1 1134 0 0 1 1135
2 0 0 0 1168 1168
3 0 0 1151 0 1151
4 1136 0 0 0 1136
5 1145 2 0 0 1147
6 0 0 1171 0 1171
7 0 0 1161 0 1161
8 1 1282 0 0 1283
9 1316 0 2 0 1318
10 1327 0 0 0 1327
11 0 0 0 1368 1368
12 1379 0 0 0 1379
13 1398 0 0 0 1398
14 0 0 0 1403 1403
15 0 0 0 1426 1426
16 0 0 1451 0 1451
17 0 0 0 1448 1448
18 1466 0 0 0 1466
19 0 1509 0 0 1509
20 0 0 0 1505 1505
21 1492 0 0 0 1492
22 0 1580 0 0 1580
23 0 1 0 1577 1578
24 0 1604 0 10 1614
25 1636 0 0 0 1636
26 0 0 0 1644 1644
27 0 0 1652 3 1655
28 0 0 1667 0 1667
29 0 10 0 1628 1638
30 1690 0 1 0 1691
31 3 0 1999 0 2002
32 1 2 0 1996 1999
33 2083 0 0 0 2083
34 2097 0 0 0 2097
35 0 2113 0 0 2113
36 2188 0 0 0 2188
37 0 0 0 2214 2214
38 0 2232 0 0 2232
39 0 2239 0 1 2240
40 2264 0 0 0 2264
41 2247 0 0 1 2248
42 0 1 0 2263 2264
43 0 0 2275 0 2275
44 0 2282 0 0 2282
45 2288 0 2 1 2291
46 1 0 2295 0 2296
47 2271 0 0 0 2271
48 0 0 0 2279 2279
49 11 2298 0 2 2311
50 0 0 2291 0 2291
51 2328 0 2 0 2330
52 2177 0 82 0 2259
53 0 0 0 2295 2295
54 0 2318 0 0 2318
55 0 0 0 2300 2300
56 0 2 2275 0 2277
57 0 2272 0 0 2272
58 2272 0 0 0 2272
59 0 2315 0 2 2317
60 0 3 0 2296 2299
61 0 0 2304 0 2304
62 0 0 2293 0 2293
63 24 0 2282 0 2306
64 2307 0 3 0 2310
65 0 0 0 2364 2364
66 2356 0 0 0 2356
67 2357 0 1 0 2358
68 1 2366 0 0 2367
69 2346 0 2 1 2349
70 0 0 0 2362 2362
71 0 2384 0 2 2386
72 9 0 2649 0 2658
73 1 4 0 2669 2674
74 3 2728 0 0 2731
75 2793 0 7 0 2800
76 2792 0 3 0 2795
77 2728 5 49 0 2782
78 1 2871 0 0 2872
79 0 2 0 2852 2854
80 0 2890 0 0 2890
81 2883 0 3 0 2886
82 9 2914 0 1 2924
83 3 2930 0 0 2933
84 2940 0 0 0 2940
85 4 2976 0 2 2982
86 2975 1 0 0 2976
87 1 0 1 2976 2978
88 6 0 2963 0 2969
89 0 0 0 2957 2957
90 0 3012 0 0 3012
91 0 0 3239 0 3239
92 0 0 1 3290 3291
93 0 3417 2 1 3420
94 3490 0 0 1 3491
95 3458 0 5 0 3463
96 3468 0 0 0 3468
97 3454 1 0 0 3455
98 0 3580 0 0 3580
99 0 4 2 3586 3592
100 2 0 3577 3 3582
101 0 3605 0 0 3605
102 0 8 0 3597 3605
103 3600 0 0 0 3600
104 0 3708 0 0 3708
105 0 1 1 3687 3689
106 1 3734 0 0 3735
107 3726 0 0 0 3726
108 3708 4 1 1 3714
109 0 0 3799 2 3801
110 0 3 3813 0 3816
111 0 0 3762 1 3763
112 0 0 3764 0 3764
113 3890 0 0 0 3890
114 0 0 3888 0 3888
115 4 0 4033 0 4037
116 0 2 0 3920 3922
117 0 4065 0 2 4067
118 4140 0 1 2 4143
119 4129 0 0 0 4129
120 0 3 0 4131 4134
121 0 0 4148 0 4148
122 0 0 6 4071 4077
123 24 0 4041 0 4065
124 4087 1 6 0 4094
125 1 4188 0 0 4189
126 2 4111 0 12 4125
127 1 0 4101 2 4104
128 3 0 4143 0 4146
129 0 1 4 3965 3970
130 2 1 4125 0 4128
131 0 24 0 4101 4125
132 4236 0 1 0 4237
133 4248 0 0 0 4248
134 0 0 0 4258 4258
135 4217 0 1 0 4218
136 0 4250 0 21 4271
137 0 4274 0 10 4284
138 4274 2 0 0 4276
139 0 4352 0 0 4352
140 0 0 2 4406 4408
141 1 0 4392 0 4393
142 4384 0 1 0 4385
143 1 4592 0 0 4593
144 4639 1 1 0 4641
145 4656 0 0 0 4656
146 0 4726 0 4 4730
147 4718 0 2 0 4720
148 4656 1 2 0 4659
149 0 4767 1 1 4769
150 4650 1 1 0 4652
151 0 4776 1 1 4778
152 2 4769 0 1 4772
153 0 4765 0 37 4802
154 4806 1 4 2 4813
155 0 4910 1 42 4953
156 3 4954 1 2 4960
157 4984 0 1 0 4985
158 4954 0 8 0 4962
159 4930 0 1 0 4931
160 9 2 0 4935 4946
161 4 5011 0 1 5016
162 0 0 0 4948 4948
163 3 5030 0 4 5037
164 5012 0 5 0 5017
165 1 23 0 4985 5009
166 0 0 0 4989 4989
167 0 2 0 5025 5027
168 0 0 0 5045 5045
169 1 1 5038 0 5040
170 4 5015 3 1 5023
171 5027 0 1 0 5028
172 5012 0 0 0 5012
173 4948 0 0 0 4948
174 0 0 1 4957 4958
175 1 4983 0 0 4984
176 0 0 0 4966 4966
177 104 4890 0 2 4996
178 5023 0 0 0 5023
179 4980 0 0 1 4981
180 4944 0 1 0 4945
181 0 0 4958 0 4958
182 1 0 4847 0 4848
183 4869 0 2 0 4871
184 4913 0 5 1 4919
185 2 4897 3 49 4951
186 4942 1 2 5 4950
187 0 0 4895 0 4895
188 4871 0 0 0 4871
189 4819 0 0 0 4819
190 4760 0 1 1 4762
191 2 4796 0 0 4798
192 5 4760 0 1 4766
193 4772 0 0 0 4772
194 0 1 4767 0 4768
195 44 0 4542 0 4586
196 0 0 4589 0 4589
197 4 0 4937 0 4941
198 3 0 4996 0 4999
199 5102 0 4 2 5108
200 5119 0 1 0 5120
201 5156 21 2 0 5179
202 0 5206 0 0 5206
203 0 1 0 5160 5161
204 5198 0 0 0 5198
205 0 2 0 5184 5186
206 0 0 5132 0 5132
207 0 5181 9 3 5193
208 5 5243 0 3 5251
209 0 5305 0 0 5305
210 5359 0 1 0 5360
211 5343 0 4 1 5348
212 5341 0 0 0 5341
213 5315 0 29 0 5344
214 0 1 1 5346 5348
215 3 0 5284 2 5289
216 0 5282 0 0 5282
217 4 5462 2 7 5475
218 2 1 0 5405 5408
219 2 5455 0 2 5459
220 5472 1 16 0 5489
221 5463 0 1 0 5464
222 0 5470 0 5 5475
223 2 0 0 5452 5454
224 2 2 5396 0 5400
225 4 5467 0 1 5472
226 5479 1 1 1 5482
227 1 5528 1 0 5530
228 5554 0 1 1 5556
229 1 0 5475 0 5476
230 5455 7 3 3 5468
231 0 6 1 5553 5560
232 0 5662 0 5 5667
233 0 2 2 5670 5674
234 63 0 5601 1 5665
235 3 0 5575 0 5578
236 5596 0 9 0 5605
237 1 20 3 5565 5589
238 4 0 5643 0 5647
239 2 1 0 5516 5519
240 5611 0 1 0 5612
241 1 0 5573 0 5574
242 0 5574 0 8 5582
243 2 5691 0 1 5694
244 0 11 1 5671 5683
245 0 2 1 5735 5738
246 9 0 5719 0 5728
247 2 1 5914 0 5917
248 2 0 5913 1 5916
249 1 5992 0 4 5997
250 6035 0 0 0 6035
251 1 0 6041 1 6043
252 5987 1 6 1 5995
253 0 6190 0 2 6192
254 1 6227 0 1 6229
255 6363 2 2 2 6369
256 6293 2 1 0 6296
257 6305 0 0 1 6306
258 6084 164 0 2 6250
259 0 0 1 6222 6223
260 0 0 6161 0 6161
261 0 6187 0 0 6187
262 6189 0 1 1 6191
263 31 6182 0 7 6220
264 6197 0 0 0 6197
265 0 0 6194 2 6196
266 3 0 6166 0 6169
267 3 0 6117 0 6120
268 6119 0 39 0 6158
269 6192 0 6 0 6198
270 6199 0 0 1 6200
271 6142 0 1 0 6143
272 1 9 0 6086 6096
273 5826 1 1 0 5828
274 0 6076 0 0 6076
275 1 6006 0 2 6009
276 1 6038 1 0 6040
277 0 1 0 5933 5934
278 5 6019 0 1 6025
279 1 13 0 5952 5966
280 0 0 5939 1 5940
281 1 5909 0 0 5910
282 5890 0 1 5 5896
283 5860 3 3 3 5869
284 1 0 5906 0 5907
285 3 0 5817 0 5820
286 0 0 5844 0 5844
287 0 0 0 5493 5493
288 0 2 0 5836 5838
289 0 2 0 5887 5889
290 2 5902 0 7 5911
291 5944 0 1 0 5945
292 5888 0 0 0 5888
293 0 0 0 5885 5885
294 5820 0 0 0 5820
295 0 5854 0 0 5854
296 0 2 0 5730 5732
297 0 5858 0 0 5858
298 0 5855 0 0 5855
299 5824 0 3 0 5827
300 0 1 0 5778 5779
301 1 0 5764 0 5765
302 5752 0 1 0 5753
303 5740 1 13 2 5756
304 48 0 5663 2 5713
305 0 0 0 5634 5634
306 36 5702 0 0 5738
307 5782 2 5 0 5789
308 76 0 5686 0 5762
309 5664 0 1 0 5665
310 0 5692 0 4 5696
311 0 5763 0 0 5763
312 0 2 0 5765 5767
313 6 0 5780 0 5786
314 3 13 0 5770 5786
315 0 1 0 5776 5777
316 5753 0 0 0 5753
317 0 5778 0 1 5779
318 5793 0 1 1 5795
319 1 1 0 5773 5775
320 1 5808 0 0 5809
321 0 9 0 5769 5778
322 2 0 5713 1 5716
323 1 0 5644 2 5647
324 5 0 5789 1 5795
325 2 3 2 5462 5469
326 1 0 5663 1 5665
327 1 6063 0 9 6073
328 0 3 0 6164 6167
329 1 3 0 6188 6192
330 1 23 0 6161 6185
331 0 6130 0 9 6139
332 1 6365 0 0 6366
333 0 12 0 6345 6357
334 6367 3 1 0 6371
335 0 0 0 6325 6325
336 6331 0 2 0 6333
337 6312 3 0 0 6315
338 0 2 0 6330 6332
339 1 3 6299 0 6303
340 0 6307 0 2 6309
341 6249 0 2 0 6251
342 0 6369 0 5 6374
343 148 1 6219 1 6369
344 6265 0 0 2 6267
345 0 6 0 6326 6332
346 6366 0 2 1 6369
347 6 0 6344 0 6350
348 6295 0 1 0 6296
349 6301 0 1 2 6304
350 2 6495 0 0 6497
351 6481 0 2 0 6483
352 6430 0 0 0 6430
353 6416 0 0 0 6416
354 6440 1 0 0 6441
355 6441 0 2 1 6444
356 0 0 0 6318 6318
357 0 0 0 6345 6345
358 6382 0 1 0 6383
359 2 0 6203 0 6205
360 6254 1 2 0 6257
361 4 6263 0 1 6268
362 6274 0 0 4 6278
363 1 2 6157 1 6161
364 0 6164 0 5 6169
365 0 2 0 6122 6124
366 6 0 6117 0 6123
367 0 6047 0 14 6061
368 2 6124 0 3 6129
369 0 4 0 6180 6184
370 6178 0 3 0 6181
371 6048 0 0 1 6049
372 0 6064 0 90 6154
373 0 6161 0 0 6161
374 1 1 0 6103 6105
375 0 3 2 6045 6050
376 5 6146 0 0 6151
377 0 2 0 6001 6003
378 1 6161 0 5 6167
379 0 6225 0 1 6226
380 0 1 6144 6 6151
381 6060 3 14 0 6077
382 0 0 6179 0 6179
383 1 0 6110 0 6111
384 6148 0 5 0 6153
385 0 0 0 6133 6133
386 6131 0 0 1 6132
387 0 6483 0 10 6493
388 4 0 6537 0 6541
389 6536 0 1 1 6538
390 6488 1 2 2 6493
391 17 6497 0 3 6517
392 6523 0 3 0 6526
393 0 2 0 6482 6484
394 28 0 6444 0 6472
395 1 2 0 6331 6334
396 6 6448 0 42 6496
397 6522 2 7 4 6535
398 3 0 6523 1 6527
399 14 0 6359 0 6373
400 0 10 0 6264 6274
401 0 0 1 6467 6468
402 6497 1 5 0 6503
403 1 0 0 6460 6461
404 1 6448 0 13 6462
405 6491 0 2 0 6493
406 6402 0 0 1 6403
407 13 6426 0 1 6440
408 0 2 0 6355 6357
409 6 6409 0 1 6416
410 6404 1 0 0 6405
411 3 6461 0 29 6493
412 6489 0 0 2 6491
413 6414 0 0 0 6414
414 3 4658 0 1819 6480
415 4 0 6465 0 6469
416 0 2 0 6379 6381
417 0 4 0 6490 6494
418 6496 0 5 0 6501
419 0 4 0 6469 6473
420 2 6499 0 3 6504
421 6524 0 2 0 6526
422 6458 0 1 0 6459
423 0 1 0 6402 6403
424 32 0 6387 0 6419
425 0 6350 0 5 6355
426 6526 0 1 0 6527
427 0 0 6492 1 6493
428 6479 0 0 0 6479
429 6444 0 3 0 6447
430 3 0 6347 87 6437
431 6389 0 1 1 6391
432 0 0 0 6335 6335
433 4 0 6280 0 6284
434 1 6243 0 2 6246
435 6194 0 4 0 6198
436 2 6273 1 1 6277
437 0 6263 0 0 6263
438 6293 0 0 0 6293
439 1 0 6258 0 6259
440 4 0 6153 0 6157
441 6174 0 0 0 6174
442 3 1 6230 1 6235
443 1 0 6128 1 6130
444 6152 0 4 0 6156
445 1 6127 0 0 6128
446 0 6104 0 3 6107
447 0 6177 0 0 6177
448 0 0 0 6144 6144
449 6105 1 1 0 6107
450 1 6249 0 14 6264
451 6306 0 15 0 6321
452 6259 0 3 0 6262
453 6270 1 3 0 6274
454 6299 0 2 0 6301
455 0 1 1 6220 6222
456 0 6 0 6229 6235
457 0 0 6213 0 6213
458 3 0 6120 2 6125
459 6151 0 0 0 6151
460 6047 0 0 1 6048
461 1 6212 0 1 6214
462 0 6200 1 0 6201
463 0 1 0 6130 6131
464 0 6186 0 2 6188
465 6233 0 1 0 6234
466 0 0 6143 0 6143
467 0 0 6055 0 6055
468 68 0 5957 0 6025
469 0 1 0 5891 5892
470 0 6038 0 0 6038
471 0 0 0 6053 6053
472 0 2 0 6086 6088
473 2 0 5985 0 5987
474 0 5875 0 8 5883
475 0 5900 0 1 5901
476 1 5913 1 4 5919
477 0 5 1 5936 5942
478 5926 0 3 0 5929
479 5879 0 1 0 5880
480 1 5937 0 7 5945
481 5905 0 0 0 5905
482 1 0 3 5778 5782
483 0 7 0 5757 5764
484 5706 0 0 0 5706
485 0 5795 0 0 5795
486 0 5781 0 3 5784
487 5795 1 0 0 5796
488 5681 0 0 1 5682
489 1 0 0 5643 5644
490 0 0 5632 0 5632
491 1 1 5618 0 5620
492 5489 0 128 0 5617
493 5656 2 6 0 5664
494 5629 0 0 1 5630
495 1 5664 0 3 5668
496 3 0 5592 0 5595
497 1 0 5514 0 5515
498 5506 0 13 0 5519
499 1 1 0 5483 5485
500 0 2 0 5462 5464
501 1 5444 0 3 5448
502 0 1 0 5389 5390
503 2 1 0 5306 5309
504 0 5297 0 72 5369
505 9 1 5125 2 5137
506 1 5162 2 11 5176
507 5261 0 3 2 5266
508 5196 0 4 0 5200
509 3 5219 0 0 5222
510 5240 0 0 0 5240
511 5211 3 0 0 5214
512 0 0 3 5126 5129
513 2 0 5125 0 5127
514 1 0 5063 0 5064
515 2 5112 0 2 5116
516 0 0 0 5009 5009
517 0 1 0 5024 5025
518 1 0 4812 0 4813
519 2 0 4809 1 4812
520 2 0 4865 0 4867
521 0 4873 0 11 4884
522 1 4887 0 0 4888
523 4 0 4868 3 4875
524 0 4 0 4702 4706
525 1 4688 0 55 4744
526 0 4895 0 5 4900
527 25 5061 1 2 5089
528 4981 0 0 0 4981
529 5123 0 2 0 5125
530 5141 0 3 0 5144
531 5182 0 0 0 5182
532 5174 0 2 0 5176
533 5145 8 1 0 5154
534 3 5085 0 4 5092
535 81 0 4921 1 5003
536 5032 0 6 0 5038
537 0 5049 0 0 5049
538 5096 0 7 0 5103
539 5165 0 2 0 5167
540 5216 0 3 0 5219
541 5182 0 7 0 5189
542 5110 21 4 0 5135
543 3 5098 21 4 5126
544 5103 0 0 0 5103
545 5083 2 0 0 5085
546 5078 0 1 0 5079
547 5039 14 7 0 5060
548 27 4902 0 0 4929
549 4915 1 0 5 4921
550 4 0 4605 0 4609
551 0 4757 0 0 4757
552 4784 0 1 0 4785
553 4830 0 0 0 4830
554 1 4689 0 3 4693
555 4748 0 0 0 4748
556 18 0 4528 0 4546
557 4601 0 0 1 4602
558 0 6 1 4460 4467
559 0 4682 0 0 4682
560 0 4799 1 0 4800
561 4762 0 0 0 4762
562 0 2 0 4725 4727
563 0 1 0 4797 4798
564 4761 0 26 0 4787
565 4787 0 0 0 4787
566 0 4737 0 1 4738
567 4728 0 3 1 4732
568 4740 0 19 0 4759
569 0 0 1 4682 4683
570 4794 0 1 0 4795
571 1 0 4425 0 4426
572 4676 0 11 1 4688
573 4780 0 0 0 4780
574 9 0 4462 0 4471
575 0 1 0 4027 4028
576 4412 1 4 0 4417
577 2 4507 0 0 4509
578 0 4700 0 1 4701
579 4735 0 1 0 4736
580 0 0 0 4651 4651
581 4678 0 0 0 4678
582 0 4614 0 5 4619
583 4738 0 2 0 4740
584 0 0 0 4581 4581
585 0 7 2 4669 4678
586 1 0 0 4730 4731
587 0 0 4611 0 4611
588 1 25 0 4441 4467
589 4638 0 3 0 4641
590 4 4581 0 1 4586
591 4671 1 22 1 4695
592 10 0 4634 0 4644
593 4685 0 0 0 4685
594 4705 0 2 0 4707
595 1 0 4639 0 4640
596 0 0 4689 0 4689
597 4719 0 2 2 4723
598 0 0 4699 0 4699
599 4735 0 0 2 4737
600 4774 1 2 0 4777
601 0 0 4653 0 4653
602 4703 0 4 0 4707
603 1 4719 1 2 4723
604 1 4817 2 0 4820
605 4880 1 2 4 4887
606 4884 0 1 0 4885
607 4875 0 3 0 4878
608 0 5 0 4769 4774
609 0 5 0 4720 4725
610 4644 0 1 1 4646
611 3 4738 0 0 4741
612 0 4773 0 6 4779
613 10 0 4840 0 4850
614 1 3 0 4529 4533
615 0 8 0 4733 4741
616 0 18 0 4958 4976
617 0 4 4981 3 4988
618 0 0 4967 1 4968
619 0 0 4970 0 4970
620 1 0 4928 0 4929
621 0 3 5061 2 5066
622 0 4 0 4916 4920
623 0 0 0 5185 5185
624 0 5239 0 13 5252
625 1 5284 0 0 5285
626 5210 0 2 1 5213
627 0 5431 0 3 5434
628 1 5 0 5336 5342
629 0 5548 0 0 5548
630 0 2 0 5632 5634
631 1 0 5548 10 5559
632 5587 0 0 0 5587
633 0 5737 0 0 5737
634 5770 0 3 0 5773
635 4857 48 912 0 5817
636 46 5819 0 2 5867
637 5549 0 263 0 5812
638 5900 0 0 0 5900
639 10 0 5826 0 5836
640 4126 0 1659 0 5785
641 118 3121 0 2678 5917
642 119 5904 0 10 6033
643 11 6101 0 3 6115
644 6159 0 3 0 6162
645 6125 0 11 0 6136
646 6129 0 0 3 6132
647 1 3 0 5991 5995
648 0 0 5992 1 5993
649 8 0 5930 0 5938
650 0 6085 0 1 6086
651 6064 0 6 0 6070
652 6077 0 0 0 6077
653 5943 0 84 0 6027
654 56 0 5842 1 5899
655 2 5966 0 0 5968
656 0 1 0 5940 5941
657 0 6010 1 0 6011
658 1 0 0 6009 6010
659 6027 1 2 0 6030
660 0 4 0 6011 6015
661 4 0 5961 0 5965
662 2 0 5874 1 5877
663 14 0 5925 0 5939
664 1 1 5927 0 5929
665 5925 1 1 0 5927
666 1 6018 0 4 6023
667 3 4 0 6010 6017
668 1 6071 0 3 6075
669 6084 1 2 0 6087
670 6099 0 1 0 6100
671 6063 1 1 0 6065
672 4 0 5927 1 5932
673 2 5897 0 0 5899
674 1 5962 0 0 5963
675 0 6010 0 1 6011
676 2 6110 0 2 6114
677 6094 0 8 6 6108
678 24 0 6057 0 6081
679 6088 0 1 0 6089
680 6098 0 3 1 6102
681 12 0 6111 0 6123
682 0 0 0 6025 6025
683 0 2 0 6094 6096
684 1 6032 0 0 6033
685 5969 2 6 0 5977
686 1 6110 0 3 6114
687 12 6105 0 3 6120
688 2 4 3 6013 6022
689 1 6130 0 0 6131
690 6121 0 1 0 6122
691 0 3 2 6113 6118
692 5 6147 0 1 6153
693 0 0 1 6151 6152
694 37 1 6061 1 6100
695 1 6074 0 2 6077
696 1 6153 1 0 6155
697 5950 4 215 0 6169
698 6144 0 1 0 6145
699 0 6165 0 17 6182
700 2 0 6117 0 6119
701 1 0 6042 0 6043
702 6063 0 1 0 6064
703 10 0 6074 0 6084
704 0 1 0 5999 6000
705 0 0 6074 0 6074
706 6036 2 4 0 6042
707 0 6086 0 13 6099
708 6 6173 0 10 6189
709 6118 1 1 17 6137
710 0 6217 0 0 6217
711 6142 0 3 0 6145
712 4 6253 0 3 6260
713 6260 2 1 0 6263
714 0 3 0 6222 6225
715 2 2 0 6207 6211
716 6205 3 0 1 6209
717 0 6283 0 15 6298
718 53 1 6217 0 6271
719 0 0 0 6045 6045
720 0 1 1 6171 6173
721 0 6 0 6252 6258
722 0 6323 0 3 6326
723 6346 2 1 1 6350
724 0 6410 0 1 6411
725 6360 0 2 0 6362
726 8 0 6368 0 6376
727 6303 0 3 0 6306
728 0 0 0 6328 6328
729 1 2 0 6358 6361
730 3 0 6308 1 6312
731 0 0 6260 0 6260
732 0 0 3 6083 6086
733 0 0 6211 0 6211
734 4 0 6151 0 6155
735 1 6249 0 0 6250
736 1 2 0 6224 6227
737 0 1 0 6280 6281
738 0 6005 0 361 6366
739 1 6373 0 6 6380
740 1 6440 0 1 6442
741 6497 1 2 2 6502
742 6489 0 3 0 6492
743 6408 0 3 1 6412
744 0 3 0 6439 6442
745 0 6490 0 0 6490
746 6529 0 1 2 6532
747 6474 1 0 0 6475
748 6384 0 0 1 6385
749 3 6495 0 3 6501
750 6504 1 0 0 6505
751 0 0 6426 0 6426
752 6373 0 3 0 6376
753 6352 7 8 1 6368
754 2 0 6346 0 6348
755 6293 0 1 0 6294
756 0 6463 0 14 6477
757 0 3 6543 0 6546
758 34 0 6459 0 6493
759 6426 0 18 0 6444
760 0 0 6496 0 6496
761 4 0 6427 0 6431
762 6408 1 29 2 6440
763 1 6526 0 4 6531
764 0 1 1 6578 6580
765 6506 0 5 0 6511
766 1 6562 0 0 6563
767 0 6589 2 0 6591
768 6556 0 8 0 6564
769 1 6679 0 0 6680
770 6689 0 0 2 6691
771 6645 1 4 1 6651
772 6579 0 1 1 6581
773 0 0 6620 0 6620
774 0 0 0 6119 6119
775 2 0 6490 0 6492
776 0 0 6620 0 6620
777 0 0 1 6349 6350
778 6613 1 3 0 6617
779 2 0 6654 0 6656
780 6601 0 0 0 6601
781 6579 0 0 1 6580
782 0 0 1 6646 6647
783 0 1 1 6648 6650
784 15 0 6570 0 6585
785 1 0 0 6489 6490
786 0 1 0 6617 6618
787 0 0 6558 0 6558
788 1 1 0 6493 6495
789 0 3 0 6565 6568
790 0 2 6534 0 6536
791 6549 1 2 0 6552
792 0 3 1 6566 6570
793 0 0 1 6595 6596
794 6554 0 1 56 6611
795 2 6572 0 1 6575
796 6574 3 0 1 6578
797 0 2 0 6556 6558
798 3 0 6508 9 6520
799 6 0 6474 1 6481
800 1 1 0 6061 6063
801 9 0 6363 0 6372
802 0 6868 0 1 6869
803 7102 0 10 0 7112
804 7212 1 3 0 7216
805 6808 1 393 2 7204
806 7218 0 0 0 7218
807 7280 0 4 0 7284
808 0 4 2 7264 7270
809 1 7340 0 0 7341
810 1 0 0 7344 7345
811 6 0 7355 0 7361
812 2 0 7369 0 7371
813 7381 0 24 1 7406
814 7505 0 3 0 7508
815 7507 6 1 0 7514
816 7554 0 0 0 7554
817 7517 12 1 1 7531
818 1 7571 0 2 7574
819 7516 0 3 1 7520
820 2 0 7513 1 7516
821 0 0 7388 0 7388
822 7415 0 5 1 7421
823 7464 0 3 1 7468
824 1 7522 0 0 7523
825 7594 1 3 2 7600
826 7515 0 1 1 7517
827 18 0 0 7499 7517
828 0 14 0 7538 7552
829 7413 0 1 21 7435
830 1 7493 0 1 7495
831 0 7511 0 1 7512
832 0 1 1 7515 7517
833 7508 1 2 0 7511
834 0 1 0 7488 7489
835 0 7485 0 2 7487
836 7555 0 0 3 7558
837 7505 0 50 0 7555
838 7529 0 0 1 7530
839 3 0 7505 0 7508
840 7421 0 1 1 7423
841 1 0 7483 0 7484
842 0 0 7446 0 7446
843 0 0 1 6546 6547
844 7334 0 14 0 7348
845 0 0 0 7492 7492
846 0 2 0 7496 7498
847 0 1 0 7511 7512
848 1 1 1 7538 7541
849 7574 0 1 0 7575
850 0 0 1 7523 7524
851 0 3 1 7480 7484
852 32 0 7415 2 7449
853 1 7287 0 3 7291
854 0 7434 0 1 7435
855 0 10 1 7410 7421
856 1 7503 0 1 7505
857 7527 0 3 0 7530
858 7516 0 3 1 7520
859 7536 0 0 0 7536
860 7506 0 6 2 7514
861 49 0 7479 1 7529
862 0 0 7491 0 7491
863 4 0 0 6567 6571
864 17 1 7353 0 7371
865 0 2 1 7216 7219
866 0 0 7423 1 7424
867 4 3 7371 0 7378
868 0 2 1 7105 7108
869 0 0 7291 0 7291
870 1 7332 0 133 7466
871 5 0 7580 0 7585
872 0 7635 0 12 7647
873 7752 0 3 1 7756
874 7717 0 3 2 7722
875 34 0 7695 0 7729
876 1 0 0 7576 7577
877 2 0 7850 0 7852
878 0 0 7875 0 7875
879 0 8092 1 9 8102
880 8196 1 10 1 8208
881 2 0 8279 0 8281
882 15 0 8156 0 8171
883 8008 1 0 0 8009
884 1 0 8325 0 8326
885 0 1 1 7858 7860
886 8324 1 0 1 8326
887 8378 0 11 0 8389
888 24 0 8463 0 8487
889 226 0 8266 0 8492
890 0 2 1 8274 8277
891 8588 0 1 0 8589
892 8682 0 0 2 8684
893 0 0 1 8776 8777
894 8807 0 1 0 8808
895 8911 2 0 0 8913
896 8972 0 1 2 8975
897 8995 0 30 0 9025
898 2 0 9040 1 9043
899 2 0 8919 0 8921
900 8957 1 3 0 8961
901 0 18 0 8948 8966
902 0 8950 0 17 8967
903 0 9302 0 3 9305
904 0 1 0 9307 9308
905 0 1 0 9374 9375
906 35 0 9251 18 9304
907 0 9160 1 5 9166
908 1 9473 0 3 9477
909 0 1 0 9476 9477
910 0 1 0 9516 9517
911 1 0 0 9595 9596
912 9629 0 16 0 9645
913 9555 0 0 2 9557
914 0 0 1 9540 9541
915 2 6 1 9564 9573
916 0 0 9569 2 9571
917 1 2 9553 0 9556
918 9365 1 11 0 9377
919 0 0 9514 1 9515
920 9471 0 2 0 9473
921 9515 0 6 3 9524
922 2 1 9456 1 9460
923 0 9483 0 3 9486
924 9588 1 0 0 9589
925 1 0 9580 0 9581
926 9539 0 0 1 9540
927 1 1 0 9532 9534
928 1 0 0 9601 9602
929 1 0 9556 1 9558
930 0 9449 0 10 9459
931 3 9534 0 2 9539
932 2 3 0 9478 9483
933 1 9513 1 1 9516
934 0 9593 1 3 9597
935 9613 1 0 0 9614
936 0 1 0 9672 9673
937 6 0 9731 2 9739
938 9705 0 4 0 9709
939 9700 2 55 0 9757
940 9770 0 1 0 9771
941 9749 0 4 1 9754
942 9747 0 14 0 9761
943 0 4 0 9685 9689
944 9607 0 4 1 9612
945 3 9689 1 29 9722
946 2 1 9671 4 9678
947 5 1 9616 0 9622
948 1 11 0 9233 9245
949 1 0 9541 0 9542
950 0 0 9582 0 9582
951 9483 2 19 1 9505
952 0 2 0 9696 9698
953 1 0 0 9813 9814
954 9766 1 4 1 9772
955 9893 1 0 0 9894
956 9985 0 0 0 9985
957 2 11265 0 2 11269
958 11501 1 1 0 11503
959 11446 0 1 0 11447
960 11570 1 0 0 11571
961 11659 1 14 1 11675
962 19 0 11750 2 11771
963 5 11744 0 6 11755
964 12045 0 2 0 12047
965 12020 5 4 0 12029
966 25 0 11898 0 11923
967 2 11808 6 2 11818
968 0 12015 0 6 12021
969 1 63 1 12029 12094
970 1 3 1 12185 12190
971 12089 1 2 1 12093
972 6 12085 0 20 12111
973 0 0 0 12045 12045
974 11989 0 3 0 11992
975 2 11816 2 242 12062
976 12002 0 2 2 12006
977 2 12076 0 11 12089
978 12012 18 9 3 12042
979 7 0 12168 1 12176
980 1 0 12092 0 12093
981 26 0 12660 0 12686
982 3 0 12759 1 12763
983 12827 0 5 0 12832
984 12934 0 6 1 12941
985 2 12940 0 4 12946
986 13042 1 4 1 13048
987 0 11 0 12989 13000
988 8 0 12972 0 12980
989 1 12971 0 5 12977
990 13059 0 6 3 13068
991 13037 0 0 0 13037
992 13045 0 1 0 13046
993 20 0 12954 0 12974
994 3 0 12962 0 12965
995 0 12883 0 4 12887
996 0 12981 0 7 12988
997 13077 1 4 2 13084
998 1 3 1 13135 13140
999 13249 6 9 1 13265
1000 0 0 13371 1 13372
1001 1 0 13337 1 13339
1002 13319 0 2 0 13321
1003 13522 0 6 0 13528
1004 13491 1 1 0 13493
1005 0 7 0 13428 13435
1006 1 3 0 13441 13445
1007 3 1 13289 0 13293
1008 1 13076 1 15 13093
1009 1 13130 0 2 13133
1010 3 13366 2 2 13373
1011 13519 1 2 0 13522
1012 13548 0 4 0 13552
1013 0 22 0 13402 13424
1014 13554 0 3 1 13558
1015 2 2 0 13380 13384
1016 3 0 13329 0 13332
1017 2 1 13292 4 13299
1018 1 2 13460 1 13464
1019 0 4 0 12656 12660
1020 126 0 13150 0 13276
1021 13560 3 3 0 13566
1022 13608 0 2 1 13611
1023 13588 1 0 0 13589
1024 13317 0 4 1 13322
1025 2 13481 1 2 13486
1026 12990 0 3 2 12995
1027 43 13465 0 75 13583
1028 1 13528 0 2 13531
1029 6 13615 0 4 13625
1030 7 176 0 13429 13612
1031 0 3 0 13628 13631
1032 24 0 13485 0 13509
1033 13468 1 0 0 13469
1034 13555 12 25 8 13600
1035 1 0 13443 6 13450
1036 3 13453 1 4 13461
1037 1 11 0 13531 13543
1038 18 0 13626 3 13647
1039 10 0 13529 1 13540
1040 0 13460 0 10 13470
1041 2 13504 0 8 13514
1042 13663 4 2 0 13669
1043 13740 0 8 3 13751
1044 0 0 0 13923 13923
1045 1 0 13885 2 13888
1046 2 0 13851 0 13853
1047 13579 1 1 4 13585
1048 13842 1 1 0 13844
1049 5 13887 0 1 13893
1050 3 14351 3 0 14357
1051 14503 1 5 0 14509
1052 14432 0 33 0 14465
1053 14570 0 0 0 14570
1054 0 1 0 14560 14561
1055 14630 0 1 0 14631
1056 0 1 0 14620 14621
1057 14681 0 1 0 14682
1058 21 1 14419 2 14443
1059 14049 0 35 0 14084
1060 0 14497 0 1 14498
1061 3 14553 0 1 14557
1062 0 4 0 14283 14287
1063 2 14529 0 4 14535
1064 1 14719 0 3 14723
1065 3 282 2 14340 14627
1066 12 0 14589 0 14601
1067 0 14661 0 2 14663
1068 14785 2 8 1 14796
1069 14819 0 1 0 14820
1070 14783 1 1 0 14785
1071 14740 1 6 1 14748
1072 8 15029 0 0 15037
1073 0 7 0 14931 14938
1074 15008 1 4 2 15015
1075 0 9 1 14903 14913
1076 0 6 0 15072 15078
1077 15125 0 7 2 15134
1078 15099 2 3 3 15107
1079 15095 0 8 9 15112
1080 60 0 15092 0 15152
1081 3 0 15095 0 15098
1082 14879 2 6 2 14889
1083 15030 0 1 0 15031
1084 15047 23 5 7 15082
1085 8 6 15270 0 15284
1086 48 1 15076 1 15126
1087 1 0 15165 3 15169
1088 3 2 15680 1 15686
1089 0 5 1 14914 14920
1090 0 112 0 15287 15399
1091 0 2 0 15916 15918
1092 1 15974 0 6 15981
1093 0 5 0 16021 16026
1094 0 1 0 16152 16153
1095 1 16240 0 7 16248
1096 3 2 16231 1 16237
1097 5 4 16103 0 16112
1098 15770 0 2 0 15772
1099 2 0 16094 3 16099
1100 2 16110 6 0 16118
1101 1 3 0 16349 16353
1102 16309 0 5 0 16314
1103 0 1 0 16369 16370
1104 0 4 0 16447 16451
1105 2 0 16241 0 16243
1106 0 16474 0 2 16476
1107 1 2 2 16709 16714
1108 0 0 16725 1 16726
1109 2 0 16847 6 16855
1110 0 57 1 16124 16182
1111 1 2 2 16690 16695
1112 0 2 0 16878 16880
1113 1 16869 0 6 16876
1114 0 61 0 16930 16991
1115 0 2 0 17063 17065
1116 16677 2 97 0 16776
1117 1 0 16845 2 16848
1118 16326 0 6 1 16333
1119 77 0 16712 2 16791
1120 1 0 16743 1 16745
1121 3 2 16721 1 16727
1122 16371 0 28 0 16399
1123 1 1 16812 0 16814
1124 2 1 16724 1 16728
1125 16317 1 0 2 16320
1126 0 1 0 16538 16539
1127 6 0 16670 4 16680
1128 3 0 16608 5 16616
1129 11 0 16583 3 16597
1130 16250 0 4 0 16254
1131 16388 0 0 0 16388
1132 1 0 16437 2 16440
1133 3 0 16398 0 16401
1134 16172 0 1 4 16177
1135 16146 159 0 1 16306
1136 1 9 0 16389 16399
1137 20 0 16300 0 16320
1138 16246 0 15 2 16263
1139 0 1 2 16156 16159
1140 1 8 0 16182 16191
1141 9 3 16117 1 16130
1142 1 16154 0 1 16156
1143 16082 1 14 2 16099
1144 4 1 16170 1 16176
1145 4 1 16071 1 16077
1146 0 5 14 15674 15693
1147 2 3 0 16061 16066
1148 1 0 16071 0 16072
1149 2 0 15838 0 15840
1150 0 16277 2 20 16299
1151 16290 0 5 7 16302
1152 21 16534 4 6 16565
1153 6 1 16514 0 16521
1154 3 1 16411 0 16415
1155 16225 0 7 42 16274
1156 1 4 1 16423 16429
1157 16365 0 2 3 16370
1158 3 16316 0 62 16381
1159 16336 1 5 2 16344
1160 6 16369 2 5 16382
1161 16369 0 4 1 16374
1162 0 6 1 16032 16039
1163 4 16130 1 8 16143
1164 3 16038 0 2 16043
1165 3 16146 0 3 16152
1166 16081 1 1 1 16084
1167 0 4 1 16075 16080
1168 3 3 16044 0 16050
1169 3 1 15780 3 15787
1170 11 1 15685 0 15697
1171 9 0 15669 0 15678
1172 5 15843 2 9 15859
1173 15781 0 5 1 15787
1174 4 15830 2 5 15841
1175 15869 0 8 2 15879
1176 1 5 0 15836 15842
1177 2 0 15874 0 15876
1178 3 0 15729 0 15732
1179 15425 1 3 0 15429
1180 9 0 15638 0 15647
1181 0 2 0 15197 15199
1182 15426 1 3 1 15431
1183 5 0 15400 0 15405
1184 0 15255 0 8 15263
1185 166 0 15069 5 15240
1186 100 0 14836 0 14936
1187 0 13 1 13012 13026
1188 5 0 13622 6 13633
1189 7 0 14266 0 14273
1190 1 13574 0 2 13577
1191 13962 0 8 3 13973
1192 2 1 14138 0 14141
1193 1 14075 0 3 14079
1194 0 7 2 13993 14002
1195 5 0 14111 2 14118
1196 13622 0 2 1 13625
1197 1 13740 0 24 13765
1198 51 14430 0 1 14482
1199 2 2 2 14336 14342
1200 0 29 0 14668 14697
1201 14516 0 1 2 14519
1202 14694 0 14 2 14710
1203 29 0 14030 0 14059
1204 14080 1 3 0 14084
1205 8 0 13872 0 13880
1206 6 13693 0 7 13706
1207 13167 1 4 0 13172
1208 4 13827 1 1 13833
1209 0 4 1 13459 13464
1210 2 13632 0 5 13639
1211 13622 0 0 4 13626
1212 13767 0 7 1 13775
1213 4 0 13568 0 13572
1214 13122 1 2 1 13126
1215 0 0 13088 0 13088
1216 13 0 12839 0 12852
1217 5 12556 0 4 12565
1218 125 12900 4 1 13030
1219 12855 0 88 3 12946
1220 3 2 1 12809 12815
1221 12914 0 0 0 12914
1222 12913 0 1 0 12914
1223 12763 0 77 0 12840
1224 11 12640 2 9 12662
1225 12610 0 2 0 12612
1226 12726 1 0 1 12728
1227 1 0 12538 4 12543
1228 12188 0 43 0 12231
1229 2 2 2 12191 12197
1230 12359 0 4 0 12363
1231 12364 0 0 0 12364
1232 2 12266 0 1 12269
1233 12377 1 3 0 12381
1234 12530 7 12 0 12549
1235 12520 0 1 1 12522
1236 12499 0 2 0 12501
1237 12466 1 1 1 12469
1238 12350 2 1 2 12355
1239 0 3 2 11747 11752
1240 2 11892 0 0 11894
1241 0 1 1 11570 11572
1242 3 11855 0 3 11861
1243 11907 0 1 2 11910
1244 11645 0 5 0 11650
1245 0 11633 0 7 11640
1246 1 2 0 11145 11148
1247 0 11620 0 0 11620
1248 0 5 2 11334 11341
1249 0 2 1 11400 11403
1250 0 0 0 11613 11613
1251 72 0 11138 0 11210
1252 11222 0 2 0 11224
1253 11 0 11248 0 11259
1254 0 1 1 10804 10806
1255 5 0 11004 0 11009
1256 10908 0 5 1 10914
1257 9 0 10939 0 10948
1258 2 10849 0 6 10857
1259 0 0 1 10773 10774
1260 16 0 10827 1 10844
1261 0 0 10877 1 10878
1262 10572 0 1 2 10575
1263 10780 0 1 0 10781
1264 7 0 10758 0 10765
1265 0 0 1 10034 10035
1266 10598 0 11 9 10618
1267 10791 0 1 0 10792
1268 10872 0 2 1 10875
1269 4 0 10335 1 10340
1270 10326 0 0 0 10326
1271 10256 0 6 0 10262
1272 1 1 0 9929 9931
1273 3 9927 0 3 9933
1274 0 0 0 9899 9899
1275 1 4 0 9879 9884
1276 2 9828 0 1 9831
1277 9895 0 5 0 9900
1278 9776 1 0 1 9778
1279 9685 0 4 1 9690
1280 2 1 9289 0 9292
1281 9346 0 29 1 9376
1282 0 9355 2 1 9358
1283 0 1 0 9328 9329
1284 9451 1 0 2 9454
1285 9394 4 2 1 9401
1286 1 0 8838 0 8839
1287 3 8949 0 8 8960
1288 2 0 8896 2 8900
1289 25 0 8863 0 8888
1290 34 4 0 8373 8411
1291 1 0 8495 0 8496
1292 1 8535 0 4 8540
1293 1 8853 1 0 8855
1294 8863 0 10 0 8873
1295 0 0 0 8808 8808
1296 32 0 8780 3 8815
1297 4 0 8818 0 8822
1298 8760 0 1 1 8762
1299 0 3 0 8747 8750
1300 3 0 8701 1 8705
1301 8745 0 4 0 8749
1302 8772 0 2 0 8774
1303 0 8713 0 0 8713
1304 1 0 0 8613 8614
1305 0 8577 0 65 8642
1306 0 8742 0 1 8743
1307 8712 0 2 1 8715
1308 34 8727 0 12 8773
1309 8828 0 2 0 8830
1310 8848 0 0 0 8848
1311 3 8559 1 231 8794
1312 3 0 8728 0 8731
1313 8796 0 0 1 8797
1314 8939 0 3 0 8942
1315 8911 1 0 0 8912
1316 0 3 0 8764 8767
1317 8742 1 3 1 8747
1318 31 8746 0 1 8778
1319 0 1 0 8776 8777
1320 8846 0 9 0 8855
1321 0 1 8543 0 8544
1322 8692 0 1 0 8693
1323 8704 0 0 0 8704
1324 225 8458 0 1 8684
1325 0 0 1 8648 8649
1326 8819 0 4 1 8824
1327 3 0 8558 1 8562
1328 8722 0 0 1 8723
1329 1 0 0 8610 8611
1330 5 0 8644 1 8650
1331 8474 0 6 0 8480
1332 3 0 8558 0 8561
1333 8499 1 0 0 8500
1334 8617 1 0 0 8618
1335 8548 1 47 0 8596
1336 3 0 8490 0 8493
1337 0 5 0 7768 7773
1338 15 0 8338 2 8355
1339 3 0 8493 0 8496
1340 8445 0 13 0 8458
1341 0 0 0 8427 8427
1342 1 1 8438 2 8442
1343 8442 1 0 0 8443
1344 0 1 0 8455 8456
1345 0 8544 0 0 8544
1346 0 1 0 8517 8518
1347 0 8496 0 9 8505
1348 8533 0 0 0 8533
1349 1 0 8454 1 8456
1350 8364 0 1 1 8366
1351 22 0 8335 0 8357
1352 1 8371 0 0 8372
1353 0 3 0 8444 8447
1354 2 0 8441 2 8445
1355 8438 0 0 0 8438
1356 0 5 0 8309 8314
1357 8367 0 0 0 8367
1358 1 8449 0 0 8450
1359 8478 13 0 3 8494
1360 8524 0 1 0 8525
1361 2 1 0 8448 8451
1362 8517 0 0 1 8518
1363 8489 0 0 0 8489
1364 0 1 8226 1 8228
1365 0 8259 0 13 8272
1366 0 0 0 8108 8108
1367 0 8265 0 2 8267
1368 8252 0 3 0 8255
1369 8 8266 0 0 8274
1370 8360 0 3 1 8364
1371 8387 0 1 0 8388
1372 8371 0 3 2 8376
1373 0 2 0 8231 8233
1374 8362 0 0 2 8364
1375 2 0 8144 0 8146
1376 8251 0 3 0 8254
1377 8086 0 0 1 8087
1378 8 8083 0 0 8091
1379 0 4 1 7799 7804
1380 1 7208 0 869 8078
1381 5 0 8033 0 8038
1382 2 8001 0 5 8008
1383 7875 0 50 0 7925
1384 2 1 7927 0 7930
1385 0 0 0 7681 7681
1386 14 7721 0 1 7736
1387 0 7945 0 1 7946
1388 1 7 3 7975 7986
1389 95 1 7816 1 7913
1390 0 7840 4 1 7845
1391 1 6 0 7876 7883
1392 4 1 0 7873 7878
1393 0 2 1 7830 7833
1394 1 7775 0 15 7791
1395 0 7843 1 5 7849
1396 7784 0 1 1 7786
1397 7739 1 0 0 7740
1398 3 1 0 7768 7772
1399 0 1 7719 2 7722
1400 7616 0 0 2 7618
1401 7611 0 13 0 7624
1402 0 0 7591 1 7592
1403 1 0 7540 1 7542
1404 7550 1 0 0 7551
1405 7605 0 6 1 7612
1406 1 2 0 7573 7576
1407 7623 0 0 0 7623
1408 7588 0 1 1 7590
1409 0 0 0 7539 7539
1410 7560 0 2 0 7562
1411 7514 0 0 0 7514
1412 7408 0 0 0 7408
1413 4 7426 0 4 7434
1414 7226 0 0 0 7226
1415 3 0 7164 0 7167
1416 2 2 94 6816 6914
1417 0 0 7033 0 7033
1418 7042 0 2 1 7045
1419 7076 0 3 1 7080
1420 25 0 6911 1 6937
1421 6836 0 5 0 6841
1422 0 639 0 6166 6805
1423 11 0 6749 2 6762
1424 6704 0 1 1 6706
1425 5963 0 660 0 6623
1426 4 6687 0 0 6691
1427 6559 0 1 0 6560
1428 1 20 0 6414 6435
1429 2 6463 0 0 6465
1430 0 1 0 6348 6349
1431 22 6328 65 1 6416
1432 0 9 1 6358 6368
1433 0 24 0 6426 6450
1434 25 0 6334 2 6361
1435 0 0 6238 3 6241
1436 2 6208 0 0 6210
1437 104 0 6088 0 6192
1438 1 6199 0 6 6206
1439 1 0 1 6256 6258
1440 0 2 1 6285 6288
1441 1 0 6239 0 6240
1442 6191 0 0 0 6191
1443 6109 0 0 0 6109
1444 8 6160 1 1 6170
1445 29 0 6076 0 6105
1446 6063 0 1 0 6064
1447 6070 0 2 0 6072
1448 6079 0 0 0 6079
1449 9 0 5939 0 5948
1450 0 5803 1 7 5811
1451 0 1 0 5867 5868
1452 10 0 5814 0 5824
1453 5792 0 0 0 5792
1454 5861 0 0 0 5861
1455 2 0 5744 0 5746
1456 5755 0 0 0 5755
1457 5740 0 1 0 5741
1458 5739 0 1 0 5740
1459 5703 0 0 0 5703
1460 2 0 1 5596 5599
1461 2 0 5340 1 5343
1462 2 5375 0 3 5380
1463 0 2 1 5403 5406
1464 4 0 5333 1 5338
1465 3 1 5294 1 5299
1466 0 0 5271 0 5271
1467 4 5248 0 4 5256
1468 2 5233 0 1 5236
1469 1 5249 0 0 5250
1470 0 5398 0 0 5398
1471 0 2 0 5389 5391
1472 0 5442 0 0 5442
1473 0 2 0 5482 5484
1474 0 0 5455 0 5455
1475 1 5464 0 2 5467
1476 0 2 2 5539 5543
1477 2 1 5530 0 5533
1478 0 1 0 5449 5450
1479 5452 0 4 0 5456
1480 0 0 5506 2 5508
1481 5384 0 3 1 5388
1482 7 0 5487 0 5494
1483 5353 0 4 0 5357
1484 1 2 0 5511 5514
1485 5478 0 0 0 5478
1486 1 0 5504 1 5506
1487 1 1 5483 0 5485
1488 0 1 5453 1 5455
1489 5485 0 1 1 5487
1490 5495 0 3 0 5498
1491 0 0 0 5548 5548
1492 0 0 5521 0 5521
1493 1 0 5490 0 5491
1494 5491 2 3 0 5496
1495 0 1 0 5527 5528
1496 1 0 5469 0 5470
1497 2 5470 0 5 5477
1498 0 0 0 5577 5577
1499 0 2 0 5596 5598
1500 0 10 0 5600 5610
1501 0 0 5554 0 5554
1502 5575 0 0 0 5575
1503 5509 0 3 0 5512
1504 5407 0 7 0 5414
1505 0 5554 0 6 5560
1506 0 5548 0 0 5548
1507 5559 1 2 0 5562
1508 5559 0 0 0 5559
1509 5488 0 6 0 5494
1510 0 5560 0 1 5561
1511 5475 0 3 4 5482
1512 0 5566 2 1 5569
1513 5536 0 1 2 5539
1514 5503 0 3 0 5506
1515 4 0 5458 0 5462
1516 2 1 0 5301 5304
1517 1 0 5389 0 5390
1518 1 5388 0 0 5389
1519 5442 0 1 0 5443
1520 5339 0 0 0 5339
1521 0 5387 0 10 5397
1522 0 5357 0 1 5358
1523 5351 0 0 0 5351
1524 4 0 5303 0 5307
1525 5201 0 0 0 5201
1526 3 5273 0 2 5278
1527 0 5246 0 0 5246
1528 0 0 0 5252 5252
1529 0 0 5261 0 5261
1530 1 130 0 5052 5183
1531 2 5168 0 7 5177
1532 0 3 0 5216 5219
1533 5167 8 0 0 5175
1534 2 0 5163 1 5166
1535 5054 0 2 0 5056
1536 2 5103 0 42 5147
1537 5142 0 0 1 5143
1538 24 0 5129 0 5153
1539 5069 0 1 0 5070
1540 5086 0 0 0 5086
1541 2 0 0 5088 5090
1542 5057 0 0 1 5058
1543 0 0 4972 0 4972
1544 2 4931 0 0 4933
1545 3 3 0 4970 4976
1546 1 0 4868 2 4871
1547 8 4860 0 1 4869
1548 1 1 0 4893 4895
1549 1 0 4859 0 4860
1550 3 0 4837 0 4840
1551 0 15 0 4645 4660
1552 4638 1 3 0 4642
1553 0 4818 0 0 4818
1554 0 5127 0 1 5128
1555 0 1 0 5088 5089
1556 1 1 0 5081 5083
1557 1 3 1 5095 5100
1558 31 1 5023 1 5056
1559 5013 0 1 0 5014
1560 1 0 0 5021 5022
1561 0 11 4919 0 4930
1562 2 4932 0 2 4936
1563 4985 0 2 0 4987
1564 1 0 5008 0 5009
1565 7 0 4913 0 4920
1566 4942 1 4 0 4947
1567 0 0 4974 0 4974
1568 4976 0 1 0 4977
1569 4927 0 2 30 4959
1570 0 1 1 4985 4987
1571 0 2 0 4987 4989
1572 0 12 0 4942 4954
1573 1 1 0 4909 4911
1574 4 4831 0 41 4876
1575 0 0 0 4691 4691
1576 0 4601 0 1 4602
1577 0 0 1 4586 4587
1578 0 4543 0 0 4543
1579 2 4554 0 1 4557
1580 1 4548 1 3 4553
1581 1 4535 0 2 4538
1582 4389 1 4 1 4395
1583 0 4568 0 3 4571
1584 1 4656 0 12 4669
1585 0 1 0 4666 4667
1586 0 1 0 4697 4698
1587 0 0 0 4758 4758
1588 9 0 4700 0 4709
1589 4660 0 0 0 4660
1590 0 30 0 4654 4684
1591 2 2 0 4661 4665
1592 1 4623 0 1 4625
1593 4620 1 1 0 4622
1594 0 4691 1 0 4692
1595 4 0 0 4661 4665
1596 2 0 4611 1 4614
1597 4569 0 0 0 4569
1598 4587 0 1 0 4588
1599 0 0 0 4678 4678
1600 4607 0 16 0 4623
1601 0 0 0 4627 4627
1602 0 3 0 4629 4632
1603 4516 0 0 12 4528
1604 2 4623 0 12 4637
1605 0 1 0 4560 4561
1606 0 2 4495 1 4498
1607 0 4518 0 2 4520
1608 0 1 0 4519 4520
1609 3 0 4511 2 4516
1610 0 4518 0 1 4519
1611 4530 0 0 0 4530
1612 1 8 0 4658 4667
1613 2 4647 0 0 4649
1614 0 1 1 4640 4642
1615 0 1 0 4649 4650
1616 2 2 0 4699 4703
1617 4676 1 1 0 4678
1618 4654 0 2 0 4656
1619 4618 0 0 0 4618
1620 0 0 1 4676 4677
1621 10 0 4569 0 4579
1622 4498 0 51 0 4549
1623 17 4584 0 4 4605
1624 89 5 4532 1 4627
1625 4542 0 35 0 4577
1626 7 0 0 4610 4617
1627 0 0 4595 0 4595
1628 3 0 4575 0 4578
1629 4473 0 69 4 4546
1630 0 1 0 4606 4607
1631 3 2 0 4698 4703
1632 2 0 4642 0 4644
1633 1 0 4643 1 4645
1634 4646 0 1 0 4647
1635 0 1 1 4722 4724
1636 4631 0 7 0 4638
1637 4612 0 1 0 4613
1638 0 2 1 4616 4619
1639 10 4642 0 2 4654
1640 4641 0 0 0 4641
1641 0 0 0 4611 4611
1642 4536 0 1 0 4537
1643 0 4625 0 0 4625
1644 0 0 0 4641 4641
1645 4613 0 2 0 4615
1646 0 0 0 4601 4601
1647 4537 0 0 0 4537
1648 16 4623 0 0 4639
1649 0 2 0 4637 4639
1650 2 0 4584 1 4587
1651 0 4671 0 1 4672
1652 1 4 0 4705 4710
1653 1 1 0 4727 4729
1654 0 1 0 4739 4740
1655 4676 0 1 0 4677
1656 2 4657 0 59 4718
1657 1 1 0 4721 4723
1658 4619 0 0 2 4621
1659 1 4726 0 1 4728
1660 9 1 0 4675 4685
1661 2 4709 0 0 4711
1662 4702 1 1 0 4704
1663 4612 1 1 0 4614
1664 0 4746 0 1 4747
1665 0 6 0 4708 4714
1666 2 0 4682 1 4685
1667 1 4695 0 2 4698
1668 0 0 0 4708 4708
1669 1 0 4658 0 4659
1670 1 4626 0 1 4628
1671 3 4646 0 0 4649
1672 0 0 0 4633 4633
1673 2 4636 0 0 4638
1674 0 4617 1 69 4687
1675 4693 0 2 0 4695
1676 0 0 4684 1 4685
1677 0 15 0 4620 4635
1678 0 0 0 4662 4662
1679 0 1 0 4698 4699
1680 0 0 4651 1 4652
1681 4 0 4596 0 4600
1682 1 4650 0 0 4651
1683 0 1 0 4620 4621
1684 1 0 4613 0 4614
1685 0 0 0 4581 4581
1686 4589 0 1 0 4590
1687 4542 0 1 0 4543
1688 0 4552 1 0 4553
1689 4445 0 5 0 4450
1690 2 4549 2 0 4553
1691 0 2 0 4560 4562
1692 23 0 4480 0 4503
1693 4456 0 1 0 4457
1694 0 1 0 4496 4497
1695 3 0 4437 0 4440
1696 4423 0 0 0 4423
1697 1 2 0 4450 4453
1698 4411 0 2 0 4413
1699 0 0 4389 1 4390
1700 0 4363 0 1 4364
1701 0 0 0 4425 4425
1702 4386 0 0 1 4387
1703 0 0 0 4388 4388
1704 16 4341 0 3 4360
1705 0 2 0 4385 4387
1706 0 0 0 4416 4416
1707 0 0 0 4394 4394
1708 2 0 4321 52 4375
1709 0 8 0 4298 4306
1710 0 1 0 4356 4357
1711 1 0 4303 1 4305
1712 0 0 0 4254 4254
1713 0 6 0 4259 4265
1714 0 1 0 4285 4286
1715 4240 0 0 0 4240
1716 3 2 1 4176 4182
1717 4155 0 0 0 4155
1718 0 0 0 4140 4140
1719 0 0 4077 4 4081
1720 23 1 4004 0 4028
1721 0 0 0 4045 4045
1722 0 3998 0 0 3998
1723 1 0 2 4021 4024
1724 0 3999 0 1 4000
1725 0 4022 0 0 4022
1726 3974 0 1 1 3976
1727 1 0 3970 1 3972
1728 3868 0 0 0 3868
1729 0 0 3865 0 3865
1730 3840 0 0 1 3841
1731 0 3782 0 0 3782
1732 3808 0 2 0 3810
1733 3773 0 0 0 3773
1734 0 16 0 3772 3788
1735 5 0 3730 0 3735
1736 0 1 0 3690 3691
1737 0 0 1 3721 3722
1738 0 1 0 3692 3693
1739 0 3643 0 1 3644
1740 1 0 0 3437 3438
1741 0 2 0 3435 3437
1742 0 0 3344 0 3344
1743 1 3275 0 1 3277
1744 0 1 0 3308 3309
1745 0 3259 0 0 3259
1746 0 3295 0 0 3295
1747 3280 0 0 1 3281
1748 0 0 0 3317 3317
1749 1 2 0 3280 3283
1750 1 2 0 3320 3323
1751 0 0 3290 0 3290
1752 0 0 0 3254 3254
1753 1 3254 0 0 3255
1754 0 0 0 3267 3267
1755 3224 0 0 0 3224
1756 0 0 0 3230 3230
1757 3208 0 0 0 3208
1758 3175 0 0 0 3175
1759 0 0 6 0 6
1760 0 0 1 0 1
