1 1054 1 0 0 1055
2 0 0 0 1093 1093
3 0 2 1093 0 1095
4 1089 0 0 0 1089
5 1095 0 1 0 1096
6 0 11 1168 1 1180
7 0 0 1167 0 1167
8 0 1259 0 0 1259
9 1283 0 1 4 1288
10 1283 0 3 2 1288
11 0 4 0 1319 1323
12 1350 0 0 0 1350
13 1367 0 0 0 1367
14 0 0 0 1395 1395
15 0 0 0 1405 1405
16 0 0 1442 0 1442
17 0 0 0 1432 1432
18 1441 0 1 0 1442
19 0 1478 0 0 1478
20 0 0 0 1493 1493
21 1478 0 0 0 1478
22 0 1591 0 0 1591
23 0 0 0 1582 1582
24 0 1601 0 1 1602
25 1598 0 0 0 1598
26 0 0 0 1604 1604
27 0 0 1643 0 1643
28 0 0 1642 0 1642
29 0 0 0 1625 1625
30 1680 0 0 5 1685
31 1 0 1994 0 1995
32 0 13 0 2018 2031
33 2036 55 0 0 2091
34 2108 0 0 0 2108
35 0 2113 0 0 2113
36 2171 0 1 0 2172
37 1 0 0 2184 2185
38 0 2201 0 0 2201
39 1 2206 0 0 2207
40 2219 0 0 0 2219
41 2202 1 4 0 2207
42 0 0 0 2280 2280
43 0 0 2264 0 2264
44 0 2298 0 0 2298
45 2301 0 1 0 2302
46 1 0 2302 0 2303
47 2294 0 0 0 2294
48 0 1 0 2315 2316
49 25 2300 0 0 2325
50 1 0 2321 0 2322
51 2342 0 0 0 2342
52 2253 0 65 0 2318
53 0 0 0 2335 2335
54 0 2338 0 1 2339
55 0 1 0 2335 2336
56 0 0 2328 0 2328
57 1 2310 0 0 2311
58 2315 0 0 0 2315
59 2 2369 1 15 2387
60 9 0 0 2356 2365
61 0 0 2384 0 2384
62 0 0 2370 0 2370
63 0 0 2397 0 2397
64 2409 0 6 0 2415
65 0 0 0 2449 2449
66 2464 0 2 0 2466
67 2499 0 9 0 2508
68 0 2544 0 0 2544
69 2541 3 7 3 2554
70 0 0 0 2555 2555
71 0 2553 0 0 2553
72 2 0 2737 0 2739
73 0 0 4 2743 2747
74 0 2801 0 2 2803
75 2856 2 4 0 2862
76 2851 5 1 0 2857
77 2856 0 13 0 2869
78 2 2949 0 0 2951
79 0 0 0 2905 2905
80 0 2956 0 0 2956
81 2923 4 4 0 2931
82 7 2995 0 0 3002
83 0 2985 0 3 2988
84 2986 0 1 0 2987
85 5 3022 2 0 3029
86 3028 0 0 0 3028
87 1 0 0 3043 3044
88 3 0 3036 0 3039
89 0 0 0 3031 3031
90 2 3091 0 2 3095
91 2 0 3291 0 3293
92 0 1 1 3334 3336
93 0 3433 1 4 3438
94 3535 0 0 0 3535
95 3506 0 0 0 3506
96 3516 1 2 0 3519
97 3507 0 1 0 3508
98 0 3644 0 0 3644
99 0 4 0 3664 3668
100 0 0 3659 0 3659
101 0 3652 0 2 3654
102 0 7 0 3673 3680
103 3670 0 2 0 3672
104 0 3823 0 1 3824
105 1 0 0 3785 3786
106 1 3825 0 0 3826
107 3829 0 1 0 3830
108 3818 0 1 0 3819
109 0 3 3895 2 3900
110 0 0 3943 4 3947
111 2 0 3920 0 3922
112 1 0 3872 3 3876
113 4015 0 5 1 4021
114 0 0 4021 8 4029
115 0 0 4121 0 4121
116 0 0 0 4030 4030
117 0 4176 0 1 4177
118 4213 0 0 4 4217
119 4231 0 0 0 4231
120 0 0 0 4248 4248
121 0 0 4220 0 4220
122 0 8 0 4146 4154
123 46 0 4092 0 4138
124 4173 1 6 3 4183
125 1 4294 1 1 4297
126 1 4260 0 21 4282
127 29 0 4251 0 4280
128 0 0 4309 0 4309
129 0 0 26 4048 4074
130 0 0 4273 0 4273
131 0 21 0 4219 4240
132 4329 0 6 3 4338
133 4364 0 1 0 4365
134 0 0 0 4395 4395
135 4352 0 1 1 4354
136 1 4372 0 11 4384
137 11 4372 0 1 4384
138 4364 0 11 0 4375
139 1 4472 3 0 4476
140 0 3 0 4487 4490
141 2 0 4500 0 4502
142 4496 0 0 4 4500
143 10 4647 0 1 4658
144 4659 0 0 0 4659
145 4702 0 3 0 4705
146 2 4721 0 25 4748
147 4747 0 3 0 4750
148 4685 0 0 0 4685
149 2 4756 0 1 4759
150 4670 0 9 0 4679
151 0 4756 0 0 4756
152 0 4747 0 0 4747
153 0 4716 0 11 4727
154 4660 0 4 0 4664
155 1 4817 0 3 4821
156 3 4830 0 3 4836
157 4840 0 8 0 4848
158 4740 0 65 0 4805
159 4791 6 0 0 4797
160 0 2 0 4814 4816
161 0 4858 0 1 4859
162 1 0 0 4807 4808
163 4 4877 0 2 4883
164 4855 0 0 0 4855
165 0 1 0 4847 4848
166 0 0 0 4852 4852
167 1 1 0 4899 4901
168 0 0 0 4954 4954
169 14 0 4925 0 4939
170 0 4957 1 3 4961
171 4950 0 5 0 4955
172 4938 0 0 0 4938
173 4902 0 1 1 4904
174 0 0 0 4900 4900
175 0 4904 0 0 4904
176 1 0 0 4877 4878
177 4 4889 0 28 4921
178 4930 0 2 0 4932
179 4882 0 1 0 4883
180 4868 0 0 1 4869
181 1 0 4842 0 4843
182 0 0 4757 0 4757
183 4761 0 0 0 4761
184 4819 0 22 0 4841
185 1 4845 0 2 4848
186 4817 0 1 1 4819
187 0 0 4781 0 4781
188 4743 0 6 0 4749
189 4728 0 0 0 4728
190 4705 0 0 0 4705
191 0 4740 0 0 4740
192 1 4699 0 2 4702
193 4713 0 2 0 4715
194 8 1 4676 0 4685
195 9 3 4590 1 4603
196 0 0 4604 3 4607
197 0 0 4768 2 4770
198 5 2 4805 0 4812
199 4846 1 0 6 4853
200 4863 0 1 0 4864
201 4881 3 0 0 4884
202 0 4909 0 0 4909
203 0 0 0 4875 4875
204 4863 0 1 0 4864
205 1 1 0 4872 4874
206 0 0 4845 0 4845
207 0 4856 2 5 4863
208 1 4899 0 1 4901
209 2 4957 0 1 4960
210 4985 0 4 0 4989
211 4960 0 2 0 4962
212 4971 3 0 0 4974
213 4953 0 0 0 4953
214 4 1 1 4959 4965
215 4 0 4878 0 4882
216 0 4891 0 3 4894
217 4 4977 0 40 5021
218 1 0 0 4930 4931
219 14 4973 3 2 4992
220 4980 10 8 0 4998
221 4975 0 4 0 4979
222 0 5008 0 8 5016
223 0 1 0 4990 4991
224 4 0 4959 0 4963
225 2 5022 0 0 5024
226 5023 2 4 1 5030
227 0 5088 0 6 5094
228 5080 0 2 4 5086
229 0 0 5082 0 5082
230 5053 0 3 6 5062
231 0 1 7 5131 5139
232 0 5237 0 0 5237
233 0 3 0 5268 5271
234 4 0 5238 0 5242
235 0 0 5183 0 5183
236 5181 0 3 3 5187
237 1 0 0 5169 5170
238 0 0 5215 0 5215
239 1 2 1 5090 5094
240 5190 0 0 0 5190
241 0 0 5177 0 5177
242 0 5158 0 3 5161
243 0 5251 0 0 5251
244 0 14 2 5259 5275
245 0 0 0 5349 5349
246 3 0 5319 3 5325
247 4 0 5466 0 5470
248 0 0 5519 0 5519
249 1 5611 3 0 5615
250 5624 0 0 0 5624
251 0 1 5647 0 5648
252 5602 0 1 2 5605
253 1 5733 0 0 5734
254 0 5741 0 0 5741
255 5882 0 0 0 5882
256 5776 0 1 0 5777
257 5783 0 0 0 5783
258 5708 0 1 1 5710
259 0 1 0 5668 5669
260 1 0 5628 1 5630
261 0 5633 0 3 5636
262 5598 0 14 0 5612
263 1 5655 0 1 5657
264 5622 0 1 1 5624
265 0 0 5604 0 5604
266 38 0 5558 1 5597
267 6 0 5574 0 5580
268 5610 0 4 0 5614
269 5620 0 0 0 5620
270 5631 0 4 0 5635
271 5564 0 0 0 5564
272 0 15 0 5543 5558
273 5290 0 0 1 5291
274 1 5477 0 1 5479
275 1 5495 0 0 5496
276 0 5510 0 1 5511
277 0 7 0 5392 5399
278 24 5419 0 0 5443
279 13 2 0 5401 5416
280 3 0 5409 0 5412
281 3 5350 0 0 5353
282 5391 7 2 0 5400
283 5356 5 3 8 5372
284 5 0 5382 0 5387
285 0 0 5315 8 5323
286 0 0 5360 0 5360
287 1 14 0 4990 5005
288 1 0 1 5336 5338
289 0 3 1 5396 5400
290 0 5416 0 0 5416
291 5468 0 2 0 5470
292 5419 0 0 2 5421
293 0 0 0 5393 5393
294 5317 0 6 0 5323
295 4 5334 1 0 5339
296 0 5 0 5217 5222
297 0 5312 0 0 5312
298 1 5344 0 1 5346
299 5295 0 5 0 5300
300 1 0 0 5279 5280
301 2 0 5261 0 5263
302 5252 0 0 1 5253
303 5265 0 0 8 5273
304 0 0 5270 0 5270
305 0 0 0 5203 5203
306 7 5267 0 3 5277
307 5323 2 0 1 5326
308 238 1 5022 0 5261
309 5173 0 25 1 5199
310 3 5191 0 2 5196
311 0 5234 0 0 5234
312 1 0 0 5238 5239
313 27 0 5198 0 5225
314 0 15 0 5208 5223
315 0 70 0 5181 5251
316 5209 0 0 0 5209
317 0 5262 0 0 5262
318 5233 3 12 0 5248
319 0 4 1 5230 5235
320 1 5242 0 1 5244
321 1 21 0 5236 5258
322 0 1 5151 3 5155
323 2 2 5103 0 5107
324 8 0 5198 0 5206
325 1 2 2 4922 4927
326 1 0 5117 6 5124
327 0 5357 3 8 5368
328 0 0 0 5392 5392
329 6 0 0 5399 5405
330 1 2 0 5407 5410
331 0 5416 0 3 5419
332 0 5464 0 0 5464
333 0 15 0 5487 5502
334 5477 0 1 0 5478
335 0 1 0 5479 5480
336 5514 0 5 0 5519
337 5443 12 1 1 5457
338 0 3 5 5488 5496
339 8 0 5458 0 5466
340 10 5455 0 2 5467
341 5443 0 3 0 5446
342 0 5534 0 6 5540
343 139 0 5452 0 5591
344 5395 0 44 4 5443
345 0 14 0 5494 5508
346 5527 0 0 0 5527
347 16 0 5506 0 5522
348 5524 0 4 0 5528
349 5525 0 6 2 5533
350 10 5616 0 0 5626
351 5676 0 1 1 5678
352 5642 0 1 0 5643
353 5615 0 0 0 5615
354 5656 0 1 0 5657
355 5643 0 7 0 5650
356 0 0 0 5517 5517
357 0 0 0 5565 5565
358 5584 0 0 0 5584
359 1 0 5463 0 5464
360 5491 0 2 0 5493
361 4 5566 0 1 5571
362 5577 2 0 0 5579
363 3 0 5481 1 5485
364 0 5510 0 0 5510
365 0 0 1 5514 5515
366 61 0 5424 0 5485
367 0 5404 0 12 5416
368 0 5499 0 0 5499
369 5 3 0 5492 5500
370 5463 0 1 0 5464
371 5344 0 1 0 5345
372 2 5430 0 11 5443
373 0 5409 4 18 5431
374 0 0 2 5356 5358
375 0 0 0 5341 5341
376 1 5404 0 0 5405
377 3 1 6 5279 5289
378 3 5422 0 2 5427
379 1 5469 0 2 5472
380 5 13 5492 4 5514
381 5361 0 39 0 5400
382 0 0 5479 0 5479
383 1 0 5441 0 5442
384 5441 0 10 0 5451
385 0 0 0 5487 5487
386 5422 0 2 0 5424
387 0 5687 0 2 5689
388 6 0 5712 0 5718
389 5731 0 0 1 5732
390 5679 0 4 0 5683
391 3 5700 0 0 5703
392 5687 0 0 1 5688
393 0 3 0 5710 5713
394 5 0 5704 0 5709
395 3 1 1 5608 5613
396 1 5754 0 0 5755
397 5763 0 1 6 5770
398 0 0 5800 0 5800
399 0 0 5640 0 5640
400 0 1 0 5568 5569
401 8 5 0 5708 5721
402 5748 0 4 0 5752
403 1 1 0 5727 5729
404 2 5742 0 1 5745
405 5749 0 1 1 5751
406 5703 0 3 0 5706
407 13 5724 0 0 5737
408 12 2 2 5633 5649
409 28 5691 0 0 5719
410 5673 0 1 0 5674
411 6 5720 0 0 5726
412 5727 1 1 0 5729
413 5635 0 0 0 5635
414 0 5494 0 229 5723
415 1 0 5697 0 5698
416 1 0 1 5652 5654
417 0 1 1 5735 5737
418 5754 0 5 0 5759
419 5 0 0 5677 5682
420 0 5711 0 3 5714
421 5731 1 2 0 5734
422 5693 1 2 0 5696
423 0 0 0 5714 5714
424 96 0 5611 1 5708
425 0 5685 0 5 5690
426 5805 1 0 0 5806
427 0 0 5802 0 5802
428 5762 1 1 0 5764
429 5724 0 0 2 5726
430 10 0 5677 52 5739
431 5724 0 6 0 5730
432 0 2 0 5658 5660
433 4 0 5648 0 5652
434 0 5619 0 3 5622
435 5570 1 0 0 5571
436 0 5585 0 6 5591
437 1 5570 0 2 5573
438 5568 0 1 4 5573
439 0 0 5539 0 5539
440 0 0 5446 0 5446
441 5433 0 1 0 5434
442 1 0 5426 0 5427
443 2 0 5366 1 5369
444 5338 0 2 2 5342
445 2 5322 0 1 5325
446 0 5317 0 0 5317
447 1 5361 0 8 5370
448 0 5 0 5318 5323
449 5272 0 4 0 5276
450 0 5406 0 0 5406
451 5440 1 3 1 5445
452 5361 0 0 0 5361
453 5380 0 15 0 5395
454 5324 0 12 0 5336
455 0 0 0 5286 5286
456 1 0 0 5302 5303
457 0 0 5297 0 5297
458 2 0 5232 0 5234
459 5229 0 0 0 5229
460 5182 1 0 0 5183
461 3 5252 0 0 5255
462 7 5248 0 0 5255
463 0 0 0 5210 5210
464 0 5252 0 0 5252
465 5293 1 1 0 5295
466 9 0 5233 1 5243
467 0 0 5127 0 5127
468 200 0 4906 1 5107
469 0 1 0 4967 4968
470 0 5131 0 0 5131
471 0 2 0 5133 5135
472 0 1 0 5161 5162
473 2 0 5071 0 5073
474 0 4952 0 18 4970
475 0 4968 0 1 4969
476 0 4983 0 7 4990
477 0 15 0 4989 5004
478 4992 0 1 0 4993
479 4962 0 0 0 4962
480 0 4977 0 20 4997
481 4940 0 1 0 4941
482 1 0 0 4873 4874
483 2 1 0 4808 4811
484 4770 0 4 0 4774
485 0 4838 0 1 4839
486 0 4801 0 4 4805
487 4843 0 0 1 4844
488 4784 0 0 0 4784
489 2 0 0 4717 4719
490 0 0 4735 0 4735
491 0 0 4706 0 4706
492 4588 0 103 0 4691
493 4730 0 6 2 4738
494 4696 3 1 1 4701
495 0 4761 0 0 4761
496 1 0 4667 1 4669
497 0 1 4621 0 4622
498 4556 0 67 1 4624
499 0 1 0 4584 4585
500 1 1 0 4586 4588
501 0 4591 0 1 4592
502 0 5 0 4533 4538
503 0 0 0 4516 4516
504 0 4575 0 7 4582
505 49 0 4409 0 4458
506 1 4460 0 2 4463
507 4495 0 0 0 4495
508 4416 0 1 0 4417
509 0 4434 0 0 4434
510 4433 4 0 0 4437
511 4429 0 0 0 4429
512 0 0 0 4357 4357
513 0 0 4373 0 4373
514 1 0 4291 0 4292
515 0 4328 0 0 4328
516 0 9 0 4277 4286
517 0 0 0 4306 4306
518 1 0 4140 2 4143
519 0 0 4177 3 4180
520 2 0 4260 0 4262
521 0 4256 1 19 4276
522 1 4264 0 1 4266
523 11 0 4197 10 4218
524 1 22 1 4028 4052
525 1 4087 0 5 4093
526 2 4132 0 8 4142
527 17 4214 2 0 4233
528 4154 0 4 0 4158
529 4171 0 1 7 4179
530 4210 0 4 0 4214
531 4212 1 7 0 4220
532 4228 0 1 0 4229
533 4204 3 0 0 4207
534 4 4169 0 0 4173
535 69 0 4048 1 4118
536 4112 0 7 0 4119
537 0 4145 0 1 4146
538 4144 0 0 0 4144
539 4170 0 0 0 4170
540 4189 0 19 0 4208
541 4104 0 80 0 4184
542 4104 0 8 0 4112
543 0 4124 0 5 4129
544 4120 0 0 0 4120
545 4168 0 4 0 4172
546 4152 0 0 0 4152
547 4084 15 45 0 4144
548 76 3931 0 66 4073
549 4031 0 1 0 4032
550 8 0 3896 0 3904
551 4 3931 9 0 3944
552 4001 0 1 0 4002
553 4004 0 0 0 4004
554 0 3933 0 2 3935
555 3933 0 0 0 3933
556 3 0 3843 0 3846
557 3838 1 1 2 3842
558 0 0 0 3701 3701
559 0 3862 0 1 3863
560 5 3924 1 5 3935
561 3916 0 0 0 3916
562 0 0 3 3876 3879
563 0 0 0 3915 3915
564 3929 0 0 0 3929
565 3889 0 0 0 3889
566 1 3875 0 0 3876
567 3891 0 0 0 3891
568 3886 5 1 1 3893
569 0 0 0 3855 3855
570 3913 4 7 0 3924
571 2 0 3739 0 3741
572 3746 0 87 0 3833
573 3892 0 0 1 3893
574 18 0 3763 0 3781
575 0 6 1 3512 3519
576 3689 2 3 3 3697
577 5 3745 0 1 3751
578 0 3801 0 3 3804
579 3853 0 1 1 3855
580 0 0 0 3814 3814
581 3772 0 0 0 3772
582 0 3813 1 0 3814
583 3840 0 0 0 3840
584 2 1 0 3749 3752
585 2 1 0 3784 3787
586 0 1 0 3840 3841
587 1 0 3791 0 3792
588 1 2 0 3679 3682
589 3758 0 0 0 3758
590 0 3759 0 2 3761
591 3778 0 33 0 3811
592 15 0 3808 0 3823
593 3799 0 1 0 3800
594 3822 0 0 0 3822
595 8 0 3769 0 3777
596 0 0 3737 0 3737
597 3744 0 3 0 3747
598 0 0 3762 0 3762
599 3812 0 0 1 3813
600 3844 0 1 4 3849
601 0 6 3731 1 3738
602 3790 0 1 0 3791
603 1 3778 0 0 3779
604 3 3842 0 0 3845
605 3910 0 1 0 3911
606 3930 0 0 0 3930
607 3897 0 52 1 3950
608 2 1 1 3873 3877
609 1 0 3 3873 3877
610 3798 0 5 6 3809
611 0 3906 0 0 3906
612 0 3928 0 5 3933
613 5 0 3971 0 3976
614 0 0 2 3840 3842
615 0 1 0 3936 3937
616 1 12 5 4119 4137
617 1 0 4179 0 4180
618 0 0 4190 0 4190
619 0 0 4200 0 4200
620 1 2 4147 0 4150
621 3 0 4293 0 4296
622 0 2 5 4100 4107
623 0 6 0 4356 4362
624 0 4361 0 5 4366
625 1 4402 0 2 4405
626 4364 0 1 0 4365
627 1 4500 0 1 4502
628 0 0 0 4414 4414
629 1 4560 0 0 4561
630 0 0 0 4710 4710
631 1 0 4673 0 4674
632 4644 2 8 0 4654
633 0 4753 0 0 4753
634 4767 0 1 0 4768
635 4606 2 196 42 4846
636 0 4906 0 0 4906
637 4278 0 530 0 4808
638 4850 0 0 0 4850
639 0 0 4805 0 4805
640 4526 0 232 0 4758
641 391 1161 0 3219 4771
642 336 4527 0 0 4863
643 1 4917 0 3 4921
644 4969 0 3 0 4972
645 4947 0 0 0 4947
646 4958 0 0 0 4958
647 0 0 0 4853 4853
648 5 0 4840 0 4845
649 6 0 4781 0 4787
650 3 4888 0 10 4901
651 4877 0 4 0 4881
652 4918 0 0 0 4918
653 4791 0 111 2 4904
654 30 0 4781 0 4811
655 0 4820 0 1 4821
656 0 0 0 4793 4793
657 0 4862 0 1 4863
658 0 0 0 4862 4862
659 4856 2 0 0 4858
660 0 4 1 4832 4837
661 0 0 4821 0 4821
662 0 0 4822 0 4822
663 7 0 4838 1 4846
664 4 0 4837 0 4841
665 4832 1 0 1 4834
666 0 4932 0 0 4932
667 1 1 0 4848 4850
668 0 4896 0 1 4897
669 4914 0 0 0 4914
670 4896 0 0 0 4896
671 4887 1 0 0 4888
672 2 0 4798 0 4800
673 2 4792 0 0 4794
674 0 4848 0 0 4848
675 1 4878 0 15 4894
676 1 4972 0 0 4973
677 4962 0 14 1 4977
678 0 0 4964 0 4964
679 5009 0 0 1 5010
680 5002 0 0 0 5002
681 84 4 4929 0 5017
682 0 0 0 4933 4933
683 1 0 0 4975 4976
684 0 4961 0 9 4970
685 4917 1 7 0 4925
686 0 5018 0 0 5018
687 13 5008 0 11 5032
688 0 1 0 4979 4980
689 0 5033 0 0 5033
690 5039 0 11 0 5050
691 0 0 0 5027 5027
692 0 5065 0 4 5069
693 0 0 0 5087 5087
694 69 0 4966 0 5035
695 5 5040 0 0 5045
696 0 5081 0 2 5083
697 5097 6 16 0 5119
698 5085 0 6 0 5091
699 0 5108 0 8 5116
700 3 0 5083 0 5086
701 1 0 5023 1 5025
702 5047 0 1 0 5048
703 0 0 5057 0 5057
704 1 0 0 5045 5046
705 2 0 5109 0 5111
706 5069 0 16 1 5086
707 0 5114 0 7 5121
708 0 5185 0 0 5185
709 5171 1 1 1 5174
710 0 5200 0 1 5201
711 5136 1 1 2 5140
712 1 5231 0 0 5232
713 5229 0 0 0 5229
714 0 1 0 5185 5186
715 0 6 0 5199 5205
716 5216 0 0 0 5216
717 0 5273 0 7 5280
718 93 0 5174 0 5267
719 0 0 0 5093 5093
720 0 0 1 5183 5184
721 1 0 0 5253 5254
722 0 5265 0 5 5270
723 5264 1 0 0 5265
724 0 5299 0 0 5299
725 5262 2 8 0 5272
726 83 0 5216 1 5300
727 5255 0 2 0 5257
728 0 1 0 5251 5252
729 0 0 0 5319 5319
730 0 1 5263 0 5264
731 1 0 5245 0 5246
732 0 1 0 5101 5102
733 1 0 5216 0 5217
734 8 0 5134 0 5142
735 0 5168 0 0 5168
736 2 0 0 5162 5164
737 0 1 1 5190 5192
738 10 4739 0 515 5264
739 0 5272 4 2 5278
740 1 5365 0 1 5367
741 5395 1 1 1 5398
742 5406 0 3 0 5409
743 5316 0 1 0 5317
744 0 0 0 5334 5334
745 1 5410 0 0 5411
746 5415 1 3 0 5419
747 5411 0 2 4 5417
748 5311 0 0 0 5311
749 25 5379 0 0 5404
750 5456 0 1 0 5457
751 0 0 5384 0 5384
752 5369 1 4 0 5374
753 5413 9 14 1 5437
754 0 0 5401 0 5401
755 5340 0 4 0 5344
756 0 5525 0 0 5525
757 0 0 5563 0 5563
758 2 0 5522 1 5525
759 5510 0 4 3 5517
760 0 0 5544 0 5544
761 1 0 5470 0 5471
762 5400 0 104 0 5504
763 0 5570 1 0 5571
764 0 0 0 5609 5609
765 5569 0 0 0 5569
766 14 5627 0 1 5642
767 0 5573 0 2 5575
768 5544 0 1 1 5546
769 1 5647 0 0 5648
770 5643 0 0 0 5643
771 5601 0 6 0 5607
772 5560 0 0 0 5560
773 1 0 5574 0 5575
774 0 0 0 5159 5159
775 0 0 5479 0 5479
776 0 0 5575 0 5575
777 0 1 0 5447 5448
778 5665 0 5 0 5670
779 0 0 5672 2 5674
780 5610 0 0 1 5611
781 5646 0 0 1 5647
782 0 1 2 5697 5700
783 0 5 0 5757 5762
784 0 0 5729 5 5734
785 4 0 0 5636 5640
786 12 9 0 5753 5774
787 0 0 5770 0 5770
788 0 1 0 5755 5756
789 0 0 0 5788 5788
790 0 0 5740 1 5741
791 5741 0 0 0 5741
792 0 14 0 5736 5750
793 0 0 0 5782 5782
794 5792 0 2 0 5794
795 0 5759 0 0 5759
796 5792 1 1 0 5794
797 0 15 1 5737 5753
798 55 1 5681 1 5738
799 0 0 5728 0 5728
800 0 2 4 5401 5407
801 3 0 5632 0 5635
802 1 6005 0 0 6006
803 6155 0 5 0 6160
804 6196 0 0 4 6200
805 6225 0 0 0 6225
806 6230 2 2 0 6234
807 6294 0 14 3 6311
808 1 0 0 6354 6355
809 1 6373 1 1 6376
810 0 0 0 6396 6396
811 12 0 6401 0 6413
812 4 0 6420 0 6424
813 6388 0 22 0 6410
814 6464 0 3 0 6467
815 6525 0 1 1 6527
816 6506 0 1 0 6507
817 6501 0 1 0 6502
818 4 6557 0 0 6561
819 6434 0 42 0 6476
820 0 0 6471 1 6472
821 0 0 6428 0 6428
822 6385 0 2 0 6387
823 6478 0 1 1 6480
824 4 6498 0 1 6503
825 6580 0 0 0 6580
826 6502 0 1 0 6503
827 13 1 0 6496 6510
828 0 5 0 6524 6529
829 6401 0 4 5 6410
830 3 6467 0 0 6470
831 1 6499 0 4 6504
832 0 1 0 6461 6462
833 6428 1 1 1 6431
834 0 1 0 6427 6428
835 2 6471 0 0 6473
836 6519 0 1 0 6520
837 6516 0 13 0 6529
838 6495 2 1 0 6498
839 6 0 6507 0 6513
840 6425 0 12 0 6437
841 0 0 6514 3 6517
842 0 0 6485 1 6486
843 0 1 0 5736 5737
844 6337 1 16 0 6354
845 5 1 0 6442 6448
846 0 8 0 6467 6475
847 0 1 0 6493 6494
848 0 2 0 6522 6524
849 6521 0 13 0 6534
850 1 5 1 6519 6526
851 1 2 1 6508 6512
852 17 0 6496 0 6513
853 0 6376 0 6 6382
854 2 6416 0 0 6418
855 1 4 0 6446 6451
856 1 6513 0 1 6515
857 6518 0 0 0 6518
858 6515 0 0 0 6515
859 6506 0 4 0 6510
860 6462 1 3 4 6470
861 0 0 6504 4 6508
862 2 0 6499 0 6501
863 1 0 2 5803 5806
864 20 0 6421 0 6441
865 0 1 0 6318 6319
866 4 0 6514 1 6519
867 4 2 6543 0 6549
868 0 1 0 6312 6313
869 4 0 6477 0 6481
870 2 6571 0 18 6591
871 2 1 6707 1 6711
872 0 6702 3 6 6711
873 6799 0 2 0 6801
874 6744 0 3 0 6747
875 12 0 6749 0 6761
876 2 0 1 6662 6665
877 2 2 6860 0 6864
878 3 0 6942 0 6945
879 1 7059 0 8 7068
880 7143 0 1 0 7144
881 1 0 7175 0 7176
882 23 2 7144 0 7169
883 7046 0 1 0 7047
884 0 0 7249 0 7249
885 0 3 0 6898 6901
886 7208 0 0 0 7208
887 7194 0 21 1 7216
888 57 0 7214 0 7271
889 485 0 6773 0 7258
890 1 6 0 7078 7085
891 7310 0 0 0 7310
892 7369 0 0 1 7370
893 1 1 0 7394 7396
894 7456 0 0 0 7456
895 7556 0 0 1 7557
896 7598 0 0 0 7598
897 7610 4 0 0 7614
898 1 0 7598 0 7599
899 3 0 7499 0 7502
900 7537 0 8 1 7546
901 0 1 0 7513 7514
902 1 7510 0 8 7519
903 0 7730 0 26 7756
904 0 0 0 7779 7779
905 2 0 0 7790 7792
906 121 0 7657 6 7784
907 3 7645 7 1 7656
908 1 7863 0 0 7864
909 1 9 0 7847 7857
910 1 0 1 7904 7906
911 1 0 0 7935 7936
912 7942 0 31 5 7978
913 7925 6 0 0 7931
914 0 11 1 7903 7915
915 0 3 3 7970 7976
916 0 0 7980 1 7981
917 1 0 7910 0 7911
918 7748 1 6 0 7755
919 0 0 7886 0 7886
920 7846 0 1 1 7848
921 7877 0 6 0 7883
922 2 0 7922 0 7924
923 1 7930 0 0 7931
924 7999 0 0 1 8000
925 0 1 8016 1 8018
926 7969 0 1 0 7970
927 0 0 2 7980 7982
928 1 0 0 8016 8017
929 0 0 7954 0 7954
930 0 7881 0 16 7897
931 0 7911 0 0 7911
932 2 1 0 7863 7866
933 0 7887 2 20 7909
934 0 7977 0 2 7979
935 7925 3 1 0 7929
936 0 0 0 8025 8025
937 0 0 8031 0 8031
938 7972 0 0 0 7972
939 7952 0 9 0 7961
940 7995 0 1 0 7996
941 7952 1 13 0 7966
942 7976 0 0 0 7976
943 0 2 0 7933 7935
944 7870 0 7 0 7877
945 12 7943 1 20 7976
946 1 6 8118 2 8127
947 6 0 8019 8 8033
948 2 1 0 7641 7644
949 0 0 7956 0 7956
950 0 0 8024 0 8024
951 7928 0 14 0 7942
952 0 1 0 8074 8075
953 0 5 0 8182 8187
954 8119 0 0 0 8119
955 8193 0 0 5 8198
956 8210 1 2 0 8213
957 0 8743 0 3 8746
958 8894 0 0 0 8894
959 8931 0 21 1 8953
960 9040 0 0 7 9047
961 9062 0 18 0 9080
962 3 0 9216 0 9219
963 0 9222 1 1 9224
964 9435 7 0 3 9445
965 9468 8 1 6 9483
966 5 0 9398 1 9404
967 3 9371 0 5 9379
968 5 9460 0 1 9466
969 1 4 1 9523 9529
970 0 0 1 9583 9584
971 9516 0 2 0 9518
972 1 9620 0 0 9621
973 0 7 0 9528 9535
974 9561 0 1 0 9562
975 2 9560 0 4 9566
976 9553 1 2 0 9556
977 9 9610 1 0 9620
978 9583 1 3 7 9594
979 5 0 9706 12 9723
980 1 0 9648 0 9649
981 88 0 10061 2 10151
982 2 1 10148 0 10151
983 10201 1 3 0 10205
984 10298 1 5 0 10304
985 3 10310 0 1 10314
986 10346 0 3 0 10349
987 0 0 1 10352 10353
988 5 0 10329 0 10334
989 1 10374 0 0 10375
990 10432 0 13 0 10445
991 10456 0 0 0 10456
992 10356 0 0 7 10363
993 17 0 10373 0 10390
994 5 1 10282 0 10288
995 0 10246 0 6 10252
996 28 10329 1 5 10363
997 10399 1 0 0 10400
998 0 3 0 10544 10547
999 10580 1 5 1 10587
1000 0 0 10667 2 10669
1001 1 0 10653 0 10654
1002 10680 0 1 0 10681
1003 10817 2 1 0 10820
1004 10787 1 0 0 10788
1005 0 0 1 10750 10751
1006 0 0 0 10771 10771
1007 1 0 10670 1 10672
1008 0 10564 2 15 10581
1009 0 10500 0 6 10506
1010 0 10639 0 0 10639
1011 10759 1 10 0 10770
1012 10804 2 0 2 10808
1013 0 35 0 10656 10691
1014 10798 1 4 0 10803
1015 3 1 0 10620 10624
1016 0 0 10641 0 10641
1017 1 0 10633 4 10638
1018 0 0 10704 1 10705
1019 0 0 0 10109 10109
1020 0 0 10643 1 10644
1021 10840 0 12 3 10855
1022 10950 0 4 2 10956
1023 10915 1 0 2 10918
1024 10713 1 20 3 10737
1025 1 10839 0 8 10848
1026 10457 1 0 0 10458
1027 152 10768 0 3 10923
1028 2 10901 0 1 10904
1029 0 10986 0 6 10992
1030 6 104 0 10870 10980
1031 0 1 0 10984 10985
1032 3 0 10894 0 10897
1033 10860 1 1 1 10863
1034 10939 24 30 3 10996
1035 0 0 10915 4 10919
1036 37 10960 0 3 11000
1037 1 11 1 11132 11145
1038 180 0 11034 2 11216
1039 9 0 11095 1 11105
1040 0 11000 0 14 11014
1041 5 11017 0 2 11024
1042 11108 8 9 4 11129
1043 11231 0 0 2 11233
1044 0 0 0 11340 11340
1045 2 0 11331 1 11334
1046 2 1 11259 2 11264
1047 11074 1 0 2 11077
1048 11244 1 14 0 11259
1049 0 11291 0 2 11293
1050 4 11698 0 1 11703
1051 11795 0 9 3 11807
1052 11809 0 1 0 11810
1053 11823 0 0 1 11824
1054 0 1 0 11815 11816
1055 11842 0 0 1 11843
1056 1 1 0 11853 11855
1057 11887 0 0 1 11888
1058 35 0 11637 1 11673
1059 11297 0 26 1 11324
1060 0 11685 0 8 11693
1061 2 11805 0 1 11808
1062 0 17 3 11583 11603
1063 2 11769 5 2 11778
1064 0 11983 0 4 11987
1065 0 295 0 11607 11902
1066 5 0 11861 1 11867
1067 7 11828 0 7 11842
1068 11860 2 8 13 11883
1069 11810 0 1 0 11811
1070 11760 1 4 0 11765
1071 11757 0 5 1 11763
1072 7 12013 0 0 12020
1073 0 1 1 11964 11966
1074 11964 1 1 1 11967
1075 1 0 2 11936 11939
1076 2 2 0 12122 12126
1077 12205 1 15 3 12224
1078 12214 17 0 0 12231
1079 12174 0 3 0 12177
1080 2 0 12298 0 12300
1081 1 0 12323 0 12324
1082 12076 0 2 5 12083
1083 12285 1 8 1 12295
1084 12278 30 28 19 12355
1085 1 7 12678 7 12693
1086 5 0 12598 0 12603
1087 0 0 12644 0 12644
1088 0 1 13013 0 13014
1089 1 1 1 12405 12408
1090 0 3 0 12873 12876
1091 2 0 0 13256 13258
1092 9 13189 0 1 13199
1093 3 4 0 13259 13266
1094 1 2 0 13362 13365
1095 7 13430 2 26 13465
1096 9 0 13422 1 13432
1097 0 0 13376 0 13376
1098 13111 0 3 8 13122
1099 1 0 13400 2 13403
1100 1 13420 0 1 13422
1101 0 2 3 13550 13555
1102 13454 0 3 0 13457
1103 0 1 2 13579 13582
1104 15 7 1 13734 13757
1105 4 0 13612 1 13617
1106 3 13743 0 13 13759
1107 1 7 2 13958 13968
1108 26 0 13955 0 13981
1109 0 0 14093 0 14093
1110 0 1 2 13598 13601
1111 0 2 2 13983 13987
1112 0 4 1 14116 14121
1113 5 14086 1 1 14093
1114 2 114 1 14137 14254
1115 0 0 2 14303 14305
1116 14042 5 17 8 14072
1117 3 0 14185 0 14188
1118 13779 1 8 1 13789
1119 7 0 14192 0 14199
1120 0 4 14180 2 14186
1121 3 0 14219 3 14225
1122 13877 6 65 11 13959
1123 2 0 14308 0 14310
1124 0 1 14287 0 14288
1125 13865 0 11 2 13878
1126 0 1 0 14156 14157
1127 0 5 14309 0 14314
1128 0 0 14242 5 14247
1129 11 0 14263 0 14274
1130 13993 1 10 7 14011
1131 14155 0 7 0 14162
1132 2 0 14150 0 14152
1133 1 0 14198 1 14200
1134 14007 0 6 0 14013
1135 14111 11 2 0 14124
1136 0 2 0 14167 14169
1137 2 0 14071 0 14073
1138 14067 0 28 0 14095
1139 0 3 1 14005 14009
1140 0 3 4 14093 14100
1141 16 0 14122 1 14139
1142 1 14070 3 3 14077
1143 14042 1 5 2 14050
1144 2 0 14109 0 14111
1145 2 0 14050 0 14052
1146 0 7 10 13772 13789
1147 0 0 2 14120 14122
1148 1 0 14102 0 14103
1149 23 2 13819 0 13844
1150 8 14162 1 11 14182
1151 14139 0 2 4 14145
1152 1 14355 0 14 14370
1153 7 0 14312 0 14319
1154 3 0 14224 0 14227
1155 14039 0 3 2 14044
1156 1 0 1 14167 14169
1157 14171 0 6 2 14179
1158 0 13897 0 322 14219
1159 14150 1 3 2 14156
1160 4 14189 1 4 14198
1161 14106 0 5 4 14115
1162 1 1 1 13859 13862
1163 0 13932 0 0 13932
1164 5 13876 0 1 13882
1165 2 13925 0 3 13930
1166 13813 1 1 1 13816
1167 3 0 1 13809 13813
1168 0 0 13695 1 13696
1169 1 0 13510 1 13512
1170 2 0 13500 0 13502
1171 2 0 13447 0 13449
1172 3 13576 13 3 13595
1173 13392 7 4 1 13404
1174 6 13411 0 5 13422
1175 13402 0 1 1 13404
1176 0 6 7 13400 13413
1177 3 0 13394 1 13398
1178 1 0 13295 0 13296
1179 12979 2 11 0 12992
1180 45 0 13150 0 13195
1181 0 1 1 12878 12880
1182 13053 1 0 0 13054
1183 0 0 13056 0 13056
1184 4 12934 0 3 12941
1185 24 0 12851 6 12881
1186 501 0 12215 0 12716
1187 3 4 15 11440 11462
1188 22 0 11870 12 11904
1189 1 0 12328 0 12329
1190 0 11986 0 10 11996
1191 12196 1 14 3 12214
1192 4 0 12227 0 12231
1193 0 12107 0 6 12113
1194 0 6 0 12062 12068
1195 0 0 12039 1 12040
1196 11725 0 1 0 11726
1197 0 11848 1 2 11851
1198 2 12142 0 0 12144
1199 0 2 0 12105 12107
1200 0 1 0 12268 12269
1201 12183 0 1 0 12184
1202 12277 0 0 1 12278
1203 225 0 11832 0 12057
1204 11904 2 2 0 11908
1205 9 0 11799 0 11808
1206 0 11664 0 28 11692
1207 11328 0 0 0 11328
1208 0 11747 0 0 11747
1209 1 0 0 11488 11489
1210 1 11691 1 1 11694
1211 11617 1 3 4 11625
1212 11599 0 0 6 11605
1213 4 0 11462 0 11466
1214 11004 0 4 1 11009
1215 5 1 11027 0 11033
1216 2 0 10857 0 10859
1217 1 10634 1 2 10638
1218 0 10903 0 8 10911
1219 10325 10 459 6 10800
1220 4 0 0 10564 10568
1221 10603 0 2 0 10605
1222 10613 0 0 0 10613
1223 10529 7 8 1 10545
1224 7 10316 0 13 10336
1225 10312 0 0 2 10314
1226 10323 0 1 0 10324
1227 1 0 10189 0 10190
1228 10005 0 8 1 10014
1229 1 0 0 9963 9964
1230 10015 0 5 0 10020
1231 9994 0 1 0 9995
1232 3 9899 0 4 9906
1233 10038 0 1 0 10039
1234 10159 11 1 0 10171
1235 10148 0 0 0 10148
1236 10079 0 1 0 10080
1237 10077 3 0 0 10080
1238 10020 0 0 0 10020
1239 11 0 0 9620 9631
1240 1 9763 0 1 9765
1241 1 1 0 9527 9529
1242 33 9716 0 1 9750
1243 9701 1 0 0 9702
1244 9499 0 0 1 9500
1245 9 9517 0 0 9526
1246 0 7 8 9160 9175
1247 0 9530 0 0 9530
1248 0 4 0 9310 9314
1249 0 3 0 9364 9367
1250 0 1 0 9486 9487
1251 217 0 9020 0 9237
1252 9086 0 6 0 9092
1253 2 0 9174 0 9176
1254 0 2 1 8822 8825
1255 1 0 9095 0 9096
1256 8993 0 0 11 9004
1257 11 0 9092 3 9106
1258 0 9037 2 5 9044
1259 0 5 2 8991 8998
1260 21 0 8951 0 8972
1261 10 0 9001 0 9011
1262 8714 0 6 0 8720
1263 8892 0 6 0 8898
1264 9 0 8877 2 8888
1265 1 1 3 8305 8310
1266 8738 0 2 0 8740
1267 8932 0 0 0 8932
1268 8950 0 8 1 8959
1269 1 1 8594 0 8596
1270 8576 0 0 2 8578
1271 8524 0 6 2 8532
1272 0 0 0 8307 8307
1273 1 8341 0 1 8343
1274 2 2 2 8342 8348
1275 0 0 1 8344 8345
1276 5 8313 0 1 8319
1277 8383 1 1 0 8385
1278 8324 0 1 0 8325
1279 8276 0 0 0 8276
1280 5 1 7990 0 7996
1281 8013 0 16 0 8029
1282 0 7937 4 0 7941
1283 0 0 0 7961 7961
1284 8002 0 1 0 8003
1285 7939 0 2 0 7941
1286 3 1 7506 0 7510
1287 3 7586 0 2 7591
1288 1 2 7527 2 7532
1289 4 0 7451 0 7455
1290 0 19 4 7089 7112
1291 3 0 7102 4 7109
1292 1 7153 1 2 7157
1293 0 7299 0 3 7302
1294 7274 0 5 20 7299
1295 0 0 0 7272 7272
1296 5 0 7287 0 7292
1297 2 0 7269 0 7271
1298 7185 0 1 0 7186
1299 0 1 0 7192 7193
1300 22 0 7132 0 7154
1301 7141 0 0 0 7141
1302 7153 0 0 3 7156
1303 0 7099 0 0 7099
1304 0 3 0 6984 6987
1305 1 7061 0 1 7063
1306 0 7072 0 0 7072
1307 7046 0 1 0 7047
1308 11 7045 0 49 7105
1309 7145 6 0 1 7152
1310 7130 0 1 0 7131
1311 0 6681 0 366 7047
1312 0 0 7039 0 7039
1313 7061 0 2 1 7064
1314 7138 0 0 0 7138
1315 7119 0 0 0 7119
1316 1 0 0 7041 7042
1317 7038 0 18 0 7056
1318 5 7082 0 1 7088
1319 0 3 0 7060 7063
1320 7118 0 14 0 7132
1321 2 0 6931 0 6933
1322 6987 2 2 2 6993
1323 7040 0 2 0 7042
1324 335 6685 0 0 7020
1325 0 1 0 6997 6998
1326 7093 0 2 0 7095
1327 3 0 6938 0 6941
1328 7031 0 1 2 7034
1329 0 0 0 6986 6986
1330 0 0 7020 0 7020
1331 6906 0 0 1 6907
1332 56 0 6932 0 6988
1333 6955 0 1 0 6956
1334 7005 0 0 2 7007
1335 6960 0 26 0 6986
1336 2 0 6944 0 6946
1337 0 1 0 6362 6363
1338 0 0 6840 2 6842
1339 0 0 6932 0 6932
1340 6946 0 6 1 6953
1341 1 1 1 6906 6909
1342 2 0 6944 1 6947
1343 6913 0 1 0 6914
1344 0 10 0 6872 6882
1345 0 6975 0 0 6975
1346 0 0 2 6926 6928
1347 17 6815 0 80 6912
1348 6973 0 2 0 6975
1349 5 0 6909 1 6915
1350 6882 0 8 0 6890
1351 0 0 6916 1 6917
1352 1 6920 0 1 6922
1353 0 10 0 6975 6985
1354 1 0 6992 1 6994
1355 6987 0 1 0 6988
1356 2 3 0 6854 6859
1357 6911 0 0 0 6911
1358 1 6939 0 0 6940
1359 6978 26 2 0 7006
1360 6987 0 1 0 6988
1361 0 1 2 6926 6929
1362 6995 3 3 2 7003
1363 6947 4 0 0 6951
1364 0 0 6778 0 6778
1365 0 6813 0 4 6817
1366 0 0 0 6737 6737
1367 1 6734 0 1 6736
1368 6782 0 1 0 6783
1369 0 6734 0 0 6734
1370 6833 0 0 0 6833
1371 6792 0 3 0 6795
1372 6804 0 0 0 6804
1373 0 0 0 6714 6714
1374 6834 0 0 0 6834
1375 0 0 6690 1 6691
1376 6727 0 1 0 6728
1377 6586 0 3 7 6596
1378 2 6625 0 0 6627
1379 3 14 1 6432 6450
1380 0 6633 0 19 6652
1381 1 1 6619 1 6622
1382 2 6604 0 0 6606
1383 6513 0 0 4 6517
1384 3 0 6472 0 6475
1385 0 1 9 6205 6215
1386 27 6219 0 1 6247
1387 0 6368 0 0 6368
1388 6 3 1 6360 6370
1389 36 0 6279 3 6318
1390 0 6257 0 0 6257
1391 0 4 0 6296 6300
1392 0 0 1 6270 6271
1393 0 1 0 6225 6226
1394 0 6200 1 17 6218
1395 3 6218 0 2 6223
1396 6193 0 6 0 6199
1397 6148 0 3 0 6151
1398 0 0 0 6146 6146
1399 9 6 6081 0 6096
1400 6002 0 0 0 6002
1401 6007 0 9 2 6018
1402 0 0 6066 2 6068
1403 2 0 5983 0 5985
1404 5973 0 10 1 5984
1405 6017 0 2 0 6019
1406 0 0 0 5998 5998
1407 6059 0 1 0 6060
1408 5998 0 0 0 5998
1409 1 1 0 6014 6016
1410 6015 0 4 0 6019
1411 5959 2 1 0 5962
1412 5886 8 1 7 5902
1413 0 5945 0 21 5966
1414 5856 0 0 0 5856
1415 4 0 5844 2 5850
1416 1 4 4 5624 5633
1417 0 0 5728 0 5728
1418 5807 0 0 1 5808
1419 5792 1 0 0 5793
1420 15 0 5722 0 5737
1421 5707 0 28 0 5735
1422 0 3 0 5723 5726
1423 3 0 5701 0 5704
1424 5666 0 1 1 5668
1425 5557 0 4 0 5561
1426 0 5680 0 2 5682
1427 5616 0 0 0 5616
1428 0 8 1 5516 5525
1429 0 5528 0 1 5529
1430 0 0 0 5447 5447
1431 32 5368 79 1 5480
1432 2 7 0 5421 5430
1433 0 17 2 5481 5500
1434 0 0 5406 0 5406
1435 0 0 5311 0 5311
1436 2 5291 0 5 5298
1437 13 0 5262 4 5279
1438 0 5210 1 2 5213
1439 1 3 16 5242 5262
1440 0 2 7 5205 5214
1441 2 0 5158 3 5163
1442 5132 0 0 0 5132
1443 5054 1 1 1 5057
1444 8 5113 1 0 5122
1445 23 0 5106 0 5129
1446 5102 0 1 0 5103
1447 5113 0 1 0 5114
1448 5101 0 0 0 5101
1449 9 0 4963 2 4974
1450 4 4942 0 1 4947
1451 0 0 0 4987 4987
1452 5 0 4948 0 4953
1453 4904 1 0 0 4905
1454 4887 0 54 0 4941
1455 0 0 4878 0 4878
1456 4885 0 1 0 4886
1457 4866 0 0 0 4866
1458 4883 0 0 0 4883
1459 4878 0 1 0 4879
1460 0 0 1 4822 4823
1461 0 0 4642 0 4642
1462 0 4654 0 3 4657
1463 0 4 1 4711 4716
1464 24 0 4601 1 4626
1465 0 0 4581 5 4586
1466 3 0 4585 0 4588
1467 2 4511 5 4 4522
1468 1 4501 4 5 4511
1469 0 4484 1 1 4486
1470 1 4474 0 5 4480
1471 5 13 0 4469 4487
1472 0 4532 0 0 4532
1473 0 0 0 4506 4506
1474 1 0 4495 0 4496
1475 0 4501 0 0 4501
1476 0 0 0 4565 4565
1477 25 0 4536 1 4562
1478 0 0 0 4519 4519
1479 4520 0 5 0 4525
1480 0 0 4557 0 4557
1481 4446 0 0 0 4446
1482 13 0 4529 0 4542
1483 4412 0 1 11 4424
1484 0 2 0 4529 4531
1485 4540 0 0 0 4540
1486 0 0 4540 1 4541
1487 1 0 4536 0 4537
1488 0 0 4525 0 4525
1489 4513 0 2 1 4516
1490 4509 0 0 0 4509
1491 0 3 5 4530 4538
1492 0 0 4552 1 4553
1493 1 0 4505 0 4506
1494 4498 0 1 0 4499
1495 0 0 0 4514 4514
1496 0 0 4468 0 4468
1497 0 4428 0 1 4429
1498 0 10 0 4547 4557
1499 0 0 0 4552 4552
1500 1 24 0 4508 4533
1501 3 0 4476 0 4479
1502 4470 0 1 2 4473
1503 4464 0 3 0 4467
1504 4366 7 0 0 4373
1505 0 4493 0 0 4493
1506 0 4471 0 0 4471
1507 4487 0 0 0 4487
1508 4443 0 0 0 4443
1509 4394 0 2 0 4396
1510 0 4447 0 0 4447
1511 4361 0 1 4 4366
1512 0 4422 0 0 4422
1513 4423 0 0 0 4423
1514 4379 0 12 0 4391
1515 1 0 4388 0 4389
1516 1 0 0 4236 4237
1517 1 0 4297 0 4298
1518 1 4287 0 0 4288
1519 4316 0 0 0 4316
1520 4233 0 0 2 4235
1521 3 4281 0 5 4289
1522 1 4241 0 0 4242
1523 4254 0 1 0 4255
1524 1 0 4237 0 4238
1525 4145 0 0 0 4145
1526 0 4142 4 0 4146
1527 0 4147 0 0 4147
1528 0 2 0 4139 4141
1529 1 0 4091 3 4095
1530 1 451 1 3599 4052
1531 3 4045 0 8 4056
1532 0 0 0 4087 4087
1533 4042 2 0 0 4044
1534 6 0 4028 0 4034
1535 3980 0 0 0 3980
1536 0 3994 2 7 4003
1537 3978 0 1 0 3979
1538 32 0 3962 1 3995
1539 3956 0 11 0 3967
1540 3957 0 0 0 3957
1541 0 0 0 3963 3963
1542 3940 0 1 3 3944
1543 0 0 3906 0 3906
1544 0 3819 0 2 3821
1545 0 6 5 3858 3869
1546 9 0 3787 7 3803
1547 9 3827 0 0 3836
1548 1 0 0 3850 3851
1549 1 0 3795 0 3796
1550 0 0 3754 0 3754
1551 0 1 0 3656 3657
1552 3567 0 3 0 3570
1553 0 3681 0 7 3688
1554 0 3878 0 15 3893
1555 8 6 0 3848 3862
1556 0 1 0 3854 3855
1557 0 0 0 3871 3871
1558 13 0 3812 4 3829
1559 3797 0 0 1 3798
1560 1 0 0 3808 3809
1561 0 0 3758 0 3758
1562 1 3759 0 0 3760
1563 3757 0 2 0 3759
1564 1 0 3768 0 3769
1565 0 1 3672 0 3673
1566 3684 0 0 0 3684
1567 0 0 3679 0 3679
1568 3662 0 1 0 3663
1569 3620 1 34 2 3657
1570 0 0 0 3691 3691
1571 0 2 0 3699 3701
1572 0 24 0 3623 3647
1573 1 3 0 3567 3571
1574 1 3480 0 22 3503
1575 1 12 0 3377 3390
1576 0 3316 0 2 3318
1577 0 0 0 3301 3301
1578 0 3283 0 0 3283
1579 1 3223 0 0 3224
1580 1 3214 0 0 3215
1581 2 3183 6 6 3197
1582 3076 0 5 2 3083
1583 10 3184 0 0 3194
1584 0 3279 0 27 3306
1585 0 0 1 3281 3282
1586 0 0 0 3302 3302
1587 0 3 0 3292 3295
1588 3 0 3259 0 3262
1589 3254 0 0 0 3254
1590 0 1 0 3275 3276
1591 6 0 0 3271 3277
1592 1 3240 0 0 3241
1593 3233 0 6 2 3241
1594 0 3243 18 11 3272
1595 0 2 0 3290 3292
1596 5 0 3229 0 3234
1597 3246 0 0 0 3246
1598 3272 0 0 0 3272
1599 0 3 0 3307 3310
1600 3246 0 38 0 3284
1601 0 0 0 3280 3280
1602 0 0 0 3300 3300
1603 3251 0 0 0 3251
1604 1 3300 0 0 3301
1605 2 2 0 3245 3249
1606 0 0 3217 0 3217
1607 0 3213 1 11 3225
1608 0 11 2 3238 3251
1609 14 0 3214 0 3228
1610 5 3211 0 9 3225
1611 3221 0 0 0 3221
1612 0 14 0 3288 3302
1613 3 3298 0 0 3301
1614 0 0 0 3303 3303
1615 0 2 0 3316 3318
1616 0 3 0 3334 3337
1617 3313 0 1 0 3314
1618 3276 0 0 0 3276
1619 3240 0 1 0 3241
1620 0 5 0 3193 3198
1621 3 0 3129 0 3132
1622 3099 2 16 0 3117
1623 0 3143 5 1 3149
1624 1 0 3186 0 3187
1625 3115 3 4 0 3122
1626 0 0 0 3151 3151
1627 7 0 3167 0 3174
1628 5 0 3166 0 3171
1629 3020 0 84 0 3104
1630 0 0 3 3199 3202
1631 0 0 1 3285 3286
1632 1 0 3253 0 3254
1633 2 0 3225 0 3227
1634 3260 1 3 1 3265
1635 0 0 0 3305 3305
1636 3244 1 35 0 3280
1637 3279 0 1 0 3280
1638 0 0 0 3305 3305
1639 0 3310 0 0 3310
1640 3285 0 0 1 3286
1641 0 1 4 3227 3232
1642 3181 0 0 2 3183
1643 2 3229 0 4 3235
1644 0 2 0 3232 3234
1645 3212 0 1 1 3214
1646 0 2 0 3215 3217
1647 3157 0 8 2 3167
1648 3 3235 1 0 3239
1649 0 0 0 3261 3261
1650 0 0 3215 1 3216
1651 0 3277 0 4 3281
1652 3 1 0 3281 3285
1653 0 0 0 3277 3277
1654 0 1 0 3285 3286
1655 3235 0 0 1 3236
1656 13 3263 0 4 3280
1657 0 1 0 3281 3282
1658 3250 0 0 0 3250
1659 1 3292 0 0 3293
1660 0 0 0 3290 3290
1661 0 3289 0 1 3290
1662 3318 1 0 0 3319
1663 3234 0 0 0 3234
1664 0 3338 0 2 3340
1665 0 0 0 3336 3336
1666 3 0 3295 0 3298
1667 0 3304 0 0 3304
1668 0 2 0 3329 3331
1669 3 0 3304 0 3307
1670 0 3275 0 0 3275
1671 9 3250 0 2 3261
1672 0 0 0 3264 3264
1673 1 3260 0 0 3261
1674 0 3275 0 1 3276
1675 3296 0 0 0 3296
1676 0 1 3310 0 3311
1677 0 0 0 3268 3268
1678 0 2 0 3274 3276
1679 0 0 0 3318 3318
1680 1 0 3276 1 3278
1681 0 0 3266 0 3266
1682 1 3288 0 1 3290
1683 2 4 0 3268 3274
1684 0 0 3256 0 3256
1685 0 1 2 3249 3252
1686 3255 1 0 0 3256
1687 3021 0 190 0 3211
1688 0 3187 3 0 3190
1689 3162 0 0 0 3162
1690 0 3167 0 21 3188
1691 0 0 0 3180 3180
1692 1 0 3143 0 3144
1693 3123 0 0 0 3123
1694 0 0 0 3172 3172
1695 0 0 3118 1 3119
1696 3090 1 18 0 3109
1697 0 3 0 3119 3122
1698 3111 0 0 0 3111
1699 1 0 3094 0 3095
1700 1 3105 0 0 3106
1701 0 8 0 3120 3128
1702 3097 0 1 0 3098
1703 0 1 0 3106 3107
1704 0 3083 0 0 3083
1705 0 1 0 3082 3083
1706 0 1 0 3078 3079
1707 0 1 0 3085 3086
1708 0 0 3058 0 3058
1709 0 2 0 3015 3017
1710 0 0 0 3050 3050
1711 2 0 3036 1 3039
1712 0 0 0 3014 3014
1713 0 0 0 3020 3020
1714 0 0 0 3033 3033
1715 3007 0 0 0 3007
1716 0 9 0 2940 2949
1717 2880 0 6 0 2886
1718 0 0 0 2879 2879
1719 70 0 2797 1 2868
1720 7 0 2839 0 2846
1721 0 1 0 2849 2850
1722 0 2810 0 0 2810
1723 0 0 0 2837 2837
1724 1 2805 0 0 2806
1725 0 2817 0 0 2817
1726 2800 0 0 1 2801
1727 0 0 2793 0 2793
1728 2737 0 0 0 2737
1729 1 0 2713 0 2714
1730 2703 0 1 0 2704
1731 0 2655 0 6 2661
1732 2674 0 0 0 2674
1733 2672 0 1 0 2673
1734 0 8 0 2678 2686
1735 0 0 2671 0 2671
1736 0 0 0 2644 2644
1737 0 0 0 2653 2653
1738 0 0 0 2647 2647
1739 0 2583 0 0 2583
1740 0 1 0 2494 2495
1741 0 0 0 2515 2515
1742 0 0 2434 0 2434
1743 0 2427 0 0 2427
1744 0 0 0 2442 2442
1745 0 2395 0 0 2395
1746 0 2414 0 3 2417
1747 2399 0 5 0 2404
1748 0 1 0 2420 2421
1749 0 0 0 2403 2403
1750 0 1 0 2424 2425
1751 0 0 2368 0 2368
1752 0 0 0 2345 2345
1753 6 2347 0 0 2353
1754 0 0 0 2370 2370
1755 2335 0 0 0 2335
1756 0 0 0 2348 2348
1757 2329 0 0 0 2329
1758 2302 0 0 0 2302
1759 0 0 2 0 2
1760 0 0 0 0 0
