1 1316 0 0 3 1319
2 0 0 0 1355 1355
3 0 0 1347 0 1347
4 1340 0 0 0 1340
5 1350 2 4 3 1359
6 4 0 1381 0 1385
7 0 0 1376 0 1376
8 0 1504 0 0 1504
9 1583 0 3 0 1586
10 1587 0 1 0 1588
11 1 0 0 1647 1648
12 1668 0 0 1 1669
13 1675 0 0 0 1675
14 0 1 0 1697 1698
15 0 0 0 1724 1724
16 0 0 1745 0 1745
17 0 0 0 1741 1741
18 1752 0 0 1 1753
19 0 1774 0 1 1775
20 0 0 0 1788 1788
21 1792 0 0 1 1793
22 0 1849 0 0 1849
23 0 0 0 1858 1858
24 0 1887 0 0 1887
25 1933 0 0 0 1933
26 0 0 0 1945 1945
27 0 0 1946 0 1946
28 0 0 1993 0 1993
29 0 0 0 1938 1938
30 2022 0 2 4 2028
31 0 0 2576 0 2576
32 0 0 0 2561 2561
33 2670 0 0 0 2670
34 2669 0 0 0 2669
35 0 2667 0 0 2667
36 2757 0 1 0 2758
37 0 0 0 2794 2794
38 0 2811 0 0 2811
39 1 2848 0 1 2850
40 2862 0 0 0 2862
41 2834 0 0 0 2834
42 0 1 0 2902 2903
43 0 0 2889 0 2889
44 0 2903 0 0 2903
45 2932 0 0 0 2932
46 0 0 2918 0 2918
47 2909 0 0 0 2909
48 0 0 0 2916 2916
49 8 2950 0 4 2962
50 0 0 2941 0 2941
51 2990 0 0 0 2990
52 2930 0 0 0 2930
53 0 1 0 2963 2964
54 0 2958 0 0 2958
55 0 0 0 2952 2952
56 0 0 2927 0 2927
57 0 2942 0 0 2942
58 2933 0 1 0 2934
59 0 2977 0 0 2977
60 0 1 0 2950 2951
61 0 0 2951 0 2951
62 1 0 2933 0 2934
63 0 1 2936 0 2937
64 2949 0 0 0 2949
65 0 7 0 3005 3012
66 3025 0 5 0 3030
67 3027 0 2 0 3029
68 1 3036 0 0 3037
69 3026 0 0 0 3026
70 0 0 0 3037 3037
71 2 3051 0 5 3058
72 1 0 3309 0 3310
73 0 1 0 3339 3340
74 1 3387 0 1 3389
75 3456 0 4 0 3460
76 3426 1 12 0 3439
77 3438 0 8 0 3446
78 0 3512 1 7 3520
79 0 0 0 3498 3498
80 0 3522 0 1 3523
81 3521 0 8 0 3529
82 9 3570 1 0 3580
83 0 3588 0 0 3588
84 3593 0 0 0 3593
85 10 3615 0 0 3625
86 3622 0 0 0 3622
87 2 1 0 3640 3643
88 2 0 3635 0 3637
89 1 0 1 3617 3619
90 1 3648 0 1 3650
91 2 1 3868 0 3871
92 1 0 1 3935 3937
93 0 4076 0 4 4080
94 4211 3 2 0 4216
95 4193 0 0 0 4193
96 4195 0 2 0 4197
97 4186 0 1 0 4187
98 0 4313 0 0 4313
99 0 5 0 4346 4351
100 3 0 4351 0 4354
101 1 4376 0 1 4378
102 0 2 0 4399 4401
103 4380 2 1 2 4385
104 2 4515 0 0 4517
105 0 2 0 4487 4489
106 0 4533 0 0 4533
107 4503 0 1 0 4504
108 4457 0 3 5 4465
109 0 8 4599 6 4613
110 0 0 4705 1 4706
111 1 0 4662 0 4663
112 2 0 4605 0 4607
113 4783 0 0 1 4784
114 0 0 4810 0 4810
115 1 0 4930 0 4931
116 0 0 0 4792 4792
117 0 4996 0 1 4997
118 5063 0 0 0 5063
119 5078 0 0 3 5081
120 0 1 0 5068 5069
121 1 0 5049 0 5050
122 0 0 0 4984 4984
123 13 0 4951 1 4965
124 5030 0 7 3 5040
125 1 5134 0 1 5136
126 0 5104 2 4 5110
127 17 2 5080 0 5099
128 1 2 5102 0 5105
129 2 2 19 4847 4870
130 7 0 5065 0 5072
131 1 0 0 5084 5085
132 5202 0 0 0 5202
133 5206 2 2 1 5211
134 0 0 0 5217 5217
135 5191 0 1 1 5193
136 1 5232 0 0 5233
137 1 5202 0 8 5211
138 5256 0 0 1 5257
139 1 5350 0 0 5351
140 1 1 1 5398 5401
141 25 0 5367 0 5392
142 5405 0 0 0 5405
143 0 5568 0 0 5568
144 5606 0 1 3 5610
145 5676 0 11 1 5688
146 1 5714 0 9 5724
147 5692 0 1 0 5693
148 5662 0 0 0 5662
149 2 5724 1 1 5728
150 5620 0 4 0 5624
151 0 5749 1 0 5750
152 1 5713 0 1 5715
153 2 5721 0 13 5736
154 5674 0 8 0 5682
155 0 5843 0 0 5843
156 14 5858 0 0 5872
157 5865 0 5 2 5872
158 5832 1 26 1 5860
159 5814 1 0 0 5815
160 0 0 0 5841 5841
161 0 5909 0 0 5909
162 2 0 0 5845 5847
163 0 5941 0 0 5941
164 5933 2 0 0 5935
165 0 0 0 5912 5912
166 0 5 0 5902 5907
167 4 4 1 5909 5918
168 0 1 7 5981 5989
169 7 0 5938 0 5945
170 1 5990 0 0 5991
171 6019 0 1 0 6020
172 5969 1 4 1 5975
173 5913 1 1 0 5915
174 0 0 0 5925 5925
175 0 5962 0 0 5962
176 0 1 0 5926 5927
177 126 5812 0 40 5978
178 5983 0 0 2 5985
179 5911 1 0 0 5912
180 5866 0 0 0 5866
181 0 0 5880 0 5880
182 0 0 5784 0 5784
183 5801 0 0 0 5801
184 5863 0 1 0 5864
185 0 5901 0 4 5905
186 5882 0 0 10 5892
187 0 0 5839 0 5839
188 5811 0 27 0 5838
189 5766 1 1 1 5769
190 5767 1 1 0 5769
191 0 5786 0 0 5786
192 0 5743 0 0 5743
193 5774 0 1 0 5775
194 3 0 5748 0 5751
195 139 0 5441 0 5580
196 0 0 5561 4 5565
197 0 0 5954 0 5954
198 5 0 6024 3 6032
199 6059 0 9 4 6072
200 6105 0 1 1 6107
201 6148 3 0 0 6151
202 1 6202 0 0 6203
203 0 0 0 6142 6142
204 6147 0 0 0 6147
205 2 5 2 6149 6158
206 1 0 6129 0 6130
207 1 6101 14 3 6119
208 0 6240 0 1 6241
209 1 6274 1 0 6276
210 6328 0 4 0 6332
211 6301 0 0 1 6302
212 6301 0 0 1 6302
213 6276 0 14 0 6290
214 0 1 0 6293 6294
215 0 0 6211 0 6211
216 1 6225 0 2 6228
217 0 6463 0 0 6463
218 2 0 1 6390 6393
219 0 6448 0 6 6454
220 6408 0 34 6 6448
221 6427 2 0 0 6429
222 3 6440 0 33 6476
223 1 3 1 6406 6411
224 8 0 6362 1 6371
225 1 6512 0 2 6515
226 6490 1 1 1 6493
227 0 6581 2 1 6584
228 6565 0 3 0 6568
229 0 0 6530 2 6532
230 6476 2 1 5 6484
231 0 1 1 6552 6554
232 0 6672 0 5 6677
233 0 2 0 6544 6546
234 2 0 6621 0 6623
235 1 0 6628 1 6630
236 6639 5 3 0 6647
237 1 1 1 6634 6637
238 2 0 6730 0 6732
239 0 1 0 6548 6549
240 6659 1 3 0 6663
241 0 0 6614 0 6614
242 0 6588 0 10 6598
243 0 6733 6 1 6740
244 1 5 0 6716 6722
245 0 4 0 6827 6831
246 47 2 6711 0 6760
247 2 0 7035 0 7037
248 1 1 7071 1 7074
249 4 7132 1 17 7154
250 7155 0 1 0 7156
251 1 1 7195 0 7197
252 7141 0 3 1 7145
253 0 7297 0 1 7298
254 0 7352 0 1 7353
255 7478 6 0 0 7484
256 7393 1 0 0 7394
257 7400 0 0 0 7400
258 7334 1 0 0 7335
259 0 1 0 7317 7318
260 0 0 7226 1 7227
261 0 7256 1 0 7257
262 7240 0 0 0 7240
263 40 7230 0 0 7270
264 7215 0 0 1 7216
265 3 0 7230 1 7234
266 0 1 7196 0 7197
267 0 0 7187 0 7187
268 6913 0 310 0 7223
269 7258 0 9 1 7268
270 7277 0 2 0 7279
271 7197 0 1 2 7200
272 0 0 0 7164 7164
273 6881 0 0 0 6881
274 0 7137 0 0 7137
275 2 7072 4 0 7078
276 5 7081 1 0 7087
277 0 0 1 7006 7007
278 1 7078 1 1 7081
279 48 2 1 6981 7032
280 2 0 7038 0 7040
281 4 6972 0 0 6976
282 6989 0 0 5 6994
283 6961 3 8 8 6980
284 15 2 6972 0 6989
285 5 0 6930 0 6935
286 0 0 6980 0 6980
287 0 0 1 6458 6459
288 0 3 1 6939 6943
289 1 0 1 7021 7023
290 0 7028 0 4 7032
291 7102 0 4 0 7106
292 7074 0 2 1 7077
293 1 2 1 7005 7009
294 6962 0 1 0 6963
295 4 6969 0 4 6977
296 0 0 0 6862 6862
297 2 7001 2 1 7006
298 3 7046 0 3 7052
299 6960 0 2 0 6962
300 0 1 0 6942 6943
301 1 0 6925 0 6926
302 6907 0 0 0 6907
303 6892 0 3 0 6895
304 4 2 6874 0 6880
305 0 0 0 6733 6733
306 377 6497 0 2 6876
307 6923 0 0 0 6923
308 28 1 6782 0 6811
309 6768 0 1 0 6769
310 2 6784 0 1 6787
311 9 6829 0 2 6840
312 0 4 0 6834 6838
313 27 0 6875 0 6902
314 1 18 0 6837 6856
315 0 4 0 6870 6874
316 6841 0 1 0 6842
317 2 6865 0 0 6867
318 6843 0 0 1 6844
319 0 2 0 6825 6827
320 0 6872 0 0 6872
321 0 0 1 6822 6823
322 5 1 6677 0 6683
323 0 0 6603 1 6604
324 0 0 6730 0 6730
325 2 5 0 6404 6411
326 2 0 6618 0 6620
327 2 6945 1 9 6957
328 0 1 0 7022 7023
329 0 3 1 7075 7079
330 0 6 1 7036 7043
331 4 7025 0 4 7033
332 0 7155 0 0 7155
333 0 8 0 7196 7204
334 7193 0 3 1 7197
335 0 0 0 7201 7201
336 7221 1 1 0 7223
337 7173 0 0 0 7173
338 0 3 1 7212 7216
339 9 0 7143 0 7152
340 0 7144 1 2 7147
341 7125 0 0 0 7125
342 1 7234 0 2 7237
343 4 0 7240 0 7244
344 7115 0 8 0 7123
345 0 0 0 7202 7202
346 7228 0 1 0 7229
347 5 0 7196 0 7201
348 7202 1 1 0 7204
349 7212 0 1 0 7213
350 5 7324 0 0 7329
351 7350 0 5 0 7355
352 7301 0 0 0 7301
353 7251 0 2 0 7253
354 7321 0 1 0 7322
355 7317 0 0 0 7317
356 2 4 0 7127 7133
357 0 0 0 7183 7183
358 7211 0 0 0 7211
359 1 0 7036 0 7037
360 7044 0 6 1 7051
361 0 7071 0 4 7075
362 7092 0 0 0 7092
363 0 0 6943 1 6944
364 1 7012 0 0 7013
365 2 5 0 6921 6928
366 3 1 6891 0 6895
367 0 6835 0 17 6852
368 0 6874 0 0 6874
369 0 1 2 6923 6926
370 6875 1 0 1 6877
371 6780 0 0 0 6780
372 0 6817 1 24 6842
373 3 6806 0 58 6867
374 1 0 0 6787 6788
375 0 0 0 6726 6726
376 2 6813 0 2 6817
377 1 2 0 6639 6642
378 0 6841 0 1 6842
379 0 6885 0 4 6889
380 1 2 6837 0 6840
381 6662 4 20 0 6686
382 2 1 6777 3 6783
383 0 1 6726 0 6727
384 6708 0 31 0 6739
385 0 0 0 6751 6751
386 6762 0 0 1 6763
387 1 7124 0 2 7127
388 7 0 7164 0 7171
389 7146 0 0 0 7146
390 7090 0 3 1 7094
391 8 7082 0 1 7091
392 7080 0 10 0 7090
393 0 0 0 7066 7066
394 9 0 7067 0 7076
395 1 0 0 6893 6894
396 4 7049 0 2 7055
397 7140 1 10 0 7151
398 24 1 7113 1 7139
399 7 0 6943 1 6951
400 0 26 0 6751 6777
401 0 0 0 7002 7002
402 7041 0 1 0 7042
403 0 1 0 6951 6952
404 1 7019 0 0 7020
405 7032 0 2 0 7034
406 6895 0 0 0 6895
407 10 6967 0 0 6977
408 1 4 0 6917 6922
409 0 6980 0 1 6981
410 6974 0 0 1 6975
411 7 6999 0 2 7008
412 7047 0 0 1 7048
413 6974 0 3 0 6977
414 0 5523 0 1521 7044
415 1 0 7058 0 7059
416 0 0 0 6958 6958
417 0 2 0 7056 7058
418 7103 2 4 0 7109
419 2 1 1 7034 7038
420 1 7084 0 4 7089
421 7092 0 1 0 7093
422 6997 0 0 0 6997
423 0 2 0 6976 6978
424 12 0 6989 0 7001
425 0 6942 0 1 6943
426 7068 0 1 0 7069
427 0 1 7028 0 7029
428 7026 0 0 0 7026
429 6977 2 3 5 6987
430 0 0 6966 29 6995
431 6932 0 3 0 6935
432 0 2 0 6880 6882
433 0 0 6818 0 6818
434 0 6783 1 2 6786
435 6713 1 1 1 6716
436 0 6761 0 0 6761
437 1 6785 0 2 6788
438 6806 0 2 2 6810
439 1 0 6751 1 6753
440 0 0 6704 0 6704
441 6711 0 0 2 6713
442 18 0 6722 0 6740
443 1 0 6610 0 6611
444 6653 0 2 0 6655
445 0 6639 0 1 6640
446 0 6589 0 0 6589
447 4 6662 0 11 6677
448 0 3 1 6617 6621
449 6574 0 1 0 6575
450 1 6707 0 0 6708
451 6752 0 2 4 6758
452 6680 0 1 0 6681
453 6680 0 2 3 6685
454 6670 0 1 1 6672
455 0 0 1 6595 6596
456 0 1 0 6615 6616
457 0 0 6595 2 6597
458 4 0 6537 0 6541
459 6506 0 2 4 6512
460 6416 0 1 0 6417
461 1 6554 0 2 6557
462 1 6528 0 0 6529
463 1 0 0 6453 6454
464 0 6492 0 0 6492
465 6525 0 1 0 6526
466 8 0 6434 0 6442
467 2 0 6288 0 6290
468 346 0 5974 0 6320
469 0 1 0 6079 6080
470 2 6297 0 1 6300
471 0 0 0 6330 6330
472 0 1 1 6319 6321
473 2 0 6193 0 6195
474 0 6101 0 1 6102
475 1 6042 0 1 6044
476 2 6092 0 0 6094
477 0 0 0 6151 6151
478 6149 0 1 0 6150
479 6090 0 1 0 6091
480 0 6109 2 0 6111
481 6105 0 0 0 6105
482 0 4 0 6011 6015
483 0 3 0 5981 5984
484 5900 0 2 0 5902
485 0 6010 0 1 6011
486 4 5907 0 43 5954
487 6003 0 1 0 6004
488 5874 0 1 4 5879
489 0 0 0 5816 5816
490 0 0 5826 0 5826
491 0 0 5793 0 5793
492 5780 0 11 0 5791
493 5847 0 1 0 5848
494 5811 0 0 0 5811
495 5 5810 0 2 5817
496 0 0 5761 1 5762
497 4 0 5689 0 5693
498 5696 0 2 0 5698
499 2 2 0 5615 5619
500 1 0 0 5587 5588
501 0 5592 0 2 5594
502 1 2 0 5492 5495
503 0 0 0 5430 5430
504 0 5555 0 2 5557
505 0 0 5363 1 5364
506 9 5329 0 64 5402
507 5447 0 2 0 5449
508 5399 0 1 2 5402
509 0 5432 0 0 5432
510 5455 0 3 1 5459
511 5450 1 1 0 5452
512 0 0 0 5355 5355
513 1 0 5372 1 5374
514 0 0 5280 0 5280
515 0 5331 0 1 5332
516 2 1 0 5279 5282
517 0 1 0 5312 5313
518 1 0 5130 0 5131
519 1 0 5129 0 5130
520 0 6 5200 0 5206
521 0 5166 0 13 5179
522 2 5267 0 0 5269
523 0 0 5190 6 5196
524 0 2 2 4962 4966
525 0 5009 0 0 5009
526 0 5118 0 0 5118
527 51 5216 0 0 5267
528 5250 2 3 0 5255
529 5266 1 0 0 5267
530 5296 0 0 0 5296
531 5316 4 4 0 5324
532 5255 0 0 0 5255
533 5236 0 2 0 5238
534 3 5251 0 1 5255
535 69 0 5054 15 5138
536 5150 0 8 0 5158
537 6 5113 0 39 5158
538 5202 0 0 0 5202
539 5228 0 1 2 5231
540 5245 0 1 0 5246
541 5241 0 0 0 5241
542 5191 2 2 0 5195
543 1 5137 0 65 5203
544 5198 0 0 1 5199
545 5200 0 0 0 5200
546 5148 0 0 0 5148
547 5152 1 6 0 5159
548 11 5054 0 1 5066
549 5033 1 0 0 5034
550 8 0 4805 1 4814
551 1 4889 0 0 4890
552 4963 1 0 0 4964
553 4984 1 0 0 4985
554 1 4864 0 0 4865
555 4952 0 0 0 4952
556 14 0 4752 0 4766
557 4809 0 1 1 4811
558 2 0 0 4592 4594
559 0 4851 0 0 4851
560 2 4952 0 0 4954
561 4884 1 0 0 4885
562 0 14 0 4866 4880
563 0 9 0 4903 4912
564 4909 0 1 0 4910
565 4885 0 1 2 4888
566 0 4859 0 0 4859
567 4876 0 1 1 4878
568 4895 0 2 1 4898
569 0 1 1 4820 4822
570 4921 0 8 0 4929
571 0 0 4662 0 4662
572 4834 0 1 1 4836
573 4922 0 1 0 4923
574 43 0 4672 0 4715
575 0 0 0 4261 4261
576 4609 0 1 2 4612
577 4 4705 0 0 4709
578 0 4854 0 2 4856
579 4898 0 0 0 4898
580 0 4 2 4806 4812
581 4792 0 0 0 4792
582 1 4841 0 4 4846
583 4896 0 0 0 4896
584 0 0 0 4778 4778
585 0 1 0 4792 4793
586 0 0 0 4902 4902
587 2 0 4826 0 4828
588 0 1 0 4696 4697
589 4830 0 1 0 4831
590 0 4846 1 3 4850
591 4905 0 1 0 4906
592 37 0 4861 0 4898
593 4939 0 0 0 4939
594 4961 0 0 0 4961
595 0 0 4853 0 4853
596 4 0 4898 0 4902
597 4908 0 3 1 4912
598 0 0 4906 0 4906
599 4991 0 12 0 5003
600 4992 0 2 0 4994
601 3 0 4876 0 4879
602 4938 0 0 0 4938
603 1 4883 0 0 4884
604 0 5017 0 0 5017
605 5072 0 0 0 5072
606 5069 0 2 0 5071
607 5065 0 0 1 5066
608 0 0 1 4952 4953
609 0 4 0 4971 4975
610 4864 0 9 1 4874
611 1 4997 0 0 4998
612 1 5058 0 0 5059
613 2 0 5133 0 5135
614 0 2 1 4889 4892
615 0 2 0 5011 5013
616 0 18 0 5226 5244
617 1 9 5227 2 5239
618 0 0 5224 1 5225
619 3 0 5231 0 5234
620 0 0 5232 0 5232
621 1 0 5332 1 5334
622 0 0 9 5161 5170
623 1 0 1 5444 5446
624 1 5420 0 13 5434
625 0 5472 0 1 5473
626 5419 0 2 0 5421
627 2 5536 0 2 5540
628 0 0 1 5484 5485
629 0 5618 0 0 5618
630 0 0 0 5722 5722
631 5 0 5668 0 5673
632 5687 0 0 0 5687
633 2 5789 0 1 5792
634 5864 0 2 0 5866
635 4838 3 1037 0 5878
636 3 5999 0 5 6007
637 5855 5 33 0 5893
638 6013 0 0 0 6013
639 1 0 5896 1 5898
640 5784 0 122 1 5907
641 24 3146 0 2805 5975
642 1 6087 20 0 6108
643 5 6176 0 0 6181
644 6239 0 3 0 6242
645 6242 0 0 0 6242
646 6218 0 0 0 6218
647 2 14 0 6051 6067
648 2 0 6094 0 6096
649 11 0 6017 0 6028
650 0 6182 1 0 6183
651 6175 0 0 4 6179
652 6209 0 0 1 6210
653 4592 0 1517 0 6109
654 99 0 5928 2 6029
655 0 6062 0 0 6062
656 0 2 1 6043 6046
657 0 6092 0 4 6096
658 0 1 1 6081 6083
659 6130 11 0 0 6141
660 0 4 0 6149 6153
661 8 0 6114 1 6123
662 0 0 6095 0 6095
663 0 0 6130 0 6130
664 1 1 6226 2 6230
665 6203 1 3 0 6207
666 4 6329 0 0 6333
667 1 23 0 6287 6311
668 0 6370 0 1 6371
669 6423 0 0 0 6423
670 6424 0 0 0 6424
671 6382 0 5 0 6387
672 4 1 6215 1 6221
673 0 6203 0 0 6203
674 0 6260 0 1 6261
675 3 6263 0 36 6302
676 0 6382 0 2 6384
677 6396 2 9 4 6411
678 28 0 6354 0 6382
679 6396 0 0 0 6396
680 6398 0 0 0 6398
681 72 0 6323 4 6399
682 0 1 2 6282 6285
683 0 0 0 6403 6403
684 1 6349 1 0 6351
685 6284 8 5 1 6298
686 0 6397 0 0 6397
687 17 6359 0 15 6391
688 0 1 0 6364 6365
689 9 6380 0 2 6391
690 6390 0 1 0 6391
691 1 0 1 6395 6397
692 3 6469 0 3 6475
693 1 1 0 6444 6446
694 132 0 6196 1 6329
695 2 6366 0 0 6368
696 1 6442 0 8 6451
697 6457 0 14 0 6471
698 6423 6 0 0 6429
699 1 6395 0 24 6420
700 0 0 6384 3 6387
701 1 0 6290 1 6292
702 6352 0 0 0 6352
703 0 0 6352 2 6354
704 0 1 0 6265 6266
705 0 0 6329 0 6329
706 6257 0 0 1 6258
707 0 6333 1 0 6334
708 3 6420 0 0 6423
709 6386 0 3 14 6403
710 0 6450 0 2 6452
711 6392 0 2 1 6395
712 12 6477 0 0 6489
713 6465 0 0 1 6466
714 1 3 0 6361 6365
715 0 0 0 6374 6374
716 6367 0 2 0 6369
717 0 6439 0 18 6457
718 118 0 6326 1 6445
719 0 1 1 6171 6173
720 0 1 0 6302 6303
721 0 0 3 6397 6400
722 1 6410 4 14 6429
723 6466 0 2 2 6470
724 4 6490 0 0 6494
725 6462 0 9 0 6471
726 136 0 6339 0 6475
727 6441 0 0 0 6441
728 0 0 0 6426 6426
729 0 1 1 6493 6495
730 0 0 6422 3 6425
731 1 0 6386 5 6392
732 0 10 1 6147 6158
733 1 0 6292 0 6293
734 0 0 6226 0 6226
735 0 6285 0 4 6289
736 0 0 1 6348 6349
737 0 0 0 6401 6401
738 0 6468 0 0 6468
739 5 6458 0 7 6470
740 0 6537 0 0 6537
741 6635 0 1 0 6636
742 6594 0 1 0 6595
743 6501 0 0 0 6501
744 0 0 0 6481 6481
745 1 6552 0 0 6553
746 6596 1 0 0 6597
747 6529 1 0 0 6530
748 6439 3 1 0 6443
749 4 6533 4 0 6541
750 6566 1 0 0 6567
751 1 1 6510 0 6512
752 6496 4 2 0 6502
753 6482 11 0 2 6495
754 0 0 6449 0 6449
755 6381 0 0 0 6381
756 0 6568 0 3 6571
757 3 0 6663 0 6666
758 3 0 6628 0 6631
759 6616 0 11 0 6627
760 2 0 6646 0 6648
761 1 0 6607 0 6608
762 6638 0 0 5 6643
763 0 6655 0 2 6657
764 1 0 0 6678 6679
765 6637 0 1 0 6638
766 1 6666 0 0 6667
767 3 6708 0 2 6713
768 6677 0 2 4 6683
769 5 6748 0 0 6753
770 6807 0 0 0 6807
771 6802 0 0 0 6802
772 6705 0 0 0 6705
773 2 0 6715 0 6717
774 0 0 0 6236 6236
775 0 0 6616 1 6617
776 1 1 6786 1 6789
777 0 0 0 6568 6568
778 6867 1 4 1 6873
779 1 0 6873 4 6878
780 6829 1 0 4 6834
781 6871 4 1 0 6876
782 0 0 0 6890 6890
783 0 0 0 6888 6888
784 2 0 6854 1 6857
785 0 1 0 6719 6720
786 0 2 0 6813 6815
787 0 0 6734 2 6736
788 0 0 0 6709 6709
789 1 2 0 6771 6774
790 2 0 6705 1 6708
791 6681 0 0 0 6681
792 0 13 0 6711 6724
793 0 1 0 6715 6716
794 6721 0 1 4 6726
795 1 6676 0 7 6684
796 6721 0 1 0 6722
797 0 4 2 6698 6704
798 2 0 6668 0 6670
799 3 0 6634 0 6637
800 0 0 0 6294 6294
801 33 0 6530 0 6563
802 7 7160 2 5 7174
803 7459 0 9 12 7480
804 7526 0 1 0 7527
805 7457 0 90 0 7547
806 7565 0 1 0 7566
807 7639 0 1 0 7640
808 0 0 0 7596 7596
809 1 7669 0 5 7675
810 0 2 0 7732 7734
811 22 0 7720 0 7742
812 2 2 7741 0 7745
813 7551 0 218 0 7769
814 7876 0 42 1 7919
815 7967 0 0 0 7967
816 7972 0 1 0 7973
817 7960 0 2 0 7962
818 3 7976 0 0 7979
819 7978 1 1 1 7981
820 1 0 7944 0 7945
821 1 6 7872 2 7881
822 7928 2 3 0 7933
823 7941 0 26 1 7968
824 3 8053 0 0 8056
825 8138 0 1 0 8139
826 8096 0 3 1 8100
827 5 0 0 8131 8136
828 0 1 0 8143 8144
829 7985 0 1 8 7994
830 0 8073 0 2 8075
831 0 8091 0 0 8091
832 1 0 0 8062 8063
833 8038 1 0 0 8039
834 0 0 0 7991 7991
835 1 8066 0 1 8068
836 8135 0 0 0 8135
837 8130 0 4 0 8134
838 8076 0 0 0 8076
839 1 0 8057 0 8058
840 8000 2 1 0 8003
841 0 0 8110 0 8110
842 3 0 8110 1 8114
843 2 1 43 7113 7159
844 7948 1 31 1 7981
845 1 0 0 8120 8121
846 0 0 0 8155 8155
847 0 0 0 8179 8179
848 0 0 0 8248 8248
849 8229 3 4 11 8247
850 1 0 0 8192 8193
851 0 0 17 8177 8194
852 34 0 8075 0 8109
853 0 7975 0 4 7979
854 6 8039 0 1 8046
855 0 7 0 8071 8078
856 1 8116 0 7 8124
857 8148 0 3 0 8151
858 8103 0 0 0 8103
859 8095 0 0 0 8095
860 8060 1 2 2 8065
861 17 0 8051 0 8068
862 1 0 8047 0 8048
863 0 0 1 7214 7215
864 1 0 7898 1 7900
865 0 4 1 7713 7718
866 1 0 7933 0 7934
867 4 0 7968 0 7972
868 0 2 0 7655 7657
869 0 0 7890 0 7890
870 1 8027 0 3 8031
871 15 0 8152 0 8167
872 0 8241 4 2 8247
873 8311 0 2 0 8313
874 8276 0 3 6 8285
875 1 0 8315 0 8316
876 1 1 0 8192 8194
877 2 0 8434 0 8436
878 4 0 8534 0 8538
879 0 8653 0 15 8668
880 8787 1 2 0 8790
881 21 0 8845 3 8869
882 5 1 8812 2 8820
883 8628 0 0 0 8628
884 0 0 8917 0 8917
885 0 17 0 8477 8494
886 8981 0 7 0 8988
887 8940 0 1 0 8941
888 166 0 8884 0 9050
889 135 0 8867 0 9002
890 0 2 0 8805 8807
891 9139 0 0 0 9139
892 9180 0 4 0 9184
893 2 0 0 9224 9226
894 9232 1 1 3 9237
895 9344 0 0 0 9344
896 9385 0 0 0 9385
897 9443 1 2 0 9446
898 0 0 9491 2 9493
899 1 0 9384 0 9385
900 9450 1 6 0 9457
901 0 13 0 9408 9421
902 1 9141 1 267 9410
903 1 9743 0 1 9745
904 1 1 1 9740 9743
905 2 1 0 9761 9764
906 19 0 9739 23 9781
907 1 9610 9 0 9620
908 1 9906 0 3 9910
909 0 0 0 9948 9948
910 0 0 0 10011 10011
911 1 3 0 10025 10029
912 10067 4 35 3 10109
913 10027 0 1 3 10031
914 1 1 10 9993 10005
915 6 2 4 9966 9978
916 4 0 10014 0 10018
917 0 0 9936 0 9936
918 9765 0 20 0 9785
919 2 0 9945 0 9947
920 9929 0 0 1 9930
921 9953 0 27 0 9980
922 0 0 9958 1 9959
923 0 10026 0 2 10028
924 10070 0 0 0 10070
925 0 0 10112 0 10112
926 10092 0 0 0 10092
927 2 1 0 10133 10136
928 0 1 3 10158 10162
929 1 1 10103 1 10106
930 0 9995 0 2 9997
931 2 10087 0 0 10089
932 4 1 2 10024 10031
933 0 10088 0 11 10099
934 0 10171 0 2 10173
935 10144 1 2 0 10147
936 0 0 0 10222 10222
937 1 0 10309 0 10310
938 10245 1 1 3 10250
939 10253 1 0 0 10254
940 10292 1 2 2 10297
941 10222 0 0 1 10223
942 10201 0 3 0 10204
943 1 0 5 10118 10124
944 10102 1 1 2 10106
945 1 10200 0 19 10220
946 4 0 10248 4 10256
947 0 8 10212 1 10221
948 0 1 0 9818 9819
949 0 1 10148 1 10150
950 0 0 10206 0 10206
951 10124 24 9 0 10157
952 0 2 2 10331 10335
953 0 0 0 10465 10465
954 10434 0 1 3 10438
955 10494 1 1 0 10496
956 10545 0 3 1 10549
957 0 11411 0 0 11411
958 11549 0 4 1 11554
959 11530 1 0 0 11531
960 11657 0 0 1 11658
961 11747 0 10 10 11767
962 5 0 11900 0 11905
963 0 11984 0 3 11987
964 12207 9 0 0 12216
965 12191 0 1 0 12192
966 7 3 12090 1 12101
967 0 11960 0 2 11962
968 0 12113 0 4 12117
969 0 0 0 12123 12123
970 0 0 0 12226 12226
971 12133 1 1 2 12137
972 12 12174 0 0 12186
973 0 1 0 12133 12134
974 12064 2 5 0 12071
975 0 12038 0 124 12162
976 12119 1 2 1 12123
977 2 12250 8 4 12264
978 12181 22 0 20 12223
979 2 0 12403 4 12409
980 3 0 12299 7 12309
981 3 0 13067 2 13072
982 4 0 13147 1 13152
983 13169 0 22 0 13191
984 13277 0 0 3 13280
985 7 13252 0 19 13278
986 13348 0 0 2 13350
987 2 37 1 13348 13388
988 3 1 13352 1 13357
989 4 13376 0 3 13383
990 13485 0 5 1 13491
991 13520 0 0 0 13520
992 13406 0 1 0 13407
993 11 0 13409 0 13420
994 18 0 13402 0 13420
995 1 13369 0 2 13372
996 118 13386 0 3 13507
997 13545 2 0 0 13547
998 2 7 0 13628 13637
999 13704 2 1 0 13707
1000 0 0 13841 0 13841
1001 2 0 13823 0 13825
1002 13967 1 0 0 13968
1003 14127 0 1 2 14130
1004 14103 0 2 0 14105
1005 0 0 1 14083 14084
1006 6 6 0 14130 14142
1007 0 0 13931 3 13934
1008 3 13783 1 12 13799
1009 2 13798 0 5 13805
1010 2 14071 0 2 14075
1011 14232 0 6 3 14241
1012 14267 1 0 4 14272
1013 5 3 0 14183 14191
1014 14304 1 1 0 14306
1015 2 2 0 14083 14087
1016 2 1 14055 1 14059
1017 2 0 14041 0 14043
1018 1 2 14180 3 14186
1019 0 2 2 13342 13346
1020 3 0 14040 0 14043
1021 14295 1 2 1 14299
1022 14362 0 74 0 14436
1023 14383 1 1 0 14385
1024 14122 2 1 0 14125
1025 0 14271 0 0 14271
1026 13772 5 9 1 13787
1027 2 14358 0 42 14402
1028 3 14348 1 0 14352
1029 0 14466 0 12 14478
1030 9 1 0 14490 14500
1031 4 2 1 14575 14582
1032 3 0 14461 0 14464
1033 14407 1 0 0 14408
1034 14447 17 12 5 14481
1035 2 0 14375 3 14380
1036 61 14453 0 5 14519
1037 0 8 0 14641 14649
1038 382 0 14312 4 14698
1039 8 2 14617 1 14628
1040 0 14527 6 12 14545
1041 1 14611 0 2 14614
1042 14796 4 6 0 14806
1043 14859 6 1 0 14866
1044 0 2 0 15051 15053
1045 4 0 15024 1 15029
1046 8 0 14954 0 14962
1047 14696 0 1 2 14699
1048 14951 1 20 0 14972
1049 4 15000 0 0 15004
1050 3 15494 0 4 15501
1051 15644 4 2 1 15651
1052 15589 2 1 0 15592
1053 15633 1 1 0 15635
1054 1 1 0 15638 15640
1055 15759 0 1 1 15761
1056 1 0 1 15774 15776
1057 15840 0 1 0 15841
1058 91 0 15491 0 15582
1059 15181 0 7 1 15189
1060 2 15664 0 3 15669
1061 0 15632 1 1 15634
1062 1 8 0 15379 15388
1063 12 15699 12 1 15724
1064 0 15836 1 0 15837
1065 4 2 5 15692 15703
1066 91 0 15610 2 15703
1067 146 15522 0 1 15669
1068 15774 0 0 5 15779
1069 15721 1 5 0 15727
1070 15659 0 1 0 15660
1071 15617 0 2 1 15620
1072 1 15945 0 1 15947
1073 0 2 0 15898 15900
1074 15881 0 76 0 15957
1075 1 0 0 15863 15864
1076 0 7 0 16068 16075
1077 16172 0 8 5 16185
1078 16173 0 1 0 16174
1079 16075 1 7 0 16083
1080 16 0 16174 0 16190
1081 0 0 16169 0 16169
1082 15928 3 14 0 15945
1083 16144 0 0 0 16144
1084 16121 17 6 3 16147
1085 6 13 16425 5 16449
1086 11 0 16289 0 16300
1087 1 1 16260 2 16264
1088 2 9 16718 0 16729
1089 2 8 1 15950 15961
1090 2 3 0 16465 16470
1091 0 1 0 16926 16927
1092 32 16785 0 6 16823
1093 0 3 0 16976 16979
1094 0 2 0 17081 17083
1095 6 17152 1 6 17165
1096 3 0 17121 11 17135
1097 3 0 17007 0 17010
1098 16667 0 5 2 16674
1099 4 0 16944 0 16948
1100 1 16968 0 1 16970
1101 0 2 2 17240 17244
1102 17173 0 1 0 17174
1103 0 1 2 17217 17220
1104 1 2 1 17385 17389
1105 5 0 17209 1 17215
1106 5 17333 0 16 17354
1107 11 6 0 17586 17603
1108 3 0 17588 0 17591
1109 0 0 17719 8 17727
1110 3 2 0 17091 17096
1111 0 15 0 17572 17587
1112 0 3 0 17719 17722
1113 11 17691 0 5 17707
1114 0 0 1 17852 17853
1115 1 2 0 17974 17977
1116 17562 2 53 0 17617
1117 5 0 17775 3 17783
1118 17214 0 5 2 17221
1119 4 5 17750 0 17759
1120 0 0 17749 0 17749
1121 0 0 17678 0 17678
1122 17356 0 17 3 17376
1123 1 0 17759 0 17760
1124 2 2 17691 0 17695
1125 17248 0 3 7 17258
1126 5 2 4 17477 17488
1127 3 1 17654 1 17659
1128 2 0 17580 0 17582
1129 29 0 17538 0 17567
1130 17277 0 1 1 17279
1131 17441 0 1 0 17442
1132 8 1 17494 0 17503
1133 0 1 17423 0 17424
1134 17158 3 2 0 17163
1135 17282 20 0 0 17302
1136 4 2 0 17424 17430
1137 6 1 17335 1 17343
1138 17306 0 0 1 17307
1139 0 1 1 17257 17259
1140 1 7 1 17327 17336
1141 13 0 17252 0 17265
1142 6 17170 3 12 17191
1143 16967 170 2 1 17140
1144 2 0 17261 0 17263
1145 0 2 17230 0 17232
1146 0 0 0 16844 16844
1147 0 1 0 17264 17265
1148 4 0 17205 0 17209
1149 4 0 16936 0 16940
1150 3 17305 3 12 17323
1151 17379 2 1 1 17383
1152 5 17590 0 11 17606
1153 9 0 17578 3 17590
1154 6 0 17469 1 17476
1155 17270 0 25 0 17295
1156 3 0 1 17459 17463
1157 17348 0 1 1 17350
1158 6 17325 0 9 17340
1159 17323 0 5 2 17330
1160 10 17327 0 2 17339
1161 17316 0 2 1 17319
1162 0 1 2 16976 16979
1163 2 17039 0 0 17041
1164 4 17008 0 2 17014
1165 19 17052 1 2 17074
1166 16968 0 5 0 16973
1167 1 0 2 16969 16972
1168 8 0 16872 0 16880
1169 2 1 16622 0 16625
1170 15 0 16522 2 16539
1171 5 0 16539 0 16544
1172 1 16752 8 2 16763
1173 16570 1 1 0 16572
1174 1 16661 0 6 16668
1175 16679 0 0 1 16680
1176 1 1 2 16558 16562
1177 1 0 16583 8 16592
1178 4 0 16450 2 16456
1179 16165 2 7 0 16174
1180 2 0 16375 2 16379
1181 0 2 3 15950 15955
1182 16171 0 0 3 16174
1183 0 0 16178 0 16178
1184 5 16039 6 5 16055
1185 34 0 16074 13 16121
1186 594 1 15321 1 15917
1187 5 1 2 14304 14312
1188 6 0 14863 0 14869
1189 3 0 15343 2 15348
1190 0 14865 8 1 14874
1191 15150 0 11 1 15162
1192 3 1 15194 0 15198
1193 4 15063 0 2 15069
1194 0 3 0 14994 14997
1195 2 0 14887 12 14901
1196 14565 0 2 2 14569
1197 1 14646 0 12 14659
1198 8 15132 0 0 15140
1199 1 4 1 15031 15037
1200 1 0 0 15266 15267
1201 15143 0 0 3 15146
1202 15208 0 1 0 15209
1203 54 0 14697 0 14751
1204 14633 0 0 0 14633
1205 1 0 14483 0 14484
1206 9 14360 0 3 14372
1207 13941 1 1 2 13945
1208 2 14285 0 1 14288
1209 2 5 3 13983 13993
1210 3 14146 0 3 14152
1211 14199 0 2 0 14201
1212 14330 1 8 0 14339
1213 4 0 14038 0 14042
1214 13601 0 10 0 13611
1215 3 0 13553 0 13556
1216 28 0 13419 0 13447
1217 2 13350 3 0 13355
1218 21 13658 2 3 13684
1219 13001 1 596 0 13598
1220 2 4 0 13320 13326
1221 13456 0 2 0 13458
1222 13438 0 0 1 13439
1223 13391 0 3 0 13394
1224 13 12251 0 791 13055
1225 13029 0 1 2 13032
1226 13031 0 0 1 13032
1227 11 0 12724 0 12735
1228 12239 0 277 0 12516
1229 0 1 1 12466 12468
1230 12526 0 6 0 12532
1231 12579 0 0 0 12579
1232 3 12419 2 0 12424
1233 12478 5 20 0 12503
1234 12669 1 2 0 12672
1235 12662 1 1 0 12664
1236 12626 1 2 0 12629
1237 12591 1 1 0 12593
1238 12490 0 1 5 12496
1239 6 0 8 11950 11964
1240 2 12181 0 4 12187
1241 3 0 2 11768 11773
1242 27 12014 0 1 12042
1243 12054 0 1 0 12055
1244 11808 0 8 0 11816
1245 3 11824 0 1 11828
1246 2 3 0 11292 11297
1247 0 11699 0 4 11703
1248 0 7 1 11424 11432
1249 0 1 1 11546 11548
1250 0 3 2 11679 11684
1251 25 1 11272 0 11298
1252 11368 0 1 0 11369
1253 1 0 11344 1 11346
1254 1 2 0 10968 10971
1255 0 1 11188 2 11191
1256 11075 0 4 0 11079
1257 3 0 11101 1 11105
1258 17 11045 0 0 11062
1259 6 10 0 10976 10992
1260 100 0 10939 0 11039
1261 0 0 11075 0 11075
1262 10766 0 4 10 10780
1263 10967 0 3 0 10970
1264 19 0 10897 0 10916
1265 0 5 0 10312 10317
1266 10806 0 1 0 10807
1267 10988 1 2 0 10991
1268 11020 0 1 2 11023
1269 3 1 10583 0 10587
1270 10532 7 2 0 10541
1271 10422 0 0 1 10423
1272 1 2 0 10134 10137
1273 2 10133 0 3 10138
1274 2 2 1 10127 10132
1275 0 79 0 10026 10105
1276 1 10160 0 0 10161
1277 10110 1 1 1 10113
1278 10020 0 1 0 10021
1279 9959 0 0 0 9959
1280 0 0 9556 1 9557
1281 9571 0 135 0 9706
1282 0 9527 1 2 9530
1283 0 1 0 9584 9585
1284 9731 2 0 0 9733
1285 9666 1 0 0 9667
1286 3 4 8952 0 8959
1287 7 9156 0 40 9203
1288 4 0 9043 2 9049
1289 21 0 9037 2 9060
1290 5 8 0 8699 8712
1291 5 0 8754 0 8759
1292 1 8772 1 1 8775
1293 0 8980 0 2 8982
1294 8988 0 4 14 9006
1295 0 2 0 8997 8999
1296 3 1 8998 0 9002
1297 43 0 8940 2 8985
1298 8854 0 1 1 8856
1299 0 4 0 8929 8933
1300 2 0 8833 1 8836
1301 8811 1 0 0 8812
1302 8878 0 1 0 8879
1303 0 8805 2 0 8807
1304 0 0 0 8682 8682
1305 2 8718 0 0 8720
1306 1 8805 0 5 8811
1307 8774 0 2 0 8776
1308 28 8706 0 117 8851
1309 8892 0 0 0 8892
1310 8899 0 1 0 8900
1311 4 8811 4 10 8829
1312 6 0 8812 0 8818
1313 8833 0 3 1 8837
1314 8922 0 2 0 8924
1315 8918 0 0 0 8918
1316 1 2 0 8746 8749
1317 8732 1 1 0 8734
1318 5 8760 0 1 8766
1319 0 1 0 8771 8772
1320 8783 0 40 0 8823
1321 0 0 8551 0 8551
1322 8567 0 1 0 8568
1323 8542 0 6 0 8548
1324 42 8492 3 0 8537
1325 0 3 0 8462 8465
1326 8650 0 0 2 8652
1327 0 0 8458 1 8459
1328 8544 0 1 1 8546
1329 0 1 0 8457 8458
1330 1 0 8515 2 8518
1331 8429 0 2 1 8432
1332 5 0 8476 6 8487
1333 8425 0 1 0 8426
1334 8439 0 1 0 8440
1335 8378 0 28 0 8406
1336 0 0 8316 1 8317
1337 0 0 0 7652 7652
1338 229 0 7983 0 8212
1339 1 0 8307 0 8308
1340 8270 0 8 0 8278
1341 0 1 2 8177 8180
1342 2 0 8290 0 8292
1343 8206 0 0 0 8206
1344 0 11 0 8135 8146
1345 0 8253 0 0 8253
1346 1 0 0 8226 8227
1347 4 8163 0 64 8231
1348 8221 0 0 0 8221
1349 5 0 8136 2 8143
1350 8031 0 1 0 8032
1351 0 0 8051 1 8052
1352 2 8013 1 2 8018
1353 1 1 0 8062 8064
1354 0 0 8115 1 8116
1355 8109 0 0 0 8109
1356 0 4 0 8029 8033
1357 8039 0 21 0 8060
1358 1 8083 0 0 8084
1359 8127 26 0 0 8153
1360 8117 0 0 0 8117
1361 0 0 0 8022 8022
1362 8129 0 0 0 8129
1363 8058 1 0 0 8059
1364 0 0 7807 1 7808
1365 0 7835 0 11 7846
1366 0 4 0 7638 7642
1367 1 7756 0 1 7758
1368 7742 0 21 5 7768
1369 1 7725 0 9 7735
1370 7849 1 0 0 7850
1371 7848 0 6 0 7854
1372 7840 1 11 1 7853
1373 0 0 1 7756 7757
1374 7853 0 1 0 7854
1375 0 0 7669 0 7669
1376 7727 0 0 0 7727
1377 7619 0 0 0 7619
1378 1 7638 0 24 7663
1379 2 6 0 7461 7469
1380 8 7662 2 51 7723
1381 1 0 7642 1 7644
1382 0 7629 0 1 7630
1383 7456 0 2 47 7505
1384 0 0 7525 0 7525
1385 0 1 0 7298 7299
1386 0 7332 0 2 7334
1387 0 7495 2 1 7498
1388 1 2 3 7517 7523
1389 138 0 7329 0 7467
1390 2 7416 0 0 7418
1391 1 9 2 7478 7490
1392 4 2 0 7440 7446
1393 0 2 0 7334 7336
1394 0 7293 0 16 7309
1395 3 7339 1 5 7348
1396 7251 0 0 0 7251
1397 7232 0 1 1 7234
1398 3 1 0 7216 7220
1399 2 0 7214 0 7216
1400 7126 0 0 0 7126
1401 7142 0 24 2 7168
1402 0 0 7199 0 7199
1403 4 0 7110 0 7114
1404 7070 0 4 0 7074
1405 7149 0 1 0 7150
1406 0 3 0 7130 7133
1407 7178 0 0 0 7178
1408 7122 0 2 0 7124
1409 1 1 0 7128 7130
1410 7145 0 0 0 7145
1411 7108 0 1 0 7109
1412 7023 0 1 0 7024
1413 85 6984 0 0 7069
1414 6888 0 1 0 6889
1415 0 0 6847 1 6848
1416 0 1 0 6647 6648
1417 0 0 6779 1 6780
1418 6784 0 2 0 6786
1419 6810 0 8 3 6821
1420 46 0 6710 0 6756
1421 6633 0 40 0 6673
1422 0 33 0 6643 6676
1423 22 0 6638 0 6660
1424 6606 0 0 0 6606
1425 6469 0 30 1 6500
1426 0 6631 0 0 6631
1427 6554 0 0 0 6554
1428 0 2 0 6391 6393
1429 1 6443 0 0 6444
1430 2 0 0 6369 6371
1431 2 5534 873 0 6409
1432 88 11 0 6224 6323
1433 0 7 1 6377 6385
1434 2 0 6327 0 6329
1435 1 2 6233 0 6236
1436 5 6173 0 5 6183
1437 0 0 6155 0 6155
1438 1 6126 0 6 6133
1439 1 0 1 6198 6200
1440 0 7 0 6229 6236
1441 0 0 6192 0 6192
1442 6153 0 2 1 6156
1443 6109 0 0 0 6109
1444 9 6144 0 2 6155
1445 1 0 6150 1 6152
1446 6080 0 0 0 6080
1447 6113 1 0 0 6114
1448 6093 0 31 0 6124
1449 5 0 5961 0 5966
1450 1 5921 0 0 5922
1451 0 0 0 5940 5940
1452 7 0 5939 0 5946
1453 5869 0 6 0 5875
1454 5902 0 0 1 5903
1455 8 0 5835 0 5843
1456 5866 0 0 0 5866
1457 5844 1 2 0 5847
1458 5863 0 1 0 5864
1459 5814 0 0 0 5814
1460 0 4 0 5692 5696
1461 4 0 5511 0 5515
1462 0 5547 0 3 5550
1463 0 7 0 5581 5588
1464 30 0 5477 11 5518
1465 0 0 5470 1 5471
1466 0 2 5489 0 5491
1467 0 5413 0 0 5413
1468 0 5355 0 4 5359
1469 0 5359 0 1 5360
1470 3 5418 0 3 5424
1471 0 0 2 5389 5391
1472 1 5443 0 1 5445
1473 2 3 0 5468 5473
1474 2 0 5442 1 5445
1475 6 5433 0 0 5439
1476 0 1 3 5499 5503
1477 0 0 5526 1 5527
1478 0 0 0 5437 5437
1479 5423 0 0 0 5423
1480 0 0 5487 0 5487
1481 5375 1 3 0 5379
1482 0 0 5470 4 5474
1483 5350 1 0 0 5351
1484 0 1 0 5475 5476
1485 5472 7 0 0 5479
1486 4 0 5490 1 5495
1487 0 0 5465 2 5467
1488 11 0 5441 0 5452
1489 5484 0 1 3 5488
1490 5468 0 7 1 5476
1491 1 0 1 5472 5474
1492 0 0 5469 0 5469
1493 0 0 5443 0 5443
1494 5455 0 18 2 5475
1495 1 0 0 5473 5474
1496 0 0 5407 1 5408
1497 0 5393 1 2 5396
1498 0 2 0 5553 5555
1499 0 0 0 5596 5596
1500 0 2 0 5613 5615
1501 1 0 5564 1 5566
1502 5514 0 0 0 5514
1503 5505 0 4 1 5510
1504 5412 0 0 0 5412
1505 0 5481 0 2 5483
1506 2 5490 0 0 5492
1507 5515 0 1 0 5516
1508 5473 0 2 0 5475
1509 5427 0 0 0 5427
1510 1 5490 0 0 5491
1511 5394 1 1 0 5396
1512 0 5481 0 0 5481
1513 5465 1 0 1 5467
1514 5427 1 0 0 5428
1515 1 0 5401 0 5402
1516 5 6 0 5225 5236
1517 1 0 5304 1 5306
1518 0 5356 0 1 5357
1519 5384 1 0 0 5385
1520 5260 1 0 1 5262
1521 3 5280 0 1 5284
1522 0 5296 0 1 5297
1523 5281 0 0 0 5281
1524 0 0 5253 0 5253
1525 5137 0 3 0 5140
1526 0 5169 0 0 5169
1527 1 5201 0 0 5202
1528 0 1 1 5199 5201
1529 1 0 5180 2 5183
1530 0 1 0 5116 5117
1531 0 5116 0 4 5120
1532 0 0 0 5152 5152
1533 5084 3 2 1 5090
1534 0 0 5073 0 5073
1535 4979 1 0 0 4980
1536 0 5023 2 1 5026
1537 5014 0 0 0 5014
1538 75 0 4923 3 5001
1539 4976 0 0 0 4976
1540 4971 0 3 0 4974
1541 1 0 0 4994 4995
1542 4962 2 0 0 4964
1543 1 0 4901 0 4902
1544 1 4898 0 0 4899
1545 0 1 0 4907 4908
1546 1 0 4848 3 4852
1547 0 4890 0 1 4891
1548 0 2 0 4945 4947
1549 0 0 4904 0 4904
1550 7 0 4877 0 4884
1551 0 29 1 4688 4718
1552 4718 0 2 0 4720
1553 0 4846 0 7 4853
1554 0 5166 0 5 5171
1555 0 0 0 5146 5146
1556 0 2 0 5145 5147
1557 0 1 0 5138 5139
1558 5 0 5105 1 5111
1559 5090 1 0 0 5091
1560 1 0 0 5067 5068
1561 1 0 5002 2 5005
1562 0 4989 0 4 4993
1563 5031 1 0 0 5032
1564 2 0 5058 0 5060
1565 0 0 4960 1 4961
1566 4962 0 0 0 4962
1567 2 0 5000 0 5002
1568 5012 0 1 0 5013
1569 4981 0 6 1 4988
1570 0 1 0 4998 4999
1571 0 3 0 4980 4983
1572 1 1 0 4990 4992
1573 0 0 0 4903 4903
1574 0 4751 0 35 4786
1575 0 0 0 4602 4602
1576 0 4512 0 0 4512
1577 0 0 0 4472 4472
1578 1 4445 0 1 4447
1579 2 4425 0 0 4427
1580 0 4418 0 4 4422
1581 0 4414 0 2 4416
1582 4248 0 1 0 4249
1583 73 4301 0 3 4377
1584 42 4452 0 29 4523
1585 1 4 0 4516 4521
1586 2 1 0 4544 4547
1587 0 0 0 4580 4580
1588 219 0 4301 0 4520
1589 4454 1 0 0 4455
1590 0 0 0 4460 4460
1591 0 0 0 4488 4488
1592 0 4469 0 0 4469
1593 4429 0 1 1 4431
1594 0 4509 0 0 4509
1595 2 1 0 4458 4461
1596 1 1 4407 0 4409
1597 4361 0 0 0 4361
1598 4421 0 0 0 4421
1599 0 0 0 4482 4482
1600 4385 1 41 0 4427
1601 0 0 1 4490 4491
1602 0 1 0 4467 4468
1603 4395 1 0 0 4396
1604 0 4464 0 1 4465
1605 1 0 0 4410 4411
1606 0 1 4351 2 4354
1607 0 4357 0 0 4357
1608 1 8 0 4367 4376
1609 8 0 4343 0 4351
1610 1 4333 0 0 4334
1611 4353 0 4 1 4358
1612 0 1 0 4507 4508
1613 0 4496 0 4 4500
1614 0 0 0 4506 4506
1615 0 7 0 4525 4532
1616 1 0 0 4538 4539
1617 4519 0 0 0 4519
1618 4504 0 0 0 4504
1619 4503 0 1 0 4504
1620 0 6 0 4529 4535
1621 17 0 4432 0 4449
1622 4415 0 2 1 4418
1623 0 4443 0 23 4466
1624 0 0 4513 0 4513
1625 4459 0 5 0 4464
1626 0 1 0 4498 4499
1627 0 0 4471 3 4474
1628 1 0 4483 1 4485
1629 4363 0 48 4 4415
1630 1 0 1 4508 4510
1631 0 0 0 4606 4606
1632 1 0 4550 0 4551
1633 1 0 4535 0 4536
1634 4560 0 1 0 4561
1635 0 2 0 4631 4633
1636 4569 0 6 0 4575
1637 4561 0 0 0 4561
1638 0 7 0 4580 4587
1639 0 4574 0 1 4575
1640 4577 0 0 1 4578
1641 0 0 1 4517 4518
1642 4409 0 2 0 4411
1643 0 4516 0 0 4516
1644 0 1 1 4543 4545
1645 4526 0 2 0 4528
1646 0 0 1 4509 4510
1647 4463 0 0 0 4463
1648 0 4567 4 0 4571
1649 0 5 0 4596 4601
1650 0 0 4546 0 4546
1651 0 4663 0 1 4664
1652 1 0 0 4712 4713
1653 0 0 0 4726 4726
1654 0 1 0 4748 4749
1655 4679 0 2 0 4681
1656 1 4728 0 0 4729
1657 0 0 0 4733 4733
1658 4610 0 1 2 4613
1659 1 4723 0 1 4725
1660 0 0 1 4694 4695
1661 0 4740 0 1 4741
1662 4714 0 6 0 4720
1663 4609 0 0 1 4610
1664 0 4754 0 0 4754
1665 0 1 3 4716 4720
1666 2 0 4667 0 4669
1667 0 4672 0 7 4679
1668 0 2 0 4724 4726
1669 0 0 4632 0 4632
1670 1 4563 0 3 4567
1671 7 4594 2 5 4608
1672 4 0 1 4616 4621
1673 1 4603 0 0 4604
1674 0 4661 0 1 4662
1675 4714 0 1 0 4715
1676 0 0 4712 0 4712
1677 0 2 0 4648 4650
1678 0 2 0 4673 4675
1679 0 5 1 4712 4718
1680 6 0 4665 0 4671
1681 6 0 4621 0 4627
1682 4 4663 3 2 4672
1683 2 8 1 4669 4680
1684 4 0 4666 0 4670
1685 0 0 1 4647 4648
1686 4646 0 0 0 4646
1687 4612 0 2 0 4614
1688 1 4604 0 0 4605
1689 4521 0 1 0 4522
1690 0 4606 0 11 4617
1691 0 0 0 4609 4609
1692 45 0 4502 2 4549
1693 4498 0 1 1 4500
1694 0 0 1 4567 4568
1695 0 0 4537 0 4537
1696 4478 0 22 0 4500
1697 0 1 2 4540 4543
1698 4507 0 0 0 4507
1699 4 0 4472 0 4476
1700 0 4469 0 0 4469
1701 0 0 1 4486 4487
1702 4433 0 13 0 4446
1703 1 3 1 4442 4447
1704 0 4436 0 5 4441
1705 1 0 0 4424 4425
1706 0 0 0 4433 4433
1707 0 2 0 4427 4429
1708 0 0 4370 0 4370
1709 4 53 1 4286 4344
1710 0 1 1 4355 4357
1711 0 0 4304 0 4304
1712 0 0 1 4289 4290
1713 0 0 0 4297 4297
1714 0 1 0 4322 4323
1715 4285 0 0 1 4286
1716 1 0 1 4225 4227
1717 4222 0 3 0 4225
1718 0 1 0 4174 4175
1719 0 0 4154 8 4162
1720 7 0 4128 0 4135
1721 0 1 0 4133 4134
1722 0 4106 0 3 4109
1723 1 0 0 4104 4105
1724 0 4054 0 0 4054
1725 0 4029 0 6 4035
1726 3993 0 0 0 3993
1727 0 0 3999 1 4000
1728 3910 0 0 0 3910
1729 0 2 3894 0 3896
1730 3873 0 3 0 3876
1731 0 3775 0 0 3775
1732 3831 0 0 0 3831
1733 3790 0 0 0 3790
1734 0 10 0 3808 3818
1735 6 0 3787 0 3793
1736 0 1 0 3771 3772
1737 0 2 0 3766 3768
1738 0 0 0 3752 3752
1739 1 3711 0 0 3712
1740 0 1 0 3554 3555
1741 0 0 0 3538 3538
1742 0 1 3439 0 3440
1743 1 3399 0 1 3401
1744 2 0 0 3408 3410
1745 0 3337 0 0 3337
1746 0 3376 0 1 3377
1747 3371 0 6 0 3377
1748 0 0 0 3410 3410
1749 0 4 0 3386 3390
1750 0 1 0 3405 3406
1751 0 0 3364 0 3364
1752 0 2 0 3332 3334
1753 0 3325 0 0 3325
1754 0 0 0 3357 3357
1755 3312 0 0 0 3312
1756 0 0 0 3316 3316
1757 3303 0 0 0 3303
1758 3269 0 0 0 3269
1759 0 3 10 0 13
1760 0 0 11 0 11
