1 859 0 0 0 859
2 0 0 0 884 884
3 0 0 873 0 873
4 865 0 0 0 865
5 866 0 0 18 884
6 1 0 896 0 897
7 0 0 883 0 883
8 0 979 0 0 979
9 1022 0 1 0 1023
10 1022 0 1 0 1023
11 0 0 0 1119 1119
12 1127 0 0 0 1127
13 1149 0 0 0 1149
14 0 0 0 1146 1146
15 0 0 0 1188 1188
16 0 0 1235 0 1235
17 0 0 0 1212 1212
18 1216 0 1 0 1217
19 0 1235 0 0 1235
20 0 0 0 1236 1236
21 1232 0 0 0 1232
22 0 1259 0 0 1259
23 0 0 0 1254 1254
24 0 1275 0 8 1283
25 1302 0 0 1 1303
26 0 0 0 1286 1286
27 0 0 1290 0 1290
28 0 0 1308 0 1308
29 0 0 0 1264 1264
30 1321 0 0 0 1321
31 0 0 1517 0 1517
32 0 0 0 1521 1521
33 1561 0 0 0 1561
34 1570 0 0 0 1570
35 0 1564 0 0 1564
36 1679 0 0 0 1679
37 0 0 0 1673 1673
38 0 1681 0 0 1681
39 0 1678 0 1 1679
40 1683 0 0 0 1683
41 1653 0 0 0 1653
42 0 0 0 1696 1696
43 0 0 1687 0 1687
44 0 1709 0 2 1711
45 1726 0 0 0 1726
46 0 0 1708 0 1708
47 1781 0 0 0 1781
48 0 0 0 1770 1770
49 0 1801 0 0 1801
50 0 0 1799 0 1799
51 1827 0 0 0 1827
52 1798 0 2 0 1800
53 0 0 0 1807 1807
54 0 1812 0 0 1812
55 0 0 0 1812 1812
56 0 0 1803 0 1803
57 0 1787 0 0 1787
58 1797 0 2 0 1799
59 0 1834 0 0 1834
60 0 0 0 1825 1825
61 0 0 1840 0 1840
62 0 0 1823 0 1823
63 0 0 1847 0 1847
64 1828 0 9 1 1838
65 0 0 0 1868 1868
66 1883 0 0 0 1883
67 1872 0 0 0 1872
68 0 1895 0 0 1895
69 1878 0 5 0 1883
70 0 0 0 1908 1908
71 0 1905 0 0 1905
72 1 0 2109 0 2110
73 0 0 0 2186 2186
74 0 2215 0 0 2215
75 2250 1 2 0 2253
76 2236 0 3 1 2240
77 2284 0 0 0 2284
78 0 2315 0 7 2322
79 0 0 0 2275 2275
80 0 2320 0 4 2324
81 2270 0 1 1 2272
82 34 2330 0 0 2364
83 0 2355 0 1 2356
84 2341 0 41 0 2382
85 0 2451 0 0 2451
86 2420 0 18 0 2438
87 0 0 0 2428 2428
88 1 0 2429 0 2430
89 0 1 0 2416 2417
90 0 2446 0 0 2446
91 0 0 2680 0 2680
92 0 0 0 2651 2651
93 0 2772 0 0 2772
94 2825 0 0 0 2825
95 2804 0 3 0 2807
96 2820 0 0 0 2820
97 2806 0 0 0 2806
98 0 2909 0 0 2909
99 0 0 0 2918 2918
100 1 0 2901 0 2902
101 0 2939 0 0 2939
102 0 78 0 2850 2928
103 2947 0 0 1 2948
104 0 3037 0 0 3037
105 0 0 0 2996 2996
106 0 3064 0 0 3064
107 3044 1 0 0 3045
108 3032 0 0 0 3032
109 0 0 3064 0 3064
110 1 0 3126 0 3127
111 0 0 3084 0 3084
112 0 0 3039 0 3039
113 3151 0 9 0 3160
114 0 0 3118 0 3118
115 4 2 3174 0 3180
116 0 0 0 3096 3096
117 0 3244 0 0 3244
118 3270 0 1 0 3271
119 3251 0 0 0 3251
120 0 0 0 3275 3275
121 2 0 3243 0 3245
122 0 0 0 3188 3188
123 1 0 3184 0 3185
124 3211 0 0 0 3211
125 0 3256 0 1 3257
126 0 3228 12 3 3243
127 0 0 3228 0 3228
128 5 0 3227 0 3232
129 26 1 0 3043 3070
130 0 0 3196 0 3196
131 0 0 0 3214 3214
132 3270 0 0 0 3270
133 3301 0 0 0 3301
134 1 0 0 3309 3310
135 3274 0 1 0 3275
136 0 3294 0 0 3294
137 0 3284 0 0 3284
138 3225 0 64 0 3289
139 0 3301 0 0 3301
140 0 0 0 3273 3273
141 1 0 3262 0 3263
142 3243 0 0 0 3243
143 0 3415 0 0 3415
144 3426 0 0 0 3426
145 3412 0 0 0 3412
146 0 3471 0 0 3471
147 3458 0 0 0 3458
148 3420 0 0 0 3420
149 0 3430 0 0 3430
150 3375 0 0 1 3376
151 0 3443 0 2 3445
152 0 3449 0 0 3449
153 0 3388 0 45 3433
154 3441 0 0 0 3441
155 0 3509 0 0 3509
156 0 3505 0 1 3506
157 3504 1 1 0 3506
158 3400 0 72 0 3472
159 3429 0 0 0 3429
160 0 0 0 3450 3450
161 0 3500 0 0 3500
162 0 1 0 3442 3443
163 0 3498 0 0 3498
164 3472 0 0 0 3472
165 0 0 1 3452 3453
166 0 0 0 3498 3498
167 0 0 0 3506 3506
168 0 0 1 3531 3532
169 2 0 3500 0 3502
170 0 3541 0 1 3542
171 3539 0 0 0 3539
172 3533 1 2 0 3536
173 3485 0 0 0 3485
174 0 0 0 3515 3515
175 0 3552 0 0 3552
176 0 1 0 3518 3519
177 8 3546 0 0 3554
178 3543 0 0 1 3544
179 3532 0 0 0 3532
180 3485 0 0 0 3485
181 0 0 3481 0 3481
182 0 0 3443 0 3443
183 3423 0 17 0 3440
184 3475 1 0 0 3476
185 0 3466 0 21 3487
186 3474 0 0 0 3474
187 0 0 3449 0 3449
188 3435 0 0 0 3435
189 3442 0 0 0 3442
190 3429 0 0 0 3429
191 16 3425 0 0 3441
192 0 3408 0 0 3408
193 3424 0 1 0 3425
194 0 0 3423 0 3423
195 0 0 3291 0 3291
196 0 0 3250 1 3251
197 0 0 3357 0 3357
198 0 0 3373 0 3373
199 3488 0 0 0 3488
200 3492 0 0 0 3492
201 3491 13 0 0 3504
202 0 3525 0 1 3526
203 0 0 0 3478 3478
204 3476 1 0 0 3477
205 0 0 0 3513 3513
206 0 0 3528 0 3528
207 0 3533 0 1 3534
208 0 3604 0 0 3604
209 0 3642 0 1 3643
210 3653 1 9 0 3663
211 3648 0 0 0 3648
212 3617 0 0 0 3617
213 3622 1 0 0 3623
214 0 0 0 3673 3673
215 0 1 3614 0 3615
216 0 3635 0 0 3635
217 0 3727 0 0 3727
218 0 0 0 3720 3720
219 0 3772 0 0 3772
220 3792 0 0 0 3792
221 3778 1 0 0 3779
222 0 3778 0 0 3778
223 0 0 0 3743 3743
224 2 0 3707 0 3709
225 2 3767 5 0 3774
226 3787 0 0 0 3787
227 0 3794 0 2 3796
228 3761 0 0 0 3761
229 1 0 3674 0 3675
230 3648 0 0 0 3648
231 0 0 0 3673 3673
232 0 3791 0 0 3791
233 0 0 0 3804 3804
234 0 0 3814 0 3814
235 0 0 3747 0 3747
236 3759 0 1 0 3760
237 0 0 0 3786 3786
238 1 0 3801 0 3802
239 0 1 0 3697 3698
240 3749 0 1 0 3750
241 0 0 3692 0 3692
242 0 3648 6 12 3666
243 0 3834 0 2 3836
244 0 0 0 3847 3847
245 1 1 0 3863 3865
246 1 0 3866 0 3867
247 0 0 4130 0 4130
248 2 0 4155 0 4157
249 0 4206 0 9 4215
250 4195 0 23 0 4218
251 1 0 4219 1 4221
252 4195 0 1 0 4196
253 0 4362 0 0 4362
254 0 4396 0 0 4396
255 4433 0 2 0 4435
256 4344 0 0 0 4344
257 4357 0 0 0 4357
258 4358 0 0 2 4360
259 0 0 0 4344 4344
260 3 0 4286 0 4289
261 0 4310 0 0 4310
262 4318 0 0 0 4318
263 10 4332 0 2 4344
264 4323 1 0 0 4324
265 0 0 4320 0 4320
266 0 0 4349 0 4349
267 0 0 4346 0 4346
268 4428 0 10 0 4438
269 4443 0 1 0 4444
270 4434 0 0 0 4434
271 4421 0 0 0 4421
272 0 1 0 4389 4390
273 4100 0 37 0 4137
274 13 4343 0 0 4356
275 2 4356 0 0 4358
276 0 4355 0 0 4355
277 0 3 0 4255 4258
278 5 4318 0 1 4324
279 17 0 1 4261 4279
280 3 0 4316 0 4319
281 0 4250 0 0 4250
282 4286 0 0 0 4286
283 4268 0 0 0 4268
284 0 0 4309 0 4309
285 0 0 4225 0 4225
286 0 0 4272 0 4272
287 0 0 0 3899 3899
288 0 0 0 4226 4226
289 0 0 0 4263 4263
290 0 4280 1 0 4281
291 4315 0 0 0 4315
292 4250 0 1 4 4255
293 0 0 0 4224 4224
294 4203 0 0 1 4204
295 0 4182 0 0 4182
296 1 1 1 4102 4105
297 0 4184 0 0 4184
298 3 4192 0 0 4195
299 4099 0 2 0 4101
300 0 0 1 4035 4036
301 2 0 4057 0 4059
302 4063 0 1 0 4064
303 4077 0 0 0 4077
304 0 0 4008 0 4008
305 0 1 0 3865 3866
306 0 3968 0 1 3969
307 4010 0 2 0 4012
308 50 0 3947 0 3997
309 3945 0 11 15 3971
310 1 4001 0 0 4002
311 0 4052 0 0 4052
312 0 7 0 4051 4058
313 12 0 4042 1 4055
314 0 1 0 4024 4025
315 0 0 0 4057 4057
316 4037 0 0 0 4037
317 0 4077 0 0 4077
318 4083 0 2 0 4085
319 1 1 0 4070 4072
320 0 4104 0 2 4106
321 0 7 0 4074 4081
322 2 0 4038 0 4040
323 2 0 3995 3 4000
324 1 0 4126 3 4130
325 0 1 5 3938 3944
326 1 0 4050 0 4051
327 1 4314 0 17 4332
328 0 0 1 4378 4379
329 0 0 1 4406 4407
330 0 5 0 4374 4379
331 0 4358 1 0 4359
332 1 4448 0 0 4449
333 1 1 0 4497 4499
334 4476 0 1 0 4477
335 0 1 0 4424 4425
336 4410 0 0 0 4410
337 4335 5 0 4 4344
338 1 0 0 4408 4409
339 2 0 4419 0 4421
340 1 4421 0 0 4422
341 4348 0 0 0 4348
342 0 4467 0 0 4467
343 1 0 4387 0 4388
344 4287 0 0 1 4288
345 0 8 0 4366 4374
346 4372 0 0 0 4372
347 0 0 4326 0 4326
348 4274 0 0 1 4275
349 4262 0 0 0 4262
350 0 4304 0 0 4304
351 4360 0 2 0 4362
352 4273 0 0 0 4273
353 4252 0 0 0 4252
354 4256 0 25 0 4281
355 4360 0 0 0 4360
356 0 0 1 4229 4230
357 0 0 0 4296 4296
358 4265 0 0 0 4265
359 0 0 4166 0 4166
360 4233 0 0 1 4234
361 0 4299 0 0 4299
362 4289 0 0 0 4289
363 0 0 4152 0 4152
364 0 4145 0 0 4145
365 0 1 0 4125 4126
366 0 0 4124 0 4124
367 0 4094 0 0 4094
368 0 4195 0 0 4195
369 0 13 0 4227 4240
370 4219 0 0 0 4219
371 4156 0 1 0 4157
372 0 4211 0 0 4211
373 0 4164 0 0 4164
374 0 0 0 4120 4120
375 0 0 0 4105 4105
376 0 4169 0 0 4169
377 0 1 0 4015 4016
378 0 4170 0 0 4170
379 0 4184 0 15 4199
380 0 0 4191 1 4192
381 4076 18 23 0 4117
382 0 0 4190 2 4192
383 0 0 4178 0 4178
384 4176 0 1 0 4177
385 0 0 0 4170 4170
386 4178 0 0 0 4178
387 0 4386 1 1 4388
388 0 0 4393 2 4395
389 4410 0 0 0 4410
390 4358 0 0 0 4358
391 9 4391 0 7 4407
392 4364 0 0 0 4364
393 1 0 0 4353 4354
394 0 0 4367 0 4367
395 1 0 0 4293 4294
396 0 4398 0 0 4398
397 4436 0 1 0 4437
398 0 0 4426 1 4427
399 0 0 4327 1 4328
400 0 83 0 4160 4243
401 0 1 0 4361 4362
402 4348 0 1 0 4349
403 1 1 0 4350 4352
404 0 4379 0 1 4380
405 4373 0 3 0 4376
406 4302 1 1 1 4305
407 0 4368 0 0 4368
408 0 0 0 4293 4293
409 0 4338 0 0 4338
410 4336 0 1 0 4337
411 0 4351 0 0 4351
412 4409 1 0 1 4411
413 4367 0 1 0 4368
414 1 3228 1 1196 4426
415 0 0 4418 0 4418
416 6 100 0 4317 4423
417 0 2 1 4485 4488
418 4520 0 0 0 4520
419 0 0 0 4467 4467
420 0 4525 0 2 4527
421 4545 0 0 1 4546
422 4460 0 0 1 4461
423 0 0 0 4470 4470
424 24 0 4384 0 4408
425 1 4384 0 1 4386
426 4513 0 0 0 4513
427 1 0 4477 0 4478
428 4505 0 0 0 4505
429 4430 0 0 0 4430
430 0 0 4395 25 4420
431 4411 0 14 35 4460
432 1 0 0 4422 4423
433 0 0 4420 0 4420
434 0 4401 0 3 4404
435 4370 0 0 2 4372
436 0 4445 0 15 4460
437 0 4465 0 0 4465
438 4494 0 0 0 4494
439 1 0 4528 1 4530
440 0 0 4471 11 4482
441 4489 0 0 0 4489
442 0 0 4476 0 4476
443 1 0 4424 0 4425
444 4448 0 0 0 4448
445 1 4440 0 0 4441
446 1 4429 0 0 4430
447 1 4467 0 1 4469
448 0 5 0 4407 4412
449 4399 0 0 0 4399
450 0 4514 0 0 4514
451 4556 1 3 0 4560
452 4499 0 0 0 4499
453 4491 0 0 0 4491
454 4483 0 2 0 4485
455 0 0 0 4412 4412
456 0 21 0 4423 4444
457 0 0 4385 2 4387
458 0 0 4322 0 4322
459 4305 0 7 0 4312
460 4242 0 0 0 4242
461 0 4353 0 0 4353
462 0 4374 0 0 4374
463 0 0 0 4321 4321
464 0 4350 0 0 4350
465 4366 0 0 0 4366
466 0 0 4308 1 4309
467 0 0 4209 0 4209
468 112 0 4098 0 4210
469 3 0 1 4004 4008
470 0 4165 0 0 4165
471 0 0 0 4206 4206
472 0 0 0 4206 4206
473 0 0 4191 0 4191
474 0 4056 0 0 4056
475 0 4036 0 14 4050
476 0 4104 0 1 4105
477 0 0 0 4123 4123
478 4117 18 8 0 4143
479 4111 0 0 1 4112
480 0 4171 0 0 4171
481 4139 0 1 0 4140
482 2 1 0 4028 4031
483 0 0 0 3964 3964
484 3926 0 1 0 3927
485 0 3962 0 0 3962
486 0 3935 0 13 3948
487 3996 0 0 0 3996
488 3944 0 0 0 3944
489 0 0 0 3907 3907
490 0 0 3940 0 3940
491 0 0 3878 0 3878
492 3896 0 0 0 3896
493 3935 0 1 0 3936
494 3932 0 1 0 3933
495 1 3924 0 8 3933
496 0 0 3923 1 3924
497 0 1 3885 0 3886
498 3851 0 12 0 3863
499 0 0 0 3767 3767
500 1 1 0 3726 3728
501 0 3740 0 1 3741
502 0 0 0 3695 3695
503 0 0 0 3650 3650
504 0 3694 0 1 3695
505 1 0 3581 0 3582
506 52 3492 0 0 3544
507 3537 0 6 0 3543
508 3505 0 1 1 3507
509 0 3497 0 0 3497
510 3534 0 1 0 3535
511 3498 0 0 0 3498
512 0 0 1 3440 3441
513 0 0 3450 0 3450
514 1 0 3434 0 3435
515 1 3453 0 0 3454
516 0 1 0 3420 3421
517 0 1 0 3497 3498
518 1 1 3363 6 3371
519 0 0 3304 0 3304
520 0 0 3374 0 3374
521 0 3386 0 29 3415
522 0 3458 0 0 3458
523 2 0 3441 1 3444
524 0 1 0 3283 3284
525 1 3358 0 0 3359
526 0 3433 0 2 3435
527 18 3562 0 0 3580
528 3542 0 2 0 3544
529 3554 0 1 0 3555
530 3570 0 0 0 3570
531 3563 0 1 5 3569
532 3480 1 0 0 3481
533 3470 1 0 0 3471
534 0 3486 0 1 3487
535 0 0 3426 0 3426
536 3426 0 6 0 3432
537 7 3463 0 0 3470
538 3488 1 0 0 3489
539 3477 0 0 0 3477
540 3510 0 0 0 3510
541 3479 0 15 0 3494
542 3518 2 7 0 3527
543 0 3487 0 0 3487
544 3503 0 0 0 3503
545 3518 0 0 0 3518
546 3535 0 1 0 3536
547 3461 54 0 0 3515
548 26 3452 0 0 3478
549 3403 0 0 0 3403
550 0 1 3271 0 3272
551 1 3309 0 0 3310
552 3376 0 0 0 3376
553 3374 0 0 0 3374
554 1 3257 0 0 3258
555 3331 0 0 0 3331
556 1 0 3285 0 3286
557 3319 0 0 0 3319
558 0 0 1 3170 3171
559 1 3359 0 0 3360
560 0 3369 0 0 3369
561 3287 0 0 0 3287
562 0 0 0 3179 3179
563 0 0 0 3208 3208
564 3241 1 0 0 3242
565 3220 1 1 0 3222
566 0 3189 0 0 3189
567 3206 1 0 0 3207
568 3202 1 0 0 3203
569 3 0 1 3180 3184
570 3237 1 0 0 3238
571 0 0 3185 0 3185
572 3261 0 6 0 3267
573 3314 0 0 0 3314
574 21 2 3148 0 3171
575 0 0 0 2968 2968
576 3127 0 0 0 3127
577 0 3176 0 11 3187
578 0 3290 0 2 3292
579 3282 0 0 0 3282
580 1 0 0 3258 3259
581 3234 0 0 0 3234
582 1 3252 0 2 3255
583 3262 0 0 0 3262
584 0 1 1 3202 3204
585 0 0 1 3201 3202
586 0 1 1 3245 3247
587 1 0 3178 0 3179
588 0 0 0 3106 3106
589 3205 0 0 1 3206
590 0 3242 0 0 3242
591 3269 0 0 1 3270
592 4 0 3264 0 3268
593 3258 0 0 0 3258
594 3293 1 0 0 3294
595 0 0 3310 0 3310
596 0 0 3295 2 3297
597 3290 0 0 0 3290
598 0 0 3265 0 3265
599 3314 0 0 0 3314
600 3354 0 0 0 3354
601 0 0 3254 0 3254
602 3298 0 24 0 3322
603 0 3326 0 0 3326
604 0 3366 0 0 3366
605 3402 0 0 0 3402
606 3372 1 0 0 3373
607 3387 1 0 0 3388
608 0 1 0 3372 3373
609 0 0 0 3361 3361
610 3297 17 0 0 3314
611 0 3366 0 0 3366
612 0 3414 0 11 3425
613 0 0 3534 0 3534
614 0 0 0 3391 3391
615 0 0 0 3469 3469
616 0 31 0 3612 3643
617 0 0 3698 0 3698
618 0 0 3643 0 3643
619 0 0 3639 0 3639
620 0 0 3636 0 3636
621 0 0 3757 0 3757
622 0 1 0 3645 3646
623 0 0 0 3816 3816
624 0 3906 0 2 3908
625 0 3970 0 1 3971
626 3929 0 24 0 3953
627 0 4047 0 0 4047
628 0 2 0 4032 4034
629 1 4283 0 0 4284
630 0 0 0 4319 4319
631 3 0 4288 0 4291
632 4292 0 0 0 4292
633 1 4407 0 0 4408
634 4449 0 0 0 4449
635 3991 0 525 15 4531
636 0 4544 0 1 4545
637 4234 0 238 0 4472
638 4539 0 0 0 4539
639 0 0 4532 0 4532
640 3750 0 750 1 4501
641 163 1506 1 2913 4583
642 161 4480 0 0 4641
643 1 4674 0 1 4676
644 4703 0 0 0 4703
645 4698 0 2 1 4701
646 4672 0 0 0 4672
647 0 0 0 4548 4548
648 0 0 4584 1 4585
649 6 0 4562 0 4568
650 0 4613 0 1 4614
651 4688 0 0 0 4688
652 4667 0 0 0 4667
653 4559 1 41 0 4601
654 105 0 4393 0 4498
655 0 4531 0 0 4531
656 0 0 0 4594 4594
657 0 4637 0 0 4637
658 0 0 0 4655 4655
659 4873 0 0 0 4873
660 1 0 0 4801 4802
661 0 0 4857 1 4858
662 0 0 4844 1 4845
663 14 0 4875 1 4890
664 0 0 4902 0 4902
665 4878 0 0 1 4879
666 0 4974 0 0 4974
667 1 4 0 4953 4958
668 0 5034 13 1 5048
669 5051 0 0 0 5051
670 5073 0 2 1 5076
671 5031 0 1 0 5032
672 0 0 4985 0 4985
673 0 5005 0 0 5005
674 0 4995 0 0 4995
675 0 5096 0 1 5097
676 0 5186 0 0 5186
677 5206 0 22 5 5233
678 15 0 5177 0 5192
679 5190 0 0 0 5190
680 5232 0 0 0 5232
681 0 0 5235 0 5235
682 0 1 0 5143 5144
683 0 2 0 5255 5257
684 0 5239 0 1 5240
685 5176 0 0 0 5176
686 2 5289 0 0 5291
687 122 5179 0 0 5301
688 1 8 0 5203 5212
689 0 5296 0 0 5296
690 5289 0 2 0 5291
691 0 0 0 5234 5234
692 25 5229 0 0 5254
693 0 1 0 5262 5263
694 0 2 5212 0 5214
695 0 5259 0 0 5259
696 1 5306 0 1 5308
697 5292 0 16 0 5308
698 5295 0 0 0 5295
699 0 5289 0 3 5292
700 1 0 5293 1 5295
701 4 0 5233 0 5237
702 5249 0 1 0 5250
703 0 0 5241 0 5241
704 0 2 0 5195 5197
705 1 1 5263 1 5266
706 5210 0 1 0 5211
707 0 5234 0 1 5235
708 1 5296 0 0 5297
709 5267 0 3 0 5270
710 0 5302 0 0 5302
711 5280 0 0 0 5280
712 1 5371 0 1 5373
713 5323 0 0 1 5324
714 0 4 0 5254 5258
715 0 0 0 5273 5273
716 5263 0 0 0 5263
717 2 5339 0 1 5342
718 0 0 5294 0 5294
719 0 1 0 5031 5032
720 0 2 0 5196 5198
721 1 0 0 5358 5359
722 0 5391 0 1 5392
723 5373 1 0 1 5375
724 0 5422 0 1 5423
725 5351 0 0 0 5351
726 0 0 5357 0 5357
727 5317 0 0 0 5317
728 0 1 1 5329 5331
729 0 0 0 5369 5369
730 0 0 5361 1 5362
731 0 0 5300 0 5300
732 1 0 1 5138 5140
733 1 1 5281 1 5284
734 0 0 5222 1 5223
735 1 5311 0 1 5313
736 0 0 0 5338 5338
737 1 2 0 5357 5360
738 0 5391 0 24 5415
739 1 5493 4 0 5498
740 1 5508 0 1 5510
741 5579 0 6 1 5586
742 5554 0 3 0 5557
743 5505 0 0 0 5505
744 1 0 4 5502 5507
745 0 5398 0 1 5399
746 5406 0 0 0 5406
747 5334 0 3 0 5337
748 5290 0 0 1 5291
749 11 5347 0 0 5358
750 5342 0 1 0 5343
751 0 0 5282 0 5282
752 5238 0 0 0 5238
753 5274 0 0 0 5274
754 0 0 5278 0 5278
755 5186 1 0 0 5187
756 1 5336 0 0 5337
757 1 0 5353 1 5355
758 20 0 5277 0 5297
759 5334 0 0 0 5334
760 0 0 5312 0 5312
761 0 0 5288 0 5288
762 5281 0 0 0 5281
763 2 5337 0 0 5339
764 0 0 0 5362 5362
765 5313 0 0 1 5314
766 17 5311 0 0 5328
767 0 5367 0 0 5367
768 5284 0 4 1 5289
769 0 5333 1 2 5336
770 5363 0 0 0 5363
771 5321 0 0 0 5321
772 5253 0 7 0 5260
773 0 0 5316 0 5316
774 1 0 0 4798 4799
775 1 0 5203 1 5205
776 0 0 5274 1 5275
777 0 0 1 5106 5107
778 5346 0 0 0 5346
779 1 0 5370 0 5371
780 5422 0 1 0 5423
781 5484 0 0 0 5484
782 0 0 1 5557 5558
783 0 0 0 5591 5591
784 0 0 5554 0 5554
785 0 2 0 5493 5495
786 0 2 0 5579 5581
787 0 0 5599 1 5600
788 1 0 0 5558 5559
789 0 6 1 5621 5628
790 1 0 5602 0 5603
791 5538 0 0 0 5538
792 0 74 0 5434 5508
793 0 0 0 5598 5598
794 5579 1 0 0 5580
795 0 5528 0 0 5528
796 5564 0 0 0 5564
797 0 1 0 5510 5511
798 0 0 5493 0 5493
799 0 0 5412 0 5412
800 0 0 0 5119 5119
801 1 0 5359 1 5361
802 2 5657 0 2 5661
803 5854 0 1 0 5855
804 5930 0 2 0 5932
805 5443 0 472 0 5915
806 5908 0 0 0 5908
807 5936 0 0 0 5936
808 0 0 0 5892 5892
809 1 5951 0 27 5979
810 0 0 0 6043 6043
811 2 0 6073 2 6077
812 0 0 6122 0 6122
813 6106 0 0 0 6106
814 6203 0 0 0 6203
815 6166 1 0 0 6167
816 6124 0 0 0 6124
817 6085 0 3 0 6088
818 1 6128 0 0 6129
819 6042 0 0 0 6042
820 0 0 6030 1 6031
821 0 1 5955 0 5956
822 5960 0 0 0 5960
823 5977 0 1 0 5978
824 0 6081 0 1 6082
825 6127 0 2 0 6129
826 6141 0 3 0 6144
827 0 0 2 6149 6151
828 0 0 0 6202 6202
829 6078 1 38 0 6117
830 0 6125 0 0 6125
831 2 6126 0 1 6129
832 0 0 1 6108 6109
833 6130 0 0 0 6130
834 0 0 0 6037 6037
835 0 6160 0 0 6160
836 6214 0 2 1 6217
837 6234 0 14 0 6248
838 6257 0 0 0 6257
839 0 0 6234 0 6234
840 6169 0 11 1 6181
841 0 0 6217 0 6217
842 1 0 6252 1 6254
843 2 1 0 5429 5432
844 6137 0 0 2 6139
845 0 0 0 6154 6154
846 0 0 0 6169 6169
847 0 1 1 6236 6238
848 0 0 0 6229 6229
849 6252 0 0 2 6254
850 0 1 0 6162 6163
851 0 1 0 6171 6172
852 1 0 6106 0 6107
853 0 5978 0 0 5978
854 0 6055 0 0 6055
855 1 36 0 6047 6084
856 7 6130 0 0 6137
857 6205 0 1 0 6206
858 6162 0 0 0 6162
859 6144 0 0 0 6144
860 6084 0 1 0 6085
861 0 0 6143 2 6145
862 0 20 6051 1 6072
863 12 1 1 5404 5418
864 0 0 6043 1 6044
865 0 0 0 5987 5987
866 0 0 6142 0 6142
867 0 0 6114 1 6115
868 1 3 0 5823 5827
869 0 0 5866 0 5866
870 0 5864 0 149 6013
871 1 0 6108 1 6110
872 0 6117 0 0 6117
873 6223 0 0 0 6223
874 6206 0 0 0 6206
875 37 0 6210 1 6248
876 0 0 0 6112 6112
877 1 0 6371 1 6373
878 1 0 6440 0 6441
879 5 6478 0 2 6485
880 6608 0 1 0 6609
881 0 0 6604 0 6604
882 44 0 6559 0 6603
883 6543 0 0 0 6543
884 0 0 6734 2 6736
885 0 2 1 6323 6326
886 6721 0 1 0 6722
887 6737 0 14 0 6751
888 14 1 6793 0 6808
889 168 0 6651 0 6819
890 0 1 0 6610 6611
891 6924 0 1 0 6925
892 6955 0 1 0 6956
893 0 0 1 7053 7054
894 7044 0 0 0 7044
895 7022 0 0 0 7022
896 7030 0 0 0 7030
897 6984 0 0 0 6984
898 0 0 7009 2 7011
899 0 0 6920 0 6920
900 6881 0 2 0 6883
901 1 2 0 6881 6884
902 0 6904 0 0 6904
903 0 7058 0 2 7060
904 0 0 0 7003 7003
905 0 2 0 7076 7078
906 90 2 6909 40 7041
907 0 6906 7 3 6916
908 1 7087 0 0 7088
909 0 0 0 7110 7110
910 0 0 0 7119 7119
911 0 0 0 7188 7188
912 7214 0 0 2 7216
913 7123 0 0 0 7123
914 1 0 14 7053 7068
915 1 3 0 7145 7149
916 1 0 7245 0 7246
917 0 0 7245 1 7246
918 7070 0 83 0 7153
919 0 0 7224 0 7224
920 7193 0 1 0 7194
921 7193 0 0 1 7194
922 2 0 7192 0 7194
923 0 7200 0 0 7200
924 7360 0 2 0 7362
925 0 0 7358 0 7358
926 7351 0 0 0 7351
927 0 27 0 7400 7427
928 0 1 0 7392 7393
929 0 0 7337 0 7337
930 1 7154 0 1 7156
931 1 7169 0 2 7172
932 0 0 0 7046 7046
933 0 7139 0 0 7139
934 1 7229 0 0 7230
935 7250 0 0 0 7250
936 0 2 0 7251 7253
937 0 0 7383 1 7384
938 7336 0 2 1 7339
939 7342 0 2 0 7344
940 7369 0 0 0 7369
941 7312 0 2 1 7315
942 7287 1 0 1 7289
943 0 1 0 7142 7143
944 7112 1 2 0 7115
945 0 7241 0 2 7243
946 0 0 7307 1 7308
947 1 0 7275 0 7276
948 1 0 0 6916 6917
949 2 0 7194 0 7196
950 1 0 7249 0 7250
951 7194 0 1 0 7195
952 0 0 0 7228 7228
953 1 1 1 7380 7383
954 7352 0 0 0 7352
955 7278 1 0 0 7279
956 7211 1 0 0 7212
957 0 7737 0 0 7737
958 7667 0 0 0 7667
959 7644 0 0 2 7646
960 7796 0 0 0 7796
961 7822 0 19 0 7841
962 1 0 8361 0 8362
963 0 8250 0 15 8265
964 8418 0 1 0 8419
965 8447 0 0 0 8447
966 4 0 8376 0 8380
967 0 8204 26 1 8231
968 0 8580 0 0 8580
969 0 0 0 8522 8522
970 0 0 0 8605 8605
971 8526 0 0 0 8526
972 29 8571 0 0 8600
973 1 0 1 8545 8547
974 8603 0 2 1 8606
975 0 8671 0 0 8671
976 8584 0 0 0 8584
977 0 8630 0 1 8631
978 8578 0 10 3 8591
979 1 0 8645 2 8648
980 2 0 8566 1 8569
981 0 1 8958 1 8960
982 3 0 8927 11 8941
983 8963 0 2 0 8965
984 9009 0 17 1 9027
985 0 9029 0 2 9031
986 9098 0 2 0 9100
987 0 1 0 9109 9110
988 5 0 9047 0 9052
989 0 9044 0 0 9044
990 9077 0 1 0 9078
991 9093 0 1 0 9094
992 8942 0 1 1 8944
993 1 0 8869 0 8870
994 37 0 8801 1 8839
995 0 8782 0 1 8783
996 0 8864 0 1 8865
997 8860 0 1 0 8861
998 0 63 1 8928 8992
999 9025 1 0 0 9026
1000 0 0 9021 0 9021
1001 0 0 9028 0 9028
1002 8959 0 1 0 8960
1003 9082 0 0 0 9082
1004 9014 0 2 0 9016
1005 0 1 0 8901 8902
1006 0 5 0 8929 8934
1007 1 0 8826 0 8827
1008 1 8716 0 3 8720
1009 1 8862 0 0 8863
1010 0 9044 0 0 9044
1011 9252 0 1 0 9253
1012 9301 1 1 1 9304
1013 0 0 0 9192 9192
1014 9306 0 1 0 9307
1015 0 3 0 9263 9266
1016 2 0 9272 0 9274
1017 9 3 9151 1 9164
1018 0 0 9244 0 9244
1019 1 2 0 8647 8650
1020 12 1 9103 0 9116
1021 9315 0 2 1 9318
1022 9387 0 2 0 9389
1023 9300 0 0 0 9300
1024 9157 2 1 0 9160
1025 0 9208 0 1 9209
1026 9024 0 2 0 9026
1027 0 9362 0 3 9365
1028 0 9311 2 1 9314
1029 0 9482 0 6 9488
1030 0 0 0 9487 9487
1031 0 0 0 9494 9494
1032 1 0 9417 0 9418
1033 9363 0 0 0 9363
1034 9360 0 6 0 9366
1035 2 0 9225 0 9227
1036 29 9250 1 0 9280
1037 0 16 0 9279 9295
1038 6 0 9395 0 9401
1039 10 0 9202 0 9212
1040 7 9017 0 2 9026
1041 0 9130 0 0 9130
1042 9333 1 0 0 9334
1043 9333 0 1 0 9334
1044 0 1 0 9482 9483
1045 1 0 9460 0 9461
1046 1 0 9362 0 9363
1047 9035 2 0 0 9037
1048 9257 0 0 0 9257
1049 3 9277 0 0 9280
1050 1 9576 0 0 9577
1051 9757 1 2 1 9761
1052 9767 1 0 0 9768
1053 9764 1 2 0 9767
1054 0 2 0 9707 9709
1055 9833 0 2 1 9836
1056 0 0 0 9827 9827
1057 9851 0 0 0 9851
1058 0 0 9614 0 9614
1059 9274 0 0 2 9276
1060 0 9613 0 0 9613
1061 0 9665 0 0 9665
1062 2 0 2 9538 9542
1063 0 9726 0 2 9728
1064 3 9821 0 0 9824
1065 0 61 0 9643 9704
1066 3 0 9642 0 9645
1067 0 9756 1 1 9758
1068 9840 1 3 1 9845
1069 9907 0 0 1 9908
1070 9829 0 0 0 9829
1071 9768 1 0 1 9770
1072 0 9921 0 0 9921
1073 0 1 2 9945 9948
1074 9913 1 1 0 9915
1075 0 0 0 9792 9792
1076 0 0 0 9967 9967
1077 10078 0 0 2 10080
1078 10023 1 14 0 10038
1079 10073 0 1 0 10074
1080 0 0 10237 0 10237
1081 1 0 10393 0 10394
1082 10190 0 2 1 10193
1083 10451 0 51 2 10504
1084 10462 21 18 0 10501
1085 30 1 10715 1 10747
1086 0 0 10560 0 10560
1087 0 0 10497 1 10498
1088 0 0 10927 1 10928
1089 1 0 0 10380 10381
1090 0 0 0 10695 10695
1091 0 0 0 11098 11098
1092 0 11100 0 3 11103
1093 1 1 0 11165 11167
1094 0 1 0 11339 11340
1095 0 11445 0 2 11447
1096 1 0 11465 0 11466
1097 1 0 11381 1 11383
1098 11195 1 3 0 11199
1099 1 0 11398 0 11399
1100 0 11370 0 0 11370
1101 0 1 0 11549 11550
1102 11482 0 0 0 11482
1103 0 1 0 11703 11704
1104 0 1 21 11872 11894
1105 1 0 11779 0 11780
1106 0 12027 0 4 12031
1107 0 1 23 12132 12156
1108 21 0 12164 0 12185
1109 0 0 12298 0 12298
1110 1 2 1 11840 11844
1111 0 0 0 12242 12242
1112 0 1 1 12394 12396
1113 0 12399 0 18 12417
1114 0 0 0 12500 12500
1115 0 1 0 12489 12490
1116 12275 0 0 0 12275
1117 0 0 12427 0 12427
1118 12049 13 0 0 12062
1119 570 0 11781 0 12351
1120 3 0 12295 1 12299
1121 0 1 12304 0 12305
1122 12104 0 2 1 12107
1123 0 0 12375 0 12375
1124 0 0 12294 0 12294
1125 12068 0 1 0 12069
1126 1 0 0 12289 12290
1127 0 0 12406 0 12406
1128 0 0 12380 0 12380
1129 9 0 12380 0 12389
1130 12203 0 0 0 12203
1131 12284 0 2 1 12287
1132 0 1 12283 2 12286
1133 1 1 12377 1 12380
1134 12216 0 1 1 12218
1135 12274 0 0 1 12275
1136 0 1 1 12355 12357
1137 1 0 12351 0 12352
1138 12277 1 55 0 12333
1139 1 0 1 12260 12262
1140 1 0 9 12388 12398
1141 24 0 12456 0 12480
1142 2 12526 1 3 12532
1143 12526 0 6 1 12533
1144 7 0 12659 0 12666
1145 0 0 12624 51 12675
1146 0 0 0 12405 12405
1147 1 0 1 12718 12720
1148 4 1 12763 0 12768
1149 3 2 12537 0 12542
1150 1 12919 1 10 12931
1151 12938 0 1 0 12939
1152 16 13052 0 46 13114
1153 0 0 13160 0 13160
1154 1 0 13072 0 13073
1155 12893 0 3 1 12897
1156 0 2 1 12994 12997
1157 12921 0 0 2 12923
1158 5 12842 0 0 12847
1159 12866 0 4 1 12871
1160 1 12927 0 2 12930
1161 12858 0 3 0 12861
1162 1 18 0 12691 12710
1163 1 12800 0 1 12802
1164 1 12736 0 0 12737
1165 0 12862 0 2 12864
1166 12803 0 1 0 12804
1167 0 1 1 12803 12805
1168 4 0 12803 3 12810
1169 1 0 12618 9 12628
1170 1 0 12509 0 12510
1171 0 2 12367 0 12369
1172 0 12439 1 3 12443
1173 12343 0 1 0 12344
1174 2 12419 0 0 12421
1175 12378 0 0 2 12380
1176 1 3 2 12334 12340
1177 0 0 12439 0 12439
1178 7 0 12270 0 12277
1179 12049 0 1 0 12050
1180 1 0 12234 0 12235
1181 0 1 1 11884 11886
1182 12178 1 0 0 12179
1183 11 0 12169 0 12180
1184 0 12133 0 9 12142
1185 120 0 11981 0 12101
1186 20 0 11917 0 11937
1187 0 2 2 10735 10739
1188 24 0 11139 0 11163
1189 1 72 11344 0 11417
1190 0 11147 1 12 11160
1191 11300 0 1 0 11301
1192 1 1 11212 0 11214
1193 0 11082 0 0 11082
1194 0 3 0 11040 11043
1195 1 0 11062 0 11063
1196 10877 0 1 1 10879
1197 1 10976 0 19 10996
1198 131 11318 0 1 11450
1199 0 0 0 11333 11333
1200 0 1 0 11440 11441
1201 11419 0 1 0 11420
1202 11418 0 0 0 11418
1203 61 0 11004 0 11065
1204 11037 0 0 0 11037
1205 1 0 10923 0 10924
1206 1 10764 51 0 10816
1207 10412 0 0 5 10417
1208 0 10545 0 0 10545
1209 1 1 2 10356 10360
1210 2 10604 0 1 10607
1211 10494 0 1 9 10504
1212 10569 0 3 0 10572
1213 189 0 10299 0 10488
1214 10200 0 2 0 10202
1215 1 0 10122 0 10123
1216 4 0 10084 0 10088
1217 1 9843 0 0 9844
1218 79 9983 0 6 10068
1219 10046 0 70 1 10117
1220 0 1 0 9893 9894
1221 9983 0 1 0 9984
1222 10043 0 0 0 10043
1223 9924 0 0 0 9924
1224 1 9717 0 46 9764
1225 9828 0 0 10 9838
1226 9835 0 0 1 9836
1227 1 0 9699 0 9700
1228 9565 1 1 0 9567
1229 0 0 2 9508 9510
1230 9560 0 0 0 9560
1231 9513 0 2 1 9516
1232 0 9462 0 2 9464
1233 9643 0 1 0 9644
1234 9603 1 2 0 9606
1235 9614 0 2 0 9616
1236 9636 0 2 0 9638
1237 9645 1 0 0 9646
1238 9581 0 0 1 9582
1239 0 1 4 9046 9051
1240 1 9304 0 1 9306
1241 0 1 1 8955 8957
1242 28 9165 0 1 9194
1243 9267 0 1 1 9269
1244 8977 0 1 1 8979
1245 1 9054 1 0 9056
1246 0 0 1 8653 8654
1247 0 9083 0 0 9083
1248 2 0 0 8859 8861
1249 0 43 3 8818 8864
1250 1 0 0 9029 9030
1251 9 0 8847 1 8857
1252 8628 0 1 0 8629
1253 0 0 8587 0 8587
1254 0 0 0 8184 8184
1255 0 0 8388 0 8388
1256 8229 32 2 0 8263
1257 0 0 8400 0 8400
1258 0 8298 0 3 8301
1259 0 0 1 8225 8226
1260 0 0 8281 1 8282
1261 0 0 8361 0 8361
1262 8128 0 0 0 8128
1263 8087 0 12 13 8112
1264 0 0 8009 0 8009
1265 0 0 0 7600 7600
1266 7897 0 1 0 7898
1267 8032 0 1 0 8033
1268 8167 0 0 0 8167
1269 25 0 7896 0 7921
1270 7804 0 0 0 7804
1271 7740 0 1 1 7742
1272 1 0 1 7490 7492
1273 1 7539 0 6 7546
1274 0 0 0 7565 7565
1275 1 0 1 7403 7405
1276 0 7441 0 1 7442
1277 7559 0 1 0 7560
1278 7430 0 0 0 7430
1279 7450 6 1 0 7457
1280 0 0 7211 1 7212
1281 7223 0 53 0 7276
1282 1 7220 0 0 7221
1283 0 0 0 7274 7274
1284 7302 0 0 0 7302
1285 7256 0 0 0 7256
1286 0 0 6890 0 6890
1287 0 6949 1 4 6954
1288 1 0 7046 1 7048
1289 0 0 6998 0 6998
1290 22 69 0 6527 6618
1291 0 0 6737 0 6737
1292 0 6632 0 0 6632
1293 0 6846 0 0 6846
1294 6795 0 0 0 6795
1295 0 2 10 6785 6797
1296 2 0 6791 1 6794
1297 0 0 6799 0 6799
1298 6742 0 11 0 6753
1299 0 0 0 6760 6760
1300 1 0 6707 0 6708
1301 6689 0 0 0 6689
1302 6739 0 0 30 6769
1303 1 6611 0 0 6612
1304 0 0 3 6475 6478
1305 1 6637 0 1 6639
1306 0 6714 0 1 6715
1307 6629 0 0 0 6629
1308 2 6694 0 1 6697
1309 6704 0 2 0 6706
1310 6682 1 0 1 6684
1311 8 6647 0 51 6706
1312 1 0 6736 1 6738
1313 6753 0 0 0 6753
1314 6868 0 0 0 6868
1315 6820 0 1 0 6821
1316 0 2 0 6688 6690
1317 6660 0 1 0 6661
1318 3 6719 0 1 6723
1319 0 0 1 6746 6747
1320 6815 0 0 0 6815
1321 0 0 6599 0 6599
1322 6640 0 0 0 6640
1323 6676 0 2 0 6678
1324 229 6379 0 0 6608
1325 1 1 1 6567 6570
1326 6779 0 0 0 6779
1327 0 0 6668 0 6668
1328 6718 0 0 0 6718
1329 0 0 1 6592 6593
1330 1 0 6650 0 6651
1331 6460 0 2 0 6462
1332 0 0 6598 0 6598
1333 6501 2 0 1 6504
1334 6647 1 0 0 6648
1335 6710 16 26 0 6752
1336 0 0 6730 0 6730
1337 1 0 1 6118 6120
1338 1 0 6647 1 6649
1339 4 0 6742 0 6746
1340 6767 0 0 0 6767
1341 0 0 0 6677 6677
1342 0 0 6734 1 6735
1343 6678 0 2 1 6681
1344 0 1 2 6651 6654
1345 0 6744 0 0 6744
1346 0 2 2 6613 6617
1347 13 6577 0 2 6592
1348 6663 0 1 0 6664
1349 1 0 6597 0 6598
1350 6457 0 0 0 6457
1351 0 0 6456 4 6460
1352 0 6438 0 2 6440
1353 0 1 0 6510 6511
1354 1 0 6600 0 6601
1355 6535 0 0 1 6536
1356 0 0 0 6433 6433
1357 6484 0 2 0 6486
1358 0 6504 0 1 6505
1359 6591 26 0 0 6617
1360 6576 0 2 1 6579
1361 1 0 0 6507 6508
1362 6606 0 1 0 6607
1363 6521 0 1 0 6522
1364 0 0 6295 0 6295
1365 0 6303 0 2 6305
1366 0 0 0 6209 6209
1367 0 6351 0 0 6351
1368 6418 0 1 1 6420
1369 0 6421 0 1 6422
1370 6544 0 2 0 6546
1371 6520 1 0 0 6521
1372 6496 0 0 0 6496
1373 0 1 1 6401 6403
1374 6545 0 0 1 6546
1375 0 0 6420 0 6420
1376 6401 7 0 0 6408
1377 6318 7 0 0 6325
1378 0 6340 0 0 6340
1379 0 0 0 6082 6082
1380 0 5659 0 643 6302
1381 2 0 6216 2 6220
1382 0 6180 0 0 6180
1383 5985 0 3 0 5988
1384 2 0 5988 0 5990
1385 0 1 0 5905 5906
1386 0 5908 0 0 5908
1387 0 6102 0 0 6102
1388 0 4 0 6082 6086
1389 248 0 5843 0 6091
1390 0 6028 0 0 6028
1391 0 0 0 6055 6055
1392 0 0 1 6051 6052
1393 1 1 0 5911 5913
1394 4 5953 0 0 5957
1395 0 5994 0 1 5995
1396 5896 0 18 0 5914
1397 5895 0 0 0 5895
1398 0 0 0 5877 5877
1399 5 0 5841 0 5846
1400 5695 0 1 0 5696
1401 5733 0 0 0 5733
1402 0 0 5732 1 5733
1403 1 0 5657 0 5658
1404 5638 0 0 1 5639
1405 5665 0 0 0 5665
1406 0 0 0 5565 5565
1407 5635 0 0 0 5635
1408 5615 0 1 0 5616
1409 0 0 0 5627 5627
1410 5617 0 1 0 5618
1411 5590 0 0 0 5590
1412 5551 0 0 0 5551
1413 0 5578 0 37 5615
1414 5543 0 0 0 5543
1415 0 0 5553 0 5553
1416 0 60 0 5338 5398
1417 1 0 5480 0 5481
1418 5477 0 0 0 5477
1419 5548 0 0 0 5548
1420 0 0 5461 16 5477
1421 5411 0 0 1 5412
1422 0 334 0 5094 5428
1423 2 0 5432 1 5435
1424 5361 0 30 0 5391
1425 4930 0 380 0 5310
1426 0 5359 0 0 5359
1427 5261 0 0 0 5261
1428 0 0 0 5189 5189
1429 0 5250 0 0 5250
1430 0 0 0 5113 5113
1431 0 5117 75 0 5192
1432 0 0 0 5122 5122
1433 0 42 0 5105 5147
1434 0 0 5079 0 5079
1435 0 0 4931 1 4932
1436 0 4866 0 1 4867
1437 3 0 4863 0 4866
1438 0 4845 0 5 4850
1439 0 14 1 4893 4908
1440 0 0 0 4919 4919
1441 1 0 4905 0 4906
1442 4839 0 1 0 4840
1443 4780 0 0 0 4780
1444 0 4833 0 1 4834
1445 3 0 4813 1 4817
1446 4749 0 0 0 4749
1447 4801 0 1 1 4803
1448 4778 0 0 0 4778
1449 8 0 4726 0 4734
1450 0 4680 0 0 4680
1451 0 1 0 4734 4735
1452 0 0 4734 0 4734
1453 4635 0 0 0 4635
1454 4679 0 1 0 4680
1455 1 0 4577 0 4578
1456 4505 0 0 0 4505
1457 4475 0 1 0 4476
1458 4452 0 6 0 4458
1459 4439 0 0 0 4439
1460 0 1 6 4404 4411
1461 2 0 4256 0 4258
1462 0 4279 1 0 4280
1463 0 1 0 4364 4365
1464 0 0 4267 7 4274
1465 1 0 4271 0 4272
1466 1 0 4310 0 4311
1467 0 4232 0 0 4232
1468 0 4259 0 0 4259
1469 4 4211 0 0 4215
1470 0 4310 0 0 4310
1471 0 0 0 4175 4175
1472 0 4282 0 0 4282
1473 0 22 0 4232 4254
1474 1 0 4278 0 4279
1475 0 4208 0 0 4208
1476 0 0 0 4280 4280
1477 0 0 4293 0 4293
1478 0 1 0 4224 4225
1479 4246 0 0 0 4246
1480 1 0 4258 0 4259
1481 4150 0 0 0 4150
1482 0 0 4293 0 4293
1483 4154 0 0 0 4154
1484 0 0 0 4272 4272
1485 4218 0 0 0 4218
1486 1 0 4268 13 4282
1487 0 0 4240 0 4240
1488 3 0 4156 0 4159
1489 4174 0 0 0 4174
1490 4200 0 0 0 4200
1491 0 0 0 4208 4208
1492 0 0 4199 1 4200
1493 1 0 4167 0 4168
1494 4111 0 0 1 4112
1495 0 6 0 4116 4122
1496 0 0 4080 0 4080
1497 0 4082 1 0 4083
1498 11 0 1 4174 4186
1499 0 0 0 4207 4207
1500 0 1 0 4195 4196
1501 2 0 4187 0 4189
1502 4170 0 0 0 4170
1503 4116 0 11 0 4127
1504 4019 0 1 0 4020
1505 0 4129 0 0 4129
1506 0 4109 0 0 4109
1507 4137 0 0 0 4137
1508 4132 0 0 0 4132
1509 4114 1 0 0 4115
1510 0 4121 0 0 4121
1511 4040 0 0 1 4041
1512 0 4141 0 0 4141
1513 4051 0 22 0 4073
1514 4028 0 0 0 4028
1515 0 0 4011 1 4012
1516 0 0 0 3875 3875
1517 1 0 3963 0 3964
1518 0 3976 0 0 3976
1519 3962 0 1 0 3963
1520 3914 0 0 0 3914
1521 0 3973 0 0 3973
1522 0 3957 0 2 3959
1523 3903 0 0 0 3903
1524 8 0 3876 0 3884
1525 3802 0 1 1 3804
1526 3 3832 0 0 3835
1527 0 3857 0 0 3857
1528 0 0 1 3860 3861
1529 1 0 3824 0 3825
1530 0 0 0 3815 3815
1531 0 3841 0 0 3841
1532 0 0 1 3881 3882
1533 3856 0 0 0 3856
1534 0 0 3816 0 3816
1535 3765 0 0 1 3766
1536 0 3832 0 0 3832
1537 3818 0 0 0 3818
1538 20 0 3806 0 3826
1539 3800 0 0 0 3800
1540 3843 0 0 0 3843
1541 1 0 0 3844 3845
1542 3821 0 0 0 3821
1543 2 0 3781 0 3783
1544 0 3768 0 1 3769
1545 0 0 0 3781 3781
1546 0 0 3724 1 3725
1547 0 3743 0 0 3743
1548 0 0 0 3751 3751
1549 1 0 3698 1 3700
1550 0 0 3665 0 3665
1551 0 0 0 3489 3489
1552 3513 0 0 0 3513
1553 0 3587 0 0 3587
1554 0 3789 0 0 3789
1555 0 0 1 3827 3828
1556 0 0 0 3845 3845
1557 0 0 0 3847 3847
1558 33 0 3822 0 3855
1559 3815 0 0 1 3816
1560 0 0 0 3825 3825
1561 8 0 3762 0 3770
1562 0 3746 0 1 3747
1563 3730 0 4 0 3734
1564 0 0 3715 0 3715
1565 0 0 3692 0 3692
1566 3707 0 0 0 3707
1567 1 0 3775 0 3776
1568 3741 0 0 0 3741
1569 3692 0 0 0 3692
1570 0 0 0 3680 3680
1571 0 0 1 3710 3711
1572 0 0 0 3718 3718
1573 0 0 0 3638 3638
1574 0 3500 0 0 3500
1575 0 0 0 3422 3422
1576 1 3378 0 1 3380
1577 1 0 0 3376 3377
1578 0 3395 0 0 3395
1579 0 3374 0 0 3374
1580 0 3357 0 0 3357
1581 0 3368 0 12 3380
1582 3184 0 7 0 3191
1583 0 3333 0 0 3333
1584 0 3315 0 81 3396
1585 1 2 1 3299 3303
1586 0 0 0 3392 3392
1587 0 2 0 3442 3444
1588 0 0 3422 0 3422
1589 3325 0 0 0 3325
1590 0 0 0 3341 3341
1591 0 0 0 3293 3293
1592 0 3274 0 0 3274
1593 3183 0 1 0 3184
1594 0 3250 0 0 3250
1595 0 0 0 3252 3252
1596 0 0 3188 0 3188
1597 3199 0 0 0 3199
1598 3207 0 0 0 3207
1599 0 0 0 3236 3236
1600 3165 0 57 0 3222
1601 0 0 0 3279 3279
1602 0 1 48 3268 3317
1603 3260 0 0 0 3260
1604 0 3308 0 1 3309
1605 0 0 0 3207 3207
1606 0 0 3176 1 3177
1607 0 3129 0 0 3129
1608 0 0 0 3184 3184
1609 0 0 3165 0 3165
1610 0 3141 0 7 3148
1611 3179 0 0 1 3180
1612 0 7 0 3255 3262
1613 0 3277 0 0 3277
1614 0 0 0 3262 3262
1615 0 0 1 3276 3277
1616 0 10 0 3287 3297
1617 3277 0 0 0 3277
1618 3257 0 0 0 3257
1619 3229 0 0 0 3229
1620 0 1 0 3227 3228
1621 0 0 3160 0 3160
1622 3129 0 1 0 3130
1623 0 3215 0 0 3215
1624 0 0 3241 0 3241
1625 3196 0 0 1 3197
1626 0 1 0 3220 3221
1627 0 0 3187 0 3187
1628 2 0 3217 0 3219
1629 3203 0 2 0 3205
1630 0 0 0 3284 3284
1631 0 0 0 3294 3294
1632 0 0 3264 0 3264
1633 0 0 3236 0 3236
1634 3242 0 0 0 3242
1635 1 0 0 3286 3287
1636 3261 0 1 0 3262
1637 3207 0 0 0 3207
1638 0 0 0 3188 3188
1639 0 3200 0 0 3200
1640 3183 0 0 0 3183
1641 0 0 0 3125 3125
1642 3051 0 0 0 3051
1643 0 3102 0 0 3102
1644 0 0 0 3130 3130
1645 3106 0 0 0 3106
1646 0 0 0 3173 3173
1647 3090 0 0 0 3090
1648 0 3160 0 0 3160
1649 0 0 0 3167 3167
1650 0 0 3103 0 3103
1651 0 3182 0 0 3182
1652 0 0 0 3238 3238
1653 0 0 0 3229 3229
1654 0 1 0 3222 3223
1655 3164 0 1 0 3165
1656 0 3172 0 18 3190
1657 0 0 0 3235 3235
1658 3111 0 0 0 3111
1659 0 3120 0 0 3120
1660 0 0 0 3105 3105
1661 0 3125 0 1 3126
1662 3127 0 0 0 3127
1663 3000 0 0 0 3000
1664 0 3152 0 0 3152
1665 0 0 0 3140 3140
1666 1 0 3118 1 3120
1667 0 3093 0 6 3099
1668 0 1 0 3122 3123
1669 0 0 3078 0 3078
1670 0 2999 1 0 3000
1671 5 2985 0 0 2990
1672 0 0 0 2992 2992
1673 0 2967 0 0 2967
1674 0 3017 0 0 3017
1675 3083 0 0 0 3083
1676 3 0 3073 0 3076
1677 0 1 0 3031 3032
1678 0 1 0 3028 3029
1679 0 0 0 3084 3084
1680 2 0 3022 11 3035
1681 7 0 2994 0 3001
1682 0 3059 0 0 3059
1683 0 10 0 3035 3045
1684 0 0 3021 0 3021
1685 0 0 0 3007 3007
1686 2994 0 0 0 2994
1687 2965 0 1 0 2966
1688 0 2965 0 0 2965
1689 2902 0 2 1 2905
1690 17 2872 0 61 2950
1691 0 0 0 2964 2964
1692 19 0 2912 0 2931
1693 2930 0 2 0 2932
1694 1 1 0 2932 2934
1695 0 0 2900 0 2900
1696 2856 0 0 0 2856
1697 2 0 0 2835 2837
1698 2816 0 1 0 2817
1699 1 0 2818 0 2819
1700 0 2748 0 0 2748
1701 0 0 0 2829 2829
1702 2793 0 0 0 2793
1703 0 0 0 2788 2788
1704 0 2788 0 1 2789
1705 1 0 1 2784 2786
1706 0 1 0 2832 2833
1707 0 1 0 2818 2819
1708 0 0 2811 0 2811
1709 0 34 0 2733 2767
1710 0 0 0 2787 2787
1711 0 0 2758 1 2759
1712 0 0 0 2753 2753
1713 0 7 0 2738 2745
1714 0 0 0 2784 2784
1715 2754 0 0 0 2754
1716 0 0 0 2653 2653
1717 2640 0 0 0 2640
1718 0 1 0 2612 2613
1719 1 0 2615 0 2616
1720 1 0 2568 0 2569
1721 0 0 0 2561 2561
1722 0 2510 0 0 2510
1723 0 1 0 2538 2539
1724 3 2450 0 0 2453
1725 7 2485 0 0 2492
1726 2460 0 1 0 2461
1727 0 0 2473 0 2473
1728 2405 0 0 0 2405
1729 6 0 2383 0 2389
1730 2350 0 0 0 2350
1731 0 2277 0 0 2277
1732 2321 0 0 0 2321
1733 2314 0 1 0 2315
1734 0 9 0 2318 2327
1735 1 0 2222 0 2223
1736 0 0 0 2240 2240
1737 0 0 0 2236 2236
1738 0 0 0 2231 2231
1739 0 2209 0 0 2209
1740 0 0 0 2120 2120
1741 0 0 0 2131 2131
1742 1 1 2053 1 2056
1743 0 2001 0 0 2001
1744 0 2 0 2055 2057
1745 0 1899 0 0 1899
1746 46 1892 0 0 1938
1747 1969 0 0 0 1969
1748 0 1 1 1984 1986
1749 0 0 0 1979 1979
1750 0 0 0 2013 2013
1751 0 0 1991 1 1992
1752 0 0 0 1962 1962
1753 0 1941 0 0 1941
1754 0 0 0 1960 1960
1755 1910 0 0 0 1910
1756 0 0 0 1943 1943
1757 1926 0 0 0 1926
1758 1874 0 0 0 1874
1759 0 0 0 0 0
1760 0 0 0 0 0
