1 1006 0 0 0 1006
2 0 0 0 1021 1021
3 0 0 1027 0 1027
4 1016 0 0 0 1016
5 1016 3 0 2 1021
6 3 0 1040 0 1043
7 0 0 1038 0 1038
8 0 1114 0 0 1114
9 1136 1 5 1 1143
10 1135 0 0 0 1135
11 0 1 0 1172 1173
12 1182 0 0 0 1182
13 1199 0 0 0 1199
14 1 1 0 1198 1200
15 0 0 0 1209 1209
16 0 0 1227 0 1227
17 0 0 0 1227 1227
18 1254 0 0 0 1254
19 1 1271 0 0 1272
20 0 1 0 1275 1276
21 1261 0 1 0 1262
22 0 1308 0 0 1308
23 0 0 0 1307 1307
24 0 1334 0 1 1335
25 1350 0 0 0 1350
26 0 0 0 1363 1363
27 0 0 1354 0 1354
28 0 0 1358 0 1358
29 0 3 0 1338 1341
30 1391 0 0 2 1393
31 0 0 1654 0 1654
32 0 4 0 1631 1635
33 1702 0 0 0 1702
34 1700 0 5 0 1705
35 0 1711 0 0 1711
36 1761 0 0 1 1762
37 0 0 0 1780 1780
38 0 1789 0 0 1789
39 4 1796 0 0 1800
40 1809 0 0 0 1809
41 1787 0 4 0 1791
42 0 5 1 1836 1842
43 0 0 1848 0 1848
44 1 1854 0 0 1855
45 1862 0 0 0 1862
46 0 0 1863 0 1863
47 1856 0 0 0 1856
48 0 11 1 1835 1847
49 42 1828 0 0 1870
50 0 0 1870 0 1870
51 1887 0 0 0 1887
52 1853 0 7 0 1860
53 0 0 0 1876 1876
54 1 1864 0 0 1865
55 0 0 0 1870 1870
56 1 0 1867 1 1869
57 1 1866 0 0 1867
58 1859 0 0 0 1859
59 0 1895 0 1 1896
60 0 0 1 1889 1890
61 0 0 1876 0 1876
62 0 0 1863 0 1863
63 1 0 1868 0 1869
64 1869 0 4 1 1874
65 0 0 1 1905 1906
66 1911 0 0 0 1911
67 1906 0 1 1 1908
68 0 1912 0 0 1912
69 1916 0 0 0 1916
70 0 1 0 1900 1901
71 0 1919 0 0 1919
72 0 0 2097 0 2097
73 1 1 1 2081 2084
74 2 2131 0 1 2134
75 2167 0 4 2 2173
76 2161 0 1 0 2162
77 2151 5 15 1 2172
78 5 2205 0 0 2210
79 0 0 1 2201 2202
80 3 2213 0 3 2219
81 2219 1 5 0 2225
82 8 2240 0 1 2249
83 0 2263 0 1 2264
84 2265 0 1 0 2266
85 2 2285 2 0 2289
86 2279 1 1 1 2282
87 0 0 0 2313 2313
88 6 0 2298 0 2304
89 1 1 0 2287 2289
90 1 2303 0 2 2306
91 1 1 2500 0 2502
92 1 2 0 2564 2567
93 2 2695 1 2 2700
94 2812 0 0 0 2812
95 2809 0 0 0 2809
96 2790 0 0 0 2790
97 2787 1 0 3 2791
98 0 2909 0 0 2909
99 0 3 1 2929 2933
100 0 0 2933 1 2934
101 1 2971 0 0 2972
102 1 4 0 2970 2975
103 2965 0 1 0 2966
104 0 3068 0 0 3068
105 1 7 0 3048 3056
106 5 3077 0 0 3082
107 3093 0 0 0 3093
108 3062 4 2 3 3071
109 1 2 3269 1 3273
110 1 1 3344 2 3348
111 0 1 3365 1 3367
112 0 0 3333 0 3333
113 3440 0 4 1 3445
114 3 1 3489 1 3494
115 4 0 3635 0 3639
116 0 2 0 3505 3507
117 1 3678 0 1 3680
118 3735 0 3 1 3739
119 3747 0 0 0 3747
120 1 1 0 3771 3773
121 0 1 3775 2 3778
122 1 3 0 3725 3729
123 10 3 3713 0 3726
124 3751 0 6 1 3758
125 0 3872 0 1 3873
126 1 3857 0 5 3863
127 1 0 3894 1 3896
128 0 0 3959 1 3960
129 1 2 1 3788 3792
130 8 0 3950 0 3958
131 0 3 0 3947 3950
132 4047 0 0 0 4047
133 4072 0 0 0 4072
134 0 0 0 4090 4090
135 4032 0 2 1 4035
136 0 4109 0 4 4113
137 1 4111 0 0 4112
138 4098 0 0 0 4098
139 0 4173 0 4 4177
140 1 2 0 4238 4241
141 3 0 4244 0 4247
142 4253 0 3 1 4257
143 1 4490 0 0 4491
144 4533 1 1 0 4535
145 4653 0 0 0 4653
146 0 4744 0 1 4745
147 4736 0 3 0 4739
148 4648 0 2 0 4650
149 0 4804 0 0 4804
150 4698 0 1 1 4700
151 0 4858 0 1 4859
152 0 4819 1 1 4821
153 0 4852 0 2 4854
154 4832 0 10 0 4842
155 0 4974 0 25 4999
156 15 5055 0 6 5076
157 5099 0 3 0 5102
158 5083 0 4 0 5087
159 5044 0 0 0 5044
160 0 0 2 5067 5069
161 1 5128 0 1 5130
162 1 1 0 5084 5086
163 4 5158 0 1 5163
164 5131 0 1 0 5132
165 0 6 0 5132 5138
166 0 3 1 5140 5144
167 0 3 0 5152 5155
168 0 2 0 5198 5200
169 3 1 5188 2 5194
170 5 5190 0 2 5197
171 5202 0 3 0 5205
172 5162 0 0 0 5162
173 5125 0 0 2 5127
174 0 2 0 5142 5144
175 1 5164 1 1 5167
176 0 1 0 5142 5143
177 1 5179 0 4 5184
178 5184 0 0 0 5184
179 5149 0 1 0 5150
180 5146 0 2 0 5148
181 0 0 5143 0 5143
182 1 1 5054 0 5056
183 5041 0 1 1 5043
184 5103 0 4 1 5108
185 1 5110 1 36 5148
186 4916 0 0 214 5130
187 2 0 5101 0 5103
188 5075 0 1 0 5076
189 5064 0 2 0 5066
190 5022 0 1 0 5023
191 3 5051 0 2 5056
192 14 5015 1 1 5031
193 5043 1 1 0 5045
194 0 0 5011 0 5011
195 9 0 4886 0 4895
196 0 0 4907 0 4907
197 0 0 5287 0 5287
198 8 1 5361 0 5370
199 5444 0 0 1 5445
200 5469 0 2 1 5472
201 5503 15 4 1 5523
202 0 5567 0 0 5567
203 0 1 0 5529 5530
204 5560 0 1 2 5563
205 1 2 0 5566 5569
206 1 1 5570 0 5572
207 0 5600 4 4 5608
208 0 5708 0 1 5709
209 3 5830 0 0 5833
210 5885 0 2 1 5888
211 5888 0 3 0 5891
212 5862 1 0 1 5864
213 5872 0 4 0 5876
214 0 1 1 5873 5875
215 1 0 5794 1 5796
216 1 5770 0 6 5777
217 12 5953 0 2 5967
218 0 3 0 5932 5935
219 6 6011 0 4 6021
220 6003 0 19 0 6022
221 6027 0 0 1 6028
222 5 5991 0 8 6004
223 0 0 0 6004 6004
224 2 2 5937 0 5941
225 5 6015 0 6 6026
226 6041 1 2 0 6044
227 3 6111 1 4 6119
228 6090 4 5 2 6101
229 0 0 6071 2 6073
230 6040 3 1 2 6046
231 0 6 4 6110 6120
232 1 6234 0 0 6235
233 0 2 1 6253 6256
234 24 0 6190 0 6214
235 1 0 6177 1 6179
236 6178 2 1 1 6182
237 1 6 1 6157 6165
238 0 0 6251 0 6251
239 1 2 0 6103 6106
240 6206 0 2 0 6208
241 2 0 6149 0 6151
242 1 6168 0 0 6169
243 30 6246 0 2 6278
244 0 2 1 6259 6262
245 0 2 0 6327 6329
246 35 0 6293 0 6328
247 0 0 6545 0 6545
248 2 0 6536 0 6538
249 0 6631 0 9 6640
250 6610 0 8 2 6620
251 0 2 6630 5 6637
252 6595 0 4 1 6600
253 4 6769 0 0 6773
254 0 6797 1 1 6799
255 6906 2 4 1 6913
256 6828 0 0 0 6828
257 6862 0 3 0 6865
258 6755 19 2 16 6792
259 1 2 0 6776 6779
260 1 0 6721 0 6722
261 0 6744 1 5 6750
262 6706 0 3 0 6709
263 4 6738 0 5 6747
264 6703 1 2 1 6707
265 0 0 6732 0 6732
266 3 0 6710 0 6713
267 0 0 6715 1 6716
268 6728 0 23 0 6751
269 6770 0 0 0 6770
270 6785 1 1 0 6787
271 6718 0 2 0 6720
272 0 4 1 6666 6671
273 6371 0 0 2 6373
274 1 6655 0 0 6656
275 1 6590 0 1 6592
276 1 6620 1 3 6625
277 0 0 1 6553 6554
278 10 6600 0 0 6610
279 3 1 0 6577 6581
280 1 0 6558 0 6559
281 6 6501 0 1 6508
282 6546 0 0 0 6546
283 6477 3 2 2 6484
284 110 0 6384 2 6496
285 3 0 6412 1 6416
286 0 0 6430 0 6430
287 0 2 2 6042 6046
288 0 1 0 6416 6417
289 0 1 1 6459 6461
290 1 6460 0 5 6466
291 6513 1 2 0 6516
292 6448 0 5 0 6453
293 0 1 1 6432 6434
294 6356 1 1 0 6358
295 5 6391 0 0 6396
296 0 3 1 6317 6321
297 0 6375 0 0 6375
298 4 6377 0 9 6390
299 6332 0 2 2 6336
300 0 1 0 6243 6244
301 0 0 6228 1 6229
302 6229 0 1 1 6231
303 6230 0 0 0 6230
304 8 0 6213 0 6221
305 0 9 0 6072 6081
306 11 6163 0 0 6174
307 6213 2 1 0 6216
308 80 0 6078 2 6160
309 6093 0 6 1 6100
310 5 6093 0 2 6100
311 1 6127 0 1 6129
312 1 0 0 6110 6111
313 19 0 6094 0 6113
314 0 2 0 6107 6109
315 0 0 0 6126 6126
316 6110 0 2 1 6113
317 0 6137 0 0 6137
318 6151 0 1 2 6154
319 0 2 1 6091 6094
320 2 6151 1 1 6155
321 1 4 1 6146 6152
322 1 2 6090 1 6094
323 1 0 6027 1 6029
324 5 0 6142 3 6150
325 1 3 0 5717 5721
326 0 0 5991 1 5992
327 0 6635 0 11 6646
328 0 5 0 6716 6721
329 0 0 0 6755 6755
330 0 20 0 6765 6785
331 1 6730 0 9 6740
332 1 7037 0 0 7038
333 1 6 1 7059 7067
334 7095 1 1 0 7097
335 0 0 0 7071 7071
336 7072 0 1 1 7074
337 7019 0 0 0 7019
338 0 6 0 7035 7041
339 0 1 7072 0 7073
340 5 7117 1 2 7125
341 7059 1 3 0 7063
342 2 7167 0 2 7171
343 3 1 7185 3 7192
344 7115 0 0 1 7116
345 0 37 0 7164 7201
346 7193 0 3 0 7196
347 7 0 7159 1 7167
348 7154 0 2 0 7156
349 7198 0 2 0 7200
350 4 7312 1 1 7318
351 7305 1 1 0 7307
352 7253 0 1 0 7254
353 7208 0 1 1 7210
354 7243 0 4 0 7247
355 7276 0 1 0 7277
356 3 0 0 7091 7094
357 0 5 0 7133 7138
358 7186 0 0 2 7188
359 1 0 6949 0 6950
360 7024 0 1 0 7025
361 3 7061 0 1 7065
362 7068 2 0 5 7075
363 1 1 6965 0 6967
364 3 6974 2 4 6983
365 0 2 0 6936 6938
366 4 1 6935 2 6942
367 1 6855 0 13 6869
368 5 6905 0 0 6910
369 1 13 0 6935 6949
370 6934 0 0 0 6934
371 6779 1 0 1 6781
372 3 6907 0 5 6915
373 2 6898 0 10 6910
374 0 4 0 6864 6868
375 0 2 0 6776 6778
376 7 6878 0 1 6886
377 1 2 2 6708 6713
378 5 6900 2 1 6908
379 0 6937 0 3 6940
380 1 3 6920 1 6925
381 6802 3 33 1 6839
382 3 0 6902 0 6905
383 0 0 6840 0 6840
384 6868 0 6 2 6876
385 1 2 0 6854 6857
386 6888 0 0 0 6888
387 0 7113 0 7 7120
388 7 0 7150 2 7159
389 7163 0 1 1 7165
390 7095 0 6 0 7101
391 10 7112 0 1 7123
392 7093 0 0 1 7094
393 1 6 0 7039 7046
394 8 0 7072 0 7080
395 1 1 0 6907 6909
396 5 7045 0 7 7057
397 7167 0 5 3 7175
398 19 0 7113 0 7132
399 22 0 6961 0 6983
400 1 90 0 6742 6833
401 0 1 0 7031 7032
402 7116 1 4 1 7122
403 0 0 0 7020 7020
404 0 7082 0 0 7082
405 7108 1 3 1 7113
406 6994 1 0 0 6995
407 56 6993 0 2 7051
408 1 6 0 6964 6971
409 19 6987 1 0 7007
410 6994 0 0 0 6994
411 7 7031 0 5 7043
412 7059 0 3 0 7062
413 6924 0 2 0 6926
414 0 6341 0 679 7020
415 3 0 7015 0 7018
416 1 0 1 6947 6949
417 0 2 0 7113 7115
418 7085 0 7 0 7092
419 0 2 1 7074 7077
420 0 7079 0 8 7087
421 7125 0 1 0 7126
422 7062 0 0 0 7062
423 0 2 0 6995 6997
424 15 2 7031 1 7049
425 1 7009 0 3 7013
426 7113 1 3 0 7117
427 0 0 7101 1 7102
428 7102 0 0 0 7102
429 7022 0 39 0 7061
430 6 0 6989 60 7055
431 7025 1 1 1 7028
432 4 6 0 6978 6988
433 1 0 6949 0 6950
434 1 6905 0 6 6912
435 6879 1 2 0 6882
436 2 6933 0 1 6936
437 1 6946 0 1 6948
438 6978 0 1 1 6980
439 0 0 6943 0 6943
440 0 0 6858 0 6858
441 6888 0 1 1 6890
442 1 4 6890 0 6895
443 1 0 6826 0 6827
444 6826 0 4 2 6832
445 0 6827 0 1 6828
446 0 6851 0 1 6852
447 0 6869 0 6 6875
448 0 1 0 6816 6817
449 6820 1 1 0 6822
450 1 6966 0 11 6978
451 6943 0 102 0 7045
452 7001 0 6 0 7007
453 6936 0 58 0 6994
454 6979 0 1 1 6981
455 0 1 0 6917 6918
456 2 2 0 6912 6916
457 2 0 6896 0 6898
458 0 0 6791 0 6791
459 6773 0 1 1 6775
460 6692 0 0 0 6692
461 4 6837 1 2 6844
462 4 6826 0 4 6834
463 1 0 1 6767 6769
464 0 6839 0 0 6839
465 6851 0 1 0 6852
466 3 0 6784 0 6787
467 1 0 6639 1 6641
468 24 0 6639 0 6663
469 0 1 0 6409 6410
470 1 6627 0 3 6631
471 0 3 0 6653 6656
472 0 1 0 6702 6703
473 1 0 6582 2 6585
474 1 6479 0 3 6483
475 2 6465 0 0 6467
476 2 6504 0 5 6511
477 0 27 0 6479 6506
478 6503 0 4 0 6507
479 6457 0 1 0 6458
480 3 6479 1 0 6483
481 6476 0 1 1 6478
482 2 0 1 6379 6382
483 18 7 0 6300 6325
484 6256 0 0 0 6256
485 3 6371 0 1 6375
486 6 6339 0 0 6345
487 6375 0 0 1 6376
488 6262 0 1 0 6263
489 0 2 0 6191 6193
490 2 0 6227 0 6229
491 4 1 6209 0 6214
492 6151 1 29 1 6182
493 6243 0 13 0 6256
494 6201 0 3 0 6204
495 16 6198 0 12 6226
496 5 0 6161 0 6166
497 2 0 6085 0 6087
498 6007 6 55 1 6069
499 0 2 1 6037 6040
500 1 1 0 6058 6060
501 4 6030 1 6 6041
502 1 1 0 5947 5949
503 0 2 0 5918 5920
504 1 5950 0 20 5971
505 13 0 5707 2 5722
506 45 5732 0 3 5780
507 5795 0 2 1 5798
508 5754 0 1 0 5755
509 2 5795 0 1 5798
510 5804 0 0 0 5804
511 5769 0 0 0 5769
512 1 0 0 5678 5679
513 2 0 5664 0 5666
514 1 1 5567 0 5569
515 0 5629 0 1 5630
516 0 3 1 5543 5547
517 2 4 0 5591 5597
518 2 2 5342 0 5346
519 0 2 5352 1 5355
520 2 0 5485 1 5488
521 3 5434 1 27 5465
522 4 5527 0 3 5534
523 6 0 5461 5 5472
524 0 1 0 5269 5270
525 2 5308 0 36 5346
526 1 5436 1 3 5441
527 2 5696 0 1 5699
528 5674 0 7 0 5681
529 5782 0 2 0 5784
530 5829 0 0 0 5829
531 5821 4 1 0 5826
532 5782 0 1 0 5783
533 5720 2 5 0 5727
534 3 5634 0 5 5642
535 121 0 5401 0 5522
536 5254 0 357 0 5611
537 6 5622 0 0 5628
538 5628 0 16 0 5644
539 5702 1 2 0 5705
540 5758 0 3 0 5761
541 5720 0 20 0 5740
542 5616 37 19 0 5672
543 3 5500 55 38 5596
544 5534 1 0 0 5535
545 5518 0 0 1 5519
546 5479 1 0 0 5480
547 5460 4 1 1 5466
548 115 5158 0 1 5274
549 5263 0 0 0 5263
550 6 0 4852 4 4862
551 0 5025 6 0 5031
552 5129 0 2 0 5131
553 5180 0 0 0 5180
554 2 4978 0 0 4980
555 5071 0 0 0 5071
556 16 0 4872 3 4891
557 4932 0 0 6 4938
558 0 7 1 4722 4730
559 6 5007 2 0 5015
560 0 5137 0 1 5138
561 5054 0 1 0 5055
562 0 23 1 5006 5030
563 1 1 1 5123 5126
564 5107 1 1 1 5110
565 5082 0 1 0 5083
566 2 5074 0 0 5076
567 5019 0 1 0 5020
568 5092 0 0 1 5093
569 0 1 1 4955 4957
570 5098 0 0 1 5099
571 4 0 4564 1 4569
572 4935 0 2 1 4938
573 5066 0 1 0 5067
574 1 0 4647 0 4648
575 0 0 0 4157 4157
576 4640 0 1 0 4641
577 2 4665 0 1 4668
578 2 4918 0 0 4920
579 4923 0 3 0 4926
580 2 1 0 4819 4822
581 4878 0 1 1 4880
582 2 4740 0 53 4795
583 4883 1 3 0 4887
584 0 1 1 4736 4738
585 0 1 0 4855 4856
586 0 1 0 4919 4920
587 0 0 4849 0 4849
588 0 4 0 4661 4665
589 4838 0 2 0 4840
590 2 4798 0 1 4801
591 4852 0 11 1 4864
592 5 0 4793 0 4798
593 4816 0 0 0 4816
594 4889 0 2 0 4891
595 1 0 4771 0 4772
596 1 0 4768 1 4770
597 4756 1 25 1 4783
598 0 0 4729 1 4730
599 4816 1 1 0 4818
600 4850 1 8 0 4859
601 0 0 4717 1 4718
602 4764 0 0 0 4764
603 0 4738 0 3 4741
604 2 4828 0 0 4830
605 4875 0 3 0 4878
606 4889 0 2 1 4892
607 4874 0 5 1 4880
608 1 2 1 4710 4714
609 0 11 1 4717 4729
610 4574 1 3 0 4578
611 1 4712 0 0 4713
612 10 4745 0 9 4764
613 4 0 4808 1 4813
614 0 4 0 4532 4536
615 0 19 0 4715 4734
616 0 23 1 5005 5029
617 0 17 5056 7 5080
618 1 0 5103 0 5104
619 1 0 5103 2 5106
620 0 0 5070 0 5070
621 3 0 5245 3 5251
622 1 1 2 5241 5245
623 1 2 0 5573 5576
624 0 5666 0 7 5673
625 0 5684 0 0 5684
626 5558 2 0 0 5560
627 1 5823 0 4 5828
628 0 0 0 5746 5746
629 1 5986 0 2 5989
630 0 1 0 6142 6143
631 3 0 6099 1 6103
632 6107 0 0 0 6107
633 2 6208 0 5 6215
634 6197 2 30 0 6229
635 4787 270 1241 1 6299
636 36 6383 0 3 6422
637 5710 3 653 0 6366
638 6451 0 20 0 6471
639 5 0 6372 0 6377
640 5819 0 537 0 6356
641 8 4634 0 1817 6459
642 5 6591 1 0 6597
643 2103 4584 0 2 6689
644 6717 0 0 1 6718
645 6617 1 39 0 6657
646 6665 0 0 0 6665
647 2 3 0 6448 6453
648 0 1 6459 0 6460
649 15 0 6465 0 6480
650 3 6595 1 0 6599
651 6605 1 1 0 6607
652 6598 1 0 0 6599
653 6366 0 178 1 6545
654 12 1 6387 3 6403
655 0 6451 0 0 6451
656 0 1 0 6479 6480
657 2 6554 2 0 6558
658 0 1 2 6588 6591
659 6617 0 0 2 6619
660 0 268 0 6292 6560
661 0 0 6517 0 6517
662 1 0 6497 1 6499
663 0 0 6524 3 6527
664 2 0 6534 0 6536
665 6510 0 1 0 6511
666 3 6627 0 2 6632
667 2 1 3 6603 6609
668 4 6698 1 2 6705
669 6685 0 2 0 6687
670 6691 0 3 0 6694
671 6655 0 0 0 6655
672 1 0 6501 0 6502
673 0 6489 0 0 6489
674 0 6561 0 0 6561
675 1 6613 0 5 6619
676 2 6655 0 0 6657
677 6659 0 7 0 6666
678 9 1 6583 0 6593
679 6641 1 2 0 6644
680 6633 0 7 0 6640
681 23 0 6611 1 6635
682 0 1 1 6461 6463
683 1 0 0 6603 6604
684 1 6544 0 1 6546
685 6456 0 3 1 6460
686 0 6580 0 0 6580
687 2 6583 0 11 6596
688 2 1 0 6515 6518
689 0 6616 0 0 6616
690 6570 0 13 2 6585
691 0 0 1 6573 6574
692 2 6633 0 0 6635
693 0 10 1 6579 6590
694 24 0 6487 0 6511
695 0 6528 0 2 6530
696 1 6592 0 1 6594
697 6452 0 147 0 6599
698 6573 0 4 0 6577
699 2 6563 0 22 6587
700 3 0 6523 0 6526
701 2 0 6449 2 6453
702 6453 2 1 0 6456
703 3 0 6500 0 6503
704 1 0 1 6409 6411
705 1 0 6459 1 6461
706 6428 1 3 0 6432
707 1 6464 6 9 6480
708 0 6545 1 2 6548
709 6467 1 0 0 6468
710 3 6516 1 3 6523
711 6473 1 1 0 6475
712 3 6552 0 1 6556
713 6530 0 1 0 6531
714 1 1 0 6478 6480
715 0 0 0 6473 6473
716 6461 0 0 0 6461
717 0 6589 0 18 6607
718 10 0 6543 0 6553
719 0 3 1 6275 6279
720 0 1 1 6397 6399
721 0 1 1 6503 6505
722 1 6555 0 5 6561
723 6542 1 4 1 6548
724 1 6636 1 1 6639
725 6558 2 2 0 6562
726 10 0 6548 3 6561
727 6493 0 2 1 6496
728 0 2 0 6480 6482
729 0 1 1 6540 6542
730 1 0 6516 2 6519
731 0 1 6466 0 6467
732 0 4 3 6195 6202
733 5 0 6361 1 6367
734 7 0 6300 0 6307
735 0 6363 0 19 6382
736 0 1 2 6371 6374
737 1 3 1 6417 6422
738 1 6451 0 83 6535
739 0 6529 0 6 6535
740 0 6579 0 2 6581
741 6664 0 2 0 6666
742 6642 0 1 0 6643
743 6534 0 0 0 6534
744 11 2 0 6516 6529
745 1 6600 0 0 6601
746 6666 1 1 0 6668
747 6610 0 0 0 6610
748 6494 0 4 1 6499
749 2 6586 0 0 6588
750 6559 0 1 3 6563
751 0 0 6502 0 6502
752 6445 0 0 0 6445
753 6461 7 2 2 6472
754 2 0 6446 0 6448
755 6335 0 0 1 6336
756 1 6498 0 2 6501
757 0 1 6549 2 6552
758 162 0 6354 0 6516
759 6461 0 16 0 6477
760 3 0 6462 1 6466
761 1 0 6387 0 6388
762 6384 0 15 1 6400
763 0 6510 0 7 6517
764 1 0 1 6531 6533
765 6441 0 14 2 6457
766 0 6501 0 14 6515
767 27 6534 1 0 6562
768 6511 0 3 3 6517
769 4 6611 1 3 6619
770 6652 0 0 1 6653
771 6590 0 2 0 6592
772 6581 0 1 1 6583
773 0 0 6589 0 6589
774 1 1 2 6013 6017
775 3 0 6383 2 6388
776 0 0 6547 0 6547
777 0 0 2 6261 6263
778 6588 0 0 2 6590
779 0 0 6611 1 6612
780 6556 0 7 0 6563
781 6543 0 1 2 6546
782 0 0 0 6615 6615
783 0 12 2 6609 6623
784 0 0 6578 0 6578
785 1 0 0 6402 6403
786 0 2 2 6559 6563
787 3 1 6541 0 6545
788 0 1 2 6486 6489
789 0 1 2 6581 6584
790 0 0 6559 0 6559
791 6540 0 0 0 6540
792 0 5 1 6558 6564
793 0 0 1 6602 6603
794 6585 1 0 14 6600
795 7 6540 0 4 6551
796 6542 2 0 0 6544
797 0 1 0 6525 6526
798 3 2 6511 1 6517
799 2 0 6432 1 6435
800 3 2 1 5959 5965
801 11 0 6318 0 6329
802 4 6842 0 0 6846
803 7151 1 9 1 7162
804 7276 0 19 0 7295
805 7204 1 97 1 7303
806 7334 0 3 0 7337
807 7411 2 2 2 7417
808 1 5 1 7375 7382
809 2 7482 0 0 7484
810 0 3 1 7524 7528
811 8 0 7563 0 7571
812 7 0 7598 0 7605
813 7595 0 38 0 7633
814 7735 0 7 0 7742
815 7784 1 1 1 7787
816 7761 2 1 0 7764
817 7705 13 3 0 7721
818 1 7730 0 0 7731
819 7680 0 0 2 7682
820 2 1 7650 0 7653
821 0 0 7541 2 7543
822 7583 0 0 2 7585
823 7626 0 1 0 7627
824 10 7627 0 4 7641
825 7747 0 3 1 7751
826 7658 0 0 1 7659
827 2 2 0 7619 7623
828 0 1 2 7640 7643
829 7503 0 1 11 7515
830 3 7557 0 7 7567
831 1 7589 0 4 7594
832 0 1 0 7556 7557
833 7548 0 0 0 7548
834 0 17 0 7461 7478
835 2 7525 1 3 7531
836 7604 0 0 0 7604
837 7489 2 55 1 7547
838 7534 2 0 1 7537
839 8 0 7501 1 7510
840 7421 1 0 0 7422
841 2 0 7515 0 7517
842 1 0 7464 0 7465
843 2 2 1 6320 6325
844 7233 0 3 1 7237
845 1 0 0 7448 7449
846 0 19 0 7466 7485
847 0 2 0 7524 7526
848 0 1 0 7577 7578
849 7578 2 6 1 7587
850 0 1 0 7565 7566
851 0 0 0 7537 7537
852 18 0 7478 3 7499
853 3 7367 0 5 7375
854 4 7399 0 2 7405
855 0 1 0 7445 7446
856 2 7471 0 3 7476
857 7549 0 2 0 7551
858 7499 0 33 0 7532
859 7501 5 1 0 7507
860 7406 0 9 0 7415
861 4 0 7423 1 7428
862 1 0 7380 0 7381
863 0 2 0 6362 6364
864 10 1 7125 0 7136
865 0 3 3 6990 6996
866 0 0 7283 0 7283
867 3 0 7292 0 7295
868 2 3 2 6928 6935
869 3 1 7194 0 7198
870 1 7378 2 12 7393
871 2 0 7558 1 7561
872 2 7582 0 3 7587
873 7761 0 2 0 7763
874 7686 1 4 6 7697
875 36 2 7681 1 7720
876 1 1 0 7608 7610
877 0 0 7938 2 7940
878 3 0 8134 0 8137
879 21 8429 1 8 8459
880 8565 0 2 2 8569
881 11 5 8689 0 8705
882 2 0 8657 0 8659
883 8539 0 1 0 8540
884 0 0 8877 0 8877
885 2 2 0 8316 8320
886 8937 2 8 3 8950
887 9063 0 1 3 9067
888 28 0 9222 2 9252
889 203 0 9029 1 9233
890 0 4 0 9028 9032
891 9359 0 1 2 9362
892 9491 0 0 2 9493
893 0 1 0 9628 9629
894 9719 0 1 0 9720
895 9860 0 2 0 9862
896 9921 0 2 0 9923
897 9989 0 6 1 9996
898 2 0 10032 4 10038
899 0 0 9906 0 9906
900 9884 0 102 0 9986
901 0 6 1 9919 9926
902 4 9989 0 2 9995
903 1 10264 1 6 10272
904 0 0 0 10270 10270
905 0 1 2 10291 10294
906 15 1 10222 7 10245
907 0 10129 0 1 10130
908 1 10352 0 2 10355
909 1 2 0 10382 10385
910 1 2 0 10432 10435
911 1 0 0 10509 10510
912 10542 0 0 0 10542
913 10437 1 1 1 10440
914 0 1 1 10415 10417
915 0 6 0 10431 10437
916 2 1 10419 2 10424
917 0 1 10354 1 10356
918 10185 0 14 0 10199
919 1 0 10359 0 10360
920 10258 0 2 0 10260
921 10290 0 6 2 10298
922 1 0 10314 0 10315
923 1 10333 0 0 10334
924 10406 1 2 1 10410
925 1 0 10407 0 10408
926 10330 0 1 0 10331
927 1 3 0 10332 10336
928 0 3 0 10329 10332
929 1 1 10324 1 10327
930 1 10228 0 3 10232
931 1 10255 0 2 10258
932 2 3 0 10143 10148
933 1 10190 0 5 10196
934 1 10293 0 0 10294
935 10286 2 0 2 10290
936 1 2 2 10375 10380
937 6 1 10394 2 10403
938 10328 0 2 0 10330
939 10390 0 7 0 10397
940 10379 0 4 0 10383
941 10408 0 1 2 10411
942 10333 0 35 0 10368
943 2 0 1 10276 10279
944 10259 1 4 2 10266
945 3 10396 0 4 10403
946 0 0 10359 7 10366
947 2 0 10269 3 10274
948 0 3 1 9886 9890
949 0 0 10206 0 10206
950 0 0 10235 0 10235
951 10172 1 9 2 10184
952 0 2 0 10389 10391
953 1 1 0 10484 10486
954 10463 0 1 3 10467
955 10517 0 0 0 10517
956 10615 2 1 0 10618
957 3 11744 0 18 11765
958 11998 0 0 4 12002
959 12022 0 2 0 12024
960 12209 0 6 1 12216
961 12283 0 27 2 12312
962 3 1 12862 1 12867
963 3 12898 0 2 12903
964 13223 2 1 1 13227
965 13164 1 58 1 13224
966 654 1 12512 2 13169
967 1 13122 1 0 13124
968 0 13319 0 2 13321
969 3 3 1 13377 13384
970 0 0 0 13483 13483
971 13418 1 1 1 13421
972 24 13411 0 3 13438
973 1 4 1 13421 13427
974 13397 0 0 1 13398
975 5 13449 0 14 13468
976 13407 2 5 0 13414
977 6 13455 1 7 13469
978 13374 9 25 21 13429
979 1 1 13545 2 13549
980 1 0 13429 2 13432
981 66 0 13980 0 14046
982 2 0 14037 0 14039
983 14175 0 18 1 14194
984 14276 0 3 2 14281
985 4 14276 0 4 14284
986 14382 1 5 0 14388
987 0 18 2 14274 14294
988 8 0 14289 0 14297
989 5 14343 0 4 14352
990 14404 0 56 4 14464
991 14502 0 2 0 14504
992 14363 1 5 3 14372
993 25 0 14234 0 14259
994 65 0 14096 0 14161
995 2 14161 2 1 14166
996 3 14284 0 3 14290
997 14347 0 1 1 14349
998 0 4 1 14462 14467
999 14569 3 2 1 14575
1000 3 0 14608 2 14613
1001 3 1 14565 0 14569
1002 14556 2 15 1 14574
1003 14759 0 2 1 14762
1004 14736 1 1 0 14738
1005 4 114 0 14527 14645
1006 2 6 0 14624 14632
1007 2 2 14407 1 14412
1008 0 14250 1 14 14265
1009 0 14320 0 5 14325
1010 0 14563 0 3 14566
1011 14459 1 238 0 14698
1012 14709 2 3 0 14714
1013 1 14 0 14544 14559
1014 14716 0 2 0 14718
1015 5 2 1 14491 14499
1016 3 0 14457 1 14461
1017 3 0 14337 0 14340
1018 1 0 14540 1 14542
1019 0 3 0 13602 13605
1020 60 1 14255 0 14316
1021 14621 0 5 2 14628
1022 14693 1 15 0 14709
1023 14671 1 1 0 14673
1024 14369 3 3 0 14375
1025 5 14522 1 1 14529
1026 13980 1 2 0 13983
1027 8 14547 0 7 14562
1028 2 14462 0 2 14466
1029 5 14596 0 13 14614
1030 2 8 0 14612 14622
1031 1 0 1 14668 14670
1032 2 1 14520 1 14524
1033 14529 0 3 0 14532
1034 14608 4 3 13 14628
1035 30 1 14419 19 14469
1036 14 14499 2 14 14529
1037 0 2 0 14586 14588
1038 35 0 14634 2 14671
1039 8 1 14512 1 14522
1040 1 14459 1 7 14468
1041 1 14519 0 5 14525
1042 14665 1 10 1 14677
1043 14745 2 3 0 14750
1044 2 3 0 14879 14884
1045 1 0 14849 2 14852
1046 2 1 14775 2 14780
1047 14480 21 6 3 14510
1048 14759 2 6 0 14767
1049 0 14804 0 3 14807
1050 2 15182 0 3 15187
1051 15320 3 4 0 15327
1052 15225 2 1 0 15228
1053 15278 1 2 2 15283
1054 1 4 0 15241 15246
1055 15394 3 0 0 15397
1056 0 3 0 15345 15348
1057 15461 2 2 3 15468
1058 2 1 15146 5 15154
1059 14731 0 91 0 14822
1060 3 15178 1 3 15185
1061 3 15242 0 3 15248
1062 3 12 0 14990 15005
1063 8 15224 2 3 15237
1064 5 15375 2 3 15385
1065 2 19 1 15285 15307
1066 6 0 15301 3 15310
1067 23 15359 0 4 15386
1068 15441 0 6 2 15449
1069 15385 1 2 0 15388
1070 15272 0 5 1 15278
1071 15225 1 2 0 15228
1072 5 15543 0 2 15550
1073 0 1 0 15430 15431
1074 15435 1 18 0 15454
1075 1 5 4 15440 15450
1076 2 1 0 15576 15579
1077 15549 0 36 1 15586
1078 15517 1 2 0 15520
1079 15369 2 2 136 15509
1080 123 0 15379 3 15505
1081 0 0 15423 2 15425
1082 15165 0 6 3 15174
1083 15336 0 4 0 15340
1084 15398 11 5 12 15426
1085 16 4 15547 3 15570
1086 535 1 14896 3 15435
1087 1 0 15450 2 15453
1088 0 1 15802 0 15803
1089 1 13 0 14561 14575
1090 2 16 2 15273 15293
1091 1 3 0 15976 15980
1092 2 16022 1 8 16033
1093 0 4 0 16045 16049
1094 0 1 0 16154 16155
1095 2 16224 4 11 16241
1096 4 1 16234 2 16241
1097 0 0 16130 2 16132
1098 15727 0 31 0 15758
1099 0 0 16004 2 16006
1100 5 16027 2 4 16038
1101 0 1 0 16307 16308
1102 16246 0 6 0 16252
1103 0 1 0 16356 16357
1104 2 7 1 16403 16413
1105 3 0 16200 1 16204
1106 3 16337 1 2 16343
1107 0 5 1 16566 16572
1108 1 0 16587 0 16588
1109 4 0 16673 1 16678
1110 1 67 0 15860 15928
1111 0 4 0 16487 16491
1112 0 1 1 16755 16757
1113 8 16729 0 7 16744
1114 0 10 0 16881 16891
1115 0 2 0 16943 16945
1116 16717 2 22 1 16742
1117 0 0 16724 1 16725
1118 16224 2 3 3 16232
1119 164 3 16481 3 16651
1120 1 0 16564 1 16566
1121 2 1 16541 0 16544
1122 16209 0 14 0 16223
1123 1 0 16660 0 16661
1124 1 0 16573 0 16574
1125 16121 1 3 5 16130
1126 3 3 1 16439 16446
1127 2 1 16590 1 16594
1128 3 0 16528 3 16534
1129 1 0 16474 1 16476
1130 16140 0 0 0 16140
1131 16182 1 2 1 16186
1132 5 0 16212 0 16217
1133 1 0 16249 0 16250
1134 15939 1 5 0 15945
1135 15167 890 2 2 16061
1136 2 2 1 16052 16057
1137 4 0 15979 2 15985
1138 15972 0 3 1 15976
1139 0 0 1 15911 15912
1140 3 10 4 15942 15959
1141 8 0 15931 2 15941
1142 1 15967 1 6 15975
1143 15937 1 2 2 15942
1144 1 0 16071 1 16073
1145 2 0 16018 1 16021
1146 1 2 2 15608 15613
1147 0 1 1 16033 16035
1148 2 0 16108 2 16112
1149 2 0 15814 3 15819
1150 5 16316 0 4 16325
1151 16350 0 5 4 16359
1152 1 16707 0 22 16730
1153 6 0 16682 0 16688
1154 2 0 16548 3 16553
1155 16372 1 10 2 16385
1156 1 4 0 16541 16546
1157 16497 1 4 0 16502
1158 4 15871 0 638 16513
1159 16512 1 0 1 16514
1160 17 16493 3 7 16520
1161 16487 1 1 0 16489
1162 1 2 1 16151 16155
1163 2 16206 0 2 16210
1164 2 16130 1 7 16140
1165 33 16221 0 3 16257
1166 16152 0 3 0 16155
1167 1 14 0 16116 16131
1168 1 1 16100 1 16103
1169 0 0 15884 3 15887
1170 11 1 15888 1 15901
1171 7 0 15936 0 15943
1172 16 16061 5 1 16083
1173 16008 1 6 1 16016
1174 6 16041 1 5 16053
1175 16077 1 1 0 16079
1176 1 2 0 16023 16026
1177 5 0 16049 1 16055
1178 5 0 15923 0 15928
1179 15629 0 6 0 15635
1180 31 0 15789 1 15821
1181 0 2 1 15426 15429
1182 15600 2 6 6 15614
1183 2 0 15686 1 15689
1184 1 15576 0 5 15582
1185 32 0 14567 960 15559
1186 48 1 15233 0 15282
1187 3 7 2 13333 13345
1188 32 2 13939 2 13975
1189 1 0 14751 0 14752
1190 0 14017 0 5 14022
1191 14363 1 20 1 14385
1192 6 0 14637 1 14644
1193 1 14602 2 1 14606
1194 1 4 1 14503 14509
1195 0 0 14700 0 14700
1196 14195 0 2 0 14197
1197 1 14425 0 3 14429
1198 8 15270 0 6 15284
1199 6 4 1 15119 15130
1200 0 165 12 15377 15554
1201 15466 0 0 1 15467
1202 15630 0 1 0 15631
1203 135 0 14850 3 14988
1204 14997 1 7 0 15005
1205 2 1 14790 0 14793
1206 3 14713 0 1 14717
1207 14170 1 3 1 14175
1208 1 14840 0 3 14844
1209 2 2 0 14518 14522
1210 1 14902 0 6 14909
1211 14832 1 2 2 14837
1212 14977 1 3 0 14981
1213 2 0 14781 1 14784
1214 14244 2 2 3 14251
1215 6 0 14198 2 14206
1216 3 0 14052 1 14056
1217 2 13832 0 4 13838
1218 5 14253 2 11 14271
1219 14132 3 57 1 14193
1220 0 1 2 14028 14031
1221 14179 2 4 0 14185
1222 14187 0 2 0 14189
1223 14031 3 10 30 14074
1224 9 13757 0 14 13780
1225 13672 1 4 0 13677
1226 13787 0 0 1 13788
1227 28 0 13587 3 13618
1228 13281 0 2 2 13285
1229 0 5 0 13320 13325
1230 13506 0 5 0 13511
1231 13552 1 2 0 13555
1232 5 13400 0 1 13406
1233 13068 1 459 8 13536
1234 13682 0 7 0 13689
1235 13666 1 0 1 13668
1236 13602 0 5 0 13607
1237 13613 0 1 2 13616
1238 13508 1 0 3 13512
1239 2 5 2 12875 12884
1240 3 13066 0 9 13078
1241 4 1 2 12662 12669
1242 11 12952 1 5 12969
1243 13006 2 1 0 13009
1244 12732 0 1 1 12734
1245 9 12702 0 2 12713
1246 0 4 0 12228 12232
1247 5 12716 0 3 12724
1248 0 18 1 12370 12389
1249 1 11 0 12544 12556
1250 1 2 0 12723 12726
1251 31 0 12293 1 12325
1252 12255 0 9 1 12265
1253 5 0 12299 0 12304
1254 1 1 0 11839 11841
1255 0 0 12155 0 12155
1256 12025 1 3 0 12029
1257 9 1 12070 0 12080
1258 3 12003 0 7 12013
1259 0 5 0 11873 11878
1260 9 1 11894 0 11904
1261 5 0 12007 2 12014
1262 11623 2 8 0 11633
1263 11858 0 1 1 11860
1264 16 0 11744 0 11760
1265 1 1 3 10953 10958
1266 11626 0 33 0 11659
1267 11839 3 3 0 11845
1268 11950 0 5 1 11956
1269 2 0 11374 0 11376
1270 11408 1 1 0 11410
1271 11388 1 1 0 11390
1272 0 1 3 11046 11050
1273 1 11046 0 0 11047
1274 1 2 1 11069 11073
1275 1 15 1 11058 11075
1276 4 11063 0 1 11068
1277 11121 0 0 0 11121
1278 11032 0 1 1 11034
1279 10932 0 1 0 10933
1280 3 0 10481 0 10484
1281 10599 0 1 0 10600
1282 6 10489 3 5 10503
1283 1 1 0 10544 10546
1284 10656 0 3 1 10660
1285 10608 3 6 1 10618
1286 0 0 9881 0 9881
1287 1 10043 0 24 10068
1288 7 0 9933 1 9941
1289 1 0 9918 0 9919
1290 0 2 1 9346 9349
1291 8 1 9460 0 9469
1292 2 9600 3 2 9607
1293 27 9906 0 4 9937
1294 9915 1 6 2 9924
1295 0 3 0 9855 9858
1296 8 0 9828 4 9840
1297 3 0 9880 0 9883
1298 9744 0 4 0 9748
1299 0 5 0 9753 9758
1300 9 0 9685 0 9694
1301 9727 0 1 0 9728
1302 9810 1 3 1 9815
1303 8 9725 0 0 9733
1304 0 1 0 9608 9609
1305 3 9586 0 10 9599
1306 4 9727 0 1 9732
1307 9708 1 2 3 9714
1308 11 9805 0 2 9818
1309 9807 0 3 0 9810
1310 9859 0 2 0 9861
1311 8 9719 0 57 9784
1312 2 0 9768 0 9770
1313 9729 0 1 2 9732
1314 9936 0 2 0 9938
1315 9959 1 2 0 9962
1316 1 0 0 9835 9836
1317 9784 0 13 0 9797
1318 21 9867 1 1 9890
1319 3 1 0 9888 9892
1320 9985 0 7 0 9992
1321 1 0 9567 1 9569
1322 9711 1 2 1 9715
1323 9774 0 15 0 9789
1324 227 9527 0 5 9759
1325 0 0 1 9658 9659
1326 9911 0 5 1 9917
1327 1 0 9590 0 9591
1328 9740 0 0 0 9740
1329 0 1 0 9622 9623
1330 1 0 9746 0 9747
1331 9587 0 3 0 9590
1332 12 0 9665 1 9678
1333 9596 0 2 0 9598
1334 9735 0 0 0 9735
1335 9632 1 44 0 9677
1336 2 0 9574 0 9576
1337 1 1 0 8643 8645
1338 2 0 9404 0 9406
1339 0 0 9578 0 9578
1340 9545 0 2 1 9548
1341 2 2 0 9450 9454
1342 1 0 9565 0 9566
1343 9533 0 1 1 9535
1344 1 3 0 9388 9392
1345 6 9586 0 2 9594
1346 0 1 0 9513 9514
1347 6 9544 0 9 9559
1348 9570 1 4 0 9575
1349 1 0 9470 1 9472
1350 9415 2 1 0 9418
1351 1 0 9376 1 9378
1352 2 9401 0 0 9403
1353 0 9 0 9448 9457
1354 1 1 9547 2 9551
1355 9466 0 2 0 9468
1356 1 38 0 9313 9352
1357 9440 0 4 0 9444
1358 0 9487 0 2 9489
1359 9602 2 3 0 9607
1360 9611 0 2 0 9613
1361 0 2 1 9473 9476
1362 9606 1 5 0 9612
1363 9551 0 1 0 9552
1364 1 0 9227 0 9228
1365 1 9291 0 0 9292
1366 0 1 0 9125 9126
1367 4 9259 0 0 9263
1368 9333 0 2 1 9336
1369 13 9275 0 3 9291
1370 9416 0 0 0 9416
1371 9397 0 3 1 9401
1372 9381 0 0 1 9382
1373 0 0 1 9238 9239
1374 9411 0 1 2 9414
1375 1 0 9164 0 9165
1376 9229 0 3 0 9232
1377 9079 1 26 1 9107
1378 8 9070 0 1 9079
1379 0 0 2 8792 8794
1380 6 8831 0 268 9105
1381 1 1 9068 2 9072
1382 6 9053 1 1 9061
1383 8862 1 8 0 8871
1384 1 0 8870 0 8871
1385 0 2 1 8599 8602
1386 1840 6846 0 5 8691
1387 2 8853 0 9 8864
1388 4 6 2 8881 8893
1389 8 1 8799 0 8808
1390 2 8757 2 3 8764
1391 0 10 0 8810 8820
1392 0 28 1 8806 8835
1393 0 2 1 8817 8820
1394 0 8742 0 19 8761
1395 3 8804 0 9 8816
1396 8727 0 0 1 8728
1397 8688 0 3 0 8691
1398 1 1 0 8714 8716
1399 2 0 8657 1 8660
1400 8516 0 0 0 8516
1401 8543 1 2 0 8546
1402 3 0 8555 0 8558
1403 2 0 8476 0 8478
1404 8481 0 38 0 8519
1405 8546 1 2 1 8550
1406 1 3 1 8540 8545
1407 8600 0 1 0 8601
1408 8574 0 0 1 8575
1409 1 0 0 8583 8584
1410 8624 1 1 0 8626
1411 8536 0 0 0 8536
1412 8418 1 2 0 8421
1413 8 8429 0 2 8439
1414 8281 0 0 0 8281
1415 11 0 8279 0 8290
1416 0 19 1 7903 7923
1417 0 1 8122 1 8124
1418 8216 0 0 1 8217
1419 8202 0 2 1 8205
1420 87 0 8029 0 8116
1421 7984 0 14 0 7998
1422 0 108 2 7876 7986
1423 1 0 7972 0 7973
1424 7927 0 2 0 7929
1425 7616 0 169 2 7787
1426 4 7873 0 2 7879
1427 7821 1 0 1 7823
1428 0 2 0 7726 7728
1429 3 7785 0 0 7788
1430 3 0 1 7671 7675
1431 14 7638 99 0 7751
1432 0 3 0 7703 7706
1433 0 62 0 7761 7823
1434 1 2 7730 0 7733
1435 0 2 7568 0 7570
1436 12 7561 0 2 7575
1437 25 0 7559 5 7589
1438 2 7620 0 4 7626
1439 1 2 2 7681 7686
1440 3 2 0 7743 7748
1441 2 1 7688 0 7691
1442 7654 1 0 0 7655
1443 7582 0 2 0 7584
1444 11 7651 0 2 7664
1445 2 0 7620 0 7622
1446 7538 0 4 1 7543
1447 7547 0 0 0 7547
1448 7517 0 2 1 7520
1449 20 0 7353 0 7373
1450 1 7297 0 1 7299
1451 1 3 0 7375 7379
1452 2 0 7345 0 7347
1453 7339 1 2 2 7344
1454 7393 0 1 0 7394
1455 5 0 7314 1 7320
1456 7305 0 0 1 7306
1457 7303 0 2 0 7305
1458 7275 0 2 0 7277
1459 7286 1 3 0 7290
1460 3 2 0 7106 7111
1461 3 0 6920 2 6925
1462 1 6960 0 7 6968
1463 1 3 1 7015 7020
1464 35 2 6857 6 6900
1465 0 5 6931 3 6939
1466 1 0 6868 0 6869
1467 8 6790 3 8 6809
1468 2 6846 4 0 6852
1469 0 6843 0 1 6844
1470 2 6986 0 2 6990
1471 1 2 0 6954 6957
1472 0 7105 1 3 7109
1473 1 2 0 7107 7110
1474 2 0 7097 0 7099
1475 1 7109 0 2 7112
1476 19 0 0 7227 7246
1477 15 0 7281 0 7296
1478 0 0 0 7199 7199
1479 7234 1 1 2 7238
1480 0 0 7305 1 7306
1481 7168 0 2 0 7170
1482 3 0 7296 0 7299
1483 7136 0 4 0 7140
1484 1 1 0 7305 7307
1485 7361 0 2 0 7363
1486 0 0 7375 0 7375
1487 1 0 7398 0 7399
1488 10 0 7390 2 7402
1489 7429 0 0 0 7429
1490 7443 0 0 0 7443
1491 0 1 0 7496 7497
1492 2 0 7489 0 7491
1493 2 0 7460 1 7463
1494 7442 0 9 0 7451
1495 0 0 0 7493 7493
1496 1 0 7423 0 7424
1497 0 7475 1 0 7476
1498 0 6 1 7601 7608
1499 0 1 0 7662 7663
1500 0 6 2 7712 7720
1501 1 0 7638 1 7640
1502 7613 0 1 1 7615
1503 7593 0 3 0 7596
1504 7431 0 2 1 7434
1505 3 7617 0 0 7620
1506 23 7556 0 0 7579
1507 7609 1 1 0 7611
1508 7566 0 0 1 7567
1509 7466 1 1 0 7468
1510 1 7554 0 0 7555
1511 7422 0 5 0 7427
1512 1 7559 0 1 7561
1513 7536 2 0 1 7539
1514 7452 0 17 0 7469
1515 6 0 7431 0 7437
1516 1 0 0 7221 7222
1517 0 0 7328 0 7328
1518 0 7329 0 12 7341
1519 7426 0 1 0 7427
1520 7285 0 0 1 7286
1521 0 7374 0 4 7378
1522 1 7327 0 2 7330
1523 7330 0 0 0 7330
1524 10 0 7273 0 7283
1525 7073 0 0 0 7073
1526 9 7184 0 1 7194
1527 0 7188 0 0 7188
1528 0 1 3 7186 7190
1529 1 0 7174 0 7175
1530 0 18 1 7078 7097
1531 3 7137 0 5 7145
1532 0 0 0 7211 7211
1533 7166 2 8 0 7176
1534 8 0 7119 0 7127
1535 7055 0 1 0 7056
1536 3 7090 2 8 7103
1537 7105 0 3 0 7108
1538 18 0 7106 0 7124
1539 7077 0 0 0 7077
1540 7096 0 2 0 7098
1541 0 0 0 7112 7112
1542 7061 1 0 1 7063
1543 1 0 7025 0 7026
1544 1 6973 0 1 6975
1545 1 4 2 7033 7040
1546 3 0 6965 0 6968
1547 2 6952 0 3 6957
1548 0 2 2 7030 7034
1549 1 0 6942 1 6944
1550 1 0 6884 0 6885
1551 0 8 0 6611 6619
1552 6606 0 3 0 6609
1553 2 6849 0 3 6854
1554 2 7275 0 4 7281
1555 1 1 0 7220 7222
1556 1 1 0 7235 7237
1557 1 1 1 7284 7287
1558 34 0 7204 0 7238
1559 7205 0 0 0 7205
1560 0 6 0 7232 7238
1561 0 0 7169 1 7170
1562 3 7141 0 1 7145
1563 7193 1 4 0 7198
1564 15 0 7174 1 7190
1565 307 2 6811 0 7120
1566 7121 0 4 0 7125
1567 0 0 7146 0 7146
1568 7142 0 0 0 7142
1569 7149 0 1 12 7162
1570 0 1 0 7226 7227
1571 0 0 0 7235 7235
1572 2 3 0 7191 7196
1573 1 4 0 7114 7119
1574 1 6985 0 16 7002
1575 0 3 0 6671 6674
1576 1 6597 1 1 6600
1577 3 0 0 6544 6547
1578 6 6515 0 4 6525
1579 0 6504 0 1 6505
1580 0 6491 0 3 6494
1581 2 6440 1 7 6450
1582 6157 0 5 1 6163
1583 13 6428 0 2 6443
1584 1 6564 0 32 6597
1585 0 3 0 6565 6568
1586 0 1 0 6629 6630
1587 0 0 0 6691 6691
1588 40 0 6603 1 6644
1589 6557 0 3 1 6561
1590 0 3 1 6591 6595
1591 0 3 0 6584 6587
1592 2 6558 0 8 6568
1593 6493 1 5 1 6500
1594 23 6577 0 1 6601
1595 3 2 0 6615 6620
1596 9 0 6522 1 6532
1597 6442 1 1 0 6444
1598 6508 0 1 0 6509
1599 2 2 0 6603 6607
1600 6500 0 37 0 6537
1601 0 0 0 6575 6575
1602 0 0 0 6586 6586
1603 6438 0 1 1 6440
1604 1 6563 2 0 6566
1605 0 1 0 6451 6452
1606 0 6 6393 1 6400
1607 2 6374 1 1 6378
1608 0 0 1 6429 6430
1609 3 0 6418 2 6423
1610 0 6391 0 2 6393
1611 6435 1 3 0 6439
1612 3 2 0 6629 6634
1613 0 6652 0 1 6653
1614 0 0 0 6643 6643
1615 0 56 1 6666 6723
1616 1 5 0 6718 6724
1617 6655 0 7 2 6664
1618 6611 1 2 1 6615
1619 6556 1 1 1 6559
1620 0 0 0 6619 6619
1621 12 0 6496 0 6508
1622 6449 0 22 1 6472
1623 5 6562 1 5 6573
1624 20 2 6580 0 6602
1625 6503 0 7 2 6512
1626 0 0 3 6529 6532
1627 3 0 6508 0 6511
1628 9 0 6501 0 6510
1629 6419 0 50 3 6472
1630 1 2 0 6559 6562
1631 0 2 0 6651 6653
1632 3 0 6611 2 6616
1633 2 0 6599 1 6602
1634 6568 1 0 0 6569
1635 0 24 0 6633 6657
1636 6563 1 24 1 6589
1637 6524 1 3 1 6529
1638 0 3 0 6517 6520
1639 2 6511 0 1 6514
1640 6537 0 2 0 6539
1641 1 0 0 6446 6447
1642 6316 0 1 1 6318
1643 2 6424 0 3 6429
1644 0 1 0 6486 6487
1645 6452 0 1 0 6453
1646 0 2 0 6434 6436
1647 6322 0 0 1 6323
1648 17 6470 0 1 6488
1649 0 3 0 6461 6464
1650 3 1 6401 0 6405
1651 1 6449 0 2 6452
1652 0 4 0 6501 6505
1653 0 1 0 6521 6522
1654 0 1 0 6560 6561
1655 6451 0 1 0 6452
1656 2 6494 0 0 6496
1657 0 1 0 6509 6510
1658 6363 0 0 0 6363
1659 4 6516 0 3 6523
1660 0 1 0 6482 6483
1661 2 6520 0 1 6523
1662 6523 1 2 0 6526
1663 6380 1 0 0 6381
1664 0 6567 0 1 6568
1665 1 1 0 6533 6535
1666 3 2 6476 0 6481
1667 2 6495 0 0 6497
1668 0 3 4 6530 6537
1669 0 0 6483 1 6484
1670 1 6361 0 0 6362
1671 7 6393 0 4 6404
1672 0 0 0 6413 6413
1673 2 6374 0 0 6376
1674 19 6431 0 2 6452
1675 6505 2 0 0 6507
1676 1 0 6479 1 6481
1677 0 2 0 6414 6416
1678 0 1 0 6429 6430
1679 0 2 0 6485 6487
1680 0 0 6407 0 6407
1681 2 0 6326 1 6329
1682 9 6396 0 1 6406
1683 3 4 1 6304 6312
1684 11 0 6270 1 6282
1685 0 0 0 6268 6268
1686 6287 0 1 0 6288
1687 6248 0 2 0 6250
1688 5 6189 0 0 6194
1689 6066 1 9 0 6076
1690 1 6164 0 4 6169
1691 0 1 0 6180 6181
1692 3 0 6112 2 6117
1693 6028 1 1 0 6030
1694 0 0 0 6109 6109
1695 1 0 6065 1 6067
1696 6021 0 7 1 6029
1697 0 0 1 6076 6077
1698 6061 0 3 0 6064
1699 3 0 6044 1 6048
1700 3 6005 0 0 6008
1701 0 1 0 6071 6072
1702 5992 0 3 0 5995
1703 1 0 0 6008 6009
1704 1 5964 1 30 5996
1705 0 0 0 6010 6010
1706 0 4 0 6027 6031
1707 1 0 1 6054 6056
1708 0 0 5991 0 5991
1709 0 1 1 5911 5913
1710 0 1 1 5964 5966
1711 1 0 5906 1 5908
1712 1 0 1 5825 5827
1713 1 2 2 5847 5852
1714 0 0 0 5909 5909
1715 5830 1 0 0 5831
1716 0 5 0 5769 5774
1717 5737 1 2 0 5740
1718 0 0 0 5706 5706
1719 0 0 5672 2 5674
1720 471 0 5115 1 5587
1721 0 0 0 5623 5623
1722 0 5546 0 9 5555
1723 0 2 0 5585 5587
1724 0 5534 0 0 5534
1725 0 5584 0 2 5586
1726 5487 0 0 0 5487
1727 1 0 5439 0 5440
1728 5299 0 0 0 5299
1729 2 0 5268 0 5270
1730 5256 0 0 0 5256
1731 0 5176 0 1 5177
1732 5194 0 1 0 5195
1733 5157 0 0 0 5157
1734 0 7 0 5183 5190
1735 24 0 5123 0 5147
1736 0 1 0 5133 5134
1737 0 0 0 5131 5131
1738 0 2 0 5119 5121
1739 0 4998 0 1 4999
1740 0 0 0 4744 4744
1741 0 0 0 4757 4757
1742 3 0 4646 0 4649
1743 0 4586 0 1 4587
1744 0 0 0 4622 4622
1745 1 4537 0 0 4538
1746 1 4592 0 0 4593
1747 4576 1 1 0 4578
1748 1 0 0 4625 4626
1749 0 1 0 4579 4580
1750 2 2 0 4645 4649
1751 0 0 4595 1 4596
1752 0 0 0 4551 4551
1753 2 4532 1 1 4536
1754 1 0 0 4596 4597
1755 4537 0 0 0 4537
1756 0 0 0 4573 4573
1757 4525 0 0 0 4525
1758 4504 0 0 0 4504
1759 0 0 10 0 10
1760 0 0 3 0 3
