1 1327 0 0 0 1327
2 0 1 0 1362 1363
3 0 0 1367 0 1367
4 1353 0 0 0 1353
5 1344 2 0 0 1346
6 0 1 1380 0 1381
7 0 0 1364 0 1364
8 0 1463 0 0 1463
9 1533 0 5 0 1538
10 1555 0 0 0 1555
11 0 0 0 1600 1600
12 1622 0 0 0 1622
13 1632 0 0 0 1632
14 0 0 0 1642 1642
15 0 0 0 1682 1682
16 0 0 1702 0 1702
17 0 0 0 1713 1713
18 1710 0 0 0 1710
19 1 1751 0 0 1752
20 1 0 0 1777 1778
21 1769 0 0 0 1769
22 0 1847 0 0 1847
23 0 0 0 1852 1852
24 0 1863 0 1 1864
25 1875 0 0 0 1875
26 0 0 0 1894 1894
27 0 0 1903 0 1903
28 1 0 1926 0 1927
29 0 0 0 1898 1898
30 1962 0 0 1 1963
31 4 0 2322 0 2326
32 1 33 0 2273 2307
33 2391 0 0 0 2391
34 2407 0 0 0 2407
35 1 2403 0 0 2404
36 2513 1 0 0 2514
37 0 3 0 2530 2533
38 0 2533 0 2 2535
39 0 2536 0 0 2536
40 2567 0 1 0 2568
41 2533 0 1 0 2534
42 0 2 0 2599 2601
43 0 0 2576 0 2576
44 0 2600 0 1 2601
45 2619 0 2 0 2621
46 0 0 2615 0 2615
47 2591 0 0 0 2591
48 2 0 0 2592 2594
49 26 2621 0 1 2648
50 0 0 2639 0 2639
51 2636 0 12 0 2648
52 2597 0 8 0 2605
53 0 0 0 2640 2640
54 0 2633 0 0 2633
55 0 1 0 2646 2647
56 0 0 2619 0 2619
57 0 2623 0 0 2623
58 2614 0 0 1 2615
59 0 2657 0 0 2657
60 1 0 0 2654 2655
61 4 1 2623 0 2628
62 0 0 2616 0 2616
63 2 0 2608 2 2612
64 2642 0 0 1 2643
65 0 2 0 2683 2685
66 2687 0 1 0 2688
67 2690 0 0 0 2690
68 1 2696 0 0 2697
69 2691 0 0 2 2693
70 0 0 0 2671 2671
71 0 2690 0 5 2695
72 6 1 3000 0 3007
73 0 5 0 2994 2999
74 0 3064 0 0 3064
75 3134 0 4 0 3138
76 3116 0 3 0 3119
77 3131 0 5 0 3136
78 2 3211 0 1 3214
79 0 1 0 3185 3186
80 1 3211 0 1 3213
81 3219 2 7 6 3234
82 6 3276 0 0 3282
83 5 3286 0 1 3292
84 3286 0 3 0 3289
85 1 3334 0 4 3339
86 3322 0 1 0 3323
87 1 0 0 3345 3346
88 1 0 3328 1 3330
89 0 7 0 3313 3320
90 1 3351 0 9 3361
91 5 0 3620 0 3625
92 0 3 3 3710 3716
93 1 3840 0 0 3841
94 3965 0 0 0 3965
95 3925 0 0 0 3925
96 3930 0 0 0 3930
97 3911 1 0 0 3912
98 1 4095 0 2 4098
99 0 0 0 4126 4126
100 0 0 4123 0 4123
101 0 4150 0 2 4152
102 0 2 0 4132 4134
103 4123 0 1 0 4124
104 2 4290 0 0 4292
105 1 3 0 4262 4266
106 0 4298 0 1 4299
107 4303 0 2 0 4305
108 4260 6 0 2 4268
109 0 5 4418 0 4423
110 0 4 4479 0 4483
111 2 0 4474 0 4476
112 2 0 4469 2 4473
113 4592 0 3 0 4595
114 7 0 4624 0 4631
115 0 0 4821 0 4821
116 1 0 1 4700 4702
117 1 4864 0 3 4868
118 4948 0 1 3 4952
119 4956 0 1 0 4957
120 0 3 0 4971 4974
121 0 0 4934 0 4934
122 0 3 1 4856 4860
123 1 2 4859 0 4862
124 4904 1 6 1 4912
125 1 5050 1 0 5052
126 3 4991 1 2 4997
127 2 2 4983 0 4987
128 1 0 5028 0 5029
129 3 1 1 4802 4807
130 1 0 5012 0 5013
131 1 58 0 4992 5051
132 5147 0 8 0 5155
133 5176 0 1 0 5177
134 0 0 0 5183 5183
135 5124 0 2 0 5126
136 2 5192 0 0 5194
137 6 5200 0 0 5206
138 5201 0 1 0 5202
139 1 5308 0 0 5309
140 0 0 2 5402 5404
141 271 0 5144 0 5415
142 5378 0 6 0 5384
143 1 5652 0 0 5653
144 5701 0 1 1 5703
145 5809 0 0 1 5810
146 2 5903 0 1 5906
147 5920 0 3 0 5923
148 5836 0 0 0 5836
149 5 5979 0 0 5984
150 5824 0 1 0 5825
151 0 6018 0 2 6020
152 0 6001 0 1 6002
153 3 6005 0 1 6009
154 5941 0 44 1 5986
155 7 6232 0 0 6239
156 3 6279 0 15 6297
157 6285 1 2 0 6288
158 6270 0 1 0 6271
159 6228 0 0 1 6229
160 2 0 0 6247 6249
161 2 6325 0 0 6327
162 0 334 0 5906 6240
163 6 6359 0 5 6370
164 6359 0 1 2 6362
165 1 92 0 6258 6351
166 0 1 0 6345 6346
167 0 1 0 6414 6415
168 0 3 3 6457 6463
169 1 0 6420 0 6421
170 3 6447 0 2 6452
171 6457 0 1 0 6458
172 6409 0 0 0 6409
173 6332 0 0 0 6332
174 0 4 1 6306 6311
175 2 6359 1 1 6363
176 1 0 0 6295 6296
177 0 6397 0 0 6397
178 6387 0 1 0 6388
179 6333 0 3 0 6336
180 6326 0 2 0 6328
181 3 0 6295 2 6300
182 1 0 6169 0 6170
183 6196 1 0 3 6200
184 6252 0 4 0 6256
185 1 6292 1 3 6297
186 6280 0 0 0 6280
187 6 0 6228 0 6234
188 6205 0 0 0 6205
189 6143 0 1 0 6144
190 6087 0 0 0 6087
191 2 6140 1 1 6144
192 1 6122 0 1 6124
193 6109 0 0 1 6110
194 1 0 6082 0 6083
195 1 0 5911 0 5912
196 0 0 5903 0 5903
197 0 0 6131 2 6133
198 4 1 6174 0 6179
199 6236 0 8 0 6244
200 6265 0 6 0 6271
201 6261 7 2 0 6270
202 0 6317 0 1 6318
203 0 1 0 6249 6250
204 6264 0 0 2 6266
205 0 1 0 6244 6245
206 2 0 6164 0 6166
207 2 6155 6 4 6167
208 1 6203 0 2 6206
209 1 6276 0 0 6277
210 6299 1 5 0 6305
211 3649 0 2607 0 6256
212 6245 0 0 1 6246
213 6242 0 0 0 6242
214 0 2 0 6248 6250
215 1 0 6191 0 6192
216 1 6170 0 0 6171
217 5 6401 0 0 6406
218 0 1 4 6286 6291
219 0 6393 0 3 6396
220 6375 0 20 0 6395
221 6363 0 5 0 6368
222 1 6400 0 0 6401
223 0 0 0 6359 6359
224 4 0 6288 0 6292
225 3 6384 0 1 6388
226 6427 0 4 0 6431
227 2 6471 1 5 6479
228 6488 0 3 0 6491
229 3 0 6429 0 6432
230 6367 2 1 4 6374
231 1 27 1 6437 6466
232 0 6532 0 2 6534
233 0 2 0 6546 6548
234 61 3 6460 2 6526
235 0 0 6487 1 6488
236 6445 0 3 0 6448
237 1 1 0 6418 6420
238 1 0 6485 0 6486
239 0 1 0 6339 6340
240 6429 0 5 0 6434
241 44 0 6363 1 6408
242 1 6383 0 5 6389
243 2 6455 0 0 6457
244 0 1 1 6439 6441
245 0 0 0 6511 6511
246 5 3 6455 10 6473
247 3 0 6589 3 6595
248 1 2 6383 209 6595
249 1 6672 1 7 6681
250 6652 0 1 0 6653
251 2 0 6665 1 6668
252 6644 0 7 0 6651
253 3 6766 0 1 6770
254 1 6760 0 2 6763
255 6835 0 30 0 6865
256 6790 0 0 0 6790
257 6746 0 1 0 6747
258 363 6360 0 6 6729
259 0 0 0 6598 6598
260 1 0 6625 0 6626
261 0 6667 0 0 6667
262 6641 0 0 0 6641
263 0 6660 0 2 6662
264 6671 0 0 2 6673
265 0 0 6692 0 6692
266 2 0 6724 0 6726
267 8 0 6751 0 6759
268 5316 0 1455 0 6771
269 6785 0 1 1 6787
270 6798 1 3 0 6802
271 6764 0 2 1 6767
272 1 0 1 6716 6718
273 6355 1 1 0 6357
274 1 6631 0 0 6632
275 1 6593 0 1 6595
276 0 6619 0 4 6623
277 1 1 1 6494 6497
278 7 6569 6 0 6582
279 1 0 0 6533 6534
280 1 0 6507 4 6512
281 3 6484 0 1 6488
282 6476 1 2 4 6483
283 6420 6 0 3 6429
284 1 0 6451 1 6453
285 5 0 6351 0 6356
286 0 0 6395 0 6395
287 1 2 0 5939 5942
288 1 5 0 6338 6344
289 0 2 0 6376 6378
290 0 6433 0 0 6433
291 6429 0 1 0 6430
292 6354 0 1 0 6355
293 1 1 0 6297 6299
294 6202 0 2 3 6207
295 0 6278 0 0 6278
296 0 6 0 6132 6138
297 1 6224 0 7 6232
298 3 6247 0 2 6252
299 6079 0 2 0 6081
300 0 0 0 5866 5866
301 1 0 5876 0 5877
302 5878 0 0 0 5878
303 5829 0 2 0 5831
304 7 0 5831 0 5838
305 0 474 0 5271 5745
306 2 5840 0 0 5842
307 5892 0 2 1 5895
308 5 1 5842 1 5849
309 5767 0 4 1 5772
310 5 5761 0 3 5769
311 5 5814 0 0 5819
312 0 1 0 5814 5815
313 4 0 5819 0 5823
314 0 1 2 5788 5791
315 0 2 0 5799 5801
316 5785 0 7 0 5792
317 4 5830 2 0 5836
318 5847 0 0 1 5848
319 0 0 1 5796 5797
320 1 5852 0 1 5854
321 0 6 2 5823 5831
322 1 2 5758 3 5764
323 1 0 5678 0 5679
324 2 0 5817 0 5819
325 0 3 0 5389 5392
326 2 0 5548 0 5550
327 0 5997 0 5 6002
328 0 4 0 6089 6093
329 0 2 0 6133 6135
330 0 10 0 6103 6113
331 1 6078 0 3 6082
332 3 6331 0 1 6335
333 0 10 0 6327 6337
334 6345 0 3 0 6348
335 0 0 0 6315 6315
336 6338 0 1 0 6339
337 6293 1 0 5 6299
338 0 5 0 6341 6346
339 2 2 6349 9 6362
340 1 6347 0 2 6350
341 6292 0 0 2 6294
342 1 6415 0 3 6419
343 4 0 6391 3 6398
344 6322 1 4 3 6330
345 0 1 0 6388 6389
346 6431 0 0 0 6431
347 2 0 6409 0 6411
348 6346 0 2 0 6348
349 6379 0 1 0 6380
350 3 6563 0 1 6567
351 6571 0 0 0 6571
352 6489 0 1 0 6490
353 6444 0 0 0 6444
354 6474 0 1 0 6475
355 6408 4 14 0 6426
356 2 2 1 6248 6253
357 0 262 0 6020 6282
358 6288 0 0 1 6289
359 0 0 6153 0 6153
360 6156 0 3 0 6159
361 1 6192 0 1 6194
362 6193 3 3 2 6201
363 0 0 6086 1 6087
364 1 6118 0 0 6119
365 0 3 1 6022 6026
366 5 0 6099 0 6104
367 0 5964 0 10 5974
368 2 6018 2 0 6022
369 0 360 0 5663 6023
370 6024 0 1 0 6025
371 5877 0 0 0 5877
372 3 5971 0 4 5978
373 0 5983 0 2 5985
374 1 0 1 5925 5927
375 0 1 0 5862 5863
376 0 5923 0 0 5923
377 0 4 0 5793 5797
378 4 5984 0 4 5992
379 6 6002 0 5 6013
380 3 1 5999 0 6003
381 5869 2 16 2 5889
382 2 0 5996 1 5999
383 0 1 5869 0 5870
384 5896 0 3 0 5899
385 0 0 0 5915 5915
386 5958 0 3 0 5961
387 0 6299 0 0 6299
388 3 0 6334 1 6338
389 6314 0 3 0 6317
390 6271 0 1 0 6272
391 23 6248 0 1 6272
392 6243 0 2 0 6245
393 1 1 0 6241 6243
394 147 0 6122 0 6269
395 3 1 0 6082 6086
396 2 6214 0 4 6220
397 6288 0 8 0 6296
398 2 0 6277 2 6281
399 1 0 6068 1 6070
400 1 0 1 5896 5898
401 0 7 0 6102 6109
402 6139 0 4 0 6143
403 0 0 0 6128 6128
404 0 6154 0 0 6154
405 6146 2 0 0 6148
406 6026 0 0 0 6026
407 5 6069 1 3 6078
408 1 0 0 5999 6000
409 0 6068 0 0 6068
410 6002 0 0 1 6003
411 3 6133 0 3 6139
412 6091 0 2 0 6093
413 5982 1 0 0 5983
414 2 6053 0 2 6057
415 1 0 6050 0 6051
416 0 303 0 5704 6007
417 0 303 0 5814 6117
418 6107 0 1 0 6108
419 1 1 0 6056 6058
420 3 6125 0 2 6130
421 6136 0 2 0 6138
422 6051 5 2 1 6059
423 2 2 0 6050 6054
424 26 2 6021 0 6049
425 0 6050 0 4 6054
426 6199 0 1 1 6201
427 0 0 6165 1 6166
428 6176 0 1 0 6177
429 6147 0 4 0 6151
430 1 0 6137 0 6138
431 6109 0 4 0 6113
432 0 25 0 6026 6051
433 2 0 6030 0 6032
434 1 5977 0 5 5983
435 5864 0 3 9 5876
436 1 5915 0 0 5916
437 0 5936 0 0 5936
438 5943 0 0 0 5943
439 0 0 5950 1 5951
440 0 1 5910 0 5911
441 5874 0 4 1 5879
442 2 0 5910 0 5912
443 2 0 5886 0 5888
444 5865 1 0 0 5866
445 1 5893 0 0 5894
446 0 5848 0 2 5850
447 1 5900 0 5 5906
448 1 1 0 5852 5854
449 5853 0 0 0 5853
450 0 6048 0 11 6059
451 5606 489 2 0 6097
452 6065 0 0 0 6065
453 6047 3 5 0 6055
454 6001 0 6 0 6007
455 0 0 0 5963 5963
456 1 2 0 6001 6004
457 0 0 6002 0 6002
458 1 0 5918 0 5919
459 5943 0 1 0 5944
460 5862 1 0 2 5865
461 1 5957 0 1 5959
462 5 5965 2 0 5972
463 2588 0 3 3257 5848
464 1 5911 0 1 5913
465 5919 0 4 0 5923
466 1870 0 3974 0 5844
467 5 0 5749 0 5754
468 0 0 5756 0 5756
469 0 1 0 5563 5564
470 0 5795 1 0 5796
471 0 11 0 5835 5846
472 0 0 0 5854 5854
473 0 0 5819 0 5819
474 1 5692 0 6 5699
475 0 5691 0 3 5694
476 2 5727 1 1 5731
477 0 3 1 5709 5713
478 5679 0 0 1 5680
479 5642 0 0 1 5643
480 2 5676 2 11 5691
481 5681 0 5 0 5686
482 5 1 0 5572 5578
483 0 11 0 5508 5519
484 5454 1 0 2 5457
485 0 5590 0 2 5592
486 0 5528 0 1 5529
487 5534 1 0 0 5535
488 5430 0 1 0 5431
489 0 1 0 5372 5373
490 0 0 5416 0 5416
491 1 0 5357 0 5358
492 5346 0 7 0 5353
493 5410 1 0 0 5411
494 5370 0 1 0 5371
495 19 5370 0 2 5391
496 1 0 5367 0 5368
497 3 0 5306 0 5309
498 5297 0 0 1 5298
499 1 0 0 5273 5274
500 0 0 0 5258 5258
501 0 5264 0 1 5265
502 0 0 0 5200 5200
503 0 0 0 5135 5135
504 0 5232 0 0 5232
505 2 0 4979 2 4983
506 1 4997 0 1 4999
507 5036 0 0 0 5036
508 5018 0 0 0 5018
509 9 5007 0 3 5019
510 5046 0 1 1 5048
511 5001 0 2 0 5003
512 0 0 0 4955 4955
513 2 1 4934 2 4939
514 0 0 4823 0 4823
515 3 4868 1 0 4872
516 1 3 0 4784 4788
517 0 2 0 4823 4825
518 1 1 4633 6 4641
519 1 1 4684 0 4686
520 0 0 4783 0 4783
521 0 4731 0 17 4748
522 2 4812 0 6 4820
523 5 0 4777 1 4783
524 0 4 0 4626 4630
525 0 4702 1 1 4704
526 1 4821 0 2 4824
527 6 5043 0 0 5049
528 5035 0 4 1 5040
529 4747 0 361 0 5108
530 5125 1 0 0 5126
531 5120 1 10 0 5131
532 5115 0 2 0 5117
533 5069 0 0 0 5069
534 1 5000 0 0 5001
535 1 0 4910 0 4911
536 4922 0 1 0 4923
537 0 4920 0 2 4922
538 4656 0 293 0 4949
539 4761 0 239 0 5000
540 4975 1 0 0 4976
541 368 0 4321 0 4689
542 4710 3 2 0 4715
543 1 4768 0 1 4770
544 4846 0 0 0 4846
545 4905 0 2 0 4907
546 4865 3 2 0 4870
547 4829 2 0 0 4831
548 6 4692 0 2 4700
549 4637 0 0 1 4638
550 4 1 4412 0 4417
551 2 4462 3 0 4467
552 4504 0 1 0 4505
553 4552 0 0 0 4552
554 0 4429 0 0 4429
555 4465 0 1 0 4466
556 17 0 4273 0 4290
557 4272 0 2 1 4275
558 0 0 0 4145 4145
559 0 4358 0 4 4362
560 0 4462 0 0 4462
561 4438 0 0 0 4438
562 0 1 0 4388 4389
563 4 1 0 4455 4460
564 4462 0 0 2 4464
565 4466 0 0 0 4466
566 2 4422 0 0 4424
567 4431 1 1 0 4433
568 4461 3 1 0 4465
569 1 0 0 4370 4371
570 4490 0 1 1 4492
571 3 0 4076 3 4082
572 4371 0 0 0 4371
573 4487 1 2 0 4490
574 2 1 4214 0 4217
575 0 2 0 3730 3732
576 4134 0 5 0 4139
577 0 4235 0 0 4235
578 0 4429 0 1 4430
579 4423 0 1 0 4424
580 0 1 0 4316 4317
581 4366 0 1 0 4367
582 1 4317 0 2 4320
583 4390 1 0 2 4393
584 3 2 0 4278 4283
585 0 5 1 4368 4374
586 0 0 0 4452 4452
587 0 0 4363 0 4363
588 1 1 1 4223 4226
589 4368 0 0 0 4368
590 4 4359 0 0 4363
591 4388 0 1 4 4393
592 1 0 4385 2 4388
593 4396 0 3 0 4399
594 4436 0 5 0 4441
595 3 1 4337 0 4341
596 1 0 4383 0 4384
597 4411 1 5 3 4420
598 2 0 4428 0 4430
599 4491 1 0 0 4492
600 4496 1 1 0 4498
601 1 0 4386 0 4387
602 4454 0 10 0 4464
603 0 4501 0 0 4501
604 1 4585 0 2 4588
605 4655 0 5 0 4660
606 4663 0 1 1 4665
607 4700 0 0 1 4701
608 0 1 1 4595 4597
609 0 11 1 4569 4581
610 4485 2 8 2 4497
611 4 4591 2 2 4599
612 1 4643 0 2 4646
613 14 0 4785 0 4799
614 0 1 0 4502 4503
615 0 2 0 4708 4710
616 0 11 0 5034 5045
617 2 3 5057 1 5063
618 0 0 5045 0 5045
619 0 1 5079 1 5081
620 2 0 5054 2 5058
621 0 0 5188 1 5189
622 0 2 1 5176 5179
623 0 7 0 5507 5514
624 0 5551 1 30 5582
625 1 5621 0 0 5622
626 5534 0 1 1 5536
627 1 6243 0 0 6244
628 0 0 0 6139 6139
629 0 6505 0 3 6508
630 1 3 0 6509 6513
631 2 0 6457 0 6459
632 6443 0 0 0 6443
633 0 6529 0 2 6531
634 6537 0 1 0 6538
635 341 4 0 6085 6430
636 7 6543 0 23 6573
637 282 0 6146 2 6430
638 6401 0 2 0 6403
639 20 0 6339 0 6359
640 6339 1 0 0 6340
641 346 6040 1 7 6394
642 3 6460 0 1 6464
643 1 6526 0 0 6527
644 6278 1 267 0 6546
645 6517 0 0 0 6517
646 6514 0 1 1 6516
647 1 2 0 6314 6317
648 1 0 6324 1 6326
649 9 0 6303 0 6312
650 0 6497 1 1 6499
651 6528 0 2 0 6530
652 6565 0 0 0 6565
653 6141 0 358 0 6499
654 2 0 6369 1 6372
655 1 6455 0 1 6457
656 0 0 0 6418 6418
657 1 6511 0 3 6515
658 1 0 0 6541 6542
659 6569 0 0 0 6569
660 0 2 0 6533 6535
661 1 0 6526 2 6529
662 0 0 6502 1 6503
663 1483 1 5061 0 6545
664 3 0 6552 1 6556
665 6545 0 1 0 6546
666 5 6646 0 2 6653
667 0 1 0 6663 6664
668 4 6748 0 2 6754
669 6724 1 1 0 6726
670 6713 1 0 0 6714
671 6722 1 0 0 6723
672 3 0 6529 1 6533
673 0 6520 0 1 6521
674 0 6585 0 1 6586
675 1 6584 0 3 6588
676 1 6692 0 1 6694
677 6687 7 9 3 6706
678 1 0 6651 0 6652
679 6666 0 3 0 6669
680 6678 1 1 0 6680
681 4 1 6699 0 6704
682 0 3 0 6567 6570
683 0 8 0 6675 6683
684 2 6632 0 8 6642
685 6509 2 4 1 6516
686 2 6707 0 1 6710
687 2 6656 0 5 6663
688 1 1 0 6560 6562
689 0 6637 1 2 6640
690 6634 0 4 0 6638
691 1 0 0 6600 6601
692 4 6679 0 1 6684
693 0 5 0 6674 6679
694 5 0 6597 0 6602
695 3 6597 1 3 6604
696 2 6680 0 2 6684
697 6675 0 7 1 6683
698 6623 0 18 0 6641
699 3 6661 0 2 6666
700 2 0 6567 1 6570
701 0 0 6488 1 6489
702 6505 1 1 1 6508
703 3 0 6536 0 6539
704 0 1 1 6472 6474
705 2 0 6499 3 6504
706 6472 0 6 0 6478
707 0 6538 0 0 6538
708 0 6594 0 6 6600
709 6532 1 7 2 6542
710 1 6598 0 0 6599
711 6495 1 2 0 6498
712 0 6617 0 1 6618
713 6580 0 0 1 6581
714 1 7 0 6475 6483
715 0 2 0 6477 6479
716 6457 1 0 0 6458
717 0 6636 0 5 6641
718 10 1 6588 2 6601
719 0 0 0 6357 6357
720 3 502 0 5944 6449
721 0 1 0 6495 6496
722 0 6562 0 14 6576
723 6549 0 3 1 6553
724 4 6610 0 3 6617
725 6547 3 0 0 6550
726 14 0 6543 0 6557
727 6523 0 0 0 6523
728 0 0 0 6505 6505
729 1 5 1 6549 6556
730 3 0 6484 0 6487
731 4 0 6429 1 6434
732 2 3 1 6190 6196
733 2 0 6327 3 6332
734 0 0 6214 0 6214
735 3 6277 0 0 6280
736 0 1 0 6256 6257
737 0 0 4 6224 6228
738 0 6298 0 2 6300
739 2 6275 0 5 6282
740 1 6338 0 1 6340
741 6408 1 1 1 6411
742 6342 1 1 1 6345
743 6246 3 0 0 6249
744 0 3 1 6144 6148
745 3 6240 0 1 6244
746 6281 1 1 1 6284
747 6242 1 2 0 6245
748 6110 0 0 0 6110
749 2 6188 0 0 6190
750 6108 0 2 0 6110
751 1 0 6057 0 6058
752 6031 0 0 0 6031
753 5928 3 0 4 5935
754 1 0 5887 0 5888
755 5807 0 3 0 5810
756 2 5939 1 5 5947
757 0 0 5951 1 5952
758 4 0 5942 0 5946
759 5941 3 10 0 5954
760 3 0 5895 1 5899
761 3 0 5801 1 5805
762 5835 0 4 0 5839
763 1795 4030 2 0 5827
764 0 3 0 5887 5890
765 5772 0 4 1 5777
766 1 5828 0 1 5830
767 2 5835 0 5 5842
768 5794 0 0 0 5794
769 0 5832 0 1 5833
770 5839 0 1 0 5840
771 5802 0 0 1 5803
772 5751 1 2 1 5755
773 1 0 5765 1 5767
774 0 0 0 5220 5220
775 0 0 5552 1 5553
776 0 0 5670 0 5670
777 0 1 0 5448 5449
778 5715 0 1 3 5719
779 0 0 5697 0 5697
780 5660 0 4 0 5664
781 5621 0 2 0 5623
782 0 0 0 5675 5675
783 0 1 0 5682 5683
784 7 0 5593 0 5600
785 2 3 0 5481 5486
786 0 5 0 5575 5580
787 0 0 5542 0 5542
788 0 0 1 5476 5477
789 0 38 0 5486 5524
790 4 0 5505 1 5510
791 5499 0 0 0 5499
792 0 8 0 5488 5496
793 0 0 0 5512 5512
794 5493 1 2 5 5501
795 1 5490 0 2 5493
796 5496 0 0 0 5496
797 0 1 0 5452 5453
798 4 0 5459 1 5464
799 1 0 5391 11 5403
800 3 3 0 5086 5092
801 53 0 5259 4 5316
802 1 5837 0 0 5838
803 6082 1 14 1 6098
804 6191 0 1 0 6192
805 6208 0 0 0 6208
806 6229 1 4 0 6234
807 6278 0 3 0 6281
808 1 2 1 6204 6208
809 0 6293 0 2 6295
810 4 2 1 6270 6277
811 2 0 6322 1 6325
812 0 0 6328 1 6329
813 6358 1 13 0 6372
814 6456 1 1 0 6458
815 6491 0 1 0 6492
816 6466 1 5 0 6472
817 6425 5 0 1 6431
818 2 6417 0 5 6424
819 6312 1 0 1 6314
820 0 0 6278 0 6278
821 0 0 6121 0 6121
822 6137 0 0 0 6137
823 6131 0 0 1 6132
824 2 6167 0 5 6174
825 6228 2 1 4 6235
826 6183 0 1 0 6184
827 6 1 0 6182 6189
828 0 2 0 6149 6151
829 6027 0 0 14 6041
830 0 6030 0 11 6041
831 0 6056 0 1 6057
832 0 1 0 6037 6038
833 6053 0 0 0 6053
834 0 4 0 6018 6022
835 2 6066 0 0 6068
836 6096 0 0 0 6096
837 6059 0 1 0 6060
838 5999 3 0 0 6002
839 4 0 5994 1 5999
840 5896 0 6 0 5902
841 0 0 5965 0 5965
842 0 0 5848 1 5849
843 3 2 0 5142 5147
844 5728 0 1 0 5729
845 0 0 0 5903 5903
846 0 5 0 5927 5932
847 0 3 0 5955 5958
848 1 0 0 5992 5993
849 5977 0 3 0 5980
850 0 53 1 5863 5917
851 0 2 0 5913 5915
852 12 0 5869 0 5881
853 0 5724 0 4 5728
854 2 5837 0 2 5841
855 0 10 0 5837 5847
856 1 5871 0 0 5872
857 5930 0 0 0 5930
858 5899 0 1 2 5902
859 5874 0 0 1 5875
860 5809 0 3 0 5812
861 3 0 5787 3 5793
862 2 0 5779 0 5781
863 2 1 2 5070 5075
864 30 1 5594 1 5626
865 1 1 1 5535 5538
866 1 0 5684 0 5685
867 1 0 5700 0 5701
868 1 2 0 5462 5465
869 1 0 5645 1 5647
870 4 5722 0 40 5766
871 6 0 5937 1 5944
872 1 5972 0 0 5973
873 6033 0 5 0 6038
874 6014 0 0 1 6015
875 1 0 6046 2 6049
876 0 5 0 5927 5932
877 0 0 6197 1 6198
878 0 0 6377 3 6380
879 1 6520 0 5 6526
880 6661 0 5 1 6667
881 9 1 6705 0 6715
882 4 0 6686 0 6690
883 6581 0 2 0 6583
884 0 0 6818 0 6818
885 0 66 0 6432 6498
886 6850 0 1 2 6853
887 6877 0 5 0 6882
888 0 0 7029 1 7030
889 3 0 7004 1 7008
890 0 0 0 6851 6851
891 7095 1 6 0 7102
892 7155 0 0 2 7157
893 1 0 0 7222 7223
894 7283 4 0 3 7290
895 7417 0 0 0 7417
896 7481 0 1 0 7482
897 7488 2 3 0 7493
898 0 0 7542 1 7543
899 0 1 7452 0 7453
900 7467 0 7 3 7477
901 0 11 0 7474 7485
902 2 7489 0 5 7496
903 2 7747 1 3 7753
904 1 0 0 7764 7765
905 0 1 0 7792 7793
906 1 0 7780 12 7793
907 2 7654 0 8 7664
908 2 7948 0 4 7954
909 0 5 0 7950 7955
910 0 0 0 8001 8001
911 1 5 0 8034 8040
912 8084 0 3 0 8087
913 7989 0 4 0 7993
914 0 0 3 7981 7984
915 3 4 2 7942 7951
916 0 0 7976 1 7977
917 1 0 7937 4 7942
918 7789 0 8 0 7797
919 0 0 7932 0 7932
920 7867 0 1 4 7872
921 7797 0 92 2 7891
922 3 0 7887 0 7890
923 3 7903 1 1 7908
924 7964 0 3 0 7967
925 4 0 7976 0 7980
926 7929 0 1 1 7931
927 0 1 1 7942 7944
928 0 1 0 7977 7978
929 1 0 7966 1 7968
930 2 7878 1 2 7883
931 8 7927 1 0 7936
932 0 2 1 7871 7874
933 2 7858 2 2 7864
934 2 7921 0 1 7924
935 7944 2 3 1 7950
936 0 9 1 7992 8002
937 4 0 8053 1 8058
938 8054 0 1 0 8055
939 8073 0 10 0 8083
940 8085 0 0 1 8086
941 8052 1 1 0 8054
942 8006 1 7 0 8014
943 0 3 0 7972 7975
944 7885 4 2 2 7893
945 2 8005 0 26 8033
946 9 0 8002 3 8014
947 3 0 7964 0 7967
948 1 4 4 7628 7637
949 0 0 7925 1 7926
950 0 0 7948 0 7948
951 7856 0 12 1 7869
952 0 0 2 8022 8024
953 0 0 0 8131 8131
954 8117 0 3 3 8123
955 8241 0 1 0 8242
956 8289 0 0 0 8289
957 8 9230 0 0 9238
958 9490 0 1 1 9492
959 9446 0 1 0 9447
960 9538 0 0 1 9539
961 9609 0 17 1 9627
962 6 0 10043 0 10049
963 1 9997 1 1 10000
964 10275 0 0 3 10278
965 10281 14 1 1 10297
966 6 0 10182 0 10188
967 4 10084 8 0 10096
968 6 10284 0 4 10294
969 2 5 0 10320 10327
970 1 1 0 10395 10397
971 10356 0 0 0 10356
972 11 10403 1 4 10419
973 1 2 1 10286 10290
974 10281 3 1 0 10285
975 3 10370 0 2 10375
976 10307 4 0 1 10312
977 0 10374 0 3 10377
978 10334 7 5 15 10361
979 0 2 10448 2 10452
980 6 0 10336 4 10346
981 8 0 11112 2 11122
982 5 0 11132 1 11138
983 11187 0 10 0 11197
984 11292 0 1 1 11294
985 1 11302 0 1 11304
986 11362 2 0 0 11364
987 1 0 4 11301 11306
988 5 0 11312 1 11318
989 2 11370 0 4 11376
990 11431 0 3 0 11434
991 11458 0 2 1 11461
992 11386 2 1 0 11389
993 6 0 11330 3 11339
994 3 0 11257 1 11261
995 0 11231 0 1 11232
996 0 11307 0 4 11311
997 11405 2 2 0 11409
998 0 0 0 11469 11469
999 11553 3 4 2 11562
1000 7 3 11696 0 11706
1001 5 0 11672 3 11680
1002 11723 1 2 0 11726
1003 11846 0 31 1 11878
1004 11863 1 1 1 11866
1005 3 9 2 11755 11769
1006 1 2 0 11822 11825
1007 3 0 11643 0 11646
1008 3 11504 1 34 11542
1009 3 11529 0 2 11534
1010 1 11729 0 6 11736
1011 11840 0 0 1 11841
1012 11899 1 0 1 11901
1013 0 1 0 11747 11748
1014 11881 0 0 1 11882
1015 2 0 0 11678 11680
1016 0 0 11662 1 11663
1017 1 0 11650 1 11652
1018 6 0 11763 1 11770
1019 3 1 2 11133 11139
1020 3 0 11673 1 11677
1021 11898 0 3 0 11901
1022 11990 0 2 0 11992
1023 11936 0 3 0 11939
1024 11674 4 1 1 11680
1025 1 11821 0 1 11823
1026 11221 1 76 1 11299
1027 0 11850 0 2 11852
1028 0 11771 0 4 11775
1029 0 11923 0 12 11935
1030 0 5 0 11884 11889
1031 0 1 0 11942 11943
1032 1 0 11864 0 11865
1033 11805 0 0 4 11809
1034 11844 4 1 14 11863
1035 1 2 11769 2 11774
1036 18 11919 1 0 11938
1037 1 3 0 12008 12012
1038 6 2 12058 1 12067
1039 7 0 12004 1 12012
1040 0 11945 9 4 11958
1041 1 11935 0 2 11938
1042 12046 0 4 5 12055
1043 12116 4 6 0 12126
1044 1 0 0 12332 12333
1045 2 0 12309 0 12311
1046 1 1 12215 1 12218
1047 12001 0 11 0 12012
1048 12318 0 3 2 12323
1049 0 12350 0 1 12351
1050 3 12699 0 35 12737
1051 12808 0 9 1 12818
1052 12757 1 0 0 12758
1053 12834 0 0 2 12836
1054 0 2 0 12737 12739
1055 12861 0 0 1 12862
1056 0 3 0 12842 12845
1057 12950 0 1 1 12952
1058 1 0 12695 0 12696
1059 12347 2 4 0 12353
1060 3 12692 2 1 12698
1061 4 12731 3 0 12738
1062 2 15 0 12515 12532
1063 5 12765 0 0 12770
1064 1 12960 0 1 12962
1065 2 16 4 12850 12872
1066 10 0 12875 1 12886
1067 2 12944 0 4 12950
1068 13005 0 5 3 13013
1069 12949 0 1 2 12952
1070 12809 1 0 2 12812
1071 12785 0 4 2 12791
1072 3 13062 0 6 13071
1073 0 1 0 12944 12945
1074 12965 0 1 1 12967
1075 0 6 0 12916 12922
1076 1 1 0 13077 13079
1077 13130 0 18 0 13148
1078 13057 0 1 1 13059
1079 13027 2 0 5 13034
1080 3 0 13088 0 13091
1081 5 0 13005 0 13010
1082 12775 1 1 1 12778
1083 12912 0 3 1 12916
1084 12934 33 5 15 12987
1085 5 10 13216 5 13236
1086 6 0 13098 0 13104
1087 1 0 13089 0 13090
1088 0 0 13636 2 13638
1089 0 3 3 13002 13008
1090 0 2 0 13445 13447
1091 0 1 0 14017 14018
1092 3 14037 4 6 14050
1093 0 1 0 14153 14154
1094 0 6 0 14353 14359
1095 8 14374 10 57 14449
1096 5 0 14363 3 14371
1097 1 0 14315 0 14316
1098 13932 0 21 2 13955
1099 0 0 14176 6 14182
1100 1 14197 1 0 14199
1101 1 4 0 14465 14470
1102 14409 0 2 0 14411
1103 5 0 0 14494 14499
1104 1 4 1 14647 14653
1105 5 0 14505 3 14513
1106 2 14727 0 4 14733
1107 3 4 2 14945 14954
1108 4 0 14969 2 14975
1109 2 0 15155 0 15157
1110 2 101 1 14461 14565
1111 0 0 0 15051 15051
1112 0 1 0 15274 15275
1113 0 15294 0 8 15302
1114 1 0 1 15466 15468
1115 0 1 1 15522 15524
1116 15214 2 5 1 15222
1117 3 0 15270 0 15273
1118 14748 1 4 5 14758
1119 42 0 15225 1 15268
1120 1 0 15202 0 15203
1121 1 0 15223 0 15224
1122 14885 0 6 1 14892
1123 2 0 15278 0 15280
1124 1 1 15184 1 15187
1125 14810 0 0 4 14814
1126 0 6 3 15026 15035
1127 5 0 15186 0 15191
1128 1 0 15122 4 15127
1129 5 1 15153 0 15159
1130 14811 1 3 0 14815
1131 14882 1 0 0 14883
1132 3 0 14833 3 14839
1133 2 0 14872 0 14874
1134 14595 0 2 1 14598
1135 14522 190 0 0 14712
1136 4 4 0 14704 14712
1137 5 0 14658 4 14667
1138 14552 0 5 0 14557
1139 1 2 0 14525 14528
1140 0 4 2 14621 14627
1141 11 0 14649 2 14662
1142 1 14688 0 9 14698
1143 14663 2 8 11 14684
1144 0 0 14778 1 14779
1145 2 0 14717 0 14719
1146 0 7 1 14390 14398
1147 0 4 0 14843 14847
1148 3 0 14892 2 14897
1149 8 1 14647 0 14656
1150 1 15083 1 4 15089
1151 15069 1 4 4 15078
1152 2 15391 3 22 15418
1153 6 0 15388 2 15396
1154 5 0 15313 0 15318
1155 15117 0 6 0 15123
1156 5 1 1 15243 15250
1157 15232 0 4 0 15236
1158 1 15181 1 7 15190
1159 15175 1 6 1 15183
1160 12 15191 1 0 15204
1161 15191 0 1 0 15192
1162 1 0 0 14831 14832
1163 2 14888 0 4 14894
1164 7 14850 1 11 14869
1165 1 14943 1 8 14953
1166 14805 2 3 1 14811
1167 1 2 1 14830 14834
1168 2 0 14756 0 14758
1169 1 0 14582 1 14584
1170 14 0 14592 2 14608
1171 4 0 14597 0 14601
1172 0 14728 5 1 14734
1173 14571 0 4 0 14575
1174 5 14669 1 1 14676
1175 14688 1 1 0 14690
1176 1 2 0 14641 14644
1177 2 0 14726 3 14731
1178 0 0 14549 1 14550
1179 14254 0 6 3 14263
1180 11 0 14443 1 14455
1181 0 1 1 14144 14146
1182 14256 0 3 0 14259
1183 3 3 14334 0 14340
1184 1 14158 1 4 14164
1185 22 1 14076 0 14099
1186 4 0 13781 1 13786
1187 6 6 4 12028 12044
1188 8 1 12577 2 12588
1189 2 4 13178 2 13186
1190 0 12587 0 1 12588
1191 12860 0 4 0 12864
1192 4 0 12990 1 12995
1193 1 12890 0 1 12892
1194 3 3 0 12838 12844
1195 5 0 13027 0 13032
1196 12532 0 4 0 12536
1197 6 12703 0 8 12717
1198 0 13217 0 1 13218
1199 4 1 0 13082 13087
1200 0 1 0 13446 13447
1201 13306 1 0 1 13308
1202 13457 3 4 0 13464
1203 36 1 12800 0 12837
1204 12796 0 0 0 12796
1205 0 2 12659 1 12662
1206 0 12492 1 7 12500
1207 12131 0 5 2 12138
1208 0 12530 0 1 12531
1209 5 3 0 12230 12238
1210 3 12487 0 0 12490
1211 12476 0 0 0 12476
1212 12621 0 4 1 12626
1213 1 0 12411 1 12413
1214 11888 0 3 0 11891
1215 1 0 11810 0 11811
1216 4 0 11561 2 11567
1217 2 11385 1 4 11392
1218 13 11682 0 5 11700
1219 11582 0 11 0 11593
1220 1 4 0 11436 11441
1221 11553 0 4 0 11557
1222 11606 0 1 0 11607
1223 11572 0 0 1 11573
1224 11 11228 0 96 11335
1225 11276 0 4 1 11281
1226 11282 1 11 0 11294
1227 14 0 11104 2 11120
1228 10776 1 12 1 10790
1229 2 2 0 10801 10805
1230 10928 0 4 0 10932
1231 10977 0 3 0 10980
1232 3 10903 0 0 10906
1233 11060 0 1 0 11061
1234 11245 0 1 0 11246
1235 11225 2 1 0 11228
1236 11173 0 48 1 11222
1237 11198 0 1 1 11200
1238 11071 1 1 1 11074
1239 1 3 1 10515 10520
1240 1 10584 0 0 10585
1241 0 3 0 10183 10186
1242 4 10460 0 10 10474
1243 10471 0 0 0 10471
1244 10288 0 0 0 10288
1245 0 10192 1 0 10193
1246 1 1 1 9708 9711
1247 1 10234 1 0 10236
1248 0 1 0 9985 9986
1249 0 1 0 10109 10110
1250 1 0 0 10285 10286
1251 22 0 9838 6 9866
1252 9844 0 1 3 9848
1253 2 0 9879 0 9881
1254 3 15 1 9496 9515
1255 1 0 9752 0 9753
1256 9665 0 7 1 9673
1257 3 0 9673 2 9678
1258 3 9549 0 3 9555
1259 1 3 1 9478 9483
1260 7 1 9506 2 9516
1261 2 0 9567 1 9570
1262 9242 0 2 0 9244
1263 9449 1 1 0 9451
1264 6 0 9319 0 9325
1265 0 0 1 8646 8647
1266 9216 0 2 3 9221
1267 9409 0 2 0 9411
1268 9487 0 2 0 9489
1269 6 0 8865 1 8872
1270 8906 0 0 0 8906
1271 8860 0 1 0 8861
1272 0 1 0 8571 8572
1273 2 8621 0 1 8624
1274 1 1 0 8599 8601
1275 1 3 3 8593 8600
1276 2 8613 0 7 8622
1277 8604 0 2 0 8606
1278 8535 0 3 0 8538
1279 8502 0 1 1 8504
1280 2 0 8001 2 8005
1281 8151 0 2 0 8153
1282 4 8103 0 1 8108
1283 0 2 1 8115 8118
1284 8197 0 1 2 8200
1285 8194 8 1 10 8213
1286 2 0 7604 1 7607
1287 3 7659 0 9 7671
1288 8 0 7545 2 7555
1289 9 0 7554 1 7564
1290 1 3 1 7070 7075
1291 3 1 7166 0 7170
1292 1 7250 0 0 7251
1293 6 7469 0 3 7478
1294 7451 0 1 0 7452
1295 0 0 1 7404 7405
1296 104 0 7282 0 7386
1297 1 1 7440 0 7442
1298 7346 3 2 0 7351
1299 3 13 1 7345 7362
1300 0 0 7322 0 7322
1301 7363 0 1 0 7364
1302 7417 0 0 0 7417
1303 4 7355 0 0 7359
1304 0 0 0 7209 7209
1305 1 7184 0 0 7185
1306 1 7287 0 2 7290
1307 7283 0 2 1 7286
1308 1 7320 0 1 7322
1309 7305 0 11 0 7316
1310 7312 0 1 0 7313
1311 4 7212 0 8 7224
1312 5 0 7185 1 7191
1313 7236 1 0 2 7239
1314 7368 0 2 0 7370
1315 7353 0 0 0 7353
1316 0 1 0 7200 7201
1317 7179 0 2 0 7181
1318 1 7214 0 1 7216
1319 1 0 1 7225 7227
1320 7241 0 24 0 7265
1321 0 0 6971 0 6971
1322 7090 0 1 0 7091
1323 7160 0 1 0 7161
1324 6 7128 0 1 7135
1325 1 1 1 7084 7087
1326 7274 0 3 0 7277
1327 1 0 7049 3 7053
1328 7157 0 0 0 7157
1329 0 0 0 7084 7084
1330 5 0 7129 0 7134
1331 7004 0 3 0 7007
1332 17 0 7059 0 7076
1333 7025 0 4 0 7029
1334 7135 0 1 0 7136
1335 7071 0 4 0 7075
1336 0 1 6967 0 6968
1337 1 1 1 6332 6335
1338 18 1 6862 1 6882
1339 0 0 7024 0 7024
1340 6996 0 6 3 7005
1341 0 26 0 6953 6979
1342 2 0 7053 1 7056
1343 7015 0 0 0 7015
1344 0 11 1 6986 6998
1345 1 7131 0 0 7132
1346 2 0 0 7126 7128
1347 4 7154 0 6 7164
1348 7173 1 2 0 7176
1349 1 0 7089 0 7090
1350 7019 4 4 0 7027
1351 0 0 7033 2 7035
1352 4 7081 1 2 7088
1353 1 3 0 7174 7178
1354 0 0 7223 3 7226
1355 7184 0 1 3 7188
1356 2 14 3 7071 7090
1357 7187 0 0 4 7191
1358 0 7230 1 1 7232
1359 7318 0 2 1 7321
1360 7315 0 2 1 7318
1361 0 3 0 7242 7245
1362 7358 1 0 0 7359
1363 7326 0 0 0 7326
1364 1 0 7093 2 7096
1365 1 7134 0 11 7146
1366 0 3 0 6939 6942
1367 1 7067 0 2 7070
1368 7143 0 6 1 7150
1369 3 7122 0 1 7126
1370 7205 0 3 1 7209
1371 7202 0 0 0 7202
1372 7154 0 0 1 7155
1373 0 0 1 7042 7043
1374 7175 0 2 0 7177
1375 0 1 7030 0 7031
1376 7059 0 0 0 7059
1377 6923 0 14 3 6940
1378 2 6951 0 2 6955
1379 0 9 3 6727 6739
1380 5 7026 0 2 7033
1381 1 0 7023 0 7024
1382 0 6965 0 0 6965
1383 6789 1 7 2 6799
1384 2 1 6753 2 6758
1385 0 1 0 6493 6494
1386 2 6567 0 2 6571
1387 1 6819 0 5 6825
1388 0 3 2 6840 6845
1389 5 0 6783 4 6792
1390 2 6778 1 5 6786
1391 0 5 1 6829 6835
1392 2 22 0 6782 6806
1393 0 6 386 6394 6786
1394 0 6779 0 10 6789
1395 3 6837 0 2 6842
1396 6786 0 0 0 6786
1397 6707 0 1 0 6708
1398 2 0 2 6707 6711
1399 4 0 6690 1 6695
1400 6642 0 0 1 6643
1401 6679 0 7 0 6686
1402 2 1 6709 1 6713
1403 2 0 6662 0 6664
1404 6659 0 5 2 6666
1405 6732 0 0 1 6733
1406 1 0 1 6696 6698
1407 6750 0 0 0 6750
1408 6740 1 1 2 6744
1409 0 0 0 6812 6812
1410 6860 0 1 0 6861
1411 6795 0 0 1 6796
1412 6681 0 1 0 6682
1413 2 6707 1 0 6710
1414 6548 0 1 0 6549
1415 2 1 6577 0 6580
1416 0 2 1 6352 6355
1417 0 0 6501 0 6501
1418 6539 1 0 1 6541
1419 6567 0 2 0 6569
1420 1 0 6468 0 6469
1421 6371 0 0 0 6371
1422 1 0 1 6415 6417
1423 3 1 6412 1 6417
1424 6360 0 2 1 6363
1425 5793 0 454 0 6247
1426 6 6336 0 2 6344
1427 6277 0 1 0 6278
1428 2 13 2 6163 6180
1429 2 6212 0 2 6216
1430 2 0 0 6152 6154
1431 13 6213 0 0 6226
1432 1 1 0 6184 6186
1433 1 20 0 6277 6298
1434 1 1 6244 0 6246
1435 0 0 6161 0 6161
1436 3 6137 0 3 6143
1437 4 0 6125 1 6130
1438 2 6155 0 2 6159
1439 1 4 1 6190 6196
1440 2 0 0 6260 6262
1441 2 0 6225 0 6227
1442 6193 0 3 0 6196
1443 6134 0 1 0 6135
1444 1 6212 0 2 6215
1445 1 0 6182 1 6184
1446 6108 0 14 0 6122
1447 6144 2 1 0 6147
1448 6142 3 1 0 6146
1449 6 0 6023 0 6029
1450 1 5914 0 2 5917
1451 0 0 1 5998 5999
1452 6 0 5969 0 5975
1453 5929 1 0 0 5930
1454 5936 1 1 0 5938
1455 1 0 5869 1 5871
1456 5881 0 2 2 5885
1457 5862 0 0 0 5862
1458 5839 0 9 0 5848
1459 5827 0 0 0 5827
1460 0 5 0 5674 5679
1461 2 0 5468 1 5471
1462 1 5514 0 4 5519
1463 0 7 0 5544 5551
1464 5 1 5477 4 5487
1465 3 4 5468 2 5477
1466 0 0 5498 3 5501
1467 1 5472 2 4 5479
1468 0 5471 0 3 5474
1469 0 5492 1 6 5499
1470 3 5680 0 1 5684
1471 1 0 0 5670 5671
1472 1 5806 1 0 5808
1473 0 1 0 5826 5827
1474 0 0 5803 0 5803
1475 0 5816 0 1 5817
1476 3 1 0 5911 5915
1477 0 0 5935 1 5936
1478 0 1 0 5851 5852
1479 5871 1 18 0 5890
1480 3 0 5938 0 5941
1481 5783 1 0 1 5785
1482 3 0 5902 0 5905
1483 5781 0 0 2 5783
1484 1 0 1 5973 5975
1485 5997 0 0 1 5998
1486 0 0 6028 2 6030
1487 0 1 6082 1 6084
1488 3 0 6042 0 6045
1489 6077 1 1 0 6079
1490 6086 0 1 0 6087
1491 0 2 0 6114 6116
1492 2 0 6104 0 6106
1493 1 0 6085 0 6086
1494 6086 0 6 0 6092
1495 0 3 0 6093 6096
1496 0 0 6065 0 6065
1497 1 6070 0 0 6071
1498 0 1 1 6314 6316
1499 0 0 0 6359 6359
1500 0 3 1 6369 6373
1501 1 0 6340 0 6341
1502 6325 0 3 1 6329
1503 6290 1 1 0 6292
1504 6164 2 2 0 6168
1505 0 6284 0 0 6284
1506 3 6245 0 0 6248
1507 6273 1 0 0 6274
1508 6212 0 0 0 6212
1509 6120 0 4 0 6124
1510 1 6224 0 0 6225
1511 6115 0 1 0 6116
1512 1 6234 0 1 6236
1513 6221 0 1 0 6222
1514 6148 0 0 3 6151
1515 1 0 6167 0 6168
1516 2 1 0 5954 5957
1517 0 0 6029 0 6029
1518 1 6118 0 0 6119
1519 6146 0 1 0 6147
1520 6052 1 2 2 6057
1521 1 5780 0 329 6110
1522 1 6084 0 0 6085
1523 6096 0 0 0 6096
1524 3 0 6039 0 6042
1525 5926 0 0 0 5926
1526 3 5984 0 0 5987
1527 1 5961 0 0 5962
1528 0 3 0 5951 5954
1529 1 0 5953 1 5955
1530 1 3 0 5883 5887
1531 1 5886 0 13 5900
1532 0 0 0 5945 5945
1533 5887 5 4 0 5896
1534 1 0 5893 1 5895
1535 5816 1 0 0 5817
1536 2 5885 0 1 5888
1537 5884 1 1 0 5886
1538 1 0 5893 2 5896
1539 5859 0 1 0 5860
1540 5859 0 0 1 5860
1541 0 0 0 5872 5872
1542 5837 6 2 2 5847
1543 0 0 5791 0 5791
1544 0 5802 1 0 5803
1545 0 2 0 5821 5823
1546 1 1 5773 1 5776
1547 0 5734 0 1 5735
1548 1 0 1 5809 5811
1549 0 0 5786 0 5786
1550 1 0 5786 0 5787
1551 0 2 1 5559 5562
1552 5546 0 5 0 5551
1553 1 5718 0 1 5720
1554 1 6255 1 23 6280
1555 0 5 0 6239 6244
1556 0 0 0 6264 6264
1557 1 49 0 6252 6302
1558 8 0 6235 0 6243
1559 6204 1 0 0 6205
1560 1 0 0 6239 6240
1561 2 0 6182 1 6185
1562 5 6161 0 0 6166
1563 6188 0 3 1 6192
1564 0 0 6258 1 6259
1565 1 2 6159 0 6162
1566 6181 0 0 0 6181
1567 0 0 6219 0 6219
1568 6261 0 1 0 6262
1569 6191 0 15 0 6206
1570 0 1 4 6277 6282
1571 0 2 0 6261 6263
1572 1 5 1 6261 6268
1573 0 0 0 6087 6087
1574 1 5973 0 1 5975
1575 1 3 0 5522 5526
1576 0 5440 0 0 5440
1577 0 0 0 5414 5414
1578 0 5353 0 19 5372
1579 1 5333 0 1 5335
1580 0 5357 5 0 5362
1581 7 5267 0 1 5275
1582 5004 0 8 1 5013
1583 8 5150 0 3 5161
1584 0 5126 1 199 5326
1585 0 5 0 5315 5320
1586 0 1 0 5296 5297
1587 1 0 0 5360 5361
1588 0 0 5335 0 5335
1589 5223 1 3 0 5227
1590 0 123 0 5099 5222
1591 2 0 0 5191 5193
1592 0 5177 0 3 5180
1593 5135 0 1 1 5137
1594 1 5204 1 2 5208
1595 4 1 0 5107 5112
1596 13 0 5007 0 5020
1597 4968 0 0 0 4968
1598 5004 0 0 0 5004
1599 0 3 0 5068 5071
1600 5039 0 1 0 5040
1601 1 1 0 4998 5000
1602 0 0 0 4993 4993
1603 4876 0 0 2 4878
1604 0 5018 0 1 5019
1605 1 2 0 4839 4842
1606 0 0 4778 1 4779
1607 1 4791 0 1 4793
1608 0 3 0 4819 4822
1609 1 0 4806 0 4807
1610 0 4785 0 0 4785
1611 4786 0 3 0 4789
1612 0 1 0 5074 5075
1613 2 5082 0 1 5085
1614 0 38 0 5119 5157
1615 1 1 0 5171 5173
1616 0 2 0 5202 5204
1617 5174 0 0 6 5180
1618 5121 0 0 0 5121
1619 5071 0 0 0 5071
1620 1 17 0 5103 5121
1621 2 0 5036 0 5038
1622 4970 4 1 0 4975
1623 3 5002 1 38 5044
1624 5 1 5069 0 5075
1625 4973 1 12 0 4986
1626 1 1 2 5018 5022
1627 0 0 5004 2 5006
1628 0 1 5017 2 5020
1629 4975 0 17 0 4992
1630 1 0 0 5075 5076
1631 0 0 0 5173 5173
1632 2 1 5116 1 5120
1633 0 0 5097 1 5098
1634 5109 0 8 0 5117
1635 2 2 0 5181 5185
1636 5108 0 0 0 5108
1637 5062 0 1 2 5065
1638 0 12 1 5079 5092
1639 0 5092 0 3 5095
1640 5084 0 0 0 5084
1641 2 28 0 4946 4976
1642 4870 0 0 0 4870
1643 1 4968 0 1 4970
1644 0 3 0 4986 4989
1645 4956 0 0 1 4957
1646 0 1 0 4959 4960
1647 4873 0 1 0 4874
1648 1 5015 0 0 5016
1649 0 1 0 4993 4994
1650 1 1 4960 0 4962
1651 2 5063 0 3 5068
1652 2 1 1 5124 5128
1653 0 1 0 5120 5121
1654 0 0 0 5134 5134
1655 5060 0 1 0 5061
1656 2 5115 0 0 5117
1657 0 0 0 5094 5094
1658 5008 0 0 0 5008
1659 1 5163 0 6 5170
1660 0 1 0 5125 5126
1661 0 5169 0 0 5169
1662 5184 0 0 0 5184
1663 5079 0 0 1 5080
1664 2 5220 0 0 5222
1665 1 2 0 5184 5187
1666 2 4 5173 3 5182
1667 0 5185 0 1 5186
1668 0 2 1 5193 5196
1669 0 0 5150 0 5150
1670 2 5045 0 0 5047
1671 1 5054 0 1 5056
1672 0 0 1 5048 5049
1673 0 5065 0 0 5065
1674 1 5118 0 0 5119
1675 5134 0 0 0 5134
1676 0 0 5129 0 5129
1677 0 0 0 5085 5085
1678 0 2 0 5106 5108
1679 0 3 0 5138 5141
1680 0 0 5085 0 5085
1681 1 0 5032 0 5033
1682 1 5022 1 1 5025
1683 2 1 0 4917 4920
1684 2 0 4918 0 4920
1685 0 0 1 4900 4901
1686 4915 0 0 0 4915
1687 4872 0 2 0 4874
1688 0 4875 0 0 4875
1689 4746 0 1 0 4747
1690 0 4802 0 19 4821
1691 0 3 0 4834 4837
1692 12 0 4771 0 4783
1693 4744 0 0 1 4745
1694 1 1 0 4775 4777
1695 1 0 4761 0 4762
1696 4698 0 1 0 4699
1697 0 0 0 4756 4756
1698 4701 0 4 0 4705
1699 0 0 4700 0 4700
1700 0 4672 0 0 4672
1701 2 14 0 4686 4702
1702 4661 0 0 1 4662
1703 0 0 0 4666 4666
1704 1 4498 0 122 4621
1705 2 2 1 4648 4653
1706 0 0 1 4669 4670
1707 0 5 0 4687 4692
1708 0 0 4640 0 4640
1709 0 2 1 4547 4550
1710 0 1 0 4571 4572
1711 2 0 4545 0 4547
1712 0 0 0 4486 4486
1713 0 0 0 4496 4496
1714 0 2 0 4529 4531
1715 4450 0 1 0 4451
1716 0 3 1 4357 4361
1717 4366 0 1 0 4367
1718 0 2 0 4322 4324
1719 2 0 4299 0 4301
1720 11 0 4221 0 4232
1721 2 0 1 4236 4239
1722 0 4180 1 2 4183
1723 1 1 0 4221 4223
1724 0 4175 0 0 4175
1725 0 4220 0 0 4220
1726 4156 0 3 0 4159
1727 1 0 4101 8 4110
1728 3997 0 0 0 3997
1729 4 0 3965 0 3969
1730 3910 0 0 0 3910
1731 0 3864 0 0 3864
1732 3849 0 1 1 3851
1733 3844 0 0 0 3844
1734 0 6 0 3859 3865
1735 2 0 3823 0 3825
1736 0 2 0 3790 3792
1737 0 1 0 3804 3805
1738 0 0 0 3764 3764
1739 1 3690 0 2 3693
1740 0 6 0 3432 3438
1741 0 1 0 3428 3429
1742 0 0 3335 0 3335
1743 2 3315 0 0 3317
1744 0 0 0 3316 3316
1745 1 3253 0 0 3254
1746 5 3291 0 1 3297
1747 3283 0 0 3 3286
1748 0 0 0 3312 3312
1749 0 131 0 3161 3292
1750 0 0 0 3325 3325
1751 0 0 3283 0 3283
1752 0 0 1 3258 3259
1753 0 3256 0 1 3257
1754 0 0 0 3274 3274
1755 3229 0 0 0 3229
1756 0 0 0 3267 3267
1757 3201 0 0 0 3201
1758 3177 0 0 0 3177
1759 0 0 12 0 12
1760 0 0 1 0 1
