1 654 0 0 0 654
2 0 0 0 677 677
3 0 0 668 0 668
4 658 0 0 0 658
5 663 0 0 0 663
6 0 0 674 0 674
7 0 0 665 0 665
8 0 738 0 0 738
9 748 0 0 0 748
10 742 0 0 0 742
11 0 18 0 762 780
12 797 0 0 0 797
13 800 0 0 0 800
14 0 0 0 798 798
15 0 0 0 816 816
16 0 0 832 0 832
17 0 4 0 839 843
18 852 0 0 0 852
19 0 876 0 0 876
20 0 0 0 893 893
21 892 0 0 0 892
22 0 923 0 0 923
23 0 2 0 909 911
24 0 936 0 0 936
25 975 0 1 0 976
26 0 1 0 1001 1002
27 0 0 997 0 997
28 0 0 1017 0 1017
29 0 0 0 994 994
30 1035 0 0 0 1035
31 0 0 1265 0 1265
32 0 0 0 1254 1254
33 1314 0 0 0 1314
34 1331 0 0 0 1331
35 0 1324 0 0 1324
36 1366 0 1 0 1367
37 0 0 0 1384 1384
38 0 1381 0 0 1381
39 0 1397 0 0 1397
40 1412 0 0 0 1412
41 1391 0 1 0 1392
42 0 3 0 1413 1416
43 1 0 1390 0 1391
44 0 1439 0 0 1439
45 1443 0 0 0 1443
46 0 0 1428 0 1428
47 1415 0 0 0 1415
48 1 1 0 1434 1436
49 0 1457 0 0 1457
50 0 0 1439 0 1439
51 1468 0 0 0 1468
52 1441 0 0 0 1441
53 0 0 0 1457 1457
54 0 1436 0 0 1436
55 0 0 0 1436 1436
56 0 0 1420 0 1420
57 0 1427 0 0 1427
58 1439 0 0 0 1439
59 0 1461 0 1 1462
60 0 0 0 1454 1454
61 0 0 1446 0 1446
62 0 0 1432 0 1432
63 1 0 1450 0 1451
64 1446 0 0 0 1446
65 0 0 0 1482 1482
66 1483 0 0 0 1483
67 1476 0 2 1 1479
68 0 1484 0 0 1484
69 1479 0 0 0 1479
70 0 0 0 1485 1485
71 0 1500 0 4 1504
72 4 0 1687 0 1691
73 0 0 0 1698 1698
74 0 1739 0 4 1743
75 1777 0 7 0 1784
76 1776 0 0 0 1776
77 1771 0 0 0 1771
78 8 1819 0 0 1827
79 0 0 0 1805 1805
80 0 1818 0 0 1818
81 1812 0 0 1 1813
82 6 1819 0 0 1825
83 1 1822 0 5 1828
84 1834 0 3 0 1837
85 2 1848 0 0 1850
86 1850 0 0 0 1850
87 1 0 0 1858 1859
88 1 0 1833 0 1834
89 1 2 0 1829 1832
90 8 1859 0 0 1867
91 7 0 1975 0 1982
92 0 0 0 2020 2020
93 0 2115 0 0 2115
94 2181 0 0 0 2181
95 2176 0 0 0 2176
96 2163 0 0 0 2163
97 2167 1 1 0 2169
98 0 2247 0 0 2247
99 0 3 0 2263 2266
100 1 0 2258 0 2259
101 0 2263 1 0 2264
102 0 0 0 2269 2269
103 2266 0 0 0 2266
104 6 2343 0 0 2349
105 1 0 0 2311 2312
106 0 2355 0 0 2355
107 2366 0 0 0 2366
108 2338 1 0 0 2339
109 0 0 2409 5 2414
110 0 3 2450 0 2453
111 0 0 2422 0 2422
112 0 0 2393 0 2393
113 2522 0 1 0 2523
114 0 0 2553 0 2553
115 0 0 2634 0 2634
116 0 0 0 2551 2551
117 0 2664 0 0 2664
118 2718 0 2 0 2720
119 2740 0 0 0 2740
120 0 1 0 2778 2779
121 0 0 2764 0 2764
122 0 1 0 2687 2688
123 0 0 2694 0 2694
124 2751 0 4 0 2755
125 0 2796 0 0 2796
126 0 2776 0 4 2780
127 7 0 2769 3 2779
128 1 0 2808 0 2809
129 1 6 0 2644 2651
130 0 0 2819 0 2819
131 0 1 0 2794 2795
132 2893 0 1 0 2894
133 2940 0 0 0 2940
134 0 0 0 2939 2939
135 2919 0 0 2 2921
136 0 2955 0 0 2955
137 0 2961 0 0 2961
138 2978 1 1 0 2980
139 1 3059 0 0 3060
140 0 1 0 3095 3096
141 0 1 3074 5 3080
142 3110 1 0 0 3111
143 2 3253 0 0 3255
144 3281 0 1 0 3282
145 3326 0 4 0 3330
146 0 3378 0 15 3393
147 3411 0 0 0 3411
148 3337 0 0 0 3337
149 0 3432 0 0 3432
150 3366 3 0 0 3369
151 0 3466 0 3 3469
152 0 3439 0 0 3439
153 1 3464 0 0 3465
154 3430 1 2 1 3434
155 0 3562 0 2 3564
156 0 3594 0 1 3595
157 3610 1 0 0 3611
158 3588 0 0 0 3588
159 3579 0 0 0 3579
160 0 0 0 3583 3583
161 0 3632 0 0 3632
162 3 1 0 3576 3580
163 2 3664 0 1 3667
164 3653 0 1 0 3654
165 0 0 0 3624 3624
166 0 2 0 3637 3639
167 0 0 0 3654 3654
168 0 1 0 3680 3681
169 1 0 3650 0 3651
170 1 3689 0 0 3690
171 3687 0 0 0 3687
172 3630 0 0 0 3630
173 3576 0 1 0 3577
174 0 0 0 3609 3609
175 0 3637 0 0 3637
176 1 0 0 3607 3608
177 0 3636 0 0 3636
178 3648 0 0 1 3649
179 3608 0 0 0 3608
180 3606 0 0 0 3606
181 19 0 3576 0 3595
182 0 0 3501 0 3501
183 3517 0 1 1 3519
184 3584 0 1 0 3585
185 0 3622 0 0 3622
186 3627 0 1 0 3628
187 1 0 3575 0 3576
188 3553 2 0 1 3556
189 3537 0 0 0 3537
190 3509 0 0 0 3509
191 1 3538 0 1 3540
192 4 3515 0 4 3523
193 3531 0 0 0 3531
194 0 0 3499 0 3499
195 9 0 3357 0 3366
196 0 0 3376 0 3376
197 1 0 3816 1 3818
198 12 0 3853 0 3865
199 3993 0 0 0 3993
200 4008 0 1 0 4009
201 4047 0 0 1 4048
202 4 4109 0 0 4113
203 0 0 0 4106 4106
204 4110 1 0 0 4111
205 0 1 0 4118 4119
206 1 0 4130 0 4131
207 1 4217 1 2 4221
208 2 4294 0 1 4297
209 0 4348 0 3 4351
210 4413 1 1 0 4415
211 4392 1 3 0 4396
212 4397 0 1 0 4398
213 4382 0 34 0 4416
214 0 0 0 4421 4421
215 0 0 4336 0 4336
216 0 4366 0 0 4366
217 0 4518 0 0 4518
218 0 2 0 4474 4476
219 0 4560 0 2 4562
220 4531 0 16 0 4547
221 4543 0 0 0 4543
222 0 4554 0 0 4554
223 0 0 0 4494 4494
224 2 0 4356 1 4359
225 0 4437 0 3 4440
226 4505 0 0 0 4505
227 1 4542 0 0 4543
228 4550 0 4 0 4554
229 0 0 4506 0 4506
230 4512 2 1 9 4524
231 0 3 0 4574 4577
232 0 4659 0 3 4662
233 0 0 0 4674 4674
234 13 0 4639 0 4652
235 1 0 4584 0 4585
236 4571 0 0 0 4571
237 0 0 0 4622 4622
238 2 0 4669 0 4671
239 0 0 0 4536 4536
240 4650 0 0 1 4651
241 0 0 4637 0 4637
242 0 4612 0 5 4617
243 1 4748 0 0 4749
244 0 1 0 4719 4720
245 0 2 0 4779 4781
246 2 0 4797 0 4799
247 0 0 5012 0 5012
248 3 0 5022 1 5026
249 0 5116 3 3 5122
250 5144 1 4 0 5149
251 3 0 5147 0 5150
252 5135 0 7 1 5143
253 1 5311 0 0 5312
254 0 5336 0 0 5336
255 5497 0 1 0 5498
256 5386 0 0 0 5386
257 5389 0 0 1 5390
258 5326 9 0 0 5335
259 0 1 0 5326 5327
260 1 0 5251 0 5252
261 0 5275 0 0 5275
262 5305 0 1 3 5309
263 0 5329 0 22 5351
264 5314 1 0 0 5315
265 2 0 5330 0 5332
266 2 1 5294 0 5297
267 3 0 5284 0 5287
268 5311 0 65 1 5377
269 5370 0 0 0 5370
270 5380 0 0 0 5380
271 5299 0 0 1 5300
272 2 0 0 5292 5294
273 5043 0 0 1 5044
274 0 5307 1 1 5309
275 0 5274 0 1 5275
276 0 5287 0 0 5287
277 0 1 0 5162 5163
278 0 5227 0 0 5227
279 1 0 0 5180 5181
280 1 0 5221 0 5222
281 0 5179 0 0 5179
282 5212 0 5 0 5217
283 5141 1 0 4 5146
284 0 0 5198 0 5198
285 0 1 5094 0 5095
286 1 0 5133 0 5134
287 0 2 0 4636 4638
288 0 1 0 5032 5033
289 0 1 0 5124 5125
290 0 5121 0 0 5121
291 5153 0 4 0 5157
292 5142 1 1 0 5144
293 0 0 0 5136 5136
294 5103 1 0 0 5104
295 0 5144 0 0 5144
296 0 1 0 4959 4960
297 1 5078 0 0 5079
298 0 5112 0 0 5112
299 5087 1 0 0 5088
300 0 0 0 5027 5027
301 0 0 5028 2 5030
302 5023 0 0 0 5023
303 5042 0 0 0 5042
304 0 0 5033 0 5033
305 0 7 0 4861 4868
306 0 4975 1 1 4977
307 5055 1 1 0 5057
308 4 0 4999 0 5003
309 4948 0 0 0 4948
310 1 4982 0 0 4983
311 0 5016 0 0 5016
312 0 0 0 4997 4997
313 4 0 4992 1 4997
314 0 1 0 4992 4993
315 0 1 48 4952 5001
316 4984 0 0 0 4984
317 2 5033 0 2 5037
318 5039 1 2 1 5043
319 0 1 0 5017 5018
320 0 5049 1 0 5050
321 6 1 1 4991 4999
322 1 1 4911 0 4913
323 1 0 4795 6 4802
324 16 0 4851 0 4867
325 1 1 0 4582 4584
326 1 0 4803 0 4804
327 3 5220 1 2 5226
328 0 0 0 5273 5273
329 0 1 1 5324 5326
330 1 0 0 5306 5307
331 1 5320 0 9 5330
332 1 5564 0 0 5565
333 0 1 0 5606 5607
334 5609 2 0 1 5612
335 0 0 0 5592 5592
336 5621 0 1 0 5622
337 5564 0 1 4 5569
338 0 0 0 5608 5608
339 3 0 5610 0 5613
340 6 5611 0 2 5619
341 5592 0 1 0 5593
342 1 5722 0 25 5748
343 5 0 5720 0 5725
344 5595 0 2 0 5597
345 0 7 0 5675 5682
346 5699 0 1 0 5700
347 0 4 5672 0 5676
348 5619 3 2 0 5624
349 5668 0 1 0 5669
350 6 5728 0 0 5734
351 5843 0 3 0 5846
352 5792 0 0 0 5792
353 5771 0 0 0 5771
354 5817 1 0 0 5818
355 5827 0 0 1 5828
356 5 0 2 5592 5599
357 0 1 0 5683 5684
358 5716 2 1 1 5720
359 0 0 5506 2 5508
360 5569 0 2 1 5572
361 0 5621 0 2 5623
362 5657 7 0 0 5664
363 2 0 5535 0 5537
364 2 5531 0 1 5534
365 0 0 0 5528 5528
366 1 0 5533 0 5534
367 0 5404 0 4 5408
368 0 5474 0 1 5475
369 0 0 0 5513 5513
370 5509 2 0 0 5511
371 5364 2 0 0 5366
372 0 5441 0 5 5446
373 0 5465 0 0 5465
374 0 1 0 5389 5390
375 0 0 1 5331 5332
376 0 5395 0 0 5395
377 0 1 8 5222 5231
378 2 5447 0 0 5449
379 0 5511 0 1 5512
380 2 0 5452 1 5455
381 5311 1 27 0 5339
382 0 0 5361 2 5363
383 2 0 5298 1 5301
384 5315 2 0 0 5317
385 0 0 0 5332 5332
386 5356 0 0 0 5356
387 0 5581 0 8 5589
388 7 0 5623 0 5630
389 5628 0 0 0 5628
390 5577 1 0 1 5579
391 31 5542 5 1 5579
392 5561 0 0 0 5561
393 0 0 0 5514 5514
394 2 0 5507 1 5510
395 0 0 0 5326 5326
396 3 5480 0 2 5485
397 5573 0 4 0 5577
398 3 0 5550 1 5554
399 0 0 5359 1 5360
400 0 1 0 5217 5218
401 0 4 0 5412 5416
402 5424 2 2 0 5428
403 0 0 0 5377 5377
404 2 5474 1 1 5478
405 5453 0 5 0 5458
406 5393 0 1 1 5395
407 5 5415 0 1 5421
408 2 5 1 5326 5334
409 1 5397 0 0 5398
410 5369 0 1 0 5370
411 11 5452 0 1 5464
412 5451 1 1 0 5453
413 5333 0 0 0 5333
414 0 5474 0 0 5474
415 1 0 5462 0 5463
416 0 0 1 5364 5365
417 0 5 0 5466 5471
418 5473 1 0 0 5474
419 0 5 0 5421 5426
420 1 5493 0 3 5497
421 5530 0 0 0 5530
422 5448 0 0 0 5448
423 0 1 1 5417 5419
424 11 0 5422 2 5435
425 2 5370 0 57 5429
426 5490 1 2 0 5493
427 0 0 5489 1 5490
428 5488 1 0 0 5489
429 5442 0 0 0 5442
430 0 3 5344 77 5424
431 5406 1 1 0 5408
432 0 0 0 5334 5334
433 0 0 5297 0 5297
434 1 5237 0 3 5241
435 5250 1 0 0 5251
436 3 5303 0 0 5306
437 0 5343 1 1 5345
438 5413 2 3 0 5418
439 1 0 5323 0 5324
440 0 0 5179 0 5179
441 5204 1 0 1 5206
442 0 1 5184 4 5189
443 0 0 5158 0 5158
444 5123 1 1 0 5125
445 0 5166 0 2 5168
446 0 5124 3 2 5129
447 0 5199 0 0 5199
448 0 3 0 5170 5173
449 5113 0 0 0 5113
450 0 5238 0 3 5241
451 5296 0 1 0 5297
452 5250 0 2 0 5252
453 5211 0 0 0 5211
454 5174 2 0 0 5176
455 1 0 0 5129 5130
456 0 1 2 5121 5124
457 0 0 5117 0 5117
458 0 0 5003 1 5004
459 5019 0 0 0 5019
460 4884 0 0 0 4884
461 1 5022 0 0 5023
462 0 5017 0 0 5017
463 0 9 0 4912 4921
464 0 4964 0 1 4965
465 5012 0 0 0 5012
466 3 0 4855 2 4860
467 1 0 4705 1 4707
468 0 0 4729 2 4731
469 0 2 0 4471 4473
470 0 4649 0 0 4649
471 0 0 0 4684 4684
472 0 0 0 4733 4733
473 0 0 4681 0 4681
474 2 4559 0 2 4563
475 1 4559 1 0 4561
476 0 4567 1 4 4572
477 0 1 0 4606 4607
478 4592 1 0 0 4593
479 4525 0 0 0 4525
480 1 4564 0 0 4565
481 4524 2 0 0 4526
482 0 0 0 4374 4374
483 0 1 0 4377 4378
484 4301 1 1 0 4303
485 0 4419 0 0 4419
486 0 4420 0 0 4420
487 4466 0 0 0 4466
488 4364 0 0 0 4364
489 0 17 0 4239 4256
490 0 0 4287 1 4288
491 1 0 4220 0 4221
492 4247 0 0 0 4247
493 4259 0 0 0 4259
494 4252 0 0 1 4253
495 0 4256 0 1 4257
496 0 0 4195 1 4196
497 0 0 4127 0 4127
498 4158 0 4 0 4162
499 1 0 0 4026 4027
500 0 0 0 4049 4049
501 0 4110 0 0 4110
502 0 0 0 4032 4032
503 1 0 1 3949 3951
504 1 4083 0 2 4086
505 1 0 3841 0 3842
506 0 3871 0 0 3871
507 3917 0 1 0 3918
508 3875 0 2 0 3877
509 0 3909 0 0 3909
510 3907 1 2 0 3910
511 3860 0 1 0 3861
512 0 2 3 3781 3786
513 3 0 3803 0 3806
514 1 0 3714 0 3715
515 0 3757 0 2 3759
516 0 0 0 3705 3705
517 0 1 0 3731 3732
518 0 0 3480 0 3480
519 0 3 3495 0 3498
520 0 1 3562 2 3565
521 1 3604 0 11 3616
522 0 3637 0 0 3637
523 0 0 3630 0 3630
524 0 45 0 3366 3411
525 0 3464 0 5 3469
526 0 3585 0 2 3587
527 5 3793 0 0 3798
528 3780 2 0 0 3782
529 3829 0 1 0 3830
530 3814 0 47 0 3861
531 3866 0 0 0 3866
532 3800 0 1 0 3801
533 3769 0 0 2 3771
534 1 3767 0 0 3768
535 34 0 3577 0 3611
536 3623 0 0 0 3623
537 0 3613 0 0 3613
538 3664 1 0 0 3665
539 3714 0 0 0 3714
540 3670 0 1 0 3671
541 3688 0 3 0 3691
542 3620 0 3 0 3623
543 2 3620 0 0 3622
544 3541 0 0 0 3541
545 3555 0 0 0 3555
546 3502 1 0 0 3503
547 3414 0 83 0 3497
548 241 3145 0 0 3386
549 3375 0 13 0 3388
550 1 0 3178 0 3179
551 0 3249 0 1 3250
552 3298 0 1 0 3299
553 3300 0 1 0 3301
554 0 3146 0 6 3152
555 3185 0 1 0 3186
556 16 1 3043 0 3060
557 3058 1 0 0 3059
558 0 1 1 2893 2895
559 1 3136 0 0 3137
560 3 3198 0 0 3201
561 3191 2 0 0 3193
562 0 0 1 3098 3099
563 0 0 0 3200 3200
564 3207 0 0 0 3207
565 3198 0 0 0 3198
566 1 3178 0 1 3180
567 3172 0 1 0 3173
568 3200 0 1 6 3207
569 0 1 1 3091 3093
570 3220 0 0 0 3220
571 0 0 2951 0 2951
572 2400 0 676 1 3077
573 3197 1 0 0 3198
574 0 0 3009 0 3009
575 1 2 1 2698 2702
576 2943 0 0 0 2943
577 0 3006 0 0 3006
578 2 3152 0 1 3155
579 3168 0 0 1 3169
580 1 0 0 3029 3030
581 3102 0 0 0 3102
582 2 3102 0 1 3105
583 3162 0 0 0 3162
584 0 0 0 3013 3013
585 1 0 0 3112 3113
586 0 0 1 3185 3186
587 0 0 3114 0 3114
588 0 1 0 2992 2993
589 3066 0 0 0 3066
590 2 3073 0 0 3075
591 3135 0 2 0 3137
592 3 0 3115 0 3118
593 3123 0 0 0 3123
594 3144 0 0 0 3144
595 0 0 3049 0 3049
596 1 0 3058 0 3059
597 3086 0 2 0 3088
598 1 0 3079 0 3080
599 3162 0 0 0 3162
600 3201 0 0 1 3202
601 1 0 3049 0 3050
602 3115 1 1 0 3117
603 2 3075 0 0 3077
604 2 3172 0 0 3174
605 3211 0 0 0 3211
606 3229 0 0 0 3229
607 3230 1 0 0 3231
608 0 2 0 3158 3160
609 0 1 0 3143 3144
610 3073 0 0 0 3073
611 4 3125 0 1 3130
612 1 3178 0 2 3181
613 0 0 3256 0 3256
614 0 1 0 3029 3030
615 0 8 1 3143 3152
616 0 12 0 3401 3413
617 0 7 3483 0 3490
618 0 0 3502 1 3503
619 0 0 3489 0 3489
620 0 0 3484 0 3484
621 0 0 3592 2 3594
622 0 0 0 3585 3585
623 0 1 0 3809 3810
624 0 3872 1 0 3873
625 0 3918 0 0 3918
626 3898 0 0 3 3901
627 2 4097 0 0 4099
628 0 2 0 3976 3978
629 1 4191 0 1 4193
630 0 0 0 4280 4280
631 6 0 4245 0 4251
632 4233 0 4 0 4237
633 4 4347 0 0 4351
634 4332 0 1 0 4333
635 4292 0 58 3 4353
636 43 4389 0 0 4432
637 807 0 3529 0 4336
638 4324 1 7 0 4332
639 0 0 4348 0 4348
640 4133 0 193 0 4326
641 3206 614 0 521 4341
642 3197 1206 0 0 4403
643 2 4556 0 0 4558
644 4629 0 0 0 4629
645 4613 1 0 1 4615
646 4608 2 0 0 4610
647 2 0 0 4477 4479
648 1 0 4480 0 4481
649 0 1 4414 1 4416
650 1 4579 0 2 4582
651 4637 1 1 0 4639
652 4642 0 0 1 4643
653 4560 0 11 0 4571
654 0 0 4441 2 4443
655 4 4486 0 0 4490
656 0 0 0 4522 4522
657 1 4588 0 0 4589
658 0 0 0 4607 4607
659 4627 0 0 0 4627
660 2 0 0 4557 4559
661 0 0 4537 3 4540
662 0 0 4480 2 4482
663 0 0 4557 0 4557
664 1 0 4549 0 4550
665 4563 0 0 1 4564
666 17 4639 0 0 4656
667 3 1 0 4615 4619
668 1 4692 0 0 4693
669 4699 0 2 0 4701
670 4703 0 2 0 4705
671 4686 2 0 0 4688
672 0 0 4495 1 4496
673 0 4536 0 0 4536
674 1 4599 0 0 4600
675 0 4622 1 0 4623
676 0 4653 0 0 4653
677 4670 0 0 0 4670
678 21 0 4577 0 4598
679 4620 0 0 1 4621
680 4655 0 1 0 4656
681 109 0 4505 0 4614
682 0 0 0 4519 4519
683 0 2 0 4586 4588
684 1 4557 0 1 4559
685 4502 0 2 0 4504
686 0 4590 0 0 4590
687 0 4568 0 0 4568
688 0 0 0 4524 4524
689 2 4603 0 1 4606
690 4586 0 0 0 4586
691 0 0 0 4563 4563
692 3 4628 0 0 4631
693 0 2 0 4603 4605
694 74 0 4474 0 4548
695 1 4563 0 0 4564
696 1 4626 0 2 4629
697 4650 9 9 0 4668
698 4647 1 0 0 4648
699 1 4638 0 19 4658
700 3 0 4602 0 4605
701 0 0 4504 0 4504
702 4476 0 14 0 4490
703 2 0 4539 0 4541
704 2 0 1 4508 4511
705 0 0 4521 1 4522
706 4503 1 0 2 4506
707 0 4564 0 1 4565
708 0 4586 0 0 4586
709 4585 0 2 0 4587
710 0 4637 0 1 4638
711 4563 0 0 0 4563
712 1 4600 0 1 4602
713 4593 0 0 1 4594
714 0 0 0 4536 4536
715 0 1 0 4544 4545
716 4543 0 1 1 4545
717 0 4671 0 0 4671
718 0 0 4632 1 4633
719 0 1 0 4422 4423
720 0 0 0 4519 4519
721 1 0 0 4577 4578
722 1 4616 0 5 4622
723 4639 1 0 0 4640
724 4 4665 0 0 4669
725 4704 0 0 0 4704
726 23 0 4653 0 4676
727 4621 0 0 0 4621
728 0 0 0 4593 4593
729 0 0 0 4661 4661
730 0 0 4619 0 4619
731 0 0 4514 0 4514
732 0 1 0 4358 4359
733 1 0 4465 0 4466
734 0 0 4377 0 4377
735 0 4479 0 0 4479
736 0 1 1 4486 4488
737 1 0 3 4543 4547
738 0 4497 1 120 4618
739 0 4638 0 0 4638
740 1 4691 0 0 4692
741 4757 0 1 0 4758
742 4718 0 3 0 4721
743 4614 0 0 0 4614
744 0 0 1 4626 4627
745 0 4685 0 0 4685
746 4727 0 0 0 4727
747 4688 0 0 0 4688
748 4621 0 0 0 4621
749 9 4681 0 0 4690
750 4713 0 1 0 4714
751 1 0 4674 0 4675
752 4662 0 1 0 4663
753 4590 1 18 1 4610
754 0 0 4575 0 4575
755 4524 0 1 0 4525
756 2 4684 0 0 4686
757 0 0 4739 0 4739
758 144 0 4525 1 4670
759 4664 0 11 2 4677
760 0 0 4699 0 4699
761 18 0 4605 0 4623
762 3403 0 1245 0 4648
763 0 4691 0 1 4692
764 0 0 0 4761 4761
765 4686 0 0 0 4686
766 0 4675 0 1 4676
767 0 4678 0 3 4681
768 4664 0 7 0 4671
769 0 4736 0 0 4736
770 4740 1 0 0 4741
771 4687 0 4 0 4691
772 4638 0 1 0 4639
773 0 0 4637 0 4637
774 1 1 0 4216 4218
775 0 0 4485 2 4487
776 1 0 4606 0 4607
777 0 77 0 4310 4387
778 4683 1 2 0 4686
779 2 0 4684 1 4687
780 4674 0 0 0 4674
781 4654 1 1 0 4656
782 0 0 0 4722 4722
783 0 0 1 4711 4712
784 2 0 4672 0 4674
785 0 0 0 4559 4559
786 0 1 1 4697 4699
787 1 0 4637 0 4638
788 0 0 0 4572 4572
789 0 1 0 4666 4667
790 3 0 4612 1 4616
791 4627 0 0 0 4627
792 0 0 0 4645 4645
793 0 0 0 4648 4648
794 4648 0 0 4 4652
795 7 4624 0 1 4632
796 4658 0 0 0 4658
797 1 0 0 4642 4643
798 0 0 4585 10 4595
799 9 0 4553 0 4562
800 0 0 0 4228 4228
801 4 0 4451 0 4455
802 2 4834 0 0 4836
803 5075 0 7 0 5082
804 5150 0 2 0 5152
805 5128 0 3 1 5132
806 5179 0 1 0 5180
807 5185 0 3 0 5188
808 0 0 0 5160 5160
809 0 5254 0 0 5254
810 0 2 0 5244 5246
811 0 0 5207 0 5207
812 5 0 5177 1 5183
813 5144 0 78 0 5222
814 5302 1 1 0 5304
815 5357 0 1 0 5358
816 5331 3 3 0 5337
817 5341 1 0 0 5342
818 0 5354 0 4 5358
819 5297 0 8 0 5305
820 0 0 5272 0 5272
821 1 0 5174 0 5175
822 5184 0 1 0 5185
823 5210 0 1 0 5211
824 10 5204 0 1 5215
825 5324 0 0 0 5324
826 5232 0 0 0 5232
827 0 1 0 5253 5254
828 0 121 1 5097 5219
829 5143 0 8 7 5158
830 0 5196 0 0 5196
831 1 5170 0 0 5171
832 0 0 0 5179 5179
833 5198 0 1 0 5199
834 2 0 0 5141 5143
835 0 5183 0 0 5183
836 5274 0 2 0 5276
837 5226 0 2 0 5228
838 5201 1 0 0 5202
839 3 0 5163 0 5166
840 5005 0 105 0 5110
841 0 0 5139 0 5139
842 0 0 5131 0 5131
843 1 1 0 4347 4349
844 4994 0 0 0 4994
845 1 0 0 5193 5194
846 1 0 1 5187 5189
847 2 0 0 5195 5197
848 0 0 0 5235 5235
849 5272 0 0 5 5277
850 1 0 0 5223 5224
851 2 4 0 5208 5214
852 0 0 5163 0 5163
853 0 5031 0 0 5031
854 1 5092 0 0 5093
855 2 0 0 5102 5104
856 0 5149 0 0 5149
857 5158 0 0 0 5158
858 5146 0 0 1 5147
859 5154 0 1 0 5155
860 5098 8 1 0 5107
861 0 1 5070 0 5071
862 0 0 5032 0 5032
863 1 2 1 4356 4360
864 1 0 4887 0 4888
865 1 1 0 4747 4749
866 4 0 4954 1 4959
867 1 0 4955 0 4956
868 0 6 0 4648 4654
869 1 0 4850 0 4851
870 0 5078 0 6 5084
871 0 0 5191 0 5191
872 3 5168 0 1 5172
873 5307 0 2 3 5312
874 5259 0 0 0 5259
875 5 0 5278 0 5283
876 0 0 1 5197 5198
877 4 0 5360 1 5365
878 0 0 5407 0 5407
879 1 5597 0 2 5600
880 5703 0 19 0 5722
881 0 0 5759 1 5760
882 0 0 5692 0 5692
883 5568 0 0 1 5569
884 1 0 5756 0 5757
885 0 0 0 5446 5446
886 5771 0 1 8 5780
887 5823 0 2 0 5825
888 0 0 5889 0 5889
889 147 0 5732 0 5879
890 1 4 1 5689 5695
891 5944 0 1 0 5945
892 6000 0 0 4 6004
893 2 0 3 6132 6137
894 6178 0 0 1 6179
895 6179 1 0 0 6180
896 6143 0 0 1 6144
897 6155 0 6 0 6161
898 3 0 6166 3 6172
899 1 0 6043 0 6044
900 6085 1 0 0 6086
901 1 1 0 6031 6033
902 1 6087 0 0 6088
903 0 6282 0 0 6282
904 0 0 0 6247 6247
905 0 2 0 6300 6302
906 1 0 6266 0 6267
907 1 6122 0 0 6123
908 1 6334 0 1 6336
909 0 1 0 6345 6346
910 0 1 0 6412 6413
911 0 0 0 6452 6452
912 6528 0 0 1 6529
913 6414 0 0 1 6415
914 0 1 1 6345 6347
915 0 10 0 6339 6349
916 1 0 6367 0 6368
917 0 0 6338 0 6338
918 6214 1 0 0 6215
919 1 0 6296 0 6297
920 6275 1 0 0 6276
921 6293 0 4 0 6297
922 1 0 6293 1 6295
923 0 6311 0 4 6315
924 6356 1 0 1 6358
925 0 0 6333 1 6334
926 6268 2 10 0 6280
927 1 0 0 6276 6277
928 1 1 0 6303 6305
929 0 0 6276 1 6277
930 0 6126 0 2 6128
931 1 6192 0 0 6193
932 0 1 0 6171 6172
933 1 6213 0 1 6215
934 0 6264 0 5 6269
935 6254 0 2 0 6256
936 3 1 1 6318 6323
937 2 0 6333 1 6336
938 6323 3 2 0 6328
939 6106 1 188 0 6295
940 6326 0 1 0 6327
941 6304 2 0 0 6306
942 6275 0 0 0 6275
943 4 1 0 6204 6209
944 6196 0 0 2 6198
945 0 6285 1 0 6286
946 0 1 6293 0 6294
947 0 0 6202 0 6202
948 2 5 4 5864 5875
949 1 0 6106 2 6109
950 0 0 6147 0 6147
951 6070 0 0 0 6070
952 0 0 1 6199 6200
953 0 0 0 6353 6353
954 6292 0 0 0 6292
955 6383 1 0 1 6385
956 6418 2 0 0 6420
957 8 7403 0 10 7421
958 7719 1 0 0 7720
959 7698 0 1 0 7699
960 7845 2 2 0 7849
961 7945 0 12 1 7958
962 4 0 8393 1 8398
963 5 8452 0 0 8457
964 8725 0 0 1 8726
965 8721 1 0 0 8722
966 0 0 8595 1 8596
967 7 8496 0 0 8503
968 1 8636 0 1 8638
969 0 2 0 8724 8726
970 0 0 0 8773 8773
971 8756 1 0 0 8757
972 10 8766 0 23 8799
973 2 1 0 8796 8799
974 8771 3 1 0 8775
975 0 8823 0 0 8823
976 8709 1 8 0 8718
977 6 8787 4 1 8798
978 8755 2 4 4 8765
979 1 1 8860 2 8864
980 3 1 8772 0 8776
981 354 3 8983 0 9340
982 13 0 9394 5 9412
983 9431 1 2 0 9434
984 9616 1 1 0 9618
985 1 9589 0 0 9590
986 9700 0 2 3 9705
987 0 2 0 9640 9642
988 9 1 9645 1 9656
989 7 9639 0 1 9647
990 9785 0 2 1 9788
991 9766 0 0 0 9766
992 9672 0 1 1 9674
993 2 0 9677 1 9680
994 7 0 9602 0 9609
995 4 9560 7 0 9571
996 2 9630 0 0 9632
997 9698 2 0 0 9700
998 0 3 1 9777 9781
999 9862 0 2 3 9867
1000 0 0 9963 1 9964
1001 1 0 9902 0 9903
1002 9956 0 0 0 9956
1003 10099 0 5 0 10104
1004 10084 0 4 5 10093
1005 0 0 0 10048 10048
1006 0 0 1 10043 10044
1007 6 0 9765 0 9771
1008 0 9728 0 18 9746
1009 6 9740 0 2 9748
1010 1 9954 1 4 9960
1011 10045 0 92 0 10137
1012 10143 1 0 0 10144
1013 2 2 0 9996 10000
1014 10141 0 0 0 10141
1015 0 0 0 9972 9972
1016 1 0 9958 0 9959
1017 1 0 9904 0 9905
1018 3 0 10019 0 10022
1019 1 1 1 9361 9364
1020 1 0 9943 2 9946
1021 10154 0 7 0 10161
1022 10222 2 0 1 10225
1023 10221 0 1 0 10222
1024 10013 2 0 0 10015
1025 0 10067 0 2 10069
1026 9698 0 0 3 9701
1027 0 10129 0 0 10129
1028 1 10033 0 0 10034
1029 1 9885 0 240 10126
1030 0 0 0 10220 10220
1031 0 0 1 10257 10258
1032 21 0 10149 0 10170
1033 10103 1 2 2 10108
1034 10146 2 7 0 10155
1035 1 0 10063 5 10069
1036 0 6393 0 3538 9931
1037 0 5 1 10199 10205
1038 1 0 10213 0 10214
1039 7 0 10106 0 10113
1040 1 10038 0 10 10049
1041 0 10178 0 4 10182
1042 10300 0 10 1 10311
1043 10349 1 1 0 10351
1044 0 117 0 10359 10476
1045 1 0 10465 0 10466
1046 3 0 10383 0 10386
1047 10115 1 26 3 10145
1048 10413 0 4 1 10418
1049 0 10449 0 1 10450
1050 9 10930 0 9 10948
1051 11027 1 0 0 11028
1052 10985 0 3 0 10988
1053 10994 0 0 2 10996
1054 0 0 2 10962 10964
1055 11146 0 1 1 11148
1056 1 0 1 11142 11144
1057 11224 0 2 0 11226
1058 14 0 10952 0 10966
1059 10674 0 0 0 10674
1060 2 10985 0 5 10992
1061 4 10987 0 1 10992
1062 3 0 2 10743 10748
1063 5 10990 0 0 10995
1064 10 11143 0 4 11157
1065 1 64 1 11020 11086
1066 51 0 11050 3 11104
1067 0 11127 2 3 11132
1068 11273 0 0 0 11273
1069 11151 1 0 1 11153
1070 11020 0 1 2 11023
1071 11052 2 0 0 11054
1072 14 11254 0 0 11268
1073 1 3 1 11256 11261
1074 11257 0 0 0 11257
1075 0 1 1 11191 11193
1076 0 8 1 11331 11340
1077 11428 0 0 6 11434
1078 11378 0 0 2 11380
1079 11285 1 47 0 11333
1080 9 0 11395 0 11404
1081 1 0 11371 0 11372
1082 11083 3 13 0 11099
1083 11229 0 0 0 11229
1084 11284 1 2 3 11290
1085 106 0 11273 1 11380
1086 5 0 11279 0 11284
1087 0 0 11266 1 11267
1088 0 0 11547 0 11547
1089 1 1 0 10944 10946
1090 2 1 1 11300 11304
1091 0 0 1 11720 11721
1092 9 11718 0 9 11736
1093 2 0 0 11798 11800
1094 0 0 0 11839 11839
1095 0 11951 0 1 11952
1096 2 0 11984 0 11986
1097 0 0 11835 2 11837
1098 11533 0 1 1 11535
1099 1 0 11778 1 11780
1100 4 11775 0 1 11780
1101 0 0 13 12013 12026
1102 11942 0 2 0 11944
1103 1 0 0 12039 12040
1104 0 2 0 12152 12154
1105 1 0 12047 0 12048
1106 4 12115 1 2 12122
1107 0 5 0 12330 12335
1108 2 0 12319 0 12321
1109 2 0 12360 0 12362
1110 1 17 0 11678 11696
1111 0 4 0 12163 12167
1112 0 0 0 12323 12323
1113 5 12327 0 4 12336
1114 0 0 0 12490 12490
1115 0 0 0 12594 12594
1116 12279 5 4 0 12288
1117 0 0 12371 1 12372
1118 11807 1 0 1 11809
1119 22 1 12273 2 12298
1120 1 0 12312 2 12315
1121 25 0 12177 3 12205
1122 11989 1 6 0 11996
1123 0 0 12304 2 12306
1124 3 0 12228 0 12231
1125 11916 2 0 1 11919
1126 1 3 0 12128 12132
1127 1 0 12365 2 12368
1128 1 0 12306 0 12307
1129 1 0 12323 0 12324
1130 12175 1 1 0 12177
1131 12201 0 1 0 12202
1132 2 0 12243 1 12246
1133 2 0 12224 0 12226
1134 12036 0 1 0 12037
1135 12079 10 0 0 12089
1136 2 2 1 12233 12238
1137 3 0 12205 0 12208
1138 12101 0 0 2 12103
1139 0 0 0 12021 12021
1140 0 6 0 12084 12090
1141 2 0 12062 0 12064
1142 0 11999 1 5 12005
1143 11985 0 1 0 11986
1144 1 0 12089 2 12092
1145 1 0 12048 0 12049
1146 0 3 0 11760 11763
1147 1 0 3 12052 12056
1148 2 0 12019 1 12022
1149 3 0 11809 1 11813
1150 1 12092 0 5 12098
1151 12136 0 5 3 12144
1152 3 12381 0 5 12389
1153 1 0 12406 3 12410
1154 5 2 12282 1 12290
1155 12132 1 4 2 12139
1156 0 1 0 12232 12233
1157 12230 1 0 1 12232
1158 0 12214 0 14 12228
1159 12216 0 3 1 12220
1160 12 12245 0 2 12259
1161 12200 0 0 0 12200
1162 1 3 0 11950 11954
1163 1 12048 0 2 12051
1164 1 11995 0 3 11999
1165 5 12087 0 3 12095
1166 11985 0 3 0 11988
1167 0 2 2 12017 12021
1168 0 0 11972 0 11972
1169 1 0 11753 2 11756
1170 6 0 11721 0 11727
1171 13 0 11712 0 11725
1172 3 11892 0 2 11897
1173 11824 0 0 1 11825
1174 6 11841 0 2 11849
1175 11847 0 1 1 11849
1176 2 0 0 11781 11783
1177 1 0 11823 0 11824
1178 1 0 11712 1 11714
1179 11473 0 1 1 11475
1180 2 0 11619 0 11621
1181 1 0 1 11208 11210
1182 11407 1 0 0 11408
1183 0 0 11409 0 11409
1184 2 11359 0 2 11363
1185 10 1 11417 0 11428
1186 0 0 11149 8 11157
1187 1 5 1 9553 9560
1188 11 0 9995 1 10007
1189 4 2 10630 0 10636
1190 1 10140 1 5 10147
1191 10442 1 10 1 10454
1192 1 0 10407 1 10409
1193 1 10335 0 2 10338
1194 0 4 1 10333 10338
1195 1 0 10461 1 10463
1196 10003 1 2 0 10006
1197 3 10120 1 13 10137
1198 3 10783 0 2 10788
1199 0 2 2 10720 10724
1200 0 13 0 11020 11033
1201 10909 0 0 1 10910
1202 11061 1 0 0 11062
1203 7 0 10490 0 10497
1204 10436 1 1 0 10438
1205 0 0 10280 0 10280
1206 5 10188 1 7 10201
1207 9718 0 0 2 9720
1208 3 10180 1 1 10185
1209 0 2 1 9770 9773
1210 1 10072 1 0 10074
1211 10108 2 5 0 10115
1212 10199 1 7 0 10207
1213 1 0 10091 0 10092
1214 9616 3 0 0 9619
1215 26 0 9520 0 9546
1216 5 0 9335 0 9340
1217 0 9091 1 1 9093
1218 1 9374 0 2 9377
1219 9385 0 0 0 9385
1220 0 0 7 9313 9320
1221 9411 1 7 0 9419
1222 9426 0 0 0 9426
1223 9323 0 0 0 9323
1224 4 9163 0 1 9168
1225 9181 0 0 0 9181
1226 9184 1 0 1 9186
1227 7 0 9076 0 9083
1228 8817 0 1 2 8820
1229 0 4 3 8795 8802
1230 8950 2 3 0 8955
1231 8965 0 1 2 8968
1232 7 8883 0 1 8891
1233 9006 0 2 0 9008
1234 9167 0 3 0 9170
1235 9161 2 3 0 9166
1236 9174 2 0 0 9176
1237 9123 0 0 0 9123
1238 9020 1 0 2 9023
1239 1 4 2 8459 8466
1240 6 8706 0 2 8714
1241 2 2 0 8288 8292
1242 4 8584 0 0 8588
1243 8587 1 2 0 8590
1244 8391 0 1 0 8392
1245 0 8333 0 1 8334
1246 1 1 2 7824 7828
1247 1 8304 0 0 8305
1248 0 9 4 7948 7961
1249 0 0 1 8121 8122
1250 5 1 0 8313 8319
1251 4 0 7850 0 7854
1252 7971 0 0 0 7971
1253 1 0 7977 0 7978
1254 1 1 1 7702 7705
1255 3 0 7933 0 7936
1256 7865 3 0 1 7869
1257 7 1 7801 1 7810
1258 0 7830 0 2 7832
1259 0 1 2 7705 7708
1260 5 0 7760 0 7765
1261 1 0 7745 0 7746
1262 7575 0 4 0 7579
1263 7726 1 0 0 7727
1264 0 0 7665 0 7665
1265 0 0 1 7094 7095
1266 7536 0 4 1 7541
1267 7676 0 0 0 7676
1268 7778 0 2 0 7780
1269 5 0 7219 0 7224
1270 7249 0 0 0 7249
1271 7215 0 0 0 7215
1272 0 1 0 6917 6918
1273 0 6973 0 1 6974
1274 0 0 1 6913 6914
1275 0 20 1 6965 6986
1276 0 7001 0 0 7001
1277 7035 0 0 1 7036
1278 6972 0 7 0 6979
1279 6921 0 0 0 6921
1280 0 0 6564 1 6565
1281 6679 0 0 1 6680
1282 2 6613 0 2 6617
1283 0 1 0 6616 6617
1284 6698 0 1 0 6699
1285 6667 8 0 1 6676
1286 0 0 6274 0 6274
1287 0 6357 0 1 6358
1288 7 0 6212 3 6222
1289 3 0 6290 0 6293
1290 0 4 0 5905 5909
1291 1 0 5982 0 5983
1292 1 6000 0 1 6002
1293 9 6235 0 0 6244
1294 6270 1 2 0 6273
1295 0 1 0 6248 6249
1296 1 0 6234 0 6235
1297 2 0 6265 1 6268
1298 6184 0 0 0 6184
1299 0 0 1 6200 6201
1300 2 0 6181 0 6183
1301 6227 0 1 1 6229
1302 6244 0 0 2 6246
1303 1 6171 0 0 6172
1304 0 3 0 6068 6071
1305 1 6089 0 3 6093
1306 3 6162 0 0 6165
1307 6230 0 0 0 6230
1308 0 6232 0 1 6233
1309 6240 0 5 1 6246
1310 6301 0 4 1 6306
1311 3 6164 0 122 6289
1312 0 0 6299 0 6299
1313 6288 0 3 0 6291
1314 6380 0 1 0 6381
1315 6399 0 0 1 6400
1316 0 0 1 6212 6213
1317 6254 0 2 0 6256
1318 44 6202 0 0 6246
1319 0 2 0 6332 6334
1320 6328 0 0 0 6328
1321 1 0 6138 0 6139
1322 6136 0 5 0 6141
1323 6156 1 0 1 6158
1324 37 6141 0 1 6179
1325 0 0 2 6107 6109
1326 6272 1 0 1 6274
1327 3 0 6113 2 6118
1328 6150 0 2 0 6152
1329 1 1 1 6096 6099
1330 2 0 6191 0 6193
1331 6014 1 41 1 6057
1332 108 0 5993 0 6101
1333 6085 0 0 1 6086
1334 6110 0 2 0 6112
1335 6067 1 5 3 6076
1336 0 0 6034 1 6035
1337 1 0 1 5458 5460
1338 1 0 5869 1 5871
1339 0 0 5959 0 5959
1340 5961 1 1 0 5963
1341 0 1 1 5887 5889
1342 2 0 6025 0 6027
1343 5983 0 0 0 5983
1344 1 0 2 5930 5933
1345 1 6002 0 0 6003
1346 0 1 1 5959 5961
1347 6 5997 1 0 6004
1348 6055 0 1 0 6056
1349 0 0 6006 1 6007
1350 5799 1 6 0 5806
1351 0 0 5851 1 5852
1352 0 5835 0 0 5835
1353 0 1 2 5938 5941
1354 3 0 6023 3 6029
1355 5987 0 0 0 5987
1356 2 1 0 5943 5946
1357 5986 2 3 0 5991
1358 0 5995 1 3 5999
1359 6097 1 1 1 6100
1360 6100 0 1 1 6102
1361 0 0 1 6002 6003
1362 6131 0 0 0 6131
1363 6090 0 0 0 6090
1364 0 0 5827 1 5828
1365 1 5855 0 0 5856
1366 0 1 0 5668 5669
1367 0 5817 0 3 5820
1368 5861 0 4 1 5866
1369 12 5830 0 0 5842
1370 5953 2 0 0 5955
1371 5924 0 0 0 5924
1372 5915 0 0 0 5915
1373 1 1 0 5820 5822
1374 5962 0 1 0 5963
1375 0 0 5822 1 5823
1376 5880 0 0 0 5880
1377 5733 1 0 0 5734
1378 8 5705 1 1 5715
1379 1 0 1 5516 5518
1380 1 5765 0 2 5768
1381 3 0 5721 0 5724
1382 1 5676 0 2 5679
1383 5595 2 1 0 5598
1384 0 0 5586 1 5587
1385 0 0 1 5376 5377
1386 332 5071 0 0 5403
1387 2 5604 0 0 5606
1388 8 5 0 5616 5629
1389 8 0 5578 0 5586
1390 0 5551 1 0 5552
1391 0 4 1 5566 5571
1392 3 1 2 5543 5549
1393 0 5 0 5534 5539
1394 1 5510 0 11 5522
1395 0 5599 0 0 5599
1396 5570 0 0 0 5570
1397 5505 0 0 0 5505
1398 0 1 1 5517 5519
1399 1 0 5540 0 5541
1400 5434 0 0 1 5435
1401 5497 1 0 0 5498
1402 1 1 5521 0 5523
1403 1 0 5437 1 5439
1404 5455 2 0 0 5457
1405 5522 2 2 0 5526
1406 0 0 0 5519 5519
1407 5582 1 0 0 5583
1408 5560 1 0 0 5561
1409 0 0 0 5541 5541
1410 5565 1 0 3 5569
1411 5471 0 0 1 5472
1412 5410 0 2 1 5413
1413 1 5464 0 3 5468
1414 5332 0 0 0 5332
1415 9 0 5313 0 5322
1416 1 0 0 5057 5058
1417 0 0 5242 0 5242
1418 5270 1 0 0 5271
1419 5295 0 0 1 5296
1420 0 0 5253 1 5254
1421 5120 1 0 0 5121
1422 0 1 1 5139 5141
1423 1 0 5118 1 5120
1424 5066 0 1 0 5067
1425 4982 0 0 0 4982
1426 0 5093 0 0 5093
1427 5029 0 0 4 5033
1428 0 0 0 4936 4936
1429 0 4993 0 0 4993
1430 0 0 1 4893 4894
1431 24 4919 0 0 4943
1432 0 0 0 4900 4900
1433 0 15 0 4993 5008
1434 0 0 4911 1 4912
1435 0 0 4807 0 4807
1436 1 4803 0 3 4807
1437 1 0 4807 1 4809
1438 0 4776 0 2 4778
1439 0 1 0 4875 4876
1440 0 0 0 4966 4966
1441 3 0 4924 0 4927
1442 4856 0 1 0 4857
1443 4800 0 2 0 4802
1444 2 4868 0 0 4870
1445 0 0 4853 2 4855
1446 4802 0 2 1 4805
1447 4807 0 0 0 4807
1448 4778 0 5 0 4783
1449 2 0 4681 1 4684
1450 0 4617 0 1 4618
1451 0 1 0 4703 4704
1452 32 0 4640 0 4672
1453 4624 0 1 0 4625
1454 4656 0 1 0 4657
1455 1 0 4640 0 4641
1456 4672 0 1 0 4673
1457 4650 0 0 0 4650
1458 4616 0 1 1 4618
1459 4636 0 2 0 4638
1460 0 2 3 4509 4514
1461 0 0 4299 3 4302
1462 1 4349 0 0 4350
1463 2 4 1 4404 4411
1464 1 0 4336 1 4338
1465 0 7 4257 1 4265
1466 0 0 4271 0 4271
1467 0 4224 0 2 4226
1468 1 4262 1 6 4270
1469 0 4251 1 4 4256
1470 0 4401 0 3 4404
1471 0 0 2 4395 4397
1472 0 4452 0 2 4454
1473 3 4 1 4494 4502
1474 2 0 4485 0 4487
1475 1 4474 0 0 4475
1476 0 22 1 4567 4590
1477 1 0 4636 0 4637
1478 0 0 0 4554 4554
1479 4553 2 1 0 4556
1480 0 0 4640 1 4641
1481 4456 0 0 3 4459
1482 3 0 4618 1 4622
1483 4458 0 0 0 4458
1484 0 5 0 4659 4664
1485 4680 7 0 2 4689
1486 0 0 4737 1 4738
1487 1 0 4741 1 4743
1488 2 1 4730 0 4733
1489 4760 1 1 0 4762
1490 4795 2 0 0 4797
1491 1 5 2 4790 4798
1492 1 0 4818 0 4819
1493 1 1 4785 0 4787
1494 4833 0 5 0 4838
1495 0 1 0 4800 4801
1496 0 0 4759 0 4759
1497 0 4769 0 6 4775
1498 0 3 0 4911 4914
1499 2 1 1 4993 4997
1500 0 21 1 5043 5065
1501 1 0 5006 0 5007
1502 4957 0 0 1 4958
1503 4944 0 2 2 4948
1504 4878 0 2 0 4880
1505 1 4968 0 1 4970
1506 1 5004 0 1 5006
1507 5009 2 1 1 5013
1508 4961 1 0 0 4962
1509 4904 0 1 0 4905
1510 4 4942 0 3 4949
1511 4850 0 0 0 4850
1512 0 4996 0 0 4996
1513 4953 0 0 0 4953
1514 4890 1 1 0 4892
1515 5 0 4860 1 4866
1516 0 0 0 4717 4717
1517 1 0 4798 2 4801
1518 1 4837 0 0 4838
1519 4940 0 0 0 4940
1520 4869 0 3 0 4872
1521 0 4896 0 0 4896
1522 4 4885 0 0 4889
1523 4874 0 1 0 4875
1524 4 0 4796 0 4800
1525 4708 0 2 0 4710
1526 6 4785 0 0 4791
1527 0 4780 0 1 4781
1528 0 2 1 4815 4818
1529 0 0 4814 1 4815
1530 3 3 0 4703 4709
1531 1 4709 0 20 4730
1532 0 1 0 4775 4776
1533 4720 0 1 0 4721
1534 2 0 4722 0 4724
1535 4676 0 0 0 4676
1536 1 4694 0 1 4696
1537 4743 0 1 1 4745
1538 0 0 4705 0 4705
1539 4649 0 0 2 4651
1540 4659 1 1 1 4662
1541 0 1 0 4755 4756
1542 4719 2 2 0 4723
1543 0 0 4624 0 4624
1544 0 4630 0 1 4631
1545 0 2 0 4693 4695
1546 0 0 4657 0 4657
1547 0 4672 0 0 4672
1548 0 0 0 4719 4719
1549 4 0 4673 6 4683
1550 0 0 4641 0 4641
1551 1 0 0 4388 4389
1552 4464 0 1 0 4465
1553 0 4610 0 0 4610
1554 1 4905 0 0 4906
1555 0 0 1 4844 4845
1556 0 4 0 4862 4866
1557 0 1 0 4880 4881
1558 0 1 4887 1 4889
1559 4833 0 0 0 4833
1560 1 1 0 4839 4841
1561 0 2 4777 0 4779
1562 1 4819 0 0 4820
1563 4856 0 0 0 4856
1564 0 0 4828 1 4829
1565 0 0 4725 0 4725
1566 4743 0 0 0 4743
1567 0 0 4732 0 4732
1568 4742 0 1 0 4743
1569 4720 0 2 0 4722
1570 0 1 0 4770 4771
1571 0 4 0 4807 4811
1572 0 27 0 4757 4784
1573 0 1 0 4768 4769
1574 0 4614 0 0 4614
1575 0 1 0 4442 4443
1576 0 4333 0 0 4333
1577 0 1 0 4305 4306
1578 1 4279 0 1 4281
1579 0 4252 0 0 4252
1580 0 4259 0 0 4259
1581 0 4284 0 0 4284
1582 4106 0 2 1 4109
1583 2 4250 0 0 4252
1584 0 4373 0 30 4403
1585 0 1 1 4370 4372
1586 0 0 0 4416 4416
1587 0 0 0 4468 4468
1588 0 0 4447 0 4447
1589 4332 0 1 0 4333
1590 0 3 1 4373 4377
1591 0 0 0 4397 4397
1592 0 4330 2 11 4343
1593 4270 1 0 0 4271
1594 0 4391 0 0 4391
1595 0 1 0 4385 4386
1596 0 0 4340 0 4340
1597 4268 0 1 0 4269
1598 4270 0 2 0 4272
1599 0 3 0 4372 4375
1600 4348 0 0 0 4348
1601 1 2 0 4319 4322
1602 0 1 0 4363 4364
1603 4225 0 1 0 4226
1604 1 4315 2 3 4321
1605 0 0 1 4305 4306
1606 2 0 4261 0 4263
1607 3 4265 0 1 4269
1608 0 0 1 4323 4324
1609 2 0 4289 0 4291
1610 0 4219 0 2 4221
1611 4250 0 0 0 4250
1612 0 0 1 4343 4344
1613 1 4359 0 0 4360
1614 0 0 0 4380 4380
1615 1 1 1 4448 4451
1616 0 2 0 4447 4449
1617 4389 0 6 0 4395
1618 4359 0 4 0 4363
1619 4314 0 0 0 4314
1620 0 8 0 4330 4338
1621 3 0 4239 0 4242
1622 4193 0 22 0 4215
1623 0 4311 0 1 4312
1624 1 0 4319 1 4321
1625 4257 0 1 0 4258
1626 0 0 0 4255 4255
1627 0 0 4257 0 4257
1628 8 0 4228 1 4237
1629 4196 0 1 0 4197
1630 2 0 0 4295 4297
1631 0 1 0 4367 4368
1632 0 1 4297 0 4298
1633 2 0 4282 0 4284
1634 4267 1 1 0 4269
1635 0 0 1 4381 4382
1636 4336 0 0 0 4336
1637 4299 0 0 0 4299
1638 0 0 0 4322 4322
1639 0 4309 2 0 4311
1640 4312 0 4 0 4316
1641 0 1 1 4264 4266
1642 4147 0 15 1 4163
1643 3 4269 0 0 4272
1644 1 0 0 4310 4311
1645 4282 0 0 0 4282
1646 0 0 0 4261 4261
1647 4194 0 0 0 4194
1648 0 4290 0 7 4297
1649 0 1 0 4296 4297
1650 6 0 4216 0 4222
1651 0 4216 6 1 4223
1652 0 1 0 4304 4305
1653 0 0 0 4327 4327
1654 0 0 0 4361 4361
1655 4231 0 0 0 4231
1656 2 4279 0 0 4281
1657 0 1 0 4282 4283
1658 4166 0 0 1 4167
1659 0 4247 0 1 4248
1660 0 0 1 4229 4230
1661 1 4244 0 2 4247
1662 4274 0 1 0 4275
1663 4097 0 1 3 4101
1664 1 4284 0 0 4285
1665 0 0 1 4260 4261
1666 1 0 4209 2 4212
1667 0 4179 0 1 4180
1668 0 9 0 4246 4255
1669 10 0 4176 2 4188
1670 0 4077 0 1 4078
1671 0 4141 0 1 4142
1672 0 0 1 4183 4184
1673 1 4137 0 0 4138
1674 2 4189 0 2 4193
1675 4232 0 0 0 4232
1676 2 0 4266 0 4268
1677 0 0 0 4151 4151
1678 0 0 0 4212 4212
1679 0 0 0 4264 4264
1680 1 0 4175 0 4176
1681 1 0 4139 0 4140
1682 1 4152 0 3 4156
1683 1 1 0 4122 4124
1684 3 0 4085 0 4088
1685 0 5 0 4106 4111
1686 4106 0 0 0 4106
1687 4094 0 0 1 4095
1688 2 4066 0 0 4068
1689 3946 0 0 0 3946
1690 0 4055 0 10 4065
1691 0 0 1 4080 4081
1692 1 0 3993 0 3994
1693 3922 0 0 0 3922
1694 0 0 0 3997 3997
1695 0 0 3938 0 3938
1696 3887 0 0 0 3887
1697 0 0 0 3949 3949
1698 3916 0 0 0 3916
1699 0 0 3937 1 3938
1700 5 3891 0 0 3896
1701 0 1 0 3941 3942
1702 3882 0 0 0 3882
1703 0 0 0 3892 3892
1704 0 3902 0 3 3905
1705 0 0 0 3935 3935
1706 0 0 0 3959 3959
1707 0 13 0 3930 3943
1708 9 0 3897 1 3907
1709 0 0 0 3834 3834
1710 0 2 0 3858 3860
1711 0 0 3819 0 3819
1712 0 0 0 3755 3755
1713 1 0 1 3764 3766
1714 0 0 0 3834 3834
1715 3785 0 3 0 3788
1716 0 0 0 3687 3687
1717 3650 0 0 0 3650
1718 1 2 0 3621 3624
1719 0 0 3586 0 3586
1720 40 0 3446 0 3486
1721 0 1 1 3502 3504
1722 0 3447 0 0 3447
1723 0 1 1 3470 3472
1724 1 3368 0 0 3369
1725 0 3404 0 0 3404
1726 3406 0 0 0 3406
1727 7 0 3369 1 3377
1728 3251 0 0 0 3251
1729 0 0 3256 0 3256
1730 3186 0 20 0 3206
1731 0 3114 0 0 3114
1732 3203 0 0 0 3203
1733 3138 0 0 0 3138
1734 0 2 0 3184 3186
1735 0 0 3117 1 3118
1736 0 0 0 3115 3115
1737 0 0 0 3075 3075
1738 0 0 1 3077 3078
1739 0 3000 0 0 3000
1740 0 0 0 2816 2816
1741 0 0 0 2827 2827
1742 0 0 2729 0 2729
1743 0 2657 0 0 2657
1744 0 0 0 2697 2697
1745 0 2592 0 0 2592
1746 4 2647 0 2 2653
1747 2654 0 0 0 2654
1748 0 0 1 2691 2692
1749 0 0 0 2706 2706
1750 0 0 0 2709 2709
1751 0 0 2686 0 2686
1752 0 0 0 2642 2642
1753 1 2611 4 7 2623
1754 0 0 0 2684 2684
1755 2644 0 0 0 2644
1756 0 0 0 2671 2671
1757 2641 0 0 0 2641
1758 2627 0 0 0 2627
1759 0 0 8 0 8
1760 0 0 5 0 5
