1 1239 0 0 0 1239
2 0 0 0 1252 1252
3 0 0 1265 0 1265
4 1257 0 0 0 1257
5 1265 0 0 0 1265
6 0 0 1263 0 1263
7 2 0 1264 0 1266
8 0 1363 0 1 1364
9 1348 0 31 0 1379
10 1383 0 0 0 1383
11 0 87 0 1340 1427
12 1455 0 0 0 1455
13 1451 0 0 0 1451
14 0 0 0 1458 1458
15 0 0 0 1471 1471
16 1 0 1475 0 1476
17 0 0 0 1568 1568
18 1587 0 0 0 1587
19 0 1611 0 0 1611
20 0 0 0 1610 1610
21 1616 0 13 0 1629
22 0 1696 0 0 1696
23 0 0 0 1684 1684
24 0 1700 0 0 1700
25 1733 0 0 0 1733
26 0 0 0 1738 1738
27 0 0 1759 0 1759
28 24 0 1752 0 1776
29 0 0 0 1753 1753
30 1799 0 0 0 1799
31 0 0 2133 0 2133
32 0 0 0 2110 2110
33 2230 0 0 0 2230
34 2240 0 0 0 2240
35 0 2254 0 0 2254
36 2480 0 0 0 2480
37 0 1 0 2463 2464
38 0 2479 0 0 2479
39 1 2517 0 0 2518
40 2523 0 0 0 2523
41 2507 1 0 0 2508
42 0 1 0 2526 2527
43 1 0 2501 0 2502
44 0 2530 0 0 2530
45 2566 0 0 0 2566
46 0 0 2542 0 2542
47 2526 0 0 0 2526
48 0 1 0 2553 2554
49 21 2559 0 0 2580
50 0 0 2561 0 2561
51 2581 0 0 0 2581
52 2562 0 0 0 2562
53 0 1 0 2562 2563
54 0 2571 0 0 2571
55 0 2 0 2568 2570
56 0 0 2551 0 2551
57 0 2553 0 0 2553
58 2552 0 1 0 2553
59 0 2578 0 0 2578
60 0 2 0 2570 2572
61 0 0 2558 0 2558
62 0 0 2545 0 2545
63 1 2 2528 20 2551
64 2439 0 82 0 2521
65 0 0 0 2591 2591
66 2601 0 0 0 2601
67 2640 0 0 0 2640
68 0 2634 0 0 2634
69 2631 0 0 0 2631
70 0 0 0 2623 2623
71 0 2677 0 1 2678
72 0 0 2792 0 2792
73 0 1 0 2796 2797
74 0 2828 0 0 2828
75 2903 0 0 1 2904
76 2882 0 1 0 2883
77 2879 0 1 0 2880
78 0 2917 0 0 2917
79 1 0 0 2915 2916
80 1 2926 0 1 2928
81 2939 0 1 0 2940
82 1 3006 0 2 3009
83 0 3007 0 0 3007
84 2996 0 1 0 2997
85 0 3035 0 0 3035
86 3028 0 0 0 3028
87 1 0 0 3051 3052
88 1 0 3055 0 3056
89 0 3 0 3055 3058
90 0 3107 0 0 3107
91 1 0 3298 0 3299
92 0 1 0 3349 3350
93 12 3440 0 3 3455
94 3486 0 36 0 3522
95 3537 0 0 0 3537
96 3520 0 0 0 3520
97 3536 0 0 2 3538
98 0 3687 0 0 3687
99 0 0 0 3681 3681
100 2 1 3668 1 3672
101 0 3700 0 1 3701
102 0 0 0 3693 3693
103 3685 0 4 0 3689
104 6 3784 0 0 3790
105 1 0 0 3760 3761
106 0 3775 0 9 3784
107 3783 0 2 0 3785
108 3751 2 0 0 3753
109 0 0 3772 0 3772
110 0 0 3757 0 3757
111 1 0 3743 1 3745
112 0 0 3780 0 3780
113 3872 0 0 0 3872
114 0 0 3900 0 3900
115 2 0 4000 0 4002
116 0 0 0 3909 3909
117 0 4032 0 0 4032
118 4091 0 0 0 4091
119 4087 0 0 0 4087
120 0 0 0 4101 4101
121 0 0 4095 0 4095
122 0 0 0 3978 3978
123 0 0 3998 0 3998
124 4046 0 0 0 4046
125 0 4158 0 1 4159
126 0 4188 0 1 4189
127 0 0 4155 0 4155
128 0 0 4151 0 4151
129 0 0 1 3912 3913
130 0 0 4080 0 4080
131 0 0 0 4118 4118
132 4227 0 0 0 4227
133 4223 0 0 0 4223
134 2 0 0 4247 4249
135 4228 1 1 0 4230
136 0 4261 0 1 4262
137 0 4281 0 2 4283
138 4226 0 0 1 4227
139 0 4359 0 1 4360
140 0 0 0 4364 4364
141 0 0 4366 0 4366
142 4340 0 13 1 4354
143 0 4493 0 1 4494
144 4480 0 1 0 4481
145 4577 0 20 0 4597
146 0 4670 0 0 4670
147 4660 1 3 0 4664
148 4599 1 0 0 4600
149 0 4665 0 0 4665
150 4549 0 1 1 4551
151 0 4673 0 1 4674
152 0 4670 0 0 4670
153 0 4679 0 0 4679
154 4624 0 0 1 4625
155 0 4758 0 3 4761
156 1 4785 0 1 4787
157 4799 1 2 1 4803
158 4770 0 0 0 4770
159 4720 0 1 0 4721
160 0 0 0 4711 4711
161 0 4749 0 0 4749
162 0 0 0 4700 4700
163 0 4778 0 2 4780
164 4769 0 1 0 4770
165 0 0 0 4778 4778
166 0 0 0 4761 4761
167 0 0 0 4772 4772
168 0 1 0 4863 4864
169 2 0 4823 0 4825
170 1 4824 0 1 4826
171 4836 0 1 0 4837
172 4782 0 0 0 4782
173 4700 0 0 0 4700
174 0 0 0 4741 4741
175 0 4797 0 0 4797
176 1 1 0 4738 4740
177 0 4774 0 1 4775
178 4815 0 1 0 4816
179 4800 0 0 0 4800
180 4711 0 0 0 4711
181 0 0 4725 0 4725
182 0 0 4655 0 4655
183 4643 0 1 0 4644
184 4654 0 2 0 4656
185 0 4706 0 0 4706
186 4679 0 1 0 4680
187 1 0 4648 0 4649
188 4644 0 1 0 4645
189 4627 0 0 0 4627
190 4594 0 0 0 4594
191 0 4628 0 0 4628
192 3 4616 0 0 4619
193 4564 0 0 0 4564
194 0 0 4509 0 4509
195 3 0 4454 0 4457
196 0 0 4468 0 4468
197 0 0 4703 0 4703
198 0 0 4752 0 4752
199 4859 0 1 0 4860
200 4878 0 0 0 4878
201 4881 1 0 0 4882
202 0 4907 0 1 4908
203 0 1 0 4873 4874
204 4883 0 1 0 4884
205 0 0 0 4899 4899
206 0 1 4924 0 4925
207 0 4964 0 0 4964
208 0 5009 0 0 5009
209 0 5084 0 0 5084
210 5137 1 2 0 5140
211 5151 0 2 2 5155
212 5069 47 0 0 5116
213 5107 1 1 0 5109
214 0 0 0 5002 5002
215 0 0 4937 0 4937
216 0 4932 1 7 4940
217 0 4970 0 1 4971
218 0 1 0 4848 4849
219 0 4873 0 1 4874
220 4862 0 13 0 4875
221 4903 0 0 0 4903
222 3 4927 0 0 4930
223 0 0 0 4936 4936
224 1 0 4916 0 4917
225 0 4934 0 2 4936
226 4930 0 8 1 4939
227 0 4949 0 2 4951
228 4920 0 2 0 4922
229 0 0 4898 0 4898
230 4856 0 0 4 4860
231 1 9 0 4909 4919
232 0 5001 0 0 5001
233 0 0 0 5043 5043
234 1 0 5036 0 5037
235 26 0 4931 2 4959
236 4942 0 0 0 4942
237 0 0 0 4935 4935
238 0 0 5016 0 5016
239 1 0 0 4889 4890
240 4965 0 0 0 4965
241 0 0 4936 0 4936
242 0 4911 0 0 4911
243 0 5013 0 1 5014
244 0 0 0 5004 5004
245 0 0 0 5067 5067
246 2 20 5058 4 5084
247 0 0 5128 0 5128
248 0 2 5125 0 5127
249 0 5193 0 3 5196
250 5207 2 0 0 5209
251 0 0 5220 1 5221
252 5199 1 23 0 5223
253 0 5301 0 0 5301
254 1 5312 0 9 5322
255 5375 1 2 0 5378
256 5302 0 0 0 5302
257 5284 0 0 0 5284
258 5237 1 0 0 5238
259 0 1 0 5249 5250
260 0 0 5189 0 5189
261 0 5214 0 19 5233
262 5194 0 0 0 5194
263 0 5236 0 23 5259
264 5268 0 0 0 5268
265 1 0 5219 0 5220
266 0 0 5184 1 5185
267 0 0 5174 1 5175
268 5176 0 1 1 5178
269 5212 0 0 0 5212
270 5226 1 0 1 5228
271 5203 0 1 0 5204
272 0 0 0 5178 5178
273 4925 0 0 1 4926
274 0 5136 0 3 5139
275 0 5069 0 1 5070
276 0 5075 1 2 5078
277 0 0 0 5022 5022
278 0 5085 0 1 5086
279 1 0 0 5002 5003
280 0 0 4945 0 4945
281 0 4908 0 0 4908
282 4913 0 1 0 4914
283 4864 1 1 16 4882
284 0 0 4926 0 4926
285 0 0 4868 1 4869
286 0 0 4919 0 4919
287 0 0 2 4654 4656
288 0 0 1 4921 4922
289 0 1 1 4944 4946
290 0 4880 0 15 4895
291 4978 0 0 1 4979
292 4923 0 16 0 4939
293 0 0 1 4847 4848
294 4779 0 0 0 4779
295 0 4817 0 0 4817
296 0 1 0 4682 4683
297 0 4815 0 0 4815
298 0 4831 0 0 4831
299 4826 0 11 0 4837
300 0 0 0 4795 4795
301 2 0 4784 0 4786
302 4783 1 1 0 4785
303 4779 1 1 0 4781
304 0 0 4787 1 4788
305 0 0 1 4683 4684
306 13 4781 0 1 4795
307 4836 1 0 0 4837
308 50 0 4654 1 4705
309 4627 2 3 0 4632
310 0 4628 0 0 4628
311 2 4776 0 0 4778
312 0 2 0 4761 4763
313 36 0 4742 0 4778
314 0 0 0 4809 4809
315 0 1 0 4853 4854
316 4765 0 0 0 4765
317 0 4813 0 1 4814
318 4804 1 1 0 4806
319 0 0 0 4774 4774
320 0 4833 0 0 4833
321 0 5 1 4800 4806
322 0 0 4749 1 4750
323 1 0 4719 1 4721
324 1 0 4757 5 4763
325 0 1 0 4449 4450
326 10 0 4559 0 4569
327 0 4862 0 0 4862
328 1 0 0 4907 4908
329 0 0 0 4948 4948
330 1 0 0 4942 4943
331 0 4953 0 0 4953
332 2 5151 0 0 5153
333 0 17 0 5155 5172
334 5168 0 1 0 5169
335 0 0 0 5157 5157
336 5143 1 0 0 5144
337 5138 0 0 2 5140
338 0 0 0 5109 5109
339 61 0 5051 0 5112
340 0 5075 1 0 5076
341 4990 0 1 1 4992
342 0 5101 0 7 5108
343 1 0 5115 0 5116
344 5034 12 0 0 5046
345 0 0 0 5092 5092
346 5121 0 2 0 5123
347 1 0 5099 1 5101
348 5037 0 1 1 5039
349 5053 0 0 1 5054
350 0 5182 0 0 5182
351 5233 0 0 0 5233
352 5175 0 1 0 5176
353 5145 0 0 0 5145
354 5147 0 1 0 5148
355 5143 0 0 0 5143
356 0 0 0 5032 5032
357 0 0 0 5076 5076
358 5114 1 0 1 5116
359 1 0 5011 1 5013
360 5026 0 25 0 5051
361 0 5083 0 0 5083
362 5046 1 0 0 5047
363 0 0 4962 1 4963
364 0 5002 0 0 5002
365 1 1 0 4988 4990
366 31 0 4912 0 4943
367 0 4912 0 7 4919
368 0 4949 0 0 4949
369 1 18 0 4859 4878
370 4836 0 0 0 4836
371 4755 0 0 0 4755
372 0 4812 0 0 4812
373 0 4838 0 0 4838
374 0 1 2 4831 4834
375 0 0 0 4787 4787
376 0 4817 0 0 4817
377 0 0 0 4713 4713
378 0 4851 0 0 4851
379 3 4835 0 0 4838
380 2 0 4756 0 4758
381 4671 0 0 0 4671
382 1 0 4745 0 4746
383 0 0 4733 0 4733
384 4681 0 0 0 4681
385 0 0 0 4679 4679
386 4705 0 0 0 4705
387 0 4924 0 0 4924
388 1 1 4932 1 4935
389 4962 0 0 0 4962
390 4945 0 1 0 4946
391 0 4923 0 1 4924
392 4944 0 0 15 4959
393 0 0 24 4926 4950
394 0 0 4975 0 4975
395 0 1 0 4863 4864
396 0 4943 0 74 5017
397 5089 0 6 0 5095
398 1 0 5081 0 5082
399 0 0 4898 0 4898
400 2 1 0 4770 4773
401 0 1 0 4951 4952
402 4929 0 0 0 4929
403 0 0 0 4886 4886
404 3 4899 0 1 4903
405 4917 0 0 0 4917
406 4835 0 0 0 4835
407 0 4918 0 0 4918
408 0 2 0 4822 4824
409 0 4848 0 0 4848
410 4836 1 1 0 4838
411 0 4884 0 0 4884
412 4902 0 0 0 4902
413 4819 0 1 0 4820
414 0 4912 0 0 4912
415 6 0 4925 0 4931
416 0 0 0 4915 4915
417 0 0 0 4997 4997
418 4912 0 31 0 4943
419 1 0 0 4909 4910
420 0 4946 0 8 4954
421 4955 0 2 0 4957
422 4930 0 0 1 4931
423 0 1 0 4915 4916
424 4 0 4883 0 4887
425 0 4826 0 62 4888
426 4994 0 0 0 4994
427 1 0 4980 0 4981
428 4924 0 0 0 4924
429 4919 0 0 0 4919
430 0 0 4878 5 4883
431 4874 0 1 0 4875
432 0 0 0 4872 4872
433 0 0 4834 0 4834
434 0 4838 0 1 4839
435 4770 1 1 15 4787
436 0 4819 0 0 4819
437 0 4849 0 0 4849
438 4868 0 1 6 4875
439 6 0 4825 0 4831
440 0 1 4777 0 4778
441 4806 0 0 0 4806
442 0 0 4820 0 4820
443 17 0 4759 1 4777
444 4775 0 1 0 4776
445 0 4755 0 0 4755
446 0 4673 0 1 4674
447 0 4738 0 1 4739
448 0 8 0 4630 4638
449 4634 0 0 0 4634
450 0 4774 0 1 4775
451 4795 0 0 0 4795
452 4763 0 0 0 4763
453 4771 0 1 0 4772
454 4758 0 0 1 4759
455 0 0 0 4721 4721
456 0 0 0 4725 4725
457 1 1 4713 0 4715
458 1 0 4673 0 4674
459 4705 0 0 0 4705
460 4651 0 1 0 4652
461 0 4749 0 0 4749
462 0 4772 0 0 4772
463 1 0 0 4715 4716
464 0 4772 0 0 4772
465 4776 0 13 0 4789
466 325 0 4405 0 4730
467 15 0 4622 0 4637
468 8 0 4613 0 4621
469 0 0 0 4480 4480
470 0 4605 0 0 4605
471 0 1 0 4623 4624
472 6 1 0 4618 4625
473 0 0 4583 1 4584
474 1 4530 0 1 4532
475 0 4526 0 0 4526
476 1 4574 0 0 4575
477 0 1 0 4564 4565
478 4533 0 0 0 4533
479 4546 0 0 0 4546
480 0 4559 0 0 4559
481 4587 0 0 0 4587
482 0 0 0 4504 4504
483 0 2 0 4474 4476
484 4415 0 0 0 4415
485 1 4527 0 0 4528
486 2 4505 0 0 4507
487 4526 0 0 0 4526
488 4460 1 0 0 4461
489 0 0 0 4366 4366
490 0 0 4413 0 4413
491 0 0 4410 0 4410
492 4387 0 0 0 4387
493 4414 0 1 0 4415
494 4356 0 8 0 4364
495 0 4343 0 0 4343
496 0 0 4271 0 4271
497 4 0 4237 1 4242
498 4155 0 59 0 4214
499 0 0 1 4152 4153
500 0 0 0 4157 4157
501 0 4168 0 0 4168
502 0 0 0 4091 4091
503 0 0 0 4067 4067
504 0 4114 0 2 4116
505 25 0 3890 0 3915
506 0 3853 0 1 3854
507 3865 0 0 0 3865
508 3851 1 1 0 3853
509 0 3882 0 0 3882
510 3876 0 1 0 3877
511 3862 0 0 0 3862
512 1 0 0 3828 3829
513 0 0 3855 0 3855
514 0 0 3822 0 3822
515 0 3832 0 1 3833
516 0 0 0 3755 3755
517 0 0 0 3785 3785
518 0 0 3622 0 3622
519 0 0 3700 0 3700
520 0 0 3799 0 3799
521 0 3826 1 5 3832
522 0 3803 0 14 3817
523 2 0 3775 0 3777
524 0 36 0 3624 3660
525 0 3633 0 0 3633
526 1 3744 0 0 3745
527 1 3826 0 0 3827
528 3823 0 1 0 3824
529 3804 0 0 0 3804
530 3783 0 34 0 3817
531 3826 0 1 0 3827
532 3791 0 0 0 3791
533 3796 1 0 0 3797
534 0 3809 0 0 3809
535 79 1 3657 0 3737
536 3678 0 69 0 3747
537 0 3719 0 0 3719
538 3715 0 1 0 3716
539 3686 0 0 0 3686
540 3709 0 1 0 3710
541 3673 1 20 0 3694
542 3662 0 1 0 3663
543 0 3590 0 80 3670
544 3656 0 0 0 3656
545 3633 0 0 0 3633
546 3678 0 0 27 3705
547 3741 0 0 0 3741
548 334 3150 0 188 3672
549 3457 1 205 0 3663
550 0 0 3514 0 3514
551 0 3571 0 3 3574
552 3614 0 0 0 3614
553 3690 0 1 0 3691
554 0 3626 0 0 3626
555 3661 0 0 0 3661
556 0 0 3538 0 3538
557 3510 0 2 1 3513
558 0 0 0 3396 3396
559 0 3551 0 0 3551
560 0 3606 0 0 3606
561 3589 0 0 0 3589
562 0 14 0 3527 3541
563 0 2 0 3596 3598
564 3618 0 0 0 3618
565 3616 0 1 1 3618
566 0 3615 0 8 3623
567 3599 0 18 0 3617
568 3587 0 0 0 3587
569 0 0 0 3510 3510
570 3569 0 0 0 3569
571 0 0 3353 0 3353
572 2983 0 421 1 3405
573 3468 0 0 31 3499
574 36 0 3357 0 3393
575 0 0 0 3133 3133
576 3329 0 1 0 3330
577 0 3360 0 0 3360
578 0 3449 0 0 3449
579 3510 0 0 0 3510
580 0 0 0 3435 3435
581 3462 0 0 0 3462
582 0 3474 0 0 3474
583 3571 0 0 0 3571
584 0 0 0 3479 3479
585 0 1 1 3511 3513
586 1 1 0 3522 3524
587 0 0 3536 0 3536
588 0 0 0 3407 3407
589 3480 0 1 0 3481
590 0 3501 0 2 3503
591 3528 0 0 0 3528
592 0 0 3531 0 3531
593 3495 0 0 0 3495
594 3569 0 0 1 3570
595 0 0 3548 0 3548
596 0 0 3585 0 3585
597 3569 0 1 0 3570
598 0 0 3558 0 3558
599 3616 0 1 0 3617
600 3634 0 1 0 3635
601 28 0 3557 0 3585
602 3596 0 0 0 3596
603 0 3585 0 0 3585
604 0 3629 0 0 3629
605 3705 0 2 21 3728
606 3728 1 1 0 3730
607 3695 0 10 0 3705
608 0 0 0 3673 3673
609 0 115 0 3538 3653
610 3602 0 1 0 3603
611 0 3656 0 18 3674
612 1 3668 0 0 3669
613 0 0 3738 0 3738
614 0 0 0 3550 3550
615 0 0 0 3733 3733
616 0 1 0 3922 3923
617 0 1 3926 0 3927
618 1 0 3926 0 3927
619 0 0 3911 1 3912
620 0 0 3888 0 3888
621 0 0 3927 0 3927
622 0 0 0 3930 3930
623 0 5 1 4094 4100
624 1 4132 0 10 4143
625 0 4207 0 3 4210
626 4219 1 0 0 4220
627 0 4313 0 0 4313
628 0 1 0 4370 4371
629 0 4591 0 0 4591
630 0 0 0 4676 4676
631 0 0 4635 0 4635
632 4567 0 0 0 4567
633 0 4662 0 0 4662
634 4633 0 3 0 4636
635 4654 0 0 7 4661
636 353 4493 0 0 4846
637 1778 0 2984 0 4762
638 4793 0 8 0 4801
639 0 0 4809 0 4809
640 4627 0 146 0 4773
641 2488 1801 0 528 4817
642 1839 2400 630 1 4870
643 0 5031 0 1 5032
644 5102 0 3 0 5105
645 5096 0 0 0 5096
646 5121 0 0 0 5121
647 0 0 0 5119 5119
648 1 0 5142 12 5155
649 3 0 5129 0 5132
650 0 5271 0 1 5272
651 5312 0 1 1 5314
652 5223 0 0 0 5223
653 3762 0 1379 0 5141
654 0 0 5056 0 5056
655 1 5097 0 0 5098
656 1 0 1 5059 5061
657 0 5110 0 1 5111
658 0 0 1 5170 5171
659 5191 0 0 1 5192
660 1 0 0 5226 5227
661 2 0 5288 0 5290
662 0 0 5187 0 5187
663 2 0 5226 0 5228
664 1 0 5272 6 5279
665 5257 0 0 2 5259
666 0 5367 0 0 5367
667 0 0 0 5372 5372
668 0 5438 0 1 5439
669 5430 0 0 0 5430
670 5437 0 1 0 5438
671 5383 0 1 0 5384
672 1 0 5307 0 5308
673 0 5339 0 0 5339
674 0 5386 0 0 5386
675 0 5441 0 0 5441
676 1 5547 0 14 5562
677 5481 0 31 0 5512
678 0 0 5501 0 5501
679 5514 0 0 0 5514
680 5546 0 0 0 5546
681 52 0 5513 0 5565
682 14 1 1 5437 5453
683 0 0 0 5514 5514
684 0 5403 0 1 5404
685 5407 0 0 1 5408
686 0 5488 0 0 5488
687 0 5462 0 0 5462
688 0 0 0 5403 5403
689 1 5466 0 0 5467
690 5467 0 0 0 5467
691 0 0 0 5445 5445
692 0 5488 0 0 5488
693 0 12 0 5460 5472
694 4 0 5387 0 5391
695 0 5411 2 0 5413
696 1 5437 0 1 5439
697 5492 0 0 0 5492
698 5487 0 2 0 5489
699 3 5493 0 3 5499
700 1 1 5466 0 5468
701 1 0 5376 0 5377
702 5346 0 1 0 5347
703 0 0 5407 0 5407
704 0 54 0 5378 5432
705 0 0 5465 0 5465
706 5463 0 0 0 5463
707 0 5498 0 0 5498
708 0 5557 1 0 5558
709 5497 0 14 0 5511
710 0 5560 0 0 5560
711 5517 0 2 1 5520
712 0 5605 0 0 5605
713 5543 0 0 1 5544
714 1 10 1 5489 5501
715 0 1 0 5521 5522
716 5472 0 0 1 5473
717 0 5588 0 0 5588
718 58 0 5526 0 5584
719 0 0 0 5386 5386
720 0 0 0 5460 5460
721 0 0 0 5550 5550
722 1 5640 0 1 5642
723 5664 1 0 0 5665
724 4 5713 0 0 5717
725 5704 2 0 0 5706
726 0 14 5733 1 5748
727 5787 1 0 0 5788
728 0 1 0 5798 5799
729 0 1 0 5818 5819
730 0 0 5755 0 5755
731 0 0 5719 0 5719
732 5 0 1 5541 5547
733 0 0 5664 0 5664
734 0 0 5618 0 5618
735 0 5651 0 0 5651
736 0 15 1 5651 5667
737 2 0 0 5655 5657
738 3 5400 0 353 5756
739 0 5746 0 0 5746
740 1 5790 0 0 5791
741 5896 1 4 0 5901
742 5876 0 0 0 5876
743 5751 0 0 1 5752
744 0 0 0 5779 5779
745 0 5876 0 0 5876
746 5933 0 1 0 5934
747 5885 0 0 0 5885
748 5790 0 0 0 5790
749 0 5856 0 0 5856
750 5817 0 0 0 5817
751 2 0 5790 0 5792
752 5817 0 0 0 5817
753 5800 17 4 0 5821
754 0 0 5853 0 5853
755 5726 0 0 0 5726
756 0 5919 0 6 5925
757 0 0 6020 0 6020
758 306 0 5637 0 5943
759 5904 0 1 0 5905
760 0 0 5979 1 5980
761 1 0 5967 0 5968
762 5286 0 712 0 5998
763 4 6034 0 0 6038
764 0 0 0 6060 6060
765 6025 0 0 0 6025
766 0 6059 0 0 6059
767 0 6092 0 0 6092
768 6023 0 1 0 6024
769 0 6114 0 0 6114
770 6108 0 1 0 6109
771 6051 0 0 0 6051
772 5989 1 1 0 5991
773 0 0 5999 0 5999
774 0 1 0 5521 5522
775 1 0 5822 0 5823
776 1 0 5927 0 5928
777 1 1 0 5779 5781
778 5954 0 0 0 5954
779 1 0 5994 1 5996
780 5962 0 1 0 5963
781 5990 0 0 0 5990
782 1 0 0 6034 6035
783 0 6 0 6064 6070
784 0 0 6081 0 6081
785 1 1 0 5941 5943
786 0 6 0 6042 6048
787 0 0 6015 3 6018
788 0 0 0 5883 5883
789 0 1 0 5943 5944
790 0 0 5948 0 5948
791 5869 0 12 0 5881
792 0 0 0 5869 5869
793 0 0 0 5885 5885
794 5920 0 1 1 5922
795 1 5900 0 37 5938
796 5906 0 0 1 5907
797 0 0 0 5887 5887
798 59 0 5796 0 5855
799 93 0 5720 0 5813
800 0 1 1 5473 5475
801 4 0 5704 0 5708
802 0 6129 0 1 6130
803 6299 0 26 0 6325
804 6308 1 2 1 6312
805 6314 0 0 0 6314
806 6326 1 0 0 6327
807 6362 0 0 0 6362
808 1 0 1 6375 6377
809 1 6411 0 0 6412
810 0 1 0 6461 6462
811 0 0 6423 0 6423
812 0 0 6437 0 6437
813 6198 0 244 0 6442
814 6545 0 0 0 6545
815 6627 0 0 0 6627
816 6623 0 1 0 6624
817 6654 0 0 0 6654
818 0 6656 0 0 6656
819 6651 0 1 1 6653
820 0 0 6637 0 6637
821 0 0 6508 0 6508
822 6529 1 0 0 6530
823 6545 0 0 3 6548
824 2 6659 0 1 6662
825 6712 0 0 0 6712
826 6602 0 0 0 6602
827 0 0 2 6635 6637
828 0 0 1 6670 6671
829 6563 0 0 0 6563
830 1 6465 0 0 6466
831 2 6547 0 0 6549
832 0 0 0 6617 6617
833 6639 1 1 0 6641
834 1 0 0 6602 6603
835 3 6638 0 0 6641
836 6745 0 1 0 6746
837 6705 0 1 0 6706
838 6680 0 0 0 6680
839 11 0 6671 0 6682
840 6611 0 0 0 6611
841 0 0 6696 0 6696
842 1 0 6579 0 6580
843 0 0 0 5789 5789
844 6449 0 2 0 6451
845 0 0 0 6634 6634
846 0 0 0 6654 6654
847 1 0 0 6669 6670
848 0 0 12 6704 6716
849 6674 0 0 0 6674
850 4 0 0 6704 6708
851 0 16 0 6717 6733
852 2 0 6658 0 6660
853 0 6616 0 3 6619
854 0 6684 0 1 6685
855 0 2 0 6689 6691
856 0 6729 0 10 6739
857 6759 0 4 1 6764
858 6772 0 1 0 6773
859 6803 0 0 0 6803
860 6776 0 0 0 6776
861 21 0 6738 0 6759
862 1 0 6747 0 6748
863 0 1 0 6011 6012
864 1 0 6613 0 6614
865 0 0 0 6484 6484
866 0 0 6687 0 6687
867 0 0 6730 0 6730
868 0 9 0 6382 6391
869 1 0 6634 0 6635
870 0 6678 0 0 6678
871 0 0 6827 1 6828
872 2 6796 0 0 6798
873 7019 0 1 1 7021
874 6950 1 0 0 6951
875 0 0 6963 0 6963
876 0 0 0 6848 6848
877 0 0 7098 0 7098
878 0 0 7281 0 7281
879 7 7456 0 7 7470
880 7481 0 1 26 7508
881 147 1 7490 0 7638
882 0 0 7622 0 7622
883 7423 0 0 0 7423
884 0 0 7664 0 7664
885 1 1 0 7310 7312
886 7689 0 8 0 7697
887 7711 1 7 0 7719
888 1 0 7735 16 7752
889 563 0 7151 0 7714
890 1 41 0 7489 7531
891 7759 0 0 0 7759
892 7823 0 0 1 7824
893 0 0 0 7852 7852
894 7841 0 1 39 7881
895 7896 0 0 0 7896
896 7887 0 1 0 7888
897 7800 0 0 0 7800
898 0 0 7961 0 7961
899 0 0 7900 0 7900
900 7906 0 8 1 7915
901 0 42 0 7862 7904
902 2 7866 0 48 7916
903 0 8039 0 0 8039
904 0 2 39 7933 7974
905 0 3 0 8012 8015
906 12 0 7912 43 7967
907 0 7864 0 1 7865
908 0 8162 0 0 8162
909 0 0 0 8233 8233
910 0 0 0 8245 8245
911 0 10 0 8248 8258
912 8250 0 1 0 8251
913 8125 0 0 1 8126
914 1 0 0 8132 8133
915 0 2 0 8106 8108
916 1 0 8146 1 8148
917 0 0 8089 0 8089
918 7967 0 3 0 7970
919 0 0 8106 0 8106
920 8060 1 0 0 8061
921 8115 0 2 0 8117
922 1 0 8081 0 8082
923 1 8074 0 0 8075
924 8100 0 1 0 8101
925 1 0 8116 0 8117
926 8073 0 2 0 8075
927 0 0 1 8085 8086
928 0 3 0 8137 8140
929 1 0 8120 4 8125
930 0 8000 0 26 8026
931 0 7971 1 0 7972
932 0 2 0 7881 7883
933 4 7902 0 1 7907
934 0 7963 0 0 7963
935 7942 1 3 0 7946
936 1 3 0 8015 8019
937 0 0 8000 0 8000
938 8045 0 1 0 8046
939 7541 0 560 0 8101
940 8093 1 0 0 8094
941 8090 1 0 0 8091
942 8122 0 0 0 8122
943 0 0 0 8093 8093
944 8043 1 1 0 8045
945 7 8098 0 3 8108
946 1 0 8136 1 8138
947 0 0 8081 0 8081
948 0 2 1 7693 7696
949 1 0 7925 0 7926
950 3 0 7996 0 7999
951 7955 1 0 0 7956
952 1 1 0 8053 8055
953 1 0 0 8119 8120
954 8121 0 0 1 8122
955 8120 0 0 0 8120
956 8148 0 0 0 8148
957 0 8863 0 2 8865
958 8954 0 0 0 8954
959 8927 0 2 1 8930
960 8985 0 0 0 8985
961 9003 0 0 0 9003
962 1 0 9439 0 9440
963 0 9209 0 165 9374
964 9703 0 1 0 9704
965 9624 0 0 0 9624
966 1 0 9685 0 9686
967 0 9690 0 2 9692
968 0 9685 0 1 9686
969 0 1 0 9690 9691
970 0 0 0 9682 9682
971 9608 0 2 1 9611
972 7 9612 0 0 9619
973 1 1 1 9538 9541
974 9533 0 0 2 9535
975 1 9523 0 2 9526
976 9478 0 0 0 9478
977 1 9584 0 12 9597
978 9515 1 5 0 9521
979 0 0 9808 0 9808
980 2 0 9725 0 9727
981 146 0 10560 1 10707
982 1 0 10795 0 10796
983 10858 0 7 0 10865
984 10944 0 5 0 10949
985 0 10924 0 2 10926
986 11020 12 2 0 11034
987 14 2 0 11028 11044
988 25 0 10968 0 10993
989 0 10913 0 4 10917
990 11011 0 1 0 11012
991 10997 0 0 2 10999
992 10896 1 3 0 10900
993 50 0 10842 2 10894
994 4 0 10792 0 10796
995 0 10807 0 1 10808
996 3 10998 0 2 11003
997 11035 0 0 0 11035
998 1 3 0 11134 11138
999 11220 0 3 0 11223
1000 1 0 11469 0 11470
1001 1 0 11427 0 11428
1002 11355 0 0 0 11355
1003 11508 1 2 0 11511
1004 11493 0 0 0 11493
1005 1 2 1 11459 11463
1006 0 1 0 11493 11494
1007 22 0 11222 0 11244
1008 1 11190 1 10 11202
1009 2 11293 0 0 11295
1010 2 11473 0 0 11475
1011 11628 0 1 0 11629
1012 11730 0 1 4 11735
1013 0 0 0 11667 11667
1014 11761 0 0 0 11761
1015 0 2 1 11613 11616
1016 0 1 11703 1 11705
1017 7 3 11606 0 11616
1018 2 0 11679 0 11681
1019 0 1 0 11124 11125
1020 2 0 11620 0 11622
1021 11745 0 2 0 11747
1022 11851 0 0 0 11851
1023 11827 2 3 1 11833
1024 11742 0 1 0 11743
1025 12 11836 0 1 11849
1026 11525 0 13 0 11538
1027 0 11903 0 0 11903
1028 0 11906 0 0 11906
1029 13 11965 0 0 11978
1030 1 0 1 12026 12028
1031 0 1 2 12008 12011
1032 2 0 11902 0 11904
1033 11877 0 1 0 11878
1034 11845 0 1 43 11889
1035 1 0 11872 0 11873
1036 0 9418 0 2496 11914
1037 0 1 0 12106 12107
1038 57 0 12076 0 12133
1039 2 0 12013 0 12015
1040 1 11948 0 15 11964
1041 0 12000 0 2 12002
1042 12305 0 1 0 12306
1043 12315 0 0 0 12315
1044 0 12 0 12488 12500
1045 4 0 12395 0 12399
1046 4 0 12266 0 12270
1047 12123 2 1 1 12127
1048 12315 1 0 0 12316
1049 2 12491 0 1 12494
1050 3 12752 0 1 12756
1051 12817 0 4 0 12821
1052 12783 1 2 1 12787
1053 12741 0 0 0 12741
1054 2 0 1 12855 12858
1055 12955 0 0 0 12955
1056 0 2 0 12962 12964
1057 13002 0 0 0 13002
1058 3 0 12826 2 12831
1059 12534 0 2 0 12536
1060 1 12885 0 3 12889
1061 3 12826 0 1 12830
1062 0 0 1 12712 12713
1063 71 12806 0 0 12877
1064 1 12991 0 0 12992
1065 0 2 0 12915 12917
1066 97 0 12835 0 12932
1067 50 13048 0 1 13099
1068 13124 0 1 0 13125
1069 13109 0 0 0 13109
1070 13005 2 2 1 13010
1071 13179 0 5 1 13185
1072 1 13512 0 0 13513
1073 0 0 2 13470 13472
1074 13453 0 1 1 13455
1075 1 0 1 13428 13430
1076 1 1 1 13627 13630
1077 13687 1 0 0 13688
1078 13561 1 0 1 13563
1079 13577 0 1 0 13578
1080 0 0 13681 0 13681
1081 0 0 13717 0 13717
1082 13484 0 1 1 13486
1083 13688 0 1 0 13689
1084 13613 0 0 0 13613
1085 15 0 13881 0 13896
1086 1 16 13678 0 13695
1087 1 0 13718 0 13719
1088 0 0 13886 0 13886
1089 0 2 1 13285 13288
1090 0 1 1 13697 13699
1091 0 3 2 13976 13981
1092 0 13963 0 1 13964
1093 1 3 0 13998 14002
1094 0 0 1 14333 14334
1095 0 14293 0 50 14343
1096 0 0 14263 1 14264
1097 1 0 14148 0 14149
1098 13851 0 0 1 13852
1099 1 0 14085 0 14086
1100 1 14042 0 1 14044
1101 0 0 1 14434 14435
1102 14463 0 1 0 14464
1103 0 1 2 14472 14475
1104 1 1 1 14559 14562
1105 1 0 14444 0 14445
1106 0 14752 1 3 14756
1107 0 5 0 15028 15033
1108 17 0 14980 0 14997
1109 0 0 15034 0 15034
1110 0 2 0 14439 14441
1111 1 17 0 14956 14974
1112 0 35 1 15064 15100
1113 1 14995 0 0 14996
1114 0 1 1 15174 15176
1115 0 1 1 15204 15206
1116 14861 0 20 0 14881
1117 0 0 14980 2 14982
1118 14507 0 0 1 14508
1119 3 0 14912 0 14915
1120 11 0 14971 0 14982
1121 1 0 14950 0 14951
1122 14585 1 2 0 14588
1123 0 0 14936 0 14936
1124 0 0 14840 0 14840
1125 14484 0 0 1 14485
1126 1 1 10 14821 14833
1127 25 1 14966 0 14992
1128 2 0 14853 0 14855
1129 1 1 14804 0 14806
1130 14462 0 2 1 14465
1131 14686 0 5 0 14691
1132 0 1 14662 0 14663
1133 1 0 14700 0 14701
1134 14434 0 1 0 14435
1135 14566 1 3 0 14570
1136 0 1 1 14680 14682
1137 0 0 14594 1 14595
1138 14603 1 0 2 14606
1139 0 1 0 14451 14452
1140 1 2 1 14555 14559
1141 2 0 14595 0 14597
1142 0 14555 1 7 14563
1143 14448 1 18 0 14467
1144 0 0 14556 0 14556
1145 0 0 14619 2 14621
1146 0 0 0 14293 14293
1147 0 1 18 14658 14677
1148 1 0 14609 1 14611
1149 1 0 14300 3 14304
1150 0 14873 0 1 14874
1151 14882 1 24 1 14908
1152 2 15222 0 4 15228
1153 4 0 15081 0 15085
1154 3 0 14905 1 14909
1155 14738 0 2 1 14741
1156 1 1 0 14874 14876
1157 14803 0 2 1 14806
1158 0 14785 0 5 14790
1159 14756 1 1 0 14758
1160 1 14686 0 5 14692
1161 14663 1 0 0 14664
1162 1 1 0 14448 14450
1163 0 14564 0 2 14566
1164 8 14413 0 4 14425
1165 3 14426 0 13 14442
1166 14357 0 0 0 14357
1167 1 2 0 14344 14347
1168 0 0 14253 0 14253
1169 4 0 14067 0 14071
1170 0 0 14039 1 14040
1171 3 0 14101 0 14104
1172 1 14262 0 2 14265
1173 14095 1 10 1 14107
1174 20 14282 0 1 14303
1175 14281 0 1 0 14282
1176 0 1 0 14250 14251
1177 0 0 14295 1 14296
1178 0 0 14066 1 14067
1179 13777 0 1 0 13778
1180 2 0 13997 0 13999
1181 1 14 1 13415 13431
1182 13638 0 2 15 13655
1183 0 0 13760 0 13760
1184 2 13554 0 6 13562
1185 30 0 13493 0 13523
1186 0 0 13288 1 13289
1187 0 3 0 11848 11851
1188 1 1 12351 0 12353
1189 3 0 12858 0 12861
1190 1 12578 0 1 12580
1191 12737 0 2 7 12746
1192 21 0 12727 0 12748
1193 1 12645 0 3 12649
1194 1 1 0 12683 12685
1195 2 0 12486 0 12488
1196 12161 0 0 2 12163
1197 0 12294 0 1 12295
1198 0 12650 0 32 12682
1199 2 1 0 12573 12576
1200 1 6 0 12773 12780
1201 12702 0 0 2 12704
1202 12586 0 2 0 12588
1203 1 0 12197 0 12198
1204 12177 0 0 0 12177
1205 0 0 12109 0 12109
1206 0 11868 0 99 11967
1207 11491 0 0 0 11491
1208 0 11862 0 1 11863
1209 0 0 0 11506 11506
1210 0 11677 1 3 11681
1211 11607 0 1 9 11617
1212 11749 0 1 0 11750
1213 1 0 11504 0 11505
1214 10915 0 0 0 10915
1215 1 0 11024 0 11025
1216 11 0 10899 2 10912
1217 4 10781 0 1 10786
1218 0 11093 0 4 11097
1219 11100 0 3 0 11103
1220 0 0 0 10765 10765
1221 10863 0 0 0 10863
1222 10869 0 0 1 10870
1223 10803 0 0 1 10804
1224 20 10569 0 130 10719
1225 10761 0 0 0 10761
1226 10832 0 0 0 10832
1227 32 0 10632 0 10664
1228 10514 0 15 0 10529
1229 0 0 1 10533 10534
1230 10644 0 1 0 10645
1231 10678 0 2 1 10681
1232 13 10720 0 0 10733
1233 10761 0 0 0 10761
1234 10812 0 35 0 10847
1235 10912 0 0 0 10912
1236 10817 0 1 1 10819
1237 10818 0 0 0 10818
1238 10707 0 0 0 10707
1239 0 0 3 10323 10326
1240 0 10448 0 1 10449
1241 0 2 0 10081 10083
1242 13 10364 0 2 10379
1243 10408 0 1 0 10409
1244 10108 0 1 0 10109
1245 1 10260 0 0 10261
1246 1 0 1 9684 9686
1247 1 10141 0 0 10142
1248 0 1 2 9935 9938
1249 0 1 2 10039 10042
1250 1 0 2 10216 10219
1251 0 0 9933 0 9933
1252 9736 0 1 0 9737
1253 0 1 9793 0 9794
1254 0 0 1 9354 9355
1255 1 0 9557 0 9558
1256 9495 1 2 0 9498
1257 1 0 9532 0 9533
1258 170 9294 1 6 9471
1259 0 3 0 9429 9432
1260 0 0 9477 0 9477
1261 1 0 9466 0 9467
1262 9149 1 18 0 9168
1263 9307 0 1 1 9309
1264 0 0 9243 0 9243
1265 1 0 2 8664 8667
1266 9110 0 0 0 9110
1267 9204 0 0 0 9204
1268 9205 0 1 1 9207
1269 0 0 8949 0 8949
1270 8889 0 1 0 8890
1271 8739 0 0 0 8739
1272 0 1 0 8509 8510
1273 1 8499 0 1 8501
1274 0 1 0 8579 8580
1275 0 0 3 8588 8591
1276 1 8457 0 0 8458
1277 8654 0 2 0 8656
1278 8584 0 0 0 8584
1279 8480 0 0 0 8480
1280 2 0 8198 0 8200
1281 8252 0 0 0 8252
1282 0 8114 0 0 8114
1283 0 1 0 8044 8045
1284 8099 0 2 0 8101
1285 8063 7 0 0 8070
1286 0 1 7607 0 7608
1287 0 7714 0 0 7714
1288 0 0 7784 0 7784
1289 0 0 7796 0 7796
1290 0 0 3 7419 7422
1291 1 0 7511 0 7512
1292 3 7594 0 0 7597
1293 1 7843 0 3 7847
1294 7684 0 1 0 7685
1295 0 0 2 7590 7592
1296 0 0 7532 1 7533
1297 60 0 7482 0 7542
1298 7493 0 0 2 7495
1299 1 4 1 7449 7455
1300 0 0 7392 0 7392
1301 7439 0 0 0 7439
1302 7432 0 2 0 7434
1303 0 7345 0 0 7345
1304 0 0 0 7314 7314
1305 0 7355 0 0 7355
1306 0 7450 0 1 7451
1307 7427 0 0 0 7427
1308 18 7447 0 13 7478
1309 7457 0 0 0 7457
1310 7453 0 0 0 7453
1311 0 6985 0 442 7427
1312 1 0 7461 0 7462
1313 7392 0 1 0 7393
1314 7493 0 2 2 7497
1315 7540 0 0 0 7540
1316 0 1 1 7478 7480
1317 7492 0 1 1 7494
1318 3 7503 0 17 7523
1319 0 5 3 7529 7537
1320 7580 0 2 0 7582
1321 1 0 7317 0 7318
1322 7399 0 0 0 7399
1323 7474 0 0 0 7474
1324 63 7413 0 1 7477
1325 0 0 1 7427 7428
1326 7555 0 0 1 7556
1327 0 1 7479 1 7481
1328 7532 0 0 1 7533
1329 0 1 0 7468 7469
1330 1 0 7505 1 7507
1331 7387 0 1 0 7388
1332 6 0 7443 1 7450
1333 7404 1 1 0 7406
1334 7508 0 0 0 7508
1335 7381 0 31 0 7412
1336 0 0 7469 0 7469
1337 1 0 3 6748 6752
1338 26 0 7304 0 7330
1339 1 0 7465 0 7466
1340 7480 0 2 0 7482
1341 1 1 0 7461 7463
1342 1 0 7547 0 7548
1343 7504 0 0 0 7504
1344 0 1 10 7535 7546
1345 0 7607 0 0 7607
1346 1 3 2 7494 7500
1347 2 7542 0 2 7546
1348 7600 0 0 0 7600
1349 3 0 7535 0 7538
1350 7491 0 1 0 7492
1351 1 0 7513 0 7514
1352 0 7438 0 2 7440
1353 0 3 0 7452 7455
1354 1 0 7454 0 7455
1355 7463 0 0 0 7463
1356 1 39 0 7460 7500
1357 7528 0 1 0 7529
1358 0 7552 0 2 7554
1359 7566 30 3 2 7601
1360 7598 0 0 0 7598
1361 0 38 3 7533 7574
1362 7672 0 0 0 7672
1363 7556 0 1 0 7557
1364 2 0 7303 0 7305
1365 1 7334 0 0 7335
1366 0 2 4 7138 7144
1367 0 7253 0 1 7254
1368 7216 0 15 0 7231
1369 1 7223 0 0 7224
1370 7285 0 0 0 7285
1371 7256 0 0 0 7256
1372 7220 0 0 0 7220
1373 0 0 1 7137 7138
1374 7273 0 1 0 7274
1375 1 0 7111 0 7112
1376 7056 0 0 0 7056
1377 6924 0 0 0 6924
1378 2 6939 0 0 6941
1379 0 0 1 6728 6729
1380 2 7016 2 1 7021
1381 0 0 6950 0 6950
1382 0 6903 0 0 6903
1383 6576 35 0 51 6662
1384 2 0 6555 0 6557
1385 2 0 0 6301 6303
1386 0 6341 0 1 6342
1387 0 6377 5 0 6382
1388 0 2 1 6420 6423
1389 7 0 6393 0 6400
1390 1 6325 0 4 6330
1391 0 3 1 6316 6320
1392 0 0 1 6299 6300
1393 0 2 1 6265 6268
1394 2 6196 0 25 6223
1395 0 6298 0 1 6299
1396 6235 0 0 0 6235
1397 6220 0 0 0 6220
1398 0 1 0 6182 6183
1399 1 0 6167 0 6168
1400 6089 0 0 0 6089
1401 6083 0 0 0 6083
1402 0 0 6118 0 6118
1403 10 0 6076 0 6086
1404 6109 0 0 1 6110
1405 6086 0 10 2 6098
1406 0 1 2 6061 6064
1407 6159 0 0 0 6159
1408 6105 0 1 0 6106
1409 0 0 0 6126 6126
1410 6084 0 1 0 6085
1411 6079 0 0 0 6079
1412 5955 1 0 1 5957
1413 0 5997 0 5 6002
1414 5869 0 0 0 5869
1415 2 0 5874 0 5876
1416 0 6 1 5664 5671
1417 0 0 5748 0 5748
1418 5805 0 0 0 5805
1419 5820 0 0 0 5820
1420 3 0 5784 0 5787
1421 5620 0 0 0 5620
1422 0 1 1 5635 5637
1423 38 0 5667 1 5706
1424 5644 0 0 1 5645
1425 5550 0 0 0 5550
1426 0 5651 0 0 5651
1427 5619 0 0 0 5619
1428 0 0 0 5547 5547
1429 1 5566 0 0 5567
1430 0 0 0 5488 5488
1431 0 5415 156 32 5603
1432 0 0 1 5542 5543
1433 0 15 0 5645 5660
1434 0 0 5619 0 5619
1435 1 0 5563 0 5564
1436 0 5518 0 6 5524
1437 2 0 5532 0 5534
1438 0 5494 0 0 5494
1439 0 0 0 5570 5570
1440 0 0 1 5624 5625
1441 0 0 5474 0 5474
1442 5409 0 1 1 5411
1443 5436 0 5 0 5441
1444 8 5421 0 1 5430
1445 1 0 5400 0 5401
1446 5346 0 0 0 5346
1447 5344 0 1 1 5346
1448 5285 0 49 0 5334
1449 0 0 5105 1 5106
1450 6 5058 0 0 5064
1451 0 0 0 5105 5105
1452 1 0 5072 0 5073
1453 5004 0 0 0 5004
1454 5039 0 0 0 5039
1455 0 0 5024 0 5024
1456 4970 0 0 1 4971
1457 5001 1 0 0 5002
1458 4964 0 3 0 4967
1459 4976 0 0 0 4976
1460 0 0 0 4875 4875
1461 1 0 4770 0 4771
1462 0 4811 0 0 4811
1463 0 1 0 4866 4867
1464 0 0 4780 1 4781
1465 0 0 4778 0 4778
1466 0 0 4767 0 4767
1467 1 4684 0 0 4685
1468 0 4721 0 1 4722
1469 0 4717 0 0 4717
1470 0 4808 1 0 4809
1471 0 0 0 4776 4776
1472 0 4783 0 0 4783
1473 1 0 1 4798 4800
1474 0 0 4747 1 4748
1475 0 4762 0 0 4762
1476 0 1 1 4901 4903
1477 1 0 4942 0 4943
1478 0 0 0 4863 4863
1479 4872 0 0 0 4872
1480 0 0 4905 0 4905
1481 4803 0 1 0 4804
1482 0 0 4292 638 4930
1483 4805 1 0 1 4807
1484 0 1 0 4932 4933
1485 4853 0 0 0 4853
1486 0 0 4861 0 4861
1487 0 0 4915 0 4915
1488 1 0 4902 1 4904
1489 4865 0 0 0 4865
1490 4911 0 0 0 4911
1491 0 0 0 4921 4921
1492 0 0 4900 0 4900
1493 1 0 4865 0 4866
1494 4907 0 0 0 4907
1495 0 6 0 4909 4915
1496 0 0 4838 0 4838
1497 1 4838 0 0 4839
1498 0 0 0 4906 4906
1499 0 0 0 4930 4930
1500 0 30 0 4900 4930
1501 1 0 4828 0 4829
1502 4831 0 0 0 4831
1503 4804 0 0 0 4804
1504 4763 0 0 0 4763
1505 0 4824 0 0 4824
1506 0 4812 0 0 4812
1507 4815 0 1 1 4817
1508 4770 0 1 0 4771
1509 4724 0 0 0 4724
1510 1 4837 0 0 4838
1511 4772 0 0 0 4772
1512 0 4839 0 0 4839
1513 4845 0 1 1 4847
1514 4829 0 0 0 4829
1515 0 0 4783 0 4783
1516 2 0 0 4685 4687
1517 0 0 4710 0 4710
1518 0 4728 0 6 4734
1519 4787 0 0 0 4787
1520 4646 0 2 1 4649
1521 0 4703 0 0 4703
1522 1 4652 0 0 4653
1523 4642 0 0 0 4642
1524 0 0 4606 0 4606
1525 4512 0 1 1 4514
1526 1 4552 0 0 4553
1527 0 4481 0 0 4481
1528 0 1 0 4519 4520
1529 0 0 4515 0 4515
1530 0 24 1 4452 4477
1531 1 4490 0 0 4491
1532 0 0 1 4527 4528
1533 4426 12 0 0 4438
1534 0 0 4446 0 4446
1535 4424 0 0 0 4424
1536 0 4505 0 0 4505
1537 4482 0 1 1 4484
1538 0 0 4495 0 4495
1539 4491 0 0 0 4491
1540 4558 0 1 1 4560
1541 0 0 0 4572 4572
1542 4543 0 0 0 4543
1543 0 0 4527 0 4527
1544 0 4453 0 3 4456
1545 0 0 1 4479 4480
1546 1 0 4455 0 4456
1547 0 4428 2 23 4453
1548 0 49 0 4448 4497
1549 0 0 4482 0 4482
1550 1 0 4436 0 4437
1551 0 37 0 4234 4271
1552 4292 0 1 0 4293
1553 0 4419 0 1 4420
1554 0 4687 0 0 4687
1555 0 0 0 4650 4650
1556 1 0 0 4650 4651
1557 0 1 0 4657 4658
1558 0 0 4546 0 4546
1559 4491 0 1 0 4492
1560 0 0 0 4479 4479
1561 0 0 4410 0 4410
1562 1 4378 0 0 4379
1563 4426 0 0 0 4426
1564 0 0 4444 0 4444
1565 2 0 4348 0 4350
1566 4373 0 0 0 4373
1567 0 0 4335 0 4335
1568 4403 0 0 0 4403
1569 4394 0 0 0 4394
1570 0 0 0 4449 4449
1571 0 0 0 4461 4461
1572 1 0 0 4459 4460
1573 0 2 0 4436 4438
1574 0 4336 0 0 4336
1575 0 0 0 4061 4061
1576 0 4045 0 0 4045
1577 0 0 0 4061 4061
1578 43 4008 0 4 4055
1579 0 4008 0 0 4008
1580 0 4024 0 0 4024
1581 0 4021 0 1 4022
1582 3869 0 1 0 3870
1583 0 3968 1 0 3969
1584 0 3783 0 207 3990
1585 2 0 0 4002 4004
1586 0 0 0 4042 4042
1587 0 32 0 4048 4080
1588 1 0 4042 0 4043
1589 3995 0 0 0 3995
1590 1 0 0 3963 3964
1591 0 0 0 4010 4010
1592 0 3977 0 1 3978
1593 3925 0 1 0 3926
1594 0 3963 0 1 3964
1595 0 2 0 3944 3946
1596 2 0 3903 12 3917
1597 3880 0 0 0 3880
1598 3932 0 0 0 3932
1599 0 17 0 3961 3978
1600 3943 0 0 0 3943
1601 0 0 2 3952 3954
1602 0 0 0 3949 3949
1603 3883 0 0 0 3883
1604 0 3909 0 0 3909
1605 0 0 0 3869 3869
1606 0 0 3833 0 3833
1607 0 3867 0 0 3867
1608 0 0 0 3872 3872
1609 0 0 3884 0 3884
1610 0 3855 0 1 3856
1611 3892 0 0 0 3892
1612 1 0 0 4163 4164
1613 0 4067 0 3 4070
1614 1 0 0 4132 4133
1615 0 1 0 4159 4160
1616 0 0 0 4169 4169
1617 4130 0 1 1 4132
1618 4132 0 0 0 4132
1619 4101 1 1 0 4103
1620 0 0 0 4169 4169
1621 7 0 4115 0 4122
1622 4122 0 3 0 4125
1623 25 4136 0 0 4161
1624 15 0 4167 0 4182
1625 4122 0 1 1 4124
1626 0 0 0 4121 4121
1627 1 0 4133 0 4134
1628 17 0 4120 0 4137
1629 4078 0 1 0 4079
1630 1 0 0 4167 4168
1631 0 0 0 4236 4236
1632 1 0 4232 0 4233
1633 0 0 4210 0 4210
1634 4200 1 0 0 4201
1635 1 0 0 4238 4239
1636 4201 1 0 0 4202
1637 4137 0 0 0 4137
1638 1 1 0 4221 4223
1639 0 4191 0 2 4193
1640 4224 0 0 0 4224
1641 0 58 0 4074 4132
1642 3932 0 123 0 4055
1643 0 4132 0 0 4132
1644 0 0 0 4103 4103
1645 4083 0 0 0 4083
1646 0 1 0 4075 4076
1647 4018 3 0 1 4022
1648 30 4064 0 0 4094
1649 0 1 0 4115 4116
1650 0 0 4068 0 4068
1651 0 4109 0 0 4109
1652 0 0 0 4154 4154
1653 0 0 0 4166 4166
1654 1 0 0 4180 4181
1655 4120 0 0 0 4120
1656 0 4154 0 0 4154
1657 0 0 0 4155 4155
1658 4073 1 0 0 4074
1659 0 4164 0 0 4164
1660 0 0 0 4153 4153
1661 0 4165 0 0 4165
1662 4212 0 1 0 4213
1663 4074 0 0 0 4074
1664 0 4198 0 0 4198
1665 0 0 1 4183 4184
1666 1 0 4153 0 4154
1667 0 4136 0 0 4136
1668 0 0 0 4173 4173
1669 0 0 4120 0 4120
1670 0 4005 0 0 4005
1671 0 4085 0 0 4085
1672 0 0 0 4110 4110
1673 0 4051 0 0 4051
1674 4 4077 0 0 4081
1675 4128 0 1 0 4129
1676 0 0 4109 0 4109
1677 0 1 0 4040 4041
1678 0 0 0 4055 4055
1679 0 2 0 4104 4106
1680 4 0 4079 0 4083
1681 0 0 4059 1 4060
1682 0 4110 0 0 4110
1683 0 0 0 4117 4117
1684 67 0 4020 0 4087
1685 0 1 0 4078 4079
1686 4085 0 0 0 4085
1687 3838 0 228 0 4066
1688 0 4071 0 0 4071
1689 3951 0 1 0 3952
1690 0 4066 0 0 4066
1691 0 0 0 4068 4068
1692 0 0 4052 0 4052
1693 4014 0 1 0 4015
1694 0 1 0 4056 4057
1695 0 0 4017 0 4017
1696 4005 0 0 0 4005
1697 0 0 0 4020 4020
1698 3980 0 0 0 3980
1699 0 0 3964 0 3964
1700 0 3930 0 0 3930
1701 0 0 0 3950 3950
1702 3898 0 0 0 3898
1703 0 0 0 3913 3913
1704 0 3907 0 0 3907
1705 0 0 0 3937 3937
1706 0 3 0 3957 3960
1707 0 1 0 3956 3957
1708 1 0 3883 0 3884
1709 0 0 0 3830 3830
1710 0 0 0 3850 3850
1711 0 0 3778 0 3778
1712 0 0 0 3777 3777
1713 0 1 0 3746 3747
1714 0 0 0 3779 3779
1715 3785 0 0 0 3785
1716 1 1 0 3751 3753
1717 3733 0 0 0 3733
1718 0 1 0 3711 3712
1719 0 0 3596 0 3596
1720 40 0 3510 0 3550
1721 0 1 0 3577 3578
1722 0 3537 0 1 3538
1723 0 0 0 3496 3496
1724 0 3479 1 0 3480
1725 0 3515 0 0 3515
1726 3462 0 1 0 3463
1727 0 0 3463 0 3463
1728 3382 0 0 0 3382
1729 1 0 3350 0 3351
1730 3191 0 131 0 3322
1731 0 3205 0 0 3205
1732 3268 0 0 0 3268
1733 3250 0 2 0 3252
1734 0 0 0 3278 3278
1735 0 0 3278 0 3278
1736 0 0 0 3267 3267
1737 0 0 0 3266 3266
1738 2 0 0 3268 3270
1739 0 3225 0 1 3226
1740 1 0 0 3115 3116
1741 0 0 0 3135 3135
1742 1 0 3053 1 3055
1743 0 3014 0 0 3014
1744 0 1 0 3085 3086
1745 0 2943 0 1 2944
1746 0 2990 0 0 2990
1747 3013 0 0 2 3015
1748 0 0 0 3013 3013
1749 1 0 0 2984 2985
1750 0 0 0 2981 2981
1751 0 0 2970 0 2970
1752 0 0 0 2949 2949
1753 0 2942 0 0 2942
1754 0 0 0 2983 2983
1755 2950 0 0 0 2950
1756 0 0 0 2976 2976
1757 2944 0 0 0 2944
1758 2913 0 0 0 2913
1759 0 0 0 0 0
1760 0 0 0 0 0
