1 1355 0 0 0 1355
2 0 0 0 1379 1379
3 0 0 1391 0 1391
4 1384 0 0 0 1384
5 1386 1 0 0 1387
6 0 0 1431 0 1431
7 5 0 1425 0 1430
8 0 1549 0 0 1549
9 1598 0 0 0 1598
10 1605 0 0 0 1605
11 0 6 0 1672 1678
12 1699 0 0 0 1699
13 1706 0 0 0 1706
14 0 0 0 1710 1710
15 0 0 0 1765 1765
16 0 0 1791 0 1791
17 0 0 0 1789 1789
18 1817 0 0 0 1817
19 0 1845 0 0 1845
20 0 0 0 1855 1855
21 1840 0 0 0 1840
22 0 1945 0 0 1945
23 0 0 0 1941 1941
24 0 1968 0 3 1971
25 2025 0 1 4 2030
26 0 0 0 2066 2066
27 0 0 2064 0 2064
28 0 0 2069 0 2069
29 0 0 0 2048 2048
30 2128 0 1 0 2129
31 0 1 2468 0 2469
32 0 0 0 2466 2466
33 2558 0 0 0 2558
34 2550 0 2 0 2552
35 0 2561 0 0 2561
36 2626 0 0 0 2626
37 0 0 0 2609 2609
38 0 2622 0 2 2624
39 0 2627 0 0 2627
40 2656 0 0 0 2656
41 2616 0 6 0 2622
42 0 11 0 2665 2676
43 0 0 2660 0 2660
44 0 2683 0 1 2684
45 2716 0 0 0 2716
46 0 0 2693 0 2693
47 2680 0 0 0 2680
48 0 0 0 2700 2700
49 22 2699 0 0 2721
50 0 0 2720 0 2720
51 2756 0 1 0 2757
52 2623 0 90 5 2718
53 0 0 1 2742 2743
54 0 2724 0 0 2724
55 0 0 0 2750 2750
56 0 0 2728 0 2728
57 0 2729 0 1 2730
58 2725 1 0 0 2726
59 0 2748 0 0 2748
60 0 2 0 2746 2748
61 0 0 2721 0 2721
62 0 0 2703 0 2703
63 1 0 2709 0 2710
64 2698 0 3 0 2701
65 0 0 0 2757 2757
66 2766 0 2 0 2768
67 2768 0 0 0 2768
68 1 2778 0 0 2779
69 2778 0 0 0 2778
70 0 0 1 2773 2774
71 0 2788 0 2 2790
72 3 0 3049 0 3052
73 1 4 0 3048 3053
74 0 3119 0 1 3120
75 3143 0 1 0 3144
76 3143 0 3 0 3146
77 3149 0 2 2 3153
78 2 3234 0 2 3238
79 0 0 0 3220 3220
80 0 3239 0 0 3239
81 3251 0 18 6 3275
82 14 3300 0 1 3315
83 1 3306 0 0 3307
84 3318 0 0 0 3318
85 2 3361 0 1 3364
86 3350 0 4 0 3354
87 0 4 0 3343 3347
88 1 0 3335 0 3336
89 0 0 0 3322 3322
90 0 3358 0 0 3358
91 1 0 3582 1 3584
92 0 0 0 3630 3630
93 0 3714 0 0 3714
94 3771 0 2 0 3773
95 3771 0 0 0 3771
96 3742 0 0 0 3742
97 3748 0 0 0 3748
98 0 3888 0 0 3888
99 0 0 0 3926 3926
100 1 0 3928 0 3929
101 0 3947 0 0 3947
102 0 0 0 3915 3915
103 3916 0 0 0 3916
104 0 4013 0 0 4013
105 0 0 0 3994 3994
106 4 4024 0 0 4028
107 4008 1 0 0 4009
108 4009 2 0 1 4012
109 0 0 4098 1 4099
110 2 0 4094 0 4096
111 1 0 4080 0 4081
112 1 0 4034 0 4035
113 4185 0 2 1 4188
114 3 0 4186 0 4189
115 0 0 4303 0 4303
116 0 0 0 4199 4199
117 0 4367 0 6 4373
118 4418 0 0 0 4418
119 4408 0 0 0 4408
120 0 0 0 4436 4436
121 1 0 4416 0 4417
122 0 1 0 4365 4366
123 12 0 4355 0 4367
124 4391 0 6 4 4401
125 0 4502 0 0 4502
126 1 4410 0 9 4420
127 1 5 4451 3 4460
128 0 0 4425 1 4426
129 0 1 7 4240 4248
130 1 0 4424 0 4425
131 0 2 0 4450 4452
132 4547 0 1 0 4548
133 4561 0 0 0 4561
134 0 0 0 4584 4584
135 4528 0 0 0 4528
136 1 4558 0 2 4561
137 0 4551 0 7 4558
138 4545 0 2 0 4547
139 1 4628 0 2 4631
140 0 1 1 4713 4715
141 3 0 4690 0 4693
142 4681 0 1 0 4682
143 4 4933 0 0 4937
144 4938 0 3 0 4941
145 5023 0 2 0 5025
146 7 5080 0 3 5090
147 5076 0 3 0 5079
148 5032 0 0 1 5033
149 0 5102 0 0 5102
150 4979 0 4 2 4985
151 0 5138 0 0 5138
152 1 5105 0 0 5106
153 3 5130 1 0 5134
154 5079 1 6 0 5086
155 2 5201 0 40 5243
156 4 5307 0 0 5311
157 5331 0 0 0 5331
158 5328 0 1 1 5330
159 5271 0 2 2 5275
160 0 1 0 5306 5307
161 0 5344 0 3 5347
162 3 0 0 5272 5275
163 0 5354 0 6 5360
164 5353 6 0 0 5359
165 0 0 0 5355 5355
166 0 0 1 5349 5350
167 0 2 0 5406 5408
168 0 0 0 5441 5441
169 2 0 5389 0 5391
170 0 5424 0 2 5426
171 5427 1 0 5 5433
172 5400 0 0 0 5400
173 5305 0 0 0 5305
174 0 1 0 5297 5298
175 0 5336 0 0 5336
176 0 2 0 5282 5284
177 0 5331 0 1 5332
178 5352 0 2 3 5357
179 5307 0 0 1 5308
180 5297 0 0 0 5297
181 0 0 5311 1 5312
182 7 0 5175 0 5182
183 5189 0 0 0 5189
184 5258 1 1 0 5260
185 0 5294 0 0 5294
186 5283 0 0 0 5283
187 4 0 5222 0 5226
188 5239 0 1 0 5240
189 5138 1 1 0 5140
190 5090 1 0 1 5092
191 1 5137 0 2 5140
192 3 5094 0 0 5097
193 5121 0 0 0 5121
194 0 0 5108 1 5109
195 14 0 4928 3 4945
196 0 0 4917 1 4918
197 0 0 5287 0 5287
198 6 0 5317 0 5323
199 5420 0 1 1 5422
200 5466 0 3 0 5469
201 5453 38 1 0 5492
202 0 5513 0 0 5513
203 0 0 0 5497 5497
204 5505 0 4 0 5509
205 1 1 0 5521 5523
206 3 0 5460 1 5464
207 0 5516 9 0 5525
208 0 5622 0 3 5625
209 1 5650 0 1 5652
210 5718 1 2 0 5721
211 5693 1 0 0 5694
212 5691 0 2 0 5693
213 5640 1 31 0 5672
214 0 0 0 5671 5671
215 2 0 5584 1 5587
216 0 5614 1 2 5617
217 2 5767 0 1 5770
218 1 2 0 5700 5703
219 1 5753 3 3 5760
220 5772 0 14 0 5786
221 5727 0 19 1 5747
222 1 5747 0 0 5748
223 0 2 0 5692 5694
224 5 0 5657 0 5662
225 4 5733 0 1 5738
226 5753 1 5 2 5761
227 0 5816 0 0 5816
228 5807 13 5 0 5825
229 1 0 5764 0 5765
230 5724 0 0 10 5734
231 0 3 0 5818 5821
232 0 5915 0 2 5917
233 0 4 0 5933 5937
234 1 0 5938 0 5939
235 0 0 5888 0 5888
236 5872 0 10 1 5883
237 0 1 0 5870 5871
238 1 0 5907 0 5908
239 0 2 0 5755 5757
240 5866 0 0 0 5866
241 0 0 5788 0 5788
242 0 5836 0 1 5837
243 0 5943 0 0 5943
244 0 1 0 5916 5917
245 2 0 0 5971 5973
246 81 2 5914 2 5999
247 0 0 6143 0 6143
248 0 1 6144 0 6145
249 2 6195 0 0 6197
250 6220 0 0 0 6220
251 0 0 6215 0 6215
252 6152 0 16 1 6169
253 0 6307 0 1 6308
254 0 6343 0 6 6349
255 6482 7 2 5 6496
256 6419 2 0 0 6421
257 6447 0 2 0 6449
258 6128 239 1 0 6368
259 0 2 0 6346 6348
260 1 0 6257 0 6258
261 1 6277 1 0 6279
262 6271 0 0 1 6272
263 3 6277 0 23 6303
264 6278 0 0 2 6280
265 1 0 6271 0 6272
266 5 0 6228 2 6235
267 4 0 6181 4 6189
268 6237 1 2 2 6242
269 6275 0 0 0 6275
270 6270 0 3 2 6275
271 6218 0 0 0 6218
272 1 1 1 6215 6218
273 5879 0 0 1 5880
274 0 6178 0 1 6179
275 0 6097 0 0 6097
276 2 6115 0 0 6117
277 0 0 0 6024 6024
278 0 6128 0 0 6128
279 1 241 3 5836 6081
280 1 0 6066 0 6067
281 0 6034 0 1 6035
282 6070 0 2 0 6072
283 6038 2 3 2 6045
284 0 0 6025 1 6026
285 0 0 5982 0 5982
286 0 0 5981 0 5981
287 0 0 1 5610 5611
288 0 0 0 5997 5997
289 0 0 0 6062 6062
290 0 6078 0 2 6080
291 6104 0 0 0 6104
292 6063 0 2 0 6065
293 0 0 0 6024 6024
294 5993 0 0 0 5993
295 0 6038 0 0 6038
296 1 1 0 5877 5879
297 1 6026 0 0 6027
298 1 6066 0 0 6067
299 5983 0 1 1 5985
300 0 1 0 5913 5914
301 1 0 5919 0 5920
302 5898 0 0 0 5898
303 5927 0 1 1 5929
304 4 0 5885 0 5889
305 0 12 0 5779 5791
306 0 5873 1 1 5875
307 5915 0 0 1 5916
308 201 0 5675 0 5876
309 5793 0 5 0 5798
310 0 5799 2 5 5806
311 3 5893 0 0 5896
312 0 0 0 5889 5889
313 12 0 5861 0 5873
314 0 0 0 5904 5904
315 0 0 0 5919 5919
316 5870 0 0 0 5870
317 5 5880 0 2 5887
318 5948 0 0 3 5951
319 1 2 1 5892 5896
320 0 5958 0 0 5958
321 1 3 0 5914 5918
322 1 6 5834 1 5842
323 0 0 5789 0 5789
324 70 0 5846 0 5916
325 0 5 0 5635 5640
326 1 0 5821 0 5822
327 0 6165 0 4 6169
328 5 4 0 6194 6203
329 3 2 2 6217 6224
330 0 2 0 6229 6231
331 3 6217 0 6 6226
332 1 6368 0 2 6371
333 0 232 0 6142 6374
334 6408 0 0 0 6408
335 0 0 0 6349 6349
336 6399 0 0 0 6399
337 6326 0 1 1 6328
338 0 0 0 6335 6335
339 2 0 6352 1 6355
340 2 6346 1 3 6352
341 6304 0 2 1 6307
342 0 6378 0 46 6424
343 451 0 5956 0 6407
344 6328 0 8 9 6345
345 0 40 0 6363 6403
346 6415 0 1 0 6416
347 0 0 6420 1 6421
348 6394 1 1 0 6396
349 6421 1 0 0 6422
350 0 6566 0 0 6566
351 6596 0 0 0 6596
352 6547 0 0 0 6547
353 6529 0 0 0 6529
354 6564 0 1 0 6565
355 6537 0 2 0 6539
356 0 0 0 6412 6412
357 0 0 0 6415 6415
358 6470 0 0 1 6471
359 1 0 6325 0 6326
360 6340 0 2 15 6357
361 2 6383 0 0 6385
362 6404 0 0 2 6406
363 1 0 6302 0 6303
364 1 6307 0 6 6314
365 0 0 0 6276 6276
366 7 0 6298 0 6305
367 2 6208 0 16 6226
368 1 6291 0 0 6292
369 1 1 0 6303 6305
370 6289 0 1 0 6290
371 6195 0 0 1 6196
372 0 5966 0 311 6277
373 1 6280 4 1 6286
374 0 0 1 6210 6211
375 0 0 0 6170 6170
376 1 6231 0 0 6232
377 0 0 1 6079 6080
378 2 6251 0 3 6256
379 0 6302 0 1 6303
380 1 1 6234 3 6239
381 6112 2 27 3 6144
382 1 0 6277 0 6278
383 0 0 6226 0 6226
384 6227 0 2 0 6229
385 0 5 0 6201 6206
386 6198 0 0 0 6198
387 0 6515 0 0 6515
388 3 0 6569 0 6572
389 6553 0 4 0 6557
390 6527 1 0 0 6528
391 40 6501 0 0 6541
392 6521 0 0 0 6521
393 2 3 0 6469 6474
394 2 1 6514 0 6517
395 1 1 2 6369 6373
396 2 6527 0 19 6548
397 6602 0 0 3 6605
398 0 0 6577 5 6582
399 4 0 6431 1 6436
400 0 1 1 6296 6298
401 2 0 0 6496 6498
402 6524 1 0 3 6528
403 0 0 0 6487 6487
404 0 6525 0 1 6526
405 6546 0 0 0 6546
406 6459 2 2 1 6464
407 56 6464 0 0 6520
408 1 12 0 6417 6430
409 0 6524 0 0 6524
410 6504 1 0 0 6505
411 13 6563 0 1 6577
412 6597 1 1 2 6601
413 6503 2 0 1 6506
414 1 6602 0 17 6620
415 1 0 6607 2 6610
416 0 11 0 6563 6574
417 0 1 1 6670 6672
418 6669 1 0 1 6671
419 0 0 0 6620 6620
420 1 6686 0 0 6687
421 6729 1 0 0 6730
422 6639 0 4 0 6643
423 0 0 0 6639 6639
424 6 0 6633 0 6639
425 0 6624 1 1 6626
426 6746 3 0 0 6749
427 0 1 6717 0 6718
428 6708 0 0 0 6708
429 6685 1 4 0 6690
430 4 0 6658 16 6678
431 6590 2 10 1 6603
432 0 4 10 6539 6553
433 0 0 6553 0 6553
434 0 6498 0 0 6498
435 6467 3 0 0 6470
436 0 6492 0 0 6492
437 10 6497 0 3 6510
438 6537 1 1 1 6540
439 2 0 6559 0 6561
440 3 0 6460 0 6463
441 6467 0 1 1 6469
442 4 0 6478 0 6482
443 2 0 6438 0 6440
444 6417 0 12 0 6429
445 0 6406 0 0 6406
446 0 6384 1 0 6385
447 1 6423 0 2 6426
448 1 4 0 6383 6388
449 6414 1 6 0 6421
450 0 6515 0 0 6515
451 6555 0 0 0 6555
452 6521 0 0 0 6521
453 6509 1 3 0 6513
454 6481 0 0 1 6482
455 1 0 1 6386 6388
456 0 3 0 6435 6438
457 0 0 6380 2 6382
458 1 0 6307 0 6308
459 6322 0 0 2 6324
460 6249 0 2 0 6251
461 0 6373 0 1 6374
462 1 6348 3 0 6352
463 0 6 1 6261 6268
464 0 6331 0 0 6331
465 6339 0 0 0 6339
466 6 0 6261 0 6267
467 0 0 6156 1 6157
468 0 0 6146 0 6146
469 0 1 0 5966 5967
470 0 6152 0 0 6152
471 0 0 1 6160 6161
472 0 2 0 6201 6203
473 1 0 6128 1 6130
474 1 6028 0 4 6033
475 4 6000 0 0 6004
476 3 6061 0 1 6065
477 0 3 1 6086 6090
478 6077 1 1 0 6079
479 6016 0 1 0 6017
480 1 6073 0 0 6074
481 6047 0 1 0 6048
482 0 1 0 5923 5924
483 0 2 0 5878 5880
484 5807 0 0 0 5807
485 0 5910 0 0 5910
486 0 5854 1 2 5857
487 5885 0 0 1 5886
488 5778 0 1 0 5779
489 0 5 0 5715 5720
490 6 0 5733 0 5739
491 1 0 5702 0 5703
492 5547 0 133 1 5681
493 5733 0 1 0 5734
494 5682 2 1 1 5686
495 3 5703 0 4 5710
496 4 0 5662 0 5666
497 0 0 5632 1 5633
498 5586 0 23 0 5609
499 0 0 1 5554 5555
500 0 2 0 5561 5563
501 4 5573 0 0 5577
502 0 1 0 5482 5483
503 0 1 0 5407 5408
504 3 5468 0 5 5476
505 2 0 5228 0 5230
506 1 5276 0 4 5281
507 5324 0 4 0 5328
508 5291 0 0 0 5291
509 4 5313 1 0 5318
510 5325 0 2 0 5327
511 5271 29 0 2 5302
512 0 1 1 5229 5231
513 0 0 5202 0 5202
514 2 0 5125 0 5127
515 0 5193 0 0 5193
516 1 1 0 5143 5145
517 0 3 0 5152 5155
518 2 0 4929 1 4932
519 2 0 4927 0 4929
520 2 0 5025 1 5028
521 0 5027 0 11 5038
522 0 5066 0 0 5066
523 2 0 4994 0 4996
524 1 7 3 4811 4822
525 0 4816 0 81 4897
526 0 4995 0 1 4996
527 5 5178 0 1 5184
528 5132 1 2 0 5135
529 5206 0 0 0 5206
530 5200 0 6 0 5206
531 5237 0 1 0 5238
532 5200 0 2 0 5202
533 5135 0 0 0 5135
534 4 5107 0 2 5113
535 83 0 4918 2 5003
536 5028 0 3 0 5031
537 3 5068 0 0 5071
538 5060 0 2 0 5062
539 5112 0 1 0 5113
540 4975 0 166 0 5141
541 5131 0 1 0 5132
542 5048 2 2 1 5053
543 3 5037 0 0 5040
544 4970 0 1 1 4972
545 4981 0 0 0 4981
546 4932 0 0 0 4932
547 4948 3 6 1 4958
548 2 4852 0 1 4855
549 4839 1 2 0 4842
550 0 0 4612 0 4612
551 0 4710 0 0 4710
552 4726 0 0 0 4726
553 4779 0 0 0 4779
554 1 4697 0 0 4698
555 4724 0 3 0 4727
556 12 0 4535 0 4547
557 4590 0 0 7 4597
558 0 0 0 4447 4447
559 0 4666 0 0 4666
560 0 4747 0 9 4756
561 4711 0 0 1 4712
562 0 1 0 4656 4657
563 0 8 0 4720 4728
564 4727 0 0 0 4727
565 4692 0 2 0 4694
566 0 4697 0 0 4697
567 4711 0 2 0 4713
568 4720 0 0 0 4720
569 0 1 2 4672 4675
570 4739 0 0 0 4739
571 0 0 4495 0 4495
572 4599 0 103 0 4702
573 4760 0 0 0 4760
574 0 0 4546 0 4546
575 0 0 0 4163 4163
576 4500 0 1 1 4502
577 0 4560 0 1 4561
578 0 4707 0 1 4708
579 4719 0 0 0 4719
580 0 0 0 4605 4605
581 4644 0 1 0 4645
582 4 4632 2 1 4639
583 4692 0 0 0 4692
584 0 0 2 4617 4619
585 1 2 1 4688 4692
586 2 0 0 4731 4733
587 0 0 4648 0 4648
588 0 17 1 4487 4505
589 4643 0 1 0 4644
590 0 4615 0 0 4615
591 4658 0 9 1 4668
592 1 0 4618 0 4619
593 4646 1 0 0 4647
594 4675 0 0 0 4675
595 0 0 4582 0 4582
596 0 0 4598 0 4598
597 4621 0 3 2 4626
598 0 0 4649 0 4649
599 4680 0 0 0 4680
600 4749 0 0 0 4749
601 5 0 4602 2 4609
602 4673 0 0 0 4673
603 0 4643 0 0 4643
604 2 4730 0 1 4733
605 4780 0 1 0 4781
606 4789 0 0 0 4789
607 4777 0 0 0 4777
608 0 8 0 4680 4688
609 0 1 0 4699 4700
610 4607 0 17 6 4630
611 5 4718 0 27 4750
612 0 4771 0 1 4772
613 0 0 4862 0 4862
614 0 2 0 4587 4589
615 0 53 0 4725 4778
616 6 33 0 5039 5078
617 2 7 5180 1 5190
618 2 2 5200 0 5204
619 1 0 5194 1 5196
620 2 0 5161 0 5163
621 6 0 5308 0 5314
622 0 9 0 5262 5271
623 0 9 1 5561 5571
624 2 5632 0 4 5638
625 2 5648 1 0 5651
626 5595 0 1 0 5596
627 1 5827 0 0 5828
628 0 0 0 5774 5774
629 2 5934 0 8 5944
630 0 1 0 6109 6110
631 0 0 6073 0 6073
632 6043 0 2 1 6046
633 0 6183 0 0 6183
634 6181 0 1 0 6182
635 5998 0 235 0 6233
636 11 6272 0 1 6284
637 5782 0 397 0 6179
638 6179 0 9 0 6188
639 0 0 6100 1 6101
640 4771 3 1292 0 6066
641 362 1722 0 4048 6132
642 353 5860 0 26 6239
643 1 6334 1 5 6341
644 6404 0 0 0 6404
645 6342 0 0 0 6342
646 6357 0 0 0 6357
647 1 3 0 6231 6235
648 2 0 6197 0 6199
649 3 0 6179 1 6183
650 1 6293 0 1 6295
651 6327 1 5 0 6333
652 6356 1 0 1 6358
653 6305 0 1 0 6306
654 2 0 6173 0 6175
655 0 6208 0 1 6209
656 0 0 0 6225 6225
657 0 6278 0 1 6279
658 0 0 0 6312 6312
659 6293 0 1 2 6296
660 1 8 0 6281 6290
661 1 0 6274 0 6275
662 1 0 6233 0 6234
663 4 0 6279 0 6283
664 0 0 6276 0 6276
665 6264 0 0 1 6265
666 1 5923 0 469 6393
667 0 0 0 6392 6392
668 0 6462 1 8 6471
669 6470 0 0 0 6470
670 6511 1 0 0 6512
671 6462 0 0 0 6462
672 4 1 6301 0 6306
673 1 6325 0 0 6326
674 2 6372 1 0 6375
675 2 6422 1 7 6432
676 0 6494 0 3 6497
677 6505 1 17 2 6525
678 3 0 6462 0 6465
679 6477 0 0 0 6477
680 6469 0 7 0 6476
681 2 0 6506 0 6508
682 0 1 0 6351 6352
683 1 0 0 6464 6465
684 0 6427 0 2 6429
685 6398 0 8 0 6406
686 0 6468 0 4 6472
687 0 6483 0 2 6485
688 0 2 0 6407 6409
689 0 6489 1 1 6491
690 6489 0 1 0 6490
691 0 0 1 6459 6460
692 5 6518 0 4 6527
693 0 1 0 6493 6494
694 5 0 6470 0 6475
695 0 6456 0 0 6456
696 1 6492 0 3 6496
697 6462 59 7 1 6529
698 6512 0 2 0 6514
699 0 6502 0 43 6545
700 0 0 6493 0 6493
701 0 1 6383 0 6384
702 6408 0 0 0 6408
703 11 0 6429 0 6440
704 1 0 0 6415 6416
705 0 0 6449 0 6449
706 6419 0 4 1 6424
707 0 6482 0 2 6484
708 0 6545 0 1 6546
709 6500 2 4 0 6506
710 2 6567 0 4 6573
711 6522 0 0 0 6522
712 0 6618 0 1 6619
713 6613 0 5 0 6618
714 2 0 0 6561 6563
715 0 1 0 6551 6552
716 6532 1 0 0 6533
717 0 6636 0 1 6637
718 0 0 6585 0 6585
719 0 0 0 6376 6376
720 0 1 0 6422 6423
721 0 0 0 6538 6538
722 0 6650 2 10 6662
723 6676 0 0 0 6676
724 1 6707 0 5 6713
725 6644 2 1 0 6647
726 0 0 6659 4 6663
727 6610 2 0 0 6612
728 0 0 0 6585 6585
729 1 0 0 6651 6652
730 1 0 6611 1 6613
731 1 0 6586 0 6587
732 1 6 1 6280 6288
733 19 0 6413 4 6436
734 33 1 6341 0 6375
735 0 6456 0 20 6476
736 0 2 0 6493 6495
737 0 0 0 6530 6530
738 1 5598 1 968 6568
739 0 6566 0 1 6567
740 1 6643 0 0 6644
741 6701 2 3 0 6706
742 6674 1 0 0 6675
743 6587 1 3 1 6592
744 0 0 0 6598 6598
745 0 6671 0 0 6671
746 6720 0 4 3 6727
747 6685 0 0 0 6685
748 6540 0 0 1 6541
749 18 6613 6 0 6637
750 6638 0 0 0 6638
751 1 0 6586 0 6587
752 6530 0 1 0 6531
753 6528 4 9 2 6543
754 1 0 6479 1 6481
755 6391 0 2 0 6393
756 8 6667 0 1 6676
757 0 0 6724 3 6727
758 37 0 6658 0 6695
759 6663 1 13 0 6677
760 29 0 6684 0 6713
761 0 0 6693 0 6693
762 6510 0 183 0 6693
763 0 6801 0 0 6801
764 0 1 0 6836 6837
765 6765 0 0 0 6765
766 0 6816 0 0 6816
767 2 6853 0 6 6861
768 6805 0 1 0 6806
769 2 6909 0 0 6911
770 6932 0 0 0 6932
771 6884 0 1 0 6885
772 6834 0 0 0 6834
773 5 0 6843 0 6848
774 1 1 0 6253 6255
775 3 0 6635 7 6645
776 1 0 6799 0 6800
777 1 14 2 6618 6635
778 6858 0 1 0 6859
779 7 0 6874 0 6881
780 6812 0 0 2 6814
781 6842 0 6 0 6848
782 0 1 0 6875 6876
783 0 0 0 6906 6906
784 1 0 6854 1 6856
785 2 0 0 6680 6682
786 0 2 0 6821 6823
787 0 4 6825 0 6829
788 0 1 0 6739 6740
789 0 1 0 6819 6820
790 1 0 6796 7 6804
791 6726 2 0 0 6728
792 0 0 0 6762 6762
793 0 0 0 6803 6803
794 6777 1 1 16 6795
795 11 6789 0 1 6801
796 6772 0 0 0 6772
797 0 0 1 6792 6793
798 15 1 6744 1 6761
799 0 1 6716 0 6717
800 0 2 0 6269 6271
801 7 0 6622 1 6630
802 2 7129 0 2 7133
803 7391 0 6 0 7397
804 7450 0 1 0 7451
805 7433 0 1 0 7434
806 7458 1 0 0 7459
807 7513 0 0 0 7513
808 0 0 0 7476 7476
809 0 7562 0 0 7562
810 0 7 0 7540 7547
811 1 0 7599 0 7600
812 4 0 7605 0 7609
813 7421 0 197 0 7618
814 7708 0 1 1 7710
815 7762 0 1 0 7763
816 7756 0 2 0 7758
817 7738 0 0 0 7738
818 0 7752 0 2 7754
819 7717 0 1 0 7718
820 0 0 7697 1 7698
821 0 0 7577 0 7577
822 7610 0 6 0 7616
823 7646 0 0 1 7647
824 2 7683 0 1 7686
825 7746 0 0 1 7747
826 7694 1 0 0 7695
827 5 0 0 7669 7674
828 0 4 0 7674 7678
829 7547 0 1 12 7560
830 0 7620 1 6 7627
831 1 7649 0 1 7651
832 1 1 0 7629 7631
833 7663 0 0 0 7663
834 2 1 0 7581 7584
835 0 7648 0 1 7649
836 7708 0 1 0 7709
837 7410 0 277 0 7687
838 7638 0 0 1 7639
839 7 0 7644 4 7655
840 7522 1 28 0 7551
841 1 0 7622 0 7623
842 0 0 7583 1 7584
843 0 13 0 6700 6713
844 7438 0 7 0 7445
845 10 2 1 7579 7592
846 0 1 1 7644 7646
847 1 0 0 7659 7660
848 1 0 0 7706 7707
849 7709 1 2 1 7713
850 0 4 0 7701 7705
851 0 1 1 7695 7697
852 3 0 7622 6 7631
853 0 7462 2 0 7464
854 3 7572 3 1 7579
855 0 1 1 7616 7618
856 2 7645 0 0 7647
857 7698 0 8 0 7706
858 7652 1 3 0 7656
859 7670 0 4 0 7674
860 7634 2 6 1 7643
861 3 0 7604 0 7607
862 1 0 7581 0 7582
863 0 2 1 6776 6779
864 9 0 7436 0 7445
865 0 0 0 7327 7327
866 0 0 7509 0 7509
867 0 0 7533 0 7533
868 0 9 1 7262 7272
869 0 0 7480 0 7480
870 1 7601 0 2 7604
871 10 0 7800 2 7812
872 2 7815 0 6 7823
873 7907 0 1 0 7908
874 7845 0 2 0 7847
875 153 0 7747 0 7900
876 1 0 0 7842 7843
877 1 0 8114 1 8116
878 2 0 8276 0 8278
879 0 8467 0 11 8478
880 8581 0 1 0 8582
881 1 0 8638 2 8641
882 2 0 8588 5 8595
883 8454 0 3 1 8458
884 0 0 8747 0 8747
885 0 3 1 8377 8381
886 8768 0 0 1 8769
887 8867 0 0 1 8868
888 16 0 8964 1 8981
889 913 1 8063 1 8978
890 0 3 0 8745 8748
891 9044 0 0 0 9044
892 9120 0 2 0 9122
893 2 2 0 9160 9164
894 9210 0 0 0 9210
895 9243 0 0 2 9245
896 9260 0 1 0 9261
897 9309 0 14 0 9323
898 2 0 9309 0 9311
899 0 0 9166 0 9166
900 9241 0 1 0 9242
901 2 1 0 9251 9254
902 1 9290 0 4 9295
903 0 9597 0 1 9598
904 1 2 0 9583 9586
905 2 2 0 9621 9625
906 0 0 9574 4 9578
907 1 9460 0 0 9461
908 2 9698 0 2 9702
909 1 7 1 9678 9687
910 0 1 1 9775 9777
911 0 0 0 9813 9813
912 9841 0 2 2 9845
913 9802 0 1 0 9803
914 0 0 0 9775 9775
915 0 3 5 9807 9815
916 2 0 9812 1 9815
917 3 0 9784 1 9788
918 9630 0 9 0 9639
919 1 0 9797 0 9798
920 9769 0 0 1 9770
921 9810 0 0 2 9812
922 1 0 9764 0 9765
923 0 9850 0 0 9850
924 9890 0 2 0 9892
925 3 1 9918 0 9922
926 9868 2 1 1 9872
927 1 0 0 9865 9866
928 0 7 0 9966 9973
929 2 0 9923 1 9926
930 0 9781 0 3 9784
931 1 9854 0 4 9859
932 1 3 0 9839 9843
933 1 9869 0 1 9871
934 1 9929 1 1 9932
935 9929 0 0 0 9929
936 0 1 1 10074 10076
937 0 0 10128 0 10128
938 10058 0 1 0 10059
939 10027 0 78 0 10105
940 10116 1 1 0 10118
941 10068 0 0 0 10068
942 10051 1 1 0 10053
943 1 1 0 10013 10015
944 9954 1 1 0 9956
945 0 10049 0 9 10058
946 2 0 10077 1 10080
947 1 1 10047 0 10049
948 0 31 0 9606 9637
949 0 0 9946 2 9948
950 0 0 10005 1 10006
951 9967 0 9 0 9976
952 0 1 1 10137 10139
953 1 1 1 10231 10234
954 10200 0 0 6 10206
955 10352 0 2 1 10355
956 10409 0 0 3 10412
957 1 11289 0 11 11301
958 11505 0 1 0 11506
959 11508 0 1 2 11511
960 11594 0 2 0 11596
961 11642 0 31 1 11674
962 2 1 12040 0 12043
963 1 12123 0 5 12129
964 12464 0 1 0 12465
965 12419 5 0 0 12424
966 82 1 12186 0 12269
967 0 12108 0 4 12112
968 0 12266 0 1 12267
969 0 94 1 12214 12309
970 0 1 0 12397 12398
971 12377 0 1 0 12378
972 9 12357 0 3 12369
973 1 1 0 12278 12280
974 12294 1 1 0 12296
975 1 12286 1 104 12392
976 12300 0 2 1 12303
977 0 12384 0 4 12388
978 12339 8 5 19 12371
979 2 0 12505 2 12509
980 1 0 12406 7 12414
981 6 1 13209 2 13218
982 3 0 13221 0 13224
983 13299 1 13 1 13314
984 13456 0 3 3 13462
985 7 13434 0 2 13443
986 13505 0 2 0 13507
987 3 1 0 13427 13431
988 8 0 13410 0 13418
989 1 13436 0 1 13438
990 13580 0 5 4 13589
991 13589 0 1 0 13590
992 13532 0 2 0 13534
993 10 0 13428 0 13438
994 1 0 13345 2 13348
995 0 13366 0 2 13368
996 2 13419 0 16 13437
997 13534 0 2 2 13538
998 0 1 0 13591 13592
999 13694 2 14 2 13712
1000 4 0 13820 1 13825
1001 1 0 13759 1 13761
1002 13807 0 0 0 13807
1003 14007 0 1 1 14009
1004 13950 1 2 0 13953
1005 0 2 0 13943 13945
1006 1 0 0 13929 13930
1007 0 2 13728 2 13732
1008 3 13582 0 16 13601
1009 4 13568 0 12 13584
1010 2 13818 0 1 13821
1011 13962 0 8 1 13971
1012 14007 0 0 1 14008
1013 1 0 0 13880 13881
1014 13955 3 2 1 13961
1015 1 2 0 13823 13826
1016 2 0 13824 0 13826
1017 1 0 13727 2 13730
1018 4 0 13883 0 13887
1019 0 1 2 13086 13089
1020 20 0 13741 1 13762
1021 13984 0 6 0 13990
1022 14075 0 1 3 14079
1023 14074 0 2 0 14076
1024 13810 1 2 0 13813
1025 1 13954 0 2 13957
1026 13468 0 1 0 13469
1027 4 13982 0 11 13997
1028 2 13888 0 2 13892
1029 1 14016 0 18 14035
1030 0 136 0 13946 14082
1031 3 1 0 14129 14133
1032 95 0 13840 0 13935
1033 13974 2 1 1 13978
1034 13992 4 1 27 14024
1035 1 0 13888 0 13889
1036 1 13996 0 17 14014
1037 0 2 0 14098 14100
1038 6 2 14187 1 14196
1039 18 0 14074 0 14092
1040 1 13999 13 21 14034
1041 0 14121 0 3 14124
1042 14242 1 9 7 14259
1043 14297 0 0 4 14301
1044 1 10 0 14526 14537
1045 2 0 14559 6 14567
1046 6 0 14486 4 14496
1047 14250 1 7 0 14258
1048 14579 0 9 0 14588
1049 0 14633 0 1 14634
1050 3 15065 0 0 15068
1051 15224 0 7 1 15232
1052 15175 0 2 0 15177
1053 15195 0 1 1 15197
1054 0 1 3 15163 15167
1055 15274 0 1 0 15275
1056 2 0 0 15304 15306
1057 15323 0 2 9 15334
1058 39 0 14982 2 15023
1059 14667 0 7 0 14674
1060 1 15090 1 7 15099
1061 0 15069 1 0 15070
1062 1 2 0 14824 14827
1063 3 15157 0 0 15160
1064 5 15285 3 1 15294
1065 2 1260 0 13946 15208
1066 11 0 15134 0 15145
1067 0 15208 3 10 15221
1068 15395 0 18 0 15413
1069 15414 0 2 0 15416
1070 15299 1 0 1 15301
1071 15252 0 40 1 15293
1072 3 15612 0 0 15615
1073 1 0 0 15527 15528
1074 15518 2 1 2 15523
1075 0 0 0 15510 15510
1076 0 3 0 15697 15700
1077 15733 4 8 2 15747
1078 15664 0 0 0 15664
1079 15649 1 5 0 15655
1080 0 0 15705 0 15705
1081 8 0 15670 0 15678
1082 15392 6 5 1 15404
1083 15573 0 9 1 15583
1084 15583 35 1 11 15630
1085 6 22 15934 1 15963
1086 0 1 15851 5 15857
1087 1 0 15886 2 15889
1088 2 0 16387 1 16390
1089 2 5 2 15573 15582
1090 0 95 0 16060 16155
1091 0 1 0 16723 16724
1092 1 16744 0 17 16762
1093 2 6 1 16806 16815
1094 2 1 0 16904 16907
1095 6 17028 0 4 17038
1096 2 3 16992 5 17002
1097 0 0 16921 2 16923
1098 16532 0 1 1 16534
1099 1 0 16832 0 16833
1100 5 16832 0 0 16837
1101 0 3 0 17147 17150
1102 17015 1 1 0 17017
1103 2 0 0 17140 17142
1104 1 10 0 17247 17258
1105 10 0 17106 1 17117
1106 0 17332 0 3 17335
1107 0 6 1 17576 17583
1108 6 1 17601 1 17609
1109 2 1 17772 3 17778
1110 2 10 2 17096 17110
1111 0 4 1 17642 17647
1112 0 11 0 17815 17826
1113 9 17749 0 7 17765
1114 0 15 1 17975 17991
1115 0 0 1 18095 18096
1116 17773 0 11 0 17784
1117 2 0 17907 4 17913
1118 17272 0 3 0 17275
1119 54 0 17806 2 17862
1120 0 0 17838 2 17840
1121 0 0 17814 0 17814
1122 17390 1 64 6 17461
1123 0 1 17861 1 17863
1124 0 1 17797 0 17798
1125 17386 1 4 3 17394
1126 0 7 0 17685 17692
1127 2 0 17874 0 17876
1128 5 0 17749 3 17757
1129 5 0 17763 0 17768
1130 17484 0 1 2 17487
1131 17600 0 3 1 17604
1132 2 0 17586 2 17590
1133 1 0 17653 3 17657
1134 17438 0 1 3 17442
1135 17548 2 0 0 17550
1136 5 2 1 17502 17510
1137 0 0 17459 1 17460
1138 17397 0 24 1 17422
1139 1 1 1 17340 17343
1140 0 1 0 17475 17476
1141 6 0 17313 1 17320
1142 2 17384 0 6 17392
1143 17365 0 5 1 17371
1144 0 0 17456 4 17460
1145 3 0 17347 1 17351
1146 2 1 11 16970 16984
1147 0 3 2 17370 17375
1148 3 0 17319 1 17323
1149 1 0 17022 0 17023
1150 1 17478 3 11 17493
1151 17537 0 5 1 17543
1152 2 17803 0 8 17813
1153 15 0 17794 1 17810
1154 8 0 17607 1 17616
1155 17394 0 3 2 17399
1156 0 3 0 17610 17613
1157 17540 0 0 1 17541
1158 0 17452 3 123 17578
1159 17542 0 0 1 17543
1160 3 17568 7 0 17578
1161 17551 0 1 0 17552
1162 0 2 0 17172 17174
1163 3 17257 0 6 17266
1164 1 17180 0 2 17183
1165 6 17271 3 1 17281
1166 17184 0 2 6 17192
1167 1 1 0 17190 17192
1168 3 1 17161 1 17166
1169 5 0 16914 2 16921
1170 1 0 16919 0 16920
1171 144 0 16737 1 16882
1172 2 17014 2 1 17019
1173 16897 0 5 0 16902
1174 1 16983 0 0 16984
1175 17035 0 3 2 17040
1176 1 1 0 17020 17022
1177 8 0 17016 3 17027
1178 6 0 16879 0 16885
1179 16517 1 3 1 16522
1180 5 0 16764 0 16769
1181 0 4 0 16311 16315
1182 16587 0 0 0 16587
1183 6 3 16574 2 16585
1184 0 16472 0 6 16478
1185 16 0 16416 0 16432
1186 67 0 15975 1 16043
1187 0 3 0 14177 14180
1188 2 0 14780 2 14784
1189 5 0 15578 0 15583
1190 0 14976 3 1 14980
1191 15284 0 11 0 15295
1192 2 0 15344 2 15348
1193 0 15276 0 0 15276
1194 3 5 1 15154 15163
1195 1 0 15308 0 15309
1196 14788 0 8 2 14798
1197 3 14863 0 8 14874
1198 0 15473 0 1 15474
1199 0 7 1 15359 15367
1200 1 8 0 15681 15690
1201 15497 1 1 0 15499
1202 15590 0 1 0 15591
1203 23 0 14971 0 14994
1204 14916 0 8 1 14925
1205 7 1 14725 4 14737
1206 5 14536 0 49 14590
1207 14135 0 5 0 14140
1208 4 14624 0 1 14629
1209 1 10 1 14150 14162
1210 1 14569 0 2 14572
1211 14490 1 3 1 14495
1212 14653 0 3 0 14656
1213 0 0 14406 0 14406
1214 13896 8 3 0 13907
1215 3 1 13842 2 13848
1216 9 0 13660 3 13672
1217 1 13422 1 3 13427
1218 4 13832 0 2 13838
1219 13702 1 4 1 13708
1220 0 0 0 13491 13491
1221 13603 0 3 0 13606
1222 13639 1 2 0 13642
1223 13523 3 35 0 13561
1224 5 13234 0 3 13242
1225 13215 0 0 0 13215
1226 13286 1 0 0 13287
1227 68 0 12946 0 13014
1228 12704 0 3 4 12711
1229 0 0 1 12604 12605
1230 12793 0 0 0 12793
1231 12782 5 0 1 12788
1232 2 12648 1 1 12652
1233 12825 0 2 0 12827
1234 12889 101 1 0 12991
1235 12936 0 6 1 12943
1236 12914 0 0 1 12915
1237 12907 0 0 2 12909
1238 12783 0 1 2 12786
1239 0 1 0 12139 12140
1240 2 12342 0 0 12344
1241 2 1 1 11987 11991
1242 1 12308 0 3 12312
1243 12300 1 0 0 12301
1244 12039 1 1 1 12042
1245 16 11849 0 150 12015
1246 3 0 0 11471 11474
1247 0 11967 0 0 11967
1248 0 9 1 11650 11660
1249 2 0 2 11803 11807
1250 0 2 0 12000 12002
1251 9 0 11638 0 11647
1252 11637 0 5 0 11642
1253 0 0 11668 4 11672
1254 1 0 0 11239 11240
1255 0 0 11489 1 11490
1256 11440 1 13 3 11457
1257 10 0 11461 0 11471
1258 1 11398 0 4 11403
1259 3 5 1 11315 11324
1260 2 0 11338 2 11342
1261 3 0 11415 0 11418
1262 11082 2 14 3 11101
1263 11285 1 2 0 11288
1264 1 0 11177 0 11178
1265 0 0 0 10499 10499
1266 11070 0 1 0 11071
1267 11242 0 0 0 11242
1268 11290 0 5 0 11295
1269 8 0 10800 0 10808
1270 10845 0 0 0 10845
1271 10829 1 1 0 10831
1272 0 0 2 10438 10440
1273 2 10480 0 1 10483
1274 1 0 2 10447 10450
1275 0 31 0 10446 10477
1276 4 10436 0 1 10441
1277 10436 0 2 0 10438
1278 10329 0 6 5 10340
1279 10253 0 0 0 10253
1280 1 0 9841 2 9844
1281 9891 0 0 2 9893
1282 6 9847 0 0 9853
1283 0 2 0 9883 9885
1284 10001 0 1 1 10003
1285 9963 5 1 0 9969
1286 1 0 9362 3 9366
1287 1 9501 0 2 9504
1288 10 0 9394 3 9407
1289 23 0 9370 0 9393
1290 0 12 1 8948 8961
1291 0 0 8997 3 9000
1292 0 9020 1 2 9023
1293 3 9367 0 12 9382
1294 9366 0 6 0 9372
1295 4 4 0 9288 9296
1296 84 0 9184 0 9268
1297 6 1 9239 0 9246
1298 9179 0 1 0 9180
1299 0 1 0 9184 9185
1300 3 0 9090 0 9093
1301 9174 0 4 1 9179
1302 9256 0 2 0 9258
1303 2 9132 1 3 9138
1304 1 2 1 8985 8989
1305 1 9056 0 2 9059
1306 1 9114 0 0 9115
1307 9127 0 1 3 9131
1308 0 9233 0 0 9233
1309 9249 0 1 0 9250
1310 9240 1 3 1 9245
1311 0 8303 0 880 9183
1312 2 0 9145 0 9147
1313 9190 0 1 0 9191
1314 9294 0 1 1 9296
1315 9285 0 0 0 9285
1316 0 4 0 9108 9112
1317 9126 0 2 2 9130
1318 115 9072 0 0 9187
1319 0 1 1 9179 9181
1320 9241 0 1 1 9243
1321 0 0 8984 1 8985
1322 9094 0 0 0 9094
1323 9115 0 3 0 9118
1324 127 8936 0 0 9063
1325 0 1 0 9047 9048
1326 9192 0 1 1 9194
1327 8 0 8998 0 9006
1328 9094 2 0 0 9096
1329 0 0 0 9026 9026
1330 2 0 9097 2 9101
1331 8942 0 0 0 8942
1332 21 0 9021 2 9044
1333 8984 1 1 0 8986
1334 9042 1 0 0 9043
1335 9022 0 6 2 9030
1336 4 0 8939 0 8943
1337 0 2 0 8233 8235
1338 7 1 8787 0 8795
1339 2 0 8935 0 8937
1340 8922 0 6 1 8929
1341 1 3 2 8794 8800
1342 1 0 8938 4 8943
1343 8919 2 2 1 8924
1344 1 13 0 8782 8796
1345 2 8964 0 3 8969
1346 0 1 1 8963 8965
1347 6 8985 0 0 8991
1348 9008 0 3 1 9012
1349 0 0 8905 2 8907
1350 8807 0 0 3 8810
1351 6 0 8807 0 8813
1352 5 8792 0 1 8798
1353 0 2 0 8829 8831
1354 3 0 8865 3 8871
1355 8849 0 1 0 8850
1356 3 0 7 8763 8773
1357 8843 0 6 0 8849
1358 2 8879 0 2 8883
1359 8969 0 0 9 8978
1360 8994 0 0 1 8995
1361 1 0 1 8864 8866
1362 8996 0 0 0 8996
1363 8950 0 0 0 8950
1364 0 0 8668 0 8668
1365 1 8739 0 4 8744
1366 0 2 0 8555 8557
1367 6 8667 0 0 8673
1368 8680 0 2 0 8682
1369 4 8654 0 1 8659
1370 8794 0 1 3 8798
1371 8732 0 11 0 8743
1372 8751 4 1 0 8756
1373 0 1 2 8614 8617
1374 8755 0 1 0 8756
1375 0 0 8600 0 8600
1376 8612 0 1 0 8613
1377 8499 0 1 0 8500
1378 2 8487 2 2 8493
1379 1 1 3 8147 8152
1380 1 8512 0 4 8517
1381 1 0 8464 0 8465
1382 0 8463 0 2 8465
1383 8281 0 0 0 8281
1384 1 0 8304 0 8305
1385 0 10 1 8078 8089
1386 1 8114 0 1 8116
1387 1 8239 0 3 8243
1388 3 2 5 8305 8315
1389 96 3 8134 1 8234
1390 1 8217 2 0 8220
1391 0 5 0 8253 8258
1392 0 1 2 8228 8231
1393 0 8 0 8155 8163
1394 2 8141 1 9 8153
1395 2 8168 0 40 8210
1396 8082 1 1 0 8084
1397 8044 0 0 1 8045
1398 1 0 3 8058 8062
1399 3 0 8028 0 8031
1400 7933 0 1 1 7935
1401 7929 0 2 0 7931
1402 4 2 7898 0 7904
1403 2 0 7847 1 7850
1404 7856 0 1 0 7857
1405 7905 0 1 0 7906
1406 1 0 0 7897 7898
1407 7925 1 0 0 7926
1408 7926 0 1 0 7927
1409 0 2 0 7896 7898
1410 7933 0 2 0 7935
1411 7879 0 1 1 7881
1412 7767 1 1 3 7772
1413 4 7846 0 1 7851
1414 7685 0 2 0 7687
1415 0 1 7667 1 7669
1416 0 1 119 7279 7399
1417 1 0 7530 1 7532
1418 7571 0 0 0 7571
1419 7562 0 0 2 7564
1420 3 0 7480 0 7483
1421 7421 0 0 0 7421
1422 0 0 0 7410 7410
1423 57 0 7308 0 7365
1424 7301 0 1 0 7302
1425 7232 0 0 0 7232
1426 1 7332 0 1 7334
1427 7219 0 1 0 7220
1428 0 12 0 7100 7112
1429 2 7122 0 0 7124
1430 1 0 2 7004 7007
1431 99 6996 0 1 7096
1432 0 1 2 7007 7010
1433 1 6 1 7105 7113
1434 1 3 7016 0 7020
1435 1 0 6882 1 6884
1436 0 6906 0 6 6912
1437 120 1 6706 1 6828
1438 3 6820 1 0 6824
1439 1 2 0 6875 6878
1440 0 0 0 6910 6910
1441 1 0 6866 0 6867
1442 6819 0 2 0 6821
1443 6756 0 1 0 6757
1444 8 6788 0 0 6796
1445 57 0 6695 0 6752
1446 6701 0 0 1 6702
1447 6710 0 0 0 6710
1448 6702 0 0 0 6702
1449 1 1 6560 0 6562
1450 2 6456 0 1 6459
1451 0 0 0 6510 6510
1452 0 0 6473 1 6474
1453 6441 0 0 0 6441
1454 6481 0 1 0 6482
1455 0 0 6412 0 6412
1456 6402 1 0 0 6403
1457 6397 0 0 1 6398
1458 6393 0 0 0 6393
1459 6350 0 0 0 6350
1460 6 3 1 6203 6213
1461 5 0 5965 4 5974
1462 0 6020 0 1 6021
1463 0 4 2 6034 6040
1464 1 1 5937 1 5940
1465 0 3 5901 0 5904
1466 0 0 5860 0 5860
1467 0 5806 0 1 5807
1468 4 5789 0 2 5795
1469 3 5768 0 4 5775
1470 0 5899 0 0 5899
1471 1 2 0 5856 5859
1472 0 5969 0 0 5969
1473 1 0 0 5960 5961
1474 0 0 5968 1 5969
1475 1 5957 0 1 5959
1476 1 0 0 6055 6056
1477 4 0 6076 0 6080
1478 0 0 0 5997 5997
1479 5985 0 27 0 6012
1480 1 0 6074 0 6075
1481 5920 0 0 0 5920
1482 1 0 6071 0 6072
1483 5893 0 0 1 5894
1484 0 1 0 6057 6058
1485 6048 0 1 0 6049
1486 0 0 6070 0 6070
1487 3 0 6087 1 6091
1488 0 0 6072 0 6072
1489 6092 0 0 0 6092
1490 6098 1 1 0 6100
1491 0 0 0 6095 6095
1492 0 0 6108 1 6109
1493 0 0 6061 0 6061
1494 6053 1 0 0 6054
1495 0 0 0 6043 6043
1496 0 0 6020 0 6020
1497 2 5985 0 53 6040
1498 0 1 0 6169 6170
1499 0 3 0 6216 6219
1500 2 128 0 6119 6249
1501 0 1 6187 1 6189
1502 6159 0 1 1 6161
1503 6168 1 0 0 6169
1504 6083 0 2 0 6085
1505 0 6137 0 1 6138
1506 0 6127 0 0 6127
1507 6149 0 4 0 6153
1508 6114 0 0 0 6114
1509 6052 0 2 0 6054
1510 6 6113 0 1 6120
1511 6045 0 0 1 6046
1512 0 6137 0 1 6138
1513 6103 0 1 0 6104
1514 6040 0 4 0 6044
1515 23 0 6000 0 6023
1516 0 2 0 5852 5854
1517 0 0 5924 0 5924
1518 0 5952 0 0 5952
1519 6024 0 0 0 6024
1520 5891 0 2 0 5893
1521 0 5941 3 5 5949
1522 2 5910 0 0 5912
1523 5895 0 0 0 5895
1524 5 0 5819 0 5824
1525 5691 1 2 0 5694
1526 2 5785 0 0 5787
1527 0 5801 0 0 5801
1528 0 2 0 5798 5800
1529 6 0 5774 1 5781
1530 0 46 1 5646 5693
1531 0 5696 0 41 5737
1532 0 0 0 5747 5747
1533 5688 0 0 0 5688
1534 0 0 5636 0 5636
1535 5548 0 1 0 5549
1536 0 5362 0 246 5608
1537 5591 1 0 0 5592
1538 76 0 5504 0 5580
1539 5531 1 2 0 5534
1540 5558 0 0 0 5558
1541 1 1 0 5603 5605
1542 5540 0 1 0 5541
1543 3 0 5527 1 5531
1544 5 5472 0 0 5477
1545 0 1 2 5480 5483
1546 0 0 5433 3 5436
1547 1 5398 0 0 5399
1548 2 2 2 5403 5409
1549 0 0 5364 1 5365
1550 11 0 5336 0 5347
1551 1 2 0 5147 5150
1552 5169 0 1 0 5170
1553 0 5289 0 3 5292
1554 0 5637 0 0 5637
1555 0 12 0 5594 5606
1556 0 0 0 5632 5632
1557 1 2 0 5625 5628
1558 0 0 5553 0 5553
1559 5520 0 0 1 5521
1560 10 1 0 5475 5486
1561 0 7 5466 0 5473
1562 0 5432 0 0 5432
1563 5455 3 2 0 5460
1564 0 0 5488 0 5488
1565 30 0 5336 0 5366
1566 5383 0 2 1 5386
1567 0 0 5372 0 5372
1568 5399 0 0 0 5399
1569 5381 0 0 2 5383
1570 0 0 0 5420 5420
1571 1 1 0 5409 5411
1572 0 14 0 5413 5427
1573 0 0 0 5347 5347
1574 0 5241 0 49 5290
1575 1 0 0 5052 5053
1576 0 4969 0 0 4969
1577 0 2 0 4932 4934
1578 0 4874 0 0 4874
1579 0 4860 0 1 4861
1580 2 4868 0 0 4870
1581 0 4782 0 16 4798
1582 4567 2 7 0 4576
1583 1 4781 0 0 4782
1584 0 4886 0 11 4897
1585 3 4 0 4865 4872
1586 2 0 0 4867 4869
1587 0 2 0 4942 4944
1588 21 0 4852 1 4874
1589 4807 2 0 1 4810
1590 0 20 0 4841 4861
1591 0 1 0 4813 4814
1592 0 4800 0 1 4801
1593 4778 0 2 0 4780
1594 3 4831 0 2 4836
1595 1 1 0 4794 4796
1596 10 0 4729 2 4741
1597 4686 0 2 0 4688
1598 4735 0 1 6 4742
1599 0 0 0 4816 4816
1600 4778 0 0 0 4778
1601 0 1 0 4780 4781
1602 0 0 0 4767 4767
1603 4651 0 0 1 4652
1604 0 4778 0 0 4778
1605 0 0 0 4697 4697
1606 1 0 4647 0 4648
1607 0 4652 1 1 4654
1608 1 0 0 4707 4708
1609 13 0 4662 0 4675
1610 1 4682 0 0 4683
1611 4692 0 0 0 4692
1612 0 6 0 4767 4773
1613 1 4769 0 1 4771
1614 0 0 0 4789 4789
1615 1 0 0 4821 4822
1616 0 1 0 4878 4879
1617 4824 0 0 0 4824
1618 4770 0 3 0 4773
1619 4750 0 0 0 4750
1620 2 1 0 4791 4794
1621 0 0 4716 0 4716
1622 4702 2 4 0 4708
1623 58 4717 0 0 4775
1624 170 0 4618 4 4792
1625 4711 0 0 0 4711
1626 41 0 0 4730 4771
1627 0 0 4750 1 4751
1628 0 0 4729 0 4729
1629 4696 0 23 0 4719
1630 0 0 0 4815 4815
1631 0 1 0 4892 4893
1632 1 0 4846 0 4847
1633 2 0 4826 0 4828
1634 4793 0 24 1 4818
1635 0 0 0 4869 4869
1636 4851 0 3 0 4854
1637 4801 0 0 0 4801
1638 1 0 1 4820 4822
1639 18 4781 0 0 4799
1640 4834 0 0 0 4834
1641 0 2 0 4788 4790
1642 4678 0 3 1 4682
1643 0 4796 0 6 4802
1644 0 0 0 4827 4827
1645 4801 0 0 0 4801
1646 2 0 1 4766 4769
1647 4702 0 0 1 4703
1648 6 4814 0 1 4821
1649 2 0 0 4808 4810
1650 3 0 4779 2 4784
1651 1 4838 0 1 4840
1652 0 1 0 4853 4854
1653 0 0 0 4876 4876
1654 0 0 0 4906 4906
1655 4823 0 5 0 4828
1656 0 4881 0 0 4881
1657 0 0 0 4889 4889
1658 4802 0 0 0 4802
1659 0 4885 0 0 4885
1660 0 3 0 4854 4857
1661 0 4879 0 1 4880
1662 4861 0 0 0 4861
1663 4705 0 0 0 4705
1664 0 4865 0 2 4867
1665 0 1 0 4820 4821
1666 3 0 4793 2 4798
1667 0 4799 0 4 4803
1668 0 0 0 4800 4800
1669 0 0 4761 0 4761
1670 0 4677 0 0 4677
1671 2 4714 0 2 4718
1672 0 4 1 4707 4712
1673 2 4699 0 1 4702
1674 0 4596 0 143 4739
1675 4753 0 1 0 4754
1676 2 0 4724 0 4726
1677 0 0 0 4644 4644
1678 0 0 2 4699 4701
1679 0 0 1 4726 4727
1680 0 0 4678 0 4678
1681 4 0 4618 0 4622
1682 1 4644 0 3 4648
1683 0 2 0 4605 4607
1684 2 0 4559 2 4563
1685 0 4 0 4568 4572
1686 4554 1 1 0 4556
1687 4526 0 0 0 4526
1688 0 4535 0 0 4535
1689 4423 2 1 0 4426
1690 0 4498 0 1 4499
1691 0 0 0 4503 4503
1692 12 0 4434 3 4449
1693 4398 0 0 0 4398
1694 1 0 0 4451 4452
1695 1 0 4402 0 4403
1696 4353 1 0 1 4355
1697 0 0 0 4378 4378
1698 4354 0 1 1 4356
1699 0 0 4352 0 4352
1700 0 4319 0 0 4319
1701 4 10 0 4349 4363
1702 4315 0 0 0 4315
1703 0 1 0 4339 4340
1704 4 4299 0 7 4310
1705 2 0 0 4315 4317
1706 0 0 1 4333 4334
1707 0 21 1 4329 4351
1708 1 0 4306 0 4307
1709 0 1 0 4263 4264
1710 0 0 0 4269 4269
1711 1 0 4246 0 4247
1712 0 0 1 4184 4185
1713 0 2 0 4196 4198
1714 0 3 0 4212 4215
1715 4182 0 0 0 4182
1716 0 10 0 4094 4104
1717 4072 0 0 1 4073
1718 0 1 0 4068 4069
1719 2 0 4055 2 4059
1720 4 0 4003 0 4007
1721 1 0 0 3988 3989
1722 0 3962 0 0 3962
1723 0 1 0 3967 3968
1724 0 3936 0 0 3936
1725 1 3932 0 0 3933
1726 3885 0 1 1 3887
1727 2 0 3854 0 3856
1728 3769 0 0 0 3769
1729 1 0 3760 0 3761
1730 3717 0 3 1 3721
1731 1 3636 0 2 3639
1732 3680 0 0 0 3680
1733 3637 0 0 1 3638
1734 0 10 0 3645 3655
1735 2 0 3618 0 3620
1736 4 0 0 3614 3618
1737 0 1 1 3600 3602
1738 0 1 0 3590 3591
1739 0 3510 0 3 3513
1740 0 3 0 3300 3303
1741 0 0 0 3323 3323
1742 3 0 3246 0 3249
1743 1 3170 0 0 3171
1744 0 0 0 3207 3207
1745 1 3133 0 0 3134
1746 2 3194 0 0 3196
1747 3170 0 5 0 3175
1748 0 0 0 3192 3192
1749 0 0 0 3173 3173
1750 0 0 0 3214 3214
1751 0 0 3174 0 3174
1752 0 2 2 3143 3147
1753 0 3122 0 0 3122
1754 0 0 0 3143 3143
1755 3118 0 0 0 3118
1756 0 0 0 3117 3117
1757 3112 0 0 0 3112
1758 3088 0 0 0 3088
1759 0 4 8 0 12
1760 0 0 6 0 6
