1 908 0 0 0 908
2 0 3 0 940 943
3 0 0 945 0 945
4 927 0 0 0 927
5 940 1 0 0 941
6 0 0 955 0 955
7 0 0 948 0 948
8 0 1047 0 0 1047
9 1064 0 3 0 1067
10 1070 0 0 0 1070
11 0 0 0 1082 1082
12 1110 0 0 0 1110
13 1118 0 0 0 1118
14 0 0 0 1140 1140
15 0 0 0 1154 1154
16 0 0 1167 0 1167
17 0 0 0 1183 1183
18 1185 0 0 0 1185
19 0 1222 0 0 1222
20 0 0 0 1233 1233
21 1223 1 0 0 1224
22 0 1282 0 0 1282
23 0 2 0 1280 1282
24 1 1296 0 0 1297
25 1306 0 0 0 1306
26 0 0 0 1321 1321
27 0 0 1342 0 1342
28 0 0 1364 0 1364
29 0 1 0 1349 1350
30 1391 0 0 5 1396
31 0 0 1746 0 1746
32 0 0 0 1726 1726
33 1816 0 0 0 1816
34 1814 0 1 0 1815
35 0 1818 0 0 1818
36 1894 3 0 0 1897
37 0 0 0 1907 1907
38 0 1914 0 0 1914
39 0 1920 0 0 1920
40 1934 0 0 0 1934
41 1939 0 1 0 1940
42 0 0 0 1964 1964
43 0 0 1964 0 1964
44 0 1980 0 2 1982
45 1999 0 0 0 1999
46 0 0 1995 0 1995
47 1973 0 0 1 1974
48 0 0 0 1978 1978
49 2 2000 0 1 2003
50 1 0 2015 1 2017
51 2037 0 0 1 2038
52 1987 0 0 0 1987
53 0 0 0 2012 2012
54 0 2004 0 1 2005
55 0 0 0 2005 2005
56 0 0 1984 0 1984
57 1 1989 0 0 1990
58 2009 0 0 0 2009
59 0 2025 0 0 2025
60 5 5 0 2008 2018
61 0 0 2009 0 2009
62 0 0 1994 0 1994
63 1 0 1983 0 1984
64 1994 0 0 0 1994
65 0 0 0 2045 2045
66 2020 0 1 5 2026
67 2028 0 1 0 2029
68 0 2046 0 0 2046
69 2034 0 0 1 2035
70 1 0 0 2022 2023
71 0 2031 0 0 2031
72 0 0 2182 5 2187
73 0 1 3 2166 2170
74 0 2202 0 0 2202
75 2250 0 3 0 2253
76 2240 0 0 0 2240
77 2239 1 0 0 2240
78 0 2279 0 0 2279
79 0 1 0 2250 2251
80 0 2280 0 0 2280
81 2292 0 1 1 2294
82 4 2312 0 0 2316
83 0 2294 0 0 2294
84 2297 0 1 1 2299
85 0 2319 0 0 2319
86 2319 1 0 0 2320
87 0 1 0 2313 2314
88 0 1 2305 0 2306
89 0 0 0 2286 2286
90 0 2336 0 1 2337
91 3 0 2519 0 2522
92 0 4 1 2577 2582
93 0 2679 0 3 2682
94 2813 0 4 0 2817
95 2803 0 0 0 2803
96 2787 1 0 0 2788
97 2776 0 1 0 2777
98 0 2896 0 2 2898
99 0 0 0 2912 2912
100 3 0 2923 0 2926
101 0 2931 0 1 2932
102 1 70 0 2850 2921
103 2915 0 7 1 2923
104 0 3087 0 0 3087
105 0 0 0 3055 3055
106 0 3119 0 0 3119
107 3119 0 6 0 3125
108 3089 3 2 2 3096
109 0 3 3271 7 3281
110 0 0 3344 5 3349
111 0 0 3359 0 3359
112 0 0 3314 1 3315
113 3418 0 3 0 3421
114 0 0 3468 0 3468
115 1 0 3608 0 3609
116 0 3 1 3518 3522
117 0 3714 0 0 3714
118 3750 1 3 2 3756
119 3774 0 1 0 3775
120 1 1 0 3789 3791
121 0 0 3804 0 3804
122 0 2 0 3716 3718
123 0 3 3742 0 3745
124 3781 0 3 0 3784
125 1 3879 0 1 3881
126 7 3882 0 1 3890
127 1 0 3893 2 3896
128 2 0 3942 0 3944
129 0 1 0 3720 3721
130 0 0 3929 0 3929
131 0 2 0 3945 3947
132 4054 0 0 0 4054
133 4059 0 0 0 4059
134 0 2 0 4090 4092
135 4047 0 1 0 4048
136 0 4099 0 0 4099
137 0 4112 0 0 4112
138 4098 0 0 1 4099
139 0 4183 0 0 4183
140 0 2 0 4256 4258
141 2 0 4242 0 4244
142 4254 0 0 0 4254
143 1 4477 0 0 4478
144 4494 0 2 0 4496
145 4581 0 5 0 4586
146 2 4631 0 0 4633
147 4640 0 2 0 4642
148 4602 0 0 2 4604
149 0 4659 0 1 4660
150 4583 1 2 0 4586
151 0 4723 0 0 4723
152 0 4708 0 0 4708
153 0 4730 0 0 4730
154 4708 0 15 0 4723
155 0 4749 0 91 4840
156 6 4838 0 46 4890
157 4885 1 3 0 4889
158 4888 1 0 0 4889
159 4850 1 0 0 4851
160 0 0 0 4876 4876
161 1 4922 0 0 4923
162 0 4 0 4867 4871
163 6 4938 0 4 4948
164 4934 0 1 0 4935
165 0 2 0 4941 4943
166 0 2 0 4918 4920
167 0 2 0 4971 4973
168 1 1 0 5013 5015
169 3 0 4966 2 4971
170 0 4996 1 0 4997
171 5016 1 3 0 5020
172 4967 0 2 0 4969
173 4932 0 2 0 4934
174 0 0 0 4938 4938
175 1 4956 0 0 4957
176 0 0 0 4953 4953
177 0 4623 0 364 4987
178 4999 0 0 0 4999
179 4972 0 0 0 4972
180 4925 0 0 4 4929
181 0 0 4946 0 4946
182 1 0 4843 0 4844
183 4854 0 1 0 4855
184 4910 0 6 0 4916
185 1 4930 0 1 4932
186 4939 0 0 0 4939
187 1 0 4893 0 4894
188 4866 0 1 0 4867
189 4847 1 0 0 4848
190 4808 0 0 0 4808
191 0 4831 0 0 4831
192 0 4816 0 0 4816
193 4836 1 1 0 4838
194 1 0 4805 0 4806
195 1 0 4718 2 4721
196 1 0 4708 1 4710
197 1 0 4999 2 5002
198 10 0 5049 2 5061
199 5133 0 5 0 5138
200 5166 0 1 0 5167
201 5203 0 0 1 5204
202 0 5283 0 0 5283
203 1 0 0 5249 5250
204 5279 0 0 0 5279
205 0 2 0 5280 5282
206 1 0 5300 2 5303
207 1 5330 5 1 5337
208 0 5363 0 0 5363
209 1 5431 0 0 5432
210 5490 0 2 0 5492
211 5491 0 2 0 5493
212 5487 0 0 0 5487
213 3473 2 1954 0 5429
214 3 3 0 5339 5345
215 1 0 5396 1 5398
216 0 5398 0 0 5398
217 1 5583 0 0 5584
218 1 14 1 5532 5548
219 0 5616 0 5 5621
220 5625 0 13 0 5638
221 5628 0 0 0 5628
222 2 5634 0 0 5636
223 0 0 0 5588 5588
224 3 1 5548 1 5553
225 0 5647 1 0 5648
226 5667 0 1 0 5668
227 1 5730 2 1 5734
228 5733 2 1 0 5736
229 3 0 5695 1 5699
230 5657 0 0 0 5657
231 0 2 1 5739 5742
232 2 5806 0 0 5808
233 0 1 0 5870 5871
234 31 1 5804 1 5837
235 1 1 5747 0 5749
236 5787 0 2 2 5791
237 0 0 0 5770 5770
238 1 0 5857 0 5858
239 1 1 0 5716 5718
240 5855 0 0 0 5855
241 2 0 5821 0 5823
242 0 5819 0 0 5819
243 0 5875 0 0 5875
244 0 1 0 5849 5850
245 1 3 2 5912 5918
246 1 2 5929 2 5934
247 6 0 6136 0 6142
248 2 0 6207 1 6210
249 0 6293 0 12 6305
250 6288 0 2 0 6290
251 0 0 6296 2 6298
252 6284 0 2 1 6287
253 0 6416 0 0 6416
254 1 6476 0 2 6479
255 6590 0 4 3 6597
256 6483 0 4 0 6487
257 6491 0 1 0 6492
258 6368 71 0 0 6439
259 1 2 0 6457 6460
260 3 0 6331 1 6335
261 3 6358 0 0 6361
262 6342 1 2 0 6345
263 0 6412 0 2 6414
264 6394 0 0 0 6394
265 0 0 6392 0 6392
266 2 0 6383 0 6385
267 0 0 6344 0 6344
268 6414 0 2 1 6417
269 6440 0 0 0 6440
270 6424 0 0 0 6424
271 6363 0 0 0 6363
272 0 2 0 6335 6337
273 6027 0 0 0 6027
274 1 6344 0 2 6347
275 0 6289 0 1 6290
276 0 6306 0 13 6319
277 0 1 0 6182 6183
278 4 6295 0 1 6300
279 0 0 0 6234 6234
280 3 0 6242 0 6245
281 6 6198 0 4 6208
282 6238 0 2 2 6242
283 6185 2 3 5 6195
284 0 0 6197 0 6197
285 1 1 6061 0 6063
286 0 0 6082 0 6082
287 0 5 0 5690 5695
288 0 0 0 6054 6054
289 0 3 0 6104 6107
290 0 6130 0 2 6132
291 6139 0 2 0 6141
292 6115 0 2 0 6117
293 1 0 0 6072 6073
294 5993 0 0 1 5994
295 0 6018 0 11 6029
296 0 1 1 5914 5916
297 0 6019 0 1 6020
298 0 6018 1 0 6019
299 5977 0 2 0 5979
300 0 0 0 5934 5934
301 0 0 5929 0 5929
302 5894 0 2 1 5897
303 5928 0 0 0 5928
304 0 0 5892 1 5893
305 0 0 0 5780 5780
306 1 5882 0 0 5883
307 5942 0 2 0 5944
308 1 0 5887 0 5888
309 5825 0 1 0 5826
310 4 5829 0 2 5835
311 0 5861 0 1 5862
312 0 0 0 5821 5821
313 0 0 5852 0 5852
314 1 0 0 5830 5831
315 0 6 0 5843 5849
316 5812 0 1 0 5813
317 0 5852 0 0 5852
318 5864 0 0 0 5864
319 0 4 0 5802 5806
320 3 5871 0 0 5874
321 0 4 0 5812 5816
322 8 0 5736 4 5748
323 0 0 5707 1 5708
324 11 0 5723 3 5737
325 0 1 1 5399 5401
326 1 1 5598 0 5600
327 3 5897 3 7 5910
328 0 1 0 5982 5983
329 0 0 0 5996 5996
330 0 5 0 5997 6002
331 1 5994 0 6 6001
332 2 6162 1 0 6165
333 0 1 1 6155 6157
334 6167 0 0 1 6168
335 0 6 0 6160 6166
336 6175 0 0 0 6175
337 6102 0 0 0 6102
338 0 0 0 6128 6128
339 1 0 6127 0 6128
340 1 6131 0 1 6133
341 6082 2 1 0 6085
342 1 6158 2 1 6162
343 1 0 6173 0 6174
344 6058 0 1 2 6061
345 0 5 1 6158 6164
346 6154 0 0 1 6155
347 1 0 6142 0 6143
348 6085 0 0 0 6085
349 6117 0 2 0 6119
350 6 6174 0 1 6181
351 6192 0 0 0 6192
352 6130 0 1 0 6131
353 6106 0 0 0 6106
354 6137 0 1 0 6138
355 6159 0 0 0 6159
356 0 1 0 6029 6030
357 1 0 0 6063 6064
358 6087 0 2 0 6089
359 0 0 5867 0 5867
360 5922 0 0 0 5922
361 5 5949 0 0 5954
362 5978 2 0 0 5980
363 7 0 5868 2 5877
364 1 5834 1 0 5836
365 0 0 0 5825 5825
366 0 0 5824 0 5824
367 1 5707 0 17 5725
368 2 5804 0 1 5807
369 1 0 0 5825 5826
370 5841 0 0 0 5841
371 5708 1 1 0 5710
372 0 4459 0 1328 5787
373 1 5803 0 1 5805
374 0 1 0 5724 5725
375 0 0 1 5693 5694
376 0 5718 0 0 5718
377 2 2 0 5580 5584
378 1 5742 0 0 5743
379 1 5743 0 0 5744
380 2 1 5711 0 5714
381 5575 0 17 0 5592
382 1 0 5683 1 5685
383 0 0 5659 2 5661
384 5673 0 3 0 5676
385 0 1 0 5698 5699
386 5702 0 2 1 5705
387 1 5768 0 141 5910
388 2 0 5918 0 5920
389 5917 0 2 0 5919
390 5904 0 2 0 5906
391 4 5894 0 1 5899
392 5895 0 1 0 5896
393 0 0 0 5822 5822
394 2 0 5817 1 5820
395 0 2 0 5638 5640
396 2 5768 0 19 5789
397 5864 0 7 1 5872
398 0 1 5859 0 5860
399 0 0 5720 2 5722
400 0 1 0 5558 5559
401 0 0 0 5787 5787
402 5825 0 0 0 5825
403 2 0 0 5781 5783
404 0 5808 0 2 5810
405 5841 0 1 0 5842
406 5769 0 0 0 5769
407 0 5795 2 1 5798
408 0 0 0 5756 5756
409 0 5792 6 0 5798
410 5764 0 0 1 5765
411 0 5841 0 2 5843
412 5825 0 1 0 5826
413 5764 0 1 0 5765
414 0 5869 0 2 5871
415 19 0 5842 0 5861
416 2 1 0 5780 5783
417 0 559 0 5379 5938
418 5918 0 0 0 5918
419 7 0 0 5885 5892
420 0 5963 0 0 5963
421 5963 1 0 0 5964
422 5920 0 0 1 5921
423 2 0 0 5912 5914
424 17 0 5893 0 5910
425 0 5873 0 4 5877
426 6021 0 1 2 6024
427 0 0 6005 0 6005
428 6012 0 0 0 6012
429 5984 0 1 0 5985
430 0 0 5973 0 5973
431 5913 0 9 0 5922
432 1 4 0 5912 5917
433 0 0 5859 0 5859
434 4 5832 0 0 5836
435 5775 0 1 1 5777
436 0 5832 0 0 5832
437 0 5844 0 0 5844
438 5873 0 1 2 5876
439 0 0 5856 0 5856
440 0 0 5782 0 5782
441 5767 0 1 2 5770
442 1 0 5826 0 5827
443 2 0 5760 0 5762
444 5775 0 0 0 5775
445 0 5725 0 0 5725
446 0 5754 0 1 5755
447 2 5792 0 1 5795
448 1 1 0 5766 5768
449 5745 0 0 0 5745
450 0 5861 0 2 5863
451 5946 0 2 0 5948
452 5910 0 0 0 5910
453 5918 0 0 0 5918
454 5908 0 0 0 5908
455 0 0 4 5836 5840
456 3 1 1 5854 5859
457 2 0 5823 0 5825
458 2 0 5731 0 5733
459 5769 0 1 0 5770
460 5681 0 1 0 5682
461 1 5802 0 0 5803
462 1 5803 0 0 5804
463 0 0 0 5730 5730
464 1 5775 0 0 5776
465 5825 0 2 0 5827
466 5 0 5750 1 5756
467 0 0 5612 0 5612
468 0 0 5649 1 5650
469 3 0 0 5419 5422
470 0 5656 0 1 5657
471 0 0 0 5660 5660
472 0 1 0 5682 5683
473 1 0 5581 0 5582
474 2 5450 0 3 5455
475 0 5465 0 0 5465
476 1 5368 0 140 5509
477 21 3 0 5468 5492
478 5498 0 1 0 5499
479 5468 0 1 1 5470
480 0 5473 1 0 5474
481 5454 0 0 0 5454
482 3 4 0 5338 5345
483 0 0 0 5335 5335
484 5240 0 0 0 5240
485 0 5348 0 0 5348
486 2 5327 0 0 5329
487 5359 0 2 0 5361
488 5217 0 3 1 5221
489 0 504 0 4667 5171
490 1 0 5180 1 5182
491 4 0 5131 1 5136
492 5155 1 1 0 5157
493 5191 0 0 0 5191
494 5163 1 2 1 5167
495 0 5186 0 2 5188
496 5 0 5102 1 5108
497 1 0 5046 0 5047
498 5076 0 0 0 5076
499 0 1 0 5059 5060
500 0 2 0 5055 5057
501 0 5036 0 0 5036
502 0 0 0 4935 4935
503 1 1 0 4865 4867
504 3 4948 0 1 4952
505 2 0 4833 4 4839
506 2 4830 0 6 4838
507 4918 0 2 1 4921
508 4859 0 0 0 4859
509 3 4894 0 0 4897
510 4904 0 1 0 4905
511 4876 0 0 0 4876
512 0 0 0 4798 4798
513 2 0 4785 0 4787
514 1 0 4703 5 4709
515 1 4724 0 1 4726
516 0 1 0 4673 4674
517 0 1 0 4687 4688
518 1 0 4516 2 4519
519 0 0 4536 1 4537
520 3 0 4557 0 4560
521 0 4568 0 11 4579
522 3 4649 2 0 4654
523 1 0 4556 1 4558
524 0 2 0 4354 4356
525 0 4442 0 2 4444
526 2 4505 0 0 4507
527 16 4646 0 4 4666
528 4633 0 1 0 4634
529 4688 0 0 0 4688
530 4691 0 5 0 4696
531 4705 0 0 0 4705
532 4691 0 0 0 4691
533 4632 1 1 0 4634
534 2 4597 0 9 4608
535 9 0 4471 2 4482
536 4532 0 1 0 4533
537 1 4527 0 0 4528
538 4581 1 3 0 4585
539 4652 0 1 0 4653
540 4685 0 28 0 4713
541 4656 0 2 0 4658
542 4610 0 0 0 4610
543 0 4597 2 1 4600
544 4591 0 3 0 4594
545 4607 0 0 0 4607
546 4534 0 0 0 4534
547 4527 1 5 0 4533
548 1516 2887 0 1 4404
549 4389 0 1 0 4390
550 1 0 4164 0 4165
551 1 4285 2 0 4288
552 4351 0 0 0 4351
553 4363 0 0 0 4363
554 0 4261 0 0 4261
555 4318 1 0 0 4319
556 3 0 4154 0 4157
557 4142 0 0 0 4142
558 0 0 0 4022 4022
559 1 4207 0 0 4208
560 0 4321 0 1 4322
561 4265 0 0 0 4265
562 0 102 0 4148 4250
563 0 0 0 4266 4266
564 4310 0 0 0 4310
565 4262 0 0 0 4262
566 1 4297 0 0 4298
567 4294 0 0 0 4294
568 4301 0 2 0 4303
569 0 2 0 4264 4266
570 4355 0 1 0 4356
571 0 0 4043 0 4043
572 4275 0 1 0 4276
573 4364 0 0 0 4364
574 0 0 4079 0 4079
575 0 1 0 3688 3689
576 4020 0 1 0 4021
577 0 4114 0 0 4114
578 1 4250 0 0 4251
579 4265 0 1 1 4267
580 0 9 0 4153 4162
581 4192 0 0 0 4192
582 1 4152 0 3 4156
583 4198 0 0 0 4198
584 0 1 0 4043 4044
585 0 1 0 4163 4164
586 0 0 0 4237 4237
587 0 0 4162 0 4162
588 0 0 1 3979 3980
589 4140 0 2 0 4142
590 1 4192 0 0 4193
591 4222 0 6 0 4228
592 0 0 4186 0 4186
593 4185 0 0 0 4185
594 4230 0 0 0 4230
595 1 0 4156 0 4157
596 0 0 4173 0 4173
597 4165 0 18 0 4183
598 0 0 4200 1 4201
599 4254 0 1 0 4255
600 4281 0 0 1 4282
601 0 1 4105 1 4107
602 4166 0 1 0 4167
603 6 4184 0 0 4190
604 1 4313 0 0 4314
605 4366 1 2 0 4369
606 4366 0 0 0 4366
607 4370 1 0 0 4371
608 1 4 0 4260 4265
609 0 1 0 4263 4264
610 4152 2 14 0 4168
611 1 4289 0 0 4290
612 1 4341 1 3 4346
613 6 0 4389 0 4395
614 1 1 0 4145 4147
615 0 2 1 4300 4303
616 0 5 1 4508 4514
617 0 4 4523 3 4530
618 0 1 4512 0 4513
619 1 0 4537 0 4538
620 0 0 4486 1 4487
621 44 0 4535 1 4580
622 1 4 2 4421 4428
623 0 3 0 4691 4694
624 0 4711 0 5 4716
625 1 4760 0 1 4762
626 4695 0 0 0 4695
627 0 4863 0 0 4863
628 1 6 0 4810 4817
629 1 4971 0 0 4972
630 1 1 1 5035 5038
631 2 0 4998 0 5000
632 4978 0 2 0 4980
633 2 5070 0 0 5072
634 5127 0 1 1 5129
635 5046 0 123 0 5169
636 0 5235 0 1 5236
637 2535 1 2585 0 5121
638 5147 0 3 0 5150
639 4 0 5014 0 5018
640 3922 0 1139 0 5061
641 5 4016 1 1155 5177
642 7 5242 0 0 5249
643 6 5335 0 0 5341
644 5430 0 0 0 5430
645 5400 1 1 0 5402
646 5400 0 1 1 5402
647 3 7 1 5220 5231
648 2 0 5312 0 5314
649 18 0 5215 0 5233
650 1 5404 0 0 5405
651 5446 0 5 0 5451
652 5521 0 0 1 5522
653 4456 0 963 0 5419
654 159 0 5108 5 5272
655 1 5347 0 1 5349
656 0 2 0 5327 5329
657 1 5414 0 0 5415
658 0 0 1 5423 5424
659 5422 0 1 0 5423
660 1 0 0 5395 5396
661 0 0 5423 0 5423
662 0 0 5398 0 5398
663 4 0 5431 0 5435
664 0 0 5475 0 5475
665 5409 0 2 0 5411
666 1 5493 3 1 5498
667 0 1 0 5493 5494
668 0 5558 0 4 5562
669 5545 0 4 0 5549
670 5565 0 0 0 5565
671 5550 0 1 0 5551
672 0 0 5357 0 5357
673 0 5410 0 0 5410
674 0 5486 0 1 5487
675 0 5482 0 1 5483
676 0 5581 0 0 5581
677 5537 0 1 1 5539
678 48 0 5412 0 5460
679 5482 0 1 0 5483
680 5495 0 1 0 5496
681 5 0 5484 0 5489
682 0 0 1 5409 5410
683 0 1 1 5499 5501
684 1 5481 0 1 5483
685 5403 0 1 0 5404
686 0 5500 0 0 5500
687 0 5484 0 0 5484
688 0 3 0 5419 5422
689 2 5471 0 0 5473
690 5462 0 1 0 5463
691 1 0 1 5438 5440
692 1 5515 0 0 5516
693 0 2 0 5489 5491
694 1798 0 3588 0 5386
695 0 5437 0 1 5438
696 3 5466 0 0 5469
697 5392 0 100 0 5492
698 5452 1 0 0 5453
699 0 5465 0 24 5489
700 3 0 5400 1 5404
701 3 0 5276 0 5279
702 5326 0 2 0 5328
703 0 0 5336 0 5336
704 2 0 0 5275 5277
705 0 0 5310 0 5310
706 5312 0 1 2 5315
707 0 5362 1 1 5364
708 1 5390 0 0 5391
709 5353 0 7 0 5360
710 0 5423 0 0 5423
711 5322 1 1 0 5324
712 1 5449 1 0 5451
713 5397 0 0 0 5397
714 0 1 0 5343 5344
715 0 0 0 5347 5347
716 5310 2 1 0 5313
717 0 5431 0 1 5432
718 2 0 5372 0 5374
719 0 1 0 5175 5176
720 0 0 0 5248 5248
721 2 0 0 5303 5305
722 0 5357 0 1 5358
723 5320 1 0 0 5321
724 1 5372 0 1 5374
725 5335 1 5 0 5341
726 2 0 5340 1 5343
727 5234 1 0 0 5235
728 0 1 1 5241 5243
729 0 0 0 5283 5283
730 2 0 5235 0 5237
731 5 0 5153 4 5162
732 0 3 4 4935 4942
733 2 1 5113 0 5116
734 1 0 5061 0 5062
735 0 4993 0 109 5102
736 0 5 0 5128 5133
737 0 0 0 5154 5154
738 0 5160 0 109 5269
739 2 5282 0 4 5288
740 0 5340 0 0 5340
741 5388 2 1 0 5391
742 5370 0 9 1 5380
743 5343 0 0 0 5343
744 0 0 0 5384 5384
745 0 5433 0 0 5433
746 5478 0 0 0 5478
747 5407 0 1 0 5408
748 5344 0 0 0 5344
749 2 5394 0 0 5396
750 5381 0 2 3 5386
751 5 0 5324 0 5329
752 5306 0 1 0 5307
753 5311 13 3 1 5328
754 10 0 5273 0 5283
755 5241 0 0 0 5241
756 0 5456 5 0 5461
757 2 0 5490 3 5495
758 4 0 5436 0 5440
759 5409 0 16 1 5426
760 0 0 5496 0 5496
761 3 0 5436 2 5441
762 5442 2 0 0 5444
763 0 5524 0 1 5525
764 0 3 0 5588 5591
765 5493 0 3 0 5496
766 0 5552 0 0 5552
767 0 5564 0 4 5568
768 5423 0 147 0 5570
769 0 5694 0 0 5694
770 5705 0 0 0 5705
771 5702 0 0 0 5702
772 5626 0 3 0 5629
773 0 0 5681 0 5681
774 0 0 0 5187 5187
775 1 0 5544 4 5549
776 0 0 5747 0 5747
777 3 2 2 5541 5548
778 5773 0 5 0 5778
779 1 0 5784 0 5785
780 5792 1 0 1 5794
781 5816 0 2 0 5818
782 1 0 0 5910 5911
783 0 0 0 5915 5915
784 0 0 5896 0 5896
785 2 0 0 5763 5765
786 0 3 0 5928 5931
787 3 0 5905 0 5908
788 0 0 0 5830 5830
789 0 0 0 5914 5914
790 0 0 5874 0 5874
791 5840 0 1 2 5843
792 0 1 0 5871 5872
793 0 0 0 5900 5900
794 5899 0 5 2 5906
795 0 5859 0 0 5859
796 5855 0 0 0 5855
797 0 1 5 5863 5869
798 2 0 5801 20 5823
799 0 1 5759 0 5760
800 0 1 0 5445 5446
801 4 0 5687 0 5691
802 1 6170 0 3 6174
803 6321 1 21 0 6343
804 6463 0 0 0 6463
805 6484 0 0 0 6484
806 6479 0 1 0 6480
807 6579 0 0 0 6579
808 0 0 0 6584 6584
809 0 6656 0 1 6657
810 0 3 1 6682 6686
811 1 1 6712 1 6715
812 8 0 6683 0 6691
813 6679 0 25 0 6704
814 6833 1 2 0 6836
815 6866 0 1 1 6868
816 6850 0 0 0 6850
817 6802 0 0 0 6802
818 4 6840 0 0 6844
819 6794 0 2 1 6797
820 0 0 6782 0 6782
821 1 1 6691 0 6693
822 6694 0 0 0 6694
823 6736 1 0 0 6737
824 1 6766 0 0 6767
825 6894 0 7 0 6901
826 6847 0 0 0 6847
827 10 2 0 6853 6865
828 0 1 0 6880 6881
829 6753 0 0 8 6761
830 0 6767 1 0 6768
831 0 6796 0 0 6796
832 0 0 1 6782 6783
833 6805 0 0 0 6805
834 0 0 1 6736 6737
835 1 6796 0 3 6800
836 6857 0 1 0 6858
837 6820 0 2 0 6822
838 6770 2 2 0 6774
839 1 0 6749 0 6750
840 6701 0 1 0 6702
841 0 0 6787 0 6787
842 0 0 6766 0 6766
843 1 7 5 5941 5954
844 6621 0 1 0 6622
845 6 0 0 6843 6849
846 0 1 0 6812 6813
847 2 2 0 6863 6867
848 0 1 0 6931 6932
849 6934 0 3 0 6937
850 1 1 0 6881 6883
851 2 4 0 6867 6873
852 5 0 6831 0 6836
853 0 6729 0 3 6732
854 1 6783 2 1 6787
855 0 0 0 6844 6844
856 0 6888 0 1 6889
857 6946 1 10 0 6957
858 6903 0 2 0 6905
859 6914 0 0 0 6914
860 6885 1 0 1 6887
861 0 0 6896 0 6896
862 9 0 6845 0 6854
863 2 0 0 6063 6065
864 5 0 6704 0 6709
865 3 0 2 6555 6560
866 4 0 6765 0 6769
867 5 0 6768 1 6774
868 0 1 3 6503 6507
869 1 0 6715 0 6716
870 3 6823 0 13 6839
871 3 0 6972 0 6975
872 1 7011 0 4 7016
873 7146 0 1 0 7147
874 7076 0 1 2 7079
875 2 0 7047 0 7049
876 1 2 1 6939 6943
877 1 1 7145 0 7147
878 2 0 7278 0 7280
879 1 7416 0 5 7422
880 7531 0 0 2 7533
881 7 0 7621 0 7628
882 5 0 7577 0 7582
883 7499 0 0 0 7499
884 0 0 7749 0 7749
885 0 1 1 7342 7344
886 7790 0 0 0 7790
887 7836 0 0 0 7836
888 0 0 7895 0 7895
889 48 0 7869 0 7917
890 0 2 1 7687 7690
891 7989 0 0 0 7989
892 8059 0 0 1 8060
893 1 0 0 8187 8188
894 8254 0 1 3 8258
895 8327 0 1 0 8328
896 8381 0 0 0 8381
897 8395 3 0 4 8402
898 0 0 8340 1 8341
899 0 0 8260 0 8260
900 8319 0 2 1 8322
901 1 8 0 8274 8283
902 1 8295 0 0 8296
903 3 8534 0 0 8537
904 0 5 0 8544 8549
905 1 0 0 8555 8556
906 0 0 8519 14 8533
907 2 8397 0 1 8400
908 0 8572 0 4 8576
909 1 1 0 8604 8606
910 0 2 0 8652 8654
911 0 0 1 8679 8680
912 8685 1 2 2 8690
913 8648 0 0 2 8650
914 0 0 0 8647 8647
915 0 2 1 8660 8663
916 1 1 8680 1 8683
917 0 0 8619 0 8619
918 8503 0 2 0 8505
919 0 0 8618 0 8618
920 8598 0 4 1 8603
921 8609 0 1 5 8615
922 3 0 8562 0 8565
923 1 8604 0 0 8605
924 8657 0 2 0 8659
925 0 0 8703 1 8704
926 8659 0 0 0 8659
927 1 2 0 8666 8669
928 1 2 0 8713 8716
929 5 0 8639 0 8644
930 3 8569 0 1 8573
931 2 8625 6 1 8634
932 0 0 0 8578 8578
933 1 8630 1 10 8642
934 0 8680 0 2 8682
935 8700 0 5 1 8706
936 2 0 0 8765 8767
937 8 0 8807 0 8815
938 8770 0 2 0 8772
939 8797 0 0 0 8797
940 8812 1 2 0 8815
941 8782 0 3 0 8785
942 8747 0 2 0 8749
943 4 3 0 8726 8733
944 8656 0 3 4 8663
945 13 8734 2 3 8752
946 1 2 8733 3 8739
947 0 4 8638 0 8642
948 0 0 0 8292 8292
949 1 0 8557 0 8558
950 0 0 8606 0 8606
951 8556 0 0 0 8556
952 0 0 2 8744 8746
953 0 1 0 8805 8806
954 8815 0 0 2 8817
955 8853 0 2 1 8856
956 8876 0 0 1 8877
957 1 9673 0 0 9674
958 9889 1 1 0 9891
959 9948 0 3 0 9951
960 10014 1 0 0 10015
961 10067 0 5 1 10073
962 9 0 10320 0 10329
963 1 10417 0 0 10418
964 10726 0 1 0 10727
965 10726 0 6 2 10734
966 0 0 10606 1 10607
967 0 10528 0 2 10530
968 0 10680 0 0 10680
969 4 0 0 10737 10741
970 0 1 1 10815 10817
971 10764 2 1 1 10768
972 2 10754 0 0 10756
973 0 2 1 10745 10748
974 10721 0 0 1 10722
975 5 10771 0 1 10777
976 10720 0 0 0 10720
977 1 10744 5 4 10754
978 10703 2 7 12 10724
979 5 2 10860 3 10870
980 0 0 10787 2 10789
981 3 0 11336 1 11340
982 5 0 11401 1 11407
983 11482 0 26 0 11508
984 11614 0 1 0 11615
985 0 11601 0 5 11606
986 11669 7 3 0 11679
987 4 1 1 11585 11591
988 13 0 11578 2 11593
989 1 11621 0 4 11626
990 11755 0 2 0 11757
991 11796 0 1 1 11798
992 11684 0 0 0 11684
993 18 0 11550 4 11572
994 1307 0 10179 4 11490
995 1 11537 0 0 11538
996 1 11619 0 0 11620
997 11688 5 1 3 11697
998 0 4 0 11764 11768
999 11841 0 16 0 11857
1000 10 0 11949 0 11959
1001 8 0 11906 0 11914
1002 11915 0 8 2 11925
1003 12102 0 4 0 12106
1004 12083 0 1 0 12084
1005 0 4 2 11994 12000
1006 6 9 1 11954 11970
1007 2 0 11754 1 11757
1008 3 11600 0 5 11608
1009 0 11598 0 4 11602
1010 1 11821 0 2 11824
1011 12001 0 4 1 12006
1012 12028 0 0 6 12034
1013 0 0 0 11889 11889
1014 12005 0 1 0 12006
1015 2 0 0 11829 11831
1016 1 0 11743 1 11745
1017 0 0 11706 1 11707
1018 1 1 11826 0 11828
1019 1 3 1 11089 11094
1020 3 0 11688 2 11693
1021 11994 0 5 1 12000
1022 12069 3 5 0 12077
1023 12028 2 0 1 12031
1024 11785 4 0 0 11789
1025 1 11920 0 0 11921
1026 11428 1 3 0 11432
1027 9 11916 0 3 11928
1028 1 11905 0 1 11907
1029 3 11954 0 0 11957
1030 0 0 0 12013 12013
1031 1 1 0 12033 12035
1032 3 0 11966 0 11969
1033 11964 0 2 3 11969
1034 12027 0 4 2 12033
1035 0 0 11971 2 11973
1036 6 11940 0 2 11948
1037 0 0 0 12070 12070
1038 4 0 12162 0 12166
1039 7 0 12072 0 12079
1040 0 11959 0 10 11969
1041 0 12028 2 0 12030
1042 12153 0 3 0 12156
1043 12219 0 5 3 12227
1044 1 6 0 12332 12339
1045 3 0 12313 0 12316
1046 1 0 12234 3 12238
1047 12005 0 4 0 12009
1048 12253 0 3 0 12256
1049 0 12237 1 0 12238
1050 2 12594 0 3 12599
1051 12705 0 6 0 12711
1052 12664 1 4 0 12669
1053 12672 0 0 1 12673
1054 1 1 1 12682 12685
1055 12774 0 4 0 12778
1056 5 1 0 12730 12736
1057 12789 0 5 0 12794
1058 0 0 12576 0 12576
1059 12205 0 0 1 12206
1060 3 12620 1 4 12628
1061 2 12614 0 0 12616
1062 0 5 3 12345 12353
1063 0 12593 3 1 12597
1064 1 12713 1 1 12716
1065 0 4 1 12643 12648
1066 1 0 12644 10 12655
1067 0 12661 1 6 12668
1068 12800 0 1 1 12802
1069 12663 1 1 2 12667
1070 12597 0 0 0 12597
1071 12522 0 2 0 12524
1072 0 12807 0 1 12808
1073 3 4 0 12767 12774
1074 12762 0 2 0 12764
1075 2 3 0 12720 12725
1076 2 1 1 12877 12881
1077 12900 0 13 0 12913
1078 12860 0 1 0 12861
1079 12782 0 2 1 12785
1080 0 0 12853 0 12853
1081 1 0 12813 0 12814
1082 12614 0 3 1 12618
1083 12757 2 1 0 12760
1084 12747 9 0 8 12764
1085 17 13 12903 0 12933
1086 1 0 12785 0 12786
1087 2 0 12755 5 12762
1088 3 4 13185 5 13197
1089 0 0 0 12502 12502
1090 1 0 0 12944 12945
1091 0 0 0 13362 13362
1092 2 13326 1 0 13329
1093 0 4 0 13384 13388
1094 1 0 0 13446 13447
1095 1 13550 0 2 13553
1096 8 1 13550 5 13564
1097 4 0 13418 1 13423
1098 13182 0 4 0 13186
1099 1 1 13353 0 13355
1100 2 13402 0 0 13404
1101 4 1 0 13621 13626
1102 13542 0 1 0 13543
1103 0 0 0 13686 13686
1104 2 5 0 13740 13747
1105 2 0 13615 0 13617
1106 0 13661 1 2 13664
1107 2 13 0 13900 13915
1108 6 0 13880 1 13887
1109 1 1 13978 0 13980
1110 6 1 0 13346 13353
1111 0 3 0 13829 13832
1112 0 3 0 14021 14024
1113 3 13995 0 1 13999
1114 8 1 0 14114 14123
1115 0 2 0 14200 14202
1116 13900 0 10 1 13911
1117 0 0 13940 0 13940
1118 13477 0 5 0 13482
1119 842 0 13050 3 13895
1120 0 0 13876 0 13876
1121 1 0 13877 6 13884
1122 13566 0 3 0 13569
1123 0 0 13934 0 13934
1124 0 0 13850 1 13851
1125 13472 0 2 1 13475
1126 0 1 0 13723 13724
1127 2 0 13858 1 13861
1128 4 0 13812 0 13816
1129 5 0 13770 0 13775
1130 13528 0 2 5 13535
1131 13612 0 1 0 13613
1132 1 0 13674 0 13675
1133 2 0 13630 1 13633
1134 13402 1 1 2 13406
1135 13584 1 0 0 13585
1136 0 1 0 13644 13645
1137 3 0 13562 1 13566
1138 13548 1 1 0 13550
1139 0 0 0 13421 13421
1140 0 12 2 13493 13507
1141 10 0 13504 2 13516
1142 0 13536 0 13 13549
1143 13468 1 7 0 13476
1144 2 0 13533 5 13540
1145 1 0 13479 1 13481
1146 2 2 1 13168 13173
1147 0 1 0 13558 13559
1148 2 0 13547 0 13549
1149 2 0 13292 1 13295
1150 0 13719 0 7 13726
1151 13778 4 1 2 13785
1152 6 14027 0 7 14040
1153 12 0 13996 1 14009
1154 4 0 13878 0 13882
1155 13829 0 1 0 13830
1156 0 0 0 13945 13945
1157 13939 0 1 2 13942
1158 4 13708 0 296 14008
1159 13949 0 1 1 13951
1160 6 13987 0 2 13995
1161 13952 0 0 0 13952
1162 0 1 0 13699 13700
1163 0 13781 0 4 13785
1164 1 13663 0 3 13667
1165 0 13762 0 1 13763
1166 13670 0 1 0 13671
1167 0 0 4 13715 13719
1168 5 0 13626 3 13634
1169 4 0 13446 1 13451
1170 1 1 13409 0 13411
1171 5 0 13415 0 13420
1172 3 13561 1 2 13567
1173 13446 0 2 0 13448
1174 5 13540 0 1 13546
1175 13517 0 2 0 13519
1176 0 0 0 13421 13421
1177 1 0 13517 0 13518
1178 3 0 13340 2 13345
1179 13075 2 6 0 13083
1180 2 0 13266 0 13268
1181 1 0 0 12863 12864
1182 13052 2 0 1 13055
1183 2 0 13009 2 13013
1184 0 12911 3 7 12921
1185 12 0 12906 1 12919
1186 2 1 12740 0 12743
1187 0 2 3 11017 11022
1188 2 0 11647 0 11649
1189 4 2 12239 0 12245
1190 1 11603 1 1 11606
1191 11943 2 0 3 11948
1192 4 0 12031 1 12036
1193 8 11840 0 0 11848
1194 1 3 0 11756 11760
1195 1 0 11867 0 11868
1196 11422 0 1 1 11424
1197 0 11304 0 286 11590
1198 2 12169 0 0 12171
1199 0 0 0 12046 12046
1200 1 5 0 12344 12350
1201 12214 0 2 0 12216
1202 12393 1 2 0 12396
1203 1 0 11821 1 11823
1204 11787 1 1 0 11789
1205 4 2 11710 2 11718
1206 3 11596 0 3 11602
1207 11201 0 4 1 11206
1208 0 11699 2 2 11703
1209 1 1 0 11410 11412
1210 0 11658 0 2 11660
1211 11642 0 0 0 11642
1212 11776 0 0 0 11776
1213 1 1 11590 0 11592
1214 11203 0 6 0 11209
1215 0 0 11167 0 11167
1216 4 0 11183 0 11187
1217 0 10997 0 2 10999
1218 8 11329 0 1 11338
1219 11218 0 3 1 11222
1220 0 2 0 11090 11092
1221 11198 1 0 0 11199
1222 11275 0 2 0 11277
1223 11209 1 0 1 11211
1224 15 10872 0 6 10893
1225 10882 0 1 0 10883
1226 10970 0 0 0 10970
1227 4 0 10736 0 10740
1228 10532 2 2 2 10538
1229 5 1 0 10522 10528
1230 10728 0 0 0 10728
1231 10767 0 0 0 10767
1232 1 10593 0 0 10594
1233 10809 2 1 0 10812
1234 10965 0 2 0 10967
1235 10937 1 2 0 10940
1236 10913 0 0 0 10913
1237 10891 0 0 0 10891
1238 10856 0 0 3 10859
1239 4 1 2 10267 10274
1240 0 10454 0 0 10454
1241 0 3 0 10156 10159
1242 6 10402 0 1 10409
1243 10398 0 0 0 10398
1244 10242 0 0 0 10242
1245 5 10102 0 45 10152
1246 1 0 0 9722 9723
1247 0 10128 0 0 10128
1248 1 2 12 9823 9838
1249 0 2 0 9972 9974
1250 0 3 0 10170 10173
1251 2 2 9885 1 9890
1252 9811 0 2 0 9813
1253 2 0 9896 0 9898
1254 1 2 1 9539 9543
1255 0 0 9747 0 9747
1256 9680 0 1 0 9681
1257 1 0 9657 0 9658
1258 0 9666 0 0 9666
1259 1 4 0 9558 9563
1260 4 0 9602 0 9606
1261 0 0 9669 1 9670
1262 9362 0 4 0 9366
1263 9532 0 0 0 9532
1264 9 0 9431 1 9441
1265 2 1 0 8921 8924
1266 9389 0 10 4 9403
1267 9517 0 0 1 9518
1268 9557 0 35 0 9592
1269 0 0 9093 1 9094
1270 9228 0 1 0 9229
1271 9271 2 1 0 9274
1272 0 0 0 8909 8909
1273 1 8930 0 0 8931
1274 1 0 0 8926 8927
1275 0 0 1 8993 8994
1276 0 8989 0 1 8990
1277 9027 0 0 0 9027
1278 9003 1 5 3 9012
1279 8968 0 2 0 8970
1280 0 0 8539 0 8539
1281 8694 0 0 1 8695
1282 0 8638 0 0 8638
1283 0 1 0 8600 8601
1284 8702 0 0 0 8702
1285 8728 2 0 2 8732
1286 9 0 8102 1 8112
1287 2 8273 0 8 8283
1288 13 0 8233 2 8248
1289 3 0 8305 0 8308
1290 8 0 0 7781 7789
1291 3 0 7852 0 7855
1292 1 7963 0 3 7967
1293 5 8229 0 2 8236
1294 8208 0 6 0 8214
1295 0 1 0 8204 8205
1296 1 0 8190 0 8191
1297 35 0 8184 2 8221
1298 8063 0 3 1 8067
1299 0 2 0 8056 8058
1300 0 0 8000 0 8000
1301 7983 0 2 0 7985
1302 8058 0 1 0 8059
1303 4 7981 0 0 7985
1304 0 0 2 7880 7882
1305 1 7837 0 2 7840
1306 2 7948 1 3 7954
1307 7981 0 0 0 7981
1308 2 7958 0 3 7963
1309 7978 0 0 0 7978
1310 7990 0 4 1 7995
1311 2 7913 0 16 7931
1312 0 0 7893 0 7893
1313 7946 0 5 0 7951
1314 8055 0 1 1 8057
1315 8077 0 0 0 8077
1316 1 1 0 7837 7839
1317 7847 0 1 0 7848
1318 0 7836 0 0 7836
1319 0 0 0 7893 7893
1320 7953 0 0 0 7953
1321 0 0 7616 0 7616
1322 7727 0 1 0 7728
1323 7802 0 0 0 7802
1324 4 7709 0 0 7713
1325 0 2 0 7662 7664
1326 7837 0 3 3 7843
1327 5 0 7616 0 7621
1328 7732 1 0 1 7734
1329 2 1 1 7622 7626
1330 0 0 7705 0 7705
1331 7499 0 50 1 7550
1332 1 0 7612 3 7616
1333 7601 0 3 0 7604
1334 7663 0 0 0 7663
1335 6874 0 750 0 7624
1336 0 0 7584 0 7584
1337 0 4 1 6859 6864
1338 1 0 7465 0 7466
1339 1 0 7577 0 7578
1340 7537 0 3 0 7540
1341 0 2 0 7466 7468
1342 0 0 7568 0 7568
1343 7513 0 2 0 7515
1344 0 1 0 7458 7459
1345 3 7598 0 0 7601
1346 1 1 0 7552 7554
1347 1 7595 0 2 7598
1348 7606 1 1 0 7608
1349 2 0 7526 0 7528
1350 7450 0 0 0 7450
1351 0 1 7446 0 7447
1352 2 7521 0 0 7523
1353 0 0 0 7621 7621
1354 1 0 7644 0 7645
1355 7591 0 0 0 7591
1356 1 1 0 7444 7446
1357 7513 0 3 0 7516
1358 1 7615 0 1 7617
1359 7721 0 1 0 7722
1360 7720 1 0 1 7722
1361 1 3 1 7637 7642
1362 7779 0 0 1 7780
1363 7730 1 3 0 7734
1364 0 0 7451 3 7454
1365 1 7456 0 0 7457
1366 0 3 0 7315 7318
1367 1 7462 0 0 7463
1368 7476 0 1 0 7477
1369 9 7422 0 1 7432
1370 7549 0 2 0 7551
1371 7571 0 0 0 7571
1372 7562 1 0 0 7563
1373 0 1 2 7362 7365
1374 7522 0 1 0 7523
1375 1 0 7328 0 7329
1376 7377 1 0 0 7378
1377 7239 0 0 3 7242
1378 1 7206 0 0 7207
1379 0 0 1 6947 6948
1380 3 7231 0 12 7246
1381 2 0 7216 0 7218
1382 1 7199 0 1 7201
1383 7087 0 1 0 7088
1384 0 1 7123 0 7124
1385 0 4 0 6815 6819
1386 0 6916 0 1 6917
1387 0 7098 0 1 7099
1388 4 0 6 7066 7076
1389 8 0 7011 0 7019
1390 0 6962 0 3 6965
1391 0 6 0 6958 6964
1392 2 2 0 7014 7018
1393 0 1 0 6965 6966
1394 0 6937 0 12 6949
1395 0 6982 0 0 6982
1396 6914 1 5 0 6920
1397 6906 0 1 0 6907
1398 1 4 0 6870 6875
1399 4 2 6820 1 6827
1400 6696 0 0 0 6696
1401 6767 0 1 0 6768
1402 1 0 6749 0 6750
1403 1 0 6664 0 6665
1404 6681 0 3 0 6684
1405 6715 0 2 1 6718
1406 0 0 1 6666 6667
1407 6704 0 1 0 6705
1408 6676 1 1 0 6678
1409 1 3 0 6676 6680
1410 6678 0 0 0 6678
1411 6630 0 0 0 6630
1412 6533 1 0 0 6534
1413 1 6524 0 3 6528
1414 6382 0 0 0 6382
1415 5 0 6379 0 6384
1416 0 9 1 6125 6135
1417 0 0 6267 0 6267
1418 6313 0 0 0 6313
1419 6331 0 0 0 6331
1420 0 0 6241 0 6241
1421 6139 1 0 0 6140
1422 0 8 0 6142 6150
1423 2 0 6091 0 6093
1424 6071 0 1 0 6072
1425 5979 0 1 0 5980
1426 1 6028 0 2 6031
1427 5972 0 0 1 5973
1428 0 1 0 5875 5876
1429 0 5913 0 0 5913
1430 0 0 0 5804 5804
1431 0 5888 0 0 5888
1432 4 3 0 5791 5798
1433 0 5 0 5864 5869
1434 11 0 5778 2 5791
1435 0 0 5661 0 5661
1436 3 5646 0 2 5651
1437 16 0 5618 0 5634
1438 1 5630 0 1 5632
1439 0 6 3 5688 5697
1440 0 4 0 5718 5722
1441 1 0 5663 0 5664
1442 5619 0 0 0 5619
1443 5612 0 1 0 5613
1444 4 5607 2 1 5614
1445 1 0 5615 0 5616
1446 5545 0 2 0 5547
1447 5550 3 1 0 5554
1448 5545 0 0 0 5545
1449 2 0 5420 0 5422
1450 2 5348 0 0 5350
1451 0 0 0 5384 5384
1452 3 0 5383 2 5388
1453 5355 0 0 0 5355
1454 5358 1 1 2 5362
1455 0 0 5308 0 5308
1456 5282 0 1 1 5284
1457 5268 0 2 0 5270
1458 5226 0 0 0 5226
1459 5198 9 0 2 5209
1460 3 1 0 5097 5101
1461 2 0 4873 0 4875
1462 0 4892 0 2 4894
1463 0 3 0 4927 4930
1464 2 0 4841 0 4843
1465 0 1 4810 0 4811
1466 2 0 4783 0 4785
1467 2 4721 0 27 4750
1468 0 4730 0 0 4730
1469 0 4766 0 3 4769
1470 3 4816 0 0 4819
1471 0 3 1 4815 4819
1472 0 4918 1 0 4919
1473 1 4 0 4916 4921
1474 0 0 4883 1 4884
1475 1 4880 0 2 4883
1476 0 0 1 4946 4947
1477 0 0 4972 0 4972
1478 0 2 0 4912 4914
1479 4885 0 0 0 4885
1480 0 0 4946 0 4946
1481 4809 0 1 0 4810
1482 0 0 4928 0 4928
1483 4821 1 0 2 4824
1484 0 12 1 4912 4925
1485 4922 0 1 0 4923
1486 1 0 4949 0 4950
1487 0 0 4956 0 4956
1488 2 0 4925 0 4927
1489 4937 0 2 0 4939
1490 4956 0 0 0 4956
1491 0 1 0 4945 4946
1492 0 0 4952 0 4952
1493 1 0 4900 1 4902
1494 4876 0 1 1 4878
1495 0 2 0 4883 4885
1496 2 0 4832 1 4835
1497 1 4856 0 2 4859
1498 0 1 0 4956 4957
1499 0 1 0 5026 5027
1500 0 0 1 5023 5024
1501 1 0 4973 0 4974
1502 5005 0 0 0 5005
1503 4960 0 0 0 4960
1504 4874 0 1 0 4875
1505 1 4937 0 0 4938
1506 3 4929 0 0 4932
1507 4974 0 0 1 4975
1508 4929 0 0 0 4929
1509 4851 0 1 0 4852
1510 0 4924 0 1 4925
1511 4831 0 1 3 4835
1512 0 4924 0 0 4924
1513 4912 0 0 0 4912
1514 4884 1 0 0 4885
1515 1 0 4848 0 4849
1516 0 1 1 4712 4714
1517 0 0 4778 0 4778
1518 0 4804 0 3 4807
1519 4853 0 2 0 4855
1520 4768 0 0 0 4768
1521 0 4806 0 0 4806
1522 1 4767 0 3 4771
1523 4770 0 0 0 4770
1524 0 0 4709 0 4709
1525 4605 0 0 0 4605
1526 0 4686 0 0 4686
1527 0 4661 0 0 4661
1528 0 2 1 4657 4660
1529 0 0 4654 0 4654
1530 0 1 0 4584 4585
1531 0 4611 0 0 4611
1532 0 1 0 4655 4656
1533 4567 1 0 0 4568
1534 108 0 4450 0 4558
1535 4498 0 0 0 4498
1536 0 4566 0 0 4566
1537 4552 0 1 0 4553
1538 2 0 4549 0 4551
1539 4527 0 0 0 4527
1540 4494 0 0 1 4495
1541 0 1 0 4511 4512
1542 4464 1 4 3 4472
1543 0 0 4414 1 4415
1544 1 4383 0 3 4387
1545 0 3 0 4391 4394
1546 1 0 4352 0 4353
1547 0 4334 0 0 4334
1548 0 0 0 4403 4403
1549 2 0 4356 2 4360
1550 1 0 4350 0 4351
1551 0 1 0 4209 4210
1552 4163 0 4 1 4168
1553 0 4296 0 0 4296
1554 1 4537 0 0 4538
1555 2 0 0 4528 4530
1556 1 0 1 4532 4534
1557 3 2 0 4538 4543
1558 0 0 4462 0 4462
1559 4434 0 0 0 4434
1560 0 0 0 4425 4425
1561 2 0 4381 0 4383
1562 0 4369 0 1 4370
1563 4409 0 1 3 4413
1564 2 0 4430 0 4432
1565 2 0 4355 0 4357
1566 4362 0 1 0 4363
1567 1 0 4359 0 4360
1568 4348 0 0 3 4351
1569 4338 0 0 1 4339
1570 0 1 0 4374 4375
1571 0 1 0 4391 4392
1572 0 0 0 4392 4392
1573 1 0 0 4285 4286
1574 1 4194 0 2 4197
1575 0 1 0 3938 3939
1576 0 3878 0 1 3879
1577 0 1 0 3857 3858
1578 1 3821 0 1 3823
1579 0 3797 0 0 3797
1580 0 3769 5 9 3783
1581 1 3759 4 0 3764
1582 3592 0 11 7 3610
1583 3 3753 0 1 3757
1584 1 3844 0 6 3851
1585 0 3 0 3841 3844
1586 0 1 0 3874 3875
1587 0 0 0 3900 3900
1588 52 0 3778 2 3832
1589 3769 0 0 0 3769
1590 0 0 0 3814 3814
1591 0 0 0 3771 3771
1592 1 3776 0 4 3781
1593 3723 0 0 2 3725
1594 0 3822 0 0 3822
1595 0 0 0 3800 3800
1596 0 0 3754 0 3754
1597 3703 0 0 0 3703
1598 3718 1 0 0 3719
1599 0 3 0 3783 3786
1600 3757 0 3 0 3760
1601 0 0 0 3748 3748
1602 0 0 2 3752 3754
1603 3665 0 1 1 3667
1604 0 3749 0 0 3749
1605 0 2 0 3671 3673
1606 0 0 3639 0 3639
1607 0 3643 0 0 3643
1608 1 0 0 3704 3705
1609 0 0 3675 0 3675
1610 0 3677 5 0 3682
1611 3670 4 6 0 3680
1612 1 0 0 3817 3818
1613 0 3798 0 5 3803
1614 0 1 0 3824 3825
1615 0 1 1 3825 3827
1616 0 0 0 3847 3847
1617 3823 0 0 0 3823
1618 3772 0 0 0 3772
1619 3731 0 1 0 3732
1620 0 1 0 3771 3772
1621 4 0 3695 0 3699
1622 2370 0 1275 0 3645
1623 0 3731 0 0 3731
1624 36 0 3738 0 3774
1625 3702 0 0 1 3703
1626 0 1 0 3730 3731
1627 0 0 3739 1 3740
1628 1 0 3724 0 3725
1629 3704 0 0 0 3704
1630 0 2 0 3780 3782
1631 1 1 0 3835 3837
1632 1 0 3825 1 3827
1633 4 0 3808 0 3812
1634 3803 0 0 0 3803
1635 0 4 0 3829 3833
1636 3822 0 0 0 3822
1637 3803 0 0 0 3803
1638 0 0 0 3797 3797
1639 2 3793 0 0 3795
1640 3792 0 2 0 3794
1641 0 0 0 3728 3728
1642 3671 0 5 0 3676
1643 0 3745 0 0 3745
1644 0 0 0 3750 3750
1645 3738 0 1 0 3739
1646 1 0 0 3731 3732
1647 3660 0 5 0 3665
1648 0 3762 0 2 3764
1649 0 1 0 3769 3770
1650 0 0 3732 1 3733
1651 1 3785 0 0 3786
1652 0 0 0 3816 3816
1653 1 0 0 3829 3830
1654 0 1 0 3852 3853
1655 3788 0 0 0 3788
1656 0 3821 0 0 3821
1657 0 0 0 3843 3843
1658 3729 0 0 0 3729
1659 0 3848 0 0 3848
1660 0 2 0 3807 3809
1661 0 3846 0 1 3847
1662 3825 0 3 0 3828
1663 3771 0 0 0 3771
1664 0 3853 0 0 3853
1665 1 1 0 3845 3847
1666 2 0 3806 0 3808
1667 0 3823 0 0 3823
1668 1 1 0 3836 3838
1669 0 0 3802 0 3802
1670 2 3749 0 0 3751
1671 5 3777 0 0 3782
1672 0 0 0 3780 3780
1673 0 3755 0 0 3755
1674 0 3206 0 617 3823
1675 3851 0 1 0 3852
1676 0 0 3856 0 3856
1677 0 0 0 3835 3835
1678 0 0 0 3854 3854
1679 0 0 1 3882 3883
1680 0 0 3844 0 3844
1681 4 0 3799 0 3803
1682 0 3848 0 0 3848
1683 5 1 0 3832 3838
1684 0 0 3820 0 3820
1685 0 1 0 3780 3781
1686 3788 0 5 0 3793
1687 3762 0 4 0 3766
1688 0 3755 0 0 3755
1689 3663 0 0 0 3663
1690 0 3742 0 0 3742
1691 0 0 0 3748 3748
1692 1 0 3710 0 3711
1693 3653 0 1 0 3654
1694 0 0 0 3700 3700
1695 0 0 3670 0 3670
1696 3618 0 0 1 3619
1697 0 0 1 3663 3664
1698 3653 0 0 0 3653
1699 0 0 3640 0 3640
1700 0 3623 0 0 3623
1701 1 0 0 3629 3630
1702 3594 0 1 0 3595
1703 0 0 0 3600 3600
1704 0 3067 0 512 3579
1705 0 0 0 3587 3587
1706 0 1 0 3591 3592
1707 0 0 0 3596 3596
1708 4 0 3573 1 3578
1709 0 0 0 3554 3554
1710 0 1 0 3555 3556
1711 0 0 3551 1 3552
1712 0 6 0 3499 3505
1713 0 0 0 3532 3532
1714 0 0 0 3559 3559
1715 3523 0 0 1 3524
1716 0 2 0 3495 3497
1717 3475 1 1 0 3477
1718 0 1 2 3455 3458
1719 0 0 3426 9 3435
1720 6 0 3410 0 3416
1721 1 0 0 3409 3410
1722 0 3384 0 1 3385
1723 0 0 0 3395 3395
1724 0 3373 0 0 3373
1725 1 3403 0 0 3404
1726 3350 0 0 0 3350
1727 0 0 3319 18 3337
1728 3251 0 0 0 3251
1729 0 0 3250 0 3250
1730 3225 0 1 0 3226
1731 0 3189 0 0 3189
1732 3220 0 0 0 3220
1733 3185 0 2 0 3187
1734 0 10 0 3188 3198
1735 0 0 3170 0 3170
1736 0 0 0 3141 3141
1737 0 0 0 3157 3157
1738 0 0 0 3140 3140
1739 0 3078 0 0 3078
1740 0 0 0 2901 2901
1741 0 1 0 2889 2890
1742 0 0 2817 0 2817
1743 0 2768 0 0 2768
1744 0 0 0 2774 2774
1745 0 2749 0 0 2749
1746 0 2754 0 0 2754
1747 2766 0 1 0 2767
1748 0 0 0 2768 2768
1749 0 0 0 2777 2777
1750 0 0 0 2803 2803
1751 0 0 2748 0 2748
1752 0 0 0 2732 2732
1753 0 2740 0 1 2741
1754 0 0 0 2754 2754
1755 2721 0 0 0 2721
1756 0 0 0 2741 2741
1757 2715 0 0 0 2715
1758 2717 0 0 0 2717
1759 0 0 2 0 2
1760 0 0 0 0 0
