1 984 0 0 0 984
2 0 2 0 1020 1022
3 0 0 1015 0 1015
4 1004 0 0 0 1004
5 1011 0 0 0 1011
6 1 0 1059 0 1060
7 0 0 1043 0 1043
8 0 1132 0 6 1138
9 1154 0 5 0 1159
10 1173 0 0 0 1173
11 0 0 0 1214 1214
12 1236 0 0 0 1236
13 1232 1 0 0 1233
14 0 0 0 1244 1244
15 0 1 0 1271 1272
16 0 0 1299 0 1299
17 0 0 0 1299 1299
18 1309 0 0 0 1309
19 0 1334 0 0 1334
20 0 0 0 1335 1335
21 1329 0 0 0 1329
22 0 1400 0 0 1400
23 0 0 0 1396 1396
24 0 1413 0 0 1413
25 1444 0 0 0 1444
26 0 2 0 1433 1435
27 0 0 1437 3 1440
28 4 0 1442 0 1446
29 0 1 0 1415 1416
30 1456 0 0 3 1459
31 1 0 1740 0 1741
32 0 0 0 1731 1731
33 1802 0 0 0 1802
34 1799 0 1 0 1800
35 0 1809 0 0 1809
36 1868 0 0 1 1869
37 0 0 0 1860 1860
38 0 1890 0 0 1890
39 0 1888 0 1 1889
40 1896 0 0 0 1896
41 1875 0 3 0 1878
42 0 0 0 1934 1934
43 0 0 1931 0 1931
44 0 1942 0 0 1942
45 1957 0 0 0 1957
46 0 0 1954 0 1954
47 1938 0 0 0 1938
48 0 0 0 1950 1950
49 7 1962 0 0 1969
50 1 0 1971 0 1972
51 1995 0 0 0 1995
52 1918 0 44 0 1962
53 0 0 0 1966 1966
54 1 1970 0 0 1971
55 0 1 0 1971 1972
56 0 0 1954 0 1954
57 0 1965 0 0 1965
58 1956 0 0 0 1956
59 0 1998 0 1 1999
60 0 0 6 1992 1998
61 0 0 1984 0 1984
62 0 0 1948 0 1948
63 8 1 1950 0 1959
64 1952 0 0 2 1954
65 0 0 0 2001 2001
66 2016 0 0 0 2016
67 2009 2 0 0 2011
68 2 2025 0 0 2027
69 2022 0 1 0 2023
70 0 0 0 2016 2016
71 0 2038 0 3 2041
72 1 0 2199 4 2204
73 0 1 2 2183 2186
74 0 2232 0 2 2234
75 2304 0 3 0 2307
76 2286 0 1 0 2287
77 2313 0 3 0 2316
78 3 2351 0 1 2355
79 0 2 4 2343 2349
80 0 2369 0 0 2369
81 2365 3 7 8 2383
82 1 2423 0 1 2425
83 3 2413 0 0 2416
84 2421 0 2 0 2423
85 1 2433 0 0 2434
86 2450 6 0 0 2456
87 0 0 1 2459 2460
88 0 0 2455 0 2455
89 0 0 0 2421 2421
90 0 2465 0 2 2467
91 4 0 2614 1 2619
92 0 5 0 2660 2665
93 0 2745 0 0 2745
94 2820 0 6 0 2826
95 2827 0 0 0 2827
96 2815 1 0 0 2816
97 2809 0 1 1 2811
98 0 2924 1 0 2925
99 0 0 0 2946 2946
100 0 0 2956 0 2956
101 0 2981 0 1 2982
102 0 32 0 2926 2958
103 2966 0 0 0 2966
104 2 3102 0 0 3104
105 2 2 0 3080 3084
106 0 3115 0 0 3115
107 3107 0 0 1 3108
108 3097 1 0 3 3101
109 0 0 3169 0 3169
110 0 1 3142 4 3147
111 2 0 3134 0 3136
112 0 2 3099 0 3101
113 3200 0 3 0 3203
114 6 0 3209 3 3218
115 28 0 3273 3 3304
116 0 0 0 3196 3196
117 0 3334 0 0 3334
118 3394 0 1 0 3395
119 3393 0 1 0 3394
120 0 2 0 3404 3406
121 1 0 3402 0 3403
122 0 0 0 3364 3364
123 5 0 3359 2 3366
124 3403 0 1 0 3404
125 1 3458 1 0 3460
126 0 3412 0 2 3414
127 0 0 3420 2 3422
128 2 0 3403 0 3405
129 0 1 15 3233 3249
130 5 1 3419 0 3425
131 0 0 0 3415 3415
132 3519 0 0 0 3519
133 3509 0 0 0 3509
134 0 0 0 3527 3527
135 3470 0 0 1 3471
136 0 3505 0 0 3505
137 0 3513 0 0 3513
138 3521 0 0 3 3524
139 1 3597 3 1 3602
140 0 0 0 3636 3636
141 2 0 3616 1 3619
142 3623 0 0 0 3623
143 0 3813 0 0 3813
144 3833 0 0 0 3833
145 3925 0 0 0 3925
146 0 3943 0 5 3948
147 3953 0 2 0 3955
148 3918 0 0 0 3918
149 0 3995 0 0 3995
150 3902 0 0 0 3902
151 0 4004 0 0 4004
152 0 3978 0 0 3978
153 1 4022 0 0 4023
154 3969 0 0 1 3970
155 0 4111 0 0 4111
156 51 4098 0 0 4149
157 4169 0 1 0 4170
158 4147 0 5 0 4152
159 4106 0 0 0 4106
160 0 1 0 4137 4138
161 0 4170 0 0 4170
162 0 0 0 4136 4136
163 1 4185 0 1 4187
164 4164 0 0 0 4164
165 0 2 0 4162 4164
166 0 0 0 4182 4182
167 0 3 0 4202 4205
168 0 1 0 4225 4226
169 5 0 4174 0 4179
170 0 4210 0 2 4212
171 4227 0 1 0 4228
172 4156 0 0 0 4156
173 4098 0 2 0 4100
174 0 2 0 4104 4106
175 0 4137 0 0 4137
176 0 0 0 4103 4103
177 0 4118 0 0 4118
178 4122 0 1 0 4123
179 4065 0 0 0 4065
180 4033 0 0 0 4033
181 0 0 4021 0 4021
182 0 0 3942 0 3942
183 3963 0 0 0 3963
184 4012 0 1 0 4013
185 0 4028 0 0 4028
186 4017 0 0 0 4017
187 0 0 3981 0 3981
188 3974 0 0 0 3974
189 3940 0 0 0 3940
190 3913 0 10 0 3923
191 3 3959 0 0 3962
192 1 3933 0 0 3934
193 3937 0 0 0 3937
194 0 0 3926 0 3926
195 258 0 3560 1 3819
196 2 0 3830 0 3832
197 0 0 4093 0 4093
198 8 0 4122 0 4130
199 4219 0 1 0 4220
200 4251 0 0 0 4251
201 4247 25 0 0 4272
202 1 4309 0 1 4311
203 0 0 0 4292 4292
204 4291 0 0 0 4291
205 0 1 0 4293 4294
206 0 0 4272 0 4272
207 6 4242 3 2 4253
208 3 4321 0 2 4326
209 4 4376 0 0 4380
210 4433 0 0 0 4433
211 4396 1 9 1 4407
212 4385 0 0 1 4386
213 4040 0 359 0 4399
214 1 0 1 4392 4394
215 1 0 4324 0 4325
216 1 4335 0 0 4336
217 1 4457 0 34 4492
218 0 0 0 4441 4441
219 0 4511 2 2 4515
220 4477 0 11 0 4488
221 4485 0 2 0 4487
222 0 4536 0 2 4538
223 0 2 0 4485 4487
224 2 0 4426 0 4428
225 3 4458 0 41 4502
226 4520 4 2 0 4526
227 0 4593 0 2 4595
228 4594 0 2 0 4596
229 2 0 4562 0 4564
230 4547 1 2 10 4560
231 0 3 1 4571 4575
232 2 4667 0 1 4670
233 0 3 0 4683 4686
234 2 0 4671 3 4676
235 1 0 4627 0 4628
236 4619 3 4 0 4626
237 2 14 0 4601 4617
238 2 0 4701 1 4704
239 0 1 0 4567 4568
240 4672 0 2 0 4674
241 0 0 4638 2 4640
242 0 4617 0 0 4617
243 1 4702 0 0 4703
244 0 0 0 4698 4698
245 2 0 0 4757 4759
246 3 0 4729 0 4732
247 1 0 4910 0 4911
248 0 0 4932 0 4932
249 0 5005 0 3 5008
250 5003 0 2 0 5005
251 1 0 4978 0 4979
252 4933 0 5 0 4938
253 0 5062 0 0 5062
254 3 5081 0 2 5086
255 5206 0 3 0 5209
256 5149 0 0 0 5149
257 5172 0 1 0 5173
258 5055 47 0 1 5103
259 6 0 0 5061 5067
260 0 1 5014 0 5015
261 0 5020 0 0 5020
262 4974 1 3 0 4978
263 1 5022 0 1 5024
264 4996 0 0 0 4996
265 0 0 5018 1 5019
266 0 0 5019 0 5019
267 70 0 4903 0 4973
268 4989 1 16 0 5006
269 5060 0 0 0 5060
270 5055 0 0 0 5055
271 4985 2 0 0 4987
272 0 4 0 5010 5014
273 4785 0 1 0 4786
274 0 5011 0 0 5011
275 0 4940 0 0 4940
276 0 4955 0 0 4955
277 0 1 0 4856 4857
278 0 4919 1 2 4922
279 10 0 0 4897 4907
280 0 0 4906 0 4906
281 3 4861 0 0 4864
282 4887 0 0 0 4887
283 4865 1 3 1 4870
284 1 0 4882 0 4883
285 0 0 4782 0 4782
286 1 0 4820 3 4824
287 0 1 0 4429 4430
288 0 4 0 4771 4775
289 0 1 0 4855 4856
290 1 4845 0 1 4847
291 4877 0 2 1 4880
292 4846 0 0 0 4846
293 1 0 0 4805 4806
294 4797 0 0 0 4797
295 3 4830 0 0 4833
296 0 0 2 4709 4711
297 1 4830 0 0 4831
298 0 4853 0 2 4855
299 4812 0 2 0 4814
300 0 0 0 4790 4790
301 1 0 4807 0 4808
302 4773 0 1 0 4774
303 4787 0 1 1 4789
304 10 0 4738 0 4748
305 2 0 0 4626 4628
306 9 4715 0 0 4724
307 4785 1 0 1 4787
308 61 0 4672 0 4733
309 4701 2 0 0 4703
310 0 4685 0 0 4685
311 1 4750 0 0 4751
312 0 0 0 4760 4760
313 8 0 4771 0 4779
314 1 4 0 4775 4780
315 0 2 0 4764 4766
316 4737 0 2 0 4739
317 3 4780 1 0 4784
318 4798 0 0 0 4798
319 0 2 0 4748 4750
320 0 4770 0 1 4771
321 8 4 1 4722 4735
322 3 7 4658 0 4668
323 0 0 4620 1 4621
324 0 0 4736 0 4736
325 0 4 0 4489 4493
326 0 0 4661 1 4662
327 0 4991 0 22 5013
328 2 4 0 5081 5087
329 0 0 0 5159 5159
330 0 1 0 5141 5142
331 1 5100 0 0 5101
332 1 5259 0 0 5260
333 0 4 0 5280 5284
334 5288 1 1 0 5290
335 0 0 0 5294 5294
336 5279 0 1 0 5280
337 5263 5 0 1 5269
338 0 0 0 5310 5310
339 0 0 5283 2 5285
340 0 5296 0 0 5296
341 5250 0 3 0 5253
342 1 5354 0 0 5355
343 62 3 5283 3 5351
344 5225 0 0 1 5226
345 0 0 0 5337 5337
346 5358 0 2 0 5360
347 12 0 5314 1 5327
348 5290 0 1 0 5291
349 5323 0 3 1 5327
350 0 5432 1 0 5433
351 5434 0 0 0 5434
352 5400 0 1 0 5401
353 5363 0 0 0 5363
354 5413 0 0 0 5413
355 5417 0 1 0 5418
356 0 1 0 5300 5301
357 0 0 0 5369 5369
358 5396 0 1 2 5399
359 2 0 5221 0 5223
360 5289 0 1 0 5290
361 0 5312 1 0 5313
362 5305 4 0 1 5310
363 1 0 5181 1 5183
364 0 5224 0 5 5229
365 0 3 0 5178 5181
366 5 0 5188 1 5194
367 2 5159 0 9 5170
368 2 5201 0 0 5203
369 0 9 0 5229 5238
370 5205 1 0 0 5206
371 5098 0 2 0 5100
372 0 5085 0 87 5172
373 0 5202 0 2 5204
374 1 2 0 5144 5147
375 0 1 0 5090 5091
376 0 5143 4 1 5148
377 0 3 0 5014 5017
378 1 5186 0 1 5188
379 5 5229 1 1 5236
380 1 4 5206 1 5212
381 5077 0 19 3 5099
382 0 0 5183 0 5183
383 2 0 5149 0 5151
384 5171 3 8 0 5182
385 0 0 0 5167 5167
386 5143 0 1 10 5154
387 0 5416 0 6 5422
388 1 0 5439 0 5440
389 5424 0 3 0 5427
390 5381 0 0 0 5381
391 4 5412 0 1 5417
392 5354 0 5 0 5359
393 0 1 0 5327 5328
394 10 0 5327 0 5337
395 0 2 0 5170 5172
396 30 5236 0 30 5296
397 5362 3 4 2 5371
398 0 0 5360 0 5360
399 0 0 5227 2 5229
400 0 1 0 5068 5069
401 0 1 0 5305 5306
402 5319 1 0 0 5320
403 0 0 1 5301 5302
404 4 5310 0 2 5316
405 5340 1 0 0 5341
406 5259 1 3 0 5263
407 6 5300 0 3 5309
408 0 2 0 5273 5275
409 7 5293 0 1 5301
410 5290 1 0 1 5292
411 0 5370 0 0 5370
412 5392 0 2 0 5394
413 5294 0 0 1 5295
414 0 5295 0 67 5362
415 0 0 5382 0 5382
416 0 0 0 5325 5325
417 0 0 0 5430 5430
418 5438 0 3 0 5441
419 0 0 0 5364 5364
420 0 5418 0 1 5419
421 5456 0 1 0 5457
422 5398 0 0 0 5398
423 0 0 0 5340 5340
424 20 0 5358 0 5378
425 1 5366 0 3 5370
426 5441 0 0 0 5441
427 3 0 5387 0 5390
428 5399 1 0 0 5400
429 5355 1 3 0 5359
430 0 0 5359 3 5362
431 5326 0 0 1 5327
432 0 1 0 5265 5266
433 0 0 5230 0 5230
434 1 5202 0 0 5203
435 5131 0 0 1 5132
436 0 5198 0 0 5198
437 1 5209 2 0 5212
438 5256 0 2 2 5260
439 0 0 5196 1 5197
440 0 0 5132 1 5133
441 5142 0 0 0 5142
442 0 0 5147 0 5147
443 0 0 5119 0 5119
444 5109 1 0 0 5110
445 0 5103 0 2 5105
446 1 5087 1 0 5089
447 0 5154 0 5 5159
448 0 1 0 5106 5107
449 5098 0 0 0 5098
450 0 5191 1 15 5207
451 5179 1 113 0 5293
452 5227 2 0 0 5229
453 5193 0 4 0 5197
454 5193 0 0 0 5193
455 0 2 0 5149 5151
456 0 0 0 5170 5170
457 1 1 5134 0 5136
458 0 0 5057 0 5057
459 5056 0 1 0 5057
460 4975 1 1 0 4977
461 0 5125 0 1 5126
462 35 5040 21 0 5096
463 0 4 0 4999 5003
464 0 5103 0 4 5107
465 5103 0 0 0 5103
466 1 0 5013 3 5017
467 1 0 4933 0 4934
468 72 0 4859 0 4931
469 0 0 0 4761 4761
470 0 4928 0 0 4928
471 2 0 0 4952 4954
472 0 0 0 4990 4990
473 2 0 4900 3 4905
474 1 4799 0 2 4802
475 0 4807 0 0 4807
476 2 4874 0 7 4883
477 5 36 0 4857 4898
478 4886 1 1 0 4888
479 4820 0 0 0 4820
480 0 4838 3 3 4844
481 4830 0 1 1 4832
482 0 0 1 4730 4731
483 34 0 0 4659 4693
484 4598 0 0 0 4598
485 0 4729 0 0 4729
486 2 4700 0 1 4703
487 4734 1 0 0 4735
488 4622 0 1 2 4625
489 1 5 1 4577 4584
490 1 0 4577 0 4578
491 5 0 4515 0 4520
492 4485 0 48 0 4533
493 4543 0 4 2 4549
494 4541 1 2 1 4545
495 0 4529 0 3 4532
496 6 0 4482 0 4488
497 1 0 4437 0 4438
498 4441 0 2 1 4444
499 0 0 0 4410 4410
500 0 0 0 4407 4407
501 0 4437 0 0 4437
502 0 1 0 4338 4339
503 0 0 0 4269 4269
504 1 4365 0 5 4371
505 0 1 4154 1 4156
506 104 4075 1 1 4181
507 4254 0 6 0 4260
508 4208 0 0 0 4208
509 2 4228 0 0 4230
510 4251 0 1 2 4254
511 4186 24 2 0 4212
512 1 0 1 4195 4197
513 1 0 4178 0 4179
514 1 2 4099 0 4102
515 2 4113 1 2 4118
516 0 0 0 4053 4053
517 0 8 0 4079 4087
518 0 3 3919 2 3924
519 1 0 3969 0 3970
520 0 0 4054 0 4054
521 1 4040 0 9 4050
522 2 4051 0 0 4053
523 2 1 3990 3 3996
524 0 5 0 3825 3830
525 1 3826 0 8 3835
526 0 4005 0 0 4005
527 3 4107 0 2 4112
528 4044 0 4 0 4048
529 4127 0 4 0 4131
530 4135 0 0 0 4135
531 4170 0 0 0 4170
532 4099 0 0 0 4099
533 4066 0 6 0 4072
534 4 4047 0 2 4053
535 94 0 3853 0 3947
536 3987 0 2 0 3989
537 5 4019 0 0 4024
538 4057 0 0 0 4057
539 4090 0 2 0 4092
540 4078 1 1 0 4080
541 4066 2 2 0 4070
542 4015 1 0 0 4016
543 1 3991 0 1 3993
544 4008 0 2 0 4010
545 4002 0 0 0 4002
546 3976 0 0 0 3976
547 3960 2 1 0 3963
548 588 3224 0 0 3812
549 3828 0 0 0 3828
550 11 0 3604 0 3615
551 34 3667 0 0 3701
552 3754 0 1 0 3755
553 3797 0 1 0 3798
554 1 3675 0 4 3680
555 3720 0 1 0 3721
556 4 0 3581 0 3585
557 3592 0 0 0 3592
558 1 1 0 3415 3417
559 0 3684 0 0 3684
560 0 3752 1 0 3753
561 3712 0 0 0 3712
562 0 3 0 3685 3688
563 0 1 1 3763 3765
564 3771 0 0 0 3771
565 3746 0 0 1 3747
566 0 3722 0 1 3723
567 3737 0 1 0 3738
568 3746 0 6 0 3752
569 0 0 1 3698 3699
570 3785 0 0 1 3786
571 0 0 3515 0 3515
572 3683 0 5 0 3688
573 3751 0 0 0 3751
574 21 0 3522 0 3543
575 0 1 0 3151 3152
576 3450 2 1 0 3453
577 1 3517 0 0 3518
578 0 3655 0 0 3655
579 3685 0 0 1 3686
580 0 0 0 3586 3586
581 3611 0 0 0 3611
582 0 3607 0 0 3607
583 3648 0 0 1 3649
584 0 0 0 3554 3554
585 0 1 0 3597 3598
586 1 0 0 3670 3671
587 0 3 3603 0 3606
588 0 172 1 3286 3459
589 3584 0 0 0 3584
590 0 3595 0 1 3596
591 3681 0 1 1 3683
592 1 0 3641 0 3642
593 3660 0 0 0 3660
594 3703 0 2 0 3705
595 2 0 3660 0 3662
596 10 0 3641 0 3651
597 3704 0 3 1 3708
598 0 0 3696 0 3696
599 3745 0 0 0 3745
600 3787 0 0 0 3787
601 0 0 3668 0 3668
602 3696 0 1 0 3697
603 0 3679 0 8 3687
604 0 3819 0 0 3819
605 3866 0 0 0 3866
606 3862 0 2 0 3864
607 3872 0 2 0 3874
608 0 0 0 3786 3786
609 3 0 0 3765 3768
610 3664 0 5 5 3674
611 1 3799 0 0 3800
612 0 3831 0 6 3837
613 0 0 3948 0 3948
614 0 0 0 3748 3748
615 0 4 0 3850 3854
616 0 16 0 4096 4112
617 0 1 4164 3 4168
618 0 0 4117 0 4117
619 0 1 4116 0 4117
620 0 0 4102 0 4102
621 0 0 4216 0 4216
622 0 3 1 4118 4122
623 4 2 0 4317 4323
624 0 4385 0 1 4386
625 0 4429 0 0 4429
626 4376 4 0 0 4380
627 0 4519 0 0 4519
628 0 0 0 4460 4460
629 0 4600 0 0 4600
630 0 0 1 4686 4687
631 1 0 4666 0 4667
632 4652 0 3 0 4655
633 0 4757 0 0 4757
634 4763 0 6 0 4769
635 3355 0 1408 0 4763
636 7 4812 0 3 4822
637 3845 0 929 5 4779
638 4828 0 58 0 4886
639 1 0 4791 5 4797
640 4593 0 204 0 4797
641 86 2708 0 2075 4869
642 81 4808 3 49 4941
643 12 5000 0 1 5013
644 5046 0 0 0 5046
645 5010 0 36 0 5046
646 5035 0 0 0 5035
647 0 2 0 4907 4909
648 2 1 4886 0 4889
649 5 0 4834 0 4839
650 1 4989 0 0 4990
651 4971 0 0 0 4971
652 4972 0 0 0 4972
653 4749 0 163 1 4913
654 2 0 4784 0 4786
655 0 4872 0 3 4875
656 0 0 0 4870 4870
657 1 4952 0 0 4953
658 0 0 0 4934 4934
659 4967 5 0 0 4972
660 0 0 2 4946 4948
661 0 0 4919 0 4919
662 0 0 4910 0 4910
663 0 0 4922 1 4923
664 1 0 4925 0 4926
665 4900 0 0 0 4900
666 0 5013 0 1 5014
667 0 0 0 4968 4968
668 0 5052 0 1 5053
669 5048 0 0 0 5048
670 5033 0 0 0 5033
671 5015 0 0 0 5015
672 0 0 4901 0 4901
673 0 4900 0 0 4900
674 1 4940 0 1 4942
675 0 4956 0 8 4964
676 0 5017 0 2 5019
677 5018 2 6 1 5027
678 3 0 4994 0 4997
679 5014 0 3 0 5017
680 5037 0 0 0 5037
681 0 0 5057 0 5057
682 0 1 0 4930 4931
683 0 0 0 5015 5015
684 1 4990 0 0 4991
685 4932 0 1 4 4937
686 0 5045 0 0 5045
687 1 5064 0 0 5065
688 0 1 0 5003 5004
689 0 5064 0 1 5065
690 5051 0 0 1 5052
691 0 4 0 5020 5024
692 2 5097 0 0 5099
693 0 2 0 5091 5093
694 507 0 4480 0 4987
695 0 5000 0 0 5000
696 3 5039 0 1 5043
697 5046 0 10 0 5056
698 5018 2 1 1 5022
699 0 4820 0 224 5044
700 1 0 4986 0 4987
701 4 0 4917 0 4921
702 4938 0 1 1 4940
703 15 0 4940 0 4955
704 0 2 0 4903 4905
705 0 0 4952 0 4952
706 4919 2 1 0 4922
707 0 5007 2 1 5010
708 2 5045 0 0 5047
709 4991 0 1 0 4992
710 1 5045 1 1 5048
711 5004 0 2 0 5006
712 2 5098 0 2 5102
713 5063 1 1 10 5075
714 0 0 0 5016 5016
715 1 4 0 5014 5019
716 4993 1 1 0 4995
717 1 5062 0 9 5072
718 29 0 5011 0 5040
719 0 0 1 4843 4844
720 0 1 0 4945 4946
721 0 0 0 5003 5003
722 0 5050 0 2 5052
723 5049 0 4 6 5059
724 1 5112 0 0 5113
725 5061 1 1 0 5063
726 30 0 5072 0 5102
727 5059 0 1 3 5063
728 0 0 0 5034 5034
729 0 0 0 5101 5101
730 0 0 5075 1 5076
731 1 0 5014 0 5015
732 1 0 0 4788 4789
733 2 0 4924 0 4926
734 30 0 4846 0 4876
735 0 4947 0 7 4954
736 0 0 0 4934 4934
737 0 3 2 4996 5001
738 4 4825 0 225 5054
739 0 5100 4 1 5105
740 0 5125 0 0 5125
741 5195 0 1 0 5196
742 5173 1 1 0 5175
743 5109 2 3 0 5114
744 0 0 0 5131 5131
745 6 5192 0 0 5198
746 5232 0 0 1 5233
747 5215 0 1 0 5216
748 5076 0 31 0 5107
749 7 5177 0 0 5184
750 5212 0 1 2 5215
751 0 0 5161 0 5161
752 5099 0 2 0 5101
753 5099 9 11 2 5121
754 0 0 5047 0 5047
755 5023 1 6 1 5031
756 0 5212 0 1 5213
757 2 0 5265 0 5267
758 5 1 5192 0 5198
759 5172 0 7 0 5179
760 8 0 5253 0 5261
761 0 0 5202 0 5202
762 5177 1 14 1 5193
763 1 5272 0 3 5276
764 0 1 0 5304 5305
765 5215 0 51 0 5266
766 0 5287 0 0 5287
767 0 5271 0 0 5271
768 5286 1 0 0 5287
769 0 5364 1 1 5366
770 5377 1 2 0 5380
771 5338 0 12 1 5351
772 5293 0 1 0 5294
773 3 0 5339 0 5342
774 0 0 1 4858 4859
775 0 0 5189 3 5192
776 1 0 5294 0 5295
777 0 3 0 5072 5075
778 5362 1 1 0 5364
779 0 0 5368 0 5368
780 5326 1 0 0 5327
781 5340 1 0 0 5341
782 0 1 0 5390 5391
783 0 0 0 5379 5379
784 0 0 5344 1 5345
785 0 0 0 5243 5243
786 0 3 0 5338 5341
787 0 0 5310 0 5310
788 0 1 0 5257 5258
789 0 2 0 5327 5329
790 0 0 5300 0 5300
791 5297 0 0 1 5298
792 0 1 3 5356 5360
793 0 0 0 5355 5355
794 5362 0 0 0 5362
795 1 5341 0 0 5342
796 5329 0 2 0 5331
797 1 2 0 5297 5300
798 4 0 5170 118 5292
799 13 0 5245 0 5258
800 0 1 0 4930 4931
801 2 0 5141 0 5143
802 0 5551 0 2 5553
803 5721 0 13 1 5735
804 5759 3 2 0 5764
805 5786 0 0 0 5786
806 5812 0 0 0 5812
807 5846 0 0 0 5846
808 0 0 0 5838 5838
809 5 5904 0 0 5909
810 0 0 0 5930 5930
811 9 1 5921 0 5931
812 0 0 5912 0 5912
813 5902 0 26 0 5928
814 6038 0 1 0 6039
815 6070 0 0 0 6070
816 6037 3 0 0 6040
817 6000 20 0 0 6020
818 1 6047 0 0 6048
819 5988 0 0 0 5988
820 6 0 5995 0 6001
821 1 1 5936 1 5939
822 5951 0 0 0 5951
823 6002 0 1 1 6004
824 4 6037 0 1 6042
825 6092 0 2 0 6094
826 6006 0 2 1 6009
827 14 1 1 6014 6030
828 0 0 0 6060 6060
829 5916 0 4 11 5931
830 1 5978 0 0 5979
831 2 5956 0 0 5958
832 0 1 0 5990 5991
833 5977 0 2 1 5980
834 2 0 0 5945 5947
835 0 6020 0 0 6020
836 6043 0 1 0 6044
837 6012 0 24 0 6036
838 5977 0 0 0 5977
839 6 0 5953 0 5959
840 5870 0 0 1 5871
841 0 0 5980 0 5980
842 0 0 5924 0 5924
843 0 1 0 5122 5123
844 5782 0 3 1 5786
845 3 0 0 5933 5936
846 1 0 1 5950 5952
847 0 0 2 5954 5956
848 0 0 0 6009 6009
849 6034 0 1 1 6036
850 0 2 0 5996 5998
851 5 0 0 5974 5979
852 38 0 5927 2 5967
853 2 5818 0 2 5822
854 1 5883 0 0 5884
855 3 13 0 5877 5893
856 1 5971 0 0 5972
857 6034 0 2 0 6036
858 6017 0 0 1 6018
859 6035 0 0 1 6036
860 5949 3 2 1 5955
861 5 0 5987 1 5993
862 0 0 5966 1 5967
863 1 6 0 5194 5201
864 36 0 5800 0 5836
865 0 3 0 5697 5700
866 0 0 5868 0 5868
867 1 0 5884 0 5885
868 0 1 0 5618 5619
869 1 0 5800 0 5801
870 1 5941 0 5 5947
871 9 0 6064 1 6074
872 0 6103 2 2 6107
873 6194 0 1 0 6195
874 6146 0 1 14 6161
875 3 0 6177 1 6181
876 3 6 0 6062 6071
877 1 0 6297 4 6302
878 1 0 6365 0 6366
879 1 6500 0 6 6507
880 6567 0 4 0 6571
881 2 0 6633 0 6635
882 8 0 6580 1 6589
883 6433 1 0 1 6435
884 0 0 6641 0 6641
885 0 2 0 6254 6256
886 6566 0 71 1 6638
887 6686 1 7 1 6695
888 6 0 6786 0 6792
889 279 0 6515 0 6794
890 0 4 0 6579 6583
891 6875 0 1 0 6876
892 6947 0 0 1 6948
893 0 0 0 7000 7000
894 7037 0 1 2 7040
895 7090 0 2 0 7092
896 7129 0 0 0 7129
897 7169 0 2 0 7171
898 1 0 7170 1 7172
899 0 0 7107 0 7107
900 7178 0 0 2 7180
901 0 4 0 7136 7140
902 0 7082 0 54 7136
903 2 7356 1 8 7367
904 0 4 0 7335 7339
905 0 2 2 7396 7400
906 7 1 7339 8 7355
907 4 7274 3 1 7282
908 6 7532 0 1 7539
909 0 0 0 7566 7566
910 0 0 1 7595 7596
911 0 2 0 7641 7643
912 7687 0 4 2 7693
913 7626 0 0 1 7627
914 1 0 0 7589 7590
915 0 6 2 7604 7612
916 0 0 7639 0 7639
917 0 0 7597 0 7597
918 7351 0 143 0 7494
919 0 0 7631 1 7632
920 7558 0 0 0 7558
921 7614 1 16 0 7631
922 3 0 7584 0 7587
923 0 7615 0 2 7617
924 7684 0 1 0 7685
925 0 0 7735 0 7735
926 7687 0 0 0 7687
927 0 0 0 7718 7718
928 0 1 1 7732 7734
929 0 0 7691 0 7691
930 0 7577 1 3 7581
931 13 7618 0 0 7631
932 1 3 0 7568 7572
933 0 7643 0 0 7643
934 1 7670 0 4 7675
935 7662 1 2 1 7666
936 1 0 0 7779 7780
937 2 0 7830 5 7837
938 7812 0 1 1 7814
939 7846 0 1 0 7847
940 7860 0 3 0 7863
941 7822 0 0 0 7822
942 7775 0 10 0 7785
943 0 2 0 7735 7737
944 7674 0 1 3 7678
945 2 7801 0 3 7806
946 2 5 7799 6 7812
947 2 0 7747 0 7749
948 2 3 0 7321 7326
949 1 2 7618 0 7621
950 0 0 7692 0 7692
951 7633 0 2 0 7635
952 1 3 1 7837 7842
953 3 0 1 7906 7910
954 7915 0 3 3 7921
955 8005 0 0 0 8005
956 8065 0 2 3 8070
957 6 8887 0 0 8893
958 9085 0 0 0 9085
959 9070 1 1 0 9072
960 9173 0 0 0 9173
961 9245 0 11 0 9256
962 14 0 9550 0 9564
963 1 9562 0 11 9574
964 9836 13 0 0 9849
965 9814 0 7 0 9821
966 4 0 9754 0 9758
967 0 9721 0 7 9728
968 1 9840 0 1 9842
969 2 28 0 9847 9877
970 0 3 2 9968 9973
971 9912 0 1 0 9913
972 6 9935 0 3 9944
973 0 1 2 9923 9926
974 9903 1 0 1 9905
975 0 9833 0 111 9944
976 9869 0 3 0 9872
977 2 9950 1 15 9968
978 9945 5 7 5 9962
979 10 1 10029 0 10040
980 2 0 9942 0 9944
981 25 0 10411 1 10437
982 14 0 10458 0 10472
983 10533 0 19 0 10552
984 10640 0 1 0 10641
985 4 10644 0 0 10648
986 10713 1 1 1 10716
987 1 2 0 10645 10648
988 4 0 10592 1 10597
989 2 10623 0 4 10629
990 10714 2 26 0 10742
991 10819 0 1 1 10821
992 10706 0 1 0 10707
993 25 0 10613 0 10638
994 2 0 10563 1 10566
995 0 10497 2 19 10518
996 1 10657 0 5 10663
997 10729 0 3 2 10734
998 1 1 2 10763 10767
999 10841 0 9 1 10851
1000 2 3 11022 2 11029
1001 2 0 10967 1 10970
1002 10995 0 2 1 10998
1003 11136 0 0 0 11136
1004 11101 0 1 0 11102
1005 0 0 0 11101 11101
1006 2 3 0 11079 11084
1007 1 0 10926 2 10929
1008 1 10757 0 42 10800
1009 2 10812 0 2 10816
1010 2 11014 0 8 11024
1011 11182 0 1 0 11183
1012 11168 0 45 0 11213
1013 1 165 0 10943 11109
1014 11237 0 1 0 11238
1015 2 0 1 11087 11090
1016 0 0 11069 1 11070
1017 1 3 11024 1 11029
1018 12 0 11102 0 11114
1019 5 1 0 10446 10452
1020 187 0 10822 5 11014
1021 11247 0 2 0 11249
1022 11356 0 1 0 11357
1023 11343 0 2 0 11345
1024 11087 0 6 0 11093
1025 1 11240 0 7 11248
1026 10766 0 0 0 10766
1027 1 11233 0 17 11251
1028 2 11153 0 3 11158
1029 3 11258 0 1 11262
1030 3 78 0 11201 11282
1031 0 5 3 11340 11348
1032 5 0 11208 0 11213
1033 11171 0 0 0 11171
1034 11162 6 93 2 11263
1035 2 0 11104 5 11111
1036 4 11170 0 2 11176
1037 3 4 0 11302 11309
1038 4 0 11401 4 11409
1039 17 0 11313 0 11330
1040 1 11222 1 16 11240
1041 0 11342 0 1 11343
1042 11553 8 5 0 11566
1043 11575 0 0 4 11579
1044 0 0 0 11702 11702
1045 4 0 11676 1 11681
1046 1 0 11641 3 11645
1047 11384 0 0 0 11384
1048 11627 1 8 0 11636
1049 3 11652 0 1 11656
1050 8 11993 0 13 12014
1051 12157 0 4 0 12161
1052 12050 1 1 0 12052
1053 12119 0 0 0 12119
1054 4 4 1 12104 12113
1055 12164 0 0 0 12164
1056 2 4 0 12168 12174
1057 12222 1 0 1 12224
1058 14 1 11985 1 12001
1059 11689 0 7 3 11699
1060 0 12064 0 1 12065
1061 3 12065 0 3 12071
1062 0 2 3 11908 11913
1063 1 12107 2 1 12111
1064 6 12296 0 1 12303
1065 1 86 10 12139 12236
1066 10 0 12233 1 12244
1067 12 12233 0 0 12245
1068 12366 0 2 0 12368
1069 12322 0 2 0 12324
1070 12188 0 3 0 12191
1071 12161 1 1 2 12165
1072 1 12473 0 0 12474
1073 0 1 0 12406 12407
1074 12416 0 6 2 12424
1075 0 1 1 12384 12386
1076 4 0 0 12496 12500
1077 12605 2 1 0 12608
1078 12535 0 2 0 12537
1079 12488 0 4 4 12496
1080 3 0 12539 0 12542
1081 3 1 12544 0 12548
1082 12279 6 9 1 12295
1083 12465 0 0 3 12468
1084 12416 22 2 11 12451
1085 70 0 12621 0 12691
1086 49 0 12482 0 12531
1087 1 0 12546 3 12550
1088 0 1 12950 3 12954
1089 0 2 2 12311 12315
1090 0 0 0 12731 12731
1091 0 2 1 13223 13226
1092 0 13146 0 69 13215
1093 0 3 1 13279 13283
1094 1 0 2 13450 13453
1095 2 13486 0 27 13515
1096 1 0 13569 1 13571
1097 0 0 13469 1 13470
1098 13157 1 2 0 13160
1099 2 0 13436 1 13439
1100 0 13453 0 2 13455
1101 1 8 1 13683 13693
1102 13602 1 1 0 13604
1103 0 2 0 13740 13742
1104 1 4 2 13847 13854
1105 1 1 13679 0 13681
1106 1 13793 2 3 13799
1107 3 5 1 14038 14047
1108 3 0 14046 1 14050
1109 3 0 14171 3 14177
1110 1 8 3 13432 13444
1111 2 1 1 14008 14012
1112 0 1 0 14141 14142
1113 0 14069 0 3 14072
1114 0 66 0 14178 14244
1115 4 0 0 14311 14315
1116 13928 3 65 0 13996
1117 1 0 14099 0 14100
1118 13553 0 5 5 13563
1119 3 2 14018 3 14026
1120 2 0 14002 0 14004
1121 2 0 14046 0 14048
1122 13695 0 17 2 13714
1123 1 2 14047 1 14051
1124 7 0 13995 0 14002
1125 13631 0 3 1 13635
1126 2 1 0 13807 13810
1127 0 0 13966 2 13968
1128 1 0 13883 10 13894
1129 2 0 13884 7 13893
1130 13714 1 2 1 13718
1131 13798 0 1 0 13799
1132 1 0 13803 0 13804
1133 2 1 13794 0 13797
1134 13546 0 0 1 13547
1135 13634 0 0 1 13635
1136 1 2 3 13689 13695
1137 5 0 13690 0 13695
1138 13562 0 18 1 13581
1139 1 6 1 13511 13519
1140 2 5 1 13625 13633
1141 6 2 13582 1 13591
1142 1 13550 0 8 13559
1143 13522 0 4 20 13546
1144 0 0 13583 5 13588
1145 0 1 13543 0 13544
1146 0 2 1 13168 13171
1147 2 0 1 13595 13598
1148 6 0 13527 2 13535
1149 1 0 13242 0 13243
1150 2 13548 0 8 13558
1151 13598 0 6 0 13604
1152 3 13810 0 6 13819
1153 7 1 13830 0 13838
1154 1 0 13716 0 13717
1155 13548 0 8 1 13557
1156 1 0 0 13716 13717
1157 13701 1 3 1 13706
1158 0 13511 3 147 13661
1159 13653 0 1 1 13655
1160 1 13691 0 4 13696
1161 13630 1 19 0 13650
1162 0 1 0 13385 13386
1163 1 13384 0 5 13390
1164 4 13325 0 0 13329
1165 16 13406 0 1 13423
1166 13286 0 1 1 13288
1167 0 3 0 13304 13307
1168 1 0 13282 0 13283
1169 3 0 13098 3 13104
1170 4 0 13034 1 13039
1171 8 3 12917 0 12928
1172 0 13189 1 3 13193
1173 13065 0 4 2 13071
1174 2 13177 0 1 13180
1175 13192 1 1 0 13194
1176 0 4 1 13141 13146
1177 2 0 13174 0 13176
1178 0 0 13023 1 13024
1179 12767 0 2 2 12771
1180 6 0 12906 0 12912
1181 2 2 0 12491 12495
1182 12703 0 7 1 12711
1183 11 0 12695 0 12706
1184 0 12602 0 7 12609
1185 17 0 12480 5 12502
1186 159 4 12126 0 12289
1187 2 6 4 10658 10670
1188 5 2 11175 6 11188
1189 1 0 11713 1 11715
1190 1 11173 0 9 11183
1191 11469 0 3 1 11473
1192 0 1 11599 0 11600
1193 0 11476 0 2 11478
1194 0 4 0 11477 11481
1195 1 2 11495 2 11500
1196 11101 0 2 1 11104
1197 0 11213 0 13 11226
1198 21 11680 0 1 11702
1199 0 3 0 11617 11620
1200 0 15 0 11853 11868
1201 11832 1 0 0 11833
1202 11925 0 0 0 11925
1203 12 0 11417 0 11429
1204 11397 0 1 0 11398
1205 7 0 11231 0 11238
1206 1 11041 0 1 11043
1207 10637 0 1 1 10639
1208 0 11046 1 0 11047
1209 1 0 1 10779 10781
1210 0 11042 0 3 11045
1211 10984 0 1 0 10985
1212 11143 4 3 1 11151
1213 1 0 10984 0 10985
1214 10630 2 1 2 10635
1215 21 1 10541 1 10564
1216 9 0 10465 1 10475
1217 0 10288 0 3 10291
1218 0 10573 0 3 10576
1219 10432 0 115 0 10547
1220 6 1 0 10401 10408
1221 10526 0 0 0 10526
1222 10505 0 0 0 10505
1223 10285 0 93 0 10378
1224 5 10145 0 16 10166
1225 10140 1 1 1 10143
1226 10148 1 0 0 10149
1227 2 1 9950 0 9953
1228 9711 0 13 0 9724
1229 1 0 0 9672 9673
1230 9811 0 1 0 9812
1231 9846 0 3 1 9850
1232 10 9681 0 0 9691
1233 9844 0 2 1 9847
1234 9979 1 1 0 9981
1235 9931 0 0 0 9931
1236 9902 0 0 0 9902
1237 9856 0 1 0 9857
1238 9767 0 1 0 9768
1239 3 0 0 9253 9256
1240 0 9488 0 2 9490
1241 4 1 0 9188 9193
1242 4 9461 2 4 9471
1243 9460 2 2 0 9464
1244 9210 0 1 0 9211
1245 0 9206 0 0 9206
1246 0 1 0 8699 8700
1247 2 9202 0 0 9204
1248 0 0 1 8958 8959
1249 0 0 0 9059 9059
1250 2 0 0 9220 9222
1251 61 1 8746 0 8808
1252 8966 0 3 0 8969
1253 0 0 8974 0 8974
1254 1 5 1 8652 8659
1255 0 2 8867 1 8870
1256 8772 0 2 0 8774
1257 6 0 8738 3 8747
1258 0 8756 0 0 8756
1259 0 1 0 8703 8704
1260 0 0 8712 0 8712
1261 0 0 8782 0 8782
1262 8509 1 9 0 8519
1263 8648 0 2 0 8650
1264 43 0 8558 0 8601
1265 0 0 1 8005 8006
1266 8518 1 0 1 8520
1267 8652 0 5 1 8658
1268 8706 0 0 0 8706
1269 0 0 8266 0 8266
1270 8260 0 0 0 8260
1271 8240 0 1 0 8241
1272 0 1 0 7899 7900
1273 0 7986 0 0 7986
1274 1 2 0 7987 7990
1275 0 3 0 7978 7981
1276 1 7983 0 0 7984
1277 8014 0 3 1 8018
1278 7916 0 0 0 7916
1279 7885 0 0 0 7885
1280 1 0 7524 1 7526
1281 7593 0 9 1 7603
1282 0 7474 1 1 7476
1283 0 1 0 7565 7566
1284 7704 0 2 0 7706
1285 7681 4 17 0 7702
1286 1 0 7132 1 7134
1287 2 7305 0 0 7307
1288 12 0 7163 3 7178
1289 3 0 7197 0 7200
1290 1 3 0 6910 6914
1291 0 0 6949 0 6949
1292 0 7000 0 3 7003
1293 1 7223 0 0 7224
1294 7205 0 11 1 7217
1295 2 0 0 7159 7161
1296 15 0 7147 0 7162
1297 4 0 7179 1 7184
1298 7117 0 2 3 7122
1299 0 2 2 7111 7115
1300 3 0 7043 0 7046
1301 7088 1 0 0 7089
1302 7139 0 0 0 7139
1303 4 7061 0 0 7065
1304 0 2 0 6923 6925
1305 9 6961 0 0 6970
1306 3 7048 0 1 7052
1307 7037 0 4 1 7042
1308 31 7025 0 31 7087
1309 7075 0 1 0 7076
1310 7062 0 0 0 7062
1311 0 7008 0 81 7089
1312 2 0 7103 0 7105
1313 7158 0 2 0 7160
1314 7248 0 2 0 7250
1315 7238 0 0 0 7238
1316 6 0 0 7104 7110
1317 7084 0 2 0 7086
1318 5 7096 0 1 7102
1319 5 1 0 7140 7146
1320 7157 0 17 0 7174
1321 0 0 6954 0 6954
1322 6977 1 0 0 6978
1323 7008 0 0 0 7008
1324 292 6731 0 1 7024
1325 0 0 0 6937 6937
1326 7107 0 2 0 7109
1327 1 0 6940 1 6942
1328 7005 0 1 0 7006
1329 1 3 0 6925 6929
1330 5 0 7003 0 7008
1331 6865 0 22 1 6888
1332 4 0 6929 1 6934
1333 6904 1 1 0 6906
1334 6951 0 1 0 6952
1335 6909 0 20 0 6929
1336 0 0 6875 0 6875
1337 0 0 0 6189 6189
1338 10 0 6723 0 6733
1339 0 0 6819 0 6819
1340 6792 0 8 0 6800
1341 1 4 0 6709 6714
1342 4 0 6836 0 6840
1343 6787 0 0 0 6787
1344 0 9 0 6703 6712
1345 2 6849 0 0 6851
1346 0 3 0 6770 6773
1347 0 6820 0 3 6823
1348 6877 1 1 0 6879
1349 0 0 6784 2 6786
1350 6708 0 2 1 6711
1351 0 0 6684 1 6685
1352 0 6681 0 0 6681
1353 2 2 0 6728 6732
1354 1 2 6756 0 6759
1355 6735 0 0 0 6735
1356 0 16 0 6606 6622
1357 6707 0 0 1 6708
1358 5 6707 0 0 6712
1359 6790 11 3 0 6804
1360 6784 0 0 0 6784
1361 0 0 0 6735 6735
1362 6812 0 0 0 6812
1363 6781 1 2 0 6784
1364 1 0 6556 0 6557
1365 0 6543 0 2 6545
1366 0 1 0 6471 6472
1367 0 6568 0 1 6569
1368 6589 0 0 0 6589
1369 4 6598 0 0 6602
1370 6695 0 0 0 6695
1371 6684 0 0 0 6684
1372 6654 0 0 0 6654
1373 0 0 2 6519 6521
1374 6661 0 1 0 6662
1375 1 0 6516 1 6518
1376 6553 0 0 0 6553
1377 6425 0 1 0 6426
1378 2 6386 0 0 6388
1379 1 1 0 6177 6179
1380 1 6430 0 3 6434
1381 2 0 6365 0 6367
1382 2 6278 0 3 6283
1383 6186 0 0 10 6196
1384 0 0 6150 0 6150
1385 0 2 0 5955 5957
1386 21 5967 0 0 5988
1387 0 6152 1 2 6155
1388 2 3 3 6195 6203
1389 13 0 6128 1 6142
1390 0 6074 1 0 6075
1391 0 0 0 6118 6118
1392 1 2 1 6114 6118
1393 0 0 0 6096 6096
1394 1 6112 0 6 6119
1395 3 6123 1 3 6130
1396 6044 0 0 0 6044
1397 6024 0 1 0 6025
1398 0 1 1 6064 6066
1399 0 0 6030 0 6030
1400 5914 0 1 0 5915
1401 5925 0 1 0 5926
1402 0 0 5955 0 5955
1403 1 0 5874 0 5875
1404 5888 0 1 1 5890
1405 5927 2 1 1 5931
1406 0 1 0 5904 5905
1407 5932 0 0 0 5932
1408 5922 0 0 1 5923
1409 0 0 2 5941 5943
1410 5952 0 0 0 5952
1411 5871 0 2 0 5873
1412 5770 0 0 0 5770
1413 2 5844 0 1 5847
1414 5695 0 0 0 5695
1415 0 0 5691 2 5693
1416 0 0 1 5457 5458
1417 0 0 5644 0 5644
1418 5638 0 20 1 5659
1419 5669 0 0 0 5669
1420 7 0 5620 0 5627
1421 5540 0 2 0 5542
1422 0 1 1 5525 5527
1423 6 0 5511 0 5517
1424 5448 0 2 0 5450
1425 5410 0 1 0 5411
1426 0 5485 0 2 5487
1427 5393 0 2 1 5396
1428 0 1 0 5316 5317
1429 0 5341 0 0 5341
1430 0 0 1 5267 5268
1431 53 5092 187 7 5339
1432 0 12 0 5261 5273
1433 1 4 0 5378 5383
1434 1 2 5287 0 5290
1435 0 0 5176 0 5176
1436 0 5194 0 4 5198
1437 4 0 5134 5 5143
1438 0 5101 0 1 5102
1439 2 0 1 5171 5174
1440 0 0 0 5203 5203
1441 2 0 5172 0 5174
1442 5115 0 0 1 5116
1443 5084 0 1 0 5085
1444 6 5149 0 0 5155
1445 7 0 5117 0 5124
1446 5065 0 0 0 5065
1447 5112 0 0 0 5112
1448 5071 0 2 0 5073
1449 4 0 4994 0 4998
1450 0 4919 0 2 4921
1451 0 1 0 5010 5011
1452 1 1 4986 0 4988
1453 4921 0 2 0 4923
1454 4948 0 0 0 4948
1455 3 0 4893 0 4896
1456 4945 0 0 0 4945
1457 4915 0 1 0 4916
1458 4888 0 0 0 4888
1459 4892 0 0 1 4893
1460 0 0 3 4769 4772
1461 0 0 4581 0 4581
1462 0 4563 0 2 4565
1463 1 0 4 4615 4620
1464 1 0 4525 0 4526
1465 4 0 4515 6 4525
1466 0 0 4524 0 4524
1467 22 4404 0 12 4438
1468 0 4459 0 6 4465
1469 0 4464 1 0 4465
1470 0 4578 0 0 4578
1471 0 0 0 4556 4556
1472 0 4649 0 1 4650
1473 0 1 0 4660 4661
1474 3 0 4615 0 4618
1475 0 4629 0 0 4629
1476 1 0 0 4690 4691
1477 3 0 4689 0 4692
1478 0 0 0 4590 4590
1479 4616 0 0 0 4616
1480 0 0 4663 0 4663
1481 4529 0 0 0 4529
1482 6 0 4615 8 4629
1483 4498 0 1 0 4499
1484 0 3 0 4610 4613
1485 4618 0 0 1 4619
1486 0 0 4628 0 4628
1487 0 0 4632 0 4632
1488 1 0 4638 0 4639
1489 4645 0 0 0 4645
1490 4665 0 0 1 4666
1491 1 2 0 4656 4659
1492 1 0 4710 1 4712
1493 0 0 4668 0 4668
1494 4634 0 19 0 4653
1495 0 0 0 4661 4661
1496 0 0 4627 2 4629
1497 1 4599 0 0 4600
1498 0 1 0 4734 4735
1499 1 1 0 4751 4753
1500 1 8 0 4762 4771
1501 1 0 4737 0 4738
1502 4704 0 0 2 4706
1503 4674 0 2 1 4677
1504 4574 0 1 1 4576
1505 2 4706 0 1 4709
1506 0 4696 0 0 4696
1507 4739 0 1 0 4740
1508 4717 0 1 0 4718
1509 4664 0 10 0 4674
1510 1 4705 0 1 4707
1511 4651 0 0 0 4651
1512 1 4737 0 0 4738
1513 4722 0 0 0 4722
1514 4657 0 1 0 4658
1515 0 0 4671 0 4671
1516 0 0 0 4499 4499
1517 3 0 4563 1 4567
1518 0 4608 0 1 4609
1519 4674 0 0 0 4674
1520 4584 0 0 0 4584
1521 0 4621 0 3 4624
1522 0 4608 0 1 4609
1523 4614 0 0 0 4614
1524 0 0 4565 0 4565
1525 4473 0 0 0 4473
1526 1 4525 1 0 4527
1527 0 4512 0 0 4512
1528 0 0 0 4477 4477
1529 1 0 4485 0 4486
1530 0 67 0 4345 4412
1531 0 4432 0 2 4434
1532 0 0 0 4452 4452
1533 4416 1 0 1 4418
1534 5 2 4384 0 4391
1535 4327 0 0 0 4327
1536 0 4360 0 3 4363
1537 4371 0 2 1 4374
1538 1 0 4352 0 4353
1539 4325 0 0 0 4325
1540 4296 0 1 1 4298
1541 0 0 0 4332 4332
1542 4258 7 1 3 4269
1543 0 0 4236 0 4236
1544 0 4215 0 0 4215
1545 1 0 3 4225 4229
1546 36 0 4139 2 4177
1547 3 4129 0 1 4133
1548 0 4 0 4170 4174
1549 1 0 4137 2 4140
1550 0 0 4077 1 4078
1551 0 5 0 3899 3904
1552 3904 0 3 0 3907
1553 2 4048 0 1 4051
1554 0 4283 0 3 4286
1555 0 1 0 4228 4229
1556 1 1 0 4247 4249
1557 1 0 1 4281 4283
1558 0 0 4229 0 4229
1559 4187 0 0 0 4187
1560 1 2 0 4172 4175
1561 1 31 4092 0 4124
1562 7 4149 0 0 4156
1563 4184 0 1 0 4185
1564 4 0 4203 0 4207
1565 2 0 4105 0 4107
1566 4149 0 0 0 4149
1567 0 0 4197 0 4197
1568 4194 0 0 0 4194
1569 4195 1 0 0 4196
1570 1 1 0 4211 4213
1571 0 0 1 4212 4213
1572 0 75 0 4136 4211
1573 1 0 0 4184 4185
1574 0 4110 0 13 4123
1575 0 14 0 3912 3926
1576 0 3887 0 2 3889
1577 0 0 0 3863 3863
1578 0 3822 0 4 3826
1579 1 3813 0 0 3814
1580 1 3813 0 1 3815
1581 2 3794 0 1 3797
1582 3640 0 1 0 3641
1583 5 3797 0 0 3802
1584 0 3908 0 4 3912
1585 0 0 0 3873 3873
1586 0 0 0 3916 3916
1587 0 1 0 3970 3971
1588 11 0 3920 0 3931
1589 3834 0 0 1 3835
1590 0 0 0 3866 3866
1591 1 2 0 3870 3873
1592 0 3813 0 1 3814
1593 3795 0 1 0 3796
1594 1 3878 0 1 3880
1595 0 2 3 3848 3853
1596 2 0 3809 0 3811
1597 3788 0 2 1 3791
1598 3766 0 2 0 3768
1599 0 0 0 3867 3867
1600 3829 0 7 0 3836
1601 0 3 0 3850 3853
1602 0 0 0 3858 3858
1603 3793 0 1 3 3797
1604 0 3865 0 5 3870
1605 4 0 0 3808 3812
1606 1 0 3752 0 3753
1607 0 3770 0 0 3770
1608 0 0 1 3813 3814
1609 2 0 3786 0 3788
1610 0 3794 1 0 3795
1611 3823 0 2 0 3825
1612 0 1 17 3867 3885
1613 1 3882 1 1 3885
1614 1 0 0 3878 3879
1615 0 1 0 3875 3876
1616 4 0 0 3891 3895
1617 3859 1 0 1 3861
1618 3825 1 0 0 3826
1619 3791 0 0 0 3791
1620 0 1 0 3839 3840
1621 1 0 3789 0 3790
1622 3229 0 516 0 3745
1623 7 3801 0 1 3809
1624 25 0 3802 0 3827
1625 3774 0 0 3 3777
1626 0 4 0 3808 3812
1627 0 0 3812 0 3812
1628 0 0 3792 0 3792
1629 3741 0 12 1 3754
1630 0 21 0 3804 3825
1631 1 2 0 3882 3885
1632 12 0 3871 0 3883
1633 1 0 3866 0 3867
1634 3824 0 0 0 3824
1635 0 8 0 3904 3912
1636 3879 0 7 0 3886
1637 3853 0 1 0 3854
1638 0 3 0 3882 3885
1639 0 3857 0 0 3857
1640 3855 0 2 0 3857
1641 0 1 0 3825 3826
1642 3749 0 4 3 3756
1643 0 3843 0 0 3843
1644 0 0 0 3873 3873
1645 3840 0 1 0 3841
1646 0 1 0 3833 3834
1647 3765 0 1 3 3769
1648 1 3884 0 0 3885
1649 0 1 0 3891 3892
1650 6 0 3831 0 3837
1651 0 3889 0 0 3889
1652 2 0 0 3968 3970
1653 0 0 0 3964 3964
1654 0 2 0 3971 3973
1655 3901 0 3 0 3904
1656 0 3956 0 3 3959
1657 0 1 0 3944 3945
1658 3848 0 0 0 3848
1659 2 3937 2 1 3942
1660 26 0 0 3875 3901
1661 1 3926 0 0 3927
1662 3948 0 2 0 3950
1663 3843 0 0 0 3843
1664 0 3969 0 0 3969
1665 0 0 0 3950 3950
1666 1 0 3901 0 3902
1667 0 3931 0 6 3937
1668 0 0 0 3948 3948
1669 0 0 3920 0 3920
1670 1 3857 0 0 3858
1671 1 3894 0 0 3895
1672 0 0 0 3896 3896
1673 0 3886 0 0 3886
1674 0 3935 0 7 3942
1675 3966 0 0 1 3967
1676 0 0 3964 0 3964
1677 1 19 0 3872 3892
1678 0 0 0 3936 3936
1679 1 2 0 3974 3977
1680 0 0 3924 0 3924
1681 0 0 3873 4 3877
1682 1 3919 0 0 3920
1683 0 1 0 3896 3897
1684 1 0 3900 0 3901
1685 0 2 0 3886 3888
1686 3890 0 5 0 3895
1687 3857 0 0 0 3857
1688 4 3864 0 0 3868
1689 3758 0 8 0 3766
1690 0 3817 0 5 3822
1691 0 0 0 3840 3840
1692 12 0 3759 4 3775
1693 3712 0 0 0 3712
1694 1 0 1 3766 3768
1695 2 0 3754 0 3756
1696 3689 0 1 4 3694
1697 0 15 0 3758 3773
1698 3722 0 1 4 3727
1699 1 0 3720 1 3722
1700 1 3717 0 0 3718
1701 0 0 0 3773 3773
1702 3715 0 0 0 3715
1703 0 5 0 3743 3748
1704 5 3725 0 0 3730
1705 0 1 0 3732 3733
1706 0 1 0 3758 3759
1707 0 1 0 3759 3760
1708 0 0 3712 0 3712
1709 0 2 0 3670 3672
1710 1 0 0 3686 3687
1711 0 0 3660 0 3660
1712 0 1 0 3612 3613
1713 0 0 0 3612 3612
1714 0 0 0 3669 3669
1715 3629 0 2 0 3631
1716 0 1 1 3570 3572
1717 3543 0 0 0 3543
1718 0 1 0 3514 3515
1719 0 0 3484 9 3493
1720 19 0 3432 0 3451
1721 0 0 0 3445 3445
1722 1 3394 0 0 3395
1723 0 1 0 3427 3428
1724 1 3400 0 0 3401
1725 1 3417 0 0 3418
1726 3386 0 0 0 3386
1727 0 0 3374 5 3379
1728 3295 0 0 0 3295
1729 0 0 3292 0 3292
1730 3252 0 0 0 3252
1731 0 3219 0 3 3222
1732 3240 0 2 0 3242
1733 3220 0 0 0 3220
1734 0 10 0 3228 3238
1735 2 1 3206 0 3209
1736 0 0 0 3183 3183
1737 0 0 0 3191 3191
1738 0 0 0 3130 3130
1739 0 3085 0 0 3085
1740 0 0 0 2918 2918
1741 0 2 0 2922 2924
1742 0 0 2811 0 2811
1743 0 2767 0 1 2768
1744 0 0 0 2783 2783
1745 0 2715 0 0 2715
1746 0 2782 0 0 2782
1747 2755 0 0 0 2755
1748 0 0 0 2786 2786
1749 0 0 1 2774 2775
1750 0 0 0 2809 2809
1751 0 0 2764 5 2769
1752 2 1 0 2714 2717
1753 0 2743 0 0 2743
1754 3 0 0 2748 2751
1755 2721 0 0 0 2721
1756 0 0 0 2725 2725
1757 2707 0 0 0 2707
1758 2687 0 0 0 2687
1759 0 2 2 0 4
1760 0 0 2 0 2
