1 94 0 0 0 94
2 0 0 0 106 106
3 0 0 106 0 106
4 104 0 0 0 104
5 104 0 0 0 104
6 0 0 105 0 105
7 0 0 102 0 102
8 0 123 0 0 123
9 119 0 7 0 126
10 123 0 0 0 123
11 0 0 0 125 125
12 126 0 0 0 126
13 125 0 0 0 125
14 0 0 0 124 124
15 0 0 0 122 122
16 0 0 126 0 126
17 0 0 0 122 122
18 125 0 0 0 125
19 0 126 0 0 126
20 0 0 0 123 123
21 122 0 0 0 122
22 0 126 0 0 126
23 0 0 0 123 123
24 0 127 0 0 127
25 125 0 0 0 125
26 0 0 0 122 122
27 0 0 125 0 125
28 0 0 130 0 130
29 0 0 0 128 128
30 132 0 0 0 132
31 0 0 135 0 135
32 0 0 0 135 135
33 137 0 0 0 137
34 135 0 0 0 135
35 1 133 0 0 134
36 150 0 0 0 150
37 0 0 0 148 148
38 0 151 0 1 152
39 0 150 0 0 150
40 153 0 0 0 153
41 152 0 0 0 152
42 0 0 0 150 150
43 0 0 149 0 149
44 0 152 0 0 152
45 148 0 0 0 148
46 0 0 151 0 151
47 150 0 0 0 150
48 0 0 0 150 150
49 0 150 0 0 150
50 0 0 150 0 150
51 150 0 0 0 150
52 145 0 0 0 145
53 0 0 0 150 150
54 0 150 0 0 150
55 0 0 0 150 150
56 0 0 152 0 152
57 0 150 0 0 150
58 149 0 0 0 149
59 0 148 0 0 148
60 0 0 0 150 150
61 0 0 150 0 150
62 0 0 145 0 145
63 0 0 151 0 151
64 150 0 0 0 150
65 0 0 0 152 152
66 151 0 0 0 151
67 149 0 0 0 149
68 0 153 0 0 153
69 151 0 0 0 151
70 0 0 0 149 149
71 0 151 0 0 151
72 0 0 167 0 167
73 0 0 0 170 170
74 0 167 0 0 167
75 169 0 0 0 169
76 165 0 0 0 165
77 166 0 0 0 166
78 0 166 0 0 166
79 0 0 0 166 166
80 0 169 0 0 169
81 164 0 0 0 164
82 0 166 0 0 166
83 0 171 0 0 171
84 175 0 0 0 175
85 0 174 0 0 174
86 176 0 0 0 176
87 0 0 0 176 176
88 0 0 176 0 176
89 0 0 0 173 173
90 0 180 0 0 180
91 0 0 192 0 192
92 0 0 0 221 221
93 0 227 0 0 227
94 235 0 0 0 235
95 232 0 0 0 232
96 229 0 0 0 229
97 225 0 0 0 225
98 0 233 0 0 233
99 0 0 0 237 237
100 0 0 241 0 241
101 0 244 0 0 244
102 0 0 0 246 246
103 245 0 0 0 245
104 0 253 0 0 253
105 0 0 0 255 255
106 0 259 0 0 259
107 255 0 0 0 255
108 257 0 0 0 257
109 0 0 269 0 269
110 0 0 273 0 273
111 0 0 274 0 274
112 0 0 277 0 277
113 278 0 0 0 278
114 0 0 302 0 302
115 0 0 338 0 338
116 0 0 0 335 335
117 0 341 0 0 341
118 342 0 0 0 342
119 339 0 0 0 339
120 0 0 0 337 337
121 0 0 343 0 343
122 0 0 0 340 340
123 0 0 336 0 336
124 327 0 1 0 328
125 0 338 0 0 338
126 0 327 0 0 327
127 0 0 328 0 328
128 0 0 345 0 345
129 0 0 0 334 334
130 0 0 344 0 344
131 0 0 0 340 340
132 344 0 0 0 344
133 345 0 0 0 345
134 0 0 0 343 343
135 333 0 0 0 333
136 0 340 0 0 340
137 0 345 0 0 345
138 334 0 0 0 334
139 0 345 0 0 345
140 0 0 0 337 337
141 0 0 337 0 337
142 332 0 0 0 332
143 0 363 0 0 363
144 366 0 0 0 366
145 367 0 0 0 367
146 0 367 0 0 367
147 365 0 1 0 366
148 357 2 0 0 359
149 0 368 0 0 368
150 362 0 0 1 363
151 0 368 1 0 369
152 0 371 0 0 371
153 0 366 0 0 366
154 374 0 0 0 374
155 0 385 0 0 385
156 0 401 0 0 401
157 399 0 0 0 399
158 398 0 0 0 398
159 406 0 0 0 406
160 0 0 0 403 403
161 0 406 0 0 406
162 0 0 0 397 397
163 0 406 0 0 406
164 412 0 0 0 412
165 0 0 0 401 401
166 0 0 0 409 409
167 0 0 0 409 409
168 0 0 0 412 412
169 0 0 408 0 408
170 0 414 0 0 414
171 412 0 0 0 412
172 403 0 0 0 403
173 397 0 0 0 397
174 0 0 0 400 400
175 0 404 0 0 404
176 0 0 0 403 403
177 0 406 0 0 406
178 405 0 0 0 405
179 401 0 0 0 401
180 405 0 0 0 405
181 0 0 400 0 400
182 0 0 397 0 397
183 412 0 0 0 412
184 409 0 0 0 409
185 0 400 0 0 400
186 402 0 0 0 402
187 4 0 401 0 405
188 402 0 0 0 402
189 398 0 0 0 398
190 396 0 0 0 396
191 0 390 0 0 390
192 0 403 0 0 403
193 399 0 0 0 399
194 0 0 392 0 392
195 0 0 385 0 385
196 0 0 388 0 388
197 0 0 399 0 399
198 0 0 396 0 396
199 403 0 0 0 403
200 401 0 0 0 401
201 405 0 0 0 405
202 0 414 0 0 414
203 0 0 0 414 414
204 420 0 0 0 420
205 0 0 0 418 418
206 0 0 419 0 419
207 0 417 0 1 418
208 0 419 0 0 419
209 0 418 0 0 418
210 419 0 0 0 419
211 416 0 0 0 416
212 417 0 0 0 417
213 418 0 0 0 418
214 0 0 0 416 416
215 0 0 407 0 407
216 0 412 0 0 412
217 0 410 0 0 410
218 0 0 0 391 391
219 0 392 0 0 392
220 395 0 0 0 395
221 394 0 0 0 394
222 0 397 0 0 397
223 0 0 0 395 395
224 2 0 392 0 394
225 0 395 0 0 395
226 392 0 0 0 392
227 0 392 0 0 392
228 394 0 0 0 394
229 0 0 387 0 387
230 391 0 0 0 391
231 0 0 0 382 382
232 0 380 0 0 380
233 0 0 0 384 384
234 0 0 381 0 381
235 1 0 366 0 367
236 369 0 0 0 369
237 0 0 0 361 361
238 0 0 367 0 367
239 0 0 0 365 365
240 360 0 0 0 360
241 0 0 362 0 362
242 0 357 0 0 357
243 0 354 0 0 354
244 0 0 0 349 349
245 0 0 0 359 359
246 0 0 358 0 358
247 0 0 352 0 352
248 0 0 351 0 351
249 0 352 0 2 354
250 355 0 0 0 355
251 0 0 351 0 351
252 352 0 1 0 353
253 0 360 0 0 360
254 0 360 0 0 360
255 360 0 0 0 360
256 362 0 0 0 362
257 363 0 0 0 363
258 4 350 0 0 354
259 0 0 0 351 351
260 0 0 349 0 349
261 0 4 0 331 335
262 346 0 0 0 346
263 0 349 0 0 349
264 344 0 0 0 344
265 0 0 340 0 340
266 0 0 374 0 374
267 0 0 374 0 374
268 376 0 1 0 377
269 372 0 0 0 372
270 374 0 0 0 374
271 364 0 0 0 364
272 0 0 0 362 362
273 348 0 0 0 348
274 0 352 0 0 352
275 0 355 0 0 355
276 0 350 0 0 350
277 0 0 0 339 339
278 0 340 0 0 340
279 0 0 0 339 339
280 1 0 337 0 338
281 0 337 0 0 337
282 338 0 0 0 338
283 340 0 0 0 340
284 0 0 336 0 336
285 0 0 332 0 332
286 0 0 337 0 337
287 0 0 0 302 302
288 0 0 0 333 333
289 0 0 0 337 337
290 0 341 0 0 341
291 342 0 0 0 342
292 355 0 0 0 355
293 0 0 0 352 352
294 353 1 0 0 354
295 0 354 0 0 354
296 0 0 0 348 348
297 0 353 0 0 353
298 0 354 0 0 354
299 347 0 0 0 347
300 0 0 0 327 327
301 0 0 328 0 328
302 323 0 1 0 324
303 321 0 0 0 321
304 0 0 323 0 323
305 0 0 0 308 308
306 0 319 0 0 319
307 317 0 0 0 317
308 0 0 305 0 305
309 300 0 1 0 301
310 0 315 0 0 315
311 0 318 0 0 318
312 0 0 0 312 312
313 0 0 311 0 311
314 0 0 0 312 312
315 0 0 0 317 317
316 316 0 0 0 316
317 0 315 0 0 315
318 314 0 0 0 314
319 0 0 0 309 309
320 0 316 0 1 317
321 0 0 0 315 315
322 0 8 304 0 312
323 0 0 309 0 309
324 0 0 332 0 332
325 0 0 0 286 286
326 0 0 300 0 300
327 0 333 0 0 333
328 0 0 0 334 334
329 0 0 0 340 340
330 0 0 0 342 342
331 0 342 0 0 342
332 0 353 0 6 359
333 0 0 0 363 363
334 363 0 0 0 363
335 0 0 0 349 349
336 355 0 0 0 355
337 353 0 0 0 353
338 0 0 0 369 369
339 1 0 361 2 364
340 0 368 0 0 368
341 362 0 0 0 362
342 0 375 0 0 375
343 0 0 374 0 374
344 368 0 0 0 368
345 0 0 0 370 370
346 360 0 0 0 360
347 0 0 358 0 358
348 363 0 0 0 363
349 361 0 0 0 361
350 0 381 0 0 381
351 376 0 0 0 376
352 374 0 0 0 374
353 369 0 0 0 369
354 367 0 1 0 368
355 364 0 0 0 364
356 0 0 0 373 373
357 0 0 0 382 382
358 383 0 0 0 383
359 0 0 376 0 376
360 379 0 0 0 379
361 0 381 0 0 381
362 375 0 0 0 375
363 0 0 369 0 369
364 0 3 0 365 368
365 0 0 0 372 372
366 0 0 368 0 368
367 0 364 0 0 364
368 0 364 0 0 364
369 1 0 0 360 361
370 358 0 0 0 358
371 348 0 0 0 348
372 0 358 0 0 358
373 0 358 0 0 358
374 0 0 0 358 358
375 0 0 0 350 350
376 0 358 0 0 358
377 0 0 0 355 355
378 0 356 0 0 356
379 0 358 0 0 358
380 0 0 364 0 364
381 359 0 0 0 359
382 0 0 362 0 362
383 0 0 350 0 350
384 346 0 0 0 346
385 0 0 0 351 351
386 347 0 0 0 347
387 0 382 0 0 382
388 0 0 381 0 381
389 377 0 0 0 377
390 381 0 0 0 381
391 0 379 0 0 379
392 364 0 0 0 364
393 0 0 0 368 368
394 0 0 353 0 353
395 0 0 0 344 344
396 0 347 0 0 347
397 349 0 0 0 349
398 0 0 353 0 353
399 0 0 335 0 335
400 0 0 0 331 331
401 0 0 0 335 335
402 334 0 0 0 334
403 14 0 1 318 333
404 0 333 0 0 333
405 336 0 0 0 336
406 329 0 1 0 330
407 0 331 0 0 331
408 0 0 0 333 333
409 0 336 0 0 336
410 332 0 0 0 332
411 0 336 0 0 336
412 341 0 0 0 341
413 331 0 0 0 331
414 0 331 0 0 331
415 0 0 329 0 329
416 0 0 0 323 323
417 0 0 0 332 332
418 337 0 1 0 338
419 0 0 0 326 326
420 0 328 0 1 329
421 336 0 0 0 336
422 334 0 0 0 334
423 0 0 0 331 331
424 0 0 334 0 334
425 0 338 0 0 338
426 344 0 0 0 344
427 0 0 349 0 349
428 342 0 0 0 342
429 345 0 0 0 345
430 0 0 342 0 342
431 341 0 0 0 341
432 0 0 0 341 341
433 0 0 343 0 343
434 0 342 0 0 342
435 335 0 0 0 335
436 0 344 0 0 344
437 0 347 0 0 347
438 346 0 0 0 346
439 0 0 341 0 341
440 0 0 340 0 340
441 341 0 0 0 341
442 0 0 341 0 341
443 0 0 335 0 335
444 335 0 0 0 335
445 0 337 0 0 337
446 0 333 0 0 333
447 0 340 0 0 340
448 0 0 0 321 321
449 320 0 0 0 320
450 0 326 0 0 326
451 4 312 0 0 316
452 317 0 0 0 317
453 308 0 0 0 308
454 314 0 0 0 314
455 0 0 0 306 306
456 0 0 0 319 319
457 0 0 320 0 320
458 0 0 316 0 316
459 311 0 0 0 311
460 310 0 0 0 310
461 0 316 0 0 316
462 0 317 0 0 317
463 0 0 0 312 312
464 0 318 0 0 318
465 320 0 0 0 320
466 0 0 305 0 305
467 0 0 301 0 301
468 0 0 298 0 298
469 0 0 0 290 290
470 0 295 0 0 295
471 0 0 0 292 292
472 0 0 0 297 297
473 0 0 298 0 298
474 0 293 0 0 293
475 0 291 0 0 291
476 0 294 0 0 294
477 0 0 0 301 301
478 295 1 0 0 296
479 296 0 0 0 296
480 0 299 0 0 299
481 298 0 0 0 298
482 0 0 0 291 291
483 0 0 0 285 285
484 283 0 0 0 283
485 0 292 0 0 292
486 0 293 0 0 293
487 297 0 0 0 297
488 289 0 0 0 289
489 0 0 0 287 287
490 0 0 290 0 290
491 0 0 292 0 292
492 285 0 0 0 285
493 289 0 0 6 295
494 295 0 0 0 295
495 0 295 0 0 295
496 0 0 293 0 293
497 0 0 285 0 285
498 284 0 0 0 284
499 0 0 0 288 288
500 0 0 0 289 289
501 0 299 0 0 299
502 0 0 0 287 287
503 0 0 0 276 276
504 0 278 0 0 278
505 0 0 251 0 251
506 0 249 0 0 249
507 248 0 0 0 248
508 237 0 0 0 237
509 0 241 0 0 241
510 252 0 0 0 252
511 244 0 0 0 244
512 0 0 0 255 255
513 1 0 236 0 237
514 0 0 236 0 236
515 0 238 0 0 238
516 0 0 0 239 239
517 0 0 0 240 240
518 0 0 227 0 227
519 0 0 229 0 229
520 0 0 230 0 230
521 0 1 0 225 226
522 0 239 0 0 239
523 1 0 242 0 243
524 0 0 0 242 242
525 0 247 0 0 247
526 0 249 0 0 249
527 0 251 0 0 251
528 251 0 0 0 251
529 252 0 0 0 252
530 258 0 0 0 258
531 280 0 0 0 280
532 272 0 0 0 272
533 278 0 0 0 278
534 0 270 0 0 270
535 0 0 262 0 262
536 272 0 0 0 272
537 0 275 0 0 275
538 285 0 0 0 285
539 280 0 0 0 280
540 279 0 0 0 279
541 8 0 258 0 266
542 266 0 0 0 266
543 0 268 0 1 269
544 268 0 0 0 268
545 272 0 0 0 272
546 274 0 0 0 274
547 270 0 0 0 270
548 0 267 0 0 267
549 261 0 0 0 261
550 0 0 245 0 245
551 7 254 0 0 261
552 251 0 0 0 251
553 240 0 0 0 240
554 0 234 0 0 234
555 243 0 0 0 243
556 0 0 232 0 232
557 235 0 1 0 236
558 0 0 0 230 230
559 0 234 0 1 235
560 0 241 0 0 241
561 241 0 0 0 241
562 0 0 0 241 241
563 0 0 0 243 243
564 244 0 0 0 244
565 244 0 0 0 244
566 0 235 0 0 235
567 239 0 0 0 239
568 243 0 0 0 243
569 0 0 0 236 236
570 243 0 0 0 243
571 0 0 219 0 219
572 226 0 0 0 226
573 243 0 0 0 243
574 0 0 232 0 232
575 0 0 0 196 196
576 223 0 0 0 223
577 0 227 0 0 227
578 0 236 0 0 236
579 239 0 0 0 239
580 0 0 0 238 238
581 242 0 0 0 242
582 0 225 0 0 225
583 246 0 0 0 246
584 0 0 0 245 245
585 0 0 0 246 246
586 0 0 0 248 248
587 0 0 245 0 245
588 0 0 0 241 241
589 242 0 0 0 242
590 0 244 0 0 244
591 241 0 0 0 241
592 0 0 246 0 246
593 247 0 0 0 247
594 244 0 0 0 244
595 0 0 242 0 242
596 0 0 243 0 243
597 253 0 0 0 253
598 0 0 248 0 248
599 258 0 0 0 258
600 256 0 0 0 256
601 0 0 250 0 250
602 251 0 1 0 252
603 0 252 0 0 252
604 0 258 0 0 258
605 260 0 0 0 260
606 262 0 0 0 262
607 261 0 0 0 261
608 0 0 0 253 253
609 0 0 0 257 257
610 255 0 0 0 255
611 0 255 0 0 255
612 0 264 0 0 264
613 0 0 265 0 265
614 0 0 1 255 256
615 0 0 0 275 275
616 0 0 0 284 284
617 12 0 280 0 292
618 0 0 289 0 289
619 0 0 294 0 294
620 0 0 283 0 283
621 0 0 297 0 297
622 0 0 0 334 334
623 0 0 0 346 346
624 0 341 0 0 341
625 0 352 0 0 352
626 344 0 0 0 344
627 0 453 0 0 453
628 0 0 0 448 448
629 0 499 0 0 499
630 0 0 0 502 502
631 0 0 499 0 499
632 494 0 0 0 494
633 0 491 0 0 491
634 480 0 0 0 480
635 5 0 0 429 434
636 0 444 0 0 444
637 443 0 1 0 444
638 487 0 0 0 487
639 0 0 480 0 480
640 461 0 1 0 462
641 0 494 0 1 495
642 0 500 0 0 500
643 1 506 0 0 507
644 502 0 0 0 502
645 501 0 0 0 501
646 500 0 0 0 500
647 0 0 0 495 495
648 0 0 496 0 496
649 0 0 488 0 488
650 0 496 0 0 496
651 494 0 0 0 494
652 493 0 0 0 493
653 490 0 0 0 490
654 0 0 482 0 482
655 0 488 0 0 488
656 0 0 0 487 487
657 0 490 0 0 490
658 0 0 0 487 487
659 487 0 0 0 487
660 0 0 0 488 488
661 0 0 492 0 492
662 0 0 485 0 485
663 0 0 485 0 485
664 0 0 499 0 499
665 493 0 0 0 493
666 0 494 0 0 494
667 0 0 0 477 477
668 0 486 0 0 486
669 490 0 0 0 490
670 486 0 0 0 486
671 480 0 0 0 480
672 0 0 475 0 475
673 0 463 0 0 463
674 0 473 0 0 473
675 0 469 0 0 469
676 0 479 0 0 479
677 475 0 0 0 475
678 0 0 466 0 466
679 460 0 0 0 460
680 467 0 0 0 467
681 0 0 468 0 468
682 0 0 0 461 461
683 0 0 0 466 466
684 0 462 0 1 463
685 453 0 0 0 453
686 0 463 0 0 463
687 0 460 0 0 460
688 0 0 0 459 459
689 0 465 0 0 465
690 462 0 0 1 463
691 0 0 0 453 453
692 0 463 0 0 463
693 0 0 0 457 457
694 0 0 453 0 453
695 0 458 0 0 458
696 0 457 0 0 457
697 466 0 0 0 466
698 458 0 0 0 458
699 0 461 0 0 461
700 0 0 458 0 458
701 0 0 459 0 459
702 456 0 0 0 456
703 0 0 454 0 454
704 0 0 0 445 445
705 0 0 438 19 457
706 464 0 0 0 464
707 0 471 0 0 471
708 0 466 0 0 466
709 464 0 0 0 464
710 0 469 0 0 469
711 469 0 0 0 469
712 0 474 0 0 474
713 474 0 0 0 474
714 0 0 0 468 468
715 0 0 0 469 469
716 466 0 0 0 466
717 0 480 0 0 480
718 0 0 481 0 481
719 0 0 0 469 469
720 0 0 0 471 471
721 0 0 0 473 473
722 0 481 0 1 482
723 480 0 0 0 480
724 0 475 0 0 475
725 463 0 0 0 463
726 0 0 461 0 461
727 453 0 0 0 453
728 0 0 0 455 455
729 0 0 0 453 453
730 0 0 449 0 449
731 0 0 444 0 444
732 0 0 0 434 434
733 0 0 440 0 440
734 0 0 426 0 426
735 0 437 0 0 437
736 0 0 0 437 437
737 0 0 0 431 431
738 0 438 0 0 438
739 0 425 0 0 425
740 0 441 0 0 441
741 446 0 0 0 446
742 440 0 0 0 440
743 437 0 0 0 437
744 0 0 0 425 425
745 0 439 0 0 439
746 446 0 0 0 446
747 438 0 0 0 438
748 422 0 0 0 422
749 0 440 0 0 440
750 420 0 0 0 420
751 0 0 422 0 422
752 422 0 0 0 422
753 395 0 0 0 395
754 0 0 394 0 394
755 394 0 0 0 394
756 5 388 0 3 396
757 0 0 409 0 409
758 0 0 407 0 407
759 393 0 0 0 393
760 0 0 376 0 376
761 0 0 370 0 370
762 360 0 0 0 360
763 0 362 0 0 362
764 0 0 0 368 368
765 360 0 0 0 360
766 0 376 0 0 376
767 0 367 0 0 367
768 366 0 0 0 366
769 0 369 0 0 369
770 372 0 0 0 372
771 364 0 0 0 364
772 368 0 0 0 368
773 0 0 349 0 349
774 0 0 0 321 321
775 0 0 343 0 343
776 0 0 357 0 357
777 0 0 0 351 351
778 361 0 0 0 361
779 1 0 361 0 362
780 348 0 0 0 348
781 346 0 0 0 346
782 0 0 0 353 353
783 0 0 0 344 344
784 0 0 340 0 340
785 0 1 0 330 331
786 0 0 0 339 339
787 0 0 337 0 337
788 0 0 0 332 332
789 0 0 0 333 333
790 0 0 338 0 338
791 332 0 0 0 332
792 0 0 0 330 330
793 0 0 0 343 343
794 333 0 0 0 333
795 0 338 0 1 339
796 339 0 0 0 339
797 0 0 0 339 339
798 0 0 339 0 339
799 0 0 345 1 346
800 0 0 0 324 324
801 0 0 343 0 343
802 0 385 0 0 385
803 413 0 0 0 413
804 408 0 0 0 408
805 405 0 1 0 406
806 409 0 0 0 409
807 400 0 0 0 400
808 0 0 0 400 400
809 0 407 0 0 407
810 0 0 0 412 412
811 0 0 427 0 427
812 0 0 421 0 421
813 459 0 0 0 459
814 455 1 1 0 457
815 464 0 0 0 464
816 460 0 0 0 460
817 450 0 0 0 450
818 0 455 0 0 455
819 441 0 0 0 441
820 0 0 433 0 433
821 0 0 395 0 395
822 349 0 40 0 389
823 399 0 0 0 399
824 0 393 0 0 393
825 398 0 0 0 398
826 392 0 0 0 392
827 0 0 0 393 393
828 0 0 0 395 395
829 377 0 0 0 377
830 0 386 0 0 386
831 0 383 0 0 383
832 0 1 0 391 392
833 388 0 0 0 388
834 0 0 0 390 390
835 0 396 0 0 396
836 395 0 0 0 395
837 400 0 0 0 400
838 388 0 0 0 388
839 0 0 391 0 391
840 374 0 0 0 374
841 0 0 405 0 405
842 0 0 394 0 394
843 0 0 0 315 315
844 378 0 0 0 378
845 0 0 0 390 390
846 0 0 0 386 386
847 0 0 0 398 398
848 0 0 0 400 400
849 403 0 0 0 403
850 0 0 0 401 401
851 0 0 0 398 398
852 0 0 393 0 393
853 0 384 0 0 384
854 0 393 0 0 393
855 0 0 1 385 386
856 0 380 0 0 380
857 384 0 0 0 384
858 380 0 0 0 380
859 378 0 0 0 378
860 371 0 0 0 371
861 2 0 372 0 374
862 0 0 367 0 367
863 0 0 0 311 311
864 0 0 358 0 358
865 0 0 0 339 339
866 0 0 363 0 363
867 0 0 363 0 363
868 0 0 0 337 337
869 0 0 350 0 350
870 0 360 0 0 360
871 0 0 361 0 361
872 0 361 0 0 361
873 363 0 0 0 363
874 360 0 0 0 360
875 0 0 359 0 359
876 0 0 0 354 354
877 0 0 399 0 399
878 0 0 407 0 407
879 0 391 0 0 391
880 413 0 1 0 414
881 0 0 417 0 417
882 0 0 432 0 432
883 430 0 0 1 431
884 0 0 441 0 441
885 0 0 0 404 404
886 446 1 0 0 447
887 447 0 0 0 447
888 0 0 447 0 447
889 0 0 445 0 445
890 0 0 0 431 431
891 453 0 0 0 453
892 449 0 0 0 449
893 0 0 0 454 454
894 454 0 0 0 454
895 452 0 0 0 452
896 451 0 0 0 451
897 453 0 0 0 453
898 0 0 464 0 464
899 0 0 449 0 449
900 439 1 0 0 440
901 0 0 0 441 441
902 0 440 0 0 440
903 0 447 0 0 447
904 0 0 0 455 455
905 0 0 0 462 462
906 0 0 459 0 459
907 0 447 0 0 447
908 0 455 0 0 455
909 0 0 0 451 451
910 0 0 0 454 454
911 0 0 0 450 450
912 454 0 0 0 454
913 439 0 0 0 439
914 0 0 0 436 436
915 0 0 0 432 432
916 0 0 435 0 435
917 0 0 439 0 439
918 393 1 31 0 425
919 0 0 454 0 454
920 426 0 0 0 426
921 432 0 0 0 432
922 0 0 420 0 420
923 0 425 0 0 425
924 431 0 0 0 431
925 0 0 428 0 428
926 427 0 0 0 427
927 0 0 0 428 428
928 0 0 0 436 436
929 0 0 444 0 444
930 0 450 0 0 450
931 0 447 0 0 447
932 0 0 0 431 431
933 0 431 0 0 431
934 0 430 0 0 430
935 435 0 0 0 435
936 0 0 0 432 432
937 0 0 435 0 435
938 437 0 0 0 437
939 443 0 0 0 443
940 446 0 0 0 446
941 443 0 0 0 443
942 433 1 1 0 435
943 0 0 0 439 439
944 439 0 0 0 439
945 0 444 0 0 444
946 0 0 442 0 442
947 0 0 440 0 440
948 0 0 0 424 424
949 0 0 435 0 435
950 0 0 434 0 434
951 434 0 0 0 434
952 0 0 0 444 444
953 0 0 0 436 436
954 437 0 0 0 437
955 440 0 0 0 440
956 437 0 0 0 437
957 0 508 0 0 508
958 535 0 1 0 536
959 536 0 0 0 536
960 577 0 0 0 577
961 560 0 0 0 560
962 0 1 611 0 612
963 0 617 0 0 617
964 630 0 0 0 630
965 628 0 0 0 628
966 0 0 624 0 624
967 0 631 0 0 631
968 0 637 0 0 637
969 0 0 0 638 638
970 0 0 0 637 637
971 650 0 0 0 650
972 0 647 0 0 647
973 0 0 0 643 643
974 646 0 0 0 646
975 0 651 0 0 651
976 637 0 0 0 637
977 0 646 0 0 646
978 647 0 0 0 647
979 0 0 664 0 664
980 0 0 651 0 651
981 0 0 678 0 678
982 0 0 673 0 673
983 688 0 0 0 688
984 693 0 0 0 693
985 0 695 0 0 695
986 686 0 0 0 686
987 0 0 0 709 709
988 0 1 708 0 709
989 0 716 0 0 716
990 707 1 0 0 708
991 711 0 0 0 711
992 705 0 0 0 705
993 0 0 702 0 702
994 0 0 699 0 699
995 0 686 0 0 686
996 0 692 0 0 692
997 703 0 0 0 703
998 0 0 0 698 698
999 710 18 0 0 728
1000 0 0 727 0 727
1001 0 0 720 0 720
1002 720 0 0 0 720
1003 727 0 0 0 727
1004 722 0 0 1 723
1005 0 0 0 712 712
1006 0 0 0 705 705
1007 0 0 691 0 691
1008 0 693 0 2 695
1009 0 691 0 0 691
1010 0 707 0 0 707
1011 724 0 0 0 724
1012 728 0 0 0 728
1013 0 0 0 727 727
1014 729 0 0 0 729
1015 0 0 0 723 723
1016 0 0 727 0 727
1017 0 0 725 0 725
1018 0 0 726 0 726
1019 0 0 0 705 705
1020 0 0 733 0 733
1021 746 0 0 0 746
1022 746 0 0 0 746
1023 748 0 0 0 748
1024 729 0 1 0 730
1025 1 720 0 0 721
1026 681 0 0 1 682
1027 0 724 0 0 724
1028 0 711 0 0 711
1029 0 711 0 0 711
1030 0 0 0 709 709
1031 0 0 0 714 714
1032 0 0 704 0 704
1033 698 1 0 0 699
1034 707 0 0 0 707
1035 0 0 698 0 698
1036 0 712 0 0 712
1037 0 0 0 721 721
1038 1 0 741 0 742
1039 0 0 726 0 726
1040 4 719 0 0 723
1041 0 737 0 1 738
1042 738 0 0 0 738
1043 734 0 0 0 734
1044 0 0 0 741 741
1045 0 0 746 0 746
1046 0 0 732 0 732
1047 719 0 0 0 719
1048 771 0 0 0 771
1049 0 772 0 0 772
1050 0 807 0 0 807
1051 805 0 0 0 805
1052 804 0 0 0 804
1053 805 0 0 0 805
1054 0 0 0 806 806
1055 798 0 0 0 798
1056 0 0 0 815 815
1057 821 0 0 0 821
1058 1 0 802 0 803
1059 784 0 0 0 784
1060 0 803 0 0 803
1061 0 804 0 0 804
1062 0 0 0 791 791
1063 0 808 0 0 808
1064 0 810 0 0 810
1065 0 0 0 811 811
1066 0 0 809 0 809
1067 1 816 0 0 817
1068 829 0 1 0 830
1069 820 0 0 0 820
1070 814 0 0 0 814
1071 804 0 0 0 804
1072 0 819 0 0 819
1073 0 0 0 813 813
1074 809 0 0 0 809
1075 0 0 0 810 810
1076 0 0 0 820 820
1077 825 0 0 0 825
1078 809 0 0 0 809
1079 809 0 0 0 809
1080 160 0 636 0 796
1081 0 0 800 0 800
1082 786 0 0 0 786
1083 796 0 0 0 796
1084 791 8 0 3 802
1085 0 0 812 0 812
1086 0 0 792 0 792
1087 0 0 792 0 792
1088 0 0 826 0 826
1089 0 0 0 799 799
1090 0 0 0 829 829
1091 0 0 0 854 854
1092 0 861 0 1 862
1093 0 0 0 862 862
1094 0 0 0 875 875
1095 0 879 0 2 881
1096 0 0 894 0 894
1097 0 0 880 0 880
1098 876 0 0 0 876
1099 0 0 869 0 869
1100 0 900 0 0 900
1101 0 0 0 914 914
1102 919 0 0 0 919
1103 0 0 0 914 914
1104 0 0 0 931 931
1105 0 0 925 0 925
1106 0 936 1 0 937
1107 0 0 0 954 954
1108 1 0 956 0 957
1109 0 0 951 0 951
1110 0 0 0 911 911
1111 0 0 0 944 944
1112 0 0 0 995 995
1113 0 1001 0 0 1001
1114 0 0 0 1015 1015
1115 0 0 0 1017 1017
1116 1012 0 0 0 1012
1117 0 0 1015 0 1015
1118 968 0 0 0 968
1119 0 0 1009 0 1009
1120 0 0 1005 0 1005
1121 1 0 1006 0 1007
1122 990 0 0 0 990
1123 0 0 1011 0 1011
1124 0 0 1008 0 1008
1125 995 0 0 0 995
1126 2 0 0 991 993
1127 0 0 1001 0 1001
1128 0 0 1002 0 1002
1129 0 0 996 0 996
1130 958 0 0 0 958
1131 973 0 0 0 973
1132 0 0 983 0 983
1133 0 0 984 0 984
1134 971 0 0 0 971
1135 988 0 0 0 988
1136 0 0 0 988 988
1137 0 0 971 0 971
1138 961 0 0 0 961
1139 0 0 0 951 951
1140 0 0 0 964 964
1141 1 0 952 0 953
1142 0 947 0 4 951
1143 965 0 1 0 966
1144 0 0 968 0 968
1145 1 0 982 0 983
1146 0 0 0 955 955
1147 0 0 0 971 971
1148 1 0 973 0 974
1149 0 0 951 0 951
1150 1 947 0 1 949
1151 932 0 0 0 932
1152 0 964 0 1 965
1153 0 0 976 0 976
1154 0 0 981 0 981
1155 985 0 0 0 985
1156 0 0 0 979 979
1157 989 0 0 0 989
1158 0 989 0 0 989
1159 984 0 0 0 984
1160 0 989 0 0 989
1161 996 0 0 0 996
1162 0 0 0 984 984
1163 0 979 0 0 979
1164 0 986 0 0 986
1165 2 988 0 0 990
1166 982 1 1 0 984
1167 0 0 0 975 975
1168 0 0 973 0 973
1169 0 0 963 0 963
1170 0 0 938 0 938
1171 0 0 940 0 940
1172 0 951 0 0 951
1173 953 0 0 0 953
1174 0 951 0 0 951
1175 946 0 2 0 948
1176 0 0 1 963 964
1177 0 0 962 0 962
1178 0 0 955 0 955
1179 917 0 0 0 917
1180 0 0 952 0 952
1181 0 0 0 924 924
1182 926 0 0 0 926
1183 0 0 930 0 930
1184 0 917 0 0 917
1185 0 0 868 0 868
1186 0 0 824 0 824
1187 0 0 0 697 697
1188 0 0 766 0 766
1189 0 0 784 0 784
1190 0 746 0 0 746
1191 790 0 0 0 790
1192 0 0 793 0 793
1193 0 803 0 0 803
1194 0 0 0 806 806
1195 0 0 827 0 827
1196 787 0 0 0 787
1197 0 816 0 0 816
1198 0 882 0 0 882
1199 0 0 0 881 881
1200 0 0 0 893 893
1201 897 0 0 0 897
1202 893 0 0 0 893
1203 0 0 840 0 840
1204 856 2 0 0 858
1205 0 0 849 0 849
1206 0 813 0 0 813
1207 802 0 0 0 802
1208 0 816 0 0 816
1209 0 0 1 808 809
1210 2 820 0 0 822
1211 825 0 0 0 825
1212 839 0 0 0 839
1213 0 0 831 1 832
1214 831 0 0 0 831
1215 0 0 815 0 815
1216 1 0 806 0 807
1217 0 804 0 0 804
1218 0 818 0 1 819
1219 811 0 1 0 812
1220 0 0 0 810 810
1221 813 0 0 0 813
1222 818 0 0 0 818
1223 811 0 0 0 811
1224 0 805 0 0 805
1225 799 0 0 0 799
1226 814 0 0 0 814
1227 0 0 796 9 805
1228 754 0 0 0 754
1229 0 0 0 752 752
1230 757 0 0 0 757
1231 774 0 0 0 774
1232 0 755 0 0 755
1233 786 0 1 0 787
1234 817 0 0 0 817
1235 791 0 0 0 791
1236 803 0 1 0 804
1237 796 0 0 0 796
1238 781 0 0 0 781
1239 0 1 0 751 752
1240 5 739 0 0 744
1241 0 0 0 729 729
1242 0 739 0 0 739
1243 750 0 0 0 750
1244 727 0 0 0 727
1245 0 740 0 0 740
1246 0 0 0 715 715
1247 0 726 0 0 726
1248 0 0 0 712 712
1249 0 0 0 731 731
1250 0 0 0 742 742
1251 0 0 709 0 709
1252 705 0 0 1 706
1253 0 0 710 0 710
1254 0 0 0 677 677
1255 0 0 699 0 699
1256 695 0 0 0 695
1257 0 0 696 0 696
1258 0 680 0 0 680
1259 0 0 0 674 674
1260 0 0 677 0 677
1261 0 1 687 0 688
1262 665 0 0 0 665
1263 680 0 0 0 680
1264 1 0 671 0 672
1265 0 0 0 614 614
1266 658 0 0 0 658
1267 671 0 0 0 671
1268 679 0 0 0 679
1269 0 0 637 0 637
1270 655 0 0 0 655
1271 628 0 0 0 628
1272 0 0 0 595 595
1273 0 614 0 0 614
1274 0 0 0 607 607
1275 0 0 0 603 603
1276 0 601 0 0 601
1277 608 0 0 0 608
1278 602 0 0 0 602
1279 592 0 0 0 592
1280 0 0 569 0 569
1281 581 0 0 0 581
1282 0 574 0 0 574
1283 0 0 0 575 575
1284 585 0 0 0 585
1285 587 0 0 1 588
1286 0 0 543 0 543
1287 0 550 0 0 550
1288 0 0 522 0 522
1289 0 0 522 0 522
1290 0 0 0 506 506
1291 0 0 490 0 490
1292 0 506 0 0 506
1293 0 534 0 0 534
1294 532 0 0 1 533
1295 0 0 0 526 526
1296 1 0 526 0 527
1297 0 0 530 0 530
1298 524 0 0 0 524
1299 0 0 0 533 533
1300 0 0 513 0 513
1301 529 0 0 0 529
1302 527 0 1 0 528
1303 0 531 0 0 531
1304 0 0 0 500 500
1305 0 503 0 0 503
1306 0 500 0 0 500
1307 509 0 0 0 509
1308 0 509 0 0 509
1309 509 0 0 0 509
1310 507 0 0 0 507
1311 0 520 0 0 520
1312 0 0 513 0 513
1313 517 0 0 0 517
1314 523 0 0 0 523
1315 528 0 0 0 528
1316 0 0 0 511 511
1317 514 0 0 0 514
1318 0 520 0 0 520
1319 0 0 0 525 525
1320 527 0 0 0 527
1321 0 0 510 0 510
1322 508 0 0 0 508
1323 515 0 0 0 515
1324 0 522 0 0 522
1325 0 0 0 524 524
1326 538 0 0 0 538
1327 0 0 519 0 519
1328 516 0 0 0 516
1329 0 0 0 513 513
1330 0 0 517 0 517
1331 508 0 0 0 508
1332 0 0 525 0 525
1333 507 0 0 0 507
1334 523 0 0 0 523
1335 509 0 0 0 509
1336 0 0 500 0 500
1337 0 0 0 457 457
1338 0 0 489 0 489
1339 0 0 503 0 503
1340 500 0 1 0 501
1341 0 0 0 486 486
1342 1 0 485 0 486
1343 495 0 0 0 495
1344 0 0 0 494 494
1345 0 505 0 0 505
1346 0 0 0 495 495
1347 0 516 0 0 516
1348 523 0 0 0 523
1349 0 0 509 0 509
1350 501 0 0 0 501
1351 0 0 506 0 506
1352 0 510 0 0 510
1353 0 0 0 512 512
1354 0 0 505 0 505
1355 518 0 0 0 518
1356 0 0 0 504 504
1357 508 0 0 0 508
1358 0 522 0 0 522
1359 529 0 0 0 529
1360 534 0 0 0 534
1361 0 0 0 524 524
1362 531 0 0 0 531
1363 521 0 0 1 522
1364 0 0 505 0 505
1365 0 510 0 0 510
1366 0 0 0 506 506
1367 0 522 0 0 522
1368 517 0 0 0 517
1369 0 516 0 0 516
1370 528 0 0 0 528
1371 529 0 0 0 529
1372 528 0 0 0 528
1373 0 0 0 517 517
1374 529 0 1 0 530
1375 0 0 500 0 500
1376 508 0 0 0 508
1377 500 0 0 0 500
1378 0 508 0 0 508
1379 0 16 0 474 490
1380 0 497 0 0 497
1381 0 0 507 0 507
1382 0 506 0 0 506
1383 475 0 0 0 475
1384 0 0 426 0 426
1385 0 0 0 397 397
1386 0 408 0 0 408
1387 0 422 0 0 422
1388 0 0 0 426 426
1389 1 0 419 0 420
1390 0 427 0 0 427
1391 0 0 0 414 414
1392 0 0 0 420 420
1393 0 0 0 423 423
1394 0 420 0 0 420
1395 0 423 0 0 423
1396 417 1 0 0 418
1397 419 1 0 0 420
1398 0 0 0 402 402
1399 0 0 412 0 412
1400 408 0 0 0 408
1401 410 0 1 0 411
1402 0 0 408 0 408
1403 0 0 415 0 415
1404 426 0 0 0 426
1405 427 0 0 0 427
1406 0 0 0 439 439
1407 448 0 0 0 448
1408 442 0 0 0 442
1409 0 0 0 438 438
1410 444 0 0 0 444
1411 441 0 0 0 441
1412 431 0 0 0 431
1413 0 433 0 0 433
1414 420 0 0 0 420
1415 0 0 419 0 419
1416 0 0 0 414 414
1417 0 0 434 0 434
1418 433 0 0 0 433
1419 433 0 0 0 433
1420 0 0 418 0 418
1421 423 0 0 0 423
1422 0 0 0 423 423
1423 0 0 418 0 418
1424 429 0 0 0 429
1425 423 0 0 1 424
1426 0 427 0 0 427
1427 423 0 0 0 423
1428 0 0 0 402 402
1429 0 391 0 0 391
1430 0 0 0 391 391
1431 0 398 0 0 398
1432 0 0 0 394 394
1433 0 0 0 406 406
1434 0 0 402 0 402
1435 0 0 393 0 393
1436 0 403 0 0 403
1437 2 0 402 0 404
1438 0 414 0 0 414
1439 0 0 0 417 417
1440 0 0 0 417 417
1441 0 0 416 0 416
1442 415 0 1 0 416
1443 414 0 0 0 414
1444 0 413 0 0 413
1445 0 0 418 0 418
1446 411 0 0 0 411
1447 420 0 0 0 420
1448 410 0 0 0 410
1449 7 0 410 0 417
1450 0 410 0 0 410
1451 0 0 0 410 410
1452 0 0 416 0 416
1453 410 0 0 0 410
1454 409 0 0 0 409
1455 0 0 404 0 404
1456 393 0 0 0 393
1457 382 0 0 0 382
1458 383 0 0 0 383
1459 378 0 0 0 378
1460 0 0 0 376 376
1461 0 0 366 0 366
1462 0 368 0 0 368
1463 0 1 0 368 369
1464 0 0 366 0 366
1465 0 0 373 0 373
1466 0 0 373 0 373
1467 0 364 0 0 364
1468 0 372 0 0 372
1469 0 379 0 0 379
1470 0 396 0 1 397
1471 0 0 0 402 402
1472 0 447 0 0 447
1473 1 0 0 451 452
1474 0 0 442 0 442
1475 0 435 0 0 435
1476 0 0 0 454 454
1477 0 0 461 0 461
1478 0 0 0 457 457
1479 458 0 0 0 458
1480 0 0 460 0 460
1481 455 0 0 1 456
1482 0 0 465 0 465
1483 452 0 0 0 452
1484 0 0 0 469 469
1485 472 0 0 0 472
1486 1 0 476 0 477
1487 0 0 482 0 482
1488 0 0 480 0 480
1489 485 0 0 0 485
1490 482 0 0 0 482
1491 0 0 0 483 483
1492 0 0 488 0 488
1493 0 0 477 0 477
1494 475 0 0 0 475
1495 0 0 0 477 477
1496 0 0 470 0 470
1497 0 470 0 0 470
1498 0 0 0 514 514
1499 0 0 0 520 520
1500 0 0 0 517 517
1501 0 0 522 0 522
1502 518 0 0 0 518
1503 517 0 0 0 517
1504 506 0 0 0 506
1505 0 499 0 0 499
1506 0 503 0 0 503
1507 506 0 0 0 506
1508 499 0 0 0 499
1509 500 0 0 0 500
1510 0 504 0 0 504
1511 500 0 0 0 500
1512 0 503 0 0 503
1513 500 0 0 0 500
1514 496 0 0 0 496
1515 65 0 433 0 498
1516 0 0 0 482 482
1517 0 0 490 0 490
1518 0 495 0 0 495
1519 496 0 0 0 496
1520 492 0 0 0 492
1521 0 493 0 0 493
1522 0 498 0 0 498
1523 499 0 0 0 499
1524 0 0 491 0 491
1525 493 0 0 0 493
1526 0 489 0 0 489
1527 0 497 0 2 499
1528 0 0 0 503 503
1529 0 0 504 0 504
1530 0 0 0 491 491
1531 0 483 0 0 483
1532 0 0 0 492 492
1533 482 0 0 0 482
1534 0 0 475 0 475
1535 477 0 0 0 477
1536 0 484 0 0 484
1537 487 0 0 0 487
1538 0 0 486 0 486
1539 483 0 0 0 483
1540 477 0 0 0 477
1541 0 0 0 484 484
1542 478 0 0 0 478
1543 0 0 463 0 463
1544 0 466 0 0 466
1545 2 0 0 464 466
1546 0 0 467 0 467
1547 0 482 0 0 482
1548 0 0 0 487 487
1549 1 0 486 0 487
1550 4 0 480 0 484
1551 0 0 0 464 464
1552 464 0 0 0 464
1553 0 477 0 0 477
1554 0 514 0 0 514
1555 0 0 0 511 511
1556 0 0 0 504 504
1557 0 0 0 512 512
1558 0 0 513 0 513
1559 510 0 0 0 510
1560 0 0 0 507 507
1561 0 0 507 0 507
1562 0 509 0 0 509
1563 509 0 0 0 509
1564 0 0 511 0 511
1565 0 0 499 0 499
1566 499 0 0 0 499
1567 0 0 504 0 504
1568 484 0 5 0 489
1569 485 0 0 0 485
1570 0 0 0 497 497
1571 0 0 0 498 498
1572 0 0 0 495 495
1573 0 0 0 454 454
1574 0 453 0 0 453
1575 0 0 0 392 392
1576 0 384 0 0 384
1577 0 0 0 391 391
1578 0 393 0 0 393
1579 0 390 1 0 391
1580 0 386 0 0 386
1581 0 376 0 0 376
1582 370 0 0 0 370
1583 0 360 0 0 360
1584 0 390 0 0 390
1585 0 0 0 376 376
1586 0 0 0 401 401
1587 0 0 0 399 399
1588 0 0 399 0 399
1589 392 0 0 0 392
1590 0 0 0 393 393
1591 1 0 0 391 392
1592 0 398 0 0 398
1593 393 0 0 0 393
1594 0 394 0 0 394
1595 0 0 0 396 396
1596 1 0 396 0 397
1597 393 0 0 0 393
1598 402 0 0 0 402
1599 0 0 0 399 399
1600 398 0 0 0 398
1601 0 0 0 395 395
1602 0 0 0 394 394
1603 393 0 0 0 393
1604 0 393 0 0 393
1605 0 0 0 377 377
1606 0 0 376 0 376
1607 0 377 0 0 377
1608 0 0 0 377 377
1609 0 0 373 0 373
1610 0 372 0 0 372
1611 374 0 0 0 374
1612 0 0 0 380 380
1613 0 385 0 0 385
1614 0 0 0 373 373
1615 0 0 0 383 383
1616 0 0 0 384 384
1617 376 0 0 0 376
1618 370 0 0 0 370
1619 363 0 0 0 363
1620 0 0 0 387 387
1621 0 0 375 0 375
1622 376 0 0 0 376
1623 0 381 0 0 381
1624 0 0 381 0 381
1625 369 0 0 0 369
1626 0 0 0 378 378
1627 1 0 371 0 372
1628 0 0 374 0 374
1629 371 0 0 0 371
1630 0 0 0 376 376
1631 0 0 0 412 412
1632 0 0 408 0 408
1633 0 0 407 0 407
1634 407 0 0 0 407
1635 0 0 0 410 410
1636 409 0 1 0 410
1637 408 0 0 0 408
1638 0 0 0 406 406
1639 0 396 0 0 396
1640 396 0 0 0 396
1641 0 0 0 367 367
1642 361 0 0 0 361
1643 0 376 0 0 376
1644 0 0 0 377 377
1645 373 0 0 0 373
1646 0 0 0 368 368
1647 365 0 0 0 365
1648 0 371 0 0 371
1649 0 1 0 367 368
1650 0 0 373 0 373
1651 0 379 0 0 379
1652 0 0 0 396 396
1653 0 0 0 397 397
1654 0 0 0 399 399
1655 399 0 0 0 399
1656 0 398 0 0 398
1657 0 0 0 397 397
1658 390 0 0 0 390
1659 0 411 0 0 411
1660 0 0 0 416 416
1661 0 415 0 1 416
1662 411 0 0 0 411
1663 407 0 0 0 407
1664 0 412 0 0 412
1665 0 1 0 405 406
1666 0 0 402 0 402
1667 0 405 0 1 406
1668 0 0 0 406 406
1669 0 0 410 0 410
1670 0 400 0 0 400
1671 0 383 0 8 391
1672 0 1 0 384 385
1673 0 389 0 0 389
1674 0 392 0 0 392
1675 392 0 0 0 392
1676 0 0 393 0 393
1677 0 0 0 393 393
1678 0 0 0 391 391
1679 0 0 0 398 398
1680 0 0 397 0 397
1681 0 0 393 0 393
1682 0 393 0 0 393
1683 0 0 0 382 382
1684 0 0 380 0 380
1685 0 0 0 366 366
1686 365 0 0 0 365
1687 366 0 0 0 366
1688 0 363 0 0 363
1689 359 0 0 0 359
1690 0 365 0 0 365
1691 0 0 0 365 365
1692 0 0 361 0 361
1693 365 0 0 0 365
1694 0 1 0 373 374
1695 0 0 367 0 367
1696 369 0 0 0 369
1697 0 0 0 372 372
1698 373 0 0 0 373
1699 0 0 370 0 370
1700 0 373 0 0 373
1701 0 0 0 370 370
1702 370 0 0 0 370
1703 0 0 0 369 369
1704 0 369 0 0 369
1705 0 0 0 375 375
1706 0 0 0 371 371
1707 0 0 0 375 375
1708 0 0 356 0 356
1709 0 0 0 348 348
1710 0 0 0 353 353
1711 0 0 356 0 356
1712 1 0 0 355 356
1713 0 0 0 354 354
1714 0 1 0 358 359
1715 354 0 0 0 354
1716 0 0 0 356 356
1717 354 0 0 0 354
1718 0 0 0 355 355
1719 0 0 351 0 351
1720 0 0 345 0 345
1721 0 0 0 349 349
1722 0 332 0 0 332
1723 0 0 0 343 343
1724 0 342 0 0 342
1725 0 345 0 0 345
1726 341 0 0 0 341
1727 0 0 339 0 339
1728 332 0 0 0 332
1729 0 0 327 0 327
1730 327 0 0 0 327
1731 0 325 0 0 325
1732 325 0 0 0 325
1733 324 0 0 0 324
1734 0 0 0 318 318
1735 0 0 323 0 323
1736 0 0 0 320 320
1737 0 0 0 321 321
1738 0 0 0 317 317
1739 0 311 0 0 311
1740 0 0 0 289 289
1741 0 0 0 290 290
1742 0 0 284 0 284
1743 0 285 0 0 285
1744 0 0 0 287 287
1745 0 280 0 0 280
1746 0 287 0 0 287
1747 288 0 0 0 288
1748 0 0 0 287 287
1749 0 0 0 289 289
1750 0 0 0 289 289
1751 0 0 289 0 289
1752 0 0 0 286 286
1753 0 286 0 0 286
1754 0 0 0 291 291
1755 288 0 0 0 288
1756 0 0 0 281 281
1757 288 0 0 0 288
1758 288 0 0 0 288
1759 0 0 0 0 0
1760 0 0 0 0 0
