0 0 0 0 0 0
1 2819 0 0 0 2819
2 0 0 0 3078 3078
3 0 0 3215 0 3215
4 0 0 3252 0 3252
5 3244 0 0 0 3244
6 0 12 0 3330 3342
7 3358 0 0 0 3358
8 1 3704 0 0 3705
9 0 9 0 4326 4335
10 0 1 0 4408 4409
11 0 4 0 4439 4443
12 2 11 0 4531 4544
13 4584 0 0 0 4584
14 2 0 0 4584 4586
15 0 2 0 4604 4606
16 4594 0 0 0 4594
17 0 4743 0 2 4745
18 4863 0 0 0 4863
19 4841 0 0 1 4842
20 0 1 5029 0 5030
21 5012 1 0 0 5013
22 5023 0 0 0 5023
23 5045 0 0 0 5045
24 0 5124 0 0 5124
25 0 3 0 5131 5134
26 0 3 0 5152 5155
27 1 5174 0 11 5186
28 0 5200 1 0 5201
29 5205 0 1 0 5206
30 1 0 5193 0 5194
31 5175 0 0 0 5175
32 1 5247 2 0 5250
33 0 9 0 5222 5231
34 5237 0 0 0 5237
35 5 5255 0 1 5261
36 5258 0 1 0 5259
37 5261 0 0 0 5261
38 0 8 1 5308 5317
39 5274 0 0 0 5274
40 5316 1 0 0 5317
41 0 0 0 5340 5340
42 5320 0 2 0 5322
43 1 5339 0 0 5340
44 5398 0 0 1 5399
45 5385 1 1 0 5387
46 5333 0 2 0 5335
47 5353 1 10 0 5364
48 9 0 5253 1 5263
49 2 0 5225 0 5227
50 0 5361 0 2 5363
51 3 5506 0 1 5510
52 5529 0 2 0 5531
53 5511 0 13 1 5525
54 5523 0 0 0 5523
55 5537 2 2 0 5541
56 5523 1 0 1 5525
57 1 5527 0 1 5529
58 5600 0 0 0 5600
59 2 5609 0 0 5611
60 5612 0 0 0 5612
61 5576 0 0 0 5576
62 1 1 1 5564 5567
63 0 0 5423 1 5424
64 2 1 5454 0 5457
65 3 5516 2 3 5524
66 5664 0 13 9 5686
67 2 0 5644 0 5646
68 5565 0 1 0 5566
69 5702 0 3 2 5707
70 0 2 0 5669 5671
71 0 4 0 5695 5699
72 0 40 0 5679 5719
73 5710 0 5 0 5715
74 0 0 5636 0 5636
75 0 19 0 5629 5648
76 2 0 5625 2 5629
77 5685 0 0 0 5685
78 5747 0 11 0 5758
79 2 0 5664 1 5667
80 5717 0 0 3 5720
81 0 6 0 5732 5738
82 0 5718 11 1 5730
83 5 5864 0 0 5869
84 0 15 0 5938 5953
85 0 0 5939 1 5940
86 5968 1 6 0 5975
87 5994 0 0 0 5994
88 0 1 0 5987 5988
89 1 0 0 5964 5965
90 29 1 5899 1 5930
91 0 5963 0 2 5965
92 6030 0 0 0 6030
93 6015 0 0 1 6016
94 0 6007 0 0 6007
95 1 6062 0 1 6064
96 6158 0 1 0 6159
97 0 0 6078 1 6079
98 0 6061 0 26 6087
99 6193 1 0 0 6194
100 6207 0 2 0 6209
101 0 1 0 6181 6182
102 2 1 6129 6 6138
103 0 6201 0 0 6201
104 0 12 1 6237 6250
105 6152 0 108 23 6283
106 0 11 4 6295 6310
107 0 2 0 6325 6327
108 0 6312 0 9 6321
109 6351 2 1 1 6355
110 6341 0 0 0 6341
111 0 21 8 6329 6358
112 6373 0 0 2 6375
113 0 3 0 6392 6395
114 8 6385 0 1 6394
115 0 4 0 6392 6396
116 2 0 6304 2 6308
117 0 6334 4 15 6353
118 3 2 6396 0 6401
119 0 5 1 6362 6368
120 1 6368 0 0 6369
121 1 6384 0 2 6387
122 6473 4 4 0 6481
123 0 0 0 6487 6487
124 1 6502 0 23 6526
125 4 0 0 6570 6574
126 6513 0 2 0 6515
127 0 0 6558 0 6558
128 6417 4 2 0 6423
129 0 0 6542 3 6545
130 27 0 6604 0 6631
131 0 6 0 6532 6538
132 0 6 0 6688 6694
133 0 0 0 6762 6762
134 4 0 6733 1 6738
135 1 6768 0 1 6770
136 0 1 2 6843 6846
137 6803 0 1 7 6811
138 0 9 0 6856 6865
139 29 0 6856 0 6885
140 0 3 1 6820 6824
141 6943 0 10 0 6953
142 6926 0 4 4 6934
143 0 1 0 7011 7012
144 7046 0 0 0 7046
145 7015 1 1 2 7019
146 0 2 7105 0 7107
147 0 4 0 6809 6813
148 4 0 7010 9 7023
149 7114 0 0 0 7114
150 7 7166 0 3 7176
151 7298 0 0 1 7299
152 0 4 3 7319 7326
153 1 0 7386 0 7387
154 7429 0 0 0 7429
155 7678 1 1 0 7680
156 3 1 0 7747 7751
157 0 0 0 7854 7854
158 0 0 0 7934 7934
159 2 2 0 7932 7936
160 1 7883 0 4 7888
161 0 1 0 7938 7939
162 0 7 0 7989 7996
163 6 0 7901 0 7907
164 7856 0 3 0 7859
165 0 7493 1 455 7949
166 2 0 8058 2 8062
167 7834 1 0 1 7836
168 7843 0 0 0 7843
169 1 0 8074 0 8075
170 7983 0 0 2 7985
171 8104 0 13 0 8117
172 0 2 8276 0 8278
173 2 0 8266 0 8268
174 8207 0 18 1 8226
175 8354 0 1 0 8355
176 8362 1 0 0 8363
177 8312 0 7 4 8323
178 15 0 8272 5 8292
179 19 8274 0 44 8337
180 8432 0 0 0 8432
181 3 4 0 8447 8454
182 8479 0 3 2 8484
183 0 60 1 8345 8406
184 8442 0 2 0 8444
185 0 8367 0 2 8369
186 8441 0 1 0 8442
187 15 0 8355 1 8371
188 4 8286 4 0 8294
189 8372 0 0 0 8372
190 1 11 4 8333 8349
191 1 10 1 8374 8386
192 8370 1 2 1 8374
193 4 0 8321 0 8325
194 8291 0 1 0 8292
195 8228 0 8 0 8236
196 4 0 8274 0 8278
197 0 0 8145 2 8147
198 8064 0 125 0 8189
199 0 8175 3 0 8178
200 8231 0 2 0 8233
201 8156 1 1 2 8160
202 2 0 8259 8 8269
203 0 0 8177 3 8180
204 42 0 8181 0 8223
205 8341 2 4 2 8349
206 8439 0 4 0 8443
207 8443 0 0 1 8444
208 2 0 8481 4 8487
209 8481 0 2 0 8483
210 8547 0 11 0 8558
211 8 9305 0 2 9315
212 9646 0 1 0 9647
213 9653 0 3 0 9656
214 9586 0 0 0 9586
215 9594 4 3 1 9602
216 1 9700 0 8 9709
217 0 64 0 9556 9620
218 0 0 1 9708 9709
219 17 0 9547 0 9564
220 9672 2 1 1 9676
221 1 0 9597 1 9599
222 9586 0 2 0 9588
223 2 9566 0 8 9576
224 10 9542 0 0 9552
225 9638 8 4 0 9650
226 0 9693 0 0 9693
227 9746 0 1 0 9747
228 9736 0 1 2 9739
229 0 0 0 9761 9761
230 9735 0 0 1 9736
231 0 6 0 9778 9784
232 4 0 9699 0 9703
233 9590 0 1 0 9591
234 9604 1 1 0 9606
235 0 0 9657 0 9657
236 1 2 0 8543 8546
237 9493 0 3 3 9499
238 9552 0 1 0 9553
239 1 0 0 9509 9510
240 1 7 0 9532 9540
241 6 0 9429 0 9435
242 9381 0 2 8 9391
243 14 0 9452 0 9466
244 6 1 9419 0 9426
245 4 0 9372 0 9376
246 9447 0 33 0 9480
247 9468 0 1 0 9469
248 0 2 0 9297 9299
249 1 0 9337 0 9338
250 4 9306 0 2 9312
251 9 9364 1 1 9375
252 9500 0 6 1 9507
253 9485 0 0 0 9485
254 0 0 9354 2 9356
255 9406 0 3 0 9409
256 9332 1 0 0 9333
257 0 9355 0 0 9355
258 0 9328 0 17 9345
259 9386 1 2 0 9389
260 0 0 1 9306 9307
261 9339 2 4 0 9345
262 0 0 9252 0 9252
263 27 9188 0 1 9216
264 9274 3 6 0 9283
265 2 1 3 9253 9259
266 4 0 9322 1 9327
267 0 0 9230 4 9234
268 9178 0 0 3 9181
269 2 3 0 9185 9190
270 1 0 9183 3 9187
271 1 3 9102 4 9110
272 0 3 1 8993 8997
273 4 9038 0 2 9044
274 5 9166 1 1 9173
275 9225 0 2 1 9228
276 4 0 9224 0 9228
277 9124 0 2 0 9126
278 5 52 8986 0 9043
279 8955 0 0 1 8956
280 0 0 0 8878 8878
281 0 8929 0 0 8929
282 2 8982 0 2 8986
283 1 2 14 8979 8996
284 0 1 0 8998 8999
285 8972 0 1 0 8973
286 1 0 8853 2 8856
287 0 8813 0 0 8813
288 0 0 0 8812 8812
289 8 8810 0 2 8820
290 8923 0 1 0 8924
291 8896 0 1 0 8897
292 0 6 8914 0 8920
293 8833 0 1 1 8835
294 716 0 8071 0 8787
295 11 8762 0 0 8773
296 8874 3 3 0 8880
297 0 0 1 8817 8818
298 1 0 8779 2 8782
299 0 0 8733 1 8734
300 8724 1 2 0 8727
301 8723 0 4 2 8729
302 0 8 0 8727 8735
303 8752 0 1 0 8753
304 1 0 8732 0 8733
305 8685 0 1 0 8686
306 3 0 8600 0 8603
307 8526 0 1 0 8527
308 4 8525 0 1 8530
309 1 1 0 8407 8409
310 0 8437 0 0 8437
311 0 8430 0 5 8435
312 1 8643 0 18 8662
313 8729 0 2 0 8731
314 8548 0 1 7 8556
315 3 0 8542 2 8547
316 0 0 2 8316 8318
317 8507 0 0 0 8507
318 1 146 0 8261 8408
319 2 8397 0 52 8451
320 0 2 6 8459 8467
321 31 0 8390 18 8439
322 2 0 8426 1 8429
323 1 8447 8 5 8461
324 0 8 0 8509 8517
325 7 0 8520 1 8528
326 8297 0 2 4 8303
327 0 9 0 8393 8402
328 0 3 0 8507 8510
329 0 5 0 8565 8570
330 0 0 8631 0 8631
331 3 2 0 8572 8577
332 0 0 0 8653 8653
333 0 2 0 8698 8700
334 0 1 8646 0 8647
335 8426 0 0 0 8426
336 1 2 0 8348 8351
337 0 1 0 8432 8433
338 8343 0 4 0 8347
339 5 8486 1 10 8502
340 8528 0 1 1 8530
341 8501 0 0 0 8501
342 8377 0 7 0 8384
343 8345 4 3 0 8352
344 4 8341 0 6 8351
345 4 8316 0 2 8322
346 8389 2 2 0 8393
347 8368 0 2 0 8370
348 8311 0 1 0 8312
349 8298 11 4 3 8316
350 10 0 8311 0 8321
351 8238 0 4 0 8242
352 0 0 0 8225 8225
353 0 2 0 8274 8276
354 0 1 0 8321 8322
355 8288 1 1 3 8293
356 0 0 0 8267 8267
357 8347 0 3 1 8351
358 1 0 8188 0 8189
359 8233 0 1 0 8234
360 8177 5 1 4 8187
361 6 0 8134 0 8140
362 0 0 0 7916 7916
363 0 3 0 8140 8143
364 1 0 8120 8 8129
365 2 0 8118 2 8122
366 8104 0 7 1 8112
367 8129 1 5 1 8136
368 0 0 3 8109 8112
369 8140 1 2 0 8143
370 8073 1 0 2 8076
371 2 8048 0 0 8050
372 8062 0 4 3 8069
373 8025 0 0 0 8025
374 7970 0 0 3 7973
375 36 0 7947 1 7984
376 0 0 7992 0 7992
377 0 0 7951 1 7952
378 7783 0 7 9 7799
379 0 1 0 7866 7867
380 0 3 3 7977 7983
381 221 0 7730 0 7951
382 17 2 7777 4 7800
383 0 7820 1 3 7824
384 0 7 0 8082 8089
385 0 0 8013 1 8014
386 7959 0 0 3 7962
387 0 0 0 8054 8054
388 3 0 8093 0 8096
389 7951 0 5 2 7958
390 0 1 2 8062 8065
391 0 0 0 8090 8090
392 7982 0 0 4 7986
393 1 8210 0 0 8211
394 0 17 1 8299 8317
395 1 0 0 8329 8330
396 0 2 0 8340 8342
397 8 6 4 8586 8604
398 5 0 8572 18 8595
399 1 0 8819 1 8821
400 8748 0 2 2 8752
401 8996 1 28 0 9025
402 9305 0 0 0 9305
403 9389 1 2 0 9392
404 9347 0 2 0 9349
405 0 0 9314 0 9314
406 9245 1 0 1 9247
407 9442 1 4 0 9447
408 9484 0 0 3 9487
409 0 0 10059 1 10060
410 10066 0 2 0 10068
411 10146 0 0 0 10146
412 10183 0 1 0 10184
413 10167 0 0 0 10167
414 10121 1 7 2 10131
415 0 5 0 10042 10047
416 0 0 0 10201 10201
417 16 0 10120 4 10140
418 0 1 10121 2 10124
419 5 3 10072 2 10082
420 10096 2 5 0 10103
421 10162 1 7 0 10170
422 10178 0 5 3 10186
423 0 5 0 10113 10118
424 10152 0 1 0 10153
425 0 0 10024 1 10025
426 4 10057 0 3 10064
427 10129 0 0 0 10129
428 2 0 3 10160 10165
429 0 0 10126 0 10126
430 0 0 10094 3 10097
431 10107 0 2 1 10110
432 10168 0 9 0 10177
433 7 10211 0 4 10222
434 1 1 0 10275 10277
435 26 0 10268 2 10296
436 10230 1 2 1 10234
437 2 2 0 10324 10328
438 7 0 10308 4 10319
439 10299 0 1 0 10300
440 0 1 1 10352 10354
441 10354 0 2 0 10356
442 1 0 1 10393 10395
443 0 1 0 10421 10422
444 7 10363 0 1 10371
445 10445 2 1 4 10452
446 8 0 10353 1 10362
447 1 10434 0 7 10442
448 0 0 1 10527 10528
449 10566 0 3 2 10571
450 3 10541 0 1 10545
451 10627 0 1 0 10628
452 10666 0 0 1 10667
453 0 94 0 10369 10463
454 2 10541 0 0 10543
455 10672 0 1 0 10673
456 10572 0 48 0 10620
457 1 0 10532 0 10533
458 10373 2 16 0 10391
459 2 10430 0 6 10438
460 0 10 0 10409 10419
461 10308 3 3 19 10333
462 8 10303 5 8 10324
463 2 3 0 10150 10155
464 3 10410 1 2 10416
465 52 0 10486 1 10539
466 0 90 0 10304 10394
467 0 0 0 10503 10503
468 10471 0 2 0 10473
469 10420 0 4 0 10424
470 2 0 10526 0 10528
471 2 17 0 10225 10244
472 10520 0 30 0 10550
473 10637 5 0 0 10642
474 0 1 0 10560 10561
475 1 0 10582 3 10586
476 10563 1 0 1 10565
477 10495 1 6 0 10502
478 0 0 0 10498 10498
479 5 10477 0 9 10491
480 3 10437 0 0 10440
481 3 0 0 10487 10490
482 7 10552 0 5 10564
483 10577 0 1 0 10578
484 0 581 0 9964 10545
485 0 1 1 10667 10669
486 30 0 10633 2 10665
487 1 0 10582 0 10583
488 10352 0 2 0 10354
489 0 3 2 10583 10588
490 4 0 10599 11 10614
491 10404 0 0 1 10405
492 10 0 10560 0 10570
493 1 0 10538 1 10540
494 10483 0 0 1 10484
495 10458 2 5 0 10465
496 0 1 10576 0 10577
497 6 0 10479 0 10485
498 156 0 10331 0 10487
499 10455 0 1 0 10456
500 10585 1 4 1 10591
501 10577 1 18 1 10597
502 1 1 10603 0 10605
503 0 0 10541 2 10543
504 107 0 10407 0 10514
505 10467 1 8 1 10477
506 2 0 10535 1 10538
507 10510 0 0 1 10511
508 0 0 10542 0 10542
509 2 0 0 10391 10393
510 91 0 10430 0 10521
511 7 10499 0 8 10514
512 0 0 1 10621 10622
513 10659 0 0 0 10659
514 10624 0 0 1 10625
515 2 0 10608 1 10611
516 1 10521 0 6 10528
517 10682 0 8 0 10690
518 1 0 10621 3 10625
519 10595 0 11 3 10609
520 2 10550 0 4 10556
521 0 2 1 10540 10543
522 2 10564 0 2 10568
523 10563 1 2 1 10567
524 1 10640 0 4 10645
525 10774 0 3 0 10777
526 0 1 10617 0 10618
527 10551 0 0 1 10552
528 10519 0 2 0 10521
529 1 10495 0 6 10502
530 0 0 1 10478 10479
531 0 9 0 10407 10416
532 0 10444 0 6 10450
533 10471 0 2 0 10473
534 25 3 10391 3 10422
535 3 0 10257 1 10261
536 2 10151 0 4 10157
537 0 0 0 10377 10377
538 1 0 10307 1 10309
539 10182 0 2 0 10184
540 10208 0 0 0 10208
541 1 0 3 10121 10125
542 0 4 1 10140 10145
543 10157 0 5 0 10162
544 10016 0 2 0 10018
545 0 0 10026 2 10028
546 2 1 0 9500 9503
547 4 9678 0 2 9684
548 0 2 0 9808 9810
549 22 0 9840 6 9868
550 9813 0 4 0 9817
551 9815 0 15 0 9830
552 9813 1 4 0 9818
553 9680 0 16 0 9696
554 9676 0 2 0 9678
555 8 1 1 9597 9607
556 1 46 1 9612 9660
557 0 2 1 9653 9656
558 9623 6 29 6 9664
559 0 10 5 9696 9711
560 0 0 9659 6 9665
561 4 0 9751 0 9755
562 23 9658 1 5 9687
563 9884 2 16 0 9902
564 9705 0 1 3 9709
565 0 0 9944 18 9962
566 0 4 1 9750 9755
567 0 2 1 9767 9770
568 1 9789 0 2 9792
569 0 26 1 9799 9826
570 1 9819 3 7 9830
571 9874 2 0 0 9876
572 0 10 1 9839 9850
573 9895 0 12 3 9910
574 9 0 9867 3 9879
575 0 0 9743 2 9745
576 9610 1 3 0 9614
577 3 0 9729 0 9732
578 9695 0 2 1 9698
579 9727 0 52 0 9779
580 2 0 9776 2 9780
581 9813 2 1 0 9816
582 9743 0 2 0 9745
583 0 0 9751 4 9755
584 9674 0 0 2 9676
585 1 9 0 9677 9687
586 7 0 9703 0 9710
587 0 1 0 9623 9624
588 1 3 0 9754 9758
589 3 0 9725 3 9731
590 9580 0 9 1 9590
591 9619 0 8 0 9627
592 9620 0 0 0 9620
593 9612 1 27 1 9641
594 4 0 9812 1 9817
595 0 0 9716 4 9720
596 2 0 9632 1 9635
597 9042 1 662 0 9705
598 9800 0 3 0 9803
599 1 0 1 9951 9953
600 5 1 1 10009 10016
601 7 0 9922 5 9934
602 9871 1 9 0 9881
603 0 16 0 10118 10134
604 0 0 0 10184 10184
605 0 3 0 10258 10261
606 2 404 1 9856 10263
607 10294 0 0 1 10295
608 10073 0 4 0 10077
609 9970 1 2 2 9975
610 12 10124 0 4 10140
611 2 0 0 10083 10085
612 0 0 0 10048 10048
613 5 0 9928 7 9940
614 0 0 9687 0 9687
615 9721 1 1 0 9723
616 4 9846 0 0 9850
617 9884 0 1 0 9885
618 38 0 9772 0 9810
619 9750 0 24 2 9776
620 1 9822 0 1 9824
621 9858 0 39 3 9900
622 9734 0 0 0 9734
623 1 6 1 9656 9664
624 9731 4 0 0 9735
625 1 2 0 9629 9632
626 2 9615 0 1 9618
627 0 4 0 9643 9647
628 9607 0 1 0 9608
629 1 0 9527 0 9528
630 9469 0 0 0 9469
631 0 9407 0 74 9481
632 0 0 0 9514 9514
633 9575 1 2 0 9578
634 9506 1 0 0 9507
635 1 0 9467 1 9469
636 9322 1 0 0 9323
637 4 0 9361 1 9366
638 9348 0 0 0 9348
639 0 0 1 9337 9338
640 9419 0 1 1 9421
641 0 1 0 9396 9397
642 9407 0 18 0 9425
643 0 0 0 9343 9343
644 0 9321 0 0 9321
645 8 1 0 9281 9290
646 0 0 9227 0 9227
647 0 300 0 8920 9220
648 1 0 0 9158 9159
649 1 9086 0 0 9087
650 3 9081 0 8 9092
651 9148 4 2 1 9155
652 2 5 9195 4 9206
653 3 9232 1 26 9262
654 5 9322 2 16 9345
655 3 0 9458 2 9463
656 4 1 9529 1 9535
657 1 1 0 9345 9347
658 1 0 1 9499 9501
659 6 0 0 9527 9533
660 0 9568 0 21 9589
661 0 6 3 9482 9491
662 1 9525 1 2 9529
663 0 9757 0 2 9759
664 9780 0 5 2 9787
665 9724 0 6 0 9730
666 0 37 2 9860 9899
667 0 6 0 9863 9869
668 0 5 0 9932 9937
669 0 5 0 9985 9990
670 3 0 9981 3 9987
671 9892 0 3 1 9896
672 9972 0 3 0 9975
673 5 0 10053 0 10058
674 0 0 9967 7 9974
675 9987 2 5 1 9995
676 10031 51 1 2 10085
677 2 4 0 10136 10142
678 4 0 10070 0 10074
679 10077 0 2 8 10087
680 2 0 10030 0 10032
681 1 0 9941 3 9945
682 9953 0 2 0 9955
683 1 0 10039 0 10040
684 13 9433 0 559 10005
685 2 1 4 10074 10081
686 10082 0 1 6 10089
687 0 10103 0 0 10103
688 10153 0 3 0 10156
689 0 0 1 10200 10201
690 10286 0 5 2 10293
691 4 0 10220 0 10224
692 10186 0 2 0 10188
693 6 10317 0 8 10331
694 10420 1 1 1 10423
695 10343 0 2 0 10345
696 1 5 8 10443 10457
697 10485 2 28 1 10516
698 1 2 977 9525 10505
699 10535 1 0 0 10536
700 13 0 10396 4 10413
701 10252 0 0 1 10253
702 3 10456 0 30 10489
703 6 10458 0 5 10469
704 2 10643 0 2 10647
705 10797 0 0 1 10798
706 10747 0 1 0 10748
707 10832 6 2 0 10840
708 10771 7 4 1 10783
709 0 0 10808 1 10809
710 2 0 10670 3 10675
711 10605 0 11 0 10616
712 2 0 10740 1 10743
713 2 10756 0 2 10760
714 10938 0 4 0 10942
715 10887 0 0 0 10887
716 0 0 1 10918 10919
717 10961 0 0 4 10965
718 0 0 10871 0 10871
719 10940 0 0 1 10941
720 19 0 11051 3 11073
721 11089 1 0 0 11090
722 4 0 11073 1 11078
723 11079 0 2 1 11082
724 11110 0 3 0 11113
725 11166 1 3 0 11170
726 1 0 0 11002 11003
727 9 11157 0 0 11166
728 0 1 0 11136 11137
729 11138 0 11 0 11149
730 0 0 11038 1 11039
731 0 11024 0 4 11028
732 11148 0 2 0 11150
733 11127 0 4 2 11133
734 7 0 11156 5 11168
735 2 0 11124 1 11127
736 11044 2 0 0 11046
737 1 2 2 11062 11067
738 24 0 11015 2 11041
739 0 2 2 10927 10931
740 0 10949 0 8 10957
741 1 2 1 10974 10978
742 2 10851 0 4 10857
743 4 10723 0 2 10729
744 34 10860 0 2 10896
745 0 40 1 10778 10819
746 0 3 0 10847 10850
747 10914 0 7 1 10922
748 3 0 10803 1 10807
749 1 5 2 10555 10563
750 10833 1 1 3 10838
751 0 0 2 10677 10679
752 3 10806 0 6 10815
753 10825 0 0 1 10826
754 18 0 10823 5 10846
755 2 4 0 10661 10667
756 11 10751 1 2 10765
757 10730 0 1 1 10732
758 1 10803 0 0 10804
759 10651 3 3 1 10658
760 4 10759 0 0 10763
761 3 10831 2 1 10837
762 0 25 1 10856 10882
763 10993 0 2 0 10995
764 10942 2 2 1 10947
765 10929 0 2 0 10931
766 10934 0 2 0 10936
767 10863 0 13 0 10876
768 0 0 10813 1 10814
769 1 1 0 10389 10391
770 4 0 1 10813 10818
771 10892 1 2 0 10895
772 10825 0 1 0 10826
773 0 10835 2 1 10838
774 10846 1 1 2 10850
775 1 0 1 10715 10717
776 3 0 10597 1 10601
777 0 0 10373 0 10373
778 4 0 10343 0 10347
779 10540 1 1 0 10542
780 0 0 10581 1 10582
781 2 0 10345 3 10350
782 10374 0 0 2 10376
783 0 10493 0 7 10500
784 2 10618 0 0 10620
785 0 0 0 10657 10657
786 10657 0 0 1 10658
787 10622 1 0 0 10623
788 0 0 10510 0 10510
789 10359 1 0 0 10360
790 2 10502 2 1 10507
791 4 10497 0 8 10509
792 10590 0 13 0 10603
793 10462 0 3 0 10465
794 0 0 0 10517 10517
795 10532 2 2 11 10547
796 2 0 10419 2 10423
797 1 0 10198 11 10210
798 0 0 10151 1 10152
799 1 10152 5 1 10159
800 0 10252 0 1 10253
801 0 14 0 10316 10330
802 0 10336 0 22 10358
803 10233 2 4 0 10239
804 11 10338 0 2 10351
805 10437 1 2 0 10440
806 0 2 0 10366 10368
807 0 5 0 10362 10367
808 0 0 0 10341 10341
809 10263 7 4 6 10280
810 0 10268 0 18 10286
811 14 1 10036 2 10053
812 9929 1 13 0 9943
813 1 9998 0 9 10008
814 4 10001 0 0 10005
815 10040 2 3 1 10046
816 0 1 0 9935 9936
817 1 0 9909 0 9910
818 9965 1 2 0 9968
819 6 0 9876 0 9882
820 0 9869 0 4 9873
821 0 0 0 9836 9836
822 9711 1 4 1 9717
823 6 9852 0 0 9858
824 2 9838 0 0 9840
825 9882 1 3 0 9886
826 12 0 9807 1 9820
827 9712 1 0 0 9713
828 9636 1 26 0 9663
829 5 4 9672 0 9681
830 0 3 1 9372 9376
831 1 6 0 9408 9415
832 5 9554 0 1 9560
833 1 9591 0 0 9592
834 9594 0 1 1 9596
835 0 0 1 9516 9517
836 9409 17 2 0 9428
837 0 183 0 9186 9369
838 9340 1 0 0 9341
839 9248 1 4 7 9260
840 0 3 3 9170 9176
841 0 0 9080 3 9083
842 1 9013 0 4 9018
843 12 9124 0 7 9143
844 15 9 0 9071 9095
845 0 8 0 9028 9036
846 0 7 1 8988 8996
847 5 9047 0 1 9053
848 3 0 1 8940 8944
849 1 1 2 8904 8908
850 1 8896 0 7 8904
851 0 0 0 8962 8962
852 8948 1 5 0 8954
853 8820 1 1 0 8822
854 0 0 0 8814 8814
855 0 0 8785 1 8786
856 0 1 0 8585 8586
857 2 8654 0 2 8658
858 1 0 0 8679 8680
859 2 0 8691 2 8695
860 8574 7 2 0 8583
861 0 0 1 8629 8630
862 0 0 8583 1 8584
863 8502 0 2 0 8504
864 8508 2 0 1 8511
865 0 8629 0 2 8631
866 0 2 0 8607 8609
867 8682 0 0 0 8682
868 0 0 8789 2 8791
869 0 1 8754 1 8756
870 8689 1 0 6 8696
871 1 1 1 8603 8606
872 0 4 3 8785 8792
873 9 0 8735 6 8750
874 6 0 8930 3 8939
875 1 8944 4 9 8958
876 44 8910 0 5 8959
877 9150 1 6 3 9160
878 9137 0 2 2 9141
879 0 1 0 9060 9061
880 9085 0 0 0 9085
881 0 1 0 8992 8993
882 2 0 8875 3 8880
883 8744 0 1 1 8746
884 1 8880 0 0 8881
885 0 7 2 8875 8884
886 0 0 8846 2 8848
887 8727 0 1 1 8729
888 3 0 8779 0 8782
889 1 0 8847 0 8848
890 3 0 8796 0 8799
891 8899 2 110 0 9011
892 9102 0 0 0 9102
893 8978 0 26 0 9004
894 12 0 8823 0 8835
895 1 2 0 8508 8511
896 2 8838 0 3 8843
897 5 8876 0 24 8905
898 9035 0 0 1 9036
899 8996 0 0 0 8996
900 9029 0 0 0 9029
901 9028 0 0 0 9028
902 8990 0 7 0 8997
903 8885 0 2 0 8887
904 6 8947 0 0 8953
905 6 8920 0 3 8929
906 16 1 8858 3 8878
907 8798 0 0 1 8799
908 8786 0 0 0 8786
909 61 0 8606 0 8667
910 8704 0 1 2 8707
911 9 8672 2 1 8684
912 8789 1 0 0 8790
913 0 0 2 8715 8717
914 0 2 1 8761 8764
915 8748 1 0 1 8750
916 2 0 8532 4 8538
917 2 8424 0 8 8434
918 3 8471 1 17 8492
919 8532 0 1 0 8533
920 8538 0 8 0 8546
921 8461 0 5 0 8466
922 2 0 8389 3 8394
923 8318 2 0 0 8320
924 8307 0 1 0 8308
925 0 0 0 8315 8315
926 1 0 8271 0 8272
927 0 0 2 8031 8033
928 3 8150 0 2 8155
929 1 0 3 8177 8181
930 8271 1 1 0 8273
931 4 0 8201 1 8206
932 8186 0 0 0 8186
933 8158 6 40 0 8204
934 8228 1 1 0 8230
935 8173 0 2 2 8177
936 6 0 8058 0 8064
937 6 4 0 7255 7265
938 7612 1 6 0 7619
939 3 7709 0 7 7719
940 0 0 0 7631 7631
941 0 7632 0 1 7633
942 7732 0 6 0 7738
943 7656 0 2 0 7658
944 4 7553 0 0 7557
945 7494 0 1 0 7495
946 1 7513 3 0 7517
947 0 0 0 7312 7312
948 7418 7 2 0 7427
949 3 7518 0 2 7523
950 21 0 7421 1 7443
951 7412 0 4 0 7416
952 2 0 7307 0 7309
953 7333 0 0 0 7333
954 5 245 2 7019 7271
955 1 7316 0 0 7317
956 7391 0 0 0 7391
957 7314 0 1 0 7315
958 7300 2 1 0 7303
959 1 7297 1 0 7299
960 1 1 1 7228 7231
961 7 0 7125 1 7133
962 7036 0 0 0 7036
963 3 7079 0 3 7085
964 5 6999 0 1 7005
965 2 7096 0 1 7099
966 7208 0 11 0 7219
967 7153 0 8 1 7162
968 0 1 0 7056 7057
969 7137 1 22 1 7161
970 15 7 9 7023 7054
971 0 1 0 7100 7101
972 7166 0 11 1 7178
973 7099 0 0 0 7099
974 0 2 0 7001 7003
975 7082 0 3 1 7086
976 7052 0 1 1 7054
977 3 2 2 6980 6987
978 48 11 7008 5 7072
979 7077 0 2 0 7079
980 7109 0 5 0 7114
981 7141 0 0 0 7141
982 7097 1 3 0 7101
983 9 0 6985 1 6995
984 1 6615 0 334 6950
985 1 0 7008 1 7010
986 6870 0 6 0 6876
987 17 0 6912 0 6929
988 6936 0 1 1 6938
989 6932 0 2 0 6934
990 6965 0 10 0 6975
991 9 0 6833 1 6843
992 1 6811 0 0 6812
993 0 40 1 6846 6887
994 6906 0 1 0 6907
995 6931 0 1 0 6932
996 10 6876 0 13 6899
997 0 5 6975 0 6980
998 6967 0 0 1 6968
999 7001 0 0 1 7002
1000 7039 0 0 0 7039
1001 6989 0 1 1 6991
1002 0 4 2 6935 6941
1003 0 1 1 6917 6919
1004 0 2 0 6920 6922
1005 2 6961 0 2 6965
1006 3 2 1 6951 6957
1007 0 0 1 6936 6937
1008 6938 1 20 0 6959
1009 0 4 2 6931 6937
1010 3 0 6941 0 6944
1011 1 0 6908 0 6909
1012 6869 3 3 0 6875
1013 6881 0 3 0 6884
1014 9 0 6774 0 6783
1015 0 6768 0 1 6769
1016 0 2 1 6853 6856
1017 0 3 0 6899 6902
1018 0 6 0 6940 6946
1019 0 0 6905 1 6906
1020 3 0 6828 1 6832
1021 6757 0 3 1 6761
1022 3 0 6806 0 6809
1023 6786 1 5 0 6792
1024 2 0 6789 0 6791
1025 6799 0 1 0 6800
1026 1 6814 0 25 6840
1027 0 2 2 6837 6841
1028 3 0 6841 0 6844
1029 0 10 1 6703 6714
1030 0 1 6840 0 6841
1031 0 15 0 6718 6733
1032 6914 0 5 2 6921
1033 6905 0 0 0 6905
1034 6928 0 0 0 6928
1035 0 0 1 6908 6909
1036 6875 0 1 2 6878
1037 4 6911 0 1 6916
1038 6980 0 2 0 6982
1039 6983 0 0 0 6983
1040 0 1 2 6944 6947
1041 7009 0 4 0 7013
1042 7011 0 0 1 7012
1043 26 1 7002 2 7031
1044 8 1 1 6657 6667
1045 7033 0 0 0 7033
1046 7011 1 1 3 7016
1047 0 11 3 7073 7087
1048 94 0 7140 6 7240
1049 7097 2 50 0 7149
1050 1 0 7263 0 7264
1051 0 0 7273 1 7274
1052 7416 0 4 1 7421
1053 7468 1 3 0 7472
1054 12 0 7372 0 7384
1055 2 7887 0 154 8043
1056 92 0 8062 1 8155
1057 8156 0 7 0 8163
1058 7 0 8299 0 8306
1059 1 7946 0 560 8507
1060 8656 0 0 1 8657
1061 8672 0 2 1 8675
1062 3 8694 0 28 8725
1063 3 0 8700 2 8705
1064 8551 0 0 0 8551
1065 87 1 8548 0 8636
1066 0 8593 0 17 8610
1067 0 0 1 8768 8769
1068 8798 0 9 0 8807
1069 1 9146 2 2 9151
1070 9283 0 3 1 9287
1071 44 0 9249 0 9293
1072 9279 0 2 2 9283
1073 9265 2 4 0 9271
1074 9266 0 0 0 9266
1075 9151 0 5 0 9156
1076 2 9161 0 2 9165
1077 3 8842 0 56 8901
1078 9015 0 6 0 9021
1079 8992 0 0 1 8993
1080 1 6 0 8921 8928
1081 0 5 0 8903 8908
1082 9044 5 0 1 9050
1083 1 1 0 8873 8875
1084 4 0 8869 0 8873
1085 1 8813 0 12 8826
1086 4 8612 4 38 8658
1087 8829 0 9 1 8839
1088 8770 1 1 0 8772
1089 8700 1 6 1 8708
1090 0 2 0 8698 8700
1091 0 1 8659 2 8662
1092 1 6 8538 4 8549
1093 6 0 8653 6 8665
1094 2 8521 0 0 8523
1095 6 8540 0 11 8557
1096 8687 0 0 2 8689
1097 0 8761 0 7 8768
1098 8738 4 36 5 8783
1099 1 0 8817 1 8819
1100 0 0 8831 2 8833
1101 1 1 8836 0 8838
1102 0 0 8857 0 8857
1103 8777 1 4 1 8783
1104 1 31 1 8698 8731
1105 1 0 8885 0 8886
1106 5 0 8971 0 8976
1107 8878 2 10 0 8890
1108 0 1 0 9082 9083
1109 0 7 0 9258 9265
1110 9272 1 0 4 9277
1111 9246 1 1 0 9248
1112 1 9278 0 1 9280
1113 9273 2 0 0 9275
1114 0 5 0 9168 9173
1115 9171 3 0 1 9175
1116 0 9168 0 5 9173
1117 7 9118 1 0 9126
1118 9388 1 4 0 9393
1119 50 1 9422 2 9475
1120 9836 1 2 0 9839
1121 10159 0 9 1 10169
1122 10188 0 3 0 10191
1123 10201 0 5 2 10208
1124 0 1 2 10110 10113
1125 10299 0 5 0 10304
1126 10258 0 2 0 10260
1127 1 0 2 10377 10380
1128 17 0 10447 6 10470
1129 10474 0 3 0 10477
1130 10581 0 2 0 10583
1131 10605 1 8 0 10614
1132 4 0 10432 0 10436
1133 10449 0 0 0 10449
1134 10538 1 3 0 10542
1135 4 0 10527 0 10531
1136 0 7 0 9990 9997
1137 10436 0 35 0 10471
1138 0 0 10328 0 10328
1139 0 10419 0 3 10422
1140 10673 0 0 0 10673
1141 10484 0 1 2 10487
1142 1 1 1 10503 10506
1143 10587 0 6 0 10593
1144 0 0 10535 0 10535
1145 10496 0 1 8 10505
1146 1 7 1 10523 10532
1147 7 1 10546 1 10555
1148 10416 0 0 6 10422
1149 0 10492 1 11 10504
1150 6 0 10560 2 10568
1151 10640 0 5 1 10646
1152 10672 1 1 0 10674
1153 10722 1 1 1 10725
1154 13 10733 0 0 10746
1155 10793 1 4 0 10798
1156 10754 0 1 1 10756
1157 1 3 1 10716 10721
1158 3 6 10696 0 10705
1159 0 0 2 10417 10419
1160 3 0 10618 0 10621
1161 0 10605 1 12 10618
1162 10 10765 0 2 10777
1163 10902 0 0 0 10902
1164 10866 0 9 2 10877
1165 2 0 10863 0 10865
1166 10896 0 0 0 10896
1167 10981 0 0 0 10981
1168 2 0 10837 0 10839
1169 10853 0 1 0 10854
1170 4 0 10877 1 10882
1171 1 10774 0 4 10779
1172 3 11099 0 1 11103
1173 1 11 2 11214 11228
1174 11443 2 0 0 11445
1175 11438 0 3 2 11443
1176 11462 0 4 3 11469
1177 11383 0 3 0 11386
1178 5 1 2 11319 11327
1179 0 11241 0 2 11243
1180 1 11185 0 2 11188
1181 0 11415 0 2 11417
1182 0 12 1 11421 11434
1183 11557 0 2 0 11559
1184 11459 0 1 0 11460
1185 47 11404 4 30 11485
1186 11577 0 1 0 11578
1187 11601 0 2 0 11603
1188 11524 1 0 2 11527
1189 19 1 2 11412 11434
1190 4 0 11519 0 11523
1191 0 0 1 11201 11202
1192 11544 0 1 0 11545
1193 1 0 11474 0 11475
1194 11512 0 1 1 11514
1195 10 0 11463 0 11473
1196 0 15 4 11092 11111
1197 94 0 11159 3 11256
1198 4 0 11243 1 11248
1199 2 11371 0 1 11374
1200 4 0 0 11410 11414
1201 5 0 11494 2 11501
1202 4 11331 0 9 11344
1203 1 0 0 11451 11452
1204 0 4 3 11624 11631
1205 2 0 11557 4 11563
1206 2 0 11566 8 11576
1207 4 2 11866 5 11877
1208 0 1 1 10518 10520
1209 1 0 0 11593 11594
1210 7 11693 0 6 11706
1211 12008 0 3 0 12011
1212 12036 0 5 0 12041
1213 12015 0 5 0 12020
1214 1 12079 0 1 12081
1215 12050 0 0 0 12050
1216 0 0 11934 2 11936
1217 11865 0 0 0 11865
1218 31 0 11767 0 11798
1219 11874 0 4 0 11878
1220 1 0 1 11893 11895
1221 12 0 11921 2 11935
1222 12126 0 0 4 12130
1223 12109 1 0 0 12110
1224 0 3 0 11891 11894
1225 2 12084 0 1 12087
1226 0 2 0 12106 12108
1227 12223 1 0 0 12224
1228 0 156 0 11899 12055
1229 3 0 1 12281 12285
1230 13 0 11928 3 11944
1231 12157 0 2 0 12159
1232 2 0 12053 0 12055
1233 4 12051 0 33 12088
1234 12240 1 2 1 12244
1235 0 12292 0 4 12296
1236 0 11 1 12255 12267
1237 2 12363 0 0 12365
1238 0 2 0 12508 12510
1239 106 0 12306 1 12413
1240 12362 0 0 0 12362
1241 1 12430 0 7 12438
1242 12433 78 1 0 12512
1243 12436 0 2 0 12438
1244 11 0 12528 0 12539
1245 2 3 0 12083 12088
1246 12444 0 1 0 12445
1247 12544 0 3 0 12547
1248 12555 0 1 0 12556
1249 12628 2 3 0 12633
1250 17 0 12043 0 12060
1251 12344 0 2 0 12346
1252 0 0 11751 0 11751
1253 2 12047 0 0 12049
1254 0 1 1 12157 12159
1255 0 12365 0 3 12368
1256 0 1 1 12374 12376
1257 73 0 12106 2 12181
1258 0 0 12100 2 12102
1259 12141 2 1 0 12144
1260 1 12100 6 0 12107
1261 0 12187 0 1 12188
1262 0 4 0 12200 12204
1263 12183 0 2 0 12185
1264 2 12112 0 1 12115
1265 1 12194 0 0 12195
1266 12179 26 3 0 12208
1267 1 0 12174 2 12177
1268 11932 0 0 1 11933
1269 12118 0 2 0 12120
1270 12183 0 4 0 12187
1271 0 153 1 11980 12134
1272 12158 0 4 0 12162
1273 0 0 11667 1 11668
1274 0 0 11624 0 11624
1275 0 1 11788 1 11790
1276 1 11760 0 5 11766
1277 0 11960 0 5 11965
1278 11862 0 8 4 11874
1279 0 0 11926 0 11926
1280 11893 5 2 1 11901
1281 5 11267 0 0 11272
1282 11855 2 3 0 11860
1283 2 1 1 11576 11580
1284 11944 0 67 4 12015
1285 4 0 11224 0 11228
1286 0 11439 0 8 11447
1287 11493 0 12 0 11505
1288 7 11585 0 0 11592
1289 5 11647 0 2 11654
1290 14 11799 3 45 11861
1291 2 1 11762 0 11765
1292 0 1 0 11091 11092
1293 206 1 11332 26 11565
1294 34 0 11607 3 11644
1295 11402 3 5 0 11410
1296 27 0 11610 1 11638
1297 7 11727 0 1 11735
1298 11752 3 2 1 11758
1299 1 50 2 11869 11922
1300 26 0 11903 0 11929
1301 3 1 1 11408 11413
1302 11715 3 4 10 11732
1303 2 6 11810 2 11820
1304 2 0 11851 3 11856
1305 11516 0 10 1 11527
1306 11704 0 5 2 11711
1307 1 0 11728 1 11730
1308 1 1 4 10925 10931
1309 5 0 11710 1 11716
1310 11858 0 3 0 11861
1311 12096 0 0 0 12096
1312 12130 0 9 0 12139
1313 0 1 12073 0 12074
1314 12059 0 149 0 12208
1315 12321 0 0 3 12324
1316 3 0 12324 4 12331
1317 12 0 12619 7 12638
1318 12696 1 1 9 12707
1319 12842 1 1 0 12844
1320 12839 0 0 11 12850
1321 1 2 1 12726 12730
1322 12547 0 0 1 12548
1323 0 13132 0 4 13136
1324 0 11 0 13111 13122
1325 0 7 0 13247 13254
1326 1 0 0 13332 13333
1327 69 0 13228 2 13299
1328 1 2 0 13148 13151
1329 0 13 0 13323 13336
1330 13424 0 2 0 13426
1331 13603 0 2 0 13605
1332 10 13689 0 9 13708
1333 6 0 13699 4 13709
1334 13530 0 12 0 13542
1335 13628 0 22 1 13651
1336 13518 1 15 1 13535
1337 0 0 0 13640 13640
1338 5 13639 3 3 13650
1339 13722 1 3 2 13728
1340 13554 0 41 2 13597
1341 1 13669 0 8 13678
1342 1 7 0 13658 13666
1343 13580 0 2 0 13582
1344 0 13703 0 3 13706
1345 0 4 0 13634 13638
1346 6 3 13595 0 13604
1347 1 10 0 13351 13362
1348 13606 0 1 0 13607
1349 13536 1 9 3 13549
1350 1 2 13503 3 13509
1351 5 0 13311 53 13369
1352 0 12904 0 1 12905
1353 2 13377 0 2 13381
1354 1 1 0 13485 13487
1355 0 13536 0 2 13538
1356 0 19 0 13525 13544
1357 13532 0 0 2 13534
1358 4 13523 0 49 13576
1359 13498 1 2 0 13501
1360 7 0 13653 1 13661
1361 3 0 2 13261 13266
1362 0 1 0 13651 13652
1363 13739 0 2 0 13741
1364 1 0 0 13782 13783
1365 5 1 13709 2 13717
1366 13373 0 5 1 13379
1367 5 1 1 13601 13608
1368 17 0 13506 8 13531
1369 13278 1 2 1 13282
1370 13371 2 3 0 13376
1371 51 0 13431 5 13487
1372 0 1 0 13146 13147
1373 13472 0 1 0 13473
1374 0 16 0 13568 13584
1375 5 0 13552 0 13557
1376 1 3 0 13381 13385
1377 12 0 13443 3 13458
1378 0 13590 0 11 13601
1379 1 16 0 13833 13850
1380 1 1 0 13860 13862
1381 0 1 0 13947 13948
1382 0 2 0 13854 13856
1383 0 5 1 13865 13871
1384 6 13795 0 12 13813
1385 13853 0 1 2 13856
1386 1 5 0 13710 13716
1387 13508 0 2 2 13512
1388 5 13617 0 1 13623
1389 0 5 1 13653 13659
1390 0 5 0 13620 13625
1391 1 13629 0 3 13633
1392 13642 0 2 0 13644
1393 0 9 0 13687 13696
1394 0 7 2 13699 13708
1395 25 0 13625 0 13650
1396 0 5 1 13632 13638
1397 1 4 1 13703 13709
1398 15 0 13593 2 13610
1399 13503 0 0 1 13504
1400 13576 2 2 0 13580
1401 2 6 0 13610 13618
1402 3 0 13591 0 13594
1403 13595 0 1 0 13596
1404 13593 0 0 0 13593
1405 13645 0 0 0 13645
1406 4 0 13472 1 13477
1407 9 13385 0 7 13401
1408 13621 0 2 0 13623
1409 13479 0 0 3 13482
1410 0 8 0 13461 13469
1411 36 0 13382 3 13421
1412 9 13174 1 4 13188
1413 2 13304 1 3 13310
1414 13493 0 2 3 13498
1415 51 0 13271 2 13324
1416 0 13211 1 2 13214
1417 13355 0 6 2 13363
1418 1 0 0 13349 13350
1419 4 0 13364 4 13372
1420 0 1 14449 5 14455
1421 8 0 14617 0 14625
1422 14696 0 12 1 14709
1423 14910 0 2 0 14912
1424 14884 0 9 1 14894
1425 14853 0 0 0 14853
1426 4 2 0 14931 14937
1427 14757 2 1 0 14760
1428 0 14927 0 4 14931
1429 15000 0 2 0 15002
1430 14973 0 3 3 14979
1431 14837 4 13 2 14856
1432 1 0 14799 1 14801
1433 1 5 2 14563 14571
1434 14985 0 5 1 14991
1435 14957 0 1 2 14960
1436 0 1 0 14833 14834
1437 14591 0 2 4 14597
1438 2 14743 0 16 14761
1439 6 14884 0 1 14891
1440 14970 0 4 0 14974
1441 14933 7 2 2 14944
1442 2 1 0 15033 15036
1443 15080 0 0 1 15081
1444 14833 1 1 6 14841
1445 1 14956 0 1 14958
1446 371 14695 2 1 15069
1447 15184 0 2 0 15186
1448 15078 1 1 1 15081
1449 1 15132 0 0 15133
1450 15141 0 0 0 15141
1451 9 1 15113 3 15126
1452 14942 1 0 0 14943
1453 2 0 15113 1 15116
1454 80 11 1 14630 14722
1455 15053 0 15 0 15068
1456 5 0 15191 13 15209
1457 1 8 1 14865 14875
1458 15199 1 8 1 15209
1459 15091 1 3 0 15095
1460 15120 0 1 0 15121
1461 1 1 3 15216 15221
1462 9 4 15256 1 15270
1463 15149 2 7 1 15159
1464 15303 0 4 0 15307
1465 15409 3 4 0 15416
1466 15192 0 221 0 15413
1467 15234 0 145 0 15379
1468 8 1 15398 0 15407
1469 6 0 15252 0 15258
1470 15292 0 6 0 15298
1471 4 0 15626 0 15630
1472 15836 0 0 0 15836
1473 15888 0 0 0 15888
1474 15861 0 0 0 15861
1475 9 0 16303 0 16312
1476 1 5 3 16022 16031
1477 0 8 1 16313 16322
1478 1 3 0 16460 16464
1479 1 16560 2 4 16567
1480 4 0 16594 9 16607
1481 16444 1 12 0 16457
1482 8 16712 0 73 16793
1483 16845 0 1 0 16846
1484 0 2 0 16828 16830
1485 5 0 16710 1 16716
1486 4 16595 0 8 16607
1487 1 13 0 16810 16824
1488 0 0 1 16866 16867
1489 0 7 0 16909 16916
1490 16808 1 1 0 16810
1491 6 16830 0 27 16863
1492 1 0 16841 0 16842
1493 3 2 16697 0 16702
1494 0 0 0 16860 16860
1495 3 16787 0 0 16790
1496 1 1 0 16961 16963
1497 38 7 16868 10 16923
1498 17 0 16722 3 16742
1499 1 16838 2 36 16877
1500 16 0 17028 8 17052
1501 16 0 17114 1 17131
1502 1 4 0 12588 12593
1503 0 1 3 15842 15846
1504 11785 3 0 4 11792
1505 16177 0 1 2 16180
1506 16973 1 2 2 16978
1507 6 1 11433 0 11440
1508 4 0 15095 0 15099
1509 12647 0 55 1 12703
1510 7 12321 0 0 12328
1511 14567 4 3 4 14578
1512 17075 5 5 4 17089
1513 15 2 1 11137 11155
1514 4 12760 2 0 12766
1515 0 7 0 13062 13069
1516 2 14808 0 4 14814
1517 13772 5 4 2 13783
1518 0 1 0 14040 14041
1519 1 13931 0 36 13968
1520 0 5 0 15539 15544
1521 34 0 12533 2 12569
1522 12604 13 6 8 12631
1523 0 1 14144 3 14148
1524 22 0 16405 0 16427
1525 1 0 17317 0 17318
1526 3 0 17835 3 17841
1527 11021 6 29 10 11066
1528 3 0 13944 0 13947
1529 12299 2 2 0 12303
1530 0 7 0 13772 13779
1531 14504 1 1 4 14510
1532 8 13942 0 4 13954
1533 1 5 1 15379 15386
1534 2 0 15077 5 15084
1535 12984 3 6 3 12996
1536 5 4 0 15305 15314
1537 3 2 15284 0 15289
1538 1 2 0 15127 15130
1539 0 3 1 17477 17481
1540 4 0 13923 2 13929
1541 5 10 2 14613 14630
1542 14388 3 4 1 14396
1543 17312 0 0 0 17312
1544 14 14379 0 1 14394
1545 15657 3 1 0 15661
1546 8 0 15327 0 15335
1547 1 1 3 13643 13648
1548 1 2 1 16967 16971
1549 32 2 14721 3 14758
1550 0 7 0 15084 15091
1551 15254 2 12 1 15269
1552 18210 0 2 1 18213
1553 19 15077 0 8 15104
1554 18 49 138 16291 16496
1555 0 3 1 19037 19041
1556 0 1 0 20036 20037
1557 0 64 0 20357 20421
1558 2 1 13947 29 13979
1559 13868 3 0 4 13875
1560 17868 1 4 0 17873
1561 1 0 1 16459 16461
1562 1 3 1 19404 19409
1563 0 3 0 20127 20130
1564 15318 0 9 4 15331
1565 0 2 15041 0 15043
1566 0 2 0 15146 15148
1567 16613 0 12 1 16626
1568 0 0 16481 0 16481
1569 0 50 1 15260 15311
1570 16308 1 7 2 16318
1571 4 16603 0 1 16608
1572 17652 1 5 1 17659
1573 2 0 16084 1 16087
1574 17029 0 6 0 17035
1575 5 3 5 15774 15787
1576 10 16171 0 5 16186
1577 4 18012 0 7 18023
1578 23 18917 3 2 18945
1579 16650 8 1 3 16662
1580 2 1 17006 6 17015
1581 16192 1 45 1 16239
1582 1 0 17473 0 17474
1583 0 2 1 14957 14960
1584 36 0 16947 1 16984
1585 11 3 18195 1 18210
1586 14997 2 3 0 15002
1587 5 15807 0 1 15813
1588 2 4 2 16354 16362
1589 2 17261 0 9 17272
1590 16392 2 7 7 16408
1591 1 1 17162 0 17164
1592 4 0 18053 0 18057
1593 15215 1 51 0 15267
1594 17786 0 7 0 17793
1595 18523 1 2 0 18526
1596 33 0 14911 1 14945
1597 2 5 4 14368 14379
1598 5 0 15424 1 15430
1599 25 2 16736 3 16766
1600 3 14914 0 2 14919
1601 6 17137 7 11 17161
1602 16068 1 9 2 16080
1603 17688 0 2 0 17690
1604 18267 0 0 2 18269
1605 18417 0 36 0 18453
1606 1 0 0 16762 16763
1607 17032 0 1 6 17039
1608 1 327 0 16273 16601
1609 16186 1 2 22 16211
1610 6 15443 0 0 15449
1611 0 5 0 16477 16482
1612 8 4 16251 1 16264
1613 0 10 0 16052 16062
1614 115 1 16709 1 16826
1615 0 0 0 15718 15718
1616 0 2 0 17402 17404
1617 0 3 0 18354 18357
1618 15527 1 3 3 15534
1619 29 0 15638 4 15671
1620 1 0 17411 3 17415
1621 15176 0 22 1 15199
1622 0 2 0 15854 15856
1623 1 5 1 17517 17524
1624 19 0 15363 2 15384
1625 1 0 17026 7 17034
1626 3 14910 0 1 14914
1627 0 1 0 14817 14818
1628 1 15554 0 2 15557
1629 3 17161 0 13 17177
1630 3 17799 0 22 17824
1631 0 7 7 16033 16047
1632 15638 0 3 0 15641
1633 2 5 2 16409 16418
1634 0 2 0 17532 17534
1635 0 1 0 17925 17926
1636 1 0 16065 9 16075
1637 1 1 1 15434 15437
1638 238 0 15940 8 16186
1639 14541 1 8 2 14552
1640 2 0 16317 1 16320
1641 0 9 2 14562 14573
1642 0 0 15998 0 15998
1643 2 0 17241 2 17245
1644 13 0 17755 2 17770
1645 14572 0 12 1 14585
1646 3 3 15820 0 15826
1647 8 4 17053 1 17066
1648 3 1 17941 4 17949
1649 15413 0 6 0 15419
1650 16818 0 32 0 16850
1651 18101 0 1 0 18102
1652 18209 1 1 0 18211
1653 18163 4 2 1 18170
1654 0 0 0 16413 16413
1655 0 16260 0 1 16261
1656 0 67 1 16804 16872
1657 9 0 16459 1 16469
1658 1 4 5 16228 16238
1659 18 1 16375 0 16394
1660 3 3 0 15701 15707
1661 15923 0 3 0 15926
1662 0 16307 0 13 16320
1663 0 1 0 16662 16663
1664 3 1 0 17264 17268
1665 4 0 15441 3 15448
1666 0 1 1 15484 15486
1667 15535 0 1 0 15536
1668 22 15776 0 9 15807
1669 0 0 1 16286 16287
1670 3 2 15567 1 15573
1671 0 15597 0 74 15671
1672 113 16419 1 4 16537
1673 5 1 15911 3 15920
1674 15121 0 1 1 15123
1675 3 1 15770 1 15775
1676 0 2 0 14879 14881
1677 3 0 15217 2 15222
1678 14973 0 0 0 14973
1679 15686 0 3 0 15689
1680 1 40 0 15294 15335
1681 9 1 15046 4 15060
1682 15 0 15391 1 15407
1683 1 14804 0 2 14807
1684 14714 2 3 1 14720
1685 7 15265 0 1 15273
1686 15337 0 2 0 15339
1687 15654 0 1 2 15657
1688 16021 0 8 1 16030
1689 2 2 0 15500 15504
1690 15831 0 2 1 15834
1691 16086 1 2 0 16089
1692 83 0 15141 2 15226
1693 15248 0 2 1 15251
1694 4 2 0 14687 14693
1695 0 14848 0 19 14867
1696 3 15431 0 2 15436
1697 15352 0 5 0 15357
1698 15497 0 60 0 15557
1699 15543 18 4 0 15565
1700 3 1 0 15189 15193
1701 0 0 15161 7 15168
1702 14834 0 0 1 14835
1703 15228 1 4 1 15234
1704 15352 1 5 0 15358
1705 3 7 0 14901 14911
1706 3 0 14867 1 14871
1707 1 0 15123 3 15127
1708 4 0 15269 1 15274
1709 2 0 15376 10 15388
1710 14420 0 59 0 14479
1711 15075 0 1 0 15076
1712 2 2 3 14934 14941
1713 1 0 15071 0 15072
1714 4 0 15254 0 15258
1715 14675 0 2 0 14677
1716 15071 0 1 0 15072
1717 4 0 14550 0 14554
1718 2 14460 0 0 14462
1719 0 14 3 14811 14828
1720 14874 1 4 1 14880
1721 0 0 14870 0 14870
1722 14834 0 2 2 14838
1723 14936 3 5 1 14945
1724 0 0 14760 0 14760
1725 14506 2 0 0 14508
1726 0 0 0 14697 14697
1727 0 3 14984 0 14987
1728 7 22 0 14466 14495
1729 0 11 0 14781 14792
1730 1 4 0 15001 15006
1731 3 12 14632 1 14648
1732 0 14636 0 2 14638
1733 0 21 0 14758 14779
1734 2 3 0 14744 14749
1735 0 14683 1 1 14685
1736 14791 3 7 1 14802
1737 14680 0 9 2 14691
1738 1 0 0 14564 14565
1739 3 14548 0 3 14554
1740 14739 0 1 0 14740
1741 14576 1 3 3 14583
1742 0 1 0 14523 14524
1743 21 0 14415 1 14437
1744 0 14325 0 2 14327
1745 14487 0 3 1 14491
1746 14301 0 15 0 14316
1747 0 14263 0 3 14266
1748 14451 0 1 0 14452
1749 14303 0 0 0 14303
1750 14199 0 0 4 14203
1751 1 0 0 14195 14196
1752 6 0 14163 3 14172
1753 8 1 13987 5 14001
1754 13983 2 2 0 13987
1755 1190 1 12819 8 14018
1756 313 0 13514 1 13828
1757 1 13662 0 11 13674
1758 13951 0 2 1 13954
1759 13858 78 9 2 13947
1760 1 1 0 13899 13901
1761 2 8 0 13929 13939
1762 15 1 13962 0 13978
1763 4 1 0 13687 13692
1764 3 6 1 13777 13787
1765 5 1 13654 3 13663
1766 13556 0 1 0 13557
1767 13508 0 6 1 13515
1768 0 13612 0 0 13612
1769 13610 0 0 1 13611
1770 44 0 13481 2 13527
1771 4 0 13349 2 13355
1772 13479 0 1 0 13480
1773 13341 0 1 0 13342
1774 0 0 1 13029 13030
1775 1 13159 0 5 13165
1776 13158 0 6 0 13164
1777 10 2 1 12966 12979
1778 7 13083 1 1 13092
1779 140 0 12727 3 12870
1780 12654 0 20 0 12674
1781 0 5 1 12727 12733
1782 12694 0 5 0 12699
1783 6 12703 0 0 12709
1784 12871 0 4 0 12875
1785 12742 0 26 0 12768
1786 139 0 12592 0 12731
1787 7 0 12444 3 12454
1788 12418 0 70 1 12489
1789 0 1 2 12453 12456
1790 12576 5 5 0 12586
1791 2 0 1 12466 12469
1792 5 0 12307 8 12320
1793 12317 1 6 0 12324
1794 9 12288 0 5 12302
1795 12304 0 14 0 12318
1796 0 6 2 12173 12181
1797 6 4 12052 2 12064
1798 11853 0 4 0 11857
1799 1 11982 2 4 11989
1800 17 11727 0 106 11850
1801 12010 0 3 0 12013
1802 11897 1 1 0 11899
1803 11876 0 1 0 11877
1804 6 0 11798 2 11806
1805 1 11456 0 3 11460
1806 3 11640 0 0 11643
1807 24 2 2 11672 11700
1808 1 0 11698 4 11703
1809 0 3 1 11345 11349
1810 0 6 0 11470 11476
1811 1 0 1 11355 11357
1812 3 11398 0 3 11404
1813 11463 2 2 0 11467
1814 11325 5 5 3 11338
1815 1 1 11484 9 11495
1816 6 0 11291 3 11300
1817 4 1 11248 3 11256
1818 11193 6 4 39 11242
1819 4 0 11333 2 11339
1820 11241 0 1 2 11244
1821 1 11205 3 6 11215
1822 11317 0 2 0 11319
1823 3 0 11261 1 11265
1824 11219 0 44 0 11263
1825 5 0 11202 0 11207
1826 2 0 0 10966 10968
1827 11259 0 2 20 11281
1828 11328 0 1 0 11329
1829 11329 1 1 0 11331
1830 3 0 0 11193 11196
1831 11146 0 3 2 11151
1832 0 3 10719 0 10722
1833 1 10393 1 4 10399
1834 7 10456 0 3 10466
1835 8 10521 0 0 10529
1836 5 10889 1 4 10899
1837 11584 0 1 1 11586
1838 11650 0 8 0 11658
1839 11593 3 5 0 11601
1840 11359 2 16 0 11377
1841 38 11611 0 0 11649
1842 0 10 12 11563 11585
1843 2 9 2 11587 11600
1844 0 2 0 11635 11637
1845 0 11618 0 171 11789
1846 11820 0 7 0 11827
1847 0 0 11777 6 11783
1848 0 0 1 11316 11317
1849 11811 0 8 0 11819
1850 0 0 2 11798 11800
1851 1 0 1 11873 11875
1852 3 0 11718 6 11727
1853 0 0 11578 1 11579
1854 11648 1 30 0 11679
1855 11683 0 5 1 11689
1856 18 11615 4 0 11637
1857 0 0 2 11542 11544
1858 1 11626 0 2 11629
1859 11703 2 3 0 11708
1860 11620 0 8 0 11628
1861 4 0 11642 3 11649
1862 11494 0 4 0 11498
1863 11502 0 6 0 11508
1864 5 0 11456 3 11464
1865 1 0 11402 3 11406
1866 11513 0 6 1 11520
1867 11549 13 9 2 11573
1868 11546 1 3 0 11550
1869 11450 0 1 0 11451
1870 33 11479 0 5 11517
1871 0 1 0 11491 11492
1872 11579 0 4 0 11583
1873 8 0 11454 1 11463
1874 1 1 1 11295 11298
1875 11492 1 12 1 11506
1876 11469 1 1 1 11472
1877 11452 0 4 1 11457
1878 11454 2 13 1 11470
1879 3 0 11270 9 11282
1880 6 0 11067 2 11075
1881 11154 0 6 2 11162
1882 4 14 0 10976 10994
1883 3 11062 0 3 11068
1884 7 11169 1 6 11183
1885 0 4 0 11179 11183
1886 0 0 0 11197 11197
1887 2 0 1 11223 11226
1888 2 0 11153 2 11157
1889 0 0 11059 2 11061
1890 11091 0 2 0 11093
1891 11205 0 1 2 11208
1892 11234 0 2 1 11237
1893 11161 0 40 0 11201
1894 44 0 11010 0 11054
1895 1 10999 0 6 11006
1896 10980 1 0 4 10985
1897 0 11023 0 14 11037
1898 1 4 0 10978 10983
1899 11061 0 4 0 11065
1900 11012 0 0 0 11012
1901 0 0 11002 2 11004
1902 10901 0 0 1 10902
1903 3 0 10949 0 10952
1904 0 3 0 10503 10506
1905 10788 0 14 0 10802
1906 10794 26 0 0 10820
1907 2 5 1 10806 10814
1908 10813 2 2 2 10819
1909 1 0 0 10711 10712
1910 0 1 0 10685 10686
1911 3 45 0 10646 10694
1912 10511 5 1 0 10517
1913 2 10697 0 0 10699
1914 0 22 0 10652 10674
1915 10678 0 0 1 10679
1916 10576 0 0 0 10576
1917 10584 0 6 1 10591
1918 0 3 0 10626 10629
1919 1 0 10553 0 10554
1920 3 10449 0 2 10454
1921 0 5 0 10517 10522
1922 0 1 0 10574 10575
1923 20 0 10385 4 10409
1924 10464 0 0 2 10466
1925 1 3 0 10435 10439
1926 1 1 10394 0 10396
1927 4 10290 0 5 10299
1928 10211 0 1 1 10213
1929 4 10311 6 0 10321
1930 0 2 19 10433 10454
1931 10383 0 0 3 10386
1932 0 1 0 10386 10387
1933 1 0 10407 0 10408
1934 0 20 0 10209 10229
1935 10347 7 31 1 10386
1936 0 0 0 10348 10348
1937 0 0 0 10412 10412
1938 0 2 0 10427 10429
1939 2 0 10379 2 10383
1940 0 0 10364 0 10364
1941 10362 1 10 1 10374
1942 10434 1 3 0 10438
1943 10450 0 3 1 10454
1944 0 1 1 10418 10420
1945 6 0 10415 0 10421
1946 3 10050 0 30 10083
1947 5 10089 0 8 10102
1948 3 10093 0 1 10097
1949 10218 0 0 5 10223
1950 10193 0 6 0 10199
1951 1 1 0 10152 10154
1952 0 0 0 10232 10232
1953 16 0 10199 0 10215
1954 2 0 10075 0 10077
1955 9765 1 1 0 9767
1956 8 0 9989 2 9999
1957 0 0 9916 2 9918
1958 0 0 9856 0 9856
1959 1 0 9921 0 9922
1960 0 1 1 9701 9703
1961 0 0 4 9859 9863
1962 0 16 0 9950 9966
1963 9950 0 0 0 9950
1964 1 5 9887 0 9893
1965 0 4 0 9768 9772
1966 2 0 9984 0 9986
1967 1 9697 0 18 9716
1968 9 9765 0 5 9779
1969 2 0 9933 0 9935
1970 9745 0 4 0 9749
1971 30 0 9806 0 9836
1972 3 0 1 9673 9677
1973 4 9622 0 0 9626
1974 0 1 1 9793 9795
1975 9720 0 1 0 9721
1976 2 0 9755 0 9757
1977 4 0 9611 0 9615
1978 9440 0 1 1 9442
1979 11 0 9456 5 9472
1980 9329 0 1 1 9331
1981 0 9382 0 0 9382
1982 0 2 0 9493 9495
1983 0 0 2 9515 9517
1984 15 9428 0 0 9443
1985 0 2 1 9477 9480
1986 9332 0 0 1 9333
1987 3 9328 0 19 9350
1988 1 0 1 9426 9428
1989 9255 1 2 8 9266
1990 0 46 0 9152 9198
1991 0 2 0 9251 9253
1992 5 0 9189 4 9198
1993 9110 0 0 1 9111
1994 0 1 1 9115 9117
1995 0 1173 0 7885 9058
1996 4 9032 0 3 9039
1997 9074 0 0 2 9076
1998 8958 1 8 0 8967
1999 4 1 8954 0 8959
2000 2 8802 0 2 8806
2001 8869 0 0 0 8869
2002 1 0 1 8786 8788
2003 1 3 1 8811 8816
2004 8897 0 14 3 8914
2005 8811 0 10 0 8821
2006 8732 1 9 0 8742
2007 8 0 8616 1 8625
2008 0 0 8511 4 8515
2009 8446 0 4 0 8450
2010 4 8460 0 5 8469
2011 8477 0 0 1 8478
2012 5 0 8425 2 8432
2013 8437 0 6 0 8443
2014 8343 1 2 0 8346
2015 8268 1 0 0 8269
2016 0 0 8171 0 8171
2017 0 0 8012 1 8013
2018 49 0 7922 0 7971
2019 1 0 0 7744 7745
2020 7 7708 1 2 7718
2021 0 7834 0 0 7834
2022 6 0 0 7839 7845
2023 0 0 0 7851 7851
2024 0 0 7801 2 7803
2025 1 0 7705 0 7706
2026 0 0 7688 0 7688
2027 1 1 1 7316 7319
2028 2 0 7501 0 7503
2029 0 4 0 7348 7352
2030 0 1 0 7404 7405
2031 1 7386 0 2 7389
2032 11 0 7275 0 7286
2033 6978 0 2 0 6980
2034 0 7034 0 5 7039
2035 0 2 0 7013 7015
2036 0 2 1 6994 6997
2037 6863 0 7 0 6870
2038 4 0 6860 1 6865
2039 6747 0 11 0 6758
2040 15 0 6678 0 6693
2041 0 0 6648 0 6648
2042 1 0 6638 4 6643
2043 6612 0 0 0 6612
2044 6608 0 0 0 6608
2045 0 3 1 6543 6547
2046 0 0 6448 0 6448
2047 0 0 0 6308 6308
2048 6342 0 0 0 6342
2049 0 9 0 6240 6249
2050 0 1 0 6257 6258
2051 6 6201 0 0 6207
2052 0 0 0 6242 6242
2053 2 0 6113 1 6116
2054 1 0 6059 2 6062
2055 5976 1 9 0 5986
2056 5980 2 3 0 5985
2057 0 1 0 5942 5943
2058 5898 3 1 0 5902
2059 0 0 5865 1 5866
2060 5791 0 0 0 5791
2061 5738 0 0 0 5738
2062 1 0 5716 0 5717
2063 5654 0 0 0 5654
2064 5634 0 0 0 5634
2065 0 0 0 5600 5600
2066 1 0 5600 0 5601
2067 0 12 0 5409 5421
2068 5513 0 2 0 5515
2069 0 2 1 5483 5486
2070 0 10 2 5471 5483
2071 5392 0 1 2 5395
2072 0 0 5317 0 5317
2073 6 5228 0 0 5234
2074 5277 0 2 0 5279
2075 5172 0 6 1 5179
2076 0 5147 0 0 5147
2077 5171 0 0 0 5171
2078 4952 0 0 0 4952
2079 0 5008 0 8 5016
2080 0 4994 0 0 4994
2081 7 4961 0 0 4968
2082 0 0 0 4970 4970
2083 0 0 0 5014 5014
2084 16 0 4935 0 4951
2085 1 0 4891 1 4893
2086 0 0 4878 0 4878
2087 2 1 0 4578 4581
2088 61 0 4720 1 4782
2089 4774 0 7 0 4781
2090 0 0 0 4763 4763
2091 4687 0 3 0 4690
2092 0 4637 0 3 4640
2093 4694 0 0 0 4694
2094 0 0 4661 0 4661
2095 4553 0 0 0 4553
2096 5 0 4598 0 4603
2097 0 1 0 4433 4434
2098 0 0 4487 0 4487
2099 0 55 0 4350 4405
2100 4475 0 0 0 4475
2101 0 0 1 4438 4439
2102 4415 0 0 0 4415
2103 7 4362 0 25 4394
2104 0 0 0 4400 4400
2105 1 0 4361 0 4362
2106 0 0 4356 0 4356
2107 0 3 0 4263 4266
2108 0 0 0 4234 4234
2109 1 4233 0 0 4234
2110 4276 0 0 0 4276
2111 4255 0 0 0 4255
2112 0 0 1 4251 4252
2113 2 0 4247 0 4249
2114 4201 0 0 1 4202
2115 4184 0 11 0 4195
2116 2 0 0 4179 4181
2117 0 0 4164 0 4164
2118 1 0 4150 0 4151
2119 0 0 0 4030 4030
2120 0 0 0 4116 4116
2121 6 0 4066 2 4074
2122 307 0 3695 2 4004
2123 22 0 3917 0 3939
2124 2 3815 0 3 3820
2125 0 0 1 3935 3936
2126 0 0 1 3966 3967
2127 0 2 1 3950 3953
2128 0 0 3931 0 3931
2129 3861 0 0 0 3861
2130 3839 0 1 1 3841
2131 3822 0 3 0 3825
2132 3779 0 1 0 3780
2133 19 0 3770 0 3789
2134 3 0 3791 0 3794
2135 3718 0 0 0 3718
2136 0 0 3701 1 3702
2137 0 0 3667 1 3668
2138 1 0 3616 1 3618
2139 4 0 3625 2 3631
2140 3600 0 0 0 3600
2141 0 0 3604 0 3604
2142 0 2 0 3453 3455
2143 3567 0 11 0 3578
2144 3535 0 0 0 3535
2145 3456 0 50 0 3506
2146 151 0 3353 0 3504
2147 1 0 0 3299 3300
2148 11 0 3340 0 3351
2149 0 0 1 3356 3357
2150 1 0 0 3372 3373
2151 7 0 3294 28 3329
2152 180 0 3111 0 3291
2153 3301 0 0 0 3301
2154 3263 0 0 0 3263
2155 0 0 1 3202 3203
2156 1 3225 0 0 3226
2157 3231 0 1 0 3232
2158 36 0 3210 0 3246
2159 0 4 0 3175 3179
2160 689 0 2503 0 3192
2161 7 0 3189 0 3196
2162 3179 0 0 0 3179
2163 0 0 0 3160 3160
2164 3 0 3166 0 3169
2165 3137 0 0 1 3138
2166 3138 0 1 0 3139
2167 1 0 3099 0 3100
2168 1 0 0 3068 3069
2169 3092 0 2 0 3094
2170 3058 0 2 6 3066
2171 0 0 0 3045 3045
2172 4 0 3009 2 3015
2173 5 0 2983 0 2988
2174 2983 0 0 0 2983
2175 0 0 0 2970 2970
2176 12 0 2953 0 2965
2177 2964 0 0 0 2964
2178 2950 0 0 0 2950
2179 1 0 0 2888 2889
2180 2900 0 0 0 2900
2181 2856 0 0 0 2856
2182 6 0 0 0 6
