0 0 0 0 0 0
1 2939 0 0 0 2939
2 0 0 0 3239 3239
3 0 0 3385 0 3385
4 0 0 3412 0 3412
5 3390 0 0 0 3390
6 1 0 0 3480 3481
7 3530 1 0 1 3532
8 0 3892 0 4 3896
9 0 2 0 4385 4387
10 0 0 0 4449 4449
11 0 1 0 4487 4488
12 0 0 0 4584 4584
13 4635 0 0 0 4635
14 0 1 0 4636 4637
15 0 0 0 4643 4643
16 4632 1 35 0 4668
17 6 4768 0 4 4778
18 4865 0 0 0 4865
19 4820 0 1 0 4821
20 5 0 4924 1 4930
21 4892 1 3 0 4896
22 4924 1 0 0 4925
23 4986 1 0 0 4987
24 1 5027 0 2 5030
25 0 2 0 5019 5021
26 1 0 0 5053 5054
27 0 5079 0 6 5085
28 1 5089 0 0 5090
29 5084 3 0 1 5088
30 0 3 5015 0 5018
31 5052 0 1 0 5053
32 0 5097 0 1 5098
33 0 0 0 5091 5091
34 5088 0 0 0 5088
35 0 5134 0 0 5134
36 5120 0 1 0 5121
37 5081 0 0 0 5081
38 0 6 0 5143 5149
39 5125 0 0 0 5125
40 5133 0 0 0 5133
41 0 2 0 5165 5167
42 5173 0 0 0 5173
43 0 5195 0 0 5195
44 5194 0 8 0 5202
45 5195 1 1 1 5198
46 5146 0 0 0 5146
47 5141 1 15 0 5157
48 2 0 4997 0 4999
49 0 0 4970 1 4971
50 2 5134 0 0 5136
51 0 5258 0 2 5260
52 5280 1 9 0 5290
53 5252 1 0 0 5253
54 5225 0 0 0 5225
55 5267 0 0 0 5267
56 5279 0 1 0 5280
57 1 5248 0 1 5250
58 5361 0 0 0 5361
59 0 5343 0 0 5343
60 5352 1 2 0 5355
61 5329 0 0 0 5329
62 0 0 1 5292 5293
63 0 0 5112 1 5113
64 1 1 5128 0 5130
65 3 5218 0 1 5222
66 5394 0 1 4 5399
67 1 0 5325 0 5326
68 5226 1 0 1 5228
69 5403 0 1 0 5404
70 4 4 0 5398 5406
71 0 0 0 5408 5408
72 1 7 0 5451 5459
73 5476 0 1 0 5477
74 3 0 5361 2 5366
75 0 1 1 5391 5393
76 1 0 5336 0 5337
77 5424 0 0 3 5427
78 5521 0 0 1 5522
79 0 0 5377 0 5377
80 5441 0 0 2 5443
81 0 0 0 5442 5442
82 1 5451 0 0 5452
83 2 5552 0 2 5556
84 2 2 0 5617 5621
85 0 0 5592 0 5592
86 5649 0 1 0 5650
87 5703 1 7 0 5711
88 0 0 0 5634 5634
89 1 1 0 5636 5638
90 21 1 5591 2 5615
91 1 5644 0 0 5645
92 5735 0 2 0 5737
93 5678 0 0 0 5678
94 0 5701 1 1 5703
95 2 5734 0 3 5739
96 5847 0 1 0 5848
97 0 0 5710 0 5710
98 0 5651 0 101 5752
99 5837 0 1 0 5838
100 5813 0 1 0 5814
101 0 0 0 5803 5803
102 26 0 5740 0 5766
103 0 5766 0 14 5780
104 5 0 0 5839 5844
105 5913 0 0 1 5914
106 2 0 0 5886 5888
107 2 0 1 5916 5919
108 4 5885 0 1 5890
109 5924 0 1 0 5925
110 5921 0 0 0 5921
111 0 30 0 5867 5897
112 5940 0 0 0 5940
113 0 0 1 5936 5937
114 0 5916 0 3 5919
115 6 3 0 5922 5931
116 1 0 5850 0 5851
117 0 5903 0 4 5907
118 7 0 5869 0 5876
119 0 2 2 5844 5848
120 5 5801 0 4 5810
121 0 5895 2 1 5898
122 5982 2 1 0 5985
123 1 0 0 6019 6020
124 0 6028 0 0 6028
125 0 0 0 6088 6088
126 6032 0 0 0 6032
127 0 0 6059 0 6059
128 5955 0 0 0 5955
129 8 0 6049 0 6057
130 1 0 6105 1 6107
131 0 0 0 6081 6081
132 1 0 0 6271 6272
133 0 2 0 6328 6330
134 1 0 6319 0 6320
135 1 6325 0 5 6331
136 0 1 0 6443 6444
137 6408 0 0 0 6408
138 0 0 0 6460 6460
139 0 0 6482 3 6485
140 2 3 0 6429 6434
141 6582 0 2 0 6584
142 6580 0 1 0 6581
143 0 1 0 6634 6635
144 6693 0 1 1 6695
145 6607 1 1 2 6611
146 5 0 6631 0 6636
147 0 0 0 6335 6335
148 1 0 6548 0 6549
149 6600 0 1 1 6602
150 4 6689 0 2 6695
151 6806 0 0 0 6806
152 0 2 0 6848 6850
153 2 1 6880 1 6884
154 6934 0 0 0 6934
155 7115 0 1 0 7116
156 0 0 0 7218 7218
157 0 1 0 7243 7244
158 0 5 0 7292 7297
159 0 0 0 7291 7291
160 0 7282 0 4 7286
161 0 2 0 7277 7279
162 0 23 0 7303 7326
163 3 0 7257 0 7260
164 7230 0 0 0 7230
165 3 7100 0 182 7285
166 10 0 7346 0 7356
167 7089 1 1 1 7092
168 7113 1 1 0 7115
169 0 0 7283 3 7286
170 7223 1 0 0 7224
171 7356 0 5 1 7362
172 0 0 7462 0 7462
173 1 1 7460 0 7462
174 7445 0 1 0 7446
175 7539 0 1 0 7540
176 7532 0 0 0 7532
177 7518 1 9 0 7528
178 10 0 7421 0 7431
179 12 7403 3 17 7435
180 7521 0 1 0 7522
181 0 1 0 7528 7529
182 7568 0 2 0 7570
183 0 14 0 7533 7547
184 7585 3 0 1 7589
185 4 7495 0 0 7499
186 7548 4 0 0 7552
187 13 0 7379 0 7392
188 0 7369 0 0 7369
189 7424 0 1 19 7444
190 0 1 0 7421 7422
191 0 0 0 7464 7464
192 7397 0 62 2 7461
193 0 1 7347 0 7348
194 7373 0 0 0 7373
195 7392 0 1 0 7393
196 1 0 7382 0 7383
197 1 0 7230 0 7231
198 7220 0 120 0 7340
199 1 7306 0 3 7310
200 7379 1 0 1 7381
201 7256 2 0 1 7259
202 2 0 7356 0 7358
203 1 0 7239 0 7240
204 3 0 7241 1 7245
205 7388 0 9 1 7398
206 7500 0 0 0 7500
207 7466 0 1 0 7467
208 20 0 7486 0 7506
209 7453 0 3 0 7456
210 7547 0 2 0 7549
211 2 8155 0 2 8159
212 8358 0 0 0 8358
213 8391 0 0 0 8391
214 8254 0 0 0 8254
215 8302 0 0 1 8303
216 3 8199 0 66 8268
217 0 1 0 8151 8152
218 0 0 0 8257 8257
219 1 0 8046 0 8047
220 8218 0 6 1 8225
221 2 0 8141 0 8143
222 8096 0 142 0 8238
223 1 8196 0 1 8198
224 4 8097 1 0 8102
225 8206 0 1 0 8207
226 1 8248 0 3 8252
227 8314 0 0 1 8315
228 8282 1 0 1 8284
229 0 0 1 8250 8251
230 8218 0 0 0 8218
231 0 0 0 8239 8239
232 2 0 8215 0 8217
233 8076 0 1 0 8077
234 8047 0 0 0 8047
235 3 0 8136 0 8139
236 0 1 0 6894 6895
237 7975 0 0 0 7975
238 7967 0 0 0 7967
239 0 0 0 7954 7954
240 0 4 0 8017 8021
241 9 0 7878 0 7887
242 7836 0 3 0 7839
243 0 0 7883 0 7883
244 1 0 7866 0 7867
245 1 3 7788 0 7792
246 7901 0 0 0 7901
247 7913 0 0 0 7913
248 0 1 1 7734 7736
249 2 0 7739 0 7741
250 3 7716 0 3 7722
251 1 7833 0 3 7837
252 7986 0 4 4 7994
253 7960 0 1 0 7961
254 0 0 7781 0 7781
255 7871 0 0 0 7871
256 7786 0 0 0 7786
257 0 7758 0 1 7759
258 4 7777 0 0 7781
259 6689 2 1146 0 7837
260 0 0 1 7757 7758
261 7829 0 0 0 7829
262 1 0 7695 0 7696
263 6 7701 0 0 7707
264 7796 1 0 0 7797
265 0 0 1 7770 7771
266 2 0 7776 0 7778
267 6 0 7686 0 7692
268 7625 0 1 0 7626
269 2 1 1 7706 7710
270 1 0 7665 0 7666
271 1 0 7612 0 7613
272 0 3 1 7525 7529
273 1 7539 0 3 7543
274 0 7651 0 0 7651
275 7712 0 0 0 7712
276 0 0 7718 0 7718
277 7623 0 2 1 7626
278 1 25 7596 1 7623
279 7539 0 9 0 7548
280 0 1 0 7501 7502
281 1 7542 13 2 7558
282 0 7596 0 1 7597
283 3 3 3 7624 7633
284 0 2 0 7628 7630
285 7653 0 0 0 7653
286 0 0 7534 0 7534
287 0 7478 0 2 7480
288 1 3 0 7413 7417
289 0 7499 0 3 7502
290 7595 0 0 3 7598
291 7547 0 2 3 7552
292 1 0 7526 0 7527
293 7449 0 1 0 7450
294 238 2 7152 2 7394
295 0 7393 1 2 7396
296 7450 1 1 0 7452
297 3 0 5 7420 7428
298 4 0 7381 0 7385
299 1 0 7377 0 7378
300 7351 0 3 0 7354
301 7379 0 2 0 7381
302 3 6 0 7371 7380
303 7375 0 9 1 7385
304 0 0 7357 0 7357
305 7267 0 1 0 7268
306 3 0 7217 0 7220
307 7120 0 0 0 7120
308 0 7129 0 1 7130
309 0 3 0 7025 7028
310 0 7027 2 0 7029
311 1 7025 1 4 7031
312 0 7161 0 8 7169
313 7189 0 3 0 7192
314 7034 0 0 6 7040
315 1 0 7034 0 7035
316 0 1 0 6802 6803
317 6990 4 0 0 6994
318 0 0 0 6899 6899
319 0 6910 0 9 6919
320 0 5 0 6964 6969
321 2 0 6882 0 6884
322 1 0 6800 1 6802
323 2 6805 0 2 6809
324 6 1 0 6833 6840
325 6 0 6779 0 6785
326 6582 0 3 1 6586
327 0 0 2 6641 6643
328 0 3 0 6716 6719
329 0 2 0 6741 6743
330 5 0 6790 0 6795
331 0 0 1 6710 6711
332 0 0 0 6748 6748
333 0 3 0 6849 6852
334 0 0 6801 2 6803
335 6762 0 4 1 6767
336 1 0 1 6702 6704
337 0 1 0 6789 6790
338 6723 0 0 1 6724
339 4 6765 0 2 6771
340 6813 0 4 0 6817
341 6754 0 0 0 6754
342 6640 0 3 0 6643
343 6562 0 1 0 6563
344 9 6567 0 2 6578
345 1 6470 0 30 6501
346 6582 0 0 0 6582
347 6573 0 1 0 6574
348 6455 3 0 0 6458
349 6405 2 7 0 6414
350 0 0 6402 2 6404
351 6266 0 41 0 6307
352 0 0 0 6281 6281
353 0 0 0 6344 6344
354 0 0 0 6371 6371
355 6333 1 1 0 6335
356 1 1 0 6240 6242
357 6355 0 0 1 6356
358 0 0 6223 0 6223
359 6271 0 1 1 6273
360 6239 0 0 18 6257
361 5 1 6204 0 6210
362 0 0 0 5974 5974
363 0 1 1 6118 6120
364 2 0 6168 1 6171
365 0 0 6122 0 6122
366 6127 0 0 0 6127
367 6180 0 3 0 6183
368 2 0 0 6192 6194
369 6208 0 1 0 6209
370 6194 1 0 1 6196
371 0 6147 0 2 6149
372 6188 0 0 4 6192
373 6128 0 0 0 6128
374 6065 1 3 0 6069
375 6 0 6016 0 6022
376 7 0 5912 1 5920
377 2 0 5914 1 5917
378 5802 2 1 1 5806
379 0 0 0 5863 5863
380 0 9 0 5958 5967
381 59 0 5892 0 5951
382 13 1 5854 4 5872
383 2 6007 0 1 6010
384 0 2 3 6166 6171
385 1 0 6157 3 6161
386 6064 2 2 1 6069
387 0 1 0 6203 6204
388 0 0 6231 0 6231
389 6084 0 0 0 6084
390 1 52 0 6140 6193
391 0 0 0 6209 6209
392 6079 0 0 9 6088
393 0 6327 0 0 6327
394 1 2 0 6503 6506
395 0 0 0 6574 6574
396 1 2 0 6587 6590
397 2 4 1 6822 6829
398 1 0 6966 3 6970
399 2 0 7268 0 7270
400 7233 0 1 3 7237
401 7673 0 0 3 7676
402 8054 0 5 0 8059
403 8219 1 0 1 8221
404 8246 0 11 0 8257
405 1 0 8186 0 8187
406 8179 1 1 0 8181
407 8384 0 0 0 8384
408 8429 0 6 3 8438
409 2 0 9333 4 9339
410 9282 0 0 0 9282
411 9426 0 10 0 9436
412 9498 0 0 0 9498
413 9454 1 1 0 9456
414 9410 6 1 8 9425
415 6 4 0 9304 9314
416 0 9 0 9479 9488
417 17 0 9403 1 9421
418 5 0 9371 1 9377
419 0 0 9368 0 9368
420 9303 0 0 0 9303
421 9477 0 1 0 9478
422 9437 0 9 0 9446
423 0 0 0 9386 9386
424 9465 0 0 0 9465
425 5 0 9374 0 9379
426 0 9340 0 3 9343
427 9409 0 1 1 9411
428 0 0 0 9445 9445
429 2 0 9412 1 9415
430 3 0 9367 0 9370
431 9323 0 0 2 9325
432 9378 0 0 2 9380
433 4 9359 0 0 9363
434 3 2 1 9421 9427
435 3 0 9394 0 9397
436 9310 1 2 2 9315
437 0 3 0 9433 9436
438 2 0 9421 0 9423
439 9345 0 0 0 9345
440 0 2 0 9436 9438
441 9455 0 0 2 9457
442 0 2 0 9464 9466
443 0 1 0 9433 9434
444 0 9388 0 2 9390
445 9542 1 0 0 9543
446 0 0 9401 0 9401
447 0 9336 0 21 9357
448 0 1 0 9406 9407
449 9492 1 0 1 9494
450 0 9470 0 1 9471
451 9567 0 2 0 9569
452 9580 0 1 0 9581
453 0 0 0 9394 9394
454 0 9447 0 1 9448
455 9617 0 0 0 9617
456 9589 1 6 0 9596
457 2 0 9489 0 9491
458 9376 0 3 1 9380
459 4 9449 0 0 9453
460 0 1 0 9407 9408
461 9327 0 5 2 9334
462 2 9332 1 23 9358
463 2 1 0 9174 9177
464 1 9408 0 5 9414
465 21 0 9487 1 9509
466 0 0 0 9399 9399
467 0 0 0 9520 9520
468 9451 0 13 10 9474
469 9468 0 1 1 9470
470 0 0 9512 0 9512
471 1 2 0 9203 9206
472 9513 0 9 0 9522
473 9608 0 0 0 9608
474 0 0 1 9574 9575
475 0 0 9574 2 9576
476 9524 0 0 1 9525
477 9452 1 0 0 9453
478 2 2 0 9435 9439
479 0 9437 0 0 9437
480 2 9435 0 0 9437
481 1 3 0 9458 9462
482 3 9556 0 0 9559
483 9578 1 0 0 9579
484 0 0 0 9597 9597
485 1 4 0 9712 9717
486 2 0 9690 3 9695
487 0 0 9590 0 9590
488 9397 0 0 1 9398
489 0 2 0 9634 9636
490 2 0 9676 4 9682
491 9493 1 1 2 9497
492 19 0 9657 1 9677
493 1 0 9648 0 9649
494 9486 1 1 0 9488
495 9188 2 328 1 9519
496 3 0 9578 0 9581
497 0 0 9511 0 9511
498 2 0 9532 0 9534
499 9495 0 2 1 9498
500 9634 1 2 0 9637
501 9630 3 1 1 9635
502 3 0 9604 1 9608
503 1 0 9514 0 9515
504 1 0 9483 0 9484
505 9518 0 5 0 9523
506 1 0 9592 1 9594
507 9551 0 3 1 9555
508 1 2 9622 0 9625
509 0 1 3 9547 9551
510 9 0 9645 0 9654
511 1 9606 0 0 9607
512 0 2 0 9770 9772
513 9830 0 0 0 9830
514 9775 0 1 0 9776
515 0 0 9713 0 9713
516 0 9603 2 1 9606
517 9734 0 4 3 9741
518 0 0 9642 0 9642
519 9636 0 11 0 9647
520 2 9622 0 0 9624
521 2 1 0 9558 9561
522 2 9620 0 0 9622
523 9608 1 6 2 9617
524 1 9668 1 3 9673
525 9828 0 1 0 9829
526 2 0 9666 0 9668
527 9608 0 0 0 9608
528 9555 0 1 0 9556
529 2 9594 0 0 9596
530 0 2 3 9567 9572
531 1 0 0 9474 9475
532 2 9514 0 3 9519
533 9590 0 2 2 9594
534 1 0 9517 1 9519
535 4 0 9373 0 9377
536 8 9242 3 1 9254
537 0 1 0 9482 9483
538 2 0 9448 9 9459
539 9380 0 0 0 9380
540 9372 0 1 2 9375
541 1 0 0 9294 9295
542 0 0 0 9326 9326
543 9334 1 1 1 9337
544 9184 0 0 0 9184
545 1 0 9168 0 9169
546 1 1 0 8614 8616
547 3 8746 0 4 8753
548 20 2 0 8806 8828
549 31 0 8926 0 8957
550 8919 0 5 0 8924
551 8890 0 0 0 8890
552 8827 0 2 0 8829
553 8746 0 2 0 8748
554 8707 1 1 1 8710
555 2 0 0 8647 8649
556 0 0 0 8689 8689
557 0 1 3 8676 8680
558 8680 3 4 10 8697
559 1 2 0 8745 8748
560 0 0 8748 9 8757
561 5 1 8948 0 8954
562 9 8962 1 5 8977
563 9046 0 19 0 9065
564 8887 0 4 0 8891
565 0 0 9156 0 9156
566 1 1 0 8925 8927
567 0 1 0 8924 8925
568 0 8982 0 2 8984
569 1 2 0 8960 8963
570 0 8922 0 34 8956
571 9069 1 0 0 9070
572 2 2 2 9022 9028
573 9029 0 1 5 9035
574 17 0 9042 1 9060
575 1 0 8880 0 8881
576 8501 0 248 1 8750
577 0 0 8980 0 8980
578 8822 0 6 0 8828
579 8844 1 89 0 8934
580 3 3 9014 0 9020
581 8991 0 0 3 8994
582 8979 1 2 1 8983
583 2 0 9050 0 9052
584 8962 1 2 1 8966
585 3 21 0 9054 9078
586 8 2 9064 1 9075
587 0 2 0 8976 8978
588 1 7 0 9178 9186
589 2 0 9122 0 9124
590 8932 0 3 0 8935
591 8940 1 5 0 8946
592 9006 0 1 3 9010
593 9050 10 26 21 9107
594 1 0 9360 0 9361
595 1 0 9290 0 9291
596 2 0 9206 0 9208
597 9308 2 9 3 9322
598 9436 1 3 6 9446
599 2 0 1 9576 9579
600 0 3 0 9683 9686
601 1 0 9600 2 9603
602 9504 1 2 0 9507
603 0 0 2 9801 9803
604 0 1 0 9905 9906
605 0 3 2 9905 9910
606 5 12 2 9897 9916
607 9950 0 1 0 9951
608 9806 0 25 0 9831
609 9694 0 0 0 9694
610 13 9899 0 3 9915
611 0 1 0 9874 9875
612 0 1 0 9802 9803
613 1 1 9653 1 9656
614 1 0 9350 0 9351
615 9459 0 3 1 9463
616 1 9640 0 3 9644
617 9726 0 0 0 9726
618 0 0 9687 0 9687
619 9665 1 5 2 9673
620 1 9713 0 1 9715
621 9816 0 2 0 9818
622 9667 0 1 0 9668
623 1 0 0 9589 9590
624 9674 5 1 0 9680
625 0 1 0 9577 9578
626 2 9568 0 1 9571
627 0 9 1 9566 9576
628 9579 2 0 3 9584
629 9 0 9486 11 9506
630 9474 1 0 0 9475
631 6 9440 0 0 9446
632 0 0 1 9523 9524
633 9596 0 1 0 9597
634 9530 0 0 0 9530
635 1 0 9418 6 9425
636 9214 1 3 0 9218
637 0 0 9306 0 9306
638 9335 0 1 2 9338
639 1 1 1 9312 9315
640 9413 0 0 0 9413
641 0 0 1 9398 9399
642 9500 1 1 8 9510
643 1 2 0 9374 9377
644 1 9331 0 4 9336
645 3 1 0 9344 9348
646 2 1 9294 1 9298
647 0 3 0 9334 9337
648 0 17 0 9224 9241
649 2 9062 1 2 9067
650 8 9108 0 0 9116
651 9160 5 2 4 9171
652 3 4 9244 1 9252
653 1 9414 0 13 9428
654 0 9547 0 4 9551
655 4 1 9766 7 9778
656 0 0 9835 3 9838
657 0 8 1 9584 9593
658 0 2 0 9800 9802
659 5 1 0 9870 9876
660 1 9835 0 2 9838
661 0 8 0 9770 9778
662 4 9835 0 4 9843
663 0 10010 0 0 10010
664 10039 1 16 4 10060
665 9839 1 75 6 9921
666 1 4 0 10043 10048
667 0 0 0 10048 10048
668 0 0 1 10080 10081
669 1 1 0 10211 10213
670 11 0 10127 3 10141
671 10028 0 6 0 10034
672 10121 0 2 0 10123
673 0 0 10101 4 10105
674 5 0 10023 0 10028
675 10054 0 0 1 10055
676 10130 1 2 0 10133
677 1 3 0 10125 10129
678 39 0 10083 0 10122
679 10123 5 4 1 10133
680 5 0 10079 1 10085
681 2 0 9964 1 9967
682 10030 5 2 0 10037
683 21 0 10087 1 10109
684 3 10065 0 12 10080
685 6 0 0 10220 10226
686 10232 0 3 1 10236
687 0 10275 0 36 10311
688 10340 0 1 1 10342
689 0 2 1 10371 10374
690 10423 0 1 0 10424
691 0 0 10304 0 10304
692 10253 1 0 0 10254
693 0 10391 0 1 10392
694 10451 0 4 2 10457
695 10389 0 1 1 10391
696 0 2 0 10478 10480
697 10538 0 0 2 10540
698 2 2 47 10430 10481
699 10580 0 0 2 10582
700 1 0 10362 4 10367
701 10181 1 15 2 10199
702 1 10442 0 2 10445
703 3 10333 0 11 10347
704 2 10550 0 5 10557
705 10624 3 9 0 10636
706 10626 1 0 0 10627
707 10639 0 1 0 10640
708 10595 6 7 0 10608
709 0 0 10603 0 10603
710 3 0 10456 2 10461
711 10410 1 1 1 10413
712 1 0 10556 1 10558
713 3 10606 0 0 10609
714 10753 1 4 1 10759
715 10744 2 1 0 10747
716 0 0 1 10779 10780
717 10822 2 0 0 10824
718 0 0 10607 0 10607
719 10680 0 4 0 10684
720 9 0 10873 1 10883
721 10884 1 1 0 10886
722 0 0 10858 0 10858
723 10873 1 3 0 10877
724 10930 0 1 0 10931
725 10900 1 0 0 10901
726 0 1 0 10689 10690
727 1 10898 0 3 10902
728 2 1 0 10885 10888
729 10880 2 1 3 10886
730 1 0 10771 1 10773
731 3 10758 0 1 10762
732 10887 0 9 2 10898
733 10810 0 3 0 10813
734 1 0 10822 1 10824
735 0 0 10723 0 10723
736 10754 0 1 2 10757
737 1 2 0 10655 10658
738 21 0 10685 0 10706
739 1 0 2 10502 10505
740 1 10525 1 3 10530
741 1 31 0 10474 10506
742 1 10436 0 0 10437
743 9 10304 0 1 10314
744 1 10532 1 0 10534
745 4 5 1 10485 10495
746 0 0 0 10571 10571
747 10667 0 8 3 10678
748 124 0 10470 1 10595
749 0 0 0 10311 10311
750 10570 0 2 0 10572
751 0 1 0 10410 10411
752 0 10524 0 0 10524
753 10589 0 1 4 10594
754 1 0 10610 5 10616
755 1 1 0 10380 10382
756 20 10439 1 3 10463
757 10462 0 3 0 10465
758 0 10493 0 1 10494
759 10367 0 4 0 10371
760 2 10449 1 0 10452
761 1 10551 0 4 10556
762 0 5 0 10611 10616
763 10685 0 5 0 10690
764 10279 0 354 0 10633
765 10678 1 0 1 10680
766 10668 0 1 0 10669
767 10651 0 6 0 10657
768 36 0 10523 2 10561
769 0 0 2 10125 10127
770 2 3 0 10525 10530
771 10642 0 15 1 10658
772 10601 0 1 0 10602
773 3 10549 0 1 10553
774 10600 1 1 0 10602
775 0 1 0 10446 10447
776 3 0 10317 2 10322
777 1 0 10068 0 10069
778 4 0 10100 0 10104
779 10249 0 0 1 10250
780 0 0 10259 3 10262
781 3 0 10056 2 10061
782 10054 0 8 0 10062
783 0 10131 2 1 10134
784 2 10226 0 1 10229
785 0 9 0 10278 10287
786 10324 0 3 0 10327
787 10245 0 3 0 10248
788 1 0 10178 0 10179
789 10049 0 9 0 10058
790 1 10116 0 1 10118
791 4 10113 0 4 10121
792 10237 0 1 1 10239
793 10018 0 0 4 10022
794 0 0 3 10140 10143
795 10148 0 3 1 10152
796 1 0 9972 0 9973
797 0 0 9757 1 9758
798 0 0 9671 0 9671
799 1 9706 0 14 9721
800 0 9723 0 1 9724
801 0 1 1 9801 9803
802 0 9767 0 15 9782
803 9754 0 0 0 9754
804 1 9794 0 4 9799
805 9914 0 5 0 9919
806 1 2 0 9780 9783
807 0 0 0 9753 9753
808 0 2 0 9709 9711
809 9681 0 4 0 9685
810 1 9662 2 5 9670
811 8 0 9405 0 9413
812 9276 0 7 0 9283
813 3 9338 0 1 9342
814 1 9330 1 2 9334
815 9389 0 2 0 9391
816 1 1 5 9307 9314
817 9 0 9282 1 9292
818 9262 0 0 0 9262
819 118 0 9059 0 9177
820 0 9125 0 4 9129
821 0 0 0 9079 9079
822 8957 1 12 1 8971
823 10 9056 2 1 9069
824 5 9045 2 3 9055
825 9102 2 2 1 9107
826 5 0 9020 0 9025
827 8927 0 1 2 8930
828 8848 0 7 0 8855
829 0 0 8826 3 8829
830 0 0 0 8504 8504
831 1 0 0 8521 8522
832 0 8682 1 0 8683
833 0 8756 0 3 8759
834 8716 3 1 0 8720
835 0 1 0 8616 8617
836 8506 8 2 0 8516
837 0 3 0 8445 8448
838 8478 0 1 1 8480
839 8373 0 1 4 8378
840 0 7 0 8299 8306
841 0 3 8220 1 8224
842 1 8147 1 0 8149
843 1 8261 0 4 8266
844 1 2 0 8191 8194
845 0 3 0 8166 8169
846 1 5 0 8086 8092
847 0 8112 1 29 8142
848 1 0 0 8068 8069
849 4 0 4 8055 8063
850 1 8001 1 0 8003
851 0 0 1 8042 8043
852 8052 0 0 0 8052
853 7907 1 2 1 7911
854 1 0 0 7838 7839
855 0 0 7800 0 7800
856 0 1 0 7631 7632
857 1 7671 1 0 7673
858 1 1 0 7753 7755
859 2 0 7727 0 7729
860 7611 1 1 1 7614
861 1 0 0 7675 7676
862 1 0 7624 1 7626
863 7564 0 1 0 7565
864 7568 0 0 0 7568
865 4 7656 0 0 7660
866 0 2 0 7619 7621
867 7705 0 3 1 7709
868 0 1 7739 0 7740
869 5 0 7636 0 7641
870 7645 0 9 2 7656
871 0 0 3 7578 7581
872 1 1 1 7688 7691
873 147 1 7511 6 7665
874 5 0 7777 0 7782
875 3 7718 1 4 7726
876 841 6821 0 15 7677
877 7697 0 76 2 7775
878 7770 5 1 1 7777
879 0 11 0 7682 7693
880 7729 1 2 0 7732
881 0 8 0 7604 7612
882 1 0 7553 0 7554
883 7456 0 1 0 7457
884 0 7546 0 0 7546
885 0 2 0 7489 7491
886 4 0 7500 0 7504
887 7424 0 3 0 7427
888 46 0 7393 2 7441
889 0 0 7542 0 7542
890 3 0 7499 0 7502
891 7634 0 40 1 7675
892 7721 0 1 0 7722
893 7634 0 33 0 7667
894 18 0 7445 3 7466
895 2 0 0 7167 7169
896 2 7408 0 2 7412
897 4 7551 0 3 7558
898 7647 0 4 0 7651
899 7614 0 1 0 7615
900 7616 0 0 0 7616
901 7586 0 1 0 7587
902 7546 0 1 0 7547
903 7390 1 2 1 7394
904 4 7469 0 0 7473
905 3 7399 0 1 7403
906 4 0 7294 5 7303
907 7231 0 0 1 7232
908 7230 0 0 0 7230
909 1 0 7139 2 7142
910 7163 0 1 0 7164
911 0 7185 0 1 7186
912 7251 0 0 0 7251
913 2 1 1 7166 7170
914 0 1 0 7241 7242
915 7235 0 0 0 7235
916 7 0 7062 1 7070
917 0 6945 1 0 6946
918 0 6996 0 8 7004
919 7092 1 2 0 7095
920 7037 0 0 1 7038
921 7057 1 5 0 7063
922 5 0 6946 0 6951
923 6890 0 0 1 6891
924 6871 1 0 0 6872
925 0 1 0 6835 6836
926 2 0 6825 0 6827
927 0 0 1 6642 6643
928 4 6717 0 0 6721
929 0 0 0 6785 6785
930 6821 1 0 0 6822
931 1 0 6796 0 6797
932 6739 0 0 0 6739
933 6734 0 1 0 6735
934 6752 0 1 0 6753
935 6677 0 8 2 6687
936 8 0 6572 0 6580
937 2 2 0 5822 5826
938 6071 0 0 1 6072
939 9 6098 0 10 6117
940 3 0 0 5920 5923
941 1 5963 0 2 5966
942 6021 0 0 0 6021
943 5972 0 0 0 5972
944 1 5885 0 0 5886
945 5812 0 1 2 5815
946 10 5844 0 4 5858
947 0 1 0 5689 5690
948 5769 25 4 0 5798
949 6 5886 0 2 5894
950 0 0 5803 1 5804
951 5794 0 0 0 5794
952 0 0 5726 0 5726
953 5721 0 0 1 5722
954 0 1 0 5645 5646
955 3 5735 0 0 5738
956 5792 0 1 0 5793
957 5764 0 1 1 5766
958 5675 0 1 0 5676
959 1 5684 0 0 5685
960 0 0 0 5532 5532
961 8 0 5472 0 5480
962 5373 0 1 0 5374
963 2 5398 0 0 5400
964 0 5340 0 1 5341
965 1 5390 0 0 5391
966 5461 0 5 0 5466
967 5442 0 1 0 5443
968 2 0 0 5345 5347
969 5414 0 17 0 5431
970 0 1 0 5336 5337
971 0 0 1 5397 5398
972 5428 0 2 0 5430
973 5385 0 0 0 5385
974 0 0 0 5352 5352
975 5447 0 4 0 5451
976 5376 0 0 0 5376
977 0 0 1 5365 5366
978 0 0 5379 1 5380
979 5400 0 0 2 5402
980 5398 0 0 0 5398
981 5398 0 0 0 5398
982 5371 2 1 0 5374
983 3 0 5294 0 5297
984 1 5173 0 117 5291
985 6 0 5316 2 5324
986 5224 0 6 0 5230
987 36 0 5224 0 5260
988 5234 0 2 0 5236
989 5285 0 0 1 5286
990 5346 0 1 0 5347
991 4 0 5167 0 5171
992 3 5170 0 2 5175
993 0 166 1 5088 5255
994 5285 0 0 0 5285
995 5254 0 0 0 5254
996 4 5303 0 3 5310
997 2 0 5352 0 5354
998 5361 0 10 0 5371
999 5430 0 0 1 5431
1000 5428 0 0 0 5428
1001 5357 1 0 3 5361
1002 1 1 1 5294 5297
1003 0 0 2 5228 5230
1004 0 0 0 5203 5203
1005 0 5263 0 1 5264
1006 1 3 2 5173 5179
1007 0 0 2 5208 5210
1008 5185 0 7 0 5192
1009 0 0 1 5183 5184
1010 2 0 5155 0 5157
1011 2 0 5086 0 5088
1012 5045 1 5 0 5051
1013 5047 0 2 0 5049
1014 0 0 4981 0 4981
1015 52 4844 0 0 4896
1016 0 4 0 4981 4985
1017 0 1 0 5035 5036
1018 0 0 2 5095 5097
1019 0 0 5052 0 5052
1020 0 0 4995 0 4995
1021 4934 3 6 2 4945
1022 1 0 4993 0 4994
1023 4979 17 16 2 5014
1024 1 0 5008 0 5009
1025 4999 0 1 3 5003
1026 2 5051 2 2 5057
1027 1 0 0 5066 5067
1028 0 0 5082 2 5084
1029 1 2 0 4993 4996
1030 12 0 5096 0 5108
1031 0 0 0 5014 5014
1032 5154 0 5 0 5159
1033 5143 0 0 0 5143
1034 5182 0 0 0 5182
1035 2 0 2 5170 5174
1036 5135 0 1 0 5136
1037 4 5188 0 4 5196
1038 5265 1 0 0 5266
1039 5225 0 11 0 5236
1040 0 0 0 5249 5249
1041 5322 0 2 0 5324
1042 5313 0 0 0 5313
1043 6 0 5335 0 5341
1044 0 1 5 5070 5076
1045 5354 0 0 0 5354
1046 5365 0 2 1 5368
1047 0 8 2 5450 5460
1048 33 0 5624 1 5658
1049 5521 0 66 4 5591
1050 0 0 5751 0 5751
1051 0 0 5812 0 5812
1052 5983 0 0 0 5983
1053 5989 3 1 0 5993
1054 1 0 5943 4 5948
1055 1 6498 0 106 6605
1056 108 0 6571 2 6681
1057 6639 0 8 0 6647
1058 2 0 6785 0 6787
1059 1 6949 0 30 6980
1060 7139 0 1 0 7140
1061 7158 0 3 3 7164
1062 2 7228 0 0 7230
1063 1 0 7162 0 7163
1064 7074 1 1 0 7076
1065 104 0 7063 0 7167
1066 2 7163 0 6 7171
1067 0 0 1 7227 7228
1068 7309 0 0 0 7309
1069 3 7740 0 2 7745
1070 7859 0 7 0 7866
1071 2 0 7770 93 7865
1072 7833 0 1 0 7834
1073 7807 0 2 0 7809
1074 7813 0 1 0 7814
1075 7776 0 3 0 7779
1076 5 7812 0 2 7819
1077 1 7586 2 6 7595
1078 7724 1 2 1 7728
1079 7644 0 0 0 7644
1080 0 2 1 7620 7623
1081 0 2 1 7580 7583
1082 7692 0 3 3 7698
1083 0 7 3 7528 7538
1084 3 0 7561 0 7564
1085 0 7465 0 1 7466
1086 5 7437 0 13 7455
1087 7627 0 6 0 7633
1088 7569 1 0 0 7570
1089 7501 1 0 0 7502
1090 1 6 0 7573 7580
1091 2 2 7524 2 7530
1092 1 1 7406 0 7408
1093 5 0 7526 3 7534
1094 1 7396 2 1 7400
1095 2 7408 0 1 7411
1096 7507 0 1 0 7508
1097 2 7564 1 4 7571
1098 7605 5 1 4 7615
1099 4 0 7674 1 7679
1100 0 0 7651 0 7651
1101 0 0 7650 3 7653
1102 0 0 7701 0 7701
1103 7653 0 3 1 7657
1104 0 2 0 7525 7527
1105 3 0 7714 0 7717
1106 2 0 7800 0 7802
1107 7717 0 6 1 7724
1108 0 0 2 7796 7798
1109 0 0 0 7979 7979
1110 8027 0 1 0 8028
1111 8017 0 1 1 8019
1112 0 8056 0 0 8056
1113 8043 0 6 0 8049
1114 2 0 0 7957 7959
1115 7972 0 1 2 7975
1116 2 7978 0 0 7980
1117 0 7981 1 1 7983
1118 8209 1 0 0 8210
1119 1 0 8286 0 8287
1120 8517 0 1 0 8518
1121 8754 0 0 1 8755
1122 8815 0 5 0 8820
1123 8824 0 0 21 8845
1124 4 0 0 8734 8738
1125 8823 0 2 0 8825
1126 8803 1 2 0 8806
1127 1 0 5 8914 8920
1128 14 0 8946 0 8960
1129 8952 0 0 0 8952
1130 8987 0 39 0 9026
1131 9086 0 0 1 9087
1132 4 1 8942 0 8947
1133 8952 0 2 0 8954
1134 9011 1 4 1 9017
1135 1 0 8993 0 8994
1136 1 4 0 8578 8583
1137 8990 0 27 0 9017
1138 1 2 8851 3 8857
1139 2 8883 0 4 8889
1140 9105 0 0 0 9105
1141 8943 0 1 0 8944
1142 2 2 2 8979 8985
1143 9076 0 1 0 9077
1144 0 0 9029 3 9032
1145 8948 1 1 1 8951
1146 2 3 1 8939 8945
1147 2 0 8951 1 8954
1148 8855 0 6 1 8862
1149 0 8963 1 4 8968
1150 6 0 9012 0 9018
1151 9064 0 11 0 9075
1152 9101 0 2 0 9103
1153 9156 0 0 2 9158
1154 1 9134 0 1 9136
1155 9214 0 3 0 9217
1156 9146 1 0 0 9147
1157 0 0 1 9103 9104
1158 6 0 9059 0 9065
1159 0 1 0 8892 8893
1160 24 0 9009 5 9038
1161 1 8962 0 4 8967
1162 1 9161 0 0 9162
1163 9288 0 2 0 9290
1164 9265 0 3 0 9268
1165 43 0 9214 3 9260
1166 9276 0 1 1 9278
1167 9377 0 1 0 9378
1168 8 0 9203 0 9211
1169 9213 0 4 0 9217
1170 5 0 9210 0 9215
1171 1 9119 0 0 9120
1172 1 9356 0 0 9357
1173 1 2 0 9490 9493
1174 9634 0 0 0 9634
1175 9629 0 2 0 9631
1176 9674 0 2 0 9676
1177 9665 0 1 2 9668
1178 2 36 0 9487 9525
1179 0 9414 0 2 9416
1180 1 9401 0 2 9404
1181 1 9584 0 2 9587
1182 2 5 0 9611 9618
1183 9702 0 3 1 9706
1184 9644 0 0 0 9644
1185 32 9624 1 3 9660
1186 9743 0 1 0 9744
1187 9752 0 2 0 9754
1188 9690 1 0 0 9691
1189 59 0 0 9607 9666
1190 2 0 9686 0 9688
1191 1 4 1 9364 9370
1192 9698 0 0 0 9698
1193 1 0 9615 0 9616
1194 9647 0 3 1 9651
1195 6 1 9593 0 9600
1196 0 0 0 9190 9190
1197 3 1 9355 0 9359
1198 2 0 9304 0 9306
1199 2 9472 0 0 9474
1200 0 3 0 9456 9459
1201 0 0 9518 5 9523
1202 0 9474 2 2 9478
1203 0 9 0 9542 9551
1204 0 5 0 9727 9732
1205 2 0 9703 0 9705
1206 0 0 9630 0 9630
1207 1 1 9990 0 9992
1208 0 1 1 8705 8707
1209 0 1 0 9661 9662
1210 0 9827 0 0 9827
1211 10109 0 2 8 10119
1212 10097 0 8 1 10106
1213 10136 0 1 0 10137
1214 1 10139 0 0 10140
1215 10082 0 3 0 10085
1216 0 1 9995 0 9996
1217 10004 0 1 0 10005
1218 3 0 9896 1 9900
1219 9995 0 6 0 10001
1220 1 4 0 9987 9992
1221 1 0 10032 2 10035
1222 10203 1 0 0 10204
1223 10214 0 0 0 10214
1224 0 64 2 9810 9876
1225 3 10190 0 0 10193
1226 1 5 0 10210 10216
1227 10264 0 0 0 10264
1228 1 6 0 10110 10117
1229 0 0 0 10325 10325
1230 3 0 9940 1 9944
1231 10200 3 3 0 10206
1232 4 0 10048 1 10053
1233 2 10098 2 7 10109
1234 10268 0 0 0 10268
1235 0 10245 0 6 10251
1236 1 2 0 10212 10215
1237 1 10300 3 0 10304
1238 0 0 0 10461 10461
1239 17 3 10308 1 10329
1240 10225 0 3 1 10229
1241 0 10336 2 4 10342
1242 10350 0 3 0 10353
1243 10299 1 0 0 10300
1244 2 0 10363 1 10366
1245 0 6 0 9916 9922
1246 10270 0 0 0 10270
1247 10410 2 1 0 10413
1248 10475 0 2 0 10477
1249 10445 0 4 1 10450
1250 11 0 9949 1 9961
1251 10197 0 0 0 10197
1252 0 0 9625 5 9630
1253 4 9920 0 1 9925
1254 0 1 0 10034 10035
1255 1 10246 1 2 10250
1256 0 2 1 10249 10252
1257 0 1 10095 0 10096
1258 0 1 10057 0 10058
1259 10099 0 2 0 10101
1260 0 10003 0 2 10005
1261 0 10047 0 2 10049
1262 0 2 0 10099 10101
1263 10101 0 1 9 10111
1264 1 10033 0 2 10036
1265 0 10142 0 0 10142
1266 10153 0 2 0 10155
1267 1 6 10115 0 10122
1268 9879 0 2 0 9881
1269 9978 0 3 0 9981
1270 10058 0 3 0 10061
1271 2 7 1 10018 10028
1272 10069 0 0 0 10069
1273 0 1 9583 1 9585
1274 0 0 9569 2 9571
1275 126 0 9660 0 9786
1276 0 9731 0 2 9733
1277 0 9891 0 3 9894
1278 9796 0 6 4 9806
1279 4 0 9822 5 9831
1280 9713 0 0 1 9714
1281 1 9044 0 11 9056
1282 9599 0 1 17 9617
1283 1 0 3 9364 9368
1284 9731 0 0 0 9731
1285 3 1 9010 1 9015
1286 1 9179 1 4 9185
1287 9176 1 1 3 9181
1288 6 9230 0 2 9238
1289 1 9277 0 0 9278
1290 2 9462 0 6 9470
1291 0 1 9371 0 9372
1292 3 1 1 8705 8710
1293 196 5 8913 3 9117
1294 13 0 9191 2 9206
1295 9004 2 2 1 9009
1296 5 0 9253 4 9262
1297 1 9270 0 7 9278
1298 9306 0 2 1 9309
1299 0 1 0 9476 9477
1300 5 0 9546 2 9553
1301 0 6 1 9000 9007
1302 7913 1 1412 1 9327
1303 2 0 9425 0 9427
1304 3 0 9433 1 9437
1305 9128 1 1 1 9131
1306 9343 1 1 0 9345
1307 1 6 9426 1 9434
1308 0 0 2 8848 8850
1309 1 0 9543 1 9545
1310 9647 0 1 4 9652
1311 9880 1 1 1 9883
1312 9930 1 8 0 9939
1313 0 0 9753 0 9753
1314 9789 0 0 1 9790
1315 9940 0 0 0 9940
1316 1 0 9972 1 9974
1317 6 0 10220 0 10226
1318 10185 0 0 14 10199
1319 10301 0 3 0 10304
1320 10344 1 0 14 10359
1321 4 0 0 10227 10231
1322 10016 0 0 0 10016
1323 1 10692 0 1 10694
1324 0 6 0 10710 10716
1325 0 1 0 10793 10794
1326 2 2 0 10926 10930
1327 104 0 10759 0 10863
1328 0 0 1 10745 10746
1329 0 4 1 10897 10902
1330 11058 0 0 1 11059
1331 11181 1 1 1 11184
1332 4 11257 1 4 11266
1333 5 1 11298 0 11304
1334 11073 0 1 0 11074
1335 11165 0 1 0 11166
1336 11071 0 8 0 11079
1337 1 5 0 11171 11177
1338 0 11027 0 108 11135
1339 11199 1 2 0 11202
1340 10275 1 785 2 11063
1341 0 11203 0 1 11204
1342 0 5 1 11128 11134
1343 11068 0 1 1 11070
1344 4 11187 0 0 11191
1345 0 3 0 11100 11103
1346 2 0 11163 0 11165
1347 0 1 0 10908 10909
1348 11144 0 0 0 11144
1349 11122 6 0 0 11128
1350 1 0 11135 3 11139
1351 1 0 10955 1 10957
1352 2 10645 2 1 10650
1353 1 11056 0 0 11057
1354 1 0 1 11113 11115
1355 1 11171 0 11 11183
1356 0 3 0 11167 11170
1357 11176 0 0 4 11180
1358 8 11195 2 0 11205
1359 11119 2 11 0 11132
1360 6 0 11341 0 11347
1361 0 0 0 10933 10933
1362 0 4 0 11260 11264
1363 11367 0 1 0 11368
1364 0 0 0 11350 11350
1365 7 1 11321 2 11331
1366 11089 0 1 0 11090
1367 0 2 0 11290 11292
1368 3 0 11230 2 11235
1369 11026 1 0 1 11028
1370 11100 2 0 1 11103
1371 4 0 11272 0 11276
1372 1 3 87 10834 10925
1373 11197 1 0 0 11198
1374 0 18 0 11247 11265
1375 1 2 11273 2 11278
1376 1 1 0 11212 11214
1377 0 0 11254 4 11258
1378 4 11253 0 4 11261
1379 4 5 1 11481 11491
1380 1 1 0 11542 11544
1381 1 3 1 11587 11592
1382 0 3 1 11548 11552
1383 0 3 1 11545 11549
1384 1 11502 1 13 11517
1385 11528 0 3 0 11531
1386 0 6 1 11399 11406
1387 11252 0 1 1 11254
1388 4 11318 0 0 11322
1389 2 1 0 11347 11350
1390 5 1 0 11278 11284
1391 4 11312 0 3 11319
1392 11333 0 1 0 11334
1393 0 2 0 11337 11339
1394 0 6 0 11389 11395
1395 13 0 11370 0 11383
1396 0 0 0 11375 11375
1397 0 2 1 11402 11405
1398 12 0 11273 0 11285
1399 11181 0 6 0 11187
1400 11257 0 1 0 11258
1401 0 0 1 11340 11341
1402 2 0 11344 0 11346
1403 11350 0 1 1 11352
1404 11376 0 2 0 11378
1405 11458 3 1 0 11462
1406 1 0 11173 0 11174
1407 1 11113 0 0 11114
1408 11328 0 1 0 11329
1409 11140 2 0 1 11143
1410 1 9 0 11103 11113
1411 7 2 11106 0 11115
1412 2 10840 0 7 10849
1413 5 10967 0 1 10973
1414 11157 4 10 0 11171
1415 2 0 11058 0 11060
1416 2 10932 1 6 10941
1417 11038 6 4 1 11049
1418 1 6 1 11083 11091
1419 7 0 11133 4 11144
1420 4 0 12058 0 12062
1421 2 0 12291 1 12294
1422 12315 0 32 0 12347
1423 12513 0 3 0 12516
1424 12515 0 18 0 12533
1425 12489 0 1 3 12493
1426 5 3 0 12564 12572
1427 12383 0 2 0 12385
1428 1 12478 3 7 12489
1429 12608 0 0 0 12608
1430 12538 0 0 0 12538
1431 12424 0 2 0 12426
1432 12 0 12336 0 12348
1433 0 6 0 12063 12069
1434 12529 0 0 0 12529
1435 12511 0 0 1 12512
1436 1 10 0 12460 12471
1437 12250 0 39 0 12289
1438 4 12440 4 3 12451
1439 1 12501 2 1 12505
1440 12587 1 1 0 12589
1441 12550 0 1 0 12551
1442 0 1 1 12582 12584
1443 12616 0 2 0 12618
1444 12425 0 1 3 12429
1445 16 12483 0 2 12501
1446 5 12598 0 2 12605
1447 12735 0 1 1 12737
1448 12600 1 0 1 12602
1449 2 12692 1 5 12700
1450 12764 0 0 1 12765
1451 9 0 12684 0 12693
1452 12513 2 1 0 12516
1453 2 0 12680 0 12682
1454 2 2 0 12294 12298
1455 12630 0 6 0 12636
1456 0 6 12735 1 12742
1457 6 17 0 12411 12434
1458 12724 0 4 6 12734
1459 12655 1 1 0 12657
1460 12631 1 30 0 12662
1461 4 0 0 12728 12732
1462 15 0 12843 0 12858
1463 12713 1 3 3 12720
1464 12816 0 1 0 12817
1465 12913 0 5 0 12918
1466 12927 0 6 0 12933
1467 12853 0 62 2 12917
1468 0 0 12849 0 12849
1469 1 0 12788 1 12790
1470 12759 0 6 1 12766
1471 1 1 13026 0 13028
1472 13213 0 3 0 13216
1473 13226 1 5 0 13232
1474 13260 0 6 0 13266
1475 21 0 13582 0 13603
1476 2 2 1 13220 13225
1477 1 4 2 13436 13443
1478 1 2 0 13576 13579
1479 0 13665 0 17 13682
1480 3 0 13585 5 13593
1481 13448 0 8 5 13461
1482 7 13776 3 0 13786
1483 13871 1 0 0 13872
1484 1 0 2 13802 13805
1485 2 0 13657 0 13659
1486 2 13573 1 0 13576
1487 0 6 1 13718 13725
1488 2 2 1 13726 13731
1489 0 1 0 13777 13778
1490 13760 0 5 3 13768
1491 5 13833 0 11 13849
1492 6 0 13813 0 13819
1493 0 0 13617 0 13617
1494 1 1 0 13847 13849
1495 0 13784 0 3 13787
1496 1 2 1 13993 13997
1497 4 2 13946 0 13952
1498 11 0 13806 1 13818
1499 1 13908 0 12 13921
1500 17 1 14098 12 14128
1501 2 0 14198 0 14200
1502 0 2 2 10138 10142
1503 1 8 4 12909 12922
1504 9503 1 4 4 9512
1505 13262 0 0 0 13262
1506 14037 1 2 1 14041
1507 4 0 9907 1 9912
1508 1 1 12646 3 12651
1509 10980 0 8 1 10989
1510 12 10458 3 1 10474
1511 12613 2 0 0 12615
1512 14499 0 1 0 14500
1513 11 2 1 9804 9818
1514 10 11038 0 4 11052
1515 2 2 0 10899 10903
1516 0 12657 0 6 12663
1517 11709 9 1 5 11724
1518 1 5 0 11929 11935
1519 4 11721 1 3 11729
1520 0 2 1 13341 13344
1521 4 0 11124 11 11139
1522 10232 19 10 10 10271
1523 2 0 12521 6 12529
1524 11 0 14112 3 14126
1525 4 0 14946 1 14951
1526 1 0 15481 0 15482
1527 9777 2 27 9 9815
1528 0 0 12048 0 12048
1529 10733 0 4 2 10739
1530 0 20 3 11590 11613
1531 12266 1 4 1 12272
1532 8 12050 0 0 12058
1533 0 7 0 13256 13263
1534 0 2 13110 1 13113
1535 11231 1 8 3 11243
1536 1 1 0 13119 13121
1537 1 2 13183 0 13186
1538 0 0 2 12983 12985
1539 1 0 1 14912 14914
1540 1 0 12267 3 12271
1541 3 1 1 12904 12909
1542 12618 2 0 0 12620
1543 14983 0 2 0 14985
1544 11 12689 0 1 12701
1545 13678 1 3 0 13682
1546 1 0 13411 1 13413
1547 1 1 3 12006 12011
1548 0 6 0 14748 14754
1549 1 0 13037 3 13041
1550 1 1 1 13325 13328
1551 13588 0 4 0 13592
1552 15859 0 0 1 15860
1553 17 13358 0 1 13376
1554 3 187 37 14237 14464
1555 0 1 0 16584 16585
1556 0 1 2 17536 17539
1557 1 2 0 17973 17976
1558 3 0 12413 30 12446
1559 12332 1 1 1 12335
1560 15642 1 0 0 15643
1561 6 1 0 14330 14337
1562 1 3 0 16613 16617
1563 0 1 0 17513 17514
1564 13896 2 1 2 13901
1565 2 0 13236 3 13241
1566 1 2 2 13449 13454
1567 14460 2 2 0 14464
1568 22 0 14478 0 14500
1569 0 9 4 13519 13532
1570 14262 0 2 1 14265
1571 7 14343 0 4 14354
1572 15326 2 5 0 15333
1573 6 0 14164 0 14170
1574 14730 1 0 1 14732
1575 4 14 0 13836 13854
1576 4 14167 0 6 14177
1577 0 15588 1 2 15591
1578 1 16363 2 6 16372
1579 14664 2 1 3 14670
1580 2 0 14960 1 14963
1581 14377 0 3 1 14381
1582 0 0 15316 1 15317
1583 0 4 1 13645 13650
1584 3 0 14991 0 14994
1585 5 0 15814 4 15823
1586 13095 0 9 3 13107
1587 3 13943 0 0 13946
1588 2 1 0 14251 14254
1589 4 15034 0 9 15047
1590 14570 4 3 4 14581
1591 1 1 15179 2 15183
1592 1 0 15993 5 15999
1593 13970 0 27 0 13997
1594 15724 0 1 3 15728
1595 16339 2 6 4 16351
1596 12 0 13539 1 13552
1597 1 4 2 12910 12917
1598 13 0 13769 2 13784
1599 18 0 14770 0 14788
1600 5 13160 12 13 13190
1601 4 15057 0 8 15069
1602 14415 23 6 2 14446
1603 15602 1 0 0 15603
1604 16196 1 1 0 16198
1605 16358 0 2 2 16362
1606 2 2 1 14910 14915
1607 15118 0 0 1 15119
1608 0 7 0 14769 14776
1609 14445 0 3 4 14452
1610 7 13769 0 3 13779
1611 1 4 1 14566 14572
1612 0 2 14309 1 14312
1613 4 1 0 14029 14034
1614 3 0 14799 0 14802
1615 0 2 3 13804 13809
1616 13 3 0 15175 15191
1617 0 6 1 16088 16095
1618 13907 0 0 5 13912
1619 14 2 14000 0 14016
1620 3 0 15316 2 15321
1621 13606 2 0 1 13609
1622 0 3 1 14036 14040
1623 0 0 2 15347 15349
1624 62 0 13752 8 13822
1625 1 0 15009 9 15019
1626 1 13226 0 69 13296
1627 2 4 2 13212 13220
1628 2 13549 1 3 13555
1629 1 14955 0 5 14961
1630 0 15637 0 3 15640
1631 0 1 0 14227 14228
1632 13911 2 2 0 13915
1633 0 0 1 14305 14306
1634 0 3 2 15159 15164
1635 1 0 0 15652 15653
1636 1 0 14052 4 14057
1637 2 5 2 13486 13495
1638 11 0 14081 7 14099
1639 12778 0 5 2 12785
1640 43 1 14062 3 14109
1641 2 10 3 12753 12768
1642 3 0 13846 4 13853
1643 2 1 14830 3 14836
1644 1 0 15294 1 15296
1645 12798 0 8 2 12808
1646 15 1 13763 2 13781
1647 13 0 14694 5 14712
1648 16 2 15577 2 15597
1649 13760 1 16 1 13778
1650 14995 0 2 0 14997
1651 15877 2 3 3 15885
1652 15957 1 2 0 15960
1653 15846 1 1 0 15848
1654 2 0 0 14242 14244
1655 2 14118 0 2 14122
1656 1 1 4 14588 14594
1657 2 1 14398 1 14402
1658 1 2 0 14004 14007
1659 1 0 14132 0 14133
1660 2 5 0 13632 13639
1661 13697 0 1 1 13699
1662 2 14015 0 1 14018
1663 1 0 0 14246 14247
1664 2 2 1 14732 14737
1665 17 0 13294 5 13316
1666 0 4 0 13416 13420
1667 13340 1 0 0 13341
1668 4 13528 0 3 13535
1669 2 10 0 13901 13913
1670 1 0 13377 1 13379
1671 0 13386 0 28 13414
1672 12 14131 0 2 14145
1673 5 1 13660 4 13670
1674 13072 1 6 1 13080
1675 3 0 13548 1 13552
1676 1 0 2 12805 12808
1677 3 1 13084 0 13088
1678 12929 0 2 0 12931
1679 13233 0 26 0 13259
1680 1 55 1 13135 13192
1681 9 0 12954 3 12966
1682 11 0 13086 1 13098
1683 3 12635 0 2 12640
1684 12535 5 2 0 12542
1685 2 13025 0 2 13029
1686 13083 0 1 0 13084
1687 13226 0 6 1 13233
1688 13500 1 2 1 13504
1689 1 0 2 13219 13222
1690 13493 0 1 0 13494
1691 13563 0 2 0 13565
1692 5 0 12928 3 12936
1693 12855 0 6 3 12864
1694 2 2 0 12383 12387
1695 4 12576 0 1 12581
1696 3 12958 0 4 12965
1697 12986 0 7 0 12993
1698 13025 0 0 1 13026
1699 13038 1 1 2 13042
1700 6 0 2 12691 12699
1701 5 1 12683 0 12689
1702 12270 0 2 3 12275
1703 12571 0 2 0 12573
1704 12640 0 1 0 12641
1705 0 4 2 12474 12480
1706 9 0 12488 0 12497
1707 3 0 12605 1 12609
1708 0 0 12718 0 12718
1709 0 0 12798 0 12798
1710 12148 0 7 4 12159
1711 12525 0 1 0 12526
1712 4 1 1 12447 12453
1713 3 0 12626 3 12632
1714 5 0 12730 2 12737
1715 12368 1 4 1 12374
1716 12589 1 4 2 12596
1717 92 0 12126 0 12218
1718 0 12089 0 1 12090
1719 0 95 1 12262 12358
1720 12495 0 2 0 12497
1721 4 0 12425 0 12429
1722 12364 0 0 1 12365
1723 12374 0 4 0 12378
1724 7 0 12255 1 12263
1725 12057 0 2 0 12059
1726 0 2 4 12117 12123
1727 2 0 12357 0 12359
1728 1 17 2 11953 11973
1729 0 68 2 12135 12205
1730 2 2 1 12311 12316
1731 5 1 12051 4 12061
1732 3 11927 0 5 11935
1733 1 1 0 12008 12010
1734 0 0 1 11995 11996
1735 3 11941 0 3 11947
1736 12059 0 5 0 12064
1737 11944 0 1 0 11945
1738 0 5 2 11866 11873
1739 2 11866 0 2 11870
1740 11954 0 2 1 11957
1741 10552 0 1317 0 11869
1742 0 0 1 11684 11685
1743 3 0 11621 2 11626
1744 0 11516 0 5 11521
1745 11692 0 3 0 11695
1746 11646 0 0 0 11646
1747 1 11530 1 0 11532
1748 11726 0 0 0 11726
1749 11601 1 1 0 11603
1750 11529 0 2 4 11535
1751 0 8 0 11522 11530
1752 1 1 11611 2 11615
1753 6 3 11425 0 11434
1754 11428 3 9 1 11441
1755 17 0 11496 1 11514
1756 20 1 11318 0 11339
1757 0 11158 1 4 11163
1758 11540 0 5 0 11545
1759 11507 0 1 1 11509
1760 1 0 0 11444 11445
1761 0 3 0 11500 11503
1762 24 0 11469 0 11493
1763 1 1 2 11213 11217
1764 0 23 0 11341 11364
1765 9 0 11252 0 11261
1766 11133 0 1 0 11134
1767 11130 0 0 1 11131
1768 5 11219 0 6 11230
1769 11338 0 0 1 11339
1770 0 0 11349 0 11349
1771 4 0 11165 1 11170
1772 11312 6 1 0 11319
1773 11215 0 0 0 11215
1774 6 0 2 11015 11023
1775 12 11097 0 1 11110
1776 11140 2 11 0 11153
1777 1 1 0 10980 10982
1778 0 11129 0 2 11131
1779 73 0 10868 0 10941
1780 10781 0 10 3 10794
1781 1 249 0 10641 10891
1782 10865 0 40 5 10910
1783 3 10941 0 1 10945
1784 11091 0 2 0 11093
1785 10960 0 0 0 10960
1786 2 0 10950 1 10953
1787 2 0 10630 1 10633
1788 10670 0 2 0 10672
1789 0 0 0 10651 10651
1790 10793 0 1 0 10794
1791 0 0 0 10640 10640
1792 8 0 10501 2 10511
1793 10580 2 6 2 10590
1794 0 10592 1 0 10593
1795 10607 0 1 3 10611
1796 0 0 0 10455 10455
1797 6 0 10365 0 10371
1798 10184 0 4 2 10190
1799 4 10252 1 1 10258
1800 1 10204 0 0 10205
1801 10386 0 2 1 10389
1802 10290 1 1 0 10292
1803 10250 3 0 0 10253
1804 1 2 10178 2 10183
1805 7 9844 0 0 9851
1806 3 10090 0 0 10093
1807 9 15 0 10128 10152
1808 1 0 10235 3 10239
1809 2 1 0 9941 9944
1810 0 2 0 10018 10020
1811 1 1 0 9917 9919
1812 1 9961 0 6 9968
1813 9994 2 3 0 9999
1814 9968 3 11 1 9983
1815 21 2 10165 5 10193
1816 1 0 9957 0 9958
1817 1 2 9861 1 9865
1818 9831 13 17 24 9885
1819 0 0 9991 0 9991
1820 9941 1 2 2 9946
1821 0 9976 1 2 9979
1822 10070 0 2 0 10072
1823 64 0 10007 0 10071
1824 9994 1 6 0 10001
1825 124 0 9985 2 10111
1826 1 0 3 9772 9776
1827 10264 0 0 0 10264
1828 10290 0 0 1 10291
1829 10331 0 0 0 10331
1830 0 5 0 10178 10183
1831 10240 0 3 0 10243
1832 0 0 9822 0 9822
1833 0 9549 1 0 9550
1834 4 9598 4 6 9612
1835 3 9698 0 4 9705
1836 1 10030 0 5 10036
1837 10648 10 7 1 10666
1838 10676 0 0 0 10676
1839 10667 1 4 0 10672
1840 10439 0 1 0 10440
1841 4 10571 0 13 10588
1842 0 5 2 10588 10595
1843 0 5 2 10555 10562
1844 0 2 2 10528 10532
1845 2 10681 0 10 10693
1846 10780 0 4 0 10784
1847 0 0 10747 0 10747
1848 2 2 1 10275 10280
1849 10637 0 0 0 10637
1850 2 1 0 10656 10659
1851 1 6 1 10780 10788
1852 0 0 10624 2 10626
1853 0 0 10498 0 10498
1854 10450 1 5 2 10458
1855 10560 0 0 2 10562
1856 7 10420 4 7 10438
1857 1 1 1 10420 10423
1858 2 10493 1 0 10496
1859 10591 0 2 5 10598
1860 10506 0 3 0 10509
1861 2 0 10512 2 10516
1862 10395 0 2 1 10398
1863 10419 0 1 0 10420
1864 0 0 10406 0 10406
1865 0 0 10374 1 10375
1866 10404 0 3 0 10407
1867 10478 1 1 1 10481
1868 10484 0 0 0 10484
1869 10327 0 2 1 10330
1870 2 10158 0 217 10377
1871 0 3 2 10237 10242
1872 10412 0 2 0 10414
1873 3 0 10259 0 10262
1874 1 3 0 9995 9999
1875 10226 0 7 0 10233
1876 10245 0 1 4 10250
1877 10219 0 1 0 10220
1878 10252 0 3 1 10256
1879 10 0 9995 0 10005
1880 0 0 9735 3 9738
1881 9896 2 6 3 9907
1882 0 5 0 9686 9691
1883 1 9830 0 1 9832
1884 2 9968 4 0 9974
1885 0 5 0 9998 10003
1886 0 2 0 10015 10017
1887 0 3 0 10110 10113
1888 1 0 9945 1 9947
1889 3 0 9898 1 9902
1890 9915 0 5 1 9921
1891 10116 0 4 2 10122
1892 10063 0 0 2 10065
1893 10089 0 2 0 10091
1894 22 0 9878 1 9901
1895 0 9795 0 6 9801
1896 9830 0 0 2 9832
1897 1 9935 0 12 9948
1898 7 0 2 9918 9927
1899 9980 0 0 0 9980
1900 9878 0 3 0 9881
1901 3 0 9877 0 9880
1902 9802 0 1 2 9805
1903 4 0 9831 0 9835
1904 1 6 2 9280 9289
1905 9717 0 1 0 9718
1906 9698 18 5 0 9721
1907 1 1 5 9727 9734
1908 9714 0 0 1 9715
1909 1 0 0 9634 9635
1910 0 1 1 9583 9585
1911 2 1 1 9578 9582
1912 9515 1 0 0 9516
1913 1 9576 0 1 9578
1914 1 1 0 9682 9684
1915 9704 0 3 3 9710
1916 9642 0 4 0 9646
1917 9653 0 0 1 9654
1918 4 3 0 9648 9655
1919 2 8 9539 1 9550
1920 2 9493 1 14 9510
1921 0 157 0 9428 9585
1922 1 5 0 9643 9649
1923 5 0 9524 7 9536
1924 9628 0 3 0 9631
1925 0 1 0 9523 9524
1926 0 1 9520 2 9523
1927 2 9377 0 1 9380
1928 9379 0 6 1 9386
1929 2 9400 0 99 9501
1930 0 2 0 9671 9673
1931 9622 0 1 1 9624
1932 2 7 0 9614 9623
1933 0 0 9598 1 9599
1934 0 2 0 9390 9392
1935 9635 1 0 5 9641
1936 1 2 0 9611 9614
1937 1 1 0 9761 9763
1938 2 0 0 9806 9808
1939 1 2 9730 5 9738
1940 9 0 9664 1 9674
1941 9701 0 0 0 9701
1942 9773 0 0 0 9773
1943 9786 0 0 0 9786
1944 0 2 0 9803 9805
1945 2 0 9786 1 9789
1946 1 9413 0 23 9437
1947 0 9480 0 1 9481
1948 1 9512 0 3 9516
1949 9676 0 1 0 9677
1950 9632 0 0 1 9633
1951 0 0 1 9707 9708
1952 0 0 1 9873 9874
1953 8 5 9770 4 9787
1954 0 0 9717 0 9717
1955 9324 5 3 1 9333
1956 0 0 9665 3 9668
1957 0 0 9525 0 9525
1958 1 0 9545 3 9549
1959 0 0 9586 2 9588
1960 0 2 0 9356 9358
1961 0 1 0 9579 9580
1962 0 5 0 9695 9700
1963 9680 0 1 0 9681
1964 0 0 9590 0 9590
1965 0 2 1 9557 9560
1966 1 0 9802 2 9805
1967 2 9547 0 15 9564
1968 1 9561 0 181 9743
1969 3 0 9883 4 9890
1970 9702 0 1 0 9703
1971 2 1 9778 0 9781
1972 1 0 0 9600 9601
1973 1 9628 0 0 9629
1974 0 27 0 9794 9821
1975 9759 0 3 0 9762
1976 0 0 9854 0 9854
1977 3 0 9661 0 9664
1978 9489 0 0 1 9490
1979 0 0 9500 0 9500
1980 9359 0 22 0 9381
1981 3 9451 0 4 9458
1982 0 1 0 9627 9628
1983 1 7 0 9565 9573
1984 1 9445 0 31 9477
1985 1 2 0 9585 9588
1986 9401 0 1 0 9402
1987 4 9516 2 1 9523
1988 0 0 0 9558 9558
1989 9541 0 0 3 9544
1990 0 42 0 9412 9454
1991 0 1 0 9533 9534
1992 1 0 9503 1 9505
1993 9385 1 1 0 9387
1994 1 0 1 9442 9444
1995 0 0 0 9432 9432
1996 1 9402 0 0 9403
1997 9456 0 0 1 9457
1998 9351 0 18 0 9369
1999 2 0 9352 1 9355
2000 0 9146 0 1 9147
2001 9283 0 1 1 9285
2002 0 6 0 9227 9233
2003 1 3 0 9336 9340
2004 9333 0 0 0 9333
2005 9237 0 0 0 9237
2006 9213 1 1 0 9215
2007 4 0 9118 2 9124
2008 1 0 8988 0 8989
2009 8901 0 1 1 8903
2010 0 8993 0 1 8994
2011 8985 0 1 0 8986
2012 0 0 8971 0 8971
2013 8893 0 0 0 8893
2014 8825 1 1 1 8828
2015 8744 0 0 0 8744
2016 0 0 8690 0 8690
2017 2 0 8509 0 8511
2018 10 0 8475 0 8485
2019 2 1 2 8172 8177
2020 4 8230 0 2 8236
2021 0 8368 0 1 8369
2022 0 3 0 8470 8473
2023 0 2 0 8495 8497
2024 2 1 8474 2 8479
2025 1 0 8341 0 8342
2026 0 0 8317 0 8317
2027 0 0 0 7954 7954
2028 6 0 8170 0 8176
2029 0 3 0 7987 7990
2030 2 1 0 8095 8098
2031 0 8104 0 10 8114
2032 15 0 8009 1 8025
2033 7517 0 1 0 7518
2034 4 7638 1 0 7643
2035 0 1 0 7670 7671
2036 0 1 1 7708 7710
2037 7555 0 5 0 7560
2038 0 0 7579 1 7580
2039 7387 0 2 0 7389
2040 12 0 7351 3 7366
2041 0 0 7280 0 7280
2042 0 0 7296 0 7296
2043 7213 0 62 0 7275
2044 7312 0 0 0 7312
2045 3 1 0 7310 7314
2046 0 0 7213 0 7213
2047 0 1 0 7055 7056
2048 7149 1 0 0 7150
2049 0 0 0 7089 7089
2050 1 0 0 7082 7083
2051 0 7013 0 2 7015
2052 0 2 0 7116 7118
2053 1 0 7010 0 7011
2054 3 0 6993 0 6996
2055 6855 0 4 0 6859
2056 6798 0 18 0 6816
2057 0 0 0 6813 6813
2058 6776 0 0 1 6777
2059 0 0 6791 0 6791
2060 6699 0 0 0 6699
2061 6645 0 0 0 6645
2062 2 0 6620 1 6623
2063 6535 0 0 0 6535
2064 6564 0 0 0 6564
2065 0 0 0 6549 6549
2066 2 0 6577 0 6579
2067 1 3 0 6356 6360
2068 6472 0 0 0 6472
2069 0 0 0 6492 6492
2070 0 0 0 6490 6490
2071 6422 0 1 0 6423
2072 0 0 6303 0 6303
2073 4 6194 0 7 6205
2074 6272 0 3 0 6275
2075 6118 0 0 1 6119
2076 0 6072 0 0 6072
2077 6175 1 1 0 6177
2078 5796 0 1 0 5797
2079 2 5970 0 0 5972
2080 0 5941 0 0 5941
2081 0 5962 0 0 5962
2082 0 4 0 5995 5999
2083 1 0 0 6052 6053
2084 0 1 6032 0 6033
2085 1 0 6008 3 6012
2086 0 0 5990 1 5991
2087 0 2 0 5551 5553
2088 163 0 5721 0 5884
2089 5805 0 3 0 5808
2090 0 0 0 5841 5841
2091 5719 0 2 0 5721
2092 3 5620 2 3 5628
2093 5632 0 0 2 5634
2094 28 0 5599 0 5627
2095 5446 1 2 1 5450
2096 0 0 5544 0 5544
2097 0 1 0 5325 5326
2098 0 1 5399 0 5400
2099 5 0 0 5359 5364
2100 5373 4 5 1 5383
2101 1 1 1 5341 5344
2102 5295 0 1 0 5296
2103 1 5198 0 4 5203
2104 0 0 0 5228 5228
2105 5 0 5175 0 5180
2106 3 0 5184 0 5187
2107 0 0 0 5031 5031
2108 0 1 0 4984 4985
2109 0 4961 0 0 4961
2110 5049 0 1 0 5050
2111 4949 0 0 0 4949
2112 0 1 0 4940 4941
2113 3 0 4924 0 4927
2114 4845 0 0 0 4845
2115 4831 0 0 0 4831
2116 1 2 0 4838 4841
2117 0 0 4774 0 4774
2118 0 0 4755 0 4755
2119 0 4 0 4620 4624
2120 0 2 0 4672 4674
2121 2 1 4643 1 4647
2122 8 0 4574 0 4582
2123 0 0 4497 1 4498
2124 0 4343 3 0 4346
2125 0 16 1 4492 4509
2126 3 0 0 4537 4540
2127 0 0 0 4582 4582
2128 1 0 4562 0 4563
2129 4448 2 0 0 4450
2130 4397 0 1 0 4398
2131 4438 0 0 1 4439
2132 4394 0 3 0 4397
2133 10 0 4394 0 4404
2134 1 0 4373 1 4375
2135 4302 0 14 0 4316
2136 2 0 4299 0 4301
2137 0 0 4275 0 4275
2138 0 0 4232 0 4232
2139 68 0 4173 4 4245
2140 4219 0 0 0 4219
2141 4 0 4204 0 4208
2142 2 0 2 4019 4023
2143 4130 0 4 0 4134
2144 3975 0 171 0 4146
2145 3624 0 472 0 4096
2146 399 0 3612 0 4011
2147 0 6 1 3641 3648
2148 71 0 3700 0 3771
2149 1 2 0 3735 3738
2150 0 0 2 3779 3781
2151 20 0 3687 13 3720
2152 118 0 3519 0 3637
2153 3660 1 0 0 3661
2154 3587 0 1 0 3588
2155 0 0 0 3518 3518
2156 1 3532 0 1 3534
2157 3573 0 1 0 3574
2158 106 0 3468 3 3577
2159 0 2 0 3500 3502
2160 71 0 3438 0 3509
2161 0 0 3472 0 3472
2162 3445 0 0 0 3445
2163 0 1 0 3456 3457
2164 3 0 3440 0 3443
2165 3408 0 0 0 3408
2166 3399 0 0 0 3399
2167 0 0 3398 0 3398
2168 0 3 0 3340 3343
2169 3359 0 2 0 3361
2170 3336 0 5 0 3341
2171 0 0 0 3347 3347
2172 1 0 3318 6 3325
2173 2 0 3289 0 3291
2174 3270 0 0 0 3270
2175 0 0 0 3238 3238
2176 8 1 3240 0 3249
2177 3257 0 0 0 3257
2178 3228 0 0 0 3228
2179 0 0 0 3193 3193
2180 3223 0 0 0 3223
2181 3190 0 0 0 3190
2182 6 0 0 1 7
