0 0 0 0 0 0
1 43 0 0 0 43
2 0 0 0 44 44
3 0 0 200 0 200
4 0 0 198 0 198
5 199 0 0 0 199
6 0 0 0 199 199
7 200 0 0 0 200
8 0 255 0 0 255
9 0 0 0 258 258
10 0 0 0 252 252
11 0 0 0 252 252
12 0 0 0 254 254
13 389 0 0 0 389
14 0 0 0 390 390
15 0 0 0 384 384
16 386 0 0 0 386
17 0 390 0 0 390
18 388 0 0 0 388
19 389 0 0 0 389
20 0 0 379 0 379
21 381 0 0 0 381
22 384 0 0 0 384
23 384 0 0 0 384
24 0 387 0 0 387
25 0 0 0 387 387
26 0 1 0 389 390
27 0 382 0 0 382
28 0 384 0 0 384
29 384 0 0 0 384
30 0 0 381 0 381
31 379 0 0 0 379
32 0 387 0 0 387
33 0 0 0 384 384
34 387 0 0 0 387
35 0 390 0 0 390
36 384 0 0 0 384
37 382 0 0 0 382
38 0 0 0 383 383
39 384 0 0 0 384
40 388 0 0 0 388
41 0 0 0 391 391
42 390 0 0 0 390
43 0 255 0 0 255
44 389 0 0 0 389
45 383 0 0 0 383
46 384 0 0 0 384
47 382 0 0 0 382
48 0 0 372 0 372
49 0 0 371 0 371
50 0 382 0 0 382
51 0 389 0 0 389
52 390 0 0 0 390
53 384 0 0 0 384
54 387 0 0 0 387
55 386 0 0 0 386
56 388 0 0 0 388
57 0 391 0 0 391
58 388 0 0 0 388
59 0 391 0 0 391
60 388 0 0 0 388
61 382 0 0 0 382
62 0 0 0 387 387
63 0 0 384 0 384
64 0 0 377 0 377
65 0 376 0 0 376
66 388 0 0 0 388
67 0 0 389 0 389
68 380 0 0 0 380
69 392 0 0 0 392
70 0 0 0 382 382
71 0 0 0 387 387
72 0 0 0 385 385
73 391 0 0 0 391
74 0 0 380 1 381
75 0 0 0 384 384
76 1 0 379 1 381
77 383 0 0 0 383
78 384 0 0 0 384
79 0 0 380 0 380
80 384 0 0 0 384
81 0 0 0 385 385
82 0 386 0 0 386
83 0 390 0 0 390
84 0 0 0 384 384
85 0 0 388 0 388
86 385 0 0 0 385
87 388 0 0 0 388
88 0 0 0 387 387
89 0 0 0 393 393
90 0 0 383 1 384
91 0 389 0 0 389
92 390 0 0 0 390
93 390 0 0 0 390
94 0 393 0 0 393
95 0 388 0 0 388
96 389 0 0 0 389
97 0 0 389 0 389
98 0 384 0 0 384
99 387 0 0 0 387
100 391 0 0 0 391
101 0 0 0 384 384
102 0 0 382 0 382
103 0 388 0 0 388
104 0 0 0 388 388
105 391 1 0 0 392
106 0 0 0 391 391
107 0 0 0 388 388
108 0 390 0 0 390
109 388 0 0 0 388
110 389 0 0 0 389
111 0 0 0 394 394
112 388 0 0 0 388
113 0 0 0 394 394
114 0 394 0 0 394
115 0 1 0 393 394
116 0 0 387 1 388
117 0 391 0 0 391
118 1 0 383 0 384
119 0 0 0 380 380
120 0 383 0 0 383
121 0 387 0 0 387
122 386 0 0 0 386
123 1 0 0 391 392
124 0 388 0 0 388
125 0 0 0 396 396
126 385 0 0 0 385
127 0 0 389 0 389
128 377 1 0 0 378
129 0 0 388 1 389
130 0 0 384 1 385
131 0 1 0 373 374
132 0 0 0 387 387
133 0 0 0 411 411
134 0 0 405 1 406
135 0 409 0 0 409
136 0 0 0 411 411
137 409 0 0 0 409
138 0 0 0 410 410
139 0 0 411 0 411
140 0 0 0 349 349
141 348 0 0 0 348
142 352 0 0 0 352
143 0 0 0 352 352
144 352 0 0 0 352
145 353 0 0 0 353
146 0 0 349 0 349
147 0 0 0 337 337
148 0 0 345 1 346
149 353 0 0 0 353
150 0 356 0 0 356
151 667 0 0 0 667
152 0 0 0 663 663
153 0 0 663 0 663
154 665 0 0 0 665
155 616 0 0 0 616
156 0 0 0 618 618
157 0 0 0 625 625
158 0 1 0 624 625
159 0 0 0 624 624
160 0 624 0 0 624
161 0 0 0 622 622
162 0 0 0 624 624
163 0 0 614 0 614
164 619 0 0 0 619
165 0 622 0 1 623
166 0 0 624 0 624
167 597 0 0 0 597
168 604 0 0 0 604
169 0 0 620 0 620
170 602 0 0 0 602
171 617 0 0 0 617
172 0 0 624 0 624
173 0 0 620 1 621
174 618 0 0 0 618
175 626 0 0 0 626
176 617 0 1 0 618
177 624 0 0 0 624
178 0 0 617 0 617
179 0 625 0 0 625
180 623 0 0 0 623
181 0 0 0 624 624
182 626 0 0 0 626
183 0 0 0 628 628
184 621 1 0 0 622
185 0 623 0 0 623
186 626 0 0 0 626
187 0 0 617 1 618
188 0 612 0 1 613
189 621 0 0 0 621
190 0 0 0 626 626
191 0 0 1 626 627
192 622 0 0 0 622
193 0 0 621 0 621
194 621 0 0 0 621
195 622 0 0 0 622
196 0 0 621 0 621
197 0 0 616 0 616
198 616 0 0 0 616
199 0 621 0 0 621
200 621 0 0 0 621
201 616 0 0 0 616
202 0 0 620 0 620
203 0 0 615 0 615
204 0 0 605 0 605
205 623 0 0 0 623
206 635 0 0 0 635
207 628 0 0 0 628
208 0 0 635 0 635
209 624 0 0 0 624
210 641 0 1 0 642
211 0 636 0 0 636
212 643 0 0 0 643
213 637 0 0 0 637
214 638 0 0 0 638
215 636 0 1 0 637
216 0 632 0 0 632
217 0 0 0 637 637
218 0 0 0 640 640
219 1 0 633 0 634
220 639 0 0 0 639
221 0 0 631 0 631
222 324 0 308 0 632
223 0 629 0 0 629
224 0 634 0 0 634
225 642 0 0 0 642
226 0 633 0 0 633
227 635 0 0 0 635
228 629 0 0 0 629
229 0 0 0 640 640
230 639 0 0 0 639
231 0 0 0 645 645
232 1 0 635 1 637
233 626 0 0 0 626
234 631 0 0 0 631
235 0 0 638 0 638
236 0 0 0 605 605
237 631 0 0 0 631
238 641 0 0 0 641
239 0 0 0 636 636
240 0 0 0 638 638
241 0 0 637 1 638
242 631 0 0 0 631
243 0 0 636 1 637
244 0 0 635 1 636
245 0 0 630 0 630
246 634 0 0 0 634
247 642 0 0 0 642
248 0 0 0 626 626
249 1 0 628 0 629
250 0 628 0 0 628
251 1 636 0 0 637
252 644 0 0 0 644
253 641 0 1 0 642
254 0 0 628 0 628
255 631 0 0 0 631
256 624 0 0 0 624
257 0 621 0 0 621
258 0 625 0 0 625
259 636 0 0 0 636
260 0 0 0 623 623
261 636 0 0 0 636
262 0 0 627 0 627
263 0 632 0 0 632
264 626 0 0 1 627
265 0 0 0 616 616
266 0 0 626 0 626
267 0 0 626 0 626
268 624 0 0 0 624
269 0 0 0 627 627
270 1 1 617 0 619
271 0 0 615 0 615
272 1 0 0 599 600
273 0 604 0 0 604
274 0 614 0 0 614
275 661 0 0 0 661
276 0 0 665 0 665
277 665 0 0 0 665
278 0 0 656 0 656
279 649 0 0 0 649
280 0 0 1 643 644
281 0 650 0 0 650
282 0 657 0 0 657
283 0 0 0 652 652
284 0 0 0 656 656
285 671 0 0 0 671
286 0 0 662 0 662
287 0 651 0 0 651
288 0 0 0 655 655
289 0 663 0 0 663
290 664 0 0 0 664
291 663 0 0 0 663
292 0 0 666 0 666
293 667 0 0 0 667
294 0 0 662 0 662
295 0 658 0 0 658
296 661 1 0 0 662
297 0 0 0 668 668
298 0 0 664 0 664
299 0 0 664 0 664
300 658 0 0 0 658
301 667 0 0 0 667
302 0 0 0 663 663
303 664 0 0 0 664
304 0 0 667 0 667
305 661 0 0 0 661
306 0 0 655 0 655
307 661 0 1 0 662
308 0 650 0 0 650
309 0 0 0 644 644
310 0 639 0 0 639
311 0 648 0 0 648
312 0 657 0 0 657
313 657 0 0 0 657
314 657 0 0 0 657
315 0 0 653 0 653
316 0 0 0 635 635
317 657 0 0 0 657
318 0 0 0 652 652
319 0 658 0 0 658
320 0 0 0 656 656
321 310 0 344 0 654
322 0 0 650 0 650
323 0 505 0 0 505
324 0 0 0 516 516
325 0 0 518 0 518
326 501 0 0 0 501
327 0 0 0 506 506
328 0 0 0 520 520
329 0 0 0 519 519
330 0 0 517 0 517
331 0 0 0 491 491
332 0 0 0 510 510
333 0 1 0 510 511
334 0 0 519 0 519
335 517 0 0 0 517
336 1 0 0 515 516
337 0 0 0 517 517
338 516 0 0 0 516
339 0 514 0 0 514
340 518 0 0 0 518
341 516 0 0 0 516
342 511 0 0 0 511
343 513 0 0 0 513
344 0 514 0 0 514
345 0 513 0 0 513
346 517 0 0 0 517
347 517 0 0 0 517
348 509 0 0 0 509
349 509 0 0 0 509
350 0 0 511 0 511
351 507 0 0 0 507
352 0 0 0 502 502
353 0 0 0 510 510
354 0 0 0 511 511
355 516 0 0 0 516
356 0 0 0 518 518
357 516 0 0 0 516
358 0 0 513 0 513
359 521 0 0 0 521
360 512 0 3 0 515
361 0 0 505 0 505
362 0 0 0 494 494
363 0 0 0 505 505
364 0 0 508 0 508
365 0 0 508 0 508
366 505 0 0 0 505
367 506 0 0 0 506
368 0 0 0 513 513
369 510 0 0 0 510
370 509 0 0 0 509
371 0 511 0 0 511
372 512 0 0 0 512
373 508 0 0 0 508
374 507 0 0 0 507
375 0 0 493 0 493
376 0 0 503 0 503
377 0 0 502 0 502
378 493 0 0 0 493
379 0 0 0 383 383
380 0 0 0 387 387
381 0 0 386 0 386
382 0 0 374 0 374
383 0 370 0 0 370
384 0 0 0 492 492
385 0 0 489 0 489
386 489 0 0 0 489
387 0 0 0 489 489
388 0 0 488 0 488
389 487 0 0 0 487
390 0 0 0 489 489
391 0 0 0 493 493
392 496 0 0 0 496
393 0 492 0 0 492
394 0 0 0 495 495
395 0 0 0 494 494
396 0 0 0 498 498
397 0 0 0 495 495
398 0 0 487 0 487
399 0 0 720 0 720
400 713 0 0 0 713
401 725 0 0 0 725
402 727 0 0 0 727
403 729 0 0 0 729
404 721 0 0 0 721
405 0 0 419 0 419
406 413 0 0 0 413
407 421 0 0 0 421
408 416 0 0 0 416
409 0 0 426 0 426
410 418 0 0 0 418
411 426 0 0 0 426
412 394 0 0 0 394
413 388 0 0 0 388
414 383 0 0 0 383
415 0 0 0 385 385
416 0 0 0 389 389
417 0 0 385 0 385
418 0 0 386 0 386
419 0 0 378 0 378
420 382 0 0 0 382
421 390 0 0 0 390
422 390 0 0 0 390
423 0 0 0 387 387
424 393 0 0 0 393
425 0 0 387 0 387
426 1 384 0 0 385
427 387 0 0 0 387
428 0 0 0 386 386
429 0 0 385 0 385
430 0 0 379 0 379
431 379 0 1 0 380
432 385 0 0 0 385
433 0 390 0 0 390
434 0 0 0 390 390
435 0 0 389 0 389
436 384 0 0 0 384
437 0 0 0 391 391
438 0 0 392 0 392
439 388 0 0 0 388
440 0 0 0 389 389
441 389 0 0 0 389
442 0 0 0 385 385
443 0 0 0 387 387
444 1 384 0 0 385
445 392 0 0 0 392
446 0 0 383 0 383
447 0 382 0 0 382
448 0 0 0 388 388
449 390 0 0 0 390
450 0 391 0 0 391
451 392 0 0 0 392
452 386 0 0 0 386
453 0 0 0 388 388
454 1 387 0 0 388
455 391 0 0 0 391
456 378 0 0 0 378
457 0 0 377 0 377
458 350 1 0 0 351
459 1 350 0 1 352
460 0 0 0 354 354
461 346 0 0 0 346
462 0 350 0 0 350
463 0 0 0 351 351
464 0 503 0 0 503
465 0 0 512 0 512
466 0 0 0 491 491
467 0 0 0 502 502
468 503 0 0 0 503
469 488 0 0 0 488
470 0 0 506 0 506
471 0 0 0 477 477
472 507 0 0 0 507
473 509 0 0 0 509
474 0 0 0 509 509
475 0 0 508 0 508
476 506 0 0 0 506
477 504 0 0 0 504
478 0 0 0 507 507
479 0 506 0 0 506
480 0 514 0 0 514
481 0 0 0 507 507
482 0 506 0 0 506
483 596 0 0 0 596
484 0 0 0 602 602
485 0 0 0 606 606
486 0 0 606 0 606
487 0 0 602 0 602
488 586 0 0 0 586
489 0 0 0 597 597
490 0 0 600 0 600
491 590 0 0 0 590
492 0 0 600 0 600
493 0 0 602 0 602
494 573 0 0 0 573
495 591 0 0 0 591
496 0 0 595 0 595
497 0 0 595 0 595
498 0 0 591 0 591
499 589 0 0 0 589
500 595 0 0 0 595
501 587 0 0 0 587
502 0 0 595 0 595
503 0 0 590 0 590
504 0 0 596 0 596
505 595 0 0 0 595
506 0 0 596 0 596
507 597 0 0 0 597
508 0 0 598 0 598
509 0 0 0 594 594
510 0 0 605 0 605
511 1 598 0 0 599
512 0 0 0 604 604
513 605 0 0 0 605
514 599 0 0 0 599
515 0 0 603 0 603
516 0 605 0 0 605
517 619 0 0 0 619
518 0 0 621 0 621
519 619 0 0 0 619
520 0 617 0 0 617
521 0 0 0 623 623
522 1 620 0 0 621
523 622 0 0 0 622
524 0 622 0 0 622
525 623 0 0 0 623
526 0 0 619 0 619
527 622 0 0 0 622
528 621 0 0 0 621
529 0 621 0 0 621
530 0 0 0 616 616
531 0 0 0 619 619
532 0 617 0 0 617
533 619 0 0 0 619
534 0 0 621 0 621
535 0 0 614 0 614
536 0 612 0 0 612
537 0 1 0 619 620
538 0 0 620 0 620
539 619 0 0 0 619
540 626 0 0 0 626
541 1 0 0 623 624
542 0 0 0 624 624
543 624 0 0 0 624
544 620 0 0 0 620
545 0 0 620 0 620
546 0 0 0 599 599
547 0 617 0 0 617
548 0 0 0 623 623
549 1 0 617 0 618
550 619 0 0 0 619
551 617 0 0 0 617
552 616 0 0 0 616
553 618 0 0 0 618
554 615 0 0 0 615
555 0 0 0 619 619
556 0 0 0 616 616
557 0 0 0 623 623
558 620 0 0 0 620
559 0 0 0 616 616
560 0 0 622 0 622
561 0 0 740 0 740
562 0 735 0 1 736
563 742 1 0 0 743
564 733 0 0 0 733
565 0 0 743 0 743
566 0 0 0 755 755
567 0 0 0 759 759
568 0 761 0 0 761
569 0 0 0 768 768
570 1 765 0 0 766
571 766 0 0 1 767
572 0 0 0 765 765
573 771 0 0 0 771
574 0 0 766 0 766
575 0 0 758 0 758
576 748 0 0 0 748
577 0 0 758 0 758
578 753 0 0 0 753
579 759 0 0 1 760
580 0 0 765 0 765
581 761 0 0 0 761
582 763 0 0 0 763
583 0 0 762 0 762
584 763 0 0 0 763
585 0 1 0 760 761
586 0 0 770 0 770
587 0 0 0 760 760
588 0 0 0 774 774
589 0 0 766 0 766
590 752 0 0 0 752
591 756 0 0 0 756
592 758 0 0 0 758
593 753 0 0 0 753
594 0 0 768 0 768
595 0 0 763 0 763
596 0 0 764 0 764
597 759 0 0 0 759
598 760 0 0 0 760
599 0 0 0 765 765
600 0 0 0 772 772
601 0 0 769 0 769
602 762 0 0 0 762
603 0 0 0 768 768
604 0 0 0 771 771
605 0 0 0 771 771
606 0 0 0 769 769
607 774 0 0 0 774
608 770 0 0 0 770
609 768 0 0 0 768
610 0 769 0 0 769
611 0 0 0 774 774
612 0 0 0 771 771
613 0 0 763 0 763
614 0 0 764 0 764
615 760 0 0 0 760
616 0 760 0 0 760
617 765 0 0 0 765
618 0 0 768 0 768
619 761 0 0 0 761
620 1 768 0 0 769
621 768 0 0 0 768
622 765 0 0 0 765
623 0 1 0 766 767
624 769 0 0 0 769
625 0 0 0 768 768
626 1 768 0 0 769
627 0 0 0 770 770
628 772 0 0 0 772
629 0 0 766 0 766
630 762 0 0 0 762
631 0 768 0 0 768
632 0 0 0 768 768
633 773 0 0 0 773
634 764 0 0 0 764
635 0 0 657 0 657
636 661 0 0 0 661
637 0 0 660 0 660
638 660 0 1 0 661
639 0 0 0 660 660
640 661 0 0 0 661
641 0 0 0 666 666
642 669 0 0 0 669
643 0 0 0 668 668
644 0 665 0 0 665
645 0 0 0 665 665
646 0 0 635 0 635
647 0 0 0 392 392
648 0 0 0 391 391
649 0 464 0 0 464
650 0 476 0 0 476
651 478 0 0 0 478
652 0 0 496 0 496
653 0 621 0 0 621
654 0 636 0 0 636
655 0 0 642 0 642
656 0 0 649 0 649
657 0 0 0 610 610
658 0 0 0 634 634
659 0 0 0 638 638
660 0 641 0 0 641
661 0 5 0 630 635
662 0 699 0 0 699
663 0 715 0 0 715
664 721 0 0 0 721
665 712 0 0 0 712
666 0 0 0 712 712
667 0 0 0 712 712
668 0 0 0 715 715
669 0 0 0 729 729
670 1 0 733 0 734
671 719 0 0 0 719
672 718 0 0 0 718
673 0 0 725 0 725
674 0 0 722 0 722
675 712 0 0 0 712
676 726 0 0 0 726
677 0 0 0 726 726
678 1 0 724 0 725
679 722 0 0 0 722
680 0 0 728 0 728
681 0 0 723 0 723
682 716 0 0 0 716
683 0 0 717 0 717
684 0 710 0 0 710
685 0 0 0 732 732
686 725 0 2 0 727
687 1 726 0 0 727
688 722 0 0 0 722
689 1 0 0 728 729
690 728 0 0 0 728
691 0 0 719 0 719
692 718 0 0 0 718
693 0 727 0 0 727
694 901 0 1 0 902
695 903 0 0 0 903
696 0 0 0 893 893
697 903 0 0 0 903
698 0 0 0 898 898
699 898 0 0 0 898
700 0 0 884 0 884
701 870 0 0 0 870
702 0 889 0 0 889
703 0 888 0 0 888
704 0 893 0 0 893
705 903 0 0 0 903
706 893 0 0 0 893
707 894 0 1 0 895
708 898 0 0 0 898
709 0 0 898 0 898
710 0 0 889 0 889
711 884 0 0 0 884
712 0 0 894 1 895
713 1 898 0 0 899
714 900 0 0 0 900
715 898 0 0 0 898
716 0 0 0 894 894
717 902 0 0 0 902
718 0 0 894 0 894
719 891 0 0 0 891
720 0 0 885 0 885
721 894 0 0 0 894
722 0 0 899 0 899
723 901 0 0 0 901
724 895 0 0 0 895
725 902 0 0 0 902
726 0 0 0 878 878
727 0 893 0 0 893
728 0 0 0 811 811
729 801 0 0 0 801
730 0 0 798 0 798
731 0 790 0 0 790
732 803 0 0 0 803
733 799 0 0 0 799
734 0 0 803 0 803
735 0 0 781 1 782
736 766 0 0 0 766
737 0 0 0 779 779
738 0 0 780 0 780
739 0 0 0 767 767
740 0 762 0 1 763
741 0 1 0 767 768
742 0 757 0 0 757
743 0 747 0 0 747
744 0 768 0 0 768
745 0 0 0 882 882
746 0 0 0 883 883
747 893 0 0 0 893
748 0 0 884 0 884
749 0 0 0 880 880
750 878 0 0 0 878
751 0 0 0 873 873
752 0 888 0 0 888
753 1077 0 0 0 1077
754 0 0 1056 0 1056
755 0 0 0 1055 1055
756 0 1054 0 0 1054
757 1045 0 0 0 1045
758 0 1058 0 0 1058
759 1041 0 0 0 1041
760 0 1050 0 0 1050
761 0 1057 0 0 1057
762 0 0 0 1064 1064
763 1078 0 0 0 1078
764 1075 0 0 0 1075
765 1072 0 0 0 1072
766 1071 0 0 0 1071
767 1056 0 0 0 1056
768 1 0 1041 0 1042
769 0 0 0 1023 1023
770 0 0 0 1040 1040
771 1058 0 0 0 1058
772 1050 0 0 0 1050
773 0 1035 0 0 1035
774 1054 0 0 0 1054
775 0 0 0 1034 1034
776 0 0 1033 0 1033
777 0 0 1024 0 1024
778 0 0 1022 0 1022
779 1030 0 0 0 1030
780 0 0 1021 0 1021
781 0 0 1022 0 1022
782 1021 0 0 0 1021
783 0 1076 0 0 1076
784 0 1085 0 0 1085
785 0 0 0 1100 1100
786 1091 0 0 0 1091
787 1091 0 0 0 1091
788 0 0 1088 0 1088
789 1074 0 0 0 1074
790 0 1096 0 0 1096
791 0 1096 0 0 1096
792 1106 0 0 1 1107
793 1087 0 0 0 1087
794 0 0 0 1087 1087
795 1090 0 0 0 1090
796 1 0 1081 0 1082
797 0 0 1063 0 1063
798 0 0 1062 1 1063
799 0 1061 0 0 1061
800 0 1075 0 0 1075
801 0 0 0 1084 1084
802 0 1078 0 0 1078
803 1078 0 1 0 1079
804 0 1096 0 1 1097
805 1104 0 0 0 1104
806 0 0 0 1102 1102
807 0 0 0 1096 1096
808 0 0 0 1096 1096
809 1090 0 0 0 1090
810 0 1099 0 1 1100
811 0 0 1083 0 1083
812 1053 0 0 0 1053
813 0 1068 0 0 1068
814 0 1066 0 1 1067
815 1071 0 0 0 1071
816 0 0 0 1067 1067
817 0 0 1074 0 1074
818 1071 0 0 0 1071
819 0 0 1070 0 1070
820 0 1046 0 0 1046
821 0 0 0 1057 1057
822 1057 0 0 1 1058
823 0 1064 0 0 1064
824 0 1070 0 1 1071
825 1078 0 0 0 1078
826 0 0 1072 0 1072
827 1069 0 0 0 1069
828 1053 0 0 0 1053
829 0 0 1057 1 1058
830 0 0 0 1048 1048
831 0 0 0 1022 1022
832 0 1047 0 0 1047
833 0 1058 0 0 1058
834 1068 0 0 0 1068
835 0 0 0 1068 1068
836 1067 0 0 0 1067
837 0 0 0 1067 1067
838 1068 0 0 0 1068
839 1070 0 0 0 1070
840 0 0 0 1066 1066
841 0 0 1058 0 1058
842 0 872 0 0 872
843 0 873 0 0 873
844 0 0 0 867 867
845 0 0 0 877 877
846 0 0 0 871 871
847 0 889 0 0 889
848 0 0 0 883 883
849 0 0 0 875 875
850 0 884 0 0 884
851 0 0 0 895 895
852 896 0 0 0 896
853 893 0 0 0 893
854 0 0 0 890 890
855 1 0 888 0 889
856 0 0 0 878 878
857 0 876 0 0 876
858 0 0 0 887 887
859 1 0 889 0 890
860 891 0 0 0 891
861 0 0 0 884 884
862 0 0 887 0 887
863 889 0 0 0 889
864 780 0 0 0 780
865 0 780 0 0 780
866 0 0 0 789 789
867 795 0 0 0 795
868 0 0 909 0 909
869 0 0 905 0 905
870 906 0 1 0 907
871 0 0 0 887 887
872 0 0 0 889 889
873 0 0 896 0 896
874 0 0 931 0 931
875 0 792 0 0 792
876 0 794 0 1 795
877 812 0 0 0 812
878 811 0 0 0 811
879 0 0 0 812 812
880 803 0 0 0 803
881 0 0 0 811 811
882 0 0 800 0 800
883 793 0 0 0 793
884 0 798 0 0 798
885 0 0 0 798 798
886 0 0 804 0 804
887 803 0 0 0 803
888 0 0 796 0 796
889 0 0 775 0 775
890 0 0 768 0 768
891 802 0 0 0 802
892 802 0 0 0 802
893 811 0 0 0 811
894 0 0 794 0 794
895 0 0 0 774 774
896 0 780 0 0 780
897 0 797 0 0 797
898 803 0 0 0 803
899 805 0 0 0 805
900 702 0 0 0 702
901 707 0 0 0 707
902 708 0 0 0 708
903 702 0 0 0 702
904 0 707 0 1 708
905 0 707 0 0 707
906 0 0 704 0 704
907 707 0 0 0 707
908 705 0 1 0 706
909 1 0 699 0 700
910 698 0 0 0 698
911 0 698 0 0 698
912 689 0 0 0 689
913 0 19 0 623 642
914 0 0 0 643 643
915 646 0 0 0 646
916 0 0 635 0 635
917 0 632 0 0 632
918 0 636 0 0 636
919 648 0 0 0 648
920 655 0 0 0 655
921 655 0 0 0 655
922 0 0 651 0 651
923 655 0 0 0 655
924 645 0 0 0 645
925 0 0 0 639 639
926 0 0 648 0 648
927 0 0 0 469 469
928 1 473 0 0 474
929 0 0 0 483 483
930 489 0 0 0 489
931 0 0 481 0 481
932 489 0 0 0 489
933 483 0 1 0 484
934 484 0 0 0 484
935 486 0 0 0 486
936 0 0 474 0 474
937 0 0 0 475 475
938 478 0 0 0 478
939 0 481 0 0 481
940 0 0 0 469 469
941 0 474 0 0 474
942 484 0 0 0 484
943 479 0 0 0 479
944 0 478 0 0 478
945 467 0 1 0 468
946 0 477 0 0 477
947 0 0 0 468 468
948 466 0 0 0 466
949 0 482 0 0 482
950 1 0 485 0 486
951 480 0 0 0 480
952 0 0 479 0 479
953 478 0 0 0 478
954 0 0 0 470 470
955 0 474 0 0 474
956 480 0 0 0 480
957 479 0 0 0 479
958 476 0 0 0 476
959 0 481 0 0 481
960 0 0 0 477 477
961 0 0 478 0 478
962 464 0 0 0 464
963 0 469 0 0 469
964 0 460 0 1 461
965 0 470 0 0 470
966 485 0 0 0 485
967 483 0 0 0 483
968 0 0 0 470 470
969 483 0 0 0 483
970 1 0 0 470 471
971 0 0 0 485 485
972 497 0 0 0 497
973 496 0 0 0 496
974 0 0 0 482 482
975 497 0 0 0 497
976 494 0 0 0 494
977 0 0 0 478 478
978 0 0 496 0 496
979 500 0 0 0 500
980 491 0 0 0 491
981 491 0 0 0 491
982 488 0 0 0 488
983 0 0 486 0 486
984 0 486 0 3 489
985 0 0 490 0 490
986 488 0 1 0 489
987 0 0 487 0 487
988 479 0 0 0 479
989 298 0 0 0 298
990 305 0 0 0 305
991 0 0 295 0 295
992 0 301 0 0 301
993 0 0 0 303 303
994 304 0 0 0 304
995 308 0 0 0 308
996 0 305 0 0 305
997 0 0 308 0 308
998 304 0 0 0 304
999 307 0 0 0 307
1000 309 0 0 0 309
1001 305 0 0 0 305
1002 0 0 0 294 294
1003 0 0 0 294 294
1004 0 0 1 291 292
1005 0 302 0 0 302
1006 0 0 0 301 301
1007 0 0 0 302 302
1008 302 0 0 0 302
1009 0 0 1 296 297
1010 0 0 300 0 300
1011 0 0 306 0 306
1012 301 0 0 0 301
1013 295 0 0 0 295
1014 0 0 303 0 303
1015 0 295 0 0 295
1016 0 0 0 301 301
1017 0 0 44 258 302
1018 0 0 0 306 306
1019 0 0 308 1 309
1020 0 0 301 0 301
1021 299 0 0 0 299
1022 0 0 305 0 305
1023 305 0 0 0 305
1024 0 0 301 0 301
1025 301 1 0 0 302
1026 0 299 0 0 299
1027 0 0 0 531 531
1028 0 0 531 0 531
1029 0 0 0 524 524
1030 1 0 536 0 537
1031 0 0 0 521 521
1032 531 0 0 0 531
1033 528 0 0 0 528
1034 531 0 0 0 531
1035 0 0 0 535 535
1036 523 0 0 0 523
1037 0 531 0 0 531
1038 530 0 0 0 530
1039 533 0 0 0 533
1040 0 0 0 524 524
1041 537 0 0 0 537
1042 530 0 0 0 530
1043 0 0 537 0 537
1044 0 0 0 520 520
1045 531 0 0 0 531
1046 521 0 0 0 521
1047 0 0 0 524 524
1048 0 0 412 0 412
1049 401 0 0 0 401
1050 0 0 407 0 407
1051 0 0 405 0 405
1052 507 0 0 0 507
1053 507 0 0 0 507
1054 0 0 501 0 501
1055 0 504 0 0 504
1056 1 0 503 0 504
1057 496 0 0 1 497
1058 0 0 497 0 497
1059 0 714 0 0 714
1060 724 0 0 0 724
1061 730 0 0 0 730
1062 0 731 0 0 731
1063 0 0 723 0 723
1064 713 0 0 0 713
1065 0 0 716 0 716
1066 0 719 0 0 719
1067 0 0 0 711 711
1068 727 0 0 0 727
1069 0 731 0 0 731
1070 725 0 0 0 725
1071 0 0 725 0 725
1072 721 0 0 0 721
1073 720 0 0 0 720
1074 724 0 0 0 724
1075 729 0 0 0 729
1076 0 727 0 0 727
1077 0 728 0 0 728
1078 726 0 0 0 726
1079 719 0 0 0 719
1080 0 0 0 614 614
1081 0 0 0 617 617
1082 613 0 0 0 613
1083 0 0 0 607 607
1084 0 0 612 0 612
1085 0 610 0 0 610
1086 0 601 0 2 603
1087 619 0 0 0 619
1088 609 0 0 0 609
1089 607 0 0 0 607
1090 0 0 0 1162 1162
1091 0 0 1140 0 1140
1092 0 0 1135 0 1135
1093 0 0 1158 0 1158
1094 0 1155 0 0 1155
1095 0 1147 0 0 1147
1096 1157 0 0 1 1158
1097 0 1166 0 0 1166
1098 1154 0 0 0 1154
1099 0 0 1172 0 1172
1100 0 0 1157 0 1157
1101 0 0 1155 0 1155
1102 0 0 1166 0 1166
1103 1145 0 0 0 1145
1104 0 0 0 1158 1158
1105 0 0 1172 0 1172
1106 0 0 1164 0 1164
1107 1157 0 0 0 1157
1108 0 0 0 1161 1161
1109 0 1 0 1183 1184
1110 1175 0 0 1 1176
1111 1179 0 0 0 1179
1112 0 1181 0 0 1181
1113 1176 0 0 0 1176
1114 0 0 0 1170 1170
1115 1175 0 0 1 1176
1116 0 1177 0 0 1177
1117 0 1160 0 1 1161
1118 1173 0 0 0 1173
1119 0 0 1175 0 1175
1120 1139 0 0 0 1139
1121 1147 0 0 0 1147
1122 1171 0 0 0 1171
1123 1174 0 0 0 1174
1124 0 0 0 1178 1178
1125 1172 0 0 0 1172
1126 1176 0 0 0 1176
1127 0 0 0 1185 1185
1128 2 0 1414 0 1416
1129 1390 0 0 0 1390
1130 1401 0 0 0 1401
1131 1403 0 0 0 1403
1132 2 0 1410 0 1412
1133 1382 0 0 0 1382
1134 1392 0 0 0 1392
1135 0 0 1403 0 1403
1136 0 0 0 1358 1358
1137 1405 0 0 0 1405
1138 0 0 1398 0 1398
1139 0 1408 0 0 1408
1140 1409 0 0 0 1409
1141 1393 0 0 0 1393
1142 0 0 0 1417 1417
1143 1417 0 0 0 1417
1144 0 0 1414 0 1414
1145 1398 0 0 0 1398
1146 0 0 0 1406 1406
1147 0 0 1401 0 1401
1148 1398 1 0 0 1399
1149 0 1404 0 1 1405
1150 0 0 1409 0 1409
1151 1389 0 0 0 1389
1152 1404 0 0 0 1404
1153 1422 0 0 0 1422
1154 0 1415 0 0 1415
1155 1413 0 0 0 1413
1156 1412 0 0 0 1412
1157 0 0 0 1419 1419
1158 0 0 1410 0 1410
1159 0 0 0 1377 1377
1160 0 0 1396 0 1396
1161 0 1404 0 1 1405
1162 0 1411 0 0 1411
1163 1424 0 0 0 1424
1164 1412 0 0 0 1412
1165 0 0 1415 0 1415
1166 1405 0 0 0 1405
1167 1409 0 0 0 1409
1168 0 0 1399 0 1399
1169 1386 0 0 0 1386
1170 0 0 1409 0 1409
1171 0 1407 0 0 1407
1172 0 1413 0 0 1413
1173 0 0 0 1421 1421
1174 1426 0 0 0 1426
1175 1418 0 0 0 1418
1176 1419 0 0 0 1419
1177 1411 0 0 0 1411
1178 0 0 0 1415 1415
1179 0 1406 0 0 1406
1180 1 1396 0 0 1397
1181 0 1422 0 0 1422
1182 0 0 0 1419 1419
1183 1422 0 0 0 1422
1184 1425 0 0 0 1425
1185 0 1422 0 0 1422
1186 1426 0 0 0 1426
1187 1421 0 0 0 1421
1188 1418 0 1 0 1419
1189 0 0 0 1424 1424
1190 0 0 1415 0 1415
1191 0 0 0 1387 1387
1192 1425 0 0 0 1425
1193 0 0 1407 0 1407
1194 1404 0 0 0 1404
1195 0 0 1405 0 1405
1196 0 0 0 1372 1372
1197 0 0 1398 0 1398
1198 0 0 1381 0 1381
1199 0 1393 0 0 1393
1200 0 0 0 1401 1401
1201 0 0 1406 0 1406
1202 0 1397 0 0 1397
1203 0 0 0 1390 1390
1204 0 0 0 1409 1409
1205 0 0 1398 0 1398
1206 0 0 1408 0 1408
1207 0 0 1402 0 1402
1208 0 0 0 1254 1254
1209 0 0 0 1375 1375
1210 0 1384 0 1 1385
1211 1418 0 0 0 1418
1212 1409 0 0 0 1409
1213 1419 0 0 0 1419
1214 0 1408 0 0 1408
1215 1400 0 1 0 1401
1216 1 0 1392 0 1393
1217 1400 0 0 0 1400
1218 0 0 1384 0 1384
1219 1382 0 1 0 1383
1220 0 0 0 1386 1386
1221 0 0 1383 0 1383
1222 1404 0 0 0 1404
1223 1394 0 0 0 1394
1224 0 0 0 1399 1399
1225 0 1397 0 0 1397
1226 0 0 0 1394 1394
1227 1410 0 0 0 1410
1228 0 0 0 1399 1399
1229 0 0 0 1395 1395
1230 1 0 1374 0 1375
1231 1401 0 0 0 1401
1232 0 0 1379 0 1379
1233 0 1381 0 1 1382
1234 1406 0 0 1 1407
1235 0 1394 0 0 1394
1236 0 0 0 1390 1390
1237 0 1396 0 0 1396
1238 0 0 0 1401 1401
1239 0 0 1392 0 1392
1240 1382 0 0 0 1382
1241 0 1405 0 0 1405
1242 1390 0 0 0 1390
1243 1395 0 0 0 1395
1244 0 0 1399 0 1399
1245 0 0 0 1315 1315
1246 1384 0 1 0 1385
1247 1385 0 0 0 1385
1248 1401 0 0 0 1401
1249 1403 0 0 0 1403
1250 0 0 1365 0 1365
1251 1395 0 0 0 1395
1252 0 0 1341 0 1341
1253 0 1372 0 0 1372
1254 0 0 0 1386 1386
1255 0 1398 0 0 1398
1256 0 0 0 1397 1397
1257 0 0 1386 0 1386
1258 0 0 1380 0 1380
1259 1383 0 0 0 1383
1260 0 1379 0 0 1379
1261 0 1396 0 0 1396
1262 0 0 0 1398 1398
1263 1395 0 0 0 1395
1264 0 1400 0 0 1400
1265 0 1391 0 0 1391
1266 1394 0 0 0 1394
1267 0 0 1392 0 1392
1268 1349 0 0 0 1349
1269 1384 0 1 0 1385
1270 1387 0 0 0 1387
1271 0 0 0 1400 1400
1272 1405 0 1 0 1406
1273 0 0 1368 1 1369
1274 0 0 1394 0 1394
1275 0 0 1417 0 1417
1276 0 1423 0 0 1423
1277 0 1429 0 1 1430
1278 1413 0 0 0 1413
1279 0 0 1415 0 1415
1280 1328 0 0 0 1328
1281 0 1215 0 0 1215
1282 1398 0 0 0 1398
1283 0 0 0 1372 1372
1284 1427 0 0 0 1427
1285 0 0 1360 0 1360
1286 0 1397 0 1 1398
1287 1401 0 0 0 1401
1288 0 1405 0 0 1405
1289 0 1411 0 0 1411
1290 0 1428 0 0 1428
1291 0 0 1425 0 1425
1292 0 1 0 1323 1324
1293 0 0 1380 0 1380
1294 0 0 1400 0 1400
1295 1370 0 1 0 1371
1296 0 0 1389 0 1389
1297 0 1398 0 0 1398
1298 1391 0 1 0 1392
1299 0 0 0 1412 1412
1300 0 0 1435 0 1435
1301 0 0 0 1338 1338
1302 1349 0 0 0 1349
1303 0 0 1300 0 1300
1304 0 0 1310 0 1310
1305 1279 0 0 0 1279
1306 1310 0 0 0 1310
1307 0 0 1308 0 1308
1308 1 0 0 1143 1144
1309 0 0 1257 0 1257
1310 1273 0 0 0 1273
1311 1302 0 0 0 1302
1312 1321 0 1 0 1322
1313 0 0 1298 0 1298
1314 1304 0 1 0 1305
1315 1315 0 1 0 1316
1316 0 0 1308 0 1308
1317 0 0 1508 0 1508
1318 1500 0 0 0 1500
1319 1510 0 0 0 1510
1320 1513 0 0 0 1513
1321 0 0 0 1488 1488
1322 1464 0 0 0 1464
1323 0 1477 0 0 1477
1324 0 0 0 1476 1476
1325 0 0 0 1490 1490
1326 0 0 0 1506 1506
1327 0 0 1502 0 1502
1328 0 0 0 1468 1468
1329 0 0 0 1495 1495
1330 1511 0 0 0 1511
1331 1496 0 0 0 1496
1332 0 1441 0 1 1442
1333 0 0 1509 0 1509
1334 1498 0 1 0 1499
1335 1494 0 0 0 1494
1336 1497 0 1 0 1498
1337 0 0 0 1474 1474
1338 0 1500 0 0 1500
1339 1238 0 0 0 1238
1340 1225 0 0 0 1225
1341 0 1235 0 0 1235
1342 0 0 0 1231 1231
1343 1222 0 0 0 1222
1344 1 1345 0 1 1347
1345 0 0 0 1352 1352
1346 0 0 1351 0 1351
1347 0 0 0 1342 1342
1348 1355 0 0 0 1355
1349 1353 0 0 0 1353
1350 1 0 1343 0 1344
1351 0 0 1311 0 1311
1352 1 1291 0 0 1292
1353 1 1315 0 0 1316
1354 0 0 0 1332 1332
1355 0 1323 0 0 1323
1356 0 1 0 1342 1343
1357 1332 0 2 0 1334
1358 0 1346 0 1 1347
1359 1336 0 0 0 1336
1360 0 0 1400 0 1400
1361 0 0 0 1398 1398
1362 0 0 0 1441 1441
1363 1456 0 0 0 1456
1364 0 0 0 1446 1446
1365 0 0 1443 0 1443
1366 1434 0 0 0 1434
1367 1 0 0 1440 1441
1368 0 0 1457 0 1457
1369 1439 0 0 0 1439
1370 1449 0 0 0 1449
1371 0 0 1455 0 1455
1372 0 0 0 1433 1433
1373 1451 0 1 0 1452
1374 0 1 0 1457 1458
1375 0 0 1448 0 1448
1376 0 0 0 1439 1439
1377 0 0 1286 0 1286
1378 1 1211 0 0 1212
1379 0 0 0 1229 1229
1380 0 0 0 1268 1268
1381 0 0 0 1259 1259
1382 0 0 0 1262 1262
1383 0 1 0 1268 1269
1384 0 1282 0 0 1282
1385 1300 0 0 0 1300
1386 0 0 0 1283 1283
1387 1251 0 0 0 1251
1388 0 1263 0 0 1263
1389 0 0 0 1264 1264
1390 0 0 0 1271 1271
1391 0 1271 0 0 1271
1392 1294 0 0 0 1294
1393 0 0 0 1278 1278
1394 0 0 0 1458 1458
1395 0 0 1441 0 1441
1396 1 0 0 1431 1432
1397 0 0 0 1405 1405
1398 0 0 1421 0 1421
1399 1428 0 0 0 1428
1400 1423 0 0 0 1423
1401 0 0 0 1394 1394
1402 0 0 1416 0 1416
1403 1008 0 0 1 1009
1404 1002 0 0 0 1002
1405 998 0 0 0 998
1406 0 0 971 0 971
1407 0 981 0 1 982
1408 997 0 0 0 997
1409 987 0 0 0 987
1410 0 2 0 960 962
1411 0 0 981 0 981
1412 0 961 0 1 962
1413 0 973 0 2 975
1414 997 0 0 0 997
1415 0 0 979 0 979
1416 0 973 0 0 973
1417 990 0 0 0 990
1418 0 0 1 986 987
1419 0 0 986 0 986
1420 0 0 975 0 975
1421 0 0 978 0 978
1422 1126 0 0 0 1126
1423 1125 0 0 0 1125
1424 1121 0 0 0 1121
1425 1117 0 0 0 1117
1426 0 0 0 1093 1093
1427 1091 0 0 0 1091
1428 0 1109 0 0 1109
1429 1121 0 0 0 1121
1430 1118 1 0 0 1119
1431 1100 0 1 0 1101
1432 0 0 1103 0 1103
1433 0 0 0 1083 1083
1434 1126 1 0 0 1127
1435 1118 0 0 0 1118
1436 0 0 0 1086 1086
1437 1071 0 0 0 1071
1438 0 1073 0 0 1073
1439 0 898 0 0 898
1440 912 0 0 0 912
1441 912 0 0 0 912
1442 0 1 0 883 884
1443 681 0 0 0 681
1444 676 0 0 0 676
1445 0 681 0 0 681
1446 0 688 0 0 688
1447 693 0 0 0 693
1448 680 0 0 0 680
1449 0 677 0 0 677
1450 687 0 0 0 687
1451 0 0 683 0 683
1452 677 0 0 0 677
1453 0 0 679 0 679
1454 0 0 0 651 651
1455 681 0 0 0 681
1456 0 0 688 0 688
1457 0 0 0 676 676
1458 693 0 0 0 693
1459 688 0 0 0 688
1460 684 0 0 0 684
1461 0 0 0 689 689
1462 0 1 691 0 692
1463 678 1 0 1 680
1464 682 0 0 0 682
1465 690 0 0 0 690
1466 691 0 0 0 691
1467 684 0 0 0 684
1468 0 0 686 0 686
1469 0 0 677 0 677
1470 673 0 0 0 673
1471 0 0 677 0 677
1472 686 0 0 0 686
1473 689 0 0 0 689
1474 689 0 0 0 689
1475 0 0 1054 0 1054
1476 0 0 0 1028 1028
1477 0 0 0 1046 1046
1478 0 0 0 1044 1044
1479 0 1065 0 1 1066
1480 0 0 1055 0 1055
1481 1030 0 0 0 1030
1482 0 1064 0 1 1065
1483 1071 0 0 0 1071
1484 0 0 0 1068 1068
1485 0 0 1062 0 1062
1486 0 1052 0 1 1053
1487 0 0 0 1053 1053
1488 0 0 0 1057 1057
1489 0 0 0 1069 1069
1490 1057 0 0 0 1057
1491 0 1061 0 0 1061
1492 0 0 1059 0 1059
1493 0 0 1055 0 1055
1494 0 0 0 1059 1059
1495 0 1050 0 0 1050
1496 0 0 0 1059 1059
1497 0 0 1064 0 1064
1498 0 0 1051 0 1051
1499 0 1056 0 1 1057
1500 0 0 1067 0 1067
1501 1 0 1069 0 1070
1502 0 0 1 825 826
1503 0 0 0 989 989
1504 771 0 0 1 772
1505 1009 0 0 0 1009
1506 1040 0 0 0 1040
1507 0 0 726 0 726
1508 0 0 906 0 906
1509 797 0 1 0 798
1510 2 742 0 0 744
1511 908 0 0 0 908
1512 1137 0 0 0 1137
1513 1 0 0 779 780
1514 0 861 0 0 861
1515 0 1 0 891 892
1516 0 903 0 0 903
1517 806 0 0 0 806
1518 0 0 0 850 850
1519 0 832 0 0 832
1520 0 0 0 947 947
1521 0 0 779 0 779
1522 713 0 0 2 715
1523 0 0 891 0 891
1524 0 0 1010 0 1010
1525 0 0 1037 0 1037
1526 0 0 1052 0 1052
1527 599 0 0 0 599
1528 0 0 836 0 836
1529 716 0 0 0 716
1530 0 0 0 772 772
1531 832 0 0 0 832
1532 1 809 0 0 810
1533 0 3 0 884 887
1534 0 0 858 0 858
1535 726 0 1 2 729
1536 0 1 0 861 862
1537 0 0 871 0 871
1538 0 0 0 837 837
1539 0 0 0 1081 1081
1540 0 0 838 0 838
1541 0 0 0 835 835
1542 804 0 0 0 804
1543 912 0 0 0 912
1544 0 800 0 0 800
1545 836 0 1 0 837
1546 0 0 850 1 851
1547 0 1 0 775 776
1548 0 0 0 907 907
1549 0 0 788 0 788
1550 0 1 0 802 803
1551 819 0 0 0 819
1552 925 0 0 0 925
1553 1 777 0 0 778
1554 0 112 0 729 841
1555 0 1 0 943 944
1556 0 0 0 981 981
1557 0 0 0 981 981
1558 0 0 717 1 718
1559 748 0 0 0 748
1560 923 0 0 0 923
1561 0 0 0 818 818
1562 0 0 0 945 945
1563 0 0 0 969 969
1564 762 0 0 0 762
1565 0 0 765 0 765
1566 0 0 0 760 760
1567 827 0 0 0 827
1568 0 0 817 0 817
1569 0 0 0 763 763
1570 805 0 0 0 805
1571 0 822 1 0 823
1572 853 0 0 0 853
1573 0 0 806 0 806
1574 815 0 0 0 815
1575 0 0 0 771 771
1576 0 785 0 0 785
1577 0 877 0 0 877
1578 0 933 0 0 933
1579 512 0 0 1 513
1580 0 0 832 0 832
1581 743 0 0 0 743
1582 0 0 848 0 848
1583 0 0 1 733 734
1584 0 0 838 0 838
1585 0 0 907 0 907
1586 680 0 1 0 681
1587 0 757 0 0 757
1588 0 0 0 787 787
1589 0 837 0 0 837
1590 792 0 0 0 792
1591 0 0 850 0 850
1592 0 0 906 0 906
1593 893 0 0 0 893
1594 1072 0 0 0 1072
1595 1132 0 0 0 1132
1596 0 0 932 0 932
1597 0 0 0 864 864
1598 0 0 965 0 965
1599 1 0 1039 0 1040
1600 0 894 0 0 894
1601 0 1043 0 0 1043
1602 956 0 0 1 957
1603 1120 1 0 0 1121
1604 1169 0 0 0 1169
1605 1178 0 0 0 1178
1606 0 0 0 1104 1104
1607 1080 0 0 0 1080
1608 0 0 0 1067 1067
1609 1031 0 0 0 1031
1610 0 973 0 0 973
1611 0 0 0 974 974
1612 1 0 945 0 946
1613 0 0 0 917 917
1614 0 0 967 0 967
1615 0 0 0 912 912
1616 0 0 0 1000 1000
1617 0 0 0 969 969
1618 803 0 0 0 803
1619 0 0 792 0 792
1620 0 0 923 0 923
1621 693 0 0 0 693
1622 0 0 0 794 794
1623 0 0 1 904 905
1624 1 0 742 0 743
1625 0 0 891 0 891
1626 0 701 0 0 701
1627 0 0 0 715 715
1628 0 805 0 0 805
1629 0 909 0 0 909
1630 0 960 0 0 960
1631 0 0 0 824 824
1632 774 0 1 0 775
1633 0 0 0 858 858
1634 0 0 0 941 941
1635 0 0 0 856 856
1636 0 0 679 0 679
1637 0 0 0 668 668
1638 0 0 707 0 707
1639 556 0 1 0 557
1640 0 0 716 0 716
1641 0 0 0 553 553
1642 1 0 713 0 714
1643 0 0 808 0 808
1644 0 0 851 0 851
1645 516 0 0 0 516
1646 0 0 626 0 626
1647 0 0 704 0 704
1648 0 0 714 0 714
1649 568 0 0 0 568
1650 709 0 0 0 709
1651 743 1 0 0 744
1652 749 0 0 0 749
1653 748 0 0 0 748
1654 0 0 0 657 657
1655 0 650 0 0 650
1656 0 0 0 702 702
1657 0 0 681 0 681
1658 0 0 0 639 639
1659 0 0 666 0 666
1660 0 0 0 604 604
1661 644 0 0 0 644
1662 0 681 0 0 681
1663 0 0 0 907 907
1664 0 0 0 967 967
1665 0 0 826 0 826
1666 0 0 0 865 865
1667 877 0 0 0 877
1668 0 882 0 0 882
1669 0 0 0 928 928
1670 0 0 900 0 900
1671 0 848 0 0 848
1672 0 924 0 0 924
1673 0 0 894 0 894
1674 848 0 0 0 848
1675 0 0 920 0 920
1676 0 1 0 812 813
1677 0 0 891 0 891
1678 847 0 0 0 847
1679 949 0 0 0 949
1680 0 0 0 900 900
1681 0 0 886 0 886
1682 0 0 940 0 940
1683 0 830 0 2 832
1684 833 0 0 0 833
1685 0 911 0 0 911
1686 929 0 0 1 930
1687 966 0 0 0 966
1688 981 0 0 0 981
1689 0 0 0 933 933
1690 949 0 0 0 949
1691 976 0 0 0 976
1692 0 0 857 0 857
1693 854 0 0 0 854
1694 0 0 0 803 803
1695 0 829 0 0 829
1696 0 932 0 0 932
1697 925 0 0 1 926
1698 972 0 0 0 972
1699 974 0 0 0 974
1700 0 0 0 909 909
1701 1 0 919 0 920
1702 887 0 0 0 887
1703 966 0 0 0 966
1704 973 0 0 0 973
1705 0 0 0 909 909
1706 0 0 903 0 903
1707 0 0 958 0 958
1708 0 0 973 0 973
1709 0 0 980 0 980
1710 783 0 0 0 783
1711 907 0 0 0 907
1712 0 0 0 914 914
1713 1 0 938 0 939
1714 0 0 986 0 986
1715 799 0 0 0 799
1716 757 0 0 0 757
1717 0 0 743 0 743
1718 0 734 0 0 734
1719 0 0 0 758 758
1720 751 0 0 0 751
1721 0 0 820 0 820
1722 643 0 0 0 643
1723 634 0 0 0 634
1724 0 0 622 0 622
1725 635 0 0 0 635
1726 0 0 0 634 634
1727 0 0 634 0 634
1728 0 0 0 612 612
1729 0 1 0 617 618
1730 0 0 0 642 642
1731 0 0 624 0 624
1732 0 620 0 0 620
1733 0 0 0 628 628
1734 0 0 0 623 623
1735 0 641 0 0 641
1736 651 0 0 0 651
1737 635 0 0 0 635
1738 0 0 0 620 620
1739 0 633 0 0 633
1740 654 0 0 0 654
1741 1083 0 0 0 1083
1742 0 0 0 1061 1061
1743 1 0 1050 0 1051
1744 0 1054 0 1 1055
1745 1067 0 0 0 1067
1746 1054 0 0 0 1054
1747 0 1067 0 0 1067
1748 1063 0 0 0 1063
1749 1051 0 0 0 1051
1750 1050 0 0 0 1050
1751 0 0 0 1056 1056
1752 0 0 1062 0 1062
1753 0 0 1056 1 1057
1754 1028 0 2 0 1030
1755 0 0 1031 0 1031
1756 0 0 1025 0 1025
1757 0 885 0 52 937
1758 942 0 1 0 943
1759 949 0 0 0 949
1760 0 0 0 951 951
1761 0 0 0 960 960
1762 0 0 957 0 957
1763 0 0 0 950 950
1764 0 0 0 1007 1007
1765 0 0 998 0 998
1766 972 0 1 0 973
1767 996 0 1 0 997
1768 0 988 0 0 988
1769 992 0 2 0 994
1770 0 0 987 0 987
1771 0 0 971 0 971
1772 990 0 0 0 990
1773 987 0 0 0 987
1774 0 0 0 981 981
1775 0 994 0 0 994
1776 988 0 0 0 988
1777 0 0 0 968 968
1778 0 980 0 0 980
1779 1 0 999 0 1000
1780 997 0 0 0 997
1781 0 0 0 998 998
1782 988 0 0 1 989
1783 0 989 0 0 989
1784 995 0 0 0 995
1785 997 0 0 0 997
1786 0 0 986 0 986
1787 0 0 935 0 935
1788 939 1 0 0 940
1789 0 0 0 925 925
1790 922 0 0 0 922
1791 0 0 0 914 914
1792 0 0 919 0 919
1793 942 0 0 0 942
1794 0 939 0 0 939
1795 944 0 0 0 944
1796 0 0 0 925 925
1797 0 0 938 0 938
1798 920 0 0 0 920
1799 0 932 0 0 932
1800 0 932 0 0 932
1801 945 0 0 0 945
1802 927 0 0 0 927
1803 917 0 0 0 917
1804 0 0 922 0 922
1805 0 903 0 0 903
1806 0 918 0 0 918
1807 0 0 0 938 938
1808 0 0 941 0 941
1809 0 0 0 935 935
1810 0 0 0 941 941
1811 0 0 0 928 928
1812 0 924 0 0 924
1813 930 0 0 0 930
1814 939 0 0 0 939
1815 0 0 945 0 945
1816 0 0 940 0 940
1817 0 0 908 0 908
1818 897 0 0 0 897
1819 0 0 906 0 906
1820 898 0 0 0 898
1821 0 900 0 0 900
1822 918 0 0 0 918
1823 0 0 918 0 918
1824 917 0 1 0 918
1825 0 0 915 0 915
1826 0 0 0 894 894
1827 917 0 0 0 917
1828 923 0 0 0 923
1829 921 0 0 0 921
1830 0 0 0 918 918
1831 912 0 0 0 912
1832 0 0 898 0 898
1833 0 878 0 0 878
1834 1 873 0 0 874
1835 0 953 0 0 953
1836 0 1097 0 0 1097
1837 1122 0 0 0 1122
1838 1117 0 0 0 1117
1839 1104 0 0 0 1104
1840 1089 0 0 0 1089
1841 0 1115 0 0 1115
1842 0 1 0 1086 1087
1843 0 0 0 1173 1173
1844 0 0 0 1173 1173
1845 0 1174 0 0 1174
1846 1172 0 0 0 1172
1847 1 0 1155 0 1156
1848 0 0 0 1153 1153
1849 1172 0 0 0 1172
1850 0 0 0 1162 1162
1851 0 0 0 1186 1186
1852 0 0 1170 0 1170
1853 0 0 1159 0 1159
1854 1155 0 0 0 1155
1855 1180 0 0 0 1180
1856 0 1181 0 0 1181
1857 0 0 0 1180 1180
1858 0 1170 0 1 1171
1859 1178 1 0 0 1179
1860 1171 0 1 1 1173
1861 0 0 1192 0 1192
1862 1162 0 0 0 1162
1863 1170 0 0 0 1170
1864 0 0 1175 0 1175
1865 0 0 1178 0 1178
1866 1153 0 0 1 1154
1867 1092 0 0 0 1092
1868 1091 0 0 0 1091
1869 1091 0 0 0 1091
1870 0 1093 0 0 1093
1871 0 1 0 1102 1103
1872 1098 0 0 0 1098
1873 0 0 1099 0 1099
1874 0 0 0 1173 1173
1875 1211 0 0 0 1211
1876 1189 0 0 0 1189
1877 1190 1 0 0 1191
1878 1185 0 0 0 1185
1879 0 0 1193 0 1193
1880 0 0 1166 0 1166
1881 1173 0 0 0 1173
1882 0 1 0 1159 1160
1883 0 1187 0 0 1187
1884 0 1183 0 0 1183
1885 1 0 0 1204 1205
1886 0 0 0 1209 1209
1887 0 0 0 960 960
1888 0 0 958 0 958
1889 0 0 953 0 953
1890 957 0 0 1 958
1891 963 0 0 0 963
1892 964 0 0 0 964
1893 966 0 0 0 966
1894 0 0 963 0 963
1895 0 950 0 0 950
1896 962 0 0 0 962
1897 0 968 0 0 968
1898 0 0 0 917 917
1899 913 0 0 0 913
1900 912 0 0 0 912
1901 0 0 912 0 912
1902 897 0 1 0 898
1903 0 0 912 0 912
1904 0 0 0 828 828
1905 897 0 0 0 897
1906 900 0 0 2 902
1907 0 0 0 904 904
1908 920 1 0 0 921
1909 0 0 0 911 911
1910 0 1 0 916 917
1911 0 0 0 930 930
1912 929 0 0 0 929
1913 0 910 0 0 910
1914 0 0 0 929 929
1915 922 0 0 0 922
1916 1001 0 1 0 1002
1917 1010 0 0 0 1010
1918 0 0 0 991 991
1919 0 0 960 0 960
1920 1 968 0 0 969
1921 0 0 0 984 984
1922 0 0 0 1002 1002
1923 0 0 965 0 965
1924 995 0 0 0 995
1925 0 0 0 980 980
1926 0 0 992 0 992
1927 0 979 0 0 979
1928 983 0 0 0 983
1929 0 995 0 0 995
1930 0 0 0 1003 1003
1931 989 0 1 0 990
1932 0 0 0 1000 1000
1933 0 0 999 0 999
1934 0 1 0 954 955
1935 999 0 0 0 999
1936 0 0 0 994 994
1937 0 0 0 1000 1000
1938 0 0 0 1007 1007
1939 0 0 993 0 993
1940 0 0 989 0 989
1941 992 0 0 0 992
1942 997 0 0 0 997
1943 1006 0 0 0 1006
1944 0 0 0 987 987
1945 0 0 992 0 992
1946 0 966 0 2 968
1947 0 986 0 0 986
1948 0 1002 0 0 1002
1949 1019 0 0 0 1019
1950 1006 0 0 0 1006
1951 0 0 0 1017 1017
1952 0 0 0 1032 1032
1953 0 0 1018 0 1018
1954 0 0 1010 0 1010
1955 945 0 0 0 945
1956 57 0 915 0 972
1957 0 0 984 0 984
1958 0 0 983 0 983
1959 0 0 1006 0 1006
1960 0 0 1 938 939
1961 0 0 0 984 984
1962 0 0 0 1019 1019
1963 1022 0 0 0 1022
1964 0 0 1011 0 1011
1965 0 0 0 896 896
1966 0 0 893 0 893
1967 0 876 0 0 876
1968 0 886 0 0 886
1969 0 0 904 0 904
1970 839 0 0 1 840
1971 0 0 895 0 895
1972 0 0 0 892 892
1973 0 896 0 0 896
1974 0 0 0 904 904
1975 905 0 0 0 905
1976 0 0 899 0 899
1977 0 0 898 0 898
1978 875 0 0 0 875
1979 1 0 877 0 878
1980 868 0 0 0 868
1981 0 891 0 0 891
1982 0 0 0 904 904
1983 0 0 0 903 903
1984 0 891 0 0 891
1985 0 0 0 911 911
1986 899 0 0 0 899
1987 0 911 0 0 911
1988 0 0 0 905 905
1989 910 0 1 0 911
1990 0 0 0 900 900
1991 0 0 0 910 910
1992 0 0 885 0 885
1993 920 0 0 0 920
1994 0 0 0 946 946
1995 0 0 0 948 948
1996 0 944 0 0 944
1997 552 0 1 0 553
1998 552 0 0 0 552
1999 0 0 548 0 548
2000 0 522 0 1 523
2001 551 0 0 0 551
2002 0 0 0 542 542
2003 0 0 0 562 562
2004 442 0 0 0 442
2005 448 0 0 0 448
2006 445 0 0 0 445
2007 0 0 438 0 438
2008 0 0 441 0 441
2009 426 0 0 0 426
2010 0 423 0 0 423
2011 440 0 0 0 440
2012 0 0 432 0 432
2013 443 0 0 0 443
2014 436 0 0 0 436
2015 340 0 0 0 340
2016 0 0 318 0 318
2017 0 0 331 0 331
2018 1 0 327 0 328
2019 0 0 0 286 286
2020 0 292 0 0 292
2021 0 309 0 0 309
2022 0 0 0 320 320
2023 0 0 0 339 339
2024 0 0 332 0 332
2025 0 1 331 0 332
2026 0 0 331 0 331
2027 0 0 0 321 321
2028 0 0 320 0 320
2029 0 0 0 297 297
2030 0 0 0 305 305
2031 0 300 0 0 300
2032 0 0 286 0 286
2033 280 0 0 0 280
2034 0 288 0 0 288
2035 0 0 0 312 312
2036 0 0 0 327 327
2037 304 0 0 0 304
2038 0 0 307 0 307
2039 317 0 0 0 317
2040 0 0 310 0 310
2041 0 0 319 0 319
2042 0 0 326 0 326
2043 318 0 0 0 318
2044 324 0 0 0 324
2045 0 0 0 321 321
2046 0 0 240 0 240
2047 0 0 0 218 218
2048 235 0 0 0 235
2049 0 0 0 230 230
2050 0 0 0 226 226
2051 0 234 0 0 234
2052 0 0 0 240 240
2053 0 0 241 0 241
2054 0 0 244 0 244
2055 177 0 0 0 177
2056 182 0 0 0 182
2057 0 0 0 177 177
2058 178 0 0 0 178
2059 0 0 173 0 173
2060 165 0 0 0 165
2061 173 0 0 0 173
2062 0 0 176 0 176
2063 161 0 0 0 161
2064 177 0 0 0 177
2065 0 0 0 172 172
2066 0 0 177 0 177
2067 0 0 0 147 147
2068 159 0 0 0 159
2069 0 0 0 164 164
2070 0 0 0 181 181
2071 164 0 0 0 164
2072 0 0 168 0 168
2073 0 150 0 0 150
2074 173 0 0 0 173
2075 166 0 0 0 166
2076 0 164 0 0 164
2077 170 0 0 0 170
2078 156 0 0 0 156
2079 0 144 0 0 144
2080 0 145 0 0 145
2081 0 157 0 0 157
2082 0 0 0 162 162
2083 0 0 0 172 172
2084 0 0 171 0 171
2085 0 0 172 0 172
2086 0 0 166 0 166
2087 0 0 0 139 139
2088 0 0 160 0 160
2089 169 0 0 0 169
2090 0 0 0 174 174
2091 155 0 0 0 155
2092 0 161 0 0 161
2093 128 0 0 0 128
2094 1 0 190 0 191
2095 178 0 0 0 178
2096 0 0 189 0 189
2097 0 0 0 182 182
2098 0 0 183 0 183
2099 0 0 0 188 188
2100 186 0 0 0 186
2101 0 0 0 181 181
2102 181 0 0 0 181
2103 0 178 0 0 178
2104 0 0 0 182 182
2105 0 0 179 0 179
2106 0 0 188 0 188
2107 0 0 0 184 184
2108 0 0 0 166 166
2109 0 180 0 0 180
2110 192 0 0 0 192
2111 193 0 0 0 193
2112 0 0 0 182 182
2113 0 0 189 0 189
2114 186 0 0 0 186
2115 189 0 0 0 189
2116 0 0 0 184 184
2117 0 0 186 0 186
2118 0 0 189 0 189
2119 0 0 1 183 184
2120 0 0 0 184 184
2121 0 0 181 0 181
2122 0 0 177 0 177
2123 0 0 173 0 173
2124 0 155 0 0 155
2125 0 0 0 187 187
2126 0 0 0 178 178
2127 0 0 0 188 188
2128 0 0 192 0 192
2129 191 0 0 0 191
2130 186 0 0 0 186
2131 193 0 0 0 193
2132 192 0 0 0 192
2133 0 0 189 0 189
2134 0 0 187 0 187
2135 189 0 0 0 189
2136 0 0 177 0 177
2137 0 0 181 0 181
2138 0 0 179 0 179
2139 0 0 191 0 191
2140 192 0 0 0 192
2141 0 0 188 0 188
2142 0 0 0 184 184
2143 187 0 0 0 187
2144 186 0 0 0 186
2145 1 0 186 0 187
2146 0 0 182 0 182
2147 0 0 0 186 186
2148 1 0 187 0 188
2149 0 0 0 191 191
2150 0 0 0 187 187
2151 0 0 184 0 184
2152 0 0 191 0 191
2153 190 0 0 0 190
2154 187 0 0 0 187
2155 0 0 0 183 183
2156 0 183 0 0 183
2157 179 0 0 0 179
2158 0 0 189 0 189
2159 0 0 0 194 194
2160 0 0 193 0 193
2161 0 0 189 0 189
2162 187 0 0 0 187
2163 0 0 0 186 186
2164 0 0 183 0 183
2165 192 0 0 0 192
2166 186 0 0 0 186
2167 0 0 181 0 181
2168 0 1 0 189 190
2169 190 0 2 0 192
2170 189 0 0 0 189
2171 0 0 0 186 186
2172 1 0 177 0 178
2173 0 0 185 0 185
2174 188 0 0 0 188
2175 0 0 1 185 186
2176 0 0 181 0 181
2177 189 0 0 0 189
2178 190 0 0 0 190
2179 0 0 0 188 188
2180 192 0 0 0 192
2181 192 0 0 0 192
2182 0 0 0 0 0
