0 0 0 0 0 0
1 2955 4 0 3 2962
2 0 0 0 3252 3252
3 0 0 3391 0 3391
4 0 0 3424 0 3424
5 3406 0 0 0 3406
6 0 0 0 3486 3486
7 3509 0 0 1 3510
8 0 3826 0 2 3828
9 1 4 0 4397 4402
10 0 1 0 4517 4518
11 0 1 0 4518 4519
12 0 0 0 4620 4620
13 4658 0 0 0 4658
14 1 0 6 4651 4658
15 0 0 0 4676 4676
16 4658 0 10 3 4671
17 18 4762 0 0 4780
18 4867 0 6 0 4873
19 4878 0 0 0 4878
20 7 0 4953 0 4960
21 4976 0 0 0 4976
22 4970 1 0 0 4971
23 5011 0 0 0 5011
24 0 5078 0 1 5079
25 0 0 0 5113 5113
26 0 0 0 5132 5132
27 0 5126 0 6 5132
28 0 5156 0 2 5158
29 5160 1 0 5 5166
30 0 0 5114 0 5114
31 5102 0 0 0 5102
32 0 5164 0 0 5164
33 0 2 0 5179 5181
34 5173 0 2 1 5176
35 2 5235 0 0 5237
36 5213 0 0 0 5213
37 5204 0 0 0 5204
38 0 1 0 5276 5277
39 5227 0 1 0 5228
40 5254 0 1 0 5255
41 0 0 1 5283 5284
42 5276 0 1 0 5277
43 6 5294 0 1 5301
44 5335 0 1 0 5336
45 5296 1 1 0 5298
46 5242 0 4 0 5246
47 5213 0 4 0 5217
48 2 0 5115 0 5117
49 0 0 5062 1 5063
50 0 5268 0 1 5269
51 1 5359 1 1 5362
52 5367 0 3 2 5372
53 5343 0 1 0 5344
54 5339 0 0 1 5340
55 5376 0 0 0 5376
56 5337 0 0 0 5337
57 1 5360 0 0 5361
58 5442 0 1 0 5443
59 2 5452 0 0 5454
60 5470 0 1 0 5471
61 5434 0 0 1 5435
62 0 0 0 5374 5374
63 1 0 5276 0 5277
64 0 1 5259 0 5260
65 0 5385 0 0 5385
66 5515 0 5 1 5521
67 0 0 5478 1 5479
68 5385 0 1 2 5388
69 4970 0 564 1 5535
70 0 0 1 5496 5497
71 0 2 0 5512 5514
72 0 13 0 5556 5569
73 5559 0 1 1 5561
74 0 0 5472 0 5472
75 0 1 0 5484 5485
76 7 0 5459 1 5467
77 5492 0 0 0 5492
78 5595 0 1 0 5596
79 3 0 5460 0 5463
80 5541 0 0 0 5541
81 0 31 0 5519 5550
82 0 5536 1 3 5540
83 0 5583 0 0 5583
84 54 127 0 5456 5637
85 2 0 5613 0 5615
86 5654 0 0 0 5654
87 5667 0 13 0 5680
88 0 4 0 5645 5649
89 0 2 0 5602 5604
90 5 0 5561 1 5567
91 6 5579 1 3 5589
92 5693 0 0 0 5693
93 5660 0 0 1 5661
94 0 5667 0 0 5667
95 1 5688 0 2 5691
96 5757 0 6 0 5763
97 7 0 5622 1 5630
98 1 5634 0 36 5671
99 5745 0 0 0 5745
100 5779 0 1 0 5780
101 1 1 0 5774 5776
102 0 0 5705 0 5705
103 1 5706 0 0 5707
104 0 6 0 5791 5797
105 5836 0 0 10 5846
106 0 3 0 5856 5859
107 0 1 0 5839 5840
108 1 5779 0 6 5786
109 5858 0 2 0 5860
110 5835 0 0 1 5836
111 0 136 0 5684 5820
112 5841 0 0 1 5842
113 0 2 0 5832 5834
114 0 5821 0 0 5821
115 0 0 0 5825 5825
116 3 0 5755 0 5758
117 0 5756 0 1 5757
118 0 0 5790 0 5790
119 0 0 0 5702 5702
120 0 5699 0 0 5699
121 1 5764 0 0 5765
122 5853 0 1 0 5854
123 0 0 1 5887 5888
124 1 5917 0 2 5920
125 0 1 0 5959 5960
126 5906 1 1 1 5909
127 1 0 5905 0 5906
128 5824 0 0 0 5824
129 3 0 5894 0 5897
130 0 0 5946 0 5946
131 0 3 0 5859 5862
132 2 4 0 6040 6046
133 0 3 0 6085 6088
134 4 0 6034 2 6040
135 0 6032 0 17 6049
136 0 2 0 6120 6122
137 6093 0 0 1 6094
138 0 0 1 6153 6154
139 0 0 6191 0 6191
140 0 1 0 6069 6070
141 6212 0 0 0 6212
142 6188 0 0 3 6191
143 0 1 0 6250 6251
144 6307 0 0 0 6307
145 6234 0 1 6 6241
146 0 0 6319 0 6319
147 3 3 0 6026 6032
148 0 1 6175 1 6177
149 6269 3 0 1 6273
150 0 6370 0 0 6370
151 6519 0 1 0 6520
152 1 1 0 6499 6501
153 4 0 6495 0 6499
154 6537 0 0 0 6537
155 6645 1 0 0 6646
156 0 1 0 6733 6734
157 0 3 0 6775 6778
158 1 3 0 6818 6822
159 0 1 0 6829 6830
160 0 6749 0 0 6749
161 0 4 0 6771 6775
162 3 10 0 6791 6804
163 7 0 6703 0 6710
164 6672 0 1 0 6673
165 2 6730 0 58 6790
166 1 0 6833 0 6834
167 6601 1 5 0 6607
168 6605 0 0 0 6605
169 0 0 6787 0 6787
170 6722 0 0 0 6722
171 6844 1 0 1 6846
172 2 0 6931 0 6933
173 6 0 6895 0 6901
174 6871 0 0 0 6871
175 6938 0 0 4 6942
176 6941 0 0 0 6941
177 6883 0 13 0 6896
178 8 0 6869 0 6877
179 4 6865 0 2 6871
180 6903 0 1 0 6904
181 0 1 1 6912 6914
182 6936 0 2 0 6938
183 0 8 0 6900 6908
184 6904 0 0 1 6905
185 2 6862 0 1 6865
186 6911 0 0 0 6911
187 23 0 6781 0 6804
188 0 6767 0 1 6768
189 6862 0 0 2 6864
190 0 0 0 6864 6864
191 0 0 0 6889 6889
192 6890 0 1 4 6895
193 0 0 6779 0 6779
194 6753 0 0 0 6753
195 6767 3 0 1 6771
196 0 0 6746 0 6746
197 5 0 6517 0 6522
198 6559 0 20 1 6580
199 5 6520 0 1 6526
200 6601 0 1 2 6604
201 6534 0 0 0 6534
202 0 1 6573 0 6574
203 7 0 6509 1 6517
204 3 0 6486 1 6490
205 6573 1 2 0 6576
206 6667 0 2 0 6669
207 6688 0 2 0 6690
208 0 0 6733 0 6733
209 6714 1 0 0 6715
210 6780 0 1 1 6782
211 1 7200 0 1 7202
212 7393 0 1 0 7394
213 7423 0 0 0 7423
214 7348 0 0 1 7349
215 7351 0 0 0 7351
216 8 7306 0 11 7325
217 0 12 0 7223 7235
218 0 0 0 7330 7330
219 19 0 7128 0 7147
220 7281 2 4 0 7287
221 0 0 7168 0 7168
222 7244 0 0 0 7244
223 1 7179 0 2 7182
224 1 7072 0 2 7075
225 7187 1 7 1 7196
226 0 7209 0 0 7209
227 7273 0 0 0 7273
228 7277 0 5 0 7282
229 0 0 0 7283 7283
230 7264 0 0 0 7264
231 0 0 0 7271 7271
232 12 0 7215 0 7227
233 7166 0 0 0 7166
234 7141 3 0 0 7144
235 0 0 7191 0 7191
236 8 2 1 6164 6175
237 7045 0 0 0 7045
238 7061 0 0 0 7061
239 1 3 0 7024 7028
240 3 22 1 7039 7065
241 3 0 6966 0 6969
242 6970 0 0 8 6978
243 12 0 6984 1 6997
244 1 0 6933 1 6935
245 2 0 6898 0 6900
246 7018 0 1 0 7019
247 7019 0 1 2 7022
248 0 0 4 6898 6902
249 1 0 6867 0 6868
250 1 6833 0 5 6839
251 3 6942 0 0 6945
252 7093 0 0 0 7093
253 7037 0 1 0 7038
254 3 0 6890 0 6893
255 6962 0 6 0 6968
256 6831 0 15 0 6846
257 0 6846 0 2 6848
258 1 6822 0 0 6823
259 6902 0 1 0 6903
260 0 1 0 6799 6800
261 6867 0 4 0 6871
262 1 0 6757 2 6760
263 2 6719 0 1 6722
264 6783 0 4 0 6787
265 0 0 1 6733 6734
266 0 0 6737 1 6738
267 1 0 6701 3 6705
268 6656 0 2 0 6658
269 0 2 1 6660 6663
270 0 0 6634 0 6634
271 0 0 6623 0 6623
272 0 0 0 6483 6483
273 0 6519 0 1 6520
274 0 6592 0 1 6593
275 6655 0 2 1 6658
276 1 0 6651 0 6652
277 6541 0 0 0 6541
278 0 29 6489 0 6518
279 6437 0 0 0 6437
280 0 0 1 6416 6417
281 1 6412 0 3 6416
282 1 6460 0 0 6461
283 0 1 1 6463 6465
284 0 0 1 6526 6527
285 6515 1 1 0 6517
286 7 0 6244 0 6251
287 1 6230 0 1 6232
288 1 2 0 6166 6169
289 4 6172 0 1 6177
290 6284 0 1 0 6285
291 6243 0 0 0 6243
292 0 0 6174 0 6174
293 6112 3 1 0 6116
294 0 0 6088 0 6088
295 1 6099 0 1 6101
296 6130 3 2 2 6137
297 0 1 2 6085 6088
298 0 0 6045 1 6046
299 1 0 6041 0 6042
300 6084 0 1 0 6085
301 6092 0 1 0 6093
302 0 0 1 6072 6073
303 6055 0 0 0 6055
304 1 0 6021 0 6022
305 5913 0 5 0 5918
306 0 0 5839 1 5840
307 5752 0 0 0 5752
308 0 5747 0 0 5747
309 2 0 1 5667 5670
310 0 5667 0 1 5668
311 0 5666 0 5 5671
312 29 5748 0 2 5779
313 5836 0 2 0 5838
314 5707 0 0 7 5714
315 1 0 5641 0 5642
316 0 0 1 5523 5524
317 5671 0 0 1 5672
318 1 0 1 5590 5592
319 0 5620 0 0 5620
320 1 1 0 5643 5645
321 0 0 5596 0 5596
322 2 0 5562 0 5564
323 0 5581 0 0 5581
324 2 3 0 5658 5663
325 1 0 5617 1 5619
326 5500 0 0 7 5507
327 0 1 0 5551 5552
328 0 17 0 5613 5630
329 0 1 1 5642 5644
330 2 0 5708 2 5712
331 0 0 0 5585 5585
332 0 7 0 5659 5666
333 0 1 0 5720 5721
334 3 0 5695 0 5698
335 5696 0 0 0 5696
336 0 1 0 5611 5612
337 0 0 0 5715 5715
338 5684 0 3 0 5687
339 2 5715 0 0 5717
340 5796 0 1 0 5797
341 5764 0 0 0 5764
342 5671 0 1 0 5672
343 5583 0 0 1 5584
344 2 5637 0 0 5639
345 0 5552 0 66 5618
346 5625 0 1 0 5626
347 5666 0 1 0 5667
348 5611 0 0 0 5611
349 5580 3 7 1 5591
350 6 0 5573 0 5579
351 5440 1 107 2 5550
352 0 1 0 5521 5522
353 1 1 0 5581 5583
354 2 9 0 5598 5609
355 5616 0 0 0 5616
356 0 0 0 5564 5564
357 5656 0 0 3 5659
358 0 0 5555 0 5555
359 5584 0 0 0 5584
360 5549 6 2 11 5568
361 3 0 5506 0 5509
362 2 0 0 5293 5295
363 0 1 0 5420 5421
364 0 4 5429 0 5433
365 0 0 5469 0 5469
366 5453 0 1 0 5454
367 5502 0 1 0 5503
368 0 0 1 5515 5516
369 5512 0 0 0 5512
370 5508 0 1 0 5509
371 0 5474 0 0 5474
372 5518 0 0 0 5518
373 5455 0 0 0 5455
374 5464 1 1 0 5466
375 6 0 5434 0 5440
376 1 0 5387 0 5388
377 1 2 5401 0 5404
378 5270 0 2 0 5272
379 0 0 0 5352 5352
380 0 5 1 5448 5454
381 104 0 5338 1 5443
382 33 0 5338 10 5381
383 0 5416 0 2 5418
384 3 0 0 5655 5658
385 72 0 5592 0 5664
386 5581 0 4 0 5585
387 0 0 0 5661 5661
388 2 0 5632 0 5634
389 5549 0 0 1 5550
390 0 1 0 5613 5614
391 0 0 0 5638 5638
392 5497 0 4 3 5504
393 0 5721 0 3 5724
394 0 16 0 5883 5899
395 0 0 0 5990 5990
396 1 1 0 5973 5975
397 0 2 3 6303 6308
398 1 0 6435 0 6436
399 2 0 6838 0 6840
400 6782 1 2 0 6785
401 7358 0 1 0 7359
402 7691 0 0 0 7691
403 7871 1 2 0 7874
404 7898 0 1 0 7899
405 0 1 7936 0 7937
406 7888 0 0 0 7888
407 8116 0 0 0 8116
408 8214 0 2 2 8218
409 1 3 9347 0 9351
410 9384 0 0 1 9385
411 9502 0 0 1 9503
412 9519 1 1 0 9521
413 9531 0 1 2 9534
414 9470 2 0 5 9477
415 0 5 0 9425 9430
416 0 8 3 9533 9544
417 0 0 9529 0 9529
418 1 1 9506 0 9508
419 8 0 9458 0 9466
420 9502 1 0 2 9505
421 9556 0 0 0 9556
422 9497 0 7 0 9504
423 1 0 0 9495 9496
424 9570 0 4 1 9575
425 1 0 9427 1 9429
426 5 9465 0 3 9473
427 9555 3 0 2 9560
428 2 5 0 9602 9609
429 3 0 9552 0 9555
430 0 0 9502 8 9510
431 9469 0 4 0 9473
432 9579 0 0 1 9580
433 2 9548 0 1 9551
434 0 0 0 9637 9637
435 23 0 9599 2 9624
436 9526 0 2 2 9530
437 3 1 0 9754 9758
438 6 0 9633 0 9639
439 9566 3 0 0 9569
440 0 2 0 9639 9641
441 9643 0 0 0 9643
442 0 2 1 9661 9664
443 0 2 0 9635 9637
444 1 9599 0 3 9603
445 9717 0 2 0 9719
446 0 0 9592 1 9593
447 1 9395 0 103 9499
448 0 0 0 9604 9604
449 9605 2 2 0 9609
450 3 9565 0 2 9570
451 9580 63 0 0 9643
452 9648 0 0 0 9648
453 0 3 0 9469 9472
454 0 9517 0 1 9518
455 9673 0 4 0 9677
456 9646 0 0 0 9646
457 1 0 9556 0 9557
458 9454 0 6 1 9461
459 0 9519 0 0 9519
460 0 0 0 9510 9510
461 9152 0 291 3 9446
462 0 9460 0 1 9461
463 2 2 0 9299 9303
464 2 9545 0 3 9550
465 327 0 9312 0 9639
466 0 0 0 9519 9519
467 0 0 0 9696 9696
468 9633 0 3 1 9637
469 9618 3 1 0 9622
470 1 0 9727 0 9728
471 1 1 0 9427 9429
472 9729 0 1 1 9731
473 9838 0 1 0 9839
474 2 1 0 9787 9790
475 2 1 9755 0 9758
476 9711 2 2 0 9715
477 9607 0 0 1 9608
478 1 0 0 9635 9636
479 0 9396 0 1 9397
480 2 9389 0 3 9394
481 0 3 0 9405 9408
482 2 9507 1 0 9510
483 9476 0 0 2 9478
484 0 18 1 9460 9479
485 0 1 0 9586 9587
486 10 0 9568 1 9579
487 0 0 9497 0 9497
488 9305 0 1 0 9306
489 0 2 0 9511 9513
490 4 0 9510 23 9537
491 9389 0 0 3 9392
492 1 0 9566 0 9567
493 0 0 9527 0 9527
494 9444 0 0 0 9444
495 9517 0 2 1 9520
496 1 0 9529 0 9530
497 1 1 9468 1 9471
498 2 0 9497 1 9500
499 9471 1 2 0 9474
500 9599 0 0 0 9599
501 9606 3 0 2 9611
502 0 0 9606 0 9606
503 1 1 9496 2 9500
504 2 0 9479 0 9481
505 9541 0 0 0 9541
506 0 1 9557 0 9558
507 9511 0 1 1 9513
508 0 0 9599 0 9599
509 0 0 0 9503 9503
510 25 0 9563 0 9588
511 1 9553 0 0 9554
512 0 2 1 9694 9697
513 9774 0 0 0 9774
514 9719 0 0 0 9719
515 0 0 9679 0 9679
516 2 9571 0 4 9577
517 9708 0 0 0 9708
518 0 4 9615 2 9621
519 9651 0 3 3 9657
520 1 9618 0 1 9620
521 1 0 0 9582 9583
522 1 9657 0 1 9659
523 9608 1 2 0 9611
524 0 9734 0 1 9735
525 9833 3 1 0 9837
526 1 0 9693 1 9695
527 9666 0 0 0 9666
528 9563 0 7 0 9570
529 4 9603 0 1 9608
530 0 0 0 9570 9570
531 1 7 0 9472 9480
532 1 9508 0 2 9511
533 9563 0 1 0 9564
534 0 0 9508 1 9509
535 6 0 9346 0 9352
536 2 9306 0 2 9310
537 0 0 0 9423 9423
538 2 0 9457 6 9465
539 9334 0 0 1 9335
540 9360 1 1 0 9362
541 0 0 1 9318 9319
542 0 1 0 9329 9330
543 9378 0 1 2 9381
544 9259 0 2 0 9261
545 0 0 9261 0 9261
546 1 1 0 8792 8794
547 2 8902 0 1 8905
548 0 2 0 9046 9048
549 4 0 9074 4 9082
550 9034 0 0 0 9034
551 9001 0 3 1 9005
552 8973 0 0 0 8973
553 8914 0 2 1 8917
554 8834 1 0 1 8836
555 0 46 0 8817 8863
556 0 0 0 8827 8827
557 0 2 0 8878 8880
558 8846 3 1 13 8863
559 0 6 1 8847 8854
560 1 0 8842 1 8844
561 2 0 9014 6 9022
562 9 9056 3 1 9069
563 9183 0 16 2 9201
564 8957 0 2 0 8959
565 1 0 9162 0 9163
566 0 2 2 8917 8921
567 0 0 0 9009 9009
568 0 9011 0 0 9011
569 8 0 0 9023 9031
570 0 9040 0 2 9042
571 9132 2 4 1 9139
572 0 1 0 9080 9081
573 9068 0 8 2 9078
574 4 0 9110 0 9114
575 1 1 8940 0 8942
576 8774 1 0 0 8775
577 2 0 8934 0 8936
578 8815 1 1 0 8817
579 8922 6 4 0 8932
580 1 0 8986 1 8988
581 8991 0 0 0 8991
582 8992 2 0 0 8994
583 0 0 8990 1 8991
584 8892 1 0 3 8896
585 2 1 0 8928 8931
586 0 1 8935 1 8937
587 1 1 1 8879 8882
588 0 3 0 9042 9045
589 0 0 9017 0 9017
590 8865 0 0 0 8865
591 8828 0 1 0 8829
592 8879 0 0 0 8879
593 8900 5 22 5 8932
594 2 0 9089 0 9091
595 2 0 9007 0 9009
596 6 0 8902 0 8908
597 8942 6 4 0 8952
598 9130 0 0 2 9132
599 0 1 0 9218 9219
600 1 3 0 9229 9233
601 21 0 9132 0 9153
602 9090 0 4 0 9094
603 0 1 1 9259 9261
604 0 0 0 9302 9302
605 3 3 0 9350 9356
606 0 129 0 9232 9361
607 9413 0 1 8 9422
608 9189 1 117 0 9307
609 9247 1 0 1 9249
610 14 9293 0 2 9309
611 0 3 0 9271 9274
612 0 1 0 9210 9211
613 84 0 8995 0 9079
614 6 0 8821 0 8827
615 8037 2 870 1 8910
616 0 9062 0 0 9062
617 9130 0 0 0 9130
618 4 0 9079 0 9083
619 9045 0 0 0 9045
620 0 9074 0 7 9081
621 9144 0 0 0 9144
622 9057 0 0 1 9058
623 0 0 0 9002 9002
624 9041 5 1 0 9047
625 0 0 0 8959 8959
626 0 8948 0 7 8955
627 0 1 0 8944 8945
628 8930 0 2 0 8932
629 2 0 8818 8 8828
630 8760 0 0 1 8761
631 0 8747 0 1 8748
632 0 2 0 8801 8803
633 8846 0 2 0 8848
634 8744 0 0 0 8744
635 0 1 8683 0 8684
636 8550 0 2 4 8556
637 2 0 8593 3 8598
638 8634 0 1 2 8637
639 1 0 1 8622 8624
640 8735 0 0 0 8735
641 0 1 0 8701 8702
642 8747 0 10 1 8758
643 0 0 0 8618 8618
644 0 8528 0 1 8529
645 0 1 0 8582 8583
646 2 0 8520 0 8522
647 0 2 0 8534 8536
648 3 2 0 8497 8502
649 0 8335 2 0 8337
650 0 8300 0 1 8301
651 8358 7 1 9 8375
652 1 1 8509 0 8511
653 0 8492 0 25 8517
654 0 8540 0 4 8544
655 5 0 8692 1 8698
656 3 0 8809 2 8814
657 0 5 0 8613 8618
658 0 0 0 8724 8724
659 4 0 0 8812 8816
660 1 8746 0 15 8762
661 1 4 0 8634 8639
662 2 8730 0 2 8734
663 1 8903 0 2 8906
664 8905 0 1 7 8913
665 8873 0 14 0 8887
666 4 3 0 8893 8900
667 0 3 1 8906 8910
668 0 3 0 8997 9000
669 0 1 1 9082 9084
670 1 0 9027 1 9029
671 8979 2 10 0 8991
672 9050 1 2 0 9053
673 0 0 9082 1 9083
674 4 0 9015 1 9020
675 9036 0 0 0 9036
676 9105 0 0 0 9105
677 0 1 1 9118 9120
678 1 0 9148 0 9149
679 9136 0 2 0 9138
680 0 0 9109 0 9109
681 0 0 8972 1 8973
682 9004 0 12 1 9017
683 1 0 9026 1 9028
684 5 9011 0 37 9053
685 0 1 0 9156 9157
686 9223 0 2 0 9225
687 0 9225 0 3 9228
688 9274 1 2 1 9278
689 0 0 2 9312 9314
690 9340 1 0 0 9341
691 2 0 9269 0 9271
692 9222 0 0 0 9222
693 0 8940 1 402 9343
694 9412 0 4 0 9416
695 9320 0 2 3 9325
696 0 3 0 9432 9435
697 9527 0 2 0 9529
698 1 0 92 9363 9456
699 9488 1 0 0 9489
700 0 0 9363 0 9363
701 9200 0 0 1 9201
702 0 9408 0 31 9439
703 1 9421 0 1 9423
704 6 9571 0 1 9578
705 9657 5 1 5 9668
706 9612 0 2 0 9614
707 9607 0 9 0 9616
708 9632 0 10 0 9642
709 6 0 9631 0 9637
710 0 0 9551 1 9552
711 9489 0 1 0 9490
712 5 0 9600 1 9606
713 2 9619 1 7 9629
714 9780 0 0 3 9783
715 9783 0 0 0 9783
716 1 0 1 9809 9811
717 9838 0 6 0 9844
718 0 0 9656 2 9658
719 9776 0 3 0 9779
720 0 0 9860 6 9866
721 9892 0 6 1 9899
722 0 0 9909 0 9909
723 9955 0 8 0 9963
724 9960 0 0 0 9960
725 9944 0 2 0 9946
726 0 0 1 9822 9823
727 0 9957 0 0 9957
728 1 1 0 9964 9966
729 9961 0 1 0 9962
730 0 1 9883 0 9884
731 1 9839 0 2 9842
732 9993 0 1 0 9994
733 9948 0 1 0 9949
734 0 0 9955 0 9955
735 121 0 9771 0 9892
736 9895 0 1 0 9896
737 3 3 1 9880 9887
738 0 0 9887 1 9888
739 1 4 2 9750 9757
740 0 9837 0 0 9837
741 0 1 0 9740 9741
742 5 9723 0 0 9728
743 2 9605 0 4 9611
744 2 9774 0 3 9779
745 0 3 0 9805 9808
746 0 0 0 9836 9836
747 9819 0 86 0 9905
748 17 0 9791 0 9808
749 0 0 0 9542 9542
750 9763 1 1 0 9765
751 0 1 1 9686 9688
752 3 9776 0 1 9780
753 9825 0 0 0 9825
754 1 0 9792 2 9795
755 5 43 0 9541 9589
756 22 9654 0 5 9681
757 9624 1 0 0 9625
758 2 9688 2 0 9692
759 9456 3 55 0 9514
760 0 9626 1 1 9628
761 1 9701 0 1 9703
762 0 21 0 9746 9767
763 9819 0 4 0 9823
764 9772 0 0 0 9772
765 9764 0 2 0 9766
766 9722 0 0 0 9722
767 9723 1 1 0 9725
768 6 0 9655 0 9661
769 0 4 0 9249 9253
770 0 4 0 9679 9683
771 9770 0 0 0 9770
772 9702 0 1 0 9703
773 0 9724 0 1 9725
774 9750 0 1 0 9751
775 1 0 0 9594 9595
776 0 0 9459 0 9459
777 1 0 9235 2 9238
778 2 0 9236 0 9238
779 9368 7 2 0 9377
780 6 0 9366 2 9374
781 2 0 9244 0 9246
782 9213 1 1 0 9215
783 1 9315 1 1 9318
784 0 9317 0 138 9455
785 1 1 1 9501 9504
786 9490 0 0 0 9490
787 9411 1 0 0 9412
788 0 0 9290 0 9290
789 9201 0 0 0 9201
790 21 9269 0 0 9290
791 0 9294 0 0 9294
792 9351 0 4 1 9356
793 9158 0 1 0 9159
794 3 2 1 9274 9280
795 9314 1 0 0 9315
796 1 0 9167 0 9168
797 2 0 8988 1 8991
798 3 11 8909 1 8924
799 1 8945 0 4 8950
800 0 9029 0 0 9029
801 2 2 0 9079 9083
802 1 9022 0 10 9033
803 8973 0 0 11 8984
804 1 9071 0 26 9098
805 9202 0 2 1 9205
806 0 1 0 9110 9111
807 0 0 0 9097 9097
808 0 1 0 9088 9089
809 9028 2 1 0 9031
810 3 9016 0 2 9021
811 8 0 8742 61 8811
812 8696 0 4 0 8700
813 0 8794 0 12 8806
814 0 8786 0 0 8786
815 8873 0 1 0 8874
816 0 10 1 8780 8791
817 1 0 8754 1 8756
818 8675 0 1 0 8676
819 11 0 8630 0 8641
820 0 8600 0 1 8601
821 0 1 2 8564 8567
822 8490 0 10 3 8503
823 2 8599 0 1 8602
824 4 8571 1 1 8577
825 8609 0 1 1 8611
826 6 0 8572 0 8578
827 8456 1 2 0 8459
828 8468 0 1 1 8470
829 1 1 8447 0 8449
830 3 1 1 8158 8163
831 0 10 0 8172 8182
832 1 8346 0 2 8349
833 4 8414 0 2 8420
834 8388 0 12 0 8400
835 3 0 2 8351 8356
836 8320 4 0 1 8325
837 0 4 1 8262 8267
838 8245 0 0 0 8245
839 8154 0 1 1 8156
840 0 3 0 8035 8038
841 1 0 7971 0 7972
842 3 7883 0 0 7886
843 0 7996 0 4 8000
844 9 2 6 7955 7972
845 0 0 0 7939 7939
846 0 7 0 7825 7832
847 8 7872 0 3 7883
848 0 1 0 7846 7847
849 1 0 2 7832 7835
850 0 7833 0 2 7835
851 0 0 0 7931 7931
852 7936 0 1 0 7937
853 7803 0 0 0 7803
854 1 0 0 7754 7755
855 0 0 7714 1 7715
856 0 3 0 7501 7504
857 3 7599 1 2 7605
858 0 2 0 7601 7603
859 3 0 7591 1 7595
860 7496 0 3 1 7500
861 1 2 0 7497 7500
862 1 0 7436 0 7437
863 7377 0 0 1 7378
864 7352 0 3 1 7356
865 3 7400 0 0 7403
866 0 3 0 7338 7341
867 7419 0 7 0 7426
868 0 0 7442 2 7444
869 2 0 7334 1 7337
870 7307 0 2 2 7311
871 0 0 0 7189 7189
872 0 1 0 7294 7295
873 36 1 7237 3 7277
874 2 0 7379 0 7381
875 2 7407 0 5 7414
876 7 7383 3 25 7418
877 7529 0 9 0 7538
878 7523 0 1 0 7524
879 0 0 0 7418 7418
880 7453 0 1 1 7455
881 0 3 0 7389 7392
882 4 0 7303 1 7308
883 7160 0 2 5 7167
884 2 7290 0 0 7292
885 0 65 0 7204 7269
886 2 0 7273 0 7275
887 7203 0 1 0 7204
888 106 0 7055 0 7161
889 1 0 7244 0 7245
890 1 0 7235 0 7236
891 7403 0 19 2 7424
892 7470 0 2 1 7473
893 7341 0 74 0 7415
894 25 2 7247 0 7274
895 0 0 0 6993 6993
896 5 7236 0 0 7241
897 1 7347 0 0 7348
898 7397 0 3 0 7400
899 7403 0 1 0 7404
900 7376 1 0 0 7377
901 7365 0 3 0 7368
902 7293 0 1 0 7294
903 7188 0 0 0 7188
904 0 7324 0 0 7324
905 0 7271 0 1 7272
906 18 0 7174 1 7193
907 7166 0 0 0 7166
908 7154 0 2 0 7156
909 0 0 7019 0 7019
910 7092 0 3 0 7095
911 0 7128 0 0 7128
912 7206 0 0 1 7207
913 0 0 0 7134 7134
914 0 0 3 7163 7166
915 7120 0 2 2 7124
916 0 0 6939 1 6940
917 0 6827 0 2 6829
918 3 6888 0 9 6900
919 6958 0 4 0 6962
920 6977 0 0 0 6977
921 6948 0 1 0 6949
922 0 0 6848 0 6848
923 6793 0 1 3 6797
924 6774 0 2 0 6776
925 2 0 0 6743 6745
926 0 0 6729 0 6729
927 1 6 0 6524 6531
928 1 6611 0 0 6612
929 0 5 0 6622 6627
930 6672 0 0 0 6672
931 12 0 6590 0 6602
932 6554 0 2 0 6556
933 6598 0 0 0 6598
934 6601 0 1 0 6602
935 6580 0 2 0 6582
936 3 1 6507 0 6511
937 5 1 0 5775 5781
938 6045 0 1 1 6047
939 1 6098 0 0 6099
940 1 3 1 5927 5932
941 0 5958 0 1 5959
942 6030 0 0 0 6030
943 5979 0 2 0 5981
944 0 5943 2 0 5945
945 5853 0 6 0 5859
946 3 5854 0 2 5859
947 1 3 0 5643 5647
948 5736 0 2 0 5738
949 4 5852 0 1 5857
950 2 0 5731 0 5733
951 5711 0 3 0 5714
952 0 1 5621 0 5622
953 5662 0 0 0 5662
954 0 1 0 5632 5633
955 0 5679 0 0 5679
956 5768 0 0 0 5768
957 5739 0 1 0 5740
958 5661 0 0 0 5661
959 0 5676 0 1 5677
960 0 2 0 5550 5552
961 8 0 5413 0 5421
962 5395 0 4 0 5399
963 2 5451 0 0 5453
964 0 5424 0 0 5424
965 0 5438 0 2 5440
966 5545 0 1 0 5546
967 5503 0 0 2 5505
968 0 0 0 5388 5388
969 5468 1 12 0 5481
970 0 0 5 5398 5403
971 1 0 0 5466 5467
972 5535 0 1 0 5536
973 5460 0 2 0 5462
974 0 0 0 5408 5408
975 5463 0 0 0 5463
976 4857 0 564 0 5421
977 0 1 0 5355 5356
978 3 0 5427 0 5430
979 5428 0 0 0 5428
980 5440 0 0 0 5440
981 5430 1 3 0 5434
982 5425 0 1 0 5426
983 1 0 5304 0 5305
984 0 5224 1 74 5299
985 5 0 5298 0 5303
986 5184 1 16 0 5201
987 1 0 5229 0 5230
988 5268 0 0 0 5268
989 5320 0 3 0 5323
990 5362 1 1 1 5365
991 4 0 5214 0 5218
992 0 5267 0 1 5268
993 0 9 1 5315 5325
994 5334 0 1 0 5335
995 5331 0 1 0 5332
996 8 5296 0 1 5305
997 4 0 5329 0 5333
998 5341 0 1 2 5344
999 5400 0 0 0 5400
1000 5375 0 2 0 5377
1001 5345 0 1 1 5347
1002 0 0 1 5276 5277
1003 0 1 1 5248 5250
1004 9 0 0 5203 5212
1005 0 5267 0 0 5267
1006 0 3 0 5248 5251
1007 0 0 0 5259 5259
1008 5213 1 0 0 5214
1009 0 0 0 5224 5224
1010 1 0 5227 0 5228
1011 0 0 5163 0 5163
1012 5139 0 3 0 5142
1013 5152 0 0 0 5152
1014 0 0 5068 0 5068
1015 1 5041 0 0 5042
1016 0 0 0 5136 5136
1017 0 2 648 4517 5167
1018 0 6 0 5197 5203
1019 0 0 5174 1 5175
1020 1 1 5133 0 5135
1021 5111 1 7 1 5120
1022 0 0 5138 0 5138
1023 5108 3 23 13 5147
1024 0 0 5143 0 5143
1025 5136 0 0 0 5136
1026 3 5150 0 0 5153
1027 0 0 0 5156 5156
1028 0 0 5188 0 5188
1029 1 1 0 5028 5030
1030 3 0 5158 1 5162
1031 1 4 0 5070 5075
1032 5220 0 3 0 5223
1033 5223 1 0 0 5224
1034 5218 0 0 0 5218
1035 2 0 1 5185 5188
1036 5211 1 0 0 5212
1037 2 5218 0 0 5220
1038 5272 1 0 0 5273
1039 5264 0 20 1 5285
1040 0 0 0 5207 5207
1041 5296 0 0 0 5296
1042 5253 0 0 0 5253
1043 0 0 5240 0 5240
1044 3 0 0 4988 4991
1045 5267 0 1 0 5268
1046 5236 6 2 1 5245
1047 4 4 2 5331 5341
1048 19 0 5469 0 5488
1049 5350 0 69 1 5420
1050 0 0 5562 2 5564
1051 0 0 5634 0 5634
1052 5753 4 2 0 5759
1053 5805 0 1 0 5806
1054 0 0 5700 0 5700
1055 0 6263 0 11 6274
1056 83 0 6255 0 6338
1057 6233 0 42 0 6275
1058 0 0 6466 0 6466
1059 0 5881 1 672 6554
1060 6730 0 0 0 6730
1061 6701 0 34 0 6735
1062 0 6818 0 0 6818
1063 0 0 6783 0 6783
1064 6705 0 1 0 6706
1065 2 0 6773 0 6775
1066 1 6731 1 12 6745
1067 0 2 0 6843 6845
1068 6928 0 0 0 6928
1069 0 7303 0 0 7303
1070 7433 1 0 0 7434
1071 27 0 7330 5 7362
1072 7355 0 0 0 7355
1073 7368 1 2 1 7372
1074 7326 1 0 0 7327
1075 7321 0 1 0 7322
1076 0 7315 1 3 7319
1077 0 7107 0 1 7108
1078 7226 0 0 0 7226
1079 7193 0 1 0 7194
1080 0 1 1 7155 7157
1081 0 0 1 7141 7142
1082 7287 0 2 0 7289
1083 0 7 0 7128 7135
1084 0 0 7151 0 7151
1085 1 7072 0 1 7074
1086 1 6986 0 3 6990
1087 7188 0 10 0 7198
1088 7119 0 0 0 7119
1089 7059 3 0 3 7065
1090 0 8 2 7050 7060
1091 0 0 7060 0 7060
1092 1 0 6981 0 6982
1093 2 0 7080 0 7082
1094 4 6972 1 2 6979
1095 1 6974 0 4 6979
1096 7095 0 3 6 7104
1097 0 7181 0 1 7182
1098 7164 16 15 2 7197
1099 1 0 7248 0 7249
1100 0 0 7244 0 7244
1101 1 0 7265 0 7266
1102 1 0 7293 0 7294
1103 7239 0 2 2 7243
1104 1 0 0 7210 7211
1105 1 0 7364 0 7365
1106 4 0 7442 0 7446
1107 7377 0 46 1 7424
1108 0 0 0 7529 7529
1109 1 1 0 7710 7712
1110 7772 2 1 1 7776
1111 7748 1 0 1 7750
1112 2 7768 0 1 7771
1113 7771 1 0 0 7772
1114 0 1 1 7667 7669
1115 7675 0 1 0 7676
1116 1 7731 0 0 7732
1117 2 7772 0 2 7776
1118 7986 2 2 2 7992
1119 15 0 8121 2 8138
1120 8522 1 4 0 8527
1121 8774 1 0 0 8775
1122 8828 1 4 0 8833
1123 8866 0 2 0 8868
1124 1 2 0 8856 8859
1125 8884 0 0 0 8884
1126 8897 1 1 0 8899
1127 0 0 1 8995 8996
1128 3 0 8999 0 9002
1129 9010 0 5 0 9015
1130 9030 0 26 0 9056
1131 9092 0 2 1 9095
1132 4 1 8971 0 8976
1133 8979 0 0 0 8979
1134 9031 0 0 10 9041
1135 4 0 8754 242 9000
1136 3 1 0 8598 8602
1137 9078 1 0 0 9079
1138 0 0 8908 0 8908
1139 3 9027 0 0 9030
1140 9260 0 2 0 9262
1141 9106 1 0 1 9108
1142 1 1 1 9101 9104
1143 9187 1 0 0 9188
1144 0 0 9156 5 9161
1145 9111 0 0 0 9111
1146 0 7 1 9069 9077
1147 2 0 9115 1 9118
1148 9008 0 11 2 9021
1149 1 9123 0 30 9154
1150 9 1 9145 2 9157
1151 9134 0 13 1 9148
1152 9201 0 2 2 9205
1153 9165 1 1 0 9167
1154 1 9179 0 3 9183
1155 9241 0 4 1 9246
1156 9210 0 0 3 9213
1157 1 0 1 9198 9200
1158 2 0 9146 0 9148
1159 0 1 1 8930 8932
1160 3 0 9071 0 9074
1161 0 9014 4 3 9021
1162 2 9150 0 0 9152
1163 9271 0 2 1 9274
1164 9267 0 2 1 9270
1165 0 0 9305 0 9305
1166 9270 0 4 0 9274
1167 9395 0 0 0 9395
1168 0 0 9187 1 9188
1169 9236 0 0 0 9236
1170 10 0 9215 0 9225
1171 0 9131 0 0 9131
1172 1 9419 0 1 9421
1173 1 1 0 9531 9533
1174 9659 0 0 0 9659
1175 9655 0 3 0 9658
1176 9675 0 1 0 9676
1177 9592 1 2 0 9595
1178 0 0 0 9494 9494
1179 2 9378 0 3 9383
1180 2 9394 3 1 9400
1181 0 9518 0 0 9518
1182 0 125 0 9405 9530
1183 9663 0 2 0 9665
1184 9605 0 0 1 9606
1185 201 9415 0 15 9631
1186 9685 1 1 0 9687
1187 9694 0 1 0 9695
1188 9671 0 0 0 9671
1189 0 0 1 9641 9642
1190 1 0 9663 0 9664
1191 2 0 0 9311 9313
1192 9634 0 0 0 9634
1193 12 0 9564 0 9576
1194 9599 0 4 0 9603
1195 1 0 9522 0 9523
1196 2 0 2 9204 9208
1197 3 2 9363 0 9368
1198 0 0 9281 0 9281
1199 1 9455 1 0 9457
1200 1 5 0 9458 9464
1201 0 0 9531 0 9531
1202 1 9449 1 1 9452
1203 0 4 1 9521 9526
1204 2 9 1 9692 9704
1205 1 0 9599 0 9600
1206 0 0 9596 0 9596
1207 3 0 9822 0 9825
1208 1 1 0 8586 8588
1209 0 6 1 9572 9579
1210 1 9620 0 2 9623
1211 9926 1 1 2 9930
1212 9687 1 259 0 9947
1213 9974 2 0 1 9977
1214 1 9950 1 2 9954
1215 9932 0 7 0 9939
1216 0 0 9853 0 9853
1217 9824 0 0 0 9824
1218 8 0 9748 0 9756
1219 9853 0 5 1 9859
1220 0 0 0 9831 9831
1221 1 0 9873 0 9874
1222 9988 1 0 1 9990
1223 10035 1 0 0 10036
1224 0 2 0 9801 9803
1225 1 10015 0 2 10018
1226 0 3 1 10019 10023
1227 10111 2 2 0 10115
1228 0 5 1 9997 10003
1229 1 1 0 10178 10180
1230 3 0 9748 0 9751
1231 10018 10 2 0 10030
1232 2 0 9887 0 9889
1233 0 9919 0 0 9919
1234 10065 0 3 0 10068
1235 0 10013 0 0 10013
1236 0 1 0 10011 10012
1237 0 10085 0 1 10086
1238 1 1 0 10205 10207
1239 12 0 10114 0 10126
1240 10064 2 0 1 10067
1241 1 10135 0 1 10137
1242 10171 0 1 0 10172
1243 10089 0 0 1 10090
1244 3 0 10151 0 10154
1245 1 3 0 9718 9722
1246 10094 0 1 0 10095
1247 10200 0 1 0 10201
1248 10255 0 0 0 10255
1249 10267 0 3 2 10272
1250 1 0 9768 0 9769
1251 10003 0 1 0 10004
1252 1 0 9462 4 9467
1253 2 9725 0 1 9728
1254 0 39 0 9823 9862
1255 0 9980 0 2 9982
1256 0 0 0 9948 9948
1257 0 0 9851 3 9854
1258 0 0 9774 0 9774
1259 9830 0 0 0 9830
1260 0 9817 0 2 9819
1261 0 9886 0 2 9888
1262 0 2 0 9913 9915
1263 9880 0 0 0 9880
1264 2 9822 0 0 9824
1265 4 9904 1 4 9913
1266 9934 1 0 0 9935
1267 0 1 9877 1 9879
1268 9687 0 0 7 9694
1269 9879 1 0 3 9883
1270 9884 0 2 1 9887
1271 0 2 0 9861 9863
1272 9960 0 0 0 9960
1273 1 0 9460 4 9465
1274 4 0 9455 0 9459
1275 7 0 9636 1 9644
1276 0 9596 0 6 9602
1277 1 9777 0 3 9781
1278 9711 1 18 0 9730
1279 178 0 9579 0 9757
1280 9635 1 5 0 9641
1281 2 8989 0 0 8991
1282 9585 0 0 0 9585
1283 0 35 1 9327 9363
1284 9741 0 3 0 9744
1285 3 0 9000 0 9003
1286 1 9173 0 2 9176
1287 9248 0 4 0 9252
1288 0 9269 0 1 9270
1289 2 9416 0 0 9418
1290 5 9541 0 7 9553
1291 4 0 9434 0 9438
1292 0 1 1 8756 8758
1293 82 0 9158 0 9240
1294 62 0 9190 0 9252
1295 9075 0 2 0 9077
1296 120 0 9207 0 9327
1297 4 9365 2 0 9371
1298 9344 0 0 0 9344
1299 2 1 1 9521 9525
1300 1 0 9593 0 9594
1301 0 2 0 9093 9095
1302 9251 6 15 5 9277
1303 2 0 9366 1 9369
1304 1 0 9466 0 9467
1305 9151 0 29 2 9182
1306 9307 2 3 0 9312
1307 0 2 9343 0 9345
1308 1 2 2 8603 8608
1309 0 0 9328 0 9328
1310 9431 1 0 0 9432
1311 9654 0 0 0 9654
1312 9685 0 5 0 9690
1313 4 0 9517 0 9521
1314 9588 0 0 0 9588
1315 9682 1 0 1 9684
1316 0 0 9657 0 9657
1317 2 0 9882 0 9884
1318 9862 0 2 3 9867
1319 10023 0 0 1 10024
1320 10101 5 2 3 10111
1321 1 1 0 9959 9961
1322 9758 0 4 3 9765
1323 4 10227 0 0 10231
1324 0 6 0 10191 10197
1325 0 1 0 10320 10321
1326 0 2 0 10358 10360
1327 494 0 9829 1 10324
1328 1 0 0 10205 10206
1329 0 2 0 10414 10416
1330 10460 4 7 7 10478
1331 10599 0 8 0 10607
1332 1 10620 1 2 10624
1333 2 0 10687 0 10689
1334 10562 0 2 0 10564
1335 10609 0 2 0 10611
1336 10548 0 5 1 10554
1337 0 2 0 10585 10587
1338 2 10542 3 37 10584
1339 10668 0 2 0 10670
1340 10577 1 9 0 10587
1341 1 10640 0 0 10641
1342 0 3 1 10590 10594
1343 10483 0 1 0 10484
1344 0 10568 0 0 10568
1345 0 0 1 10549 10550
1346 3 0 10508 0 10511
1347 0 1 0 10284 10285
1348 10455 2 0 0 10457
1349 10467 2 0 0 10469
1350 0 0 10366 0 10366
1351 4 0 10253 0 10257
1352 3 9967 0 1 9971
1353 6 10310 0 4 10320
1354 0 0 2 10362 10364
1355 1 10450 0 0 10451
1356 0 1 0 10467 10468
1357 10465 1 0 0 10466
1358 0 10391 0 13 10404
1359 10306 0 0 6 10312
1360 16 0 10508 0 10524
1361 1 0 0 10123 10124
1362 0 6 0 10407 10413
1363 10519 0 4 0 10523
1364 1 0 1 10519 10521
1365 5 0 10497 0 10502
1366 10284 0 1 0 10285
1367 0 2 0 10501 10503
1368 7 0 10380 0 10387
1369 10255 1 3 1 10260
1370 10261 2 1 2 10266
1371 14 0 10297 0 10311
1372 0 5 0 10055 10060
1373 10348 1 4 0 10353
1374 0 0 0 10409 10409
1375 1 1 10376 0 10378
1376 0 2 0 10331 10333
1377 0 3 10343 0 10346
1378 1 10419 0 3 10423
1379 0 6 0 10525 10531
1380 0 0 0 10595 10595
1381 0 4 1 10681 10686
1382 0 2 1 10584 10587
1383 0 1 1 10612 10614
1384 3 10563 0 12 10578
1385 10582 1 2 0 10585
1386 0 1 0 10530 10531
1387 10387 2 3 0 10392
1388 2 10477 0 0 10479
1389 0 7 0 10496 10503
1390 0 0 0 10404 10404
1391 19 10390 1 0 10410
1392 10434 0 24 0 10458
1393 0 3 1 10423 10427
1394 4 5 0 10418 10427
1395 41 3 10413 0 10457
1396 1 3 4 10398 10406
1397 1 1 4 10451 10457
1398 5 0 10395 1 10401
1399 10331 1 8 0 10340
1400 10356 1 2 1 10360
1401 2 0 0 10357 10359
1402 2 0 10349 0 10351
1403 10364 0 0 0 10364
1404 10344 1 1 1 10347
1405 10396 0 4 0 10400
1406 9 1 10127 0 10137
1407 1 10123 0 0 10124
1408 10232 0 1 0 10233
1409 10113 0 8 0 10121
1410 7 20 1 10086 10114
1411 0 0 10057 0 10057
1412 1 9820 0 7 9828
1413 9 9964 0 17 9990
1414 10131 1 6 1 10139
1415 0 0 10025 0 10025
1416 3 9924 0 5 9932
1417 10026 39 2 0 10067
1418 2 0 0 10057 10059
1419 6 0 10092 3 10101
1420 0 0 10961 0 10961
1421 1 0 11134 0 11135
1422 11204 2 8 1 11215
1423 11282 0 0 0 11282
1424 11176 0 152 2 11330
1425 11304 0 1 0 11305
1426 0 1 2 11328 11331
1427 11263 2 1 8 11274
1428 3 11336 4 0 11343
1429 11423 0 1 0 11424
1430 11379 1 0 0 11380
1431 11271 0 52 0 11323
1432 3 0 11234 4 11241
1433 0 1 0 11084 11085
1434 11449 1 2 0 11452
1435 11407 2 1 0 11410
1436 0 6 2 11359 11367
1437 11101 0 0 1 11102
1438 1 11316 0 3 11320
1439 3 11331 0 5 11339
1440 11530 0 2 0 11532
1441 11450 1 10 1 11462
1442 0 7 0 11552 11559
1443 11557 0 2 0 11559
1444 11324 0 2 0 11326
1445 0 11412 0 0 11412
1446 226 11308 0 18 11552
1447 11599 0 2 9 11610
1448 11559 0 0 0 11559
1449 6 11573 0 1 11580
1450 11604 0 1 0 11605
1451 0 1 11602 2 11605
1452 11420 0 1 0 11421
1453 0 0 11542 0 11542
1454 2 1 1 11275 11279
1455 11540 0 0 1 11541
1456 0 7 11661 0 11668
1457 1 5 0 11485 11491
1458 11720 0 0 0 11720
1459 11625 0 3 0 11628
1460 11634 0 0 0 11634
1461 0 1 0 11753 11754
1462 1 0 11808 1 11810
1463 11788 1 1 0 11790
1464 11849 0 0 0 11849
1465 11843 0 1 0 11844
1466 11874 1 1 0 11876
1467 11721 0 190 0 11911
1468 2 0 11901 2 11905
1469 8 0 11810 1 11819
1470 11736 0 1 0 11737
1471 4 0 12073 0 12077
1472 12113 0 9 0 12122
1473 12047 0 120 1 12168
1474 12196 0 1 0 12197
1475 144 2 12273 0 12419
1476 0 0 0 12094 12094
1477 3 7 0 12223 12233
1478 1 7 1 12390 12399
1479 5 12431 0 3 12439
1480 4 0 12457 0 12461
1481 12338 1 8 1 12348
1482 1 12589 0 1 12591
1483 12660 0 3 0 12663
1484 0 0 1 12569 12570
1485 2 0 12465 1 12468
1486 0 12336 0 0 12336
1487 1 2 1 12449 12453
1488 0 0 1 12499 12500
1489 0 1 0 12556 12557
1490 12453 0 4 0 12457
1491 2 12557 0 2 12561
1492 6 0 12520 0 12526
1493 1 0 12431 0 12432
1494 0 1 0 12544 12545
1495 1 12444 0 0 12445
1496 0 0 1 12588 12589
1497 2 0 12492 3 12497
1498 6 0 12360 0 12366
1499 1 12393 0 14 12408
1500 2 0 12536 21 12559
1501 0 0 12714 0 12714
1502 2 9 0 9235 9246
1503 0 5 30 11527 11562
1504 8517 1 0 4 8522
1505 11849 0 0 0 11849
1506 12507 1 4 0 12512
1507 6 0 8461 2 8469
1508 0 0 11030 1 11031
1509 9526 6 12 39 9583
1510 8 9083 0 2 9093
1511 10909 0 6 0 10915
1512 12567 0 1 1 12569
1513 4 0 3 8411 8418
1514 7 9665 0 3 9675
1515 0 0 0 9437 9437
1516 1 11016 0 2 11019
1517 10072 4 1 0 10077
1518 2 5 1 10337 10345
1519 2 10083 1 13 10099
1520 1 4 1 11505 11511
1521 16 1 9594 6 9617
1522 8779 10 6 4 8799
1523 1 3 10880 2 10886
1524 59 0 12288 1 12348
1525 0 0 13048 1 13049
1526 2 0 13406 0 13408
1527 8337 1 13 13 8364
1528 6 0 10412 3 10421
1529 9146 0 0 1 9147
1530 0 4 0 10145 10149
1531 10597 0 0 1 10598
1532 8 10394 0 2 10404
1533 0 3 0 11511 11514
1534 3 1 11344 1 11349
1535 9865 2 5 5 9877
1536 0 1 1 11526 11528
1537 0 0 11643 6 11649
1538 0 3 0 11535 11538
1539 0 3 0 13194 13197
1540 2 0 10816 0 10818
1541 12 5 0 11428 11445
1542 11085 0 0 0 11085
1543 13195 0 1 1 13197
1544 9 11239 0 5 11253
1545 12099 3 1 7 12110
1546 1 0 11878 0 11879
1547 2 6 2 10746 10756
1548 0 2 1 13269 13272
1549 23 0 11660 0 11683
1550 0 0 0 12032 12032
1551 12163 0 5 1 12169
1552 14190 0 1 0 14191
1553 10 12026 0 4 12040
1554 1 1281 5 11939 13226
1555 1 10 5 14677 14693
1556 0 0 0 15696 15696
1557 1 1 0 16047 16049
1558 0 0 11392 22 11414
1559 11352 1 1 1 11355
1560 14204 0 1 0 14205
1561 2 5 1 13119 13127
1562 0 1 0 15163 15164
1563 0 6 0 15784 15790
1564 12513 1 1 1 12516
1565 17 0 12150 0 12167
1566 0 1 0 12284 12285
1567 13180 0 0 1 13181
1568 0 0 13186 0 13186
1569 0 1 0 12434 12435
1570 13067 0 1 0 13068
1571 1 13168 0 2 13171
1572 14006 0 0 0 14006
1573 4 0 12864 0 12868
1574 13441 0 0 0 13441
1575 1 5 1 12648 12655
1576 2 12893 0 4 12899
1577 2 14106 0 0 14108
1578 2 14743 1 56 14802
1579 13249 3 0 1 13253
1580 2 0 13554 0 13556
1581 13068 1 1 2 13072
1582 2 0 13920 0 13922
1583 1 2 1 12323 12327
1584 1 0 13500 0 13501
1585 0 0 14357 4 14361
1586 11588 0 3 1 11592
1587 3 12410 0 13 12426
1588 1 7 0 12872 12880
1589 1 13598 0 3 13602
1590 13067 0 5 1 13073
1591 1 0 13677 7 13685
1592 979 1 13313 0 14293
1593 12466 0 16 0 12482
1594 14148 0 0 0 14148
1595 14614 1 33 2 14650
1596 49 0 12126 0 12175
1597 1 6 0 11566 11573
1598 2 0 12381 1 12384
1599 33 0 13293 0 13326
1600 1 11676 0 2 11679
1601 2 13430 0 6 13438
1602 11592 1326 5 0 12923
1603 13803 1 1 0 13805
1604 14357 0 1 0 14358
1605 14556 0 0 0 14556
1606 4 3 0 13332 13339
1607 13543 0 0 2 13545
1608 0 16 0 13209 13225
1609 12828 0 1 10 12839
1610 8 12269 0 1 12278
1611 0 41 0 12915 12956
1612 4 1 12826 0 12831
1613 1 1 0 12554 12556
1614 3 0 13251 0 13254
1615 0 0 1 12305 12306
1616 0 0 0 13632 13632
1617 0 8 0 14413 14421
1618 12350 1 7 0 12358
1619 3 1 12435 1 12440
1620 4 0 13660 0 13664
1621 11992 1 1 2 11996
1622 0 0 0 12372 12372
1623 0 11 1 13644 13656
1624 172 0 12030 1 12203
1625 5 0 13268 6 13279
1626 0 11714 0 0 11714
1627 1 4 0 11681 11686
1628 1 12070 0 3 12074
1629 0 13355 0 20 13375
1630 5 14028 1 1 14035
1631 1 9 1 12619 12630
1632 12280 1 0 0 12281
1633 0 0 1 12716 12717
1634 0 0 1 13699 13700
1635 0 1 1 14061 14063
1636 1 0 12515 0 12516
1637 2 3 2 11957 11964
1638 18 0 12603 4 12625
1639 11374 4 5 2 11385
1640 5 2 12620 1 12628
1641 0 2 2 11340 11344
1642 0 0 12414 0 12414
1643 0 0 13305 0 13305
1644 8 0 13659 1 13668
1645 11334 1 4 1 11340
1646 3 1 12220 0 12224
1647 1 0 13192 2 13195
1648 11 1 13954 0 13966
1649 12299 1 4 0 12304
1650 13336 1 1 0 13338
1651 14210 0 0 0 14210
1652 14345 0 1 0 14346
1653 14222 0 2 1 14225
1654 4 4 2 12745 12755
1655 2 12613 0 6 12621
1656 0 2 3 13058 13063
1657 6 0 12872 0 12878
1658 1 2 1 12545 12549
1659 9 0 12693 0 12702
1660 2 1 3 12166 12172
1661 12339 2 2 0 12343
1662 6 12663 0 0 12669
1663 2 3 1 12965 12971
1664 0 4 1 13418 13423
1665 10 0 11923 2 11935
1666 0 1 0 12079 12080
1667 12117 0 0 2 12119
1668 30 12221 0 1 12252
1669 0 3 0 12648 12651
1670 1 0 12157 5 12163
1671 0 12183 1 8 12192
1672 50 12924 0 0 12974
1673 4 0 12349 3 12356
1674 11864 0 1 2 11867
1675 1 0 12302 0 12303
1676 2 8 2 11614 11626
1677 101 0 11826 0 11927
1678 11779 0 6 3 11788
1679 12254 0 0 0 12254
1680 0 11 0 12062 12073
1681 4 1 11905 1 11911
1682 19 0 12155 1 12175
1683 4 11764 0 3 11771
1684 11626 0 2 1 11629
1685 1 12109 1 3 12114
1686 12136 0 3 1 12140
1687 12383 0 3 0 12386
1688 12722 0 11 0 12733
1689 0 4 3 12362 12369
1690 12656 0 0 0 12656
1691 12820 2 3 0 12825
1692 7 0 12151 0 12158
1693 12131 0 4 0 12135
1694 0 1 3 11723 11727
1695 1 11809 5 0 11815
1696 2 12196 0 1 12199
1697 12247 1 2 1 12251
1698 12447 0 2 0 12449
1699 12423 0 1 0 12424
1700 0 1 2 12132 12135
1701 0 0 12162 0 12162
1702 11840 1 0 0 11841
1703 12133 1 0 0 12134
1704 12180 0 0 2 12182
1705 3 7 2 11955 11967
1706 3 0 11939 6 11948
1707 2 1 12090 1 12094
1708 6 1 12253 1 12261
1709 0 1 12314 0 12315
1710 11688 0 11 2 11701
1711 12070 0 0 0 12070
1712 9 0 1 11976 11986
1713 1 0 12103 0 12104
1714 6 0 12229 0 12235
1715 11928 0 2 1 11931
1716 12129 0 1 0 12130
1717 2 1 11773 0 11776
1718 2 11706 0 0 11708
1719 0 24 4 11883 11911
1720 12039 0 0 1 12040
1721 6 0 11991 0 11997
1722 12002 1 0 1 12004
1723 11961 0 5 0 11966
1724 0 0 11868 0 11868
1725 11677 1 1 0 11679
1726 0 0 3 11764 11767
1727 3 0 11904 0 11907
1728 0 1 2 11568 11571
1729 1 1243 2 10484 11730
1730 1 1 1 11847 11850
1731 29 0 11638 3 11670
1732 1 11653 1 4 11659
1733 0 0 0 11636 11636
1734 0 11 2 11660 11673
1735 6 11684 0 2 11692
1736 11748 0 0 0 11748
1737 11601 0 49 1 11651
1738 2 1 0 11526 11529
1739 4 11527 0 5 11536
1740 11716 0 0 0 11716
1741 11639 7 2 0 11648
1742 0 0 2 11523 11525
1743 4 0 11468 0 11472
1744 1 11345 0 7 11353
1745 11556 0 1 0 11557
1746 11448 0 2 0 11450
1747 0 11407 0 1 11408
1748 11547 0 1 0 11548
1749 11404 0 0 1 11405
1750 11343 1 0 0 11344
1751 0 0 1 11362 11363
1752 5 2 11361 0 11368
1753 0 0 11125 0 11125
1754 11149 0 2 1 11152
1755 6 0 11282 0 11288
1756 86 0 11078 0 11164
1757 3 10878 0 113 10994
1758 11313 0 1 0 11314
1759 11271 0 3 1 11275
1760 0 22 0 11231 11253
1761 0 37 1 11288 11326
1762 0 0 11312 0 11312
1763 0 2 0 11084 11086
1764 0 1 0 11230 11231
1765 4 3 11106 1 11114
1766 11007 0 0 1 11008
1767 10972 0 1 1 10974
1768 0 11036 1 1 11038
1769 11110 0 1 0 11111
1770 2 0 11032 0 11034
1771 4 0 10833 1 10838
1772 10991 1 1 0 10993
1773 10875 1 1 0 10877
1774 2 0 0 10709 10711
1775 0 10850 0 0 10850
1776 10971 0 1 0 10972
1777 1 0 1 10783 10785
1778 2 10920 0 1 10923
1779 402 7 10324 0 10733
1780 10555 0 0 1 10556
1781 0 2 0 10573 10575
1782 10612 0 1 3 10616
1783 0 10639 0 1 10640
1784 10852 0 2 0 10854
1785 10702 4 1 0 10707
1786 1 0 10698 3 10702
1787 4 0 10377 0 10381
1788 10353 0 35 1 10389
1789 0 0 0 10307 10307
1790 10456 0 3 0 10459
1791 1 0 0 10339 10340
1792 5 0 10229 0 10234
1793 10209 0 2 1 10212
1794 9 10233 0 0 10242
1795 10246 0 0 0 10246
1796 6 0 0 10066 10072
1797 1 0 9982 0 9983
1798 9806 0 0 1 9807
1799 0 9942 1 1 9944
1800 4 9845 1 6 9856
1801 10005 1 2 0 10008
1802 9918 0 0 0 9918
1803 9901 0 1 0 9902
1804 7 0 9755 0 9762
1805 1 9573 0 0 9574
1806 2 9717 0 0 9719
1807 23 6 3 9754 9786
1808 2 0 9885 0 9887
1809 0 30 0 9586 9616
1810 1 3 1 9648 9653
1811 1 0 0 9594 9595
1812 1 9549 0 2 9552
1813 9601 1 2 0 9604
1814 9542 5 0 9 9556
1815 17 0 9659 1 9677
1816 3 0 9464 0 9467
1817 1 0 9409 2 9412
1818 9387 0 9 33 9429
1819 3 0 9519 2 9524
1820 9467 0 1 0 9468
1821 1 9460 0 2 9463
1822 9541 0 0 0 9541
1823 2 0 9511 0 9513
1824 9392 0 47 4 9443
1825 0 2 9395 0 9397
1826 2 3 1 9128 9134
1827 9495 0 1 0 9496
1828 9561 0 0 0 9561
1829 9525 2 2 0 9529
1830 0 0 0 9445 9445
1831 9410 0 2 0 9412
1832 1 0 9073 2 9076
1833 0 8833 3 0 8836
1834 0 8869 1 1 8871
1835 1 8950 0 3 8954
1836 0 9295 1 5 9301
1837 9885 1 3 0 9889
1838 9930 0 0 0 9930
1839 9886 15 0 2 9903
1840 9732 0 0 1 9733
1841 13 8940 0 919 9872
1842 0 1 2 9859 9862
1843 0 0 2 9845 9847
1844 0 0 0 9784 9784
1845 0 9928 1 4 9933
1846 9859 0 101 0 9960
1847 0 0 9943 0 9943
1848 1 0 0 9478 9479
1849 9908 3 0 4 9915
1850 1 10 0 9920 9931
1851 2 1 0 10028 10031
1852 2 0 9889 2 9893
1853 3 0 9717 0 9720
1854 9761 0 0 0 9761
1855 9780 0 2 6 9788
1856 3 9764 0 0 9767
1857 0 9 1 9681 9691
1858 0 9732 0 1 9733
1859 9832 1 1 1 9835
1860 9749 0 1 0 9750
1861 0 0 9791 0 9791
1862 9684 1 2 0 9687
1863 9681 0 1 0 9682
1864 2 0 9661 0 9663
1865 1 0 9645 0 9646
1866 9687 0 3 0 9690
1867 9706 0 0 0 9706
1868 9675 1 2 0 9678
1869 9615 1 0 0 9616
1870 2 9670 0 25 9697
1871 0 8 0 9565 9573
1872 9673 0 0 0 9673
1873 2 0 9555 2 9559
1874 2 2 1 9478 9483
1875 9759 0 3 2 9764
1876 10085 0 3 1 10089
1877 10061 0 1 0 10062
1878 10051 0 1 0 10052
1879 0 2 9889 0 9891
1880 0 0 9686 0 9686
1881 9759 0 10 1 9770
1882 0 10 0 9606 9616
1883 2 9694 0 1 9697
1884 0 9822 0 0 9822
1885 0 1 1 9888 9890
1886 0 0 0 9920 9920
1887 0 3 1 9960 9964
1888 2 0 9792 2 9796
1889 3 0 9804 1 9808
1890 9820 0 1 0 9821
1891 9968 0 5 0 9973
1892 9941 1 0 0 9942
1893 9899 0 2 0 9901
1894 2 2 9787 0 9791
1895 0 9727 1 4 9732
1896 9741 0 2 0 9743
1897 1 9801 0 16 9818
1898 20 13 0 9789 9822
1899 9908 0 9 0 9917
1900 9768 0 0 0 9768
1901 0 6 9793 0 9799
1902 9701 0 1 0 9702
1903 1 0 9745 0 9746
1904 0 0 0 9248 9248
1905 9616 0 1 0 9617
1906 9599 15 0 1 9615
1907 0 1 1 9649 9651
1908 9619 0 15 0 9634
1909 0 1 0 9575 9576
1910 0 1 0 9571 9572
1911 4 0 0 9574 9578
1912 9450 5 1 0 9456
1913 1 9586 0 2 9589
1914 0 0 0 9609 9609
1915 9611 1 0 0 9612
1916 9559 0 8 0 9567
1917 9554 0 0 1 9555
1918 3 0 0 9555 9558
1919 0 0 9430 0 9430
1920 1 9376 0 4 9381
1921 0 5 0 9438 9443
1922 2 0 0 9536 9538
1923 55 3 9252 0 9310
1924 9343 1 6 3 9353
1925 1 7 1 9283 9292
1926 1 0 9246 1 9248
1927 0 9155 0 2 9157
1928 9087 2 0 1 9090
1929 1 8992 0 235 9228
1930 4 4 0 9344 9352
1931 9228 0 4 17 9249
1932 1 8 0 9282 9291
1933 0 0 9293 0 9293
1934 0 4 1 9121 9126
1935 9224 0 26 2 9252
1936 2 8 5 9246 9261
1937 0 5 0 9259 9264
1938 1 1 1 9260 9263
1939 2 0 9179 1 9182
1940 2 0 9155 0 9157
1941 9134 1 63 3 9201
1942 9218 0 5 1 9224
1943 9231 0 1 0 9232
1944 0 6 0 9189 9195
1945 47 0 9144 0 9191
1946 1 8926 0 10 8937
1947 1 8946 0 0 8947
1948 4 8947 0 0 8951
1949 9061 0 1 1 9063
1950 9021 0 1 0 9022
1951 0 0 2 9093 9095
1952 0 0 1 9189 9190
1953 13 0 9108 0 9121
1954 0 0 9005 4 9009
1955 8703 0 0 0 8703
1956 2 0 8989 0 8991
1957 2 1 8896 1 8900
1958 0 1 8893 0 8894
1959 10 0 8921 1 8932
1960 0 1 0 8767 8768
1961 0 0 2 8870 8872
1962 0 9 0 8989 8998
1963 9000 0 1 0 9001
1964 2 0 8930 0 8932
1965 1 6 0 8854 8861
1966 2 0 8972 0 8974
1967 1 8755 0 14 8770
1968 1 8820 0 20 8841
1969 5 0 8991 0 8996
1970 8805 0 0 0 8805
1971 1 0 8939 1 8941
1972 0 1 0 8812 8813
1973 0 8729 0 34 8763
1974 0 4 1 8879 8884
1975 8818 0 0 2 8820
1976 1 0 8887 1 8889
1977 5 0 8730 3 8738
1978 8553 0 1 0 8554
1979 0 0 8618 0 8618
1980 8473 0 0 0 8473
1981 0 8555 0 0 8555
1982 0 1 0 8689 8690
1983 1 0 0 8592 8593
1984 0 8526 0 7 8533
1985 0 3 0 8600 8603
1986 8430 0 1 0 8431
1987 1 8438 0 41 8480
1988 0 2 0 8519 8521
1989 8371 0 2 4 8377
1990 1 10 0 8311 8322
1991 0 1 0 8386 8387
1992 4 0 8321 0 8325
1993 8176 0 28 0 8204
1994 0 1 0 8238 8239
1995 1 1280 1 6874 8156
1996 0 8137 0 1 8138
1997 8186 0 1 0 8187
1998 8042 0 19 0 8061
1999 0 0 8096 0 8096
2000 3 7957 0 0 7960
2001 8054 0 0 1 8055
2002 0 2 0 7983 7985
2003 8 0 0 8018 8026
2004 8027 0 1 0 8028
2005 7935 0 0 1 7936
2006 7870 0 0 0 7870
2007 2 0 7769 5 7776
2008 0 0 7705 0 7705
2009 7606 0 2 0 7608
2010 2 7652 0 2 7656
2011 7610 0 1 0 7611
2012 8 0 7559 1 7568
2013 7580 0 9 1 7590
2014 7438 0 1 0 7439
2015 7405 0 1 0 7406
2016 5 0 7338 0 7343
2017 14 0 7219 0 7233
2018 8 0 7167 0 7175
2019 1 0 0 6907 6908
2020 2 6961 0 0 6963
2021 3 7015 0 1 7019
2022 0 0 0 7072 7072
2023 0 0 0 7130 7130
2024 1 0 7102 0 7103
2025 0 0 6993 0 6993
2026 0 0 6948 2 6950
2027 0 0 0 6563 6563
2028 6 0 6774 0 6780
2029 0 4 0 6655 6659
2030 0 0 0 6730 6730
2031 1 6755 0 19 6775
2032 2 0 6643 0 6645
2033 6315 0 6 0 6321
2034 3 6415 0 20 6438
2035 0 1 0 6442 6443
2036 0 0 1 6451 6452
2037 6333 0 1 0 6334
2038 0 0 6303 0 6303
2039 6141 0 2 0 6143
2040 1 0 6188 0 6189
2041 0 0 6068 2 6070
2042 0 0 6080 0 6080
2043 6026 0 0 0 6026
2044 6025 0 0 1 6026
2045 0 0 0 6054 6054
2046 0 0 5893 0 5893
2047 1 2 0 5764 5767
2048 5828 0 0 0 5828
2049 0 4 0 5750 5754
2050 0 0 0 5744 5744
2051 5 5618 0 1 5624
2052 0 6 1 5668 5675
2053 0 0 5554 0 5554
2054 5 0 5493 0 5498
2055 5436 1 0 1 5438
2056 5438 0 1 1 5440
2057 1 0 0 5454 5455
2058 5402 0 0 0 5402
2059 0 0 5388 0 5388
2060 5327 0 2 0 5329
2061 5227 0 0 0 5227
2062 0 0 5221 2 5223
2063 5149 0 0 1 5150
2064 5134 0 0 0 5134
2065 0 0 0 5110 5110
2066 1 0 5124 0 5125
2067 1 0 0 5006 5007
2068 5058 0 0 0 5058
2069 0 0 1 5025 5026
2070 0 0 0 4993 4993
2071 4920 0 0 0 4920
2072 0 0 4826 0 4826
2073 1 4719 1 1 4722
2074 4776 0 0 0 4776
2075 4665 0 0 0 4665
2076 0 4614 2 1 4617
2077 4690 1 4 0 4695
2078 4408 1 0 0 4409
2079 0 4514 0 0 4514
2080 0 4482 0 10 4492
2081 0 4493 0 0 4493
2082 0 0 1 4492 4493
2083 0 2 0 4526 4528
2084 1 0 4470 0 4471
2085 0 0 4441 1 4442
2086 6 0 4414 0 4420
2087 2 0 0 4170 4172
2088 3 0 4333 0 4336
2089 4291 0 0 0 4291
2090 0 1 1 4289 4291
2091 4231 1 4 0 4236
2092 1 4169 2 0 4172
2093 4203 0 0 0 4203
2094 32 0 4170 3 4205
2095 4049 1 2 0 4052
2096 0 0 4148 0 4148
2097 0 2 0 4001 4003
2098 0 0 4064 0 4064
2099 0 0 0 4014 4014
2100 4041 1 2 0 4044
2101 0 0 0 4022 4022
2102 3964 0 2 0 3966
2103 0 3842 0 63 3905
2104 0 1 0 3938 3939
2105 0 0 3873 0 3873
2106 0 0 3906 0 3906
2107 0 0 0 3814 3814
2108 0 0 0 3748 3748
2109 0 3755 0 0 3755
2110 3810 1 0 2 3813
2111 3785 0 0 0 3785
2112 0 1 1 3767 3769
2113 1 0 3738 0 3739
2114 3681 1 0 0 3682
2115 3673 0 1 0 3674
2116 0 1 0 3691 3692
2117 1 0 3712 0 3713
2118 1 0 3705 0 3706
2119 1 1 0 3607 3609
2120 0 0 0 3673 3673
2121 2 0 3585 17 3604
2122 37 0 3527 1 3565
2123 5 0 3499 0 3504
2124 0 3380 0 2 3382
2125 0 2 0 3548 3550
2126 0 0 0 3551 3551
2127 0 0 1 3606 3607
2128 1 0 3552 0 3553
2129 3491 0 0 0 3491
2130 3480 0 0 0 3480
2131 3486 0 1 0 3487
2132 3474 0 0 0 3474
2133 49 0 3359 1 3409
2134 0 0 3414 0 3414
2135 3337 1 15 0 3353
2136 0 0 3339 0 3339
2137 3 0 3321 2 3326
2138 1 0 3278 0 3279
2139 16 0 3291 0 3307
2140 3267 0 0 0 3267
2141 32 0 3246 0 3278
2142 0 1 1 3203 3205
2143 3279 0 0 0 3279
2144 3282 0 0 0 3282
2145 2058 0 1183 0 3241
2146 102 0 3105 0 3207
2147 0 39 0 2958 2997
2148 11 0 3083 0 3094
2149 0 0 0 3077 3077
2150 0 1 0 3126 3127
2151 0 0 3115 0 3115
2152 5 1 3030 2 3038
2153 3044 0 0 0 3044
2154 3005 0 2 0 3007
2155 0 0 0 2922 2922
2156 2 2941 0 1 2944
2157 2980 0 11 0 2991
2158 4 0 2978 1 2983
2159 0 0 2 2892 2894
2160 468 0 2455 0 2923
2161 1 0 2890 0 2891
2162 2884 0 2 0 2886
2163 0 0 0 2872 2872
2164 0 0 2890 1 2891
2165 2867 0 0 0 2867
2166 2839 0 0 0 2839
2167 0 0 2836 0 2836
2168 0 2 0 2792 2794
2169 2762 0 22 0 2784
2170 2760 2 27 3 2792
2171 0 0 0 2775 2775
2172 0 0 2737 0 2737
2173 10 0 2709 0 2719
2174 2724 0 0 0 2724
2175 0 0 0 2694 2694
2176 0 0 2697 0 2697
2177 2704 0 0 0 2704
2178 2691 0 0 0 2691
2179 0 0 0 2667 2667
2180 2662 1 0 0 2663
2181 2626 0 0 0 2626
2182 2 0 0 0 2
