0 0 0 0 0 0
1 3059 0 0 0 3059
2 0 0 0 3410 3410
3 0 0 3563 0 3563
4 0 0 3655 2 3657
5 3629 0 0 0 3629
6 0 0 0 3745 3745
7 3773 0 4 0 3777
8 4 4155 0 0 4159
9 0 0 0 4560 4560
10 0 0 0 4634 4634
11 0 1 0 4684 4685
12 0 0 0 4772 4772
13 4804 0 1 0 4805
14 0 0 0 4812 4812
15 0 7 0 4782 4789
16 4809 0 2 1 4812
17 0 4866 0 1 4867
18 4947 0 0 0 4947
19 4949 0 1 0 4950
20 1 0 5113 0 5114
21 5067 0 0 1 5068
22 5132 0 0 0 5132
23 5152 0 1 0 5153
24 0 5202 0 0 5202
25 0 0 0 5223 5223
26 0 0 1 5230 5231
27 3 5209 0 1 5213
28 1 5247 0 0 5248
29 5256 1 0 0 5257
30 9 0 5199 0 5208
31 5217 0 0 0 5217
32 0 5260 0 0 5260
33 1 2 0 5269 5272
34 5280 0 0 1 5281
35 1 5285 0 0 5286
36 5273 0 1 1 5275
37 5282 0 0 0 5282
38 0 0 0 5322 5322
39 5306 0 0 1 5307
40 5283 0 0 1 5284
41 0 0 0 5327 5327
42 5297 0 0 2 5299
43 1 5331 0 0 5332
44 5354 0 0 0 5354
45 5328 0 0 0 5328
46 5276 0 0 0 5276
47 5269 0 6 2 5277
48 1 0 5164 0 5165
49 1 0 5096 0 5097
50 0 5258 0 1 5259
51 0 5421 0 3 5424
52 5471 1 3 1 5476
53 5441 0 2 0 5443
54 5438 0 0 0 5438
55 5474 0 0 0 5474
56 5476 0 1 0 5477
57 1 5490 0 1 5492
58 5546 0 0 1 5547
59 4 5550 0 1 5555
60 5558 0 0 0 5558
61 5530 0 3 1 5534
62 0 0 0 5475 5475
63 2 0 5378 0 5380
64 0 0 5409 1 5410
65 0 5474 0 2 5476
66 5578 0 1 2 5581
67 0 0 5572 0 5572
68 5453 1 2 0 5456
69 5612 1 1 0 5614
70 0 3 0 5602 5605
71 0 2 0 5593 5595
72 0 35 0 5628 5663
73 5658 1 1 0 5660
74 1 0 5578 2 5581
75 0 22 2 5568 5592
76 1 0 5586 1 5588
77 5653 0 3 0 5656
78 5724 0 0 0 5724
79 0 0 5634 2 5636
80 5688 0 1 0 5689
81 0 1 1 5689 5691
82 3 5642 0 0 5645
83 0 5755 0 0 5755
84 0 3 0 5797 5800
85 3 0 5820 0 5823
86 5857 4 0 0 5861
87 5871 2 0 0 5873
88 0 13 1 5832 5846
89 0 0 0 5842 5842
90 0 0 5814 0 5814
91 0 5824 0 5 5829
92 5914 0 1 0 5915
93 5900 0 1 0 5901
94 0 5896 0 0 5896
95 0 5915 0 1 5916
96 6007 1 4 0 6012
97 0 0 5926 0 5926
98 4 5918 0 9 5931
99 6035 2 2 0 6039
100 6009 2 8 0 6019
101 0 0 0 6010 6010
102 1 1 5941 0 5943
103 1 5996 0 2 5999
104 0 1 0 6035 6036
105 6092 0 1 14 6107
106 1 0 0 6117 6118
107 0 2 1 6113 6116
108 0 6130 1 2 6133
109 6163 0 1 0 6164
110 6150 0 0 0 6150
111 0 4 0 6118 6122
112 6156 0 0 3 6159
113 0 0 0 6149 6149
114 1 6091 0 1 6093
115 0 1 2 6102 6105
116 1 0 6060 1 6062
117 2 6137 0 5 6144
118 0 0 6198 0 6198
119 0 3 6 6162 6171
120 0 6156 0 3 6159
121 0 6215 2 0 6217
122 6265 1 0 0 6266
123 0 1 0 6275 6276
124 0 6313 0 2 6315
125 0 2 0 6339 6341
126 6266 1 1 5 6273
127 0 0 6243 0 6243
128 6139 1 1 0 6141
129 2 0 6273 0 6275
130 0 0 6346 2 6348
131 0 1 0 6308 6309
132 0 0 0 6456 6456
133 1 0 0 6549 6550
134 0 0 6541 0 6541
135 2 6558 0 4 6564
136 0 0 0 6659 6659
137 6630 2 1 0 6633
138 0 1 0 6694 6695
139 0 1 6726 2 6729
140 1 0 0 6714 6715
141 5452 1 1410 0 6863
142 6854 1 4 1 6860
143 1 0 0 6924 6925
144 7001 1 0 0 7002
145 6945 0 2 0 6947
146 0 0 6993 0 6993
147 1 0 0 6702 6703
148 2 0 6881 7 6890
149 6961 0 2 2 6965
150 1 7009 0 1 7011
151 7175 0 3 1 7179
152 0 2 0 7247 7249
153 7 0 7288 0 7295
154 7299 1 2 1 7303
155 7486 1 1 0 7488
156 0 0 0 7547 7547
157 0 1 0 7675 7676
158 0 0 0 7728 7728
159 0 1 0 7744 7745
160 0 7718 0 1 7719
161 0 1 0 7737 7738
162 0 5 0 7773 7778
163 1 0 7717 0 7718
164 7637 0 0 1 7638
165 8 7781 0 2 7791
166 14 0 7850 0 7864
167 7569 0 7 21 7597
168 7612 1 2 1 7616
169 0 0 7795 0 7795
170 7754 0 5 0 7759
171 7898 0 0 4 7902
172 0 0 8076 0 8076
173 1 0 8096 0 8097
174 8094 0 0 1 8095
175 8199 0 1 1 8201
176 8158 0 37 0 8195
177 8172 1 2 0 8175
178 1 0 8141 1 8143
179 1 8147 0 1 8149
180 8240 0 0 1 8241
181 1 4 0 8218 8223
182 8242 1 3 0 8246
183 1 1 0 8249 8251
184 8249 1 1 1 8252
185 5 8194 0 1 8200
186 8256 0 1 1 8258
187 5 0 8177 0 8182
188 1 8069 0 0 8070
189 8145 0 1 0 8146
190 0 0 0 8118 8118
191 0 3 0 8171 8174
192 8152 0 0 2 8154
193 0 1 8094 0 8095
194 8094 0 0 0 8094
195 8071 0 0 0 8071
196 6 0 8083 1 8090
197 3 0 7957 0 7960
198 7996 0 2 0 7998
199 0 7983 0 0 7983
200 8008 11 0 0 8019
201 7933 0 0 3 7936
202 6 0 8042 0 8048
203 0 1 7940 0 7941
204 2 0 8073 1 8076
205 8138 0 16 0 8154
206 8258 0 1 0 8259
207 8266 0 2 2 8270
208 0 0 8309 6 8315
209 8261 2 0 0 8263
210 8311 0 3 1 8315
211 3 8921 0 0 8924
212 9109 0 1 0 9110
213 9098 0 0 0 9098
214 9042 0 0 2 9044
215 9080 0 0 0 9080
216 1 5862 0 3244 9107
217 0 0 2 9011 9013
218 0 2 1 9083 9086
219 1 0 8932 0 8933
220 9043 0 5 0 9048
221 7 0 8967 1 8975
222 9006 6 7 0 9019
223 3 8956 0 0 8959
224 3 8881 0 1 8885
225 9042 1 1 1 9045
226 1 9055 0 4 9060
227 9115 0 0 0 9115
228 9094 0 1 0 9095
229 0 1 0 9113 9114
230 9120 0 2 0 9122
231 1 0 0 9126 9127
232 6 1 9084 0 9091
233 9006 0 0 0 9006
234 8979 0 3 0 8982
235 0 1 9048 0 9049
236 2 0 1 7841 7844
237 8876 0 0 0 8876
238 8903 0 0 0 8903
239 0 1 1 8864 8866
240 0 3 1 8914 8918
241 1 0 8779 0 8780
242 8732 5 0 3 8740
243 1 0 8857 0 8858
244 0 0 8818 0 8818
245 3 0 8780 1 8784
246 8870 0 6 1 8877
247 8875 0 0 0 8875
248 0 0 1 8723 8724
249 3 0 8710 0 8713
250 0 8693 0 4 8697
251 5 8791 0 0 8796
252 8973 3 3 0 8979
253 8953 1 5 0 8959
254 0 0 8852 0 8852
255 8867 0 0 0 8867
256 8741 0 6 0 8747
257 1 8834 0 0 8835
258 2 8783 0 0 8785
259 8855 0 15 0 8870
260 0 118 3 8624 8745
261 8845 0 0 0 8845
262 1 0 8731 0 8732
263 7 8736 0 0 8743
264 8765 0 0 1 8766
265 0 3 0 8733 8736
266 5 0 8743 0 8748
267 0 0 8691 0 8691
268 8674 1 0 0 8675
269 5 1 1 8694 8701
270 0 0 8629 0 8629
271 8 0 8549 0 8557
272 0 1 1 8497 8499
273 0 8522 0 4 8526
274 0 8628 0 1 8629
275 8674 0 5 2 8681
276 2 0 8666 0 8668
277 8609 0 1 1 8611
278 1 40 8606 0 8647
279 8513 1 0 5 8519
280 0 0 0 8485 8485
281 2 8507 0 0 8509
282 0 8602 1 0 8603
283 1 1 2 8627 8631
284 0 0 1 8619 8620
285 8605 0 2 0 8607
286 0 0 8504 0 8504
287 2 8465 0 1 8468
288 0 4 0 8403 8407
289 2 8485 0 0 8487
290 8586 0 5 1 8592
291 8552 0 1 0 8553
292 0 0 8573 0 8573
293 8527 0 0 1 8528
294 0 0 8475 0 8475
295 0 8457 0 2 8459
296 8552 1 0 0 8553
297 2 6 1 8526 8535
298 5 0 8526 0 8531
299 2 0 8484 0 8486
300 8475 0 2 0 8477
301 8528 0 0 0 8528
302 0 0 0 8550 8550
303 8519 0 1 0 8520
304 1 0 8508 0 8509
305 8473 0 5 0 8478
306 2 0 8366 0 8368
307 8268 0 1 0 8269
308 3 8283 0 1 8287
309 1 0 0 8136 8137
310 1 8178 2 0 8181
311 0 8166 0 3 8169
312 0 8260 0 6 8266
313 8373 0 0 0 8373
314 8104 0 6 10 8120
315 0 0 8154 0 8154
316 0 0 0 7913 7913
317 8067 2 4 1 8074
318 2 0 0 7990 7992
319 0 7991 0 1 7992
320 2 9 0 8039 8050
321 105 2 7917 1 8025
322 4 0 7881 2 7887
323 0 7928 0 0 7928
324 0 4 0 7964 7968
325 0 0 7962 1 7963
326 7755 6 7 0 7768
327 0 0 0 7868 7868
328 0 1 0 7938 7939
329 2 0 0 7961 7963
330 1 0 7995 0 7996
331 0 10 0 7913 7923
332 0 12 0 8008 8020
333 0 2 0 8114 8116
334 0 0 8033 3 8036
335 8061 0 0 0 8061
336 1 1 1 8003 8006
337 0 12 0 8112 8124
338 8044 0 1 0 8045
339 0 8128 0 1 8129
340 8177 0 0 0 8177
341 8139 0 0 0 8139
342 8061 0 0 0 8061
343 7971 0 3 0 7974
344 2 8046 0 0 8048
345 1 7980 0 0 7981
346 8031 1 27 0 8059
347 8022 0 0 0 8022
348 7980 0 0 0 7980
349 7963 1 4 0 7968
350 0 0 8050 0 8050
351 7962 0 0 1 7963
352 0 0 0 7913 7913
353 0 14 0 7998 8012
354 0 0 0 8071 8071
355 8044 1 0 0 8045
356 0 0 0 7977 7977
357 8121 0 0 0 8121
358 0 0 7959 0 7959
359 7982 0 0 0 7982
360 7948 6 0 12 7966
361 0 6 7895 0 7901
362 0 1 0 7662 7663
363 0 0 2 7806 7808
364 1 0 7856 0 7857
365 1 0 7846 2 7849
366 7765 0 47 0 7812
367 7843 0 0 0 7843
368 1 1 0 7817 7819
369 7894 1 0 0 7895
370 7860 1 2 0 7863
371 0 7829 0 0 7829
372 7868 0 0 2 7870
373 7778 1 0 0 7779
374 7722 3 0 1 7726
375 0 0 7744 0 7744
376 0 0 7704 0 7704
377 6 0 7690 0 7696
378 7515 0 17 2 7534
379 0 0 0 7651 7651
380 0 4 0 7729 7733
381 0 0 7721 0 7721
382 34 0 7633 0 7667
383 0 7776 0 0 7776
384 0 6 0 8006 8012
385 4 4 7975 4 7987
386 7916 1 1 0 7918
387 2 1 0 8023 8026
388 3 0 7993 0 7996
389 7832 0 0 3 7835
390 0 0 0 7956 7956
391 0 1 0 7996 7997
392 7833 0 0 1 7834
393 0 8039 0 4 8043
394 0 5 0 8106 8111
395 0 6 0 8131 8137
396 0 10 0 8161 8171
397 0 1 0 8324 8325
398 2 0 8397 0 8399
399 5 0 8624 1 8630
400 8600 0 7 1 8608
401 8994 0 3 0 8997
402 9251 0 0 0 9251
403 9323 0 3 0 9326
404 9316 0 4 0 9320
405 4 0 9234 0 9238
406 9231 0 7 1 9239
407 9387 0 27 0 9414
408 9398 1 7 0 9406
409 0 0 9856 2 9858
410 9879 0 1 0 9880
411 9934 0 1 1 9936
412 9990 0 0 0 9990
413 9954 0 1 0 9955
414 9932 0 0 11 9943
415 0 1 1 9750 9752
416 0 1 0 9918 9919
417 4 0 9894 1 9899
418 0 0 9885 0 9885
419 0 0 9863 0 9863
420 9846 0 8 0 9854
421 9901 4 17 0 9922
422 9894 1 0 0 9895
423 0 0 1 9835 9836
424 9892 0 1 0 9893
425 4 3 9763 1 9771
426 11 9720 0 5 9736
427 9831 0 1 0 9832
428 1 0 1 9842 9844
429 2 0 9837 0 9839
430 1 0 9807 0 9808
431 9834 1 0 0 9835
432 9851 0 6 0 9857
433 0 9844 0 0 9844
434 0 3 1 9944 9948
435 31 1 9904 0 9936
436 9855 1 1 0 9857
437 1 0 0 10028 10029
438 3 0 9998 1 10002
439 9942 0 0 0 9942
440 0 0 0 10020 10020
441 10051 0 0 1 10052
442 0 0 0 10074 10074
443 0 1 1 10015 10017
444 3 9999 0 4 10006
445 10137 0 0 0 10137
446 1 0 10017 1 10019
447 0 10070 0 6 10076
448 0 1 0 10166 10167
449 10184 0 1 2 10187
450 1 10193 0 1 10195
451 10271 0 1 0 10272
452 10270 0 0 0 10270
453 1 0 0 10123 10124
454 1 10107 0 0 10108
455 10273 0 2 0 10275
456 10247 1 0 1 10249
457 1 0 10158 0 10159
458 10051 0 0 0 10051
459 1 10089 0 0 10090
460 0 0 1 10092 10093
461 9949 0 0 3 9952
462 3 9934 2 0 9939
463 1 0 1 9731 9733
464 2 10044 0 0 10046
465 3 0 10147 0 10150
466 0 0 1 10002 10003
467 1 0 0 10202 10203
468 10168 0 4 0 10172
469 10165 0 1 0 10166
470 0 1 10210 0 10211
471 0 5 0 9961 9966
472 10252 0 0 0 10252
473 10315 0 1 0 10316
474 0 2 0 10263 10265
475 1 0 10262 2 10265
476 10263 0 0 0 10263
477 10191 0 2 0 10193
478 0 0 1 10137 10138
479 3 10123 0 0 10126
480 2 10174 0 1 10177
481 2 2 0 10147 10151
482 5 10263 0 0 10268
483 10282 1 0 0 10283
484 0 1 0 10277 10278
485 0 0 0 10380 10380
486 19 0 10365 0 10384
487 2 0 10287 3 10292
488 10097 0 1 2 10100
489 0 1 0 10313 10314
490 1 0 10381 1 10383
491 10166 0 3 1 10170
492 6 0 10388 0 10394
493 2 0 10340 0 10342
494 10261 0 2 0 10263
495 10339 0 1 7 10347
496 0 0 10366 1 10367
497 1 1 10265 0 10267
498 0 0 10294 2 10296
499 10251 2 9 12 10274
500 10402 0 0 0 10402
501 10373 1 0 3 10377
502 0 0 10389 1 10390
503 1 0 10341 1 10343
504 7 0 10336 0 10343
505 10354 1 3 1 10359
506 0 0 10334 0 10334
507 10351 0 2 0 10353
508 1 0 10352 0 10353
509 0 6 0 10284 10290
510 2 0 10382 0 10384
511 0 10325 2 0 10327
512 0 0 0 10503 10503
513 10544 0 1 0 10545
514 10494 2 0 0 10496
515 2 0 10449 0 10451
516 0 10387 0 0 10387
517 10491 3 0 0 10494
518 2 0 10451 0 10453
519 10460 0 0 2 10462
520 0 10421 0 0 10421
521 1 4 0 10342 10347
522 0 10390 2 1 10393
523 10395 0 0 1 10396
524 3 10453 1 4 10461
525 10613 1 2 0 10616
526 0 0 10477 1 10478
527 10446 1 1 0 10448
528 10415 0 3 0 10418
529 0 10390 0 0 10390
530 1 0 0 10394 10395
531 0 0 1 10257 10258
532 1 10349 0 2 10352
533 10363 0 0 2 10365
534 1 0 10278 0 10279
535 0 0 10050 0 10050
536 1 9987 0 8 9996
537 0 5 0 10114 10119
538 1 0 10061 2 10064
539 10008 0 0 0 10008
540 10033 0 0 0 10033
541 2 0 0 9973 9975
542 1 1 2 9979 9983
543 9916 1 0 0 9917
544 9758 0 0 0 9758
545 1 0 9756 0 9757
546 1 1 0 9222 9224
547 0 9318 0 0 9318
548 1 3 0 9451 9455
549 92 0 9423 0 9515
550 9485 0 6 0 9491
551 9495 0 1 0 9496
552 9454 0 1 0 9455
553 9430 0 1 0 9431
554 9341 1 0 2 9344
555 0 2 1 9338 9341
556 0 0 0 9307 9307
557 1 0 0 9317 9318
558 9274 1 1 14 9290
559 1 16 0 9298 9315
560 2 0 9287 1 9290
561 1 1 9528 1 9531
562 4 9509 0 2 9515
563 9575 0 18 0 9593
564 9471 0 4 0 9475
565 1 0 9713 1 9715
566 0 2 0 9519 9521
567 0 1 0 9438 9439
568 2 9516 0 1 9519
569 0 2 0 9486 9488
570 3 9505 0 4 9512
571 9571 13 4 0 9588
572 0 1 0 9515 9516
573 9531 0 3 1 9535
574 0 0 9586 2 9588
575 9 0 9383 1 9393
576 9261 0 1 0 9262
577 0 0 9432 0 9432
578 9332 0 3 0 9335
579 9458 0 1 1 9460
580 3 0 9558 0 9561
581 9534 0 2 1 9537
582 9533 2 2 10 9547
583 2 0 9599 0 9601
584 9522 0 0 0 9522
585 1 3 0 9555 9559
586 0 1 9539 0 9540
587 0 0 0 9465 9465
588 1 1 3 9568 9573
589 7 0 9538 3 9548
590 9413 0 6 1 9420
591 9459 1 4 0 9464
592 9481 0 2 1 9484
593 9565 14 39 2 9620
594 5 0 9848 6 9859
595 44 0 9708 2 9754
596 1 0 9665 1 9667
597 9765 0 3 2 9770
598 9942 5 3 0 9950
599 0 1 2 10146 10149
600 1 1 0 10184 10186
601 1 0 10124 4 10129
602 10133 0 3 0 10136
603 1 3 0 10376 10380
604 0 0 0 10432 10432
605 0 4 1 10429 10434
606 2 0 0 10447 10449
607 10481 0 3 0 10484
608 10389 1 2 0 10392
609 10276 0 1 3 10280
610 2 10481 0 9 10492
611 0 0 2 10451 10453
612 1 0 0 10391 10392
613 13 0 10266 0 10279
614 13 0 10085 3 10101
615 8593 0 1528 1 10122
616 2 10235 0 1 10238
617 10333 0 2 0 10335
618 0 0 10303 0 10303
619 10232 1 1 0 10234
620 2 10281 0 1 10284
621 10359 0 0 0 10359
622 10241 0 0 1 10242
623 0 1 1 10184 10186
624 10271 0 5 0 10276
625 1 0 1 10187 10189
626 2 10171 0 1 10174
627 1 34 1 10160 10196
628 10181 1 1 0 10183
629 0 0 10105 0 10105
630 10022 1 0 0 10023
631 1 10094 0 1 10096
632 0 2 0 10114 10116
633 10156 0 3 0 10159
634 10084 0 4 0 10088
635 5 0 10039 1 10045
636 9820 0 12 2 9834
637 6 0 9947 0 9953
638 9894 1 1 1 9897
639 0 3 0 9863 9866
640 9992 0 4 0 9996
641 0 0 1 9974 9975
642 10033 0 19 1 10053
643 0 2 0 9949 9951
644 3 9910 0 0 9913
645 1 1 0 9926 9928
646 1 0 9894 0 9895
647 3 2 0 9879 9884
648 0 1 0 9786 9787
649 0 9670 0 0 9670
650 1 9705 0 4 9710
651 9826 12 6 4 9848
652 0 4 10011 0 10015
653 1 10114 0 27 10142
654 3 10252 0 16 10271
655 5 0 10411 2 10418
656 3 0 10516 0 10519
657 0 7 0 10279 10286
658 0 3 0 10458 10461
659 1 4 0 10466 10471
660 0 10475 1 10 10486
661 3 6 0 10354 10363
662 1 10434 0 2 10437
663 2 10617 0 5 10624
664 10671 0 14 1 10686
665 10599 0 6 0 10605
666 0 2 2 10681 10685
667 4 0 0 10678 10682
668 1 4 1 10735 10741
669 0 1 1 10841 10843
670 1 0 10803 1 10805
671 10723 0 0 1 10724
672 10779 0 1 2 10782
673 1 0 10833 1 10835
674 1 0 10757 1 10759
675 10768 1 0 0 10769
676 10872 1 3 0 10876
677 0 5 0 10931 10936
678 1 0 10915 1 10917
679 10896 1 4 0 10901
680 4 0 10872 0 10876
681 1 0 10771 0 10772
682 10811 0 4 0 10815
683 0 0 10891 0 10891
684 1 10884 0 0 10885
685 0 0 0 10975 10975
686 11048 0 0 0 11048
687 1 11028 2 0 11031
688 11070 1 1 1 11073
689 0 1 0 11087 11088
690 11137 0 1 3 11141
691 1 0 11084 0 11085
692 11036 0 2 1 11039
693 0 11174 0 2 11176
694 11245 0 1 0 11246
695 11135 1 14 0 11150
696 1 0 2 11288 11291
697 11324 0 2 0 11326
698 0 0 3 11298 11301
699 11354 0 4 0 11358
700 0 0 11165 3 11168
701 10984 0 1 2 10987
702 3 11245 0 9 11257
703 4 11185 0 2 11191
704 1 11317 0 1 11319
705 11406 0 0 1 11407
706 11374 0 2 0 11376
707 11425 0 3 0 11428
708 11399 0 1 0 11400
709 5 0 11443 0 11448
710 1 0 11275 1 11277
711 11294 0 5 0 11299
712 2 0 11398 1 11401
713 5 11487 0 0 11492
714 11622 0 2 0 11624
715 11550 1 4 0 11555
716 0 8 2 11595 11605
717 11626 0 3 0 11629
718 2 0 11478 0 11480
719 11546 0 5 0 11551
720 0 0 11670 7 11677
721 11675 0 0 2 11677
722 0 0 11666 0 11666
723 11690 1 0 0 11691
724 11746 0 1 0 11747
725 11735 1 1 0 11737
726 0 0 0 11598 11598
727 6 11724 0 1 11731
728 0 1 0 11787 11788
729 11786 0 1 0 11787
730 0 0 11679 0 11679
731 3 11665 0 0 11668
732 11819 2 21 0 11842
733 11786 2 5 0 11793
734 1 0 11779 2 11782
735 3 0 11720 0 11723
736 11684 1 1 0 11686
737 0 1 1 11678 11680
738 0 0 11682 3 11685
739 1 4 0 11584 11589
740 1 11381 0 186 11568
741 1 1 0 11565 11567
742 0 11536 0 3 11539
743 1 11377 0 17 11395
744 2 11556 0 5 11563
745 2 3 3 11490 11498
746 5 2 2 11541 11550
747 11586 0 9 0 11595
748 8 0 11484 0 11492
749 0 10 1 11234 11245
750 11522 1 0 1 11524
751 0 1 1 11399 11401
752 0 11522 0 0 11522
753 11566 0 2 4 11572
754 1 0 11550 0 11551
755 1 1 0 11316 11318
756 6 11356 0 1 11363
757 11381 0 7 1 11389
758 4 11444 0 2 11450
759 11256 0 0 0 11256
760 3 11372 0 2 11377
761 1 11365 0 3 11369
762 2 1 3 11416 11422
763 11531 0 0 0 11531
764 11465 3 0 0 11468
765 11456 0 1 0 11457
766 11434 0 0 0 11434
767 11408 0 6 0 11414
768 1 0 11311 0 11312
769 0 0 0 10856 10856
770 1 4 0 11310 11315
771 11399 0 30 0 11429
772 11395 0 2 0 11397
773 0 11408 0 1 11409
774 11427 0 1 1 11429
775 0 6 1 11303 11310
776 3 0 11181 0 11184
777 0 0 10911 2 10913
778 29 0 10895 0 10924
779 11114 0 3 0 11117
780 1 0 11110 1 11112
781 1 0 10891 1 10893
782 10869 0 5 0 10874
783 1 10949 0 0 10950
784 2 11111 0 4 11117
785 0 0 0 11171 11171
786 11163 0 1 0 11164
787 11111 0 0 0 11111
788 3 4 10968 0 10975
789 10871 0 3 0 10874
790 1 10994 1 0 10996
791 5 10988 0 1 10994
792 11001 0 1 1 11003
793 10644 0 1 0 10645
794 2 0 0 10925 10927
795 11005 1 0 2 11008
796 0 0 10834 0 10834
797 0 0 10623 0 10623
798 0 49 10500 0 10549
799 2 10650 0 2 10654
800 0 10703 0 3 10706
801 0 50 0 10744 10794
802 1 10727 0 0 10728
803 10681 0 3 0 10684
804 2 10813 0 0 10815
805 10888 0 0 1 10889
806 0 0 2 10792 10794
807 0 2 1 10722 10725
808 0 1 1 10742 10744
809 10653 0 0 0 10653
810 3 10616 0 2 10621
811 2 0 10379 1 10382
812 10184 0 8 3 10195
813 2 10275 0 11 10288
814 2 10231 0 0 10233
815 10270 1 0 0 10271
816 1 0 0 10151 10152
817 1 0 10108 0 10109
818 10137 0 1 0 10138
819 0 1 10041 2 10044
820 0 10025 0 1 10026
821 3 1 0 10020 10024
822 9920 1 2 1 9924
823 0 9926 2 3 9931
824 0 9940 0 0 9940
825 10023 1 1 0 10025
826 2 0 9983 0 9985
827 9864 1 0 0 9865
828 9796 1 1 0 9798
829 1 0 9823 1 9825
830 0 7 0 9425 9432
831 0 0 0 9506 9506
832 0 9579 0 0 9579
833 0 9701 0 1 9702
834 9606 0 0 0 9606
835 0 2 0 9496 9498
836 9454 13 2 0 9469
837 0 0 0 9423 9423
838 9432 0 1 0 9433
839 9312 1 4 14 9331
840 2 2 1 9171 9176
841 1 0 9080 0 9081
842 0 9024 0 3 9027
843 6 9114 0 7 9127
844 1 0 0 9053 9054
845 5 1 0 8994 9000
846 0 2 0 8892 8894
847 0 8937 0 3 8940
848 7 1 0 8850 8858
849 1 0 0 8751 8752
850 1 8722 0 1 8724
851 0 31 0 8711 8742
852 8756 0 1 3 8760
853 8630 0 0 2 8632
854 0 1 0 8583 8584
855 0 0 8552 0 8552
856 1 2 0 8377 8380
857 0 8451 0 5 8456
858 0 0 0 8498 8498
859 5 0 8453 0 8458
860 8336 2 2 0 8340
861 0 0 0 8402 8402
862 2 0 8316 0 8318
863 8313 1 0 0 8314
864 8267 0 2 0 8269
865 4 8385 0 0 8389
866 3 1 1 8342 8347
867 8423 0 1 6 8430
868 0 0 8476 0 8476
869 2 0 8393 0 8395
870 8355 0 4 1 8360
871 0 1 0 8273 8274
872 1 2 0 8349 8352
873 15 0 8295 7 8317
874 7 0 8298 0 8305
875 2 8283 1 2 8288
876 3 8285 0 6 8294
877 8364 2 8 0 8374
878 8402 2 3 0 8407
879 0 1 0 8251 8252
880 8265 0 1 0 8266
881 1 1 0 8154 8156
882 2 0 8091 0 8093
883 8002 0 0 0 8002
884 1 8067 1 1 8070
885 0 2 0 8059 8061
886 0 0 8059 0 8059
887 7919 1 0 4 7924
888 28 0 7858 1 7887
889 3 1 7964 0 7968
890 9 0 7888 1 7898
891 8116 1 7 0 8124
892 8160 0 0 0 8160
893 8078 0 5 2 8085
894 8 0 7893 1 7902
895 1 0 0 7635 7636
896 2 7895 1 1 7899
897 2 7980 0 3 7985
898 8148 0 3 1 8152
899 8092 0 1 0 8093
900 8103 0 2 0 8105
901 8082 1 0 0 8083
902 8039 0 4 0 8043
903 7912 1 1 0 7914
904 0 8011 0 0 8011
905 7 7930 0 0 7937
906 4 0 7839 0 7843
907 7813 0 1 0 7814
908 7826 0 0 1 7827
909 4 0 7687 0 7691
910 7737 0 2 1 7740
911 1 7719 0 2 7722
912 7815 0 4 0 7819
913 0 1 0 7767 7768
914 0 1 0 7762 7763
915 7755 0 9 1 7765
916 1 0 7551 0 7552
917 1 7441 0 5 7447
918 1 7484 0 5 7490
919 7548 1 2 0 7551
920 7548 0 7 0 7555
921 7518 1 0 0 7519
922 650 0 6783 0 7433
923 7397 0 1 0 7398
924 7372 0 0 0 7372
925 0 0 0 7325 7325
926 0 0 7333 0 7333
927 0 0 0 7098 7098
928 1 7177 0 0 7178
929 0 0 0 7294 7294
930 7347 0 6 0 7353
931 2 0 7279 1 7282
932 7298 0 0 0 7298
933 7326 0 0 0 7326
934 7329 0 0 0 7329
935 7300 0 0 0 7300
936 3 0 7176 0 7179
937 0 4 0 6490 6494
938 6720 0 1 1 6722
939 4 6814 0 5 6823
940 4 1 0 6658 6663
941 6 6675 0 5 6686
942 6764 0 1 1 6766
943 6688 0 0 1 6689
944 3 6593 0 0 6596
945 6493 0 0 0 6493
946 0 6527 0 5 6532
947 0 1 0 6386 6387
948 6451 1 0 0 6452
949 3 6565 0 1 6569
950 0 0 6490 0 6490
951 6418 0 6 2 6426
952 0 0 6351 0 6351
953 6391 0 0 1 6392
954 0 0 1 6314 6315
955 1 6369 0 1 6371
956 6440 0 0 0 6440
957 6378 0 0 2 6380
958 6313 0 0 0 6313
959 1 6313 0 1 6315
960 0 0 0 6236 6236
961 30 0 6089 0 6119
962 6060 0 4 0 6064
963 1 6059 0 2 6062
964 0 6040 0 2 6042
965 3 6089 0 0 6092
966 6187 0 3 3 6193
967 5635 0 486 0 6121
968 0 0 0 6011 6011
969 6103 0 0 0 6103
970 0 0 0 5954 5954
971 2 3 0 6022 6027
972 6040 0 1 1 6042
973 6008 0 2 0 6010
974 0 14 0 5941 5955
975 6016 0 0 0 6016
976 5978 0 1 0 5979
977 0 0 0 5916 5916
978 4 0 5955 1 5960
979 5961 0 1 0 5962
980 5979 0 1 1 5981
981 5977 0 1 0 5978
982 5932 6 3 0 5941
983 10 0 5866 0 5876
984 1 3745 0 2025 5771
985 6 0 5861 0 5867
986 5770 1 5 0 5776
987 1 0 5791 0 5792
988 5784 0 2 0 5786
989 5830 0 5 0 5835
990 5886 0 3 0 5889
991 0 0 5786 1 5787
992 2 5743 0 3 5748
993 0 0 0 5781 5781
994 5788 0 3 0 5791
995 5775 0 0 0 5775
996 0 5775 1 23 5799
997 2 0 5829 0 5831
998 5865 0 15 2 5882
999 5930 0 0 0 5930
1000 5930 0 0 0 5930
1001 5867 0 1 0 5868
1002 0 0 2 5844 5846
1003 0 1 0 5814 5815
1004 3 1 0 5755 5759
1005 0 5792 0 0 5792
1006 0 1 0 5771 5772
1007 0 0 0 5791 5791
1008 5743 0 0 1 5744
1009 1 2 0 5741 5744
1010 2 0 5739 0 5741
1011 0 0 5700 0 5700
1012 5640 0 2 0 5642
1013 5653 0 0 0 5653
1014 1 0 5578 1 5580
1015 0 5497 0 1 5498
1016 0 0 0 5574 5574
1017 0 2 979 4631 5612
1018 0 16 0 5618 5634
1019 1 1 5634 0 5636
1020 2 0 5604 0 5606
1021 5563 11 3 0 5577
1022 0 0 5603 0 5603
1023 5579 15 13 7 5614
1024 1 0 5626 2 5629
1025 5668 0 1 1 5670
1026 0 5672 0 0 5672
1027 0 1 0 5714 5715
1028 0 0 5726 6 5732
1029 0 2 0 5675 5677
1030 4 0 5806 0 5810
1031 3 1 0 5728 5732
1032 5911 0 0 0 5911
1033 5912 0 2 0 5914
1034 5904 0 2 0 5906
1035 7 0 1 5885 5893
1036 5862 0 1 0 5863
1037 1 5887 0 3 5891
1038 5980 1 0 0 5981
1039 5970 0 0 2 5972
1040 0 2 0 5960 5962
1041 6047 0 10 0 6057
1042 6025 0 1 1 6027
1043 0 0 6120 1 6121
1044 10 1 1 5867 5879
1045 6153 0 1 1 6155
1046 6160 0 0 5 6165
1047 0 10 0 6246 6256
1048 1 1 6492 5 6499
1049 6348 0 79 3 6430
1050 1 0 6579 3 6583
1051 0 2 6674 0 6676
1052 6299 0 529 0 6828
1053 6909 8 3 0 6920
1054 6 0 6816 0 6822
1055 6 7809 0 4 7819
1056 7 0 7883 0 7890
1057 7887 0 1 0 7888
1058 0 0 8069 0 8069
1059 2 8278 0 21 8301
1060 8434 2 2 0 8438
1061 8480 1 0 0 8481
1062 4 8557 1 2 8564
1063 1 0 8585 0 8586
1064 8494 0 1 0 8495
1065 1 0 8590 0 8591
1066 1 8572 0 17 8590
1067 0 0 0 8730 8730
1068 8800 0 2 0 8802
1069 1 9222 0 0 9223
1070 9304 0 6 1 9311
1071 0 0 9305 0 9305
1072 9300 0 0 1 9301
1073 9381 1 0 0 9382
1074 9366 1 1 3 9371
1075 9313 0 3 0 9316
1076 1 9295 0 0 9296
1077 2 9174 0 0 9176
1078 9335 0 0 0 9335
1079 9269 0 0 0 9269
1080 1 0 0 9225 9226
1081 0 2 0 9213 9215
1082 9334 5 1 2 9342
1083 0 18 1 9198 9217
1084 3 0 9265 1 9269
1085 2 9176 0 1 9179
1086 1 9146 0 3 9150
1087 9353 0 9 0 9362
1088 9296 0 0 0 9296
1089 9223 4 2 7 9236
1090 2 3 1 9272 9278
1091 3 0 9261 0 9264
1092 1 0 9113 1 9115
1093 3 1 9278 0 9282
1094 0 9078 0 1 9079
1095 0 9112 0 2 9114
1096 9239 1 1 0 9241
1097 3 9314 0 5 9322
1098 9370 14 13 0 9397
1099 0 0 9473 0 9473
1100 1 1 9395 0 9397
1101 1 0 9445 5 9451
1102 0 0 9457 0 9457
1103 9316 1 12 0 9329
1104 9 0 0 9283 9292
1105 0 1 9514 0 9515
1106 8 0 9510 0 9518
1107 9434 0 6 0 9440
1108 4 2 0 9619 9625
1109 1 5 1 9791 9798
1110 9843 0 6 0 9849
1111 9823 0 1 0 9824
1112 0 9822 0 0 9822
1113 9832 0 0 3 9835
1114 0 0 0 9752 9752
1115 9746 0 0 0 9746
1116 0 9766 0 1 9767
1117 2 9745 0 2 9749
1118 9946 0 4 0 9950
1119 0 0 10075 0 10075
1120 10256 0 6 3 10265
1121 10517 0 2 0 10519
1122 10576 0 1 0 10577
1123 10607 2 0 0 10609
1124 0 1 0 10572 10573
1125 10602 0 1 0 10603
1126 10588 0 0 3 10591
1127 0 6 3 10663 10672
1128 4 0 10690 0 10694
1129 10685 0 1 1 10687
1130 10756 1 0 0 10757
1131 10758 0 0 0 10758
1132 1 0 10641 0 10642
1133 10674 1 0 0 10675
1134 10716 0 19 2 10737
1135 1 0 10763 0 10764
1136 2 0 0 10282 10284
1137 10819 0 3 0 10822
1138 4 0 10578 0 10582
1139 3 10699 0 2 10704
1140 10868 1 0 0 10869
1141 10785 0 0 1 10786
1142 0 3 0 10823 10826
1143 10920 1 2 1 10924
1144 1 0 10884 4 10889
1145 10838 0 1 1 10840
1146 2 2 0 10855 10859
1147 7 0 10874 0 10881
1148 10794 0 14 0 10808
1149 2 10901 0 0 10903
1150 2420 0 8523 2 10945
1151 11009 0 7 0 11016
1152 11036 0 2 1 11039
1153 11059 0 0 0 11059
1154 3 11104 0 1 11108
1155 11186 0 2 0 11188
1156 11124 0 0 0 11124
1157 5 1 0 11093 11099
1158 0 1 11086 0 11087
1159 0 4 0 10774 10778
1160 4 0 11008 0 11012
1161 3 10959 0 4 10966
1162 3 11119 0 3 11125
1163 11210 0 0 0 11210
1164 11142 0 1 0 11143
1165 0 0 11212 0 11212
1166 11183 0 0 0 11183
1167 11263 0 0 1 11264
1168 3 0 11060 1 11064
1169 11094 0 2 0 11096
1170 5 0 11063 0 11068
1171 2 11025 0 2 11029
1172 2 11298 0 2 11302
1173 1 1 0 11447 11449
1174 11566 0 1 0 11567
1175 11547 0 0 0 11547
1176 11572 0 2 0 11574
1177 11560 1 2 1 11564
1178 7 0 0 11509 11516
1179 0 11377 0 4 11381
1180 1 11336 0 1 11338
1181 0 11554 0 0 11554
1182 0 3 0 11575 11578
1183 11675 0 2 0 11677
1184 11665 0 4 0 11669
1185 1445 10251 0 0 11696
1186 11777 0 2 0 11779
1187 11801 0 1 2 11804
1188 11787 0 2 0 11789
1189 4 0 0 11780 11784
1190 8 2 11823 0 11833
1191 0 1 0 11445 11446
1192 11815 0 1 2 11818
1193 2 0 11758 0 11760
1194 11785 0 1 1 11787
1195 17 0 11699 1 11717
1196 0 1 0 11356 11357
1197 1 0 11530 1 11532
1198 4 0 11501 0 11505
1199 1 11655 1 1 11658
1200 0 8 0 11679 11687
1201 3 0 11780 0 11783
1202 0 11691 0 3 11694
1203 2 1 0 11767 11770
1204 0 15 0 11969 11984
1205 0 0 11910 4 11914
1206 4 1 11899 0 11904
1207 0 0 12142 1 12143
1208 1 1 0 10564 10566
1209 0 2 0 11854 11856
1210 0 11950 1 13 11964
1211 12246 0 11 2 12259
1212 12333 0 3 1 12337
1213 12360 0 0 0 12360
1214 4 12323 0 1 12328
1215 12299 1 2 0 12302
1216 1 1 12262 0 12264
1217 12225 0 0 0 12225
1218 1 0 12119 0 12120
1219 12199 1 2 1 12203
1220 1 2 0 12205 12208
1221 3 1 12245 2 12251
1222 12372 0 0 1 12373
1223 12389 0 0 0 12389
1224 1 5 0 12168 12174
1225 1 12399 1 1 12402
1226 2 0 0 12482 12484
1227 12594 0 0 0 12594
1228 0 1 1 12413 12415
1229 0 1 1 12571 12573
1230 2 1 12094 2 12099
1231 12343 4 1 4 12352
1232 2 0 12196 0 12198
1233 0 11989 0 222 12211
1234 12424 0 0 1 12425
1235 0 12376 0 1 12377
1236 0 2 0 12345 12347
1237 1 12418 0 0 12419
1238 0 1 1 12587 12589
1239 5 0 12492 3 12500
1240 12411 0 0 0 12411
1241 0 12481 0 11 12492
1242 12490 0 6 1 12497
1243 12473 1 3 0 12477
1244 1 0 12544 3 12548
1245 1 0 0 12032 12033
1246 12422 0 0 1 12423
1247 12594 0 2 0 12596
1248 12617 1 4 0 12622
1249 12666 0 7 0 12673
1250 3 0 12053 1 12057
1251 12463 0 3 0 12466
1252 0 0 11717 1 11718
1253 4 12152 0 1 12157
1254 0 5 0 12299 12304
1255 0 12498 0 0 12498
1256 1 3 0 12473 12477
1257 28 1 12303 0 12332
1258 0 0 12241 0 12241
1259 12342 0 0 0 12342
1260 0 12260 0 1 12261
1261 1 12386 0 0 12387
1262 2 1 1 12444 12448
1263 12429 0 3 0 12432
1264 1 12387 0 0 12388
1265 2 12469 0 2 12473
1266 12478 0 2 0 12480
1267 1 0 12465 1 12467
1268 12222 0 1 1 12224
1269 12387 0 0 0 12387
1270 12423 0 2 0 12425
1271 3 2 0 12388 12393
1272 12480 0 5 3 12488
1273 0 0 11902 3 11905
1274 2 0 11921 0 11923
1275 1 1 12118 0 12120
1276 0 12050 0 8 12058
1277 0 12274 3 2 12279
1278 12193 0 2 2 12197
1279 3 0 12235 1 12239
1280 12025 0 4 1 12030
1281 0 11249 1 6 11256
1282 12097 0 0 0 12097
1283 0 2 0 11857 11859
1284 12377 0 3 0 12380
1285 2 0 11496 0 11498
1286 2 11715 0 1 11718
1287 11677 0 10 0 11687
1288 1 11826 0 0 11827
1289 5 11934 1 0 11940
1290 1 12172 0 5 12178
1291 1 0 12085 0 12086
1292 0 0 0 11212 11212
1293 36 1 11799 6 11842
1294 19 0 11874 1 11894
1295 11665 0 8 4 11677
1296 0 0 11969 0 11969
1297 4 12102 0 2 12108
1298 12098 0 3 1 12102
1299 0 3 0 12360 12363
1300 0 0 12407 1 12408
1301 3 3 0 11845 11851
1302 12154 2 39 4 12199
1303 1 0 12308 4 12313
1304 0 0 12324 0 12324
1305 11895 1 4 1 11901
1306 12210 0 0 0 12210
1307 0 0 12222 0 12222
1308 0 1 0 11420 11421
1309 1 0 12205 0 12206
1310 12331 1 5 0 12337
1311 12544 0 0 0 12544
1312 12633 0 0 0 12633
1313 0 0 12469 1 12470
1314 12512 0 19 0 12531
1315 12663 0 1 2 12666
1316 3 0 12632 1 12636
1317 0 0 12938 0 12938
1318 12912 0 3 2 12917
1319 13047 0 2 1 13050
1320 13078 0 0 0 13078
1321 4 0 0 12831 12835
1322 12595 0 1 0 12596
1323 0 13219 0 2 13221
1324 0 7 0 13216 13223
1325 2 1 0 13348 13351
1326 2 2 0 13441 13445
1327 0 0 13424 0 13424
1328 0 2 1 13272 13275
1329 1 2 0 13493 13496
1330 13680 1 2 0 13683
1331 13816 0 0 0 13816
1332 3 13934 0 3 13940
1333 2 0 13938 0 13940
1334 13719 0 0 0 13719
1335 13768 0 17 0 13785
1336 13791 0 0 0 13791
1337 0 1 0 13831 13832
1338 1 13801 0 38 13840
1339 13897 0 2 2 13901
1340 13782 0 2 4 13788
1341 1 13814 0 4 13819
1342 0 0 0 13809 13809
1343 13628 0 1 2 13631
1344 1 13818 0 8 13827
1345 1 1 0 13792 13794
1346 1 0 13829 0 13830
1347 0 0 1 13553 13554
1348 13784 0 1 0 13785
1349 13758 1 0 0 13759
1350 10 0 13761 0 13771
1351 1 0 13572 0 13573
1352 2 13213 0 3 13218
1353 1 13656 0 3 13660
1354 0 8 0 13713 13721
1355 2 13755 0 0 13757
1356 0 1 0 13814 13815
1357 13792 0 3 1 13796
1358 1 13757 2 1 13761
1359 13676 2 2 1 13681
1360 29 0 13930 0 13959
1361 3 2 0 13598 13603
1362 0 0 0 13923 13923
1363 13968 3 4 0 13975
1364 0 0 0 13995 13995
1365 5 0 13913 0 13918
1366 13583 0 1 2 13586
1367 0 0 1 13848 13849
1368 8 0 13766 0 13774
1369 13546 0 0 1 13547
1370 13602 2 1 1 13606
1371 8 0 13728 0 13736
1372 0 0 0 13403 13403
1373 13713 4 0 2 13719
1374 5 1 0 13834 13840
1375 0 0 13813 0 13813
1376 2 5 0 13734 13741
1377 1 1 13733 1 13736
1378 1 13840 0 0 13841
1379 0 11 0 14055 14066
1380 6 2 0 14064 14072
1381 0 2 2 14141 14145
1382 0 4 0 13989 13993
1383 2 4 1 14047 14054
1384 1 14026 0 16 14043
1385 14029 0 2 0 14031
1386 1 1 1 13907 13910
1387 13753 0 0 0 13753
1388 0 13868 0 0 13868
1389 1 2 0 13865 13868
1390 0 2 0 13814 13816
1391 2 13770 0 1 13773
1392 13760 0 0 0 13760
1393 0 0 1 13808 13809
1394 0 1 1 13760 13762
1395 3 0 13760 0 13763
1396 5 1 0 13684 13690
1397 0 2 0 13741 13743
1398 3 0 13606 0 13609
1399 13505 0 3 1 13509
1400 13575 1 1 0 13577
1401 7 1 0 13580 13588
1402 1 0 13611 0 13612
1403 13577 0 0 1 13578
1404 13569 0 0 1 13570
1405 13664 0 8 0 13672
1406 5 0 13364 1 13370
1407 1 13208 0 4 13213
1408 13453 0 11 0 13464
1409 13372 1 0 0 13373
1410 8 3 0 13306 13317
1411 6 3 13293 0 13302
1412 3 13034 0 3 13040
1413 2 13224 0 0 13226
1414 13400 0 9 0 13409
1415 155 0 13025 1 13181
1416 4 13109 0 1 13114
1417 13203 0 1 8 13212
1418 1 3 2 13246 13252
1419 6 0 13258 5 13269
1420 1 0 13979 13 13993
1421 6 0 14184 2 14192
1422 14195 0 20 0 14215
1423 14363 1 1 0 14365
1424 14316 0 4 0 14320
1425 14302 0 0 2 14304
1426 1 1 0 14328 14330
1427 14186 0 2 8 14196
1428 1 14281 1 1 14284
1429 14368 0 5 1 14374
1430 14323 2 1 2 14328
1431 14262 0 6 1 14269
1432 12 2 14115 0 14129
1433 0 1 0 13954 13955
1434 14402 0 0 0 14402
1435 14276 0 0 0 14276
1436 1 0 0 14215 14216
1437 14018 1 0 0 14019
1438 0 14126 1 0 14127
1439 8 14212 2 2 14224
1440 14346 1 1 0 14348
1441 14263 0 4 1 14268
1442 1 1 1 14270 14273
1443 14338 0 0 0 14338
1444 14106 0 0 0 14106
1445 1 14191 0 1 14193
1446 3 14309 0 1 14313
1447 14482 0 4 0 14486
1448 14371 0 2 0 14373
1449 0 14420 0 1 14421
1450 14427 2 1 0 14430
1451 0 0 14432 2 14434
1452 14229 0 0 0 14229
1453 0 0 14410 0 14410
1454 1 0 1 14052 14054
1455 14346 0 10 0 14356
1456 0 5 14506 0 14511
1457 0 3 0 14298 14301
1458 14557 0 1 1 14559
1459 14520 1 0 2 14523
1460 14457 6 1 0 14464
1461 7 0 0 14503 14510
1462 9 0 14526 0 14535
1463 14470 0 1 4 14475
1464 14559 0 0 0 14559
1465 14620 0 0 0 14620
1466 14642 0 8 2 14652
1467 14610 0 15 0 14625
1468 2 1 14637 0 14640
1469 3 1 14527 0 14531
1470 14470 0 1 1 14472
1471 5 0 14764 0 14769
1472 14892 0 9 0 14901
1473 14926 0 4 2 14932
1474 14950 1 1 0 14952
1475 3 1 15346 0 15350
1476 0 1 0 14881 14882
1477 1 4 0 15186 15191
1478 2 10 3 15273 15288
1479 2 15362 0 9 15373
1480 3 0 15342 1 15346
1481 15252 1 15 1 15269
1482 1 15537 0 1 15539
1483 15634 3 1 0 15638
1484 0 2 0 15578 15580
1485 4 0 15440 0 15444
1486 3 15387 1 13 15404
1487 0 5 0 15519 15524
1488 0 0 1 15551 15552
1489 0 0 0 15557 15557
1490 15491 0 1 1 15493
1491 5 15498 0 8 15511
1492 0 1 15573 1 15575
1493 2 0 15370 1 15373
1494 0 0 0 15575 15575
1495 0 15470 0 4 15474
1496 2 13 6 15696 15717
1497 4 12 15649 4 15669
1498 44 0 15437 0 15481
1499 1 15578 0 20 15599
1500 1 0 15762 7 15770
1501 0 0 15925 0 15925
1502 1 2 0 11622 11625
1503 0 0 1 14641 14642
1504 10740 0 0 4 10744
1505 14814 1 0 1 14816
1506 15712 0 1 0 15713
1507 10 4 10807 2 10823
1508 2 0 13822 5 13829
1509 12101 0 8 3 12112
1510 11 11420 0 11 11442
1511 13800 1 0 0 13801
1512 15997 1 0 1 15999
1513 10 5 1 10659 10675
1514 3 12037 1 1 12042
1515 1 8 0 12013 12022
1516 4 13974 0 2 13980
1517 12757 7 1 1 12766
1518 0 1 0 13062 13063
1519 4 12754 0 4 12762
1520 1 9 0 14329 14339
1521 13 0 11939 0 11952
1522 11006 31 13 5 11055
1523 0 0 13535 0 13535
1524 1 0 15514 1 15516
1525 0 0 16430 0 16430
1526 4 0 16957 0 16961
1527 10522 8 29 2 10561
1528 0 1 13139 2 13142
1529 11470 1 1 2 11474
1530 0 0 0 12531 12531
1531 13306 0 0 1 13307
1532 5 12935 0 3 12943
1533 1 2 0 14289 14292
1534 0 0 13871 3 13874
1535 12051 5 2 4 12062
1536 0 0 0 14016 14016
1537 0 6 14093 0 14099
1538 0 1 2 13922 13925
1539 0 0 0 15990 15990
1540 2 0 12933 0 12935
1541 1 1 3 13740 13745
1542 13452 2 8 4 13466
1543 16016 0 2 4 16022
1544 6 13470 0 2 13478
1545 14377 1 1 2 14381
1546 2 0 14183 4 14189
1547 1 1 2 12670 12674
1548 0 2 0 15736 15738
1549 2 0 13763 1 13766
1550 1 0 0 14162 14163
1551 14309 1 7 2 14319
1552 16830 1 1 1 16833
1553 8 14068 0 0 14076
1554 0 11 0 15262 15273
1555 0 4 0 17587 17591
1556 0 2 2 18551 18555
1557 1 1 0 18943 18945
1558 1 0 13138 26 13165
1559 12964 2 1 1 12968
1560 16503 1 1 3 16508
1561 0 1 0 15339 15340
1562 0 1 0 17770 17771
1563 0 0 0 18567 18567
1564 14569 0 0 2 14571
1565 2 0 14029 3 14034
1566 0 14 0 14351 14365
1567 15341 0 7 0 15348
1568 1 0 15335 0 15336
1569 0 9 0 14317 14326
1570 15201 0 5 2 15208
1571 4 15220 0 213 15437
1572 16370 1 2 0 16373
1573 8 0 15044 0 15052
1574 15656 0 0 0 15656
1575 1 1 0 14701 14703
1576 3 14935 1 4 14943
1577 2 16548 0 12 16562
1578 3 17417 0 7 17427
1579 15419 7 1 3 15430
1580 0 0 15806 0 15806
1581 15227 1 13 1 15242
1582 1 0 16296 0 16297
1583 0 3 3 14386 14392
1584 20 0 15839 2 15861
1585 0 0 16961 0 16961
1586 13852 4 3 3 13862
1587 1 14724 0 5 14730
1588 1 3 1 15152 15157
1589 0 16024 0 3 16027
1590 15461 1 7 2 15471
1591 3 0 16132 2 16137
1592 1 0 17032 0 17033
1593 14815 0 2 1 14818
1594 16779 0 6 0 16785
1595 17467 1 2 0 17470
1596 10 2 14421 1 14434
1597 1 2 0 13866 13869
1598 1 0 14753 0 14754
1599 18 0 15913 3 15934
1600 1 14023 2 7 14033
1601 0 16100 0 1 16101
1602 14962 221 6 0 15189
1603 16603 0 4 1 16608
1604 17203 1 4 0 17208
1605 17366 0 1 2 17369
1606 0 0 0 15901 15901
1607 16171 0 0 0 16171
1608 0 1 1 15806 15808
1609 15346 0 2 10 15358
1610 3 14735 0 0 14738
1611 0 5 1 15708 15714
1612 2 0 15454 1 15457
1613 0 4 3 15132 15139
1614 3 0 15956 0 15959
1615 4 0 0 14872 14876
1616 0 1 0 16390 16391
1617 0 2 0 17252 17254
1618 14882 1 1 6 14890
1619 1 0 14953 0 14954
1620 0 0 16399 0 16399
1621 14332 0 0 1 14333
1622 0 3 1 14846 14850
1623 1 4 1 16330 16336
1624 2 0 14511 3 14516
1625 13 0 15840 2 15855
1626 1 14119 0 6 14126
1627 1 4 1 14046 14052
1628 5 14512 0 6 14523
1629 2 16007 0 3 16012
1630 1 16672 0 5 16678
1631 0 2 0 15197 15199
1632 14726 0 0 2 14728
1633 0 2 1 15290 15293
1634 0 2 1 16307 16310
1635 0 0 0 16670 16670
1636 4 0 14892 3 14899
1637 0 3 0 14389 14392
1638 0 1 15013 0 15014
1639 13646 0 4 1 13651
1640 1 0 15149 0 15150
1641 2 1 1 13600 13604
1642 2 0 14832 0 14834
1643 0 0 15797 0 15797
1644 1 0 16258 2 16261
1645 13603 0 7 2 13612
1646 2 0 14636 3 14641
1647 7 0 15741 6 15754
1648 2 0 16552 0 16554
1649 14533 0 4 1 14538
1650 15868 0 2 0 15870
1651 16744 0 3 0 16747
1652 16937 1 5 0 16943
1653 16836 0 1 2 16839
1654 1 1 1 15202 15205
1655 2 15073 1 4 15080
1656 0 0 0 15597 15597
1657 3 0 15313 0 15316
1658 5 2 1 14961 14969
1659 46 0 15133 0 15179
1660 4 1 1 14556 14562
1661 14669 0 3 1 14673
1662 3 15068 0 34 15105
1663 0 43 0 15213 15256
1664 0 3 1 15823 15827
1665 12 0 14216 2 14230
1666 2 3 0 14325 14330
1667 14338 0 1 0 14339
1668 4 14559 0 10 14573
1669 0 2 0 14927 14929
1670 3 0 14311 1 14315
1671 1 14226 0 14 14241
1672 1 15022 0 3 15026
1673 3 0 14427 0 14430
1674 13803 1 3 0 13807
1675 0 0 14387 0 14387
1676 0 0 1 13733 13734
1677 8 0 13982 0 13990
1678 13891 0 1 2 13894
1679 14346 0 1 1 14348
1680 0 26 0 14093 14119
1681 2 0 13894 14 13910
1682 15 1 14137 2 14155
1683 1 13631 0 33 13665
1684 13552 0 1 1 13554
1685 2 14135 1 2 14140
1686 14066 4 4 1 14075
1687 14406 0 2 2 14410
1688 14626 1 1 1 14629
1689 0 2 1 14232 14235
1690 14474 0 2 0 14476
1691 14659 0 1 0 14660
1692 5 0 13862 0 13867
1693 13861 0 11 1 13873
1694 0 0 0 13320 13320
1695 1 13518 0 2 13521
1696 1 13929 0 4 13934
1697 13943 0 4 1 13948
1698 14100 1 1 1 14103
1699 14135 0 2 1 14138
1700 1 0 0 13669 13670
1701 1 0 13683 1 13685
1702 13268 0 1 0 13269
1703 13633 0 2 0 13635
1704 13706 0 1 0 13707
1705 2 9 0 13418 13429
1706 1 1 13393 1 13396
1707 0 0 13598 2 13600
1708 2 0 13735 1 13738
1709 4 0 13748 0 13752
1710 12988 0 3 1 12992
1711 13407 0 1 0 13408
1712 1 1 3 13258 13263
1713 2 0 13394 1 13397
1714 8 0 13567 0 13575
1715 13143 0 0 0 13143
1716 13417 0 1 0 13418
1717 12 0 13063 1 13076
1718 1 13006 0 0 13007
1719 0 2 0 13248 13250
1720 13361 0 3 1 13365
1721 4 0 13283 0 13287
1722 13161 0 3 0 13164
1723 13183 0 0 0 13183
1724 4 1 13042 1 13048
1725 12840 0 0 0 12840
1726 3 0 1 12956 12960
1727 0 0 13200 0 13200
1728 5 0 0 12773 12778
1729 2 8 2 13012 13024
1730 0 5 0 13138 13143
1731 1 3 12881 2 12887
1732 2 12765 2 1 12770
1733 0 1 0 12813 12814
1734 1 0 0 12796 12797
1735 0 12745 0 6 12751
1736 12850 3 1 0 12854
1737 12715 0 2 0 12717
1738 0 4 0 12635 12639
1739 1 12599 0 1 12601
1740 12764 1 0 0 12765
1741 12718 0 0 0 12718
1742 0 1 1 12581 12583
1743 8 0 12460 5 12473
1744 3 12339 1 1 12344
1745 12499 0 5 0 12504
1746 12484 0 1 0 12485
1747 0 12416 0 3 12419
1748 12506 1 1 0 12508
1749 12379 0 3 0 12382
1750 12317 0 1 0 12318
1751 0 298 0 12023 12321
1752 1 0 12401 1 12403
1753 7 0 12211 0 12218
1754 12249 1 0 0 12250
1755 1 0 12377 0 12378
1756 2 0 12211 1 12214
1757 1 12095 2 3 12101
1758 12349 0 21 1 12371
1759 12275 0 1 3 12279
1760 1 2 0 12297 12300
1761 1 9 0 12307 12317
1762 4 6 12339 0 12349
1763 1 1 0 12108 12110
1764 0 10 0 12231 12241
1765 3 0 12170 1 12174
1766 11993 0 5 3 12001
1767 12083 0 1 0 12084
1768 2 12140 0 3 12145
1769 12292 0 3 1 12296
1770 2 0 12219 1 12222
1771 1 4 11982 2 11989
1772 12198 1 2 0 12201
1773 12042 0 1 0 12043
1774 1 0 0 11881 11882
1775 0 11963 0 0 11963
1776 12034 0 0 1 12035
1777 0 1 0 11861 11862
1778 0 12001 1 2 12004
1779 68 0 11785 4 11857
1780 11702 0 0 1 11703
1781 1 1 0 11754 11756
1782 11839 0 3 3 11845
1783 7 11820 0 2 11829
1784 12035 0 1 0 12036
1785 11913 0 0 0 11913
1786 0 0 11936 0 11936
1787 4 0 11696 0 11700
1788 11707 0 1 1 11709
1789 0 1 1 11657 11659
1790 11784 5 1 0 11790
1791 3 13 0 11683 11699
1792 2 0 11598 0 11600
1793 11586 1 6 0 11593
1794 2 11651 1 8 11662
1795 11645 0 2 0 11647
1796 3 0 3 11485 11491
1797 2 0 11390 0 11392
1798 11271 0 2 0 11273
1799 5 11402 0 0 11407
1800 5 11284 0 0 11289
1801 11437 0 1 1 11439
1802 11411 0 2 0 11413
1803 11396 0 9 0 11405
1804 0 0 11296 4 11300
1805 1 10973 1 3 10978
1806 0 11172 0 6 11178
1807 12 4 4 11247 11267
1808 0 0 11336 0 11336
1809 1 1 0 11028 11030
1810 1 2 0 11106 11109
1811 3 4 1 11015 11023
1812 0 11034 0 3 11037
1813 11121 0 0 2 11123
1814 11040 6 0 4 11050
1815 0 10 11215 0 11225
1816 0 0 10968 1 10969
1817 9 0 10948 0 10957
1818 10885 5 12 11 10913
1819 3 1 11021 3 11028
1820 10926 0 1 0 10927
1821 0 10920 1 8 10929
1822 10970 1 2 1 10974
1823 6 0 10966 0 10972
1824 10978 0 5 0 10983
1825 3 0 11120 0 11123
1826 1 3 0 10801 10805
1827 11228 0 0 0 11228
1828 11324 6 9 0 11339
1829 11303 0 2 0 11305
1830 3 0 0 11153 11156
1831 11184 0 1 0 11185
1832 5 1 10724 0 10730
1833 4 10490 2 10 10506
1834 0 10507 0 0 10507
1835 0 10645 0 2 10647
1836 0 11031 1 15 11047
1837 11742 1 3 4 11750
1838 11804 0 0 0 11804
1839 11764 4 0 0 11768
1840 11616 10 1 0 11627
1841 0 11550 0 186 11736
1842 0 0 1 11670 11671
1843 0 1 1 11733 11735
1844 0 2 0 11701 11703
1845 0 11863 0 10 11873
1846 11955 0 1 3 11959
1847 1 0 11894 0 11895
1848 2 3 0 11410 11415
1849 11796 0 1 0 11797
1850 0 0 0 11841 11841
1851 0 2 1 11934 11937
1852 1 2 11822 0 11825
1853 2 0 11647 0 11649
1854 11645 0 4 0 11649
1855 11702 1 0 0 11703
1856 0 11694 0 1 11695
1857 0 1 1 11668 11670
1858 4 11677 0 4 11685
1859 11758 0 3 1 11762
1860 11644 0 1 0 11645
1861 29 0 11704 2 11735
1862 11610 0 2 0 11612
1863 11593 2 47 0 11642
1864 0 0 11614 1 11615
1865 1 1 11605 0 11607
1866 11528 0 99 0 11627
1867 11706 0 1 0 11707
1868 11698 0 0 4 11702
1869 11639 1 0 0 11640
1870 7 11700 0 2 11709
1871 3 1 22 11590 11616
1872 11703 0 3 0 11706
1873 0 0 11591 0 11591
1874 2 2 0 11425 11429
1875 11663 0 3 2 11668
1876 11581 0 12 0 11593
1877 11570 0 0 0 11570
1878 11565 0 2 0 11567
1879 0 0 11450 0 11450
1880 2 0 11163 0 11165
1881 11258 0 4 1 11263
1882 1 19 0 11080 11100
1883 0 11174 0 0 11174
1884 0 11308 0 0 11308
1885 1 1 0 11367 11369
1886 2 1 0 11437 11440
1887 2 1 0 11486 11489
1888 0 0 11352 1 11353
1889 7 0 11299 0 11306
1890 11312 0 11 2 11325
1891 11422 0 1 1 11424
1892 11432 0 0 0 11432
1893 11410 2 8 0 11420
1894 40 1 11256 1 11298
1895 2 11217 0 4 11223
1896 11221 0 3 3 11227
1897 0 11305 0 0 11305
1898 5 1 0 11265 11271
1899 11344 0 0 0 11344
1900 11227 0 0 0 11227
1901 8 0 11267 0 11275
1902 11210 0 0 0 11210
1903 0 0 11255 0 11255
1904 4 0 0 10776 10780
1905 11187 0 0 0 11187
1906 11178 8 1 0 11187
1907 0 4 0 11162 11166
1908 11153 0 2 3 11158
1909 0 0 0 11051 11051
1910 0 1 0 11007 11008
1911 0 4 0 11021 11025
1912 10918 0 0 0 10918
1913 3 11048 0 2 11053
1914 0 1 0 11084 11085
1915 11094 0 2 0 11096
1916 11006 0 2 0 11008
1917 10997 0 2 0 10999
1918 0 1 0 10989 10990
1919 1 0 10930 0 10931
1920 0 10849 0 5 10854
1921 2 3744 0 7203 10949
1922 0 2 0 11086 11088
1923 1 0 10987 0 10988
1924 10982 1 5 1 10989
1925 0 4 0 10968 10972
1926 0 0 11011 0 11011
1927 1 10886 0 2 10889
1928 10852 0 4 0 10856
1929 3 11011 0 1 11015
1930 0 0 1 11170 11171
1931 11066 0 3 1 11070
1932 0 0 0 11132 11132
1933 0 0 11186 0 11186
1934 2 5 0 10979 10986
1935 11192 4 0 8 11204
1936 1 1 0 11279 11281
1937 0 0 1 11401 11402
1938 0 15 1 11442 11458
1939 2 0 11344 1 11347
1940 1 1 11322 0 11324
1941 11326 0 3 0 11329
1942 11386 0 3 1 11390
1943 11397 0 3 0 11400
1944 0 3 0 11413 11416
1945 5 1 11424 0 11430
1946 0 11111 0 28 11139
1947 2 11186 0 2 11190
1948 6 11230 0 3 11239
1949 11282 0 3 1 11286
1950 11258 0 0 0 11258
1951 0 1 0 11347 11348
1952 0 2 0 11478 11480
1953 0 0 11398 0 11398
1954 0 0 11334 1 11335
1955 10924 5 1 2 10932
1956 2 0 11304 3 11309
1957 1 0 11217 0 11218
1958 2 0 11174 0 11176
1959 5 0 11239 2 11246
1960 0 0 0 11006 11006
1961 0 2 0 11229 11231
1962 0 1 0 11393 11394
1963 11370 0 2 0 11372
1964 0 1 11321 0 11322
1965 1 1 0 11256 11258
1966 5 0 11491 0 11496
1967 0 11145 1 19 11165
1968 1 11316 0 9 11326
1969 3 2 11514 1 11520
1970 11321 0 1 0 11322
1971 0 0 11459 0 11459
1972 0 0 0 11290 11290
1973 0 11293 1 0 11294
1974 0 0 2 11428 11430
1975 11366 0 1 1 11368
1976 2 0 11439 0 11441
1977 1 1 11243 0 11245
1978 11113 0 0 0 11113
1979 0 0 11149 0 11149
1980 10982 1 1 0 10984
1981 1 11060 0 1 11062
1982 14 1 0 11222 11237
1983 0 6 1 11162 11169
1984 1 11023 0 0 11024
1985 0 0 1 11168 11169
1986 10979 0 3 1 10983
1987 0 11089 0 0 11089
1988 0 1 0 11160 11161
1989 11014 0 0 0 11014
1990 1 1 0 10943 10945
1991 1 3 0 11042 11046
1992 5 0 10976 2 10983
1993 10886 1 0 0 10887
1994 1 0 0 10897 10898
1995 0 59 0 10784 10843
1996 0 10808 0 12 10820
1997 10820 0 1 0 10821
1998 10770 1 3 1 10775
1999 0 0 10798 0 10798
2000 1 10728 0 1 10730
2001 10793 0 1 1 10795
2002 1 8 0 10670 10679
2003 0 2 0 10757 10759
2004 10769 1 0 4 10774
2005 10673 0 0 0 10673
2006 10644 0 2 0 10646
2007 1 0 10582 2 10585
2008 1 0 10467 2 10470
2009 10377 0 12 0 10389
2010 1 10456 0 0 10457
2011 10519 0 2 0 10521
2012 37 0 10483 0 10520
2013 10497 0 1 0 10498
2014 10375 0 8 0 10383
2015 10279 0 1 0 10280
2016 1 0 10179 0 10180
2017 0 0 10085 0 10085
2018 2 0 10002 0 10004
2019 1 0 2 9643 9646
2020 1 9669 0 0 9670
2021 0 9838 0 0 9838
2022 1 1 0 9950 9952
2023 0 2 0 9986 9988
2024 1 0 9932 0 9933
2025 2 0 9843 0 9845
2026 0 0 9774 0 9774
2027 0 1 0 9280 9281
2028 49 0 9596 0 9645
2029 0 1 1 9491 9493
2030 0 2 0 9563 9565
2031 0 9526 0 2 9528
2032 7 1 9440 0 9448
2033 8915 0 9 0 8924
2034 4 9043 0 0 9047
2035 0 39 0 9029 9068
2036 0 1 0 9092 9093
2037 9033 1 6 0 9040
2038 0 0 8992 0 8992
2039 8825 0 5 0 8830
2040 0 0 8801 3 8804
2041 3 0 8731 0 8734
2042 1 0 8716 0 8717
2043 8665 0 1 1 8667
2044 8687 1 6 0 8694
2045 0 0 0 8665 8665
2046 2 0 8665 1 8668
2047 1 5 0 8490 8496
2048 8562 0 1 0 8563
2049 0 1 0 8505 8506
2050 0 1 0 8528 8529
2051 0 8445 0 1 8446
2052 7 2 0 8452 8461
2053 2 0 8411 0 8413
2054 0 0 8317 0 8317
2055 8189 0 2 0 8191
2056 8191 0 0 0 8191
2057 0 1 0 8190 8191
2058 8164 0 0 0 8164
2059 0 0 8123 0 8123
2060 8064 0 0 0 8064
2061 7983 0 1 0 7984
2062 0 0 7989 0 7989
2063 7872 0 0 0 7872
2064 7882 0 1 0 7883
2065 2 0 0 7911 7913
2066 1 0 7920 0 7921
2067 0 3 0 7738 7741
2068 7815 0 0 0 7815
2069 1 0 0 7766 7767
2070 2 6 0 7762 7770
2071 7707 0 7 0 7714
2072 1 0 7602 0 7603
2073 2 7466 0 31 7499
2074 7567 0 3 0 7570
2075 7407 0 0 0 7407
2076 1 7354 0 0 7355
2077 7492 1 1 0 7494
2078 7081 0 0 0 7081
2079 3 7223 0 1 7227
2080 2 7257 0 0 7259
2081 5 7236 0 0 7241
2082 0 0 0 7322 7322
2083 0 1 0 7337 7338
2084 0 5 7299 2 7306
2085 5 1 7251 0 7257
2086 1 0 7212 5 7218
2087 3 0 0 6738 6741
2088 8 0 7058 0 7066
2089 7029 0 2 0 7031
2090 0 0 0 7016 7016
2091 6899 0 1 0 6900
2092 0 6830 0 0 6830
2093 6905 0 1 0 6906
2094 4 0 6835 0 6839
2095 6623 0 0 0 6623
2096 0 0 6729 0 6729
2097 1 0 0 6472 6473
2098 0 0 6596 0 6596
2099 0 0 0 6450 6450
2100 4270 0 2218 0 6488
2101 4 6 0 6419 6429
2102 6358 0 1 1 6360
2103 0 6279 0 0 6279
2104 0 2 1 6347 6350
2105 3 0 6320 0 6323
2106 1 0 6340 0 6341
2107 0 0 0 6173 6173
2108 1 0 0 6079 6080
2109 0 6086 0 0 6086
2110 6174 0 1 0 6175
2111 6111 1 0 1 6113
2112 0 1 0 6111 6112
2113 6 0 6087 0 6093
2114 5960 0 0 0 5960
2115 5935 0 0 0 5935
2116 0 0 0 5920 5920
2117 3 0 5978 0 5981
2118 5 0 5917 0 5922
2119 0 3 0 5802 5805
2120 1 0 0 5868 5869
2121 0 0 5846 0 5846
2122 1 0 5774 0 5775
2123 3 0 5708 0 5711
2124 0 5516 1 0 5517
2125 0 0 0 5757 5757
2126 2 1 0 5745 5748
2127 0 6 0 5779 5785
2128 0 0 5767 0 5767
2129 5654 1 1 0 5656
2130 5636 1 1 0 5638
2131 5658 0 0 0 5658
2132 5643 0 2 0 5645
2133 410 0 5186 0 5596
2134 3 0 5565 0 5568
2135 5456 0 1 0 5457
2136 0 0 5470 1 5471
2137 2 0 5431 3 5436
2138 3 0 5349 0 5352
2139 4 0 5400 0 5404
2140 5360 0 0 0 5360
2141 0 0 5370 0 5370
2142 0 1 0 5147 5148
2143 5303 0 1 0 5304
2144 5291 0 0 0 5291
2145 4229 0 974 0 5203
2146 1 0 5194 0 5195
2147 0 23 0 4753 4776
2148 0 0 4959 0 4959
2149 0 2 0 4971 4973
2150 0 18 0 4975 4993
2151 0 0 4938 2 4940
2152 7 0 4876 0 4883
2153 4922 0 2 0 4924
2154 4855 0 0 0 4855
2155 1 1 1 4733 4736
2156 0 4788 1 1 4790
2157 4829 0 0 0 4829
2158 0 0 4847 0 4847
2159 1 0 1 4756 4758
2160 29 0 4753 0 4782
2161 0 0 4794 0 4794
2162 4747 0 1 0 4748
2163 0 0 0 4758 4758
2164 0 0 4751 0 4751
2165 4716 0 1 0 4717
2166 4717 0 0 0 4717
2167 8 0 4714 0 4722
2168 1 4 0 4645 4650
2169 4693 0 5 0 4698
2170 4676 0 5 3 4684
2171 0 0 0 4640 4640
2172 11 0 4631 0 4642
2173 2 0 4608 0 4610
2174 4564 0 3 0 4567
2175 0 0 0 4543 4543
2176 2 0 4538 0 4540
2177 4560 0 0 0 4560
2178 4525 0 0 0 4525
2179 0 0 0 4496 4496
2180 4499 0 0 0 4499
2181 4439 0 1 0 4440
2182 10 0 0 0 10
