0 0 0 0 0 0
1 2163 0 0 0 2163
2 0 0 0 2457 2457
3 0 0 2595 0 2595
4 0 0 2637 11 2648
5 2650 0 0 0 2650
6 0 0 0 2732 2732
7 2774 0 0 0 2774
8 0 3145 0 0 3145
9 0 0 0 3577 3577
10 0 0 0 3648 3648
11 0 0 0 3647 3647
12 0 0 0 3717 3717
13 3755 0 0 0 3755
14 0 0 0 3764 3764
15 0 0 0 3755 3755
16 3769 0 8 0 3777
17 0 3890 0 0 3890
18 3940 0 1 0 3941
19 3963 0 0 0 3963
20 1 0 4005 0 4006
21 4040 0 0 0 4040
22 4059 0 0 0 4059
23 4068 1 0 0 4069
24 0 4140 0 0 4140
25 0 0 0 4199 4199
26 0 0 0 4202 4202
27 0 4213 0 2 4215
28 0 4226 0 0 4226
29 4195 0 14 1 4210
30 0 1 4182 0 4183
31 4232 1 0 0 4233
32 1 4248 0 0 4249
33 0 0 0 4247 4247
34 4285 0 0 1 4286
35 2 4282 0 3 4287
36 4265 0 1 0 4266
37 4235 0 0 0 4235
38 0 5 1 4274 4280
39 4242 0 0 0 4242
40 4255 0 1 0 4256
41 0 4 0 4281 4285
42 4260 0 0 0 4260
43 0 4290 0 0 4290
44 4352 0 0 0 4352
45 4299 0 1 0 4300
46 4293 0 0 0 4293
47 4288 0 0 0 4288
48 0 0 4172 0 4172
49 0 0 4117 0 4117
50 3 4289 0 0 4292
51 0 4396 0 1 4397
52 4392 0 0 0 4392
53 4368 0 0 0 4368
54 4349 2 0 0 4351
55 4399 0 0 0 4399
56 4405 0 0 0 4405
57 0 4403 0 0 4403
58 4485 0 0 6 4491
59 1 4458 0 0 4459
60 4481 1 0 0 4482
61 4454 0 0 0 4454
62 0 0 0 4420 4420
63 0 0 4297 0 4297
64 0 0 4362 0 4362
65 1 4448 0 1 4450
66 4545 0 0 0 4545
67 0 0 4505 0 4505
68 4423 0 0 0 4423
69 4468 0 75 0 4543
70 2 0 0 4515 4517
71 0 0 0 4540 4540
72 0 1 1 4564 4566
73 4592 0 0 0 4592
74 2 0 4478 0 4480
75 0 1 0 4480 4481
76 1 0 4458 1 4460
77 4502 0 9 0 4511
78 4558 0 0 0 4558
79 17 0 4480 0 4497
80 4547 0 1 0 4548
81 0 0 0 4546 4546
82 0 4546 0 0 4546
83 1 4598 0 3 4602
84 0 1 0 4649 4650
85 1 0 4630 0 4631
86 4647 0 0 0 4647
87 4682 0 1 0 4683
88 0 0 0 4637 4637
89 0 0 0 4660 4660
90 2 0 4598 29 4629
91 0 4652 0 1 4653
92 4726 0 0 0 4726
93 4706 0 0 0 4706
94 0 4704 0 4 4708
95 0 4772 0 0 4772
96 4813 0 0 0 4813
97 5 0 4718 1 4724
98 0 4754 0 0 4754
99 4848 0 0 0 4848
100 4819 0 1 0 4820
101 0 0 0 4800 4800
102 0 0 4777 0 4777
103 4 4784 0 0 4788
104 0 0 1 4839 4840
105 4898 0 21 3 4922
106 0 0 1 4970 4971
107 0 0 0 5012 5012
108 0 5000 0 3 5003
109 5014 0 0 0 5014
110 5012 0 0 0 5012
111 0 0 0 5024 5024
112 5006 5 1 3 5015
113 0 0 0 5062 5062
114 3 5024 0 3 5030
115 0 1 1 5040 5042
116 1 0 4983 0 4984
117 1 5056 4 0 5061
118 0 0 5066 0 5066
119 0 0 2 5063 5065
120 0 5041 0 1 5042
121 0 5078 0 1 5079
122 5173 0 0 0 5173
123 1 0 0 5173 5174
124 0 5189 0 1 5190
125 0 0 0 5256 5256
126 5186 0 0 0 5186
127 0 0 5218 6 5224
128 5086 0 0 0 5086
129 12 0 5193 0 5205
130 0 0 5260 0 5260
131 0 0 1 5162 5163
132 0 0 1 5304 5305
133 0 1 1 5377 5379
134 0 0 5326 0 5326
135 0 5339 0 0 5339
136 0 0 0 5383 5383
137 5383 0 2 0 5385
138 0 1 0 5448 5449
139 0 0 5414 0 5414
140 0 1 0 5320 5321
141 5451 0 1 0 5452
142 5408 0 2 0 5410
143 0 0 1 5446 5447
144 5495 0 0 1 5496
145 5423 0 0 0 5423
146 0 0 5519 0 5519
147 1 1 1 5218 5221
148 0 0 5413 6 5419
149 5493 0 0 0 5493
150 0 5511 0 0 5511
151 5579 0 3 0 5582
152 0 0 0 5600 5600
153 2 0 5634 0 5636
154 5625 0 0 0 5625
155 5703 2 1 0 5706
156 0 0 0 5790 5790
157 0 0 0 5818 5818
158 0 1 0 5860 5861
159 0 1 0 5899 5900
160 0 5873 0 0 5873
161 6 0 0 5870 5876
162 0 11 0 5914 5925
163 0 0 5862 0 5862
164 5860 0 0 0 5860
165 0 5935 0 26 5961
166 0 0 6061 0 6061
167 5904 0 1 1 5906
168 5941 0 0 0 5941
169 0 0 6125 0 6125
170 6046 0 0 0 6046
171 6215 0 0 1 6216
172 2 0 6249 0 6251
173 0 0 6289 0 6289
174 6258 1 9 2 6270
175 6345 0 1 0 6346
176 6336 0 1 0 6337
177 6322 0 16 0 6338
178 1 0 6326 0 6327
179 1 6401 0 0 6402
180 6439 0 24 0 6463
181 0 0 1 6431 6432
182 6448 0 0 0 6448
183 0 16 1 6410 6427
184 6450 0 7 0 6457
185 1 6405 0 1 6407
186 6449 0 1 0 6450
187 4 0 6353 0 6357
188 1 6333 0 0 6334
189 6362 0 0 0 6362
190 0 0 0 6350 6350
191 1 1 0 6338 6340
192 6301 0 0 0 6301
193 1 0 6251 0 6252
194 6259 0 0 0 6259
195 6271 0 1 0 6272
196 1 0 6291 1 6293
197 1 0 6148 0 6149
198 6191 0 0 0 6191
199 1 6213 0 0 6214
200 6310 0 0 0 6310
201 6243 23 1 0 6267
202 0 0 6329 1 6330
203 0 0 6261 1 6262
204 0 0 6301 0 6301
205 6548 0 2 1 6551
206 6657 0 0 0 6657
207 6632 0 0 0 6632
208 0 0 6650 0 6650
209 6707 0 0 0 6707
210 6796 0 3 0 6799
211 1 7262 0 0 7263
212 7382 0 1 0 7383
213 7408 0 0 0 7408
214 7340 1 0 0 7341
215 7365 0 0 1 7366
216 2 7401 0 79 7482
217 0 0 1 7318 7319
218 0 1 1 7477 7479
219 0 0 7342 0 7342
220 7438 0 0 0 7438
221 0 0 7369 0 7369
222 7413 0 0 5 7418
223 1 7340 0 0 7341
224 0 7274 0 0 7274
225 7366 0 2 0 7368
226 0 7442 0 4 7446
227 7447 0 0 1 7448
228 7419 0 0 1 7420
229 0 0 1 7382 7383
230 7383 0 0 0 7383
231 0 2 1 7487 7490
232 5 0 7476 0 7481
233 7360 1 0 0 7361
234 7349 0 1 0 7350
235 0 0 7408 0 7408
236 0 2 0 6273 6275
237 7189 0 0 0 7189
238 7273 0 0 0 7273
239 0 1 0 7227 7228
240 0 1 0 7303 7304
241 1 0 7237 0 7238
242 7150 0 1 2 7153
243 0 0 7171 0 7171
244 0 0 7144 0 7144
245 0 0 7087 0 7087
246 7195 1 0 0 7196
247 7236 0 2 0 7238
248 0 0 0 7127 7127
249 1 0 7049 0 7050
250 0 6964 0 4 6968
251 4 7052 0 2 7058
252 7244 11 7 0 7262
253 7205 1 0 0 7206
254 0 0 7063 0 7063
255 7089 0 0 0 7089
256 6971 0 2 1 6974
257 0 6913 0 0 6913
258 0 7006 0 0 7006
259 7064 0 3 0 7067
260 0 0 0 6988 6988
261 7081 0 0 0 7081
262 0 0 6977 0 6977
263 19 6848 0 0 6867
264 6923 0 0 0 6923
265 0 0 1 6868 6869
266 0 0 6916 0 6916
267 0 0 6829 2 6831
268 6756 0 1 0 6757
269 0 1 0 6769 6770
270 0 0 6708 0 6708
271 0 0 6725 0 6725
272 1 0 0 6551 6552
273 1 6514 0 0 6515
274 0 6672 0 0 6672
275 6767 0 1 1 6769
276 0 0 6758 0 6758
277 6688 0 0 0 6688
278 0 16 6687 0 6703
279 6584 0 0 1 6585
280 0 0 0 6460 6460
281 0 6486 0 2 6488
282 0 6461 0 0 6461
283 0 0 6 6426 6432
284 1 2 0 6490 6493
285 6532 0 1 0 6533
286 0 0 6060 1 6061
287 0 5955 0 20 5975
288 1 0 2 5919 5922
289 2 5990 0 1 5993
290 6123 0 1 0 6124
291 6099 0 0 1 6100
292 0 0 6079 0 6079
293 6047 0 0 0 6047
294 1 0 5946 0 5947
295 0 6000 0 0 6000
296 6108 0 2 0 6110
297 0 0 0 6074 6074
298 0 0 6021 0 6021
299 0 0 6001 0 6001
300 6059 0 0 0 6059
301 6074 0 0 0 6074
302 0 0 0 6074 6074
303 6148 0 0 0 6148
304 0 1 6034 0 6035
305 5972 1 0 0 5973
306 0 0 5884 0 5884
307 5861 0 0 1 5862
308 0 5792 0 1 5793
309 15 1 0 5691 5707
310 0 5676 0 1 5677
311 0 5712 1 1 5714
312 0 5773 1 2 5776
313 5876 0 0 0 5876
314 5655 0 1 16 5672
315 0 0 5708 0 5708
316 0 0 1 5500 5501
317 5678 1 0 0 5679
318 0 0 0 5506 5506
319 3 5529 0 0 5532
320 0 0 0 5540 5540
321 0 0 5515 0 5515
322 3 0 5404 0 5407
323 0 5452 0 1 5453
324 0 0 0 5534 5534
325 2 0 5555 0 5557
326 5390 0 0 0 5390
327 1 0 0 5464 5465
328 0 0 0 5520 5520
329 0 0 0 5543 5543
330 2 0 5662 0 5664
331 0 1 0 5575 5576
332 0 0 0 5597 5597
333 1 2 1 5702 5706
334 1 0 5715 0 5716
335 5701 0 0 0 5701
336 0 0 0 5630 5630
337 0 2 0 5584 5586
338 5500 0 0 0 5500
339 1 5642 0 0 5643
340 5642 1 0 2 5645
341 5631 1 1 1 5634
342 5532 0 1 1 5534
343 5484 1 0 0 5485
344 0 5532 0 0 5532
345 11 5096 0 347 5454
346 5500 2 1 1 5504
347 5512 0 1 0 5513
348 5454 0 0 0 5454
349 5444 1 0 0 5445
350 0 0 5485 0 5485
351 5470 1 4 0 5475
352 1 0 0 5450 5451
353 1 1 0 5504 5506
354 0 0 0 5588 5588
355 5593 1 7 0 5601
356 0 0 0 5447 5447
357 5544 0 1 0 5545
358 0 0 5393 0 5393
359 5410 0 0 0 5410
360 5444 0 0 8 5452
361 0 0 5299 0 5299
362 0 0 0 5058 5058
363 1 0 0 5158 5159
364 0 0 5191 0 5191
365 1 0 5171 0 5172
366 5190 0 0 0 5190
367 5279 0 0 0 5279
368 0 0 1 5203 5204
369 5297 0 0 0 5297
370 5288 0 0 0 5288
371 0 5302 0 0 5302
372 5319 0 0 0 5319
373 5276 1 9 0 5286
374 5269 1 0 0 5270
375 0 0 5271 0 5271
376 0 0 5250 0 5250
377 0 0 5189 39 5228
378 5172 1 0 1 5174
379 0 0 0 5280 5280
380 1 0 1 5377 5379
381 0 0 5333 1 5334
382 72 2 5144 0 5218
383 1 5322 0 0 5323
384 0 1 0 5608 5609
385 1 0 5560 0 5561
386 5482 0 0 0 5482
387 0 0 0 5584 5584
388 2357 0 3024 0 5381
389 5438 0 0 0 5438
390 0 0 0 5466 5466
391 0 1 0 5458 5459
392 5283 0 0 1 5284
393 1 5652 0 0 5653
394 1 1 0 5752 5754
395 0 10 0 5723 5733
396 0 6 0 5730 5736
397 0 0 0 5959 5959
398 1 0 6045 0 6046
399 0 0 6019 0 6019
400 5937 0 0 2 5939
401 6283 0 1 0 6284
402 6341 0 0 0 6341
403 6420 1 0 0 6421
404 6365 1 1 0 6367
405 0 0 6350 0 6350
406 6290 1 0 0 6291
407 6391 0 2 0 6393
408 6350 0 16 1 6367
409 3 1 6712 0 6716
410 6723 0 0 0 6723
411 6854 0 0 0 6854
412 6880 1 2 0 6883
413 6877 1 2 0 6880
414 6828 0 0 0 6828
415 0 13 1 6691 6705
416 1 8 0 6851 6860
417 0 0 6865 3 6868
418 0 0 6829 0 6829
419 0 0 6869 0 6869
420 6841 3 14 1 6859
421 6935 1 3 0 6939
422 6867 0 0 0 6867
423 0 0 0 6813 6813
424 6868 0 0 0 6868
425 1 0 6720 12 6733
426 2 6731 0 0 6733
427 6839 0 1 0 6840
428 0 0 0 6848 6848
429 1 0 6871 0 6872
430 0 0 6857 0 6857
431 6873 0 0 0 6873
432 6924 1 0 0 6925
433 0 6903 0 0 6903
434 0 1 0 7008 7009
435 0 0 7086 1 7087
436 7016 0 0 1 7017
437 0 1 0 7118 7119
438 15 0 7113 0 7128
439 7019 0 0 1 7020
440 1 0 0 7042 7043
441 7140 0 0 1 7141
442 2 0 0 7206 7208
443 1 0 0 7165 7166
444 1 7147 0 0 7148
445 7263 1 3 1 7268
446 2 0 7164 1 7167
447 0 7127 1 1 7129
448 0 1 0 7261 7262
449 7338 0 0 0 7338
450 2 7298 0 0 7300
451 7436 1 0 7 7444
452 7403 0 0 0 7403
453 0 14 0 7237 7251
454 0 7318 0 0 7318
455 7449 0 1 1 7451
456 7373 1 0 0 7374
457 1 1 7308 0 7310
458 7154 0 12 0 7166
459 2 7235 0 1 7238
460 0 0 0 7250 7250
461 7151 0 3 6 7160
462 2 7148 0 1 7151
463 1 0 2 7024 7027
464 0 7215 0 3 7218
465 0 0 7369 14 7383
466 0 4 0 7247 7251
467 0 0 0 7464 7464
468 7380 0 1 29 7410
469 7403 0 0 0 7403
470 0 0 7531 0 7531
471 1 0 0 7285 7286
472 7669 2 0 0 7671
473 7703 0 0 0 7703
474 1 0 0 7689 7690
475 0 0 7695 0 7695
476 7654 0 0 0 7654
477 7589 0 0 0 7589
478 1 0 0 7588 7589
479 0 7595 0 2 7597
480 0 7616 0 0 7616
481 0 2 1 7570 7573
482 0 7655 0 2 7657
483 7651 0 0 0 7651
484 0 1 1 7633 7635
485 0 3 1 7747 7751
486 0 0 7778 0 7778
487 0 0 7695 0 7695
488 7495 0 0 2 7497
489 0 1 1 7701 7703
490 9 0 7733 15 7757
491 7589 0 1 0 7590
492 0 1 7765 1 7767
493 2 0 7745 0 7747
494 7625 0 0 0 7625
495 7729 1 0 1 7731
496 0 0 7835 0 7835
497 1 0 7769 0 7770
498 3 0 7721 0 7724
499 7685 0 1 0 7686
500 7823 0 1 0 7824
501 7806 1 0 1 7808
502 0 0 7860 0 7860
503 0 0 7804 0 7804
504 0 0 7786 0 7786
505 7801 0 3 0 7804
506 0 0 7857 0 7857
507 7830 0 0 0 7830
508 0 0 7878 0 7878
509 0 3 1 7770 7774
510 2 0 7940 0 7942
511 0 7867 1 0 7868
512 0 0 0 8081 8081
513 8093 0 0 0 8093
514 8067 9 1 1 8078
515 0 0 8083 0 8083
516 1 8035 0 2 8038
517 8203 0 0 0 8203
518 0 0 8144 0 8144
519 8077 0 24 2 8103
520 1 8107 0 1 8109
521 0 0 0 8051 8051
522 1 8129 0 1 8131
523 8137 0 2 0 8139
524 2 8210 0 3 8215
525 8330 0 1 0 8331
526 17 0 8233 0 8250
527 8244 0 0 0 8244
528 8200 0 0 0 8200
529 2 8169 0 0 8171
530 0 0 0 8166 8166
531 0 3 0 8066 8069
532 1 8187 0 0 8188
533 8249 0 2 0 8251
534 0 0 8238 0 8238
535 2 0 8076 0 8078
536 0 7996 0 0 7996
537 0 0 1 8169 8170
538 3 1 8116 0 8120
539 8089 0 0 0 8089
540 8131 1 0 0 8132
541 2 0 1 8020 8023
542 0 2 0 8052 8054
543 8027 0 0 2 8029
544 7907 0 0 0 7907
545 1 0 7848 1 7850
546 0 1 0 7340 7341
547 0 7536 0 3 7539
548 9 1 1 7653 7664
549 11 0 7557 0 7568
550 7595 0 0 0 7595
551 7604 0 0 0 7604
552 7590 0 0 0 7590
553 7536 0 0 0 7536
554 7402 0 0 0 7402
555 0 1 0 7321 7322
556 0 0 0 7368 7368
557 0 1 0 7381 7382
558 7381 0 0 28 7409
559 0 0 1 7446 7447
560 2 0 7435 6 7443
561 1 1 7629 3 7634
562 0 7609 0 4 7613
563 7640 0 4 0 7644
564 7538 0 0 0 7538
565 0 0 7720 0 7720
566 0 0 0 7510 7510
567 0 0 0 7546 7546
568 0 7605 0 0 7605
569 1 2 0 7630 7633
570 0 7580 0 1 7581
571 7695 0 1 1 7697
572 0 1 2 7651 7654
573 7735 1 0 8 7744
574 0 0 7741 0 7741
575 3 0 7681 0 7684
576 7587 0 0 1 7588
577 1 0 7661 0 7662
578 7629 0 0 0 7629
579 7760 1 0 0 7761
580 0 0 7731 8 7739
581 7723 17 0 1 7741
582 7730 0 1 0 7731
583 0 0 7718 2 7720
584 7621 0 0 0 7621
585 0 1 1 7660 7662
586 0 14 7698 2 7714
587 0 0 1 7646 7647
588 0 0 1 7746 7747
589 0 0 7833 0 7833
590 7663 0 1 0 7664
591 7664 0 2 1 7667
592 7642 0 2 0 7644
593 7727 9 12 0 7748
594 10 0 7966 1 7977
595 1 0 7960 0 7961
596 1 0 7928 0 7929
597 7951 0 0 1 7952
598 8193 0 1 0 8194
599 1 0 1 8295 8297
600 2 1 0 8330 8333
601 5 0 8345 0 8350
602 8237 0 1 0 8238
603 0 0 0 8477 8477
604 0 1 2 8486 8489
605 0 0 1 8511 8512
606 0 0 1 8490 8491
607 8528 0 1 1 8530
608 8440 0 0 2 8442
609 8274 0 1 0 8275
610 0 8342 0 32 8374
611 1 0 1 8289 8291
612 0 0 1 8239 8240
613 2 0 8188 0 8190
614 1 0 7982 0 7983
615 6956 0 966 0 7922
616 1 8085 0 3 8089
617 8172 1 1 1 8175
618 2 1 8204 0 8207
619 8046 0 3 0 8049
620 0 8126 0 0 8126
621 8206 1 3 0 8210
622 8124 0 1 1 8126
623 1 2 1 8087 8091
624 8118 1 0 0 8119
625 0 0 0 8020 8020
626 1 7922 0 0 7923
627 1 1 0 7981 7983
628 7971 0 1 0 7972
629 1 0 7856 8 7865
630 7759 0 0 0 7759
631 1 7770 0 1 7772
632 0 0 0 7817 7817
633 7940 0 0 0 7940
634 7840 0 0 0 7840
635 4 0 7773 1 7778
636 7572 0 2 0 7574
637 1 0 7670 0 7671
638 7582 0 0 0 7582
639 0 0 0 7597 7597
640 7691 0 0 0 7691
641 0 0 0 7751 7751
642 7811 0 0 1 7812
643 0 1 0 7668 7669
644 0 7646 0 0 7646
645 0 1 0 7715 7716
646 0 0 7722 0 7722
647 2 0 0 7671 7673
648 0 5 0 7572 7577
649 1 7391 0 2 7394
650 0 7510 0 0 7510
651 7580 0 0 1 7581
652 0 6 7719 0 7725
653 1 7819 0 1 7821
654 0 7918 0 1 7919
655 1 0 8085 1 8087
656 2 0 8151 1 8154
657 1 6 7 7953 7967
658 0 0 0 8032 8032
659 0 2 0 8036 8038
660 2 7988 0 0 7990
661 2 2 0 7960 7964
662 2 8004 0 0 8006
663 2 8236 0 1 8239
664 8333 0 27 0 8360
665 8223 2 82 5 8312
666 0 2 1 8358 8361
667 0 0 1 8310 8311
668 0 0 0 8345 8345
669 0 1 0 8510 8511
670 9 0 8507 4 8520
671 8412 0 0 0 8412
672 8442 0 1 0 8443
673 0 0 8427 0 8427
674 3 0 8368 2 8373
675 8362 0 0 1 8363
676 8425 0 1 0 8426
677 1 0 0 8426 8427
678 1 15 8418 0 8434
679 8377 0 0 0 8377
680 0 0 8371 2 8373
681 0 0 8259 0 8259
682 8318 0 1 0 8319
683 0 0 8444 0 8444
684 0 8357 0 0 8357
685 0 3 1 8445 8449
686 8470 0 1 1 8472
687 2 8430 0 2 8434
688 8510 0 0 0 8510
689 0 2 0 8573 8575
690 8608 0 3 0 8611
691 0 1 8522 0 8523
692 8469 0 0 3 8472
693 1 8589 0 3 8593
694 8621 0 0 0 8621
695 8536 0 0 2 8538
696 2 1 3 8633 8639
697 8741 0 1 0 8742
698 1 0 2 8666 8669
699 8798 0 0 0 8798
700 3 0 8643 0 8646
701 8463 0 0 0 8463
702 0 8678 8 0 8686
703 1 8583 0 1 8585
704 1 8809 0 0 8810
705 8862 1 1 0 8864
706 8857 0 0 1 8858
707 8839 0 15 1 8855
708 8847 3 5 0 8855
709 0 0 8920 0 8920
710 1 0 8850 0 8851
711 8818 0 7 0 8825
712 3 0 8945 0 8948
713 0 9010 0 1 9011
714 9162 0 7 1 9170
715 9169 0 1 1 9171
716 0 0 11 9178 9189
717 9193 0 1 1 9195
718 1 0 8993 1 8995
719 9025 0 0 0 9025
720 2 0 9134 2 9138
721 9244 1 0 0 9245
722 36 0 9112 0 9148
723 9263 0 0 1 9264
724 9261 0 1 0 9262
725 9250 0 0 2 9252
726 1 0 2 9086 9089
727 63 9089 0 1 9153
728 1 1 0 9224 9226
729 9206 0 0 0 9206
730 2 0 9131 0 9133
731 1 9094 0 5 9100
732 9320 0 0 6 9326
733 9271 0 0 0 9271
734 1 0 9287 0 9288
735 0 0 9220 0 9220
736 9161 0 2 2 9165
737 0 0 0 9172 9172
738 1 0 9170 1 9172
739 0 0 0 9083 9083
740 0 9116 0 0 9116
741 4 0 0 9003 9007
742 1 8952 0 13 8966
743 1 8833 0 0 8834
744 0 9057 1 20 9078
745 0 0 0 8989 8989
746 0 1 0 9141 9142
747 9153 0 1 0 9154
748 1 0 9074 0 9075
749 1 0 0 8811 8812
750 9037 0 1 0 9038
751 0 0 1 8871 8872
752 0 9062 0 3 9065
753 9161 0 0 1 9162
754 3 0 9113 2 9118
755 1 0 0 8767 8768
756 0 8812 0 0 8812
757 8780 0 1 0 8781
758 0 8792 0 2 8794
759 8588 0 0 4 8592
760 2 8791 0 2 8795
761 0 8862 0 0 8862
762 0 9 0 8945 8954
763 9034 0 9 0 9043
764 8987 0 2 0 8989
765 8978 0 0 0 8978
766 8927 0 0 0 8927
767 8907 0 0 4 8911
768 0 0 8867 0 8867
769 0 1 1 8465 8467
770 0 8 1 8847 8856
771 8930 0 0 0 8930
772 8854 0 0 1 8855
773 0 8852 0 0 8852
774 8888 0 1 1 8890
775 0 0 0 8792 8792
776 4 0 8677 1 8682
777 0 0 8474 0 8474
778 1 0 8461 1 8463
779 8641 0 0 0 8641
780 0 0 8626 7 8633
781 2 0 8470 2 8474
782 8474 0 0 2 8476
783 3 8478 0 1 8482
784 1 8569 0 0 8570
785 0 0 0 8610 8610
786 8646 6 0 0 8652
787 8622 0 0 0 8622
788 0 0 8529 1 8530
789 8382 0 0 2 8384
790 10 8483 0 0 8493
791 0 8502 0 2 8504
792 8601 0 8 1 8610
793 8487 0 0 1 8488
794 0 0 0 8560 8560
795 8548 0 2 0 8550
796 0 0 8366 0 8366
797 0 0 8150 0 8150
798 3 1 8067 1 8072
799 0 8120 0 0 8120
800 0 8202 0 1 8203
801 0 1 0 8242 8243
802 0 8271 0 0 8271
803 8199 0 26 0 8225
804 0 8318 0 2 8320
805 8377 0 4 0 8381
806 1 0 0 8311 8312
807 0 0 0 8191 8191
808 0 4022 0 4063 8085
809 8022 0 0 0 8022
810 4 8129 0 1 8134
811 14 0 7940 10 7964
812 7718 0 13 1 7732
813 0 7796 0 0 7796
814 0 7876 0 2 7878
815 7904 0 1 0 7905
816 0 1 0 7841 7842
817 1 2 7768 14 7785
818 7716 0 8 0 7724
819 107 0 7622 1 7730
820 1 7684 0 2 7687
821 0 0 2 7694 7696
822 7631 0 2 0 7633
823 1 7728 0 1 7730
824 0 7755 0 7 7762
825 7872 0 8 0 7880
826 1 0 7834 2 7837
827 7670 0 0 0 7670
828 7642 0 0 0 7642
829 16 0 7658 0 7674
830 0 1 0 7314 7315
831 0 0 0 7355 7355
832 0 7482 0 1 7483
833 1 7553 0 0 7554
834 7592 0 0 0 7592
835 0 1 1 7552 7554
836 7547 5 1 0 7553
837 1 0 11 7501 7513
838 7511 0 1 0 7512
839 7451 0 1 0 7452
840 0 0 0 7334 7334
841 1 2 7284 0 7287
842 2 7129 0 3 7134
843 1 7303 0 0 7304
844 0 0 2 7185 7187
845 0 0 0 7176 7176
846 0 0 0 7114 7114
847 0 7213 0 1 7214
848 0 0 1 7177 7178
849 1 0 0 7073 7074
850 0 7142 1 0 7143
851 0 0 0 7231 7231
852 7284 0 3 1 7288
853 7179 0 1 0 7180
854 0 0 0 7047 7047
855 1 0 7062 0 7063
856 1 0 0 6847 6848
857 0 6991 0 0 6991
858 0 0 0 6994 6994
859 1 1 7113 2 7117
860 7009 0 25 4 7038
861 0 0 0 7038 7038
862 1 0 7036 0 7037
863 6968 0 0 0 6968
864 6974 0 0 0 6974
865 2 7131 0 0 7133
866 0 1 0 6987 6988
867 7012 1 1 0 7014
868 0 0 7050 0 7050
869 0 0 7009 0 7009
870 6975 0 0 0 6975
871 0 19 0 6832 6851
872 0 1 1 6977 6979
873 4 0 6847 0 6851
874 13 0 7004 0 7017
875 0 6915 0 2 6917
876 0 7032 0 1 7033
877 7288 0 0 2 7290
878 7254 1 0 0 7255
879 0 0 0 7122 7122
880 7143 0 1 1 7145
881 0 0 0 7017 7017
882 0 0 6982 0 6982
883 6803 0 0 1 6804
884 1 6861 0 0 6862
885 0 0 0 6913 6913
886 1 0 6982 0 6983
887 6869 0 0 0 6869
888 1 0 6888 1 6890
889 0 0 6992 0 6992
890 3 0 6984 0 6987
891 7074 0 4 1 7079
892 7111 0 0 0 7111
893 7114 0 6 0 7120
894 0 0 7008 0 7008
895 2 0 2 6609 6613
896 22 6835 0 1 6858
897 0 6993 0 1 6994
898 7077 0 2 0 7079
899 7111 0 2 0 7113
900 7096 1 0 0 7097
901 7067 0 1 0 7068
902 7068 1 0 0 7069
903 6943 0 1 0 6944
904 4 7071 0 0 7075
905 0 7078 0 0 7078
906 3 11 7033 1 7048
907 7013 0 0 0 7013
908 7050 1 0 0 7051
909 0 0 6927 0 6927
910 6985 0 1 1 6987
911 0 6978 0 0 6978
912 7057 0 1 0 7058
913 0 0 1 6926 6927
914 0 2 0 6931 6933
915 6864 0 0 0 6864
916 1 0 6694 0 6695
917 3 6547 0 1 6551
918 1 6678 0 1 6680
919 6737 0 6 0 6743
920 6738 0 0 0 6738
921 6758 0 0 0 6758
922 2 0 6710 0 6712
923 6699 1 0 1 6701
924 6622 0 0 0 6622
925 0 0 0 6532 6532
926 3 0 6528 0 6531
927 2 1 0 6349 6352
928 0 6447 0 1 6448
929 0 0 0 6604 6604
930 6644 0 0 1 6645
931 0 0 6566 0 6566
932 6584 0 2 0 6586
933 6596 0 0 1 6597
934 6645 0 0 1 6646
935 6608 0 0 0 6608
936 2 0 6498 0 6500
937 0 4 0 5804 5808
938 6125 0 0 1 6126
939 0 6131 0 13 6144
940 5 0 1 6030 6036
941 0 6051 0 1 6052
942 6125 0 0 1 6126
943 6104 0 1 0 6105
944 1 5995 0 0 5996
945 5920 0 0 0 5920
946 1 6006 0 2 6009
947 0 0 0 5826 5826
948 5948 0 2 0 5950
949 0 6060 0 2 6062
950 0 0 6012 0 6012
951 5964 0 0 0 5964
952 2 0 5922 0 5924
953 5895 0 0 0 5895
954 0 2 0 5810 5812
955 0 5834 0 0 5834
956 5907 0 0 0 5907
957 5846 0 1 0 5847
958 5766 0 2 2 5770
959 1 5813 0 1 5815
960 0 0 0 5616 5616
961 2 0 5562 0 5564
962 5495 0 0 0 5495
963 2 5525 0 0 5527
964 1 5518 0 1 5520
965 0 5548 0 0 5548
966 5615 2 0 16 5633
967 5599 0 0 0 5599
968 0 0 2 5546 5548
969 5609 0 0 1 5610
970 0 0 0 5466 5466
971 0 0 1 5530 5531
972 5606 0 1 0 5607
973 5558 0 16 1 5575
974 0 0 0 5392 5392
975 5476 0 0 0 5476
976 5495 0 0 0 5495
977 0 0 6 5415 5421
978 0 0 5530 0 5530
979 5500 0 2 1 5503
980 5521 0 12 0 5533
981 5524 1 3 0 5528
982 5465 1 9 0 5475
983 14 0 5291 0 5305
984 0 5259 0 50 5309
985 3 0 5289 1 5293
986 5196 1 0 0 5197
987 0 0 5256 0 5256
988 5250 11 0 0 5261
989 5275 1 1 0 5277
990 5317 0 28 0 5345
991 1 0 5207 0 5208
992 1 5166 11 0 5178
993 0 0 0 5267 5267
994 5298 0 1 0 5299
995 5229 0 9 0 5238
996 0 5201 0 0 5201
997 3 0 5298 0 5301
998 5357 0 1 0 5358
999 5379 0 0 0 5379
1000 5386 0 0 0 5386
1001 5329 0 0 1 5330
1002 0 0 0 5218 5218
1003 0 0 1 5243 5244
1004 0 0 0 5224 5224
1005 0 5308 0 1 5309
1006 1 0 2 5294 5297
1007 0 1 1 5339 5341
1008 5409 0 0 1 5410
1009 0 0 0 5412 5412
1010 1 0 5457 0 5458
1011 0 0 5356 0 5356
1012 5334 1 4 0 5339
1013 5329 0 0 0 5329
1014 1 0 5270 0 5271
1015 7 5197 0 1 5205
1016 0 3 0 5361 5364
1017 0 0 1059 4313 5372
1018 1 0 0 5417 5418
1019 0 0 5399 0 5399
1020 0 0 5391 8 5399
1021 5318 0 15 0 5333
1022 0 0 5427 0 5427
1023 5365 0 0 0 5365
1024 0 0 5341 0 5341
1025 5367 0 1 14 5382
1026 0 5389 0 0 5389
1027 2 1 0 5452 5455
1028 1 0 5535 0 5536
1029 0 0 1 5365 5366
1030 0 0 5569 0 5569
1031 3 0 0 5458 5461
1032 5586 0 4 0 5590
1033 5581 0 1 0 5582
1034 5609 0 0 0 5609
1035 0 0 2 5595 5597
1036 5526 1 12 1 5540
1037 1 5551 0 0 5552
1038 5620 0 3 0 5623
1039 5656 0 0 0 5656
1040 0 0 1 5590 5591
1041 5722 0 0 0 5722
1042 5693 0 15 1 5709
1043 0 0 5777 0 5777
1044 0 1 0 5449 5450
1045 5828 0 0 0 5828
1046 5849 0 0 0 5849
1047 0 13 0 5904 5917
1048 0 0 6013 0 6013
1049 5895 0 47 0 5942
1050 4 0 6047 0 6051
1051 1 0 6055 0 6056
1052 6075 1 4 1 6081
1053 6114 0 1 0 6115
1054 0 0 6054 0 6054
1055 0 6690 0 1 6691
1056 3 0 6779 0 6782
1057 6734 1 0 0 6735
1058 6 0 6839 0 6845
1059 1 7026 0 4 7031
1060 7165 0 1 0 7166
1061 7161 0 0 0 7161
1062 0 7218 0 1 7219
1063 0 0 7139 0 7139
1064 7062 0 0 0 7062
1065 1 0 7137 0 7138
1066 0 7074 0 1 7075
1067 0 0 0 7160 7160
1068 7208 0 0 0 7208
1069 1 7502 0 1 7504
1070 7589 1 0 0 7590
1071 1 0 7542 0 7543
1072 7561 0 0 0 7561
1073 7556 0 0 0 7556
1074 7508 1 0 0 7509
1075 7440 0 3 0 7443
1076 9 7428 0 0 7437
1077 0 7290 0 0 7290
1078 7438 0 2 1 7441
1079 7433 15 0 0 7448
1080 1 0 1 7322 7324
1081 0 1 1 7312 7314
1082 7419 0 0 0 7419
1083 0 0 0 7248 7248
1084 1 0 7318 0 7319
1085 1 7257 0 1 7259
1086 0 7204 0 0 7204
1087 7388 0 4 0 7392
1088 7322 1 0 0 7323
1089 7290 0 1 0 7291
1090 0 32 0 7257 7289
1091 0 0 7289 0 7289
1092 1 0 7100 0 7101
1093 2 0 7242 1 7245
1094 2 7089 0 2 7093
1095 0 7149 0 0 7149
1096 7265 0 2 1 7268
1097 0 7300 0 0 7300
1098 7274 52 2 1 7329
1099 0 0 7419 0 7419
1100 0 0 7371 0 7371
1101 0 1 7424 0 7425
1102 0 0 7404 0 7404
1103 7286 1 0 1 7288
1104 0 2 0 7257 7259
1105 2 0 7462 0 7464
1106 1 0 7524 0 7525
1107 7464 0 0 1 7465
1108 1 1 0 7614 7616
1109 1 3 1 7825 7830
1110 7882 0 0 1 7883
1111 7892 0 0 0 7892
1112 0 7903 0 0 7903
1113 7893 1 0 0 7894
1114 1 0 0 7792 7793
1115 7766 1 0 0 7767
1116 0 7810 0 0 7810
1117 3 7788 0 0 7791
1118 7996 0 1 2 7999
1119 1 0 8044 0 8045
1120 8085 1 8 0 8094
1121 8369 0 0 1 8370
1122 8381 1 0 0 8382
1123 8383 0 0 1 8384
1124 0 1 1 8378 8380
1125 8430 0 0 0 8430
1126 8409 0 0 0 8409
1127 0 0 1 8508 8509
1128 69 0 8462 1 8532
1129 8482 0 0 1 8483
1130 8541 0 0 0 8541
1131 8564 0 1 0 8565
1132 2 0 8442 0 8444
1133 8411 1 1 0 8413
1134 8545 0 1 1 8547
1135 25 0 8482 0 8507
1136 1 1 0 8186 8188
1137 8601 0 0 0 8601
1138 3 1 8436 0 8440
1139 4 8431 0 1 8436
1140 8605 1 3 1 8610
1141 8465 1 1 1 8468
1142 0 0 2 8472 8474
1143 8562 0 0 0 8562
1144 0 0 8503 0 8503
1145 8451 1 0 1 8453
1146 1 0 0 8456 8457
1147 2 0 8488 1 8491
1148 8418 0 10 0 8428
1149 0 8549 0 0 8549
1150 1 1 8599 0 8601
1151 8603 0 3 0 8606
1152 8647 1 1 1 8650
1153 8645 0 3 0 8648
1154 0 8662 0 0 8662
1155 8786 0 0 0 8786
1156 8737 0 0 0 8737
1157 0 0 0 8751 8751
1158 2 0 8663 0 8665
1159 0 2 0 8437 8439
1160 237 0 8371 0 8608
1161 1 8497 0 4 8502
1162 0 8589 0 2 8591
1163 8670 0 1 1 8672
1164 8675 1 0 0 8676
1165 0 0 8748 0 8748
1166 8725 1 0 2 8728
1167 8828 0 1 1 8830
1168 0 0 8681 0 8681
1169 8756 0 4 1 8761
1170 0 0 8742 0 8742
1171 0 8687 0 2 8689
1172 0 8955 0 1 8956
1173 2 2 0 9101 9105
1174 9256 0 1 1 9258
1175 9288 0 0 0 9288
1176 9262 0 1 0 9263
1177 9234 0 1 1 9236
1178 12 2 0 9087 9101
1179 1 9040 1 1 9043
1180 2 8963 1 0 8966
1181 0 9205 0 0 9205
1182 1 2 0 9249 9252
1183 9292 1 1 0 9294
1184 9211 0 2 3 9216
1185 15 9216 0 0 9231
1186 9270 0 3 3 9276
1187 9227 0 1 1 9229
1188 9199 1 1 1 9202
1189 1 0 1 9111 9113
1190 1 0 9209 0 9210
1191 0 2 0 8827 8829
1192 9135 0 1 1 9137
1193 0 0 9109 0 9109
1194 9035 0 11 0 9046
1195 1 0 9034 0 9035
1196 1 3 0 8674 8678
1197 1 0 8848 0 8849
1198 1 0 8778 1 8780
1199 1 8900 0 1 8902
1200 2 2 0 8912 8916
1201 4 0 8976 0 8980
1202 5 8895 0 0 8900
1203 0 5 1 9024 9030
1204 0 0 0 9122 9122
1205 2 0 9071 0 9073
1206 0 0 9059 0 9059
1207 0 0 9348 1 9349
1208 0 4 1 8231 8236
1209 0 1 0 9049 9050
1210 1 9170 0 0 9171
1211 9397 0 17 0 9414
1212 9459 1 3 0 9463
1213 9446 0 0 0 9446
1214 0 9517 0 0 9517
1215 9487 0 1 0 9488
1216 1 0 9464 0 9465
1217 9395 0 0 1 9396
1218 0 0 9361 0 9361
1219 9435 0 0 20 9455
1220 0 3 0 9536 9539
1221 4 0 9449 0 9453
1222 9533 1 0 0 9534
1223 9563 0 1 1 9565
1224 0 0 1 9308 9309
1225 0 9573 0 1 9574
1226 0 0 0 9617 9617
1227 9746 1 0 1 9748
1228 0 1 0 9568 9569
1229 2 0 0 9759 9761
1230 1 1 9460 1 9463
1231 9549 2 0 0 9551
1232 1 1 9493 5 9500
1233 1 9471 1 0 9473
1234 9579 0 0 0 9579
1235 2 9567 0 0 9569
1236 2 0 1 9537 9540
1237 1 9589 0 1 9591
1238 1 2 0 9758 9761
1239 8 0 9681 0 9689
1240 9564 0 1 0 9565
1241 0 9697 0 2 9699
1242 9797 0 1 0 9798
1243 9731 0 0 1 9732
1244 0 0 9750 0 9750
1245 1 2 0 9285 9288
1246 9607 0 0 0 9607
1247 9630 0 0 0 9630
1248 9677 0 0 0 9677
1249 9736 0 3 0 9739
1250 0 0 9377 1 9378
1251 9511 1 1 0 9513
1252 0 0 9223 1 9224
1253 6 9406 0 0 9412
1254 0 54 0 9317 9371
1255 2 9486 0 51 9539
1256 1 0 0 9542 9543
1257 0 0 9487 0 9487
1258 0 2 9443 0 9445
1259 9363 0 1 0 9364
1260 4359 4971 0 0 9330
1261 0 9309 0 0 9309
1262 0 3 0 9337 9340
1263 9374 0 3 1 9378
1264 1 9279 0 0 9280
1265 3 9438 0 5 9446
1266 9544 1 0 1 9546
1267 0 0 9443 6 9449
1268 9254 0 0 2 9256
1269 9414 0 1 1 9416
1270 9497 2 1 2 9502
1271 0 1 0 9449 9450
1272 9531 1 0 0 9532
1273 2 0 9161 0 9163
1274 4 0 9125 0 9129
1275 0 0 9310 2 9312
1276 2 9262 0 3 9267
1277 1 9397 0 4 9402
1278 9400 0 16 1 9417
1279 50 0 9398 0 9448
1280 9364 0 0 1 9365
1281 1 8862 0 0 8863
1282 9452 2 0 0 9454
1283 2 0 0 9306 9308
1284 9610 0 0 0 9610
1285 0 0 9068 1 9069
1286 6 9142 0 4 9152
1287 9068 1 0 0 9069
1288 2 9181 0 0 9183
1289 0 9306 0 0 9306
1290 0 9517 0 1 9518
1291 1 0 9448 1 9450
1292 0 0 0 8852 8852
1293 47 0 9154 0 9201
1294 23 0 9271 0 9294
1295 8999 0 33 1 9033
1296 0 0 9225 1 9226
1297 0 9346 0 2 9348
1298 9449 0 2 0 9451
1299 0 1 0 9601 9602
1300 7 0 9587 0 9594
1301 1 1 0 9097 9099
1302 9249 0 17 1 9267
1303 2 0 9275 0 9277
1304 0 0 9269 0 9269
1305 9056 0 0 1 9057
1306 9200 0 5 1 9206
1307 0 3 9216 0 9219
1308 0 1 3 8732 8736
1309 2 0 9440 1 9443
1310 9398 0 7 1 9406
1311 9606 1 0 0 9607
1312 9645 0 0 0 9645
1313 1 0 9686 1 9688
1314 9725 1 0 0 9726
1315 9878 0 0 0 9878
1316 1 0 9873 27 9901
1317 1 0 10200 1 10202
1318 10264 0 1 1 10266
1319 10303 0 0 0 10303
1320 10370 0 0 0 10370
1321 13 1 2 10190 10206
1322 9956 0 2 1 9959
1323 3 10364 0 18 10385
1324 0 2 0 10421 10423
1325 0 0 2 10439 10441
1326 1 1 0 10667 10669
1327 2 0 10609 0 10611
1328 0 0 0 10394 10394
1329 1 2 0 10683 10686
1330 10754 0 1 1 10756
1331 10888 0 20 0 10908
1332 1 10979 0 3 10983
1333 2 0 11018 1 11021
1334 10775 0 4 1 10780
1335 10898 1 0 0 10899
1336 10818 3 0 2 10823
1337 0 1 1 10911 10913
1338 0 10835 4 58 10897
1339 10921 0 1 2 10924
1340 10675 0 1 2 10678
1341 0 10904 0 0 10904
1342 0 0 0 10874 10874
1343 10780 1 2 2 10785
1344 0 10948 0 0 10948
1345 0 1 1 10886 10888
1346 1 0 11047 0 11048
1347 0 1 0 10701 10702
1348 10870 1 0 0 10871
1349 10826 0 3 0 10829
1350 0 0 10782 0 10782
1351 0 0 10511 1 10512
1352 6 10179 0 2 10187
1353 0 10620 0 1 10621
1354 2 1 0 10690 10693
1355 1 10707 0 2 10710
1356 0 17 0 10692 10709
1357 10711 0 0 1 10712
1358 0 10707 0 1 10708
1359 10649 2 1 0 10652
1360 0 0 10971 0 10971
1361 0 1 0 10610 10611
1362 0 0 2 10980 10982
1363 11075 0 0 1 11076
1364 0 0 0 10967 10967
1365 0 0 10934 2 10936
1366 10607 0 0 1 10608
1367 0 1 0 10781 10782
1368 2 0 10882 0 10884
1369 10591 0 4 1 10596
1370 10635 0 2 0 10637
1371 0 0 10727 0 10727
1372 0 11 1 10379 10391
1373 10678 0 2 0 10680
1374 1 0 2 10756 10759
1375 1 0 10777 0 10778
1376 2 7 0 10654 10663
1377 1 0 10721 0 10722
1378 7 10734 0 1 10742
1379 2 2 1 10904 10909
1380 0 6 2 11045 11053
1381 0 0 0 11073 11073
1382 1 1 0 10966 10968
1383 0 2 0 11015 11017
1384 0 10973 0 27 11000
1385 11175 0 0 0 11175
1386 0 0 1 11018 11019
1387 10926 1 0 1 10928
1388 0 10922 0 0 10922
1389 0 1 1 10937 10939
1390 0 1 1 10913 10915
1391 1 10943 0 1 10945
1392 11018 2 3 0 11023
1393 0 0 1 10988 10989
1394 3 3 0 11063 11069
1395 15 0 11043 0 11058
1396 0 8 1 10936 10945
1397 0 0 2 11044 11046
1398 1 0 10976 0 10977
1399 10961 0 1 0 10962
1400 11005 0 0 0 11005
1401 1 0 0 11025 11026
1402 3 1 10985 0 10989
1403 10954 2 2 0 10958
1404 10966 2 0 0 10968
1405 10952 0 1 6 10959
1406 1 0 10757 0 10758
1407 20 10623 0 1 10644
1408 10802 0 1 0 10803
1409 10672 0 0 1 10673
1410 0 31 0 10720 10751
1411 2 0 10760 0 10762
1412 2 10501 0 8 10511
1413 0 10575 1 95 10671
1414 10946 0 59 0 11005
1415 2 0 10813 1 10816
1416 3 10712 0 1 10716
1417 10920 0 0 0 10920
1418 0 2 0 10911 10913
1419 2 0 10940 0 10942
1420 3 0 11419 3 11425
1421 1 0 11358 0 11359
1422 11461 0 3 0 11464
1423 11585 0 1 1 11587
1424 11582 0 57 0 11639
1425 11601 2 0 0 11603
1426 1 0 0 11611 11612
1427 11483 0 0 1 11484
1428 1 11527 0 3 11531
1429 11589 0 2 0 11591
1430 11461 0 1 0 11462
1431 11416 0 2 0 11418
1432 2 0 11284 0 11286
1433 0 0 0 11115 11115
1434 11518 0 0 0 11518
1435 11471 0 0 1 11472
1436 0 0 0 11455 11455
1437 11215 1 2 0 11218
1438 137 11220 0 2 11359
1439 1 11431 0 1 11433
1440 11553 0 1 2 11556
1441 11473 1 1 0 11475
1442 0 0 2 11514 11516
1443 11539 0 0 0 11539
1444 11345 0 3 0 11348
1445 1 11488 0 0 11489
1446 0 11598 0 2 11600
1447 11717 0 2 0 11719
1448 11562 0 1 1 11564
1449 4 11630 0 1 11635
1450 11695 0 2 0 11697
1451 1 0 11643 14 11658
1452 11480 0 0 0 11480
1453 0 0 11734 3 11737
1454 0 2 0 11378 11380
1455 11689 0 1 0 11690
1456 1 0 11817 2 11820
1457 0 0 0 11554 11554
1458 11810 0 1 0 11811
1459 11685 0 0 1 11686
1460 11738 0 0 1 11739
1461 0 1 0 11796 11797
1462 0 0 11867 0 11867
1463 11756 0 2 0 11758
1464 11878 0 1 0 11879
1465 11933 1 2 1 11937
1466 11951 0 1 0 11952
1467 11810 0 136 0 11946
1468 2 0 11958 1 11961
1469 1 0 11881 1 11883
1470 11885 0 0 1 11886
1471 0 0 12173 0 12173
1472 12245 0 2 0 12247
1473 12248 1 54 0 12303
1474 12333 1 1 0 12335
1475 0 0 12595 0 12595
1476 0 12 1 12094 12107
1477 0 0 2 12271 12273
1478 2 0 17 12415 12434
1479 0 12490 0 5 12495
1480 3 0 12643 1 12647
1481 12407 1 25 1 12434
1482 1 12687 0 0 12688
1483 12812 0 0 0 12812
1484 0 0 0 12767 12767
1485 0 0 12694 0 12694
1486 0 12550 0 1 12551
1487 1 1 0 12687 12689
1488 0 0 1 12764 12765
1489 0 0 0 12815 12815
1490 12689 0 0 14 12703
1491 0 12763 0 4 12767
1492 0 0 12845 0 12845
1493 1 0 12643 0 12644
1494 0 2 1 12870 12873
1495 1 12748 0 8 12757
1496 0 2 1 12954 12957
1497 1 17 12822 0 12840
1498 2 0 12687 0 12689
1499 0 12728 0 13 12741
1500 6 0 12911 83 13000
1501 1 0 13020 1 13022
1502 0 0 1 9443 9444
1503 0 0 0 12021 12021
1504 8628 0 0 5 8633
1505 12096 1 0 1 12098
1506 12821 0 3 0 12824
1507 1 0 8965 0 8966
1508 1 0 11655 1 11657
1509 9729 1 2 4 9736
1510 7 9396 0 1 9404
1511 11311 1 0 1 11313
1512 12910 0 1 6 12917
1513 4 3 0 8540 8547
1514 5 9566 1 2 9574
1515 1 2 2 9687 9692
1516 0 11261 0 1 11262
1517 9951 3 0 4 9958
1518 0 1 0 10378 10379
1519 2 10247 0 3 10252
1520 0 4 0 11708 11712
1521 1 0 9656 2 9659
1522 8843 32 9 10 8894
1523 1 0 11201 15 11217
1524 0 0 12698 1 12699
1525 1 0 13320 0 13321
1526 0 0 13764 0 13764
1527 8249 1 28 4 8282
1528 1 0 10910 0 10911
1529 9246 2 1 33 9282
1530 1 0 1 10329 10331
1531 11053 1 3 0 11057
1532 3 10673 0 1 10677
1533 0 0 2 12006 12008
1534 1 0 11640 0 11641
1535 9943 3 1 2 9949
1536 0 0 3 11553 11556
1537 0 0 11588 1 11589
1538 0 0 1 11525 11526
1539 0 4 0 13333 13337
1540 0 0 10725 1 10726
1541 3 1 0 11173 11177
1542 11062 1 0 0 11063
1543 13130 1 0 0 13131
1544 8 10912 0 3 10923
1545 11769 2 2 0 11773
1546 0 0 11780 2 11782
1547 2 0 3 10208 10213
1548 0 2 26 12911 12939
1549 2 0 11114 23 11139
1550 0 0 0 11309 11309
1551 11495 0 8 0 11503
1552 13552 0 1 0 13553
1553 10 11206 0 0 11216
1554 1 28 0 12415 12444
1555 0 0 1 14343 14344
1556 0 0 1 14928 14929
1557 0 8 0 15303 15311
1558 0 0 10393 16 10409
1559 10195 3 0 3 10201
1560 13616 1 1 0 13618
1561 1 0 2 12279 12282
1562 0 0 1 14348 14349
1563 0 0 0 15094 15094
1564 11706 0 0 2 11708
1565 1 0 11287 0 11288
1566 1 2 2 11495 11500
1567 12608 0 0 1 12609
1568 0 0 12393 0 12393
1569 0 2 0 11571 11573
1570 12148 2 1 0 12151
1571 2 12445 0 1 12448
1572 13128 0 3 0 13131
1573 0 0 12169 1 12170
1574 12603 2 9 0 12614
1575 2 0 0 11869 11871
1576 3 11988 0 0 11991
1577 1 13315 0 2 13318
1578 1 13917 0 4 13922
1579 12352 2 1 0 12355
1580 24 0 12722 1 12747
1581 12024 0 4 0 12028
1582 0 0 13050 0 13050
1583 0 2 0 11337 11339
1584 3 0 12784 2 12789
1585 0 0 13649 0 13649
1586 10831 1 5 1 10838
1587 2 11682 0 3 11687
1588 0 1 0 12089 12090
1589 1 12806 0 1 12808
1590 12323 0 0 0 12323
1591 0 0 12914 3 12917
1592 1 0 13613 1 13615
1593 11555 0 1 0 11556
1594 13376 0 1 0 13377
1595 13911 0 0 1 13912
1596 0 0 11551 0 11551
1597 0 4 0 10726 10730
1598 13 0 11810 9 11832
1599 13 3 12831 0 12847
1600 2 10911 0 4 10917
1601 2 12871 0 1 12874
1602 10526 1794 1 0 12321
1603 13241 1 1 0 13243
1604 13746 1 1 0 13748
1605 14075 0 0 1 14076
1606 0 1 0 12955 12956
1607 13046 0 1 0 13047
1608 0 0 2 12698 12700
1609 12045 2 31 5 12083
1610 3 11531 0 0 11534
1611 0 3 1 12570 12574
1612 1 0 12389 1 12391
1613 0 0 0 12096 12096
1614 0 0 12758 0 12758
1615 0 0 1 11713 11714
1616 0 2 1 13075 13078
1617 0 1 0 13876 13877
1618 11702 0 0 13 11715
1619 0 0 11784 0 11784
1620 0 0 13217 0 13217
1621 11244 1 1 2 11248
1622 0 2 1 11838 11841
1623 0 17 1 13278 13296
1624 1 0 11543 2 11546
1625 3 0 12881 29 12913
1626 1 11219 0 15 11235
1627 0 2 0 11217 11219
1628 4 11676 2 5 11687
1629 0 12891 0 2 12893
1630 4 13394 1 1 13400
1631 0 0 1 12337 12338
1632 11861 2 1 0 11864
1633 2 2 1 12246 12251
1634 1 1 0 13064 13066
1635 0 3 3 13395 13401
1636 1 0 12065 2 12068
1637 1 2 0 11350 11353
1638 3 1 12116 0 12120
1639 10826 1 0 1 10828
1640 12 1 12114 0 12127
1641 0 2 3 10800 10805
1642 1 0 11775 0 11776
1643 2 0 12701 0 12703
1644 11 0 12986 0 12997
1645 10751 3 1 0 10755
1646 0 0 11688 17 11705
1647 14 0 12496 1 12511
1648 1 0 13201 1 13203
1649 11533 0 0 1 11534
1650 12695 0 2 0 12697
1651 13420 0 0 0 13420
1652 13488 0 2 1 13491
1653 13420 1 0 0 13421
1654 1 1 2 12061 12065
1655 2 11781 0 0 11783
1656 0 0 1 12311 12312
1657 1 0 12108 1 12110
1658 2 1 0 11737 11740
1659 0 0 11996 0 11996
1660 0 1 0 11417 11418
1661 11651 0 28 0 11679
1662 2 12006 1 32 12041
1663 1 2 0 12250 12253
1664 1 9 0 12699 12709
1665 2 0 11447 0 11449
1666 2 1 0 11522 11525
1667 11539 1 1 0 11541
1668 1 11685 0 3 11689
1669 0 1 0 12062 12063
1670 7 0 11595 0 11602
1671 0 11368 1 12 11381
1672 2 12165 0 3 12170
1673 4 0 11811 10 11825
1674 11288 2 4 0 11294
1675 1 0 11840 0 11841
1676 0 3 1 11186 11190
1677 1 0 11500 1 11502
1678 11355 0 1 0 11356
1679 11726 2 2 0 11730
1680 0 1 1 11550 11552
1681 2 0 11311 1 11314
1682 14 0 11429 1 11444
1683 3 10956 0 4 10963
1684 10781 0 1 3 10785
1685 9 11337 0 1 11347
1686 11412 0 1 0 11413
1687 11636 1 1 0 11638
1688 11797 0 1 1 11799
1689 0 0 1 11505 11506
1690 11748 0 0 0 11748
1691 11817 0 2 0 11819
1692 2 0 11254 0 11256
1693 11110 0 1 1 11112
1694 2 2 1 10631 10636
1695 2 10745 0 0 10747
1696 2 11255 1 2 11260
1697 11307 0 0 0 11307
1698 11365 0 2 0 11367
1699 11403 7 1 0 11411
1700 3 0 1 11164 11168
1701 1 0 11097 0 11098
1702 10686 0 0 4 10690
1703 11016 0 0 0 11016
1704 11083 1 2 0 11086
1705 0 1 3 10806 10810
1706 2 0 10913 0 10915
1707 3 0 11186 11 11200
1708 1 0 11210 1 11212
1709 3 0 11341 0 11344
1710 10641 0 0 2 10643
1711 11040 0 0 1 11041
1712 0 4 1 10991 10996
1713 16 0 11097 0 11113
1714 1 0 11198 0 11199
1715 10715 1 1 0 10717
1716 11002 0 1 1 11004
1717 20 0 10495 0 10515
1718 6 10459 0 0 10465
1719 0 129 1 10681 10811
1720 10969 0 0 0 10969
1721 0 0 10943 0 10943
1722 10867 0 0 1 10868
1723 10942 1 0 3 10946
1724 0 0 10799 0 10799
1725 10593 0 2 0 10595
1726 0 0 1 10668 10669
1727 0 1 10931 0 10932
1728 0 2 1 10469 10472
1729 0 313 3 10347 10663
1730 0 4 0 10850 10854
1731 3 0 10642 0 10645
1732 7 10601 1 1 10610
1733 0 0 1 10738 10739
1734 0 1 3 10714 10718
1735 1 10756 1 1 10759
1736 10883 1 2 1 10887
1737 10698 0 0 0 10698
1738 0 0 1 10577 10578
1739 1 10575 0 0 10576
1740 10739 1 1 0 10741
1741 10691 1 1 1 10694
1742 2 0 0 10504 10506
1743 7 0 10465 1 10473
1744 2 10349 0 7 10358
1745 10557 0 2 0 10559
1746 10428 1 2 1 10432
1747 1 10433 0 9 10443
1748 10553 0 17 0 10570
1749 10504 0 0 2 10506
1750 10452 0 0 19 10471
1751 0 0 1 10356 10357
1752 0 0 10468 0 10468
1753 0 0 10305 2 10307
1754 10235 0 2 0 10237
1755 2 0 10337 1 10340
1756 756 0 9364 0 10120
1757 1 9982 0 3 9986
1758 10154 0 1 0 10155
1759 10184 0 1 0 10185
1760 1 0 3 10127 10131
1761 0 3 1 10281 10285
1762 2 0 10301 0 10303
1763 1 1 1 9998 10001
1764 0 3 4 10117 10124
1765 0 1 10040 9 10050
1766 9945 0 0 0 9945
1767 9929 3 0 0 9932
1768 8 9880 0 0 9888
1769 10002 0 0 0 10002
1770 1 0 9981 0 9982
1771 0 0 9788 0 9788
1772 9958 0 1 1 9960
1773 9747 0 0 1 9748
1774 30 1 3 9466 9500
1775 2 9639 0 4 9645
1776 9780 1 0 0 9781
1777 0 0 2 9529 9531
1778 1 9740 0 1 9742
1779 4 0 9691 1 9696
1780 9600 0 1 3 9604
1781 0 2 0 9700 9702
1782 9711 0 2 0 9713
1783 2 9631 0 0 9633
1784 9855 0 1 0 9856
1785 9760 1 0 0 9761
1786 0 0 9704 1 9705
1787 2 0 9396 5 9403
1788 9427 0 0 0 9427
1789 1 0 1 9345 9347
1790 9434 0 2 1 9437
1791 0 0 2 9425 9427
1792 3 0 9380 0 9383
1793 9346 0 1 1 9348
1794 0 9360 0 4 9364
1795 9382 0 1 0 9383
1796 1 0 4 9157 9162
1797 15 0 9155 0 9170
1798 8889 0 1 0 8890
1799 0 9008 0 1 9009
1800 22 8878 0 0 8900
1801 9052 0 2 0 9054
1802 8994 0 1 0 8995
1803 8973 0 1 0 8974
1804 2 0 8850 0 8852
1805 0 8536 0 0 8536
1806 0 8682 0 2 8684
1807 38 15 3 8570 8626
1808 0 0 8789 0 8789
1809 1 1 1 8364 8367
1810 0 0 0 8419 8419
1811 0 1 1 8304 8306
1812 0 8292 1 7 8300
1813 8483 1 1 1 8486
1814 8486 0 1 0 8487
1815 0 7 8505 0 8512
1816 0 0 8407 1 8408
1817 0 0 8268 1 8269
1818 8269 7 1 0 8277
1819 0 0 8504 0 8504
1820 8454 1 1 0 8456
1821 0 8323 0 0 8323
1822 8435 0 1 1 8437
1823 1 0 8409 0 8410
1824 8407 0 2 0 8409
1825 2 0 8462 0 8464
1826 0 1 0 8199 8200
1827 8522 0 0 0 8522
1828 8593 0 0 1 8594
1829 8672 0 1 0 8673
1830 2 1 1 8414 8418
1831 8493 0 0 0 8493
1832 1 0 8121 0 8122
1833 0 7854 1 2 7857
1834 1 7922 0 2 7925
1835 2 7980 0 2 7984
1836 1 8357 0 1 8359
1837 9071 0 0 0 9071
1838 9129 0 0 0 9129
1839 9031 0 1 0 9032
1840 8792 0 0 0 8792
1841 0 7735 0 1225 8960
1842 0 0 0 8866 8866
1843 0 1 0 8858 8859
1844 0 1 1 8861 8863
1845 0 8991 0 0 8991
1846 9057 0 3 0 9060
1847 0 0 9043 0 9043
1848 0 0 1 8633 8634
1849 8962 1 0 0 8963
1850 0 0 0 8899 8899
1851 0 1 0 9006 9007
1852 2 0 8974 0 8976
1853 2 0 8803 1 8806
1854 8755 0 9 0 8764
1855 8793 0 0 0 8793
1856 4 8671 0 0 8675
1857 0 1 0 8614 8615
1858 8 8635 0 3 8646
1859 8803 0 1 0 8804
1860 8734 1 0 0 8735
1861 0 0 8794 0 8794
1862 8670 0 0 0 8670
1863 8689 0 1 0 8690
1864 0 1 8668 2 8671
1865 2 0 8544 0 8546
1866 8538 0 3 0 8541
1867 8550 0 0 1 8551
1868 8570 0 0 0 8570
1869 8490 1 0 2 8493
1870 0 8579 0 0 8579
1871 0 0 0 8468 8468
1872 8584 0 0 0 8584
1873 123 0 8376 0 8499
1874 1 0 2 8293 8296
1875 8454 0 0 0 8454
1876 8723 0 0 0 8723
1877 8667 0 0 0 8667
1878 8653 1 2 1 8657
1879 1 0 8459 1 8461
1880 0 0 8319 0 8319
1881 8301 0 2 1 8304
1882 0 0 0 8145 8145
1883 0 8180 0 1 8181
1884 1 8308 0 0 8309
1885 0 3 0 8295 8298
1886 0 2 0 8344 8346
1887 2 2 1 8434 8439
1888 0 0 8402 0 8402
1889 1 0 8364 1 8366
1890 8362 0 0 0 8362
1891 8430 0 13 0 8443
1892 8484 0 0 0 8484
1893 8435 0 4 0 8439
1894 9 1 8265 0 8275
1895 2 8224 1 1 8228
1896 8195 0 0 0 8195
1897 0 8284 0 2 8286
1898 6 0 1 8296 8303
1899 8329 0 1 0 8330
1900 8182 1 0 0 8183
1901 1 0 8128 0 8129
1902 8078 0 2 0 8080
1903 0 0 8111 0 8111
1904 1 1 2 7639 7643
1905 7929 0 2 0 7931
1906 7883 9 0 0 7892
1907 0 3 0 7805 7808
1908 7804 1 1 0 7806
1909 1 0 0 7756 7757
1910 0 0 0 7680 7680
1911 0 0 0 7754 7754
1912 7583 0 1 2 7586
1913 0 7665 0 0 7665
1914 0 40 1 7713 7754
1915 7775 0 0 0 7775
1916 7672 0 4 0 7676
1917 7692 0 0 0 7692
1918 0 0 0 7771 7771
1919 0 0 7774 0 7774
1920 0 7621 0 27 7648
1921 0 44 0 7572 7616
1922 0 2 1 7700 7703
1923 0 0 7625 0 7625
1924 7707 0 1 0 7708
1925 0 1 0 7652 7653
1926 0 0 7635 0 7635
1927 0 7524 0 0 7524
1928 7451 0 1 0 7452
1929 48 7532 0 1 7581
1930 0 15 2 7702 7719
1931 7648 0 0 0 7648
1932 0 1 0 7694 7695
1933 1 2 7726 0 7729
1934 0 1 0 7573 7574
1935 7679 0 0 0 7679
1936 0 0 0 7676 7676
1937 0 2 1 7750 7753
1938 0 4 0 7750 7754
1939 1 1 7729 0 7731
1940 2 0 7680 1 7683
1941 7688 0 1 0 7689
1942 7742 0 1 0 7743
1943 7694 0 0 0 7694
1944 2 2 0 7677 7681
1945 1 0 7686 0 7687
1946 2 7356 0 5 7363
1947 0 7304 2 1 7307
1948 0 7330 2 2 7334
1949 7445 0 0 0 7445
1950 7356 0 0 0 7356
1951 0 0 11 7443 7454
1952 0 1 0 7580 7581
1953 1 1 7527 0 7529
1954 2 0 7425 0 7427
1955 7183 1 2 0 7186
1956 0 0 7376 0 7376
1957 0 0 7273 1 7274
1958 0 0 7239 1 7240
1959 0 0 7334 0 7334
1960 0 2 1 7152 7155
1961 0 1 0 7287 7288
1962 0 1 0 7362 7363
1963 7339 0 0 0 7339
1964 0 0 7330 0 7330
1965 1 3 0 7283 7287
1966 23 0 7399 0 7422
1967 2 7196 0 5 7203
1968 0 7325 0 0 7325
1969 0 0 7503 0 7503
1970 7361 1 2 0 7364
1971 0 0 7463 0 7463
1972 0 0 0 7336 7336
1973 0 7295 0 0 7295
1974 0 1 0 7392 7393
1975 7354 0 0 0 7354
1976 0 0 7454 0 7454
1977 0 0 7318 0 7318
1978 7178 0 0 1 7179
1979 0 0 7158 0 7158
1980 6911 1 0 0 6912
1981 0 6951 0 1 6952
1982 0 1 1 7064 7066
1983 0 1 0 7089 7090
1984 16 7018 0 0 7034
1985 0 0 0 7102 7102
1986 6911 0 1 3 6915
1987 0 7025 0 0 7025
1988 1 0 0 7064 7065
1989 6966 0 0 0 6966
1990 1 0 0 6859 6860
1991 0 0 0 6923 6923
1992 0 0 6918 0 6918
1993 6835 0 0 0 6835
1994 0 0 0 6818 6818
1995 0 0 0 6808 6808
1996 0 6841 0 4 6845
1997 6858 0 2 0 6860
1998 6806 0 1 0 6807
1999 0 0 6816 0 6816
2000 0 6701 0 3 6704
2001 6852 0 0 0 6852
2002 0 0 0 6756 6756
2003 1 0 3 6806 6810
2004 6786 0 0 1 6787
2005 6660 0 1 0 6661
2006 6562 0 0 0 6562
2007 1 0 6496 0 6497
2008 0 0 6433 0 6433
2009 6308 1 0 0 6309
2010 0 6424 0 0 6424
2011 6523 1 2 0 6526
2012 0 0 6536 1 6537
2013 6503 0 0 0 6503
2014 6439 0 0 1 6440
2015 6421 1 0 0 6422
2016 0 0 6380 1 6381
2017 0 1 6243 0 6244
2018 1 0 6206 0 6207
2019 1 1 0 5942 5944
2020 0 5908 0 1 5909
2021 0 6007 0 0 6007
2022 0 0 0 6024 6024
2023 0 0 0 6082 6082
2024 0 0 6071 2 6073
2025 0 0 5993 0 5993
2026 0 0 5892 0 5892
2027 0 1 0 5570 5571
2028 0 0 5728 0 5728
2029 0 4 0 5577 5581
2030 1 1 0 5577 5579
2031 1 5436 0 236 5673
2032 0 0 5582 2 5584
2033 5319 0 2 0 5321
2034 0 5404 0 0 5404
2035 0 0 0 5384 5384
2036 0 0 0 5366 5366
2037 5335 0 0 0 5335
2038 0 0 5322 0 5322
2039 5244 0 0 0 5244
2040 0 0 5200 0 5200
2041 0 0 5154 1 5155
2042 1 0 5141 0 5142
2043 5110 0 2 0 5112
2044 5076 0 0 0 5076
2045 0 0 0 5047 5047
2046 0 0 4996 0 4996
2047 1 0 0 4797 4798
2048 4861 0 0 0 4861
2049 0 0 0 4743 4743
2050 0 1 0 4747 4748
2051 0 4705 0 0 4705
2052 0 1 0 4695 4696
2053 0 0 4718 0 4718
2054 0 0 4697 0 4697
2055 4545 0 1 0 4546
2056 4509 0 60 0 4569
2057 0 0 0 4611 4611
2058 4524 0 1 0 4525
2059 0 0 4553 1 4554
2060 4471 0 0 0 4471
2061 4440 0 0 0 4440
2062 0 0 4447 0 4447
2063 4363 0 0 1 4364
2064 4307 0 0 3 4310
2065 0 0 1 4302 4303
2066 1 0 4286 0 4287
2067 0 0 0 4145 4145
2068 4181 0 1 1 4183
2069 0 0 0 4138 4138
2070 0 0 0 4192 4192
2071 4142 0 0 0 4142
2072 0 0 4089 0 4089
2073 0 4036 0 0 4036
2074 4092 0 1 0 4093
2075 3905 0 1 2 3908
2076 0 3839 0 0 3839
2077 3908 0 0 0 3908
2078 3589 0 0 0 3589
2079 1 3734 0 0 3735
2080 0 3721 0 1 3722
2081 0 3693 1 1 3695
2082 1 0 0 3655 3656
2083 0 2 0 3734 3736
2084 0 0 3713 0 3713
2085 0 0 3677 0 3677
2086 0 0 3605 0 3605
2087 0 6 0 3388 3394
2088 0 0 3564 0 3564
2089 3528 0 0 0 3528
2090 0 0 0 3526 3526
2091 3507 0 0 0 3507
2092 3 3512 0 0 3515
2093 3604 0 0 0 3604
2094 78 0 3515 0 3593
2095 3493 0 0 0 3493
2096 1 0 3537 14 3552
2097 0 0 0 3353 3353
2098 0 0 3430 0 3430
2099 0 0 1 3366 3367
2100 3407 0 13 0 3420
2101 1 2 0 3387 3390
2102 3340 0 0 1 3341
2103 1 3290 0 0 3291
2104 0 1 0 3352 3353
2105 0 0 3332 0 3332
2106 2 0 3350 0 3352
2107 0 0 0 3278 3278
2108 0 0 0 3229 3229
2109 0 3216 0 0 3216
2110 3286 0 0 0 3286
2111 3290 0 1 0 3291
2112 0 0 0 3248 3248
2113 1 0 3274 1 3276
2114 3217 0 0 0 3217
2115 3211 0 1 0 3212
2116 0 0 1 3129 3130
2117 0 0 3141 0 3141
2118 1 0 3069 0 3070
2119 0 0 0 2995 2995
2120 0 0 0 3014 3014
2121 1 0 2989 0 2990
2122 0 0 2896 0 2896
2123 0 0 2795 0 2795
2124 1 2627 0 0 2628
2125 0 0 0 2806 2806
2126 0 0 0 2791 2791
2127 0 0 0 2824 2824
2128 0 0 2781 1 2782
2129 2698 0 1 0 2699
2130 2686 0 0 0 2686
2131 2710 0 0 0 2710
2132 2694 0 14 1 2709
2133 0 0 2711 0 2711
2134 0 0 2682 0 2682
2135 2656 0 0 0 2656
2136 1 0 2637 0 2638
2137 35 0 2568 0 2603
2138 0 0 2571 0 2571
2139 0 0 2553 0 2553
2140 2510 0 0 0 2510
2141 0 0 2525 0 2525
2142 0 0 1 2370 2371
2143 2461 0 0 0 2461
2144 2407 0 0 0 2407
2145 1119 0 1215 0 2334
2146 0 3 2286 0 2289
2147 0 0 0 2145 2145
2148 0 0 2224 0 2224
2149 0 0 0 2212 2212
2150 0 0 0 2229 2229
2151 0 1 2177 0 2178
2152 2 0 2134 0 2136
2153 2125 0 0 0 2125
2154 2118 0 0 0 2118
2155 0 0 0 2066 2066
2156 0 2015 0 1 2016
2157 2033 0 0 0 2033
2158 2 0 2057 0 2059
2159 0 0 0 2020 2020
2160 0 0 1981 0 1981
2161 0 0 1931 0 1931
2162 1928 0 1 0 1929
2163 0 0 0 1919 1919
2164 0 0 1916 0 1916
2165 1860 0 0 2 1862
2166 1859 0 0 0 1859
2167 0 0 1837 1 1838
2168 0 0 0 1858 1858
2169 1849 0 2 0 1851
2170 1851 0 5 0 1856
2171 0 0 0 1848 1848
2172 0 0 1807 0 1807
2173 10 0 1797 0 1807
2174 1815 0 0 0 1815
2175 0 0 0 1776 1776
2176 1 0 1778 0 1779
2177 1774 0 0 0 1774
2178 1766 0 0 0 1766
2179 0 0 0 1736 1736
2180 1728 0 0 0 1728
2181 1690 0 0 0 1690
2182 0 0 0 0 0
