0 0 0 0 0 0
1 1922 0 0 0 1922
2 0 0 0 2098 2098
3 0 0 2224 0 2224
4 0 0 2200 0 2200
5 2197 0 0 0 2197
6 0 1 0 2222 2223
7 2194 1 0 0 2195
8 0 2587 0 0 2587
9 0 0 0 2708 2708
10 0 0 0 2713 2713
11 0 0 0 2804 2804
12 0 1 0 2840 2841
13 3060 0 0 0 3060
14 0 0 0 3047 3047
15 0 0 0 3029 3029
16 3050 0 0 1 3051
17 0 3204 0 0 3204
18 3221 0 0 0 3221
19 3185 1 0 0 3186
20 0 0 3234 0 3234
21 3263 0 0 0 3263
22 3268 0 0 0 3268
23 3278 1 0 0 3279
24 0 3307 0 0 3307
25 0 1 0 3306 3307
26 0 0 0 3372 3372
27 0 3348 0 1 3349
28 0 3370 0 0 3370
29 3375 0 0 0 3375
30 0 0 3347 0 3347
31 3346 0 0 0 3346
32 0 3349 0 0 3349
33 0 2 0 3350 3352
34 3357 0 2 0 3359
35 0 3361 0 0 3361
36 3336 0 0 0 3336
37 3330 0 0 0 3330
38 0 1 1 3365 3367
39 3336 0 1 0 3337
40 3341 0 0 2 3343
41 0 0 1 3385 3386
42 3364 0 0 0 3364
43 0 3361 0 0 3361
44 3364 0 0 1 3365
45 3345 2 0 0 3347
46 3328 0 0 0 3328
47 3325 28 0 0 3353
48 0 0 3280 0 3280
49 0 0 3254 0 3254
50 0 3327 0 0 3327
51 0 3381 0 0 3381
52 3429 0 0 0 3429
53 3415 0 1 0 3416
54 3453 0 0 1 3454
55 3467 0 0 0 3467
56 3474 0 2 1 3477
57 0 3457 0 0 3457
58 3491 0 1 0 3492
59 0 3479 0 1 3480
60 3550 0 0 0 3550
61 3519 0 0 0 3519
62 0 0 0 3527 3527
63 0 0 3497 0 3497
64 1 1 3490 0 3492
65 0 3533 0 0 3533
66 3591 0 0 0 3591
67 0 1 3567 1 3569
68 3484 0 48 0 3532
69 3594 0 0 0 3594
70 0 0 0 3627 3627
71 0 0 0 3603 3603
72 0 1792 0 1836 3628
73 3632 0 4 0 3636
74 0 0 3582 0 3582
75 0 0 1 3569 3570
76 1 0 3551 0 3552
77 3616 0 0 0 3616
78 3645 0 0 0 3645
79 0 0 3586 0 3586
80 3604 0 1 0 3605
81 0 0 0 3637 3637
82 1 3642 0 1 3644
83 0 3682 0 0 3682
84 0 50 0 3630 3680
85 2 0 3688 1 3691
86 3691 0 0 0 3691
87 3685 0 0 0 3685
88 0 0 0 3687 3687
89 0 0 0 3759 3759
90 0 0 3736 0 3736
91 0 3727 1 1 3729
92 3807 0 2 0 3809
93 3798 0 0 0 3798
94 32 3783 0 1 3816
95 0 3814 0 0 3814
96 3846 0 0 0 3846
97 1 0 3793 0 3794
98 0 3791 0 0 3791
99 3848 0 0 0 3848
100 3855 0 1 0 3856
101 1 0 1 3817 3819
102 0 0 3775 0 3775
103 1 3794 0 0 3795
104 0 1 0 3817 3818
105 3817 0 0 18 3835
106 0 0 0 3807 3807
107 1 0 0 3802 3803
108 0 3793 0 0 3793
109 3775 0 0 1 3776
110 3758 0 1 0 3759
111 0 46 0 3697 3743
112 3761 0 0 0 3761
113 0 0 0 3745 3745
114 0 3740 0 0 3740
115 0 0 0 3745 3745
116 2 0 3709 0 3711
117 0 3842 0 1 3843
118 3 0 3856 0 3859
119 0 2 0 3813 3815
120 0 3715 0 115 3830
121 0 3849 0 0 3849
122 3864 0 0 0 3864
123 0 0 0 3925 3925
124 0 3978 0 0 3978
125 0 0 0 3999 3999
126 3974 0 0 0 3974
127 0 0 3969 0 3969
128 3943 1 0 0 3944
129 0 0 4066 0 4066
130 0 0 4042 1 4043
131 0 0 0 3963 3963
132 0 1 1 4098 4100
133 0 0 1 4117 4118
134 0 0 4131 0 4131
135 0 4061 0 1 4062
136 0 1 0 4099 4100
137 4101 0 2 0 4103
138 0 0 0 4089 4089
139 1 0 4033 0 4034
140 0 1 0 4041 4042
141 4109 0 0 0 4109
142 4111 0 0 1 4112
143 0 0 0 4101 4101
144 4133 0 0 0 4133
145 4042 0 0 1 4043
146 1 0 4104 0 4105
147 0 0 0 3913 3913
148 0 0 4039 0 4039
149 4087 0 1 1 4089
150 0 4134 0 0 4134
151 4094 84 1 0 4179
152 0 0 0 4429 4429
153 0 0 4507 0 4507
154 4507 0 0 0 4507
155 4514 0 1 24 4539
156 1 0 0 4577 4578
157 0 0 0 4631 4631
158 0 1 0 4623 4624
159 0 5 0 4604 4609
160 0 4517 1 3 4521
161 0 1 1 4551 4553
162 0 2 0 4562 4564
163 0 0 4531 1 4532
164 4525 0 0 0 4525
165 0 4523 0 2 4525
166 1 0 4563 0 4564
167 4576 0 0 0 4576
168 4650 0 1 0 4651
169 72 0 4686 0 4758
170 4705 0 0 0 4705
171 4779 1 0 0 4780
172 0 0 4836 0 4836
173 0 0 4815 0 4815
174 4784 0 0 0 4784
175 4841 0 0 0 4841
176 4848 0 0 1 4849
177 4828 0 1 0 4829
178 0 0 4796 0 4796
179 0 4823 0 0 4823
180 4863 0 2 0 4865
181 0 0 0 4881 4881
182 4886 0 0 0 4886
183 1 0 0 4852 4853
184 4861 0 0 0 4861
185 0 4844 0 3 4847
186 4850 0 0 0 4850
187 0 0 4818 0 4818
188 0 4640 0 0 4640
189 4689 0 0 0 4689
190 0 0 1 4697 4698
191 0 1 0 4706 4707
192 4699 0 2 0 4701
193 0 0 4589 0 4589
194 4506 1 0 0 4507
195 4534 1 0 0 4535
196 1 0 4582 0 4583
197 0 0 4548 0 4548
198 4517 0 56 0 4573
199 0 4619 0 2 4621
200 4661 0 26 0 4687
201 4649 0 0 0 4649
202 0 0 4702 0 4702
203 0 0 4625 0 4625
204 0 0 4665 0 4665
205 4822 0 0 0 4822
206 4868 0 0 0 4868
207 4793 0 0 0 4793
208 0 0 4782 0 4782
209 4761 0 1 0 4762
210 4802 0 0 0 4802
211 0 5084 0 0 5084
212 5111 0 2 0 5113
213 5107 0 0 0 5107
214 5095 0 0 0 5095
215 4996 0 0 0 4996
216 0 4903 0 54 4957
217 0 0 0 5033 5033
218 0 0 0 5084 5084
219 0 0 4994 0 4994
220 4958 0 1 1 4960
221 0 0 4968 0 4968
222 4930 0 0 0 4930
223 0 4961 0 0 4961
224 1 4806 0 103 4910
225 4987 0 1 1 4989
226 0 5048 0 0 5048
227 5057 0 1 0 5058
228 5023 0 4 0 5027
229 0 0 0 4945 4945
230 4864 0 0 0 4864
231 0 0 0 4808 4808
232 0 0 4788 0 4788
233 4715 0 0 0 4715
234 4717 0 0 0 4717
235 0 0 4776 0 4776
236 1 1 0 4277 4279
237 4628 0 0 0 4628
238 4643 0 0 0 4643
239 1 0 0 4639 4640
240 0 0 0 4651 4651
241 0 0 4551 0 4551
242 4522 0 0 0 4522
243 0 0 4552 0 4552
244 1 1 4566 0 4568
245 2 0 4505 0 4507
246 4542 0 0 0 4542
247 4577 1 1 0 4579
248 0 3 0 4449 4452
249 0 1 4510 0 4511
250 0 4475 0 1 4476
251 0 4540 0 1 4541
252 4616 0 1 0 4617
253 4519 0 0 0 4519
254 0 0 4497 0 4497
255 4481 1 0 2 4484
256 4434 1 0 0 4435
257 1 4461 0 0 4462
258 0 4373 0 0 4373
259 4473 0 0 0 4473
260 0 1 0 4405 4406
261 4505 0 0 0 4505
262 0 0 4414 0 4414
263 1 4443 0 0 4444
264 4495 0 0 0 4495
265 0 0 0 4333 4333
266 0 0 4335 0 4335
267 0 1 4335 0 4336
268 4343 1 1 0 4345
269 0 0 0 4449 4449
270 0 0 4478 0 4478
271 1 0 4418 0 4419
272 2 0 0 4222 4224
273 0 4293 0 0 4293
274 0 4350 0 1 4351
275 4374 1 0 0 4375
276 0 0 4329 1 4330
277 4294 2 1 0 4297
278 0 0 4252 1 4253
279 4103 1 0 0 4104
280 0 1 0 4078 4079
281 0 4126 0 0 4126
282 0 4249 0 0 4249
283 0 0 0 4212 4212
284 0 0 0 4195 4195
285 4184 0 0 0 4184
286 0 0 4030 2 4032
287 1 4041 0 1 4043
288 0 27 0 3998 4025
289 0 4091 0 0 4091
290 4131 1 1 0 4133
291 4124 0 1 0 4125
292 1 0 4099 0 4100
293 4054 0 0 0 4054
294 0 0 4018 0 4018
295 0 4019 0 1 4020
296 4047 133 37 61 4278
297 1 1 0 4297 4299
298 0 0 4315 0 4315
299 0 0 4291 0 4291
300 4183 0 0 0 4183
301 4259 0 1 0 4260
302 0 0 0 4246 4246
303 4251 0 0 0 4251
304 61 0 4127 1 4189
305 4179 0 0 0 4179
306 0 0 4153 1 4154
307 4116 0 1 1 4118
308 0 4062 0 0 4062
309 0 0 0 3964 3964
310 0 3920 1 0 3921
311 1 3876 0 1 3878
312 0 3978 0 0 3978
313 3866 3 1 1 3871
314 3765 0 0 0 3765
315 0 0 3791 1 3792
316 0 0 0 3681 3681
317 3637 0 44 0 3681
318 1 0 0 3663 3664
319 0 3713 0 22 3735
320 0 0 0 3769 3769
321 0 0 3793 1 3794
322 2 0 3776 0 3778
323 0 3739 0 0 3739
324 0 0 0 3859 3859
325 0 0 3811 1 3812
326 3675 0 1 0 3676
327 0 0 0 3699 3699
328 0 0 0 3652 3652
329 0 2 0 3698 3700
330 0 0 3729 1 3730
331 0 0 0 3686 3686
332 0 0 0 3728 3728
333 0 1 0 3770 3771
334 0 0 3815 1 3816
335 3900 0 1 0 3901
336 0 0 0 3914 3914
337 0 0 0 3962 3962
338 3933 1 1 1 3936
339 0 3963 0 0 3963
340 4006 0 0 0 4006
341 3975 0 0 0 3975
342 3930 0 1 0 3931
343 3880 0 0 0 3880
344 0 3992 0 0 3992
345 0 4016 0 0 4016
346 4107 0 1 0 4108
347 4163 0 1 0 4164
348 4142 0 0 0 4142
349 4122 0 1 0 4123
350 11 0 4124 0 4135
351 4101 0 0 0 4101
352 0 1 0 4082 4083
353 2 0 0 4151 4153
354 1 1 0 4145 4147
355 4099 0 0 0 4099
356 0 1 0 3994 3995
357 4134 0 0 0 4134
358 0 0 4081 1 4082
359 4100 0 0 0 4100
360 4052 0 2 0 4054
361 0 0 4055 1 4056
362 0 0 1 3948 3949
363 0 0 0 3945 3945
364 0 0 4006 1 4007
365 1 0 4014 1 4016
366 3977 0 22 1 4000
367 4190 0 0 0 4190
368 1 0 1 4241 4243
369 4230 0 0 0 4230
370 4238 0 2 0 4240
371 0 4218 0 0 4218
372 4230 0 0 0 4230
373 4199 0 0 0 4199
374 4186 0 0 0 4186
375 0 0 4288 0 4288
376 0 0 4291 0 4291
377 0 0 4374 1 4375
378 4301 0 1 0 4302
379 1 0 0 4382 4383
380 0 3 0 4436 4439
381 0 0 4608 0 4608
382 0 0 4701 0 4701
383 0 4711 0 1 4712
384 1 0 0 4695 4696
385 0 0 4658 0 4658
386 4575 0 0 0 4575
387 1 0 0 4652 4653
388 1 0 4654 0 4655
389 4591 0 1 0 4592
390 0 0 0 4626 4626
391 0 0 0 4651 4651
392 4558 0 1 26 4585
393 0 4710 0 0 4710
394 0 0 0 4792 4792
395 0 0 0 4904 4904
396 0 0 0 4971 4971
397 0 0 0 5011 5011
398 0 0 5038 25 5063
399 0 0 5097 0 5097
400 5158 1 0 0 5159
401 5370 0 8 0 5378
402 5526 0 1 1 5528
403 5517 0 0 1 5518
404 5496 1 2 0 5499
405 0 2 5499 0 5501
406 5459 0 0 0 5459
407 5592 1 0 0 5593
408 5585 0 1 0 5586
409 0 0 5964 0 5964
410 5985 0 0 0 5985
411 5977 0 0 0 5977
412 5991 0 0 0 5991
413 5753 0 0 0 5753
414 5746 0 1 0 5747
415 0 3 0 5721 5724
416 0 0 1 5552 5553
417 1 0 5575 0 5576
418 0 0 5552 1 5553
419 2 0 5546 0 5548
420 5535 0 0 0 5535
421 5603 0 0 0 5603
422 5604 0 0 0 5604
423 0 2 2 5549 5553
424 5544 0 0 0 5544
425 0 0 5430 1 5431
426 0 5496 0 0 5496
427 5555 0 0 0 5555
428 0 0 29 5530 5559
429 1 0 5523 0 5524
430 0 0 5470 0 5470
431 5480 2 0 0 5482
432 5510 1 0 0 5511
433 0 5509 0 0 5509
434 0 0 2 5626 5628
435 1 0 5627 0 5628
436 5610 0 0 0 5610
437 0 0 0 5698 5698
438 0 0 5722 0 5722
439 5692 0 0 5 5697
440 0 0 0 5701 5701
441 5680 1 0 0 5681
442 0 0 0 5740 5740
443 0 0 0 5742 5742
444 0 5711 0 1 5712
445 5779 0 0 0 5779
446 101 0 5611 2 5714
447 0 5722 0 0 5722
448 0 1 0 5790 5791
449 5797 0 1 0 5798
450 0 5663 0 0 5663
451 5696 1 0 0 5697
452 5702 0 0 1 5703
453 0 0 2 5633 5635
454 0 5665 0 0 5665
455 5667 0 0 0 5667
456 5647 0 0 0 5647
457 3 0 5613 0 5616
458 5602 0 2 0 5604
459 1 5643 0 0 5644
460 0 1 0 5608 5609
461 5596 0 1 0 5597
462 0 5621 0 0 5621
463 0 0 0 5566 5566
464 1 5669 0 0 5670
465 0 0 5718 0 5718
466 0 0 0 5645 5645
467 0 0 1 5744 5745
468 5751 0 0 0 5751
469 5702 0 0 0 5702
470 0 0 5773 0 5773
471 0 0 0 5755 5755
472 5888 0 0 0 5888
473 5900 1 1 0 5902
474 0 0 0 5902 5902
475 0 0 5899 0 5899
476 5906 0 1 0 5907
477 5838 0 2 1 5841
478 1 0 0 5868 5869
479 0 5875 0 0 5875
480 2 5871 1 0 5874
481 0 0 0 5845 5845
482 0 5902 0 0 5902
483 5990 19 1 0 6010
484 0 0 1 5961 5962
485 0 0 1 6037 6038
486 1 0 6024 0 6025
487 0 0 6012 0 6012
488 5736 0 0 2 5738
489 0 1 0 5823 5824
490 3 0 5851 0 5854
491 5751 0 0 1 5752
492 0 1 5843 0 5844
493 13 0 5797 0 5810
494 5719 0 32 0 5751
495 5801 0 0 0 5801
496 1 0 5813 1 5815
497 0 0 5846 0 5846
498 0 0 5794 0 5794
499 5759 0 1 1 5761
500 5825 0 0 0 5825
501 5812 0 0 0 5812
502 0 0 5844 0 5844
503 0 0 5800 0 5800
504 0 0 5767 0 5767
505 5807 0 1 0 5808
506 2 0 5817 0 5819
507 5797 0 0 0 5797
508 0 0 5802 0 5802
509 0 1 0 5762 5763
510 0 0 5805 0 5805
511 1 5871 0 0 5872
512 0 0 0 5926 5926
513 5961 1 0 0 5962
514 5930 0 1 0 5931
515 1 0 5922 0 5923
516 0 5821 0 0 5821
517 5911 1 0 0 5912
518 28 0 5860 0 5888
519 5863 0 2 0 5865
520 0 5869 0 0 5869
521 2 0 0 5853 5855
522 0 5875 0 1 5876
523 5901 0 0 0 5901
524 0 5908 0 1 5909
525 5832 0 1 1 5834
526 0 0 5858 0 5858
527 5849 1 0 0 5850
528 5712 0 0 0 5712
529 0 5686 0 0 5686
530 0 0 0 5640 5640
531 0 49 1 5534 5584
532 1 5651 0 1 5653
533 5673 0 1 0 5674
534 1 0 5740 0 5741
535 1 0 5745 0 5746
536 1 5652 0 0 5653
537 0 1 0 5687 5688
538 0 0 5693 0 5693
539 5679 0 0 0 5679
540 5630 0 1 0 5631
541 1 0 0 5539 5540
542 0 1 0 5483 5484
543 5512 0 0 0 5512
544 5467 1 1 0 5469
545 0 0 5439 0 5439
546 1 1 0 5068 5070
547 0 5171 0 1 5172
548 0 1 0 5258 5259
549 2 0 5256 0 5258
550 5224 0 0 0 5224
551 5227 0 0 0 5227
552 5249 0 1 0 5250
553 5198 1 2 0 5201
554 5186 0 0 0 5186
555 0 0 1 5043 5044
556 0 0 0 5020 5020
557 0 1 0 5047 5048
558 5044 0 0 0 5044
559 0 0 0 4835 4835
560 1 0 4828 0 4829
561 0 0 4624 0 4624
562 0 4576 0 1 4577
563 4671 1 1 0 4673
564 4635 0 0 0 4635
565 0 0 4729 0 4729
566 0 1 0 4666 4667
567 0 0 0 4659 4659
568 1 4754 0 0 4755
569 0 0 0 4796 4796
570 0 4732 0 1 4733
571 4805 1 0 0 4806
572 0 0 0 4779 4779
573 4747 0 0 0 4747
574 0 0 4779 0 4779
575 0 0 4650 0 4650
576 4484 1 45 0 4530
577 0 0 4666 0 4666
578 4633 0 0 0 4633
579 4708 0 0 0 4708
580 0 0 4728 0 4728
581 4549 0 144 0 4693
582 4694 0 1 0 4695
583 0 0 4710 0 4710
584 4748 0 0 0 4748
585 0 0 0 4779 4779
586 0 0 4858 0 4858
587 0 1 0 4841 4842
588 0 0 0 4889 4889
589 0 0 4790 0 4790
590 4477 0 0 0 4477
591 4509 0 0 1 4510
592 4527 0 0 0 4527
593 4540 29 2 0 4571
594 18 0 4644 0 4662
595 1 0 4751 0 4752
596 1 0 4750 0 4751
597 4799 0 0 0 4799
598 4784 0 1 0 4785
599 0 2 0 4730 4732
600 0 0 0 4740 4740
601 0 0 4726 0 4726
602 4836 0 0 0 4836
603 0 0 1 4955 4956
604 0 0 0 5089 5089
605 0 0 0 5053 5053
606 0 1 0 5045 5046
607 5005 0 29 0 5034
608 4826 0 238 0 5064
609 4993 0 0 0 4993
610 0 5065 0 0 5065
611 0 1 0 5020 5021
612 0 0 0 5031 5031
613 0 0 5118 0 5118
614 0 0 5016 0 5016
615 5045 0 3 1 5049
616 2 5123 1 1 5127
617 5115 0 1 0 5116
618 0 0 5082 0 5082
619 5079 0 0 0 5079
620 0 5064 0 0 5064
621 5087 0 3 0 5090
622 5100 0 0 0 5100
623 0 0 0 5098 5098
624 5076 0 29 1 5106
625 0 0 0 5085 5085
626 0 5065 0 0 5065
627 0 0 0 5052 5052
628 5050 0 0 0 5050
629 0 0 4891 0 4891
630 4840 0 0 1 4841
631 0 4867 0 0 4867
632 0 0 0 4787 4787
633 4719 0 0 0 4719
634 4675 0 0 2 4677
635 0 0 4666 0 4666
636 4591 0 1 26 4618
637 0 0 4582 0 4582
638 4578 0 0 0 4578
639 0 0 0 4580 4580
640 4467 0 29 0 4496
641 1 0 2 4486 4489
642 4488 0 0 0 4488
643 0 0 0 4513 4513
644 1 4474 1 0 4476
645 0 1 0 4410 4411
646 0 0 4355 1 4356
647 0 0 0 4367 4367
648 1 2 1 4284 4288
649 0 4272 0 1 4273
650 0 4346 0 1 4347
651 4364 0 0 0 4364
652 1 0 4348 0 4349
653 0 4313 0 0 4313
654 0 4384 0 1 4385
655 0 0 4407 0 4407
656 0 0 4442 0 4442
657 0 0 1 4362 4363
658 0 0 0 4357 4357
659 0 0 0 4387 4387
660 0 4412 0 1 4413
661 0 6 0 4332 4338
662 0 4328 0 1 4329
663 1 4430 0 1 4432
664 4489 0 2 0 4491
665 4430 0 0 2 4432
666 0 0 0 4448 4448
667 0 0 0 4450 4450
668 0 0 0 4336 4336
669 0 0 0 4409 4409
670 3 0 4398 0 4401
671 4365 0 1 0 4366
672 4430 1 0 0 4431
673 2 0 4424 1 4427
674 4 1 4382 0 4387
675 4399 0 0 0 4399
676 4419 0 0 0 4419
677 0 2 0 4441 4443
678 0 0 4443 0 4443
679 4436 0 0 0 4436
680 0 0 4389 0 4389
681 0 0 4335 0 4335
682 4352 0 0 0 4352
683 0 0 4458 0 4458
684 0 4452 0 0 4452
685 0 0 26 4473 4499
686 4451 0 30 0 4481
687 1 4454 0 2 4457
688 4451 0 0 0 4451
689 0 1 1 4436 4438
690 4468 0 0 0 4468
691 1 0 4524 0 4525
692 4449 0 0 0 4449
693 0 4543 0 0 4543
694 4499 0 0 0 4499
695 4468 0 0 0 4468
696 0 0 0 4508 4508
697 4541 0 0 0 4541
698 0 0 0 4490 4490
699 4499 0 28 0 4527
700 0 0 4466 0 4466
701 4386 0 6 0 4392
702 0 4420 0 77 4497
703 0 4452 0 0 4452
704 1 4445 0 0 4446
705 4461 0 0 0 4461
706 4500 0 0 0 4500
707 4501 0 0 0 4501
708 4444 0 0 0 4444
709 0 0 4440 0 4440
710 0 0 4323 0 4323
711 4328 0 0 0 4328
712 0 0 4383 0 4383
713 0 4458 0 0 4458
714 4484 0 1 0 4485
715 4578 0 0 0 4578
716 0 0 0 4587 4587
717 4597 0 0 0 4597
718 0 0 4534 0 4534
719 4532 0 1 0 4533
720 0 0 4785 0 4785
721 4645 0 2 2 4649
722 0 0 4654 0 4654
723 4626 0 1 0 4627
724 4697 0 0 0 4697
725 4665 0 0 0 4665
726 0 1 0 4664 4665
727 0 4662 0 0 4662
728 0 0 0 4652 4652
729 4583 0 0 0 4583
730 1 0 4538 0 4539
731 0 4492 0 1 4493
732 4557 0 1 0 4558
733 4512 2 0 0 4514
734 1 0 4496 0 4497
735 84 0 4344 0 4428
736 4432 0 1 0 4433
737 1 0 0 4372 4373
738 0 0 4299 0 4299
739 0 0 0 4295 4295
740 0 4315 0 0 4315
741 0 0 0 4466 4466
742 0 4366 0 0 4366
743 0 4375 0 0 4375
744 0 4432 0 0 4432
745 0 0 0 4403 4403
746 0 1 0 4436 4437
747 4461 0 0 0 4461
748 0 0 4412 1 4413
749 1 1 0 4324 4326
750 4403 0 43 1 4447
751 0 0 0 4377 4377
752 0 4439 0 0 4439
753 4450 1 0 1 4452
754 0 0 4475 0 4475
755 0 2100 0 2234 4334
756 0 4301 0 64 4365
757 4310 0 0 0 4310
758 0 4353 0 0 4353
759 4287 0 1 0 4288
760 205 4118 0 0 4323
761 0 4242 0 0 4242
762 0 0 0 4249 4249
763 4269 0 0 0 4269
764 4218 0 0 0 4218
765 4214 0 1 0 4215
766 4329 0 0 0 4329
767 4313 0 1 0 4314
768 0 0 4305 0 4305
769 0 0 0 4133 4133
770 0 0 0 4280 4280
771 4335 0 0 0 4335
772 4309 0 1 0 4310
773 0 4305 0 1 4306
774 4306 0 0 0 4306
775 0 0 0 4269 4269
776 0 0 4211 1 4212
777 0 0 4086 1 4087
778 0 0 4102 0 4102
779 4226 1 0 0 4227
780 0 0 4276 0 4276
781 0 0 4222 0 4222
782 4232 0 1 1 4234
783 0 4267 0 0 4267
784 0 4303 0 0 4303
785 0 0 0 4322 4322
786 4348 0 0 0 4348
787 4322 0 0 0 4322
788 0 0 4216 1 4217
789 4188 0 0 0 4188
790 1 4205 0 0 4206
791 1 4224 0 1 4226
792 4252 1 1 1 4255
793 4170 0 0 0 4170
794 0 1 1 4212 4214
795 4249 0 0 0 4249
796 0 0 4153 1 4154
797 0 1 4089 0 4090
798 2 4131 22 0 4155
799 0 4141 0 0 4141
800 0 4175 0 0 4175
801 0 0 0 4184 4184
802 0 4186 0 0 4186
803 4142 0 0 0 4142
804 0 4204 0 0 4204
805 4194 0 1 0 4195
806 0 1 0 4165 4166
807 0 2 0 4167 4169
808 1 2 0 4158 4161
809 4162 0 0 0 4162
810 0 4105 0 28 4133
811 0 0 3985 0 3985
812 4119 0 0 0 4119
813 0 4207 0 0 4207
814 0 4187 0 0 4187
815 4194 0 0 0 4194
816 1 0 0 4198 4199
817 0 0 4168 0 4168
818 4163 0 0 0 4163
819 0 0 4084 1 4085
820 0 4158 0 0 4158
821 0 0 0 4128 4128
822 4133 0 0 1 4134
823 0 4163 0 1 4164
824 1 4199 0 0 4200
825 4209 0 0 0 4209
826 0 0 4165 0 4165
827 4113 0 29 0 4142
828 4162 0 0 21 4183
829 0 0 4192 0 4192
830 0 0 0 4051 4051
831 1 0 0 4082 4083
832 0 4180 0 0 4180
833 0 4201 0 0 4201
834 4241 0 1 0 4242
835 0 0 0 4242 4242
836 4263 0 0 0 4263
837 0 0 0 4264 4264
838 4255 0 0 0 4255
839 4250 0 0 1 4251
840 0 0 24 4314 4338
841 0 0 4176 0 4176
842 0 4140 0 0 4140
843 0 4039 0 1 4040
844 0 0 0 3994 3994
845 1 0 0 3999 4000
846 0 1 0 3977 3978
847 0 3996 0 0 3996
848 0 0 0 3972 3972
849 0 1 0 3942 3943
850 6 3963 0 1 3970
851 0 0 0 3930 3930
852 3976 0 0 0 3976
853 3915 1 0 0 3916
854 0 0 0 3900 3900
855 0 0 3887 0 3887
856 0 0 0 3838 3838
857 0 3882 0 0 3882
858 0 1 0 3920 3921
859 0 0 3923 0 3923
860 3885 0 0 0 3885
861 0 0 1 3873 3874
862 1 0 3816 0 3817
863 3869 0 0 0 3869
864 3857 1 1 0 3859
865 0 3860 0 1 3861
866 0 1 0 3840 3841
867 3900 0 0 0 3900
868 0 0 3880 0 3880
869 0 0 3870 1 3871
870 3865 0 0 0 3865
871 0 1 1 3795 3797
872 0 0 0 3781 3781
873 2 0 3906 0 3908
874 1 0 3903 0 3904
875 0 3881 0 5 3886
876 1 3945 0 0 3946
877 3973 2 0 1 3976
878 3987 0 0 0 3987
879 0 0 0 3914 3914
880 3952 0 0 0 3952
881 0 1 0 3927 3928
882 0 0 3921 0 3921
883 3863 0 0 0 3863
884 0 3891 0 1 3892
885 0 2 0 3900 3902
886 0 0 3902 0 3902
887 3876 0 0 0 3876
888 1 0 3838 0 3839
889 0 0 3920 0 3920
890 0 0 3931 0 3931
891 4011 0 0 0 4011
892 4034 0 1 0 4035
893 4011 0 2 0 4013
894 1 0 4033 0 4034
895 0 0 0 3865 3865
896 0 4000 0 0 4000
897 1 4027 0 1 4029
898 4150 0 2 0 4152
899 4167 0 0 0 4167
900 4157 0 1 0 4158
901 4165 0 0 0 4165
902 4070 0 1 0 4071
903 4042 0 0 0 4042
904 0 4010 0 0 4010
905 0 4025 0 0 4025
906 0 0 4015 0 4015
907 3991 0 0 0 3991
908 4016 0 0 0 4016
909 1 0 3962 0 3963
910 4012 0 0 0 4012
911 0 4075 0 0 4075
912 4095 0 0 0 4095
913 0 0 0 4050 4050
914 0 5 0 4035 4040
915 4053 0 1 53 4107
916 0 0 4082 0 4082
917 1 3924 0 0 3925
918 0 3984 0 0 3984
919 4017 0 2 0 4019
920 3970 0 3 0 3973
921 3989 1 0 0 3990
922 0 0 3943 0 3943
923 3943 0 0 0 3943
924 3937 0 0 0 3937
925 0 0 0 3943 3943
926 0 0 3933 0 3933
927 0 2 0 3809 3811
928 0 3871 0 1 3872
929 1 0 0 3929 3930
930 3944 0 0 0 3944
931 0 0 3973 0 3973
932 3973 0 0 0 3973
933 3963 0 0 0 3963
934 3975 0 0 0 3975
935 3958 0 0 0 3958
936 0 0 3975 0 3975
937 0 0 0 3620 3620
938 3871 0 1 1 3873
939 17 3760 0 1 3778
940 1 0 0 3773 3774
941 0 3854 1 0 3855
942 3963 0 0 0 3963
943 3932 0 0 0 3932
944 1 3879 0 0 3880
945 3771 0 0 0 3771
946 0 3822 0 0 3822
947 0 0 0 3742 3742
948 3778 0 0 0 3778
949 0 3762 1 0 3763
950 0 0 3727 0 3727
951 3729 0 0 0 3729
952 0 0 3692 0 3692
953 3650 0 0 0 3650
954 0 2 0 3623 3625
955 0 3677 0 0 3677
956 3722 0 1 0 3723
957 3693 0 0 0 3693
958 3680 0 0 1 3681
959 0 3682 0 0 3682
960 0 0 0 3547 3547
961 0 0 3510 0 3510
962 3453 0 1 0 3454
963 0 3535 0 0 3535
964 0 3458 0 0 3458
965 0 3456 0 1 3457
966 3428 0 0 0 3428
967 3374 0 0 0 3374
968 1 0 0 3326 3327
969 3371 0 0 0 3371
970 0 0 0 3345 3345
971 0 0 0 3382 3382
972 3438 0 0 0 3438
973 3426 0 0 0 3426
974 0 0 0 3374 3374
975 3423 0 0 0 3423
976 3434 0 0 0 3434
977 4 0 0 3366 3370
978 1 0 3436 0 3437
979 3462 0 0 2 3464
980 3424 0 0 0 3424
981 3437 0 0 0 3437
982 3472 0 0 0 3472
983 0 0 3289 0 3289
984 0 3240 0 0 3240
985 1 0 3292 2 3295
986 3299 0 0 0 3299
987 55 1 3290 0 3346
988 3344 0 0 0 3344
989 3356 0 0 1 3357
990 3471 0 0 0 3471
991 0 0 3443 2 3445
992 0 3466 0 0 3466
993 0 1 0 3490 3491
994 3539 0 0 0 3539
995 3547 0 0 0 3547
996 0 3560 0 0 3560
997 0 0 3554 0 3554
998 3570 0 10 0 3580
999 3598 0 1 0 3599
1000 3593 0 0 0 3593
1001 3541 0 0 0 3541
1002 0 1 0 3541 3542
1003 0 0 1 3535 3536
1004 0 2 0 3448 3450
1005 0 3539 0 0 3539
1006 0 1 1 3536 3538
1007 0 0 0 3554 3554
1008 3527 0 1 0 3528
1009 0 0 0 3621 3621
1010 0 0 3646 0 3646
1011 0 0 3646 0 3646
1012 3597 0 0 0 3597
1013 3573 0 1 0 3574
1014 0 0 3518 0 3518
1015 0 3486 0 0 3486
1016 0 0 0 3526 3526
1017 0 1 0 3539 3540
1018 0 1 0 3581 3582
1019 0 0 3569 0 3569
1020 0 0 3628 0 3628
1021 3593 0 0 0 3593
1022 0 0 3610 0 3610
1023 3452 0 4 66 3522
1024 0 0 3530 0 3530
1025 3518 0 0 0 3518
1026 0 3547 0 0 3547
1027 0 3 0 3539 3542
1028 0 0 3567 0 3567
1029 0 0 0 3502 3502
1030 1 0 3547 0 3548
1031 1 0 0 3522 3523
1032 3584 1 1 0 3586
1033 3545 1 0 0 3546
1034 3563 1 0 0 3564
1035 0 0 0 3545 3545
1036 3498 1 0 3 3502
1037 0 3517 0 0 3517
1038 3540 0 0 0 3540
1039 3611 0 0 0 3611
1040 0 1 0 3569 3570
1041 3606 0 0 0 3606
1042 3622 1 0 0 3623
1043 0 0 3616 0 3616
1044 0 0 0 3437 3437
1045 3561 2 0 0 3563
1046 3554 0 0 0 3554
1047 1 0 0 3602 3603
1048 0 0 3766 0 3766
1049 3635 1 109 0 3745
1050 0 1 3789 0 3790
1051 1 0 3916 0 3917
1052 3952 0 0 0 3952
1053 3913 0 0 0 3913
1054 0 0 3889 0 3889
1055 0 4279 0 0 4279
1056 0 1 4288 0 4289
1057 4243 0 0 0 4243
1058 0 0 4396 0 4396
1059 0 4354 0 14 4368
1060 4576 0 1 0 4577
1061 4593 0 0 0 4593
1062 0 4612 0 0 4612
1063 0 0 4497 0 4497
1064 4438 0 0 0 4438
1065 1 0 4446 0 4447
1066 0 4333 0 1 4334
1067 0 0 0 4404 4404
1068 4429 0 0 0 4429
1069 1 4539 0 0 4540
1070 4585 0 0 0 4585
1071 1 0 4557 1 4559
1072 4558 0 0 0 4558
1073 4569 1 0 0 4570
1074 4485 0 1 0 4486
1075 4354 60 1 0 4415
1076 0 4396 0 0 4396
1077 0 4377 0 1 4378
1078 4450 0 1 0 4451
1079 4414 0 2 0 4416
1080 0 1 0 4383 4384
1081 0 0 0 4379 4379
1082 4451 0 1 1 4453
1083 0 1 0 4349 4350
1084 0 1 4387 0 4388
1085 0 4217 0 0 4217
1086 0 4078 0 33 4111
1087 4181 1 1 1 4184
1088 4183 0 1 0 4184
1089 4151 0 0 0 4151
1090 0 0 1 4121 4122
1091 0 0 4078 0 4078
1092 0 1 4005 1 4007
1093 6 0 4056 0 4062
1094 0 4015 0 3 4018
1095 0 4035 0 0 4035
1096 3961 0 0 0 3961
1097 0 3991 0 0 3991
1098 3879 0 25 0 3904
1099 0 0 3921 0 3921
1100 0 0 3709 0 3709
1101 0 0 3697 0 3697
1102 2 0 3715 0 3717
1103 3679 0 0 0 3679
1104 0 0 0 3637 3637
1105 0 0 3708 0 3708
1106 0 0 3921 0 3921
1107 3891 0 1 1 3893
1108 0 0 0 3961 3961
1109 1 0 0 3982 3983
1110 4003 0 0 1 4004
1111 3982 0 0 0 3982
1112 0 4003 0 0 4003
1113 3974 0 2 0 3976
1114 0 0 0 3982 3982
1115 3937 0 0 0 3937
1116 0 4024 0 0 4024
1117 0 4093 0 0 4093
1118 4156 0 0 0 4156
1119 0 0 4162 0 4162
1120 4222 0 0 0 4222
1121 4444 0 0 0 4444
1122 4373 0 0 0 4373
1123 4616 0 0 1 4617
1124 0 0 0 4606 4606
1125 4603 0 0 0 4603
1126 4587 0 0 0 4587
1127 0 0 0 4577 4577
1128 3 0 4582 0 4585
1129 4556 1 2 0 4559
1130 4686 0 0 0 4686
1131 4702 0 1 0 4703
1132 0 0 4689 1 4690
1133 4697 0 0 0 4697
1134 4727 0 0 1 4728
1135 0 0 4716 0 4716
1136 0 0 0 4567 4567
1137 4695 1 0 0 4696
1138 1 0 4619 0 4620
1139 0 4645 0 0 4645
1140 4700 0 0 47 4747
1141 4725 0 0 0 4725
1142 0 0 0 4705 4705
1143 4740 0 0 1 4741
1144 0 1 4724 0 4725
1145 4728 0 0 0 4728
1146 0 1 0 4753 4754
1147 1 0 4805 0 4806
1148 4822 0 0 0 4822
1149 0 5001 0 0 5001
1150 2 0 5062 0 5064
1151 4988 0 0 0 4988
1152 4997 0 1 0 4998
1153 5055 0 0 1 5056
1154 0 5168 0 1 5169
1155 5205 0 2 0 5207
1156 5156 0 0 0 5156
1157 0 0 0 5162 5162
1158 0 0 5143 0 5143
1159 0 0 0 5031 5031
1160 0 0 5198 0 5198
1161 0 5100 0 6 5106
1162 0 5116 0 1 5117
1163 5057 0 0 0 5057
1164 5058 0 0 0 5058
1165 0 0 5084 0 5084
1166 5100 0 1 0 5101
1167 5102 0 0 0 5102
1168 0 0 5047 0 5047
1169 5122 0 1 0 5123
1170 0 0 5114 0 5114
1171 31 5161 0 1 5193
1172 0 5294 0 0 5294
1173 0 0 0 5254 5254
1174 5347 0 0 0 5347
1175 5332 0 0 0 5332
1176 5314 0 1 0 5315
1177 5293 0 0 0 5293
1178 0 0 0 5281 5281
1179 0 5226 0 0 5226
1180 0 5194 1 0 5195
1181 0 5268 0 0 5268
1182 0 0 0 5241 5241
1183 5302 0 0 0 5302
1184 5350 1 0 0 5351
1185 0 5333 0 1 5334
1186 5378 0 1 0 5379
1187 5340 0 0 0 5340
1188 5397 0 0 0 5397
1189 0 1 0 5403 5404
1190 0 0 5414 0 5414
1191 0 1 0 5244 5245
1192 5413 0 1 1 5415
1193 0 0 5379 0 5379
1194 5382 0 0 0 5382
1195 95 0 5355 0 5450
1196 1 0 0 5249 5250
1197 1 0 5374 0 5375
1198 1 0 5316 1 5318
1199 0 5499 0 0 5499
1200 0 44 1 5416 5461
1201 0 0 5508 0 5508
1202 0 5427 0 55 5482
1203 0 0 0 5531 5531
1204 0 1 0 5595 5596
1205 0 0 5583 0 5583
1206 1 0 5576 0 5577
1207 0 0 5818 0 5818
1208 0 0 0 5370 5370
1209 0 1 0 5812 5813
1210 0 5927 0 1 5928
1211 6096 1 0 0 6097
1212 6109 0 0 0 6109
1213 6095 0 0 0 6095
1214 0 6101 0 0 6101
1215 5985 0 1 0 5986
1216 0 1 5991 0 5992
1217 5936 0 2 2 5940
1218 78 1 5872 0 5951
1219 5936 0 1 0 5937
1220 0 0 0 6007 6007
1221 1 0 6063 0 6064
1222 6125 0 0 0 6125
1223 6156 0 0 0 6156
1224 0 0 1 6144 6145
1225 0 6169 0 1 6170
1226 0 0 0 6099 6099
1227 6137 0 1 0 6138
1228 0 0 0 6245 6245
1229 2 0 0 6347 6349
1230 2 0 6221 0 6223
1231 6244 0 0 0 6244
1232 1 0 6209 0 6210
1233 0 6206 1 1 6208
1234 6228 0 0 0 6228
1235 0 6248 0 0 6248
1236 0 0 0 6178 6178
1237 0 6132 0 0 6132
1238 0 2 0 6269 6271
1239 98 0 6146 0 6244
1240 6169 0 0 0 6169
1241 0 6261 0 1 6262
1242 6283 0 0 1 6284
1243 6248 0 0 0 6248
1244 0 0 6269 0 6269
1245 0 0 0 6125 6125
1246 6313 0 0 0 6313
1247 6300 0 0 0 6300
1248 6323 0 0 0 6323
1249 6333 0 0 0 6333
1250 0 0 6177 0 6177
1251 6267 0 1 1 6269
1252 1 0 6044 0 6045
1253 0 6338 0 0 6338
1254 0 0 0 6383 6383
1255 0 6358 0 0 6358
1256 0 0 0 6318 6318
1257 5 0 6326 0 6331
1258 0 0 6383 0 6383
1259 6340 0 0 0 6340
1260 0 6321 0 0 6321
1261 0 6370 0 0 6370
1262 0 0 0 6379 6379
1263 6376 0 2 0 6378
1264 0 6312 0 0 6312
1265 0 6412 0 0 6412
1266 6430 0 0 0 6430
1267 0 0 6361 1 6362
1268 6221 0 3 0 6224
1269 6330 1 0 1 6332
1270 6343 0 1 0 6344
1271 0 0 0 6374 6374
1272 6314 0 1 0 6315
1273 1 0 6138 1 6140
1274 0 0 6171 0 6171
1275 1 0 6254 0 6255
1276 1 6255 0 4 6260
1277 0 6329 0 0 6329
1278 6344 0 2 1 6347
1279 0 0 6393 2 6395
1280 6417 0 1 2 6420
1281 0 6204 0 0 6204
1282 6410 0 0 1 6411
1283 0 0 0 6275 6275
1284 6384 0 1 2 6387
1285 1 0 6159 0 6160
1286 0 6214 0 0 6214
1287 6177 1 0 0 6178
1288 0 6248 0 0 6248
1289 0 6240 0 0 6240
1290 0 6184 0 112 6296
1291 23 0 6236 1 6260
1292 0 1 0 5934 5935
1293 114 0 5994 1 6109
1294 1 0 6244 1 6246
1295 6100 0 36 0 6136
1296 104 0 6159 0 6263
1297 0 6110 0 0 6110
1298 6202 0 0 0 6202
1299 1 0 0 6418 6419
1300 0 0 6465 0 6465
1301 2 2 0 6185 6189
1302 6367 0 2 0 6369
1303 0 0 6440 0 6440
1304 1 0 6429 0 6430
1305 6185 0 0 0 6185
1306 6364 0 0 1 6365
1307 0 0 6327 0 6327
1308 0 2 0 6119 6121
1309 0 0 6497 0 6497
1310 6459 1 0 0 6460
1311 6615 0 0 0 6615
1312 6571 0 1 1 6573
1313 1 0 6582 0 6583
1314 6727 0 0 0 6727
1315 6849 0 0 0 6849
1316 1 0 6811 0 6812
1317 1 0 7129 0 7130
1318 7078 0 2 0 7080
1319 7250 0 1 0 7251
1320 7259 0 0 0 7259
1321 0 1 0 7227 7228
1322 7085 0 0 1 7086
1323 0 7355 0 1 7356
1324 0 1 0 7373 7374
1325 0 0 0 7422 7422
1326 0 0 0 7467 7467
1327 0 0 7392 1 7393
1328 0 2 0 7339 7341
1329 0 1 0 7497 7498
1330 7490 0 1 1 7492
1331 7505 0 0 0 7505
1332 2 7446 0 0 7448
1333 14 0 7613 0 7627
1334 7614 0 3 1 7618
1335 7698 0 1 0 7699
1336 7584 0 0 0 7584
1337 0 0 0 7607 7607
1338 0 7548 0 0 7548
1339 7568 0 1 0 7569
1340 7515 0 2 0 7517
1341 0 7533 0 0 7533
1342 0 0 0 7537 7537
1343 7466 0 1 0 7467
1344 0 7603 0 0 7603
1345 0 0 0 7488 7488
1346 1 0 7530 0 7531
1347 0 0 0 7342 7342
1348 7535 0 0 0 7535
1349 7545 0 1 1 7547
1350 0 0 7560 0 7560
1351 0 0 7510 0 7510
1352 0 7315 0 2 7317
1353 1 7495 0 0 7496
1354 0 0 0 7516 7516
1355 0 7517 0 48 7565
1356 1 0 0 7515 7516
1357 7477 0 0 0 7477
1358 0 7491 0 0 7491
1359 7430 0 1 0 7431
1360 0 0 7437 0 7437
1361 0 1 0 7167 7168
1362 0 2 0 7341 7343
1363 7376 0 0 0 7376
1364 0 0 0 7475 7475
1365 1 0 7438 0 7439
1366 7282 0 0 0 7282
1367 0 1 1 7450 7452
1368 0 0 7386 0 7386
1369 7236 0 1 0 7237
1370 7347 0 0 0 7347
1371 0 0 7400 0 7400
1372 1 1 0 7188 7190
1373 7310 0 0 1 7311
1374 0 1 0 7506 7507
1375 0 0 7444 0 7444
1376 1 5 1 7375 7382
1377 1 0 7424 0 7425
1378 0 7249 0 0 7249
1379 0 0 0 7378 7378
1380 0 0 0 7423 7423
1381 0 2 0 7450 7452
1382 0 0 0 7444 7444
1383 0 2 0 7324 7326
1384 0 7240 0 2 7242
1385 7227 1 0 1 7229
1386 0 0 0 7057 7057
1387 7006 0 0 0 7006
1388 0 6948 0 0 6948
1389 0 0 0 6955 6955
1390 0 0 0 6961 6961
1391 0 6938 0 0 6938
1392 6988 1 0 0 6989
1393 0 0 0 6993 6993
1394 0 0 0 7020 7020
1395 0 0 6957 0 6957
1396 0 0 0 6954 6954
1397 0 0 0 7033 7033
1398 2 0 7068 1 7071
1399 7010 0 0 0 7010
1400 7043 1 2 0 7046
1401 0 0 0 7057 7057
1402 3 0 7164 0 7167
1403 7036 1 112 0 7149
1404 7154 0 0 0 7154
1405 7282 0 0 0 7282
1406 0 0 7165 0 7165
1407 0 7019 0 2 7021
1408 7113 0 3 0 7116
1409 7107 0 0 0 7107
1410 0 0 0 6948 6948
1411 1 0 6788 0 6789
1412 0 6622 0 1 6623
1413 0 6759 0 1 6760
1414 6852 0 0 0 6852
1415 0 0 6610 0 6610
1416 0 6288 0 0 6288
1417 6356 0 0 0 6356
1418 0 0 0 6458 6458
1419 1 1 6465 0 6467
1420 1 0 6939 0 6940
1421 0 0 7107 0 7107
1422 7050 0 40 0 7090
1423 7130 0 0 0 7130
1424 7200 0 0 0 7200
1425 7203 0 0 0 7203
1426 0 0 1 7171 7172
1427 7102 0 0 0 7102
1428 0 7088 0 1 7089
1429 7137 0 0 0 7137
1430 7092 0 0 1 7093
1431 7011 0 39 0 7050
1432 0 0 6970 0 6970
1433 0 0 1 6963 6964
1434 7175 0 0 0 7175
1435 7139 0 0 0 7139
1436 1 0 2 7029 7032
1437 6858 0 0 0 6858
1438 0 7087 0 0 7087
1439 0 7413 0 2 7415
1440 7516 0 0 0 7516
1441 7409 0 0 1 7410
1442 0 1 0 7499 7500
1443 7507 0 0 0 7507
1444 7475 0 0 0 7475
1445 0 7325 0 0 7325
1446 0 7403 0 0 7403
1447 7494 0 1 0 7495
1448 7400 0 0 0 7400
1449 1 7427 0 0 7428
1450 7571 0 0 0 7571
1451 0 0 7672 0 7672
1452 7741 0 51 1 7793
1453 0 0 7857 0 7857
1454 0 1 0 7703 7704
1455 7858 0 0 0 7858
1456 0 0 7854 0 7854
1457 2 0 0 7792 7794
1458 7966 0 0 0 7966
1459 7845 0 0 0 7845
1460 7827 0 0 0 7827
1461 0 2 1 7792 7795
1462 2 0 7859 0 7861
1463 7948 0 0 0 7948
1464 8007 0 0 0 8007
1465 7948 0 1 0 7949
1466 8022 0 0 1 8023
1467 7959 0 1 0 7960
1468 0 1 7930 2 7933
1469 0 0 7813 0 7813
1470 7769 0 0 0 7769
1471 0 0 7825 6 7831
1472 7857 0 2 1 7860
1473 7827 0 1 0 7828
1474 7965 0 2 0 7967
1475 0 0 8083 0 8083
1476 0 0 1 8195 8196
1477 0 0 0 8228 8228
1478 3 0 1 8189 8193
1479 0 8178 0 0 8178
1480 0 0 8170 0 8170
1481 8175 0 4 0 8179
1482 0 8346 0 1 8347
1483 8472 112 1 0 8585
1484 0 22 0 8572 8594
1485 2 0 8586 0 8588
1486 0 8493 0 0 8493
1487 0 0 0 8502 8502
1488 0 2 1 8653 8656
1489 0 0 0 8693 8693
1490 8642 2 0 0 8644
1491 1 8772 0 0 8773
1492 1 0 8749 0 8750
1493 1 0 8582 0 8583
1494 0 0 0 8871 8871
1495 0 8799 0 0 8799
1496 0 3 0 8917 8920
1497 1 0 8905 0 8906
1498 2 0 8817 0 8819
1499 0 8847 0 9 8856
1500 4 0 9121 35 9160
1501 1 0 9116 0 9117
1502 0 0 1 6958 6959
1503 1 1 0 8482 8484
1504 6302 0 0 2 6304
1505 8534 0 0 0 8534
1506 8892 0 0 0 8892
1507 3 0 6380 0 6383
1508 1 0 8198 0 8199
1509 7012 0 1 1 7014
1510 4 6644 0 0 6648
1511 7971 0 0 0 7971
1512 8968 0 0 0 8968
1513 4 0 0 6055 6059
1514 2 6779 0 1 6782
1515 0 1 0 6923 6924
1516 1 7853 0 4 7858
1517 7199 6 0 0 7205
1518 0 0 0 7410 7410
1519 0 7301 0 0 7301
1520 0 1 0 8093 8094
1521 0 0 6827 2 6829
1522 6347 49 151 3 6550
1523 0 0 7929 0 7929
1524 0 0 8960 1 8961
1525 2 0 9279 1 9282
1526 0 0 9508 0 9508
1527 6045 0 3 1 6049
1528 0 0 7576 0 7576
1529 6705 1 0 0 6706
1530 0 0 0 7322 7322
1531 7786 0 0 0 7786
1532 0 7562 0 1 7563
1533 0 0 0 8179 8179
1534 1 0 7850 1 7852
1535 6773 3 3 0 6779
1536 0 0 0 8047 8047
1537 1 0 8044 0 8045
1538 0 0 0 8004 8004
1539 0 0 0 9126 9126
1540 2 0 7377 0 7379
1541 0 0 0 7712 7712
1542 7597 0 1 0 7598
1543 9032 0 0 0 9032
1544 5 7562 0 0 7567
1545 8234 0 0 1 8235
1546 1 0 8051 0 8052
1547 0 1 1 7218 7220
1548 0 2 0 8889 8891
1549 0 0 7828 0 7828
1550 1 0 0 8328 8329
1551 8374 1 0 0 8375
1552 9764 0 1 0 9765
1553 4 8201 0 0 8205
1554 0 54 0 8992 9046
1555 0 2 0 10146 10148
1556 0 0 2 10585 10587
1557 0 1 1 10670 10672
1558 1 0 7377 9 7387
1559 7442 0 0 3 7445
1560 9575 1 1 0 9577
1561 0 2 0 8658 8660
1562 0 0 0 10073 10073
1563 0 0 0 10250 10250
1564 8139 0 2 0 8141
1565 1 0 8052 0 8053
1566 0 0 0 8127 8127
1567 8574 0 1 0 8575
1568 2 0 8416 0 8418
1569 0 0 0 7848 7848
1570 8397 0 2 1 8400
1571 0 8651 0 1 8652
1572 8950 0 1 0 8951
1573 0 0 8247 1 8248
1574 8693 0 0 0 8693
1575 1 0 1 8191 8193
1576 1 8255 0 60 8316
1577 0 8838 0 49 8887
1578 1 9160 0 2 9163
1579 8297 1 0 1 8299
1580 4 0 8484 0 8488
1581 8104 1 1 0 8106
1582 0 0 8566 0 8566
1583 0 0 1 7348 7349
1584 2 0 8341 1 8344
1585 0 0 8674 0 8674
1586 7137 2 0 1 7140
1587 1 7572 1 0 7574
1588 0 1 0 7827 7828
1589 1 8152 0 0 8153
1590 7683 0 3 0 7686
1591 0 0 8028 1 8029
1592 0 0 8289 0 8289
1593 7150 1 0 0 7151
1594 8055 0 3 0 8058
1595 8306 1 0 0 8307
1596 1 0 6795 0 6796
1597 0 1 0 6619 6620
1598 0 0 7226 0 7226
1599 13 0 7787 0 7800
1600 0 6841 0 2 6843
1601 0 7750 0 1 7751
1602 7346 1 0 2 7349
1603 8099 0 0 0 8099
1604 8261 0 0 0 8261
1605 8374 1 0 0 8375
1606 1 0 0 7735 7736
1607 7804 0 25 1 7830
1608 0 1 0 7680 7681
1609 7478 0 69 1 7548
1610 1 7346 0 52 7399
1611 0 0 0 7828 7828
1612 0 0 7657 0 7657
1613 1 0 0 7617 7618
1614 0 0 8045 1 8046
1615 0 1 2 7519 7522
1616 0 1 0 8169 8170
1617 0 0 1 8456 8457
1618 7277 0 1 1 7279
1619 49 0 7477 0 7526
1620 0 0 8279 0 8279
1621 7187 2 0 1 7190
1622 0 0 0 7525 7525
1623 0 0 1 8286 8287
1624 2 0 7213 0 7215
1625 1 1 7894 62 7958
1626 0 6951 0 0 6951
1627 0 0 0 6853 6853
1628 1 7181 1 0 7183
1629 2 7806 0 0 7808
1630 0 8100 0 0 8100
1631 0 0 0 7458 7458
1632 7409 0 2 0 7411
1633 0 0 0 7524 7524
1634 0 0 0 7913 7913
1635 0 1 0 8117 8118
1636 0 0 7159 0 7159
1637 0 1 2 6885 6888
1638 0 0 7205 8 7213
1639 6545 0 1 0 6546
1640 0 0 7306 0 7306
1641 1 0 0 6184 6185
1642 0 0 6965 0 6965
1643 0 0 7479 2 7481
1644 0 23 7682 0 7705
1645 6237 0 1 0 6238
1646 2 1 6915 0 6918
1647 0 0 7598 0 7598
1648 4 0 8118 0 8122
1649 6844 0 1 0 6845
1650 7650 0 0 0 7650
1651 8180 0 0 0 8180
1652 8337 0 0 0 8337
1653 8350 0 0 0 8350
1654 0 0 0 7497 7497
1655 0 7376 0 0 7376
1656 0 16 0 7757 7773
1657 0 1 7617 0 7618
1658 1 1 0 7378 7380
1659 1 0 7618 1 7620
1660 0 0 0 7597 7597
1661 7789 0 2 1 7792
1662 0 7891 0 0 7891
1663 1 0 0 8041 8042
1664 1 2 0 8116 8119
1665 29 0 7203 0 7232
1666 0 1 0 7277 7278
1667 7267 0 2 0 7269
1668 0 7296 0 0 7296
1669 1 1 0 7507 7509
1670 0 0 7170 0 7170
1671 0 7311 1 4 7316
1672 3 7774 0 0 7777
1673 1 1 7252 16 7270
1674 6934 0 1 0 6935
1675 0 0 7329 0 7329
1676 0 0 0 6765 6765
1677 0 1 7074 0 7075
1678 6852 0 0 1 6853
1679 7208 0 1 0 7209
1680 0 1 0 7018 7019
1681 8 0 6914 0 6922
1682 2 0 7143 0 7145
1683 0 6941 0 0 6941
1684 6739 0 2 1 6742
1685 0 6990 0 0 6990
1686 6969 0 1 1 6971
1687 7080 0 0 0 7080
1688 7125 0 0 1 7126
1689 0 1 0 7184 7185
1690 7295 0 0 1 7296
1691 7377 0 0 0 7377
1692 1 0 6964 0 6965
1693 6903 0 1 0 6904
1694 0 1 0 6630 6631
1695 1 6739 0 1 6741
1696 1 6992 0 1 6994
1697 6945 0 2 0 6947
1698 7095 0 1 0 7096
1699 7104 0 0 0 7104
1700 0 0 1 6925 6926
1701 1 0 6918 0 6919
1702 6838 0 1 1 6840
1703 7027 0 0 0 7027
1704 7061 0 2 0 7063
1705 0 0 0 7314 7314
1706 1 0 7459 1 7461
1707 0 0 7503 0 7503
1708 0 0 7477 0 7477
1709 1 0 7538 0 7539
1710 7370 0 0 0 7370
1711 7533 0 0 0 7533
1712 0 0 2 7555 7557
1713 0 0 7596 0 7596
1714 1 0 7616 0 7617
1715 7462 0 1 0 7463
1716 7556 0 0 1 7557
1717 1 0 7386 0 7387
1718 1 7417 0 8 7426
1719 0 0 1 7476 7477
1720 7479 1 1 1 7482
1721 0 0 7561 0 7561
1722 7515 0 0 0 7515
1723 7620 0 0 0 7620
1724 19 0 7592 0 7611
1725 7637 0 0 1 7638
1726 0 1 1 7772 7774
1727 0 0 7862 0 7862
1728 1 2 1 7651 7655
1729 0 0 0 7743 7743
1730 0 33 0 7802 7835
1731 0 0 7518 0 7518
1732 0 7512 0 1 7513
1733 0 0 0 7556 7556
1734 0 0 0 7547 7547
1735 1 7696 0 0 7697
1736 7750 0 0 0 7750
1737 7680 0 1 0 7681
1738 0 0 0 7652 7652
1739 0 7689 0 4 7693
1740 7747 0 1 1 7749
1741 7683 0 0 0 7683
1742 0 0 0 7544 7544
1743 20 0 7449 0 7469
1744 0 7319 0 93 7412
1745 7481 0 2 0 7483
1746 7467 0 0 0 7467
1747 0 7456 0 0 7456
1748 7517 0 1 1 7519
1749 7422 0 0 1 7423
1750 7451 0 1 0 7452
1751 0 2 3 7462 7467
1752 0 0 7481 0 7481
1753 3 0 7404 0 7407
1754 7374 0 1 0 7375
1755 1 0 7494 0 7495
1756 1 0 7453 0 7454
1757 0 7375 0 1 7376
1758 7519 0 2 1 7522
1759 7482 0 0 0 7482
1760 0 0 0 7451 7451
1761 0 18 0 7178 7196
1762 0 0 7174 2 7176
1763 0 1 1 7066 7068
1764 0 3 1 7135 7139
1765 0 0 7111 0 7111
1766 7075 0 0 1 7076
1767 7010 0 0 2 7012
1768 2 7027 0 0 7029
1769 6991 0 0 0 6991
1770 0 0 6961 0 6961
1771 15 0 6819 2 6836
1772 6929 0 0 0 6929
1773 6857 0 0 0 6857
1774 1 0 3 6783 6787
1775 1 6886 0 0 6887
1776 6944 0 0 0 6944
1777 0 0 2 6893 6895
1778 1 6922 0 0 6923
1779 55 0 6846 1 6902
1780 6734 0 0 1 6735
1781 0 0 1 6710 6711
1782 6861 0 0 0 6861
1783 0 6856 0 1 6857
1784 6874 0 0 0 6874
1785 6849 0 11 1 6861
1786 0 0 6875 0 6875
1787 0 0 6842 0 6842
1788 6876 0 0 0 6876
1789 0 1 1 6830 6832
1790 6934 1 0 0 6935
1791 0 0 1 6901 6902
1792 0 0 6897 0 6897
1793 6897 0 2 0 6899
1794 0 6887 0 0 6887
1795 6903 0 0 0 6903
1796 1 0 1 6891 6893
1797 0 0 6831 1 6832
1798 6790 0 1 0 6791
1799 2 6821 0 0 6823
1800 1 6652 1 6 6660
1801 6718 0 6 0 6724
1802 6680 0 0 0 6680
1803 6656 0 0 0 6656
1804 1 0 6618 1 6620
1805 0 6260 0 1 6261
1806 2 6473 0 1 6476
1807 0 32 2 6274 6308
1808 0 0 6372 0 6372
1809 0 0 1 6208 6209
1810 0 0 1 6255 6256
1811 0 0 1 6212 6213
1812 1 6256 0 2 6259
1813 6320 0 1 0 6321
1814 6284 0 0 0 6284
1815 0 0 6594 0 6594
1816 1 0 6441 0 6442
1817 0 0 6415 1 6416
1818 6359 0 0 0 6359
1819 0 2 6423 1 6426
1820 6364 0 1 0 6365
1821 0 6433 0 1 6434
1822 6458 0 0 2 6460
1823 0 0 6387 0 6387
1824 6310 0 1 0 6311
1825 6 0 6212 0 6218
1826 0 3 0 5905 5908
1827 6103 0 1 0 6104
1828 6162 0 1 0 6163
1829 6314 0 0 0 6314
1830 0 0 1 6226 6227
1831 6267 0 0 0 6267
1832 0 0 5944 1 5945
1833 0 5821 0 0 5821
1834 1 5751 0 1 5753
1835 0 5797 0 0 5797
1836 0 5796 0 0 5796
1837 6171 0 0 0 6171
1838 6373 0 0 0 6373
1839 6244 0 0 0 6244
1840 6208 0 0 1 6209
1841 0 6313 0 0 6313
1842 0 0 0 6277 6277
1843 0 0 0 6280 6280
1844 0 0 0 6291 6291
1845 0 6208 0 3 6211
1846 6269 0 0 0 6269
1847 0 0 6333 1 6334
1848 1 0 2 6157 6160
1849 6367 0 0 0 6367
1850 1 0 2 6364 6367
1851 0 1 2 6339 6342
1852 1 0 6303 0 6304
1853 2 0 6370 0 6372
1854 6400 0 0 0 6400
1855 6368 0 0 2 6370
1856 0 6288 0 1 6289
1857 0 0 0 6180 6180
1858 0 6191 1 1 6193
1859 6254 0 1 0 6255
1860 6199 0 2 0 6201
1861 1 0 6151 6 6158
1862 6114 0 0 0 6114
1863 6079 0 0 0 6079
1864 0 0 6076 2 6078
1865 1 0 5977 0 5978
1866 5837 0 94 0 5931
1867 5976 0 1 0 5977
1868 5991 0 0 0 5991
1869 5931 0 0 0 5931
1870 1 5998 0 0 5999
1871 0 1 0 5963 5964
1872 5991 0 0 0 5991
1873 0 0 5904 1 5905
1874 0 2 1 5859 5862
1875 5975 0 0 0 5975
1876 6032 0 0 0 6032
1877 5965 0 0 1 5966
1878 5949 0 0 0 5949
1879 0 0 5816 1 5817
1880 0 0 5727 0 5727
1881 5775 0 1 0 5776
1882 0 1 2 5816 5819
1883 0 5858 0 0 5858
1884 0 6028 0 0 6028
1885 0 1 0 5906 5907
1886 0 0 0 5904 5904
1887 0 0 0 5918 5918
1888 0 0 5905 0 5905
1889 0 0 5902 0 5902
1890 5901 0 0 0 5901
1891 5932 0 1 0 5933
1892 6069 0 0 0 6069
1893 6050 0 0 0 6050
1894 0 0 5999 0 5999
1895 1 5750 0 109 5860
1896 5819 0 0 1 5820
1897 0 5765 0 91 5856
1898 0 1 0 5913 5914
1899 5922 0 1 0 5923
1900 5904 0 0 0 5904
1901 1 0 5941 1 5943
1902 5864 0 0 0 5864
1903 0 0 5892 0 5892
1904 2 0 1 5708 5711
1905 5900 0 1 0 5901
1906 6012 11 0 0 6023
1907 0 0 1 6018 6019
1908 6022 0 1 0 6023
1909 0 0 0 5973 5973
1910 0 0 0 5930 5930
1911 1 1 0 5956 5958
1912 5808 0 0 0 5808
1913 0 5888 0 0 5888
1914 0 1 0 5925 5926
1915 5828 0 0 0 5828
1916 5809 0 0 0 5809
1917 5719 1 0 0 5720
1918 0 0 0 5729 5729
1919 0 0 5633 0 5633
1920 0 5604 0 3 5607
1921 0 2 0 5671 5673
1922 0 1 0 5645 5646
1923 16 0 5535 0 5551
1924 5674 0 0 0 5674
1925 0 1 0 5655 5656
1926 0 0 5599 0 5599
1927 0 5532 0 4 5536
1928 5511 0 1 0 5512
1929 1 5567 0 0 5568
1930 0 0 0 5671 5671
1931 5651 0 0 0 5651
1932 0 0 0 5653 5653
1933 1 0 5667 0 5668
1934 0 1 0 5657 5658
1935 5750 0 0 0 5750
1936 0 0 0 5681 5681
1937 0 0 0 5685 5685
1938 0 1 0 5720 5721
1939 0 0 5688 0 5688
1940 3 0 5628 0 5631
1941 5608 0 0 1 5609
1942 5643 0 0 0 5643
1943 5618 0 0 0 5618
1944 0 0 0 5543 5543
1945 0 1 5567 0 5568
1946 0 5409 0 2 5411
1947 0 5459 0 1 5460
1948 1 5495 0 0 5496
1949 5500 0 2 0 5502
1950 5522 0 0 0 5522
1951 0 1 0 5481 5482
1952 0 1 0 5555 5556
1953 0 0 5457 0 5457
1954 0 1 5409 1 5411
1955 5275 0 1 0 5276
1956 81 0 5224 2 5307
1957 0 0 5262 1 5263
1958 0 0 5207 0 5207
1959 0 0 5219 0 5219
1960 1 0 0 5119 5120
1961 0 0 0 5197 5197
1962 0 1 0 5233 5234
1963 5250 0 0 0 5250
1964 0 0 5278 0 5278
1965 0 1 1 5164 5166
1966 0 0 5242 0 5242
1967 0 5120 0 4 5124
1968 0 5096 0 0 5096
1969 1 0 5103 0 5104
1970 5140 1 0 0 5141
1971 0 0 5129 0 5129
1972 0 1 0 5013 5014
1973 0 5023 0 0 5023
1974 0 0 0 5016 5016
1975 5006 0 0 1 5007
1976 0 0 4979 0 4979
1977 1 0 4942 0 4943
1978 4881 1 0 1 4883
1979 1 0 4877 0 4878
1980 4764 0 0 2 4766
1981 0 4760 0 0 4760
1982 0 0 0 4856 4856
1983 0 0 0 4851 4851
1984 0 4840 0 0 4840
1985 0 1 0 4913 4914
1986 4815 0 2 0 4817
1987 0 4846 0 0 4846
1988 0 0 0 4802 4802
1989 4827 0 0 1 4828
1990 0 0 1 4737 4738
1991 0 0 0 4691 4691
1992 3 0 4703 0 4706
1993 4648 0 0 0 4648
1994 0 0 0 4662 4662
1995 0 0 0 4631 4631
1996 0 4716 0 0 4716
1997 4727 0 2 0 4729
1998 4723 0 3 0 4726
1999 0 0 4593 1 4594
2000 0 4258 0 0 4258
2001 4302 1 0 0 4303
2002 0 0 1 4251 4252
2003 0 1 0 4339 4340
2004 4368 0 0 0 4368
2005 4379 0 0 1 4380
2006 4263 0 1 0 4264
2007 0 0 4237 0 4237
2008 0 0 4182 0 4182
2009 4141 0 0 0 4141
2010 0 4070 0 0 4070
2011 4094 1 0 0 4095
2012 1 0 4095 1 4097
2013 4116 0 2 0 4118
2014 4086 0 2 0 4088
2015 4080 0 2 0 4082
2016 0 0 4058 0 4058
2017 0 0 4011 0 4011
2018 0 0 3897 1 3898
2019 0 0 0 3747 3747
2020 0 3724 0 0 3724
2021 0 3806 0 0 3806
2022 0 0 0 3780 3780
2023 0 0 0 3819 3819
2024 0 0 3795 0 3795
2025 0 0 3797 0 3797
2026 0 0 3751 0 3751
2027 0 0 0 3697 3697
2028 0 0 3751 0 3751
2029 0 0 0 3727 3727
2030 0 0 0 3723 3723
2031 0 3762 0 1 3763
2032 2 0 3791 0 3793
2033 3697 0 1 0 3698
2034 0 3899 0 1 3900
2035 0 0 0 3823 3823
2036 0 0 0 3751 3751
2037 3685 0 0 0 3685
2038 1 0 3697 0 3698
2039 3657 0 0 0 3657
2040 0 0 3660 0 3660
2041 0 0 3545 0 3545
2042 1 0 3515 0 3516
2043 3491 0 0 0 3491
2044 3456 0 0 0 3456
2045 0 0 0 3457 3457
2046 0 0 3403 0 3403
2047 0 1 0 3288 3289
2048 3344 0 0 0 3344
2049 1 0 0 3277 3278
2050 1 0 0 3308 3309
2051 0 3171 0 114 3285
2052 0 0 16 3293 3309
2053 0 0 3197 0 3197
2054 0 0 3129 0 3129
2055 3104 0 0 0 3104
2056 3054 0 0 1 3055
2057 0 0 0 3059 3059
2058 2983 0 1 0 2984
2059 1 0 3019 0 3020
2060 2738 0 0 0 2738
2061 2660 0 0 1 2661
2062 0 0 2486 0 2486
2063 2469 0 0 0 2469
2064 2505 0 0 0 2505
2065 0 1 0 2448 2449
2066 0 0 2482 0 2482
2067 0 0 0 2401 2401
2068 2432 0 0 0 2432
2069 0 1 0 2446 2447
2070 0 0 0 2287 2287
2071 2232 0 0 0 2232
2072 0 0 2185 0 2185
2073 0 2136 0 0 2136
2074 2144 0 1 0 2145
2075 2060 0 0 0 2060
2076 0 2058 0 0 2058
2077 2087 0 0 0 2087
2078 1956 0 0 0 1956
2079 0 2019 0 0 2019
2080 0 2013 0 0 2013
2081 0 1973 0 47 2020
2082 0 110 0 1924 2034
2083 0 0 0 2041 2041
2084 0 0 2050 0 2050
2085 0 0 2047 0 2047
2086 0 0 2033 1 2034
2087 0 0 0 1992 1992
2088 0 0 2021 0 2021
2089 2000 0 0 0 2000
2090 0 0 0 2002 2002
2091 1990 0 1 1 1992
2092 0 1899 0 0 1899
2093 1923 0 0 0 1923
2094 0 0 1925 0 1925
2095 1874 1 0 0 1875
2096 0 0 1909 1 1910
2097 0 1 0 1816 1817
2098 0 0 1855 0 1855
2099 0 0 0 1836 1836
2100 1855 0 0 0 1855
2101 0 0 0 1741 1741
2102 1729 0 0 0 1729
2103 0 1675 0 0 1675
2104 0 2 0 1693 1695
2105 0 0 1703 0 1703
2106 0 0 1700 0 1700
2107 0 3 0 1676 1679
2108 0 0 2 1681 1683
2109 0 1670 0 0 1670
2110 1694 0 0 0 1694
2111 1656 0 0 0 1656
2112 0 0 0 1650 1650
2113 1 0 1653 0 1654
2114 1649 0 0 0 1649
2115 1611 0 0 0 1611
2116 0 0 0 1621 1621
2117 0 0 1633 0 1633
2118 0 0 1630 0 1630
2119 0 1 0 1609 1610
2120 0 0 0 1630 1630
2121 0 0 1606 0 1606
2122 0 0 1573 0 1573
2123 0 0 1556 0 1556
2124 1 1484 0 0 1485
2125 0 1 0 1534 1535
2126 0 0 0 1554 1554
2127 0 0 0 1483 1483
2128 0 0 1474 0 1474
2129 1470 0 0 0 1470
2130 1542 0 1 0 1543
2131 1561 0 0 0 1561
2132 1560 0 0 0 1560
2133 0 0 1555 0 1555
2134 0 0 1557 0 1557
2135 1534 0 1 0 1535
2136 0 0 1531 0 1531
2137 1 0 1539 1 1541
2138 0 0 1515 0 1515
2139 0 0 1539 0 1539
2140 1537 0 0 0 1537
2141 0 0 1544 0 1544
2142 0 0 0 1408 1408
2143 1561 0 1 0 1562
2144 1561 0 0 0 1561
2145 1548 0 0 0 1548
2146 0 0 1480 0 1480
2147 0 0 0 1435 1435
2148 0 0 1468 0 1468
2149 0 0 0 1434 1434
2150 0 0 0 1447 1447
2151 0 0 1434 0 1434
2152 0 0 1446 0 1446
2153 1448 0 1 2 1451
2154 1444 0 0 0 1444
2155 0 0 0 1416 1416
2156 0 1444 0 0 1444
2157 1449 0 0 0 1449
2158 0 0 1447 0 1447
2159 0 0 1 1446 1447
2160 0 0 1432 0 1432
2161 0 0 1358 0 1358
2162 1349 0 0 0 1349
2163 0 0 0 1359 1359
2164 0 0 1357 0 1357
2165 1345 0 0 0 1345
2166 1349 0 0 0 1349
2167 0 0 1343 0 1343
2168 0 0 0 1350 1350
2169 1358 0 0 0 1358
2170 1327 0 0 0 1327
2171 0 0 0 1314 1314
2172 0 0 1315 0 1315
2173 0 0 1316 0 1316
2174 1322 0 1 0 1323
2175 0 0 0 1308 1308
2176 2 0 1282 0 1284
2177 1208 0 0 0 1208
2178 1179 0 0 0 1179
2179 0 0 0 1173 1173
2180 1193 0 0 0 1193
2181 1182 0 0 0 1182
2182 0 0 0 0 0
