0 0 0 0 0 0
1 2466 0 0 0 2466
2 0 0 0 2747 2747
3 0 0 2876 0 2876
4 0 0 2902 0 2902
5 2875 0 0 0 2875
6 0 4 0 2954 2958
7 2983 0 0 0 2983
8 4 3212 0 6 3222
9 1 11 0 3640 3652
10 0 2 0 3719 3721
11 0 0 0 3739 3739
12 0 0 0 3761 3761
13 3849 0 0 0 3849
14 0 4 0 3824 3828
15 0 1 0 3833 3834
16 3844 0 0 0 3844
17 1 3888 0 0 3889
18 3962 0 0 10 3972
19 3970 0 0 0 3970
20 2 0 4185 0 4187
21 4148 0 0 0 4148
22 4201 0 2 0 4203
23 4242 0 1 0 4243
24 0 4318 0 0 4318
25 0 1 0 4328 4329
26 0 1 0 4331 4332
27 0 4323 0 32 4355
28 0 4361 0 0 4361
29 4363 1 0 0 4364
30 0 0 4349 0 4349
31 4363 0 2 2 4367
32 2 4385 0 0 4387
33 0 0 0 4409 4409
34 4408 0 2 0 4410
35 1 4494 0 3 4498
36 4460 0 20 0 4480
37 4488 0 0 0 4488
38 1 2 0 4500 4503
39 4501 0 1 0 4502
40 4520 0 0 0 4520
41 3 1 0 4534 4538
42 4523 0 0 1 4524
43 0 4593 0 0 4593
44 4649 0 0 1 4650
45 4623 0 0 0 4623
46 4625 0 0 0 4625
47 4577 0 4 0 4581
48 9 0 4506 0 4515
49 0 0 4477 6 4483
50 0 4619 0 1 4620
51 1 4774 0 1 4776
52 4799 0 0 0 4799
53 4810 0 5 0 4815
54 4785 0 0 0 4785
55 4787 0 1 0 4788
56 4815 2 0 1 4818
57 5 4829 0 0 4834
58 4863 0 0 0 4863
59 1 4858 0 0 4859
60 4847 0 1 0 4848
61 4852 0 0 1 4853
62 0 0 0 4820 4820
63 3 0 4739 1 4743
64 0 0 4776 0 4776
65 0 4873 0 7 4880
66 4957 1 6 0 4964
67 1 2 4924 0 4927
68 4837 1 2 0 4840
69 5005 0 5 1 5011
70 0 0 1 4982 4983
71 0 1 0 4992 4993
72 0 29 0 4959 4988
73 5025 0 0 11 5036
74 1 0 4947 0 4948
75 0 26 0 4948 4974
76 0 0 4935 2 4937
77 4989 0 0 0 4989
78 5038 0 0 0 5038
79 1 0 4949 0 4950
80 5012 0 0 0 5012
81 0 0 0 5023 5023
82 4 5026 0 3 5033
83 7 5080 0 3 5090
84 0 7 0 5134 5141
85 0 0 5155 0 5155
86 5150 0 1 0 5151
87 5173 0 0 0 5173
88 5 3 0 5177 5185
89 4 0 0 5186 5190
90 10 0 5142 0 5152
91 1 5157 0 2 5160
92 5248 0 1 0 5249
93 5223 0 2 0 5225
94 1 5221 0 0 5222
95 2 5291 0 1 5294
96 5350 0 14 0 5364
97 0 0 5310 0 5310
98 1 5240 0 70 5311
99 5386 0 2 1 5389
100 5381 0 2 3 5386
101 0 1 0 5420 5421
102 22 0 5385 3 5410
103 0 5268 0 162 5430
104 1 0 0 5443 5444
105 5471 0 2 6 5479
106 2 4 0 5464 5470
107 0 0 0 5490 5490
108 6 5472 0 4 5482
109 5491 0 0 1 5492
110 5503 0 0 0 5503
111 0 9 0 5497 5506
112 5532 0 0 0 5532
113 0 8 0 5521 5529
114 26 5501 0 0 5527
115 1 0 0 5535 5536
116 0 0 5450 0 5450
117 0 5496 0 20 5516
118 1 0 5543 0 5544
119 0 1 3 5523 5527
120 3 5497 0 3 5503
121 1 5574 0 1 5576
122 5610 0 3 1 5614
123 0 0 0 5632 5632
124 1 5672 0 1 5674
125 0 2 1 5732 5735
126 5679 0 0 0 5679
127 0 0 5715 6 5721
128 5622 1 0 0 5623
129 8 0 5716 0 5724
130 19 0 5785 0 5804
131 1 3 8 5716 5728
132 0 0 0 5907 5907
133 0 0 0 5975 5975
134 1 0 5916 0 5917
135 1 5967 0 13 5981
136 0 0 0 6067 6067
137 6028 2 0 0 6030
138 0 3 0 6051 6054
139 6 5 6092 0 6103
140 0 0 0 6098 6098
141 6209 0 6 0 6215
142 6178 0 0 0 6178
143 0 1 0 6220 6221
144 6254 0 1 0 6255
145 6218 2 0 11 6231
146 0 0 6337 0 6337
147 0 12 0 6023 6035
148 4 0 6223 2 6229
149 6307 2 0 0 6309
150 3 6379 0 12 6394
151 6495 0 1 0 6496
152 0 0 0 6566 6566
153 3 0 6604 1 6608
154 6640 0 0 4 6644
155 6840 5 0 0 6845
156 0 0 0 6927 6927
157 0 1 0 7038 7039
158 0 0 0 7069 7069
159 0 1 0 7058 7059
160 1 7044 0 3 7048
161 2 0 0 7076 7078
162 0 7 0 7100 7107
163 3 0 7029 0 7032
164 6960 0 0 0 6960
165 1 6244 0 826 7071
166 0 0 7169 8 7177
167 6991 0 2 0 6993
168 6975 0 1 0 6976
169 0 0 7175 0 7175
170 7079 0 1 0 7080
171 7246 0 37 0 7283
172 5 0 7378 0 7383
173 4 0 7436 0 7440
174 7367 1 52 0 7420
175 7520 0 0 1 7521
176 7525 0 0 0 7525
177 7525 0 5 9 7539
178 17 0 7482 5 7504
179 17 7539 0 9 7565
180 7603 0 2 1 7606
181 3 0 0 7573 7576
182 7588 0 3 1 7592
183 1 37 0 7553 7591
184 7599 0 1 0 7600
185 2 7583 0 1 7586
186 7611 0 0 0 7611
187 7 0 7553 0 7560
188 0 7536 0 2 7538
189 7607 0 3 0 7610
190 0 0 24 7566 7590
191 0 0 1 7629 7630
192 7600 1 10 1 7612
193 0 0 7567 0 7567
194 7531 0 0 1 7532
195 7529 1 0 0 7530
196 1 0 7556 3 7560
197 0 0 7455 2 7457
198 7408 0 55 0 7463
199 1 7502 0 0 7503
200 7566 0 1 0 7567
201 7444 1 1 0 7446
202 1 0 7562 1 7564
203 1 0 7510 0 7511
204 0 0 7570 2 7572
205 7683 0 18 1 7702
206 7813 0 4 0 7817
207 7803 0 1 1 7805
208 9 0 7849 0 7858
209 7880 0 2 0 7882
210 7948 0 8 0 7956
211 6 8618 0 1 8625
212 8790 0 2 0 8792
213 8792 0 3 0 8795
214 8734 0 0 0 8734
215 8754 3 0 0 8757
216 1 8788 0 22 8811
217 1 19 0 8697 8717
218 3 21 1 8822 8847
219 1 0 8743 0 8744
220 8782 0 1 0 8783
221 0 0 8717 0 8717
222 8729 0 15 0 8744
223 0 8744 0 1 8745
224 3 8640 0 15 8658
225 8729 0 1 0 8730
226 0 8794 0 6 8800
227 8808 1 1 0 8810
228 8801 0 0 0 8801
229 0 1 0 8793 8794
230 8734 0 1 0 8735
231 0 1 0 8768 8769
232 3 0 8729 1 8733
233 8542 1 0 1 8544
234 8581 0 7 0 8588
235 2 0 8628 0 8630
236 7 0 1 7583 7591
237 8508 0 16 0 8524
238 8565 0 0 0 8565
239 0 0 0 8559 8559
240 0 9 1 8559 8569
241 1 0 8475 0 8476
242 8407 0 1 1 8409
243 9 0 8492 4 8505
244 1 0 8490 0 8491
245 12 0 8439 0 8451
246 8489 0 15 1 8505
247 8526 0 4 0 8530
248 0 0 2 8404 8406
249 0 0 8358 0 8358
250 3 8364 0 1 8368
251 0 8448 0 1 8449
252 8616 0 6 0 8622
253 8606 0 1 0 8607
254 0 0 8537 0 8537
255 8543 0 3 1 8547
256 8477 0 8 1 8486
257 2 8476 0 9 8487
258 17 8479 0 2 8498
259 8561 0 0 0 8561
260 0 2 2 8427 8431
261 8525 0 1 0 8526
262 0 0 8414 0 8414
263 13 8372 0 3 8388
264 8407 0 1 1 8409
265 0 1 1 8388 8390
266 1 0 8388 0 8389
267 0 0 8316 1 8317
268 8294 0 6 0 8300
269 1 0 0 8332 8333
270 0 0 8314 0 8314
271 1 0 8244 0 8245
272 1 14 0 8163 8178
273 9 8035 0 138 8182
274 9 8272 0 1 8282
275 8270 3 0 3 8276
276 10 0 8273 0 8283
277 8212 0 2 0 8214
278 1 16 8174 0 8191
279 8091 0 2 0 8093
280 0 0 4 8045 8049
281 2 8038 7 0 8047
282 0 8082 0 0 8082
283 0 1 1 8074 8076
284 0 1 0 8118 8119
285 8098 0 1 0 8099
286 1 0 7944 2 7947
287 0 7909 0 0 7909
288 6 0 4 7828 7838
289 1 7865 9 1 7876
290 7971 0 5 2 7978
291 7946 3 0 0 7949
292 0 0 7959 0 7959
293 7846 0 2 0 7848
294 361 0 7437 0 7798
295 2 7816 0 11 7829
296 7890 3 1 1 7895
297 0 11 0 7859 7870
298 0 1 7849 0 7850
299 1 0 7841 1 7843
300 7803 0 2 2 7807
301 7842 0 1 0 7843
302 0 2 3 7867 7872
303 7871 0 0 0 7871
304 0 0 7844 1 7845
305 7803 0 1 0 7804
306 0 0 7751 0 7751
307 7714 0 1 3 7718
308 4 7734 0 1 7739
309 2 0 1 7630 7633
310 0 7626 0 0 7626
311 0 7661 0 1 7662
312 0 7760 0 0 7760
313 7782 0 2 0 7784
314 7448 0 27 10 7485
315 15 0 7456 0 7471
316 1 0 3 7312 7316
317 7494 0 1 0 7495
318 0 48 1 7328 7377
319 0 7403 0 7 7410
320 0 4 3 7431 7438
321 3 1 7381 11 7396
322 14 0 7327 0 7341
323 1 7389 0 4 7394
324 0 2 0 7435 7437
325 3 0 7368 0 7371
326 7228 0 0 1 7229
327 1 0 0 7285 7286
328 0 16 0 7366 7382
329 0 1 1 7446 7448
330 9 0 7525 0 7534
331 1 0 2 7456 7459
332 0 0 1 7575 7576
333 0 0 3 7644 7647
334 3 0 7570 7 7580
335 7602 0 0 0 7602
336 0 0 0 7597 7597
337 0 0 0 7684 7684
338 7574 0 0 0 7574
339 0 7659 0 6 7665
340 7695 0 0 0 7695
341 7702 0 1 0 7703
342 7549 0 5 0 7554
343 7478 0 0 6 7484
344 1 7529 0 0 7530
345 2 7335 0 145 7482
346 7533 1 0 0 7534
347 7581 1 1 0 7583
348 7520 0 1 0 7521
349 7460 1 4 0 7465
350 5 0 7500 0 7505
351 7365 0 24 1 7390
352 0 0 0 7444 7444
353 0 0 0 7513 7513
354 0 0 0 7560 7560
355 7519 0 0 1 7520
356 0 1 3 7485 7489
357 7541 0 0 0 7541
358 0 0 7430 0 7430
359 7471 0 0 0 7471
360 7424 0 0 5 7429
361 0 0 7381 0 7381
362 9 6 2 7124 7141
363 0 1 2 7306 7309
364 0 0 7313 0 7313
365 4 0 7340 0 7344
366 7322 0 4 2 7328
367 7383 0 2 0 7385
368 0 0 0 7338 7338
369 7349 0 0 0 7349
370 7303 0 1 0 7304
371 1 7277 0 0 7278
372 7329 0 2 4 7335
373 7292 0 0 0 7292
374 7265 1 0 0 7266
375 65 0 7236 1 7302
376 0 0 7193 3 7196
377 1 0 7210 0 7211
378 7049 0 9 0 7058
379 0 3 0 7102 7105
380 0 0 0 7261 7261
381 146 0 7042 0 7188
382 26 0 7136 0 7162
383 0 7299 0 1 7300
384 1 0 0 7503 7504
385 1 0 7441 0 7442
386 7366 0 1 5 7372
387 0 2 1 7487 7490
388 4 0 7477 1 7482
389 7345 1 0 1 7347
390 0 1 8 7465 7474
391 6 0 1 7471 7478
392 7316 0 1 4 7321
393 0 7504 1 0 7505
394 0 5 1 7537 7543
395 1 0 0 7596 7597
396 3 22 0 7537 7562
397 0 0 0 7801 7801
398 0 0 7830 0 7830
399 0 1 7950 0 7951
400 7864 0 1 0 7865
401 8051 0 24 1 8076
402 8171 0 0 0 8171
403 8197 0 5 0 8202
404 8188 0 5 0 8193
405 9 0 8143 0 8152
406 8044 1 0 1 8046
407 8200 0 7 0 8207
408 8183 0 7 0 8190
409 7 0 8449 0 8456
410 8442 0 1 0 8443
411 8500 0 0 0 8500
412 8512 0 1 0 8513
413 8474 1 0 0 8475
414 8424 0 9 10 8443
415 1 15 1 8310 8327
416 0 22 1 8438 8461
417 29 0 8422 2 8453
418 0 0 8428 0 8428
419 0 0 8396 0 8396
420 8394 0 1 0 8395
421 8514 0 1 0 8515
422 8496 0 0 0 8496
423 0 0 0 8468 8468
424 8568 0 4 1 8573
425 0 0 8454 0 8454
426 3 8417 0 37 8457
427 8554 0 2 1 8557
428 0 1 1 8568 8570
429 0 0 8609 5 8614
430 1 0 8591 0 8592
431 8593 2 1 0 8596
432 8613 0 3 3 8619
433 5 8613 1 2 8621
434 0 0 0 8725 8725
435 11 0 8705 7 8723
436 8693 0 0 0 8693
437 1 1 0 8839 8841
438 24 0 8783 0 8807
439 8777 0 0 1 8778
440 1 0 0 8859 8860
441 8839 0 4 1 8844
442 0 2 0 8850 8852
443 1 2 0 8805 8808
444 0 8793 0 6 8799
445 8862 0 2 0 8864
446 0 0 8788 0 8788
447 1 8816 0 11 8828
448 0 3 0 8880 8883
449 8903 0 1 1 8905
450 1 8864 0 1 8866
451 8979 0 0 1 8980
452 8946 0 1 1 8948
453 2 1 0 8846 8849
454 3 8885 0 7 8895
455 8985 0 2 0 8987
456 8929 1 14 2 8946
457 0 1 8899 0 8900
458 8742 0 6 0 8748
459 0 8798 0 6 8804
460 0 1 0 8794 8795
461 8681 1 0 0 8682
462 22 8698 3 3 8726
463 1 0 0 8599 8600
464 3 8812 0 0 8815
465 26 0 8821 9 8856
466 1 3 0 8738 8742
467 0 1 0 8890 8891
468 8849 0 0 8 8857
469 8806 0 0 0 8806
470 9 0 8878 1 8888
471 2 2 0 8627 8631
472 8876 0 32 0 8908
473 8955 0 0 0 8955
474 0 4 0 8927 8931
475 4 0 8936 0 8940
476 8919 0 1 6 8926
477 8855 0 0 2 8857
478 1 1 0 8861 8863
479 0 8876 0 0 8876
480 1 8879 0 1 8881
481 5 0 0 8841 8846
482 1 8948 0 2 8951
483 8922 0 0 0 8922
484 1 0 0 8902 8903
485 2 0 0 9047 9049
486 4 0 9044 0 9048
487 0 0 8988 3 8991
488 8800 5 0 1 8806
489 0 0 0 9016 9016
490 3 0 9041 4 9048
491 8888 0 2 0 8890
492 0 0 9076 0 9076
493 1 0 9052 0 9053
494 8948 0 1 1 8950
495 9005 0 3 0 9008
496 0 0 9091 2 9093
497 1 0 9042 3 9046
498 16 0 9039 0 9055
499 9019 1 1 1 9022
500 9134 0 1 0 9135
501 9129 3 14 0 9146
502 0 0 9143 1 9144
503 2 0 9101 0 9103
504 21 0 9059 1 9081
505 9040 3 0 0 9043
506 0 0 9143 0 9143
507 9131 0 0 0 9131
508 3 0 9214 0 9217
509 1 2 0 9056 9059
510 17 0 9097 3 9117
511 1 9000 0 76 9077
512 0 2 0 9261 9263
513 9283 0 14 0 9297
514 9243 0 7 0 9250
515 1 1 9215 1 9218
516 0 9237 0 3 9240
517 9319 1 0 1 9321
518 2 0 9263 1 9266
519 9229 0 6 2 9237
520 1 9188 1 1 9191
521 2 0 1 9155 9158
522 6 9179 0 5 9190
523 9189 0 1 1 9191
524 2 9194 0 5 9201
525 9296 1 0 0 9297
526 1 0 9191 0 9192
527 9147 0 0 0 9147
528 9112 1 0 0 9113
529 14 9128 0 7 9149
530 0 1 0 9100 9101
531 0 0 1 9039 9040
532 2 9074 0 4 9080
533 9116 0 4 2 9122
534 5 0 9081 0 9086
535 13 0 8927 1 8941
536 5 8838 0 4 8847
537 1 4 0 8981 8986
538 2 0 8971 3 8976
539 8909 0 1 0 8910
540 8932 0 1 1 8934
541 0 1 0 8881 8882
542 0 2 0 8922 8924
543 8907 0 0 1 8908
544 8778 0 0 0 8778
545 0 0 8778 0 8778
546 0 5 0 8397 8402
547 2 8556 0 14 8572
548 1 1 1 8680 8683
549 56 0 8643 0 8699
550 8707 0 1 0 8708
551 8722 0 0 0 8722
552 8682 0 4 0 8686
553 8635 1 0 5 8641
554 8589 0 0 1 8590
555 3 1 0 8587 8591
556 0 0 0 8551 8551
557 0 1 0 8547 8548
558 8526 3 16 0 8545
559 0 7 0 8547 8554
560 1 0 8581 5 8587
561 3 0 8731 2 8736
562 13 8713 0 6 8732
563 8834 0 7 0 8841
564 8722 0 1 1 8724
565 0 0 8893 0 8893
566 5 0 2 8657 8664
567 4 22 1 8684 8711
568 0 8753 0 0 8753
569 9 14 1 8742 8766
570 3 8730 0 31 8764
571 8824 1 1 0 8826
572 0 0 0 8750 8750
573 8789 0 4 6 8799
574 0 0 8738 0 8738
575 1 0 8623 0 8624
576 8543 0 1 0 8544
577 0 0 8634 0 8634
578 8597 0 0 1 8598
579 8630 0 1 0 8631
580 0 0 8688 0 8688
581 8626 0 3 1 8630
582 8605 0 0 0 8605
583 3 0 8640 0 8643
584 8581 0 1 1 8583
585 0 14 1 8621 8636
586 25 0 8619 0 8644
587 0 1 1 8582 8584
588 5 0 1 8648 8654
589 0 0 8614 0 8614
590 8511 1 3 0 8515
591 8438 0 18 0 8456
592 8398 0 1 0 8399
593 8423 3 13 4 8443
594 4 0 8576 0 8580
595 10 0 8494 1 8505
596 0 0 8411 1 8412
597 8026 0 487 1 8514
598 8705 6 11 0 8722
599 0 0 0 8801 8801
600 0 0 0 8815 8815
601 6 0 8746 0 8752
602 8671 0 1 0 8672
603 0 54 1 8732 8787
604 0 1 1 8809 8811
605 0 0 0 8778 8778
606 2 130 2 8697 8831
607 8879 0 0 0 8879
608 8816 7 5 0 8828
609 8693 2 1 0 8696
610 4 8820 0 0 8824
611 0 6 1 8782 8789
612 1 0 0 8794 8795
613 14 0 8707 0 8721
614 2 0 8555 0 8557
615 8552 0 1 0 8553
616 19 8593 3 10 8625
617 8643 0 1 3 8647
618 8 0 8574 0 8582
619 8599 0 0 0 8599
620 3 8644 0 5 8652
621 8704 0 17 0 8721
622 8619 1 1 1 8622
623 0 0 1 8553 8554
624 8593 1 0 0 8594
625 0 4 1 8531 8536
626 0 8498 0 2 8500
627 0 2 0 8518 8520
628 8502 0 0 0 8502
629 18 0 8408 0 8426
630 8375 0 1 0 8376
631 0 8296 0 96 8392
632 0 2 0 8431 8433
633 8513 0 2 0 8515
634 8374 0 0 0 8374
635 1 0 8348 0 8349
636 8214 1 0 1 8216
637 0 0 8302 0 8302
638 8283 1 0 0 8284
639 0 2 1 8320 8323
640 8425 0 0 1 8426
641 0 4 5 8413 8422
642 8478 1 0 0 8479
643 0 1 0 8387 8388
644 0 8338 8 0 8346
645 3 1 1 8318 8323
646 7 0 8285 0 8292
647 0 30 1 8227 8258
648 0 4 1 8191 8196
649 1 8101 0 0 8102
650 0 8127 0 1 8128
651 8213 7 1 4 8225
652 5 0 8283 1 8289
653 0 8410 0 15 8425
654 1 8478 0 31 8510
655 10 0 8579 13 8602
656 0 0 8660 5 8665
657 0 13 5 8477 8495
658 0 0 0 8629 8629
659 0 2 0 8637 8639
660 1 8640 0 12 8653
661 1 1 1 8563 8566
662 0 8614 0 0 8614
663 0 8734 0 3 8737
664 8735 4 18 1 8758
665 8727 4 25 0 8756
666 1 52 0 8780 8833
667 0 1 2 8786 8789
668 0 0 0 8805 8805
669 0 12 0 8914 8926
670 3 1 8885 1 8890
671 8745 0 3 2 8750
672 8867 1 1 1 8870
673 12 0 8895 7 8914
674 4 1 8845 4 8854
675 8822 0 0 0 8822
676 8932 12 0 0 8944
677 7 1 0 9022 9030
678 0 0 8995 1 8996
679 8986 2 3 0 8991
680 2 0 8944 4 8950
681 1 0 8836 0 8837
682 8837 1 0 1 8839
683 0 0 8953 0 8953
684 28 8848 0 78 8954
685 0 0 1 9044 9045
686 9061 0 1 2 9064
687 0 9029 0 4 9033
688 9063 0 2 0 9065
689 1 1 2 9112 9116
690 9171 0 7 0 9178
691 3 0 9144 0 9147
692 9110 1 0 0 9111
693 0 9183 0 5 9188
694 9262 2 2 0 9266
695 9178 1 0 0 9179
696 0 3 1 9289 9293
697 9350 1 1 2 9354
698 3 6 838 8517 9364
699 9384 0 11 0 9395
700 2 0 9281 0 9283
701 9128 0 6 0 9134
702 8 9265 0 5 9278
703 2 9240 1 0 9243
704 3 9356 0 2 9361
705 9466 2 2 0 9470
706 9428 1 1 2 9432
707 9423 0 1 0 9424
708 9414 3 1 0 9418
709 1 0 9430 2 9433
710 2 0 9305 0 9307
711 9276 1 11 0 9288
712 1 0 9394 0 9395
713 1 9401 0 3 9405
714 9576 0 0 0 9576
715 9535 1 1 1 9538
716 1 0 0 9559 9560
717 9581 0 3 0 9584
718 0 1 9442 0 9443
719 9535 0 0 1 9536
720 44 0 9616 3 9663
721 9633 0 0 2 9635
722 0 1 9624 2 9627
723 9612 0 6 1 9619
724 9660 0 1 0 9661
725 9662 0 0 0 9662
726 0 0 0 9544 9544
727 8 9589 0 1 9598
728 1 6 0 9601 9608
729 9595 2 2 1 9600
730 1 1 9544 1 9547
731 0 9613 0 1 9614
732 9731 2 2 0 9735
733 9687 1 1 0 9689
734 1 0 9711 1 9713
735 0 0 9683 0 9683
736 9658 0 1 0 9659
737 2 0 1 9696 9699
738 5 11 9644 0 9660
739 0 0 0 9646 9646
740 0 9658 0 5 9663
741 2 1 0 9633 9636
742 0 9607 0 9 9616
743 2 9439 0 15 9456
744 1 9582 0 2 9585
745 0 56 0 9442 9498
746 0 2 0 9527 9529
747 9556 1 23 0 9580
748 2 0 9488 0 9490
749 0 5 0 9220 9225
750 9469 0 0 0 9469
751 1 0 0 9391 9392
752 0 9491 0 1 9492
753 9513 1 3 0 9517
754 1 0 9551 1 9553
755 1 8 0 9428 9437
756 2 9522 0 1 9525
757 9460 0 5 1 9466
758 1 9534 0 1 9536
759 9389 3 0 0 9392
760 0 9546 1 0 9547
761 3 9578 0 1 9582
762 1 13 0 9597 9611
763 9683 0 2 0 9685
764 9637 0 1 0 9638
765 9653 1 0 0 9654
766 9626 0 0 0 9626
767 9598 0 2 0 9600
768 0 0 9548 2 9550
769 0 11 0 9188 9199
770 1 0 0 9529 9530
771 9583 1 3 0 9587
772 9545 0 0 0 9545
773 3 9510 0 6 9519
774 9550 0 0 0 9550
775 1 0 0 9528 9529
776 1 0 9443 0 9444
777 1 0 9224 3 9228
778 0 1 9245 0 9246
779 9331 0 21 0 9352
780 3 0 9381 1 9385
781 0 0 9084 0 9084
782 9085 0 4 1 9090
783 1 9183 0 2 9186
784 6 9291 0 3 9300
785 0 1 0 9320 9321
786 9339 0 0 0 9339
787 9283 0 1 0 9284
788 1 0 9208 3 9212
789 9067 1 2 0 9070
790 0 9182 4 0 9186
791 0 9201 0 0 9201
792 9201 0 0 10 9211
793 8925 0 2 4 8931
794 1 3 0 9180 9184
795 9245 0 0 3 9248
796 0 0 9120 1 9121
797 2 0 8971 0 8973
798 11 1 8930 4 8946
799 1 8905 1 151 9058
800 0 9109 0 2 9111
801 0 4 0 9129 9133
802 0 9083 1 0 9084
803 9061 4 1 0 9066
804 6 9147 0 2 9155
805 9202 0 0 0 9202
806 1 0 1 9132 9134
807 0 9 0 9081 9090
808 0 1 0 9095 9096
809 9035 1 2 0 9038
810 2 9008 0 41 9051
811 0 0 8862 17 8879
812 8762 0 14 0 8776
813 1 8828 0 11 8840
814 1 8862 0 4 8867
815 8869 1 6 0 8876
816 0 0 1 8811 8812
817 21 0 8761 0 8782
818 8724 1 29 0 8754
819 262 0 8442 1 8705
820 3 8684 0 1 8688
821 0 0 0 8662 8662
822 8597 0 5 3 8605
823 6 8668 1 0 8675
824 4 8661 0 1 8666
825 8696 0 2 0 8698
826 3 0 8658 1 8662
827 8572 1 1 0 8574
828 8566 0 3 0 8569
829 0 0 8591 2 8593
830 0 0 1 8356 8357
831 0 2 2 8370 8374
832 1 8477 0 21 8499
833 0 8513 0 1 8514
834 8527 2 2 0 8531
835 0 1 1 8491 8493
836 8486 1 0 1 8488
837 0 52 0 8397 8449
838 8470 0 0 1 8471
839 8362 4 0 2 8368
840 4 8 2 8287 8301
841 1 3 8222 0 8226
842 1 8152 0 1 8154
843 0 8282 0 4 8286
844 0 9 2 8263 8274
845 0 5 1 8200 8206
846 1 6 1 8180 8188
847 1 8153 0 1 8155
848 0 0 1 8081 8082
849 0 0 19 7976 7995
850 2 8040 0 0 8042
851 0 2 0 8108 8110
852 8091 0 2 0 8093
853 7942 0 0 0 7942
854 0 3 0 7921 7924
855 3 3 7902 0 7908
856 0 0 1 7723 7724
857 1 7785 1 0 7787
858 0 3 1 7804 7808
859 3 0 7782 0 7785
860 7687 0 0 0 7687
861 1 5 2 7719 7727
862 1 0 7698 0 7699
863 7629 1 1 1 7632
864 7605 0 3 0 7608
865 0 7724 0 0 7724
866 0 2 0 7712 7714
867 7763 0 8 0 7771
868 1 1 7885 1 7888
869 0 0 7876 0 7876
870 7798 0 4 0 7802
871 0 11 1 7787 7799
872 0 2 2 7915 7919
873 4 0 7919 16 7939
874 14 0 8086 0 8100
875 8 8081 0 7 8096
876 1 8121 0 3 8125
877 8224 0 8 0 8232
878 8254 0 0 0 8254
879 0 99 1 8086 8186
880 8200 0 0 1 8201
881 0 6 0 8161 8167
882 1 0 8070 1 8072
883 7960 0 4 1 7965
884 1 7997 0 0 7998
885 0 27 2 7932 7961
886 0 0 7932 0 7932
887 7809 1 1 0 7811
888 33 0 7845 0 7878
889 4 0 8057 2 8063
890 1 0 8044 0 8045
891 8168 0 22 0 8190
892 8245 0 1 0 8246
893 8160 0 27 0 8187
894 22 0 8062 0 8084
895 1 5 0 7762 7768
896 0 8035 0 3 8038
897 5 8112 1 1 8119
898 8170 0 0 0 8170
899 8157 0 1 0 8158
900 8119 0 0 0 8119
901 8116 0 0 1 8117
902 8099 1 12 0 8112
903 8015 1 22 0 8038
904 2 8152 0 0 8154
905 1 8102 0 0 8103
906 82 17 7917 2 8018
907 7933 0 0 1 7934
908 7932 0 1 0 7933
909 55 1 7807 0 7863
910 7888 0 4 0 7892
911 2 7948 0 1 7951
912 7991 2 0 0 7993
913 2 0 0 7956 7958
914 0 3 1 7988 7992
915 7929 0 6 2 7937
916 1 0 7785 0 7786
917 8 7695 0 2 7705
918 2 7728 0 9 7739
919 7760 0 1 1 7762
920 7732 0 5 1 7738
921 7695 0 3 1 7699
922 0 0 7633 4 7637
923 7626 1 1 0 7628
924 7637 1 4 0 7642
925 1 1 0 7609 7611
926 1 0 7624 1 7626
927 0 12 0 7404 7416
928 1 7485 0 22 7508
929 0 1 1 7582 7584
930 7609 0 0 0 7609
931 18 0 7559 1 7578
932 7541 1 0 0 7542
933 7581 0 1 1 7583
934 7612 0 0 0 7612
935 7579 0 12 0 7591
936 3 0 7523 0 7526
937 6 1 1 6800 6808
938 7076 0 0 5 7081
939 4 7123 0 49 7176
940 7 1 1 7039 7048
941 2 7091 0 0 7093
942 7124 1 0 0 7125
943 7104 0 0 0 7104
944 4 7046 0 2 7052
945 7013 0 0 0 7013
946 3 6944 0 122 7069
947 9 1 1 6889 6900
948 6967 4 0 0 6971
949 2 7049 0 6 7057
950 3 0 7002 3 7008
951 7000 0 3 0 7003
952 0 0 6941 0 6941
953 6907 0 2 1 6910
954 0 140 1 6721 6862
955 2 6934 0 0 6936
956 6963 0 1 0 6964
957 6897 0 3 0 6900
958 6872 0 1 0 6873
959 0 6878 0 0 6878
960 0 1 0 6793 6794
961 7 0 6734 0 6741
962 6686 0 0 0 6686
963 0 6699 1 0 6700
964 7 6615 0 1 6623
965 0 6712 0 0 6712
966 6770 0 3 0 6773
967 6738 0 0 0 6738
968 1 0 1 6671 6673
969 6686 0 15 0 6701
970 0 0 5 6626 6631
971 0 0 1 6647 6648
972 6703 0 0 0 6703
973 6659 0 4 0 6663
974 1 4 0 6600 6605
975 6649 0 1 0 6650
976 6622 0 0 0 6622
977 0 0 2 6599 6601
978 118 0 6546 5 6669
979 6649 0 0 0 6649
980 6662 0 0 0 6662
981 6664 1 0 0 6665
982 6630 5 4 0 6639
983 0 0 6491 1 6492
984 2 6299 0 205 6506
985 3 0 6572 4 6579
986 6454 0 31 0 6485
987 11 0 6508 1 6520
988 6468 0 1 0 6469
989 6560 8 0 0 6568
990 6555 0 14 0 6569
991 13 0 6480 1 6494
992 1 6480 0 1 6482
993 0 1 1 6546 6548
994 6604 0 0 0 6604
995 6602 0 0 0 6602
996 9 6622 0 2 6633
997 2 0 6665 0 6667
998 6699 4 0 0 6703
999 6731 1 2 4 6738
1000 6718 0 0 5 6723
1001 6679 0 0 0 6679
1002 0 0 0 6615 6615
1003 0 0 1 6654 6655
1004 0 1 0 6623 6624
1005 3 6648 0 0 6651
1006 1 3 1 6673 6678
1007 0 0 1 6666 6667
1008 6653 0 12 0 6665
1009 0 1 2 6671 6674
1010 1 0 6698 0 6699
1011 3 0 6664 0 6667
1012 6573 0 0 0 6573
1013 6575 0 0 0 6575
1014 2 0 6538 0 6540
1015 0 6465 1 3 6469
1016 0 7 0 6543 6550
1017 0 0 0 6608 6608
1018 0 3 0 6653 6656
1019 7 0 6626 0 6633
1020 0 0 6642 0 6642
1021 6550 3 3 3 6559
1022 1 1 6634 0 6636
1023 6625 2 2 7 6636
1024 0 0 6639 0 6639
1025 6632 0 2 0 6634
1026 2 6673 0 10 6685
1027 4 0 0 6699 6703
1028 3 0 6735 0 6738
1029 1 0 2 6612 6615
1030 2 0 6758 6 6766
1031 0 0 0 6662 6662
1032 6827 0 0 0 6827
1033 6827 1 2 0 6830
1034 6791 0 0 0 6791
1035 0 5 2 6786 6793
1036 6782 0 1 0 6783
1037 7 6799 0 3 6809
1038 6900 0 0 0 6900
1039 6898 0 0 0 6898
1040 0 0 1 6900 6901
1041 6964 0 0 0 6964
1042 6922 0 0 0 6922
1043 19 0 6961 0 6980
1044 4 82 0 6486 6572
1045 6912 0 1 1 6914
1046 6929 0 0 2 6931
1047 0 6 1 7078 7085
1048 4 0 7314 8 7326
1049 7187 0 72 0 7259
1050 11 0 7391 0 7402
1051 2 0 7408 0 7410
1052 7494 0 14 0 7508
1053 7592 0 3 0 7595
1054 35 0 7489 0 7524
1055 1 8156 0 33 8190
1056 61 0 8205 6 8272
1057 8195 0 1 1 8197
1058 0 0 8296 0 8296
1059 1 8336 0 131 8468
1060 8601 0 2 4 8607
1061 8643 0 11 0 8654
1062 0 8690 0 29 8719
1063 1 0 8657 0 8658
1064 8609 0 0 0 8609
1065 47 0 8590 0 8637
1066 5 8532 0 70 8607
1067 0 0 0 8716 8716
1068 8780 0 0 0 8780
1069 5 8977 0 1 8983
1070 9045 1 1 0 9047
1071 17 0 8967 32 9016
1072 8991 0 4 0 8995
1073 8999 0 0 0 8999
1074 8998 0 0 0 8998
1075 8893 3 9 1 8906
1076 2 8942 0 8 8952
1077 2 8740 0 32 8774
1078 8896 0 0 1 8897
1079 8847 0 9 0 8856
1080 0 1 3 8741 8745
1081 0 4 0 8706 8710
1082 8859 0 3 0 8862
1083 0 15 0 8660 8675
1084 7 0 8734 1 8742
1085 1 8645 0 1 8647
1086 3 8541 0 2 8546
1087 8642 0 8 0 8650
1088 8601 0 0 2 8603
1089 8564 0 0 3 8567
1090 0 2 0 8583 8585
1091 2 0 8571 1 8574
1092 0 0 8467 0 8467
1093 6 0 8609 8 8623
1094 0 8503 0 3 8506
1095 2 8476 0 17 8495
1096 8601 5 0 1 8607
1097 9 8658 0 0 8667
1098 8680 7 6 1 8694
1099 0 0 8753 0 8753
1100 2 0 8725 3 8730
1101 18 12 8729 1 8760
1102 2 0 8735 0 8737
1103 8675 0 0 0 8675
1104 0 107 0 8559 8666
1105 0 0 8823 0 8823
1106 7 0 8949 0 8956
1107 8839 0 29 0 8868
1108 0 5 0 9009 9014
1109 0 5 1 9216 9222
1110 9261 0 3 0 9264
1111 9269 0 0 0 9269
1112 0 9286 0 0 9286
1113 9263 0 7 0 9270
1114 0 0 1 9159 9160
1115 9108 3 0 1 9112
1116 0 9210 0 1 9211
1117 4 9246 0 6 9256
1118 9357 0 4 1 9362
1119 33 1 9429 0 9463
1120 9536 0 2 0 9538
1121 9743 0 0 0 9743
1122 9677 1 98 5 9781
1123 9784 0 17 0 9801
1124 10 0 0 9745 9755
1125 9783 0 2 0 9785
1126 9798 0 3 0 9801
1127 0 2 0 9913 9915
1128 1 0 9959 1 9961
1129 9958 1 0 0 9959
1130 10066 1 1 0 10068
1131 10083 0 2 0 10085
1132 0 0 10000 1 10001
1133 9981 0 2 0 9983
1134 10059 0 20 0 10079
1135 5 0 10051 0 10056
1136 0 1 0 9678 9679
1137 10072 0 36 0 10108
1138 0 0 10023 0 10023
1139 2 10038 0 1 10041
1140 10171 0 8 0 10179
1141 10081 0 4 0 10085
1142 0 1 0 10135 10136
1143 10175 0 8 2 10185
1144 0 0 10182 8 10190
1145 10164 0 3 0 10167
1146 0 9 0 10216 10225
1147 3 0 10264 0 10267
1148 10156 0 9 0 10165
1149 13 10227 0 6 10246
1150 0 0 10295 2 10297
1151 10374 1 10 1 10386
1152 10417 0 0 0 10417
1153 10457 0 2 0 10459
1154 23 10468 0 0 10491
1155 10546 0 0 0 10546
1156 10503 0 1 1 10505
1157 5 1 0 10456 10462
1158 8 0 10436 7 10451
1159 1 1 11 10164 10177
1160 61 0 10331 0 10392
1161 5 10309 2 1 10317
1162 0 10486 0 0 10486
1163 10578 0 2 0 10580
1164 10511 0 3 1 10515
1165 1 0 10648 1 10650
1166 10610 0 1 0 10611
1167 10660 0 5 0 10665
1168 18 0 10546 1 10565
1169 10575 0 2 2 10579
1170 8 0 10579 0 10587
1171 1 10550 0 4 10555
1172 1 10724 0 13 10738
1173 0 58 4 10763 10825
1174 10958 0 2 0 10960
1175 10897 0 0 0 10897
1176 10940 0 2 0 10942
1177 10880 0 4 0 10884
1178 0 20 0 10741 10761
1179 1 10739 0 15 10755
1180 4 10722 0 0 10726
1181 0 10890 0 1 10891
1182 2 6 0 10885 10893
1183 10930 1 0 0 10931
1184 10880 0 0 0 10880
1185 84 10749 2 101 10936
1186 10977 0 1 0 10978
1187 10980 0 1 0 10981
1188 10940 0 1 0 10941
1189 5 0 1 10976 10982
1190 2 0 11040 0 11042
1191 0 15 0 10808 10823
1192 11062 1 2 0 11065
1193 7 0 10980 1 10988
1194 10945 1 2 0 10948
1195 12 0 10944 1 10957
1196 2 25 0 10676 10703
1197 142 0 10744 1 10887
1198 1 0 10822 0 10823
1199 1 10946 1 1 10949
1200 8 2 0 10968 10978
1201 0 0 10940 4 10944
1202 1 10883 0 2 10886
1203 0 14 1 10900 10915
1204 0 3 1 11077 11081
1205 2 2 11052 2 11058
1206 11 0 11012 0 11023
1207 2 0 11350 1 11353
1208 3 1 0 10174 10178
1209 0 0 0 11105 11105
1210 0 11212 0 0 11212
1211 11437 1 1 0 11439
1212 11486 0 2 0 11488
1213 11542 1 2 0 11545
1214 0 11597 0 2 11599
1215 11616 1 2 1 11620
1216 0 4 11564 1 11569
1217 11468 0 2 1 11471
1218 1 0 11499 0 11500
1219 11501 1 0 0 11502
1220 1 1 1 11527 11530
1221 5 0 11566 6 11577
1222 11644 1 0 2 11647
1223 11713 0 0 1 11714
1224 1 7 0 11407 11415
1225 1 11685 0 13 11699
1226 0 1 0 11791 11792
1227 11856 0 1 0 11857
1228 0 42 0 11697 11739
1229 1 2 0 11942 11945
1230 7 1 11634 6 11648
1231 11751 2 0 0 11753
1232 1 0 11724 0 11725
1233 0 11740 0 14 11754
1234 11785 0 2 0 11787
1235 0 11847 0 1 11848
1236 0 8 0 11820 11828
1237 0 11891 1 0 11892
1238 0 2 0 12008 12010
1239 119 0 11869 2 11990
1240 11853 0 7 1 11861
1241 9 11924 7 11 11951
1242 12015 10 2 6 12033
1243 11961 0 0 0 11961
1244 8 0 12029 0 12037
1245 0 8 0 11627 11635
1246 12004 0 1 0 12005
1247 12067 0 0 0 12067
1248 12056 0 5 0 12061
1249 12032 0 1 0 12033
1250 42 0 11594 0 11636
1251 11812 0 21 14 11847
1252 0 0 11194 3 11197
1253 0 11589 0 0 11589
1254 0 1 0 11736 11737
1255 19 11864 0 1 11884
1256 1 2 0 11908 11911
1257 55 0 11734 4 11793
1258 1 0 11678 0 11679
1259 11654 0 1 1 11656
1260 0 11625 0 7 11632
1261 0 11644 0 3 11647
1262 1 0 1 11721 11723
1263 11622 1 3 13 11639
1264 1 11578 0 0 11579
1265 1 11684 1 1 11687
1266 11664 1 1 0 11666
1267 1 0 11677 0 11678
1268 11489 0 1 0 11490
1269 11620 0 3 0 11623
1270 11654 3 3 0 11660
1271 0 108 0 11503 11611
1272 11686 1 0 0 11687
1273 3 1 11325 3 11332
1274 0 1 11239 0 11240
1275 125 0 11353 1 11479
1276 1 11432 0 9 11442
1277 0 11583 0 5 11588
1278 11525 0 18 6 11549
1279 8 0 11543 0 11551
1280 11453 0 0 1 11454
1281 0 10984 1 11 10996
1282 11438 0 1 1 11440
1283 0 10 0 11262 11272
1284 11546 0 7 0 11553
1285 5 0 10961 1 10967
1286 2 11065 1 4 11072
1287 11002 0 3 1 11006
1288 1 11124 0 1 11126
1289 0 11189 1 5 11195
1290 1 11320 1 11 11333
1291 6 0 11179 1 11186
1292 1 3 0 10640 10644
1293 80 0 10944 12 11036
1294 37 0 11063 1 11101
1295 10956 0 16 1 10973
1296 3 0 11124 4 11131
1297 1 11232 0 0 11233
1298 11195 0 0 1 11196
1299 0 130 0 11240 11370
1300 75 0 11306 4 11385
1301 0 0 0 10937 10937
1302 11121 1 16 0 11138
1303 1 0 11263 0 11264
1304 2 0 11251 0 11253
1305 10917 0 4 0 10921
1306 11157 0 3 0 11160
1307 4 3 11218 0 11225
1308 5 1 1 10691 10698
1309 1 1 11428 1 11431
1310 11488 0 4 1 11493
1311 11649 0 0 0 11649
1312 11655 0 4 0 11659
1313 1 0 11655 0 11656
1314 11602 0 110 0 11712
1315 11796 0 0 0 11796
1316 5 0 11824 0 11829
1317 8 0 12107 0 12115
1318 12088 0 2 9 12099
1319 12200 1 6 0 12207
1320 12270 0 0 8 12278
1321 2 7 1 12155 12165
1322 11909 0 0 0 11909
1323 8 12468 0 0 12476
1324 0 9 1 12439 12449
1325 0 0 1 12441 12442
1326 0 1 0 12569 12570
1327 139 0 12387 1 12527
1328 1 0 0 12392 12393
1329 0 167 1 12450 12618
1330 12665 0 0 11 12676
1331 12774 0 2 1 12777
1332 2 12846 0 2 12850
1333 1 0 12886 4 12891
1334 12711 0 4 0 12715
1335 12795 0 7 0 12802
1336 12796 1 2 0 12799
1337 1 0 1 12836 12838
1338 2 11784 0 1047 12833
1339 12867 0 0 1 12868
1340 12756 0 12 1 12769
1341 1 12866 0 12 12879
1342 1 0 0 12816 12817
1343 12717 0 0 0 12717
1344 1 12823 0 1 12825
1345 0 0 0 12829 12829
1346 3 10 12754 0 12767
1347 1 0 0 12537 12538
1348 12751 0 0 0 12751
1349 12726 1 2 8 12737
1350 9 1 12694 1 12705
1351 9 0 12571 0 12580
1352 1 12271 0 0 12272
1353 3 12622 0 14 12639
1354 0 0 0 12692 12692
1355 1 12749 0 1 12751
1356 0 4 1 12784 12789
1357 12796 0 0 2 12798
1358 1 12790 0 3 12794
1359 12729 1 0 0 12730
1360 8 0 12847 0 12855
1361 0 0 0 12490 12490
1362 0 14 5 12766 12785
1363 12883 1 1 0 12885
1364 0 0 0 12880 12880
1365 7 0 12815 0 12822
1366 12634 0 0 4 12638
1367 5 7 0 12774 12786
1368 3 0 12775 0 12778
1369 12571 0 0 1 12572
1370 12530 1 0 1 12532
1371 41 0 12642 0 12683
1372 1 0 0 12365 12366
1373 12689 0 0 0 12689
1374 0 29 1 12713 12743
1375 1 0 12758 0 12759
1376 1 2 0 12645 12648
1377 22 0 12659 6 12687
1378 2 12685 1 1 12689
1379 0 11 1 12792 12804
1380 0 4 1 12873 12878
1381 0 2 0 12889 12891
1382 0 2 0 12860 12862
1383 1 4 1 12829 12835
1384 4 12803 0 5 12812
1385 12809 0 1 3 12813
1386 0 48 2 12637 12687
1387 12607 1 0 0 12608
1388 1 12688 0 2 12691
1389 0 32 0 12652 12684
1390 3 0 0 12631 12634
1391 12 12604 0 3 12619
1392 12607 1 0 0 12608
1393 0 1 0 12581 12582
1394 0 3 0 12661 12664
1395 22 0 12590 0 12612
1396 0 17 0 12543 12560
1397 0 4 1 12622 12627
1398 5 0 12520 1 12526
1399 12444 1 3 0 12448
1400 12565 0 1 5 12571
1401 3 4 1 12522 12530
1402 3 0 12503 0 12506
1403 12453 0 3 1 12457
1404 12505 0 4 0 12509
1405 12573 0 1 0 12574
1406 2 0 12416 0 12418
1407 1 12397 1 3 12402
1408 12576 0 3 0 12579
1409 12478 0 3 0 12481
1410 7 10 0 12430 12447
1411 2 0 12467 0 12469
1412 3 12268 3 5 12279
1413 1 12392 0 0 12393
1414 12522 1 4 5 12532
1415 32 0 12373 0 12405
1416 3 12269 0 10 12282
1417 12452 0 2 17 12471
1418 0 1 2 12466 12469
1419 1 0 12528 8 12537
1420 2 0 13402 1 13405
1421 51 0 13517 0 13568
1422 13522 0 38 2 13562
1423 13691 2 2 0 13695
1424 13584 0 78 0 13662
1425 13675 0 3 1 13679
1426 1 1 0 13688 13690
1427 13579 1 3 2 13585
1428 3 13685 0 1 13689
1429 13735 1 5 0 13741
1430 13706 0 1 1 13708
1431 13620 0 4 0 13624
1432 12 0 13589 1 13602
1433 0 2 1 13288 13291
1434 13663 0 13 0 13676
1435 13622 0 8 0 13630
1436 2 7 1 13577 13587
1437 13375 0 10 1 13386
1438 1 13498 0 4 13503
1439 7 13542 0 2 13551
1440 13695 0 1 0 13696
1441 13609 0 2 0 13611
1442 0 0 2 13721 13723
1443 13751 0 2 2 13755
1444 13539 0 4 0 13543
1445 2 13580 0 1 13583
1446 85 13631 0 3 13719
1447 13831 0 2 0 13833
1448 13714 0 2 0 13716
1449 1 13790 0 4 13795
1450 13864 1 1 0 13866
1451 1 0 13834 2 13837
1452 13608 1 0 3 13612
1453 0 0 13798 0 13798
1454 99 0 0 13270 13369
1455 13776 0 6 1 13783
1456 1 0 13864 0 13865
1457 0 18 0 13477 13495
1458 13862 0 0 0 13862
1459 13776 1 0 1 13778
1460 13810 0 2 1 13813
1461 4 5 1 13852 13862
1462 5 1 13886 1 13893
1463 13820 0 4 1 13825
1464 13953 1 1 0 13955
1465 13992 0 1 0 13993
1466 14017 0 2 0 14019
1467 14024 0 36 0 14060
1468 9 1 13987 0 13997
1469 7 0 13964 1 13972
1470 14007 1 9 0 14017
1471 2 0 14354 7 14363
1472 14562 0 14 2 14578
1473 14590 1 2 0 14593
1474 14661 0 0 0 14661
1475 15 0 15096 0 15111
1476 0 1 0 14841 14842
1477 0 0 2 15130 15132
1478 0 8 0 15142 15150
1479 3 15178 2 7 15190
1480 8 0 15177 0 15185
1481 15001 2 10 0 15013
1482 8 15147 0 96 15251
1483 15380 1 2 5 15388
1484 2 0 0 15417 15419
1485 11 0 15315 0 15326
1486 5 15241 0 4 15250
1487 4 8 1 15347 15360
1488 0 77 0 15315 15392
1489 0 2 0 15492 15494
1490 15352 1 4 0 15357
1491 8 15366 0 82 15456
1492 1 0 15429 5 15435
1493 2 0 15263 0 15265
1494 0 27 0 15385 15412
1495 2 15322 0 6 15330
1496 0 3 0 15484 15487
1497 303 0 15157 1 15461
1498 5 0 15349 1 15355
1499 0 15402 1 14 15417
1500 46 0 15483 26 15555
1501 4 0 15541 0 15545
1502 0 1 0 11439 11440
1503 0 4 0 14410 14414
1504 10595 3 2 2 10602
1505 14680 0 2 0 14682
1506 15381 1 11 2 15395
1507 4 1 10412 1 10418
1508 2 0 13871 0 13873
1509 11468 0 44 1 11513
1510 7 11212 0 0 11219
1511 13449 1 1 0 13451
1512 15447 0 2 2 15451
1513 6 0 0 10129 10135
1514 6 11600 1 3 11610
1515 2 5 1 11771 11779
1516 5 13536 0 4 13545
1517 12099 9 0 0 12108
1518 1 9 0 12659 12669
1519 7 12465 1 20 12493
1520 0 0 0 14220 14220
1521 35 0 11481 3 11519
1522 10797 8 3 8 10816
1523 1 0 13384 1 13386
1524 29 0 15319 0 15348
1525 2 0 16019 6 16027
1526 0 5 16425 0 16430
1527 9982 0 21 2 10005
1528 0 0 12865 0 12865
1529 11085 0 0 0 11085
1530 1 21 0 12294 12316
1531 13231 3 2 0 13236
1532 4 12862 0 0 12866
1533 1 3 0 14117 14121
1534 2 0 13870 0 13872
1535 11796 1 4 1 11802
1536 0 6 0 13832 13838
1537 0 8 13984 1 13993
1538 0 1 0 13729 13730
1539 0 2 0 16056 16058
1540 8 2 12623 1 12634
1541 15 1 0 13563 13579
1542 13227 1 1 3 13232
1543 15894 1 0 0 15895
1544 7 13036 0 6 13049
1545 14188 0 0 0 14188
1546 11 0 13977 0 13988
1547 1 0 1 12358 12360
1548 2 9 0 15582 15593
1549 46 0 13164 5 13215
1550 0 5 0 13558 13563
1551 13787 5 4 0 13796
1552 16373 1 2 0 16376
1553 18 13464 1 2 13485
1554 0 29 23 14683 14735
1555 2 3 1 17092 17098
1556 0 0 1 17921 17922
1557 1 5 6 18251 18263
1558 2 0 12116 18 12136
1559 12078 0 0 10 12088
1560 16235 1 1 0 16237
1561 0 5 0 14736 14741
1562 0 2 0 17325 17327
1563 0 10 0 18007 18017
1564 13904 0 5 1 13910
1565 0 0 13382 0 13382
1566 0 12 0 13804 13816
1567 15024 0 3 0 15027
1568 0 1 14924 1 14926
1569 2 34 1 13618 13655
1570 14748 0 4 0 14752
1571 5 14910 0 34 14949
1572 15916 0 0 2 15918
1573 1 1 14497 6 14505
1574 15267 1 0 0 15268
1575 0 2 0 14317 14319
1576 1 14571 0 4 14576
1577 9 16295 0 1 16305
1578 5 17077 19 3 17104
1579 14875 5 1 0 14881
1580 14 0 15459 0 15473
1581 14641 0 43 0 14684
1582 9 0 15899 0 15908
1583 0 1 2 13444 13447
1584 15 0 15289 1 15305
1585 26 1 16541 2 16570
1586 12939 1 18 0 12958
1587 1 14130 0 0 14131
1588 0 1 0 14654 14655
1589 0 15607 0 3 15610
1590 14764 2 3 1 14770
1591 1 0 15646 1 15648
1592 9 0 16515 2 16526
1593 13928 0 4 0 13932
1594 16311 0 2 1 16314
1595 16948 1 2 1 16952
1596 22 0 13567 1 13590
1597 2 6 2 12852 12862
1598 14 0 13945 4 13963
1599 25 1 15389 1 15416
1600 2 13330 0 5 13337
1601 1 15672 0 4 15677
1602 14496 11 4 13 14524
1603 16221 4 18 0 16243
1604 16751 0 0 0 16751
1605 16887 1 16 2 16906
1606 0 6 1 15340 15347
1607 15594 0 1 0 15595
1608 2 59 0 15065 15126
1609 14701 2 2 19 14724
1610 18 13953 0 14 13985
1611 0 2 0 14981 14983
1612 1 0 14706 0 14707
1613 4 1 0 14493 14498
1614 29 0 15188 0 15217
1615 0 0 2 14074 14076
1616 0 0 6 15875 15881
1617 2 0 1 16813 16816
1618 14002 0 1 0 14003
1619 13 0 14297 2 14312
1620 13 0 16014 1 16028
1621 13641 1 0 0 13642
1622 0 0 1 14243 14244
1623 1 4 0 16010 16015
1624 25 0 13934 0 13959
1625 7 0 15546 15 15568
1626 0 13550 4 4 13558
1627 1 1 0 13471 13473
1628 4 14179 0 9 14192
1629 3 15671 0 0 15674
1630 5 16309 0 14 16328
1631 0 1 0 14731 14732
1632 14226 0 2 0 14228
1633 2 0 0 15012 15014
1634 0 18 1 15972 15991
1635 2 2 0 16366 16370
1636 4 0 14488 6 14498
1637 0 22 0 13794 13816
1638 28 0 14487 0 14515
1639 12947 0 27 0 12974
1640 2 0 14824 0 14826
1641 0 19 9 12964 12992
1642 1 0 14450 0 14451
1643 0 0 15599 1 15600
1644 119 0 15858 0 15977
1645 12929 2 10 0 12941
1646 0 1 14297 0 14298
1647 21 0 15483 5 15509
1648 0 0 16255 0 16255
1649 13790 0 4 1 13795
1650 15349 0 2 0 15351
1651 16343 0 1 1 16345
1652 16475 0 0 0 16475
1653 16387 0 1 0 16388
1654 1 0 1 14757 14759
1655 3 14588 0 0 14591
1656 0 8 1 15202 15211
1657 3 0 14852 0 14855
1658 1 3 1 14401 14406
1659 30 0 14632 0 14662
1660 0 4 0 13930 13934
1661 14259 0 1 1 14261
1662 1 14629 0 2 14632
1663 1 0 1 14934 14936
1664 0 3 1 15487 15491
1665 0 0 13660 1 13661
1666 0 0 0 13877 13877
1667 13921 2 1 1 13925
1668 21 14180 0 8 14209
1669 1 0 0 14558 14559
1670 8 1 13960 3 13972
1671 3 14026 0 15 14044
1672 107 14708 0 11 14826
1673 2 0 14267 9 14278
1674 13549 0 1 1 13551
1675 0 0 14271 1 14272
1676 0 2 0 13306 13308
1677 3 0 13657 3 13663
1678 13457 0 5 0 13462
1679 14192 0 0 0 14192
1680 2 24 0 13840 13866
1681 1 0 13562 1 13564
1682 9 0 13950 5 13964
1683 3 13396 0 2 13401
1684 13242 0 4 1 13247
1685 3 13854 0 4 13861
1686 13758 1 2 0 13761
1687 14082 0 2 1 14085
1688 14381 0 10 2 14393
1689 2 13 1 13944 13960
1690 14180 0 2 0 14182
1691 14399 0 0 2 14401
1692 57 0 13486 2 13545
1693 13435 0 4 0 13439
1694 0 0 2 12960 12962
1695 1 13198 0 6 13205
1696 6 13766 0 4 13776
1697 13564 1 8 1 13574
1698 13845 0 21 0 13866
1699 13923 0 0 1 13924
1700 1 1 1 13553 13556
1701 4 0 13444 0 13448
1702 13018 0 2 0 13020
1703 13508 0 0 0 13508
1704 13640 0 10 0 13650
1705 6 0 0 13229 13235
1706 3 0 13262 0 13265
1707 1 0 13503 7 13511
1708 1 0 13623 2 13626
1709 2 0 13733 0 13735
1710 12741 1 44 1 12787
1711 13440 0 3 0 13443
1712 0 5 1 13247 13253
1713 0 0 13369 5 13374
1714 1 0 13577 0 13578
1715 12837 0 2 0 12839
1716 13394 0 13 0 13407
1717 2 0 12908 0 12910
1718 5 12798 0 4 12807
1719 0 56 1 13189 13246
1720 13352 0 1 2 13355
1721 1 0 13350 0 13351
1722 13267 0 3 0 13270
1723 13471 1 0 0 13472
1724 2 0 13226 6 13234
1725 12998 0 0 0 12998
1726 1 0 1 13191 13193
1727 2 0 13418 0 13420
1728 2 35 2 12885 12924
1729 0 348 1 12820 13169
1730 0 0 2 13322 13324
1731 0 0 13022 2 13024
1732 1 12947 4 1 12953
1733 2 6 0 13024 13032
1734 0 0 0 12962 12962
1735 2 12981 0 2 12985
1736 13092 0 6 1 13099
1737 13000 0 7 0 13007
1738 0 0 2 12969 12971
1739 1 12922 0 5 12928
1740 13025 0 4 0 13029
1741 12949 0 1 1 12951
1742 0 3 2 12815 12820
1743 6 0 12752 1 12759
1744 2 12636 1 9 12648
1745 12778 1 13 1 12793
1746 12687 0 8 0 12695
1747 2 12650 0 0 12652
1748 12791 0 2 3 12796
1749 12717 0 3 0 12720
1750 12679 0 2 0 12681
1751 1 0 1 12666 12668
1752 0 9 12666 1 12676
1753 3 0 12530 0 12533
1754 12515 0 6 0 12521
1755 1491 0 11059 0 12550
1756 182 0 12202 1 12385
1757 3 12312 0 1 12316
1758 12547 0 6 1 12554
1759 12538 1 0 0 12539
1760 0 1 1 12518 12520
1761 0 1 1 12555 12557
1762 4 0 12545 0 12549
1763 2 1 0 12325 12328
1764 1 34 1 12383 12419
1765 4 1 12343 0 12348
1766 12218 0 7 1 12226
1767 12182 0 0 2 12184
1768 8 12267 0 3 12278
1769 12268 0 2 0 12270
1770 11 0 12211 0 12222
1771 2 0 12014 4 12020
1772 12098 0 1 1 12100
1773 11910 0 28 0 11938
1774 0 0 0 11779 11779
1775 0 11854 0 0 11854
1776 11888 0 4 0 11892
1777 1 1 0 11695 11697
1778 0 11776 0 2 11778
1779 101 0 11449 5 11555
1780 11323 0 13 0 11336
1781 4 0 2 11403 11409
1782 11401 0 2 0 11403
1783 3 11431 1 0 11435
1784 11547 0 2 0 11549
1785 11409 2 4 0 11415
1786 2 0 11426 0 11428
1787 1 0 11192 1 11194
1788 11096 1 76 0 11173
1789 0 2 0 11138 11140
1790 11252 0 0 0 11252
1791 2 1 0 11155 11158
1792 4 0 11077 0 11081
1793 11051 1 6 2 11060
1794 4 11087 0 4 11095
1795 11066 0 1 0 11067
1796 0 0 2 10871 10873
1797 3 0 10811 5 10819
1798 10575 0 0 2 10577
1799 1 10720 0 1 10722
1800 9 10581 0 61 10651
1801 10731 0 2 0 10733
1802 10687 1 0 0 10688
1803 10629 0 5 0 10634
1804 2 0 10566 1 10569
1805 6 10225 2 2 10235
1806 4 10443 0 1 10448
1807 14 8 5 10430 10457
1808 1 0 10452 3 10456
1809 0 2 1 10151 10154
1810 5 0 0 10156 10161
1811 0 12 0 10066 10078
1812 7 10124 0 3 10134
1813 10170 19 0 0 10189
1814 10060 1 7 0 10068
1815 0 0 10215 0 10215
1816 2 0 10062 0 10064
1817 2 0 9995 1 9998
1818 9921 2 34 12 9969
1819 2 0 10074 0 10076
1820 10039 0 0 2 10041
1821 2 9990 1 3 9996
1822 10088 2 1 0 10091
1823 2 0 10053 1 10056
1824 10032 0 11 2 10045
1825 2 0 10051 1 10054
1826 0 1 3 9788 9792
1827 10104 0 9 9 10122
1828 10197 0 1 0 10198
1829 10182 0 0 0 10182
1830 0 3 0 10116 10119
1831 10095 1 8 0 10104
1832 1 1 9747 0 9749
1833 0 9520 0 20 9540
1834 1 9582 1 1 9585
1835 4 9594 0 6 9604
1836 7 9877 0 2 9886
1837 10394 4 7 0 10405
1838 10451 0 8 1 10460
1839 10385 0 0 0 10385
1840 10220 2 5 0 10227
1841 1 10381 0 1 10383
1842 0 2 1 10323 10326
1843 0 2 2 10309 10313
1844 0 3 0 10314 10317
1845 10 10317 0 69 10396
1846 10418 0 4 0 10422
1847 1 0 10415 1 10417
1848 0 1 0 10017 10018
1849 10354 0 10 0 10364
1850 0 2 3 10267 10272
1851 1 3 2 10430 10436
1852 4 2 10290 1 10297
1853 1 0 10192 0 10193
1854 10206 0 43 0 10249
1855 10252 7 10 0 10269
1856 1 10195 0 0 10196
1857 0 3 0 10205 10208
1858 2 10255 0 4 10261
1859 10315 0 3 0 10318
1860 10176 0 11 0 10187
1861 2 3 10210 0 10215
1862 10152 0 1 1 10154
1863 10151 0 4 0 10155
1864 19 0 10167 1 10187
1865 5 0 10161 1 10167
1866 10192 0 22 0 10214
1867 10263 9 3 0 10275
1868 10284 1 2 0 10287
1869 10224 2 1 1 10228
1870 10 10307 1 0 10318
1871 0 1 0 10193 10194
1872 10309 1 1 0 10311
1873 12 0 10185 0 10197
1874 1 0 0 10057 10058
1875 10228 1 4 0 10233
1876 10151 3 2 0 10156
1877 10113 0 1 0 10114
1878 10155 0 0 1 10156
1879 0 2 10110 1 10113
1880 0 0 9915 1 9916
1881 9951 0 4 0 9955
1882 17 2 1 9814 9834
1883 1 9840 0 3 9844
1884 0 10000 1 1 10002
1885 0 27 0 9988 10015
1886 0 0 1 9988 9989
1887 0 1 0 10057 10058
1888 0 0 9964 1 9965
1889 0 0 9887 2 9889
1890 9842 0 25 2 9869
1891 9956 0 0 0 9956
1892 9978 0 0 1 9979
1893 9997 0 6 0 10003
1894 26 0 9818 1 9845
1895 1 9798 0 2 9801
1896 9796 1 2 1 9800
1897 1 9881 0 0 9882
1898 33 3 0 9892 9928
1899 9944 1 2 0 9947
1900 9834 1 0 0 9835
1901 0 0 9856 0 9856
1902 9759 1 1 0 9761
1903 17 0 9783 0 9800
1904 0 1 0 9440 9441
1905 9759 1 0 0 9760
1906 9667 18 0 0 9685
1907 0 2 0 9718 9720
1908 9703 0 8 0 9711
1909 1 5 0 9612 9618
1910 0 1 0 9633 9634
1911 0 23 0 9630 9653
1912 9586 3 0 0 9589
1913 1 9756 0 0 9757
1914 6 6 0 9729 9741
1915 9717 2 3 0 9722
1916 9675 1 0 0 9676
1917 9608 0 11 0 9619
1918 0 0 0 9702 9702
1919 1 0 9665 1 9667
1920 0 9572 0 0 9572
1921 0 16 0 9632 9648
1922 0 4 0 9706 9710
1923 40 0 9498 0 9538
1924 9557 1 3 5 9566
1925 2 2 0 9526 9530
1926 3 0 9433 1 9437
1927 0 9360 0 3 9363
1928 9301 0 2 2 9305
1929 1 9384 0 9 9394
1930 0 1 0 9497 9498
1931 9420 0 0 0 9420
1932 0 30 0 9420 9450
1933 5 1 9438 2 9446
1934 0 1 0 9293 9294
1935 9426 0 22 7 9455
1936 1 1 0 9430 9432
1937 0 0 0 9502 9502
1938 0 0 0 9596 9596
1939 0 0 9491 1 9492
1940 0 0 9442 0 9442
1941 9447 0 0 0 9447
1942 9495 1 4 0 9500
1943 9494 1 0 1 9496
1944 0 2 0 9586 9588
1945 1 0 9491 0 9492
1946 0 9279 0 13 9292
1947 1 9312 0 0 9313
1948 0 9315 0 0 9315
1949 9444 0 0 0 9444
1950 9401 0 3 0 9404
1951 0 0 0 9433 9433
1952 0 2 0 9509 9511
1953 5 0 9511 0 9516
1954 1 0 9387 0 9388
1955 9059 0 2 0 9061
1956 0 0 9364 1 9365
1957 1 0 9270 0 9271
1958 0 1 9291 0 9292
1959 8 0 9304 0 9312
1960 0 1 0 9059 9060
1961 1 0 0 9215 9216
1962 0 6 0 9292 9298
1963 9284 1 4 0 9289
1964 0 0 9259 0 9259
1965 0 2 0 9262 9264
1966 3 1 9399 1 9404
1967 0 9168 0 17 9185
1968 2 9279 0 0 9281
1969 0 0 9386 0 9386
1970 9231 0 1 0 9232
1971 12 0 9331 0 9343
1972 0 1 0 9236 9237
1973 0 9218 6 0 9224
1974 0 0 0 9324 9324
1975 9298 0 5 0 9303
1976 0 0 9327 0 9327
1977 47 0 9162 0 9209
1978 9076 1 1 0 9078
1979 0 0 9134 0 9134
1980 8971 1 11 0 8983
1981 0 9074 0 0 9074
1982 0 0 1 9165 9166
1983 0 1 0 9116 9117
1984 3 9078 0 12 9093
1985 0 0 1 9111 9112
1986 8948 0 7 0 8955
1987 1 8972 0 17 8990
1988 0 0 0 9012 9012
1989 8932 0 10 0 8942
1990 0 30 1 8828 8859
1991 0 1 0 8897 8898
1992 4 0 8835 0 8839
1993 8755 0 8 0 8763
1994 0 2 0 8754 8756
1995 2 203 2 8488 8695
1996 1 8727 0 0 8728
1997 8730 0 1 0 8731
1998 8653 0 0 0 8653
1999 1 0 8665 0 8666
2000 1 8591 0 1 8593
2001 8660 0 1 0 8661
2002 5 1 0 8574 8580
2003 0 0 0 8622 8622
2004 8631 0 3 0 8634
2005 8550 0 0 1 8551
2006 8476 0 2 0 8478
2007 9 0 8399 0 8408
2008 0 0 8315 0 8315
2009 8196 0 1 0 8197
2010 0 8220 0 2 8222
2011 8272 0 1 1 8274
2012 10 0 8236 0 8246
2013 8175 0 0 0 8175
2014 8122 0 3 0 8125
2015 8040 0 0 0 8040
2016 18 1 7997 1 8017
2017 14 2 7885 0 7901
2018 11 0 7792 3 7806
2019 0 3 0 7470 7473
2020 2 7509 0 12 7523
2021 0 7613 0 0 7613
2022 2 1 0 7629 7632
2023 0 0 0 7623 7623
2024 2 2 7571 0 7575
2025 1 0 7501 0 7502
2026 1 0 7406 1 7408
2027 0 1 0 7073 7074
2028 2 0 7298 0 7300
2029 0 0 0 7164 7164
2030 0 0 0 7250 7250
2031 3 7260 1 14 7278
2032 4 0 7176 1 7181
2033 6855 6 0 0 6861
2034 0 6983 0 4 6987
2035 0 8 1 6930 6939
2036 0 8 4 6987 6999
2037 6883 0 0 0 6883
2038 0 0 6884 0 6884
2039 6712 0 2 0 6714
2040 11 0 6697 1 6709
2041 0 0 6629 0 6629
2042 0 1 6626 5 6632
2043 6594 0 5 0 6599
2044 6542 1 0 0 6543
2045 0 0 0 6556 6556
2046 0 0 6444 0 6444
2047 0 3 0 6294 6297
2048 6274 0 0 0 6274
2049 3 5 0 6227 6235
2050 1 0 0 6255 6256
2051 1 6166 5 0 6172
2052 0 1 0 6218 6219
2053 4 0 6117 10 6131
2054 0 0 6055 3 6058
2055 5990 0 29 0 6019
2056 5982 0 15 0 5997
2057 0 0 0 6024 6024
2058 5966 0 0 1 5967
2059 0 0 5892 1 5893
2060 5804 0 0 0 5804
2061 5794 2 2 0 5798
2062 0 0 5775 1 5776
2063 5724 1 3 0 5728
2064 5728 0 0 0 5728
2065 0 2 0 5731 5733
2066 0 0 5716 0 5716
2067 2 0 0 5544 5546
2068 5632 0 0 0 5632
2069 0 1 0 5604 5605
2070 0 5 0 5596 5601
2071 5573 0 0 0 5573
2072 0 0 5465 0 5465
2073 2 5403 0 3 5408
2074 5448 0 0 0 5448
2075 5333 0 0 2 5335
2076 0 5272 0 1 5273
2077 5319 0 0 0 5319
2078 5013 0 0 2 5015
2079 3 5115 0 0 5118
2080 0 5110 0 0 5110
2081 1 5155 0 1 5157
2082 0 1 0 5141 5142
2083 0 1 0 5177 5178
2084 0 0 5108 0 5108
2085 0 1 5042 0 5043
2086 0 0 5005 0 5005
2087 1 0 0 4743 4744
2088 185 0 4734 0 4919
2089 4917 0 0 0 4917
2090 0 0 0 4841 4841
2091 4758 0 1 2 4761
2092 0 4745 0 0 4745
2093 4778 0 1 0 4779
2094 53 1 4681 0 4735
2095 4603 0 4 0 4607
2096 4 0 4679 1 4684
2097 1 0 0 4482 4483
2098 2 0 4567 0 4569
2099 0 26 0 4474 4500
2100 4580 0 8 1 4589
2101 1 0 0 4529 4530
2102 4541 0 1 1 4543
2103 1 4435 0 35 4471
2104 0 0 0 4524 4524
2105 1 0 4458 0 4459
2106 2 0 4494 1 4497
2107 0 6 0 4346 4352
2108 1 2 0 4361 4364
2109 0 4371 0 1 4372
2110 4413 0 1 0 4414
2111 4400 0 1 0 4401
2112 0 1 0 4370 4371
2113 1 0 4353 0 4354
2114 4322 0 0 0 4322
2115 4279 0 0 0 4279
2116 0 1 0 4247 4248
2117 0 0 4249 0 4249
2118 0 0 4207 1 4208
2119 0 0 0 4103 4103
2120 0 0 1 4142 4143
2121 2 0 4084 0 4086
2122 347 0 3662 0 4009
2123 13 0 3945 0 3958
2124 0 3851 0 1 3852
2125 1 1 1 3982 3985
2126 0 0 0 4003 4003
2127 0 0 0 4018 4018
2128 0 0 3977 0 3977
2129 3917 0 1 0 3918
2130 3924 0 1 0 3925
2131 3927 0 4 0 3931
2132 3892 0 2 0 3894
2133 0 0 3840 0 3840
2134 0 0 3832 1 3833
2135 3792 0 1 0 3793
2136 3 0 3745 1 3749
2137 0 0 3717 3 3720
2138 0 0 3665 0 3665
2139 0 0 3700 0 3700
2140 3730 0 1 0 3731
2141 6 0 3676 0 3682
2142 0 15 0 3587 3602
2143 3672 0 2 0 3674
2144 3626 0 4 0 3630
2145 2368 0 1201 5 3574
2146 32 0 3538 0 3570
2147 1 11 0 3333 3345
2148 322 0 3176 1 3499
2149 0 1 0 3473 3474
2150 0 2 0 3500 3502
2151 7 0 3401 34 3442
2152 141 0 3234 0 3375
2153 3402 0 0 0 3402
2154 3368 0 0 0 3368
2155 1 0 0 3300 3301
2156 0 3335 0 1 3336
2157 3345 0 1 1 3347
2158 0 0 3351 0 3351
2159 0 0 0 3283 3283
2160 460 2 2832 0 3294
2161 0 0 3279 2 3281
2162 3253 0 1 0 3254
2163 0 4 1 3250 3255
2164 1 0 3233 0 3234
2165 3198 0 0 0 3198
2166 3177 7 13 0 3197
2167 6 0 3163 1 3170
2168 0 3 0 3116 3119
2169 3168 0 0 0 3168
2170 3140 0 3 1 3144
2171 0 0 0 3102 3102
2172 20 0 3053 0 3073
2173 5 0 3060 0 3065
2174 3033 0 9 0 3042
2175 2 3 1 3021 3027
2176 14 0 3003 0 3017
2177 3038 0 0 0 3038
2178 3023 0 0 0 3023
2179 0 0 0 2986 2986
2180 2995 0 0 0 2995
2181 2962 0 0 0 2962
2182 2 0 0 0 2
