0 0 0 0 0 0
1 1548 0 0 0 1548
2 0 0 0 1662 1662
3 0 0 1914 0 1914
4 0 0 1925 0 1925
5 1933 0 0 0 1933
6 0 0 0 1958 1958
7 1974 0 0 0 1974
8 0 2211 0 0 2211
9 0 0 0 2381 2381
10 0 0 0 2424 2424
11 0 0 0 2493 2493
12 0 0 0 2578 2578
13 2616 0 0 0 2616
14 0 0 0 2609 2609
15 0 0 0 2617 2617
16 2592 0 0 0 2592
17 0 2702 0 0 2702
18 2700 0 0 0 2700
19 2684 0 0 0 2684
20 0 0 2728 0 2728
21 2732 0 0 0 2732
22 2723 0 1 0 2724
23 2748 0 0 0 2748
24 0 2751 0 9 2760
25 1 0 1 2839 2841
26 0 0 0 2873 2873
27 0 2826 0 47 2873
28 0 2873 0 0 2873
29 2861 0 0 1 2862
30 0 1 2856 0 2857
31 2861 0 0 0 2861
32 0 2876 0 0 2876
33 0 0 0 2889 2889
34 2877 0 0 0 2877
35 1 2935 0 0 2936
36 2898 0 20 0 2918
37 2907 0 0 0 2907
38 0 0 0 2931 2931
39 2939 0 0 0 2939
40 2929 0 1 0 2930
41 0 0 0 2947 2947
42 2955 0 0 0 2955
43 1 2968 1 0 2970
44 2966 0 0 0 2966
45 2948 0 0 0 2948
46 2916 0 0 0 2916
47 2910 0 0 0 2910
48 0 0 2849 1 2850
49 0 0 2818 0 2818
50 0 2896 0 0 2896
51 0 2971 0 0 2971
52 2969 0 0 0 2969
53 2976 0 0 0 2976
54 2986 0 0 0 2986
55 2987 0 0 0 2987
56 2987 0 0 0 2987
57 0 2996 0 0 2996
58 3013 0 1 1 3015
59 0 3017 0 0 3017
60 3010 0 0 0 3010
61 3006 0 0 0 3006
62 1 2 0 2979 2982
63 0 0 2941 0 2941
64 0 0 2943 0 2943
65 0 2967 0 0 2967
66 3015 0 2 0 3017
67 0 0 3033 0 3033
68 2955 0 0 1 2956
69 3050 0 0 0 3050
70 0 0 0 3054 3054
71 0 0 0 3034 3034
72 0 1 0 3052 3053
73 3061 0 0 0 3061
74 0 0 2992 0 2992
75 0 0 0 2990 2990
76 0 0 2982 0 2982
77 3031 0 0 0 3031
78 3054 0 1 0 3055
79 0 0 3022 0 3022
80 3062 0 0 1 3063
81 0 1 0 3074 3075
82 0 3060 0 0 3060
83 0 3164 0 1 3165
84 0 0 0 3176 3176
85 1 0 3187 0 3188
86 3179 0 0 0 3179
87 3179 0 1 0 3180
88 0 0 0 3233 3233
89 0 0 0 3231 3231
90 0 0 3207 1 3208
91 7 3197 0 0 3204
92 3249 0 0 0 3249
93 3233 0 0 0 3233
94 2 3237 0 0 3239
95 0 3274 0 1 3275
96 3308 0 1 0 3309
97 0 0 3225 0 3225
98 0 3232 0 0 3232
99 3255 0 1 0 3256
100 3241 0 0 1 3242
101 0 0 0 3278 3278
102 0 0 3269 0 3269
103 0 3262 0 0 3262
104 0 0 0 3272 3272
105 3302 0 0 0 3302
106 0 1 0 3316 3317
107 0 0 0 3302 3302
108 0 3292 0 1 3293
109 3306 0 0 0 3306
110 3289 0 0 1 3290
111 0 0 0 3302 3302
112 3338 0 0 0 3338
113 0 0 0 3339 3339
114 0 3373 0 6 3379
115 0 2 0 3368 3370
116 2 0 3348 0 3350
117 1 3341 0 1 3343
118 0 0 3353 0 3353
119 0 0 0 3333 3333
120 43 3309 0 2 3354
121 0 3360 0 0 3360
122 3389 0 0 0 3389
123 0 0 0 3394 3394
124 0 3397 0 0 3397
125 0 0 0 3434 3434
126 3401 0 1 0 3402
127 0 1 3429 0 3430
128 3339 0 0 0 3339
129 30 0 3400 0 3430
130 0 0 3512 0 3512
131 0 1 0 3444 3445
132 0 0 0 3513 3513
133 0 0 0 3571 3571
134 1 0 3586 0 3587
135 0 3583 0 0 3583
136 0 0 0 3632 3632
137 3638 0 3 0 3641
138 0 1 0 3692 3693
139 0 0 3746 0 3746
140 1 0 0 3753 3754
141 3837 0 0 0 3837
142 3832 1 0 0 3833
143 0 0 0 3918 3918
144 3927 1 0 0 3928
145 3921 1 0 0 3922
146 0 0 3987 0 3987
147 0 2 0 3836 3838
148 0 0 3949 0 3949
149 3988 0 1 0 3989
150 0 3994 0 0 3994
151 4044 0 1 0 4045
152 0 0 0 4075 4075
153 2 0 4110 0 4112
154 4161 0 0 0 4161
155 4174 0 2 0 4176
156 0 0 0 4235 4235
157 0 2 0 4237 4239
158 0 1 0 4267 4268
159 0 0 0 4296 4296
160 1 4283 0 0 4284
161 0 0 0 4314 4314
162 0 0 0 4309 4309
163 0 0 4286 0 4286
164 4254 0 0 0 4254
165 0 4001 0 324 4325
166 0 1 4355 0 4356
167 4237 0 0 0 4237
168 4196 0 0 0 4196
169 0 0 4354 0 4354
170 4293 0 0 0 4293
171 4355 0 0 0 4355
172 0 0 4409 0 4409
173 0 0 4389 0 4389
174 4348 0 23 0 4371
175 4423 0 0 0 4423
176 4419 0 0 0 4419
177 4444 0 4 0 4448
178 17 0 4484 0 4501
179 0 4509 0 38 4547
180 4578 0 0 1 4579
181 0 0 0 4628 4628
182 4631 0 0 0 4631
183 0 1 0 4626 4627
184 4562 0 41 0 4603
185 0 4551 0 0 4551
186 4570 0 0 0 4570
187 0 0 4528 0 4528
188 0 4548 0 0 4548
189 4527 0 47 1 4575
190 0 3 0 4570 4573
191 0 1 1 4624 4626
192 4613 0 11 0 4624
193 0 0 4596 0 4596
194 4598 0 1 1 4600
195 4573 0 1 15 4589
196 0 0 4600 0 4600
197 1 0 4507 0 4508
198 4480 0 1 0 4481
199 0 4497 0 0 4497
200 4499 0 2 0 4501
201 4507 0 0 0 4507
202 16 0 4596 0 4612
203 0 0 4551 0 4551
204 0 0 4550 0 4550
205 4731 0 1 0 4732
206 4738 0 0 0 4738
207 4763 0 1 0 4764
208 0 0 4792 0 4792
209 4856 0 1 0 4857
210 4932 0 0 0 4932
211 0 5292 0 0 5292
212 5393 1 0 0 5394
213 5399 0 0 0 5399
214 5364 0 0 0 5364
215 5386 0 0 0 5386
216 0 5069 0 318 5387
217 0 15 0 5365 5380
218 0 0 0 5391 5391
219 1 0 5307 0 5308
220 5330 0 1 0 5331
221 1 3 5290 0 5294
222 5293 0 1 0 5294
223 0 5315 0 0 5315
224 1 5297 1 0 5299
225 5320 0 1 0 5321
226 0 5373 0 1 5374
227 5408 0 0 0 5408
228 5392 0 0 0 5392
229 0 0 0 5381 5381
230 5429 0 1 0 5430
231 0 2 0 5427 5429
232 1 0 5407 0 5408
233 5348 0 0 0 5348
234 5345 0 0 0 5345
235 0 0 5371 0 5371
236 0 0 0 4648 4648
237 5080 0 0 0 5080
238 5107 0 0 0 5107
239 0 0 0 5140 5140
240 0 2 0 5152 5154
241 2 0 5117 0 5119
242 5055 0 1 0 5056
243 0 0 5165 0 5165
244 0 0 5127 0 5127
245 1 0 5062 0 5063
246 5145 0 1 0 5146
247 5160 0 0 0 5160
248 0 4 0 5086 5090
249 2 0 5057 0 5059
250 1 5040 0 3 5044
251 0 5119 0 1 5120
252 5205 0 9 0 5214
253 5247 0 0 0 5247
254 0 0 5231 0 5231
255 5209 0 0 1 5210
256 5150 0 1 0 5151
257 1 5179 0 0 5180
258 1 5197 0 0 5198
259 4977 0 227 0 5204
260 0 0 0 5171 5171
261 5199 0 28 0 5227
262 0 0 5176 0 5176
263 33 5128 0 1 5162
264 5162 1 3 0 5166
265 0 3 0 5142 5145
266 1 0 5092 0 5093
267 0 0 4993 2 4995
268 5002 0 4 0 5006
269 0 0 0 5032 5032
270 0 0 4960 75 5035
271 0 0 4962 0 4962
272 0 2 0 4897 4899
273 0 4847 0 0 4847
274 10 4900 0 0 4910
275 4981 0 0 0 4981
276 1 0 4957 0 4958
277 4897 0 0 0 4897
278 0 36 4825 0 4861
279 4784 0 0 0 4784
280 1 0 0 4729 4730
281 0 4721 0 1 4722
282 0 4777 0 0 4777
283 0 13 85 4704 4802
284 0 1 0 4834 4835
285 4834 0 1 0 4835
286 0 0 4776 0 4776
287 0 4760 0 0 4760
288 0 4 0 4766 4770
289 0 4813 0 1 4814
290 4894 0 2 0 4896
291 4760 0 10 0 4770
292 0 0 4708 0 4708
293 4733 0 0 0 4733
294 17 0 4695 0 4712
295 0 4764 0 1 4765
296 4719 11 1 67 4798
297 0 0 0 4819 4819
298 0 0 4821 0 4821
299 4 0 4775 0 4779
300 4764 0 0 1 4765
301 4783 1 0 17 4801
302 0 1 0 4780 4781
303 4813 0 1 0 4814
304 0 0 4801 0 4801
305 4700 0 1 1 4702
306 47 0 4621 0 4668
307 4659 0 0 1 4660
308 11 4677 0 2 4690
309 0 0 0 4674 4674
310 0 4700 0 1 4701
311 28 4659 0 21 4708
312 0 4847 0 0 4847
313 4935 0 1 0 4936
314 4853 1 1 1 4856
315 0 0 4896 0 4896
316 0 0 0 4823 4823
317 4954 0 0 0 4954
318 0 1 0 4924 4925
319 0 4951 0 0 4951
320 0 0 0 4982 4982
321 92 0 4865 2 4959
322 2 2 4929 1 4934
323 1 4919 0 0 4920
324 0 2 0 4981 4983
325 1 0 4954 1 4956
326 4884 1 25 1 4911
327 0 0 1 4921 4922
328 0 0 0 4920 4920
329 0 1 0 5016 5017
330 1 0 5132 1 5134
331 0 0 0 5017 5017
332 0 0 0 5082 5082
333 0 0 0 5142 5142
334 0 0 5035 0 5035
335 4989 27 0 0 5016
336 0 0 0 5005 5005
337 0 1 0 5049 5050
338 4957 0 0 0 4957
339 0 5085 0 1 5086
340 5125 0 0 0 5125
341 5107 0 0 0 5107
342 5089 0 0 0 5089
343 5039 0 0 0 5039
344 0 5095 0 0 5095
345 0 4781 0 189 4970
346 5053 0 0 0 5053
347 4982 0 0 0 4982
348 4951 0 0 0 4951
349 4924 0 25 0 4949
350 0 0 5034 0 5034
351 4827 1 102 0 4930
352 1 0 0 4975 4976
353 0 2 0 5019 5021
354 0 0 0 5047 5047
355 5039 0 1 0 5040
356 0 0 0 5033 5033
357 5121 0 0 0 5121
358 0 1 5014 1 5016
359 5010 0 0 0 5010
360 4982 0 0 21 5003
361 0 0 5036 1 5037
362 0 1 0 4866 4867
363 0 9 0 4959 4968
364 0 1 4979 1 4981
365 0 0 5053 0 5053
366 5038 0 15 0 5053
367 5087 1 0 0 5088
368 0 0 1 5152 5153
369 5116 0 0 0 5116
370 5023 1 0 0 5024
371 0 5030 0 1 5031
372 5004 0 0 130 5134
373 5159 1 0 1 5161
374 5174 0 1 0 5175
375 0 0 5167 1 5168
376 27 0 5118 0 5145
377 0 0 5141 0 5141
378 5050 0 0 0 5050
379 0 0 0 5104 5104
380 0 31 0 5293 5324
381 14 0 5315 2 5331
382 14 0 5246 0 5260
383 0 5336 0 0 5336
384 1 0 0 5481 5482
385 4 0 5474 0 5478
386 5443 0 0 0 5443
387 0 0 0 5505 5505
388 0 0 5513 0 5513
389 5372 0 1 0 5373
390 0 1 0 5479 5480
391 0 0 0 5456 5456
392 5359 0 0 0 5359
393 0 5551 0 0 5551
394 0 0 0 5617 5617
395 0 1 1 5605 5607
396 0 0 0 5565 5565
397 0 2 0 5631 5633
398 0 0 5493 0 5493
399 0 0 5560 0 5560
400 5541 0 1 0 5542
401 5670 0 1 0 5671
402 5793 0 0 0 5793
403 5892 0 0 0 5892
404 5871 0 0 1 5872
405 0 1 5862 0 5863
406 5796 0 1 0 5797
407 5691 0 255 0 5946
408 5913 1 3 1 5918
409 0 0 6055 0 6055
410 6065 0 0 0 6065
411 6099 0 0 0 6099
412 6079 1 0 0 6080
413 6110 0 0 0 6110
414 6079 0 0 5 6084
415 2 0 1 5935 5938
416 0 0 0 6064 6064
417 1 0 6034 0 6035
418 0 0 6021 0 6021
419 0 0 6022 0 6022
420 6034 0 1 0 6035
421 6089 0 0 0 6089
422 6081 0 0 0 6081
423 0 0 1 6040 6041
424 6087 0 0 0 6087
425 0 0 6014 0 6014
426 0 6056 0 0 6056
427 6094 0 0 1 6095
428 0 1 0 6108 6109
429 0 0 6109 1 6110
430 0 0 6045 0 6045
431 6007 0 0 1 6008
432 6011 0 0 1 6012
433 87 5873 0 43 6003
434 0 2 0 6124 6126
435 40 0 6100 0 6140
436 6076 0 1 1 6078
437 0 0 0 6087 6087
438 43 0 6041 0 6084
439 6131 0 1 0 6132
440 1 0 0 6148 6149
441 6163 0 0 1 6164
442 0 0 0 6171 6171
443 0 0 0 6184 6184
444 1 6195 0 1 6197
445 6269 0 2 0 6271
446 1 0 6172 0 6173
447 1 6156 0 0 6157
448 0 0 0 6168 6168
449 6133 0 0 0 6133
450 1 6090 0 0 6091
451 6122 0 0 3 6125
452 6135 0 0 0 6135
453 1 1 0 6003 6005
454 1 6066 0 1 6068
455 6115 0 0 0 6115
456 6086 0 0 1 6087
457 0 0 6082 0 6082
458 6009 0 0 0 6009
459 0 5916 0 0 5916
460 0 7 0 5950 5957
461 5779 0 1 0 5780
462 0 5746 0 24 5770
463 0 0 0 5675 5675
464 0 5805 0 1 5806
465 0 0 5841 0 5841
466 0 0 0 5805 5805
467 0 2 1 5872 5875
468 5873 0 1 0 5874
469 5829 0 2 2 5833
470 0 0 5865 0 5865
471 2 1 0 5655 5658
472 5861 0 1 0 5862
473 5921 0 0 0 5921
474 0 1 0 5865 5866
475 1 1 5847 0 5849
476 5897 0 2 0 5899
477 5813 0 1 0 5814
478 0 1 2 5775 5778
479 0 5785 0 1 5786
480 0 5775 0 0 5775
481 0 0 1 5772 5773
482 2 5794 0 0 5796
483 5832 0 0 0 5832
484 0 0 0 5862 5862
485 1 1 1 5906 5909
486 0 0 5906 2 5908
487 0 0 5886 0 5886
488 5832 0 1 0 5833
489 0 0 0 5925 5925
490 0 0 5903 0 5903
491 5782 0 0 0 5782
492 0 0 5889 0 5889
493 0 0 5871 0 5871
494 5791 0 1 0 5792
495 5797 0 18 0 5815
496 0 0 5830 0 5830
497 1 0 5760 1 5762
498 1 0 5800 1 5802
499 5727 0 0 0 5727
500 5808 1 0 0 5809
501 5803 0 0 0 5803
502 0 0 5792 0 5792
503 0 0 5786 0 5786
504 1 0 5840 0 5841
505 5846 0 15 0 5861
506 0 0 5922 1 5923
507 5875 0 0 0 5875
508 4 0 5826 1 5831
509 0 0 0 5850 5850
510 7 0 5937 12 5956
511 1 5850 0 16 5867
512 0 0 0 5974 5974
513 6034 0 2 0 6036
514 5972 0 1 0 5973
515 2 0 5938 0 5940
516 0 5936 0 2 5938
517 6059 0 0 1 6060
518 0 0 6066 1 6067
519 6053 0 2 0 6055
520 0 6026 0 1 6027
521 1 0 0 5963 5964
522 0 5973 0 54 6027
523 5964 0 0 0 5964
524 1 6051 0 1 6053
525 5833 0 0 0 5833
526 0 0 5726 0 5726
527 5719 0 0 0 5719
528 5701 0 1 0 5702
529 0 5625 0 0 5625
530 0 0 1 5596 5597
531 0 0 0 5555 5555
532 0 5607 0 1 5608
533 5634 1 0 0 5635
534 0 0 5632 0 5632
535 1 0 5552 16 5569
536 0 5521 0 2 5523
537 0 0 0 5615 5615
538 0 0 5640 0 5640
539 5624 0 0 0 5624
540 5627 0 0 0 5627
541 0 0 0 5635 5635
542 1 1 0 5707 5709
543 5634 0 0 0 5634
544 5541 0 0 0 5541
545 2 0 5528 0 5530
546 0 0 0 5329 5329
547 13 5382 0 1 5396
548 0 2 0 5421 5423
549 17 0 5431 0 5448
550 5403 0 0 0 5403
551 5407 0 0 0 5407
552 5375 0 0 0 5375
553 5351 0 0 0 5351
554 5355 0 0 0 5355
555 0 0 1 5334 5335
556 0 1 1 5354 5356
557 0 0 1 5313 5314
558 5338 0 0 0 5338
559 0 1 0 5479 5480
560 0 0 5479 2 5481
561 0 0 5487 2 5489
562 1 5486 0 0 5487
563 5530 0 0 0 5530
564 5445 1 0 0 5446
565 1 0 5559 0 5560
566 0 0 0 5359 5359
567 0 1 0 5338 5339
568 1 5366 1 0 5368
569 0 0 0 5386 5386
570 0 5349 0 1 5350
571 5344 0 0 0 5344
572 0 0 0 5319 5319
573 5266 0 0 6 5272
574 0 1 5282 2 5285
575 0 0 5188 1 5189
576 5067 0 0 1 5068
577 1 1 5158 0 5160
578 5210 0 0 1 5211
579 5274 0 2 0 5276
580 1 0 5305 1 5307
581 5274 0 1 0 5275
582 5340 0 1 0 5341
583 0 0 5354 0 5354
584 5326 0 0 0 5326
585 0 0 1 5246 5247
586 1 0 5292 1 5294
587 0 0 0 5225 5225
588 0 1 1 5274 5276
589 0 1 5278 0 5279
590 5118 0 0 0 5118
591 5173 0 2 0 5175
592 5120 0 0 0 5120
593 5166 6 1 0 5173
594 0 0 5293 0 5293
595 0 0 5233 0 5233
596 1 0 5192 0 5193
597 5159 0 30 0 5189
598 5248 0 20 1 5269
599 0 0 0 5379 5379
600 1 2 0 5396 5399
601 1 0 5378 2 5381
602 5330 0 0 0 5330
603 0 8 0 5483 5491
604 0 0 0 5528 5528
605 0 0 1 5508 5509
606 0 3 0 5503 5506
607 5475 0 1 0 5476
608 5391 44 17 0 5452
609 5394 1 0 0 5395
610 0 5412 0 0 5412
611 0 0 1 5386 5387
612 0 1 0 5339 5340
613 0 0 5328 0 5328
614 0 0 5308 0 5308
615 5307 0 2 0 5309
616 0 5376 0 2 5378
617 5384 1 0 17 5402
618 2 0 5360 0 5362
619 5348 1 0 2 5351
620 0 5374 0 1 5375
621 5449 0 1 0 5450
622 5395 2 0 0 5397
623 0 0 0 5365 5365
624 5368 0 0 0 5368
625 0 0 0 5331 5331
626 3 5294 0 1 5298
627 0 1 0 5349 5350
628 5372 0 0 0 5372
629 0 0 5368 0 5368
630 5286 0 1 1 5288
631 0 5308 0 0 5308
632 0 1 0 5294 5295
633 5367 0 1 0 5368
634 5263 1 2 0 5266
635 0 0 5259 0 5259
636 5179 0 0 0 5179
637 0 0 5241 0 5241
638 5228 0 0 0 5228
639 0 0 0 5254 5254
640 5271 0 3 0 5274
641 0 0 0 5305 5305
642 5321 0 1 0 5322
643 0 0 0 5270 5270
644 0 5258 0 0 5258
645 0 1 0 5229 5230
646 0 0 5255 0 5255
647 0 0 1 5201 5202
648 0 0 0 5178 5178
649 0 5165 0 0 5165
650 0 5201 0 0 5201
651 5219 0 34 1 5254
652 0 0 5432 0 5432
653 0 5379 0 42 5421
654 0 5463 0 38 5501
655 1 0 5630 0 5631
656 0 0 5654 0 5654
657 16 11 1 5604 5632
658 0 0 7 5610 5617
659 0 0 0 5630 5630
660 0 5624 0 0 5624
661 0 0 0 5590 5590
662 0 5531 0 0 5531
663 1 5691 0 0 5692
664 5714 0 37 0 5751
665 5662 1 0 1 5664
666 0 0 0 5659 5659
667 0 0 0 5681 5681
668 0 24 0 5638 5662
669 0 0 1 5829 5830
670 0 0 5868 0 5868
671 5793 0 0 0 5793
672 5838 0 2 1 5841
673 1 0 5865 0 5866
674 2 0 5882 0 5884
675 5832 0 31 1 5864
676 5919 0 0 0 5919
677 0 0 0 5905 5905
678 0 0 5873 0 5873
679 5867 0 0 0 5867
680 0 0 5899 0 5899
681 90 0 5748 0 5838
682 5895 0 0 0 5895
683 0 0 5973 0 5973
684 0 6006 0 1 6007
685 0 3 1 6144 6148
686 6167 0 0 0 6167
687 0 6192 0 1 6193
688 6167 0 0 0 6167
689 0 22 2 6263 6287
690 6293 0 0 0 6293
691 4 0 6220 0 6224
692 6207 0 0 0 6207
693 2 6285 0 0 6287
694 6276 0 0 1 6277
695 6237 0 1 0 6238
696 0 24 0 6280 6304
697 6332 0 22 0 6354
698 0 1 0 6352 6353
699 6414 0 0 0 6414
700 0 0 6373 0 6373
701 6291 1 0 1 6293
702 0 6418 0 3 6421
703 6 6466 0 0 6472
704 10 6441 0 0 6451
705 6421 0 97 0 6518
706 6521 1 0 0 6522
707 6575 0 1 0 6576
708 6532 3 0 2 6537
709 0 0 6588 0 6588
710 2 0 6531 0 6533
711 6506 1 1 0 6508
712 0 0 6523 22 6545
713 0 6640 0 0 6640
714 6716 0 1 0 6717
715 6712 1 0 0 6713
716 0 3 2 6752 6757
717 6798 0 0 0 6798
718 1 0 6704 0 6705
719 6700 1 0 0 6701
720 71 0 6714 1 6786
721 6747 0 1 0 6748
722 0 0 6802 0 6802
723 6801 0 0 1 6802
724 6805 0 0 0 6805
725 6841 0 0 1 6842
726 0 0 0 6772 6772
727 12 6821 0 20 6853
728 0 1 0 6873 6874
729 6875 0 5 0 6880
730 2 0 6827 0 6829
731 0 6892 0 0 6892
732 6976 0 0 0 6976
733 6983 0 0 0 6983
734 0 1 6970 0 6971
735 42 0 6896 0 6938
736 6895 0 24 0 6919
737 0 0 0 6883 6883
738 0 0 6892 0 6892
739 0 0 0 6823 6823
740 0 6850 0 0 6850
741 1 1 0 6839 6841
742 0 6710 0 0 6710
743 0 6695 0 0 6695
744 1 6868 0 19 6888
745 1 0 2 6819 6822
746 0 0 1 6886 6887
747 6916 0 1 0 6917
748 1 0 6853 0 6854
749 0 23 1 6697 6721
750 6852 0 1 0 6853
751 1 1 0 6823 6825
752 0 6903 0 2 6905
753 6982 0 1 0 6983
754 0 0 6948 0 6948
755 0 0 0 6801 6801
756 60 6856 0 1 6917
757 6845 0 1 0 6846
758 1 6824 0 1 6826
759 6675 1 8 0 6684
760 1 6722 0 0 6723
761 0 6753 0 0 6753
762 0 4 1 6721 6726
763 6792 0 3 0 6795
764 6757 0 0 0 6757
765 6778 0 17 0 6795
766 6715 0 3 0 6718
767 6770 0 0 0 6770
768 1 0 6723 0 6724
769 0 0 0 6512 6512
770 1 1 1 6716 6719
771 6741 0 1 1 6743
772 6695 0 0 2 6697
773 0 6775 0 1 6776
774 6756 0 0 0 6756
775 0 0 0 6654 6654
776 1 1 6615 1 6618
777 0 0 6579 0 6579
778 0 0 6623 0 6623
779 6743 0 0 1 6744
780 0 0 6714 0 6714
781 0 0 6669 0 6669
782 6697 0 3 0 6700
783 0 6727 0 0 6727
784 0 6861 0 0 6861
785 1 6 1 6836 6844
786 6869 0 1 0 6870
787 6759 2 0 0 6761
788 0 0 6698 0 6698
789 6508 1 1 0 6510
790 0 6569 0 0 6569
791 0 6610 0 1 6611
792 6628 0 3 0 6631
793 6485 0 0 0 6485
794 0 10 0 6616 6626
795 6579 0 3 0 6582
796 1 0 6494 0 6495
797 2 1 6397 2 6402
798 0 0 6364 2 6366
799 0 6403 0 0 6403
800 0 6490 0 2 6492
801 0 29 1 6496 6526
802 1 6501 0 0 6502
803 6420 1 0 0 6421
804 1 6516 0 1 6518
805 6530 0 0 0 6530
806 3 0 0 6424 6427
807 0 1 0 6463 6464
808 0 5 0 6435 6440
809 6322 0 0 0 6322
810 2 6312 0 0 6314
811 0 0 6192 25 6217
812 6119 0 10 0 6129
813 0 6229 0 0 6229
814 0 6166 0 8 6174
815 6257 0 0 0 6257
816 0 0 0 6201 6201
817 0 0 6186 0 6186
818 6050 0 122 0 6172
819 70 0 6130 0 6200
820 0 6167 0 0 6167
821 8 4 0 6128 6140
822 6124 0 0 0 6124
823 0 6142 0 0 6142
824 32 6000 0 0 6032
825 6091 0 0 2 6093
826 36 0 5911 0 5947
827 5888 0 3 1 5892
828 5899 0 1 2 5902
829 0 0 5903 0 5903
830 1 0 0 5724 5725
831 0 0 0 5829 5829
832 1 5904 0 0 5905
833 0 5967 0 1 5968
834 5969 0 0 0 5969
835 0 4 0 5891 5895
836 5710 0 0 0 5710
837 0 41 0 5691 5732
838 5723 0 46 0 5769
839 5678 0 0 13 5691
840 0 1 0 5637 5638
841 2 0 5733 0 5735
842 0 5688 0 0 5688
843 0 5823 0 0 5823
844 0 6 0 5783 5789
845 0 0 0 5773 5773
846 1 0 0 5667 5668
847 0 5714 0 0 5714
848 0 7 0 5712 5719
849 2 0 0 5641 5643
850 0 5688 0 1 5689
851 1 6 1 5783 5791
852 5770 0 0 19 5789
853 5666 0 0 0 5666
854 0 0 0 5695 5695
855 0 1 5640 0 5641
856 0 1 0 5550 5551
857 0 5589 0 0 5589
858 0 1 0 5620 5621
859 2 0 5639 0 5641
860 5614 0 0 0 5614
861 0 3 0 5669 5672
862 2 1 5705 0 5708
863 5647 0 2 0 5649
864 5596 22 0 0 5618
865 1 5694 0 0 5695
866 0 0 0 5669 5669
867 5688 0 1 0 5689
868 0 0 5733 0 5733
869 0 0 5709 0 5709
870 5588 0 40 1 5629
871 0 0 0 5618 5618
872 0 1 0 5666 5667
873 0 0 5669 0 5669
874 4 22 5595 1 5622
875 0 5678 1 0 5679
876 12 5730 0 0 5742
877 5802 0 41 0 5843
878 5837 0 0 1 5838
879 0 0 0 5765 5765
880 5767 0 0 0 5767
881 0 10 0 5678 5688
882 1 0 5645 0 5646
883 5595 0 2 0 5597
884 0 5656 0 0 5656
885 14 0 0 5654 5668
886 1 0 5651 0 5652
887 5558 1 0 1 5560
888 0 0 5549 1 5550
889 0 0 5573 0 5573
890 1 0 5570 0 5571
891 5566 0 70 0 5636
892 5673 0 0 0 5673
893 5645 0 1 0 5646
894 42 0 5526 0 5568
895 0 1 0 5381 5382
896 2 5506 1 8 5517
897 0 5594 0 1 5595
898 5719 0 3 0 5722
899 5691 0 3 0 5694
900 5648 0 0 0 5648
901 5642 0 0 0 5642
902 5614 0 0 0 5614
903 5549 0 1 0 5550
904 25 5583 0 0 5608
905 1 5603 0 0 5604
906 72 0 5534 0 5606
907 5576 0 0 0 5576
908 5564 0 0 0 5564
909 0 0 5521 0 5521
910 5470 0 0 0 5470
911 0 5483 28 0 5511
912 5540 0 0 0 5540
913 1 1 0 5493 5495
914 0 1 1 5481 5483
915 5447 0 0 0 5447
916 21 0 5279 6 5306
917 6 5300 0 2 5308
918 0 5365 0 2 5367
919 5396 1 1 0 5398
920 5432 1 0 0 5433
921 5399 0 0 1 5400
922 0 1 5370 0 5371
923 5272 0 0 0 5272
924 5298 0 0 0 5298
925 0 1 1 5297 5299
926 0 0 5247 0 5247
927 1 2 0 5185 5188
928 0 5252 0 1 5253
929 0 1 0 5285 5286
930 5328 1 0 0 5329
931 0 0 5302 0 5302
932 5274 0 1 0 5275
933 5275 0 1 0 5276
934 5296 0 0 0 5296
935 5270 0 0 0 5270
936 35 0 5163 0 5198
937 1 1 0 4658 4660
938 4897 0 1 0 4898
939 1 4913 0 0 4914
940 0 0 0 4796 4796
941 0 4888 0 0 4888
942 4803 0 0 0 4803
943 4766 0 0 0 4766
944 0 4724 0 1 4725
945 4613 0 1 0 4614
946 0 4594 0 0 4594
947 0 2 0 4417 4419
948 4478 0 0 0 4478
949 1 4474 0 2 4477
950 0 0 4505 0 4505
951 4480 0 1 0 4481
952 0 0 4402 0 4402
953 4425 0 0 0 4425
954 0 11 0 4382 4393
955 0 4404 0 0 4404
956 4430 0 0 10 4440
957 4376 0 0 0 4376
958 4355 0 1 0 4356
959 0 4375 0 0 4375
960 0 5 2 4244 4251
961 86 0 4152 0 4238
962 4197 0 0 0 4197
963 0 4255 0 0 4255
964 1 4133 0 1 4135
965 1 4200 0 1 4202
966 4236 0 0 0 4236
967 4197 1 0 0 4198
968 0 0 0 4159 4159
969 4261 0 0 0 4261
970 0 0 0 4188 4188
971 0 0 0 4243 4243
972 4296 0 0 0 4296
973 4256 0 0 0 4256
974 0 0 2 4225 4227
975 4267 1 0 0 4268
976 4278 0 0 0 4278
977 0 0 1 4238 4239
978 3 0 4279 0 4282
979 4303 0 1 0 4304
980 4289 0 0 0 4289
981 4229 0 23 8 4260
982 4244 0 29 0 4273
983 47 0 4184 0 4231
984 0 4081 1 162 4244
985 8 0 4279 1 4288
986 4140 0 67 0 4207
987 0 0 4224 0 4224
988 4232 0 0 0 4232
989 4300 0 0 0 4300
990 4333 0 1 0 4334
991 15 0 4263 0 4278
992 0 4196 0 0 4196
993 0 0 1 4213 4214
994 4213 0 2 0 4215
995 4201 1 0 0 4202
996 0 4194 0 23 4217
997 1 0 4252 0 4253
998 4216 1 21 0 4238
999 4211 0 18 0 4229
1000 4198 0 1 0 4199
1001 4183 0 10 0 4193
1002 0 0 1 4063 4064
1003 0 1 0 3995 3996
1004 0 0 1 3998 3999
1005 0 4012 0 0 4012
1006 0 6 0 4025 4031
1007 0 7 0 4035 4042
1008 4045 0 0 0 4045
1009 0 0 0 4001 4001
1010 0 0 4024 0 4024
1011 0 0 4003 0 4003
1012 4001 0 0 0 4001
1013 4008 0 0 0 4008
1014 12 0 3952 0 3964
1015 0 3949 0 0 3949
1016 0 7 2 3937 3946
1017 1 0 1 3904 3906
1018 0 0 1 3942 3943
1019 1 0 3946 0 3947
1020 0 0 3947 0 3947
1021 3911 0 0 0 3911
1022 1 0 3929 0 3930
1023 3816 0 0 0 3816
1024 0 0 3909 0 3909
1025 3901 0 1 0 3902
1026 0 3924 0 0 3924
1027 1 0 0 3909 3910
1028 5 1 3965 0 3971
1029 0 0 0 3915 3915
1030 0 0 4006 1 4007
1031 0 7 1 3907 3915
1032 3997 0 0 0 3997
1033 3975 0 0 0 3975
1034 3992 0 0 0 3992
1035 0 29 1 3931 3961
1036 3920 0 5 1 3926
1037 0 3997 0 0 3997
1038 4011 0 2 0 4013
1039 3997 0 0 1 3998
1040 0 7 0 4064 4071
1041 4093 0 25 0 4118
1042 4151 1 0 0 4152
1043 60 0 4095 0 4155
1044 0 0 1 3964 3965
1045 4221 1 0 0 4222
1046 4280 0 14 0 4294
1047 0 0 0 4324 4324
1048 1 0 4543 1 4545
1049 4463 0 58 2 4523
1050 0 0 4680 1 4681
1051 0 0 4665 1 4666
1052 4716 0 0 1 4717
1053 4771 0 0 1 4772
1054 0 0 4861 1 4862
1055 0 5209 0 93 5302
1056 89 1 5222 0 5312
1057 5294 0 10 37 5341
1058 1 0 5361 1 5363
1059 2 5457 1 9 5469
1060 5461 0 57 0 5518
1061 5491 2 0 1 5494
1062 0 5554 0 9 5563
1063 1 0 5429 0 5430
1064 5346 0 0 0 5346
1065 0 0 5369 0 5369
1066 0 5363 0 1 5364
1067 0 16 0 5389 5405
1068 5426 0 1 0 5427
1069 1 5551 0 0 5552
1070 5656 0 17 0 5673
1071 0 0 5661 0 5661
1072 5655 0 0 0 5655
1073 5645 1 0 0 5646
1074 5651 0 1 0 5652
1075 5639 1 0 0 5640
1076 0 5590 0 0 5590
1077 1 5486 0 1 5488
1078 5581 0 2 0 5583
1079 5603 1 0 1 5605
1080 0 8 0 5567 5575
1081 0 0 0 5565 5565
1082 5637 0 15 0 5652
1083 0 7 0 5563 5570
1084 1 0 5599 0 5600
1085 0 5512 0 1 5513
1086 32 5419 0 3 5454
1087 5481 0 3 0 5484
1088 5461 22 0 0 5483
1089 5385 0 16 12 5413
1090 0 1 1 5430 5432
1091 0 0 5477 0 5477
1092 5 0 5409 0 5414
1093 3 1 5465 0 5469
1094 2 5425 0 0 5427
1095 1 5335 0 9 5345
1096 5356 0 0 0 5356
1097 1 5392 0 1 5394
1098 5425 0 0 8 5433
1099 0 0 5450 0 5450
1100 0 0 5401 0 5401
1101 0 0 5443 1 5444
1102 1 0 5439 0 5440
1103 5421 0 10 7 5438
1104 0 6 0 5443 5449
1105 0 0 5483 1 5484
1106 1 0 5508 0 5509
1107 5454 2 21 0 5477
1108 0 0 2 5603 5605
1109 0 7 1 5711 5719
1110 5653 0 0 0 5653
1111 5670 0 1 0 5671
1112 4 5682 0 0 5686
1113 5684 1 1 0 5686
1114 0 0 1 5714 5715
1115 5646 0 0 0 5646
1116 0 5809 0 14 5823
1117 1 5852 0 0 5853
1118 5904 1 0 42 5947
1119 139 0 5800 0 5939
1120 6079 0 0 0 6079
1121 6186 0 0 0 6186
1122 6211 1 0 0 6212
1123 6224 0 0 0 6224
1124 0 1 2 6197 6200
1125 6237 0 1 0 6238
1126 6182 0 1 0 6183
1127 0 2 0 6218 6220
1128 46 0 6203 1 6250
1129 6176 0 0 1 6177
1130 6163 1 100 0 6264
1131 6267 0 0 0 6267
1132 1 0 6246 0 6247
1133 6232 0 0 0 6232
1134 6322 0 1 0 6323
1135 43 0 6252 0 6295
1136 2 1 0 6093 6096
1137 6291 0 2 0 6293
1138 0 0 6225 1 6226
1139 1 6235 0 0 6236
1140 6284 0 1 1 6286
1141 6303 0 1 0 6304
1142 0 0 0 6345 6345
1143 6377 0 0 0 6377
1144 0 0 6386 0 6386
1145 6302 0 1 1 6304
1146 0 2 0 6320 6322
1147 4 0 6374 0 6378
1148 6205 0 0 0 6205
1149 0 6213 0 48 6261
1150 16 0 6259 0 6275
1151 6256 0 0 1 6257
1152 6323 0 1 1 6325
1153 6344 0 1 0 6345
1154 28 6315 0 1 6344
1155 6311 0 1 1 6313
1156 6295 0 0 0 6295
1157 1 1 0 6348 6350
1158 0 33 6296 0 6329
1159 2 0 0 6175 6177
1160 15 0 6282 0 6297
1161 0 6267 0 2 6269
1162 0 6325 0 0 6325
1163 6389 1 0 0 6390
1164 6325 0 40 0 6365
1165 2 0 6388 0 6390
1166 6423 0 0 0 6423
1167 6499 0 0 0 6499
1168 11 0 6424 0 6435
1169 6474 0 0 0 6474
1170 3 0 6477 0 6480
1171 3 6528 0 0 6531
1172 0 6608 0 1 6609
1173 0 0 0 6675 6675
1174 6727 0 0 0 6727
1175 6727 0 1 0 6728
1176 6801 0 0 0 6801
1177 6775 0 0 0 6775
1178 0 0 0 6711 6711
1179 0 6712 1 0 6713
1180 1 6660 0 2 6663
1181 1 6811 0 0 6812
1182 0 1 1 6840 6842
1183 6918 0 1 0 6919
1184 6940 0 8 0 6948
1185 82 6815 49 0 6946
1186 7015 0 0 0 7015
1187 6988 8 0 0 6996
1188 6949 0 0 1 6950
1189 0 0 0 7017 7017
1190 1 0 7061 0 7062
1191 1 0 0 6851 6852
1192 7045 0 0 0 7045
1193 1 0 7011 0 7012
1194 7021 0 0 0 7021
1195 1 0 7023 0 7024
1196 0 1 1 6814 6816
1197 1 0 6885 1 6887
1198 1 0 6846 0 6847
1199 0 6892 0 0 6892
1200 0 2 1 6898 6901
1201 0 0 6932 0 6932
1202 1 7028 0 0 7029
1203 0 15 0 7057 7072
1204 1 2 0 7147 7150
1205 0 0 7097 0 7097
1206 7 0 7037 0 7044
1207 5 0 7192 0 7197
1208 1 1 0 6533 6535
1209 0 0 0 7087 7087
1210 0 7113 0 3 7116
1211 7243 0 0 0 7243
1212 7309 0 1 0 7310
1213 7290 0 0 0 7290
1214 2 7239 0 0 7241
1215 7225 0 1 0 7226
1216 0 0 7214 0 7214
1217 7067 0 67 0 7134
1218 0 1 7253 0 7254
1219 7223 0 0 0 7223
1220 0 0 0 7222 7222
1221 1 0 7221 0 7222
1222 7333 0 0 0 7333
1223 7309 0 0 0 7309
1224 0 94 0 7221 7315
1225 0 7460 0 0 7460
1226 0 0 1 7521 7522
1227 7558 0 0 0 7558
1228 0 2 0 7434 7436
1229 0 0 0 7453 7453
1230 21 0 7256 0 7277
1231 7339 0 0 0 7339
1232 1 0 7252 2 7255
1233 0 7209 0 107 7316
1234 7347 0 1 1 7349
1235 0 7336 0 0 7336
1236 0 0 1 7351 7352
1237 0 7407 0 0 7407
1238 1 1 1 7492 7495
1239 1 0 7442 0 7443
1240 7425 0 4 1 7430
1241 0 7529 0 0 7529
1242 7569 0 4 0 7573
1243 7561 0 1 0 7562
1244 0 0 7640 0 7640
1245 0 3 0 7360 7363
1246 7617 1 0 0 7618
1247 7565 0 0 0 7565
1248 7609 0 0 0 7609
1249 7598 0 0 0 7598
1250 0 0 7358 0 7358
1251 7195 0 246 0 7441
1252 21 0 7233 0 7254
1253 0 7473 0 0 7473
1254 0 12 1 7509 7522
1255 1 7565 0 0 7566
1256 0 0 0 7626 7626
1257 1 0 7591 0 7592
1258 1 1 7523 0 7525
1259 7600 0 1 1 7602
1260 0 7542 0 30 7572
1261 1 7657 0 0 7658
1262 1 3 0 7653 7657
1263 7526 0 76 15 7617
1264 0 7671 0 3 7674
1265 1 7691 0 1 7693
1266 7621 0 43 0 7664
1267 1 0 7645 0 7646
1268 7490 0 1 1 7492
1269 7589 0 0 0 7589
1270 7598 1 2 0 7601
1271 0 0 0 7640 7640
1272 7654 0 32 0 7686
1273 0 0 7495 1 7496
1274 0 0 7410 0 7410
1275 1 0 7502 0 7503
1276 0 7511 0 4 7515
1277 0 7611 1 0 7612
1278 7581 0 4 0 7585
1279 0 0 7633 0 7633
1280 7450 0 3 1 7454
1281 0 7088 0 2 7090
1282 7543 0 0 0 7543
1283 0 0 0 7484 7484
1284 7674 0 2 1 7677
1285 1 0 7499 1 7501
1286 0 7512 0 2 7514
1287 7472 0 1 0 7473
1288 0 7518 0 0 7518
1289 0 7528 0 0 7528
1290 13 7548 0 24 7585
1291 1 0 7434 0 7435
1292 0 2 14 6984 7000
1293 9 0 7432 0 7441
1294 7 0 7403 0 7410
1295 7323 0 1 1 7325
1296 0 0 7525 0 7525
1297 0 7521 0 0 7521
1298 7499 0 1 0 7500
1299 1 0 0 7598 7599
1300 0 0 7807 1 7808
1301 0 0 0 7568 7568
1302 7794 0 14 0 7808
1303 0 0 7857 0 7857
1304 41 0 7843 0 7884
1305 7636 0 0 0 7636
1306 7776 0 0 0 7776
1307 0 0 7854 0 7854
1308 0 2 0 7574 7576
1309 2 0 8053 0 8055
1310 8082 0 1 0 8083
1311 8232 0 1 0 8233
1312 8247 0 1 0 8248
1313 1 0 8316 0 8317
1314 8369 1 0 0 8370
1315 8414 0 1 0 8415
1316 1 0 8420 1 8422
1317 0 0 8548 0 8548
1318 8602 0 0 0 8602
1319 8649 0 1 1 8651
1320 8610 0 0 0 8610
1321 1 0 0 8610 8611
1322 8430 2 2 0 8434
1323 0 8622 0 0 8622
1324 0 1 0 8674 8675
1325 0 2 0 8689 8691
1326 0 1 0 8729 8730
1327 1 0 8686 0 8687
1328 0 0 0 8677 8677
1329 1 2 0 8745 8748
1330 8774 0 49 1 8824
1331 9019 0 0 0 9019
1332 26 9006 0 0 9032
1333 0 0 9020 0 9020
1334 8865 0 33 2 8900
1335 8994 0 0 0 8994
1336 8999 1 1 0 9001
1337 1 1 1 9105 9108
1338 1 8954 0 136 9091
1339 9081 1 1 0 9083
1340 8948 2 83 0 9033
1341 0 9043 1 1 9045
1342 0 0 0 9002 9002
1343 8854 1 0 0 8855
1344 0 8899 0 1 8900
1345 0 1 0 8873 8874
1346 1 0 8888 0 8889
1347 0 16 1 8764 8781
1348 8892 0 0 0 8892
1349 8869 3 0 0 8872
1350 2 0 8879 0 8881
1351 0 0 8757 0 8757
1352 0 8567 0 1 8568
1353 0 8811 0 1 8812
1354 1 0 0 8814 8815
1355 0 8856 1 0 8857
1356 0 1 0 8872 8873
1357 8702 0 88 0 8790
1358 1 8784 0 121 8906
1359 8887 0 0 0 8887
1360 5 0 8934 0 8939
1361 0 1 1 8612 8614
1362 0 1 0 8787 8788
1363 8844 0 0 0 8844
1364 0 0 0 8869 8869
1365 1 0 8911 0 8912
1366 8656 0 0 0 8656
1367 0 0 0 8785 8785
1368 0 0 8756 1 8757
1369 8539 1 2 0 8542
1370 8671 1 2 0 8674
1371 92 0 8606 0 8698
1372 1 0 0 8405 8406
1373 8584 0 1 1 8586
1374 0 1 0 8582 8583
1375 0 0 8478 1 8479
1376 0 0 0 8402 8402
1377 1 0 8368 0 8369
1378 2 8465 0 10 8477
1379 0 1 1 8459 8461
1380 0 0 2 8556 8558
1381 0 0 1 8626 8627
1382 0 0 0 8566 8566
1383 0 78 0 8544 8622
1384 0 8567 0 8 8575
1385 8561 0 32 0 8593
1386 0 1 0 8500 8501
1387 8389 1 1 1 8392
1388 17 8415 0 0 8432
1389 0 27 0 8347 8374
1390 2 0 0 8335 8337
1391 2 8333 0 0 8335
1392 8501 0 1 0 8502
1393 0 32 1 8480 8513
1394 0 0 0 8537 8537
1395 25 0 8562 0 8587
1396 0 4 2 8477 8483
1397 0 1 1 8511 8513
1398 2 0 8450 0 8452
1399 8368 0 0 0 8368
1400 8475 0 1 0 8476
1401 0 17 0 8446 8463
1402 2 0 8503 1 8506
1403 8430 0 0 0 8430
1404 8443 0 0 0 8443
1405 8418 0 2 0 8420
1406 0 0 8271 0 8271
1407 0 8191 0 2 8193
1408 8326 0 5 0 8331
1409 8338 0 2 0 8340
1410 1 0 1 8346 8348
1411 1 0 8214 0 8215
1412 4 8099 0 1 8104
1413 1 8193 1 2 8197
1414 8334 0 1 1 8336
1415 2 0 8209 0 8211
1416 1 8155 0 1 8157
1417 8389 0 34 0 8423
1418 1 0 0 8386 8387
1419 3 0 8312 1 8316
1420 0 0 8866 0 8866
1421 11 0 8892 0 8903
1422 8747 0 2 0 8749
1423 8780 0 2 0 8782
1424 8777 1 19 0 8797
1425 8789 0 15 1 8805
1426 0 1 0 8811 8812
1427 8752 0 3 0 8755
1428 1 8891 0 1 8893
1429 8908 0 0 0 8908
1430 8861 0 1 0 8862
1431 8724 0 2 0 8726
1432 46 0 8691 0 8737
1433 0 1 0 8420 8421
1434 8708 0 1 0 8709
1435 8701 0 0 0 8701
1436 0 7 0 8753 8760
1437 8588 0 0 0 8588
1438 1 8649 0 0 8650
1439 1 8677 0 0 8678
1440 8844 1 1 33 8879
1441 8821 0 0 0 8821
1442 0 0 0 8811 8811
1443 8762 0 0 0 8762
1444 8641 0 0 0 8641
1445 0 8594 0 0 8594
1446 0 8621 0 0 8621
1447 8702 0 1 0 8703
1448 8637 0 1 0 8638
1449 1 8695 0 0 8696
1450 8662 0 0 0 8662
1451 0 0 8736 0 8736
1452 8571 0 0 0 8571
1453 1 0 8793 0 8794
1454 0 1 4 8535 8540
1455 8711 0 1 0 8712
1456 16 0 8756 0 8772
1457 1 3 14 8565 8583
1458 8698 0 34 0 8732
1459 8733 0 0 0 8733
1460 8715 0 0 1 8716
1461 0 1 0 8838 8839
1462 2 0 8927 0 8929
1463 8913 0 0 3 8916
1464 8969 0 0 0 8969
1465 9012 0 1 1 9014
1466 8933 0 1 0 8934
1467 8818 0 17 1 8836
1468 1 0 8938 1 8940
1469 1 0 8934 0 8935
1470 8884 0 0 3 8887
1471 0 0 9035 0 9035
1472 9031 0 1 0 9032
1473 9035 0 0 0 9035
1474 9013 0 0 9 9022
1475 0 0 9235 0 9235
1476 0 0 0 9028 9028
1477 2 0 0 9136 9138
1478 0 1 2 9212 9215
1479 1 9277 0 10 9288
1480 15 0 9320 0 9335
1481 9229 0 1 1 9231
1482 0 9384 1 0 9385
1483 9413 0 0 0 9413
1484 1 4 1 9410 9416
1485 34 1 9418 0 9453
1486 0 9417 0 0 9417
1487 0 0 0 9492 9492
1488 0 0 0 9541 9541
1489 0 0 0 9538 9538
1490 9436 0 3 0 9439
1491 0 9447 0 2 9449
1492 1 0 9318 13 9332
1493 0 1 9264 0 9265
1494 0 0 0 9520 9520
1495 0 9458 0 11 9469
1496 0 2 0 9548 9550
1497 4 0 9537 0 9541
1498 2 0 9389 2 9393
1499 0 9526 0 7 9533
1500 90 0 9498 23 9611
1501 0 0 9735 0 9735
1502 0 0 0 7041 7041
1503 0 0 0 9058 9058
1504 6367 0 1 1 6369
1505 9045 0 0 0 9045
1506 9526 1 23 0 9550
1507 1 0 6412 0 6413
1508 0 0 8761 0 8761
1509 7238 0 1 0 7239
1510 24 6941 1 0 6966
1511 8532 0 0 0 8532
1512 9809 0 3 0 9812
1513 1 0 0 6351 6352
1514 1 7306 0 1 7308
1515 0 0 0 7394 7394
1516 0 8591 0 1 8592
1517 7616 2 0 1 7619
1518 1 0 0 7981 7982
1519 5 7874 0 0 7879
1520 0 0 0 8752 8752
1521 118 0 7139 2 7259
1522 6528 37 11 3 6579
1523 0 0 8349 0 8349
1524 66 0 9545 1 9612
1525 0 0 9992 0 9992
1526 1 0 10258 1 10260
1527 5880 0 38 0 5918
1528 0 0 7916 1 7917
1529 6634 1 0 0 6635
1530 0 0 0 7426 7426
1531 8074 0 2 0 8076
1532 1 7841 0 0 7842
1533 0 1 2 8736 8739
1534 13 0 8397 0 8410
1535 7124 1 0 2 7127
1536 0 2 1 8261 8264
1537 0 0 8465 1 8466
1538 0 1 0 8289 8290
1539 1 10 1 9678 9690
1540 0 0 7489 0 7489
1541 1 1 10 8051 8063
1542 8045 0 2 0 8047
1543 9655 0 1 0 9656
1544 1 7821 0 4 7826
1545 8623 0 1 0 8624
1546 1 0 8474 0 8475
1547 1 0 1 7550 7552
1548 0 1 0 9709 9710
1549 1 0 8173 0 8174
1550 0 0 0 8294 8294
1551 8521 0 8 0 8529
1552 10083 0 0 0 10083
1553 8 8458 0 0 8466
1554 0 1 0 9573 9574
1555 0 1 0 10913 10914
1556 0 0 0 11186 11186
1557 0 0 0 11286 11286
1558 0 1 7779 2 7782
1559 7715 1 0 1 7717
1560 10311 2 0 0 10313
1561 0 0 0 9218 9218
1562 0 9 0 10805 10814
1563 1 0 0 11137 11138
1564 8877 0 25 1 8903
1565 0 0 8397 0 8397
1566 0 0 0 8635 8635
1567 9405 0 1 0 9406
1568 90 0 9214 0 9304
1569 0 1 0 8622 8623
1570 9314 1 22 0 9337
1571 1 9240 0 33 9274
1572 9790 0 0 0 9790
1573 3 0 9042 1 9046
1574 9303 0 0 0 9303
1575 2 1 1 8667 8671
1576 0 8915 0 1 8916
1577 0 9841 0 0 9841
1578 0 10097 0 41 10138
1579 9010 1 0 0 9011
1580 0 0 9439 0 9439
1581 8927 0 0 0 8927
1582 1 0 9704 0 9705
1583 0 0 3 8304 8307
1584 28 0 9352 0 9380
1585 24 0 10094 1 10119
1586 7933 0 5 2 7940
1587 0 8746 0 1 8747
1588 0 0 0 8954 8954
1589 1 9515 0 1 9517
1590 9086 0 1 0 9087
1591 1 0 9628 0 9629
1592 2 0 10127 1 10130
1593 8634 0 2 0 8636
1594 10042 0 0 1 10043
1595 10278 0 2 0 10280
1596 0 0 8439 1 8440
1597 0 75 1 7946 8022
1598 1 1 8880 0 8882
1599 13 0 9712 0 9725
1600 1 8386 2 28 8417
1601 0 9772 0 1 9773
1602 8898 0 1 0 8899
1603 9840 0 0 0 9840
1604 10095 0 0 1 10096
1605 10201 0 1 0 10202
1606 0 0 2 9517 9519
1607 9641 0 1 1 9643
1608 0 1 0 9385 9386
1609 9061 0 1 7 9069
1610 0 8719 1 0 8720
1611 0 0 0 9325 9325
1612 30 0 9143 0 9173
1613 0 1 0 8896 8897
1614 1 0 9507 0 9508
1615 0 1 2 8704 8707
1616 0 0 1 9723 9724
1617 0 2 0 10244 10246
1618 8758 0 1 0 8759
1619 1 1 8829 1 8832
1620 0 1 9881 0 9882
1621 8297 0 91 0 8388
1622 1 1 0 8825 8827
1623 7 1 15 9898 9921
1624 1 0 8539 1 8541
1625 1 0 9442 0 9443
1626 1 8294 1 2 8298
1627 0 0 1 8156 8157
1628 1 8521 0 4 8526
1629 0 9293 0 0 9293
1630 0 9550 1 35 9586
1631 0 1 0 8790 8791
1632 8513 0 0 0 8513
1633 0 0 0 8855 8855
1634 0 0 1 9417 9418
1635 0 2 0 9588 9590
1636 1 0 8443 0 8444
1637 0 1 0 7984 7985
1638 1 0 8515 0 8516
1639 7531 1 45 0 7577
1640 0 0 8615 0 8615
1641 1 40 1 7441 7483
1642 11 0 8261 0 8272
1643 1 0 9002 0 9003
1644 10 1 9237 1 9249
1645 7509 1 3 1 7514
1646 1 0 8290 0 8291
1647 0 0 8987 0 8987
1648 0 15 9355 18 9388
1649 7811 15 3 0 7829
1650 8775 0 0 0 8775
1651 9240 0 2 1 9243
1652 9281 0 3 0 9284
1653 9082 0 0 0 9082
1654 0 0 0 8273 8273
1655 2 8147 0 1 8150
1656 0 43 0 8414 8457
1657 0 0 8302 0 8302
1658 0 1 0 8056 8057
1659 37 0 8225 0 8262
1660 0 0 1 7811 7812
1661 8008 0 0 0 8008
1662 2 8154 0 1 8157
1663 1 0 1 8303 8305
1664 0 0 0 8649 8649
1665 2 0 7539 0 7541
1666 0 1 1 7650 7652
1667 7731 0 0 0 7731
1668 45 7947 0 0 7992
1669 0 0 0 8191 8191
1670 3 0 7914 0 7917
1671 0 7921 0 2 7923
1672 0 8383 0 0 8383
1673 3 0 8036 0 8039
1674 7606 0 1 0 7607
1675 1 0 7967 1 7969
1676 0 0 0 7350 7350
1677 4 0 7620 0 7624
1678 7466 1 1 0 7468
1679 7954 0 0 10 7964
1680 0 14 0 7766 7780
1681 4 0 7445 0 7449
1682 6 0 7620 1 7627
1683 7 7228 0 2 7237
1684 7102 0 1 0 7103
1685 2 7501 0 19 7522
1686 7415 1 0 0 7416
1687 7629 0 1 1 7631
1688 7728 0 0 0 7728
1689 0 0 1 7580 7581
1690 7634 0 0 0 7634
1691 7817 0 0 0 7817
1692 64 0 7213 0 7277
1693 7301 0 1 0 7302
1694 0 1 1 7028 7030
1695 0 7194 0 0 7194
1696 0 7554 0 0 7554
1697 7440 0 1 3 7444
1698 7558 0 1 0 7559
1699 7604 0 1 3 7608
1700 1 0 0 7419 7420
1701 1 14 7295 4 7314
1702 7117 0 0 0 7117
1703 7382 0 0 1 7383
1704 7544 0 0 0 7544
1705 0 12 0 7340 7352
1706 0 0 7298 0 7298
1707 0 0 7470 0 7470
1708 1 0 7484 0 7485
1709 2 0 7555 0 7557
1710 7029 0 0 2 7031
1711 7398 1 0 0 7399
1712 0 0 1 7304 7305
1713 0 0 7260 0 7260
1714 12 0 7401 0 7413
1715 7053 0 0 1 7054
1716 7307 0 3 0 7310
1717 1 0 6996 0 6997
1718 0 6967 0 0 6967
1719 0 1 1 7218 7220
1720 7222 0 0 3 7225
1721 0 0 7202 0 7202
1722 7106 0 1 0 7107
1723 7162 1 1 0 7164
1724 0 0 6949 0 6949
1725 6897 0 6 1 6904
1726 0 0 0 6905 6905
1727 0 0 7065 0 7065
1728 0 45 0 6701 6746
1729 0 1 0 6914 6915
1730 0 3 1 6974 6978
1731 0 0 6764 1 6765
1732 8 6595 0 2 6605
1733 0 1 0 6715 6716
1734 2 0 0 6752 6754
1735 0 6662 0 0 6662
1736 6808 0 0 0 6808
1737 6761 0 1 3 6765
1738 0 0 0 6737 6737
1739 0 6722 0 2 6724
1740 6738 0 2 0 6740
1741 6690 0 0 0 6690
1742 0 0 0 6612 6612
1743 0 0 6543 0 6543
1744 0 6507 1 2 6510
1745 6648 0 0 0 6648
1746 6584 0 0 0 6584
1747 0 6556 0 0 6556
1748 6635 0 2 0 6637
1749 6555 0 0 0 6555
1750 6524 0 0 0 6524
1751 0 0 1 6487 6488
1752 0 0 6517 0 6517
1753 0 1 6480 0 6481
1754 6453 0 14 0 6467
1755 1 0 6538 0 6539
1756 1 0 6425 0 6426
1757 0 6351 0 1 6352
1758 6528 0 0 0 6528
1759 6504 0 0 0 6504
1760 0 0 0 6456 6456
1761 0 1 0 6497 6498
1762 0 0 6504 1 6505
1763 0 0 0 6332 6332
1764 1 2 0 6357 6360
1765 15 1 6325 1 6342
1766 6276 0 0 2 6278
1767 6239 0 0 0 6239
1768 1 6277 0 0 6278
1769 6256 2 1 2 6261
1770 0 0 6220 0 6220
1771 0 0 6094 1 6095
1772 6112 0 0 0 6112
1773 5999 1 37 1 6038
1774 1 1 0 5923 5925
1775 0 6065 0 1 6066
1776 6174 1 0 0 6175
1777 0 0 0 6100 6100
1778 41 6169 0 0 6210
1779 64 0 6131 1 6196
1780 6116 0 0 0 6116
1781 1 0 0 6084 6085
1782 6089 0 2 0 6091
1783 0 6027 0 0 6027
1784 6171 0 0 0 6171
1785 5994 0 97 0 6091
1786 0 0 6047 0 6047
1787 0 0 5940 0 5940
1788 5943 0 0 0 5943
1789 0 0 0 5974 5974
1790 6009 0 1 1 6011
1791 0 0 0 6007 6007
1792 0 0 6017 0 6017
1793 6000 0 3 0 6003
1794 0 6035 0 0 6035
1795 6046 0 0 0 6046
1796 0 0 0 5935 5935
1797 0 0 5941 0 5941
1798 5726 0 1 0 5727
1799 2 5816 0 1 5819
1800 0 5762 0 0 5762
1801 5831 0 0 0 5831
1802 5842 0 1 0 5843
1803 5804 0 3 0 5807
1804 0 0 5783 0 5783
1805 0 5575 0 0 5575
1806 0 5706 0 0 5706
1807 23 1 0 5737 5761
1808 1 0 5793 0 5794
1809 0 1 0 5571 5572
1810 0 0 0 5559 5559
1811 0 0 0 5466 5466
1812 0 5416 0 25 5441
1813 5441 1 1 0 5443
1814 5337 2 22 0 5361
1815 0 0 5439 0 5439
1816 1 0 5264 0 5265
1817 1 0 5240 0 5241
1818 5163 0 0 0 5163
1819 0 0 5269 0 5269
1820 5175 0 0 0 5175
1821 0 5105 0 2 5107
1822 5066 0 1 0 5067
1823 0 0 5097 0 5097
1824 5055 0 1 0 5056
1825 9 0 5078 0 5087
1826 1 0 0 4951 4952
1827 5102 1 2 0 5105
1828 5200 0 1 0 5201
1829 5213 2 0 0 5215
1830 0 0 0 5192 5192
1831 5195 0 0 0 5195
1832 0 0 4992 0 4992
1833 2 4928 0 0 4930
1834 0 4914 0 1 4915
1835 1 4977 0 0 4978
1836 0 5022 0 0 5022
1837 5175 6 0 0 5181
1838 5172 0 0 0 5172
1839 5162 0 0 0 5162
1840 5010 0 0 0 5010
1841 0 5140 0 0 5140
1842 0 6 0 5056 5062
1843 0 0 0 5083 5083
1844 0 0 0 5069 5069
1845 0 5098 0 86 5184
1846 5211 0 1 0 5212
1847 0 0 5186 1 5187
1848 0 1 1 4950 4952
1849 5179 0 1 0 5180
1850 0 0 0 5128 5128
1851 1 0 0 5237 5238
1852 0 0 5145 0 5145
1853 0 1 5139 0 5140
1854 5131 0 1 0 5132
1855 5167 0 0 0 5167
1856 1 5116 0 0 5117
1857 0 0 0 5047 5047
1858 0 5094 0 1 5095
1859 5197 0 0 0 5197
1860 5136 0 0 0 5136
1861 1 0 5108 0 5109
1862 5036 0 0 0 5036
1863 5027 0 0 0 5027
1864 1 0 4982 1 4984
1865 1 0 5011 0 5012
1866 4957 0 0 0 4957
1867 4966 0 0 0 4966
1868 4962 0 0 0 4962
1869 4924 0 0 0 4924
1870 0 4916 0 67 4983
1871 0 0 0 5003 5003
1872 5020 1 0 0 5021
1873 88 0 4924 0 5012
1874 1 78 0 4802 4881
1875 4980 0 0 0 4980
1876 4960 1 0 0 4961
1877 4964 1 0 0 4965
1878 4984 0 45 0 5029
1879 0 0 4983 0 4983
1880 1 1 4990 1 4993
1881 5032 0 0 0 5032
1882 0 39 0 4889 4928
1883 1 4964 0 1 4966
1884 0 5023 0 0 5023
1885 0 2 1 4996 4999
1886 0 0 0 5048 5048
1887 0 0 0 5104 5104
1888 0 0 5072 0 5072
1889 0 0 5060 0 5060
1890 4980 0 45 0 5025
1891 5066 0 0 0 5066
1892 5039 0 0 0 5039
1893 4984 0 14 0 4998
1894 0 0 4924 0 4924
1895 0 4841 0 0 4841
1896 4861 0 1 0 4862
1897 0 4876 0 0 4876
1898 0 0 1 4814 4815
1899 4838 29 0 0 4867
1900 4797 0 1 0 4798
1901 2 0 4802 0 4804
1902 4777 0 1 0 4778
1903 0 0 4753 0 4753
1904 0 1 0 4530 4531
1905 4698 0 1 0 4699
1906 4639 0 48 0 4687
1907 0 0 1 4680 4681
1908 4609 0 63 1 4673
1909 0 0 0 4687 4687
1910 1 1 0 4709 4711
1911 0 1 1 4715 4717
1912 4964 0 0 0 4964
1913 0 4925 0 0 4925
1914 0 0 2 4994 4996
1915 5012 0 0 0 5012
1916 4979 0 0 0 4979
1917 4928 0 0 0 4928
1918 0 0 1 4995 4996
1919 1 0 5097 0 5098
1920 0 5130 0 2 5132
1921 0 277 1 4891 5169
1922 0 0 0 5179 5179
1923 0 0 5148 0 5148
1924 5130 0 0 3 5133
1925 0 0 2 5097 5099
1926 0 0 5122 0 5122
1927 1 5065 0 2 5068
1928 5066 1 0 2 5069
1929 0 5119 0 10 5129
1930 0 0 1 5098 5099
1931 5024 0 1 1 5026
1932 0 0 0 5030 5030
1933 1 0 4998 0 4999
1934 2 0 0 4875 4877
1935 4950 0 1 0 4951
1936 27 0 0 4927 4954
1937 0 0 0 4971 4971
1938 0 0 1 4943 4944
1939 0 0 4941 0 4941
1940 2 0 5017 0 5019
1941 5019 0 0 0 5019
1942 5025 0 1 0 5026
1943 5034 0 1 0 5035
1944 0 3 2 5090 5095
1945 1 0 5083 1 5085
1946 0 5022 0 3 5025
1947 0 5051 0 0 5051
1948 0 5052 0 1 5053
1949 5149 0 0 1 5150
1950 5004 0 0 60 5064
1951 0 0 0 5161 5161
1952 0 3 0 5198 5201
1953 1 40 5151 0 5192
1954 0 0 5216 0 5216
1955 5033 0 1 0 5034
1956 0 0 5188 0 5188
1957 1 0 5211 0 5212
1958 0 0 5186 0 5186
1959 0 0 5248 0 5248
1960 2 1 12 4991 5006
1961 0 0 0 5127 5127
1962 0 0 0 5186 5186
1963 5171 0 1 0 5172
1964 0 0 5117 0 5117
1965 0 0 0 5010 5010
1966 2 0 5187 0 5189
1967 0 5085 0 4 5089
1968 1 5234 0 1 5236
1969 2 1 5256 0 5259
1970 5200 0 0 0 5200
1971 95 0 5167 0 5262
1972 0 0 0 5184 5184
1973 1 5214 0 0 5215
1974 0 0 0 5260 5260
1975 5248 0 0 0 5248
1976 0 0 5333 0 5333
1977 2 0 5298 0 5300
1978 5163 0 0 0 5163
1979 0 0 5281 0 5281
1980 5222 0 0 0 5222
1981 1 5254 0 0 5255
1982 0 0 1 5204 5205
1983 1 0 1 5186 5188
1984 0 5093 0 50 5143
1985 0 0 0 5187 5187
1986 5083 0 0 0 5083
1987 0 5086 0 7 5093
1988 0 0 0 5087 5087
1989 5015 0 0 1 5016
1990 0 0 0 4983 4983
1991 0 0 0 4990 4990
1992 0 0 4979 0 4979
1993 4902 0 0 1 4903
1994 0 0 2 4958 4960
1995 0 0 2 4963 4965
1996 1 4960 0 1 4962
1997 5011 0 2 0 5013
1998 5000 0 0 0 5000
1999 0 0 4979 0 4979
2000 1 4939 1 0 4941
2001 5014 0 0 0 5014
2002 0 33 0 4959 4992
2003 0 1 0 5063 5064
2004 5066 0 0 1 5067
2005 5027 0 0 0 5027
2006 5001 0 0 0 5001
2007 0 0 5004 2 5006
2008 2 0 4957 1 4960
2009 4910 0 0 0 4910
2010 2 4972 0 0 4974
2011 4920 0 5 0 4925
2012 0 0 4899 0 4899
2013 4710 0 0 0 4710
2014 4733 0 0 0 4733
2015 4693 0 0 0 4693
2016 0 0 4688 0 4688
2017 1 0 4615 0 4616
2018 0 0 4670 0 4670
2019 0 0 1 4479 4480
2020 1 4534 0 4 4539
2021 1 4551 0 0 4552
2022 0 0 1 4518 4519
2023 0 1 0 4532 4533
2024 0 0 4517 0 4517
2025 1 0 4409 21 4431
2026 0 0 4424 0 4424
2027 0 0 0 4246 4246
2028 18 0 4413 0 4431
2029 0 0 0 4367 4367
2030 0 0 0 4434 4434
2031 0 4402 0 17 4419
2032 0 0 4446 0 4446
2033 4133 0 2 0 4135
2034 0 4185 0 0 4185
2035 0 0 0 4218 4218
2036 0 0 0 4283 4283
2037 4266 0 0 0 4266
2038 0 0 4283 0 4283
2039 4241 1 0 0 4242
2040 0 0 4254 0 4254
2041 2 0 4180 0 4182
2042 2 0 4136 0 4138
2043 4145 0 1 0 4146
2044 4165 0 0 2 4167
2045 0 1 1 4175 4177
2046 1 0 4096 0 4097
2047 1 0 0 3980 3981
2048 3991 0 0 0 3991
2049 0 0 0 4027 4027
2050 0 0 0 3992 3992
2051 0 3989 0 1 3990
2052 0 0 0 4013 4013
2053 0 0 3907 0 3907
2054 2 0 3891 0 3893
2055 3754 0 63 0 3817
2056 3822 0 1 0 3823
2057 0 0 0 3736 3736
2058 3731 0 0 0 3731
2059 1 0 3732 0 3733
2060 3690 0 1 1 3692
2061 3550 0 128 0 3678
2062 0 0 3690 0 3690
2063 3601 0 0 1 3602
2064 3611 0 0 0 3611
2065 0 0 0 3605 3605
2066 0 0 3615 0 3615
2067 2 0 0 3487 3489
2068 3565 0 0 0 3565
2069 0 0 0 3535 3535
2070 0 42 0 3424 3466
2071 3436 0 2 0 3438
2072 0 0 3374 2 3376
2073 0 3283 0 0 3283
2074 3340 0 1 0 3341
2075 3278 0 0 0 3278
2076 0 3250 0 3 3253
2077 3269 0 0 1 3270
2078 3140 0 0 0 3140
2079 0 3202 0 0 3202
2080 0 3176 0 0 3176
2081 0 3176 0 0 3176
2082 0 1 0 3176 3177
2083 0 0 0 3147 3147
2084 1 0 3102 0 3103
2085 0 0 3053 0 3053
2086 0 0 3067 0 3067
2087 0 0 0 2874 2874
2088 0 0 2961 0 2961
2089 2948 0 0 0 2948
2090 0 0 0 2932 2932
2091 2865 0 0 1 2866
2092 0 2850 0 0 2850
2093 2879 0 1 0 2880
2094 48 0 2844 0 2892
2095 2745 0 0 0 2745
2096 0 0 2822 0 2822
2097 0 1 0 2726 2727
2098 0 0 2758 0 2758
2099 0 0 0 2693 2693
2100 2726 0 0 0 2726
2101 0 26 0 2688 2714
2102 2688 0 0 2 2690
2103 0 2629 0 0 2629
2104 0 1 1 2673 2675
2105 1 0 2658 0 2659
2106 0 0 2679 0 2679
2107 1 0 0 2587 2588
2108 0 0 0 2581 2581
2109 0 2581 0 0 2581
2110 2567 0 0 0 2567
2111 2556 0 1 0 2557
2112 0 0 0 2546 2546
2113 1 0 2563 0 2564
2114 2514 0 0 0 2514
2115 2479 0 2 0 2481
2116 0 0 0 2478 2478
2117 0 0 2497 0 2497
2118 0 0 2499 0 2499
2119 0 1 0 2427 2428
2120 2 0 0 2480 2482
2121 0 0 2473 1 2474
2122 0 0 2451 0 2451
2123 74 0 2352 0 2426
2124 0 2361 0 2 2363
2125 0 0 0 2474 2474
2126 0 0 1 2477 2478
2127 0 43 0 2392 2435
2128 0 0 2440 0 2440
2129 2367 0 0 0 2367
2130 2366 0 0 1 2367
2131 2388 0 0 0 2388
2132 2339 0 0 0 2339
2133 0 0 2353 0 2353
2134 0 0 2315 0 2315
2135 2292 0 1 0 2293
2136 0 0 2289 0 2289
2137 0 0 2275 0 2275
2138 0 0 2246 0 2246
2139 0 0 2259 0 2259
2140 2238 0 0 2 2240
2141 0 0 2254 0 2254
2142 0 0 0 2155 2155
2143 2213 0 0 0 2213
2144 2199 0 0 0 2199
2145 561 0 1561 0 2122
2146 0 0 2097 0 2097
2147 0 2 0 1957 1959
2148 32 0 2033 0 2065
2149 0 2 0 2055 2057
2150 0 0 0 2101 2101
2151 0 0 2055 0 2055
2152 0 0 2070 0 2070
2153 1974 0 76 0 2050
2154 2000 0 0 0 2000
2155 0 0 1 1957 1958
2156 0 1951 1 28 1980
2157 1987 0 0 0 1987
2158 1 0 1993 0 1994
2159 0 0 0 1881 1881
2160 18 0 1949 0 1967
2161 0 0 1949 0 1949
2162 1933 0 0 0 1933
2163 0 0 0 1904 1904
2164 1 0 1801 0 1802
2165 1784 0 1 0 1785
2166 1770 0 0 0 1770
2167 0 0 1777 0 1777
2168 0 0 0 1742 1742
2169 1746 0 0 0 1746
2170 1726 0 0 0 1726
2171 0 1 0 1727 1728
2172 0 0 1729 0 1729
2173 0 0 1713 1 1714
2174 1708 0 1 0 1709
2175 0 0 0 1701 1701
2176 0 0 1694 0 1694
2177 1686 0 0 0 1686
2178 1681 0 0 0 1681
2179 0 0 0 1642 1642
2180 1650 0 0 0 1650
2181 1650 0 0 0 1650
2182 0 0 0 0 0
