0 0 0 0 0 0
1 3502 0 0 0 3502
2 0 0 0 3836 3836
3 0 0 3973 0 3973
4 1 0 4027 0 4028
5 4016 0 0 0 4016
6 0 10 0 4094 4104
7 4114 0 0 4 4118
8 5 4487 0 1 4493
9 0 10 0 5008 5018
10 0 3 0 5107 5110
11 0 1 0 5174 5175
12 0 0 0 5264 5264
13 5314 1 0 1 5316
14 0 0 0 5317 5317
15 0 2 0 5322 5324
16 5309 0 0 0 5309
17 11 5440 0 0 5451
18 5570 2 0 2 5574
19 5552 0 0 0 5552
20 1 0 5675 0 5676
21 5640 0 0 0 5640
22 5663 0 1 0 5664
23 5708 0 0 0 5708
24 0 5743 0 34 5777
25 0 2 0 5784 5786
26 0 0 1 5786 5787
27 0 5684 0 125 5809
28 2 5858 0 0 5860
29 5818 0 1 0 5819
30 0 0 5802 0 5802
31 5800 0 0 0 5800
32 1 5876 0 0 5877
33 0 13 3 5854 5870
34 5873 0 2 1 5876
35 1 5906 1 0 5908
36 5912 0 4 0 5916
37 5858 0 18 0 5876
38 0 2 0 5960 5962
39 5922 0 1 0 5923
40 5929 0 1 0 5930
41 0 5 1 5949 5955
42 5934 0 1 1 5936
43 0 6013 0 0 6013
44 6038 2 0 0 6040
45 6007 1 0 0 6008
46 5947 0 2 0 5949
47 5927 2 4 1 5934
48 6 1 5868 0 5875
49 0 2 5793 0 5795
50 1 5963 0 0 5964
51 2 6148 0 2 6152
52 6197 0 4 0 6201
53 6161 0 9 0 6170
54 6165 0 0 0 6165
55 6204 0 0 0 6204
56 6196 0 1 0 6197
57 5 6188 0 0 6193
58 6237 0 1 1 6239
59 0 6264 0 1 6265
60 6249 0 0 0 6249
61 6229 0 0 0 6229
62 0 0 0 6205 6205
63 0 0 6067 0 6067
64 2 0 6119 2 6123
65 1 6243 0 3 6247
66 6365 0 3 0 6368
67 0 0 6290 0 6290
68 6216 0 1 0 6217
69 6354 0 0 0 6354
70 0 0 0 6357 6357
71 0 0 1 6354 6355
72 0 128 0 6255 6383
73 6365 0 0 0 6365
74 1 0 6296 0 6297
75 0 1 0 6280 6281
76 2 0 6265 0 6267
77 6353 0 0 0 6353
78 6409 0 2 0 6411
79 0 0 6320 0 6320
80 6367 0 0 0 6367
81 0 24 0 6370 6394
82 0 6402 1 2 6405
83 1 6510 0 2 6513
84 0 2 0 6563 6565
85 1 0 6531 1 6533
86 6564 0 0 0 6564
87 6588 0 0 0 6588
88 1 0 0 6568 6569
89 0 2 0 6581 6583
90 25 0 6499 3 6527
91 0 6549 0 4 6553
92 6644 1 0 0 6645
93 6621 0 2 0 6623
94 1 6612 0 1 6614
95 6 6650 0 0 6656
96 6756 0 1 0 6757
97 1 0 6629 0 6630
98 2 6682 0 2 6686
99 6795 0 2 0 6797
100 6764 0 0 0 6764
101 0 0 0 6765 6765
102 3 0 6730 3 6736
103 1 6745 0 23 6769
104 0 1 0 6815 6816
105 6904 0 0 12 6916
106 1 2 0 6932 6935
107 0 0 0 6926 6926
108 2 6914 1 7 6924
109 6954 0 3 0 6957
110 6915 0 0 0 6915
111 1 1 1 6938 6941
112 6954 0 1 8 6963
113 0 8 0 6964 6972
114 11 6961 3 0 6975
115 0 3 0 6972 6975
116 1 0 6859 0 6860
117 0 6914 0 0 6914
118 1 0 6958 0 6959
119 0 10 2 6873 6885
120 0 6920 0 4 6924
121 0 6999 0 6 7005
122 7034 0 2 2 7038
123 0 0 0 7086 7086
124 0 7128 0 0 7128
125 0 1 1 7172 7174
126 7113 0 3 0 7116
127 2 0 7150 0 7152
128 7006 0 1 0 7007
129 34 0 7099 0 7133
130 6 0 7224 0 7230
131 0 1 1 7131 7133
132 0 3 0 7319 7322
133 0 2 0 7413 7415
134 0 0 7377 1 7378
135 0 7391 0 6 7397
136 0 2 0 7487 7489
137 7456 0 2 1 7459
138 0 1 0 7514 7515
139 9 0 7541 0 7550
140 0 1 0 7426 7427
141 7593 0 1 5 7599
142 7574 0 0 0 7574
143 0 0 0 7644 7644
144 7714 0 0 0 7714
145 7642 4 0 2 7648
146 1 2 7698 1 7702
147 0 1 0 7396 7397
148 0 0 7575 3 7578
149 7689 3 1 0 7693
150 2 7783 0 0 7785
151 7912 0 2 0 7914
152 1 0 0 7961 7962
153 5 0 8012 0 8017
154 8035 0 1 0 8036
155 8210 1 3 1 8215
156 1 0 0 8309 8310
157 0 4 6 8356 8366
158 0 0 0 8364 8364
159 0 1 1 8383 8385
160 8 8367 0 1 8376
161 0 1 0 8381 8382
162 1 4 1 8434 8440
163 1 0 8356 0 8357
164 8292 0 0 1 8293
165 1 7030 0 1391 8422
166 5 0 8522 0 8527
167 8244 0 1 0 8245
168 8280 4 2 0 8286
169 7 0 8474 0 8481
170 8378 2 1 1 8382
171 8522 0 0 0 8522
172 0 0 8685 0 8685
173 2 0 8646 0 8648
174 8650 0 0 0 8650
175 8758 1 0 1 8760
176 8733 0 0 0 8733
177 8754 0 7 0 8761
178 11 0 8694 7 8712
179 1 8746 3 1 8751
180 8809 0 2 0 8811
181 0 1 0 8832 8833
182 8853 0 7 0 8860
183 1 11 0 8810 8822
184 8852 0 0 0 8852
185 0 8788 0 0 8788
186 8826 0 0 2 8828
187 8 0 8745 0 8753
188 0 8684 0 0 8684
189 8636 0 1 136 8773
190 0 0 0 8806 8806
191 0 5 0 8824 8829
192 8814 0 16 11 8841
193 3 0 8802 0 8805
194 8791 0 0 0 8791
195 8743 1 1 0 8745
196 0 0 8792 0 8792
197 0 0 8615 1 8616
198 8677 1 3 0 8681
199 0 8672 0 1 8673
200 8710 0 0 2 8712
201 8595 4 0 2 8601
202 1 0 8663 1 8665
203 1 0 8573 0 8574
204 4 0 8658 3 8665
205 8809 0 6 1 8816
206 8930 0 7 0 8937
207 8956 0 2 4 8962
208 1 0 8996 1 8998
209 8997 0 4 0 9001
210 9097 0 1 2 9100
211 4 9719 0 6 9729
212 9971 0 1 1 9973
213 9948 2 6 0 9956
214 9859 1 0 0 9860
215 9848 1 1 0 9850
216 0 9930 0 1 9931
217 0 3 0 9802 9805
218 0 0 0 9896 9896
219 10 1 9738 0 9749
220 9836 0 1 0 9837
221 0 0 9739 0 9739
222 9774 0 8 0 9782
223 1 9733 0 9 9743
224 6 9645 3 2 9656
225 9789 0 5 4 9798
226 6 9801 0 2 9809
227 9857 0 0 0 9857
228 9833 0 2 1 9836
229 1 1 0 9779 9781
230 9789 0 1 2 9792
231 0 0 2 9833 9835
232 4 1 9759 2 9766
233 9570 0 0 0 9570
234 9583 0 4 0 9587
235 5 0 9664 0 9669
236 4 7 2 8420 8433
237 9471 0 3 1 9475
238 9478 0 0 0 9478
239 0 2 0 9519 9521
240 1 4 0 9560 9565
241 1 0 9432 1 9434
242 9352 1 6 5 9364
243 19 0 9440 1 9460
244 4 0 9377 1 9382
245 2 0 9358 1 9361
246 9477 0 1 0 9478
247 9497 0 0 0 9497
248 3 1 0 9351 9355
249 3 0 9347 0 9350
250 5 9309 0 5 9319
251 0 9405 0 3 9408
252 9561 1 2 2 9566
253 9505 0 1 0 9506
254 0 0 9395 0 9395
255 9469 0 0 0 9469
256 9384 0 0 0 9384
257 0 9374 0 0 9374
258 0 9344 0 2 9346
259 9444 0 2 1 9447
260 1 1 1 9328 9331
261 9435 1 1 0 9437
262 0 0 9293 0 9293
263 30 9225 0 2 9257
264 9342 1 1 1 9345
265 0 0 1 9225 9226
266 1 4 9275 0 9280
267 2 1 9191 0 9194
268 9188 1 1 2 9192
269 3 1 0 9167 9171
270 0 0 9128 2 9130
271 3 0 9107 0 9110
272 1 2 0 9006 9009
273 0 9033 0 10 9043
274 5 9146 0 2 9153
275 9224 0 1 0 9225
276 2 0 9217 1 9220
277 9149 1 3 0 9153
278 2 33 9076 0 9111
279 9015 0 1 1 9017
280 0 3 0 8951 8954
281 2 8934 0 2 8938
282 0 9038 0 0 9038
283 0 1 0 9056 9057
284 1 1 0 9095 9097
285 9077 0 1 0 9078
286 0 0 8930 0 8930
287 0 8916 0 1 8917
288 1 1 0 8855 8857
289 1 8896 0 2 8899
290 9004 1 1 0 9006
291 8951 0 1 2 8954
292 1 0 8966 0 8967
293 8883 0 0 0 8883
294 0 0 8791 1 8792
295 5 8808 0 6 8819
296 8903 13 6 0 8922
297 0 4 0 8889 8893
298 1 1 8870 0 8872
299 1 2 8871 0 8874
300 8831 0 26 0 8857
301 8877 2 1 0 8880
302 0 0 0 8829 8829
303 8851 0 0 1 8852
304 4 0 8796 1 8801
305 8778 0 1 0 8779
306 8 0 8660 0 8668
307 8594 0 4 0 8598
308 2 8616 0 0 8618
309 2 0 0 8501 8503
310 0 8482 0 2 8484
311 0 8487 0 10 8497
312 1 8693 0 0 8694
313 8770 0 1 0 8771
314 8470 0 0 21 8491
315 5 0 8487 0 8492
316 2 2 3 8255 8262
317 8450 0 7 1 8458
318 0 93 0 8224 8317
319 0 8381 0 1 8382
320 2 5 0 8384 8391
321 45 0 8319 2 8366
322 4 0 8297 0 8301
323 5 8304 0 2 8311
324 0 29 0 8422 8451
325 1 0 8414 0 8415
326 8226 1 10 9 8246
327 0 1 1 8337 8339
328 0 5 0 8371 8376
329 0 4 0 8429 8433
330 0 0 8507 0 8507
331 0 0 0 8369 8369
332 1 2 0 8454 8457
333 0 5 0 8541 8546
334 1 0 8474 3 8478
335 8424 2 2 0 8428
336 3 2 0 8383 8388
337 0 0 0 8532 8532
338 8433 0 0 0 8433
339 0 8533 0 0 8533
340 8567 0 0 0 8567
341 8521 0 0 0 8521
342 8401 0 0 1 8402
343 8315 0 1 1 8317
344 0 8413 0 1 8414
345 5 8156 0 231 8392
346 8377 9 2 2 8390
347 8444 0 0 0 8444
348 8372 0 3 0 8375
349 8333 0 7 0 8340
350 5 0 8385 2 8392
351 8300 1 0 0 8301
352 0 1 0 8309 8310
353 0 0 0 8378 8378
354 0 0 0 8409 8409
355 8393 1 0 9 8403
356 1 0 0 8346 8347
357 8473 0 0 0 8473
358 0 0 8317 0 8317
359 8309 1 0 0 8310
360 8259 7 5 11 8282
361 6 0 8218 0 8224
362 0 1 0 7953 7954
363 0 2 0 8135 8137
364 4 0 8150 0 8154
365 10 0 8166 0 8176
366 8136 0 7 0 8143
367 8237 0 1 4 8242
368 0 4 0 8223 8227
369 8235 0 2 0 8237
370 8199 0 0 0 8199
371 1 8164 0 1 8166
372 8197 0 1 9 8207
373 8138 0 7 5 8150
374 8136 0 2 0 8138
375 49 0 8083 0 8132
376 3 0 8115 0 8118
377 1 0 8074 1 8076
378 7959 0 0 0 7959
379 0 0 0 7992 7992
380 4 3 0 8142 8149
381 424 0 7645 0 8069
382 17 0 7988 4 8009
383 2 8097 1 0 8100
384 1 0 0 8336 8337
385 3 3 8252 0 8258
386 8125 0 5 0 8130
387 0 49 0 8211 8260
388 64 0 8174 0 8238
389 8066 0 2 5 8073
390 1 0 0 8180 8181
391 1 2 0 8185 8188
392 8030 0 1 2 8033
393 0 8312 0 2 8314
394 0 7 0 8420 8427
395 0 0 0 8455 8455
396 1 5 0 8448 8454
397 0 4 1 8706 8711
398 2 0 8737 1 8740
399 1 0 8929 1 8931
400 8905 0 7 0 8912
401 9236 0 2 0 9238
402 9480 0 0 0 9480
403 9520 0 1 0 9521
404 9493 0 4 0 9497
405 3 0 9458 2 9463
406 9453 0 2 1 9456
407 9591 0 0 0 9591
408 9605 0 3 1 9609
409 2 0 10089 0 10091
410 10049 0 3 0 10052
411 10135 0 2 0 10137
412 10191 0 0 0 10191
413 10082 0 1 2 10085
414 10056 9 0 14 10079
415 0 5 0 9947 9952
416 0 7 0 10155 10162
417 1 0 10156 1 10158
418 0 0 10144 1 10145
419 0 0 10147 0 10147
420 10145 1 2 2 10150
421 10272 0 0 1 10273
422 10279 0 5 0 10284
423 0 0 0 10204 10204
424 10290 0 2 0 10292
425 3 0 10135 0 10138
426 3 10185 0 3 10191
427 10311 0 3 0 10314
428 0 2 0 10307 10309
429 1 0 10323 0 10324
430 4 0 10244 0 10248
431 10229 0 0 1 10230
432 10264 0 2 1 10267
433 3 10267 0 4 10274
434 0 1 0 10356 10357
435 7 0 10371 0 10378
436 10324 0 1 0 10325
437 0 2 0 10466 10468
438 28 0 10409 0 10437
439 10401 0 0 4 10405
440 0 0 3 10487 10490
441 10465 0 0 0 10465
442 0 1 0 10528 10529
443 1 1 0 10466 10468
444 0 10468 0 1 10469
445 10593 0 2 0 10595
446 3 1 10456 4 10464
447 3 10425 0 6 10434
448 0 1 0 10536 10537
449 10561 1 2 1 10565
450 5 10596 0 2 10603
451 10708 0 1 2 10711
452 10667 0 0 0 10667
453 1 1 1 10504 10507
454 2 10566 0 0 10568
455 10707 0 0 0 10707
456 10652 0 2 0 10654
457 1 0 10566 1 10568
458 10419 1 6 1 10427
459 3 10527 0 5 10535
460 0 4 0 10495 10499
461 10385 1 2 1 10389
462 2 10376 0 13 10391
463 0 1 0 10214 10215
464 3 10494 0 2 10499
465 6 0 10525 0 10531
466 0 27 0 10409 10436
467 2 1 0 10589 10592
468 10512 0 0 17 10529
469 10481 1 0 2 10484
470 0 0 10582 0 10582
471 0 2 0 10271 10273
472 10596 0 0 1 10597
473 10720 0 1 0 10721
474 0 1 0 10677 10678
475 13 0 10671 2 10686
476 10683 0 0 0 10683
477 10493 1 11 0 10505
478 3 2 0 10569 10574
479 0 10540 0 0 10540
480 3 10547 0 0 10550
481 0 3 2 10526 10531
482 4 10649 2 0 10655
483 10624 0 1 3 10628
484 0 0 0 10593 10593
485 0 2 0 10749 10751
486 0 0 10744 1 10745
487 2 0 10650 0 10652
488 10398 0 3 0 10401
489 0 3 0 10658 10661
490 0 0 10661 19 10680
491 10481 1 2 0 10484
492 32 0 10675 2 10709
493 0 1 10635 0 10636
494 10503 1 1 3 10508
495 10627 1 0 0 10628
496 3 0 10720 3 10726
497 0 0 10670 1 10671
498 48 0 10641 1 10690
499 10645 3 2 2 10652
500 10755 0 0 0 10755
501 10731 2 15 5 10753
502 0 0 10809 2 10811
503 2 0 10739 3 10744
504 3 0 10730 3 10736
505 10701 0 1 2 10704
506 0 0 10797 2 10799
507 10755 0 0 2 10757
508 1 3 10809 0 10813
509 0 3 0 10720 10723
510 135 0 10710 0 10845
511 1 10797 0 7 10805
512 0 3 0 10957 10960
513 10965 0 48 0 11013
514 10959 1 2 0 10962
515 0 0 10925 0 10925
516 3 10806 0 6 10815
517 10937 0 0 3 10940
518 1 0 10892 0 10893
519 8875 0 1912 0 10787
520 4 10805 0 0 10809
521 0 1 0 10758 10759
522 0 10808 0 2 10810
523 10836 0 2 1 10839
524 1 10897 0 0 10898
525 11040 0 2 1 11043
526 0 0 10937 0 10937
527 10893 0 5 0 10898
528 10810 0 0 2 10812
529 4 10836 0 0 10840
530 1 2 1 10762 10766
531 2 2 0 10696 10700
532 0 10675 0 2 10677
533 10760 0 2 2 10764
534 24 0 10641 0 10665
535 4 1 10486 0 10491
536 1 10423 0 3 10427
537 0 10 1 10612 10623
538 0 0 10535 4 10539
539 10512 2 3 0 10517
540 10508 2 1 1 10512
541 3 1 0 10395 10399
542 0 1 0 10429 10430
543 10398 0 3 1 10402
544 10259 1 3 1 10264
545 1 2 10278 2 10283
546 2 0 0 9764 9766
547 2 9949 0 1 9952
548 4 3 0 10105 10112
549 16 0 10144 1 10161
550 10139 0 18 0 10157
551 10170 0 1 0 10171
552 10102 0 0 0 10102
553 10044 0 1 0 10045
554 10016 0 0 0 10016
555 6 0 0 9970 9976
556 0 37 0 9959 9996
557 0 2 0 9946 9948
558 9959 0 10 7 9976
559 0 5 0 10043 10048
560 1 1 10041 2 10045
561 5 0 10203 0 10208
562 7 10173 4 5 10189
563 10330 0 10 1 10341
564 10126 0 5 0 10131
565 5 0 10379 0 10384
566 0 1 1 10193 10195
567 2 0 0 10196 10198
568 0 10253 0 0 10253
569 2 2 0 10244 10248
570 2 9997 0 256 10255
571 10379 0 1 0 10380
572 5 2 0 10243 10250
573 10256 0 7 4 10267
574 0 0 10291 0 10291
575 0 2 10121 0 10123
576 9994 0 1 0 9995
577 3 0 10164 2 10169
578 10127 0 0 0 10127
579 10141 0 1 1 10143
580 0 0 10174 6 10180
581 10171 0 0 0 10171
582 10175 2 0 1 10178
583 0 0 10193 0 10193
584 10128 0 0 0 10128
585 0 24 0 10136 10160
586 15 0 10136 0 10151
587 1 1 1 10055 10058
588 2 2 0 10172 10176
589 4 0 10125 0 10129
590 9994 0 0 2 9996
591 9991 0 9 0 10000
592 9987 0 0 0 9987
593 10032 4 7 6 10049
594 0 0 10323 0 10323
595 1 0 10206 0 10207
596 9 0 10135 1 10145
597 10223 0 2 4 10229
598 9970 0 459 0 10429
599 4 0 0 10539 10543
600 0 3 1 10621 10625
601 4 0 10481 0 10485
602 10459 0 5 0 10464
603 0 7 0 10690 10697
604 0 5 0 10745 10750
605 0 11 0 10752 10763
606 3 120 1 10644 10768
607 10832 0 0 2 10834
608 10678 25 20 0 10723
609 10588 1 1 0 10590
610 9 10766 0 0 10775
611 0 2 0 10667 10669
612 1 1 0 10646 10648
613 47 0 10536 1 10584
614 15 1 10325 1 10342
615 10328 0 6 2 10336
616 22 10501 0 0 10523
617 10575 0 3 1 10579
618 12 2 10464 2 10480
619 10428 0 0 0 10428
620 1 10473 0 0 10474
621 10506 0 2 0 10508
622 10366 0 1 0 10367
623 0 0 0 10341 10341
624 10369 0 0 0 10369
625 2 0 0 10295 10297
626 1 10324 1 1 10327
627 0 0 0 10296 10296
628 10305 0 0 4 10309
629 71 0 10125 2 10198
630 10061 0 0 1 10062
631 0 9876 0 237 10113
632 0 10 0 10109 10119
633 10206 0 1 0 10207
634 10089 0 1 1 10091
635 1 0 10058 0 10059
636 9897 0 4 3 9904
637 1 0 9990 3 9994
638 9975 0 0 0 9975
639 1 3 0 9993 9997
640 10093 1 0 0 10094
641 0 0 0 10048 10048
642 10136 1 1 1 10139
643 1 0 0 10033 10034
644 0 9987 0 1 9988
645 10 0 0 10013 10023
646 7 0 9999 1 10007
647 0 1 1 9943 9945
648 1 0 0 9816 9817
649 3 9766 0 2 9771
650 2 9773 0 2 9777
651 9787 4 1 1 9793
652 0 3 9877 1 9881
653 0 9832 0 47 9879
654 4 9949 0 13 9966
655 2 0 10124 1 10127
656 5 0 10151 2 10158
657 4 20 0 9944 9968
658 3 4 0 10118 10125
659 1 1 0 10140 10142
660 0 10153 0 0 10153
661 3 4 2 10050 10059
662 1 10104 0 6 10111
663 4 10319 1 2 10326
664 10356 0 5 5 10366
665 10250 1 56 1 10308
666 2 154 0 10185 10341
667 0 1 1 10305 10307
668 0 2 1 10335 10338
669 0 4 0 10457 10461
670 7 0 10446 0 10453
671 10281 0 11 1 10293
672 10392 0 6 0 10398
673 5 0 10416 1 10422
674 1 0 10339 0 10340
675 10339 0 1 0 10340
676 10422 0 0 0 10422
677 1 1 0 10432 10434
678 0 0 10372 0 10372
679 10408 0 5 2 10415
680 0 0 10395 0 10395
681 58 1 10184 0 10243
682 10292 0 1 0 10293
683 1 0 10390 0 10391
684 2 10347 0 63 10412
685 0 1 0 10532 10533
686 10574 0 2 2 10578
687 0 10547 0 11 10558
688 10611 2 1 1 10615
689 7 1 1 10591 10600
690 10637 0 28 3 10668
691 1 0 10591 1 10593
692 10545 0 8 2 10555
693 0 10683 0 45 10728
694 10764 0 0 0 10764
695 10743 0 4 0 10747
696 2 0 0 10829 10831
697 10897 0 0 2 10899
698 0 0 53 10814 10867
699 10967 0 3 0 10970
700 0 0 10782 3 10785
701 10612 0 0 0 10612
702 2 10794 1 11 10808
703 1 9015 0 1740 10756
704 0 10894 0 2 10896
705 11023 0 3 0 11026
706 11005 0 2 0 11007
707 11019 0 0 1 11020
708 10969 4 9 1 10983
709 2 0 10987 0 10989
710 0 0 10822 3 10825
711 10801 0 3 0 10804
712 0 0 10898 4 10902
713 2 10964 0 0 10966
714 11104 0 4 1 11109
715 11075 0 2 0 11077
716 0 1 0 11130 11131
717 11168 0 1 2 11171
718 0 0 11003 3 11006
719 11103 0 0 2 11105
720 24 1 11216 0 11241
721 11265 0 0 0 11265
722 1 0 11244 2 11247
723 11293 0 1 0 11294
724 11292 0 0 0 11292
725 11297 0 0 0 11297
726 2 1 0 11135 11138
727 10 11225 0 3 11238
728 0 1 1 11280 11282
729 11244 0 12 0 11256
730 1 0 11131 2 11134
731 3 11235 0 0 11238
732 11426 0 2 4 11432
733 11438 0 0 0 11438
734 1 0 11418 0 11419
735 1 1 11314 1 11317
736 11284 0 2 0 11286
737 0 5 6 11257 11268
738 1 2 11233 2 11238
739 1 1 1 11155 11158
740 0 11141 0 4 11145
741 0 4 1 11155 11160
742 4 11055 0 0 11059
743 2 10944 0 2 10948
744 0 11118 0 2 11120
745 1 6 0 11093 11100
746 0 0 0 11143 11143
747 11219 0 0 0 11219
748 0 0 11140 1 11141
749 0 0 2 10925 10927
750 11095 2 3 4 11104
751 0 4 0 10993 10997
752 8 11092 0 5 11105
753 11136 0 5 2 11143
754 3 0 11193 1 11197
755 0 4 2 10983 10989
756 10 11014 1 43 11068
757 11033 0 2 1 11036
758 2 11113 0 2 11117
759 10533 385 0 0 10918
760 4 11049 0 1 11054
761 2 11134 0 1 11137
762 0 4 1 11211 11216
763 11277 2 3 5 11287
764 11214 0 0 1 11215
765 11230 1 0 0 11231
766 11232 0 1 0 11233
767 11221 1 10 0 11232
768 0 0 11163 1 11164
769 1 6 3 10689 10699
770 2 1 0 11136 11139
771 11215 0 4 0 11219
772 11020 0 147 2 11169
773 1 11141 0 9 11151
774 11199 0 2 0 11201
775 0 0 1 11053 11054
776 0 0 10921 1 10922
777 2 0 10667 4 10673
778 0 1 10712 0 10713
779 10862 0 25 1 10888
780 9 0 10893 3 10905
781 1 0 10602 0 10603
782 10607 0 4 1 10612
783 2 10743 0 29 10774
784 1 10830 0 24 10855
785 0 2 0 10916 10918
786 10905 1 1 0 10907
787 10858 0 0 0 10858
788 4 0 10716 2 10722
789 10602 0 2 0 10604
790 0 10709 1 2 10712
791 2 10761 1 3 10767
792 10825 0 4 0 10829
793 10681 0 0 0 10681
794 0 3 0 10771 10774
795 10821 2 0 4 10827
796 0 0 10646 1 10647
797 2 0 10415 2 10419
798 3 0 10329 2 10334
799 1 10407 1 61 10470
800 3 10520 0 1 10524
801 0 8 0 10565 10573
802 0 10531 0 9 10540
803 10524 0 7 2 10533
804 4 10568 1 17 10590
805 10674 0 0 0 10674
806 0 0 1 10602 10603
807 0 5 1 10563 10569
808 0 7 1 10526 10534
809 10484 0 1 1 10486
810 5 10481 0 1 10487
811 4 0 10298 2 10304
812 10138 1 18 1 10158
813 0 10279 0 0 10279
814 5 10270 0 0 10275
815 10338 6 5 2 10351
816 0 9 0 10233 10242
817 17 0 10161 0 10178
818 10156 2 5 2 10165
819 228 0 9847 1 10076
820 2 10067 2 0 10071
821 4 1 1 10073 10079
822 9947 0 17 2 9966
823 28 10041 0 1 10070
824 3 10169 0 1 10173
825 10271 0 4 3 10278
826 5 0 10146 1 10152
827 10119 1 0 0 10120
828 9972 0 1 0 9973
829 1 0 10004 1 10006
830 0 5 0 9658 9663
831 1 0 0 9750 9751
832 4 9857 2 19 9882
833 6 9926 0 0 9932
834 9925 0 1 1 9927
835 0 0 1 9902 9903
836 9852 14 0 2 9868
837 0 46 1 9790 9837
838 9823 0 0 0 9823
839 9746 3 1 6 9756
840 0 12 0 9620 9632
841 2 0 9527 0 9529
842 2 9409 0 0 9411
843 4 9722 1 4 9731
844 12 9 1 9679 9701
845 0 8 0 9674 9682
846 1 2 0 9575 9578
847 1 9617 3 10 9631
848 1 0 0 9617 9618
849 0 12 0 9550 9562
850 2 9523 0 0 9525
851 2 6 0 9595 9603
852 9581 0 1 0 9582
853 9443 0 0 2 9445
854 2 1 1 9387 9391
855 3 0 9352 0 9355
856 3 0 0 9151 9154
857 5 9242 1 0 9248
858 0 1 0 9299 9300
859 0 0 9293 0 9293
860 9110 4 4 6 9124
861 3 2 0 9183 9188
862 2 0 9191 0 9193
863 9083 0 2 0 9085
864 9094 1 15 0 9110
865 1 9292 0 2 9295
866 0 4 0 9268 9272
867 9310 2 3 1 9316
868 0 0 9433 0 9433
869 1 0 9365 0 9366
870 9230 0 123 0 9353
871 0 0 1 9254 9255
872 0 2 2 9425 9429
873 5 0 9419 3 9427
874 16 0 9469 0 9485
875 0 9499 0 6 9505
876 4 9556 2 17 9579
877 9704 0 13 3 9720
878 9732 0 2 1 9735
879 0 18 0 9628 9646
880 9690 0 0 1 9691
881 0 8 1 9638 9647
882 1 1 9565 1 9568
883 9435 0 3 2 9440
884 0 9490 0 1 9491
885 0 27 0 9513 9540
886 9 0 9506 0 9515
887 9419 0 1 0 9420
888 12 0 9380 2 9394
889 1 0 9530 0 9531
890 2 0 9517 4 9523
891 9707 0 3 0 9710
892 9734 0 0 0 9734
893 9623 0 65 0 9688
894 41 0 9458 3 9502
895 0 1 1 9187 9189
896 2 9499 0 1 9502
897 4 9557 0 54 9615
898 9754 0 4 2 9760
899 9695 0 3 0 9698
900 9670 0 2 0 9672
901 9631 0 0 0 9631
902 9616 2 5 0 9623
903 9430 2 93 0 9525
904 3 9614 0 1 9618
905 1 9609 0 0 9610
906 19 2 9540 0 9561
907 9493 0 0 0 9493
908 9482 0 1 0 9483
909 6 0 9345 0 9351
910 9413 0 2 0 9415
911 0 9434 0 6 9440
912 9496 0 3 0 9499
913 0 0 0 9411 9411
914 0 7 0 9493 9500
915 9435 0 8 0 9443
916 2 0 9237 1 9240
917 0 9086 0 3 9089
918 3 9175 0 15 9193
919 9286 2 1 0 9289
920 9273 0 2 0 9275
921 9230 0 12 0 9242
922 7 0 9164 1 9172
923 9140 0 2 0 9142
924 9139 1 2 0 9142
925 0 1 0 9135 9136
926 0 0 9056 0 9056
927 1 0 0 8841 8842
928 0 8947 0 13 8960
929 3 0 0 9003 9006
930 9097 1 7 0 9105
931 4 0 8990 0 8994
932 9014 0 1 0 9015
933 9068 0 1 0 9069
934 9054 1 0 0 9055
935 9036 0 3 0 9039
936 156 0 8762 0 8918
937 0 1 0 8065 8066
938 8432 0 11 0 8443
939 10 8438 0 47 8495
940 0 6 0 8308 8314
941 1 8394 0 2 8397
942 8489 0 2 0 8491
943 8408 0 1 0 8409
944 3 8311 0 1 8315
945 8198 0 4 0 8202
946 0 8221 0 34 8255
947 0 1 1 8016 8018
948 8145 7 3 0 8155
949 1 8291 0 0 8292
950 3 0 8170 0 8173
951 8167 0 1 0 8168
952 0 0 8076 0 8076
953 8109 0 0 0 8109
954 0 7 0 8022 8029
955 1 8112 0 1 8114
956 8168 0 1 0 8169
957 8071 0 0 0 8071
958 8032 3 1 0 8036
959 0 8036 0 2 8038
960 0 1 0 7944 7945
961 21 0 7805 0 7826
962 7737 0 1 0 7738
963 3 7717 0 5 7725
964 0 7646 1 0 7647
965 3 7714 0 2 7719
966 7847 0 2 1 7850
967 7802 0 0 0 7802
968 0 0 5 7720 7725
969 7785 1 18 0 7804
970 49 0 0 7608 7657
971 0 0 0 7679 7679
972 7743 0 1 0 7744
973 7687 0 0 1 7688
974 0 8 2 7620 7630
975 7701 0 0 0 7701
976 7680 0 0 0 7680
977 1 1 1 7612 7615
978 3 0 7659 0 7662
979 7689 0 3 0 7692
980 7648 0 2 0 7650
981 7659 0 6 0 7665
982 7657 0 2 0 7659
983 6 0 7498 1 7505
984 1 7385 0 112 7498
985 2 0 7605 0 7607
986 7466 0 4 2 7472
987 35 0 7497 1 7533
988 7526 0 0 0 7526
989 7576 0 2 0 7578
990 7599 0 3 0 7602
991 3 0 7431 0 7434
992 0 7463 0 0 7463
993 0 50 0 7487 7537
994 7577 0 1 1 7579
995 7522 0 0 0 7522
996 6 7537 1 10 7554
997 4 0 7619 2 7625
998 7671 1 0 0 7672
999 7723 0 1 0 7724
1000 7726 2 2 0 7730
1001 7652 1 0 3 7656
1002 0 0 1 7557 7558
1003 0 1 0 7563 7564
1004 2 2 2 7550 7556
1005 0 7606 0 0 7606
1006 0 1 1 7642 7644
1007 0 1 0 7623 7624
1008 7619 0 3 0 7622
1009 0 2 0 7605 7607
1010 7 1 7636 0 7644
1011 0 0 7554 0 7554
1012 7475 0 1 0 7476
1013 7502 0 0 0 7502
1014 1 0 7407 0 7408
1015 3 7359 0 2 7364
1016 2 4 0 7486 7492
1017 0 15 0 7537 7552
1018 0 3 0 7645 7648
1019 0 0 7572 3 7575
1020 2 0 7539 0 7541
1021 7443 0 14 1 7458
1022 1 0 7526 0 7527
1023 7455 11 5 3 7474
1024 0 1 7502 2 7505
1025 7521 0 1 4 7526
1026 0 7586 0 0 7586
1027 2 2 0 7619 7623
1028 0 4 7633 0 7637
1029 1 0 0 7514 7515
1030 1 1 7689 0 7691
1031 0 0 0 7607 7607
1032 7800 1 1 0 7802
1033 7794 0 1 0 7795
1034 7807 0 1 0 7808
1035 1 1 0 7759 7761
1036 7747 2 1 1 7751
1037 1 7817 1 0 7819
1038 7882 0 1 0 7883
1039 7895 0 2 0 7897
1040 1 0 0 7870 7871
1041 7981 2 4 0 7987
1042 7949 0 0 1 7950
1043 0 0 7999 0 7999
1044 12 29 0 7513 7554
1045 7977 0 4 0 7981
1046 7945 1 5 3 7954
1047 108 4 1 7913 8026
1048 1 0 8245 1 8247
1049 8128 0 63 1 8192
1050 3 0 8368 0 8371
1051 3 6 8489 0 8498
1052 8574 0 18 1 8593
1053 8684 1 2 0 8687
1054 0 0 8542 0 8542
1055 4 9236 0 7 9247
1056 366 0 8963 2 9331
1057 9246 0 10 0 9256
1058 0 0 9331 0 9331
1059 2 9432 2 87 9523
1060 9723 1 3 0 9727
1061 9704 0 3 0 9707
1062 0 9790 0 0 9790
1063 1 0 9786 0 9787
1064 9654 1 1 0 9656
1065 59 0 9716 0 9775
1066 2 9729 0 5 9736
1067 1 2 0 9839 9842
1068 9920 0 0 0 9920
1069 0 10221 0 0 10221
1070 10344 0 9 0 10353
1071 50 0 10160 93 10303
1072 10300 0 0 2 10302
1073 10288 0 4 0 10292
1074 10268 2 0 0 10270
1075 10196 4 7 0 10207
1076 3 10178 1 0 10182
1077 8 9850 0 0 9858
1078 10008 0 3 0 10011
1079 10006 0 1 1 10008
1080 1 2 0 9920 9923
1081 12 1 1 9882 9896
1082 10030 1 3 0 10034
1083 0 6 1 9852 9859
1084 3 0 9908 0 9911
1085 4 9757 1 2 9764
1086 2 9670 0 2 9674
1087 9853 0 4 0 9857
1088 9759 1 0 1 9761
1089 9713 0 0 15 9728
1090 2 12 0 9740 9754
1091 1 0 9690 0 9691
1092 2 0 9512 1 9515
1093 6 2 9666 2 9676
1094 2 9503 0 10 9515
1095 2 9556 0 0 9558
1096 9694 0 0 0 9694
1097 5 9747 0 0 9752
1098 9801 2 8 3 9814
1099 0 0 9843 0 9843
1100 0 0 9821 0 9821
1101 1 0 9889 3 9893
1102 2 0 9866 0 9868
1103 9781 0 4 4 9789
1104 1 2 0 9707 9710
1105 2 0 9902 2 9906
1106 2 0 10045 0 10047
1107 9934 1 25 1 9961
1108 0 1 1 10178 10180
1109 3 4 0 10342 10349
1110 10381 0 0 1 10382
1111 10378 1 2 1 10382
1112 1 10408 0 1 10410
1113 10409 0 1 0 10410
1114 0 3 0 10305 10308
1115 10228 1 2 0 10231
1116 3 10294 1 22 10320
1117 2 10324 0 2 10328
1118 10574 0 1 0 10575
1119 52 0 10652 3 10707
1120 10890 0 1 1 10892
1121 11189 0 4 0 11193
1122 11067 0 222 0 11289
1123 11309 0 2 0 11311
1124 6 78 0 11181 11265
1125 11387 0 1 0 11388
1126 11334 1 3 0 11338
1127 4 1 0 11461 11466
1128 6 0 11497 2 11505
1129 11462 2 7 1 11472
1130 11548 1 2 0 11551
1131 11570 0 3 0 11573
1132 3 0 11429 0 11432
1133 11449 0 2 0 11451
1134 11537 1 1 2 11541
1135 1 1 11520 3 11525
1136 1 3 0 10991 10995
1137 11574 1 2 0 11577
1138 3 3 11379 0 11385
1139 3 11416 1 6 11426
1140 11721 0 1 0 11722
1141 11526 2 1 0 11529
1142 1 1 2 11556 11560
1143 11215 0 511 0 11726
1144 2 0 11623 0 11625
1145 11528 0 1 0 11529
1146 2 6 0 11566 11574
1147 2 1 11585 1 11589
1148 11493 1 3 1 11498
1149 0 11560 0 61 11621
1150 1 0 11741 6 11748
1151 11815 0 8 2 11825
1152 11832 0 8 0 11840
1153 11895 0 7 0 11902
1154 7 11932 0 0 11939
1155 12033 0 3 0 12036
1156 12013 0 2 0 12015
1157 2 4 0 11977 11983
1158 2 1 11911 0 11914
1159 0 5 0 11645 11650
1160 255 0 11643 1 11899
1161 0 11899 0 4 11903
1162 1 12155 0 3 12159
1163 12301 0 5 1 12307
1164 12221 0 2 4 12227
1165 1 1 12314 0 12316
1166 12337 1 0 1 12339
1167 12364 1 62 5 12432
1168 91 0 12193 0 12284
1169 12260 0 7 3 12270
1170 6 0 12212 0 12218
1171 3 12176 0 1 12180
1172 0 12537 0 2 12539
1173 0 7 0 12702 12709
1174 12873 0 0 0 12873
1175 12840 1 15 0 12856
1176 12930 0 0 1 12931
1177 12815 2 0 2 12819
1178 0 11 0 12716 12727
1179 0 12646 0 1 12647
1180 3 12552 0 5 12560
1181 1 12835 0 0 12836
1182 1 12 1 12803 12817
1183 12951 0 0 0 12951
1184 12841 0 3 0 12844
1185 42 12845 0 12 12899
1186 12977 0 4 1 12982
1187 12951 0 1 0 12952
1188 12928 0 1 0 12929
1189 0 3 0 12956 12959
1190 0 1 13012 0 13013
1191 0 16 0 12559 12575
1192 13049 1 1 0 13051
1193 2 0 12892 2 12896
1194 13029 0 2 1 13032
1195 3 0 12840 3 12846
1196 0 4 0 12433 12437
1197 0 1 12687 0 12688
1198 2 0 12581 0 12583
1199 2 12723 0 2 12727
1200 0 3 0 12789 12792
1201 0 0 12792 0 12792
1202 2 12757 1 6 12766
1203 1 7 3 12868 12879
1204 2 3 0 13092 13097
1205 3 0 13030 4 13037
1206 0 0 13039 2 13041
1207 7 0 13415 0 13422
1208 4 2 1 11880 11887
1209 0 2 0 13134 13136
1210 0 13263 0 5 13268
1211 13559 1 3 1 13564
1212 13623 2 0 0 13625
1213 13668 0 0 3 13671
1214 1 13588 1 5 13595
1215 13575 1 10 1 13587
1216 1 0 13524 3 13528
1217 13430 0 1 2 13433
1218 2 0 13431 1 13434
1219 13410 1 1 2 13414
1220 0 3 0 13402 13405
1221 10 0 13495 0 13505
1222 13650 1 0 0 13651
1223 13712 2 1 3 13718
1224 0 2 0 13337 13339
1225 0 13761 0 5 13766
1226 0 9 0 13748 13757
1227 13857 1 0 0 13858
1228 1 49 0 13672 13722
1229 0 0 0 13960 13960
1230 22 1 13564 8 13595
1231 13771 1 3 0 13775
1232 1 0 13582 0 13583
1233 0 13642 1 6 13649
1234 13803 0 4 2 13809
1235 0 13838 0 2 13840
1236 0 3 1 13850 13854
1237 0 13898 2 4 13904
1238 0 5 0 14158 14163
1239 136 2 13872 1 14011
1240 13923 4 3 1 13931
1241 0 14028 0 1 14029
1242 14102 1 3 0 14106
1243 14022 1 4 0 14027
1244 0 0 14139 1 14140
1245 0 15 0 13487 13502
1246 13994 1 1 0 13996
1247 14141 1 2 1 14145
1248 14143 1 0 0 14144
1249 14198 0 9 1 14208
1250 23 0 13587 0 13610
1251 13867 0 79 1 13947
1252 0 0 13236 0 13236
1253 5 13613 0 1 13619
1254 1 3 1 13757 13762
1255 0 13897 0 0 13897
1256 0 0 1 13931 13932
1257 4 0 13736 3 13743
1258 2 3 13575 1 13581
1259 13633 3 1 1 13638
1260 1 13537 0 3 13541
1261 3 13621 1 0 13625
1262 1 0 0 13664 13665
1263 13660 0 1 13 13674
1264 0 13563 0 2 13565
1265 5 13689 1 2 13697
1266 13700 1 4 0 13705
1267 0 0 13656 0 13656
1268 13406 1 1 1 13409
1269 13582 0 0 0 13582
1270 13662 0 0 1 13663
1271 1 94 1 13535 13631
1272 13725 0 1 0 13726
1273 3 0 13227 0 13230
1274 2 0 13139 1 13142
1275 69 0 13282 3 13354
1276 1 13314 4 10 13329
1277 7 13487 0 6 13500
1278 13399 0 5 4 13408
1279 1 0 13469 0 13470
1280 13324 0 1 0 13325
1281 2 12719 0 13 12734
1282 13345 0 1 0 13346
1283 1 3 2 13131 13137
1284 13493 1 4 0 13498
1285 1 0 12741 1 12743
1286 1 12839 0 3 12843
1287 12834 1 6 8 12849
1288 0 13001 0 8 13009
1289 2 13180 0 4 13186
1290 17 13327 0 7 13351
1291 3 0 13223 3 13229
1292 2 2 0 12470 12474
1293 56 0 12920 19 12995
1294 60 0 12995 2 13057
1295 12894 3 6 0 12903
1296 3 0 13088 0 13091
1297 8 13147 0 13 13168
1298 13136 0 2 0 13138
1299 0 3 1 13362 13366
1300 27 9 13428 0 13464
1301 2 3 1 12955 12961
1302 13182 11 3 5 13201
1303 0 0 13316 1 13317
1304 4 0 13410 0 13414
1305 12969 0 9 0 12978
1306 13238 0 1 0 13239
1307 2 2 13235 1 13240
1308 2 13 0 12518 12533
1309 3 0 13314 0 13317
1310 13423 0 2 1 13426
1311 13639 0 3 3 13645
1312 13750 0 0 0 13750
1313 2 0 13558 0 13560
1314 13442 0 222 0 13664
1315 13825 0 0 1 13826
1316 0 0 13752 0 13752
1317 4 0 14021 0 14025
1318 14017 0 3 2 14022
1319 14209 0 2 1 14212
1320 14220 3 8 1 14232
1321 0 3 0 14109 14112
1322 13852 1 2 0 13855
1323 0 14472 0 0 14472
1324 0 8 0 14511 14519
1325 0 6 3 14571 14580
1326 0 1 0 14720 14721
1327 3 0 14643 1 14647
1328 0 13 1 14502 14516
1329 0 37 1 14696 14734
1330 14779 1 1 4 14785
1331 14910 1 0 1 14912
1332 2 15060 1 3 15066
1333 1 0 15078 3 15082
1334 14856 0 1 0 14857
1335 15028 0 0 0 15028
1336 14974 1 2 0 14977
1337 0 0 0 15096 15096
1338 1 12804 0 2243 15048
1339 15147 0 2 3 15152
1340 14592 0 379 3 14974
1341 12 15085 0 21 15118
1342 0 2 0 15032 15034
1343 14904 0 2 1 14907
1344 3 15112 0 1 15116
1345 0 0 1 15044 15045
1346 5 0 15035 0 15040
1347 0 36 0 14717 14753
1348 15007 0 2 0 15009
1349 14949 0 9 1 14959
1350 4 2 14884 0 14890
1351 81 0 14637 1 14719
1352 0 14289 0 4 14293
1353 2 14707 0 8 14717
1354 1 0 1 14857 14859
1355 2 14853 3 4 14862
1356 0 4 0 14966 14970
1357 14916 1 10 2 14929
1358 12 14859 1 65 14937
1359 14838 1 2 3 14844
1360 0 0 15043 1 15044
1361 1 3 0 14569 14573
1362 0 0 0 14901 14901
1363 15017 0 0 5 15022
1364 1 3 0 15054 15058
1365 3 8 15030 0 15041
1366 14720 0 1 0 14721
1367 3 5 1 14946 14955
1368 139 0 14760 4 14903
1369 14672 0 1 2 14675
1370 14736 0 1 2 14739
1371 166 0 14650 0 14816
1372 0 7 44 14379 14430
1373 14757 0 5 1 14763
1374 0 130 0 14722 14852
1375 3 0 14791 2 14796
1376 0 4 0 14666 14670
1377 0 5 14758 0 14763
1378 0 14771 0 7 14778
1379 2 23 0 14945 14970
1380 0 11 1 15090 15102
1381 0 1 0 15143 15144
1382 0 4 0 15039 15043
1383 4 3 0 15051 15058
1384 0 14956 2 15 14973
1385 14993 0 1 0 14994
1386 3 0 1 14913 14917
1387 14722 0 0 1 14723
1388 3 14774 0 1 14778
1389 0 173 2 14613 14788
1390 2 1 1 14716 14720
1391 3 14680 0 0 14683
1392 14705 0 0 1 14706
1393 0 1 0 14755 14756
1394 0 8 0 14765 14773
1395 1 3 14748 0 14752
1396 2 1 0 14674 14677
1397 1 8 0 14727 14736
1398 5 0 14602 3 14610
1399 14424 0 0 1 14425
1400 14590 0 1 0 14591
1401 4 1 1 14617 14623
1402 2 3 14597 2 14604
1403 14554 0 8 0 14562
1404 14569 2 2 1 14574
1405 14617 0 5 0 14622
1406 0 4 14376 1 14381
1407 0 14289 0 2 14291
1408 14526 0 0 1 14527
1409 14415 1 3 0 14419
1410 0 5 0 14401 14406
1411 2 1 14312 0 14315
1412 1 14084 0 7 14092
1413 1 14238 0 2 14241
1414 14432 1 8 0 14441
1415 4 0 14188 1 14193
1416 0 14077 1 7 14085
1417 14324 1 4 3 14332
1418 0 3 1 14389 14393
1419 1 0 14427 2 14430
1420 1 0 15470 0 15471
1421 7 1 15740 0 15748
1422 15754 0 35 16 15805
1423 15925 2 2 3 15932
1424 15862 2 42 0 15906
1425 15870 0 0 2 15872
1426 3 5 0 15964 15972
1427 15836 0 2 4 15842
1428 2 15954 0 0 15956
1429 15996 0 3 0 15999
1430 15891 0 0 1 15892
1431 15811 1 47 1 15860
1432 2 2 15733 0 15737
1433 0 13 2 15409 15424
1434 15899 2 1 0 15902
1435 15812 0 0 1 15813
1436 0 1 0 15839 15840
1437 15537 2 1 0 15540
1438 8 15757 0 1 15766
1439 3 15846 0 1 15850
1440 16057 0 4 1 16062
1441 15898 1 0 0 15899
1442 0 3 0 16051 16054
1443 16033 1 1 0 16035
1444 15805 1 0 1 15807
1445 1 15896 0 3 15900
1446 151 15839 0 3 15993
1447 16099 1 0 2 16102
1448 15993 2 0 0 15995
1449 0 16137 0 3 16140
1450 16159 1 1 0 16161
1451 4 0 16185 1 16190
1452 15891 0 10 1 15902
1453 1 0 16157 0 16158
1454 1 2 1 15699 15703
1455 16075 3 53 0 16131
1456 0 2 16226 1 16229
1457 1 28 0 15876 15905
1458 16270 0 5 1 16276
1459 16119 0 1 0 16120
1460 16174 0 0 2 16176
1461 3 2 0 16287 16292
1462 5 1 16360 0 16366
1463 16280 0 11 1 16292
1464 16387 0 6 2 16395
1465 16431 1 4 1 16437
1466 16475 1 0 0 16476
1467 16420 1 70 4 16495
1468 14 0 16464 11 16489
1469 4 4 16384 0 16392
1470 16404 0 8 0 16412
1471 1 0 16813 2 16816
1472 16946 0 4 0 16950
1473 16998 0 0 1 16999
1474 17034 0 8 7 17049
1475 0 0 17591 1 17592
1476 2 24 6 17036 17068
1477 4 8 0 17410 17422
1478 1 3 0 17516 17520
1479 0 17629 1 4 17634
1480 3 0 17645 2 17650
1481 17457 1 11 2 17471
1482 16 17811 2 0 17829
1483 17883 0 3 0 17886
1484 0 2 1 17832 17835
1485 4 0 17675 0 17679
1486 3 17600 4 7 17614
1487 0 8 3 17761 17772
1488 0 1 0 17829 17830
1489 2 1 0 17896 17899
1490 17689 1 6 1 17697
1491 4 17828 0 8 17840
1492 2 0 17833 0 17835
1493 7 0 17676 0 17683
1494 1 0 1 17882 17884
1495 1 17789 1 2 17793
1496 0 3 0 18006 18009
1497 25 5 17921 1 17952
1498 16 0 17707 1 17724
1499 3 17857 3 17 17880
1500 5 3 17981 25 18014
1501 55 1 18043 0 18099
1502 4 5 1 13216 13226
1503 0 5 6 16543 16554
1504 12266 2 2 8 12278
1505 16886 0 0 0 16886
1506 17874 0 2 0 17876
1507 5 0 12283 6 12294
1508 0 2 16002 2 16006
1509 13561 1 21 1 13584
1510 7 13168 1 1 13177
1511 15866 0 5 1 15872
1512 18080 0 3 2 18085
1513 8 0 0 11996 12004
1514 3 13686 0 1 13690
1515 2 76 1 13801 13880
1516 5 15813 0 6 15824
1517 14393 11 1 7 14412
1518 3 8 0 14728 14739
1519 3 14707 1 3 14714
1520 1 2 5 16346 16354
1521 67 1 13509 3 13580
1522 12983 24 5 13 13025
1523 4 0 15558 3 15565
1524 174 0 17372 0 17546
1525 1 1 18512 0 18514
1526 0 0 19014 1 19015
1527 12021 0 30 0 12051
1528 5 0 15104 1 15110
1529 13072 1 2 2 13077
1530 1 3 1 14435 14440
1531 15393 0 2 4 15399
1532 7 14924 0 1 14932
1533 1 6 0 16529 16536
1534 3 3 15799 2 15807
1535 13795 2 5 5 13807
1536 1 0 3 15979 15983
1537 1 0 16190 1 16192
1538 2 2 3 16036 16043
1539 0 1 1 18505 18507
1540 0 0 14751 4 14755
1541 7 0 2 15766 15775
1542 15457 3 2 2 15464
1543 18401 0 1 1 18403
1544 5 15279 0 2 15286
1545 16526 2 0 0 16528
1546 1 0 16332 1 16334
1547 1 9 3 14496 14509
1548 0 0 0 18141 18141
1549 10 0 15725 0 15735
1550 0 1 1 16083 16085
1551 16128 3 3 0 16134
1552 19012 0 6 0 19018
1553 2044 14230 1 10 16285
1554 15 61 570 16788 17434
1555 1 2 1 19749 19753
1556 1 1 0 20846 20848
1557 0 3 0 21182 21185
1558 5 0 14518 18 14541
1559 14503 4 2 0 14509
1560 18697 1 3 0 18701
1561 0 2 1 17183 17186
1562 0 1 1 19980 19982
1563 0 51 1 20739 20791
1564 16273 0 8 3 16284
1565 0 0 15651 0 15651
1566 2 10 1 15993 16006
1567 17328 1 2 1 17332
1568 0 0 17140 2 17142
1569 1 31 1 15893 15926
1570 17060 1 13 0 17074
1571 2 17068 0 94 17164
1572 18303 1 2 5 18311
1573 4 1 16758 0 16763
1574 17601 1 3 0 17605
1575 0 0 0 16286 16286
1576 6 16685 0 94 16785
1577 6 18568 2 7 18583
1578 3 19436 0 3 19442
1579 17202 5 1 3 17211
1580 4 0 17619 0 17623
1581 17005 0 5 3 17013
1582 2 0 18110 0 18112
1583 0 3 7 15671 15681
1584 4 1 17561 4 17570
1585 8 0 18823 0 18831
1586 15049 0 20 0 15069
1587 4 16214 2 8 16228
1588 1 7 0 16831 16839
1589 0 17756 0 8 17764
1590 16941 1 5 3 16950
1591 4 0 17708 1 17713
1592 29 0 18690 2 18721
1593 16016 0 27 4 16047
1594 18473 1 2 0 18476
1595 19151 2 2 2 19157
1596 34 1 15429 0 15464
1597 2 4 2 14783 14791
1598 12 3 16083 1 16099
1599 23 0 17513 0 17536
1600 2 15247 3 11 15263
1601 5 17683 0 10 17698
1602 16548 4 8 0 16560
1603 18194 1 5 1 18201
1604 18869 2 4 0 18875
1605 19075 0 1 0 19076
1606 4 3 3 17367 17377
1607 17676 0 1 0 17677
1608 0 24 1 17226 17251
1609 16674 2 0 3 16679
1610 4 16008 2 2 16016
1611 1 4 1 17007 17013
1612 1 0 16795 0 16796
1613 3 5 1 16418 16427
1614 3 0 17278 0 17281
1615 0 5 2 15923 15930
1616 3 7 0 17878 17888
1617 0 2 0 18925 18927
1618 15949 1 3 0 15953
1619 29 0 16149 3 16181
1620 0 0 17957 0 17957
1621 15544 1 10 2 15557
1622 0 0 1 16131 16132
1623 0 1 9 18061 18071
1624 8 0 15881 14 15903
1625 6 1 17490 6 17503
1626 3 15303 0 2 15308
1627 0 3 1 15247 15251
1628 0 15894 1 2 15897
1629 3 17630 0 6 17639
1630 2 18240 0 54 18296
1631 1 3 0 16600 16604
1632 16116 2 3 1 16122
1633 0 0 1 16756 16757
1634 3 0 1 17891 17895
1635 0 3 1 18315 18319
1636 1 1 16214 0 16216
1637 0 4 2 15520 15526
1638 36 0 16252 0 16288
1639 14559 1 133 1 14694
1640 12 0 16443 0 16455
1641 1 3 3 14583 14590
1642 4 1 16116 2 16123
1643 2 5 17321 1 17329
1644 4 0 17925 0 17929
1645 14541 2 9 1 14553
1646 8 0 15931 2 15941
1647 13 0 17186 2 17201
1648 5 1 18095 0 18101
1649 15458 0 4 0 15462
1650 17138 0 0 1 17139
1651 18261 2 0 2 18265
1652 18412 0 3 0 18415
1653 18345 0 1 3 18349
1654 2 0 1 16389 16392
1655 3 16252 0 2 16257
1656 0 54 0 16830 16884
1657 3 0 16649 0 16652
1658 1 1 0 16075 16077
1659 2 0 16406 2 16410
1660 2 2 1 15620 15625
1661 15871 0 0 2 15873
1662 3 16231 7 1 16242
1663 0 2 1 16581 16584
1664 0 5 1 17213 17219
1665 42 3 15234 1 15280
1666 1 5 1 15557 15564
1667 15594 1 1 1 15597
1668 6 15836 0 0 15842
1669 1 6 0 16304 16311
1670 6 2 15722 6 15736
1671 2 15690 0 14 15706
1672 57 16582 0 4 16643
1673 5 0 15880 0 15885
1674 15139 0 13 0 15152
1675 0 0 15951 0 15951
1676 1 0 1 14940 14942
1677 142 2 15271 0 15415
1678 15129 0 22 1 15152
1679 15885 0 7 3 15895
1680 2 6 0 15592 15600
1681 5 0 15279 8 15292
1682 24 1 15662 1 15688
1683 123 14862 1 9 14995
1684 14826 0 3 1 14830
1685 0 15466 0 1 15467
1686 15461 0 1 2 15464
1687 15780 0 5 1 15786
1688 16185 0 9 0 16194
1689 0 2 0 15749 15751
1690 16005 0 4 0 16009
1691 16264 1 0 0 16265
1692 59 0 15299 2 15360
1693 15244 1 12 1 15258
1694 1 0 0 14729 14730
1695 2 14935 0 1 14938
1696 2 15506 0 0 15508
1697 15409 0 4 2 15415
1698 15659 0 0 0 15659
1699 15754 0 2 0 15756
1700 2 8 0 15326 15336
1701 2 0 15282 0 15284
1702 14869 0 2 0 14871
1703 15269 0 7 2 15278
1704 15510 0 0 0 15510
1705 0 13 1 15123 15137
1706 5 0 15113 1 15119
1707 4 3 15397 0 15404
1708 0 1 15501 0 15502
1709 5 0 15590 8 15603
1710 14553 0 10 0 14563
1711 15155 1 3 0 15159
1712 0 4 0 15093 15097
1713 3 0 15236 5 15244
1714 0 0 15436 0 15436
1715 14772 0 1 1 14774
1716 15212 0 2 1 15215
1717 1 0 14738 1 14740
1718 3 14662 1 0 14666
1719 0 72 0 14938 15010
1720 15053 3 2 1 15059
1721 3 0 15090 1 15094
1722 14960 0 3 0 14963
1723 15065 0 2 1 15068
1724 3 0 14890 1 14894
1725 14652 1 2 1 14656
1726 2 0 2 14880 14884
1727 0 0 15088 2 15090
1728 0 3 3 14538 14544
1729 0 122 0 14708 14830
1730 0 3 1 15034 15038
1731 1 0 14765 4 14770
1732 3 14623 0 5 14631
1733 0 3 0 14737 14740
1734 0 3 1 14625 14629
1735 0 14702 0 0 14702
1736 14841 0 2 7 14850
1737 14737 0 14 2 14753
1738 1 0 1 14621 14623
1739 4 14658 0 3 14665
1740 14788 0 2 0 14790
1741 14665 1 3 0 14669
1742 1 3 2 14480 14486
1743 5 0 14427 1 14433
1744 0 14317 0 7 14324
1745 14538 1 7 3 14549
1746 14377 1 30 0 14408
1747 1 14392 0 0 14393
1748 14515 0 5 2 14522
1749 14387 1 2 0 14390
1750 14256 1 0 8 14265
1751 1 3 0 14187 14191
1752 5 0 14227 1 14233
1753 4 0 14045 2 14051
1754 14019 0 2 5 14026
1755 0 1 14073 0 14074
1756 1 0 13924 6 13931
1757 4 13756 0 1 13761
1758 14046 0 1 0 14047
1759 14009 1 0 2 14012
1760 2 9 0 13943 13954
1761 5 0 0 14029 14034
1762 0 0 14010 1 14011
1763 0 0 0 13786 13786
1764 1 4 0 13920 13925
1765 2 0 13814 1 13817
1766 13593 0 0 5 13598
1767 13534 0 1 0 13535
1768 1 13524 0 0 13525
1769 13537 1 1 0 13539
1770 13 0 13399 3 13415
1771 1 0 13201 1 13203
1772 13342 0 1 0 13343
1773 13232 0 4 0 13236
1774 8 5 0 13014 13027
1775 2 13103 1 1 13107
1776 13160 0 10 1 13171
1777 0 2 1 12898 12901
1778 0 13052 1 3 13056
1779 280 0 12523 5 12808
1780 12698 0 7 0 12705
1781 1 0 0 12742 12743
1782 12772 0 0 0 12772
1783 6 12764 0 0 12770
1784 12931 0 0 4 12935
1785 12788 1 12 0 12801
1786 0 0 12757 0 12757
1787 0 0 12384 0 12384
1788 12381 0 9 1 12391
1789 0 1 6 12240 12247
1790 12375 0 1 0 12376
1791 1 2 0 12253 12256
1792 1 0 12174 0 12175
1793 12177 0 5 1 12183
1794 16 12135 0 5 12156
1795 12169 0 3 0 12172
1796 0 2 0 12035 12037
1797 7 0 11955 0 11962
1798 11838 0 3 0 11841
1799 1 11966 3 1 11971
1800 5 11672 0 219 11896
1801 12025 0 4 1 12030
1802 11900 0 4 1 11905
1803 11884 1 1 2 11888
1804 1 0 11845 8 11854
1805 7 11515 0 2 11524
1806 2 11726 0 3 11731
1807 29 7 0 11746 11782
1808 1 0 11840 4 11845
1809 0 10 3 11462 11475
1810 0 1 0 11566 11567
1811 0 5 0 11441 11446
1812 22 11479 0 8 11509
1813 11569 16 3 0 11588
1814 11445 0 16 5 11466
1815 1 0 11642 2 11645
1816 3 0 11403 1 11407
1817 4 0 11326 0 11330
1818 11188 4 51 21 11264
1819 0 0 11422 0 11422
1820 11372 0 4 2 11378
1821 0 11350 0 3 11353
1822 11437 0 1 0 11438
1823 1 0 11421 3 11425
1824 11288 0 2 0 11290
1825 14 0 11344 1 11359
1826 2 1 0 11015 11018
1827 11401 0 0 0 11401
1828 11558 0 0 0 11558
1829 11530 0 0 0 11530
1830 0 2 0 11399 11401
1831 11423 0 1 5 11429
1832 0 0 11041 1 11042
1833 0 10760 1 7 10768
1834 6 10787 1 1 10795
1835 0 10897 2 3 10902
1836 1 11172 0 8 11181
1837 11814 4 11 0 11829
1838 11810 3 2 0 11815
1839 11794 5 2 0 11801
1840 11597 0 6 0 11603
1841 10 11762 0 0 11772
1842 0 1 0 11754 11755
1843 0 1 0 11712 11713
1844 0 1 0 11697 11698
1845 0 11830 1 33 11864
1846 11951 2 6 0 11959
1847 3 0 11915 0 11918
1848 0 2 0 11480 11482
1849 11862 0 1 0 11863
1850 0 0 0 11887 11887
1851 0 2 0 12032 12034
1852 5 0 11909 4 11918
1853 0 0 11791 0 11791
1854 11830 1 2 0 11833
1855 11842 0 0 0 11842
1856 0 11795 2 3 11800
1857 1 0 0 11745 11746
1858 1 11793 0 0 11794
1859 11892 0 2 0 11894
1860 11809 0 0 0 11809
1861 0 0 11868 0 11868
1862 11756 1 0 0 11757
1863 11751 2 3 0 11756
1864 5 0 11828 1 11834
1865 0 0 11765 1 11766
1866 11795 0 4 1 11800
1867 11846 0 1 0 11847
1868 11811 1 1 1 11814
1869 11699 1 1 0 11701
1870 31 11777 0 23 11831
1871 1 2 0 11720 11723
1872 11837 0 1 1 11839
1873 5 0 11728 0 11733
1874 0 0 0 11609 11609
1875 11797 0 0 0 11797
1876 11736 0 5 0 11741
1877 11740 0 2 0 11742
1878 11744 0 6 1 11751
1879 0 0 11607 2 11609
1880 0 1 11411 3 11415
1881 11527 0 0 0 11527
1882 2 13 0 11268 11283
1883 3 11328 0 1 11332
1884 10 11442 0 0 11452
1885 0 14 0 11492 11506
1886 0 1 1 11546 11548
1887 0 2 0 11658 11660
1888 2 2 11512 5 11521
1889 0 0 11447 3 11450
1890 11449 0 11 1 11461
1891 11568 0 0 0 11568
1892 11577 0 1 1 11579
1893 11549 2 3 0 11554
1894 14 0 11383 0 11397
1895 0 11285 0 0 11285
1896 11306 0 9 0 11315
1897 0 11360 0 0 11360
1898 53 0 0 11278 11331
1899 11384 0 0 4 11388
1900 11304 0 0 5 11309
1901 17 0 11308 0 11325
1902 11173 0 0 2 11175
1903 4 0 11226 0 11230
1904 0 1 1 10779 10781
1905 11119 0 3 0 11122
1906 11119 42 0 3 11164
1907 1 1 0 11167 11169
1908 11167 0 1 1 11169
1909 0 0 1 11042 11043
1910 0 10 0 10998 11008
1911 1 1 0 11048 11050
1912 10924 4 0 1 10929
1913 4 11053 1 3 11061
1914 0 6 0 11107 11113
1915 11092 0 6 0 11098
1916 11031 1 0 0 11032
1917 11040 0 0 0 11040
1918 1 2 0 11106 11109
1919 2 3 10981 0 10986
1920 0 10947 0 6 10953
1921 0 42 0 10940 10982
1922 0 1 0 11043 11044
1923 4 0 10884 0 10888
1924 10984 0 1 0 10985
1925 0 2 0 10924 10926
1926 3 0 10879 0 10882
1927 2 10751 0 1 10754
1928 10682 0 2 0 10684
1929 2 10859 0 0 10861
1930 1 0 0 10934 10935
1931 10898 0 5 0 10903
1932 0 44 0 10879 10923
1933 0 0 10902 1 10903
1934 2 1 0 10736 10739
1935 10816 6 55 2 10879
1936 0 7 0 10876 10883
1937 0 0 0 10985 10985
1938 1 4 0 11057 11062
1939 0 0 10942 0 10942
1940 2 0 10960 0 10962
1941 10908 0 35 1 10944
1942 11009 0 1 0 11010
1943 11015 0 1 0 11016
1944 1 5 0 11030 11036
1945 2 0 11024 0 11026
1946 0 10744 0 11 10755
1947 0 10749 2 21 10772
1948 0 10793 0 2 10795
1949 10878 0 4 0 10882
1950 10783 0 1 2 10786
1951 1 0 0 10821 10822
1952 1 1 0 10919 10921
1953 6 0 10850 1 10857
1954 2 0 10763 0 10765
1955 10468 2 2 1 10473
1956 30 0 10735 3 10768
1957 5 0 10583 5 10593
1958 0 0 10540 0 10540
1959 1 1 10634 1 10637
1960 1 0 0 10354 10355
1961 0 0 0 10566 10566
1962 0 16 0 10660 10676
1963 10658 0 6 0 10664
1964 0 0 10602 0 10602
1965 1 12 0 10508 10521
1966 1 2 10641 16 10660
1967 0 10395 1 17 10413
1968 3 10488 0 2 10493
1969 0 0 10645 0 10645
1970 10469 0 1 1 10471
1971 8 0 10572 5 10585
1972 0 0 0 10404 10404
1973 0 10411 0 0 10411
1974 0 2 0 10524 10526
1975 10425 2 6 0 10433
1976 3 0 10499 0 10502
1977 53 0 10254 0 10307
1978 10163 0 0 0 10163
1979 1 0 10245 0 10246
1980 10115 0 1 0 10116
1981 20 10160 0 2 10182
1982 3 1 0 10275 10279
1983 1 1 0 10228 10230
1984 0 10141 1 2 10144
1985 1 3 0 10216 10220
1986 9986 0 3 0 9989
1987 1 10077 3 28 10109
1988 0 0 0 10129 10129
1989 10017 0 0 0 10017
1990 1 0 0 9985 9986
1991 0 2 0 10027 10029
1992 7 0 9972 3 9982
1993 9862 0 9 0 9871
1994 0 1 0 9891 9892
1995 1 1 0 9874 9876
1996 2 9871 0 1 9874
1997 9850 1 0 0 9851
1998 9691 0 62 0 9753
1999 7 1 9655 0 9663
2000 1 9598 2 2 9603
2001 9664 0 0 0 9664
2002 0 0 1 9594 9595
2003 1 6 0 9660 9667
2004 9620 0 3 0 9623
2005 9552 2 0 0 9554
2006 9495 0 1 0 9496
2007 10 0 9422 2 9434
2008 0 0 9306 1 9307
2009 9169 0 5 2 9176
2010 1 9234 1 2 9238
2011 9288 1 1 1 9291
2012 6 0 9222 0 9228
2013 9217 0 0 0 9217
2014 9096 0 1 0 9097
2015 9069 0 0 1 9070
2016 5 0 8986 0 8991
2017 12 0 8810 1 8823
2018 14 0 8821 0 8835
2019 0 1 0 8528 8529
2020 0 8550 1 0 8551
2021 0 8640 1 0 8641
2022 0 1 1 8673 8675
2023 0 0 0 8687 8687
2024 6 0 8602 1 8609
2025 1 0 8474 0 8475
2026 0 0 8438 1 8439
2027 1 0 0 8044 8045
2028 5 0 8259 0 8264
2029 0 3 0 8121 8124
2030 0 2 0 8192 8194
2031 2 8143 0 1 8146
2032 0 0 8065 0 8065
2033 7670 0 2 2 7674
2034 0 7808 1 0 7809
2035 1 3 1 7820 7825
2036 0 0 0 7843 7843
2037 7673 0 5 0 7678
2038 0 0 7654 3 7657
2039 7542 0 1 1 7544
2040 17 0 7480 0 7497
2041 0 0 7386 2 7388
2042 2 0 7374 1 7377
2043 7320 0 3 0 7323
2044 7310 0 5 3 7318
2045 1 4 0 7312 7317
2046 1 0 7239 0 7240
2047 1 2 0 7073 7076
2048 7093 0 1 1 7095
2049 4 2 0 6998 7004
2050 0 0 0 6990 6990
2051 2 6944 0 0 6946
2052 1 2 0 7002 7005
2053 1 0 6841 1 6843
2054 2 1 6782 0 6785
2055 6668 0 23 3 6694
2056 6718 0 7 0 6725
2057 0 0 0 6670 6670
2058 6603 0 0 0 6603
2059 1 0 6592 0 6593
2060 6532 0 2 0 6534
2061 6464 1 19 0 6484
2062 4 0 6471 0 6475
2063 6366 0 1 0 6367
2064 6363 1 1 0 6365
2065 2 0 0 6305 6307
2066 0 0 6303 1 6304
2067 0 0 0 6149 6149
2068 6211 0 1 0 6212
2069 0 2 0 6193 6195
2070 0 1 0 6164 6165
2071 6088 0 1 0 6089
2072 71 0 5900 0 5971
2073 3 5843 2 3 5851
2074 5900 0 1 0 5901
2075 5774 0 2 0 5776
2076 0 5763 0 0 5763
2077 5811 1 0 0 5812
2078 5493 0 0 0 5493
2079 1 5638 0 0 5639
2080 0 5575 0 0 5575
2081 7 5596 0 1 5604
2082 0 6 0 5594 5600
2083 0 1 0 5629 5630
2084 2 0 5586 1 5589
2085 0 0 5526 3 5529
2086 0 0 5466 2 5468
2087 1 1 1 5209 5212
2088 0 0 5378 0 5378
2089 5381 0 0 0 5381
2090 0 0 0 5388 5388
2091 5305 1 0 1 5307
2092 0 5313 0 2 5315
2093 5325 0 2 0 5327
2094 286 0 5006 7 5299
2095 5171 0 2 1 5174
2096 0 0 5240 0 5240
2097 0 0 0 5009 5009
2098 1 0 5116 0 5117
2099 0 0 0 5023 5023
2100 5076 0 2 0 5078
2101 0 2 1 5025 5028
2102 4921 0 4 1 4926
2103 0 4884 0 22 4906
2104 1 0 0 4958 4959
2105 0 0 4905 0 4905
2106 1 0 4880 1 4882
2107 0 5 0 4756 4761
2108 0 1 0 4744 4745
2109 0 4734 0 3 4737
2110 4829 0 4 0 4833
2111 4769 1 0 0 4770
2112 0 1 0 4764 4765
2113 0 0 4715 0 4715
2114 4666 0 0 0 4666
2115 4603 1 1 0 4605
2116 0 0 0 4628 4628
2117 0 0 4660 0 4660
2118 3 0 4604 0 4607
2119 0 1 0 4476 4477
2120 0 7 0 4521 4528
2121 0 0 4471 1 4472
2122 1 1 4384 1 4387
2123 3 0 4321 1 4325
2124 0 4208 0 0 4208
2125 0 6 0 4337 4343
2126 0 1 0 4336 4337
2127 0 0 0 4373 4373
2128 2 0 4338 0 4340
2129 4221 0 0 0 4221
2130 4202 0 0 0 4202
2131 4181 0 0 0 4181
2132 4166 0 0 0 4166
2133 2 0 4124 2 4128
2134 0 1 4099 0 4100
2135 4051 0 0 0 4051
2136 1 0 4042 0 4043
2137 0 0 3973 0 3973
2138 1 0 3967 0 3968
2139 0 0 3951 0 3951
2140 3904 0 0 0 3904
2141 0 0 3931 0 3931
2142 1 2 0 3810 3813
2143 3903 0 2 0 3905
2144 3862 0 1 0 3863
2145 2556 1 1264 0 3821
2146 164 0 3630 0 3794
2147 0 26 1 3505 3532
2148 501 0 3143 0 3644
2149 0 1 0 3646 3647
2150 0 0 0 3701 3701
2151 1 0 3644 0 3645
2152 0 0 3575 0 3575
2153 3581 0 1 0 3582
2154 3545 2 2 0 3549
2155 0 1 0 3492 3493
2156 0 3478 0 3 3481
2157 3503 0 3 0 3506
2158 1 0 3489 3 3493
2159 0 0 1 3360 3361
2160 0 1 3404 0 3405
2161 0 0 3385 0 3385
2162 3361 0 0 0 3361
2163 0 0 0 3351 3351
2164 0 0 3332 0 3332
2165 3301 0 1 0 3302
2166 3281 17 0 0 3298
2167 17 0 3300 0 3317
2168 0 1 0 3236 3237
2169 3278 0 1 0 3279
2170 3230 0 0 1 3231
2171 0 1 0 3230 3231
2172 1 0 3197 2 3200
2173 0 0 3160 0 3160
2174 3137 0 1 1 3139
2175 0 0 1 3114 3115
2176 1 0 3094 2 3097
2177 3107 0 0 0 3107
2178 3082 0 0 0 3082
2179 0 0 0 3011 3011
2180 3079 0 0 0 3079
2181 3051 0 0 0 3051
2182 7 0 0 0 7
