0 0 0 0 0 0
1 3278 5 0 0 3283
2 0 0 0 3590 3590
3 0 0 3732 0 3732
4 0 0 3792 0 3792
5 3761 0 0 0 3761
6 0 8 0 3864 3872
7 3915 0 1 1 3917
8 0 4228 4 17 4249
9 0 3 0 4722 4725
10 0 0 0 4762 4762
11 0 0 1 4801 4802
12 0 1 1 4896 4898
13 4995 0 0 0 4995
14 0 0 0 4969 4969
15 0 1 0 4990 4991
16 5022 0 1 0 5023
17 1 5137 0 7 5145
18 5250 0 0 0 5250
19 5258 0 0 0 5258
20 0 0 5343 0 5343
21 5342 0 4 0 5346
22 5349 0 1 0 5350
23 5406 0 0 0 5406
24 1 5460 0 9 5470
25 0 1 0 5494 5495
26 1 0 0 5486 5487
27 0 5283 0 196 5479
28 0 5528 0 1 5529
29 5508 0 11 0 5519
30 6 0 5475 3 5484
31 5491 1 1 1 5494
32 1 5567 0 0 5568
33 0 0 0 5561 5561
34 5558 0 5 0 5563
35 1 5616 0 4 5621
36 5653 0 0 1 5654
37 5612 0 15 0 5627
38 0 4 0 5694 5698
39 5692 0 0 0 5692
40 5680 0 0 1 5681
41 0 0 1 5730 5731
42 5688 0 0 1 5689
43 0 5793 0 1 5794
44 5832 1 1 0 5834
45 5794 1 0 0 5795
46 5726 0 0 0 5726
47 5738 0 1 0 5739
48 5 0 5625 0 5630
49 2 0 5573 1 5576
50 0 5747 0 0 5747
51 2 5858 0 0 5860
52 5867 0 8 0 5875
53 5834 0 34 0 5868
54 5867 0 0 0 5867
55 5876 1 0 0 5877
56 5871 0 0 1 5872
57 0 5886 0 0 5886
58 5963 0 0 0 5963
59 0 5984 0 2 5986
60 5988 0 0 0 5988
61 5966 0 0 0 5966
62 0 0 0 5927 5927
63 2 0 5813 0 5815
64 0 0 5862 2 5864
65 1 5955 0 5 5961
66 6091 1 0 0 6092
67 1 0 6061 1 6063
68 5960 1 0 0 5961
69 6087 0 0 0 6087
70 0 0 0 6084 6084
71 0 1 1 6094 6096
72 0 183 1 5931 6115
73 6132 0 12 0 6144
74 2 0 6019 1 6022
75 1 0 0 6058 6059
76 2 0 6054 7 6063
77 6120 1 0 0 6121
78 6134 0 20 0 6154
79 0 0 6070 3 6073
80 6147 0 0 0 6147
81 0 13 0 6145 6158
82 3 6150 0 4 6157
83 1 6261 0 1 6263
84 1 7 0 6318 6326
85 3 0 6314 2 6319
86 6338 1 0 0 6339
87 6380 1 0 0 6381
88 0 2 0 6374 6376
89 0 1 0 6381 6382
90 10 0 6361 3 6374
91 1 6369 0 2 6372
92 6440 0 10 0 6450
93 6456 0 2 1 6459
94 1 6444 0 0 6445
95 0 6520 0 1 6521
96 6585 1 13 0 6599
97 1 0 6516 0 6517
98 0 6549 0 5 6554
99 6623 0 4 0 6627
100 6636 1 0 1 6638
101 0 11 1 6664 6676
102 3 0 6643 1 6647
103 3 6678 0 1 6682
104 1 5 0 6751 6757
105 6745 0 11 6 6762
106 1 1 0 6763 6765
107 0 1 0 6761 6762
108 0 6766 0 2 6768
109 6799 0 3 0 6802
110 6791 0 0 2 6793
111 0 1 0 6805 6806
112 6810 5 19 9 6843
113 0 1 2 6842 6845
114 21 6815 0 8 6844
115 0 4 1 6860 6865
116 1 0 6775 0 6776
117 1 6839 0 0 6840
118 2 0 6876 0 6878
119 0 11 10 6811 6832
120 0 6861 0 16 6877
121 0 6907 3 1 6911
122 6977 0 2 0 6979
123 0 0 1 7017 7018
124 0 7039 0 3 7042
125 1 7 0 7111 7119
126 7054 0 0 1 7055
127 0 0 7096 1 7097
128 6930 1 5 3 6939
129 0 1 7129 0 7130
130 168 0 7106 0 7274
131 0 0 1 7195 7196
132 0 22 0 7417 7439
133 0 8 0 7526 7534
134 1 0 7564 4 7569
135 0 7603 0 1 7604
136 1 0 0 7680 7681
137 7609 3 0 3 7615
138 1 0 4 7739 7744
139 7 0 7784 1 7792
140 4 0 0 7703 7707
141 7876 1 3 0 7880
142 7883 0 0 0 7883
143 0 0 1 7997 7998
144 8019 1 0 0 8020
145 7988 0 0 2 7990
146 0 0 8103 1 8104
147 1 1 0 7748 7750
148 2 0 7992 2 7996
149 8103 0 1 0 8104
150 20 8202 4 0 8226
151 8336 0 1 0 8337
152 0 1 0 8373 8374
153 6 0 8411 0 8417
154 8472 0 1 0 8473
155 8716 0 1 0 8717
156 0 7 2 8818 8827
157 0 1 1 8880 8882
158 0 0 1 8911 8912
159 0 1 0 8965 8966
160 25 8950 0 0 8975
161 5 1 1 8971 8978
162 1 17 1 9006 9025
163 18 0 8970 0 8988
164 8942 0 13 0 8955
165 0 8947 0 146 9093
166 8 0 9213 0 9221
167 8983 0 0 0 8983
168 9000 1 3 0 9004
169 5 0 9202 1 9208
170 9089 0 0 0 9089
171 9238 0 1 0 9239
172 1 0 9394 1 9396
173 0 0 9376 1 9377
174 9348 0 6 2 9356
175 9424 0 0 1 9425
176 9436 0 2 0 9438
177 9441 0 3 0 9444
178 6 0 9434 10 9450
179 8 9447 1 1 9457
180 9502 0 2 2 9506
181 0 1 8 9521 9530
182 9537 0 7 0 9544
183 1 6 1 9521 9529
184 9550 0 0 0 9550
185 1 9476 0 4 9481
186 9497 0 0 0 9497
187 1 0 9415 0 9416
188 0 9332 4 3 9339
189 9452 0 1 1 9454
190 0 0 3 9470 9473
191 0 81 1 9433 9515
192 9466 0 1 7 9474
193 0 0 9431 1 9432
194 9385 0 1 0 9386
195 9373 0 4 2 9379
196 4 0 9476 0 9480
197 3 1 9332 0 9336
198 9405 0 4 1 9410
199 2 9394 0 2 9398
200 9466 3 2 6 9477
201 9408 0 1 1 9410
202 0 0 9530 1 9531
203 0 3 9481 2 9486
204 6 0 9522 1 9529
205 9706 2 10 0 9718
206 9810 1 3 11 9825
207 9819 0 2 0 9821
208 0 0 9892 0 9892
209 9909 0 1 0 9910
210 10050 0 1 0 10051
211 1 10860 0 1 10862
212 11159 1 0 0 11160
213 11200 0 0 1 11201
214 11109 0 1 0 11110
215 11102 0 0 0 11102
216 5 11257 4 0 11266
217 0 75 1 11093 11169
218 0 0 3 11259 11262
219 4 0 11162 0 11166
220 11252 0 4 0 11256
221 0 0 11138 0 11138
222 11170 0 2 0 11172
223 7 11160 6 12 11185
224 3 11135 7 2 11147
225 11185 0 7 0 11192
226 1 11220 0 0 11221
227 11246 1 8 0 11255
228 11200 1 1 0 11202
229 0 2 2 11194 11198
230 11201 0 2 0 11203
231 0 0 0 11170 11170
232 0 0 11110 0 11110
233 10985 0 1 0 10986
234 10973 0 0 0 10973
235 0 0 11101 0 11101
236 8 9 1 9770 9788
237 10953 0 1 0 10954
238 11006 0 1 1 11008
239 7 7 0 10934 10948
240 0 2 0 11005 11007
241 2 0 10882 8 10892
242 10760 0 10 0 10770
243 1 0 10962 0 10963
244 1 0 10935 0 10936
245 4 0 10917 0 10921
246 11063 0 3 0 11066
247 11070 0 0 0 11070
248 0 0 1 10921 10922
249 0 0 10929 0 10929
250 2 10909 1 5 10917
251 5 10983 0 4 10992
252 11135 0 6 0 11141
253 11066 0 5 0 11071
254 0 0 10977 0 10977
255 11019 0 5 0 11024
256 10966 0 0 0 10966
257 9 10936 0 0 10945
258 2 10969 0 1 10972
259 11025 0 0 0 11025
260 0 0 2 10909 10911
261 11008 0 0 0 11008
262 0 1 10871 0 10872
263 65 10794 3 1 10863
264 10868 0 3 0 10871
265 0 6 4 10835 10845
266 1 2 10827 0 10830
267 13 1 10747 0 10761
268 10720 0 2 0 10722
269 0 2 0 10715 10717
270 1 0 10613 9 10623
271 0 0 10560 1 10561
272 3 2 0 10433 10438
273 4 10520 0 12 10536
274 2 10633 0 6 10641
275 10662 0 0 0 10662
276 2 0 10619 0 10621
277 10558 0 3 0 10561
278 0 55 10546 0 10601
279 10391 0 6 1 10398
280 0 0 1 10351 10352
281 3 10393 0 0 10396
282 2 10476 0 1 10479
283 1 43 1 10470 10515
284 0 0 2 10521 10523
285 10471 0 0 0 10471
286 2 0 10290 3 10295
287 1 10280 0 3 10284
288 0 0 1 10250 10251
289 2 10285 0 10 10297
290 10404 0 4 1 10409
291 10384 0 2 0 10386
292 0 0 10399 2 10401
293 10348 0 0 0 10348
294 1 0 10328 0 10329
295 46 10101 0 141 10288
296 10366 4 1 11 10382
297 21 0 1 10325 10347
298 1 0 10272 1 10274
299 1 0 10244 1 10246
300 10230 1 2 0 10233
301 10267 0 2 0 10269
302 1 0 2 10228 10231
303 10281 0 0 1 10282
304 8 1 10235 0 10244
305 10243 0 0 0 10243
306 23 0 10113 1 10137
307 10036 0 0 1 10037
308 6 10005 1 0 10012
309 2 0 0 9836 9838
310 1 9843 0 5 9849
311 2 9876 0 0 9878
312 3 10016 0 1 10020
313 10095 0 2 0 10097
314 9867 0 1 4 9872
315 0 0 9896 0 9896
316 2 4 3 9666 9675
317 9863 0 0 4 9867
318 0 0 3 9682 9685
319 2 9743 1 0 9746
320 0 1 2 9731 9734
321 4 0 9682 0 9686
322 11 0 9564 1 9576
323 1 9555 0 4 9560
324 0 199 2 9418 9619
325 0 0 9523 0 9523
326 9380 1 14 1 9396
327 2 0 1 9401 9404
328 0 2 0 9471 9473
329 0 1 1 9594 9596
330 1 0 9692 1 9694
331 0 0 1 9583 9584
332 0 1 1 9655 9657
333 1 1 1 9781 9784
334 8 0 9693 0 9701
335 9657 0 2 0 9659
336 0 0 1 9604 9605
337 2 1 0 9676 9679
338 9583 0 2 0 9585
339 1 9682 0 2 9685
340 9734 0 3 0 9737
341 9676 0 0 0 9676
342 9568 0 0 0 9568
343 9494 0 0 0 9494
344 1 9539 0 0 9540
345 1 9489 0 0 9490
346 9524 1 2 2 9529
347 9451 0 0 0 9451
348 9417 0 1 3 9421
349 9402 0 3 0 9405
350 0 0 9427 0 9427
351 9386 0 0 0 9386
352 1 0 0 9393 9394
353 0 3 0 9463 9466
354 0 0 0 9521 9521
355 9537 1 0 0 9538
356 0 1 1 9446 9448
357 9584 1 0 0 9585
358 0 0 9424 0 9424
359 9458 1 1 1 9461
360 9441 0 1 14 9456
361 1 0 9338 0 9339
362 0 0 2 9073 9075
363 1 2 2 9199 9204
364 5 0 9227 0 9232
365 1 0 9255 0 9256
366 9259 0 0 0 9259
367 9342 0 0 0 9342
368 0 0 1 9328 9329
369 9349 0 3 0 9352
370 9323 0 0 1 9324
371 6 9243 1 1 9251
372 9255 4 0 4 9263
373 9250 0 0 1 9251
374 9187 1 0 0 9188
375 165 0 9048 12 9225
376 5 0 9169 1 9175
377 3 0 9189 0 9192
378 9040 2 8 4 9054
379 9 1 0 9119 9129
380 0 4 1 9019 9024
381 1389 0 7600 0 8989
382 14 0 8955 0 8969
383 0 9057 1 0 9058
384 0 4 6 9285 9295
385 7 0 9213 1 9221
386 9137 0 1 0 9138
387 0 0 1 9286 9287
388 119 0 9139 1 9259
389 9106 0 2 0 9108
390 0 0 2 9196 9198
391 0 0 1 9196 9197
392 9003 1 0 2 9006
393 2 9241 0 0 9243
394 1 15 2 9289 9307
395 0 0 1 9300 9301
396 0 68 1 9215 9284
397 0 2 1 9429 9432
398 2 0 9475 0 9477
399 2 0 9573 0 9575
400 9490 0 1 1 9492
401 9720 2 0 1 9723
402 9863 0 2 1 9866
403 9957 0 5 0 9962
404 9878 1 1 0 9880
405 3 0 9809 3 9815
406 9791 0 0 0 9791
407 9923 0 4 0 9927
408 9965 0 0 0 9965
409 0 0 10232 0 10232
410 10182 1 0 0 10183
411 10227 1 0 0 10228
412 10256 2 0 0 10258
413 10172 0 0 0 10172
414 10109 3 3 0 10115
415 6 7 1 9826 9840
416 0 5 2 10059 10066
417 3 0 9992 1 9996
418 0 0 9963 0 9963
419 1 0 9968 0 9969
420 9920 1 6 0 9927
421 9967 0 0 0 9967
422 9734 0 79 0 9813
423 0 2 0 9772 9774
424 9767 0 0 0 9767
425 0 0 9671 0 9671
426 0 9576 0 62 9638
427 9696 0 2 7 9705
428 1 4 0 9759 9764
429 2 0 9771 0 9773
430 1 0 9714 0 9715
431 9761 0 0 1 9762
432 9772 0 16 0 9788
433 0 9775 0 0 9775
434 0 1 0 9795 9796
435 2 0 9842 1 9845
436 9797 0 5 3 9805
437 0 3 1 9929 9933
438 0 0 9900 0 9900
439 9842 0 0 2 9844
440 1 0 2 9900 9903
441 9897 0 1 0 9898
442 2 88 1 9814 9905
443 0 84 0 9794 9878
444 0 9842 1 4 9847
445 9982 0 1 0 9983
446 0 0 9873 1 9874
447 0 9818 0 82 9900
448 0 0 0 9935 9935
449 9975 0 1 1 9977
450 7 9932 0 1 9940
451 9997 0 0 0 9997
452 10006 0 3 0 10009
453 0 0 1 9856 9857
454 0 9989 0 4 9993
455 10108 1 0 0 10109
456 9827 0 57 0 9884
457 2 0 9799 0 9801
458 9658 0 53 0 9711
459 1 9755 0 0 9756
460 1 0 0 9770 9771
461 9678 0 4 3 9685
462 19 9651 0 25 9695
463 0 7 0 9497 9504
464 11 9713 0 7 9731
465 6 0 9827 0 9833
466 0 16 0 9688 9704
467 0 1 0 9828 9829
468 9796 2 3 0 9801
469 9746 1 0 0 9747
470 1 0 9872 0 9873
471 0 12 0 9572 9584
472 9857 0 0 0 9857
473 9886 1 0 1 9888
474 1 0 0 9883 9884
475 6 0 9874 5 9885
476 9884 0 0 1 9885
477 9788 0 0 1 9789
478 1 1 0 9745 9747
479 0 9728 0 0 9728
480 1 9743 0 0 9744
481 0 2 1 9705 9708
482 1 9792 0 1 9794
483 9791 0 3 0 9794
484 0 1 0 9736 9737
485 0 0 0 9878 9878
486 2 0 9858 1 9861
487 0 0 9832 0 9832
488 9619 0 0 0 9619
489 1 1 1 9791 9794
490 6 0 9806 6 9818
491 9629 0 1 3 9633
492 188 0 9611 0 9799
493 0 0 9772 1 9773
494 9630 0 1 2 9633
495 9691 1 2 0 9694
496 0 0 9792 0 9792
497 3 0 9774 0 9777
498 33 0 9726 1 9760
499 9737 0 4 5 9746
500 9844 1 1 0 9846
501 9795 7 11 0 9813
502 0 0 9806 0 9806
503 1 0 9693 2 9696
504 22 0 9646 0 9668
505 9703 0 7 0 9710
506 0 0 9747 0 9747
507 9704 1 0 0 9705
508 1 0 9751 0 9752
509 1 3 1 9585 9590
510 607 2 9109 0 9718
511 6 9631 0 0 9637
512 0 1 1 9841 9843
513 9849 0 1 0 9850
514 9715 0 1 0 9716
515 1 0 9643 0 9644
516 7 9508 0 51 9566
517 9672 0 4 0 9676
518 0 0 9622 0 9622
519 9261 0 303 1 9565
520 2 9557 0 1 9560
521 1 0 0 9504 9505
522 0 9577 1 1 9579
523 9579 0 0 0 9579
524 0 9610 0 3 9613
525 9714 0 19 0 9733
526 1 0 9635 0 9636
527 9575 1 2 0 9578
528 9497 0 4 0 9501
529 6 9470 0 0 9476
530 0 0 0 9396 9396
531 2 3 0 9304 9309
532 0 9419 0 1 9420
533 9475 2 1 2 9480
534 0 0 9444 0 9444
535 4 0 9367 0 9371
536 0 9297 0 7 9304
537 7 3 1 9440 9451
538 1 0 9388 0 9389
539 9347 0 0 0 9347
540 9349 0 3 0 9352
541 0 2 0 9287 9289
542 0 1 0 9294 9295
543 9302 0 1 0 9303
544 9180 0 0 0 9180
545 0 0 9173 0 9173
546 0 0 0 8812 8812
547 0 8938 0 0 8938
548 0 4 0 9054 9058
549 62 0 9018 0 9080
550 9130 1 1 0 9132
551 9168 0 0 0 9168
552 9140 1 2 0 9143
553 9089 1 0 0 9090
554 9077 0 0 4 9081
555 2 11 0 9005 9018
556 0 114 1 8931 9046
557 0 2 0 9034 9036
558 9027 1 4 18 9050
559 0 10 1 9094 9105
560 1 0 9041 1 9043
561 3 0 9273 0 9276
562 0 9321 0 2 9323
563 9373 0 18 0 9391
564 9302 0 5 0 9307
565 2 0 9503 0 9505
566 2 0 0 9367 9369
567 0 1 0 9394 9395
568 0 9426 0 0 9426
569 0 1 1 9441 9443
570 0 9397 0 70 9467
571 9546 1 1 0 9548
572 1 2 0 9478 9481
573 9504 0 0 0 9504
574 0 0 9480 5 9485
575 3 0 9293 0 9296
576 9189 0 0 0 9189
577 0 0 9311 0 9311
578 9305 0 1 0 9306
579 9349 1 0 1 9351
580 0 0 9354 0 9354
581 9350 1 0 1 9352
582 9337 0 3 6 9346
583 0 0 9364 0 9364
584 9302 0 1 1 9304
585 1 53 0 9323 9377
586 23 0 9377 0 9400
587 1 2 1 9319 9323
588 1 1 0 9424 9426
589 2 0 9366 0 9368
590 9290 0 3 1 9294
591 9331 0 0 0 9331
592 9335 0 1 0 9336
593 9362 9 11 3 9385
594 1 0 9619 2 9622
595 1 0 9558 0 9559
596 2 0 9491 0 9493
597 9538 0 38 0 9576
598 9722 0 17 1 9740
599 1 1 0 9880 9882
600 1 1 0 9947 9949
601 1 0 9843 5 9849
602 9809 0 4 0 9813
603 0 1 0 10018 10019
604 0 0 0 10101 10101
605 1 0 0 10076 10077
606 6 244 1 9813 10064
607 10094 0 1 2 10097
608 9877 1 122 0 10000
609 9879 0 1 0 9880
610 37 9967 0 0 10004
611 0 0 0 9975 9975
612 0 2 0 9910 9912
613 65 0 9760 1 9826
614 33 0 9570 1 9604
615 9600 0 1 1 9602
616 26 9630 0 0 9656
617 9740 0 2 7 9749
618 50 0 9689 1 9740
619 9690 2 2 1 9695
620 0 9725 0 1 9726
621 9803 0 30 0 9833
622 9717 0 4 0 9721
623 3 1 3 9697 9704
624 9707 0 5 0 9712
625 0 0 0 9596 9596
626 10 9571 0 2 9583
627 1 2 1 9576 9580
628 9593 0 5 0 9598
629 0 0 9491 0 9491
630 9421 0 1 1 9423
631 1 9280 0 228 9509
632 0 0 1 9472 9473
633 9578 1 2 0 9581
634 9447 0 0 0 9447
635 0 0 9429 0 9429
636 9252 1 0 0 9253
637 8 0 9351 0 9359
638 9375 0 0 0 9375
639 0 3 0 9343 9346
640 9408 0 8 0 9416
641 1 1 0 9383 9385
642 9468 0 0 0 9468
643 0 0 0 9325 9325
644 1 9304 0 0 9305
645 6 5 1 9269 9281
646 2 0 9307 1 9310
647 0 8 0 9282 9290
648 0 0 1 9229 9230
649 0 9138 0 7 9145
650 2 9174 0 12 9188
651 9232 1 7 5 9245
652 1 7 9407 1 9416
653 1 9423 1 30 9455
654 1 9558 0 1 9560
655 12 0 9765 6 9783
656 3 0 9773 1 9777
657 8 2 6 9572 9588
658 0 1 2 9731 9734
659 0 1 1 9755 9757
660 0 9747 0 14 9761
661 1 8 0 9672 9681
662 1 9741 0 1 9743
663 0 9896 0 3 9899
664 9954 0 2 6 9962
665 9796 0 66 0 9862
666 4 169 0 9763 9936
667 0 1 1 9909 9911
668 1 5 0 9961 9967
669 0 5 2 10054 10061
670 1 0 10036 0 10037
671 9947 0 2 0 9949
672 10058 0 3 3 10064
673 3 0 10081 14 10098
674 2 0 10060 0 10062
675 10100 0 0 0 10100
676 10215 1 0 0 10216
677 0 4 0 10236 10240
678 6 0 10207 0 10213
679 10212 7 2 1 10222
680 0 0 10205 1 10206
681 0 0 10071 0 10071
682 10117 0 2 5 10124
683 1 0 10260 0 10261
684 3 10089 0 179 10271
685 2 0 3 10315 10320
686 10377 1 1 4 10383
687 0 10398 0 5 10403
688 10380 0 2 1 10383
689 1 0 0 10402 10403
690 10429 0 41 0 10470
691 0 0 10413 0 10413
692 10447 0 0 2 10449
693 0 10456 0 105 10561
694 10625 0 2 1 10628
695 10572 0 4 0 10576
696 1 0 5 10716 10722
697 10740 0 26 1 10767
698 0 8 89 10613 10710
699 10776 0 0 1 10777
700 1 0 10622 0 10623
701 10536 0 1 1 10538
702 0 10594 0 37 10631
703 0 10408 0 198 10606
704 3 10762 0 0 10765
705 10839 1 4 0 10844
706 10836 0 5 0 10841
707 10824 0 5 0 10829
708 10807 2 4 0 10813
709 4 0 10817 0 10821
710 2 0 10715 1 10718
711 10650 0 1 1 10652
712 0 0 10778 0 10778
713 2 10829 0 3 10834
714 10991 0 0 1 10992
715 10941 0 0 1 10942
716 0 1 0 10983 10984
717 11028 0 1 2 11031
718 8 0 10890 0 10898
719 10953 0 0 0 10953
720 0 0 11191 0 11191
721 11188 0 2 0 11190
722 2 0 11209 0 11211
723 11232 0 26 0 11258
724 11290 0 3 0 11293
725 11276 0 1 0 11277
726 11 2 0 11171 11184
727 4 11252 0 1 11257
728 1 2 0 11296 11299
729 11280 0 0 2 11282
730 0 0 11225 0 11225
731 3 11214 0 1 11218
732 11330 0 12 0 11342
733 11369 0 0 0 11369
734 0 1 11421 0 11422
735 1 0 11284 0 11285
736 11275 0 0 0 11275
737 1 0 1 11338 11340
738 17 0 11275 0 11292
739 1 3 1 11222 11227
740 1 11228 1 1 11231
741 1 6 1 11173 11181
742 2 11087 0 1 11090
743 29 10952 1 4 10986
744 4 11110 0 1 11115
745 0 0 0 11024 11024
746 0 1 1 11071 11073
747 11110 0 13 3 11126
748 4 0 11003 0 11007
749 1 2 0 10800 10803
750 11010 0 0 2 11012
751 0 1 0 10901 10902
752 0 10987 0 2 10989
753 11025 1 2 0 11028
754 1 0 11036 0 11037
755 3 1 2 10892 10898
756 24 11008 0 11 11043
757 11062 0 7 1 11070
758 3 11114 0 0 11117
759 11014 1 4 0 11019
760 1 11091 0 0 11092
761 2 11124 1 0 11127
762 0 6 2 11145 11153
763 11236 0 0 0 11236
764 11210 0 0 1 11211
765 11214 0 1 0 11215
766 11191 0 3 0 11194
767 11199 0 20 0 11219
768 0 0 11205 1 11206
769 0 4 0 10778 10782
770 0 1 1 11160 11162
771 11225 0 6 2 11233
772 11232 0 1 0 11233
773 0 11231 0 6 11237
774 11309 0 1 0 11310
775 0 0 0 11173 11173
776 4 0 11077 0 11081
777 1 1 10807 0 10809
778 2 0 10789 0 10791
779 10944 0 6 0 10950
780 1 0 11007 0 11008
781 2 0 10772 0 10774
782 10787 0 0 0 10787
783 3 10862 0 0 10865
784 1 10979 0 1 10981
785 0 0 1 11036 11037
786 11008 0 0 0 11008
787 10969 3 1 0 10973
788 0 0 10846 0 10846
789 10788 0 2 1 10791
790 2 10891 0 5 10898
791 2 10895 0 1 10898
792 10714 0 254 1 10969
793 10582 1 2 0 10585
794 1 0 0 10878 10879
795 10970 0 4 3 10977
796 0 4 10809 0 10813
797 2 0 10650 1 10653
798 1 1 10527 1 10530
799 0 10657 1 2 10660
800 4 10691 2 0 10697
801 1 19 2 10763 10785
802 10 10798 0 2 10810
803 10668 0 2 1 10671
804 7 10826 0 4 10837
805 10896 0 4 2 10902
806 1 0 0 10815 10816
807 0 2 0 10810 10812
808 0 2 0 10762 10764
809 10740 0 8 0 10748
810 2 10762 0 13 10777
811 5 0 10582 0 10587
812 10437 0 4 0 10441
813 2 10557 0 5 10564
814 0 10534 0 0 10534
815 10533 0 5 0 10538
816 0 0 0 10495 10495
817 2 0 10440 0 10442
818 10421 2 0 1 10424
819 0 0 10363 3 10366
820 0 10320 2 10 10332
821 0 1 0 10267 10268
822 10062 0 107 4 10173
823 5 10249 0 0 10254
824 4 10285 0 6 10295
825 10353 0 2 1 10356
826 13 0 10252 0 10265
827 10187 0 0 0 10187
828 10125 0 2 6 10133
829 0 0 10189 0 10189
830 1 0 0 9833 9834
831 0 7 0 9894 9901
832 1 10034 0 1 10036
833 0 10121 0 1 10122
834 10062 0 0 0 10062
835 1 0 0 10022 10023
836 9970 16 0 0 9986
837 0 193 0 9756 9949
838 9972 0 0 0 9972
839 9837 0 2 17 9856
840 0 6 0 9728 9734
841 3 0 9636 0 9639
842 0 9559 0 5 9564
843 0 9744 0 1 9745
844 12 1 1 9724 9738
845 5 0 0 9662 9667
846 0 1 0 9583 9584
847 0 9676 0 5 9681
848 0 3 1 9612 9616
849 0 1 12 9546 9559
850 0 9550 0 0 9550
851 0 2 0 9604 9606
852 9595 1 0 0 9596
853 9461 0 0 0 9461
854 1 0 3 9411 9415
855 4 0 9362 0 9366
856 0 1 0 9148 9149
857 0 9229 0 4 9233
858 0 2 0 9288 9290
859 2 0 9230 0 9232
860 9106 1 7 2 9116
861 1 0 0 9202 9203
862 0 0 9171 0 9171
863 9157 0 3 0 9160
864 9109 0 3 0 9112
865 0 9299 0 12 9311
866 1 1 0 9299 9301
867 9359 0 4 1 9364
868 0 0 9467 0 9467
869 1 0 9419 6 9426
870 9309 0 52 2 9363
871 0 2 0 9317 9319
872 0 6 0 9419 9425
873 3 0 9397 3 9403
874 15 0 9492 0 9507
875 2 9500 0 9 9511
876 0 9523 0 16 9539
877 9668 1 8 0 9677
878 9662 0 4 2 9668
879 0 60 2 9522 9584
880 9575 3 1 0 9579
881 0 0 1 9471 9472
882 3 0 9458 0 9461
883 9330 1 3 0 9334
884 0 9406 0 2 9408
885 0 49 3 9335 9387
886 2 0 9312 0 9314
887 9233 0 0 0 9233
888 6 0 9248 2 9256
889 0 0 9420 0 9420
890 2 1 9444 0 9447
891 9592 0 0 1 9593
892 9611 0 0 0 9611
893 9446 4 107 0 9557
894 39 0 9384 2 9425
895 0 3 1 9140 9144
896 7 9345 0 0 9352
897 5 9456 0 25 9486
898 9546 0 2 0 9548
899 9538 0 1 0 9539
900 9511 0 0 0 9511
901 9461 0 0 0 9461
902 9443 0 0 0 9443
903 9280 0 1 1 9282
904 6 9406 0 0 9412
905 1 9345 0 0 9346
906 17 0 9270 0 9287
907 9246 1 0 0 9247
908 9255 0 0 0 9255
909 3 0 9109 0 9112
910 9150 0 0 4 9154
911 1 9157 0 0 9158
912 9207 0 1 0 9208
913 0 0 1 9107 9108
914 0 1 1 9149 9151
915 9108 1 42 2 9153
916 0 0 8971 1 8972
917 3 8890 0 0 8893
918 1 8728 0 205 8934
919 8989 2 0 0 8991
920 9022 0 2 1 9025
921 8975 0 12 0 8987
922 14 0 8814 1 8829
923 8795 0 22 0 8817
924 8845 1 0 0 8846
925 0 2 3 8784 8789
926 2 0 8751 0 8753
927 1 3 1 8485 8490
928 1 8540 0 37 8578
929 1 0 0 8628 8629
930 8674 0 4 0 8678
931 3 0 8636 8 8647
932 8602 0 0 1 8603
933 8651 1 2 1 8655
934 8626 0 1 0 8627
935 8606 0 0 1 8607
936 9 0 8475 0 8484
937 0 7 0 7752 7759
938 8101 0 2 2 8105
939 8 8112 0 33 8153
940 6 2 0 8003 8011
941 3 8063 2 1 8069
942 8133 0 2 1 8136
943 8072 0 4 5 8081
944 1 7999 0 0 8000
945 7877 0 2 1 7880
946 4 7882 0 0 7886
947 0 1 0 7721 7722
948 7852 0 3 0 7855
949 1 7946 0 4 7951
950 3 0 7833 0 7836
951 7795 0 0 0 7795
952 0 0 7755 0 7755
953 7743 0 2 0 7745
954 0 4 1 7660 7665
955 1 7757 0 1 7759
956 7823 0 0 0 7823
957 7745 1 1 1 7748
958 7678 0 3 0 7681
959 1 7660 0 0 7661
960 1 0 1 7621 7623
961 8 0 7487 0 7495
962 7398 0 7 2 7407
963 13 7437 0 1 7451
964 6 7355 0 0 7361
965 5 7406 0 1 7412
966 7489 0 2 0 7491
967 7441 0 1 0 7442
968 0 1 1 7359 7361
969 7454 2 4 0 7460
970 12 1 0 7300 7313
971 0 0 0 7405 7405
972 7482 0 4 0 7486
973 7432 0 0 1 7433
974 0 3 0 7374 7377
975 7438 0 0 1 7439
976 7401 0 0 0 7401
977 0 0 0 7349 7349
978 6 0 7421 3 7430
979 7403 0 0 0 7403
980 7439 0 0 0 7439
981 7463 1 0 0 7464
982 7425 0 2 0 7427
983 0 0 7330 0 7330
984 3 7128 0 181 7312
985 0 0 7374 0 7374
986 7252 0 0 0 7252
987 28 0 7306 0 7334
988 7318 0 1 0 7319
989 7352 0 7 0 7359
990 7362 0 3 0 7365
991 0 0 7275 7 7282
992 1 7281 0 0 7282
993 0 0 1 7348 7349
994 7362 0 0 0 7362
995 7366 0 0 0 7366
996 18 7377 0 13 7408
997 7 0 7400 0 7407
998 7431 0 2 0 7433
999 7451 0 1 0 7452
1000 7417 0 0 0 7417
1001 7385 0 0 1 7386
1002 1 0 0 7300 7301
1003 0 0 0 7322 7322
1004 0 0 0 7270 7270
1005 1 7274 0 0 7275
1006 0 1 0 7244 7245
1007 0 0 0 7292 7292
1008 7268 0 13 0 7281
1009 0 0 0 7269 7269
1010 1 0 7332 0 7333
1011 0 0 7276 0 7276
1012 7251 0 1 0 7252
1013 7205 1 1 0 7207
1014 4 0 7172 0 7176
1015 0 7092 0 1 7093
1016 0 4 0 7129 7133
1017 0 21 0 7171 7192
1018 0 0 0 7228 7228
1019 1 0 7215 0 7216
1020 4 0 7171 0 7175
1021 7105 0 6 1 7112
1022 8 0 7147 0 7155
1023 7110 8 3 1 7122
1024 0 0 7146 0 7146
1025 7182 0 0 0 7182
1026 0 7184 0 1 7185
1027 0 0 0 7166 7166
1028 0 0 7193 0 7193
1029 1 10 0 7054 7065
1030 1 0 7150 0 7151
1031 0 0 0 7085 7085
1032 7252 0 1 0 7253
1033 7242 0 5 0 7247
1034 7226 0 7 0 7233
1035 0 0 0 7249 7249
1036 7179 0 2 0 7181
1037 3 7221 0 0 7224
1038 7309 0 0 0 7309
1039 7290 0 0 0 7290
1040 0 0 0 7332 7332
1041 7399 0 5 0 7404
1042 7350 0 2 0 7352
1043 3 0 7384 1 7388
1044 0 2 0 6989 6991
1045 7359 1 2 0 7362
1046 7376 0 2 5 7383
1047 1 5 0 7440 7446
1048 15 1 7657 1 7674
1049 7497 0 96 0 7593
1050 0 0 7774 1 7775
1051 1 0 7834 0 7835
1052 7933 6 1 0 7940
1053 8006 1 2 0 8009
1054 2 0 7928 1 7931
1055 8 8548 0 3 8559
1056 3 0 8608 0 8611
1057 8525 0 22 0 8547
1058 5 1 8678 4 8688
1059 0 8382 0 369 8751
1060 8918 0 3 0 8921
1061 8947 0 0 0 8947
1062 0 8990 0 2 8992
1063 0 0 9003 0 9003
1064 8883 0 0 0 8883
1065 103 0 8905 0 9008
1066 6 8970 0 10 8986
1067 0 0 0 9115 9115
1068 9164 0 1 3 9168
1069 1 9446 0 1 9448
1070 9519 0 1 0 9520
1071 182 0 9340 0 9522
1072 9544 0 0 0 9544
1073 9531 0 2 0 9533
1074 9543 0 5 0 9548
1075 9435 1 2 0 9438
1076 14 9473 0 0 9487
1077 2 9173 0 1 9176
1078 9289 0 3 0 9292
1079 9265 0 0 0 9265
1080 2 3 0 9113 9118
1081 0 4 0 9159 9163
1082 9269 3 0 0 9272
1083 0 5 0 9119 9124
1084 2 0 9189 7 9198
1085 2 9082 0 3 9087
1086 0 9028 0 1 9029
1087 9127 8 2 0 9137
1088 9077 0 7 1 9085
1089 8995 0 6 1 9002
1090 0 12 1 9002 9015
1091 0 4 8991 0 8995
1092 2 0 8908 2 8912
1093 4 0 9011 0 9015
1094 3 8862 9 0 8874
1095 1 8992 0 1 8994
1096 9020 2 0 3 9025
1097 2 9124 0 0 9126
1098 9177 2 6 8 9193
1099 2 0 9220 0 9222
1100 2 0 9167 0 9169
1101 3 0 9195 1 9199
1102 1 0 9235 2 9238
1103 9174 0 7 8 9189
1104 0 7 1 9159 9167
1105 3 0 9268 0 9271
1106 3 0 9369 3 9375
1107 9222 0 73 0 9295
1108 2 0 3 9412 9417
1109 1 1 0 9586 9588
1110 9640 0 0 0 9640
1111 9603 0 3 1 9607
1112 0 9675 0 2 9677
1113 9665 1 0 0 9666
1114 0 1 1 9544 9546
1115 9525 0 2 0 9527
1116 0 9587 0 1 9588
1117 3 9591 0 0 9594
1118 9750 0 3 0 9753
1119 11 0 9900 7 9918
1120 10082 1 6 0 10089
1121 10258 0 0 2 10260
1122 10275 0 3 0 10278
1123 10318 0 0 0 10318
1124 1 0 0 10265 10266
1125 10338 0 1 0 10339
1126 10302 0 0 0 10302
1127 4 0 1 10386 10391
1128 30 0 10401 0 10431
1129 10400 0 0 3 10403
1130 10468 0 2 0 10470
1131 10506 0 1 0 10507
1132 0 0 10363 0 10363
1133 10328 1 6 3 10338
1134 10416 0 0 0 10416
1135 0 0 10464 0 10464
1136 1 1 0 10059 10061
1137 10473 0 2 0 10475
1138 0 0 10321 0 10321
1139 4 10332 0 1 10337
1140 10492 0 0 0 10492
1141 10416 2 1 1 10420
1142 2 0 0 10432 10434
1143 10510 0 0 0 10510
1144 1 0 10468 0 10469
1145 10401 0 0 0 10401
1146 0 0 0 10368 10368
1147 1 0 10389 0 10390
1148 10285 0 31 1 10317
1149 0 10428 0 0 10428
1150 18 1 10472 7 10498
1151 10539 0 13 2 10554
1152 10626 2 1 0 10629
1153 10670 0 2 0 10672
1154 12 10658 0 0 10670
1155 10733 0 0 0 10733
1156 10725 0 0 1 10726
1157 0 4 0 10705 10709
1158 91 0 10625 0 10716
1159 2 1 6 10444 10453
1160 510 0 10131 0 10641
1161 1 10589 1 8 10599
1162 1 10735 0 0 10736
1163 10894 0 7 0 10901
1164 10865 0 2 0 10867
1165 0 0 10970 0 10970
1166 10998 0 2 1 11001
1167 11046 1 1 2 11050
1168 0 0 10967 8 10975
1169 10990 1 0 1 10992
1170 2 0 11027 0 11029
1171 0 10992 0 8 11000
1172 0 11253 0 2 11255
1173 0 1 1 11360 11362
1174 11554 0 1 0 11555
1175 11500 0 3 0 11503
1176 11572 1 0 1 11574
1177 11508 0 2 1 11511
1178 1 0 2 11391 11394
1179 1 11358 0 6 11365
1180 3 11270 0 0 11273
1181 4 11452 0 0 11456
1182 1 3 0 11470 11474
1183 11543 0 3 1 11547
1184 11470 1 3 0 11474
1185 17 11555 8 7 11587
1186 11621 0 1 0 11622
1187 11589 0 1 0 11590
1188 11551 0 0 1 11552
1189 0 1 1 11516 11518
1190 0 0 11586 0 11586
1191 1 5 1 11284 11291
1192 11594 0 1 0 11595
1193 3 0 11551 0 11554
1194 11553 0 3 0 11556
1195 92 0 11441 0 11533
1196 1 1 0 11306 11308
1197 2 0 11382 15 11399
1198 5 0 11352 0 11357
1199 1 11464 0 2 11467
1200 5 9 0 11500 11514
1201 0 0 11548 1 11549
1202 0 11486 0 15 11501
1203 4 17 2 11601 11624
1204 0 0 1 11782 11783
1205 0 0 11725 1 11726
1206 1 4 11726 0 11731
1207 4 0 12027 2 12033
1208 0 4 1 10919 10924
1209 0 0 0 11868 11868
1210 0 11962 0 3 11965
1211 12170 0 7 0 12177
1212 12202 0 1 0 12203
1213 12213 0 3 0 12216
1214 1 12244 0 1 12246
1215 12241 0 7 0 12248
1216 2 0 12250 4 12256
1217 12184 0 2 0 12186
1218 1 0 12185 2 12188
1219 12207 0 1 0 12208
1220 2 1 1 12183 12187
1221 7 0 12208 0 12215
1222 12312 1 2 1 12316
1223 12319 0 1 0 12320
1224 0 0 2 12056 12058
1225 6 12331 0 2 12339
1226 0 6 1 12367 12374
1227 12402 1 1 0 12404
1228 2 211 0 12051 12264
1229 2 1 0 12461 12464
1230 168 0 12054 1 12223
1231 12369 3 3 0 12375
1232 1 2 12250 1 12254
1233 4 12273 0 3 12280
1234 12344 0 0 2 12346
1235 1 12432 0 1 12434
1236 0 16 1 12411 12428
1237 0 12437 0 21 12458
1238 0 1 0 12586 12587
1239 814 45 11683 1 12543
1240 12421 5 1 2 12429
1241 0 12540 0 0 12540
1242 12597 1 12 2 12612
1243 12550 0 16 2 12568
1244 21 0 12592 0 12613
1245 0 1 1 12192 12194
1246 12564 1 2 0 12567
1247 12590 0 0 0 12590
1248 12658 0 1 0 12659
1249 12668 0 1 0 12669
1250 2 0 12252 1 12255
1251 12500 0 0 0 12500
1252 7 0 12011 3 12021
1253 1 12268 0 0 12269
1254 0 1 2 12377 12380
1255 4 12510 0 15 12529
1256 0 0 9 12533 12542
1257 145 0 12268 18 12431
1258 0 0 12292 7 12299
1259 12283 0 0 2 12285
1260 2 12246 0 8 12256
1261 1 12318 0 0 12319
1262 0 0 2 12334 12336
1263 12338 0 1 0 12339
1264 1 12279 0 0 12280
1265 1 12311 0 2 12314
1266 12317 0 1 0 12318
1267 0 3 12339 1 12343
1268 12113 0 0 0 12113
1269 12249 0 8 0 12257
1270 12271 0 4 0 12275
1271 0 216 1 12031 12248
1272 12328 0 0 0 12328
1273 3 2 11957 1 11963
1274 1 0 11898 0 11899
1275 11 0 12043 0 12054
1276 2 12043 0 7 12052
1277 2 12221 0 2 12225
1278 12156 0 15 0 12171
1279 2 0 12225 3 12230
1280 12098 0 2 2 12102
1281 4 11527 0 0 11531
1282 12194 1 1 0 12196
1283 0 9 0 12030 12039
1284 12291 0 2 0 12293
1285 74 0 11705 6 11785
1286 2 11828 0 0 11830
1287 11753 0 2 1 11756
1288 3 11975 1 0 11979
1289 2 12006 0 1 12009
1290 23 12059 0 4 12086
1291 5 0 12067 12 12084
1292 0 1 1 11535 11537
1293 59 0 11857 20 11936
1294 57 0 11927 1 11985
1295 11782 0 8 0 11790
1296 118 0 11868 0 11986
1297 1 12042 0 1 12044
1298 11989 0 1 1 11991
1299 1 4 1 12160 12166
1300 7 0 12174 1 12182
1301 0 1 2 11666 11669
1302 11944 9 2 3 11958
1303 1 0 12061 1 12063
1304 4 0 12050 0 12054
1305 11744 0 8 0 11752
1306 11864 1 0 0 11865
1307 0 1 11974 1 11976
1308 1 2 1 11389 11393
1309 0 0 12174 0 12174
1310 12262 0 1 1 12264
1311 12409 0 4 0 12413
1312 12469 0 2 0 12471
1313 4 0 12456 0 12460
1314 12040 0 471 2 12513
1315 12557 0 2 0 12559
1316 1 0 12633 0 12634
1317 9 0 12900 6 12915
1318 12873 1 0 2 12876
1319 13008 0 2 0 13010
1320 13053 2 22 0 13077
1321 0 0 0 12936 12936
1322 12619 1 3 0 12623
1323 0 13253 0 0 13253
1324 0 1 1 13226 13228
1325 1 1 0 13325 13327
1326 2 1 2 13463 13468
1327 9 0 13444 0 13453
1328 2 0 0 13277 13279
1329 0 9 0 13502 13511
1330 13616 0 3 1 13620
1331 13714 0 0 1 13715
1332 8 13806 0 2 13816
1333 0 0 13879 0 13879
1334 13736 0 4 0 13740
1335 13809 1 3 0 13813
1336 13728 1 0 0 13729
1337 14 1 1 13806 13822
1338 15 13722 0 0 13737
1339 13857 0 3 0 13860
1340 13515 0 228 1 13744
1341 2 13862 0 1 13865
1342 0 10 0 13764 13774
1343 13683 0 3 2 13688
1344 0 13805 0 9 13814
1345 0 1 0 13787 13788
1346 1 2 13824 0 13827
1347 0 0 0 13580 13580
1348 13762 1 3 0 13766
1349 13740 1 0 3 13744
1350 0 0 13770 8 13778
1351 3 2 13584 0 13589
1352 1 13289 0 0 13290
1353 0 13659 0 2 13661
1354 0 1 0 13732 13733
1355 0 13788 0 16 13804
1356 0 3 0 13825 13828
1357 13836 0 1 2 13839
1358 0 13627 0 216 13843
1359 13798 1 0 0 13799
1360 1 0 13961 0 13962
1361 2 0 0 13554 13556
1362 0 1 0 13904 13905
1363 13963 0 1 1 13965
1364 0 3 0 14015 14018
1365 14 0 13970 0 13984
1366 13742 0 2 0 13744
1367 0 0 0 13937 13937
1368 209 0 13716 2 13927
1369 13675 0 0 3 13678
1370 13703 1 0 0 13704
1371 463 0 13346 0 13809
1372 1 44 28 13411 13484
1373 13810 1 0 0 13811
1374 1 71 1 13897 13970
1375 1 0 13889 1 13891
1376 0 2 1 13773 13776
1377 6 3 13796 5 13810
1378 2 13855 0 1 13858
1379 0 9 2 14031 14042
1380 1 0 0 14104 14105
1381 0 0 1 14115 14116
1382 0 0 0 14097 14097
1383 0 2 3 14123 14128
1384 0 14160 0 23 14183
1385 14222 2 0 0 14224
1386 2 0 1 14135 14138
1387 14036 2 2 1 14041
1388 2 14134 0 0 14136
1389 0 13 1 14070 14084
1390 0 1 0 14029 14030
1391 3 14060 0 0 14063
1392 14066 0 0 0 14066
1393 5 0 0 14111 14116
1394 0 21 0 14176 14197
1395 0 0 14164 2 14166
1396 0 1 1 14057 14059
1397 0 12 0 14114 14126
1398 4 0 14029 1 14034
1399 13916 1 2 0 13919
1400 14028 0 9 0 14037
1401 2 0 0 14021 14023
1402 3 0 14008 0 14011
1403 13971 0 2 0 13973
1404 14006 1 0 0 14007
1405 14044 1 0 0 14045
1406 1 15 13829 0 13845
1407 0 13772 0 2 13774
1408 14017 0 1 0 14018
1409 13885 0 1 0 13886
1410 3 0 10 13851 13864
1411 11 0 13800 0 13811
1412 0 13574 0 4 13578
1413 1 13718 0 0 13719
1414 13877 0 7 0 13884
1415 8 0 13664 0 13672
1416 5 13583 0 2 13590
1417 13771 0 7 1 13779
1418 0 1 0 13695 13696
1419 13 0 13759 0 13772
1420 1 0 14670 1 14672
1421 0 1 14923 0 14924
1422 14961 0 21 0 14982
1423 15098 8 0 0 15106
1424 15129 0 1 0 15130
1425 15038 0 17 0 15055
1426 0 2 1 15039 15042
1427 14917 0 1 2 14920
1428 2 15007 0 2 15011
1429 15035 0 2 0 15037
1430 15067 0 0 1 15068
1431 14983 0 23 0 15006
1432 1 2 14924 0 14927
1433 1 0 0 14762 14763
1434 15131 1 10 1 15143
1435 15141 0 3 0 15144
1436 0 1 0 15040 15041
1437 14832 1 1 0 14834
1438 3 14984 0 2 14989
1439 0 15111 2 1 15114
1440 15204 0 4 0 15208
1441 15126 0 3 1 15130
1442 0 0 0 15207 15207
1443 15229 0 1 0 15230
1444 15064 0 0 0 15064
1445 0 15114 0 16 15130
1446 473 14730 0 4 15207
1447 15285 1 5 5 15296
1448 15147 0 2 0 15149
1449 3 15184 2 4 15193
1450 15264 0 1 0 15265
1451 12 1 15262 1 15276
1452 14996 0 9 2 15007
1453 3 0 15264 0 15267
1454 0 3 1 14868 14872
1455 15115 0 158 0 15273
1456 0 1 15348 0 15349
1457 1 1 0 15049 15051
1458 15386 0 4 0 15390
1459 15269 0 0 0 15269
1460 15250 0 2 0 15252
1461 0 0 0 15389 15389
1462 0 0 15434 0 15434
1463 15478 0 9 0 15487
1464 15568 0 1 0 15569
1465 15585 0 6 0 15591
1466 15676 0 1 0 15677
1467 15501 1 165 11 15678
1468 10 1 15699 0 15710
1469 0 0 15607 0 15607
1470 15540 1 11 2 15554
1471 1 0 16012 0 16013
1472 16183 0 6 1 16190
1473 16245 1 1 0 16247
1474 16243 0 1 10 16254
1475 6 0 16849 0 16855
1476 0 17 0 16507 16524
1477 0 3 0 16726 16729
1478 1 0 0 16853 16854
1479 8 16937 1 1 16947
1480 3 0 16986 0 16989
1481 16880 0 11 2 16893
1482 5 17184 0 2 17191
1483 17251 1 9 0 17261
1484 0 1 0 17172 17173
1485 6 0 17084 1 17091
1486 2 17012 0 0 17014
1487 2 0 0 17204 17206
1488 0 2 1 17289 17292
1489 1 5 0 17248 17254
1490 17161 1 2 2 17166
1491 2 17179 1 34 17216
1492 3 0 17192 1 17196
1493 3 1 16972 3 16979
1494 0 1 2 17134 17137
1495 17 17030 0 5 17052
1496 0 1 0 17295 17296
1497 2 0 17249 2 17253
1498 2 0 17057 0 17059
1499 0 17092 0 26 17118
1500 25 0 17253 15 17293
1501 8 0 17302 0 17310
1502 0 4 0 12756 12760
1503 0 4 1 16202 16207
1504 11449 0 0 10 11459
1505 16389 0 2 0 16391
1506 17238 0 0 0 17238
1507 3 0 11697 0 11700
1508 0 0 15680 2 15682
1509 13035 0 13 2 13050
1510 5 12448 0 2 12455
1511 15151 1 15 1 15168
1512 17370 4 5 0 17379
1513 6 2 0 11288 11296
1514 2 13032 0 1 13035
1515 4 24 2 13026 13056
1516 0 15267 0 2 15269
1517 13527 6 1 0 13534
1518 3 2 1 14329 14335
1519 7 13910 0 3 13920
1520 0 3 0 15853 15856
1521 263 0 12696 1 12960
1522 11892 15 18 8 11933
1523 4 0 14992 0 14996
1524 17 0 17117 1 17135
1525 0 2 17941 1 17944
1526 8 0 18352 0 18360
1527 10719 10 62 2 10793
1528 0 0 14275 0 14275
1529 12137 0 1 1 12139
1530 3 1 0 13555 13559
1531 14649 0 1 2 14652
1532 19 14180 0 1 14200
1533 0 5 0 15968 15973
1534 1 0 15353 3 15357
1535 12975 7 6 6 12994
1536 1 2 0 15500 15503
1537 0 0 15559 1 15560
1538 1 3 0 15441 15445
1539 0 1 0 17994 17995
1540 1 0 14053 0 14054
1541 11 8 0 15034 15053
1542 14857 1 3 0 14861
1543 18046 0 2 0 18048
1544 12 14702 0 3 14717
1545 16117 1 1 6 16125
1546 0 0 15924 4 15928
1547 0 5 0 13982 13987
1548 0 3 0 17648 17651
1549 2 0 14904 4 14910
1550 3 3 0 15202 15208
1551 15391 0 21 0 15412
1552 18532 0 1 7 18540
1553 42 15072 0 1 15115
1554 120 11 684 15855 16670
1555 0 3 0 19113 19116
1556 0 0 0 20107 20107
1557 2 7 0 20428 20437
1558 0 0 13421 10 13431
1559 13362 2 0 2 13366
1560 18029 0 5 0 18034
1561 0 0 0 16403 16403
1562 0 3 0 19483 19486
1563 0 0 1 20200 20201
1564 15404 0 5 3 15412
1565 1 0 14930 1 14932
1566 1 2 0 15098 15101
1567 16656 0 10 1 16667
1568 0 0 16498 0 16498
1569 0 1 0 15132 15133
1570 16346 1 6 1 16354
1571 4 16623 0 17 16644
1572 17753 0 0 0 17753
1573 15 4 16140 0 16159
1574 17059 0 1 4 17064
1575 2 1 1 15724 15728
1576 1 15953 0 163 16117
1577 0 18064 0 2 18066
1578 5 18939 2 0 18946
1579 16470 2 3 0 16475
1580 14 0 16882 0 16896
1581 16231 1 2 2 16236
1582 2 0 17371 2 17375
1583 0 4 4 14649 14657
1584 1 0 16793 0 16794
1585 19 8 18220 0 18247
1586 14264 1 5 6 14276
1587 1 15451 0 9 15461
1588 1 3 5 16002 16011
1589 1 17089 1 3 17094
1590 16300 0 6 2 16308
1591 0 0 17190 3 17193
1592 1 0 18268 3 18272
1593 15219 1 63 0 15283
1594 17997 0 0 1 17998
1595 18745 0 4 0 18749
1596 184 0 14713 0 14897
1597 0 9 0 14039 14048
1598 15 0 15437 0 15452
1599 27 0 17129 0 17156
1600 2 14605 1 7 14615
1601 4 17357 0 1 17362
1602 16043 1 2 0 16046
1603 18025 0 4 2 18031
1604 18624 0 1 0 18625
1605 18789 0 21 0 18810
1606 0 2 0 17124 17126
1607 17403 0 3 1 17407
1608 0 16 8 16931 16955
1609 16357 1 2 5 16365
1610 2 15459 0 12 15473
1611 2 3 0 16713 16718
1612 2 0 16368 3 16373
1613 3 4 3 15997 16007
1614 8 0 16936 0 16944
1615 1 1 1 15557 15560
1616 0 1 2 17575 17578
1617 0 1 0 18505 18506
1618 15322 0 1 0 15323
1619 1 0 15632 0 15633
1620 9 0 17524 3 17536
1621 14625 0 123 3 14751
1622 0 0 0 15583 15583
1623 0 35 1 17661 17697
1624 24 0 15188 0 15212
1625 1 0 17092 1 17094
1626 1 14714 7 1 14723
1627 1 1 8 14688 14698
1628 2 15546 1 5 15554
1629 1 17281 1 3 17286
1630 0 17968 0 7 17975
1631 0 3 3 16174 16180
1632 15694 0 1 0 15695
1633 2 0 0 16420 16422
1634 0 4 1 17616 17621
1635 0 7 1 18020 18028
1636 2 0 15818 1 15821
1637 0 0 1 15120 15121
1638 57 0 15808 0 15865
1639 14095 2 5 2 14104
1640 1 0 16093 0 16094
1641 1 1 2 14038 14042
1642 10 0 15619 1 15630
1643 2 0 16947 0 16949
1644 14 1 17422 1 17438
1645 14043 0 20 0 14063
1646 2 0 15547 1 15550
1647 1 0 16784 0 16785
1648 16 0 17592 0 17608
1649 14940 0 10 0 14950
1650 16717 0 4 0 16721
1651 17762 0 0 0 17762
1652 17893 0 2 0 17895
1653 17813 0 1 6 17820
1654 0 1 0 16056 16057
1655 1 15712 1 0 15714
1656 0 293 1 16143 16437
1657 2 0 16127 0 16129
1658 0 3 0 15629 15632
1659 12 0 15953 0 15965
1660 0 0 0 15118 15118
1661 15389 0 1 0 15390
1662 0 15876 0 1 15877
1663 1 1 0 16113 16115
1664 0 2 0 16748 16750
1665 5 0 14759 4 14768
1666 1 6 1 15007 15015
1667 15079 0 25 1 15105
1668 17 15258 1 0 15276
1669 2 3 0 15737 15742
1670 11 0 15039 1 15051
1671 1 15094 0 17 15112
1672 101 15931 0 11 16043
1673 1 1 15278 0 15280
1674 14601 0 50 1 14652
1675 0 0 15410 0 15410
1676 1 13 0 14306 14320
1677 11 0 14759 1 14771
1678 14565 0 1 3 14569
1679 15343 0 4 0 15347
1680 3 5 0 14890 14898
1681 1 0 14647 1 14649
1682 17 1 15092 2 15112
1683 83 14264 0 6 14353
1684 14122 0 5 1 14128
1685 1 14811 0 1 14813
1686 14845 0 3 0 14848
1687 15223 0 3 2 15228
1688 15523 0 7 0 15530
1689 0 2 0 15034 15036
1690 15277 0 1 0 15278
1691 15543 0 1 0 15544
1692 113 0 14499 0 14612
1693 14641 0 3 0 14644
1694 2 2 0 14039 14043
1695 0 14302 0 6 14308
1696 4 14928 0 1 14933
1697 14768 0 5 0 14773
1698 14957 0 0 0 14957
1699 14968 0 1 0 14969
1700 1 2 1 14482 14486
1701 10 0 14433 0 14443
1702 14127 0 0 0 14127
1703 14526 0 4 0 14530
1704 14734 0 2 2 14738
1705 0 2 5 14089 14096
1706 1 0 14188 4 14193
1707 0 0 14620 7 14627
1708 0 0 14722 5 14727
1709 1 0 14816 0 14817
1710 13845 0 7 0 13852
1711 14495 0 3 4 14502
1712 2 0 0 14359 14361
1713 2 0 14520 0 14522
1714 8 0 14724 0 14732
1715 14094 0 2 0 14096
1716 14538 0 6 0 14544
1717 1 0 14060 0 14061
1718 0 13919 0 2 13921
1719 0 3 0 14302 14305
1720 14469 0 2 2 14473
1721 0 1 14508 0 14509
1722 14389 0 0 4 14393
1723 14454 0 3 1 14458
1724 0 0 14285 0 14285
1725 14047 0 0 0 14047
1726 1 2 1 14150 14154
1727 0 0 14455 0 14455
1728 3 4 0 13966 13973
1729 0 3 0 14213 14216
1730 0 5 0 14358 14363
1731 4 0 13992 1 13997
1732 0 13908 1 1 13910
1733 0 0 1 13948 13949
1734 0 33 1 13849 13883
1735 10 13868 0 4 13882
1736 14022 0 2 1 14025
1737 13815 0 32 0 13847
1738 0 1 1 13770 13772
1739 2 13761 7 2 13772
1740 13897 0 10 1 13908
1741 13825 0 4 0 13829
1742 0 29 0 13640 13669
1743 11 1 13626 2 13640
1744 1 13496 0 4 13501
1745 13689 0 0 0 13689
1746 13548 0 1 2 13551
1747 4 13491 0 1 13496
1748 13609 0 0 2 13611
1749 13485 0 0 4 13489
1750 13417 2 2 0 13421
1751 0 4 0 13392 13396
1752 7 1 13419 13 13440
1753 0 0 13297 1 13298
1754 13296 0 0 0 13296
1755 19 0 13361 0 13380
1756 19 0 13208 0 13227
1757 6 13080 0 2 13088
1758 13328 0 18 0 13346
1759 13307 8 0 0 13315
1760 0 0 0 13265 13265
1761 0 7 1 13226 13234
1762 1 0 13277 2 13280
1763 0 3 0 13039 13042
1764 0 2 2 13157 13161
1765 1 0 13193 0 13194
1766 13132 0 0 0 13132
1767 13090 1 2 0 13093
1768 4 13202 0 3 13209
1769 13293 0 1 1 13295
1770 39 0 13103 1 13143
1771 0 0 12992 0 12992
1772 13149 0 1 0 13150
1773 13006 1 1 0 13008
1774 0 1 0 12759 12760
1775 1 12846 0 4 12851
1776 12834 1 0 1 12836
1777 0 1 0 12598 12599
1778 1 12735 0 1 12737
1779 73 0 12425 3 12501
1780 12410 0 1 0 12411
1781 0 0 1 12488 12489
1782 12483 0 0 1 12484
1783 1 12449 0 2 12452
1784 12695 0 2 2 12699
1785 12583 0 3 0 12586
1786 10 0 12587 0 12597
1787 2 0 12287 2 12291
1788 12299 0 29 1 12329
1789 0 1 6 12288 12295
1790 12593 3 0 1 12597
1791 1 1 0 12525 12527
1792 2 0 12364 2 12368
1793 12363 0 4 0 12367
1794 20 12350 0 6 12376
1795 12374 7 3 0 12384
1796 0 0 3 12278 12281
1797 4 0 12223 0 12227
1798 12068 0 19 2 12089
1799 1 12137 4 0 12142
1800 5 11690 0 311 12006
1801 12116 6 2 0 12124
1802 12070 1 1 2 12074
1803 12070 0 3 0 12073
1804 0 0 11995 0 11995
1805 1 11742 0 1 11744
1806 0 11847 0 3 11850
1807 20 8 6 11938 11972
1808 9 0 11993 14 12016
1809 10 40 5 11698 11753
1810 0 1 1 11752 11754
1811 0 0 1 11690 11691
1812 3 11691 0 6 11700
1813 11818 0 1 0 11819
1814 11712 11 33 0 11756
1815 5 8 11896 0 11909
1816 15 0 11739 2 11756
1817 4 0 11686 1 11691
1818 11597 10 8 9 11624
1819 2 0 11675 1 11678
1820 11570 0 7 0 11577
1821 0 11596 2 4 11602
1822 11695 0 0 1 11696
1823 2 0 11663 0 11665
1824 11408 0 129 0 11537
1825 9 1 11580 0 11590
1826 0 0 1 11281 11282
1827 11657 0 1 1 11659
1828 11713 0 0 0 11713
1829 11731 1 2 0 11734
1830 0 0 0 11655 11655
1831 11609 1 0 0 11610
1832 1 0 11300 0 11301
1833 8 10992 0 4 11004
1834 1 11067 0 2 11070
1835 14 11115 0 0 11129
1836 0 11407 0 1 11408
1837 12085 1 5 0 12091
1838 12129 0 3 0 12132
1839 12049 0 1 5 12055
1840 11846 0 1 0 11847
1841 24 12001 1 0 12026
1842 1 0 0 12083 12084
1843 0 1 0 12052 12053
1844 0 2 0 12000 12002
1845 0 12096 0 37 12133
1846 12226 0 2 0 12228
1847 1 0 12261 0 12262
1848 0 0 0 11928 11928
1849 12259 0 21 0 12280
1850 0 1 1 12360 12362
1851 0 3 2 12419 12424
1852 0 0 12362 5 12367
1853 0 0 12263 1 12264
1854 12255 0 1 0 12256
1855 12277 34 6 0 12317
1856 19 12206 1 0 12226
1857 2 2 0 12205 12209
1858 10 12224 1 2 12237
1859 12417 2 1 1 12421
1860 12273 0 40 2 12315
1861 1 0 12313 1 12315
1862 12107 0 5 0 12112
1863 12126 0 4 0 12130
1864 16 0 12114 3 12133
1865 11 0 12092 2 12105
1866 12130 1 2 1 12134
1867 12170 17 0 0 12187
1868 12183 0 1 1 12185
1869 12130 0 3 1 12134
1870 97 12083 0 1 12181
1871 0 2 5 12106 12113
1872 12230 0 0 0 12230
1873 22 1 12168 1 12192
1874 0 12 0 11948 11960
1875 12172 0 0 0 12172
1876 12162 1 4 1 12168
1877 12139 0 1 1 12141
1878 12108 0 63 0 12171
1879 4 0 12091 0 12095
1880 3 0 11829 0 11832
1881 11874 0 4 0 11878
1882 1 1 0 11722 11724
1883 4 11769 0 0 11773
1884 2 11896 1 5 11904
1885 0 2 0 11925 11927
1886 9 0 0 11926 11935
1887 0 2 0 11997 11999
1888 3 0 11926 3 11932
1889 1 0 11867 0 11868
1890 11897 1 1 0 11899
1891 12011 0 3 0 12014
1892 12018 0 0 0 12018
1893 11985 0 8 0 11993
1894 6 0 11878 0 11884
1895 0 11852 0 5 11857
1896 11832 0 0 0 11832
1897 2 11870 0 4 11876
1898 3 0 0 11916 11919
1899 11893 0 2 0 11895
1900 11859 0 2 5 11866
1901 0 0 11838 0 11838
1902 11810 0 7 0 11817
1903 6 2 11802 0 11810
1904 2 0 0 11337 11339
1905 11725 1 5 0 11731
1906 11620 46 0 0 11666
1907 1 0 0 11693 11694
1908 11690 0 0 0 11690
1909 0 0 2 11554 11556
1910 0 3 0 11611 11614
1911 0 3 0 11593 11596
1912 11485 9 0 1 11495
1913 0 11573 0 1 11574
1914 0 6 0 11596 11602
1915 11627 0 0 0 11627
1916 11587 0 0 0 11587
1917 11579 0 0 0 11579
1918 0 3 0 11670 11673
1919 0 0 11594 0 11594
1920 0 11621 0 2 11623
1921 0 12 0 11637 11649
1922 2 0 0 11769 11771
1923 4 0 11605 0 11609
1924 11764 0 7 1 11772
1925 0 7 8 11661 11676
1926 3 1 11623 8 11635
1927 1 11548 0 1 11550
1928 11449 0 1 1 11451
1929 5 11579 0 2 11586
1930 0 0 0 11664 11664
1931 11587 1 0 1 11589
1932 2 0 0 11612 11614
1933 0 0 11641 2 11643
1934 0 22 1 11539 11562
1935 11537 14 173 14 11738
1936 0 0 0 11720 11720
1937 0 0 3 11846 11849
1938 1 1 0 11905 11907
1939 2 0 11814 1 11817
1940 3 0 11824 1 11828
1941 11838 0 14 0 11852
1942 11924 0 4 0 11928
1943 11957 0 0 0 11957
1944 0 24 1 11956 11981
1945 3 1 12015 0 12019
1946 0 11679 0 32 11711
1947 1 11756 2 11 11770
1948 2 11685 0 1 11688
1949 11801 0 8 2 11811
1950 11787 0 0 0 11787
1951 0 0 0 11868 11868
1952 0 8 0 11942 11950
1953 6 0 11875 0 11881
1954 5 0 11825 2 11832
1955 11465 1 6 4 11476
1956 94 0 11673 3 11770
1957 1 0 11630 0 11631
1958 0 0 11582 2 11584
1959 0 0 11610 0 11610
1960 0 1 1 11349 11351
1961 1 1 1 11590 11593
1962 0 3 0 11701 11704
1963 11723 0 0 0 11723
1964 1 0 11662 1 11664
1965 0 1 1 11576 11578
1966 3 0 11731 7 11741
1967 1 11493 0 20 11514
1968 0 11614 0 12 11626
1969 5 0 11805 9 11819
1970 11651 0 0 0 11651
1971 30 0 11695 0 11725
1972 0 1 0 11628 11629
1973 3 11598 0 0 11601
1974 0 1 0 11736 11737
1975 11690 0 2 1 11693
1976 2 0 11743 6 11751
1977 30 1 11570 0 11601
1978 11412 1 4 2 11419
1979 0 0 11476 0 11476
1980 11319 1 0 1 11321
1981 1 11389 0 3 11393
1982 1 4 0 11506 11511
1983 0 0 0 11507 11507
1984 26 11339 2 0 11367
1985 1 1 0 11473 11475
1986 11260 0 17 1 11278
1987 1 11350 0 30 11381
1988 0 0 0 11450 11450
1989 11346 0 1 6 11353
1990 0 0 0 11476 11476
1991 0 0 0 11526 11526
1992 0 0 11488 4 11492
1993 11306 1 2 0 11309
1994 1 2 0 11386 11389
1995 0 195 0 11147 11342
1996 6 11274 1 8 11289
1997 11317 0 2 0 11319
1998 11198 1 54 0 11253
1999 4 0 11221 0 11225
2000 2 11052 6 0 11060
2001 11167 1 1 3 11172
2002 0 0 1 11081 11082
2003 2 11 1 11113 11127
2004 11143 0 5 2 11150
2005 10995 0 5 1 11001
2006 10957 1 0 0 10958
2007 2 0 10797 0 10799
2008 0 0 10736 0 10736
2009 10644 0 1 0 10645
2010 0 10640 0 0 10640
2011 10764 0 3 0 10767
2012 12 0 10728 0 10740
2013 10735 0 0 8 10743
2014 10710 1 5 2 10718
2015 10672 0 6 0 10678
2016 0 0 10573 1 10574
2017 0 0 10477 0 10477
2018 183 0 10259 0 10442
2019 0 3 0 10192 10195
2020 3 10183 0 2 10188
2021 4 10323 0 1 10328
2022 0 2 1 10387 10390
2023 0 0 0 10472 10472
2024 2 0 10392 0 10394
2025 0 0 10248 7 10255
2026 0 0 10182 0 10182
2027 2 3 1 9675 9681
2028 2 0 9977 7 9986
2029 0 0 1 9835 9836
2030 0 16 1 9924 9941
2031 1 9901 0 8 9910
2032 30 0 9769 0 9799
2033 9427 0 11 0 9438
2034 1 9604 0 2 9607
2035 1 12 0 9591 9604
2036 0 24 0 9616 9640
2037 9439 0 12 0 9451
2038 0 0 9446 0 9446
2039 9279 0 34 0 9313
2040 39 0 9305 0 9344
2041 0 0 9239 0 9239
2042 1 0 9264 0 9265
2043 9254 0 1 1 9256
2044 9235 0 1 1 9237
2045 0 1 1 9254 9256
2046 13 0 9138 0 9151
2047 0 0 1 8931 8932
2048 8982 0 0 1 8983
2049 0 9 1 8921 8931
2050 0 3 0 8955 8958
2051 1 8852 0 0 8853
2052 0 0 0 8921 8921
2053 0 0 8818 2 8820
2054 0 0 8746 0 8746
2055 8572 2 9 1 8584
2056 8619 0 0 0 8619
2057 0 1 1 8607 8609
2058 8559 0 1 0 8560
2059 0 0 8490 0 8490
2060 8458 0 0 2 8460
2061 8282 0 50 0 8332
2062 0 0 8328 1 8329
2063 8197 0 1 0 8198
2064 8183 0 0 1 8184
2065 1 2 0 8225 8228
2066 0 0 8187 0 8187
2067 0 5 0 8034 8039
2068 8139 0 2 1 8142
2069 0 0 1 8060 8061
2070 0 2 0 8063 8065
2071 8008 0 0 0 8008
2072 22 0 7837 0 7859
2073 26 7748 0 1 7775
2074 7861 0 0 1 7862
2075 7715 0 15 1 7731
2076 1 7637 0 0 7638
2077 7722 0 0 0 7722
2078 7306 0 4 0 7310
2079 1 7465 0 22 7488
2080 1 7428 0 0 7429
2081 3 7436 0 1 7440
2082 0 2 2 7487 7491
2083 0 0 1 7457 7458
2084 0 0 7427 0 7427
2085 0 0 7393 2 7395
2086 0 0 7344 0 7344
2087 0 2 2 6979 6983
2088 2 1 7266 0 7269
2089 7232 0 25 0 7257
2090 7 6 0 7207 7220
2091 7133 0 6 0 7139
2092 1 7096 8 2 7107
2093 7151 2 1 0 7154
2094 3 1 7137 0 7141
2095 6960 0 1 0 6961
2096 0 0 7014 0 7014
2097 0 1 4 6732 6737
2098 9 0 6853 0 6862
2099 0 37 0 6675 6712
2100 6784 0 24 0 6808
2101 0 1 1 6719 6721
2102 6639 0 3 0 6642
2103 0 6549 0 40 6589
2104 0 2 0 6630 6632
2105 1 0 6533 0 6534
2106 0 0 6479 0 6479
2107 0 1 0 6340 6341
2108 0 0 0 6322 6322
2109 0 6285 0 3 6288
2110 6354 0 0 0 6354
2111 6298 0 0 0 6298
2112 0 0 1 6285 6286
2113 2 0 6292 0 6294
2114 6161 0 0 2 6163
2115 6153 0 2 0 6155
2116 0 0 1 6150 6151
2117 0 0 6166 0 6166
2118 0 0 6141 0 6141
2119 0 4 0 5985 5989
2120 0 1 0 6051 6052
2121 1 0 5955 0 5956
2122 52 0 5804 0 5856
2123 4 0 5772 0 5776
2124 0 5582 7 0 5589
2125 0 18 0 5781 5799
2126 0 0 0 5832 5832
2127 1 1 0 5844 5846
2128 2 0 5833 0 5835
2129 5715 1 0 0 5716
2130 5714 0 0 0 5714
2131 5698 0 0 0 5698
2132 5688 0 1 0 5689
2133 32 0 5596 0 5628
2134 0 0 5634 0 5634
2135 5556 0 0 0 5556
2136 2 0 5527 2 5531
2137 2 0 5513 0 5515
2138 1 0 5450 0 5451
2139 4 0 5488 0 5492
2140 5449 0 5 0 5454
2141 0 0 5459 21 5480
2142 7 2 0 5322 5331
2143 5429 0 4 0 5433
2144 5440 0 4 0 5444
2145 5368 0 43 0 5411
2146 370 0 4999 0 5369
2147 0 29 1 5035 5065
2148 12 0 5150 3 5165
2149 0 1 0 5124 5125
2150 0 2 0 5259 5261
2151 2 0 5196 0 5198
2152 0 0 5109 0 5109
2153 5144 0 0 0 5144
2154 5105 0 1 0 5106
2155 0 2 0 5033 5035
2156 1 5033 0 2 5036
2157 5048 0 3 0 5051
2158 0 0 5056 4 5060
2159 1 0 2 4953 4956
2160 106 0 4880 0 4986
2161 7 1 4960 2 4970
2162 4913 0 0 0 4913
2163 0 0 0 4922 4922
2164 1 0 4914 0 4915
2165 4883 0 1 0 4884
2166 4834 0 8 0 4842
2167 76 0 4756 0 4832
2168 0 18 0 4745 4763
2169 4787 0 9 0 4796
2170 4779 0 7 0 4786
2171 1 1 0 4764 4766
2172 1 0 4711 0 4712
2173 1 0 4704 0 4705
2174 4689 0 2 0 4691
2175 0 1 0 4680 4681
2176 162 0 4503 0 4665
2177 4698 0 0 0 4698
2178 4674 0 0 0 4674
2179 0 0 0 4624 4624
2180 4643 0 0 0 4643
2181 4617 0 0 0 4617
2182 11 0 0 0 11
