0 0 0 0 0 0
1 2299 0 0 0 2299
2 0 0 0 2345 2345
3 0 0 2451 0 2451
4 0 0 2492 0 2492
5 2473 0 0 0 2473
6 0 1 0 2506 2507
7 2534 0 0 0 2534
8 0 2606 0 1 2607
9 0 0 0 2853 2853
10 0 0 0 2858 2858
11 0 2 0 2919 2921
12 0 1 1 2932 2934
13 2918 0 0 30 2948
14 0 0 0 2926 2926
15 0 0 0 2942 2942
16 2947 0 0 0 2947
17 0 2951 0 1 2952
18 3004 0 0 0 3004
19 2992 0 0 0 2992
20 0 0 3038 0 3038
21 3021 0 0 0 3021
22 3047 0 0 0 3047
23 3057 0 0 0 3057
24 0 3071 0 0 3071
25 0 1 0 3083 3084
26 0 0 0 3077 3077
27 0 3119 0 0 3119
28 0 3137 0 0 3137
29 3105 2 0 0 3107
30 0 0 3100 0 3100
31 3089 0 1 0 3090
32 0 3113 0 0 3113
33 0 73 1 3059 3133
34 3114 0 0 0 3114
35 1 3112 0 0 3113
36 3082 0 0 0 3082
37 3067 0 0 0 3067
38 0 0 0 3110 3110
39 3111 0 0 0 3111
40 3196 0 0 0 3196
41 0 0 0 3208 3208
42 3148 0 0 0 3148
43 0 3298 1 0 3299
44 3317 0 1 1 3319
45 3382 0 0 0 3382
46 3357 0 0 0 3357
47 3337 0 0 0 3337
48 0 0 3302 0 3302
49 0 0 3266 0 3266
50 1 3324 0 0 3325
51 0 3489 0 1 3490
52 3485 0 1 0 3486
53 3443 0 58 0 3501
54 3499 0 0 0 3499
55 3491 0 0 0 3491
56 3512 0 0 1 3513
57 0 3507 0 0 3507
58 3547 0 0 0 3547
59 0 3521 0 0 3521
60 3527 0 0 0 3527
61 3507 1 1 0 3509
62 0 1 0 3475 3476
63 0 0 3450 0 3450
64 0 0 3551 0 3551
65 3 3625 0 0 3628
66 3766 0 0 0 3766
67 0 0 3749 0 3749
68 3675 0 0 0 3675
69 3764 0 0 0 3764
70 1 1 0 3771 3773
71 0 0 0 3787 3787
72 0 2 0 3784 3786
73 3782 0 1 0 3783
74 0 0 3764 1 3765
75 0 1 0 3717 3718
76 1 0 3725 0 3726
77 3769 0 0 0 3769
78 3798 0 0 0 3798
79 0 0 3749 0 3749
80 3745 0 1 0 3746
81 0 0 0 3758 3758
82 0 3751 0 11 3762
83 0 3792 0 1 3793
84 0 0 0 3798 3798
85 0 0 3804 0 3804
86 3806 0 1 0 3807
87 3812 0 0 0 3812
88 1 0 0 3804 3805
89 0 0 0 3866 3866
90 1 0 3855 0 3856
91 1 3882 0 1 3884
92 3899 0 1 0 3900
93 3892 0 0 1 3893
94 0 3892 0 0 3892
95 0 3911 0 0 3911
96 3936 0 0 0 3936
97 0 0 3901 0 3901
98 0 3899 0 0 3899
99 3950 0 2 0 3952
100 3931 0 4 0 3935
101 0 0 1 3914 3915
102 0 0 3896 0 3896
103 0 3911 0 0 3911
104 0 1 0 3927 3928
105 3941 0 0 0 3941
106 0 0 0 3938 3938
107 0 0 0 3934 3934
108 0 3928 0 4 3932
109 3941 0 0 0 3941
110 3926 0 1 0 3927
111 1 0 0 3935 3936
112 3947 0 0 0 3947
113 0 0 0 3955 3955
114 68 3871 0 0 3939
115 1 6 0 3934 3941
116 0 0 3900 0 3900
117 0 3926 0 1 3927
118 1 0 3918 0 3919
119 0 1 0 3928 3929
120 0 3936 0 0 3936
121 0 3941 0 0 3941
122 3962 0 0 1 3963
123 0 0 0 3992 3992
124 0 4001 0 0 4001
125 0 0 0 3998 3998
126 3914 0 0 0 3914
127 0 0 4079 0 4079
128 3976 0 2 0 3978
129 0 0 4124 0 4124
130 0 0 4154 0 4154
131 0 0 0 4042 4042
132 0 105 0 4062 4167
133 0 1 0 4222 4223
134 0 0 4224 1 4225
135 0 4431 0 0 4431
136 0 1 0 4473 4474
137 4466 0 0 0 4466
138 0 0 0 4510 4510
139 0 0 4538 0 4538
140 0 0 0 4429 4429
141 4487 1 0 0 4488
142 4506 0 0 0 4506
143 0 0 0 4662 4662
144 4662 0 0 0 4662
145 4649 0 0 0 4649
146 1 0 4684 0 4685
147 0 0 0 4609 4609
148 0 0 4778 0 4778
149 4838 0 0 4 4842
150 0 4866 0 0 4866
151 4875 0 0 1 4876
152 0 0 0 4939 4939
153 0 0 5121 0 5121
154 5108 0 0 0 5108
155 5191 0 0 0 5191
156 1 1 0 5289 5291
157 0 2 0 5325 5327
158 0 0 0 5321 5321
159 0 11 0 5252 5263
160 68 5158 0 2 5228
161 0 0 0 5233 5233
162 0 1 0 5318 5319
163 0 0 5370 0 5370
164 5218 0 75 0 5293
165 0 5305 0 1 5306
166 1 0 5346 0 5347
167 5234 1 26 0 5261
168 5287 0 0 0 5287
169 0 0 5339 1 5340
170 5213 0 0 0 5213
171 5312 0 1 0 5313
172 2 0 5497 0 5499
173 0 0 5502 1 5503
174 5461 0 0 0 5461
175 5563 0 0 0 5563
176 5551 0 0 0 5551
177 5582 0 2 0 5584
178 0 0 5578 1 5579
179 0 5550 0 1 5551
180 5615 0 0 0 5615
181 1 0 0 5653 5654
182 5655 0 0 0 5655
183 0 0 0 5655 5655
184 5673 0 1 1 5675
185 0 5657 1 0 5658
186 5654 0 0 0 5654
187 0 0 5623 0 5623
188 0 5567 0 1 5568
189 5485 0 0 0 5485
190 0 1 28 5461 5490
191 0 0 0 5507 5507
192 5521 0 0 0 5521
193 1 0 5478 0 5479
194 5458 0 0 0 5458
195 5474 0 0 1 5475
196 0 0 5452 0 5452
197 1 0 5372 0 5373
198 5359 0 1 2 5362
199 0 5520 0 0 5520
200 5535 52 59 0 5646
201 5606 0 0 0 5606
202 0 0 5542 1 5543
203 0 0 5680 26 5706
204 0 0 5764 0 5764
205 5847 1 0 0 5848
206 5920 0 0 0 5920
207 5792 0 0 0 5792
208 0 3 5808 0 5811
209 5801 0 1 0 5802
210 5809 0 0 0 5809
211 0 6407 0 0 6407
212 6672 0 0 0 6672
213 6667 0 1 0 6668
214 6531 0 0 0 6531
215 6546 0 1 0 6547
216 0 6822 0 0 6822
217 0 0 0 6772 6772
218 1 1 0 6840 6842
219 0 0 6792 0 6792
220 6732 0 0 0 6732
221 0 0 6667 0 6667
222 6654 0 0 0 6654
223 0 6583 0 0 6583
224 0 6590 0 0 6590
225 6595 0 1 0 6596
226 0 6581 0 0 6581
227 6579 0 0 0 6579
228 6618 0 0 1 6619
229 0 0 0 6646 6646
230 6611 1 0 0 6612
231 0 1 0 6661 6662
232 0 0 6649 0 6649
233 6539 1 1 0 6541
234 6563 1 1 0 6565
235 1 0 6616 0 6617
236 0 1 0 5971 5972
237 6712 0 1 0 6713
238 6780 1 0 0 6781
239 0 1 0 6757 6758
240 1 1 0 6812 6814
241 0 0 6653 0 6653
242 6597 0 0 0 6597
243 0 0 6694 0 6694
244 0 0 6715 0 6715
245 0 0 6568 0 6568
246 6644 0 0 0 6644
247 6508 0 0 0 6508
248 0 0 0 6422 6422
249 2 0 6461 0 6463
250 8 6532 0 7 6547
251 0 6575 0 3 6578
252 6623 0 1 0 6624
253 6578 2 0 0 6580
254 0 0 6624 0 6624
255 6638 0 1 0 6639
256 6593 0 0 0 6593
257 0 6642 0 0 6642
258 0 6591 0 1 6592
259 6631 0 1 0 6632
260 0 1 0 6551 6552
261 6528 2 0 0 6530
262 0 2 6482 0 6484
263 16 6422 0 2 6440
264 6512 1 20 1 6534
265 0 1 0 6529 6530
266 0 0 6528 1 6529
267 0 0 6472 0 6472
268 6469 0 0 0 6469
269 0 0 0 6472 6472
270 0 1 6487 0 6488
271 1 0 6466 0 6467
272 0 1 0 6478 6479
273 0 6534 0 0 6534
274 0 6580 0 0 6580
275 6637 0 0 0 6637
276 1 0 6719 0 6720
277 6616 1 1 0 6618
278 24 0 6669 0 6693
279 6824 0 0 0 6824
280 0 1 0 6847 6848
281 0 6840 0 0 6840
282 0 6900 0 0 6900
283 0 0 0 6870 6870
284 0 1 0 6890 6891
285 6926 0 1 0 6927
286 0 0 6891 0 6891
287 0 6900 0 0 6900
288 0 1 0 6880 6881
289 0 6936 0 1 6937
290 7018 0 0 1 7019
291 7032 0 0 0 7032
292 0 0 7034 0 7034
293 6988 0 0 0 6988
294 55 1 6799 0 6855
295 0 6853 0 1 6854
296 6911 12 1 9 6933
297 0 0 0 6907 6907
298 0 0 6917 0 6917
299 2 0 6884 0 6886
300 6814 0 36 0 6850
301 6884 0 0 0 6884
302 0 0 0 6920 6920
303 6919 0 1 2 6922
304 5 0 6932 0 6937
305 6875 0 1 0 6876
306 0 0 6886 0 6886
307 6757 0 0 0 6757
308 0 6711 0 0 6711
309 0 2 0 6514 6516
310 0 6544 0 0 6544
311 0 6538 0 0 6538
312 0 6723 0 1 6724
313 6737 0 0 1 6738
314 6499 1 0 2 6502
315 0 0 6535 0 6535
316 0 0 0 6355 6355
317 6518 1 1 0 6520
318 0 0 0 6449 6449
319 0 6470 0 0 6470
320 1 3 0 6502 6506
321 3 0 6495 0 6498
322 2 0 6552 0 6554
323 0 6483 0 2 6485
324 0 0 0 6557 6557
325 1 0 6571 1 6573
326 6372 1 0 0 6373
327 0 1 1 6493 6495
328 0 0 0 6553 6553
329 0 1 0 6692 6693
330 1 0 6816 1 6818
331 0 0 0 6757 6757
332 0 0 0 6872 6872
333 0 0 0 6956 6956
334 1 0 6955 0 6956
335 6952 0 0 0 6952
336 0 0 0 6960 6960
337 0 0 0 7098 7098
338 6962 0 1 0 6963
339 0 7010 0 29 7039
340 7123 0 2 0 7125
341 7098 0 0 0 7098
342 6997 0 1 0 6998
343 6997 0 0 1 6998
344 2 6984 0 0 6986
345 2 6991 0 0 6993
346 7033 0 15 0 7048
347 7012 0 0 0 7012
348 7020 0 0 0 7020
349 6993 0 0 0 6993
350 0 0 7128 0 7128
351 6971 1 0 1 6973
352 0 3 0 6999 7002
353 0 107 0 6946 7053
354 0 0 0 7092 7092
355 6971 0 0 0 6971
356 1 0 0 6947 6948
357 7024 0 0 72 7096
358 0 0 7012 0 7012
359 7017 0 1 0 7018
360 7028 0 0 0 7028
361 0 0 6889 0 6889
362 0 2 1 6709 6712
363 0 1 1 6776 6778
364 0 0 6734 0 6734
365 3 0 6870 0 6873
366 6842 0 1 1 6844
367 6908 0 0 4 6912
368 2 0 0 6740 6742
369 6725 0 1 0 6726
370 6705 0 1 0 6706
371 0 6658 0 0 6658
372 6704 0 0 0 6704
373 6687 0 0 0 6687
374 6659 2 1 0 6662
375 6 0 6648 0 6654
376 0 0 6755 0 6755
377 0 0 6612 0 6612
378 6524 0 0 0 6524
379 0 0 0 6603 6603
380 0 0 0 6740 6740
381 1663 0 5002 1 6666
382 48 0 6565 21 6634
383 0 6742 0 0 6742
384 0 2 0 6889 6891
385 3 0 6905 1 6909
386 6809 0 0 0 6809
387 0 0 0 6646 6646
388 0 0 6610 2 6612
389 6463 0 0 1 6464
390 0 2 1 6501 6504
391 0 1 0 6519 6520
392 6496 0 0 0 6496
393 0 6838 0 1 6839
394 0 0 0 7003 7003
395 0 0 0 7198 7198
396 0 0 1 7303 7304
397 0 1 0 7500 7501
398 1 0 7419 1 7421
399 2 0 7661 0 7663
400 7535 0 1 0 7536
401 7679 0 0 0 7679
402 7760 0 1 0 7761
403 7800 0 1 0 7801
404 7764 0 1 0 7765
405 0 0 7744 0 7744
406 7663 0 0 0 7663
407 7742 0 0 0 7742
408 7981 0 0 0 7981
409 0 0 8241 0 8241
410 8152 0 1 0 8153
411 8255 0 1 0 8256
412 8284 0 0 0 8284
413 8384 1 0 0 8385
414 8369 0 1 1 8371
415 1 2 0 8230 8233
416 0 2 3 8411 8416
417 2 0 8390 1 8393
418 0 3 8433 2 8438
419 1 0 8268 1 8270
420 8280 0 0 1 8281
421 8352 0 0 0 8352
422 8342 0 0 0 8342
423 0 0 1 8260 8261
424 8257 1 0 0 8258
425 1 0 8002 3 8006
426 0 8012 0 2 8014
427 8092 0 1 0 8093
428 2 0 2 8071 8075
429 1 0 8167 0 8168
430 0 0 8201 0 8201
431 8136 0 1 0 8137
432 8161 0 2 0 8163
433 0 8329 0 0 8329
434 0 1 0 8330 8331
435 1 0 8323 0 8324
436 8247 0 0 0 8247
437 0 0 1 8358 8359
438 1 0 8410 0 8411
439 8392 0 0 1 8393
440 0 2 1 8343 8346
441 8319 0 0 0 8319
442 1 2 0 8284 8287
443 1 0 1 8269 8271
444 0 8275 1 2 8278
445 8222 0 13 0 8235
446 2 0 8236 0 8238
447 0 8484 0 1 8485
448 1 0 0 8566 8567
449 8598 0 1 0 8599
450 0 8550 0 0 8550
451 8579 0 1 0 8580
452 8613 0 0 1 8614
453 2 0 0 8484 8486
454 0 8614 0 0 8614
455 8654 0 5 0 8659
456 8603 0 0 0 8603
457 1 0 8596 1 8598
458 8470 0 0 0 8470
459 0 8492 0 3 8495
460 5 0 0 8501 8506
461 8454 1 1 0 8456
462 1 8591 0 11 8603
463 2 1 0 8477 8480
464 2 8710 0 0 8712
465 3 1 8771 0 8775
466 0 0 0 8705 8705
467 1 0 0 8779 8780
468 8779 0 0 0 8779
469 8737 0 0 1 8738
470 0 0 8823 0 8823
471 0 0 0 8462 8462
472 8657 0 74 0 8731
473 8770 0 1 0 8771
474 0 2 0 8836 8838
475 1 0 8840 0 8841
476 8777 1 2 2 8782
477 8717 0 2 3 8722
478 0 1 1 8698 8700
479 1 8707 0 0 8708
480 0 8676 0 0 8676
481 0 0 0 8717 8717
482 0 8799 0 1 8800
483 8851 0 0 0 8851
484 0 1 0 8859 8860
485 0 1 0 8965 8966
486 0 0 8946 1 8947
487 1 0 8935 0 8936
488 8754 0 0 2 8756
489 0 4 0 8931 8935
490 2 0 8972 1 8975
491 8850 0 0 0 8850
492 0 0 9004 1 9005
493 1 0 8955 0 8956
494 8848 0 1 0 8849
495 8868 1 0 1 8870
496 3 0 8905 0 8908
497 0 0 8856 1 8857
498 2 0 8930 0 8932
499 8819 0 1 0 8820
500 8861 0 1 0 8862
501 8813 0 1 0 8814
502 0 0 8822 0 8822
503 1 0 8746 0 8747
504 3 0 8730 27 8760
505 8703 0 33 1 8737
506 2 0 8776 0 8778
507 8772 0 2 0 8774
508 0 0 8771 0 8771
509 0 1 2 8699 8702
510 896 0 7896 0 8792
511 3 8603 0 0 8606
512 0 0 2 8781 8783
513 8817 0 0 0 8817
514 8749 0 0 0 8749
515 0 0 8811 0 8811
516 1 8862 0 5 8868
517 8973 0 2 0 8975
518 29 0 8819 0 8848
519 8695 0 150 2 8847
520 2 8797 0 0 8799
521 0 1 0 8717 8718
522 0 8782 0 2 8784
523 8812 0 0 0 8812
524 2 8889 0 1 8892
525 8991 0 0 0 8991
526 0 0 8920 0 8920
527 8896 0 0 0 8896
528 8813 0 0 0 8813
529 4 8779 0 0 8783
530 1 0 0 8728 8729
531 0 0 2 8546 8548
532 1 8740 0 2 8743
533 8801 0 2 0 8803
534 34 0 8721 0 8755
535 0 0 8691 1 8692
536 3 8583 0 1 8587
537 0 0 1 8759 8760
538 2 0 8720 0 8722
539 8672 0 0 0 8672
540 8712 0 0 0 8712
541 0 2 2 8657 8661
542 1 0 2 8693 8696
543 8685 0 1 0 8686
544 8566 0 0 0 8566
545 0 0 8603 0 8603
546 1 1 0 8164 8166
547 1 8339 0 0 8340
548 1 98 0 8227 8326
549 151 0 8184 0 8335
550 8360 0 0 0 8360
551 8323 1 1 0 8325
552 8172 0 1 0 8173
553 8068 0 0 0 8068
554 8064 1 1 0 8066
555 1 1 0 7932 7934
556 0 160 2 7737 7899
557 0 0 0 7754 7754
558 7758 0 0 0 7758
559 0 0 0 7815 7815
560 1 0 7803 0 7804
561 0 0 7840 0 7840
562 2 7802 0 3 7807
563 8042 0 3 1 8046
564 7984 0 0 0 7984
565 0 0 8288 0 8288
566 0 0 2 8016 8018
567 0 2 2 8105 8109
568 2 8169 0 2 8173
569 1 6 0 8194 8201
570 3 8227 0 25 8255
571 8329 0 2 1 8332
572 0 1 0 8289 8290
573 8343 0 0 0 8343
574 0 0 8293 0 8293
575 1 0 7999 0 8000
576 7958 0 0 0 7958
577 0 0 8054 0 8054
578 8011 0 1 0 8012
579 7976 0 0 0 7976
580 1 1 8011 1 8014
581 7893 0 0 0 7893
582 7866 0 1 1 7868
583 0 0 7946 0 7946
584 7920 0 0 0 7920
585 0 0 1 7894 7895
586 0 0 7992 0 7992
587 0 0 0 7923 7923
588 0 2 0 7845 7847
589 0 0 7826 0 7826
590 7728 0 0 0 7728
591 7656 0 4 0 7660
592 7689 1 1 2 7693
593 7721 0 0 0 7721
594 1 0 7895 0 7896
595 1 0 7814 0 7815
596 0 0 7763 0 7763
597 7806 0 43 0 7849
598 7802 0 1 0 7803
599 0 0 0 7842 7842
600 0 1 0 7861 7862
601 164 0 7573 0 7737
602 7691 0 1 0 7692
603 0 0 0 7714 7714
604 0 0 0 7783 7783
605 0 0 0 7835 7835
606 0 26 0 7785 7811
607 7895 0 0 0 7895
608 7842 1 8 0 7851
609 7731 0 1 0 7732
610 0 7741 0 0 7741
611 0 4 0 7679 7683
612 1 1 0 7692 7694
613 0 0 7745 0 7745
614 0 1 7484 0 7485
615 7471 0 1 0 7472
616 0 7549 0 1 7550
617 7480 0 0 0 7480
618 0 0 7356 1 7357
619 7370 0 1 0 7371
620 0 7347 0 0 7347
621 7508 0 2 0 7510
622 7434 0 1 1 7436
623 1 1 0 7395 7397
624 7448 0 1 0 7449
625 0 3 0 7419 7422
626 1 7342 0 0 7343
627 0 3 0 7133 7136
628 7093 0 0 0 7093
629 0 0 7052 0 7052
630 6992 0 0 0 6992
631 2 6700 0 246 6948
632 0 0 0 7017 7017
633 7026 0 3 0 7029
634 7035 0 1 0 7036
635 0 0 6893 0 6893
636 6677 0 0 1 6678
637 16 0 6823 0 6839
638 6905 0 0 0 6905
639 1 1 0 6738 6740
640 6811 0 0 0 6811
641 2 0 1 6773 6776
642 6857 1 72 0 6930
643 0 0 0 6792 6792
644 0 6833 0 0 6833
645 0 0 0 6844 6844
646 0 0 6878 0 6878
647 0 1 0 6866 6867
648 0 0 0 6822 6822
649 0 6704 0 0 6704
650 59 6650 0 0 6709
651 6828 0 2 0 6830
652 0 0 7096 0 7096
653 0 6896 0 74 6970
654 0 7104 0 1 7105
655 1 0 7097 0 7098
656 1 0 7322 0 7323
657 0 1 0 7212 7213
658 0 0 0 7334 7334
659 2 1 0 7221 7224
660 0 7227 0 119 7346
661 0 142 0 7142 7284
662 1 7325 0 0 7326
663 0 7369 0 2 7371
664 7385 1 0 0 7386
665 7317 1 27 0 7345
666 0 56 1 7328 7385
667 0 0 1 7416 7417
668 1 3 0 7311 7315
669 0 3 0 7434 7437
670 2 0 7458 2 7462
671 7268 0 0 0 7268
672 7357 0 0 0 7357
673 0 0 7345 0 7345
674 0 0 7285 0 7285
675 7344 0 0 0 7344
676 7394 0 0 0 7394
677 0 0 0 7397 7397
678 0 0 7311 0 7311
679 7200 0 0 0 7200
680 0 0 7367 1 7368
681 1 0 7266 0 7267
682 7347 0 0 0 7347
683 0 0 7426 0 7426
684 0 7640 0 0 7640
685 0 2 1 7696 7699
686 7721 0 0 2 7723
687 0 7744 0 0 7744
688 7658 0 1 1 7660
689 0 0 0 7691 7691
690 7724 0 0 0 7724
691 0 0 7848 0 7848
692 7896 0 0 0 7896
693 0 7902 0 52 7954
694 7988 0 1 0 7989
695 7823 0 0 0 7823
696 1 2 0 7821 7824
697 7824 0 1 0 7825
698 0 0 497 7308 7805
699 7808 0 4 0 7812
700 2 0 7535 0 7537
701 7472 0 1 0 7473
702 0 7536 0 4 7540
703 0 7260 0 181 7441
704 0 7527 0 0 7527
705 7680 0 1 0 7681
706 7640 0 2 0 7642
707 7653 0 1 0 7654
708 7645 0 0 0 7645
709 0 0 7640 0 7640
710 0 0 7603 0 7603
711 7482 0 2 1 7485
712 0 0 7614 0 7614
713 0 7630 0 0 7630
714 7783 0 0 0 7783
715 7741 0 2 0 7743
716 0 0 0 7723 7723
717 7820 0 0 1 7821
718 0 0 7729 0 7729
719 7784 0 0 0 7784
720 0 0 7991 2 7993
721 7933 0 2 2 7937
722 1 0 7894 0 7895
723 7958 0 1 0 7959
724 7958 0 1 0 7959
725 7915 0 2 1 7918
726 0 1 0 7909 7910
727 0 7969 0 5 7974
728 0 0 0 8040 8040
729 8068 0 0 0 8068
730 0 0 8056 0 8056
731 0 8008 1 1 8010
732 8045 0 0 0 8045
733 8008 0 2 0 8010
734 0 1 8164 0 8165
735 1 0 8076 1 8078
736 8059 0 0 0 8059
737 0 1 0 8038 8039
738 0 0 8033 0 8033
739 1 2 0 7942 7945
740 0 7993 0 3 7996
741 1 2 0 7909 7912
742 0 7856 0 2 7858
743 0 7534 0 1 7535
744 0 7590 0 0 7590
745 0 28 1 7543 7572
746 1 0 1 7620 7622
747 7674 1 1 81 7757
748 1 0 7702 0 7703
749 1 0 0 7581 7582
750 7767 0 0 1 7768
751 0 1 0 7707 7708
752 0 7757 0 3 7760
753 7756 0 0 0 7756
754 0 0 7905 0 7905
755 1 0 0 7926 7927
756 0 8108 0 0 8108
757 7896 1 74 1 7972
758 0 7940 0 0 7940
759 7809 0 0 2 7811
760 0 7925 0 0 7925
761 0 7953 0 0 7953
762 0 67 0 7867 7934
763 8023 0 1 0 8024
764 8028 0 0 0 8028
765 8015 0 1 0 8016
766 7992 0 0 0 7992
767 8088 0 2 0 8090
768 0 0 8049 0 8049
769 2 0 0 7837 7839
770 0 41 0 8022 8063
771 7996 0 94 0 8090
772 8212 0 1 1 8214
773 0 8226 0 20 8246
774 8290 0 0 0 8290
775 0 0 0 8199 8199
776 0 0 8093 0 8093
777 0 0 7870 0 7870
778 0 0 7835 0 7835
779 7997 0 2 0 7999
780 0 0 8052 1 8053
781 0 0 7751 0 7751
782 7724 1 0 0 7725
783 24 7775 0 0 7799
784 0 7882 1 0 7883
785 0 0 0 7918 7918
786 7873 0 0 0 7873
787 7811 0 1 0 7812
788 1 0 7805 0 7806
789 7746 0 0 0 7746
790 0 7911 0 1 7912
791 0 8002 0 1 8003
792 8021 0 1 1 8023
793 7904 0 0 0 7904
794 2 0 0 8024 8026
795 8018 0 29 62 8109
796 0 1 8026 0 8027
797 0 0 7904 0 7904
798 1 185 7695 0 7881
799 0 7983 0 0 7983
800 0 8086 0 1 8087
801 0 4 0 8096 8100
802 0 8105 0 0 8105
803 8077 0 15 0 8092
804 61 8111 0 2 8174
805 8142 0 1 0 8143
806 0 0 0 7995 7995
807 0 1 0 8020 8021
808 0 1 0 8023 8024
809 7992 0 0 0 7992
810 1 7790 5 161 7957
811 1 0 7897 0 7898
812 7780 0 12 0 7792
813 4 7821 0 2 7827
814 1 7860 0 1 7862
815 7853 0 0 0 7853
816 0 2 0 7788 7790
817 1 0 7705 1 7707
818 7735 0 0 2 7737
819 21 0 7780 1 7802
820 0 7741 0 1 7742
821 2 0 0 7673 7675
822 7639 1 30 0 7670
823 82 7610 0 19 7711
824 0 7776 0 0 7776
825 7519 0 3 2 7524
826 9 0 7404 0 7413
827 7310 0 0 0 7310
828 7199 0 0 0 7199
829 1 0 7172 0 7173
830 0 1 0 7040 7041
831 0 0 0 6974 6974
832 0 7058 0 1 7059
833 0 7171 1 0 7172
834 7152 1 0 0 7153
835 0 0 0 7097 7097
836 6900 0 0 1 6901
837 0 90 0 6813 6903
838 6942 0 0 0 6942
839 6891 66 0 2 6959
840 0 1 0 6973 6974
841 0 0 6926 0 6926
842 0 6877 0 0 6877
843 0 6960 0 0 6960
844 1 163 0 6759 6923
845 0 1 1 6982 6984
846 0 0 0 6910 6910
847 0 6978 0 0 6978
848 0 0 0 6927 6927
849 0 0 0 6969 6969
850 0 6924 0 52 6976
851 0 0 0 7022 7022
852 6982 0 1 0 6983
853 6945 0 0 0 6945
854 0 1 0 6815 6816
855 0 0 6807 2 6809
856 0 1 0 6627 6628
857 0 6740 0 0 6740
858 0 1 1 6870 6872
859 3 0 6932 0 6935
860 6840 0 19 0 6859
861 0 159 0 6763 6922
862 2 0 6917 0 6919
863 6890 0 0 0 6890
864 6859 0 0 0 6859
865 0 6789 0 46 6835
866 0 0 0 6848 6848
867 6898 0 1 0 6899
868 2 0 6928 0 6930
869 1 0 6938 0 6939
870 6993 1 0 0 6994
871 1 0 0 6964 6965
872 0 0 23 7098 7121
873 1 0 7050 0 7051
874 5 1 7195 0 7201
875 1 7155 0 0 7156
876 1 7253 0 2 7256
877 7348 0 2 0 7350
878 7526 0 0 1 7527
879 0 1 0 7439 7440
880 7508 0 1 0 7509
881 1 0 0 7412 7413
882 1 0 7431 0 7432
883 7331 0 0 0 7331
884 0 7320 0 1 7321
885 0 0 0 7354 7354
886 1 0 7467 0 7468
887 7293 0 0 1 7294
888 2 0 7369 0 7371
889 0 1 7598 0 7599
890 7 0 7304 0 7311
891 7509 0 5 0 7514
892 7504 1 0 0 7505
893 7437 0 41 0 7478
894 1 0 7397 0 7398
895 1 1 2 7108 7112
896 0 7353 0 1 7354
897 1 7359 0 1 7361
898 7472 0 0 0 7472
899 7513 1 2 0 7516
900 7505 0 0 0 7505
901 7474 0 0 0 7474
902 7452 0 1 0 7453
903 7286 0 2 2 7290
904 0 7503 0 1 7504
905 0 7348 0 0 7348
906 27 0 7257 0 7284
907 7306 0 0 0 7306
908 7165 0 0 0 7165
909 4 0 6976 7 6987
910 6991 0 1 1 6993
911 0 7036 0 1 7037
912 7093 0 0 0 7093
913 1 2 0 7089 7092
914 0 0 0 7132 7132
915 7109 0 27 0 7136
916 1 0 7038 0 7039
917 2 6968 0 0 6970
918 0 7019 0 3 7022
919 7010 0 0 0 7010
920 6988 0 0 0 6988
921 6931 0 0 0 6931
922 0 0 6907 0 6907
923 6886 0 0 0 6886
924 6889 0 1 0 6890
925 0 1 0 6857 6858
926 0 0 6878 0 6878
927 3 0 0 6725 6728
928 0 6716 0 11 6727
929 0 0 0 6796 6796
930 6905 0 1 1 6907
931 0 0 6849 0 6849
932 6910 0 0 0 6910
933 6980 0 1 0 6981
934 6975 0 0 0 6975
935 6962 0 1 0 6963
936 0 0 6816 0 6816
937 0 0 0 5853 5853
938 5871 0 1 1 5873
939 0 5786 0 101 5887
940 0 6 0 5782 5788
941 0 5751 0 1 5752
942 5818 0 0 0 5818
943 5718 1 1 0 5720
944 0 5682 0 0 5682
945 5628 0 0 0 5628
946 0 5712 0 0 5712
947 0 0 0 5569 5569
948 5663 0 1 0 5664
949 59 5722 0 1 5782
950 0 0 5770 0 5770
951 5660 0 0 0 5660
952 1 0 5606 1 5608
953 5584 1 0 0 5585
954 0 39 0 5514 5553
955 0 5634 0 0 5634
956 5515 1 0 0 5516
957 5498 1 0 0 5499
958 5454 0 8 0 5462
959 41 5384 0 2 5427
960 1 0 0 5280 5281
961 0 0 5307 0 5307
962 5181 0 0 1 5182
963 0 5274 0 0 5274
964 0 5133 0 1 5134
965 1 5138 0 0 5139
966 5182 0 0 0 5182
967 5127 0 0 0 5127
968 1 0 1 5041 5043
969 5102 0 0 0 5102
970 1 0 0 5047 5048
971 0 0 2 5157 5159
972 5190 0 0 8 5198
973 5218 1 0 0 5219
974 0 0 0 5166 5166
975 5016 0 50 0 5066
976 5060 0 0 0 5060
977 0 0 0 5083 5083
978 48 0 5048 40 5136
979 5141 0 0 0 5141
980 5132 0 1 0 5133
981 5143 0 1 0 5144
982 5028 34 1 0 5063
983 1 0 4868 1 4870
984 18 4725 0 24 4767
985 4 0 4697 0 4701
986 4617 0 0 0 4617
987 66 0 4563 0 4629
988 4620 0 0 0 4620
989 4869 0 0 0 4869
990 4876 0 1 0 4877
991 0 0 4786 0 4786
992 0 4837 0 0 4837
993 0 2 0 4868 4870
994 4885 0 1 0 4886
995 4832 0 1 0 4833
996 0 4920 0 0 4920
997 0 1 5030 0 5031
998 5004 0 0 0 5004
999 4931 0 0 0 4931
1000 4953 0 0 0 4953
1001 4901 0 0 1 4902
1002 0 0 1 4889 4890
1003 0 2 0 4855 4857
1004 0 0 0 4849 4849
1005 0 4884 0 9 4893
1006 0 0 0 4838 4838
1007 0 0 0 4853 4853
1008 4841 0 0 0 4841
1009 0 0 0 4928 4928
1010 2 0 4924 0 4926
1011 1 0 4890 0 4891
1012 4855 0 1 0 4856
1013 4856 0 2 0 4858
1014 0 0 4845 0 4845
1015 0 4812 0 0 4812
1016 0 1 0 4843 4844
1017 0 0 0 4879 4879
1018 0 4 0 4895 4899
1019 1 0 4899 0 4900
1020 0 0 4898 2 4900
1021 4831 0 2 0 4833
1022 0 0 4876 0 4876
1023 4838 9 0 0 4847
1024 36 0 4795 1 4832
1025 4838 0 0 0 4838
1026 0 4865 0 0 4865
1027 0 1 0 4846 4847
1028 2 0 4885 0 4887
1029 2 0 0 4863 4865
1030 0 0 4979 0 4979
1031 0 0 0 4895 4895
1032 5031 0 0 0 5031
1033 5002 0 0 0 5002
1034 5128 0 0 0 5128
1035 0 9 0 5116 5125
1036 5139 0 0 2 5141
1037 0 5227 0 0 5227
1038 5235 0 0 0 5235
1039 5235 0 0 0 5235
1040 0 0 0 5169 5169
1041 5214 0 0 0 5214
1042 5129 0 0 1 5130
1043 0 0 5150 0 5150
1044 0 1 0 4901 4902
1045 5129 0 0 0 5129
1046 5115 0 1 1 5117
1047 1 0 1 5253 5255
1048 10 0 5208 0 5218
1049 5131 0 47 0 5178
1050 0 0 5200 25 5225
1051 0 0 5331 0 5331
1052 5363 0 2 0 5365
1053 5311 1 5 0 5317
1054 11 0 5197 1 5209
1055 32 5747 0 0 5779
1056 2 0 5907 0 5909
1057 5831 0 0 0 5831
1058 0 0 5914 0 5914
1059 0 5885 0 110 5995
1060 6190 0 2 0 6192
1061 6206 0 1 0 6207
1062 0 6161 0 106 6267
1063 1 0 6258 3 6262
1064 6189 0 0 0 6189
1065 27 0 6180 0 6207
1066 1 6193 0 0 6194
1067 0 1 2 6347 6350
1068 6382 0 0 0 6382
1069 0 6405 0 0 6405
1070 6403 0 0 0 6403
1071 112 0 6273 0 6385
1072 6404 0 0 0 6404
1073 6392 0 1 0 6393
1074 6371 0 0 0 6371
1075 6392 0 1 0 6393
1076 0 6398 0 1 6399
1077 0 6339 0 0 6339
1078 6383 0 1 0 6384
1079 6347 0 0 0 6347
1080 0 1 2 6372 6375
1081 0 1 0 6345 6346
1082 6456 1 1 0 6458
1083 0 1 0 6395 6396
1084 2 0 6377 0 6379
1085 0 6432 0 1 6433
1086 2 6366 0 2 6370
1087 6466 0 2 0 6468
1088 6390 0 0 0 6390
1089 6351 0 0 0 6351
1090 0 1 0 6323 6324
1091 0 0 6346 0 6346
1092 0 0 6283 0 6283
1093 4 0 6281 0 6285
1094 0 6239 0 1 6240
1095 0 6222 0 0 6222
1096 6244 19 0 2 6265
1097 0 6229 0 0 6229
1098 6137 0 1 21 6159
1099 3 0 6141 0 6144
1100 0 0 6097 0 6097
1101 1 0 6119 0 6120
1102 1 0 6115 0 6116
1103 5987 0 0 0 5987
1104 0 0 0 6248 6248
1105 1 0 6318 0 6319
1106 0 0 6458 0 6458
1107 6260 0 154 2 6416
1108 0 0 0 6442 6442
1109 1 0 0 6500 6501
1110 6471 0 1 0 6472
1111 6457 0 1 0 6458
1112 0 6449 0 0 6449
1113 6479 0 0 1 6480
1114 0 0 0 6423 6423
1115 6366 0 1 0 6367
1116 0 6522 0 0 6522
1117 0 6614 0 11 6625
1118 6695 0 1 0 6696
1119 17 0 6805 0 6822
1120 6736 0 0 1 6737
1121 6692 0 2 0 6694
1122 6735 0 0 0 6735
1123 6717 0 0 0 6717
1124 0 0 1 6674 6675
1125 6679 0 0 0 6679
1126 6695 0 0 1 6696
1127 1 0 2 6800 6803
1128 0 0 6821 0 6821
1129 6887 0 1 1 6889
1130 6999 0 0 0 6999
1131 7009 0 1 0 7010
1132 1 0 7026 0 7027
1133 7007 0 0 0 7007
1134 7132 0 2 0 7134
1135 0 0 7134 0 7134
1136 1 1 0 6753 6755
1137 6832 0 302 0 7134
1138 0 0 7075 1 7076
1139 0 7115 0 2 7117
1140 7074 0 0 1 7075
1141 6949 0 0 0 6949
1142 1 0 0 6953 6954
1143 6943 0 0 0 6943
1144 0 0 6924 0 6924
1145 6862 0 0 0 6862
1146 0 1 0 6848 6849
1147 0 0 7034 0 7034
1148 7039 0 36 0 7075
1149 0 7131 0 2 7133
1150 7 1 7082 0 7090
1151 7229 0 2 0 7231
1152 7307 1 2 0 7310
1153 7302 0 2 0 7304
1154 33 7284 0 1 7318
1155 7363 1 1 0 7365
1156 7336 0 1 0 7337
1157 0 0 0 7377 7377
1158 0 0 7361 0 7361
1159 0 3 1 7170 7174
1160 0 0 7302 0 7302
1161 1 7320 0 4 7325
1162 0 7507 0 0 7507
1163 7515 1 1 0 7517
1164 7528 0 1 1 7530
1165 0 0 7648 0 7648
1166 7651 0 1 0 7652
1167 7773 2 0 0 7775
1168 0 0 7671 0 7671
1169 7594 1 1 0 7596
1170 0 0 7708 0 7708
1171 0 7646 0 0 7646
1172 0 7766 0 0 7766
1173 0 0 0 7863 7863
1174 7897 0 1 0 7898
1175 7892 0 0 0 7892
1176 7894 0 1 0 7895
1177 7938 0 0 0 7938
1178 0 0 1 7874 7875
1179 0 7821 0 10 7831
1180 73 7961 0 0 8034
1181 1 8153 0 1 8155
1182 0 59 0 8096 8155
1183 8197 0 5 0 8202
1184 8195 0 0 1 8196
1185 93 7994 0 90 8177
1186 8242 1 0 0 8243
1187 8197 0 0 1 8198
1188 8230 0 1 0 8231
1189 0 0 0 8246 8246
1190 0 0 8343 0 8343
1191 0 0 0 8184 8184
1192 8338 0 0 0 8338
1193 0 0 8299 0 8299
1194 8257 0 0 0 8257
1195 0 0 8402 0 8402
1196 1 0 0 8145 8146
1197 29 0 8322 0 8351
1198 0 0 8292 0 8292
1199 3 8509 0 2 8514
1200 0 2 0 8578 8580
1201 1 0 8360 0 8361
1202 0 8305 0 0 8305
1203 0 0 0 8390 8390
1204 1 12 0 8685 8698
1205 1 0 8673 0 8674
1206 0 0 8560 1 8561
1207 0 0 8527 0 8527
1208 0 0 0 7773 7773
1209 1 2 0 8536 8539
1210 0 8784 0 0 8784
1211 8924 0 1 0 8925
1212 8935 0 1 0 8936
1213 8902 0 0 0 8902
1214 0 8884 0 0 8884
1215 8831 0 1 2 8834
1216 0 0 8841 0 8841
1217 8749 0 3 1 8753
1218 0 0 8796 0 8796
1219 8732 0 0 0 8732
1220 0 0 0 8888 8888
1221 0 0 8917 0 8917
1222 9009 0 1 0 9010
1223 8995 0 0 0 8995
1224 0 0 0 9129 9129
1225 0 9333 0 0 9333
1226 1 2 0 9342 9345
1227 9347 0 0 0 9347
1228 0 409 0 8891 9300
1229 2 1 0 9330 9333
1230 4 0 9160 0 9164
1231 9218 0 1 1 9220
1232 0 0 9172 0 9172
1233 0 9183 0 0 9183
1234 9212 0 0 2 9214
1235 0 9408 1 2 9411
1236 0 1 0 9406 9407
1237 0 9663 0 0 9663
1238 0 0 0 9720 9720
1239 224 0 9446 12 9682
1240 9559 0 1 0 9560
1241 0 9668 0 2 9670
1242 9640 0 3 0 9643
1243 9509 0 1 0 9510
1244 1 8 9576 0 9585
1245 3 1 0 9350 9354
1246 9612 0 1 0 9613
1247 9623 0 1 0 9624
1248 9625 0 0 2 9627
1249 9633 0 0 1 9634
1250 1 0 9377 0 9378
1251 9456 0 0 0 9456
1252 1 0 9186 0 9187
1253 0 9375 0 1 9376
1254 0 0 0 9407 9407
1255 0 9505 0 1 9506
1256 0 1 0 9543 9544
1257 54 1 9429 0 9484
1258 1 0 9417 0 9418
1259 9472 0 2 0 9474
1260 0 9507 0 0 9507
1261 1 9420 1 0 9422
1262 0 0 0 9554 9554
1263 9478 0 50 0 9528
1264 0 9527 0 0 9527
1265 0 9549 0 0 9549
1266 9532 0 14 0 9546
1267 2 0 9521 0 9523
1268 9314 0 2 0 9316
1269 9406 0 0 1 9407
1270 9413 0 1 0 9414
1271 115 408 0 9135 9658
1272 9622 0 0 1 9623
1273 0 0 9403 1 9404
1274 0 0 9338 0 9338
1275 0 0 9435 1 9436
1276 0 9393 0 4 9397
1277 1 9399 0 0 9400
1278 9396 0 23 0 9419
1279 1 0 9323 0 9324
1280 9309 0 2 0 9311
1281 0 8725 0 171 8896
1282 9230 0 0 0 9230
1283 1 0 0 9165 9166
1284 9334 1 1 0 9336
1285 0 0 9074 0 9074
1286 0 9054 0 2 9056
1287 8944 0 3 0 8947
1288 0 9108 0 0 9108
1289 1 9197 0 1 9199
1290 109 9142 0 32 9283
1291 2 0 9174 0 9176
1292 1 1 0 8746 8748
1293 1 0 9206 0 9207
1294 1 0 9233 0 9234
1295 9087 0 40 0 9127
1296 17 0 9253 0 9270
1297 1 9308 0 1 9310
1298 9298 0 1 0 9299
1299 1 0 0 9415 9416
1300 0 0 9432 0 9432
1301 1 1 0 9169 9171
1302 9333 0 0 55 9388
1303 0 0 9458 2 9460
1304 0 0 9425 0 9425
1305 9009 0 0 1 9010
1306 9166 0 0 0 9166
1307 17 0 9189 0 9206
1308 0 0 0 8823 8823
1309 3 0 9306 0 9309
1310 9219 0 1 1 9221
1311 9306 0 1 0 9307
1312 9295 0 2 0 9297
1313 0 0 9224 0 9224
1314 8934 0 127 0 9061
1315 9011 0 0 0 9011
1316 0 0 9041 0 9041
1317 18 0 9269 0 9287
1318 9436 0 3 1 9440
1319 9457 0 1 1 9459
1320 9484 0 1 0 9485
1321 0 0 0 9463 9463
1322 9260 0 1 0 9261
1323 60 9592 0 0 9652
1324 0 3 0 9667 9670
1325 0 1 0 10032 10033
1326 0 1 0 10054 10055
1327 132 0 9904 0 10036
1328 0 0 0 9911 9911
1329 0 1 0 10048 10049
1330 10051 0 33 1 10085
1331 10200 0 1 1 10202
1332 0 10231 0 15 10246
1333 1 1 10131 0 10133
1334 10057 2 1 0 10060
1335 10190 0 1 0 10191
1336 10396 0 0 0 10396
1337 2 1 0 10410 10413
1338 112 10296 0 1 10409
1339 10432 0 1 0 10433
1340 10002 0 354 0 10356
1341 0 10339 0 0 10339
1342 1 1 0 10299 10301
1343 10238 0 0 2 10240
1344 0 10338 0 2 10340
1345 0 0 0 10151 10151
1346 0 0 10081 0 10081
1347 0 267 0 9557 9824
1348 9934 0 0 0 9934
1349 9943 0 0 0 9943
1350 0 0 9989 0 9989
1351 2 0 9859 0 9861
1352 0 9666 0 0 9666
1353 0 10039 1 0 10040
1354 1 2 1 10020 10024
1355 0 10066 0 0 10066
1356 0 1 0 10080 10081
1357 10091 0 0 0 10091
1358 0 9968 0 130 10098
1359 10091 0 1 0 10092
1360 0 0 10221 0 10221
1361 0 1 0 9877 9878
1362 0 0 0 10246 10246
1363 10318 0 1 0 10319
1364 2 1 0 10389 10392
1365 0 1 10462 0 10463
1366 10233 0 1 0 10234
1367 1 0 0 10375 10376
1368 23 0 10346 2 10371
1369 10134 1 1 1 10137
1370 10196 0 1 0 10197
1371 0 0 10362 0 10362
1372 0 0 0 9943 9943
1373 10195 0 1 1 10197
1374 0 1 0 10288 10289
1375 0 0 10267 0 10267
1376 0 3 1 10180 10184
1377 125 0 10078 1 10204
1378 0 10589 0 76 10665
1379 0 2 0 10749 10751
1380 0 2 1 10674 10677
1381 0 1 1 10721 10723
1382 0 2 232 10612 10846
1383 3 0 1 10919 10923
1384 1 10862 0 5 10868
1385 10928 0 1 0 10929
1386 1 37 0 10865 10903
1387 10794 0 0 2 10796
1388 1 10838 0 0 10839
1389 1 2 0 10918 10921
1390 1 1 0 11010 11012
1391 113 10826 0 2 10941
1392 11004 1 1 0 11006
1393 0 1 0 10997 10998
1394 1 11 0 10745 10757
1395 0 0 10780 0 10780
1396 2 1 0 10677 10680
1397 0 2 0 10911 10913
1398 1 0 10812 0 10813
1399 10760 0 0 0 10760
1400 10798 0 0 0 10798
1401 1 1 0 10780 10782
1402 3 2 10726 0 10731
1403 10605 1 0 1 10607
1404 10584 1 0 2 10587
1405 10594 0 0 0 10594
1406 2 0 10628 0 10630
1407 11 10409 0 1 10421
1408 10404 0 0 1 10405
1409 10376 0 0 1 10377
1410 0 194 0 10122 10316
1411 3 0 10273 0 10276
1412 1 10042 0 3 10046
1413 0 10174 0 2 10176
1414 10313 0 3 1 10317
1415 1 0 10225 0 10226
1416 0 10001 0 1 10002
1417 10081 0 3 1 10085
1418 0 0 1 10102 10103
1419 2 0 10188 0 10190
1420 1 0 10889 3 10893
1421 2 0 11278 0 11280
1422 11337 0 2 0 11339
1423 11385 0 2 2 11389
1424 11624 0 1 0 11625
1425 11538 0 0 0 11538
1426 1 0 1 11567 11569
1427 11427 0 0 1 11428
1428 0 11428 0 2 11430
1429 11428 0 0 0 11428
1430 11335 0 2 0 11337
1431 10476 0 871 0 11347
1432 0 0 11268 0 11268
1433 2 0 0 10937 10939
1434 11315 0 1 0 11316
1435 11326 1 3 0 11330
1436 0 0 0 11506 11506
1437 11273 0 32 0 11305
1438 0 11424 0 1 11425
1439 13 11489 0 0 11502
1440 11608 0 3 0 11611
1441 11616 0 0 2 11618
1442 2 2 0 11807 11811
1443 11818 1 1 0 11820
1444 11636 0 2 0 11638
1445 0 11694 0 0 11694
1446 510 11294 0 0 11804
1447 11972 0 1 0 11973
1448 11843 0 0 0 11843
1449 1 11859 0 1 11861
1450 11847 0 1 0 11848
1451 0 0 11938 0 11938
1452 11666 1 0 0 11667
1453 35 0 11956 0 11991
1454 1 0 1 11582 11584
1455 12069 0 1 0 12070
1456 2 0 12203 0 12205
1457 1 2 0 12156 12159
1458 12395 0 1 1 12397
1459 12405 0 1 0 12406
1460 12386 1 1 0 12388
1461 2 2 1 12503 12508
1462 2 0 12605 0 12607
1463 12563 0 49 1 12613
1464 12569 0 0 0 12569
1465 12594 0 0 0 12594
1466 12547 0 0 2 12549
1467 12466 1 120 2 12589
1468 1 0 12571 0 12572
1469 53 0 12351 0 12404
1470 12262 0 1 1 12264
1471 2 0 12873 1 12876
1472 12889 0 0 1 12890
1473 12995 0 2 0 12997
1474 12988 0 3 0 12991
1475 0 0 13404 1 13405
1476 0 6 0 13048 13054
1477 0 5 0 13293 13298
1478 2 0 0 13492 13494
1479 113 13470 1 0 13584
1480 2 0 13526 0 13528
1481 13713 2 35 0 13750
1482 0 13927 0 1 13928
1483 13976 0 1 0 13977
1484 0 0 1 13975 13976
1485 1 0 13870 0 13871
1486 7 13600 0 1 13608
1487 0 1 1 13674 13676
1488 0 0 0 13700 13700
1489 0 1 0 13769 13770
1490 13758 0 2 0 13760
1491 0 13848 0 3 13851
1492 0 0 13724 0 13724
1493 2 0 13581 2 13585
1494 0 0 0 14093 14093
1495 1 13950 0 1 13952
1496 1 1 0 14139 14141
1497 2 0 14176 0 14178
1498 0 0 14066 0 14066
1499 8 14017 2 35 14062
1500 2 0 14287 0 14289
1501 3 0 14367 0 14370
1502 1 3 0 10839 10843
1503 0 126 1 13449 13576
1504 10027 0 0 3 10030
1505 13793 0 0 1 13794
1506 14254 0 20 0 14274
1507 5 1 10225 13 10244
1508 0 0 13308 0 13308
1509 11074 1 2 3 11080
1510 3 10784 0 1 10788
1511 12931 0 0 1 12932
1512 14429 9 0 0 14438
1513 6 0 0 9853 9859
1514 9 11271 0 1 11281
1515 1 9 0 11204 11214
1516 1 12843 0 4 12848
1517 11262 10 0 126 11398
1518 1 1 0 12091 12093
1519 1 11835 0 2 11838
1520 0 3 0 13224 13227
1521 299 0 10848 2 11149
1522 10591 2 112 4 10709
1523 1 0 13097 0 13098
1524 0 0 14808 0 14808
1525 1 0 15366 2 15369
1526 1 0 15537 1 15539
1527 9553 1 6 4 9564
1528 0 0 12476 1 12477
1529 10759 0 1 0 10760
1530 2 1 0 11866 11869
1531 12807 1 3 0 12811
1532 1 12746 0 2 12749
1533 0 2 0 14102 14104
1534 0 0 13434 117 13551
1535 11520 3 1 4 11528
1536 0 0 0 13536 13536
1537 3 0 13392 2 13397
1538 0 6 0 13372 13378
1539 0 2 0 15479 15481
1540 2 1 12240 1 12244
1541 1 0 0 13237 13238
1542 13158 0 1 0 13159
1543 15627 1 0 0 15628
1544 1 13038 0 1 13040
1545 14032 1 3 1 14037
1546 2 0 13987 3 13992
1547 1 1 3 12210 12215
1548 0 0 0 15036 15036
1549 20 0 13081 2 13103
1550 1 1 0 13227 13229
1551 13559 1 1 0 13561
1552 16041 0 0 3 16044
1553 4 13062 0 1 13067
1554 0 13 177 14099 14289
1555 0 0 1 16255 16256
1556 0 0 0 16851 16851
1557 0 2 0 17012 17014
1558 0 0 11348 8 11356
1559 11100 2 2 0 11104
1560 14964 1 1 1 14967
1561 0 1 1 13532 13534
1562 1 1 0 16062 16064
1563 0 0 1 16507 16508
1564 12768 3 1 0 12772
1565 0 0 12215 2 12217
1566 4 3 1 12547 12555
1567 13918 2 1 14 13935
1568 2 0 13482 2 13486
1569 1 1 0 12442 12444
1570 13607 1 0 0 13608
1571 0 13697 0 1 13698
1572 14529 2 3 0 14534
1573 1 0 13397 2 13400
1574 14217 0 0 0 14217
1575 0 1 0 12906 12907
1576 2 13489 0 2 13493
1577 0 15089 0 1 15090
1578 3 15723 1 47 15774
1579 13726 0 2 0 13728
1580 1 0 14136 1 14138
1581 13575 0 0 1 13576
1582 0 0 14524 0 14524
1583 0 1 1 12195 12197
1584 1 0 14095 0 14096
1585 0 0 15225 0 15225
1586 11659 0 1 1 11661
1587 0 12920 0 1 12921
1588 0 2 1 13418 13421
1589 6 14271 0 5 14282
1590 13453 1 0 0 13454
1591 0 0 14296 1 14297
1592 0 0 15190 1 15191
1593 12569 1 2 0 12572
1594 14960 1 0 0 14961
1595 15493 0 3 0 15496
1596 125 0 12314 1 12440
1597 0 2 0 11307 11309
1598 2 0 12696 1 12699
1599 16 0 14138 1 14155
1600 1 11828 86 3 11918
1601 0 14002 0 1 14003
1602 12521 2 4 0 12527
1603 14157 1 0 0 14158
1604 14736 0 0 0 14736
1605 14749 1 116 1 14867
1606 0 0 0 13471 13471
1607 13587 3 1 0 13591
1608 3 0 0 13207 13210
1609 12816 0 1 2 12819
1610 6 12112 86 2 12206
1611 0 67 0 13193 13260
1612 0 0 12756 1 12757
1613 1 2 0 12337 12340
1614 0 0 13343 1 13344
1615 0 0 1 12097 12098
1616 1 0 2 13920 13923
1617 0 0 0 14732 14732
1618 12104 1 0 2 12107
1619 1 0 12373 0 12374
1620 0 0 14131 0 14131
1621 11624 2 1 0 11627
1622 0 4 0 12299 12303
1623 1 156 1 13988 14146
1624 45 0 11905 0 11950
1625 0 0 13578 1 13579
1626 1 11523 1 0 11525
1627 0 0 2 11386 11388
1628 3 12077 0 2 12082
1629 0 13608 0 0 13608
1630 1 14110 0 6 14117
1631 0 1 1 12645 12647
1632 12305 0 0 38 12343
1633 0 2 1 12933 12936
1634 0 0 2 13837 13839
1635 0 1 2 14157 14160
1636 0 0 12493 2 12495
1637 2 4 1 12038 12045
1638 78 0 12697 1 12776
1639 11276 0 3 0 11279
1640 0 0 12956 0 12956
1641 1 2 2 11372 11377
1642 1 0 12456 1 12458
1643 2 0 13496 0 13498
1644 0 0 13586 0 13586
1645 10929 0 5 0 10934
1646 0 0 12097 1 12098
1647 2 0 13152 0 13154
1648 184 34 13322 0 13540
1649 11485 0 3 0 11488
1650 12988 0 2 0 12990
1651 13888 0 1 0 13889
1652 14078 1 0 0 14079
1653 14026 60 1 1 14088
1654 0 1 1 12676 12678
1655 1 12407 0 2 12410
1656 0 418 0 12594 13012
1657 0 0 12766 1 12767
1658 1 0 2 12458 12461
1659 79 0 12477 0 12556
1660 0 0 1 11903 11904
1661 12154 2 0 0 12156
1662 0 12420 0 3 12423
1663 0 0 1 12764 12765
1664 0 0 1 13088 13089
1665 1 0 11627 1 11629
1666 0 5 1 11659 11665
1667 11742 0 0 0 11742
1668 1 11895 0 0 11896
1669 0 0 0 12090 12090
1670 1 0 11464 0 11465
1671 1 11542 0 7 11550
1672 222 12104 0 3 12329
1673 0 0 11635 1 11636
1674 11163 0 0 17 11180
1675 2 0 11918 0 11920
1676 0 0 1 11122 11123
1677 1 1 11600 0 11602
1678 11386 1 0 0 11387
1679 11865 0 1 0 11866
1680 0 0 3 11530 11533
1681 3 0 11234 0 11237
1682 26 3 11685 1 11715
1683 2 11013 0 3 11018
1684 10798 1 1 2 10802
1685 1 11455 0 1 11457
1686 11486 2 2 0 11490
1687 11772 0 0 0 11772
1688 12139 0 1 0 12140
1689 0 0 2 11739 11741
1690 11879 0 1 0 11880
1691 11907 0 1 1 11909
1692 35 0 11105 0 11140
1693 11223 0 1 0 11224
1694 0 0 1 10717 10718
1695 2 10871 0 0 10873
1696 2 11413 0 3 11418
1697 11266 0 2 0 11268
1698 11542 0 2 0 11544
1699 11386 1 17 0 11404
1700 0 1 2 11074 11077
1701 1 0 11110 0 11111
1702 10693 0 2 0 10695
1703 11236 0 1 0 11237
1704 11361 0 1 0 11362
1705 0 0 1 10972 10973
1706 1 1 10975 1 10978
1707 2 0 11050 0 11052
1708 1 0 11068 14 11083
1709 3 1 11250 0 11254
1710 10277 0 1 1 10279
1711 10951 0 0 0 10951
1712 2 3 3 10828 10836
1713 0 0 10949 0 10949
1714 2 0 11223 1 11226
1715 10431 0 2 0 10433
1716 10979 0 1 0 10980
1717 0 0 10258 0 10258
1718 1 10338 0 0 10339
1719 0 0 0 10835 10835
1720 10717 0 2 1 10720
1721 0 0 10599 5 10604
1722 10737 1 1 0 10739
1723 10705 0 20 0 10725
1724 0 0 10518 0 10518
1725 10318 0 3 2 10323
1726 0 0 1 10398 10399
1727 0 0 10462 1 10463
1728 0 0 1 10000 10001
1729 0 4 0 9969 9973
1730 0 0 0 10167 10167
1731 0 0 9938 0 9938
1732 2 10040 0 0 10042
1733 0 0 0 10108 10108
1734 0 0 0 10107 10107
1735 2 9940 0 0 9942
1736 9930 0 1 0 9931
1737 9897 0 0 0 9897
1738 2 0 1 9762 9765
1739 0 9739 0 4 9743
1740 9897 0 1 0 9898
1741 9858 1 0 1 9860
1742 0 1 1 9765 9767
1743 2 0 9784 1 9787
1744 0 9626 0 1 9627
1745 9819 0 1 0 9820
1746 9725 0 1 2 9728
1747 0 9792 0 0 9792
1748 9969 0 0 1 9970
1749 9959 0 0 0 9959
1750 9923 0 0 0 9923
1751 0 1 1 9903 9905
1752 1 0 9962 0 9963
1753 0 1 9898 0 9899
1754 9799 0 1 0 9800
1755 280 0 9554 1 9835
1756 1 0 9793 2 9796
1757 0 9848 1 5 9854
1758 10037 0 1 0 10038
1759 9712 0 0 19 9731
1760 0 3 0 9610 9613
1761 0 2 0 9609 9611
1762 0 0 9423 0 9423
1763 0 1 1 9210 9212
1764 0 3 0 9401 9404
1765 1 0 9155 0 9156
1766 8929 0 0 1 8930
1767 8937 0 0 1 8938
1768 1 8957 0 1 8959
1769 8895 0 4 0 8899
1770 2 0 8812 1 8815
1771 1 0 8620 0 8621
1772 8668 0 0 0 8668
1773 8512 0 0 0 8512
1774 0 0 0 8339 8339
1775 1 8388 2 0 8391
1776 8198 0 1 0 8199
1777 0 1 0 8069 8070
1778 0 8152 0 0 8152
1779 8 0 7705 0 7713
1780 7599 0 92 1 7692
1781 0 1 1 7712 7714
1782 7733 0 1 0 7734
1783 10 7694 2 0 7706
1784 7782 0 0 0 7782
1785 7712 1 0 0 7713
1786 0 0 7694 0 7694
1787 1 0 7648 0 7649
1788 7623 1 0 1 7625
1789 0 1 0 7516 7517
1790 7567 1 1 0 7569
1791 0 0 0 7442 7442
1792 2 0 7324 0 7326
1793 7366 0 2 0 7368
1794 1 7464 0 2 7467
1795 7462 0 0 1 7463
1796 0 1 1 7334 7336
1797 2 0 7357 2 7361
1798 7237 0 1 0 7238
1799 0 7230 0 0 7230
1800 0 7070 0 56 7126
1801 7343 0 1 0 7344
1802 7442 0 0 0 7442
1803 7359 1 1 1 7362
1804 1 0 7253 0 7254
1805 0 7004 0 0 7004
1806 1 7017 0 0 7018
1807 0 1 0 7106 7107
1808 1 0 7142 1 7144
1809 0 0 0 6875 6875
1810 0 2 0 6943 6945
1811 0 0 0 6886 6886
1812 2 6891 0 3 6896
1813 7108 0 2 0 7110
1814 7058 1 0 0 7059
1815 0 0 7267 1 7268
1816 2 0 7197 0 7199
1817 0 0 7184 0 7184
1818 7058 106 61 0 7225
1819 0 0 7482 0 7482
1820 7479 0 0 0 7479
1821 0 7550 0 0 7550
1822 7610 0 1 1 7612
1823 0 0 7724 0 7724
1824 7650 0 0 0 7650
1825 19 0 7882 50 7951
1826 0 0 1 7741 7742
1827 8008 0 0 0 8008
1828 7905 0 0 0 7905
1829 7837 0 0 0 7837
1830 0 0 0 7720 7720
1831 7838 0 1 0 7839
1832 0 0 7511 0 7511
1833 1 7324 0 0 7325
1834 0 7258 0 3 7261
1835 1 7298 0 3 7302
1836 0 7813 0 3 7816
1837 8028 0 2 0 8030
1838 8063 1 0 2 8066
1839 8017 1 0 0 8018
1840 7859 0 1 1 7861
1841 0 8055 0 0 8055
1842 0 0 1 7951 7952
1843 0 0 0 8013 8013
1844 0 1 1 7959 7961
1845 6 8105 0 1 8112
1846 8027 0 0 0 8027
1847 0 0 7952 1 7953
1848 0 0 0 7769 7769
1849 7927 0 0 0 7927
1850 0 1 0 7791 7792
1851 0 0 0 7861 7861
1852 1 0 7810 0 7811
1853 1 0 7762 0 7763
1854 7771 1 2 1 7775
1855 7703 0 2 0 7705
1856 43 7600 0 0 7643
1857 0 0 0 7566 7566
1858 0 7606 0 0 7606
1859 7686 0 2 1 7689
1860 7759 0 67 1 7827
1861 0 0 7860 1 7861
1862 7845 0 0 1 7846
1863 7790 0 0 0 7790
1864 1 0 7842 1 7844
1865 0 0 7707 0 7707
1866 7731 0 0 0 7731
1867 7732 0 0 0 7732
1868 7722 0 1 0 7723
1869 7608 0 0 1 7609
1870 101 7575 0 0 7676
1871 0 1 1 7622 7624
1872 7696 0 1 0 7697
1873 0 0 7596 0 7596
1874 1 0 0 7399 7400
1875 7518 0 0 0 7518
1876 7501 0 0 0 7501
1877 7480 0 0 0 7480
1878 7591 0 2 0 7593
1879 2 0 7413 0 7415
1880 1 0 7176 0 7177
1881 7163 0 5 0 7168
1882 1 0 0 7094 7095
1883 37 7104 0 0 7141
1884 0 7315 0 3 7318
1885 0 2 0 7336 7338
1886 0 0 0 7451 7451
1887 1 2 0 7442 7445
1888 3 0 7428 0 7431
1889 0 0 7585 0 7585
1890 7508 0 2 0 7510
1891 7461 0 0 0 7461
1892 7466 0 0 0 7466
1893 7457 0 1 0 7458
1894 2 0 7328 0 7330
1895 0 7425 0 0 7425
1896 7387 0 0 1 7388
1897 0 7621 0 0 7621
1898 0 0 0 7627 7627
1899 7623 0 0 0 7623
1900 7562 0 0 0 7562
1901 0 0 7494 1 7495
1902 7466 0 4 1 7471
1903 0 0 7528 0 7528
1904 0 1 1 7171 7173
1905 7412 0 2 0 7414
1906 7412 14 0 1 7427
1907 0 0 0 7545 7545
1908 7675 0 2 0 7677
1909 1 0 0 7642 7643
1910 0 0 0 7629 7629
1911 0 0 0 7668 7668
1912 7572 15 0 0 7587
1913 0 7755 0 0 7755
1914 0 1 0 7771 7772
1915 7816 0 0 2 7818
1916 7742 0 0 1 7743
1917 7670 0 0 0 7670
1918 0 0 0 7892 7892
1919 0 0 7901 1 7902
1920 0 7875 0 0 7875
1921 0 1 0 7915 7916
1922 0 1 0 8081 8082
1923 1 0 8019 0 8020
1924 8015 0 0 1 8016
1925 0 4 0 7886 7890
1926 2 0 7909 0 7911
1927 0 7748 0 3 7751
1928 7752 0 1 0 7753
1929 0 7896 0 0 7896
1930 0 0 0 7989 7989
1931 7965 0 3 0 7968
1932 0 0 0 7990 7990
1933 0 0 8023 1 8024
1934 3 0 0 7854 7857
1935 7821 1 125 0 7947
1936 0 0 0 7795 7795
1937 0 0 0 7930 7930
1938 1 1 0 7930 7932
1939 0 0 7818 1 7819
1940 0 0 7744 0 7744
1941 7726 0 0 0 7726
1942 7852 0 0 0 7852
1943 7829 1 1 1 7832
1944 0 0 0 7833 7833
1945 1 0 7869 1 7871
1946 0 7683 0 5 7688
1947 0 7720 0 0 7720
1948 0 7741 0 0 7741
1949 7891 1 1 0 7893
1950 7838 0 2 0 7840
1951 0 0 0 7884 7884
1952 0 0 0 7991 7991
1953 0 0 7837 0 7837
1954 0 0 7806 0 7806
1955 7591 0 2 0 7593
1956 10 1 7605 0 7616
1957 0 0 7588 0 7588
1958 0 69 7511 0 7580
1959 0 0 7603 0 7603
1960 0 1 0 7408 7409
1961 0 0 0 7561 7561
1962 0 0 0 7632 7632
1963 7530 0 67 0 7597
1964 0 0 7588 0 7588
1965 1 0 0 7506 7507
1966 2 0 7597 24 7623
1967 0 7391 0 14 7405
1968 0 7544 2 1 7547
1969 1 0 7593 1 7595
1970 7523 0 0 1 7524
1971 0 0 7484 3 7487
1972 5 0 0 7396 7401
1973 0 7432 0 0 7432
1974 0 20 0 7477 7497
1975 7464 0 0 0 7464
1976 1 0 7488 1 7490
1977 0 1 7394 1 7396
1978 7263 0 0 0 7263
1979 0 0 7367 0 7367
1980 7187 0 0 0 7187
1981 0 7308 0 0 7308
1982 0 1 0 7449 7450
1983 0 0 0 7469 7469
1984 0 7521 0 0 7521
1985 0 0 0 7578 7578
1986 7403 0 0 0 7403
1987 0 7464 0 0 7464
1988 0 0 0 7569 7569
1989 7494 0 1 25 7520
1990 0 0 0 7393 7393
1991 0 0 0 7421 7421
1992 4 0 7403 0 7407
1993 7239 0 0 0 7239
1994 0 1 0 7275 7276
1995 0 1 0 7229 7230
1996 0 7227 0 2 7229
1997 7301 0 0 0 7301
1998 7245 0 13 2 7260
1999 39 0 7174 1 7214
2000 0 7048 0 2 7050
2001 7045 0 0 0 7045
2002 0 0 0 7010 7010
2003 1 0 1 6964 6966
2004 6905 0 0 0 6905
2005 6859 0 0 1 6860
2006 6866 0 0 1 6867
2007 0 0 6819 0 6819
2008 0 0 6615 0 6615
2009 6585 0 0 0 6585
2010 9 6676 0 2 6687
2011 6632 0 2 1 6635
2012 0 0 6530 0 6530
2013 6562 0 0 0 6562
2014 6481 0 0 0 6481
2015 6494 0 1 0 6495
2016 0 0 6435 0 6435
2017 0 0 6421 0 6421
2018 1 0 6417 0 6418
2019 2 1 0 6177 6180
2020 0 6164 0 0 6164
2021 0 6252 0 0 6252
2022 1 0 0 6205 6206
2023 0 0 1 6267 6268
2024 0 0 6213 0 6213
2025 1 0 6206 0 6207
2026 0 0 6192 0 6192
2027 0 0 1 5715 5716
2028 0 1 5914 0 5915
2029 0 1 1 5822 5824
2030 1 1 2 5997 6001
2031 1 6058 0 1 6060
2032 0 0 6075 0 6075
2033 5897 0 0 1 5898
2034 0 5982 0 0 5982
2035 0 1 0 5970 5971
2036 0 0 0 5869 5869
2037 5747 0 0 0 5747
2038 0 0 5749 0 5749
2039 5551 0 143 0 5694
2040 22 0 5611 0 5633
2041 0 0 5602 0 5602
2042 2 0 5430 1 5433
2043 5413 0 0 2 5415
2044 5444 0 0 0 5444
2045 0 2 0 5530 5532
2046 0 0 5476 0 5476
2047 0 0 0 5364 5364
2048 5463 0 0 0 5463
2049 0 0 0 5407 5407
2050 0 0 0 5159 5159
2051 0 5060 0 1 5061
2052 0 0 0 5146 5146
2053 0 0 4927 0 4927
2054 0 0 4893 0 4893
2055 4897 0 1 0 4898
2056 4796 0 1 0 4797
2057 0 0 0 4817 4817
2058 4814 0 1 0 4815
2059 1 0 4638 1 4640
2060 4623 1 0 0 4624
2061 4619 0 0 0 4619
2062 0 0 4624 0 4624
2063 4618 0 0 0 4618
2064 4506 0 1 0 4507
2065 0 0 0 4417 4417
2066 0 0 4413 0 4413
2067 1 0 0 4360 4361
2068 4409 0 0 0 4409
2069 0 0 0 4399 4399
2070 0 1 0 4279 4280
2071 4252 0 1 0 4253
2072 0 0 4171 1 4172
2073 0 3992 0 0 3992
2074 4039 0 0 0 4039
2075 3958 0 0 0 3958
2076 55 3904 0 0 3959
2077 3940 0 1 0 3941
2078 3704 0 0 0 3704
2079 0 3786 0 1 3787
2080 0 3798 0 0 3798
2081 0 3769 0 0 3769
2082 0 0 0 3761 3761
2083 0 0 0 3790 3790
2084 1 0 3795 0 3796
2085 1 0 3793 0 3794
2086 0 0 3454 0 3454
2087 0 0 1 3292 3293
2088 70 0 3390 0 3460
2089 3484 0 0 0 3484
2090 0 0 1 3473 3474
2091 3304 0 1 1 3306
2092 0 3345 0 1 3346
2093 3372 1 0 2 3375
2094 0 0 3261 0 3261
2095 3057 0 0 0 3057
2096 1 0 2998 0 2999
2097 1 32 0 2852 2885
2098 0 0 2944 0 2944
2099 0 0 0 2839 2839
2100 2871 0 0 0 2871
2101 0 1 0 2808 2809
2102 2795 0 0 0 2795
2103 0 2830 0 0 2830
2104 0 0 0 2859 2859
2105 1 0 2837 0 2838
2106 0 0 2730 0 2730
2107 0 0 0 2687 2687
2108 0 0 0 2655 2655
2109 1 2664 0 0 2665
2110 2639 0 1 0 2640
2111 2644 0 0 0 2644
2112 0 0 0 2597 2597
2113 1 0 2625 1 2627
2114 2595 0 0 0 2595
2115 2580 0 2 1 2583
2116 0 1 0 2488 2489
2117 0 0 2439 0 2439
2118 0 0 2394 0 2394
2119 0 0 0 2369 2369
2120 0 0 0 2393 2393
2121 0 0 2356 0 2356
2122 9 0 2226 0 2235
2123 128 0 2098 0 2226
2124 0 2140 0 0 2140
2125 0 0 0 2272 2272
2126 0 0 0 2274 2274
2127 0 0 0 2306 2306
2128 1 0 2211 0 2212
2129 2186 0 1 0 2187
2130 2126 0 0 0 2126
2131 2129 0 0 2 2131
2132 2119 0 0 0 2119
2133 0 0 2119 0 2119
2134 0 0 2121 0 2121
2135 2124 0 0 0 2124
2136 0 0 2090 0 2090
2137 0 0 2076 0 2076
2138 0 0 2061 0 2061
2139 0 0 2074 0 2074
2140 2096 0 0 0 2096
2141 0 0 2050 0 2050
2142 1 0 0 2011 2012
2143 2044 0 0 0 2044
2144 1954 0 1 0 1955
2145 1959 0 1 0 1960
2146 0 0 1943 0 1943
2147 1 0 0 1898 1899
2148 2 0 1937 0 1939
2149 0 0 0 1915 1915
2150 1 0 0 1889 1890
2151 0 0 1858 0 1858
2152 0 0 1855 1 1856
2153 1865 0 0 1 1866
2154 1843 0 0 0 1843
2155 1 0 0 1804 1805
2156 0 1774 0 0 1774
2157 1775 0 0 0 1775
2158 0 0 1689 0 1689
2159 0 0 1 1685 1686
2160 70 0 1620 0 1690
2161 0 0 1689 0 1689
2162 1693 0 2 0 1695
2163 1 0 0 1687 1688
2164 0 0 1677 0 1677
2165 1672 0 0 0 1672
2166 1698 0 0 0 1698
2167 0 0 1668 0 1668
2168 0 0 0 1673 1673
2169 1663 0 0 0 1663
2170 1661 0 0 0 1661
2171 0 0 0 1688 1688
2172 1 0 1662 0 1663
2173 1 0 1653 0 1654
2174 1675 0 0 0 1675
2175 0 0 0 1650 1650
2176 91 0 1550 0 1641
2177 1668 0 0 0 1668
2178 1671 0 0 0 1671
2179 0 0 0 1660 1660
2180 1675 0 0 0 1675
2181 1668 0 0 0 1668
2182 15 0 0 0 15
