0 0 0 0 0 0
1 967 0 0 0 967
2 0 0 0 1054 1054
3 0 0 1085 0 1085
4 0 0 1118 0 1118
5 1111 0 0 0 1111
6 0 0 0 1123 1123
7 1139 0 0 0 1139
8 0 1248 0 0 1248
9 0 0 0 1376 1376
10 5 1 0 1413 1419
11 0 0 0 1423 1423
12 0 0 0 1442 1442
13 1478 0 0 0 1478
14 0 0 0 1461 1461
15 0 0 0 1466 1466
16 1473 0 1 0 1474
17 0 1498 0 0 1498
18 1526 0 0 0 1526
19 1517 0 0 2 1519
20 0 0 1558 0 1558
21 1546 1 0 0 1547
22 1560 1 0 0 1561
23 1544 0 0 0 1544
24 0 1586 0 0 1586
25 0 0 0 1579 1579
26 0 5 0 1582 1587
27 0 1590 0 7 1597
28 0 1606 0 0 1606
29 1580 0 0 14 1594
30 26 0 1565 0 1591
31 1590 0 0 0 1590
32 0 1616 0 0 1616
33 0 0 0 1613 1613
34 1611 0 0 1 1612
35 2 1617 0 1 1620
36 1606 0 0 0 1606
37 1605 1 0 0 1606
38 0 0 0 1625 1625
39 1602 0 1 0 1603
40 1600 0 0 0 1600
41 0 1 0 1612 1613
42 1608 0 0 0 1608
43 0 1621 0 0 1621
44 1627 0 0 0 1627
45 1621 1 0 0 1622
46 1614 0 0 0 1614
47 1597 0 2 0 1599
48 0 0 1591 0 1591
49 0 0 1562 0 1562
50 0 1601 0 0 1601
51 0 1665 0 0 1665
52 1668 0 0 0 1668
53 1666 0 0 0 1666
54 1653 0 0 0 1653
55 1664 0 3 0 1667
56 1666 1 0 0 1667
57 0 1670 0 0 1670
58 1699 0 0 1 1700
59 0 1683 1 0 1684
60 1696 0 1 0 1697
61 1673 0 0 0 1673
62 0 0 0 1671 1671
63 0 0 1630 0 1630
64 0 0 1666 0 1666
65 0 1684 0 0 1684
66 1707 0 0 0 1707
67 0 0 1699 0 1699
68 1669 0 0 0 1669
69 1708 0 4 0 1712
70 0 0 0 1699 1699
71 0 0 0 1707 1707
72 0 1 0 1727 1728
73 1728 0 0 0 1728
74 1 0 1698 0 1699
75 0 0 0 1693 1693
76 0 0 1687 0 1687
77 1713 0 0 0 1713
78 1725 0 0 0 1725
79 0 0 1696 0 1696
80 1708 0 0 0 1708
81 0 0 0 1697 1697
82 2 1718 0 0 1720
83 0 1738 0 0 1738
84 0 0 0 1745 1745
85 0 0 1744 0 1744
86 1747 0 0 0 1747
87 1756 0 0 0 1756
88 0 13 0 1747 1760
89 0 1 0 1758 1759
90 0 0 1742 0 1742
91 0 1756 0 0 1756
92 1772 0 0 0 1772
93 1777 0 0 0 1777
94 0 1768 0 0 1768
95 0 1780 0 0 1780
96 1802 0 1 0 1803
97 0 0 1774 1 1775
98 0 1785 0 1 1786
99 1796 0 1 0 1797
100 1814 0 0 0 1814
101 0 0 0 1837 1837
102 0 0 1837 1 1838
103 0 1834 0 0 1834
104 0 0 0 1850 1850
105 1853 0 0 0 1853
106 0 0 0 1846 1846
107 0 0 0 1840 1840
108 0 1854 0 1 1855
109 1856 0 0 0 1856
110 1864 0 1 0 1865
111 0 0 1 1853 1854
112 1861 0 0 0 1861
113 0 0 0 1869 1869
114 1 1869 1 5 1876
115 0 0 0 1870 1870
116 0 0 1855 0 1855
117 0 1861 0 1 1862
118 2 0 1869 0 1871
119 0 3 0 1846 1849
120 1 1848 0 5 1854
121 0 1853 0 1 1854
122 1880 0 0 0 1880
123 0 0 0 1889 1889
124 0 1890 0 0 1890
125 0 0 0 1926 1926
126 1900 0 1 0 1901
127 0 0 1917 0 1917
128 1872 0 0 0 1872
129 1 0 1917 0 1918
130 19 0 1940 4 1963
131 0 0 0 1948 1948
132 0 0 0 1997 1997
133 0 0 0 2024 2024
134 0 0 2009 1 2010
135 0 2008 0 0 2008
136 0 0 0 2032 2032
137 2030 2 0 0 2032
138 0 0 0 2042 2042
139 1 0 2046 0 2047
140 0 0 0 2054 2054
141 1677 0 394 2 2073
142 2067 0 1 0 2068
143 0 0 0 2109 2109
144 2125 0 0 0 2125
145 2076 0 0 0 2076
146 0 0 2135 0 2135
147 0 0 0 2038 2038
148 2 0 2121 0 2123
149 2147 0 0 1 2148
150 1 2160 0 1 2162
151 2201 0 0 1 2202
152 0 0 0 2251 2251
153 0 0 2267 0 2267
154 2283 0 0 0 2283
155 2329 0 1 0 2330
156 0 3 0 2372 2375
157 0 0 0 2398 2398
158 0 0 0 2409 2409
159 0 0 0 2438 2438
160 0 2433 0 8 2441
161 0 0 0 2443 2443
162 0 0 0 2451 2451
163 0 0 2423 0 2423
164 2410 0 0 0 2410
165 0 2407 0 46 2453
166 0 0 2456 0 2456
167 2364 0 0 0 2364
168 2361 0 0 0 2361
169 0 0 2416 3 2419
170 2413 0 0 0 2413
171 2437 0 0 0 2437
172 0 0 2496 0 2496
173 0 0 2469 0 2469
174 2473 0 0 0 2473
175 2497 0 1 0 2498
176 2487 0 0 0 2487
177 2497 0 0 0 2497
178 1 0 2494 0 2495
179 1 2521 0 0 2522
180 2535 0 3 0 2538
181 1 0 0 2539 2540
182 2562 0 0 1 2563
183 0 2 0 2564 2566
184 2561 0 0 0 2561
185 0 2578 0 1 2579
186 2576 0 0 0 2576
187 2 0 2568 0 2570
188 1 2560 0 0 2561
189 2573 0 0 0 2573
190 0 0 0 2586 2586
191 0 0 0 2596 2596
192 2587 0 0 0 2587
193 1 0 2577 0 2578
194 2573 0 0 0 2573
195 2575 0 0 0 2575
196 0 0 2577 0 2577
197 0 0 2552 2 2554
198 2548 0 6 0 2554
199 0 2573 0 1 2574
200 2583 1 1 0 2585
201 2568 5 0 0 2573
202 0 0 2594 0 2594
203 0 0 2603 1 2604
204 6 0 2596 0 2602
205 2632 0 2 0 2634
206 2657 0 0 0 2657
207 2663 0 0 0 2663
208 0 0 2651 0 2651
209 2651 0 0 0 2651
210 2691 0 1 0 2692
211 0 2885 4 0 2889
212 2961 0 1 0 2962
213 2973 0 4 0 2977
214 2963 0 0 0 2963
215 2966 0 0 0 2966
216 0 3049 0 1 3050
217 0 0 0 3015 3015
218 0 1 1 3041 3043
219 2 0 3010 0 3012
220 3032 0 2 0 3034
221 0 0 3028 0 3028
222 3029 0 0 0 3029
223 0 3001 0 0 3001
224 0 2965 0 0 2965
225 2995 0 0 0 2995
226 0 3014 0 0 3014
227 3012 0 0 0 3012
228 3007 0 0 0 3007
229 0 1 0 3008 3009
230 2987 0 0 0 2987
231 0 1 0 2999 3000
232 1 1 2996 0 2998
233 2917 0 0 0 2917
234 2921 0 0 0 2921
235 0 0 2970 0 2970
236 9 0 0 2604 2613
237 2899 0 0 0 2899
238 2936 1 0 0 2937
239 1 0 0 2923 2924
240 0 1 0 2933 2934
241 2 0 2890 0 2892
242 2871 0 8 0 2879
243 14 0 2889 0 2903
244 0 0 2897 0 2897
245 1 0 2889 0 2890
246 2895 0 0 0 2895
247 2903 0 0 0 2903
248 0 0 0 2882 2882
249 0 0 2907 0 2907
250 0 2872 1 2 2875
251 0 2886 0 0 2886
252 2948 0 0 0 2948
253 2937 0 0 0 2937
254 0 0 2892 0 2892
255 2892 0 0 0 2892
256 2903 1 1 0 2905
257 0 2937 0 0 2937
258 0 2930 0 0 2930
259 2923 0 8 0 2931
260 0 2 0 2890 2892
261 2939 0 0 0 2939
262 0 0 2895 0 2895
263 7 2879 0 0 2886
264 2914 0 3 0 2917
265 0 0 0 2902 2902
266 1 0 2896 0 2897
267 1 0 2885 0 2886
268 2891 0 0 0 2891
269 0 0 0 2889 2889
270 1 0 2866 0 2867
271 0 0 2873 0 2873
272 0 2 0 2853 2855
273 0 2837 0 1 2838
274 0 2854 0 2 2856
275 2881 0 0 0 2881
276 0 0 2887 0 2887
277 2859 0 0 0 2859
278 0 6 2880 0 2886
279 2868 0 0 0 2868
280 0 0 0 2824 2824
281 0 2833 0 1 2834
282 0 2884 0 0 2884
283 0 5 0 2868 2873
284 1 1 0 2878 2880
285 2889 0 0 3 2892
286 1 0 2854 0 2855
287 0 2864 0 0 2864
288 0 0 0 2829 2829
289 0 2877 0 0 2877
290 2898 0 0 0 2898
291 2874 0 0 0 2874
292 0 0 2870 18 2888
293 2864 0 0 0 2864
294 0 0 2843 0 2843
295 1 2843 0 0 2844
296 2863 1 0 0 2864
297 0 0 1 2859 2860
298 0 0 2851 0 2851
299 0 0 2847 0 2847
300 2845 0 0 1 2846
301 2844 0 0 0 2844
302 0 0 0 2848 2848
303 2793 0 1 0 2794
304 0 0 2770 0 2770
305 2756 0 0 0 2756
306 1 0 2726 0 2727
307 2729 0 0 0 2729
308 0 2729 0 0 2729
309 1 8 0 2560 2569
310 5 2554 0 1 2560
311 0 2594 0 1 2595
312 0 2628 0 2 2630
313 2660 0 0 0 2660
314 2491 0 94 6 2591
315 0 0 2582 0 2582
316 0 1 0 2532 2533
317 2569 0 0 0 2569
318 0 0 0 2560 2560
319 2 2549 0 0 2551
320 0 9 0 2555 2564
321 2 3 2532 0 2537
322 1 0 2532 0 2533
323 1 2540 0 0 2541
324 0 0 0 2570 2570
325 0 0 2556 0 2556
326 2494 2 1 1 2498
327 0 0 0 2542 2542
328 0 0 0 2531 2531
329 0 0 0 2569 2569
330 0 0 2568 1 2569
331 0 1 0 2544 2545
332 0 3 0 2568 2571
333 0 0 0 2592 2592
334 0 0 2595 0 2595
335 2600 0 0 0 2600
336 0 0 0 2567 2567
337 0 0 0 2620 2620
338 2576 0 2 0 2578
339 0 2615 0 3 2618
340 2634 0 1 0 2635
341 2652 0 0 0 2652
342 2606 0 0 0 2606
343 2584 0 0 0 2584
344 1 2594 0 1 2596
345 0 2555 0 8 2563
346 2575 4 1 0 2580
347 2568 0 0 0 2568
348 2545 0 0 0 2545
349 2547 0 1 0 2548
350 0 0 2551 0 2551
351 2518 0 2 0 2520
352 0 0 0 2521 2521
353 0 0 0 2561 2561
354 0 0 0 2585 2585
355 2599 0 0 0 2599
356 0 0 0 2582 2582
357 2613 0 0 0 2613
358 0 0 2558 0 2558
359 2522 0 0 0 2522
360 2554 0 1 3 2558
361 0 0 2561 3 2564
362 0 0 0 2473 2473
363 0 1 0 2519 2520
364 1 0 2536 0 2537
365 0 0 2521 0 2521
366 2510 0 1 0 2511
367 2514 0 0 0 2514
368 0 0 0 2511 2511
369 2537 0 0 0 2537
370 2537 0 0 0 2537
371 0 2542 0 2 2544
372 2538 0 0 1 2539
373 2529 0 0 0 2529
374 2520 0 0 0 2520
375 6 0 2532 0 2538
376 0 0 2534 0 2534
377 0 0 2514 1 2515
378 2436 1 4 0 2441
379 0 2 0 2464 2466
380 0 8 0 2487 2495
381 4 0 2477 1 2482
382 8 0 2449 0 2457
383 0 2472 0 0 2472
384 0 0 0 2562 2562
385 1 0 2561 0 2562
386 2507 0 0 0 2507
387 1 0 0 2559 2560
388 0 0 2543 0 2543
389 2443 0 0 0 2443
390 0 2 0 2464 2466
391 0 0 0 2480 2480
392 2433 0 0 0 2433
393 1 2501 0 0 2502
394 1 1 0 2520 2522
395 0 0 0 2528 2528
396 0 1 0 2529 2530
397 0 0 0 2598 2598
398 0 0 2584 1 2585
399 2 0 2634 1 2637
400 2599 0 3 0 2602
401 2679 1 0 0 2680
402 2744 0 0 0 2744
403 2722 1 1 1 2725
404 2718 0 0 0 2718
405 0 0 2708 1 2709
406 2720 0 1 0 2721
407 2755 0 3 1 2759
408 2747 0 0 0 2747
409 0 0 2864 0 2864
410 2861 0 1 0 2862
411 2866 1 0 0 2867
412 2885 0 1 0 2886
413 2906 0 0 0 2906
414 2891 0 0 1 2892
415 0 0 0 2872 2872
416 2 4 0 2906 2912
417 1 0 2881 0 2882
418 11 0 2879 0 2890
419 0 0 2860 1 2861
420 2866 0 1 0 2867
421 2897 0 0 0 2897
422 2876 0 0 0 2876
423 0 0 1 2854 2855
424 2884 0 0 0 2884
425 0 0 2839 1 2840
426 4 2820 0 1 2825
427 2896 0 0 0 2896
428 0 3 0 2904 2907
429 0 0 2906 0 2906
430 0 0 2885 0 2885
431 2885 0 0 0 2885
432 2892 0 0 0 2892
433 0 2898 0 0 2898
434 0 1 0 2925 2926
435 0 0 2882 1 2883
436 2888 0 0 1 2889
437 1 0 0 2946 2947
438 0 0 2939 4 2943
439 2923 0 0 0 2923
440 0 1 0 2962 2963
441 2954 0 1 0 2955
442 0 0 0 2965 2965
443 0 0 0 2973 2973
444 1 2956 0 1 2958
445 2987 0 0 1 2988
446 1 0 2957 0 2958
447 0 2978 0 0 2978
448 1 7 1 3001 3010
449 3007 0 3 0 3010
450 0 2993 0 0 2993
451 3022 0 0 0 3022
452 3004 0 0 0 3004
453 0 0 0 2988 2988
454 4 2978 0 0 2982
455 3043 0 0 1 3044
456 3024 0 0 0 3024
457 0 0 3021 1 3022
458 2982 0 0 1 2983
459 1 2974 0 0 2975
460 0 0 0 2979 2979
461 2963 0 0 5 2968
462 1 2958 0 4 2963
463 0 0 0 2922 2922
464 0 2985 0 1 2986
465 0 0 3013 1 3014
466 0 1 0 2969 2970
467 0 1 0 3008 3009
468 3019 0 0 0 3019
469 3010 0 0 0 3010
470 0 0 3047 0 3047
471 0 1 0 2969 2970
472 3059 0 0 1 3060
473 3087 0 0 0 3087
474 0 0 2 3079 3081
475 3 0 3056 1 3060
476 3058 0 0 0 3058
477 3019 0 1 0 3020
478 1 0 1 3024 3026
479 0 3022 0 0 3022
480 0 3026 0 0 3026
481 0 0 0 3023 3023
482 2 3039 0 0 3041
483 3025 0 0 0 3025
484 0 0 0 3035 3035
485 0 0 0 3070 3070
486 0 0 3080 0 3080
487 1 0 3057 1 3059
488 3018 1 0 0 3019
489 0 0 2 3056 3058
490 0 0 3068 3 3071
491 3022 0 0 0 3022
492 2 0 3084 0 3086
493 0 0 3065 0 3065
494 3032 0 1 0 3033
495 3038 0 0 0 3038
496 0 0 3064 0 3064
497 0 0 3033 0 3033
498 0 0 3015 6 3021
499 3028 0 0 0 3028
500 3048 0 0 0 3048
501 3026 1 0 0 3027
502 0 0 3043 0 3043
503 0 0 3036 0 3036
504 0 0 3006 1 3007
505 3021 0 0 1 3022
506 0 0 3048 0 3048
507 3008 0 0 0 3008
508 0 0 3024 0 3024
509 0 0 0 2972 2972
510 0 0 3015 0 3015
511 0 2997 0 0 2997
512 0 1 1 3056 3058
513 3055 0 0 0 3055
514 3046 0 0 0 3046
515 0 0 3044 0 3044
516 1 3015 0 1 3017
517 3048 0 0 0 3048
518 1 0 3035 5 3041
519 3028 0 0 0 3028
520 0 3017 0 0 3017
521 0 1 0 2982 2983
522 1 3011 0 2 3014
523 3015 0 1 0 3016
524 0 3016 1 0 3017
525 3050 0 0 0 3050
526 2 0 3019 0 3021
527 2992 0 0 0 2992
528 2973 0 0 0 2973
529 0 2973 0 0 2973
530 0 0 0 2949 2949
531 0 0 0 2922 2922
532 0 2940 0 1 2941
533 2964 0 0 0 2964
534 0 0 2943 0 2943
535 1 0 2893 0 2894
536 6 2851 0 0 2857
537 0 0 0 2915 2915
538 0 0 2914 1 2915
539 2895 0 0 1 2896
540 2892 0 5 0 2897
541 0 0 0 2861 2861
542 0 1 0 2870 2871
543 2867 0 0 1 2868
544 2849 0 0 0 2849
545 0 0 2838 0 2838
546 1 1 0 2724 2726
547 0 2763 0 1 2764
548 0 0 0 2785 2785
549 13 0 2775 0 2788
550 2780 0 0 0 2780
551 2781 0 2 0 2783
552 2782 0 0 0 2782
553 2767 0 0 0 2767
554 2751 0 0 0 2751
555 7 0 0 2718 2725
556 0 0 0 2740 2740
557 0 0 0 2720 2720
558 2745 0 0 1 2746
559 0 0 0 2761 2761
560 0 0 2765 1 2766
561 1 0 2860 0 2861
562 0 2851 0 0 2851
563 2905 0 3 0 2908
564 2830 0 10 0 2840
565 0 0 2877 0 2877
566 0 0 0 2821 2821
567 0 0 0 2825 2825
568 0 2825 0 0 2825
569 0 0 0 2833 2833
570 1 2847 0 0 2848
571 2852 3 0 0 2855
572 3 0 0 2820 2823
573 2806 0 18 0 2824
574 0 0 2830 0 2830
575 0 0 2789 0 2789
576 2759 0 0 0 2759
577 1 0 2796 0 2797
578 2807 0 0 0 2807
579 2812 0 0 0 2812
580 0 0 2834 0 2834
581 2833 0 1 0 2834
582 2827 0 0 1 2828
583 5 0 2781 0 2786
584 2767 0 1 0 2768
585 0 0 0 2792 2792
586 3 0 2776 0 2779
587 0 0 0 2752 2752
588 1 1 1 2760 2763
589 0 0 2751 0 2751
590 2731 1 2 0 2734
591 2728 0 1 0 2729
592 2737 0 0 1 2738
593 2777 0 7 1 2785
594 0 0 2826 0 2826
595 28 0 2796 3 2827
596 0 0 2797 0 2797
597 2807 0 0 0 2807
598 2839 0 6 0 2845
599 0 0 0 2887 2887
600 0 0 0 2914 2914
601 0 0 2897 0 2897
602 2896 2 1 0 2899
603 0 0 0 2976 2976
604 0 5 0 2999 3004
605 0 1 0 3009 3010
606 0 2 0 2991 2993
607 3009 0 0 0 3009
608 2996 0 0 0 2996
609 2974 0 0 0 2974
610 1 2968 0 8 2977
611 0 0 0 2975 2975
612 0 2 0 2950 2952
613 1 0 2918 0 2919
614 2 0 2859 0 2861
615 2621 0 263 0 2884
616 0 2897 0 0 2897
617 2932 0 0 0 2932
618 1 0 2914 0 2915
619 2884 0 0 1 2885
620 0 2909 1 0 2910
621 2932 0 1 0 2933
622 2892 0 0 1 2893
623 0 0 0 2862 2862
624 2884 0 0 0 2884
625 0 0 1 2863 2864
626 0 2859 0 0 2859
627 0 0 0 2850 2850
628 2852 0 0 0 2852
629 0 0 2830 1 2831
630 2804 0 5 1 2810
631 1 2835 0 1 2837
632 0 0 0 2849 2849
633 2878 0 0 0 2878
634 2864 0 0 0 2864
635 1 0 2829 0 2830
636 2782 0 15 2 2799
637 0 0 2834 1 2835
638 2815 0 0 0 2815
639 0 0 1 2798 2799
640 2848 0 4 0 2852
641 0 0 0 2829 2829
642 2850 0 0 0 2850
643 0 1 0 2847 2848
644 0 2816 0 0 2816
645 1 0 0 2880 2881
646 1 0 2850 0 2851
647 0 0 0 2848 2848
648 0 1 0 2819 2820
649 2 2820 0 0 2822
650 2 2835 0 0 2837
651 2839 0 2 0 2841
652 0 1 2877 0 2878
653 2 2879 2 9 2892
654 1 2935 0 1 2937
655 0 0 2986 2 2988
656 0 0 2990 0 2990
657 0 0 0 2961 2961
658 0 0 0 2994 2994
659 0 1 0 3001 3002
660 0 3009 0 0 3009
661 0 0 0 3006 3006
662 0 2990 0 0 2990
663 0 3033 0 2 3035
664 3051 0 2 0 3053
665 3018 1 2 0 3021
666 0 0 0 3044 3044
667 1 0 0 3026 3027
668 0 1 0 3041 3042
669 0 0 0 3088 3088
670 0 0 3081 0 3081
671 3047 0 0 0 3047
672 3075 0 0 0 3075
673 4 0 3070 0 3074
674 1 0 3043 1 3045
675 3041 0 0 0 3041
676 3068 0 0 0 3068
677 0 0 0 3048 3048
678 0 0 3018 0 3018
679 3044 0 0 1 3045
680 0 0 3021 1 3022
681 1 0 2992 0 2993
682 2990 0 3 0 2993
683 0 0 3060 0 3060
684 0 3042 0 1 3043
685 0 0 0 3090 3090
686 3086 0 1 0 3087
687 0 3118 1 0 3119
688 3111 0 0 0 3111
689 0 0 0 3108 3108
690 3124 0 0 0 3124
691 0 0 3105 0 3105
692 3086 0 0 0 3086
693 0 3136 0 0 3136
694 3159 0 1 0 3160
695 3128 0 0 0 3128
696 0 0 0 3156 3156
697 3202 0 0 1 3203
698 0 1 0 3170 3171
699 3186 0 2 0 3188
700 0 0 3137 0 3137
701 3094 0 0 0 3094
702 0 3171 0 1 3172
703 0 3160 0 0 3160
704 1 3212 0 0 3213
705 3257 0 0 0 3257
706 3229 0 0 0 3229
707 3225 0 18 0 3243
708 3211 0 1 0 3212
709 2 0 3195 0 3197
710 0 0 3179 0 3179
711 3181 0 1 0 3182
712 0 0 3213 0 3213
713 0 3205 0 2 3207
714 3226 0 1 0 3227
715 3237 0 0 0 3237
716 1 0 0 3243 3244
717 3265 0 1 0 3266
718 1 0 3220 0 3221
719 3237 0 0 0 3237
720 0 0 3274 0 3274
721 3273 0 2 0 3275
722 1 0 3255 0 3256
723 3261 0 2 0 3263
724 3263 0 1 0 3264
725 3269 0 0 0 3269
726 0 0 0 3254 3254
727 0 3273 0 0 3273
728 0 0 0 3299 3299
729 3307 0 1 0 3308
730 1 0 3237 0 3238
731 0 3257 0 0 3257
732 3269 0 4 0 3273
733 3263 0 0 1 3264
734 1 0 3282 0 3283
735 0 0 3239 0 3239
736 3246 0 0 0 3246
737 0 89 0 3187 3276
738 0 0 3265 0 3265
739 0 1 0 3243 3244
740 0 3239 0 0 3239
741 0 1 0 3232 3233
742 0 3186 0 0 3186
743 0 3149 0 5 3154
744 3 3192 0 0 3195
745 0 0 0 3201 3201
746 0 0 0 3209 3209
747 3217 0 0 0 3217
748 0 0 3183 0 3183
749 0 1 0 3145 3146
750 3192 0 0 0 3192
751 0 0 0 3154 3154
752 0 3199 0 2 3201
753 3211 0 0 0 3211
754 0 0 3191 0 3191
755 0 0 0 3102 3102
756 0 3146 0 1 3147
757 3143 0 2 0 3145
758 0 3158 0 0 3158
759 3094 0 0 0 3094
760 0 3120 1 0 3121
761 0 3136 0 0 3136
762 0 2 0 3140 3142
763 3155 0 3 0 3158
764 3133 0 0 0 3133
765 3147 1 0 0 3148
766 3147 0 0 0 3147
767 3133 0 3 0 3136
768 0 0 3113 0 3113
769 0 0 0 3036 3036
770 0 0 0 3115 3115
771 3136 0 1 0 3137
772 3094 0 24 0 3118
773 0 3113 0 0 3113
774 3133 1 0 0 3134
775 0 0 0 3104 3104
776 2 0 3058 0 3060
777 1 0 3001 4 3006
778 0 0 3011 0 3011
779 3068 0 0 0 3068
780 0 0 3065 0 3065
781 0 0 2978 0 2978
782 2954 0 2 2 2958
783 0 3032 0 0 3032
784 0 3045 0 0 3045
785 0 0 0 3054 3054
786 3051 0 4 0 3055
787 3059 0 1 0 3060
788 0 0 3007 0 3007
789 2967 0 1 0 2968
790 0 3000 0 1 3001
791 0 3008 0 0 3008
792 3023 0 0 0 3023
793 2936 0 1 0 2937
794 0 1 0 3017 3018
795 3011 0 0 0 3011
796 0 0 2962 0 2962
797 2 0 2921 0 2923
798 0 0 2914 0 2914
799 0 2909 0 0 2909
800 0 2940 0 0 2940
801 1 1 0 2949 2951
802 3 2927 0 0 2930
803 2905 0 0 0 2905
804 9 2950 0 0 2959
805 2977 0 0 0 2977
806 0 0 0 2929 2929
807 0 0 0 2919 2919
808 0 0 0 2920 2920
809 2899 0 6 0 2905
810 2 2897 0 4 2903
811 2 0 2855 0 2857
812 2811 3 3 0 2817
813 0 2859 0 0 2859
814 0 2824 0 3 2827
815 2833 0 3 0 2836
816 0 0 0 2811 2811
817 2 0 2807 0 2809
818 2802 0 1 0 2803
819 0 0 2785 0 2785
820 0 2772 1 0 2773
821 0 0 0 2755 2755
822 2732 0 1 0 2733
823 1 2780 0 0 2781
824 1 2777 0 0 2778
825 2791 0 0 3 2794
826 0 0 2786 0 2786
827 2753 0 0 1 2754
828 2740 0 2 0 2742
829 1 0 2725 0 2726
830 0 0 0 2641 2641
831 0 0 0 2633 2633
832 0 2689 0 0 2689
833 0 2688 0 0 2688
834 2671 0 2 0 2673
835 0 0 0 2663 2663
836 2654 2 3 0 2659
837 0 1 0 2648 2649
838 2640 0 0 0 2640
839 2620 0 0 2 2622
840 0 3 0 2608 2611
841 0 0 2566 0 2566
842 1 2525 0 1 2527
843 0 2582 0 0 2582
844 0 0 0 2539 2539
845 0 4 0 2537 2541
846 0 1 0 2531 2532
847 0 2529 0 0 2529
848 1 0 0 2528 2529
849 0 2 1 2509 2512
850 0 2490 0 0 2490
851 0 1 0 2516 2517
852 2516 0 1 0 2517
853 2462 0 0 0 2462
854 1 0 0 2449 2450
855 0 0 2423 0 2423
856 0 0 0 2389 2389
857 0 2395 0 2 2397
858 0 0 0 2409 2409
859 1 0 2387 0 2388
860 2371 0 5 0 2376
861 0 0 0 2389 2389
862 0 0 2361 0 2361
863 2365 0 1 0 2366
864 2341 0 7 0 2348
865 0 2367 0 0 2367
866 0 0 0 2373 2373
867 2383 0 1 0 2384
868 0 0 2413 5 2418
869 0 0 2361 0 2361
870 2356 1 0 0 2357
871 0 0 0 2328 2328
872 1 0 0 2332 2333
873 0 0 2339 0 2339
874 0 0 2374 0 2374
875 1 2383 0 1 2385
876 1 2359 0 1 2361
877 2409 0 1 0 2410
878 2389 0 1 0 2390
879 0 0 0 2351 2351
880 2372 0 0 1 2373
881 0 5 0 2351 2356
882 0 0 2339 0 2339
883 2293 0 0 0 2293
884 0 2336 0 0 2336
885 0 0 0 2314 2314
886 1 0 2292 0 2293
887 2253 0 0 0 2253
888 6 0 2243 0 2249
889 0 0 2259 0 2259
890 0 0 2261 0 2261
891 2286 0 4 0 2290
892 2313 0 1 0 2314
893 2292 0 0 0 2292
894 0 0 2242 0 2242
895 0 3 0 2145 2148
896 0 2208 0 0 2208
897 0 2234 0 0 2234
898 2291 0 5 0 2296
899 2294 0 0 0 2294
900 2280 0 0 0 2280
901 2284 0 0 0 2284
902 2264 0 0 0 2264
903 2218 2 0 0 2220
904 1 2253 0 0 2254
905 0 2218 0 0 2218
906 2 0 2204 0 2206
907 2189 1 1 0 2191
908 2203 0 0 0 2203
909 0 1 2170 0 2171
910 2181 0 0 0 2181
911 0 2186 0 1 2187
912 2205 0 0 0 2205
913 0 2 0 2176 2178
914 0 0 0 2176 2176
915 2032 0 133 0 2165
916 0 0 2113 0 2113
917 0 2089 0 0 2089
918 0 2103 0 0 2103
919 2105 0 0 0 2105
920 2106 0 2 0 2108
921 2079 0 0 0 2079
922 176 0 1897 0 2073
923 2058 0 0 0 2058
924 2042 0 0 1 2043
925 0 0 0 2029 2029
926 0 0 2040 0 2040
927 1 0 0 1987 1988
928 0 2022 0 0 2022
929 0 0 1 2029 2030
930 2046 0 0 0 2046
931 0 0 2013 0 2013
932 2010 0 1 0 2011
933 2038 0 0 0 2038
934 2030 0 0 0 2030
935 1998 0 5 0 2003
936 0 0 1972 0 1972
937 0 1 0 1796 1797
938 1867 1 1 0 1869
939 7 1862 0 0 1869
940 0 0 0 1856 1856
941 0 1862 0 0 1862
942 1874 0 2 1 1877
943 1856 0 1 0 1857
944 0 1847 0 0 1847
945 1844 0 0 0 1844
946 0 1837 0 0 1837
947 0 0 0 1818 1818
948 1819 0 1 0 1820
949 0 1849 0 0 1849
950 0 0 1825 0 1825
951 1820 0 0 0 1820
952 1 1 1812 0 1814
953 1816 0 1 0 1817
954 1 0 0 1809 1810
955 0 1833 0 0 1833
956 1850 0 0 0 1850
957 1853 0 0 0 1853
958 1835 0 0 4 1839
959 0 1824 0 0 1824
960 0 6 0 1816 1822
961 3 0 1787 0 1790
962 1783 0 2 0 1785
963 1 1783 0 0 1784
964 0 1765 0 1 1766
965 1 1775 0 0 1776
966 1807 0 1 0 1808
967 1636 0 151 0 1787
968 0 0 0 1782 1782
969 1812 0 0 0 1812
970 0 0 0 1790 1790
971 0 1 0 1806 1807
972 1832 0 0 0 1832
973 1810 0 0 0 1810
974 0 0 0 1801 1801
975 1819 0 0 0 1819
976 1826 0 0 0 1826
977 0 0 0 1805 1805
978 0 0 1807 0 1807
979 1803 0 0 0 1803
980 1803 0 1 0 1804
981 1814 0 0 0 1814
982 1823 0 0 0 1823
983 2 0 1797 0 1799
984 0 1786 0 0 1786
985 2 0 1784 0 1786
986 1761 0 3 0 1764
987 2 0 1786 0 1788
988 1776 0 0 0 1776
989 1779 0 0 0 1779
990 1789 0 0 0 1789
991 0 0 1760 0 1760
992 0 1756 0 0 1756
993 0 0 0 1789 1789
994 1793 0 0 0 1793
995 1799 0 0 0 1799
996 0 1786 0 1 1787
997 1 0 1785 4 1790
998 1807 0 0 0 1807
999 1822 0 0 0 1822
1000 1834 0 0 0 1834
1001 1824 0 0 0 1824
1002 0 0 0 1810 1810
1003 0 0 0 1795 1795
1004 0 0 0 1803 1803
1005 0 1812 1 0 1813
1006 1 0 0 1813 1814
1007 0 0 0 1820 1820
1008 1800 1 0 0 1801
1009 0 0 0 1781 1781
1010 0 0 1812 0 1812
1011 1 0 1801 0 1802
1012 1780 0 0 0 1780
1013 1792 0 1 0 1793
1014 0 0 1783 0 1783
1015 25 1743 0 0 1768
1016 0 1 0 1804 1805
1017 0 1 211 1594 1806
1018 0 0 0 1807 1807
1019 0 0 1826 0 1826
1020 0 0 1809 0 1809
1021 1779 0 5 1 1785
1022 0 0 1837 0 1837
1023 1788 2 13 3 1806
1024 2 0 1820 0 1822
1025 1831 0 0 0 1831
1026 1 1829 0 0 1830
1027 1 0 0 1834 1835
1028 0 0 1816 0 1816
1029 0 0 0 1813 1813
1030 0 0 1833 0 1833
1031 0 0 0 1808 1808
1032 1838 0 22 0 1860
1033 1850 0 0 0 1850
1034 1858 0 0 0 1858
1035 0 0 0 1859 1859
1036 1849 0 1 1 1851
1037 1 1889 0 0 1890
1038 1900 2 0 0 1902
1039 1890 0 20 0 1910
1040 0 0 0 1909 1909
1041 1926 0 0 0 1926
1042 1916 0 0 0 1916
1043 0 0 1950 0 1950
1044 1 2 1 1844 1848
1045 1945 0 1 0 1946
1046 1941 0 0 0 1941
1047 0 2 0 1971 1973
1048 1 0 2053 0 2054
1049 2035 0 16 0 2051
1050 0 0 2103 0 2103
1051 0 0 2122 0 2122
1052 1958 0 199 0 2157
1053 2173 0 0 0 2173
1054 0 1 2142 0 2143
1055 2 2355 0 1 2358
1056 4 0 2410 1 2415
1057 2412 0 1 0 2413
1058 0 0 2437 0 2437
1059 0 2500 0 2 2502
1060 2537 0 1 0 2538
1061 2530 1 0 0 2531
1062 0 2557 0 0 2557
1063 0 0 2559 0 2559
1064 2517 0 0 1 2518
1065 3 0 2555 0 2558
1066 1 2550 0 5 2556
1067 0 0 0 2553 2553
1068 2586 0 0 0 2586
1069 1 2659 0 0 2660
1070 2723 0 1 0 2724
1071 0 0 2657 36 2693
1072 2697 0 0 0 2697
1073 2700 0 0 0 2700
1074 2696 0 0 1 2697
1075 2663 0 0 0 2663
1076 1 2666 2 0 2669
1077 0 2619 0 1 2620
1078 2667 0 1 0 2668
1079 2643 0 0 0 2643
1080 0 1 1 2616 2618
1081 0 1 0 2618 2619
1082 2658 0 0 0 2658
1083 1 0 0 2619 2620
1084 1 0 2626 0 2627
1085 0 2622 0 0 2622
1086 2 2594 0 1 2597
1087 2668 0 0 0 2668
1088 2649 0 2 0 2651
1089 2628 0 0 8 2636
1090 1 0 0 2624 2625
1091 0 0 2602 0 2602
1092 1 0 2591 0 2592
1093 4 0 2618 0 2622
1094 1 2602 0 0 2603
1095 0 2589 0 0 2589
1096 2639 0 2 0 2641
1097 1 2634 0 0 2635
1098 2646 4 1 0 2651
1099 0 0 2671 0 2671
1100 0 0 2669 1 2670
1101 0 0 2666 0 2666
1102 0 0 2658 0 2658
1103 2640 1 0 0 2641
1104 0 0 0 2621 2621
1105 2 0 2658 0 2660
1106 0 0 2673 0 2673
1107 2652 0 3 0 2655
1108 0 0 0 2694 2694
1109 1 0 0 2750 2751
1110 2758 0 0 0 2758
1111 2759 0 0 0 2759
1112 1 2748 0 0 2749
1113 2752 0 0 0 2752
1114 0 0 0 2746 2746
1115 2728 0 0 0 2728
1116 0 2731 0 1 2732
1117 0 2739 0 0 2739
1118 2785 0 1 1 2787
1119 1 0 2830 0 2831
1120 2913 1 1 0 2915
1121 3028 0 0 0 3028
1122 2998 0 0 0 2998
1123 3019 0 0 1 3020
1124 1 2 0 3005 3008
1125 3043 0 0 0 3043
1126 3047 0 0 1 3048
1127 0 1 0 3050 3051
1128 0 0 3023 0 3023
1129 3023 0 0 0 3023
1130 3015 0 23 0 3038
1131 3032 1 0 0 3033
1132 0 0 3017 0 3017
1133 3013 0 0 0 3013
1134 3030 0 1 0 3031
1135 2 0 3023 0 3025
1136 0 0 0 2915 2915
1137 3052 0 1 0 3053
1138 0 0 3010 1 3011
1139 1 3030 0 1 3032
1140 3052 0 1 0 3053
1141 3044 0 0 0 3044
1142 0 1 0 3027 3028
1143 3055 1 0 0 3056
1144 0 0 3045 0 3045
1145 3027 0 0 0 3027
1146 0 1 0 3015 3016
1147 0 0 3023 0 3023
1148 3024 0 3 1 3028
1149 1 3035 0 0 3036
1150 661 3 2395 0 3059
1151 3096 0 0 0 3096
1152 3092 0 1 0 3093
1153 3088 0 0 0 3088
1154 0 3104 0 0 3104
1155 3098 0 60 0 3158
1156 3147 0 0 0 3147
1157 0 0 0 3132 3132
1158 1 0 3104 0 3105
1159 0 3 0 3050 3053
1160 1 0 3102 0 3103
1161 0 3110 0 0 3110
1162 2 3126 0 1 3129
1163 3160 0 1 0 3161
1164 3143 0 0 0 3143
1165 0 0 3182 0 3182
1166 3138 3 0 0 3141
1167 3170 0 0 0 3170
1168 0 0 3147 0 3147
1169 3141 0 0 1 3142
1170 1 0 3151 0 3152
1171 1 3113 0 2 3116
1172 1 3207 0 0 3208
1173 0 0 1 3232 3233
1174 3283 0 0 0 3283
1175 3292 0 0 0 3292
1176 3293 0 1 0 3294
1177 3292 0 0 0 3292
1178 0 0 0 3249 3249
1179 0 3246 0 3 3249
1180 0 3229 0 0 3229
1181 1 3287 0 0 3288
1182 0 4 0 3295 3299
1183 3307 0 0 0 3307
1184 3290 0 0 1 3291
1185 2 3282 0 0 3284
1186 3306 0 0 0 3306
1187 3287 0 1 0 3288
1188 3298 0 0 0 3298
1189 0 0 0 3288 3288
1190 0 0 3309 0 3309
1191 0 0 0 3230 3230
1192 3304 0 0 0 3304
1193 1 0 3299 0 3300
1194 3282 0 0 0 3282
1195 0 0 3301 0 3301
1196 0 6 0 3157 3163
1197 1 0 3241 0 3242
1198 1 0 3218 0 3219
1199 1 3245 0 0 3246
1200 1 0 0 3254 3255
1201 0 0 3287 0 3287
1202 1 3229 0 0 3230
1203 0 3 0 3268 3271
1204 0 4 0 3327 3331
1205 0 0 3304 0 3304
1206 0 0 3289 0 3289
1207 0 0 3415 0 3415
1208 0 0 1 3040 3041
1209 0 1 0 3352 3353
1210 0 3381 0 1 3382
1211 3452 0 0 0 3452
1212 3459 0 1 0 3460
1213 3474 0 0 0 3474
1214 0 3475 0 0 3475
1215 3482 0 0 0 3482
1216 0 0 3471 0 3471
1217 3438 0 0 0 3438
1218 2 0 3447 0 3449
1219 3466 0 0 0 3466
1220 0 0 0 3471 3471
1221 1 0 3475 0 3476
1222 3530 0 0 0 3530
1223 3514 0 1 1 3516
1224 0 0 0 3449 3449
1225 0 3523 0 1 3524
1226 0 0 1 3527 3528
1227 3547 0 1 0 3548
1228 0 0 0 3520 3520
1229 0 0 0 3545 3545
1230 2 0 3426 0 3428
1231 3504 0 1 0 3505
1232 0 0 3463 1 3464
1233 0 3428 1 40 3469
1234 3502 0 0 1 3503
1235 0 3529 0 0 3529
1236 0 0 0 3514 3514
1237 0 3555 0 0 3555
1238 0 0 0 3590 3590
1239 1 1 3564 0 3566
1240 3547 0 1 0 3548
1241 0 3581 0 1 3582
1242 3610 0 1 1 3612
1243 3580 0 0 0 3580
1244 0 0 3619 0 3619
1245 1 0 1 3485 3487
1246 3588 0 0 0 3588
1247 3571 0 0 0 3571
1248 3585 0 1 0 3586
1249 3575 0 4 0 3579
1250 0 0 3428 0 3428
1251 3497 0 1 1 3499
1252 0 0 3352 0 3352
1253 0 3441 1 0 3442
1254 0 0 0 3448 3448
1255 0 3506 0 4 3510
1256 1 0 0 3505 3506
1257 0 0 3474 0 3474
1258 0 0 3413 4 3417
1259 3438 4 1 0 3443
1260 0 3441 0 1 3442
1261 0 3471 0 1 3472
1262 0 1 0 3452 3453
1263 3443 0 0 0 3443
1264 1 3418 0 0 3419
1265 0 3421 0 0 3421
1266 3417 0 0 0 3417
1267 0 0 3417 0 3417
1268 3357 0 0 0 3357
1269 3381 0 1 0 3382
1270 3416 0 0 0 3416
1271 0 0 0 3401 3401
1272 3405 0 1 0 3406
1273 1 0 3293 1 3295
1274 0 0 3306 1 3307
1275 27 0 3300 0 3327
1276 1 3315 0 1 3317
1277 0 3384 0 0 3384
1278 3337 0 1 0 3338
1279 3 0 3337 0 3340
1280 3307 0 1 0 3308
1281 0 3135 0 0 3135
1282 3319 0 0 0 3319
1283 1 0 0 3239 3240
1284 3347 0 1 0 3348
1285 3 0 3175 0 3178
1286 0 3225 0 2 3227
1287 3210 0 0 0 3210
1288 0 3246 0 0 3246
1289 1 3293 0 0 3294
1290 0 3347 0 1 3348
1291 0 0 3330 0 3330
1292 0 0 0 3118 3118
1293 22 3 3222 0 3247
1294 19 0 3255 1 3275
1295 3224 2 1 0 3227
1296 0 0 3265 2 3267
1297 7 3269 0 2 3278
1298 3268 0 2 0 3270
1299 0 0 0 3311 3311
1300 0 0 3336 0 3336
1301 3 2 0 3195 3200
1302 3334 0 2 5 3341
1303 1 0 3368 0 3369
1304 0 0 3353 0 3353
1305 3273 0 2 0 3275
1306 3321 0 0 0 3321
1307 0 0 3351 0 3351
1308 0 0 0 3147 3147
1309 6 0 3364 4 3374
1310 3404 0 0 0 3404
1311 3453 0 0 0 3453
1312 3474 0 0 3 3477
1313 4 0 3469 1 3474
1314 3482 0 0 0 3482
1315 3523 0 5 0 3528
1316 0 0 3526 1 3527
1317 0 0 3588 0 3588
1318 3598 0 0 4 3602
1319 3624 0 0 0 3624
1320 3632 0 0 5 3637
1321 0 1 0 3577 3578
1322 3525 0 0 1 3526
1323 1 3712 0 0 3713
1324 0 0 0 3695 3695
1325 0 0 0 3684 3684
1326 0 2 0 3705 3707
1327 1 0 3687 0 3688
1328 1 2 0 3668 3671
1329 1 0 1 3725 3727
1330 3752 0 1 2 3755
1331 3784 0 4 0 3788
1332 0 3771 0 1 3772
1333 0 0 3778 0 3778
1334 3730 0 0 0 3730
1335 3785 0 0 0 3785
1336 3745 0 0 0 3745
1337 0 1 0 3749 3750
1338 0 3765 0 1 3766
1339 3787 0 0 0 3787
1340 3735 0 1 0 3736
1341 10 3783 0 0 3793
1342 0 0 0 3761 3761
1343 3745 0 0 0 3745
1344 0 3776 0 0 3776
1345 0 0 0 3760 3760
1346 1 0 3769 0 3770
1347 0 0 0 3694 3694
1348 3738 0 1 3 3742
1349 3741 1 0 0 3742
1350 3 0 3768 0 3771
1351 0 0 3709 0 3709
1352 0 3610 0 0 3610
1353 0 3710 0 0 3710
1354 0 1 0 3715 3716
1355 2 3760 0 0 3762
1356 0 0 0 3753 3753
1357 3764 0 0 0 3764
1358 1 3778 0 1 3780
1359 3739 0 1 0 3740
1360 0 0 3839 0 3839
1361 0 0 0 3752 3752
1362 0 1 0 3833 3834
1363 3845 0 0 0 3845
1364 0 0 0 3858 3858
1365 2 0 3847 0 3849
1366 3754 0 0 0 3754
1367 0 1 0 3803 3804
1368 1 0 3815 0 3816
1369 3758 0 3 0 3761
1370 3769 0 0 0 3769
1371 0 0 3816 3 3819
1372 0 0 0 3710 3710
1373 3802 1 0 0 3803
1374 0 0 0 3821 3821
1375 0 0 3806 0 3806
1376 0 1 0 3761 3762
1377 3 0 3810 0 3813
1378 0 3822 0 0 3822
1379 0 1 0 3835 3836
1380 0 0 0 3843 3843
1381 0 4 0 3865 3869
1382 0 0 0 3833 3833
1383 0 0 0 3836 3836
1384 0 3820 0 0 3820
1385 3816 0 0 0 3816
1386 0 5 0 3784 3789
1387 3751 0 1 0 3752
1388 1 3750 0 1 3752
1389 0 1 0 3760 3761
1390 0 5 0 3701 3706
1391 0 3709 0 0 3709
1392 3710 1 1 0 3712
1393 0 0 0 3715 3715
1394 0 0 0 3717 3717
1395 0 0 3711 1 3712
1396 0 0 0 3702 3702
1397 0 0 0 3739 3739
1398 2 0 3697 5 3704
1399 3659 0 2 0 3661
1400 3698 0 0 0 3698
1401 0 0 0 3705 3705
1402 1 0 3685 0 3686
1403 3686 0 0 0 3686
1404 3689 0 0 2 3691
1405 3685 0 0 0 3685
1406 1 0 3619 0 3620
1407 2 3630 0 1 3633
1408 3689 0 1 0 3690
1409 3651 0 0 7 3658
1410 0 0 0 3640 3640
1411 0 1 3632 0 3633
1412 0 3568 0 1 3569
1413 9 3610 0 2 3621
1414 3687 1 9 0 3697
1415 7 0 3639 0 3646
1416 1 3611 0 2 3614
1417 3637 0 0 0 3637
1418 0 2 0 3636 3638
1419 0 0 3658 0 3658
1420 1 0 3905 0 3906
1421 0 0 3974 1 3975
1422 3996 0 3 0 3999
1423 4035 0 3 0 4038
1424 4007 0 20 1 4028
1425 4023 0 0 0 4023
1426 0 0 0 4017 4017
1427 3975 0 4 0 3979
1428 0 4005 1 0 4006
1429 4057 2 1 0 4060
1430 4013 0 0 2 4015
1431 3997 0 1 1 3999
1432 0 0 3975 1 3976
1433 3 0 1 3919 3923
1434 4045 0 0 0 4045
1435 4046 0 1 0 4047
1436 0 0 1 4029 4030
1437 3948 0 0 0 3948
1438 2 4006 0 1 4009
1439 1 4059 0 0 4060
1440 4115 0 0 0 4115
1441 4068 0 1 0 4069
1442 0 0 1 4087 4088
1443 4126 0 0 0 4126
1444 4058 0 0 0 4058
1445 0 4099 0 0 4099
1446 1 4137 0 0 4138
1447 4184 0 1 0 4185
1448 4160 0 0 0 4160
1449 0 4205 0 0 4205
1450 4212 0 0 0 4212
1451 0 0 4238 0 4238
1452 4161 0 1 0 4162
1453 0 0 4195 0 4195
1454 0 1 0 4088 4089
1455 4197 1 0 0 4198
1456 2 1 4231 0 4234
1457 0 0 0 4096 4096
1458 4199 0 0 0 4199
1459 4181 0 0 0 4181
1460 4195 0 0 0 4195
1461 0 0 0 4229 4229
1462 0 0 4275 0 4275
1463 4289 0 0 1 4290
1464 4333 1 1 0 4335
1465 4350 0 3 0 4353
1466 4347 0 0 1 4348
1467 4332 0 3 0 4335
1468 3 0 4361 0 4364
1469 3 0 4359 1 4363
1470 4352 0 8 0 4360
1471 0 0 4467 0 4467
1472 4518 0 4 0 4522
1473 4528 0 14 0 4542
1474 4555 0 1 0 4556
1475 0 0 4689 0 4689
1476 0 0 0 4592 4592
1477 0 0 0 4672 4672
1478 0 0 0 4688 4688
1479 1 4730 0 8 4739
1480 0 1 4783 2 4786
1481 4733 1 11 1 4746
1482 0 4812 0 1 4813
1483 4858 1 0 0 4859
1484 1 0 0 4818 4819
1485 1 0 4824 1 4826
1486 0 4697 0 82 4779
1487 0 1 0 4794 4795
1488 1 1 1 4819 4822
1489 0 0 0 4834 4834
1490 4762 0 2 8 4772
1491 0 4798 0 0 4798
1492 0 0 4782 0 4782
1493 1 0 4757 0 4758
1494 0 0 0 4861 4861
1495 9 4811 0 0 4820
1496 0 0 0 4859 4859
1497 2 0 4866 1 4869
1498 1 0 4815 1 4817
1499 1 4848 0 2 4851
1500 0 0 4893 5 4898
1501 0 0 4891 1 4892
1502 0 1 0 3563 3564
1503 0 0 0 4564 4564
1504 3296 0 0 2 3298
1505 4587 0 0 0 4587
1506 4827 0 0 0 4827
1507 2 0 3220 0 3222
1508 0 0 4331 0 4331
1509 3607 0 14 0 3621
1510 4 3490 0 0 3494
1511 4165 2 0 0 4167
1512 4918 1 1 0 4920
1513 1 1 0 3123 3125
1514 1 3610 1 0 3612
1515 0 0 0 3665 3665
1516 0 4189 0 0 4189
1517 3865 3 1 6 3875
1518 0 0 0 4015 4015
1519 5 3977 0 5 3987
1520 0 0 2 4457 4459
1521 8 2 3514 1 3525
1522 3513 3 1 3 3520
1523 0 1 4123 0 4124
1524 40 0 4700 0 4740
1525 2 1 4999 1 5003
1526 0 0 5151 0 5151
1527 3146 0 11 2 3159
1528 5 0 4077 0 4082
1529 3584 0 0 0 3584
1530 0 0 0 3949 3949
1531 4127 0 0 0 4127
1532 2 4020 0 0 4022
1533 1 2 0 4486 4489
1534 0 0 4370 0 4370
1535 3679 1 1 1 3682
1536 0 0 0 4348 4348
1537 0 0 4360 0 4360
1538 1 1 1 4323 4326
1539 0 0 0 5041 5041
1540 1 0 3951 0 3952
1541 1 0 1 4263 4265
1542 4091 1 1 2 4095
1543 5050 0 0 2 5052
1544 3 4199 0 0 4202
1545 4559 0 1 0 4560
1546 0 0 4492 0 4492
1547 0 0 0 3871 3871
1548 0 0 1 4949 4950
1549 1 0 4204 0 4205
1550 1 2 0 4301 4304
1551 4338 0 3 1 4342
1552 5219 0 1 0 5220
1553 4 4290 0 0 4294
1554 0 5 1 4745 4751
1555 0 0 0 5508 5508
1556 0 0 0 5769 5769
1557 0 0 0 5861 5861
1558 3 0 3931 12 3946
1559 3841 0 1 0 3842
1560 5123 1 0 0 5124
1561 0 1 0 4749 4750
1562 0 2 0 5538 5540
1563 0 1 0 5740 5741
1564 4338 0 1 0 4339
1565 4 0 4273 0 4277
1566 0 0 0 4329 4329
1567 4733 0 1 0 4734
1568 0 0 4689 0 4689
1569 0 0 1 4354 4355
1570 4684 0 1 0 4685
1571 0 4690 1 23 4714
1572 5034 0 0 1 5035
1573 0 0 4575 0 4575
1574 4854 0 2 0 4856
1575 0 0 0 4519 4519
1576 1 4643 0 1 4645
1577 0 5160 0 0 5160
1578 1 5412 0 9 5422
1579 4712 0 0 0 4712
1580 0 1 4889 0 4890
1581 4682 0 2 0 4684
1582 0 0 5040 0 5040
1583 1 0 0 4301 4302
1584 0 1 4926 0 4927
1585 13 1 5241 0 5255
1586 4177 0 1 0 4178
1587 1 4559 0 1 4561
1588 0 1 0 4739 4740
1589 0 4999 0 1 5000
1590 4722 0 1 2 4725
1591 0 0 5038 0 5038
1592 3 0 5347 0 5350
1593 4444 0 1 1 4446
1594 5261 0 0 1 5262
1595 5414 0 0 0 5414
1596 0 0 4408 0 4408
1597 1 0 0 4158 4159
1598 2 1 4493 0 4496
1599 9 0 4926 0 4935
1600 0 4312 0 12 4324
1601 0 5048 0 1 5049
1602 4123 611 3 0 4737
1603 5121 0 0 0 5121
1604 5364 0 1 0 5365
1605 5423 0 1 0 5424
1606 0 0 0 4963 4963
1607 5042 0 1 0 5043
1608 0 0 1 4895 4896
1609 4730 0 2 0 4732
1610 0 4555 0 1 4556
1611 1 0 0 4888 4889
1612 1 0 4759 1 4761
1613 0 2 1 4644 4647
1614 0 0 4944 0 4944
1615 0 1 1 4565 4567
1616 0 0 1 5078 5079
1617 0 2 0 5352 5354
1618 4436 0 0 7 4443
1619 0 0 4535 0 4535
1620 1 0 5082 0 5083
1621 4290 0 1 0 4291
1622 1 0 0 4535 4536
1623 1 10 0 5117 5128
1624 1 0 4405 1 4407
1625 2 0 4933 10 4945
1626 0 4290 0 1 4291
1627 0 2 0 4301 4303
1628 1 4548 0 0 4549
1629 1 5004 0 0 5005
1630 3 5210 0 6 5219
1631 0 0 0 4676 4676
1632 4446 0 0 0 4446
1633 0 4 0 4723 4727
1634 0 1 0 5082 5083
1635 0 1 0 5193 5194
1636 0 0 4588 0 4588
1637 0 2 1 4382 4385
1638 0 0 4605 0 4605
1639 4081 0 1 0 4082
1640 3 0 4669 0 4672
1641 0 0 1 4064 4065
1642 0 0 4551 0 4551
1643 0 0 4939 0 4939
1644 0 0 5079 0 5079
1645 4052 0 0 0 4052
1646 0 0 4497 1 4498
1647 0 0 4929 5 4934
1648 1 0 5202 0 5203
1649 4340 0 6 1 4347
1650 4880 0 0 0 4880
1651 5220 0 0 0 5220
1652 5252 0 3 0 5255
1653 5211 0 0 0 5211
1654 0 0 0 4716 4716
1655 2 4589 0 0 4591
1656 0 1 0 4807 4808
1657 2 5 4701 0 4708
1658 0 1 0 4560 4561
1659 21 0 4647 0 4668
1660 0 0 1 4444 4445
1661 4482 0 0 0 4482
1662 1 4660 0 0 4661
1663 1 23 0 4761 4785
1664 0 0 0 4971 4971
1665 0 0 4324 0 4324
1666 1 1 0 4433 4435
1667 4373 0 1 0 4374
1668 0 4496 0 0 4496
1669 1 1 1 4657 4660
1670 1 0 4439 0 4440
1671 0 4453 0 3 4456
1672 2 4727 0 0 4729
1673 1 0 4512 0 4513
1674 4342 0 2 0 4344
1675 0 0 4582 0 4582
1676 0 0 0 4274 4274
1677 5 0 4404 0 4409
1678 4329 0 0 0 4329
1679 4586 0 0 0 4586
1680 0 863 0 3629 4492
1681 1 0 4387 0 4388
1682 8 0 4483 2 4493
1683 0 4243 0 8 4251
1684 4226 0 1 1 4228
1685 0 4430 0 0 4430
1686 4387 0 0 0 4387
1687 4472 0 0 0 4472
1688 4530 0 0 1 4531
1689 0 0 0 4377 4377
1690 4467 0 0 0 4467
1691 4552 3 0 0 4555
1692 0 0 4279 0 4279
1693 4282 0 0 0 4282
1694 0 0 0 4122 4122
1695 6 4210 0 0 4216
1696 2 4392 0 3 4397
1697 4315 0 1 1 4317
1698 4398 1 0 0 4399
1699 4434 0 1 0 4435
1700 0 0 1 4326 4327
1701 2 0 4317 0 4319
1702 4192 0 2 1 4195
1703 4324 0 0 0 4324
1704 4366 0 0 0 4366
1705 0 2 0 4241 4243
1706 0 0 4213 0 4213
1707 1 0 4330 0 4331
1708 1 0 4357 0 4358
1709 2 0 4389 0 4391
1710 4093 0 7 0 4100
1711 4260 0 0 0 4260
1712 0 0 0 4214 4214
1713 0 1 4272 0 4273
1714 0 0 4328 0 4328
1715 4147 0 0 0 4147
1716 4298 1 3 0 4302
1717 0 1 4150 0 4151
1718 0 4138 0 0 4138
1719 0 1 0 4259 4260
1720 4260 0 0 1 4261
1721 0 1 4234 1 4236
1722 4188 0 0 0 4188
1723 4254 0 1 0 4255
1724 1 0 4168 0 4169
1725 4110 0 0 0 4110
1726 0 0 0 4168 4168
1727 0 0 4194 0 4194
1728 0 3 0 4077 4080
1729 0 46 0 4103 4149
1730 0 2 0 4182 4184
1731 0 0 4092 0 4092
1732 4 4059 0 0 4063
1733 0 0 0 4099 4099
1734 0 0 0 4086 4086
1735 0 4082 0 0 4082
1736 4114 0 0 0 4114
1737 4076 0 0 0 4076
1738 0 0 0 4035 4035
1739 0 4051 0 0 4051
1740 4076 0 1 1 4078
1741 4053 0 0 0 4053
1742 0 0 0 4024 4024
1743 5 0 3942 0 3947
1744 0 3921 0 0 3921
1745 3992 0 2 0 3994
1746 3962 0 2 0 3964
1747 0 3941 0 1 3942
1748 3991 0 1 0 3992
1749 3940 0 0 0 3940
1750 3988 0 0 0 3988
1751 0 1 3 3978 3982
1752 0 0 4021 0 4021
1753 0 0 3971 0 3971
1754 3945 0 0 0 3945
1755 0 0 4004 1 4005
1756 8 0 3925 1 3934
1757 0 3916 0 1 3917
1758 3992 1 0 0 3993
1759 3989 0 0 1 3990
1760 0 0 0 3995 3995
1761 1 0 0 4009 4010
1762 3 0 3993 0 3996
1763 0 0 0 3947 3947
1764 0 0 0 3968 3968
1765 1 0 4096 0 4097
1766 4093 0 0 1 4094
1767 4064 0 1 0 4065
1768 0 4066 0 0 4066
1769 4096 0 0 0 4096
1770 0 0 4065 0 4065
1771 0 0 4013 0 4013
1772 4051 0 0 0 4051
1773 4022 0 0 1 4023
1774 0 0 0 3957 3957
1775 0 3962 0 1 3963
1776 3972 0 0 1 3973
1777 1 0 0 3911 3912
1778 2 3942 0 0 3944
1779 20 0 3891 0 3911
1780 3882 0 0 0 3882
1781 0 0 0 3890 3890
1782 3890 0 2 0 3892
1783 0 3868 0 0 3868
1784 3948 0 1 8 3957
1785 3887 1 0 0 3888
1786 0 0 3891 0 3891
1787 1 0 3826 0 3827
1788 3826 0 3 0 3829
1789 0 1 0 3833 3834
1790 3844 0 1 2 3847
1791 0 0 0 3834 3834
1792 2 0 3871 0 3873
1793 3837 0 2 1 3840
1794 2 3863 0 0 3865
1795 3858 0 0 0 3858
1796 1 0 0 3820 3821
1797 0 0 3771 0 3771
1798 3695 0 1 1 3697
1799 2 3752 0 0 3754
1800 0 3722 0 1 3723
1801 3755 1 3 0 3759
1802 3745 0 0 0 3745
1803 3726 0 0 0 3726
1804 0 0 3747 0 3747
1805 0 3611 0 1 3612
1806 0 3681 0 0 3681
1807 1 4 0 3698 3703
1808 0 0 3722 0 3722
1809 0 1 0 3655 3656
1810 0 0 0 3680 3680
1811 0 0 0 3647 3647
1812 0 3638 0 3 3641
1813 3657 0 0 0 3657
1814 3645 1 0 1 3647
1815 0 2 3690 0 3692
1816 0 0 3610 3 3613
1817 1 0 3589 0 3590
1818 3563 0 3 5 3571
1819 0 0 3625 0 3625
1820 3638 0 0 1 3639
1821 3 3612 0 0 3615
1822 3624 0 0 1 3625
1823 0 0 3616 0 3616
1824 3601 0 0 0 3601
1825 15 0 3555 0 3570
1826 0 0 0 3481 3481
1827 3621 0 0 0 3621
1828 3681 0 1 0 3682
1829 3692 0 0 0 3692
1830 0 15 1 3617 3633
1831 3617 0 1 0 3618
1832 0 0 3520 0 3520
1833 0 3459 0 0 3459
1834 0 3441 0 3 3444
1835 2 3494 0 3 3499
1836 1 3576 0 0 3577
1837 3765 0 0 0 3765
1838 3747 0 0 0 3747
1839 3756 0 0 0 3756
1840 3673 0 0 0 3673
1841 6 3377 1 350 3734
1842 0 0 0 3748 3748
1843 0 0 0 3749 3749
1844 0 0 0 3763 3763
1845 0 3819 1 2 3822
1846 3833 0 0 0 3833
1847 1 0 3813 0 3814
1848 0 0 0 3708 3708
1849 3826 0 0 0 3826
1850 2 1 0 3864 3867
1851 1 11 0 3881 3893
1852 0 0 3843 0 3843
1853 0 0 3795 0 3795
1854 3813 0 0 0 3813
1855 3800 0 1 0 3801
1856 0 3765 1 0 3766
1857 0 0 0 3748 3748
1858 0 3782 0 0 3782
1859 3825 0 0 0 3825
1860 3800 0 0 0 3800
1861 1 0 3773 2 3776
1862 3756 1 0 0 3757
1863 3748 0 0 0 3748
1864 3 0 3734 0 3737
1865 2 0 3728 0 3730
1866 3727 0 0 0 3727
1867 3763 0 1 0 3764
1868 3758 0 0 0 3758
1869 3737 0 0 0 3737
1870 0 3745 0 0 3745
1871 0 0 6 3712 3718
1872 3747 0 0 0 3747
1873 0 0 3719 3 3722
1874 0 0 1 3694 3695
1875 3774 0 2 0 3776
1876 3761 0 2 0 3763
1877 3766 0 1 0 3767
1878 3798 2 0 0 3800
1879 0 0 3758 1 3759
1880 0 0 3687 0 3687
1881 3706 0 2 0 3708
1882 0 6 0 3663 3669
1883 1 3682 0 0 3683
1884 0 3723 0 0 3723
1885 0 2 0 3741 3743
1886 0 0 0 3728 3728
1887 0 0 0 3755 3755
1888 6 0 3700 0 3706
1889 1 0 3716 0 3717
1890 3701 0 2 0 3703
1891 3733 0 0 0 3733
1892 3742 0 0 1 3743
1893 3736 0 1 0 3737
1894 14 0 3672 0 3686
1895 0 3650 0 0 3650
1896 3652 0 0 0 3652
1897 0 3665 0 0 3665
1898 0 0 1 3679 3680
1899 3695 0 1 0 3696
1900 3646 0 0 1 3647
1901 0 0 3657 0 3657
1902 3617 0 2 0 3619
1903 0 0 3647 0 3647
1904 2 1 1 3510 3514
1905 3640 0 6 0 3646
1906 3623 2 1 0 3626
1907 1 0 1 3637 3639
1908 3656 0 0 0 3656
1909 0 0 0 3632 3632
1910 0 2 0 3616 3618
1911 0 5 0 3615 3620
1912 3610 2 0 1 3613
1913 0 3641 0 0 3641
1914 0 0 0 3632 3632
1915 3637 0 0 0 3637
1916 3637 0 0 0 3637
1917 3612 0 0 0 3612
1918 0 0 1 3639 3640
1919 0 0 3627 1 3628
1920 1 3602 0 0 3603
1921 0 0 0 3588 3588
1922 0 0 0 3583 3583
1923 0 0 3555 1 3556
1924 3578 0 0 0 3578
1925 0 6 0 3550 3556
1926 3 0 3535 0 3538
1927 0 3572 0 2 3574
1928 3533 0 2 1 3536
1929 2 3593 0 1 3596
1930 0 1 0 3604 3605
1931 3592 2 0 0 3594
1932 0 0 0 3609 3609
1933 0 0 3630 0 3630
1934 0 1 0 3577 3578
1935 3656 0 8 0 3664
1936 0 18 0 3635 3653
1937 0 0 0 3668 3668
1938 0 1 0 3692 3693
1939 0 0 3680 1 3681
1940 6 0 3653 1 3660
1941 3664 0 1 0 3665
1942 3686 0 2 0 3688
1943 3699 0 0 2 3701
1944 0 0 0 3716 3716
1945 1 1 3752 0 3754
1946 1 3679 0 12 3692
1947 0 3712 0 0 3712
1948 0 3691 0 3 3694
1949 3714 0 0 0 3714
1950 3722 0 0 1 3723
1951 0 1 0 3736 3737
1952 0 0 0 3734 3734
1953 0 0 3715 0 3715
1954 0 0 3696 0 3696
1955 3595 1 0 0 3596
1956 0 0 3686 1 3687
1957 0 0 3646 0 3646
1958 0 0 3645 2 3647
1959 0 0 3668 0 3668
1960 0 0 0 3584 3584
1961 0 1 0 3679 3680
1962 0 0 0 3681 3681
1963 3693 0 0 0 3693
1964 1 0 3666 0 3667
1965 0 0 0 3646 3646
1966 0 0 3671 3 3674
1967 0 3582 0 2 3584
1968 0 3625 0 1 3626
1969 0 0 3682 0 3682
1970 3613 0 0 0 3613
1971 0 0 3660 0 3660
1972 1 0 0 3641 3642
1973 0 3630 0 0 3630
1974 0 0 0 3667 3667
1975 3642 0 2 0 3644
1976 0 0 3685 0 3685
1977 0 0 3635 0 3635
1978 3576 0 7 0 3583
1979 0 0 3627 0 3627
1980 3554 1 12 0 3567
1981 0 3593 0 1 3594
1982 0 1 0 3612 3613
1983 1 2 2 3615 3620
1984 1 3581 0 0 3582
1985 1 1 0 3596 3598
1986 3527 0 1 0 3528
1987 0 3556 0 0 3556
1988 0 0 0 3563 3563
1989 3523 0 1 4 3528
1990 0 0 0 3518 3518
1991 0 0 0 3534 3534
1992 0 0 3512 0 3512
1993 3478 0 1 0 3479
1994 0 0 0 3501 3501
1995 0 10 0 3485 3495
1996 3 3493 0 0 3496
1997 3493 0 0 0 3493
1998 3483 1 0 0 3484
1999 0 0 3476 0 3476
2000 2 3439 0 5 3446
2001 3465 0 0 0 3465
2002 0 1 0 3427 3428
2003 0 0 0 3410 3410
2004 3396 0 5 0 3401
2005 3377 0 0 0 3377
2006 3369 0 0 0 3369
2007 0 0 3342 1 3343
2008 0 0 3323 0 3323
2009 3309 0 0 1 3310
2010 0 3318 0 3 3321
2011 3317 0 0 0 3317
2012 1 0 3303 0 3304
2013 3293 0 0 0 3293
2014 3295 0 0 0 3295
2015 3262 0 0 0 3262
2016 6 0 3251 0 3257
2017 0 0 3232 0 3232
2018 0 0 3198 0 3198
2019 0 0 0 3089 3089
2020 0 3108 0 1 3109
2021 1 3162 0 0 3163
2022 0 1 0 3186 3187
2023 0 0 0 3216 3216
2024 1 0 3200 0 3201
2025 0 0 3175 4 3179
2026 84 0 3062 0 3146
2027 1 0 0 2985 2986
2028 8 0 3066 0 3074
2029 0 5 0 2997 3002
2030 0 1 0 3027 3028
2031 1 3024 0 2 3027
2032 14 0 2968 1 2983
2033 2856 0 0 0 2856
2034 0 2933 0 0 2933
2035 0 11 0 2916 2927
2036 0 0 0 2942 2942
2037 2906 0 0 0 2906
2038 0 0 2887 1 2888
2039 2852 0 0 0 2852
2040 0 0 2839 0 2839
2041 0 0 2802 0 2802
2042 0 0 2816 0 2816
2043 2798 0 0 0 2798
2044 2809 0 0 0 2809
2045 0 0 0 2783 2783
2046 0 0 2762 0 2762
2047 0 1 0 2706 2707
2048 2718 0 1 0 2719
2049 0 0 0 2697 2697
2050 0 0 1 2681 2682
2051 0 2662 0 6 2668
2052 1 8 0 2673 2682
2053 1 0 2635 0 2636
2054 1 0 2647 0 2648
2055 2592 0 0 1 2593
2056 2597 0 0 1 2598
2057 0 0 0 2599 2599
2058 2582 0 0 0 2582
2059 0 0 2573 0 2573
2060 2545 0 0 1 2546
2061 2517 0 0 0 2517
2062 0 0 2518 0 2518
2063 2491 0 0 0 2491
2064 2501 0 0 0 2501
2065 0 1 0 2514 2515
2066 1 0 2499 0 2500
2067 0 0 0 2424 2424
2068 2463 0 0 0 2463
2069 0 0 0 2443 2443
2070 0 0 0 2434 2434
2071 2402 0 2 0 2404
2072 0 1 2347 0 2348
2073 0 2324 0 1 2325
2074 2342 0 1 0 2343
2075 2317 0 2 0 2319
2076 0 2271 0 1 2272
2077 2302 0 0 0 2302
2078 2212 0 0 0 2212
2079 0 2259 0 0 2259
2080 0 2247 0 0 2247
2081 0 2272 0 0 2272
2082 0 0 0 2275 2275
2083 0 0 0 2277 2277
2084 0 0 2266 1 2267
2085 0 0 2242 0 2242
2086 0 0 2250 0 2250
2087 0 0 0 2033 2033
2088 0 0 2186 0 2186
2089 2188 0 0 0 2188
2090 0 0 0 2213 2213
2091 2172 0 3 0 2175
2092 0 2177 0 1 2178
2093 2180 0 0 0 2180
2094 28 0 2151 1 2180
2095 2113 0 0 0 2113
2096 0 0 2137 0 2137
2097 0 1 0 2021 2022
2098 0 0 2091 3 2094
2099 0 6 0 2039 2045
2100 2056 0 0 0 2056
2101 1 0 0 2052 2053
2102 2030 0 0 0 2030
2103 0 2026 0 0 2026
2104 1 0 0 2015 2016
2105 0 0 1995 0 1995
2106 0 0 1998 0 1998
2107 0 0 0 1961 1961
2108 0 0 0 1952 1952
2109 0 1966 0 0 1966
2110 1979 0 0 1 1980
2111 1944 0 0 0 1944
2112 0 0 0 1940 1940
2113 0 0 1939 0 1939
2114 1897 0 0 0 1897
2115 1895 0 1 0 1896
2116 0 0 0 1908 1908
2117 0 0 1892 1 1893
2118 1 0 1881 0 1882
2119 0 1 0 1824 1825
2120 0 0 0 1849 1849
2121 0 0 1839 0 1839
2122 0 0 1794 0 1794
2123 0 0 1749 0 1749
2124 0 1695 0 7 1702
2125 0 0 0 1791 1791
2126 0 0 0 1803 1803
2127 0 0 1 1800 1801
2128 0 0 1800 0 1800
2129 1768 0 0 0 1768
2130 1753 0 0 0 1753
2131 1762 0 0 0 1762
2132 1747 0 0 0 1747
2133 93 0 1645 1 1739
2134 0 0 1730 0 1730
2135 1678 0 0 0 1678
2136 0 0 1695 0 1695
2137 0 0 1683 0 1683
2138 1 0 1679 0 1680
2139 0 0 1673 0 1673
2140 1657 0 1 0 1658
2141 0 0 1673 0 1673
2142 0 0 0 1625 1625
2143 1653 0 8 0 1661
2144 1644 0 1 4 1649
2145 597 0 1034 1 1632
2146 0 0 1631 0 1631
2147 0 17 0 1512 1529
2148 9 0 1597 0 1606
2149 0 0 0 1590 1590
2150 0 0 0 1614 1614
2151 2 0 1602 0 1604
2152 0 0 1576 0 1576
2153 1597 0 0 0 1597
2154 1564 0 0 0 1564
2155 0 0 0 1525 1525
2156 0 1536 0 0 1536
2157 1540 0 1 0 1541
2158 0 0 1539 1 1540
2159 0 0 0 1497 1497
2160 2 0 1507 0 1509
2161 0 3 1502 0 1505
2162 1475 0 1 0 1476
2163 0 0 0 1490 1490
2164 1 0 1469 0 1470
2165 1481 0 0 1 1482
2166 1470 0 0 0 1470
2167 0 0 1467 0 1467
2168 0 0 0 1449 1449
2169 1421 0 10 0 1431
2170 1405 0 11 10 1426
2171 0 0 1 1408 1409
2172 0 0 1410 4 1414
2173 1 0 1401 0 1402
2174 1395 0 20 0 1415
2175 0 0 0 1401 1401
2176 0 0 1389 0 1389
2177 1396 0 0 0 1396
2178 1397 0 0 0 1397
2179 0 0 0 1382 1382
2180 1376 0 0 0 1376
2181 1381 0 0 0 1381
2182 0 0 0 0 0
