0 0 0 0 0 0
1 0 0 0 0 0
2 0 0 14 0 14
3 0 14 0 0 14
4 14 0 0 0 14
5 23 0 14 0 37
6 35 0 0 0 35
7 37 0 0 0 37
8 0 0 37 0 37
9 0 150 0 0 150
10 0 0 239 0 239
11 0 0 242 0 242
12 222 0 17 0 239
13 1 0 275 0 276
14 0 273 0 0 273
15 0 309 0 0 309
16 0 0 0 426 426
17 0 0 0 445 445
18 0 0 0 447 447
19 449 0 0 0 449
20 443 0 0 0 443
21 0 0 481 0 481
22 468 0 0 0 468
23 0 0 0 616 616
24 0 0 637 0 637
25 630 0 0 0 630
26 636 0 0 0 636
27 0 0 0 791 791
28 823 0 0 0 823
29 0 0 0 985 985
30 977 0 0 0 977
31 1051 0 0 0 1051
32 1081 0 0 0 1081
33 0 0 0 1093 1093
34 0 1097 0 0 1097
35 0 1201 0 0 1201
36 0 0 0 1377 1377
37 0 0 0 1467 1467
38 1551 0 0 0 1551
39 0 0 0 1731 1731
40 0 0 0 1935 1935
41 0 0 0 2021 2021
42 0 0 1 2039 2040
43 0 2042 0 0 2042
44 0 0 0 2042 2042
45 0 2057 0 0 2057
46 0 1 0 2068 2069
47 0 0 0 2148 2148
48 0 2205 0 0 2205
49 2192 0 1 0 2193
50 0 0 0 2204 2204
51 2185 0 0 2 2187
52 0 0 2176 0 2176
53 2168 0 0 0 2168
54 0 1 0 2213 2214
55 0 0 2211 0 2211
56 0 0 0 2158 2158
57 0 0 2129 0 2129
58 1 2178 0 1 2180
59 0 2196 0 0 2196
60 0 2199 0 0 2199
61 1 0 2201 1 2203
62 0 0 0 2175 2175
63 2198 0 0 0 2198
64 0 2213 0 0 2213
65 2198 0 0 0 2198
66 1 0 2186 0 2187
67 0 0 2174 0 2174
68 0 2201 0 0 2201
69 2259 0 0 0 2259
70 0 0 2265 0 2265
71 0 2304 0 0 2304
72 2336 0 0 0 2336
73 2422 0 1 0 2423
74 0 0 0 2445 2445
75 0 1 0 2463 2464
76 0 1 0 2473 2474
77 0 2492 0 1 2493
78 2494 0 0 0 2494
79 2482 0 0 0 2482
80 1 2560 0 0 2561
81 2561 0 0 0 2561
82 2527 0 1 0 2528
83 0 2557 0 0 2557
84 2539 0 0 1 2540
85 0 0 0 2555 2555
86 102 0 0 2549 2651
87 0 2728 0 1 2729
88 0 2720 0 1 2721
89 0 2735 0 1 2736
90 2813 0 2 0 2815
91 0 0 0 2826 2826
92 2819 0 0 0 2819
93 0 2834 0 0 2834
94 2811 0 0 0 2811
95 0 2898 0 0 2898
96 0 8 0 2892 2900
97 0 0 2873 0 2873
98 0 0 2851 1 2852
99 1 0 0 2868 2869
100 0 0 2906 0 2906
101 0 0 0 2902 2902
102 0 0 0 2904 2904
103 0 2925 0 3 2928
104 0 2918 0 0 2918
105 1 2962 0 0 2963
106 0 2999 0 0 2999
107 2 3041 0 0 3043
108 0 11 0 2991 3002
109 0 0 0 3035 3035
110 3007 0 0 0 3007
111 0 0 0 3059 3059
112 0 0 0 3033 3033
113 0 3040 0 0 3040
114 0 3055 0 0 3055
115 0 3087 0 0 3087
116 3044 0 1 0 3045
117 0 0 0 3048 3048
118 0 0 3042 0 3042
119 0 0 2999 0 2999
120 3002 0 0 0 3002
121 3151 0 0 0 3151
122 0 3233 0 0 3233
123 3198 0 0 0 3198
124 0 0 3289 0 3289
125 0 0 3245 0 3245
126 3249 1 0 2 3252
127 3306 0 0 0 3306
128 0 3328 0 4 3332
129 3302 0 0 0 3302
130 0 0 3314 0 3314
131 0 0 3252 0 3252
132 0 0 0 3210 3210
133 0 0 0 3307 3307
134 3315 0 0 0 3315
135 0 3319 0 0 3319
136 3312 0 1 0 3313
137 0 3264 0 0 3264
138 3286 0 0 0 3286
139 3248 0 0 0 3248
140 0 0 0 3226 3226
141 3330 0 0 0 3330
142 0 0 3288 0 3288
143 3289 0 0 0 3289
144 0 3338 0 1 3339
145 3310 0 0 1 3311
146 0 3359 0 1 3360
147 0 2 0 3348 3350
148 0 0 3354 0 3354
149 0 0 0 3293 3293
150 0 0 3314 0 3314
151 3419 0 0 2 3421
152 1 1 0 3462 3464
153 0 3479 0 0 3479
154 3466 0 0 1 3467
155 0 0 3448 0 3448
156 3416 0 0 0 3416
157 3464 0 0 0 3464
158 0 3503 0 0 3503
159 0 0 3418 0 3418
160 0 3437 0 0 3437
161 3415 0 2 0 3417
162 0 1 0 3458 3459
163 0 0 3443 1 3444
164 3443 0 0 1 3444
165 0 0 3433 0 3433
166 0 1 0 3426 3427
167 3478 0 0 0 3478
168 0 3543 0 0 3543
169 0 0 0 3528 3528
170 0 3549 0 1 3550
171 3568 0 0 0 3568
172 3583 0 0 0 3583
173 3540 0 0 0 3540
174 0 3579 0 0 3579
175 3612 0 0 14 3626
176 3546 0 0 14 3560
177 0 0 3523 0 3523
178 1 0 3590 0 3591
179 0 0 3614 0 3614
180 56 0 3745 0 3801
181 3884 0 3 0 3887
182 3907 0 0 0 3907
183 3943 0 1 0 3944
184 0 3920 0 1 3921
185 3950 0 0 0 3950
186 0 0 3910 0 3910
187 0 0 0 3917 3917
188 4003 0 0 0 4003
189 0 4122 0 0 4122
190 3653 0 120 1 3774
191 0 0 0 3764 3764
192 25 0 44 3790 3859
193 0 0 1 3921 3922
194 0 3917 0 18 3935
195 0 0 0 3894 3894
196 0 0 3878 0 3878
197 3823 0 2 1 3826
198 0 0 0 3888 3888
199 0 0 3889 0 3889
200 2 0 0 3866 3868
201 0 0 0 4022 4022
202 4043 0 0 0 4043
203 0 3997 0 0 3997
204 3935 0 3 1 3939
205 0 0 3866 0 3866
206 1 0 3769 0 3770
207 3796 0 0 1 3797
208 0 0 0 3804 3804
209 0 0 3791 1 3792
210 0 3805 0 0 3805
211 3959 0 1 3 3963
212 0 3971 0 0 3971
213 3980 0 0 0 3980
214 3976 0 0 0 3976
215 0 1 0 4144 4145
216 0 0 4110 1 4111
217 0 0 4103 1 4104
218 0 0 0 3892 3892
219 0 0 4052 1 4053
220 0 0 4061 1 4062
221 4074 2 0 3 4079
222 0 0 0 4058 4058
223 0 4091 0 1 4092
224 0 4133 0 0 4133
225 4223 0 0 0 4223
226 4235 0 0 0 4235
227 0 4242 0 0 4242
228 4252 0 15 0 4267
229 4234 0 0 0 4234
230 4260 0 0 0 4260
231 0 0 0 4187 4187
232 0 0 4120 0 4120
233 0 0 4063 0 4063
234 4145 0 0 1 4146
235 7 4162 0 1 4170
236 47 4105 0 2 4154
237 4225 0 1 0 4226
238 0 0 0 4211 4211
239 0 1 0 4168 4169
240 4145 0 0 0 4145
241 0 4196 0 0 4196
242 0 3943 0 1 3944
243 0 4073 0 2 4075
244 1 0 4076 0 4077
245 4123 0 0 0 4123
246 4158 0 1 0 4159
247 0 0 4272 0 4272
248 4283 1 0 1 4285
249 0 1 0 4272 4273
250 4315 0 0 0 4315
251 4303 0 0 0 4303
252 0 0 0 4359 4359
253 0 0 4321 1 4322
254 4267 0 20 0 4287
255 0 0 4265 0 4265
256 0 4371 0 1 4372
257 0 4396 0 0 4396
258 0 0 4330 3 4333
259 4330 0 1 0 4331
260 0 0 4374 0 4374
261 1 0 0 4227 4228
262 1 0 4354 0 4355
263 1 4360 0 1 4362
264 0 4468 0 0 4468
265 1 0 0 4480 4481
266 4492 0 0 0 4492
267 0 1 0 4417 4418
268 1 0 4489 0 4490
269 0 4447 0 1 4448
270 4412 0 1 0 4413
271 0 4462 0 0 4462
272 4461 0 1 0 4462
273 4447 0 0 0 4447
274 0 0 0 4434 4434
275 0 0 0 4475 4475
276 3261 0 1174 0 4435
277 0 0 4394 0 4394
278 4383 0 0 0 4383
279 1 21 0 4323 4345
280 0 0 0 4326 4326
281 0 0 4298 0 4298
282 35 4213 0 60 4308
283 1 0 4334 0 4335
284 1 0 0 4184 4185
285 0 4247 0 2 4249
286 0 0 0 4290 4290
287 0 0 0 4171 4171
288 4096 0 1 0 4097
289 0 0 4062 0 4062
290 3838 0 0 0 3838
291 29 0 3964 0 3993
292 0 0 3894 0 3894
293 0 3899 0 0 3899
294 0 0 0 3938 3938
295 0 0 0 4005 4005
296 0 0 0 3981 3981
297 3950 0 0 0 3950
298 0 0 3963 0 3963
299 3969 0 0 0 3969
300 0 1 0 3979 3980
301 4012 0 0 0 4012
302 0 0 3967 0 3967
303 3995 0 0 0 3995
304 3965 0 2 0 3967
305 1 0 0 3993 3994
306 23 0 3978 0 4001
307 1 0 3979 28 4008
308 4056 0 0 0 4056
309 0 0 0 4134 4134
310 0 0 4120 0 4120
311 4136 0 0 1 4137
312 4229 0 0 0 4229
313 0 0 4202 0 4202
314 4150 0 0 0 4150
315 4110 0 0 0 4110
316 0 4132 0 0 4132
317 4005 0 1 1 4007
318 0 4161 0 0 4161
319 0 4115 0 0 4115
320 0 4140 1 0 4141
321 4193 0 0 0 4193
322 0 0 4172 0 4172
323 1 0 4209 0 4210
324 0 2 0 4067 4069
325 0 4306 0 0 4306
326 0 3 0 4383 4386
327 0 1 0 4414 4415
328 0 0 0 4423 4423
329 1 0 0 4422 4423
330 0 1 0 4408 4409
331 0 4288 0 0 4288
332 4324 0 0 0 4324
333 4259 0 2 0 4261
334 0 0 4211 0 4211
335 0 4205 0 0 4205
336 4242 0 0 1 4243
337 0 0 4178 0 4178
338 0 4005 0 0 4005
339 0 4121 0 0 4121
340 0 0 0 4089 4089
341 0 4127 0 2 4129
342 4188 0 0 0 4188
343 0 4205 1 1 4207
344 4236 0 0 0 4236
345 0 0 4181 0 4181
346 4212 0 0 0 4212
347 4205 0 0 0 4205
348 0 0 0 4164 4164
349 1 0 4122 0 4123
350 0 4080 0 1 4081
351 1 0 0 4196 4197
352 4161 0 1 0 4162
353 0 0 0 4145 4145
354 1 0 4097 0 4098
355 0 0 4024 1 4025
356 4023 0 0 0 4023
357 0 0 4016 0 4016
358 0 0 4052 1 4053
359 0 4004 0 2 4006
360 0 3965 0 1 3966
361 0 4131 0 1 4132
362 0 0 0 4221 4221
363 4229 0 0 0 4229
364 4215 0 0 0 4215
365 0 0 0 4231 4231
366 0 0 4157 0 4157
367 0 0 4139 0 4139
368 0 1 0 4142 4143
369 0 4170 0 0 4170
370 4181 0 2 1 4184
371 0 4394 0 1 4395
372 4402 0 2 0 4404
373 4357 0 0 0 4357
374 0 4493 0 1 4494
375 0 1 0 4494 4495
376 0 0 4508 0 4508
377 0 1 0 4459 4460
378 4489 0 0 0 4489
379 0 0 4801 0 4801
380 4790 0 1 0 4791
381 0 4794 0 0 4794
382 4971 0 3 0 4974
383 4931 0 0 1 4932
384 4932 0 2 0 4934
385 0 0 0 4875 4875
386 0 0 0 4940 4940
387 4934 0 0 1 4935
388 4827 0 0 0 4827
389 0 4923 0 0 4923
390 0 4960 0 0 4960
391 0 4997 0 0 4997
392 5052 0 2 0 5054
393 0 0 5086 0 5086
394 0 0 5293 0 5293
395 0 0 5265 1 5266
396 0 0 5317 0 5317
397 5319 0 0 0 5319
398 0 0 5354 0 5354
399 5329 0 5 0 5334
400 0 5355 0 4 5359
401 5381 0 2 0 5383
402 0 0 5358 0 5358
403 5247 0 0 0 5247
404 0 5340 0 28 5368
405 0 22 0 5508 5530
406 115 0 1 5456 5572
407 0 2 0 5474 5476
408 1 0 0 5475 5476
409 1 0 5385 0 5386
410 5304 0 0 0 5304
411 0 1 0 5317 5318
412 0 1 0 5333 5334
413 1 0 5192 0 5193
414 0 0 5129 0 5129
415 5182 0 0 1 5183
416 0 5225 0 1 5226
417 5140 0 2 0 5142
418 0 0 5091 0 5091
419 0 0 0 5028 5028
420 5055 0 0 0 5055
421 1 0 0 5021 5022
422 0 0 4894 1 4895
423 0 4999 0 0 4999
424 5005 0 0 0 5005
425 0 0 4994 0 4994
426 4625 0 0 0 4625
427 4610 0 1 0 4611
428 4509 0 0 0 4509
429 0 4461 0 0 4461
430 0 4299 0 0 4299
431 4327 0 0 0 4327
432 4179 0 0 1 4180
433 0 4176 0 59 4235
434 0 4078 0 1 4079
435 0 0 0 4051 4051
436 0 0 4064 0 4064
437 0 4156 0 0 4156
438 0 1 0 4184 4185
439 0 0 4151 0 4151
440 0 4174 0 0 4174
441 4237 0 0 0 4237
442 4200 0 1 0 4201
443 0 4218 0 0 4218
444 0 0 4219 0 4219
445 2 0 4173 0 4175
446 0 4191 0 2 4193
447 4142 10 0 0 4152
448 0 4058 0 2 4060
449 0 2 0 4008 4010
450 73 0 3950 0 4023
451 3995 0 1 0 3996
452 3996 0 0 0 3996
453 0 0 0 3944 3944
454 3905 0 0 1 3906
455 0 3932 0 1 3933
456 3945 0 1 0 3946
457 3799 0 0 0 3799
458 0 3839 0 0 3839
459 3837 0 0 0 3837
460 3826 0 0 1 3827
461 0 0 0 3813 3813
462 3825 0 0 0 3825
463 3738 0 0 0 3738
464 0 3777 0 0 3777
465 0 3720 0 1 3721
466 0 0 0 3669 3669
467 0 3722 0 0 3722
468 0 2 0 3692 3694
469 0 0 0 3719 3719
470 0 0 1 3753 3754
471 0 0 0 3785 3785
472 3766 0 0 0 3766
473 0 0 3755 0 3755
474 0 0 3745 0 3745
475 0 0 1 3650 3651
476 0 1 0 3747 3748
477 0 0 3733 0 3733
478 3719 0 0 0 3719
479 3732 0 0 0 3732
480 0 0 0 3737 3737
481 1 0 3675 0 3676
482 3640 0 0 0 3640
483 0 0 0 3631 3631
484 0 0 0 3679 3679
485 0 0 0 3605 3605
486 3610 0 0 0 3610
487 3494 0 0 1 3495
488 3439 0 0 1 3440
489 1 0 0 3446 3447
490 0 0 3420 20 3440
491 0 0 3411 1 3412
492 3396 0 0 1 3397
493 1 0 3383 1 3385
494 0 3367 0 1 3368
495 0 3370 0 0 3370
496 0 0 3314 0 3314
497 3235 0 0 0 3235
498 0 3363 0 3 3366
499 3384 0 0 0 3384
500 3394 0 0 0 3394
501 3367 0 0 1 3368
502 0 0 3359 0 3359
503 0 0 3383 0 3383
504 0 1 0 3118 3119
505 2 0 3379 0 3381
506 0 0 3410 0 3410
507 3340 0 0 0 3340
508 0 1 0 3322 3323
509 0 2 0 3348 3350
510 3356 0 0 2 3358
511 3340 0 0 0 3340
512 0 0 0 3331 3331
513 3137 0 0 1 3138
514 0 3132 0 0 3132
515 0 3121 0 0 3121
516 0 0 0 3130 3130
517 0 0 0 3155 3155
518 0 1 0 3169 3170
519 0 0 0 3185 3185
520 0 0 1 3162 3163
521 0 0 3123 0 3123
522 0 3073 0 2 3075
523 84 3042 0 1 3127
524 3147 0 1 0 3148
525 0 0 3143 0 3143
526 0 0 3125 0 3125
527 3101 0 0 0 3101
528 0 0 0 3120 3120
529 3138 0 19 0 3157
530 0 0 0 3137 3137
531 0 3143 0 1 3144
532 3147 0 1 0 3148
533 0 0 0 3067 3067
534 0 0 0 3110 3110
535 0 0 3097 0 3097
536 3064 0 0 0 3064
537 0 0 0 3083 3083
538 0 0 0 3115 3115
539 0 3103 0 0 3103
540 3116 0 1 1 3118
541 0 0 1 3064 3065
542 0 0 0 3066 3066
543 3070 0 0 0 3070
544 2 0 3044 0 3046
545 3047 0 0 0 3047
546 0 3033 0 1 3034
547 3074 0 0 0 3074
548 0 0 2971 0 2971
549 2886 0 0 0 2886
550 0 2731 0 17 2748
551 0 2775 0 0 2775
552 73 0 0 2712 2785
553 0 0 2577 0 2577
554 2563 0 0 1 2564
555 2603 0 0 0 2603
556 2584 0 0 0 2584
557 0 1 0 2551 2552
558 39 0 2493 0 2532
559 2493 0 0 1 2494
560 0 2499 0 0 2499
561 0 1 0 2490 2491
562 0 0 0 2507 2507
563 0 1 0 2480 2481
564 0 2492 0 0 2492
565 0 1 0 2490 2491
566 0 0 0 2493 2493
567 0 2492 0 0 2492
568 0 0 1 2485 2486
569 0 2470 0 1 2471
570 2461 0 1 0 2462
571 0 0 2473 0 2473
572 0 0 0 2428 2428
573 2379 0 0 0 2379
574 2329 0 0 0 2329
575 2314 0 0 0 2314
576 0 0 2327 0 2327
577 2281 0 0 0 2281
578 2283 0 0 0 2283
579 0 0 0 2232 2232
580 2198 0 0 0 2198
581 0 0 0 1996 1996
582 2004 0 0 0 2004
583 1931 0 0 0 1931
584 1891 0 0 0 1891
585 0 0 1904 0 1904
586 1884 0 0 1 1885
587 1899 0 1 0 1900
588 1900 0 0 0 1900
589 1901 0 0 0 1901
590 1896 0 0 0 1896
591 1878 0 0 0 1878
592 0 0 1 1794 1795
593 0 1 0 1801 1802
594 1 0 1831 0 1832
595 0 1803 0 1 1804
596 0 1819 0 0 1819
597 2 0 0 1806 1808
598 0 0 1795 0 1795
599 0 1699 0 39 1738
600 0 1779 0 2 1781
601 1782 0 1 0 1783
602 1776 0 0 0 1776
603 1753 0 0 0 1753
604 1746 0 0 0 1746
605 1746 0 0 0 1746
606 0 1737 0 1 1738
607 1741 0 0 0 1741
608 0 0 1711 0 1711
609 1732 0 0 0 1732
610 1731 0 0 0 1731
611 1770 0 0 0 1770
612 0 0 1692 0 1692
613 0 0 1668 1 1669
614 0 0 1827 0 1827
615 0 3 0 1822 1825
616 0 0 0 1859 1859
617 0 0 0 1859 1859
618 0 1868 0 1 1869
619 1 1851 0 0 1852
620 0 0 1 1848 1849
621 0 1833 0 0 1833
622 1846 0 0 0 1846
623 0 0 0 1830 1830
624 1856 0 0 0 1856
625 1872 0 0 0 1872
626 1869 0 0 0 1869
627 0 0 1854 0 1854
628 1869 0 0 0 1869
629 0 0 1836 0 1836
630 0 0 1841 0 1841
631 1866 0 0 0 1866
632 0 0 0 1823 1823
633 1837 0 0 0 1837
634 0 1773 0 0 1773
635 0 1736 0 1 1737
636 1756 0 1 0 1757
637 1758 0 0 0 1758
638 0 0 1 1745 1746
639 0 0 1653 0 1653
640 1681 0 0 0 1681
641 1674 0 0 0 1674
642 0 0 1675 0 1675
643 0 0 1666 0 1666
644 0 0 0 1577 1577
645 1719 0 0 0 1719
646 1722 0 0 0 1722
647 1679 0 0 0 1679
648 1678 0 0 0 1678
649 0 0 1646 0 1646
650 1667 0 0 0 1667
651 0 1660 0 0 1660
652 1708 0 0 0 1708
653 1735 0 0 0 1735
654 1725 0 0 0 1725
655 1725 0 0 0 1725
656 1 0 0 1676 1677
657 1655 0 1 0 1656
658 1639 0 1 0 1640
659 0 1702 0 0 1702
660 0 1713 0 1 1714
661 1736 0 0 0 1736
662 1711 0 0 0 1711
663 1692 0 0 0 1692
664 0 0 1648 0 1648
665 0 0 0 1571 1571
666 0 0 1630 0 1630
667 0 0 1464 0 1464
668 1488 0 0 0 1488
669 1555 0 0 0 1555
670 0 0 0 1550 1550
671 1543 0 0 0 1543
672 0 1560 0 0 1560
673 1516 0 0 0 1516
674 0 0 0 1564 1564
675 0 1638 0 1 1639
676 1710 0 1 0 1711
677 1706 0 0 0 1706
678 1789 0 0 0 1789
679 1725 0 0 0 1725
680 0 0 1720 0 1720
681 1778 0 0 1 1779
682 31 0 1717 0 1748
683 0 1637 0 0 1637
684 1685 0 0 0 1685
685 0 0 1 1626 1627
686 0 1 0 1593 1594
687 1587 0 11 0 1598
688 0 0 0 1562 1562
689 0 1564 0 0 1564
690 1630 0 0 0 1630
691 0 1 0 1561 1562
692 0 0 0 1576 1576
693 1588 0 1 0 1589
694 1598 0 0 0 1598
695 1596 0 0 0 1596
696 0 1602 0 1 1603
697 1603 0 0 0 1603
698 0 1613 0 0 1613
699 1632 0 0 0 1632
700 1671 0 0 0 1671
701 0 0 0 1673 1673
702 0 0 1668 0 1668
703 1660 0 0 0 1660
704 0 1705 0 0 1705
705 1721 0 0 0 1721
706 1724 0 0 0 1724
707 1705 0 0 4 1709
708 1708 0 0 0 1708
709 0 0 1698 0 1698
710 1678 0 1 0 1679
711 0 1705 0 1 1706
712 0 0 1767 0 1767
713 0 1735 0 0 1735
714 0 0 0 1715 1715
715 0 0 1730 0 1730
716 1754 0 0 0 1754
717 1761 0 0 0 1761
718 1769 0 0 0 1769
719 0 0 1765 0 1765
720 1765 0 0 0 1765
721 0 0 1802 0 1802
722 0 0 1879 1 1880
723 1 1 0 1781 1783
724 1939 0 0 0 1939
725 1939 0 0 0 1939
726 1920 0 0 0 1920
727 0 1937 0 0 1937
728 0 0 0 1934 1934
729 1 0 1928 0 1929
730 1905 0 0 0 1905
731 1952 0 0 0 1952
732 1925 0 0 0 1925
733 1915 0 0 0 1915
734 0 0 1914 2 1916
735 1943 0 0 0 1943
736 1977 0 0 0 1977
737 0 0 1934 0 1934
738 2016 0 0 0 2016
739 0 0 2008 0 2008
740 0 2022 0 0 2022
741 2 0 1981 0 1983
742 1995 0 0 1 1996
743 0 0 0 1946 1946
744 0 1 0 1958 1959
745 5 0 1945 1 1951
746 0 1935 0 1 1936
747 0 1969 0 1 1970
748 1975 1 1 0 1977
749 0 1986 0 0 1986
750 0 0 0 1970 1970
751 0 0 2002 0 2002
752 0 2027 0 0 2027
753 0 1 0 2046 2047
754 0 0 2046 0 2046
755 0 0 2045 0 2045
756 2011 0 0 0 2011
757 2037 0 0 0 2037
758 0 0 0 2039 2039
759 2028 0 1 0 2029
760 0 2048 0 0 2048
761 2051 0 1 0 2052
762 2042 0 1 0 2043
763 2025 31 0 0 2056
764 0 0 0 2126 2126
765 2124 0 0 0 2124
766 2078 0 0 1 2079
767 0 0 2110 0 2110
768 2077 0 0 0 2077
769 0 0 2087 0 2087
770 0 0 2089 0 2089
771 0 0 2175 1 2176
772 0 0 0 2056 2056
773 0 0 0 2209 2209
774 0 0 0 2255 2255
775 0 0 2281 2 2283
776 0 0 0 2216 2216
777 2259 0 0 0 2259
778 0 0 0 2198 2198
779 0 1 0 2245 2246
780 2298 0 0 0 2298
781 0 0 2289 0 2289
782 0 0 0 2266 2266
783 2287 0 0 0 2287
784 0 0 2360 0 2360
785 1 0 0 2337 2338
786 0 0 0 2407 2407
787 0 0 2401 1 2402
788 2393 1 0 0 2394
789 2386 0 27 0 2413
790 2386 0 0 0 2386
791 2428 1 0 0 2429
792 0 2594 0 0 2594
793 0 0 0 2572 2572
794 0 0 0 2591 2591
795 1 0 2570 0 2571
796 0 0 2534 0 2534
797 0 2532 0 1 2533
798 0 0 0 2544 2544
799 2503 0 0 0 2503
800 2499 0 0 0 2499
801 2353 0 0 0 2353
802 2371 1 0 0 2372
803 2298 1 0 0 2299
804 0 2 0 2376 2378
805 2298 0 0 0 2298
806 0 0 0 2321 2321
807 2319 0 0 0 2319
808 0 0 0 2324 2324
809 0 0 2345 0 2345
810 0 1 0 2375 2376
811 0 0 2442 0 2442
812 2377 0 1 0 2378
813 2398 0 1 0 2399
814 2392 0 0 0 2392
815 2429 0 0 0 2429
816 0 0 0 2391 2391
817 0 2428 0 0 2428
818 0 0 0 2430 2430
819 2430 0 0 0 2430
820 0 0 2414 0 2414
821 2425 1 0 0 2426
822 2392 0 1 0 2393
823 0 2401 0 0 2401
824 2416 0 0 0 2416
825 2396 0 1 0 2397
826 2408 0 0 0 2408
827 0 0 2383 1 2384
828 1 1 0 2347 2349
829 1 0 2393 0 2394
830 0 0 2546 1 2547
831 0 0 0 2515 2515
832 0 1 0 2555 2556
833 0 0 0 2557 2557
834 2532 0 1 0 2533
835 0 2560 0 0 2560
836 0 2576 0 0 2576
837 2575 0 0 0 2575
838 0 0 2603 0 2603
839 0 0 0 2561 2561
840 2600 0 0 0 2600
841 0 0 2591 0 2591
842 0 0 2587 1 2588
843 0 1 0 2517 2518
844 1 0 2650 1 2652
845 1 0 2661 0 2662
846 2732 0 0 0 2732
847 2755 0 0 0 2755
848 2727 0 1 0 2728
849 0 2821 0 0 2821
850 1 0 2813 0 2814
851 2795 0 0 0 2795
852 0 0 2856 0 2856
853 2876 0 0 0 2876
854 2891 0 0 0 2891
855 0 0 2857 1 2858
856 2846 0 2 0 2848
857 2823 0 0 0 2823
858 2820 1 1 0 2822
859 0 0 2878 0 2878
860 0 2837 0 5 2842
861 0 2986 0 1 2987
862 3031 0 0 0 3031
863 3085 0 14 0 3099
864 3103 0 0 0 3103
865 1 3113 0 0 3114
866 0 0 0 3118 3118
867 13 0 3107 0 3120
868 0 0 0 3071 3071
869 0 3144 0 0 3144
870 3171 0 0 0 3171
871 3162 0 0 0 3162
872 3150 1 0 0 3151
873 0 0 0 3136 3136
874 0 0 3144 1 3145
875 1 3133 0 1 3135
876 3143 0 0 1 3144
877 0 0 3145 0 3145
878 0 1 0 3054 3055
879 1 0 3089 0 3090
880 0 0 3019 0 3019
881 0 3032 0 0 3032
882 0 3060 0 1 3061
883 3107 0 7 0 3114
884 2960 0 0 0 2960
885 2952 0 0 0 2952
886 2964 0 0 0 2964
887 0 0 0 2954 2954
888 0 0 2822 0 2822
889 0 2818 0 0 2818
890 0 0 0 2776 2776
891 0 2827 0 2 2829
892 2942 0 1 0 2943
893 0 0 2932 0 2932
894 0 0 0 2989 2989
895 3018 0 0 0 3018
896 3011 0 0 1 3012
897 1 2927 0 102 3030
898 0 0 0 2989 2989
899 0 0 2992 1 2993
900 0 2859 0 73 2932
901 0 2960 0 0 2960
902 0 2964 0 2 2966
903 2931 0 28 0 2959
904 0 2963 0 0 2963
905 0 2916 0 0 2916
906 2910 0 1 0 2911
907 0 0 2893 0 2893
908 0 0 2827 1 2828
909 2899 0 0 0 2899
910 0 0 2957 0 2957
911 0 0 2944 0 2944
912 0 0 2996 0 2996
913 2969 0 0 0 2969
914 0 1 0 2990 2991
915 0 2 0 3012 3014
916 3050 0 0 0 3050
917 0 0 3037 2 3039
918 2 3037 0 1 3040
919 3051 0 0 0 3051
920 0 0 1 3055 3056
921 1 0 3043 0 3044
922 3046 0 0 0 3046
923 0 2989 0 57 3046
924 3031 0 1 0 3032
925 17 0 3018 0 3035
926 0 0 0 3022 3022
927 3068 0 0 0 3068
928 3077 0 0 0 3077
929 1 3059 0 2 3062
930 3070 0 2 0 3072
931 0 0 3073 0 3073
932 0 0 3047 0 3047
933 3137 1 0 0 3138
934 0 0 3176 0 3176
935 3158 0 1 0 3159
936 1 3184 0 0 3185
937 3115 0 2 0 3117
938 3047 0 0 0 3047
939 0 0 0 3019 3019
940 3023 0 0 0 3023
941 0 3056 0 0 3056
942 3080 0 1 0 3081
943 3056 0 0 1 3057
944 3017 0 0 0 3017
945 3028 46 1 0 3075
946 0 1 1 3097 3099
947 0 0 3102 0 3102
948 0 0 3099 0 3099
949 3108 0 0 0 3108
950 3101 0 0 0 3101
951 0 0 1 2995 2996
952 0 0 2982 0 2982
953 3035 0 0 0 3035
954 3028 0 0 0 3028
955 0 0 0 3133 3133
956 0 0 3152 0 3152
957 0 1 0 3206 3207
958 0 1 0 3211 3212
959 0 0 0 3240 3240
960 3201 0 0 0 3201
961 3127 0 2 0 3129
962 3105 0 0 1 3106
963 0 3094 0 1 3095
964 0 3066 0 0 3066
965 0 3106 0 1 3107
966 3131 0 2 0 3133
967 3137 0 0 0 3137
968 0 0 3059 0 3059
969 3057 0 0 0 3057
970 3065 0 0 0 3065
971 0 0 0 3044 3044
972 0 3054 0 0 3054
973 0 0 1 3049 3050
974 0 0 0 3075 3075
975 1 1 0 3052 3054
976 0 0 0 3070 3070
977 0 0 0 3069 3069
978 0 0 3004 0 3004
979 0 0 2977 0 2977
980 1 2960 1 6 2968
981 55 2972 0 1 3028
982 3038 0 0 0 3038
983 0 0 1 3053 3054
984 1 0 3034 0 3035
985 3032 0 0 0 3032
986 1 3000 0 0 3001
987 0 0 1 3017 3018
988 0 0 3021 0 3021
989 2972 0 0 0 2972
990 2978 0 0 0 2978
991 2987 0 0 0 2987
992 0 0 2850 0 2850
993 2865 0 0 0 2865
994 2888 0 0 0 2888
995 1 0 0 2877 2878
996 2866 0 0 0 2866
997 2837 0 2 0 2839
998 0 2831 0 0 2831
999 1 2810 0 2 2813
1000 2760 2 0 0 2762
1001 0 0 2732 0 2732
1002 2753 2 0 0 2755
1003 14 0 2736 0 2750
1004 2722 2 0 0 2724
1005 0 2727 0 0 2727
1006 2772 2 1 0 2775
1007 0 0 2675 0 2675
1008 0 2684 0 0 2684
1009 21 2626 0 0 2647
1010 0 2671 0 0 2671
1011 2676 0 0 0 2676
1012 67 16 2566 0 2649
1013 0 0 1 2545 2546
1014 1 0 1 2601 2603
1015 0 3 1 2608 2612
1016 1 0 2487 0 2488
1017 0 0 2495 0 2495
1018 0 0 0 2431 2431
1019 0 2 0 2549 2551
1020 0 2610 0 0 2610
1021 2651 0 2 0 2653
1022 0 0 2652 0 2652
1023 1 0 2638 0 2639
1024 0 0 2630 0 2630
1025 2589 0 0 0 2589
1026 0 0 1 2609 2610
1027 0 0 0 2631 2631
1028 0 0 1 2664 2665
1029 0 0 1 2641 2642
1030 0 1 1 2665 2667
1031 1 0 2625 0 2626
1032 0 0 0 2491 2491
1033 2550 2 0 0 2552
1034 22 2 2515 1 2540
1035 0 0 0 2470 2470
1036 2534 0 0 0 2534
1037 0 0 0 2496 2496
1038 2501 0 0 0 2501
1039 0 0 2458 0 2458
1040 1 2454 0 0 2455
1041 2439 0 0 0 2439
1042 0 2431 0 0 2431
1043 1 2187 0 0 2188
1044 0 0 2150 1 2151
1045 0 0 2085 0 2085
1046 1 6 0 2018 2025
1047 0 2028 0 0 2028
1048 0 2058 0 0 2058
1049 0 0 0 2081 2081
1050 0 0 2097 1 2098
1051 1 0 0 2091 2092
1052 1 1 0 2066 2068
1053 1 2056 0 0 2057
1054 0 0 0 1984 1984
1055 1 2005 0 0 2006
1056 1 2052 0 0 2053
1057 2030 0 0 1 2031
1058 2029 0 0 0 2029
1059 0 0 0 2016 2016
1060 2047 2 0 0 2049
1061 2056 0 1 0 2057
1062 0 3 2041 0 2044
1063 2036 0 0 0 2036
1064 0 1 0 2002 2003
1065 2177 0 0 0 2177
1066 1 0 2267 0 2268
1067 0 2236 0 2 2238
1068 2270 0 0 0 2270
1069 2300 0 0 0 2300
1070 0 2 2320 0 2322
1071 2281 0 0 0 2281
1072 0 1 1 2302 2304
1073 0 0 1 2336 2337
1074 0 0 2290 0 2290
1075 1 0 2269 0 2270
1076 0 0 2198 0 2198
1077 0 0 2209 0 2209
1078 2133 0 0 1 2134
1079 2181 0 0 50 2231
1080 2300 0 0 0 2300
1081 0 0 2254 0 2254
1082 0 0 2258 0 2258
1083 2239 0 0 0 2239
1084 0 0 0 2256 2256
1085 0 0 0 2278 2278
1086 0 0 0 2288 2288
1087 2290 0 0 0 2290
1088 0 0 0 2317 2317
1089 0 0 2321 0 2321
1090 2322 0 0 1 2323
1091 0 0 0 2384 2384
1092 2402 0 0 0 2402
1093 2377 0 0 0 2377
1094 0 2327 0 0 2327
1095 2358 0 0 1 2359
1096 2360 0 0 0 2360
1097 0 0 2413 0 2413
1098 2 2415 0 0 2417
1099 2430 0 0 0 2430
1100 2409 0 1 0 2410
1101 2396 0 0 0 2396
1102 2384 0 1 0 2385
1103 0 2406 0 0 2406
1104 2462 0 1 0 2463
1105 2482 0 0 0 2482
1106 2463 0 1 0 2464
1107 2462 0 0 0 2462
1108 2462 0 0 0 2462
1109 0 0 2403 0 2403
1110 2476 0 0 0 2476
1111 1 2522 0 0 2523
1112 0 0 1 2544 2545
1113 2570 0 0 0 2570
1114 2552 0 0 0 2552
1115 2547 0 0 0 2547
1116 0 0 2511 0 2511
1117 66 0 2398 0 2464
1118 0 2412 0 0 2412
1119 0 0 0 2236 2236
1120 0 2247 0 0 2247
1121 2266 0 0 0 2266
1122 2233 0 2 0 2235
1123 2264 0 0 0 2264
1124 0 0 0 2244 2244
1125 2214 0 0 0 2214
1126 1 2255 0 0 2256
1127 0 2266 0 0 2266
1128 1 1 0 2221 2223
1129 0 0 0 2262 2262
1130 1 0 2275 0 2276
1131 0 0 0 2232 2232
1132 0 2224 0 1 2225
1133 0 2196 0 0 2196
1134 0 0 0 2195 2195
1135 1 0 2210 0 2211
1136 2180 0 0 1 2181
1137 0 0 0 2170 2170
1138 1 2155 0 11 2167
1139 0 0 0 2171 2171
1140 1 0 2222 0 2223
1141 0 0 0 2201 2201
1142 0 0 0 2181 2181
1143 0 0 1 2208 2209
1144 2199 0 0 0 2199
1145 0 0 2210 0 2210
1146 0 0 1 2175 2176
1147 2216 0 0 0 2216
1148 0 1 0 2186 2187
1149 2169 1 1 0 2171
1150 0 2163 0 1 2164
1151 0 2179 0 0 2179
1152 2215 0 0 0 2215
1153 0 0 0 2197 2197
1154 0 0 1 2199 2200
1155 2198 0 0 0 2198
1156 0 0 2198 0 2198
1157 2105 0 0 0 2105
1158 2112 0 0 0 2112
1159 2127 0 0 0 2127
1160 0 0 2134 0 2134
1161 2121 0 0 0 2121
1162 0 0 0 2186 2186
1163 2209 0 1 0 2210
1164 0 0 0 2201 2201
1165 2221 0 0 0 2221
1166 2254 0 0 0 2254
1167 0 0 0 2340 2340
1168 0 0 2345 1 2346
1169 2343 0 0 0 2343
1170 2336 0 0 0 2336
1171 0 0 2344 0 2344
1172 2336 0 0 0 2336
1173 2339 0 0 0 2339
1174 2333 0 0 0 2333
1175 0 2321 0 0 2321
1176 2319 0 2 0 2321
1177 2316 0 0 0 2316
1178 0 0 2305 0 2305
1179 1 0 2411 0 2412
1180 3 0 2507 0 2510
1181 0 2504 0 0 2504
1182 2534 0 0 0 2534
1183 2560 0 0 0 2560
1184 2596 0 1 0 2597
1185 2595 0 0 1 2596
1186 0 0 0 2570 2570
1187 0 0 0 2565 2565
1188 1 0 2503 0 2504
1189 2468 0 1 0 2469
1190 2480 0 0 0 2480
1191 0 0 2469 0 2469
1192 2463 0 0 0 2463
1193 2478 0 1 0 2479
1194 0 0 2457 0 2457
1195 0 2482 0 0 2482
1196 0 0 0 2514 2514
1197 2538 0 0 0 2538
1198 2575 0 0 0 2575
1199 2568 0 0 0 2568
1200 2540 0 0 0 2540
1201 0 2536 0 14 2550
1202 0 2536 0 10 2546
1203 2578 0 0 0 2578
1204 0 0 0 2549 2549
1205 0 1 0 2561 2562
1206 0 2524 0 0 2524
1207 0 0 1 2605 2606
1208 0 0 0 2565 2565
1209 2 2592 0 0 2594
1210 2609 0 0 0 2609
1211 2578 0 0 0 2578
1212 0 0 0 2544 2544
1213 1 0 2466 0 2467
1214 2488 0 0 0 2488
1215 2461 0 0 1 2462
1216 0 0 2459 0 2459
1217 2464 0 0 0 2464
1218 2468 0 0 0 2468
1219 0 0 2444 0 2444
1220 0 0 2424 0 2424
1221 2567 0 2 0 2569
1222 2568 0 1 0 2569
1223 0 2567 0 0 2567
1224 0 0 0 2601 2601
1225 0 0 2698 0 2698
1226 0 2681 0 0 2681
1227 2719 0 0 0 2719
1228 0 0 0 2699 2699
1229 0 2726 0 0 2726
1230 0 0 0 2723 2723
1231 0 0 1 2728 2729
1232 0 0 0 2755 2755
1233 0 0 2747 1 2748
1234 1 0 0 2704 2705
1235 0 2691 0 1 2692
1236 2655 0 0 0 2655
1237 0 2705 0 0 2705
1238 1 2767 0 0 2768
1239 0 0 0 2802 2802
1240 0 0 2818 0 2818
1241 0 0 2801 0 2801
1242 0 0 2816 0 2816
1243 2768 0 0 0 2768
1244 0 0 0 2854 2854
1245 1 0 2881 0 2882
1246 2816 0 0 0 2816
1247 0 1 0 2837 2838
1248 0 0 2829 0 2829
1249 2765 0 0 2 2767
1250 0 0 0 2794 2794
1251 1 0 2829 0 2830
1252 0 0 2945 0 2945
1253 0 0 2974 0 2974
1254 3011 0 1 0 3012
1255 2992 1 0 0 2993
1256 0 0 1 3043 3044
1257 0 0 3042 0 3042
1258 0 0 1 2991 2992
1259 0 0 0 3112 3112
1260 0 1 0 3153 3154
1261 3157 0 0 1 3158
1262 3140 0 1 0 3141
1263 0 0 0 3142 3142
1264 3181 0 1 0 3182
1265 0 0 0 3151 3151
1266 0 0 3127 0 3127
1267 1 122 0 2963 3086
1268 0 0 0 3102 3102
1269 3075 0 0 0 3075
1270 0 0 0 3039 3039
1271 0 3071 0 0 3071
1272 0 0 0 3053 3053
1273 3044 0 2 0 3046
1274 0 3094 0 0 3094
1275 0 3177 0 0 3177
1276 0 0 3121 0 3121
1277 0 2 1 3031 3034
1278 0 0 3174 0 3174
1279 0 0 0 3133 3133
1280 0 0 0 3172 3172
1281 0 0 3179 0 3179
1282 1 0 3172 0 3173
1283 0 0 3162 0 3162
1284 3112 0 1 0 3113
1285 0 0 3182 0 3182
1286 1 0 0 3136 3137
1287 3121 0 0 0 3121
1288 0 0 3088 0 3088
1289 0 3078 0 0 3078
1290 0 2 0 3077 3079
1291 1 0 3070 0 3071
1292 0 3063 1 2 3066
1293 3075 0 0 0 3075
1294 0 3254 0 0 3254
1295 0 0 1 3241 3242
1296 3263 0 0 0 3263
1297 0 0 3259 0 3259
1298 0 0 3220 0 3220
1299 0 1 1 3058 3060
1300 3184 0 0 0 3184
1301 0 1 0 3177 3178
1302 0 3273 0 39 3312
1303 3330 0 0 1 3331
1304 3340 0 0 0 3340
1305 0 0 3254 0 3254
1306 3263 0 0 0 3263
1307 3296 0 0 0 3296
1308 0 3220 0 0 3220
1309 3315 0 0 0 3315
1310 1 0 0 3200 3201
1311 0 0 0 3229 3229
1312 1 0 3206 0 3207
1313 0 0 3171 0 3171
1314 3252 0 0 0 3252
1315 3212 0 1 0 3213
1316 3190 0 0 2 3192
1317 0 3211 0 0 3211
1318 3224 0 1 1 3226
1319 3200 1 1 0 3202
1320 3254 0 0 0 3254
1321 0 0 3214 0 3214
1322 3195 0 0 0 3195
1323 3202 0 0 0 3202
1324 0 0 0 3153 3153
1325 3043 0 1 1 3045
1326 0 3189 0 0 3189
1327 0 3254 0 0 3254
1328 0 0 0 3244 3244
1329 3267 0 0 0 3267
1330 97 0 0 3194 3291
1331 0 0 3210 0 3210
1332 1 0 3180 0 3181
1333 0 0 3187 0 3187
1334 3124 0 1 0 3125
1335 0 0 2 3175 3177
1336 0 0 3110 0 3110
1337 0 0 3117 0 3117
1338 324 0 2641 0 2965
1339 0 3043 0 1 3044
1340 0 0 0 3080 3080
1341 0 2 3062 0 3064
1342 0 3122 0 0 3122
1343 3144 0 0 0 3144
1344 3121 0 0 0 3121
1345 0 0 0 3157 3157
1346 0 3130 0 0 3130
1347 0 1 1 3005 3007
1348 0 0 0 3106 3106
1349 1 3085 0 15 3101
1350 0 0 2 3105 3107
1351 0 0 3070 0 3070
1352 3081 0 0 1 3082
1353 0 0 0 3074 3074
1354 0 0 3080 0 3080
1355 3049 0 0 2 3051
1356 0 0 0 3197 3197
1357 0 0 0 3193 3193
1358 0 0 0 3212 3212
1359 0 0 0 3214 3214
1360 0 0 3170 0 3170
1361 1 3135 0 0 3136
1362 0 0 0 3173 3173
1363 0 3179 0 0 3179
1364 0 0 0 3226 3226
1365 3 0 3209 0 3212
1366 0 0 0 3173 3173
1367 0 1 0 3187 3188
1368 0 0 0 3222 3222
1369 0 0 3203 0 3203
1370 0 0 0 3167 3167
1371 0 0 0 3191 3191
1372 3161 0 2 0 3163
1373 3125 0 0 1 3126
1374 0 0 0 3143 3143
1375 2 0 3156 0 3158
1376 0 3108 0 3 3111
1377 3113 0 0 1 3114
1378 3110 0 1 0 3111
1379 3100 0 0 0 3100
1380 0 0 3106 0 3106
1381 0 0 3082 0 3082
1382 3038 0 1 1 3040
1383 0 0 0 3075 3075
1384 1 0 3094 0 3095
1385 3098 0 0 0 3098
1386 3107 0 0 0 3107
1387 0 0 3141 0 3141
1388 3112 0 1 0 3113
1389 3126 0 0 0 3126
1390 3112 0 1 0 3113
1391 0 3076 0 2 3078
1392 3068 0 0 0 3068
1393 0 1 0 2979 2980
1394 0 0 2972 0 2972
1395 0 0 0 2931 2931
1396 2941 0 0 0 2941
1397 1 0 0 2900 2901
1398 0 0 2902 0 2902
1399 0 0 2884 0 2884
1400 2781 0 45 0 2826
1401 2858 0 1 0 2859
1402 0 0 2850 0 2850
1403 0 0 2850 0 2850
1404 2850 0 1 0 2851
1405 2869 0 0 0 2869
1406 0 0 0 2887 2887
1407 2885 0 0 0 2885
1408 2872 1 2 0 2875
1409 2959 0 0 0 2959
1410 0 3027 0 0 3027
1411 1 0 3024 0 3025
1412 2988 0 0 0 2988
1413 0 3168 0 0 3168
1414 0 2 0 3225 3227
1415 0 0 0 3237 3237
1416 1 0 0 3251 3252
1417 0 0 0 3107 3107
1418 3122 0 0 0 3122
1419 0 3085 0 0 3085
1420 0 3086 0 0 3086
1421 0 0 3081 0 3081
1422 3065 0 0 0 3065
1423 3076 0 1 0 3077
1424 0 3053 0 1 3054
1425 3011 0 1 0 3012
1426 1 0 0 3015 3016
1427 0 0 3025 0 3025
1428 0 0 0 2964 2964
1429 3111 0 0 0 3111
1430 3097 0 0 0 3097
1431 3074 0 0 0 3074
1432 0 0 0 3087 3087
1433 0 0 0 3119 3119
1434 3121 0 0 82 3203
1435 1 0 0 3206 3207
1436 0 0 0 3217 3217
1437 0 0 3207 0 3207
1438 0 0 3176 0 3176
1439 1 0 3265 0 3266
1440 3288 0 1 1 3290
1441 3332 0 0 0 3332
1442 1 0 0 3340 3341
1443 3332 0 1 0 3333
1444 3341 0 0 0 3341
1445 3341 0 1 0 3342
1446 0 3324 0 0 3324
1447 3303 0 0 0 3303
1448 0 0 3 3250 3253
1449 2 0 3257 0 3259
1450 3252 0 0 0 3252
1451 0 0 3265 0 3265
1452 0 3181 0 0 3181
1453 3238 0 0 0 3238
1454 3273 0 0 0 3273
1455 3300 0 0 0 3300
1456 3327 0 1 0 3328
1457 3408 0 0 0 3408
1458 0 0 3428 0 3428
1459 3377 0 2 0 3379
1460 3448 0 0 0 3448
1461 3402 0 0 1 3403
1462 3388 0 1 0 3389
1463 0 0 3397 0 3397
1464 0 0 0 3310 3310
1465 0 0 0 3401 3401
1466 3397 0 0 0 3397
1467 0 3327 0 0 3327
1468 0 0 0 3336 3336
1469 0 0 3347 0 3347
1470 1 1 0 3227 3229
1471 3289 0 0 43 3332
1472 3319 0 0 0 3319
1473 0 0 0 3288 3288
1474 2 0 3257 2 3261
1475 3197 0 1 0 3198
1476 2 0 3252 0 3254
1477 3185 0 0 0 3185
1478 0 3341 0 0 3341
1479 0 44 0 3365 3409
1480 0 0 3407 0 3407
1481 0 0 3450 1 3451
1482 3390 0 0 0 3390
1483 3416 0 2 0 3418
1484 0 1 0 3507 3508
1485 0 0 3528 0 3528
1486 0 0 0 3496 3496
1487 0 2 0 3675 3677
1488 0 0 0 3726 3726
1489 0 0 3722 0 3722
1490 3727 0 0 0 3727
1491 3737 0 0 0 3737
1492 0 0 0 3748 3748
1493 0 0 0 3785 3785
1494 0 0 0 3788 3788
1495 3879 0 0 0 3879
1496 0 3926 0 0 3926
1497 3917 0 0 0 3917
1498 3889 0 0 0 3889
1499 1 0 3884 0 3885
1500 0 3850 0 29 3879
1501 3894 0 1 0 3895
1502 0 1 1 3803 3805
1503 0 0 3873 0 3873
1504 0 0 0 3839 3839
1505 0 0 0 3874 3874
1506 0 3854 0 0 3854
1507 0 0 0 3883 3883
1508 3852 0 1 0 3853
1509 0 3847 0 0 3847
1510 3947 0 0 0 3947
1511 0 0 3899 0 3899
1512 3938 0 1 0 3939
1513 0 0 3980 0 3980
1514 3921 0 0 1 3922
1515 0 0 0 3949 3949
1516 1 0 3957 0 3958
1517 52 1 3998 0 4051
1518 3996 0 0 1 3997
1519 0 0 0 4172 4172
1520 0 0 0 4180 4180
1521 1 0 0 4182 4183
1522 1 0 4179 0 4180
1523 0 0 0 4094 4094
1524 4141 0 1 0 4142
1525 0 0 0 4130 4130
1526 1 4116 1 1 4119
1527 0 0 0 4170 4170
1528 4182 0 1 0 4183
1529 4128 0 0 0 4128
1530 0 0 0 4226 4226
1531 0 0 0 4098 4098
1532 0 0 0 4090 4090
1533 0 1 0 4131 4132
1534 0 1 4111 0 4112
1535 0 4082 0 0 4082
1536 4115 0 1 0 4116
1537 4120 0 0 0 4120
1538 0 0 1 4125 4126
1539 1 0 4143 0 4144
1540 0 0 4102 0 4102
1541 4140 0 0 0 4140
1542 4214 0 0 0 4214
1543 0 4225 0 0 4225
1544 1 1 0 4110 4112
1545 1 4062 0 0 4063
1546 0 4066 0 0 4066
1547 0 4067 0 0 4067
1548 0 3980 0 103 4083
1549 0 0 0 4032 4032
1550 0 4056 0 0 4056
1551 0 0 4166 0 4166
1552 0 0 1 4014 4015
1553 32 0 0 3996 4028
1554 1 1 0 4037 4039
1555 1 0 3976 0 3977
1556 0 0 3759 0 3759
1557 0 0 3793 0 3793
1558 0 0 3882 0 3882
1559 0 0 0 3828 3828
1560 0 1 0 3879 3880
1561 1 0 3905 0 3906
1562 0 3882 1 0 3883
1563 0 0 0 4020 4020
1564 2 0 4005 0 4007
1565 0 0 4003 0 4003
1566 4006 0 34 0 4040
1567 0 0 4098 0 4098
1568 0 0 0 4072 4072
1569 4133 0 0 0 4133
1570 4138 1 0 0 4139
1571 4189 0 0 0 4189
1572 0 0 0 4162 4162
1573 0 0 4095 85 4180
1574 4200 0 1 0 4201
1575 4207 0 0 0 4207
1576 0 0 0 4176 4176
1577 0 4183 0 0 4183
1578 4219 0 0 1 4220
1579 1 0 4168 0 4169
1580 0 4195 0 0 4195
1581 4269 0 0 0 4269
1582 0 0 4248 0 4248
1583 4252 0 0 0 4252
1584 0 0 0 4225 4225
1585 4276 0 0 0 4276
1586 0 1 0 4351 4352
1587 2 0 4373 0 4375
1588 0 0 4264 0 4264
1589 0 4264 0 1 4265
1590 4350 0 0 0 4350
1591 4327 0 0 0 4327
1592 0 0 1 4354 4355
1593 4301 0 0 0 4301
1594 0 0 4351 0 4351
1595 0 0 4291 0 4291
1596 4312 1 0 0 4313
1597 4388 0 0 0 4388
1598 0 0 0 4369 4369
1599 0 0 4401 0 4401
1600 4338 0 0 0 4338
1601 0 4334 0 1 4335
1602 4409 0 1 0 4410
1603 4381 0 0 0 4381
1604 0 0 0 4472 4472
1605 4427 0 0 0 4427
1606 4437 0 1 0 4438
1607 0 0 0 4384 4384
1608 4457 0 0 0 4457
1609 4451 0 0 0 4451
1610 4423 0 0 0 4423
1611 0 0 4456 0 4456
1612 4427 0 0 0 4427
1613 4447 0 0 0 4447
1614 0 4464 0 2 4466
1615 4516 0 0 0 4516
1616 4448 0 0 0 4448
1617 0 4486 0 0 4486
1618 4511 0 0 0 4511
1619 0 0 1 4455 4456
1620 0 0 4445 3 4448
1621 4474 0 1 0 4475
1622 0 0 0 4376 4376
1623 0 4471 0 1 4472
1624 4513 0 1 0 4514
1625 4477 0 0 0 4477
1626 0 4448 0 0 4448
1627 4524 0 1 0 4525
1628 4484 0 1 2 4487
1629 0 1 1 4457 4459
1630 1 0 4475 0 4476
1631 0 0 4535 0 4535
1632 4567 0 0 0 4567
1633 4554 0 0 2 4556
1634 0 0 0 4518 4518
1635 0 0 4517 0 4517
1636 0 0 4421 0 4421
1637 0 0 4405 20 4425
1638 0 1 0 4405 4406
1639 0 4439 0 0 4439
1640 24 4422 0 0 4446
1641 4489 0 0 0 4489
1642 1 1 4361 0 4363
1643 0 4345 0 1 4346
1644 4454 0 0 1 4455
1645 4392 0 0 0 4392
1646 0 4406 0 0 4406
1647 4428 0 0 0 4428
1648 1 0 4342 0 4343
1649 1 4335 0 0 4336
1650 4350 1 1 0 4352
1651 1 4336 0 0 4337
1652 4439 0 0 0 4439
1653 4428 0 0 0 4428
1654 4460 0 0 0 4460
1655 0 4593 0 1 4594
1656 4590 0 0 15 4605
1657 0 1 4555 0 4556
1658 0 4443 0 1 4444
1659 0 4379 0 0 4379
1660 4436 0 1 1 4438
1661 0 1 0 4353 4354
1662 4410 0 1 0 4411
1663 0 4388 0 0 4388
1664 4436 0 0 0 4436
1665 2 0 4450 3 4455
1666 0 4366 0 0 4366
1667 1 0 0 4384 4385
1668 4532 0 0 0 4532
1669 0 1 1 4492 4494
1670 0 1 0 4473 4474
1671 0 4519 0 0 4519
1672 4504 0 2 0 4506
1673 0 0 0 4404 4404
1674 4415 0 0 0 4415
1675 0 0 4359 0 4359
1676 0 4344 0 0 4344
1677 0 0 0 4355 4355
1678 0 0 4382 0 4382
1679 4325 0 0 0 4325
1680 1 0 0 4352 4353
1681 0 0 0 4370 4370
1682 4366 0 0 2 4368
1683 0 1 0 4324 4325
1684 4340 0 0 0 4340
1685 0 0 4308 0 4308
1686 4181 0 0 1 4182
1687 0 0 0 4064 4064
1688 4060 0 0 0 4060
1689 0 4059 0 3 4062
1690 4035 0 0 0 4035
1691 0 3997 0 0 3997
1692 0 4017 0 0 4017
1693 0 0 0 4005 4005
1694 4029 0 0 0 4029
1695 0 4027 0 39 4066
1696 4152 0 0 0 4152
1697 4110 0 1 0 4111
1698 3993 0 0 0 3993
1699 0 0 1 3934 3935
1700 1 0 3990 1 3992
1701 0 3751 0 99 3850
1702 0 3871 0 2 3873
1703 3902 1 0 0 3903
1704 0 3909 0 1 3910
1705 3873 1 0 0 3874
1706 0 0 3960 0 3960
1707 0 0 3957 0 3957
1708 0 0 4015 0 4015
1709 0 0 4045 0 4045
1710 4034 0 0 1 4035
1711 1 0 4060 0 4061
1712 4025 0 0 0 4025
1713 0 0 0 3996 3996
1714 0 0 0 4050 4050
1715 0 4018 0 1 4019
1716 0 4089 0 1 4090
1717 4199 0 0 0 4199
1718 4206 0 0 1 4207
1719 4004 0 0 0 4004
1720 1 0 3962 1 3964
1721 0 0 1 3799 3800
1722 3947 0 0 0 3947
1723 0 0 4129 0 4129
1724 4229 0 0 0 4229
1725 4258 0 0 0 4258
1726 0 0 4208 0 4208
1727 1 0 4193 0 4194
1728 4160 0 0 0 4160
1729 4173 0 0 0 4173
1730 4192 0 0 0 4192
1731 0 0 4149 0 4149
1732 4149 0 0 0 4149
1733 1 0 4158 0 4159
1734 4157 0 0 0 4157
1735 4102 0 0 0 4102
1736 0 1 0 4232 4233
1737 1 0 4172 0 4173
1738 4086 0 0 0 4086
1739 4004 0 0 0 4004
1740 4022 0 0 0 4022
1741 4011 0 0 0 4011
1742 0 0 1 3939 3940
1743 1 3985 0 0 3986
1744 3974 0 0 0 3974
1745 0 0 1 3965 3966
1746 3910 0 0 0 3910
1747 3878 0 1 0 3879
1748 3866 37 56 0 3959
1749 1 0 4004 0 4005
1750 0 0 3944 0 3944
1751 3883 0 26 0 3909
1752 0 0 3948 0 3948
1753 0 1 0 3693 3694
1754 0 0 0 3837 3837
1755 3845 21 58 0 3924
1756 0 2 1 3994 3997
1757 0 0 4017 0 4017
1758 36 0 3926 0 3962
1759 0 0 4006 0 4006
1760 4025 0 0 0 4025
1761 4118 1 1 1 4121
1762 4112 0 0 1 4113
1763 4077 0 0 0 4077
1764 1 4086 0 0 4087
1765 4061 0 0 0 4061
1766 0 4115 0 0 4115
1767 0 0 0 4131 4131
1768 4142 0 0 0 4142
1769 4129 0 0 0 4129
1770 4101 0 0 0 4101
1771 0 0 4153 0 4153
1772 0 0 4192 0 4192
1773 4422 0 0 0 4422
1774 4470 0 0 0 4470
1775 1 0 4516 1 4518
1776 4484 0 0 1 4485
1777 0 0 4597 0 4597
1778 4628 0 0 0 4628
1779 1 0 1 4626 4628
1780 0 0 4622 0 4622
1781 0 0 4515 0 4515
1782 0 0 0 4487 4487
1783 0 4549 0 1 4550
1784 0 12 0 4638 4650
1785 4564 0 0 0 4564
1786 0 0 1 4577 4578
1787 0 0 0 4619 4619
1788 4574 0 0 0 4574
1789 0 0 4544 1 4545
1790 0 0 1 4425 4426
1791 4514 1 0 0 4515
1792 0 0 4514 0 4514
1793 2 4502 0 0 4504
1794 4582 0 0 0 4582
1795 1 0 4564 0 4565
1796 4531 1 0 0 4532
1797 0 0 0 4558 4558
1798 2 0 4545 0 4547
1799 0 0 4501 1 4502
1800 0 1 0 4349 4350
1801 0 0 4441 0 4441
1802 0 0 4422 2 4424
1803 106 0 4302 1 4409
1804 0 4448 0 0 4448
1805 0 4729 0 0 4729
1806 1 4890 0 0 4891
1807 5056 0 1 0 5057
1808 4923 0 0 0 4923
1809 0 4965 0 1 4966
1810 4951 0 0 0 4951
1811 1 0 0 5055 5056
1812 0 0 0 5156 5156
1813 0 0 0 5178 5178
1814 5145 1 0 2 5148
1815 0 5156 0 1 5157
1816 5206 0 0 0 5206
1817 5272 0 1 1 5274
1818 0 0 1 5245 5246
1819 1 4 0 5241 5246
1820 0 1 0 5287 5288
1821 3 0 5263 0 5266
1822 5238 0 1 0 5239
1823 0 0 5282 0 5282
1824 5229 0 1 0 5230
1825 5121 0 0 0 5121
1826 5078 0 1 0 5079
1827 0 5172 0 0 5172
1828 0 0 0 4989 4989
1829 0 1 0 5033 5034
1830 1 0 4978 0 4979
1831 0 4970 0 0 4970
1832 5138 0 0 0 5138
1833 0 0 2 5125 5127
1834 5193 0 0 3 5196
1835 0 1 0 5102 5103
1836 0 5124 0 0 5124
1837 0 5110 0 1 5111
1838 1 5144 0 1 5146
1839 5111 0 1 0 5112
1840 60 0 4975 0 5035
1841 5059 0 0 0 5059
1842 5071 0 0 1 5072
1843 5265 0 0 0 5265
1844 0 0 0 5179 5179
1845 5169 0 0 0 5169
1846 0 0 5273 0 5273
1847 0 0 0 5128 5128
1848 5329 0 0 0 5329
1849 1 0 0 5361 5362
1850 0 2 1 5367 5370
1851 1 0 5348 0 5349
1852 5276 0 0 1 5277
1853 5259 0 0 1 5260
1854 1 0 5313 0 5314
1855 0 0 0 5099 5099
1856 5221 0 0 0 5221
1857 0 2 0 5222 5224
1858 5248 0 0 0 5248
1859 5229 0 0 0 5229
1860 0 1 1 5200 5202
1861 0 5204 0 0 5204
1862 0 0 0 5217 5217
1863 5201 0 0 0 5201
1864 5357 0 1 0 5358
1865 0 0 0 5347 5347
1866 0 0 5358 0 5358
1867 0 0 5300 0 5300
1868 5264 1 0 1 5266
1869 1 5292 0 0 5293
1870 0 5274 0 2 5276
1871 0 5420 0 1 5421
1872 0 0 0 5430 5430
1873 1 0 5431 0 5432
1874 5390 0 1 0 5391
1875 5529 0 1 0 5530
1876 0 0 0 5506 5506
1877 5497 0 1 0 5498
1878 0 5501 0 1 5502
1879 5508 0 1 0 5509
1880 5420 0 0 0 5420
1881 5368 0 0 0 5368
1882 0 0 5329 0 5329
1883 0 0 5406 0 5406
1884 0 0 5449 0 5449
1885 0 5489 0 0 5489
1886 4 0 5522 0 5526
1887 0 0 5721 0 5721
1888 0 0 0 5542 5542
1889 0 1 0 5640 5641
1890 5599 0 2 0 5601
1891 0 5817 0 0 5817
1892 1 0 0 5971 5972
1893 0 0 0 6018 6018
1894 0 5969 0 0 5969
1895 5972 0 0 1 5973
1896 0 0 1 5954 5955
1897 1 5982 0 0 5983
1898 0 6067 0 1 6068
1899 0 0 0 6055 6055
1900 0 6081 0 0 6081
1901 6321 0 0 1 6322
1902 6101 0 0 0 6101
1903 6154 0 0 0 6154
1904 6084 0 0 3 6087
1905 0 0 0 5955 5955
1906 0 5927 0 1 5928
1907 0 5881 0 6 5887
1908 0 5976 0 1 5977
1909 0 0 0 5930 5930
1910 0 0 0 5934 5934
1911 0 0 0 5977 5977
1912 1 0 5944 17 5962
1913 0 0 0 5912 5912
1914 1 0 5888 1 5890
1915 0 0 5897 0 5897
1916 2 0 5878 0 5880
1917 5864 0 0 0 5864
1918 0 6103 0 1 6104
1919 6072 0 0 0 6072
1920 0 0 0 5997 5997
1921 0 44 0 5912 5956
1922 0 1 0 5976 5977
1923 1 0 5976 0 5977
1924 0 1 0 5873 5874
1925 0 5988 0 0 5988
1926 1 0 0 6024 6025
1927 5969 0 0 0 5969
1928 0 0 0 5926 5926
1929 0 1 0 5996 5997
1930 2 0 5961 0 5963
1931 5839 0 4 1 5844
1932 297 0 5612 0 5909
1933 1 0 5800 0 5801
1934 2 0 6216 0 6218
1935 0 6338 1 2 6341
1936 6040 0 307 0 6347
1937 0 0 0 6384 6384
1938 0 6309 0 0 6309
1939 6289 0 0 0 6289
1940 6267 0 0 0 6267
1941 6236 1 0 0 6237
1942 0 0 6175 0 6175
1943 6111 0 3 0 6114
1944 0 0 6355 1 6356
1945 59 0 6192 0 6251
1946 1 6453 1 0 6455
1947 6651 0 0 0 6651
1948 0 0 6680 0 6680
1949 6634 0 1 1 6636
1950 0 6869 0 5 6874
1951 6871 0 1 1 6873
1952 0 0 0 6878 6878
1953 6857 0 0 0 6857
1954 6826 0 0 0 6826
1955 0 6842 0 0 6842
1956 0 0 0 6775 6775
1957 0 6887 1 0 6888
1958 0 7036 0 1 7037
1959 6827 0 0 0 6827
1960 0 0 6772 0 6772
1961 0 6869 0 1 6870
1962 6906 0 0 1 6907
1963 0 6913 0 21 6934
1964 6915 0 0 0 6915
1965 0 5 0 6891 6896
1966 0 0 6865 0 6865
1967 16 0 6801 0 6817
1968 0 2 0 6712 6714
1969 1 6748 0 1 6750
1970 1 6865 3 1 6870
1971 6878 0 0 0 6878
1972 1 0 6889 0 6890
1973 0 0 0 6776 6776
1974 6865 0 0 0 6865
1975 6883 0 3 0 6886
1976 6841 0 1 0 6842
1977 0 0 6804 0 6804
1978 6836 0 0 0 6836
1979 6913 0 5 1 6919
1980 6933 0 0 0 6933
1981 6898 0 0 0 6898
1982 0 0 0 6841 6841
1983 3 0 6811 0 6814
1984 0 0 6800 0 6800
1985 6815 2 0 2 6819
1986 0 6842 0 0 6842
1987 0 1 0 6843 6844
1988 6863 0 2 0 6865
1989 0 6878 0 1 6879
1990 1 0 6857 1 6859
1991 6865 0 0 0 6865
1992 0 0 0 6821 6821
1993 1 0 6663 1 6665
1994 1 6777 0 4 6782
1995 1 0 6739 0 6740
1996 0 0 6730 0 6730
1997 0 4 1 6177 6182
1998 2 0 6364 0 6366
1999 0 0 0 6486 6486
2000 0 6661 0 2 6663
2001 0 4 0 6755 6759
2002 0 0 6643 1 6644
2003 0 0 6599 1 6600
2004 6566 0 1 0 6567
2005 6668 0 2 0 6670
2006 0 6645 0 0 6645
2007 0 0 0 6483 6483
2008 1 6512 0 0 6513
2009 6516 0 0 0 6516
2010 0 0 0 6558 6558
2011 6514 0 1 0 6515
2012 0 0 6537 0 6537
2013 0 0 1 6339 6340
2014 0 0 0 6455 6455
2015 1 0 6379 0 6380
2016 0 0 6239 0 6239
2017 6317 0 3 1 6321
2018 0 0 6342 0 6342
2019 6340 0 0 0 6340
2020 6358 36 0 0 6394
2021 0 6427 0 0 6427
2022 1 6415 0 1 6417
2023 6429 28 1 0 6458
2024 6308 0 0 1 6309
2025 6328 0 0 0 6328
2026 6331 1 1 2 6335
2027 0 0 6241 0 6241
2028 6175 0 1 0 6176
2029 6181 0 0 2 6183
2030 6050 0 0 1 6051
2031 0 6090 0 0 6090
2032 6108 0 0 0 6108
2033 0 0 6056 0 6056
2034 6077 0 0 0 6077
2035 0 0 1 6020 6021
2036 0 6017 0 0 6017
2037 0 1 0 5993 5994
2038 6021 0 0 0 6021
2039 0 0 0 5990 5990
2040 5985 0 0 0 5985
2041 0 6128 0 0 6128
2042 0 0 0 6087 6087
2043 6122 0 0 0 6122
2044 6073 1 0 1 6075
2045 6053 0 0 0 6053
2046 0 6235 0 0 6235
2047 6415 0 77 0 6492
2048 0 6583 0 0 6583
2049 0 0 1 6579 6580
2050 1 0 6553 1 6555
2051 6450 0 0 0 6450
2052 0 0 0 6423 6423
2053 0 6513 0 1 6514
2054 6505 0 2 0 6507
2055 0 0 6492 0 6492
2056 6428 0 2 1 6431
2057 1 0 6535 4 6540
2058 27 0 6354 1 6382
2059 6393 0 1 0 6394
2060 6378 1 0 0 6379
2061 0 6414 0 23 6437
2062 6507 1 3 0 6511
2063 1 0 0 6475 6476
2064 0 0 6474 2 6476
2065 6387 0 0 1 6388
2066 0 0 0 6379 6379
2067 0 0 0 6378 6378
2068 0 6428 0 1 6429
2069 0 0 0 6447 6447
2070 0 1 0 6517 6518
2071 0 0 6451 1 6452
2072 6391 0 0 0 6391
2073 0 0 6395 0 6395
2074 1 1 6363 0 6365
2075 6431 0 2 19 6452
2076 6507 0 0 0 6507
2077 1 6547 0 1 6549
2078 6616 0 0 0 6616
2079 6577 0 3 0 6580
2080 0 0 0 6616 6616
2081 0 0 6621 1 6622
2082 0 6616 0 2 6618
2083 1 1 0 6919 6921
2084 6828 0 1 0 6829
2085 2 6973 0 0 6975
2086 2 0 6940 1 6943
2087 0 6897 0 0 6897
2088 0 4 0 6978 6982
2089 6995 0 2 0 6997
2090 6991 0 0 0 6991
2091 6971 0 0 0 6971
2092 0 0 0 6980 6980
2093 1 0 7013 0 7014
2094 0 0 0 6916 6916
2095 0 1 0 6990 6991
2096 25 2 6881 0 6908
2097 0 6783 0 1 6784
2098 7004 0 1 0 7005
2099 6673 0 0 0 6673
2100 0 6671 0 0 6671
2101 0 6784 0 0 6784
2102 0 1 0 6885 6886
2103 6766 17 0 0 6783
2104 1 0 1 6769 6771
2105 0 0 0 7059 7059
2106 0 1 0 7026 7027
2107 0 0 6947 0 6947
2108 6889 0 1 0 6890
2109 0 0 6563 49 6612
2110 0 0 6610 0 6610
2111 0 6435 0 2 6437
2112 1 6679 0 2 6682
2113 0 1 0 6886 6887
2114 0 0 6877 0 6877
2115 0 0 0 6758 6758
2116 0 1 1 6803 6805
2117 1 2 0 6956 6959
2118 0 54 0 6834 6888
2119 6728 1 3 0 6732
2120 6562 0 0 0 6562
2121 0 6596 0 0 6596
2122 6450 0 0 0 6450
2123 0 0 6350 0 6350
2124 3 0 0 6148 6151
2125 1 0 6242 0 6243
2126 0 6267 0 4 6271
2127 6272 0 2 0 6274
2128 1 0 0 6290 6291
2129 0 6344 0 0 6344
2130 6336 0 0 1 6337
2131 0 0 0 6317 6317
2132 6278 0 0 0 6278
2133 0 6333 0 1 6334
2134 6370 1 1 1 6373
2135 0 0 6345 0 6345
2136 1 0 6254 0 6255
2137 5934 0 0 0 5934
2138 5837 0 0 0 5837
2139 1 0 5741 0 5742
2140 0 5596 0 2 5598
2141 1 5907 0 0 5908
2142 6048 0 1 0 6049
2143 114 0 5832 0 5946
2144 0 2 0 5809 5811
2145 15 0 5807 1 5823
2146 0 0 5834 0 5834
2147 0 0 5884 0 5884
2148 1 0 2 5786 5789
2149 0 5794 0 2 5796
2150 5831 0 0 0 5831
2151 5748 0 0 0 5748
2152 1 5782 0 0 5783
2153 5821 0 0 1 5822
2154 0 0 1 5767 5768
2155 5755 0 0 0 5755
2156 0 0 5678 0 5678
2157 0 5648 0 2 5650
2158 5673 0 0 0 5673
2159 0 0 0 5682 5682
2160 4 0 5668 0 5672
2161 0 5589 0 0 5589
2162 0 0 0 5616 5616
2163 0 0 1 5675 5676
2164 0 0 5634 0 5634
2165 5703 0 0 0 5703
2166 0 1 5634 2 5637
2167 1 0 5609 0 5610
2168 0 5544 0 2 5546
2169 0 0 0 5704 5704
2170 5716 1 1 1 5719
2171 0 2 0 5703 5705
2172 0 0 5640 0 5640
2173 0 0 5516 2 5518
2174 0 5333 1 0 5334
2175 1 5283 0 1 5285
2176 0 5432 0 0 5432
2177 5383 0 2 1 5386
2178 0 5404 0 0 5404
2179 5396 0 1 0 5397
2180 0 0 5403 0 5403
2181 5356 0 0 1 5357
2182 0 1 1 5337 5339
2183 0 0 0 5380 5380
2184 5335 0 0 0 5335
2185 5290 1 1 0 5292
2186 3 0 5118 0 5121
2187 5068 0 1 1 5070
2188 5054 0 1 0 5055
2189 0 1 0 4989 4990
2190 2 0 4997 0 4999
2191 1 0 4996 0 4997
2192 4950 0 1 0 4951
2193 0 0 1 4900 4901
2194 2 0 4874 0 4876
2195 0 4845 0 1 4846
2196 4714 0 10 0 4724
2197 0 4831 0 2 4833
2198 0 0 4854 0 4854
2199 4971 0 0 0 4971
2200 0 0 0 4676 4676
2201 0 0 0 4685 4685
2202 4699 0 0 0 4699
2203 0 0 4686 0 4686
2204 4708 0 0 0 4708
2205 0 0 0 4667 4667
2206 0 0 0 4612 4612
2207 4617 0 0 0 4617
2208 0 3 0 4581 4584
2209 1 0 4617 0 4618
2210 4484 0 0 0 4484
2211 4332 0 1 0 4333
2212 1 0 0 4223 4224
2213 0 4269 0 0 4269
2214 4274 0 0 0 4274
2215 2 0 4303 0 4305
2216 0 0 4312 0 4312
2217 0 0 4313 0 4313
2218 4294 0 1 0 4295
2219 3 0 4367 1 4371
2220 4395 0 0 0 4395
2221 4361 0 0 0 4361
2222 0 0 0 4355 4355
2223 0 0 4371 0 4371
2224 1 1 0 4276 4278
2225 2 4288 0 1 4291
2226 4356 0 2 0 4358
2227 4384 0 0 0 4384
2228 4346 0 3 0 4349
2229 50 0 4214 0 4264
2230 3517 0 751 0 4268
2231 4279 0 0 0 4279
2232 0 0 0 4265 4265
2233 0 0 4281 0 4281
2234 4286 0 0 0 4286
2235 2 0 0 4208 4210
2236 0 0 0 4261 4261
2237 0 0 0 4242 4242
2238 0 3 0 4274 4277
2239 0 0 4268 32 4300
2240 4237 0 1 0 4238
2241 31 0 4231 0 4262
2242 4193 0 0 0 4193
2243 4141 0 0 0 4141
2244 4119 0 0 0 4119
2245 3 0 4069 0 4072
2246 0 3897 1 0 3898
2247 3858 0 0 0 3858
2248 3693 0 0 0 3693
2249 0 0 0 3701 3701
2250 0 0 3688 0 3688
2251 0 0 3648 0 3648
2252 0 3589 0 0 3589
2253 0 22 0 3559 3581
2254 0 3508 0 0 3508
2255 3240 1 0 0 3241
2256 0 3422 0 1 3423
2257 0 3500 0 0 3500
2258 0 0 0 3523 3523
2259 0 2 0 3552 3554
2260 0 0 3526 0 3526
2261 37 0 3494 0 3531
2262 0 0 0 3380 3380
2263 1 0 3522 0 3523
2264 3479 0 0 1 3480
2265 0 0 3566 0 3566
2266 3513 0 16 0 3529
2267 0 0 1 3564 3565
2268 0 0 1 3536 3537
2269 0 0 3498 0 3498
2270 0 0 3449 0 3449
2271 0 0 3462 2 3464
2272 1 0 0 3425 3426
2273 3476 1 1 1 3479
2274 19 3460 0 1 3480
2275 3511 0 0 0 3511
2276 2 0 1 3495 3498
2277 3536 0 1 0 3537
2278 0 0 0 3499 3499
2279 3502 0 0 0 3502
2280 3493 0 0 0 3493
2281 0 0 3487 0 3487
2282 64 3351 0 0 3415
2283 0 0 0 3345 3345
2284 0 0 3 3381 3384
2285 0 3439 0 1 3440
2286 0 0 3434 0 3434
2287 3428 0 0 1 3429
2288 3400 0 0 0 3400
2289 0 0 3402 0 3402
2290 3371 0 0 0 3371
2291 0 0 0 3348 3348
2292 0 0 3383 0 3383
2293 0 0 0 3260 3260
2294 0 0 0 3308 3308
2295 0 0 0 3375 3375
2296 3134 0 0 0 3134
2297 0 0 0 3103 3103
2298 1 0 3080 0 3081
2299 0 0 3062 2 3064
2300 2 0 3050 0 3052
2301 0 0 3024 0 3024
2302 0 0 0 3027 3027
2303 0 0 0 3046 3046
2304 3027 0 0 0 3027
2305 0 0 1 2980 2981
2306 0 0 0 3059 3059
2307 0 0 2948 0 2948
2308 0 0 2807 0 2807
2309 0 1 0 2749 2750
2310 0 2695 0 0 2695
2311 2582 0 0 90 2672
2312 10 1 0 2459 2470
2313 0 2435 0 1 2436
2314 2445 0 0 0 2445
2315 0 0 0 2375 2375
2316 0 0 0 2391 2391
2317 0 0 2391 0 2391
2318 2397 0 0 0 2397
2319 2331 1 0 2 2334
2320 1 0 0 2267 2268
2321 2216 0 0 0 2216
2322 0 2283 0 1 2284
2323 2261 0 0 0 2261
2324 1 0 0 2244 2245
2325 0 0 2148 1 2149
2326 9 1947 0 2 1958
2327 0 0 1941 0 1941
2328 1643 0 133 0 1776
2329 0 0 0 1762 1762
2330 1731 0 0 0 1731
2331 0 1681 0 85 1766
2332 1721 0 0 0 1721
2333 0 1765 0 0 1765
2334 1776 0 0 0 1776
2335 1698 0 0 0 1698
2336 1693 0 0 0 1693
2337 0 0 0 1600 1600
2338 0 0 1602 0 1602
2339 1606 0 0 0 1606
2340 0 0 0 1591 1591
2341 0 0 0 1601 1601
2342 1530 0 1 0 1531
2343 1524 0 0 0 1524
2344 1529 0 0 0 1529
2345 1521 0 1 0 1522
2346 0 0 1 1413 1414
2347 1 0 1235 0 1236
2348 1252 0 0 0 1252
2349 1200 0 0 0 1200
2350 1202 0 0 0 1202
2351 1128 0 0 0 1128
2352 1002 0 0 0 1002
2353 986 0 0 0 986
2354 0 0 970 0 970
2355 0 0 33 0 33
2356 0 33 0 0 33
2357 0 0 0 33 33
2358 0 33 0 0 33
2359 0 0 33 0 33
2360 0 0 0 0 0
2361 0 0 0 0 0
2362 0 0 0 0 0
2363 0 0 0 0 0
2364 0 0 0 0 0
2365 0 0 0 0 0
2366 0 0 0 0 0
2367 0 0 0 0 0
2368 0 0 0 0 0
2369 0 0 0 0 0
2370 0 0 0 0 0
