0 0 0 0 0 0
1 30 0 0 0 30
2 0 0 59 0 59
3 0 66 0 0 66
4 68 1 4 2 75
5 0 0 72 0 72
6 76 8 0 0 84
7 81 17 0 10 108
8 13 0 102 0 115
9 0 214 0 10 224
10 0 17 302 4 323
11 1 5 347 0 353
12 311 10 42 2 365
13 3 0 416 3 422
14 0 431 0 12 443
15 0 880 0 3 883
16 0 2 0 1162 1164
17 0 1 0 1225 1226
18 1 0 0 1260 1261
19 1273 0 0 1 1274
20 1259 0 0 0 1259
21 0 0 1526 0 1526
22 1501 0 0 0 1501
23 0 1 0 1743 1744
24 0 0 1785 0 1785
25 1820 0 1 1 1822
26 1864 1 0 2 1867
27 0 2 0 2181 2183
28 2294 0 0 0 2294
29 0 0 0 2482 2482
30 2523 0 0 0 2523
31 2497 0 0 0 2497
32 2519 0 0 0 2519
33 0 0 0 2590 2590
34 0 2632 0 1 2633
35 0 3089 0 0 3089
36 0 1 0 3228 3229
37 0 0 0 3449 3449
38 3720 3 2 1 3726
39 0 175 0 3814 3989
40 0 0 0 4291 4291
41 0 3 0 4327 4330
42 0 0 0 4417 4417
43 0 4482 0 0 4482
44 0 0 0 4522 4522
45 0 4568 0 1 4569
46 0 32 0 4516 4548
47 0 1 0 4624 4625
48 0 4694 0 4 4698
49 4702 0 0 0 4702
50 0 0 0 4782 4782
51 4783 0 0 0 4783
52 0 0 4796 0 4796
53 4763 0 0 1 4764
54 0 1 0 4808 4809
55 0 0 4802 1 4803
56 0 1 1 4749 4751
57 5 2 4764 0 4771
58 0 4867 0 15 4882
59 0 4944 0 0 4944
60 2 4981 0 5 4988
61 16 0 4958 0 4974
62 3 0 6 4908 4917
63 4975 0 1 1 4977
64 0 5059 0 1 5060
65 5045 0 2 0 5047
66 10 0 5045 0 5055
67 0 0 4998 0 4998
68 0 5088 0 0 5088
69 5148 5 3 3 5159
70 3 0 5310 0 5313
71 0 5358 0 4 5362
72 5522 0 0 0 5522
73 5562 0 0 0 5562
74 0 0 0 5630 5630
75 0 6 0 5649 5655
76 0 52 0 5611 5663
77 1 5709 0 0 5710
78 5747 0 3 0 5750
79 5719 0 3 0 5722
80 1 5811 0 2 5814
81 5807 0 5 2 5814
82 5709 1 5 0 5715
83 2 5774 0 0 5776
84 5748 2 1 3 5754
85 0 7 0 5786 5793
86 0 0 0 5753 5753
87 0 5824 1 5 5830
88 3 5769 0 4 5776
89 0 5864 0 0 5864
90 5831 3 3 0 5837
91 0 0 0 5865 5865
92 5848 0 5 0 5853
93 1 5899 0 1 5901
94 5847 0 0 5 5852
95 0 5995 0 0 5995
96 3 8 4 5985 6000
97 1 1 5992 0 5994
98 3 0 5959 1 5963
99 0 0 0 6023 6023
100 1 0 6090 2 6093
101 0 1 2 6106 6109
102 0 0 0 6112 6112
103 0 6181 0 1 6182
104 0 6166 0 4 6170
105 0 6135 0 27 6162
106 0 6228 0 0 6228
107 1 6322 0 4 6327
108 0 2 0 6279 6281
109 0 3 0 6314 6317
110 6258 1 27 0 6286
111 0 0 0 6334 6334
112 1 0 0 6229 6230
113 1 6317 0 1 6319
114 0 6360 0 0 6360
115 8 6377 0 3 6388
116 6355 2 0 0 6357
117 0 0 0 6354 6354
118 3 0 6180 1 6184
119 1 0 6133 1 6135
120 6112 7 4 0 6123
121 6266 0 0 4 6270
122 1 6285 0 10 6296
123 6278 0 7 0 6285
124 0 7 6313 0 6320
125 5 0 6258 0 6263
126 6275 1 7 1 6284
127 6361 5 8 1 6375
128 0 6387 0 2 6389
129 6382 1 0 0 6383
130 0 0 6357 0 6357
131 0 0 6340 2 6342
132 2 0 1 6302 6305
133 0 20 1 6457 6478
134 6496 0 0 6 6502
135 7 6347 0 81 6435
136 6461 0 2 0 6463
137 1 6498 0 0 6499
138 6521 0 2 2 6525
139 6446 0 5 0 6451
140 4 2 0 6621 6627
141 6661 1 5 1 6668
142 2 0 6607 2 6611
143 6570 0 0 1 6571
144 0 6661 0 1 6662
145 6635 1 0 1 6637
146 0 6731 2 1 6734
147 1 3 0 6651 6655
148 2 0 6680 0 6682
149 0 0 1 6582 6583
150 38 0 6632 2 6672
151 6736 0 0 0 6736
152 0 0 0 6847 6847
153 1 6871 0 1 6873
154 6883 0 0 0 6883
155 2 0 6887 3 6892
156 6864 0 1 0 6865
157 6908 0 1 0 6909
158 0 6983 0 2 6985
159 34 0 6908 1 6943
160 0 6995 0 1 6996
161 6973 0 4 0 6977
162 3 7 0 7043 7053
163 0 1 7016 2 7019
164 7062 0 6 0 7068
165 0 1 7040 0 7041
166 0 1 0 6954 6955
167 7087 0 0 0 7087
168 2 7221 0 0 7223
169 0 0 0 7167 7167
170 2 7243 0 2 7247
171 7161 1 118 0 7280
172 7271 1 0 0 7272
173 7253 2 2 0 7257
174 0 7273 0 3 7276
175 7295 0 1 1 7297
176 7191 6 8 9 7214
177 1 0 7185 0 7186
178 1 8 7164 0 7173
179 4 4 7260 0 7268
180 4 1 7341 2 7348
181 7608 0 9 0 7617
182 7662 0 6 0 7668
183 7717 0 0 0 7717
184 10 7719 0 1 7730
185 7795 0 0 0 7795
186 0 0 7734 0 7734
187 0 2 0 7544 7546
188 7742 0 1 0 7743
189 6 7774 0 11 7791
190 7758 0 0 0 7758
191 0 2 1 7829 7832
192 0 2 4 7855 7861
193 0 1 2 7925 7928
194 12 7966 0 3 7981
195 0 4 1 8026 8031
196 2 1 7973 1 7977
197 7922 0 15 0 7937
198 0 0 0 7974 7974
199 4 0 7968 1 7973
200 0 1 0 7925 7926
201 0 11 0 8001 8012
202 8043 1 6 0 8050
203 0 8065 0 5 8070
204 8121 0 3 0 8124
205 7 0 8099 2 8108
206 0 0 7961 0 7961
207 8016 0 0 1 8017
208 0 0 0 8094 8094
209 5 2 8100 0 8107
210 2 8112 0 10 8124
211 8151 0 2 0 8153
212 2 8225 0 3 8230
213 8262 3 0 0 8265
214 8254 9 6 0 8269
215 0 0 0 8510 8510
216 1 8 8607 5 8621
217 1 7 8570 7 8585
218 0 17 1 8160 8178
219 0 0 8577 0 8577
220 3 0 8606 1 8610
221 8632 5 11 0 8648
222 1 0 0 8632 8633
223 0 8716 0 0 8716
224 0 8823 0 1 8824
225 8911 0 1 0 8912
226 8913 0 2 0 8915
227 0 8959 3 0 8962
228 9032 0 2 2 9036
229 8956 0 6 0 8962
230 8947 0 0 0 8947
231 0 4 0 8853 8857
232 0 0 8866 0 8866
233 1 0 8748 0 8749
234 8897 0 3 0 8900
235 1 8983 0 1 8985
236 1 8905 0 1 8907
237 9048 0 2 0 9050
238 10 0 0 9004 9014
239 0 0 0 8945 8945
240 8875 0 1 0 8876
241 12 9010 5 0 9027
242 1 9026 0 0 9027
243 4 9168 0 3 9175
244 2 0 9231 0 9233
245 9063 0 5 0 9068
246 9164 0 0 0 9164
247 0 0 9240 0 9240
248 9238 0 7 0 9245
249 1 0 0 9268 9269
250 9364 1 2 0 9367
251 9270 1 0 1 9272
252 1 0 0 9349 9350
253 3 0 9162 0 9165
254 9178 0 0 2 9180
255 0 0 9064 2 9066
256 0 9092 2 2 9096
257 3 9219 0 1 9223
258 4 0 9194 3 9201
259 9078 4 0 1 9083
260 0 0 9068 2 9070
261 1 8 1 8717 8727
262 1 0 8985 0 8986
263 1 9009 0 2 9012
264 1 9135 2 1 9139
265 0 7 0 9099 9106
266 9143 0 0 0 9143
267 2 0 0 9040 9042
268 1 0 9119 0 9120
269 0 9112 0 1 9113
270 9051 0 6 4 9061
271 0 9127 0 1 9128
272 9186 0 3 0 9189
273 9217 0 0 0 9217
274 1 0 0 9311 9312
275 1 1 0 9401 9403
276 9335 0 3 0 9338
277 1 0 9277 0 9278
278 9253 4 0 3 9260
279 0 1 1 9227 9229
280 0 20 1 9273 9294
281 0 0 9284 0 9284
282 0 9260 0 6 9266
283 0 0 9353 1 9354
284 0 0 0 9062 9062
285 50 8967 2 5 9024
286 0 1 0 9115 9116
287 0 0 0 9168 9168
288 9041 0 3 9 9053
289 1 1 9128 0 9130
290 8801 1 0 2 8804
291 52 0 9029 0 9081
292 0 0 9082 0 9082
293 3 9082 0 1 9086
294 0 0 1 9217 9218
295 8 0 0 9272 9280
296 1 1 0 9314 9316
297 9149 0 17 1 9167
298 1 0 9316 0 9317
299 9300 0 8 0 9308
300 2 0 2 9320 9324
301 9394 0 0 0 9394
302 16 0 9330 0 9346
303 9372 0 1 3 9376
304 9269 1 0 0 9270
305 0 2 0 9283 9285
306 6 0 9292 0 9298
307 0 0 9290 3 9293
308 9215 1 1 0 9217
309 0 1 1 9372 9374
310 0 0 9354 0 9354
311 9385 0 0 8 9393
312 9669 0 1 0 9670
313 0 0 9630 0 9630
314 9615 0 0 0 9615
315 9475 0 4 0 9479
316 0 9532 0 0 9532
317 9193 1 0 0 9194
318 3 9620 0 0 9623
319 1 9568 1 0 9570
320 0 9632 0 4 9636
321 9649 1 3 0 9653
322 7 1 9605 0 9613
323 1 0 9680 0 9681
324 0 2 4 9346 9352
325 0 9703 0 11 9714
326 0 2 1 9807 9810
327 1 13 1 9894 9909
328 1 7 0 9912 9920
329 0 3 0 9808 9811
330 0 3 0 9701 9704
331 0 9752 0 0 9752
332 9784 0 2 0 9786
333 9693 4 34 0 9731
334 1 0 9599 0 9600
335 0 9610 0 1 9611
336 9676 0 6 1 9683
337 1 0 9510 0 9511
338 0 9394 0 4 9398
339 3 9438 0 2 9443
340 1 8 0 9321 9330
341 3 9389 0 0 9392
342 9388 2 0 1 9391
343 3 9397 0 3 9403
344 9447 0 1 0 9448
345 1 0 9323 0 9324
346 9238 0 0 0 9238
347 9179 0 0 0 9179
348 1 3 1 9101 9106
349 1 0 9072 0 9073
350 2 8992 0 3 8997
351 0 589 0 8453 9042
352 9009 0 0 3 9012
353 1 1 3 9002 9007
354 1 1 9002 0 9004
355 4 0 8842 0 8846
356 8912 9 5 7 8933
357 2 0 8832 0 8834
358 3 0 8803 0 8806
359 0 8763 0 8 8771
360 1 7864 0 867 8732
361 2 8951 0 0 8953
362 7 4 0 9094 9105
363 9086 0 5 0 9091
364 9072 0 1 1 9074
365 0 0 0 9084 9084
366 0 0 9022 4 9026
367 6 0 9076 0 9082
368 3 5 0 9100 9108
369 1 9211 0 0 9212
370 9221 0 2 2 9225
371 5 9435 0 1 9441
372 9515 0 0 0 9515
373 9433 0 1 0 9434
374 1 9539 0 4 9544
375 0 5 1 9468 9474
376 0 0 9536 0 9536
377 0 0 1 9386 9387
378 9536 0 4 1 9541
379 4 0 9689 0 9693
380 9620 0 6 0 9626
381 1 9690 1 2 9694
382 9773 0 4 0 9777
383 9805 0 0 0 9805
384 9871 0 0 0 9871
385 0 0 0 9808 9808
386 0 0 0 9889 9889
387 9876 1 2 1 9880
388 9711 0 0 0 9711
389 0 9805 0 1 9806
390 1 9735 1 0 9737
391 6 9747 0 3 9756
392 9745 1 6 1 9753
393 34 0 9711 3 9748
394 2 4 10138 1 10145
395 1 0 10121 0 10122
396 151 2 9915 0 10068
397 9977 0 27 6 10010
398 4 0 10105 0 10109
399 10093 0 38 0 10131
400 2 10253 4 1 10260
401 10280 0 0 0 10280
402 0 6 10235 1 10242
403 10035 0 0 2 10037
404 0 10190 0 2 10192
405 0 2 0 10366 10368
406 1 3 1 10436 10441
407 0 0 1 10400 10401
408 5 0 1 10467 10473
409 367 0 10003 2 10372
410 10157 0 3 0 10160
411 0 1 0 10059 10060
412 1 0 0 10108 10109
413 1 0 10047 0 10048
414 2 1 9914 0 9917
415 9972 1 2 1 9976
416 0 10044 0 6 10050
417 9831 0 0 3 9834
418 1 0 9662 114 9777
419 1 5 0 9467 9473
420 9557 0 16 0 9573
421 2 2 0 9621 9625
422 3 0 9654 0 9657
423 4 9718 0 4 9726
424 9801 1 3 4 9809
425 2 0 9754 0 9756
426 9713 0 0 0 9713
427 9691 0 8 1 9700
428 9513 0 0 0 9513
429 2 9561 0 0 9563
430 0 9394 0 0 9394
431 9461 0 0 1 9462
432 9097 0 0 0 9097
433 1 9306 0 1 9308
434 1 8929 0 0 8930
435 0 9 2 8845 8856
436 0 0 8798 0 8798
437 0 8824 0 1 8825
438 0 1 0 8827 8828
439 0 0 8647 0 8647
440 1 8579 0 4 8584
441 8655 2 3 0 8660
442 8553 0 1 3 8557
443 1 8646 0 3 8650
444 2 0 8521 1 8524
445 4 0 8390 1 8395
446 0 8434 0 0 8434
447 8414 0 2 0 8416
448 0 8411 0 1 8412
449 1 0 0 8452 8453
450 3 0 8412 0 8415
451 8325 0 0 0 8325
452 8350 0 1 0 8351
453 0 1 1 8323 8325
454 8223 0 2 0 8225
455 1 8031 0 3 8035
456 8064 0 1 0 8065
457 7972 0 1 1 7974
458 6 7974 0 0 7980
459 7923 0 1 0 7924
460 7837 2 1 1 7841
461 2 1 0 7824 7827
462 7810 0 0 0 7810
463 7587 0 0 0 7587
464 0 7637 0 1 7638
465 2 7659 0 3 7664
466 3 1 0 7388 7392
467 8 7574 0 1 7583
468 0 9 0 7474 7483
469 1 0 0 7480 7481
470 0 5 1 7520 7526
471 0 2 0 7498 7500
472 7455 0 1 0 7456
473 1 0 7357 1 7359
474 1 0 7338 6 7345
475 0 2 0 7235 7237
476 0 1 1 7339 7341
477 1 0 7295 9 7305
478 7269 1 1 0 7271
479 7278 0 0 0 7278
480 0 0 0 7251 7251
481 0 0 7154 1 7155
482 7048 0 9 1 7058
483 0 0 0 7073 7073
484 2 0 1 7086 7089
485 0 0 0 7061 7061
486 7032 0 15 0 7047
487 6983 0 0 0 6983
488 6900 0 21 0 6921
489 0 0 1 6910 6911
490 1 0 6866 0 6867
491 5 0 6740 0 6745
492 6699 0 0 0 6699
493 0 0 6755 0 6755
494 1 6605 2 9 6617
495 2 6674 0 0 6676
496 12 2 6663 1 6678
497 6603 1 1 0 6605
498 11 6640 0 1 6652
499 6607 0 1 1 6609
500 6551 0 0 0 6551
501 6497 0 0 0 6497
502 0 0 6508 0 6508
503 3 0 6476 0 6479
504 0 1 2 5858 5861
505 0 0 6275 2 6277
506 0 0 6355 0 6355
507 6371 0 2 0 6373
508 0 3 1 6408 6412
509 1 1 1 6450 6453
510 6438 0 0 0 6438
511 6331 0 0 0 6331
512 0 1 1 6244 6246
513 5971 0 2 0 5973
514 2 6015 0 0 6017
515 1 6013 0 0 6014
516 0 17 1 6011 6029
517 0 0 0 6008 6008
518 6 0 1 5960 5967
519 0 36 0 5920 5956
520 0 8 1 5878 5887
521 1 0 5345 8 5354
522 1 5204 0 18 5223
523 1 5210 0 1 5212
524 5247 0 7 0 5254
525 46 0 5138 0 5184
526 0 0 5025 0 5025
527 5038 0 0 2 5040
528 0 73 0 4972 5045
529 4999 0 1 0 5000
530 1 0 0 4936 4937
531 2 4916 0 14 4932
532 4952 0 0 2 4954
533 0 0 1 4890 4891
534 1 0 1 4867 4869
535 0 0 4835 0 4835
536 4789 0 0 0 4789
537 0 8 1 4765 4774
538 0 0 12 4822 4834
539 2 4810 0 1 4813
540 4852 0 2 0 4854
541 0 2 0 4823 4825
542 0 3 1 4785 4789
543 4730 0 37 12 4779
544 1 0 4695 0 4696
545 4685 0 0 1 4686
546 1 4698 0 1 4700
547 4692 0 0 1 4693
548 3 0 4647 0 4650
549 4546 0 0 0 4546
550 2 4612 2 0 4616
551 1 4674 0 0 4675
552 1 0 1 4662 4664
553 1 0 4657 0 4658
554 4628 0 1 0 4629
555 4629 0 0 0 4629
556 4592 0 1 0 4593
557 8 0 1 4551 4560
558 6 0 4433 0 4439
559 4430 0 2 0 4432
560 1 4436 0 0 4437
561 4 1 2 4353 4360
562 9 1 0 4338 4348
563 0 2 2 4263 4267
564 0 4269 0 0 4269
565 0 0 2 4213 4215
566 0 0 0 4165 4165
567 1 4128 6 0 4135
568 0 1 1 4097 4099
569 8 4079 0 0 4087
570 4060 0 3 0 4063
571 8 0 3967 0 3975
572 0 0 0 3888 3888
573 3858 0 1 0 3859
574 3836 0 0 0 3836
575 3812 0 0 0 3812
576 70 0 3734 0 3804
577 3736 0 1 0 3737
578 3748 0 1 0 3749
579 0 0 1 3755 3756
580 3758 0 0 0 3758
581 0 5 1 3703 3709
582 3710 0 1 0 3711
583 3645 0 0 0 3645
584 3620 0 0 0 3620
585 0 0 3625 1 3626
586 3585 0 0 0 3585
587 3616 1 6 0 3623
588 3614 0 11 0 3625
589 3596 0 0 0 3596
590 3584 0 0 0 3584
591 3516 0 2 12 3530
592 0 0 0 3394 3394
593 0 6 1 3367 3374
594 0 0 3324 0 3324
595 1 3290 0 3 3294
596 1 3317 0 0 3318
597 4 2 1 3288 3295
598 1 0 3265 0 3266
599 1 3216 0 3 3220
600 0 3307 1 1 3309
601 3313 1 2 0 3316
602 3299 0 0 0 3299
603 3271 0 0 0 3271
604 3291 0 0 0 3291
605 3269 1 0 0 3270
606 0 3267 0 1 3268
607 3242 0 0 0 3242
608 5 0 3177 0 3182
609 3099 0 0 0 3099
610 3129 0 0 0 3129
611 3093 1 0 0 3094
612 21 0 3012 0 3033
613 6 0 2950 1 2957
614 1 0 3007 0 3008
615 0 0 0 2954 2954
616 1 0 0 2986 2987
617 4 0 0 2997 3001
618 0 2984 1 15 3000
619 0 2960 0 0 2960
620 0 0 0 2970 2970
621 4 2981 0 0 2985
622 2849 0 168 0 3017
623 0 0 1 3003 3004
624 3030 0 0 0 3030
625 3012 0 2 0 3014
626 2990 0 0 0 2990
627 0 0 2966 0 2966
628 2982 0 1 1 2984
629 1 0 2961 0 2962
630 1 0 2934 0 2935
631 2948 0 0 0 2948
632 0 0 0 2894 2894
633 2897 0 0 0 2897
634 0 2841 0 2 2843
635 0 2876 0 1 2877
636 2922 0 0 0 2922
637 2918 0 2 0 2920
638 0 9 0 2943 2952
639 0 0 2931 0 2931
640 2927 0 0 0 2927
641 2906 0 0 0 2906
642 10 0 2877 0 2887
643 0 0 2863 1 2864
644 4 0 0 2554 2558
645 2806 0 0 0 2806
646 2824 0 0 0 2824
647 2823 0 4 0 2827
648 2780 1 0 0 2781
649 0 0 2767 0 2767
650 2767 0 1 0 2768
651 0 2752 0 0 2752
652 2839 0 3 0 2842
653 2859 0 3 0 2862
654 2866 0 3 0 2869
655 2829 0 0 5 2834
656 1 0 0 2793 2794
657 2829 0 5 1 2835
658 2772 1 0 0 2773
659 0 2807 0 0 2807
660 0 2811 0 0 2811
661 2817 9 4 1 2831
662 2803 0 1 0 2804
663 2780 0 8 0 2788
664 0 2 2799 0 2801
665 1 0 0 2676 2677
666 24 0 2762 0 2786
667 0 0 2789 0 2789
668 2846 0 0 0 2846
669 2857 1 1 0 2859
670 0 0 0 2804 2804
671 2799 0 0 0 2799
672 0 2777 0 0 2777
673 2802 1 0 2 2805
674 0 0 0 2761 2761
675 0 2830 0 0 2830
676 2880 0 0 0 2880
677 2873 0 0 0 2873
678 2889 0 0 0 2889
679 2879 0 6 0 2885
680 1 0 2842 0 2843
681 2850 0 0 0 2850
682 0 0 2828 0 2828
683 1 2820 0 1 2822
684 2888 0 3 0 2891
685 1 0 0 2901 2902
686 0 1 0 2923 2924
687 2923 0 3 0 2926
688 0 1 0 2853 2854
689 0 2865 0 0 2865
690 2899 0 0 0 2899
691 1 0 0 2840 2841
692 1 0 0 2845 2846
693 2864 0 0 0 2864
694 2838 0 1 0 2839
695 2500 0 0 0 2500
696 0 2510 0 0 2510
697 2464 0 0 0 2464
698 0 2458 0 0 2458
699 2487 0 0 0 2487
700 2472 0 0 0 2472
701 0 2 0 2495 2497
702 1 0 2465 0 2466
703 2446 0 1 1 2448
704 0 2482 0 0 2482
705 2505 0 0 0 2505
706 2495 0 0 0 2495
707 2474 0 0 0 2474
708 2475 0 3 0 2478
709 0 0 2465 0 2465
710 2443 0 0 0 2443
711 0 2477 0 0 2477
712 1 0 2464 0 2465
713 1 2423 0 0 2424
714 0 0 0 2451 2451
715 0 0 2474 0 2474
716 2487 0 0 0 2487
717 2491 0 0 0 2491
718 2508 0 0 0 2508
719 0 0 2469 0 2469
720 2469 0 1 0 2470
721 4 0 2558 0 2562
722 0 0 2623 0 2623
723 1 12 0 2397 2410
724 2575 0 0 0 2575
725 2593 0 0 0 2593
726 2611 0 1 0 2612
727 0 2642 0 8 2650
728 0 0 0 2657 2657
729 0 0 2677 0 2677
730 2633 0 0 0 2633
731 2672 0 0 0 2672
732 2688 0 2 0 2690
733 2722 1 0 0 2723
734 6 0 2699 0 2705
735 2731 0 0 0 2731
736 2746 0 0 1 2747
737 0 0 2715 0 2715
738 2708 0 21 0 2729
739 1 0 2794 2 2797
740 1 2791 0 0 2792
741 0 0 2820 24 2844
742 2855 0 15 0 2870
743 0 1 0 2885 2886
744 0 1 0 2893 2894
745 1 1 2863 4 2869
746 0 2841 0 4 2845
747 0 2881 0 1 2882
748 2893 0 0 0 2893
749 0 2942 0 0 2942
750 0 2 0 2924 2926
751 0 0 2918 2 2920
752 0 3113 0 0 3113
753 1 0 0 3190 3191
754 2 0 3198 0 3200
755 0 0 3192 1 3193
756 3159 0 7 5 3171
757 3183 0 4 0 3187
758 0 4 0 3201 3205
759 3189 0 0 0 3189
760 0 3204 0 2 3206
761 3256 1 0 0 3257
762 3215 1 0 0 3216
763 3193 1 0 0 3194
764 0 0 1 3233 3234
765 3245 2 0 0 3247
766 3226 4 0 0 3230
767 0 1 3262 0 3263
768 3231 5 0 0 3236
769 0 0 3282 0 3282
770 0 0 3255 0 3255
771 3 0 3295 29 3327
772 0 0 0 3114 3114
773 3 0 0 3337 3340
774 2 0 0 3389 3391
775 0 0 3418 0 3418
776 0 0 0 3235 3235
777 3336 0 5 1 3342
778 0 0 0 3336 3336
779 0 0 0 3365 3365
780 3363 0 1 6 3370
781 0 1 3371 0 3372
782 0 0 0 3316 3316
783 3355 0 6 2 3363
784 3 2 3411 0 3416
785 0 2 1 3534 3537
786 0 0 1 3760 3761
787 0 0 3864 0 3864
788 3850 0 6 0 3856
789 3897 0 0 0 3897
790 3908 0 0 0 3908
791 3903 1 0 2 3906
792 0 4035 0 0 4035
793 0 0 0 4004 4004
794 0 1 0 4035 4036
795 2 0 4051 8 4061
796 1 0 4027 0 4028
797 1 4005 0 1 4007
798 0 0 1 4044 4045
799 4039 1 3 1 4044
800 4047 0 0 0 4047
801 4061 0 0 0 4061
802 4107 0 0 1 4108
803 4110 0 0 0 4110
804 0 0 0 4135 4135
805 4163 0 1 1 4165
806 0 0 0 4159 4159
807 4168 0 0 0 4168
808 0 0 0 4178 4178
809 1 2 4224 1 4228
810 0 0 1 4279 4280
811 8 0 4375 3 4386
812 4445 0 3 0 4448
813 4486 0 4 0 4490
814 4506 0 2 0 4508
815 4552 1 0 9 4562
816 0 0 1 4544 4545
817 1 4634 0 0 4635
818 1 0 0 4662 4663
819 4599 1 0 0 4600
820 0 0 4593 0 4593
821 4610 0 0 0 4610
822 4594 0 2 1 4597
823 0 4645 0 0 4645
824 4666 0 1 0 4667
825 4679 0 2 0 4681
826 4691 0 0 0 4691
827 3 0 4682 0 4685
828 0 0 1 4636 4637
829 0 0 4712 0 4712
830 0 0 4808 0 4808
831 0 13 1 4761 4775
832 0 0 0 4835 4835
833 0 0 0 4873 4873
834 4803 1 0 0 4804
835 5 4800 0 0 4805
836 0 4817 0 4 4821
837 4828 2 0 0 4830
838 0 0 4890 0 4890
839 0 1 1 4822 4824
840 4883 0 0 0 4883
841 0 0 4870 3 4873
842 1 0 4941 0 4942
843 0 0 1 4730 4731
844 0 0 4973 0 4973
845 0 0 4955 0 4955
846 4964 1 24 0 4989
847 5029 0 1 0 5030
848 5013 1 0 0 5014
849 2 5055 0 7 5064
850 1 0 5088 0 5089
851 5018 0 0 0 5018
852 0 0 5091 0 5091
853 5180 0 0 0 5180
854 5196 0 0 0 5196
855 5 0 5188 1 5194
856 5215 1 2 0 5218
857 5242 1 0 0 5243
858 5251 1 0 0 5252
859 0 0 5295 0 5295
860 0 5231 0 0 5231
861 2 5320 0 0 5322
862 5399 1 0 0 5400
863 5388 0 2 0 5390
864 5352 1 0 0 5353
865 0 5374 0 0 5374
866 0 0 0 5330 5330
867 35 0 5289 0 5324
868 3 2 0 5268 5273
869 6 5311 0 1 5318
870 5360 0 1 0 5361
871 5375 0 0 0 5375
872 5354 1 0 0 5355
873 1 0 0 5332 5333
874 5 0 5313 1 5319
875 1 5267 0 0 5268
876 5291 1 0 0 5292
877 1 1 5269 0 5271
878 1 3 0 5119 5123
879 1 0 5131 0 5132
880 10 0 5104 0 5114
881 0 5070 0 0 5070
882 1 5119 0 12 5132
883 5234 1 1 0 5236
884 5193 0 0 0 5193
885 5208 0 0 0 5208
886 5208 0 1 0 5209
887 0 1 0 5203 5204
888 0 0 5145 0 5145
889 3 5120 0 1 5124
890 0 3 0 5086 5089
891 0 5164 0 0 5164
892 5199 0 1 0 5200
893 0 0 5189 0 5189
894 0 0 0 5170 5170
895 5197 0 0 0 5197
896 5226 0 0 0 5226
897 0 5181 0 1 5182
898 0 2 0 5156 5158
899 0 0 5153 0 5153
900 1 4892 0 159 5052
901 0 5070 1 0 5071
902 2 5055 0 0 5057
903 5042 2 0 0 5044
904 4 5043 0 1 5048
905 2 5058 0 0 5060
906 5078 0 1 0 5079
907 1 0 5075 0 5076
908 5 0 5000 3 5008
909 4963 1 8 1 4973
910 1 0 5040 0 5041
911 0 0 5006 0 5006
912 3 0 4946 1 4950
913 4992 0 3 0 4995
914 0 1925 0 2936 4861
915 2 1946 0 2949 4897
916 4935 0 1 1 4937
917 0 0 4889 1 4890
918 0 4661 0 196 4857
919 4905 0 0 0 4905
920 0 1 1 4915 4917
921 0 0 4913 3 4916
922 4861 0 2 0 4863
923 1 4883 0 0 4884
924 4867 0 1 0 4868
925 1 0 4877 0 4878
926 0 0 1 4764 4765
927 4869 0 1 0 4870
928 4856 0 0 0 4856
929 1 4845 0 1 4847
930 4869 1 0 6 4876
931 0 0 4865 1 4866
932 0 0 4806 0 4806
933 4793 0 11 1 4805
934 0 0 4900 0 4900
935 4895 0 3 0 4898
936 0 4895 0 0 4895
937 4951 0 0 0 4951
938 4921 0 0 0 4921
939 0 0 0 4897 4897
940 4892 0 6 0 4898
941 1 4957 0 0 4958
942 5006 0 2 0 5008
943 4973 0 0 2 4975
944 4948 0 1 6 4955
945 4957 0 0 0 4957
946 0 2 0 4972 4974
947 0 0 4971 0 4971
948 1 0 4975 0 4976
949 4964 0 0 0 4964
950 4984 1 0 0 4985
951 0 0 0 4986 4986
952 1 0 4990 0 4991
953 4981 0 0 1 4982
954 4968 0 0 0 4968
955 0 0 0 5039 5039
956 0 0 5089 0 5089
957 0 0 0 5079 5079
958 0 0 1 5150 5151
959 0 0 0 5216 5216
960 5180 0 1 11 5192
961 5112 0 0 0 5112
962 5021 0 0 0 5021
963 0 5052 0 0 5052
964 5 5066 0 0 5071
965 1 5099 0 1 5101
966 5122 0 0 0 5122
967 5113 0 1 0 5114
968 0 0 5057 0 5057
969 5033 0 0 0 5033
970 5025 0 2 0 5027
971 1 0 0 4951 4952
972 1 4940 2 0 4943
973 0 10 0 4924 4934
974 0 1 0 4921 4922
975 0 0 0 4908 4908
976 1 3 0 4915 4919
977 0 7 1 4929 4937
978 2 0 4889 3 4894
979 0 0 4836 0 4836
980 11 4788 2 4 4805
981 137 3893 293 506 4829
982 4843 0 9 1 4853
983 0 0 0 4875 4875
984 1 0 4820 0 4821
985 4814 0 1 0 4815
986 0 4843 0 0 4843
987 13 1 0 4798 4812
988 0 0 4797 0 4797
989 4767 0 0 0 4767
990 4779 0 0 0 4779
991 4814 0 1 0 4815
992 6 0 4726 0 4732
993 4668 0 55 0 4723
994 4700 0 0 6 4706
995 0 0 0 4684 4684
996 4688 0 11 0 4699
997 4638 0 0 0 4638
998 1 4598 0 0 4599
999 4 4592 0 0 4596
1000 4613 0 0 1 4614
1001 0 0 4562 0 4562
1002 4527 0 0 0 4527
1003 0 0 4516 0 4516
1004 4531 0 0 0 4531
1005 3 4529 1 0 4533
1006 4543 0 0 1 4544
1007 0 0 4485 0 4485
1008 0 4464 0 0 4464
1009 0 4429 0 0 4429
1010 0 4486 0 0 4486
1011 4439 0 4 0 4443
1012 0 0 4505 1 4506
1013 0 0 0 4267 4267
1014 0 2 0 4398 4400
1015 0 0 0 4452 4452
1016 1 0 4362 0 4363
1017 0 0 4346 0 4346
1018 0 1 1 4270 4272
1019 0 0 0 4323 4323
1020 0 4344 1 2 4347
1021 4344 0 3 1 4348
1022 0 0 4323 0 4323
1023 22 0 4314 0 4336
1024 1 0 4397 2 4400
1025 4338 0 2 0 4340
1026 0 1 1 4376 4378
1027 0 2 0 4445 4447
1028 0 0 0 4443 4443
1029 0 0 0 4461 4461
1030 0 1 0 4483 4484
1031 4 0 4392 5 4401
1032 0 149 0 4142 4291
1033 4381 0 0 0 4381
1034 1 0 4342 5 4348
1035 0 0 0 4230 4230
1036 4329 0 1 0 4330
1037 0 0 1 4296 4297
1038 4328 1 0 0 4329
1039 2 0 4230 0 4232
1040 8 4204 0 1 4213
1041 4202 0 2 0 4204
1042 0 4233 0 0 4233
1043 0 4241 1 0 4242
1044 0 0 4270 0 4270
1045 2 0 4298 0 4300
1046 0 1 0 4182 4183
1047 0 4218 0 0 4218
1048 1 4336 0 0 4337
1049 0 1 0 4347 4348
1050 1 0 4321 8 4330
1051 0 0 0 4241 4241
1052 0 0 0 4249 4249
1053 5 4312 0 0 4317
1054 1 4 2 4267 4274
1055 0 4317 0 2 4319
1056 18 4360 0 6 4384
1057 4376 0 0 0 4376
1058 4355 0 1 0 4356
1059 0 2 0 4355 4357
1060 4393 0 0 0 4393
1061 4355 1 0 1 4357
1062 0 0 4332 0 4332
1063 4296 0 3 0 4299
1064 0 0 0 4263 4263
1065 4354 0 0 0 4354
1066 0 0 4431 0 4431
1067 0 4444 0 0 4444
1068 4443 0 0 0 4443
1069 4379 0 0 0 4379
1070 0 0 4427 0 4427
1071 4307 0 0 2 4309
1072 0 0 1 4381 4382
1073 0 6 1 4440 4447
1074 1 0 4448 0 4449
1075 0 0 4416 0 4416
1076 4 0 4420 0 4424
1077 0 0 4412 0 4412
1078 4306 0 1 0 4307
1079 4394 0 1 0 4395
1080 4437 0 1 0 4438
1081 0 0 4419 0 4419
1082 1 0 4342 0 4343
1083 4305 1 3 0 4309
1084 0 0 1 4326 4327
1085 0 0 0 4400 4400
1086 0 1 0 4428 4429
1087 4424 0 0 0 4424
1088 1 0 0 4457 4458
1089 2 0 4392 0 4394
1090 4378 0 1 0 4379
1091 0 0 2 4432 4434
1092 4436 0 0 0 4436
1093 4386 0 0 0 4386
1094 1 4395 0 0 4396
1095 4448 0 0 0 4448
1096 4450 0 0 0 4450
1097 0 0 4596 0 4596
1098 1 4637 0 2 4640
1099 4694 0 0 0 4694
1100 4667 0 0 0 4667
1101 4645 0 1 0 4646
1102 4640 3 1 0 4644
1103 1 4670 0 1 4672
1104 4728 0 0 4 4732
1105 4735 0 4 0 4739
1106 4776 0 0 0 4776
1107 4748 0 0 0 4748
1108 4701 0 1 0 4702
1109 6 0 4632 0 4638
1110 4670 0 2 1 4673
1111 4 4717 0 0 4721
1112 1 2 1 4691 4695
1113 4736 1 0 0 4737
1114 4688 0 0 0 4688
1115 4685 0 2 0 4687
1116 12 0 4633 0 4645
1117 1 0 4542 0 4543
1118 0 4583 4 0 4587
1119 3 0 3 4530 4536
1120 3 4650 0 1 4654
1121 4705 0 10 0 4715
1122 4675 1 0 0 4676
1123 4676 0 1 0 4677
1124 0 0 0 4627 4627
1125 4505 0 0 1 4506
1126 0 4624 0 0 4624
1127 1 4650 0 2 4653
1128 0 0 0 4603 4603
1129 0 1 0 4657 4658
1130 0 0 4652 1 4653
1131 0 2 0 4631 4633
1132 1 4603 0 5 4609
1133 1 4662 1 3 4667
1134 1 0 0 4647 4648
1135 0 0 4670 0 4670
1136 4645 0 1 0 4646
1137 0 45 0 4600 4645
1138 2 4680 0 0 4682
1139 0 4 1 4686 4691
1140 0 0 4729 0 4729
1141 1 0 1 4696 4698
1142 0 0 0 4696 4696
1143 0 39 0 4722 4761
1144 4740 0 2 0 4742
1145 0 0 4734 2 4736
1146 1 431 0 4171 4603
1147 4759 0 0 0 4759
1148 0 3 0 4732 4735
1149 4695 0 0 6 4701
1150 1 4665 0 3 4669
1151 0 4696 1 0 4697
1152 4764 0 0 0 4764
1153 0 0 1 4725 4726
1154 0 0 0 4761 4761
1155 4722 0 0 0 4722
1156 1 0 4796 0 4797
1157 4787 0 0 0 4787
1158 4829 0 0 0 4829
1159 4827 0 0 0 4827
1160 1 0 4859 0 4860
1161 4821 0 0 0 4821
1162 0 0 2 4850 4852
1163 4875 0 0 0 4875
1164 0 7 0 4857 4864
1165 4890 0 0 0 4890
1166 4884 0 0 0 4884
1167 0 0 0 4898 4898
1168 9 0 4896 0 4905
1169 4929 0 2 0 4931
1170 4918 0 15 1 4934
1171 0 14 4941 0 4955
1172 4934 0 0 0 4934
1173 4967 0 0 0 4967
1174 4941 1 2 0 4944
1175 6 4949 0 0 4955
1176 4960 0 0 0 4960
1177 4940 0 1 0 4941
1178 2 1 4914 0 4917
1179 2 0 4845 0 4847
1180 1048 0 3956 0 5004
1181 1 5167 0 3 5171
1182 5240 0 4 2 5246
1183 5242 0 2 2 5246
1184 5278 2 0 0 5280
1185 5290 0 1 0 5291
1186 0 0 0 5304 5304
1187 0 1 1 5279 5281
1188 0 0 5246 0 5246
1189 5221 0 3 1 5225
1190 5246 0 0 0 5246
1191 1 0 5259 0 5260
1192 5266 0 7 2 5275
1193 5253 0 1 0 5254
1194 2 0 5257 1 5260
1195 0 5249 0 115 5364
1196 0 0 1 5420 5421
1197 5408 0 0 0 5408
1198 5418 0 0 0 5418
1199 5415 0 0 0 5415
1200 5354 0 1 0 5355
1201 2 5378 0 0 5380
1202 1 5398 0 3 5402
1203 5461 1 0 0 5462
1204 0 5 0 5434 5439
1205 0 0 0 5457 5457
1206 0 5401 0 0 5401
1207 0 3 0 5464 5467
1208 0 0 0 5435 5435
1209 5 5460 0 3 5468
1210 5501 0 0 0 5501
1211 5510 34 1 0 5545
1212 0 0 0 5566 5566
1213 82 0 5446 0 5528
1214 5529 0 0 0 5529
1215 5536 0 0 0 5536
1216 0 0 5526 0 5526
1217 5548 0 0 1 5549
1218 5548 0 5 0 5553
1219 0 0 5515 0 5515
1220 4 0 5494 0 5498
1221 5513 0 3 0 5516
1222 5555 0 0 6 5561
1223 0 5571 0 0 5571
1224 0 49 0 5522 5571
1225 1 0 5562 0 5563
1226 0 5556 0 2 5558
1227 5598 0 3 0 5601
1228 0 0 31 5568 5599
1229 0 5586 1 0 5587
1230 0 7 0 5578 5585
1231 0 4 0 5604 5608
1232 0 0 0 5643 5643
1233 0 0 5652 0 5652
1234 0 2 0 5562 5564
1235 0 5513 0 8 5521
1236 5437 0 1 0 5438
1237 8 5569 0 1 5578
1238 0 5665 0 0 5665
1239 0 8 0 5709 5717
1240 0 3 5704 0 5707
1241 0 0 5701 0 5701
1242 33 0 5680 1 5714
1243 5636 0 2 0 5638
1244 0 1 0 5743 5744
1245 1 0 5768 0 5769
1246 5689 0 2 0 5691
1247 0 0 0 5758 5758
1248 2 0 5787 0 5789
1249 5693 0 0 0 5693
1250 0 1 0 5805 5806
1251 0 0 5834 0 5834
1252 2 0 5922 0 5924
1253 1 0 5974 0 5975
1254 5980 1 4 0 5985
1255 5993 1 0 0 5994
1256 0 0 0 6081 6081
1257 0 0 6157 0 6157
1258 0 1 0 6111 6112
1259 0 2 0 6198 6200
1260 0 16 0 6213 6229
1261 6264 0 0 0 6264
1262 6212 0 1 0 6213
1263 0 1 0 6217 6218
1264 6294 0 0 0 6294
1265 0 2 0 6273 6275
1266 3 0 6250 0 6253
1267 2 6281 0 0 6283
1268 0 0 0 6341 6341
1269 6382 0 3 0 6385
1270 1 0 0 6341 6342
1271 1 6333 0 0 6334
1272 1 19 0 6285 6305
1273 6287 0 6 0 6293
1274 1 6267 0 0 6268
1275 3 6267 0 36 6306
1276 4 0 6291 0 6295
1277 1 0 0 6142 6143
1278 6 0 6317 2 6325
1279 0 0 0 6308 6308
1280 0 0 0 6392 6392
1281 1 0 6366 0 6367
1282 3 0 6338 0 6341
1283 1 0 6337 1 6339
1284 6208 0 4 2 6214
1285 0 0 6362 0 6362
1286 1 0 0 6257 6258
1287 6310 0 1 13 6324
1288 0 0 6322 0 6322
1289 0 6327 0 0 6327
1290 0 2 0 6349 6351
1291 2 0 6282 0 6284
1292 4 6234 0 2 6240
1293 6229 1 4 0 6234
1294 1 6271 0 0 6272
1295 0 0 0 6288 6288
1296 6300 0 1 0 6301
1297 1 0 6316 0 6317
1298 0 0 6263 1 6264
1299 0 1 0 6048 6049
1300 6202 1 1 0 6204
1301 0 1 1 6195 6197
1302 42 6221 0 0 6263
1303 6287 0 0 2 6289
1304 6257 14 1 2 6274
1305 31 5 6253 0 6289
1306 6233 0 0 0 6233
1307 6193 0 1 0 6194
1308 0 6171 0 1 6172
1309 6191 0 0 0 6191
1310 0 0 0 6196 6196
1311 1 1 0 6237 6239
1312 1 1 6163 1 6166
1313 0 0 6114 0 6114
1314 6062 0 1 0 6063
1315 6082 0 2 2 6086
1316 6076 0 1 0 6077
1317 0 6052 0 16 6068
1318 6066 0 1 1 6068
1319 6069 1 0 1 6071
1320 6013 0 2 0 6015
1321 0 0 5995 0 5995
1322 6051 0 1 1 6053
1323 6041 0 0 0 6041
1324 0 1 0 5953 5954
1325 5757 0 2 0 5759
1326 7 5892 0 7 5906
1327 0 5922 0 7 5929
1328 0 0 0 5927 5927
1329 5915 0 0 0 5915
1330 0 3 0 5918 5921
1331 0 1 5898 0 5899
1332 1 0 5831 0 5832
1333 0 0 5852 0 5852
1334 5783 0 1 0 5784
1335 0 2 0 5803 5805
1336 1 0 5803 3 5807
1337 4 0 5740 0 5744
1338 5729 0 2 0 5731
1339 1 5830 4 0 5835
1340 0 2 0 5877 5879
1341 7 0 5897 0 5904
1342 1 5906 0 1 5908
1343 5950 0 1 0 5951
1344 5891 0 0 1 5892
1345 0 1 0 5894 5895
1346 0 5930 0 0 5930
1347 0 3 0 5938 5941
1348 2 2 0 5916 5920
1349 3 5920 0 2 5925
1350 0 0 0 5994 5994
1351 0 0 5947 2 5949
1352 5923 0 0 0 5923
1353 3 0 0 5999 6002
1354 0 0 5987 0 5987
1355 5925 0 0 0 5925
1356 0 0 1 6047 6048
1357 0 1 0 6018 6019
1358 0 0 0 6023 6023
1359 0 1 0 6044 6045
1360 3 0 5941 1 5945
1361 3 5823 0 0 5826
1362 0 2 0 5896 5898
1363 0 5828 0 74 5902
1364 1 0 1 5964 5966
1365 197 0 5756 8 5961
1366 0 5 2 5902 5909
1367 1 1 1 5952 5955
1368 0 3 1 5990 5994
1369 0 0 6022 1 6023
1370 0 2 0 5954 5956
1371 0 2 0 6027 6029
1372 6018 1 2 0 6021
1373 5939 1 0 1 5941
1374 0 1 0 5947 5948
1375 5 0 5945 0 5950
1376 2 5914 0 2 5918
1377 5944 6 1 0 5951
1378 5913 3 1 1 5918
1379 5919 1 4 0 5924
1380 4 0 5935 0 5939
1381 1 0 5932 0 5933
1382 5836 0 2 0 5838
1383 0 1 1 5955 5957
1384 1 0 6019 0 6020
1385 5989 0 3 0 5992
1386 6036 0 1 0 6037
1387 1 0 6154 1 6156
1388 6095 0 1 2 6098
1389 6094 0 0 0 6094
1390 6086 0 1 0 6087
1391 12 6122 22 1 6157
1392 6127 0 0 0 6127
1393 0 1 0 6148 6149
1394 0 6 6135 0 6141
1395 1 1 0 6044 6046
1396 6117 0 0 0 6117
1397 7 1 0 6156 6164
1398 0 0 6171 0 6171
1399 15 0 6149 0 6164
1400 6067 0 0 1 6068
1401 6166 0 2 0 6168
1402 1 0 6178 0 6179
1403 2 0 6299 0 6301
1404 6342 0 5 0 6347
1405 6406 1 1 2 6410
1406 0 2 1 6452 6455
1407 6461 0 7 0 6468
1408 6461 1 1 1 6464
1409 6481 0 0 6 6487
1410 0 6550 0 0 6550
1411 1 0 6547 0 6548
1412 6395 0 2 1 6398
1413 1 6595 0 2 6598
1414 1 1 1 6622 6625
1415 0 0 0 6678 6678
1416 1 0 0 6667 6668
1417 0 1 0 6665 6666
1418 6700 0 2 0 6702
1419 0 6602 1 1 6604
1420 0 6620 0 0 6620
1421 2 0 6622 0 6624
1422 6603 0 0 0 6603
1423 6571 0 2 2 6575
1424 0 6673 1 0 6674
1425 6672 0 0 0 6672
1426 0 0 0 6688 6688
1427 1 0 6665 1 6667
1428 0 13 0 6549 6562
1429 6654 0 0 0 6654
1430 6644 0 0 0 6644
1431 6607 0 2 0 6609
1432 0 0 59 6517 6576
1433 0 75 0 6551 6626
1434 6627 9 1 43 6680
1435 0 1 0 6670 6671
1436 0 5 0 6701 6706
1437 0 0 6643 0 6643
1438 0 0 6614 0 6614
1439 0 0 6590 1 6591
1440 6610 0 0 0 6610
1441 6647 0 2 0 6649
1442 0 0 0 6733 6733
1443 6760 0 1 0 6761
1444 6753 0 0 0 6753
1445 6726 0 0 1 6727
1446 2 6727 0 4 6733
1447 6763 0 0 0 6763
1448 0 1 0 6733 6734
1449 1 0 6637 0 6638
1450 6635 2 5 0 6642
1451 1 0 6602 0 6603
1452 1 6650 0 0 6651
1453 6814 0 0 0 6814
1454 6824 1 3 0 6828
1455 6822 0 0 0 6822
1456 6812 0 5 2 6819
1457 6865 0 2 0 6867
1458 4 0 6911 3 6918
1459 6895 0 1 0 6896
1460 6950 1 2 0 6953
1461 6937 0 0 0 6937
1462 6907 8 4 2 6921
1463 0 0 6986 0 6986
1464 0 5 0 6833 6838
1465 0 0 0 6951 6951
1466 6960 0 0 0 6960
1467 0 7043 0 1 7044
1468 0 1 0 7074 7075
1469 2 1 7062 1 7066
1470 0 0 0 6980 6980
1471 7008 0 0 0 7008
1472 7043 0 0 0 7043
1473 0 1 0 7046 7047
1474 0 0 6997 0 6997
1475 6880 2 1 4 6887
1476 0 0 6938 1 6939
1477 6898 0 0 1 6899
1478 0 7293 0 2 7295
1479 0 1 1 7348 7350
1480 1 0 7352 1 7354
1481 2 0 7439 0 7441
1482 7362 0 2 0 7364
1483 7445 0 0 2 7447
1484 1 0 0 7595 7596
1485 0 0 7684 0 7684
1486 0 4 0 7664 7668
1487 0 0 0 7828 7828
1488 0 1 0 7907 7908
1489 1 0 7851 0 7852
1490 7883 0 0 0 7883
1491 7881 1 0 0 7882
1492 1 1 1 7924 7927
1493 0 0 1 7971 7972
1494 0 25 0 7948 7973
1495 7927 0 1 5 7933
1496 3 7936 1 2 7942
1497 8007 0 0 0 8007
1498 7964 0 1 1 7966
1499 1 0 7891 1 7893
1500 3 7841 0 2 7846
1501 7954 0 0 0 7954
1502 2 1 0 7916 7919
1503 1 0 7905 0 7906
1504 0 2 0 7854 7856
1505 0 0 0 7901 7901
1506 0 7742 1 123 7866
1507 0 0 0 7880 7880
1508 7863 0 1 0 7864
1509 1 7887 0 2 7890
1510 7909 0 3 2 7914
1511 1 0 7946 9 7956
1512 7797 0 0 1 7798
1513 0 0 7871 1 7872
1514 7831 4 2 9 7846
1515 0 3 1 8009 8013
1516 0 0 7996 0 7996
1517 2 0 7978 2 7982
1518 7855 0 1 3 7859
1519 0 1 0 8130 8131
1520 0 2 7 8179 8188
1521 1 5 0 8232 8238
1522 0 0 8188 0 8188
1523 0 12 0 8091 8103
1524 8191 1 2 5 8199
1525 0 0 0 8189 8189
1526 0 8160 0 3 8163
1527 0 0 0 8230 8230
1528 8345 0 3 0 8348
1529 8211 0 0 0 8211
1530 0 0 0 8264 8264
1531 0 2 0 8238 8240
1532 1 0 0 8266 8267
1533 0 42 0 8211 8253
1534 3 0 8208 1 8212
1535 0 8147 0 4 8151
1536 8217 0 1 0 8218
1537 8160 0 1 1 8162
1538 0 0 1 8278 8279
1539 4 0 8251 1 8256
1540 0 1 8172 1 8174
1541 8211 1 5 0 8217
1542 8244 0 3 0 8247
1543 841 7408 0 0 8249
1544 0 0 0 8189 8189
1545 1 8220 0 0 8221
1546 1 8221 0 2 8224
1547 1 8209 0 5 8215
1548 0 6 0 8186 8192
1549 1 2 0 8188 8191
1550 1 8286 0 1 8288
1551 23 0 8270 3 8296
1552 0 0 2 8167 8169
1553 0 5 0 8226 8231
1554 0 4 1 8337 8342
1555 4 0 8227 1 8232
1556 1 0 8014 0 8015
1557 2 0 8099 0 8101
1558 0 0 8195 0 8195
1559 0 1 0 8210 8211
1560 0 1 0 8259 8260
1561 6 0 8303 0 8309
1562 6 8320 0 4 8330
1563 0 4 0 8451 8455
1564 3 0 8449 1 8453
1565 2 0 8407 0 8409
1566 8364 1 2 1 8368
1567 0 0 8426 1 8427
1568 0 6 2 8347 8355
1569 8559 0 1 0 8560
1570 8592 0 2 0 8594
1571 8637 0 0 0 8637
1572 1 1 0 8584 8586
1573 4 0 8559 1 8564
1574 8613 0 1 0 8614
1575 8521 0 1 0 8522
1576 0 1 0 8543 8544
1577 0 8587 0 1 8588
1578 8623 0 3 4 8630
1579 0 0 8641 2 8643
1580 8 8664 0 1 8673
1581 8709 91 3 0 8803
1582 1 0 8792 1 8794
1583 8775 0 1 0 8776
1584 0 1 0 8775 8776
1585 8814 1 0 1 8816
1586 4 1 1 8852 8858
1587 36 0 8803 2 8841
1588 2 0 8739 0 8741
1589 2 8730 0 6 8738
1590 8829 2 0 0 8831
1591 8817 1 1 0 8819
1592 0 3 0 8906 8909
1593 8917 2 2 0 8921
1594 0 0 8958 1 8959
1595 0 0 8885 4 8889
1596 8829 0 2 2 8833
1597 8860 0 1 0 8861
1598 0 3 0 8897 8900
1599 0 0 8906 0 8906
1600 8874 0 4 1 8879
1601 0 8940 0 2 8942
1602 9024 1 0 2 9027
1603 8983 0 1 1 8985
1604 1 0 1 8956 8958
1605 9006 0 0 2 9008
1606 8956 0 0 2 8958
1607 0 2 0 9085 9087
1608 9187 0 4 0 9191
1609 9188 0 0 0 9188
1610 9150 0 3 0 9153
1611 1 0 9108 0 9109
1612 9059 0 1 0 9060
1613 9022 0 1 0 9023
1614 6 9037 0 1 9044
1615 9128 2 1 0 9131
1616 9076 0 1 1 9078
1617 3 9033 3 0 9039
1618 9081 0 0 0 9081
1619 0 0 1 9054 9055
1620 0 1 9056 1 9058
1621 9178 0 0 0 9178
1622 0 0 0 9150 9150
1623 0 9312 0 1 9313
1624 9452 0 1 1 9454
1625 9323 0 4 0 9327
1626 2 9295 0 22 9319
1627 9418 0 0 1 9419
1628 9341 0 3 0 9344
1629 0 1 0 9289 9290
1630 3 0 9350 2 9355
1631 4 0 9308 0 9312
1632 9360 0 1 0 9361
1633 9324 0 1 0 9325
1634 1 0 1 9296 9298
1635 0 0 9281 3 9284
1636 0 0 9190 2 9192
1637 7 0 9151 0 9158
1638 0 7 0 9115 9122
1639 0 9125 0 1 9126
1640 1 9179 0 1 9181
1641 9258 0 3 1 9262
1642 12 0 9192 0 9204
1643 1 9180 0 5 9186
1644 9293 1 1 0 9295
1645 9176 1 1 0 9178
1646 1 9165 0 2 9168
1647 9217 0 0 0 9217
1648 3 2 9026 0 9031
1649 0 8994 0 3 8997
1650 9158 0 2 0 9160
1651 0 9184 0 2 9186
1652 9281 0 1 1 9283
1653 9222 0 2 0 9224
1654 9135 0 2 1 9138
1655 0 8571 0 604 9175
1656 9137 1 0 5 9143
1657 3 0 8960 1 8964
1658 2 8950 0 0 8952
1659 1 8813 2 92 8908
1660 8868 0 0 0 8868
1661 3 2 1 8741 8747
1662 8743 0 6 1 8750
1663 1 8725 0 2 8728
1664 8795 0 0 3 8798
1665 2 0 8636 4 8642
1666 39 8588 0 0 8627
1667 0 0 1 8519 8520
1668 8616 0 1 0 8617
1669 0 1 0 8542 8543
1670 4 2 3 8476 8485
1671 1 8440 0 5 8446
1672 8499 1 0 1 8501
1673 0 22 0 8438 8460
1674 8427 0 0 1 8428
1675 2 0 8314 1 8317
1676 1 8198 0 1 8200
1677 0 1 0 8243 8244
1678 2 0 8263 0 8265
1679 8205 0 0 1 8206
1680 0 1 6 8159 8166
1681 0 0 0 8161 8161
1682 8130 0 0 0 8130
1683 0 32 0 8033 8065
1684 8051 0 0 0 8051
1685 3 0 8028 0 8031
1686 7853 0 2 0 7855
1687 4 0 0 7729 7733
1688 7757 0 0 0 7757
1689 0 7719 0 3 7722
1690 7645 0 2 0 7647
1691 0 7677 0 0 7677
1692 0 7610 0 1 7611
1693 0 0 9 7512 7521
1694 7557 0 0 1 7558
1695 0 7581 0 4 7585
1696 7648 0 1 0 7649
1697 7571 0 1 1 7573
1698 7528 0 0 0 7528
1699 0 0 0 7402 7402
1700 2 0 7455 1 7458
1701 0 7294 0 1 7295
1702 0 7271 0 1 7272
1703 7152 8 0 1 7161
1704 0 7111 0 0 7111
1705 7148 0 0 0 7148
1706 15 1 7108 0 7124
1707 270 0 6764 3 7037
1708 0 0 7277 4 7281
1709 1 0 7312 2 7315
1710 7248 0 6 42 7296
1711 0 0 7303 0 7303
1712 7246 0 1 0 7247
1713 0 1 0 7277 7278
1714 0 4 0 7274 7278
1715 0 7263 0 3 7266
1716 3 7310 0 2 7315
1717 7376 0 1 0 7377
1718 7333 0 1 2 7336
1719 7255 0 0 4 7259
1720 2 1 7389 0 7392
1721 0 0 1 6955 6956
1722 7332 0 1 0 7333
1723 10 0 7327 0 7337
1724 7268 0 1 0 7269
1725 7291 1 2 0 7294
1726 3 0 7299 0 7302
1727 12 0 7228 0 7240
1728 7196 0 6 1 7203
1729 7258 0 0 0 7258
1730 7314 0 2 0 7316
1731 10 0 7294 0 7304
1732 7284 0 4 0 7288
1733 1 0 7312 0 7313
1734 7285 0 22 1 7308
1735 7328 0 0 0 7328
1736 0 0 1 7405 7406
1737 8 0 7480 3 7491
1738 7497 0 1 1 7499
1739 7552 0 1 0 7553
1740 7486 0 0 0 7486
1741 7499 0 0 0 7499
1742 0 1 0 7370 7371
1743 1 7470 0 0 7471
1744 7483 0 1 0 7484
1745 0 1 1 7453 7455
1746 7437 6 1 0 7444
1747 7424 2 0 1 7427
1748 7364 1 1 1 7367
1749 0 0 7405 3 7408
1750 0 0 7333 0 7333
1751 7326 0 1 1 7328
1752 0 0 7399 0 7399
1753 1 0 0 7167 7168
1754 0 1 0 7274 7275
1755 7343 0 1 0 7344
1756 1 6 1 7373 7381
1757 1 0 7407 0 7408
1758 3 0 7560 4 7567
1759 1 0 7602 0 7603
1760 7741 0 39 0 7780
1761 7893 0 1 0 7894
1762 7878 2 3 0 7883
1763 5849 1965 0 0 7814
1764 2 7932 0 0 7934
1765 7888 0 2 0 7890
1766 0 8015 0 0 8015
1767 0 0 0 8078 8078
1768 8193 0 1 0 8194
1769 8000 1 91 0 8092
1770 8054 0 4 0 8058
1771 2 0 8212 0 8214
1772 6 0 8109 1 8116
1773 8134 1 2 4 8141
1774 8233 1 1 0 8235
1775 5 0 8254 4 8263
1776 8213 4 0 0 8217
1777 0 0 8331 5 8336
1778 8267 0 11 1 8279
1779 0 1 3 8265 8269
1780 1 0 8330 6 8337
1781 2 0 8326 2 8330
1782 2 4 3 8019 8028
1783 6 8095 0 98 8199
1784 0 61 0 8316 8377
1785 8385 2 2 1 8390
1786 1 20 1 8408 8430
1787 0 19 0 8423 8442
1788 8433 0 0 0 8433
1789 0 2 8382 1 8385
1790 1 4 0 8138 8143
1791 8366 0 3 0 8369
1792 0 0 8358 1 8359
1793 2 8387 0 2 8391
1794 8447 0 0 0 8447
1795 12 0 8443 0 8455
1796 8372 0 1 0 8373
1797 1 3 0 8412 8416
1798 2 4 8359 0 8365
1799 1 0 8407 21 8429
1800 0 4 0 8170 8174
1801 2 0 8383 0 8385
1802 1 1 8334 0 8336
1803 2 0 8337 1 8340
1804 3 8239 1 50 8293
1805 0 8416 0 2 8418
1806 0 8708 0 2 8710
1807 8915 0 1 0 8916
1808 8821 5 0 1 8827
1809 0 8951 1 1 8953
1810 9019 0 0 0 9019
1811 1 0 0 8962 8963
1812 0 0 0 9103 9103
1813 0 1 5 9292 9298
1814 9199 0 1 1 9201
1815 3 9276 0 1 9280
1816 9367 0 1 0 9368
1817 9380 0 1 0 9381
1818 0 0 0 9365 9365
1819 0 34 0 9343 9377
1820 0 1 0 9512 9513
1821 2 0 9537 0 9539
1822 9437 0 10 1 9448
1823 0 0 9563 0 9563
1824 9313 0 183 0 9496
1825 9469 0 0 0 9469
1826 9420 0 0 0 9420
1827 1 9638 0 13 9652
1828 3 1 1 9547 9552
1829 3 3 0 9627 9633
1830 5 0 9497 3 9505
1831 1 9497 0 4 9502
1832 9540 0 1 0 9541
1833 0 0 0 9547 9547
1834 9501 0 1 0 9502
1835 1 6 0 9354 9361
1836 0 9414 0 5 9419
1837 1 9356 0 0 9357
1838 1 9410 0 0 9411
1839 9352 0 2 0 9354
1840 0 0 9350 0 9350
1841 9223 0 9 0 9232
1842 9206 0 0 0 9206
1843 9188 0 0 1 9189
1844 0 0 0 9222 9222
1845 9285 0 0 0 9285
1846 3 0 9266 0 9269
1847 0 0 1 8866 8867
1848 9232 0 0 0 9232
1849 0 0 0 9230 9230
1850 0 1 0 9248 9249
1851 5 0 9194 0 9199
1852 9139 0 6 2 9147
1853 9155 1 1 1 9158
1854 0 0 9206 0 9206
1855 0 1 0 8931 8932
1856 9111 0 0 0 9111
1857 1 8 1 9503 9513
1858 9563 0 1 1 9565
1859 9504 0 1 2 9507
1860 0 3 0 9455 9458
1861 0 9464 3 3 9470
1862 0 0 0 9499 9499
1863 9509 0 0 1 9510
1864 9392 0 0 0 9392
1865 0 0 0 9442 9442
1866 0 0 9417 1 9418
1867 1 0 9240 0 9241
1868 9293 0 0 1 9294
1869 0 9404 0 0 9404
1870 0 9374 0 0 9374
1871 0 9475 0 3 9478
1872 1 9 2 9500 9512
1873 1 0 9521 0 9522
1874 9505 0 4 1 9510
1875 9527 0 9 0 9536
1876 0 0 0 9834 9834
1877 9748 0 1 5 9754
1878 1 9826 0 1 9828
1879 9833 0 1 0 9834
1880 9757 0 2 2 9761
1881 9706 12 5 7 9730
1882 0 0 9655 0 9655
1883 2 1 9645 0 9648
1884 0 0 9575 1 9576
1885 7 9748 0 1 9756
1886 2 0 9794 3 9799
1887 0 0 10046 0 10046
1888 0 0 0 9818 9818
1889 3 3 0 10024 10030
1890 10112 0 4 0 10116
1891 3 10365 0 0 10368
1892 3 1 0 10491 10495
1893 3 2 1 10523 10529
1894 3 10521 1 3 10528
1895 10550 0 0 1 10551
1896 0 0 0 10468 10468
1897 1 10425 0 11 10437
1898 4 10571 0 0 10575
1899 3 7 0 10554 10564
1900 0 10603 0 1 10604
1901 10745 0 5 0 10750
1902 10681 0 37 1 10719
1903 10761 0 3 2 10766
1904 10664 2 0 0 10666
1905 1 0 0 10552 10553
1906 3 10583 0 0 10586
1907 3 10536 0 0 10539
1908 1 10573 0 78 10652
1909 0 9 1 10567 10577
1910 0 0 0 10596 10596
1911 0 2 1 10671 10674
1912 1 0 10695 1 10697
1913 1 0 1 10679 10681
1914 11 0 10758 0 10769
1915 2 0 10869 0 10871
1916 2 0 11017 0 11019
1917 10995 0 10 1 11006
1918 2 11167 3 0 11172
1919 11164 0 3 0 11167
1920 2 8 2 11176 11188
1921 2 1008 0 10271 11281
1922 1 8 1 11314 11324
1923 1 0 11228 0 11229
1924 0 0 2 11201 11203
1925 0 11307 0 1 11308
1926 3 58 0 11319 11380
1927 11276 0 0 0 11276
1928 0 0 0 11319 11319
1929 0 57 1 11352 11410
1930 0 3 11314 0 11317
1931 11151 5 13 1 11170
1932 0 0 11337 0 11337
1933 3 0 11195 1 11199
1934 5 0 11212 2 11219
1935 9 11404 0 1 11414
1936 11503 4 1 0 11508
1937 1 1 1 11546 11549
1938 9 11667 0 11 11687
1939 11884 0 6 0 11890
1940 11832 0 0 0 11832
1941 11802 0 0 0 11802
1942 0 0 11709 3 11712
1943 11518 0 4 0 11522
1944 6 0 12030 0 12036
1945 2 1 11812 0 11815
1946 2 11971 0 2 11975
1947 12021 0 1 0 12022
1948 8 0 12004 1 12013
1949 12069 0 1 1 12071
1950 0 12196 1 1 12198
1951 12215 0 17 0 12232
1952 7 7 1 12340 12355
1953 12328 0 3 0 12331
1954 12267 0 1 0 12268
1955 1 12351 0 0 12352
1956 0 3 0 12095 12098
1957 3 12272 1 1 12277
1958 3 12312 0 2 12317
1959 12336 0 10 0 12346
1960 4 0 12138 1 12143
1961 3 12261 0 1 12265
1962 12310 5 2 0 12317
1963 3 12305 0 1 12309
1964 12389 0 0 0 12389
1965 0 0 1 12285 12286
1966 4 0 12172 0 12176
1967 1 0 12058 0 12059
1968 1 6 0 12008 12015
1969 3 12045 0 1 12049
1970 3 12154 0 7 12164
1971 12175 7 28 0 12210
1972 16 2 12269 0 12287
1973 2 3 0 12127 12132
1974 12334 0 0 0 12334
1975 12359 0 0 0 12359
1976 12323 0 23 0 12346
1977 3 0 12329 1 12333
1978 12299 0 3 0 12302
1979 12451 0 15 4 12470
1980 12369 0 71 1 12441
1981 12373 1 0 1 12375
1982 1 6 1 12305 12313
1983 192 0 12049 0 12241
1984 2 1 12171 0 12174
1985 12175 0 1 2 12178
1986 2 12282 0 0 12284
1987 0 6 2 12270 12278
1988 12301 0 3 2 12306
1989 2 12273 0 20 12295
1990 1 0 12328 0 12329
1991 12304 1 1 1 12307
1992 0 22 1 12206 12229
1993 1 0 12082 0 12083
1994 10 12174 0 11 12195
1995 28 0 12165 5 12198
1996 2 0 12178 1 12181
1997 4 4 3 11451 11462
1998 784 0 11012 1 11797
1999 0 2 2 12215 12219
2000 2 12571 0 0 12573
2001 0 27 0 12681 12708
2002 3 0 12774 0 12777
2003 9 1 12663 1 12674
2004 12692 0 3 1 12696
2005 12744 1 4 2 12751
2006 0 12811 1 1 12813
2007 1 4 0 12765 12770
2008 1 12802 0 1 12804
2009 12796 0 0 0 12796
2010 4 15 4 12725 12748
2011 12652 0 1 0 12653
2012 1 1 12651 0 12653
2013 0 0 1 12358 12359
2014 2 4 6 12527 12539
2015 1 0 12554 1 12556
2016 2 0 12530 1 12533
2017 12478 0 11 1 12490
2018 114 0 12377 4 12495
2019 12426 0 1 1 12428
2020 12419 0 1 0 12420
2021 5 12425 1 3 12434
2022 4 12418 0 5 12427
2023 12548 3 3 1 12555
2024 12530 0 2 0 12532
2025 12502 0 1 0 12503
2026 12473 0 19 0 12492
2027 1 3 12395 0 12399
2028 12412 0 3 0 12415
2029 12450 0 3 0 12453
2030 12421 0 0 0 12421
2031 0 12464 4 13 12481
2032 12537 0 2 0 12539
2033 0 3 12328 0 12331
2034 12206 0 3 0 12209
2035 3 0 0 12124 12127
2036 4 12329 2 0 12335
2037 1 7 2 12293 12303
2038 12335 0 0 2 12337
2039 0 0 8 12298 12306
2040 12287 0 0 0 12287
2041 3 12358 1 17 12379
2042 0 0 2 12323 12325
2043 12404 0 1 0 12405
2044 12280 0 2 0 12282
2045 12242 0 0 2 12244
2046 8 12323 0 2 12333
2047 12250 0 4 0 12254
2048 1 12390 0 3 12394
2049 1 0 1 12300 12302
2050 1 0 12316 2 12319
2051 12136 13 4 4 12157
2052 2 0 2 12183 12187
2053 7 12241 0 2 12250
2054 12320 0 0 0 12320
2055 24 0 12289 0 12313
2056 12176 0 4 0 12180
2057 0 0 12409 1 12410
2058 6 0 12334 0 12340
2059 12352 0 1 0 12353
2060 12410 0 1 2 12413
2061 1 12466 1 4 12472
2062 12597 0 1 4 12602
2063 2 1 0 12568 12571
2064 3 0 12611 1 12615
2065 12507 0 1 0 12508
2066 1 0 1 12408 12410
2067 1 2 0 12471 12474
2068 4 12517 0 0 12521
2069 6 0 1 12574 12581
2070 6 0 4 12666 12676
2071 1 2 12484 0 12487
2072 12380 0 8 0 12388
2073 1 1 12378 2 12382
2074 2 0 12413 0 12415
2075 12501 0 1 0 12502
2076 12551 1 0 2 12554
2077 0 12525 0 2 12527
2078 12663 1 4 0 12668
2079 12612 1 1 1 12615
2080 0 1 2 12556 12559
2081 0 0 12451 1 12452
2082 4 12292 0 3 12299
2083 0 1 2 12325 12328
2084 12287 0 18 1 12306
2085 0 12331 3 9 12343
2086 5 2 12360 0 12367
2087 1 12332 0 0 12333
2088 0 0 1 12485 12486
2089 12652 0 13 0 12665
2090 12608 1 2 0 12611
2091 12632 4 3 2 12641
2092 2 1 1 12712 12716
2093 0 0 12663 6 12669
2094 0 0 0 12510 12510
2095 0 1 6 12733 12740
2096 2 0 12667 1 12670
2097 3 12524 0 3 12530
2098 12664 0 1 0 12665
2099 12404 0 5 2 12411
2100 0 12434 0 0 12434
2101 3 12533 0 0 12536
2102 0 5 4 12652 12661
2103 12600 0 9 0 12609
2104 0 0 0 12508 12508
2105 1 9 0 13029 13039
2106 1 1 0 13020 13022
2107 0 8 12725 1 12734
2108 12614 0 4 5 12623
2109 0 0 12525 14 12539
2110 4 0 12542 0 12546
2111 1 12349 1 11 12362
2112 0 12619 0 1 12620
2113 1 0 0 12915 12916
2114 3 0 12844 7 12854
2115 0 0 0 12714 12714
2116 0 2 1 12763 12766
2117 0 1 1 12820 12822
2118 0 68 0 12930 12998
2119 13018 0 0 2 13020
2120 12934 0 0 1 12935
2121 19 12793 0 3 12815
2122 12850 1 0 1 12852
2123 0 0 12689 0 12689
2124 0 1 1 12269 12271
2125 2 0 12426 0 12428
2126 0 12481 0 4 12485
2127 12545 0 0 1 12546
2128 0 6 2 12502 12510
2129 3 12512 1 1 12517
2130 12515 0 0 2 12517
2131 0 5 0 12431 12436
2132 12465 0 3 0 12468
2133 2 12465 0 3 12470
2134 12524 0 0 0 12524
2135 16 0 12474 2 12492
2136 4 0 12401 0 12405
2137 12404 0 2 0 12406
2138 12365 0 5 0 12370
2139 4 0 12205 0 12209
2140 2 12074 0 2 12078
2141 0 12187 0 2 12189
2142 12366 0 1 1 12368
2143 0 0 12287 0 12287
2144 0 0 0 11982 11982
2145 0 1 12035 1 12037
2146 0 0 11997 1 11998
2147 1 4 12049 0 12054
2148 0 1 2 12080 12083
2149 9 12012 0 1 12022
2150 12170 0 2 0 12172
2151 12074 0 15 1 12090
2152 2 12147 0 1 12150
2153 12204 0 8 2 12214
2154 0 87 0 11990 12077
2155 12073 0 4 0 12077
2156 0 0 12046 0 12046
2157 0 12009 0 2 12011
2158 12014 0 3 0 12017
2159 0 2 0 11993 11995
2160 7 0 11878 1 11886
2161 92 11674 0 3 11769
2162 0 1 0 11859 11860
2163 3 0 0 11871 11874
2164 0 0 11723 0 11723
2165 11686 0 1 0 11687
2166 0 0 11618 2 11620
2167 1 0 11370 0 11371
2168 1 11292 0 0 11293
2169 0 3 0 11335 11338
2170 11310 1 4 0 11315
2171 1 0 0 11225 11226
2172 0 0 11056 2 11058
2173 2 0 10913 0 10915
2174 1 10702 0 2 10705
2175 2 10626 0 6 10634
2176 0 10802 0 0 10802
2177 10877 0 1 0 10878
2178 0 10871 0 2 10873
2179 10922 0 5 0 10927
2180 2 0 10942 0 10944
2181 10810 0 1 0 10811
2182 0 0 0 10825 10825
2183 0 1 0 10834 10835
2184 10841 0 1 0 10842
2185 10793 0 0 0 10793
2186 0 0 10736 0 10736
2187 10658 0 0 0 10658
2188 10540 5 0 0 10545
2189 4 1 0 10553 10558
2190 5 0 10564 0 10569
2191 1 0 10523 6 10530
2192 10461 0 2 0 10463
2193 0 5 0 10394 10399
2194 36 0 10181 2 10219
2195 0 10162 2 2 10166
2196 10148 0 1 0 10149
2197 5 10227 0 3 10235
2198 5 0 10252 0 10257
2199 10083 0 4 0 10087
2200 0 0 0 9980 9980
2201 0 0 0 10033 10033
2202 10070 0 27 0 10097
2203 1 0 10061 0 10062
2204 9975 0 3 0 9978
2205 1 3 0 9940 9944
2206 0 0 1 9883 9884
2207 9890 0 11 1 9902
2208 0 2 1 9833 9836
2209 0 0 9845 1 9846
2210 9799 0 2 0 9801
2211 9685 1 0 0 9686
2212 0 1 0 9538 9539
2213 1 9669 0 3 9673
2214 9635 0 1 1 9637
2215 0 0 9659 0 9659
2216 1 0 9611 0 9612
2217 0 0 9604 1 9605
2218 9404 0 0 2 9406
2219 3 0 9600 0 9603
2220 9551 1 67 0 9619
2221 9587 0 2 0 9589
2222 1 0 0 9554 9555
2223 3 0 9586 0 9589
2224 0 2 0 9412 9414
2225 0 9406 0 1 9407
2226 9475 0 1 0 9476
2227 9460 0 1 0 9461
2228 9468 0 2 0 9470
2229 23 0 9364 0 9387
2230 2200 0 7092 1 9293
2231 9300 0 7 0 9307
2232 0 1 0 9308 9309
2233 0 0 9328 0 9328
2234 9307 0 3 0 9310
2235 1 6 0 9266 9273
2236 0 5 0 9305 9310
2237 1 2 1 9266 9270
2238 0 3 0 9333 9336
2239 2 0 9288 0 9290
2240 9144 0 0 0 9144
2241 4 0 9141 0 9145
2242 9102 0 1 0 9103
2243 9022 0 0 1 9023
2244 9012 0 5 4 9021
2245 1 0 8909 0 8910
2246 2 8816 0 1 8819
2247 8901 0 0 1 8902
2248 8774 0 1 1 8776
2249 0 7 0 8793 8800
2250 1 0 8757 0 8758
2251 0 2 8630 0 8632
2252 0 8407 0 1 8408
2253 0 5 0 8372 8377
2254 0 8395 0 3 8398
2255 8006 0 1 0 8007
2256 2 8442 0 0 8444
2257 1 8480 0 10 8491
2258 1 7 0 8519 8527
2259 0 0 0 8596 8596
2260 2 0 8523 0 8525
2261 1 1 8533 0 8535
2262 1 0 0 8148 8149
2263 4 0 8397 0 8401
2264 8237 0 0 0 8237
2265 1 0 8472 1 8474
2266 8263 0 72 0 8335
2267 2 0 0 8424 8426
2268 0 2 0 8445 8447
2269 13 0 8380 3 8396
2270 1 0 8341 0 8342
2271 14 0 8235 98 8347
2272 2 0 0 8147 8149
2273 8184 0 0 0 8184
2274 6 8133 0 0 8139
2275 8271 0 2 0 8273
2276 0 2 0 8209 8211
2277 8210 0 1 0 8211
2278 0 0 0 8086 8086
2279 8129 0 0 0 8129
2280 8064 0 7 0 8071
2281 0 0 7928 0 7928
2282 1 7630 0 0 7631
2283 0 1 3 7473 7477
2284 0 10 1 7485 7496
2285 1 7600 1 0 7602
2286 3 0 7582 0 7585
2287 7439 0 34 0 7473
2288 7421 0 0 0 7421
2289 0 0 7344 1 7345
2290 7165 1 0 0 7166
2291 2 2 0 7100 7104
2292 2 0 7164 0 7166
2293 0 2 0 6848 6850
2294 0 0 0 7038 7038
2295 0 1 0 7084 7085
2296 6987 0 5 0 6992
2297 2 0 0 6831 6833
2298 0 0 6621 1 6622
2299 1 0 6488 0 6489
2300 17 0 6459 0 6476
2301 0 0 6443 0 6443
2302 0 2 0 6372 6374
2303 0 9 0 6429 6438
2304 6358 0 0 0 6358
2305 0 0 0 6264 6264
2306 0 2 0 6249 6251
2307 6 2 6047 0 6055
2308 1 0 5563 0 5564
2309 0 0 0 5434 5434
2310 5 5363 0 3 5371
2311 5383 0 0 0 5383
2312 1 0 0 5253 5254
2313 1 5184 0 3 5188
2314 5146 0 1 0 5147
2315 1 0 0 4921 4922
2316 0 3 0 4849 4852
2317 0 0 4789 0 4789
2318 4676 0 0 0 4676
2319 4631 0 0 0 4631
2320 0 1 0 4552 4553
2321 4359 0 1 1 4361
2322 3 4364 0 0 4367
2323 4363 0 1 0 4364
2324 1 8 0 4247 4256
2325 1 0 4200 0 4201
2326 0 4024 0 4 4028
2327 0 0 4015 0 4015
2328 3766 0 0 0 3766
2329 0 3 0 3731 3734
2330 3583 0 5 0 3588
2331 9 3625 0 0 3634
2332 3575 0 0 0 3575
2333 4 3652 0 1 3657
2334 3609 0 3 0 3612
2335 3568 0 7 1 3576
2336 3550 0 0 1 3551
2337 2 0 1 3450 3453
2338 0 0 3374 1 3375
2339 3294 0 0 5 3299
2340 0 1 0 3258 3259
2341 0 0 0 3250 3250
2342 3178 0 0 0 3178
2343 3103 0 0 1 3104
2344 3072 0 1 0 3073
2345 2994 0 0 0 2994
2346 10 0 1 2607 2618
2347 2 0 2313 0 2315
2348 2297 0 1 0 2298
2349 2245 0 0 0 2245
2350 2180 0 0 0 2180
2351 1940 0 1 0 1941
2352 1679 2 0 0 1681
2353 1612 0 5 0 1617
2354 11 0 1495 0 1506
2355 3 3 307 0 313
2356 0 294 0 0 294
2357 0 0 0 272 272
2358 0 270 0 0 270
2359 0 0 269 0 269
2360 0 0 0 236 236
2361 0 0 243 0 243
2362 0 0 0 235 235
2363 0 0 0 238 238
2364 0 0 0 229 229
2365 0 225 0 0 225
2366 0 0 0 184 184
2367 78 0 0 0 78
2368 0 64 0 0 64
2369 0 5 0 54 59
2370 0 0 0 47 47
