0 0 0 0 0 0
1 24 0 0 0 24
2 0 0 60 0 60
3 0 73 0 0 73
4 75 0 3 2 80
5 0 2 81 0 83
6 84 0 1 0 85
7 87 1 0 12 100
8 23 0 91 0 114
9 0 192 0 0 192
10 0 24 268 0 292
11 0 5 319 0 324
12 289 6 46 6 347
13 3 0 370 2 375
14 0 354 0 22 376
15 0 688 0 4 692
16 0 0 0 893 893
17 1 0 0 930 931
18 0 0 0 950 950
19 974 0 0 0 974
20 968 0 0 0 968
21 0 0 1204 0 1204
22 1186 0 0 0 1186
23 0 0 0 1366 1366
24 0 0 1396 0 1396
25 1410 0 0 0 1410
26 1438 0 0 0 1438
27 0 0 0 1755 1755
28 1908 0 1 2 1911
29 0 0 0 2070 2070
30 2085 0 0 0 2085
31 2093 0 1 1 2095
32 2122 0 0 0 2122
33 0 0 0 2151 2151
34 0 2153 0 0 2153
35 0 2580 0 1 2581
36 0 1 0 2696 2697
37 0 0 0 2857 2857
38 3157 0 0 0 3157
39 0 61 0 3341 3402
40 0 0 0 3622 3622
41 0 1 0 3657 3658
42 0 1 1 3732 3734
43 2 3750 0 9 3761
44 0 4 0 3764 3768
45 0 3828 0 1 3829
46 0 5 0 3844 3849
47 0 2 1 3895 3898
48 5 3967 0 0 3972
49 3979 3 4 0 3986
50 0 0 0 4025 4025
51 4021 0 3 0 4024
52 0 1 3993 0 3994
53 3981 0 0 0 3981
54 0 0 0 4027 4027
55 0 0 4009 0 4009
56 0 0 2 3930 3932
57 9 0 3918 0 3927
58 0 4009 0 8 4017
59 0 4081 0 1 4082
60 14 4107 0 0 4121
61 25 0 4096 0 4121
62 1 3 0 4075 4079
63 4132 0 6 1 4139
64 1 4176 1 1 4179
65 4125 0 9 0 4134
66 0 0 4116 0 4116
67 0 0 4072 0 4072
68 4 4129 0 0 4133
69 4226 1 2 8 4237
70 0 0 4315 0 4315
71 0 4363 0 3 4366
72 4413 0 1 0 4414
73 4490 0 1 1 4492
74 1 0 0 4571 4572
75 0 5 0 4578 4583
76 0 20 0 4598 4618
77 1 4670 0 0 4671
78 4661 0 1 0 4662
79 4650 0 0 0 4650
80 4 4696 0 0 4700
81 4718 0 5 0 4723
82 4673 0 0 0 4673
83 1 4708 0 0 4709
84 4704 2 0 0 4706
85 1 1 0 4727 4729
86 0 2 0 4724 4726
87 0 4737 0 0 4737
88 0 4730 0 1 4731
89 1 4793 0 0 4794
90 4778 0 0 1 4779
91 1 6 2 4800 4809
92 4770 0 3 0 4773
93 0 4810 0 0 4810
94 4763 0 1 4 4768
95 3 4828 0 1 4832
96 0 2 2 4848 4852
97 2 0 4840 1 4843
98 0 0 4818 0 4818
99 0 2 0 4837 4839
100 0 0 4918 0 4918
101 0 0 0 4902 4902
102 0 3 0 4931 4934
103 0 4979 1 1 4981
104 0 4971 0 0 4971
105 0 4955 3 36 4994
106 1 5016 0 0 5017
107 0 5104 0 1 5105
108 0 3 1 5079 5083
109 0 0 1 5070 5071
110 5036 0 0 0 5036
111 0 4 1 5088 5093
112 1 1 0 5054 5056
113 0 5079 0 1 5080
114 5 5064 0 7 5076
115 5 5102 0 0 5107
116 5126 0 0 0 5126
117 1 9 0 5121 5131
118 2 0 5098 0 5100
119 0 0 5019 0 5019
120 5026 1 0 1 5028
121 5155 0 0 1 5156
122 0 5154 0 12 5166
123 5138 0 3 0 5141
124 2 0 5149 0 5151
125 1 1 5133 0 5135
126 5152 0 0 0 5152
127 5216 0 6 3 5225
128 0 5233 0 1 5234
129 5240 0 3 3 5246
130 1 0 5224 0 5225
131 0 0 5217 0 5217
132 0 31 0 5130 5161
133 0 1 0 5285 5286
134 5305 0 8 0 5313
135 2 5261 0 24 5287
136 5307 0 0 0 5307
137 8 5333 0 0 5341
138 5350 0 2 1 5353
139 5293 0 0 0 5293
140 0 1 0 5356 5357
141 5352 0 0 0 5352
142 1 0 5316 0 5317
143 5296 0 1 0 5297
144 15 5290 0 41 5346
145 5330 0 0 0 5330
146 0 5386 0 0 5386
147 11 1 0 5325 5337
148 1 0 5403 0 5404
149 0 0 0 5301 5301
150 8 1 5379 0 5388
151 5398 2 4 0 5404
152 0 4 1 5487 5492
153 0 5521 0 12 5533
154 5580 0 0 0 5580
155 0 0 5579 0 5579
156 5544 0 0 0 5544
157 5612 1 1 0 5614
158 0 5669 0 6 5675
159 7 0 5636 1 5644
160 0 5663 0 2 5665
161 5663 0 2 0 5665
162 0 2 0 5729 5731
163 0 0 5718 0 5718
164 5725 1 2 1 5729
165 2 0 5685 6 5693
166 0 2 0 5617 5619
167 5719 0 0 2 5721
168 1 5863 0 0 5864
169 0 0 0 5840 5840
170 0 5881 0 1 5882
171 5827 0 75 1 5903
172 5903 0 0 0 5903
173 5892 0 0 0 5892
174 1 5906 0 1 5908
175 5912 0 4 0 5916
176 5864 5 2 2 5873
177 8 0 5776 93 5877
178 3 0 5903 0 5906
179 0 0 5969 0 5969
180 20 0 6027 2 6049
181 6272 0 9 2 6283
182 6323 0 8 1 6332
183 6289 44 34 0 6367
184 1 6370 0 1 6372
185 6418 0 0 0 6418
186 30 0 6375 0 6405
187 0 266 0 6003 6269
188 6383 0 1 0 6384
189 0 6457 0 1 6458
190 6437 0 0 0 6437
191 1 1 0 6507 6509
192 0 274 1 6296 6571
193 1 0 0 6619 6620
194 0 6691 0 1 6692
195 0 8 0 6715 6723
196 4 0 6692 0 6696
197 6617 3 27 0 6647
198 1 0 0 6666 6667
199 1 0 6691 1 6693
200 1 0 0 6673 6674
201 0 1 0 6754 6755
202 6813 0 4 0 6817
203 0 6770 0 1 6771
204 6791 0 2 0 6793
205 3 0 6711 0 6714
206 0 0 6578 1 6579
207 6656 0 0 1 6657
208 2 1 0 6706 6709
209 2 0 6744 0 6746
210 0 6750 0 5 6755
211 6844 0 13 0 6857
212 0 6902 0 2 6904
213 6930 0 0 0 6930
214 6888 0 0 2 6890
215 0 5 0 7061 7066
216 8 4 7143 5 7160
217 2 6 7079 5 7092
218 2 3 2 6713 6720
219 5 0 7085 0 7090
220 1 0 7103 0 7104
221 7172 0 10 1 7183
222 0 1 0 7179 7180
223 0 7275 0 0 7275
224 2 7346 0 0 7348
225 7412 0 4 2 7418
226 7450 0 0 1 7451
227 0 7453 0 1 7454
228 7526 0 0 0 7526
229 7482 0 0 0 7482
230 7471 0 2 0 7473
231 0 0 0 7445 7445
232 0 0 7401 1 7402
233 1 0 7316 0 7317
234 7443 0 4 0 7447
235 8 7503 0 1 7512
236 0 7582 1 6 7589
237 7676 0 2 0 7678
238 0 35 0 7572 7607
239 0 2 0 7561 7563
240 7500 0 13 0 7513
241 0 7598 0 20 7618
242 0 7606 0 2 7608
243 0 7669 0 1 7670
244 6 1 7727 0 7734
245 7595 0 5 0 7600
246 7723 0 1 0 7724
247 1 0 7791 0 7792
248 7805 0 0 1 7806
249 0 1 0 7847 7848
250 7894 0 2 0 7896
251 7859 0 0 0 7859
252 1 2 0 7863 7866
253 1 0 7763 1 7765
254 7780 0 0 0 7780
255 1580 0 6091 22 7693
256 0 7743 0 1 7744
257 1 7828 0 0 7829
258 22 0 7803 0 7825
259 7750 0 2 1 7753
260 4 1 7699 2 7706
261 1 10 0 7474 7485
262 1 0 7667 0 7668
263 0 7687 1 0 7688
264 3 7794 0 1 7798
265 1 2 0 7804 7807
266 7734 0 0 1 7735
267 0 1 0 7674 7675
268 2 0 7640 0 7642
269 0 7669 0 1 7670
270 7595 0 0 0 7595
271 0 7669 0 1 7670
272 7692 0 0 0 7692
273 7710 2 5 1 7718
274 0 0 0 7783 7783
275 0 2 0 7828 7830
276 7797 0 0 0 7797
277 14 0 7702 0 7716
278 7735 0 0 6 7741
279 0 924 0 6820 7744
280 0 5 1 7806 7812
281 0 0 7738 0 7738
282 0 7724 2 5 7731
283 1 0 7815 0 7816
284 0 0 0 7614 7614
285 1 7596 0 70 7667
286 0 42 0 7714 7756
287 0 4 0 7800 7804
288 7663 0 1 5 7669
289 7 0 7717 0 7724
290 7450 2 0 0 7452
291 17 0 7647 0 7664
292 4 0 7624 0 7628
293 2 7580 0 0 7582
294 0 35 0 7622 7657
295 0 13 0 7679 7692
296 0 5 0 7741 7746
297 7645 1 4 2 7652
298 0 0 7752 4 7756
299 7729 1 0 0 7730
300 2 1 0 7739 7742
301 7793 1 0 0 7794
302 5 0 7717 0 7722
303 7705 0 1 0 7706
304 7616 1 0 0 7617
305 1 1 0 7586 7588
306 1 0 7564 2 7567
307 0 0 7542 7 7549
308 7522 2 1 0 7525
309 0 25 1 7583 7609
310 1 0 7583 0 7584
311 7581 1 2 0 7584
312 7765 0 1 2 7768
313 0 0 7742 0 7742
314 7715 0 0 0 7715
315 7595 0 11 2 7608
316 1 7613 0 0 7614
317 7427 0 1 0 7428
318 1 7757 1 5 7764
319 0 7783 0 0 7783
320 2 7801 1 1 7805
321 7837 0 5 0 7842
322 4 0 7784 9 7797
323 0 0 7818 0 7818
324 1 0 0 7514 7515
325 0 7815 4 2 7821
326 0 10 0 7882 7892
327 0 4 0 7959 7963
328 0 4 0 7948 7952
329 0 0 0 7917 7917
330 0 0 0 7845 7845
331 5 7845 0 6 7856
332 7898 0 2 0 7900
333 7819 0 2 0 7821
334 0 0 7751 3 7754
335 0 7750 0 1 7751
336 7812 0 0 0 7812
337 0 0 7697 0 7697
338 0 7633 0 1 7634
339 0 7709 1 0 7710
340 0 4 0 7647 7651
341 0 7662 0 2 7664
342 7663 0 8 0 7671
343 1 7647 0 0 7648
344 7650 0 0 0 7650
345 0 1 7623 0 7624
346 7575 0 0 0 7575
347 7591 0 0 0 7591
348 0 4 0 7485 7489
349 2 0 7515 0 7517
350 0 7499 0 0 7499
351 0 364 1 7168 7533
352 7545 0 1 9 7555
353 0 2 0 7540 7542
354 0 0 7511 1 7512
355 3 0 7441 1 7445
356 7430 5 1 1 7437
357 0 0 7339 0 7339
358 2 1 7355 0 7358
359 0 7289 0 1 7290
360 2 7205 0 14 7221
361 5 7349 0 4 7358
362 0 7 0 7524 7531
363 7526 0 0 0 7526
364 7500 0 1 0 7501
365 0 0 0 7495 7495
366 2 0 7436 0 7438
367 6 2 7442 0 7450
368 0 1 0 7455 7456
369 0 7547 1 3 7551
370 7575 0 3 3 7581
371 0 7733 0 4 7737
372 7759 0 4 0 7763
373 7721 0 1 5 7727
374 4 7823 1 1 7829
375 0 30 0 7773 7803
376 1 0 7842 0 7843
377 0 4 1 7701 7706
378 7804 0 18 0 7822
379 1 0 7926 1 7928
380 7897 0 2 0 7899
381 0 7955 0 0 7955
382 8040 0 2 1 8043
383 8025 0 2 1 8028
384 8092 0 0 0 8092
385 1 10 0 8014 8025
386 0 5 1 8076 8082
387 8085 0 0 0 8085
388 7975 0 0 1 7976
389 5 8037 1 2 8045
390 3 8006 0 0 8009
391 1 8027 1 2 8031
392 8070 0 0 4 8074
393 2 1 8100 0 8103
394 1 0 8350 0 8351
395 0 0 8345 0 8345
396 379 0 7898 0 8277
397 8226 0 8 0 8234
398 0 0 8315 0 8315
399 8241 0 4 0 8245
400 4 8361 0 2 8367
401 8403 0 0 0 8403
402 12 0 8353 0 8365
403 8173 0 1 0 8174
404 0 8286 1 0 8287
405 0 55 0 8395 8450
406 0 1 0 8493 8494
407 0 0 0 8523 8523
408 0 3 0 8510 8513
409 7 0 8419 0 8426
410 8251 1 8 0 8260
411 0 1 0 8281 8282
412 1 1 0 8311 8313
413 2 1 8281 1 8285
414 1 0 8174 0 8175
415 8186 0 5 0 8191
416 4 8268 0 2 8274
417 8013 0 1 0 8014
418 0 0 7960 24 7984
419 0 0 0 7794 7794
420 7851 0 2 0 7853
421 0 2 0 7838 7840
422 3 0 7779 5 7787
423 0 7875 1 6 7882
424 7960 0 1 1 7962
425 0 0 7886 0 7886
426 7818 0 0 0 7818
427 7798 0 1 0 7799
428 7654 1 0 0 7655
429 0 7682 0 0 7682
430 1 7541 0 3 7545
431 7600 0 2 0 7602
432 7353 0 0 1 7354
433 4 7486 1 1 7492
434 0 7262 0 4 7266
435 0 4 0 7185 7189
436 0 0 7140 0 7140
437 3 7166 0 0 7169
438 0 5 0 7181 7186
439 1 0 7087 1 7089
440 0 7071 0 6 7077
441 7102 0 0 0 7102
442 7006 0 0 0 7006
443 1 7065 0 0 7066
444 28 0 6947 0 6975
445 10 0 6833 0 6843
446 0 6847 1 1 6849
447 6822 0 0 0 6822
448 1 6814 0 3 6818
449 0 0 0 6876 6876
450 5 0 6821 0 6826
451 6775 0 0 0 6775
452 6799 0 0 0 6799
453 0 35 0 6680 6715
454 6642 0 3 2 6647
455 0 6655 0 5 6660
456 6679 0 0 0 6679
457 6672 0 0 0 6672
458 0 6639 0 3 6642
459 6520 0 1 1 6522
460 6428 0 3 0 6431
461 0 0 0 6428 6428
462 6416 0 0 0 6416
463 6211 0 1 0 6212
464 0 6247 0 3 6250
465 7 6205 0 1 6213
466 0 0 1 5978 5979
467 0 6103 0 0 6103
468 0 0 0 6014 6014
469 0 0 0 6036 6036
470 0 1 0 6049 6050
471 0 7 0 6032 6039
472 6006 0 0 0 6006
473 29 0 5867 2 5898
474 4 0 5851 0 5855
475 0 0 0 5734 5734
476 0 0 0 5847 5847
477 16 0 5793 1 5810
478 5775 0 10 0 5785
479 5779 0 2 0 5781
480 0 0 0 5768 5768
481 0 0 5700 0 5700
482 5638 0 14 0 5652
483 0 1 0 5629 5630
484 0 0 0 5656 5656
485 0 0 0 5621 5621
486 5582 0 2 0 5584
487 5531 0 0 0 5531
488 5482 0 1 0 5483
489 0 0 0 5449 5449
490 0 0 5435 0 5435
491 2 1 5330 3 5336
492 5288 0 0 0 5288
493 4 0 5307 0 5311
494 1 5228 0 11 5240
495 2 5296 0 0 5298
496 28 0 5220 0 5248
497 5171 0 1 0 5172
498 1 5185 0 0 5186
499 5219 0 0 0 5219
500 5152 0 10 0 5162
501 5119 0 0 0 5119
502 3 0 5133 0 5136
503 0 1 5070 1 5072
504 0 3 1 4531 4535
505 0 0 4893 0 4893
506 4 0 4960 0 4964
507 4987 0 0 0 4987
508 0 0 0 5009 5009
509 0 0 0 5040 5040
510 5035 0 1 0 5036
511 4963 0 0 1 4964
512 1 6 0 4904 4911
513 4706 0 1 2 4709
514 0 4726 0 2 4728
515 2 4700 0 8 4710
516 0 0 0 4678 4678
517 0 0 0 4692 4692
518 0 0 0 4638 4638
519 0 42 0 4615 4657
520 0 0 0 4635 4635
521 5 0 4412 17 4434
522 0 4277 5 11 4293
523 2 4301 0 4 4307
524 4327 0 5 0 4332
525 1 0 4313 0 4314
526 5 0 4235 0 4240
527 4249 0 1 0 4250
528 0 20 0 4168 4188
529 4190 0 0 0 4190
530 0 0 0 4083 4083
531 5 4030 0 6 4041
532 4066 0 0 0 4066
533 0 0 0 3997 3997
534 0 0 0 4002 4002
535 0 1 3946 0 3947
536 3940 0 0 0 3940
537 0 0 0 3914 3914
538 0 0 1 3892 3893
539 1 3883 0 0 3884
540 3911 0 1 2 3914
541 0 4 0 3852 3856
542 0 0 0 3865 3865
543 3853 0 0 1 3854
544 1 0 3786 0 3787
545 3809 0 2 1 3812
546 2 3746 0 21 3769
547 3777 1 0 0 3778
548 26 0 3715 4 3745
549 3647 0 19 0 3666
550 4 3729 1 0 3734
551 0 3805 0 0 3805
552 0 8 0 3833 3841
553 0 0 3802 0 3802
554 3811 0 1 0 3812
555 3807 0 3 0 3810
556 3819 0 1 0 3820
557 0 0 0 3812 3812
558 0 0 3720 0 3720
559 3687 0 5 0 3692
560 0 3719 0 0 3719
561 0 0 0 3708 3708
562 0 3 0 3697 3700
563 3 1 0 3669 3673
564 0 3642 0 3 3645
565 0 0 0 3623 3623
566 1 0 0 3554 3555
567 0 3550 0 0 3550
568 0 0 0 3482 3482
569 2 3486 0 0 3488
570 3421 0 4 0 3425
571 136 0 3264 3 3403
572 5 0 0 3345 3350
573 3303 0 35 0 3338
574 3352 0 0 0 3352
575 3291 0 24 0 3315
576 3 0 3320 0 3323
577 3271 0 0 0 3271
578 3278 0 0 0 3278
579 0 2 0 3237 3239
580 3244 0 0 3 3247
581 0 32 1 3203 3236
582 3230 0 0 0 3230
583 3183 0 1 0 3184
584 3143 0 0 0 3143
585 3 0 3135 0 3138
586 3084 0 0 0 3084
587 2776 0 319 0 3095
588 3086 0 0 0 3086
589 3051 1 5 0 3057
590 3045 0 1 3 3049
591 3030 0 0 0 3030
592 6 0 0 2968 2974
593 0 10 0 2943 2953
594 0 0 2908 7 2915
595 0 2883 2 5 2890
596 0 2914 0 0 2914
597 0 15 0 2880 2895
598 3 0 2884 0 2887
599 0 2851 0 0 2851
600 0 2866 0 1 2867
601 2924 0 2 0 2926
602 2924 0 5 0 2929
603 2894 0 1 0 2895
604 2891 0 0 0 2891
605 2887 0 7 0 2894
606 2 2915 0 0 2917
607 2888 0 0 0 2888
608 12 1 2849 0 2862
609 2848 0 0 0 2848
610 2831 0 0 0 2831
611 2815 3 0 0 2818
612 6 0 2754 0 2760
613 2 0 2666 0 2668
614 1 0 2705 0 2706
615 0 0 0 2645 2645
616 1 0 0 2692 2693
617 0 0 0 2693 2693
618 0 2663 0 14 2677
619 0 2656 0 0 2656
620 1 0 0 2662 2663
621 0 2675 0 0 2675
622 2374 0 320 0 2694
623 0 2 0 2670 2672
624 2656 0 0 0 2656
625 2362 0 0 0 2362
626 2334 0 0 0 2334
627 0 0 2324 0 2324
628 2350 0 0 0 2350
629 0 0 2335 0 2335
630 0 0 2302 0 2302
631 2299 0 6 0 2305
632 0 0 0 2266 2266
633 2270 0 0 0 2270
634 1 2236 0 0 2237
635 0 2242 1 2 2245
636 2271 0 0 0 2271
637 2256 0 0 0 2256
638 1 0 0 2264 2265
639 1 0 2244 0 2245
640 2238 0 0 0 2238
641 2239 0 1 0 2240
642 0 0 2232 0 2232
643 1 0 2236 0 2237
644 0 0 0 1982 1982
645 2197 0 0 0 2197
646 2177 0 0 0 2177
647 2186 0 0 0 2186
648 2159 0 3 0 2162
649 3 0 2120 0 2123
650 2119 0 0 0 2119
651 0 2087 0 0 2087
652 2156 0 0 0 2156
653 2173 0 0 1 2174
654 2176 0 0 0 2176
655 2161 0 0 0 2161
656 0 0 0 2101 2101
657 2129 0 6 0 2135
658 2104 0 0 1 2105
659 0 2105 2 1 2108
660 4 2092 0 0 2096
661 2132 0 0 0 2132
662 2112 0 0 0 2112
663 2099 0 3 0 2102
664 0 0 2115 0 2115
665 0 0 0 2005 2005
666 2 0 2099 0 2101
667 7 0 2118 0 2125
668 2148 0 0 0 2148
669 2148 0 1 0 2149
670 0 0 0 2141 2141
671 2115 0 0 0 2115
672 1 2100 0 0 2101
673 2088 0 0 0 2088
674 0 0 0 2032 2032
675 0 2095 0 2 2097
676 2107 0 0 0 2107
677 2116 0 0 0 2116
678 2134 0 0 0 2134
679 2119 1 0 0 2120
680 0 0 2108 0 2108
681 2119 0 0 0 2119
682 0 0 2105 0 2105
683 0 2089 0 1 2090
684 2145 0 0 0 2145
685 0 0 0 2143 2143
686 0 3 0 2178 2181
687 2183 0 0 0 2183
688 2 0 0 2111 2113
689 0 2156 0 0 2156
690 2177 0 2 0 2179
691 0 0 0 2154 2154
692 0 1 0 2176 2177
693 2187 0 1 1 2189
694 2184 0 0 0 2184
695 2184 0 0 0 2184
696 0 2194 0 3 2197
697 2182 0 0 0 2182
698 0 2190 0 0 2190
699 2222 0 1 0 2223
700 2211 0 0 0 2211
701 0 0 0 2206 2206
702 0 0 2194 0 2194
703 2183 0 0 0 2183
704 0 2187 0 1 2188
705 2204 0 0 0 2204
706 2182 0 0 0 2182
707 2190 0 0 0 2190
708 2197 0 3 6 2206
709 2 0 2183 0 2185
710 2149 0 0 0 2149
711 1 2190 0 1 2192
712 0 0 2194 0 2194
713 0 2182 0 1 2183
714 1 0 0 2204 2205
715 1 0 2226 0 2227
716 2244 0 0 0 2244
717 2258 0 1 0 2259
718 2265 0 0 0 2265
719 0 0 2260 0 2260
720 2262 0 1 0 2263
721 1 0 2298 1 2300
722 0 0 2304 0 2304
723 4 0 0 2163 2167
724 2316 0 0 0 2316
725 2321 0 0 0 2321
726 2338 0 0 0 2338
727 1 2356 0 0 2357
728 0 0 0 2389 2389
729 0 0 2409 0 2409
730 2414 0 0 0 2414
731 2467 0 1 0 2468
732 2497 0 3 0 2500
733 2521 1 4 0 2526
734 0 0 2502 0 2502
735 2515 0 0 0 2515
736 2533 1 0 0 2534
737 0 0 2527 0 2527
738 2527 0 4 0 2531
739 0 0 2598 0 2598
740 0 2599 0 0 2599
741 0 0 2679 1 2680
742 2690 0 0 0 2690
743 1 1 0 2681 2683
744 0 0 2 2692 2694
745 0 0 2690 2 2692
746 0 2671 0 1 2672
747 0 2733 0 2 2735
748 2739 0 0 0 2739
749 0 2756 0 0 2756
750 1 1 0 2758 2760
751 1 0 2745 0 2746
752 0 2883 5 0 2888
753 0 1 4 2917 2922
754 0 0 2917 0 2917
755 0 0 2916 0 2916
756 2901 0 5 4 2910
757 2916 2 16 0 2934
758 0 0 0 2953 2953
759 2928 0 1 0 2929
760 0 2936 1 0 2937
761 2972 1 2 0 2975
762 2957 0 0 0 2957
763 2987 0 0 0 2987
764 0 0 0 2995 2995
765 3010 0 1 0 3011
766 2992 6 0 0 2998
767 0 0 3018 0 3018
768 2986 7 0 0 2993
769 0 0 3030 0 3030
770 0 0 3026 0 3026
771 8 0 3081 1 3090
772 2 0 0 2910 2912
773 0 2 0 3098 3100
774 0 0 0 3145 3145
775 0 0 3137 0 3137
776 0 0 0 3088 3088
777 3177 0 0 0 3177
778 1 0 0 3215 3216
779 0 2 0 3241 3243
780 3237 0 0 0 3237
781 1 0 3252 0 3253
782 0 1 0 3183 3184
783 3222 0 3 0 3225
784 0 0 3315 0 3315
785 0 0 0 3354 3354
786 0 0 0 3570 3570
787 0 0 3642 0 3642
788 3635 0 3 0 3638
789 3650 0 5 0 3655
790 3653 0 0 0 3653
791 3660 0 0 3 3663
792 1 3787 0 0 3788
793 0 0 0 3772 3772
794 0 0 0 3814 3814
795 2 0 3783 0 3785
796 1 0 3771 0 3772
797 0 3771 0 0 3771
798 0 2 0 3817 3819
799 3828 0 1 0 3829
800 3864 0 0 0 3864
801 3857 0 0 0 3857
802 3882 0 0 0 3882
803 3883 0 0 1 3884
804 0 0 0 3899 3899
805 3922 0 0 0 3922
806 0 1 1 3915 3917
807 3921 0 2 0 3923
808 0 0 0 3959 3959
809 1 0 3979 9 3989
810 0 1 0 4026 4027
811 7 0 4117 0 4124
812 4181 0 2 1 4184
813 4212 0 0 0 4212
814 4238 0 4 0 4242
815 4227 0 0 0 4227
816 0 1 0 4210 4211
817 0 4296 0 1 4297
818 0 0 0 4324 4324
819 4338 0 0 0 4338
820 2 0 4317 0 4319
821 4335 0 0 0 4335
822 4318 1 8 1 4328
823 0 4367 0 0 4367
824 4389 0 0 0 4389
825 4392 0 0 0 4392
826 4414 0 0 0 4414
827 0 0 4403 1 4404
828 0 0 0 4367 4367
829 1 0 4374 0 4375
830 1 0 4479 0 4480
831 1 0 1 4436 4438
832 0 0 0 4505 4505
833 0 2 0 4536 4538
834 4501 0 0 0 4501
835 0 4534 1 1 4536
836 0 4542 0 1 4543
837 4533 0 0 0 4533
838 19 0 4583 1 4603
839 0 0 0 4561 4561
840 4603 0 1 0 4604
841 0 0 4612 0 4612
842 0 0 4644 0 4644
843 0 0 0 4436 4436
844 1 0 4625 0 4626
845 3 0 4629 0 4632
846 4661 0 9 0 4670
847 4715 0 0 0 4715
848 4685 0 0 0 4685
849 1 4701 0 9 4711
850 0 0 4746 0 4746
851 4695 0 0 0 4695
852 8 0 4753 0 4761
853 4805 0 0 0 4805
854 4806 0 0 1 4807
855 7 0 4790 0 4797
856 4829 0 0 0 4829
857 4827 1 0 0 4828
858 4817 1 2 0 4820
859 3 0 4881 0 4884
860 0 4844 0 0 4844
861 0 4899 0 1 4900
862 4974 0 0 0 4974
863 4970 0 1 0 4971
864 4902 0 43 0 4945
865 2 4955 0 3 4960
866 0 0 0 4945 4945
867 2 0 4942 9 4953
868 1 2 0 4843 4846
869 0 4947 0 0 4947
870 4981 0 0 0 4981
871 4968 0 0 1 4969
872 4960 0 0 0 4960
873 0 1 0 4947 4948
874 1 0 4937 0 4938
875 1 4909 3 1 4914
876 4912 0 3 0 4915
877 4 0 4877 0 4881
878 0 2 0 4765 4767
879 0 0 4763 3 4766
880 6 0 4737 0 4743
881 0 4729 0 7 4736
882 0 4777 0 1 4778
883 4839 0 0 0 4839
884 4830 0 0 0 4830
885 4843 1 0 0 4844
886 4825 0 0 0 4825
887 1 1 0 4818 4820
888 0 0 4789 1 4790
889 0 4763 1 0 4764
890 0 3 0 4744 4747
891 0 4795 0 0 4795
892 4850 0 0 0 4850
893 0 0 4821 0 4821
894 0 18 0 4777 4795
895 4830 6 2 0 4838
896 4803 0 2 0 4805
897 2 4804 0 0 4806
898 0 2 0 4755 4757
899 1 0 4770 0 4771
900 0 4678 0 2 4680
901 0 4685 0 0 4685
902 0 4703 0 0 4703
903 4689 0 1 0 4690
904 0 4713 0 1 4714
905 0 4718 0 1 4719
906 4705 0 3 1 4709
907 0 0 4713 0 4713
908 5 0 4638 1 4644
909 4572 0 2 1 4575
910 0 0 4673 0 4673
911 2 0 4648 0 4650
912 0 0 4626 2 4628
913 4648 0 1 0 4649
914 0 339 0 4284 4623
915 0 338 0 4303 4641
916 4636 0 0 0 4636
917 2 0 4569 0 4571
918 0 4541 0 11 4552
919 4579 0 1 0 4580
920 1 0 0 4564 4565
921 0 1 4540 1 4542
922 4543 0 0 0 4543
923 2 4566 0 0 4568
924 4580 0 1 0 4581
925 1 0 4566 0 4567
926 0 0 0 4507 4507
927 4584 0 0 3 4587
928 4590 0 1 0 4591
929 1 4582 0 1 4584
930 4607 0 2 6 4615
931 0 0 4622 0 4622
932 0 0 4568 0 4568
933 4582 0 0 6 4588
934 2 0 4689 0 4691
935 4706 0 1 1 4708
936 0 4706 0 2 4708
937 4741 0 1 0 4742
938 4720 0 0 0 4720
939 0 5 1 4692 4698
940 4681 0 2 0 4683
941 0 4722 0 1 4723
942 4777 0 1 2 4780
943 4778 0 0 0 4778
944 4743 0 0 0 4743
945 4792 3 0 1 4796
946 2 1 0 4799 4802
947 0 1 4813 0 4814
948 1 0 4806 0 4807
949 4821 0 1 0 4822
950 4821 0 2 0 4823
951 0 0 0 4819 4819
952 4 0 4868 0 4872
953 4879 0 1 0 4880
954 4868 0 0 0 4868
955 0 0 0 4886 4886
956 0 0 4928 0 4928
957 0 0 0 4940 4940
958 0 0 0 4972 4972
959 0 11 0 4989 5000
960 4959 0 43 0 5002
961 4927 0 0 0 4927
962 4875 1 1 0 4877
963 0 4865 0 1 4866
964 0 4851 0 1 4852
965 1 4876 0 0 4877
966 4927 0 1 1 4929
967 4938 0 0 0 4938
968 1 0 4929 0 4930
969 4904 0 0 0 4904
970 4870 0 4 0 4874
971 1 0 0 4839 4840
972 1 4867 0 0 4868
973 0 1 0 4841 4842
974 2 0 0 4842 4844
975 0 0 0 4821 4821
976 0 0 0 4806 4806
977 0 2 1 4792 4795
978 17 1 4730 4 4752
979 27 3 4616 0 4646
980 11 4568 0 11 4590
981 139 4243 128 102 4612
982 4617 0 0 0 4617
983 0 0 0 4596 4596
984 0 0 4554 0 4554
985 4512 0 1 0 4513
986 0 4537 0 0 4537
987 36 2 0 4517 4555
988 1 0 4526 0 4527
989 4485 0 0 0 4485
990 4523 0 0 0 4523
991 4516 1 0 0 4517
992 0 0 4461 0 4461
993 4434 0 6 0 4440
994 4421 0 0 0 4421
995 2 0 0 4404 4406
996 4403 0 0 0 4403
997 4342 0 0 0 4342
998 0 4323 0 0 4323
999 2 4324 0 0 4326
1000 4330 0 0 0 4330
1001 2 0 4302 0 4304
1002 4253 0 0 0 4253
1003 0 0 4184 0 4184
1004 4209 0 0 0 4209
1005 1 4212 0 1 4214
1006 4215 0 2 0 4217
1007 1 0 4161 0 4162
1008 1 4105 0 0 4106
1009 0 4100 0 1 4101
1010 2 4128 0 2 4132
1011 4111 1 3 0 4115
1012 1 0 4131 1 4133
1013 0 1 0 3953 3954
1014 0 0 0 4070 4070
1015 0 0 0 4100 4100
1016 1 0 4058 0 4059
1017 0 0 4011 1 4012
1018 0 0 1 3911 3912
1019 0 0 1 3983 3984
1020 0 3994 0 0 3994
1021 4020 4 0 0 4024
1022 0 0 4016 0 4016
1023 47 0 3941 0 3988
1024 0 0 4057 0 4057
1025 3992 0 4 0 3996
1026 0 19 0 4013 4032
1027 0 1 0 4049 4050
1028 0 0 0 4078 4078
1029 0 5 0 4082 4087
1030 0 5 1 4096 4102
1031 0 0 4069 0 4069
1032 0 16 3 3898 3917
1033 3978 0 1 0 3979
1034 0 0 3979 1 3980
1035 0 0 1 3834 3835
1036 3937 0 0 0 3937
1037 0 2 0 3902 3904
1038 3928 0 2 3 3933
1039 0 0 3850 1 3851
1040 0 3820 0 5 3825
1041 3812 0 9 0 3821
1042 2 3859 0 0 3861
1043 0 3888 0 3 3891
1044 7 0 3866 2 3875
1045 1 0 3855 0 3856
1046 0 0 1 3737 3738
1047 0 3762 0 0 3762
1048 3 3863 0 0 3866
1049 0 0 1 3899 3900
1050 0 0 3910 3 3913
1051 0 0 0 3851 3851
1052 0 0 0 3828 3828
1053 0 3867 0 0 3867
1054 0 0 6 3866 3872
1055 1 3863 1 0 3865
1056 7 3913 0 2 3922
1057 3905 0 3 0 3908
1058 3879 0 1 0 3880
1059 0 8 1 3909 3918
1060 3926 0 0 0 3926
1061 3890 0 3 0 3893
1062 0 0 3886 0 3886
1063 3858 0 0 0 3858
1064 0 0 1 3816 3817
1065 3909 0 1 0 3910
1066 0 1 4007 0 4008
1067 1 3980 0 0 3981
1068 4022 0 5 1 4028
1069 3948 0 1 0 3949
1070 0 0 4016 0 4016
1071 3902 0 1 3 3906
1072 1 0 1 3957 3959
1073 0 1 1 4042 4044
1074 0 0 4029 1 4030
1075 0 0 4002 4 4006
1076 2 0 3994 1 3997
1077 0 0 3976 1 3977
1078 3886 1 0 1 3888
1079 3947 0 0 1 3948
1080 3988 0 0 0 3988
1081 3 0 3961 1 3965
1082 0 0 3921 0 3921
1083 3867 0 17 0 3884
1084 0 0 0 3900 3900
1085 0 0 1 3943 3944
1086 0 0 0 3940 3940
1087 3922 1 1 0 3924
1088 0 1 2 3954 3957
1089 0 0 3934 0 3934
1090 3923 0 0 2 3925
1091 0 0 1 4000 4001
1092 4010 1 0 0 4011
1093 3958 1 0 0 3959
1094 0 3960 0 0 3960
1095 3985 0 0 0 3985
1096 3978 0 0 2 3980
1097 1 0 4063 2 4066
1098 1 4079 0 3 4083
1099 4110 0 0 0 4110
1100 4083 0 2 0 4085
1101 4095 0 0 0 4095
1102 4082 0 0 0 4082
1103 0 4076 0 0 4076
1104 4120 0 1 0 4121
1105 4122 0 0 0 4122
1106 4147 0 0 0 4147
1107 4130 1 0 0 4131
1108 4138 1 0 0 4139
1109 8 0 4041 1 4050
1110 4080 1 0 0 4081
1111 0 4122 0 0 4122
1112 0 0 0 4127 4127
1113 4142 0 2 0 4144
1114 4132 0 0 0 4132
1115 4115 0 0 0 4115
1116 1 0 4060 1 4062
1117 6 1 3973 0 3980
1118 0 4025 0 0 4025
1119 0 2 0 3950 3952
1120 0 4021 0 3 4024
1121 4086 0 2 0 4088
1122 4070 0 1 0 4071
1123 4056 0 0 0 4056
1124 0 0 0 4025 4025
1125 3923 0 0 1 3924
1126 0 4028 0 0 4028
1127 0 4038 0 0 4038
1128 0 0 0 3995 3995
1129 0 0 0 4029 4029
1130 1 0 4005 0 4006
1131 3 11 0 3975 3989
1132 1 3964 0 9 3974
1133 0 4042 0 1 4043
1134 5 0 0 4039 4044
1135 1 0 4050 3 4054
1136 4012 0 1 0 4013
1137 0 4 0 4026 4030
1138 0 4042 0 0 4042
1139 1 0 0 4052 4053
1140 0 0 4083 0 4083
1141 0 1 0 4016 4017
1142 0 1 0 4069 4070
1143 0 25 0 4085 4110
1144 4053 1 19 0 4073
1145 0 0 4056 0 4056
1146 0 7 0 3946 3953
1147 4029 7 0 1 4037
1148 0 2 0 4031 4033
1149 3985 0 1 4 3990
1150 2 3995 0 9 4006
1151 25 3995 0 0 4020
1152 4042 0 0 0 4042
1153 1 0 0 4021 4022
1154 0 2 0 4081 4083
1155 4046 0 1 0 4047
1156 0 0 4063 0 4063
1157 4075 0 0 1 4076
1158 4044 0 3 6 4053
1159 4008 0 1 0 4009
1160 0 0 4048 0 4048
1161 4042 0 0 0 4042
1162 0 0 0 4081 4081
1163 4113 0 0 0 4113
1164 0 1 0 4093 4094
1165 4112 0 2 0 4114
1166 4092 0 0 1 4093
1167 0 1 0 4124 4125
1168 7 0 4150 0 4157
1169 4200 0 1 0 4201
1170 4187 0 5 0 4192
1171 4 3 4205 0 4212
1172 4213 0 0 0 4213
1173 4269 0 0 0 4269
1174 4238 0 2 1 4241
1175 1 4247 0 0 4248
1176 4285 0 0 0 4285
1177 4239 0 0 1 4240
1178 0 0 4227 0 4227
1179 1 0 4167 0 4168
1180 471 0 3882 0 4353
1181 0 4491 0 6 4497
1182 4538 0 10 2 4550
1183 4530 0 0 0 4530
1184 4507 0 3 0 4510
1185 4531 0 0 0 4531
1186 0 0 0 4573 4573
1187 0 0 0 4576 4576
1188 5 0 4587 0 4592
1189 4526 0 7 0 4533
1190 4568 0 0 0 4568
1191 4 0 4559 0 4563
1192 4558 0 1 0 4559
1193 4591 0 0 0 4591
1194 1 0 4571 0 4572
1195 0 4614 0 1 4615
1196 0 0 0 4660 4660
1197 4630 0 23 0 4653
1198 4638 0 0 0 4638
1199 4643 0 0 0 4643
1200 4604 1 0 0 4605
1201 0 4601 0 34 4635
1202 1 4641 0 0 4642
1203 4687 0 0 0 4687
1204 0 2 1 4682 4685
1205 0 0 0 4716 4716
1206 0 4697 0 0 4697
1207 0 1 0 4712 4713
1208 0 0 1 4703 4704
1209 2 4720 1 1 4724
1210 4778 0 0 0 4778
1211 4786 3 0 0 4789
1212 0 0 0 4821 4821
1213 0 0 4804 0 4804
1214 4785 0 3 0 4788
1215 4772 1 2 0 4775
1216 1 0 4772 0 4773
1217 4761 0 0 2 4763
1218 4769 0 0 0 4769
1219 0 0 4767 1 4768
1220 1 0 4749 0 4750
1221 4751 0 10 1 4762
1222 4800 0 0 1 4801
1223 2 4824 0 0 4826
1224 0 2 0 4803 4805
1225 1 0 4798 0 4799
1226 0 4769 0 31 4800
1227 4827 0 0 0 4827
1228 1 0 60 4781 4842
1229 0 4833 0 0 4833
1230 1 2 0 4862 4865
1231 0 266 0 4635 4901
1232 0 2 0 4897 4899
1233 7 0 4892 1 4900
1234 0 7 0 4796 4803
1235 1 4805 0 0 4806
1236 4716 0 0 2 4718
1237 0 4831 0 0 4831
1238 1 4933 0 1 4935
1239 4 2 1 4944 4951
1240 0 0 4995 0 4995
1241 1 0 4974 0 4975
1242 5 0 4975 0 4980
1243 4900 0 1 0 4901
1244 1 0 0 4996 4997
1245 0 0 5030 0 5030
1246 4995 0 0 1 4996
1247 0 1 0 5045 5046
1248 0 0 5052 0 5052
1249 4949 2 0 4 4955
1250 0 6 0 5064 5070
1251 3 0 5079 0 5082
1252 0 1 5147 0 5148
1253 1 0 5136 0 5137
1254 5156 1 31 1 5189
1255 5199 0 0 0 5199
1256 0 0 0 5305 5305
1257 0 0 5411 0 5411
1258 2 0 0 5325 5327
1259 0 2 0 5427 5429
1260 0 1 0 5460 5461
1261 5519 0 1 0 5520
1262 5482 0 0 0 5482
1263 0 0 0 5494 5494
1264 5515 1 0 1 5517
1265 0 0 0 5497 5497
1266 1 0 5491 0 5492
1267 1 5495 1 4 5501
1268 0 1 0 5526 5527
1269 5370 0 170 0 5540
1270 0 0 1 5505 5506
1271 0 5528 0 0 5528
1272 0 2 0 5531 5533
1273 5491 1 0 0 5492
1274 0 5469 0 1 5470
1275 0 5483 0 3 5486
1276 2 0 5477 0 5479
1277 0 0 0 5348 5348
1278 0 0 5518 0 5518
1279 0 0 0 5472 5472
1280 0 2 0 5564 5566
1281 2 0 5546 3 5551
1282 0 0 5533 0 5533
1283 0 0 5536 0 5536
1284 5459 1 0 0 5460
1285 0 0 5546 0 5546
1286 0 0 0 5446 5446
1287 5491 2 1 0 5494
1288 0 0 5496 0 5496
1289 0 5472 0 1 5473
1290 0 2 1 5482 5485
1291 7 0 5425 1 5433
1292 1 5381 0 0 5382
1293 5401 1 1 4 5407
1294 0 5453 0 8 5461
1295 1 0 0 5454 5455
1296 5468 0 27 0 5495
1297 3 0 5465 0 5468
1298 0 0 5469 0 5469
1299 0 30 0 5274 5304
1300 5430 0 1 0 5431
1301 1 0 1 5405 5407
1302 61 5412 0 0 5473
1303 5482 0 0 0 5482
1304 5488 0 21 1 5510
1305 11 0 5474 0 5485
1306 5429 1 1 2 5433
1307 5410 0 2 0 5412
1308 0 5436 0 2 5438
1309 5446 0 0 0 5446
1310 1 0 0 5447 5448
1311 0 1 0 5459 5460
1312 0 0 5408 0 5408
1313 0 0 5368 0 5368
1314 5328 0 0 0 5328
1315 5373 0 0 0 5373
1316 5385 0 1 0 5386
1317 0 5392 0 16 5408
1318 5397 0 1 0 5398
1319 5370 0 0 0 5370
1320 5348 0 0 0 5348
1321 1 0 5314 0 5315
1322 5302 0 0 0 5302
1323 5284 0 1 0 5285
1324 0 3 1 5229 5233
1325 5068 0 1 0 5069
1326 1 5234 0 0 5235
1327 11 5172 0 4 5187
1328 1 0 11 5222 5234
1329 5208 0 0 4 5212
1330 1 0 0 5230 5231
1331 0 0 5216 0 5216
1332 3 0 5177 0 5180
1333 0 0 5176 1 5177
1334 5141 0 0 0 5141
1335 0 11 2 5140 5153
1336 1 0 5130 0 5131
1337 2 0 5123 1 5126
1338 5091 4 1 2 5098
1339 1 5224 0 0 5225
1340 0 1 0 5232 5233
1341 8 0 5207 0 5215
1342 0 5188 0 0 5188
1343 5270 0 0 0 5270
1344 5223 0 1 0 5224
1345 0 0 0 5207 5207
1346 1 5220 0 0 5221
1347 3 0 2 5196 5201
1348 0 0 5 5166 5171
1349 0 5197 0 0 5197
1350 0 0 0 5267 5267
1351 0 0 5274 0 5274
1352 5254 0 0 0 5254
1353 0 0 0 5344 5344
1354 0 0 5331 0 5331
1355 5335 0 0 0 5335
1356 0 1 0 5397 5398
1357 0 0 0 5423 5423
1358 0 0 0 5410 5410
1359 0 1 1 5416 5418
1360 0 0 5303 1 5304
1361 1 5230 0 1 5232
1362 0 1 1 5277 5279
1363 1 4952 0 303 5256
1364 0 4 0 5331 5335
1365 9 0 5275 15 5299
1366 0 0 1 5260 5261
1367 0 1 0 5280 5281
1368 0 4 0 5325 5329
1369 0 0 5333 1 5334
1370 0 1 0 5309 5310
1371 0 4 0 5335 5339
1372 5319 1 0 0 5320
1373 5294 0 0 13 5307
1374 1 0 0 5333 5334
1375 1 0 5288 0 5289
1376 1 5248 0 1 5250
1377 5313 0 0 1 5314
1378 5276 0 2 0 5278
1379 5285 1 0 0 5286
1380 5 0 5290 5 5300
1381 1 0 5255 1 5257
1382 5191 0 0 0 5191
1383 0 0 1 5249 5250
1384 2 0 5267 1 5270
1385 5294 0 2 0 5296
1386 5290 0 0 0 5290
1387 5 0 5354 0 5359
1388 5330 0 3 2 5335
1389 5301 0 0 0 5301
1390 5274 0 0 1 5275
1391 9 5308 0 0 5317
1392 5305 0 0 0 5305
1393 72 0 3 5224 5299
1394 0 1 5310 0 5311
1395 0 3 1 5207 5211
1396 5271 0 2 0 5273
1397 0 1 0 5312 5313
1398 1 0 5314 2 5317
1399 2 0 5307 1 5310
1400 5235 0 1 0 5236
1401 5320 0 0 0 5320
1402 1 0 5367 0 5368
1403 1 1 5448 0 5450
1404 5500 0 0 0 5500
1405 5533 0 1 0 5534
1406 0 0 1 5574 5575
1407 5589 0 0 0 5589
1408 5556 2 0 0 5558
1409 5591 7 2 0 5600
1410 0 5697 0 1 5698
1411 1 0 5617 1 5619
1412 5512 0 3 0 5515
1413 0 5693 0 0 5693
1414 1 5 0 5723 5729
1415 2 0 0 5730 5732
1416 0 0 0 5753 5753
1417 1 0 0 5749 5750
1418 5768 2 0 0 5770
1419 0 5697 0 2 5699
1420 0 5711 0 2 5713
1421 5 0 5714 0 5719
1422 5699 1 3 0 5703
1423 5680 0 5 0 5685
1424 0 5745 0 0 5745
1425 5740 0 0 1 5741
1426 0 0 0 5754 5754
1427 4 0 5748 0 5752
1428 1 5 0 5678 5684
1429 5754 0 0 0 5754
1430 5718 0 1 3 5722
1431 5713 0 0 0 5713
1432 0 1 0 5697 5698
1433 0 2 0 5694 5696
1434 5696 0 0 38 5734
1435 0 0 0 5743 5743
1436 1 3 0 5738 5742
1437 1 0 5717 0 5718
1438 2 0 5695 0 5697
1439 1 0 5674 1 5676
1440 5703 0 0 0 5703
1441 5793 1 1 0 5795
1442 0 0 0 5844 5844
1443 5829 0 0 0 5829
1444 5818 0 0 0 5818
1445 5815 2 1 0 5818
1446 0 5803 0 7 5810
1447 5826 0 1 0 5827
1448 0 0 0 5811 5811
1449 1 0 5769 1 5771
1450 5788 0 2 0 5790
1451 1 0 5778 0 5779
1452 1 5815 0 1 5817
1453 5944 0 0 0 5944
1454 5938 0 0 1 5939
1455 5927 0 0 0 5927
1456 5938 1 0 0 5939
1457 5953 0 1 0 5954
1458 0 0 6022 0 6022
1459 6001 0 1 0 6002
1460 6053 0 1 0 6054
1461 6037 0 0 0 6037
1462 6053 1 0 1 6055
1463 3 0 6104 0 6107
1464 0 6 0 5935 5941
1465 0 2 0 6122 6124
1466 6112 0 0 0 6112
1467 0 6162 0 0 6162
1468 0 0 0 6169 6169
1469 0 0 6160 0 6160
1470 1 1 1 6052 6055
1471 6136 0 0 0 6136
1472 6126 0 2 0 6128
1473 0 1 0 6173 6174
1474 1 0 6134 0 6135
1475 6030 0 4 1 6035
1476 1 0 6067 5 6073
1477 6021 0 0 0 6021
1478 1 6261 0 0 6262
1479 0 4 3 6367 6374
1480 1 0 6350 3 6354
1481 0 0 6408 1 6409
1482 6346 0 8 1 6355
1483 6407 0 2 0 6409
1484 0 1 1 6514 6516
1485 0 0 6586 4 6590
1486 0 2 0 6574 6576
1487 0 3 0 6676 6679
1488 0 3 0 6711 6714
1489 1 0 6637 1 6639
1490 6685 0 0 0 6685
1491 6663 0 1 0 6664
1492 0 4 0 6716 6720
1493 0 1 0 6764 6765
1494 0 6 0 6771 6777
1495 6763 0 1 1 6765
1496 0 6783 0 2 6785
1497 6800 0 2 0 6802
1498 6800 0 2 2 6804
1499 0 0 6774 0 6774
1500 0 6747 0 0 6747
1501 6819 1 1 0 6821
1502 0 0 0 6849 6849
1503 0 0 6831 0 6831
1504 2 1 0 6781 6784
1505 0 1 0 6831 6832
1506 2 6779 0 0 6781
1507 1 0 0 6804 6805
1508 6759 0 0 0 6759
1509 0 6808 0 1 6809
1510 6804 0 1 0 6805
1511 0 0 6817 1 6818
1512 6730 2 1 0 6733
1513 0 0 6783 0 6783
1514 6722 0 1 0 6723
1515 0 5 1 6783 6789
1516 5 0 6763 1 6769
1517 1 0 6739 2 6742
1518 6649 2 1 0 6652
1519 1 0 0 6802 6803
1520 0 2 0 6894 6896
1521 1 1 0 6926 6928
1522 0 0 6911 0 6911
1523 0 1 0 6811 6812
1524 6918 0 1 1 6920
1525 1 1 0 6911 6913
1526 1 6898 0 0 6899
1527 1 9 0 6940 6950
1528 6968 0 1 0 6969
1529 6904 1 0 0 6905
1530 0 2 0 6971 6973
1531 0 0 0 6975 6975
1532 0 0 0 6959 6959
1533 0 2 0 6977 6979
1534 3 0 6916 4 6923
1535 0 6913 3 3 6919
1536 6940 1 0 0 6941
1537 6911 2 0 0 6913
1538 1 0 1 6989 6991
1539 1 0 6983 1 6985
1540 1 0 6948 0 6949
1541 6983 0 0 0 6983
1542 6972 0 2 0 6974
1543 2141 4821 1 2 6965
1544 0 0 0 6921 6921
1545 3 6881 0 1 6885
1546 0 6876 0 0 6876
1547 0 6920 0 0 6920
1548 5 0 0 6914 6919
1549 5 1 0 6884 6890
1550 4 6933 0 1 6938
1551 76 1 6866 0 6943
1552 0 0 0 6903 6903
1553 0 4 0 6950 6954
1554 0 1 0 7024 7025
1555 4 0 6904 0 6908
1556 1 6 6755 0 6762
1557 0 0 6753 8 6761
1558 0 0 6847 1 6848
1559 0 8 0 6809 6817
1560 2 0 0 6899 6901
1561 5 0 6929 0 6934
1562 0 6903 0 0 6903
1563 0 3 0 7033 7036
1564 2 0 6967 0 6969
1565 1 0 6963 0 6964
1566 6904 0 4 0 6908
1567 0 0 6998 0 6998
1568 0 1 0 6902 6903
1569 7027 0 23 0 7050
1570 7067 0 0 2 7069
1571 7077 0 2 0 7079
1572 0 44 0 7021 7065
1573 2 0 7060 1 7063
1574 7130 0 2 0 7132
1575 7058 0 0 0 7058
1576 0 2 0 7071 7073
1577 0 7092 0 1 7093
1578 7153 0 1 0 7154
1579 2 0 7142 0 7144
1580 0 7203 0 2 7205
1581 7282 16 0 0 7298
1582 1 0 7314 0 7315
1583 7296 0 0 0 7296
1584 0 0 0 7309 7309
1585 7368 0 2 11 7381
1586 3 8 0 7378 7389
1587 1 0 7371 6 7378
1588 3 0 7264 2 7269
1589 0 7277 0 2 7279
1590 7341 0 1 1 7343
1591 7300 0 3 0 7303
1592 0 0 0 7412 7412
1593 7386 0 2 1 7389
1594 0 0 7441 2 7443
1595 1 0 7397 0 7398
1596 7349 2 1 0 7352
1597 7360 0 7 1 7368
1598 0 8 0 7396 7404
1599 10 0 7380 0 7390
1600 7378 0 2 0 7380
1601 3 7450 0 0 7453
1602 7501 0 2 2 7505
1603 7441 1 1 1 7444
1604 1 5 0 7464 7470
1605 7479 3 0 0 7482
1606 7436 0 0 1 7437
1607 0 7 0 7487 7494
1608 7565 0 0 0 7565
1609 7565 0 1 1 7567
1610 7536 1 1 0 7538
1611 8 0 7468 1 7477
1612 7498 0 3 0 7501
1613 7483 0 0 1 7484
1614 0 7532 0 0 7532
1615 7550 1 3 0 7554
1616 7519 0 0 3 7522
1617 0 7549 0 0 7549
1618 7552 0 0 0 7552
1619 3 7 0 7502 7512
1620 4 0 7546 4 7554
1621 7509 0 0 0 7509
1622 1 1 1 7485 7488
1623 1 7625 0 0 7626
1624 7746 0 1 1 7748
1625 7657 1 2 1 7661
1626 1 7673 0 8 7682
1627 7783 0 0 2 7785
1628 7714 0 1 5 7720
1629 0 1 0 7648 7649
1630 0 0 7727 1 7728
1631 1 0 7639 0 7640
1632 7663 1 11 1 7676
1633 7689 0 0 1 7690
1634 1 13 0 7629 7643
1635 1 1 7637 0 7639
1636 2 0 7525 2 7529
1637 0 1 7510 1 7512
1638 2 2 0 7487 7491
1639 0 7484 0 2 7486
1640 0 7550 0 2 7552
1641 7555 1 41 0 7597
1642 4 0 7530 0 7534
1643 0 7556 0 4 7560
1644 7670 0 1 0 7671
1645 7608 0 1 0 7609
1646 0 7573 0 0 7573
1647 7601 0 1 0 7602
1648 14 0 7478 16 7508
1649 0 7467 0 1 7468
1650 7543 0 0 0 7543
1651 0 7595 0 1 7596
1652 7655 0 1 0 7656
1653 7634 0 1 1 7636
1654 7550 0 0 0 7550
1655 2 7549 0 20 7571
1656 7546 0 1 0 7547
1657 2 0 7431 4 7437
1658 0 7333 0 0 7333
1659 0 7282 0 67 7349
1660 7324 0 2 2 7328
1661 0 1 0 7221 7222
1662 7174 4 0 2 7180
1663 2 7205 0 1 7208
1664 7236 0 0 1 7237
1665 3 0 7123 1 7127
1666 0 7060 0 0 7060
1667 0 4 0 7032 7036
1668 7115 0 4 0 7119
1669 0 10 1 7063 7074
1670 0 4 0 7059 7063
1671 33 6979 0 11 7023
1672 7058 1 0 1 7060
1673 0 22 0 6991 7013
1674 7013 1 0 0 7014
1675 2 0 6907 1 6910
1676 0 6844 2 1 6847
1677 4 611 0 6263 6878
1678 2 0 6878 2 6882
1679 6764 0 0 0 6764
1680 0 68 7 6655 6730
1681 2 0 0 6724 6726
1682 6748 0 1 0 6749
1683 2 1 0 6677 6680
1684 6667 0 2 0 6669
1685 0 0 6637 1 6638
1686 6539 0 0 0 6539
1687 0 5 0 6466 6471
1688 6399 0 0 0 6399
1689 0 6384 0 2 6386
1690 6325 0 0 0 6325
1691 1 6331 0 3 6335
1692 0 6360 0 1 6361
1693 0 2 8 6290 6300
1694 6318 0 2 0 6320
1695 1 6382 0 0 6383
1696 6440 0 0 0 6440
1697 6387 0 0 0 6387
1698 6311 0 0 0 6311
1699 0 3 1 6235 6239
1700 2 0 6250 0 6252
1701 1 6095 0 1 6097
1702 0 6136 0 0 6136
1703 6074 0 7 0 6081
1704 0 6017 0 2 6019
1705 6053 1 1 0 6055
1706 2 0 6040 0 6042
1707 43 0 5904 0 5947
1708 0 0 6169 0 6169
1709 0 1 6199 0 6200
1710 6132 0 8 35 6175
1711 0 0 6203 0 6203
1712 6141 4 0 0 6145
1713 0 26 0 6158 6184
1714 0 0 0 6163 6163
1715 0 6092 0 1 6093
1716 3 6141 0 1 6145
1717 6223 1 0 0 6224
1718 6138 0 0 0 6138
1719 6110 0 1 0 6111
1720 0 0 6202 1 6203
1721 0 0 0 5854 5854
1722 6157 1 1 0 6159
1723 3 0 6224 0 6227
1724 6130 0 1 0 6131
1725 6164 1 0 0 6165
1726 4 0 6196 0 6200
1727 0 0 6134 0 6134
1728 6111 0 11 0 6122
1729 6179 0 0 0 6179
1730 6202 0 2 0 6204
1731 30 0 6170 0 6200
1732 6208 0 1 0 6209
1733 2 0 6223 0 6225
1734 6246 0 0 0 6246
1735 6179 1 0 0 6180
1736 1 1 1 6271 6274
1737 2 0 6304 0 6306
1738 6289 0 0 0 6289
1739 6193 13 134 0 6340
1740 6337 0 3 0 6340
1741 6315 4 0 0 6319
1742 2 1 0 6226 6229
1743 43 6265 0 1 6309
1744 6325 0 2 6 6333
1745 0 0 1 6288 6289
1746 6329 0 0 0 6329
1747 6288 0 0 0 6288
1748 6247 5 0 2 6254
1749 8 0 6275 0 6283
1750 0 0 6155 0 6155
1751 6190 0 0 0 6190
1752 2 0 6262 0 6264
1753 1 0 0 6097 6098
1754 0 1 0 6191 6192
1755 6232 3 4 2 6241
1756 0 2 0 6231 6233
1757 1 0 6245 0 6246
1758 1 0 6348 0 6349
1759 1 1 6420 0 6422
1760 6572 0 11 0 6583
1761 6681 0 0 0 6681
1762 6570 64 0 0 6634
1763 6127 488 1 0 6616
1764 9 6634 0 1 6644
1765 6601 0 2 0 6603
1766 0 6695 2 0 6697
1767 3 0 0 6744 6747
1768 6751 0 0 0 6751
1769 6600 1 64 0 6665
1770 6685 0 0 0 6685
1771 0 0 6780 0 6780
1772 0 0 6775 0 6775
1773 6770 1 0 2 6773
1774 6847 0 1 0 6848
1775 0 0 6885 0 6885
1776 6828 0 0 2 6830
1777 0 0 6932 4 6936
1778 6898 0 0 2 6900
1779 0 0 0 6877 6877
1780 2 0 6914 0 6916
1781 1 0 6895 0 6896
1782 0 1 0 6710 6711
1783 3 6779 0 71 6853
1784 0 24 0 6922 6946
1785 7000 0 0 0 7000
1786 1 1 0 7028 7030
1787 0 1 0 6998 6999
1788 6996 0 0 0 6996
1789 1 0 6975 3 6979
1790 0 2 0 6775 6777
1791 6942 0 0 0 6942
1792 0 0 6896 0 6896
1793 2 6871 1 3 6877
1794 6989 0 1 7 6997
1795 11 0 6992 1 7004
1796 6947 0 3 0 6950
1797 0 0 1 6963 6964
1798 1 0 6926 0 6927
1799 0 0 6909 13 6922
1800 1 1 0 6692 6694
1801 3 0 6881 1 6885
1802 1 0 6839 0 6840
1803 0 1 6866 0 6867
1804 1 6811 2 8 6822
1805 5 6948 0 2 6955
1806 0 7174 0 2 7176
1807 7358 0 11 2 7371
1808 7287 9 0 0 7296
1809 0 7329 0 1 7330
1810 7410 1 0 0 7411
1811 0 2 0 7425 7427
1812 0 0 1 7510 7511
1813 0 0 0 7586 7586
1814 7523 1 1 0 7525
1815 0 7508 3 5 7516
1816 7602 0 3 0 7605
1817 7605 0 0 0 7605
1818 0 6 0 7576 7582
1819 0 3 0 7583 7586
1820 0 0 0 7675 7675
1821 2 1 7657 6 7666
1822 7624 0 6 1 7631
1823 14 1 7687 0 7702
1824 7597 0 12 0 7609
1825 7694 1 0 0 7695
1826 7604 27 3 1 7635
1827 4 7739 0 0 7743
1828 0 0 0 7691 7691
1829 0 2 1 7751 7754
1830 0 0 7713 0 7713
1831 5 7717 0 1 7723
1832 7729 0 1 2 7732
1833 1 1 2 7697 7701
1834 7685 0 0 0 7685
1835 0 3 5 7566 7574
1836 0 7628 0 2 7630
1837 1 7618 0 9 7628
1838 1 7677 0 0 7678
1839 7648 5 3 0 7656
1840 5 0 7612 1 7618
1841 7519 0 0 0 7519
1842 7482 1 4 0 7487
1843 7505 1 1 1 7508
1844 0 3 0 7526 7529
1845 7564 0 0 0 7564
1846 0 0 7538 1 7539
1847 0 1 0 7180 7181
1848 7493 0 1 0 7494
1849 0 0 0 7495 7495
1850 1 1 0 7546 7548
1851 3 1 7466 0 7470
1852 7431 1 0 0 7432
1853 7463 1 3 0 7467
1854 0 0 7538 0 7538
1855 0 9 1 7359 7369
1856 7525 0 0 0 7525
1857 1 6 0 7554 7561
1858 7498 0 57 0 7555
1859 7527 0 0 0 7527
1860 1 2 0 7486 7489
1861 1 7498 0 0 7499
1862 4 0 0 7537 7541
1863 7618 0 0 0 7618
1864 7516 0 11 0 7527
1865 0 1 0 7538 7539
1866 8 0 7508 0 7516
1867 2 0 7417 0 7419
1868 7404 0 1 0 7405
1869 1 7425 0 2 7428
1870 0 7477 0 1 7478
1871 2 7560 0 3 7565
1872 0 4 3 7604 7611
1873 6 2 7623 1 7632
1874 7624 0 0 0 7624
1875 7662 0 4 1 7667
1876 1 1 0 7715 7717
1877 7662 0 0 1 7663
1878 3 7736 0 0 7739
1879 7761 0 0 0 7761
1880 7723 0 0 0 7723
1881 7654 8 0 4 7666
1882 3 1 7603 0 7607
1883 1 1 7581 4 7587
1884 0 0 7539 0 7539
1885 0 7664 3 1 7668
1886 4 0 7763 0 7767
1887 0 0 7865 0 7865
1888 0 1 0 7621 7622
1889 1 0 0 7907 7908
1890 7932 1 1 1 7935
1891 1 8076 0 1 8078
1892 0 1 0 8139 8140
1893 0 16 0 8129 8145
1894 1 8124 0 2 8127
1895 8172 1 1 0 8174
1896 0 0 0 8079 8079
1897 1 8090 0 16 8107
1898 3 8239 0 0 8242
1899 2 2 0 8192 8196
1900 2 8244 0 3 8249
1901 8337 0 5 0 8342
1902 8130 0 184 22 8336
1903 8141 0 248 1 8390
1904 8325 0 0 0 8325
1905 0 1 0 8234 8235
1906 0 8215 0 0 8215
1907 0 8218 0 0 8218
1908 7 8220 0 53 8280
1909 3 4 0 8220 8227
1910 0 5 0 8241 8246
1911 0 0 0 8263 8263
1912 1 1 8234 0 8236
1913 1 1 0 8147 8149
1914 15 1 8214 9 8239
1915 1 0 8333 0 8334
1916 0 0 8352 0 8352
1917 8331 0 2 0 8333
1918 0 8452 0 6 8458
1919 8451 1 8 1 8461
1920 0 0 0 8514 8514
1921 4 9 0 8587 8600
1922 2 2 0 8624 8628
1923 269 0 8304 0 8573
1924 0 1 0 8461 8462
1925 1 8586 0 4 8591
1926 0 46 0 8892 8938
1927 8835 1 4 0 8840
1928 0 0 0 8909 8909
1929 0 0 0 8979 8979
1930 2 0 8895 0 8897
1931 8783 3 12 4 8802
1932 497 0 8408 3 8908
1933 0 3 8811 3 8817
1934 3 0 8841 0 8844
1935 0 8978 0 4 8982
1936 8998 9 2 1 9010
1937 2 1 0 9015 9018
1938 2 9081 1 1 9085
1939 9268 0 0 7 9275
1940 9284 0 2 0 9286
1941 9230 1 0 0 9231
1942 11 0 9136 0 9147
1943 9049 0 1 0 9050
1944 0 0 9466 0 9466
1945 0 1 9413 0 9414
1946 1 9475 0 3 9479
1947 9547 0 3 8 9558
1948 0 0 9528 0 9528
1949 9572 1 1 0 9574
1950 3 9654 0 1 9658
1951 9706 0 3 2 9711
1952 0 3 0 9763 9766
1953 9772 1 2 0 9775
1954 9724 0 0 0 9724
1955 1 9742 0 3 9746
1956 0 0 0 9616 9616
1957 1 9746 0 0 9747
1958 4 9838 0 0 9842
1959 9803 0 4 0 9807
1960 0 0 9660 0 9660
1961 0 9712 0 1 9713
1962 9807 0 1 0 9808
1963 0 9801 0 2 9803
1964 9851 0 3 1 9855
1965 1 0 1 9824 9826
1966 0 1 9766 0 9767
1967 4 0 9728 0 9732
1968 1 2 0 9585 9588
1969 1 9617 0 31 9649
1970 1 9769 0 2 9772
1971 9781 0 0 0 9781
1972 2 0 9867 0 9869
1973 1 0 0 9803 9804
1974 9897 0 1 0 9898
1975 9968 0 0 0 9968
1976 9944 0 5 0 9949
1977 3 1 9922 0 9926
1978 9880 0 1 1 9882
1979 9971 0 0 1 9972
1980 10029 0 6 0 10035
1981 9991 0 0 1 9992
1982 2 1 0 9927 9930
1983 61 0 9805 2 9868
1984 0 0 9803 0 9803
1985 9827 0 3 1 9831
1986 1 9867 0 9 9877
1987 0 0 0 9890 9890
1988 9874 0 2 0 9876
1989 0 9862 1 9 9872
1990 5 0 9928 0 9933
1991 9835 3 0 1 9839
1992 3 2 1 9725 9731
1993 1 0 9721 0 9722
1994 0 9766 0 3 9769
1995 34 0 9761 12 9807
1996 2 0 9788 0 9790
1997 1 1 0 9198 9200
1998 123 0 9397 1 9521
1999 0 0 0 9874 9874
2000 1 10149 0 1 10151
2001 0 2 1 10220 10223
2002 5 0 10359 0 10364
2003 6 0 10265 1 10272
2004 10177 5 12 0 10194
2005 10316 1 2 0 10319
2006 0 10372 0 0 10372
2007 3 1 0 10335 10339
2008 1 10383 0 1 10385
2009 10434 0 0 1 10435
2010 0 0 2 10486 10488
2011 10391 0 3 3 10397
2012 0 0 10421 2 10423
2013 0 10 0 10171 10181
2014 0 12 2 10400 10414
2015 1 0 10373 0 10374
2016 1 0 10354 0 10355
2017 10202 0 91 0 10293
2018 3 0 10346 0 10349
2019 10307 0 1 0 10308
2020 10331 0 0 0 10331
2021 8 10287 0 1 10296
2022 4 10330 0 0 10334
2023 10396 2 1 0 10399
2024 10356 0 0 0 10356
2025 10338 2 2 1 10343
2026 10363 0 4 0 10367
2027 0 0 10212 0 10212
2028 10257 0 0 2 10259
2029 10270 0 1 0 10271
2030 10210 0 0 0 10210
2031 2 10279 0 14 10295
2032 10296 4 0 0 10300
2033 0 0 10158 3 10161
2034 10078 1 2 0 10081
2035 0 0 0 10016 10016
2036 0 10112 0 2 10114
2037 0 0 0 10134 10134
2038 10150 0 0 0 10150
2039 0 1 0 10141 10142
2040 10128 0 1 0 10129
2041 2 10161 0 0 10163
2042 0 0 0 10172 10172
2043 10105 0 98 0 10203
2044 10109 0 0 3 10112
2045 10048 2 6 0 10056
2046 5 10055 0 50 10110
2047 9990 0 2 0 9992
2048 0 10174 0 0 10174
2049 8 2 1 10108 10119
2050 11 0 10072 0 10083
2051 9979 0 2 1 9982
2052 1 3 0 10013 10017
2053 0 10038 0 0 10038
2054 10041 0 8 2 10051
2055 2 0 10051 0 10053
2056 9961 0 3 0 9964
2057 0 0 10013 1 10014
2058 3 0 9857 0 9860
2059 9954 0 0 1 9955
2060 10009 0 0 1 10010
2061 0 10022 0 1 10023
2062 10167 0 1 1 10169
2063 1 4 6 10203 10214
2064 1 0 10205 3 10209
2065 10101 0 0 1 10102
2066 0 0 1 10164 10165
2067 1 0 2 10252 10255
2068 1 10301 0 1 10303
2069 0 2 0 10288 10290
2070 0 0 1 10454 10455
2071 9 1 10405 0 10415
2072 10293 0 1 0 10294
2073 1 0 10309 3 10313
2074 1 0 10280 0 10281
2075 10329 0 1 0 10330
2076 10384 0 28 1 10413
2077 0 10356 0 3 10359
2078 10499 1 2 2 10504
2079 10496 0 1 1 10498
2080 0 1 0 10471 10472
2081 0 0 10352 0 10352
2082 10 10289 0 1 10300
2083 0 1 0 10403 10404
2084 10390 0 1 0 10391
2085 2 10379 0 18 10399
2086 6 0 10512 2 10520
2087 3 10552 0 11 10566
2088 0 0 0 10755 10755
2089 10796 1 14 0 10811
2090 10756 0 0 0 10756
2091 10763 0 2 0 10765
2092 4 2 2 10881 10889
2093 0 0 10873 0 10873
2094 0 0 0 10794 10794
2095 0 2 0 10918 10920
2096 6 0 10934 2 10942
2097 0 10766 0 2 10768
2098 10828 0 1 1 10830
2099 10687 0 1 1 10689
2100 1 10728 0 2 10731
2101 1 10740 0 0 10741
2102 1 9 1 10826 10837
2103 10758 0 0 1 10759
2104 0 2 1 10711 10714
2105 0 3 0 11122 11125
2106 0 1 0 11136 11137
2107 0 12 10932 0 10944
2108 10820 0 6 6 10832
2109 15 0 10761 7 10783
2110 3 0 10651 2 10656
2111 0 10480 0 8 10488
2112 2 10793 0 0 10795
2113 0 0 0 11040 11040
2114 5 0 10967 1 10973
2115 0 8 1 10909 10918
2116 3 0 0 11054 11057
2117 0 0 0 11065 11065
2118 0 1 0 11123 11124
2119 11103 0 3 1 11107
2120 11018 0 7 1 11026
2121 7 10965 0 1 10973
2122 10894 0 2 1 10897
2123 1 0 10726 0 10727
2124 0 5 0 10451 10456
2125 5 0 10609 0 10614
2126 0 10643 0 3 10646
2127 10714 0 4 0 10718
2128 2 0 0 10695 10697
2129 8 10708 3 0 10719
2130 10744 0 1 1 10746
2131 1 0 0 10687 10688
2132 10697 0 4 0 10701
2133 2 10698 0 1 10701
2134 10760 0 4 0 10764
2135 1 0 10754 0 10755
2136 0 0 10666 0 10666
2137 10654 1 0 0 10655
2138 10615 0 1 0 10616
2139 2 0 10480 0 10482
2140 0 10345 0 1 10346
2141 1 10429 0 2 10432
2142 10528 0 88 0 10616
2143 6 0 10532 0 10538
2144 1 3 0 10274 10278
2145 3 0 10307 0 10310
2146 2 0 10293 0 10295
2147 0 0 10307 0 10307
2148 0 7 0 10249 10256
2149 2 10241 0 1 10244
2150 10370 0 10 0 10380
2151 10320 0 2 0 10322
2152 1 10338 0 0 10339
2153 10369 0 5 1 10375
2154 2 0 0 10302 10304
2155 10348 0 1 0 10349
2156 9 0 10227 0 10236
2157 1 10213 0 1 10215
2158 10199 0 0 0 10199
2159 0 3 0 10196 10199
2160 3 0 10123 0 10126
2161 65 9945 0 1 10011
2162 0 0 0 10086 10086
2163 1 0 0 10126 10127
2164 1 0 10015 0 10016
2165 10019 0 2 1 10022
2166 0 0 9909 1 9910
2167 0 0 9833 1 9834
2168 1 9734 0 1 9736
2169 3 0 0 9827 9830
2170 9821 0 0 1 9822
2171 7 3 1 9746 9757
2172 1 0 9596 0 9597
2173 5 0 9447 1 9453
2174 0 9216 1 3 9220
2175 2 9116 0 32 9150
2176 5 9248 0 43 9296
2177 9348 0 1 2 9351
2178 0 9369 0 3 9372
2179 9392 0 2 1 9395
2180 1 0 9449 0 9450
2181 9316 1 1 1 9319
2182 0 2 0 9379 9381
2183 2 2 0 9414 9418
2184 9414 1 1 0 9416
2185 9366 1 2 0 9369
2186 2 0 9339 0 9341
2187 9288 0 4 0 9292
2188 9226 0 1 0 9227
2189 0 0 0 9190 9190
2190 0 1 9181 5 9187
2191 0 0 9138 3 9141
2192 9083 0 1 1 9085
2193 1 0 0 9011 9012
2194 16 0 8892 2 8910
2195 22 8845 0 2 8869
2196 8876 0 21 0 8897
2197 0 8959 1 3 8963
2198 3 0 8968 4 8975
2199 8824 0 3 0 8827
2200 0 0 0 8753 8753
2201 0 0 0 8727 8727
2202 8710 0 0 0 8710
2203 1 0 8712 0 8713
2204 8627 0 0 0 8627
2205 1 12 0 8543 8556
2206 1 11 2 8609 8623
2207 8607 0 0 0 8607
2208 0 1 0 8521 8522
2209 1 0 8546 0 8547
2210 8468 1 0 0 8469
2211 8393 0 0 0 8393
2212 0 0 1 8282 8283
2213 0 8350 0 11 8361
2214 8336 0 7 1 8344
2215 0 0 8388 1 8389
2216 1 0 8343 2 8346
2217 1 0 8351 0 8352
2218 8199 1 0 9 8209
2219 0 0 8366 0 8366
2220 8353 0 1 0 8354
2221 8341 0 0 0 8341
2222 0 0 1 8323 8324
2223 0 0 8334 0 8334
2224 0 0 0 8122 8122
2225 2 8135 0 0 8137
2226 8154 0 0 0 8154
2227 8090 0 2 1 8093
2228 8102 0 1 0 8103
2229 11 0 8086 12 8109
2230 497 0 7551 0 8048
2231 8101 0 0 1 8102
2232 0 0 0 8088 8088
2233 1 0 8113 0 8114
2234 8084 0 3 0 8087
2235 1 0 1 8006 8008
2236 0 1 0 8063 8064
2237 1 0 1 7992 7994
2238 0 1 0 8080 8081
2239 0 0 8058 1 8059
2240 7997 0 0 0 7997
2241 0 0 7964 0 7964
2242 7947 0 1 0 7948
2243 7908 0 1 1 7910
2244 7874 0 0 0 7874
2245 2 0 7828 0 7830
2246 0 7733 1 0 7734
2247 7768 0 3 0 7771
2248 7637 0 1 0 7638
2249 0 4 0 7670 7674
2250 0 0 7645 0 7645
2251 0 0 7541 0 7541
2252 1 7382 0 1 7384
2253 0 1 0 7403 7404
2254 0 7346 0 1 7347
2255 6927 0 1 3 6931
2256 4 7342 0 0 7346
2257 0 7392 0 6 7398
2258 1 1 0 7398 7400
2259 0 20 0 7446 7466
2260 3 0 7428 4 7435
2261 1 0 7431 0 7432
2262 0 3 0 7133 7136
2263 0 0 7332 0 7332
2264 7164 0 10 0 7174
2265 0 0 7370 0 7370
2266 7243 3 0 0 7246
2267 0 0 0 7318 7318
2268 0 0 1 7369 7370
2269 0 0 7318 2 7320
2270 1 0 7247 2 7250
2271 83 0 7168 8 7259
2272 1 1 0 7060 7062
2273 7067 0 1 0 7068
2274 0 7042 0 0 7042
2275 7154 0 3 0 7157
2276 0 16 1 7102 7119
2277 7135 0 0 0 7135
2278 0 1 2 7041 7044
2279 7037 0 1 0 7038
2280 7011 0 0 0 7011
2281 0 0 6874 0 6874
2282 0 6688 0 0 6688
2283 0 3 0 6564 6567
2284 0 2 1 6531 6534
2285 2 6678 0 1 6681
2286 1 0 6644 0 6645
2287 6507 0 0 0 6507
2288 6444 0 3 1 6448
2289 4 5 6397 0 6406
2290 6350 0 0 1 6351
2291 0 0 0 6295 6295
2292 0 0 6345 0 6345
2293 0 6 0 6091 6097
2294 0 0 0 6228 6228
2295 0 1 0 6298 6299
2296 6144 0 3 0 6147
2297 0 0 0 5956 5956
2298 0 0 5868 0 5868
2299 1 0 5689 1 5691
2300 21 0 5661 1 5683
2301 20 0 5654 0 5674
2302 0 1 1 5665 5667
2303 0 6 0 5700 5706
2304 5653 0 0 0 5653
2305 1 0 0 5600 5601
2306 0 0 0 5617 5617
2307 0 1 5333 0 5334
2308 0 0 5018 1 5019
2309 0 0 0 4884 4884
2310 1 4832 0 0 4833
2311 4569 0 265 0 4834
2312 0 0 0 4723 4723
2313 0 4713 0 0 4713
2314 4678 0 0 0 4678
2315 4 0 1 4518 4523
2316 0 2 0 4436 4438
2317 0 1 4363 2 4366
2318 4243 0 8 1 4252
2319 4182 0 1 0 4183
2320 2 1 0 4135 4138
2321 3874 0 2 0 3876
2322 145 3770 0 9 3924
2323 3905 1 1 3 3910
2324 0 1 0 3869 3870
2325 0 0 3744 0 3744
2326 0 3566 0 2 3568
2327 0 0 3562 0 3562
2328 3348 0 1 0 3349
2329 0 124 1 3149 3274
2330 3179 0 3 0 3182
2331 0 3188 0 9 3197
2332 3099 0 12 0 3111
2333 2 3120 36 0 3158
2334 3174 0 1 0 3175
2335 3129 0 0 0 3129
2336 3077 0 0 0 3077
2337 0 0 0 2940 2940
2338 4 0 2856 0 2860
2339 2771 0 0 0 2771
2340 0 0 0 2761 2761
2341 0 2 0 2758 2760
2342 2684 1 0 0 2685
2343 2590 0 0 0 2590
2344 2558 0 0 0 2558
2345 2492 0 0 0 2492
2346 1 1 0 2121 2123
2347 0 0 1805 0 1805
2348 1809 0 0 0 1809
2349 1732 0 0 0 1732
2350 1678 0 0 0 1678
2351 1475 0 0 0 1475
2352 1333 0 0 0 1333
2353 1243 0 0 0 1243
2354 2 0 1106 0 1108
2355 0 0 177 0 177
2356 0 160 0 0 160
2357 0 0 0 137 137
2358 0 141 0 0 141
2359 1 0 140 0 141
2360 0 0 0 123 123
2361 0 0 122 0 122
2362 0 0 4 119 123
2363 0 0 0 118 118
2364 0 0 0 118 118
2365 0 117 0 0 117
2366 0 0 0 80 80
2367 28 0 0 0 28
2368 0 24 0 0 24
2369 0 0 0 18 18
2370 0 0 0 6 6
