0 0 0 0 0 0
1 21 2 0 2 25
2 0 0 45 0 45
3 0 53 0 0 53
4 58 0 1 2 61
5 0 0 62 0 62
6 64 0 0 0 64
7 67 9 0 6 82
8 12 5 91 0 108
9 0 187 0 6 193
10 0 3 272 5 280
11 2 4 332 0 338
12 298 12 62 8 380
13 3 0 399 1 403
14 0 405 1 5 411
15 0 787 1 12 800
16 0 0 1 1026 1027
17 0 0 0 1074 1074
18 0 0 0 1092 1092
19 1107 0 1 0 1108
20 1110 0 0 0 1110
21 0 0 1377 0 1377
22 1376 0 2 0 1378
23 0 0 0 1601 1601
24 0 0 1653 0 1653
25 1666 0 0 0 1666
26 1702 0 0 1 1703
27 0 16 0 2000 2016
28 2211 1 0 1 2213
29 0 0 0 2397 2397
30 2433 0 1 0 2434
31 2427 0 0 0 2427
32 2459 0 0 0 2459
33 0 2 0 2529 2531
34 1 2543 0 0 2544
35 0 3182 0 0 3182
36 0 0 0 3294 3294
37 0 0 0 3558 3558
38 3840 0 0 0 3840
39 1 130 0 3933 4064
40 0 2 0 4288 4290
41 0 2 0 4363 4365
42 0 2 0 4466 4468
43 3 4485 2 3 4493
44 0 0 0 4522 4522
45 1 4563 0 4 4568
46 0 23 0 4529 4552
47 0 3 2 4623 4628
48 0 4719 0 0 4719
49 4732 1 5 0 4738
50 0 0 0 4765 4765
51 4760 0 2 0 4762
52 3 0 4724 1 4728
53 4718 0 0 2 4720
54 1 0 1 4758 4760
55 0 4 4751 0 4755
56 0 1 1 4706 4708
57 7 0 4685 0 4692
58 1 4820 0 10 4831
59 1 4850 0 2 4853
60 2 4900 0 1 4903
61 28 1 4875 1 4905
62 0 0 0 4859 4859
63 4918 0 0 3 4921
64 0 4986 0 0 4986
65 4962 0 0 0 4962
66 0 0 4955 1 4956
67 1 0 4895 0 4896
68 1 4993 0 1 4995
69 5085 1 8 0 5094
70 1 0 5121 0 5122
71 0 5142 0 2 5144
72 5304 0 1 0 5305
73 5354 1 7 2 5364
74 2 1 0 5407 5410
75 0 31 0 5409 5440
76 1 7 0 5448 5456
77 1 5544 0 1 5546
78 5539 0 0 0 5539
79 5531 0 0 3 5534
80 0 5599 0 3 5602
81 5631 0 0 0 5631
82 5527 0 1 0 5528
83 0 5575 0 0 5575
84 5571 0 1 3 5575
85 0 1 0 5604 5605
86 0 0 0 5588 5588
87 2 5619 1 1 5623
88 6 5571 0 1 5578
89 2 5635 0 0 5637
90 5636 0 5 2 5643
91 0 5 0 5675 5680
92 5648 0 2 0 5650
93 4 5702 0 0 5706
94 5686 0 4 0 5690
95 0 5792 0 3 5795
96 0 4 0 5791 5795
97 0 0 5826 0 5826
98 3 3 5780 0 5786
99 1 0 0 5827 5828
100 1 1 5961 1 5964
101 0 0 1 5941 5942
102 2 17 1 5944 5964
103 2 5992 0 2 5996
104 0 6023 0 5 6028
105 0 6020 1 9 6030
106 1 6081 4 1 6087
107 0 6176 2 6 6184
108 3 4 0 6152 6159
109 0 19 0 6170 6189
110 6145 0 1 1 6147
111 0 18 0 6173 6191
112 0 0 0 6127 6127
113 0 6194 0 0 6194
114 2 6156 1 2 6161
115 3 6227 0 1 6231
116 6192 0 1 1 6194
117 1 0 0 6212 6213
118 1 0 6058 0 6059
119 1 0 5977 1 5979
120 5965 25 1 0 5991
121 6114 0 3 0 6117
122 2 6198 0 1 6201
123 6176 0 2 0 6178
124 1 0 6195 0 6196
125 3 0 6119 0 6122
126 6170 0 1 1 6172
127 6240 0 1 0 6241
128 0 6245 1 0 6246
129 6235 1 11 0 6247
130 0 0 6216 1 6217
131 1 0 6219 1 6221
132 0 74 0 6065 6139
133 1 12 0 6314 6327
134 6343 1 7 1 6352
135 0 6289 0 41 6330
136 6350 0 2 0 6352
137 4 6359 0 0 6363
138 6397 1 4 0 6402
139 6327 0 0 1 6328
140 1 1 0 6424 6426
141 6449 0 2 0 6451
142 0 0 6360 2 6362
143 6322 0 0 0 6322
144 1 6394 0 0 6395
145 6351 1 0 0 6352
146 2 6459 0 1 6462
147 0 6 0 6400 6406
148 3 0 6465 2 6470
149 1 2 0 6360 6363
150 3 0 6443 0 6446
151 6509 1 6 1 6517
152 0 0 0 6586 6586
153 1 6566 0 42 6609
154 6611 0 2 0 6613
155 3 1 6606 1 6611
156 6566 0 1 0 6567
157 6635 0 1 0 6636
158 2 6715 0 4 6721
159 4 0 6668 2 6674
160 0 6750 1 0 6751
161 6752 0 0 3 6755
162 3 1 0 6811 6815
163 12 0 6737 0 6749
164 6764 0 0 0 6764
165 4 0 6714 0 6718
166 0 0 0 6689 6689
167 6810 0 0 0 6810
168 3 6942 0 0 6945
169 2 5 0 6942 6949
170 7 6985 0 0 6992
171 6998 0 39 0 7037
172 7012 2 3 0 7017
173 7025 0 2 1 7028
174 7 7054 0 0 7061
175 7056 0 0 0 7056
176 7009 10 1 3 7023
177 7 1 6975 23 7006
178 1 0 7025 0 7026
179 0 0 7170 0 7170
180 8 1 7248 0 7257
181 7532 0 1 0 7533
182 7583 0 12 0 7595
183 7591 6 1 1 7599
184 5 7623 0 2 7630
185 7665 0 2 4 7671
186 5 0 7658 1 7664
187 0 265 0 7214 7479
188 7599 0 5 0 7604
189 0 7641 0 38 7679
190 7725 0 0 1 7726
191 2 9 0 7768 7779
192 1 281 2 7516 7800
193 0 3 0 7884 7887
194 2 7938 0 1 7941
195 1 3 0 7979 7983
196 2 0 7929 0 7931
197 7907 0 12 0 7919
198 2 3 0 7964 7969
199 2 2 7943 1 7948
200 2 4 0 7875 7881
201 0 1 0 7983 7984
202 8014 6 4 1 8025
203 0 8013 0 0 8013
204 8041 0 0 2 8043
205 1 0 7991 1 7993
206 2 0 7838 0 7840
207 7918 0 5 0 7923
208 1 0 0 7966 7967
209 2 0 7996 3 8001
210 1 8081 0 3 8085
211 8083 1 3 1 8088
212 4 8177 0 1 8182
213 8213 0 5 0 8218
214 8162 0 0 0 8162
215 0 0 0 8303 8303
216 31 6 8362 8 8407
217 0 1 8329 3 8333
218 2 17 3 7818 7840
219 3 0 8283 2 8288
220 0 0 8357 0 8357
221 8399 0 5 0 8404
222 0 1 0 8310 8311
223 0 8449 0 1 8450
224 0 8522 0 3 8525
225 8624 0 5 2 8631
226 8654 0 0 0 8654
227 1 8727 0 2 8730
228 8833 0 4 1 8838
229 8768 0 0 0 8768
230 8797 0 0 0 8797
231 1 1 0 8678 8680
232 0 0 8650 0 8650
233 4 0 8485 1 8490
234 8683 0 7 0 8690
235 1 8744 1 2 8748
236 1 8792 1 0 8794
237 8890 0 0 1 8891
238 0 11 0 8887 8898
239 0 3 0 8838 8841
240 8761 0 0 0 8761
241 1 8956 0 6 8963
242 2 8943 0 3 8948
243 6 9064 0 2 9072
244 11 2 9113 1 9127
245 9030 1 4 0 9035
246 9130 0 1 0 9131
247 10 0 9180 0 9190
248 9204 0 1 0 9205
249 1 20 0 9233 9254
250 9346 0 11 0 9357
251 9330 0 3 2 9335
252 0 1 0 9362 9363
253 1 0 9165 0 9166
254 9152 1 0 0 9153
255 1232 0 7834 2 9068
256 2 9047 0 5 9054
257 1 9193 0 3 9197
258 0 0 9147 0 9147
259 9073 1 5 2 9081
260 0 0 9037 0 9037
261 6 6 0 8646 8658
262 2 0 8934 0 8936
263 1 8926 1 3 8931
264 4 9053 2 1 9060
265 0 1 0 9065 9066
266 9073 0 3 0 9076
267 0 3 0 9024 9027
268 1 0 9023 0 9024
269 1 9052 0 5 9058
270 8854 1 10 0 8865
271 0 8897 0 0 8897
272 8971 1 0 0 8972
273 9007 0 25 0 9032
274 0 3 0 9045 9048
275 0 3 0 9113 9116
276 9058 0 10 0 9068
277 3 0 8963 0 8966
278 8910 0 0 3 8913
279 0 876 0 8048 8924
280 5 20 0 8990 9015
281 4 1 8933 1 8939
282 0 8884 1 6 8891
283 1 0 9005 0 9006
284 1 1 0 8733 8735
285 3 8808 0 4 8815
286 0 81 0 8841 8922
287 0 0 0 9002 9002
288 8881 3 2 3 8889
289 3 2 8936 0 8941
290 8636 1 0 1 8638
291 20 0 8810 0 8830
292 1 1 8808 0 8810
293 4 8840 0 1 8845
294 0 0 0 8984 8984
295 0 1 0 8990 8991
296 1 2 0 9056 9059
297 8804 1 56 2 8863
298 0 0 8926 1 8927
299 8910 0 0 0 8910
300 2 1 0 8925 8928
301 9003 0 2 0 9005
302 99 1 8859 0 8959
303 8985 0 14 0 8999
304 8907 0 1 0 8908
305 0 2 0 8903 8905
306 1 0 8897 1 8899
307 0 0 8895 0 8895
308 8805 0 2 0 8807
309 0 22 1 8912 8935
310 0 0 8894 1 8895
311 8896 1 0 0 8897
312 9111 0 8 0 9119
313 5 0 9109 0 9114
314 9092 0 1 0 9093
315 8973 0 2 1 8976
316 0 8964 1 2 8967
317 8706 0 2 0 8708
318 3 9076 1 3 9083
319 3 9061 0 3 9067
320 2 9135 0 6 9143
321 9228 1 5 2 9236
322 1 0 9166 1 9168
323 3 0 9176 0 9179
324 0 2 0 8813 8815
325 0 9129 2 10 9141
326 0 17 0 9228 9245
327 0 2 0 9337 9339
328 0 3 2 9314 9319
329 0 6 0 9255 9261
330 0 4 0 9157 9161
331 0 9133 0 3 9136
332 9179 0 2 0 9181
333 9153 1 4 0 9158
334 2 0 9002 2 9006
335 0 8979 0 6 8985
336 9057 1 0 0 9058
337 0 0 8977 0 8977
338 1 8885 0 11 8897
339 0 8982 1 0 8983
340 0 0 0 8835 8835
341 0 8878 0 1 8879
342 8907 0 5 4 8916
343 1 8964 0 1 8966
344 9040 0 0 1 9041
345 2 0 8948 0 8950
346 8937 0 0 0 8937
347 8883 1 0 0 8884
348 2 4 2 8787 8795
349 11 0 8797 0 8808
350 0 8737 1 5 8743
351 0 153 1 8647 8801
352 8789 0 0 1 8790
353 1 5 0 8773 8779
354 1 0 8730 0 8731
355 9 0 8575 3 8587
356 8604 1 6 1 8612
357 28 0 8483 1 8512
358 22 0 8465 0 8487
359 3 8382 0 3 8388
360 0 8333 1 69 8403
361 1 8587 1 6 8595
362 1 4 0 8698 8703
363 8668 0 1 0 8669
364 8643 0 0 1 8644
365 2 0 0 8645 8647
366 0 0 8599 0 8599
367 8 2 8628 1 8639
368 1 1 0 8669 8671
369 0 8834 0 3 8837
370 8834 1 2 5 8842
371 0 9044 0 0 9044
372 9101 0 5 1 9107
373 9014 0 0 0 9014
374 1 9183 0 0 9184
375 1 13 0 9150 9164
376 3 0 9190 0 9193
377 4 1 1 9058 9064
378 9199 0 19 1 9219
379 3 0 9282 1 9286
380 9260 1 8 0 9269
381 0 9295 0 3 9298
382 9400 0 2 0 9402
383 9413 0 2 0 9415
384 9497 2 0 0 9499
385 0 0 0 9380 9380
386 0 2 0 9483 9485
387 9454 0 2 3 9459
388 9324 0 0 0 9324
389 1 9375 0 1 9377
390 2 9329 0 6 9337
391 2 9357 0 3 9362
392 9357 2 3 0 9362
393 9 0 9389 1 9399
394 0 0 9683 2 9685
395 7 0 9634 2 9643
396 44 0 9588 3 9635
397 9593 0 9 1 9603
398 0 0 9698 0 9698
399 9703 2 3 1 9709
400 8 9821 2 2 9833
401 9801 0 1 0 9802
402 36 0 9731 1 9768
403 9565 0 1 2 9568
404 1 9707 1 2 9711
405 0 23 0 9808 9831
406 0 0 0 9893 9893
407 0 1 1 9853 9855
408 0 1 0 9879 9880
409 0 0 9821 0 9821
410 9627 0 0 1 9628
411 0 7 1 9636 9644
412 0 1 2 9636 9639
413 2 0 9575 2 9579
414 1 0 9481 0 9482
415 9482 0 2 0 9484
416 1 9584 0 1 9586
417 9235 0 3 2 9240
418 1 0 9155 15 9171
419 0 1 0 8926 8927
420 8959 0 78 0 9037
421 1 0 2 8969 8972
422 2 0 8969 1 8972
423 0 9053 0 7 9060
424 9106 0 2 1 9109
425 2 0 9062 0 9064
426 9019 0 2 0 9021
427 9016 0 0 0 9016
428 8847 0 1 1 8849
429 5 8898 1 0 8904
430 2 8662 0 2 8666
431 8722 0 3 1 8726
432 8488 0 2 0 8490
433 2 8603 0 0 8605
434 4 8293 1 0 8298
435 0 90 0 8102 8192
436 2 0 8200 0 8202
437 1 8163 1 1 8166
438 1 10 0 8167 8178
439 1 0 8088 0 8089
440 4 8048 0 3 8055
441 8084 0 2 0 8086
442 8021 3 0 1 8025
443 1 8077 0 0 8078
444 46 0 7955 1 8002
445 16 0 7867 0 7883
446 5 7874 0 1 7880
447 7856 1 2 0 7859
448 3 7915 0 4 7922
449 0 3 0 7945 7948
450 3 0 7904 1 7908
451 7838 0 1 0 7839
452 7865 0 3 0 7868
453 1 0 0 7825 7826
454 7690 0 0 0 7690
455 1 7679 0 2 7682
456 7686 0 4 0 7690
457 7617 0 8 1 7626
458 3 7636 1 0 7640
459 7547 1 1 0 7549
460 7441 0 1 0 7442
461 0 1 3 7372 7376
462 7387 0 0 0 7387
463 7205 0 1 0 7206
464 2 7218 0 0 7220
465 3 7220 0 3 7226
466 3 2 0 6995 7000
467 1 7159 0 0 7160
468 0 19 1 7057 7077
469 0 1 0 7052 7053
470 0 0 2 7068 7070
471 0 0 1 7052 7053
472 6965 0 0 0 6965
473 2 0 6899 2 6903
474 3 0 6822 1 6826
475 0 12 1 6653 6666
476 0 0 0 6791 6791
477 12 0 6685 3 6700
478 6661 0 0 0 6661
479 6661 0 2 0 6663
480 1 0 0 6663 6664
481 2 0 6517 0 6519
482 6351 0 112 0 6463
483 0 0 1 6448 6449
484 0 2 1 6460 6463
485 1 1 1 6442 6445
486 6314 0 43 0 6357
487 6262 0 1 0 6263
488 6221 0 0 0 6221
489 0 0 1 6192 6193
490 4 0 6155 0 6159
491 0 0 6076 2 6078
492 6003 0 4 0 6007
493 3 0 5987 26 6016
494 0 5924 0 7 5931
495 1 5897 0 51 5949
496 90 0 5807 0 5897
497 5760 0 0 0 5760
498 5 5770 0 0 5775
499 5733 0 0 0 5733
500 5668 0 12 0 5680
501 5692 0 0 0 5692
502 0 0 5673 1 5674
503 0 0 5645 0 5645
504 0 9 0 5050 5059
505 1 0 5480 0 5481
506 0 0 5538 0 5538
507 5554 0 2 0 5556
508 0 0 0 5500 5500
509 0 1 0 5500 5501
510 5496 0 1 0 5497
511 5447 0 1 0 5448
512 0 0 0 5392 5392
513 5156 10 1 0 5167
514 1 5206 0 5 5212
515 0 5187 0 0 5187
516 2 9 0 5143 5154
517 0 4 0 5143 5147
518 0 0 0 5133 5133
519 0 15 0 5078 5093
520 1 0 0 5024 5025
521 0 0 4848 7 4855
522 3 4615 2 8 4628
523 5 4648 0 4 4657
524 4687 0 3 0 4690
525 18 0 4640 0 4658
526 1 0 4562 0 4563
527 4542 0 1 0 4543
528 0 29 1 4527 4557
529 4553 0 3 0 4556
530 1 1 1 4463 4466
531 12 4376 0 45 4433
532 4476 0 1 0 4477
533 0 5 0 4373 4378
534 0 1 0 4335 4336
535 0 0 4272 0 4272
536 4249 0 1 0 4250
537 0 1 1 4246 4248
538 0 0 2 4273 4275
539 1 4198 0 4 4203
540 4220 0 3 1 4224
541 0 6 0 4194 4200
542 0 1 0 4181 4182
543 4187 0 0 7 4194
544 0 0 4116 4 4120
545 4128 0 0 0 4128
546 1 4085 0 1 4087
547 4091 0 0 0 4091
548 103 0 3941 0 4044
549 3945 0 2 1 3948
550 1 4048 0 3 4052
551 0 4102 0 0 4102
552 0 1 0 4097 4098
553 2 0 4081 0 4083
554 4084 0 2 0 4086
555 4084 0 0 0 4084
556 4079 0 1 0 4080
557 1 0 1 4051 4053
558 2 0 3962 3 3967
559 3959 0 2 1 3962
560 5 3956 0 1 3962
561 0 0 0 3937 3937
562 0 0 0 3918 3918
563 0 1 0 3850 3851
564 1 3838 0 1 3840
565 0 0 0 3796 3796
566 0 1 0 3753 3754
567 0 3709 0 0 3709
568 0 1 1 3647 3649
569 19 3665 1 0 3685
570 3648 1 1 0 3650
571 31 0 3615 0 3646
572 2 0 0 3569 3571
573 3560 0 19 0 3579
574 3567 0 1 1 3569
575 3541 0 0 0 3541
576 3 0 3533 2 3538
577 3500 0 1 0 3501
578 3540 0 0 0 3540
579 1 1 0 3515 3517
580 3532 0 0 0 3532
581 0 6 0 3494 3500
582 3484 0 0 0 3484
583 3446 0 0 0 3446
584 3395 0 1 0 3396
585 2 0 3373 0 3375
586 3342 0 1 0 3343
587 3315 0 3 0 3318
588 3314 0 5 0 3319
589 3301 0 0 0 3301
590 3285 0 1 0 3286
591 3239 0 0 2 3241
592 2 0 0 3129 3131
593 0 1 0 3093 3094
594 1 0 3055 14 3070
595 0 3027 0 3 3030
596 0 3052 0 0 3052
597 0 14 0 3016 3030
598 1 0 2974 0 2975
599 0 2955 0 2 2957
600 14 3019 0 0 3033
601 3070 2 1 0 3073
602 3084 0 5 0 3089
603 3043 0 3 0 3046
604 3046 0 0 0 3046
605 3039 0 1 1 3041
606 0 3041 0 5 3046
607 3018 0 0 0 3018
608 41 0 2954 0 2995
609 2988 0 0 0 2988
610 2983 0 1 0 2984
611 2978 0 1 3 2982
612 7 0 2904 0 2911
613 0 0 2838 4 2842
614 0 0 2906 0 2906
615 2 0 0 2799 2801
616 14 0 0 2882 2896
617 0 3 0 2889 2892
618 0 2890 0 8 2898
619 0 2876 0 3 2879
620 0 1 0 2845 2846
621 2 2871 0 1 2874
622 2573 0 268 1 2842
623 0 5 2 2848 2855
624 2845 0 1 0 2846
625 2793 0 0 0 2793
626 2787 0 1 0 2788
627 0 0 2794 0 2794
628 2798 0 0 0 2798
629 0 0 2791 0 2791
630 0 0 2782 0 2782
631 2816 0 3 0 2819
632 1 0 0 2729 2730
633 2749 0 0 3 2752
634 0 2716 0 0 2716
635 1 2721 0 0 2722
636 2754 0 0 0 2754
637 2759 0 0 0 2759
638 0 1 0 2761 2762
639 0 0 2753 0 2753
640 2740 0 0 0 2740
641 2732 0 0 0 2732
642 1 0 2711 0 2712
643 1 0 2694 0 2695
644 0 4 0 2452 2456
645 2716 0 0 0 2716
646 2706 1 0 0 2707
647 2703 0 0 0 2703
648 2695 0 1 0 2696
649 3 0 2653 0 2656
650 2619 0 1 0 2620
651 1 2637 0 1 2639
652 2702 0 0 0 2702
653 2699 0 21 0 2720
654 2740 0 1 0 2741
655 2721 0 2 1 2724
656 1 1 0 2646 2648
657 2650 0 20 0 2670
658 2648 0 0 0 2648
659 0 2640 0 0 2640
660 0 2652 0 2 2654
661 2659 0 3 0 2662
662 2631 0 0 0 2631
663 2632 0 0 0 2632
664 0 0 2639 0 2639
665 0 1 0 2514 2515
666 0 0 2608 1 2609
667 1 3 2619 0 2623
668 2665 0 5 0 2670
669 2682 0 0 0 2682
670 0 0 0 2643 2643
671 2639 0 0 0 2639
672 0 2635 0 0 2635
673 2678 1 1 0 2680
674 0 0 2 2600 2602
675 1 2667 0 3 2671
676 2730 0 0 0 2730
677 2726 1 0 0 2727
678 2734 0 0 0 2734
679 2747 0 0 1 2748
680 0 0 2725 0 2725
681 2717 0 0 0 2717
682 0 0 2680 0 2680
683 1 2672 0 0 2673
684 2712 0 7 0 2719
685 0 0 0 2714 2714
686 0 0 0 2752 2752
687 2728 1 13 0 2742
688 0 0 0 2701 2701
689 0 2712 0 1 2713
690 2753 0 2 0 2755
691 0 3 0 2704 2707
692 0 1 0 2730 2731
693 2716 0 2 0 2718
694 2699 0 0 0 2699
695 2696 0 0 0 2696
696 1 2706 0 6 2713
697 2710 1 1 0 2712
698 0 2697 0 2 2699
699 2689 0 2 0 2691
700 2702 0 0 0 2702
701 0 0 0 2689 2689
702 0 0 2667 0 2667
703 2663 0 0 0 2663
704 0 2677 0 2 2679
705 2708 0 0 0 2708
706 2680 0 0 0 2680
707 2672 0 0 0 2672
708 2669 3 3 0 2675
709 0 0 2657 0 2657
710 2627 0 0 0 2627
711 0 2614 0 17 2631
712 0 0 2624 0 2624
713 0 2604 1 0 2605
714 0 1 0 2641 2642
715 0 0 2674 0 2674
716 2695 0 6 0 2701
717 2725 0 1 0 2726
718 2700 0 1 0 2701
719 0 0 2683 0 2683
720 2687 0 13 1 2701
721 0 0 2739 0 2739
722 0 0 2757 1 2758
723 0 0 0 2491 2491
724 2721 0 1 1 2723
725 2734 0 0 0 2734
726 2768 0 0 0 2768
727 1 2762 0 26 2789
728 0 0 0 2819 2819
729 11 0 2820 0 2831
730 2818 0 0 0 2818
731 2847 0 0 0 2847
732 2877 0 1 0 2878
733 2865 0 12 0 2877
734 0 0 2854 0 2854
735 2902 0 0 0 2902
736 2908 0 0 3 2911
737 0 1 2901 0 2902
738 2902 2 2 0 2906
739 0 0 2891 0 2891
740 4 2922 0 0 2926
741 11 0 2943 8 2962
742 2986 0 0 0 2986
743 0 0 0 2974 2974
744 0 0 7 2994 3001
745 0 0 2971 2 2973
746 0 2959 0 4 2963
747 1 2960 0 12 2973
748 2982 0 2 1 2985
749 0 2993 0 0 2993
750 0 4 0 2991 2995
751 0 0 2981 0 2981
752 0 3191 2 1 3194
753 0 3 0 3253 3256
754 0 0 3263 0 3263
755 0 0 3259 2 3261
756 3228 0 2 0 3230
757 3284 0 1 0 3285
758 0 0 0 3293 3293
759 3298 0 0 0 3298
760 0 3322 0 1 3323
761 3355 0 0 0 3355
762 3340 0 1 0 3341
763 3335 0 0 0 3335
764 0 0 1 3373 3374
765 3382 0 0 1 3383
766 3364 2 3 0 3369
767 0 0 3395 0 3395
768 3359 0 0 0 3359
769 1 0 3397 0 3398
770 0 0 3372 0 3372
771 7 0 3412 31 3450
772 0 0 2 3168 3170
773 0 2 0 3409 3411
774 0 1 1 3478 3480
775 0 0 3516 0 3516
776 0 0 0 3394 3394
777 3522 0 0 0 3522
778 1 2 0 3536 3539
779 0 3 0 3576 3579
780 3573 0 6 3 3582
781 0 0 3586 0 3586
782 1 0 0 3508 3509
783 3583 0 4 0 3587
784 0 0 3670 2 3672
785 0 0 0 3708 3708
786 0 1 0 3893 3894
787 0 0 3978 0 3978
788 3978 0 3 0 3981
789 4021 0 1 0 4022
790 4052 0 1 0 4053
791 4014 1 2 0 4017
792 1 4195 0 0 4196
793 0 0 0 4184 4184
794 0 0 0 4188 4188
795 0 0 4174 0 4174
796 0 0 4159 0 4159
797 0 4162 0 0 4162
798 0 5 0 4206 4211
799 4205 1 1 0 4207
800 4255 1 1 1 4258
801 4259 1 0 0 4260
802 4270 1 1 0 4272
803 4258 2 0 0 4260
804 0 0 0 4292 4292
805 4301 1 0 1 4303
806 1 0 0 4300 4301
807 4304 0 0 0 4304
808 0 0 0 4317 4317
809 2 0 4358 1 4361
810 1 1 0 4414 4416
811 0 0 4497 0 4497
812 4536 0 7 0 4543
813 4522 0 3 0 4525
814 4581 0 0 0 4581
815 4592 4 6 0 4602
816 0 2 0 4603 4605
817 0 4669 0 0 4669
818 0 1 0 4688 4689
819 4659 0 58 0 4717
820 2 0 4672 0 4674
821 4737 0 0 0 4737
822 4736 0 0 0 4736
823 4 4767 0 0 4771
824 4810 0 0 0 4810
825 4812 0 0 0 4812
826 4845 1 0 0 4846
827 7 0 4826 0 4833
828 2 2 0 4753 4757
829 5 0 4862 2 4869
830 0 0 4948 0 4948
831 1 0 2 4898 4901
832 0 0 0 4928 4928
833 0 0 1 4964 4965
834 4837 0 1 0 4838
835 0 4876 0 1 4877
836 1 4887 0 0 4888
837 4918 1 1 0 4920
838 8 0 4977 0 4985
839 1 1 0 4910 4912
840 4947 0 1 0 4948
841 0 0 4957 1 4958
842 1 3 5001 1 5006
843 0 0 3 4777 4780
844 0 0 4993 1 4994
845 0 0 4999 1 5000
846 5030 0 14 3 5047
847 5070 0 0 1 5071
848 5068 0 0 0 5068
849 0 5039 0 34 5073
850 0 0 5056 4 5060
851 5037 0 1 0 5038
852 13 0 5070 0 5083
853 5187 1 0 0 5188
854 5201 0 0 0 5201
855 0 0 5194 0 5194
856 5193 0 0 0 5193
857 5230 0 0 0 5230
858 5223 1 1 0 5225
859 9 0 5269 0 5278
860 1 5233 0 0 5234
861 0 5310 0 1 5311
862 5374 0 2 0 5376
863 5381 0 0 0 5381
864 5368 1 3 1 5373
865 2 5394 0 6 5402
866 0 1 1 5368 5370
867 23 1 5330 8 5362
868 0 2 0 5278 5280
869 2 5340 0 0 5342
870 5380 0 18 1 5399
871 5399 0 0 0 5399
872 5393 0 1 0 5394
873 0 0 0 5389 5389
874 0 0 5353 0 5353
875 0 5323 1 1 5325
876 5368 0 1 0 5369
877 10 4 5327 0 5341
878 1 0 0 5172 5173
879 1 0 5152 1 5154
880 8 0 5113 1 5122
881 0 5107 0 0 5107
882 0 5142 2 0 5144
883 5241 0 1 0 5242
884 5212 0 0 0 5212
885 5255 0 0 0 5255
886 5234 0 1 0 5235
887 1 0 0 5203 5204
888 0 0 5151 0 5151
889 1 5117 0 0 5118
890 0 3 0 5118 5121
891 0 5154 0 31 5185
892 5219 0 2 1 5222
893 2 0 5213 0 5215
894 0 10 0 5175 5185
895 5247 0 4 1 5252
896 5212 0 1 0 5213
897 0 5206 0 0 5206
898 1 2 0 5133 5136
899 0 1 5165 0 5166
900 0 5045 0 1 5046
901 0 5037 0 1 5038
902 0 5063 0 0 5063
903 5047 0 2 1 5050
904 2 5106 0 3 5111
905 2 5104 0 3 5109
906 5114 0 5 2 5121
907 1 0 5156 0 5157
908 9 0 5020 0 5029
909 4996 0 3 0 4999
910 0 0 5054 0 5054
911 0 0 5012 0 5012
912 18 0 5001 0 5019
913 5032 0 21 0 5053
914 1 743 1 4200 4945
915 0 750 1 4232 4983
916 4977 0 1 0 4978
917 0 0 4935 1 4936
918 4 4810 0 44 4858
919 4928 0 0 0 4928
920 0 2 0 4902 4904
921 2 0 4893 7 4902
922 4851 0 1 0 4852
923 1 4902 0 0 4903
924 4900 0 0 1 4901
925 9 0 4910 0 4919
926 0 1 1 4824 4826
927 4903 0 4 0 4907
928 4916 0 0 0 4916
929 1 4877 0 1 4879
930 4874 0 1 2 4877
931 1 0 4923 0 4924
932 1 0 4875 0 4876
933 4893 0 4 8 4905
934 0 0 5014 0 5014
935 5060 0 0 0 5060
936 0 5025 0 0 5025
937 5091 0 2 0 5093
938 5050 1 1 0 5052
939 0 0 1 5028 5029
940 5009 0 1 0 5010
941 1 5041 0 1 5043
942 5118 0 0 0 5118
943 5066 0 2 0 5068
944 5061 2 1 4 5068
945 5074 1 0 4 5079
946 0 1 0 5099 5100
947 0 0 5085 0 5085
948 0 0 5035 1 5036
949 5021 0 3 0 5024
950 5050 0 0 0 5050
951 0 0 0 5048 5048
952 0 0 5049 3 5052
953 5069 0 0 0 5069
954 5060 0 0 0 5060
955 1 0 0 5126 5127
956 0 0 5220 1 5221
957 0 0 0 5151 5151
958 0 0 0 5220 5220
959 0 1 0 5252 5253
960 5204 0 43 0 5247
961 5183 0 1 5 5189
962 5058 0 11 5 5074
963 1 5117 0 0 5118
964 0 5082 0 5 5087
965 0 5140 0 2 5142
966 5160 0 5 0 5165
967 5156 0 0 0 5156
968 0 0 5121 0 5121
969 5135 0 1 1 5137
970 5074 0 9 0 5083
971 0 0 0 5031 5031
972 0 5067 0 0 5067
973 0 3 0 5037 5040
974 0 1 0 5048 5049
975 0 0 0 5035 5035
976 0 1 0 5028 5029
977 0 2 0 5024 5026
978 3 0 4924 6 4933
979 10 0 4862 0 4872
980 2 4818 1 4 4825
981 134 4069 267 409 4879
982 4903 0 0 0 4903
983 0 0 0 4897 4897
984 2 0 4845 1 4848
985 4805 0 1 2 4808
986 0 4809 0 2 4811
987 2 1 0 4805 4808
988 1 0 4797 1 4799
989 4763 0 0 0 4763
990 4792 0 0 0 4792
991 4796 0 2 0 4798
992 0 0 4742 0 4742
993 4705 0 54 1 4760
994 4732 0 0 2 4734
995 0 0 0 4723 4723
996 4707 0 10 1 4718
997 4688 1 1 1 4691
998 0 4610 0 1 4611
999 1 4634 0 3 4638
1000 4610 0 5 2 4617
1001 5 0 4577 1 4583
1002 4562 0 1 0 4563
1003 0 0 4513 0 4513
1004 4505 0 0 1 4506
1005 0 4507 0 1 4508
1006 4530 0 0 0 4530
1007 1 0 4445 0 4446
1008 0 4369 2 0 4371
1009 0 4408 0 0 4408
1010 0 4448 0 2 4450
1011 4439 0 0 0 4439
1012 3 0 4452 0 4455
1013 0 1 0 4316 4317
1014 0 0 0 4399 4399
1015 1 3 0 4429 4433
1016 0 0 4379 0 4379
1017 0 0 4342 0 4342
1018 0 0 1 4271 4272
1019 0 1 1 4334 4336
1020 1 4303 0 1 4305
1021 4334 6 0 2 4342
1022 0 1 4328 2 4331
1023 41 0 4266 0 4307
1024 1 0 4359 0 4360
1025 4315 0 7 1 4323
1026 1 3 0 4361 4365
1027 0 2 0 4405 4407
1028 0 0 0 4420 4420
1029 0 1 1 4437 4439
1030 0 1 0 4436 4437
1031 0 2 4378 0 4380
1032 0 30 1 4210 4241
1033 4294 1 1 0 4296
1034 0 0 4292 0 4292
1035 0 2 1 4138 4141
1036 4239 0 31 0 4270
1037 0 4 1 4213 4218
1038 4255 3 1 1 4260
1039 0 0 4164 3 4167
1040 1 4123 0 0 4124
1041 4103 0 1 0 4104
1042 0 4167 0 0 4167
1043 0 4173 0 2 4175
1044 8 0 4164 1 4173
1045 7 0 4253 0 4260
1046 0 0 1 4152 4153
1047 4 4164 1 8 4177
1048 0 4346 0 3 4349
1049 0 0 1 4373 4374
1050 0 0 4393 0 4393
1051 0 2 0 4313 4315
1052 1 0 0 4353 4354
1053 0 4420 0 6 4426
1054 1 0 0 4393 4394
1055 0 4386 0 1 4387
1056 8 4458 0 0 4466
1057 4455 0 1 0 4456
1058 4442 0 0 0 4442
1059 0 1 0 4466 4467
1060 4509 0 0 0 4509
1061 4499 0 0 0 4499
1062 0 0 4464 1 4465
1063 4465 0 0 0 4465
1064 0 0 0 4434 4434
1065 4501 0 1 3 4505
1066 0 0 4581 2 4583
1067 5 4545 0 0 4550
1068 4577 1 0 2 4580
1069 4503 0 1 2 4506
1070 1 0 4569 0 4570
1071 4434 1 0 1 4436
1072 0 2 3 4517 4522
1073 0 6 0 4595 4601
1074 38 0 4559 0 4597
1075 0 0 4546 0 4546
1076 3 0 4550 0 4553
1077 34 0 4485 2 4521
1078 4443 0 1 0 4444
1079 4515 0 0 0 4515
1080 4570 0 3 0 4573
1081 4 0 4566 0 4570
1082 1 0 4528 0 4529
1083 4438 0 77 0 4515
1084 0 0 0 4551 4551
1085 0 1 0 4566 4567
1086 0 3 0 4597 4600
1087 4558 0 0 0 4558
1088 2 0 0 4598 4600
1089 0 0 4579 2 4581
1090 4591 0 0 3 4594
1091 0 0 0 4689 4689
1092 4715 0 0 0 4715
1093 4636 0 1 0 4637
1094 0 4624 0 1 4625
1095 4693 0 0 0 4693
1096 4695 0 0 1 4696
1097 0 0 4762 0 4762
1098 2 4775 0 8 4785
1099 4855 0 1 0 4856
1100 4868 0 0 0 4868
1101 4864 0 0 0 4864
1102 4878 1 1 1 4881
1103 1 4889 0 1 4891
1104 4984 0 0 0 4984
1105 5022 0 1 0 5023
1106 5053 2 0 0 5055
1107 5049 0 2 0 5051
1108 5002 1 1 0 5004
1109 7 0 4901 0 4908
1110 4985 0 0 1 4986
1111 22 4983 0 0 5005
1112 0 1 1 4969 4971
1113 5017 0 1 0 5018
1114 4970 0 0 0 4970
1115 4940 0 1 0 4941
1116 1 0 4912 1 4914
1117 3 2 4824 0 4829
1118 0 4910 0 2 4912
1119 4 1 0 4819 4824
1120 3 4935 0 2 4940
1121 4983 0 8 0 4991
1122 5009 0 0 3 5012
1123 4983 0 2 0 4985
1124 0 0 1 4945 4946
1125 4812 0 5 0 4817
1126 3 4948 0 0 4951
1127 1 4961 0 0 4962
1128 0 0 0 4943 4943
1129 0 1 0 4969 4970
1130 0 0 4978 0 4978
1131 0 49 0 4908 4957
1132 2 4931 0 3 4936
1133 1 4978 0 1 4980
1134 0 3 0 4977 4980
1135 2 0 5012 3 5017
1136 4998 0 2 0 5000
1137 0 8 1 4996 5005
1138 0 5028 0 1 5029
1139 0 6 2 5026 5034
1140 1 0 5066 0 5067
1141 0 0 4 5006 5010
1142 0 0 0 5053 5053
1143 0 11 0 5053 5064
1144 5072 0 4 1 5077
1145 0 0 5058 0 5058
1146 0 292 1 4614 4907
1147 5034 3 0 0 5037
1148 0 0 0 4988 4988
1149 4991 0 1 11 5003
1150 7 4973 0 7 4987
1151 2 4993 0 1 4996
1152 5043 0 2 0 5045
1153 0 1 2 5041 5044
1154 0 1 0 5071 5072
1155 5028 0 1 0 5029
1156 1 0 5078 1 5080
1157 5078 0 0 0 5078
1158 5099 0 9 0 5108
1159 5116 0 4 0 5120
1160 4 0 5148 0 5152
1161 5115 0 2 1 5118
1162 0 0 1 5184 5185
1163 5222 1 1 0 5224
1164 0 1 0 5221 5222
1165 5239 0 1 0 5240
1166 5211 5 0 2 5218
1167 0 12 0 5197 5209
1168 8 0 5256 0 5264
1169 5258 0 15 0 5273
1170 5282 0 7 0 5289
1171 0 14 5262 0 5276
1172 5278 0 0 0 5278
1173 5337 0 1 0 5338
1174 5325 0 2 0 5327
1175 0 5349 0 1 5350
1176 5356 0 1 0 5357
1177 5293 8 0 0 5301
1178 6 0 5301 0 5307
1179 10 0 5195 0 5205
1180 655 0 4643 1 5299
1181 4 5417 0 5 5426
1182 5480 1 0 0 5481
1183 5494 0 2 0 5496
1184 5525 1 0 0 5526
1185 5514 0 10 0 5524
1186 0 4 0 5540 5544
1187 0 0 1 5587 5588
1188 9 0 5558 0 5567
1189 5535 0 0 0 5535
1190 5575 0 6 1 5582
1191 22 0 5547 1 5570
1192 5590 0 0 0 5590
1193 5566 0 2 0 5568
1194 1 0 5579 0 5580
1195 2 5584 0 55 5641
1196 0 2 0 5701 5703
1197 5703 0 3 0 5706
1198 5701 24 1 0 5726
1199 5739 1 1 0 5741
1200 5684 0 1 0 5685
1201 6 5681 0 52 5739
1202 0 5733 0 3 5736
1203 5769 4 3 1 5777
1204 1 0 0 5797 5798
1205 0 1 0 5809 5810
1206 0 5798 0 1 5799
1207 0 0 0 5851 5851
1208 0 0 0 5818 5818
1209 0 5880 0 1 5881
1210 5932 0 0 1 5933
1211 5911 2 0 8 5921
1212 0 0 0 5959 5959
1213 4 0 5957 0 5961
1214 5956 1 3 0 5960
1215 5981 0 3 0 5984
1216 1 0 5966 0 5967
1217 5978 0 0 0 5978
1218 6019 0 3 0 6022
1219 1 0 5985 0 5986
1220 0 0 5910 0 5910
1221 5936 0 41 0 5977
1222 6001 0 1 8 6010
1223 0 6074 0 0 6074
1224 0 2 0 6088 6090
1225 9 0 6071 0 6080
1226 0 6065 0 0 6065
1227 6087 0 2 2 6091
1228 1 0 0 6111 6112
1229 0 6082 1 0 6083
1230 1 8 0 6085 6094
1231 0 55 0 6056 6111
1232 0 0 0 6149 6149
1233 22 0 6111 1 6134
1234 2 0 0 6007 6009
1235 0 5927 2 1 5930
1236 5872 0 0 2 5874
1237 1 6027 0 1 6029
1238 0 6123 0 3 6126
1239 1 7 1 6157 6166
1240 1 0 6176 1 6178
1241 1 1 6177 0 6179
1242 3 0 6178 1 6182
1243 6080 0 1 1 6082
1244 1 0 0 6167 6168
1245 1 0 6200 0 6201
1246 6154 0 1 0 6155
1247 0 1 0 6238 6239
1248 0 0 6227 1 6228
1249 6136 1 0 1 6138
1250 0 5 0 6240 6245
1251 1 0 6230 0 6231
1252 0 0 6257 1 6258
1253 1 0 6270 0 6271
1254 6310 1 17 0 6328
1255 6313 3 2 0 6318
1256 0 1 0 6479 6480
1257 1 0 6573 0 6574
1258 0 0 0 6446 6446
1259 0 1 0 6582 6583
1260 0 0 0 6617 6617
1261 6667 0 0 0 6667
1262 6611 0 0 0 6611
1263 1 6 0 6627 6634
1264 6687 0 0 0 6687
1265 3 2 0 6628 6633
1266 0 0 6623 0 6623
1267 0 6632 0 6 6638
1268 1 1 0 6678 6680
1269 6554 1 147 2 6704
1270 0 0 0 6697 6697
1271 0 6674 0 0 6674
1272 0 0 0 6690 6690
1273 6622 0 1 0 6623
1274 0 6631 0 0 6631
1275 1 6587 0 21 6609
1276 2 0 6614 0 6616
1277 0 1 0 6510 6511
1278 10 0 6666 5 6681
1279 0 0 0 6618 6618
1280 0 1 0 6715 6716
1281 4 0 6675 0 6679
1282 0 0 6617 1 6618
1283 1 1 6594 1 6597
1284 6484 0 7 2 6493
1285 0 0 6636 0 6636
1286 0 1 0 6544 6545
1287 6592 0 14 3 6609
1288 1 0 6601 0 6602
1289 3 6543 2 0 6548
1290 0 2 0 6536 6538
1291 3 0 6540 0 6543
1292 0 6481 0 0 6481
1293 6505 0 6 1 6512
1294 0 6543 0 4 6547
1295 0 0 0 6565 6565
1296 6522 0 37 0 6559
1297 1 0 6582 0 6583
1298 1 0 6542 0 6543
1299 0 1 0 6289 6290
1300 6469 1 1 0 6471
1301 1 1 0 6456 6458
1302 59 6462 0 3 6524
1303 6579 0 1 3 6583
1304 6581 0 8 3 6592
1305 35 0 6542 1 6578
1306 6538 0 0 0 6538
1307 6472 0 5 0 6477
1308 0 6519 0 0 6519
1309 6529 0 3 0 6532
1310 0 0 0 6527 6527
1311 0 0 0 6539 6539
1312 3 1 6476 0 6480
1313 5 0 6400 0 6405
1314 6377 0 0 0 6377
1315 6410 1 0 0 6411
1316 6388 1 5 0 6394
1317 2 6379 2 37 6420
1318 6432 0 0 1 6433
1319 6383 0 12 0 6395
1320 6363 0 1 0 6364
1321 8 0 6321 0 6329
1322 6362 0 0 0 6362
1323 6345 0 0 1 6346
1324 0 1 0 6259 6260
1325 6047 0 1 0 6048
1326 5 6235 0 0 6240
1327 4 6187 2 31 6224
1328 3 0 7 6213 6223
1329 6207 0 4 0 6211
1330 1 0 0 6180 6181
1331 1 0 6169 0 6170
1332 0 1 6127 1 6129
1333 1 0 6116 0 6117
1334 6066 4 1 1 6072
1335 1 0 1 6109 6111
1336 2 0 6102 0 6104
1337 3 0 6030 1 6034
1338 6016 0 1 1 6018
1339 1 6177 0 0 6178
1340 1 1 1 6157 6160
1341 34 0 6124 2 6160
1342 1 6134 1 4 6140
1343 6236 0 1 0 6237
1344 6146 0 0 1 6147
1345 1 0 0 6165 6166
1346 2 6181 0 1 6184
1347 1 1 0 6159 6161
1348 0 0 11 6120 6131
1349 4 6137 0 1 6142
1350 0 0 0 6162 6162
1351 1 0 6157 0 6158
1352 6125 0 4 1 6130
1353 3 0 0 6191 6194
1354 4 0 6147 2 6153
1355 6140 0 1 0 6141
1356 0 3 0 6276 6279
1357 0 0 0 6303 6303
1358 0 0 1 6301 6302
1359 0 2 0 6300 6302
1360 0 0 6152 1 6153
1361 2 6045 0 1 6048
1362 0 1 3 6120 6124
1363 2 5749 1 326 6078
1364 0 0 0 6126 6126
1365 22 0 6055 21 6098
1366 0 0 4 6071 6075
1367 0 0 0 6090 6090
1368 0 21 0 6132 6153
1369 1 0 6149 0 6150
1370 0 1 0 6084 6085
1371 0 1 0 6129 6130
1372 6093 0 1 1 6095
1373 6044 0 1 5 6050
1374 2 0 0 6046 6048
1375 0 0 6032 0 6032
1376 0 6007 0 2 6009
1377 6045 0 0 1 6046
1378 6008 0 3 0 6011
1379 5999 0 8 0 6007
1380 21 1 6011 0 6033
1381 20 0 5982 1 6003
1382 5904 0 7 0 5911
1383 0 0 0 5989 5989
1384 1 0 6032 0 6033
1385 6043 0 1 0 6044
1386 6073 0 3 0 6076
1387 3 0 6168 0 6171
1388 6142 0 0 3 6145
1389 6161 0 1 0 6162
1390 6103 0 1 0 6104
1391 8 6152 0 0 6160
1392 6173 0 2 1 6176
1393 1 0 0 6186 6187
1394 1 0 6172 0 6173
1395 1 2 3 6044 6050
1396 6077 1 0 0 6078
1397 8 0 0 6122 6130
1398 5 0 6147 1 6153
1399 15 0 6088 1 6104
1400 5994 0 3 1 5998
1401 6084 0 1 0 6085
1402 4 0 6081 0 6085
1403 1 0 6247 0 6248
1404 6297 0 2 4 6303
1405 6365 0 0 2 6367
1406 0 0 1 6356 6357
1407 6406 1 3 1 6411
1408 6376 0 2 2 6380
1409 6380 2 0 1 6383
1410 0 6484 0 10 6494
1411 1 0 6445 1 6447
1412 6309 0 0 1 6310
1413 0 6585 0 2 6587
1414 0 1 0 6607 6608
1415 1 1 0 6591 6593
1416 1 3 0 6632 6636
1417 1 0 0 6625 6626
1418 6593 0 0 0 6593
1419 0 6509 1 0 6510
1420 3 6617 0 3 6623
1421 6 0 6600 0 6606
1422 6565 0 2 1 6568
1423 6555 0 3 0 6558
1424 0 6643 0 1 6644
1425 6659 0 0 1 6660
1426 0 0 0 6671 6671
1427 7 0 6653 0 6660
1428 1 5 0 6540 6546
1429 6653 0 1 0 6654
1430 6633 0 1 2 6636
1431 6614 0 3 1 6618
1432 0 1 0 6603 6604
1433 0 1 0 6628 6629
1434 6628 8 3 17 6656
1435 0 6 0 6648 6654
1436 0 4 0 6702 6706
1437 0 0 6644 2 6646
1438 0 0 6612 0 6612
1439 3 0 6586 1 6590
1440 6622 0 0 2 6624
1441 6675 0 4 0 6679
1442 0 0 0 6721 6721
1443 6732 0 0 0 6732
1444 6729 0 1 0 6730
1445 6730 0 0 0 6730
1446 0 6687 0 25 6712
1447 6736 0 0 0 6736
1448 0 1 0 6700 6701
1449 13 0 6595 2 6610
1450 6628 0 0 1 6629
1451 0 0 6637 3 6640
1452 2 6747 0 0 6749
1453 6874 0 0 0 6874
1454 6897 0 4 0 6901
1455 6903 3 2 0 6908
1456 6935 0 2 0 6937
1457 6973 0 6 0 6979
1458 3 0 7084 0 7087
1459 7006 0 1 0 7007
1460 7084 0 3 0 7087
1461 7090 0 0 0 7090
1462 7048 0 5 1 7054
1463 6 0 7108 0 7114
1464 3 1 0 6893 6897
1465 0 0 0 7112 7112
1466 7071 0 0 1 7072
1467 1 7112 0 53 7166
1468 0 1 0 7155 7156
1469 4 2 7136 0 7142
1470 1 2 0 7064 7067
1471 7110 0 0 0 7110
1472 7120 0 2 0 7122
1473 1 3 0 7141 7145
1474 1 0 7066 0 7067
1475 6953 6 1 0 6960
1476 8 0 7034 0 7042
1477 6959 0 1 1 6961
1478 0 7281 0 1 7282
1479 1 0 0 7413 7414
1480 0 0 7361 2 7363
1481 0 0 7434 0 7434
1482 7320 1 6 0 7327
1483 7454 1 2 0 7457
1484 0 0 0 7642 7642
1485 1 0 7748 1 7750
1486 0 2 0 7692 7694
1487 0 1 0 7846 7847
1488 0 2 0 7908 7910
1489 2 0 7869 0 7871
1490 7885 0 3 2 7890
1491 7846 0 1 0 7847
1492 1 2 0 7893 7896
1493 0 1 0 7933 7934
1494 0 3 0 7919 7922
1495 7876 0 2 1 7879
1496 0 7915 0 0 7915
1497 7946 0 1 0 7947
1498 7883 0 2 1 7886
1499 1 0 7861 0 7862
1500 0 7810 1 3 7814
1501 7903 0 3 0 7906
1502 0 0 0 7929 7929
1503 1 0 7911 0 7912
1504 0 1 0 7833 7834
1505 1 0 2 7898 7901
1506 0 7847 0 5 7852
1507 0 1 0 7881 7882
1508 7810 0 6 3 7819
1509 0 7910 1 4 7915
1510 7942 0 3 0 7945
1511 3 0 7950 0 7953
1512 7838 0 16 0 7854
1513 2 0 7946 2 7950
1514 7886 1 9 0 7896
1515 0 4 0 7992 7996
1516 0 1 7970 0 7971
1517 0 0 7949 0 7949
1518 7880 0 4 0 7884
1519 0 0 0 8066 8066
1520 1 2 6 8119 8128
1521 2 4 2 8164 8172
1522 0 0 8115 0 8115
1523 1 1 0 7982 7984
1524 8119 0 0 0 8119
1525 0 0 0 8129 8129
1526 0 8137 0 0 8137
1527 1 29 0 8130 8160
1528 8181 0 2 0 8183
1529 8152 0 0 0 8152
1530 2 0 1 8211 8214
1531 0 1 0 8190 8191
1532 0 0 0 8173 8173
1533 0 8 3 8156 8167
1534 1 0 8119 0 8120
1535 1 8083 1 3 8088
1536 8165 0 2 1 8168
1537 8165 0 1 0 8166
1538 1 0 0 8247 8248
1539 2 0 8201 0 8203
1540 1 0 8112 0 8113
1541 8169 0 0 3 8172
1542 8169 0 2 0 8171
1543 1674 6529 1 0 8204
1544 1 1 1 8147 8150
1545 4 8137 0 1 8142
1546 0 8130 0 2 8132
1547 0 8191 1 2 8194
1548 0 5 1 8116 8122
1549 2 0 0 8132 8134
1550 3 8196 2 6 8207
1551 26 0 8213 0 8239
1552 0 2 1 8172 8175
1553 0 4 0 8211 8215
1554 0 5 0 8259 8264
1555 4 0 8138 7 8149
1556 1 0 7939 2 7942
1557 1 2 7970 0 7973
1558 3 1 7991 2 7997
1559 0 2 0 7956 7958
1560 0 3 0 8094 8097
1561 6 0 8094 0 8100
1562 2 8058 0 0 8060
1563 0 3 0 8239 8242
1564 1 0 8197 0 8198
1565 1 0 8172 0 8173
1566 8130 0 2 0 8132
1567 0 1 8235 0 8236
1568 0 0 0 8208 8208
1569 8356 0 2 0 8358
1570 8418 0 0 0 8418
1571 8449 0 0 1 8450
1572 0 277 0 8210 8487
1573 5 0 8480 0 8485
1574 8497 0 2 0 8499
1575 8434 0 0 0 8434
1576 0 0 0 8440 8440
1577 2 8439 0 1 8442
1578 8548 0 2 3 8553
1579 0 0 8540 0 8540
1580 1 8536 0 1 8538
1581 8615 37 1 1 8654
1582 0 0 8665 0 8665
1583 8610 0 0 0 8610
1584 0 1 0 8632 8633
1585 8665 1 2 2 8670
1586 0 7 0 8711 8718
1587 7 0 8700 1 8708
1588 10 1 8585 2 8598
1589 0 8564 0 5 8569
1590 8648 0 0 0 8648
1591 8646 0 4 2 8652
1592 0 0 1 8746 8747
1593 8738 0 3 1 8742
1594 2 0 8768 0 8770
1595 0 0 8722 1 8723
1596 8665 0 7 1 8673
1597 8712 1 0 1 8714
1598 0 6 0 8773 8779
1599 4 0 8798 0 8802
1600 8749 0 1 1 8751
1601 0 8821 0 1 8822
1602 8925 0 2 0 8927
1603 8883 0 1 0 8884
1604 0 0 0 8910 8910
1605 8939 0 0 0 8939
1606 8891 0 4 0 8895
1607 0 0 0 8992 8992
1608 9050 0 1 0 9051
1609 9016 0 0 0 9016
1610 8988 0 0 1 8989
1611 2 0 9000 1 9003
1612 9008 0 1 0 9009
1613 9006 0 2 0 9008
1614 1 9021 0 2 9024
1615 9096 0 1 1 9098
1616 9057 0 2 0 9059
1617 1 8998 0 59 9058
1618 9091 1 0 0 9092
1619 1 0 0 8989 8990
1620 3 0 8981 0 8984
1621 8987 0 6 1 8994
1622 0 0 1 8928 8929
1623 1 9102 0 5 9108
1624 9181 0 2 0 9183
1625 9117 0 0 0 9117
1626 2 9103 0 2 9107
1627 9178 0 0 0 9178
1628 9119 0 2 0 9121
1629 0 1 0 9061 9062
1630 1 0 9098 0 9099
1631 5 0 9063 0 9068
1632 9083 0 3 2 9088
1633 9090 0 1 0 9091
1634 0 1 1 9027 9029
1635 3 0 8990 0 8993
1636 2 0 8901 1 8904
1637 0 0 8906 0 8906
1638 2 2 0 8819 8823
1639 1 8826 0 4 8831
1640 2 8918 0 1 8921
1641 8768 0 207 2 8977
1642 0 0 8902 1 8903
1643 2 8911 0 1 8914
1644 8987 1 14 0 9002
1645 8944 0 1 0 8945
1646 1 8924 0 2 8927
1647 8964 0 4 0 8968
1648 3 0 8794 5 8802
1649 3 8790 0 2 8795
1650 8890 2 0 0 8892
1651 3 8964 0 1 8968
1652 9033 0 3 1 9037
1653 8984 0 3 0 8987
1654 8891 1 1 0 8893
1655 1 8621 0 315 8937
1656 8914 1 0 0 8915
1657 1 0 8740 2 8743
1658 2 8609 0 3 8614
1659 7 8641 1 5 8654
1660 8645 2 0 0 8647
1661 0 0 0 8514 8514
1662 8450 0 2 1 8453
1663 0 8432 0 0 8432
1664 8520 0 3 0 8523
1665 4 0 8374 0 8378
1666 3 8347 0 0 8350
1667 0 1 0 8320 8321
1668 8384 0 5 0 8389
1669 0 2 1 8340 8343
1670 0 7 1 8246 8254
1671 5 8213 0 1 8219
1672 8245 0 1 0 8246
1673 0 9 0 8155 8164
1674 8128 0 44 0 8172
1675 3 0 8034 1 8038
1676 1 7940 0 0 7941
1677 0 198 1 7822 8021
1678 4 0 7974 3 7981
1679 7936 0 3 3 7942
1680 0 14 13 7907 7934
1681 0 0 2 7924 7926
1682 7910 1 1 0 7912
1683 0 8 1 7839 7848
1684 7822 0 0 0 7822
1685 0 0 7788 2 7790
1686 7607 0 0 0 7607
1687 0 1 0 7470 7471
1688 7440 0 2 0 7442
1689 3 7397 0 4 7404
1690 7329 1 3 0 7333
1691 0 7333 0 0 7333
1692 6 7324 0 0 7330
1693 2 6 0 7179 7187
1694 7179 0 3 0 7182
1695 0 7244 0 0 7244
1696 7260 0 3 2 7265
1697 7187 0 2 1 7190
1698 7173 0 0 2 7175
1699 0 0 0 7030 7030
1700 2 0 7101 4 7107
1701 0 6968 0 5 6973
1702 1 6979 0 0 6980
1703 6903 0 0 0 6903
1704 0 6820 1 22 6843
1705 6865 5 5 0 6875
1706 12 0 6818 0 6830
1707 71 0 6695 0 6766
1708 0 0 7005 0 7005
1709 0 0 7035 0 7035
1710 6948 1 11 2 6962
1711 2 0 7007 4 7013
1712 6970 0 1 0 6971
1713 0 1 0 6994 6995
1714 0 3 0 6985 6988
1715 1 6984 1 0 6986
1716 0 6999 0 5 7004
1717 7086 0 3 0 7089
1718 6997 0 0 0 6997
1719 6923 0 0 0 6923
1720 1 0 7023 0 7024
1721 0 1 1 6611 6613
1722 6923 0 11 0 6934
1723 5 0 6951 2 6958
1724 6938 1 1 0 6940
1725 6978 2 2 1 6983
1726 4 1 6963 6 6974
1727 0 2 6946 1 6949
1728 6959 0 5 0 6964
1729 7007 0 3 3 7013
1730 7055 0 2 0 7057
1731 20 0 7005 0 7025
1732 7029 0 3 0 7032
1733 4 0 7009 0 7013
1734 7028 0 9 0 7037
1735 6991 1 6 0 6998
1736 0 0 0 7084 7084
1737 3 1 7090 0 7094
1738 7078 0 2 1 7081
1739 7128 1 46 0 7175
1740 7122 0 1 0 7123
1741 7126 0 0 0 7126
1742 0 0 0 7033 7033
1743 12 7074 0 4 7090
1744 7153 0 0 0 7153
1745 0 3 0 7142 7145
1746 7108 0 3 0 7111
1747 7058 0 3 0 7061
1748 7008 1 0 0 7009
1749 4 0 7071 0 7075
1750 0 0 6992 0 6992
1751 6950 1 2 1 6954
1752 0 0 7061 0 7061
1753 2 3 0 6806 6811
1754 0 1 0 6950 6951
1755 7002 0 7 6 7015
1756 0 0 0 7064 7064
1757 1 0 7057 1 7059
1758 4 1 7122 0 7127
1759 4 0 7257 0 7261
1760 7377 0 7 0 7384
1761 7547 0 2 0 7549
1762 7481 0 2 2 7485
1763 7130 335 0 0 7465
1764 9 7524 1 2 7536
1765 7449 0 3 1 7453
1766 0 7565 0 4 7569
1767 0 1 1 7585 7587
1768 7669 0 6 2 7677
1769 7624 2 7 0 7633
1770 7617 0 3 0 7620
1771 0 0 7780 0 7780
1772 0 0 7659 3 7662
1773 7718 2 1 0 7721
1774 7776 2 3 1 7782
1775 1 0 7785 0 7786
1776 7691 0 0 10 7701
1777 3 0 7765 0 7768
1778 7758 0 0 3 7761
1779 0 0 0 7772 7772
1780 0 0 7769 1 7770
1781 3 0 7774 1 7778
1782 1 0 0 7548 7549
1783 47 7646 0 9 7702
1784 1 24 0 7824 7849
1785 7850 1 15 0 7866
1786 0 8 0 7877 7885
1787 0 0 0 7893 7893
1788 7863 0 11 0 7874
1789 3 0 7810 0 7813
1790 0 1 0 7522 7523
1791 7834 0 10 0 7844
1792 4 0 7825 0 7829
1793 2 7815 0 4 7821
1794 7906 0 2 3 7911
1795 11 0 7876 1 7888
1796 7849 0 0 2 7851
1797 0 8 2 7841 7851
1798 5 4 7833 1 7843
1799 1 0 7821 14 7836
1800 0 4 0 7461 7465
1801 8 0 7729 3 7740
1802 2 0 7667 4 7673
1803 9 0 7815 1 7825
1804 0 7806 0 10 7816
1805 2 8078 0 4 8084
1806 2 8432 0 6 8440
1807 8631 0 11 2 8644
1808 8573 6 1 0 8580
1809 0 8690 0 1 8691
1810 8789 2 1 0 8792
1811 1 6 3 8834 8844
1812 0 2 1 8942 8945
1813 0 4 0 8996 9000
1814 8936 0 2 0 8938
1815 0 8999 0 1 9000
1816 9061 1 1 0 9063
1817 9056 0 0 1 9057
1818 0 4 0 9029 9033
1819 4 1 0 9061 9066
1820 1 5 1 9149 9156
1821 4 0 9130 2 9136
1822 9099 0 2 0 9101
1823 4 0 9220 1 9225
1824 9126 0 6 0 9132
1825 9116 0 7 0 9123
1826 9069 1 2 5 9077
1827 0 9262 0 0 9262
1828 1 4 0 9187 9192
1829 0 3 3 9224 9230
1830 6 0 9171 0 9177
1831 0 9146 0 3 9149
1832 9201 2 1 0 9204
1833 2 1 2 9203 9208
1834 9179 0 0 0 9179
1835 1 2 0 9056 9059
1836 3 9025 0 9 9037
1837 2 9041 0 3 9046
1838 3 9074 0 1 9078
1839 9061 1 11 0 9073
1840 0 0 9099 0 9099
1841 8963 0 3 0 8966
1842 8935 0 5 0 8940
1843 8936 0 0 0 8936
1844 0 3 0 8966 8969
1845 9001 0 0 0 9001
1846 5 0 9016 0 9021
1847 1 12 1 8586 8600
1848 8941 1 5 0 8947
1849 0 1 1 8938 8940
1850 2 5 3 8953 8963
1851 16 1 8869 2 8888
1852 8854 0 0 0 8854
1853 8902 1 4 0 8907
1854 5 0 8936 0 8941
1855 0 0 1 8732 8733
1856 8933 3 0 0 8936
1857 1 16 1 8955 8973
1858 9010 0 4 0 9014
1859 8996 0 4 1 9001
1860 0 2 1 8959 8962
1861 3 8943 0 0 8946
1862 0 2 0 8968 8970
1863 8996 3 0 0 8999
1864 8875 0 0 2 8877
1865 0 3 1 8903 8907
1866 1 0 8890 1 8892
1867 1 0 8746 0 8747
1868 8762 0 3 3 8768
1869 2 8829 0 5 8836
1870 2 8789 0 2 8793
1871 4 8886 0 1 8891
1872 0 7 2 8932 8941
1873 0 0 8941 0 8941
1874 8916 0 0 1 8917
1875 8985 1 12 0 8998
1876 0 2 1 9069 9072
1877 8986 0 3 0 8989
1878 2 9078 0 1 9081
1879 9081 0 2 0 9083
1880 9000 0 2 0 9002
1881 8999 10 4 0 9013
1882 3 7 8906 1 8917
1883 0 0 8887 3 8890
1884 0 0 8801 0 8801
1885 7 8996 1 4 9008
1886 3 1 9184 8 9196
1887 11 0 9542 4 9557
1888 0 12 2 9217 9231
1889 0 3 1 9600 9604
1890 9677 0 6 0 9683
1891 1 9954 0 6 9961
1892 0 3 2 10029 10034
1893 0 5 1 10082 10088
1894 1 10041 0 6 10048
1895 10113 0 0 3 10116
1896 1 3 0 10013 10017
1897 2 10028 0 20 10050
1898 0 10306 0 2 10308
1899 3 5 1 10275 10284
1900 0 10352 0 3 10355
1901 10452 0 6 0 10458
1902 10448 3 3 0 10454
1903 10506 0 1 0 10507
1904 10450 0 7 1 10458
1905 0 6 0 10385 10391
1906 0 10344 0 0 10344
1907 0 10334 0 0 10334
1908 5 10516 0 14 10535
1909 0 6 1 10440 10447
1910 0 3 0 10515 10518
1911 1 1 0 10580 10582
1912 4 0 10519 0 10523
1913 0 0 0 10420 10420
1914 25 0 10494 4 10523
1915 0 0 10692 1 10693
1916 7 0 10677 0 10684
1917 10687 0 4 3 10694
1918 4 10870 0 9 10883
1919 10935 0 3 3 10941
1920 0 2 1 10996 10999
1921 0 118 0 10920 11038
1922 0 8 0 11083 11091
1923 214 0 10814 1 11029
1924 0 1 0 10985 10986
1925 11 11064 0 2 11077
1926 0 27 1 11202 11230
1927 11130 0 0 0 11130
1928 0 7 1 11197 11205
1929 0 6 2 11278 11286
1930 6 1 11216 0 11223
1931 11050 4 5 2 11061
1932 330 0 10844 2 11176
1933 6 1 11019 1 11027
1934 3 0 11020 3 11026
1935 0 11235 0 1 11236
1936 11302 6 8 1 11317
1937 0 0 0 11402 11402
1938 1 11478 0 6 11485
1939 11667 0 6 0 11673
1940 11641 2 1 0 11644
1941 11587 2 0 0 11589
1942 7 0 11535 2 11544
1943 11384 0 5 0 11389
1944 30 0 11832 0 11862
1945 4 0 11641 1 11646
1946 1 11725 0 5 11731
1947 11809 0 5 47 11861
1948 5 0 11834 0 11839
1949 11889 0 1 2 11892
1950 4 11989 0 10 12003
1951 11961 0 0 1 11962
1952 0 2 0 12073 12075
1953 12074 0 6 1 12081
1954 12036 0 0 0 12036
1955 2 12107 0 0 12109
1956 3 3 1 11903 11910
1957 4 12197 0 1 12202
1958 5 12271 0 2 12278
1959 12184 0 71 0 12255
1960 0 0 12115 0 12115
1961 1 12139 0 1 12141
1962 12269 1 5 0 12275
1963 10 12279 2 3 12294
1964 12312 2 2 0 12316
1965 1 0 0 12287 12288
1966 12 0 12141 2 12155
1967 2 0 12071 0 12073
1968 2 47 2 11945 11996
1969 1 12058 0 1 12060
1970 4 12216 2 1 12223
1971 12219 0 1 1 12221
1972 37 2 12274 0 12313
1973 1 2 2 12131 12136
1974 12283 0 1 0 12284
1975 12343 0 0 4 12347
1976 12391 0 66 2 12459
1977 1 0 12416 1 12418
1978 12387 1 1 0 12389
1979 12527 0 0 0 12527
1980 12518 1 10 1 12530
1981 12429 0 2 1 12432
1982 0 4 0 12316 12320
1983 21 0 12225 2 12248
1984 1 0 12156 0 12157
1985 12166 0 7 0 12173
1986 1 12227 0 4 12232
1987 0 2 1 12211 12214
1988 12261 0 2 0 12263
1989 2 12242 0 28 12272
1990 2 0 12240 0 12242
1991 12181 8 0 1 12190
1992 0 24 4 12019 12047
1993 2 0 11957 0 11959
1994 0 12054 0 8 12062
1995 48 0 12058 4 12110
1996 1 0 12076 0 12077
1997 0 2 0 11220 11222
1998 45 7 11643 0 11695
1999 1 1 43 12059 12104
2000 4 12512 0 0 12516
2001 1 22 2 12585 12610
2002 5 0 12642 4 12651
2003 3 1 12592 0 12596
2004 12565 1 1 1 12568
2005 12646 0 1 2 12649
2006 4 12730 0 0 12734
2007 0 18 0 12679 12697
2008 0 12737 0 0 12737
2009 12729 1 4 0 12734
2010 1 3 0 12767 12771
2011 12692 0 3 8 12703
2012 1 0 12750 1 12752
2013 2 0 0 12406 12408
2014 0 7 0 12685 12692
2015 8 0 12729 1 12738
2016 3 0 12643 0 12646
2017 12643 0 3 4 12650
2018 15 0 12640 0 12655
2019 12643 0 2 0 12645
2020 12610 1 0 0 12611
2021 1 12572 0 1 12574
2022 1 12585 0 6 12592
2023 12769 5 1 1 12776
2024 12832 0 0 0 12832
2025 12799 0 8 0 12807
2026 12832 2 1 3 12838
2027 4 0 12634 0 12638
2028 12687 0 6 1 12694
2029 12778 1 3 1 12783
2030 12811 1 1 0 12813
2031 0 12807 0 31 12838
2032 12913 0 9 1 12923
2033 1 2 12733 4 12740
2034 12697 4 2 0 12703
2035 3 0 0 12605 12608
2036 2 12845 0 1 12848
2037 2 3 0 12769 12774
2038 12825 0 2 1 12828
2039 1 0 9 12833 12843
2040 12773 0 1 0 12774
2041 0 12727 0 78 12805
2042 0 0 1 12793 12794
2043 12751 2 71 1 12825
2044 12739 1 3 1 12744
2045 12710 1 0 0 12711
2046 3 12788 0 10 12801
2047 12721 0 1 1 12723
2048 0 12830 0 0 12830
2049 2 1 0 12803 12806
2050 4 0 12761 4 12769
2051 12650 1 4 0 12655
2052 0 2 0 12731 12733
2053 0 12711 0 3 12714
2054 12757 1 2 3 12763
2055 21 0 12626 0 12647
2056 12596 0 1 2 12599
2057 0 0 12695 0 12695
2058 0 2 12578 3 12583
2059 12636 0 1 0 12637
2060 12687 2 7 1 12697
2061 6 12692 0 1 12699
2062 12729 5 2 0 12736
2063 0 3 0 12757 12760
2064 3 0 12680 2 12685
2065 12571 1 0 1 12573
2066 0 3 0 12593 12596
2067 1 4 0 12655 12660
2068 2 12705 0 5 12712
2069 0 8 1 12717 12726
2070 2 7 1 12783 12793
2071 2 0 12640 0 12642
2072 12479 0 12 0 12491
2073 3 0 12560 0 12563
2074 2 1 12516 0 12519
2075 12645 0 2 2 12649
2076 12693 0 3 4 12700
2077 3 12658 0 4 12665
2078 12882 0 3 0 12885
2079 12878 1 4 0 12883
2080 0 1 0 12841 12842
2081 0 0 12694 1 12695
2082 0 12581 1 6 12588
2083 0 3 0 12725 12728
2084 12682 1 3 2 12688
2085 1 12765 0 11 12777
2086 14 0 12794 0 12808
2087 2 12789 0 9 12800
2088 1 10 0 13001 13012
2089 13085 1 12 0 13098
2090 13003 1 3 0 13007
2091 13017 3 0 0 13020
2092 0 1 0 13096 13097
2093 3 0 13079 2 13084
2094 2 2 0 12965 12969
2095 0 4 0 13096 13100
2096 4 0 13071 1 13076
2097 3 12978 0 1 12982
2098 13119 0 5 0 13124
2099 12837 0 3 0 12840
2100 0 12892 0 2 12894
2101 4 12985 0 2 12991
2102 0 12 0 13120 13132
2103 13035 2 0 0 13037
2104 1 9 1 12919 12930
2105 3 7 1 13426 13437
2106 0 7 0 13405 13412
2107 3 33 13134 1 13171
2108 13013 0 3 3 13019
2109 59 0 12880 4 12943
2110 1 0 12854 1 12856
2111 0 12617 0 15 12632
2112 1 12903 0 1 12905
2113 1 3 0 13253 13257
2114 1 0 13222 9 13232
2115 1 4 5 13121 13131
2116 1 1 0 13184 13186
2117 0 6 0 13218 13224
2118 0 21 0 13425 13446
2119 13456 1 1 0 13458
2120 13341 0 2 1 13344
2121 7 13296 0 11 13314
2122 13268 1 1 0 13270
2123 0 0 13098 0 13098
2124 0 0 0 12759 12759
2125 4 0 12889 3 12896
2126 2 12908 0 8 12918
2127 12974 0 2 0 12976
2128 1 0 1 12935 12937
2129 2 12971 0 0 12973
2130 12974 0 0 4 12978
2131 0 0 0 12955 12955
2132 12863 0 3 2 12868
2133 2 12909 0 5 12916
2134 12970 5 4 0 12979
2135 3 0 12903 0 12906
2136 34 0 12691 2 12727
2137 12791 1 0 4 12796
2138 12790 0 1 0 12791
2139 11 0 12601 0 12612
2140 0 12472 0 5 12477
2141 2 12536 0 2 12540
2142 12747 0 18 4 12769
2143 0 0 12696 0 12696
2144 1 1 0 12350 12352
2145 13 0 12367 2 12382
2146 1 0 12338 3 12342
2147 2 0 12407 2 12411
2148 0 1 1 12353 12355
2149 1 12382 0 2 12385
2150 12542 1 6 0 12549
2151 12450 2 2 1 12455
2152 1 12525 0 0 12526
2153 12525 0 0 0 12525
2154 1 4 0 12431 12436
2155 12460 0 1 0 12461
2156 1 0 12366 1 12368
2157 0 12298 2 14 12314
2158 12327 0 0 1 12328
2159 0 15 0 12350 12365
2160 1 0 12306 6 12313
2161 23 12135 1 2 12161
2162 0 2 0 12219 12221
2163 2 0 0 12287 12289
2164 1 0 12138 0 12139
2165 12191 0 0 0 12191
2166 6 0 12077 0 12083
2167 1 0 11905 0 11906
2168 1 11827 1 1 11830
2169 0 12 0 11802 11814
2170 11846 0 1 0 11847
2171 1 0 0 11772 11773
2172 13 0 11630 5 11648
2173 1 0 11432 2 11435
2174 1 11133 0 9 11143
2175 2 11041 0 39 11082
2176 2 11247 0 14 11263
2177 11332 0 2 0 11334
2178 0 11378 1 15 11394
2179 11439 0 0 0 11439
2180 2 0 11441 0 11443
2181 11244 0 0 0 11244
2182 0 0 4 11304 11308
2183 1 8 0 11341 11350
2184 11361 1 5 2 11369
2185 11281 0 3 0 11284
2186 12 0 11281 2 11295
2187 11174 0 0 0 11174
2188 11081 0 0 0 11081
2189 1 4 0 11116 11121
2190 20 0 11123 1 11144
2191 0 0 11105 1 11106
2192 11077 0 1 0 11078
2193 2 0 0 11004 11006
2194 40 0 10838 0 10878
2195 1 10802 0 7 10810
2196 10801 2 5 0 10808
2197 1 10886 1 2 10890
2198 2 0 10927 2 10931
2199 10743 0 3 0 10746
2200 0 7 1 10650 10658
2201 2 0 0 10724 10726
2202 10762 0 2 0 10764
2203 2 1 10719 2 10724
2204 10666 0 2 0 10668
2205 1 12 1 10636 10650
2206 0 5 2 10609 10616
2207 10603 0 2 2 10607
2208 1 0 0 10582 10583
2209 1 0 10554 0 10555
2210 10466 0 0 0 10466
2211 10391 0 3 0 10394
2212 2 0 0 10178 10180
2213 0 10278 0 0 10278
2214 10278 3 34 0 10315
2215 4 0 10324 8 10336
2216 10 0 10227 1 10238
2217 5 2 10196 2 10205
2218 10022 0 1 1 10024
2219 1 0 10195 1 10197
2220 10192 0 5 0 10197
2221 10175 0 2 4 10181
2222 0 1 0 10154 10155
2223 1 0 10171 0 10172
2224 0 2 0 9960 9962
2225 5 9945 1 1 9952
2226 9996 1 1 0 9998
2227 9951 0 0 1 9952
2228 9937 0 21 1 9959
2229 39 0 9879 3 9921
2230 739 0 9070 0 9809
2231 9783 0 11 0 9794
2232 1 2 1 9824 9828
2233 17 0 9882 0 9899
2234 9887 0 0 0 9887
2235 4 79 1 9743 9827
2236 0 1 1 9866 9868
2237 0 0 0 9850 9850
2238 0 1 0 9897 9898
2239 1 0 9886 0 9887
2240 9750 0 1 0 9751
2241 12 1 9776 0 9789
2242 9753 0 2 0 9755
2243 9670 0 24 0 9694
2244 9676 0 4 0 9680
2245 5 0 9566 0 9571
2246 1 9413 0 8 9422
2247 9500 0 2 0 9502
2248 9396 0 0 1 9397
2249 3 9 1 9392 9405
2250 11 0 9306 1 9318
2251 2 0 9236 0 9238
2252 2 8964 0 13 8979
2253 0 1 0 9007 9008
2254 0 8981 0 2 8983
2255 8520 0 0 2 8522
2256 0 8983 0 1 8984
2257 1 9044 0 2 9047
2258 2 2 1 9033 9038
2259 0 258 1 8882 9141
2260 2 0 9066 1 9069
2261 0 0 9085 0 9085
2262 0 0 1 8626 8627
2263 2 0 8948 0 8950
2264 8741 0 1 0 8742
2265 0 0 8984 0 8984
2266 8828 0 38 0 8866
2267 0 1 1 8922 8924
2268 0 5 0 8937 8942
2269 3 0 8897 3 8903
2270 1 0 8798 1 8800
2271 159 0 8640 1 8800
2272 0 10 0 8598 8608
2273 8607 0 7 2 8616
2274 1 8582 2 0 8585
2275 8753 0 0 0 8753
2276 0 16 1 8682 8699
2277 8708 0 10 0 8718
2278 0 3 1 8604 8608
2279 8680 0 1 0 8681
2280 8591 0 2 0 8593
2281 0 0 8420 0 8420
2282 0 8155 1 1 8157
2283 2 0 0 7949 7951
2284 0 1 1 7943 7945
2285 1 8105 0 1 8107
2286 4 0 8023 0 8027
2287 7851 0 1 0 7852
2288 7796 0 1 0 7797
2289 3 0 7754 1 7758
2290 7643 0 1 1 7645
2291 0 0 0 7571 7571
2292 0 0 7609 2 7611
2293 1 0 1 7286 7288
2294 0 0 0 7479 7479
2295 2 1 0 7551 7554
2296 7383 0 1 1 7385
2297 3 4 0 7194 7201
2298 0 0 7060 0 7060
2299 1 0 6919 2 6922
2300 4 0 6866 1 6871
2301 3 0 6820 0 6823
2302 0 0 0 6845 6845
2303 0 15 0 6893 6908
2304 6838 0 0 0 6838
2305 1 0 0 6727 6728
2306 0 1 0 6756 6757
2307 1 1 6470 1 6473
2308 0 2 6006 4 6012
2309 0 2 0 5854 5856
2310 8 5814 0 1 5823
2311 5636 0 206 0 5842
2312 0 2 0 5678 5680
2313 3 5632 0 3 5638
2314 5619 0 2 0 5621
2315 1 0 0 5409 5410
2316 2 0 0 5338 5340
2317 0 0 5277 1 5278
2318 5074 0 28 0 5102
2319 5046 0 0 0 5046
2320 0 0 0 4998 4998
2321 4756 0 14 3 4773
2322 140 4683 1 21 4845
2323 4793 0 0 0 4793
2324 0 0 0 4744 4744
2325 21 0 4608 1 4630
2326 4 4407 0 1 4412
2327 1 0 4400 0 4401
2328 4061 0 4 0 4065
2329 0 0 0 4038 4038
2330 3864 0 38 0 3902
2331 5 3788 0 146 3939
2332 3870 1 7 2 3880
2333 4 3912 38 5 3959
2334 3974 0 1 1 3976
2335 3880 2 0 0 3882
2336 3866 0 0 0 3866
2337 0 2 0 3729 3731
2338 10 0 3607 0 3617
2339 3522 0 0 0 3522
2340 1 0 1 3500 3502
2341 0 0 0 3501 3501
2342 3409 0 0 0 3409
2343 3325 0 1 0 3326
2344 3280 0 0 0 3280
2345 3210 2 0 0 3212
2346 1 3 1 2873 2878
2347 3 0 2510 0 2513
2348 2503 0 2 1 2506
2349 2409 0 0 1 2410
2350 2326 0 2 0 2328
2351 2056 0 0 0 2056
2352 1779 0 0 0 1779
2353 1714 0 0 0 1714
2354 8 3 1589 0 1600
2355 1 2 266 0 269
2356 0 229 0 0 229
2357 0 5 0 194 199
2358 0 198 0 0 198
2359 3 0 188 1 192
2360 3 0 0 160 163
2361 0 0 161 0 161
2362 0 0 0 144 144
2363 0 0 0 145 145
2364 0 2 0 136 138
2365 0 133 0 0 133
2366 0 0 0 117 117
2367 38 0 0 0 38
2368 0 38 0 0 38
2369 0 0 0 35 35
2370 0 0 0 30 30
