0 0 0 0 0 0
1 0 0 0 0 0
2 0 0 0 0 0
3 0 0 0 0 0
4 0 0 0 0 0
5 0 0 0 0 0
6 0 0 0 0 0
7 0 0 0 0 0
8 0 0 0 0 0
9 0 7 0 0 7
10 0 0 7 0 7
11 0 0 6 0 6
12 6 0 0 0 6
13 0 0 18 0 18
14 0 19 0 0 19
15 0 29 0 0 29
16 0 0 0 40 40
17 0 0 0 45 45
18 0 0 0 45 45
19 55 0 0 0 55
20 53 0 0 0 53
21 0 0 57 0 57
22 54 0 0 0 54
23 0 0 0 66 66
24 0 0 66 0 66
25 63 0 0 0 63
26 62 0 0 0 62
27 0 0 0 68 68
28 72 0 0 0 72
29 0 0 0 105 105
30 102 0 0 0 102
31 104 0 0 0 104
32 102 0 0 0 102
33 0 0 0 108 108
34 0 105 0 0 105
35 0 196 0 0 196
36 0 0 0 197 197
37 0 0 0 203 203
38 199 0 0 0 199
39 0 212 0 0 212
40 0 0 0 215 215
41 0 0 0 218 218
42 0 0 0 216 216
43 0 236 0 0 236
44 0 0 0 242 242
45 0 262 0 0 262
46 0 0 0 266 266
47 0 0 0 270 270
48 0 281 0 1 282
49 281 0 0 0 281
50 0 0 0 281 281
51 282 0 0 0 282
52 0 0 278 0 278
53 277 0 0 0 277
54 0 0 0 278 278
55 0 0 291 0 291
56 0 0 0 292 292
57 0 0 324 0 324
58 0 337 0 0 337
59 0 340 0 0 340
60 0 346 0 0 346
61 4 0 345 0 349
62 0 0 0 332 332
63 348 0 0 0 348
64 0 347 0 0 347
65 341 0 0 0 341
66 0 0 380 0 380
67 0 0 374 0 374
68 0 382 0 0 382
69 387 0 0 0 387
70 0 0 400 0 400
71 0 394 0 0 394
72 405 0 0 0 405
73 421 0 0 0 421
74 0 0 0 424 424
75 0 0 0 425 425
76 0 0 0 417 417
77 0 429 0 0 429
78 426 0 0 0 426
79 428 0 0 0 428
80 0 430 0 0 430
81 424 0 0 0 424
82 423 0 0 0 423
83 0 422 0 0 422
84 421 0 0 0 421
85 0 0 0 422 422
86 0 0 0 431 431
87 0 429 0 12 441
88 0 440 0 0 440
89 0 438 0 0 438
90 436 0 0 0 436
91 0 0 0 443 443
92 444 0 0 0 444
93 0 446 0 0 446
94 441 0 0 0 441
95 0 442 0 0 442
96 0 0 0 444 444
97 0 0 445 0 445
98 0 0 438 0 438
99 0 0 0 435 435
100 0 0 441 0 441
101 0 0 0 440 440
102 0 0 0 435 435
103 0 440 0 4 444
104 0 442 0 0 442
105 0 441 0 0 441
106 0 443 0 0 443
107 0 439 0 0 439
108 0 0 0 440 440
109 0 0 0 440 440
110 438 0 0 0 438
111 0 0 0 438 438
112 0 0 0 442 442
113 0 438 0 0 438
114 0 441 0 0 441
115 0 442 0 0 442
116 444 0 0 0 444
117 0 0 0 440 440
118 0 0 431 0 431
119 0 0 426 0 426
120 429 0 0 0 429
121 432 0 0 0 432
122 0 429 0 0 429
123 432 0 1 0 433
124 0 0 434 0 434
125 0 0 430 0 430
126 430 0 0 0 430
127 436 0 0 0 436
128 0 430 0 0 430
129 433 0 0 0 433
130 0 0 432 0 432
131 0 0 443 0 443
132 0 0 0 433 433
133 0 0 0 446 446
134 455 0 0 0 455
135 0 1 0 455 456
136 472 0 0 0 472
137 0 466 0 0 466
138 478 0 1 0 479
139 479 0 0 0 479
140 0 0 0 483 483
141 487 0 0 0 487
142 0 0 475 0 475
143 485 0 0 0 485
144 0 489 0 0 489
145 492 0 0 0 492
146 0 493 0 0 493
147 0 0 0 496 496
148 0 0 490 3 493
149 0 0 0 487 487
150 0 0 490 0 490
151 481 0 14 0 495
152 0 0 0 496 496
153 0 497 0 0 497
154 500 0 0 0 500
155 0 0 496 0 496
156 494 0 0 0 494
157 497 0 0 0 497
158 0 499 0 0 499
159 499 0 1 0 500
160 0 501 0 0 501
161 499 0 0 0 499
162 0 0 0 491 491
163 0 0 496 0 496
164 493 0 0 0 493
165 0 0 496 0 496
166 0 0 0 489 489
167 494 0 0 0 494
168 0 495 0 0 495
169 0 0 0 491 491
170 0 499 0 0 499
171 502 0 0 0 502
172 504 0 0 0 504
173 496 0 0 0 496
174 0 495 0 0 495
175 494 0 0 0 494
176 491 0 0 0 491
177 0 0 486 0 486
178 0 0 480 0 480
179 0 0 495 0 495
180 0 0 514 0 514
181 537 0 0 0 537
182 540 0 0 0 540
183 542 0 0 0 542
184 0 537 0 0 537
185 541 0 0 0 541
186 0 0 539 0 539
187 0 0 0 525 525
188 535 0 0 0 535
189 0 540 0 0 540
190 540 0 0 0 540
191 0 0 0 537 537
192 0 0 0 537 537
193 3 0 0 565 568
194 0 615 0 0 615
195 0 0 0 617 617
196 0 0 621 0 621
197 613 0 0 0 613
198 0 0 0 621 621
199 0 0 622 0 622
200 0 1 0 620 621
201 0 0 0 614 614
202 623 0 0 0 623
203 0 617 0 0 617
204 624 0 0 0 624
205 0 0 621 0 621
206 0 0 611 0 611
207 621 0 1 0 622
208 0 0 0 621 621
209 0 0 618 0 618
210 0 623 0 0 623
211 626 0 0 0 626
212 0 645 0 0 645
213 641 0 0 0 641
214 642 0 0 0 642
215 0 0 0 650 650
216 1 0 657 1 659
217 0 0 675 0 675
218 0 0 0 636 636
219 1 0 669 0 670
220 0 0 483 0 483
221 486 0 0 0 486
222 0 0 0 482 482
223 0 491 0 0 491
224 0 484 0 0 484
225 494 0 0 0 494
226 483 0 0 0 483
227 0 492 0 0 492
228 500 0 0 0 500
229 500 0 0 0 500
230 498 0 0 0 498
231 0 0 0 496 496
232 0 0 496 0 496
233 0 0 492 0 492
234 503 0 0 1 504
235 0 494 0 0 494
236 0 527 0 0 527
237 532 0 0 0 532
238 0 0 0 528 528
239 0 0 0 523 523
240 504 0 0 0 504
241 0 506 0 0 506
242 0 496 0 0 496
243 0 500 0 0 500
244 0 0 493 0 493
245 504 0 0 0 504
246 499 0 0 0 499
247 0 0 503 0 503
248 502 0 0 0 502
249 0 0 0 504 504
250 514 0 0 0 514
251 509 0 0 0 509
252 0 0 0 511 511
253 0 0 504 0 504
254 513 0 0 0 513
255 0 0 512 0 512
256 0 520 0 0 520
257 0 529 0 0 529
258 0 0 521 0 521
259 518 0 0 0 518
260 0 0 522 0 522
261 0 0 0 495 495
262 0 0 510 0 510
263 0 525 0 0 525
264 0 529 0 0 529
265 0 0 0 524 524
266 519 0 0 0 519
267 0 0 1 508 509
268 0 0 501 0 501
269 0 495 0 0 495
270 488 0 0 0 488
271 0 477 0 15 492
272 531 0 0 0 531
273 528 0 0 0 528
274 0 14 0 509 523
275 0 0 0 532 532
276 528 0 1 0 529
277 0 0 526 0 526
278 530 0 0 0 530
279 0 0 0 524 524
280 0 0 0 528 528
281 0 0 526 0 526
282 0 527 0 0 527
283 0 0 529 0 529
284 0 0 0 519 519
285 0 525 0 0 525
286 0 0 0 571 571
287 0 0 0 571 571
288 570 0 0 33 603
289 0 0 603 0 603
290 583 1 0 0 584
291 0 0 585 0 585
292 0 0 585 0 585
293 0 578 0 0 578
294 0 0 0 588 588
295 0 0 0 594 594
296 0 0 0 598 598
297 585 0 0 0 585
298 0 0 615 0 615
299 622 0 0 0 622
300 0 0 0 607 607
301 618 0 0 0 618
302 0 0 604 0 604
303 639 0 0 0 639
304 627 0 0 0 627
305 0 0 0 620 620
306 0 0 637 0 637
307 0 0 638 0 638
308 631 0 0 0 631
309 0 0 0 648 648
310 0 0 649 0 649
311 653 0 0 0 653
312 669 0 0 0 669
313 0 0 670 0 670
314 658 0 0 0 658
315 659 0 0 0 659
316 0 650 0 0 650
317 653 0 0 0 653
318 0 678 0 0 678
319 0 677 0 0 677
320 0 679 0 0 679
321 676 0 0 0 676
322 0 0 667 0 667
323 0 0 521 0 521
324 0 1 0 511 512
325 0 521 0 0 521
326 0 0 0 532 532
327 0 0 0 545 545
328 0 0 0 550 550
329 0 0 1 556 557
330 0 0 0 552 552
331 0 548 0 0 548
332 545 0 0 0 545
333 555 0 0 0 555
334 0 0 549 0 549
335 0 541 0 0 541
336 546 0 0 0 546
337 1 0 537 0 538
338 0 530 0 0 530
339 0 544 0 0 544
340 0 0 0 532 532
341 0 535 0 0 535
342 523 0 0 0 523
343 0 530 0 0 530
344 532 0 0 0 532
345 0 0 540 0 540
346 532 0 0 0 532
347 536 0 0 0 536
348 0 0 0 529 529
349 0 0 513 0 513
350 0 504 0 0 504
351 0 0 0 522 522
352 517 0 1 0 518
353 0 0 0 317 317
354 0 0 319 0 319
355 0 0 310 0 310
356 312 4 0 0 316
357 0 0 309 0 309
358 0 0 309 1 310
359 0 303 0 0 303
360 0 293 0 0 293
361 0 279 0 0 279
362 0 0 0 282 282
363 288 0 0 0 288
364 285 0 0 0 285
365 0 0 0 286 286
366 0 0 281 0 281
367 0 0 282 0 282
368 0 0 0 293 293
369 0 295 0 0 295
370 295 0 0 0 295
371 0 297 0 0 297
372 298 0 0 0 298
373 300 0 0 0 300
374 0 304 0 0 304
375 0 0 0 304 304
376 0 0 302 0 302
377 0 0 0 298 298
378 297 0 0 0 297
379 0 0 299 0 299
380 295 0 0 0 295
381 0 314 0 0 314
382 317 0 0 0 317
383 309 0 0 0 309
384 316 0 0 0 316
385 0 311 0 2 313
386 0 0 0 311 311
387 313 0 0 0 313
388 309 0 0 0 309
389 0 310 0 0 310
390 0 317 0 0 317
391 0 320 0 0 320
392 315 0 0 0 315
393 0 0 331 0 331
394 0 0 330 0 330
395 0 0 330 0 330
396 0 0 326 0 326
397 320 0 0 0 320
398 0 0 329 0 329
399 327 0 0 0 327
400 0 328 0 0 328
401 333 0 0 0 333
402 0 0 330 0 330
403 324 0 0 0 324
404 0 329 0 0 329
405 0 0 0 333 333
406 0 0 0 330 330
407 0 0 0 337 337
408 0 0 0 333 333
409 0 0 332 0 332
410 332 0 0 0 332
411 0 0 0 320 320
412 0 0 0 315 315
413 0 0 316 0 316
414 0 0 293 0 293
415 295 0 0 0 295
416 0 295 0 1 296
417 263 0 0 0 263
418 0 0 263 0 263
419 0 0 0 259 259
420 260 0 0 0 260
421 0 0 0 261 261
422 0 0 260 0 260
423 0 300 0 0 300
424 301 0 0 0 301
425 0 0 305 0 305
426 290 0 0 0 290
427 292 0 0 0 292
428 279 0 0 0 279
429 0 285 0 0 285
430 0 293 0 0 293
431 295 0 0 0 295
432 278 0 0 0 278
433 0 284 0 0 284
434 0 244 0 0 244
435 0 0 0 251 251
436 0 0 245 0 245
437 0 250 0 0 250
438 0 0 0 252 252
439 0 0 254 0 254
440 0 252 0 0 252
441 251 0 0 0 251
442 242 0 0 0 242
443 0 247 0 0 247
444 0 0 248 0 248
445 0 0 239 0 239
446 0 239 0 0 239
447 229 0 0 0 229
448 0 219 0 0 219
449 0 0 0 220 220
450 0 0 219 0 219
451 222 0 0 0 222
452 218 0 0 0 218
453 0 0 0 220 220
454 208 0 0 0 208
455 0 216 0 0 216
456 215 0 0 0 215
457 215 0 0 0 215
458 0 214 0 0 214
459 209 0 0 0 209
460 212 0 0 0 212
461 0 0 0 213 213
462 216 0 0 0 216
463 209 0 0 0 209
464 0 212 0 0 212
465 0 213 0 0 213
466 0 0 0 197 197
467 0 212 0 0 212
468 0 0 0 210 210
469 0 0 0 211 211
470 0 0 0 201 201
471 0 0 0 202 202
472 206 0 0 0 206
473 0 0 203 0 203
474 0 0 207 0 207
475 0 0 0 201 201
476 0 0 0 204 204
477 0 0 203 0 203
478 205 0 0 0 205
479 204 0 0 0 204
480 0 0 0 207 207
481 0 0 205 0 205
482 203 0 0 0 203
483 0 0 0 205 205
484 0 0 0 207 207
485 0 0 0 207 207
486 207 0 0 0 207
487 204 0 0 0 204
488 203 0 0 0 203
489 0 0 0 205 205
490 0 0 202 0 202
491 0 0 198 0 198
492 200 0 0 0 200
493 0 0 198 0 198
494 0 200 0 0 200
495 0 204 0 0 204
496 0 0 203 0 203
497 175 0 0 0 175
498 0 172 0 0 172
499 160 0 0 0 160
500 158 0 0 0 158
501 157 0 0 0 157
502 0 0 144 0 144
503 0 0 143 0 143
504 0 0 0 108 108
505 0 0 129 0 129
506 0 0 146 0 146
507 146 0 0 0 146
508 0 0 0 148 148
509 0 0 0 149 149
510 150 0 0 0 150
511 151 0 0 0 151
512 0 0 0 135 135
513 130 0 0 0 130
514 0 97 0 0 97
515 0 104 0 0 104
516 0 0 0 100 100
517 0 0 0 101 101
518 0 0 0 103 103
519 0 0 0 104 104
520 0 0 0 90 90
521 0 0 85 0 85
522 0 86 0 0 86
523 0 78 0 0 78
524 82 0 0 0 82
525 0 0 80 0 80
526 0 0 73 0 73
527 73 0 0 0 73
528 0 0 0 73 73
529 77 0 0 0 77
530 0 0 0 74 74
531 0 76 0 0 76
532 76 0 0 0 76
533 0 0 0 74 74
534 0 0 0 75 75
535 0 0 75 0 75
536 72 0 0 0 72
537 0 0 0 73 73
538 0 0 0 75 75
539 0 75 0 0 75
540 76 0 0 0 76
541 0 0 0 74 74
542 0 0 0 75 75
543 70 0 0 0 70
544 0 0 69 0 69
545 68 0 0 0 68
546 0 70 0 0 70
547 70 0 0 0 70
548 0 0 70 0 70
549 67 0 0 0 67
550 0 68 0 0 68
551 0 66 0 0 66
552 0 0 0 68 68
553 0 0 69 0 69
554 67 0 0 0 67
555 67 0 0 0 67
556 67 0 0 0 67
557 0 0 0 69 69
558 0 0 64 0 64
559 60 0 1 0 61
560 0 64 0 0 64
561 0 0 0 64 64
562 0 0 0 65 65
563 0 0 0 62 62
564 0 63 0 0 63
565 0 0 0 57 57
566 0 0 0 57 57
567 0 58 0 0 58
568 0 0 0 56 56
569 0 56 0 0 56
570 37 0 0 0 37
571 0 0 36 0 36
572 0 0 0 26 26
573 26 0 0 0 26
574 26 0 0 0 26
575 27 0 0 0 27
576 0 0 28 0 28
577 27 0 0 0 27
578 27 0 0 0 27
579 0 0 0 28 28
580 26 0 0 0 26
581 0 0 0 22 22
582 24 0 0 0 24
583 23 0 0 0 23
584 21 0 0 0 21
585 0 0 23 0 23
586 21 0 0 0 21
587 23 0 0 0 23
588 23 0 0 0 23
589 23 0 0 0 23
590 23 0 0 0 23
591 21 0 0 0 21
592 0 0 0 21 21
593 0 0 0 21 21
594 0 0 19 0 19
595 0 21 0 0 21
596 0 22 0 0 22
597 0 0 0 20 20
598 0 0 20 0 20
599 0 20 0 0 20
600 0 23 0 0 23
601 25 0 0 0 25
602 24 0 0 0 24
603 23 1 0 0 24
604 23 0 0 0 23
605 25 0 0 0 25
606 0 24 0 0 24
607 23 0 0 0 23
608 0 0 25 0 25
609 24 0 0 0 24
610 20 0 0 0 20
611 21 0 0 0 21
612 0 0 22 0 22
613 0 0 18 0 18
614 0 0 18 0 18
615 0 0 0 18 18
616 0 0 0 16 16
617 0 0 0 21 21
618 0 21 0 0 21
619 0 23 0 0 23
620 0 0 0 23 23
621 0 22 0 0 22
622 22 0 0 0 22
623 0 0 0 22 22
624 20 0 0 0 20
625 20 0 0 0 20
626 21 0 0 0 21
627 0 0 20 0 20
628 22 0 0 0 22
629 0 0 19 0 19
630 0 0 20 0 20
631 19 0 0 0 19
632 0 0 0 18 18
633 20 0 0 0 20
634 0 20 0 0 20
635 0 20 0 0 20
636 21 0 0 0 21
637 20 0 0 0 20
638 0 0 0 21 21
639 0 0 21 0 21
640 20 0 0 0 20
641 21 0 0 0 21
642 0 0 20 0 20
643 0 0 18 0 18
644 0 0 0 18 18
645 20 0 0 0 20
646 20 0 0 0 20
647 20 0 0 0 20
648 21 0 0 0 21
649 0 0 19 0 19
650 19 0 0 0 19
651 0 19 0 0 19
652 20 0 0 0 20
653 19 0 0 0 19
654 19 0 0 0 19
655 19 0 0 0 19
656 0 0 0 19 19
657 21 0 0 0 21
658 20 0 0 0 20
659 0 19 0 0 19
660 0 20 0 0 20
661 18 0 0 0 18
662 19 0 0 0 19
663 18 0 0 0 18
664 0 0 18 0 18
665 0 0 0 19 19
666 0 0 20 0 20
667 0 0 19 0 19
668 20 0 0 0 20
669 17 0 0 0 17
670 0 0 0 19 19
671 19 0 0 0 19
672 0 19 0 0 19
673 20 0 0 0 20
674 0 0 0 17 17
675 0 19 0 0 19
676 20 0 0 0 20
677 20 0 0 0 20
678 20 0 0 0 20
679 20 0 0 0 20
680 0 0 20 0 20
681 19 0 0 0 19
682 0 0 18 0 18
683 0 16 0 0 16
684 20 0 0 0 20
685 0 0 0 18 18
686 0 0 0 17 17
687 3 0 15 0 18
688 0 0 0 18 18
689 0 19 0 0 19
690 32 0 1 0 33
691 0 0 0 33 33
692 0 0 0 32 32
693 34 0 0 0 34
694 36 0 0 0 36
695 33 0 0 0 33
696 0 36 0 0 36
697 34 0 0 0 34
698 0 35 0 0 35
699 36 0 0 0 36
700 35 0 0 0 35
701 0 0 0 36 36
702 0 0 34 0 34
703 35 0 0 0 35
704 0 33 0 0 33
705 36 0 0 0 36
706 35 0 0 0 35
707 35 0 0 0 35
708 37 0 0 0 37
709 0 0 35 0 35
710 36 0 0 0 36
711 0 34 0 0 34
712 0 0 36 0 36
713 0 36 0 0 36
714 0 0 0 35 35
715 0 0 35 0 35
716 35 0 0 0 35
717 36 0 0 0 36
718 33 0 0 0 33
719 0 0 34 0 34
720 35 0 0 0 35
721 0 0 37 0 37
722 0 0 44 0 44
723 0 0 0 44 44
724 45 0 0 0 45
725 41 0 0 0 41
726 38 0 0 0 38
727 0 39 0 0 39
728 0 0 0 39 39
729 0 0 39 0 39
730 38 0 0 0 38
731 38 0 0 0 38
732 36 0 0 0 36
733 39 0 0 0 39
734 0 0 37 0 37
735 39 0 0 0 39
736 37 0 0 0 37
737 0 0 38 0 38
738 37 0 0 0 37
739 0 0 38 0 38
740 0 39 0 0 39
741 0 0 38 0 38
742 37 0 0 0 37
743 0 0 0 38 38
744 0 0 0 42 42
745 0 0 29 0 29
746 0 31 0 0 31
747 0 32 0 0 32
748 32 0 0 0 32
749 0 32 0 0 32
750 0 0 0 31 31
751 0 0 32 0 32
752 0 34 0 0 34
753 0 0 0 33 33
754 0 0 34 0 34
755 0 0 32 0 32
756 32 0 0 0 32
757 32 0 0 0 32
758 0 0 0 32 32
759 32 0 0 0 32
760 0 33 0 0 33
761 31 0 0 0 31
762 32 0 0 0 32
763 32 0 0 0 32
764 0 0 0 33 33
765 32 0 0 0 32
766 32 0 0 0 32
767 0 0 32 0 32
768 31 0 0 0 31
769 0 0 33 0 33
770 0 0 37 0 37
771 0 0 37 0 37
772 0 0 0 32 32
773 0 0 0 35 35
774 0 0 0 36 36
775 0 0 38 0 38
776 0 0 0 36 36
777 38 0 0 0 38
778 0 0 0 37 37
779 0 0 0 38 38
780 38 0 0 0 38
781 0 0 38 0 38
782 0 0 0 36 36
783 37 0 0 0 37
784 0 0 38 0 38
785 0 0 0 39 39
786 0 0 0 57 57
787 0 0 84 0 84
788 81 0 1 0 82
789 81 0 0 0 81
790 84 0 0 0 84
791 86 0 0 0 86
792 0 92 0 0 92
793 0 0 0 93 93
794 0 0 0 94 94
795 0 0 94 0 94
796 0 0 95 0 95
797 0 95 0 0 95
798 0 0 0 95 95
799 94 0 0 0 94
800 95 0 0 0 95
801 93 0 0 0 93
802 93 0 0 0 93
803 93 0 0 0 93
804 0 0 0 96 96
805 93 0 0 0 93
806 0 0 0 96 96
807 95 0 0 0 95
808 0 0 0 96 96
809 0 0 96 0 96
810 0 0 0 105 105
811 0 0 107 0 107
812 135 0 0 0 135
813 137 0 0 0 137
814 134 0 0 0 134
815 135 0 0 0 135
816 0 0 0 137 137
817 0 137 0 0 137
818 0 0 0 137 137
819 139 0 0 0 139
820 0 0 136 0 136
821 147 0 0 0 147
822 148 0 0 0 148
823 0 147 0 0 147
824 148 0 0 0 148
825 148 0 0 0 148
826 142 0 0 0 142
827 0 0 146 0 146
828 0 0 0 140 140
829 0 0 147 0 147
830 0 0 155 0 155
831 0 0 0 148 148
832 0 0 0 152 152
833 0 0 0 153 153
834 154 0 0 0 154
835 0 155 0 0 155
836 0 157 0 0 157
837 153 0 0 0 153
838 0 0 156 0 156
839 0 0 0 154 154
840 154 0 0 0 154
841 0 0 154 0 154
842 0 0 154 0 154
843 0 13 0 133 146
844 0 0 152 0 152
845 0 0 150 0 150
846 155 0 0 0 155
847 154 0 0 0 154
848 157 0 0 0 157
849 0 157 0 0 157
850 0 0 154 0 154
851 153 0 0 0 153
852 0 0 155 0 155
853 193 0 0 0 193
854 197 0 0 0 197
855 0 0 198 0 198
856 197 0 0 0 197
857 198 0 0 0 198
858 194 0 0 0 194
859 0 0 193 0 193
860 0 193 0 0 193
861 0 200 0 0 200
862 202 0 0 0 202
863 196 0 2 0 198
864 201 0 0 0 201
865 0 206 0 0 206
866 0 0 0 197 197
867 0 0 196 0 196
868 0 0 0 187 187
869 0 194 0 0 194
870 196 0 0 0 196
871 199 0 0 0 199
872 197 0 0 0 197
873 0 0 0 200 200
874 0 0 192 0 192
875 0 193 0 0 193
876 193 0 0 0 193
877 0 0 194 0 194
878 0 0 0 187 187
879 0 0 190 0 190
880 0 0 192 0 192
881 0 192 0 0 192
882 0 191 0 0 191
883 197 0 0 0 197
884 194 0 0 0 194
885 195 0 0 0 195
886 195 0 0 0 195
887 0 0 0 195 195
888 0 0 191 0 191
889 0 192 0 0 192
890 0 0 0 193 193
891 0 192 0 1 193
892 195 0 0 0 195
893 0 0 191 0 191
894 0 193 0 2 195
895 194 0 0 0 194
896 194 0 0 0 194
897 0 196 0 0 196
898 0 0 0 203 203
899 0 0 200 0 200
900 0 200 0 0 200
901 0 198 0 0 198
902 0 200 0 0 200
903 207 0 0 0 207
904 0 205 0 0 205
905 0 208 0 0 208
906 206 0 0 0 206
907 0 0 208 0 208
908 0 0 201 0 201
909 198 0 0 0 198
910 0 0 202 0 202
911 0 0 202 0 202
912 0 0 201 0 201
913 203 0 0 0 203
914 0 200 0 0 200
915 0 205 0 0 205
916 206 0 0 0 206
917 0 0 206 0 206
918 0 207 0 0 207
919 204 0 0 0 204
920 0 0 0 205 205
921 0 0 205 0 205
922 201 0 1 0 202
923 0 203 0 0 203
924 203 0 0 0 203
925 0 0 208 0 208
926 0 0 0 203 203
927 211 0 0 0 211
928 214 0 0 0 214
929 0 214 0 0 214
930 214 0 0 0 214
931 0 0 210 0 210
932 0 0 203 0 203
933 206 0 0 0 206
934 0 0 208 0 208
935 213 0 0 0 213
936 0 216 0 0 216
937 212 0 0 0 212
938 216 0 0 0 216
939 0 0 0 217 217
940 218 0 0 0 218
941 0 222 0 0 222
942 221 0 0 0 221
943 225 0 0 0 225
944 219 0 0 0 219
945 222 0 0 0 222
946 0 0 0 221 221
947 0 0 224 0 224
948 0 0 223 0 223
949 219 0 0 0 219
950 226 0 0 0 226
951 0 0 0 223 223
952 0 0 226 0 226
953 230 0 0 0 230
954 230 0 0 0 230
955 0 0 0 238 238
956 0 0 240 0 240
957 0 0 0 236 236
958 0 0 0 239 239
959 0 0 0 243 243
960 239 0 0 0 239
961 239 0 0 0 239
962 234 0 0 0 234
963 0 234 0 0 234
964 0 235 0 0 235
965 0 238 0 0 238
966 240 0 0 0 240
967 245 0 0 0 245
968 1 0 240 0 241
969 227 0 0 0 227
970 234 0 0 0 234
971 0 0 0 226 226
972 0 226 0 0 226
973 0 0 0 231 231
974 0 0 0 231 231
975 0 0 0 234 234
976 0 0 0 233 233
977 0 0 0 234 234
978 0 0 232 0 232
979 0 0 235 0 235
980 0 231 0 0 231
981 0 237 0 0 237
982 235 0 0 0 235
983 0 0 0 232 232
984 0 0 223 0 223
985 229 0 1 0 230
986 0 233 0 0 233
987 0 0 0 231 231
988 0 0 233 0 233
989 219 0 0 0 219
990 223 0 0 0 223
991 222 0 0 0 222
992 0 0 221 0 221
993 227 0 0 0 227
994 223 0 0 0 223
995 0 0 0 221 221
996 226 0 0 0 226
997 206 0 0 0 206
998 0 202 0 1 203
999 0 204 0 0 204
1000 210 0 0 0 210
1001 0 0 206 0 206
1002 208 0 0 0 208
1003 0 0 191 0 191
1004 196 0 0 0 196
1005 0 197 0 0 197
1006 199 0 0 0 199
1007 0 0 191 0 191
1008 0 194 0 0 194
1009 0 170 0 0 170
1010 0 178 0 0 178
1011 176 0 1 0 177
1012 0 0 176 0 176
1013 0 0 0 164 164
1014 0 0 0 175 175
1015 0 0 0 179 179
1016 0 0 170 0 170
1017 0 0 178 0 178
1018 0 0 0 157 157
1019 0 0 0 163 163
1020 0 165 0 1 166
1021 164 0 0 0 164
1022 0 0 170 0 170
1023 0 0 165 0 165
1024 0 0 170 0 170
1025 166 0 0 0 166
1026 0 0 0 166 166
1027 0 0 0 170 170
1028 0 0 0 170 170
1029 0 0 0 171 171
1030 0 0 0 173 173
1031 0 0 146 0 146
1032 0 0 0 135 135
1033 133 0 0 0 133
1034 0 0 132 0 132
1035 0 0 0 130 130
1036 132 0 0 0 132
1037 0 0 0 114 114
1038 137 0 0 0 137
1039 1 0 130 0 131
1040 0 126 0 0 126
1041 126 0 0 0 126
1042 0 134 0 0 134
1043 0 135 0 0 135
1044 0 0 128 0 128
1045 0 0 128 0 128
1046 0 0 0 126 126
1047 0 124 0 0 124
1048 0 124 0 0 124
1049 0 0 0 125 125
1050 0 0 124 0 124
1051 0 0 0 121 121
1052 0 0 0 123 123
1053 0 113 0 0 113
1054 0 0 0 113 113
1055 0 111 0 0 111
1056 0 113 0 0 113
1057 110 0 0 0 110
1058 114 0 0 0 114
1059 0 0 0 113 113
1060 117 0 0 0 117
1061 112 0 0 0 112
1062 0 0 112 0 112
1063 114 0 0 0 114
1064 0 0 0 115 115
1065 118 0 0 0 118
1066 0 0 123 0 123
1067 4 117 0 0 121
1068 118 0 0 0 118
1069 117 0 0 0 117
1070 0 0 118 0 118
1071 114 0 1 0 115
1072 0 0 0 114 114
1073 0 0 0 118 118
1074 0 0 120 0 120
1075 0 0 106 0 106
1076 0 0 107 0 107
1077 0 0 105 0 105
1078 108 0 0 0 108
1079 107 0 0 0 107
1080 107 0 0 0 107
1081 0 0 101 0 101
1082 0 0 82 0 82
1083 81 0 0 0 81
1084 0 0 0 84 84
1085 0 0 0 82 82
1086 0 0 0 84 84
1087 88 0 0 0 88
1088 0 0 0 84 84
1089 0 0 85 0 85
1090 86 0 0 0 86
1091 0 0 0 83 83
1092 87 0 0 0 87
1093 86 0 0 0 86
1094 0 89 0 0 89
1095 89 0 0 0 89
1096 87 0 0 0 87
1097 0 0 84 0 84
1098 0 81 0 0 81
1099 85 0 0 0 85
1100 84 0 0 0 84
1101 83 0 0 0 83
1102 84 0 0 0 84
1103 0 84 0 0 84
1104 86 0 0 0 86
1105 87 0 0 0 87
1106 85 0 0 0 85
1107 88 0 0 0 88
1108 88 0 0 0 88
1109 0 0 85 0 85
1110 86 0 0 0 86
1111 0 79 0 0 79
1112 0 0 0 83 83
1113 86 0 0 0 86
1114 85 0 0 0 85
1115 84 0 0 0 84
1116 0 0 82 0 82
1117 0 0 75 0 75
1118 0 82 0 0 82
1119 0 0 1 76 77
1120 0 82 0 0 82
1121 70 0 0 0 70
1122 70 0 0 0 70
1123 69 0 0 0 69
1124 0 0 0 65 65
1125 61 0 0 0 61
1126 0 68 0 0 68
1127 0 68 0 0 68
1128 0 0 0 68 68
1129 0 0 1 70 71
1130 0 0 71 0 71
1131 0 1 0 66 67
1132 0 66 0 0 66
1133 0 67 0 0 67
1134 0 0 0 69 69
1135 0 0 66 0 66
1136 68 0 0 0 68
1137 0 0 0 68 68
1138 0 67 0 0 67
1139 0 0 0 68 68
1140 0 0 69 0 69
1141 0 0 0 63 63
1142 0 0 0 69 69
1143 0 0 0 69 69
1144 70 0 0 0 70
1145 0 0 68 0 68
1146 0 1 0 65 66
1147 71 0 0 0 71
1148 0 0 0 70 70
1149 71 0 0 0 71
1150 0 3 0 53 56
1151 0 61 0 0 61
1152 56 0 0 0 56
1153 0 0 0 72 72
1154 0 0 0 71 71
1155 74 0 0 0 74
1156 0 0 71 0 71
1157 71 0 0 0 71
1158 71 0 0 0 71
1159 71 0 0 0 71
1160 0 0 72 0 72
1161 72 0 0 0 72
1162 0 0 0 71 71
1163 72 0 0 0 72
1164 0 0 0 74 74
1165 73 0 0 0 73
1166 70 0 0 0 70
1167 0 0 0 72 72
1168 0 0 67 0 67
1169 66 0 0 0 66
1170 67 0 0 0 67
1171 0 0 65 0 65
1172 64 0 0 0 64
1173 65 0 0 0 65
1174 67 0 0 0 67
1175 0 57 0 0 57
1176 68 0 0 0 68
1177 67 0 0 0 67
1178 0 0 64 0 64
1179 1 0 59 0 60
1180 0 0 67 0 67
1181 0 70 0 0 70
1182 77 0 0 0 77
1183 77 0 0 0 77
1184 74 0 0 0 74
1185 76 0 0 0 76
1186 0 0 0 71 71
1187 0 0 0 78 78
1188 0 0 76 0 76
1189 77 0 0 0 77
1190 77 0 0 0 77
1191 0 0 75 0 75
1192 75 0 0 0 75
1193 73 0 0 0 73
1194 0 0 88 0 88
1195 0 86 0 0 86
1196 0 0 0 85 85
1197 86 0 0 0 86
1198 87 0 0 0 87
1199 84 0 0 0 84
1200 80 0 0 0 80
1201 0 83 0 0 83
1202 0 87 0 0 87
1203 87 0 0 0 87
1204 0 0 0 84 84
1205 0 0 0 85 85
1206 0 84 0 0 84
1207 0 0 0 82 82
1208 0 0 0 84 84
1209 0 83 0 0 83
1210 90 0 0 0 90
1211 87 0 0 0 87
1212 0 0 0 87 87
1213 0 0 89 0 89
1214 88 0 0 0 88
1215 88 0 0 0 88
1216 0 0 90 0 90
1217 87 0 0 0 87
1218 99 0 0 0 99
1219 0 0 99 0 99
1220 0 0 98 0 98
1221 100 0 0 0 100
1222 94 0 0 0 94
1223 0 97 0 0 97
1224 0 0 0 93 93
1225 0 0 95 0 95
1226 0 92 0 0 92
1227 98 0 0 0 98
1228 0 0 0 94 94
1229 0 97 0 0 97
1230 0 0 0 93 93
1231 0 0 0 95 95
1232 0 0 0 95 95
1233 0 0 94 0 94
1234 0 0 0 94 94
1235 0 89 0 0 89
1236 83 0 0 0 83
1237 0 93 0 0 93
1238 0 97 0 0 97
1239 0 0 0 95 95
1240 0 0 93 0 93
1241 0 0 98 0 98
1242 0 0 97 0 97
1243 101 0 0 0 101
1244 0 0 0 100 100
1245 0 0 98 0 98
1246 97 0 0 0 97
1247 0 0 0 98 98
1248 0 0 96 0 96
1249 94 0 0 0 94
1250 0 0 0 96 96
1251 0 0 93 0 93
1252 0 0 94 0 94
1253 0 0 96 0 96
1254 96 0 0 0 96
1255 97 0 0 0 97
1256 0 0 0 98 98
1257 0 0 107 0 107
1258 0 0 0 111 111
1259 0 0 0 110 110
1260 0 0 0 109 109
1261 110 0 0 0 110
1262 110 0 0 0 110
1263 1 0 0 109 110
1264 112 0 0 0 112
1265 0 0 0 107 107
1266 0 0 103 0 103
1267 0 105 0 1 106
1268 0 0 0 106 106
1269 105 0 0 0 105
1270 0 0 0 104 104
1271 0 106 0 0 106
1272 0 0 0 102 102
1273 100 0 0 0 100
1274 0 102 0 0 102
1275 0 105 0 0 105
1276 0 0 105 0 105
1277 0 0 0 101 101
1278 0 0 105 0 105
1279 0 0 0 104 104
1280 0 0 0 107 107
1281 0 0 104 0 104
1282 0 0 104 0 104
1283 0 0 104 0 104
1284 103 0 0 0 103
1285 0 0 107 0 107
1286 0 0 0 105 105
1287 110 0 0 0 110
1288 0 0 107 0 107
1289 0 102 0 0 102
1290 0 0 0 105 105
1291 0 0 96 0 96
1292 0 95 0 0 95
1293 98 0 0 0 98
1294 0 98 0 0 98
1295 0 0 0 99 99
1296 102 0 0 0 102
1297 0 0 100 0 100
1298 0 0 98 0 98
1299 0 0 0 94 94
1300 96 0 0 0 96
1301 0 3 0 93 96
1302 0 95 0 0 95
1303 98 0 0 0 98
1304 99 0 0 0 99
1305 0 0 96 0 96
1306 96 0 0 0 96
1307 93 0 0 0 93
1308 0 97 0 0 97
1309 97 0 0 0 97
1310 0 0 0 95 95
1311 0 0 0 95 95
1312 0 0 96 0 96
1313 0 0 97 0 97
1314 94 0 0 0 94
1315 93 0 0 0 93
1316 92 0 0 0 92
1317 0 88 0 0 88
1318 87 0 0 0 87
1319 87 0 0 0 87
1320 88 0 0 0 88
1321 0 0 88 0 88
1322 87 0 0 0 87
1323 93 0 0 0 93
1324 0 0 0 94 94
1325 93 0 0 0 93
1326 0 97 0 0 97
1327 8 86 0 0 94
1328 0 0 0 94 94
1329 92 0 0 0 92
1330 0 0 0 93 93
1331 0 0 104 0 104
1332 0 0 107 0 107
1333 0 0 104 0 104
1334 104 0 0 0 104
1335 0 0 0 105 105
1336 0 0 104 0 104
1337 0 0 105 0 105
1338 101 0 0 0 101
1339 0 102 0 0 102
1340 0 0 0 105 105
1341 0 0 105 0 105
1342 0 125 0 0 125
1343 126 0 0 0 126
1344 127 0 0 0 127
1345 0 0 0 125 125
1346 0 124 0 0 124
1347 0 0 0 126 126
1348 0 0 0 124 124
1349 0 125 0 0 125
1350 0 0 0 126 126
1351 0 0 130 0 130
1352 129 0 0 0 129
1353 0 0 0 128 128
1354 0 0 153 0 153
1355 147 0 0 0 147
1356 0 0 0 165 165
1357 0 0 0 166 166
1358 0 0 0 167 167
1359 0 0 0 172 172
1360 0 0 172 0 172
1361 0 165 0 0 165
1362 0 0 0 170 170
1363 0 169 0 1 170
1364 0 0 0 169 169
1365 0 0 175 0 175
1366 0 0 0 172 172
1367 0 0 0 166 166
1368 0 0 0 171 171
1369 0 0 172 0 172
1370 0 0 0 169 169
1371 0 0 0 170 170
1372 170 0 0 0 170
1373 171 0 0 0 171
1374 0 0 0 171 171
1375 0 0 169 0 169
1376 0 169 0 0 169
1377 172 0 0 0 172
1378 163 0 0 0 163
1379 161 0 0 0 161
1380 0 0 160 0 160
1381 0 0 159 0 159
1382 157 0 0 0 157
1383 0 0 0 164 164
1384 0 0 157 0 157
1385 162 0 0 0 162
1386 162 0 0 0 162
1387 0 0 161 0 161
1388 157 0 1 0 158
1389 158 1 0 0 159
1390 162 0 0 0 162
1391 0 160 0 0 160
1392 146 0 0 0 146
1393 0 0 0 150 150
1394 0 0 150 0 150
1395 0 0 0 149 149
1396 149 0 0 0 149
1397 0 0 0 152 152
1398 0 0 139 0 139
1399 0 0 138 0 138
1400 128 0 0 0 128
1401 138 0 0 0 138
1402 0 0 136 0 136
1403 0 0 120 0 120
1404 121 0 0 0 121
1405 119 0 0 0 119
1406 0 0 0 125 125
1407 123 0 0 0 123
1408 121 0 0 0 121
1409 120 0 0 0 120
1410 0 123 0 0 123
1411 0 0 118 0 118
1412 111 0 0 0 111
1413 0 119 0 0 119
1414 0 1 0 119 120
1415 0 0 0 115 115
1416 0 0 0 120 120
1417 0 0 0 126 126
1418 125 0 0 0 125
1419 0 122 0 0 122
1420 0 123 0 0 123
1421 0 0 124 0 124
1422 122 0 0 0 122
1423 118 0 0 0 118
1424 0 122 0 0 122
1425 125 0 0 0 125
1426 0 0 0 126 126
1427 0 0 124 0 124
1428 0 0 0 121 121
1429 128 0 0 0 128
1430 123 0 0 0 123
1431 124 0 0 0 124
1432 0 0 0 124 124
1433 0 0 0 127 127
1434 126 0 0 0 126
1435 0 0 0 125 125
1436 0 0 0 127 127
1437 0 0 128 0 128
1438 0 0 125 0 125
1439 0 0 121 0 121
1440 119 0 0 0 119
1441 123 0 0 0 123
1442 0 0 0 123 123
1443 121 0 0 0 121
1444 122 0 0 0 122
1445 123 0 0 0 123
1446 0 122 0 0 122
1447 123 0 0 0 123
1448 0 0 0 119 119
1449 0 0 122 0 122
1450 120 0 0 0 120
1451 0 0 122 0 122
1452 0 140 0 0 140
1453 146 0 0 0 146
1454 145 0 0 0 145
1455 149 0 0 0 149
1456 141 1 0 0 142
1457 139 0 0 0 139
1458 0 0 133 0 133
1459 134 0 0 0 134
1460 139 0 0 0 139
1461 137 0 0 0 137
1462 134 0 0 0 134
1463 0 0 127 0 127
1464 0 0 0 121 121
1465 0 0 0 125 125
1466 128 0 0 0 128
1467 0 140 0 0 140
1468 0 0 0 147 147
1469 0 0 147 0 147
1470 0 0 0 141 141
1471 144 0 0 0 144
1472 147 0 0 0 147
1473 0 0 0 156 156
1474 0 0 152 0 152
1475 147 0 0 0 147
1476 0 0 151 0 151
1477 144 0 0 0 144
1478 0 146 0 0 146
1479 0 0 0 150 150
1480 0 0 155 0 155
1481 0 0 154 0 154
1482 148 0 0 0 148
1483 150 0 0 0 150
1484 0 0 0 150 150
1485 0 0 155 0 155
1486 0 0 0 150 150
1487 0 0 0 152 152
1488 0 0 0 163 163
1489 0 0 161 0 161
1490 163 0 0 0 163
1491 159 0 0 0 159
1492 0 0 0 164 164
1493 0 0 0 163 163
1494 0 0 0 166 166
1495 162 0 0 0 162
1496 0 161 0 0 161
1497 161 0 0 0 161
1498 162 0 0 0 162
1499 0 0 163 0 163
1500 1 159 0 0 160
1501 163 0 0 0 163
1502 0 0 0 162 162
1503 0 0 162 0 162
1504 0 0 0 163 163
1505 0 0 0 162 162
1506 0 162 0 0 162
1507 0 0 0 162 162
1508 161 0 0 0 161
1509 0 161 0 0 161
1510 163 0 0 0 163
1511 0 0 160 0 160
1512 158 0 0 0 158
1513 0 0 161 0 161
1514 157 0 0 0 157
1515 0 0 0 159 159
1516 0 0 156 0 156
1517 0 0 160 0 160
1518 156 0 0 0 156
1519 0 0 0 164 164
1520 0 0 0 167 167
1521 0 0 0 168 168
1522 0 0 167 0 167
1523 0 0 0 163 163
1524 165 0 0 0 165
1525 0 0 0 168 168
1526 0 167 0 0 167
1527 0 0 0 165 165
1528 166 0 0 0 166
1529 167 0 0 0 167
1530 0 0 0 167 167
1531 0 0 0 163 163
1532 0 0 0 164 164
1533 0 0 0 166 166
1534 0 0 165 0 165
1535 0 162 0 1 163
1536 167 0 1 0 168
1537 158 0 0 0 158
1538 0 0 0 161 161
1539 0 0 160 0 160
1540 0 0 158 0 158
1541 158 0 0 0 158
1542 156 0 0 0 156
1543 0 159 0 0 159
1544 0 0 0 162 162
1545 0 162 0 0 162
1546 0 161 0 0 161
1547 0 162 0 0 162
1548 0 0 0 159 159
1549 0 1 0 157 158
1550 0 162 0 0 162
1551 0 0 158 0 158
1552 0 0 0 158 158
1553 1 0 0 165 166
1554 0 0 0 168 168
1555 0 0 163 0 163
1556 0 0 152 0 152
1557 0 0 154 0 154
1558 0 0 158 0 158
1559 0 0 0 164 164
1560 0 1 0 161 162
1561 0 0 161 0 161
1562 0 166 0 0 166
1563 0 0 0 172 172
1564 0 0 169 0 169
1565 0 0 165 0 165
1566 168 0 0 1 169
1567 0 0 170 0 170
1568 0 0 0 169 169
1569 169 0 0 0 169
1570 171 0 0 0 171
1571 169 0 0 0 169
1572 0 0 0 168 168
1573 0 0 172 0 172
1574 179 0 0 0 179
1575 174 0 0 0 174
1576 0 0 0 173 173
1577 0 176 0 0 176
1578 178 0 0 0 178
1579 0 0 173 0 173
1580 0 170 0 0 170
1581 174 0 0 0 174
1582 0 0 176 0 176
1583 173 0 0 0 173
1584 0 0 0 179 179
1585 180 0 0 0 180
1586 0 0 0 183 183
1587 0 0 181 0 181
1588 0 0 176 0 176
1589 0 177 0 0 177
1590 180 0 0 0 180
1591 193 0 0 0 193
1592 0 0 0 193 193
1593 198 0 0 0 198
1594 0 0 200 0 200
1595 0 0 195 0 195
1596 192 0 0 0 192
1597 193 0 0 0 193
1598 0 0 0 195 195
1599 0 0 197 0 197
1600 195 0 1 0 196
1601 0 189 0 0 189
1602 201 0 0 0 201
1603 190 0 0 0 190
1604 0 0 0 177 177
1605 194 0 0 0 194
1606 196 0 0 0 196
1607 0 0 0 196 196
1608 199 0 0 0 199
1609 208 0 0 0 208
1610 208 0 0 0 208
1611 0 0 205 0 205
1612 206 0 0 0 206
1613 205 0 0 0 205
1614 0 211 0 0 211
1615 209 0 0 0 209
1616 202 0 0 0 202
1617 0 206 0 0 206
1618 207 0 0 0 207
1619 0 0 0 208 208
1620 0 0 202 0 202
1621 200 0 0 0 200
1622 0 0 0 195 195
1623 0 206 0 0 206
1624 206 0 0 0 206
1625 209 0 0 0 209
1626 0 204 0 0 204
1627 206 0 0 0 206
1628 204 0 0 0 204
1629 0 0 1 204 205
1630 0 0 206 0 206
1631 0 0 204 0 204
1632 209 0 0 0 209
1633 205 0 0 0 205
1634 0 0 0 203 203
1635 0 0 208 0 208
1636 0 0 201 0 201
1637 0 0 200 0 200
1638 0 0 0 201 201
1639 0 195 0 0 195
1640 21 182 0 0 203
1641 191 0 0 0 191
1642 0 0 187 0 187
1643 0 188 0 0 188
1644 190 0 0 0 190
1645 187 0 0 0 187
1646 0 186 0 0 186
1647 190 0 0 0 190
1648 0 0 185 0 185
1649 0 179 0 0 179
1650 183 0 0 0 183
1651 0 186 0 0 186
1652 191 0 0 0 191
1653 178 0 0 0 178
1654 181 0 0 0 181
1655 0 179 0 0 179
1656 181 0 0 0 181
1657 0 0 183 0 183
1658 0 175 0 0 175
1659 0 179 0 1 180
1660 186 0 0 0 186
1661 0 0 0 182 182
1662 179 0 0 0 179
1663 0 177 0 0 177
1664 180 0 0 0 180
1665 0 0 197 0 197
1666 0 204 0 0 204
1667 0 0 0 205 205
1668 204 0 0 0 204
1669 0 0 0 201 201
1670 0 1 0 198 199
1671 0 180 0 0 180
1672 180 0 0 0 180
1673 0 0 0 182 182
1674 181 0 0 0 181
1675 0 0 181 0 181
1676 0 182 0 0 182
1677 0 0 0 185 185
1678 0 0 183 0 183
1679 181 0 0 0 181
1680 0 0 0 182 182
1681 0 0 0 183 183
1682 182 0 0 0 182
1683 0 0 0 174 174
1684 177 0 0 0 177
1685 0 0 171 0 171
1686 154 0 0 0 154
1687 0 0 0 153 153
1688 146 0 0 0 146
1689 0 152 0 0 152
1690 139 0 0 0 139
1691 0 138 0 0 138
1692 0 137 0 0 137
1693 0 0 0 136 136
1694 135 0 0 0 135
1695 0 137 0 0 137
1696 137 0 0 0 137
1697 139 0 0 0 139
1698 138 0 0 0 138
1699 0 0 0 135 135
1700 0 0 136 0 136
1701 0 140 0 0 140
1702 0 117 0 0 117
1703 118 0 0 0 118
1704 0 117 0 0 117
1705 117 0 0 0 117
1706 0 0 118 0 118
1707 0 0 121 0 121
1708 0 0 178 0 178
1709 0 0 174 0 174
1710 170 0 5 0 175
1711 0 0 179 0 179
1712 175 0 0 0 175
1713 0 0 0 168 168
1714 0 0 0 165 165
1715 0 165 0 0 165
1716 0 166 0 0 166
1717 165 0 0 0 165
1718 161 0 0 0 161
1719 163 0 0 0 163
1720 0 0 168 0 168
1721 0 0 0 153 153
1722 163 0 0 0 163
1723 0 0 163 0 163
1724 156 0 0 0 156
1725 164 0 0 0 164
1726 0 0 165 0 165
1727 0 0 167 0 167
1728 162 0 0 0 162
1729 174 0 0 0 174
1730 171 0 0 0 171
1731 0 0 172 0 172
1732 148 0 0 0 148
1733 0 0 149 0 149
1734 147 0 0 0 147
1735 147 0 0 0 147
1736 0 0 0 150 150
1737 0 0 149 0 149
1738 147 0 0 0 147
1739 151 0 0 0 151
1740 151 0 0 0 151
1741 152 0 0 0 152
1742 0 0 0 150 150
1743 0 149 0 0 149
1744 151 0 0 0 151
1745 0 0 0 149 149
1746 151 0 0 0 151
1747 149 0 0 0 149
1748 150 0 0 0 150
1749 0 0 152 0 152
1750 0 0 148 0 148
1751 147 0 0 0 147
1752 0 0 149 0 149
1753 0 0 0 145 145
1754 0 0 0 151 151
1755 137 0 0 0 137
1756 0 0 0 141 141
1757 0 0 139 0 139
1758 0 0 131 0 131
1759 0 0 139 0 139
1760 143 0 0 0 143
1761 140 0 0 0 140
1762 140 0 0 0 140
1763 140 0 0 0 140
1764 0 140 0 0 140
1765 141 0 0 0 141
1766 0 141 0 0 141
1767 0 0 0 142 142
1768 145 0 0 0 145
1769 140 0 0 0 140
1770 145 0 0 0 145
1771 0 0 145 0 145
1772 0 0 141 0 141
1773 141 0 0 0 141
1774 139 0 0 0 139
1775 0 0 140 0 140
1776 140 0 0 0 140
1777 0 0 142 0 142
1778 143 0 0 0 143
1779 0 0 0 144 144
1780 0 0 130 0 130
1781 0 0 130 0 130
1782 0 0 0 124 124
1783 0 118 0 0 118
1784 0 0 0 127 127
1785 122 0 0 0 122
1786 0 0 0 128 128
1787 0 0 0 128 128
1788 126 0 0 0 126
1789 0 0 128 0 128
1790 0 0 0 121 121
1791 126 0 0 0 126
1792 0 0 123 0 123
1793 0 126 0 0 126
1794 131 0 0 0 131
1795 0 0 129 0 129
1796 130 0 0 0 130
1797 0 0 0 128 128
1798 0 0 130 0 130
1799 0 0 127 0 127
1800 0 0 0 116 116
1801 0 0 127 0 127
1802 1 0 120 0 121
1803 0 0 122 0 122
1804 0 122 0 0 122
1805 0 135 0 0 135
1806 0 135 0 0 135
1807 131 0 0 0 131
1808 131 0 0 0 131
1809 0 135 0 0 135
1810 137 0 0 0 137
1811 0 0 0 130 130
1812 0 0 0 135 135
1813 0 0 0 143 143
1814 142 0 0 0 142
1815 0 151 0 0 151
1816 158 0 0 0 158
1817 158 0 0 0 158
1818 0 0 0 158 158
1819 0 0 0 170 170
1820 0 0 0 175 175
1821 0 0 171 0 171
1822 168 0 0 0 168
1823 0 0 175 0 175
1824 172 0 0 0 172
1825 169 0 0 0 169
1826 167 0 0 0 167
1827 0 172 0 0 172
1828 0 0 0 174 174
1829 0 0 0 172 172
1830 0 0 173 0 173
1831 0 169 0 0 169
1832 170 0 0 0 170
1833 0 0 0 173 173
1834 170 0 0 0 170
1835 0 0 0 170 170
1836 0 165 0 0 165
1837 0 164 0 0 164
1838 0 162 0 0 162
1839 158 0 0 0 158
1840 0 0 157 0 157
1841 154 0 0 0 154
1842 133 0 0 0 133
1843 132 0 0 0 132
1844 0 0 0 131 131
1845 132 0 0 0 132
1846 0 0 134 0 134
1847 0 0 1 124 125
1848 129 0 0 0 129
1849 0 0 0 134 134
1850 0 0 0 132 132
1851 0 0 134 0 134
1852 133 0 0 0 133
1853 130 0 0 0 130
1854 0 0 134 0 134
1855 0 0 0 130 130
1856 133 0 0 0 133
1857 0 0 0 133 133
1858 134 0 0 0 134
1859 129 0 0 0 129
1860 0 0 0 129 129
1861 0 128 0 0 128
1862 0 0 0 150 150
1863 150 0 0 0 150
1864 150 0 0 0 150
1865 0 0 0 149 149
1866 0 0 152 0 152
1867 0 0 149 0 149
1868 146 0 0 0 146
1869 0 153 0 0 153
1870 0 145 0 0 145
1871 0 139 0 0 139
1872 0 0 0 140 140
1873 0 0 142 0 142
1874 143 0 0 0 143
1875 141 0 0 0 141
1876 0 0 0 141 141
1877 139 0 0 0 139
1878 0 141 0 0 141
1879 152 0 0 0 152
1880 155 0 0 0 155
1881 153 0 0 0 153
1882 0 0 140 0 140
1883 0 0 140 0 140
1884 0 0 136 1 137
1885 0 135 0 0 135
1886 1 0 153 0 154
1887 0 0 196 0 196
1888 0 0 0 193 193
1889 0 0 0 194 194
1890 195 0 0 0 195
1891 0 229 0 0 229
1892 0 0 0 231 231
1893 0 0 0 225 225
1894 0 233 0 0 233
1895 228 0 0 0 228
1896 0 0 0 230 230
1897 0 233 0 0 233
1898 0 231 0 0 231
1899 0 0 0 227 227
1900 0 233 0 0 233
1901 235 0 0 0 235
1902 233 0 1 0 234
1903 230 0 0 0 230
1904 227 0 0 0 227
1905 0 0 0 227 227
1906 0 232 0 0 232
1907 0 232 0 0 232
1908 0 231 0 0 231
1909 0 0 0 231 231
1910 0 0 0 235 235
1911 0 0 0 232 232
1912 0 0 235 0 235
1913 0 0 0 227 227
1914 0 0 258 0 258
1915 0 0 258 0 258
1916 0 0 253 0 253
1917 252 0 0 0 252
1918 0 266 0 0 266
1919 266 0 0 0 266
1920 0 0 0 267 267
1921 0 0 0 269 269
1922 0 0 0 269 269
1923 0 0 268 0 268
1924 0 0 0 266 266
1925 0 270 0 0 270
1926 0 0 0 268 268
1927 271 0 0 0 271
1928 0 0 0 269 269
1929 0 0 0 271 271
1930 0 0 270 0 270
1931 264 0 0 0 264
1932 0 0 266 0 266
1933 0 0 261 0 261
1934 0 0 262 0 262
1935 0 267 0 1 268
1936 257 0 0 0 257
1937 0 0 0 257 257
1938 0 259 0 0 259
1939 293 0 0 0 293
1940 290 0 0 0 290
1941 285 0 0 0 285
1942 0 0 290 0 290
1943 285 0 0 0 285
1944 0 0 301 0 301
1945 0 0 298 0 298
1946 0 300 0 0 300
1947 302 0 0 0 302
1948 1 0 302 0 303
1949 304 0 0 0 304
1950 0 323 0 0 323
1951 314 0 0 0 314
1952 0 0 0 315 315
1953 325 0 0 0 325
1954 294 0 0 0 294
1955 0 291 0 0 291
1956 0 0 0 287 287
1957 0 284 0 0 284
1958 0 289 0 0 289
1959 285 0 0 0 285
1960 0 0 289 0 289
1961 0 273 0 0 273
1962 274 0 0 0 274
1963 0 274 0 0 274
1964 273 0 0 0 273
1965 0 0 0 270 270
1966 0 0 274 0 274
1967 0 0 265 0 265
1968 0 0 0 281 281
1969 0 278 0 0 278
1970 0 281 0 1 282
1971 284 0 0 0 284
1972 0 0 286 0 286
1973 0 0 0 286 286
1974 285 0 0 0 285
1975 286 0 0 0 286
1976 284 0 0 0 284
1977 0 0 286 0 286
1978 275 0 0 0 275
1979 266 0 0 0 266
1980 267 0 0 0 267
1981 264 0 0 0 264
1982 0 0 0 266 266
1983 0 0 265 0 265
1984 0 0 264 0 264
1985 263 0 0 0 263
1986 0 264 0 0 264
1987 0 0 0 266 266
1988 260 0 0 0 260
1989 0 267 0 0 267
1990 0 0 265 0 265
1991 263 0 0 0 263
1992 0 0 0 262 262
1993 0 0 263 0 263
1994 0 260 0 0 260
1995 253 0 5 0 258
1996 0 0 257 0 257
1997 0 0 0 254 254
1998 0 0 259 0 259
1999 0 0 0 257 257
2000 0 262 0 0 262
2001 0 0 0 267 267
2002 0 0 266 0 266
2003 0 0 272 0 272
2004 270 0 0 0 270
2005 471 0 0 0 471
2006 0 466 0 0 466
2007 0 0 0 472 472
2008 0 471 0 0 471
2009 471 0 0 0 471
2010 0 0 0 473 473
2011 475 0 0 0 475
2012 0 0 468 0 468
2013 0 0 0 458 458
2014 0 0 0 469 469
2015 0 0 469 0 469
2016 0 0 466 0 466
2017 471 0 0 0 471
2018 0 0 470 0 470
2019 462 0 0 0 462
2020 462 0 0 0 462
2021 3 464 0 0 467
2022 0 463 0 0 463
2023 469 0 0 0 469
2024 471 0 0 0 471
2025 459 0 0 0 459
2026 469 0 0 0 469
2027 0 0 463 0 463
2028 466 0 0 0 466
2029 469 0 0 0 469
2030 462 0 0 0 462
2031 0 469 0 0 469
2032 460 0 0 0 460
2033 0 0 459 0 459
2034 460 0 0 0 460
2035 0 0 0 455 455
2036 0 458 0 0 458
2037 0 0 0 444 444
2038 445 0 0 0 445
2039 0 0 0 440 440
2040 445 0 0 0 445
2041 0 445 0 0 445
2042 0 0 0 443 443
2043 444 0 2 0 446
2044 441 0 0 0 441
2045 441 0 0 0 441
2046 0 444 0 0 444
2047 575 0 0 0 575
2048 0 579 0 0 579
2049 0 0 0 581 581
2050 0 0 577 0 577
2051 568 0 0 0 568
2052 0 0 0 570 570
2053 0 576 0 0 576
2054 579 0 0 0 579
2055 0 0 580 0 580
2056 573 0 0 0 573
2057 0 0 579 0 579
2058 0 0 574 0 574
2059 574 0 0 0 574
2060 578 0 0 0 578
2061 0 579 0 0 579
2062 584 0 0 0 584
2063 0 0 0 586 586
2064 0 0 569 0 569
2065 553 0 0 0 553
2066 1 0 0 554 555
2067 0 0 0 555 555
2068 0 556 0 0 556
2069 0 0 0 556 556
2070 0 0 0 564 564
2071 0 0 544 0 544
2072 539 0 1 0 540
2073 0 0 543 0 543
2074 0 0 553 0 553
2075 557 0 0 0 557
2076 554 0 0 0 554
2077 0 560 0 0 560
2078 564 0 0 0 564
2079 564 0 0 0 564
2080 0 0 0 563 563
2081 0 0 529 0 529
2082 0 522 0 0 522
2083 0 0 0 523 523
2084 509 0 0 0 509
2085 0 505 0 0 505
2086 0 0 508 0 508
2087 0 510 0 0 510
2088 0 0 0 518 518
2089 513 0 0 0 513
2090 513 0 0 0 513
2091 516 0 0 0 516
2092 0 0 0 510 510
2093 0 0 483 0 483
2094 0 0 0 480 480
2095 0 0 0 484 484
2096 1 0 484 0 485
2097 0 473 0 4 477
2098 468 0 0 0 468
2099 449 0 0 0 449
2100 0 466 0 0 466
2101 0 465 0 0 465
2102 0 0 1 427 428
2103 427 0 0 0 427
2104 1 0 0 336 337
2105 0 0 0 353 353
2106 0 0 0 344 344
2107 0 0 337 0 337
2108 338 0 0 0 338
2109 1 0 330 0 331
2110 0 0 329 0 329
2111 0 329 0 0 329
2112 0 370 0 0 370
2113 0 0 0 376 376
2114 0 0 375 0 375
2115 0 0 0 378 378
2116 0 0 0 379 379
2117 0 0 0 381 381
2118 0 0 1 612 613
2119 610 0 0 0 610
2120 605 0 0 0 605
2121 0 615 0 0 615
2122 598 0 0 0 598
2123 0 0 580 0 580
2124 0 0 1 561 562
2125 0 0 550 0 550
2126 0 550 0 1 551
2127 555 0 1 0 556
2128 0 0 0 549 549
2129 0 558 0 0 558
2130 557 0 0 0 557
2131 0 0 0 550 550
2132 564 0 0 0 564
2133 0 556 0 0 556
2134 558 0 1 0 559
2135 1 0 548 0 549
2136 0 0 549 0 549
2137 550 0 0 0 550
2138 551 0 0 0 551
2139 0 0 552 0 552
2140 0 540 0 0 540
2141 0 551 0 0 551
2142 565 0 0 0 565
2143 0 0 559 0 559
2144 0 0 0 549 549
2145 0 0 555 0 555
2146 0 0 551 0 551
2147 0 0 553 0 553
2148 0 0 0 552 552
2149 0 551 0 0 551
2150 562 0 0 0 562
2151 556 0 0 0 556
2152 0 561 0 0 561
2153 557 0 0 0 557
2154 0 0 0 550 550
2155 554 0 0 0 554
2156 0 0 550 0 550
2157 0 548 0 0 548
2158 547 0 0 0 547
2159 0 0 0 559 559
2160 0 0 554 0 554
2161 0 548 0 0 548
2162 0 0 1 551 552
2163 0 0 1 561 562
2164 0 0 541 0 541
2165 542 0 2 0 544
2166 0 0 541 0 541
2167 0 0 527 0 527
2168 0 527 0 0 527
2169 0 0 0 522 522
2170 521 0 0 0 521
2171 0 0 0 529 529
2172 0 0 521 0 521
2173 0 0 522 0 522
2174 0 507 0 0 507
2175 0 511 0 0 511
2176 0 522 0 0 522
2177 517 0 0 0 517
2178 0 525 0 0 525
2179 526 0 0 0 526
2180 0 0 528 0 528
2181 505 0 0 0 505
2182 0 0 0 483 483
2183 0 0 0 476 476
2184 475 0 3 0 478
2185 473 0 0 0 473
2186 458 0 4 0 462
2187 467 0 0 0 467
2188 435 0 0 0 435
2189 0 0 0 424 424
2190 0 0 436 0 436
2191 0 0 432 0 432
2192 437 0 0 0 437
2193 0 0 0 429 429
2194 0 0 422 0 422
2195 0 426 0 0 426
2196 417 0 0 0 417
2197 0 431 0 0 431
2198 0 0 431 0 431
2199 405 0 0 0 405
2200 0 0 0 400 400
2201 0 0 0 413 413
2202 412 0 0 0 412
2203 0 0 423 0 423
2204 415 0 0 0 415
2205 0 0 0 407 407
2206 0 0 0 392 392
2207 391 0 0 0 391
2208 0 0 0 393 393
2209 0 0 390 0 390
2210 385 0 0 0 385
2211 391 0 0 0 391
2212 0 0 0 377 377
2213 0 387 0 0 387
2214 384 0 0 0 384
2215 0 0 394 0 394
2216 0 0 392 0 392
2217 0 0 392 0 392
2218 388 0 0 0 388
2219 0 0 390 0 390
2220 385 0 0 0 385
2221 386 0 0 0 386
2222 0 0 0 394 394
2223 0 28 371 0 399
2224 0 1 0 392 393
2225 0 391 0 0 391
2226 398 0 0 0 398
2227 397 0 0 0 397
2228 393 0 0 0 393
2229 31 0 364 0 395
2230 0 0 360 0 360
2231 359 0 0 0 359
2232 0 0 0 362 362
2233 0 0 364 0 364
2234 380 0 0 0 380
2235 0 0 0 383 383
2236 0 0 0 384 384
2237 0 0 0 391 391
2238 0 0 0 392 392
2239 0 0 389 0 389
2240 385 0 0 0 385
2241 0 0 382 0 382
2242 388 0 0 0 388
2243 351 0 0 0 351
2244 355 0 0 0 355
2245 0 0 352 0 352
2246 0 340 0 0 340
2247 339 0 0 0 339
2248 340 0 0 0 340
2249 0 0 0 341 341
2250 0 0 338 0 338
2251 0 0 339 0 339
2252 0 330 0 0 330
2253 0 0 0 330 330
2254 0 341 0 0 341
2255 325 0 0 0 325
2256 0 337 0 0 337
2257 0 338 0 0 338
2258 0 0 0 337 337
2259 0 0 0 329 329
2260 0 0 326 0 326
2261 0 0 322 0 322
2262 0 0 0 313 313
2263 0 0 316 0 316
2264 309 0 0 0 309
2265 0 0 312 0 312
2266 313 0 0 0 313
2267 0 0 0 319 319
2268 0 1 0 318 319
2269 0 0 312 0 312
2270 1 0 294 0 295
2271 0 0 284 0 284
2272 0 0 0 266 266
2273 267 0 0 0 267
2274 0 270 0 0 270
2275 274 0 0 0 274
2276 0 0 0 275 275
2277 275 0 0 0 275
2278 0 0 0 273 273
2279 276 0 0 0 276
2280 273 0 0 0 273
2281 0 0 269 0 269
2282 0 264 0 0 264
2283 0 0 0 244 244
2284 0 0 0 248 248
2285 0 252 0 0 252
2286 0 0 245 0 245
2287 242 0 0 0 242
2288 246 0 0 0 246
2289 0 0 219 0 219
2290 200 0 0 0 200
2291 0 0 0 199 199
2292 0 0 201 0 201
2293 0 0 0 188 188
2294 0 0 0 188 188
2295 0 0 0 189 189
2296 191 0 0 0 191
2297 0 0 0 175 175
2298 0 0 173 0 173
2299 0 0 172 0 172
2300 0 0 171 0 171
2301 0 0 172 0 172
2302 0 0 0 173 173
2303 0 0 0 148 148
2304 149 0 0 0 149
2305 0 0 0 148 148
2306 0 0 0 146 146
2307 0 0 147 0 147
2308 0 0 133 0 133
2309 0 0 0 133 133
2310 0 132 0 0 132
2311 132 0 0 0 132
2312 0 0 0 128 128
2313 0 130 0 0 130
2314 127 0 0 0 127
2315 0 0 0 130 130
2316 0 0 0 95 95
2317 0 0 94 0 94
2318 91 0 0 0 91
2319 90 0 0 0 90
2320 0 0 0 89 89
2321 90 0 0 0 90
2322 0 90 0 0 90
2323 89 0 0 0 89
2324 0 0 0 91 91
2325 0 0 90 0 90
2326 0 85 0 0 85
2327 0 0 85 0 85
2328 83 0 0 0 83
2329 0 0 0 82 82
2330 82 0 0 0 82
2331 0 0 47 0 47
2332 47 0 0 0 47
2333 0 46 0 0 46
2334 47 0 0 0 47
2335 48 0 0 0 48
2336 47 0 0 0 47
2337 0 0 0 48 48
2338 0 0 44 0 44
2339 43 0 0 0 43
2340 0 0 0 43 43
2341 0 0 0 44 44
2342 40 0 0 0 40
2343 39 0 0 0 39
2344 38 0 0 0 38
2345 39 0 0 0 39
2346 0 0 0 40 40
2347 0 0 40 0 40
2348 40 0 0 0 40
2349 39 0 0 0 39
2350 39 0 0 0 39
2351 38 0 0 0 38
2352 40 0 0 0 40
2353 39 0 0 0 39
2354 0 0 38 0 38
2355 0 0 26 0 26
2356 0 10 0 0 10
2357 0 0 0 11 11
2358 0 12 0 0 12
2359 0 0 12 0 12
2360 0 0 0 10 10
2361 0 0 12 0 12
2362 0 0 0 12 12
2363 0 0 0 12 12
2364 0 0 0 12 12
2365 0 12 0 0 12
2366 0 0 0 12 12
2367 12 0 0 0 12
2368 0 3 0 0 3
2369 0 0 0 3 3
2370 0 0 0 0 0
