0 0 0 0 0 0
1 0 0 0 0 0
2 0 0 33 0 33
3 0 31 0 0 31
4 33 0 0 0 33
5 0 0 33 0 33
6 33 0 0 0 33
7 32 0 0 0 32
8 30 0 11 0 41
9 0 81 0 0 81
10 0 0 197 0 197
11 0 0 198 0 198
12 170 0 64 13 247
13 0 0 300 0 300
14 0 283 0 17 300
15 0 495 0 8 503
16 0 0 0 694 694
17 0 0 0 727 727
18 0 0 0 733 733
19 837 0 0 0 837
20 823 0 0 0 823
21 0 0 1015 0 1015
22 991 0 0 0 991
23 0 0 0 1213 1213
24 0 0 1234 0 1234
25 1235 0 0 0 1235
26 1286 0 0 0 1286
27 0 0 0 1689 1689
28 1724 0 0 0 1724
29 0 0 0 1913 1913
30 1927 0 0 0 1927
31 1934 0 0 0 1934
32 1920 0 0 0 1920
33 0 0 0 1945 1945
34 0 1960 0 1 1961
35 0 2450 0 0 2450
36 0 0 0 2537 2537
37 0 0 0 2763 2763
38 2948 0 0 1 2949
39 0 0 0 3129 3129
40 0 0 0 3450 3450
41 0 0 0 3537 3537
42 0 0 0 3615 3615
43 0 3662 0 0 3662
44 0 14 0 3669 3683
45 0 3701 0 1 3702
46 0 0 0 3708 3708
47 2 0 0 3738 3740
48 0 3755 0 0 3755
49 3759 0 0 0 3759
50 0 1 0 3768 3769
51 3774 0 0 0 3774
52 0 0 3769 0 3769
53 3747 0 0 0 3747
54 0 0 0 3768 3768
55 0 0 3765 0 3765
56 0 0 0 3715 3715
57 0 0 3679 0 3679
58 0 3747 0 8 3755
59 3 3805 0 0 3808
60 0 3841 0 0 3841
61 20 0 3821 0 3841
62 0 0 0 3798 3798
63 3839 2 0 0 3841
64 0 3894 0 0 3894
65 3878 0 1 0 3879
66 0 0 3860 0 3860
67 2 0 3819 1 3822
68 0 3899 0 0 3899
69 3961 2 7 0 3970
70 0 0 4176 0 4176
71 0 4191 0 1 4192
72 4246 0 0 27 4273
73 4290 0 0 0 4290
74 0 0 0 4398 4398
75 0 0 0 4407 4407
76 0 0 0 4367 4367
77 0 4430 1 1 4432
78 4437 0 0 0 4437
79 4453 0 0 0 4453
80 0 4460 0 0 4460
81 4457 0 0 0 4457
82 4414 0 0 0 4414
83 0 4474 0 0 4474
84 4419 0 0 0 4419
85 0 0 0 4450 4450
86 2 0 0 4422 4424
87 0 4473 0 17 4490
88 0 4447 0 1 4448
89 0 4491 0 0 4491
90 4471 1 12 0 4484
91 0 0 0 4498 4498
92 4493 0 0 0 4493
93 0 4547 0 0 4547
94 4497 0 8 0 4505
95 0 4567 0 0 4567
96 0 0 0 4560 4560
97 0 0 4590 0 4590
98 0 0 4546 0 4546
99 0 1 0 4509 4510
100 0 2 4582 0 4584
101 0 1 0 4622 4623
102 0 2 0 4620 4622
103 0 4648 0 1 4649
104 0 4697 0 0 4697
105 0 4705 0 0 4705
106 2 4707 0 1 4710
107 0 4829 0 7 4836
108 1 0 0 4773 4774
109 0 1 0 4822 4823
110 4782 1 0 1 4784
111 0 0 0 4806 4806
112 0 1 0 4750 4751
113 1 4833 0 0 4834
114 0 4809 1 0 4810
115 19 4856 0 2 4877
116 4850 0 1 0 4851
117 1 0 0 4875 4876
118 0 3 4886 0 4889
119 3 0 4834 0 4837
120 4828 0 0 1 4829
121 4904 0 1 0 4905
122 2 4918 0 1 4921
123 4938 0 0 0 4938
124 0 0 4977 1 4978
125 1 0 4998 0 4999
126 4876 1 89 0 4966
127 5005 1 0 1 5007
128 0 5056 0 0 5056
129 5014 0 2 1 5017
130 2 0 5007 0 5009
131 0 0 4996 0 4996
132 0 0 0 4936 4936
133 0 107 0 4944 5051
134 5085 0 0 0 5085
135 0 5073 0 1 5074
136 5076 1 0 0 5077
137 1 5123 0 0 5124
138 5129 1 0 0 5130
139 5122 1 0 0 5123
140 0 0 0 5184 5184
141 5182 0 0 0 5182
142 8 1 5110 0 5119
143 5122 0 0 0 5122
144 0 5167 0 0 5167
145 5143 0 1 0 5144
146 0 5195 0 0 5195
147 0 0 0 5082 5082
148 3 0 5130 0 5133
149 1 0 0 5007 5008
150 0 0 5093 0 5093
151 5187 0 0 0 5187
152 0 0 0 5309 5309
153 4 5317 0 1 5322
154 5314 1 0 0 5315
155 0 0 5298 0 5298
156 5272 0 0 0 5272
157 5329 0 0 0 5329
158 0 5436 0 0 5436
159 148 0 5277 0 5425
160 0 5483 0 0 5483
161 5454 0 1 0 5455
162 0 0 0 5482 5482
163 0 0 5502 0 5502
164 5484 0 0 0 5484
165 22 0 5430 0 5452
166 2 1 0 5384 5387
167 5496 0 2 1 5499
168 0 5566 0 1 5567
169 0 0 0 5539 5539
170 0 5608 0 1 5609
171 5632 0 1 1 5634
172 5600 0 0 0 5600
173 5562 1 0 2 5565
174 0 5573 0 1 5574
175 5580 0 0 19 5599
176 5517 0 0 0 5517
177 0 0 5530 1 5531
178 1 1 5614 0 5616
179 1 0 5659 0 5660
180 3 0 5701 0 5704
181 5956 0 0 0 5956
182 6019 0 18 0 6037
183 6011 0 0 0 6011
184 0 6020 0 0 6020
185 6049 0 0 0 6049
186 0 0 6037 0 6037
187 1 0 0 5937 5938
188 6056 0 1 0 6057
189 3 6078 0 1 6082
190 6043 0 0 0 6043
191 0 0 0 6127 6127
192 0 33 0 6116 6149
193 0 0 0 6290 6290
194 0 6341 0 0 6341
195 0 1 0 6280 6281
196 2 0 6239 0 6241
197 6195 0 0 0 6195
198 0 0 0 6228 6228
199 0 0 6240 0 6240
200 0 0 0 6248 6248
201 0 1 0 6321 6322
202 6285 0 1 0 6286
203 1 6282 0 0 6283
204 6312 1 0 0 6313
205 0 0 6229 17 6246
206 1 0 6177 0 6178
207 6272 0 0 1 6273
208 0 0 0 6319 6319
209 1 0 6311 0 6312
210 1 6387 0 1 6389
211 6410 0 0 0 6410
212 0 6478 0 2 6480
213 6463 0 0 0 6463
214 6472 0 0 0 6472
215 0 0 0 6628 6628
216 0 0 6686 0 6686
217 0 0 6666 0 6666
218 0 0 0 6439 6439
219 0 0 6793 13 6806
220 0 0 6805 1 6806
221 6833 0 0 0 6833
222 0 1 0 6795 6796
223 0 6823 0 0 6823
224 0 6958 0 1 6959
225 7124 1 2 0 7127
226 7123 0 0 0 7123
227 36 7195 0 0 7231
228 7270 1 1 0 7272
229 7198 0 0 0 7198
230 7216 0 0 0 7216
231 0 1 0 7091 7092
232 1 0 7072 0 7073
233 2 0 7035 0 7037
234 7241 0 0 0 7241
235 0 7235 0 1 7236
236 1 7374 0 3 7378
237 7512 0 0 1 7513
238 0 0 0 7502 7502
239 0 1 0 7483 7484
240 7405 0 1 0 7406
241 0 7548 0 1 7549
242 0 7526 0 27 7553
243 0 7620 0 0 7620
244 18 0 7636 0 7654
245 7528 0 1 0 7529
246 7572 0 3 1 7576
247 0 0 7670 0 7670
248 7704 0 1 1 7706
249 0 0 2 7751 7753
250 7833 0 1 0 7834
251 7773 0 1 0 7774
252 0 1 0 7813 7814
253 1 0 7727 0 7728
254 7719 0 1 0 7720
255 1 1 7683 4 7689
256 0 7696 0 3 7699
257 1 7760 0 4 7765
258 5 0 7779 0 7784
259 7667 0 9 1 7677
260 0 0 7655 0 7655
261 1 1 0 7325 7327
262 2 0 7522 1 7525
263 0 7498 4 0 7502
264 2 7593 0 3 7598
265 1 4 0 7653 7658
266 7629 1 2 1 7633
267 1 1 0 7585 7587
268 0 0 7686 0 7686
269 0 7661 0 0 7661
270 7632 1 0 0 7633
271 0 7686 0 0 7686
272 7722 0 2 1 7725
273 7730 0 0 0 7730
274 1 4 0 7735 7740
275 0 1 0 7808 7809
276 7743 1 0 0 7744
277 0 0 7673 0 7673
278 7709 2 0 0 7711
279 0 0 0 7638 7638
280 0 75 0 7748 7823
281 1 0 7769 0 7770
282 0 7717 0 4 7721
283 1 0 7800 0 7801
284 0 3 0 7615 7618
285 0 7650 0 78 7728
286 0 35 0 7806 7841
287 0 0 0 7928 7928
288 7806 0 1 0 7807
289 0 1 7789 0 7790
290 7390 0 35 0 7425
291 133 0 7492 0 7625
292 0 0 7570 0 7570
293 0 7610 0 0 7610
294 0 9 0 7606 7615
295 0 0 0 7681 7681
296 0 2 0 7699 7701
297 7406 1 120 0 7527
298 0 0 7584 0 7584
299 7574 0 0 0 7574
300 0 1 0 7595 7596
301 7660 0 0 0 7660
302 1 0 7608 0 7609
303 7674 0 1 0 7675
304 7665 0 0 1 7666
305 0 1 0 7660 7661
306 0 0 7707 0 7707
307 1 0 7695 0 7696
308 7682 0 3 0 7685
309 0 1 1 7734 7736
310 3 0 7709 0 7712
311 7798 2 0 0 7800
312 7829 1 2 0 7832
313 63 0 7776 0 7839
314 7731 0 0 0 7731
315 7597 0 0 0 7597
316 0 7657 0 1 7658
317 7433 0 0 1 7434
318 0 7811 0 0 7811
319 1 7878 0 2 7881
320 0 8065 0 1 8066
321 8109 0 3 0 8112
322 21 0 8086 1 8108
323 3 0 8141 0 8144
324 0 49 0 7607 7656
325 6 7934 0 6 7946
326 0 10 0 7958 7968
327 0 2 2 8068 8072
328 0 1 1 8103 8105
329 0 0 1 8107 8108
330 0 2 0 8048 8050
331 0 8044 0 1 8045
332 8116 0 0 0 8116
333 7970 0 1 0 7971
334 0 0 7819 1 7820
335 0 7795 0 1 7796
336 7861 0 1 0 7862
337 0 0 7686 1 7687
338 0 7632 0 1 7633
339 0 7713 0 0 7713
340 1 2 0 7743 7746
341 0 7758 0 17 7775
342 7785 0 2 0 7787
343 1 7709 0 0 7710
344 7771 0 0 1 7772
345 4 0 7730 0 7734
346 7643 0 2 0 7645
347 7553 1 0 0 7554
348 0 2 0 7505 7507
349 1 0 7535 0 7536
350 0 7507 0 0 7507
351 0 338 0 7207 7545
352 7640 0 0 0 7640
353 0 0 0 7743 7743
354 1 0 7731 0 7732
355 1 0 7665 0 7666
356 7746 0 1 1 7748
357 0 0 7622 0 7622
358 1 0 7686 1 7688
359 0 7658 0 2 7660
360 0 7629 0 1 7630
361 1 7716 0 3 7720
362 0 1 0 7892 7893
363 7878 0 1 0 7879
364 7832 0 0 1 7833
365 0 0 1 7858 7859
366 3 0 7809 0 7812
367 3 27 7844 1 7875
368 0 1 1 7921 7923
369 15 8100 0 0 8115
370 8141 0 2 0 8143
371 0 8409 0 0 8409
372 8433 0 1 0 8434
373 8435 0 0 0 8435
374 0 8509 0 0 8509
375 0 0 0 8448 8448
376 1 0 8485 0 8486
377 0 2 1 8364 8367
378 8330 0 171 0 8501
379 1 0 8600 1 8602
380 8540 0 0 3 8543
381 1 8589 0 0 8590
382 8723 0 14 1 8738
383 8535 1 4 0 8540
384 8596 0 0 0 8596
385 1 1 0 8531 8533
386 0 0 0 8514 8514
387 8507 0 1 0 8508
388 8327 0 0 0 8327
389 0 8451 0 0 8451
390 0 8421 0 2 8423
391 1 8420 0 3 8424
392 8446 0 26 0 8472
393 0 0 8527 1 8528
394 0 0 8964 1 8965
395 0 0 8944 0 8944
396 1230 0 7683 0 8913
397 8845 1 22 0 8868
398 0 0 8968 0 8968
399 8844 0 149 1 8994
400 0 9077 0 2 9079
401 9107 0 1 0 9108
402 53 0 9019 0 9072
403 8869 0 4 1 8874
404 0 9064 0 1 9065
405 0 0 1 9237 9238
406 0 0 0 9259 9259
407 0 1 0 9291 9292
408 0 37 0 9236 9273
409 0 0 9187 1 9188
410 9087 0 0 1 9088
411 0 0 2 9180 9182
412 1 0 0 9174 9175
413 0 0 9154 0 9154
414 0 1 8989 0 8990
415 8922 1 3 1 8927
416 0 9008 0 0 9008
417 8694 0 0 1 8695
418 0 0 8577 88 8665
419 0 109 0 8375 8484
420 8560 0 46 1 8607
421 0 1 0 8611 8612
422 4 0 8555 0 8559
423 0 8634 0 3 8637
424 8762 0 1 0 8763
425 0 0 8647 0 8647
426 8605 0 0 1 8606
427 8561 0 2 0 8563
428 8375 1 1 0 8377
429 0 8488 0 0 8488
430 0 8312 0 0 8312
431 8309 0 68 0 8377
432 8088 0 1 0 8089
433 0 8317 0 0 8317
434 0 8133 0 0 8133
435 0 1 0 8017 8018
436 1 0 7962 2 7965
437 0 8016 0 1 8017
438 1 246 0 7758 8005
439 8 0 7906 1 7915
440 0 7881 0 0 7881
441 7879 0 0 0 7879
442 7798 1 0 1 7800
443 0 7904 0 0 7904
444 25 0 7833 0 7858
445 10 0 7697 0 7707
446 0 7713 0 3 7716
447 7650 1 0 0 7651
448 0 7647 0 0 7647
449 0 2 0 7597 7599
450 0 0 7612 1 7613
451 7519 2 0 0 7521
452 7560 1 1 0 7562
453 0 1 0 7464 7465
454 7447 0 0 0 7447
455 0 7514 0 1 7515
456 7435 0 1 0 7436
457 7324 0 1 0 7325
458 0 7410 0 1 7411
459 7331 1 0 0 7332
460 7292 0 0 0 7292
461 0 0 0 7224 7224
462 7269 1 0 0 7270
463 7065 1 2 1 7069
464 1 7073 0 0 7074
465 0 6942 0 0 6942
466 0 1 0 6757 6758
467 0 6843 0 0 6843
468 0 0 0 6775 6775
469 0 0 1 6762 6763
470 0 0 0 6670 6670
471 0 0 0 6707 6707
472 6692 0 0 0 6692
473 0 0 6547 0 6547
474 0 0 6480 0 6480
475 0 0 1 6301 6302
476 0 0 1 6410 6411
477 0 0 6351 0 6351
478 6289 1 0 2 6292
479 6314 1 2 1 6318
480 0 0 0 6329 6329
481 1 0 6336 0 6337
482 6259 0 3 4 6266
483 1 0 0 6302 6303
484 0 0 0 6297 6297
485 1 0 0 6272 6273
486 6286 0 0 1 6287
487 6267 1 1 0 6269
488 6214 0 0 0 6214
489 0 0 0 6179 6179
490 0 0 6147 0 6147
491 1 1 5997 0 5999
492 5929 1 3 0 5933
493 0 1 6023 0 6024
494 0 5825 0 13 5838
495 0 5891 0 1 5892
496 3 0 5829 0 5832
497 5782 0 0 1 5783
498 0 5740 2 0 5742
499 5789 0 1 0 5790
500 5737 0 0 0 5737
501 5710 0 0 0 5710
502 0 0 5707 0 5707
503 0 0 5689 1 5690
504 0 1 0 5178 5179
505 0 0 5502 1 5503
506 1 0 5626 0 5627
507 5645 1 0 0 5646
508 0 1 0 5682 5683
509 1 1 0 5730 5732
510 5699 0 1 0 5700
511 5682 0 0 0 5682
512 0 0 0 5627 5627
513 5414 0 0 0 5414
514 0 5578 0 1 5579
515 1 5564 0 0 5565
516 0 14 1 5418 5433
517 0 0 1 5466 5467
518 30 0 0 5467 5497
519 0 0 0 5450 5450
520 1 0 0 5424 5425
521 1 0 5209 0 5210
522 0 5059 1 17 5077
523 0 5007 0 8 5015
524 5020 0 1 0 5021
525 0 0 5006 0 5006
526 1 0 4997 0 4998
527 4983 0 0 0 4983
528 0 0 0 5030 5030
529 5035 0 0 1 5036
530 1 1 0 4968 4970
531 0 4941 0 13 4954
532 5042 1 1 1 5045
533 0 1 0 4961 4962
534 0 1 0 4906 4907
535 2 0 4841 1 4844
536 4831 1 1 0 4833
537 0 0 0 4846 4846
538 0 0 0 4886 4886
539 1 4733 2 2 4738
540 4783 0 0 1 4784
541 0 0 1 4775 4776
542 0 0 0 4724 4724
543 4746 1 0 0 4747
544 0 0 4696 0 4696
545 4704 1 3 1 4709
546 0 4675 0 0 4675
547 4687 1 1 2 4691
548 0 1 4656 0 4657
549 4514 2 2 0 4518
550 11 4588 0 0 4599
551 4 4715 0 0 4719
552 0 1 0 4724 4725
553 0 0 4687 0 4687
554 4658 0 1 0 4659
555 4635 0 1 0 4636
556 4635 0 1 0 4636
557 0 0 1 4536 4537
558 2 0 4548 2 4552
559 4538 1 1 0 4540
560 0 4538 0 0 4538
561 0 0 1 4473 4474
562 0 2 0 4457 4459
563 0 2 1 4421 4424
564 0 4454 1 0 4455
565 0 0 0 4368 4368
566 0 3 0 4343 4346
567 0 4349 0 0 4349
568 0 0 0 4293 4293
569 3 4348 0 0 4351
570 4260 0 9 0 4269
571 3 0 4168 0 4171
572 0 0 1 4101 4102
573 4168 0 1 0 4169
574 4164 0 0 1 4165
575 4141 1 0 0 4142
576 7 1 4109 0 4117
577 4099 0 0 0 4099
578 4074 1 0 0 4075
579 0 0 0 4017 4017
580 3939 0 1 2 3942
581 0 0 0 3922 3922
582 3863 0 0 0 3863
583 3817 0 0 0 3817
584 3760 0 0 0 3760
585 1 0 3691 0 3692
586 3627 0 0 0 3627
587 3637 1 0 0 3638
588 3632 1 1 0 3634
589 3637 0 0 0 3637
590 3578 1 0 0 3579
591 3573 1 0 0 3574
592 28 0 0 3393 3421
593 0 5 0 3368 3373
594 0 0 3351 0 3351
595 0 3302 3 13 3318
596 0 3337 0 0 3337
597 3 165 14 3120 3302
598 0 1 3248 0 3249
599 0 3172 0 0 3172
600 0 3237 0 1 3238
601 3308 0 0 0 3308
602 3259 0 0 0 3259
603 3246 1 0 0 3247
604 3214 0 0 0 3214
605 3169 0 0 0 3169
606 1 3090 0 1 3092
607 3106 1 1 0 3108
608 0 0 3089 0 3089
609 3044 0 0 0 3044
610 3052 0 0 0 3052
611 2977 0 0 0 2977
612 1 0 2888 1 2890
613 0 0 2898 0 2898
614 0 0 2953 0 2953
615 0 0 1 2886 2887
616 0 0 1 2949 2950
617 0 0 0 2931 2931
618 0 2899 0 6 2905
619 15 2912 0 0 2927
620 0 1 0 2891 2892
621 0 2936 0 0 2936
622 2924 0 12 0 2936
623 0 1 0 2935 2936
624 2959 0 0 0 2959
625 2911 0 0 0 2911
626 2928 0 0 0 2928
627 2 0 2880 0 2882
628 2910 0 0 0 2910
629 0 0 2867 1 2868
630 1 1 2760 0 2762
631 2704 0 67 0 2771
632 0 0 0 2735 2735
633 2704 0 0 0 2704
634 0 2634 0 0 2634
635 0 2699 0 0 2699
636 2734 0 1 0 2735
637 2729 0 0 0 2729
638 0 0 1 2738 2739
639 0 0 2701 0 2701
640 2668 0 0 0 2668
641 2682 0 0 0 2682
642 1 0 2648 0 2649
643 1 0 2689 0 2690
644 0 0 2 2422 2424
645 2726 0 0 0 2726
646 2741 0 0 0 2741
647 2744 0 0 0 2744
648 2685 2 0 0 2687
649 0 0 2645 0 2645
650 2588 0 18 0 2606
651 0 2629 0 1 2630
652 2658 0 1 0 2659
653 2669 0 8 0 2677
654 2721 0 0 0 2721
655 2732 0 1 0 2733
656 0 0 0 2662 2662
657 2715 0 0 0 2715
658 2668 1 1 4 2674
659 0 2684 0 0 2684
660 0 2710 0 0 2710
661 2736 0 1 0 2737
662 2726 0 1 0 2727
663 2683 0 8 0 2691
664 0 0 2684 0 2684
665 0 0 0 2588 2588
666 1 0 2692 0 2693
667 0 0 2714 1 2715
668 2744 0 13 0 2757
669 2767 0 0 0 2767
670 0 0 1 2759 2760
671 2726 3 1 1 2731
672 0 2724 0 1 2725
673 2714 0 0 0 2714
674 1 0 0 2657 2658
675 0 2745 0 0 2745
676 2777 0 0 0 2777
677 2796 0 0 0 2796
678 2820 0 0 0 2820
679 2832 0 0 0 2832
680 0 0 2852 0 2852
681 2842 0 1 0 2843
682 0 0 2816 0 2816
683 0 2765 0 1 2766
684 2829 0 0 0 2829
685 1 0 0 2842 2843
686 0 0 0 2859 2859
687 2839 0 1 0 2840
688 0 0 1 2743 2744
689 1 2775 0 0 2776
690 2835 1 0 0 2836
691 1 0 0 2823 2824
692 2 1 0 2840 2843
693 2835 0 0 1 2836
694 2817 0 0 0 2817
695 2784 1 0 0 2785
696 0 2801 0 1 2802
697 2747 0 0 0 2747
698 0 2766 0 1 2767
699 2748 0 1 0 2749
700 2727 0 0 0 2727
701 0 0 1 2728 2729
702 0 0 2713 0 2713
703 2656 0 0 0 2656
704 1 2687 0 0 2688
705 2751 0 1 0 2752
706 2710 0 0 0 2710
707 2715 0 1 0 2716
708 2697 5 10 0 2712
709 1 0 2705 0 2706
710 2689 0 0 10 2699
711 0 2463 0 255 2718
712 1 0 2729 9 2739
713 0 2676 0 0 2676
714 0 0 0 2723 2723
715 2 0 2752 1 2755
716 2797 0 0 0 2797
717 2801 0 0 0 2801
718 2815 0 0 0 2815
719 0 0 2740 0 2740
720 2747 0 1 0 2748
721 0 0 2826 0 2826
722 0 0 2840 0 2840
723 0 1 0 2636 2637
724 2876 0 0 0 2876
725 2917 0 1 0 2918
726 2944 0 0 0 2944
727 0 2984 0 0 2984
728 0 0 0 3072 3072
729 0 1 3101 1 3103
730 3088 0 1 1 3090
731 3096 0 0 0 3096
732 3107 0 0 0 3107
733 3179 0 2 0 3181
734 0 0 3155 0 3155
735 3216 0 0 0 3216
736 3231 0 0 1 3232
737 0 0 3194 0 3194
738 3169 0 13 0 3182
739 0 0 3227 0 3227
740 0 3216 0 1 3217
741 136 0 3204 1 3341
742 3353 0 0 0 3353
743 0 0 0 3332 3332
744 1 0 18 3346 3365
745 0 0 3269 0 3269
746 0 3248 0 4 3252
747 1 3316 0 0 3317
748 3333 0 0 0 3333
749 0 3359 0 0 3359
750 0 0 0 3317 3317
751 0 0 3339 0 3339
752 0 3499 0 3 3502
753 0 0 0 3491 3491
754 0 0 3490 0 3490
755 0 0 3417 0 3417
756 3392 0 0 0 3392
757 3405 0 0 0 3405
758 0 0 0 3408 3408
759 3423 0 0 0 3423
760 3 3419 0 2 3424
761 3440 0 2 1 3443
762 3387 0 0 0 3387
763 3472 0 1 0 3473
764 0 0 0 3492 3492
765 3453 0 0 0 3453
766 3513 14 0 7 3534
767 1 0 3570 0 3571
768 3480 0 1 0 3481
769 1 0 3511 0 3512
770 6 0 3543 1 3550
771 0 0 3611 0 3611
772 0 0 0 3384 3384
773 1 0 0 3635 3636
774 0 0 0 3693 3693
775 1 0 3716 0 3717
776 0 0 0 3589 3589
777 3739 0 1 0 3740
778 2 0 0 3729 3731
779 0 0 0 3743 3743
780 3787 0 0 0 3787
781 0 0 3802 1 3803
782 0 0 0 3702 3702
783 3777 0 5 4 3786
784 0 0 3885 1 3886
785 0 28 0 3892 3920
786 0 0 0 4265 4265
787 2 0 4249 0 4251
788 4224 0 2 0 4226
789 4237 0 0 0 4237
790 4238 0 1 0 4239
791 4226 1 0 0 4227
792 0 4414 0 0 4414
793 0 0 0 4377 4377
794 0 0 0 4409 4409
795 1 0 4394 0 4395
796 1 0 4309 0 4310
797 1 4292 0 0 4293
798 0 0 0 4359 4359
799 4352 0 0 0 4352
800 4307 0 0 0 4307
801 4286 0 0 0 4286
802 4297 0 1 0 4298
803 4287 0 0 0 4287
804 0 0 1 4285 4286
805 4316 0 0 0 4316
806 0 2 0 4278 4280
807 4280 0 1 0 4281
808 1 0 0 4291 4292
809 0 0 4314 0 4314
810 0 0 0 4252 4252
811 0 0 4351 0 4351
812 4365 0 0 0 4365
813 4384 0 0 1 4385
814 4409 0 0 0 4409
815 4406 0 0 1 4407
816 0 0 0 4404 4404
817 0 4489 0 0 4489
818 0 0 0 4500 4500
819 4505 0 0 0 4505
820 0 0 4512 1 4513
821 4462 0 0 0 4462
822 4098 0 339 0 4437
823 1 4492 0 0 4493
824 4510 0 0 0 4510
825 4530 0 0 0 4530
826 4564 18 1 0 4583
827 0 0 4624 0 4624
828 0 0 0 4586 4586
829 0 0 4638 0 4638
830 0 0 4681 0 4681
831 0 0 0 4637 4637
832 0 0 0 4692 4692
833 0 28 1 4691 4720
834 4695 0 0 0 4695
835 1 4655 0 1 4657
836 2 4689 0 1 4692
837 4695 0 1 0 4696
838 1 0 4746 0 4747
839 0 0 1 4737 4738
840 4745 0 0 0 4745
841 0 0 4781 0 4781
842 0 0 4787 0 4787
843 0 2 0 4629 4631
844 1 0 4827 0 4828
845 1 0 4838 0 4839
846 4834 0 12 0 4846
847 4893 0 1 0 4894
848 4838 0 1 0 4839
849 2 4914 0 2 4918
850 0 0 4959 0 4959
851 4869 0 0 1 4870
852 0 0 4952 0 4952
853 5030 0 0 0 5030
854 5058 0 0 0 5058
855 1 0 5063 0 5064
856 5061 0 0 0 5061
857 5084 0 0 0 5084
858 5077 0 1 0 5078
859 0 0 5155 0 5155
860 0 5120 0 0 5120
861 2 5118 0 26 5146
862 5202 0 0 1 5203
863 5162 1 0 1 5164
864 5156 0 0 0 5156
865 1 5121 0 0 5122
866 0 0 1 5127 5128
867 0 0 5136 0 5136
868 0 1 0 5097 5098
869 0 5114 0 2 5116
870 5171 0 2 0 5173
871 5172 0 0 0 5172
872 5160 0 0 0 5160
873 0 0 0 5162 5162
874 0 0 5089 0 5089
875 1 5052 0 1 5054
876 5070 0 1 0 5071
877 0 0 5062 0 5062
878 0 1 1 4931 4933
879 1 0 4954 0 4955
880 7 0 4920 0 4927
881 1 4864 1 3 4869
882 0 4866 0 2 4868
883 4967 0 0 0 4967
884 4914 0 0 0 4914
885 4950 0 0 1 4951
886 4933 34 15 0 4982
887 0 0 0 5061 5061
888 17 0 5031 0 5048
889 0 4978 1 1 4980
890 1 0 2 4967 4970
891 2 5030 0 1 5033
892 5035 0 0 0 5035
893 0 0 5001 0 5001
894 0 1 2 4953 4956
895 4998 0 0 0 4998
896 4977 0 0 1 4978
897 0 4962 0 0 4962
898 0 0 0 4916 4916
899 4 0 4922 1 4927
900 0 4801 0 0 4801
901 0 4780 0 1 4781
902 0 4716 0 0 4716
903 4665 0 6 0 4671
904 0 4734 0 0 4734
905 5 4630 0 0 4635
906 4664 0 0 2 4666
907 0 0 4707 0 4707
908 0 0 4612 6 4618
909 4564 0 1 0 4565
910 0 0 4718 0 4718
911 0 0 4699 0 4699
912 1 0 4685 0 4686
913 4710 0 0 0 4710
914 0 740 0 3930 4670
915 0 750 0 3959 4709
916 4695 0 0 0 4695
917 2 0 4621 1 4624
918 2 4620 0 0 4622
919 4648 0 0 0 4648
920 0 0 2 4609 4611
921 20 0 4568 12 4600
922 4545 0 0 1 4546
923 1 4551 0 2 4554
924 4590 0 0 0 4590
925 2 0 4555 0 4557
926 1 2 1 4526 4530
927 4565 0 0 0 4565
928 4573 0 2 0 4575
929 0 4573 0 8 4581
930 4648 0 1 1 4650
931 0 0 4687 0 4687
932 0 0 4687 4 4691
933 4624 2 41 2 4669
934 1 0 4763 1 4765
935 4736 0 1 1 4738
936 3 4756 0 0 4759
937 4798 0 0 0 4798
938 4813 0 0 0 4813
939 1 0 1 4843 4845
940 4849 0 1 0 4850
941 2 4902 0 0 4904
942 4984 0 1 0 4985
943 4951 0 0 1 4952
944 4910 1 0 7 4918
945 4852 0 0 0 4852
946 0 8 18 4857 4883
947 0 0 4872 1 4873
948 0 0 4849 0 4849
949 4848 0 1 0 4849
950 4917 0 0 1 4918
951 0 0 3 4940 4943
952 2 0 5011 0 5013
953 4993 0 0 0 4993
954 5012 0 0 0 5012
955 0 0 0 4990 4990
956 0 0 5083 0 5083
957 0 0 0 5089 5089
958 0 0 0 5160 5160
959 0 2 0 5243 5245
960 5243 1 0 0 5244
961 5187 0 0 0 5187
962 5037 0 0 1 5038
963 1 5074 5 0 5080
964 1 5100 0 0 5101
965 1 5134 0 15 5150
966 5154 0 2 0 5156
967 5119 0 0 0 5119
968 0 0 5051 0 5051
969 4956 0 1 0 4957
970 4932 0 3 0 4935
971 0 0 0 4895 4895
972 0 4895 0 0 4895
973 0 1 0 4892 4893
974 0 0 0 4888 4888
975 0 0 0 4907 4907
976 0 0 1 4922 4923
977 0 2 1 4933 4936
978 2 0 4849 10 4861
979 0 0 4812 0 4812
980 8 4742 0 8 4758
981 116 4537 12 113 4778
982 4795 0 0 0 4795
983 1 2 0 4808 4811
984 0 0 4742 0 4742
985 4725 0 0 0 4725
986 0 4725 0 0 4725
987 0 0 0 4738 4738
988 0 0 4755 0 4755
989 4687 0 0 0 4687
990 4719 0 0 0 4719
991 4758 0 1 0 4759
992 0 0 4689 0 4689
993 4649 0 0 1 4650
994 4644 0 0 0 4644
995 0 1 1 4641 4643
996 4616 0 0 0 4616
997 4584 0 0 0 4584
998 0 4601 1 0 4602
999 0 4609 0 2 4611
1000 4605 0 0 0 4605
1001 0 0 4585 1 4586
1002 4511 0 0 0 4511
1003 0 0 4439 0 4439
1004 4449 0 0 2 4451
1005 0 4443 0 0 4443
1006 4508 0 0 0 4508
1007 2 0 4447 0 4449
1008 1 4395 0 0 4396
1009 0 4404 0 0 4404
1010 0 4473 0 0 4473
1011 4435 0 1 0 4436
1012 1 0 4476 0 4477
1013 0 0 0 4348 4348
1014 0 1 0 4398 4399
1015 0 2 0 4466 4468
1016 0 0 4427 0 4427
1017 0 0 4427 0 4427
1018 0 3 0 4333 4336
1019 0 0 0 4388 4388
1020 0 4428 0 27 4455
1021 4499 0 1 1 4501
1022 0 0 4473 0 4473
1023 1 0 4495 0 4496
1024 2 0 4605 0 4607
1025 4525 0 2 0 4527
1026 0 0 0 4607 4607
1027 0 0 0 4696 4696
1028 0 0 0 4662 4662
1029 0 0 0 4714 4714
1030 0 1 0 4690 4691
1031 1 0 4649 0 4650
1032 0 2 0 4536 4538
1033 4626 1 0 0 4627
1034 0 0 4645 0 4645
1035 0 0 0 4568 4568
1036 4680 0 0 0 4680
1037 0 0 0 4693 4693
1038 4688 1 2 0 4691
1039 0 1 4531 0 4532
1040 0 4525 0 1 4526
1041 4479 0 1 0 4480
1042 0 4595 1 0 4596
1043 0 4587 0 2 4589
1044 33 0 4538 1 4572
1045 0 0 4486 0 4486
1046 1 0 0 4358 4359
1047 0 4380 0 1 4381
1048 0 4612 0 0 4612
1049 1 4 0 4579 4584
1050 1 0 4572 1 4574
1051 0 1 0 4453 4454
1052 1 1 0 4509 4511
1053 0 4545 0 0 4545
1054 0 0 0 4530 4530
1055 0 4498 0 0 4498
1056 2 4536 0 1 4539
1057 4551 0 0 0 4551
1058 4461 0 0 1 4462
1059 0 0 1 4492 4493
1060 4526 0 0 0 4526
1061 4477 0 1 0 4478
1062 0 0 4446 0 4446
1063 4431 0 1 0 4432
1064 1 1 0 4399 4401
1065 4472 0 19 0 4491
1066 0 0 4560 0 4560
1067 5 4526 0 3 4534
1068 4557 0 0 0 4557
1069 4487 1 0 0 4488
1070 0 0 4503 0 4503
1071 4383 0 0 0 4383
1072 0 0 1 4493 4494
1073 0 0 1 4531 4532
1074 0 0 4530 6 4536
1075 0 1 4482 0 4483
1076 1 0 4483 0 4484
1077 1 0 4483 0 4484
1078 4392 0 0 0 4392
1079 4450 0 0 0 4450
1080 4492 0 1 0 4493
1081 9 0 4433 0 4442
1082 0 0 4403 0 4403
1083 4381 0 0 0 4381
1084 0 0 0 4393 4393
1085 0 2 0 4457 4459
1086 0 0 0 4458 4458
1087 4456 0 0 0 4456
1088 0 0 0 4501 4501
1089 1 0 4479 0 4480
1090 4512 0 0 0 4512
1091 0 0 0 4613 4613
1092 4599 0 1 0 4600
1093 4493 0 3 0 4496
1094 2 4466 0 1 4469
1095 4521 0 0 0 4521
1096 4412 0 0 1 4413
1097 0 0 4467 0 4467
1098 1 4462 0 1 4464
1099 4488 0 0 0 4488
1100 4518 0 0 0 4518
1101 4502 1 0 0 4503
1102 4414 0 8 0 4422
1103 7 4385 0 0 4392
1104 4476 0 1 0 4477
1105 4506 0 2 0 4508
1106 4517 0 0 0 4517
1107 4507 1 2 0 4510
1108 4511 1 1 0 4513
1109 35 0 4350 0 4385
1110 4473 0 1 1 4475
1111 0 4486 0 0 4486
1112 0 0 0 4523 4523
1113 4542 0 0 0 4542
1114 4505 0 0 0 4505
1115 4473 0 0 0 4473
1116 1 0 4442 0 4443
1117 0 0 4362 0 4362
1118 1 4457 0 1 4459
1119 0 1 0 4392 4393
1120 0 4441 0 23 4464
1121 4529 0 1 0 4530
1122 4523 0 1 0 4524
1123 4525 0 1 0 4526
1124 0 0 0 4491 4491
1125 4477 0 0 0 4477
1126 0 4568 0 0 4568
1127 1 4646 0 0 4647
1128 0 0 1 4615 4616
1129 0 1 2 4698 4701
1130 0 0 4697 7 4704
1131 0 0 0 4657 4657
1132 2 4648 0 0 4650
1133 2 4761 0 0 4763
1134 0 0 0 4730 4730
1135 2 0 4808 0 4810
1136 4717 0 0 0 4717
1137 0 0 0 4713 4713
1138 1 4723 0 0 4724
1139 0 1 0 4748 4749
1140 0 0 4806 0 4806
1141 0 1 1 4681 4683
1142 0 0 0 4750 4750
1143 0 73 0 4752 4825
1144 4815 0 0 0 4815
1145 0 0 4783 0 4783
1146 1 23 0 4600 4624
1147 4733 4 1 0 4738
1148 0 0 0 4667 4667
1149 4640 0 2 4 4646
1150 2 4645 0 9 4656
1151 0 4695 0 0 4695
1152 4727 0 1 0 4728
1153 1 0 0 4708 4709
1154 0 0 1 4791 4792
1155 4759 0 1 0 4760
1156 0 0 4791 0 4791
1157 4757 0 0 0 4757
1158 4727 0 0 0 4727
1159 4716 0 2 0 4718
1160 0 0 4737 0 4737
1161 4695 0 1 0 4696
1162 0 0 0 4759 4759
1163 4798 0 0 1 4799
1164 0 1 1 4812 4814
1165 4841 0 0 0 4841
1166 4830 0 0 0 4830
1167 0 0 0 4855 4855
1168 0 0 4892 0 4892
1169 4875 1 0 0 4876
1170 4965 0 7 1 4973
1171 0 0 4999 0 4999
1172 4995 0 0 0 4995
1173 5084 0 7 0 5091
1174 5135 0 0 0 5135
1175 1 5203 0 0 5204
1176 5244 0 1 1 5246
1177 5203 0 0 0 5203
1178 3 0 5111 0 5114
1179 0 0 5066 1 5067
1180 1506 0 3671 0 5177
1181 0 5288 0 4 5292
1182 5435 0 1 0 5436
1183 5474 0 0 6 5480
1184 5482 0 1 0 5483
1185 5509 0 0 0 5509
1186 0 0 0 5522 5522
1187 0 2 1 5505 5508
1188 1 0 5476 0 5477
1189 5454 0 1 0 5455
1190 5484 1 1 0 5486
1191 0 0 5479 0 5479
1192 5503 0 0 0 5503
1193 5492 1 7 1 5501
1194 13 0 5451 0 5464
1195 1 5526 0 0 5527
1196 0 0 1 5605 5606
1197 5600 0 0 0 5600
1198 5580 0 0 0 5580
1199 5566 0 0 0 5566
1200 5499 0 0 1 5500
1201 0 5552 0 0 5552
1202 1 5537 0 1 5539
1203 5541 0 0 2 5543
1204 1 1 0 5529 5531
1205 1 0 1 5483 5485
1206 0 5442 0 0 5442
1207 0 0 1 5481 5482
1208 0 0 0 5485 5485
1209 0 5502 0 17 5519
1210 5566 0 0 0 5566
1211 5578 23 0 0 5601
1212 0 1 1 5598 5600
1213 2 0 5560 0 5562
1214 5574 0 0 0 5574
1215 5570 0 0 1 5571
1216 0 0 5534 1 5535
1217 5501 0 0 1 5502
1218 5595 0 3 0 5598
1219 0 0 5655 0 5655
1220 3 0 5587 0 5590
1221 5640 0 0 1 5641
1222 5655 0 0 0 5655
1223 0 5659 0 0 5659
1224 0 1 1 5623 5625
1225 1 0 5614 0 5615
1226 0 5608 0 1 5609
1227 5659 0 0 0 5659
1228 0 0 7 5661 5668
1229 1 5658 0 1 5660
1230 0 0 0 5680 5680
1231 0 0 1 5720 5721
1232 0 1 0 5762 5763
1233 0 0 5747 5 5752
1234 0 1 0 5610 5611
1235 0 5604 0 2 5606
1236 5520 0 0 0 5520
1237 0 5676 0 0 5676
1238 0 5765 0 0 5765
1239 1 0 0 5762 5763
1240 0 0 5770 16 5786
1241 1 16 5724 1 5742
1242 36 0 5664 0 5700
1243 5648 0 0 1 5649
1244 1 0 0 5818 5819
1245 0 0 5855 0 5855
1246 5805 0 0 2 5807
1247 0 0 0 5891 5891
1248 0 0 5888 0 5888
1249 5788 1 4 0 5793
1250 18 18 0 5883 5919
1251 1 0 5875 0 5876
1252 0 1 5932 0 5933
1253 0 0 5973 0 5973
1254 6009 1 2 0 6012
1255 6026 0 1 0 6027
1256 0 0 0 6136 6136
1257 1 0 6288 0 6289
1258 1 1 0 6168 6170
1259 0 0 0 6348 6348
1260 0 1 1 6385 6387
1261 6384 0 0 1 6385
1262 6324 0 0 1 6325
1263 0 0 0 6396 6396
1264 6435 0 0 0 6435
1265 0 0 0 6448 6448
1266 0 0 6413 0 6413
1267 0 6402 0 0 6402
1268 0 5 0 6381 6386
1269 6446 0 0 0 6446
1270 0 1 0 6407 6408
1271 1 6409 0 0 6410
1272 0 0 0 6388 6388
1273 6367 0 1 0 6368
1274 1 6346 0 1 6348
1275 0 6393 0 12 6405
1276 0 1 6393 0 6394
1277 2 0 0 6239 6241
1278 0 0 6467 0 6467
1279 0 0 0 6425 6425
1280 0 1 0 6519 6520
1281 0 5 6484 3 6492
1282 0 0 6494 0 6494
1283 1 0 6508 1 6510
1284 6322 1 24 0 6347
1285 0 0 6475 1 6476
1286 0 0 0 6391 6391
1287 6480 1 2 0 6483
1288 0 0 6412 0 6412
1289 2 6420 0 0 6422
1290 0 2 0 6438 6440
1291 0 0 6397 0 6397
1292 0 6358 0 0 6358
1293 6330 1 54 3 6388
1294 0 6425 0 0 6425
1295 0 0 0 6459 6459
1296 6487 0 1 0 6488
1297 0 0 6365 0 6365
1298 0 0 6373 0 6373
1299 0 0 0 6106 6106
1300 6254 1 0 1 6256
1301 0 0 0 6266 6266
1302 163 6153 0 16 6332
1303 6366 0 0 0 6366
1304 6373 0 0 1 6374
1305 1 0 6381 1 6383
1306 6385 0 0 0 6385
1307 6334 0 0 0 6334
1308 2 6367 0 0 6369
1309 6412 0 0 0 6412
1310 0 0 0 6554 6554
1311 0 2 0 6556 6558
1312 0 0 6457 0 6457
1313 0 0 6434 0 6434
1314 6360 0 0 0 6360
1315 6318 0 0 1 6319
1316 6321 0 0 1 6322
1317 28 6331 0 0 6359
1318 6406 0 0 0 6406
1319 6362 1 2 0 6365
1320 6365 1 4 1 6371
1321 0 0 6283 0 6283
1322 6331 0 0 0 6331
1323 6288 0 1 0 6289
1324 0 1 1 6261 6263
1325 6031 0 0 0 6031
1326 0 4996 0 1218 6214
1327 10 6206 0 0 6216
1328 0 1 0 6221 6222
1329 6164 1 0 0 6165
1330 1 0 0 6104 6105
1331 0 0 6076 0 6076
1332 1 1 6070 1 6073
1333 1 0 6069 0 6070
1334 5905 0 1 0 5906
1335 1 0 0 5936 5937
1336 0 0 5960 0 5960
1337 0 0 5909 0 5909
1338 5927 0 2 0 5929
1339 0 6083 0 0 6083
1340 0 0 0 6117 6117
1341 45 0 6077 4 6126
1342 0 6182 0 0 6182
1343 6285 0 0 0 6285
1344 6235 0 0 0 6235
1345 0 0 0 6208 6208
1346 0 6225 0 0 6225
1347 0 0 1 6218 6219
1348 0 0 8 6202 6210
1349 9 6241 0 0 6250
1350 0 1 0 6272 6273
1351 4 0 6297 0 6301
1352 6259 0 0 0 6259
1353 0 1 0 6349 6350
1354 0 0 6335 6 6341
1355 6291 0 0 0 6291
1356 0 1 0 6355 6356
1357 0 0 0 6381 6381
1358 0 0 0 6356 6356
1359 0 0 0 6361 6361
1360 0 0 6221 0 6221
1361 10 6117 0 0 6127
1362 0 0 0 6231 6231
1363 1 5185 0 947 6133
1364 0 0 0 6209 6209
1365 0 0 6243 0 6243
1366 0 3 0 6197 6200
1367 0 0 1 6351 6352
1368 0 1 1 6438 6440
1369 2 0 6426 0 6428
1370 0 0 1 6374 6375
1371 0 1 0 6397 6398
1372 6388 0 0 0 6388
1373 6341 0 0 0 6341
1374 0 14 1 6376 6391
1375 1 0 6386 0 6387
1376 0 6304 0 1 6305
1377 6344 0 0 0 6344
1378 6284 0 0 1 6285
1379 6321 0 0 0 6321
1380 1 0 6273 0 6274
1381 0 0 6203 1 6204
1382 6141 0 2 1 6144
1383 0 0 0 6248 6248
1384 1 0 6259 0 6260
1385 6228 0 1 0 6229
1386 6233 1 0 0 6234
1387 22 0 6201 1 6224
1388 6231 0 0 3 6234
1389 6247 0 0 0 6247
1390 6236 0 0 0 6236
1391 15 6266 0 0 6281
1392 6267 0 0 0 6267
1393 0 0 0 6249 6249
1394 3 0 6237 0 6240
1395 0 0 1 6068 6069
1396 6114 0 0 1 6115
1397 1 1 0 6194 6196
1398 1 0 6156 1 6158
1399 2 0 6149 1 6152
1400 6077 0 1 0 6078
1401 6111 0 1 0 6112
1402 0 0 6098 0 6098
1403 2 0 6275 0 6277
1404 6351 0 0 0 6351
1405 6340 0 1 0 6341
1406 0 145 1 6219 6365
1407 6385 0 0 0 6385
1408 6334 0 0 1 6335
1409 6273 0 2 0 6275
1410 1 6468 0 2 6471
1411 0 0 6414 6 6420
1412 6359 0 2 0 6361
1413 0 6673 0 0 6673
1414 0 22 1 6716 6739
1415 0 0 0 6769 6769
1416 0 0 0 6744 6744
1417 0 0 0 6813 6813
1418 6778 1 1 0 6780
1419 6 6770 0 0 6776
1420 0 6782 1 1 6784
1421 11 0 6697 0 6708
1422 6670 1 0 0 6671
1423 6643 0 0 1 6644
1424 0 6660 0 10 6670
1425 6707 0 0 0 6707
1426 0 0 0 6769 6769
1427 0 0 6729 0 6729
1428 1 0 0 6632 6633
1429 6770 0 0 0 6770
1430 6737 2 0 0 6739
1431 6746 0 0 0 6746
1432 0 1 1 6724 6726
1433 0 14 0 6766 6780
1434 6805 9 15 15 6844
1435 0 0 0 6811 6811
1436 0 11 0 6816 6827
1437 0 0 6800 12 6812
1438 1 0 6714 0 6715
1439 0 0 6676 0 6676
1440 6671 0 0 0 6671
1441 6773 0 0 1 6774
1442 0 0 0 6809 6809
1443 6813 0 0 0 6813
1444 6788 0 1 1 6790
1445 6809 0 0 0 6809
1446 0 6784 0 2 6786
1447 6854 0 0 0 6854
1448 0 0 0 6807 6807
1449 2 0 6768 0 6770
1450 6769 0 0 0 6769
1451 3 0 6745 1 6749
1452 0 6727 0 0 6727
1453 6912 1 1 0 6914
1454 6901 0 1 0 6902
1455 6857 0 0 0 6857
1456 6844 1 0 0 6845
1457 6690 0 20 0 6710
1458 0 0 6721 0 6721
1459 6656 0 0 0 6656
1460 6684 0 0 0 6684
1461 6684 0 0 1 6685
1462 6698 0 0 0 6698
1463 0 0 6806 0 6806
1464 2 0 0 6690 6692
1465 0 0 0 6853 6853
1466 6854 0 5 10 6869
1467 1 6852 0 0 6853
1468 0 0 0 6866 6866
1469 3 0 6869 0 6872
1470 0 1 1 6808 6810
1471 6889 0 10 0 6899
1472 6867 0 0 0 6867
1473 0 2 0 6891 6893
1474 7 0 6796 0 6803
1475 6659 0 0 0 6659
1476 0 0 6742 0 6742
1477 6592 0 0 0 6592
1478 1 7045 0 1 7047
1479 0 1 0 7214 7215
1480 0 0 7216 0 7216
1481 0 1 7325 0 7326
1482 7204 0 16 0 7220
1483 7304 0 3 0 7307
1484 1 0 0 7430 7431
1485 0 0 7520 5 7525
1486 0 0 1 7518 7519
1487 1 2 0 7538 7541
1488 0 0 0 7648 7648
1489 0 0 7618 0 7618
1490 7626 0 1 0 7627
1491 7554 1 0 0 7555
1492 0 0 0 7739 7739
1493 0 1 0 7767 7768
1494 0 0 0 7780 7780
1495 7745 0 0 0 7745
1496 0 7731 0 2 7733
1497 7721 0 0 0 7721
1498 7679 0 1 0 7680
1499 0 0 7636 0 7636
1500 1 7600 0 2 7603
1501 7715 0 1 0 7716
1502 0 0 1 7714 7715
1503 0 0 7708 0 7708
1504 0 0 0 7628 7628
1505 1 1 0 7683 7685
1506 0 7654 0 11 7665
1507 15 0 0 7764 7779
1508 7702 0 2 1 7705
1509 2 7814 0 1 7817
1510 7852 0 0 0 7852
1511 0 0 7854 0 7854
1512 7719 1 16 1 7737
1513 0 0 7846 0 7846
1514 7744 15 1 2 7762
1515 0 0 0 7867 7867
1516 8 0 7871 1 7880
1517 1 0 7835 4 7840
1518 7688 0 1 1 7690
1519 0 0 0 7974 7974
1520 0 2 44 8068 8114
1521 0 5 0 8128 8133
1522 1 0 8067 0 8068
1523 0 0 0 7893 7893
1524 8110 0 0 1 8111
1525 0 0 0 8137 8137
1526 0 8140 0 1 8141
1527 1 0 1 8159 8161
1528 8250 2 1 0 8253
1529 8138 1 0 23 8162
1530 0 2 0 8215 8217
1531 0 0 0 8191 8191
1532 0 6 0 8193 8199
1533 0 1 0 8188 8189
1534 4 0 8090 3 8097
1535 0 8055 0 4 8059
1536 8145 2 1 1 8149
1537 8110 1 0 0 8111
1538 0 0 0 8303 8303
1539 2 0 8297 0 8299
1540 3 0 8245 0 8248
1541 8275 0 2 0 8277
1542 8277 1 1 0 8279
1543 353 7929 1 0 8283
1544 0 1 1 8248 8250
1545 1 8273 6 1 8281
1546 0 8274 0 1 8275
1547 5 8343 0 0 8348
1548 0 0 0 8284 8284
1549 0 5 0 8323 8328
1550 25 8326 0 4 8355
1551 67 0 8268 0 8335
1552 0 5 3 8191 8199
1553 0 2 0 8287 8289
1554 0 3 1 8416 8420
1555 0 0 8272 1 8273
1556 1 0 8058 0 8059
1557 2 0 8122 33 8157
1558 0 0 8264 0 8264
1559 0 0 0 8193 8193
1560 0 0 0 8347 8347
1561 1 0 8414 0 8415
1562 0 8303 0 1 8304
1563 0 3 0 8471 8474
1564 1 0 8458 0 8459
1565 4 0 8451 0 8455
1566 8359 0 1 0 8360
1567 1 0 8449 0 8450
1568 0 0 0 8419 8419
1569 8617 0 1 0 8618
1570 8629 1 1 0 8631
1571 8634 0 1 0 8635
1572 0 1 0 8582 8583
1573 2 0 8565 0 8567
1574 8575 0 0 0 8575
1575 8568 0 0 1 8569
1576 0 0 0 8518 8518
1577 0 8549 0 22 8571
1578 8652 0 1 19 8672
1579 1 0 8656 0 8657
1580 0 8698 0 2 8700
1581 8692 129 0 0 8821
1582 6 0 8816 0 8822
1583 8815 0 0 0 8815
1584 0 0 0 8848 8848
1585 8864 0 1 0 8865
1586 0 0 0 8929 8929
1587 4 0 9018 0 9022
1588 13 0 8964 0 8977
1589 0 8962 0 2 8964
1590 9086 0 0 0 9086
1591 9111 0 0 0 9111
1592 0 0 0 9190 9190
1593 9170 0 0 0 9170
1594 2 0 9237 0 9239
1595 0 0 9194 0 9194
1596 9109 0 0 1 9110
1597 9116 0 24 0 9140
1598 1 0 0 9178 9179
1599 0 0 9182 0 9182
1600 9115 0 0 0 9115
1601 0 9102 0 2 9104
1602 9208 0 0 0 9208
1603 9110 0 0 1 9111
1604 0 0 0 9130 9130
1605 9196 0 37 0 9233
1606 9168 0 0 1 9169
1607 0 0 0 9216 9216
1608 9410 0 0 0 9410
1609 9388 0 1 0 9389
1610 9349 4 1 0 9354
1611 1 0 9304 0 9305
1612 9216 0 0 0 9216
1613 9216 0 0 1 9217
1614 0 9246 0 1 9247
1615 9287 0 0 0 9287
1616 9312 0 1 0 9313
1617 1 9288 0 0 9289
1618 9305 0 1 0 9306
1619 2 1 2 9209 9214
1620 0 0 9214 0 9214
1621 9162 0 0 0 9162
1622 4 1 0 9160 9165
1623 2 9327 3 4 9336
1624 9412 1 4 0 9417
1625 9306 0 1 0 9307
1626 2 9295 14 2 9313
1627 9375 0 1 0 9376
1628 9294 0 1 0 9295
1629 1 2 0 9254 9257
1630 1 1 9338 1 9341
1631 0 0 9264 0 9264
1632 9220 0 46 0 9266
1633 9324 0 1 0 9325
1634 18 0 0 9202 9220
1635 0 0 9256 0 9256
1636 0 0 9158 1 9159
1637 1 0 9080 0 9081
1638 0 0 0 9032 9032
1639 0 9033 0 3 9036
1640 0 9068 0 0 9068
1641 9162 0 2 1 9165
1642 13 0 9087 0 9100
1643 0 9186 0 1 9187
1644 9293 0 2 0 9295
1645 9253 0 1 0 9254
1646 0 9207 0 0 9207
1647 9299 0 3 0 9302
1648 2 0 9139 0 9141
1649 0 9155 0 0 9155
1650 9237 0 1 2 9240
1651 0 9305 0 1 9306
1652 9407 0 1 0 9408
1653 9371 0 0 0 9371
1654 9269 1 0 1 9271
1655 0 9034 0 245 9279
1656 9326 0 0 0 9326
1657 1 0 9207 0 9208
1658 2 9110 0 2 9114
1659 0 8939 0 83 9022
1660 8976 0 1 0 8977
1661 0 15 0 8913 8928
1662 8917 0 3 0 8920
1663 0 8891 0 0 8891
1664 8980 0 2 0 8982
1665 2 0 8936 0 8938
1666 3 8909 0 0 8912
1667 0 0 0 8860 8860
1668 8910 0 0 1 8911
1669 0 0 0 8789 8789
1670 0 1 0 8714 8715
1671 1 8711 0 0 8712
1672 8605 99 0 1 8705
1673 0 69 0 8591 8660
1674 8639 0 0 0 8639
1675 3 0 8476 0 8479
1676 0 8431 0 1 8432
1677 0 4 0 8540 8544
1678 0 0 8567 0 8567
1679 8411 0 0 0 8411
1680 2 34 0 8374 8410
1681 0 1 0 8382 8383
1682 8350 0 2 1 8353
1683 1 41 0 8260 8302
1684 8259 0 1 0 8260
1685 1 0 8263 0 8264
1686 8252 0 0 0 8252
1687 0 0 0 8128 8128
1688 8182 0 0 1 8183
1689 2 8111 0 0 8113
1690 7973 0 0 0 7973
1691 0 7923 0 0 7923
1692 0 7906 0 0 7906
1693 0 5 20 7842 7867
1694 7849 7 2 1 7859
1695 0 7884 0 0 7884
1696 7891 1 0 0 7892
1697 7799 0 1 0 7800
1698 7775 0 0 0 7775
1699 0 0 2 7702 7704
1700 2 0 7743 0 7745
1701 1 7567 0 1 7569
1702 0 7603 0 1 7604
1703 7518 0 2 34 7554
1704 0 7540 0 1 7541
1705 7567 0 22 18 7607
1706 41 20 7576 1 7638
1707 213 0 7340 1 7554
1708 0 0 7796 0 7796
1709 0 0 7876 0 7876
1710 7127 1 614 113 7855
1711 8 0 7870 0 7878
1712 7779 0 0 0 7779
1713 0 3 0 7753 7756
1714 0 11 0 7780 7791
1715 0 7749 0 11 7760
1716 0 7806 0 23 7829
1717 7905 0 23 0 7928
1718 7890 0 0 1 7891
1719 7786 0 0 0 7786
1720 0 0 7901 0 7901
1721 0 0 0 7385 7385
1722 7783 0 1 0 7784
1723 0 0 7831 0 7831
1724 7763 0 0 1 7764
1725 7782 0 0 0 7782
1726 0 0 7760 0 7760
1727 1 1 7746 0 7748
1728 7730 0 8 1 7739
1729 7791 0 1 1 7793
1730 7816 0 2 1 7819
1731 0 0 7792 0 7792
1732 7816 0 0 1 7817
1733 0 0 7883 0 7883
1734 7885 0 0 0 7885
1735 7825 0 1 0 7826
1736 0 0 0 7855 7855
1737 0 0 7894 0 7894
1738 7879 0 2 0 7881
1739 7913 0 2 0 7915
1740 7810 0 8 0 7818
1741 7830 0 0 0 7830
1742 2 0 0 7732 7734
1743 0 7721 0 52 7773
1744 7782 0 14 0 7796
1745 0 2 0 7751 7753
1746 7643 0 0 2 7645
1747 7584 0 9 0 7593
1748 7579 0 1 0 7580
1749 0 0 7578 1 7579
1750 1 4 7464 7 7476
1751 7437 0 29 0 7466
1752 0 0 7578 0 7578
1753 0 2 0 7272 7274
1754 19 1 0 7398 7418
1755 7526 0 1 2 7529
1756 0 1 0 7561 7562
1757 0 0 7513 0 7513
1758 1 0 7579 0 7580
1759 2 0 7613 0 7615
1760 7893 0 0 1 7894
1761 7984 0 0 0 7984
1762 7972 1 0 0 7973
1763 7122 785 0 0 7907
1764 3 7932 0 0 7935
1765 7852 1 21 1 7875
1766 1 7882 0 6 7889
1767 0 1 0 7912 7913
1768 8008 1 0 0 8009
1769 7897 0 93 0 7990
1770 7972 0 0 0 7972
1771 0 0 8019 0 8019
1772 1 0 7973 1 7975
1773 7945 1 2 0 7948
1774 7975 0 0 1 7976
1775 1 0 7933 0 7934
1776 7896 0 3 1 7900
1777 0 0 8026 0 8026
1778 7990 20 1 0 8011
1779 2 0 0 8046 8048
1780 1 0 8141 0 8142
1781 0 0 8074 0 8074
1782 0 1 0 7956 7957
1783 7 8066 0 89 8162
1784 0 1 0 8345 8346
1785 8340 0 0 0 8340
1786 0 0 0 8380 8380
1787 0 3 0 8383 8386
1788 8421 0 0 0 8421
1789 1 0 8305 0 8306
1790 1 1 0 7969 7971
1791 8268 34 1 0 8303
1792 1 0 8247 0 8248
1793 1 8298 0 4 8303
1794 8359 0 1 0 8360
1795 44 0 8298 0 8342
1796 8252 0 0 0 8252
1797 0 2 0 8272 8274
1798 15 0 8244 0 8259
1799 1 0 8163 51 8215
1800 0 0 0 7999 7999
1801 1 14 8324 0 8339
1802 0 0 8282 0 8282
1803 3 1 8120 0 8124
1804 0 8101 0 14 8115
1805 0 8338 1 2 8341
1806 0 8640 0 2 8642
1807 8821 0 2 0 8823
1808 8709 6 0 1 8716
1809 0 8789 0 0 8789
1810 8820 0 1 1 8822
1811 1 105 0 8661 8767
1812 0 1 0 8886 8887
1813 0 2 0 8982 8984
1814 8861 0 0 1 8862
1815 0 8960 0 0 8960
1816 8991 0 1 0 8992
1817 8992 0 0 0 8992
1818 1 0 0 9021 9022
1819 0 2 0 9079 9081
1820 0 0 0 9216 9216
1821 1 0 9179 0 9180
1822 9217 0 3 0 9220
1823 695 0 8628 0 9323
1824 9177 0 27 0 9204
1825 9143 0 1 0 9144
1826 9082 0 0 0 9082
1827 0 9252 0 0 9252
1828 0 0 0 9170 9170
1829 1 1 0 9316 9318
1830 2 0 9182 0 9184
1831 1 9176 0 2 9179
1832 9234 0 0 0 9234
1833 0 0 0 9162 9162
1834 9143 0 1 0 9144
1835 0 1 1 8907 8909
1836 0 8998 0 0 8998
1837 2 9058 0 1 9061
1838 0 9122 0 0 9122
1839 8934 0 6 0 8940
1840 0 0 8942 0 8942
1841 8731 0 2 43 8776
1842 8865 0 1 0 8866
1843 8866 0 0 0 8866
1844 1 1 1 8872 8875
1845 8954 0 0 1 8955
1846 1 0 8878 6 8885
1847 1 0 0 8483 8484
1848 8774 0 2 0 8776
1849 1 0 0 8744 8745
1850 1 1 1 8752 8755
1851 0 0 8723 0 8723
1852 8690 0 0 0 8690
1853 8710 0 0 0 8710
1854 0 0 8795 0 8795
1855 1 0 0 8632 8633
1856 8825 0 2 0 8827
1857 0 0 0 8817 8817
1858 8857 0 1 0 8858
1859 8930 0 1 0 8931
1860 0 0 0 8759 8759
1861 0 8812 0 0 8812
1862 0 2 0 8782 8784
1863 8898 0 1 0 8899
1864 8796 0 2 8 8806
1865 1 8 1 8814 8824
1866 3 0 8797 0 8800
1867 1 0 8603 0 8604
1868 8572 0 0 0 8572
1869 0 8579 0 0 8579
1870 0 8600 1 1 8602
1871 0 8729 0 0 8729
1872 1 2 0 8815 8818
1873 2 0 8843 0 8845
1874 8798 0 21 0 8819
1875 8834 0 1 1 8836
1876 2 0 1 8884 8887
1877 8773 0 0 0 8773
1878 3 8811 0 0 8814
1879 8808 0 3 0 8811
1880 8742 0 0 0 8742
1881 8658 0 1 6 8665
1882 1 0 8878 0 8879
1883 0 1 8939 0 8940
1884 0 0 8905 0 8905
1885 0 9081 0 1 9082
1886 1 0 9283 1 9285
1887 0 0 9508 0 9508
1888 4 8 0 9197 9209
1889 0 0 0 9547 9547
1890 9632 0 17 0 9649
1891 0 9828 0 1 9829
1892 0 1 2 9894 9897
1893 2 0 0 9916 9918
1894 5 9873 0 5 9883
1895 9871 0 1 0 9872
1896 1 0 0 9726 9727
1897 7 9781 0 25 9813
1898 0 9851 0 2 9853
1899 0 2 0 9719 9721
1900 1 9924 0 1 9926
1901 9994 1 0 0 9995
1902 9955 0 40 0 9995
1903 10086 0 1 0 10087
1904 9999 0 0 2 10001
1905 0 1 1 9918 9920
1906 0 9942 0 1 9943
1907 0 9894 1 1 9896
1908 0 9943 0 50 9993
1909 0 0 1 9962 9963
1910 1 1 1 10001 10004
1911 0 0 0 10067 10067
1912 1 0 10067 0 10068
1913 0 0 0 9929 9929
1914 0 0 10001 0 10001
1915 0 0 9928 0 9928
1916 3 0 10037 0 10040
1917 9896 0 146 1 10043
1918 0 10272 0 26 10298
1919 10466 0 0 0 10466
1920 0 1 0 10453 10454
1921 1 0 0 10482 10483
1922 0 2 0 10602 10604
1923 24 0 10430 0 10454
1924 2 1 0 10377 10380
1925 1 10438 0 2 10441
1926 0 796 0 9754 10550
1927 10469 1 22 1 10493
1928 0 0 0 10485 10485
1929 0 3 0 10504 10507
1930 3 0 10342 1 10346
1931 10128 1 0 0 10129
1932 1 0 10171 0 10172
1933 1 0 10100 0 10101
1934 13 0 10128 1 10142
1935 32 10267 0 2 10301
1936 10281 15 1 1 10298
1937 0 0 0 10302 10302
1938 0 10385 0 3 10388
1939 10536 0 0 0 10536
1940 10451 0 1 0 10452
1941 10450 0 2 0 10452
1942 0 0 10423 0 10423
1943 10102 1 0 0 10103
1944 2 0 10643 7 10652
1945 0 0 10497 0 10497
1946 18 10554 0 6 10578
1947 10628 0 3 1 10632
1948 30 0 10616 1 10647
1949 10614 0 1 0 10615
1950 1 10766 0 0 10767
1951 10802 0 1 1 10804
1952 1 0 0 10823 10824
1953 10774 0 12 0 10786
1954 10710 0 2 0 10712
1955 0 10728 0 2 10730
1956 1 1 1 10307 10310
1957 0 10479 0 0 10479
1958 1 10622 0 0 10623
1959 10666 0 0 0 10666
1960 1 0 10483 1 10485
1961 0 10565 0 2 10567
1962 10671 1 0 1 10673
1963 0 10580 0 2 10582
1964 10634 0 1 0 10635
1965 1 0 0 10576 10577
1966 0 0 10517 0 10517
1967 1 0 10435 0 10436
1968 0 2 0 10227 10229
1969 4 10325 0 0 10329
1970 0 10446 0 0 10446
1971 10521 1 0 0 10522
1972 1 0 10540 1 10542
1973 2 0 0 10407 10409
1974 10578 0 0 0 10578
1975 10549 0 0 0 10549
1976 10583 0 0 0 10583
1977 3 0 10592 0 10595
1978 10419 0 1 0 10420
1979 10491 0 3 0 10494
1980 10461 0 12 0 10473
1981 10493 2 0 1 10496
1982 0 1 0 10407 10408
1983 88 0 10199 0 10287
1984 1 0 10337 1 10339
1985 10469 0 2 0 10471
1986 0 10533 1 0 10534
1987 0 15 0 10532 10547
1988 10656 0 3 0 10659
1989 0 10625 0 1 10626
1990 1 0 10664 0 10665
1991 10589 0 0 0 10589
1992 0 6 2 10515 10523
1993 1 0 10490 1 10492
1994 3 10503 0 5 10511
1995 1 0 10466 15 10482
1996 1 0 10482 0 10483
1997 0 0 0 9732 9732
1998 136 0 9912 0 10048
1999 0 2 0 10500 10502
2000 0 10697 0 0 10697
2001 0 1 0 10750 10751
2002 5 0 10799 0 10804
2003 3 0 10774 0 10777
2004 10766 0 0 0 10766
2005 10896 0 2 0 10898
2006 5 10944 0 2 10951
2007 1 1 0 10914 10916
2008 1 10898 0 1 10900
2009 10917 0 0 0 10917
2010 0 4 0 10919 10923
2011 10871 2 0 0 10873
2012 0 0 10912 0 10912
2013 1 2 0 10639 10642
2014 1 4 0 10887 10892
2015 0 0 10876 1 10877
2016 0 0 10771 6 10777
2017 10690 0 0 1 10691
2018 0 0 10752 0 10752
2019 10643 0 0 1 10644
2020 10577 0 1 0 10578
2021 0 10521 0 0 10521
2022 5 10505 0 10 10520
2023 10565 1 0 0 10566
2024 10552 1 3 0 10556
2025 10468 0 0 0 10468
2026 10419 0 2 0 10421
2027 1 0 10233 1 10235
2028 10054 0 144 0 10198
2029 10278 0 0 2 10280
2030 10248 1 1 3 10253
2031 0 10440 0 1 10441
2032 10471 0 0 1 10472
2033 1 2 10394 0 10397
2034 10256 0 0 1 10257
2035 0 0 0 10225 10225
2036 1 10544 0 0 10545
2037 1 1 0 10482 10484
2038 10594 0 0 0 10594
2039 0 0 1 10483 10484
2040 10453 19 0 2 10474
2041 2 10451 0 1 10454
2042 0 1 0 10344 10345
2043 10438 1 1 0 10440
2044 10299 0 1 0 10300
2045 10262 0 1 3 10266
2046 0 10342 0 0 10342
2047 10122 0 0 0 10122
2048 35 10189 0 0 10224
2049 0 2 0 10082 10084
2050 2 0 10097 0 10099
2051 9959 0 0 0 9959
2052 1 0 0 9938 9939
2053 1 10015 0 2 10018
2054 10014 0 0 1 10015
2055 1 0 9993 1 9995
2056 9896 0 17 24 9937
2057 6 0 9983 1 9990
2058 0 0 9924 1 9925
2059 9960 0 3 1 9964
2060 9977 0 2 1 9980
2061 0 9963 0 9 9972
2062 10042 0 1 1 10044
2063 1 0 0 10094 10095
2064 0 0 10019 0 10019
2065 9994 0 1 0 9995
2066 0 0 0 10043 10043
2067 1 1 0 10219 10221
2068 0 10201 0 0 10201
2069 0 0 0 10082 10082
2070 0 38 1 10135 10174
2071 0 0 10105 1 10106
2072 9932 0 0 0 9932
2073 1 0 9927 6 9934
2074 0 0 9947 0 9947
2075 10091 0 0 0 10091
2076 10070 5 4 1 10080
2077 0 10121 0 0 10121
2078 10280 0 1 0 10281
2079 10240 1 1 0 10242
2080 0 1 0 10350 10351
2081 2 0 10314 1 10317
2082 2 10168 0 1 10171
2083 0 0 0 10300 10300
2084 10268 0 0 0 10268
2085 0 10293 1 30 10324
2086 3 0 10368 4 10375
2087 1 10502 0 0 10503
2088 0 1 0 10688 10689
2089 10712 0 27 1 10740
2090 10670 0 1 0 10671
2091 10642 0 0 0 10642
2092 0 2 0 10635 10637
2093 0 0 10695 0 10695
2094 0 0 0 10540 10540
2095 0 0 0 10655 10655
2096 3 0 10631 4 10638
2097 0 10447 3 1 10451
2098 10498 0 0 0 10498
2099 10290 0 1 0 10291
2100 0 10318 12 5 10335
2101 0 10479 0 0 10479
2102 0 0 0 10619 10619
2103 10503 0 0 1 10504
2104 0 1 0 10520 10521
2105 0 1 0 10980 10981
2106 0 1 1 10950 10952
2107 18 0 10789 1 10808
2108 10675 0 0 0 10675
2109 0 0 10572 0 10572
2110 0 0 10372 0 10372
2111 1 10169 0 25 10195
2112 1 10339 0 0 10340
2113 0 1 0 10714 10715
2114 0 0 10693 20 10713
2115 0 1 0 10615 10616
2116 0 1 0 10700 10701
2117 0 1 0 10661 10662
2118 1 1 1 10855 10858
2119 10836 0 1 3 10840
2120 10799 0 2 1 10802
2121 1 10617 166 0 10784
2122 10746 0 0 0 10746
2123 0 0 10552 0 10552
2124 1 1 0 10200 10202
2125 0 0 10294 0 10294
2126 0 10296 0 0 10296
2127 10296 0 5 0 10301
2128 0 0 0 10254 10254
2129 0 10344 1 1 10346
2130 10358 1 0 0 10359
2131 0 0 0 10287 10287
2132 10238 0 1 0 10239
2133 0 10333 0 2 10335
2134 10335 0 2 0 10337
2135 1 1 10317 0 10319
2136 0 0 10252 1 10253
2137 10234 0 0 0 10234
2138 10173 0 1 0 10174
2139 9 0 10035 0 10044
2140 6 9856 0 15 9877
2141 0 10043 0 2 10045
2142 10271 2 5 0 10278
2143 1 0 10223 0 10224
2144 0 2 0 9898 9900
2145 1 0 9939 0 9940
2146 2 0 9955 0 9957
2147 1 1 10010 0 10012
2148 0 0 0 10025 10025
2149 1 9887 0 2 9890
2150 10165 0 7 0 10172
2151 10048 0 1 2 10051
2152 0 10143 0 2 10145
2153 10160 0 1 2 10163
2154 0 1 0 10039 10040
2155 9953 0 2 0 9955
2156 0 0 9928 0 9928
2157 1 9924 0 3 9928
2158 9974 0 0 1 9975
2159 0 1 0 9991 9992
2160 0 0 9955 0 9955
2161 0 9819 0 0 9819
2162 0 1 0 9953 9954
2163 1 0 0 9961 9962
2164 1 0 9926 0 9927
2165 9940 0 1 1 9942
2166 0 0 9838 0 9838
2167 0 0 9689 0 9689
2168 0 9511 0 0 9511
2169 0 1 0 9739 9740
2170 9771 0 0 1 9772
2171 1 0 0 9685 9686
2172 19 0 9545 1 9565
2173 2 0 9476 0 9478
2174 0 9124 0 2 9126
2175 3 9115 0 12 9130
2176 0 9453 0 2 9455
2177 9552 0 2 2 9556
2178 0 9623 0 2 9625
2179 9696 0 1 0 9697
2180 0 0 9559 0 9559
2181 9382 0 0 0 9382
2182 0 0 0 9416 9416
2183 0 0 0 9437 9437
2184 9427 0 3 1 9431
2185 9317 0 1 0 9318
2186 0 0 9336 0 9336
2187 9260 0 0 0 9260
2188 9175 0 1 0 9176
2189 1 0 0 9147 9148
2190 2 0 9203 0 9205
2191 1 0 9217 0 9218
2192 9173 0 1 1 9175
2193 1 1 0 9097 9099
2194 0 0 8997 1 8998
2195 21 8933 0 2 8956
2196 8992 0 1 0 8993
2197 0 9029 0 2 9031
2198 2 0 9162 0 9164
2199 9020 0 0 0 9020
2200 0 0 0 8978 8978
2201 0 1 0 9068 9069
2202 9120 0 1 0 9121
2203 0 0 9040 0 9040
2204 9001 0 0 0 9001
2205 0 3 0 8892 8895
2206 0 0 1 8869 8870
2207 8891 0 0 0 8891
2208 0 2 0 8836 8838
2209 2 0 8871 0 8873
2210 8829 0 0 0 8829
2211 8821 0 1 0 8822
2212 0 2 0 8644 8646
2213 0 8696 0 0 8696
2214 8683 0 2 1 8686
2215 1 0 8725 0 8726
2216 0 0 8618 0 8618
2217 36 0 8596 0 8632
2218 8498 0 1 0 8499
2219 0 0 8680 0 8680
2220 8674 0 0 0 8674
2221 8624 0 0 0 8624
2222 0 3 0 8525 8528
2223 0 0 8459 1 8460
2224 1 0 0 8250 8251
2225 0 8253 0 0 8253
2226 8325 0 1 0 8326
2227 8281 0 0 0 8281
2228 8258 0 1 0 8259
2229 21 0 8122 0 8143
2230 872 0 7211 2 8085
2231 8128 0 0 0 8128
2232 1 1 0 8120 8122
2233 5 0 8101 0 8106
2234 8066 0 0 2 8068
2235 0 0 0 8005 8005
2236 1 0 0 8011 8012
2237 0 0 0 8004 8004
2238 0 1 0 8084 8085
2239 0 0 8122 0 8122
2240 7989 0 1 27 8017
2241 9 0 8011 0 8020
2242 8040 0 3 0 8043
2243 7936 0 1 0 7937
2244 7906 0 0 0 7906
2245 0 0 7822 0 7822
2246 0 7801 0 1 7802
2247 7819 0 1 0 7820
2248 7762 0 0 1 7763
2249 0 0 0 7776 7776
2250 1 0 7780 0 7781
2251 0 0 7596 0 7596
2252 0 7415 0 1 7416
2253 2 2 0 7379 7383
2254 1 7243 0 38 7282
2255 6871 0 1 0 6872
2256 1 7288 0 0 7289
2257 0 7349 0 22 7371
2258 0 10 0 7404 7414
2259 0 1 0 7556 7557
2260 0 0 7415 0 7415
2261 0 0 7436 0 7436
2262 0 1 1 7209 7211
2263 1 0 7314 0 7315
2264 7093 0 0 0 7093
2265 0 0 7388 0 7388
2266 7311 0 0 0 7311
2267 0 0 0 7348 7348
2268 0 3 0 7344 7347
2269 1159 0 6152 0 7311
2270 5 0 7198 1 7204
2271 1 0 7234 43 7278
2272 0 0 0 7089 7089
2273 7095 0 0 0 7095
2274 0 7082 0 1 7083
2275 7220 0 0 1 7221
2276 1 0 0 7189 7190
2277 7222 0 0 0 7222
2278 0 0 0 7156 7156
2279 7215 0 1 0 7216
2280 7112 0 0 0 7112
2281 0 0 6892 0 6892
2282 1 6640 0 0 6641
2283 0 0 4 6506 6510
2284 0 26 0 6539 6565
2285 1 6703 0 0 6704
2286 0 0 6689 0 6689
2287 6596 1 0 0 6597
2288 6595 0 0 0 6595
2289 23 0 6487 1 6511
2290 6472 0 1 0 6473
2291 0 0 0 6415 6415
2292 0 0 6445 0 6445
2293 0 0 0 6172 6172
2294 0 0 0 6274 6274
2295 0 0 0 6373 6373
2296 6248 0 0 0 6248
2297 0 1 0 5945 5946
2298 3 0 5836 0 5839
2299 0 0 5788 0 5788
2300 20 0 5687 0 5707
2301 0 0 5681 1 5682
2302 1 0 0 5732 5733
2303 0 0 0 5704 5704
2304 5566 0 0 0 5566
2305 0 0 1 5460 5461
2306 0 0 0 5447 5447
2307 0 0 5310 0 5310
2308 1 0 5082 0 5083
2309 1 27 0 4943 4971
2310 0 4924 0 3 4927
2311 4947 0 0 2 4949
2312 1 0 1 4747 4749
2313 0 4690 0 0 4690
2314 4718 0 0 0 4718
2315 0 0 0 4599 4599
2316 0 1 0 4528 4529
2317 0 0 4452 0 4452
2318 4243 0 1 0 4244
2319 4222 0 0 0 4222
2320 0 0 0 4115 4115
2321 3802 0 1 0 3803
2322 0 3820 0 0 3820
2323 3793 0 0 0 3793
2324 0 1 0 3759 3760
2325 1 0 3646 0 3647
2326 0 3413 0 12 3425
2327 2 0 3425 0 3427
2328 3187 0 0 0 3187
2329 0 0 0 3149 3149
2330 3041 0 0 0 3041
2331 0 3069 1 1 3071
2332 2925 0 0 0 2925
2333 0 3054 0 1 3055
2334 3059 0 0 0 3059
2335 3006 0 0 0 3006
2336 3023 0 1 0 3024
2337 4 0 0 2835 2839
2338 0 0 2748 0 2748
2339 2723 0 0 0 2723
2340 0 0 0 2684 2684
2341 1 0 11 2675 2687
2342 2616 0 2 0 2618
2343 2554 0 0 0 2554
2344 2555 0 0 0 2555
2345 2412 0 0 0 2412
2346 1 0 0 2120 2121
2347 1 0 1839 0 1840
2348 1832 0 0 0 1832
2349 1763 0 0 0 1763
2350 1674 0 0 0 1674
2351 1388 0 1 0 1389
2352 1213 0 4 0 1217
2353 1181 0 1 0 1182
2354 0 0 1061 0 1061
2355 0 0 230 0 230
2356 0 228 0 0 228
2357 0 0 0 229 229
2358 0 230 0 0 230
2359 0 0 232 0 232
2360 0 0 0 201 201
2361 0 0 199 0 199
2362 0 0 0 200 200
2363 0 0 0 202 202
2364 0 0 0 199 199
2365 0 195 0 0 195
2366 0 0 0 127 127
2367 110 0 0 0 110
2368 0 111 0 0 111
2369 0 0 0 111 111
2370 0 0 0 76 76
