0 0 0 0 0 0
1 21 1 0 0 22
2 0 0 31 0 31
3 0 34 0 0 34
4 41 0 0 0 41
5 0 0 40 0 40
6 44 0 0 0 44
7 43 9 3 11 66
8 3 0 83 0 86
9 0 187 0 5 192
10 0 15 256 8 279
11 3 5 302 0 310
12 271 12 43 1 327
13 5 0 359 0 364
14 0 357 0 17 374
15 0 715 1 9 725
16 0 0 0 1025 1025
17 0 0 0 1066 1066
18 0 0 0 1101 1101
19 1112 0 1 0 1113
20 1103 0 0 0 1103
21 1 0 1351 0 1352
22 1354 0 0 7 1361
23 0 0 0 1633 1633
24 9 0 1656 0 1665
25 1683 0 0 0 1683
26 1730 0 0 1 1731
27 0 0 0 2100 2100
28 2224 0 0 2 2226
29 0 0 0 2434 2434
30 2473 0 0 0 2473
31 2449 0 1 0 2450
32 2463 0 0 0 2463
33 4 0 0 2531 2535
34 0 2549 0 10 2559
35 0 3134 0 1 3135
36 0 8 1 3315 3324
37 0 0 0 3566 3566
38 3835 0 3 0 3838
39 0 34 0 4060 4094
40 0 6 0 4333 4339
41 0 3 2 4443 4448
42 0 0 0 4539 4539
43 0 4536 0 2 4538
44 0 0 0 4582 4582
45 0 4632 0 0 4632
46 0 4 0 4623 4627
47 0 0 0 4685 4685
48 0 4773 0 0 4773
49 4806 0 5 0 4811
50 0 1 0 4857 4858
51 4836 0 0 0 4836
52 20 0 4810 0 4830
53 4805 0 0 0 4805
54 0 2 1 4837 4840
55 0 0 4838 0 4838
56 0 0 0 4755 4755
57 5 0 4727 0 4732
58 0 4855 0 11 4866
59 0 4919 0 3 4922
60 19 4953 0 0 4972
61 27 0 4992 0 5019
62 0 4 0 4929 4933
63 5015 0 0 0 5015
64 0 5077 0 0 5077
65 5034 0 1 1 5036
66 1 0 5028 0 5029
67 4 0 4945 1 4950
68 0 5060 0 0 5060
69 5129 0 6 1 5136
70 1 1 5224 0 5226
71 0 5259 0 0 5259
72 5367 0 1 0 5368
73 5403 0 5 0 5408
74 0 18 0 5476 5494
75 0 74 0 5447 5521
76 1 0 0 5525 5526
77 0 5553 3 3 5559
78 5566 0 0 0 5566
79 5565 0 0 0 5565
80 0 5640 0 2 5642
81 5621 0 3 1 5625
82 5569 1 0 0 5570
83 0 5644 0 0 5644
84 5634 3 0 1 5638
85 0 4 0 5650 5654
86 0 0 0 5667 5667
87 1 5691 0 11 5703
88 7 5676 0 0 5683
89 0 5710 0 1 5711
90 5712 6 1 0 5719
91 0 2 0 5727 5729
92 5708 0 0 0 5708
93 2 5784 0 0 5786
94 5732 0 4 2 5738
95 0 5857 0 0 5857
96 1 2 0 5840 5843
97 0 0 5847 0 5847
98 2 0 5777 1 5780
99 0 2 0 5798 5800
100 1 0 5893 1 5895
101 0 0 0 5920 5920
102 0 1 0 5927 5928
103 0 5988 0 2 5990
104 1 5997 1 4 6003
105 0 5922 0 99 6021
106 2 6014 0 0 6016
107 0 6099 0 1 6100
108 0 1 2 6072 6075
109 0 7 0 6100 6107
110 6098 0 1 0 6099
111 0 119 0 5941 6060
112 0 2 0 6030 6032
113 0 6093 1 3 6097
114 5 6055 0 16 6076
115 0 6128 0 0 6128
116 6099 0 3 0 6102
117 0 2 0 6141 6143
118 0 0 6113 0 6113
119 1 0 6069 0 6070
120 6072 0 2 0 6074
121 6184 0 3 0 6187
122 0 6213 0 0 6213
123 6185 0 3 0 6188
124 2 0 6182 0 6184
125 2 0 6178 0 6180
126 6220 0 2 0 6222
127 6299 0 2 0 6301
128 0 6298 0 1 6299
129 6301 0 0 0 6301
130 0 0 6272 1 6273
131 3 0 6244 0 6247
132 1 346 0 5842 6189
133 0 8 16 6301 6325
134 6335 0 2 0 6337
135 0 6320 0 19 6339
136 6351 0 0 0 6351
137 3 6402 0 2 6407
138 6415 0 0 0 6415
139 6326 0 0 0 6326
140 0 1 0 6381 6382
141 6458 0 1 0 6459
142 0 0 6374 0 6374
143 6361 0 2 1 6364
144 0 6290 2 125 6417
145 6384 0 0 1 6385
146 0 6452 0 0 6452
147 0 3 0 6426 6429
148 77 0 6380 0 6457
149 2 1 0 6355 6358
150 8 0 6480 3 6491
151 6518 0 1 2 6521
152 3 11 1 6576 6591
153 0 6612 0 16 6628
154 6645 0 0 2 6647
155 0 0 6654 0 6654
156 6591 2 1 0 6594
157 6661 0 4 0 6665
158 1 6732 0 0 6733
159 1 0 6701 0 6702
160 0 6749 0 0 6749
161 6707 0 1 0 6708
162 0 2 0 6806 6808
163 11 0 6752 0 6763
164 6809 0 18 0 6827
165 4 0 6778 4 6786
166 1 7 1 6740 6749
167 6852 0 2 0 6854
168 1 6969 0 2 6972
169 0 3 0 6986 6989
170 0 7012 0 3 7015
171 7062 0 1 0 7063
172 7045 0 0 0 7045
173 6991 0 0 0 6991
174 8 7003 0 0 7011
175 7039 0 0 2 7041
176 6994 1 1 1 6997
177 25 0 6876 56 6957
178 1 0 6979 0 6980
179 0 0 7072 0 7072
180 34 1 7110 0 7145
181 7351 0 5 2 7358
182 7455 2 0 0 7457
183 7305 167 0 1 7473
184 3 7482 0 0 7485
185 7554 0 3 0 7557
186 1 0 7510 1 7512
187 1 1263 0 6131 7395
188 7532 0 0 0 7532
189 1 7598 0 2 7601
190 7581 0 0 0 7581
191 2 28 0 7592 7622
192 1 1278 7 6381 7667
193 0 0 0 7715 7715
194 3 7788 0 2 7793
195 0 14 0 7856 7870
196 3 0 7804 0 7807
197 7731 0 13 2 7746
198 0 1 0 7788 7789
199 1 10 7793 0 7804
200 0 9 1 7758 7768
201 0 0 1 7838 7839
202 7878 4 0 2 7884
203 8 7890 0 1 7899
204 7930 0 0 1 7931
205 7 0 7881 1 7889
206 0 2 7753 0 7755
207 7799 0 1 8 7808
208 2 0 0 7885 7887
209 1 0 7911 8 7920
210 0 7935 0 9 7944
211 8001 0 1 0 8002
212 0 8057 1 0 8058
213 8108 0 2 1 8111
214 8082 0 0 0 8082
215 0 5 0 8247 8252
216 6 11 8380 1 8398
217 0 0 8396 0 8396
218 0 8 0 7975 7983
219 14 0 8368 0 8382
220 6 0 8452 1 8459
221 8460 0 8 1 8469
222 1 9 0 8509 8519
223 1 8560 0 0 8561
224 3 8717 0 5 8725
225 8866 0 0 0 8866
226 8855 0 4 0 8859
227 0 8739 0 157 8896
228 8997 0 0 0 8997
229 8950 0 0 0 8950
230 8994 0 0 1 8995
231 0 0 0 8882 8882
232 0 0 8826 0 8826
233 1 1 8752 0 8754
234 8885 0 0 1 8886
235 0 8995 0 0 8995
236 0 9078 0 1 9079
237 9180 0 1 0 9181
238 0 45 0 9120 9165
239 0 1 0 9114 9115
240 9035 0 2 0 9037
241 1 9005 0 273 9279
242 1 9261 0 0 9262
243 2 9355 0 10 9367
244 17 0 9437 0 9454
245 9304 0 5 7 9316
246 9454 1 5 0 9460
247 3 1 9559 3 9566
248 9552 0 2 0 9554
249 0 6 0 9633 9639
250 9710 0 0 0 9710
251 9718 0 2 1 9721
252 0 0 0 9736 9736
253 3 0 9615 1 9619
254 9606 2 0 6 9614
255 161 0 9403 6 9570
256 6 9597 0 13 9616
257 1 9759 0 3 9763
258 108 0 9620 0 9728
259 9644 0 5 0 9649
260 2 0 9631 0 9633
261 0 7 0 9333 9340
262 3 0 9535 0 9538
263 0 9564 0 0 9564
264 0 9717 0 0 9717
265 8 2 0 9664 9674
266 9723 0 1 0 9724
267 0 3 0 9599 9602
268 4 0 9673 1 9678
269 0 9703 0 5 9708
270 9663 0 4 2 9669
271 1 9775 0 1 9777
272 9788 0 0 2 9790
273 9740 0 0 4 9744
274 0 18 0 9783 9801
275 1 0 0 9880 9881
276 9804 0 1 0 9805
277 7 0 9708 3 9718
278 9670 0 0 1 9671
279 1 65 4 9584 9654
280 0 17 3 9797 9817
281 2 0 9748 0 9750
282 0 9749 0 2 9751
283 2 0 9830 0 9832
284 0 2 0 9627 9629
285 17 9490 0 15 9522
286 2 353 0 9260 9615
287 0 6 1 9682 9689
288 9507 5 23 1 9536
289 0 0 9588 1 9589
290 9272 0 4 1 9277
291 2 0 9513 0 9515
292 0 3 9459 0 9462
293 0 9460 8 0 9468
294 0 3 0 9512 9515
295 0 3 0 9577 9580
296 1 3 0 9624 9628
297 9396 0 6 11 9413
298 1 0 9468 1 9470
299 9467 1 2 0 9470
300 1 1 0 9450 9452
301 9570 0 0 2 9572
302 100 0 9410 0 9510
303 9504 0 15 0 9519
304 9430 0 8 0 9438
305 0 1 1 9432 9434
306 0 0 9456 0 9456
307 0 0 9442 0 9442
308 9432 0 4 1 9437
309 0 6 0 9524 9530
310 1 0 9522 1 9524
311 9466 0 0 2 9468
312 9737 0 12 0 9749
313 1 0 9686 0 9687
314 9687 1 1 0 9689
315 9595 0 0 0 9595
316 1 9618 0 1 9620
317 9326 1 0 1 9328
318 0 9708 0 3 9711
319 5 9565 0 2 9572
320 1 9636 1 3 9641
321 9701 7 1 0 9709
322 0 0 9653 0 9653
323 1 0 9605 0 9606
324 0 14 6 9244 9264
325 0 9647 0 3 9650
326 0 5 0 9746 9751
327 0 0 0 9830 9830
328 0 5 0 9867 9872
329 1 2 0 9800 9803
330 0 0 0 9674 9674
331 0 9622 1 2 9625
332 9673 0 2 1 9676
333 9613 0 7 1 9621
334 1 0 9474 0 9475
335 0 9494 1 2 9497
336 9544 2 0 0 9546
337 1 0 9393 0 9394
338 0 9296 0 3 9299
339 0 9356 0 1 9357
340 3 4 0 9290 9297
341 0 9300 0 0 9300
342 9324 0 2 1 9327
343 1 9319 6 1 9327
344 9351 0 0 0 9351
345 3 0 9321 1 9325
346 9257 0 0 1 9258
347 9231 0 0 0 9231
348 0 4 0 9147 9151
349 0 0 9158 0 9158
350 0 9130 0 3 9133
351 0 11 0 9131 9142
352 9126 0 1 0 9127
353 1 13 0 9119 9133
354 1 4 9113 0 9118
355 0 0 8904 0 8904
356 8942 4 9 2 8957
357 19 0 8892 0 8911
358 8 3 8850 1 8862
359 0 8778 0 6 8784
360 0 8814 0 4 8818
361 0 8848 0 105 8953
362 0 1 3 9100 9104
363 9027 0 1 0 9028
364 8937 0 0 0 8937
365 0 2 0 8959 8961
366 9 0 8901 0 8910
367 2 0 8927 0 8929
368 2 2 0 8937 8941
369 1 8999 0 23 9023
370 8998 0 1 0 8999
371 0 9129 0 0 9129
372 9156 1 3 0 9160
373 9071 0 0 1 9072
374 0 9197 0 1 9198
375 0 0 0 9165 9165
376 0 0 9260 2 9262
377 0 0 0 9097 9097
378 9240 11 0 2 9253
379 1 0 9346 0 9347
380 9359 0 4 0 9363
381 1 9402 0 1 9404
382 9494 0 1 0 9495
383 9548 0 0 0 9548
384 9570 0 3 0 9573
385 0 1 1 9500 9502
386 1 0 1 9552 9554
387 9571 0 0 0 9571
388 9418 0 1 0 9419
389 0 9534 0 0 9534
390 0 9457 0 1 9458
391 0 9443 0 0 9443
392 9464 0 8 0 9472
393 14 0 9483 0 9497
394 0 0 9750 0 9750
395 0 0 9750 2 9752
396 2 0 9766 4 9772
397 9717 0 13 2 9732
398 3 1 9804 0 9808
399 9800 0 0 2 9802
400 0 9774 0 12 9786
401 9864 0 2 1 9867
402 544 0 9314 0 9858
403 9695 0 0 0 9695
404 0 9806 0 1 9807
405 0 6 0 9958 9964
406 0 5 0 10005 10010
407 0 0 0 10033 10033
408 1 1 0 10022 10024
409 0 0 9907 0 9907
410 9747 0 6 0 9753
411 0 0 0 9758 9758
412 0 1 1 9773 9775
413 0 0 9713 0 9713
414 0 0 9630 2 9632
415 9581 0 5 1 9587
416 0 9660 0 4 9664
417 9451 2 2 2 9457
418 2 0 9399 0 9401
419 0 1 0 9157 9158
420 9261 0 0 2 9263
421 1 4 0 9191 9196
422 9 0 9163 1 9173
423 0 9255 0 6 9261
424 9326 0 1 0 9327
425 0 0 9295 0 9295
426 9264 0 3 0 9267
427 9191 0 2 0 9193
428 8994 0 0 0 8994
429 0 9084 3 0 9087
430 3 8949 0 1 8953
431 8986 0 2 0 8988
432 8706 0 6 0 8712
433 11 8856 0 0 8867
434 0 8624 0 0 8624
435 0 4 0 8524 8528
436 3 0 8431 1 8435
437 0 8421 0 1 8422
438 0 5 7 8413 8425
439 0 0 8265 0 8265
440 1 8240 0 1 8242
441 8267 0 0 3 8270
442 8230 0 1 0 8231
443 0 8273 0 6 8279
444 277 0 7885 0 8162
445 7 0 8056 0 8063
446 2 8104 0 0 8106
447 7972 24 3 0 7999
448 2 8054 0 0 8056
449 0 5 0 8035 8040
450 2 1 7993 0 7996
451 7894 0 0 0 7894
452 7929 0 0 0 7929
453 0 191 0 7736 7927
454 7821 0 1 0 7822
455 1 7829 0 5 7835
456 7814 0 0 0 7814
457 7725 0 3 1 7729
458 0 7678 2 0 7680
459 7602 0 1 1 7604
460 7487 0 0 1 7488
461 1 3 0 7484 7488
462 7486 0 1 3 7490
463 7286 0 1 1 7288
464 5 7314 0 0 7319
465 0 7268 0 1 7269
466 0 0 0 7086 7086
467 0 7198 0 0 7198
468 1 5 0 7117 7123
469 0 3 0 7151 7154
470 0 6 0 7118 7124
471 4 8 0 7126 7138
472 7014 0 9 0 7023
473 5 0 6966 0 6971
474 5 0 6885 0 6890
475 0 6 0 6753 6759
476 0 0 0 6874 6874
477 37 1 6801 2 6841
478 6780 3 0 2 6785
479 6803 0 4 0 6807
480 0 6 0 6749 6755
481 4 0 6657 0 6661
482 6537 0 11 0 6548
483 0 1 0 6519 6520
484 0 0 0 6531 6531
485 1 9 0 6517 6527
486 6459 0 11 0 6470
487 6417 0 0 0 6417
488 6332 0 3 0 6335
489 0 0 0 6307 6307
490 1 0 6238 0 6239
491 1 0 6141 0 6142
492 6033 0 2 0 6035
493 4 0 6082 0 6086
494 5 5982 0 4 5991
495 3 5718 1 307 6029
496 233 0 5745 0 5978
497 5822 0 3 4 5829
498 24 5819 0 12 5855
499 5771 0 0 0 5771
500 5715 0 6 0 5721
501 5704 0 2 0 5706
502 5 0 5690 2 5697
503 0 0 5661 0 5661
504 0 0 1 5098 5099
505 1 0 5532 0 5533
506 2 0 5572 0 5574
507 5583 0 0 1 5584
508 0 0 1 5595 5596
509 0 1 0 5569 5570
510 5561 0 1 16 5578
511 5514 0 0 0 5514
512 0 0 0 5448 5448
513 5229 1 0 0 5230
514 0 5284 0 1 5285
515 0 5278 0 0 5278
516 0 0 0 5204 5204
517 0 0 0 5208 5208
518 0 0 0 5156 5156
519 0 1 5 5157 5163
520 2 2 0 5066 5070
521 0 0 4803 0 4803
522 0 4619 0 19 4638
523 1 4666 0 1 4668
524 4729 1 6 0 4736
525 63 0 4647 0 4710
526 3 0 4597 1 4601
527 4611 0 0 1 4612
528 0 0 0 4594 4594
529 4572 0 8 1 4581
530 1 3 0 4540 4544
531 0 4515 0 2 4517
532 4574 0 0 1 4575
533 0 0 0 4476 4476
534 0 0 0 4480 4480
535 10 0 4447 1 4458
536 4351 0 0 0 4351
537 0 1 0 4323 4324
538 0 2 15 4343 4360
539 0 4277 0 0 4277
540 4308 0 0 0 4308
541 0 0 0 4216 4216
542 0 0 0 4211 4211
543 4189 0 3 19 4211
544 0 0 4081 0 4081
545 4094 0 0 0 4094
546 1 4055 0 31 4087
547 4091 0 0 0 4091
548 232 0 3804 1 4037
549 3901 0 30 0 3931
550 2 3978 2 0 3982
551 0 4012 0 4 4016
552 0 14 11 3977 4002
553 0 0 3994 0 3994
554 3972 0 3 0 3975
555 3961 1 2 0 3964
556 3923 0 0 0 3923
557 0 0 0 3896 3896
558 0 0 3824 0 3824
559 3818 0 0 0 3818
560 12 3807 0 3 3822
561 0 7 1 3765 3773
562 1 0 0 3777 3778
563 0 0 0 3696 3696
564 0 3712 0 0 3712
565 0 0 0 3668 3668
566 0 0 0 3635 3635
567 0 3620 0 0 3620
568 0 0 0 3549 3549
569 6 3571 0 0 3577
570 3529 0 0 1 3530
571 65 0 3462 1 3528
572 0 0 0 3430 3430
573 3449 0 18 0 3467
574 3424 0 1 0 3425
575 3420 0 0 0 3420
576 5 0 3365 0 3370
577 3330 0 0 0 3330
578 3339 0 0 0 3339
579 0 64 0 3255 3319
580 3343 0 0 0 3343
581 0 6 0 3303 3309
582 3302 0 0 0 3302
583 3283 0 0 0 3283
584 3276 0 0 0 3276
585 0 0 3282 0 3282
586 3277 0 1 0 3278
587 3285 0 7 0 3292
588 3272 0 0 0 3272
589 3234 0 0 0 3234
590 3202 0 1 0 3203
591 3169 0 0 0 3169
592 0 0 0 3049 3049
593 2 1 0 3013 3016
594 3 0 2970 7 2980
595 0 2968 0 2 2970
596 0 2986 0 0 2986
597 1 1 0 2952 2954
598 1 0 2940 0 2941
599 0 2890 0 4 2894
600 3 2992 0 1 2996
601 2999 0 2 0 3001
602 2991 0 3 1 2995
603 2995 0 1 0 2996
604 2985 0 0 0 2985
605 2973 0 0 0 2973
606 0 2945 0 21 2966
607 2943 2 0 0 2945
608 0 0 2934 0 2934
609 2950 0 0 2 2952
610 2928 0 1 1 2930
611 2905 0 0 0 2905
612 0 0 2822 0 2822
613 0 0 2784 0 2784
614 0 0 2809 0 2809
615 0 0 0 2742 2742
616 3 0 0 2763 2766
617 0 0 0 2770 2770
618 0 2742 1 12 2755
619 0 2767 0 0 2767
620 0 1 0 2753 2754
621 0 2754 0 0 2754
622 2740 0 14 0 2754
623 0 19 0 2712 2731
624 2726 0 0 0 2726
625 2715 0 0 0 2715
626 2688 0 0 0 2688
627 2 0 2677 0 2679
628 2696 0 0 0 2696
629 0 0 2658 0 2658
630 0 0 2639 0 2639
631 2648 0 0 1 2649
632 0 0 0 2593 2593
633 2600 0 2 0 2602
634 0 2569 0 0 2569
635 2 2570 0 0 2572
636 2617 0 1 0 2618
637 2621 0 2 0 2623
638 0 0 0 2622 2622
639 0 0 2609 0 2609
640 2620 0 0 0 2620
641 2593 0 0 0 2593
642 34 0 2544 1 2579
643 1 0 2575 2 2578
644 0 1 0 2366 2367
645 2565 0 0 0 2565
646 2568 0 0 0 2568
647 2539 0 0 0 2539
648 2525 0 1 3 2529
649 0 0 2499 0 2499
650 2454 0 1 0 2455
651 0 2470 0 0 2470
652 2533 0 0 0 2533
653 2529 0 0 0 2529
654 2542 2 3 0 2547
655 2521 0 1 0 2522
656 0 1 0 2488 2489
657 2512 0 0 0 2512
658 2465 0 0 1 2466
659 0 2480 0 2 2482
660 1 2468 0 0 2469
661 2515 1 0 0 2516
662 2494 0 0 0 2494
663 2458 0 0 0 2458
664 2 0 2437 0 2439
665 0 0 0 2320 2320
666 0 0 2429 0 2429
667 0 0 2456 0 2456
668 2491 1 0 6 2498
669 2517 0 0 0 2517
670 0 0 0 2486 2486
671 2506 0 0 0 2506
672 0 2508 0 1 2509
673 2516 0 0 14 2530
674 0 0 0 2460 2460
675 0 2539 0 0 2539
676 2563 0 0 0 2563
677 2592 0 0 0 2592
678 2580 0 1 2 2583
679 2605 0 0 0 2605
680 1 0 2606 0 2607
681 2623 0 0 0 2623
682 0 0 2626 1 2627
683 0 2611 0 0 2611
684 2650 0 0 0 2650
685 0 0 0 2651 2651
686 0 2 0 2626 2628
687 2648 0 4 0 2652
688 0 0 0 2626 2626
689 0 2636 0 2 2638
690 2672 0 3 0 2675
691 0 0 0 2622 2622
692 1 0 0 2632 2633
693 2647 0 1 0 2648
694 2627 0 0 0 2627
695 2609 0 0 0 2609
696 0 2642 0 0 2642
697 2607 0 0 0 2607
698 0 2619 0 0 2619
699 2619 0 0 0 2619
700 2621 0 0 1 2622
701 0 0 0 2597 2597
702 0 0 2588 3 2591
703 2591 0 3 0 2594
704 0 2594 0 0 2594
705 2636 0 1 0 2637
706 2627 0 1 0 2628
707 2623 0 0 0 2623
708 2609 0 5 0 2614
709 4 0 2561 0 2565
710 2547 0 1 0 2548
711 0 2564 0 0 2564
712 0 0 2555 0 2555
713 0 2546 0 0 2546
714 0 6 3 2553 2562
715 0 0 2639 0 2639
716 2639 0 0 0 2639
717 2687 0 0 0 2687
718 2685 0 6 0 2691
719 0 0 2666 0 2666
720 2675 0 0 0 2675
721 0 0 2695 0 2695
722 0 0 2729 0 2729
723 0 3 0 2473 2476
724 2692 0 0 0 2692
725 2718 0 0 0 2718
726 2734 0 1 3 2738
727 0 2773 0 0 2773
728 0 0 0 2847 2847
729 0 0 2819 0 2819
730 2827 0 0 1 2828
731 2872 0 1 0 2873
732 2884 0 0 0 2884
733 2890 0 4 0 2894
734 0 0 2868 0 2868
735 2884 0 0 0 2884
736 2901 0 0 0 2901
737 0 0 2871 0 2871
738 2858 0 4 0 2862
739 0 0 2918 2 2920
740 1 2866 0 1 2868
741 0 0 2903 0 2903
742 2908 0 0 1 2909
743 0 0 0 2927 2927
744 0 7 9 2913 2929
745 1 0 2917 0 2918
746 3 2892 0 3 2898
747 0 2949 0 1 2950
748 2961 0 1 0 2962
749 0 3007 0 0 3007
750 0 4 0 2993 2997
751 0 0 2994 0 2994
752 0 3126 0 2 3128
753 1 2 1 3175 3179
754 2 0 3184 4 3190
755 0 0 3213 0 3213
756 3171 0 3 1 3175
757 3255 0 1 0 3256
758 0 0 0 3268 3268
759 3237 0 14 0 3251
760 0 3254 0 0 3254
761 3306 3 0 0 3309
762 3294 0 0 0 3294
763 3288 0 0 0 3288
764 0 0 1 3322 3323
765 3319 0 1 0 3320
766 3322 0 0 1 3323
767 0 0 3348 0 3348
768 3314 3 1 2 3320
769 1 0 3346 0 3347
770 1 0 3339 0 3340
771 11 0 3357 0 3368
772 0 0 2 3195 3197
773 0 0 0 3407 3407
774 0 0 0 3453 3453
775 0 0 3482 0 3482
776 0 0 0 3392 3392
777 3495 0 0 1 3496
778 1 0 0 3475 3476
779 0 0 0 3538 3538
780 3551 0 2 0 3553
781 0 0 3556 0 3556
782 0 1 0 3488 3489
783 3565 0 0 0 3565
784 0 0 3641 0 3641
785 0 48 0 3594 3642
786 0 0 0 3892 3892
787 2 0 4053 0 4055
788 4033 0 5 0 4038
789 4076 0 0 0 4076
790 4061 0 0 1 4062
791 4061 3 0 0 4064
792 0 4154 0 0 4154
793 0 1 0 4139 4140
794 0 1 0 4185 4186
795 2 0 4173 4 4179
796 0 0 4172 0 4172
797 0 4188 0 0 4188
798 0 18 0 4206 4224
799 4247 0 0 0 4247
800 4279 0 2 0 4281
801 4283 0 0 0 4283
802 4286 0 0 0 4286
803 4287 0 0 0 4287
804 0 0 0 4279 4279
805 4276 0 1 1 4278
806 0 0 0 4296 4296
807 4292 0 2 0 4294
808 1 0 0 4305 4306
809 0 0 4334 0 4334
810 2 0 0 4327 4329
811 0 1 4463 4 4468
812 4517 0 18 0 4535
813 4542 0 8 0 4550
814 4563 0 0 0 4563
815 4573 0 0 1 4574
816 0 2 1 4600 4603
817 0 4659 0 9 4668
818 0 0 1 4688 4689
819 4708 0 2 0 4710
820 1 0 4719 1 4721
821 4727 0 0 0 4727
822 4731 0 0 0 4731
823 1 4767 0 0 4768
824 4827 0 0 1 4828
825 4829 0 0 0 4829
826 4831 0 0 0 4831
827 0 0 4876 0 4876
828 0 0 0 4790 4790
829 0 0 4871 0 4871
830 1 0 4915 0 4916
831 0 1 0 4926 4927
832 0 2 0 4970 4972
833 0 1 0 4983 4984
834 4949 0 0 0 4949
835 0 4936 0 0 4936
836 0 4978 3 2 4983
837 4992 1 1 0 4994
838 1 1 5038 0 5040
839 0 0 1 4966 4967
840 5001 1 2 0 5004
841 0 0 5023 0 5023
842 1 0 5095 0 5096
843 0 2 0 4861 4863
844 0 0 5074 2 5076
845 1 0 5085 0 5086
846 5137 0 10 0 5147
847 5169 0 1 0 5170
848 5162 0 0 0 5162
849 0 5184 0 1 5185
850 1 0 5199 0 5200
851 5169 1 0 0 5170
852 7 0 5216 0 5223
853 5321 0 0 0 5321
854 5355 0 0 0 5355
855 0 0 5347 1 5348
856 5362 0 0 0 5362
857 5377 0 1 0 5378
858 5362 0 1 3 5366
859 3 0 5430 0 5433
860 0 5368 0 0 5368
861 1 5428 0 2 5431
862 5482 0 1 1 5484
863 5454 0 0 0 5454
864 5457 1 0 0 5458
865 0 5450 1 22 5473
866 0 2 0 5450 5452
867 2 0 5463 0 5465
868 0 1 0 5369 5370
869 0 5453 0 0 5453
870 5475 1 4 0 5480
871 5453 0 2 0 5455
872 5456 0 2 0 5458
873 0 1 0 5450 5451
874 1 0 5420 1 5422
875 8 5361 0 4 5373
876 5397 0 2 0 5399
877 1 0 5370 0 5371
878 0 1 2 5199 5202
879 0 0 5257 3 5260
880 2 0 5230 0 5232
881 0 5188 0 1 5189
882 0 5250 0 7 5257
883 5378 1 1 0 5380
884 5316 1 0 0 5317
885 5350 0 0 0 5350
886 5337 0 0 0 5337
887 0 1 0 5321 5322
888 0 0 5305 1 5306
889 1 5230 0 0 5231
890 0 1 1 5220 5222
891 3 5297 0 3 5303
892 5332 0 0 0 5332
893 0 0 5292 1 5293
894 0 35 0 5212 5247
895 5314 0 1 0 5315
896 5298 1 0 0 5299
897 0 5288 0 26 5314
898 1 1 2 5258 5262
899 1 0 5276 0 5277
900 0 5165 1 0 5166
901 0 5169 0 2 5171
902 0 5198 0 0 5198
903 5170 0 0 0 5170
904 3 5222 0 0 5225
905 0 5228 0 2 5230
906 5235 1 0 0 5236
907 2 1 5263 0 5266
908 0 0 5187 0 5187
909 5103 2 13 2 5120
910 0 0 5235 1 5236
911 0 0 5199 2 5201
912 1 0 5188 0 5189
913 5205 1 1 0 5207
914 0 0 0 5205 5205
915 0 6 0 5231 5237
916 5217 0 0 7 5224
917 0 0 5154 0 5154
918 0 5139 0 1 5140
919 5190 0 1 0 5191
920 0 1 0 5187 5188
921 19 0 5129 4 5152
922 5103 0 1 0 5104
923 0 5122 0 8 5130
924 5153 1 0 1 5155
925 36 0 5116 0 5152
926 2 1 0 5098 5101
927 5169 0 1 0 5170
928 5164 0 0 1 5165
929 4 5136 0 0 5140
930 5182 0 0 0 5182
931 0 0 5194 0 5194
932 0 0 5129 0 5129
933 5109 0 18 2 5129
934 1 0 5266 0 5267
935 5263 0 5 0 5268
936 1 5278 0 19 5298
937 5367 0 2 0 5369
938 5310 0 0 1 5311
939 0 0 0 5332 5332
940 5332 0 1 0 5333
941 0 5400 0 0 5400
942 5427 0 1 0 5428
943 5385 2 0 0 5387
944 5392 3 1 0 5396
945 5438 1 0 0 5439
946 0 0 0 5460 5460
947 0 0 5455 0 5455
948 0 0 5443 0 5443
949 5410 0 1 0 5411
950 5468 0 2 2 5472
951 0 0 0 5490 5490
952 0 0 5508 0 5508
953 5509 0 0 0 5509
954 5504 1 0 0 5505
955 0 1 0 5532 5533
956 1 0 5552 0 5553
957 0 0 0 5546 5546
958 0 1 1 5598 5600
959 1 0 0 5617 5618
960 5221 0 385 0 5606
961 5551 0 1 0 5552
962 5451 1 0 1 5453
963 1 5499 0 0 5500
964 0 5482 0 2 5484
965 0 5487 0 1 5488
966 5541 3 2 0 5546
967 5507 1 2 0 5510
968 0 0 5480 0 5480
969 5446 0 0 0 5446
970 5433 0 2 0 5435
971 0 0 0 5408 5408
972 0 5424 0 0 5424
973 0 2 0 5380 5382
974 0 1 0 5415 5416
975 0 3 0 5432 5435
976 0 0 0 5432 5432
977 0 0 0 5404 5404
978 0 0 5344 3 5347
979 48 0 5210 1 5259
980 8 5210 11 3 5232
981 324 4660 47 237 5268
982 5282 1 0 2 5285
983 0 1 0 5279 5280
984 3 0 5220 0 5223
985 5181 0 3 0 5184
986 0 5195 0 0 5195
987 0 0 0 5192 5192
988 2 0 5178 0 5180
989 5144 1 1 1 5147
990 5194 0 1 0 5195
991 5219 0 0 0 5219
992 0 0 5140 0 5140
993 5185 0 0 0 5185
994 5132 0 0 6 5138
995 0 0 1 5125 5126
996 5129 0 0 0 5129
997 5051 0 1 0 5052
998 0 5025 0 0 5025
999 0 5017 0 0 5017
1000 5035 0 0 0 5035
1001 1 0 4969 0 4970
1002 4936 0 0 0 4936
1003 4 0 4901 0 4905
1004 4914 1 0 0 4915
1005 1 4915 0 0 4916
1006 4920 0 0 0 4920
1007 0 0 4837 0 4837
1008 1 4775 0 1 4777
1009 2 4766 0 1 4769
1010 1 4816 0 1 4818
1011 4791 0 12 0 4803
1012 2 0 4818 7 4827
1013 0 1 6 4620 4627
1014 0 0 0 4712 4712
1015 1 0 2 4747 4750
1016 1 0 4672 1 4674
1017 0 0 4645 0 4645
1018 2 0 0 4512 4514
1019 0 0 0 4604 4604
1020 0 4582 0 23 4605
1021 4614 0 0 2 4616
1022 1 0 4634 1 4636
1023 3 0 4640 0 4643
1024 0 0 4741 0 4741
1025 4646 0 13 2 4661
1026 0 1 0 4726 4727
1027 0 0 0 4745 4745
1028 0 3 0 4754 4757
1029 1 0 0 4791 4792
1030 0 3 0 4809 4812
1031 0 0 4770 0 4770
1032 0 4 0 4609 4613
1033 4657 0 0 2 4659
1034 0 2 4670 0 4672
1035 0 0 0 4491 4491
1036 4632 1 0 0 4633
1037 1 0 6 4535 4542
1038 4614 0 3 0 4617
1039 1 0 4507 1 4509
1040 1 4500 0 0 4501
1041 4442 0 4 0 4446
1042 0 4493 0 0 4493
1043 0 4503 0 3 4506
1044 112 0 4436 0 4548
1045 6 1 4525 0 4532
1046 0 0 0 4386 4386
1047 0 4419 0 2 4421
1048 1 4534 0 0 4535
1049 1 0 1 4566 4568
1050 1 0 4558 1 4560
1051 1 2 1 4454 4458
1052 1 4 0 4469 4474
1053 0 4515 0 0 4515
1054 0 3 0 4489 4492
1055 0 4496 0 1 4497
1056 0 4586 0 1 4587
1057 4569 0 2 0 4571
1058 4544 0 0 0 4544
1059 0 1 1 4597 4599
1060 4587 0 0 0 4587
1061 4533 0 0 0 4533
1062 1 0 4525 0 4526
1063 4497 0 0 0 4497
1064 1 0 0 4463 4464
1065 4500 0 9 0 4509
1066 1 0 4567 0 4568
1067 0 4547 0 0 4547
1068 4566 0 11 0 4577
1069 4508 1 2 0 4511
1070 0 0 4530 0 4530
1071 4390 0 0 2 4392
1072 0 3 1 4479 4483
1073 0 1 1 4544 4546
1074 0 0 4529 0 4529
1075 0 0 4523 1 4524
1076 5 0 4509 0 4514
1077 0 0 4505 1 4506
1078 4427 1 0 0 4428
1079 4501 0 1 0 4502
1080 4521 0 7 0 4528
1081 2 0 4500 0 4502
1082 0 0 4474 0 4474
1083 4450 0 0 1 4451
1084 1 0 0 4502 4503
1085 1 0 0 4540 4541
1086 0 0 0 4557 4557
1087 4543 0 0 1 4544
1088 0 0 0 4567 4567
1089 1 0 4533 0 4534
1090 4567 0 0 1 4568
1091 1 1 2 4584 4588
1092 4616 0 1 0 4617
1093 4549 0 0 0 4549
1094 1 4559 0 4 4564
1095 4562 40 0 0 4602
1096 4584 0 4 0 4588
1097 0 0 4664 0 4664
1098 0 4671 0 0 4671
1099 4750 0 1 0 4751
1100 4769 0 0 0 4769
1101 4764 0 0 1 4765
1102 4725 0 0 1 4726
1103 4 4729 0 0 4733
1104 4822 0 1 0 4823
1105 4816 0 0 1 4817
1106 4828 0 4 0 4832
1107 4851 0 0 0 4851
1108 4816 2 1 0 4819
1109 4 0 4731 2 4737
1110 4791 0 1 0 4792
1111 51 4757 0 5 4813
1112 0 0 0 4829 4829
1113 4837 0 0 0 4837
1114 4818 0 0 0 4818
1115 4803 0 0 0 4803
1116 0 0 4769 0 4769
1117 2 0 4688 0 4690
1118 0 4676 0 0 4676
1119 0 2 1 4603 4606
1120 1 4698 1 1 4701
1121 4780 0 1 0 4781
1122 4791 0 0 0 4791
1123 4785 0 0 0 4785
1124 0 0 0 4708 4708
1125 4615 0 0 0 4615
1126 0 4697 0 0 4697
1127 2 4750 0 1 4753
1128 0 1 0 4699 4700
1129 0 0 0 4725 4725
1130 0 0 4732 0 4732
1131 0 36 0 4665 4701
1132 0 4698 0 2 4700
1133 0 4751 0 0 4751
1134 2 0 3 4724 4729
1135 0 0 4771 2 4773
1136 4693 0 1 0 4694
1137 8 0 0 4702 4710
1138 0 4726 0 0 4726
1139 0 9 0 4753 4762
1140 0 0 4790 0 4790
1141 0 0 0 4710 4710
1142 0 0 0 4742 4742
1143 0 0 0 4806 4806
1144 4788 0 23 0 4811
1145 10 0 4777 2 4789
1146 0 4 0 4644 4648
1147 4782 0 0 0 4782
1148 0 0 0 4749 4749
1149 4703 0 2 19 4724
1150 0 4640 0 20 4660
1151 0 4695 0 0 4695
1152 4718 0 31 0 4749
1153 0 2 0 4739 4741
1154 0 0 0 4804 4804
1155 4770 0 1 0 4771
1156 0 0 4822 0 4822
1157 4801 0 4 0 4805
1158 4844 0 0 0 4844
1159 4842 0 0 0 4842
1160 0 0 4880 6 4886
1161 4838 0 3 0 4841
1162 0 0 0 4857 4857
1163 4898 0 1 0 4899
1164 0 0 0 4861 4861
1165 4891 0 1 0 4892
1166 4891 1 0 0 4892
1167 1 21 0 4905 4927
1168 2 0 4921 0 4923
1169 4947 0 0 0 4947
1170 4984 0 3 1 4988
1171 0 0 4997 0 4997
1172 5000 0 0 1 5001
1173 5089 0 0 0 5089
1174 5069 0 4 0 5073
1175 0 5076 1 0 5077
1176 5095 0 0 0 5095
1177 5045 1 1 1 5048
1178 1 0 5026 2 5029
1179 15 0 4931 2 4948
1180 4 1 5180 0 5185
1181 0 5333 1 3 5337
1182 5407 3 1 3 5414
1183 5443 0 2 0 5445
1184 5434 1 0 0 5435
1185 5462 0 0 0 5462
1186 0 0 0 5438 5438
1187 0 0 0 5464 5464
1188 1 0 5443 0 5444
1189 5403 0 0 0 5403
1190 5472 0 2 0 5474
1191 5 0 5438 0 5443
1192 5452 0 2 1 5455
1193 5470 0 0 2 5472
1194 1 0 5458 0 5459
1195 0 5539 0 0 5539
1196 0 0 0 5607 5607
1197 5600 0 13 0 5613
1198 5598 5 2 0 5605
1199 5638 0 0 2 5640
1200 5559 0 0 2 5561
1201 0 5500 0 108 5608
1202 2 5614 0 2 5618
1203 5638 0 0 0 5638
1204 0 0 0 5640 5640
1205 1 4 0 5653 5658
1206 2 5671 0 1 5674
1207 0 0 0 5702 5702
1208 0 1 1 5679 5681
1209 0 5731 1 0 5732
1210 5758 0 0 0 5758
1211 5756 0 1 3 5760
1212 0 0 0 5783 5783
1213 1 0 5769 1 5771
1214 5763 0 0 0 5763
1215 5777 0 0 5 5782
1216 2 0 5777 0 5779
1217 5790 1 1 0 5792
1218 5837 0 1 0 5838
1219 0 0 5793 0 5793
1220 0 0 5757 0 5757
1221 4915 0 880 1 5796
1222 5816 0 2 0 5818
1223 0 5842 0 0 5842
1224 0 1 0 5851 5852
1225 1 0 5824 0 5825
1226 5 5820 0 0 5825
1227 5835 1 1 0 5837
1228 0 0 1 5847 5848
1229 0 5834 0 2 5836
1230 1 1 1 5885 5888
1231 0 0 0 5945 5945
1232 0 2 0 5947 5949
1233 2 0 5931 0 5933
1234 0 0 0 5825 5825
1235 1 5814 0 0 5815
1236 5734 0 1 3 5738
1237 2 5868 1 0 5871
1238 2 6001 0 1 6004
1239 0 1 1 6066 6068
1240 0 0 6063 0 6063
1241 1 0 6052 1 6054
1242 11 0 6046 0 6057
1243 5985 0 4 1 5990
1244 0 1 0 6098 6099
1245 5 0 6109 0 6114
1246 6048 0 0 0 6048
1247 0 1 0 6123 6124
1248 0 0 6120 0 6120
1249 5995 0 3 1 5999
1250 0 0 0 6153 6153
1251 0 0 6144 3 6147
1252 0 0 6240 3 6243
1253 1 0 6250 0 6251
1254 6288 0 3 0 6291
1255 6308 0 0 0 6308
1256 0 0 0 6366 6366
1257 0 1 6422 0 6423
1258 0 0 0 6355 6355
1259 0 1 1 6472 6474
1260 2 0 1 6500 6503
1261 6527 0 1 0 6528
1262 6486 0 1 0 6487
1263 2 0 1 6493 6496
1264 6561 0 1 0 6562
1265 1 3 0 6517 6521
1266 3 0 6522 0 6525
1267 0 6461 0 45 6506
1268 0 1 0 6545 6546
1269 6544 0 8 1 6553
1270 0 0 0 6519 6519
1271 2 6567 0 1 6570
1272 0 0 0 6564 6564
1273 6503 0 0 0 6503
1274 0 6507 0 0 6507
1275 5 6502 0 3 6510
1276 7 0 6549 0 6556
1277 0 0 0 6403 6403
1278 1 0 6544 1 6546
1279 0 3 0 6526 6529
1280 0 1 0 6605 6606
1281 1 0 6577 0 6578
1282 2 0 6555 0 6557
1283 2 0 6526 2 6530
1284 6439 0 1 1 6441
1285 0 0 6587 0 6587
1286 3 1 0 6453 6457
1287 6542 0 0 0 6542
1288 47 0 6491 0 6538
1289 0 6562 11 1 6574
1290 0 0 0 6580 6580
1291 11 0 6583 0 6594
1292 0 6537 0 0 6537
1293 6476 0 1 1 6478
1294 0 6522 0 29 6551
1295 0 1 0 6595 6596
1296 6428 0 183 0 6611
1297 1 0 6638 0 6639
1298 2 0 6589 1 6592
1299 0 0 1 6342 6343
1300 6530 0 0 2 6532
1301 1 0 0 6533 6534
1302 72 6561 0 0 6633
1303 6663 0 0 0 6663
1304 6656 0 2 0 6658
1305 0 0 6630 0 6630
1306 6625 0 0 0 6625
1307 6576 0 4 0 6580
1308 2 6587 0 1 6590
1309 6567 0 0 0 6567
1310 0 0 0 6543 6543
1311 1 0 0 6610 6611
1312 0 0 6503 0 6503
1313 0 0 6476 0 6476
1314 6445 0 0 0 6445
1315 6473 0 0 0 6473
1316 6492 0 0 0 6492
1317 1 6545 4 1 6551
1318 6548 0 1 0 6549
1319 6525 0 1 0 6526
1320 6511 0 3 0 6514
1321 0 0 6494 0 6494
1322 6505 0 7 1 6513
1323 6468 0 1 0 6469
1324 1 1 0 6409 6411
1325 6179 1 0 4 6184
1326 5 6385 0 0 6390
1327 8 6395 0 1 6404
1328 2 8 0 6387 6397
1329 6381 0 1 1 6383
1330 1 2 1 6352 6356
1331 2 0 6376 4 6382
1332 0 0 6369 0 6369
1333 0 0 6327 0 6327
1334 6296 0 3 0 6299
1335 0 1 0 6341 6342
1336 1 2 6333 0 6336
1337 3 0 6287 2 6292
1338 6243 1 6 0 6250
1339 3 6408 0 2 6413
1340 0 1 0 6427 6428
1341 9 0 6412 7 6428
1342 0 6413 0 2 6415
1343 6503 1 0 0 6504
1344 6449 0 1 0 6450
1345 0 0 0 6439 6439
1346 1 6447 0 0 6448
1347 0 0 2 6436 6438
1348 0 1 12 6399 6412
1349 0 6414 0 1 6415
1350 1 0 0 6474 6475
1351 1 0 6452 0 6453
1352 6431 0 0 0 6431
1353 0 0 1 6498 6499
1354 0 1 6453 0 6454
1355 6427 0 4 0 6431
1356 1 1 0 6504 6506
1357 0 0 0 6539 6539
1358 0 0 0 6522 6522
1359 0 0 0 6530 6530
1360 13 1 6397 1 6412
1361 3 6305 0 0 6308
1362 0 3 0 6357 6360
1363 0 6352 0 0 6352
1364 0 0 0 6405 6405
1365 8 1 6379 5 6393
1366 0 0 0 6341 6341
1367 0 0 1 6400 6401
1368 0 2 1 6444 6447
1369 5 0 6465 0 6470
1370 0 0 0 6425 6425
1371 0 1 0 6467 6468
1372 6494 0 0 2 6496
1373 6398 0 0 4 6402
1374 2 0 1 6457 6460
1375 0 0 6434 0 6434
1376 0 6439 0 2 6441
1377 6489 0 0 0 6489
1378 6481 0 1 0 6482
1379 6479 0 1 0 6480
1380 24 0 6440 0 6464
1381 1 0 6414 2 6417
1382 6365 0 2 1 6368
1383 0 0 0 6449 6449
1384 1 0 6512 4 6517
1385 6526 0 2 0 6528
1386 6542 0 1 3 6546
1387 1 1 6683 1 6686
1388 6629 0 3 10 6642
1389 6653 0 0 0 6653
1390 6636 0 2 0 6638
1391 26 6695 0 1 6722
1392 6695 0 2 0 6697
1393 1 1 0 6686 6688
1394 0 0 6690 0 6690
1395 0 0 0 6566 6566
1396 6622 0 0 0 6622
1397 0 1 0 6676 6677
1398 13 0 6649 7 6669
1399 12 0 6650 0 6662
1400 6606 0 1 0 6607
1401 6688 0 0 0 6688
1402 3 0 6663 0 6666
1403 2 0 6859 0 6861
1404 6916 0 5 0 6921
1405 6931 1 2 1 6935
1406 0 0 0 6956 6956
1407 7019 0 13 0 7032
1408 6987 0 2 0 6989
1409 6970 14 2 0 6986
1410 0 7088 0 5 7093
1411 3 0 7022 0 7025
1412 6872 0 5 1 6878
1413 0 7063 0 2 7065
1414 0 8 1 7123 7132
1415 0 1 0 7116 7117
1416 0 1 0 7153 7154
1417 0 0 1 7196 7197
1418 7157 0 1 0 7158
1419 0 7101 0 3 7104
1420 0 7199 0 3 7202
1421 4 0 7151 0 7155
1422 7147 0 6 0 7153
1423 7110 0 7 1 7118
1424 1 7185 1 2 7189
1425 7205 0 1 0 7206
1426 0 1 1 7225 7227
1427 1 0 7214 0 7215
1428 1 2 0 7118 7121
1429 7224 0 1 0 7225
1430 7193 0 0 0 7193
1431 7125 0 0 0 7125
1432 0 5 0 7102 7107
1433 0 4 0 7143 7147
1434 7158 0 19 28 7205
1435 0 1 0 7173 7174
1436 0 2 7 7225 7234
1437 0 0 7177 0 7177
1438 1 0 7140 8 7149
1439 4 0 7127 0 7131
1440 7118 0 3 0 7121
1441 7205 0 0 0 7205
1442 0 6 1 7228 7235
1443 7268 0 0 0 7268
1444 7256 0 2 0 7258
1445 7249 0 0 1 7250
1446 0 7157 1 60 7218
1447 7241 0 1 0 7242
1448 0 1 0 7220 7221
1449 8 0 7142 1 7151
1450 7151 0 7 0 7158
1451 2 0 7160 0 7162
1452 1 7248 1 2 7252
1453 7371 0 1 1 7373
1454 7430 0 0 0 7430
1455 7421 0 0 0 7421
1456 7450 0 0 1 7451
1457 7449 0 2 0 7451
1458 0 0 7534 0 7534
1459 7539 0 1 0 7540
1460 7564 0 0 0 7564
1461 7569 0 1 0 7570
1462 7514 0 2 4 7520
1463 0 0 7595 0 7595
1464 0 0 0 7429 7429
1465 0 2 0 7650 7652
1466 7635 1 3 3 7642
1467 2 7727 0 1 7730
1468 1 1 0 7738 7740
1469 0 0 7769 1 7770
1470 0 8 0 7645 7653
1471 7752 0 2 0 7754
1472 7739 0 2 6 7747
1473 0 8 0 7759 7767
1474 0 0 7715 0 7715
1475 7613 0 2 6 7621
1476 7 0 7686 0 7693
1477 7636 0 10 0 7646
1478 0 7936 0 1 7937
1479 0 3 0 8082 8085
1480 1 0 8068 1 8070
1481 3 0 8123 1 8127
1482 7996 0 23 1 8020
1483 8107 0 12 1 8120
1484 0 0 1 8290 8291
1485 1 0 8410 0 8411
1486 0 4 0 8389 8393
1487 0 0 0 8495 8495
1488 1 2 0 8591 8594
1489 0 0 8562 0 8562
1490 8624 0 0 0 8624
1491 8568 2 1 0 8571
1492 2 0 0 8626 8628
1493 3 4 0 8702 8709
1494 0 0 0 8703 8703
1495 8655 0 3 1 8659
1496 4 8675 4 1 8684
1497 8737 0 0 1 8738
1498 8729 1 1 1 8732
1499 2 0 8735 9 8746
1500 0 8689 0 1 8690
1501 8762 1 2 1 8766
1502 5 0 0 8773 8778
1503 1 0 8794 1 8796
1504 0 2 0 8712 8714
1505 0 2 0 8755 8757
1506 0 8763 1 3 8767
1507 0 10 0 8783 8793
1508 8690 0 0 0 8690
1509 5 8782 0 0 8787
1510 8819 3 6 0 8828
1511 0 0 8848 1 8849
1512 8739 0 4 6 8749
1513 0 0 8848 4 8852
1514 8764 0 2 1 8767
1515 3 14 0 8915 8932
1516 1 0 8917 1 8919
1517 0 1 8889 0 8890
1518 8738 2 4 1 8745
1519 0 0 1 9012 9013
1520 0 0 7 9110 9117
1521 1 1 0 9175 9177
1522 1 0 9114 2 9117
1523 0 0 0 8937 8937
1524 9120 0 0 0 9120
1525 0 1 0 9101 9102
1526 0 9102 2 0 9104
1527 0 6 0 9137 9143
1528 9153 0 2 0 9155
1529 9058 1 0 0 9059
1530 0 3 0 9133 9136
1531 1 1 0 9111 9113
1532 0 1 0 9110 9111
1533 2 1 0 9142 9145
1534 0 0 9062 0 9062
1535 1 9027 0 6 9034
1536 9114 1 6 0 9121
1537 9071 0 3 1 9075
1538 0 0 0 9132 9132
1539 3 2 9102 1 9108
1540 0 1 9111 1 9113
1541 9150 0 0 0 9150
1542 9167 0 2 9 9178
1543 104 9098 0 0 9202
1544 0 1 0 9103 9104
1545 12 9043 0 1 9056
1546 0 9104 0 0 9104
1547 0 9140 0 0 9140
1548 1 4 0 9071 9076
1549 0 1 0 9018 9019
1550 12 9141 2 0 9155
1551 2 0 9137 0 9139
1552 0 0 0 9051 9051
1553 2 4 2 9070 9078
1554 0 4 1 9219 9224
1555 5 1 9030 2 9038
1556 1 5 8791 0 8797
1557 0 0 8830 8 8838
1558 2 0 8962 0 8964
1559 3 0 0 8939 8942
1560 0 1 0 9060 9061
1561 5 0 9094 0 9099
1562 1 9077 0 3 9081
1563 0 2 0 9243 9245
1564 1 0 9225 0 9226
1565 4 0 9262 0 9266
1566 9192 1 0 0 9193
1567 18 0 9218 1 9237
1568 0 0 1 9203 9204
1569 9354 0 3 0 9357
1570 9388 0 1 0 9389
1571 9438 0 0 0 9438
1572 0 164 0 9233 9397
1573 3 0 9376 0 9379
1574 9413 0 6 0 9419
1575 9405 0 0 0 9405
1576 1 2 0 9380 9383
1577 0 9432 0 5 9437
1578 9495 0 6 10 9511
1579 0 1 9476 1 9478
1580 3 9504 0 0 9507
1581 9568 2 4 0 9574
1582 3 1 9536 1 9541
1583 9549 0 0 0 9549
1584 0 175 2 9413 9590
1585 9595 6 2 17 9620
1586 1 6 1 9633 9641
1587 1 0 9634 0 9635
1588 6 0 9529 1 9536
1589 1 9506 1 0 9508
1590 9579 5 1 1 9586
1591 9532 0 0 1 9533
1592 0 0 1 9639 9640
1593 9663 0 1 0 9664
1594 0 0 9662 0 9662
1595 0 0 9589 2 9591
1596 9541 0 2 0 9543
1597 9599 0 0 0 9599
1598 1 15 2 9633 9651
1599 14 0 9609 0 9623
1600 9580 0 2 3 9585
1601 1 9611 0 3 9615
1602 9677 0 2 0 9679
1603 9630 0 0 1 9631
1604 0 3 1 9688 9692
1605 9731 1 0 0 9732
1606 9726 3 0 0 9729
1607 1 0 2 9791 9794
1608 9932 0 0 0 9932
1609 9880 0 2 0 9882
1610 9914 0 1 1 9916
1611 1 0 9877 4 9882
1612 9829 0 0 0 9829
1613 9821 0 1 0 9822
1614 1 9829 0 3 9833
1615 9897 0 5 0 9902
1616 9833 0 1 0 9834
1617 5 9840 0 1 9846
1618 9949 0 2 0 9951
1619 2 37 1 9845 9885
1620 0 0 9880 0 9880
1621 9833 7 0 1 9841
1622 0 0 1 9801 9802
1623 16 9978 0 7 10001
1624 10063 0 1 0 10064
1625 9982 0 2 2 9986
1626 2 9906 0 14 9922
1627 10067 0 3 0 10070
1628 10002 0 0 0 10002
1629 0 1 0 9943 9944
1630 0 0 9982 0 9982
1631 2 0 9933 1 9936
1632 9930 0 43 0 9973
1633 9959 0 0 0 9959
1634 1 1 0 9885 9887
1635 10 0 9912 2 9924
1636 5 0 9787 0 9792
1637 3 0 9820 2 9825
1638 0 3 2 9811 9816
1639 0 9833 0 1 9834
1640 5 9841 0 1 9847
1641 9899 5 5 0 9909
1642 5 0 9824 0 9829
1643 1 9779 0 3 9783
1644 9883 0 0 0 9883
1645 9822 0 7 1 9830
1646 4 9809 0 4 9817
1647 9834 2 2 1 9839
1648 2 0 9669 2 9673
1649 2 9685 0 2 9689
1650 9791 0 2 1 9794
1651 1 9872 0 1 9874
1652 9925 0 1 1 9927
1653 9857 0 0 0 9857
1654 9737 0 0 1 9738
1655 0 9741 0 0 9741
1656 9723 2 0 1 9726
1657 1 1 9599 0 9601
1658 8 9469 1 0 9478
1659 0 9396 0 1 9397
1660 9407 0 0 0 9407
1661 0 0 1 9263 9264
1662 9232 0 2 1 9235
1663 0 9260 0 3 9263
1664 9299 0 2 2 9303
1665 0 0 9160 1 9161
1666 1 9061 0 1 9063
1667 0 1 0 9034 9035
1668 9049 0 3 1 9053
1669 0 2 5 8947 8954
1670 1 1 1 8919 8922
1671 152 8768 0 1 8921
1672 8945 0 1 0 8946
1673 0 0 1 8850 8851
1674 8844 0 0 1 8845
1675 0 0 8721 0 8721
1676 3 8585 0 1 8589
1677 0 0 1 8618 8619
1678 0 0 8601 0 8601
1679 8543 0 0 0 8543
1680 0 290 4 8207 8501
1681 0 0 0 8550 8550
1682 8534 0 1 0 8535
1683 0 0 0 8456 8456
1684 8451 1 5 0 8457
1685 0 1 8398 1 8400
1686 8263 1 1 0 8265
1687 0 1 0 8137 8138
1688 8092 1 1 0 8094
1689 1 8023 0 35 8059
1690 7999 1 0 0 8000
1691 0 7998 0 1 7999
1692 0 7992 0 0 7992
1693 1 2 7 7862 7872
1694 7868 0 2 3 7873
1695 0 7926 0 3 7929
1696 7944 1 0 2 7947
1697 7915 0 0 0 7915
1698 7846 0 15 0 7861
1699 0 2 1 7714 7717
1700 1 0 7715 0 7716
1701 3 7589 0 3 7595
1702 0 7606 0 1 7607
1703 7550 0 1 0 7551
1704 0 7463 0 8 7471
1705 7531 14 1 0 7546
1706 0 0 7534 0 7534
1707 1 5 7468 4 7478
1708 0 3 7729 3 7735
1709 1 0 7765 0 7766
1710 7718 4 16 0 7738
1711 0 0 7790 0 7790
1712 7761 0 1 0 7762
1713 0 1 1 7771 7773
1714 0 1 0 7778 7779
1715 2 7673 0 0 7675
1716 5 7748 0 0 7753
1717 7812 0 0 0 7812
1718 7703 1 0 1 7705
1719 7625 0 0 0 7625
1720 2 0 7722 1 7725
1721 0 7 3 7243 7253
1722 7676 0 8 0 7684
1723 2 0 7742 1 7745
1724 7655 0 0 0 7655
1725 7711 0 1 0 7712
1726 2 0 7649 0 7651
1727 0 0 7638 0 7638
1728 7623 0 1 1 7625
1729 7735 0 0 0 7735
1730 7779 0 5 1 7785
1731 3 0 7737 0 7740
1732 7776 0 2 2 7780
1733 0 0 7768 0 7768
1734 7767 0 1 1 7769
1735 7775 0 1 0 7776
1736 3 0 3 7873 7879
1737 1 0 7881 0 7882
1738 7873 0 0 1 7874
1739 7910 0 12 0 7922
1740 7885 0 0 0 7885
1741 7862 0 2 0 7864
1742 0 2 0 7774 7776
1743 22 7809 0 0 7831
1744 7881 0 0 0 7881
1745 0 3 1 7876 7880
1746 7891 0 0 0 7891
1747 7843 0 0 2 7845
1748 7822 0 9 0 7831
1749 9 1 7845 3 7858
1750 0 0 7792 2 7794
1751 7732 0 0 1 7733
1752 1 0 7802 0 7803
1753 0 4 1 7554 7559
1754 1 5 0 7717 7723
1755 7779 0 2 21 7802
1756 1 1 0 7860 7862
1757 0 0 7849 1 7850
1758 4 0 7942 1 7947
1759 0 0 8053 1 8054
1760 8175 2 3 0 8180
1761 8294 1 0 0 8295
1762 8292 0 0 0 8292
1763 8192 54 0 0 8246
1764 21 8234 0 1 8256
1765 8174 0 0 0 8174
1766 0 8275 4 45 8324
1767 0 2 0 8362 8364
1768 8377 0 1 0 8378
1769 8329 0 1 0 8330
1770 8289 1 0 0 8290
1771 1 0 8430 3 8434
1772 0 0 8366 1 8367
1773 8347 0 1 0 8348
1774 8422 0 2 0 8424
1775 0 0 8424 0 8424
1776 8356 0 0 0 8356
1777 0 0 8489 1 8490
1778 8434 0 2 3 8439
1779 0 0 0 8425 8425
1780 0 1 8443 0 8444
1781 2 0 8475 0 8477
1782 2 0 1 8234 8237
1783 0 8404 0 11 8415
1784 1 55 0 8483 8539
1785 8537 0 0 0 8537
1786 0 12 0 8556 8568
1787 0 8 1 8580 8589
1788 8597 0 0 0 8597
1789 1 0 8517 0 8518
1790 0 0 1 8230 8231
1791 8494 0 6 0 8500
1792 5 0 8414 0 8419
1793 0 8414 0 2 8416
1794 8521 0 1 0 8522
1795 3 0 8510 3 8516
1796 8453 0 1 0 8454
1797 0 1 0 8478 8479
1798 0 2 8467 4 8473
1799 1 0 8488 23 8512
1800 1 3 0 8188 8192
1801 1 0 8439 0 8440
1802 0 0 8333 1 8334
1803 0 3 8438 1 8442
1804 1 8314 18 8 8341
1805 0 8441 0 4 8445
1806 6 8751 0 2 8759
1807 9000 1 2 0 9003
1808 8914 6 5 0 8925
1809 1 8969 0 1 8971
1810 9010 0 0 2 9012
1811 3 30 1 8980 9014
1812 0 11 1 9119 9131
1813 13 0 0 9210 9223
1814 9144 0 0 4 9148
1815 1 9201 1 2 9205
1816 9239 1 2 0 9242
1817 9208 0 1 3 9212
1818 0 0 0 9198 9198
1819 0 5 1 9239 9245
1820 0 7 1 9300 9308
1821 4 0 9266 0 9270
1822 9224 0 0 1 9225
1823 1 0 9294 0 9295
1824 9207 0 3 0 9210
1825 9175 0 0 0 9175
1826 9084 0 5 0 9089
1827 2 9188 0 0 9190
1828 2 2 0 9085 9089
1829 0 6 0 9192 9198
1830 9 0 9119 2 9130
1831 0 9121 0 6 9127
1832 9127 0 2 2 9131
1833 0 15 0 9075 9090
1834 9084 0 3 0 9087
1835 0 1 0 8915 8916
1836 2 8996 0 1 8999
1837 0 8961 1 2 8964
1838 0 9035 0 1 9036
1839 8992 0 7 0 8999
1840 2 0 8966 1 8969
1841 8872 0 7 1 8880
1842 8817 0 2 0 8819
1843 8816 0 2 0 8818
1844 0 12 0 8863 8875
1845 8914 0 0 0 8914
1846 1 0 8939 2 8942
1847 1 13 2 8557 8573
1848 8886 1 3 0 8890
1849 0 5 0 8909 8914
1850 2 6 0 8941 8949
1851 2 1 8918 2 8923
1852 8835 0 6 0 8841
1853 8945 0 0 0 8945
1854 0 1 8985 0 8986
1855 1 1 0 8734 8736
1856 8909 0 0 10 8919
1857 0 0 0 8946 8946
1858 9029 1 8 0 9038
1859 8872 2 88 0 8962
1860 4 0 1 8927 8932
1861 0 8972 0 1 8973
1862 0 8 0 8944 8952
1863 9037 0 0 0 9037
1864 8927 1 9 1 8938
1865 3 0 0 9010 9013
1866 0 0 8969 0 8969
1867 0 0 8823 0 8823
1868 8774 0 3 1 8778
1869 1 8831 0 2 8834
1870 2 8789 0 8 8799
1871 1 8904 1 2 8908
1872 2 0 0 8965 8967
1873 3 0 8949 0 8952
1874 8923 0 0 0 8923
1875 8936 0 0 0 8936
1876 0 1 1 8944 8946
1877 9031 0 0 0 9031
1878 1 9102 0 7 9110
1879 9103 0 7 0 9110
1880 9057 0 1 0 9058
1881 8993 1 1 5 9000
1882 9 0 8916 0 8925
1883 1 4 8884 10 8899
1884 0 0 8829 0 8829
1885 3 9005 0 5 9013
1886 0 0 9117 12 9129
1887 8 0 9265 0 9273
1888 0 0 0 9033 9033
1889 5 3 0 9276 9284
1890 9352 0 3 0 9355
1891 1 9611 0 0 9612
1892 0 3 0 9545 9548
1893 0 1 0 9623 9624
1894 1 9588 0 1 9590
1895 9578 1 0 0 9579
1896 0 0 0 9540 9540
1897 0 9617 0 7 9624
1898 2 9719 0 2 9723
1899 0 7 2 9707 9716
1900 0 9795 0 2 9797
1901 9927 0 3 1 9931
1902 9432 0 499 1 9932
1903 9931 0 14 0 9945
1904 9880 1 9 3 9893
1905 2 1 5 9791 9799
1906 0 9780 0 1 9781
1907 1 9751 0 0 9752
1908 4 9826 0 1 9831
1909 0 2 0 9726 9728
1910 0 0 1 9746 9747
1911 2 16 1 9765 9784
1912 1 0 9765 1 9767
1913 0 5 3 9649 9657
1914 5 0 9697 3 9705
1915 1 1 9890 1 9893
1916 1 2 9951 0 9954
1917 9899 5 16 2 9922
1918 1 10112 2 0 10115
1919 10151 3 7 10 10171
1920 0 0 1 10235 10236
1921 0 1 0 10244 10245
1922 0 8 9 10329 10346
1923 8 10 10300 1 10319
1924 0 28 1 10269 10298
1925 12 10332 4 7 10355
1926 0 19 0 10415 10434
1927 10426 2 0 1 10429
1928 0 5 5 10470 10480
1929 1 4 0 10556 10561
1930 2 2 10472 0 10476
1931 10376 1 16 16 10409
1932 2384 0 8140 1 10525
1933 3 0 10455 1 10459
1934 2 0 10491 0 10493
1935 1 10699 1 6 10707
1936 10756 2 3 0 10761
1937 0 0 2 10774 10776
1938 2 10915 0 2 10919
1939 11058 0 1 0 11059
1940 11069 0 2 0 11071
1941 11059 0 0 0 11059
1942 9 0 10968 3 10980
1943 10808 0 1 0 10809
1944 2 0 11449 0 11451
1945 1 0 11335 0 11336
1946 0 11419 2 6 11427
1947 11435 1 3 76 11515
1948 19 0 11464 2 11485
1949 11451 0 0 0 11451
1950 1 11632 0 0 11633
1951 11624 0 5 0 11629
1952 0 2 0 11696 11698
1953 11738 0 0 0 11738
1954 11644 1 1 0 11646
1955 5 11682 0 0 11687
1956 0 1 0 11510 11511
1957 0 11668 0 0 11668
1958 1 11768 0 0 11769
1959 11719 0 1 1 11721
1960 1 0 11613 1 11615
1961 7 11615 3 6 11631
1962 11783 0 1 0 11784
1963 6 11734 4 0 11744
1964 11772 0 2 1 11775
1965 0 24 1 11692 11717
1966 5 0 11667 0 11672
1967 3 2 11626 0 11631
1968 0 0 2 11475 11477
1969 4 11540 0 1 11545
1970 3 11761 0 2 11766
1971 11682 0 17 0 11699
1972 10 0 11722 0 11732
1973 0 1 1 11533 11535
1974 11748 0 22 13 11783
1975 11769 0 0 0 11769
1976 11749 0 3 0 11752
1977 4 0 11728 0 11732
1978 11645 0 8 0 11653
1979 11704 1 50 0 11755
1980 11721 0 0 0 11721
1981 11656 0 8 2 11666
1982 0 0 0 11545 11545
1983 24 0 11538 2 11564
1984 3 0 11491 0 11494
1985 11541 3 1 0 11545
1986 2 11604 0 2 11608
1987 1 4 1 11623 11629
1988 11680 0 1 0 11681
1989 1 11648 0 6 11655
1990 21 0 11700 0 11721
1991 11759 0 3 2 11764
1992 0 5 1 11607 11613
1993 15 0 11443 0 11458
1994 0 11607 0 13 11620
1995 154 1 11430 0 11585
1996 1 1 11559 0 11561
1997 0 1 4 11009 11014
1998 15 0 11322 1 11338
1999 0 0 0 11718 11718
2000 5 12032 0 1 12038
2001 6 20 0 12142 12168
2002 1 0 12266 0 12267
2003 4 0 12186 0 12190
2004 12154 1 5 1 12161
2005 12302 0 1 2 12305
2006 53 12348 0 0 12401
2007 0 34 0 12356 12390
2008 0 12465 0 1 12466
2009 12460 0 3 0 12463
2010 1 0 1 12445 12447
2011 12397 0 0 0 12397
2012 1 0 12451 0 12452
2013 0 44 0 12129 12173
2014 1 0 0 12484 12485
2015 3 0 12537 3 12543
2016 0 0 12474 1 12475
2017 12381 0 0 0 12381
2018 3 0 12449 0 12452
2019 12400 0 5 0 12405
2020 12342 0 4 0 12346
2021 3 12318 0 0 12321
2022 8 12350 0 2 12360
2023 12426 3 3 1 12433
2024 12456 0 0 0 12456
2025 12470 0 1 1 12472
2026 12449 0 3 0 12452
2027 3 1 12342 0 12346
2028 12290 0 1 0 12291
2029 12348 0 1 0 12349
2030 12358 0 0 0 12358
2031 0 12346 0 45 12391
2032 12479 1 1 0 12481
2033 2 7 12282 0 12291
2034 12191 0 0 0 12191
2035 5 0 0 12077 12082
2036 1 12294 0 1 12296
2037 0 1 1 12329 12331
2038 12381 0 1 2 12384
2039 2 24 6 12286 12318
2040 12295 0 4 0 12299
2041 0 12361 0 0 12361
2042 0 0 0 12379 12379
2043 12062 0 325 0 12387
2044 12275 1 0 0 12276
2045 12217 0 0 6 12223
2046 7 12263 0 0 12270
2047 12301 0 5 1 12307
2048 0 12429 1 0 12430
2049 1 4 0 12347 12352
2050 0 0 12387 6 12393
2051 12257 0 0 2 12259
2052 1 1 0 12344 12346
2053 1 12353 0 2 12356
2054 12442 0 8 6 12456
2055 0 2 12438 1 12441
2056 12282 1 2 1 12286
2057 0 0 12435 1 12436
2058 9 1 12318 2 12330
2059 12360 1 0 2 12363
2060 12430 0 9 0 12439
2061 14 12442 3 3 12462
2062 12596 1 1 7 12605
2063 0 3 0 12552 12555
2064 4 0 12674 2 12680
2065 12551 0 0 0 12551
2066 0 1 0 12525 12526
2067 2 2 0 12633 12637
2068 0 12691 0 0 12691
2069 0 0 3 12702 12705
2070 0 0 0 12817 12817
2071 2 1 12781 3 12787
2072 12634 2 0 1 12637
2073 8 0 12672 1 12681
2074 1 5 12706 0 12712
2075 12777 0 1 6 12784
2076 12827 0 4 0 12831
2077 13 12761 0 0 12774
2078 12925 0 0 1 12926
2079 12868 0 2 0 12870
2080 2 0 1 12837 12840
2081 2 0 12707 0 12709
2082 9 12697 4 0 12710
2083 0 6 0 12723 12729
2084 12686 0 22 6 12714
2085 0 12514 0 146 12660
2086 11 2 12685 1 12699
2087 0 12787 1 1 12789
2088 0 3 7 12961 12971
2089 12973 0 14 5 12992
2090 12911 1 1 0 12913
2091 12923 3 4 0 12930
2092 0 3 0 13022 13025
2093 1 0 13033 2 13036
2094 0 3 0 12952 12955
2095 7 6 2 13108 13123
2096 5 0 13121 0 13126
2097 1 12968 0 2 12971
2098 13072 5 2 0 13079
2099 12852 0 2 2 12856
2100 1 12893 0 8 12902
2101 1 12942 0 0 12943
2102 0 3 0 13137 13140
2103 13061 0 1 1 13063
2104 1 4 0 12992 12997
2105 0 2 0 13521 13523
2106 0 0 0 13465 13465
2107 1 1 13202 0 13204
2108 13110 0 3 0 13113
2109 38 0 13045 1 13084
2110 1 0 13013 0 13014
2111 1 12786 1 4 12792
2112 0 13004 0 3 13007
2113 0 0 0 13369 13369
2114 1 0 13339 5 13345
2115 12 2 0 13179 13193
2116 0 0 0 13282 13282
2117 0 0 0 13370 13370
2118 0 33 0 13387 13420
2119 13398 6 2 0 13406
2120 13279 0 0 1 13280
2121 27 13236 0 1 13264
2122 13192 0 1 0 13193
2123 0 0 13076 0 13076
2124 1 0 2 12750 12753
2125 4 0 12872 1 12877
2126 5 12861 0 29 12895
2127 12950 0 2 1 12953
2128 0 1 1 12944 12946
2129 5 12946 2 2 12955
2130 13047 0 0 1 13048
2131 0 1 0 12981 12982
2132 12956 0 5 0 12961
2133 0 13007 0 2 13009
2134 13067 0 3 0 13070
2135 0 0 12991 0 12991
2136 6 0 12885 0 12891
2137 12893 0 2 0 12895
2138 12821 0 6 0 12827
2139 1 0 12712 0 12713
2140 0 12570 1 0 12571
2141 1 12706 1 2 12710
2142 12830 0 78 3 12911
2143 0 0 12882 0 12882
2144 0 16 1 12529 12546
2145 2 0 12558 0 12560
2146 0 0 12501 0 12501
2147 4 0 12586 0 12590
2148 0 15 1 12481 12497
2149 1 12492 0 2 12495
2150 12708 0 2 1 12711
2151 12571 0 2 0 12573
2152 0 12668 0 1 12669
2153 12655 0 1 0 12656
2154 0 1 0 12548 12549
2155 12517 0 4 0 12521
2156 5 0 12382 0 12387
2157 2 12307 0 22 12331
2158 12396 0 1 0 12397
2159 1 2 3 12404 12410
2160 16 0 12309 0 12325
2161 5 12120 1 2 12128
2162 0 0 2 12232 12234
2163 0 1 3 12294 12298
2164 0 0 12162 0 12162
2165 12136 0 2 0 12138
2166 2 1 12013 0 12016
2167 1 0 11832 2 11835
2168 1 11689 1 0 11691
2169 0 15 1 11829 11845
2170 11818 0 2 1 11821
2171 0 1 1 11748 11750
2172 13 0 11627 2 11642
2173 4 0 11444 0 11448
2174 0 11163 0 1 11164
2175 0 11003 0 15 11018
2176 2 11252 0 2 11256
2177 11332 0 7 0 11339
2178 4 11368 0 2 11374
2179 11372 1 1 0 11374
2180 0 1 11394 0 11395
2181 11262 0 0 0 11262
2182 3 3 2 11279 11287
2183 0 0 0 11273 11273
2184 11300 0 0 2 11302
2185 11147 0 1 0 11148
2186 0 0 11143 0 11143
2187 11068 0 1 1 11070
2188 10962 0 2 0 10964
2189 1 2 1 10896 10900
2190 6 0 10878 1 10885
2191 0 0 10856 0 10856
2192 10802 0 2 1 10805
2193 2 0 1 10767 10770
2194 7 0 10631 0 10638
2195 1 10519 0 3 10523
2196 10462 0 67 0 10529
2197 1 10573 0 2 10576
2198 2 0 10672 0 10674
2199 10523 2 1 0 10526
2200 0 0 1 10468 10469
2201 0 2 1 10483 10486
2202 10528 0 0 0 10528
2203 2 2 10501 0 10505
2204 10454 0 2 0 10456
2205 0 2 0 10352 10354
2206 0 2 1 10362 10365
2207 10396 0 0 0 10396
2208 0 14 0 10318 10332
2209 1 0 10336 0 10337
2210 10295 0 0 0 10295
2211 10198 0 0 0 10198
2212 0 0 8 10057 10065
2213 0 10156 0 2 10158
2214 10019 1 124 1 10145
2215 12 0 10146 1 10159
2216 39 0 10032 1 10072
2217 20 0 9991 4 10015
2218 9863 0 5 0 9868
2219 0 0 10000 0 10000
2220 9978 0 2 1 9981
2221 9993 0 0 0 9993
2222 0 0 1 9965 9966
2223 5 0 10025 0 10030
2224 1 7 0 9777 9785
2225 1 9794 0 3 9798
2226 9811 0 0 0 9811
2227 9748 0 0 0 9748
2228 9744 0 6 0 9750
2229 29 0 9713 0 9742
2230 27 0 9578 0 9605
2231 9673 0 0 1 9674
2232 0 31 1 9644 9676
2233 168 0 9520 0 9688
2234 9661 0 0 0 9661
2235 0 0 0 9574 9574
2236 0 4 0 9593 9597
2237 1 0 0 9540 9541
2238 0 13 1 9608 9622
2239 3 0 9607 1 9611
2240 9501 0 0 1 9502
2241 3 0 9518 0 9521
2242 9490 0 3 0 9493
2243 9392 0 35 0 9427
2244 9373 0 1 0 9374
2245 1 0 9240 0 9241
2246 0 9171 0 0 9171
2247 9222 0 5 0 9227
2248 9060 0 5 0 9065
2249 1 4 1 9121 9127
2250 1 0 9079 0 9080
2251 0 0 8976 1 8977
2252 3 8763 0 9 8775
2253 0 1 0 8771 8772
2254 0 8730 0 1 8731
2255 8246 0 0 0 8246
2256 0 8717 1 0 8718
2257 0 8808 0 1 8809
2258 0 0 1 8814 8815
2259 1 303 1 8590 8895
2260 12 0 8804 1 8817
2261 0 0 8816 0 8816
2262 7 0 0 8469 8476
2263 1 0 8698 0 8699
2264 8544 0 1 0 8545
2265 2 0 8779 0 8781
2266 8643 0 0 0 8643
2267 1 0 0 8679 8680
2268 0 1 0 8739 8740
2269 1 0 8673 1 8675
2270 2 1 8547 0 8550
2271 94 0 8454 0 8548
2272 0 0 2 8383 8385
2273 8372 0 3 1 8376
2274 0 8379 0 2 8381
2275 8474 0 1 0 8475
2276 0 3 3 8432 8438
2277 8464 0 2 0 8466
2278 0 1 2 8358 8361
2279 8399 0 1 0 8400
2280 8278 0 0 0 8278
2281 5 1 8117 2 8125
2282 0 7844 0 0 7844
2283 2 0 0 7740 7742
2284 6 0 1 7676 7683
2285 0 7797 0 1 7798
2286 2 0 7772 9 7783
2287 7666 0 0 0 7666
2288 7584 0 0 0 7584
2289 51 0 7431 1 7483
2290 7392 0 0 0 7392
2291 0 0 0 7343 7343
2292 0 0 7339 0 7339
2293 0 0 1 7024 7025
2294 0 0 0 7141 7141
2295 0 0 0 7231 7231
2296 7132 0 0 0 7132
2297 0 0 1 6993 6994
2298 1 0 6819 0 6820
2299 2 0 6616 1 6619
2300 47 0 6476 0 6523
2301 35 0 6493 0 6528
2302 1 0 0 6525 6526
2303 0 5 1 6556 6562
2304 6507 0 0 0 6507
2305 2 2 0 6406 6410
2306 0 0 0 6447 6447
2307 0 0 6232 0 6232
2308 0 0 5810 1 5811
2309 0 0 0 5659 5659
2310 0 5638 0 1 5639
2311 4339 0 1260 0 5599
2312 0 0 0 5368 5368
2313 1 5340 0 0 5341
2314 5305 0 0 0 5305
2315 0 5 0 5163 5168
2316 1 1 0 5133 5135
2317 0 0 5048 4 5052
2318 4802 0 122 0 4924
2319 4851 0 0 0 4851
2320 1 0 0 4778 4779
2321 4620 0 0 0 4620
2322 751 3829 0 1 4581
2323 4555 0 2 0 4557
2324 2 1 0 4509 4512
2325 10 0 4401 0 4411
2326 12 4118 0 3 4133
2327 14 0 4096 0 4110
2328 3812 0 0 0 3812
2329 0 1 0 3745 3746
2330 3668 0 0 0 3668
2331 0 3532 2 158 3692
2332 3615 0 9 0 3624
2333 27 3475 161 1 3664
2334 3664 0 0 0 3664
2335 3607 0 3 0 3610
2336 3588 5 0 0 3593
2337 2 0 0 3398 3400
2338 1 0 3295 0 3296
2339 3241 0 1 1 3243
2340 0 1 0 3194 3195
2341 2 0 0 3201 3203
2342 3115 0 0 0 3115
2343 3026 0 1 0 3027
2344 2958 0 0 0 2958
2345 2888 3 0 0 2891
2346 3 0 0 2506 2509
2347 0 0 2184 0 2184
2348 2193 0 0 0 2193
2349 2123 0 0 0 2123
2350 2065 0 0 0 2065
2351 1812 0 0 0 1812
2352 1568 1 0 0 1569
2353 1522 0 0 0 1522
2354 13 2 1368 0 1383
2355 0 0 299 0 299
2356 0 271 0 0 271
2357 0 4 0 235 239
2358 0 243 0 0 243
2359 0 0 243 0 243
2360 0 0 0 221 221
2361 0 0 227 0 227
2362 0 0 0 224 224
2363 0 0 0 220 220
2364 0 0 0 200 200
2365 0 181 0 0 181
2366 0 0 0 178 178
2367 75 0 0 0 75
2368 0 80 0 0 80
2369 0 0 0 69 69
2370 0 0 0 37 37
