0 0 0 0 0 0
1 0 0 0 0 0
2 0 0 6 0 6
3 0 6 0 0 6
4 6 0 0 0 6
5 0 0 6 0 6
6 6 0 0 0 6
7 6 0 0 0 6
8 0 0 6 0 6
9 0 14 0 0 14
10 0 0 14 0 14
11 0 0 108 0 108
12 45 0 51 12 108
13 0 0 113 0 113
14 0 116 0 0 116
15 0 382 0 12 394
16 0 0 0 581 581
17 0 0 0 600 600
18 0 0 0 653 653
19 655 0 0 0 655
20 709 0 0 1 710
21 0 0 848 0 848
22 834 0 0 0 834
23 0 0 0 944 944
24 1 0 945 0 946
25 1022 0 0 0 1022
26 1019 0 0 0 1019
27 0 0 0 1257 1257
28 1319 1 0 0 1320
29 0 0 0 1366 1366
30 1358 1 0 0 1359
31 1419 1 0 0 1420
32 1421 1 0 0 1422
33 0 0 0 1430 1430
34 0 1504 0 0 1504
35 141 1691 0 0 1832
36 0 0 0 1931 1931
37 0 0 0 2269 2269
38 2624 0 0 0 2624
39 0 0 0 2731 2731
40 0 0 0 2846 2846
41 0 0 0 2912 2912
42 0 1 0 2967 2968
43 0 2963 0 0 2963
44 0 1 0 2955 2956
45 0 2979 0 0 2979
46 0 45 0 2925 2970
47 0 0 0 3191 3191
48 0 3323 0 1 3324
49 3376 0 2 0 3378
50 0 0 0 3395 3395
51 3393 0 0 1 3394
52 0 0 3445 0 3445
53 3460 0 1 0 3461
54 0 0 0 3478 3478
55 0 0 3532 0 3532
56 1 33 0 3504 3538
57 1 0 3567 0 3568
58 0 3602 1 7 3610
59 0 3644 0 1 3645
60 0 3654 0 1 3655
61 0 0 3788 0 3788
62 0 0 0 3750 3750
63 3783 0 1 1 3785
64 1 3815 0 0 3816
65 3790 0 1 0 3791
66 0 0 3782 0 3782
67 3 0 3743 2 3748
68 0 3817 0 2 3819
69 3932 0 1 0 3933
70 1 0 3914 0 3915
71 0 3912 0 0 3912
72 3942 0 1 0 3943
73 3963 0 0 0 3963
74 0 0 1 3994 3995
75 0 29 0 3967 3996
76 2 0 0 3982 3984
77 0 4023 0 1 4024
78 4100 0 0 0 4100
79 4089 0 0 0 4089
80 0 4160 0 0 4160
81 4166 0 0 0 4166
82 4110 0 0 0 4110
83 0 4195 1 0 4196
84 4224 0 0 0 4224
85 0 0 0 4248 4248
86 1 0 0 4199 4200
87 403 3864 0 1 4268
88 1 4258 0 2 4261
89 0 4288 0 2 4290
90 4277 0 0 0 4277
91 0 0 0 4413 4413
92 4371 0 0 1 4372
93 0 4415 0 0 4415
94 4351 0 1 0 4352
95 0 4495 0 0 4495
96 0 49 1 4442 4492
97 1 0 4068 0 4069
98 2 0 4079 0 4081
99 0 0 0 4087 4087
100 0 0 4131 0 4131
101 0 0 0 4114 4114
102 0 0 0 4141 4141
103 0 4167 0 0 4167
104 0 4161 0 0 4161
105 0 4175 0 0 4175
106 0 4149 0 1 4150
107 0 4311 0 1 4312
108 0 0 0 4332 4332
109 0 2 0 4325 4327
110 4295 0 0 0 4295
111 0 55 0 4263 4318
112 0 0 0 4281 4281
113 0 4329 0 0 4329
114 25 4310 0 1 4336
115 0 4358 0 0 4358
116 4059 0 0 1 4060
117 0 0 0 4132 4132
118 1 0 4364 0 4365
119 0 0 4334 0 4334
120 4409 0 3 0 4412
121 4510 0 0 0 4510
122 0 4615 0 0 4615
123 4618 0 0 0 4618
124 0 0 4602 0 4602
125 0 0 4539 0 4539
126 4559 0 9 1 4569
127 4606 45 20 0 4671
128 0 4699 0 0 4699
129 4679 0 0 0 4679
130 13 0 4649 0 4662
131 0 0 4640 0 4640
132 0 90 0 4629 4719
133 0 2 0 4785 4787
134 4896 0 1 0 4897
135 0 4880 0 0 4880
136 4872 0 0 1 4873
137 0 4914 0 0 4914
138 4905 0 0 0 4905
139 4902 0 1 0 4903
140 0 0 0 4975 4975
141 4930 1 14 0 4945
142 0 0 4921 0 4921
143 4905 0 1 0 4906
144 17 4921 0 0 4938
145 4911 0 1 2 4914
146 0 4971 0 1 4972
147 0 0 0 4955 4955
148 0 0 5075 0 5075
149 1 0 0 4989 4990
150 1 0 5040 0 5041
151 5128 1 0 0 5129
152 1 1 0 5165 5167
153 0 5166 0 1 5167
154 5186 0 1 0 5187
155 0 0 5460 0 5460
156 5426 0 1 0 5427
157 5455 0 0 17 5472
158 0 5673 0 1 5674
159 0 0 5731 0 5731
160 0 5826 0 0 5826
161 5812 0 3 0 5815
162 1 1 0 5847 5849
163 1 0 5778 1 5780
164 5807 0 0 0 5807
165 1 0 5759 0 5760
166 0 147 0 5514 5661
167 5750 0 2 0 5752
168 0 5949 0 0 5949
169 0 0 0 5927 5927
170 0 5980 0 0 5980
171 5997 0 0 0 5997
172 6002 0 0 0 6002
173 5988 0 1 0 5989
174 0 6015 0 0 6015
175 6103 0 13 0 6116
176 6062 0 5 0 6067
177 0 0 6059 1 6060
178 3 0 6206 0 6209
179 0 0 6674 0 6674
180 0 0 6918 0 6918
181 7242 0 5 1 7248
182 7288 0 0 0 7288
183 7215 0 49 0 7264
184 0 7248 0 1 7249
185 7293 0 0 3 7296
186 0 0 7217 0 7217
187 1 759 0 6372 7132
188 7228 0 1 0 7229
189 0 7263 0 1 7264
190 7218 0 0 0 7218
191 0 1 0 7229 7230
192 0 853 0 6408 7261
193 0 1 0 7317 7318
194 1 7420 0 0 7421
195 1 1 0 7433 7435
196 1 0 7399 0 7400
197 7279 0 87 0 7366
198 0 0 0 7394 7394
199 0 0 7397 0 7397
200 0 0 0 7344 7344
201 0 0 0 7329 7329
202 7385 0 0 0 7385
203 0 7392 0 0 7392
204 7380 0 2 0 7382
205 0 0 7322 1 7323
206 0 0 7175 1 7176
207 7201 0 0 0 7201
208 0 0 0 7216 7216
209 2 0 7511 1 7514
210 0 7560 0 2 7562
211 7537 0 2 0 7539
212 0 7624 0 0 7624
213 7519 0 1 0 7520
214 7519 0 0 0 7519
215 0 2 0 7861 7863
216 1 0 7820 0 7821
217 0 0 7781 0 7781
218 0 1 0 7334 7335
219 1 0 7580 0 7581
220 1 0 7547 0 7548
221 7514 0 104 1 7619
222 3 0 0 7617 7620
223 0 7688 0 5 7693
224 0 7764 0 1 7765
225 7781 0 4 0 7785
226 7765 2 0 0 7767
227 0 7691 0 1 7692
228 7891 0 17 0 7908
229 8003 0 0 0 8003
230 8171 0 1 0 8172
231 0 0 0 8114 8114
232 4 0 8150 1 8155
233 0 0 8036 0 8036
234 8111 0 55 0 8166
235 4 8177 0 0 8181
236 0 8255 0 0 8255
237 8309 0 1 1 8311
238 0 0 1 8278 8279
239 0 1 0 8231 8232
240 8163 0 1 0 8164
241 0 8148 0 35 8183
242 0 8329 0 2 8331
243 10 8393 0 0 8403
244 0 9 8484 1 8494
245 8281 0 0 2 8283
246 8485 0 2 0 8487
247 3 0 8586 0 8589
248 8616 0 0 0 8616
249 0 0 0 8637 8637
250 8708 0 0 0 8708
251 8684 0 0 0 8684
252 1 0 0 8724 8725
253 2 0 8589 0 8591
254 8606 0 1 0 8607
255 315 0 8204 0 8519
256 0 8534 0 2 8536
257 0 8621 0 2 8623
258 2 0 8602 0 8604
259 8397 1 1 0 8399
260 2 0 8355 0 8357
261 0 1 0 8355 8356
262 1 0 8550 0 8551
263 0 8606 1 0 8607
264 0 8706 0 0 8706
265 0 0 0 8692 8692
266 8617 1 0 1 8619
267 0 1 0 8590 8591
268 0 0 8551 0 8551
269 1 8502 0 1 8504
270 8395 0 1 1 8397
271 32 8421 0 0 8453
272 8472 0 1 0 8473
273 8442 1 46 0 8489
274 0 0 0 8571 8571
275 0 0 0 8590 8590
276 8435 0 141 0 8576
277 0 0 8621 0 8621
278 8554 0 0 0 8554
279 0 47 1 8513 8561
280 2 0 0 8611 8613
281 0 0 8563 0 8563
282 0 8543 0 19 8562
283 0 0 8621 1 8622
284 0 0 0 8385 8385
285 14 8486 0 9 8509
286 0 167 0 8448 8615
287 0 1 0 8640 8641
288 8572 0 0 0 8572
289 13 0 8565 0 8578
290 8415 0 0 1 8416
291 0 0 8612 0 8612
292 0 0 8530 0 8530
293 1 8586 0 0 8587
294 0 0 0 8290 8290
295 0 0 0 8370 8370
296 0 0 0 8437 8437
297 8150 0 92 0 8242
298 0 0 8135 0 8135
299 8120 0 0 0 8120
300 0 0 0 8162 8162
301 8224 2 1 0 8227
302 10 0 8080 0 8090
303 8245 0 0 0 8245
304 8212 1 0 1 8214
305 0 0 0 8194 8194
306 1 0 8294 0 8295
307 0 0 8280 0 8280
308 8208 0 1 0 8209
309 0 0 0 8252 8252
310 0 0 8262 0 8262
311 8187 0 2 1 8190
312 8316 0 2 0 8318
313 1 0 8264 0 8265
314 8118 0 0 0 8118
315 8013 0 2 0 8015
316 8 7926 0 0 7934
317 7699 0 2 1 7702
318 1 7952 0 0 7953
319 1 7919 0 0 7920
320 0 7923 0 1 7924
321 7988 0 2 0 7990
322 1 0 7954 1 7956
323 0 0 8094 0 8094
324 0 0 0 7650 7650
325 1 7915 0 33 7949
326 0 10 0 7948 7958
327 0 2 0 8282 8284
328 1 0 0 8392 8393
329 0 2 0 8393 8395
330 0 0 0 8339 8339
331 0 8312 0 2 8314
332 8456 0 2 0 8458
333 8464 0 1 2 8467
334 0 0 8226 0 8226
335 1 8200 0 1 8202
336 8164 0 2 0 8166
337 1 0 8065 0 8066
338 1 8000 0 3 8004
339 0 8112 0 0 8112
340 1 1 1 7994 7997
341 0 7959 0 1 7960
342 7909 0 2 0 7911
343 0 8008 0 11 8019
344 8062 0 0 0 8062
345 1 0 8037 0 8038
346 7973 0 1 0 7974
347 7980 0 0 0 7980
348 0 0 0 8001 8001
349 0 0 8061 0 8061
350 0 8003 0 0 8003
351 0 1 0 7917 7918
352 7958 0 1 1 7960
353 1 0 0 7935 7936
354 0 0 7886 0 7886
355 1 0 7820 0 7821
356 7822 29 0 0 7851
357 0 0 7793 1 7794
358 286 0 7378 0 7664
359 0 7624 0 0 7624
360 1 7591 0 0 7592
361 0 7463 0 229 7692
362 0 0 0 7807 7807
363 7744 0 3 0 7747
364 7693 0 0 0 7693
365 0 3 0 7713 7716
366 1 0 7710 0 7711
367 2 0 7781 0 7783
368 1 1 0 7963 7965
369 0 8068 0 0 8068
370 7962 0 0 1 7963
371 0 8132 0 2 8134
372 8131 0 0 1 8132
373 8073 0 1 2 8076
374 0 8092 0 0 8092
375 0 0 0 8152 8152
376 1 0 8128 0 8129
377 1 0 0 7946 7947
378 8029 0 1 0 8030
379 1 0 8089 0 8090
380 8078 0 0 0 8078
381 0 8091 0 0 8091
382 8189 0 5 0 8194
383 8148 0 1 0 8149
384 8162 0 0 0 8162
385 1 0 0 8110 8111
386 1 0 0 8148 8149
387 8174 0 0 0 8174
388 7967 0 0 0 7967
389 0 8019 0 71 8090
390 0 8072 0 1 8073
391 0 8110 0 2 8112
392 8179 0 0 0 8179
393 0 0 8199 1 8200
394 1 1 8337 0 8339
395 0 0 8363 0 8363
396 54 0 8304 1 8359
397 8267 0 1 0 8268
398 0 0 8492 0 8492
399 8421 1 1 0 8423
400 0 8409 48 0 8457
401 8458 0 0 0 8458
402 630 0 7946 0 8576
403 8378 0 1 0 8379
404 0 8558 0 0 8558
405 0 7 0 8621 8628
406 0 0 0 8668 8668
407 0 0 0 8688 8688
408 91 2 0 8511 8604
409 1 0 8379 0 8380
410 8225 0 0 0 8225
411 0 0 0 8113 8113
412 1 0 0 8018 8019
413 1 0 7855 1 7857
414 1 0 7751 2 7754
415 7812 0 4 0 7816
416 1 7812 0 0 7813
417 7538 0 3 0 7541
418 0 0 7528 0 7528
419 0 0 0 7328 7328
420 7366 0 0 0 7366
421 0 1 0 7399 7400
422 2 0 7266 0 7268
423 0 7296 0 1 7297
424 7327 0 1 0 7328
425 2 0 7324 0 7326
426 7220 0 0 0 7220
427 7277 0 0 0 7277
428 7164 0 0 0 7164
429 0 7089 0 0 7089
430 0 7044 0 0 7044
431 6952 0 0 0 6952
432 6722 0 0 0 6722
433 0 6937 0 0 6937
434 0 6652 0 0 6652
435 1 0 0 6564 6565
436 1 0 6587 0 6588
437 0 6550 0 0 6550
438 0 0 0 6527 6527
439 0 0 6506 0 6506
440 0 6446 0 2 6448
441 6467 0 1 0 6468
442 6461 0 0 0 6461
443 0 6538 0 6 6544
444 105 0 6342 0 6447
445 7 1 6362 0 6370
446 0 6371 0 0 6371
447 6264 0 3 32 6299
448 0 6197 0 27 6224
449 0 0 0 6156 6156
450 2 0 6178 0 6180
451 6120 0 0 0 6120
452 6197 0 0 0 6197
453 0 59 0 6121 6180
454 5955 0 0 0 5955
455 0 6015 0 0 6015
456 6047 0 1 0 6048
457 5816 0 4 0 5820
458 0 5846 0 0 5846
459 5762 0 0 0 5762
460 5654 0 2 0 5656
461 0 1 0 5629 5630
462 5614 0 1 0 5615
463 5357 0 1 1 5359
464 0 5439 27 0 5466
465 0 5509 0 0 5509
466 18 1 0 5388 5407
467 0 5482 0 1 5483
468 0 1 0 5412 5413
469 0 0 0 5452 5452
470 0 0 1 5487 5488
471 0 1 0 5513 5514
472 5491 0 1 1 5493
473 1 0 5477 0 5478
474 0 0 5391 0 5391
475 0 0 1 5275 5276
476 0 1 0 5381 5382
477 24 0 5353 0 5377
478 5359 0 1 0 5360
479 5356 0 0 0 5356
480 0 0 0 5385 5385
481 0 0 5180 2 5182
482 5160 0 0 0 5160
483 0 0 0 5082 5082
484 0 17 0 5053 5070
485 2 0 0 5013 5015
486 5014 1 0 0 5015
487 5030 0 0 1 5031
488 5003 0 0 0 5003
489 0 0 0 4975 4975
490 0 0 4889 0 4889
491 0 0 4830 0 4830
492 4716 0 0 0 4716
493 1 0 4757 0 4758
494 0 4574 0 2 4576
495 0 4239 0 178 4417
496 67 0 4337 1 4405
497 4141 0 0 0 4141
498 0 4159 0 0 4159
499 3902 0 167 0 4069
500 3882 0 0 0 3882
501 3896 0 0 0 3896
502 0 0 3881 0 3881
503 0 0 3898 0 3898
504 0 1 0 3619 3620
505 0 0 3809 0 3809
506 0 0 3884 0 3884
507 3906 0 0 0 3906
508 0 0 1 3905 3906
509 0 0 0 3945 3945
510 3955 0 0 0 3955
511 3840 0 88 0 3928
512 0 0 0 3898 3898
513 3723 0 0 0 3723
514 0 3819 0 18 3837
515 75 3776 0 1 3852
516 0 1 0 3784 3785
517 0 2 1 3766 3769
518 0 0 0 3777 3777
519 0 0 0 3806 3806
520 0 0 0 3665 3665
521 0 0 3575 1 3576
522 0 3422 0 24 3446
523 0 3462 0 2 3464
524 3487 0 0 0 3487
525 27 0 3459 0 3486
526 0 0 3423 0 3423
527 3358 0 1 0 3359
528 3 46 0 3331 3380
529 3230 0 0 0 3230
530 0 0 2 3055 3057
531 0 3075 0 1 3076
532 3144 0 0 0 3144
533 0 0 0 3086 3086
534 0 1 0 3124 3125
535 1 0 3108 0 3109
536 3112 0 0 3 3115
537 0 0 1 3088 3089
538 0 0 0 3149 3149
539 0 3109 0 1 3110
540 3148 0 0 0 3148
541 0 0 0 3129 3129
542 0 0 0 3098 3098
543 3118 0 1 0 3119
544 0 0 3076 0 3076
545 3062 0 0 0 3062
546 0 3029 0 0 3029
547 2923 0 0 0 2923
548 18 0 2876 0 2894
549 2809 0 0 0 2809
550 0 2838 0 0 2838
551 0 2941 0 0 2941
552 0 1 0 2938 2939
553 1 0 2907 0 2908
554 2910 0 0 0 2910
555 2921 0 0 0 2921
556 2930 0 0 0 2930
557 0 0 0 2890 2890
558 0 0 2861 0 2861
559 2834 0 0 0 2834
560 0 2848 0 1 2849
561 0 0 0 2802 2802
562 0 0 0 2774 2774
563 0 0 0 2716 2716
564 0 2779 0 0 2779
565 1 0 1 2703 2705
566 0 0 0 2694 2694
567 0 2634 1 66 2701
568 0 0 0 2653 2653
569 0 2688 0 5 2693
570 2703 0 0 0 2703
571 0 0 2718 0 2718
572 0 0 0 2590 2590
573 2565 0 0 0 2565
574 2558 0 0 1 2559
575 2508 0 0 0 2508
576 0 0 2479 1 2480
577 2468 0 0 0 2468
578 2348 0 0 114 2462
579 0 0 0 2331 2331
580 2392 0 0 0 2392
581 0 0 0 2379 2379
582 2395 0 0 0 2395
583 2311 0 0 0 2311
584 2237 0 0 0 2237
585 0 0 2229 0 2229
586 2205 0 1 1 2207
587 2260 0 0 0 2260
588 2283 0 0 0 2283
589 2276 0 0 0 2276
590 2275 0 0 0 2275
591 2256 0 0 0 2256
592 0 0 0 2165 2165
593 0 21 0 2075 2096
594 1 0 2079 0 2080
595 0 2053 0 3 2056
596 0 2114 0 1 2115
597 0 0 0 2093 2093
598 6 0 2090 0 2096
599 0 2083 0 0 2083
600 0 2163 0 0 2163
601 2196 0 0 0 2196
602 2182 0 0 0 2182
603 2191 0 0 1 2192
604 2158 0 0 0 2158
605 2164 0 0 0 2164
606 0 2101 0 0 2101
607 2113 0 1 0 2114
608 0 0 2100 0 2100
609 2101 0 1 0 2102
610 2106 0 1 0 2107
611 2090 0 0 0 2090
612 0 0 2054 1 2055
613 0 0 2021 0 2021
614 0 0 2064 0 2064
615 0 0 0 2013 2013
616 0 1 0 2063 2064
617 0 0 0 2067 2067
618 0 2062 0 8 2070
619 0 2064 0 0 2064
620 1 0 0 2076 2077
621 0 2081 0 17 2098
622 2120 0 0 0 2120
623 0 0 0 2131 2131
624 2120 0 0 0 2120
625 2098 1 0 0 2099
626 2069 0 0 0 2069
627 0 1 2069 0 2070
628 2083 0 0 0 2083
629 0 0 2067 0 2067
630 0 0 2059 0 2059
631 2063 0 0 0 2063
632 0 0 0 1990 1990
633 2022 0 0 0 2022
634 0 1989 0 0 1989
635 0 2033 0 0 2033
636 2054 0 0 0 2054
637 2035 0 0 0 2035
638 0 0 0 2046 2046
639 0 0 2038 0 2038
640 2043 0 0 0 2043
641 2014 0 0 0 2014
642 1 0 1882 0 1883
643 0 1 1883 0 1884
644 0 0 0 1715 1715
645 1882 0 0 0 1882
646 1893 0 0 0 1893
647 1888 0 0 0 1888
648 1878 0 0 0 1878
649 0 0 1871 0 1871
650 1864 0 0 0 1864
651 0 1879 0 0 1879
652 1953 0 1 0 1954
653 1941 0 0 1 1942
654 1952 0 1 0 1953
655 1910 0 0 0 1910
656 0 0 0 1845 1845
657 1889 0 0 0 1889
658 1866 0 0 0 1866
659 41 1758 0 0 1799
660 0 1751 0 0 1751
661 1745 0 0 0 1745
662 1732 0 0 0 1732
663 1708 0 16 0 1724
664 0 0 1771 0 1771
665 0 0 0 1701 1701
666 0 0 1741 0 1741
667 0 0 1756 0 1756
668 1788 0 0 0 1788
669 1789 0 0 1 1790
670 0 0 0 1794 1794
671 1784 0 0 0 1784
672 0 1776 0 0 1776
673 1768 0 0 0 1768
674 0 0 0 1723 1723
675 0 1803 0 0 1803
676 1845 0 0 0 1845
677 1831 0 0 0 1831
678 1859 0 0 0 1859
679 1858 0 0 0 1858
680 0 0 1863 0 1863
681 1872 0 1 0 1873
682 0 0 1884 1 1885
683 0 1891 0 1 1892
684 1920 0 0 0 1920
685 0 0 0 1920 1920
686 0 0 0 1955 1955
687 1958 0 0 0 1958
688 0 0 0 1903 1903
689 0 1937 0 0 1937
690 1959 0 0 0 1959
691 0 0 1 1911 1912
692 0 0 0 1953 1953
693 1939 0 0 11 1950
694 1943 0 0 0 1943
695 1899 0 0 0 1899
696 0 1923 0 0 1923
697 1853 0 0 0 1853
698 0 1865 0 0 1865
699 1884 0 0 0 1884
700 1878 0 0 0 1878
701 0 2 1 1902 1905
702 0 0 1893 0 1893
703 1866 0 0 0 1866
704 0 1900 0 0 1900
705 1913 0 0 0 1913
706 1900 0 0 0 1900
707 1838 0 0 0 1838
708 1827 0 1 0 1828
709 0 0 1816 0 1816
710 1780 1 0 0 1781
711 0 1835 0 0 1835
712 0 0 1841 0 1841
713 0 1780 0 0 1780
714 0 0 0 1713 1713
715 0 0 1754 0 1754
716 1766 0 0 0 1766
717 1771 0 0 0 1771
718 1773 0 0 0 1773
719 1 0 1744 0 1745
720 1705 0 0 0 1705
721 0 0 1775 0 1775
722 0 1 1811 0 1812
723 1 0 0 1744 1745
724 1879 0 0 0 1879
725 1864 0 0 0 1864
726 1868 0 0 0 1868
727 0 1946 0 0 1946
728 0 0 0 1967 1967
729 0 0 1971 0 1971
730 1996 0 0 0 1996
731 1983 0 0 0 1983
732 1989 0 0 0 1989
733 1997 0 0 0 1997
734 0 0 2057 0 2057
735 2080 0 0 0 2080
736 2064 0 0 0 2064
737 0 0 2071 0 2071
738 2047 0 0 54 2101
739 0 0 2195 1 2196
740 0 2150 0 4 2154
741 33 0 2123 0 2156
742 2176 0 0 0 2176
743 1 0 0 2165 2166
744 0 0 0 2187 2187
745 0 0 2173 0 2173
746 0 2163 14 2 2179
747 0 2302 0 0 2302
748 2307 0 0 1 2308
749 0 2298 0 0 2298
750 0 2 0 2298 2300
751 0 0 2319 0 2319
752 0 2341 0 2 2343
753 0 0 0 2423 2423
754 0 0 2355 1 2356
755 1 0 2420 1 2422
756 2469 0 0 1 2470
757 2486 0 0 0 2486
758 0 0 0 2481 2481
759 2495 0 0 0 2495
760 0 2496 0 1 2497
761 2486 0 0 0 2486
762 2456 0 0 1 2457
763 2521 0 0 1 2522
764 0 0 0 2541 2541
765 2519 0 1 0 2520
766 2549 0 0 0 2549
767 0 0 2548 0 2548
768 2499 0 0 0 2499
769 0 0 2541 0 2541
770 0 0 2514 0 2514
771 0 0 2536 0 2536
772 0 0 1 2390 2391
773 0 1 0 2559 2560
774 0 2 0 2618 2620
775 0 0 2588 0 2588
776 0 1 0 2515 2516
777 2564 0 1 0 2565
778 0 0 0 2543 2543
779 0 15 0 2557 2572
780 2591 0 0 0 2591
781 0 0 2539 0 2539
782 1 0 1 2457 2459
783 2550 0 0 0 2550
784 0 0 2577 0 2577
785 0 1 1 2733 2735
786 0 0 0 2847 2847
787 1 0 2904 0 2905
788 2878 0 0 0 2878
789 2764 0 98 0 2862
790 2920 0 0 0 2920
791 2881 0 0 0 2881
792 0 3007 0 0 3007
793 0 15 0 2983 2998
794 0 1 0 3036 3037
795 1 0 3013 0 3014
796 0 1 2988 0 2989
797 0 2967 0 0 2967
798 0 0 0 3029 3029
799 3027 0 2 0 3029
800 3015 0 0 1 3016
801 2967 1 0 0 2968
802 2973 0 0 0 2973
803 2983 0 0 0 2983
804 0 2 0 2951 2953
805 2974 0 0 0 2974
806 0 0 0 3005 3005
807 3065 6 0 0 3071
808 0 0 0 3077 3077
809 0 0 3096 0 3096
810 0 1 0 3279 3280
811 0 0 3367 1 3368
812 3445 0 0 0 3445
813 3516 0 0 0 3516
814 3473 0 36 24 3533
815 3620 0 0 1 3621
816 0 1 0 3551 3552
817 1 3606 0 0 3607
818 0 0 0 3675 3675
819 3696 0 0 0 3696
820 0 0 3666 0 3666
821 3684 0 1 0 3685
822 3667 0 1 0 3668
823 2 3708 0 0 3710
824 3695 0 0 1 3696
825 3698 0 0 0 3698
826 3687 0 0 0 3687
827 0 0 3713 1 3714
828 0 0 0 3683 3683
829 0 0 3721 0 3721
830 0 0 4001 0 4001
831 0 1 0 4049 4050
832 0 0 1 4095 4096
833 0 0 0 4101 4101
834 4008 0 0 0 4008
835 1 4027 0 0 4028
836 0 4065 0 0 4065
837 4052 0 0 0 4052
838 19 0 4076 0 4095
839 0 0 1 4020 4021
840 4072 0 0 0 4072
841 1 0 4078 0 4079
842 0 0 4181 0 4181
843 0 0 1 4148 4149
844 0 0 4320 0 4320
845 1 0 4304 0 4305
846 4328 0 1 0 4329
847 4420 0 0 16 4436
848 4408 1 0 0 4409
849 0 4385 0 37 4422
850 0 0 4433 0 4433
851 4362 1 0 0 4363
852 0 0 4403 0 4403
853 4494 0 0 0 4494
854 4475 0 0 0 4475
855 0 0 4423 0 4423
856 4417 0 1 0 4418
857 4439 0 1 0 4440
858 4407 0 0 0 4407
859 0 0 4550 0 4550
860 0 4443 0 0 4443
861 1 4440 1 1 4443
862 4506 0 0 0 4506
863 4478 0 0 0 4478
864 4483 0 2 0 4485
865 0 4461 0 0 4461
866 0 0 1 4445 4446
867 2 0 4423 0 4425
868 0 1 0 4333 4334
869 2 4363 1 2 4368
870 4410 1 0 0 4411
871 4411 0 0 0 4411
872 4392 1 0 0 4393
873 2 1 0 4378 4381
874 1 0 4361 0 4362
875 1 4378 0 1 4380
876 4355 0 0 0 4355
877 0 0 4353 0 4353
878 0 0 0 4178 4178
879 0 0 4201 0 4201
880 11 0 4199 1 4211
881 1 4179 0 1 4181
882 0 4219 0 0 4219
883 4256 1 0 0 4257
884 4285 1 0 0 4286
885 4286 1 0 0 4287
886 4307 1 0 0 4308
887 0 2 0 4296 4298
888 0 0 4295 0 4295
889 0 4265 0 1 4266
890 0 1 0 4375 4376
891 1 4423 0 0 4424
892 4467 0 1 0 4468
893 0 0 4504 0 4504
894 0 181 0 4292 4473
895 4521 1 4 0 4526
896 4544 0 0 0 4544
897 0 4474 0 0 4474
898 0 0 2 4519 4521
899 1 0 4539 0 4540
900 0 4529 0 0 4529
901 1 4493 0 0 4494
902 3 4506 0 0 4509
903 4452 0 18 0 4470
904 1 4480 0 0 4481
905 0 4473 0 0 4473
906 4461 0 0 0 4461
907 0 0 4436 0 4436
908 0 0 4340 0 4340
909 4292 0 1 0 4293
910 0 0 4339 0 4339
911 0 0 4380 0 4380
912 0 0 4390 0 4390
913 4457 0 0 0 4457
914 0 54 0 4401 4455
915 0 58 0 4369 4427
916 4481 0 0 0 4481
917 0 0 4442 0 4442
918 2 4407 0 0 4409
919 4445 0 1 0 4446
920 0 1 0 4388 4389
921 0 0 4409 0 4409
922 4396 1 1 0 4398
923 0 4447 0 0 4447
924 4381 0 0 0 4381
925 0 0 4325 0 4325
926 0 3 0 4190 4193
927 4251 0 0 0 4251
928 4254 0 0 0 4254
929 0 4309 0 0 4309
930 4303 0 0 0 4303
931 0 1 4333 0 4334
932 0 0 4281 0 4281
933 4267 0 0 1 4268
934 0 0 4386 0 4386
935 4374 0 2 0 4376
936 0 4432 0 0 4432
937 4447 0 0 0 4447
938 4426 0 2 0 4428
939 0 0 1 4483 4484
940 4505 0 0 0 4505
941 49 4525 0 0 4574
942 4649 0 0 0 4649
943 4591 0 0 0 4591
944 4660 0 0 0 4660
945 4665 120 0 0 4785
946 0 0 2 4828 4830
947 2 0 4817 0 4819
948 2 0 4810 0 4812
949 4821 0 0 0 4821
950 4852 0 1 0 4853
951 0 0 0 4866 4866
952 0 0 4858 0 4858
953 4849 1 0 1 4851
954 4872 0 0 0 4872
955 1 0 0 4878 4879
956 0 0 4916 0 4916
957 0 0 0 5019 5019
958 0 1 1 5090 5092
959 0 0 1 5103 5104
960 4945 1 168 0 5114
961 4983 0 0 0 4983
962 4948 0 2 0 4950
963 2 4961 0 0 4963
964 0 4975 0 0 4975
965 0 4961 0 0 4961
966 4962 0 0 0 4962
967 4976 0 2 0 4978
968 0 0 4954 0 4954
969 4944 0 0 0 4944
970 4951 0 1 0 4952
971 1 0 1 4880 4882
972 0 4831 0 0 4831
973 1 0 1 4817 4819
974 0 0 1 4767 4768
975 0 0 1 4781 4782
976 0 0 0 4802 4802
977 0 1 1 4817 4819
978 6 0 4709 0 4715
979 1 0 4556 0 4557
980 0 4548 0 0 4548
981 290 4025 45 211 4571
982 4569 0 0 0 4569
983 2 0 1 4571 4574
984 0 0 4546 0 4546
985 4495 0 0 1 4496
986 0 4494 0 1 4495
987 0 0 1 4518 4519
988 2 0 4478 0 4480
989 4368 0 0 0 4368
990 4360 0 1 0 4361
991 4380 0 0 0 4380
992 0 0 4385 0 4385
993 4385 0 0 0 4385
994 4404 0 0 1 4405
995 0 0 1 4523 4524
996 4522 0 0 0 4522
997 4452 2 0 1 4455
998 1 4422 0 16 4439
999 1 4325 1 2 4329
1000 4369 0 0 0 4369
1001 0 0 4255 0 4255
1002 4200 0 0 0 4200
1003 3 0 4235 1 4239
1004 4222 0 0 0 4222
1005 2 4216 0 0 4218
1006 4214 0 1 0 4215
1007 0 0 4158 0 4158
1008 0 4140 0 0 4140
1009 1 4145 0 1 4147
1010 0 4136 0 1 4137
1011 4129 0 0 0 4129
1012 0 0 4171 0 4171
1013 0 24 0 3953 3977
1014 0 0 1 4057 4058
1015 0 0 1 4110 4111
1016 0 0 4098 0 4098
1017 0 0 4066 0 4066
1018 0 1 1 3966 3968
1019 0 0 1 4044 4045
1020 1 4069 0 0 4070
1021 4112 0 34 0 4146
1022 1 0 4130 0 4131
1023 0 0 4121 0 4121
1024 0 0 4161 0 4161
1025 3967 0 0 0 3967
1026 0 0 0 3999 3999
1027 0 0 0 4059 4059
1028 0 0 1 4057 4058
1029 0 0 0 4091 4091
1030 0 0 38 4109 4147
1031 0 0 4096 0 4096
1032 1 0 0 3953 3954
1033 3938 0 0 0 3938
1034 0 0 3953 0 3953
1035 0 0 0 3865 3865
1036 3955 0 0 1 3956
1037 0 0 0 3854 3854
1038 3856 0 0 0 3856
1039 0 0 3801 1 3802
1040 1 3670 0 3 3674
1041 3542 0 31 0 3573
1042 1 3638 0 0 3639
1043 0 3454 0 0 3454
1044 66 0 3358 25 3449
1045 0 0 3521 0 3521
1046 1 0 0 3395 3396
1047 0 3468 0 0 3468
1048 0 3563 0 0 3563
1049 1 2 0 3532 3535
1050 0 0 3644 0 3644
1051 0 0 0 3565 3565
1052 0 1 0 3563 3564
1053 0 3567 0 1 3568
1054 0 0 0 3570 3570
1055 1 3569 0 0 3570
1056 1 3593 0 1 3595
1057 3576 0 0 0 3576
1058 3647 0 0 0 3647
1059 0 16 1 3696 3713
1060 3710 0 0 0 3710
1061 3712 0 0 0 3712
1062 23 0 3794 0 3817
1063 3787 0 0 0 3787
1064 1 16 0 3797 3814
1065 3773 0 0 0 3773
1066 1 0 3695 1 3697
1067 1 3698 0 2 3701
1068 3720 0 1 0 3721
1069 3638 0 1 0 3639
1070 0 0 3698 0 3698
1071 3570 0 1 0 3571
1072 0 0 0 3629 3629
1073 0 0 0 3670 3670
1074 0 0 3641 0 3641
1075 0 0 3621 1 3622
1076 0 0 3675 0 3675
1077 1 2 3653 0 3656
1078 3529 0 0 0 3529
1079 3625 0 0 0 3625
1080 3654 0 0 0 3654
1081 0 0 3553 0 3553
1082 1 0 3558 0 3559
1083 3551 0 6 0 3557
1084 0 0 1 3648 3649
1085 0 0 1 3667 3668
1086 0 16 1 3670 3687
1087 3677 1 0 0 3678
1088 0 0 0 3697 3697
1089 0 0 3638 0 3638
1090 3588 0 0 0 3588
1091 1 0 0 3692 3693
1092 3697 0 0 0 3697
1093 3615 0 2 0 3617
1094 0 3648 0 0 3648
1095 3729 0 1 1 3731
1096 3740 0 0 0 3740
1097 3 0 3894 0 3897
1098 0 3904 0 1 3905
1099 3956 0 2 0 3958
1100 3937 0 0 0 3937
1101 3987 0 1 0 3988
1102 3920 0 36 0 3956
1103 0 3914 0 0 3914
1104 3914 0 1 0 3915
1105 4023 0 0 0 4023
1106 4005 0 0 0 4005
1107 3940 0 96 0 4036
1108 4019 1 0 0 4020
1109 2 0 3934 0 3936
1110 3999 0 0 0 3999
1111 1 3970 0 47 4018
1112 0 17 0 3931 3948
1113 3978 0 1 0 3979
1114 3946 0 0 0 3946
1115 3937 0 0 0 3937
1116 0 0 3951 0 3951
1117 0 0 3786 0 3786
1118 0 3818 0 0 3818
1119 1 0 1 3778 3780
1120 0 3837 0 0 3837
1121 4024 0 6 0 4030
1122 4071 0 0 0 4071
1123 4054 0 0 0 4054
1124 0 1 0 4079 4080
1125 3964 0 0 1 3965
1126 0 4023 0 0 4023
1127 0 3990 0 0 3990
1128 2 1 0 3982 3985
1129 0 1 0 4009 4010
1130 0 0 3972 0 3972
1131 0 0 0 3969 3969
1132 0 3961 0 0 3961
1133 0 3978 0 1 3979
1134 0 2 0 3944 3946
1135 1 0 3998 0 3999
1136 3985 0 0 0 3985
1137 0 0 0 4017 4017
1138 0 4021 0 0 4021
1139 0 0 0 4033 4033
1140 0 0 4060 0 4060
1141 0 16 1 3966 3983
1142 0 16 0 3997 4013
1143 0 18 0 4124 4142
1144 4114 0 0 0 4114
1145 0 0 4098 0 4098
1146 0 0 0 3995 3995
1147 4038 0 0 0 4038
1148 0 0 0 3987 3987
1149 3961 0 0 0 3961
1150 0 3958 0 0 3958
1151 0 4017 0 0 4017
1152 4057 0 0 0 4057
1153 0 0 0 4132 4132
1154 1 0 1 4183 4185
1155 4129 0 27 0 4156
1156 0 0 4210 0 4210
1157 4193 1 1 1 4196
1158 4236 0 0 1 4237
1159 4167 0 0 0 4167
1160 0 0 4193 0 4193
1161 4159 0 0 0 4159
1162 2 0 1 4204 4207
1163 4212 0 1 0 4213
1164 0 0 0 4239 4239
1165 4284 0 0 0 4284
1166 4263 0 0 0 4263
1167 0 1 0 4316 4317
1168 1 0 4370 0 4371
1169 4352 0 22 0 4374
1170 4339 0 0 0 4339
1171 0 1 4374 0 4375
1172 4365 0 0 0 4365
1173 4378 0 0 0 4378
1174 4356 0 0 0 4356
1175 1 4392 0 0 4393
1176 4429 0 1 0 4430
1177 4391 1 0 0 4392
1178 69 0 4292 1 4362
1179 0 0 4237 0 4237
1180 1 0 4310 0 4311
1181 0 4401 0 1 4402
1182 4431 0 0 0 4431
1183 4497 0 1 0 4498
1184 4530 0 0 0 4530
1185 4516 0 0 0 4516
1186 46 0 0 4605 4651
1187 0 0 0 4684 4684
1188 0 0 4691 0 4691
1189 4626 0 0 0 4626
1190 4679 0 0 0 4679
1191 0 0 4720 1 4721
1192 4671 0 0 0 4671
1193 4678 0 0 0 4678
1194 0 0 4630 0 4630
1195 0 4700 1 0 4701
1196 0 0 0 4851 4851
1197 4895 0 1 0 4896
1198 4889 41 1 0 4931
1199 4924 0 0 0 4924
1200 4854 0 2 0 4856
1201 1 4879 0 21 4901
1202 0 4971 0 0 4971
1203 5044 0 0 0 5044
1204 0 0 0 4994 4994
1205 0 0 1 5012 5013
1206 0 4999 0 0 4999
1207 0 1 0 4978 4979
1208 0 1 0 4958 4959
1209 0 4960 0 1 4961
1210 4960 0 1 0 4961
1211 4963 0 0 0 4963
1212 0 2 1 5005 5008
1213 2 0 5019 1 5022
1214 5003 0 0 0 5003
1215 5023 2 1 0 5026
1216 0 0 5064 0 5064
1217 5097 0 0 0 5097
1218 5196 1 0 1 5198
1219 0 0 5122 0 5122
1220 0 0 5106 0 5106
1221 4624 0 487 1 5112
1222 5178 0 1 0 5179
1223 0 5192 0 1 5193
1224 0 1 0 5170 5171
1225 20 0 5164 0 5184
1226 0 5195 0 0 5195
1227 5165 0 45 0 5210
1228 0 0 0 5164 5164
1229 0 5145 0 1 5146
1230 0 26 0 5167 5193
1231 0 0 0 5192 5192
1232 1 0 0 5210 5211
1233 0 0 5246 0 5246
1234 1 0 0 5234 5235
1235 0 5273 0 0 5273
1236 5143 0 0 73 5216
1237 0 5308 0 0 5308
1238 0 5341 0 1 5342
1239 1 26 0 5335 5362
1240 0 0 5353 1 5354
1241 1 0 5359 0 5360
1242 2 1 5355 17 5375
1243 5286 0 1 0 5287
1244 0 1 0 5320 5321
1245 1 0 5337 0 5338
1246 5247 0 1 0 5248
1247 0 0 0 5368 5368
1248 0 0 5375 0 5375
1249 5294 0 0 13 5307
1250 0 0 0 5395 5395
1251 1 0 5414 0 5415
1252 0 0 5365 1 5366
1253 0 0 5373 0 5373
1254 5399 0 0 0 5399
1255 5364 0 1 0 5365
1256 0 0 0 5464 5464
1257 2 2 5516 0 5520
1258 0 0 0 5379 5379
1259 0 0 0 5551 5551
1260 0 1 0 5497 5498
1261 5570 0 0 0 5570
1262 5506 0 0 1 5507
1263 0 1 0 5559 5560
1264 5591 0 1 0 5592
1265 0 0 0 5579 5579
1266 0 0 5543 72 5615
1267 0 5466 0 154 5620
1268 0 0 0 5584 5584
1269 5541 0 0 0 5541
1270 1 0 0 5523 5524
1271 0 5515 0 0 5515
1272 0 14 0 5486 5500
1273 5512 0 1 0 5513
1274 0 5435 0 1 5436
1275 0 5320 0 117 5437
1276 0 0 5490 0 5490
1277 0 1 0 5367 5368
1278 0 1 5507 2 5510
1279 0 0 0 5497 5497
1280 0 0 0 5554 5554
1281 2 0 5555 0 5557
1282 0 0 5514 0 5514
1283 1 0 5404 0 5405
1284 5325 0 0 0 5325
1285 0 0 5420 0 5420
1286 1 0 0 5216 5217
1287 5217 1 0 0 5218
1288 0 0 5243 0 5243
1289 2 5219 0 0 5221
1290 1 134 0 5086 5221
1291 1 0 5212 0 5213
1292 0 5213 0 0 5213
1293 5217 0 0 0 5217
1294 0 5236 0 0 5236
1295 0 2 0 5267 5269
1296 5181 0 111 0 5292
1297 3 0 5271 0 5274
1298 0 0 5215 0 5215
1299 0 0 1 5098 5099
1300 5136 0 0 0 5136
1301 1 0 0 5139 5140
1302 0 5225 0 1 5226
1303 5211 0 2 30 5243
1304 5223 1 1 0 5225
1305 0 0 5236 0 5236
1306 5154 0 0 0 5154
1307 5051 0 0 0 5051
1308 0 5059 0 0 5059
1309 5101 0 0 1 5102
1310 0 0 0 5125 5125
1311 1 1 1 5145 5148
1312 0 0 5110 0 5110
1313 0 0 4999 1 5000
1314 4977 0 0 2 4979
1315 4945 1 0 0 4946
1316 4950 0 0 0 4950
1317 0 4975 0 2 4977
1318 4996 0 0 0 4996
1319 4979 0 0 0 4979
1320 4959 0 0 0 4959
1321 0 1 4867 0 4868
1322 4875 0 0 0 4875
1323 4844 0 0 0 4844
1324 0 0 0 4835 4835
1325 4664 0 0 1 4665
1326 0 4810 0 0 4810
1327 0 4837 0 0 4837
1328 0 1 0 4846 4847
1329 4860 0 0 0 4860
1330 0 1 0 4836 4837
1331 1 0 4828 0 4829
1332 0 0 4805 0 4805
1333 1 0 4799 2 4802
1334 4772 1 0 1 4774
1335 0 0 0 4788 4788
1336 0 0 4699 0 4699
1337 0 0 4619 0 4619
1338 4646 0 70 0 4716
1339 0 4721 0 2 4723
1340 0 1 0 4750 4751
1341 2 0 4831 0 4833
1342 6 4791 0 5 4802
1343 4846 0 0 0 4846
1344 4818 0 0 0 4818
1345 0 1 0 4800 4801
1346 0 4832 0 0 4832
1347 0 0 1 4827 4828
1348 0 0 0 4882 4882
1349 0 4896 0 0 4896
1350 0 1 0 4995 4996
1351 2 0 4861 1 4864
1352 4849 2 0 0 4851
1353 0 2 0 4951 4953
1354 0 0 4959 0 4959
1355 4956 0 1 0 4957
1356 0 1 0 4984 4985
1357 0 1 1 5078 5080
1358 0 0 0 5076 5076
1359 0 2 0 5091 5093
1360 0 0 4969 2 4971
1361 0 4878 0 0 4878
1362 0 0 0 4971 4971
1363 0 4894 0 3 4897
1364 1 0 0 4958 4959
1365 11 0 4948 0 4959
1366 0 0 0 4888 4888
1367 0 0 1 4932 4933
1368 0 1 1 5058 5060
1369 1 0 5040 0 5041
1370 0 0 0 5039 5039
1371 0 0 0 5052 5052
1372 5051 0 0 0 5051
1373 4875 1 1 7 4884
1374 0 2 0 4914 4916
1375 0 0 4895 1 4896
1376 0 4871 0 2 4873
1377 5048 0 0 0 5048
1378 5018 1 1 1 5021
1379 5019 1 1 0 5021
1380 0 0 5051 0 5051
1381 0 0 5027 0 5027
1382 4826 1 0 0 4827
1383 0 0 0 4889 4889
1384 0 0 4907 0 4907
1385 4813 0 0 2 4815
1386 4844 0 0 0 4844
1387 0 0 4910 0 4910
1388 4938 0 0 0 4938
1389 4935 0 0 0 4935
1390 4939 0 3 0 4942
1391 69 4891 0 0 4960
1392 4922 1 0 0 4923
1393 0 0 1 4932 4933
1394 0 0 4942 0 4942
1395 0 0 0 4743 4743
1396 4909 0 0 0 4909
1397 0 0 0 4921 4921
1398 1 0 4988 0 4989
1399 2 0 4966 0 4968
1400 4945 0 11 0 4956
1401 5013 0 0 1 5014
1402 0 0 5029 1 5030
1403 0 0 5124 0 5124
1404 5182 0 0 0 5182
1405 5183 0 1 0 5184
1406 0 0 0 5136 5136
1407 5177 0 0 0 5177
1408 5180 0 0 0 5180
1409 5252 2 0 0 5254
1410 0 5261 0 1 5262
1411 1 0 5259 0 5260
1412 5181 0 1 2 5184
1413 0 5371 0 0 5371
1414 0 0 0 5423 5423
1415 0 0 0 5478 5478
1416 0 0 0 5502 5502
1417 1 1 0 5517 5519
1418 5333 0 0 0 5333
1419 1 5308 0 1 5310
1420 0 5316 0 0 5316
1421 0 0 5171 0 5171
1422 4986 0 0 46 5032
1423 5014 0 2 1 5017
1424 0 5066 0 0 5066
1425 5040 0 1 0 5041
1426 0 0 0 5129 5129
1427 1 106 5043 0 5150
1428 0 0 0 5045 5045
1429 5143 0 0 0 5143
1430 5173 0 38 0 5211
1431 5156 0 0 0 5156
1432 1 0 1 5171 5173
1433 0 0 0 5177 5177
1434 5211 0 1 3 5215
1435 23 0 1 5185 5209
1436 0 2 0 5246 5248
1437 0 0 5225 0 5225
1438 0 0 5170 0 5170
1439 0 0 5166 0 5166
1440 5107 0 0 0 5107
1441 5158 0 0 0 5158
1442 0 0 0 5121 5121
1443 5177 0 0 0 5177
1444 5101 0 0 0 5101
1445 5036 0 0 0 5036
1446 0 4942 0 1 4943
1447 5011 0 0 0 5011
1448 0 1 1 4956 4958
1449 3 0 4973 0 4976
1450 4954 0 0 0 4954
1451 0 1 5129 0 5130
1452 0 5325 0 16 5341
1453 5410 0 1 0 5411
1454 5419 0 0 0 5419
1455 5541 0 0 0 5541
1456 5521 0 0 0 5521
1457 5428 0 0 0 5428
1458 0 0 5470 0 5470
1459 5430 0 2 0 5432
1460 5449 0 1 0 5450
1461 5467 0 0 0 5467
1462 5485 0 0 4 5489
1463 0 0 5525 0 5525
1464 0 1 1 5407 5409
1465 0 1 0 5543 5544
1466 5544 0 0 0 5544
1467 0 5666 0 0 5666
1468 0 1 0 5691 5692
1469 1 1 5679 0 5681
1470 0 30 0 5565 5595
1471 5512 0 0 0 5512
1472 5507 0 0 0 5507
1473 0 0 0 5542 5542
1474 1 0 5512 0 5513
1475 5411 1 0 0 5412
1476 0 0 5522 0 5522
1477 5439 0 1 0 5440
1478 0 6141 0 17 6158
1479 1 1 1 6194 6197
1480 5 0 6177 0 6182
1481 0 0 6142 0 6142
1482 5992 1 2 0 5995
1483 6037 0 1 0 6038
1484 0 1 0 6119 6120
1485 0 0 6037 0 6037
1486 0 0 0 6116 6116
1487 0 1 0 6357 6358
1488 1 0 0 6467 6468
1489 1 0 6548 0 6549
1490 6629 0 0 0 6629
1491 6670 0 0 0 6670
1492 3 0 0 6735 6738
1493 0 0 0 6661 6661
1494 0 1 0 6622 6623
1495 6605 0 1 0 6606
1496 0 6653 0 0 6653
1497 6674 0 0 0 6674
1498 6633 0 0 1 6634
1499 0 0 6788 1 6789
1500 4 6773 0 0 6777
1501 6847 0 0 0 6847
1502 0 2 0 6854 6856
1503 1 0 6857 1 6859
1504 0 0 0 6820 6820
1505 0 5 0 6941 6946
1506 5 6764 0 0 6769
1507 0 0 0 6801 6801
1508 6775 0 0 47 6822
1509 0 6828 0 1 6829
1510 6826 1 2 0 6829
1511 1 0 6854 0 6855
1512 6725 0 0 0 6725
1513 1 0 6829 0 6830
1514 6716 0 40 0 6756
1515 0 0 0 6831 6831
1516 1 0 6853 0 6854
1517 0 1 6844 0 6845
1518 6811 2 0 0 6813
1519 0 0 2 6914 6916
1520 0 2 0 6977 6979
1521 0 0 0 6933 6933
1522 0 0 6914 0 6914
1523 0 0 0 6804 6804
1524 6942 0 0 0 6942
1525 1 0 0 6942 6943
1526 0 6951 0 1 6952
1527 1 66 0 6906 6973
1528 7041 0 0 0 7041
1529 6936 0 0 0 6936
1530 0 1 0 7010 7011
1531 1 0 0 7047 7048
1532 0 2 0 7011 7013
1533 0 1 0 7038 7039
1534 1 0 6967 1 6969
1535 0 6971 0 6 6977
1536 7086 0 0 1 7087
1537 7178 0 0 0 7178
1538 0 1 0 7324 7325
1539 0 0 7290 0 7290
1540 2 0 7239 0 7241
1541 7272 0 1 0 7273
1542 7235 0 1 0 7236
1543 80 7087 0 0 7167
1544 0 2 0 7128 7130
1545 0 7082 0 1 7083
1546 0 7080 0 0 7080
1547 0 7113 0 0 7113
1548 0 495 0 6537 7032
1549 0 2 1 7034 7037
1550 0 7110 0 0 7110
1551 17 0 7004 0 7021
1552 0 2 0 6973 6975
1553 0 1 0 7051 7052
1554 0 1 0 7092 7093
1555 1 0 6962 0 6963
1556 0 0 6800 0 6800
1557 0 0 6783 0 6783
1558 1 0 6855 0 6856
1559 0 1 0 6751 6752
1560 0 0 0 6890 6890
1561 1 0 6915 0 6916
1562 0 6872 0 0 6872
1563 0 2 0 6942 6944
1564 1 0 6979 0 6980
1565 0 0 6965 0 6965
1566 6906 0 1 1 6908
1567 0 0 7005 0 7005
1568 0 0 0 6937 6937
1569 7055 0 2 0 7057
1570 7080 0 0 0 7080
1571 7064 0 0 0 7064
1572 0 3 0 7127 7130
1573 2 0 7141 0 7143
1574 7153 0 0 0 7153
1575 7115 0 0 1 7116
1576 1 0 0 7166 7167
1577 1 7211 0 0 7212
1578 7254 12 19 0 7285
1579 0 1 7236 0 7237
1580 0 7232 0 1 7233
1581 7359 0 0 0 7359
1582 1 0 7360 1 7362
1583 7341 0 0 0 7341
1584 1 1 0 7433 7435
1585 7425 0 1 1 7427
1586 2 1 0 7313 7316
1587 2 0 7425 0 7427
1588 0 0 7323 0 7323
1589 0 7305 0 3 7308
1590 7560 0 0 0 7560
1591 7500 0 0 2 7502
1592 1 1 0 7676 7678
1593 7672 0 2 0 7674
1594 0 0 7683 0 7683
1595 0 0 7564 2 7566
1596 7501 1 1 1 7504
1597 7507 0 0 0 7507
1598 0 1 1 7616 7618
1599 3 0 7602 0 7605
1600 7561 0 1 0 7562
1601 3 7644 0 0 7647
1602 7593 0 1 0 7594
1603 7616 0 1 1 7618
1604 1 2 0 7690 7693
1605 7683 0 0 0 7683
1606 7662 0 0 1 7663
1607 0 0 0 7707 7707
1608 7888 0 0 0 7888
1609 7823 0 0 0 7823
1610 7793 0 0 0 7793
1611 0 1 7767 0 7768
1612 7797 0 0 0 7797
1613 7819 0 0 0 7819
1614 0 7808 0 1 7809
1615 7987 0 4 0 7991
1616 7972 0 1 0 7973
1617 0 7960 0 0 7960
1618 8038 0 1 1 8040
1619 0 1 0 7923 7924
1620 1 0 7948 0 7949
1621 7877 0 0 2 7879
1622 0 0 0 7816 7816
1623 0 7906 0 0 7906
1624 8016 0 2 0 8018
1625 7995 0 8 0 8003
1626 2 7960 0 0 7962
1627 7971 0 1 0 7972
1628 7889 0 0 1 7890
1629 0 1 1 7862 7864
1630 0 0 7917 0 7917
1631 1 0 7888 0 7889
1632 7610 0 306 1 7917
1633 7949 0 0 0 7949
1634 0 0 0 7979 7979
1635 3 0 7932 0 7935
1636 2 0 7810 0 7812
1637 1 0 7723 0 7724
1638 0 1 1 7618 7620
1639 0 7707 0 1 7708
1640 0 7747 0 2 7749
1641 7783 0 0 0 7783
1642 1 0 7715 0 7716
1643 0 7684 0 1 7685
1644 7694 0 1 0 7695
1645 7661 0 0 0 7661
1646 0 7521 0 0 7521
1647 7575 0 2 0 7577
1648 3 0 7468 0 7471
1649 0 7449 0 3 7452
1650 7553 0 1 1 7555
1651 0 7641 0 0 7641
1652 7647 0 2 1 7650
1653 7633 0 0 0 7633
1654 7588 1 0 0 7589
1655 0 7694 0 0 7694
1656 7663 0 0 0 7663
1657 0 0 7576 0 7576
1658 0 7521 0 0 7521
1659 0 7351 0 0 7351
1660 7329 0 0 0 7329
1661 0 0 0 7261 7261
1662 7288 0 0 0 7288
1663 0 7293 0 0 7293
1664 7309 0 1 1 7311
1665 0 0 7254 0 7254
1666 0 7085 0 0 7085
1667 2 0 1 7008 7011
1668 6993 0 1 1 6995
1669 0 0 0 7013 7013
1670 0 1 1 6973 6975
1671 0 6916 0 1 6917
1672 6959 1 0 1 6961
1673 0 40 0 6885 6925
1674 6845 0 0 0 6845
1675 0 0 6794 1 6795
1676 0 6597 0 0 6597
1677 120 2 0 6374 6496
1678 29 0 6479 0 6508
1679 6459 0 0 0 6459
1680 0 0 0 6339 6339
1681 0 1 0 6354 6355
1682 6405 0 0 1 6406
1683 2 0 0 6571 6573
1684 6591 0 0 0 6591
1685 0 1 6505 1 6507
1686 6500 0 1 2 6503
1687 1 1 0 6361 6363
1688 6376 0 0 0 6376
1689 0 6249 0 0 6249
1690 6091 0 0 0 6091
1691 0 6151 0 0 6151
1692 0 6121 0 1 6122
1693 0 0 0 5839 5839
1694 5890 1 1 0 5892
1695 1 5973 0 0 5974
1696 5986 2 1 0 5989
1697 5905 0 1 0 5906
1698 5876 1 2 0 5879
1699 0 1 1 5786 5788
1700 0 1 5849 0 5850
1701 0 5763 0 0 5763
1702 0 5827 0 1 5828
1703 5801 0 0 0 5801
1704 0 5844 0 4 5848
1705 5778 10 0 0 5788
1706 0 0 5770 0 5770
1707 238 0 5349 0 5587
1708 1 0 5637 0 5638
1709 0 0 5665 0 5665
1710 5637 0 5 0 5642
1711 1 0 5688 0 5689
1712 5426 0 83 0 5509
1713 0 0 0 5459 5459
1714 0 0 1 5554 5555
1715 0 5522 0 0 5522
1716 0 5573 1 1 5575
1717 5670 0 1 0 5671
1718 5499 0 0 0 5499
1719 5415 0 0 0 5415
1720 0 0 5468 0 5468
1721 0 0 0 5283 5283
1722 5479 0 0 0 5479
1723 0 0 5517 0 5517
1724 5430 0 0 0 5430
1725 5434 0 0 0 5434
1726 0 0 5372 0 5372
1727 0 0 5451 0 5451
1728 5376 0 0 0 5376
1729 5452 0 1 1 5454
1730 5474 0 0 0 5474
1731 5 0 5432 0 5437
1732 5343 0 0 0 5343
1733 0 0 5506 1 5507
1734 5471 0 63 0 5534
1735 5497 0 0 0 5497
1736 0 0 1 5675 5676
1737 2 0 5661 0 5663
1738 5554 1 0 0 5555
1739 5574 1 0 0 5575
1740 5560 0 1 0 5561
1741 5509 0 0 0 5509
1742 0 0 0 5511 5511
1743 0 5552 0 2 5554
1744 5593 0 1 1 5595
1745 0 0 0 5594 5594
1746 5561 0 0 0 5561
1747 5541 0 1 0 5542
1748 5602 0 1 0 5603
1749 0 0 5635 0 5635
1750 0 0 5583 0 5583
1751 5547 0 0 1 5548
1752 0 0 5629 0 5629
1753 0 0 0 5431 5431
1754 0 0 0 5560 5560
1755 5427 0 61 21 5509
1756 1 1 0 5530 5532
1757 1 0 5660 0 5661
1758 0 0 5696 0 5696
1759 0 0 5689 0 5689
1760 5799 0 0 0 5799
1761 5908 0 0 0 5908
1762 5888 0 0 0 5888
1763 5887 1 0 0 5888
1764 1 5820 0 0 5821
1765 5711 0 2 0 5713
1766 1 5900 0 0 5901
1767 0 1 0 5883 5884
1768 5872 0 1 0 5873
1769 5830 0 1 0 5831
1770 5813 0 0 0 5813
1771 0 0 5830 0 5830
1772 0 0 5677 0 5677
1773 5670 0 0 0 5670
1774 5700 0 1 0 5701
1775 0 0 5725 3 5728
1776 5637 0 0 0 5637
1777 0 1 5690 2 5693
1778 5695 2 0 0 5697
1779 0 0 1 5745 5746
1780 0 0 5766 2 5768
1781 0 0 5810 2 5812
1782 0 1 0 5620 5621
1783 1 5768 0 1 5770
1784 0 0 0 5874 5874
1785 5912 1 1 0 5914
1786 0 0 0 5964 5964
1787 0 0 0 5972 5972
1788 6012 0 1 0 6013
1789 0 0 6009 0 6009
1790 0 7 0 5771 5778
1791 6015 1 0 0 6016
1792 0 0 5946 0 5946
1793 0 6002 0 1 6003
1794 6036 1 0 0 6037
1795 0 0 6007 1 6008
1796 5901 1 0 0 5902
1797 0 0 0 5984 5984
1798 0 0 5936 0 5936
1799 0 0 6086 0 6086
1800 0 4 0 5903 5907
1801 1 0 6190 0 6191
1802 2 0 6115 1 6118
1803 1 0 6045 0 6046
1804 0 5998 0 1 5999
1805 0 6012 0 0 6012
1806 0 6197 0 2 6199
1807 6307 2 25 0 6334
1808 6196 0 1 0 6197
1809 56 6131 0 0 6187
1810 6073 1 1 0 6075
1811 0 0 0 6103 6103
1812 0 1 0 6196 6197
1813 0 2 0 6255 6257
1814 6184 0 2 0 6186
1815 0 6195 0 1 6196
1816 6298 0 2 0 6300
1817 6281 1 0 0 6282
1818 0 0 0 6193 6193
1819 1 0 0 6272 6273
1820 0 0 0 6314 6314
1821 0 0 6297 0 6297
1822 6286 0 1 0 6287
1823 0 0 6320 0 6320
1824 6263 0 1 0 6264
1825 6142 0 0 0 6142
1826 6118 46 1 0 6165
1827 0 6353 0 0 6353
1828 1 0 0 6393 6394
1829 0 1 1 6466 6468
1830 1 0 6438 1 6440
1831 0 6397 0 12 6409
1832 6443 1 0 0 6444
1833 1 0 0 6431 6432
1834 6391 0 0 0 6391
1835 0 0 1 6193 6194
1836 0 6256 77 0 6333
1837 0 6433 0 0 6433
1838 0 6416 0 0 6416
1839 6530 1 61 42 6634
1840 1 0 6564 0 6565
1841 6371 0 2 0 6373
1842 6405 0 0 1 6406
1843 6424 0 0 2 6426
1844 1 1 0 6444 6446
1845 6469 0 0 0 6469
1846 0 0 6459 0 6459
1847 0 2 0 6244 6246
1848 6450 0 0 0 6450
1849 0 1 1 6431 6433
1850 0 0 0 6473 6473
1851 0 0 6475 0 6475
1852 6413 0 0 1 6414
1853 6458 1 0 0 6459
1854 63 0 6557 0 6620
1855 1 1 0 6483 6485
1856 6620 0 0 0 6620
1857 0 1 1 6685 6687
1858 6662 0 0 0 6662
1859 6557 0 0 0 6557
1860 0 0 0 6505 6505
1861 0 6474 0 0 6474
1862 2 0 1 6463 6466
1863 6520 0 0 0 6520
1864 6303 0 0 69 6372
1865 0 0 0 6440 6440
1866 0 0 6424 1 6425
1867 0 0 6227 1 6228
1868 6189 0 0 2 6191
1869 0 6205 1 0 6206
1870 0 6076 0 93 6169
1871 0 6303 0 0 6303
1872 0 1 1 6350 6352
1873 0 0 6353 0 6353
1874 6288 0 0 0 6288
1875 6320 0 0 1 6321
1876 0 1 0 6366 6367
1877 6321 1 1 0 6323
1878 0 6380 0 0 6380
1879 6411 0 1 0 6412
1880 6375 0 1 0 6376
1881 6326 0 2 1 6329
1882 0 1 6205 0 6206
1883 0 0 6157 0 6157
1884 6 0 6043 43 6092
1885 0 6152 0 0 6152
1886 1 0 6271 0 6272
1887 71 0 6251 0 6322
1888 0 0 0 6176 6176
1889 0 13 0 6237 6250
1890 6250 0 2 1 6253
1891 0 6385 0 0 6385
1892 0 0 0 6534 6534
1893 1 0 2 6612 6615
1894 1 6621 0 2 6624
1895 6603 0 0 0 6603
1896 0 75 0 6444 6519
1897 2 6534 0 6 6542
1898 2 6750 0 1 6753
1899 0 6 0 6668 6674
1900 0 6666 0 0 6666
1901 6705 0 1 0 6706
1902 6557 0 150 0 6707
1903 6717 1 0 0 6718
1904 6729 0 0 0 6729
1905 0 0 0 6646 6646
1906 0 6691 0 0 6691
1907 0 6621 0 0 6621
1908 0 6627 0 0 6627
1909 0 3 1 6573 6577
1910 0 15 0 6592 6607
1911 0 1 0 6549 6550
1912 1 0 6595 0 6596
1913 0 1 0 6456 6457
1914 64 0 6434 0 6498
1915 0 0 6506 0 6506
1916 0 0 6587 1 6588
1917 6570 0 0 0 6570
1918 0 6598 0 0 6598
1919 6576 0 2 2 6580
1920 0 1 0 6554 6555
1921 0 0 0 6601 6601
1922 0 2 0 6638 6640
1923 12 0 6608 0 6620
1924 4 0 1 6489 6494
1925 0 6583 0 2 6585
1926 1 1 0 6615 6617
1927 6631 0 16 1 6648
1928 0 0 0 6637 6637
1929 0 0 0 6694 6694
1930 1 0 6710 0 6711
1931 6474 0 1 53 6528
1932 1202 0 5545 1 6748
1933 0 0 6775 0 6775
1934 5 0 6827 0 6832
1935 0 6915 0 1 6916
1936 6975 0 0 1 6976
1937 0 0 0 7041 7041
1938 61 7120 0 1 7182
1939 7253 0 13 0 7266
1940 7281 0 0 0 7281
1941 7355 0 1 0 7356
1942 0 0 7370 0 7370
1943 7329 1 0 0 7330
1944 0 0 7557 0 7557
1945 0 0 7455 0 7455
1946 1 7422 0 4 7427
1947 7605 0 1 0 7606
1948 6 0 7599 0 7605
1949 7550 0 1 1 7552
1950 0 7506 0 4 7510
1951 7483 0 0 1 7484
1952 0 0 0 7533 7533
1953 7536 0 0 0 7536
1954 7511 0 2 0 7513
1955 0 7483 0 1 7484
1956 1 185 0 7206 7392
1957 0 7432 0 0 7432
1958 0 7489 0 1 7490
1959 7512 0 1 0 7513
1960 1 0 7356 0 7357
1961 1 7400 0 2 7403
1962 7480 0 0 0 7480
1963 2 7535 0 1 7538
1964 7492 0 0 0 7492
1965 0 0 0 7561 7561
1966 1 0 7528 0 7529
1967 0 0 7472 0 7472
1968 0 0 0 7368 7368
1969 0 7433 0 0 7433
1970 0 7442 1 1 7444
1971 7502 0 0 0 7502
1972 1 0 7553 1 7555
1973 1 2 0 7516 7519
1974 7485 0 0 0 7485
1975 7500 0 1 1 7502
1976 7462 0 1 0 7463
1977 0 0 7417 0 7417
1978 7220 0 1 0 7221
1979 7299 0 0 0 7299
1980 7250 0 0 0 7250
1981 7190 0 0 0 7190
1982 0 0 0 7109 7109
1983 1 0 7099 0 7100
1984 1 0 6861 0 6862
1985 6916 0 7 0 6923
1986 92 6866 0 0 6958
1987 0 64 0 6872 6936
1988 6953 0 1 0 6954
1989 0 6797 0 140 6937
1990 0 0 6950 0 6950
1991 6982 0 0 0 6982
1992 1 0 25 6991 7017
1993 0 0 6958 0 6958
1994 0 7004 0 6 7010
1995 176 0 7004 0 7180
1996 2 0 7078 0 7080
1997 0 0 0 6793 6793
1998 138 0 6907 0 7045
1999 0 0 0 7287 7287
2000 0 7410 0 0 7410
2001 0 4 0 7391 7395
2002 1 0 7419 0 7420
2003 0 0 7374 0 7374
2004 7237 0 112 0 7349
2005 7433 0 1 0 7434
2006 0 7482 0 0 7482
2007 0 0 0 7449 7449
2008 0 7449 0 2 7451
2009 7454 0 2 0 7456
2010 0 0 1 7443 7444
2011 7367 0 6 0 7373
2012 0 0 7372 0 7372
2013 0 0 0 7228 7228
2014 0 3 0 7349 7352
2015 2 0 7448 1 7451
2016 0 0 7394 0 7394
2017 7216 0 0 1 7217
2018 1 0 7230 0 7231
2019 7160 0 0 1 7161
2020 7124 0 0 1 7125
2021 0 7178 0 1 7179
2022 0 7143 0 0 7143
2023 7125 0 1 1 7127
2024 7088 1 1 0 7090
2025 7063 0 0 0 7063
2026 7083 0 0 0 7083
2027 0 0 6999 0 6999
2028 6873 0 0 0 6873
2029 6958 0 0 0 6958
2030 6922 0 0 0 6922
2031 2 6896 0 1 6899
2032 6905 0 0 0 6905
2033 0 0 6818 0 6818
2034 6770 0 0 0 6770
2035 0 0 1 6775 6776
2036 0 6942 0 3 6945
2037 0 0 0 6930 6930
2038 6946 0 1 0 6947
2039 0 1 0 7012 7013
2040 6973 0 1 0 6974
2041 1 7017 0 0 7018
2042 0 0 0 7120 7120
2043 6989 0 118 0 7107
2044 7070 0 1 0 7071
2045 7002 1 20 0 7023
2046 1 7061 0 2 7064
2047 7028 0 1 1 7030
2048 0 7060 1 0 7061
2049 0 1 0 7029 7030
2050 1 0 7045 1 7047
2051 6952 1 0 1 6954
2052 0 2 0 6964 6966
2053 0 6941 1 2 6944
2054 6848 0 0 0 6848
2055 0 0 6899 2 6901
2056 6841 0 0 0 6841
2057 144 0 6693 0 6837
2058 2 0 6868 0 6870
2059 7058 0 0 0 7058
2060 7168 0 0 0 7168
2061 4 7259 0 1 7264
2062 7357 0 1 1 7359
2063 0 2 0 7328 7330
2064 2 0 7120 0 7122
2065 7078 0 0 0 7078
2066 0 1 0 7038 7039
2067 0 0 0 7268 7268
2068 0 7299 0 0 7299
2069 0 0 0 7479 7479
2070 0 0 0 7417 7417
2071 1 1 7321 0 7323
2072 7087 0 139 1 7227
2073 0 1 7281 0 7282
2074 0 0 7278 0 7278
2075 7328 0 3 0 7331
2076 7385 0 1 0 7386
2077 9 7345 0 0 7354
2078 7601 0 3 1 7605
2079 7567 0 0 0 7567
2080 0 0 0 7515 7515
2081 0 0 7492 0 7492
2082 0 7398 1 0 7399
2083 0 1 0 7474 7475
2084 7479 0 0 0 7479
2085 1 7654 0 0 7655
2086 41 1 7624 0 7666
2087 14 7728 0 0 7742
2088 0 0 0 7825 7825
2089 7792 0 0 0 7792
2090 7647 0 0 0 7647
2091 7703 0 0 0 7703
2092 0 0 1 7658 7659
2093 1 0 7647 0 7648
2094 0 0 0 7563 7563
2095 0 1 1 7626 7628
2096 2 0 7677 0 7679
2097 0 7619 0 5 7624
2098 7639 0 3 0 7642
2099 7520 0 1 0 7521
2100 1 7531 0 0 7532
2101 1 7975 0 3 7979
2102 0 0 0 8068 8068
2103 8028 0 1 0 8029
2104 0 0 0 7907 7907
2105 0 0 0 8257 8257
2106 0 0 0 8262 8262
2107 0 0 8167 0 8167
2108 8037 0 2 0 8039
2109 103 0 7960 0 8063
2110 2 0 8048 1 8051
2111 1 7887 0 2 7890
2112 1 7965 1 1 7968
2113 0 0 0 8204 8204
2114 0 0 8172 0 8172
2115 1 0 1 8054 8056
2116 1 0 0 8096 8097
2117 0 0 0 8143 8143
2118 0 0 1 8142 8143
2119 8215 0 1 0 8216
2120 8119 0 0 0 8119
2121 152 7917 0 1 8070
2122 8151 0 1 0 8152
2123 1 0 8035 0 8036
2124 2 1 0 7848 7851
2125 1 0 7983 0 7984
2126 1 7994 0 1 7996
2127 8005 0 78 1 8084
2128 0 1 0 8037 8038
2129 0 8415 0 0 8415
2130 8512 0 1 1 8514
2131 0 0 1 8486 8487
2132 8474 0 0 1 8475
2133 1 8503 0 0 8504
2134 8484 0 1 0 8485
2135 0 0 8456 0 8456
2136 1 0 8494 40 8535
2137 8575 0 0 0 8575
2138 8583 0 0 0 8583
2139 407 0 8077 0 8484
2140 1 8366 0 3 8370
2141 0 8474 0 1 8475
2142 8690 0 20 0 8710
2143 0 0 8677 0 8677
2144 0 0 1 8252 8253
2145 0 0 8271 0 8271
2146 1 0 8198 0 8199
2147 0 1 8216 0 8217
2148 1 0 1 8136 8138
2149 1 8170 0 0 8171
2150 8364 0 8 0 8372
2151 8264 0 2 2 8268
2152 1 8343 0 2 8346
2153 8354 0 2 0 8356
2154 0 60 0 8187 8247
2155 8214 0 115 0 8329
2156 0 0 8281 0 8281
2157 0 8270 0 4 8274
2158 8324 0 1 0 8325
2159 0 0 0 8232 8232
2160 4 0 8222 0 8226
2161 10 8154 0 0 8164
2162 0 2 1 8104 8107
2163 1 0 3 8152 8156
2164 0 0 8121 3 8124
2165 8090 0 0 0 8090
2166 0 0 8043 0 8043
2167 0 0 7788 0 7788
2168 0 7735 0 2 7737
2169 0 0 1 7836 7837
2170 7782 0 0 0 7782
2171 0 2 0 7745 7747
2172 2 0 7607 0 7609
2173 1 0 7547 2 7550
2174 1 7319 0 1 7321
2175 3 7292 0 0 7295
2176 0 7474 0 0 7474
2177 7534 0 1 1 7536
2178 1 7611 0 1 7613
2179 7633 0 0 0 7633
2180 0 0 7654 0 7654
2181 7492 0 0 0 7492
2182 0 0 1 7500 7501
2183 0 0 1 7513 7514
2184 7457 29 34 0 7520
2185 7421 0 1 0 7422
2186 2 0 7235 31 7268
2187 7260 0 0 0 7260
2188 7042 0 0 0 7042
2189 0 1 35 7014 7050
2190 0 0 7055 0 7055
2191 0 0 7060 0 7060
2192 7023 0 23 1 7047
2193 1 0 1 7005 7007
2194 1 0 6993 0 6994
2195 7 6916 0 1 6924
2196 6858 0 97 1 6956
2197 0 7040 0 0 7040
2198 1 0 7289 0 7290
2199 7188 0 0 0 7188
2200 0 1 0 7216 7217
2201 0 0 1 7210 7211
2202 7254 0 0 0 7254
2203 0 0 7241 0 7241
2204 7289 0 0 0 7289
2205 1 1 2 7261 7265
2206 0 0 2 7374 7376
2207 7392 0 1 0 7393
2208 0 2 1 7296 7299
2209 3 0 7349 0 7352
2210 7292 0 0 0 7292
2211 7245 0 0 0 7245
2212 0 0 0 7154 7154
2213 0 7214 1 0 7215
2214 7150 0 97 1 7248
2215 0 0 7266 1 7267
2216 48 0 7302 0 7350
2217 1 0 7307 0 7308
2218 7208 0 3 0 7211
2219 0 0 7367 0 7367
2220 7366 0 0 0 7366
2221 7394 0 0 0 7394
2222 0 0 1 7394 7395
2223 1 0 7418 0 7419
2224 0 0 1 7260 7261
2225 0 7272 1 0 7273
2226 7212 0 0 0 7212
2227 7172 0 0 1 7173
2228 7225 0 0 1 7226
2229 0 0 7203 0 7203
2230 10 0 7085 0 7095
2231 7104 0 2 0 7106
2232 1 1 0 7136 7138
2233 0 1 7126 0 7127
2234 7113 0 0 1 7114
2235 1 0 0 7075 7076
2236 0 0 0 7107 7107
2237 0 0 2 7040 7042
2238 0 1 1 7044 7046
2239 0 0 7030 0 7030
2240 6764 0 2 3 6769
2241 110 0 6692 0 6802
2242 6877 0 0 0 6877
2243 6712 0 0 0 6712
2244 6742 0 0 0 6742
2245 0 0 6643 1 6644
2246 2 6551 0 0 6553
2247 6613 0 0 0 6613
2248 6557 0 0 3 6560
2249 0 1 0 6593 6594
2250 0 0 6572 1 6573
2251 0 0 6500 0 6500
2252 1 6324 1 1 6327
2253 1 0 1 6362 6364
2254 0 6302 0 2 6304
2255 5982 0 1 0 5983
2256 0 6372 0 0 6372
2257 0 6402 0 0 6402
2258 0 0 0 6430 6430
2259 1 2 0 6510 6513
2260 1 0 6460 0 6461
2261 1 0 6500 0 6501
2262 1 2 0 6264 6267
2263 0 0 6449 0 6449
2264 6328 0 1 0 6329
2265 1 0 6518 0 6519
2266 6438 0 0 0 6438
2267 0 0 1 6399 6400
2268 0 3 0 6399 6402
2269 0 0 6377 1 6378
2270 1 0 6293 0 6294
2271 0 0 6329 0 6329
2272 0 0 0 6068 6068
2273 6115 0 2 0 6117
2274 2 6108 0 2 6112
2275 6234 0 0 0 6234
2276 0 0 1 6186 6187
2277 6167 1 1 0 6169
2278 0 0 1 6139 6140
2279 6170 0 0 0 6170
2280 6008 0 0 0 6008
2281 0 0 5851 0 5851
2282 2 5698 0 0 5700
2283 0 1 1 5596 5598
2284 2 0 1 5653 5656
2285 1 5715 0 0 5716
2286 1 0 5746 0 5747
2287 5548 0 0 0 5548
2288 5547 0 0 0 5547
2289 0 0 5239 1 5240
2290 5146 0 1 0 5147
2291 0 0 1 5117 5118
2292 0 0 5180 0 5180
2293 1 0 1 5009 5011
2294 0 0 1 5129 5130
2295 0 0 0 5235 5235
2296 5076 0 0 0 5076
2297 0 1 0 4871 4872
2298 0 0 4870 0 4870
2299 0 0 4800 0 4800
2300 0 0 4791 0 4791
2301 20 0 4775 0 4795
2302 0 0 0 4785 4785
2303 0 0 0 4824 4824
2304 4675 0 0 0 4675
2305 0 0 0 4593 4593
2306 0 0 0 4665 4665
2307 0 0 4517 1 4518
2308 0 0 4373 0 4373
2309 0 0 1 4145 4146
2310 0 4178 0 0 4178
2311 3512 0 656 0 4168
2312 0 1 0 4104 4105
2313 0 4078 0 1 4079
2314 4128 0 0 0 4128
2315 0 0 1 4070 4071
2316 0 0 0 3897 3897
2317 2 0 3847 0 3849
2318 3726 0 72 1 3799
2319 3798 0 0 0 3798
2320 0 0 0 3793 3793
2321 3686 0 0 0 3686
2322 623 3052 0 38 3713
2323 3662 0 0 0 3662
2324 0 0 0 3636 3636
2325 0 0 3586 0 3586
2326 0 3483 0 0 3483
2327 1 0 3492 0 3493
2328 3128 0 0 0 3128
2329 0 0 0 3172 3172
2330 3068 0 0 2 3070
2331 0 3138 0 0 3138
2332 3004 0 0 1 3005
2333 0 3081 25 1 3107
2334 3029 0 0 0 3029
2335 2903 0 1 0 2904
2336 2842 0 0 0 2842
2337 1 0 0 2625 2626
2338 0 0 2642 0 2642
2339 2613 0 0 0 2613
2340 0 0 0 2602 2602
2341 0 0 0 2553 2553
2342 2466 0 0 0 2466
2343 2411 0 0 0 2411
2344 2416 0 0 0 2416
2345 2347 0 0 58 2405
2346 0 0 0 2274 2274
2347 0 0 1856 0 1856
2348 1871 0 1 0 1872
2349 1874 0 0 0 1874
2350 1778 0 1 0 1779
2351 1270 0 0 0 1270
2352 1107 0 0 0 1107
2353 1089 0 0 0 1089
2354 0 0 1008 0 1008
2355 0 0 24 0 24
2356 0 0 0 0 0
2357 0 0 0 0 0
2358 0 0 0 0 0
2359 0 0 0 0 0
2360 0 0 0 0 0
2361 0 0 0 0 0
2362 0 0 0 0 0
2363 0 0 0 0 0
2364 0 0 0 0 0
2365 0 0 0 0 0
2366 0 0 0 0 0
2367 0 0 0 0 0
2368 0 0 0 0 0
2369 0 0 0 0 0
2370 0 0 0 0 0
