0 0 0 0 0 0
1 0 0 0 0 0
2 0 0 2 0 2
3 0 5 0 0 5
4 6 0 0 0 6
5 0 0 8 0 8
6 9 0 0 0 9
7 10 1 0 8 19
8 2 11 15 0 28
9 0 88 0 3 91
10 0 0 165 3 168
11 0 0 191 0 191
12 127 9 57 5 198
13 2 0 247 0 249
14 0 257 0 3 260
15 0 525 0 1 526
16 0 0 0 695 695
17 0 0 0 722 722
18 0 2 0 735 737
19 789 0 0 0 789
20 777 0 0 0 777
21 0 0 985 0 985
22 978 0 12 2 992
23 1 0 0 1232 1233
24 0 0 1282 5 1287
25 1284 0 0 0 1284
26 1311 1 0 0 1312
27 0 0 0 1553 1553
28 1633 0 0 2 1635
29 0 0 0 1755 1755
30 1746 0 0 0 1746
31 1754 1 0 0 1755
32 1755 0 0 0 1755
33 0 0 0 1813 1813
34 0 1852 0 0 1852
35 0 2378 0 0 2378
36 0 0 0 2443 2443
37 0 1 0 2648 2649
38 2954 17 5 3 2979
39 0 15 0 3196 3211
40 0 9 0 3461 3470
41 0 3 0 3535 3538
42 0 0 0 3600 3600
43 0 3637 0 1 3638
44 0 0 0 3629 3629
45 0 3656 0 0 3656
46 1 0 0 3646 3647
47 0 0 10 3679 3689
48 0 3744 0 0 3744
49 3772 1 0 3 3776
50 1 0 0 3793 3794
51 3788 0 5 0 3793
52 0 0 3815 0 3815
53 3769 0 0 1 3770
54 0 2 0 3868 3870
55 10 0 3858 0 3868
56 0 3 0 3773 3776
57 1 0 3771 0 3772
58 1 3866 0 21 3888
59 1 3931 0 0 3932
60 0 3984 0 1 3985
61 4 0 3979 0 3983
62 0 0 0 3892 3892
63 3956 0 1 0 3957
64 0 4000 0 0 4000
65 3987 0 3 0 3990
66 0 0 3942 0 3942
67 2 0 3908 0 3910
68 0 4005 0 1 4006
69 4079 0 0 5 4084
70 1 0 4171 0 4172
71 0 4179 0 2 4181
72 4300 6 0 3 4309
73 4309 4 0 0 4313
74 0 0 0 4377 4377
75 0 0 0 4424 4424
76 0 0 0 4410 4410
77 0 4454 0 1 4455
78 4489 0 1 1 4491
79 4473 0 0 0 4473
80 0 4541 0 1 4542
81 4527 0 2 0 4529
82 4462 0 0 1 4463
83 0 4526 0 2 4528
84 4499 2 0 0 4501
85 2 0 0 4543 4545
86 0 0 0 4526 4526
87 1 4563 0 0 4564
88 0 4518 0 0 4518
89 0 4563 0 1 4564
90 4552 0 1 0 4553
91 1 0 0 4645 4646
92 4611 0 0 0 4611
93 0 4631 0 2 4633
94 4594 0 5 0 4599
95 0 4683 0 0 4683
96 0 1 0 4663 4664
97 1 0 4657 0 4658
98 0 0 4642 0 4642
99 0 1 0 4620 4621
100 0 0 4708 0 4708
101 0 0 0 4696 4696
102 0 0 0 4739 4739
103 0 4784 0 1 4785
104 0 4788 0 0 4788
105 0 4791 0 2 4793
106 0 4773 0 0 4773
107 0 4873 0 5 4878
108 0 1 0 4819 4820
109 0 0 0 4860 4860
110 4831 0 0 0 4831
111 0 2 0 4859 4861
112 1 1 0 4815 4817
113 0 4894 0 1 4895
114 0 4892 0 0 4892
115 0 4934 0 1 4935
116 4949 0 0 1 4950
117 0 1 0 4959 4960
118 0 0 4918 0 4918
119 0 0 4854 1 4855
120 4851 12 0 0 4863
121 4962 0 1 0 4963
122 0 5021 0 0 5021
123 5001 0 2 0 5003
124 0 0 4969 0 4969
125 0 0 4932 0 4932
126 4976 0 0 0 4976
127 5070 0 0 0 5070
128 0 5081 0 2 5083
129 5078 0 0 0 5078
130 0 0 5035 0 5035
131 0 0 4983 0 4983
132 1 1 0 4982 4984
133 0 13 0 5111 5124
134 5167 0 0 0 5167
135 0 5142 0 0 5142
136 5186 0 0 0 5186
137 0 5232 0 1 5233
138 5249 0 3 1 5253
139 5179 0 0 0 5179
140 0 0 0 5197 5197
141 5218 0 0 8 5226
142 107 0 5062 0 5169
143 5160 0 3 0 5163
144 0 5242 0 2 5244
145 5206 0 0 0 5206
146 0 5256 0 0 5256
147 0 1 0 5197 5198
148 0 0 5233 0 5233
149 0 0 0 5104 5104
150 0 0 5170 0 5170
151 5178 0 0 1 5179
152 0 15 0 5272 5287
153 1 5279 1 2 5283
154 5307 4 0 0 5311
155 0 0 5292 0 5292
156 5265 0 0 0 5265
157 5324 0 1 0 5325
158 2 5443 0 2 5447
159 39 0 5322 0 5361
160 0 5394 0 2 5396
161 5350 0 0 0 5350
162 1 12 0 5382 5395
163 20 0 5358 0 5378
164 5410 0 3 0 5413
165 0 1 5330 0 5331
166 0 0 0 5326 5326
167 5411 0 0 0 5411
168 0 5556 0 0 5556
169 1 0 0 5507 5508
170 0 5606 0 3 5609
171 5665 0 0 0 5665
172 5655 0 0 0 5655
173 5625 0 0 1 5626
174 0 5660 0 0 5660
175 5683 0 1 0 5684
176 5598 14 1 0 5613
177 36 0 5581 0 5617
178 6 0 5630 0 5636
179 0 1 5706 0 5707
180 2 0 5794 0 5796
181 5959 0 17 22 5998
182 6064 0 0 0 6064
183 4488 6 1556 0 6050
184 0 6103 0 0 6103
185 6143 12 1 0 6156
186 0 0 6160 1 6161
187 0 18 0 6003 6021
188 6190 0 1 0 6191
189 1 6231 0 1 6233
190 6233 0 2 0 6235
191 0 22 0 6292 6314
192 0 35 0 6291 6326
193 0 2 0 6423 6425
194 0 6494 1 1 6496
195 2 0 0 6501 6503
196 0 0 6455 0 6455
197 6392 0 19 0 6411
198 0 0 0 6416 6416
199 2 0 6422 0 6424
200 0 2 0 6323 6325
201 0 1 0 6458 6459
202 6401 1 2 0 6404
203 0 6365 0 0 6365
204 6479 0 2 0 6481
205 0 0 6427 0 6427
206 5 0 6298 1 6304
207 6367 0 0 0 6367
208 1 0 0 6437 6438
209 0 0 6465 0 6465
210 0 6459 0 7 6466
211 6499 0 11 0 6510
212 0 6619 0 0 6619
213 6664 0 0 0 6664
214 6631 0 6 0 6637
215 0 0 0 6743 6743
216 1 0 6802 2 6805
217 0 0 6774 0 6774
218 2 3 0 6382 6387
219 0 0 6719 1 6720
220 0 0 6776 0 6776
221 6804 0 1 1 6806
222 0 1 6 6752 6759
223 2 6866 0 2 6870
224 0 6932 0 1 6933
225 7047 0 2 0 7049
226 7071 0 2 1 7074
227 0 7146 0 0 7146
228 7204 0 3 0 7207
229 7137 0 0 0 7137
230 7120 0 0 4 7124
231 1 0 0 7002 7003
232 0 0 6934 1 6935
233 2 0 6835 4 6841
234 6964 1 0 0 6965
235 0 7080 3 2 7085
236 0 7106 0 0 7106
237 7165 0 6 0 7171
238 0 0 0 7163 7163
239 0 1 0 7157 7158
240 7073 0 5 0 7078
241 0 7106 0 0 7106
242 1 7148 0 3 7152
243 0 7212 0 6 7218
244 29 0 7295 1 7325
245 7195 0 0 0 7195
246 7273 0 1 0 7274
247 25 0 7341 0 7366
248 7363 0 0 1 7364
249 0 0 0 7409 7409
250 7491 0 0 0 7491
251 7446 0 0 0 7446
252 0 4 0 7502 7506
253 0 0 7379 0 7379
254 7366 0 2 0 7368
255 0 0 7255 0 7255
256 0 7303 1 3 7307
257 1 7452 0 0 7453
258 7 0 7436 0 7443
259 7370 0 21 4 7395
260 1 0 7301 15 7317
261 0 0 0 7066 7066
262 2 0 7286 0 7288
263 0 7294 1 4 7299
264 0 7407 0 0 7407
265 0 1 0 7417 7418
266 7408 1 0 0 7409
267 0 0 0 7341 7341
268 0 0 7269 1 7270
269 0 7337 0 0 7337
270 7204 0 2 1 7207
271 0 7285 0 0 7285
272 7355 0 0 10 7365
273 7348 0 2 0 7350
274 0 0 0 7423 7423
275 3 6 0 7478 7487
276 7449 0 0 0 7449
277 0 0 7310 0 7310
278 6779 0 1 0 6780
279 0 0 0 6709 6709
280 0 1 0 6824 6825
281 1 0 6766 1 6768
282 0 6660 0 2 6662
283 0 0 6709 0 6709
284 0 0 0 6540 6540
285 0 6547 0 8 6555
286 0 0 1 6684 6685
287 0 1 0 6767 6768
288 6624 0 0 0 6624
289 2 0 6746 0 6748
290 6497 0 1 2 6500
291 1 0 6597 0 6598
292 0 0 6554 0 6554
293 0 6580 0 0 6580
294 0 0 0 6639 6639
295 0 0 0 6701 6701
296 0 1 0 6780 6781
297 6663 0 2 0 6665
298 0 0 6698 0 6698
299 6658 0 0 0 6658
300 0 1 1 6691 6693
301 6785 0 0 0 6785
302 1 1 6749 0 6751
303 6762 0 0 0 6762
304 6712 0 0 0 6712
305 0 3 0 6770 6773
306 0 0 6794 0 6794
307 0 0 6784 0 6784
308 6706 1 0 1 6708
309 0 0 0 6810 6810
310 0 0 6816 0 6816
311 6795 0 2 1 6798
312 6894 0 0 3 6897
313 0 0 6894 0 6894
314 6838 0 2 0 6840
315 6764 1 2 0 6767
316 1 6819 0 0 6820
317 6570 0 3 0 6573
318 15 6785 0 0 6800
319 0 6796 0 0 6796
320 0 6826 0 1 6827
321 6865 0 0 8 6873
322 1 6 6828 1 6836
323 3 0 6827 1 6831
324 0 0 0 6483 6483
325 0 6724 0 0 6724
326 0 5 0 6819 6824
327 0 0 0 6919 6919
328 0 10 0 6936 6946
329 0 3 0 6888 6891
330 0 0 0 6780 6780
331 3 6757 0 6 6766
332 6780 0 0 0 6780
333 6767 0 1 1 6769
334 15 0 6607 0 6622
335 0 6603 0 3 6606
336 6658 0 1 0 6659
337 0 0 6550 0 6550
338 1 6482 0 0 6483
339 0 6528 0 0 6528
340 0 0 0 6446 6446
341 0 6485 0 3 6488
342 6526 0 2 0 6528
343 7 6554 0 0 6561
344 6602 0 2 0 6604
345 0 0 6583 0 6583
346 6526 0 0 0 6526
347 6529 0 1 1 6531
348 0 1 0 6423 6424
349 2 0 6483 0 6485
350 0 6409 2 4 6415
351 0 0 0 6471 6471
352 6520 0 0 0 6520
353 1 1 0 6532 6534
354 0 0 6539 0 6539
355 0 0 6448 1 6449
356 6482 28 6 1 6517
357 10 0 6427 0 6437
358 3 0 6368 0 6371
359 0 6279 1 4 6284
360 2 6263 8 9 6282
361 1 6402 0 1 6404
362 0 6 0 6556 6562
363 6525 0 0 0 6525
364 6479 0 1 1 6481
365 0 0 0 6482 6482
366 0 0 6472 1 6473
367 0 0 6436 0 6436
368 0 1 0 6367 6368
369 0 6461 0 0 6461
370 6488 0 3 0 6491
371 0 6665 0 1 6666
372 6665 0 13 0 6678
373 6605 0 0 0 6605
374 1 6715 0 1 6717
375 0 0 0 6721 6721
376 1 0 6722 0 6723
377 0 2 0 6622 6624
378 6756 0 1 0 6757
379 0 0 6873 1 6874
380 6840 0 5 0 6845
381 0 6894 4 4 6902
382 6971 1 2 0 6974
383 6973 0 0 1 6974
384 6995 0 0 0 6995
385 0 3 0 6939 6942
386 1 1 0 6981 6983
387 7019 1 1 1 7022
388 6905 1 0 0 6906
389 0 6939 0 0 6939
390 7 6907 0 2 6916
391 0 7012 0 1 7013
392 6963 0 0 0 6963
393 1 0 6974 0 6975
394 0 0 7115 0 7115
395 0 0 7077 1 7078
396 2230 0 4860 1 7091
397 7060 0 3 1 7064
398 0 0 7138 1 7139
399 7155 0 0 1 7156
400 1 7210 0 2 7213
401 7291 0 1 0 7292
402 0 0 7250 1 7251
403 7092 1 0 1 7094
404 0 7214 1 0 7215
405 1 0 0 7326 7327
406 0 0 0 7344 7344
407 0 0 1 7388 7389
408 0 1 0 7400 7401
409 1 0 7303 2 7306
410 7185 0 0 0 7185
411 0 0 0 7095 7095
412 1 1 0 7113 7115
413 0 1 7005 0 7006
414 1 0 6911 0 6912
415 6941 6 0 2 6949
416 1 7016 0 0 7017
417 6786 1 1 0 6788
418 120 0 6665 3 6788
419 0 1 1 6520 6522
420 6646 1 10 0 6657
421 2 0 1 6655 6658
422 1 0 6592 0 6593
423 1 6661 0 5 6667
424 6746 0 2 0 6748
425 1 0 6691 4 6696
426 6675 0 0 0 6675
427 6644 0 0 0 6644
428 6496 0 3 0 6499
429 6 6579 0 0 6585
430 1 6498 0 1 6500
431 6542 0 0 0 6542
432 6336 0 0 0 6336
433 0 6455 0 1 6456
434 11 6197 0 0 6208
435 0 122 0 5970 6092
436 0 0 6065 0 6065
437 4 6112 0 0 6116
438 0 0 0 6046 6046
439 0 0 5993 0 5993
440 3 6014 0 0 6017
441 6039 0 1 0 6040
442 6019 0 1 2 6022
443 1 6070 0 0 6071
444 0 0 6026 0 6026
445 3 0 5865 1 5869
446 0 5891 0 2 5893
447 5862 0 1 0 5863
448 0 5906 0 0 5906
449 0 0 0 5918 5918
450 6 0 5890 10 5906
451 5876 0 0 0 5876
452 5858 0 0 0 5858
453 1 2 0 5850 5853
454 5754 0 0 0 5754
455 0 5711 0 36 5747
456 5766 0 1 2 5769
457 5722 0 1 1 5724
458 1 5702 4 0 5707
459 5658 0 2 0 5660
460 5579 0 1 0 5580
461 1 7 0 5543 5551
462 5544 0 2 1 5547
463 5396 0 0 2 5398
464 0 5460 0 0 5460
465 0 5434 0 0 5434
466 0 0 1 5217 5218
467 0 5389 0 0 5389
468 0 24 1 5302 5327
469 0 0 0 5337 5337
470 0 7 0 5351 5358
471 0 1 0 5316 5317
472 5333 0 0 1 5334
473 0 0 5254 1 5255
474 0 0 5233 0 5233
475 0 0 0 5077 5077
476 0 1 0 5203 5204
477 2 0 5147 2 5151
478 5115 0 0 1 5116
479 5130 0 1 0 5131
480 0 2 0 5117 5119
481 0 0 5071 0 5071
482 5010 0 0 0 5010
483 0 1 0 4989 4990
484 0 0 0 5022 5022
485 1 0 0 5015 5016
486 4968 0 1 1 4970
487 4909 0 1 0 4910
488 4856 0 1 0 4857
489 0 0 0 4870 4870
490 0 0 4845 0 4845
491 0 0 4778 0 4778
492 4659 0 1 0 4660
493 1 0 4699 0 4700
494 1 4623 0 3 4627
495 0 4675 0 3 4678
496 0 0 4665 0 4665
497 4566 0 0 0 4566
498 0 4606 7 0 4613
499 4589 0 2 0 4591
500 4575 0 0 0 4575
501 4542 0 5 0 4547
502 3 0 4555 0 4558
503 0 0 4478 1 4479
504 2 0 0 3970 3972
505 0 0 4293 0 4293
506 0 0 4349 2 4351
507 4360 1 0 0 4361
508 0 8 0 4360 4368
509 0 0 0 4416 4416
510 4384 1 0 0 4385
511 4342 0 0 0 4342
512 1 1 0 4301 4303
513 4070 0 0 1 4071
514 1 4146 0 0 4147
515 0 4103 0 1 4104
516 0 2 0 4081 4083
517 0 0 1 4111 4112
518 0 0 0 4090 4090
519 0 0 0 4073 4073
520 12 0 0 4031 4043
521 1 0 3844 17 3862
522 0 3678 0 14 3692
523 0 3630 0 1 3631
524 3684 0 0 0 3684
525 0 0 3679 0 3679
526 0 0 3616 0 3616
527 3624 0 0 0 3624
528 0 998 0 2600 3598
529 3611 0 1 1 3613
530 0 0 0 3529 3529
531 0 3539 0 0 3539
532 3586 0 0 0 3586
533 0 0 0 3460 3460
534 1 4 0 3430 3435
535 3 0 3383 0 3386
536 3358 0 0 0 3358
537 0 0 0 3345 3345
538 0 22 0 3350 3372
539 0 3317 0 0 3317
540 3360 1 0 0 3361
541 11 0 0 3306 3317
542 0 0 0 3263 3263
543 3254 0 1 0 3255
544 0 0 3151 2 3153
545 3168 0 1 0 3169
546 0 3105 0 27 3132
547 3140 0 0 0 3140
548 120 0 2968 0 3088
549 3016 0 0 0 3016
550 0 3062 2 0 3064
551 0 3135 0 0 3135
552 0 0 0 3085 3085
553 0 0 3097 0 3097
554 3076 0 4 0 3080
555 3047 0 0 0 3047
556 3043 0 1 0 3044
557 3 2 0 2998 3003
558 0 0 2953 0 2953
559 2932 0 3 1 2936
560 0 2907 0 0 2907
561 0 1 0 2871 2872
562 0 2 0 2861 2863
563 0 0 0 2862 2862
564 0 2867 0 0 2867
565 0 0 0 2833 2833
566 0 0 1 2794 2795
567 0 2737 0 0 2737
568 0 0 0 2697 2697
569 0 2733 0 0 2733
570 2711 0 0 0 2711
571 0 0 2704 0 2704
572 0 0 0 2642 2642
573 2641 0 0 0 2641
574 2631 0 2 0 2633
575 2597 0 0 0 2597
576 0 0 2608 0 2608
577 2577 0 0 0 2577
578 2584 0 0 0 2584
579 0 0 0 2576 2576
580 2584 0 0 0 2584
581 0 0 0 2576 2576
582 2556 1 0 0 2557
583 2528 0 0 1 2529
584 2505 0 9 0 2514
585 1 0 2512 0 2513
586 2491 0 1 0 2492
587 2476 0 1 0 2477
588 2527 0 0 0 2527
589 2498 0 0 0 2498
590 2461 0 0 0 2461
591 2452 0 0 0 2452
592 8 0 0 2366 2374
593 0 0 0 2383 2383
594 1 0 2328 16 2345
595 0 2341 0 1 2342
596 0 2359 0 0 2359
597 1 0 0 2341 2342
598 3 0 2314 0 2317
599 0 2271 0 0 2271
600 1 2336 0 0 2337
601 2381 0 0 0 2381
602 2336 0 0 0 2336
603 2333 0 1 0 2334
604 2332 0 0 0 2332
605 2308 0 0 0 2308
606 0 2341 0 0 2341
607 2336 0 0 0 2336
608 0 0 2290 7 2297
609 2303 0 0 0 2303
610 2297 0 1 0 2298
611 2272 0 1 0 2273
612 0 0 2181 0 2181
613 0 0 2158 0 2158
614 0 0 2203 0 2203
615 0 0 0 2134 2134
616 0 0 0 2194 2194
617 0 0 0 2193 2193
618 0 2193 0 5 2198
619 0 2186 0 0 2186
620 0 0 0 2178 2178
621 0 2184 0 0 2184
622 2203 0 0 0 2203
623 1 0 0 2213 2214
624 2231 1 0 0 2232
625 2216 0 1 0 2217
626 2207 0 0 0 2207
627 0 0 2190 0 2190
628 2220 0 0 0 2220
629 0 0 2183 0 2183
630 0 0 2138 0 2138
631 2159 0 0 0 2159
632 0 1 0 2088 2089
633 2137 0 0 0 2137
634 0 2102 0 0 2102
635 0 2097 0 1 2098
636 2134 0 11 0 2145
637 2138 0 0 0 2138
638 0 15 0 2164 2179
639 0 0 2126 0 2126
640 2138 0 0 0 2138
641 2145 0 0 0 2145
642 1 0 2124 0 2125
643 0 0 2110 0 2110
644 0 0 0 1932 1932
645 2102 0 1 0 2103
646 2109 0 0 0 2109
647 2128 0 0 0 2128
648 2115 0 0 0 2115
649 7 0 2077 0 2084
650 2048 0 0 0 2048
651 0 2053 0 0 2053
652 2090 0 0 1 2091
653 2105 0 0 0 2105
654 2104 0 0 0 2104
655 2079 0 1 0 2080
656 0 0 0 2072 2072
657 2085 0 0 0 2085
658 2044 0 0 0 2044
659 0 2068 0 0 2068
660 0 2067 0 0 2067
661 2087 0 0 0 2087
662 2079 0 0 0 2079
663 2056 0 0 0 2056
664 0 0 2034 0 2034
665 1 0 0 1918 1919
666 4 0 1979 0 1983
667 0 0 1995 0 1995
668 2032 0 0 0 2032
669 2028 0 1 0 2029
670 0 0 0 2014 2014
671 2025 0 0 0 2025
672 0 2057 0 0 2057
673 2086 0 0 0 2086
674 1 0 0 2022 2023
675 0 2080 0 2 2082
676 2145 0 0 0 2145
677 2138 0 0 0 2138
678 2163 0 0 0 2163
679 2170 0 0 0 2170
680 0 0 2110 0 2110
681 2110 0 1 0 2111
682 1 0 2049 0 2050
683 0 2060 0 5 2065
684 2128 0 0 0 2128
685 0 0 0 2123 2123
686 0 0 0 2159 2159
687 2156 0 1 0 2157
688 0 0 0 2090 2090
689 0 2144 0 1 2145
690 2192 0 0 0 2192
691 0 0 0 2154 2154
692 5 0 0 2151 2156
693 2163 0 0 1 2164
694 2165 0 0 0 2165
695 2150 0 1 0 2151
696 0 2181 0 0 2181
697 2164 0 0 0 2164
698 0 2144 0 0 2144
699 2173 0 0 0 2173
700 2158 0 1 0 2159
701 0 0 0 2146 2146
702 0 0 2124 0 2124
703 2130 0 0 0 2130
704 0 2122 0 1 2123
705 2151 0 0 0 2151
706 2154 0 0 1 2155
707 2125 0 0 0 2125
708 2125 2 2 0 2129
709 0 0 2121 0 2121
710 2107 0 0 0 2107
711 0 2119 0 0 2119
712 0 0 2133 0 2133
713 0 2098 0 0 2098
714 0 0 0 2133 2133
715 1 0 2151 0 2152
716 2171 0 0 0 2171
717 2195 0 0 0 2195
718 2218 0 0 1 2219
719 0 0 2196 0 2196
720 2204 0 0 0 2204
721 0 0 2242 0 2242
722 36 0 2229 0 2265
723 1 1 0 2064 2066
724 2307 0 0 0 2307
725 2307 0 0 0 2307
726 2333 0 0 0 2333
727 0 2385 0 0 2385
728 0 0 0 2413 2413
729 0 0 2404 0 2404
730 2400 0 0 0 2400
731 2422 1 0 0 2423
732 2485 0 0 0 2485
733 2493 0 0 1 2494
734 0 0 2446 0 2446
735 2494 0 0 0 2494
736 2475 0 0 0 2475
737 0 0 2426 0 2426
738 2456 0 0 0 2456
739 0 0 2490 0 2490
740 0 2546 0 1 2547
741 2 0 2556 0 2558
742 2587 0 0 0 2587
743 1 0 0 2582 2583
744 0 0 4 2595 2599
745 0 0 2570 0 2570
746 0 2564 0 5 2569
747 2 2585 0 2 2589
748 2609 0 13 0 2622
749 1 2643 0 0 2644
750 0 0 0 2641 2641
751 0 0 2635 0 2635
752 1 2846 0 0 2847
753 0 2 0 2879 2881
754 1 0 2879 0 2880
755 1 0 2896 0 2897
756 2918 5 7 1 2931
757 2940 4 2 0 2946
758 0 0 0 2977 2977
759 2947 0 14 1 2962
760 0 2997 0 1 2998
761 3020 0 3 1 3024
762 2986 0 11 2 2999
763 3018 0 0 0 3018
764 0 0 0 3017 3017
765 3037 0 0 0 3037
766 2991 0 0 0 2991
767 2 0 3011 0 3013
768 2971 0 0 0 2971
769 0 0 2987 0 2987
770 0 0 2971 0 2971
771 0 0 3027 0 3027
772 0 1 0 2743 2744
773 1 1 0 3016 3018
774 0 0 0 3111 3111
775 0 0 3113 0 3113
776 1 0 0 3039 3040
777 3153 0 11 0 3164
778 0 0 0 3159 3159
779 0 0 0 3210 3210
780 3209 0 11 0 3220
781 1 0 3188 0 3189
782 0 1 0 3128 3129
783 3197 0 0 0 3197
784 0 0 3223 0 3223
785 0 1 0 3219 3220
786 0 0 0 3397 3397
787 3 0 3452 0 3455
788 3462 0 0 0 3462
789 3501 0 0 0 3501
790 3525 0 1 0 3526
791 3485 0 0 0 3485
792 1 3558 0 0 3559
793 0 16 1 3506 3523
794 0 0 1 3573 3574
795 2 0 3561 2 3565
796 0 0 3517 0 3517
797 0 3500 0 0 3500
798 0 14 0 3561 3575
799 3593 0 0 0 3593
800 3617 0 11 0 3628
801 3619 0 0 0 3619
802 3647 0 2 0 3649
803 3617 0 1 2 3620
804 0 0 1 3616 3617
805 3650 0 11 0 3661
806 0 0 0 3650 3650
807 3650 0 11 1 3662
808 2 2 0 3665 3669
809 0 0 3698 0 3698
810 0 0 0 3688 3688
811 0 0 3854 3 3857
812 3919 0 2 1 3922
813 3980 0 0 0 3980
814 3976 0 0 0 3976
815 3991 0 0 1 3992
816 0 0 0 3990 3990
817 0 4077 0 1 4078
818 0 0 0 4102 4102
819 4140 0 1 0 4141
820 0 0 4133 0 4133
821 4156 0 0 0 4156
822 4173 0 2 0 4175
823 0 4181 0 0 4181
824 4243 0 2 0 4245
825 4255 0 1 0 4256
826 4245 0 11 0 4256
827 11 0 4222 0 4233
828 0 0 1 4209 4210
829 3 0 4237 12 4252
830 0 0 4331 0 4331
831 0 0 0 4327 4327
832 0 0 0 4370 4370
833 0 0 0 4394 4394
834 4337 0 0 0 4337
835 0 4355 0 0 4355
836 0 4377 0 1 4378
837 4399 0 0 0 4399
838 0 0 4466 0 4466
839 0 0 0 4372 4372
840 4437 0 1 0 4438
841 0 0 4420 7 4427
842 1 0 4470 3 4474
843 0 0 1 4281 4282
844 0 2 4493 0 4495
845 0 0 4488 0 4488
846 4546 0 7 0 4553
847 4613 0 0 0 4613
848 4597 0 0 2 4599
849 0 4613 0 0 4613
850 1 0 4641 0 4642
851 4572 0 4 0 4576
852 3 0 4628 0 4631
853 4642 1 0 0 4643
854 4691 0 0 0 4691
855 2 0 4674 0 4676
856 4710 0 0 0 4710
857 4736 0 3 0 4739
858 4711 0 0 0 4711
859 0 1 4815 1 4817
860 1 4752 0 0 4753
861 1 4813 0 1 4815
862 4890 0 0 0 4890
863 4871 1 3 0 4875
864 4845 1 1 0 4847
865 1 4861 0 0 4862
866 0 0 0 4795 4795
867 1 0 4777 0 4778
868 0 1 0 4683 4684
869 0 4728 0 0 4728
870 4801 2 0 0 4803
871 4795 0 0 0 4795
872 4791 0 1 0 4792
873 0 1 1 4789 4791
874 1 0 4762 0 4763
875 1 4742 0 1 4744
876 4748 0 1 0 4749
877 0 0 4718 0 4718
878 2 5 0 4573 4580
879 1 0 4559 0 4560
880 4 0 4545 1 4550
881 0 4427 0 0 4427
882 0 4446 0 0 4446
883 4562 1 0 0 4563
884 4503 1 0 0 4504
885 4502 0 0 0 4502
886 4477 0 0 0 4477
887 0 0 1 4450 4451
888 0 0 4401 5 4406
889 1 4342 0 0 4343
890 0 0 1 4303 4304
891 0 4391 0 0 4391
892 4449 0 4 2 4455
893 0 0 4452 0 4452
894 0 0 0 4399 4399
895 4450 0 0 0 4450
896 4416 0 0 1 4417
897 0 4437 0 0 4437
898 0 1 2 4388 4391
899 2 0 4415 0 4417
900 0 4271 0 1 4272
901 0 4296 0 1 4297
902 0 4337 0 0 4337
903 4353 1 0 0 4354
904 8 4399 0 0 4407
905 2 4422 0 0 4424
906 4428 0 1 2 4431
907 0 0 4467 0 4467
908 0 1 4390 0 4391
909 4297 0 18 1 4316
910 0 0 4401 1 4402
911 0 0 4359 0 4359
912 1 0 4366 0 4367
913 4388 0 0 0 4388
914 0 19 0 4359 4378
915 0 20 0 4381 4401
916 4443 0 0 0 4443
917 0 0 4390 0 4390
918 0 4357 0 0 4357
919 4386 0 0 0 4386
920 1 0 15 4320 4336
921 0 0 4301 11 4312
922 4260 1 0 0 4261
923 1 4323 0 0 4324
924 4337 0 0 0 4337
925 3 0 4318 0 4321
926 1 1 1 4224 4227
927 4299 0 0 0 4299
928 4331 0 1 1 4333
929 0 4332 0 0 4332
930 4322 0 0 5 4327
931 0 0 4332 0 4332
932 1 0 4305 0 4306
933 4312 0 1 0 4313
934 6 0 4381 0 4387
935 4389 0 3 1 4393
936 0 4384 0 0 4384
937 4429 0 0 0 4429
938 4420 0 0 0 4420
939 0 0 1 4400 4401
940 4406 0 1 0 4407
941 0 4448 0 10 4458
942 4520 0 0 1 4521
943 4490 0 0 1 4491
944 4440 0 11 0 4451
945 4487 0 0 0 4487
946 0 1 3 4452 4456
947 0 1 4475 0 4476
948 2 0 4436 0 4438
949 4460 0 0 0 4460
950 4467 0 2 0 4469
951 0 1 1 4469 4471
952 0 0 4491 0 4491
953 4464 0 0 0 4464
954 4427 0 0 0 4427
955 0 1 0 4503 4504
956 0 0 4523 1 4524
957 1 0 0 4467 4468
958 0 0 0 4518 4518
959 0 0 0 4547 4547
960 4323 0 202 1 4526
961 4454 0 0 0 4454
962 4366 0 0 0 4366
963 0 4360 0 21 4381
964 0 4357 0 1 4358
965 0 4382 0 0 4382
966 4422 0 1 0 4423
967 4416 0 0 0 4416
968 0 0 4362 0 4362
969 4361 1 0 0 4362
970 4343 0 3 0 4346
971 0 4 0 4316 4320
972 0 4329 0 0 4329
973 0 3 0 4296 4299
974 0 0 0 4335 4335
975 0 0 0 4351 4351
976 0 0 0 4337 4337
977 0 4 0 4301 4305
978 2 0 4259 0 4261
979 23 0 4161 0 4184
980 6 4124 6 14 4150
981 0 4138 0 25 4163
982 4198 0 1 0 4199
983 0 3 1 4190 4194
984 0 0 4072 0 4072
985 4045 0 0 0 4045
986 0 4067 0 1 4068
987 13 0 0 4072 4085
988 1 0 4066 0 4067
989 4032 0 1 0 4033
990 4054 0 0 0 4054
991 4078 0 0 0 4078
992 0 0 4006 0 4006
993 4006 0 0 0 4006
994 4021 0 0 0 4021
995 0 0 1 3994 3995
996 4012 0 0 1 4013
997 3911 0 0 0 3911
998 0 3895 0 0 3895
999 1 3886 0 0 3887
1000 3884 0 0 0 3884
1001 0 0 3830 0 3830
1002 3813 0 0 0 3813
1003 0 0 3769 0 3769
1004 3754 0 0 0 3754
1005 0 3754 0 0 3754
1006 3779 0 1 0 3780
1007 1 0 3698 0 3699
1008 0 3667 0 0 3667
1009 0 3670 0 0 3670
1010 0 3682 0 0 3682
1011 3675 0 2 0 3677
1012 0 0 3681 0 3681
1013 1 0 0 3539 3540
1014 0 0 0 3628 3628
1015 0 0 0 3676 3676
1016 2 0 3643 0 3645
1017 0 0 3602 0 3602
1018 1 0 0 3529 3530
1019 0 0 0 3599 3599
1020 2 3597 0 3 3602
1021 3640 0 0 0 3640
1022 0 0 3616 2 3618
1023 0 0 3586 0 3586
1024 0 0 3659 0 3659
1025 3590 0 6 0 3596
1026 0 0 0 3643 3643
1027 0 0 0 3682 3682
1028 1 0 0 3671 3672
1029 0 0 0 3729 3729
1030 0 1 0 3708 3709
1031 0 0 3685 0 3685
1032 0 0 0 3549 3549
1033 3619 0 0 1 3620
1034 0 0 3621 0 3621
1035 1 4 0 3498 3503
1036 3626 0 0 4 3630
1037 0 0 0 3594 3594
1038 3631 0 0 0 3631
1039 0 5 3504 0 3509
1040 0 3449 0 0 3449
1041 3413 0 1 0 3414
1042 0 3446 1 1 3448
1043 0 3493 0 2 3495
1044 1 0 3508 0 3509
1045 0 0 3467 0 3467
1046 0 0 0 3345 3345
1047 5 3394 0 0 3399
1048 1 3491 0 0 3492
1049 0 0 0 3517 3517
1050 1 0 3541 0 3542
1051 0 0 0 3471 3471
1052 0 1 0 3468 3469
1053 1 3509 0 0 3510
1054 0 3 0 3457 3460
1055 5 3465 0 0 3470
1056 0 3560 0 0 3560
1057 3544 0 0 0 3544
1058 3545 0 1 0 3546
1059 0 0 0 3544 3544
1060 3605 0 0 0 3605
1061 3528 1 2 0 3531
1062 0 0 3541 0 3541
1063 3541 0 0 1 3542
1064 0 0 0 3498 3498
1065 3568 0 0 0 3568
1066 0 0 3690 0 3690
1067 0 3670 0 0 3670
1068 3711 0 1 0 3712
1069 3648 1 1 0 3650
1070 0 0 3692 0 3692
1071 3554 0 0 0 3554
1072 0 0 0 3631 3631
1073 0 0 1 3727 3728
1074 0 0 3739 1 3740
1075 0 0 3669 0 3669
1076 0 0 3674 2 3676
1077 12 1 3625 1 3639
1078 3552 1 3 0 3556
1079 3605 0 2 1 3608
1080 3653 0 2 0 3655
1081 3 0 3631 0 3634
1082 0 0 3589 0 3589
1083 3593 1 0 0 3594
1084 0 0 0 3584 3584
1085 1 0 1 3649 3651
1086 0 0 0 3670 3670
1087 3680 0 0 1 3681
1088 0 0 0 3721 3721
1089 0 0 3687 0 3687
1090 3680 0 1 0 3681
1091 0 0 0 3741 3741
1092 3746 0 0 0 3746
1093 3690 0 0 0 3690
1094 0 3704 5 0 3709
1095 3752 0 2 0 3754
1096 3736 0 1 0 3737
1097 0 0 3848 0 3848
1098 9 3846 1 0 3856
1099 3947 0 0 0 3947
1100 3913 0 0 0 3913
1101 3894 0 0 0 3894
1102 3871 1 1 0 3873
1103 0 3923 0 5 3928
1104 3994 0 1 0 3995
1105 3986 0 1 0 3987
1106 4053 1 0 0 4054
1107 4063 0 0 0 4063
1108 4034 0 0 0 4034
1109 236 0 3684 0 3920
1110 3954 0 0 0 3954
1111 3 4008 0 0 4011
1112 0 0 1 4002 4003
1113 4048 0 0 0 4048
1114 3999 0 0 0 3999
1115 3987 0 0 0 3987
1116 0 0 3939 2 3941
1117 0 0 3816 0 3816
1118 0 3864 0 0 3864
1119 0 0 0 3827 3827
1120 2 3936 0 0 3938
1121 4018 0 5 0 4023
1122 4042 0 1 0 4043
1123 4045 1 0 0 4046
1124 0 0 2 3961 3963
1125 3855 0 0 0 3855
1126 0 3945 0 0 3945
1127 1 3976 0 0 3977
1128 1 0 1 3923 3925
1129 0 1 0 3974 3975
1130 0 0 3961 0 3961
1131 1 1 0 3937 3939
1132 0 3949 0 2 3951
1133 4 3974 0 0 3978
1134 0 3 0 3952 3955
1135 0 0 3983 1 3984
1136 3928 0 2 0 3930
1137 1 2 0 3934 3937
1138 0 3951 0 1 3952
1139 3 3 0 3950 3956
1140 0 0 3944 0 3944
1141 0 0 0 3879 3879
1142 0 16 1 3897 3914
1143 5 0 0 3974 3979
1144 3977 0 0 0 3977
1145 0 0 3956 0 3956
1146 0 17 1 3806 3824
1147 3960 0 1 0 3961
1148 0 0 0 3898 3898
1149 3867 0 0 0 3867
1150 0 3849 0 0 3849
1151 1 3867 0 0 3868
1152 3915 0 0 0 3915
1153 1 1 0 3883 3885
1154 0 0 0 3929 3929
1155 3904 0 1 0 3905
1156 3 0 3880 0 3883
1157 3891 0 0 0 3891
1158 3899 1 0 0 3900
1159 3926 0 0 0 3926
1160 1 0 3957 1 3959
1161 3937 0 0 0 3937
1162 0 0 0 4006 4006
1163 4082 0 0 0 4082
1164 0 1 0 4075 4076
1165 4082 0 0 0 4082
1166 4082 3 0 1 4086
1167 3 2 0 4139 4144
1168 0 0 4176 0 4176
1169 4052 0 134 0 4186
1170 4207 0 0 0 4207
1171 0 0 4220 0 4220
1172 4240 0 0 0 4240
1173 4267 0 1 0 4268
1174 4263 0 0 0 4263
1175 1 4279 0 0 4280
1176 4290 0 0 1 4291
1177 4275 0 0 0 4275
1178 1 0 4237 1 4239
1179 0 0 4167 2 4169
1180 189 5 4156 0 4350
1181 0 4445 0 9 4454
1182 4573 0 1 0 4574
1183 4549 0 0 0 4549
1184 4556 0 0 0 4556
1185 4544 0 0 0 4544
1186 0 0 1 4560 4561
1187 0 0 0 4641 4641
1188 0 0 4614 0 4614
1189 4583 0 0 0 4583
1190 4625 0 0 0 4625
1191 0 0 4571 0 4571
1192 4607 0 1 0 4608
1193 4647 0 0 0 4647
1194 0 1 4667 0 4668
1195 0 4777 0 1 4778
1196 0 0 1 4853 4854
1197 4848 0 2 0 4850
1198 4831 0 0 0 4831
1199 4840 0 0 0 4840
1200 4758 0 5 0 4763
1201 2 4796 0 0 4798
1202 0 4814 0 0 4814
1203 4824 0 0 0 4824
1204 0 0 1 4819 4820
1205 0 0 0 4820 4820
1206 1 4830 0 2 4833
1207 0 0 1 4852 4853
1208 0 0 1 4832 4833
1209 0 4860 0 0 4860
1210 4896 0 0 0 4896
1211 4857 0 0 0 4857
1212 0 7 0 4899 4906
1213 1 0 4885 0 4886
1214 4857 0 0 0 4857
1215 4871 0 0 0 4871
1216 0 1 4832 0 4833
1217 4854 0 0 1 4855
1218 4923 0 1 0 4924
1219 2 0 4885 0 4887
1220 6 0 4833 0 4839
1221 4887 1 6 0 4894
1222 4942 0 2 0 4944
1223 0 4972 0 0 4972
1224 0 1 1 4947 4949
1225 15 0 4949 0 4964
1226 0 4977 1 0 4978
1227 4978 0 0 0 4978
1228 0 0 11 4987 4998
1229 1 4959 0 0 4960
1230 0 6 0 4983 4989
1231 0 0 0 5003 5003
1232 0 1 0 5027 5028
1233 0 0 5024 0 5024
1234 0 0 0 4898 4898
1235 0 4872 0 1 4873
1236 4794 0 3 1 4798
1237 0 4943 1 0 4944
1238 0 5088 0 0 5088
1239 1 31 0 5081 5113
1240 2 0 5131 0 5133
1241 0 0 5100 0 5100
1242 0 0 5073 0 5073
1243 4985 1 2 8 4996
1244 0 1 0 5113 5114
1245 3 0 5143 0 5146
1246 5076 0 0 2 5078
1247 0 0 0 5156 5156
1248 1 0 5157 0 5158
1249 5066 0 0 0 5066
1250 0 0 1 5170 5171
1251 1 0 5155 0 5156
1252 2 0 5176 2 5180
1253 2 0 5199 0 5201
1254 5264 0 0 0 5264
1255 5243 2 0 0 5245
1256 0 2 0 5338 5340
1257 0 0 5408 0 5408
1258 0 1 0 5362 5363
1259 0 0 0 5504 5504
1260 0 0 0 5514 5514
1261 5566 0 0 0 5566
1262 5460 0 0 0 5460
1263 0 1 0 5481 5482
1264 5540 1 1 0 5542
1265 0 0 0 5472 5472
1266 0 0 5451 0 5451
1267 0 5413 0 24 5437
1268 0 1 0 5535 5536
1269 5532 0 0 0 5532
1270 1 0 0 5496 5497
1271 0 5502 0 0 5502
1272 0 0 1 5481 5482
1273 5455 0 0 0 5455
1274 1 5458 0 2 5461
1275 1 5487 0 0 5488
1276 0 1 5498 0 5499
1277 0 0 0 5344 5344
1278 0 0 5505 0 5505
1279 0 0 0 5511 5511
1280 0 0 0 5585 5585
1281 0 0 5572 0 5572
1282 0 0 5493 0 5493
1283 5 0 5464 1 5470
1284 5415 0 12 0 5427
1285 0 0 5532 0 5532
1286 0 1 0 5459 5460
1287 5500 0 0 0 5500
1288 0 0 5483 4 5487
1289 0 5515 0 0 5515
1290 1 3 1 5530 5535
1291 9 0 5550 0 5559
1292 0 5510 1 0 5511
1293 5480 0 0 1 5481
1294 0 5531 0 0 5531
1295 0 2 0 5593 5595
1296 5635 0 0 0 5635
1297 0 0 5593 0 5593
1298 3 0 5556 0 5559
1299 1 3 0 5290 5294
1300 5485 0 1 0 5486
1301 2 0 0 5482 5484
1302 26 5564 0 1 5591
1303 5597 1 0 0 5598
1304 5560 0 0 0 5560
1305 0 0 5497 1 5498
1306 5524 0 0 0 5524
1307 5467 0 0 0 5467
1308 0 5514 0 0 5514
1309 5526 0 2 0 5528
1310 0 0 0 5505 5505
1311 0 1 1 5582 5584
1312 4 0 5536 2 5542
1313 0 0 5449 0 5449
1314 5365 0 1 1 5367
1315 5395 0 0 4 5399
1316 5380 0 0 0 5380
1317 0 5442 0 0 5442
1318 5429 0 2 1 5432
1319 5373 0 2 0 5375
1320 5383 0 0 0 5383
1321 0 0 5321 0 5321
1322 5348 0 0 0 5348
1323 5306 0 0 0 5306
1324 0 0 0 5245 5245
1325 5016 0 1 0 5017
1326 0 5197 0 4 5201
1327 0 5192 0 0 5192
1328 0 2 0 5194 5196
1329 5191 1 0 0 5192
1330 0 0 0 5181 5181
1331 1 1 5153 0 5155
1332 0 0 5112 0 5112
1333 0 0 5114 0 5114
1334 5099 1 1 0 5101
1335 0 99 1 5003 5103
1336 0 0 5104 0 5104
1337 0 0 5078 0 5078
1338 5003 0 0 0 5003
1339 0 5134 0 1 5135
1340 8 1 0 5145 5154
1341 3 0 5159 1 5163
1342 0 5171 1 1 5173
1343 5274 0 0 0 5274
1344 5196 4 0 0 5200
1345 0 0 0 5203 5203
1346 0 5218 0 1 5219
1347 0 1 0 5193 5194
1348 0 0 1 5165 5166
1349 1 5172 0 0 5173
1350 0 0 0 5219 5219
1351 0 0 5211 17 5228
1352 5213 0 0 0 5213
1353 0 0 0 5281 5281
1354 5 0 5220 0 5225
1355 5140 1 1 0 5142
1356 0 1 0 5289 5290
1357 1 9 0 5332 5342
1358 0 0 0 5318 5318
1359 2 0 0 5322 5324
1360 0 0 5182 3 5185
1361 1 5077 0 0 5078
1362 0 1 1 5145 5147
1363 0 5072 0 25 5097
1364 0 0 0 5191 5191
1365 10 0 5214 3 5227
1366 0 0 7 5197 5204
1367 0 3 0 5250 5253
1368 0 1 0 5312 5313
1369 2 0 5294 6 5302
1370 7 0 1 5254 5262
1371 1 0 1 5288 5290
1372 5261 0 1 0 5262
1373 5195 0 8 0 5203
1374 0 0 0 5238 5238
1375 24 0 5138 0 5162
1376 0 5115 0 4 5119
1377 5152 1 0 7 5160
1378 5129 0 0 1 5130
1379 5135 0 0 10 5145
1380 0 0 5139 0 5139
1381 1 0 5063 0 5064
1382 5012 1 0 0 5013
1383 0 1 0 5051 5052
1384 0 0 5121 0 5121
1385 5094 0 0 1 5095
1386 5145 0 1 9 5155
1387 1 0 5247 3 5251
1388 5245 0 1 1 5247
1389 5259 0 0 0 5259
1390 5240 1 0 1 5242
1391 0 5279 0 0 5279
1392 5249 2 1 0 5252
1393 0 0 0 5292 5292
1394 0 0 5281 0 5281
1395 0 0 0 5165 5165
1396 5220 1 0 0 5221
1397 0 0 1 5272 5273
1398 0 0 5229 0 5229
1399 0 0 5220 0 5220
1400 5078 1 0 0 5079
1401 5166 0 0 0 5166
1402 0 0 5172 5 5177
1403 0 0 5315 0 5315
1404 5368 0 0 0 5368
1405 5416 0 1 0 5417
1406 4 0 0 5489 5493
1407 5534 0 1 0 5535
1408 5524 0 0 1 5525
1409 5501 0 0 0 5501
1410 1 5664 0 1 5666
1411 1 0 5602 10 5613
1412 5510 0 0 0 5510
1413 0 5633 0 0 5633
1414 0 5 0 5660 5665
1415 0 0 0 5663 5663
1416 0 0 0 5680 5680
1417 0 0 1 5690 5691
1418 5674 0 0 0 5674
1419 0 5625 0 0 5625
1420 0 5660 1 5 5666
1421 0 0 5647 0 5647
1422 5658 0 0 0 5658
1423 5615 2 2 0 5619
1424 0 5655 0 1 5656
1425 5697 0 0 0 5697
1426 0 1 1 5724 5726
1427 2 0 5711 0 5713
1428 1 0 0 5628 5629
1429 5747 0 0 0 5747
1430 5698 0 0 0 5698
1431 5662 0 0 0 5662
1432 0 0 1 5602 5603
1433 0 0 1 5687 5688
1434 5673 15 0 11 5699
1435 0 0 0 5701 5701
1436 0 0 0 5722 5722
1437 2 0 5695 2 5699
1438 1 0 5605 0 5606
1439 1 0 5591 0 5592
1440 5593 0 10 0 5603
1441 5677 0 4 0 5681
1442 0 1 0 5671 5672
1443 5702 0 3 0 5705
1444 5669 0 3 1 5673
1445 5712 0 0 0 5712
1446 0 5627 0 1 5628
1447 5687 0 0 0 5687
1448 1 0 1 5633 5635
1449 0 0 5555 0 5555
1450 5597 0 0 1 5598
1451 2 0 5584 2 5588
1452 2 5657 0 0 5659
1453 5777 1 0 0 5778
1454 5800 1 0 0 5801
1455 5776 1 3 0 5780
1456 5777 0 4 0 5781
1457 5828 1 1 0 5830
1458 0 0 5917 0 5917
1459 5900 0 2 0 5902
1460 5976 2 0 0 5978
1461 6009 0 0 0 6009
1462 5958 0 5 0 5963
1463 0 0 6045 0 6045
1464 0 0 1 5825 5826
1465 0 0 0 6047 6047
1466 6086 0 0 0 6086
1467 1 6172 0 0 6173
1468 1 0 0 6208 6209
1469 1 0 6205 0 6206
1470 0 0 0 6078 6078
1471 6159 0 3 0 6162
1472 6200 0 0 0 6200
1473 0 1 1 6257 6259
1474 2 0 6214 0 6216
1475 6123 1 0 0 6124
1476 0 0 6235 0 6235
1477 6156 0 0 1 6157
1478 0 6562 0 0 6562
1479 0 0 0 6702 6702
1480 5 0 6667 2 6674
1481 1 0 6724 7 6732
1482 6613 0 6 0 6619
1483 6695 1 0 0 6696
1484 0 0 0 6849 6849
1485 0 0 7004 0 7004
1486 0 0 1 6944 6945
1487 0 0 1 7105 7106
1488 0 0 1 7190 7191
1489 0 0 7231 0 7231
1490 7286 2 0 0 7288
1491 7230 5 0 0 7235
1492 0 6 0 7282 7288
1493 0 11 0 7319 7330
1494 9 5 0 7333 7347
1495 7286 0 0 1 7287
1496 0 7280 0 0 7280
1497 7280 0 0 1 7281
1498 7198 0 0 0 7198
1499 1 0 7160 1 7162
1500 3 7139 0 1 7143
1501 7209 0 2 0 7211
1502 0 1 0 7209 7210
1503 1 0 7223 0 7224
1504 3 1 0 7145 7149
1505 1 0 0 7159 7160
1506 1 7150 0 0 7151
1507 0 4 0 7200 7204
1508 7150 0 5 1 7156
1509 0 7197 0 0 7197
1510 7203 0 1 0 7204
1511 0 0 7265 0 7265
1512 7148 0 0 1 7149
1513 0 0 7260 0 7260
1514 7186 0 2 0 7188
1515 0 5 1 7300 7306
1516 7 1 7293 0 7301
1517 0 0 7230 0 7230
1518 7133 0 0 0 7133
1519 0 0 0 7439 7439
1520 1 1 14 7529 7545
1521 0 1 0 7579 7580
1522 1 0 7548 2 7551
1523 0 0 0 7342 7342
1524 7478 0 0 1 7479
1525 0 2 1 7470 7473
1526 1 7479 0 0 7480
1527 0 1 0 7470 7471
1528 7540 0 2 0 7542
1529 7459 1 1 0 7461
1530 0 0 5 7532 7537
1531 0 0 0 7533 7533
1532 1 0 2 7521 7524
1533 0 1 0 7534 7535
1534 0 1 7483 1 7485
1535 1 7403 0 1 7405
1536 7499 11 5 0 7515
1537 7452 0 0 8 7460
1538 0 0 0 7570 7570
1539 0 0 7587 0 7587
1540 0 0 7482 0 7482
1541 7513 0 1 0 7514
1542 7543 0 0 0 7543
1543 216 7331 0 1 7548
1544 0 4 1 7484 7489
1545 1 7451 0 0 7452
1546 0 7445 0 0 7445
1547 0 7480 0 1 7481
1548 0 0 0 7431 7431
1549 0 1 1 7420 7422
1550 4 7501 0 0 7505
1551 9 0 7573 0 7582
1552 1 3 1 7462 7467
1553 0 0 1 7537 7538
1554 0 8 0 7591 7599
1555 1 0 7454 2 7457
1556 5 0 7234 3 7242
1557 0 0 7252 1 7253
1558 5 0 7374 1 7380
1559 0 2 0 7318 7320
1560 0 1 0 7420 7421
1561 4 0 7426 1 7431
1562 4 7439 0 2 7445
1563 0 1 1 7650 7652
1564 0 0 7671 0 7671
1565 0 0 7623 0 7623
1566 7543 0 2 0 7545
1567 0 0 7642 0 7642
1568 1 6 0 7602 7609
1569 7775 0 0 0 7775
1570 7770 0 2 0 7772
1571 7796 0 0 0 7796
1572 0 2 0 7762 7764
1573 2 0 7770 4 7776
1574 7803 1 1 0 7805
1575 7694 0 2 6 7702
1576 0 2 0 7713 7715
1577 3 7761 0 0 7764
1578 7817 3 0 0 7820
1579 1 0 7783 1 7785
1580 2 7790 0 2 7794
1581 7927 0 0 0 7927
1582 1 0 7914 0 7915
1583 7842 0 0 3 7845
1584 0 7 0 7837 7844
1585 7931 0 1 5 7937
1586 0 0 0 7950 7950
1587 5 0 7926 0 7931
1588 2 0 7776 1 7779
1589 1 7796 0 1 7798
1590 7872 0 1 1 7874
1591 7849 1 1 1 7852
1592 1 2 0 7969 7972
1593 8018 0 7 0 8025
1594 2 0 8020 0 8022
1595 1 0 7952 0 7953
1596 7895 0 0 0 7895
1597 7980 1 0 4 7985
1598 3 0 0 8009 8012
1599 1 0 8000 0 8001
1600 7924 0 1 1 7926
1601 0 7978 0 1 7979
1602 8058 1 0 0 8059
1603 8007 1 1 0 8009
1604 0 1 0 8025 8026
1605 8142 0 2 0 8144
1606 8100 2 0 1 8103
1607 1 0 0 8218 8219
1608 8338 0 1 3 8342
1609 8317 0 0 0 8317
1610 8285 2 0 0 8287
1611 0 0 8277 5 8282
1612 8250 1 0 1 8252
1613 8252 0 0 4 8256
1614 0 8209 0 1 8210
1615 8345 0 3 0 8348
1616 8310 1 1 1 8313
1617 0 8290 0 0 8290
1618 8343 1 1 1 8346
1619 0 0 0 8258 8258
1620 1 0 8268 0 8269
1621 8213 0 2 2 8217
1622 1 1 1 8216 8219
1623 5 8445 2 3 8455
1624 8575 1 0 0 8576
1625 8510 0 5 1 8516
1626 0 8463 1 2 8466
1627 8567 0 1 1 8569
1628 8490 0 0 0 8490
1629 1 1 1 8443 8446
1630 1 0 8496 2 8499
1631 7 0 8387 0 8394
1632 7998 0 390 0 8388
1633 8423 7 0 2 8432
1634 0 2 1 8361 8364
1635 1 0 8300 0 8301
1636 1 0 8207 0 8208
1637 0 0 8175 0 8175
1638 1 7 0 8129 8137
1639 10 8111 0 0 8121
1640 0 8194 0 3 8197
1641 8247 0 10 0 8257
1642 7 0 8227 1 8235
1643 0 8242 0 2 8244
1644 8382 1 0 0 8383
1645 8333 1 0 0 8334
1646 2 8301 0 1 8304
1647 8356 1 1 0 8358
1648 0 0 8202 0 8202
1649 0 8147 0 0 8147
1650 8250 1 0 2 8253
1651 0 8330 0 0 8330
1652 8434 0 1 2 8437
1653 8342 0 0 0 8342
1654 8211 0 1 0 8212
1655 0 8202 0 11 8213
1656 8237 2 0 0 8239
1657 2 0 8028 2 8032
1658 0 7941 0 0 7941
1659 1 7892 0 3 7896
1660 7938 1 0 1 7940
1661 0 1 0 7845 7846
1662 7810 0 0 0 7810
1663 0 7827 0 3 7830
1664 7864 1 13 0 7878
1665 0 0 7800 0 7800
1666 0 7730 0 10 7740
1667 0 0 1 7739 7740
1668 7797 0 11 0 7808
1669 0 0 1 7702 7703
1670 0 1 0 7656 7657
1671 3 7635 1 0 7639
1672 7609 2 1 1 7613
1673 0 61 0 7457 7518
1674 7516 1 0 0 7517
1675 3 0 7411 1 7415
1676 0 7281 0 0 7281
1677 0 0 0 7322 7322
1678 2 0 7330 0 7332
1679 7290 0 0 0 7290
1680 0 0 18 7259 7277
1681 0 0 0 7307 7307
1682 7308 1 0 0 7309
1683 1 1 0 7242 7244
1684 7251 0 0 0 7251
1685 0 0 7237 1 7238
1686 7094 0 4 0 7098
1687 0 1 0 6975 6976
1688 6914 0 0 0 6914
1689 0 6851 0 2 6853
1690 6742 0 9 0 6751
1691 0 6758 0 0 6758
1692 2 6735 0 0 6737
1693 0 2 4 6676 6682
1694 6693 0 0 0 6693
1695 0 6733 0 1 6734
1696 6802 0 0 1 6803
1697 6758 0 0 0 6758
1698 6698 0 0 0 6698
1699 0 1 0 6575 6576
1700 4 1 6624 5 6634
1701 0 6514 0 0 6514
1702 2 6464 0 6 6472
1703 6488 0 0 0 6488
1704 3 6417 0 1 6421
1705 6427 0 7 0 6434
1706 19 0 6421 0 6440
1707 0 0 6348 0 6348
1708 0 0 6568 0 6568
1709 1 0 6614 0 6615
1710 6561 0 21 14 6596
1711 0 1 6615 0 6616
1712 6595 1 0 1 6597
1713 0 2 0 6588 6590
1714 0 0 1 6580 6581
1715 0 6499 0 0 6499
1716 1 6591 0 0 6592
1717 6618 1 2 0 6621
1718 6535 0 0 0 6535
1719 6482 0 0 0 6482
1720 0 0 6578 0 6578
1721 0 0 0 6093 6093
1722 6448 0 4 2 6454
1723 0 0 6529 0 6529
1724 6454 0 1 0 6455
1725 6474 0 0 0 6474
1726 0 0 6457 0 6457
1727 0 0 6425 2 6427
1728 6380 0 0 0 6380
1729 6415 0 0 0 6415
1730 6436 0 3 1 6440
1731 15 0 6360 0 6375
1732 6407 0 0 1 6408
1733 0 0 6405 0 6405
1734 6424 0 0 0 6424
1735 6414 2 1 1 6418
1736 0 0 2 6449 6451
1737 1 0 6432 0 6433
1738 6386 0 2 0 6388
1739 6449 0 2 0 6451
1740 6488 0 2 1 6491
1741 6471 1 1 0 6473
1742 0 0 1 6363 6364
1743 1 6445 0 0 6446
1744 6546 0 0 0 6546
1745 0 1 1 6491 6493
1746 6524 0 0 0 6524
1747 6495 0 1 0 6496
1748 6450 0 1 0 6451
1749 0 0 6424 0 6424
1750 3 0 6331 3 6337
1751 6304 0 0 0 6304
1752 0 0 6413 0 6413
1753 1 3 0 6211 6215
1754 0 0 0 6270 6270
1755 6340 0 0 13 6353
1756 1 0 0 6330 6331
1757 0 0 6353 0 6353
1758 1 0 6438 0 6439
1759 1 0 6490 0 6491
1760 6693 1 15 0 6709
1761 6835 0 0 0 6835
1762 6852 0 2 0 6854
1763 6760 33 0 0 6793
1764 2 6839 9 0 6850
1765 6814 0 1 3 6818
1766 0 6873 0 0 6873
1767 0 20 1 6872 6893
1768 6942 0 0 0 6942
1769 6883 1 0 0 6884
1770 6891 1 0 0 6892
1771 0 0 7030 0 7030
1772 0 0 6965 0 6965
1773 7010 1 0 2 7013
1774 7072 0 3 0 7075
1775 0 0 7151 1 7152
1776 7066 0 0 6 7072
1777 0 0 7147 0 7147
1778 7126 0 1 0 7127
1779 0 0 0 7147 7147
1780 1 0 7106 0 7107
1781 0 0 7108 0 7108
1782 0 1 1 6858 6860
1783 0 7128 0 0 7128
1784 0 32 0 7257 7289
1785 7284 0 1 0 7285
1786 0 1 2 7324 7327
1787 0 6 1 7306 7313
1788 7296 0 0 0 7296
1789 0 0 7223 0 7223
1790 1 4 1 6931 6937
1791 7205 0 0 0 7205
1792 279 0 6834 0 7113
1793 0 7189 0 1 7190
1794 7289 0 1 1 7291
1795 14 0 7269 0 7283
1796 7205 1 0 0 7206
1797 0 1 0 7277 7278
1798 8 4 7179 0 7191
1799 1 0 7154 13 7168
1800 0 11 0 6893 6904
1801 0 0 7158 0 7158
1802 1 0 7079 6 7086
1803 2 0 7106 1 7109
1804 0 7063 0 2 7065
1805 1 7190 0 0 7191
1806 4 7610 0 0 7614
1807 7783 1 2 1 7787
1808 7692 3 0 5 7700
1809 0 7847 0 1 7848
1810 7878 0 0 0 7878
1811 1 2 0 7879 7882
1812 0 7 0 7953 7960
1813 0 7 0 7980 7987
1814 7876 1 0 3 7880
1815 0 7987 0 2 7989
1816 8064 1 0 0 8065
1817 8062 1 1 0 8064
1818 3 35 1 8010 8049
1819 0 1 1 8089 8091
1820 0 1 1 8194 8196
1821 4 0 8164 1 8169
1822 8150 0 2 0 8152
1823 0 0 8208 0 8208
1824 8111 1 2 0 8114
1825 8055 0 0 0 8055
1826 8015 0 2 0 8017
1827 3 8183 0 0 8186
1828 2 0 0 8057 8059
1829 1 1 0 8135 8137
1830 1 0 8059 1 8061
1831 2 8016 0 5 8023
1832 8062 0 0 0 8062
1833 0 0 1 8040 8041
1834 8038 1 7 0 8046
1835 0 0 2 7835 7837
1836 0 7916 0 8 7924
1837 1 7896 0 0 7897
1838 1 7931 0 3 7935
1839 7928 3 16 0 7947
1840 0 0 7924 7 7931
1841 7778 0 9 0 7787
1842 7813 1 2 1 7817
1843 7827 3 0 0 7830
1844 0 1 1 7817 7819
1845 7846 1 1 0 7848
1846 0 0 7838 1 7839
1847 3 243 0 7245 7491
1848 7816 1 0 0 7817
1849 0 0 0 7928 7928
1850 0 0 1 7983 7984
1851 1 1 7891 0 7893
1852 7831 0 1 1 7833
1853 7880 1 1 0 7882
1854 0 0 7934 0 7934
1855 2 0 1 7665 7668
1856 7870 1 0 0 7871
1857 0 0 0 7900 7900
1858 7899 1 1 0 7901
1859 7795 0 0 3 7798
1860 0 0 8 7723 7731
1861 0 7701 0 1 7702
1862 0 0 0 7722 7722
1863 7796 1 1 1 7799
1864 7626 0 2 1 7629
1865 0 0 0 7662 7662
1866 0 0 7527 0 7527
1867 2 0 7346 0 7348
1868 7399 0 0 0 7399
1869 1 7444 0 7 7452
1870 1 7410 2 0 7413
1871 1 7560 0 3 7564
1872 7 1 0 7626 7634
1873 0 1 7602 0 7603
1874 7562 1 2 0 7565
1875 7607 0 0 0 7607
1876 0 0 0 7622 7622
1877 7596 0 0 2 7598
1878 0 7625 0 6 7631
1879 7636 1 3 0 7640
1880 7582 2 1 0 7585
1881 7485 0 17 0 7502
1882 6 0 7393 0 7399
1883 12 1 7312 0 7325
1884 0 0 7279 0 7279
1885 0 7397 0 1 7398
1886 0 1 7493 1 7495
1887 0 0 7692 2 7694
1888 1 1 0 7360 7362
1889 0 0 0 7623 7623
1890 7714 0 0 18 7732
1891 0 7939 0 1 7940
1892 0 0 1 8064 8065
1893 3 2 1 8095 8101
1894 3 8088 0 2 8093
1895 8165 0 0 0 8165
1896 0 2 0 8079 8081
1897 1 8098 0 52 8151
1898 0 8323 0 0 8323
1899 0 10 0 8294 8304
1900 0 8352 0 0 8352
1901 8469 1 3 0 8473
1902 8367 0 23 0 8390
1903 8385 0 0 0 8385
1904 8349 0 0 0 8349
1905 0 0 0 8286 8286
1906 0 8219 0 1 8220
1907 1 8160 0 0 8161
1908 1 8263 0 1 8265
1909 0 1 1 8194 8196
1910 0 0 0 8215 8215
1911 0 1 0 8237 8238
1912 5 0 8139 0 8144
1913 8 1 0 8066 8075
1914 3 0 8144 7 8154
1915 1 0 8269 0 8270
1916 0 0 8262 0 8262
1917 8271 0 1 0 8272
1918 1 8396 0 0 8397
1919 8433 0 1 0 8434
1920 8 1 0 8423 8432
1921 15 1 0 8518 8534
1922 0 10 0 8542 8552
1923 0 0 8535 0 8535
1924 0 0 0 8458 8458
1925 0 8499 0 0 8499
1926 0 2 0 8618 8620
1927 6821 0 1711 2 8534
1928 0 0 1 8563 8564
1929 0 0 1 8706 8707
1930 12 0 8582 0 8594
1931 8434 4 5 0 8443
1932 2 0 8471 91 8564
1933 0 0 8528 0 8528
1934 1 0 8542 2 8545
1935 31 8658 0 1 8690
1936 8768 0 0 0 8768
1937 0 4 0 8812 8816
1938 0 8841 0 0 8841
1939 8886 0 4 2 8892
1940 8844 0 0 1 8845
1941 8782 1 1 0 8784
1942 1 0 8775 0 8776
1943 8671 0 1 0 8672
1944 0 0 9144 17 9161
1945 0 0 8998 1 8999
1946 0 9132 2 4 9138
1947 9167 0 1 0 9168
1948 1 0 9092 0 9093
1949 9178 0 0 0 9178
1950 0 9313 0 1 9314
1951 9274 0 0 0 9274
1952 0 1 2 9326 9329
1953 9258 2 0 0 9260
1954 9166 0 1 0 9167
1955 0 9223 0 6 9229
1956 0 0 1 9082 9083
1957 7 9256 0 2 9265
1958 4 9311 0 1 9316
1959 9306 0 0 0 9306
1960 2 0 9135 0 9137
1961 0 9297 1 0 9298
1962 9364 1 2 0 9367
1963 2 9333 0 0 9335
1964 9380 0 1 2 9383
1965 0 1 0 9352 9353
1966 1 0 9158 7 9166
1967 2 0 9099 1 9102
1968 0 2 1 9056 9059
1969 0 9104 3 0 9107
1970 1 9252 0 1 9254
1971 9217 0 3 0 9220
1972 0 0 9346 0 9346
1973 1 0 0 9139 9140
1974 7448 27 1823 0 9298
1975 9325 1 1 0 9327
1976 9328 1 7 0 9336
1977 0 0 9373 0 9373
1978 9289 1 0 0 9290
1979 9402 2 0 1 9405
1980 9386 2 3 0 9391
1981 9295 0 0 0 9295
1982 0 0 0 9177 9177
1983 2 0 9093 0 9095
1984 30 0 8957 0 8987
1985 9058 2 0 0 9060
1986 0 9162 0 5 9167
1987 1 0 0 9180 9181
1988 9215 0 2 0 9217
1989 2 9274 0 1 9277
1990 1 0 9305 0 9306
1991 9296 0 1 0 9297
1992 0 0 0 9107 9107
1993 1 0 9048 1 9050
1994 1 9321 0 8 9330
1995 8 0 9388 0 9396
1996 1 0 9391 8 9400
1997 0 28 0 8697 8725
1998 3 0 9093 22 9118
1999 0 0 0 9339 9339
2000 0 9679 0 5 9684
2001 0 0 0 9856 9856
2002 1 0 10001 0 10002
2003 7 0 9900 12 9919
2004 9890 1 19 0 9910
2005 10045 0 1 0 10046
2006 0 10136 0 0 10136
2007 0 0 0 10124 10124
2008 0 10171 0 0 10171
2009 10176 2 1 0 10179
2010 1 37 0 10103 10141
2011 10051 2 0 0 10053
2012 0 0 10174 0 10174
2013 0 0 0 9828 9828
2014 0 4 1 10106 10111
2015 0 0 10115 0 10115
2016 1 0 9934 0 9935
2017 9925 1 1 1 9928
2018 1 0 9928 0 9929
2019 9874 0 0 1 9875
2020 9928 0 1 0 9929
2021 0 9894 0 0 9894
2022 4 9865 5 1 9875
2023 9981 1 2 0 9984
2024 9973 0 0 0 9973
2025 9964 1 16 0 9981
2026 10056 0 0 0 10056
2027 1 0 9899 0 9900
2028 9962 0 1 2 9965
2029 10081 0 2 0 10083
2030 10097 8 1 5 10111
2031 1 10125 0 1 10127
2032 10118 0 2 0 10120
2033 0 0 10014 0 10014
2034 9885 0 1 0 9886
2035 0 0 0 9774 9774
2036 0 10022 0 1 10023
2037 1 2 1 9974 9978
2038 10012 0 1 0 10013
2039 1 0 2 9946 9949
2040 9930 0 0 0 9930
2041 2 10012 0 2 10016
2042 0 1 0 10162 10163
2043 10149 0 0 0 10149
2044 9997 0 4 0 10001
2045 9954 1 1 1 9957
2046 1 10051 0 1 10053
2047 9931 1 0 8 9940
2048 7 10087 0 2 10096
2049 0 1 0 10022 10023
2050 2 0 9975 0 9977
2051 9862 0 0 1 9863
2052 0 0 0 9972 9972
2053 0 10070 0 1 10071
2054 10031 0 0 1 10032
2055 0 0 9956 0 9956
2056 9851 0 4 0 9855
2057 1 0 9929 1 9931
2058 2 0 9859 0 9861
2059 9946 0 0 0 9946
2060 9986 0 16 1 10003
2061 0 10088 0 0 10088
2062 10188 0 0 0 10188
2063 1 1 0 10121 10123
2064 1 0 10112 0 10113
2065 10005 0 4 0 10009
2066 1 0 0 9957 9958
2067 1 0 0 10032 10033
2068 0 10043 0 3 10046
2069 0 0 0 10097 10097
2070 0 7 0 10168 10175
2071 2 0 10027 0 10029
2072 9951 0 2 0 9953
2073 2 5 9921 1 9929
2074 0 1 9891 3 9895
2075 9930 0 0 1 9931
2076 9958 0 0 0 9958
2077 0 9927 0 3 9930
2078 10096 0 0 0 10096
2079 10071 0 1 0 10072
2080 0 1 0 10016 10017
2081 6 0 9873 0 9879
2082 0 9845 0 0 9845
2083 1 0 0 9892 9893
2084 9890 0 1 1 9892
2085 0 9901 0 0 9901
2086 1 0 9977 0 9978
2087 1 9990 0 6 9997
2088 0 4 0 10149 10153
2089 10210 0 4 0 10214
2090 10157 0 0 0 10157
2091 10128 9 0 1 10138
2092 1 0 0 10161 10162
2093 1 0 10127 0 10128
2094 0 1 3 10098 10102
2095 3 0 1 10258 10262
2096 3 0 10247 0 10250
2097 0 10093 0 3 10096
2098 10292 0 1 0 10293
2099 10030 0 4 2 10036
2100 0 10081 0 0 10081
2101 0 10057 0 0 10057
2102 0 1 9 10185 10195
2103 10114 2 1 0 10117
2104 0 0 0 10163 10163
2105 1 8 0 10494 10503
2106 0 0 0 10491 10491
2107 1 0 10239 0 10240
2108 10163 0 1 0 10164
2109 1 0 10046 9 10056
2110 2 0 9952 0 9954
2111 6 9758 1 5 9770
2112 1 9978 2 0 9981
2113 0 0 0 10353 10353
2114 23 0 10319 2 10344
2115 1 2 0 10167 10170
2116 0 0 1 10267 10268
2117 0 0 0 10316 10316
2118 1 1 0 10354 10356
2119 10332 2 5 1 10340
2120 10204 1 11 2 10218
2121 0 10162 0 3 10165
2122 10169 0 2 1 10172
2123 1 0 10003 1 10005
2124 1 74 1 9534 9610
2125 2 0 9762 1 9765
2126 0 9831 0 0 9831
2127 9915 0 0 0 9915
2128 1 0 7 9859 9867
2129 9 10412 4 1 10426
2130 10439 0 2 1 10442
2131 0 1 0 10423 10424
2132 10404 0 5 2 10411
2133 1 10433 0 2 10436
2134 10439 0 1 0 10440
2135 0 0 10405 0 10405
2136 0 0 10129 0 10129
2137 10221 0 2 1 10224
2138 10229 0 2 0 10231
2139 0 0 10079 0 10079
2140 0 9914 0 2 9916
2141 1 10066 0 2 10069
2142 10318 0 1 0 10319
2143 1 0 10234 0 10235
2144 0 2 0 9810 9812
2145 0 0 9847 2 9849
2146 1 2 9749 0 9752
2147 0 0 9771 0 9771
2148 0 0 0 9760 9760
2149 5 9744 0 0 9749
2150 9957 1 4 1 9963
2151 9865 0 0 0 9865
2152 0 9957 0 0 9957
2153 9970 1 1 1 9973
2154 0 2 0 9886 9888
2155 9814 0 78 0 9892
2156 2 0 9866 1 9869
2157 0 9844 1 3 9848
2158 9881 0 0 1 9882
2159 1 0 0 9840 9841
2160 2 1 9791 0 9794
2161 0 9666 0 1 9667
2162 0 1 0 9818 9819
2163 0 11 0 9854 9865
2164 0 0 9722 0 9722
2165 9746 0 2 0 9748
2166 0 0 9564 17 9581
2167 0 0 9429 1 9430
2168 6 9331 0 0 9337
2169 0 0 0 9511 9511
2170 9508 0 1 0 9509
2171 0 0 0 9399 9399
2172 2 0 9251 0 9253
2173 2 0 9055 0 9057
2174 2 8769 0 1 8772
2175 1 8699 0 6 8706
2176 4 8916 0 0 8920
2177 9066 0 1 4 9071
2178 4 9053 0 0 9057
2179 9141 0 0 0 9141
2180 2 0 9163 0 9165
2181 8978 0 1 2 8981
2182 0 2 0 9026 9028
2183 0 0 0 9058 9058
2184 9097 0 1 1 9099
2185 9004 0 1 0 9005
2186 0 0 8903 0 8903
2187 8821 0 0 0 8821
2188 8719 0 0 0 8719
2189 1 0 0 8608 8609
2190 0 0 8662 1 8663
2191 1 0 8669 1 8671
2192 8622 0 0 0 8622
2193 1 9 0 8510 8520
2194 0 2 8454 13 8469
2195 0 8345 0 4 8349
2196 8394 0 4 1 8399
2197 0 8465 0 6 8471
2198 26 2 8495 0 8523
2199 8376 1 2 1 8380
2200 1 0 0 8345 8346
2201 0 1 0 8336 8337
2202 7476 0 876 0 8352
2203 0 0 8290 0 8290
2204 8250 0 0 0 8250
2205 1 0 1 8193 8195
2206 0 0 1 8235 8236
2207 8254 0 0 0 8254
2208 1 1 0 8209 8211
2209 3 0 8206 0 8209
2210 8050 0 1 0 8051
2211 7986 0 1 1 7988
2212 0 12 1 7792 7805
2213 0 7905 0 0 7905
2214 7882 0 1 2 7885
2215 3 0 7975 6 7984
2216 0 0 7900 0 7900
2217 18 0 7882 3 7903
2218 7698 0 3 0 7701
2219 63 0 7836 0 7899
2220 7888 0 0 0 7888
2221 7892 0 0 0 7892
2222 0 4 0 7842 7846
2223 20 0 7889 0 7909
2224 2 1 0 7660 7663
2225 0 7734 0 2 7736
2226 7809 1 0 0 7810
2227 7769 0 0 0 7769
2228 7795 0 9 0 7804
2229 25 0 7790 0 7815
2230 0 0 7698 0 7698
2231 7748 0 1 1 7750
2232 0 0 0 7742 7742
2233 3 0 7781 1 7785
2234 7753 0 0 0 7753
2235 0 0 0 7631 7631
2236 0 0 0 7674 7674
2237 0 0 0 7667 7667
2238 0 0 0 7759 7759
2239 1 0 7732 0 7733
2240 7538 2 1 0 7541
2241 1 0 7559 1 7561
2242 7493 0 1 0 7494
2243 7488 1 0 0 7489
2244 7388 0 0 0 7388
2245 1 0 7270 4 7275
2246 1 7119 0 2 7122
2247 7261 0 1 0 7262
2248 7120 0 11 0 7131
2249 0 0 1 7200 7201
2250 0 0 7116 0 7116
2251 2 0 7026 0 7028
2252 0 6776 0 3 6779
2253 1 2 0 6796 6799
2254 1 6767 0 0 6768
2255 6371 1 0 1 6373
2256 1 6828 0 0 6829
2257 1 6870 0 0 6871
2258 1 2 0 6856 6859
2259 1 0 0 6955 6956
2260 0 0 6907 1 6908
2261 0 0 6887 1 6888
2262 0 0 1 6587 6588
2263 1 0 6819 3 6823
2264 6712 0 7 1 6720
2265 0 0 6920 0 6920
2266 6811 0 0 0 6811
2267 0 0 0 6841 6841
2268 0 0 0 6885 6885
2269 2 0 6833 1 6836
2270 0 0 6764 1 6765
2271 44 0 6746 1 6791
2272 0 1 0 6591 6592
2273 6593 1 1 0 6595
2274 1 6558 0 0 6559
2275 6698 0 1 0 6699
2276 0 0 1 6606 6607
2277 6662 0 20 0 6682
2278 0 0 1 6588 6589
2279 6644 1 0 0 6645
2280 6583 0 0 0 6583
2281 31 0 6416 2 6449
2282 0 6179 0 0 6179
2283 0 2 2 6104 6108
2284 1 0 0 6076 6077
2285 1 6246 0 3 6250
2286 0 0 6260 0 6260
2287 6178 0 0 0 6178
2288 6177 0 0 0 6177
2289 11 0 6109 1 6121
2290 6010 0 1 0 6011
2291 0 0 0 6013 6013
2292 0 0 6069 0 6069
2293 0 0 0 5796 5796
2294 0 2 0 5908 5910
2295 0 0 0 6055 6055
2296 5932 1 5 0 5938
2297 7 0 1 5726 5734
2298 0 0 5649 0 5649
2299 1 0 5565 0 5566
2300 7 0 5453 0 5460
2301 0 0 5503 1 5504
2302 1 0 1 5495 5497
2303 0 0 1 5482 5483
2304 5475 0 0 1 5476
2305 0 0 0 5320 5320
2306 0 2 0 5394 5396
2307 0 0 5238 0 5238
2308 2 0 4991 0 4993
2309 0 0 0 4846 4846
2310 0 4757 0 1 4758
2311 4812 0 0 0 4812
2312 0 0 1 4660 4661
2313 3 4641 0 1 4645
2314 4608 0 0 0 4608
2315 0 0 0 4472 4472
2316 0 0 0 4378 4378
2317 0 0 4322 0 4322
2318 4228 0 1 0 4229
2319 4133 0 0 0 4133
2320 0 0 1 4073 4074
2321 3881 0 0 0 3881
2322 0 3959 0 4 3963
2323 3940 0 0 0 3940
2324 2 0 0 3879 3881
2325 1 0 3814 0 3815
2326 6 3613 1 4 3624
2327 1 0 3669 0 3670
2328 3465 0 0 0 3465
2329 0 0 0 3426 3426
2330 3289 0 0 0 3289
2331 1 3310 0 1 3312
2332 3263 0 1 0 3264
2333 0 3359 0 2 3361
2334 3391 0 0 0 3391
2335 3298 0 0 0 3298
2336 3299 0 0 0 3299
2337 0 0 1 3098 3099
2338 5 0 2979 0 2984
2339 2932 0 0 0 2932
2340 0 0 0 2870 2870
2341 0 1 0 2889 2890
2342 2839 0 0 0 2839
2343 2748 0 0 0 2748
2344 2715 0 0 0 2715
2345 2687 0 0 0 2687
2346 0 0 0 2362 2362
2347 0 0 1971 0 1971
2348 1957 0 0 0 1957
2349 1954 0 0 0 1954
2350 1918 0 0 0 1918
2351 1735 0 0 0 1735
2352 1575 0 0 0 1575
2353 1493 0 0 0 1493
2354 32 0 1328 0 1360
2355 0 0 320 0 320
2356 0 294 0 0 294
2357 0 0 0 276 276
2358 0 284 0 0 284
2359 0 0 266 0 266
2360 3 0 0 205 208
2361 0 0 214 0 214
2362 0 0 0 196 196
2363 0 0 0 193 193
2364 0 0 0 188 188
2365 0 151 0 0 151
2366 0 0 0 141 141
2367 34 0 0 0 34
2368 0 38 0 0 38
2369 0 0 0 35 35
2370 0 0 0 36 36
