0 0 0 0 0 0
1 13 0 0 0 13
2 0 0 53 0 53
3 0 50 0 0 50
4 53 0 0 0 53
5 0 0 52 0 52
6 55 0 0 0 55
7 56 0 0 6 62
8 26 0 45 0 71
9 0 127 0 0 127
10 0 21 186 9 216
11 0 11 269 0 280
12 224 40 31 5 300
13 5 0 355 4 364
14 0 375 0 0 375
15 0 770 0 5 775
16 1 1 0 989 991
17 0 0 0 1031 1031
18 0 2 0 1057 1059
19 1081 0 0 0 1081
20 1073 0 0 0 1073
21 8 0 1341 0 1349
22 1357 0 0 14 1371
23 0 1 0 1602 1603
24 0 0 1669 0 1669
25 1679 0 2 0 1681
26 1717 0 0 0 1717
27 0 33 0 1976 2009
28 2161 0 1 0 2162
29 0 0 0 2380 2380
30 2384 0 0 0 2384
31 2413 0 1 0 2414
32 2424 1 0 0 2425
33 0 0 0 2516 2516
34 0 2573 0 0 2573
35 0 3180 0 0 3180
36 1 1 0 3278 3280
37 0 0 0 3609 3609
38 3919 1 0 0 3920
39 0 32 0 4134 4166
40 4 0 0 4401 4405
41 0 0 0 4446 4446
42 0 0 0 4508 4508
43 0 4586 0 0 4586
44 0 0 0 4595 4595
45 0 4640 0 17 4657
46 1 62 0 4582 4645
47 0 0 0 4692 4692
48 0 4779 0 7 4786
49 4795 0 0 0 4795
50 0 0 0 4856 4856
51 4832 0 5 0 4837
52 0 0 4865 0 4865
53 4842 0 0 0 4842
54 1 0 0 4867 4868
55 4 0 4864 0 4868
56 0 7 1 4823 4831
57 4 0 4839 0 4843
58 0 4962 0 11 4973
59 0 4997 1 0 4998
60 2 5032 0 16 5050
61 23 0 5082 0 5105
62 0 4 0 5016 5020
63 5089 0 7 1 5097
64 0 5225 0 0 5225
65 5183 0 0 0 5183
66 1 0 5190 0 5191
67 0 0 5117 0 5117
68 0 5233 0 2 5235
69 5339 0 3 4 5346
70 3 0 5406 1 5410
71 0 5440 0 2 5442
72 5528 0 4 6 5538
73 5554 0 11 2 5567
74 0 14 0 5588 5602
75 0 0 0 5631 5631
76 1 0 0 5607 5608
77 1 5661 0 0 5662
78 5653 0 1 0 5654
79 5679 0 0 0 5679
80 0 5702 0 0 5702
81 5716 1 0 0 5717
82 5602 1 0 12 5615
83 6 5672 0 1 5679
84 5634 1 0 0 5635
85 0 1 0 5676 5677
86 0 1 0 5634 5635
87 4 5682 0 9 5695
88 2 5671 0 0 5673
89 2 5725 0 0 5727
90 5736 1 8 0 5745
91 4 5 0 5752 5761
92 5728 0 5 0 5733
93 0 5783 0 0 5783
94 5726 1 0 0 5727
95 0 5806 0 0 5806
96 0 2 0 5795 5797
97 1 0 5806 0 5807
98 0 0 5749 0 5749
99 2 0 0 5768 5770
100 0 0 5928 1 5929
101 0 3 0 5911 5914
102 0 9 0 5918 5927
103 0 5979 0 2 5981
104 0 5980 0 1 5981
105 0 5975 0 4 5979
106 2 5978 0 3 5983
107 0 5993 0 43 6036
108 0 16 0 5994 6010
109 0 0 0 6025 6025
110 5980 2 3 1 5986
111 0 6 4 6026 6036
112 0 5 0 5974 5979
113 0 6009 0 0 6009
114 3 5983 0 23 6009
115 0 6060 0 0 6060
116 6049 0 1 1 6051
117 0 0 0 5984 5984
118 1 0 5992 0 5993
119 0 0 5930 0 5930
120 5925 0 0 0 5925
121 6027 0 0 0 6027
122 8 6113 0 1 6122
123 6079 0 0 0 6079
124 0 0 6188 0 6188
125 1 0 6156 0 6157
126 6176 0 1 1 6178
127 6287 0 14 1 6302
128 1 6298 0 0 6299
129 6302 0 4 1 6307
130 0 0 6303 0 6303
131 0 0 6268 0 6268
132 1 94 0 6110 6205
133 0 1 0 6373 6374
134 6374 0 18 0 6392
135 10 6390 0 1 6401
136 6421 0 1 1 6423
137 8 6426 0 4 6438
138 6459 17 0 0 6476
139 6430 0 0 2 6432
140 1 2 0 6536 6539
141 6593 0 3 0 6596
142 3 0 6570 0 6573
143 6544 1 0 1 6546
144 24 6556 1 14 6595
145 6580 0 1 0 6581
146 1 6669 0 0 6670
147 13 0 0 6592 6605
148 2 0 6675 0 6677
149 0 1 2 6560 6563
150 4 0 6641 7 6652
151 6673 0 1 0 6674
152 0 3 0 6760 6763
153 0 6788 0 29 6817
154 6851 0 0 1 6852
155 1 0 6866 0 6867
156 6854 1 0 0 6855
157 6907 0 4 1 6912
158 0 7008 0 1 7009
159 0 0 6957 0 6957
160 3 6990 0 1 6994
161 6928 0 0 0 6928
162 0 22 0 6957 6979
163 25 0 6946 10 6981
164 6994 0 0 5 6999
165 21 0 6964 0 6985
166 0 0 1 6930 6931
167 7037 0 4 1 7042
168 0 7205 0 1 7206
169 0 1 0 7169 7170
170 0 7230 0 8 7238
171 7261 0 1 0 7262
172 7224 1 0 0 7225
173 7198 3 5 0 7206
174 112 7141 0 0 7253
175 7252 0 1 0 7253
176 7187 11 1 4 7203
177 0 0 7240 0 7240
178 1 0 7246 0 7247
179 1 0 7364 0 7365
180 1 0 7491 0 7492
181 7636 0 1 0 7637
182 7736 0 0 0 7736
183 7723 8 1 0 7732
184 0 7731 0 0 7731
185 7743 0 0 22 7765
186 0 0 7767 4 7771
187 0 270 0 7343 7613
188 7751 0 6 0 7757
189 0 7577 0 240 7817
190 7791 0 3 13 7807
191 0 1 0 7896 7897
192 0 276 0 7631 7907
193 2 0 0 7995 7997
194 0 8038 0 2 8040
195 6 22 5 8073 8106
196 1 0 8079 0 8080
197 7949 0 50 0 7999
198 0 2 0 8023 8025
199 15 0 8010 0 8025
200 1 0 0 7961 7962
201 0 0 0 8057 8057
202 8098 1 0 0 8099
203 1 8040 0 21 8062
204 8098 0 0 0 8098
205 1 0 8030 3 8034
206 0 0 7906 0 7906
207 7946 2 7 1 7956
208 0 0 0 8044 8044
209 1 0 8132 1 8134
210 0 8158 0 3 8161
211 8219 0 0 0 8219
212 0 8278 0 1 8279
213 8287 0 0 0 8287
214 8251 0 0 0 8251
215 0 1 1 8534 8536
216 1 9 8659 10 8679
217 4 5 8724 0 8733
218 2 3 0 8368 8373
219 1 0 8679 11 8691
220 1 0 8764 0 8765
221 8798 0 1 1 8800
222 0 0 0 8785 8785
223 0 8870 0 1 8871
224 0 9028 0 0 9028
225 9121 2 2 0 9125
226 9143 0 0 0 9143
227 4 9168 10 15 9197
228 9282 0 0 1 9283
229 9205 0 1 0 9206
230 9183 0 0 1 9184
231 0 14 0 9036 9050
232 0 0 9031 2 9033
233 0 0 8885 8 8893
234 9076 0 4 2 9082
235 0 9177 0 1 9178
236 0 9222 0 0 9222
237 9294 0 0 0 9294
238 1 28 0 9261 9290
239 0 0 0 9258 9258
240 9180 0 5 0 9185
241 0 9392 0 5 9397
242 1 9369 0 1 9371
243 15 9525 0 1 9541
244 4 0 9561 2 9567
245 9382 0 8 0 9390
246 9512 0 1 0 9513
247 1 0 9592 0 9593
248 9607 0 3 0 9610
249 0 1 0 9661 9662
250 9699 0 28 0 9727
251 9684 0 0 0 9684
252 0 1 0 9736 9737
253 0 7 9616 0 9623
254 9620 2 0 8 9630
255 754 0 8750 14 9518
256 4 9552 0 15 9571
257 0 9658 0 0 9658
258 18 0 9654 0 9672
259 9557 0 9 5 9571
260 0 0 9586 0 9586
261 0 7 0 9194 9201
262 0 0 9436 0 9436
263 0 9427 1 5 9433
264 0 9563 0 2 9565
265 0 1 0 9579 9580
266 9556 0 1 1 9558
267 0 5 0 9462 9467
268 2 0 9483 0 9485
269 3 9445 0 9 9457
270 9407 0 1 0 9408
271 1 9445 1 0 9447
272 9524 0 0 2 9526
273 9506 0 21 4 9531
274 2 0 0 9601 9603
275 0 3 0 9640 9643
276 9567 0 2 1 9570
277 1 0 9491 0 9492
278 9457 0 1 1 9459
279 0 589 0 8939 9528
280 1 1 0 9631 9633
281 0 0 9520 0 9520
282 0 9430 0 22 9452
283 5 0 9536 0 9541
284 0 0 0 9261 9261
285 6 9209 0 17 9232
286 0 146 0 9162 9308
287 0 0 0 9437 9437
288 9254 1 0 25 9280
289 0 1 9404 0 9405
290 9071 1 0 0 9072
291 0 0 9355 0 9355
292 2 0 9306 0 9308
293 1 9268 0 0 9269
294 0 0 0 9363 9363
295 0 0 0 9396 9396
296 0 9 0 9457 9466
297 9258 0 57 2 9317
298 0 0 9346 0 9346
299 9312 0 0 0 9312
300 0 6 0 9308 9314
301 9371 0 2 0 9373
302 77 0 9206 1 9284
303 9346 0 1 1 9348
304 9229 0 5 0 9234
305 1 1 0 9256 9258
306 2 0 9280 0 9282
307 0 0 9347 0 9347
308 9273 0 0 1 9274
309 0 1 0 9377 9378
310 0 0 9307 0 9307
311 9335 0 3 0 9338
312 9654 0 1 0 9655
313 1 0 9692 0 9693
314 9666 1 0 0 9667
315 9523 0 7 0 9530
316 0 9563 0 1 9564
317 9266 0 2 1 9269
318 0 9713 0 13 9726
319 0 9680 3 7 9690
320 0 9712 0 4 9716
321 9736 0 2 0 9738
322 9 1 9679 3 9692
323 5 0 9716 2 9723
324 1 0 0 9491 9492
325 15 9803 0 3 9821
326 0 4 0 9921 9925
327 0 26 1 10012 10039
328 1 3 0 10099 10103
329 0 1 0 10003 10004
330 0 11 0 9956 9967
331 0 9960 0 7 9967
332 9931 0 1 2 9934
333 9940 1 2 0 9943
334 1 0 9757 1 9759
335 1 9779 0 1 9781
336 9829 0 1 21 9851
337 5 0 9694 1 9700
338 0 9610 0 0 9610
339 0 9667 0 0 9667
340 1 0 0 9633 9634
341 11 9663 0 1 9675
342 9599 3 31 1 9634
343 5 9666 2 11 9684
344 9686 0 1 0 9687
345 0 0 9703 0 9703
346 9591 0 1 0 9592
347 9519 0 13 1 9533
348 0 0 0 9532 9532
349 2 0 9525 0 9527
350 0 9434 0 1 9435
351 0 5 0 9444 9449
352 9436 0 0 4 9440
353 0 11 0 9432 9443
354 4 1 9407 0 9412
355 0 0 9326 1 9327
356 9385 6 0 7 9398
357 125 0 9148 0 9273
358 0 1 9219 0 9220
359 1 9187 0 0 9188
360 3 9093 0 1 9097
361 4 9097 0 44 9145
362 4 2 0 9284 9290
363 9365 0 12 0 9377
364 9319 0 1 0 9320
365 0 2 1 9283 9286
366 1 0 9239 1 9241
367 4 0 9215 0 9219
368 0 2 1 9213 9216
369 1 9400 0 10 9411
370 9412 0 1 2 9415
371 1 9698 0 3 9702
372 9726 0 2 1 9729
373 9647 0 3 0 9650
374 1 9752 0 0 9753
375 0 3 1 9771 9775
376 1 0 9805 1 9807
377 0 2 0 9628 9630
378 9774 0 0 0 9774
379 2 0 9972 0 9974
380 9900 0 17 3 9920
381 2 10039 0 0 10041
382 10132 0 6 0 10138
383 10150 1 0 0 10151
384 10158 0 1 0 10159
385 6 0 0 10088 10094
386 1 2 0 10138 10141
387 10099 0 1 0 10100
388 9952 0 3 2 9957
389 0 10049 2 1 10052
390 0 9964 0 22 9986
391 1 9974 0 0 9975
392 9948 2 3 6 9959
393 2 0 9940 0 9942
394 1 0 10246 0 10247
395 0 3 10198 1 10202
396 3 0 10182 1 10186
397 10170 0 5 2 10177
398 4 0 10260 0 10264
399 10230 0 0 2 10232
400 0 10291 0 0 10291
401 10295 0 0 6 10301
402 20 0 10291 0 10311
403 10110 0 1 0 10111
404 0 10273 0 0 10273
405 0 6 0 10497 10503
406 0 0 1 10524 10525
407 0 0 1 10522 10523
408 2 1 1 10510 10514
409 0 0 10409 0 10409
410 10196 0 1 0 10197
411 0 0 1 10182 10183
412 0 1 1 10157 10159
413 0 0 10080 6 10086
414 1 0 9969 0 9970
415 9993 0 8 0 10001
416 0 10043 0 1 10044
417 9806 0 0 7 9813
418 25 0 9705 0 9730
419 5 1 1 9417 9424
420 9485 5 56 1 9547
421 3 0 0 9569 9572
422 6 0 9553 0 9559
423 0 9575 0 22 9597
424 9658 1 0 0 9659
425 0 0 9649 0 9649
426 9526 1 0 0 9527
427 9484 0 0 0 9484
428 9238 0 0 2 9240
429 0 9383 2 1 9386
430 0 9174 2 0 9176
431 9192 0 3 9 9204
432 8870 0 0 0 8870
433 0 9027 0 1 9028
434 0 8757 0 0 8757
435 0 229 0 8448 8677
436 2 0 8573 0 8575
437 0 8614 0 3 8617
438 0 3 0 8531 8534
439 0 0 8358 0 8358
440 0 8309 0 1 8310
441 8312 18 4 0 8334
442 8268 0 0 0 8268
443 0 8358 0 1 8359
444 88 0 8157 0 8245
445 7 0 7947 0 7954
446 0 7944 0 1 7945
447 7906 0 6 1 7913
448 0 7968 0 0 7968
449 1 2 0 7997 8000
450 2 0 7968 0 7970
451 7912 0 0 0 7912
452 7860 0 5 0 7865
453 1 10 0 7826 7837
454 7751 0 2 0 7753
455 0 7781 0 1 7782
456 7787 0 1 0 7788
457 7669 0 0 0 7669
458 0 7681 0 0 7681
459 7556 0 0 0 7556
460 7418 0 1 0 7419
461 0 1 0 7398 7399
462 7429 0 0 0 7429
463 7296 0 0 0 7296
464 0 7307 0 0 7307
465 0 7274 0 17 7291
466 0 0 0 7099 7099
467 0 7227 0 0 7227
468 0 12 0 7116 7128
469 0 1 0 7164 7165
470 0 0 0 7156 7156
471 0 13 0 7155 7168
472 7111 1 2 0 7114
473 2 0 6840 0 6842
474 0 0 6745 1 6746
475 1 0 0 6602 6603
476 0 3 0 6738 6741
477 99 0 6576 1 6676
478 6643 0 1 2 6646
479 6687 0 0 0 6687
480 0 1 0 6646 6647
481 5 0 6606 9 6620
482 6400 0 210 0 6610
483 0 2 0 6545 6547
484 2 44 1 6495 6542
485 2 1 3 6532 6538
486 6517 0 2 0 6519
487 6409 1 0 1 6411
488 6326 0 0 0 6326
489 0 0 0 6298 6298
490 5 0 6242 0 6247
491 8 0 6163 0 6171
492 6075 0 4 0 6079
493 0 1 6108 0 6109
494 0 5976 0 3 5979
495 0 6000 0 0 6000
496 150 0 5856 1 6007
497 5935 0 0 0 5935
498 4 5946 0 1 5951
499 5901 0 0 2 5903
500 5791 0 17 0 5808
501 5709 0 0 0 5709
502 1 0 5698 0 5699
503 0 0 5659 0 5659
504 0 1 0 5121 5122
505 1 0 5455 0 5456
506 0 0 5511 1 5512
507 5509 0 0 1 5510
508 1 1 0 5486 5488
509 0 0 0 5533 5533
510 5525 0 0 0 5525
511 5479 0 0 0 5479
512 0 0 0 5448 5448
513 5192 8 2 0 5202
514 0 5198 0 1 5199
515 0 5180 0 1 5181
516 0 2 0 5151 5153
517 1 0 0 5159 5160
518 1 1 0 5145 5147
519 0 8 0 5099 5107
520 0 1 0 5021 5022
521 0 0 4796 1 4797
522 3 4685 5 5 4698
523 0 4645 0 2 4647
524 4692 3 2 0 4697
525 0 0 4639 2 4641
526 0 1 4562 1 4564
527 4548 0 0 0 4548
528 0 38 0 4533 4571
529 4558 0 0 0 4558
530 0 3 0 4491 4494
531 2 4399 0 6 4407
532 4404 0 1 0 4405
533 0 3 0 4315 4318
534 0 2 0 4299 4301
535 12 0 4179 2 4193
536 4097 0 5 0 4102
537 0 1 0 4040 4041
538 0 0 2 4046 4048
539 0 3969 0 3 3972
540 4005 2 0 1 4008
541 0 0 0 3984 3984
542 0 0 1 3946 3947
543 3941 0 0 2 3943
544 0 0 3861 0 3861
545 3852 2 0 0 3854
546 0 3837 0 2 3839
547 3858 0 0 0 3858
548 59 0 3727 0 3786
549 3705 0 1 0 3706
550 1 3757 3 3 3764
551 0 3823 0 0 3823
552 0 1 0 3761 3762
553 2 0 3776 0 3778
554 3758 0 2 0 3760
555 3758 0 0 0 3758
556 3681 0 0 0 3681
557 1 0 0 3650 3651
558 0 0 3589 1 3590
559 3569 0 7 1 3577
560 0 3568 1 0 3569
561 0 2 0 3548 3550
562 0 0 0 3533 3533
563 0 1 0 3455 3456
564 0 3433 1 10 3444
565 0 0 1 3405 3406
566 0 6 1 3370 3377
567 0 3320 0 0 3320
568 0 0 0 3252 3252
569 9 3284 0 0 3293
570 3236 0 1 0 3237
571 41 0 3179 0 3220
572 0 0 0 3153 3153
573 3145 0 24 0 3169
574 3089 0 11 0 3100
575 3087 0 0 1 3088
576 3 0 3023 0 3026
577 2995 0 0 0 2995
578 2985 0 0 0 2985
579 0 0 0 2956 2956
580 2869 0 96 1 2966
581 0 0 0 2866 2866
582 2898 0 0 0 2898
583 2875 0 0 0 2875
584 2824 0 0 0 2824
585 5 0 2834 0 2839
586 2781 0 4 0 2785
587 2779 0 2 0 2781
588 2772 0 0 0 2772
589 2754 0 0 0 2754
590 2743 0 1 0 2744
591 2696 0 0 0 2696
592 0 0 0 2632 2632
593 0 0 0 2609 2609
594 0 0 2577 5 2582
595 0 2535 0 0 2535
596 0 2555 0 0 2555
597 0 3 0 2558 2561
598 13 0 2525 1 2539
599 0 2540 0 0 2540
600 26 2582 0 0 2608
601 2656 0 2 0 2658
602 2638 0 17 0 2655
603 2641 0 1 0 2642
604 2643 0 0 0 2643
605 2656 0 0 0 2656
606 0 2648 0 10 2658
607 2674 0 3 0 2677
608 0 0 2649 0 2649
609 2642 0 1 1 2644
610 2638 0 0 0 2638
611 2604 0 0 0 2604
612 0 0 2588 0 2588
613 0 0 2534 0 2534
614 0 0 2595 0 2595
615 0 0 5 2496 2501
616 0 0 0 2558 2558
617 0 0 0 2547 2547
618 0 2549 0 1 2550
619 7 2517 0 0 2524
620 0 0 0 2510 2510
621 0 2542 0 0 2542
622 2408 0 108 0 2516
623 2 1 0 2511 2514
624 2524 0 0 2 2526
625 2493 0 0 0 2493
626 2483 0 0 0 2483
627 0 0 2469 0 2469
628 2491 0 0 0 2491
629 0 0 2455 5 2460
630 1 0 2450 0 2451
631 2449 0 0 0 2449
632 1 0 0 2418 2419
633 2417 2 0 0 2419
634 3 2398 0 0 2401
635 1 2415 0 0 2416
636 2429 0 0 0 2429
637 2413 0 0 0 2413
638 0 0 0 2405 2405
639 0 0 2398 0 2398
640 2382 0 1 0 2383
641 2354 0 2 0 2356
642 4 0 2346 1 2351
643 1 0 2354 0 2355
644 2 1 0 2152 2155
645 2334 2 5 0 2341
646 2338 0 0 0 2338
647 2344 2 1 0 2347
648 2350 17 0 0 2367
649 10 0 2313 1 2324
650 2330 0 0 0 2330
651 0 2328 0 0 2328
652 2346 15 0 0 2361
653 2382 1 0 0 2383
654 2378 0 0 0 2378
655 2353 1 3 0 2357
656 0 1 0 2339 2340
657 2354 0 2 0 2356
658 2306 1 0 0 2307
659 0 2309 0 0 2309
660 11 2302 0 0 2313
661 2357 1 0 0 2358
662 2379 0 2 0 2381
663 2358 0 0 0 2358
664 5 0 2352 0 2357
665 0 0 0 2245 2245
666 0 0 2319 0 2319
667 5 1 2329 0 2335
668 2366 0 0 0 2366
669 2374 0 0 0 2374
670 0 0 0 2339 2339
671 2339 0 0 0 2339
672 0 2341 0 1 2342
673 2320 0 1 0 2321
674 1 0 0 2249 2250
675 0 2325 0 3 2328
676 2427 0 0 0 2427
677 2429 0 0 0 2429
678 2430 0 2 0 2432
679 2460 0 0 0 2460
680 0 0 2462 0 2462
681 2452 0 0 0 2452
682 0 0 2463 0 2463
683 1 2438 0 0 2439
684 2481 0 1 1 2483
685 0 0 0 2488 2488
686 0 0 0 2492 2492
687 2493 0 2 0 2495
688 0 0 0 2447 2447
689 0 2488 0 0 2488
690 2531 0 0 1 2532
691 0 0 0 2503 2503
692 0 1 0 2512 2513
693 2534 0 0 0 2534
694 2519 0 0 0 2519
695 2480 0 0 0 2480
696 0 2520 0 0 2520
697 2490 0 0 0 2490
698 0 2538 0 0 2538
699 2564 0 0 0 2564
700 2557 0 0 0 2557
701 0 0 0 2561 2561
702 2 0 2534 0 2536
703 2514 0 0 0 2514
704 0 2546 1 0 2547
705 2547 0 0 0 2547
706 2556 0 0 0 2556
707 2538 0 0 0 2538
708 2517 2 0 0 2519
709 0 0 2527 0 2527
710 2466 0 0 0 2466
711 0 2512 0 5 2517
712 1 0 2521 0 2522
713 0 2518 0 0 2518
714 0 0 0 2550 2550
715 1 1 2601 0 2603
716 2618 0 0 0 2618
717 2629 0 0 1 2630
718 2639 0 0 0 2639
719 0 0 2626 0 2626
720 2618 0 7 0 2625
721 0 0 2759 0 2759
722 0 0 2763 0 2763
723 0 0 0 2554 2554
724 2747 0 0 0 2747
725 2761 0 0 0 2761
726 2770 0 1 0 2771
727 2 2818 0 0 2820
728 0 0 0 2826 2826
729 0 0 2820 1 2821
730 2846 0 0 0 2846
731 2891 0 0 0 2891
732 2901 0 0 0 2901
733 2883 0 0 0 2883
734 0 0 2865 0 2865
735 2902 0 0 10 2912
736 2914 3 0 0 2917
737 0 0 2926 3 2929
738 2943 0 0 0 2943
739 0 0 3004 0 3004
740 0 2992 0 1 2993
741 3 0 3052 5 3060
742 3072 0 0 0 3072
743 0 0 0 3079 3079
744 0 8 0 3077 3085
745 1 0 3001 0 3002
746 0 3021 0 0 3021
747 0 3025 1 0 3026
748 3024 0 0 0 3024
749 0 3035 0 0 3035
750 2 16 0 3031 3049
751 0 0 3050 0 3050
752 1 3218 0 0 3219
753 0 3 0 3278 3281
754 0 0 3265 0 3265
755 1 0 3262 0 3263
756 3232 0 8 0 3240
757 3296 0 0 0 3296
758 0 0 0 3341 3341
759 3307 0 2 0 3309
760 0 3332 0 0 3332
761 3344 0 0 1 3345
762 3334 0 0 0 3334
763 3338 0 0 0 3338
764 0 0 0 3359 3359
765 3357 0 0 0 3357
766 3358 0 0 0 3358
767 0 0 3378 0 3378
768 3303 1 3 1 3308
769 1 0 3356 0 3357
770 0 0 3348 8 3356
771 11 0 3397 0 3408
772 0 0 0 3253 3253
773 0 0 0 3441 3441
774 0 1 0 3512 3513
775 0 0 3520 0 3520
776 0 0 0 3444 3444
777 3547 0 0 0 3547
778 0 0 0 3547 3547
779 0 0 0 3662 3662
780 3625 0 30 10 3665
781 0 0 3683 2 3685
782 0 0 0 3586 3586
783 3676 0 0 0 3676
784 0 0 3695 1 3696
785 1 1 0 3741 3743
786 1 0 0 4064 4065
787 0 0 4166 0 4166
788 4166 0 0 0 4166
789 4191 0 0 0 4191
790 4175 0 0 0 4175
791 4205 0 2 0 4207
792 0 4323 0 0 4323
793 0 0 0 4311 4311
794 0 0 0 4336 4336
795 9 0 4317 1 4327
796 0 0 4287 0 4287
797 0 4291 0 0 4291
798 0 0 0 4357 4357
799 4370 0 0 0 4370
800 4367 1 0 0 4368
801 4381 0 0 5 4386
802 4415 0 0 0 4415
803 4421 1 0 0 4422
804 0 0 0 4431 4431
805 4320 0 0 0 4320
806 1 0 0 4328 4329
807 4302 8 1 0 4311
808 1 1 0 4396 4398
809 1 1 4405 1 4408
810 2 2 0 4453 4457
811 0 0 4551 3 4554
812 4662 0 23 0 4685
813 4684 0 0 0 4684
814 4734 0 4 0 4738
815 4739 0 0 4 4743
816 0 0 0 4751 4751
817 0 4841 0 0 4841
818 0 1 0 4837 4838
819 4792 0 71 0 4863
820 2 0 4835 0 4837
821 4849 0 1 0 4850
822 4848 0 1 0 4849
823 0 4862 0 2 4864
824 4926 4 2 0 4932
825 4932 0 5 1 4938
826 4935 0 6 0 4941
827 0 0 4952 0 4952
828 0 1 0 4901 4902
829 0 0 4987 0 4987
830 0 0 5155 0 5155
831 1 13 15 5080 5109
832 1 0 0 5150 5151
833 0 0 0 5194 5194
834 5160 0 0 0 5160
835 0 5189 0 1 5190
836 3 5207 0 0 5210
837 5217 0 1 1 5219
838 2 0 5290 0 5292
839 0 1 0 5225 5226
840 5276 0 1 2 5279
841 0 0 5336 0 5336
842 0 0 5365 1 5366
843 0 6 0 5100 5106
844 0 0 5404 0 5404
845 3 0 5404 0 5407
846 5415 1 19 0 5435
847 5485 0 0 0 5485
848 5450 0 1 0 5451
849 2 5429 0 59 5490
850 2 0 5527 0 5529
851 5487 0 0 0 5487
852 21 0 5497 0 5518
853 5621 0 1 0 5622
854 5641 0 0 0 5641
855 16 0 5617 0 5633
856 5652 0 1 0 5653
857 5665 0 0 0 5665
858 5665 0 0 0 5665
859 4 0 5723 0 5727
860 0 5618 0 0 5618
861 4 5747 1 0 5752
862 5784 0 0 0 5784
863 5769 0 0 0 5769
864 5726 0 0 0 5726
865 0 5797 0 0 5797
866 0 0 3 5765 5768
867 0 0 5773 13 5786
868 0 0 0 5694 5694
869 0 5747 0 1 5748
870 5798 0 2 0 5800
871 5784 0 1 0 5785
872 5779 0 0 0 5779
873 0 0 0 5770 5770
874 0 0 5766 0 5766
875 0 5732 0 2 5734
876 5754 0 1 1 5756
877 0 0 5733 0 5733
878 0 2 0 5602 5604
879 4 0 5607 9 5620
880 4 0 5576 0 5580
881 0 5548 0 6 5554
882 0 5590 0 4 5594
883 5702 0 8 0 5710
884 5684 0 0 0 5684
885 5691 0 0 0 5691
886 5689 0 0 0 5689
887 0 0 0 5696 5696
888 2 0 5604 0 5606
889 0 5563 0 0 5563
890 0 6 0 5499 5505
891 0 5450 0 171 5621
892 5641 1 9 0 5651
893 0 0 5600 0 5600
894 0 38 0 5548 5586
895 5611 0 0 0 5611
896 5578 0 0 0 5578
897 2 5529 0 0 5531
898 2 1 6 5469 5478
899 0 0 5476 0 5476
900 0 5377 0 1 5378
901 0 5387 0 0 5387
902 0 5411 0 0 5411
903 5374 0 0 0 5374
904 0 5401 0 0 5401
905 2 5437 0 4 5443
906 5466 0 0 0 5466
907 0 0 5455 0 5455
908 0 0 5396 0 5396
909 5292 0 15 0 5307
910 0 1 5417 0 5418
911 0 0 5362 0 5362
912 9 0 5339 0 5348
913 5310 0 13 0 5323
914 0 1475 0 3833 5308
915 0 1487 0 3830 5317
916 5337 0 0 0 5337
917 0 0 5287 1 5288
918 0 5264 0 3 5267
919 5311 0 2 0 5313
920 1 0 0 5310 5311
921 0 0 5226 14 5240
922 5237 0 1 0 5238
923 0 5263 0 0 5263
924 5264 0 2 0 5266
925 14 0 5278 0 5292
926 2 0 0 5224 5226
927 5328 0 0 0 5328
928 5271 0 0 2 5273
929 0 5257 0 1 5258
930 5259 0 0 0 5259
931 10 0 5247 0 5257
932 0 0 5213 0 5213
933 5253 3 0 7 5263
934 4 0 5317 0 5321
935 5343 0 0 0 5343
936 0 5362 0 0 5362
937 5390 0 0 0 5390
938 5353 0 0 0 5353
939 0 8 1 5293 5302
940 5259 0 1 0 5260
941 0 5297 0 0 5297
942 5337 0 4 0 5341
943 5319 0 12 0 5331
944 5317 0 0 2 5319
945 5361 0 0 0 5361
946 0 0 0 5358 5358
947 6 0 5401 4 5411
948 1 4 5400 0 5405
949 5403 0 2 0 5405
950 5424 0 1 0 5425
951 0 3 0 5423 5426
952 0 0 5437 0 5437
953 5416 0 1 0 5417
954 5430 0 4 0 5434
955 0 0 0 5479 5479
956 0 0 5534 0 5534
957 0 1 1 5510 5512
958 0 0 0 5591 5591
959 8 0 0 5647 5655
960 5642 0 12 0 5654
961 5626 0 2 0 5628
962 5526 0 0 1 5527
963 0 5551 0 0 5551
964 4 5528 0 0 5532
965 0 5587 0 3 5590
966 5619 1 2 0 5622
967 5602 0 0 0 5602
968 3 0 5547 0 5550
969 5515 0 0 0 5515
970 5494 0 2 0 5496
971 0 0 1 5414 5415
972 1 5425 0 0 5426
973 0 2 0 5376 5378
974 0 0 0 5415 5415
975 0 0 0 5437 5437
976 0 34 0 5426 5460
977 7 0 0 5433 5440
978 22 0 5380 4 5406
979 1 0 5342 0 5343
980 9 5314 10 3 5336
981 29 3478 65 1740 5312
982 5341 0 0 0 5341
983 2 42 0 5287 5331
984 0 0 5297 0 5297
985 5250 0 1 1 5252
986 12 5264 0 0 5276
987 0 0 0 5236 5236
988 4 0 5196 0 5200
989 5147 0 0 0 5147
990 5193 0 1 0 5194
991 5202 0 0 0 5202
992 0 0 5117 0 5117
993 5091 0 25 0 5116
994 5085 0 1 0 5086
995 0 0 0 5058 5058
996 5046 0 1 0 5047
997 4955 0 0 0 4955
998 0 4937 0 0 4937
999 6 4925 0 3 4934
1000 4939 0 0 0 4939
1001 0 0 4873 1 4874
1002 4793 0 0 0 4793
1003 0 0 4750 0 4750
1004 4732 0 3 1 4736
1005 0 4718 0 0 4718
1006 4738 0 0 0 4738
1007 0 0 4687 4 4691
1008 0 4630 0 8 4638
1009 0 4634 0 1 4635
1010 0 4672 4 0 4676
1011 4674 1 0 0 4675
1012 1 1 4667 4 4673
1013 0 1 0 4523 4524
1014 0 0 0 4603 4603
1015 0 0 0 4637 4637
1016 0 0 4540 0 4540
1017 1 0 4549 1 4551
1018 0 0 0 4454 4454
1019 1 0 0 4517 4518
1020 0 4529 0 0 4529
1021 4561 1 2 0 4564
1022 1 0 4560 0 4561
1023 18 0 4537 4 4559
1024 0 0 4633 2 4635
1025 4496 2 2 0 4500
1026 0 8 0 4554 4562
1027 0 0 0 4617 4617
1028 0 0 0 4633 4633
1029 0 0 1 4667 4668
1030 0 0 1 4676 4677
1031 1 0 4619 0 4620
1032 0 2 0 4445 4447
1033 4529 0 0 0 4529
1034 0 0 4551 0 4551
1035 1 0 0 4409 4410
1036 4525 0 0 1 4526
1037 0 0 0 4502 4502
1038 4521 1 0 0 4522
1039 0 0 4441 0 4441
1040 0 4410 0 1 4411
1041 4341 1 4 1 4347
1042 0 4405 0 1 4406
1043 2 4431 1 1 4435
1044 13 0 4388 0 4401
1045 0 0 4390 0 4390
1046 0 0 0 4240 4240
1047 3 4265 0 0 4268
1048 1 4326 0 51 4378
1049 0 2 0 4415 4417
1050 2 0 4427 0 4429
1051 1 1 0 4373 4375
1052 1 0 0 4378 4379
1053 0 4392 0 0 4392
1054 0 10 0 4347 4357
1055 0 4385 0 1 4386
1056 0 4448 0 0 4448
1057 4432 1 0 0 4433
1058 4413 1 0 0 4414
1059 0 0 0 4449 4449
1060 4469 1 0 0 4470
1061 4433 1 0 2 4436
1062 0 0 4419 0 4419
1063 4399 0 0 0 4399
1064 0 0 0 4400 4400
1065 4414 0 29 0 4443
1066 0 0 4499 1 4500
1067 1 4509 0 0 4510
1068 4525 0 2 0 4527
1069 4472 0 0 0 4472
1070 0 0 4481 0 4481
1071 4360 0 0 0 4360
1072 0 1 0 4427 4428
1073 0 5 0 4467 4472
1074 30 0 4447 0 4477
1075 0 0 4446 0 4446
1076 1 0 4471 0 4472
1077 0 0 4478 0 4478
1078 4363 0 0 0 4363
1079 4412 1 0 0 4413
1080 4416 0 7 1 4424
1081 1 0 4410 0 4411
1082 1 0 4383 0 4384
1083 4276 0 72 0 4348
1084 0 1 0 4330 4331
1085 0 0 0 4400 4400
1086 9 0 0 4468 4477
1087 4433 1 0 0 4434
1088 0 0 0 4448 4448
1089 1 0 4411 0 4412
1090 4407 0 0 0 4407
1091 0 0 0 4458 4458
1092 4460 0 0 0 4460
1093 4434 0 0 1 4435
1094 1 4432 0 0 4433
1095 4471 0 1 0 4472
1096 4454 0 0 0 4454
1097 0 0 4522 0 4522
1098 1 4478 0 0 4479
1099 4576 1 1 0 4578
1100 4579 1 0 0 4580
1101 4558 0 0 0 4558
1102 4545 0 0 0 4545
1103 0 4541 0 1 4542
1104 4567 0 2 0 4569
1105 4601 0 0 0 4601
1106 4645 0 0 0 4645
1107 4645 0 0 0 4645
1108 4671 0 1 0 4672
1109 0 0 4579 1 4580
1110 4641 0 0 0 4641
1111 4 4650 0 0 4654
1112 0 0 1 4675 4676
1113 4687 0 0 0 4687
1114 4674 0 0 0 4674
1115 4643 1 0 0 4644
1116 0 0 4592 5 4597
1117 0 0 4527 0 4527
1118 0 4552 0 0 4552
1119 0 0 0 4526 4526
1120 0 4601 0 6 4607
1121 4632 0 6 0 4638
1122 4592 0 0 0 4592
1123 4603 0 0 0 4603
1124 0 0 0 4554 4554
1125 4421 0 0 0 4421
1126 0 4552 0 0 4552
1127 1 4540 1 4 4546
1128 0 0 0 4493 4493
1129 0 1 0 4548 4549
1130 2 3 4507 0 4512
1131 1 157 0 4319 4477
1132 0 4480 0 1 4481
1133 0 4518 0 0 4518
1134 1 0 0 4526 4527
1135 3 0 4538 1 4542
1136 4514 0 2 0 4516
1137 0 10 0 4506 4516
1138 5 4501 0 16 4522
1139 0 1 0 4489 4490
1140 1 0 4481 0 4482
1141 0 0 0 4424 4424
1142 0 4 0 4477 4481
1143 0 0 0 4537 4537
1144 4520 0 0 0 4520
1145 2 0 4512 4 4518
1146 0 1198 0 3209 4407
1147 4473 20 0 0 4493
1148 0 0 0 4459 4459
1149 4427 0 0 6 4433
1150 0 4416 0 2 4418
1151 0 4429 2 4 4435
1152 4469 0 0 1 4470
1153 0 1 0 4462 4463
1154 0 1 0 4497 4498
1155 4460 0 2 0 4462
1156 1 1 4527 0 4529
1157 4527 0 0 1 4528
1158 4551 0 0 0 4551
1159 4485 8 0 0 4493
1160 0 0 4551 0 4551
1161 4549 0 2 0 4551
1162 0 0 0 4581 4581
1163 4648 1 0 0 4649
1164 0 0 0 4658 4658
1165 4692 0 0 0 4692
1166 4717 0 1 0 4718
1167 0 0 0 4777 4777
1168 3 0 4772 0 4775
1169 4800 1 3 0 4804
1170 4815 0 0 0 4815
1171 16 8 4801 0 4825
1172 4810 0 31 1 4842
1173 4879 0 1 0 4880
1174 4859 0 0 0 4859
1175 3 4827 0 2 4832
1176 4847 0 0 0 4847
1177 4869 0 0 0 4869
1178 9 0 4865 0 4874
1179 13 0 4815 0 4828
1180 154 0 4807 0 4961
1181 16 5070 0 7 5093
1182 5122 1 4 0 5127
1183 5112 1 1 0 5114
1184 5093 0 1 2 5096
1185 5096 1 0 0 5097
1186 0 0 0 5116 5116
1187 0 0 1 5134 5135
1188 31 0 5081 0 5112
1189 5071 0 1 1 5073
1190 5103 0 1 0 5104
1191 38 0 5091 0 5129
1192 5125 0 9 0 5134
1193 5126 0 2 0 5128
1194 0 0 5174 0 5174
1195 1 5273 0 0 5274
1196 0 0 0 5319 5319
1197 5310 1 0 0 5311
1198 5312 0 0 0 5312
1199 5340 0 0 0 5340
1200 5289 0 6 0 5295
1201 17 5299 0 0 5316
1202 0 5313 0 23 5336
1203 5353 0 0 0 5353
1204 0 0 0 5342 5342
1205 3 0 0 5346 5349
1206 0 5330 1 1 5332
1207 0 3 0 5363 5366
1208 0 0 0 5328 5328
1209 0 5331 0 2 5333
1210 5384 0 1 1 5386
1211 5416 1 1 3 5421
1212 0 7 0 5496 5503
1213 5 0 5472 0 5477
1214 5468 1 0 0 5469
1215 5482 0 0 0 5482
1216 0 0 5492 0 5492
1217 5475 0 8 0 5483
1218 5487 0 0 0 5487
1219 0 0 5496 0 5496
1220 2 1 5444 0 5447
1221 5443 0 33 1 5477
1222 5475 0 0 8 5483
1223 2 5505 0 0 5507
1224 0 3 0 5491 5494
1225 3 0 5461 0 5464
1226 0 5468 0 1 5469
1227 5500 1 0 3 5504
1228 0 0 10 5472 5482
1229 0 5498 0 0 5498
1230 0 3 0 5509 5512
1231 0 56 0 5482 5538
1232 5 1 2 5555 5563
1233 7 0 5552 0 5559
1234 0 3 0 5495 5498
1235 2 5456 0 1 5459
1236 5326 3 1 1 5331
1237 0 5490 0 0 5490
1238 1 5580 0 0 5581
1239 1 2 0 5603 5606
1240 1 0 5639 4 5644
1241 0 0 5668 2 5670
1242 11 0 5668 0 5679
1243 5587 0 0 1 5588
1244 0 0 0 5673 5673
1245 2 0 5684 0 5686
1246 5654 0 0 0 5654
1247 3 0 0 5716 5719
1248 2 0 5699 0 5701
1249 5640 0 2 1 5643
1250 0 0 0 5778 5778
1251 2 0 5785 0 5787
1252 1 0 5854 0 5855
1253 1 0 5835 0 5836
1254 5908 0 0 0 5908
1255 5948 0 0 0 5948
1256 0 0 0 5998 5998
1257 0 0 6096 0 6096
1258 1 0 1 5974 5976
1259 0 1 9 6082 6092
1260 0 0 1 6122 6123
1261 6167 0 1 0 6168
1262 6112 0 0 2 6114
1263 0 8 0 6135 6143
1264 6177 0 1 1 6179
1265 0 0 0 6144 6144
1266 1 1 6108 0 6110
1267 0 6080 0 1 6081
1268 0 1 0 6159 6160
1269 6086 0 92 1 6179
1270 0 1 2 6148 6151
1271 9 6131 0 0 6140
1272 1 82 0 6015 6098
1273 6082 0 4 0 6086
1274 0 6059 0 2 6061
1275 2 6032 0 7 6041
1276 0 0 6060 0 6060
1277 1 2 0 5893 5896
1278 11 0 6083 1 6095
1279 0 1 0 6074 6075
1280 0 1 0 6185 6186
1281 1 0 6157 1 6159
1282 0 0 6105 2 6107
1283 0 0 6109 1 6110
1284 6018 2 6 0 6026
1285 0 0 6141 0 6141
1286 0 1 0 5992 5993
1287 6018 0 69 8 6095
1288 0 0 6133 1 6134
1289 0 6109 0 1 6110
1290 1 2 0 6110 6113
1291 2 0 6101 10 6113
1292 3 6034 0 5 6042
1293 6058 0 0 0 6058
1294 1 6107 0 3 6111
1295 0 0 0 6135 6135
1296 6078 0 75 2 6155
1297 0 0 6144 1 6145
1298 3 0 6074 0 6077
1299 2 0 0 5855 5857
1300 6016 0 1 0 6017
1301 0 0 1 6028 6029
1302 58 6039 0 2 6099
1303 6147 0 0 0 6147
1304 6158 0 0 0 6158
1305 26 0 6105 1 6132
1306 6087 0 0 0 6087
1307 6102 0 0 0 6102
1308 1 6107 0 0 6108
1309 6083 0 2 0 6085
1310 0 0 0 6048 6048
1311 0 1 0 6087 6088
1312 0 1 6002 2 6005
1313 0 0 5966 0 5966
1314 5899 0 0 0 5899
1315 5932 0 8 0 5940
1316 5895 0 3 0 5898
1317 2 5958 0 0 5960
1318 5958 0 4 0 5962
1319 5849 0 61 0 5910
1320 5889 0 0 0 5889
1321 1 0 5821 1 5823
1322 5857 0 1 0 5858
1323 5848 0 2 0 5850
1324 0 1 0 5799 5800
1325 5565 0 0 1 5566
1326 5 5771 0 13 5789
1327 2 5773 3 23 5801
1328 0 0 1 5809 5810
1329 5788 0 0 0 5788
1330 1 0 0 5773 5774
1331 8 0 5711 1 5720
1332 22 0 5696 0 5718
1333 0 0 5734 2 5736
1334 5718 0 4 0 5722
1335 0 7 0 5722 5729
1336 0 24 5716 0 5740
1337 2 1 5726 0 5729
1338 5628 0 14 0 5642
1339 1 5815 0 1 5817
1340 0 1 0 5840 5841
1341 5 0 5810 1 5816
1342 2 5832 0 9 5843
1343 5920 0 1 0 5921
1344 5795 0 0 0 5795
1345 0 0 0 5784 5784
1346 1 5750 0 0 5751
1347 0 3 0 5731 5734
1348 0 0 19 5708 5727
1349 0 5733 0 0 5733
1350 0 0 0 5808 5808
1351 0 0 5784 0 5784
1352 5742 1 0 1 5744
1353 1 0 0 5813 5814
1354 1 0 5791 0 5792
1355 5751 1 0 0 5752
1356 1 48 0 5826 5875
1357 0 0 0 5907 5907
1358 2 0 0 5924 5926
1359 0 14 1 5931 5946
1360 1 0 5881 0 5882
1361 1 5800 0 2 5803
1362 1 17 1 5844 5863
1363 0 5764 0 40 5804
1364 0 1 0 5960 5961
1365 5 0 5931 2 5938
1366 1 1 1 5867 5870
1367 0 1 0 5882 5883
1368 1 83 0 5856 5940
1369 17 0 5911 0 5928
1370 0 1 0 5877 5878
1371 0 1 0 5928 5929
1372 5905 0 0 1 5906
1373 5836 0 2 1 5839
1374 0 0 0 5827 5827
1375 1 0 5777 0 5778
1376 0 5734 0 0 5734
1377 5725 0 0 3 5728
1378 5725 0 0 0 5725
1379 5465 0 233 0 5698
1380 0 1 5706 0 5707
1381 7 0 5664 5 5676
1382 5636 0 3 0 5639
1383 0 0 0 5723 5723
1384 1 0 5783 2 5786
1385 5761 0 1 3 5765
1386 5770 0 8 3 5781
1387 0 0 5954 0 5954
1388 5911 0 1 0 5912
1389 5922 0 11 0 5933
1390 5909 0 3 1 5913
1391 15 5931 1 0 5947
1392 5927 0 0 1 5928
1393 1 0 1 5939 5941
1394 1 0 5911 0 5912
1395 0 6 0 5836 5842
1396 5848 8 0 1 5857
1397 0 0 0 5907 5907
1398 11 0 5896 0 5907
1399 0 0 5923 1 5924
1400 5840 0 24 0 5864
1401 5921 0 0 1 5922
1402 2 0 5932 0 5934
1403 4 0 6009 3 6016
1404 6068 0 0 0 6068
1405 6090 0 0 0 6090
1406 1 0 0 6130 6131
1407 6149 0 13 1 6163
1408 6128 0 1 0 6129
1409 6109 0 0 0 6109
1410 3 6225 0 25 6253
1411 0 0 6185 0 6185
1412 6069 0 0 2 6071
1413 0 6346 0 0 6346
1414 0 4 1 6339 6344
1415 0 0 0 6402 6402
1416 0 0 0 6397 6397
1417 0 0 0 6419 6419
1418 6421 0 0 0 6421
1419 0 6354 0 10 6364
1420 1 6476 0 1 6478
1421 21 0 6447 0 6468
1422 6434 0 0 0 6434
1423 6435 1 1 0 6437
1424 0 6492 0 2 6494
1425 6534 0 0 2 6536
1426 0 0 0 6507 6507
1427 58 0 6471 0 6529
1428 0 1 1 6416 6418
1429 6530 0 0 0 6530
1430 6485 0 1 0 6486
1431 6418 0 1 0 6419
1432 0 0 0 6418 6418
1433 0 35 0 6429 6464
1434 6440 13 0 33 6486
1435 0 1 0 6512 6513
1436 0 4 1 6589 6594
1437 1 0 6569 1 6571
1438 0 0 6498 7 6505
1439 1 0 6522 3 6526
1440 6579 0 1 0 6580
1441 6618 0 0 0 6618
1442 1 0 0 6617 6618
1443 6631 0 0 0 6631
1444 6616 0 0 0 6616
1445 6560 0 2 1 6563
1446 0 6552 0 4 6556
1447 6538 0 4 0 6542
1448 0 1 0 6522 6523
1449 0 0 6482 0 6482
1450 6474 0 0 0 6474
1451 0 0 6506 0 6506
1452 0 6566 0 0 6566
1453 6705 0 0 0 6705
1454 6723 0 0 0 6723
1455 6700 1 2 1 6704
1456 6740 0 2 0 6742
1457 6762 0 1 0 6763
1458 4 0 6799 0 6803
1459 6790 1 1 0 6792
1460 6876 0 0 0 6876
1461 6884 0 0 0 6884
1462 6817 0 2 0 6819
1463 0 0 6931 0 6931
1464 1 0 0 6714 6715
1465 0 1 1 6866 6868
1466 6864 0 0 0 6864
1467 2 6949 0 0 6951
1468 0 0 0 6992 6992
1469 1 0 6979 0 6980
1470 0 37 1 6833 6871
1471 6925 0 0 0 6925
1472 6868 0 2 0 6870
1473 1 0 0 6909 6910
1474 0 0 6882 0 6882
1475 6722 0 2 0 6724
1476 0 0 6837 3 6840
1477 6747 0 0 0 6747
1478 0 7148 1 0 7149
1479 0 0 0 7190 7190
1480 0 0 7150 1 7151
1481 0 0 7148 0 7148
1482 7027 0 0 0 7027
1483 7080 0 1 0 7081
1484 1 0 0 7328 7329
1485 0 0 7479 0 7479
1486 0 0 0 7417 7417
1487 1 1 0 7557 7559
1488 0 0 0 7648 7648
1489 3 0 7606 0 7609
1490 7667 0 0 0 7667
1491 7648 0 0 0 7648
1492 0 0 0 7724 7724
1493 0 1 1 7736 7738
1494 1 0 0 7732 7733
1495 7697 0 1 0 7698
1496 0 7727 0 0 7727
1497 7726 0 1 0 7727
1498 7700 0 3 0 7703
1499 1 0 7654 0 7655
1500 0 7634 0 0 7634
1501 7676 0 2 0 7678
1502 1 0 0 7729 7730
1503 1 0 7707 0 7708
1504 0 1 1 7714 7716
1505 1 0 0 7723 7724
1506 0 7697 0 0 7697
1507 0 0 0 7729 7729
1508 7704 0 2 0 7706
1509 0 7767 1 0 7768
1510 7795 1 0 1 7797
1511 5 0 7787 0 7792
1512 7682 0 30 0 7712
1513 4 0 7818 0 7822
1514 7835 0 15 0 7850
1515 0 0 0 8002 8002
1516 1 0 8012 0 8013
1517 5 0 7951 1 7957
1518 7833 0 9 0 7842
1519 1 2 0 8150 8153
1520 1 2 8 8230 8241
1521 0 1 0 8275 8276
1522 6 0 8194 0 8200
1523 0 0 0 8041 8041
1524 8227 13 0 0 8240
1525 0 0 1 8202 8203
1526 1 8204 0 1 8206
1527 0 11 0 8230 8241
1528 8266 1 0 1 8268
1529 8191 0 0 0 8191
1530 0 0 0 8254 8254
1531 1 1 0 8254 8256
1532 0 0 0 8226 8226
1533 0 0 0 8218 8218
1534 5 0 8180 4 8189
1535 0 8152 0 2 8154
1536 8253 0 13 0 8266
1537 8238 0 1 0 8239
1538 0 0 0 8347 8347
1539 28 0 8313 0 8341
1540 1 0 8302 0 8303
1541 8315 1 1 1 8318
1542 8339 0 1 5 8345
1543 866 7542 0 0 8408
1544 0 2 0 8325 8327
1545 4 8298 0 0 8302
1546 5 8333 0 0 8338
1547 13 8423 1 0 8437
1548 0 2 0 8378 8380
1549 3 0 0 8347 8350
1550 0 8423 0 1 8424
1551 19 0 8480 0 8499
1552 0 3 0 8385 8388
1553 0 0 0 8479 8479
1554 0 19 0 8541 8560
1555 1 0 8415 1 8417
1556 1 0 8223 1 8225
1557 2 0 8256 0 8258
1558 2 0 8343 0 8345
1559 1 0 0 8301 8302
1560 0 3 0 8395 8398
1561 4 0 8408 0 8412
1562 0 8370 0 2 8372
1563 0 1 5 8491 8497
1564 3 0 8487 0 8490
1565 0 0 8480 3 8483
1566 8393 0 0 1 8394
1567 0 0 8480 0 8480
1568 0 0 0 8399 8399
1569 8549 0 1 0 8550
1570 8586 1 1 0 8588
1571 8613 0 1 0 8614
1572 2 34 0 8557 8593
1573 3 0 8551 3 8557
1574 8587 0 0 0 8587
1575 8541 0 2 0 8543
1576 0 1 0 8527 8528
1577 1 8524 0 2 8527
1578 8590 0 7 0 8597
1579 9 0 8584 0 8593
1580 0 8687 0 2 8689
1581 8508 0 317 0 8825
1582 1 0 8829 0 8830
1583 8798 0 1 0 8799
1584 3 2 0 8790 8795
1585 8821 0 1 1 8823
1586 1 10 0 8897 8908
1587 8 0 8892 15 8915
1588 4 0 8851 2 8857
1589 0 8850 0 6 8856
1590 8879 0 4 1 8884
1591 8823 1 3 0 8827
1592 0 0 1 8986 8987
1593 8939 0 0 1 8940
1594 0 0 8970 0 8970
1595 5 0 8894 0 8899
1596 8868 0 0 1 8869
1597 8915 0 0 0 8915
1598 0 7 1 8980 8988
1599 3 0 8966 0 8969
1600 8927 0 2 3 8932
1601 1 9024 0 0 9025
1602 9039 0 2 0 9041
1603 9026 0 1 0 9027
1604 1 1 0 9078 9080
1605 9101 0 0 0 9101
1606 9089 0 1 0 9090
1607 1 0 1 9190 9192
1608 9232 0 1 0 9233
1609 9247 0 0 1 9248
1610 9224 0 1 1 9226
1611 1 0 9243 0 9244
1612 9139 0 2 0 9141
1613 9220 0 1 1 9222
1614 0 9209 0 0 9209
1615 9284 0 1 2 9287
1616 9271 0 0 0 9271
1617 2 9263 0 13 9278
1618 9286 0 1 0 9287
1619 0 0 0 9270 9270
1620 8 0 9196 4 9208
1621 9085 0 12 0 9097
1622 0 0 0 9126 9126
1623 0 9320 0 10 9330
1624 9335 0 0 0 9335
1625 9267 0 1 0 9268
1626 0 9228 0 0 9228
1627 9298 0 4 0 9302
1628 9272 0 0 0 9272
1629 0 0 0 9245 9245
1630 1 0 9316 0 9317
1631 1 0 9274 0 9275
1632 9261 0 1 1 9263
1633 9269 0 1 0 9270
1634 0 0 0 9274 9274
1635 0 0 9244 0 9244
1636 0 0 9167 0 9167
1637 1 0 9195 0 9196
1638 0 0 0 9159 9159
1639 4 9178 0 1 9183
1640 0 9247 0 4 9251
1641 9249 0 102 3 9354
1642 3 0 9266 1 9270
1643 3 9280 1 1 9285
1644 9330 0 14 2 9346
1645 9324 0 0 0 9324
1646 0 9292 0 0 9292
1647 9336 0 5 0 9341
1648 2 0 9328 10 9340
1649 1 9256 0 1 9258
1650 9314 0 1 0 9315
1651 3 9426 0 2 9431
1652 9484 0 2 0 9486
1653 9452 0 1 0 9453
1654 9333 0 0 0 9333
1655 1 9271 0 43 9315
1656 9312 0 0 1 9313
1657 3 0 9158 0 9161
1658 1 9076 1 4 9082
1659 1 9007 0 21 9029
1660 8987 0 0 0 8987
1661 1 0 0 8841 8842
1662 8844 0 0 0 8844
1663 1 8829 0 0 8830
1664 8878 0 1 0 8879
1665 0 0 8791 4 8795
1666 0 8773 0 3 8776
1667 0 4 0 8745 8749
1668 8830 0 1 1 8832
1669 0 2 0 8763 8765
1670 1 0 0 8720 8721
1671 32 8661 0 2 8695
1672 8649 0 1 4 8654
1673 0 0 0 8573 8573
1674 8485 0 42 0 8527
1675 0 0 8421 0 8421
1676 3 8385 0 1 8389
1677 0 31 0 8355 8386
1678 0 0 8354 0 8354
1679 8318 0 1 0 8319
1680 0 8 0 8292 8300
1681 0 0 0 8331 8331
1682 8332 0 0 0 8332
1683 0 1 0 8239 8240
1684 8246 0 2 0 8248
1685 1 0 8185 0 8186
1686 8010 0 19 5 8034
1687 2 0 1 7946 7949
1688 7897 0 0 0 7897
1689 0 7845 0 2 7847
1690 7758 0 2 0 7760
1691 0 7811 0 0 7811
1692 0 7808 0 0 7808
1693 1 1 14 7773 7789
1694 7788 0 0 0 7788
1695 0 7820 0 2 7822
1696 7827 0 0 0 7827
1697 7761 0 1 0 7762
1698 7740 0 2 0 7742
1699 0 1 0 7648 7649
1700 3 0 7680 0 7683
1701 0 7538 0 3 7541
1702 5 7541 0 0 7546
1703 7487 12 0 2 7501
1704 3 7438 0 25 7466
1705 7481 2 0 1 7484
1706 1 0 7490 0 7491
1707 226 0 7192 0 7418
1708 0 0 7758 0 7758
1709 0 0 7751 0 7751
1710 7725 0 2 0 7727
1711 1 0 7815 0 7816
1712 7747 1 2 0 7750
1713 1 1 0 7720 7722
1714 1 0 0 7664 7665
1715 0 7653 1 4 7658
1716 0 7664 0 25 7689
1717 7774 1 1 0 7776
1718 7719 0 0 0 7719
1719 7668 0 7 0 7675
1720 0 0 7755 0 7755
1721 1 0 1 7305 7307
1722 7552 0 0 2 7554
1723 0 0 7683 1 7684
1724 7583 0 0 0 7583
1725 7607 0 8 16 7631
1726 0 0 7569 0 7569
1727 2 0 7498 1 7501
1728 7374 0 73 0 7447
1729 7508 0 1 1 7510
1730 7582 0 1 0 7583
1731 50 0 7516 0 7566
1732 7521 0 3 0 7524
1733 0 0 7528 0 7528
1734 7524 0 1 0 7525
1735 7474 1 6 0 7481
1736 0 0 1 7603 7604
1737 4 0 7585 0 7589
1738 7614 0 2 3 7619
1739 7614 0 92 0 7706
1740 7686 0 0 0 7686
1741 7588 0 0 0 7588
1742 2 1 0 7508 7511
1743 55 7492 0 1 7548
1744 7558 0 1 2 7561
1745 0 0 1 7538 7539
1746 7514 0 0 0 7514
1747 7490 0 1 1 7492
1748 7442 0 1 0 7443
1749 14 1 7421 0 7436
1750 0 0 7326 4 7330
1751 7323 0 0 0 7323
1752 0 0 7431 0 7431
1753 0 0 0 7253 7253
1754 1 1 0 7374 7376
1755 7407 0 8 6 7421
1756 0 6 1 7492 7499
1757 2 0 7461 1 7464
1758 10 0 7537 0 7547
1759 5 0 7625 1 7631
1760 7849 0 8 0 7857
1761 7921 0 2 0 7923
1762 7930 0 1 0 7931
1763 7906 18 13 0 7937
1764 0 7951 0 1 7952
1765 7864 0 1 0 7865
1766 0 7975 0 0 7975
1767 0 10 0 8004 8014
1768 8053 1 0 0 8054
1769 8009 0 0 0 8009
1770 7948 0 1 0 7949
1771 0 0 8028 0 8028
1772 0 0 7972 1 7973
1773 7998 0 2 0 8000
1774 8038 0 3 0 8041
1775 0 0 8077 1 8078
1776 7882 0 0 0 7882
1777 10 0 8032 0 8042
1778 7955 0 4 0 7959
1779 1 1 0 7946 7948
1780 0 0 7942 0 7942
1781 12 0 8006 0 8018
1782 0 0 0 7808 7808
1783 1 7965 1 6 7973
1784 0 38 0 8053 8091
1785 8081 0 3 0 8084
1786 0 1 0 8124 8125
1787 0 0 0 8131 8131
1788 8145 0 6 1 8152
1789 0 0 8121 0 8121
1790 0 2 0 7904 7906
1791 8099 0 6 8 8113
1792 25 0 8028 0 8053
1793 1 8056 0 0 8057
1794 8143 0 1 1 8145
1795 11 0 8136 0 8147
1796 8093 0 1 2 8096
1797 0 1 0 8162 8163
1798 1 0 8104 8 8113
1799 0 0 8052 6 8058
1800 0 4 0 7755 7759
1801 3 0 8004 4 8011
1802 2 0 7943 2 7947
1803 1 0 7975 1 7977
1804 0 7958 0 3 7961
1805 0 8041 0 3 8044
1806 0 8373 3 1 8377
1807 8481 0 8 0 8489
1808 8373 1 0 0 8374
1809 2 8419 0 0 8421
1810 8478 0 1 0 8479
1811 0 0 0 8477 8477
1812 0 0 0 8563 8563
1813 0 0 0 8584 8584
1814 8574 0 3 0 8577
1815 2 8626 0 0 8628
1816 8678 0 0 0 8678
1817 8663 0 0 1 8664
1818 1 3 1 8657 8662
1819 0 1 0 8702 8703
1820 4 1 0 8780 8785
1821 2 0 8744 0 8746
1822 8721 0 0 0 8721
1823 1 0 8811 0 8812
1824 8668 0 0 0 8668
1825 8696 0 0 0 8696
1826 8564 17 14 0 8595
1827 3 8751 0 1 8755
1828 0 0 0 8704 8704
1829 0 0 1 8785 8786
1830 1 0 8726 0 8727
1831 1 8711 0 0 8712
1832 8712 1 0 1 8714
1833 0 1 0 8657 8658
1834 8563 0 12 0 8575
1835 2 16 0 8425 8443
1836 3 8483 0 0 8486
1837 0 8478 0 1 8479
1838 1 8522 0 0 8523
1839 8499 0 1 0 8500
1840 4 0 8441 9 8454
1841 8283 0 1 0 8284
1842 8311 0 4 0 8315
1843 8296 0 1 0 8297
1844 0 5 0 8313 8318
1845 8296 27 0 0 8323
1846 1 1 8285 1 8288
1847 1 1 0 7921 7923
1848 8108 0 112 0 8220
1849 4 0 0 8183 8187
1850 1 0 2 8262 8265
1851 12 0 8198 1 8211
1852 8212 0 0 0 8212
1853 8241 1 0 0 8242
1854 0 0 8267 0 8267
1855 3 0 2 8108 8113
1856 8241 0 1 0 8242
1857 1 299 0 7992 8292
1858 8340 0 1 1 8342
1859 8338 0 0 0 8338
1860 0 1 1 8303 8305
1861 0 8315 0 2 8317
1862 0 0 0 8340 8340
1863 8395 0 0 0 8395
1864 8287 1 0 1 8289
1865 2 0 0 8373 8375
1866 4 0 8266 1 8271
1867 0 0 8118 1 8119
1868 8082 1 0 0 8083
1869 1 8146 0 1 8148
1870 1 8155 0 1 8157
1871 0 8259 0 0 8259
1872 0 3 0 8322 8325
1873 4 1 8314 0 8319
1874 8271 0 11 0 8282
1875 8303 0 0 1 8304
1876 0 3 0 8333 8336
1877 8254 0 1 0 8255
1878 0 8377 0 1 8378
1879 8406 0 1 0 8407
1880 8351 2 0 0 8353
1881 8275 0 0 0 8275
1882 0 0 8203 8 8211
1883 3 0 8181 0 8184
1884 0 0 8146 0 8146
1885 0 8303 0 1 8304
1886 2 0 8404 3 8409
1887 2 0 8464 0 8466
1888 0 18 0 8201 8219
1889 0 0 0 8510 8510
1890 8496 0 0 7 8503
1891 1 8694 0 1 8696
1892 2 2 0 8775 8779
1893 2 0 0 8852 8854
1894 0 8854 0 6 8860
1895 8830 0 0 0 8830
1896 0 0 0 8717 8717
1897 0 8790 0 5 8795
1898 1 8957 1 0 8959
1899 2 5 0 8908 8915
1900 0 8978 1 1 8980
1901 9083 0 5 0 9088
1902 9062 0 3 1 9066
1903 9123 0 1 0 9124
1904 9016 1 1 0 9018
1905 0 0 1 8988 8989
1906 0 8970 0 1 8971
1907 1 9008 0 1 9010
1908 25 9008 1 70 9104
1909 0 0 0 9014 9014
1910 0 0 0 9098 9098
1911 0 4 1 9090 9095
1912 12 0 9005 42 9059
1913 0 5 0 8957 8962
1914 20 0 8972 13 9005
1915 0 1 9044 0 9045
1916 3 0 9047 1 9051
1917 9027 0 22 1 9050
1918 3 9183 0 1 9187
1919 9137 0 6 4 9147
1920 0 12 1 9209 9222
1921 0 9 4 9327 9340
1922 0 2 1 9320 9323
1923 106 0 9153 0 9259
1924 0 1 1 9166 9168
1925 1 9224 1 0 9226
1926 0 16 1 9321 9338
1927 9220 0 2 0 9222
1928 1 0 0 9218 9219
1929 0 39 1 9328 9368
1930 2 0 9350 1 9353
1931 9180 4 14 1 9199
1932 187 0 9195 0 9382
1933 1 0 9229 0 9230
1934 2 0 9283 0 9285
1935 12 9423 0 0 9435
1936 9563 10 1 2 9576
1937 2 0 0 9650 9652
1938 2 9723 0 1 9726
1939 9923 0 3 1 9927
1940 9910 0 1 0 9911
1941 9911 1 0 3 9915
1942 1 0 9893 0 9894
1943 9638 0 10 0 9648
1944 13 4 10126 0 10143
1945 2 0 10049 0 10051
1946 0 10135 0 3 10138
1947 10208 1 8 0 10217
1948 29 0 10200 1 10230
1949 10120 0 2 3 10125
1950 0 10303 0 15 10318
1951 10325 0 1 2 10328
1952 0 1 1 10411 10413
1953 10400 1 12 0 10413
1954 10518 0 0 1 10519
1955 5 10595 0 0 10600
1956 2 0 0 10402 10404
1957 0 10527 0 1 10528
1958 0 10594 0 3 10597
1959 10565 2 4 0 10571
1960 5 0 10469 0 10474
1961 0 10492 3 0 10495
1962 10548 0 2 0 10550
1963 15 10536 0 0 10551
1964 10567 0 0 0 10567
1965 1 2 1 10533 10537
1966 0 0 10438 0 10438
1967 1 0 10402 0 10403
1968 0 60 1 10185 10246
1969 0 10363 0 2 10365
1970 0 10477 0 0 10477
1971 10437 0 5 3 10445
1972 0 0 10470 0 10470
1973 0 1 0 10299 10300
1974 10394 0 6 0 10400
1975 10405 0 9 0 10414
1976 10377 0 54 0 10431
1977 7 5 10424 0 10436
1978 10301 0 0 0 10301
1979 10417 0 3 0 10420
1980 10350 1 147 0 10498
1981 10390 0 0 0 10390
1982 3 1 0 10346 10350
1983 9 1 10224 2 10236
1984 15 0 10143 0 10158
1985 10174 0 16 0 10190
1986 0 10179 7 2 10188
1987 0 1 0 10214 10215
1988 10244 1 0 1 10246
1989 0 10260 0 9 10269
1990 12 0 10321 0 10333
1991 10252 0 0 1 10253
1992 0 22 0 10168 10190
1993 0 0 10058 0 10058
1994 1 10121 0 10 10132
1995 35 0 10130 2 10167
1996 2 0 10110 0 10112
1997 2 9 0 9499 9510
1998 41 0 9769 0 9810
1999 0 0 0 10248 10248
2000 1 10496 0 0 10497
2001 0 6 3 10542 10551
2002 1 0 10605 0 10606
2003 1 0 10516 2 10519
2004 10465 0 6 0 10471
2005 10631 0 0 0 10631
2006 9 10666 0 0 10675
2007 0 2 0 10602 10604
2008 0 10674 0 1 10675
2009 10612 0 0 0 10612
2010 0 21 1 10625 10647
2011 10533 0 0 0 10533
2012 0 3 10539 2 10544
2013 1 7 0 10342 10350
2014 0 0 1 10554 10555
2015 0 0 10603 0 10603
2016 0 0 10543 0 10543
2017 10448 0 8 0 10456
2018 0 0 10512 0 10512
2019 10433 0 0 0 10433
2020 10411 0 1 0 10412
2021 0 10408 0 0 10408
2022 1 10351 0 2 10354
2023 10486 0 5 0 10491
2024 10448 0 0 0 10448
2025 10502 0 5 0 10507
2026 10503 0 1 0 10504
2027 0 0 10414 0 10414
2028 10454 0 0 1 10455
2029 10431 0 0 0 10431
2030 10466 0 1 1 10468
2031 2 10313 0 185 10500
2032 10539 0 1 0 10540
2033 1 9 10403 0 10413
2034 10319 0 0 0 10319
2035 0 0 1 10201 10202
2036 0 10372 0 0 10372
2037 0 0 1 10346 10347
2038 10323 1 1 0 10325
2039 2 0 0 10316 10318
2040 10307 1 1 0 10309
2041 0 10322 0 47 10369
2042 0 0 0 10371 10371
2043 10389 0 4 0 10393
2044 10359 1 1 1 10362
2045 10316 0 0 0 10316
2046 21 10379 0 4 10404
2047 10233 0 1 0 10234
2048 0 10399 0 1 10400
2049 0 41 0 10333 10374
2050 2 0 10338 1 10341
2051 10219 0 0 0 10219
2052 9 1 1 10260 10271
2053 1 10261 0 4 10266
2054 10225 0 14 0 10239
2055 0 0 10190 0 10190
2056 10087 0 1 0 10088
2057 0 0 10200 0 10200
2058 5 0 10117 0 10122
2059 10176 0 4 1 10181
2060 10222 0 0 1 10223
2061 9 10222 0 4 10235
2062 10285 0 0 0 10285
2063 0 2 1 10318 10321
2064 2 0 10293 0 10295
2065 10193 2 0 3 10198
2066 0 2 0 10255 10257
2067 0 20 2 10301 10323
2068 4 10305 0 24 10333
2069 0 0 0 10385 10385
2070 0 1 1 10483 10485
2071 3 0 10392 0 10395
2072 10224 0 1 0 10225
2073 1 0 10213 8 10222
2074 0 0 10352 1 10353
2075 10411 0 13 0 10424
2076 10476 0 4 0 10480
2077 10 10406 0 0 10416
2078 10568 0 2 0 10570
2079 10526 0 0 0 10526
2080 0 2 1 10509 10512
2081 1 0 10381 0 10382
2082 3 10368 0 2 10373
2083 0 1 0 10387 10388
2084 10343 0 0 0 10343
2085 1 10383 0 1 10385
2086 47 0 10375 43 10465
2087 8 10454 0 0 10462
2088 2 1 0 10649 10652
2089 10726 0 1 0 10727
2090 10683 0 2 0 10685
2091 10662 2 0 0 10664
2092 0 0 1 10733 10734
2093 0 0 10740 0 10740
2094 1 0 1 10678 10680
2095 0 0 2 10819 10821
2096 4 0 10786 0 10790
2097 3 10687 0 4 10694
2098 10750 1 1 0 10752
2099 10488 0 0 2 10490
2100 1 10573 0 0 10574
2101 0 10582 0 1 10583
2102 1 14 0 10683 10698
2103 10644 0 0 1 10645
2104 0 0 1 10598 10599
2105 1 11 0 11006 11018
2106 0 3 0 11048 11051
2107 2 0 10842 1 10845
2108 10747 0 2 1 10750
2109 1 0 10609 1 10611
2110 1 0 10577 0 10578
2111 1 10353 0 1 10355
2112 1 10515 0 0 10516
2113 1 2 0 10774 10777
2114 1 0 10769 0 10770
2115 0 2 1 10661 10664
2116 0 1 1 10769 10771
2117 0 0 1 10846 10847
2118 0 101 0 10813 10914
2119 10909 0 0 3 10912
2120 10914 0 1 0 10915
2121 9 10803 0 9 10821
2122 10781 0 6 0 10787
2123 0 0 10676 1 10677
2124 0 4 1 10340 10345
2125 0 0 10473 0 10473
2126 0 10531 0 2 10533
2127 10530 1 2 0 10533
2128 1 0 0 10540 10541
2129 3 10532 0 0 10535
2130 10561 0 0 1 10562
2131 0 1 0 10534 10535
2132 10497 0 0 3 10500
2133 0 10570 0 6 10576
2134 10569 1 1 4 10575
2135 5 1 10557 0 10563
2136 16 0 10402 0 10418
2137 10479 0 0 0 10479
2138 10500 0 1 0 10501
2139 0 0 10348 0 10348
2140 0 10202 0 2 10204
2141 17 10268 0 0 10285
2142 10422 1 1 0 10424
2143 1 0 10329 0 10330
2144 3 0 0 10037 10040
2145 68 0 10051 1 10120
2146 15 2 10088 0 10105
2147 1 0 10125 2 10128
2148 1 0 0 10112 10113
2149 0 10068 0 4 10072
2150 10307 0 1 0 10308
2151 10226 0 2 0 10228
2152 0 10279 0 0 10279
2153 10302 0 4 1 10307
2154 0 37 0 10124 10161
2155 10125 0 0 0 10125
2156 2 0 10065 0 10067
2157 0 9991 0 41 10032
2158 10040 0 1 0 10041
2159 0 8 0 10028 10036
2160 0 0 9931 0 9931
2161 5 9844 0 1 9850
2162 0 1 1 9916 9918
2163 1 1 0 9967 9969
2164 1 0 9873 2 9876
2165 9882 0 1 2 9885
2166 0 0 9768 0 9768
2167 1 0 9607 0 9608
2168 0 9461 0 2 9463
2169 0 0 1 9571 9572
2170 9586 0 0 0 9586
2171 3 0 0 9531 9534
2172 6 3 9394 0 9403
2173 0 0 9324 0 9324
2174 1 9182 1 1 9185
2175 0 9123 0 11 9134
2176 1 9130 0 168 9299
2177 9347 0 2 1 9350
2178 2 9305 0 14 9321
2179 9341 0 0 1 9342
2180 0 0 9390 0 9390
2181 9222 0 1 1 9224
2182 0 0 0 9286 9286
2183 1 0 0 9311 9312
2184 9355 2 12 0 9369
2185 9287 2 3 0 9292
2186 40 0 9195 0 9235
2187 9144 0 8 0 9152
2188 9064 0 0 1 9065
2189 0 1 0 8988 8989
2190 25 0 8982 0 9007
2191 0 0 8982 0 8982
2192 8924 0 1 11 8936
2193 3 3 0 8876 8882
2194 94 1 8735 0 8830
2195 22 8783 0 1 8806
2196 8707 0 3 0 8710
2197 0 8797 0 5 8802
2198 1 0 8860 0 8861
2199 8695 0 11 1 8707
2200 0 2 2 8648 8652
2201 0 1 0 8622 8623
2202 8633 0 0 0 8633
2203 0 0 8644 0 8644
2204 8576 0 0 2 8578
2205 1 0 2 8548 8551
2206 0 1 0 8538 8539
2207 8485 0 1 0 8486
2208 0 0 1 8411 8412
2209 3 0 8455 0 8458
2210 8389 0 0 0 8389
2211 8336 0 17 1 8354
2212 0 0 1 8207 8208
2213 1 8341 0 0 8342
2214 8297 0 3 0 8300
2215 4 0 8389 0 8393
2216 0 0 8284 1 8285
2217 0 0 8239 0 8239
2218 8077 0 1 0 8078
2219 0 0 8245 0 8245
2220 8213 0 9 0 8222
2221 8237 0 1 0 8238
2222 0 0 0 8163 8163
2223 0 0 8130 0 8130
2224 1 1 0 7964 7966
2225 3 7976 0 1 7980
2226 8000 6 1 0 8007
2227 7980 0 0 0 7980
2228 7959 0 1 0 7960
2229 3 0 7915 4 7922
2230 33 0 7778 1 7812
2231 7878 0 5 1 7884
2232 0 1 0 7875 7876
2233 0 0 7865 0 7865
2234 7844 0 1 1 7846
2235 0 39 2 7751 7792
2236 1 1 1 7827 7830
2237 0 0 0 7724 7724
2238 1 0 0 7824 7825
2239 0 0 7817 0 7817
2240 7703 0 0 0 7703
2241 1 0 7706 0 7707
2242 7727 0 1 0 7728
2243 7673 0 0 1 7674
2244 7621 0 2 0 7623
2245 12 0 7536 0 7548
2246 0 7442 0 5 7447
2247 7470 0 0 0 7470
2248 7431 0 0 1 7432
2249 0 3 0 7460 7463
2250 0 0 7414 0 7414
2251 0 0 7330 1 7331
2252 0 7147 0 0 7147
2253 0 2 0 7139 7141
2254 0 7076 0 1 7077
2255 6720 0 2 1 6723
2256 0 7152 0 0 7152
2257 0 7225 0 0 7225
2258 0 0 0 7217 7217
2259 0 18 0 7249 7267
2260 11 0 7196 11 7218
2261 14 0 7206 0 7220
2262 0 0 0 6950 6950
2263 2 0 7149 0 7151
2264 6985 0 0 0 6985
2265 0 0 7188 9 7197
2266 7093 1 19 0 7113
2267 1 1 0 7164 7166
2268 0 18 0 7153 7171
2269 4 0 7100 1 7105
2270 0 0 7004 0 7004
2271 76 0 6961 0 7037
2272 0 2 0 6854 6856
2273 6820 0 0 0 6820
2274 1 6836 0 0 6837
2275 6957 0 2 8 6967
2276 2 1 0 6910 6913
2277 6924 0 0 0 6924
2278 0 0 0 6876 6876
2279 6885 0 1 3 6889
2280 6818 0 1 1 6820
2281 0 0 6747 0 6747
2282 6 6491 0 3 6500
2283 0 2 2 6344 6348
2284 1 0 0 6365 6366
2285 0 6478 0 0 6478
2286 4 0 6451 0 6455
2287 6330 0 0 0 6330
2288 6305 0 4 0 6309
2289 0 0 6202 1 6203
2290 6126 0 0 0 6126
2291 0 1 0 6111 6112
2292 1 0 6106 0 6107
2293 1 2 0 5880 5883
2294 0 0 0 5998 5998
2295 0 0 0 6072 6072
2296 5965 0 0 0 5965
2297 3 0 0 5780 5783
2298 1 0 5698 0 5699
2299 13 0 5453 1 5467
2300 0 0 5411 0 5411
2301 0 0 5358 0 5358
2302 0 1 0 5358 5359
2303 0 90 0 5293 5383
2304 5335 0 0 0 5335
2305 0 0 1 5161 5162
2306 0 0 0 5181 5181
2307 0 1 4914 0 4915
2308 0 0 4559 0 4559
2309 0 0 4 4408 4412
2310 23 4404 0 0 4427
2311 4241 0 152 0 4393
2312 0 5 0 4284 4289
2313 0 4221 0 0 4221
2314 4195 0 0 0 4195
2315 0 0 0 4098 4098
2316 0 0 0 3987 3987
2317 0 0 3920 0 3920
2318 3809 0 0 1 3810
2319 3724 0 0 0 3724
2320 0 3 0 3679 3682
2321 3507 0 1 0 3508
2322 136 3414 0 33 3583
2323 3569 0 1 0 3570
2324 0 1 0 3501 3502
2325 6 0 3404 0 3410
2326 0 3189 0 10 3199
2327 0 0 3194 0 3194
2328 2958 0 14 0 2972
2329 0 0 0 2947 2947
2330 2883 0 11 0 2894
2331 0 2915 0 7 2922
2332 2858 0 0 1 2859
2333 0 2945 0 13 2958
2334 2973 0 0 0 2973
2335 2909 0 0 0 2909
2336 2857 0 0 0 2857
2337 0 0 0 2745 2745
2338 0 0 2700 0 2700
2339 2590 0 0 0 2590
2340 0 1 0 2586 2587
2341 0 0 1 2572 2573
2342 2506 0 0 0 2506
2343 2422 1 2 0 2425
2344 2304 0 0 2 2306
2345 2226 0 5 0 2231
2346 0 0 0 1983 1983
2347 1 0 1740 0 1741
2348 1749 0 0 0 1749
2349 1696 0 0 0 1696
2350 1633 0 0 0 1633
2351 1456 0 0 0 1456
2352 1222 0 0 0 1222
2353 1140 0 11 0 1151
2354 0 0 1078 0 1078
2355 2 0 238 0 240
2356 3 209 0 0 212
2357 0 0 0 205 205
2358 0 207 0 0 207
2359 0 0 210 0 210
2360 0 0 0 193 193
2361 0 0 198 0 198
2362 0 9 0 164 173
2363 0 0 0 177 177
2364 0 0 0 172 172
2365 0 170 0 0 170
2366 0 0 0 170 170
2367 109 0 0 0 109
2368 0 110 0 0 110
2369 0 0 0 93 93
2370 0 0 0 60 60
