0 0 0 0 0 0
1 10 0 0 0 10
2 0 0 32 0 32
3 0 43 0 0 43
4 41 0 0 0 41
5 0 0 48 1 49
6 49 0 0 3 52
7 52 6 0 7 65
8 10 0 50 0 60
9 0 104 0 2 106
10 0 1 154 0 155
11 14 0 164 0 178
12 170 9 19 0 198
13 1 0 231 0 232
14 0 231 1 4 236
15 0 446 5 3 454
16 0 0 0 606 606
17 0 3 0 634 637
18 0 4 0 649 653
19 677 0 0 0 677
20 685 0 0 3 688
21 0 0 821 0 821
22 813 0 1 0 814
23 0 1 0 965 966
24 1 0 1013 1 1015
25 999 1 0 1 1001
26 1028 1 0 0 1029
27 0 5 0 1249 1254
28 1327 0 0 0 1327
29 0 0 0 1479 1479
30 1492 0 0 1 1493
31 1473 0 0 0 1473
32 1485 2 3 0 1490
33 0 1 0 1526 1527
34 0 1555 0 3 1558
35 0 1869 0 0 1869
36 0 1 0 1935 1936
37 0 0 0 2108 2108
38 2353 3 5 0 2361
39 0 51 0 2493 2544
40 0 4 0 2680 2684
41 1 2 0 2757 2760
42 0 1 0 2812 2813
43 0 2848 0 0 2848
44 0 0 0 2859 2859
45 1 2895 0 0 2896
46 0 22 0 2873 2895
47 0 0 0 2948 2948
48 0 2999 1 0 3000
49 2984 0 4 4 2992
50 0 0 0 3020 3020
51 3026 0 0 0 3026
52 0 0 3028 0 3028
53 2982 4 0 0 2986
54 0 3 0 3036 3039
55 0 0 3034 0 3034
56 0 0 0 2987 2987
57 0 0 2971 1 2972
58 1 3021 1 8 3031
59 0 3057 0 1 3058
60 1 3088 0 2 3091
61 15 0 3110 0 3125
62 0 2 0 3065 3067
63 3095 1 0 0 3096
64 2 3145 0 0 3147
65 3131 0 0 0 3131
66 0 0 3129 0 3129
67 1 0 3081 0 3082
68 0 3139 0 3 3142
69 3219 0 7 1 3227
70 0 0 3316 0 3316
71 0 3323 0 0 3323
72 3414 0 4 0 3418
73 3466 1 0 0 3467
74 1 2 0 3527 3530
75 0 34 0 3513 3547
76 0 1 0 3547 3548
77 0 3603 0 2 3605
78 3612 0 0 0 3612
79 3589 0 0 0 3589
80 5 3619 0 0 3624
81 3665 0 0 0 3665
82 3573 0 0 1 3574
83 0 3642 0 1 3643
84 3608 1 0 0 3609
85 0 2 0 3655 3657
86 0 2 0 3642 3644
87 1 3679 0 6 3686
88 0 3661 0 0 3661
89 0 3697 0 0 3697
90 3695 3 2 0 3700
91 0 0 0 3727 3727
92 3660 0 18 0 3678
93 0 3720 0 1 3721
94 3718 0 1 0 3719
95 0 3792 0 0 3792
96 0 2 0 3779 3781
97 0 0 3798 0 3798
98 2 0 3745 0 3747
99 0 0 0 3755 3755
100 0 0 3847 0 3847
101 0 16 0 3841 3857
102 0 6 0 3867 3873
103 0 3885 0 3 3888
104 0 3906 0 0 3906
105 2 3922 0 3 3927
106 1 3899 0 1 3901
107 0 4004 0 3 4007
108 0 1 0 3982 3983
109 0 13 0 3999 4012
110 3964 0 0 0 3964
111 0 15 0 3995 4010
112 1 1 0 3951 3953
113 0 3984 0 4 3988
114 2 4001 1 0 4004
115 3 4047 0 0 4050
116 4026 0 2 0 4028
117 1 0 0 4056 4057
118 1 0 4052 0 4053
119 0 0 4004 0 4004
120 3994 2 0 0 3996
121 4104 0 2 0 4106
122 3 4126 0 5 4134
123 4103 0 1 1 4105
124 1 0 4120 0 4121
125 0 0 4046 0 4046
126 4035 1 0 0 4036
127 4112 4 2 1 4119
128 0 4130 0 0 4130
129 4137 0 1 1 4139
130 0 0 4122 3 4125
131 0 0 4085 0 4085
132 1 115 1 3967 4084
133 0 116 0 4072 4188
134 4203 0 0 0 4203
135 1 4136 0 57 4194
136 4214 0 1 0 4215
137 0 4240 0 0 4240
138 4261 0 0 0 4261
139 4228 4 0 0 4232
140 0 0 0 4266 4266
141 4287 0 0 2 4289
142 0 0 4215 0 4215
143 4248 0 1 0 4249
144 1 4264 0 4 4269
145 4232 0 4 0 4236
146 0 4296 0 2 4298
147 0 2 0 4288 4290
148 0 0 4316 0 4316
149 1 0 0 4207 4208
150 1 0 4294 1 4296
151 4327 0 1 1 4329
152 0 0 0 4406 4406
153 0 4410 0 23 4433
154 4421 0 1 2 4424
155 0 2 4413 0 4415
156 4389 1 1 0 4391
157 4470 0 2 0 4472
158 2 4519 0 0 4521
159 7 0 4484 0 4491
160 1 4541 0 0 4542
161 4478 0 2 0 4480
162 0 3 0 4539 4542
163 1 0 4536 0 4537
164 4540 0 0 0 4540
165 0 1 4522 0 4523
166 0 1 0 4476 4477
167 4554 0 0 1 4555
168 0 4695 0 0 4695
169 0 1 0 4665 4666
170 0 4743 0 4 4747
171 4769 0 14 0 4783
172 4751 0 0 0 4751
173 4709 0 4 0 4713
174 10 4725 0 0 4735
175 4766 0 0 0 4766
176 4729 3 0 10 4742
177 6 0 4708 19 4733
178 2 0 4675 0 4677
179 0 0 4751 1 4752
180 3 0 4864 0 4867
181 5053 0 13 0 5066
182 5120 0 1 0 5121
183 5137 1 1 0 5139
184 325 4825 0 0 5150
185 5211 0 0 0 5211
186 2 0 5166 0 5168
187 0 196 0 4816 5012
188 5158 0 2 1 5161
189 0 5197 0 10 5207
190 5178 1 0 2 5181
191 0 4 2 5211 5217
192 0 271 0 4989 5260
193 0 0 0 5304 5304
194 0 5370 0 0 5370
195 0 10 0 5399 5409
196 19 0 5381 0 5400
197 5325 5 17 0 5347
198 0 0 0 5400 5400
199 0 0 5423 0 5423
200 0 12 0 5326 5338
201 0 7 0 5431 5438
202 5486 6 4 1 5497
203 0 5476 0 2 5478
204 5488 0 0 0 5488
205 0 0 5413 1 5414
206 0 0 5338 0 5338
207 5378 3 1 0 5382
208 0 0 0 5452 5452
209 1 0 5504 0 5505
210 0 5499 0 1 5500
211 5533 0 0 1 5534
212 1 5571 0 0 5572
213 5617 0 1 0 5618
214 5593 0 0 0 5593
215 0 0 0 5714 5714
216 0 7 5776 6 5789
217 3 0 5776 0 5779
218 1 0 0 5467 5468
219 1 0 5776 0 5777
220 1 0 5790 0 5791
221 5838 1 3 0 5842
222 0 3 0 5831 5834
223 0 5876 0 0 5876
224 0 5974 0 0 5974
225 6079 0 3 0 6082
226 6121 0 1 0 6122
227 6 6145 0 8 6159
228 6259 0 1 1 6261
229 6222 0 2 1 6225
230 6181 0 1 1 6183
231 1 0 0 6124 6125
232 1 0 6129 2 6132
233 0 0 6042 0 6042
234 6125 0 5 0 6130
235 0 6165 0 0 6165
236 1 6226 0 0 6227
237 6306 1 1 0 6308
238 0 8 0 6307 6315
239 1 0 1 6250 6252
240 6185 0 1 0 6186
241 1 6295 0 35 6331
242 2 6315 0 2 6319
243 0 6426 0 4 6430
244 2 0 6455 4 6461
245 6319 0 0 0 6319
246 6389 0 5 0 6394
247 0 0 6478 0 6478
248 6525 0 3 0 6528
249 0 86 0 6435 6521
250 6610 0 0 0 6610
251 6603 0 1 0 6604
252 0 1 0 6645 6646
253 1 0 6542 0 6543
254 6506 0 0 0 6506
255 7 0 6441 0 6448
256 0 6485 0 0 6485
257 0 6576 0 0 6576
258 21 0 6603 0 6624
259 6601 0 0 0 6601
260 0 0 6571 0 6571
261 0 78 0 6254 6332
262 0 0 6532 0 6532
263 0 6548 1 5 6554
264 1 6611 8 0 6620
265 1 4 0 6612 6617
266 6646 0 4 0 6650
267 1 0 5 6639 6645
268 1 0 6634 0 6635
269 0 6620 0 1 6621
270 6595 0 2 0 6597
271 0 6654 0 2 6656
272 6671 0 0 2 6673
273 6626 0 4 3 6633
274 0 21 0 6724 6745
275 0 0 0 6799 6799
276 6733 0 2 0 6735
277 0 0 6641 0 6641
278 6667 1 2 6 6676
279 0 0 2 6665 6667
280 0 6 1 6769 6776
281 3 0 6723 0 6726
282 1 6701 0 4 6706
283 6 0 6745 0 6751
284 0 4 0 6606 6610
285 5 6637 0 27 6669
286 1 109 0 6631 6741
287 0 0 0 6838 6838
288 6661 0 0 3 6664
289 7 0 6773 0 6780
290 6493 0 2 1 6496
291 91 0 6585 0 6676
292 0 0 6688 0 6688
293 3 6653 0 0 6656
294 0 0 6 6762 6768
295 0 0 0 6837 6837
296 0 1 0 6888 6889
297 6737 0 7 4 6748
298 2 0 6811 0 6813
299 6794 0 0 0 6794
300 0 2 0 6828 6830
301 6874 0 0 0 6874
302 111 0 6764 1 6876
303 6896 0 0 0 6896
304 6846 0 0 0 6846
305 0 0 1 6816 6817
306 2 0 6843 2 6847
307 1 0 6798 0 6799
308 6722 0 6 0 6728
309 0 96 0 6747 6843
310 13 0 6841 0 6854
311 6840 0 4 0 6844
312 6985 1 1 0 6987
313 4 0 6965 0 6969
314 7003 0 1 0 7004
315 6847 0 0 0 6847
316 0 6850 0 2 6852
317 6640 4 1 0 6645
318 6 6921 0 1 6928
319 0 6900 0 0 6900
320 1 6969 0 6 6976
321 7051 0 0 0 7051
322 2 0 6999 0 7001
323 2 0 7049 0 7051
324 0 0 4 6731 6735
325 0 7014 0 1 7015
326 0 17 1 7119 7137
327 0 2 0 7271 7273
328 0 1 0 7282 7283
329 0 0 0 7248 7248
330 0 1 0 7159 7160
331 0 7157 0 6 7163
332 7169 0 1 0 7170
333 7157 0 4 0 7161
334 0 0 7041 0 7041
335 1 7000 0 1 7002
336 7062 0 4 0 7066
337 2 0 6949 0 6951
338 0 6923 0 1 6924
339 0 7002 0 0 7002
340 0 1 1 6896 6898
341 8 6944 0 2 6954
342 6921 0 1 2 6924
343 4 6965 0 0 6969
344 7007 0 1 0 7008
345 1 0 7012 1 7014
346 6994 0 0 0 6994
347 6962 0 0 0 6962
348 0 2 0 6797 6799
349 1 1 6859 0 6861
350 4 6769 0 4 6777
351 0 89 0 6765 6854
352 6856 9 0 0 6865
353 0 1 0 6853 6854
354 2 0 6857 9 6868
355 1 0 6727 0 6728
356 6752 1 0 2 6755
357 0 0 6688 0 6688
358 5 1 6649 0 6655
359 0 6557 0 4 6561
360 0 6527 2 6 6535
361 1 6692 0 4 6697
362 0 5 0 6793 6798
363 6796 0 0 0 6796
364 6772 0 0 3 6775
365 0 1 0 6747 6748
366 1 0 6744 0 6745
367 1 0 6742 3 6746
368 0 3 6 6734 6743
369 1 6853 0 7 6861
370 6884 0 3 1 6888
371 0 7031 0 0 7031
372 7082 0 2 0 7084
373 7047 0 0 0 7047
374 0 7099 0 0 7099
375 0 0 0 7136 7136
376 1 0 7169 1 7171
377 0 4 0 7042 7046
378 7165 0 2 0 7167
379 2 0 7269 0 7271
380 7225 0 0 0 7225
381 0 7326 0 2 7328
382 7431 0 3 0 7434
383 7388 1 1 0 7390
384 7460 0 2 0 7462
385 0 0 0 7399 7399
386 0 2 0 7430 7432
387 7406 1 11 0 7418
388 7313 0 0 0 7313
389 1 7417 0 8 7426
390 0 7350 0 0 7350
391 5 7367 0 1 7373
392 7396 10 3 1 7410
393 6 0 7428 0 7434
394 0 0 7675 1 7676
395 0 0 7658 0 7658
396 61 0 7632 1 7694
397 7688 1 8 2 7699
398 0 0 7756 1 7757
399 7796 0 2 1 7799
400 0 7849 3 0 7852
401 7913 0 1 0 7914
402 111 0 7815 0 7926
403 7763 0 1 0 7764
404 5 7918 0 0 7923
405 0 4 0 8052 8056
406 0 0 0 8074 8074
407 0 0 0 8113 8113
408 0 1 0 8111 8112
409 1 1 8020 4 8026
410 7892 0 0 0 7892
411 0 1 3 7853 7857
412 1 1 0 7899 7901
413 0 0 7866 1 7867
414 0 0 7735 1 7736
415 7772 0 2 1 7775
416 0 7861 0 4 7865
417 7690 0 11 2 7703
418 1 0 7625 1 7627
419 0 0 0 7410 7410
420 7412 0 107 2 7521
421 0 0 0 7529 7529
422 0 0 7513 0 7513
423 3 7634 1 9 7647
424 7688 0 0 3 7691
425 0 0 7657 0 7657
426 7605 0 0 0 7605
427 7573 0 1 0 7574
428 7387 0 1 0 7388
429 0 7456 2 4 7462
430 4 7344 0 0 7348
431 7384 0 1 1 7386
432 7115 1 0 3 7119
433 0 7292 0 0 7292
434 1 7096 0 0 7097
435 0 17 0 6998 7015
436 4 2 6988 1 6995
437 0 7010 0 0 7010
438 2 10 1 7001 7014
439 4 0 6955 0 6959
440 0 6934 0 0 6934
441 6957 0 0 0 6957
442 6878 2 0 0 6880
443 1 6946 0 1 6948
444 42 0 6808 0 6850
445 4 0 6712 1 6717
446 0 6738 0 0 6738
447 6695 0 0 1 6696
448 0 6744 0 0 6744
449 0 0 0 6765 6765
450 6 0 6752 3 6761
451 6684 1 0 0 6685
452 6711 0 0 1 6712
453 0 0 0 6701 6701
454 6599 1 0 0 6600
455 0 6525 0 2 6527
456 6545 0 1 0 6546
457 6482 0 27 0 6509
458 11 6446 2 1 6460
459 6395 0 1 0 6396
460 6333 1 0 0 6334
461 0 0 0 6335 6335
462 6300 0 1 0 6301
463 6108 0 3 0 6111
464 6 6114 3 0 6123
465 0 6114 0 3 6117
466 0 0 0 5894 5894
467 0 6042 0 0 6042
468 0 1 0 5967 5968
469 0 0 0 5955 5955
470 0 0 0 5988 5988
471 0 1 0 5957 5958
472 5873 0 0 0 5873
473 39 0 5816 2 5857
474 0 0 5768 0 5768
475 0 1 0 5611 5612
476 0 0 0 5760 5760
477 3 0 5706 0 5709
478 5659 4 0 0 5663
479 5684 0 0 0 5684
480 0 2 0 5714 5716
481 0 1 5649 0 5650
482 5574 0 13 0 5587
483 0 1 5 5565 5571
484 0 3 1 5583 5587
485 0 1 0 5599 5600
486 5554 0 3 0 5557
487 5511 0 0 0 5511
488 5453 0 0 0 5453
489 0 0 0 5376 5376
490 0 0 5351 1 5352
491 0 0 5204 0 5204
492 5189 0 0 1 5190
493 0 0 5156 0 5156
494 0 5050 0 11 5061
495 0 5025 0 93 5118
496 71 0 4986 0 5057
497 4951 0 19 1 4971
498 1 4985 1 1 4988
499 4967 0 0 0 4967
500 4875 0 28 0 4903
501 4852 0 1 0 4853
502 0 0 4839 1 4840
503 0 0 4812 0 4812
504 0 37 0 4210 4247
505 0 0 4621 1 4622
506 0 0 4705 1 4706
507 4696 0 16 1 4713
508 0 0 0 4746 4746
509 0 0 0 4780 4780
510 4697 0 8 0 4705
511 4671 1 0 1 4673
512 0 0 0 4614 4614
513 4448 0 1 0 4449
514 1 4461 0 0 4462
515 0 4400 0 2 4402
516 2 1 0 4395 4398
517 1 0 3 4398 4402
518 0 0 0 4400 4400
519 0 5 0 4371 4376
520 0 0 0 4320 4320
521 2 0 4134 2 4138
522 0 3985 0 7 3992
523 0 3943 0 2 3945
524 3980 0 0 0 3980
525 8 0 3964 0 3972
526 2 0 3886 0 3888
527 3877 0 0 1 3878
528 0 13 0 3856 3869
529 3876 0 1 2 3879
530 0 3 0 3787 3790
531 0 3783 0 3 3786
532 3851 0 0 2 3853
533 0 1 0 3779 3780
534 0 3 0 3784 3787
535 4 0 3723 0 3727
536 3715 0 0 0 3715
537 1 33 0 3677 3711
538 1 2 5 3742 3750
539 2 3724 0 0 3726
540 3741 1 2 0 3744
541 0 5 0 3718 3723
542 0 0 0 3689 3689
543 3672 0 3 6 3681
544 1 0 3609 0 3610
545 3586 0 0 0 3586
546 0 3558 5 0 3563
547 3570 0 1 0 3571
548 46 0 3458 0 3504
549 3428 0 0 0 3428
550 7 3440 1 14 3462
551 3 3515 0 0 3518
552 1 0 0 3487 3488
553 4 0 3493 0 3497
554 3462 0 6 0 3468
555 3480 0 0 1 3481
556 3464 0 0 0 3464
557 1 1 0 3401 3403
558 1 0 3346 0 3347
559 3324 0 9 0 3333
560 0 3344 1 0 3345
561 0 4 0 3287 3291
562 0 0 0 3270 3270
563 0 1 0 3229 3230
564 19 3218 0 2 3239
565 0 3 0 3199 3202
566 0 1 0 3152 3153
567 0 3129 4 0 3133
568 0 1 0 3080 3081
569 3 3093 0 2 3098
570 3086 0 0 5 3091
571 2 0 3098 0 3100
572 1 0 0 2998 2999
573 3008 0 13 0 3021
574 3014 0 0 0 3014
575 2997 0 0 0 2997
576 6 0 2986 2 2994
577 2936 0 1 0 2937
578 2919 0 0 0 2919
579 0 0 1 2912 2913
580 2939 0 0 0 2939
581 4 0 1 2909 2914
582 2909 0 0 0 2909
583 2868 0 2 0 2870
584 2853 0 0 0 2853
585 4 0 2816 0 2820
586 2762 0 1 0 2763
587 2754 0 2 1 2757
588 2750 0 4 0 2754
589 2722 0 0 0 2722
590 2720 0 1 0 2721
591 2694 0 0 0 2694
592 4 0 0 2591 2595
593 0 2 1 2596 2599
594 0 0 2550 2 2552
595 0 2506 0 3 2509
596 2 2503 0 0 2505
597 0 0 1 2480 2481
598 2 0 2458 0 2460
599 12 2427 0 2 2441
600 0 2490 0 1 2491
601 2489 0 0 0 2489
602 2485 0 0 0 2485
603 2481 0 2 0 2483
604 2460 0 0 0 2460
605 2442 0 0 0 2442
606 0 2456 0 2 2458
607 2448 0 0 1 2449
608 0 0 2442 0 2442
609 2439 0 0 0 2439
610 2403 0 0 0 2403
611 2401 0 0 2 2403
612 6 0 2362 0 2368
613 0 0 2301 0 2301
614 0 0 2317 0 2317
615 0 0 0 2229 2229
616 6 8 0 2283 2297
617 0 0 0 2310 2310
618 2 2297 0 4 2303
619 0 2273 0 1 2274
620 0 0 0 2297 2297
621 3 2301 0 0 2304
622 2304 0 3 1 2308
623 0 3 0 2304 2307
624 2292 0 0 0 2292
625 2262 0 0 0 2262
626 2261 0 0 0 2261
627 1 0 2247 0 2248
628 2267 0 0 0 2267
629 1 0 2229 0 2230
630 0 0 2247 0 2247
631 2249 0 1 0 2250
632 7 0 0 2147 2154
633 2192 0 0 0 2192
634 2 2159 0 0 2161
635 0 2163 0 1 2164
636 2187 0 0 0 2187
637 2193 0 0 1 2194
638 0 0 0 2182 2182
639 0 0 2174 0 2174
640 2148 0 0 0 2148
641 2156 0 0 0 2156
642 3 0 2147 0 2150
643 0 0 2121 0 2121
644 0 14 0 1858 1872
645 2118 0 1 0 2119
646 2137 0 0 0 2137
647 2143 0 1 0 2144
648 2124 0 0 0 2124
649 1 0 2089 0 2090
650 2087 0 0 0 2087
651 0 2073 0 1 2074
652 2152 0 0 4 2156
653 2173 0 3 0 2176
654 2162 0 0 0 2162
655 2133 0 1 5 2139
656 0 0 0 2113 2113
657 2142 0 2 0 2144
658 2112 0 1 0 2113
659 0 2098 0 0 2098
660 4 2110 0 0 2114
661 2107 0 0 0 2107
662 2087 0 0 0 2087
663 2072 0 1 3 2076
664 0 0 2065 0 2065
665 0 1 0 1953 1954
666 0 0 2045 0 2045
667 0 0 2056 0 2056
668 2098 0 0 0 2098
669 2105 0 0 0 2105
670 0 0 1 2074 2075
671 2066 0 0 0 2066
672 1 2073 0 0 2074
673 2084 0 0 0 2084
674 0 0 0 2022 2022
675 0 2075 0 0 2075
676 2100 0 0 0 2100
677 2081 1 0 0 2082
678 2086 0 2 0 2088
679 2095 0 0 0 2095
680 0 0 2052 0 2052
681 2057 0 0 0 2057
682 1 0 2028 0 2029
683 0 2062 0 1 2063
684 2097 0 15 0 2112
685 0 0 0 2130 2130
686 0 0 0 2142 2142
687 2140 0 0 0 2140
688 0 0 0 2092 2092
689 0 2123 0 0 2123
690 2138 0 0 1 2139
691 0 0 0 2108 2108
692 0 0 0 2144 2144
693 2150 0 0 0 2150
694 2122 0 0 0 2122
695 2104 0 0 0 2104
696 0 2079 0 0 2079
697 2054 0 0 0 2054
698 0 2059 0 0 2059
699 2074 0 0 0 2074
700 2068 0 0 0 2068
701 0 0 0 2059 2059
702 2 0 2047 1 2050
703 2038 1 1 0 2040
704 0 2044 0 0 2044
705 2098 0 0 0 2098
706 2102 0 0 0 2102
707 2100 0 0 0 2100
708 2103 0 0 0 2103
709 0 0 2081 0 2081
710 2042 0 1 0 2043
711 0 2064 0 0 2064
712 0 0 2045 0 2045
713 0 2038 0 0 2038
714 0 0 0 2056 2056
715 0 0 2078 0 2078
716 2062 0 0 0 2062
717 2098 0 0 0 2098
718 2090 0 1 0 2091
719 0 0 2083 0 2083
720 2071 0 9 0 2080
721 0 0 2119 0 2119
722 0 0 2144 0 2144
723 7 7 0 1964 1978
724 2146 1 0 0 2147
725 2151 0 0 0 2151
726 2161 0 0 0 2161
727 0 2161 0 16 2177
728 0 0 0 2222 2222
729 1 0 2216 0 2217
730 2210 0 0 0 2210
731 2208 0 3 0 2211
732 2262 0 0 0 2262
733 2257 0 0 0 2257
734 2 0 2223 0 2225
735 2269 0 0 1 2270
736 2258 0 0 1 2259
737 0 0 2226 0 2226
738 2229 3 0 4 2236
739 0 0 2260 1 2261
740 0 2298 0 0 2298
741 24 0 2305 3 2332
742 2341 0 0 1 2342
743 0 0 0 2329 2329
744 0 2 4 2330 2336
745 1 0 2329 1 2331
746 0 2302 0 3 2305
747 0 2330 0 0 2330
748 2335 0 0 0 2335
749 2 2360 0 0 2362
750 0 0 0 2369 2369
751 1 0 2387 0 2388
752 0 2502 0 1 2503
753 1 1 0 2558 2560
754 1 0 2548 0 2549
755 2 0 2534 0 2536
756 2511 0 17 2 2530
757 2560 0 0 0 2560
758 0 1 0 2557 2558
759 2536 0 0 0 2536
760 0 2531 1 0 2532
761 2550 0 3 0 2553
762 2547 0 0 0 2547
763 2551 0 0 0 2551
764 0 0 0 2559 2559
765 2566 0 0 0 2566
766 2544 7 1 4 2556
767 0 1 2608 0 2609
768 2557 1 0 0 2558
769 0 0 2587 0 2587
770 0 0 2567 2 2569
771 10 1 2567 29 2607
772 0 0 1 2405 2406
773 0 0 0 2608 2608
774 1 1 0 2667 2669
775 0 0 2697 0 2697
776 0 1 0 2633 2634
777 2713 0 0 0 2713
778 0 0 0 2723 2723
779 0 0 0 2771 2771
780 2780 0 0 2 2782
781 15 0 2763 0 2778
782 0 0 0 2678 2678
783 2760 0 0 1 2761
784 0 0 2825 0 2825
785 0 0 0 2870 2870
786 0 0 0 3097 3097
787 2 0 3186 0 3188
788 3185 0 3 3 3191
789 3201 0 0 0 3201
790 3217 0 0 0 3217
791 3216 0 1 0 3217
792 0 3334 0 0 3334
793 0 0 0 3283 3283
794 0 0 0 3332 3332
795 1 0 3322 0 3323
796 2 0 3289 0 3291
797 0 3309 0 0 3309
798 0 1 0 3338 3339
799 3344 0 1 1 3346
800 3351 0 0 0 3351
801 3352 0 1 0 3353
802 3357 0 0 0 3357
803 3365 0 1 0 3366
804 2 0 0 3366 3368
805 3388 0 0 0 3388
806 0 0 0 3390 3390
807 3418 0 1 0 3419
808 0 0 0 3429 3429
809 0 0 3477 0 3477
810 0 3 0 3496 3499
811 1 0 3588 0 3589
812 3653 0 2 0 3655
813 3661 0 3 0 3664
814 3694 0 0 0 3694
815 3685 0 39 0 3724
816 1 0 0 3738 3739
817 0 3781 0 0 3781
818 0 0 0 3824 3824
819 3811 0 8 0 3819
820 1 0 3809 0 3810
821 3826 0 0 0 3826
822 3814 0 0 0 3814
823 1 3838 0 0 3839
824 3852 2 0 0 3854
825 3864 3 4 0 3871
826 3838 0 0 0 3838
827 1 0 3856 0 3857
828 0 0 0 3825 3825
829 0 0 3888 4 3892
830 0 0 3988 2 3990
831 1 2 0 3971 3974
832 0 0 1 4013 4014
833 0 0 0 4050 4050
834 4007 0 0 0 4007
835 1 4022 0 1 4024
836 2 4043 0 2 4047
837 4065 2 0 0 4067
838 1 0 4128 0 4129
839 0 0 0 4065 4065
840 4122 0 1 0 4123
841 0 0 4132 0 4132
842 2 0 4151 0 4153
843 0 1 0 3906 3907
844 1 0 4145 0 4146
845 1 0 4141 0 4142
846 4208 0 4 0 4212
847 4249 0 0 0 4249
848 4210 0 0 0 4210
849 6 4242 0 4 4252
850 2 1 4273 0 4276
851 4211 0 1 0 4212
852 4 0 4277 0 4281
853 4338 0 0 0 4338
854 4347 0 0 0 4347
855 0 0 4361 0 4361
856 4355 0 0 0 4355
857 4375 0 0 0 4375
858 4347 0 3 0 4350
859 5 0 4391 0 4396
860 2 4331 0 0 4333
861 0 4380 0 0 4380
862 4490 0 0 0 4490
863 4474 1 1 0 4476
864 4440 1 0 0 4441
865 3 4489 0 0 4492
866 0 0 0 4419 4419
867 19 0 4442 0 4461
868 0 1 0 4336 4337
869 0 4395 0 1 4396
870 4337 0 110 0 4447
871 4444 0 0 0 4444
872 4398 1 0 0 4399
873 2 0 0 4413 4415
874 2 1 4389 0 4392
875 1 4351 0 2 4354
876 4387 0 0 0 4387
877 5 0 4377 0 4382
878 0 2 0 4261 4263
879 4 0 4241 0 4245
880 4 0 4251 1 4256
881 0 4179 2 0 4181
882 0 4221 0 3 4224
883 4369 0 0 0 4369
884 4318 5 0 1 4324
885 4342 0 0 0 4342
886 4338 0 0 0 4338
887 0 0 0 4355 4355
888 2 0 4320 0 4322
889 0 4270 0 0 4270
890 0 0 0 4266 4266
891 0 4335 0 2 4337
892 4361 0 1 0 4362
893 0 0 4336 1 4337
894 0 0 0 4308 4308
895 4350 0 2 0 4352
896 4341 0 3 0 4344
897 0 4342 0 3 4345
898 1 5 0 4269 4275
899 1 0 4257 0 4258
900 0 4184 0 1 4185
901 0 4216 0 0 4216
902 0 4243 0 0 4243
903 4207 0 7 0 4214
904 3 4212 0 1 4216
905 4 4237 0 1 4242
906 4286 0 2 1 4289
907 0 1 4258 3 4262
908 0 0 4216 0 4216
909 4184 0 0 0 4184
910 0 0 4277 0 4277
911 1 0 4197 0 4198
912 11 0 4179 0 4190
913 4233 0 2 0 4235
914 0 956 0 3222 4178
915 0 960 0 3246 4206
916 4248 0 0 0 4248
917 2 0 4191 1 4194
918 0 4182 0 1 4183
919 4215 1 1 0 4217
920 1 0 0 4211 4212
921 10 0 4140 7 4157
922 4113 0 1 0 4114
923 1 4163 0 0 4164
924 4209 0 0 0 4209
925 2 0 4182 0 4184
926 0 0 6 4111 4117
927 4213 0 2 0 4215
928 4216 1 0 0 4217
929 1 4187 0 0 4188
930 4212 0 0 2 4214
931 0 0 4243 0 4243
932 1 0 4179 0 4180
933 4176 1 8 0 4185
934 0 0 4291 2 4293
935 4275 0 5 1 4281
936 0 4326 0 0 4326
937 4368 0 0 0 4368
938 4334 0 0 0 4334
939 0 3 0 4321 4324
940 4319 0 6 0 4325
941 0 4366 0 0 4366
942 4420 0 4 0 4424
943 4381 0 1 0 4382
944 4336 1 1 5 4343
945 4402 0 2 4 4408
946 0 0 0 4411 4411
947 0 0 4437 0 4437
948 0 0 4421 0 4421
949 4410 0 4 0 4414
950 4442 0 1 0 4443
951 0 0 0 4419 4419
952 0 0 4427 1 4428
953 4438 0 0 2 4440
954 4424 0 1 0 4425
955 0 0 0 4491 4491
956 1 0 4548 0 4549
957 0 0 0 4491 4491
958 0 1 0 4590 4591
959 1 1 0 4651 4653
960 4615 0 29 0 4644
961 4600 0 0 0 4600
962 4461 0 0 0 4461
963 1 4501 0 37 4539
964 1 4474 0 8 4483
965 1 4535 0 0 4536
966 4586 0 0 0 4586
967 4577 0 1 0 4578
968 0 0 4511 2 4513
969 4522 0 0 0 4522
970 4501 1 0 0 4502
971 0 0 0 4448 4448
972 0 4510 1 1 4512
973 0 2 0 4488 4490
974 0 3 0 4517 4520
975 0 0 1 4518 4519
976 0 0 0 4493 4493
977 0 0 2 4498 4500
978 2 0 4439 0 4441
979 10 0 4344 0 4354
980 4 4291 17 6 4318
981 179 3631 48 462 4320
982 4377 0 2 0 4379
983 0 1 1 4389 4391
984 0 0 4348 6 4354
985 4327 0 1 0 4328
986 0 4331 0 1 4332
987 9 2 0 4331 4342
988 0 0 4321 0 4321
989 4268 0 2 0 4270
990 4298 0 1 0 4299
991 4297 0 1 0 4298
992 5 0 4235 0 4240
993 4216 0 29 0 4245
994 4237 0 0 0 4237
995 0 0 0 4225 4225
996 4256 0 0 0 4256
997 4140 0 0 0 4140
998 0 4138 0 0 4138
999 0 4158 0 0 4158
1000 4143 0 0 0 4143
1001 0 0 4092 0 4092
1002 4068 0 1 0 4069
1003 0 0 4004 0 4004
1004 4032 0 3 1 4036
1005 0 4044 0 0 4044
1006 4052 0 0 2 4054
1007 0 0 3997 0 3997
1008 0 3956 0 0 3956
1009 0 3921 0 1 3922
1010 3 3959 0 3 3965
1011 3991 0 8 0 3999
1012 0 2 3983 0 3985
1013 4 1 1 3847 3853
1014 4 2 0 3907 3913
1015 0 0 0 3951 3951
1016 0 0 3873 1 3874
1017 3 0 3847 0 3850
1018 0 0 0 3758 3758
1019 0 0 0 3830 3830
1020 0 3839 0 1 3840
1021 3882 0 3 1 3886
1022 2 0 3863 0 3865
1023 108 0 3757 1 3866
1024 1 0 3966 0 3967
1025 3897 0 12 0 3909
1026 0 8 0 3964 3972
1027 0 1 0 4042 4043
1028 0 0 1 4029 4030
1029 0 0 0 4063 4063
1030 0 3 0 4104 4107
1031 0 0 4037 0 4037
1032 0 7 0 3862 3869
1033 3965 0 0 1 3966
1034 2 0 3970 0 3972
1035 0 4 0 3794 3798
1036 3936 0 31 1 3968
1037 2 0 0 3933 3935
1038 3939 0 0 1 3940
1039 4 0 3830 0 3834
1040 0 3782 0 0 3782
1041 3728 4 8 0 3740
1042 0 3839 0 0 3839
1043 0 3849 0 3 3852
1044 2 0 3798 0 3800
1045 3 0 3834 0 3837
1046 0 0 0 3725 3725
1047 0 3732 0 0 3732
1048 1 3873 0 3 3877
1049 0 0 1 3925 3926
1050 0 0 3934 0 3934
1051 0 0 0 3844 3844
1052 0 0 0 3860 3860
1053 1 3891 0 0 3892
1054 1 6 0 3864 3871
1055 0 3854 0 0 3854
1056 32 3911 0 0 3943
1057 3931 0 0 0 3931
1058 3924 1 0 1 3926
1059 0 0 0 3962 3962
1060 3974 0 0 0 3974
1061 3917 0 2 5 3924
1062 0 0 3911 0 3911
1063 3911 0 0 0 3911
1064 0 1 0 3903 3904
1065 3986 0 0 0 3986
1066 0 0 4063 0 4063
1067 0 4073 0 0 4073
1068 4113 0 0 0 4113
1069 4055 0 1 0 4056
1070 0 1 4118 0 4119
1071 3899 1 0 0 3900
1072 0 0 0 4024 4024
1073 0 4 0 4103 4107
1074 36 0 4086 0 4122
1075 0 0 4085 0 4085
1076 6 0 4069 0 4075
1077 243 0 3819 0 4062
1078 3939 2 1 0 3942
1079 4044 0 0 0 4044
1080 3815 0 240 0 4055
1081 0 1 4033 0 4034
1082 1 0 3988 0 3989
1083 3970 0 0 6 3976
1084 0 0 0 4025 4025
1085 0 3 0 4062 4065
1086 0 2 0 4074 4076
1087 4063 1 2 0 4066
1088 3 0 0 4127 4130
1089 3 0 4104 1 4108
1090 4086 0 0 0 4086
1091 0 0 0 4181 4181
1092 4199 0 0 0 4199
1093 4127 0 0 0 4127
1094 0 4138 0 0 4138
1095 4166 0 0 0 4166
1096 4154 0 5 0 4159
1097 2 0 4282 1 4285
1098 0 4314 0 0 4314
1099 4378 0 0 13 4391
1100 4371 0 0 0 4371
1101 4368 0 4 0 4372
1102 4352 0 1 0 4353
1103 2 4375 0 0 4377
1104 4441 0 0 1 4442
1105 4480 1 0 0 4481
1106 4512 0 0 0 4512
1107 4534 1 8 0 4543
1108 4494 1 6 0 4501
1109 5 0 4430 0 4435
1110 4491 0 1 0 4492
1111 0 4496 0 0 4496
1112 0 0 0 4529 4529
1113 4559 0 0 0 4559
1114 4504 0 1 0 4505
1115 4459 0 0 0 4459
1116 2 0 4402 0 4404
1117 0 0 4322 0 4322
1118 0 4368 1 3 4372
1119 0 2 0 4317 4319
1120 0 4401 0 1 4402
1121 4507 0 5 0 4512
1122 4487 0 1 0 4488
1123 4490 0 0 0 4490
1124 0 0 0 4438 4438
1125 4296 1 3 0 4300
1126 1 4419 0 0 4420
1127 0 4437 0 0 4437
1128 1 0 0 4412 4413
1129 0 1 0 4446 4447
1130 0 0 4398 0 4398
1131 0 1 0 4399 4400
1132 0 4382 0 16 4398
1133 0 4457 0 0 4457
1134 0 3 1 4422 4426
1135 1 0 4460 3 4464
1136 4402 0 3 0 4405
1137 2 0 1 4393 4396
1138 2 4411 0 1 4414
1139 0 4 0 4413 4417
1140 0 0 4452 0 4452
1141 0 0 0 4390 4390
1142 1 1 0 4450 4452
1143 0 9 0 4476 4485
1144 4470 0 20 0 4490
1145 0 0 4466 0 4466
1146 0 378 0 3915 4293
1147 4443 0 0 0 4443
1148 0 1 0 4412 4413
1149 4385 0 0 14 4399
1150 58 4293 1 12 4364
1151 5 4397 0 0 4402
1152 4457 0 2 0 4459
1153 0 0 1 4436 4437
1154 0 0 0 4487 4487
1155 4438 0 1 0 4439
1156 0 0 4465 1 4466
1157 4453 0 0 0 4453
1158 4494 0 0 0 4494
1159 4483 0 1 0 4484
1160 0 1 4529 0 4530
1161 4465 4 4 0 4473
1162 0 0 0 4541 4541
1163 4583 0 0 0 4583
1164 0 1 0 4574 4575
1165 4634 0 0 0 4634
1166 4600 0 0 0 4600
1167 0 12 0 4632 4644
1168 10 0 4602 0 4612
1169 4513 0 110 0 4623
1170 4609 0 3 0 4612
1171 0 7 4615 0 4622
1172 4623 0 0 0 4623
1173 4680 0 1 0 4681
1174 4666 0 0 1 4667
1175 0 4665 0 0 4665
1176 4677 0 0 0 4677
1177 4623 0 0 0 4623
1178 21 0 4571 1 4593
1179 4 0 4521 0 4525
1180 326 0 4377 2 4705
1181 0 4829 0 4 4833
1182 4907 0 0 0 4907
1183 4913 0 0 0 4913
1184 4909 0 0 0 4909
1185 4928 0 0 0 4928
1186 0 0 0 4938 4938
1187 0 1 0 4960 4961
1188 2 0 4914 0 4916
1189 4896 0 0 0 4896
1190 4910 1 0 0 4911
1191 10 0 4883 1 4894
1192 4947 0 0 0 4947
1193 4947 0 0 0 4947
1194 0 0 4954 0 4954
1195 0 5017 0 14 5031
1196 2 0 0 5081 5083
1197 5074 0 8 0 5082
1198 5094 0 1 0 5095
1199 5085 0 1 0 5086
1200 5001 0 0 0 5001
1201 3 5038 0 29 5070
1202 1 5072 0 2 5075
1203 5147 1 1 0 5149
1204 1 0 0 5112 5113
1205 0 0 1 5117 5118
1206 1 5103 0 0 5104
1207 0 1 0 5125 5126
1208 0 3 0 5141 5144
1209 0 5156 0 0 5156
1210 5201 0 1 0 5202
1211 5218 0 1 7 5226
1212 0 0 0 5291 5291
1213 0 0 5282 0 5282
1214 5260 0 1 0 5261
1215 5297 0 0 1 5298
1216 1 0 5300 0 5301
1217 5306 0 0 0 5306
1218 5304 0 3 1 5308
1219 1 0 5269 0 5270
1220 0 0 5242 0 5242
1221 5109 0 189 0 5298
1222 5317 2 3 1 5323
1223 0 5350 0 0 5350
1224 0 7 0 5350 5357
1225 3 0 5359 0 5362
1226 0 5332 0 27 5359
1227 5378 1 0 0 5379
1228 1 0 0 5367 5368
1229 2 5385 0 1 5388
1230 0 6 0 5386 5392
1231 0 2 0 5420 5422
1232 0 0 0 5460 5460
1233 7 2 5457 0 5466
1234 1 0 0 5344 5345
1235 2 5293 0 1 5296
1236 5205 2 3 1 5211
1237 0 5339 0 0 5339
1238 3 5436 0 0 5439
1239 0 2 0 5510 5512
1240 1 0 5485 0 5486
1241 2 0 5472 3 5477
1242 3 0 5495 0 5498
1243 5380 1 5 0 5386
1244 0 0 0 5476 5476
1245 2 0 5528 0 5530
1246 5449 0 1 0 5450
1247 0 0 1 5571 5572
1248 0 0 5561 1 5562
1249 5450 4 2 1 5457
1250 0 5 0 5571 5576
1251 0 1 5619 2 5622
1252 1 1 5625 1 5628
1253 1 0 5630 2 5633
1254 5682 0 1 1 5684
1255 5665 0 2 1 5668
1256 2 0 0 5723 5725
1257 1 0 5838 0 5839
1258 0 3 0 5719 5722
1259 0 0 0 5848 5848
1260 0 0 0 5909 5909
1261 5935 0 3 0 5938
1262 5882 0 3 0 5885
1263 0 0 0 5897 5897
1264 5969 2 0 1 5972
1265 0 1 0 5945 5946
1266 0 0 5914 1 5915
1267 0 5903 0 3 5906
1268 0 1 0 5956 5957
1269 5986 0 2 0 5988
1270 0 0 0 5899 5899
1271 0 5932 0 0 5932
1272 0 1 0 5908 5909
1273 5875 0 2 0 5877
1274 0 5838 0 1 5839
1275 0 5837 0 3 5840
1276 0 0 5839 1 5840
1277 0 1 0 5692 5693
1278 8 0 5853 9 5870
1279 0 1 1 5831 5833
1280 0 1 0 5917 5918
1281 6 0 5899 1 5906
1282 4 0 5867 0 5871
1283 3 0 5872 2 5877
1284 5773 0 0 0 5773
1285 2 0 5904 0 5906
1286 0 0 0 5818 5818
1287 5845 0 4 1 5850
1288 0 0 5839 2 5841
1289 0 5849 0 1 5850
1290 1 6 0 5854 5861
1291 2 1 5817 1 5821
1292 2 5756 0 2 5760
1293 5743 0 2 0 5745
1294 1 5777 0 55 5833
1295 0 1 1 5849 5851
1296 5842 1 22 0 5865
1297 0 0 5861 0 5861
1298 0 0 5823 0 5823
1299 0 10 0 5530 5540
1300 5713 1 3 1 5718
1301 0 2 0 5711 5713
1302 17 5774 0 1 5792
1303 5856 0 2 0 5858
1304 5813 1 4 1 5819
1305 102 0 5700 0 5802
1306 5778 1 3 1 5783
1307 5743 1 2 0 5746
1308 1 5796 0 4 5801
1309 5816 1 7 2 5826
1310 0 1 0 5837 5838
1311 0 2 0 5884 5886
1312 8 0 5803 0 5811
1313 4 0 5779 1 5784
1314 5705 0 3 0 5708
1315 5753 0 3 3 5759
1316 5718 0 0 0 5718
1317 0 5745 0 60 5805
1318 5820 0 0 0 5820
1319 5818 0 0 0 5818
1320 5778 0 0 3 5781
1321 3 0 5708 0 5711
1322 5711 0 0 1 5712
1323 5681 0 0 2 5683
1324 0 0 0 5652 5652
1325 5368 0 0 0 5368
1326 5 5597 0 0 5602
1327 12 5586 0 0 5598
1328 0 0 0 5626 5626
1329 5598 0 0 1 5599
1330 0 0 0 5551 5551
1331 0 0 5589 0 5589
1332 0 0 5549 0 5549
1333 1 0 5531 0 5532
1334 5495 1 0 1 5497
1335 0 1 0 5546 5547
1336 2 0 5519 0 5521
1337 4 0 5485 0 5489
1338 5463 0 4 3 5470
1339 0 5616 0 5 5621
1340 0 3 0 5616 5619
1341 315 0 5270 0 5585
1342 1 5590 0 3 5594
1343 5700 0 0 0 5700
1344 5642 0 0 1 5643
1345 0 0 1 5614 5615
1346 0 5613 3 0 5616
1347 0 0 0 5579 5579
1348 0 0 4 5571 5575
1349 0 5567 0 0 5567
1350 34 0 0 5590 5624
1351 3 0 5574 1 5578
1352 5583 0 2 0 5585
1353 0 0 0 5675 5675
1354 1 0 5640 1 5642
1355 5603 0 0 0 5603
1356 0 1 1 5685 5687
1357 0 0 0 5732 5732
1358 1 0 0 5680 5681
1359 0 0 0 5698 5698
1360 0 0 5614 0 5614
1361 0 5516 0 0 5516
1362 0 0 0 5574 5574
1363 2 5542 0 17 5561
1364 0 0 1 5619 5620
1365 17 0 5575 6 5598
1366 0 2 1 5518 5521
1367 1 0 1 5594 5596
1368 0 0 1 5645 5646
1369 3 0 5637 0 5640
1370 0 1 1 5579 5581
1371 0 1 1 5634 5636
1372 5638 0 1 0 5639
1373 5543 0 0 6 5549
1374 0 2 1 5599 5602
1375 0 3 5564 0 5567
1376 2 5542 0 0 5544
1377 5575 2 0 0 5577
1378 5528 0 6 1 5535
1379 5418 0 98 4 5520
1380 50 0 5491 0 5541
1381 0 0 5520 0 5520
1382 5430 0 1 0 5431
1383 1 1 1 5549 5552
1384 2 0 5605 0 5607
1385 5612 0 1 2 5615
1386 5648 0 4 0 5652
1387 0 0 5722 0 5722
1388 5626 1 0 6 5633
1389 5668 0 0 0 5668
1390 5614 0 0 1 5615
1391 10 5673 0 1 5684
1392 5635 0 0 0 5635
1393 0 2 1 5667 5670
1394 0 0 5662 0 5662
1395 0 3 2 5537 5542
1396 5566 0 0 0 5566
1397 0 0 1 5640 5641
1398 0 0 5603 1 5604
1399 0 0 5591 0 5591
1400 5510 0 7 0 5517
1401 5585 0 1 1 5587
1402 0 0 5655 0 5655
1403 0 0 5779 0 5779
1404 5813 1 0 0 5814
1405 5840 0 1 1 5842
1406 1 0 0 5906 5907
1407 5925 0 4 0 5929
1408 5912 0 0 0 5912
1409 5919 0 7 5 5931
1410 2 6039 0 0 6041
1411 0 0 6026 0 6026
1412 5874 0 1 0 5875
1413 3 6093 0 0 6096
1414 0 4 0 6119 6123
1415 2 2 0 6128 6132
1416 0 4 1 6099 6104
1417 0 1 0 6153 6154
1418 6138 0 0 0 6138
1419 0 6062 0 0 6062
1420 1 6138 0 0 6139
1421 5 0 6135 2 6142
1422 6103 0 3 0 6106
1423 6057 1 1 0 6059
1424 1 6158 0 0 6159
1425 6160 0 0 0 6160
1426 0 0 1 6214 6215
1427 2 0 6202 0 6204
1428 0 7 0 6072 6079
1429 6211 0 0 0 6211
1430 6147 0 1 0 6148
1431 6115 0 0 1 6116
1432 1 0 0 6125 6126
1433 0 1 0 6177 6178
1434 6179 2 0 27 6208
1435 0 8 0 6189 6197
1436 0 0 1 6197 6198
1437 1 0 6169 0 6170
1438 0 0 6138 1 6139
1439 4 0 6147 0 6151
1440 6158 0 4 0 6162
1441 6217 0 1 1 6219
1442 1 0 0 6316 6317
1443 6309 0 0 2 6311
1444 6302 0 2 0 6304
1445 6347 1 1 1 6350
1446 4 6311 0 2 6317
1447 6358 0 0 0 6358
1448 0 0 1 6369 6370
1449 0 0 6296 5 6301
1450 6322 0 1 0 6323
1451 0 0 6280 0 6280
1452 0 6352 0 13 6365
1453 6481 0 1 0 6482
1454 6482 0 1 0 6483
1455 6486 0 0 0 6486
1456 6546 0 1 0 6547
1457 6573 0 2 0 6575
1458 1 0 6654 0 6655
1459 6608 0 0 0 6608
1460 6699 0 0 1 6700
1461 6713 0 0 1 6714
1462 6703 0 1 2 6706
1463 0 0 6746 0 6746
1464 1 2 2 6523 6528
1465 0 3 3 6704 6710
1466 6732 0 1 0 6733
1467 0 6824 0 6 6830
1468 0 0 1 6865 6866
1469 1 0 6872 0 6873
1470 0 3 0 6755 6758
1471 6865 1 1 0 6867
1472 6888 0 0 1 6889
1473 0 1 2 6898 6901
1474 1 0 6799 0 6800
1475 6714 0 1 0 6715
1476 0 0 6752 1 6753
1477 6696 0 1 3 6700
1478 0 6969 0 1 6970
1479 0 0 0 7113 7113
1480 5 0 7054 1 7060
1481 2 0 7130 2 7134
1482 7014 0 2 0 7016
1483 7134 0 0 0 7134
1484 0 0 0 7262 7262
1485 0 0 7352 0 7352
1486 1 0 0 7197 7198
1487 0 0 0 7420 7420
1488 0 0 0 7509 7509
1489 4 0 7484 0 7488
1490 7572 0 2 0 7574
1491 7521 0 1 2 7524
1492 0 0 0 7576 7576
1493 0 0 1 7611 7612
1494 0 4 0 7624 7628
1495 7576 0 4 0 7580
1496 0 7614 0 3 7617
1497 7639 0 0 0 7639
1498 7608 5 1 2 7616
1499 1 0 7539 6 7546
1500 0 7496 0 3 7499
1501 7570 0 0 2 7572
1502 1 0 0 7550 7551
1503 1 0 7576 1 7578
1504 3 0 0 7450 7453
1505 3 1 0 7522 7526
1506 0 7515 0 0 7515
1507 1 0 1 7569 7571
1508 7481 0 0 1 7482
1509 0 7501 0 0 7501
1510 7547 0 2 1 7550
1511 0 0 7555 1 7556
1512 7446 0 2 0 7448
1513 1 0 7535 0 7536
1514 7457 1 6 0 7464
1515 1 1 0 7549 7551
1516 0 0 7575 1 7576
1517 0 0 7516 0 7516
1518 7408 1 1 1 7411
1519 0 2 1 7596 7599
1520 1 1 2 7641 7645
1521 0 1 1 7670 7672
1522 1 0 7642 0 7643
1523 1 1 1 7495 7498
1524 7623 0 2 0 7625
1525 1 0 1 7590 7592
1526 0 7592 0 0 7592
1527 0 4 0 7670 7674
1528 7724 0 0 2 7726
1529 7579 0 0 0 7579
1530 0 0 0 7664 7664
1531 0 0 0 7630 7630
1532 0 0 0 7580 7580
1533 1 2 0 7622 7625
1534 0 0 7552 0 7552
1535 1 7502 0 3 7506
1536 7583 0 2 0 7585
1537 7516 0 0 1 7517
1538 0 18 0 7590 7608
1539 1 0 7594 0 7595
1540 1 0 7519 0 7520
1541 7538 0 0 1 7539
1542 7520 0 1 1 7522
1543 407 7138 0 0 7545
1544 0 0 0 7548 7548
1545 37 7462 0 2 7501
1546 0 7508 0 0 7508
1547 1 7544 0 0 7545
1548 2 0 0 7519 7521
1549 4 3 0 7475 7482
1550 0 7523 0 1 7524
1551 1 0 7566 3 7570
1552 1 1 1 7439 7442
1553 0 0 0 7521 7521
1554 0 6 0 7608 7614
1555 0 0 7472 1 7473
1556 0 0 7282 2 7284
1557 1 0 7310 1 7312
1558 1 0 7433 0 7434
1559 1 3 1 7345 7350
1560 0 19 1 7434 7454
1561 3 1 7453 11 7468
1562 1 7429 0 0 7430
1563 0 6 1 7607 7614
1564 1 0 7588 1 7590
1565 0 0 7546 0 7546
1566 7491 0 6 2 7499
1567 3 0 7580 0 7583
1568 0 2 0 7568 7570
1569 7706 0 9 0 7715
1570 7728 0 8 4 7740
1571 7755 0 0 0 7755
1572 1 6 0 7733 7740
1573 6 0 7671 0 7677
1574 7753 0 0 0 7753
1575 7637 0 0 1 7638
1576 0 0 2 7636 7638
1577 1 7688 0 2 7691
1578 7710 0 21 1 7732
1579 0 0 7700 0 7700
1580 0 7720 0 4 7724
1581 7852 6 0 0 7858
1582 3 0 7885 0 7888
1583 7839 0 0 0 7839
1584 0 18 0 7828 7846
1585 7884 1 4 0 7889
1586 0 1 1 7877 7879
1587 0 0 7794 96 7890
1588 2 0 7736 1 7739
1589 2 7704 0 1 7707
1590 7820 1 1 1 7823
1591 7788 0 1 0 7789
1592 0 0 0 7905 7905
1593 7896 0 3 0 7899
1594 4 0 7925 0 7929
1595 6 0 7816 0 7822
1596 7795 0 0 0 7795
1597 7843 0 6 0 7849
1598 0 6 2 7894 7902
1599 4 0 7828 3 7835
1600 7784 0 6 0 7790
1601 1 7845 0 2 7848
1602 7941 0 0 0 7941
1603 7847 0 1 0 7848
1604 0 0 0 7889 7889
1605 7917 0 0 0 7917
1606 7910 1 6 0 7917
1607 0 0 0 7957 7957
1608 8069 0 3 0 8072
1609 8016 1 1 1 8019
1610 7977 0 0 0 7977
1611 11 0 7894 0 7905
1612 7950 0 0 0 7950
1613 7942 0 0 0 7942
1614 4 7941 0 1 7946
1615 8008 0 1 3 8012
1616 7984 0 2 0 7986
1617 1 7968 0 4 7973
1618 7984 0 1 1 7986
1619 0 0 0 7909 7909
1620 1 0 7899 0 7900
1621 7832 8 21 0 7861
1622 1 0 1 7799 7801
1623 0 7949 0 1 7950
1624 8077 0 0 1 8078
1625 7972 0 0 0 7972
1626 3 7947 0 4 7954
1627 8048 0 0 1 8049
1628 7982 0 1 0 7983
1629 0 1 1 7939 7941
1630 0 1 7967 1 7969
1631 0 1 7918 4 7923
1632 7929 1 2 0 7932
1633 7938 0 0 1 7939
1634 0 0 1 7886 7887
1635 1 0 7857 1 7859
1636 1 0 7783 2 7786
1637 1 0 7727 0 7728
1638 0 6 0 7692 7698
1639 2 7680 0 0 7682
1640 1 7750 0 0 7751
1641 7802 0 3 3 7808
1642 6 1 7765 0 7772
1643 4 7750 0 3 7757
1644 7848 0 3 0 7851
1645 7780 0 3 0 7783
1646 2 7793 0 2 7797
1647 7818 0 0 0 7818
1648 3 2 7707 8 7720
1649 0 7658 0 1 7659
1650 7731 0 1 2 7734
1651 0 7749 0 0 7749
1652 7837 0 2 0 7839
1653 7798 0 0 0 7798
1654 7686 1 0 1 7688
1655 2 7416 0 282 7700
1656 7717 0 1 0 7718
1657 0 0 7557 0 7557
1658 0 7439 0 0 7439
1659 4 7215 0 179 7398
1660 7424 0 2 0 7426
1661 0 1 1 7293 7295
1662 7264 15 5 0 7284
1663 2 7275 0 1 7278
1664 7318 1 1 0 7320
1665 2 0 7221 0 7223
1666 0 7150 0 0 7150
1667 0 1 0 7114 7115
1668 7188 0 20 0 7208
1669 0 0 2 7095 7097
1670 0 6 0 7056 7062
1671 8 7057 0 5 7070
1672 7125 0 0 0 7125
1673 1 14 0 7013 7028
1674 7013 0 0 0 7013
1675 10 1 6890 0 6901
1676 0 6766 0 1 6767
1677 1 5 0 6801 6807
1678 0 0 6816 1 6817
1679 6769 0 0 1 6770
1680 0 7 6 6706 6719
1681 0 0 0 6705 6705
1682 6717 0 0 0 6717
1683 1 4 0 6614 6619
1684 6664 0 1 0 6665
1685 0 3 6584 0 6587
1686 6432 0 44 0 6476
1687 3 1 0 6354 6358
1688 6331 0 0 0 6331
1689 1 6311 0 5 6317
1690 6242 0 0 1 6243
1691 0 6272 0 0 6272
1692 29 6215 0 0 6244
1693 1 0 8 6152 6161
1694 6171 0 2 0 6173
1695 0 6224 0 1 6225
1696 6279 0 0 0 6279
1697 6183 0 0 0 6183
1698 6182 4 0 0 6186
1699 0 0 0 6068 6068
1700 0 0 6141 0 6141
1701 1 5975 0 4 5980
1702 1 5990 0 1 5992
1703 5954 0 0 0 5954
1704 2 5910 0 4 5916
1705 5976 0 0 0 5976
1706 4 2 5989 0 5995
1707 29 0 5929 0 5958
1708 2 0 6190 2 6194
1709 1 1 6220 0 6222
1710 6168 0 16 1 6185
1711 1 0 6276 1 6278
1712 6196 1 0 0 6197
1713 0 1 0 6268 6269
1714 1 0 0 6270 6271
1715 0 6231 0 2 6233
1716 1 6273 0 0 6274
1717 6320 0 1 0 6321
1718 6267 0 0 0 6267
1719 6209 0 0 0 6209
1720 2 0 6279 1 6282
1721 0 3 0 5889 5892
1722 6184 0 1 4 6189
1723 0 0 6314 0 6314
1724 6274 0 0 0 6274
1725 6280 0 5 0 6285
1726 3 0 6236 0 6239
1727 1 1 6214 0 6216
1728 6160 1 0 0 6161
1729 6256 0 0 0 6256
1730 6268 0 0 0 6268
1731 0 0 6215 0 6215
1732 6239 0 0 0 6239
1733 0 0 6272 0 6272
1734 6295 0 1 0 6296
1735 6288 0 0 0 6288
1736 1 2 0 6382 6385
1737 1 0 6411 0 6412
1738 6419 0 0 0 6419
1739 6460 0 5 0 6465
1740 6418 0 1 0 6419
1741 6395 0 0 1 6396
1742 1 0 0 6296 6297
1743 1 6343 0 1 6345
1744 6383 0 0 2 6385
1745 0 1 0 6361 6362
1746 6392 0 1 0 6393
1747 6333 0 2 0 6335
1748 6309 0 1 1 6311
1749 7 0 6286 1 6294
1750 0 0 6265 0 6265
1751 6239 0 0 0 6239
1752 7 0 6274 0 6281
1753 0 3 0 6075 6078
1754 0 1 2 6159 6162
1755 6235 1 6 0 6242
1756 0 0 0 6242 6242
1757 0 0 6252 0 6252
1758 6 0 6276 1 6283
1759 0 0 6375 4 6379
1760 6523 0 5 4 6532
1761 6602 0 56 0 6658
1762 6618 0 1 0 6619
1763 6351 248 0 0 6599
1764 2 6673 0 0 6675
1765 6630 0 0 1 6631
1766 0 6740 0 5 6745
1767 0 5 0 6717 6722
1768 6753 0 0 0 6753
1769 6581 0 125 0 6706
1770 6695 0 4 0 6699
1771 0 0 6790 0 6790
1772 4 0 6757 0 6761
1773 6749 1 0 0 6750
1774 6832 1 0 1 6834
1775 0 0 6874 1 6875
1776 6755 0 0 1 6756
1777 0 0 6905 0 6905
1778 6845 2 3 0 6850
1779 3 3 1 6871 6878
1780 2 0 6840 0 6842
1781 3 0 6806 1 6810
1782 1 0 1 6592 6594
1783 13 6609 0 148 6770
1784 1 36 0 6915 6952
1785 6969 0 2 1 6972
1786 0 0 0 6985 6985
1787 0 1 0 7029 7030
1788 7040 0 0 0 7040
1789 2 0 6974 2 6978
1790 1 2 0 6704 6707
1791 6961 0 4 0 6965
1792 0 0 6923 2 6925
1793 0 6925 0 3 6928
1794 7031 0 0 3 7034
1795 10 0 6981 0 6991
1796 6962 0 0 0 6962
1797 0 1 0 6927 6928
1798 1 7 6922 0 6930
1799 0 0 6940 12 6952
1800 2 2 0 6630 6634
1801 7 0 6950 1 6958
1802 0 0 6880 1 6881
1803 12 3 6898 0 6913
1804 0 6915 1 1 6917
1805 1 7075 3 0 7079
1806 1 7410 0 0 7411
1807 7592 0 0 1 7593
1808 7523 0 1 0 7524
1809 0 7634 0 0 7634
1810 7651 0 0 1 7652
1811 0 13 1 7631 7645
1812 0 0 0 7758 7758
1813 1 1 0 7897 7899
1814 7761 0 0 0 7761
1815 2 7864 3 2 7871
1816 7881 0 0 0 7881
1817 7865 0 0 3 7868
1818 0 0 2 7892 7894
1819 0 1 0 7909 7910
1820 0 3 0 7970 7973
1821 3 1 8026 3 8033
1822 7979 0 2 1 7982
1823 6 0 8111 0 8117
1824 8081 0 1 1 8083
1825 8037 0 0 0 8037
1826 7957 0 0 1 7958
1827 1 8114 0 0 8115
1828 2 2 0 8011 8015
1829 0 4 0 8098 8102
1830 2 0 8046 0 8048
1831 0 8020 0 4 8024
1832 8093 0 1 0 8094
1833 0 1 0 8071 8072
1834 8045 0 2 0 8047
1835 0 4 0 7818 7822
1836 11 7883 0 18 7912
1837 1 7883 0 4 7888
1838 4 7922 0 0 7926
1839 7884 11 7 0 7902
1840 4 0 7913 3 7920
1841 7810 0 4 0 7814
1842 7833 1 1 0 7835
1843 7819 1 0 0 7820
1844 0 2 0 7839 7841
1845 7869 0 0 0 7869
1846 0 3 7884 0 7887
1847 0 10 0 7438 7448
1848 7787 0 1 1 7789
1849 0 1 0 7813 7814
1850 1 1 2 7802 7806
1851 0 0 7747 0 7747
1852 7675 0 2 0 7677
1853 7734 0 1 0 7735
1854 0 0 7749 1 7750
1855 0 0 0 7598 7598
1856 7821 0 2 1 7824
1857 0 3 0 7857 7860
1858 7880 0 9 0 7889
1859 7842 0 14 0 7856
1860 0 0 1 7794 7795
1861 1 7794 0 1 7796
1862 0 1 0 7800 7801
1863 7845 0 0 0 7845
1864 7746 0 1 0 7747
1865 1 1 2 7780 7784
1866 5 1 7761 0 7767
1867 1 0 7634 2 7637
1868 7616 0 1 0 7617
1869 1 7524 0 134 7659
1870 0 7640 0 2 7642
1871 2 7731 0 8 7741
1872 8 6 0 7827 7841
1873 2 0 7831 1 7834
1874 7781 0 5 3 7789
1875 7854 0 0 0 7854
1876 0 0 0 7871 7871
1877 7806 0 2 2 7810
1878 1 7925 0 0 7926
1879 7916 0 0 0 7916
1880 7849 0 1 2 7852
1881 7809 6 1 5 7821
1882 0 0 7721 2 7723
1883 0 1 7691 1 7693
1884 1 0 7659 0 7660
1885 2 7816 1 4 7823
1886 3 0 7992 2 7997
1887 3 0 8150 0 8153
1888 0 6 4 7883 7893
1889 0 6 0 8230 8236
1890 8240 1 6 2 8249
1891 1 8516 1 0 8518
1892 0 4 0 8685 8689
1893 0 1 0 8698 8699
1894 1 8678 0 5 8684
1895 8700 0 0 3 8703
1896 1 4 0 8556 8561
1897 0 8568 0 16 8584
1898 4 8736 0 1 8741
1899 0 1 0 8706 8707
1900 3 8774 0 2 8779
1901 8893 0 9 0 8902
1902 8847 0 5 1 8853
1903 8865 0 0 0 8865
1904 8770 0 0 0 8770
1905 0 2 0 8691 8693
1906 0 8658 0 3 8661
1907 0 8583 2 0 8585
1908 3 8694 0 36 8733
1909 1 0 0 8590 8591
1910 0 0 0 8654 8654
1911 0 0 0 8711 8711
1912 3 0 8689 0 8692
1913 0 4 0 8523 8527
1914 1 0 8598 5 8604
1915 0 0 8654 4 8658
1916 5 0 8669 0 8674
1917 8623 0 13 3 8639
1918 4 8794 0 0 8798
1919 8825 0 0 7 8832
1920 0 1 0 8824 8825
1921 0 15 1 8920 8936
1922 1 5 0 8964 8970
1923 0 0 8912 0 8912
1924 0 7 0 8813 8820
1925 0 8853 0 0 8853
1926 2 21 0 8942 8965
1927 8924 0 0 0 8924
1928 0 1 0 8940 8941
1929 0 1 0 9055 9056
1930 0 0 8945 2 8947
1931 8797 7 12 5 8821
1932 433 0 8457 0 8890
1933 1 1 8760 3 8765
1934 4 0 8785 4 8793
1935 5 8974 0 6 8985
1936 9027 14 0 1 9042
1937 0 1 0 9170 9171
1938 1 9222 0 1 9224
1939 9390 2 1 0 9393
1940 9320 1 0 0 9321
1941 9227 0 1 0 9228
1942 2 0 9213 2 9217
1943 9035 0 1 0 9036
1944 16 0 9477 0 9493
1945 9 0 9352 0 9361
1946 3 9437 1 6 9447
1947 9498 1 2 2 9503
1948 1 0 9550 1 9552
1949 9519 0 1 1 9521
1950 0 9698 0 1 9699
1951 9751 0 0 0 9751
1952 0 0 0 9811 9811
1953 9759 0 0 0 9759
1954 9694 0 2 0 9696
1955 4 9763 0 3 9770
1956 0 2 0 9560 9562
1957 0 9709 0 0 9709
1958 1 9781 0 3 9785
1959 9741 1 16 0 9758
1960 0 1 9520 0 9521
1961 1 9680 5 2 9688
1962 9801 0 0 0 9801
1963 8 9803 1 0 9812
1964 9832 0 1 1 9834
1965 0 2 1 9794 9797
1966 0 0 9695 0 9695
1967 0 0 9612 0 9612
1968 0 4 0 9482 9486
1969 2 9540 0 1 9543
1970 0 9704 0 0 9704
1971 9678 10 1 0 9689
1972 7 1 9765 0 9773
1973 0 3 0 9659 9662
1974 9801 0 0 1 9802
1975 9778 0 0 0 9778
1976 9779 0 12 0 9791
1977 1 0 9789 1 9791
1978 9830 0 2 2 9834
1979 9905 0 27 0 9932
1980 9941 0 16 0 9957
1981 9773 3 0 0 9776
1982 0 1 0 9735 9736
1983 2 0 9692 1 9695
1984 1 0 9615 0 9616
1985 9590 0 1 0 9591
1986 1 9754 0 0 9755
1987 0 0 0 9719 9719
1988 9781 0 0 0 9781
1989 2 9771 0 2 9775
1990 1 0 9780 0 9781
1991 9701 0 0 0 9701
1992 0 40 2 9519 9561
1993 0 0 9450 0 9450
1994 7 9579 0 3 9589
1995 59 0 9369 17 9445
1996 0 0 9416 0 9416
1997 1 7 0 8933 8941
1998 10 0 9169 0 9179
1999 0 2 54 9433 9489
2000 4 9786 0 2 9792
2001 0 7 6 9843 9856
2002 0 0 9904 2 9906
2003 0 0 9837 0 9837
2004 9770 1 7 0 9778
2005 9916 0 2 0 9918
2006 7 9972 0 0 9979
2007 0 15 0 9941 9956
2008 0 9928 2 0 9930
2009 9940 0 0 0 9940
2010 1 6 9 10029 10045
2011 9919 0 1 13 9933
2012 0 5 10003 0 10008
2013 1 2 0 9607 9610
2014 1 1 1 9892 9895
2015 0 0 9896 0 9896
2016 3 0 9832 0 9835
2017 9772 1 3 0 9776
2018 15 0 9822 0 9837
2019 9785 1 3 0 9789
2020 9839 0 0 1 9840
2021 9 9735 0 1 9745
2022 2 9754 0 1 9757
2023 9961 0 2 0 9963
2024 9950 0 0 0 9950
2025 9910 0 1 0 9911
2026 9913 0 3 0 9916
2027 4 0 9791 0 9795
2028 9817 0 28 0 9845
2029 9913 1 0 0 9914
2030 9902 0 0 1 9903
2031 1 9938 0 13 9952
2032 10031 0 1 0 10032
2033 0 0 9815 4 9819
2034 9714 0 25 1 9740
2035 0 0 1 9636 9637
2036 1 9827 0 0 9828
2037 0 0 0 9842 9842
2038 9870 0 0 2 9872
2039 1 0 1 9844 9846
2040 9825 0 2 0 9827
2041 4 9895 0 4 9903
2042 0 3 1 9928 9932
2043 9827 0 120 0 9947
2044 9818 0 1 0 9819
2045 9816 1 2 0 9819
2046 2 9826 0 17 9845
2047 9796 0 1 2 9799
2048 1 9956 0 0 9957
2049 2 2 4 9878 9886
2050 2 0 9886 1 9889
2051 9718 0 0 0 9718
2052 0 6 0 9771 9777
2053 4 9770 0 0 9774
2054 9844 0 1 0 9845
2055 18 0 9797 2 9817
2056 9689 0 7 0 9696
2057 0 0 9783 0 9783
2058 3 0 9707 0 9710
2059 9756 0 0 2 9758
2060 9853 1 2 0 9856
2061 1 9876 0 4 9881
2062 9999 0 2 1 10002
2063 0 4 1 9974 9979
2064 3 0 10019 3 10025
2065 9892 0 1 0 9893
2066 0 2 0 9853 9855
2067 2 2 0 9882 9886
2068 0 9939 0 0 9939
2069 0 4 0 9922 9926
2070 0 1 0 10055 10056
2071 1 2 9938 0 9941
2072 9838 0 2 0 9840
2073 6 0 9883 1 9890
2074 0 2 9834 0 9836
2075 9936 0 0 0 9936
2076 10009 0 11 0 10020
2077 5 10001 0 1 10007
2078 10175 0 1 9 10185
2079 10142 0 0 1 10143
2080 0 0 0 10117 10117
2081 7 0 9985 0 9992
2082 9 9845 0 3 9857
2083 0 0 1 9979 9980
2084 9994 0 1 0 9995
2085 5 10035 0 8 10048
2086 1 0 10106 0 10107
2087 0 10065 0 9 10074
2088 0 13 0 10231 10244
2089 10263 0 13 0 10276
2090 10243 0 1 0 10244
2091 10277 0 7 0 10284
2092 0 0 0 10299 10299
2093 0 0 10275 2 10277
2094 1 0 0 10166 10167
2095 0 1 0 10332 10333
2096 6 0 10280 0 10286
2097 1 10137 0 3 10141
2098 10256 1 0 0 10257
2099 10048 0 10 0 10058
2100 2 10084 0 0 10086
2101 2 10157 1 0 10160
2102 0 1 0 10327 10328
2103 10215 0 0 0 10215
2104 0 2 0 10119 10121
2105 0 3 0 10576 10579
2106 0 11 0 10563 10574
2107 3 0 10329 0 10332
2108 10234 0 0 1 10235
2109 1 0 10152 0 10153
2110 1 0 10073 0 10074
2111 0 9900 0 3 9903
2112 0 10113 0 1 10114
2113 5 3 0 10393 10401
2114 0 0 10422 3 10425
2115 1 0 4 10319 10324
2116 0 1 0 10397 10398
2117 0 1 0 10481 10482
2118 0 0 0 10600 10600
2119 10608 0 4 0 10612
2120 10472 0 0 0 10472
2121 4 10420 0 12 10436
2122 10364 0 1 1 10366
2123 1 0 10243 0 10244
2124 7 1 0 9780 9788
2125 7 0 9965 0 9972
2126 2 9996 0 1 9999
2127 10030 0 0 2 10032
2128 5 0 0 10039 10044
2129 0 10059 0 1 10060
2130 10054 0 2 0 10056
2131 0 0 0 10025 10025
2132 9987 0 2 0 9989
2133 1 10054 0 2 10057
2134 10106 1 0 0 10107
2135 1 1 9995 2 9999
2136 1 0 9843 2 9846
2137 9882 1 0 0 9883
2138 9877 0 0 0 9877
2139 0 0 9731 0 9731
2140 0 9570 0 2 9572
2141 1 9650 0 1 9652
2142 9876 0 1 0 9877
2143 2 0 9761 0 9763
2144 0 1 0 9463 9464
2145 12 0 9470 5 9487
2146 1 0 9426 0 9427
2147 1 0 9462 3 9466
2148 2 1 0 9448 9451
2149 1 9452 0 0 9453
2150 9659 0 3 1 9663
2151 9518 0 1 2 9521
2152 1 9612 0 0 9613
2153 9610 1 0 0 9611
2154 0 0 0 9452 9452
2155 9479 0 2 0 9481
2156 0 0 9410 0 9410
2157 9 9334 0 16 9359
2158 9361 0 0 0 9361
2159 1 102 0 9285 9388
2160 1 0 9247 0 9248
2161 26 9096 0 1 9123
2162 0 9 1 9166 9176
2163 2 1 0 9214 9217
2164 0 0 9075 0 9075
2165 9135 0 1 0 9136
2166 0 0 9033 0 9033
2167 1 0 8850 0 8851
2168 0 8748 0 2 8750
2169 0 12 0 8848 8860
2170 8871 0 3 1 8875
2171 1 5 0 8815 8821
2172 13 0 8711 0 8724
2173 1 0 8573 0 8574
2174 0 8364 0 1 8365
2175 2 8235 0 9 8246
2176 0 8423 0 0 8423
2177 8568 0 0 0 8568
2178 0 8542 0 1 8543
2179 8579 0 0 0 8579
2180 0 0 8557 0 8557
2181 8400 1 0 1 8402
2182 0 0 0 8434 8434
2183 1 0 0 8425 8426
2184 8450 1 3 1 8455
2185 8356 1 0 1 8358
2186 0 0 8307 0 8307
2187 8265 0 0 0 8265
2188 8180 0 4 0 8184
2189 1 3 0 8082 8086
2190 1 0 8157 4 8162
2191 0 0 8165 0 8165
2192 8066 0 1 2 8069
2193 1 3 0 8068 8072
2194 7 0 7974 0 7981
2195 1 7924 0 2 7927
2196 7926 0 3 0 7929
2197 12 7992 0 1 8005
2198 1 0 8046 0 8047
2199 7898 0 3 1 7902
2200 0 1 0 7849 7850
2201 0 3 0 7924 7927
2202 7930 0 1 0 7931
2203 4 2 7913 0 7919
2204 7880 0 0 1 7881
2205 2 72 0 7786 7860
2206 0 0 0 7835 7835
2207 7816 0 1 1 7818
2208 1 0 0 7762 7763
2209 0 1 7788 1 7790
2210 7695 1 0 0 7696
2211 7610 0 0 0 7610
2212 3 0 0 7459 7462
2213 0 7565 0 5 7570
2214 7579 0 3 0 7582
2215 25 0 7613 1 7639
2216 14 0 7569 0 7583
2217 18 0 7506 1 7525
2218 7397 0 0 0 7397
2219 2 0 7563 0 7565
2220 7535 0 1 0 7536
2221 7505 0 0 12 7517
2222 0 0 0 7531 7531
2223 3 2 7519 1 7525
2224 2 3 0 7353 7358
2225 0 7350 0 1 7351
2226 7392 0 2 0 7394
2227 7302 0 0 0 7302
2228 7319 0 3 0 7322
2229 7 0 7297 0 7304
2230 790 0 6426 0 7216
2231 7275 0 9 1 7285
2232 0 1 0 7248 7249
2233 5 0 7272 0 7277
2234 7299 0 6 0 7305
2235 0 82 0 7106 7188
2236 0 0 1 7239 7240
2237 0 1 1 7206 7208
2238 1 1 0 7288 7290
2239 0 0 7304 4 7308
2240 7193 0 5 0 7198
2241 0 0 7201 0 7201
2242 7183 1 0 0 7184
2243 7090 0 20 0 7110
2244 7057 1 2 1 7061
2245 4 0 6976 0 6980
2246 1 6901 0 2 6904
2247 6950 0 12 0 6962
2248 6843 0 0 0 6843
2249 2 17 0 6890 6909
2250 1 0 6847 2 6850
2251 2 0 6765 0 6767
2252 0 6590 0 3 6593
2253 1 1 0 6562 6564
2254 3 6521 0 0 6524
2255 6166 0 7 0 6173
2256 2 6551 0 0 6553
2257 0 6587 0 49 6636
2258 2 1 0 6624 6627
2259 0 14 1 6680 6695
2260 10 0 6608 1 6619
2261 1 0 6658 0 6659
2262 0 2 1 6326 6329
2263 1 0 6546 0 6547
2264 6354 1 1 0 6356
2265 0 0 6598 0 6598
2266 6495 0 4 0 6499
2267 0 0 0 6524 6524
2268 0 1 0 6537 6538
2269 6 0 6465 1 6472
2270 7 0 6423 4 6434
2271 4 0 6451 0 6455
2272 0 0 0 6256 6256
2273 6263 0 0 0 6263
2274 1 6261 0 0 6262
2275 6397 0 1 1 6399
2276 0 0 1 6327 6328
2277 6360 0 4 0 6364
2278 0 0 1 6269 6270
2279 6299 0 0 0 6299
2280 6228 0 0 0 6228
2281 0 0 6107 0 6107
2282 2 5924 0 0 5926
2283 0 0 0 5785 5785
2284 0 1 1 5818 5820
2285 0 5925 0 0 5925
2286 0 1 5923 1 5925
2287 5835 0 0 0 5835
2288 5756 0 1 0 5757
2289 1 0 5617 0 5618
2290 5539 0 1 0 5540
2291 0 0 1 5458 5459
2292 0 0 5521 0 5521
2293 0 0 1 5253 5254
2294 0 0 0 5401 5401
2295 0 0 0 5478 5478
2296 5379 0 2 0 5381
2297 1 0 0 5257 5258
2298 1 0 5171 0 5172
2299 4 0 5045 1 5050
2300 0 0 5014 0 5014
2301 0 0 5029 1 5030
2302 0 0 1 5023 5024
2303 0 43 0 4968 5011
2304 4979 0 2 3 4984
2305 0 0 0 4853 4853
2306 0 0 0 4924 4924
2307 1 0 4680 0 4681
2308 1 0 4390 0 4391
2309 1 5 0 4275 4281
2310 1 4250 0 0 4251
2311 4072 0 221 0 4293
2312 0 0 0 4111 4111
2313 2 4067 0 0 4069
2314 4101 0 0 0 4101
2315 0 0 0 3961 3961
2316 0 2 0 3913 3915
2317 0 0 3859 0 3859
2318 3667 0 3 0 3670
2319 3677 0 0 0 3677
2320 1 3 0 3602 3606
2321 3458 0 0 0 3458
2322 158 3306 3 0 3467
2323 3476 0 0 0 3476
2324 0 1 0 3414 3415
2325 0 0 3354 0 3354
2326 2 3179 0 3 3184
2327 4 0 3134 5 3143
2328 2910 0 1 4 2915
2329 0 3 5 2836 2844
2330 2771 0 1 0 2772
2331 3 2831 3 4 2841
2332 2749 1 0 0 2750
2333 0 2805 35 1 2841
2334 2792 0 0 0 2792
2335 2724 0 0 1 2725
2336 2693 0 0 1 2694
2337 0 0 1 2591 2592
2338 0 0 2514 0 2514
2339 2478 0 0 0 2478
2340 0 0 1 2420 2421
2341 0 1 0 2440 2441
2342 2389 0 0 0 2389
2343 2343 0 0 0 2343
2344 2277 0 0 0 2277
2345 2238 0 2 0 2240
2346 12 1 0 1930 1943
2347 0 0 1699 0 1699
2348 1668 0 2 0 1670
2349 1615 0 0 0 1615
2350 1559 0 0 0 1559
2351 1364 0 0 0 1364
2352 1185 0 0 0 1185
2353 1124 3 0 0 1127
2354 8 0 990 0 998
2355 0 0 222 0 222
2356 0 205 0 0 205
2357 0 0 0 196 196
2358 0 189 0 0 189
2359 0 0 189 0 189
2360 0 0 0 166 166
2361 0 0 179 0 179
2362 0 0 0 146 146
2363 0 0 0 148 148
2364 0 0 0 146 146
2365 0 145 0 0 145
2366 0 0 0 131 131
2367 77 0 0 0 77
2368 0 80 0 0 80
2369 0 0 0 75 75
2370 0 0 0 64 64
