0 0 0 0 0 0
1 180 0 0 0 180
2 0 0 0 222 222
3 0 0 0 231 231
4 0 0 0 239 239
5 0 0 0 276 276
6 0 301 0 0 301
7 1 2 0 333 336
8 0 0 0 585 585
9 0 0 784 0 784
10 0 1 0 849 850
11 2 0 881 0 883
12 884 0 0 0 884
13 905 0 5 0 910
14 0 970 0 0 970
15 0 0 0 994 994
16 0 0 0 1009 1009
17 0 1039 0 0 1039
18 1038 0 0 0 1038
19 1042 2 2 0 1046
20 4 0 1033 0 1037
21 0 1051 0 1 1052
22 986 0 60 1 1047
23 0 1069 0 0 1069
24 0 1091 0 7 1098
25 1068 21 0 2 1091
26 31 0 1066 0 1097
27 0 1 0 1095 1096
28 1123 0 1 0 1124
29 1596 0 0 3 1599
30 1672 0 5 0 1677
31 1706 0 0 0 1706
32 3 0 1692 3 1698
33 1695 0 0 0 1695
34 1716 0 5 0 1721
35 2 1882 0 2 1886
36 0 18 0 2176 2194
37 13 0 2198 0 2211
38 2191 0 0 0 2191
39 2219 0 1 0 2220
40 2232 0 0 0 2232
41 2210 0 0 0 2210
42 0 2 0 2234 2236
43 1 2248 0 1 2250
44 2293 0 0 0 2293
45 2276 0 4 0 2280
46 2269 0 0 0 2269
47 2271 0 0 2 2273
48 0 0 0 2300 2300
49 3 0 2292 0 2295
50 0 2 0 2274 2276
51 0 2367 0 4 2371
52 0 2414 0 0 2414
53 2392 0 44 0 2436
54 2388 0 30 0 2418
55 3 2455 0 0 2458
56 2444 0 0 16 2460
57 1 3 4 3083 3091
58 0 0 3145 0 3145
59 3 0 3134 0 3137
60 3131 1 6 9 3147
61 0 283 0 2965 3248
62 3316 3 0 2 3321
63 0 4 0 3465 3469
64 0 3657 0 7 3664
65 2 4 3910 0 3916
66 3870 14 49 6 3939
67 0 4092 0 6 4098
68 5 0 4224 0 4229
69 0 0 4296 0 4296
70 1 0 0 4240 4241
71 4389 0 11 0 4400
72 0 0 0 4880 4880
73 8 0 4919 1 4928
74 4933 0 1 0 4934
75 4946 1 5 0 4952
76 0 5061 0 0 5061
77 5026 1 2 2 5031
78 0 5316 0 11 5327
79 0 0 0 5354 5354
80 1 0 5666 0 5667
81 3 0 7728 0 7731
82 17 2 7762 0 7781
83 7981 0 1 2 7984
84 0 8158 0 7 8165
85 8456 0 0 0 8456
86 8011 1 2 367 8381
87 1 2 0 8556 8559
88 0 150 0 8512 8662
89 12 0 8553 2 8567
90 8611 0 5 0 8616
91 2 8888 0 1 8891
92 9046 3 0 1 9050
93 9062 0 1 0 9063
94 8993 3 0 0 8996
95 8883 9 1 0 8893
96 14 9001 0 13 9028
97 8792 5 1 0 8798
98 1 9138 0 2 9141
99 3 9060 2 93 9158
100 43 0 9236 0 9279
101 35 0 9234 0 9269
102 8919 0 285 4 9208
103 9339 0 15 0 9354
104 3 0 9354 0 9357
105 9316 0 2 0 9318
106 9500 0 2 0 9502
107 9522 1 6 1 9530
108 0 8 0 9530 9538
109 9563 2 5 0 9570
110 9454 0 1 2 9457
111 9 9632 0 4 9645
112 0 596 0 8944 9540
113 0 22 0 9647 9669
114 3 9799 1 0 9803
115 1 4 0 9799 9804
116 13 0 9747 0 9760
117 0 0 9662 0 9662
118 9710 0 11 0 9721
119 9792 0 6 0 9798
120 10 9744 0 79 9833
121 5 9865 0 0 9870
122 9879 2 7 0 9888
123 8 2 9842 1 9853
124 0 4 0 9542 9546
125 2 0 9799 1 9802
126 3 0 9691 1 9695
127 53 0 9718 3 9774
128 9792 0 8 0 9800
129 4 9946 0 0 9950
130 10013 0 3 0 10016
131 9958 0 3 0 9961
132 3 9927 0 25 9955
133 0 9994 0 2 9996
134 10017 1 5 0 10023
135 1 0 9892 1 9894
136 9920 1 1 1 9923
137 0 9922 0 2 9924
138 0 9990 1 1 9992
139 10042 0 13 0 10055
140 9940 1 0 0 9941
141 2 1 0 9923 9926
142 1 10029 0 0 10030
143 10020 0 0 0 10020
144 0 11 0 9940 9951
145 0 397 0 9555 9952
146 10085 1 0 0 10086
147 1 2 9886 3 9892
148 9907 0 3 1 9911
149 0 10004 0 1 10005
150 0 9974 0 3 9977
151 10106 0 7 1 10114
152 3 0 9902 0 9905
153 2 9953 0 2 9957
154 10068 1 1 2 10072
155 9902 0 0 0 9902
156 0 10043 2 3 10048
157 1 9961 0 4 9966
158 6 10084 0 3 10093
159 0 1 1 9891 9893
160 0 8 1 9907 9916
161 2 684 9197 0 9883
162 2 9903 0 3 9908
163 3 9927 1 6 9937
164 1 9904 0 1 9906
165 0 9984 0 3 9987
166 9816 0 31 0 9847
167 0 9985 1 1 9987
168 0 10015 0 0 10015
169 10095 0 1 3 10099
170 9990 1 0 0 9991
171 7 2 9880 2 9891
172 3 10089 0 2 10094
173 10189 0 6 0 10195
174 10124 0 3 0 10127
175 8 10150 0 2 10160
176 10202 0 0 2 10204
177 10101 0 0 2 10103
178 10000 0 0 0 10000
179 2 10088 0 0 10090
180 3 3 9801 0 9807
181 9801 0 10 0 9811
182 9576 0 0 1 9577
183 3 9701 4 3 9711
184 3 9617 0 2 9622
185 4 9717 0 4 9725
186 1 0 9612 0 9613
187 1 45 2 9315 9363
188 9515 1 3 0 9519
189 9557 0 1 0 9558
190 5 9548 2 24 9579
191 0 9523 0 0 9523
192 5 9561 0 3 9569
193 9570 0 0 0 9570
194 0 0 0 9193 9193
195 0 9502 0 3 9505
196 3 9487 0 15 9505
197 0 9573 3 4 9580
198 5 9563 0 33 9601
199 16 0 9569 2 9587
200 5 0 9374 0 9379
201 9320 1 21 2 9344
202 9419 1 0 1 9421
203 9452 0 0 0 9452
204 1 0 9344 2 9347
205 9342 1 11 0 9354
206 163 0 9216 0 9379
207 4 9691 0 0 9695
208 9708 0 13 0 9721
209 9691 0 12 0 9703
210 1 9684 0 2 9687
211 1 9618 0 9 9628
212 9587 0 3 0 9590
213 0 9703 6 9 9718
214 9745 0 2 0 9747
215 9609 0 4 0 9613
216 4 0 9466 0 9470
217 5 9445 0 16 9466
218 9452 1 3 0 9456
219 37 0 9468 1 9506
220 2 5 0 8481 8488
221 7 1 9121 1 9130
222 9264 0 9 1 9274
223 9381 0 0 1 9382
224 5 0 9479 0 9484
225 9425 0 1 0 9426
226 1 1 1 9378 9381
227 6 1 9390 2 9399
228 9337 0 8 0 9345
229 0 2 1 9427 9430
230 47 0 9445 0 9492
231 0 5 0 8967 8972
232 6 9399 1 0 9406
233 102 0 9367 2 9471
234 1 0 9309 2 9312
235 9132 0 215 1 9348
236 9344 0 0 0 9344
237 4 0 9469 3 9476
238 16 0 9349 0 9365
239 9249 0 3 2 9254
240 9279 0 17 1 9297
241 9342 0 1 0 9343
242 137 2 8917 0 9056
243 4 9004 0 28 9036
244 4 9055 0 8 9067
245 2 9117 0 4 9123
246 9197 2 1 0 9200
247 9153 0 3 0 9156
248 9120 0 1 0 9121
249 8875 0 15 0 8890
250 38 0 8757 0 8795
251 8784 0 0 0 8784
252 8791 0 0 0 8791
253 19 0 8526 0 8545
254 3 8559 0 2 8564
255 8725 0 1 0 8726
256 1 0 8417 0 8418
257 8457 0 3 0 8460
258 0 8457 3 1 8461
259 2 8287 0 8 8297
260 1 8333 0 0 8334
261 2 8409 0 3 8414
262 10 0 8215 12 8237
263 8121 0 0 1 8122
264 1 8172 0 1 8174
265 8129 1 10 0 8140
266 1 0 8121 0 8122
267 8012 0 1 1 8014
268 6 0 8065 0 8071
269 7979 0 1 0 7980
270 0 0 3 8024 8027
271 8092 0 1 0 8093
272 8085 0 4 0 8089
273 8043 0 2 0 8045
274 8 0 7874 0 7882
275 7829 0 3 4 7836
276 7795 1 1 0 7797
277 43 0 7569 0 7612
278 7694 2 5 2 7703
279 5 0 7518 0 7523
280 2 7369 1 19 7391
281 4 0 7346 0 7350
282 0 0 1 7069 7070
283 0 7335 0 5 7340
284 1 6 1 7232 7240
285 7314 0 2 0 7316
286 9 7351 4 3 7367
287 7458 0 3 0 7461
288 7398 0 7 0 7405
289 30 7287 0 2 7319
290 7333 0 1 1 7335
291 0 1 0 7305 7306
292 2 0 7349 0 7351
293 0 0 7225 0 7225
294 0 4 0 5789 5793
295 2 0 6789 1 6792
296 26 0 7480 2 7508
297 0 3 0 6421 6424
298 12 0 7239 0 7251
299 7545 0 1 0 7546
300 7659 0 0 0 7659
301 7629 0 17 0 7646
302 2 7624 0 1 7627
303 0 1 0 7372 7373
304 4 2 7400 0 7406
305 2 0 7715 0 7717
306 2 1 7808 1 7812
307 1 7589 1 32 7623
308 6 0 7675 0 7681
309 7616 0 19 1 7636
310 7579 0 4 0 7583
311 0 0 0 7636 7636
312 6 1 0 7775 7782
313 3 7727 0 3 7733
314 2 4 0 7710 7716
315 7699 0 1 0 7700
316 0 7603 0 7 7610
317 7582 1 1 0 7584
318 7503 0 0 0 7503
319 4 7428 0 1 7433
320 0 7344 0 0 7344
321 7474 0 1 1 7476
322 25 0 7371 3 7399
323 7242 0 3 0 7245
324 3 2 1 7301 7307
325 4 0 7337 0 7341
326 7250 0 1 0 7251
327 0 6 0 7251 7257
328 2 0 7321 3 7326
329 64 0 7191 2 7257
330 0 1 0 6982 6983
331 1 30 0 7044 7075
332 7232 1 0 4 7237
333 7185 0 5 0 7190
334 7139 1 2 0 7142
335 15 0 7088 0 7103
336 1 6997 0 3 7001
337 0 1 1 6934 6936
338 3 0 6992 2 6997
339 4 0 6915 3 6922
340 6852 0 24 8 6884
341 0 6885 0 0 6885
342 0 5 0 6770 6775
343 0 6862 0 1 6863
344 6991 1 3 0 6995
345 6965 0 1 0 6966
346 0 1 0 6964 6965
347 4 0 6931 3 6938
348 6883 0 0 0 6883
349 0 5 0 6835 6840
350 6 0 6855 0 6861
351 6795 0 1 1 6797
352 12 6751 1 0 6764
353 6795 0 0 1 6796
354 0 0 0 6751 6751
355 1 0 6781 0 6782
356 2 0 6727 0 6729
357 6595 0 1 0 6596
358 7 0 6758 1 6766
359 6738 0 1 4 6743
360 3 0 6819 0 6822
361 6759 0 0 1 6760
362 6776 0 1 0 6777
363 6823 0 3 0 6826
364 1 0 0 6588 6589
365 0 6688 0 2 6690
366 4 4 1 6683 6692
367 6724 0 0 0 6724
368 6602 0 3 0 6605
369 1 0 1 6511 6513
370 2 6548 0 15 6565
371 3 6619 0 0 6622
372 6722 0 1 0 6723
373 6681 0 0 0 6681
374 6643 0 1 0 6644
375 6528 0 0 0 6528
376 0 1 1 6393 6395
377 1 0 6341 0 6342
378 2 6282 0 10 6294
379 21 0 6312 0 6333
380 4 6196 0 1 6201
381 6225 0 0 0 6225
382 4 1 0 6090 6095
383 6 0 6164 0 6170
384 1 6056 0 9 6066
385 1117 5021 0 7 6145
386 3 0 6138 0 6141
387 1 0 0 5846 5847
388 42 2 5934 17 5995
389 0 0 6032 0 6032
390 6082 0 10 0 6092
391 6131 1 5 0 6137
392 6152 0 3 0 6155
393 3 0 6084 0 6087
394 6035 0 20 0 6055
395 6189 0 2 0 6191
396 0 0 1 6190 6191
397 1 1 1 6181 6184
398 0 18 0 6151 6169
399 0 3 0 6181 6184
400 6221 0 0 5 6226
401 2 2 0 6116 6120
402 0 2 1 6132 6135
403 22 3 6113 0 6138
404 0 0 6044 2 6046
405 0 6054 0 0 6054
406 1 2 0 6041 6044
407 1 0 6070 1 6072
408 0 5945 0 4 5949
409 3 5979 0 1 5983
410 6055 0 0 0 6055
411 2 6040 0 0 6042
412 0 2 1 6088 6091
413 0 0 6108 1 6109
414 6049 0 0 0 6049
415 1 2 5 6016 6024
416 2 0 5973 0 5975
417 6036 1 0 0 6037
418 5 5965 4 0 5974
419 6134 0 2 1 6137
420 6323 0 0 0 6323
421 3 0 6257 0 6260
422 6223 1 1 0 6225
423 6277 0 0 0 6277
424 6297 0 0 0 6297
425 6218 1 0 1 6220
426 7 6295 0 0 6302
427 2 5672 0 587 6261
428 2 1 6223 0 6226
429 5974 0 5 1 5980
430 16 1 6171 2 6190
431 1 0 1 5903 5905
432 1 2 2 5890 5895
433 4 5939 0 21 5964
434 1 6005 3 0 6009
435 6089 0 2 1 6092
436 5 0 6053 2 6060
437 5960 0 0 0 5960
438 5945 0 0 0 5945
439 4 0 5937 0 5941
440 5875 0 3 0 5878
441 5963 0 2 0 5965
442 5945 0 63 0 6008
443 6069 0 3 1 6073
444 6091 0 0 0 6091
445 4 0 5908 0 5912
446 5962 0 0 0 5962
447 5921 0 2 0 5923
448 0 19 2 5835 5856
449 6 0 5833 0 5839
450 3 5734 0 5 5742
451 3 5938 0 0 5941
452 5975 1 22 7 6005
453 5 0 6039 0 6044
454 5871 0 24 0 5895
455 1 3 6023 0 6027
456 5913 1 2 0 5916
457 0 0 0 5945 5945
458 1 5 6027 0 6033
459 0 9 2 5870 5881
460 6 5569 0 442 6017
461 6275 1 0 0 6276
462 6287 0 1 1 6289
463 6262 2 41 1 6306
464 6 0 6308 0 6314
465 6130 2 1 0 6133
466 6175 5 3 2 6185
467 6 0 6270 0 6276
468 3 0 6311 0 6314
469 12 0 6315 0 6327
470 6325 0 2 0 6327
471 6402 0 1 0 6403
472 2 0 6554 1 6557
473 1 0 6643 4 6648
474 6754 1 2 1 6758
475 6818 0 13 0 6831
476 0 0 6926 0 6926
477 6964 0 1 2 6967
478 7031 0 25 0 7056
479 7081 0 8 0 7089
480 0 1 5 7002 7008
481 7146 1 1 0 7148
482 1 0 7027 0 7028
483 7186 3 0 1 7190
484 0 274 1 6818 7093
485 2 7146 0 0 7148
486 7194 0 1 0 7195
487 4 7238 0 0 7242
488 7396 0 3 0 7399
489 7441 0 5 0 7446
490 15 7487 0 0 7502
491 7727 0 0 0 7727
492 7717 0 3 0 7720
493 7701 2 3 1 7707
494 7727 7 2 0 7736
495 0 7886 0 1 7887
496 7820 1 19 7 7847
497 0 0 7836 3 7839
498 2 0 7710 0 7712
499 7690 0 5 0 7695
500 1 3 7804 0 7808
501 1 0 7884 0 7885
502 2 7963 0 0 7965
503 7939 0 5 0 7944
504 3 8078 1 2 8084
505 0 8346 0 5 8351
506 1 7 0 8393 8401
507 0 0 1 8474 8475
508 0 2 0 8498 8500
509 0 2 0 8496 8498
510 8561 0 0 1 8562
511 2 8528 1 4 8535
512 8618 4 0 2 8624
513 8546 2 15 2 8565
514 68 2 8462 0 8532
515 8336 0 5 0 8341
516 0 0 0 8452 8452
517 5 0 8507 3 8515
518 14 0 8514 0 8528
519 0 0 0 8159 8159
520 8541 0 3 0 8544
521 8570 0 1 1 8572
522 11 0 8542 6 8559
523 8517 1 2 0 8520
524 1 0 8614 0 8615
525 8612 0 1 0 8613
526 0 1 0 8607 8608
527 10 0 8656 5 8671
528 8676 0 0 1 8677
529 0 6 0 8670 8676
530 8813 1 0 0 8814
531 8812 0 2 0 8814
532 8784 0 3 0 8787
533 8708 2 0 0 8710
534 0 8653 3 1 8657
535 4 8414 0 51 8469
536 8750 0 0 3 8753
537 0 0 0 8641 8641
538 1 8761 0 0 8762
539 0 0 0 8644 8644
540 8758 0 0 0 8758
541 1 8 1 8796 8806
542 0 1 0 8792 8793
543 1 2 1 8797 8801
544 1 8823 0 4 8828
545 8895 15 8 2 8920
546 7 0 8654 12 8673
547 8 8676 0 28 8712
548 8 8737 1 0 8746
549 3 8831 0 14 8848
550 0 5 1 8983 8989
551 8873 1 26 0 8900
552 1 0 0 9254 9255
553 9303 0 0 1 9304
554 9383 0 3 1 9387
555 2 0 9125 0 9127
556 9239 0 6 0 9245
557 9318 4 5 0 9327
558 2 4 1 9242 9249
559 6 0 3 9301 9310
560 9100 1 6 0 9107
561 5 9365 0 6 9376
562 2 9360 0 60 9422
563 3 9 0 9477 9489
564 0 2 0 9614 9616
565 0 4 1 9744 9749
566 1 7 0 9837 9845
567 2 3 1 9987 9993
568 9935 0 15 2 9952
569 9919 0 1 0 9920
570 9936 0 0 0 9936
571 9908 0 5 0 9913
572 5 0 10030 0 10035
573 9904 0 0 0 9904
574 10060 4 0 0 10064
575 0 0 10033 1 10034
576 10025 0 0 0 10025
577 175 0 9868 9 10052
578 0 0 10079 2 10081
579 1 0 0 9588 9589
580 113 0 9899 0 10012
581 10190 1 19 0 10210
582 10398 0 0 0 10398
583 10382 0 1 0 10383
584 10386 2 1 0 10389
585 4 10420 0 0 10424
586 10494 0 2 0 10496
587 10417 0 0 1 10418
588 0 5 0 10459 10464
589 4 0 10392 2 10398
590 1 3 0 10352 10356
591 10517 0 2 0 10519
592 0 10635 0 1 10636
593 10789 1 5 2 10797
594 10780 1 3 0 10784
595 10755 0 0 0 10755
596 10620 4 3 0 10627
597 14 10706 0 0 10720
598 2 10622 0 1 10625
599 10522 0 1 4 10527
600 17 10764 0 3 10784
601 10 10765 0 27 10802
602 10822 10 0 1 10833
603 0 21 0 10962 10983
604 3 2 11003 0 11008
605 6 1 10845 1 10853
606 2 0 10822 0 10824
607 6 0 10797 1 10804
608 10767 1 6 0 10774
609 4 2 10889 0 10895
610 3 3 1 10722 10729
611 6 0 10951 1 10958
612 10911 2 0 14 10927
613 1 18 0 11024 11043
614 1 1 10995 0 10997
615 0 1 10901 0 10902
616 0 11244 0 27 11271
617 3 0 0 11233 11236
618 0 2 0 11391 11393
619 0 11459 0 1 11460
620 11583 3 10 16 11612
621 62 0 11607 1 11670
622 0 2 0 11227 11229
623 2 0 11590 0 11592
624 0 0 11600 1 11601
625 11848 0 17 1 11866
626 0 72 1 12086 12159
627 0 8 2 12361 12371
628 12407 0 18 2 12427
629 12413 0 2 1 12416
630 12404 1 0 0 12405
631 0 13 0 12446 12459
632 6 12413 0 2 12421
633 12490 0 0 1 12491
634 29 12561 6 1 12597
635 12694 0 3 9 12706
636 0 0 1 12863 12864
637 12931 1 10 0 12942
638 12871 0 1 2 12874
639 2 1 2 12913 12918
640 3 0 12881 0 12884
641 12827 1 4 7 12839
642 2 4 2 13045 13053
643 0 45 5 13434 13484
644 0 4 13342 5 13351
645 3 0 13430 3 13436
646 5 2 13519 0 13526
647 1 13704 1 4 13710
648 13886 0 5 1 13892
649 0 33 0 13858 13891
650 0 0 1 13996 13997
651 3 14048 0 8 14059
652 14060 0 9 3 14072
653 0 14143 2 8 14153
654 14267 4 3 0 14274
655 58 0 14280 4 14342
656 14191 3 3 1 14198
657 0 0 1 14379 14380
658 86 0 14459 8 14553
659 14424 0 0 2 14426
660 14555 2 1 1 14559
661 1 6 0 14657 14664
662 17 0 14647 0 14664
663 14606 0 0 1 14607
664 0 164 1 14674 14839
665 3 9 14896 3 14911
666 0 8 5 15039 15052
667 2 15059 0 26 15087
668 5 5 1 15305 15316
669 8 0 15357 3 15368
670 0 7 1 15269 15277
671 0 3 0 15324 15327
672 0 3 0 15274 15277
673 1 15311 2 1 15315
674 3 16404 0 5 16412
675 17025 2 2 0 17029
676 16957 0 2 0 16959
677 16984 3 2 2 16991
678 2 0 16621 6 16629
679 17117 0 5 2 17124
680 1 0 0 17033 17034
681 4 17205 1 2 17212
682 17503 1 7 4 17515
683 17502 5 0 2 17509
684 17402 3 5 3 17413
685 11 1 17325 1 17338
686 3 3 17098 0 17104
687 3 17236 0 3 17242
688 17212 0 3 2 17217
689 2 17573 0 26 17601
690 5 1 0 17795 17801
691 17801 0 5 1 17807
692 17779 1 0 0 17780
693 17860 1 38 0 17899
694 17973 0 5 0 17978
695 17853 1 10 1 17865
696 5 0 17815 0 17820
697 17634 0 11 0 17645
698 29 0 17985 0 18014
699 4 0 2 17704 17710
700 0 9 34 18066 18109
701 2 1 17960 0 17963
702 5 0 17745 0 17750
703 17797 0 20 1 17818
704 5 18249 3 1 18258
705 0 7 1 18117 18125
706 0 5 1 18248 18254
707 17 0 18042 1 18060
708 17910 0 0 0 17910
709 1 5 0 17947 17953
710 2 17885 1 2 17890
711 1 17847 0 6 17854
712 0 7 0 17962 17969
713 1 3 0 18047 18051
714 10 17960 2 5 17977
715 17940 2 0 0 17942
716 2 24 0 17960 17986
717 1 3 0 18067 18071
718 17772 0 272 2 18046
719 17822 1 0 1 17824
720 1 2 1 17746 17750
721 2 17898 0 3 17903
722 18014 0 3 2 18019
723 12 0 17752 1 17765
724 8 3 1 17549 17561
725 17093 2 0 0 17095
726 3 17700 0 1 17704
727 5 17800 0 6 17811
728 2 15 0 17618 17635
729 0 3 0 17648 17651
730 0 6 3 17658 17667
731 3 2 17484 0 17489
732 3 17641 0 6 17650
733 65 0 17832 2 17899
734 4 0 17672 1 17677
735 7 1 17676 1 17685
736 17842 0 24 0 17866
737 17936 1 5 0 17942
738 9 0 17865 0 17874
739 5 17705 0 32 17742
740 17830 0 9 3 17842
741 2 17967 0 0 17969
742 17951 2 6 3 17962
743 1 0 17739 2 17742
744 0 27 2 17592 17621
745 7 17535 0 17 17559
746 5 17454 1 3 17463
747 5 17561 1 5 17572
748 8 17786 1 6 17801
749 17926 2 13 1 17942
750 3 0 17880 1 17884
751 17823 0 5 0 17828
752 17715 0 5 0 17720
753 0 0 17790 1 17791
754 17618 0 1 6 17625
755 1 8 0 17556 17565
756 24 17906 9 1 17940
757 17973 3 14 8 17998
758 3 0 17877 1 17881
759 0 0 17615 0 17615
760 2 7 0 17377 17386
761 2 0 17641 0 17643
762 0 17726 1 7 17734
763 42 1 17831 4 17878
764 17582 1 14 1 17598
765 2 17863 4 1 17870
766 2 6 1 17969 17978
767 8 0 18013 0 18021
768 3 0 17898 2 17903
769 2 257 3 16799 17061
770 85 2 17846 5 17938
771 0 14 3 18424 18441
772 0 3 6 18722 18731
773 19 0 18558 1 18578
774 1 18570 1 6 18578
775 18923 0 0 0 18923
776 18588 3 84 2 18677
777 2 0 1 18674 18677
778 11 18900 0 8 18919
779 19030 2 3 2 19037
780 18921 2 4 0 18927
781 18898 4 7 7 18916
782 5 2 19176 0 19183
783 5 1 18950 4 18960
784 18741 2 14 8 18765
785 1 0 19128 7 19136
786 6 1 20220 5 20232
787 1 6 69 19236 19312
788 12 1 20844 2 20859
789 17 0 20940 2 20959
790 20701 0 157 1 20859
791 20828 0 1 0 20829
792 31 21174 0 3 21208
793 10 21324 3 1 21338
794 1 2 0 21504 21507
795 0 2 1 21580 21583
796 21522 1 1 5 21529
797 11 0 21430 0 21441
798 5 5 1 20636 20647
799 24 0 21077 5 21106
800 14 0 21382 12 21408
801 2 21661 0 1 21664
802 1 128 2 21778 21909
803 14 1 21790 1 21806
804 21744 0 1 8 21753
805 21975 3 5 1 21984
806 3 0 21815 0 21818
807 4 21741 0 1 21746
808 6 21829 0 18 21853
809 21894 1 4 4 21903
810 2 3 2 22009 22016
811 0 17 0 21955 21972
812 8 22106 0 11 22125
813 20 0 22208 4 22232
814 21375 3 31 0 21409
815 6 0 1 21983 21990
816 0 2 0 22329 22331
817 0 136 0 22276 22412
818 22182 0 5 2 22189
819 2 4 0 22300 22306
820 22279 4 7 0 22290
821 9 0 22236 3 22248
822 8 0 22003 0 22011
823 21846 1 5 2 21854
824 22090 4 2 1 22097
825 1 1 21929 6 21937
826 21897 0 4 2 21903
827 2 0 22034 0 22036
828 3 21875 2 6 21886
829 22250 3 4 0 22257
830 22120 3 4 0 22127
831 1 2 0 22023 22026
832 4 0 22096 0 22100
833 26 0 21879 3 21908
834 2 22036 1 4 22043
835 22135 2 7 1 22145
836 3 0 22068 0 22071
837 21920 2 1 0 21923
838 9 21975 0 1 21985
839 22139 1 2 2 22144
840 8 2 22034 0 22044
841 21641 0 7 2 21650
842 4 1 21882 0 21887
843 7 0 21808 3 21818
844 28 0 21556 0 21584
845 4 21569 5 3 21581
846 1 1 0 21863 21865
847 21891 0 3 0 21894
848 2 13 1 22008 22024
849 4 1 1 22112 22118
850 21860 0 14 1 21875
851 21853 0 0 1 21854
852 8 0 21850 3 21861
853 21821 0 15 1 21837
854 18 2 21627 0 21647
855 21745 0 7 0 21752
856 4 21707 1 42 21754
857 21926 0 4 0 21930
858 1 1 1 21852 21855
859 2 21861 1 5 21869
860 22130 0 2 0 22132
861 22048 2 0 3 22053
862 22064 3 25 0 22092
863 5 0 21503 6 21514
864 4 21278 0 2 21284
865 8 21607 0 10 21625
866 21763 1 1 1 21766
867 21540 2 138 0 21680
868 35 0 21158 0 21193
869 21124 1 5 3 21133
870 2 21373 0 4 21379
871 2 22 0 21321 21345
872 6 0 21223 1 21230
873 10 21071 1 9 21091
874 10 21198 0 17 21225
875 0 5 2 21253 21260
876 21176 1 4 2 21183
877 1 0 2 21225 21228
878 17 0 21136 3 21156
879 21238 1 6 1 21246
880 21286 2 2 0 21290
881 21215 1 4 1 21221
882 21171 0 8 0 21179
883 10 0 20611 0 20621
884 20393 0 0 2 20395
885 0 2 0 20231 20233
886 5 2 4 20422 20433
887 0 20419 0 4 20423
888 3 8 1 20352 20364
889 4 5 5 20368 20382
890 1 19981 3 345 20330
891 13 2 1 20154 20170
892 23 0 19902 3 19928
893 20000 1 2 7 20010
894 20028 1 3 0 20032
895 1 4 1 19865 19871
896 2 19828 0 1 19831
897 0 3 1 19991 19995
898 19961 0 0 1 19962
899 19856 1 1 0 19858
900 19847 2 0 0 19849
901 17 0 18992 0 19009
902 19054 0 3 0 19057
903 18959 0 3 1 18963
904 1 18910 0 10 18921
905 19108 1 5 0 19114
906 19043 1 2 0 19046
907 18853 0 6 0 18859
908 2 5 1 18365 18373
909 7 5 18129 1 18142
910 3 18152 1 79 18235
911 0 9 1 17982 17992
912 8 18339 0 0 18347
913 4 5 3 18319 18331
914 6 0 18102 0 18108
915 4 18130 0 6 18140
916 9 0 17958 5 17972
917 5 18012 0 4 18021
918 1 18123 1 13 18138
919 2 18131 5 17 18155
920 5 18284 0 61 18350
921 18535 1 7 0 18543
922 18348 1 7 1 18357
923 2 18455 0 2 18459
924 18642 0 1 0 18643
925 18642 0 23 1 18666
926 18489 0 1 0 18490
927 18352 1 17 6 18376
928 11 0 17822 1 17834
929 6 0 17707 0 17713
930 4 18450 5 0 18459
931 0 17 1 18458 18476
932 10 18759 3 19 18791
933 0 1 1 18987 18989
934 19068 17 6 11 19102
935 1 2 19081 0 19084
936 2 1 2 18814 18819
937 1 17 0 19171 19189
938 3 0 19194 0 19197
939 19161 0 3 0 19164
940 0 1 0 19133 19134
941 2 19236 0 8 19246
942 19505 0 4 0 19509
943 19318 0 5 0 19323
944 3 0 19395 0 19398
945 19 0 1 18513 18533
946 73 0 18947 0 19020
947 19521 2 10 6 19539
948 1 0 0 19463 19464
949 63 19676 0 214 19953
950 2 0 20164 3 20169
951 3 0 20065 0 20068
952 19994 1 42 2 20039
953 20194 0 4 0 20198
954 11 0 19836 1 19848
955 3 20541 0 9 20553
956 20885 0 10 3 20898
957 5 0 20778 0 20783
958 20666 1 32 0 20699
959 20827 0 2 0 20829
960 20672 2 9 0 20683
961 1 15 0 20353 20369
962 7 20551 0 2 20560
963 3 20622 2 3 20630
964 20691 5 13 5 20714
965 5 0 20492 6 20503
966 4 0 20185 5 20194
967 57 0 20090 0 20147
968 20234 7 4 0 20245
969 2 2 0 20188 20192
970 1 18 1 20465 20485
971 78 1 20308 7 20394
972 9 21172 1 12 21194
973 21350 2 4 9 21365
974 10 0 21374 0 21384
975 20868 1 8 0 20877
976 7 21228 0 4 21239
977 21216 2 1 1 21220
978 2 1 0 21343 21346
979 1 0 0 21624 21625
980 6 0 21392 0 21398
981 21323 1 11 3 21338
982 21282 1 59 0 21342
983 6 1 21251 0 21258
984 20953 1 1 0 20955
985 1 2 0 20728 20731
986 3 20937 0 3 20943
987 1 1 0 20950 20952
988 20876 4 1 0 20881
989 20272 1 0 1 20274
990 16 20382 0 2 20400
991 47 20224 0 18 20289
992 10 20352 0 72 20434
993 2 6 0 20271 20279
994 357 0 19847 0 20204
995 4 20228 0 27 20259
996 0 11 0 20263 20274
997 2 12 0 20276 20290
998 4 0 20117 9 20130
999 9 20122 0 4 20135
1000 1 9 1 19969 19980
1001 0 20190 0 8 20198
1002 8 1 20208 3 20220
1003 0 83 14 19427 19524
1004 19912 1 2 0 19915
1005 4 0 20131 3 20138
1006 0 3 1 19311 19315
1007 19898 0 1 19 19918
1008 1 0 5 20080 20086
1009 7 1 20025 4 20037
1010 1 1 19965 3 19970
1011 4 6 0 19390 19400
1012 59 19831 6 15 19911
1013 18 1 20146 0 20165
1014 0 1 0 19576 19577
1015 8 2 4 20273 20287
1016 20 3 20390 1 20414
1017 1 0 0 20396 20397
1018 0 3 1 20609 20613
1019 20658 18 8 33 20717
1020 6 0 20348 1 20355
1021 13 1 20177 0 20191
1022 2 20203 1 10 20216
1023 4 20367 0 2 20373
1024 6 20547 0 11 20564
1025 0 7 0 20560 20567
1026 1 20907 0 1 20909
1027 5 3 3 20922 20933
1028 13 0 21001 1 21015
1029 8 10 0 20920 20938
1030 164 1 20919 0 21084
1031 7 1 20814 4 20826
1032 1 21270 4 5 21280
1033 21195 1 90 1 21287
1034 21199 1 7 1 21208
1035 4 0 21744 1 21749
1036 3 21656 4 1 21664
1037 21919 2 6 1 21928
1038 21921 2 9 1 21933
1039 21668 2 84 3 21757
1040 4 0 21843 0 21847
1041 2 4 0 20793 20799
1042 483 0 21024 1 21508
1043 1 0 21490 1 21492
1044 5 8 1 21076 21090
1045 144 0 21249 1 21394
1046 0 21468 1 2 21471
1047 3 7 2 21726 21738
1048 0 280 1 21352 21633
1049 13 21539 2 10 21564
1050 4 21608 2 1 21615
1051 3 21316 1 3 21323
1052 21239 14 6 2 21261
1053 0 4 0 21462 21466
1054 21446 0 20 0 21466
1055 21348 0 9 2 21359
1056 10 0 21191 0 21201
1057 12 21181 0 1 21194
1058 21391 1 5 1 21398
1059 0 2 18 21486 21506
1060 1 5 0 21507 21513
1061 1 7 0 21390 21398
1062 21154 2 10 0 21166
1063 0 21288 0 23 21311
1064 5 1 20823 344 21173
1065 3 20938 0 4 20945
1066 3 21152 0 4 21159
1067 21310 1 14 1 21326
1068 21154 0 2 0 21156
1069 21236 1 58 0 21295
1070 21157 1 12 0 21170
1071 0 5 1 21089 21095
1072 20039 0 55 7 20101
1073 8 21217 0 35 21260
1074 0 21252 0 12 21264
1075 1 27 1 20726 20755
1076 8 21262 0 8 21278
1077 21323 1 5 0 21329
1078 20944 1 15 3 20963
1079 14 21213 0 52 21279
1080 0 10 1 21084 21095
1081 21143 6 8 1 21158
1082 3 0 21179 2 21184
1083 3 0 20992 2 20997
1084 28 1 21078 61 21168
1085 2 8 5 20174 20189
1086 0 6 1 20891 20898
1087 7 20874 0 7 20888
1088 20946 2 1 0 20949
1089 20869 1 5 0 20875
1090 0 4 5 21102 21111
1091 15 0 21041 0 21056
1092 0 1 2 20887 20890
1093 6 2 0 21068 21076
1094 7 0 20689 0 20696
1095 20522 0 10 4 20536
1096 20594 1 18 0 20613
1097 1 0 20644 3 20648
1098 20570 0 7 2 20579
1099 215 0 20305 1 20521
1100 4 4 1 19930 19939
1101 20127 2 1 1 20131
1102 0 20346 0 2 20348
1103 1 6 1 20302 20310
1104 6 20392 0 2 20400
1105 0 129 1 20233 20363
1106 20190 1 1 0 20192
1107 1 4 1 20383 20389
1108 0 0 20306 0 20306
1109 0 0 20282 1 20283
1110 0 9 7 20148 20164
1111 5 31 6 20449 20491
1112 8 0 20299 8 20315
1113 1 1 19941 6 19949
1114 636 0 19344 2 19982
1115 2 3 5 19514 19524
1116 20030 0 9 3 20042
1117 7 20382 0 12 20401
1118 5 0 20328 5 20338
1119 20252 2 1 0 20255
1120 19992 1 204 3 20200
1121 15 0 20173 0 20188
1122 0 20043 0 5 20048
1123 3 20361 0 2 20366
1124 20512 1 1 1 20515
1125 3 3 1 20519 20526
1126 12 0 20355 3 20370
1127 7 0 20382 2 20391
1128 2 20552 1 4 20559
1129 1 17 0 20316 20334
1130 2 20741 1 0 20744
1131 0 8 1 21046 21055
1132 4 2 1 21210 21217
1133 0 0 0 21179 21179
1134 20967 1 4 1 20973
1135 2 20992 1 7 21002
1136 21165 0 4 2 21171
1137 20988 0 2 0 20990
1138 1 0 0 20921 20922
1139 20961 0 35 0 20996
1140 1 0 1 20832 20834
1141 26 0 20590 6 20622
1142 5 3 20664 0 20672
1143 13 20770 1 6 20790
1144 20634 1 7 2 20644
1145 20360 1 4 0 20365
1146 6 20269 0 3 20278
1147 19790 1 4 1 19796
1148 7 20394 4 6 20411
1149 3 20555 4 5 20567
1150 28 22 1 20525 20576
1151 23 0 20507 0 20530
1152 6 3 2 20282 20293
1153 0 5 0 20423 20428
1154 1 7 2 20325 20335
1155 1 20099 1 24 20125
1156 3 20207 0 5 20215
1157 20011 1 5 0 20017
1158 1 3 0 20037 20041
1159 19817 1 6 0 19824
1160 1 2 1 19862 19866
1161 0 4 1 19956 19961
1162 19811 1 0 2 19814
1163 19501 2 1 0 19504
1164 2 1 19597 8 19608
1165 18941 2 1 6 18950
1166 19046 2 7 3 19058
1167 1 2 2 19433 19438
1168 2 0 19483 0 19485
1169 16 0 19322 6 19344
1170 12 1 19282 3 19298
1171 191 1 19481 15 19688
1172 8 1 19864 1 19874
1173 19572 1 9 3 19585
1174 1 1 1 19962 19965
1175 1 0 20039 1 20041
1176 19788 6 4 3 19801
1177 1 26 1 20276 20304
1178 16 0 20395 1 20412
1179 5 20526 0 7 20538
1180 20848 0 2 0 20850
1181 20982 0 2 0 20984
1182 20807 12 5 1 20825
1183 49 0 20888 6 20943
1184 12 0 21329 12 21353
1185 21696 1 4 2 21703
1186 0 0 1 22264 22265
1187 22497 0 2 0 22499
1188 22417 0 3 9 22429
1189 22335 7 3 4 22349
1190 4 3 1 22451 22459
1191 8 22926 0 3 22937
1192 59 1 22650 0 22710
1193 6 22998 1 6 23011
1194 23083 4 9 2 23098
1195 22902 1 23 3 22929
1196 1 2 0 23273 23276
1197 0 0 0 23352 23352
1198 23358 5 15 0 23378
1199 1 3 2 23339 23345
1200 0 6 1 23203 23210
1201 4 23195 0 1 23200
1202 5 13 0 23353 23371
1203 1 5 1 23300 23307
1204 1 23155 0 12 23168
1205 23164 4 0 0 23168
1206 2 3 27 23136 23168
1207 9 0 22935 2 22946
1208 0 3 1 22800 22804
1209 22 22909 0 3 22934
1210 2 6 1 23038 23047
1211 0 5 1 23099 23105
1212 9 0 22812 2 22823
1213 9 22734 3 3 22749
1214 0 11 2 22799 22812
1215 1 2 2 22766 22771
1216 7 22869 0 8 22884
1217 14 9 22642 1 22666
1218 2 0 21858 1 21861
1219 22245 2 58 2 22307
1220 8 1 21294 4 21307
1221 2 21875 0 4 21881
1222 10 3 0 22203 22216
1223 11 0 22165 0 22176
1224 1 21957 0 1 21959
1225 4 22244 1 48 22297
1226 0 2 0 22510 22512
1227 22442 0 5 0 22447
1228 1 52 0 22450 22503
1229 2 2 22417 2 22423
1230 22325 1 4 0 22330
1231 22246 7 33 1 22287
1232 2 0 22109 0 22111
1233 21621 3 8 1 21633
1234 38 22035 7 6 22086
1235 10 22315 0 0 22325
1236 1 9 2 22442 22454
1237 70 0 22360 0 22430
1238 22229 1 11 0 22241
1239 1 0 22273 2 22276
1240 21574 1 14 5 21594
1241 3 3 22127 2 22135
1242 0 2 0 21393 21395
1243 0 10 0 21760 21770
1244 0 953 1 20999 21953
1245 4 7 1 22016 22028
1246 97 0 21164 11 21272
1247 0 5 4 21045 21054
1248 10 21152 0 9 21171
1249 2 3 0 21238 21243
1250 23 0 21105 4 21132
1251 3 21149 0 20 21172
1252 21199 2 16 0 21217
1253 0 203 2 21122 21327
1254 1 0 1 21263 21265
1255 21232 1 1 0 21234
1256 20787 0 0 1 20788
1257 0 21348 3 1 21352
1258 109 20969 71 39 21188
1259 15 0 21104 6 21125
1260 39 2 20723 0 20764
1261 4 20856 2 50 20912
1262 20949 1 13 6 20969
1263 5 22024 0 7 22036
1264 22292 1 276 10 22579
1265 5 0 22220 0 22225
1266 22288 1 7 2 22298
1267 22109 0 4 0 22113
1268 1 43 8 22379 22431
1269 4 5 0 22421 22430
1270 5 22372 0 25 22402
1271 22509 0 6 1 22516
1272 22374 9 3 0 22386
1273 3 0 22153 0 22156
1274 2 21771 0 4 21777
1275 5 21995 2 5 22007
1276 0 14 1 22217 22232
1277 22161 2 11 0 22174
1278 0 0 21891 0 21891
1279 21919 2 2 6 21929
1280 5 12 5 21852 21874
1281 4 22114 0 5 22123
1282 22220 2 4 1 22227
1283 2 0 21898 1 21901
1284 9 21871 0 11 21891
1285 21977 0 4 1 21982
1286 5 0 0 22092 22097
1287 2 4 0 22343 22349
1288 22388 2 5 1 22396
1289 22121 2 1 12 22136
1290 22083 2 5 0 22090
1291 22061 1 1 0 22063
1292 0 1 2 22066 22069
1293 8 0 22043 2 22053
1294 2 21877 0 19 21898
1295 21948 0 6 6 21960
1296 21801 34 57 25 21917
1297 18 1 22214 0 22233
1298 1 0 22061 0 22062
1299 1 1 22162 1 22165
1300 0 2 0 21713 21715
1301 0 2 1 22306 22309
1302 2 5 1 22515 22523
1303 10 22554 1 22 22587
1304 8 22701 1 4 22714
1305 22544 7 4 2 22557
1306 0 0 1 22657 22658
1307 1 0 22755 0 22756
1308 0 2 0 22462 22464
1309 0 11 0 22449 22460
1310 18 22383 0 5 22406
1311 8 22606 1 3 22618
1312 22414 0 12 0 22426
1313 7 0 22318 1 22326
1314 10 22155 7 21 22193
1315 22443 0 12 1 22456
1316 22334 0 3 1 22338
1317 22226 1 9 2 22238
1318 4 1 22432 0 22437
1319 4 1 21966 1 21972
1320 21944 0 12 2 21958
1321 21660 0 519 0 22179
1322 3 22217 0 2 22222
1323 22029 1 5 6 22041
1324 222 0 22083 1 22306
1325 6 0 22170 0 22176
1326 3 10 5 20114 20132
1327 21605 1 67 1 21674
1328 5 0 22078 0 22083
1329 21750 4 17 1 21772
1330 21956 3 62 1 22022
1331 14 0 22245 3 22262
1332 9 1 21910 0 21920
1333 21868 3 46 2 21919
1334 22027 0 3 10 22040
1335 0 9 1 22101 22111
1336 4 0 22129 1 22134
1337 8 2 21841 1 21852
1338 12 0 21552 2 21566
1339 21427 0 18 5 21450
1340 5 0 21928 1 21934
1341 4 21800 2 3 21809
1342 22055 2 5 2 22064
1343 4 2 21956 0 21962
1344 8 22733 2 1 22744
1345 2 39 1 22719 22761
1346 14 23186 0 75 23275
1347 1 8 1 23531 23541
1348 14 0 23336 3 23353
1349 22935 1 10 10 22956
1350 1 6 0 23255 23262
1351 4 3 23253 0 23260
1352 4 8 0 22903 22915
1353 5 22993 0 2 23000
1354 5 23292 0 2 23299
1355 23304 2 1 3 23310
1356 6 11 0 23275 23292
1357 5 23532 0 5 23542
1358 23605 0 4 2 23611
1359 23438 0 1 0 23439
1360 1 2 23282 0 23285
1361 3 23095 1 12 23111
1362 8 6 1 22913 22928
1363 15 22780 0 12 22807
1364 1 23201 0 6 23208
1365 23319 0 8 4 23331
1366 18 0 23751 0 23769
1367 4 0 0 22896 22900
1368 0 6 1 23307 23314
1369 0 10 0 23447 23457
1370 0 12 10 23548 23570
1371 5 1 23233 4 23243
1372 3 0 22327 1 22331
1373 2 0 22253 2 22257
1374 2 22224 0 3 22229
1375 0 23 2 22053 22078
1376 8 22434 5 5 22452
1377 3 22937 0 0 22940
1378 135 0 22637 0 22772
1379 22176 1 1 0 22178
1380 1 1 0 22416 22418
1381 8 0 22305 4 22317
1382 21887 1 25 2 21915
1383 6 22282 0 1 22289
1384 6 22414 0 3 22423
1385 22535 0 9 5 22549
1386 4 0 22530 0 22534
1387 22021 2 2 2 22027
1388 0 3 0 22089 22092
1389 22 22369 0 1 22392
1390 0 5 1 22576 22582
1391 5 1 22470 2 22478
1392 6 5 22469 8 22488
1393 11 1 22588 2 22602
1394 7 0 22277 6 22290
1395 8 0 22248 4 22260
1396 466 0 22021 1 22488
1397 22506 0 9 1 22516
1398 22945 0 2 1 22948
1399 6 23193 0 141 23340
1400 14 1 23326 1 23342
1401 22664 0 0 3 22667
1402 22521 0 6 0 22527
1403 15 4 23131 4 23154
1404 2 57 0 21684 21743
1405 22810 0 5 2 22817
1406 11 0 23225 3 23239
1407 1 0 23277 2 23280
1408 4 15 0 21820 21839
1409 40 0 23232 10 23282
1410 4 0 23471 1 23476
1411 22985 4 3 1 22993
1412 10 0 23496 1 23507
1413 23373 0 3 2 23378
1414 3 23995 0 2 24000
1415 41 2 24231 2 24276
1416 6 0 23969 3 23978
1417 23459 0 7 1 23467
1418 18 0 23486 5 23509
1419 9 0 22998 0 23007
1420 145 0 22901 1 23047
1421 0 9 2 22098 22109
1422 1 23270 0 1 23272
1423 5 10 2 23520 23537
1424 3 0 23629 1 23633
1425 32 1 23388 1 23422
1426 3 23380 0 37 23420
1427 9 23411 2 10 23432
1428 23526 1 13 2 23542
1429 23325 1 46 1 23373
1430 23425 0 14 0 23439
1431 1 0 0 23612 23613
1432 23689 0 2 0 23691
1433 23264 0 41 0 23305
1434 55 0 23189 0 23244
1435 15 23079 0 3 23097
1436 1 6 0 22772 22779
1437 7 0 22908 1 22916
1438 6 22720 0 0 22726
1439 22718 0 6 0 22724
1440 7 0 22517 2 22526
1441 7 22023 0 8 22038
1442 5 21713 0 9 21727
1443 2 22191 1 3 22197
1444 22394 2 2 2 22400
1445 9 1 22576 1 22587
1446 2 4 0 21263 21269
1447 392 0 21574 0 21966
1448 0 1 3 21458 21462
1449 1 0 2 21860 21863
1450 0 4 2 22028 22034
1451 7 0 21939 1 21947
1452 2 21653 1 7 21663
1453 21775 1 10 0 21786
1454 18 0 21921 0 21939
1455 0 15 1 21068 21084
1456 21009 1 14 0 21024
1457 0 0 21130 1 21131
1458 20918 1 5 0 20924
1459 14 0 21084 0 21098
1460 20919 4 4 2 20929
1461 3 0 21156 3 21162
1462 20696 0 1 1 20698
1463 43 20822 11 3 20879
1464 6 21072 0 6 21084
1465 10 11 1 21287 21309
1466 21145 0 9 1 21155
1467 1 3 2 21080 21086
1468 1 5 2 21132 21140
1469 7 1 20870 7 20885
1470 3 20818 1 6 20828
1471 9 9 1 20712 20731
1472 4 20779 0 63 20846
1473 2 0 1 21121 21124
1474 21112 0 7 0 21119
1475 21009 0 1 0 21010
1476 5 0 20894 1 20900
1477 3 20616 0 77 20696
1478 20788 0 3 2 20793
1479 20655 2 20 0 20677
1480 30 0 20603 0 20633
1481 12 20268 0 4 20284
1482 20542 0 1 0 20543
1483 20216 0 0 1 20217
1484 8 0 20132 0 20140
1485 11 19948 1 2 19962
1486 0 53 1 20003 20057
1487 115 0 19998 0 20113
1488 0 1 1 19571 19573
1489 19739 0 22 0 19761
1490 19681 0 6 2 19689
1491 9 0 19666 0 19675
1492 19459 0 1 1 19461
1493 19468 0 3 0 19471
1494 3 0 19463 0 19466
1495 19453 0 30 0 19483
1496 19324 1 1 1 19327
1497 0 7 0 19244 19251
1498 7 0 19114 0 19121
1499 12 19001 2 2 19017
1500 3 7 2 19165 19177
1501 39 0 19138 0 19177
1502 1 0 0 18668 18669
1503 4 18679 0 3 18686
1504 18826 1 45 1 18873
1505 18657 0 1 0 18658
1506 2 7 1 18941 18951
1507 77 0 18804 0 18881
1508 18871 0 2 0 18873
1509 18773 0 1 1 18775
1510 5 15 1 18704 18725
1511 18589 0 203 0 18792
1512 0 1 2 18623 18626
1513 3 3 1 18684 18691
1514 4 0 18482 0 18486
1515 18166 0 5 0 18171
1516 221 0 18073 11 18305
1517 2 0 18035 3 18040
1518 2 0 17948 0 17950
1519 27 1 17578 4 17610
1520 3 17376 3 6 17388
1521 4 0 17858 0 17862
1522 5 15 2 17037 17059
1523 6 1 17371 0 17378
1524 17662 0 2 2 17666
1525 0 15 3 17679 17697
1526 5 0 17633 1 17639
1527 6 17571 0 32 17609
1528 17702 1 3 5 17711
1529 2 0 17763 1 17766
1530 17565 0 2 0 17567
1531 0 21 2 17610 17633
1532 9 5 17679 0 17693
1533 0 2 2 17319 17323
1534 17 17331 0 4 17352
1535 17742 0 3 0 17745
1536 17688 0 2 1 17691
1537 17656 1 20 0 17677
1538 6 0 17574 3 17583
1539 9 0 17169 2 17180
1540 17225 1 5 0 17231
1541 17314 0 20 0 17334
1542 17254 0 15 1 17270
1543 7 3 5 16932 16947
1544 1 16895 0 16 16912
1545 2 1 1 16927 16931
1546 16806 1 2 1 16810
1547 6 16759 0 1 16766
1548 4 1 1 16466 16472
1549 5 16502 0 46 16553
1550 16725 1 4 0 16730
1551 16694 0 4 4 16702
1552 45 0 16680 0 16725
1553 16481 0 1 3 16485
1554 0 0 2 16379 16381
1555 6 0 16395 3 16404
1556 16362 0 0 0 16362
1557 1 2 0 16357 16360
1558 6 0 16392 1 16399
1559 16320 0 1 5 16326
1560 16273 3 5 0 16281
1561 2 4 4 16101 16111
1562 6 0 16007 3 16016
1563 16095 1 6 1 16103
1564 18 15886 7 4 15915
1565 1 0 2 15855 15858
1566 1 15685 0 14 15700
1567 16164 0 0 1 16165
1568 16023 1 3 1 16028
1569 2 4 3 16029 16038
1570 1 0 15905 0 15906
1571 13 0 15701 2 15716
1572 0 15615 0 2 15617
1573 3 6 1 15873 15883
1574 15907 0 6 1 15914
1575 15857 0 11 0 15868
1576 3 0 15809 1 15813
1577 15763 0 6 0 15769
1578 15751 1 5 1 15758
1579 15666 1 3 1 15671
1580 15312 2 2 0 15316
1581 24 15425 0 82 15531
1582 2 15146 0 4 15152
1583 15149 4 5 0 15158
1584 40 0 14928 6 14974
1585 0 3 1 14320 14324
1586 4 0 14546 1 14551
1587 3 1 14577 0 14581
1588 14769 0 3 3 14775
1589 14827 0 1 0 14828
1590 14745 0 1 1 14747
1591 2 1 2 14393 14398
1592 45 0 14097 0 14142
1593 7 14008 2 2 14019
1594 0 7 2 14092 14101
1595 1 0 1 13965 13967
1596 4 3 1 13900 13908
1597 12 13779 0 8 13799
1598 13743 0 0 0 13743
1599 60 0 2 13567 13629
1600 9 6 2 13711 13728
1601 2 0 13535 3 13540
1602 10 0 13440 2 13452
1603 17 0 13298 3 13318
1604 13341 0 5 0 13346
1605 13137 0 180 0 13317
1606 6 0 13203 0 13209
1607 13219 0 4 0 13223
1608 13159 0 6 1 13166
1609 13135 0 10 0 13145
1610 12940 0 2 0 12942
1611 2 2 0 12624 12628
1612 11 0 12470 0 12481
1613 3 1 0 11745 11749
1614 0 0 1 12184 12185
1615 0 4 1 12123 12128
1616 1 12048 3 7 12059
1617 12085 0 1 0 12086
1618 12013 0 0 0 12013
1619 11929 1 0 0 11930
1620 2 0 1 11653 11656
1621 11456 0 0 1 11457
1622 1 0 0 11091 11092
1623 5 11272 0 1 11278
1624 11303 1 0 1 11305
1625 5 1 10993 0 10999
1626 10844 0 0 1 10845
1627 6 10823 0 1 10830
1628 10921 0 1 0 10922
1629 10808 0 12 0 10820
1630 10814 2 0 1 10817
1631 10830 1 2 1 10834
1632 10624 16 1 0 10641
1633 8 10677 0 5 10690
1634 10451 1 4 0 10456
1635 10315 1 3 1 10320
1636 10230 0 1 0 10231
1637 10134 1 1 1 10137
1638 22 8324 0 1759 10105
1639 22 10026 0 1 10049
1640 10094 0 0 1 10095
1641 10088 1 0 0 10089
1642 1 0 0 9440 9441
1643 1 9776 0 3 9780
1644 2 9796 0 0 9798
1645 3 9901 1 2 9907
1646 9864 0 6 0 9870
1647 5 0 2 9559 9566
1648 1 0 2 9717 9720
1649 2 0 9832 1 9835
1650 9837 0 7 1 9845
1651 9840 0 9 0 9849
1652 9832 0 0 1 9833
1653 3 3 1 9508 9515
1654 1 0 0 9454 9455
1655 0 9553 0 6 9559
1656 5 9611 1 3 9620
1657 9610 0 5 0 9615
1658 9482 0 4 0 9486
1659 3 0 1 9355 9359
1660 0 4 0 9394 9398
1661 9409 0 1 0 9410
1662 9357 0 0 0 9357
1663 4 0 9137 0 9141
1664 8 8802 0 5 8815
1665 8805 0 2 0 8807
1666 43 0 8538 1 8582
1667 8453 0 0 0 8453
1668 0 8471 0 0 8471
1669 0 8505 0 1 8506
1670 8471 1 2 1 8475
1671 2 0 1 8344 8347
1672 1 8381 0 0 8382
1673 2 8353 0 0 8355
1674 5 8155 0 1 8161
1675 2 8101 0 2 8105
1676 8184 0 0 0 8184
1677 8042 0 26 0 8068
1678 0 1 0 7910 7911
1679 1 1 0 7877 7879
1680 1 0 0 7803 7804
1681 1 7859 1 17 7878
1682 0 1 1 7829 7831
1683 0 1 1 7711 7713
1684 0 7623 0 0 7623
1685 2 0 3 7543 7548
1686 2 1 1 7592 7596
1687 0 0 1 7662 7663
1688 0 0 7582 0 7582
1689 1 1 7512 2 7516
1690 1 1 7353 6 7361
1691 7350 0 2 0 7352
1692 1 0 7382 0 7383
1693 1 0 7247 2 7250
1694 2 0 7236 4 7242
1695 7330 0 2 0 7332
1696 1 7093 1 1 7096
1697 7158 0 1 1 7160
1698 0 7120 0 4 7124
1699 7191 0 4 0 7195
1700 0 0 7046 9 7055
1701 1 6956 0 2 6959
1702 6932 0 1 0 6933
1703 0 0 6894 0 6894
1704 6606 0 0 0 6606
1705 1 0 6580 1 6582
1706 4 0 6434 1 6439
1707 6423 0 0 0 6423
1708 0 0 0 6348 6348
1709 0 2 1 6426 6429
1710 6442 1 0 0 6443
1711 3 4 1 6359 6367
1712 2 0 6292 4 6298
1713 6241 0 0 0 6241
1714 3 0 1 6190 6194
1715 4 0 6100 3 6107
1716 5864 0 2 0 5866
1717 1 5982 0 1 5984
1718 0 6022 0 0 6022
1719 0 1 0 5901 5902
1720 1 5929 0 2 5932
1721 3 0 5940 0 5943
1722 5885 0 0 2 5887
1723 0 0 2 5880 5882
1724 1 0 0 5858 5859
1725 5807 0 0 1 5808
1726 0 0 1 5746 5747
1727 0 1 2 5726 5729
1728 5725 0 21 0 5746
1729 5541 0 0 0 5541
1730 5470 0 18 0 5488
1731 8 0 34 5297 5339
1732 2 5415 0 1 5418
1733 5401 0 3 0 5404
1734 5324 0 3 0 5327
1735 4 5321 0 0 5325
1736 5271 0 1 0 5272
1737 5204 0 0 0 5204
1738 5186 0 1 0 5187
1739 5166 0 0 0 5166
1740 0 0 0 5002 5002
1741 5066 0 10 0 5076
1742 43 0 5003 1 5047
1743 4979 0 0 1 4980
1744 2 4932 1 2 4937
1745 4747 0 0 0 4747
1746 0 4992 0 0 4992
1747 0 0 1 4915 4916
1748 5024 0 2 0 5026
1749 2 1 0 4938 4941
1750 0 0 4938 2 4940
1751 4882 0 0 0 4882
1752 0 4952 1 0 4953
1753 0 0 1 4845 4846
1754 2 0 4853 0 4855
1755 0 1 3 4770 4774
1756 0 0 4775 2 4777
1757 4777 0 1 1 4779
1758 0 0 0 4698 4698
1759 0 0 0 4723 4723
1760 2 0 4655 1 4658
1761 0 0 0 4519 4519
1762 0 0 0 4514 4514
1763 0 0 0 4478 4478
1764 1 4414 0 6 4421
1765 4387 0 2 4 4393
1766 4337 0 0 0 4337
1767 0 0 1 4301 4302
1768 4191 2 0 1 4194
1769 1 4261 0 0 4262
1770 1 0 4235 0 4236
1771 0 0 8 4127 4135
1772 0 0 0 4140 4140
1773 0 1 0 4142 4143
1774 0 0 4124 0 4124
1775 0 0 4068 0 4068
1776 4072 0 11 2 4085
1777 4043 0 1 0 4044
1778 0 1 1 3963 3965
1779 5 0 4016 0 4021
1780 0 1 52 3853 3906
1781 0 0 3912 3 3915
1782 0 2 3813 0 3815
1783 0 0 3645 0 3645
1784 1 0 0 3483 3484
1785 9 0 3558 0 3567
1786 0 1 0 3462 3463
1787 0 0 0 3518 3518
1788 0 0 0 3513 3513
1789 3432 0 0 0 3432
1790 2 1 0 3031 3034
1791 0 1 0 2996 2997
1792 0 2930 0 0 2930
1793 0 2 0 2800 2802
1794 15 2827 1 1 2844
1795 2818 0 0 0 2818
1796 9 2 0 2629 2640
1797 0 0 0 2575 2575
1798 1955 0 535 0 2490
1799 2437 0 0 0 2437
1800 2399 0 0 0 2399
1801 2343 0 1 0 2344
1802 16 2 1 2028 2047
1803 1482 0 0 0 1482
1804 1361 0 7 0 1368
1805 1318 0 0 0 1318
1806 2 0 0 1183 1185
1807 887 0 0 0 887
1808 0 0 0 800 800
1809 791 0 13 0 804
1810 771 0 0 0 771
1811 750 0 0 0 750
1812 651 0 0 0 651
1813 548 0 0 0 548
1814 439 0 0 0 439
1815 2 0 0 391 393
1816 0 2 8 0 10
