0 0 0 0 0 0
1 90 0 0 0 90
2 0 0 0 91 91
3 0 0 0 186 186
4 0 0 0 188 188
5 0 0 0 188 188
6 0 191 0 0 191
7 0 0 0 235 235
8 0 0 0 605 605
9 0 0 776 0 776
10 0 0 0 790 790
11 1 0 829 0 830
12 848 0 0 0 848
13 839 0 0 0 839
14 0 895 0 0 895
15 0 0 0 887 887
16 0 0 0 872 872
17 0 906 0 2 908
18 915 0 0 0 915
19 903 0 0 0 903
20 0 0 885 0 885
21 0 835 0 86 921
22 944 0 0 0 944
23 0 952 0 0 952
24 0 981 0 0 981
25 971 0 0 0 971
26 1 0 982 0 983
27 0 0 0 964 964
28 980 0 0 0 980
29 1252 0 0 0 1252
30 1281 0 0 0 1281
31 1288 0 0 0 1288
32 1 0 1282 0 1283
33 1280 0 0 0 1280
34 1287 0 1 0 1288
35 1 1290 0 0 1291
36 0 1 0 1573 1574
37 2 0 1603 0 1605
38 1604 0 0 0 1604
39 1605 0 0 0 1605
40 1596 0 0 0 1596
41 1584 0 0 28 1612
42 0 0 0 1620 1620
43 4 1646 0 1 1651
44 1747 0 0 0 1747
45 1792 0 0 0 1792
46 1786 0 1 0 1787
47 1715 0 50 0 1765
48 0 0 0 1760 1760
49 0 0 1792 0 1792
50 0 0 0 1737 1737
51 0 1816 0 0 1816
52 0 1840 0 0 1840
53 1845 0 28 0 1873
54 1870 0 0 0 1870
55 0 1872 0 0 1872
56 1901 1 0 0 1902
57 0 0 0 2284 2284
58 0 0 2316 0 2316
59 0 0 2307 0 2307
60 2284 0 38 0 2322
61 0 1 0 2460 2461
62 2531 0 0 0 2531
63 0 0 0 2595 2595
64 0 2788 0 14 2802
65 0 58 3030 0 3088
66 3091 0 40 0 3131
67 0 3238 0 0 3238
68 1 0 3315 0 3316
69 0 0 3316 0 3316
70 0 0 0 3194 3194
71 3404 0 0 0 3404
72 0 0 0 3674 3674
73 73 0 3660 0 3733
74 3784 0 0 0 3784
75 3791 0 0 0 3791
76 0 3894 0 0 3894
77 3847 0 0 0 3847
78 0 4133 0 0 4133
79 0 0 0 4188 4188
80 1 0 4300 0 4301
81 0 0 5637 0 5637
82 0 0 5761 0 5761
83 5863 0 0 0 5863
84 0 6082 0 1 6083
85 6214 0 0 0 6214
86 6007 0 3 105 6115
87 0 1 0 6249 6250
88 0 1 1 6377 6379
89 1 0 6309 0 6310
90 6370 1 0 1 6372
91 1 6495 0 0 6496
92 6669 0 0 0 6669
93 6658 0 2 0 6660
94 6601 0 1 0 6602
95 6560 1 0 0 6561
96 1 6633 0 0 6634
97 6466 0 1 2 6469
98 0 6674 0 0 6674
99 0 6681 0 0 6681
100 0 0 6758 0 6758
101 4 0 6727 1 6732
102 6612 1 24 0 6637
103 6757 0 0 0 6757
104 0 1 6801 0 6802
105 6708 0 0 1 6709
106 6856 0 0 0 6856
107 6838 0 0 0 6838
108 0 121 0 6721 6842
109 6888 0 0 0 6888
110 6776 0 1 0 6777
111 5 6965 0 0 6970
112 1 206 0 6681 6888
113 0 29 1 6870 6900
114 1 7031 19 2 7053
115 1 1 2 7057 7061
116 0 0 7064 0 7064
117 0 0 7002 0 7002
118 7029 0 0 0 7029
119 7104 0 1 0 7105
120 219 6908 0 3 7130
121 1 7132 0 0 7133
122 7150 0 1 1 7152
123 1 0 7125 0 7126
124 1 1 0 6920 6922
125 1 0 7057 0 7058
126 0 0 7012 0 7012
127 0 1 7039 0 7040
128 7076 0 3 0 7079
129 0 7169 0 0 7169
130 7247 0 1 1 7249
131 7223 0 1 1 7225
132 1 7227 0 0 7228
133 1 7277 0 0 7278
134 7268 0 0 0 7268
135 0 0 7242 0 7242
136 7219 0 0 0 7219
137 0 7255 0 2 7257
138 4 7292 0 0 7296
139 7401 0 0 0 7401
140 7334 1 2 0 7337
141 0 0 0 7361 7361
142 193 7238 0 0 7431
143 7448 0 1 0 7449
144 0 0 1 7376 7377
145 0 29 0 7331 7360
146 7439 0 2 0 7441
147 0 0 7271 0 7271
148 7335 0 0 0 7335
149 1 7450 0 0 7451
150 0 7538 0 1 7539
151 7590 0 0 0 7590
152 0 0 7469 0 7469
153 0 7507 0 0 7507
154 7557 1 0 0 7558
155 7411 0 0 2 7413
156 0 7538 0 0 7538
157 0 7470 0 0 7470
158 8 7450 0 0 7458
159 0 3 0 7348 7351
160 1 0 1 7336 7338
161 0 3624 3848 0 7472
162 2 7421 0 2 7425
163 0 7253 1 214 7468
164 0 7438 0 1 7439
165 0 7523 0 0 7523
166 7388 0 21 1 7410
167 3 7515 0 1 7519
168 0 7501 0 2 7503
169 7600 0 0 0 7600
170 7566 0 0 0 7566
171 0 0 7459 45 7504
172 0 7649 0 0 7649
173 7715 0 4 0 7719
174 7678 0 0 0 7678
175 0 7729 0 0 7729
176 7786 0 1 0 7787
177 7758 0 0 0 7758
178 7719 0 1 0 7720
179 2 7769 0 2 7773
180 3 0 7511 0 7514
181 7526 0 0 0 7526
182 7385 0 1 0 7386
183 1 7413 0 2 7416
184 0 7390 0 0 7390
185 1 7480 0 1 7482
186 1 0 7450 0 7451
187 1 1 0 7201 7203
188 7316 0 0 0 7316
189 7331 0 0 0 7331
190 0 7415 0 1 7416
191 1 7411 0 1 7413
192 1 7433 0 1 7435
193 7424 0 0 0 7424
194 8 1 1 7164 7174
195 1 7410 0 0 7411
196 11 7449 0 0 7460
197 0 7517 0 1 7518
198 8 7487 0 35 7530
199 1 0 7427 0 7428
200 1 0 7250 0 7251
201 7160 0 0 20 7180
202 7205 0 1 1 7207
203 7213 0 1 0 7214
204 3 0 7190 0 7193
205 7188 0 1 0 7189
206 37 0 7234 1 7272
207 2 7427 0 1 7430
208 7456 0 2 0 7458
209 7362 1 26 0 7389
210 0 7325 0 1 7326
211 0 7230 0 1 7231
212 7161 0 3 1 7165
213 0 7289 0 0 7289
214 7325 2 0 0 7327
215 7188 0 0 0 7188
216 0 0 7190 0 7190
217 0 7228 0 1 7229
218 7210 1 0 0 7211
219 1 0 7360 0 7361
220 2 32 1 6569 6604
221 2 0 7084 2 7088
222 7182 1 3 0 7186
223 7281 0 0 0 7281
224 1 0 7353 0 7354
225 7307 1 0 0 7308
226 2 0 1 7292 7295
227 3 0 7347 0 7350
228 7304 0 0 1 7305
229 0 2 0 7284 7286
230 0 0 7339 0 7339
231 2 0 0 6952 6954
232 1 7173 0 1 7175
233 23 1 7237 1 7262
234 1 0 7070 0 7071
235 6968 0 1 0 6969
236 7002 0 0 4 7006
237 0 0 7147 0 7147
238 1 0 7058 0 7059
239 6959 0 0 0 6959
240 7015 0 1 0 7016
241 7006 1 0 0 7007
242 72 0 6753 0 6825
243 3 6803 6 11 6823
244 0 6859 0 26 6885
245 2 6893 0 0 6895
246 6992 0 0 0 6992
247 6959 0 1 0 6960
248 6912 0 0 0 6912
249 6744 0 85 0 6829
250 0 0 6730 0 6730
251 6694 0 2 0 6696
252 6775 0 0 0 6775
253 17 0 6530 0 6547
254 2 6593 0 0 6595
255 6605 0 3 0 6608
256 16 0 6420 0 6436
257 6439 8 31 0 6478
258 0 6479 0 48 6527
259 0 6462 0 2 6464
260 1 6362 0 4 6367
261 0 6407 0 0 6407
262 1 0 6202 99 6302
263 6181 0 1 0 6182
264 1 6259 0 0 6260
265 6192 0 15 0 6207
266 0 0 6284 0 6284
267 6260 0 0 2 6262
268 1 0 6299 0 6300
269 6284 2 2 0 6288
270 1 1 0 6275 6277
271 6306 18 1 0 6325
272 6254 0 0 0 6254
273 6245 0 0 0 6245
274 1 0 6161 0 6162
275 6135 0 0 0 6135
276 6142 1 0 0 6143
277 0 0 6148 0 6148
278 6065 29 6 0 6100
279 0 0 6053 0 6053
280 0 6008 0 17 6025
281 1 1 6025 0 6027
282 1 0 0 5854 5855
283 11 6036 0 2 6049
284 0 1 0 5987 5988
285 5991 0 6 0 5997
286 0 6043 0 0 6043
287 6099 0 0 0 6099
288 5989 0 0 0 5989
289 0 5962 0 0 5962
290 5911 0 5 0 5916
291 0 0 0 5899 5899
292 1 0 5909 0 5910
293 1 0 5838 2 5841
294 1 0 0 4850 4851
295 2 1 5553 0 5556
296 1 0 5965 0 5966
297 0 1 0 5199 5200
298 2 0 5805 0 5807
299 5975 0 0 0 5975
300 5970 0 0 0 5970
301 5912 0 0 0 5912
302 0 5906 0 0 5906
303 0 2 0 5810 5812
304 1 0 5845 0 5846
305 0 0 6127 14 6141
306 1 0 6147 1 6149
307 0 5929 0 10 5939
308 0 0 6082 0 6082
309 5999 0 76 0 6075
310 6040 0 0 0 6040
311 0 5 0 6059 6064
312 0 0 0 6100 6100
313 0 6017 0 0 6017
314 0 4 0 6039 6043
315 6042 0 0 1 6043
316 6 6048 0 0 6054
317 6028 0 0 0 6028
318 5960 0 1 0 5961
319 0 5921 0 0 5921
320 0 5901 0 1 5902
321 5967 0 2 0 5969
322 0 0 5962 0 5962
323 5815 0 0 0 5815
324 0 0 0 5857 5857
325 0 0 5924 0 5924
326 5754 0 2 1 5757
327 0 0 0 5823 5823
328 1 0 5891 0 5892
329 42 0 5768 0 5810
330 0 0 0 5636 5636
331 0 0 0 5723 5723
332 5727 0 0 1 5728
333 5684 1 0 0 5685
334 5657 0 0 0 5657
335 0 1 5687 0 5688
336 0 5623 0 1 5624
337 0 3 2 5672 5677
338 0 0 5709 0 5709
339 0 0 5709 0 5709
340 5643 6 2 0 5651
341 0 5583 0 0 5583
342 0 1 0 5538 5539
343 0 5623 0 0 5623
344 5771 0 3 0 5774
345 5806 0 0 0 5806
346 0 0 0 5733 5733
347 4 0 5733 0 5737
348 5670 0 0 0 5670
349 0 0 0 5677 5677
350 0 0 5639 0 5639
351 5605 0 3 1 5609
352 0 5591 0 2 5593
353 5584 0 7 0 5591
354 1 1 0 5642 5644
355 2 0 5659 0 5661
356 0 0 5524 0 5524
357 5430 0 0 2 5432
358 0 0 5614 0 5614
359 5552 0 0 1 5553
360 0 0 5576 1 5577
361 5503 0 0 0 5503
362 5480 0 0 0 5480
363 5538 0 1 0 5539
364 0 0 0 5425 5425
365 0 5459 0 0 5459
366 0 32 0 5444 5476
367 5482 0 0 0 5482
368 5407 0 0 0 5407
369 1 1 0 5270 5272
370 0 5206 0 108 5314
371 0 5423 1 0 5424
372 5557 0 0 0 5557
373 5525 0 0 0 5525
374 5440 0 0 0 5440
375 5430 0 1 0 5431
376 0 1 0 5231 5232
377 0 0 5320 0 5320
378 0 5297 0 2 5299
379 20 0 5394 0 5414
380 22 5191 1 0 5214
381 5248 0 2 0 5250
382 0 0 0 5101 5101
383 0 0 5209 0 5209
384 0 5041 0 18 5059
385 577 4591 0 1 5169
386 3 0 5210 0 5213
387 0 0 0 4982 4982
388 71 0 5010 13 5094
389 1 0 5095 0 5096
390 5076 0 6 0 5082
391 5129 0 0 0 5129
392 5158 0 0 0 5158
393 0 0 5132 0 5132
394 5080 0 0 0 5080
395 5152 0 0 0 5152
396 0 0 0 5008 5008
397 0 0 0 4971 4971
398 0 11 0 5020 5031
399 0 2 0 5061 5063
400 5113 0 1 0 5114
401 0 2 1 5025 5028
402 0 1 2 5086 5089
403 0 0 5073 0 5073
404 1 0 5013 0 5014
405 0 5000 0 0 5000
406 0 0 0 5005 5005
407 0 0 5020 0 5020
408 0 4906 0 0 4906
409 0 4961 0 1 4962
410 4955 0 1 1 4957
411 0 4978 0 0 4978
412 1 224 0 4816 5041
413 4 0 5091 0 5095
414 5020 0 0 0 5020
415 0 1 0 5040 5041
416 1 0 5028 10 5039
417 5004 0 0 1 5005
418 0 4972 0 0 4972
419 5090 0 0 0 5090
420 5093 1 0 0 5094
421 0 0 5074 0 5074
422 5053 0 1 0 5054
423 5090 0 1 0 5091
424 5044 0 0 0 5044
425 4958 0 0 0 4958
426 8 4984 1 1 4994
427 1 4659 0 377 5037
428 1 0 4993 0 4994
429 4887 0 0 0 4887
430 0 0 4978 0 4978
431 0 0 0 4810 4810
432 0 0 1 4754 4755
433 0 4789 0 2 4791
434 0 4871 0 0 4871
435 4958 0 0 0 4958
436 0 0 4987 0 4987
437 4916 0 0 0 4916
438 4921 0 1 0 4922
439 10 0 4934 0 4944
440 4873 0 0 0 4873
441 4853 0 0 0 4853
442 4817 0 1 0 4818
443 4760 0 15 0 4775
444 4789 0 1 0 4790
445 0 0 4736 0 4736
446 4774 0 0 0 4774
447 4796 0 0 0 4796
448 0 0 1 4717 4718
449 0 0 4870 0 4870
450 0 4707 0 3 4710
451 0 4834 0 0 4834
452 4834 0 0 0 4834
453 1 0 4879 0 4880
454 4641 27 4 0 4672
455 0 0 4848 0 4848
456 4779 0 0 1 4780
457 0 0 0 4789 4789
458 1 0 4848 1 4850
459 0 0 0 4725 4725
460 0 4322 0 453 4775
461 4912 0 0 0 4912
462 5022 0 1 0 5023
463 4983 0 0 0 4983
464 0 0 4966 0 4966
465 4942 1 0 1 4944
466 4940 0 8 0 4948
467 1 0 4977 0 4978
468 0 0 4973 0 4973
469 1 0 4923 0 4924
470 4903 0 0 0 4903
471 4937 0 0 0 4937
472 0 0 5124 3 5127
473 0 0 5052 0 5052
474 5042 0 0 0 5042
475 5105 0 0 0 5105
476 2 0 5205 0 5207
477 5201 0 0 0 5201
478 5167 0 34 0 5201
479 5246 0 0 0 5246
480 0 0 0 5205 5205
481 5307 0 0 1 5308
482 1 0 5247 0 5248
483 5310 0 0 0 5310
484 0 75 0 5192 5267
485 2 5256 0 1 5259
486 5295 0 2 0 5297
487 0 5351 0 0 5351
488 5492 1 2 0 5495
489 5479 0 4 0 5483
490 0 5479 0 1 5480
491 5582 0 0 0 5582
492 5566 0 0 0 5566
493 5526 0 1 0 5527
494 5545 1 0 0 5546
495 0 5653 0 0 5653
496 5669 0 0 0 5669
497 0 1 5644 1 5646
498 0 0 5573 0 5573
499 5548 0 0 1 5549
500 2 1 5655 0 5658
501 0 0 5637 0 5637
502 1 5631 1 1 5634
503 5614 0 1 1 5616
504 2 5708 1 0 5711
505 0 5902 0 0 5902
506 2 3 0 5908 5913
507 0 0 0 5922 5922
508 0 0 0 6005 6005
509 0 0 0 6025 6025
510 6000 0 0 1 6001
511 8 6044 0 1 6053
512 6181 0 0 0 6181
513 6067 0 1 0 6068
514 0 1 6140 0 6141
515 6014 0 0 1 6015
516 0 1 0 6053 6054
517 0 0 6087 1 6088
518 1 6 6095 1 6103
519 0 1 0 5965 5966
520 6204 0 1 0 6205
521 6186 0 0 0 6186
522 2 0 6274 0 6276
523 5933 0 328 1 6262
524 0 0 6335 1 6336
525 6298 0 0 0 6298
526 1 0 1 6276 6278
527 2 0 6332 0 6334
528 6364 0 0 1 6365
529 0 1 1 6364 6366
530 6452 0 0 0 6452
531 6377 0 0 1 6378
532 6331 0 2 1 6334
533 6240 0 0 0 6240
534 0 6314 0 0 6314
535 0 6242 0 0 6242
536 6284 0 2 0 6286
537 0 0 1 6209 6210
538 0 6323 0 0 6323
539 0 0 1 6272 6273
540 6271 0 0 0 6271
541 1 38 1 6177 6217
542 0 1 1 6303 6305
543 8 0 0 6396 6404
544 0 6349 1 1 6351
545 6293 0 0 0 6293
546 0 0 6208 0 6208
547 0 6129 0 1 6130
548 0 6175 0 0 6175
549 0 6238 0 1 6239
550 0 0 0 6293 6293
551 6194 0 0 0 6194
552 0 0 0 6502 6502
553 6520 0 1 0 6521
554 6529 0 0 1 6530
555 0 0 6403 0 6403
556 6415 1 0 0 6416
557 6423 0 0 0 6423
558 1 0 0 6435 6436
559 0 0 1 6440 6441
560 6244 0 0 0 6244
561 0 6372 0 0 6372
562 0 6321 0 47 6368
563 0 0 1 6349 6350
564 1 0 0 6396 6397
565 0 0 0 6533 6533
566 0 27 0 6699 6726
567 1 41 1 6762 6805
568 6776 0 1 2 6779
569 6825 1 1 0 6827
570 6962 0 0 0 6962
571 6918 1 1 0 6920
572 0 0 6984 0 6984
573 6863 0 0 1 6864
574 6933 1 1 0 6935
575 0 0 6934 0 6934
576 6915 0 0 0 6915
577 0 0 6974 0 6974
578 1 0 7001 0 7002
579 1 2 2 6646 6651
580 1 0 6936 0 6937
581 7048 0 2 0 7050
582 7125 1 2 0 7128
583 7079 0 0 0 7079
584 7053 0 0 4 7057
585 0 7158 0 0 7158
586 7194 0 1 0 7195
587 7131 1 0 0 7132
588 0 1 0 7148 7149
589 1 0 7146 0 7147
590 0 0 0 7146 7146
591 7243 0 1 0 7244
592 3 7315 0 1 7319
593 7413 0 1 1 7415
594 7323 0 0 0 7323
595 7355 0 1 0 7356
596 7239 0 2 0 7241
597 0 7337 0 0 7337
598 0 7223 0 0 7223
599 7112 0 1 0 7113
600 2 7297 0 0 7299
601 99 7330 0 2 7431
602 7334 0 0 0 7334
603 0 0 1 7376 7377
604 1 0 7425 0 7426
605 0 0 7338 2 7340
606 0 0 7378 1 7379
607 0 0 7441 0 7441
608 7338 0 1 0 7339
609 0 0 7459 0 7459
610 0 4 0 7284 7288
611 3 0 7393 1 7397
612 7329 0 1 0 7330
613 0 0 0 7429 7429
614 2 0 7437 0 7439
615 0 1 7351 9 7361
616 2 7549 0 14 7565
617 0 2 0 7616 7618
618 0 0 0 7707 7707
619 0 7749 0 0 7749
620 7858 0 0 0 7858
621 1 0 7882 0 7883
622 0 2 0 7562 7564
623 2 0 7797 0 7799
624 0 0 7790 1 7791
625 8077 0 3 0 8080
626 0 70 0 8249 8319
627 0 3 0 8481 8484
628 8464 0 0 2 8466
629 8448 0 0 1 8449
630 8425 2 0 1 8428
631 0 0 0 8413 8413
632 2 8466 0 2 8470
633 8506 0 2 0 8508
634 0 8569 0 8 8577
635 8764 1 1 0 8766
636 1 1 0 8951 8953
637 8965 0 1 0 8966
638 8950 1 0 2 8953
639 0 2 1 8930 8933
640 0 0 8952 0 8952
641 8873 0 0 0 8873
642 1 0 2 9045 9048
643 0 0 1 9337 9338
644 3 0 9289 1 9293
645 0 0 9338 0 9338
646 2 0 9337 0 9339
647 0 9387 0 1 9388
648 9615 0 1 0 9616
649 1 2 0 9534 9537
650 0 0 0 9609 9609
651 0 9622 0 3 9625
652 9608 0 23 0 9631
653 1 9597 0 2 9600
654 9695 0 1 1 9697
655 3 0 9727 1 9731
656 9620 1 0 0 9621
657 0 3 1 9727 9731
658 1 0 9688 0 9689
659 9633 0 0 0 9633
660 9637 0 3 0 9640
661 25 0 0 9640 9665
662 2 1 9645 1 9649
663 9461 0 0 0 9461
664 1 2 0 9540 9543
665 0 0 9436 70 9506
666 1 0 0 9457 9458
667 0 9563 0 0 9563
668 0 0 0 9786 9786
669 1 0 9760 0 9761
670 0 0 0 9717 9717
671 1 0 0 9731 9732
672 0 2 1 9626 9629
673 0 9608 0 22 9630
674 6 10171 0 2 10179
675 10475 0 1 0 10476
676 10427 0 0 0 10427
677 10430 0 1 0 10431
678 0 0 10197 1 10198
679 10437 0 1 0 10438
680 0 0 0 10367 10367
681 0 10448 0 0 10448
682 10595 0 0 0 10595
683 10615 0 0 3 10618
684 10613 0 0 3 10616
685 1 0 10570 0 10571
686 1 0 10327 0 10328
687 0 10491 0 4 10495
688 10493 0 0 0 10493
689 1 10591 0 0 10592
690 1 0 0 10681 10682
691 10705 0 1 0 10706
692 10609 1 1 0 10611
693 10651 0 1 0 10652
694 10691 0 0 0 10691
695 10652 2 2 0 10656
696 0 0 10662 1 10663
697 10570 1 0 0 10571
698 1 0 10778 0 10779
699 2 0 0 10539 10541
700 0 0 0 10862 10862
701 0 0 10739 1 10740
702 2 2 10593 0 10597
703 10637 0 0 0 10637
704 0 10894 0 1 10895
705 0 2 0 10709 10711
706 0 0 0 10729 10729
707 0 0 10658 0 10658
708 10612 0 1 0 10613
709 0 0 1 10593 10594
710 1 10629 0 3 10633
711 0 10647 0 0 10647
712 0 1 1 10734 10736
713 0 2 1 10774 10777
714 0 10772 1 1 10774
715 10802 0 0 0 10802
716 0 0 1 10809 10810
717 1 0 1 10865 10867
718 10977 1 2 1 10981
719 10825 2 0 0 10827
720 0 0 0 10831 10831
721 0 10914 0 2 10916
722 11006 0 3 1 11010
723 1 0 10819 2 10822
724 0 2 0 10713 10715
725 10296 0 1 0 10297
726 1 10698 0 0 10699
727 0 10723 0 1 10724
728 0 4 0 10564 10568
729 0 1 1 10535 10537
730 0 3 0 10562 10565
731 1 0 10420 1 10422
732 0 10577 0 7 10584
733 120 0 10415 0 10535
734 1 0 10397 2 10400
735 1 0 10345 3 10349
736 10427 1 0 0 10428
737 10514 0 0 7 10521
738 2 0 10475 0 10477
739 1 10512 0 3 10516
740 10582 0 4 3 10589
741 1 10710 0 4 10715
742 10708 0 1 2 10711
743 0 0 10554 0 10554
744 0 0 1 10489 10490
745 0 10439 0 1 10440
746 0 10433 0 0 10433
747 0 10441 0 1 10442
748 2 10618 0 3 10623
749 10618 50 1 0 10669
750 1 0 10622 0 10623
751 10628 0 0 0 10628
752 10557 1 0 0 10558
753 1 1 10543 0 10545
754 10427 1 0 1 10429
755 0 0 1 10363 10364
756 0 10511 0 2 10513
757 10520 1 0 12 10533
758 0 0 10514 0 10514
759 1 0 10278 0 10279
760 0 3 0 10056 10059
761 1 0 10247 2 10250
762 3 10212 0 50 10265
763 1 0 10409 0 10410
764 10117 0 1 4 10122
765 2 10274 70 0 10346
766 0 1 1 10453 10455
767 22 0 10490 0 10512
768 1 0 10469 0 10470
769 0 6 0 10068 10074
770 0 0 10574 0 10574
771 0 0 1 10729 10730
772 1 38 0 10865 10904
773 6 2 10833 0 10841
774 0 10839 0 4 10843
775 11055 1 4 0 11060
776 10928 1 2 1 10932
777 1 0 2 10846 10849
778 0 10898 0 2 10900
779 10926 0 3 0 10929
780 10907 0 1 0 10908
781 10964 0 4 40 11008
782 2 0 11043 0 11045
783 1 0 10912 2 10915
784 10815 0 2 0 10817
785 1 0 11100 1 11102
786 0 0 11547 0 11547
787 1 1 0 10936 10938
788 1 0 11895 0 11896
789 0 0 11967 0 11967
790 11880 0 0 2 11882
791 11637 0 2 0 11639
792 3 11794 0 0 11797
793 11 11813 0 0 11824
794 0 1 1 11893 11895
795 1 0 1 12047 12049
796 12118 1 0 19 12138
797 0 0 12057 2 12059
798 1 0 1 11461 11463
799 1 2 11746 0 11749
800 3 0 11845 1 11849
801 0 11868 0 0 11868
802 2 2 0 11981 11985
803 0 0 12098 0 12098
804 12116 0 1 0 12117
805 12249 0 1 0 12250
806 1 1 12195 0 12197
807 1 11980 0 1 11982
808 0 12015 0 5 12020
809 12165 0 1 0 12166
810 0 6 0 12301 12307
811 0 0 1 12265 12266
812 1 12430 0 1 12432
813 4 0 12425 0 12429
814 12041 1 74 0 12116
815 0 1 3 12332 12336
816 0 1 0 12589 12590
817 0 0 0 12607 12607
818 12540 1 1 1 12543
819 1 1 0 12539 12541
820 12558 0 1 0 12559
821 0 0 12433 0 12433
822 67 0 12306 3 12376
823 12268 1 0 0 12269
824 12395 2 4 1 12402
825 2 0 12303 0 12305
826 12130 1 3 0 12134
827 0 0 12147 0 12147
828 0 12119 0 1 12120
829 12300 0 1 1 12302
830 12348 0 0 2 12350
831 2 1 0 12442 12445
832 2 0 12491 0 12493
833 2 0 12329 0 12331
834 4 12363 1 6 12374
835 12586 0 0 0 12586
836 0 0 12575 0 12575
837 12357 0 2 1 12360
838 1 12415 0 11 12427
839 12535 0 2 1 12538
840 1 1 12338 0 12340
841 12061 0 1 1 12063
842 0 0 12127 0 12127
843 1 0 11830 0 11831
844 83 0 11625 0 11708
845 0 11769 1 1 11771
846 1 1 0 11881 11883
847 11916 1 2 1 11920
848 1 0 0 11928 11929
849 4 5 0 11979 11988
850 11874 0 1 1 11876
851 11843 0 1 4 11848
852 0 0 11862 15 11877
853 11941 12 19 0 11972
854 1 0 11938 1 11940
855 11968 0 3 1 11972
856 0 11885 0 1 11886
857 12106 0 4 0 12110
858 0 1 0 12003 12004
859 1 12015 0 23 12039
860 12148 1 2 1 12152
861 12064 0 1 0 12065
862 12055 0 1 0 12056
863 2 0 11787 0 11789
864 1 11676 0 0 11677
865 0 11788 10 2 11800
866 11752 1 0 0 11753
867 11749 0 2 0 11751
868 1 0 11524 0 11525
869 11442 0 40 0 11482
870 0 11525 83 1 11609
871 0 0 0 11582 11582
872 1 0 11595 0 11596
873 0 11551 0 1 11552
874 0 11719 0 1 11720
875 1 1 0 11726 11728
876 11697 0 0 1 11698
877 0 297 0 11445 11742
878 3 0 11704 0 11707
879 11759 0 0 0 11759
880 11754 0 0 0 11754
881 11831 0 2 0 11833
882 11892 0 2 1 11895
883 18 0 11686 0 11704
884 11496 0 0 1 11497
885 0 1 0 11276 11277
886 1 0 0 11484 11485
887 2 11545 1 0 11548
888 0 2 0 11490 11492
889 1 0 0 11416 11417
890 0 11339 0 2 11341
891 0 1 0 11326 11327
892 2 0 11176 0 11178
893 11309 0 1 0 11310
894 11230 2 1 0 11233
895 0 1 0 11227 11228
896 0 11243 0 1 11244
897 0 1 0 11309 11310
898 11244 0 1 0 11245
899 11144 0 0 1 11145
900 11146 0 0 0 11146
901 0 0 10816 0 10816
902 10802 0 4 0 10806
903 10745 0 1 0 10746
904 1 10813 0 1 10815
905 10961 0 2 0 10963
906 10904 0 0 0 10904
907 10796 0 79 0 10875
908 1 2 0 10738 10741
909 0 0 10587 0 10587
910 0 10613 0 0 10613
911 0 3 0 10483 10486
912 0 10570 0 0 10570
913 0 2 0 10562 10564
914 6 0 10491 0 10497
915 10 10553 0 3 10566
916 1 4 10446 0 10451
917 0 10396 0 19 10415
918 0 10450 0 4 10454
919 5 10365 0 93 10463
920 2 10509 0 33 10544
921 10671 1 1 1 10674
922 10721 0 33 2 10756
923 0 10813 0 1 10814
924 10933 0 0 0 10933
925 10879 1 3 0 10883
926 10754 0 1 0 10755
927 10859 2 1 0 10862
928 1 0 10611 0 10612
929 2 0 10509 0 10511
930 0 10913 1 1 10915
931 0 0 0 11007 11007
932 0 11081 0 1 11082
933 0 1 0 11189 11190
934 11235 0 1 0 11236
935 0 0 11211 0 11211
936 0 1 0 10974 10975
937 0 0 0 11152 11152
938 1 0 11199 0 11200
939 11074 0 1 1 11076
940 2 2 0 11092 11096
941 0 11227 0 2 11229
942 11491 1 8 0 11500
943 11352 0 0 0 11352
944 2 0 11606 0 11608
945 1 0 0 10987 10988
946 1 0 11475 1 11477
947 11619 0 1 1 11621
948 0 1 0 11617 11618
949 1 11945 0 1 11947
950 2 0 12255 0 12257
951 3 0 12428 0 12431
952 12244 2 76 1 12323
953 12406 1 1 0 12408
954 0 0 12330 0 12330
955 0 12993 1 4 12998
956 13193 0 2 1 13196
957 2 0 13241 1 13244
958 13138 0 40 0 13178
959 13211 0 0 0 13211
960 13117 0 0 0 13117
961 0 1 0 13067 13068
962 6 13064 0 1 13071
963 0 13253 0 1 13254
964 13247 0 2 73 13322
965 46 0 13317 0 13363
966 0 0 13108 3 13111
967 215 0 12923 1 13139
968 13112 0 34 0 13146
969 0 1 0 13123 13124
970 0 2 0 13394 13396
971 12 0 13191 1 13204
972 0 13825 0 10 13835
973 13881 0 9 0 13890
974 0 0 13920 1 13921
975 13579 0 3 0 13582
976 1 13931 1 2 13935
977 14059 0 0 0 14059
978 0 1 0 14203 14204
979 0 3 1 14354 14358
980 2 1 14206 0 14209
981 14232 0 1 0 14233
982 14227 0 1 0 14228
983 1 0 14210 0 14211
984 13781 0 0 0 13781
985 0 1 0 13825 13826
986 0 13804 0 0 13804
987 1 3 0 13762 13766
988 13667 0 2 0 13669
989 13349 0 0 0 13349
990 0 13551 0 0 13551
991 0 13503 0 2 13505
992 1 13653 1 1 13656
993 0 1 0 13496 13497
994 4 0 13531 1 13536
995 0 13523 0 1 13524
996 0 1 0 13445 13446
997 16 0 1 13555 13572
998 0 0 13500 1 13501
999 0 13486 0 1 13487
1000 0 2 0 13387 13389
1001 0 13440 0 1 13441
1002 2 0 13312 2 13316
1003 0 4 0 12908 12912
1004 13114 0 2 0 13116
1005 0 1 13216 1 13218
1006 9 0 1 12963 12973
1007 13234 14 2 1 13251
1008 0 2 0 13399 13401
1009 0 1 13391 1 13393
1010 1 0 13465 2 13468
1011 0 2 0 13090 13092
1012 191 13174 1 1 13367
1013 7 0 13708 2 13717
1014 0 28 0 13418 13446
1015 0 0 0 13850 13850
1016 0 9 13911 0 13920
1017 0 0 0 13871 13871
1018 1 1 1 13999 14002
1019 14039 0 5 88 14132
1020 0 1 13934 0 13935
1021 2 0 13804 0 13806
1022 1 13779 48 1 13829
1023 2 13785 0 0 13787
1024 0 14006 0 2 14008
1025 0 1 0 13972 13973
1026 8 14150 0 2 14160
1027 0 0 17 14185 14202
1028 2 0 14242 0 14244
1029 0 1 0 14185 14186
1030 1 0 14302 0 14303
1031 2 0 14081 1 14084
1032 0 14332 0 13 14345
1033 14269 1 0 0 14270
1034 14201 0 4 1 14206
1035 2 0 14523 1 14526
1036 0 14411 1 0 14412
1037 14721 0 2 0 14723
1038 14688 2 2 1 14693
1039 14610 0 1 1 14612
1040 0 0 14771 0 14771
1041 1 15 1 14121 14138
1042 2 0 14559 0 14561
1043 1 1 14520 1 14523
1044 0 0 0 14140 14140
1045 1 0 14326 0 14327
1046 6 14467 0 1 14474
1047 0 1 0 14567 14568
1048 2 6 0 14514 14522
1049 11 14336 0 9 14356
1050 0 14508 0 0 14508
1051 0 14610 0 2 14612
1052 14579 0 2 0 14581
1053 0 0 0 14606 14606
1054 14726 0 1 0 14727
1055 14595 0 0 0 14595
1056 0 0 14385 0 14385
1057 0 14383 0 1 14384
1058 14609 0 0 1 14610
1059 0 22 1 14637 14660
1060 1 0 0 14666 14667
1061 0 3 1 14597 14601
1062 14629 0 3 0 14632
1063 0 14612 0 54 14666
1064 3 0 14492 1 14496
1065 1 14318 0 25 14344
1066 0 14517 0 1 14518
1067 14784 1 61 0 14846
1068 14454 0 5 1 14460
1069 14553 0 2 1 14556
1070 14486 0 0 0 14486
1071 0 0 0 14486 14486
1072 13783 0 2 1 13786
1073 0 14690 1 0 14691
1074 0 14605 0 99 14704
1075 4 2 0 14329 14335
1076 0 14771 0 0 14771
1077 14758 1 25 0 14784
1078 14451 1 0 0 14452
1079 5 14486 0 0 14491
1080 0 2 0 14374 14376
1081 14497 0 21 0 14518
1082 0 0 14648 0 14648
1083 1 0 14561 0 14562
1084 0 0 14660 1 14661
1085 0 1 0 13935 13936
1086 0 0 1 14340 14341
1087 0 14251 0 5 14256
1088 14388 0 0 1 14389
1089 14333 0 3 0 14336
1090 0 1 0 14651 14652
1091 1 42 14592 1 14636
1092 1 0 0 14478 14479
1093 0 2 0 14590 14592
1094 2 0 14448 0 14450
1095 14550 0 1 0 14551
1096 14435 0 67 0 14502
1097 1 0 14465 1 14467
1098 14306 0 1 0 14307
1099 0 0 14378 0 14378
1100 0 0 0 13807 13807
1101 13975 1 1 1 13978
1102 0 14123 0 3 14126
1103 0 0 0 14177 14177
1104 0 14302 0 5 14307
1105 0 894 0 13465 14359
1106 14258 0 1 0 14259
1107 0 0 0 14394 14394
1108 2 0 14437 0 14439
1109 0 0 14264 0 14264
1110 0 3 0 14235 14238
1111 0 1 0 14319 14320
1112 4 0 14200 1 14205
1113 2 0 13963 0 13965
1114 212 0 13841 0 14053
1115 0 3 1 13597 13601
1116 13966 0 0 0 13966
1117 1 14139 0 5 14145
1118 2 0 14370 1 14373
1119 14262 0 0 0 14262
1120 14205 0 3 0 14208
1121 15 0 14115 0 14130
1122 2 14026 0 1 14029
1123 1 14177 0 0 14178
1124 14363 1 2 2 14368
1125 0 0 0 14363 14363
1126 2 0 14359 0 14361
1127 7 0 14260 0 14267
1128 0 14385 0 0 14385
1129 2 1 1 14020 14024
1130 1 14190 0 0 14191
1131 1 1 0 14302 14304
1132 2 0 0 14433 14435
1133 0 1 0 14552 14553
1134 14399 0 1 1 14401
1135 5 14405 0 2 14412
1136 14593 0 3 0 14596
1137 14556 0 0 0 14556
1138 0 15 0 14460 14475
1139 14359 0 92 0 14451
1140 2 0 0 14219 14221
1141 1 0 14108 0 14109
1142 1 0 14177 0 14178
1143 0 14257 0 3 14260
1144 14215 0 1 2 14218
1145 14164 0 0 2 14166
1146 0 14093 0 3 14096
1147 13851 0 1 1 13853
1148 0 14323 0 0 14323
1149 1 14405 0 0 14406
1150 0 2 2 14299 14303
1151 1 0 14272 0 14273
1152 2 57 0 14350 14409
1153 0 1 0 14609 14610
1154 1 1 0 14711 14713
1155 1 14711 0 3 14715
1156 0 14740 0 3 14743
1157 14679 0 3 0 14682
1158 1 2 0 14664 14667
1159 14575 1 0 0 14576
1160 0 0 0 14628 14628
1161 0 1 0 14795 14796
1162 14774 0 1 1 14776
1163 14417 0 0 1 14418
1164 0 0 14634 0 14634
1165 14103 1 0 2 14106
1166 14133 0 0 0 14133
1167 0 0 0 14268 14268
1168 201 0 14231 0 14432
1169 1 0 14266 11 14278
1170 0 0 14163 2 14165
1171 154 2 14523 0 14679
1172 3 0 14883 0 14886
1173 14646 1 1 0 14648
1174 0 0 0 14838 14838
1175 2 0 14886 1 14889
1176 14670 0 3 1 14674
1177 1 0 0 14795 14796
1178 6 0 14770 0 14776
1179 3 14714 0 2 14719
1180 14926 0 1 0 14927
1181 14847 0 0 0 14847
1182 14795 0 2 0 14797
1183 94 0 14567 2 14663
1184 0 0 15053 0 15053
1185 15199 0 0 1 15200
1186 1 1 0 15712 15714
1187 15817 0 2 0 15819
1188 15811 0 0 0 15811
1189 15585 0 2 1 15588
1190 3 3 0 15816 15822
1191 1 16154 0 1 16156
1192 7 0 16045 0 16052
1193 0 16227 0 7 16234
1194 16528 0 2 1 16531
1195 16601 0 73 1 16675
1196 0 0 2 16943 16945
1197 0 0 0 16976 16976
1198 17013 0 14 2 17029
1199 0 0 1 17006 17007
1200 1 2 0 16923 16926
1201 0 16806 0 1 16807
1202 0 2 0 17111 17113
1203 1 2 0 17008 17011
1204 3 16896 0 2 16901
1205 16990 1 1 0 16992
1206 1 2 0 16836 16839
1207 1 1 16687 0 16689
1208 2 1 0 16625 16628
1209 0 16755 2 1 16758
1210 0 3 0 16874 16877
1211 0 0 0 16855 16855
1212 3 0 16643 0 16646
1213 0 16668 0 0 16668
1214 0 23 0 17193 17216
1215 0 1 0 17020 17021
1216 1 17157 0 73 17231
1217 0 1 17174 1 17176
1218 1 0 16720 34 16755
1219 17072 2 0 0 17074
1220 0 0 16353 0 16353
1221 36 16878 0 1 16915
1222 0 1 10 17111 17122
1223 0 0 17058 0 17058
1224 5 16747 0 2 16754
1225 2 17098 1 0 17101
1226 0 3 0 17394 17397
1227 17302 0 2 0 17304
1228 1 2 1 17334 17338
1229 0 0 17273 0 17273
1230 17206 1 3 0 17210
1231 17225 2 0 0 17227
1232 0 0 17195 0 17195
1233 16809 0 1 0 16810
1234 0 17120 0 0 17120
1235 1 17154 0 87 17242
1236 0 0 0 17395 17395
1237 3 0 17396 1 17400
1238 17342 0 1 0 17343
1239 0 0 17328 1 17329
1240 16945 1 0 0 16946
1241 111 0 17347 1 17459
1242 0 103 0 16874 16977
1243 0 3 0 17244 17247
1244 0 0 0 17444 17444
1245 0 2 0 17610 17612
1246 170 1 17101 21 17293
1247 0 0 0 16755 16755
1248 126 16715 0 4 16845
1249 1 2 1 16955 16959
1250 12 0 16919 0 16931
1251 1 16907 0 3 16911
1252 16978 0 4 1 16983
1253 2 0 0 16979 16981
1254 1 0 1 16855 16857
1255 16657 0 0 0 16657
1256 16377 0 0 1 16378
1257 2 16872 0 1 16875
1258 215 16470 0 40 16725
1259 2 0 16724 0 16726
1260 15 0 16197 0 16212
1261 1 16025 0 97 16123
1262 16228 71 45 0 16344
1263 2 16707 0 0 16709
1264 17032 0 3 3 17038
1265 1 1 16872 0 16874
1266 16891 0 5 1 16897
1267 17097 0 2 1 17100
1268 0 2 1 17184 17187
1269 0 1 2 17030 17033
1270 1 17096 0 3 17100
1271 17205 2 0 0 17207
1272 17179 1 2 0 17182
1273 0 0 16994 0 16994
1274 0 16659 1 1 16661
1275 0 16786 0 4 16790
1276 1 43 0 16892 16936
1277 16805 0 1 0 16806
1278 0 0 16747 0 16747
1279 16805 0 3 3 16811
1280 0 1 0 16745 16746
1281 1 16858 1 2 16862
1282 16913 0 2 0 16915
1283 8 0 16859 1 16868
1284 3 16853 0 2 16858
1285 16959 0 2 8 16969
1286 1 1 2 16912 16916
1287 0 1 2 17069 17072
1288 17036 10 2 1 17049
1289 16850 0 2 0 16852
1290 16995 0 0 0 16995
1291 16942 0 1 0 16943
1292 0 2 0 16987 16989
1293 4 0 17051 2 17057
1294 1 16822 0 29 16852
1295 16895 0 1 3 16899
1296 16774 2 55 17 16848
1297 44 0 16969 15 17028
1298 3 1 16844 3 16851
1299 2 0 17345 2 17349
1300 0 0 2 17017 17019
1301 0 4 1 17413 17418
1302 1 1 1 17534 17537
1303 0 17376 0 65 17441
1304 2 17651 3 1 17657
1305 17547 0 1 1 17549
1306 1 4 0 17676 17681
1307 0 1 17804 1 17806
1308 0 1 1 17405 17407
1309 0 0 0 17330 17330
1310 0 17347 0 3 17350
1311 2 17344 0 2 17348
1312 17562 0 2 1 17565
1313 13 0 17445 1 17459
1314 1 17112 0 56 17169
1315 17450 1 0 1 17452
1316 17299 0 1 0 17300
1317 17322 0 2 1 17325
1318 1 0 17401 0 17402
1319 1 0 17183 1 17185
1320 17029 3 1 2 17035
1321 16185 0 1098 0 17283
1322 4 17111 0 1 17116
1323 17053 3 0 1 17057
1324 46 0 17276 1 17323
1325 2 0 17240 1 17243
1326 4 0 0 15718 15722
1327 16134 0 544 2 16680
1328 0 0 17031 0 17031
1329 16713 0 1 0 16714
1330 16949 0 6 1 16956
1331 0 0 16996 0 16996
1332 0 0 16670 1 16671
1333 16456 0 3 1 16460
1334 16575 0 2 0 16577
1335 0 2 0 16842 16844
1336 1 0 16845 0 16846
1337 0 0 16591 0 16591
1338 3 2 16428 1 16434
1339 16241 0 13 1 16255
1340 0 0 16513 1 16514
1341 1 16463 0 3 16467
1342 16790 0 2 0 16792
1343 0 0 16684 0 16684
1344 1 17029 0 1 17031
1345 0 0 0 16853 16853
1346 0 17041 0 133 17174
1347 0 0 0 17310 17310
1348 3 0 17177 0 17180
1349 16825 0 0 3 16828
1350 0 1 1 16980 16982
1351 1 0 16976 0 16977
1352 2 2 0 16689 16693
1353 1 16749 0 5 16755
1354 0 17035 3 3 17041
1355 17238 0 4 0 17242
1356 39 1 0 17158 17198
1357 0 17327 0 1 17328
1358 17347 0 2 1 17350
1359 17343 0 2 0 17345
1360 1 1 17125 0 17127
1361 0 17145 0 0 17145
1362 0 0 0 17044 17044
1363 2 15794 0 980 16776
1364 0 17164 0 3 17167
1365 17274 86 4 1 17365
1366 0 0 17585 1 17586
1367 3 1 0 17002 17006
1368 1 0 2 17174 17177
1369 1 15 1 17283 17300
1370 1 5 0 17420 17426
1371 5 0 17331 1 17337
1372 2 0 16969 0 16971
1373 1 0 16912 0 16913
1374 0 16986 0 2 16988
1375 0 0 0 16884 16884
1376 3 16922 0 1 16926
1377 0 17393 0 1 17394
1378 114 0 17176 121 17411
1379 17015 0 0 1 17016
1380 0 2 0 17209 17211
1381 4 0 17043 1 17048
1382 16759 0 1 3 16763
1383 0 16944 0 1 16945
1384 0 17134 0 2 17136
1385 17171 0 8 0 17179
1386 0 0 17234 0 17234
1387 16800 0 0 0 16800
1388 1 3 1 16746 16751
1389 32 16946 1 1 16980
1390 0 2 1 16959 16962
1391 0 0 16901 1 16902
1392 2 0 16639 2 16643
1393 0 12 16685 5 16702
1394 6 2 16509 1 16518
1395 3 0 16374 0 16377
1396 760 0 15646 0 16406
1397 16272 32 2 25 16331
1398 16586 0 1 0 16587
1399 0 16685 0 6 16691
1400 0 0 16608 0 16608
1401 16124 0 2 0 16126
1402 16192 1 0 0 16193
1403 0 0 16617 0 16617
1404 0 2 2 15639 15643
1405 16327 1 0 0 16328
1406 0 0 16717 1 16718
1407 1 0 16843 3 16847
1408 2 0 2 15963 15967
1409 0 0 16927 0 16927
1410 0 0 17003 1 17004
1411 16669 0 1 1 16671
1412 0 0 16907 1 16908
1413 16782 0 0 2 16784
1414 0 17176 0 1 17177
1415 2 0 17220 0 17222
1416 1 0 17107 1 17109
1417 16713 0 44 3 16760
1418 68 0 16727 0 16795
1419 3 0 16429 1 16433
1420 0 0 16471 2 16473
1421 2 1 0 15669 15672
1422 3 16293 0 5 16301
1423 1 45 0 16611 16657
1424 5 0 16657 0 16662
1425 12 0 16323 0 16335
1426 2 16052 0 9 16063
1427 0 16171 0 2 16173
1428 16174 0 1 0 16175
1429 16034 0 1 0 16035
1430 16163 1 0 0 16164
1431 1 0 1 16166 16168
1432 16121 0 0 0 16121
1433 15853 1 0 0 15854
1434 0 0 15857 0 15857
1435 2 15667 1 2 15672
1436 0 4 1 15169 15174
1437 3 0 15242 1 15246
1438 1 15051 0 1 15053
1439 15120 0 4 0 15124
1440 1 0 14949 0 14950
1441 0 14479 0 90 14569
1442 1 14398 0 0 14399
1443 4 14772 0 2 14778
1444 14976 0 6 0 14982
1445 1 0 14991 0 14992
1446 2 2 1 14038 14043
1447 20 0 14617 1 14638
1448 0 1 3 14236 14240
1449 0 1 52 14293 14346
1450 0 1 1 14441 14443
1451 1 0 14427 0 14428
1452 0 14188 0 6 14194
1453 14400 0 1 0 14401
1454 0 0 14563 0 14563
1455 0 1 0 13963 13964
1456 13934 0 0 0 13934
1457 1 1 13956 0 13958
1458 13760 1 2 2 13765
1459 0 0 13775 0 13775
1460 13784 0 26 0 13810
1461 0 0 13871 0 13871
1462 13598 0 0 0 13598
1463 27 13638 1 24 13690
1464 1 13878 0 0 13879
1465 0 1 1 14083 14085
1466 14041 0 3 1 14045
1467 3 0 0 13922 13925
1468 0 3 0 14020 14023
1469 51 0 13572 0 13623
1470 0 13619 0 0 13619
1471 1 0 1 13556 13558
1472 0 13657 0 1 13658
1473 0 0 2 14056 14058
1474 13868 0 185 0 14053
1475 14043 0 2 0 14045
1476 0 0 14056 0 14056
1477 0 13750 0 3 13753
1478 13877 0 1 1 13879
1479 13771 0 1 0 13772
1480 3 0 13811 0 13814
1481 4 13666 0 0 13670
1482 13864 0 2 0 13866
1483 13617 0 0 0 13617
1484 1 0 13470 1 13472
1485 3 13316 0 3 13322
1486 0 368 0 13091 13459
1487 0 0 13393 0 13393
1488 1 2 1 13183 13187
1489 13309 0 1 0 13310
1490 13211 71 1 1 13284
1491 0 0 13220 0 13220
1492 13090 2 1 0 13093
1493 13026 0 0 0 13026
1494 0 0 12983 1 12984
1495 12931 0 44 0 12975
1496 12873 0 1 0 12874
1497 0 16 20 12653 12689
1498 1 0 12638 3 12642
1499 13 12685 0 1 12699
1500 1 1 1 12863 12866
1501 2 0 12776 0 12778
1502 0 1 1 12481 12483
1503 0 12533 0 0 12533
1504 12705 0 1 0 12706
1505 12609 0 0 0 12609
1506 0 0 1 12739 12740
1507 3 0 12683 0 12686
1508 12651 0 0 0 12651
1509 12494 0 1 0 12495
1510 0 0 0 12491 12491
1511 12585 0 0 0 12585
1512 0 0 0 12488 12488
1513 0 0 0 12508 12508
1514 2 0 12447 0 12449
1515 12118 0 0 0 12118
1516 0 0 12277 3 12280
1517 4 1 12082 0 12087
1518 1 0 11992 0 11993
1519 12 0 12013 0 12025
1520 2 11838 0 1 11841
1521 1 0 12405 0 12406
1522 1 2 0 11780 11783
1523 4 0 12028 0 12032
1524 12218 0 0 1 12219
1525 1 37 1 12064 12103
1526 2 1 11723 0 11726
1527 2 11833 1 7 11843
1528 11893 0 3 3 11899
1529 1 0 11938 0 11939
1530 11864 0 0 0 11864
1531 1 1 0 12006 12008
1532 2 0 11649 2 11653
1533 1 2 0 11345 11348
1534 5 11427 0 1 11433
1535 11662 0 2 0 11664
1536 11441 1 0 0 11442
1537 11418 0 3 1 11422
1538 0 1 11454 0 11455
1539 1 0 11486 0 11487
1540 11453 0 1 0 11454
1541 11518 0 0 0 11518
1542 11521 0 0 0 11521
1543 0 0 2 11336 11338
1544 0 11544 0 26 11570
1545 0 1 0 11576 11577
1546 11539 1 0 0 11540
1547 3 11549 1 0 11553
1548 0 0 0 11345 11345
1549 0 11433 0 34 11467
1550 11653 0 5 1 11659
1551 11507 0 1 1 11509
1552 38 0 11646 0 11684
1553 11656 0 31 1 11688
1554 1 0 0 11708 11709
1555 3 0 11553 0 11556
1556 11506 0 70 17 11593
1557 1 0 0 11518 11519
1558 1 0 11567 1 11569
1559 11569 0 0 1 11570
1560 11554 0 3 1 11558
1561 0 1 1 11410 11412
1562 4 0 11363 1 11368
1563 11479 0 1 1 11481
1564 2 11236 0 2 11240
1565 31 3 0 11255 11289
1566 2 11170 0 2 11174
1567 11675 1 0 0 11676
1568 11601 0 0 0 11601
1569 1 1 0 11569 11571
1570 1 0 11461 1 11463
1571 2 0 11424 2 11428
1572 0 11287 0 2 11289
1573 0 0 0 11408 11408
1574 11466 0 3 0 11469
1575 11478 0 1 1 11480
1576 6 0 11367 0 11373
1577 11326 1 1 0 11328
1578 11381 1 0 0 11382
1579 11354 0 0 0 11354
1580 11100 1 3 1 11105
1581 0 11318 0 0 11318
1582 0 11159 0 0 11159
1583 11249 0 0 1 11250
1584 0 0 11095 1 11096
1585 2 42 1 10599 10644
1586 0 1 10640 1 10642
1587 1 1 10729 1 10732
1588 10803 1 51 1 10856
1589 10866 0 0 1 10867
1590 10815 0 2 0 10817
1591 1 1 1 10640 10643
1592 1 0 10291 0 10292
1593 1 10161 0 0 10162
1594 0 0 0 10239 10239
1595 1 2 1 10171 10175
1596 0 1 1 10242 10244
1597 36 10118 0 2 10156
1598 10054 1 0 0 10055
1599 6 3 1 9932 9942
1600 0 1 0 9965 9966
1601 1 1 9694 40 9736
1602 0 0 9732 1 9733
1603 1 1 9593 1 9596
1604 9720 0 38 0 9758
1605 9856 0 0 0 9856
1606 0 0 9659 0 9659
1607 9735 0 1 2 9738
1608 9798 0 1 0 9799
1609 9752 0 2 1 9755
1610 9584 0 0 0 9584
1611 0 1 2 9449 9452
1612 0 0 9315 1 9316
1613 0 3 1 8880 8884
1614 0 2 0 9081 9083
1615 1 7 0 9034 9042
1616 8 9133 0 2 9143
1617 9121 0 56 1 9178
1618 9064 1 0 0 9065
1619 9024 0 0 0 9024
1620 0 0 1 8811 8812
1621 8827 0 0 0 8827
1622 3 0 1 8358 8362
1623 0 8491 6 0 8497
1624 8560 0 0 0 8560
1625 0 0 8397 0 8397
1626 8190 0 0 0 8190
1627 0 8374 0 1 8375
1628 8343 0 1 0 8344
1629 8350 0 0 0 8350
1630 8298 0 3 0 8301
1631 8260 0 0 0 8260
1632 8053 6 0 0 8059
1633 0 8136 0 0 8136
1634 7939 0 2 0 7941
1635 7847 0 1 0 7848
1636 7754 0 0 0 7754
1637 7805 0 0 0 7805
1638 1 7325 0 604 7930
1639 1 7950 0 0 7951
1640 7952 0 1 0 7953
1641 7888 1 0 1 7890
1642 1 1 1 7400 7403
1643 11 7601 0 1 7613
1644 5 7594 1 0 7600
1645 64 7807 0 1 7872
1646 7875 0 0 0 7875
1647 2 2 3 7466 7473
1648 66 0 1 7628 7695
1649 1 0 7770 0 7771
1650 7710 0 1 0 7711
1651 7753 0 0 1 7754
1652 7711 0 0 1 7712
1653 0 0 1 7539 7540
1654 1 0 1 7445 7447
1655 1 7574 0 3 7578
1656 0 7646 0 2 7648
1657 7695 0 0 0 7695
1658 7616 0 0 0 7616
1659 0 0 0 7493 7493
1660 0 0 1 7717 7718
1661 7756 0 0 0 7756
1662 7666 0 0 0 7666
1663 1 0 7490 0 7491
1664 0 7275 0 1 7276
1665 7473 0 1 2 7476
1666 45 0 7194 1 7240
1667 7145 0 0 0 7145
1668 1 7223 1 0 7225
1669 0 7222 0 1 7223
1670 7330 1 0 0 7331
1671 0 69 0 7070 7139
1672 0 7154 0 0 7154
1673 0 7145 0 1 7146
1674 0 7087 0 1 7088
1675 0 7075 0 0 7075
1676 7070 0 24 1 7095
1677 6953 0 1 1 6955
1678 0 0 1 6845 6846
1679 0 0 0 6860 6860
1680 0 0 0 6779 6779
1681 0 6803 0 0 6803
1682 1 1 0 6808 6810
1683 0 0 0 6649 6649
1684 0 6620 0 0 6620
1685 0 2 0 6616 6618
1686 0 0 0 6684 6684
1687 0 0 0 6774 6774
1688 0 0 6782 2 6784
1689 1 0 6726 0 6727
1690 1 0 6644 0 6645
1691 6595 0 0 0 6595
1692 1 0 6588 0 6589
1693 2 0 6401 0 6403
1694 0 0 6288 1 6289
1695 6366 0 25 0 6391
1696 0 6193 0 0 6193
1697 6217 0 0 0 6217
1698 0 6186 0 0 6186
1699 6277 0 1 2 6280
1700 1 0 6119 116 6236
1701 0 6169 0 0 6169
1702 6205 0 21 0 6226
1703 0 0 6129 2 6131
1704 6014 0 0 1 6015
1705 0 0 5961 0 5961
1706 0 0 5703 0 5703
1707 5659 0 0 1 5660
1708 0 0 1 5680 5681
1709 0 0 1 5808 5809
1710 5807 0 0 0 5807
1711 1 0 0 5714 5715
1712 0 0 5613 0 5613
1713 5536 0 1 0 5537
1714 0 1 0 5529 5530
1715 1 0 5432 0 5433
1716 5113 0 0 0 5113
1717 1 5218 0 1 5220
1718 0 5241 1 1 5243
1719 1 1 0 5210 5212
1720 0 5221 1 0 5222
1721 0 0 5234 0 5234
1722 5066 0 2 0 5068
1723 0 1 4 5012 5017
1724 0 0 0 5017 5017
1725 4959 0 0 0 4959
1726 1 0 0 4931 4932
1727 1 0 1 4929 4931
1728 4965 0 0 0 4965
1729 4686 0 0 1 4687
1730 4665 0 0 0 4665
1731 0 0 1 4575 4576
1732 2 4664 0 1 4667
1733 4692 0 1 1 4694
1734 4650 1 3 0 4654
1735 0 4563 0 0 4563
1736 4511 0 0 0 4511
1737 4418 0 0 0 4418
1738 4423 0 0 0 4423
1739 4402 0 0 0 4402
1740 0 0 1 4222 4223
1741 4346 0 0 0 4346
1742 0 0 4280 0 4280
1743 4244 0 1 0 4245
1744 0 4225 0 0 4225
1745 4033 0 0 0 4033
1746 0 4242 0 1 4243
1747 0 1 0 4208 4209
1748 4277 0 0 0 4277
1749 0 1 0 4248 4249
1750 1 0 4263 1 4265
1751 4190 0 1 0 4191
1752 0 4300 0 1 4301
1753 1 1 0 4165 4167
1754 3 0 4286 1 4290
1755 0 0 0 4199 4199
1756 1 0 4223 1 4225
1757 4264 0 1 0 4265
1758 0 0 0 4191 4191
1759 0 0 0 4246 4246
1760 0 0 4271 1 4272
1761 1 1 0 4173 4175
1762 0 1 0 4187 4188
1763 0 20 1 4138 4159
1764 0 4168 0 0 4168
1765 4164 0 1 0 4165
1766 4114 0 0 0 4114
1767 1 0 0 4085 4086
1768 4068 0 0 0 4068
1769 0 4039 0 0 4039
1770 1 0 4093 0 4094
1771 1 2 1 3945 3949
1772 0 0 0 3902 3902
1773 0 0 0 3917 3917
1774 0 0 3935 0 3935
1775 0 0 3875 0 3875
1776 3886 0 0 0 3886
1777 3817 0 0 0 3817
1778 0 0 0 3674 3674
1779 2 0 3758 0 3760
1780 0 30 23 3643 3696
1781 0 0 3658 2 3660
1782 0 0 3563 0 3563
1783 1 0 3474 1 3476
1784 0 0 0 3040 3040
1785 0 0 3221 0 3221
1786 0 0 1 3105 3106
1787 0 0 0 3173 3173
1788 0 0 0 3191 3191
1789 2950 0 1 0 2951
1790 0 0 0 2787 2787
1791 0 0 1 2753 2754
1792 0 2665 0 0 2665
1793 1 0 0 2541 2542
1794 52 2451 0 0 2503
1795 2489 0 0 0 2489
1796 0 0 0 2374 2374
1797 0 0 0 2296 2296
1798 1804 0 418 0 2222
1799 2133 0 0 0 2133
1800 2105 0 0 0 2105
1801 2091 0 0 0 2091
1802 0 0 0 1781 1781
1803 1506 0 0 0 1506
1804 1426 0 0 0 1426
1805 1428 0 0 0 1428
1806 0 0 0 1258 1258
1807 936 0 0 0 936
1808 0 0 0 889 889
1809 787 0 13 0 800
1810 794 0 0 0 794
1811 796 0 0 0 796
1812 654 0 0 0 654
1813 489 0 0 0 489
1814 450 0 0 0 450
1815 0 0 0 353 353
1816 0 0 0 0 0
