0 0 0 0 0 0
1 214 0 0 0 214
2 0 0 0 257 257
3 0 0 0 284 284
4 0 0 0 289 289
5 0 0 0 326 326
6 0 344 0 0 344
7 0 2 0 384 386
8 0 0 0 574 574
9 0 0 829 0 829
10 0 0 0 994 994
11 0 0 1043 0 1043
12 1058 0 4 0 1062
13 1078 0 0 0 1078
14 0 1108 0 0 1108
15 0 0 0 1111 1111
16 0 0 0 1127 1127
17 0 1145 0 0 1145
18 1161 0 0 0 1161
19 1163 0 0 0 1163
20 0 0 1177 0 1177
21 0 1166 0 0 1166
22 1154 0 0 0 1154
23 0 1166 0 0 1166
24 0 1181 0 0 1181
25 1144 29 0 9 1182
26 6 0 1197 0 1203
27 0 0 0 1190 1190
28 1215 0 1 0 1216
29 1555 0 0 9 1564
30 1636 0 0 0 1636
31 1617 0 1 0 1618
32 8 0 1610 0 1618
33 1630 0 0 0 1630
34 1665 0 0 3 1668
35 0 1762 0 0 1762
36 0 2 0 1969 1971
37 104 0 1920 0 2024
38 2034 0 0 0 2034
39 2063 0 0 0 2063
40 2068 0 0 0 2068
41 2050 0 0 0 2050
42 0 0 0 2063 2063
43 1 2092 0 0 2093
44 2110 1 0 0 2111
45 2093 0 3 0 2096
46 2087 0 0 0 2087
47 2055 0 0 0 2055
48 0 0 4 2090 2094
49 1 0 2082 0 2083
50 0 4 0 2067 2071
51 0 2197 0 1 2198
52 0 2217 0 0 2217
53 2203 0 38 0 2241
54 2240 0 0 0 2240
55 0 2265 0 0 2265
56 2290 0 0 5 2295
57 0 0 0 2788 2788
58 0 0 2839 0 2839
59 0 0 2829 0 2829
60 2794 1 2 0 2797
61 0 162 0 2735 2897
62 2953 8 0 0 2961
63 0 4 0 3015 3019
64 0 3189 0 10 3199
65 0 18 3415 0 3433
66 3361 9 43 12 3425
67 0 3539 0 0 3539
68 20 0 3596 0 3616
69 0 0 3683 0 3683
70 0 1 0 3601 3602
71 3785 1 10 4 3800
72 1 0 0 4213 4214
73 19 0 4247 0 4266
74 4263 0 9 0 4272
75 4277 0 12 0 4289
76 0 4341 0 0 4341
77 4346 0 0 0 4346
78 1 4557 0 0 4558
79 0 0 0 4550 4550
80 1 0 4704 0 4705
81 1 0 6028 0 6029
82 1 0 6088 0 6089
83 6194 0 0 0 6194
84 1 6318 0 32 6351
85 6516 0 0 0 6516
86 6269 0 0 174 6443
87 0 3 0 6511 6514
88 0 4 2 6571 6577
89 0 0 6526 0 6526
90 6581 0 0 0 6581
91 3 6720 0 3 6726
92 6881 0 2 0 6883
93 6849 1 2 0 6852
94 6779 1 0 0 6780
95 6721 1 0 0 6722
96 11 6813 0 0 6824
97 6654 0 5 7 6666
98 0 6897 2 0 6899
99 1 6823 0 109 6933
100 32 0 6942 0 6974
101 4 0 6931 3 6938
102 6868 0 2 0 6870
103 6944 0 0 0 6944
104 0 0 7011 1 7012
105 6940 0 0 0 6940
106 7073 1 0 1 7075
107 7067 0 0 0 7067
108 0 10 0 7102 7112
109 7125 1 1 1 7128
110 7033 1 0 0 7034
111 1 7176 0 6 7183
112 0 262 0 6831 7093
113 0 11 0 7140 7151
114 0 7293 0 0 7293
115 0 5 1 7246 7252
116 6 0 7220 0 7226
117 0 0 7145 0 7145
118 5596 1 1586 0 7183
119 7261 0 0 0 7261
120 1 7305 0 0 7306
121 0 7282 0 3 7285
122 7322 0 1 0 7323
123 5 1 7309 1 7316
124 1 2 0 7151 7154
125 7 0 7298 0 7305
126 1 0 7290 0 7291
127 4 0 7290 0 7294
128 7330 0 4 0 7334
129 0 7422 1 0 7423
130 7461 0 0 0 7461
131 7437 0 1 2 7440
132 0 7440 0 1 7441
133 2 7506 0 0 7508
134 7527 0 2 3 7532
135 1 0 7425 0 7426
136 7424 0 0 0 7424
137 0 7443 0 1 7444
138 1 7505 0 2 7508
139 7584 0 1 0 7585
140 7490 0 1 0 7491
141 0 1 1 7460 7462
142 1 7544 0 1 7546
143 7537 0 2 0 7539
144 1 1 1 7464 7467
145 0 76 1 7407 7484
146 7599 2 1 3 7605
147 2 0 7412 0 7414
148 7459 0 0 0 7459
149 9 7520 0 1 7530
150 3 7511 1 2 7517
151 7599 0 3 2 7604
152 2 0 7466 0 7468
153 0 7540 0 0 7540
154 7610 0 2 0 7612
155 7438 0 1 2 7441
156 0 7593 0 0 7593
157 0 7574 0 0 7574
158 5 7571 0 1 7577
159 0 0 0 7465 7465
160 0 4 0 7479 7483
161 4 360 7069 0 7433
162 1 7505 1 1 7508
163 1 7511 0 1 7513
164 8 7551 0 1 7560
165 1 7558 1 1 7561
166 7486 1 5 1 7493
167 0 7602 0 1 7603
168 0 7630 0 1 7631
169 7660 0 0 1 7661
170 7559 2 0 0 7561
171 0 0 7494 1 7495
172 1 7700 0 2 7703
173 7766 0 4 0 7770
174 7713 0 0 0 7713
175 2 7763 0 0 7765
176 7823 0 3 0 7826
177 7715 2 0 0 7717
178 7649 0 0 3 7652
179 0 7758 0 0 7758
180 0 1 7535 0 7536
181 7548 3 7 0 7558
182 7396 0 4 0 7400
183 0 7485 1 0 7486
184 0 7505 3 0 7508
185 1 7566 3 2 7572
186 3 0 7493 0 7496
187 0 13 1 7210 7224
188 7372 9 4 0 7385
189 7395 1 0 0 7396
190 2 7467 0 0 7469
191 3 7444 0 2 7449
192 4 7493 0 1 7498
193 7465 0 1 0 7466
194 1 4 0 7171 7176
195 0 7382 0 0 7382
196 0 7378 2 4 7384
197 1 7393 3 0 7397
198 3 7486 0 1 7490
199 9 1 7477 0 7487
200 1 0 7361 0 7362
201 7288 0 5 2 7295
202 7400 0 1 0 7401
203 7397 0 3 0 7400
204 1 0 7391 0 7392
205 7378 2 0 1 7381
206 2 0 7388 0 7390
207 1 7583 0 1 7585
208 7637 0 3 0 7640
209 7604 1 4 1 7610
210 1 7620 0 1 7622
211 3 7587 1 0 7591
212 7560 0 0 4 7564
213 0 7611 0 67 7678
214 7667 1 1 2 7671
215 7569 5 0 0 7574
216 0 0 7499 0 7499
217 1 7511 0 0 7512
218 7507 0 0 0 7507
219 0 0 7580 1 7581
220 0 14 1 6699 6714
221 8 0 7203 0 7211
222 7342 0 1 0 7343
223 7479 1 1 0 7481
224 0 1 7482 1 7484
225 7481 0 5 0 7486
226 1 1 0 7450 7452
227 4 0 7478 0 7482
228 7420 0 9 1 7430
229 0 0 0 7469 7469
230 1 2 7517 0 7520
231 0 0 0 7156 7156
232 0 7472 0 0 7472
233 1 1 7543 0 7545
234 7 0 7409 0 7416
235 7377 0 72 1 7450
236 7479 1 1 0 7481
237 0 0 7577 0 7577
238 6 0 7438 0 7444
239 7372 0 2 0 7374
240 7434 1 0 0 7435
241 7477 0 0 0 7477
242 69 0 7214 0 7283
243 8 7285 1 12 7306
244 1 7325 0 1 7327
245 0 7303 1 5 7309
246 7387 0 3 0 7390
247 7399 3 1 0 7403
248 7319 0 2 0 7321
249 7124 1 53 1 7179
250 1 0 7209 0 7210
251 7192 0 1 0 7193
252 7271 0 0 0 7271
253 2 0 7050 0 7052
254 0 7090 0 3 7093
255 7168 1 2 0 7171
256 0 0 6889 0 6889
257 6900 0 2 0 6902
258 0 6926 0 1 6927
259 0 6853 0 3 6856
260 1 6830 0 0 6831
261 0 6886 0 1 6887
262 13 0 6780 1 6794
263 6619 1 9 1 6630
264 0 6682 0 0 6682
265 6654 0 0 1 6655
266 0 0 6676 0 6676
267 6558 0 5 0 6563
268 1 0 6631 1 6633
269 6647 0 0 0 6647
270 1 0 0 6644 6645
271 6732 0 0 0 6732
272 6675 0 8 0 6683
273 6661 0 0 2 6663
274 6 0 6545 0 6551
275 6462 0 0 0 6462
276 6418 5 0 0 6423
277 2 0 6342 0 6344
278 6346 1 3 1 6351
279 3 0 6231 0 6234
280 2 6190 0 0 6192
281 1 1 6179 0 6181
282 1 0 2 6022 6025
283 0 6198 0 2 6200
284 1 0 0 6118 6119
285 6196 0 0 0 6196
286 2 6226 0 0 6228
287 6283 0 0 0 6283
288 6253 1 0 0 6254
289 0 6209 0 1 6210
290 6168 0 0 0 6168
291 0 0 0 6156 6156
292 1 0 6222 0 6223
293 0 5 6149 0 6154
294 4 7 0 5139 5150
295 4 0 5832 1 5837
296 0 0 6441 0 6441
297 0 2 0 5735 5737
298 7 0 6303 0 6310
299 6470 0 0 1 6471
300 6557 1 0 0 6558
301 6494 1 32 0 6527
302 0 6517 0 9 6526
303 0 7 0 6346 6353
304 5 0 6391 1 6397
305 6 0 6598 2 6606
306 0 0 6683 1 6684
307 0 6510 0 9 6519
308 1 0 6610 0 6611
309 6574 5 9 1 6589
310 6627 0 0 0 6627
311 0 1 0 6647 6648
312 1 2 0 6711 6714
313 0 6685 0 0 6685
314 0 0 0 6678 6678
315 6651 0 2 0 6653
316 0 6651 1 0 6652
317 6668 0 0 0 6668
318 6520 0 1 0 6521
319 0 6493 0 0 6493
320 0 6493 0 0 6493
321 6531 0 4 0 6535
322 2 0 6468 0 6470
323 6372 3 3 0 6378
324 0 1 0 6413 6414
325 0 1 6431 0 6432
326 6320 0 0 0 6320
327 0 3 0 6337 6340
328 3 0 6409 0 6412
329 51 0 6296 0 6347
330 0 1 0 6146 6147
331 4 37 1 6213 6255
332 6333 1 0 5 6339
333 6323 0 0 0 6323
334 6220 0 1 0 6221
335 7 0 6236 0 6243
336 0 6118 0 0 6118
337 0 3 0 6120 6123
338 0 0 6176 0 6176
339 1 0 6090 0 6091
340 6068 0 6 0 6074
341 1 6085 0 0 6086
342 0 0 0 5993 5993
343 1 6087 0 0 6088
344 6196 1 2 0 6199
345 6179 1 0 0 6180
346 0 1 0 6116 6117
347 18 0 6095 0 6113
348 6031 2 2 0 6035
349 0 0 1 5971 5972
350 1 0 6021 0 6022
351 5966 0 0 1 5967
352 0 5960 1 2 5963
353 5989 2 1 0 5992
354 0 0 1 5950 5951
355 1 0 5962 0 5963
356 1 0 5927 1 5929
357 5826 0 0 1 5827
358 0 0 6024 0 6024
359 5964 0 9 0 5973
360 0 0 6054 0 6054
361 6017 0 0 0 6017
362 6005 0 0 0 6005
363 6082 0 0 2 6084
364 0 0 1 5956 5957
365 1 6078 0 1 6080
366 1 2 0 6153 6156
367 6173 0 0 0 6173
368 6076 0 0 1 6077
369 0 3 1 5951 5955
370 0 5994 0 1 5995
371 0 6114 0 1 6115
372 6241 0 2 0 6243
373 6169 0 0 0 6169
374 6143 0 1 0 6144
375 6069 0 0 0 6069
376 0 4 1 5890 5895
377 1 0 5872 0 5873
378 2 5820 0 13 5835
379 59 0 5852 0 5911
380 4 5796 0 1 5801
381 5869 0 0 2 5871
382 0 1 0 5763 5764
383 11 0 5806 0 5817
384 0 5704 0 6 5710
385 1274 4513 0 1 5788
386 1 0 5825 0 5826
387 0 0 0 5509 5509
388 10 0 5625 2 5637
389 1 0 5700 3 5704
390 5739 0 2 1 5742
391 5825 0 0 0 5825
392 5837 0 1 0 5838
393 0 0 5753 1 5754
394 5677 0 1 0 5678
395 5750 0 0 1 5751
396 2 1 0 5729 5732
397 0 3 0 5738 5741
398 0 18 0 5733 5751
399 0 2 0 5752 5754
400 5824 0 0 0 5824
401 0 1 2 5728 5731
402 0 1 0 5765 5766
403 0 0 5706 1 5707
404 2 0 5609 0 5611
405 0 5585 0 1 5586
406 1 0 0 5630 5631
407 0 0 5643 0 5643
408 0 5533 0 3 5536
409 3 5636 0 0 5639
410 5657 0 2 0 5659
411 0 5661 0 4 5665
412 0 2 2 5715 5719
413 3 0 5732 0 5735
414 5650 0 0 2 5652
415 0 1 1 5671 5673
416 0 0 5669 0 5669
417 5661 0 1 0 5662
418 1 5665 0 4 5670
419 5762 0 2 3 5767
420 5875 1 2 0 5878
421 0 0 5792 0 5792
422 5736 0 0 0 5736
423 5785 0 3 0 5788
424 5789 1 0 0 5790
425 5684 2 0 0 5686
426 3 5785 0 1 5789
427 1 5368 0 407 5776
428 1 0 5719 0 5720
429 5499 0 4 0 5503
430 0 0 5651 0 5651
431 1 1 0 5410 5412
432 0 2 0 5435 5437
433 0 5487 0 3 5490
434 0 5546 0 1 5547
435 5637 0 1 1 5639
436 5 0 5602 3 5610
437 5490 0 0 0 5490
438 5516 0 1 0 5517
439 0 0 5521 1 5522
440 5450 0 1 0 5451
441 5501 0 8 0 5509
442 5558 1 21 0 5580
443 5606 0 0 0 5606
444 5601 0 1 0 5602
445 1 0 5460 0 5461
446 5526 0 0 0 5526
447 5474 0 2 0 5476
448 0 0 0 5404 5404
449 0 0 5423 0 5423
450 1 5302 2 4 5309
451 2 5488 0 1 5491
452 5504 1 10 0 5515
453 4 0 5523 0 5527
454 5363 6 14 1 5384
455 1 0 5516 1 5518
456 5421 0 0 0 5421
457 0 1 2 5471 5474
458 3 0 5580 0 5583
459 1 0 0 5439 5440
460 2 4306 0 1194 5502
461 5678 0 1 2 5681
462 5702 0 3 0 5705
463 5607 0 98 4 5709
464 1 0 5708 0 5709
465 5634 0 0 0 5634
466 5658 4 0 0 5662
467 0 6 5687 0 5693
468 0 0 5652 2 5654
469 4 0 5649 1 5654
470 5649 0 0 0 5649
471 5747 0 0 0 5747
472 0 0 5866 0 5866
473 2 0 5906 0 5908
474 6058 0 2 0 6060
475 6123 0 0 0 6123
476 1 0 6223 0 6224
477 6266 0 1 2 6269
478 6348 0 7 1 6356
479 6465 0 0 0 6465
480 3 5 0 6313 6321
481 6453 0 4 0 6457
482 0 0 6390 0 6390
483 6460 0 2 1 6463
484 0 369 0 6014 6383
485 2 6384 0 1 6387
486 6499 0 2 1 6502
487 1 6513 0 3 6517
488 6742 0 1 0 6743
489 6763 0 5 1 6769
490 0 6841 2 0 6843
491 7055 0 0 0 7055
492 7066 0 0 0 7066
493 7039 0 1 0 7040
494 7084 0 0 6 7090
495 0 7313 0 0 7313
496 7238 2 35 11 7286
497 1 0 7317 0 7318
498 2 0 7155 0 7157
499 7142 0 11 4 7157
500 0 0 7299 0 7299
501 1 0 7360 1 7362
502 1 7363 1 2 7367
503 7322 2 1 1 7326
504 0 7472 0 3 7475
505 2 7727 0 7 7736
506 0 8 1 7756 7765
507 0 0 0 7847 7847
508 0 0 0 7868 7868
509 0 0 0 7893 7893
510 7995 0 0 0 7995
511 0 7984 0 3 7987
512 8056 0 1 0 8057
513 7996 0 14 2 8012
514 3 0 7940 0 7943
515 7786 2 6 0 7794
516 0 0 0 7862 7862
517 1 0 7875 0 7876
518 0 0 7865 0 7865
519 1 3 1 7552 7557
520 7976 1 1 0 7978
521 7994 1 0 2 7997
522 0 0 8003 4 8007
523 7976 1 2 0 7979
524 9 0 8051 0 8060
525 8031 0 0 0 8031
526 1 1 0 8034 8036
527 0 0 8109 0 8109
528 8151 0 0 0 8151
529 2 1 0 8139 8142
530 8247 1 0 0 8248
531 8287 0 1 0 8288
532 8223 0 1 0 8224
533 8144 3 1 0 8148
534 10 8125 0 0 8135
535 2 8019 0 0 8021
536 8256 0 0 0 8256
537 0 0 0 8126 8126
538 0 8281 0 1 8282
539 0 0 2 8192 8194
540 8283 11 0 0 8294
541 0 1 0 8357 8358
542 0 3 0 8350 8353
543 3 0 1 8337 8341
544 1 8374 0 2 8377
545 8434 2 17 3 8456
546 6 5 8098 146 8255
547 1 8227 2 2 8232
548 1 8285 1 1 8288
549 5 8405 0 3 8413
550 0 2 0 8567 8569
551 8486 0 0 4 8490
552 0 5 0 8673 8678
553 8741 1 0 0 8742
554 8830 0 1 1 8832
555 3 0 8653 0 8656
556 8695 0 1 1 8697
557 8780 4 1 0 8785
558 0 0 0 8733 8733
559 0 9 0 8735 8744
560 8532 0 3 0 8535
561 0 8727 0 0 8727
562 1 8750 0 27 8778
563 0 9 1 8748 8758
564 0 2 0 8877 8879
565 0 2 1 8923 8926
566 0 0 0 9064 9064
567 1 1 1 9152 9155
568 9153 0 11 4 9168
569 9077 0 1 0 9078
570 9108 4 2 1 9115
571 9114 0 1 0 9115
572 0 0 9200 0 9200
573 9092 0 0 1 9093
574 9230 0 3 0 9233
575 2 0 9229 0 9231
576 9169 0 0 2 9171
577 19 0 9254 5 9278
578 0 0 9198 0 9198
579 0 0 0 8807 8807
580 60 0 9104 0 9164
581 9404 0 1 0 9405
582 9562 0 6 0 9568
583 9572 0 0 0 9572
584 9564 3 2 0 9569
585 1 9654 0 2 9657
586 9714 0 0 1 9715
587 9658 0 1 0 9659
588 0 0 0 9722 9722
589 1 0 9710 0 9711
590 0 0 1 9564 9565
591 9683 0 5 1 9689
592 0 9839 0 1 9840
593 9988 0 0 8 9996
594 9926 0 2 1 9929
595 9924 1 2 0 9927
596 9823 1 2 1 9827
597 3 9923 1 0 9927
598 0 9806 0 2 9808
599 9723 3 3 2 9731
600 4 9959 0 0 9963
601 185 9747 0 9 9941
602 9980 0 0 8 9988
603 0 17 0 10054 10071
604 0 0 10082 0 10082
605 0 0 9938 1 9939
606 1 3 9894 1 9899
607 0 0 9925 1 9926
608 9885 0 0 1 9886
609 0 0 9999 1 10000
610 0 1 1 9857 9859
611 1 0 10094 0 10095
612 10059 1 0 0 10060
613 2 4 0 10146 10152
614 0 0 10135 1 10136
615 2 0 10037 4 10043
616 0 10248 0 19 10267
617 0 0 1 10295 10296
618 1 2 0 10387 10390
619 1 10425 0 0 10426
620 10558 4 2 10 10574
621 0 0 10618 1 10619
622 1 1 5 10173 10180
623 2 0 10477 0 10479
624 3 0 10563 1 10567
625 10770 0 1 1 10772
626 0 123 1 10834 10958
627 0 0 0 11118 11118
628 11194 0 0 4 11198
629 11191 0 0 0 11191
630 11185 0 1 2 11188
631 2 152 0 11038 11192
632 3 11240 0 6 11249
633 11291 0 1 0 11292
634 8 11383 0 1 11392
635 11467 0 1 1 11469
636 0 5 1 11635 11641
637 11691 0 3 1 11695
638 11578 3 1 0 11582
639 0 0 0 11731 11731
640 1 0 11677 0 11678
641 11633 0 0 0 11633
642 0 6 1 11731 11738
643 0 49 0 12075 12124
644 4 0 12041 3 12048
645 4 0 12027 0 12031
646 16 1 12192 0 12209
647 1 12355 0 16 12372
648 12615 0 2 4 12621
649 0 36 0 12526 12562
650 1 1 1 12631 12634
651 6 12702 0 3 12711
652 12765 0 1 0 12766
653 1 12844 0 2 12847
654 12970 1 1 0 12972
655 23 0 12984 0 13007
656 12856 1 0 0 12857
657 1 0 0 13079 13080
658 15 0 13112 0 13127
659 13055 0 7 1 13063
660 13162 0 4 2 13168
661 0 0 0 13218 13218
662 3 0 13231 3 13237
663 13180 0 1 0 13181
664 0 27 0 13324 13351
665 6 3 13339 1 13349
666 11 0 1 13322 13334
667 0 13367 0 0 13367
668 0 0 1 13567 13568
669 3 0 13555 0 13558
670 0 4 0 13548 13552
671 1 1 0 13561 13563
672 0 1 2 13498 13501
673 0 13496 0 8 13504
674 1 14041 0 0 14042
675 14437 1 2 0 14440
676 14314 0 4 1 14319
677 14412 5 9 0 14426
678 4 0 14135 1 14140
679 14522 0 5 1 14528
680 1 4 1 14380 14386
681 1 14563 5 3 14572
682 14852 0 9 6 14867
683 14768 3 3 2 14776
684 14707 0 1 1 14709
685 2 0 14652 0 14654
686 3 0 14449 4 14456
687 7 14551 0 1 14559
688 14553 0 8 1 14562
689 2 14787 0 45 14834
690 4 1 0 14969 14974
691 14980 0 47 0 15027
692 14904 0 2 0 14906
693 14955 0 1 0 14956
694 14955 0 1 0 14956
695 14903 1 1 0 14905
696 13 0 14842 0 14855
697 14663 0 1 0 14664
698 5 0 14973 2 14980
699 2 1 1 14598 14602
700 0 0 0 14896 14896
701 2 0 14835 2 14839
702 0 1 14588 3 14592
703 14630 0 14 0 14644
704 2 14907 0 1 14910
705 1 2 3 14870 14876
706 0 0 0 14913 14913
707 2 0 14806 0 14808
708 14734 0 1 2 14737
709 3 4 0 14692 14699
710 0 14584 10 3 14597
711 3 14591 0 13 14607
712 5 1 1 14691 14698
713 1 2 0 14803 14806
714 1 14695 0 0 14696
715 14704 0 3 3 14710
716 0 2 1 14751 14754
717 3 6 0 14848 14857
718 14858 0 0 3 14861
719 14602 1 1 0 14604
720 2 1 1 14586 14590
721 4 14740 0 1 14745
722 14796 1 2 3 14802
723 0 0 14564 2 14566
724 0 0 0 14383 14383
725 13985 1 3 1 13990
726 1 14573 0 0 14574
727 1 14636 0 1 14638
728 0 19 0 14513 14532
729 3 0 1 14555 14559
730 0 1 0 14566 14567
731 2 0 14453 0 14455
732 3 14483 0 5 14491
733 307 0 14340 7 14654
734 1 0 14483 5 14489
735 1 0 14489 2 14492
736 14548 7 5 0 14560
737 14721 0 4 9 14734
738 10 0 14690 0 14700
739 1 14533 1 4 14539
740 14696 1 3 5 14705
741 1 14868 0 3 14872
742 14876 0 2 0 14878
743 1 0 14709 0 14710
744 3 5 2 14445 14455
745 2 14527 0 1 14530
746 0 14456 3 0 14459
747 10 14549 0 2 14561
748 1 14751 0 2 14754
749 14915 0 21 1 14937
750 21 0 14841 0 14862
751 14835 0 1 2 14838
752 14785 0 3 1 14789
753 1 0 14784 0 14785
754 14593 10 0 5 14608
755 3 1 0 14510 14514
756 0 14769 0 6 14775
757 14786 2 6 2 14796
758 2 0 14840 0 14842
759 1 0 14575 1 14577
760 1 2 2 14227 14232
761 2 0 14505 0 14507
762 1 14638 0 11 14650
763 69 0 14732 1 14802
764 14523 0 7 2 14532
765 0 14809 0 3 14812
766 0 10 2 14936 14948
767 2 0 15035 0 15037
768 1 1 14939 11 14952
769 0 12 1 14167 14180
770 29 0 14910 0 14939
771 0 7 3 15282 15292
772 0 4 1 15457 15462
773 9 1 15343 2 15355
774 1 15382 0 6 15389
775 15774 0 4 0 15778
776 15566 1 9 1 15577
777 3 1 2 15527 15533
778 1 15695 0 1 15697
779 15832 1 1 2 15836
780 15788 0 1 0 15789
781 15707 7 3 3 15720
782 4 0 15897 7 15908
783 2 0 15741 0 15743
784 15598 6 9 14 15627
785 8 0 15926 9 15943
786 6 5 16658 2 16671
787 10 40 7 15916 15973
788 3 0 17146 0 17149
789 2 1 17295 1 17299
790 17121 0 19 2 17142
791 17084 0 0 0 17084
792 3 17459 8 1 17471
793 4 17580 0 3 17587
794 1 1 0 17761 17763
795 0 3 2 17809 17814
796 17806 0 1 2 17809
797 2 0 17753 1 17756
798 1 4 1 17162 17168
799 1 0 17438 0 17439
800 10 0 17727 1 17738
801 3 17927 0 1 17931
802 0 5 0 18167 18172
803 4 1 18101 0 18106
804 18061 0 1 3 18065
805 18146 2 14 12 18174
806 0 0 18052 0 18052
807 2 17961 0 3 17966
808 0 18067 0 7 18074
809 18188 0 6 0 18194
810 0 6 2 18198 18206
811 1 20 0 18190 18211
812 0 18465 0 12 18477
813 1 0 18596 0 18597
814 17969 3 14 2 17988
815 1 1 1 18387 18390
816 0 0 0 18699 18699
817 0 108 1 18670 18779
818 18573 1 2 0 18576
819 0 0 2 18647 18649
820 18607 0 9 2 18618
821 3 0 18633 3 18639
822 1 1 18412 0 18414
823 18272 3 1 1 18277
824 18473 1 0 0 18474
825 0 0 18341 0 18341
826 18277 0 0 1 18278
827 0 0 18383 0 18383
828 0 18341 1 0 18342
829 18661 0 1 1 18663
830 18544 3 0 0 18547
831 2 1 0 18382 18385
832 1 0 18508 0 18509
833 24 0 18243 2 18269
834 2 18442 4 8 18456
835 18491 0 1 0 18492
836 4 0 18530 0 18534
837 18421 0 2 0 18423
838 1 18350 0 7 18358
839 18588 0 3 1 18592
840 1 0 18420 0 18421
841 18192 13 1 1 18207
842 2 5 18373 1 18381
843 0 0 18332 8 18340
844 1 0 18224 12 18237
845 4 18176 1 2 18183
846 0 0 0 18441 18441
847 18454 1 4 2 18461
848 1 6 3 18461 18471
849 2 2 0 18533 18537
850 18307 0 15 3 18325
851 18289 3 0 6 18298
852 0 0 18290 1 18291
853 18260 1 5 1 18267
854 0 0 18165 0 18165
855 18289 0 6 0 18295
856 0 18212 0 14 18226
857 18515 2 3 0 18520
858 1 1 3 18333 18338
859 4 18483 1 2 18490
860 18775 2 2 0 18779
861 18647 1 0 1 18649
862 18576 2 27 1 18606
863 5 1 18165 0 18171
864 7 18089 0 1 18097
865 5 18340 0 4 18349
866 18402 0 3 0 18405
867 18402 1 4 9 18416
868 30 0 17983 0 18013
869 17916 0 1 3 17920
870 4 18279 0 0 18283
871 0 6 1 18152 18159
872 3 0 18085 0 18088
873 9 17944 0 7 17960
874 3 18186 0 5 18194
875 10 3 6 18096 18115
876 18027 1 1 1 18030
877 1 2 0 18148 18151
878 3 0 18058 0 18061
879 18114 0 2 2 18118
880 18234 1 5 0 18240
881 18184 0 1 0 18185
882 18170 0 1 0 18171
883 20 0 17790 0 17810
884 17562 0 5 1 17568
885 1 3 1 17414 17419
886 1 0 0 17597 17598
887 0 17596 0 0 17596
888 0 4 0 17656 17660
889 1 1 0 17629 17631
890 2 17485 0 25 17512
891 0 4 1 17544 17549
892 6 0 17291 5 17302
893 17352 0 5 1 17358
894 17443 6 1 0 17450
895 4 1 0 17263 17268
896 0 17202 0 0 17202
897 0 0 0 17392 17392
898 17345 0 3 2 17350
899 17262 2 2 1 17267
900 17270 1 2 1 17274
901 6 1 16685 2 16694
902 16606 0 0 4 16610
903 16573 0 6 2 16581
904 2 16568 0 0 16570
905 16704 1 5 0 16710
906 16598 0 1 1 16600
907 16448 2 14 2 16466
908 0 3 0 16044 16047
909 1 5 15882 0 15888
910 4 16048 0 17 16069
911 0 2 1 15882 15885
912 2 16072 0 3 16077
913 2 7 0 15994 16003
914 5 0 15820 2 15827
915 2 15895 0 3 15900
916 9 1 15697 7 15714
917 7 15747 0 0 15754
918 1 15878 0 2 15881
919 4 15887 0 1 15892
920 9 16038 0 40 16087
921 16166 0 19 1 16186
922 16134 1 11 2 16148
923 3 16190 0 1 16194
924 16444 6 2 0 16452
925 16463 0 4 0 16467
926 16347 2 2 1 16352
927 16322 4 6 4 16336
928 22 0 15865 0 15887
929 1 1 15802 0 15804
930 10 16268 0 1 16279
931 0 0 2 16337 16339
932 2 16452 0 3 16457
933 0 2 0 16731 16733
934 16636 0 26 4 16666
935 0 0 16643 0 16643
936 0 3 0 16400 16403
937 2 3 0 16727 16732
938 0 0 16774 0 16774
939 16717 9 2 3 16731
940 0 3 1 16631 16635
941 1 16776 0 6 16783
942 17016 3 1 1 17021
943 16772 6 0 0 16778
944 0 0 16856 1 16857
945 14 0 0 16103 16117
946 80 2 16513 0 16595
947 16931 0 7 7 16945
948 0 4 0 16938 16942
949 85 17166 0 33 17284
950 4 0 17426 3 17433
951 3 0 17356 6 17365
952 17229 1 2 3 17235
953 17388 0 3 0 17391
954 2 0 17086 0 17088
955 2 17676 0 3 17681
956 18017 0 1 0 18018
957 1 0 17850 0 17851
958 17753 0 7 1 17761
959 17918 2 6 0 17926
960 17819 0 0 2 17821
961 0 12 10 17558 17580
962 4 17621 0 1 17626
963 1 17787 0 7 17795
964 17751 1 23 0 17775
965 2 0 17719 0 17721
966 2 3 17385 3 17393
967 394 0 17014 2 17410
968 17422 1 0 1 17424
969 0 3 1 17357 17361
970 0 6 1 17597 17604
971 17 0 17444 12 17473
972 13 18133 0 12 18158
973 18209 1 2 0 18212
974 2 0 18217 2 18221
975 17879 1 5 0 17885
976 6 18211 0 10 18227
977 18236 0 0 1 18237
978 1 9 0 18236 18246
979 2 2 2 18511 18517
980 9 0 18325 0 18334
981 18250 1 4 1 18256
982 18252 0 2 6 18260
983 5 0 18189 7 18201
984 17925 1 1 1 17928
985 3 1 1 17915 17920
986 1 17993 0 1 17995
987 0 8 1 18032 18041
988 17914 1 0 0 17915
989 17579 0 1 0 17580
990 6 17624 0 19 17649
991 3 17598 0 6 17607
992 7 17715 0 0 17722
993 1 0 0 17630 17631
994 3 0 17595 0 17598
995 13 17569 31 3 17616
996 1 3 0 17613 17617
997 0 1 0 17595 17596
998 0 0 17352 0 17352
999 3 17352 0 5 17360
1000 0 11 0 17323 17334
1001 4 17498 0 8 17510
1002 0 0 17619 0 17619
1003 0 0 16 16928 16944
1004 17298 0 0 0 17298
1005 2 0 17500 0 17502
1006 1 0 0 16788 16789
1007 17257 8 1 1 17267
1008 3 0 1 17318 17322
1009 5 0 17320 1 17326
1010 8 0 17235 0 17243
1011 0 2 0 16707 16709
1012 98 16794 0 285 17177
1013 1 0 17410 0 17411
1014 0 6 1 16987 16994
1015 0 7 2 17550 17559
1016 1 1 17661 3 17666
1017 0 9 1 17594 17604
1018 0 3 1 17821 17825
1019 17863 23 6 29 17921
1020 8 0 17638 0 17646
1021 3 0 17392 3 17398
1022 2 17432 0 6 17440
1023 5 17526 0 0 17531
1024 6 17677 2 7 17692
1025 5 9 1 17736 17751
1026 2 17988 0 7 17997
1027 0 10 0 18072 18082
1028 1 6 18145 1 18153
1029 2 8 0 17998 18008
1030 9 0 17987 5 18001
1031 2 1 17803 2 17808
1032 1 18137 5 5 18148
1033 18058 2 30 0 18090
1034 18029 0 1 7 18037
1035 2 0 18427 0 18429
1036 3 18230 0 3 18236
1037 18437 0 2 0 18439
1038 18379 0 9 0 18388
1039 18202 0 3 0 18205
1040 1 0 18399 1 18401
1041 1 2 1 17389 17393
1042 88 1 17964 8 18061
1043 3 0 18010 5 18018
1044 3 14 2 17646 17665
1045 5 0 17933 1 17939
1046 3 18104 0 3 18110
1047 0 2 2 18364 18368
1048 0 4 8 18318 18330
1049 10 18133 6 5 18154
1050 2 18166 0 3 18171
1051 3 18176 0 6 18185
1052 18265 3 1 0 18269
1053 0 15 1 18294 18310
1054 18337 0 2 0 18339
1055 18177 2 1 1 18181
1056 7 0 18019 1 18027
1057 8 18023 0 4 18035
1058 18257 0 1 4 18262
1059 0 3 0 18338 18341
1060 1 17 1 18330 18349
1061 2 4 1 18274 18281
1062 18102 0 1 2 18105
1063 3 18040 0 24 18067
1064 7 0 18016 1 18024
1065 1 17682 0 5 17688
1066 1 17953 0 3 17957
1067 18141 4 17 1 18163
1068 17956 3 6 0 17965
1069 18068 2 5 0 18075
1070 17913 1 0 0 17914
1071 0 0 2 17954 17956
1072 17299 0 11 4 17314
1073 0 13914 0 4088 18002
1074 0 18193 1 9 18203
1075 2 0 1 17730 17733
1076 3 18197 0 2 18202
1077 18247 2 6 0 18255
1078 17969 1 2 1 17973
1079 3 18318 0 0 18321
1080 1 2 0 18137 18140
1081 18278 3 10 5 18296
1082 2 0 18337 0 18339
1083 1 0 18121 3 18125
1084 5 4 18227 62 18298
1085 1 3 0 17491 17495
1086 2 2 0 18049 18053
1087 2 18092 4 2 18100
1088 18221 1 1 6 18229
1089 18192 1 4 1 18198
1090 0 4 2 18512 18518
1091 5 0 18473 0 18478
1092 1 27 1 18311 18340
1093 0 5 2 18524 18531
1094 0 0 18204 1 18205
1095 18050 0 1 0 18051
1096 18075 1 2 0 18078
1097 2 0 18199 1 18202
1098 18165 0 8 0 18173
1099 19 0 18153 0 18172
1100 1 3 0 17596 17600
1101 17718 0 0 1 17719
1102 1 17974 0 1 17976
1103 0 0 1 17952 17953
1104 0 18072 0 0 18072
1105 2 138 1 17906 18047
1106 17883 1 3 0 17887
1107 1 0 0 18013 18014
1108 1 0 17993 1 17995
1109 1 0 17958 7 17966
1110 0 5 2 17855 17862
1111 0 9 10 18174 18193
1112 9 0 18024 3 18036
1113 0 1 17707 0 17708
1114 658 0 17080 0 17738
1115 4 2 0 17243 17249
1116 17906 0 9 0 17915
1117 0 18300 0 16 18316
1118 1 0 18340 1 18342
1119 18299 0 11 0 18310
1120 18220 1 26 1 18248
1121 1 0 18277 1 18279
1122 0 18125 3 2 18130
1123 1 18472 0 17 18490
1124 18636 2 0 0 18638
1125 2 3 3 18741 18749
1126 4 0 18696 0 18700
1127 2 0 18576 0 18578
1128 1 18687 0 0 18688
1129 0 6 0 18596 18602
1130 3 18817 0 15 18835
1131 0 9 0 19107 19116
1132 0 1 2 19250 19253
1133 0 2 0 19292 19294
1134 19105 1 2 0 19108
1135 5 19123 1 17 19146
1136 19385 1 1 0 19387
1137 19226 0 0 0 19226
1138 1 0 1 19084 19086
1139 19258 8 1 1 19268
1140 3 5 0 18991 18999
1141 4 2 18921 2 18929
1142 4 0 18798 0 18802
1143 14 18920 0 6 18940
1144 18922 0 3 0 18925
1145 18932 0 1 0 18933
1146 1 18717 0 1 18719
1147 18178 1 3 1 18183
1148 0 18743 0 2 18745
1149 1 18877 1 1 18880
1150 1 42 0 18802 18845
1151 2 0 18836 1 18839
1152 2 2 0 18682 18686
1153 0 2 0 18666 18668
1154 1 3 1 18648 18653
1155 1 18439 0 23 18463
1156 0 18585 0 6 18591
1157 18445 2 2 1 18450
1158 0 1 0 18554 18555
1159 18374 0 11 0 18385
1160 1 8 0 18418 18427
1161 0 7 0 18471 18478
1162 18423 3 2 5 18433
1163 18127 0 0 0 18127
1164 1 1 18268 2 18272
1165 17573 2 2 0 17577
1166 17746 2 2 0 17750
1167 0 1 0 18039 18040
1168 3 0 18139 3 18145
1169 4 0 18042 3 18049
1170 4 0 17918 1 17923
1171 373 1 17766 0 18140
1172 2 0 18353 3 18358
1173 17972 5 9 2 17988
1174 6 1 0 18303 18310
1175 3 0 18407 0 18410
1176 18230 0 4 1 18235
1177 3 2 1 18458 18464
1178 2 1 18530 0 18533
1179 1 18556 0 7 18564
1180 18918 0 1 1 18920
1181 18948 0 3 2 18953
1182 18846 0 4 0 18850
1183 20 0 18717 6 18743
1184 2 0 18915 8 18925
1185 19163 2 9 1 19175
1186 1 0 0 19515 19516
1187 19761 2 1 0 19764
1188 19696 0 0 4 19700
1189 19549 0 1 1 19551
1190 1 0 0 19474 19475
1191 1 20022 2 1 20026
1192 4 0 19848 3 19855
1193 0 20031 1 1 20033
1194 20056 2 5 0 20063
1195 20023 2 7 2 20034
1196 0 1 0 20275 20276
1197 0 0 1 20387 20388
1198 20408 3 1 8 20420
1199 0 0 8 20328 20336
1200 1 9 0 20313 20323
1201 0 20177 0 9 20186
1202 0 5 0 20222 20227
1203 1 3 0 20252 20256
1204 3 20151 0 3 20157
1205 20249 0 1 0 20250
1206 1 4 25 20149 20179
1207 8 0 19964 0 19972
1208 1 3 1 19786 19791
1209 1 19894 0 2 19897
1210 1 2 1 19894 19898
1211 0 1 2 20004 20007
1212 2 0 19647 0 19649
1213 0 19580 0 3 19583
1214 0 3 0 19692 19695
1215 2 3 0 19617 19622
1216 1 19752 0 4 19757
1217 25 0 19532 0 19557
1218 5 0 18974 2 18981
1219 19273 1 50 0 19324
1220 1 0 18335 0 18336
1221 0 18915 1 4 18920
1222 0 3 2 19276 19281
1223 27 0 19224 2 19253
1224 3 19026 0 6 19035
1225 1 19193 0 6 19200
1226 0 2 0 19421 19423
1227 19354 5 6 2 19367
1228 1 9 0 19325 19335
1229 5 1 19275 0 19281
1230 19243 5 3 1 19252
1231 18730 3 422 2 19157
1232 1 0 18936 0 18937
1233 18614 6 0 0 18620
1234 4 18941 4 1 18950
1235 8 19195 0 0 19203
1236 1 14 2 19238 19255
1237 300 3 18980 0 19283
1238 19128 5 1 0 19134
1239 7 0 19177 0 19184
1240 18636 1 9 1 18647
1241 3 0 19216 0 19219
1242 1 2 0 18487 18490
1243 1 9 0 18788 18798
1244 2 21 0 19034 19057
1245 2 0 0 19139 19141
1246 10 0 18519 0 18529
1247 0 5 0 18344 18349
1248 1 18407 0 32 18440
1249 2 1 0 18655 18658
1250 22 4 18503 0 18529
1251 2 18565 1 3 18571
1252 18611 0 6 1 18618
1253 3 428 2 18234 18667
1254 1 1 0 18696 18698
1255 18472 3 1 0 18476
1256 18117 2 1 0 18120
1257 8 18466 0 2 18476
1258 94 18278 2 54 18428
1259 3 1 18496 0 18500
1260 20 0 18071 0 18091
1261 1 18084 1 64 18150
1262 18242 6 24 4 18276
1263 6 19193 0 7 19206
1264 19621 9 29 0 19659
1265 4 0 19361 1 19366
1266 19459 0 0 0 19459
1267 19252 0 7 0 19259
1268 0 1 0 19479 19480
1269 0 6 1 19432 19439
1270 3 19501 0 9 19513
1271 19601 1 5 0 19607
1272 19343 4 12 0 19359
1273 91 0 19087 1 19179
1274 0 18817 3 4 18824
1275 0 19104 0 1 19105
1276 0 4 1 19330 19335
1277 19204 0 6 3 19213
1278 1 0 19092 0 19093
1279 19137 0 5 3 19145
1280 4 2 1 18991 18998
1281 0 19175 0 5 19180
1282 19306 0 0 0 19306
1283 3 0 19114 3 19120
1284 0 18943 2 27 18972
1285 19163 1 9 0 19173
1286 0 1 1 19226 19228
1287 1 10 4 19441 19456
1288 19407 6 0 0 19413
1289 19188 0 0 6 19194
1290 19136 1 1 0 19138
1291 19133 0 59 0 19192
1292 0 17 1 19024 19042
1293 2 4 19069 0 19075
1294 7 18956 5 0 18968
1295 18924 1 2 8 18935
1296 18764 24 13 15 18816
1297 0 1 19009 6 19016
1298 0 0 18853 2 18855
1299 3 0 18900 0 18903
1300 0 3 1 18436 18440
1301 1 4 1 18996 19002
1302 1 6 0 19093 19100
1303 0 19102 0 15 19117
1304 1 19339 0 5 19345
1305 19166 10 4 1 19181
1306 0 0 0 19325 19325
1307 1 0 19480 0 19481
1308 1 2 0 19171 19174
1309 0 3 0 19123 19126
1310 4 18978 0 1 18983
1311 2 19229 0 2 19233
1312 19239 0 5 1 19245
1313 14 2 19085 0 19101
1314 3 18951 0 2 18956
1315 19182 0 6 0 19188
1316 19194 1 1 2 19198
1317 19092 1 7 0 19100
1318 2 0 19314 0 19316
1319 2 0 18933 0 18935
1320 18811 1 1 2 18815
1321 17146 0 1925 0 19071
1322 8 19110 0 3 19121
1323 19060 0 0 0 19060
1324 11 0 19299 5 19315
1325 40 0 19118 0 19158
1326 1 43 1 17259 17304
1327 18608 0 20 0 18628
1328 0 0 19039 0 19039
1329 18728 1 4 1 18734
1330 18990 0 2 0 18992
1331 0 0 19219 3 19222
1332 2 0 18866 0 18868
1333 18949 1 2 5 18957
1334 19027 0 0 0 19027
1335 4 15 4 19079 19102
1336 6 2 19152 0 19160
1337 0 0 18936 0 18936
1338 3 0 18691 2 18696
1339 18555 1 3 16 18575
1340 3 0 18916 0 18919
1341 2 18752 2 6 18762
1342 19054 1 19 3 19077
1343 4 0 19014 0 19018
1344 0 19456 1 7 19464
1345 7 4 1 19360 19372
1346 0 19447 0 372 19819
1347 1 3 0 19898 19902
1348 20 0 19753 1 19774
1349 19326 2 0 3 19331
1350 0 14 2 19600 19616
1351 15 0 19609 1 19625
1352 2 10 0 19180 19192
1353 2 19243 1 2 19248
1354 0 19589 1 3 19593
1355 19589 6 8 3 19606
1356 1 3 1 19481 19486
1357 3 19646 0 6 19655
1358 19772 0 1 1 19774
1359 19600 0 3 0 19603
1360 18 0 19418 0 19436
1361 3 19277 8 0 19288
1362 0 11 2 19134 19147
1363 20 18981 8 2 19011
1364 1 19377 0 4 19382
1365 19512 0 6 0 19518
1366 8 0 20023 7 20038
1367 0 10 0 19181 19191
1368 0 9 3 19500 19512
1369 0 11 0 19645 19656
1370 0 4 3 19809 19816
1371 3 1 19597 1 19602
1372 2 0 18987 1 18990
1373 0 0 18945 0 18945
1374 3 18826 0 2 18831
1375 0 8 0 18742 18750
1376 10 18942 0 4 18956
1377 1 19501 0 3 19505
1378 85 1 19328 0 19414
1379 18945 0 3 1 18949
1380 10 0 0 19056 19066
1381 3 0 18941 0 18944
1382 18512 0 13 2 18527
1383 0 18803 6 0 18809
1384 1 18984 0 5 18990
1385 19145 0 1 1 19147
1386 6 0 19170 1 19177
1387 18687 0 2 1 18690
1388 3 2 0 18645 18650
1389 7 18989 0 2 18998
1390 8 7 2 19122 19139
1391 7 0 19053 1 19061
1392 3 6 18950 3 18962
1393 40 4 18961 8 19013
1394 0 1 18747 4 18752
1395 2 0 18729 2 18733
1396 867 0 17971 1 18839
1397 18808 0 1 1 18810
1398 19138 0 0 1 19139
1399 1 19397 1 4 19403
1400 2 0 19396 0 19398
1401 18789 1 2 2 18794
1402 18742 0 13 0 18755
1403 0 0 19224 2 19226
1404 1 24 0 18039 18064
1405 18913 0 2 2 18917
1406 5 0 19178 1 19184
1407 1 1 19293 3 19298
1408 1 2 3 18120 18126
1409 1 0 19257 5 19263
1410 0 0 19394 0 19394
1411 18933 0 21 0 18954
1412 1 1 19378 0 19380
1413 19192 0 6 3 19201
1414 17 19688 0 5 19710
1415 7 0 19871 0 19878
1416 7 0 19644 2 19653
1417 19201 1 4 1 19207
1418 1 0 19289 12 19302
1419 2 0 18905 2 18909
1420 13 0 18942 2 18957
1421 0 3 1 18219 18223
1422 0 19000 2 0 19002
1423 4 2 0 19316 19322
1424 2 0 19323 11 19336
1425 19 1 19030 0 19050
1426 0 18885 5 20 18910
1427 1 18907 0 7 18915
1428 19045 0 2 0 19047
1429 18905 0 6 0 18911
1430 18990 0 1 1 18992
1431 0 3 0 19073 19076
1432 19066 0 1 0 19067
1433 18832 0 5 1 18838
1434 3 0 18768 0 18771
1435 12 18557 0 0 18569
1436 0 11 0 18209 18220
1437 7 0 18343 2 18352
1438 2 18204 0 5 18211
1439 18250 0 0 0 18250
1440 1 0 18027 1 18029
1441 14 17442 0 1 17457
1442 2 17249 0 1 17252
1443 7 17671 1 7 17686
1444 17885 0 10 0 17895
1445 2 0 18045 1 18048
1446 2 1 0 16955 16958
1447 79 0 17413 2 17494
1448 0 6 4 17037 17047
1449 4 2 1 17332 17339
1450 0 1 0 17468 17469
1451 10 0 17455 0 17465
1452 1 17156 0 2 17159
1453 17304 0 4 9 17317
1454 2 0 17355 1 17358
1455 0 2 2 16587 16591
1456 16408 1 0 4 16413
1457 3 0 16559 5 16567
1458 16388 0 1 0 16389
1459 1 0 16468 0 16469
1460 16363 0 2 2 16367
1461 3 0 16497 0 16500
1462 16211 1 1 1 16214
1463 0 16219 0 1 16220
1464 4 16346 0 1 16351
1465 1 31 1 16590 16623
1466 16479 1 0 1 16481
1467 0 1 2 16319 16322
1468 0 1 1 16486 16488
1469 3 0 16193 2 16198
1470 3 16148 0 1 16152
1471 3 0 1 16045 16049
1472 0 16180 0 0 16180
1473 4 7 0 16399 16410
1474 16466 0 7 0 16473
1475 16363 0 8 0 16371
1476 1 0 16262 3 16266
1477 3 16063 4 4 16074
1478 16118 0 3 0 16121
1479 15966 0 1 0 15967
1480 4 0 15844 0 15848
1481 1 15677 0 1 15679
1482 15877 0 3 2 15882
1483 15523 0 2 0 15525
1484 2 0 15559 4 15565
1485 2 15371 0 0 15373
1486 0 34 0 15440 15474
1487 6 0 15502 0 15508
1488 0 0 0 15140 15140
1489 15273 0 3 0 15276
1490 15194 0 0 3 15197
1491 2 0 15190 0 15192
1492 14968 0 1 2 14971
1493 14936 0 2 0 14938
1494 3 0 14928 2 14933
1495 14958 1 1 1 14961
1496 14835 0 7 1 14843
1497 0 6 0 14720 14726
1498 1 1 14646 0 14648
1499 8 14539 0 3 14550
1500 0 1 2 14785 14788
1501 79 2 14655 2 14738
1502 1 15 0 14362 14378
1503 2 14311 2 5 14320
1504 14512 1 3 2 14518
1505 14316 1 0 2 14319
1506 2 0 0 14456 14458
1507 5 0 14439 1 14445
1508 14387 0 2 1 14390
1509 14389 0 2 1 14392
1510 0 3 2 14219 14224
1511 14104 0 216 0 14320
1512 0 1 1 14174 14176
1513 0 5 0 14183 14188
1514 4 0 13950 1 13955
1515 13679 1 2 3 13685
1516 13 0 13792 2 13807
1517 5 0 13683 2 13690
1518 1 1 13578 0 13580
1519 22 1 13372 2 13397
1520 13 13141 0 1 13155
1521 8 1 13519 3 13531
1522 1 1 2 12976 12980
1523 4 0 13251 1 13256
1524 13503 0 0 1 13504
1525 0 4 0 13488 13492
1526 3 0 13440 0 13443
1527 1 13317 0 18 13336
1528 13455 2 5 0 13462
1529 0 0 13489 0 13489
1530 13352 0 0 1 13353
1531 0 0 0 13324 13324
1532 2 0 13332 0 13334
1533 0 5 0 13014 13019
1534 0 13063 0 1 13064
1535 13291 0 1 1 13293
1536 13262 0 2 0 13264
1537 13281 0 22 0 13303
1538 4 1 13123 2 13130
1539 3 0 12953 4 12960
1540 13031 0 3 0 13034
1541 13059 0 2 0 13061
1542 12936 0 2 1 12939
1543 0 3 1 12747 12751
1544 0 12775 4 8 12787
1545 0 0 1 12866 12867
1546 12772 0 2 0 12774
1547 11 12713 2 1 12727
1548 2 0 0 12512 12514
1549 0 12564 2 6 12572
1550 12733 2 11 1 12747
1551 12681 0 6 0 12687
1552 241 0 12505 0 12746
1553 12633 0 6 0 12639
1554 0 0 2 12626 12628
1555 1 0 12561 2 12564
1556 12523 0 1 1 12525
1557 6 2 0 12571 12579
1558 1 0 12575 0 12576
1559 12460 0 0 1 12461
1560 12391 0 2 0 12393
1561 6 0 0 12222 12228
1562 2 0 12200 2 12204
1563 12251 0 1 3 12255
1564 6 12003 0 1 12010
1565 1 4 0 11940 11945
1566 2 11827 0 2 11831
1567 12316 0 2 0 12318
1568 12231 0 0 0 12231
1569 0 3 0 12218 12221
1570 0 0 12111 2 12113
1571 2 0 11898 0 11900
1572 0 11814 0 3 11817
1573 0 2 1 12144 12147
1574 12215 0 4 0 12219
1575 12138 0 2 0 12140
1576 20 0 12034 0 12054
1577 12060 0 2 2 12064
1578 12063 0 0 0 12063
1579 11996 0 0 0 11996
1580 11653 0 0 0 11653
1581 8 11860 0 8 11876
1582 0 11726 0 2 11728
1583 11802 0 0 0 11802
1584 18 0 11611 6 11635
1585 3 0 0 11122 11125
1586 3 0 11230 0 11233
1587 3 0 11377 0 11380
1588 11491 0 0 1 11492
1589 11547 0 2 1 11550
1590 11523 0 1 0 11524
1591 5 1 0 11290 11296
1592 3 0 11111 0 11114
1593 0 10955 1 1 10957
1594 0 7 2 11047 11056
1595 9 1 0 10970 10980
1596 0 5 0 10879 10884
1597 1 10879 0 3 10883
1598 10877 0 9 0 10886
1599 14 1 1 10732 10748
1600 1 5 0 10812 10818
1601 1 0 10643 0 10644
1602 1 0 10467 1 10469
1603 8 0 10443 0 10451
1604 10504 0 0 0 10504
1605 10495 0 1 0 10496
1606 1 0 10398 1 10400
1607 10408 0 0 0 10408
1608 10410 0 4 0 10414
1609 10387 0 1 0 10388
1610 10276 1 0 0 10277
1611 2 1 0 10063 10066
1612 8 2 9997 2 10009
1613 0 0 0 9468 9468
1614 1 1 0 9807 9809
1615 0 5 1 9712 9718
1616 3 9679 0 3 9685
1617 9738 0 2 2 9742
1618 9649 0 7 0 9656
1619 9573 0 1 0 9574
1620 0 0 0 9367 9367
1621 9269 0 3 0 9272
1622 0 1 2 8943 8946
1623 0 9156 0 4 9160
1624 9251 0 3 0 9254
1625 2 0 9014 6 9022
1626 8904 0 0 0 8904
1627 1 8888 0 1 8890
1628 9025 0 2 0 9027
1629 8900 0 7 0 8907
1630 8848 0 1 0 8849
1631 8813 0 0 0 8813
1632 8673 0 3 0 8676
1633 5 8800 0 11 8816
1634 8636 0 2 1 8639
1635 8489 0 0 0 8489
1636 8413 0 0 0 8413
1637 8305 0 0 1 8306
1638 12 6480 0 1798 8290
1639 1 8336 0 0 8337
1640 8354 0 1 0 8355
1641 8324 0 0 0 8324
1642 2 4 0 7837 7843
1643 2 8106 0 0 8108
1644 1 8110 0 0 8111
1645 0 8140 0 0 8140
1646 8203 0 2 0 8205
1647 2 0 3 7855 7860
1648 1 0 1 8042 8044
1649 5 0 8199 0 8204
1650 8133 0 2 0 8135
1651 8189 0 1 0 8190
1652 8148 0 1 0 8149
1653 1 0 2 7899 7902
1654 1 0 4 7800 7805
1655 2 7950 0 4 7956
1656 0 7999 0 0 7999
1657 8073 0 0 1 8074
1658 7953 0 0 0 7953
1659 4 3 1 7748 7756
1660 1 0 0 7869 7870
1661 7964 0 0 0 7964
1662 7933 0 2 0 7935
1663 1 0 7714 0 7715
1664 0 7486 0 1 7487
1665 7572 0 0 0 7572
1666 12 0 7351 0 7363
1667 7245 1 3 1 7250
1668 1 7252 10 0 7263
1669 0 7342 0 0 7342
1670 7322 0 0 0 7322
1671 1 1 2 7145 7149
1672 0 7167 0 1 7168
1673 0 7169 0 0 7169
1674 2 7048 0 1 7051
1675 7 7092 0 3 7102
1676 7151 12 1 2 7166
1677 7084 0 3 2 7089
1678 0 10 2 6929 6941
1679 0 0 0 6926 6926
1680 0 0 0 6854 6854
1681 0 6901 0 0 6901
1682 0 1 1 6929 6931
1683 0 12 0 6807 6819
1684 0 6778 0 0 6778
1685 0 1 1 6771 6773
1686 0 0 0 6755 6755
1687 0 0 1 6858 6859
1688 2 0 6803 1 6806
1689 1 0 6725 0 6726
1690 0 0 6632 3 6635
1691 6658 0 3 0 6661
1692 0 0 6630 1 6631
1693 1 0 6514 1 6516
1694 0 0 6530 0 6530
1695 6629 0 0 0 6629
1696 0 6391 0 1 6392
1697 6523 0 1 1 6525
1698 1 6464 0 1 6466
1699 6567 0 0 1 6568
1700 5 0 6493 14 6512
1701 0 6391 0 5 6396
1702 6421 0 2 1 6424
1703 0 1 6371 4 6376
1704 6146 0 0 0 6146
1705 1 1 6086 1 6089
1706 1 0 5996 0 5997
1707 5969 0 1 1 5971
1708 0 1 0 5925 5926
1709 0 0 0 5987 5987
1710 6021 0 2 0 6023
1711 0 1 0 5946 5947
1712 2 0 5871 2 5875
1713 5799 0 0 0 5799
1714 0 1 0 5762 5763
1715 1 0 5652 0 5653
1716 5350 0 2 2 5354
1717 0 5516 0 0 5516
1718 0 5591 1 0 5592
1719 0 2 0 5516 5518
1720 1 5551 0 2 5554
1721 1 1 5558 4 5564
1722 5564 1 1 0 5566
1723 0 0 0 5549 5549
1724 2 0 0 5583 5585
1725 5507 0 0 0 5507
1726 0 0 0 5493 5493
1727 0 0 0 5442 5442
1728 5443 0 0 1 5444
1729 5336 0 0 1 5337
1730 5271 0 0 0 5271
1731 0 0 0 5149 5149
1732 0 5280 0 1 5281
1733 5301 0 1 0 5302
1734 5278 0 0 1 5279
1735 0 5233 0 0 5233
1736 5240 0 0 0 5240
1737 5219 0 0 0 5219
1738 5207 0 0 0 5207
1739 5186 0 5 0 5191
1740 1 1 0 5028 5030
1741 5115 0 1 0 5116
1742 6 0 5069 0 5075
1743 5024 0 0 0 5024
1744 0 4919 0 0 4919
1745 4683 0 3 0 4686
1746 0 4983 0 0 4983
1747 0 0 0 4970 4970
1748 5054 0 0 0 5054
1749 0 0 0 4974 4974
1750 0 0 5007 1 5008
1751 4858 0 5 0 4863
1752 0 5030 3 0 5033
1753 1 0 1 4858 4860
1754 0 0 4947 1 4948
1755 0 1 0 4869 4870
1756 2 0 4891 0 4893
1757 4977 0 0 0 4977
1758 0 0 1 4848 4849
1759 0 1 0 4891 4892
1760 0 0 4871 0 4871
1761 0 0 0 4748 4748
1762 0 4 2 4723 4729
1763 1 0 0 4718 4719
1764 0 4634 0 2 4636
1765 4696 0 0 0 4696
1766 4613 0 1 0 4614
1767 0 0 0 4574 4574
1768 4470 0 2 0 4472
1769 0 4551 0 0 4551
1770 0 0 4587 3 4590
1771 1 0 0 4448 4449
1772 0 0 1 4449 4450
1773 0 0 0 4492 4492
1774 4 0 4449 0 4453
1775 0 0 4423 0 4423
1776 4393 1 4 0 4398
1777 4366 3 1 0 4370
1778 1 0 1 4295 4297
1779 0 0 4331 0 4331
1780 1 6 0 4182 4189
1781 0 0 4200 0 4200
1782 3 0 4108 0 4111
1783 0 0 3965 0 3965
1784 0 0 0 3855 3855
1785 27 0 3921 0 3948
1786 0 0 0 3786 3786
1787 0 0 1 3847 3848
1788 0 0 0 3829 3829
1789 3714 0 0 2 3716
1790 0 1 0 3189 3190
1791 0 0 0 3148 3148
1792 0 3036 0 0 3036
1793 0 0 1 2956 2957
1794 0 2977 0 0 2977
1795 2934 0 0 0 2934
1796 2 0 0 2777 2779
1797 2 0 3 2730 2735
1798 1901 0 756 0 2657
1799 2580 0 0 0 2580
1800 2592 0 0 0 2592
1801 2518 0 0 0 2518
1802 14 19 0 2174 2207
1803 1632 0 0 0 1632
1804 1474 0 0 0 1474
1805 1418 0 1 0 1419
1806 0 0 0 1305 1305
1807 943 0 0 0 943
1808 0 0 0 811 811
1809 756 0 55 0 811
1810 807 0 0 0 807
1811 767 0 0 0 767
1812 645 0 0 0 645
1813 535 0 0 0 535
1814 451 0 0 0 451
1815 12 0 0 401 413
1816 3 0 10 0 13
