0 0 0 0 0 0
1 210 0 0 0 210
2 0 0 0 239 239
3 0 0 0 263 263
4 0 1 0 263 264
5 0 0 0 311 311
6 0 328 0 0 328
7 0 0 0 357 357
8 0 3 0 560 563
9 2 0 801 0 803
10 0 1 0 863 864
11 0 0 901 0 901
12 919 0 0 0 919
13 937 0 0 0 937
14 0 997 0 10 1007
15 0 0 0 1017 1017
16 0 0 0 1028 1028
17 0 1050 0 0 1050
18 1079 0 0 0 1079
19 1077 0 0 0 1077
20 0 0 1064 5 1069
21 0 1083 0 0 1083
22 1071 0 6 2 1079
23 0 1078 0 0 1078
24 0 1081 0 14 1095
25 990 48 0 50 1088
26 30 0 1077 0 1107
27 0 7 0 1110 1117
28 1083 0 0 0 1083
29 1523 0 1 8 1532
30 1664 0 0 0 1664
31 1565 0 0 0 1565
32 10 0 1576 0 1586
33 1662 0 0 0 1662
34 1695 0 0 1 1696
35 0 1895 0 0 1895
36 0 2 0 2223 2225
37 9 0 2246 0 2255
38 2256 0 0 0 2256
39 2264 0 0 0 2264
40 2269 0 1 0 2270
41 2304 0 0 0 2304
42 0 1 0 2334 2335
43 0 2358 0 0 2358
44 2401 1 0 0 2402
45 2400 0 1 0 2401
46 2387 0 0 0 2387
47 2373 0 0 0 2373
48 0 0 0 2372 2372
49 0 0 2412 0 2412
50 0 5 3 2369 2377
51 1 2517 0 0 2518
52 0 2529 0 7 2536
53 2491 0 50 0 2541
54 2555 0 1 0 2556
55 0 2581 0 0 2581
56 2560 1 0 9 2570
57 0 3 3 3111 3117
58 1 0 3148 0 3149
59 1 0 3131 0 3132
60 3119 6 0 0 3125
61 5 433 0 2771 3209
62 3289 7 1 0 3297
63 0 0 0 3442 3442
64 3 3694 0 8 3705
65 0 8 3884 0 3892
66 3850 20 62 5 3937
67 0 4067 0 18 4085
68 3 0 4207 6 4216
69 1 0 4288 0 4289
70 0 6 0 4241 4247
71 4450 0 6 0 4456
72 0 0 0 4892 4892
73 16 0 4933 0 4949
74 4997 0 1 1 4999
75 5026 0 16 0 5042
76 1 5094 0 3 5098
77 5077 0 2 0 5079
78 0 5305 0 1 5306
79 0 2 0 5357 5359
80 0 0 5565 1 5566
81 0 0 7486 1 7487
82 12 0 7528 0 7540
83 7765 1 0 1 7767
84 3 7665 0 303 7971
85 8204 1 0 0 8205
86 8038 3 3 134 8178
87 7 19 0 8312 8338
88 1 20 0 8386 8407
89 15 1 8335 1 8352
90 8424 1 11 1 8437
91 11 8656 0 1 8668
92 8825 0 1 0 8826
93 8817 0 2 0 8819
94 8697 2 21 0 8720
95 8699 10 0 0 8709
96 4 8709 42 1 8756
97 8554 0 0 0 8554
98 11 8880 2 3 8896
99 4 8935 0 23 8962
100 14 0 9029 18 9061
101 2 0 9030 4 9036
102 8970 1 16 0 8987
103 9097 0 0 1 9098
104 3 0 9158 0 9161
105 9133 0 3 1 9137
106 9313 1 1 0 9315
107 9297 0 2 3 9302
108 0 54 0 9283 9337
109 9381 1 3 0 9385
110 9262 1 0 1 9264
111 6 9398 0 13 9417
112 0 158 1 9192 9351
113 0 49 1 9394 9444
114 1 9527 0 0 9528
115 0 2 0 9597 9599
116 12 0 9501 0 9513
117 3 1 9379 0 9383
118 9472 0 10 5 9487
119 9580 11 2 0 9593
120 0 9617 0 29 9646
121 1 9631 0 1 9633
122 9647 3 0 1 9651
123 15 0 9624 0 9639
124 0 7 0 9338 9345
125 14 0 9487 3 9504
126 0 0 9413 0 9413
127 27 0 9415 0 9442
128 9561 0 7 0 9568
129 0 9681 0 5 9686
130 9693 0 10 0 9703
131 9737 0 2 0 9739
132 1 9693 0 2 9696
133 4 9721 0 3 9728
134 9781 0 0 0 9781
135 0 0 9637 1 9638
136 9646 0 1 0 9647
137 0 9655 0 7 9662
138 2 9727 0 0 9729
139 9850 0 3 1 9854
140 9752 1 1 0 9754
141 0 18 1 9688 9707
142 12 9816 0 1 9829
143 9829 0 1 0 9830
144 1 14 7 9720 9742
145 0 477 1 9263 9741
146 9868 0 0 0 9868
147 2 0 9643 2 9647
148 9676 0 32 0 9708
149 1 9775 0 0 9776
150 4 9776 0 1 9781
151 9942 1 1 0 9944
152 4 0 9741 0 9745
153 2 9800 0 3 9805
154 9866 0 6 0 9872
155 9664 0 3 0 9667
156 1 9839 0 30 9870
157 2 9801 0 1 9804
158 6 9812 0 3 9821
159 0 2 0 9679 9681
160 1 0 0 9662 9663
161 0 2512 7196 2 9710
162 0 9746 0 8 9754
163 32 9697 0 12 9741
164 1 9742 0 0 9743
165 4 9745 0 5 9754
166 9630 0 6 0 9636
167 1 9779 0 2 9782
168 1 9805 0 4 9810
169 9855 4 6 1 9866
170 9754 0 10 0 9764
171 0 0 9656 0 9656
172 2 9799 0 0 9801
173 9896 0 3 0 9899
174 9822 2 2 0 9826
175 3 9774 0 114 9891
176 9892 1 1 0 9894
177 9825 0 2 0 9827
178 9740 1 2 0 9743
179 6 9863 2 0 9871
180 2 1 9564 0 9567
181 9560 0 0 0 9560
182 9404 0 4 0 9408
183 6 9417 0 5 9428
184 2 9388 0 4 9394
185 2 9442 0 4 9448
186 2 0 9361 0 9363
187 1 31 0 9074 9106
188 9264 0 2 0 9266
189 9343 0 0 0 9343
190 11 9318 0 0 9329
191 3 9286 0 3 9292
192 0 9330 0 0 9330
193 9304 0 1 0 9305
194 2 8 0 9011 9021
195 2 9256 0 0 9258
196 2 9212 0 6 9220
197 9 9277 1 9 9296
198 16 9389 0 8 9413
199 37 0 9317 10 9364
200 1 0 9186 3 9190
201 9096 0 22 1 9119
202 9163 0 1 0 9164
203 9221 0 3 0 9224
204 0 0 9184 0 9184
205 9175 1 8 1 9185
206 0 0 9200 2 9202
207 2 9506 0 0 9508
208 9549 0 3 1 9553
209 9512 0 17 0 9529
210 2 9544 0 0 9546
211 1 9488 0 4 9493
212 9356 0 4 1 9361
213 15 9554 0 0 9569
214 9596 1 1 0 9598
215 9487 0 2 0 9489
216 0 0 9319 0 9319
217 6 9353 0 2 9361
218 9309 1 2 0 9312
219 20 0 9355 0 9375
220 4 10 31 8114 8159
221 2 0 8869 0 8871
222 8918 0 159 1 9078
223 9220 0 4 0 9224
224 2 0 9243 0 9245
225 9214 0 1 1 9216
226 1 8 0 9183 9192
227 12 0 9150 0 9162
228 9047 0 51 0 9098
229 1 8 0 9131 9140
230 20 3 9187 0 9210
231 0 15 0 8719 8734
232 1 9166 1 5 9173
233 30 0 9219 0 9249
234 8 0 9170 0 9178
235 9117 0 64 0 9181
236 9185 0 1 0 9186
237 9 0 9232 1 9242
238 5 0 9110 0 9115
239 9053 0 4 0 9057
240 9130 0 0 0 9130
241 9140 0 2 0 9142
242 37 8 8837 48 8930
243 2 8908 4 26 8940
244 2 8983 0 2 8987
245 0 8298 0 2 8300
246 8381 5 0 0 8386
247 8373 1 6 2 8382
248 9085 0 1 0 9086
249 8891 1 21 0 8913
250 13 0 8888 0 8901
251 8871 0 1 3 8875
252 8962 0 1 0 8963
253 8 0 8662 0 8670
254 2 8674 0 1 8677
255 8844 0 0 0 8844
256 4 0 8600 0 8604
257 8608 0 1 0 8609
258 0 8605 0 3 8608
259 3 8501 0 7 8511
260 1 8482 1 3 8487
261 7 8584 0 3 8594
262 7 0 8406 1 8414
263 8301 0 3 0 8304
264 17 8363 0 1 8381
265 8302 0 2 0 8304
266 0 0 8331 0 8331
267 8281 1 0 0 8282
268 5 1 8357 0 8363
269 8328 1 0 0 8329
270 4 0 0 8355 8359
271 8420 0 0 1 8421
272 8354 0 0 1 8355
273 8377 0 5 0 8382
274 15 0 8177 0 8192
275 8146 0 0 2 8148
276 8136 2 1 4 8143
277 21 0 7949 0 7970
278 8031 4 9 8 8052
279 2 0 7811 1 7814
280 0 7717 0 32 7749
281 7 0 7713 0 7720
282 5 0 0 7422 7427
283 2 7722 0 0 7724
284 0 2 0 7659 7661
285 7783 0 3 1 7787
286 1 7816 0 0 7817
287 7939 0 0 0 7939
288 7829 1 16 0 7846
289 0 7782 0 0 7782
290 7773 1 0 0 7774
291 2 0 0 7723 7725
292 2 1 7799 1 7803
293 2 0 7647 0 7649
294 1 8 0 6261 6270
295 7 0 7206 4 7217
296 13 0 7883 0 7896
297 1 3 1 6811 6816
298 6 0 7649 0 7655
299 7939 0 2 0 7941
300 8060 0 1 0 8061
301 7624 0 409 0 8033
302 0 8001 0 23 8024
303 0 2 0 7833 7835
304 24 0 7815 4 7843
305 0 0 8092 7 8099
306 1 0 8147 0 8148
307 0 8103 0 2 8105
308 1 0 8193 0 8194
309 8114 0 16 2 8132
310 8116 0 5 0 8121
311 0 0 0 8128 8128
312 0 2 1 8272 8275
313 1 8237 0 3 8241
314 7 1 0 8199 8207
315 8194 0 3 1 8198
316 0 8166 2 23 8191
317 8207 1 0 0 8208
318 8106 0 0 0 8106
319 0 8053 0 1 8054
320 9 7942 0 0 7951
321 8035 0 1 0 8036
322 4 0 7942 0 7946
323 7823 0 5 1 7829
324 3 0 0 7876 7879
325 2 0 7913 3 7918
326 7825 0 0 0 7825
327 1 5 0 7858 7864
328 0 0 7889 3 7892
329 58 0 7781 1 7840
330 0 1 0 7570 7571
331 14 46 0 7625 7685
332 7852 0 0 1 7853
333 7776 0 0 0 7776
334 7672 0 47 0 7719
335 2 1 7645 3 7651
336 0 7623 0 1 7624
337 2 5 0 7626 7633
338 2 0 7711 2 7715
339 0 0 7595 0 7595
340 7331 0 150 1 7482
341 0 7523 0 0 7523
342 0 0 0 7378 7378
343 2 7479 0 1 7482
344 7612 2 3 0 7617
345 7576 0 0 0 7576
346 0 0 1 7574 7575
347 1 0 7559 1 7561
348 7468 0 0 0 7468
349 1 0 1 7385 7387
350 0 0 7445 2 7447
351 7383 0 5 0 7388
352 15 7406 0 3 7424
353 7409 0 0 2 7411
354 1 0 1 7411 7413
355 1 1 7414 6 7422
356 5 1 7319 0 7325
357 7267 0 1 0 7268
358 2 0 7417 0 7419
359 7369 0 9 0 7378
360 3 0 7458 3 7464
361 7400 0 1 0 7401
362 7396 0 1 0 7397
363 7458 0 0 0 7458
364 5 0 0 7270 7275
365 1 7368 0 0 7369
366 1 1 0 7389 7391
367 7377 0 21 0 7398
368 7331 1 0 0 7332
369 0 2 0 7169 7171
370 0 7259 0 0 7259
371 2 7298 0 0 7300
372 7435 2 2 0 7439
373 7377 1 0 0 7378
374 7340 1 1 0 7342
375 7243 0 0 4 7247
376 0 13 3 7031 7047
377 2 0 6959 0 6961
378 0 6935 0 21 6956
379 133 1 6855 4 6993
380 5 6892 0 3 6900
381 6885 2 0 0 6887
382 0 2 2 6757 6761
383 6 0 6825 0 6831
384 2 6673 0 12 6687
385 177 6633 2 11 6823
386 1 0 6864 0 6865
387 0 0 2 6541 6543
388 15 0 6629 8 6652
389 10 0 6694 0 6704
390 6705 0 4 0 6709
391 6813 0 3 1 6817
392 6848 0 3 0 6851
393 13 0 6756 0 6769
394 6715 0 3 1 6719
395 6900 0 1 0 6901
396 0 0 0 6883 6883
397 0 2 0 6935 6937
398 0 132 0 6789 6921
399 0 3 0 6990 6993
400 6963 1 1 0 6965
401 0 0 0 6837 6837
402 0 4 1 6857 6862
403 14 0 6863 0 6877
404 61 0 6736 0 6797
405 1 6783 0 0 6784
406 0 1 3 6809 6813
407 5 0 6815 2 6822
408 0 6673 0 3 6676
409 2 6777 0 1 6780
410 6828 2 3 1 6834
411 4 6862 0 0 6866
412 0 0 0 6864 6864
413 3 0 6910 1 6914
414 6814 2 0 0 6816
415 1 1 1 6818 6821
416 1 1 6843 1 6846
417 6843 1 1 0 6845
418 1 6782 0 1 6784
419 6925 1 2 1 6929
420 7133 0 3 0 7136
421 0 0 7076 1 7077
422 7066 0 0 0 7066
423 7084 0 0 0 7084
424 7062 1 2 0 7065
425 6995 1 0 1 6997
426 3 7104 0 0 7107
427 4 6861 0 235 7100
428 2 0 7056 0 7058
429 6739 0 11 0 6750
430 27 0 6883 7 6917
431 0 0 0 6583 6583
432 0 3 1 6642 6646
433 3 6567 0 164 6734
434 1 6822 0 1 6824
435 6923 0 0 0 6923
436 5 1 6853 0 6859
437 6784 1 2 0 6787
438 6770 2 3 1 6776
439 2 0 6766 1 6769
440 6674 0 1 0 6675
441 6751 0 2 0 6753
442 6798 1 36 0 6835
443 6894 1 2 0 6897
444 6930 1 3 1 6935
445 0 0 6695 1 6696
446 6788 0 0 0 6788
447 6718 0 0 0 6718
448 2 0 0 6682 6684
449 2 0 6652 2 6656
450 8 6551 0 6 6565
451 2 6786 0 5 6793
452 6781 5 20 1 6807
453 7 0 6845 1 6853
454 6626 0 31 3 6660
455 0 0 6750 1 6751
456 6661 0 0 0 6661
457 0 0 0 6674 6674
458 1 0 6812 3 6816
459 0 7 0 6582 6589
460 0 6581 0 142 6723
461 7024 0 0 3 7027
462 7034 2 2 0 7038
463 6967 0 66 4 7037
464 5 0 7025 0 7030
465 6878 0 4 0 6882
466 6951 0 2 2 6955
467 4 0 7000 0 7004
468 3 0 7051 0 7054
469 0 0 7076 0 7076
470 7074 0 2 1 7077
471 7141 2 1 2 7146
472 4 0 7401 4 7409
473 4 0 7486 0 7490
474 7577 0 3 0 7580
475 7623 0 9 0 7632
476 0 0 7787 1 7788
477 7816 0 4 3 7823
478 7965 0 3 2 7970
479 8025 0 3 0 8028
480 0 28 1 7888 7917
481 8106 0 2 0 8108
482 1 0 8018 8 8027
483 8147 1 0 0 8148
484 0 51 0 7984 8035
485 1 8088 0 0 8089
486 8186 2 3 1 8192
487 0 8226 1 4 8231
488 8513 0 1 0 8514
489 8503 0 2 1 8506
490 1 8594 0 3 8598
491 8860 0 1 0 8861
492 8893 0 1 1 8895
493 8834 3 9 3 8849
494 8919 0 7 3 8929
495 2 9135 0 2 9139
496 9054 5 71 4 9134
497 1 0 9128 1 9130
498 5 0 8952 2 8959
499 8986 7 14 2 9009
500 39 4 9108 0 9151
501 2 0 9168 0 9170
502 1 9222 0 25 9248
503 9275 0 1 0 9276
504 0 9409 0 4 9413
505 0 9664 0 28 9692
506 5 2 0 9714 9721
507 0 3 0 9836 9839
508 0 0 1 9891 9892
509 0 2 0 9947 9949
510 10016 0 0 0 10016
511 5 10011 0 11 10027
512 10043 0 0 0 10043
513 9837 3 181 0 10021
514 5 0 9987 0 9992
515 9855 0 7 0 9862
516 1 1 0 9967 9969
517 3 0 9967 8 9978
518 1 0 10021 0 10022
519 0 1 0 9618 9619
520 10097 0 0 1 10098
521 10149 0 0 0 10149
522 2 0 10149 8 10159
523 10082 0 10 1 10093
524 1 7 10105 2 10115
525 10138 0 1 0 10139
526 0 9 3 10101 10113
527 1 0 10172 10 10183
528 10234 0 1 1 10236
529 1 4 0 10201 10206
530 10349 0 0 0 10349
531 10352 0 1 2 10355
532 10316 0 0 1 10317
533 10263 0 1 1 10265
534 0 10190 0 0 10190
535 4 10018 0 4 10026
536 10262 1 1 1 10265
537 0 0 0 10102 10102
538 0 10228 0 2 10230
539 0 0 0 10116 10116
540 10249 1 0 0 10250
541 1 7 0 10274 10282
542 0 1 0 10284 10285
543 4 0 1 10301 10306
544 3 10336 0 3 10342
545 10404 15 1 8 10428
546 3 0 10179 9 10191
547 0 10185 0 6 10191
548 3 10206 1 3 10213
549 7 10313 2 1 10323
550 0 1 0 10453 10454
551 10419 2 10 0 10431
552 1 3 0 10681 10685
553 10728 0 0 0 10728
554 10813 2 0 0 10815
555 9 1 10605 0 10615
556 10664 0 3 0 10667
557 10782 3 4 0 10789
558 0 0 1 10732 10733
559 0 1 1 10736 10738
560 10530 0 6 1 10537
561 0 10799 0 1 10800
562 1 10812 0 5 10818
563 1 16 0 10910 10927
564 0 2 1 11113 11116
565 0 4 0 11209 11213
566 2 5 0 11328 11335
567 1 2 0 11507 11510
568 11447 0 4 2 11453
569 11456 0 9 0 11465
570 11470 0 5 0 11475
571 11434 0 8 0 11442
572 4 0 11559 1 11564
573 11427 0 0 0 11427
574 11608 0 2 0 11610
575 1 0 11561 5 11567
576 11532 0 0 0 11532
577 21 0 11585 7 11613
578 15 0 11548 0 11563
579 0 5 2 10994 11001
580 37 0 11448 0 11485
581 11669 1 15 0 11685
582 11892 0 0 0 11892
583 11851 0 13 0 11864
584 11880 1 0 0 11881
585 3 11943 0 4 11950
586 12039 0 3 0 12042
587 11939 0 1 0 11940
588 2 0 0 11960 11962
589 2 0 11944 0 11946
590 0 4 0 11792 11796
591 11963 1 1 1 11966
592 1 12129 0 1 12131
593 12276 1 1 0 12278
594 12219 1 6 1 12227
595 12199 1 0 0 12200
596 12082 3 15 0 12100
597 1 12212 0 0 12213
598 4 12053 0 0 12057
599 12023 3 0 0 12026
600 0 12245 0 0 12245
601 195 12022 0 58 12275
602 12283 0 1 2 12286
603 0 9 7 12452 12468
604 1 0 12496 3 12500
605 8 0 12326 4 12338
606 2 0 12305 0 12307
607 1 0 12343 0 12344
608 12236 1 9 0 12246
609 29 0 12358 0 12387
610 1 0 0 12224 12225
611 1 0 12499 2 12502
612 12493 0 1 3 12497
613 0 1 0 12557 12558
614 3 0 12597 2 12602
615 6 0 12474 1 12481
616 4 12780 0 31 12815
617 0 4 1 12846 12851
618 1 0 0 12962 12963
619 0 13008 0 4 13012
620 13144 7 1 16 13168
621 3 3 13189 0 13195
622 0 4 0 12685 12689
623 3 0 13113 5 13121
624 1 0 13126 2 13129
625 13438 0 0 0 13438
626 1 210 0 13428 13639
627 1 2 0 13812 13815
628 13988 0 2 0 13990
629 13950 4 0 1 13955
630 13914 0 2 1 13917
631 3 512 0 13393 13908
632 17 13904 0 3 13924
633 14009 1 0 0 14010
634 13 14088 0 7 14108
635 14195 0 2 0 14197
636 2 1 1 14354 14358
637 14470 1 0 0 14471
638 14372 0 0 0 14372
639 1 0 0 14461 14462
640 3 0 14436 0 14439
641 14437 0 16 0 14453
642 1 2 0 14565 14568
643 1 20 0 14907 14928
644 6 0 14831 11 14848
645 4 2 14872 12 14890
646 24 0 15010 0 15034
647 1 15197 0 4 15202
648 15434 1 17 0 15452
649 0 53 0 15369 15422
650 2 2 0 15532 15536
651 0 15548 1 1 15550
652 15535 1 2 2 15540
653 5 15589 0 2 15596
654 15768 2 1 3 15774
655 106 2 15749 0 15857
656 15660 2 6 2 15670
657 0 2 0 15878 15880
658 25 0 15987 0 16012
659 15915 1 1 0 15917
660 16075 3 1 1 16080
661 0 6 1 16186 16193
662 8 0 16081 0 16089
663 16003 0 6 0 16009
664 0 32 2 16260 16294
665 1 2 16312 3 16318
666 1 4 1 16293 16299
667 1 16350 0 17 16368
668 1 2 0 16609 16612
669 1 0 16645 0 16646
670 0 4 6 16471 16481
671 2 3 0 16587 16592
672 0 2 0 16579 16581
673 1 16571 0 12 16584
674 5 17547 2 11 17565
675 18147 2 2 0 18151
676 17988 1 1 0 17990
677 18053 4 6 0 18063
678 5 0 17712 0 17717
679 18150 1 0 0 18151
680 0 0 2 18116 18118
681 0 18307 0 4 18311
682 18653 1 6 0 18660
683 18626 0 2 0 18628
684 18672 2 1 0 18675
685 50 0 18595 1 18646
686 0 0 18411 1 18412
687 1 18526 0 3 18530
688 18563 1 3 4 18571
689 0 17642 0 1333 18975
690 0 0 2 19137 19139
691 19189 3 15 6 19213
692 19112 1 0 0 19113
693 19281 2 4 0 19287
694 19357 1 11 0 19369
695 19212 1 3 0 19216
696 7 0 19158 0 19165
697 18990 2 7 0 18999
698 12 0 19375 2 19389
699 2 3 0 19062 19067
700 0 2 0 19472 19474
701 2 0 19347 10 19359
702 1 1 19091 0 19093
703 19151 2 35 1 19189
704 2 19595 5 0 19602
705 0 2 0 19389 19391
706 0 1 3 19511 19515
707 1 1 19308 1 19311
708 19183 0 3 2 19188
709 4 11 0 19193 19208
710 18 19114 1 0 19133
711 2 19168 1 4 19175
712 2 5 0 19316 19323
713 0 2 0 19354 19356
714 5 19235 0 7 19247
715 19251 1 26 1 19279
716 3 5 2 19318 19328
717 0 0 1 19394 19395
718 19358 4 16 3 19381
719 19173 1 0 0 19174
720 0 1 0 19157 19158
721 9 19242 0 16 19267
722 19303 0 2 2 19307
723 0 2 19028 1 19031
724 1 2 0 18826 18829
725 18370 0 3 0 18373
726 0 18998 0 0 18998
727 0 19048 0 6 19054
728 3 15 0 18891 18909
729 4 9 0 18938 18951
730 0 5 0 18929 18934
731 4 2 18780 1 18787
732 9 18873 2 9 18893
733 90 2 18996 12 19100
734 2 1 18960 5 18968
735 2 0 18890 0 18892
736 19033 3 30 0 19066
737 19210 3 4 5 19222
738 1 0 19176 0 19177
739 2 18946 0 0 18948
740 19108 1 10 1 19120
741 2 19223 0 5 19230
742 19240 6 7 2 19255
743 1 2 19045 0 19048
744 1 1 1 18905 18908
745 12 18802 0 8 18822
746 8 18804 0 0 18812
747 4 18825 0 12 18841
748 5 18988 5 8 19006
749 19223 15 19 0 19257
750 2 2 19177 0 19181
751 19114 2 12 1 19129
752 19058 0 3 2 19063
753 9 0 19140 0 19149
754 19047 2 1 0 19050
755 0 3 2 18942 18947
756 3 19200 1 4 19208
757 19236 1 7 17 19261
758 1 0 19185 2 19188
759 9 1 18824 1 18835
760 3 3 0 18566 18572
761 90 0 18773 0 18863
762 3 18974 0 20 18997
763 23 2 19240 7 19272
764 19016 0 4 1 19021
765 1 19333 2 2 19338
766 3 12 0 19549 19564
767 4 0 19579 0 19583
768 2 0 19482 0 19484
769 2 6 1 18507 18516
770 341 6 19093 2 19442
771 0 7 10 19968 19985
772 1 73 3 20204 20281
773 18 0 20149 1 20168
774 2 20231 0 10 20243
775 20515 0 8 3 20526
776 20249 0 2 0 20251
777 1 10 1 20243 20255
778 12 20396 0 3 20411
779 20640 2 1 2 20645
780 20516 0 1 2 20519
781 20460 13 5 12 20490
782 6 4 20807 2 20819
783 0 0 20533 0 20533
784 20208 1 37 12 20258
785 0 2 20752 3 20757
786 0 3 21652 0 21655
787 4 4 30 20568 20606
788 4 6 22345 1 22356
789 1 0 22499 2 22502
790 22371 0 19 0 22390
791 22401 0 3 1 22405
792 10 22805 0 2 22817
793 16 22885 0 2 22903
794 0 22 2 23058 23082
795 2 3 0 23157 23162
796 23112 0 1 3 23116
797 3 0 23112 0 23115
798 3 6 0 22329 22338
799 418 0 22347 13 22778
800 5 2 23204 2 23213
801 1 23462 0 6 23469
802 5 5 5 23861 23876
803 13 1 23777 4 23795
804 23680 2 3 5 23690
805 23885 5 6 0 23896
806 12 0 23766 0 23778
807 3 23723 0 8 23734
808 0 23889 0 19 23908
809 23965 1 2 0 23968
810 1 1 0 24138 24140
811 0 39 1 24093 24133
812 1 24391 0 13 24405
813 5 0 24492 2 24499
814 23705 2 6 1 23714
815 0 2 1 24319 24322
816 3 24 0 24712 24739
817 0 1437 0 23377 24814
818 24526 1 0 0 24527
819 9 8 0 24662 24679
820 24590 1 6 2 24599
821 0 0 24555 1 24556
822 14 0 24356 6 24376
823 24252 9 1 0 24262
824 24544 0 4 0 24548
825 0 0 24353 0 24353
826 24328 1 14 2 24345
827 4 2 24560 4 24570
828 5 24430 0 2 24437
829 24751 0 9 0 24760
830 24609 8 5 0 24622
831 1 2 3 24448 24454
832 2 2 24478 6 24488
833 251 0 23919 0 24170
834 0 24444 0 8 24452
835 24567 1 3 3 24574
836 8 0 24533 4 24545
837 24398 0 0 4 24402
838 0 24399 0 4 24403
839 24625 2 9 1 24637
840 1 0 24472 1 24474
841 24171 4 14 2 24191
842 1 4 24380 3 24388
843 0 0 24279 6 24285
844 17 0 24154 0 24171
845 5 24127 0 6 24138
846 0 4 0 24458 24462
847 24517 1 30 0 24548
848 0 2 0 24633 24635
849 0 5 0 24754 24759
850 24394 0 10 3 24407
851 24330 8 0 1 24339
852 1 10 24415 4 24430
853 24450 0 1 1 24452
854 5 3 24243 4 24255
855 24366 0 7 1 24374
856 3 24311 7 99 24420
857 24681 1 9 0 24691
858 4 0 0 24623 24627
859 5 24595 0 10 24610
860 24899 0 3 1 24903
861 24720 3 2 0 24725
862 24640 8 25 0 24673
863 18 0 24147 0 24165
864 4 23994 0 4 24002
865 5 24374 0 1 24380
866 24583 0 4 0 24587
867 24415 1 7 1 24424
868 36 0 23933 1 23970
869 23841 0 6 1 23848
870 2 24219 3 0 24224
871 4 3 3 24130 24140
872 10 0 23952 2 23964
873 0 23809 0 12 23821
874 5 23962 0 10 23977
875 1 4 0 23895 23900
876 23967 3 1 3 23974
877 2 6 0 24069 24077
878 5 0 23984 8 23997
879 24027 0 3 0 24030
880 24080 0 21 0 24101
881 23896 2 5 0 23903
882 23928 0 3 0 23931
883 32 3 23421 2 23458
884 23089 0 4 3 23096
885 4 24 2 22843 22873
886 4 70 1 23028 23103
887 0 23096 0 0 23096
888 2 1 1 23043 23047
889 0 8 0 23077 23085
890 5 23008 0 39 23052
891 1 3 0 22886 22890
892 25 0 22517 2 22544
893 22673 0 1 2 22676
894 22767 0 0 1 22768
895 3 1 0 22544 22548
896 1 22420 0 6 22427
897 0 2 2 22570 22574
898 22448 0 2 0 22450
899 22394 2 0 0 22396
900 22450 1 2 0 22453
901 9 0 21655 0 21664
902 21643 0 1 1 21645
903 21657 0 1 0 21658
904 4 21545 0 1 21550
905 21739 0 4 1 21744
906 21617 1 0 1 21619
907 21374 0 79 1 21454
908 0 5 1 20929 20935
909 2 14 20627 2 20645
910 4 20916 0 7 20927
911 6 7 1 20693 20707
912 3 21079 0 12 21094
913 34 14 2 20887 20937
914 3 0 20807 9 20819
915 2 20842 0 11 20855
916 21 0 20535 1 20557
917 22 20627 0 6 20655
918 5 20790 0 9 20804
919 4 20807 0 2 20813
920 4 20885 0 113 21002
921 21115 0 11 0 21126
922 21060 0 30 0 21090
923 2 21172 0 0 21174
924 21247 0 3 1 21251
925 21211 0 29 2 21242
926 21024 0 2 4 21030
927 20906 5 11 1 20923
928 100 1 20240 0 20341
929 21 1 20083 9 20114
930 13 20787 0 1 20801
931 0 29 1 20764 20794
932 5 21105 0 12 21122
933 0 6 0 21265 21271
934 21322 7 16 11 21356
935 3 1 21244 0 21248
936 1 1 2 20951 20955
937 0 29 2 21291 21322
938 8 0 21318 4 21330
939 21332 1 1 3 21337
940 3 22 1 21225 21251
941 8 21320 0 6 21334
942 21658 0 1 1 21660
943 21461 1 3 3 21468
944 0 0 21559 1 21560
945 18 2 1 20475 20496
946 26 1 21135 13 21175
947 21792 4 11 2 21809
948 1 8 3 21823 21835
949 90 22106 0 92 22288
950 3 1 22478 1 22483
951 1 0 22491 0 22492
952 22476 0 9 1 22486
953 22584 1 3 0 22588
954 1 0 22233 5 22239
955 9 23207 2 4 23222
956 23626 4 5 0 23635
957 5 0 23419 3 23427
958 23217 1 90 0 23308
959 23487 0 3 0 23490
960 23360 0 2 0 23362
961 0 37 0 23090 23127
962 10 23233 1 1 23245
963 3 23409 0 8 23420
964 23413 0 11 0 23424
965 0 0 23223 11 23234
966 1 0 22896 5 22902
967 10 0 22830 2 22842
968 23011 0 6 6 23023
969 14 2 0 22910 22926
970 8 6 1 23212 23227
971 108 0 23035 35 23178
972 6 23871 0 12 23889
973 23988 1 13 0 24002
974 5 2 23950 0 23957
975 23518 4 8 1 23531
976 2 23805 0 16 23823
977 23895 0 1 1 23897
978 2 2 1 23979 23984
979 3 1 5 24351 24360
980 12 0 24076 0 24088
981 23960 0 1 1 23962
982 23966 2 6 0 23974
983 7 0 23841 3 23851
984 23596 0 3 1 23600
985 3 3 1 23574 23581
986 5 23665 0 3 23673
987 1 3 0 23722 23726
988 23596 0 5 0 23601
989 23033 0 5 1 23039
990 2 23180 0 18 23200
991 8 23032 0 20 23060
992 9 23258 0 16 23283
993 0 2 0 23094 23096
994 61 0 22983 0 23044
995 30 23088 3 2 23123
996 1 1 0 23170 23172
997 0 5 11 23137 23153
998 5 0 22858 0 22863
999 9 22932 1 2 22944
1000 0 6 0 22792 22798
1001 0 22988 2 5 22995
1002 11 0 23034 1 23046
1003 2 9 379 21847 22237
1004 22538 0 7 1 22546
1005 5 1 22785 0 22791
1006 0 7 0 21973 21980
1007 22669 0 0 4 22673
1008 3 3 0 22755 22761
1009 5 1 22797 5 22808
1010 6 5 22737 1 22749
1011 4 6 0 21983 21993
1012 24 22435 1 37 22497
1013 43 1 22712 2 22758
1014 0 12 0 22256 22268
1015 0 2 0 22996 22998
1016 12 0 23068 1 23081
1017 0 1 2 22990 22993
1018 0 4 0 23269 23273
1019 23280 11 2 38 23331
1020 8 5 22926 2 22941
1021 5 0 22627 2 22634
1022 1 22659 0 3 22663
1023 5 22727 0 1 22733
1024 14 22955 4 53 23026
1025 2 5 0 23044 23051
1026 5 23338 3 1 23347
1027 3 9 0 23369 23381
1028 9 6 23434 2 23451
1029 2 12 1 23172 23187
1030 47 0 23226 2 23275
1031 6 0 23043 1 23050
1032 0 23451 1 9 23461
1033 23335 0 77 1 23413
1034 23392 0 8 0 23400
1035 5 0 23773 1 23779
1036 5 23660 0 4 23669
1037 23933 0 2 3 23938
1038 23872 0 3 2 23877
1039 23567 2 21 0 23590
1040 39 0 23730 1 23770
1041 1 5 0 22581 22587
1042 69 0 23315 3 23387
1043 4 0 23468 2 23474
1044 4 36 0 22887 22927
1045 8 0 23326 5 23339
1046 1 23483 5 13 23502
1047 0 11 0 23808 23819
1048 0 12 0 23827 23839
1049 17 23724 6 12 23759
1050 0 23812 1 4 23817
1051 11 23641 3 38 23693
1052 23629 1 7 7 23644
1053 1 29 1 23507 23538
1054 23602 0 5 2 23609
1055 23362 2 23 0 23387
1056 0 2 23274 0 23276
1057 0 23241 0 2 23243
1058 23427 0 3 1 23431
1059 1 5 7 23541 23554
1060 0 32 2 23519 23553
1061 0 4 0 23466 23470
1062 23209 1 6 5 23221
1063 0 23206 3 119 23328
1064 13 0 23002 9 23024
1065 4 22971 6 3 22984
1066 9 23177 1 37 23224
1067 23364 4 24 0 23392
1068 23208 1 4 2 23215
1069 23300 0 11 1 23312
1070 23207 0 2 0 23209
1071 0 2 0 23027 23029
1072 21984 25 0 2 22011
1073 3 23232 0 4 23239
1074 3 23370 2 2 23377
1075 5 10 2 22825 22842
1076 14 23350 0 1 23365
1077 23474 0 3 1 23478
1078 23093 1 4 6 23104
1079 51 23331 0 1 23383
1080 2 7 1 23182 23192
1081 23314 3 20 4 23341
1082 2 0 23347 7 23356
1083 0 0 23069 7 23076
1084 10 0 23190 12 23212
1085 1 1 0 22102 22104
1086 0 5 0 22860 22865
1087 6 22925 4 2 22937
1088 22990 1 6 1 22998
1089 22858 0 10 1 22869
1090 1 6 0 23093 23100
1091 1 0 23122 2 23125
1092 5 7 0 22936 22948
1093 2 1 41 23092 23136
1094 12 0 22794 3 22809
1095 22725 0 6 0 22731
1096 22718 1 48 0 22767
1097 1 0 22716 3 22720
1098 22587 0 2 0 22589
1099 25 0 22665 2 22692
1100 1 4 0 22099 22104
1101 22220 0 1 2 22223
1102 0 22448 1 2 22451
1103 1 6 1 22413 22421
1104 5 22488 0 3 22496
1105 0 477 2 22023 22502
1106 22402 0 0 0 22402
1107 1 3 3 22477 22484
1108 3 0 22380 4 22387
1109 1 3 22355 0 22359
1110 0 5 0 22189 22194
1111 1 15 12 22514 22542
1112 4 0 22342 1 22347
1113 1 1 22009 0 22011
1114 4168 0 17871 0 22039
1115 0 0 0 21737 21737
1116 22178 2 16 1 22197
1117 1 22447 0 16 22464
1118 4 0 22395 7 22406
1119 22315 1 5 1 22322
1120 22311 8 9 0 22328
1121 3 1 22286 2 22292
1122 6 22071 1 0 22078
1123 4 22361 0 30 22395
1124 22552 1 10 0 22563
1125 0 9 1 22656 22666
1126 4 0 22591 7 22602
1127 9 0 22475 10 22494
1128 8 22597 0 6 22611
1129 0 20 0 22325 22345
1130 1 22698 0 9 22708
1131 2 7 4 22983 22996
1132 0 1 0 23149 23150
1133 0 0 0 23180 23180
1134 22970 1 2 3 22976
1135 3 22769 0 185 22957
1136 23111 2 0 0 23113
1137 22954 0 1 4 22959
1138 6 7 10 22866 22889
1139 22959 0 32 1 22992
1140 1 7 0 22766 22774
1141 5 1 22617 5 22628
1142 7 1 22689 1 22698
1143 3 22802 1 8 22814
1144 22744 0 8 1 22753
1145 22690 2 4 3 22699
1146 4 22516 0 2 22522
1147 21982 0 26 2 22010
1148 1 22593 0 3 22597
1149 6 22821 2 10 22839
1150 1 56 0 22699 22756
1151 40 0 22708 0 22748
1152 1 0 1 22626 22628
1153 0 12 1 22743 22756
1154 0 3 1 22634 22638
1155 6 22398 1 24 22429
1156 13 22540 0 3 22556
1157 22394 0 1 2 22397
1158 3 1 0 22470 22474
1159 22381 0 4 0 22385
1160 0 0 0 22399 22399
1161 0 1 0 22492 22493
1162 22300 1 1 1 22303
1163 21965 6 0 2 21973
1164 29 0 22003 0 22032
1165 21324 5 5 5 21339
1166 21606 0 0 0 21606
1167 1 5 0 21869 21875
1168 18 3 21865 8 21894
1169 5 2 21699 8 21714
1170 22 1 21562 1 21586
1171 66 3 21754 21 21844
1172 1 0 21957 0 21958
1173 21620 2 3 6 21631
1174 0 2 1 22065 22068
1175 3 1 22185 10 22199
1176 21985 10 0 1 21996
1177 0 6 0 22463 22469
1178 11 3 22496 0 22510
1179 2 22578 5 0 22585
1180 22986 0 1 0 22987
1181 23117 0 8 0 23125
1182 22968 6 5 1 22980
1183 67 0 22930 5 23002
1184 3 0 23180 4 23187
1185 23508 0 1 7 23516
1186 0 9 0 23972 23981
1187 24244 1 4 0 24249
1188 24093 3 1 4 24101
1189 23955 3 9 1 23968
1190 6 1 0 23850 23857
1191 0 24576 0 17 24593
1192 68 0 24268 0 24336
1193 2 24614 0 1 24617
1194 24705 0 4 0 24709
1195 24648 0 35 2 24685
1196 1 0 0 25042 25043
1197 0 2 1 25060 25063
1198 25068 14 5 1 25088
1199 0 5 2 24999 25006
1200 1 6 0 24920 24927
1201 2 24850 0 5 24857
1202 1 4 0 25049 25054
1203 1 11 0 24879 24891
1204 0 24771 3 15 24789
1205 24795 0 7 2 24804
1206 0 6 0 24771 24777
1207 4 0 24644 1 24649
1208 4 4 3 24400 24411
1209 3 24507 1 4 24515
1210 0 74 1 24534 24609
1211 3 2 1 24650 24656
1212 3 1 24309 0 24313
1213 13 24341 0 9 24363
1214 1 16 0 24456 24473
1215 0 9 0 24341 24350
1216 8 24461 0 18 24487
1217 26 0 24252 16 24294
1218 10 0 23553 1 23564
1219 23870 4 41 2 23917
1220 7 0 22931 5 22943
1221 1 23622 0 2 23625
1222 0 2 0 24044 24046
1223 3 1 24000 1 24005
1224 1 23779 0 3 23783
1225 25 23972 1 4 24002
1226 2 4 0 24257 24263
1227 24155 0 2 0 24157
1228 1 32 4 24158 24195
1229 7 0 24196 1 24204
1230 24089 0 3 0 24092
1231 23927 0 51 1 23979
1232 2 1 23777 0 23780
1233 23301 0 3 1 23305
1234 5 23836 3 4 23848
1235 18 24038 0 11 24067
1236 1 7 0 24130 24138
1237 10 2 24160 8 24180
1238 24037 2 5 6 24050
1239 0 0 24045 0 24045
1240 23482 1 18 1 23502
1241 7 0 24048 1 24056
1242 0 2 0 23466 23468
1243 0 7 0 23916 23923
1244 1 20 0 24144 24165
1245 1 7 1 24230 24239
1246 155 1 23324 4 23484
1247 1 5 1 23221 23228
1248 18 23322 6 6 23352
1249 1 11 3 23417 23432
1250 12 0 23393 0 23405
1251 0 23409 1 1 23411
1252 23501 0 6 1 23508
1253 0 215 2 23343 23560
1254 0 4 1 23611 23616
1255 23396 2 1 1 23400
1256 22877 1 1 1 22880
1257 5 23586 3 0 23594
1258 127 23273 0 94 23494
1259 6 0 23452 9 23467
1260 46 4 22960 1 23011
1261 12 22999 1 52 23064
1262 23200 1 17 1 23219
1263 16 24200 0 9 24225
1264 24779 0 34 2 24815
1265 3 0 24484 6 24493
1266 24531 0 6 0 24537
1267 24362 1 3 0 24366
1268 1 19 0 24663 24683
1269 7 0 1 24689 24697
1270 8 24596 0 6 24610
1271 24813 2 5 1 24821
1272 24563 5 31 4 24603
1273 39 1 24244 2 24286
1274 3 23902 0 5 23910
1275 1 24238 0 1 24240
1276 3 22 1 24424 24450
1277 24304 0 14 3 24321
1278 4 0 24128 1 24133
1279 24128 0 23 4 24155
1280 3 1 1 24034 24039
1281 10 24278 0 16 24304
1282 24386 1 3 2 24392
1283 2 0 24218 2 24222
1284 8 24112 0 3 24123
1285 24182 2 11 75 24270
1286 7 8 1 24503 24519
1287 0 2 2 24756 24760
1288 24708 1 0 1 24710
1289 24439 2 1 0 24442
1290 24450 2 0 1 24453
1291 24385 1 3 1 24390
1292 1 3 3 24415 24422
1293 4 2 24369 1 24376
1294 1 24279 0 25 24305
1295 24333 3 3 5 24344
1296 24144 20 34 13 24211
1297 16 0 24541 18 24575
1298 49 0 24346 4 24399
1299 6 0 24412 0 24418
1300 0 2 0 24015 24017
1301 0 6 0 24605 24611
1302 4 13 0 24790 24807
1303 5 24828 1 7 24841
1304 4 24965 0 1 24970
1305 24776 21 4 0 24801
1306 0 4 2 24939 24945
1307 1 0 25083 0 25084
1308 2 0 0 24721 24723
1309 0 90 0 24665 24755
1310 5 24573 0 10 24588
1311 5 24863 3 1 24872
1312 24793 0 9 0 24802
1313 23 0 24693 0 24716
1314 14 24509 0 8 24531
1315 24727 0 5 8 24740
1316 24666 0 3 0 24669
1317 24578 1 2 0 24581
1318 0 0 24817 1 24818
1319 4 0 24302 1 24307
1320 24264 2 0 0 24266
1321 24281 0 201 0 24482
1322 6 24543 4 2 24555
1323 24374 3 0 4 24381
1324 5 0 24656 5 24666
1325 5 0 24506 0 24511
1326 1 24 1 22257 22283
1327 23788 1 91 1 23881
1328 1 0 24370 0 24371
1329 24005 1 1 0 24007
1330 24344 1 4 0 24349
1331 9 2 24520 0 24531
1332 0 4 24243 0 24247
1333 24227 1 60 3 24291
1334 24380 1 0 3 24384
1335 0 1 1 24335 24337
1336 7 17 24365 0 24389
1337 4 0 24100 1 24105
1338 0 0 23824 10 23834
1339 23741 3 18 2 23764
1340 13 1 24197 1 24212
1341 5 24017 2 2 24026
1342 24298 0 7 5 24310
1343 1 0 24259 0 24260
1344 0 24437 0 10 24447
1345 2 3 1 24607 24613
1346 1 25017 0 16 25034
1347 0 3 0 25282 25285
1348 34 0 25119 1 25154
1349 24692 2 1 9 24704
1350 0 10 1 25049 25060
1351 16 1 25029 0 25046
1352 3 13 0 24589 24605
1353 4 24733 0 5 24742
1354 2 25050 0 8 25060
1355 24983 0 6 2 24991
1356 3 8 0 25024 25035
1357 0 25247 0 20 25267
1358 25366 0 4 0 25370
1359 25247 0 4 1 25252
1360 1 0 25010 1 25012
1361 1 24993 0 8 25002
1362 0 6 0 24772 24778
1363 7 24550 2 26 24585
1364 0 24954 0 8 24962
1365 24990 1 22 7 25020
1366 8 0 25614 1 25623
1367 5 4 6 24712 24727
1368 0 17 1 25121 25139
1369 1 14 0 25330 25345
1370 1 9 1 25386 25397
1371 3 0 25183 5 25191
1372 2 0 24299 3 24304
1373 0 0 24262 0 24262
1374 4 24177 0 7 24188
1375 0 60 1 23913 23974
1376 7 24398 0 1 24406
1377 19 24874 0 4 24897
1378 262 1 24512 4 24779
1379 24199 0 1 2 24202
1380 4 2 3 24441 24450
1381 7 0 24304 5 24316
1382 23971 2 21 0 23994
1383 1 24370 5 0 24376
1384 1 24465 0 69 24535
1385 24665 0 5 1 24671
1386 2 0 24696 0 24698
1387 24084 0 5 0 24089
1388 2 1 2 24143 24148
1389 12 24514 0 3 24529
1390 3 19 7 24608 24637
1391 1 0 24541 4 24546
1392 2 0 24430 3 24435
1393 11 0 24502 2 24515
1394 1 0 24167 4 24172
1395 3 0 24088 2 24093
1396 269 0 23791 0 24060
1397 24020 0 1 0 24021
1398 24415 0 11 1 24427
1399 6 24681 0 2 24689
1400 11 0 24556 2 24569
1401 23967 1 2 1 23971
1402 23825 0 12 0 23837
1403 23 0 24418 10 24451
1404 2 1 0 23040 23043
1405 24031 0 1 1 24033
1406 7 0 24406 5 24418
1407 1 0 24457 2 24460
1408 1 81 1 22741 22824
1409 2 0 24188 1 24191
1410 3 1 24364 0 24368
1411 23811 1 1 2 23815
1412 98 1 24201 1 24301
1413 24106 0 10 0 24116
1414 10 24456 0 104 24570
1415 12 1 24753 3 24769
1416 8 0 24454 1 24463
1417 23939 7 14 2 23962
1418 2 0 23955 16 23973
1419 0 0 23426 0 23426
1420 6 0 23404 4 23414
1421 1 1 1 22781 22784
1422 2 23583 0 2 23587
1423 2 12 1 23790 23805
1424 12 0 23765 7 23784
1425 26 0 23411 3 23440
1426 4 23429 1 36 23470
1427 10 23344 3 1 23358
1428 23401 2 2 0 23405
1429 23224 0 26 1 23251
1430 23371 0 12 0 23383
1431 0 0 0 23448 23448
1432 23583 1 1 0 23585
1433 23241 2 2 0 23245
1434 4 1 23092 2 23099
1435 2 22972 2 5 22981
1436 0 2 1 22659 22662
1437 2 0 22755 0 22757
1438 9 22555 0 9 22573
1439 22649 1 3 1 22654
1440 6 0 22390 0 22396
1441 11 21907 0 5 21923
1442 6 21664 0 28 21698
1443 12 22055 0 14 22081
1444 22302 0 5 1 22308
1445 1 0 22483 1 22485
1446 7 1 0 21117 21125
1447 704 0 21045 0 21749
1448 0 2 7 21287 21296
1449 1 3 0 21608 21612
1450 1 4 1 21897 21903
1451 3 0 21841 0 21844
1452 0 21521 3 14 21538
1453 21615 0 2 0 21617
1454 7 0 21770 2 21779
1455 0 11 0 20880 20891
1456 20690 0 29 1 20720
1457 2 0 20836 1 20839
1458 20597 0 11 1 20609
1459 24 0 20708 1 20733
1460 20598 1 11 2 20612
1461 1 1 20730 1 20733
1462 20305 0 21 0 20326
1463 18 20436 21 2 20477
1464 3 20709 0 1 20713
1465 3 5 0 20884 20892
1466 20721 0 34 1 20756
1467 0 0 1 20764 20765
1468 1 6 1 20828 20836
1469 3 0 20519 3 20525
1470 7 20526 0 2 20535
1471 1 3 0 20454 20458
1472 11 20534 0 0 20545
1473 3 0 0 20762 20765
1474 20720 0 62 1 20783
1475 20676 0 2 1 20679
1476 1 0 20516 2 20519
1477 3 20324 0 19 20346
1478 20486 2 3 0 20491
1479 20344 1 3 0 20348
1480 7 0 20259 1 20267
1481 2 19921 1 1 19925
1482 20088 1 6 0 20095
1483 19782 2 0 1 19785
1484 16 0 19769 0 19785
1485 2 19507 0 1 19510
1486 0 58 0 19620 19678
1487 5 0 19649 2 19656
1488 0 0 0 19239 19239
1489 19392 1 14 0 19407
1490 19291 2 3 1 19297
1491 0 5 19247 1 19253
1492 19003 0 71 0 19074
1493 19049 14 0 5 19068
1494 46 0 19026 2 19074
1495 18972 1 11 1 18985
1496 18871 1 7 5 18884
1497 1 5 1 18764 18771
1498 11 0 18532 2 18545
1499 11 18391 0 7 18409
1500 0 2 0 18611 18613
1501 43 0 18460 6 18509
1502 3 8 0 18039 18050
1503 5 18130 0 2 18137
1504 18274 0 10 0 18284
1505 18077 5 0 12 18094
1506 1 1 1 18321 18324
1507 49 0 18170 0 18219
1508 18220 0 0 1 18221
1509 18167 0 0 0 18167
1510 1 4 2 18042 18049
1511 17888 0 149 3 18040
1512 0 0 1 17861 17862
1513 0 4 1 17940 17945
1514 4 0 17708 6 17718
1515 17424 0 3 0 17427
1516 6 0 17526 3 17535
1517 3 0 17340 3 17346
1518 2 1 17243 1 17247
1519 57 0 16960 1 17018
1520 1 16787 0 5 16793
1521 6 1 17210 1 17218
1522 1 12 2 16465 16480
1523 5 0 16752 2 16759
1524 17077 6 7 1 17091
1525 3 6 1 17045 17055
1526 2 0 16982 1 16985
1527 0 16970 0 12 16982
1528 17047 1 2 0 17050
1529 8 0 17129 0 17137
1530 16930 0 3 2 16935
1531 0 5 1 16955 16961
1532 26 0 16949 1 16976
1533 4 1 3 16641 16649
1534 4 16654 0 3 16661
1535 16916 1 3 6 16926
1536 16787 0 0 0 16787
1537 16839 0 7 0 16846
1538 2 0 16742 2 16746
1539 9 2 16436 0 16447
1540 16506 0 18 0 16524
1541 16600 0 1 0 16601
1542 16493 0 1 0 16494
1543 3 1 1 16193 16198
1544 2 16234 0 4 16240
1545 1 0 0 16272 16273
1546 16180 0 1 2 16183
1547 6 16189 0 0 16195
1548 0 9 1 15946 15956
1549 14 16015 1 17 16047
1550 16170 1 1 0 16172
1551 16144 0 0 0 16144
1552 2 3 16203 1 16209
1553 16154 0 1 0 16155
1554 0 0 0 16069 16069
1555 11 1 15991 3 16006
1556 15963 0 3 1 15967
1557 1 0 2 15969 15972
1558 4 0 15984 2 15990
1559 15880 29 3 1 15913
1560 15754 1 0 5 15760
1561 1 10 2 15670 15683
1562 5 0 15688 1 15694
1563 15779 1 6 1 15787
1564 3 15542 0 15 15560
1565 4 1 1 15554 15560
1566 6 15387 1 11 15405
1567 15903 0 0 0 15903
1568 15789 1 1 0 15791
1569 1 5 1 15816 15823
1570 0 0 15719 1 15720
1571 9 3 15422 0 15434
1572 1 15332 0 6 15339
1573 2 44 1 15653 15700
1574 15700 1 11 0 15712
1575 15647 0 13 0 15660
1576 1 0 15514 1 15516
1577 15486 1 2 0 15489
1578 15506 0 4 0 15510
1579 15403 0 15 0 15418
1580 15051 0 0 9 15060
1581 16 15280 8 2 15306
1582 4 15073 0 1 15078
1583 15152 0 0 0 15152
1584 56 0 14921 0 14977
1585 1 4 0 14471 14476
1586 0 0 14529 4 14533
1587 8 1 14633 2 14644
1588 14759 2 2 1 14764
1589 14810 1 0 0 14811
1590 14719 1 4 1 14725
1591 1 1 0 14383 14385
1592 0 0 14085 6 14091
1593 7 14078 1 0 14086
1594 0 7 0 14102 14109
1595 0 1 1 13915 13917
1596 3 0 2 13813 13818
1597 5 13793 2 1 13801
1598 13765 2 3 0 13770
1599 41 2 1 13599 13643
1600 1 0 1 13641 13643
1601 8 0 13467 10 13485
1602 5 0 13451 0 13456
1603 28 0 13298 0 13326
1604 13402 0 1 1 13404
1605 13409 0 2 1 13412
1606 1 0 13279 3 13283
1607 13239 0 3 0 13242
1608 13097 0 2 0 13099
1609 13087 0 0 0 13087
1610 12848 0 2 1 12851
1611 6 1 0 12569 12576
1612 42 0 12340 0 12382
1613 0 1 1 11809 11811
1614 1 0 0 12141 12142
1615 1 1 2 12089 12093
1616 10 11994 1 3 12008
1617 12068 0 4 0 12072
1618 11951 2 6 0 11959
1619 11876 0 1 0 11877
1620 1 1 4 11630 11636
1621 11407 0 3 1 11411
1622 2 2 0 10986 10990
1623 3 11231 0 1 11235
1624 11225 0 0 0 11225
1625 2 0 10906 1 10909
1626 10741 0 6 0 10747
1627 2 10795 0 1 10798
1628 10862 0 1 0 10863
1629 10812 0 0 0 10812
1630 10737 4 0 0 10741
1631 10655 5 14 0 10674
1632 10385 8 0 0 10393
1633 3 10399 1 58 10461
1634 10201 0 2 0 10203
1635 10056 0 8 0 10064
1636 9935 1 0 0 9936
1637 9856 0 5 0 9861
1638 3 8618 0 1249 9870
1639 15 9760 0 0 9775
1640 9831 0 2 0 9833
1641 9749 0 22 0 9771
1642 0 1 0 9192 9193
1643 4 9524 0 0 9528
1644 1 9552 0 0 9553
1645 2 9672 0 5 9679
1646 9668 0 11 0 9679
1647 4 0 1 9358 9363
1648 0 0 1 9537 9538
1649 4 0 9637 2 9643
1650 9697 0 0 1 9698
1651 9736 0 0 0 9736
1652 9700 0 0 0 9700
1653 0 0 2 9407 9409
1654 0 2 0 9317 9319
1655 12 9449 14 3 9478
1656 4 9489 0 0 9493
1657 9535 0 1 0 9536
1658 9434 0 1 0 9435
1659 2 0 0 9287 9289
1660 0 1 1 9337 9339
1661 9348 0 0 0 9348
1662 9281 0 0 0 9281
1663 12 0 9033 0 9045
1664 2 8835 0 0 8837
1665 8912 0 1 0 8913
1666 1 0 8665 0 8666
1667 8508 0 0 0 8508
1668 4 8532 1 4 8541
1669 6 8605 0 0 8611
1670 8573 0 0 0 8573
1671 2 1 0 8392 8395
1672 2 8489 0 0 8491
1673 0 8449 0 1 8450
1674 5 8264 0 4 8273
1675 6 8263 0 0 8269
1676 8357 0 3 0 8360
1677 8142 0 78 0 8220
1678 0 0 0 8131 8131
1679 0 1 0 8086 8087
1680 0 18 0 7989 8007
1681 0 8057 0 13 8070
1682 0 2 0 8025 8027
1683 0 1 0 7914 7915
1684 0 7909 0 0 7909
1685 0 0 0 7864 7864
1686 0 3 0 7859 7862
1687 0 3 0 7910 7913
1688 0 0 7857 2 7859
1689 1 0 7754 0 7755
1690 1 2 7578 12 7593
1691 7616 0 5 0 7621
1692 1 0 7621 0 7622
1693 1 0 7522 0 7523
1694 1 0 7500 1 7502
1695 7584 0 2 0 7586
1696 1 7425 0 0 7426
1697 7485 0 1 1 7487
1698 1 7449 0 1 7451
1699 7482 0 0 1 7483
1700 6 0 7382 14 7402
1701 0 7278 0 1 7279
1702 7308 0 3 0 7311
1703 0 0 7213 2 7215
1704 7051 0 1 0 7052
1705 1 0 6989 1 6991
1706 1 0 6820 0 6821
1707 6827 0 0 1 6828
1708 0 0 0 6744 6744
1709 0 1 1 6827 6829
1710 6822 0 0 0 6822
1711 2 2 0 6760 6764
1712 2 0 6708 0 6710
1713 6630 0 1 0 6631
1714 0 37 0 6552 6589
1715 3 0 6521 0 6524
1716 6222 0 0 0 6222
1717 0 6393 0 0 6393
1718 1 6435 0 0 6436
1719 1 0 1 6340 6342
1720 5 6412 0 0 6417
1721 1 0 6450 0 6451
1722 6341 0 0 0 6341
1723 0 0 0 6327 6327
1724 1 0 0 6364 6365
1725 6287 0 1 2 6290
1726 0 6 0 6237 6243
1727 0 0 0 6219 6219
1728 6209 0 3 0 6212
1729 6095 0 0 0 6095
1730 5999 0 4 1 6004
1731 4 2 0 5858 5864
1732 19 5940 0 1 5960
1733 6032 0 1 0 6033
1734 5961 0 2 0 5963
1735 1 5955 0 0 5956
1736 5935 0 9 0 5944
1737 5898 0 2 0 5900
1738 5893 0 7 0 5900
1739 5879 0 0 0 5879
1740 0 0 1 5724 5725
1741 5800 0 2 0 5802
1742 4 1 5779 0 5784
1743 5726 0 3 0 5729
1744 0 5654 0 0 5654
1745 5440 0 0 2 5442
1746 0 5708 0 0 5708
1747 5 1 1 5655 5662
1748 5723 1 0 0 5724
1749 0 0 1 5666 5667
1750 1 0 5650 0 5651
1751 5542 0 2 2 5546
1752 1 5674 0 1 5676
1753 0 0 1 5542 5543
1754 1 2 5567 0 5570
1755 1 1 0 5499 5501
1756 0 0 5522 4 5526
1757 5561 0 1 1 5563
1758 1 77 0 5429 5507
1759 1 0 0 5515 5516
1760 5 0 5496 1 5502
1761 0 0 0 5388 5388
1762 0 0 2 5393 5395
1763 0 0 1 5362 5363
1764 0 5313 1 9 5323
1765 5323 0 0 0 5323
1766 5170 0 37 1 5208
1767 0 2 0 5169 5171
1768 5080 1 4 0 5085
1769 0 5099 7 4 5110
1770 4 0 5123 0 5127
1771 0 2 6 5012 5020
1772 0 0 0 5008 5008
1773 0 1 0 5049 5050
1774 0 0 4988 2 4990
1775 0 0 4936 1 4937
1776 4939 0 0 0 4939
1777 4902 0 0 0 4902
1778 0 0 0 4834 4834
1779 0 0 4870 0 4870
1780 0 2 0 4768 4770
1781 2 0 4729 2 4733
1782 4 0 4616 11 4631
1783 1 0 4421 0 4422
1784 0 0 0 4240 4240
1785 26 0 4288 1 4315
1786 0 0 0 4232 4232
1787 0 0 0 4289 4289
1788 0 0 0 4281 4281
1789 4207 0 1 1 4209
1790 0 0 0 3769 3769
1791 0 0 0 3711 3711
1792 0 3647 0 0 3647
1793 1 0 0 3530 3531
1794 9 3566 0 0 3575
1795 3534 0 1 0 3535
1796 0 1 0 3318 3319
1797 0 0 0 3280 3280
1798 2953 0 250 14 3217
1799 3112 0 0 0 3112
1800 3082 0 0 0 3082
1801 2958 0 0 3 2961
1802 29 147 0 2328 2504
1803 1808 0 0 0 1808
1804 1610 0 8 0 1618
1805 1540 0 0 0 1540
1806 2 0 0 1414 1416
1807 1132 0 0 0 1132
1808 0 0 1 983 984
1809 759 0 220 0 979
1810 939 0 0 0 939
1811 903 0 0 0 903
1812 789 0 0 0 789
1813 704 0 0 0 704
1814 575 0 0 0 575
1815 5 0 0 535 540
1816 0 0 5 0 5
