0 0 0 0 0 0
1 191 0 0 0 191
2 0 0 0 236 236
3 0 0 0 238 238
4 0 0 0 240 240
5 0 0 0 290 290
6 0 319 0 0 319
7 0 0 0 342 342
8 0 0 0 568 568
9 0 0 715 0 715
10 0 0 11 774 785
11 0 0 807 0 807
12 813 0 0 0 813
13 813 0 0 0 813
14 0 836 0 0 836
15 0 0 0 828 828
16 0 0 0 812 812
17 0 852 0 0 852
18 851 0 1 0 852
19 836 0 0 0 836
20 0 0 832 0 832
21 0 844 0 1 845
22 622 0 239 0 861
23 0 841 0 0 841
24 0 868 0 0 868
25 878 0 0 0 878
26 287 0 649 0 936
27 0 0 0 959 959
28 991 0 1 0 992
29 1413 0 0 0 1413
30 1526 0 0 0 1526
31 1361 0 0 0 1361
32 46 0 1320 0 1366
33 1528 0 0 0 1528
34 1557 0 0 0 1557
35 0 1739 0 0 1739
36 0 0 0 2091 2091
37 0 0 2133 0 2133
38 2111 0 1 0 2112
39 2121 0 1 0 2122
40 2147 0 0 0 2147
41 2183 0 0 0 2183
42 0 0 0 2181 2181
43 1 2230 0 0 2231
44 2247 0 1 0 2248
45 2261 0 0 0 2261
46 2243 0 0 0 2243
47 2236 0 1 0 2237
48 0 0 0 2235 2235
49 0 0 2240 0 2240
50 0 0 0 2175 2175
51 0 2321 0 0 2321
52 0 2318 0 0 2318
53 2278 0 57 0 2335
54 2337 0 0 0 2337
55 0 2351 0 0 2351
56 2374 0 0 14 2388
57 1 1 0 2748 2750
58 1 0 2699 0 2700
59 0 0 2694 0 2694
60 2669 0 0 0 2669
61 0 811 0 1911 2722
62 2766 0 0 2 2768
63 0 0 0 2805 2805
64 0 2923 0 0 2923
65 0 22 3025 0 3047
66 3022 0 33 33 3088
67 0 3216 0 36 3252
68 1 0 3340 0 3341
69 0 0 3393 1 3394
70 0 0 0 3314 3314
71 3519 0 0 0 3519
72 0 0 0 3800 3800
73 16 0 3877 0 3893
74 3892 0 0 2 3894
75 3920 0 0 0 3920
76 0 4014 0 0 4014
77 3958 0 0 0 3958
78 0 4162 0 0 4162
79 0 0 0 4139 4139
80 0 0 4277 0 4277
81 0 1 5981 0 5982
82 4 0 5977 0 5981
83 6116 1 2 0 6119
84 0 6285 0 0 6285
85 6521 0 0 0 6521
86 6457 0 1 1 6459
87 0 0 0 6547 6547
88 0 4 2 6636 6642
89 0 0 6543 0 6543
90 6638 0 0 0 6638
91 0 6850 0 3 6853
92 6960 0 2 0 6962
93 6960 0 1 0 6961
94 6844 0 2 0 6846
95 6835 0 0 0 6835
96 0 6919 0 0 6919
97 6811 1 0 1 6813
98 1 7026 0 0 7027
99 0 6248 1 843 7092
100 0 0 7176 0 7176
101 1 0 7162 0 7163
102 7067 1 0 0 7068
103 7171 1 1 0 7173
104 2 0 7243 0 7245
105 7184 0 1 1 7186
106 7310 0 0 2 7312
107 7423 0 0 0 7423
108 1 0 0 7416 7417
109 7460 0 0 0 7460
110 7312 0 5 0 7317
111 0 7490 0 0 7490
112 0 1666 0 5699 7365
113 1 0 0 7480 7481
114 0 7573 0 0 7573
115 0 1 1 7595 7597
116 1 0 7584 0 7585
117 0 0 7483 3 7486
118 7546 0 0 0 7546
119 7617 1 0 0 7618
120 0 7638 0 0 7638
121 1 7679 0 1 7681
122 7726 2 5 0 7733
123 0 1 7674 0 7675
124 0 5 0 7342 7347
125 3 1 7609 1 7614
126 0 0 7477 1 7478
127 1 0 7482 0 7483
128 7583 0 4 0 7587
129 0 7711 0 13 7724
130 7771 0 1 0 7772
131 7746 0 0 0 7746
132 0 7729 0 1 7730
133 0 7801 0 0 7801
134 7817 1 2 0 7820
135 0 0 7669 0 7669
136 7694 1 0 2 7697
137 0 7677 0 0 7677
138 3 7745 9 1 7758
139 7906 0 2 2 7910
140 7780 0 2 0 7782
141 1 1 1 7742 7745
142 0 7863 0 2 7865
143 7821 0 1 0 7822
144 0 0 2 7735 7737
145 0 1 0 7749 7750
146 7889 1 1 0 7891
147 2 0 7668 0 7670
148 7747 0 0 0 7747
149 0 7825 0 0 7825
150 0 7773 0 0 7773
151 7900 0 1 0 7901
152 5 0 7686 1 7692
153 0 7789 0 1 7790
154 7826 0 1 0 7827
155 7682 0 0 0 7682
156 0 7818 0 4 7822
157 0 7788 0 0 7788
158 5 7805 0 0 7810
159 3 2 1 7628 7634
160 1 3 0 7650 7654
161 0 1 7645 0 7646
162 1 7722 0 1 7724
163 1 7706 0 3 7710
164 2 7753 0 0 7755
165 1 7737 0 1 7739
166 7658 0 0 0 7658
167 0 7799 0 0 7799
168 0 7828 0 0 7828
169 7821 0 1 0 7822
170 7762 0 2 0 7764
171 16 0 7627 0 7643
172 3 7749 0 1 7753
173 7848 0 4 1 7853
174 7757 0 0 2 7759
175 0 7819 0 0 7819
176 7790 0 5 0 7795
177 7706 0 0 0 7706
178 7630 0 0 1 7631
179 0 7733 0 1 7734
180 1 0 7542 0 7543
181 7511 0 0 0 7511
182 7384 0 2 0 7386
183 5 7383 0 0 7388
184 1 7308 0 0 7309
185 2 7383 0 0 7385
186 1 0 7340 0 7341
187 0 17 0 7047 7064
188 7187 0 0 0 7187
189 7234 0 8 0 7242
190 0 7271 0 0 7271
191 3 7153 0 0 7156
192 0 7206 0 0 7206
193 7186 0 0 0 7186
194 0 0 0 6912 6912
195 0 7176 0 0 7176
196 0 7125 0 23 7148
197 1 7206 0 1 7208
198 0 7260 2 0 7262
199 0 0 3741 3382 7123
200 1 0 7070 0 7071
201 7069 0 3 8 7080
202 7137 0 0 0 7137
203 7171 0 0 0 7171
204 0 0 7107 0 7107
205 7121 0 0 4 7125
206 22 0 7085 0 7107
207 0 7367 0 1 7368
208 7348 0 1 0 7349
209 7343 0 0 0 7343
210 0 7332 0 0 7332
211 0 7291 0 0 7291
212 7232 0 2 0 7234
213 1 7363 0 7 7371
214 7382 1 1 0 7384
215 7206 0 0 10 7216
216 0 0 7078 23 7101
217 0 7168 0 2 7170
218 7107 0 1 0 7108
219 0 0 7199 1 7200
220 0 29 0 6370 6399
221 1 0 6920 0 6921
222 7075 0 0 0 7075
223 7210 0 2 0 7212
224 6 0 7272 0 7278
225 7199 0 0 1 7200
226 0 0 0 7221 7221
227 4 0 7254 0 7258
228 7192 3 0 1 7196
229 0 0 0 7172 7172
230 1 0 7219 0 7220
231 0 2 0 6811 6813
232 0 7191 0 1 7192
233 3572 0 3637 2 7211
234 2 0 7126 0 7128
235 7039 1 1 0 7041
236 7055 0 2 0 7057
237 0 0 7121 0 7121
238 0 1 7026 0 7027
239 6997 0 0 1 6998
240 7056 0 0 0 7056
241 7066 0 0 0 7066
242 11 0 6946 0 6957
243 0 6926 2 1 6929
244 2 6971 0 1 6974
245 0 6992 0 0 6992
246 7025 0 2 0 7027
247 7054 2 0 0 7056
248 7028 0 1 0 7029
249 6869 0 23 0 6892
250 0 0 6962 3 6965
251 6891 0 1 0 6892
252 6951 0 0 0 6951
253 0 0 6791 0 6791
254 0 6792 0 1 6793
255 6954 0 0 0 6954
256 1 0 6668 0 6669
257 6703 0 0 0 6703
258 2 6809 0 1 6812
259 1 6723 0 9 6733
260 1 6705 0 2 6708
261 0 6807 0 0 6807
262 720 0 5899 97 6716
263 6597 0 0 1 6598
264 0 6614 0 1 6615
265 6515 0 0 1 6516
266 0 0 6568 0 6568
267 6431 0 0 1 6432
268 0 0 6552 1 6553
269 6548 0 1 1 6550
270 0 0 0 6566 6566
271 6697 0 0 0 6697
272 6652 0 0 1 6653
273 6624 0 0 0 6624
274 1 0 6534 0 6535
275 6483 1 0 0 6484
276 6417 0 0 0 6417
277 17 0 6286 0 6303
278 6328 0 24 1 6353
279 0 0 6214 0 6214
280 8 6011 0 22 6041
281 0 0 6119 0 6119
282 0 1 0 5819 5820
283 0 5981 0 0 5981
284 1 0 0 5989 5990
285 6094 1 3 0 6098
286 5 6189 0 0 6194
287 6297 0 1 1 6299
288 6224 1 0 0 6225
289 16 6151 0 0 6167
290 6191 0 0 2 6193
291 1 0 0 6070 6071
292 1 0 6150 0 6151
293 0 0 6074 0 6074
294 1 0 0 4992 4993
295 0 0 5708 0 5708
296 1 0 6237 0 6238
297 0 0 0 5365 5365
298 4 0 5937 0 5941
299 6236 0 8 0 6244
300 6366 0 2 0 6368
301 6357 1 1 0 6359
302 0 6359 0 0 6359
303 0 1 0 6240 6241
304 0 0 6266 0 6266
305 0 0 6528 0 6528
306 2 0 6584 0 6586
307 2 6374 0 1 6377
308 0 0 6504 0 6504
309 6450 0 18 10 6478
310 6462 0 1 0 6463
311 0 0 1 6497 6498
312 0 0 1 6587 6588
313 5 6586 0 0 6591
314 0 2 0 6601 6603
315 6576 0 3 0 6579
316 0 6475 0 1 6476
317 6557 1 0 0 6558
318 6436 0 1 0 6437
319 18 6388 0 0 6406
320 0 6343 0 1 6344
321 6468 0 1 0 6469
322 0 0 6431 0 6431
323 6304 0 0 1 6305
324 2 1 1 6312 6316
325 2 0 6381 0 6383
326 6242 0 0 0 6242
327 0 3 0 6327 6330
328 0 0 6375 0 6375
329 18 0 6304 0 6322
330 0 0 0 6092 6092
331 1 0 1 6197 6199
332 6320 0 0 0 6320
333 6223 0 0 0 6223
334 6169 2 3 0 6174
335 1 0 6170 13 6184
336 0 6085 0 1 6086
337 0 2 1 6088 6091
338 7 0 6156 0 6163
339 0 0 6098 2 6100
340 5944 0 1 0 5945
341 0 5886 0 0 5886
342 1 0 0 5819 5820
343 0 5861 0 2 5863
344 6083 1 1 0 6085
345 6043 1 1 0 6045
346 0 0 0 5990 5990
347 0 0 6012 0 6012
348 5955 0 2 0 5957
349 0 1 0 5895 5896
350 0 0 5977 0 5977
351 5865 0 2 1 5868
352 0 5849 0 1 5850
353 5909 0 0 0 5909
354 0 1 1 5943 5945
355 2 0 5948 1 5951
356 12 0 5840 0 5852
357 5752 0 1 0 5753
358 0 0 5923 0 5923
359 5844 0 1 1 5846
360 0 1 5950 0 5951
361 5861 0 1 2 5864
362 5858 1 0 0 5859
363 5919 1 0 2 5922
364 2 1 0 5720 5723
365 0 5807 0 1 5808
366 0 0 1 5852 5853
367 5841 0 0 0 5841
368 5747 0 0 0 5747
369 2 1 3 5610 5616
370 0 5673 0 0 5673
371 0 5809 0 0 5809
372 5897 1 1 0 5899
373 5776 2 0 0 5778
374 5676 1 1 0 5678
375 5699 0 0 0 5699
376 0 0 2 5533 5535
377 1 0 5550 0 5551
378 0 5468 0 7 5475
379 56 0 5517 0 5573
380 0 5436 0 0 5436
381 5496 0 5 0 5501
382 1 1 2 5417 5421
383 0 0 5456 0 5456
384 0 5211 0 6 5217
385 0 5404 0 1 5405
386 2 0 5463 1 5466
387 0 1 0 5202 5203
388 28 0 5288 2 5318
389 0 0 5400 1 5401
390 5410 0 1 1 5412
391 5466 1 5 0 5472
392 5499 0 0 0 5499
393 0 0 5397 0 5397
394 5291 0 0 0 5291
395 5415 0 2 0 5417
396 0 0 3 5355 5358
397 1 0 0 5347 5348
398 1 4 0 5385 5390
399 0 0 0 5401 5401
400 5430 1 0 0 5431
401 0 0 1 5342 5343
402 2 1 1 5396 5400
403 0 0 5379 0 5379
404 0 0 5277 0 5277
405 0 5233 0 0 5233
406 1 2 0 5265 5268
407 2 0 5268 0 5270
408 0 5065 0 3 5068
409 0 5138 0 0 5138
410 5212 0 0 2 5214
411 5 5177 0 0 5182
412 0 2 1 5260 5263
413 2 0 5344 0 5346
414 5234 0 0 1 5235
415 0 1 1 5226 5228
416 0 0 5267 0 5267
417 5244 0 0 2 5246
418 1 5223 0 0 5224
419 5288 0 4 0 5292
420 5430 0 1 0 5431
421 3 0 5362 0 5365
422 5342 2 1 0 5345
423 5392 0 0 0 5392
424 5369 0 0 0 5369
425 5259 0 1 0 5260
426 0 5333 0 0 5333
427 1 5439 0 1 5441
428 0 0 5412 0 5412
429 5250 0 1 0 5251
430 1 0 5336 0 5337
431 0 2 0 5122 5124
432 2 2 1 5129 5134
433 0 5204 0 2 5206
434 0 5302 0 0 5302
435 5422 0 1 0 5423
436 1 0 5431 0 5432
437 5306 0 0 0 5306
438 5347 0 0 0 5347
439 1 0 5340 0 5341
440 5280 0 0 1 5281
441 5305 0 1 0 5306
442 5395 0 1 0 5396
443 5486 1 1 0 5488
444 5504 0 0 0 5504
445 0 0 5359 0 5359
446 5399 0 0 0 5399
447 5386 0 1 0 5387
448 0 1 1 5305 5307
449 1 0 5328 1 5330
450 1 5230 0 1 5232
451 1 5431 0 1 5433
452 5435 1 44 1 5481
453 1 0 5492 0 5493
454 5333 1 25 1 5360
455 0 0 5492 0 5492
456 5374 0 1 0 5375
457 0 0 3 5405 5408
458 0 18 5495 0 5513
459 3 2 1 5379 5385
460 0 5460 0 3 5463
461 5769 0 1 13 5783
462 5798 0 0 0 5798
463 5761 1 1 1 5764
464 0 0 5759 0 5759
465 5691 0 0 0 5691
466 5771 0 0 0 5771
467 2 0 5706 0 5708
468 0 0 5749 0 5749
469 1 0 5750 0 5751
470 5707 0 0 1 5708
471 5786 0 0 1 5787
472 0 1 5908 0 5909
473 0 1 5941 0 5942
474 5997 1 0 0 5998
475 6093 0 1 0 6094
476 0 0 6132 0 6132
477 6151 0 1 0 6152
478 6252 0 2 0 6254
479 6318 0 1 0 6319
480 0 0 1 6253 6254
481 6430 0 0 0 6430
482 32 1 6319 0 6352
483 6442 1 6 0 6449
484 0 0 5 6308 6313
485 2 6365 0 1 6368
486 6445 0 0 1 6446
487 2 6477 0 1 6480
488 6713 0 6 0 6719
489 6731 0 0 0 6731
490 0 6745 1 8 6754
491 7130 0 1 0 7131
492 7099 0 1 0 7100
493 7051 0 0 0 7051
494 7038 0 0 0 7038
495 2 7297 0 1 7300
496 7281 2 6 0 7289
497 0 0 7306 0 7306
498 0 0 7169 1 7170
499 7220 1 0 1 7222
500 3 0 7438 0 7441
501 0 0 7437 1 7438
502 1 7490 0 0 7491
503 7377 1 4 0 7382
504 0 7541 0 0 7541
505 1 7827 0 0 7828
506 1 1 2 7843 7847
507 0 0 3 7885 7888
508 0 3 2 7910 7915
509 4 0 1 7935 7940
510 7981 0 1 0 7982
511 1 8009 0 0 8010
512 8052 0 0 0 8052
513 7983 0 0 0 7983
514 42 0 7887 1 7930
515 7862 1 0 1 7864
516 0 5 2 7901 7908
517 2 0 7909 0 7911
518 1 0 7891 0 7892
519 1 4 0 7567 7572
520 7945 0 17 0 7962
521 8004 0 1 0 8005
522 0 0 7983 3 7986
523 7944 0 0 2 7946
524 0 1 8007 0 8008
525 8050 0 0 0 8050
526 0 0 3 8032 8035
527 4 0 8103 0 8107
528 8078 0 0 1 8079
529 0 0 1 8006 8007
530 8101 0 0 0 8101
531 8094 0 0 0 8094
532 8049 0 0 0 8049
533 7964 0 0 0 7964
534 2 7937 0 2 7941
535 3 7801 0 0 7804
536 7968 0 0 0 7968
537 2 0 1 7840 7843
538 1 7994 0 1 7996
539 0 1 1 7891 7893
540 8058 0 0 0 8058
541 0 6 1 7998 8005
542 0 1 0 7968 7969
543 1 1 1 7985 7988
544 0 7970 0 2 7972
545 8008 36 1 0 8045
546 2 0 7900 0 7902
547 2 7859 0 5 7866
548 0 7871 0 0 7871
549 3 7970 0 1 7974
550 0 0 0 8068 8068
551 7980 0 12 2 7994
552 0 0 0 8271 8271
553 8299 0 0 0 8299
554 8341 0 1 0 8342
555 0 0 8124 0 8124
556 8150 0 0 0 8150
557 8263 0 0 0 8263
558 1 0 1 8109 8111
559 0 44 1 8217 8262
560 7991 0 32 4 8027
561 0 8314 0 1 8315
562 1 8265 0 26 8292
563 3 10 1 8375 8389
564 0 1 1 8446 8448
565 0 0 1 8521 8522
566 0 10 0 8592 8602
567 0 1 0 8723 8724
568 8738 6 0 1 8745
569 8701 0 0 0 8701
570 8749 0 1 0 8750
571 8683 2 15 2 8702
572 2 0 8752 0 8754
573 8636 0 1 2 8639
574 8741 1 21 0 8763
575 0 0 8768 0 8768
576 8732 2 0 0 8734
577 0 0 8816 0 8816
578 1 0 8805 0 8806
579 4 4 0 8417 8425
580 3 0 8818 0 8821
581 9030 0 0 1 9031
582 9208 0 0 0 9208
583 9263 0 4 0 9267
584 9256 0 0 0 9256
585 0 9329 0 2 9331
586 9419 0 3 0 9422
587 9359 0 0 0 9359
588 2 0 1 9410 9413
589 1 0 9410 0 9411
590 0 1 0 9382 9383
591 9509 0 0 0 9509
592 20 9602 0 0 9622
593 9747 0 0 0 9747
594 9649 0 0 0 9649
595 9611 0 0 0 9611
596 9549 0 1 1 9551
597 7 9702 8 1 9718
598 2 9594 1 3 9600
599 9478 0 1 0 9479
600 12 9652 0 1 9665
601 17 9676 0 1 9694
602 9781 1 1 1 9784
603 1 7 0 9808 9816
604 1 0 9810 0 9811
605 0 1 9766 0 9767
606 1 0 9816 2 9819
607 2 0 9798 2 9802
608 9778 0 0 0 9778
609 5 0 9884 1 9890
610 0 0 0 9764 9764
611 17 0 9933 1 9951
612 9894 0 2 0 9896
613 0 2 0 9935 9937
614 6 0 9884 1 9891
615 1 0 9804 0 9805
616 0 10199 0 0 10199
617 1 0 0 10223 10224
618 1 0 0 10378 10379
619 0 10387 0 0 10387
620 10484 1 1 17 10503
621 508 0 9999 0 10507
622 0 1 0 10092 10093
623 0 0 10459 0 10459
624 1 0 10565 0 10566
625 10785 0 0 0 10785
626 0 1 0 10916 10917
627 0 3 0 11101 11104
628 11131 0 0 5 11136
629 11074 0 0 0 11074
630 11080 0 16 1 11097
631 2 106 0 10967 11075
632 1 11025 0 6 11032
633 11119 0 1 0 11120
634 0 11206 0 2 11208
635 11276 0 0 0 11276
636 1 2 0 11481 11484
637 11474 0 0 0 11474
638 11472 0 0 0 11472
639 0 1 0 11507 11508
640 0 0 11456 0 11456
641 11263 0 0 0 11263
642 0 2 0 11492 11494
643 1 3 0 11763 11767
644 1 0 11567 0 11568
645 3 0 11617 1 11621
646 2 1 11645 0 11648
647 3 11890 0 4 11897
648 12019 0 0 0 12019
649 0 0 0 11898 11898
650 1 2 0 12081 12084
651 0 12190 0 5 12195
652 12225 14 1 2 12242
653 0 12258 0 3 12261
654 12429 1 0 1 12431
655 94 0 12388 0 12482
656 12270 1 0 1 12272
657 0 0 1 12436 12437
658 1 0 12552 0 12553
659 12447 1 0 0 12448
660 12482 0 0 0 12482
661 0 0 0 12586 12586
662 6 0 12534 1 12541
663 12459 0 1 0 12460
664 1 4 0 12628 12633
665 1 0 12698 0 12699
666 1 1 0 12668 12670
667 0 12694 1 20 12715
668 0 2 0 12920 12922
669 1 0 12958 7 12966
670 1 13 0 12785 12799
671 1 1 0 12815 12817
672 0 1 1 12740 12742
673 4 12733 0 17 12754
674 2 13422 0 1 13425
675 13809 1 0 0 13810
676 13689 0 0 1 13690
677 13799 0 1 0 13800
678 1 0 13384 0 13385
679 13934 0 0 0 13934
680 0 0 0 13728 13728
681 4 13949 2 0 13955
682 14129 0 2 36 14167
683 14095 0 0 0 14095
684 14139 1 0 1 14141
685 22 1 14139 0 14162
686 16 0 13909 0 13925
687 2 14124 0 5 14131
688 14118 2 0 1 14121
689 4 14363 0 1 14368
690 0 1 2 14481 14484
691 14634 0 0 0 14634
692 14436 2 1 0 14439
693 14445 1 1 0 14447
694 14550 0 0 0 14550
695 14472 1 7 0 14480
696 0 1 14490 0 14491
697 14293 0 2 0 14295
698 0 0 14593 0 14593
699 1 2 0 14327 14330
700 0 2 0 14683 14685
701 2 0 14567 0 14569
702 0 0 14321 0 14321
703 14478 2 37 2 14519
704 4 14960 1 1 14966
705 0 1 0 14818 14819
706 23 17 0 14905 14945
707 9 0 14798 8 14815
708 14669 1 1 0 14671
709 0 1 0 14571 14572
710 2 14517 0 1 14520
711 1 14498 0 0 14499
712 0 0 0 14568 14568
713 0 22 0 14555 14577
714 1 14520 0 1 14522
715 14391 2 4 0 14397
716 0 114 1 14369 14484
717 0 0 0 14653 14653
718 14618 0 0 1 14619
719 14453 0 2 1 14456
720 0 0 0 14434 14434
721 2 14548 1 10 14561
722 14635 0 0 0 14635
723 0 0 14334 0 14334
724 1 3 0 14290 14294
725 13866 1 2 0 13869
726 3 14411 0 1 14415
727 1 14467 0 9 14477
728 0 29 1 14309 14339
729 0 0 0 14357 14357
730 0 1 0 14344 14345
731 1 0 14326 0 14327
732 2 14426 0 4 14432
733 1 0 14559 0 14560
734 1 0 14301 3 14305
735 1 0 14325 0 14326
736 14506 0 16 0 14522
737 14593 0 2 0 14595
738 2 1 14606 0 14609
739 1 14505 0 8 14514
740 14617 0 1 1 14619
741 28 14756 0 4 14788
742 14803 0 4 0 14807
743 0 1 14615 0 14616
744 3 3 0 14425 14431
745 14 14293 0 2 14309
746 7 14146 1 1 14155
747 2 14247 0 1 14250
748 0 14514 1 1 14516
749 14673 1 4 0 14678
750 3 0 14753 0 14756
751 14664 0 0 2 14666
752 14549 0 0 0 14549
753 1 1 14605 1 14608
754 14492 1 2 0 14495
755 0 0 1 14433 14434
756 0 14718 0 4 14722
757 14828 0 5 1 14834
758 1 0 14680 0 14681
759 1 0 14309 0 14310
760 2 3 0 14067 14072
761 0 1 14407 1 14409
762 0 14472 0 2 14474
763 2 1 14645 0 14648
764 14342 0 7 1 14350
765 0 14607 0 0 14607
766 61 0 0 14906 14967
767 0 0 15009 22 15031
768 2 0 14858 0 14860
769 0 6 0 14026 14032
770 26 22 14697 0 14745
771 0 44 0 15026 15070
772 0 1 0 15220 15221
773 26 1 15162 1 15190
774 0 15181 0 9 15190
775 15341 0 3 0 15344
776 15038 2 1 0 15041
777 0 0 0 15033 15033
778 2 15125 0 5 15132
779 15324 0 1 0 15325
780 15226 1 0 0 15227
781 15192 28 2 0 15222
782 2 0 15470 1 15473
783 2 0 15263 0 15265
784 15106 1 2 3 15112
785 0 0 15439 0 15439
786 0 0 16070 0 16070
787 2 7 2 15000 15011
788 3 1 16355 2 16361
789 2 0 16462 0 16464
790 16326 0 1 2 16329
791 16219 0 2 3 16224
792 1 16722 0 1 16724
793 1 16797 0 0 16798
794 5 2 1 16824 16832
795 0 2 1 16904 16907
796 16934 1 1 0 16936
797 5 0 16820 1 16826
798 1 2 0 16126 16129
799 2 1 16530 5 16538
800 17 1 16652 7 16677
801 0 16922 0 1 16923
802 1 144 0 16987 17132
803 6 0 17125 20 17151
804 17038 1 1 0 17040
805 17193 2 24 0 17219
806 3 0 17056 0 17059
807 0 17027 0 2 17029
808 5 17057 0 20 17082
809 17188 0 1 4 17193
810 0 0 0 17188 17188
811 15 0 4 17159 17178
812 6 17244 1 1 17252
813 2 0 17345 1 17348
814 16708 5 6 2 16721
815 0 4 0 17057 17061
816 0 1 0 17396 17397
817 0 0 1 17512 17513
818 17117 1 155 1 17274
819 0 1 3 17381 17385
820 17385 9 3 0 17397
821 1 0 17232 2 17235
822 2 0 17006 3 17011
823 17052 1 4 2 17059
824 17192 1 1 0 17194
825 0 1 17013 2 17016
826 16880 0 0 1 16881
827 0 0 17073 4 17077
828 1 16923 0 5 16929
829 17188 0 3 0 17191
830 17003 1 0 0 17004
831 1 3 1 17000 17005
832 2 0 16936 0 16938
833 5 2 16617 2 16626
834 4 16677 0 3 16684
835 16909 0 2 0 16911
836 3 1 16816 0 16820
837 16620 1 1 2 16624
838 4 16716 0 4 16724
839 16857 1 1 0 16859
840 2 0 16703 0 16705
841 16460 1 1 0 16462
842 0 0 16624 0 16624
843 1 0 16515 0 16516
844 4 0 16526 1 16531
845 1 16494 1 1 16497
846 0 2 1 16815 16818
847 16732 1 3 2 16738
848 2 3 0 16736 16741
849 5 1 1 16969 16976
850 16871 0 11 1 16883
851 16727 1 0 0 16728
852 0 0 16683 0 16683
853 16667 0 2 0 16669
854 0 0 16487 1 16488
855 16575 0 1 0 16576
856 1 16589 0 2 16592
857 16863 0 2 2 16867
858 3 0 1 16715 16719
859 1 16810 0 4 16815
860 17036 0 0 0 17036
861 16882 0 1 0 16883
862 16752 0 3 0 16755
863 2 0 16253 2 16257
864 1 16047 0 3 16051
865 3 16341 0 3 16347
866 16346 0 2 1 16349
867 16526 1 1 1 16529
868 1 0 16162 1 16164
869 16048 1 0 4 16053
870 2 16517 1 0 16520
871 1 2 1 16301 16305
872 3 0 16129 0 16132
873 1 15960 0 4 15965
874 2 16173 0 1 16176
875 1 2 0 16118 16121
876 16058 0 0 0 16058
877 1 0 0 16207 16208
878 2 0 16195 1 16198
879 16257 1 3 0 16261
880 16326 0 4 0 16330
881 16296 1 1 14 16312
882 16337 2 0 1 16340
883 23 0 15966 1 15990
884 15703 1 1 1 15706
885 0 0 1 15516 15517
886 1 0 0 15735 15736
887 9 15740 1 2 15752
888 0 3 1 15747 15751
889 2 0 2 15755 15759
890 1 15822 0 1 15824
891 1 3 2 15736 15742
892 0 2 15562 0 15564
893 15573 0 2 1 15576
894 15670 0 1 0 15671
895 1 2 1 15560 15564
896 0 15524 0 1 15525
897 0 2 1 15728 15731
898 15677 0 1 0 15678
899 15694 0 0 0 15694
900 15560 1 1 0 15562
901 0 0 15006 0 15006
902 14983 1 1 0 14985
903 15013 0 0 1 15014
904 2 15076 0 0 15078
905 15265 1 3 0 15269
906 15215 0 2 0 15217
907 14603 1 468 0 15072
908 0 0 7 14626 14633
909 0 1 14504 0 14505
910 2 14561 0 1 14564
911 0 4 10 14309 14323
912 2 14690 0 3 14695
913 1 14 2 14668 14685
914 2 1 14402 0 14405
915 2 14464 1 4 14471
916 12 2 14371 10 14395
917 1 14519 0 15 14535
918 5 14737 0 4 14746
919 1 14775 2 1 14779
920 3 14953 0 39 14995
921 15052 0 7 0 15059
922 15003 0 0 0 15003
923 2 15132 0 0 15134
924 15133 0 1 2 15136
925 8410 0 6648 0 15058
926 14942 0 0 1 14943
927 15021 2 3 0 15026
928 7 0 14672 0 14679
929 1 0 14475 0 14476
930 1 14941 10 1 14953
931 0 8 1 15008 15017
932 2 15211 0 0 15213
933 1 3 0 15593 15597
934 15525 1 2 0 15528
935 0 0 15513 0 15513
936 2 2 1 15337 15342
937 0 7 0 15649 15656
938 6 1 15778 1 15786
939 15741 0 32 2 15775
940 0 0 2 15711 15713
941 3 15942 1 0 15946
942 16391 0 4 0 16395
943 16070 0 0 1 16071
944 32 0 16202 0 16234
945 10 5 1 15316 15332
946 4 0 15775 1 15780
947 16181 1 0 0 16182
948 2 0 0 16046 16048
949 12 16522 1 1 16536
950 2 0 16711 1 16714
951 1 0 16788 0 16789
952 16573 0 2 0 16575
953 16715 0 2 1 16718
954 2 0 16361 0 16363
955 2 16639 0 233 16874
956 17281 0 6 0 17287
957 1 0 17170 0 17171
958 17083 0 53 2 17138
959 17218 0 5 0 17223
960 17136 0 0 0 17136
961 1 0 0 16842 16843
962 8 16820 1 3 16832
963 0 16898 0 4 16902
964 16727 0 3 0 16730
965 2 1 16837 2 16842
966 1 0 16668 3 16672
967 3 0 16621 0 16624
968 16592 1 1 0 16594
969 4 1 1 16555 16561
970 0 1 1 16870 16872
971 9 0 16772 0 16781
972 1 17263 0 10 17274
973 17425 1 44 1 17471
974 1 0 17576 1 17578
975 17291 1 0 1 17293
976 1 17564 0 4 17569
977 17651 1 3 1 17656
978 0 1 3 17625 17629
979 0 0 0 17970 17970
980 5 0 17734 1 17740
981 17613 0 3 2 17618
982 17667 1 40 0 17708
983 6 1 17642 0 17649
984 17326 0 0 0 17326
985 1 2 0 17357 17360
986 1 17534 0 0 17535
987 0 0 0 17679 17679
988 17590 1 3 0 17594
989 17084 1 2 1 17088
990 0 17198 0 0 17198
991 1 17072 0 1 17074
992 3 17268 0 0 17271
993 3 2 1 17107 17113
994 3 1 17093 1 17098
995 0 17017 0 1 17018
996 0 11 0 17077 17088
997 1 3 0 17176 17180
998 2 0 16978 1 16981
999 1 16941 0 0 16942
1000 0 3 0 16987 16990
1001 0 17163 0 1 17164
1002 4 0 17282 1 17287
1003 1 5 0 16573 16579
1004 16879 0 12 0 16891
1005 1 0 17038 1 17040
1006 0 3 1 16298 16302
1007 16848 1 0 1 16850
1008 0 0 0 16940 16940
1009 2 0 16986 0 16988
1010 2 0 16888 0 16890
1011 1 3 0 16274 16278
1012 2 16819 0 4 16825
1013 1 0 17125 0 17126
1014 0 1 1 16766 16768
1015 2 0 0 17623 17625
1016 2 0 17701 0 17703
1017 1 1 1 17636 17639
1018 0 1 1 17807 17809
1019 17907 0 1 0 17908
1020 1 0 17577 0 17578
1021 91 0 17290 0 17381
1022 2 17420 0 3 17425
1023 4 17676 0 1 17681
1024 0 17865 0 1 17866
1025 1 2 1 17704 17708
1026 1 17942 0 40 17983
1027 1 2 0 17943 17946
1028 1 0 18166 1 18168
1029 3 3 1 17883 17890
1030 3 1 17882 1 17887
1031 5 0 17813 1 17819
1032 1 18256 0 1 18258
1033 18120 0 5 0 18125
1034 18074 2 4 0 18080
1035 0 0 18472 0 18472
1036 1 18392 1 0 18394
1037 18593 2 1 1 18597
1038 18391 2 1 1 18395
1039 18290 0 0 1 18291
1040 0 0 18589 0 18589
1041 1 2 1 17584 17588
1042 0 0 18285 3 18288
1043 1 0 18225 1 18227
1044 2 0 0 18016 18018
1045 0 0 18179 1 18180
1046 0 18313 0 1 18314
1047 0 0 1 18602 18603
1048 1 1 0 18627 18629
1049 1 18501 0 1 18503
1050 18 18543 1 12 18574
1051 5 18618 0 2 18625
1052 18621 0 1 0 18622
1053 0 1 2 18676 18679
1054 18742 0 1 0 18743
1055 18576 1 2 0 18579
1056 2 0 18482 0 18484
1057 0 18474 0 1 18475
1058 18685 2 1 0 18688
1059 0 0 1 18841 18842
1060 0 1 1 18883 18885
1061 0 1 0 18866 18867
1062 18680 0 1 0 18681
1063 1 18137 0 655 18793
1064 3 6 18525 10 18544
1065 3 18183 0 2 18188
1066 6 18377 0 2 18385
1067 18572 1 5 3 18581
1068 18395 0 1 2 18398
1069 18442 0 19 1 18462
1070 18353 1 1 0 18355
1071 0 1 1 18341 18343
1072 17384 1 7 0 17392
1073 4 18461 0 1 18466
1074 1 18562 0 1 18564
1075 15 3 2 17939 17959
1076 0 18399 0 2 18401
1077 18541 2 1 0 18544
1078 18197 4 0 2 18203
1079 0 18373 0 34 18407
1080 2 2 2 18146 18152
1081 18229 2 0 0 18231
1082 0 0 18310 2 18312
1083 0 0 18051 2 18053
1084 0 0 18163 1 18164
1085 3 0 1 17027 17031
1086 0 0 0 17726 17726
1087 55 17666 0 24 17745
1088 17933 2 2 0 17937
1089 17768 2 1 0 17771
1090 0 0 0 18131 18131
1091 0 0 18128 2 18130
1092 0 22 1 18014 18037
1093 0 44 2 18270 18316
1094 7 0 18080 2 18089
1095 17924 3 2 0 17929
1096 17961 0 1 0 17962
1097 0 0 18025 1 18026
1098 17962 1 0 0 17963
1099 0 1 17944 1 17946
1100 0 1 0 17416 17417
1101 17638 0 2 0 17640
1102 10 17832 0 1 17843
1103 3 0 3 17702 17708
1104 1 17826 0 1 17828
1105 0 1 0 17912 17913
1106 17732 1 1 1 17735
1107 0 0 0 17911 17911
1108 3 0 17871 1 17875
1109 0 0 17743 0 17743
1110 0 7 0 17599 17606
1111 0 9 1 18055 18065
1112 5 0 17951 3 17959
1113 1 0 17634 15 17650
1114 1 0 17694 0 17695
1115 4 0 1 17050 17055
1116 17757 0 1 0 17758
1117 3 18192 0 4 18199
1118 1 1 18135 0 18137
1119 18003 0 1 1 18005
1120 17947 2 1 1 17951
1121 2 2 17879 1 17884
1122 1 17699 0 12 17712
1123 2 18149 0 3 18154
1124 18358 0 0 3 18361
1125 2 16 0 18314 18332
1126 8 0 18349 0 18357
1127 2 0 18213 0 18215
1128 0 18231 1 2 18234
1129 0 1 0 17994 17995
1130 2 18406 0 22 18430
1131 0 4 1 18698 18703
1132 36 2 0 18860 18898
1133 0 2 0 18916 18918
1134 18730 0 0 0 18730
1135 3 18705 0 1 18709
1136 18951 1 0 1 18953
1137 18833 2 2 0 18837
1138 0 0 2 18698 18700
1139 18556 1 336 2 18895
1140 3 1 1 18557 18562
1141 9 0 18516 8 18533
1142 9 0 18195 8 18212
1143 0 18409 0 4 18413
1144 18465 0 4 1 18470
1145 18366 2 4 0 18372
1146 0 18275 0 1 18276
1147 17791 0 1 1 17793
1148 2 18237 0 0 18239
1149 5 18443 0 3 18451
1150 1 3 1 18480 18485
1151 1 0 18601 0 18602
1152 2 1 18 18375 18396
1153 1 0 1 18327 18329
1154 2 2 0 18355 18359
1155 2 18204 0 11 18217
1156 0 18432 0 1 18433
1157 18311 3 0 1 18315
1158 0 2 0 18357 18359
1159 18216 2 1 0 18219
1160 2 0 1 18231 18234
1161 1 0 0 18469 18470
1162 18355 1 1 1 18358
1163 17882 1 0 0 17883
1164 3 0 17948 2 17953
1165 17297 1 1 3 17302
1166 17382 4 3 0 17389
1167 0 3 0 17690 17693
1168 1 0 17807 2 17810
1169 0 0 17648 3 17651
1170 0 0 17626 2 17628
1171 41 0 17655 1 17697
1172 1 1 17850 0 17852
1173 17509 0 2 1 17512
1174 9 3 1 17859 17872
1175 6 0 17978 0 17984
1176 17646 1 2 2 17651
1177 1 5 3 17856 17865
1178 2 3 17734 0 17739
1179 2 17850 1 8 17861
1180 18018 0 3 0 18021
1181 18156 0 0 0 18156
1182 18058 0 3 0 18061
1183 3 0 18034 3 18040
1184 2 1 18084 0 18087
1185 18301 0 0 1 18302
1186 1 5 0 18766 18772
1187 18907 0 3 1 18911
1188 18785 1 2 0 18788
1189 18634 2 0 0 18636
1190 2 1 5 18415 18423
1191 3 18873 0 6 18882
1192 3 0 18659 1 18663
1193 0 18912 0 5 18917
1194 19087 0 1 0 19088
1195 19064 0 1 0 19065
1196 0 1 1 19427 19429
1197 0 1 0 19590 19591
1198 19544 51 0 0 19595
1199 0 0 0 19480 19480
1200 1 0 0 19441 19442
1201 1 19322 0 42 19365
1202 0 27 1 19476 19504
1203 2 0 2 19366 19370
1204 3 19215 1 22 19241
1205 19275 1 19 1 19296
1206 1 1 0 19296 19298
1207 4 0 19122 0 19126
1208 4 0 1 18786 18791
1209 44 18934 1 1 18980
1210 0 1 1 19066 19068
1211 0 4 0 19197 19201
1212 3 0 18792 1 18796
1213 0 18647 0 2 18649
1214 1 1 1 18644 18647
1215 1 1 1 18548 18551
1216 0 18611 0 4 18615
1217 1 0 18397 0 18398
1218 1 0 17712 2 17715
1219 17994 0 5 0 17999
1220 0 0 17115 0 17115
1221 3 17605 0 0 17608
1222 0 0 0 18037 18037
1223 5 0 18031 0 18036
1224 3 17741 0 2 17746
1225 1 18039 0 4 18044
1226 0 2 0 18426 18428
1227 18350 1 1 1 18353
1228 1 1 1 18399 18402
1229 3 0 18354 0 18357
1230 18269 1 2 0 18272
1231 18212 1 3 0 18216
1232 1 0 18106 0 18107
1233 17605 5 39 0 17649
1234 0 18004 1 11 18016
1235 1 18215 0 0 18216
1236 0 6 0 18385 18391
1237 2 0 18434 0 18436
1238 18347 2 0 1 18350
1239 1 0 18373 0 18374
1240 17934 0 3 0 17937
1241 1 0 18671 0 18672
1242 1 0 1 17889 17891
1243 0 3 1 18396 18400
1244 0 0 0 18637 18637
1245 0 4 0 18742 18746
1246 72 0 17835 43 17950
1247 1 2 0 17608 17611
1248 3 17748 0 1 17752
1249 1 3 0 17750 17754
1250 13 0 17625 1 17639
1251 22 17609 0 4 17635
1252 17752 0 2 0 17754
1253 2 2 0 17789 17793
1254 0 18 0 17873 17891
1255 17826 2 1 0 17829
1256 17621 0 6 0 17627
1257 2 17978 0 0 17980
1258 6 17813 0 4 17823
1259 2 0 17735 0 17737
1260 19 0 17454 8 17481
1261 3 17393 0 1 17397
1262 17480 0 34 3 17517
1263 3 18315 0 2 18320
1264 18592 0 59 3 18654
1265 0 0 18168 46 18214
1266 18327 0 0 2 18329
1267 18225 0 1 1 18227
1268 0 1 1 18601 18603
1269 2 1 0 18512 18515
1270 1 18635 0 6 18642
1271 18726 0 1 0 18727
1272 18507 0 2 0 18509
1273 0 0 18281 5 18286
1274 33 17837 0 128 17998
1275 17 18349 0 1 18367
1276 0 2 1 18526 18529
1277 18460 1 0 0 18461
1278 0 3 18235 1 18239
1279 18111 0 1 3 18115
1280 1 1 2 18273 18277
1281 1 18592 0 4 18597
1282 18733 0 0 1 18734
1283 4 0 18406 6 18416
1284 2 18306 1 4 18313
1285 18659 0 1 1 18661
1286 0 2 2 18680 18684
1287 1 2 0 18778 18781
1288 18767 0 4 0 18771
1289 18420 1 0 2 18423
1290 18390 0 8 0 18398
1291 18444 0 2 0 18446
1292 0 1 0 18368 18369
1293 1 0 18428 0 18429
1294 0 17986 0 62 18048
1295 18037 0 0 28 18065
1296 17927 12 49 7 17995
1297 3 0 18232 10 18245
1298 0 0 18093 0 18093
1299 0 0 18327 1 18328
1300 1 3 1 17995 18000
1301 0 1 0 18512 18513
1302 1 1 2 18650 18654
1303 1 18590 1 60 18652
1304 0 18844 0 5 18849
1305 18816 0 1 1 18818
1306 0 14 1 18789 18804
1307 1 0 18831 0 18832
1308 2 2 1 18436 18441
1309 0 3 0 18370 18373
1310 25 18315 3 3 18346
1311 0 18479 0 4 18483
1312 18689 0 4 0 18693
1313 8 0 18533 1 18542
1314 1 18471 0 1 18473
1315 18784 0 3 0 18787
1316 18726 0 2 3 18731
1317 18703 1 1 0 18705
1318 0 0 18973 1 18974
1319 2 1 18432 0 18435
1320 18309 0 0 2 18311
1321 18543 0 3 2 18548
1322 5 18642 0 4 18651
1323 18548 0 2 0 18550
1324 2 0 18956 0 18958
1325 1 0 18763 1 18765
1326 1 2 1 17006 17010
1327 18292 32 0 0 18324
1328 0 1 18749 0 18750
1329 18358 0 20 0 18378
1330 18616 1 1 0 18618
1331 1 0 18884 0 18885
1332 0 0 18522 1 18523
1333 18633 0 1 2 18636
1334 18628 0 1 0 18629
1335 4 5 0 18689 18698
1336 3 4 18859 2 18868
1337 0 0 18644 1 18645
1338 0 0 18422 0 18422
1339 18235 0 27 0 18262
1340 3 0 18888 1 18892
1341 1 18599 0 2 18602
1342 18945 0 2 0 18947
1343 1 0 18810 2 18813
1344 3 19156 0 0 19159
1345 29 2 8 19144 19183
1346 2 19730 0 0 19732
1347 0 3 0 19829 19832
1348 2 1 19778 1 19782
1349 19270 1 3 4 19278
1350 1 2 0 19546 19549
1351 8 0 19494 1 19503
1352 0 5 0 19126 19131
1353 0 19251 0 3 19254
1354 2 19592 0 0 19594
1355 19495 1 1 1 19498
1356 1 2 0 19371 19374
1357 1 19707 0 2 19710
1358 19714 0 1 1 19716
1359 19539 2 4 0 19545
1360 5 0 19343 33 19381
1361 0 19186 6 10 19202
1362 1 1 0 19112 19114
1363 0 18892 0 0 18892
1364 0 19298 0 1 19299
1365 19514 1 0 32 19547
1366 0 0 20083 14 20097
1367 0 0 1 19133 19134
1368 0 1 1 19382 19384
1369 0 1 1 19671 19673
1370 0 19 0 19818 19837
1371 7 0 19725 0 19732
1372 2 0 18939 0 18941
1373 2 0 18743 0 18745
1374 0 18712 0 0 18712
1375 0 1 0 18632 18633
1376 1 18893 0 4 18898
1377 1 19654 0 1 19656
1378 35 0 19732 0 19767
1379 19338 0 0 3 19341
1380 1 2 0 19568 19571
1381 0 2 19458 1 19461
1382 19003 1 38 5 19047
1383 3 19237 0 1 19241
1384 2 19642 0 2 19646
1385 19933 0 3 1 19937
1386 0 0 19945 1 19946
1387 19323 3 15 2 19343
1388 2 2 0 19163 19167
1389 0 19584 0 1 19585
1390 1 29 0 19834 19864
1391 4 0 19797 44 19845
1392 15 0 19716 2 19733
1393 6 0 19553 2 19561
1394 2 0 19536 2 19540
1395 1 0 19503 1 19505
1396 7 0 19328 1 19336
1397 19167 17 2 2 19188
1398 19570 0 2 1 19573
1399 5 18928 0 921 19854
1400 24 0 19728 0 19752
1401 19125 2 1 0 19128
1402 19061 0 1 1 19063
1403 0 0 19545 0 19545
1404 0 0 0 18231 18231
1405 19274 0 3 1 19278
1406 1 0 19574 0 19575
1407 0 1 19541 0 19542
1408 1 3 2 17998 18004
1409 2 0 19288 1 19291
1410 2 0 19390 1 19393
1411 18868 0 2 0 18870
1412 54 0 19382 0 19436
1413 19378 0 2 7 19387
1414 1 19590 0 237 19828
1415 3 0 19985 0 19988
1416 3 0 19705 2 19710
1417 19256 2 2 1 19261
1418 2 0 19307 27 19336
1419 0 0 18973 1 18974
1420 570 1 18474 0 19045
1421 1 5 0 18269 18275
1422 0 19084 0 1 19085
1423 0 4 0 19365 19369
1424 3 0 19236 0 19239
1425 27 0 18764 1 18792
1426 0 18614 6 39 18659
1427 31 18773 2 5 18811
1428 18887 0 3 0 18890
1429 18745 0 1 0 18746
1430 18881 1 1 3 18886
1431 1 0 0 19024 19025
1432 19150 1 2 0 19153
1433 18788 1 1 1 18791
1434 0 0 18784 0 18784
1435 0 18626 0 1 18627
1436 0 1 0 18195 18196
1437 1 0 18549 0 18550
1438 0 18277 0 4 18281
1439 18338 1 0 0 18339
1440 1 1 18142 0 18144
1441 2 17570 0 3 17575
1442 2 17302 0 2 17306
1443 7 17828 0 3 17838
1444 17964 1 6 0 17971
1445 0 0 18111 0 18111
1446 3 2 2 16889 16896
1447 0 10 17509 0 17519
1448 0 2 2 16992 16996
1449 0 2 2 17276 17280
1450 0 4 0 17523 17527
1451 5 0 17404 1 17410
1452 0 17168 0 2 17170
1453 17340 0 3 0 17343
1454 18 0 17449 0 17467
1455 1 0 2 16619 16622
1456 16387 0 0 0 16387
1457 0 0 16591 0 16591
1458 16297 0 2 4 16303
1459 1 0 16412 0 16413
1460 16256 0 2 0 16258
1461 0 0 16395 3 16398
1462 15997 0 1 2 16000
1463 2 16117 0 0 16119
1464 1 16267 0 0 16268
1465 0 1 0 16511 16512
1466 16405 0 1 7 16413
1467 0 0 2 16363 16365
1468 4 3 1 16415 16423
1469 0 0 16126 0 16126
1470 1 16014 0 2 16017
1471 0 4 2 15899 15905
1472 0 15942 0 0 15942
1473 1 1 0 16130 16132
1474 16094 1 0 0 16095
1475 16120 1 0 0 16121
1476 0 0 16066 0 16066
1477 0 15837 0 3 15840
1478 15899 0 8 0 15907
1479 15789 0 6 0 15795
1480 16 0 15677 0 15693
1481 3 15302 0 1 15306
1482 15424 0 3 0 15427
1483 15030 1 0 0 15031
1484 39 0 14992 1 15032
1485 1 14805 0 60 14866
1486 0 1 0 14954 14955
1487 3 0 15004 0 15007
1488 1 1 1 14572 14575
1489 14689 0 3 0 14692
1490 14637 0 3 0 14640
1491 2 0 14683 0 14685
1492 14478 1 1 0 14480
1493 14439 0 2 1 14442
1494 1 0 14490 0 14491
1495 14487 0 0 0 14487
1496 14386 1 5 0 14392
1497 0 0 1 14174 14175
1498 3 0 14051 0 14054
1499 2 14008 0 3 14013
1500 0 3 0 14252 14255
1501 1 0 14237 1 14239
1502 1 0 1 13768 13770
1503 1 13806 1 1 13809
1504 13945 0 4 0 13949
1505 13840 0 2 0 13842
1506 0 9 0 13911 13920
1507 10 0 13870 1 13881
1508 13803 0 0 0 13803
1509 13787 0 4 0 13791
1510 0 743 1 12964 13708
1511 13749 1 1 0 13751
1512 0 0 1 13559 13560
1513 0 3 3 13514 13520
1514 1 0 13473 1 13475
1515 13168 0 1 0 13169
1516 0 0 13238 1 13239
1517 1 0 13204 0 13205
1518 4 0 13064 19 13087
1519 5 0 12780 0 12785
1520 0 12509 1 2 12512
1521 45 0 12834 0 12879
1522 0 1452 0 10779 12231
1523 7 0 12552 1 12560
1524 12798 0 0 0 12798
1525 0 5 0 12777 12782
1526 3 1 12659 0 12663
1527 0 12591 0 12 12603
1528 12698 2 0 0 12700
1529 1 0 12814 0 12815
1530 12610 0 0 1 12611
1531 2 0 0 12576 12578
1532 2 0 12547 0 12549
1533 1 1 0 12188 12190
1534 0 12315 0 3 12318
1535 12610 0 1 0 12611
1536 12489 1 1 1 12492
1537 12517 0 0 0 12517
1538 0 1 12265 1 12267
1539 1 0 11950 0 11951
1540 12015 0 4 2 12021
1541 12084 0 1 0 12085
1542 11983 0 0 1 11984
1543 0 4 0 11747 11751
1544 0 10285 0 1473 11758
1545 0 3 0 11725 11728
1546 11606 0 2 0 11608
1547 0 11609 0 1 11610
1548 29 1 0 11350 11380
1549 2 11412 0 2 11416
1550 11623 0 1 0 11624
1551 11521 4 0 0 11525
1552 0 0 11576 0 11576
1553 11557 0 0 1 11558
1554 0 0 0 11550 11550
1555 0 1 11534 17 11552
1556 11515 0 3 0 11518
1557 0 2 0 11586 11588
1558 3 0 11585 0 11588
1559 11498 1 0 0 11499
1560 11394 1 1 0 11396
1561 2 0 1 11261 11264
1562 2 0 11156 0 11158
1563 11219 0 6 0 11225
1564 2 10944 0 0 10946
1565 1 0 0 10910 10911
1566 0 10832 0 0 10832
1567 11277 0 1 1 11279
1568 11197 2 0 0 11199
1569 0 0 0 11307 11307
1570 6 0 11253 0 11259
1571 3 0 11013 0 11016
1572 0 10873 0 59 10932
1573 0 0 0 11187 11187
1574 11316 0 19 0 11335
1575 11226 0 0 0 11226
1576 1 0 11147 1 11149
1577 11146 0 0 1 11147
1578 11245 0 0 0 11245
1579 11186 0 1 0 11187
1580 10843 2 0 0 10845
1581 6 10991 0 0 10997
1582 0 10816 1 0 10817
1583 10999 0 2 0 11001
1584 0 0 10857 0 10857
1585 8 1 0 10386 10395
1586 0 1 10597 0 10598
1587 0 1 10714 0 10715
1588 10790 0 31 0 10821
1589 10853 0 0 1 10854
1590 10731 0 1 0 10732
1591 0 0 1 10554 10555
1592 2 0 10375 0 10377
1593 3 10213 0 0 10216
1594 0 1 1 10294 10296
1595 1 2 1 10207 10211
1596 2 1 2 10058 10063
1597 1 10064 0 3 10068
1598 10090 0 1 1 10092
1599 22 0 1 9949 9972
1600 0 2 0 10089 10091
1601 0 0 10031 0 10031
1602 23 1 9872 0 9896
1603 1 1 9828 0 9830
1604 9774 15 0 0 9789
1605 9787 0 1 0 9788
1606 1 0 9725 0 9726
1607 9771 0 0 0 9771
1608 9754 0 0 0 9754
1609 9765 0 24 0 9789
1610 9499 1 3 0 9503
1611 1 0 0 9256 9257
1612 9 0 9234 0 9243
1613 0 0 1 8586 8587
1614 0 0 1 8897 8898
1615 2 1 0 8848 8851
1616 0 8827 0 0 8827
1617 9074 0 0 1 9075
1618 8990 1 0 0 8991
1619 8955 0 0 0 8955
1620 0 1 0 8691 8692
1621 8592 0 0 2 8594
1622 1 0 0 8265 8266
1623 2 8432 0 0 8434
1624 8569 7 8 0 8584
1625 0 0 8356 0 8356
1626 8183 0 0 0 8183
1627 2 8353 0 1 8356
1628 8426 0 1 0 8427
1629 8349 1 2 0 8352
1630 8309 0 2 1 8312
1631 8300 0 1 0 8301
1632 8120 0 2 0 8122
1633 10 8185 0 1 8196
1634 8051 0 0 0 8051
1635 7999 0 0 1 8000
1636 7904 0 0 0 7904
1637 7835 0 10 0 7845
1638 1 6465 0 1399 7865
1639 0 7851 0 0 7851
1640 7897 0 0 0 7897
1641 7821 0 0 0 7821
1642 1 0 1 7281 7283
1643 0 7568 0 0 7568
1644 0 7564 0 1 7565
1645 1 7701 0 0 7702
1646 7680 0 0 0 7680
1647 0 1 6 7366 7373
1648 0 2 3 7492 7497
1649 1 0 7731 0 7732
1650 7686 1 0 0 7687
1651 7705 0 0 0 7705
1652 7659 0 0 0 7659
1653 1 2 0 7422 7425
1654 2 0 2 7325 7329
1655 1 7489 0 1 7491
1656 3 7535 0 0 7538
1657 7665 0 1 0 7666
1658 7593 1 0 0 7594
1659 1 0 1 7476 7478
1660 0 1 0 7499 7500
1661 7603 0 3 0 7606
1662 7596 1 1 0 7598
1663 0 0 7351 0 7351
1664 23 7005 0 1 7029
1665 7175 0 1 1 7177
1666 0 0 6918 1 6919
1667 6853 0 2 0 6855
1668 0 6852 0 1 6853
1669 0 6898 0 1 6899
1670 6896 0 3 0 6899
1671 0 0 2 6716 6718
1672 0 6745 0 0 6745
1673 2 6791 0 0 6793
1674 0 6690 1 0 6691
1675 6 6757 0 0 6763
1676 6891 0 3 0 6894
1677 6785 2 22 0 6809
1678 0 0 1 6666 6667
1679 0 0 0 6690 6690
1680 4 0 1 6599 6604
1681 2 6632 0 21 6655
1682 0 0 0 6662 6662
1683 2 0 0 6601 6603
1684 2 6580 2 0 6584
1685 0 2 0 6535 6537
1686 0 0 0 6522 6522
1687 1 0 0 6624 6625
1688 0 0 6605 1 6606
1689 0 0 6511 0 6511
1690 0 0 6404 1 6405
1691 6404 0 0 0 6404
1692 0 0 6342 0 6342
1693 1 0 6213 0 6214
1694 0 0 6243 1 6244
1695 6346 0 1 0 6347
1696 2 6127 19 2 6150
1697 3372 0 2856 0 6228
1698 1 6146 12 2 6161
1699 6228 0 1 0 6229
1700 1 0 6133 1 6135
1701 0 5994 0 1 5995
1702 6026 0 2 2 6030
1703 0 1 6017 3 6021
1704 5826 0 0 0 5826
1705 2 0 5771 3 5776
1706 0 0 5687 0 5687
1707 5664 0 0 0 5664
1708 0 0 1 5610 5611
1709 0 1 0 5727 5728
1710 5769 0 0 0 5769
1711 1 1 0 5687 5689
1712 0 0 5693 0 5693
1713 5576 0 0 0 5576
1714 0 0 0 5548 5548
1715 10 0 5381 0 5391
1716 5003 0 44 1 5048
1717 0 5233 0 1 5234
1718 0 5332 0 3 5335
1719 0 0 0 5279 5279
1720 3 5353 0 1 5357
1721 0 0 5434 2 5436
1722 5305 0 0 0 5305
1723 1 0 0 5326 5327
1724 0 0 0 5369 5369
1725 5301 0 0 0 5301
1726 0 1 0 5296 5297
1727 0 0 0 5268 5268
1728 5273 0 0 2 5275
1729 5136 0 0 0 5136
1730 5065 0 0 0 5065
1731 0 0 0 4921 4921
1732 0 5058 0 2 5060
1733 5110 0 0 0 5110
1734 5059 1 1 0 5061
1735 0 5036 0 0 5036
1736 5051 0 0 0 5051
1737 4941 0 0 0 4941
1738 4976 0 0 0 4976
1739 4958 0 0 0 4958
1740 0 0 2 4785 4787
1741 4835 0 0 0 4835
1742 1 0 4852 1 4854
1743 4727 0 0 0 4727
1744 2 4720 0 0 4722
1745 4456 0 1 2 4459
1746 2 4806 0 0 4808
1747 0 0 0 4737 4737
1748 4781 0 1 0 4782
1749 1 1 0 4716 4718
1750 0 0 4710 1 4711
1751 4559 0 0 0 4559
1752 0 4699 0 1 4700
1753 0 12 1 4504 4517
1754 0 0 4611 0 4611
1755 0 1 0 4532 4533
1756 2 0 4561 0 4563
1757 4662 0 0 2 4664
1758 0 0 1 4512 4513
1759 0 1 0 4588 4589
1760 0 0 4545 0 4545
1761 0 0 0 4382 4382
1762 0 0 0 4388 4388
1763 0 0 0 4333 4333
1764 0 4250 0 1 4251
1765 4284 0 0 0 4284
1766 4203 2 36 0 4241
1767 0 0 0 4199 4199
1768 4060 0 0 0 4060
1769 0 4170 0 1 4171
1770 0 0 4213 0 4213
1771 0 1 0 4041 4042
1772 0 0 0 4030 4030
1773 0 1 0 4016 4017
1774 0 0 4017 0 4017
1775 0 0 3991 0 3991
1776 3924 0 0 0 3924
1777 3896 1 0 0 3897
1778 0 0 1 3835 3836
1779 0 0 3952 0 3952
1780 0 1 0 3751 3752
1781 1 0 3868 0 3869
1782 0 0 3815 0 3815
1783 0 0 3642 0 3642
1784 0 0 1 3384 3385
1785 16 0 3530 0 3546
1786 0 0 0 3406 3406
1787 0 0 0 3440 3440
1788 0 0 1 3462 3463
1789 3472 0 2 0 3474
1790 0 0 0 2912 2912
1791 0 0 0 2877 2877
1792 0 2824 0 0 2824
1793 1 0 2 2676 2679
1794 0 2655 0 72 2727
1795 2735 0 0 0 2735
1796 0 0 0 2476 2476
1797 1 0 0 2316 2317
1798 2289 0 0 0 2289
1799 2229 0 0 0 2229
1800 2202 0 0 0 2202
1801 2141 0 0 0 2141
1802 29 0 0 1698 1727
1803 1185 0 0 0 1185
1804 995 0 0 0 995
1805 943 0 0 0 943
1806 0 0 0 805 805
1807 513 0 0 0 513
1808 0 0 0 405 405
1809 404 0 0 0 404
1810 390 0 0 0 390
1811 393 0 0 0 393
1812 330 0 0 0 330
1813 308 0 0 0 308
1814 259 0 0 0 259
1815 0 0 0 218 218
1816 0 0 0 0 0
