0 0 0 0 0 0
1 159 0 4 0 163
2 0 0 0 206 206
3 0 0 0 228 228
4 0 0 0 231 231
5 0 0 0 272 272
6 0 285 0 0 285
7 0 0 0 301 301
8 0 0 0 450 450
9 0 4 612 0 616
10 0 0 0 641 641
11 1 0 689 0 690
12 694 0 1 0 695
13 691 0 0 0 691
14 0 768 0 0 768
15 0 0 1 774 775
16 0 0 0 799 799
17 0 803 0 0 803
18 817 0 1 0 818
19 822 0 0 0 822
20 0 0 818 0 818
21 1 847 0 0 848
22 678 0 156 2 836
23 0 850 0 0 850
24 2 865 0 0 867
25 871 0 0 0 871
26 21 0 854 0 875
27 0 31 0 873 904
28 913 0 2 11 926
29 1240 0 0 0 1240
30 1313 0 0 0 1313
31 1214 0 0 0 1214
32 16 0 1201 1 1218
33 1355 0 0 0 1355
34 1363 0 0 2 1365
35 0 1436 0 3 1439
36 0 2 0 1650 1652
37 0 0 1680 0 1680
38 1670 0 4 1 1675
39 1688 0 0 0 1688
40 1688 0 0 0 1688
41 1701 0 0 0 1701
42 0 0 0 1689 1689
43 1 1716 0 0 1717
44 1746 14 0 0 1760
45 1741 0 1 0 1742
46 1731 0 0 0 1731
47 1725 0 0 0 1725
48 0 0 0 1766 1766
49 0 3 1782 0 1785
50 0 5 5 1768 1778
51 0 1851 0 5 1856
52 0 1861 0 1 1862
53 1851 0 24 0 1875
54 1886 0 2 0 1888
55 0 1888 0 0 1888
56 1884 4 2 1 1891
57 2 15 3 2395 2415
58 0 0 2465 0 2465
59 2 0 2482 0 2484
60 2450 0 6 0 2456
61 1 73 0 2445 2519
62 2574 11 0 0 2585
63 0 0 0 2707 2707
64 0 2835 0 7 2842
65 1 4 3047 4 3056
66 2978 8 37 8 3031
67 2 3156 0 1 3159
68 1 0 3241 1 3243
69 3 2 3330 2 3337
70 0 5 0 3321 3326
71 3449 2 6 3 3460
72 0 0 0 3817 3817
73 25 0 3845 0 3870
74 3872 0 2 0 3874
75 3870 0 2 0 3872
76 3 3950 0 0 3953
77 3902 0 0 0 3902
78 0 4079 0 0 4079
79 0 1 0 4111 4112
80 1 0 4244 0 4245
81 0 0 5349 1 5350
82 225 0 5115 0 5340
83 5391 0 4 0 5395
84 0 5580 0 7 5587
85 5683 0 0 0 5683
86 5631 0 0 0 5631
87 0 5 0 5770 5775
88 0 3 0 5802 5805
89 9 0 5790 0 5799
90 5788 1 0 1 5790
91 4 5951 0 3 5958
92 6028 0 0 0 6028
93 6022 2 0 0 6024
94 5922 1 1 0 5924
95 5904 3 2 0 5909
96 4 5953 0 0 5957
97 5779 0 8 0 5787
98 9 6065 1 0 6075
99 0 5940 0 127 6067
100 0 0 6156 3 6159
101 0 0 6113 0 6113
102 6075 0 2 0 6077
103 6142 0 0 0 6142
104 3 0 6184 0 6187
105 6127 0 0 0 6127
106 6247 0 5 1 6253
107 6237 0 1 0 6238
108 1 0 0 6272 6273
109 6300 0 6 0 6306
110 6205 0 1 0 6206
111 0 6300 0 56 6356
112 1 77 0 6221 6299
113 0 12 0 6329 6341
114 1 6453 0 2 6456
115 0 0 0 6414 6414
116 0 0 6411 0 6411
117 0 1 6285 1 6287
118 6377 0 1 0 6378
119 6427 0 0 0 6427
120 2 6452 0 3 6457
121 1 6441 0 0 6442
122 6463 0 2 0 6465
123 0 0 6447 0 6447
124 1 0 0 6252 6253
125 56 0 6342 0 6398
126 0 2 6338 0 6340
127 130 1 6236 0 6367
128 6415 0 9 0 6424
129 1 6511 0 5 6517
130 6543 0 1 0 6544
131 6509 0 5 0 6514
132 3 6504 0 17 6524
133 0 6570 0 0 6570
134 6621 0 0 0 6621
135 3 0 6513 0 6516
136 6525 0 4 0 6529
137 14 6498 0 0 6512
138 1 6557 0 5 6563
139 6662 0 1 0 6663
140 6570 1 0 0 6571
141 0 3 0 6535 6538
142 5 6660 0 1 6666
143 6643 0 0 0 6643
144 0 0 0 6566 6566
145 0 27 0 6545 6572
146 6655 0 4 0 6659
147 3 0 6486 0 6489
148 6536 0 0 3 6539
149 1 6608 0 0 6609
150 6 6636 0 3 6645
151 6700 0 6 1 6707
152 4 0 6578 0 6582
153 2 6616 0 2 6620
154 6695 4 1 1 6701
155 6514 0 5 0 6519
156 1 6689 1 0 6691
157 0 6678 0 3 6681
158 2 6675 0 0 6677
159 1 1 0 6577 6579
160 1 1 0 6610 6612
161 0 552 6022 0 6574
162 0 6592 0 3 6595
163 0 6623 0 0 6623
164 2 6608 0 1 6611
165 0 6589 0 1 6590
166 6457 0 40 1 6498
167 2 6657 0 2 6661
168 1 6690 0 0 6691
169 6695 1 3 1 6700
170 6651 1 2 0 6654
171 6 0 6606 1 6613
172 3 6692 0 2 6697
173 6765 0 0 0 6765
174 6720 0 3 0 6723
175 0 6745 0 0 6745
176 6753 0 4 0 6757
177 6705 1 0 0 6706
178 6584 0 0 0 6584
179 82 6610 0 0 6692
180 0 0 6526 0 6526
181 6241 0 255 0 6496
182 6340 0 0 0 6340
183 0 6436 0 0 6436
184 0 6416 0 5 6421
185 1 6529 0 0 6530
186 0 3 6506 0 6509
187 1 258 0 6036 6295
188 6419 0 11 0 6430
189 6390 0 0 0 6390
190 1 6436 0 0 6437
191 0 6431 0 0 6431
192 0 6461 0 3 6464
193 6393 0 1 0 6394
194 0 3 0 6138 6141
195 0 6356 0 3 6359
196 1 6378 1 4 6384
197 0 6404 2 9 6415
198 6 6469 4 4 6483
199 3 0 6440 2 6445
200 1 0 6337 1 6339
201 6282 0 5 0 6287
202 6318 0 0 0 6318
203 6376 0 0 1 6377
204 3 0 6324 0 6327
205 6329 0 1 0 6330
206 0 0 6315 0 6315
207 0 6497 0 0 6497
208 6578 0 1 0 6579
209 6503 0 31 3 6537
210 0 6535 0 2 6537
211 0 6498 0 1 6499
212 6493 0 0 1 6494
213 8 6554 1 16 6579
214 6568 0 2 0 6570
215 6467 0 3 0 6470
216 0 0 6385 6 6391
217 6 6400 0 2 6408
218 6430 0 0 0 6430
219 3 0 6500 0 6503
220 0 1 0 5655 5656
221 55 0 6080 0 6135
222 6262 0 0 0 6262
223 6367 0 2 2 6371
224 8 0 6404 0 6412
225 6398 0 0 1 6399
226 0 11 0 6355 6366
227 1 0 6363 0 6364
228 6305 1 27 0 6333
229 2 2 0 6350 6354
230 42 0 6407 0 6449
231 0 45 0 6065 6110
232 1 6390 0 6 6397
233 0 0 6424 1 6425
234 4 0 6306 0 6310
235 6336 0 0 0 6336
236 6381 0 3 0 6384
237 0 1 6485 0 6486
238 1 0 6410 0 6411
239 6331 0 2 0 6333
240 6411 0 3 0 6414
241 6439 0 3 0 6442
242 40 0 6266 1 6307
243 0 6321 1 2 6324
244 0 6306 0 0 6306
245 2 6346 0 0 6348
246 6414 4 2 0 6420
247 6413 0 1 0 6414
248 6333 0 4 0 6337
249 6195 0 2 0 6197
250 0 0 6206 0 6206
251 6185 0 3 0 6188
252 6229 0 0 0 6229
253 5 0 6022 0 6027
254 0 6073 0 2 6075
255 6127 0 1 0 6128
256 0 0 5991 0 5991
257 5922 0 0 2 5924
258 0 5963 0 3 5966
259 0 5842 6 3 5851
260 7 5863 1 0 5871
261 0 5921 0 2 5923
262 0 0 5775 53 5828
263 5700 0 0 0 5700
264 0 5776 0 1 5777
265 5745 0 0 0 5745
266 0 0 5754 1 5755
267 5672 0 2 0 5674
268 7 0 5679 0 5686
269 5700 1 4 0 5705
270 0 1 0 5695 5696
271 5758 0 6 0 5764
272 5722 1 3 0 5726
273 5706 0 3 0 5709
274 18 0 5617 0 5635
275 5578 0 3 0 5581
276 5601 0 3 2 5606
277 91 0 5420 0 5511
278 5498 8 8 5 5519
279 48 0 5355 0 5403
280 0 5152 0 176 5328
281 4 0 5341 1 5346
282 0 0 0 5188 5188
283 0 5358 0 0 5358
284 0 1 2 5304 5307
285 5359 0 2 0 5361
286 7 5432 0 0 5439
287 5500 0 3 0 5503
288 5464 0 5 1 5470
289 36 5362 0 3 5401
290 5422 0 0 0 5422
291 0 0 0 5371 5371
292 0 0 5451 0 5451
293 1 4 5381 0 5386
294 0 1 0 4548 4549
295 2 0 5073 39 5114
296 19 0 5624 0 5643
297 1 2 0 4927 4930
298 1 0 5524 1 5526
299 5707 0 1 0 5708
300 5759 0 1 0 5760
301 5743 0 2 0 5745
302 0 5739 0 2 5741
303 0 0 0 5607 5607
304 0 0 5620 0 5620
305 0 0 5864 0 5864
306 2 0 5948 0 5950
307 3 5836 1 4 5844
308 2 0 5904 0 5906
309 5920 2 4 0 5926
310 5896 0 3 1 5900
311 0 0 0 5914 5914
312 0 0 0 6006 6006
313 0 5959 0 18 5977
314 0 0 1 5974 5975
315 5938 0 0 0 5938
316 0 5897 0 12 5909
317 5917 0 0 0 5917
318 5832 1 0 0 5833
319 1 5818 0 2 5821
320 3 5777 0 0 5780
321 5847 0 0 0 5847
322 13 2 5767 0 5782
323 5705 0 0 0 5705
324 0 3 2 5714 5719
325 0 0 5738 0 5738
326 5663 0 2 2 5667
327 1 0 0 5719 5720
328 1 0 5758 0 5759
329 1 0 5713 2 5716
330 0 1 2 5519 5522
331 6 10 1 5565 5582
332 5711 0 0 1 5712
333 5678 0 1 0 5679
334 5659 0 0 0 5659
335 14 0 5655 1 5670
336 0 5641 0 1 5642
337 0 4 0 5625 5629
338 3 1 5693 4 5701
339 2 0 5604 0 5606
340 5556 2 11 0 5569
341 0 5594 0 0 5594
342 0 1 2 5520 5523
343 0 5544 0 11 5555
344 5641 0 1 0 5642
345 5618 0 0 0 5618
346 0 0 0 5580 5580
347 1 1 5552 0 5554
348 5560 0 0 1 5561
349 2 0 1 5487 5490
350 2 0 5521 0 5523
351 5479 0 0 2 5481
352 7 5442 0 3 5452
353 5477 0 1 5 5483
354 0 0 0 5474 5474
355 2 0 5471 1 5474
356 0 0 5401 0 5401
357 5336 0 1 1 5338
358 3 0 5457 0 5460
359 5446 0 2 1 5449
360 1 0 5510 0 5511
361 5435 0 6 0 5441
362 5468 0 0 0 5468
363 5525 0 0 0 5525
364 2 0 4 5408 5414
365 0 5470 0 1 5471
366 0 3 1 5484 5488
367 5533 0 0 0 5533
368 5475 0 0 0 5475
369 0 0 0 5356 5356
370 1 5359 0 18 5378
371 1 5418 0 0 5419
372 5500 0 0 0 5500
373 5463 0 0 0 5463
374 5410 0 0 0 5410
375 5394 0 0 0 5394
376 0 1 2 5227 5230
377 0 0 5174 0 5174
378 0 5155 0 10 5165
379 47 0 5176 8 5231
380 4 5035 0 128 5167
381 5178 0 1 0 5179
382 0 0 0 5100 5100
383 3 0 5151 0 5154
384 0 5034 0 9 5043
385 5 5069 2 34 5110
386 3 0 5106 2 5111
387 0 0 0 4802 4802
388 64 0 4843 9 4916
389 2 0 4994 5 5001
390 5036 0 2 0 5038
391 5078 0 1 0 5079
392 5130 0 2 0 5132
393 10 0 5061 0 5071
394 5030 0 35 0 5065
395 5230 0 4 1 5235
396 0 0 1 5186 5187
397 0 3 0 5245 5248
398 0 28 0 5231 5259
399 0 0 0 5290 5290
400 5345 0 1 0 5346
401 0 0 0 5256 5256
402 0 2 0 5270 5272
403 3 0 5271 1 5275
404 0 0 5198 0 5198
405 0 5249 0 0 5249
406 1 2 0 5213 5216
407 2 0 5215 0 5217
408 2 5142 0 1 5145
409 1 5168 1 0 5170
410 5276 0 0 2 5278
411 0 5243 0 1 5244
412 1 0 0 5273 5274
413 0 2 5310 0 5312
414 5249 0 1 2 5252
415 1 0 0 5299 5300
416 0 0 5262 0 5262
417 5236 0 1 0 5237
418 0 5246 0 0 5246
419 5360 0 3 0 5363
420 5505 0 3 1 5509
421 0 0 5455 0 5455
422 5472 0 0 0 5472
423 5498 0 0 0 5498
424 5488 0 1 0 5489
425 5388 0 0 0 5388
426 0 5479 2 0 5481
427 0 5469 0 1 5470
428 2 0 5453 0 5455
429 5237 0 1 0 5238
430 7 0 5334 0 5341
431 0 1 1 5123 5125
432 0 3 0 5178 5181
433 2 4987 0 249 5238
434 0 5293 0 0 5293
435 5382 0 4 0 5386
436 82 0 5269 0 5351
437 5230 0 0 1 5231
438 5239 0 0 0 5239
439 0 0 5294 0 5294
440 5217 0 1 0 5218
441 5291 0 0 0 5291
442 5346 0 5 0 5351
443 5402 0 6 0 5408
444 5424 0 4 0 5428
445 0 0 5297 0 5297
446 5311 0 0 0 5311
447 5245 0 1 1 5247
448 0 0 0 5257 5257
449 2 1 5214 0 5217
450 0 5174 0 8 5182
451 2 5313 1 3 5319
452 5309 0 12 0 5321
453 0 1 5344 0 5345
454 5194 8 3 0 5205
455 0 0 5313 0 5313
456 5238 0 0 0 5238
457 0 0 1 5260 5261
458 2 1 5340 0 5343
459 0 0 1 5182 5183
460 1 5292 0 0 5293
461 5518 0 3 0 5521
462 5560 0 0 0 5560
463 5549 0 2 1 5552
464 0 0 5580 0 5580
465 5466 2 6 0 5474
466 5526 2 0 1 5529
467 1 0 5585 0 5586
468 0 0 5593 0 5593
469 8 0 5602 0 5610
470 5579 0 5 2 5586
471 5661 2 0 1 5664
472 0 0 5807 0 5807
473 0 0 5886 0 5886
474 5909 0 0 0 5909
475 5959 1 6 0 5966
476 0 0 6051 0 6051
477 6078 0 1 0 6079
478 6130 0 2 1 6133
479 6198 0 16 0 6214
480 0 1 0 6176 6177
481 6282 4 0 0 6286
482 0 0 6226 0 6226
483 6276 0 3 0 6279
484 0 1 1 6231 6233
485 3 6203 0 13 6219
486 6304 0 0 6 6310
487 2 6365 0 7 6374
488 6527 0 0 0 6527
489 6554 0 18 0 6572
490 0 6589 0 0 6589
491 6794 0 0 0 6794
492 6766 0 0 0 6766
493 6719 0 3 0 6722
494 6801 0 4 3 6808
495 0 6974 0 1 6975
496 6906 0 9 1 6916
497 0 0 6930 0 6930
498 1 0 6794 0 6795
499 6771 0 6 1 6778
500 2 0 6935 2 6939
501 0 0 6982 0 6982
502 1 7091 0 2 7094
503 7135 0 4 1 7140
504 1 7200 0 3 7204
505 8 7399 0 14 7421
506 0 8 1 7491 7500
507 0 3 0 7546 7549
508 0 6 0 7562 7568
509 0 1 0 7583 7584
510 7658 0 1 0 7659
511 2 7629 1 0 7632
512 7724 0 0 2 7726
513 7677 0 4 0 7681
514 32 0 7623 0 7655
515 7522 2 1 2 7527
516 0 1 0 7595 7596
517 0 0 7670 3 7673
518 2 0 7674 1 7677
519 9 0 0 7358 7367
520 7744 0 1 0 7745
521 7749 7 1 0 7757
522 0 0 7765 17 7782
523 7671 0 24 1 7696
524 0 0 7780 0 7780
525 7782 0 0 0 7782
526 0 2 0 7770 7772
527 1 4 7811 0 7816
528 7873 0 0 0 7873
529 4 2 0 7836 7842
530 7979 0 2 0 7981
531 7994 1 0 0 7995
532 7969 0 9 0 7978
533 7929 0 2 0 7931
534 7 7902 0 0 7909
535 0 7754 0 2 7756
536 8028 0 0 0 8028
537 0 0 0 7901 7901
538 2 8034 0 0 8036
539 0 0 0 7981 7981
540 8057 0 0 0 8057
541 0 8 0 8045 8053
542 0 2 0 8061 8063
543 40 1 0 8023 8064
544 3 8093 0 1 8097
545 8117 8 9 18 8152
546 3 0 8002 14 8019
547 1 8063 0 11 8075
548 1 8069 1 1 8072
549 3 8205 0 1 8209
550 1 1 0 8304 8306
551 8086 0 185 0 8271
552 0 0 1 8553 8554
553 8595 0 1 0 8596
554 8656 1 1 1 8659
555 0 0 8462 0 8462
556 8527 0 0 0 8527
557 8579 1 10 0 8590
558 1 1 0 8573 8575
559 1 1 1 8605 8608
560 8371 3 11 1 8386
561 0 8501 0 29 8530
562 1 8514 0 75 8590
563 0 11 0 8612 8623
564 0 1 2 8726 8729
565 0 11 0 8833 8844
566 0 1 0 8919 8920
567 1 0 0 9050 9051
568 8975 0 18 0 8993
569 8988 0 0 0 8988
570 9008 1 4 0 9013
571 8984 0 10 0 8994
572 2 0 9169 0 9171
573 9031 0 3 0 9034
574 9167 0 2 0 9169
575 6 0 9192 0 9198
576 9171 0 1 0 9172
577 0 0 9226 3 9229
578 4 5 9225 0 9234
579 2 2 2 8792 8798
580 5 0 9177 0 9182
581 9387 0 3 0 9390
582 9523 1 0 7 9531
583 9533 1 1 2 9537
584 9499 0 8 1 9508
585 2 9555 0 0 9557
586 9617 0 2 0 9619
587 9563 0 2 0 9565
588 0 0 1 9642 9643
589 3 0 9639 6 9648
590 2 0 0 9551 9553
591 9683 0 2 0 9685
592 0 9795 0 2 9797
593 9859 0 0 0 9859
594 9812 0 0 0 9812
595 9833 5 0 0 9838
596 9686 0 1 0 9687
597 13 9793 0 2 9808
598 2 9683 0 2 9687
599 9624 0 4 0 9628
600 2 9859 0 0 9861
601 76 9787 0 16 9879
602 9907 1 0 3 9911
603 1 3 0 10013 10017
604 5 0 10053 0 10058
605 0 0 9901 0 9901
606 0 0 9853 0 9853
607 4 0 9835 2 9841
608 9804 0 6 0 9810
609 27 0 9926 0 9953
610 0 3 0 9825 9828
611 3 0 10017 0 10020
612 10018 0 1 2 10021
613 0 2 7 10045 10054
614 2 0 10084 0 10086
615 1 0 9933 8 9942
616 3 10224 2 5 10234
617 1 0 4 10219 10224
618 0 4 0 10393 10397
619 1 10407 0 1 10409
620 10498 1 1 10 10510
621 2 0 10539 0 10541
622 0 2 0 10081 10083
623 1 0 10452 0 10453
624 3 0 10520 0 10523
625 10677 1 1 0 10679
626 0 79 0 10851 10930
627 0 2 0 11095 11097
628 11140 0 0 5 11145
629 11152 0 0 3 11155
630 11104 0 3 0 11107
631 0 1123 0 10008 11131
632 5 11087 0 0 11092
633 11119 0 0 4 11123
634 1 11230 0 1 11232
635 11332 0 1 11 11344
636 1 0 0 11501 11502
637 11539 0 0 0 11539
638 11394 0 1 0 11395
639 0 0 0 11504 11504
640 0 0 11488 2 11490
641 11439 0 1 0 11440
642 0 6 0 11590 11596
643 0 48 3 11877 11928
644 3 1 11905 1 11910
645 1 0 11973 7 11981
646 4 0 12069 0 12073
647 2 12230 0 3 12235
648 12428 0 0 0 12428
649 0 1 0 12411 12412
650 1 2 0 12603 12606
651 2 12573 1 2 12578
652 12659 1 0 1 12661
653 0 12698 2 1 12701
654 12824 0 1 1 12826
655 18 0 12823 1 12842
656 12630 1 0 0 12631
657 0 3 0 12787 12790
658 115 1 12706 3 12825
659 12728 0 3 1 12732
660 12849 0 0 1 12850
661 1 0 0 12935 12936
662 4 0 12970 0 12974
663 12937 3 0 1 12941
664 1 64 1 12979 13045
665 0 6 13064 0 13070
666 2 14 0 13088 13104
667 3 13084 0 1 13088
668 1 0 0 13285 13286
669 0 0 13303 0 13303
670 2 4 0 13187 13193
671 0 2 0 13254 13256
672 0 0 0 13252 13252
673 0 13194 0 5 13199
674 2 13855 0 4 13861
675 14327 0 5 0 14332
676 14222 0 0 2 14224
677 14265 0 2 0 14267
678 1 0 13953 0 13954
679 14350 1 2 0 14353
680 0 0 2 14294 14296
681 0 14431 0 1 14432
682 14682 0 0 1 14683
683 14603 0 7 1 14611
684 14598 0 9 0 14607
685 42 0 14534 1 14577
686 1 10 14317 0 14328
687 3 14468 0 4 14475
688 14483 0 2 1 14486
689 1 14758 0 0 14759
690 0 1 0 14915 14916
691 14932 0 4 0 14936
692 14868 1 1 1 14871
693 14955 1 1 0 14957
694 15049 0 2 0 15051
695 14981 0 10 0 14991
696 6 0 14884 0 14890
697 14715 3 87 1 14806
698 0 0 14974 0 14974
699 0 3 0 14759 14762
700 2 1 1 15139 15143
701 2 0 14909 7 14918
702 5 0 14739 0 14744
703 14845 0 1 2 14848
704 1 15134 3 0 15138
705 0 0 0 14989 14989
706 5 15 0 15063 15083
707 3 0 14938 3 14944
708 14924 1 2 0 14927
709 29 3 1 14926 14959
710 2 14870 0 1 14873
711 10 14877 6 0 14893
712 2 0 0 15000 15002
713 2 13 0 15022 15037
714 3 14955 0 3 14961
715 14859 0 1 24 14884
716 5 11 0 14887 14903
717 1 5 0 14942 14948
718 14974 0 1 1 14976
719 14798 7 0 0 14805
720 0 0 0 14730 14730
721 3 14880 0 3 14886
722 14922 0 2 0 14924
723 0 0 14707 0 14707
724 1 0 0 14513 14514
725 14020 0 2 1 14023
726 1 14694 1 8 14704
727 2 14760 0 2 14764
728 0 23 0 14611 14634
729 0 8 0 14663 14671
730 2 12 2 14658 14674
731 2 2 14568 0 14572
732 1 14624 1 12 14638
733 20 0 14679 3 14702
734 3 0 14586 5 14594
735 0 0 14528 1 14529
736 14703 0 1 8 14712
737 14776 0 7 1 14784
738 0 0 14687 0 14687
739 1 14514 0 7 14522
740 14645 1 9 5 14660
741 5 14820 0 5 14830
742 14828 0 1 0 14829
743 0 0 14737 0 14737
744 1 5 0 14549 14555
745 37 14386 1 2 14426
746 3 14440 0 0 14443
747 1 14550 0 5 14556
748 1 14702 0 5 14708
749 14857 3 19 0 14879
750 0 0 14873 1 14874
751 14820 0 1 0 14821
752 14733 1 0 0 14734
753 2 0 14778 6 14786
754 14617 0 1 1 14619
755 1 8 3 14577 14589
756 2 14832 0 7 14841
757 14871 0 5 7 14883
758 0 0 14781 0 14781
759 0 0 14561 0 14561
760 2 111 0 14117 14230
761 2 0 14436 0 14438
762 0 14566 1 6 14573
763 226 0 14454 1 14681
764 14465 3 2 5 14475
765 0 14713 0 1 14714
766 5 34 0 14777 14816
767 0 0 14828 0 14828
768 0 6 14737 0 14743
769 1 186 0 13847 14034
770 224 1 14497 0 14722
771 3 1 7 14972 14983
772 0 5 0 15178 15183
773 166 0 14941 0 15107
774 2 15069 0 7 15078
775 15366 0 1 1 15368
776 15097 0 3 0 15100
777 0 1 0 15063 15064
778 0 15251 0 7 15258
779 15263 0 0 1 15264
780 15211 1 3 1 15216
781 15140 5 4 5 15154
782 0 0 15400 0 15400
783 1 0 15188 2 15191
784 14996 2 10 13 15021
785 0 0 15361 6 15367
786 1 0 16127 2 16130
787 0 1 0 15186 15187
788 1 0 16596 1 16598
789 1 0 16731 4 16736
790 16535 1 3 0 16539
791 16538 0 9 0 16547
792 1 16887 0 1 16889
793 2 16930 0 0 16932
794 0 0 0 17073 17073
795 0 1 7 17155 17163
796 17212 0 5 2 17219
797 20 0 17107 0 17127
798 2 17 1 16414 16434
799 4 1 16791 0 16796
800 12 0 17066 1 17079
801 3 17312 0 0 17315
802 1 0 0 17526 17527
803 4 0 17383 11 17398
804 17336 9 0 2 17347
805 17493 1 13 2 17509
806 1 0 17396 0 17397
807 2 17303 6 0 17311
808 6 17443 1 14 17464
809 17480 16 2 2 17500
810 0 2 1 17594 17597
811 2 20 10 17601 17633
812 0 17845 0 9 17854
813 1 0 17960 0 17961
814 17375 4 0 1 17380
815 1 2 1 17777 17781
816 0 1 0 18076 18077
817 0 13 1 18115 18129
818 17922 0 4 4 17930
819 0 1 1 17971 17973
820 17860 2 4 0 17866
821 2 0 17758 1 17761
822 3 0 17519 0 17522
823 17450 1 2 0 17453
824 17658 0 0 0 17658
825 1 0 17481 0 17482
826 17462 1 29 1 17493
827 1 0 17611 0 17612
828 1 17602 0 2 17605
829 17793 1 34 0 17828
830 17762 1 4 1 17768
831 1 1 0 17731 17733
832 3 0 17757 0 17760
833 7 0 17525 0 17532
834 2 17600 0 6 17608
835 17728 1 0 4 17733
836 1 0 17649 1 17651
837 17636 0 5 1 17642
838 3 17675 0 2 17680
839 17773 1 6 0 17780
840 3 0 17701 1 17705
841 17399 2 6 2 17409
842 0 0 17557 1 17558
843 1 0 17437 0 17438
844 3 0 17372 1 17376
845 1 17389 0 5 17395
846 0 1 0 17615 17616
847 17651 0 6 0 17657
848 0 9 1 17686 17696
849 0 5 0 17755 17760
850 17560 0 9 3 17572
851 17573 6 0 16 17595
852 0 0 17529 7 17536
853 17493 0 15 0 17508
854 0 0 17450 1 17451
855 17464 1 14 1 17480
856 2 17525 0 5 17532
857 17725 0 6 0 17731
858 2 3 1 17664 17670
859 2 17816 0 4 17822
860 18017 1 1 0 18019
861 17860 2 2 0 17864
862 17804 0 0 6 17810
863 12 0 17459 0 17471
864 2 17294 0 6 17302
865 2 17513 0 6 17521
866 17679 0 1 10 17690
867 17665 0 0 0 17665
868 0 0 17301 4 17305
869 17191 0 10 1 17202
870 1 17518 0 2 17521
871 21 3 0 17432 17456
872 1 0 17369 3 17373
873 1 17260 0 5 17266
874 4 17545 0 4 17553
875 0 3 1 17550 17554
876 17491 0 0 1 17492
877 1 5 0 17545 17551
878 1 1 17479 0 17481
879 17550 0 8 2 17560
880 17581 0 0 0 17581
881 17488 1 1 0 17490
882 17482 1 10 1 17494
883 15 0 17131 0 17146
884 16903 1 0 0 16904
885 0 2 0 16739 16741
886 2 3 1 16873 16879
887 4 16958 0 5 16967
888 1 3 2 16896 16902
889 0 3 1 16863 16867
890 6 16770 0 41 16817
891 7 0 0 16724 16731
892 19 0 16490 0 16509
893 16472 0 2 0 16474
894 16495 1 1 0 16497
895 4 1 0 16435 16440
896 0 16403 0 2 16405
897 0 1 0 16523 16524
898 16430 0 2 1 16433
899 16407 0 2 0 16409
900 16451 0 0 0 16451
901 18 0 15904 0 15922
902 15884 0 0 0 15884
903 15865 1 2 0 15868
904 1 15865 0 58 15924
905 16035 0 0 1 16036
906 15978 0 5 1 15984
907 15825 0 5 5 15835
908 0 0 0 15472 15472
909 1 9 15347 0 15357
910 1 15399 0 3 15403
911 1 3 2 15222 15228
912 0 15528 0 3 15531
913 0 7 0 15445 15452
914 3 0 15301 3 15307
915 0 15339 0 7 15346
916 10 0 15044 3 15057
917 21 15060 0 2 15083
918 0 15230 0 1 15231
919 1 15116 0 54 15171
920 4 15241 0 77 15322
921 15364 1 10 0 15375
922 15374 0 3 2 15379
923 2 15414 0 0 15416
924 15530 0 0 1 15531
925 15682 0 0 1 15683
926 15574 0 1 0 15575
927 15448 7 10 0 15465
928 6 2 15070 0 15078
929 2 0 14881 1 14884
930 25 15376 0 1 15402
931 0 2 0 15475 15477
932 2 15671 1 0 15674
933 0 5 0 15829 15834
934 15802 7 13 19 15841
935 1 1 15837 0 15839
936 0 3 0 15556 15559
937 4 1 0 15934 15939
938 7 0 15860 5 15872
939 15863 0 1 0 15864
940 1 2 0 15761 15764
941 0 15865 14 2 15881
942 16169 0 5 2 16176
943 16046 1 4 1 16052
944 0 0 16087 0 16087
945 14 1 1 15290 15306
946 59 0 15743 5 15807
947 16210 1 1 0 16212
948 1 3 1 16295 16300
949 14 16587 0 76 16677
950 10 0 16791 2 16803
951 3 0 16858 1 16862
952 16688 1 6 3 16698
953 16897 0 4 2 16903
954 1 0 16584 0 16585
955 13 17193 0 3 17209
956 17417 0 7 2 17426
957 3 0 17377 0 17380
958 17316 1 1 1 17319
959 17398 0 0 0 17398
960 17320 1 5 0 17326
961 0 14 0 17108 17122
962 0 17215 0 0 17215
963 0 17396 0 12 17408
964 17430 9 5 0 17444
965 2 1 17309 3 17315
966 4 0 16966 0 16970
967 252 0 16792 0 17044
968 17079 0 6 0 17085
969 0 1 0 17082 17083
970 0 42 1 17257 17300
971 21 1 17154 8 17184
972 2 17722 0 53 17777
973 17838 0 28 1 17867
974 0 0 17984 1 17985
975 17497 0 11 0 17508
976 0 17922 0 4 17926
977 17911 0 1 0 17912
978 0 2 0 18094 18096
979 0 2 2 18315 18319
980 6 0 18113 0 18119
981 18038 0 2 2 18042
982 18031 0 2 1 18034
983 1 0 18002 8 18011
984 17804 0 2 0 17806
985 0 19 0 17770 17789
986 3 17914 0 0 17917
987 0 3 0 17935 17938
988 17787 0 45 0 17832
989 17348 0 0 1 17349
990 0 17553 0 2 17555
991 3 17548 0 5 17556
992 0 17682 1 3 17686
993 0 17 1 17482 17500
994 38 0 17399 3 17440
995 1 17436 0 11 17448
996 2 17 0 17498 17517
997 0 2 2 17549 17553
998 0 0 17345 11 17356
999 1 17377 0 23 17401
1000 0 5 0 17307 17312
1001 0 17454 4 2 17460
1002 1 0 17587 1 17589
1003 0 3 1 16877 16881
1004 17166 0 0 1 17167
1005 2 0 17386 1 17389
1006 0 3 0 16678 16681
1007 17192 1 1 0 17194
1008 0 1 0 17310 17311
1009 3 0 17286 11 17300
1010 0 0 17253 1 17254
1011 0 4 1 16767 16772
1012 1 17238 0 13 17252
1013 47 9 17452 7 17515
1014 0 0 0 17041 17041
1015 2 2 0 17528 17532
1016 16 0 17658 0 17674
1017 0 1 0 17597 17598
1018 0 3 0 17809 17812
1019 17887 23 2 23 17935
1020 1 0 17641 2 17644
1021 23 0 17402 2 17427
1022 2 17413 1 5 17421
1023 5 17498 0 2 17505
1024 20 17719 0 17 17756
1025 1 0 0 17698 17699
1026 1 18035 0 0 18036
1027 1 4 0 18065 18070
1028 8 2 18055 0 18065
1029 0 3 1 17880 17884
1030 90 0 17994 2 18086
1031 1 2 17875 0 17878
1032 5 18232 3 3 18243
1033 18191 0 3 3 18197
1034 18128 0 1 1 18130
1035 2 0 18497 2 18501
1036 1 18443 0 5 18449
1037 18690 0 1 1 18692
1038 18614 0 3 3 18620
1039 18516 1 19 1 18537
1040 0 0 18652 0 18652
1041 0 1 0 17695 17696
1042 9 0 18257 2 18268
1043 3 1 18281 0 18285
1044 1 26 1 17776 17804
1045 2 0 18149 2 18153
1046 11 18314 0 4 18329
1047 0 1 0 18508 18509
1048 0 18 0 18525 18543
1049 9 18425 14 8 18456
1050 3 18468 1 5 18477
1051 0 18514 0 1 18515
1052 18526 1 15 1 18543
1053 6 5 0 18553 18564
1054 18611 1 0 4 18616
1055 18452 1 6 1 18460
1056 6 0 18287 0 18293
1057 4 18282 0 4 18290
1058 18565 1 1 0 18567
1059 0 4 0 18681 18685
1060 0 14 0 18679 18693
1061 0 5 1 18585 18591
1062 18319 8 4 0 18331
1063 1 18479 0 21 18501
1064 13 0 18492 11 18516
1065 3 18284 0 2 18289
1066 5 18583 0 9 18597
1067 18762 0 8 0 18770
1068 18591 1 4 0 18596
1069 18672 0 0 2 18674
1070 18536 0 61 0 18597
1071 1 1 0 18597 18599
1072 17583 2 4 1 17590
1073 0 18801 0 1 18802
1074 1 18772 0 9 18782
1075 0 5 0 18241 18246
1076 6 18790 0 8 18804
1077 18771 2 14 0 18787
1078 18435 1 0 2 18438
1079 117 18565 0 45 18727
1080 0 5 1 18588 18594
1081 18772 4 12 1 18789
1082 2 1 18808 4 18815
1083 2 1 18549 5 18557
1084 3 0 18770 7 18780
1085 3 3 0 17812 17818
1086 2 1 0 18437 18440
1087 0 18517 0 4 18521
1088 18644 1 3 1 18649
1089 18537 0 0 2 18539
1090 3 5 0 18871 18879
1091 2 0 18774 2 18778
1092 2 3 0 18606 18611
1093 1 2 9 18790 18802
1094 2 0 18544 3 18549
1095 18370 0 8 3 18381
1096 18448 1 11 0 18460
1097 1 0 18472 1 18474
1098 18533 0 2 1 18536
1099 137 0 18398 0 18535
1100 0 7 0 17973 17980
1101 18123 0 2 0 18125
1102 1 18396 0 0 18397
1103 1 1 1 18374 18377
1104 2 18400 0 2 18404
1105 0 127 0 18291 18418
1106 18244 2 0 0 18246
1107 3 10 0 18398 18411
1108 4 0 18340 5 18349
1109 1 0 18206 1 18208
1110 0 11 1 18069 18081
1111 0 13 0 18372 18385
1112 2 0 18188 3 18193
1113 9 1 17875 4 17889
1114 25 0 17932 0 17957
1115 2 3 2 17357 17364
1116 17967 0 7 1 17975
1117 12 18206 0 3 18221
1118 13 0 18184 0 18197
1119 18088 0 4 3 18095
1120 18068 0 8 2 18078
1121 3 0 18032 7 18042
1122 3 17797 0 2 17802
1123 0 17980 0 66 18046
1124 18137 0 1 10 18148
1125 3 4 0 18290 18297
1126 4 0 18164 10 18178
1127 1 0 18020 1 18022
1128 2 18048 0 0 18050
1129 1 1 4 17895 17901
1130 13 18252 0 6 18271
1131 0 11 2 18490 18503
1132 0 4 1 18597 18602
1133 1 1 0 18605 18607
1134 18392 0 2 0 18394
1135 0 18457 0 4 18461
1136 18615 1 1 0 18617
1137 18435 0 6 1 18442
1138 1 48 0 18316 18365
1139 18370 1 69 0 18440
1140 1 1 0 18191 18193
1141 5 0 18126 2 18133
1142 3 0 18104 2 18109
1143 11 18136 2 3 18152
1144 18173 0 7 0 18180
1145 18078 0 2 0 18080
1146 1 17933 0 0 17934
1147 17395 0 74 6 17475
1148 0 18049 0 1 18050
1149 7 18212 0 2 18221
1150 0 7 0 18187 18194
1151 22 0 18099 2 18123
1152 1 10 0 18013 18024
1153 0 4 0 18089 18093
1154 0 3 2 18004 18009
1155 1 17773 0 23 17797
1156 15 17945 0 4 17964
1157 17795 2 11 1 17809
1158 1 0 0 17913 17914
1159 17754 0 0 14 17768
1160 0 0 1 17720 17721
1161 0 2 0 17815 17817
1162 17782 0 11 1 17794
1163 17493 0 6 0 17499
1164 3 2 17625 0 17630
1165 16960 0 4 0 16964
1166 17140 1 7 1 17149
1167 0 0 19 17394 17413
1168 10 0 17439 0 17449
1169 0 3 17269 4 17276
1170 64 0 17137 2 17203
1171 102 0 17259 15 17376
1172 0 0 17522 1 17523
1173 17167 0 23 0 17190
1174 1 3 0 17477 17481
1175 4 0 17546 1 17551
1176 17382 9 5 5 17401
1177 1 12 0 17654 17667
1178 3 0 17742 0 17745
1179 1 17744 0 5 17750
1180 18055 1 0 0 18056
1181 18259 1 2 0 18262
1182 18158 0 7 1 18166
1183 34 0 18167 0 18201
1184 3 1 18460 0 18464
1185 18594 0 0 0 18594
1186 0 1 2 19031 19034
1187 19200 0 2 0 19202
1188 19106 1 12 6 19125
1189 19019 8 1 11 19039
1190 2 3 0 18960 18965
1191 5 19542 0 3 19550
1192 79 1 19310 10 19400
1193 6 19504 0 1 19511
1194 19713 0 2 2 19717
1195 19697 1 3 12 19713
1196 0 12 1 20067 20080
1197 2 0 0 20179 20181
1198 20142 13 0 0 20155
1199 6 2 9 20144 20161
1200 1 3 1 20124 20129
1201 0 19994 0 9 20003
1202 0 9 0 20171 20180
1203 0 5 0 20071 20076
1204 1 19897 0 82 19980
1205 20004 0 2 3 20009
1206 0 2 2 19940 19944
1207 0 0 19719 0 19719
1208 1 4 0 19516 19521
1209 6 19629 0 0 19635
1210 0 2 0 19655 19657
1211 0 3 0 19725 19728
1212 2 0 19422 0 19424
1213 1 19328 0 19 19348
1214 2 3 0 19387 19392
1215 2 2 0 19335 19339
1216 1 19533 7 3 19544
1217 25 0 19322 0 19347
1218 4 1 18699 7 18711
1219 19110 0 8 1 19119
1220 0 0 18109 0 18109
1221 1 18773 0 0 18774
1222 0 6 4 19123 19133
1223 2 0 19099 0 19101
1224 2 18969 0 3 18974
1225 4 19115 0 8 19127
1226 0 1 2 19393 19396
1227 19373 0 3 1 19377
1228 0 1 2 19439 19442
1229 2 0 19446 0 19448
1230 19400 0 2 0 19402
1231 19276 0 3 7 19286
1232 5 0 19064 1 19070
1233 18717 1 0 1 18719
1234 9 19125 0 6 19140
1235 2 19412 0 0 19414
1236 1 11 1 19427 19440
1237 93 3 19348 0 19444
1238 19302 0 15 0 19317
1239 4 0 19370 0 19374
1240 18890 0 21 0 18911
1241 12 5 19361 0 19378
1242 3 2 0 18758 18763
1243 0 0 1 19100 19101
1244 1 2 2 19370 19375
1245 0 5 0 19442 19447
1246 28 3 18833 0 18864
1247 1 6 0 18691 18698
1248 4 18721 0 4 18729
1249 0 2 0 18817 18819
1250 19 0 18784 1 18804
1251 3 18844 2 23 18872
1252 18935 0 0 0 18935
1253 1 2 1 19044 19048
1254 1 1 1 19093 19096
1255 18961 0 1 0 18962
1256 18544 0 1 2 18547
1257 1 19016 0 4 19021
1258 89 18661 0 167 18917
1259 18 1 18821 14 18854
1260 29 1 18528 0 18558
1261 8 18566 0 90 18664
1262 18763 4 11 0 18778
1263 0 19428 3 12 19443
1264 19895 0 13 0 19908
1265 2 0 19621 2 19625
1266 19649 0 3 0 19652
1267 19387 0 1 13 19401
1268 1 5 0 19784 19790
1269 1 3 0 19658 19662
1270 4 19651 0 3 19658
1271 19768 2 7 3 19780
1272 19682 3 21 0 19706
1273 0 2 19569 1 19572
1274 3 19128 0 7 19138
1275 12 19384 0 2 19398
1276 0 34 0 19597 19631
1277 19507 0 14 1 19522
1278 6 0 19376 0 19382
1279 19399 0 14 0 19413
1280 1 1 0 19274 19276
1281 8 19527 0 2 19537
1282 19547 1 3 1 19552
1283 2 0 19306 0 19308
1284 3 19223 0 8 19234
1285 19353 1 6 1 19361
1286 3 7 0 19522 19532
1287 1 5 0 19653 19659
1288 19641 1 0 0 19642
1289 19467 0 3 0 19470
1290 19454 1 1 0 19456
1291 19407 1 1 0 19409
1292 0 2 0 19409 19411
1293 6 0 19437 0 19443
1294 7 19249 1 43 19300
1295 19257 13 2 3 19275
1296 19115 38 36 16 19205
1297 27 0 19482 6 19515
1298 4 0 19364 10 19378
1299 1 0 19443 0 19444
1300 0 4 0 18919 18923
1301 0 0 3 19539 19542
1302 0 0 1 19639 19640
1303 17 19627 1 22 19667
1304 2 19701 1 1 19705
1305 19584 6 1 0 19591
1306 0 2 1 19673 19676
1307 1 4 19719 0 19724
1308 2 2 0 19422 19426
1309 1 6 1 19410 19418
1310 5 19380 0 3 19388
1311 0 19591 2 4 19597
1312 19568 0 10 0 19578
1313 5 0 19532 2 19539
1314 8 19379 0 18 19405
1315 19469 0 265 1 19735
1316 19609 2 0 0 19611
1317 19509 0 0 1 19510
1318 0 0 19676 0 19676
1319 0 0 19347 1 19348
1320 19263 6 1 1 19271
1321 19466 0 1 0 19467
1322 2 19470 0 3 19475
1323 19307 0 1 3 19311
1324 114 0 19445 0 19559
1325 3 0 19442 0 19445
1326 0 1 0 17631 17632
1327 18919 0 62 0 18981
1328 1 0 19303 0 19304
1329 19012 1 35 0 19048
1330 19263 0 2 2 19267
1331 3 0 19470 3 19476
1332 1 4 19254 0 19259
1333 19032 0 173 1 19206
1334 19306 0 4 1 19311
1335 3 1 0 19329 19333
1336 3 2 19405 0 19410
1337 0 0 19117 0 19117
1338 0 0 18902 1 18903
1339 18779 71 20 2 18872
1340 3 0 19307 0 19310
1341 7 19115 0 3 19125
1342 19410 1 7 11 19429
1343 2 0 19337 0 19339
1344 6 19661 0 2 19669
1345 0 2 0 19750 19752
1346 0 20058 1 0 20059
1347 0 2 0 20352 20354
1348 3 1 20138 0 20142
1349 19871 1 0 4 19876
1350 1 9 0 20057 20067
1351 1 1 20083 0 20085
1352 1 3 4 19716 19724
1353 1 19782 0 2 19785
1354 2 20044 0 6 20052
1355 19990 0 5 1 19996
1356 3 1 1 19985 19990
1357 0 20226 0 30 20256
1358 20264 0 3 0 20267
1359 20123 2 0 0 20125
1360 2 0 20035 2 20039
1361 1 19951 0 0 19952
1362 0 0 0 19766 19766
1363 11 19553 0 9 19573
1364 0 19945 2 1 19948
1365 20052 0 20 0 20072
1366 9 0 20421 5 20435
1367 1 0 0 19635 19636
1368 0 1 1 19946 19948
1369 0 8 0 20137 20145
1370 0 3 0 20229 20232
1371 8 1 20024 3 20036
1372 0 0 19254 0 19254
1373 7 1 19214 0 19222
1374 3 19113 0 10 19126
1375 3 11 1 18908 18923
1376 0 19137 0 7 19144
1377 0 19515 0 11 19526
1378 96 1 19459 1 19557
1379 19043 3 0 5 19051
1380 1 1 0 19234 19236
1381 0 0 19106 0 19106
1382 18770 0 5 1 18776
1383 0 18990 0 2 18992
1384 3 19259 1 15 19278
1385 19354 0 11 0 19365
1386 9 0 19503 1 19513
1387 18977 0 2 1 18980
1388 0 0 0 19087 19087
1389 4 19328 0 0 19332
1390 0 8 1 19465 19474
1391 2 0 19357 1 19360
1392 3 0 19271 4 19278
1393 36 0 19262 2 19300
1394 2 0 19217 2 19221
1395 1 0 19220 0 19221
1396 42 1 19175 1 19219
1397 19179 0 14 1 19194
1398 19602 0 7 0 19609
1399 0 19782 0 0 19782
1400 4 0 19744 3 19751
1401 19239 2 2 0 19243
1402 19090 2 23 0 19115
1403 0 0 19571 0 19571
1404 0 270 0 18071 18341
1405 19175 0 1 0 19176
1406 7 0 19570 0 19577
1407 6 0 19591 0 19597
1408 0 16 0 18141 18157
1409 1 0 19299 3 19303
1410 79 0 19395 0 19474
1411 19108 0 1 3 19112
1412 2 0 19533 1 19536
1413 19303 0 5 1 19309
1414 12 19699 0 1 19712
1415 10 0 19876 5 19891
1416 2 0 19635 0 19637
1417 19203 0 3 0 19206
1418 0 0 19330 4 19334
1419 2 0 18851 1 18854
1420 11 0 18743 96 18850
1421 1 0 0 17975 17976
1422 6 18837 1 4 18848
1423 1 3 1 19165 19170
1424 2 0 19111 13 19126
1425 14 0 18919 0 18933
1426 2 18880 1 30 18913
1427 1 18733 1 8 18743
1428 18911 0 8 2 18921
1429 18791 0 2 0 18793
1430 18816 0 3 2 18821
1431 0 0 2 18898 18900
1432 19004 0 1 0 19005
1433 18746 0 0 1 18747
1434 1 0 18653 0 18654
1435 3 18495 3 1 18502
1436 1 3 0 18220 18224
1437 2 0 18336 0 18338
1438 3 18172 4 1 18180
1439 18223 0 4 0 18227
1440 1 0 18018 0 18019
1441 5 17648 1 3 17657
1442 0 17316 0 1 17317
1443 0 17767 1 32 17800
1444 17966 0 9 0 17975
1445 1 0 18091 0 18092
1446 1 2 1 16936 16940
1447 68 0 17425 1 17494
1448 0 3 1 17069 17073
1449 0 0 2 17337 17339
1450 0 5 4 17483 17492
1451 1 0 17387 6 17394
1452 1 17110 0 9 17120
1453 17252 0 19 4 17275
1454 6 0 17358 0 17364
1455 1 8 1 16630 16640
1456 16451 0 111 0 16562
1457 1 1 16600 0 16602
1458 16362 0 3 2 16367
1459 40 0 16457 0 16497
1460 16391 0 5 1 16397
1461 0 0 16566 1 16567
1462 16098 0 6 1 16105
1463 3 16297 1 4 16305
1464 1 16507 1 0 16509
1465 0 14 1 16611 16626
1466 16469 0 2 1 16472
1467 2 0 0 16378 16380
1468 0 2 0 16435 16437
1469 3 0 16144 1 16148
1470 0 16095 1 0 16096
1471 10 1 0 15931 15942
1472 0 16033 0 1 16034
1473 0 0 2 16219 16221
1474 16194 0 3 0 16197
1475 16156 0 0 0 16156
1476 0 0 16090 0 16090
1477 1 14703 0 1217 15921
1478 16042 0 1 0 16043
1479 15973 0 2 0 15975
1480 1 0 15910 0 15911
1481 0 15702 0 3 15705
1482 15886 0 1 3 15890
1483 15607 0 1 0 15608
1484 1 0 15584 0 15585
1485 0 15458 0 0 15458
1486 0 10 1 15570 15581
1487 0 0 15581 1 15582
1488 0 2 1 15148 15151
1489 15319 0 2 0 15321
1490 15163 0 0 1 15164
1491 0 0 15167 0 15167
1492 14994 1 8 0 15003
1493 14994 0 9 0 15003
1494 3 0 14960 11 14974
1495 14980 0 0 0 14980
1496 14902 0 2 2 14906
1497 2 2 0 14808 14812
1498 4 0 14627 0 14631
1499 9 14517 0 7 14533
1500 0 7 1 14665 14673
1501 0 0 14655 0 14655
1502 1 0 2 14234 14237
1503 10 14162 0 0 14172
1504 14322 0 1 0 14323
1505 14137 18 0 0 14155
1506 0 1 1 14362 14364
1507 23 0 14283 0 14306
1508 14279 0 1 0 14280
1509 14199 0 1 2 14202
1510 0 17 1 14180 14198
1511 14182 1 10 0 14193
1512 0 4 1 14058 14063
1513 2 5 0 14021 14028
1514 2 0 13855 3 13860
1515 13568 0 1 0 13569
1516 0 0 13675 0 13675
1517 4 0 13375 0 13379
1518 0 0 13352 4 13356
1519 38 0 13080 1 13119
1520 1 12849 0 2 12852
1521 2 0 13232 2 13236
1522 2 143 4 12473 12622
1523 10 0 12920 0 12930
1524 13127 0 1 3 13131
1525 1 91 0 13025 13117
1526 6 1 13035 0 13042
1527 1 12939 1 13 12954
1528 13034 2 2 0 13038
1529 2 0 13080 2 13084
1530 12899 0 0 1 12900
1531 0 3 0 12941 12944
1532 0 0 12931 0 12931
1533 0 0 0 12706 12706
1534 127 12582 0 4 12713
1535 12871 0 2 0 12873
1536 12792 0 0 0 12792
1537 12850 0 3 0 12853
1538 0 0 12787 0 12787
1539 6 0 12562 0 12568
1540 12607 0 1 0 12608
1541 12676 0 2 2 12680
1542 12565 1 1 0 12567
1543 10 186 1 12193 12390
1544 1 12255 0 122 12378
1545 0 0 0 12382 12382
1546 12274 0 65 0 12339
1547 1 12370 0 0 12371
1548 11 1 1 12134 12147
1549 6 12147 0 4 12157
1550 12252 0 1 0 12253
1551 12221 0 2 0 12223
1552 11 0 12203 12 12226
1553 12215 0 0 1 12216
1554 1 0 7 12160 12168
1555 5 0 12160 1 12166
1556 12108 0 1 0 12109
1557 1 1 0 12117 12119
1558 4 0 12118 1 12123
1559 12103 4 2 2 12111
1560 11964 0 1 0 11965
1561 3 1 4 11865 11873
1562 1 0 11810 3 11814
1563 11941 1 0 4 11946
1564 9 11730 1 1 11741
1565 1 8 0 11653 11662
1566 3 11569 0 2 11574
1567 11989 1 5 0 11995
1568 11854 0 2 0 11856
1569 0 2 0 11885 11887
1570 1 0 11810 0 11811
1571 1 0 11616 3 11620
1572 0 11602 0 2 11604
1573 0 0 1 11780 11781
1574 11843 0 2 0 11845
1575 11772 0 1 0 11773
1576 0 0 11684 4 11688
1577 11735 1 2 1 11739
1578 11744 0 1 0 11745
1579 11657 0 8 0 11665
1580 11316 2 2 2 11322
1581 14 11520 0 0 11534
1582 0 11374 0 6 11380
1583 11431 1 1 2 11435
1584 34 0 11286 11 11331
1585 1 1 1 10973 10976
1586 0 0 11085 0 11085
1587 2 0 11177 0 11179
1588 11258 1 7 1 11267
1589 11312 1 2 0 11315
1590 11270 0 0 0 11270
1591 0 5 0 11112 11117
1592 1 1 10916 1 10919
1593 1 10876 0 1 10878
1594 0 4 0 10926 10930
1595 0 2 0 10887 10889
1596 2 0 0 10763 10765
1597 1 10787 0 9 10797
1598 10754 0 1 0 10755
1599 15 1 2 10639 10657
1600 0 1 0 10676 10677
1601 0 0 10572 2 10574
1602 6 0 10464 0 10470
1603 17 0 10356 1 10374
1604 10282 0 0 0 10282
1605 10298 0 0 1 10299
1606 0 0 10199 3 10202
1607 10243 0 1 0 10244
1608 10197 1 3 0 10201
1609 10223 1 2 1 10227
1610 10092 0 3 1 10096
1611 0 1 0 9818 9819
1612 1 0 9710 1 9712
1613 0 1 0 9182 9183
1614 0 1 0 9525 9526
1615 0 2 0 9430 9432
1616 1 9428 0 2 9431
1617 9483 0 0 0 9483
1618 9398 0 1 0 9399
1619 9353 0 0 0 9353
1620 1 1 1 9082 9085
1621 9007 0 0 0 9007
1622 0 0 3 8692 8695
1623 1 8818 0 4 8823
1624 8846 0 2 3 8851
1625 8 0 8662 0 8670
1626 8524 0 0 1 8525
1627 1 8645 0 0 8646
1628 8661 0 3 1 8665
1629 8574 0 4 0 8578
1630 8561 0 1 1 8563
1631 8496 17 0 0 8513
1632 8347 10 0 0 8357
1633 1 8365 7 51 8424
1634 8175 0 1 2 8178
1635 8081 0 2 0 8083
1636 7982 0 12 0 7994
1637 7942 0 0 0 7942
1638 0 7829 0 184 8013
1639 2 8002 0 0 8004
1640 8029 0 3 0 8032
1641 7941 0 66 0 8007
1642 0 1 0 7552 7553
1643 2 7847 0 0 7849
1644 0 7890 0 0 7890
1645 6 7937 0 3 7946
1646 7946 0 3 0 7949
1647 0 1 4 7642 7647
1648 0 0 1 7799 7800
1649 2 0 7900 2 7904
1650 7920 0 0 0 7920
1651 7941 0 0 0 7941
1652 7884 0 0 0 7884
1653 0 0 2 7708 7710
1654 0 3 0 7627 7630
1655 37 7698 0 2 7737
1656 7 7754 0 2 7763
1657 7758 0 2 0 7760
1658 7681 0 0 0 7681
1659 2 0 2 7563 7567
1660 0 0 0 7608 7608
1661 7610 1 2 2 7615
1662 7584 1 0 0 7585
1663 2 0 7389 0 7391
1664 5 7208 0 4 7217
1665 7308 0 7 1 7316
1666 7 0 7114 0 7121
1667 7060 0 2 0 7062
1668 0 7078 0 0 7078
1669 2 7094 0 0 7096
1670 7077 0 4 1 7082
1671 1 1 0 6977 6979
1672 1 7051 0 0 7052
1673 1 7043 0 0 7044
1674 2 6899 0 2 6903
1675 5 6893 0 2 6900
1676 6912 1 25 0 6938
1677 6314 0 530 0 6844
1678 7 0 1 6748 6756
1679 0 0 0 6776 6776
1680 0 0 1 6657 6658
1681 0 6776 0 9 6785
1682 0 1 0 6751 6752
1683 0 0 0 6634 6634
1684 0 6578 0 12 6590
1685 0 0 0 6599 6599
1686 0 0 0 6593 6593
1687 0 2 0 6644 6646
1688 0 0 6621 0 6621
1689 0 0 6543 0 6543
1690 1 0 6488 0 6489
1691 6480 0 1 0 6481
1692 1 0 6457 0 6458
1693 1 0 6390 0 6391
1694 0 0 6341 0 6341
1695 6474 0 0 0 6474
1696 0 6295 0 0 6295
1697 6408 0 0 0 6408
1698 2 6355 0 2 6359
1699 6411 0 1 0 6412
1700 7 0 6367 0 6374
1701 0 6280 0 0 6280
1702 6274 1 0 0 6275
1703 0 0 6178 0 6178
1704 5994 0 0 0 5994
1705 0 0 5936 0 5936
1706 7 0 5810 1 5818
1707 5834 0 0 0 5834
1708 0 0 0 5778 5778
1709 0 0 1 5834 5835
1710 5835 0 1 0 5836
1711 0 3 0 5804 5807
1712 4 0 5776 0 5780
1713 5680 0 1 2 5683
1714 0 0 1 5657 5658
1715 0 0 5527 0 5527
1716 5282 0 0 1 5283
1717 0 5495 0 0 5495
1718 1 5494 0 0 5495
1719 2 0 1 5397 5400
1720 0 5457 0 0 5457
1721 7 0 5462 0 5469
1722 5447 0 1 0 5448
1723 0 0 0 5433 5433
1724 0 0 0 5437 5437
1725 5390 0 1 0 5391
1726 0 1 0 5366 5367
1727 0 0 0 5321 5321
1728 4804 0 508 0 5312
1729 5224 0 0 0 5224
1730 4739 0 425 0 5164
1731 0 7 1 5043 5051
1732 0 5117 0 4 5121
1733 5148 0 1 0 5149
1734 5113 0 0 0 5113
1735 0 5091 0 0 5091
1736 5112 0 0 0 5112
1737 5026 0 1 0 5027
1738 5045 0 0 1 5046
1739 4989 0 0 0 4989
1740 0 1 1 4855 4857
1741 4876 0 79 0 4955
1742 34 0 4825 0 4859
1743 4682 0 130 0 4812
1744 0 4731 0 0 4731
1745 4568 0 0 1 4569
1746 0 4825 0 0 4825
1747 0 1 0 4759 4760
1748 4818 0 0 0 4818
1749 0 0 0 4737 4737
1750 0 0 4739 0 4739
1751 4660 0 2 2 4664
1752 0 4778 0 1 4779
1753 0 1 1 4636 4638
1754 0 0 4715 0 4715
1755 0 0 0 4598 4598
1756 1 0 4612 0 4613
1757 4685 0 5 1 4691
1758 0 0 0 4586 4586
1759 1 1 0 4578 4580
1760 0 0 4556 0 4556
1761 0 1 0 4422 4423
1762 0 0 0 4407 4407
1763 0 4 0 4416 4420
1764 0 4358 0 6 4364
1765 4411 0 0 1 4412
1766 4352 0 0 0 4352
1767 0 0 0 4297 4297
1768 4242 0 1 0 4243
1769 0 4262 0 0 4262
1770 7 0 4258 0 4265
1771 0 1 22 4103 4126
1772 0 0 0 4143 4143
1773 0 0 0 4119 4119
1774 0 0 4113 2 4115
1775 0 0 4068 3 4071
1776 4058 0 0 0 4058
1777 4030 0 20 0 4050
1778 0 0 1 3992 3993
1779 1 0 4031 0 4032
1780 0 0 0 3929 3929
1781 2 0 3910 0 3912
1782 3 0 3867 1 3871
1783 9 0 3733 0 3742
1784 0 0 3 3534 3537
1785 23 0 3613 0 3636
1786 0 0 1 3531 3532
1787 0 0 0 3584 3584
1788 0 0 0 3609 3609
1789 3512 0 0 3 3515
1790 0 0 0 3094 3094
1791 0 0 0 3064 3064
1792 0 3014 0 0 3014
1793 0 0 0 2817 2817
1794 5 2872 0 0 2877
1795 2847 0 0 0 2847
1796 2 0 0 2692 2694
1797 0 12 1 2615 2628
1798 2581 0 4 0 2585
1799 2546 0 4 0 2550
1800 2531 0 1 0 2532
1801 2451 0 0 0 2451
1802 36 0 0 2075 2111
1803 1539 0 0 0 1539
1804 1331 0 0 1 1332
1805 1262 0 0 0 1262
1806 2 0 0 1166 1168
1807 969 0 0 0 969
1808 1 0 0 850 851
1809 877 0 0 0 877
1810 854 0 0 0 854
1811 804 0 0 0 804
1812 720 0 1 0 721
1813 618 0 10 0 628
1814 552 0 0 1 553
1815 4 0 0 498 502
1816 8 7 3 0 18
