0 0 0 0 0 0
1 88 0 0 0 88
2 0 0 0 93 93
3 0 0 0 93 93
4 0 0 0 92 92
5 0 0 0 121 121
6 0 199 0 0 199
7 0 1 0 199 200
8 0 0 0 254 254
9 0 0 319 0 319
10 0 0 0 312 312
11 0 0 322 0 322
12 315 0 0 0 315
13 311 0 0 0 311
14 0 316 0 0 316
15 0 0 0 321 321
16 0 0 0 327 327
17 0 325 0 0 325
18 331 0 0 0 331
19 324 0 0 0 324
20 0 0 326 0 326
21 0 325 0 0 325
22 328 0 0 0 328
23 0 333 0 0 333
24 0 328 0 0 328
25 184 148 0 0 332
26 0 0 325 0 325
27 0 0 0 324 324
28 327 0 1 0 328
29 692 0 0 0 692
30 688 0 0 0 688
31 693 0 0 0 693
32 0 0 691 0 691
33 680 0 1 0 681
34 690 0 0 0 690
35 0 876 0 0 876
36 0 1 0 1173 1174
37 0 0 1125 45 1170
38 1166 0 0 0 1166
39 1171 0 0 0 1171
40 1174 0 0 0 1174
41 1170 0 0 0 1170
42 0 0 0 1192 1192
43 0 1191 0 1 1192
44 1222 0 0 0 1222
45 1192 0 0 0 1192
46 1206 0 1 0 1207
47 1197 0 0 0 1197
48 0 0 0 1207 1207
49 0 0 1195 0 1195
50 0 0 0 1184 1184
51 0 1211 0 0 1211
52 0 1226 0 0 1226
53 1240 0 0 0 1240
54 1237 0 0 0 1237
55 0 1238 0 1 1239
56 1232 0 0 0 1232
57 0 0 0 1369 1369
58 1 0 1365 0 1366
59 1 1 1367 0 1369
60 1354 0 0 0 1354
61 0 0 0 1374 1374
62 1431 0 0 0 1431
63 0 0 0 1435 1435
64 0 1542 0 0 1542
65 0 0 1628 0 1628
66 1524 0 91 0 1615
67 0 1667 0 0 1667
68 0 0 1694 0 1694
69 0 0 1682 0 1682
70 0 0 0 1589 1589
71 1680 0 0 0 1680
72 0 0 0 1725 1725
73 1 0 1735 0 1736
74 1727 0 0 0 1727
75 1744 0 1 0 1745
76 0 1786 0 0 1786
77 1815 0 0 0 1815
78 1 2006 0 0 2007
79 0 0 0 2035 2035
80 0 0 2162 0 2162
81 0 0 2747 0 2747
82 0 0 2735 0 2735
83 2788 0 0 0 2788
84 0 2892 0 0 2892
85 2916 0 0 0 2916
86 2936 0 1 0 2937
87 0 0 0 2951 2951
88 0 0 0 3038 3038
89 1 0 3003 0 3004
90 3003 1 1 0 3005
91 1 3053 0 0 3054
92 3250 0 2 1 3253
93 3245 0 0 0 3245
94 3217 1 0 0 3218
95 3222 0 0 0 3222
96 0 3213 0 0 3213
97 3155 0 0 0 3155
98 0 3257 0 1 3258
99 0 3200 0 47 3247
100 38 1 3243 0 3282
101 0 0 3261 0 3261
102 3198 0 2 0 3200
103 3253 0 0 0 3253
104 0 0 3282 0 3282
105 3237 0 0 0 3237
106 3323 0 0 0 3323
107 3339 1 0 0 3340
108 0 0 0 3355 3355
109 3363 0 0 0 3363
110 3335 0 0 0 3335
111 0 3365 0 0 3365
112 0 60 0 3279 3339
113 0 0 0 3376 3376
114 0 3398 0 0 3398
115 0 0 0 3373 3373
116 0 0 3372 0 3372
117 0 0 3312 1 3313
118 3031 0 319 0 3350
119 3374 0 0 0 3374
120 1 3376 0 0 3377
121 0 3373 0 0 3373
122 3387 0 1 0 3388
123 0 0 3375 0 3375
124 0 1 0 3265 3266
125 1 0 3342 0 3343
126 0 0 3296 0 3296
127 0 0 3314 1 3315
128 3353 1 0 0 3354
129 0 3388 0 0 3388
130 3390 0 0 0 3390
131 3434 0 1 0 3435
132 46 3378 0 1 3425
133 0 3670 0 0 3670
134 3689 0 1 0 3690
135 0 0 3627 0 3627
136 3626 0 0 0 3626
137 0 3636 0 0 3636
138 0 3654 0 0 3654
139 3688 1 1 0 3690
140 3685 0 0 0 3685
141 1 0 0 3646 3647
142 0 3690 0 0 3690
143 3677 0 1 0 3678
144 0 1 0 3734 3735
145 0 0 0 3757 3757
146 3802 0 0 0 3802
147 1 0 3693 0 3694
148 3726 0 0 0 3726
149 0 3761 0 0 3761
150 0 3735 0 0 3735
151 3754 0 1 0 3755
152 0 0 3678 0 3678
153 0 3726 0 2 3728
154 3774 0 1 0 3775
155 3694 0 0 0 3694
156 0 3744 0 0 3744
157 0 3739 0 0 3739
158 0 3736 0 0 3736
159 0 0 0 3668 3668
160 0 0 0 3664 3664
161 0 523 3173 0 3696
162 0 3727 0 1 3728
163 1 3732 0 0 3733
164 0 3719 0 0 3719
165 0 3728 0 0 3728
166 3665 0 0 0 3665
167 0 3761 0 0 3761
168 0 3763 0 0 3763
169 3778 1 0 1 3780
170 3742 0 0 0 3742
171 0 0 3704 0 3704
172 0 3812 0 0 3812
173 3837 0 1 0 3838
174 3826 0 0 0 3826
175 0 3836 0 0 3836
176 3929 0 0 0 3929
177 3912 0 0 0 3912
178 3883 0 0 0 3883
179 0 3906 0 0 3906
180 3 0 3816 0 3819
181 3853 0 0 0 3853
182 3760 0 0 1 3761
183 0 3823 0 0 3823
184 0 3776 0 0 3776
185 0 3822 0 0 3822
186 2 0 3749 0 3751
187 0 0 0 3588 3588
188 3683 0 0 0 3683
189 3728 0 0 0 3728
190 0 3736 0 0 3736
191 0 3687 0 0 3687
192 18 3610 0 0 3628
193 3611 0 0 0 3611
194 0 0 0 3507 3507
195 0 3604 0 0 3604
196 0 3611 0 0 3611
197 0 3731 0 1 3732
198 0 3783 0 1 3784
199 0 0 3767 0 3767
200 1 0 3581 0 3582
201 3476 0 88 0 3564
202 3641 0 0 0 3641
203 3622 0 1 0 3623
204 0 0 3595 0 3595
205 3603 0 1 0 3604
206 0 0 3610 0 3610
207 0 3733 0 1 3734
208 3733 0 0 0 3733
209 3718 0 0 0 3718
210 0 3675 0 0 3675
211 0 3665 0 1 3666
212 3707 0 0 1 3708
213 0 3779 0 0 3779
214 3739 0 2 0 3741
215 3656 0 0 0 3656
216 0 0 3617 0 3617
217 0 3663 0 0 3663
218 3679 0 0 0 3679
219 0 0 3785 0 3785
220 1 0 0 3328 3329
221 0 0 3608 0 3608
222 3663 0 5 0 3668
223 3714 0 0 1 3715
224 0 0 3739 0 3739
225 3708 0 0 0 3708
226 0 0 0 3717 3717
227 2 0 3637 0 3639
228 3619 0 0 1 3620
229 0 0 0 3660 3660
230 0 0 3705 0 3705
231 0 0 0 3599 3599
232 0 3770 0 0 3770
233 0 0 3819 0 3819
234 0 0 3748 0 3748
235 3733 0 0 1 3734
236 3784 0 0 0 3784
237 0 0 3873 0 3873
238 0 0 3830 0 3830
239 3853 0 1 0 3854
240 3880 0 1 0 3881
241 3899 0 0 0 3899
242 36 0 3781 0 3817
243 0 3789 0 3 3792
244 0 3801 0 0 3801
245 0 3827 0 0 3827
246 3870 0 0 0 3870
247 3859 0 0 0 3859
248 3865 0 0 0 3865
249 3807 0 0 0 3807
250 2 0 3851 0 3853
251 3797 1 1 0 3799
252 3896 0 0 0 3896
253 0 0 3807 0 3807
254 0 3821 0 0 3821
255 3818 0 0 0 3818
256 0 0 3688 0 3688
257 3625 0 1 0 3626
258 1 3565 0 0 3566
259 0 3543 0 0 3543
260 0 3316 0 0 3316
261 0 3343 0 0 3343
262 0 0 3246 0 3246
263 3182 0 28 1 3211
264 0 3205 0 0 3205
265 3071 0 0 0 3071
266 0 0 3094 0 3094
267 3069 0 0 0 3069
268 0 0 3100 1 3101
269 3080 0 0 0 3080
270 0 0 0 3106 3106
271 3138 0 0 0 3138
272 3093 0 0 0 3093
273 3090 0 0 0 3090
274 0 0 3045 0 3045
275 2991 0 0 0 2991
276 3017 0 0 0 3017
277 38 0 2912 0 2950
278 2967 0 0 0 2967
279 1 0 2893 1 2895
280 1 2859 0 1 2861
281 0 0 2873 0 2873
282 0 0 0 2846 2846
283 0 2944 0 0 2944
284 0 0 0 2916 2916
285 2940 0 0 0 2940
286 0 2958 0 0 2958
287 3008 1 1 0 3010
288 2985 0 0 0 2985
289 0 2980 0 0 2980
290 3034 0 1 0 3035
291 0 0 0 2993 2993
292 3 0 3048 0 3051
293 0 0 3011 0 3011
294 0 1 0 2674 2675
295 0 0 2938 0 2938
296 0 0 3312 0 3312
297 0 0 0 2972 2972
298 0 0 3251 0 3251
299 3312 0 0 0 3312
300 3391 0 0 0 3391
301 3353 0 0 0 3353
302 0 3294 0 0 3294
303 0 1 0 3256 3257
304 0 0 3292 0 3292
305 0 0 3358 0 3358
306 0 0 3478 0 3478
307 0 3433 0 0 3433
308 2 0 3449 0 3451
309 3404 0 0 0 3404
310 3445 0 0 0 3445
311 0 1 0 3450 3451
312 0 0 0 3465 3465
313 0 3435 0 0 3435
314 0 0 0 3463 3463
315 3370 0 0 0 3370
316 0 3331 0 0 3331
317 3360 0 0 0 3360
318 3316 0 0 0 3316
319 0 3313 0 0 3313
320 0 3295 1 1 3297
321 3327 0 0 0 3327
322 0 0 3309 0 3309
323 3252 0 0 0 3252
324 0 1 0 3284 3285
325 0 0 3276 0 3276
326 3234 0 0 0 3234
327 0 0 0 3225 3225
328 0 0 3254 0 3254
329 69 0 3082 0 3151
330 0 0 0 3081 3081
331 0 0 0 3039 3039
332 3096 1 0 0 3097
333 3083 0 0 1 3084
334 3056 0 0 0 3056
335 21 0 3029 1 3051
336 0 3015 0 0 3015
337 0 0 0 2992 2992
338 0 0 3012 0 3012
339 0 0 2988 0 2988
340 2951 0 0 0 2951
341 0 2927 0 0 2927
342 0 0 0 2911 2911
343 0 2941 0 1 2942
344 2995 0 0 0 2995
345 2961 0 0 0 2961
346 0 1 0 2948 2949
347 2 0 2969 0 2971
348 2953 0 0 0 2953
349 0 1 0 2915 2916
350 1 0 2878 0 2879
351 2856 0 9 0 2865
352 0 2899 0 1 2900
353 2878 0 0 0 2878
354 0 0 0 2855 2855
355 0 0 2879 0 2879
356 0 0 2857 0 2857
357 2755 0 34 2 2791
358 28 0 2786 0 2814
359 2820 0 2 0 2822
360 1 0 2821 0 2822
361 2825 0 0 0 2825
362 2818 0 0 0 2818
363 2886 0 0 0 2886
364 0 0 1 2827 2828
365 0 2902 0 0 2902
366 0 0 0 2922 2922
367 2949 0 0 0 2949
368 2909 1 0 0 2910
369 0 0 1 2865 2866
370 0 2898 0 0 2898
371 0 2931 0 0 2931
372 2979 0 1 0 2980
373 2941 0 0 0 2941
374 2933 0 0 0 2933
375 2936 0 0 0 2936
376 0 0 1 2861 2862
377 0 0 2911 0 2911
378 0 2885 0 11 2896
379 6 0 2907 0 2913
380 0 2786 1 0 2787
381 2796 0 0 0 2796
382 0 0 0 2763 2763
383 0 0 2779 0 2779
384 0 2723 0 0 2723
385 181 2590 0 1 2772
386 0 0 2846 0 2846
387 0 0 0 2725 2725
388 0 0 2772 1 2773
389 1 0 2807 0 2808
390 2824 0 0 1 2825
391 2856 0 0 0 2856
392 2870 0 0 0 2870
393 1 0 2830 0 2831
394 2784 0 0 0 2784
395 2763 0 0 0 2763
396 0 0 0 2753 2753
397 0 0 0 2745 2745
398 0 14 0 2687 2701
399 0 0 0 2695 2695
400 2725 0 0 0 2725
401 0 0 1 2671 2672
402 16 0 0 2687 2703
403 0 0 2687 0 2687
404 0 1 2606 0 2607
405 0 2571 0 0 2571
406 0 0 0 2631 2631
407 0 0 2635 0 2635
408 0 2614 1 0 2615
409 0 2657 0 1 2658
410 2724 0 0 0 2724
411 0 2716 0 0 2716
412 0 0 0 2719 2719
413 0 0 2863 0 2863
414 2826 0 1 0 2827
415 0 1 0 2843 2844
416 1 0 2833 0 2834
417 2810 0 0 0 2810
418 0 2815 0 1 2816
419 2865 0 1 0 2866
420 2922 0 0 0 2922
421 1 0 2894 0 2895
422 2881 0 1 0 2882
423 2875 0 1 0 2876
424 2870 0 0 0 2870
425 2810 0 0 0 2810
426 0 2852 0 0 2852
427 0 2820 0 0 2820
428 0 0 2790 0 2790
429 2703 0 3 0 2706
430 0 0 2719 0 2719
431 0 0 0 2558 2558
432 0 0 0 2534 2534
433 0 2579 0 0 2579
434 0 2577 0 0 2577
435 2647 0 0 0 2647
436 0 0 2623 0 2623
437 2586 0 0 1 2587
438 2615 0 0 0 2615
439 0 0 2629 0 2629
440 2550 0 0 1 2551
441 2586 0 0 0 2586
442 2592 0 0 0 2592
443 2617 0 0 0 2617
444 2606 0 0 0 2606
445 0 0 2572 0 2572
446 2568 0 0 1 2569
447 2569 0 0 0 2569
448 0 1 0 2485 2486
449 0 0 2494 0 2494
450 1 2531 0 0 2532
451 0 2643 0 0 2643
452 2646 0 14 0 2660
453 0 0 2751 0 2751
454 2663 0 22 0 2685
455 0 0 2726 0 2726
456 2709 0 0 1 2710
457 0 0 0 2604 2604
458 0 0 2655 0 2655
459 0 0 1 2604 2605
460 0 2664 0 2 2666
461 2995 0 0 0 2995
462 3021 0 0 0 3021
463 3055 0 1 0 3056
464 0 0 3059 0 3059
465 3015 0 1 0 3016
466 3036 0 1 0 3037
467 0 0 3107 0 3107
468 0 0 3122 0 3122
469 0 0 3106 2 3108
470 3101 0 0 0 3101
471 3204 0 0 0 3204
472 0 0 3311 0 3311
473 0 0 3363 0 3363
474 3466 0 0 0 3466
475 3533 1 0 0 3534
476 0 0 3559 0 3559
477 3478 0 1 0 3479
478 3434 0 0 0 3434
479 3516 0 1 0 3517
480 0 0 0 3492 3492
481 3501 0 0 0 3501
482 0 0 3477 0 3477
483 3503 0 0 0 3503
484 1 0 0 3590 3591
485 0 3629 0 2 3631
486 3645 0 0 1 3646
487 0 3643 0 0 3643
488 3707 0 1 0 3708
489 3701 0 0 0 3701
490 0 3703 0 0 3703
491 3932 0 0 0 3932
492 3899 0 0 0 3899
493 3900 0 1 0 3901
494 3930 0 0 1 3931
495 0 3966 0 11 3977
496 3862 0 74 0 3936
497 0 0 4019 0 4019
498 0 0 3976 0 3976
499 3943 0 0 0 3943
500 0 0 3925 0 3925
501 0 0 3967 0 3967
502 1 3971 0 0 3972
503 3949 0 1 0 3950
504 0 4016 0 0 4016
505 0 4091 0 0 4091
506 0 0 0 4153 4153
507 0 1 0 4204 4205
508 0 0 0 4224 4224
509 0 0 0 4236 4236
510 4269 0 0 0 4269
511 0 4273 0 0 4273
512 4354 0 0 0 4354
513 4303 0 0 0 4303
514 0 0 4309 0 4309
515 4177 0 60 0 4237
516 0 0 0 4239 4239
517 0 0 4254 1 4255
518 0 0 4225 0 4225
519 0 0 0 4084 4084
520 4227 0 0 0 4227
521 4287 0 0 0 4287
522 0 0 4262 0 4262
523 4221 0 2 0 4223
524 0 0 4247 0 4247
525 4176 0 0 0 4176
526 0 0 0 4193 4193
527 0 0 4215 0 4215
528 4221 0 0 0 4221
529 0 1 1 4216 4218
530 4241 0 0 0 4241
531 4363 0 0 0 4363
532 4343 1 0 0 4344
533 4316 0 0 0 4316
534 1 4279 0 0 4280
535 0 4225 0 0 4225
536 4349 0 0 0 4349
537 0 0 0 4302 4302
538 0 4329 0 0 4329
539 0 3 1 4302 4306
540 4336 0 0 0 4336
541 0 0 0 4385 4385
542 0 1 0 4330 4331
543 0 0 1 4318 4319
544 7 4310 0 2 4319
545 4326 0 1 0 4327
546 1 0 4261 0 4262
547 1 4218 0 1 4220
548 1 4265 0 0 4266
549 1 4341 0 0 4342
550 1 0 1 4383 4385
551 4360 0 10 0 4370
552 1 0 1 4527 4529
553 4549 1 0 0 4550
554 4625 0 0 0 4625
555 0 0 4556 0 4556
556 4532 0 0 0 4532
557 4541 0 0 0 4541
558 0 1 1 4499 4501
559 0 1 0 4522 4523
560 4417 0 1 0 4418
561 0 4477 0 1 4478
562 1 4466 0 1 4468
563 0 1 0 4478 4479
564 0 0 0 4534 4534
565 0 1 0 4530 4531
566 0 0 0 4588 4588
567 0 0 0 4665 4665
568 4716 0 0 0 4716
569 4801 0 0 0 4801
570 4816 1 0 0 4817
571 4827 0 0 0 4827
572 0 1 4845 0 4846
573 4808 1 0 1 4810
574 4828 1 0 0 4829
575 0 0 4844 0 4844
576 4732 0 3 0 4735
577 0 0 4741 2 4743
578 0 0 4730 0 4730
579 0 0 0 4550 4550
580 413 0 4315 0 4728
581 4846 0 50 3 4899
582 4931 0 1 0 4932
583 4948 0 1 0 4949
584 4985 0 0 0 4985
585 0 4969 0 0 4969
586 4994 0 0 0 4994
587 4956 0 0 0 4956
588 0 1 0 4957 4958
589 0 0 4991 0 4991
590 0 0 0 4939 4939
591 5016 0 0 0 5016
592 0 5120 0 0 5120
593 5203 0 0 1 5204
594 5267 0 0 0 5267
595 5224 0 0 0 5224
596 5170 0 0 1 5171
597 1 5173 0 1 5175
598 0 5158 0 0 5158
599 5161 0 0 1 5162
600 1 5241 0 1 5243
601 0 5042 0 208 5250
602 5232 0 1 1 5234
603 1 0 0 5227 5228
604 0 0 5256 0 5256
605 0 0 5181 2 5183
606 0 0 5227 0 5227
607 1 0 5235 0 5236
608 5218 0 0 0 5218
609 26 0 5267 0 5293
610 0 1 1 5183 5185
611 1 0 5280 0 5281
612 5272 0 0 0 5272
613 0 0 0 5233 5233
614 2 0 5237 0 5239
615 2 0 5286 0 5288
616 0 5355 0 0 5355
617 0 1 0 5383 5384
618 0 0 0 5390 5390
619 0 5347 0 0 5347
620 5364 0 2 1 5367
621 1 0 5461 0 5462
622 0 3 0 5258 5261
623 2 0 5412 0 5414
624 2 0 5449 1 5452
625 5428 0 39 0 5467
626 0 40 1 5565 5606
627 1 1 0 5678 5680
628 5659 0 0 0 5659
629 5641 0 0 0 5641
630 5593 0 0 0 5593
631 0 1 0 5589 5590
632 0 5631 0 1 5632
633 5589 0 1 0 5590
634 1 5610 0 0 5611
635 5634 0 0 0 5634
636 1 1 0 5845 5847
637 5837 0 0 0 5837
638 5857 0 0 0 5857
639 1 0 0 5846 5847
640 0 0 5846 0 5846
641 5771 0 0 1 5772
642 0 0 0 5867 5867
643 1 38 0 5988 6027
644 1 0 5991 0 5992
645 1 0 5947 4 5952
646 1 0 6074 0 6075
647 0 6161 0 0 6161
648 6356 0 0 2 6358
649 0 9 0 6413 6422
650 0 0 0 6405 6405
651 0 6424 0 0 6424
652 6442 0 0 1 6443
653 0 6476 1 2 6479
654 6557 0 1 0 6558
655 1 0 6577 0 6578
656 6405 0 0 0 6405
657 0 1 0 6576 6577
658 101 0 6639 0 6740
659 6655 2 1 0 6658
660 6649 1 0 0 6650
661 0 1 0 6696 6697
662 2 2 6666 0 6670
663 6595 0 0 1 6596
664 0 165 0 6653 6818
665 0 1 6758 1 6760
666 1 0 0 6786 6787
667 0 6816 0 1 6817
668 0 0 0 7161 7161
669 2 0 7126 0 7128
670 0 0 0 7073 7073
671 1 2 0 7106 7109
672 0 4 0 7250 7254
673 0 7249 0 2 7251
674 0 7811 0 1 7812
675 8058 1 0 0 8059
676 7950 0 0 0 7950
677 7996 1 0 0 7997
678 0 1 7879 0 7880
679 7989 0 0 0 7989
680 0 1 0 7951 7952
681 11 7986 0 1 7998
682 8151 0 0 0 8151
683 8018 1 1 0 8020
684 8011 1 1 1 8014
685 0 1 7958 0 7959
686 0 0 7949 0 7949
687 0 8054 0 1 8055
688 8017 0 1 1 8019
689 19 8112 0 0 8131
690 0 0 0 8130 8130
691 8136 0 2 0 8138
692 8254 0 1 0 8255
693 8328 1 0 0 8329
694 8331 0 1 1 8333
695 8306 1 0 0 8307
696 0 0 8268 0 8268
697 8198 1 0 0 8199
698 0 0 8379 1 8380
699 0 0 0 8247 8247
700 0 0 0 8367 8367
701 0 0 8322 1 8323
702 1 1 8145 2 8149
703 8180 1 0 0 8181
704 0 8342 0 0 8342
705 0 0 0 8283 8283
706 0 0 2 8259 8261
707 0 0 8122 0 8122
708 8098 0 2 2 8102
709 1 3 0 8103 8107
710 2 8083 1 3 8089
711 29 8125 1 0 8155
712 0 2 0 8181 8183
713 0 1 0 8225 8226
714 2 8208 2 1 8213
715 8219 2 0 0 8221
716 1 0 0 8198 8199
717 1 0 2 8245 8248
718 8187 1 1 1 8190
719 8016 0 1 2 8019
720 1 0 0 7993 7994
721 0 8143 0 0 8143
722 8099 0 0 0 8099
723 1 0 8009 0 8010
724 1 1 0 7898 7900
725 7628 1 0 1 7630
726 0 8027 0 1 8028
727 0 8198 0 0 8198
728 2 0 0 8155 8157
729 0 0 0 8194 8194
730 0 0 0 8198 8198
731 0 0 8173 1 8174
732 0 8197 0 0 8197
733 1 0 8285 0 8286
734 0 0 8284 0 8284
735 0 1 8253 0 8254
736 8320 0 1 2 8323
737 8330 0 0 0 8330
738 2 1 8277 0 8280
739 0 8186 0 1 8187
740 8257 0 0 0 8257
741 0 8336 1 1 8338
742 8362 0 0 0 8362
743 0 0 8309 0 8309
744 1 1 0 8198 8200
745 1 8189 1 1 8192
746 20 8191 0 0 8211
747 0 8232 0 1 8233
748 16 8274 0 1 8291
749 8469 2 1 0 8472
750 0 0 8537 0 8537
751 8523 0 2 0 8525
752 8393 0 2 0 8395
753 2 0 8397 1 8400
754 8427 0 0 1 8428
755 0 0 1 8343 8344
756 28 8478 0 0 8506
757 8552 0 2 1 8555
758 0 0 8540 0 8540
759 1 0 8398 2 8401
760 0 3 0 8257 8260
761 0 1 8261 0 8262
762 0 8279 0 0 8279
763 286 0 8008 2 8296
764 8078 0 2 0 8080
765 0 8321 0 0 8321
766 0 0 0 8352 8352
767 1 0 8414 1 8416
768 0 0 8444 0 8444
769 0 1 0 8098 8099
770 0 0 8536 0 8536
771 0 0 0 8611 8611
772 0 1 0 8693 8694
773 4 3 8616 0 8623
774 0 8619 0 5 8624
775 8786 0 3 0 8789
776 8752 0 0 0 8752
777 1 1 1 8627 8630
778 0 8649 0 0 8649
779 8784 0 2 0 8786
780 8763 1 0 0 8764
781 8736 0 0 44 8780
782 0 0 8874 0 8874
783 0 0 8759 0 8759
784 8684 0 1 0 8685
785 0 0 8764 9 8773
786 1 0 9429 0 9430
787 2 3 0 9137 9142
788 2 0 9754 0 9756
789 3 0 9824 0 9827
790 9790 0 0 0 9790
791 9758 0 1 0 9759
792 0 9865 0 0 9865
793 1 9871 0 0 9872
794 1 0 1 9932 9934
795 0 1 0 9982 9983
796 9988 0 2 1 9991
797 0 0 9875 1 9876
798 0 1 1 9614 9616
799 1 1 9852 3 9857
800 1 0 10186 0 10187
801 0 10336 0 0 10336
802 1 5 0 10510 10516
803 0 0 10422 0 10422
804 10526 1 0 1 10528
805 10556 0 0 0 10556
806 1 1 10582 0 10584
807 0 10536 0 0 10536
808 0 10578 0 0 10578
809 10729 0 1 0 10730
810 0 1 0 10787 10788
811 0 1 0 10938 10939
812 0 11137 0 0 11137
813 0 0 11209 0 11209
814 10859 1 0 0 10860
815 0 1 0 11143 11144
816 0 0 0 11269 11269
817 0 0 0 11394 11394
818 11185 1 0 0 11186
819 0 1 1 11326 11328
820 11285 0 1 0 11286
821 0 0 11260 0 11260
822 2 1 11196 1 11200
823 11149 1 0 0 11150
824 11172 1 1 0 11174
825 0 0 11087 0 11087
826 11068 1 3 0 11072
827 1 0 11184 1 11186
828 0 10927 0 1 10928
829 11078 0 0 0 11078
830 11014 0 0 0 11014
831 0 1 0 10934 10935
832 2 0 10860 0 10862
833 0 0 10667 0 10667
834 1 10853 0 3 10857
835 10880 0 3 1 10884
836 2 0 10814 0 10816
837 10778 0 1 5 10784
838 0 10851 0 0 10851
839 10959 0 2 1 10962
840 1 0 10918 0 10919
841 10947 1 0 0 10948
842 0 0 11164 0 11164
843 1 0 11117 0 11118
844 1 0 11046 0 11047
845 0 11054 0 2 11056
846 0 1 0 11189 11190
847 11213 0 0 0 11213
848 0 1 0 11386 11387
849 0 3 0 11426 11429
850 11313 1 1 2 11317
851 11274 0 0 1 11275
852 0 0 11432 0 11432
853 11352 0 0 0 11352
854 0 1 11219 0 11220
855 11215 0 0 0 11215
856 1 11198 0 3 11202
857 11337 0 3 1 11341
858 2 0 0 11256 11258
859 0 11370 0 2 11372
860 11403 0 1 1 11405
861 11342 2 0 0 11344
862 11298 0 0 0 11298
863 1 0 11244 0 11245
864 0 11135 0 0 11135
865 2 11275 0 4 11281
866 11306 0 0 1 11307
867 11246 0 0 1 11247
868 88 0 10976 2 11066
869 10879 0 0 1 10880
870 0 11013 0 0 11013
871 1 2 0 10934 10937
872 3 0 10857 1 10861
873 1 10789 0 2 10792
874 14 10848 0 2 10864
875 0 0 0 10912 10912
876 10757 0 0 0 10757
877 0 0 0 10855 10855
878 2 0 10772 24 10798
879 10664 0 0 0 10664
880 10753 0 2 0 10755
881 10660 0 0 1 10661
882 10559 0 1 0 10560
883 1 0 10412 0 10413
884 10087 0 0 0 10087
885 0 2 1 10041 10044
886 0 0 1 10098 10099
887 1 10084 0 0 10085
888 0 0 0 10031 10031
889 0 1 0 9969 9970
890 1 9958 0 1 9960
891 0 0 0 9967 9967
892 4 0 9923 0 9927
893 9989 0 0 0 9989
894 10001 0 0 0 10001
895 0 1 0 10041 10042
896 0 9980 0 0 9980
897 0 0 0 10040 10040
898 10038 0 1 0 10039
899 10001 0 0 2 10003
900 10032 0 0 0 10032
901 0 0 9898 1 9899
902 9781 0 1 0 9782
903 9825 0 0 0 9825
904 0 9841 0 2 9843
905 9897 0 1 0 9898
906 9849 0 0 0 9849
907 9941 0 0 0 9941
908 0 2 0 9601 9603
909 0 0 9604 0 9604
910 0 9704 0 1 9705
911 1 0 0 9559 9560
912 2 9753 0 0 9755
913 0 1 0 9665 9666
914 4 0 9628 0 9632
915 2 9663 0 3 9668
916 1 0 9596 1 9598
917 0 9585 0 0 9585
918 0 9585 0 1 9586
919 0 9562 0 1 9563
920 2 9638 0 27 9667
921 9777 1 0 0 9778
922 9672 0 2 0 9674
923 15 9614 0 1 9630
924 9702 0 2 1 9705
925 9672 0 1 0 9673
926 9429 61 3 0 9493
927 9443 3 0 0 9446
928 1 0 9240 0 9241
929 0 0 9009 0 9009
930 1 9345 0 0 9346
931 0 0 0 9138 9138
932 0 9368 2 0 9370
933 1 1 1 9482 9485
934 9557 0 2 0 9559
935 0 0 9499 0 9499
936 0 1 1 9379 9381
937 0 0 1 9436 9437
938 2 0 9418 0 9420
939 9277 0 1 1 9279
940 1 1 1 9236 9239
941 0 9273 0 0 9273
942 9392 1 0 0 9393
943 9283 0 0 0 9283
944 2 0 9640 0 9642
945 0 0 0 9065 9065
946 116 0 9331 0 9447
947 9591 0 1 0 9592
948 0 0 1 9503 9504
949 122 9573 0 42 9737
950 1 0 9666 25 9692
951 1 34 9606 0 9641
952 9638 0 1 0 9639
953 9704 0 0 0 9704
954 0 0 9567 0 9567
955 2 9934 0 1 9937
956 10055 0 2 0 10057
957 11 0 9962 0 9973
958 9915 1 20 0 9936
959 10059 0 3 1 10063
960 10019 0 0 0 10019
961 0 2 1 9880 9883
962 0 10088 0 2 10090
963 1 10087 0 1 10089
964 9962 0 97 0 10059
965 0 0 10024 1 10025
966 0 0 9735 0 9735
967 2 0 9708 0 9710
968 9820 0 0 0 9820
969 0 0 2 9734 9736
970 0 1 1 9897 9899
971 29 0 9783 0 9812
972 1 10261 0 3 10265
973 10262 1 0 0 10263
974 0 0 10207 1 10208
975 9933 1 1 2 9937
976 1 9998 0 1 10000
977 10017 0 1 0 10018
978 0 1 0 10082 10083
979 0 0 1 10206 10207
980 0 1 10089 0 10090
981 10075 0 0 0 10075
982 10088 0 1 0 10089
983 0 0 10049 0 10049
984 9730 0 0 0 9730
985 0 0 0 9686 9686
986 0 9760 0 0 9760
987 0 1 0 9818 9819
988 9798 0 0 0 9798
989 9513 1 1 1 9516
990 0 9505 0 0 9505
991 0 9527 0 1 9528
992 8 9602 0 0 9610
993 0 0 1 9536 9537
994 1 1 9455 0 9457
995 0 9534 0 1 9535
996 0 1 0 9582 9583
997 1 0 0 9576 9577
998 0 0 9504 0 9504
999 0 9517 0 2 9519
1000 0 0 0 9525 9525
1001 2 9569 0 0 9571
1002 0 0 9563 0 9563
1003 0 1 0 8984 8985
1004 9198 1 5 0 9204
1005 2 0 9338 0 9340
1006 0 2 0 8968 8970
1007 9264 1 1 0 9266
1008 0 0 0 9348 9348
1009 1 0 9358 1 9360
1010 0 0 9304 0 9304
1011 1 1 0 8889 8891
1012 0 9227 1 2 9230
1013 2 0 9275 0 9277
1014 0 1 0 9056 9057
1015 0 3 0 9327 9330
1016 2 0 9326 0 9328
1017 0 0 0 9372 9372
1018 0 0 0 9359 9359
1019 9407 9 1 0 9417
1020 0 0 9295 1 9296
1021 4 1 9102 2 9109
1022 0 9137 0 1 9138
1023 1 9191 0 3 9195
1024 3 9240 0 0 9243
1025 0 0 2 9222 9224
1026 1 9315 0 2 9318
1027 0 2 1 9372 9375
1028 0 0 9346 0 9346
1029 0 1 0 9273 9274
1030 0 0 9321 0 9321
1031 1 1 9221 2 9225
1032 0 9431 0 0 9431
1033 9429 1 0 0 9430
1034 9302 1 72 0 9375
1035 0 0 9688 0 9688
1036 0 9638 0 2 9640
1037 9721 0 0 3 9724
1038 9714 0 1 0 9715
1039 9592 0 1 1 9594
1040 2 0 9706 0 9708
1041 0 1 0 8984 8985
1042 0 0 9321 1 9322
1043 1 0 9263 2 9266
1044 0 1 0 8978 8979
1045 0 0 9082 0 9082
1046 1 9196 0 2 9199
1047 2 2 0 9216 9220
1048 0 0 0 9213 9213
1049 0 9159 0 3 9162
1050 0 9186 0 0 9186
1051 1 9195 0 1 9197
1052 9078 0 1 2 9081
1053 0 1 2 9112 9115
1054 9105 0 0 0 9105
1055 9025 1 0 0 9026
1056 0 0 8966 0 8966
1057 0 9006 0 0 9006
1058 9062 1 1 0 9064
1059 0 0 3 9163 9166
1060 0 0 0 9202 9202
1061 1 0 0 9111 9112
1062 9033 0 0 0 9033
1063 0 9025 1 3 9029
1064 2 0 8968 0 8970
1065 1 8852 0 2 8855
1066 0 8985 0 2 8987
1067 9186 0 3 0 9189
1068 8999 1 0 1 9001
1069 9049 0 0 0 9049
1070 9059 0 0 0 9059
1071 0 3 0 8983 8986
1072 8608 0 3 0 8611
1073 0 7478 0 1618 9096
1074 1 9196 0 0 9197
1075 0 0 0 8929 8929
1076 0 9219 0 1 9220
1077 9243 0 2 1 9246
1078 9121 0 0 0 9121
1079 28 9213 0 0 9241
1080 0 0 2 9098 9100
1081 9190 36 0 0 9226
1082 1 0 9232 1 9234
1083 0 0 9036 1 9037
1084 1 0 9110 0 9111
1085 0 3 0 8584 8587
1086 0 2 0 8881 8883
1087 2 9010 0 3 9015
1088 8938 0 2 0 8940
1089 8857 0 0 0 8857
1090 0 1 1 9043 9045
1091 1 0 9017 0 9018
1092 1 2 1 8932 8936
1093 0 1 1 9025 9027
1094 0 0 8898 0 8898
1095 8800 1 0 0 8801
1096 8806 1 0 0 8807
1097 1 0 8891 2 8894
1098 8810 0 1 1 8812
1099 1 0 8837 0 8838
1100 0 0 0 8597 8597
1101 8690 0 0 0 8690
1102 0 8794 1 1 8796
1103 0 0 0 8809 8809
1104 1 8882 0 0 8883
1105 2 169 0 8731 8902
1106 8708 0 0 0 8708
1107 0 0 0 8794 8794
1108 0 0 8830 0 8830
1109 0 0 8678 1 8679
1110 0 1 0 8595 8596
1111 0 1 1 8607 8609
1112 2 0 8530 1 8533
1113 0 0 8523 1 8524
1114 17 0 8484 1 8502
1115 2 4 0 8344 8350
1116 8643 0 0 0 8643
1117 0 8608 1 0 8609
1118 4 0 8635 0 8639
1119 8602 0 0 2 8604
1120 8470 0 13 0 8483
1121 0 0 8475 0 8475
1122 0 8272 0 1 8273
1123 0 8498 0 2 8500
1124 8522 0 1 0 8523
1125 0 0 0 8562 8562
1126 2 0 8507 0 8509
1127 3 0 8424 0 8427
1128 0 8415 0 2 8417
1129 0 0 1 8287 8288
1130 0 8464 0 0 8464
1131 0 0 0 8527 8527
1132 0 1 1 8644 8646
1133 0 0 0 8681 8681
1134 8626 0 3 0 8629
1135 0 8450 0 1 8451
1136 8433 0 1 1 8435
1137 8414 0 1 0 8415
1138 0 1 1 8352 8354
1139 8439 0 0 0 8439
1140 1 0 0 8212 8213
1141 4 0 8120 0 8124
1142 1 1 8034 0 8036
1143 12 8047 0 2 8061
1144 8034 1 0 1 8036
1145 8013 0 0 0 8013
1146 0 7971 0 1 7972
1147 7805 1 0 0 7806
1148 1 7880 13 0 7894
1149 0 7983 0 0 7983
1150 1 0 0 7962 7963
1151 2 0 7956 0 7958
1152 1 0 0 7904 7905
1153 1 0 0 7872 7873
1154 1 1 1 7824 7827
1155 0 7729 0 0 7729
1156 0 7751 0 2 7753
1157 7668 0 0 1 7669
1158 0 1 0 7720 7721
1159 7589 0 0 0 7589
1160 0 0 0 7596 7596
1161 0 1 0 7726 7727
1162 7678 0 0 1 7679
1163 7541 0 1 0 7542
1164 2 0 7604 0 7606
1165 7379 2 0 0 7381
1166 7426 1 1 0 7428
1167 0 0 0 7514 7514
1168 2 0 7568 0 7570
1169 2 0 7520 2 7524
1170 0 0 7429 0 7429
1171 0 1 7621 2 7624
1172 0 0 7480 0 7480
1173 7439 0 1 2 7442
1174 0 1 0 7615 7616
1175 0 0 7391 0 7391
1176 7389 2 0 0 7391
1177 1 0 0 7559 7560
1178 1 0 7549 0 7550
1179 0 7643 0 1 7644
1180 7800 0 1 1 7802
1181 7845 1 0 0 7846
1182 7774 1 2 0 7777
1183 0 0 7998 0 7998
1184 0 1 8168 1 8170
1185 8221 0 0 1 8222
1186 0 0 0 8402 8402
1187 8494 0 0 0 8494
1188 8409 1 0 0 8410
1189 8374 0 1 1 8376
1190 0 0 0 8485 8485
1191 1 8641 0 1 8643
1192 1 0 8538 0 8539
1193 1 8782 0 0 8783
1194 8882 2 0 2 8886
1195 8783 0 0 0 8783
1196 0 1 0 8920 8921
1197 0 1 1 8964 8966
1198 8888 1 0 2 8891
1199 2 1 0 8779 8782
1200 1 0 0 8759 8760
1201 0 8730 0 3 8733
1202 0 0 0 8763 8763
1203 1 1 0 8798 8800
1204 2 8793 0 1 8796
1205 8849 1 0 0 8850
1206 0 0 0 8777 8777
1207 0 0 8630 2 8632
1208 1 0 0 8562 8563
1209 0 8469 0 0 8469
1210 0 0 0 8423 8423
1211 0 0 0 8454 8454
1212 1 0 8380 0 8381
1213 1 8377 0 0 8378
1214 0 0 0 8412 8412
1215 0 1 0 8409 8410
1216 0 8521 0 1 8522
1217 2 0 8459 1 8462
1218 0 0 8188 0 8188
1219 8164 0 113 0 8277
1220 0 0 7881 0 7881
1221 0 8129 0 1 8130
1222 0 0 0 8303 8303
1223 26 0 8294 1 8321
1224 1 8199 0 1 8201
1225 0 8337 0 1 8338
1226 0 0 0 8409 8409
1227 8368 3 0 0 8371
1228 1 0 0 8412 8413
1229 3 0 8361 0 8364
1230 8221 0 1 0 8222
1231 8387 2 0 0 8389
1232 0 0 8260 0 8260
1233 8130 0 0 2 8132
1234 1 8372 0 11 8384
1235 0 8458 0 2 8460
1236 0 0 0 8503 8503
1237 20 0 8528 0 8548
1238 8495 0 0 0 8495
1239 63 0 8408 0 8471
1240 8294 0 0 0 8294
1241 0 0 8789 0 8789
1242 0 0 0 8787 8787
1243 0 1 0 8880 8881
1244 0 2 0 8959 8961
1245 1 0 0 8991 8992
1246 2 0 8660 1 8663
1247 0 0 0 8695 8695
1248 0 8750 0 2 8752
1249 0 0 0 8819 8819
1250 3 0 8755 0 8758
1251 21 8743 1 0 8765
1252 8726 0 0 0 8726
1253 0 0 0 8815 8815
1254 1 1 0 8805 8807
1255 8712 0 1 0 8713
1256 8498 0 3 1 8502
1257 0 8736 0 3 8739
1258 1 8843 0 2 8846
1259 1 0 8739 0 8740
1260 15 0 8633 0 8648
1261 0 8673 0 0 8673
1262 8908 0 3 1 8912
1263 0 9366 0 1 9367
1264 9532 0 3 0 9535
1265 0 0 9457 0 9457
1266 9487 0 0 0 9487
1267 9484 0 1 1 9486
1268 0 0 0 9702 9702
1269 0 4 1 9541 9546
1270 0 9557 0 2 9559
1271 9618 0 1 0 9619
1272 9687 0 1 0 9688
1273 2 0 9607 1 9610
1274 0 9449 0 2 9451
1275 0 9516 0 2 9518
1276 0 0 0 9619 9619
1277 9649 0 0 0 9649
1278 1 0 9602 0 9603
1279 9577 1 0 0 9578
1280 0 2 20 9447 9469
1281 0 9601 0 2 9603
1282 9657 0 1 1 9659
1283 2 0 9617 1 9620
1284 5 9590 0 1 9596
1285 9630 0 2 0 9632
1286 0 0 1 9661 9662
1287 0 1 0 9717 9718
1288 9900 0 4 1 9905
1289 9808 1 0 0 9809
1290 9808 0 1 0 9809
1291 9801 0 1 0 9802
1292 0 1 0 9792 9793
1293 1 0 9809 1 9811
1294 0 9774 0 1 9775
1295 9684 0 1 0 9685
1296 9580 0 0 0 9580
1297 1 0 9741 0 9742
1298 0 0 9585 0 9585
1299 0 0 9622 0 9622
1300 0 0 0 9451 9451
1301 0 1 1 9643 9645
1302 1 2 0 9691 9694
1303 0 9611 1 1 9613
1304 0 9724 1 2 9727
1305 9747 0 2 0 9749
1306 0 0 0 9778 9778
1307 0 0 9900 1 9901
1308 1 5 0 9762 9768
1309 0 0 0 9760 9760
1310 1 9742 0 1 9744
1311 1 9935 0 4 9940
1312 9955 0 2 0 9957
1313 1 1 9951 0 9953
1314 0 9823 0 0 9823
1315 10041 0 0 1 10042
1316 9990 0 3 0 9993
1317 9943 1 0 0 9944
1318 0 1 10117 0 10118
1319 2 0 9984 0 9986
1320 9906 0 0 0 9906
1321 9990 0 0 0 9990
1322 0 10058 0 0 10058
1323 10019 0 0 1 10020
1324 0 0 10163 0 10163
1325 0 0 10114 1 10115
1326 2 2 0 9438 9442
1327 9934 0 1 1 9936
1328 0 0 10057 1 10058
1329 9866 0 1 0 9867
1330 9992 0 0 0 9992
1331 1 0 10147 0 10148
1332 3 0 10121 0 10124
1333 10142 0 44 0 10186
1334 10192 0 4 0 10196
1335 0 1 0 10221 10222
1336 4 1 10269 0 10274
1337 1 0 10103 0 10104
1338 1 0 10148 1 10150
1339 9995 0 1 0 9996
1340 1 0 10435 0 10436
1341 1 10433 0 2 10436
1342 10560 0 0 0 10560
1343 1 0 10611 0 10612
1344 0 10736 0 1 10737
1345 0 0 0 10673 10673
1346 0 10886 0 0 10886
1347 0 1 0 11042 11043
1348 176 0 10809 2 10987
1349 10793 0 0 0 10793
1350 1 2 1 10915 10919
1351 0 0 10970 0 10970
1352 1 2 1 10740 10744
1353 0 10798 0 2 10800
1354 1 10985 0 1 10987
1355 11124 1 2 0 11127
1356 0 0 0 11115 11115
1357 0 11180 1 0 11181
1358 11239 0 0 0 11239
1359 11175 0 1 0 11176
1360 0 0 11119 0 11119
1361 0 11119 0 1 11120
1362 0 3 0 11093 11096
1363 0 10866 0 0 10866
1364 0 11104 0 0 11104
1365 11107 0 1 0 11108
1366 0 0 11190 2 11192
1367 0 1 0 10799 10800
1368 0 0 0 10898 10898
1369 0 1 0 11022 11023
1370 0 0 0 11089 11089
1371 3 0 11007 0 11010
1372 0 0 10627 0 10627
1373 0 0 10645 0 10645
1374 0 10489 0 0 10489
1375 1 1 0 10478 10480
1376 0 10592 0 0 10592
1377 0 10815 0 4 10819
1378 42 0 10703 0 10745
1379 10462 0 1 0 10463
1380 0 1 0 10537 10538
1381 2 0 10457 0 10459
1382 10231 0 2 0 10233
1383 0 10399 0 0 10399
1384 0 10493 0 1 10494
1385 10568 0 1 1 10570
1386 0 0 10573 0 10573
1387 10361 0 2 0 10363
1388 3 0 1 10426 10430
1389 0 10607 0 0 10607
1390 0 2 1 10683 10686
1391 3 0 10688 0 10691
1392 2 0 10716 0 10718
1393 0 0 10727 1 10728
1394 1 1 10685 1 10688
1395 0 0 10683 0 10683
1396 7 0 10670 0 10677
1397 10600 1 0 0 10601
1398 10740 0 0 0 10740
1399 0 10918 0 1 10919
1400 3 0 10763 0 10766
1401 10710 0 0 2 10712
1402 10746 0 0 0 10746
1403 0 0 10872 1 10873
1404 1 1 1 10082 10085
1405 10594 0 0 0 10594
1406 1 0 10798 0 10799
1407 0 1 10695 1 10697
1408 0 2 3 9840 9845
1409 0 1 10543 0 10544
1410 1 0 10739 0 10740
1411 10527 0 0 1 10528
1412 1 0 10782 0 10783
1413 10708 0 0 6 10714
1414 0 10876 0 0 10876
1415 0 0 10859 1 10860
1416 0 0 10792 0 10792
1417 10582 0 1 0 10583
1418 1 0 10454 0 10455
1419 1 0 10347 0 10348
1420 0 0 10393 1 10394
1421 1 0 2 9872 9875
1422 1 10364 0 1 10366
1423 0 2 0 10508 10510
1424 2 0 10321 1 10324
1425 5 0 10254 0 10259
1426 1 10113 0 26 10140
1427 0 10191 0 1 10192
1428 10273 0 22 2 10297
1429 10278 0 0 0 10278
1430 10314 0 0 2 10316
1431 1 2 1 10401 10405
1432 10440 0 1 0 10441
1433 10323 0 1 0 10324
1434 0 0 10284 0 10284
1435 3 10077 0 1 10081
1436 0 1 3 9889 9893
1437 0 0 9919 0 9919
1438 0 9813 0 0 9813
1439 9848 0 4 0 9852
1440 1 0 9602 0 9603
1441 0 9211 0 0 9211
1442 0 9220 0 1 9221
1443 0 9403 0 2 9405
1444 9491 0 2 0 9493
1445 0 0 9375 0 9375
1446 0 0 1 8850 8851
1447 0 0 9199 0 9199
1448 0 0 2 8903 8905
1449 0 0 2 9077 9079
1450 0 4 2 9148 9154
1451 0 1 9121 0 9122
1452 0 8917 0 3 8920
1453 8908 0 0 0 8908
1454 1 1 8939 0 8941
1455 0 0 0 8613 8613
1456 8500 0 0 0 8500
1457 0 0 8595 0 8595
1458 8527 0 1 1 8529
1459 0 0 8562 0 8562
1460 8498 0 0 0 8498
1461 0 0 8618 0 8618
1462 8405 0 2 2 8409
1463 2 8423 38 19 8482
1464 1 8559 0 1 8561
1465 0 0 2 8617 8619
1466 8586 0 1 0 8587
1467 0 1 1 8586 8588
1468 0 1 1 8566 8568
1469 2 0 8438 1 8441
1470 0 8411 0 0 8411
1471 0 0 0 8396 8396
1472 1 8456 0 0 8457
1473 1 0 1 8534 8536
1474 7880 0 601 0 8481
1475 8483 0 0 0 8483
1476 27 0 8429 0 8456
1477 1 8362 0 2 8365
1478 8426 0 2 1 8429
1479 8358 0 0 1 8359
1480 1 0 8349 0 8350
1481 0 8153 0 1 8154
1482 8221 0 3 0 8224
1483 8082 0 0 0 8082
1484 0 0 8174 1 8175
1485 0 7885 0 0 7885
1486 0 2 0 7768 7770
1487 2 0 7827 0 7829
1488 0 1 1 7710 7712
1489 7703 0 0 0 7703
1490 7653 0 0 1 7654
1491 0 0 7632 0 7632
1492 7609 0 3 0 7612
1493 7642 0 0 0 7642
1494 0 0 7514 1 7515
1495 7554 0 0 0 7554
1496 7570 0 1 0 7571
1497 0 0 0 7533 7533
1498 1 0 7539 1 7541
1499 0 7581 0 1 7582
1500 0 2 0 7707 7709
1501 0 0 7614 0 7614
1502 0 0 1 7538 7539
1503 1 7515 0 2 7518
1504 7498 0 0 0 7498
1505 7310 0 0 1 7311
1506 0 0 1 7340 7341
1507 3 0 7372 1 7376
1508 7338 0 1 0 7339
1509 7270 0 0 1 7271
1510 0 0 2 7209 7211
1511 7258 0 20 0 7278
1512 0 1 0 7177 7178
1513 0 0 0 7234 7234
1514 1 0 7225 0 7226
1515 7000 0 0 0 7000
1516 0 0 7004 0 7004
1517 1 0 6816 0 6817
1518 1 0 6818 0 6819
1519 3 0 6876 0 6879
1520 0 6809 0 0 6809
1521 3 0 7103 0 7106
1522 0 0 1 6684 6685
1523 1 0 6880 0 6881
1524 7053 0 0 0 7053
1525 0 0 0 7017 7017
1526 3 0 7000 0 7003
1527 0 7004 2 3 7009
1528 6987 1 3 0 6991
1529 0 0 7010 1 7011
1530 6881 0 0 0 6881
1531 0 1 0 7027 7028
1532 0 0 7130 0 7130
1533 0 0 0 6865 6865
1534 0 6840 0 1 6841
1535 6972 0 0 1 6973
1536 6946 1 0 1 6948
1537 7117 1 0 0 7118
1538 3 0 7032 0 7035
1539 2 0 6856 0 6858
1540 6783 0 0 0 6783
1541 6825 0 1 0 6826
1542 6733 0 1 2 6736
1543 0 0 0 6544 6544
1544 0 6557 0 0 6557
1545 0 0 0 6569 6569
1546 6515 1 1 0 6517
1547 0 6471 0 1 6472
1548 0 2 0 6370 6372
1549 0 6396 0 0 6396
1550 6448 0 2 0 6450
1551 6438 0 0 0 6438
1552 1 0 6492 1 6494
1553 6531 0 0 1 6532
1554 0 0 1 6547 6548
1555 0 0 6495 1 6496
1556 6486 0 1 0 6487
1557 0 1 0 6495 6496
1558 3 0 6514 1 6518
1559 6374 1 0 0 6375
1560 6353 1 0 0 6354
1561 0 1 1 6326 6328
1562 2 0 6298 28 6328
1563 6365 0 0 0 6365
1564 2 6275 0 0 6277
1565 0 0 0 6272 6272
1566 0 6179 0 41 6220
1567 6415 0 0 0 6415
1568 6338 0 0 0 6338
1569 1 0 0 6326 6327
1570 1 0 6210 49 6260
1571 2 0 6202 1 6205
1572 1 6126 0 0 6127
1573 0 0 2 6321 6323
1574 6310 1 0 0 6311
1575 6255 0 0 0 6255
1576 0 0 6231 1 6232
1577 6279 0 0 0 6279
1578 6381 1 1 0 6383
1579 6392 0 0 0 6392
1580 6264 0 0 0 6264
1581 0 6337 1 0 6338
1582 1 6280 0 1 6282
1583 6321 0 0 0 6321
1584 0 0 6175 1 6176
1585 0 1 0 5977 5978
1586 0 0 6015 2 6017
1587 3 0 6053 2 6058
1588 6082 0 2 0 6084
1589 6056 0 38 0 6094
1590 6044 1 0 1 6046
1591 0 0 2 5884 5886
1592 0 0 5824 1 5825
1593 1 5751 0 0 5752
1594 0 0 1 5761 5762
1595 1 0 1 5603 5605
1596 0 0 1 5490 5491
1597 0 5454 0 0 5454
1598 5322 0 9 0 5331
1599 0 0 0 5219 5219
1600 0 0 0 5305 5305
1601 0 0 5221 0 5221
1602 0 0 5193 1 5194
1603 0 0 5141 0 5141
1604 5138 0 0 0 5138
1605 5105 0 0 1 5106
1606 0 0 5055 0 5055
1607 4999 0 0 1 5000
1608 4994 0 0 0 4994
1609 4972 0 0 0 4972
1610 4907 0 0 1 4908
1611 0 2 0 4790 4792
1612 0 0 4832 0 4832
1613 0 3 0 4583 4586
1614 0 0 0 4718 4718
1615 2 11 0 4663 4676
1616 1 4720 0 0 4721
1617 4721 0 0 0 4721
1618 4698 1 1 0 4700
1619 4674 1 0 1 4676
1620 0 1 3 4584 4588
1621 4532 0 0 0 4532
1622 0 0 2 4418 4420
1623 2 4532 0 0 4534
1624 4545 0 0 0 4545
1625 3 0 4388 0 4391
1626 4274 0 1 0 4275
1627 0 4346 0 0 4346
1628 4500 0 1 0 4501
1629 4483 0 0 0 4483
1630 4466 0 1 0 4467
1631 4453 0 0 0 4453
1632 4404 0 0 0 4404
1633 2 4383 0 0 4385
1634 4397 0 1 0 4398
1635 4420 0 19 0 4439
1636 4385 0 0 0 4385
1637 4325 0 1 0 4326
1638 1 4170 0 141 4312
1639 1 4314 0 0 4315
1640 4331 0 0 0 4331
1641 4318 0 0 0 4318
1642 0 1 0 4105 4106
1643 0 4242 0 0 4242
1644 0 4240 0 1 4241
1645 0 4213 0 0 4213
1646 4252 0 0 1 4253
1647 0 0 2 4093 4095
1648 0 1 0 4182 4183
1649 1 0 4249 1 4251
1650 4258 0 2 0 4260
1651 4343 0 0 0 4343
1652 4296 1 1 0 4298
1653 0 1 0 4241 4242
1654 0 2 3 4211 4216
1655 1 4242 0 0 4243
1656 0 4256 0 1 4257
1657 4251 1 0 0 4252
1658 4208 1 0 0 4209
1659 1 0 0 4162 4163
1660 1 0 1 4186 4188
1661 4235 0 1 0 4236
1662 4212 0 0 0 4212
1663 0 0 4138 0 4138
1664 18 4053 0 0 4071
1665 4014 0 0 0 4014
1666 0 0 3954 1 3955
1667 3843 1 0 1 3845
1668 1 3856 0 1 3858
1669 0 3835 0 0 3835
1670 3855 1 0 0 3856
1671 0 1 1 3818 3820
1672 0 3837 0 0 3837
1673 0 3815 0 0 3815
1674 2 3802 0 0 3804
1675 27 3783 0 3 3813
1676 3793 0 0 0 3793
1677 3757 0 0 0 3757
1678 0 0 1 3742 3743
1679 0 1 2 3749 3752
1680 0 0 1 3721 3722
1681 0 3758 0 0 3758
1682 0 0 1 3778 3779
1683 1 0 0 3690 3691
1684 1 3618 0 1 3620
1685 1 1 0 3501 3503
1686 1 1 0 3610 3612
1687 0 0 0 3630 3630
1688 0 0 3554 0 3554
1689 0 0 3535 0 3535
1690 0 0 3571 1 3572
1691 3467 0 51 0 3518
1692 0 0 3506 0 3506
1693 0 0 3499 0 3499
1694 1 0 3518 0 3519
1695 3493 1 0 0 3494
1696 1 3398 0 1 3400
1697 3345 0 0 0 3345
1698 2 3346 1 1 3350
1699 3381 0 0 0 3381
1700 1 0 3347 0 3348
1701 0 3266 0 0 3266
1702 3258 0 0 1 3259
1703 0 0 3195 0 3195
1704 3158 0 0 0 3158
1705 0 0 3144 0 3144
1706 0 0 3092 0 3092
1707 3094 0 0 0 3094
1708 0 0 0 3094 3094
1709 0 0 0 3093 3093
1710 2973 0 0 112 3085
1711 0 5 1 3079 3085
1712 0 0 2973 0 2973
1713 2945 0 0 0 2945
1714 0 1 1 2937 2939
1715 0 0 2911 1 2912
1716 2846 0 0 1 2847
1717 0 2895 0 0 2895
1718 0 2857 0 0 2857
1719 0 0 0 2805 2805
1720 1 2851 0 0 2852
1721 3 0 2793 0 2796
1722 2715 0 1 0 2716
1723 0 0 0 2747 2747
1724 0 0 0 2750 2750
1725 2722 0 0 0 2722
1726 0 0 0 2693 2693
1727 0 0 0 2677 2677
1728 2679 0 0 0 2679
1729 2650 0 1 0 2651
1730 2613 0 0 0 2613
1731 0 1 0 2581 2582
1732 0 2634 0 0 2634
1733 2659 0 1 0 2660
1734 2387 0 0 0 2387
1735 4 2377 0 0 2381
1736 2410 0 1 0 2411
1737 2393 0 0 0 2393
1738 2390 0 0 0 2390
1739 2383 0 0 0 2383
1740 0 1 0 2343 2344
1741 2372 0 0 0 2372
1742 0 0 2343 0 2343
1743 2316 0 0 0 2316
1744 0 2307 0 0 2307
1745 2224 0 0 0 2224
1746 0 2344 0 0 2344
1747 0 0 0 2259 2259
1748 2276 0 0 0 2276
1749 1 0 0 2222 2223
1750 0 0 2196 0 2196
1751 2184 0 0 0 2184
1752 0 2235 0 0 2235
1753 0 0 0 2178 2178
1754 1 0 2208 0 2209
1755 1 0 0 2174 2175
1756 1 0 2187 0 2188
1757 2182 0 0 0 2182
1758 0 0 0 2156 2156
1759 0 0 1 2184 2185
1760 1 0 2079 0 2080
1761 0 0 0 2025 2025
1762 0 0 0 2045 2045
1763 0 0 0 2052 2052
1764 1 1901 0 1 1903
1765 1943 0 0 0 1943
1766 1892 0 0 0 1892
1767 0 0 0 1900 1900
1768 1896 0 0 0 1896
1769 0 1915 0 0 1915
1770 0 0 1917 0 1917
1771 0 0 0 1821 1821
1772 0 0 0 1840 1840
1773 0 0 0 1790 1790
1774 0 0 1785 0 1785
1775 0 0 1733 0 1733
1776 1727 0 1 0 1728
1777 1734 0 1 0 1735
1778 0 0 0 1729 1729
1779 1 0 1742 0 1743
1780 0 0 0 1705 1705
1781 0 0 1716 0 1716
1782 1 0 1686 0 1687
1783 0 0 1588 0 1588
1784 0 0 0 1541 1541
1785 76 0 1499 0 1575
1786 0 0 0 1550 1550
1787 0 0 0 1572 1572
1788 0 0 0 1583 1583
1789 1562 0 0 0 1562
1790 0 0 0 1505 1505
1791 0 0 0 1458 1458
1792 0 1473 0 0 1473
1793 0 0 1 1410 1411
1794 1 1455 0 0 1456
1795 1345 0 0 0 1345
1796 0 0 0 1288 1288
1797 0 0 0 1316 1316
1798 1258 0 62 0 1320
1799 1320 0 0 0 1320
1800 1316 0 0 0 1316
1801 1301 0 0 0 1301
1802 0 0 0 1166 1166
1803 764 0 0 0 764
1804 734 0 2 0 736
1805 709 0 0 0 709
1806 0 0 0 607 607
1807 480 0 0 0 480
1808 0 0 0 455 455
1809 455 0 0 0 455
1810 455 0 0 0 455
1811 402 0 0 0 402
1812 297 0 20 0 317
1813 292 0 0 0 292
1814 261 0 0 0 261
1815 0 0 0 218 218
1816 0 0 0 0 0
