0 0 0 0 0 0
1 86 0 0 0 86
2 0 0 0 127 127
3 0 0 0 127 127
4 0 0 0 127 127
5 0 0 0 143 143
6 0 204 0 0 204
7 0 0 0 243 243
8 0 0 0 409 409
9 1 0 622 0 623
10 0 0 0 649 649
11 1 0 651 31 683
12 694 0 0 0 694
13 687 1 0 0 688
14 0 705 0 0 705
15 0 0 0 727 727
16 0 0 0 724 724
17 0 734 0 0 734
18 744 0 0 0 744
19 729 0 0 0 729
20 0 0 723 0 723
21 0 720 0 0 720
22 710 0 0 0 710
23 0 721 0 0 721
24 0 728 0 0 728
25 506 52 0 171 729
26 0 0 738 0 738
27 0 0 0 733 733
28 737 0 0 0 737
29 1118 0 0 0 1118
30 1126 0 0 0 1126
31 1143 0 0 0 1143
32 0 0 1216 0 1216
33 1190 1 0 0 1191
34 1214 1 0 0 1215
35 0 1287 0 0 1287
36 0 0 1 1677 1678
37 12 0 1672 0 1684
38 1697 0 0 1 1698
39 1705 0 0 0 1705
40 1690 0 0 0 1690
41 1782 0 0 0 1782
42 0 0 0 1785 1785
43 1 1795 0 0 1796
44 1853 0 0 0 1853
45 1839 0 0 0 1839
46 1824 0 0 0 1824
47 1824 1 0 0 1825
48 0 0 0 1844 1844
49 0 0 1861 0 1861
50 0 0 0 1801 1801
51 0 1836 0 8 1844
52 0 1865 0 0 1865
53 1865 0 16 0 1881
54 1885 0 0 0 1885
55 0 1880 0 1 1881
56 1882 0 0 0 1882
57 0 0 0 2208 2208
58 1 0 2229 0 2230
59 0 0 2176 22 2198
60 2181 0 1 0 2182
61 1 303 0 1953 2257
62 2294 0 13 1 2308
63 0 0 0 2315 2315
64 1 2524 0 0 2525
65 0 0 2643 0 2643
66 2486 1 82 47 2616
67 0 2711 0 26 2737
68 0 0 2768 0 2768
69 0 0 2772 0 2772
70 0 1 0 2737 2738
71 2869 0 0 0 2869
72 0 0 0 3116 3116
73 1 0 3165 0 3166
74 3202 0 0 0 3202
75 3199 0 0 0 3199
76 2 3201 1 0 3204
77 3190 0 0 0 3190
78 1 3262 0 0 3263
79 0 0 0 3267 3267
80 0 0 3379 1 3380
81 0 0 4632 0 4632
82 0 0 4635 0 4635
83 4679 0 0 0 4679
84 0 4771 0 3 4774
85 4932 0 1 0 4933
86 4874 0 1 0 4875
87 0 0 0 4933 4933
88 0 0 0 4993 4993
89 4 0 4957 0 4961
90 4918 0 68 0 4986
91 0 5076 1 1 5078
92 5218 0 0 1 5219
93 5204 0 3 0 5207
94 5141 1 0 0 5142
95 5144 0 0 0 5144
96 0 5196 0 0 5196
97 5118 0 0 0 5118
98 0 5267 0 0 5267
99 11 5231 0 68 5310
100 0 0 5374 0 5374
101 2 0 5337 0 5339
102 5247 0 0 0 5247
103 5340 0 1 0 5341
104 0 0 5348 0 5348
105 5295 0 1 0 5296
106 5376 0 0 0 5376
107 5405 0 1 0 5406
108 0 1 0 5415 5416
109 5415 0 0 0 5415
110 5397 1 0 0 5398
111 0 5466 0 0 5466
112 0 0 0 5412 5412
113 0 1 0 5485 5486
114 1 5527 0 0 5528
115 0 0 0 5509 5509
116 1 0 5494 0 5495
117 0 0 5435 0 5435
118 5478 0 0 0 5478
119 5538 0 0 0 5538
120 13 5533 0 0 5546
121 0 5569 0 0 5569
122 5639 1 0 0 5640
123 0 0 5634 0 5634
124 0 0 0 5443 5443
125 0 0 5544 0 5544
126 1 0 5507 0 5508
127 1 1 5522 0 5524
128 5518 0 0 1 5519
129 0 5611 0 2 5613
130 5642 0 1 0 5643
131 5626 0 0 0 5626
132 0 5608 0 0 5608
133 1 5642 0 1 5644
134 5650 0 0 0 5650
135 0 0 5590 0 5590
136 5572 0 0 0 5572
137 0 5577 0 0 5577
138 1 5603 0 0 5604
139 5636 0 1 2 5639
140 5525 1 55 0 5581
141 0 1 0 5571 5572
142 13 5605 0 1 5619
143 5640 0 1 0 5641
144 0 0 0 5593 5593
145 0 469 0 5121 5590
146 5637 0 0 0 5637
147 0 0 5525 0 5525
148 5531 1 1 1 5534
149 1 5572 0 0 5573
150 0 5540 0 0 5540
151 5598 0 1 0 5599
152 1 0 5476 0 5477
153 0 5508 0 0 5508
154 5569 0 0 0 5569
155 5514 0 0 0 5514
156 0 5530 0 17 5547
157 0 5548 0 1 5549
158 0 5509 0 1 5510
159 0 0 0 5457 5457
160 0 1 0 5410 5411
161 0 989 4410 0 5399
162 0 5421 0 9 5430
163 9 5468 0 1 5478
164 0 5527 0 2 5529
165 0 5509 0 0 5509
166 5420 0 39 1 5460
167 0 5492 0 0 5492
168 0 5487 0 0 5487
169 5515 0 1 0 5516
170 5480 0 0 0 5480
171 1 0 5431 0 5432
172 0 5512 0 0 5512
173 5565 1 0 0 5566
174 5549 0 1 1 5551
175 0 5528 0 0 5528
176 5575 0 2 0 5577
177 5508 0 1 0 5509
178 5480 0 0 0 5480
179 0 5450 0 2 5452
180 3 0 5375 0 5378
181 5439 2 0 0 5441
182 5360 0 0 0 5360
183 0 5416 0 0 5416
184 0 5435 0 0 5435
185 0 5484 0 0 5484
186 0 0 5459 1 5460
187 0 0 0 5147 5147
188 5271 0 0 0 5271
189 5292 0 0 0 5292
190 0 5333 0 0 5333
191 0 5320 0 0 5320
192 0 5234 0 1 5235
193 5264 0 0 0 5264
194 0 1 0 5118 5119
195 0 5219 0 0 5219
196 0 5210 0 13 5223
197 0 5210 1 65 5276
198 13 5342 0 1 5356
199 62 0 5283 0 5345
200 0 0 5171 0 5171
201 5079 0 15 0 5094
202 5158 0 0 0 5158
203 5221 0 0 1 5222
204 1 0 5202 0 5203
205 5231 0 0 0 5231
206 2 0 5269 1 5272
207 0 5400 0 1 5401
208 5466 0 1 2 5469
209 5421 0 1 1 5423
210 0 5474 0 1 5475
211 2 5413 0 0 5415
212 5367 0 2 0 5369
213 0 5465 0 13 5478
214 5477 0 0 0 5477
215 5408 0 0 0 5408
216 0 0 5389 0 5389
217 0 5399 0 0 5399
218 5361 0 21 0 5382
219 0 0 5423 0 5423
220 0 2 0 4875 4877
221 0 0 5220 0 5220
222 5277 0 0 0 5277
223 5364 0 0 0 5364
224 0 0 5412 0 5412
225 5369 0 0 0 5369
226 0 1 0 5384 5385
227 1 0 5344 0 5345
228 5332 0 0 0 5332
229 0 6 0 5381 5387
230 0 0 5453 0 5453
231 0 0 0 5202 5202
232 0 5419 0 26 5445
233 1 0 5496 0 5497
234 0 0 5442 0 5442
235 5450 0 1 0 5451
236 5497 0 0 0 5497
237 361 0 5284 0 5645
238 0 0 5613 0 5613
239 5568 0 0 2 5570
240 5645 0 0 0 5645
241 5679 0 1 0 5680
242 46 0 5475 0 5521
243 0 5529 12 9 5550
244 0 5577 1 1 5579
245 0 5426 0 2 5428
246 5500 0 0 0 5500
247 5573 0 0 0 5573
248 5752 0 0 0 5752
249 5634 0 0 0 5634
250 1 0 5686 0 5687
251 5698 0 0 0 5698
252 5728 0 0 0 5728
253 0 0 5609 0 5609
254 0 5608 0 0 5608
255 5674 0 0 0 5674
256 0 0 5383 0 5383
257 5405 0 0 0 5405
258 0 5438 0 0 5438
259 1 5370 0 0 5371
260 0 5370 0 0 5370
261 0 5396 0 1 5397
262 0 0 5342 0 5342
263 5223 0 0 0 5223
264 0 5235 0 1 5236
265 5189 0 0 0 5189
266 0 0 5187 0 5187
267 5113 0 0 0 5113
268 0 0 5170 0 5170
269 5163 0 0 0 5163
270 0 0 0 5158 5158
271 5215 0 0 0 5215
272 5209 0 0 0 5209
273 5202 0 0 0 5202
274 55 1 4999 0 5055
275 4980 0 0 1 4981
276 4971 0 4 0 4975
277 0 0 4902 0 4902
278 4940 5 12 0 4957
279 0 0 4822 0 4822
280 4 4737 0 0 4741
281 0 0 4783 1 4784
282 0 1 0 4631 4632
283 0 4766 0 0 4766
284 8 2 0 4738 4748
285 4815 0 1 0 4816
286 0 4868 0 1 4869
287 4866 1 1 0 4868
288 4830 0 2 0 4832
289 0 4811 2 0 4813
290 4791 1 2 2 4796
291 2 0 0 4775 4777
292 1 0 4863 0 4864
293 1 0 4797 0 4798
294 0 0 0 4136 4136
295 0 0 4601 0 4601
296 2 0 4908 0 4910
297 0 1 0 4388 4389
298 1 0 4742 0 4743
299 4829 0 1 0 4830
300 4845 0 0 1 4846
301 4594 0 264 0 4858
302 0 4891 0 0 4891
303 0 0 0 4849 4849
304 0 0 4846 0 4846
305 0 0 5051 0 5051
306 1 0 5101 0 5102
307 0 5060 0 0 5060
308 8 0 5088 0 5096
309 5070 0 6 0 5076
310 5014 0 0 0 5014
311 0 0 0 5045 5045
312 0 1 0 5078 5079
313 0 5023 0 1 5024
314 0 0 0 5039 5039
315 5055 0 0 0 5055
316 0 5065 1 1 5067
317 5053 0 0 0 5053
318 4987 0 0 0 4987
319 0 4986 0 0 4986
320 0 4978 0 0 4978
321 5045 0 0 0 5045
322 0 0 5010 0 5010
323 4922 1 0 0 4923
324 0 0 0 4938 4938
325 0 0 5002 0 5002
326 4932 0 2 0 4934
327 1 2 0 4932 4935
328 1 0 4998 0 4999
329 59 0 4914 0 4973
330 0 0 0 4825 4825
331 0 0 0 4908 4908
332 4925 0 0 0 4925
333 4887 0 1 0 4888
334 4863 0 3 0 4866
335 1 0 4865 0 4866
336 0 4857 0 1 4858
337 0 3 0 4845 4848
338 0 0 4847 15 4862
339 2 0 4857 2 4861
340 4805 0 1 1 4807
341 0 4833 0 0 4833
342 0 1 0 4774 4775
343 42 4745 0 3 4790
344 4927 0 1 0 4928
345 4946 0 0 0 4946
346 0 0 0 4888 4888
347 1 0 4941 0 4942
348 4884 0 2 1 4887
349 1 0 0 4860 4861
350 0 0 4882 1 4883
351 4845 0 1 1 4847
352 1 4843 0 1 4845
353 4855 0 0 0 4855
354 0 0 0 4834 4834
355 0 0 4856 0 4856
356 0 0 4830 0 4830
357 4742 0 0 0 4742
358 2 0 4820 13 4835
359 4808 0 0 0 4808
360 0 0 4862 0 4862
361 4761 0 0 0 4761
362 4644 0 0 0 4644
363 4714 0 0 0 4714
364 0 1 1 4645 4647
365 1 4726 0 1 4728
366 1 0 0 4732 4733
367 4769 0 0 0 4769
368 4700 0 1 0 4701
369 0 14 3 4584 4601
370 1 4610 0 1 4612
371 0 4651 0 0 4651
372 4767 0 1 0 4768
373 4710 0 2 0 4712
374 4677 0 0 0 4677
375 4668 0 0 0 4668
376 0 1 1 4537 4539
377 0 0 4465 0 4465
378 1 4447 0 10 4458
379 5 0 4502 0 4507
380 1 4435 0 1 4437
381 4439 0 1 0 4440
382 0 0 1 4371 4372
383 0 0 4393 0 4393
384 0 4246 0 9 4255
385 31 4263 0 1 4295
386 0 0 4351 0 4351
387 0 0 0 4135 4135
388 1 0 4236 0 4237
389 1 0 4272 0 4273
390 4278 0 33 1 4312
391 4334 0 0 0 4334
392 4322 0 0 0 4322
393 0 0 4347 0 4347
394 4301 0 0 0 4301
395 4397 2 0 0 4399
396 0 2 0 4361 4363
397 0 0 1 4362 4363
398 0 0 0 4380 4380
399 0 0 0 4431 4431
400 4488 0 0 1 4489
401 1 1 0 4372 4374
402 0 0 0 4382 4382
403 0 0 4395 0 4395
404 2 0 4264 0 4266
405 0 4288 0 0 4288
406 10 4 0 4298 4312
407 3 0 4290 0 4293
408 0 4187 0 0 4187
409 0 4182 0 0 4182
410 4235 0 0 2 4237
411 0 4247 0 0 4247
412 0 0 1 4243 4244
413 28 0 4266 0 4294
414 4254 0 0 0 4254
415 0 1 1 4247 4249
416 0 0 4237 0 4237
417 4259 0 0 0 4259
418 0 4213 0 0 4213
419 4286 0 0 0 4286
420 4410 0 0 0 4410
421 15 0 4337 0 4352
422 4346 0 0 0 4346
423 4402 0 0 0 4402
424 4407 0 0 0 4407
425 4338 0 0 0 4338
426 0 4414 0 0 4414
427 0 4338 0 0 4338
428 1 0 4313 13 4327
429 4163 0 0 0 4163
430 0 0 4260 0 4260
431 0 6 0 4067 4073
432 0 0 1 4091 4092
433 9 4090 0 30 4129
434 0 4169 0 3 4172
435 4183 0 0 0 4183
436 0 0 4202 0 4202
437 4113 0 0 0 4113
438 4163 1 0 0 4164
439 0 0 4234 0 4234
440 4210 0 0 0 4210
441 4307 0 1 0 4308
442 4309 0 14 0 4323
443 4358 0 0 0 4358
444 4364 0 0 0 4364
445 1 0 4272 0 4273
446 4331 0 2 0 4333
447 4279 0 0 0 4279
448 0 0 0 4237 4237
449 0 0 4196 0 4196
450 0 4157 0 4 4161
451 0 4232 1 0 4233
452 4210 11 1 0 4222
453 0 0 4297 0 4297
454 4193 0 1 0 4194
455 0 0 4300 0 4300
456 4265 0 0 0 4265
457 0 1 0 4283 4284
458 0 0 4312 0 4312
459 1 0 0 4196 4197
460 0 4160 0 18 4178
461 4235 0 1 1 4237
462 4290 0 2 0 4292
463 4331 0 1 0 4332
464 0 0 4328 0 4328
465 4316 0 0 0 4316
466 4338 0 0 0 4338
467 0 0 4364 0 4364
468 0 0 4388 0 4388
469 0 0 4474 0 4474
470 4468 0 2 0 4470
471 4543 0 0 0 4543
472 0 0 4538 0 4538
473 0 0 4470 0 4470
474 4450 0 0 0 4450
475 4370 1 129 0 4500
476 0 1 4671 0 4672
477 4734 0 0 0 4734
478 4749 0 2 0 4751
479 4785 0 0 1 4786
480 0 0 0 4852 4852
481 4935 0 0 10 4945
482 0 0 4920 0 4920
483 4918 0 0 0 4918
484 0 6 0 4810 4816
485 0 4882 0 1 4883
486 4906 0 1 0 4907
487 0 4988 0 0 4988
488 5137 0 1 0 5138
489 5148 1 0 0 5149
490 0 5211 0 0 5211
491 5462 0 0 2 5464
492 5450 0 0 0 5450
493 5446 0 2 0 5448
494 5425 0 0 0 5425
495 19 5456 0 0 5475
496 5317 2 77 0 5396
497 0 0 5449 0 5449
498 0 0 5386 0 5386
499 5377 0 45 0 5422
500 0 0 5546 0 5546
501 0 0 5514 0 5514
502 1 5507 0 0 5508
503 5492 0 2 0 5494
504 42 5501 0 0 5543
505 0 5705 0 0 5705
506 2 0 0 5722 5724
507 0 0 1 5745 5746
508 0 1 0 5783 5784
509 0 0 0 5775 5775
510 5800 1 1 3 5805
511 1 5804 0 0 5805
512 5863 0 0 0 5863
513 5814 0 1 0 5815
514 0 0 5781 0 5781
515 5705 0 0 1 5706
516 0 1 0 5786 5787
517 0 0 5828 0 5828
518 1 0 5818 0 5819
519 0 1 0 5552 5553
520 5772 0 2 0 5774
521 5781 0 0 0 5781
522 0 0 5790 0 5790
523 5838 0 0 2 5840
524 0 0 5897 0 5897
525 5849 0 0 1 5850
526 1 0 0 5789 5790
527 1 0 5831 0 5832
528 5858 0 7 0 5865
529 0 0 0 5839 5839
530 5889 0 0 0 5889
531 5885 0 0 0 5885
532 5867 0 0 1 5868
533 5790 1 0 1 5792
534 0 5789 0 1 5790
535 0 5741 0 0 5741
536 5812 0 0 0 5812
537 0 0 0 5761 5761
538 0 5788 0 17 5805
539 0 0 0 5792 5792
540 5811 1 1 2 5815
541 0 0 0 5863 5863
542 0 3 0 5896 5899
543 0 0 0 5943 5943
544 0 5924 0 0 5924
545 5927 0 1 0 5928
546 0 0 5849 0 5849
547 0 5893 0 2 5895
548 0 6063 0 0 6063
549 1 6189 0 1 6191
550 0 1 0 6250 6251
551 6223 0 0 0 6223
552 0 0 0 6452 6452
553 6462 1 0 1 6464
554 6516 0 0 0 6516
555 0 0 6380 0 6380
556 6402 2 0 0 6404
557 6479 0 0 1 6480
558 0 0 0 6437 6437
559 0 0 1 6456 6457
560 6327 0 0 0 6327
561 59 6378 0 1 6438
562 0 6477 0 1 6478
563 0 13 0 6463 6476
564 0 1 0 6557 6558
565 0 0 0 6659 6659
566 0 1 0 6706 6707
567 0 0 0 6759 6759
568 6755 1 0 0 6756
569 6692 0 1 0 6693
570 6772 0 0 0 6772
571 6749 0 0 0 6749
572 0 0 6801 0 6801
573 6707 0 0 0 6707
574 6745 1 1 2 6749
575 1 0 6710 0 6711
576 6711 0 0 0 6711
577 2 0 6782 6 6790
578 0 0 6711 0 6711
579 3 0 0 6355 6358
580 0 0 6624 0 6624
581 6670 0 0 0 6670
582 6774 0 2 0 6776
583 6790 1 4 0 6795
584 6710 0 0 1 6711
585 0 6705 0 1 6706
586 6719 0 12 0 6731
587 6688 0 0 0 6688
588 0 0 0 6700 6700
589 0 0 6690 0 6690
590 3 4 0 6647 6654
591 6754 0 1 0 6755
592 0 6883 0 0 6883
593 6964 0 2 0 6966
594 6883 0 52 0 6935
595 6891 0 1 0 6892
596 6819 0 0 0 6819
597 31 6845 0 0 6876
598 0 6840 0 0 6840
599 6741 0 1 1 6743
600 0 6912 0 0 6912
601 10 6885 0 1 6896
602 6887 0 1 0 6888
603 0 19 0 6970 6989
604 0 0 7029 0 7029
605 1 0 6855 0 6856
606 0 0 6916 0 6916
607 3 0 6924 0 6927
608 6841 0 13 1 6855
609 0 0 6997 0 6997
610 0 21 0 6839 6860
611 0 0 6992 1 6993
612 6924 0 0 1 6925
613 0 4 0 6924 6928
614 7 0 6953 0 6960
615 0 0 6918 0 6918
616 0 7047 0 25 7072
617 0 0 0 7111 7111
618 0 1 0 7177 7178
619 0 7200 0 3 7203
620 7197 0 1 1 7199
621 0 0 7222 0 7222
622 1 2 0 6954 6957
623 1 0 7095 0 7096
624 2 0 7108 0 7110
625 7286 1 0 0 7287
626 0 0 0 7400 7400
627 1 0 0 7530 7531
628 7600 0 3 3 7606
629 7581 0 0 0 7581
630 7553 0 1 0 7554
631 1 2 0 7570 7573
632 8 7665 0 0 7673
633 7659 1 0 0 7660
634 0 7747 1 2 7750
635 7818 0 1 1 7820
636 0 0 0 7931 7931
637 7945 0 0 0 7945
638 7887 0 2 0 7889
639 0 0 0 7878 7878
640 1 0 7876 0 7877
641 7825 0 0 0 7825
642 0 0 0 7920 7920
643 0 1 0 8128 8129
644 2 0 7992 2 7996
645 0 0 7942 0 7942
646 60 0 7893 0 7953
647 0 8044 0 0 8044
648 8137 0 3 0 8140
649 0 0 0 8128 8128
650 1 1 0 8117 8119
651 0 8123 0 30 8153
652 8171 0 0 1 8172
653 0 8166 1 8 8175
654 8478 0 0 0 8478
655 7 0 8466 0 8473
656 8365 0 1 0 8366
657 0 0 0 8462 8462
658 178 0 8360 0 8538
659 8495 0 0 0 8495
660 8568 0 0 0 8568
661 0 1 0 8670 8671
662 0 0 8643 0 8643
663 8714 0 1 1 8716
664 0 174 0 8655 8829
665 1 0 8850 0 8851
666 2 0 2 8979 8983
667 0 9102 0 1 9103
668 0 1 0 9157 9158
669 1 0 9151 0 9152
670 1 2 0 9065 9068
671 1 2 0 9117 9120
672 1 2 5 8998 9006
673 0 8993 0 25 9018
674 1 9430 0 1 9432
675 9681 0 1 0 9682
676 9746 0 1 0 9747
677 9878 0 1 1 9880
678 0 0 9732 1 9733
679 9907 0 0 2 9909
680 0 0 0 9829 9829
681 0 9879 0 3 9882
682 10052 0 1 0 10053
683 9972 0 0 0 9972
684 10032 0 0 0 10032
685 0 0 10076 0 10076
686 1 0 9911 1 9913
687 6 9980 0 0 9986
688 10004 0 2 1 10007
689 1 9904 0 294 10199
690 0 1 0 10268 10269
691 10318 0 2 0 10320
692 10249 0 0 0 10249
693 10491 1 1 0 10493
694 10545 0 0 0 10545
695 10540 1 0 1 10542
696 1 0 10485 1 10487
697 10344 1 1 0 10346
698 539 0 9999 0 10538
699 0 0 0 10420 10420
700 0 0 0 10608 10608
701 1 1 10546 1 10549
702 1 0 10394 0 10395
703 10417 1 1 0 10419
704 0 10555 10 0 10565
705 0 0 0 10442 10442
706 1 4 0 10479 10484
707 3 0 10434 0 10437
708 10374 0 0 1 10375
709 1 0 0 10342 10343
710 0 10279 0 0 10279
711 1 10279 0 2 10282
712 0 0 1 10296 10297
713 0 1 0 10255 10256
714 0 10256 0 4 10260
715 10265 0 0 2 10267
716 1 0 0 10252 10253
717 1 0 0 10340 10341
718 10343 0 0 1 10344
719 10167 1 0 1 10169
720 0 0 0 10132 10132
721 0 10229 0 1 10230
722 10246 0 0 1 10247
723 0 0 10174 0 10174
724 0 0 0 9999 9999
725 9768 0 0 0 9768
726 0 10111 0 0 10111
727 1 10275 0 0 10276
728 0 3 0 10220 10223
729 0 2 0 10213 10215
730 0 0 3 10187 10190
731 1 0 10079 0 10080
732 0 10179 0 3 10182
733 3 0 10177 0 10180
734 0 0 10120 1 10121
735 0 0 10087 0 10087
736 10076 0 43 0 10119
737 10168 1 0 1 10170
738 0 1 10107 1 10109
739 1 9925 0 30 9956
740 9993 0 5 0 9998
741 0 10116 0 1 10117
742 10085 1 1 3 10090
743 3 0 10040 2 10045
744 1 0 0 9923 9924
745 0 9923 0 1 9924
746 2 9843 0 0 9845
747 15 9865 0 0 9880
748 0 9929 0 1 9930
749 9961 0 4 0 9965
750 2 0 10009 0 10011
751 9978 0 14 0 9992
752 9967 0 1 1 9969
753 0 0 10016 0 10016
754 9937 1 0 1 9939
755 0 1 1 9848 9850
756 5 9970 0 3 9978
757 10042 0 4 0 10046
758 1 0 10038 1 10040
759 0 0 9817 0 9817
760 1 5 0 9696 9702
761 0 0 9836 0 9836
762 0 9837 0 0 9837
763 46 0 9856 0 9902
764 9737 0 6 2 9745
765 1 9959 0 0 9960
766 0 0 1 9988 9989
767 1 0 10111 1 10113
768 1 1 10066 0 10068
769 0 5 0 9585 9590
770 405 0 9708 0 10113
771 0 0 1 10232 10233
772 0 65 0 10296 10361
773 50 0 10241 0 10291
774 0 10340 0 15 10355
775 10534 0 1 3 10538
776 10332 0 0 0 10332
777 0 1 2 10380 10383
778 1 10455 0 4 10460
779 10531 0 0 2 10533
780 10509 1 1 0 10511
781 10579 0 2 0 10581
782 1 0 10679 0 10680
783 0 0 10556 0 10556
784 10414 1 35 0 10450
785 0 0 10631 0 10631
786 0 0 11061 1 11062
787 1 3 3 10510 10517
788 1 0 11083 0 11084
789 0 0 11052 0 11052
790 11109 0 1 0 11110
791 11078 1 1 0 11080
792 17 11212 0 1 11230
793 0 11197 0 1 11198
794 0 1 2 11282 11285
795 0 0 2 11299 11301
796 11263 1 1 0 11265
797 0 0 11285 0 11285
798 1 1 0 10896 10898
799 22 0 11226 8 11256
800 3 1 11280 0 11284
801 0 11307 0 7 11314
802 0 1 0 11388 11389
803 1 0 11375 0 11376
804 11418 0 0 0 11418
805 11522 1 30 0 11553
806 0 0 11538 0 11538
807 0 11419 0 1 11420
808 1 11502 0 34 11537
809 11604 0 3 27 11634
810 2 26 1 11517 11546
811 1 0 0 11570 11571
812 1 11618 0 1 11620
813 2 0 11737 0 11739
814 11341 0 0 0 11341
815 0 0 2 11643 11645
816 0 2 0 11765 11767
817 0 647 0 11159 11806
818 11734 0 1 1 11736
819 0 0 0 11689 11689
820 11715 1 0 0 11716
821 1 0 11865 1 11867
822 0 0 11806 1 11807
823 11716 1 2 1 11720
824 11837 0 1 0 11838
825 0 0 11722 1 11723
826 11618 1 62 2 11683
827 0 0 11803 0 11803
828 1 11755 0 0 11756
829 11988 1 1 1 11991
830 11957 0 0 0 11957
831 1 1 0 11885 11887
832 2 0 11890 17 11909
833 3 0 11729 0 11732
834 0 11778 0 2 11780
835 11883 0 1 0 11884
836 0 0 11854 0 11854
837 11762 0 1 0 11763
838 8 11733 0 3 11744
839 11873 0 2 0 11875
840 1 0 11783 0 11784
841 11653 0 2 1 11656
842 0 0 11679 18 11697
843 0 0 11600 0 11600
844 1 0 11566 0 11567
845 1 11434 1 2 11438
846 0 2 0 11611 11613
847 11542 0 0 0 11542
848 0 0 0 11612 11612
849 1 0 0 11679 11680
850 11601 0 2 0 11603
851 11515 1 0 0 11516
852 2 0 11582 0 11584
853 11488 0 2 1 11491
854 17 0 11405 0 11422
855 11496 0 0 0 11496
856 0 11468 24 17 11509
857 11732 0 1 0 11733
858 2 1 0 11568 11571
859 0 11591 0 9 11600
860 11594 1 1 0 11596
861 11527 0 0 2 11529
862 11479 0 4 0 11483
863 2 0 11301 1 11304
864 0 11098 0 1 11099
865 0 11218 0 1 11219
866 11273 0 2 0 11275
867 11294 0 0 1 11295
868 70 1 11124 0 11195
869 11041 0 0 1 11042
870 0 11342 0 1 11343
871 1 1 0 11274 11276
872 0 0 11204 0 11204
873 0 11149 0 1 11150
874 0 11368 0 0 11368
875 28 0 0 11275 11303
876 11261 0 0 0 11261
877 1 0 1 11324 11326
878 24 0 11304 0 11328
879 11359 0 0 0 11359
880 11501 0 2 0 11503
881 11463 0 26 0 11489
882 11527 0 0 1 11528
883 1 0 11281 1 11283
884 11150 0 0 1 11151
885 0 1 0 10981 10982
886 1 1 0 10966 10968
887 28 10937 0 0 10965
888 0 2 1 10883 10886
889 0 10 0 10909 10919
890 0 10920 0 0 10920
891 2 1 0 10857 10860
892 3 0 10748 0 10751
893 10680 0 32 1 10713
894 10623 0 0 0 10623
895 0 19 0 10553 10572
896 0 10506 0 0 10506
897 0 7 0 10559 10566
898 10514 0 2 0 10516
899 10460 0 0 1 10461
900 10434 0 4 1 10439
901 0 1 10242 0 10243
902 10093 0 0 0 10093
903 9978 0 26 1 10005
904 7 9998 0 1 10006
905 10079 1 1 1 10082
906 9982 0 2 0 9984
907 9938 0 0 0 9938
908 0 1 0 9771 9772
909 0 0 9711 0 9711
910 0 9728 0 0 9728
911 0 0 0 9583 9583
912 0 9838 0 0 9838
913 1 1 74 9642 9718
914 1 0 9530 2 9533
915 0 9509 0 3 9512
916 1 0 9343 35 9379
917 0 9355 0 4 9359
918 0 9474 0 0 9474
919 0 9284 0 2 9286
920 2 9388 0 2 9392
921 9438 0 60 0 9498
922 9437 0 7 1 9445
923 0 9422 1 2 9425
924 9538 0 1 0 9539
925 9520 0 1 0 9521
926 9391 0 0 0 9391
927 9295 0 0 0 9295
928 24 0 9115 0 9139
929 0 0 9052 1 9053
930 0 9297 0 0 9297
931 1 0 2 9293 9296
932 0 9403 0 1 9404
933 0 1 0 9557 9558
934 9529 0 1 0 9530
935 1 0 9557 0 9558
936 1 1 0 9428 9430
937 0 1 0 9642 9643
938 1 11 9666 0 9678
939 9645 0 0 1 9646
940 1 1 0 9597 9599
941 0 9681 0 1 9682
942 9785 0 1 1 9787
943 9665 0 27 0 9692
944 0 0 9708 2 9710
945 1 2 1 9276 9280
946 2 0 9520 0 9522
947 9779 0 2 1 9782
948 0 0 0 9663 9663
949 0 9601 2 254 9857
950 5 0 9872 0 9877
951 1 1 9876 0 9878
952 9760 0 3 0 9763
953 9747 2 27 0 9776
954 0 1 9640 1 9642
955 0 9896 1 1 9898
956 9964 2 1 0 9967
957 0 0 9904 0 9904
958 9873 0 2 0 9875
959 9846 0 0 0 9846
960 9803 0 0 0 9803
961 0 0 1 9662 9663
962 0 9689 0 1 9690
963 0 9780 0 0 9780
964 9701 9 13 1 9724
965 0 0 9758 4 9762
966 1 1 9655 1 9658
967 0 0 9561 0 9561
968 9740 0 1 0 9741
969 0 27 3 9692 9722
970 0 252 0 9601 9853
971 2 0 9804 8 9814
972 0 10198 0 42 10240
973 10344 21 2 0 10367
974 2 0 10471 0 10473
975 10194 1 0 1 10196
976 0 10207 0 28 10235
977 10318 0 1 1 10320
978 0 0 1 10271 10272
979 1 1 0 10541 10543
980 0 2 10515 0 10517
981 10439 0 34 1 10474
982 10451 0 1 0 10452
983 0 0 10443 0 10443
984 10121 1 1 1 10124
985 0 0 0 10094 10094
986 1 10123 1 0 10125
987 1 0 1 10011 10013
988 9979 0 0 29 10008
989 9806 0 0 1 9807
990 1 9895 0 0 9896
991 0 9802 0 2 9804
992 0 9900 0 0 9900
993 0 0 0 9786 9786
994 1 0 9706 0 9707
995 2 9766 1 0 9769
996 0 0 0 9753 9753
997 0 0 0 9796 9796
998 0 0 9702 1 9703
999 0 9597 0 4 9601
1000 0 1 0 9558 9559
1001 0 9628 0 3 9631
1002 0 0 9777 2 9779
1003 0 2 0 9449 9451
1004 9590 1 1 0 9592
1005 0 0 9699 0 9699
1006 0 1 0 9440 9441
1007 9642 0 0 0 9642
1008 0 1 0 9612 9613
1009 0 1 9600 0 9601
1010 0 0 9492 3 9495
1011 1 0 0 9195 9196
1012 0 9486 0 2 9488
1013 2 0 9706 0 9708
1014 0 0 0 9547 9547
1015 0 1 0 9916 9917
1016 3 43 9852 1 9899
1017 2 0 0 9907 9909
1018 0 1 0 10021 10022
1019 10031 18 2 0 10051
1020 0 0 9848 2 9850
1021 7 0 9770 2 9779
1022 0 9821 0 28 9849
1023 0 9742 0 0 9742
1024 0 9861 0 0 9861
1025 18 1 0 9816 9835
1026 0 9920 0 3 9923
1027 0 3 0 9985 9988
1028 3 13 10037 0 10053
1029 1 826 0 9174 10001
1030 225 0 9775 0 10000
1031 0 0 9860 0 9860
1032 0 10020 1 2 10023
1033 10075 1 0 0 10076
1034 10050 2 1 1 10054
1035 4 0 10153 3 10160
1036 0 10108 0 3 10111
1037 10184 1 24 0 10209
1038 10206 1 23 0 10230
1039 10155 0 22 0 10177
1040 0 0 10329 1 10330
1041 0 1 0 9767 9768
1042 1 0 10183 1 10185
1043 6 0 10181 1 10188
1044 1 2 0 9957 9960
1045 2 0 9991 0 9993
1046 0 10024 0 2 10026
1047 0 0 0 10154 10154
1048 0 2 0 10050 10052
1049 0 10049 0 0 10049
1050 0 10075 0 1 10076
1051 0 9962 0 2 9964
1052 10034 0 1 1 10036
1053 0 171 0 9851 10022
1054 10025 0 0 0 10025
1055 10060 1 0 0 10061
1056 0 0 9957 2 9959
1057 1 10062 0 0 10063
1058 10188 1 0 1 10190
1059 1 0 0 10177 10178
1060 0 0 0 10169 10169
1061 0 2 0 10130 10132
1062 10053 0 23 0 10076
1063 0 10146 0 3 10149
1064 3 0 9918 26 9947
1065 0 9831 0 1 9832
1066 1 10031 0 21 10053
1067 10162 0 17 1 10180
1068 10271 1 30 0 10302
1069 10248 0 38 0 10286
1070 10167 0 31 0 10198
1071 0 1 1 10159 10161
1072 9672 0 1 0 9673
1073 1 10248 0 0 10249
1074 2 10168 0 99 10269
1075 0 1 0 10080 10081
1076 0 10326 0 1 10327
1077 10318 1 0 0 10319
1078 10189 0 0 0 10189
1079 29 10247 0 0 10276
1080 0 2 0 10192 10194
1081 10285 0 0 0 10285
1082 1 0 10309 0 10310
1083 1 0 10222 0 10223
1084 0 0 10221 1 10222
1085 1 2 1 9702 9706
1086 0 1 0 10147 10148
1087 1 10114 0 3 10118
1088 10179 0 1 0 10180
1089 10147 0 0 1 10148
1090 0 1 0 10321 10322
1091 0 0 10311 0 10311
1092 1 48 0 10135 10184
1093 0 1 2 10389 10392
1094 2 1 10217 0 10220
1095 10098 1 0 0 10099
1096 10143 0 0 0 10143
1097 0 0 10188 1 10189
1098 10139 0 1 2 10142
1099 15 0 10108 0 10123
1100 1 3 0 9875 9879
1101 9931 0 30 1 9962
1102 1 10101 0 2 10104
1103 1 1 1 10027 10030
1104 0 10126 0 0 10126
1105 0 9 0 10169 10178
1106 10109 0 0 0 10109
1107 0 0 0 10181 10181
1108 0 0 10218 0 10218
1109 13 0 10132 0 10145
1110 0 2 0 10016 10018
1111 0 1 0 10161 10162
1112 1 0 10052 1 10054
1113 1 0 9930 1 9932
1114 1 0 9979 0 9980
1115 1 1 0 9695 9697
1116 9999 0 2 0 10001
1117 0 10186 0 0 10186
1118 1 0 10145 0 10146
1119 10101 0 0 0 10101
1120 10053 0 0 0 10053
1121 10 0 10196 0 10206
1122 0 10067 0 0 10067
1123 0 10223 0 2 10225
1124 10429 0 1 0 10430
1125 0 3 1 10488 10492
1126 2 0 10481 1 10484
1127 2 0 10544 1 10547
1128 1 10507 0 1 10509
1129 0 2 1 10499 10502
1130 0 10705 0 14 10719
1131 0 0 1 10867 10868
1132 1 1 0 10861 10863
1133 0 1 1 10944 10946
1134 10772 1 1 1 10775
1135 0 10857 0 0 10857
1136 10896 0 0 0 10896
1137 10877 0 0 0 10877
1138 0 0 1 10824 10825
1139 10830 0 0 0 10830
1140 0 0 0 10774 10774
1141 0 1 10820 0 10821
1142 5 0 10759 1 10765
1143 1 10815 1 4 10821
1144 10834 0 2 0 10836
1145 10859 1 3 1 10864
1146 0 10797 0 1 10798
1147 10566 1 0 1 10568
1148 0 10796 0 3 10799
1149 10 10865 0 0 10875
1150 0 7 0 10857 10864
1151 21 0 10921 1 10943
1152 1 0 0 10912 10913
1153 0 1 1 11001 11003
1154 0 0 1 11005 11006
1155 0 10905 0 5 10910
1156 1 10969 0 3 10973
1157 10938 0 0 0 10938
1158 0 0 1 10825 10826
1159 10742 0 1 0 10743
1160 0 1 0 10702 10703
1161 0 1 0 10773 10774
1162 10684 0 32 0 10716
1163 10609 0 0 0 10609
1164 1 0 10755 0 10756
1165 10397 2 0 0 10399
1166 10498 0 1 0 10499
1167 0 1 0 10651 10652
1168 0 0 10658 22 10680
1169 1 0 10641 2 10644
1170 2 0 10685 1 10688
1171 103 1 10774 1 10879
1172 1 0 11085 0 11086
1173 11020 0 0 1 11021
1174 0 1 0 11115 11116
1175 0 0 11127 1 11128
1176 11002 0 2 1 11005
1177 0 43 0 11134 11177
1178 3 0 11028 2 11033
1179 0 11105 0 0 11105
1180 11310 0 5 1 11316
1181 11597 0 0 0 11597
1182 11621 0 0 1 11622
1183 1 0 11600 18 11619
1184 2 0 11807 63 11872
1185 11881 2 2 1 11886
1186 1 14 3 12083 12101
1187 12194 0 0 0 12194
1188 12115 0 1 0 12116
1189 12177 0 25 1 12203
1190 0 2 0 12119 12121
1191 0 12416 0 2 12418
1192 3 0 12332 1 12336
1193 0 12261 0 2 12263
1194 12427 0 1 1 12429
1195 12466 0 1 0 12467
1196 0 0 0 12828 12828
1197 0 1 1 12829 12831
1198 12814 0 0 1 12815
1199 0 1 2 12813 12816
1200 0 0 0 12768 12768
1201 0 12755 0 0 12755
1202 0 2 1 12917 12920
1203 1 2 0 12918 12921
1204 0 12876 0 3 12879
1205 12865 0 3 0 12868
1206 0 0 1 12764 12765
1207 1 29 12582 1 12613
1208 2 1 0 12451 12454
1209 0 12481 0 16 12497
1210 0 2 0 12537 12539
1211 0 1 1 12478 12480
1212 0 0 12352 0 12352
1213 1 12356 0 3 12360
1214 0 1 1 12315 12317
1215 0 0 0 12263 12263
1216 0 12427 0 2 12429
1217 1 0 12352 1 12354
1218 0 0 11995 0 11995
1219 12253 0 0 0 12253
1220 1 0 11644 0 11645
1221 1 12134 1 0 12136
1222 0 1 1 12310 12312
1223 77 0 12175 8 12260
1224 0 12156 0 2 12158
1225 1 12308 0 0 12309
1226 0 1 1 12372 12374
1227 12425 0 0 0 12425
1228 0 6 2 12350 12358
1229 3 1 12399 0 12403
1230 12411 0 5 0 12416
1231 12321 0 1 0 12322
1232 0 0 12287 0 12287
1233 12004 0 0 1 12005
1234 1 12232 0 1 12234
1235 5 12410 0 0 12415
1236 7 2 0 12463 12472
1237 130 2 12321 2 12455
1238 12337 0 73 0 12410
1239 1 0 12463 0 12464
1240 12294 0 1 0 12295
1241 0 0 12715 2 12717
1242 0 2 1 12307 12310
1243 0 1 2 12620 12623
1244 0 0 1 12639 12640
1245 0 8 0 12706 12714
1246 45 0 12304 0 12349
1247 2 0 0 12451 12453
1248 0 12601 1 1 12603
1249 0 4 0 12627 12631
1250 9 0 12549 0 12558
1251 0 12665 0 5 12670
1252 12585 0 1 1 12587
1253 2 252 0 12394 12648
1254 0 0 0 12552 12552
1255 12494 0 1 0 12495
1256 12372 1 0 0 12373
1257 0 12553 0 0 12553
1258 11 12528 0 1 12540
1259 0 0 12494 33 12527
1260 14 1 12247 1 12263
1261 0 12310 0 0 12310
1262 12403 0 2 1 12406
1263 0 12702 0 0 12702
1264 12914 0 35 1 12950
1265 2 0 12943 1 12946
1266 13031 0 2 0 13033
1267 12870 0 1 1 12872
1268 0 1 2 13031 13034
1269 0 2 1 13032 13035
1270 0 13146 0 2 13148
1271 13156 0 2 0 13158
1272 13038 0 2 0 13040
1273 1 0 12992 1 12994
1274 0 12687 0 2 12689
1275 1 12841 0 0 12842
1276 2 4 1 13021 13028
1277 12957 0 0 1 12958
1278 0 0 12788 12 12800
1279 12743 0 3 5 12751
1280 0 0 0 12762 12762
1281 0 12866 0 2 12868
1282 12951 0 1 0 12952
1283 0 0 12844 2 12846
1284 1 12825 0 1 12827
1285 12880 0 0 1 12881
1286 0 4 3 12811 12818
1287 0 2 0 12848 12850
1288 12775 0 1 0 12776
1289 12656 0 0 0 12656
1290 12665 0 1 0 12666
1291 12622 1 0 0 12623
1292 2 2 0 12510 12514
1293 1 0 12588 0 12589
1294 40 12400 0 3 12443
1295 12477 0 31 1 12509
1296 12435 69 1 16 12521
1297 0 0 12719 0 12719
1298 0 0 12668 0 12668
1299 0 0 12681 0 12681
1300 0 0 1 12342 12343
1301 0 1 1 12612 12614
1302 0 4 0 12665 12669
1303 0 12609 0 28 12637
1304 0 12870 0 1 12871
1305 12814 1 4 0 12819
1306 0 4 0 12878 12882
1307 0 0 12638 1 12639
1308 0 2 0 12553 12555
1309 2 3 0 12484 12489
1310 16 12477 0 2 12495
1311 5 12568 0 2 12575
1312 12596 1 5 0 12602
1313 4 0 12519 0 12523
1314 1 12427 0 8 12436
1315 12587 0 1 0 12588
1316 12603 0 0 0 12603
1317 12569 0 1 0 12570
1318 0 0 12657 0 12657
1319 2 0 12412 2 12416
1320 12411 0 0 0 12411
1321 12542 1 18 0 12561
1322 2 12592 0 4 12598
1323 12526 0 0 1 12527
1324 47 4 12643 1 12695
1325 54 0 12518 1 12573
1326 1 1 0 11572 11574
1327 12270 0 82 1 12353
1328 13 0 12538 0 12551
1329 12279 0 0 1 12280
1330 12519 2 1 0 12522
1331 0 0 12747 31 12778
1332 1 1 12712 0 12714
1333 12292 0 504 0 12796
1334 12829 1 0 4 12834
1335 1 0 0 13009 13010
1336 4 0 13067 0 13071
1337 0 0 12789 0 12789
1338 2 0 12734 18 12754
1339 12732 0 7 2 12741
1340 0 1 12966 2 12969
1341 0 12785 0 1 12786
1342 12957 0 2 0 12959
1343 0 0 12942 0 12942
1344 0 13117 0 0 13117
1345 1 3 0 13175 13179
1346 0 13333 0 35 13368
1347 0 7 1 13604 13612
1348 3 1 13576 0 13580
1349 13294 0 1 0 13295
1350 1 2 0 13576 13579
1351 3 0 13543 1 13547
1352 1 4 0 13228 13233
1353 0 13322 0 0 13322
1354 0 13440 0 1 13441
1355 13471 0 0 0 13471
1356 1 4 2 13303 13310
1357 2 13433 0 0 13435
1358 13531 0 1 0 13532
1359 13490 0 2 0 13492
1360 0 0 13463 0 13463
1361 2 13368 0 0 13370
1362 0 0 0 13297 13297
1363 0 13145 0 2 13147
1364 0 13440 0 2 13442
1365 13453 1 68 0 13522
1366 49 0 13655 1 13705
1367 2 0 0 13260 13262
1368 0 2 0 13369 13371
1369 0 1 0 13488 13489
1370 0 6 1 13610 13617
1371 3 0 13550 1 13554
1372 2 0 13205 0 13207
1373 1 0 13215 0 13216
1374 1 13168 0 1 13170
1375 0 2 0 13088 13090
1376 35 13085 0 1 13121
1377 0 13434 0 0 13434
1378 1 0 13434 0 13435
1379 13191 0 0 0 13191
1380 1 1 0 13410 13412
1381 0 5 13361 0 13366
1382 13138 1 10 0 13149
1383 3 13462 0 1 13466
1384 0 13528 0 2 13530
1385 13618 0 1 1 13620
1386 1 0 13501 0 13502
1387 13233 0 0 0 13233
1388 0 0 0 13259 13259
1389 15 13478 0 0 13493
1390 2 1 1 13672 13676
1391 12 0 13605 1 13618
1392 0 0 13412 25 13437
1393 0 0 13573 5 13578
1394 1 0 13503 1 13505
1395 1 1 13446 0 13448
1396 52 0 13465 0 13517
1397 13337 0 73 0 13410
1398 13583 0 2 0 13585
1399 0 13658 0 0 13658
1400 1 0 13632 0 13633
1401 13235 0 1 0 13236
1402 13269 0 1 0 13270
1403 0 0 13546 0 13546
1404 0 0 1 12836 12837
1405 13364 1 0 0 13365
1406 64 0 13518 0 13582
1407 0 0 13645 0 13645
1408 0 1 0 12955 12956
1409 0 0 13655 0 13655
1410 0 0 13681 0 13681
1411 13374 0 1 0 13375
1412 6 0 13615 1 13622
1413 13544 0 1 1 13546
1414 0 13779 0 25 13804
1415 1 0 13942 0 13943
1416 2 0 13844 1 13847
1417 13382 2 1 0 13385
1418 1 0 13459 39 13499
1419 5 0 13221 1 13227
1420 0 0 13211 1 13212
1421 0 2 1 12645 12648
1422 1 13147 0 0 13148
1423 0 1 0 13247 13248
1424 2 1 13260 1 13264
1425 19 0 13081 1 13101
1426 1 12948 0 15 12964
1427 62 12800 0 2 12864
1428 12987 0 2 0 12989
1429 12875 0 3 0 12878
1430 12986 0 0 0 12986
1431 0 2 1 13056 13059
1432 12990 1 0 0 12991
1433 12821 1 1 0 12823
1434 0 1 12717 7 12725
1435 25 12520 0 0 12545
1436 0 3 1 12421 12425
1437 1 0 12525 2 12528
1438 0 12453 1 4 12458
1439 12498 1 5 0 12504
1440 1 0 12342 1 12344
1441 1 12011 0 4 12016
1442 0 11870 0 0 11870
1443 1 12138 0 1 12140
1444 12248 0 0 5 12253
1445 0 0 12383 0 12383
1446 0 1 0 11725 11726
1447 1 0 12145 0 12146
1448 0 1 1 11884 11886
1449 0 1 0 11960 11961
1450 0 2 1 12006 12009
1451 0 0 11818 0 11818
1452 1 11710 0 4 11715
1453 11756 0 1 0 11757
1454 1 0 11838 0 11839
1455 0 0 0 11376 11376
1456 11279 0 1 0 11280
1457 0 0 11308 0 11308
1458 11138 0 0 0 11138
1459 2 0 11138 0 11140
1460 11128 0 1 0 11129
1461 0 0 11316 0 11316
1462 11108 0 1 1 11110
1463 14 11152 0 0 11166
1464 3 11228 0 0 11231
1465 106 66 0 11236 11408
1466 11386 1 1 0 11388
1467 30 0 0 11382 11412
1468 2 2 0 11415 11419
1469 0 0 11141 0 11141
1470 1 11139 2 1 11143
1471 0 0 0 10950 10950
1472 0 11025 1 2 11028
1473 0 1 0 11132 11133
1474 11188 0 0 0 11188
1475 11213 0 0 0 11213
1476 1 0 11160 0 11161
1477 0 11119 0 3 11122
1478 11093 1 0 1 11095
1479 10957 0 36 0 10993
1480 2 0 10979 0 10981
1481 1 10929 0 1 10931
1482 10965 0 3 0 10968
1483 10737 0 1 0 10738
1484 0 0 10674 31 10705
1485 0 10557 0 1 10558
1486 0 0 0 10664 10664
1487 1 0 10666 0 10667
1488 1 1 0 10458 10460
1489 10511 0 1 0 10512
1490 10383 1 0 0 10384
1491 0 0 10346 0 10346
1492 10258 0 0 0 10258
1493 10269 0 1 3 10273
1494 0 0 10289 9 10298
1495 10319 0 0 3 10322
1496 10302 0 0 0 10302
1497 2 0 0 10288 10290
1498 0 11 10131 0 10142
1499 13 10042 0 1 10056
1500 0 2 1 10168 10171
1501 0 0 10194 0 10194
1502 0 0 0 9971 9971
1503 0 9933 0 3 9936
1504 10039 0 3 0 10042
1505 9998 0 0 0 9998
1506 0 3 1 10084 10088
1507 0 0 10117 0 10117
1508 10074 0 2 0 10076
1509 10084 0 0 0 10084
1510 0 39 1 10010 10050
1511 10036 0 2 0 10038
1512 0 0 0 10037 10037
1513 0 2 0 9959 9961
1514 1 0 9799 0 9800
1515 9646 0 2 0 9648
1516 1 0 9600 1 9602
1517 1 0 9595 0 9596
1518 1 0 9549 0 9550
1519 22 0 9296 42 9360
1520 0 9137 0 3 9140
1521 1 0 9486 0 9487
1522 0 1 0 9209 9210
1523 0 0 9406 0 9406
1524 9496 0 0 0 9496
1525 0 2 0 9526 9528
1526 1 0 9370 0 9371
1527 1 9384 0 4 9389
1528 9397 0 2 1 9400
1529 0 0 9329 0 9329
1530 9216 0 1 2 9219
1531 0 1 0 9256 9257
1532 0 0 9221 0 9221
1533 1 1 0 9097 9099
1534 0 9062 0 2 9064
1535 9178 0 2 0 9180
1536 9147 0 0 9 9156
1537 9161 0 0 0 9161
1538 0 0 9046 0 9046
1539 2 0 9000 0 9002
1540 9048 0 0 2 9050
1541 8968 0 0 0 8968
1542 8941 1 0 1 8943
1543 0 0 0 8847 8847
1544 0 8646 0 0 8646
1545 0 2 0 8732 8734
1546 8645 0 0 3 8648
1547 0 8745 0 0 8745
1548 0 0 0 8543 8543
1549 2 8600 0 1 8603
1550 8661 0 1 0 8662
1551 8702 0 0 0 8702
1552 1 0 8794 0 8795
1553 8778 0 0 0 8778
1554 1 3 0 8769 8773
1555 1 0 8747 1 8749
1556 8699 0 0 8 8707
1557 0 0 0 8809 8809
1558 2 1 8773 0 8776
1559 8706 0 0 0 8706
1560 8704 0 1 1 8706
1561 0 0 0 8622 8622
1562 1 0 8534 0 8535
1563 8717 0 0 0 8717
1564 0 8508 0 0 8508
1565 0 1 0 8449 8450
1566 13 8362 0 2 8377
1567 8657 0 1 0 8658
1568 8569 0 2 0 8571
1569 0 0 0 8623 8623
1570 0 0 8577 0 8577
1571 38 0 8387 0 8425
1572 0 8403 0 0 8403
1573 1 0 0 8545 8546
1574 8540 0 1 0 8541
1575 8541 0 1 0 8542
1576 80 0 8450 0 8530
1577 8494 0 0 0 8494
1578 8519 0 0 0 8519
1579 8484 0 0 0 8484
1580 8283 1 1 0 8285
1581 51 8366 0 0 8417
1582 1 8308 0 0 8309
1583 8268 0 1 0 8269
1584 0 0 8137 30 8167
1585 1 1 0 7877 7879
1586 0 0 7987 0 7987
1587 0 0 8054 0 8054
1588 8113 0 1 2 8116
1589 8241 0 0 1 8242
1590 8185 0 0 0 8185
1591 12 0 0 8141 8153
1592 2 0 8020 0 8022
1593 38 7928 0 0 7966
1594 0 0 1 8001 8002
1595 1 0 0 8048 8049
1596 2 1 0 8067 8070
1597 0 8017 0 2 8019
1598 7971 0 0 0 7971
1599 71 1 0 7833 7905
1600 0 1 0 7900 7901
1601 4 0 7776 0 7780
1602 1 0 7755 0 7756
1603 1 0 7704 0 7705
1604 7838 1 0 0 7839
1605 7820 0 23 1 7844
1606 0 0 7730 0 7730
1607 7706 0 3 0 7709
1608 7781 0 0 0 7781
1609 7768 1 0 0 7769
1610 7682 0 2 0 7684
1611 0 9 0 7534 7543
1612 0 0 7395 0 7395
1613 0 0 0 7059 7059
1614 0 11 1 7273 7285
1615 0 1 0 7312 7313
1616 0 7334 0 1 7335
1617 7433 0 1 0 7434
1618 7408 0 0 0 7408
1619 7287 0 1 0 7288
1620 0 20 0 7184 7204
1621 7182 0 0 0 7182
1622 0 0 0 7073 7073
1623 0 7075 0 0 7075
1624 7073 0 2 4 7079
1625 0 0 6873 0 6873
1626 6819 0 0 0 6819
1627 0 6869 0 0 6869
1628 7058 0 0 0 7058
1629 7026 0 28 0 7054
1630 6994 0 1 0 6995
1631 6992 0 2 0 6994
1632 6960 0 0 0 6960
1633 0 7005 0 0 7005
1634 6953 0 1 0 6954
1635 6781 0 0 0 6781
1636 6622 1 0 1 6624
1637 6598 0 0 0 6598
1638 1 6059 0 576 6636
1639 0 6659 0 0 6659
1640 6661 0 0 3 6664
1641 6625 1 13 0 6639
1642 10 1 0 6291 6302
1643 1 6460 0 0 6461
1644 5 6440 0 1 6446
1645 0 6510 0 0 6510
1646 6525 0 0 0 6525
1647 0 0 0 6247 6247
1648 1 0 0 6395 6396
1649 3 0 6508 0 6511
1650 6517 0 1 0 6518
1651 6502 0 1 0 6503
1652 6528 0 0 0 6528
1653 0 1 0 6419 6420
1654 2 10 0 6306 6318
1655 0 6386 0 1 6387
1656 0 6440 0 0 6440
1657 6532 1 4 1 6538
1658 6466 1 0 0 6467
1659 0 0 1 6359 6360
1660 0 0 0 6392 6392
1661 6445 0 0 0 6445
1662 6412 0 0 0 6412
1663 0 0 6237 0 6237
1664 0 6143 0 1 6144
1665 6219 0 0 1 6220
1666 53 0 5942 0 5995
1667 5909 0 0 0 5909
1668 0 5949 0 0 5949
1669 0 5959 0 0 5959
1670 5861 2 1 0 5864
1671 0 0 0 5747 5747
1672 0 5803 0 0 5803
1673 0 5847 0 0 5847
1674 0 5664 0 0 5664
1675 0 5764 0 1 5765
1676 5819 0 1 1 5821
1677 5721 0 1 0 5722
1678 0 1 0 5666 5667
1679 0 1 0 5664 5665
1680 0 0 0 5615 5615
1681 0 5651 0 1 5652
1682 2 1 0 5685 5688
1683 0 0 0 5653 5653
1684 0 5633 0 0 5633
1685 0 1 0 5623 5624
1686 1 0 0 5655 5656
1687 0 1 0 5659 5660
1688 0 0 5597 1 5598
1689 0 0 5536 0 5536
1690 0 0 5461 0 5461
1691 5498 0 1 0 5499
1692 0 0 5496 0 5496
1693 1 0 5396 0 5397
1694 1 0 5379 0 5380
1695 5447 0 0 1 5448
1696 0 5305 0 0 5305
1697 5349 0 1 4 5354
1698 0 5365 0 0 5365
1699 5455 0 0 0 5455
1700 0 0 5397 0 5397
1701 0 5240 0 0 5240
1702 5286 0 0 0 5286
1703 0 0 5186 9 5195
1704 5079 0 0 0 5079
1705 1 0 5068 0 5069
1706 1 0 5049 0 5050
1707 5017 0 0 0 5017
1708 0 0 2 5010 5012
1709 0 1 0 5040 5041
1710 5074 0 0 0 5074
1711 0 1 0 5025 5026
1712 0 0 4978 0 4978
1713 4922 0 0 0 4922
1714 1 1 0 4902 4904
1715 0 0 4811 0 4811
1716 4573 0 0 0 4573
1717 0 4719 0 0 4719
1718 0 4809 0 0 4809
1719 1 0 1 4769 4771
1720 0 4807 0 0 4807
1721 0 0 4806 0 4806
1722 4697 0 0 0 4697
1723 0 1 1 4739 4741
1724 0 0 0 4820 4820
1725 4725 0 0 1 4726
1726 0 0 0 4764 4764
1727 0 0 0 4733 4733
1728 4757 0 0 0 4757
1729 4735 0 1 0 4736
1730 4434 0 247 0 4681
1731 1 0 1 4578 4580
1732 0 4670 0 0 4670
1733 4717 0 0 0 4717
1734 4675 0 2 0 4677
1735 0 4662 0 2 4664
1736 4688 0 0 0 4688
1737 4643 0 0 0 4643
1738 4643 0 1 0 4644
1739 4611 0 0 0 4611
1740 0 0 0 4459 4459
1741 4520 0 0 0 4520
1742 0 0 4508 0 4508
1743 4449 0 0 0 4449
1744 0 4453 3 0 4456
1745 4230 0 0 0 4230
1746 0 4478 0 0 4478
1747 0 0 1 4463 4464
1748 4558 0 0 0 4558
1749 1 0 0 4498 4499
1750 1 0 4529 2 4532
1751 4425 0 0 0 4425
1752 0 4563 0 0 4563
1753 0 0 0 4442 4442
1754 0 0 4518 0 4518
1755 0 0 0 4459 4459
1756 2 0 4466 0 4468
1757 4458 0 0 0 4458
1758 0 2 1 4377 4380
1759 0 0 0 4464 4464
1760 0 0 4395 0 4395
1761 0 1 0 4321 4322
1762 0 1 0 4276 4277
1763 0 0 1 4284 4285
1764 0 4221 0 1 4222
1765 4217 0 0 1 4218
1766 4116 0 0 0 4116
1767 0 0 0 4061 4061
1768 3987 0 0 0 3987
1769 0 4064 0 0 4064
1770 0 0 4103 0 4103
1771 1 0 0 3987 3988
1772 0 0 0 4008 4008
1773 0 1 0 4003 4004
1774 0 0 3942 0 3942
1775 0 0 3941 0 3941
1776 3921 0 0 0 3921
1777 3923 1 0 0 3924
1778 0 0 0 3887 3887
1779 65 0 3863 1 3929
1780 0 0 0 3778 3778
1781 1 0 3801 0 3802
1782 0 3 3724 0 3727
1783 0 0 3621 0 3621
1784 0 1 0 3306 3307
1785 0 0 3433 0 3433
1786 1 0 0 3154 3155
1787 22 0 0 3170 3192
1788 0 0 1 3150 3151
1789 3147 0 0 0 3147
1790 0 1 0 2766 2767
1791 0 0 0 2690 2690
1792 0 2646 0 0 2646
1793 0 0 0 2542 2542
1794 1 2605 0 1 2607
1795 2577 0 2 0 2579
1796 0 5 0 2462 2467
1797 0 0 0 2371 2371
1798 2332 0 1 0 2333
1799 2330 0 1 0 2331
1800 2331 0 0 1 2332
1801 2235 0 0 0 2235
1802 46 141 0 1574 1761
1803 1110 0 0 0 1110
1804 958 0 0 0 958
1805 947 0 0 0 947
1806 0 0 0 875 875
1807 556 0 0 0 556
1808 0 0 0 472 472
1809 469 0 0 0 469
1810 464 0 0 0 464
1811 466 0 0 0 466
1812 433 0 0 0 433
1813 338 0 0 0 338
1814 271 0 0 0 271
1815 0 0 0 244 244
1816 0 0 12 0 12
