0 0 0 0 0 0
1 93 0 0 0 93
2 0 0 0 110 110
3 0 0 0 124 124
4 0 0 0 124 124
5 0 0 0 132 132
6 0 141 0 0 141
7 0 0 0 147 147
8 0 0 0 230 230
9 0 0 342 6 348
10 0 0 0 378 378
11 0 0 397 0 397
12 403 0 0 0 403
13 411 0 0 0 411
14 0 457 0 0 457
15 4 0 0 473 477
16 0 0 0 480 480
17 0 484 0 0 484
18 480 0 0 0 480
19 481 2 0 0 483
20 0 0 471 0 471
21 0 510 0 0 510
22 264 0 246 0 510
23 0 513 0 0 513
24 0 516 0 0 516
25 517 0 0 0 517
26 154 0 376 0 530
27 0 0 0 668 668
28 674 0 0 0 674
29 879 0 0 0 879
30 1059 0 0 0 1059
31 685 0 1 0 686
32 139 0 569 0 708
33 1096 0 0 0 1096
34 1126 0 0 0 1126
35 0 1219 0 0 1219
36 0 1 0 1426 1427
37 0 0 1446 0 1446
38 1421 1 0 0 1422
39 1462 0 1 0 1463
40 1466 0 0 0 1466
41 1475 0 0 0 1475
42 0 0 0 1454 1454
43 0 1489 0 0 1489
44 1548 0 0 0 1548
45 1557 0 0 0 1557
46 1541 0 0 0 1541
47 1539 0 0 0 1539
48 0 0 0 1550 1550
49 0 0 1550 0 1550
50 0 1 0 1518 1519
51 0 1564 0 0 1564
52 0 1572 0 0 1572
53 1583 0 7 0 1590
54 1582 0 0 0 1582
55 0 1587 0 0 1587
56 1582 0 0 0 1582
57 1 0 0 1730 1731
58 0 0 1741 0 1741
59 7 0 1710 0 1717
60 1715 0 4 0 1719
61 0 635 0 1153 1788
62 1805 13 1 0 1819
63 0 0 0 1929 1929
64 0 2016 0 1 2017
65 0 10 2104 0 2114
66 2062 3 49 5 2119
67 0 2196 0 0 2196
68 1 0 2246 0 2247
69 0 1 2278 0 2279
70 0 0 0 2247 2247
71 2359 1 0 0 2360
72 0 0 0 2542 2542
73 0 0 2562 0 2562
74 2572 0 0 0 2572
75 2579 0 0 0 2579
76 0 2614 0 3 2617
77 2598 1 1 1 2601
78 0 2714 0 0 2714
79 0 4 0 2743 2747
80 0 0 2875 0 2875
81 0 0 3907 0 3907
82 8 0 3914 0 3922
83 3987 0 5 0 3992
84 0 4086 0 7 4093
85 4231 0 1 0 4232
86 4148 1 20 0 4169
87 1 0 0 4250 4251
88 2 3 0 4357 4362
89 4 0 4282 0 4286
90 4349 0 0 0 4349
91 13 4454 0 3 4470
92 4617 0 1 0 4618
93 4582 0 0 0 4582
94 4510 1 0 0 4511
95 4519 1 0 1 4521
96 0 4557 0 0 4557
97 4496 0 1 1 4498
98 0 4632 0 0 4632
99 7 2518 0 2140 4665
100 6 0 4717 0 4723
101 7 0 4699 0 4706
102 4633 0 0 0 4633
103 4729 0 0 0 4729
104 1 0 4731 0 4732
105 4708 0 0 0 4708
106 4793 0 1 0 4794
107 4827 0 12 1 4840
108 13 31 0 4804 4848
109 4866 1 0 0 4867
110 4811 0 0 0 4811
111 3 4892 0 0 4895
112 0 30 0 4824 4854
113 0 28 0 4853 4881
114 0 4928 0 0 4928
115 0 2 0 4901 4903
116 1 0 4873 0 4874
117 0 0 4834 0 4834
118 4834 1 0 0 4835
119 4929 0 0 0 4929
120 0 4961 0 0 4961
121 2 4916 1 0 4919
122 4942 0 0 0 4942
123 0 0 4929 0 4929
124 0 1 1 4786 4788
125 2 0 4844 0 4846
126 5 0 4761 0 4766
127 24 0 4778 0 4802
128 4861 0 0 0 4861
129 9 4945 0 2 4956
130 4953 0 0 0 4953
131 4967 0 0 2 4969
132 0 4911 0 0 4911
133 0 4958 0 0 4958
134 4982 0 0 0 4982
135 1 0 4901 0 4902
136 4868 0 2 0 4870
137 0 4910 0 0 4910
138 1 4926 0 1 4928
139 5005 0 0 0 5005
140 4935 0 0 0 4935
141 0 0 0 4914 4914
142 0 4971 0 2 4973
143 4988 0 0 0 4988
144 0 0 0 4936 4936
145 0 4 1 4921 4926
146 4993 1 1 0 4995
147 1 0 4882 0 4883
148 4913 0 0 0 4913
149 0 4948 0 0 4948
150 0 4947 0 1 4948
151 5055 0 1 0 5056
152 2 0 4902 0 4904
153 0 4975 0 1 4976
154 5025 0 2 0 5027
155 4966 0 0 0 4966
156 0 5002 0 0 5002
157 0 4968 0 4 4972
158 0 5000 0 0 5000
159 1 0 0 4939 4940
160 0 4 0 4945 4949
161 0 0 4885 0 4885
162 0 4960 0 0 4960
163 1 4970 0 1 4972
164 1 4960 0 6 4967
165 0 4981 0 1 4982
166 4946 0 4 0 4950
167 0 5004 0 0 5004
168 0 5022 0 0 5022
169 5028 0 2 0 5030
170 4964 0 0 0 4964
171 3 0 4903 0 4906
172 0 4963 0 0 4963
173 5030 0 0 0 5030
174 4960 0 3 0 4963
175 0 5021 0 0 5021
176 5020 0 0 0 5020
177 4975 0 1 0 4976
178 4911 0 0 0 4911
179 0 4960 0 0 4960
180 0 0 4804 0 4804
181 4818 0 0 4 4822
182 4741 0 1 0 4742
183 2 4750 0 0 4752
184 0 4749 0 0 4749
185 0 4833 0 1 4834
186 1 0 4768 0 4769
187 0 0 0 4640 4640
188 4723 2 5 0 4730
189 4756 0 1 0 4757
190 4 4742 0 0 4746
191 1 4732 0 0 4733
192 0 4777 0 0 4777
193 4770 0 0 0 4770
194 0 0 1 4588 4589
195 0 4694 0 2 4696
196 4 4671 0 4 4679
197 1 4703 0 10 4714
198 0 4759 0 3 4762
199 9 0 4768 0 4777
200 2 0 4666 0 4668
201 4599 0 11 1 4611
202 4677 0 0 0 4677
203 4650 0 0 0 4650
204 4 0 4679 0 4683
205 4686 0 0 0 4686
206 0 0 4721 0 4721
207 0 4906 0 0 4906
208 4951 0 0 0 4951
209 4895 0 0 0 4895
210 3 4866 0 0 4869
211 1 4856 0 1 4858
212 4804 1 1 0 4806
213 0 4943 0 0 4943
214 4922 0 0 0 4922
215 4857 0 0 0 4857
216 0 0 4805 0 4805
217 7 4816 12 0 4835
218 4829 0 0 0 4829
219 0 0 4879 0 4879
220 0 67 1 4229 4297
221 12 0 4605 1 4618
222 4775 0 0 0 4775
223 4864 0 1 0 4865
224 1 0 4848 0 4849
225 4807 0 0 1 4808
226 0 1 0 4817 4818
227 2 2 4815 0 4819
228 4791 0 8 1 4800
229 1 0 0 4763 4764
230 0 0 4842 0 4842
231 0 0 0 4527 4527
232 1 4803 0 1 4805
233 28 0 4851 0 4879
234 1 0 4775 0 4776
235 4769 2 1 1 4773
236 4770 1 2 0 4773
237 0 0 4881 0 4881
238 3 0 4782 0 4785
239 4810 0 0 0 4810
240 4846 0 0 0 4846
241 4863 0 3 0 4866
242 31 0 4720 0 4751
243 1 4693 60 0 4754
244 0 4786 0 2 4788
245 0 4784 0 1 4785
246 4861 0 1 0 4862
247 4890 0 1 0 4891
248 4891 1 0 0 4892
249 4776 0 3 0 4779
250 2 0 4730 0 4732
251 4758 0 0 0 4758
252 4765 0 0 0 4765
253 4 0 4577 0 4581
254 5 4586 0 1 4592
255 4694 0 0 0 4694
256 0 0 4503 2 4505
257 4544 0 0 1 4545
258 0 4532 1 4 4537
259 0 4462 0 0 4462
260 5 4492 0 1 4498
261 1 4540 0 0 4541
262 1912 0 2558 5 4475
263 4399 0 0 0 4399
264 0 4388 0 0 4388
265 4331 0 0 0 4331
266 0 0 4307 0 4307
267 4247 0 1 4 4252
268 3 0 4264 0 4267
269 4270 0 0 0 4270
270 0 0 0 4310 4310
271 4364 0 0 0 4364
272 4356 0 1 0 4357
273 4375 0 0 1 4376
274 0 0 4228 0 4228
275 4191 0 0 0 4191
276 4199 0 2 0 4201
277 0 0 4099 0 4099
278 4125 2 3 4 4134
279 18 0 3954 0 3972
280 1 3936 0 0 3937
281 4 0 3955 0 3959
282 0 3 0 3771 3774
283 0 3935 1 0 3936
284 0 0 0 3885 3885
285 3936 1 1 0 3938
286 0 4003 0 2 4005
287 4069 0 2 2 4073
288 4032 0 0 0 4032
289 0 3980 0 0 3980
290 3998 0 0 0 3998
291 0 0 1 3962 3963
292 1 0 4015 0 4016
293 0 0 3964 0 3964
294 0 21 0 3268 3289
295 3 0 3759 0 3762
296 0 0 4061 1 4062
297 0 2 0 3508 3510
298 0 0 3890 1 3891
299 4070 0 0 0 4070
300 4145 0 0 0 4145
301 4105 0 0 0 4105
302 1 4112 0 0 4113
303 0 0 0 3993 3993
304 0 0 3994 1 3995
305 5 0 4230 0 4235
306 2 4 4306 0 4312
307 6 4151 0 88 4245
308 0 0 4299 0 4299
309 4287 0 3 0 4290
310 4299 1 0 0 4300
311 0 0 0 4290 4290
312 3 0 0 4352 4355
313 0 4344 0 1 4345
314 0 0 0 4335 4335
315 4369 0 0 0 4369
316 2 4375 0 0 4377
317 4376 0 2 2 4380
318 4332 0 0 0 4332
319 0 4287 0 0 4287
320 0 4236 0 0 4236
321 4283 0 2 0 4285
322 0 0 4215 0 4215
323 4155 0 0 1 4156
324 0 0 0 4179 4179
325 0 0 4221 0 4221
326 4083 0 0 3 4086
327 0 1 1 4141 4143
328 0 0 4226 1 4227
329 138 0 4010 0 4148
330 0 0 0 3994 3994
331 1 0 0 4070 4071
332 4194 0 0 0 4194
333 4148 0 0 0 4148
334 4083 1 1 1 4086
335 0 0 4104 0 4104
336 1 4077 0 0 4078
337 0 2 1 4057 4060
338 0 0 4098 0 4098
339 1 0 4058 0 4059
340 3969 0 9 0 3978
341 0 4005 0 1 4006
342 0 2 0 3937 3939
343 1 4010 0 1 4012
344 4125 0 3 0 4128
345 4116 0 0 0 4116
346 3 1 0 4077 4081
347 3 0 4072 0 4075
348 4038 1 1 0 4040
349 5 0 0 3993 3998
350 0 0 4010 0 4010
351 3998 1 2 0 4001
352 9 3981 0 0 3990
353 4024 0 0 0 4024
354 0 1 0 4017 4018
355 0 0 4058 0 4058
356 4 0 3971 0 3975
357 3919 0 0 0 3919
358 0 0 3987 0 3987
359 3936 0 0 0 3936
360 0 0 3982 0 3982
361 3921 0 0 0 3921
362 3931 0 1 0 3932
363 3983 1 0 0 3984
364 0 0 0 3836 3836
365 0 3888 0 1 3889
366 0 0 0 3927 3927
367 3941 1 1 0 3943
368 3880 1 2 0 3883
369 0 1 1 3786 3788
370 1 3860 0 1 3862
371 0 3875 0 0 3875
372 3937 0 0 0 3937
373 3882 0 0 0 3882
374 3870 0 2 0 3872
375 3875 1 0 0 3876
376 0 0 3 3737 3740
377 2 0 3745 0 3747
378 0 3697 0 16 3713
379 8 0 3734 0 3742
380 1 3704 0 0 3705
381 3692 0 0 0 3692
382 0 0 0 3607 3607
383 1 0 3625 0 3626
384 2 3542 0 7 3551
385 2 3635 0 0 3637
386 0 0 3641 0 3641
387 0 0 0 3429 3429
388 561 0 2955 1 3517
389 0 0 3554 0 3554
390 3591 0 0 0 3591
391 3631 0 4 0 3635
392 3680 0 0 0 3680
393 0 0 3640 0 3640
394 3568 0 10 1 3579
395 3623 0 0 1 3624
396 0 0 0 3613 3613
397 0 0 0 3639 3639
398 0 13 0 3642 3655
399 0 0 0 3688 3688
400 3727 0 0 0 3727
401 2 0 0 3665 3667
402 0 0 0 3676 3676
403 2 0 3686 0 3688
404 8 0 3585 0 3593
405 8 3577 0 0 3585
406 0 0 0 3619 3619
407 1 0 3640 2 3643
408 0 3534 0 1 3535
409 1 3550 0 0 3551
410 3621 0 0 2 3623
411 0 3597 0 2 3599
412 0 0 0 3655 3655
413 1 0 3656 0 3657
414 3616 0 0 0 3616
415 0 0 0 3641 3641
416 2 0 3623 8 3633
417 3646 0 0 0 3646
418 0 3626 0 0 3626
419 3723 0 0 0 3723
420 3843 0 0 0 3843
421 0 0 3767 0 3767
422 3741 0 0 0 3741
423 3799 0 1 0 3800
424 3783 0 2 0 3785
425 3752 2 0 0 3754
426 0 3797 0 1 3798
427 0 3770 0 6 3776
428 0 0 3759 0 3759
429 3612 0 1 0 3613
430 19 0 3707 0 3726
431 1 0 0 3551 3552
432 0 0 0 3591 3591
433 2 3598 0 0 3600
434 5 3684 0 0 3689
435 3726 1 11 1 3739
436 5 0 3729 0 3734
437 3684 2 0 0 3686
438 3703 0 0 0 3703
439 0 0 3715 0 3715
440 3652 0 0 1 3653
441 3729 0 1 0 3730
442 3761 0 0 0 3761
443 3777 0 0 0 3777
444 3824 4 1 0 3829
445 1 0 3676 0 3677
446 3722 0 0 0 3722
447 3705 0 0 0 3705
448 0 1 0 3649 3650
449 3 0 3620 0 3623
450 4 3554 0 6 3564
451 4 3682 0 1 3687
452 3659 4 7 8 3678
453 1 0 3703 2 3706
454 3577 0 39 0 3616
455 1 0 3717 7 3725
456 3645 0 1 0 3646
457 0 0 0 3680 3680
458 0 0 3777 0 3777
459 0 0 0 3672 3672
460 1 3740 0 0 3741
461 3840 0 1 0 3841
462 3910 0 0 0 3910
463 3894 0 0 1 3895
464 1 0 3863 0 3864
465 3794 0 1 0 3795
466 3812 3 7 0 3822
467 4 10 3851 0 3865
468 2 0 3952 5 3959
469 1 0 3967 0 3968
470 3951 0 0 0 3951
471 4004 0 0 0 4004
472 2 0 4069 0 4071
473 1 0 4087 0 4088
474 4158 0 1 0 4159
475 4202 0 0 0 4202
476 35 0 4167 0 4202
477 4243 0 0 0 4243
478 4315 0 1 0 4316
479 4327 0 0 0 4327
480 1 1 0 4232 4234
481 4326 0 0 0 4326
482 10 0 4231 6 4247
483 4328 0 0 0 4328
484 0 2 1 4223 4226
485 0 4246 0 0 4246
486 4310 0 1 0 4311
487 5 4312 0 1 4318
488 4437 1 2 0 4440
489 4484 1 0 1 4486
490 0 4484 0 2 4486
491 4641 0 0 0 4641
492 4594 0 0 0 4594
493 4582 1 0 1 4584
494 4613 6 11 0 4630
495 1 4757 0 0 4758
496 4765 1 0 0 4766
497 2 0 4713 0 4715
498 2 0 4667 0 4669
499 4670 0 7 0 4677
500 16 0 4769 0 4785
501 2 0 4770 0 4772
502 3 4805 0 0 4808
503 4800 1 0 0 4801
504 0 4868 0 0 4868
505 1 4983 0 1 4985
506 0 1 0 5002 5003
507 0 0 0 5077 5077
508 0 1 0 5096 5097
509 8 1 0 5105 5114
510 5162 0 1 0 5163
511 0 5127 0 0 5127
512 5181 0 1 0 5182
513 5146 1 0 0 5147
514 19 1 5068 0 5088
515 4988 0 2 0 4990
516 0 3 0 5021 5024
517 1 0 5072 0 5073
518 1 0 5073 0 5074
519 2 0 1 4829 4832
520 5106 0 2 0 5108
521 5117 0 0 0 5117
522 0 0 5105 7 5112
523 5057 2 0 0 5059
524 0 0 5106 0 5106
525 5086 0 0 0 5086
526 0 0 0 5085 5085
527 0 0 5078 0 5078
528 5126 0 0 3 5129
529 0 2 0 5122 5124
530 5199 0 0 0 5199
531 5207 0 0 0 5207
532 5168 0 1 0 5169
533 5146 0 0 0 5146
534 1 5123 0 0 5124
535 0 5001 5 3 5009
536 5182 0 6 0 5188
537 0 0 0 5071 5071
538 0 5160 0 0 5160
539 0 6 0 5107 5113
540 5167 0 0 0 5167
541 0 1 0 5174 5175
542 0 4 0 5184 5188
543 0 0 0 5151 5151
544 1 5223 2 0 5226
545 5218 1 15 15 5249
546 0 0 5086 0 5086
547 0 5149 0 2 5151
548 0 5171 0 0 5171
549 1 5211 0 14 5226
550 0 5 1 5302 5308
551 3467 0 1788 0 5255
552 0 0 2 5459 5461
553 5486 2 0 0 5488
554 5555 0 0 0 5555
555 21 0 5416 0 5437
556 5493 1 3 6 5503
557 5518 2 0 0 5520
558 0 0 0 5529 5529
559 0 0 0 5577 5577
560 5401 0 10 1 5412
561 0 5549 0 2 5551
562 0 5365 0 224 5589
563 0 13 0 5579 5592
564 0 0 0 5747 5747
565 0 1 0 5816 5817
566 0 0 0 5869 5869
567 0 0 0 5956 5956
568 5963 1 0 1 5965
569 5903 1 1 0 5905
570 5867 1 7 0 5875
571 5900 1 1 0 5902
572 0 0 5999 1 6000
573 5942 0 0 0 5942
574 5992 0 0 0 5992
575 3 0 5949 1 5953
576 5980 0 0 0 5980
577 16 1 6025 2 6044
578 0 0 6064 1 6065
579 1 0 0 5725 5726
580 5 0 6014 1 6020
581 6153 0 8 0 6161
582 6276 0 1 0 6277
583 6286 0 0 0 6286
584 6256 0 1 0 6257
585 0 6307 0 0 6307
586 6349 1 1 0 6351
587 6291 1 0 1 6293
588 1 1 0 6341 6343
589 0 0 6340 1 6341
590 1 0 0 6275 6276
591 6366 0 1 0 6367
592 1 6454 0 4 6459
593 6548 0 1 1 6550
594 6538 0 0 0 6538
595 6530 1 0 0 6531
596 6453 0 3 0 6456
597 6 6510 0 10 6526
598 2 6416 0 1 6419
599 6394 0 4 0 6398
600 0 6518 0 9 6527
601 1 6545 0 3 6549
602 6561 10 0 1 6572
603 0 10 0 6635 6645
604 2 0 6668 0 6670
605 0 0 6581 1 6582
606 0 0 6599 0 6599
607 0 0 6556 0 6556
608 6563 0 5 5 6573
609 1 0 6670 0 6671
610 0 0 0 6624 6624
611 14 0 6702 10 6726
612 6697 1 0 1 6699
613 0 1 0 6756 6757
614 0 0 6756 1 6757
615 8 0 6636 0 6644
616 1 6830 0 6 6837
617 0 0 0 6986 6986
618 2 0 0 7044 7046
619 1 7056 1 2 7060
620 7113 4 2 0 7119
621 81 10 7080 0 7171
622 0 1 0 6827 6828
623 8 0 7034 0 7042
624 9 0 7068 1 7078
625 7230 0 0 3 7233
626 3 7 0 7356 7366
627 0 0 0 7445 7445
628 7471 0 0 4 7475
629 7480 0 1 0 7481
630 7461 0 0 0 7461
631 0 10 0 7456 7466
632 3 7447 0 0 7450
633 7479 0 2 5 7486
634 0 7545 0 0 7545
635 7645 0 0 1 7646
636 0 1 0 7667 7668
637 7733 0 5 0 7738
638 7655 2 0 0 7657
639 0 0 0 7659 7659
640 2 0 7656 1 7659
641 7623 1 1 0 7625
642 0 2 1 7711 7714
643 0 33 0 7996 8029
644 3 2 7938 2 7945
645 3 0 7872 0 7875
646 2 0 7912 3 7917
647 0 8073 16 1 8090
648 8229 0 14 0 8243
649 0 0 2 8187 8189
650 0 0 2 8281 8283
651 3 8352 0 2 8357
652 8404 1 0 0 8405
653 2 8510 1 1 8514
654 8557 0 0 0 8557
655 19 0 8533 0 8552
656 8421 1 1 1 8424
657 1 1 1 8494 8497
658 0 0 8546 1 8547
659 8472 0 10 1 8483
660 8486 2 2 0 8490
661 2 0 0 8547 8549
662 0 0 8499 5 8504
663 8523 0 0 1 8524
664 0 7 0 8630 8637
665 1 0 8659 0 8660
666 0 0 0 8733 8733
667 0 8781 0 11 8792
668 0 2 0 8898 8900
669 6 0 8906 0 8912
670 0 0 0 8838 8838
671 1 1 0 8917 8919
672 0 0 1 8902 8903
673 0 8845 0 2 8847
674 4 9372 0 0 9376
675 9725 1 5 0 9731
676 9672 0 1 1 9674
677 9756 1 0 0 9757
678 7 0 9450 0 9457
679 9727 0 7 1 9735
680 0 11 0 9593 9604
681 0 9757 0 3 9760
682 9883 0 1 0 9884
683 9869 2 2 0 9873
684 9848 0 6 0 9854
685 3 0 9819 0 9822
686 8 0 9655 1 9664
687 1 9779 0 0 9780
688 9827 1 2 2 9832
689 0 9972 0 1 9973
690 0 0 1 10053 10054
691 10066 3 0 0 10069
692 10025 1 0 0 10026
693 10085 1 0 0 10086
694 10091 1 0 0 10092
695 10098 3 2 0 10103
696 0 1 10051 1 10053
697 9984 0 2 0 9986
698 0 0 10159 1 10160
699 1 0 1 9939 9941
700 0 2 0 10173 10175
701 7 0 10135 3 10145
702 0 0 10010 3 10013
703 10094 2 8 0 10104
704 1 10347 0 1 10349
705 0 0 1 10309 10310
706 0 3 1 10335 10339
707 13 0 10235 0 10248
708 10133 0 0 0 10133
709 0 4 0 10169 10173
710 1 10141 1 0 10143
711 0 10153 0 5 10158
712 0 0 0 10240 10240
713 0 1 0 10304 10305
714 1 10238 0 1 10240
715 10167 0 0 0 10167
716 0 2 2 10274 10278
717 0 1 1 10307 10309
718 10243 0 20 0 10263
719 10084 1 2 0 10087
720 0 1 0 10092 10093
721 0 10165 0 4 10169
722 10267 1 0 0 10268
723 6 0 10068 0 10074
724 0 1 0 9941 9942
725 9683 0 2 0 9685
726 1 10070 1 0 10072
727 0 10115 2 0 10117
728 0 16 0 10002 10018
729 1 0 0 9985 9986
730 2 2 0 10084 10088
731 1 0 9983 1 9985
732 5 10032 0 6 10043
733 22 0 10130 0 10152
734 7 0 10023 10 10040
735 1 0 10028 0 10029
736 10141 0 3 2 10146
737 10209 0 0 6 10215
738 0 0 10169 0 10169
739 2 10092 3 8 10105
740 10199 0 8 0 10207
741 0 10301 1 2 10304
742 10318 0 0 0 10318
743 0 0 10131 0 10131
744 0 1 1 10043 10045
745 1 9937 0 7 9945
746 2 9903 0 4 9909
747 1 10000 0 2 10003
748 2 10116 0 1 10119
749 10253 1 8 4 10266
750 1 0 10238 1 10240
751 10227 1 0 0 10228
752 10184 7 0 0 10191
753 9 0 10220 0 10229
754 10049 1 0 0 10050
755 0 4 0 10105 10109
756 0 10279 16 9 10304
757 10322 0 3 8 10333
758 28 0 10264 0 10292
759 0 0 10039 0 10039
760 10 8 1 9949 9968
761 2 0 10049 0 10051
762 5 10099 0 17 10121
763 259 0 9922 0 10181
764 10025 0 0 2 10027
765 0 10196 0 0 10196
766 11 2 1 10270 10284
767 20 0 10259 2 10281
768 6 0 10165 0 10171
769 1 5 1 9607 9614
770 4 0 10132 0 10136
771 0 1 1 10373 10375
772 0 8 1 10587 10596
773 16 0 10499 0 10515
774 9 10547 0 2 10558
775 10732 0 6 1 10739
776 10498 0 0 0 10498
777 0 0 1 10533 10534
778 0 10587 0 1 10588
779 10724 0 0 0 10724
780 10610 0 3 2 10615
781 10533 1 10 0 10544
782 0 0 10683 0 10683
783 1 0 10568 1 10570
784 10454 0 3 1 10458
785 4 0 10711 0 10715
786 1 0 11152 0 11153
787 1 0 1 10542 10544
788 2 0 11436 0 11438
789 4 0 11527 0 11531
790 11441 0 3 0 11444
791 11421 0 8 0 11429
792 4 11688 0 1 11693
793 5 11808 0 0 11813
794 0 0 5 11845 11850
795 0 0 1 11902 11903
796 11880 0 0 0 11880
797 3 0 11768 0 11771
798 0 0 0 11316 11316
799 12 0 11642 1 11655
800 4 0 11828 5 11837
801 2 12065 0 19 12086
802 0 0 1 12188 12189
803 6 0 12137 0 12143
804 12100 1 0 1 12102
805 12142 0 8 0 12150
806 5 0 12122 0 12127
807 2 12099 0 4 12105
808 2 12211 0 13 12226
809 12342 0 0 0 12342
810 4 0 0 12412 12416
811 0 55 1 12324 12380
812 1 12492 0 1 12494
813 0 0 12442 0 12442
814 11833 1 14 3 11851
815 0 2 1 12263 12266
816 0 10 1 12491 12502
817 0 3 0 12534 12537
818 12385 0 2 0 12387
819 1 2 0 12496 12499
820 12401 0 2 4 12407
821 1 0 12401 0 12402
822 2 0 12278 0 12280
823 12203 1 1 3 12208
824 12362 0 1 1 12364
825 1 0 12167 0 12168
826 12193 1 0 0 12194
827 3 0 12291 0 12294
828 1 12224 0 1 12226
829 12399 0 2 3 12404
830 12322 0 1 1 12324
831 0 3 1 12204 12208
832 6 1 12206 0 12213
833 24 0 12065 3 12092
834 0 12215 0 9 12224
835 12298 0 1 0 12299
836 4 0 12246 0 12250
837 12170 0 0 2 12172
838 0 12254 0 3 12257
839 12316 0 2 1 12319
840 8 0 12213 0 12221
841 12018 0 0 0 12018
842 2 0 12074 0 12076
843 1 0 12024 0 12025
844 2 0 11971 1 11974
845 7 11929 0 9 11945
846 6 1 0 12072 12079
847 12183 0 1 3 12187
848 1 2 0 12216 12219
849 1 1 0 12248 12250
850 12077 0 1 2 12080
851 12051 0 2 0 12053
852 0 0 12017 0 12017
853 12050 0 0 1 12051
854 4 0 11950 0 11954
855 12057 0 1 1 12059
856 1 11813 0 8 11822
857 11913 0 4 1 11918
858 0 4 1 11828 11833
859 2 11891 1 57 11951
860 12071 0 0 0 12071
861 11970 0 2 0 11972
862 11965 0 3 0 11968
863 1 0 11619 0 11620
864 1 11541 0 3 11545
865 3 11631 0 2 11636
866 11715 0 3 0 11718
867 11745 0 1 0 11746
868 0 1 11464 0 11465
869 11431 1 1 0 11433
870 11 11636 0 10 11657
871 1 9 1 11569 11580
872 1 1 11499 1 11502
873 12 11500 1 18 11531
874 0 11657 0 12 11669
875 0 1 2 11647 11650
876 11661 0 1 0 11662
877 0 0 0 11719 11719
878 3 0 11621 0 11624
879 11653 0 3 0 11656
880 11698 1 1 0 11700
881 11661 0 0 0 11661
882 11668 0 0 1 11669
883 0 0 11424 0 11424
884 11242 1 1 1 11245
885 0 3 1 11152 11156
886 2 5 0 11277 11284
887 0 11317 0 2 11319
888 0 1 0 11255 11256
889 0 0 0 11270 11270
890 0 11165 0 64 11229
891 0 3 0 11146 11149
892 0 0 10939 1 10940
893 11027 0 0 0 11027
894 11122 0 0 0 11122
895 0 0 0 11037 11037
896 0 10985 3 0 10988
897 1 3 1 11039 11044
898 11045 1 0 0 11046
899 10974 0 0 0 10974
900 10992 0 2 0 10994
901 0 1 10535 9 10545
902 10548 0 1 0 10549
903 10565 0 0 8 10573
904 0 10557 0 6 10563
905 10654 0 4 0 10658
906 10695 0 1 0 10696
907 10591 0 0 0 10591
908 25 0 0 10284 10309
909 0 0 10150 0 10150
910 13 10198 1 9 10221
911 0 0 0 10110 10110
912 0 10269 1 18 10288
913 9 1 4 10244 10258
914 3 0 10089 2 10094
915 13 10167 0 4 10184
916 16 0 10020 1 10037
917 3 10027 0 4 10034
918 4 10165 0 0 10169
919 3 10139 0 31 10173
920 4 10241 0 9 10254
921 10289 0 3 0 10292
922 10260 0 2 0 10262
923 0 10284 0 4 10288
924 10283 0 0 0 10283
925 10297 0 1 0 10298
926 10194 0 0 0 10194
927 10176 0 1 0 10177
928 41 7 9742 0 9790
929 11 1 9637 0 9649
930 3 9994 0 5 10002
931 2 3 0 9955 9960
932 9 10183 1 0 10193
933 0 2 0 10292 10294
934 10284 1 0 11 10296
935 0 0 10245 0 10245
936 0 0 0 10108 10108
937 0 0 0 10292 10292
938 12 0 10292 1 10305
939 10295 0 3 0 10298
940 0 1 0 10270 10271
941 0 10339 0 32 10371
942 10487 0 2 0 10489
943 10341 0 1 0 10342
944 3 0 10357 0 10360
945 1 1 0 9822 9824
946 3 0 10199 0 10202
947 10373 0 2 1 10376
948 0 9 0 10346 10355
949 0 10541 0 7 10548
950 5 0 10604 2 10611
951 1 0 10554 3 10558
952 10555 1 0 1 10557
953 10612 1 0 0 10613
954 10 0 10397 1 10408
955 0 10786 0 0 10786
956 10977 1 2 0 10980
957 8 0 10828 1 10837
958 10723 1 1 0 10725
959 10864 0 2 0 10866
960 10842 1 0 1 10844
961 0 4 0 10690 10694
962 2 10813 0 8 10823
963 2 10860 0 2 10864
964 10859 0 2 1 10862
965 2 0 10744 2 10748
966 3 0 10572 1 10576
967 2 0 10617 8 10627
968 10688 0 3 2 10693
969 1 1 0 10646 10648
970 0 0 0 10821 10821
971 37 1 10742 0 10780
972 1 11126 0 8 11135
973 11181 0 2 1 11184
974 20 0 11107 2 11129
975 10993 1 5 1 11000
976 0 11171 0 4 11175
977 11138 1 2 0 11141
978 0 0 1 11254 11255
979 1 1 1 11445 11448
980 1 0 11328 5 11334
981 11261 0 0 1 11262
982 10896 0 390 0 11286
983 5 0 11188 1 11194
984 11107 1 3 0 11111
985 0 0 0 11076 11076
986 0 11194 1 0 11195
987 1 0 0 11233 11234
988 11242 0 0 0 11242
989 10923 0 0 0 10923
990 1 10981 0 9 10991
991 8 10930 0 7 10945
992 2 11062 0 1 11065
993 2 3 0 11088 11093
994 39 0 10980 0 11019
995 5 11014 0 1 11020
996 0 2 0 11114 11116
997 0 0 0 11134 11134
998 1 0 10962 0 10963
999 9 10961 0 3 10973
1000 0 1 0 10938 10939
1001 0 11019 0 0 11019
1002 2 0 11148 0 11150
1003 0 10 1 10646 10657
1004 10923 0 0 3 10926
1005 0 0 11010 1 11011
1006 0 0 0 10579 10579
1007 10913 0 0 0 10913
1008 0 1 0 11027 11028
1009 2 0 10950 1 10953
1010 15 0 10838 1 10854
1011 0 1 0 10398 10399
1012 0 10721 0 28 10749
1013 14 0 10990 1 11005
1014 0 6 0 10686 10692
1015 0 3 2 11017 11022
1016 1 0 11069 0 11070
1017 1 0 0 10931 10932
1018 0 0 0 11067 11067
1019 11119 28 2 4 11153
1020 0 0 10926 1 10927
1021 10 0 10732 6 10748
1022 0 10752 3 3 10758
1023 0 10808 0 0 10808
1024 5 10976 0 2 10983
1025 0 1 1 10892 10894
1026 6 11056 0 0 11062
1027 0 2 2 11073 11077
1028 1 0 11103 0 11104
1029 0 0 0 11029 11029
1030 4 0 11137 4 11145
1031 6 0 10949 0 10955
1032 0 11257 0 2 11259
1033 11317 0 1 0 11318
1034 11314 0 1 0 11315
1035 15 0 11477 0 11492
1036 6 11407 0 3 11416
1037 11574 0 0 1 11575
1038 11568 0 2 0 11570
1039 11359 0 0 0 11359
1040 0 0 11483 2 11485
1041 0 2 3 10827 10832
1042 47 0 11158 0 11205
1043 0 0 11299 0 11299
1044 0 4 0 11085 11089
1045 7 0 11216 0 11223
1046 2 11339 0 0 11341
1047 0 2 0 11508 11510
1048 0 1 0 11538 11539
1049 5 11497 0 0 11502
1050 0 11462 1 5 11468
1051 16 11437 0 3 11456
1052 11487 0 1 0 11488
1053 0 0 0 11625 11625
1054 11617 0 2 0 11619
1055 11498 0 1 0 11499
1056 1 0 11472 0 11473
1057 26 11418 0 0 11444
1058 11546 0 4 0 11550
1059 0 1 0 11593 11594
1060 0 0 0 11644 11644
1061 0 3 0 11569 11572
1062 11345 0 1 0 11346
1063 1 11467 0 7 11475
1064 6 0 11142 192 11340
1065 1 11188 0 1 11190
1066 1 11372 0 0 11373
1067 11454 0 16 1 11471
1068 11330 0 0 0 11330
1069 11452 0 1 0 11453
1070 11351 0 0 0 11351
1071 1 2 0 11328 11331
1072 10713 13 2 2 10730
1073 0 11390 0 0 11390
1074 3 11450 0 5 11458
1075 2 4 0 11128 11134
1076 10 11402 0 1 11413
1077 11474 1 0 0 11475
1078 11250 0 1 0 11251
1079 0 11354 0 16 11370
1080 0 14 2 11326 11342
1081 11387 0 1 0 11388
1082 0 0 11401 1 11402
1083 2 1 11249 2 11254
1084 19 0 11338 4 11361
1085 1 1 1 10740 10743
1086 18 0 0 11146 11164
1087 6 11244 3 2 11255
1088 11283 0 12 3 11298
1089 11183 1 56 1 11241
1090 3 0 0 11418 11421
1091 0 0 11356 0 11356
1092 0 3 0 11259 11262
1093 0 1 0 11412 11413
1094 43 0 11182 0 11225
1095 11144 2 2 0 11148
1096 11113 0 40 0 11153
1097 0 2 11178 0 11180
1098 11149 0 8 1 11158
1099 1 0 11173 1 11175
1100 0 0 0 10890 10890
1101 10984 0 0 0 10984
1102 0 11058 0 5 11063
1103 0 4 1 11069 11074
1104 0 11071 0 14 11085
1105 0 0 0 11147 11147
1106 11038 1 0 0 11039
1107 0 1 0 11162 11163
1108 0 0 11151 0 11151
1109 1 0 11048 1 11050
1110 0 3 1 10993 10997
1111 0 3 0 11146 11149
1112 9 0 11039 1 11049
1113 2 0 10863 0 10865
1114 1 0 10882 0 10883
1115 1 3 0 10671 10675
1116 10994 0 5 0 10999
1117 0 11280 0 0 11280
1118 24 0 11267 0 11291
1119 11221 1 0 0 11222
1120 11224 1 2 9 11236
1121 1 0 11202 0 11203
1122 11 11041 0 1 11053
1123 2 11226 0 2 11230
1124 11309 0 2 0 11311
1125 1 0 0 11345 11346
1126 1 0 11276 8 11285
1127 22 0 11226 1 11249
1128 2 11313 10 0 11325
1129 0 2 0 11183 11185
1130 3 11394 0 0 11397
1131 1 1 1 11552 11555
1132 0 1 0 11610 11611
1133 0 0 0 11676 11676
1134 11541 1 3 0 11545
1135 1 11503 0 0 11504
1136 11607 0 4 0 11611
1137 11475 1 1 1 11478
1138 1 6 0 11346 11353
1139 11365 2 12 1 11380
1140 1 1 0 11274 11276
1141 0 0 11258 5 11263
1142 5 0 11169 2 11176
1143 1 11285 0 3 11289
1144 11204 1 0 0 11205
1145 11201 0 0 0 11201
1146 2 11154 0 0 11156
1147 10831 1 1 1 10834
1148 0 11181 0 0 11181
1149 0 11321 0 7 11328
1150 0 12 0 11274 11286
1151 0 0 11346 0 11346
1152 0 4 0 11276 11280
1153 0 15 1 11258 11274
1154 0 2 0 11299 11301
1155 0 11182 0 9 11191
1156 0 11211 0 0 11211
1157 11129 0 2 1 11132
1158 0 5 0 11203 11208
1159 11092 1 0 0 11093
1160 0 3 1 11118 11122
1161 1 10 1 11232 11244
1162 11102 1 0 1 11104
1163 10906 2 1 0 10909
1164 1 0 11008 0 11009
1165 10558 1 0 0 10559
1166 10649 1 1 0 10651
1167 1 1 0 10878 10880
1168 0 0 10884 1 10885
1169 1 0 10819 0 10820
1170 1 0 10776 0 10777
1171 28 0 10829 0 10857
1172 3 1 10885 4 10893
1173 10672 0 15 1 10688
1174 0 2 4 10984 10990
1175 6 0 10985 0 10991
1176 10932 0 2 2 10936
1177 1 2 0 11184 11187
1178 10 0 11246 1 11257
1179 0 11281 0 0 11281
1180 11404 1 1 2 11408
1181 11580 0 1 0 11581
1182 11497 2 9 0 11508
1183 27 0 11563 0 11590
1184 9 1 11725 0 11735
1185 11928 0 4 0 11932
1186 0 3 0 12215 12218
1187 12358 0 0 0 12358
1188 12289 0 1 1 12291
1189 12303 1 0 13 12317
1190 0 7 0 12292 12299
1191 2 12658 0 2 12662
1192 32 0 12569 1 12602
1193 9 12778 0 0 12787
1194 12813 0 1 1 12815
1195 12799 2 1 0 12802
1196 0 1 1 12977 12979
1197 0 1 1 13095 13097
1198 13088 19 0 0 13107
1199 1 2 3 13081 13087
1200 0 2 0 13091 13093
1201 0 13077 0 4 13081
1202 2 0 1 13160 13163
1203 2 0 1 13093 13096
1204 0 13065 0 0 13065
1205 13086 1 4 0 13091
1206 0 0 0 13072 13072
1207 10 15 12979 1 13005
1208 0 3 5 12789 12797
1209 1 12873 0 0 12874
1210 0 2 0 12850 12852
1211 0 1 0 12919 12920
1212 2 1 12704 0 12707
1213 1 12721 0 0 12722
1214 0 1 0 12789 12790
1215 0 37 1 12671 12709
1216 0 12756 0 0 12756
1217 31 0 12588 0 12619
1218 13 0 12206 1 12220
1219 12390 0 19 1 12410
1220 3 0 11727 1 11731
1221 1 12181 0 10 12192
1222 0 18 1 12409 12428
1223 6 0 12425 1 12432
1224 3 12301 0 5 12309
1225 1 12199 5 280 12485
1226 2 1 2 12611 12616
1227 12584 0 0 0 12584
1228 1 2 0 12604 12607
1229 2 0 12553 0 12555
1230 12454 0 4 0 12458
1231 12466 0 2 2 12470
1232 0 0 12325 1 12326
1233 12143 3 1 0 12147
1234 2 12359 0 0 12361
1235 1 12531 0 3 12535
1236 1 2 1 12597 12601
1237 1 0 12566 1 12568
1238 12440 0 14 0 12454
1239 0 0 12518 0 12518
1240 12183 0 2 5 12190
1241 0 0 12504 0 12504
1242 0 1 0 12022 12023
1243 0 1 0 12296 12297
1244 1 7 0 12409 12417
1245 0 2 0 12462 12464
1246 17 0 12061 1 12079
1247 1 1 0 12045 12047
1248 0 12116 0 7 12123
1249 0 1 1 12192 12194
1250 9 0 12093 1 12103
1251 0 12087 0 3 12090
1252 12129 1 1 0 12131
1253 0 1 0 12171 12172
1254 1 18 1 12179 12199
1255 12102 2 0 0 12104
1256 11864 0 0 0 11864
1257 0 12174 0 6 12180
1258 59 12085 0 0 12144
1259 2 0 12039 1 12042
1260 34 0 11743 0 11777
1261 0 11942 0 3 11945
1262 11855 0 2 0 11857
1263 1 12366 0 4 12371
1264 12697 0 5 12 12714
1265 1 0 12398 0 12399
1266 12447 0 5 0 12452
1267 12327 0 2 0 12329
1268 1 252 0 12259 12512
1269 1 2 3 12476 12482
1270 7 12532 0 4 12543
1271 12556 0 4 2 12562
1272 12438 11 1 0 12450
1273 6 0 12241 3 12250
1274 0 12112 0 6 12118
1275 0 12266 1 7 12274
1276 0 0 0 12458 12458
1277 12356 0 2 2 12360
1278 2 0 12234 0 12236
1279 12291 0 7 0 12298
1280 3 13 1 12229 12246
1281 0 12368 0 1 12369
1282 12483 0 2 0 12485
1283 9 0 12241 0 12250
1284 24 12257 0 0 12281
1285 12335 1 1 0 12337
1286 0 1 0 12386 12387
1287 2 0 0 12536 12538
1288 12526 2 1 0 12529
1289 12398 0 0 0 12398
1290 12358 1 1 0 12360
1291 12344 0 1 1 12346
1292 0 0 0 12457 12457
1293 11 0 12464 2 12477
1294 0 12428 0 1 12429
1295 12372 12 0 1 12385
1296 12288 2 40 8 12338
1297 7 0 12542 0 12549
1298 39 0 12373 0 12412
1299 0 1 12506 2 12509
1300 1 1 0 12094 12096
1301 1 0 2 12499 12502
1302 1 3 0 12649 12653
1303 1 12642 0 22 12665
1304 0 12799 0 1 12800
1305 12714 0 1 0 12715
1306 1 4 0 12768 12773
1307 1 0 12826 6 12833
1308 0 1 0 12578 12579
1309 0 5 0 12596 12601
1310 1 12505 0 20 12526
1311 0 12609 0 0 12609
1312 12611 0 2 0 12613
1313 13 0 12545 0 12558
1314 5 12488 0 21 12514
1315 12664 0 6 1 12671
1316 12589 1 2 0 12592
1317 12526 6 1 0 12533
1318 1 0 12594 0 12595
1319 4 2 12294 0 12300
1320 12232 2 0 1 12235
1321 12403 2 0 0 12405
1322 0 12378 0 2 12380
1323 12298 1 0 1 12300
1324 26 1 12452 0 12479
1325 1 0 12430 0 12431
1326 3 3 0 11264 11270
1327 12077 1 2 1 12081
1328 1 0 12373 0 12374
1329 12116 2 3 0 12121
1330 12341 0 2 0 12343
1331 1 0 12425 0 12426
1332 7 1 12227 0 12235
1333 12229 0 1 0 12230
1334 12292 0 1 25 12318
1335 0 0 0 12401 12401
1336 0 47 12379 3 12429
1337 0 0 12280 1 12281
1338 14 1 12099 0 12114
1339 12046 0 3 1 12050
1340 1 0 12296 0 12297
1341 1 12224 0 4 12229
1342 12381 1 0 0 12382
1343 7 0 12328 5 12340
1344 0 12419 8 24 12451
1345 0 4 0 12518 12522
1346 0 12787 0 0 12787
1347 0 0 1 12899 12900
1348 22 0 12793 1 12816
1349 12542 1 2 9 12554
1350 1 11 0 12851 12863
1351 1 1 12797 0 12799
1352 1 9 1 12595 12606
1353 1 12656 0 0 12657
1354 1 12853 1 8 12863
1355 12801 0 0 0 12801
1356 0 3 1 12873 12877
1357 0 13033 0 3 13036
1358 13115 1 2 1 13119
1359 13045 2 3 0 13050
1360 1 0 12918 0 12919
1361 3 12870 0 0 12873
1362 0 4 0 12786 12790
1363 1 12791 0 2 12794
1364 2 13023 1 1 13027
1365 13054 0 19 1 13074
1366 0 0 13294 1 13295
1367 0 0 1 12722 12723
1368 0 1 0 12924 12925
1369 0 1 1 13048 13050
1370 8 6 0 13063 13077
1371 5 0 12917 2 12924
1372 2 1 12460 1 12464
1373 0 0 12450 1 12451
1374 0 12444 0 13 12457
1375 0 1 0 12409 12410
1376 6 12521 0 12 12539
1377 1 12787 2 10 12800
1378 54 0 12662 0 12716
1379 12405 0 1 2 12408
1380 0 0 0 12501 12501
1381 19 0 12378 2 12399
1382 12235 0 1 3 12239
1383 3 12375 0 9 12387
1384 6 12534 0 5 12545
1385 12586 0 2 1 12589
1386 5 0 12605 0 12610
1387 12297 2 64 1 12364
1388 1 2 0 12265 12268
1389 0 12478 0 0 12478
1390 0 2 0 12576 12578
1391 14 0 12453 0 12467
1392 2 2 12365 1 12370
1393 1 0 12386 0 12387
1394 1 0 12194 4 12199
1395 5 0 12181 2 12188
1396 36 0 12278 0 12314
1397 12259 0 1 0 12260
1398 12548 0 3 0 12551
1399 1 12761 0 1 12763
1400 7 0 12730 0 12737
1401 12316 0 1 0 12317
1402 12222 0 11 0 12233
1403 0 0 12694 3 12697
1404 0 1 0 11778 11779
1405 12412 0 2 1 12415
1406 7 0 12684 0 12691
1407 1 0 12756 0 12757
1408 0 0 2 11898 11900
1409 6 0 12778 0 12784
1410 9 0 12813 1 12823
1411 12502 0 2 0 12504
1412 1 0 12829 0 12830
1413 12824 0 2 0 12826
1414 11 13092 1 37 13141
1415 2 0 13396 0 13398
1416 17 0 13154 0 13171
1417 12862 1 6 1 12870
1418 7 0 12898 8 12913
1419 0 0 12613 2 12615
1420 163 0 12429 0 12592
1421 1 1 0 12117 12119
1422 1 12748 0 0 12749
1423 1 12 0 12865 12878
1424 3 0 12913 0 12916
1425 28 0 12786 2 12816
1426 5 12837 1 20 12863
1427 0 12931 2 3 12936
1428 13034 0 1 0 13035
1429 12871 1 7 0 12879
1430 12913 0 6 0 12919
1431 3 1 0 13053 13057
1432 13046 0 1 0 13047
1433 12771 0 0 0 12771
1434 1 0 12771 0 12772
1435 0 12717 0 0 12717
1436 2 1 0 12533 12536
1437 3 0 12544 0 12547
1438 0 12463 0 2 12465
1439 12442 0 2 0 12444
1440 3 0 12346 5 12354
1441 9 12100 0 5 12114
1442 1 11934 0 2 11937
1443 0 12212 0 0 12212
1444 12363 0 1 0 12364
1445 16 0 12439 0 12455
1446 0 1 1 11656 11658
1447 19 0 12107 3 12129
1448 0 0 0 11830 11830
1449 0 1 0 12053 12054
1450 2 0 0 12167 12169
1451 2 0 12112 0 12114
1452 1 11946 0 1 11948
1453 11996 0 0 0 11996
1454 8 0 12096 1 12105
1455 0 0 0 11562 11562
1456 11586 1 0 1 11588
1457 0 0 11716 4 11720
1458 11553 0 10 0 11563
1459 1 0 11623 0 11624
1460 11549 0 2 8 11559
1461 0 0 11682 0 11682
1462 11353 0 1 0 11354
1463 3 11490 5 0 11498
1464 1 11647 0 0 11648
1465 0 6 0 11769 11775
1466 11728 0 0 0 11728
1467 0 0 0 11602 11602
1468 0 2 0 11696 11698
1469 5 0 11525 0 11530
1470 3 11454 0 7 11464
1471 0 3 0 11373 11376
1472 0 11475 0 0 11475
1473 0 1 0 11629 11630
1474 11619 0 1 0 11620
1475 11579 0 0 0 11579
1476 12 0 11481 0 11493
1477 0 11442 0 7 11449
1478 11513 0 3 3 11519
1479 11508 1 0 1 11510
1480 3 0 11437 0 11440
1481 2 11272 0 4 11278
1482 11406 0 1 2 11409
1483 11136 0 21 0 11157
1484 0 0 11106 0 11106
1485 3 11019 1 7 11030
1486 0 0 0 11127 11127
1487 288 1 10836 0 11125
1488 0 0 0 10829 10829
1489 10973 0 0 0 10973
1490 10859 0 1 0 10860
1491 58 0 10798 0 10856
1492 10766 0 0 1 10767
1493 10768 0 1 1 10770
1494 17 0 10781 0 10798
1495 10728 0 0 0 10728
1496 10682 0 0 1 10683
1497 0 1 0 10653 10654
1498 1 0 10468 0 10469
1499 0 10389 0 7 10396
1500 0 1 0 10526 10527
1501 9 0 10527 0 10536
1502 2 1 0 10322 10325
1503 0 10307 1 2 10310
1504 10427 0 16 0 10443
1505 10317 0 2 1 10320
1506 0 0 0 10425 10425
1507 8 1 10399 0 10408
1508 10337 0 0 0 10337
1509 10285 1 1 0 10287
1510 0 11 0 10306 10317
1511 10328 0 0 1 10329
1512 1 1 0 10287 10289
1513 0 0 0 10303 10303
1514 1 0 10190 0 10191
1515 9943 0 6 2 9951
1516 0 0 10101 1 10102
1517 3 0 9903 0 9906
1518 1 0 9836 0 9837
1519 11 1 9521 0 9533
1520 5 9388 0 1 9394
1521 27 0 9567 0 9594
1522 4 3463 0 5856 9323
1523 0 0 9543 0 9543
1524 9646 0 0 0 9646
1525 0 0 0 9621 9621
1526 17 0 9638 0 9655
1527 0 9620 0 12 9632
1528 9713 0 0 4 9717
1529 12 0 9755 0 9767
1530 9671 0 0 0 9671
1531 0 0 0 9693 9693
1532 1 0 9696 0 9697
1533 2 1 0 9471 9474
1534 1 9463 0 4 9468
1535 9618 0 0 0 9618
1536 9520 0 0 0 9520
1537 9463 0 1 1 9465
1538 1 0 9437 0 9438
1539 3 0 9289 0 9292
1540 9341 1 2 0 9344
1541 9425 0 0 0 9425
1542 9333 1 9 0 9343
1543 0 1 1 9068 9070
1544 0 5770 1 3281 9052
1545 1 0 0 9059 9060
1546 8957 0 1 0 8958
1547 0 8999 0 7 9006
1548 1 0 0 8877 8878
1549 0 8888 0 1 8889
1550 9004 0 1 0 9005
1551 8982 0 2 3 8987
1552 1 0 9029 22 9052
1553 8992 0 1 0 8993
1554 1 1 2 8930 8934
1555 0 0 8943 0 8943
1556 8902 0 2 3 8907
1557 0 1 1 8888 8890
1558 4 0 8913 1 8918
1559 8860 0 0 0 8860
1560 8837 0 1 0 8838
1561 0 1 3 8765 8769
1562 7 0 8707 0 8714
1563 8756 0 0 0 8756
1564 1 8592 2 0 8595
1565 0 13 0 8567 8580
1566 1 8551 2 2 8556
1567 8782 0 2 2 8786
1568 8699 0 10 0 8709
1569 0 2 2 8720 8724
1570 2 0 8651 0 8653
1571 5 0 8464 0 8469
1572 1 8417 0 4 8422
1573 0 1 1 8640 8642
1574 8720 0 1 0 8721
1575 8577 0 31 1 8609
1576 0 0 8565 0 8565
1577 8549 0 9 1 8559
1578 8573 0 1 0 8574
1579 8485 0 0 0 8485
1580 8269 0 0 1 8270
1581 7 8371 0 1 8379
1582 0 8215 0 2 8217
1583 8289 0 0 0 8289
1584 0 0 8190 2 8192
1585 1 2 0 7858 7861
1586 0 0 7925 1 7926
1587 2 1 8012 0 8015
1588 8082 1 14 0 8097
1589 8192 1 0 0 8193
1590 8151 0 0 0 8151
1591 0 1 3 7876 7880
1592 14 0 7746 4 7764
1593 2 7670 0 1 7673
1594 0 3 1 7716 7720
1595 1 1 1 7704 7707
1596 0 11 1 7610 7622
1597 0 7550 0 1 7551
1598 7570 0 0 1 7571
1599 26 0 0 7460 7486
1600 1 2 0 7503 7506
1601 0 0 7423 0 7423
1602 12 0 7280 0 7292
1603 2 0 7294 0 7296
1604 7339 0 2 1 7342
1605 7295 2 1 0 7298
1606 1 0 7259 0 7260
1607 7288 0 0 0 7288
1608 7264 0 1 0 7265
1609 7261 0 1 0 7262
1610 7162 0 0 7 7169
1611 1 0 0 7009 7010
1612 0 0 6824 0 6824
1613 0 1 0 6432 6433
1614 0 2 0 6656 6658
1615 1 17 0 6633 6651
1616 1 6613 0 6 6620
1617 6682 0 2 0 6684
1618 6635 0 0 0 6635
1619 6624 0 0 0 6624
1620 0 0 1 6521 6522
1621 6441 0 0 0 6441
1622 0 12 2 6170 6184
1623 0 6324 0 2 6326
1624 6386 0 1 0 6387
1625 1 0 6229 0 6230
1626 6109 0 2 1 6112
1627 3 6232 0 0 6235
1628 6260 0 2 0 6262
1629 6213 0 0 1 6214
1630 6198 0 1 0 6199
1631 6210 2 1 0 6213
1632 6098 0 0 8 6106
1633 1 6056 0 1 6058
1634 5978 2 0 1 5981
1635 5922 0 0 0 5922
1636 5865 1 0 0 5866
1637 5819 0 0 0 5819
1638 1 5850 0 0 5851
1639 0 5820 0 3 5823
1640 5846 0 0 0 5846
1641 5794 0 3 0 5797
1642 0 0 1 5371 5372
1643 0 5585 0 0 5585
1644 3 5563 0 6 5572
1645 1 5671 0 0 5672
1646 5668 0 1 0 5669
1647 0 1 1 5480 5482
1648 0 1 3 5613 5617
1649 3 0 5659 0 5662
1650 5664 0 0 0 5664
1651 5685 0 0 0 5685
1652 5661 0 1 0 5662
1653 0 0 0 5496 5496
1654 6 1 1 5425 5433
1655 1 5528 0 3 5532
1656 1 5573 0 0 5574
1657 5647 0 0 0 5647
1658 5553 0 4 0 5557
1659 0 0 0 5457 5457
1660 1 0 1 5548 5550
1661 5587 0 1 0 5588
1662 5547 1 0 0 5548
1663 11 0 5365 1 5377
1664 2 5240 0 1 5243
1665 5259 0 5 0 5264
1666 0 0 5117 0 5117
1667 5039 0 1 2 5042
1668 0 5061 0 1 5062
1669 1 5070 0 4 5075
1670 5083 0 2 1 5086
1671 0 1 2 4976 4979
1672 1 5021 0 1 5023
1673 1 4999 0 0 5000
1674 1 4952 0 4 4957
1675 0 5038 0 0 5038
1676 5073 1 11 0 5085
1677 4997 1 6 0 5004
1678 0 1 0 4892 4893
1679 0 0 0 4851 4851
1680 1 0 0 4794 4795
1681 0 4865 0 3 4868
1682 0 0 0 4851 4851
1683 0 0 0 4829 4829
1684 1 4768 0 3 4772
1685 0 4 1 4695 4700
1686 0 0 1 4753 4754
1687 0 2 1 4792 4795
1688 8 0 4754 0 4762
1689 2 0 4728 0 4730
1690 0 0 4672 5 4677
1691 4669 1 0 1 4671
1692 1 0 4641 0 4642
1693 0 0 4576 1 4577
1694 1 0 4555 0 4556
1695 4649 0 0 1 4650
1696 6 4481 0 1 4488
1697 4536 0 0 0 4536
1698 0 4506 9 0 4515
1699 4560 0 3 1 4564
1700 0 0 4494 0 4494
1701 1 4444 0 0 4445
1702 4466 0 1 0 4467
1703 0 0 4400 0 4400
1704 4324 0 1 0 4325
1705 0 0 4307 0 4307
1706 0 0 4222 1 4223
1707 4225 0 0 0 4225
1708 3 0 0 4201 4204
1709 0 0 0 4228 4228
1710 4274 0 1 0 4275
1711 0 0 0 4216 4216
1712 0 0 4172 0 4172
1713 4146 0 9 0 4155
1714 0 1 0 4107 4108
1715 1 0 4017 0 4018
1716 3865 0 1 0 3866
1717 0 3969 0 0 3969
1718 0 4026 0 0 4026
1719 0 0 0 3980 3980
1720 0 4024 0 2 4026
1721 11 1 4039 0 4051
1722 4025 0 0 0 4025
1723 0 0 0 4041 4041
1724 0 0 0 4020 4020
1725 3990 0 0 0 3990
1726 0 0 0 3967 3967
1727 0 0 0 3951 3951
1728 3863 0 102 0 3965
1729 3855 0 2 0 3857
1730 3795 0 0 0 3795
1731 8 4 0 3707 3719
1732 1 3772 0 1 3774
1733 3802 1 0 0 3803
1734 3758 0 0 0 3758
1735 0 3751 0 0 3751
1736 3777 0 0 0 3777
1737 3752 0 4 0 3756
1738 3748 0 0 0 3748
1739 3749 0 0 0 3749
1740 0 0 0 3640 3640
1741 3673 0 0 0 3673
1742 5 0 3623 0 3628
1743 3563 0 0 0 3563
1744 0 3561 0 1 3562
1745 3376 0 5 2 3383
1746 0 3606 0 4 3610
1747 0 0 0 3576 3576
1748 3641 0 0 1 3642
1749 0 0 0 3564 3564
1750 1 0 3588 0 3589
1751 3501 0 0 0 3501
1752 0 3615 0 0 3615
1753 0 35 0 3433 3468
1754 2 0 3522 0 3524
1755 0 0 1 3432 3433
1756 2 0 3468 0 3470
1757 3478 0 0 0 3478
1758 0 0 0 3414 3414
1759 0 1 0 3466 3467
1760 0 0 3469 0 3469
1761 0 0 0 3363 3363
1762 10 0 0 3342 3352
1763 11 0 0 3349 3360
1764 0 3328 0 0 3328
1765 3374 1 2 0 3377
1766 3361 0 0 0 3361
1767 0 2 0 3333 3335
1768 3251 0 0 0 3251
1769 0 3337 0 0 3337
1770 0 0 3346 0 3346
1771 0 0 1 3232 3233
1772 0 0 0 3264 3264
1773 0 1 1 3277 3279
1774 0 1 3286 0 3287
1775 0 0 3251 0 3251
1776 3253 0 0 2 3255
1777 3250 0 0 0 3250
1778 0 3 0 3181 3184
1779 0 0 3233 0 3233
1780 0 0 0 3122 3122
1781 1 0 3152 0 3153
1782 0 1 3099 3 3103
1783 3 0 3066 0 3069
1784 1 1 0 2918 2920
1785 9 0 2988 1 2998
1786 0 0 0 2911 2911
1787 0 1 0 2949 2950
1788 0 6 0 2934 2940
1789 2836 0 0 0 2836
1790 0 0 3 2480 2483
1791 0 0 0 2458 2458
1792 1 2440 0 0 2441
1793 0 0 0 2357 2357
1794 0 2358 0 18 2376
1795 2350 0 5 0 2355
1796 0 0 0 2251 2251
1797 0 0 0 2191 2191
1798 2187 0 0 0 2187
1799 2149 0 0 0 2149
1800 2136 0 0 0 2136
1801 2027 0 0 0 2027
1802 0 0 0 1695 1695
1803 1140 0 16 0 1156
1804 964 0 0 0 964
1805 916 0 0 0 916
1806 0 0 0 839 839
1807 562 0 0 0 562
1808 0 0 0 492 492
1809 482 0 3 0 485
1810 471 0 0 0 471
1811 454 0 0 0 454
1812 388 0 0 0 388
1813 332 0 0 0 332
1814 286 0 0 0 286
1815 10 1 0 246 257
1816 4 0 3 0 7
