0 0 0 0 0 0
1 176 0 0 0 176
2 0 0 0 192 192
3 0 0 0 194 194
4 0 0 0 205 205
5 0 0 0 226 226
6 0 237 0 6 243
7 0 0 0 276 276
8 0 0 0 483 483
9 0 0 632 0 632
10 0 0 0 650 650
11 0 0 683 0 683
12 682 0 0 0 682
13 698 0 0 0 698
14 0 735 0 0 735
15 0 0 0 748 748
16 0 0 0 734 734
17 0 767 0 0 767
18 766 0 0 11 777
19 772 1 1 0 774
20 0 0 764 0 764
21 0 790 0 0 790
22 767 0 7 0 774
23 0 789 0 2 791
24 0 802 0 8 810
25 772 24 0 0 796
26 12 0 799 0 811
27 0 3 0 804 807
28 832 0 0 0 832
29 1026 0 0 0 1026
30 1105 0 0 0 1105
31 1098 0 1 0 1099
32 7 0 1096 0 1103
33 1107 0 0 0 1107
34 1119 0 0 0 1119
35 0 1215 0 0 1215
36 0 2 0 1469 1471
37 12 0 1477 0 1489
38 1498 0 7 0 1505
39 1506 0 1 0 1507
40 1509 0 0 0 1509
41 1502 0 0 0 1502
42 0 0 0 1497 1497
43 0 1529 0 0 1529
44 1540 0 0 0 1540
45 1538 1 0 0 1539
46 1534 0 0 0 1534
47 1524 0 0 0 1524
48 0 0 0 1543 1543
49 1 0 1554 0 1555
50 0 0 5 1519 1524
51 0 1602 0 0 1602
52 0 1606 0 0 1606
53 1604 7 23 0 1634
54 1598 0 29 0 1627
55 0 1652 0 0 1652
56 1635 5 3 4 1647
57 0 0 0 2139 2139
58 1 0 2166 0 2167
59 0 0 2201 0 2201
60 2197 0 0 8 2205
61 1 79 0 2169 2249
62 2313 2 1 0 2316
63 0 6 0 2420 2426
64 0 2600 0 0 2600
65 0 25 2742 0 2767
66 2675 1 42 16 2734
67 1 2879 0 0 2880
68 7 0 2929 0 2936
69 1 0 3002 0 3003
70 0 1 0 3004 3005
71 3142 1 5 0 3148
72 0 4 0 3459 3463
73 11 0 3485 0 3496
74 3503 0 0 0 3503
75 3504 0 1 0 3505
76 0 3554 0 0 3554
77 3544 0 0 0 3544
78 0 3749 0 0 3749
79 0 0 0 3778 3778
80 0 0 3936 0 3936
81 14 0 5049 0 5063
82 31 0 5073 0 5104
83 5219 1 0 2 5222
84 0 5270 0 79 5349
85 5483 0 0 0 5483
86 5346 0 0 59 5405
87 0 0 0 5479 5479
88 0 23 0 5544 5567
89 17 0 5500 2 5519
90 5523 0 0 1 5524
91 1 5623 0 5 5629
92 5738 1 1 0 5740
93 5650 9 34 0 5693
94 5657 3 1 0 5661
95 5585 19 0 0 5604
96 0 5676 0 21 5697
97 5531 0 0 0 5531
98 2 5730 0 1 5733
99 1 5771 0 6 5778
100 2 0 5851 0 5853
101 5 0 5792 0 5797
102 5443 2 296 0 5741
103 5810 0 6 0 5816
104 0 0 5856 0 5856
105 5841 0 0 0 5841
106 5942 0 2 0 5944
107 5961 3 1 0 5965
108 0 0 1 5961 5962
109 5934 0 14 1 5949
110 5874 0 0 1 5875
111 2 5969 0 0 5971
112 0 180 0 5721 5901
113 0 74 0 5912 5986
114 10 6054 0 1 6065
115 1 2 2 6106 6111
116 3 0 6072 0 6075
117 0 0 6006 1 6007
118 6040 2 19 0 6061
119 6067 2 9 0 6078
120 7 5978 0 136 6121
121 0 6146 0 1 6147
122 6142 4 1 1 6148
123 15 0 6122 0 6137
124 0 1 1 5997 5999
125 1 0 6106 0 6107
126 0 0 6122 0 6122
127 52 0 6067 4 6123
128 6174 0 26 0 6200
129 1 6273 0 0 6274
130 6298 0 2 0 6300
131 6269 0 11 1 6281
132 0 6287 0 10 6297
133 1 6346 0 1 6348
134 6342 2 0 0 6344
135 1 6 6269 0 6276
136 6255 0 0 0 6255
137 1 6275 0 1 6277
138 0 6296 1 1 6298
139 6383 0 0 0 6383
140 6298 1 0 0 6299
141 0 0 0 6284 6284
142 1 6389 0 0 6390
143 6367 0 2 0 6369
144 0 0 1 6303 6304
145 0 116 0 6202 6318
146 6396 0 1 0 6397
147 1 0 6294 0 6295
148 6244 0 2 2 6248
149 0 6374 0 0 6374
150 0 6405 0 0 6405
151 6493 0 4 0 6497
152 0 0 6374 0 6374
153 0 6438 0 0 6438
154 6440 0 0 0 6440
155 6312 0 0 0 6312
156 1 6414 0 8 6423
157 0 6424 0 0 6424
158 0 6464 0 0 6464
159 0 1 0 6368 6369
160 0 2 0 6363 6365
161 1 1537 4854 0 6392
162 0 6433 0 1 6434
163 2 6390 0 12 6404
164 0 6425 0 1 6426
165 0 6451 0 0 6451
166 6325 0 31 0 6356
167 0 6489 0 0 6489
168 14 6464 0 2 6480
169 6515 0 4 0 6519
170 6492 2 0 0 6494
171 0 0 6411 0 6411
172 0 6496 0 2 6498
173 6557 0 3 0 6560
174 6480 0 3 0 6483
175 0 6536 0 2 6538
176 6569 12 0 0 6581
177 6508 1 0 0 6509
178 6407 0 4 0 6411
179 0 6450 0 0 6450
180 1 0 6274 1 6276
181 6255 0 0 0 6255
182 6073 0 1 0 6074
183 2 6130 0 6 6138
184 2 6109 0 10 6121
185 0 6221 0 0 6221
186 2 0 6156 0 6158
187 0 49 0 5884 5933
188 6037 0 10 0 6047
189 6076 0 0 0 6076
190 13 6065 0 1 6079
191 1 6026 0 0 6027
192 1 6064 0 1 6066
193 6022 1 0 0 6023
194 0 1 0 5839 5840
195 0 5969 0 0 5969
196 0 5978 0 1 5979
197 1 5957 0 8 5966
198 17 5972 0 9 5998
199 26 0 5950 15 5991
200 4 0 5807 0 5811
201 5764 0 0 0 5764
202 5798 2 1 0 5801
203 5838 1 1 1 5841
204 3 0 5796 0 5799
205 5777 0 3 0 5780
206 7 0 5751 0 5758
207 0 5910 0 0 5910
208 5924 0 0 0 5924
209 5882 0 23 0 5905
210 3 5866 0 2 5871
211 2 5856 0 1 5859
212 5811 0 1 0 5812
213 16 5888 0 0 5904
214 5913 0 3 0 5916
215 5825 0 1 0 5826
216 0 0 5743 0 5743
217 11 5750 0 0 5761
218 5691 0 3 0 5694
219 81 0 5661 0 5742
220 0 27 0 5028 5055
221 15 0 5491 0 5506
222 5604 0 0 0 5604
223 5664 0 2 0 5666
224 0 0 5735 5 5740
225 5681 0 5 0 5686
226 0 3 0 5664 5667
227 39 0 5687 0 5726
228 5682 0 1 0 5683
229 0 1 0 5716 5717
230 3 0 5774 0 5777
231 1 10 0 5443 5454
232 1 5692 0 4 5697
233 6 0 5754 0 5760
234 1 0 5683 0 5684
235 5658 0 21 0 5679
236 5709 0 0 0 5709
237 3 0 5795 0 5798
238 9 0 5697 0 5706
239 5739 0 0 1 5740
240 5735 0 1 0 5736
241 5762 0 5 0 5767
242 25 0 5642 0 5667
243 2 5633 0 1 5636
244 0 5652 0 3 5655
245 1 5668 0 0 5669
246 5718 0 0 0 5718
247 5754 2 0 0 5756
248 5705 0 1 1 5707
249 5576 0 16 0 5592
250 0 0 5533 1 5534
251 5493 1 1 2 5497
252 5518 0 7 0 5525
253 17 5 5371 1 5394
254 10 5376 0 2 5388
255 5484 0 0 0 5484
256 9 0 5264 1 5274
257 5269 0 1 0 5270
258 0 5347 0 0 5347
259 5 5249 0 5 5259
260 0 5236 0 1 5237
261 0 5291 0 0 5291
262 5 0 5196 3 5204
263 5089 2 0 1 5092
264 4 5125 0 1 5130
265 5034 0 0 0 5034
266 0 0 5074 0 5074
267 4964 0 0 0 4964
268 10 0 4995 0 5005
269 5024 0 1 0 5025
270 0 1 0 5077 5078
271 5120 0 0 0 5120
272 5103 0 0 0 5103
273 5074 0 0 0 5074
274 8 0 4931 0 4939
275 4922 0 1 1 4924
276 4940 0 1 0 4941
277 27 0 4822 0 4849
278 4833 0 0 4 4837
279 1 0 4794 0 4795
280 0 4718 0 5 4723
281 0 0 4695 0 4695
282 0 0 0 4558 4558
283 0 4693 4 0 4697
284 0 16 0 4672 4688
285 4716 0 1 0 4717
286 0 4745 0 0 4745
287 4771 0 3 0 4774
288 4746 0 4 0 4750
289 0 4715 0 0 4715
290 4726 0 0 0 4726
291 0 0 0 4671 4671
292 1 0 4732 0 4733
293 1 0 4713 0 4714
294 0 4 1 3907 3912
295 2 0 4515 7 4524
296 1 0 4908 0 4909
297 3 0 0 4304 4307
298 2 0 4785 0 4787
299 4962 0 0 0 4962
300 5000 0 0 0 5000
301 4971 2 9 0 4982
302 0 4991 0 0 4991
303 12 6 0 4831 4849
304 19 0 4865 0 4884
305 0 0 5122 0 5122
306 2 0 5269 0 5271
307 12 5221 2 5 5240
308 1 0 5246 0 5247
309 5203 7 10 5 5225
310 5189 0 5 0 5194
311 0 1 0 5209 5210
312 0 7 0 5284 5291
313 0 5266 0 4 5270
314 0 8 0 5252 5260
315 5243 1 0 10 5254
316 1 5206 0 9 5216
317 5246 1 0 0 5247
318 5200 0 1 0 5201
319 0 5164 0 11 5175
320 0 5144 0 0 5144
321 5226 0 1 0 5227
322 5 0 5157 0 5162
323 5121 0 0 0 5121
324 0 1 0 5119 5120
325 0 7 5185 0 5192
326 5084 0 0 0 5084
327 0 4 0 5109 5113
328 0 0 5161 0 5161
329 4 0 5128 0 5132
330 1 2 1 4944 4948
331 13 8 1 4947 4969
332 5101 0 0 0 5101
333 5040 0 0 0 5040
334 4994 0 5 0 4999
335 0 0 5013 1 5014
336 2 4998 0 0 5000
337 3 0 0 5021 5024
338 3 0 5056 2 5061
339 0 0 5007 0 5007
340 4860 1 58 2 4921
341 0 4957 0 0 4957
342 0 0 0 4915 4915
343 7 4967 0 1 4975
344 5081 0 0 0 5081
345 5068 0 0 0 5068
346 0 1 1 5025 5027
347 0 0 5064 0 5064
348 5030 0 0 0 5030
349 0 0 1 4966 4967
350 3 0 5006 0 5009
351 4954 0 0 0 4954
352 1 4941 0 1 4943
353 4963 0 1 0 4964
354 1 1 0 4923 4925
355 1 0 4947 3 4951
356 0 0 4939 0 4939
357 4859 0 0 1 4860
358 7 0 4980 0 4987
359 4977 1 2 0 4980
360 0 0 5034 0 5034
361 4983 0 0 0 4983
362 4984 0 0 0 4984
363 5043 0 0 0 5043
364 0 0 1 4884 4885
365 0 4944 0 3 4947
366 0 12 0 4984 4996
367 4990 0 6 0 4996
368 4919 9 0 0 4928
369 2 0 0 4812 4814
370 1 4925 0 1 4927
371 1 4980 0 1 4982
372 5078 0 2 0 5080
373 5017 0 0 0 5017
374 4988 0 0 0 4988
375 4937 0 0 1 4938
376 0 0 2 4796 4798
377 0 0 4748 0 4748
378 3 4749 0 15 4767
379 64 1 4759 3 4827
380 9 4673 0 0 4682
381 4717 1 3 0 4721
382 0 1 9 4617 4627
383 2 0 4686 1 4689
384 0 4565 0 19 4584
385 302 4327 0 9 4638
386 1 0 4681 0 4682
387 0 0 1 4413 4414
388 1 0 4486 16 4503
389 1 0 4544 0 4545
390 4588 0 7 0 4595
391 4655 0 3 0 4658
392 4691 0 3 0 4694
393 5 0 4599 0 4604
394 4574 0 0 0 4574
395 4689 0 0 1 4690
396 0 0 0 4659 4659
397 0 0 1 4696 4697
398 0 38 0 4661 4699
399 1 1 0 4737 4739
400 4754 0 1 0 4755
401 0 0 0 4681 4681
402 0 1 0 4753 4754
403 6 0 4776 0 4782
404 0 0 4694 0 4694
405 1 4673 0 1 4675
406 0 0 1 4752 4753
407 1 0 4768 0 4769
408 1 4648 0 1 4650
409 8 4691 0 4 4703
410 4733 0 6 0 4739
411 1 4775 0 1 4777
412 0 0 0 4797 4797
413 0 0 4858 0 4858
414 4753 0 0 0 4753
415 0 0 0 4771 4771
416 0 0 4801 0 4801
417 4783 0 0 0 4783
418 0 4759 0 2 4761
419 4864 0 0 1 4865
420 4972 0 7 0 4979
421 0 0 4968 1 4969
422 4905 0 0 1 4906
423 4937 0 0 0 4937
424 4912 0 0 0 4912
425 4859 0 0 0 4859
426 2 4904 0 0 4906
427 6 4680 0 213 4899
428 1 0 4873 0 4874
429 4709 0 2 0 4711
430 0 0 4812 9 4821
431 1 10 1 4636 4648
432 0 1 0 4606 4607
433 12 4581 0 54 4647
434 0 4727 0 2 4729
435 4787 0 0 0 4787
436 0 0 4798 0 4798
437 4714 0 1 0 4715
438 4705 0 0 0 4705
439 0 0 4725 0 4725
440 4674 0 1 0 4675
441 4700 0 1 0 4701
442 4743 0 25 0 4768
443 4783 0 0 0 4783
444 4782 0 22 0 4804
445 0 0 4678 0 4678
446 4688 0 0 0 4688
447 4680 0 0 0 4680
448 0 0 1 4627 4628
449 0 0 4676 0 4676
450 1 4580 0 14 4595
451 0 4771 0 3 4774
452 4763 17 17 0 4797
453 8 0 4882 9 4899
454 4687 1 22 1 4711
455 5 0 4834 0 4839
456 4702 3 0 0 4705
457 0 0 0 4759 4759
458 0 0 4868 0 4868
459 0 6 0 4721 4727
460 4 4763 0 60 4827
461 5022 0 0 1 5023
462 5038 0 0 0 5038
463 5057 1 7 0 5065
464 0 0 5024 0 5024
465 4916 0 2 0 4918
466 4912 1 6 0 4919
467 6 0 4954 0 4960
468 0 0 5000 0 5000
469 1 0 5047 0 5048
470 5028 0 0 0 5028
471 5076 0 1 0 5077
472 0 0 5185 0 5185
473 0 0 5189 0 5189
474 5273 0 1 0 5274
475 5352 0 0 0 5352
476 1 0 5413 1 5415
477 5387 0 7 0 5394
478 5455 0 2 0 5457
479 5509 0 19 0 5528
480 5 14 0 5434 5453
481 5567 0 4 6 5577
482 3 0 5474 3 5480
483 5578 0 1 0 5579
484 0 6 6 5546 5558
485 2 5586 0 2 5590
486 5665 0 2 2 5669
487 0 5637 0 3 5640
488 5802 0 2 7 5811
489 5856 1 2 0 5859
490 1 5865 0 1 5867
491 5992 0 0 0 5992
492 6030 0 1 0 6031
493 6022 0 0 0 6022
494 6016 0 0 2 6018
495 6 6195 0 1 6202
496 6160 0 0 0 6160
497 1 0 6195 0 6196
498 2 0 6115 0 6117
499 6100 0 11 1 6112
500 0 0 6320 0 6320
501 3 0 6390 0 6393
502 3 6413 0 3 6419
503 6423 0 8 0 6431
504 1 6516 0 1 6518
505 1 6775 0 7 6783
506 0 0 2 6883 6885
507 0 2 0 6929 6931
508 0 4 0 6948 6952
509 0 0 2 6986 6988
510 7040 1 0 0 7041
511 2 7003 0 1 7006
512 7061 0 0 0 7061
513 7016 1 17 5 7039
514 9 0 6992 0 7001
515 6857 2 0 0 6859
516 0 1 0 6941 6942
517 1 0 6957 1 6959
518 0 0 6969 0 6969
519 6 6 2 6737 6751
520 7069 1 1 0 7071
521 7074 0 0 1 7075
522 0 0 7028 8 7036
523 6989 0 61 0 7050
524 0 0 7138 0 7138
525 7096 0 1 0 7097
526 0 0 0 7099 7099
527 14 0 7153 1 7168
528 7166 0 1 2 7169
529 0 5 0 7170 7175
530 7240 0 0 0 7240
531 7238 0 0 0 7238
532 7164 0 23 0 7187
533 7122 0 0 0 7122
534 2 7115 3 0 7120
535 0 6935 0 5 6940
536 7094 4 0 2 7100
537 0 1 0 6989 6990
538 0 7065 0 2 7067
539 0 5 0 7023 7028
540 7070 1 1 1 7073
541 0 11 0 7109 7120
542 0 0 0 7082 7082
543 1 1 0 7075 7077
544 2 7173 0 1 7176
545 7150 1 13 2 7166
546 0 0 7022 0 7022
547 1 7031 0 9 7041
548 0 7029 0 3 7032
549 1 7113 0 0 7114
550 0 2 0 7239 7241
551 7203 8 6 1 7218
552 0 1 10 7431 7442
553 7459 0 0 0 7459
554 7514 0 0 0 7514
555 0 0 7382 0 7382
556 7355 0 1 0 7356
557 7430 1 12 0 7443
558 1 0 1 7430 7432
559 0 0 0 7445 7445
560 7306 0 23 8 7337
561 11 7449 0 2 7462
562 2 7451 0 0 7453
563 0 7 2 7496 7505
564 0 1 0 7585 7586
565 0 1 1 7627 7629
566 0 27 2 7665 7694
567 0 0 0 7787 7787
568 7773 0 23 0 7796
569 7731 1 1 0 7733
570 7745 0 0 0 7745
571 7753 0 1 0 7754
572 8 0 7810 0 7818
573 7712 0 2 0 7714
574 7796 0 1 0 7797
575 1 0 7812 0 7813
576 7762 0 0 0 7762
577 22 0 7821 1 7844
578 1 0 7828 0 7829
579 0 2 1 7433 7436
580 56 0 7714 0 7770
581 7829 0 14 0 7843
582 7994 1 2 0 7997
583 8016 0 0 0 8016
584 7981 0 0 1 7982
585 2 8058 0 0 8060
586 8012 0 1 7 8020
587 7986 0 0 1 7987
588 0 0 3 8026 8029
589 1 0 7980 0 7981
590 1 0 1 7936 7938
591 8073 0 3 1 8077
592 5 8128 0 0 8133
593 8273 1 0 0 8274
594 8224 1 0 0 8225
595 8193 0 0 0 8193
596 8092 1 41 2 8136
597 8 8207 0 1 8216
598 2 8105 2 12 8121
599 8122 0 0 1 8123
600 0 8217 0 0 8217
601 87 8105 0 19 8211
602 8241 0 0 0 8241
603 0 6 2 8336 8344
604 16 0 8302 0 8318
605 0 0 8204 0 8204
606 0 1 8141 0 8142
607 12 0 8161 2 8175
608 8211 0 10 0 8221
609 8 0 8302 0 8310
610 0 1 0 8152 8153
611 4 0 8319 0 8323
612 8328 1 1 2 8332
613 1 1 0 8378 8380
614 1 0 8382 0 8383
615 0 0 8284 1 8285
616 0 8528 0 11 8539
617 0 0 0 8579 8579
618 1 0 1 8693 8695
619 1 8676 1 1 8679
620 8733 0 15 0 8748
621 21 4 8742 1 8768
622 0 0 0 8445 8445
623 2 0 8722 1 8725
624 1 0 8819 0 8820
625 9003 0 1 0 9004
626 0 66 1 9148 9215
627 0 0 0 9339 9339
628 9417 0 3 2 9422
629 9397 0 0 1 9398
630 9377 0 0 0 9377
631 4 10 0 9399 9413
632 1 9361 0 2 9364
633 9375 0 0 2 9377
634 10 9463 0 13 9486
635 9561 0 4 0 9565
636 0 0 1 9703 9704
637 9771 0 0 0 9771
638 9708 0 0 0 9708
639 0 0 0 9784 9784
640 0 0 9799 0 9799
641 9694 2 3 14 9713
642 0 7 1 9971 9979
643 0 45 1 10180 10226
644 0 0 10152 3 10155
645 4 0 10087 2 10093
646 4 1 10191 0 10196
647 0 10323 0 1 10324
648 10548 0 3 1 10552
649 0 0 0 10546 10546
650 0 0 1 10680 10681
651 1 10663 0 12 10676
652 10721 0 1 24 10746
653 9 10830 0 1 10840
654 10876 0 1 0 10877
655 24 0 10949 0 10973
656 10811 0 2 1 10814
657 1 0 2 11010 11013
658 19 1 11107 0 11127
659 11024 0 0 0 11024
660 11098 0 1 1 11100
661 0 16 0 11193 11209
662 1 0 11184 1 11186
663 11126 0 0 0 11126
664 0 2 5 11214 11221
665 0 0 11251 0 11251
666 0 4 0 11264 11268
667 8 11349 1 11 11369
668 0 3 1 11481 11485
669 0 0 11600 0 11600
670 1 0 0 11475 11476
671 0 1 0 11563 11564
672 1 1 1 11513 11516
673 1 11461 0 0 11462
674 3 12281 1 2 12287
675 12765 1 0 0 12766
676 12676 1 4 0 12681
677 12711 0 2 0 12713
678 0 0 12550 1 12551
679 12929 0 0 2 12931
680 1 0 3 12742 12746
681 0 12913 0 10 12923
682 13157 0 2 0 13159
683 13080 0 0 0 13080
684 13170 0 3 2 13175
685 69 0 13057 3 13129
686 9 1 12939 2 12951
687 3 13070 0 1 13074
688 13009 0 57 2 13068
689 9 13212 0 84 13305
690 1 0 1 13492 13494
691 13454 0 1 0 13455
692 13440 0 0 0 13440
693 13503 0 4 1 13508
694 13551 0 0 0 13551
695 13486 2 0 0 13488
696 0 0 13431 2 13433
697 13329 0 4 8 13341
698 3 0 13646 0 13649
699 2 1 1 13437 13441
700 1 2 27 13688 13718
701 4 0 13569 1 13574
702 1 0 13412 0 13413
703 13481 0 3 2 13486
704 8 13814 0 0 13822
705 0 0 1 13698 13699
706 0 1 0 13770 13771
707 4 1 13636 1 13642
708 13544 1 0 3 13548
709 1 1 0 13496 13498
710 3 13426 0 0 13429
711 6 13352 0 2 13360
712 0 13 1 13454 13468
713 1 2 0 13457 13460
714 0 13435 0 5 13440
715 13374 1 1 0 13376
716 0 0 1 13428 13429
717 2 0 0 13503 13505
718 13441 0 5 3 13449
719 13296 0 0 1 13297
720 1 1 3 13285 13290
721 2 13321 0 64 13387
722 13452 0 2 0 13454
723 11 0 13251 1 13263
724 0 1 0 13050 13051
725 12714 0 2 1 12717
726 0 13221 0 2 13223
727 0 13330 0 2 13332
728 1 7 0 13199 13207
729 1 0 0 13197 13198
730 0 1 0 13221 13222
731 0 0 13106 1 13107
732 23 13210 0 4 13237
733 13 0 13313 25 13351
734 1 0 13198 2 13201
735 2 0 13220 1 13223
736 13318 19 11 0 13348
737 13405 1 9 0 13415
738 1 0 13407 12 13420
739 0 13250 26 3 13279
740 13359 0 2 1 13362
741 0 13530 0 6 13536
742 13551 1 1 1 13554
743 1 0 13427 0 13428
744 1 3 0 13312 13316
745 24 13280 2 10 13316
746 1 13220 0 3 13224
747 1 13231 0 38 13270
748 3 13400 0 4 13407
749 13477 1 22 0 13500
750 1 0 13502 0 13503
751 13457 0 1 0 13458
752 13415 1 1 0 13417
753 7 0 13470 0 13477
754 13335 0 1 8 13344
755 0 4 2 13300 13306
756 21 13477 0 5 13503
757 13565 0 5 2 13572
758 0 0 13487 0 13487
759 2 1 13276 0 13279
760 3 7 1 13118 13129
761 1 0 13304 0 13305
762 8 13359 0 1 13368
763 40 1 13387 6 13434
764 13197 12 10 0 13219
765 0 13510 0 0 13510
766 0 0 1 13691 13692
767 0 2 13730 1 13733
768 11 0 13611 2 13624
769 4 3 4 12897 12908
770 256 0 13276 0 13532
771 1 0 0 13962 13963
772 0 8 0 14063 14071
773 30 0 13981 0 14011
774 2 13988 1 21 14012
775 14233 1 3 1 14238
776 13960 0 44 0 14004
777 1 3 0 13921 13925
778 3 13978 0 1 13982
779 14107 0 2 0 14109
780 14011 0 10 1 14022
781 13961 1 16 20 13998
782 0 0 14195 6 14201
783 11 0 14020 3 14034
784 13907 0 1 31 13939
785 0 0 14205 0 14205
786 1 0 14872 0 14873
787 0 10 9 14246 14265
788 1 1 15378 6 15386
789 3 0 15497 2 15502
790 15297 0 81 1 15379
791 15358 0 4 0 15362
792 17 15589 0 2 15608
793 27 15762 0 1 15790
794 1 5 0 15858 15864
795 0 5 0 15898 15903
796 15900 0 0 0 15900
797 0 0 15847 1 15848
798 2 2 0 15233 15237
799 2 0 15605 0 15607
800 9 3 15665 10 15687
801 0 15956 0 3 15959
802 0 9 0 16111 16120
803 11 0 16057 4 16072
804 16034 0 0 2 16036
805 16117 2 2 0 16121
806 1 0 16040 7 16048
807 8 15954 0 3 15965
808 2 16036 0 0 16038
809 16117 0 0 1 16118
810 5 2 1 16121 16129
811 0 160 2 15990 16152
812 10 16305 0 2 16317
813 2 0 16365 0 16367
814 15733 3 2 0 15738
815 0 0 6 16155 16161
816 0 1 0 16440 16441
817 0 262 0 16211 16473
818 16292 1 15 1 16309
819 1 2 0 16337 16340
820 16344 0 2 1 16347
821 1 1 16241 4 16247
822 7 0 16136 1 16144
823 16041 1 3 1 16046
824 16176 0 6 1 16183
825 0 0 16017 3 16020
826 15976 0 1 0 15977
827 2 0 16160 1 16163
828 3 16050 0 1 16054
829 16176 0 1 0 16177
830 16140 0 0 0 16140
831 2 0 1 16017 16020
832 3 1 16077 1 16082
833 20 0 15881 2 15903
834 2 16057 0 6 16065
835 16099 0 2 0 16101
836 1 0 16084 2 16087
837 15996 1 2 0 15999
838 0 16013 1 1 16015
839 16134 30 0 0 16164
840 1 0 16084 0 16085
841 15758 0 0 0 15758
842 1 1 15917 1 15920
843 1 0 15827 0 15828
844 52 0 15682 2 15736
845 1 15730 1 2 15734
846 0 0 1 15915 15916
847 15975 1 4 1 15981
848 1 1 0 16006 16008
849 1 2 1 16051 16055
850 15970 3 0 1 15974
851 16018 10 0 1 16029
852 1 0 16036 0 16037
853 15997 2 14 0 16013
854 20 0 15863 1 15884
855 15920 0 4 0 15924
856 1 15663 0 240 15904
857 16057 0 5 2 16064
858 4 1 0 15972 15977
859 1 16093 1 2 16097
860 16279 0 0 0 16279
861 16247 0 15 0 16262
862 16166 1 17 0 16184
863 11 0 15765 1 15777
864 8 15540 0 1 15549
865 0 15822 0 1 15823
866 15964 2 2 0 15968
867 15845 0 10 1 15856
868 2 0 15598 1 15601
869 15557 1 1 1 15560
870 1 15773 0 1 15775
871 0 2 0 15697 15699
872 1 0 15582 1 15584
873 2 15495 0 5 15502
874 0 15575 0 21 15596
875 2 56 13 15500 15571
876 15491 0 1 0 15492
877 0 2 0 15550 15552
878 24 0 15415 18 15457
879 15527 1 2 3 15533
880 15600 0 1 3 15604
881 15484 2 0 0 15486
882 15469 1 2 0 15472
883 2 0 15168 0 15170
884 14899 0 1 0 14900
885 1 4 2 14782 14789
886 0 9 0 15037 15046
887 1 15029 0 0 15030
888 0 3 1 14950 14954
889 0 0 0 15058 15058
890 3 15066 0 8 15077
891 1 1 1 14859 14862
892 14 0 14636 0 14650
893 14697 0 0 1 14698
894 14652 0 1 1 14654
895 1 2 1 14585 14589
896 0 14472 0 0 14472
897 1 1 0 14655 14657
898 14597 2 2 0 14601
899 14425 0 1 0 14426
900 14486 0 1 1 14488
901 7 1 13819 1 13828
902 13778 0 1 0 13779
903 13752 0 1 0 13753
904 1 13768 0 5 13774
905 13881 0 2 0 13883
906 13805 0 1 0 13806
907 13570 0 49 0 13619
908 2 2 0 13292 13296
909 1 0 13318 0 13319
910 1 13241 0 15 13257
911 0 0 1 13051 13052
912 0 13341 0 2 13343
913 1 7 3 13204 13215
914 0 0 13037 0 13037
915 2 13088 0 5 13095
916 26 0 12912 17 12955
917 0 12873 0 11 12884
918 1 13040 0 7 13048
919 1 12979 0 53 13033
920 3 13169 0 13 13185
921 13240 0 5 0 13245
922 13207 1 1 0 13209
923 0 13216 0 3 13219
924 13357 0 1 0 13358
925 13342 1 30 0 13373
926 13221 0 2 0 13223
927 13239 0 12 5 13256
928 95 0 12846 0 12941
929 0 1 12738 0 12739
930 3 13090 1 0 13094
931 27 0 5 13201 13233
932 3 13393 0 61 13457
933 0 3 2 13628 13633
934 13666 2 7 5 13680
935 3 0 13616 0 13619
936 1 0 0 13443 13444
937 1 34 0 13673 13708
938 1 0 13750 0 13751
939 13611 0 3 1 13615
940 0 1 0 13532 13533
941 5 13668 0 1 13674
942 13996 0 1 1 13998
943 13797 1 0 2 13800
944 2 0 13954 2 13958
945 3 2 0 13272 13277
946 29 0 13744 0 13773
947 14143 0 0 1 14144
948 1 1 0 14177 14179
949 1 14356 0 31 14388
950 6 0 14525 4 14535
951 4 2 14490 0 14496
952 14411 1 28 1 14441
953 14565 1 1 2 14569
954 3 0 14323 0 14326
955 0 14921 0 2 14923
956 15181 2 7 0 15190
957 2 0 15092 0 15094
958 14809 3 250 0 15062
959 15127 1 0 0 15128
960 15078 0 2 11 15091
961 1 90 1 14789 14881
962 1 15040 0 0 15041
963 1 15178 0 4 15183
964 15132 0 15 13 15160
965 2 0 14981 23 15006
966 0 0 14742 2 14744
967 11 0 14759 1 14771
968 14806 1 1 0 14808
969 0 1 0 14789 14790
970 0 3 1 15018 15022
971 70 1 14895 0 14966
972 3 15364 0 112 15479
973 15523 1 20 1 15545
974 3 0 15610 0 15613
975 15196 1 0 0 15197
976 1 15486 0 10 15497
977 15544 1 0 1 15546
978 1 0 1 15587 15589
979 0 5 0 15804 15809
980 6 0 15635 1 15642
981 15530 1 0 0 15531
982 15499 1 8 0 15508
983 0 0 15493 0 15493
984 15253 0 1 1 15255
985 2 1 3 15192 15198
986 3 15334 0 1 15338
987 5 1 1 15348 15355
988 15294 0 1 0 15295
989 14850 1 3 1 14855
990 4 14993 0 3 15000
991 1 14875 0 29 14905
992 0 15046 0 8 15054
993 0 0 0 14869 14869
994 3 0 14864 12 14879
995 7 14818 0 1 14826
996 0 2 14 14848 14864
997 0 25 1 14895 14921
998 1 0 14814 0 14815
999 2 14691 0 2 14695
1000 0 6 0 14639 14645
1001 1 14845 0 4 14850
1002 0 0 14947 0 14947
1003 0 2 212 14235 14449
1004 14664 0 12 0 14676
1005 1 0 14842 0 14843
1006 1 3 0 14322 14326
1007 14711 0 1 1 14713
1008 0 1 0 14834 14835
1009 0 0 14785 1 14786
1010 3 0 14743 1 14747
1011 0 1 4 14243 14248
1012 25 14614 1 33 14673
1013 301 0 14624 1 14926
1014 1 1 1 14525 14528
1015 0 1 0 14988 14989
1016 13 0 15176 0 15189
1017 0 0 0 15100 15100
1018 1 7 1 15283 15292
1019 15307 33 1 47 15388
1020 33 0 15184 0 15217
1021 60 0 15064 4 15128
1022 1 15071 0 1 15073
1023 0 15176 0 2 15178
1024 1 15400 0 8 15409
1025 2 0 1 15446 15449
1026 20 15604 0 1 15625
1027 30 3 14 15515 15562
1028 11 0 15671 0 15682
1029 1 1 0 15506 15508
1030 20 0 15626 1 15647
1031 3 0 15535 0 15538
1032 0 15840 0 6 15846
1033 15905 0 4 0 15909
1034 15836 0 2 1 15839
1035 2 0 16258 0 16260
1036 7 16331 0 1 16339
1037 16560 0 2 1 16563
1038 16498 1 1 0 16500
1039 16348 0 0 0 16348
1040 0 0 16450 1 16451
1041 3 1 0 15598 15602
1042 31 1 16011 1 16044
1043 1 0 16117 0 16118
1044 0 23 0 15784 15807
1045 133 0 15807 0 15940
1046 1 15976 0 6 15983
1047 0 1 0 16180 16181
1048 2 24 0 16191 16217
1049 10 16121 2 2 16135
1050 7 16144 0 2 16153
1051 20 16068 11 1 16100
1052 16123 1 1 2 16127
1053 0 14 0 16150 16164
1054 16126 0 1 0 16127
1055 15959 1 2 0 15962
1056 3 0 15814 25 15842
1057 2 15913 0 4 15919
1058 16131 0 14 1 16146
1059 1 7 1 16181 16190
1060 0 40 1 16202 16243
1061 0 1 1 16235 16237
1062 15971 0 0 1 15972
1063 9 16008 0 55 16072
1064 5 0 15975 22 16002
1065 0 15732 0 3 15735
1066 1 16007 1 11 16020
1067 16181 0 11 0 16192
1068 16098 0 5 1 16104
1069 16158 0 3 0 16161
1070 16085 0 0 1 16086
1071 3 1 0 15955 15959
1072 15097 0 0 3 15100
1073 0 16096 0 1 16097
1074 1 16250 0 9 16260
1075 1 1 0 15787 15789
1076 1 16190 0 0 16191
1077 16220 0 2 0 16222
1078 15939 0 10 0 15949
1079 25 16082 0 4 16111
1080 0 15 0 15995 16010
1081 16087 1 17 1 16106
1082 1 0 16154 2 16157
1083 0 0 15924 1 15925
1084 10 0 16098 0 16108
1085 1 5 1 15288 15295
1086 0 2 0 15777 15779
1087 0 15758 0 26 15784
1088 15807 0 16 1 15824
1089 15759 1 1 0 15761
1090 0 5 0 15962 15967
1091 4 0 15932 1 15937
1092 2 9 2 15828 15841
1093 0 1 0 16018 16019
1094 6 0 15748 0 15754
1095 15661 1 6 0 15668
1096 15608 0 9 2 15619
1097 0 0 15697 0 15697
1098 15724 1 1 1 15727
1099 26 0 15668 2 15696
1100 0 6 0 15183 15189
1101 15398 1 2 1 15402
1102 12 15514 2 11 15539
1103 2 2 0 15506 15510
1104 1 15569 0 1 15571
1105 12 170 0 15416 15598
1106 15498 2 0 0 15500
1107 1 5 0 15640 15646
1108 2 0 15639 8 15649
1109 13 0 15562 1 15576
1110 0 10 0 15511 15521
1111 0 16 0 15800 15816
1112 3 0 15621 0 15624
1113 1 0 15351 5 15357
1114 480 0 14897 1 15378
1115 0 2 1 14904 14907
1116 15387 1 2 2 15392
1117 0 15699 0 11 15710
1118 3 0 15797 0 15800
1119 15717 0 6 0 15723
1120 15686 0 25 0 15711
1121 2 0 15686 0 15688
1122 2 15497 0 4 15503
1123 1 15777 0 2 15780
1124 15916 0 2 2 15920
1125 1 26 0 15918 15945
1126 2 0 15890 0 15892
1127 0 0 15805 0 15805
1128 0 15813 1 2 15816
1129 1 43 1 15723 15768
1130 0 16066 0 1 16067
1131 0 4 0 16269 16273
1132 1 1 0 16508 16510
1133 2 0 2 16504 16508
1134 16392 0 3 1 16396
1135 0 16283 0 45 16328
1136 16514 0 1 1 16516
1137 16329 1 2 0 16332
1138 1 9 0 16192 16202
1139 16248 0 16 0 16264
1140 3 2 2 16028 16035
1141 3 1 15920 0 15924
1142 9 1 15913 1 15924
1143 14 15975 1 5 15995
1144 15922 2 4 1 15929
1145 15915 0 2 2 15919
1146 1 15783 0 0 15784
1147 15274 1 1 3 15279
1148 1 15879 0 1 15881
1149 2 16028 0 0 16030
1150 1 77 2 15862 15942
1151 12 0 15884 3 15899
1152 0 2 1 15840 15843
1153 0 2 0 15933 15935
1154 1 2 1 15907 15911
1155 0 15688 0 12 15700
1156 2 15903 0 2 15907
1157 15679 0 8 0 15687
1158 0 0 2 15733 15735
1159 15535 0 1 5 15541
1160 0 0 2 15539 15541
1161 2 19 1 15572 15594
1162 15545 0 1 2 15548
1163 15258 0 0 1 15259
1164 12 0 15374 2 15388
1165 14837 0 2 0 14839
1166 14943 10 0 1 14954
1167 0 3 1 15160 15164
1168 1 0 15208 25 15234
1169 9 0 15125 0 15134
1170 1 0 15067 1 15069
1171 38 1 15323 16 15378
1172 3 0 15508 3 15514
1173 15200 1 1 0 15202
1174 0 1 1 15612 15614
1175 1 0 15755 0 15756
1176 15443 2 5 0 15450
1177 2 115 0 15698 15815
1178 3 2 16017 1 16023
1179 0 16102 0 5 16107
1180 16360 1 5 0 16366
1181 16391 2 6 2 16401
1182 16313 9 0 0 16322
1183 9 0 16331 0 16340
1184 7 0 16684 0 16691
1185 16910 0 4 3 16917
1186 15 2 0 17154 17171
1187 17362 1 2 0 17365
1188 17315 1 14 0 17330
1189 17182 0 51 11 17244
1190 0 1 2 17159 17162
1191 3 17726 0 6 17735
1192 56 0 17510 0 17566
1193 6 17837 5 2 17850
1194 17880 2 12 1 17895
1195 17878 0 27 0 17905
1196 0 0 1 18173 18174
1197 1 1 0 18243 18245
1198 18177 1 44 7 18229
1199 0 0 0 18186 18186
1200 3 2 0 18217 18222
1201 0 18120 0 3 18123
1202 0 2 0 18324 18326
1203 0 0 1 18261 18262
1204 0 18074 1 10 18085
1205 18146 0 1 1 18148
1206 1 2 1 18106 18110
1207 10 0 17970 0 17980
1208 3 6 0 17878 17887
1209 0 18017 0 2 18019
1210 1 12 0 18060 18073
1211 2 2 0 18190 18194
1212 0 0 17973 1 17974
1213 1 17887 0 10 17898
1214 0 1 0 18061 18062
1215 3 1 0 17932 17936
1216 13 18072 0 5 18090
1217 5 1 18010 2 18018
1218 2 1 17415 0 17418
1219 17634 0 12 2 17648
1220 1 0 17165 1 17167
1221 0 17514 0 3 17517
1222 7 2 1 17770 17780
1223 9 1 17740 0 17750
1224 1 17457 0 2 17460
1225 6 17738 1 0 17745
1226 0 1 0 18027 18028
1227 17935 0 0 0 17935
1228 0 40 0 17949 17989
1229 3 0 18095 0 18098
1230 17923 0 1 0 17924
1231 17798 2 66 1 17867
1232 11 0 17719 0 17730
1233 17375 2 2 0 17379
1234 6 17768 6 2 17782
1235 1 17898 2 6 17907
1236 1 3 1 18026 18031
1237 19 0 18078 0 18097
1238 17982 12 7 2 18003
1239 9 0 18060 1 18070
1240 17474 0 22 0 17496
1241 35 1 17882 9 17927
1242 1 21 1 17257 17280
1243 8 2 16 17547 17573
1244 1 0 0 17702 17703
1245 1 2 0 17863 17866
1246 25 0 17388 7 17420
1247 3 1 10 17104 17118
1248 2 17286 1 4 17293
1249 1 19 0 17329 17349
1250 14 1 17245 0 17260
1251 1 17295 0 13 17309
1252 17293 0 2 0 17295
1253 0 36 0 17373 17409
1254 0 1 0 17435 17436
1255 17359 0 3 0 17362
1256 17034 0 2 4 17040
1257 0 17448 0 3 17451
1258 57 17176 1 287 17521
1259 32 0 17342 0 17374
1260 17 1 17049 3 17070
1261 7 17144 0 46 17197
1262 17239 0 1 2 17242
1263 3 17995 0 12 18010
1264 18348 1 47 2 18398
1265 1 1 18184 1 18187
1266 18204 0 18 0 18222
1267 18039 0 1 1 18041
1268 2 1 1 18267 18271
1269 0 0 0 18246 18246
1270 1 18268 0 4 18273
1271 18381 0 1 0 18382
1272 18287 0 16 0 18303
1273 1 0 18042 3 18046
1274 5 17738 0 4 17747
1275 0 17867 0 5 17872
1276 1 54 0 17944 17999
1277 17863 0 1 0 17864
1278 2 0 17737 0 17739
1279 17742 0 15 0 17757
1280 0 16 0 17690 17706
1281 0 17824 0 3 17827
1282 17842 0 1 4 17847
1283 1 0 17707 0 17708
1284 0 17659 0 1 17660
1285 17742 1 16 40 17799
1286 0 22 0 17962 17984
1287 0 0 0 18124 18124
1288 18156 0 0 1 18157
1289 17987 0 2 0 17989
1290 17931 1 0 0 17932
1291 17884 1 0 0 17885
1292 2 2 1 17754 17759
1293 5 0 17772 1 17778
1294 8 17627 0 22 17657
1295 17682 0 2 0 17684
1296 17494 24 55 39 17612
1297 7 0 17778 1 17786
1298 8 0 17575 0 17583
1299 3 0 17727 0 17730
1300 0 2 0 17413 17415
1301 0 0 0 17881 17881
1302 1 0 0 17959 17960
1303 1 17987 0 5 17993
1304 0 18148 0 0 18148
1305 17996 0 2 0 17998
1306 2 9 1 18012 18024
1307 0 0 18247 0 18247
1308 2 3 0 18034 18039
1309 0 15 0 17923 17938
1310 4 17801 1 5 17811
1311 4 17935 0 3 17942
1312 17907 0 2 0 17909
1313 31 1 17880 0 17912
1314 6 17767 1 13 17787
1315 18058 0 2 1 18061
1316 17982 1 0 0 17983
1317 17880 0 0 0 17880
1318 0 0 18042 0 18042
1319 0 0 17661 1 17662
1320 17537 0 2 0 17539
1321 17554 0 192 1 17747
1322 3 17768 0 2 17773
1323 17693 0 0 5 17698
1324 126 0 17829 0 17955
1325 5 0 17776 0 17781
1326 3 21 1 16119 16144
1327 16684 1 619 0 17304
1328 0 1 17627 0 17628
1329 17302 0 2 0 17304
1330 17514 0 35 0 17549
1331 0 0 17789 0 17789
1332 3 0 17529 0 17532
1333 17347 0 97 0 17444
1334 17498 0 2 4 17504
1335 1 1 4 17582 17588
1336 1 5 17584 0 17590
1337 1 0 17453 3 17457
1338 0 0 17221 0 17221
1339 17133 17 18 2 17170
1340 2 1 17605 0 17608
1341 1 17450 0 6 17457
1342 17685 0 2 1 17688
1343 0 0 17573 9 17582
1344 1 17838 0 0 17839
1345 0 1 3 17968 17972
1346 6 18220 0 0 18226
1347 0 2 1 18459 18462
1348 4 0 18383 0 18387
1349 17998 0 1 0 17999
1350 0 1 1 18294 18296
1351 2 0 18305 24 18331
1352 1 6 0 17984 17991
1353 2 18093 0 1 18096
1354 6 18479 0 3 18488
1355 18413 26 10 0 18449
1356 0 12 0 18338 18350
1357 8 18544 0 10 18562
1358 18619 0 1 0 18620
1359 18510 0 1 0 18511
1360 0 1 18377 0 18378
1361 3 18188 0 0 18191
1362 1 3 2 18126 18132
1363 92 17841 0 3 17936
1364 4 18193 0 3 18200
1365 18280 1 3 6 18290
1366 23 0 18698 0 18721
1367 0 0 1 17956 17957
1368 0 1 0 18275 18276
1369 1 28 1 18523 18553
1370 1 2 1 18629 18633
1371 3 0 18412 0 18415
1372 4 1 17777 0 17782
1373 0 0 17645 0 17645
1374 4 17643 19 2 17668
1375 5 68 0 17447 17520
1376 11 17816 1 6 17834
1377 3 18203 0 1 18207
1378 138 0 18049 0 18187
1379 17681 1 6 1 17689
1380 0 0 0 17822 17822
1381 0 0 17619 0 17619
1382 17496 0 3 5 17504
1383 1 17728 0 1 17730
1384 0 18033 1 3 18037
1385 17957 0 2 0 17959
1386 19 0 18083 1 18103
1387 17724 9 3 0 17736
1388 0 2 4 17731 17737
1389 3 18050 0 2 18055
1390 0 4 2 18167 18173
1391 3 1 18076 0 18080
1392 2 9 18049 9 18069
1393 8 0 18152 0 18160
1394 1 0 17869 0 17870
1395 0 0 17897 1 17898
1396 261 0 17718 2 17981
1397 18002 1 1 1 18005
1398 18348 0 2 0 18350
1399 1 18576 0 6 18583
1400 1 0 18523 0 18524
1401 17930 2 1 0 17933
1402 17893 0 19 7 17919
1403 11 0 18377 0 18388
1404 3 82 0 17115 17200
1405 18126 1 2 2 18131
1406 42 2 18419 0 18463
1407 4 0 18398 0 18402
1408 26 5 0 17160 17191
1409 4 0 18418 0 18422
1410 30 0 18556 9 18595
1411 18151 1 3 2 18157
1412 2 1 18567 0 18570
1413 18533 0 1 5 18539
1414 32 18772 0 26 18830
1415 2 0 19012 4 19018
1416 5 0 18772 5 18782
1417 18304 1 5 1 18311
1418 18 0 18409 12 18439
1419 1 0 17958 0 17959
1420 1 0 18043 2 18046
1421 0 16 5 17252 17273
1422 12 18077 0 0 18089
1423 1 5 0 18312 18318
1424 0 0 18157 3 18160
1425 32 8 18048 0 18088
1426 0 17966 8 17 17991
1427 1 17975 3 7 17986
1428 18099 0 8 0 18107
1429 17978 0 20 0 17998
1430 18059 0 4 1 18064
1431 0 0 0 18153 18153
1432 18270 0 1 0 18271
1433 17969 0 0 0 17969
1434 15 0 17862 0 17877
1435 2 17733 0 1 17736
1436 0 1 0 17511 17512
1437 4 0 17583 1 17588
1438 0 17508 1 11 17520
1439 17377 0 1 1 17379
1440 0 0 17229 0 17229
1441 2 16770 0 1 16773
1442 1 16571 0 3 16575
1443 1 16857 0 1 16859
1444 17003 0 7 0 17010
1445 0 0 17129 1 17130
1446 1 6 3 16014 16024
1447 38 0 16509 0 16547
1448 0 1 3 16181 16185
1449 0 1 3 16426 16430
1450 0 2 0 16556 16558
1451 4 0 16494 0 16498
1452 0 16266 0 3 16269
1453 16406 0 3 13 16422
1454 74 0 16462 1 16537
1455 0 13 2 15865 15880
1456 15846 0 37 0 15883
1457 1 0 15942 0 15943
1458 15806 0 16 2 15824
1459 2 0 15812 3 15817
1460 15625 0 0 7 15632
1461 14 1 15672 1 15688
1462 15374 0 2 1 15377
1463 26 15520 4 0 15550
1464 8 15665 0 1 15674
1465 4 14 0 15817 15835
1466 15733 0 0 0 15733
1467 0 4 0 15620 15624
1468 1 2 1 15739 15743
1469 0 0 15547 0 15547
1470 5 15473 1 0 15479
1471 17 3 3 15362 15385
1472 1 15473 0 1 15475
1473 1 0 1 15702 15704
1474 15622 0 52 0 15674
1475 15635 0 0 0 15635
1476 3 0 15580 0 15583
1477 0 15399 0 18 15417
1478 15567 0 0 1 15568
1479 15504 0 0 0 15504
1480 5 0 15464 0 15469
1481 2 15142 0 2 15146
1482 15302 0 2 1 15305
1483 14968 11 0 0 14979
1484 0 0 14943 0 14943
1485 7 14752 0 2 14761
1486 0 0 0 14900 14900
1487 8 0 14909 0 14917
1488 0 4 1 14607 14612
1489 14640 0 33 0 14673
1490 14571 16 3 0 14590
1491 16 1 14561 0 14578
1492 14397 0 2 0 14399
1493 14394 0 0 0 14394
1494 2 0 14428 0 14430
1495 14391 0 2 1 14394
1496 14249 0 0 6 14255
1497 0 8 0 14159 14167
1498 16 0 14083 0 14099
1499 1 13991 0 8 14000
1500 1 7 0 14137 14145
1501 13 0 14074 1 14088
1502 1 0 0 13802 13803
1503 0 13809 4 1 13814
1504 14006 0 11 0 14017
1505 13852 0 2 1 13855
1506 0 1 0 14034 14035
1507 50 0 13899 2 13951
1508 13944 0 0 1 13945
1509 13896 0 2 1 13899
1510 2 39 0 13817 13858
1511 13854 0 60 1 13915
1512 0 1 1 13848 13850
1513 0 1 1 13866 13868
1514 6 0 13774 1 13781
1515 13438 0 5 3 13446
1516 0 0 13538 0 13538
1517 2 0 13290 1 13293
1518 1 0 13297 1 13299
1519 3 0 13076 1 13080
1520 5 12924 0 6 12935
1521 1 0 13331 0 13332
1522 1 2 1 12880 12884
1523 3 0 13087 0 13090
1524 13246 0 2 0 13248
1525 2 11 1 13259 13273
1526 2 0 13172 10 13184
1527 2 13114 0 11 13127
1528 13162 2 4 0 13168
1529 8 0 13252 0 13260
1530 13136 1 0 0 13137
1531 0 2 0 13150 13152
1532 33 0 13088 0 13121
1533 2 14 0 12813 12829
1534 0 12813 0 1 12814
1535 13114 0 1 3 13118
1536 13027 0 9 0 13036
1537 13109 0 1 0 13110
1538 1 0 12957 0 12958
1539 4 0 12759 1 12764
1540 12778 2 2 0 12782
1541 12885 0 2 2 12889
1542 12743 2 0 0 12745
1543 1 1 1 12457 12460
1544 9 12552 0 15 12576
1545 0 0 2 12590 12592
1546 12509 0 1 0 12510
1547 1 12443 0 0 12444
1548 0 1 1 12171 12173
1549 4 12205 0 2 12211
1550 12382 0 1 0 12383
1551 12322 0 0 1 12323
1552 29 0 12362 0 12391
1553 12312 0 1 2 12315
1554 0 2 0 12298 12300
1555 2 0 12282 0 12284
1556 12252 1 0 0 12253
1557 0 0 1 12190 12191
1558 1 0 12167 9 12177
1559 12098 8 1 1 12108
1560 12077 0 0 0 12077
1561 0 1 1 11963 11965
1562 4 0 11862 0 11866
1563 12011 0 1 0 12012
1564 2 11780 1 1 11784
1565 2 0 1 11697 11700
1566 1 11577 0 1 11579
1567 12103 0 1 1 12105
1568 11964 0 1 0 11965
1569 0 2 0 12013 12015
1570 0 0 11940 6 11946
1571 19 0 11756 0 11775
1572 4 11644 0 0 11648
1573 1 3 2 11962 11968
1574 11977 0 2 0 11979
1575 11902 0 0 1 11903
1576 1 0 11851 0 11852
1577 11914 0 11 0 11925
1578 11845 0 10 0 11855
1579 11845 0 0 0 11845
1580 11551 0 0 1 11552
1581 0 11730 0 0 11730
1582 2 11549 0 1 11552
1583 11584 0 3 0 11587
1584 1 0 11419 0 11420
1585 1 2 1 10867 10871
1586 2 0 10985 9 10996
1587 1 0 11076 0 11077
1588 11187 0 11 1 11199
1589 11213 0 0 0 11213
1590 11107 0 3 0 11110
1591 0 3 0 10761 10764
1592 4 0 10570 1 10575
1593 3 10497 0 1 10501
1594 0 4 0 10529 10533
1595 3 1 0 10387 10391
1596 0 1 0 10326 10327
1597 16 10312 0 7 10335
1598 10370 1 2 0 10373
1599 21 0 0 10189 10210
1600 0 10 0 10212 10222
1601 0 1 10116 0 10117
1602 1 0 10038 2 10041
1603 8 0 9895 0 9903
1604 9935 0 1 0 9936
1605 9972 0 2 0 9974
1606 1 0 9903 0 9904
1607 9925 0 0 0 9925
1608 9793 0 35 1 9829
1609 9784 1 37 0 9822
1610 9666 0 11 0 9677
1611 1 0 0 9421 9422
1612 26 6 9385 0 9417
1613 0 2 1 8926 8929
1614 3 0 0 9142 9145
1615 0 1 0 9089 9090
1616 4 9041 0 1 9046
1617 9071 0 1 0 9072
1618 8987 1 1 0 8989
1619 8955 0 1 1 8957
1620 0 14 2 8660 8676
1621 8533 0 0 0 8533
1622 0 1 2 8192 8195
1623 1 8448 0 3 8452
1624 8437 0 0 1 8438
1625 1 0 8216 0 8217
1626 8102 0 1 1 8104
1627 0 8058 0 3 8061
1628 8021 11 0 0 8032
1629 7976 0 9 0 7985
1630 7939 0 0 0 7939
1631 7891 0 4 0 7895
1632 7648 58 0 0 7706
1633 14 7735 0 0 7749
1634 7510 6 3 0 7519
1635 7425 0 1 0 7426
1636 7309 0 0 0 7309
1637 7221 0 0 1 7222
1638 1 6625 0 598 7224
1639 3 7182 0 4 7189
1640 7181 0 1 0 7182
1641 7133 0 6 0 7139
1642 0 0 1 6669 6670
1643 0 6948 0 3 6951
1644 0 6983 0 0 6983
1645 3 7107 0 1 7111
1646 7094 0 1 1 7096
1647 0 0 2 6782 6784
1648 2 0 2 6956 6960
1649 0 1 7165 3 7169
1650 7161 0 1 0 7162
1651 7164 0 6 0 7170
1652 7137 0 0 0 7137
1653 0 1 1 6911 6913
1654 1 2 1 6865 6869
1655 0 6996 0 6 7002
1656 0 7087 0 0 7087
1657 7030 0 0 1 7031
1658 6951 0 0 0 6951
1659 0 1 1 6807 6809
1660 0 6 0 6911 6917
1661 7020 0 1 0 7021
1662 6953 0 1 0 6954
1663 0 0 6809 0 6809
1664 14 6559 0 1 6574
1665 6559 0 4 0 6563
1666 2 0 6346 0 6348
1667 6238 0 4 2 6244
1668 0 6242 0 1 6243
1669 0 6286 0 0 6286
1670 6286 0 4 0 6290
1671 0 0 1 6156 6157
1672 0 6212 0 1 6213
1673 0 6157 0 1 6158
1674 3 6054 0 0 6057
1675 6 6007 0 1 6014
1676 6052 0 8 0 6060
1677 5924 0 8 0 5932
1678 0 0 1 5770 5771
1679 0 3 0 5750 5753
1680 0 9 1 5685 5695
1681 0 5764 0 0 5764
1682 1 14 2 5783 5800
1683 0 1 0 5658 5659
1684 0 5603 1 0 5604
1685 0 1 1 5613 5615
1686 0 0 0 5558 5558
1687 0 0 0 5652 5652
1688 0 0 5624 0 5624
1689 0 0 5587 0 5587
1690 1 0 5462 0 5463
1691 5451 0 2 0 5453
1692 0 0 5438 1 5439
1693 0 0 5354 0 5354
1694 1 2 5340 0 5343
1695 5434 0 3 0 5437
1696 0 5235 0 1 5236
1697 5325 0 0 0 5325
1698 0 5328 0 1 5329
1699 5408 0 0 0 5408
1700 0 0 5325 11 5336
1701 0 5242 0 0 5242
1702 5264 0 2 0 5266
1703 0 0 5214 0 5214
1704 4988 0 0 1 4989
1705 0 0 4987 0 4987
1706 2 0 4900 0 4902
1707 4883 0 0 1 4884
1708 0 0 27 4810 4837
1709 9 0 0 4901 4910
1710 4908 0 0 4 4912
1711 0 6 1 4855 4862
1712 4 0 4826 0 4830
1713 4754 0 1 0 4755
1714 0 0 4 4719 4723
1715 6 0 4649 0 4655
1716 4352 0 0 1 4353
1717 0 4545 2 0 4547
1718 0 4581 0 0 4581
1719 0 0 0 4507 4507
1720 0 4480 0 1 4481
1721 2 0 4534 4 4540
1722 4475 0 1 0 4476
1723 0 0 0 4461 4461
1724 0 0 1 4476 4477
1725 4417 0 0 0 4417
1726 1 7 3 4375 4386
1727 0 0 1 4396 4397
1728 4396 0 6 0 4402
1729 4288 0 0 0 4288
1730 4214 0 0 0 4214
1731 0 0 16 4088 4104
1732 1 4150 0 0 4151
1733 4179 0 2 0 4181
1734 4142 0 0 0 4142
1735 0 4105 0 3 4108
1736 4109 0 1 0 4110
1737 4050 12 0 0 4062
1738 4077 0 3 0 4080
1739 4046 0 0 0 4046
1740 0 12 2 3863 3877
1741 3974 0 2 1 3977
1742 0 0 3977 0 3977
1743 3926 0 0 0 3926
1744 1 3835 0 0 3836
1745 3660 0 0 1 3661
1746 1 3933 0 0 3934
1747 0 0 3 3917 3920
1748 3987 0 0 0 3987
1749 0 0 0 3931 3931
1750 0 0 3975 0 3975
1751 3831 0 1 0 3832
1752 2 3917 0 3 3922
1753 0 0 2 3747 3749
1754 3 0 3849 0 3852
1755 0 0 1 3785 3786
1756 0 0 3783 0 3783
1757 3847 0 0 0 3847
1758 0 0 1 3748 3749
1759 0 0 1 3771 3772
1760 0 0 3793 0 3793
1761 0 1 0 3619 3620
1762 0 1 0 3643 3644
1763 0 0 0 3632 3632
1764 3 3618 0 1 3622
1765 3616 0 0 0 3616
1766 3561 0 0 0 3561
1767 1 0 0 3514 3515
1768 3454 0 0 0 3454
1769 0 3455 0 1 3456
1770 2 0 3475 0 3477
1771 0 0 0 3373 3373
1772 0 0 0 3386 3386
1773 0 0 0 3402 3402
1774 0 0 3391 2 3393
1775 1 0 3382 0 3383
1776 3369 0 1 2 3372
1777 3349 0 0 0 3349
1778 0 0 0 3289 3289
1779 8 0 3354 0 3362
1780 0 3 36 3234 3273
1781 1 0 3277 0 3278
1782 0 0 3220 0 3220
1783 0 0 3082 0 3082
1784 0 1 0 2907 2908
1785 34 0 2957 0 2991
1786 0 1 0 2888 2889
1787 0 0 0 2915 2915
1788 0 0 0 2940 2940
1789 2888 0 0 0 2888
1790 0 0 0 2506 2506
1791 1 0 0 2479 2480
1792 0 2437 0 0 2437
1793 0 0 0 2329 2329
1794 113 2278 0 0 2391
1795 2375 0 0 0 2375
1796 0 0 8 2221 2229
1797 0 0 0 2157 2157
1798 1844 0 217 0 2061
1799 2003 0 0 0 2003
1800 1991 0 1 0 1992
1801 1901 0 0 11 1912
1802 5 19 1 1713 1738
1803 1237 0 0 0 1237
1804 1122 0 0 0 1122
1805 1071 0 0 0 1071
1806 0 0 0 984 984
1807 736 0 0 0 736
1808 0 0 0 651 651
1809 579 0 62 0 641
1810 629 0 0 0 629
1811 633 0 0 0 633
1812 547 0 0 0 547
1813 429 0 0 0 429
1814 353 0 0 0 353
1815 14 0 0 309 323
1816 0 0 0 0 0
