0 0 0 0 0 0
1 116 0 0 0 116
2 0 0 0 116 116
3 0 0 0 165 165
4 0 0 0 168 168
5 0 0 0 168 168
6 0 203 0 0 203
7 0 0 0 200 200
8 0 0 0 449 449
9 0 0 513 0 513
10 0 0 0 508 508
11 0 0 503 0 503
12 515 0 0 0 515
13 515 0 0 0 515
14 0 544 0 0 544
15 0 0 0 533 533
16 0 0 0 537 537
17 0 544 0 0 544
18 554 0 0 0 554
19 552 0 0 0 552
20 0 0 541 0 541
21 0 542 0 0 542
22 518 0 0 0 518
23 0 536 0 0 536
24 0 553 0 0 553
25 559 0 0 0 559
26 0 0 552 0 552
27 0 0 0 553 553
28 555 0 0 0 555
29 807 0 0 0 807
30 806 0 0 0 806
31 806 0 0 0 806
32 0 0 808 0 808
33 799 0 0 0 799
34 806 0 0 0 806
35 0 847 0 0 847
36 0 0 0 1071 1071
37 1 0 1075 0 1076
38 1060 0 0 0 1060
39 1067 0 0 0 1067
40 1064 0 0 0 1064
41 1103 0 0 0 1103
42 0 0 0 1091 1091
43 0 1118 0 1 1119
44 1121 0 1 0 1122
45 1113 0 0 0 1113
46 1103 0 1 0 1104
47 1017 0 0 0 1017
48 0 0 0 1013 1013
49 0 0 1012 0 1012
50 0 0 0 996 996
51 0 1000 0 0 1000
52 0 1027 0 0 1027
53 1032 0 0 0 1032
54 1025 0 53 0 1078
55 0 1093 0 0 1093
56 1206 0 0 0 1206
57 0 0 0 1613 1613
58 0 0 1623 0 1623
59 0 0 1614 0 1614
60 1730 0 0 13 1743
61 0 0 0 1770 1770
62 1720 0 115 0 1835
63 0 0 0 1819 1819
64 28 1904 50 143 2125
65 2 0 2274 0 2276
66 2296 0 0 0 2296
67 0 2358 0 0 2358
68 0 0 2382 0 2382
69 0 0 2374 0 2374
70 1 0 0 2301 2302
71 2452 1 1 0 2454
72 0 1 0 2764 2765
73 0 0 2833 1 2834
74 2874 0 0 0 2874
75 2892 0 0 1 2893
76 0 2941 0 0 2941
77 3003 0 0 0 3003
78 0 3130 0 0 3130
79 0 0 0 3180 3180
80 0 0 3349 1 3350
81 0 0 4572 0 4572
82 0 0 4580 1 4581
83 4640 0 0 0 4640
84 0 4703 0 1 4704
85 4776 0 1 0 4777
86 4687 0 0 0 4687
87 0 0 0 4779 4779
88 0 1 0 4785 4786
89 2 0 4919 1 4922
90 4928 0 0 0 4928
91 0 5137 0 0 5137
92 5254 0 2 0 5256
93 5202 0 0 0 5202
94 5146 0 0 0 5146
95 5174 0 0 1 5175
96 0 5221 0 1 5222
97 5118 0 1 1 5120
98 0 5265 0 1 5266
99 0 5278 0 0 5278
100 2 0 5348 1 5351
101 0 0 5318 0 5318
102 5164 1 0 0 5165
103 5325 1 0 0 5326
104 0 0 5328 0 5328
105 5223 0 136 0 5359
106 5449 0 0 0 5449
107 5487 0 1 1 5489
108 0 0 0 5547 5547
109 5566 0 0 0 5566
110 5518 0 1 0 5519
111 0 5588 0 0 5588
112 0 0 1 5567 5568
113 2 0 2 5618 5622
114 0 5660 0 0 5660
115 0 0 0 5681 5681
116 0 0 5654 0 5654
117 0 0 5580 0 5580
118 5598 0 0 0 5598
119 5656 0 24 0 5680
120 0 5683 0 0 5683
121 2 5702 0 0 5704
122 5704 0 0 0 5704
123 0 0 5708 1 5709
124 0 1 0 5550 5551
125 0 0 5646 0 5646
126 59 0 5606 0 5665
127 1 0 5660 0 5661
128 5699 1 0 0 5700
129 2 5782 0 0 5784
130 5797 0 0 0 5797
131 5778 0 0 1 5779
132 0 5788 0 0 5788
133 0 5784 0 1 5785
134 5818 0 1 0 5819
135 82 0 5795 0 5877
136 5849 0 0 0 5849
137 0 5810 0 1 5811
138 0 5845 0 1 5846
139 5899 0 0 1 5900
140 5837 0 0 0 5837
141 0 0 0 5814 5814
142 0 5930 0 1 5931
143 5935 0 1 0 5936
144 0 0 0 5893 5893
145 0 1 0 5923 5924
146 5971 0 0 0 5971
147 0 0 5851 0 5851
148 5868 0 1 0 5869
149 0 5912 0 1 5913
150 0 5966 0 2 5968
151 6035 0 1 1 6037
152 0 0 5918 0 5918
153 1 5956 0 0 5957
154 6002 0 1 1 6004
155 5816 0 0 0 5816
156 0 5889 0 0 5889
157 0 5774 0 0 5774
158 0 5737 0 0 5737
159 0 0 0 5666 5666
160 1 0 0 5674 5675
161 1 1 5689 0 5691
162 0 5670 0 0 5670
163 5378 238 0 0 5616
164 1 5650 0 2 5653
165 0 5698 0 0 5698
166 5665 0 1 1 5667
167 0 5692 0 1 5693
168 0 5704 0 1 5705
169 5731 0 1 1 5733
170 5688 0 1 0 5689
171 102 0 5539 0 5641
172 1 5707 0 0 5708
173 5778 0 1 0 5779
174 5734 14 0 0 5748
175 0 5776 0 0 5776
176 5775 0 1 0 5776
177 5751 0 0 0 5751
178 5689 1 0 0 5690
179 0 5730 0 1 5731
180 0 0 5651 0 5651
181 5636 0 0 1 5637
182 5596 0 5 1 5602
183 0 5593 0 2 5595
184 1 5604 0 0 5605
185 0 5668 0 0 5668
186 2 0 5606 0 5608
187 0 1 0 5457 5458
188 5558 0 1 0 5559
189 5606 0 0 1 5607
190 0 5624 0 0 5624
191 0 5586 0 0 5586
192 0 5608 0 0 5608
193 5573 0 2 0 5575
194 1 0 0 5410 5411
195 0 5563 0 1 5564
196 0 5616 0 0 5616
197 0 5652 0 0 5652
198 0 5647 0 1 5648
199 53 0 5589 1 5643
200 0 0 5530 24 5554
201 5384 0 1 0 5385
202 5440 0 0 0 5440
203 5475 0 0 0 5475
204 0 0 5449 0 5449
205 5455 0 0 0 5455
206 1 0 5435 1 5437
207 0 5612 1 1 5614
208 5651 0 0 0 5651
209 5685 0 2 0 5687
210 0 5734 0 1 5735
211 30 5607 0 0 5637
212 5639 0 2 0 5641
213 0 5665 0 28 5693
214 5636 0 0 0 5636
215 5536 0 0 0 5536
216 0 0 5529 0 5529
217 0 5552 0 0 5552
218 5518 0 2 1 5521
219 0 0 5591 0 5591
220 1 2 0 5067 5070
221 1 0 5473 0 5474
222 5480 1 0 0 5481
223 5571 0 2 1 5574
224 0 0 5613 1 5614
225 5598 0 0 0 5598
226 1 0 0 5614 5615
227 0 0 5651 0 5651
228 5590 0 0 0 5590
229 0 0 0 5675 5675
230 0 0 5690 0 5690
231 0 2 0 5423 5425
232 0 5619 0 2 5621
233 1 0 5632 0 5633
234 8 0 5588 1 5597
235 5609 0 0 0 5609
236 5607 0 0 2 5609
237 0 0 5651 0 5651
238 0 0 5471 0 5471
239 5419 0 1 0 5420
240 5498 0 1 0 5499
241 5500 0 0 1 5501
242 1 0 5408 0 5409
243 0 5388 0 1 5389
244 0 5416 1 0 5417
245 0 5382 0 0 5382
246 5430 0 0 0 5430
247 5403 0 1 0 5404
248 5386 0 0 0 5386
249 5286 1 0 0 5287
250 0 0 5364 0 5364
251 5326 0 1 0 5327
252 5348 0 0 0 5348
253 0 0 5249 0 5249
254 0 5244 0 0 5244
255 5297 0 0 0 5297
256 0 0 5167 0 5167
257 5208 0 1 0 5209
258 0 5161 0 39 5200
259 18 5128 0 1 5147
260 0 5146 0 1 5147
261 0 5105 0 0 5105
262 0 0 4995 0 4995
263 4917 0 0 2 4919
264 0 4975 0 1 4976
265 4861 0 0 0 4861
266 0 0 4880 0 4880
267 4769 0 1 0 4770
268 0 0 4864 0 4864
269 4876 0 0 0 4876
270 1 0 0 4920 4921
271 4927 0 0 0 4927
272 4900 0 0 0 4900
273 4882 0 0 0 4882
274 0 0 4863 0 4863
275 4840 0 0 0 4840
276 4860 0 0 0 4860
277 0 0 4796 0 4796
278 4755 0 0 0 4755
279 0 16 4665 0 4681
280 0 4733 0 0 4733
281 0 0 4752 0 4752
282 0 2 0 4721 4723
283 0 4851 0 0 4851
284 0 1 0 4821 4822
285 4862 0 0 0 4862
286 0 4903 0 0 4903
287 4909 0 0 0 4909
288 4855 0 0 0 4855
289 0 4847 0 2 4849
290 4845 0 0 0 4845
291 0 0 0 4809 4809
292 32 0 4783 0 4815
293 0 0 4799 0 4799
294 0 0 51 3954 4005
295 1 0 4590 0 4591
296 0 0 4965 0 4965
297 0 0 0 4344 4344
298 0 0 4765 0 4765
299 4820 0 0 0 4820
300 4879 0 2 1 4882
301 4909 0 0 1 4910
302 0 4916 0 0 4916
303 0 0 0 4932 4932
304 1 0 4891 20 4912
305 1 0 4957 0 4958
306 0 0 4910 56 4966
307 25 4822 0 2 4849
308 1 1 4994 1 4997
309 5002 0 1 0 5003
310 5039 0 0 0 5039
311 0 1 0 5086 5087
312 46 1 0 5096 5143
313 0 4955 0 0 4955
314 1 1 0 4981 4983
315 4937 0 0 0 4937
316 0 4954 0 1 4955
317 4894 0 0 0 4894
318 4791 0 1 0 4792
319 0 4813 0 29 4842
320 0 4926 0 0 4926
321 4930 0 0 0 4930
322 1 0 4911 0 4912
323 4825 0 0 0 4825
324 0 0 1 4858 4859
325 0 0 4932 0 4932
326 4815 0 1 0 4816
327 0 1 0 4817 4818
328 0 0 4854 0 4854
329 0 0 4779 0 4779
330 1 0 0 4638 4639
331 0 0 0 4718 4718
332 4738 0 1 1 4740
333 4702 0 0 0 4702
334 4694 0 0 0 4694
335 1 0 4639 0 4640
336 0 4500 0 1 4501
337 0 0 0 4519 4519
338 0 0 4571 0 4571
339 1 0 4537 0 4538
340 4528 0 1 0 4529
341 0 4540 0 0 4540
342 0 0 2 4549 4551
343 0 4609 0 1 4610
344 4736 0 2 0 4738
345 4743 0 1 0 4744
346 0 0 0 4700 4700
347 23 0 4641 0 4664
348 4660 0 1 0 4661
349 0 0 0 4603 4603
350 0 0 4693 0 4693
351 4638 0 24 1 4663
352 0 4643 0 1 4644
353 4692 0 55 0 4747
354 0 0 0 4683 4683
355 1 0 4709 0 4710
356 0 0 4692 0 4692
357 4654 0 0 1 4655
358 0 0 4732 0 4732
359 4712 0 0 0 4712
360 26 0 4632 0 4658
361 4627 0 0 0 4627
362 4637 0 0 0 4637
363 4626 0 1 0 4627
364 0 1 0 4449 4450
365 0 4534 0 0 4534
366 0 0 0 4555 4555
367 4607 3 1 0 4611
368 4536 0 0 0 4536
369 0 0 0 4348 4348
370 1 4440 0 25 4466
371 0 4462 0 0 4462
372 4594 0 1 0 4595
373 4543 1 1 2 4547
374 4528 1 0 0 4529
375 4485 0 0 1 4486
376 0 51 2 4270 4323
377 2 0 4344 0 4346
378 0 4305 0 5 4310
379 29 0 4286 1 4316
380 0 4268 0 2 4270
381 4253 0 0 0 4253
382 0 0 1 4148 4149
383 0 0 4241 0 4241
384 0 4107 0 6 4113
385 0 4232 0 1 4233
386 0 0 4235 0 4235
387 0 0 1 4087 4088
388 0 0 4190 1 4191
389 0 0 4273 1 4274
390 4261 0 1 0 4262
391 4312 0 0 0 4312
392 4278 0 0 0 4278
393 0 1 4244 1 4246
394 4223 0 0 0 4223
395 4309 0 0 0 4309
396 0 0 0 4267 4267
397 0 0 0 4276 4276
398 0 70 0 4265 4335
399 0 1 0 4300 4301
400 4357 0 0 0 4357
401 0 0 1 4266 4267
402 0 0 0 4282 4282
403 0 0 4278 0 4278
404 0 0 4159 0 4159
405 0 4117 0 1 4118
406 0 0 0 4175 4175
407 2 0 4193 0 4195
408 0 4093 0 0 4093
409 0 4114 0 1 4115
410 4159 0 1 0 4160
411 0 4154 0 0 4154
412 0 0 0 4173 4173
413 0 0 4210 0 4210
414 4196 0 0 1 4197
415 0 0 0 4250 4250
416 0 0 4292 0 4292
417 4288 0 0 0 4288
418 0 4184 0 0 4184
419 4248 0 1 0 4249
420 4288 0 3 2 4293
421 0 0 4208 0 4208
422 4150 0 0 0 4150
423 4191 1 1 0 4193
424 4176 0 0 0 4176
425 4108 0 2 1 4111
426 0 4165 0 0 4165
427 2 4123 0 1 4126
428 0 0 4051 0 4051
429 3932 0 0 0 3932
430 0 0 3995 1 3996
431 0 1 0 3856 3857
432 1 0 0 3812 3813
433 2 3778 0 83 3863
434 0 3966 0 1 3967
435 3968 0 1 0 3969
436 0 0 3925 0 3925
437 3997 0 0 0 3997
438 4024 0 0 0 4024
439 0 0 4000 0 4000
440 3973 0 1 0 3974
441 4003 0 0 0 4003
442 4022 0 0 0 4022
443 4030 0 0 0 4030
444 4062 0 0 0 4062
445 0 0 3906 0 3906
446 3892 0 1 0 3893
447 3913 0 0 0 3913
448 0 1 0 3852 3853
449 2 0 3856 0 3858
450 2 3887 0 2 3891
451 2 3993 0 2 3997
452 4000 0 1 0 4001
453 0 0 4024 0 4024
454 3926 0 1 0 3927
455 1 0 4005 0 4006
456 3942 0 1 0 3943
457 0 0 3 3964 3967
458 2 0 3988 0 3990
459 1 1 0 3924 3926
460 0 3973 0 1 3974
461 4192 0 0 0 4192
462 4344 0 0 0 4344
463 4356 0 0 0 4356
464 0 0 4350 0 4350
465 4290 0 1 0 4291
466 4323 0 0 0 4323
467 2 0 4375 0 4377
468 0 0 4282 0 4282
469 0 0 4254 2 4256
470 4287 0 0 0 4287
471 4303 0 1 0 4304
472 0 0 4461 0 4461
473 0 0 4623 0 4623
474 4683 1 1 0 4685
475 4657 0 0 0 4657
476 0 0 4796 0 4796
477 4930 0 0 0 4930
478 4961 0 0 0 4961
479 5074 0 1 0 5075
480 0 0 2 5020 5022
481 5090 0 1 0 5091
482 1 0 4968 0 4969
483 4877 1 0 0 4878
484 0 0 4 4817 4821
485 1 4847 0 0 4848
486 4920 0 0 0 4920
487 0 5063 0 0 5063
488 5098 0 0 42 5140
489 5239 0 1 0 5240
490 0 5192 0 0 5192
491 5568 0 0 0 5568
492 5557 0 0 0 5557
493 5741 0 0 0 5741
494 5748 0 0 0 5748
495 2 5828 0 1 5831
496 5822 1 2 0 5825
497 0 0 5857 0 5857
498 1 0 5892 0 5893
499 5863 0 1 1 5865
500 0 0 6000 0 6000
501 0 1 6154 0 6155
502 1 6213 2 2 6218
503 6159 0 1 0 6160
504 0 6231 0 0 6231
505 0 6666 0 0 6666
506 1 0 0 6741 6742
507 0 0 0 6749 6749
508 1 0 0 6791 6792
509 0 0 0 6860 6860
510 7056 0 4 0 7060
511 1 7154 0 0 7155
512 7266 0 0 0 7266
513 7239 0 1 0 7240
514 11 0 7200 0 7211
515 7080 0 0 2 7082
516 0 1 0 7232 7233
517 0 0 7242 0 7242
518 1 0 7246 0 7247
519 0 0 0 7115 7115
520 7369 0 1 0 7370
521 7333 0 1 0 7334
522 2 0 7307 0 7309
523 7227 0 0 1 7228
524 62 0 7187 1 7250
525 7136 1 84 0 7221
526 1 0 1 7234 7236
527 0 0 7256 0 7256
528 7245 0 0 0 7245
529 0 0 0 7212 7212
530 7254 1 0 0 7255
531 7239 1 1 0 7241
532 7205 0 0 0 7205
533 7142 0 0 0 7142
534 0 7178 1 0 7179
535 0 7039 0 0 7039
536 7129 1 0 1 7131
537 0 28 0 6971 6999
538 0 7093 0 1 7094
539 0 0 0 7059 7059
540 7092 0 0 0 7092
541 0 1 0 7195 7196
542 0 0 0 7127 7127
543 0 0 1 7218 7219
544 0 7213 0 4 7217
545 7224 0 0 1 7225
546 1 1 7186 0 7188
547 2 7171 0 0 7173
548 0 7115 0 1 7116
549 1 7053 0 1 7055
550 0 1 0 7093 7094
551 7017 0 0 1 7018
552 0 0 0 7101 7101
553 7093 0 1 0 7094
554 7144 1 0 0 7145
555 1 0 7021 0 7022
556 6977 1 0 0 6978
557 7023 0 0 0 7023
558 0 1 0 7015 7016
559 0 2 0 7018 7020
560 6884 0 1 0 6885
561 0 6947 0 0 6947
562 8 6938 1 0 6947
563 1 1 2 6976 6980
564 0 1 0 7040 7041
565 1 1 0 7076 7078
566 0 2 0 7140 7142
567 1 3 0 7192 7196
568 7148 1 0 0 7149
569 7174 1 0 0 7175
570 7227 1 1 0 7229
571 7184 0 1 0 7185
572 0 0 7212 0 7212
573 7135 0 0 0 7135
574 7190 0 20 0 7210
575 162 0 7000 0 7162
576 7128 0 1 0 7129
577 0 0 7112 1 7113
578 1 0 7238 0 7239
579 0 1 0 6936 6937
580 0 0 7299 0 7299
581 7336 0 0 0 7336
582 7581 1 0 1 7583
583 7570 0 0 0 7570
584 7535 1 0 0 7536
585 0 7574 0 0 7574
586 7581 0 3 0 7584
587 7547 0 0 0 7547
588 0 1 0 7554 7555
589 10 0 7538 0 7548
590 0 2 0 7464 7466
591 7552 0 0 0 7552
592 0 7575 0 2 7577
593 7599 0 2 0 7601
594 7566 1 1 0 7568
595 7518 0 0 0 7518
596 7462 0 0 0 7462
597 0 7490 0 0 7490
598 2 7420 0 0 7422
599 7346 0 1 0 7347
600 0 7579 0 1 7580
601 1 7539 0 41 7581
602 7662 0 2 0 7664
603 25 1 0 7760 7786
604 0 0 7878 0 7878
605 0 0 7814 0 7814
606 0 0 7751 0 7751
607 1 0 7774 0 7775
608 7827 0 1 1 7829
609 0 1 8007 0 8008
610 1 2 0 7893 7896
611 1 0 8091 0 8092
612 8033 0 0 0 8033
613 0 0 0 8160 8160
614 0 0 8182 0 8182
615 0 0 7975 0 7975
616 1 8119 0 0 8120
617 0 0 0 8139 8139
618 0 0 0 8132 8132
619 0 8133 0 5 8138
620 8260 0 0 0 8260
621 1 0 8646 0 8647
622 0 1 1 8302 8304
623 0 0 8634 2 8636
624 0 0 8693 0 8693
625 8711 1 0 0 8712
626 0 203 0 8826 9029
627 1 0 0 9140 9141
628 9132 0 1 1 9134
629 9126 0 3 0 9129
630 9119 0 0 0 9119
631 0 0 0 9073 9073
632 0 9081 0 1 9082
633 9148 0 3 0 9151
634 0 9140 0 0 9140
635 9250 0 0 0 9250
636 0 0 0 9437 9437
637 9470 0 0 0 9470
638 9402 0 2 0 9404
639 1 0 1 9400 9402
640 0 0 9406 1 9407
641 9323 0 1 0 9324
642 0 0 0 9315 9315
643 0 54 0 9597 9651
644 4 0 9549 1 9554
645 4 1 9705 2 9712
646 2 0 9744 2 9748
647 0 9867 0 0 9867
648 10030 0 0 1 10031
649 1 1 0 9982 9984
650 0 0 0 10103 10103
651 1 10055 0 1 10057
652 10075 1 1 0 10077
653 0 10089 0 3 10092
654 10199 1 0 1 10201
655 2 0 10211 0 10213
656 10094 0 1 0 10095
657 0 0 0 10316 10316
658 0 0 10327 0 10327
659 10300 0 0 0 10300
660 10488 0 0 2 10490
661 1 3 0 10637 10641
662 19 1 10626 1 10647
663 10577 1 0 0 10578
664 0 0 0 10640 10640
665 0 0 10672 0 10672
666 0 2 0 10795 10797
667 0 10848 0 1 10849
668 0 0 0 11075 11075
669 1 0 11180 0 11181
670 1 0 0 11067 11068
671 0 0 0 11014 11014
672 3 0 0 10998 11001
673 0 11004 0 1 11005
674 0 11542 0 1 11543
675 12165 0 0 0 12165
676 12225 0 0 0 12225
677 12225 0 0 1 12226
678 1 0 12104 0 12105
679 12185 1 3 1 12190
680 0 0 2 11905 11907
681 1 11970 0 0 11971
682 12166 0 0 0 12166
683 12219 0 2 0 12221
684 12288 0 2 0 12290
685 1 1 12288 1 12291
686 2 0 12136 0 12138
687 0 12263 1 1 12265
688 12250 0 8 3 12261
689 0 12477 0 2 12479
690 0 0 0 12615 12615
691 12591 1 2 0 12594
692 12597 0 0 0 12597
693 12687 1 0 0 12688
694 12698 1 0 0 12699
695 12725 1 0 0 12726
696 0 0 12574 1 12575
697 12418 0 38 0 12456
698 3 0 12525 1 12529
699 0 0 3 12233 12236
700 0 2 1 12283 12286
701 0 1 12160 48 12209
702 2 1 12084 0 12087
703 12062 0 1 0 12063
704 0 12268 0 0 12268
705 0 3 0 12202 12205
706 0 1 0 12248 12249
707 2 0 12145 2 12149
708 12076 1 0 0 12077
709 0 0 0 12127 12127
710 0 11892 0 0 11892
711 1 11862 0 21 11884
712 0 2 0 11892 11894
713 0 0 0 11953 11953
714 1 11998 0 0 11999
715 11952 0 2 0 11954
716 1 0 0 11941 11942
717 0 19 0 11935 11954
718 11957 0 0 0 11957
719 11853 0 1 0 11854
720 0 0 0 11861 11861
721 14 11934 0 1 11949
722 12006 0 1 0 12007
723 0 0 11787 1 11788
724 0 4 0 11546 11550
725 11121 0 1 1 11123
726 2 11651 0 1 11654
727 0 11842 0 0 11842
728 0 13 1 11592 11606
729 0 1 2 11670 11673
730 0 2 18 11747 11767
731 2 1 11787 0 11790
732 0 11720 0 3 11723
733 13 0 11800 0 11813
734 0 0 11690 0 11690
735 0 0 11782 0 11782
736 11855 0 1 1 11857
737 11922 0 1 1 11924
738 1 1 11864 0 11866
739 1 11634 0 5 11640
740 11745 0 4 0 11749
741 0 11913 0 1 11914
742 11730 0 1 0 11731
743 0 0 11641 0 11641
744 0 2 0 11588 11590
745 0 11384 0 1 11385
746 0 11325 0 1 11326
747 0 11153 1 1 11155
748 0 11276 0 28 11304
749 11521 0 102 0 11623
750 0 0 11508 0 11508
751 11421 0 1 0 11422
752 11356 0 3 1 11360
753 0 0 11451 0 11451
754 11481 0 1 0 11482
755 0 13 0 11444 11457
756 1 11725 0 1 11727
757 11744 1 2 0 11747
758 0 0 11586 0 11586
759 46 0 11426 1 11473
760 1 1 0 11335 11337
761 0 0 11325 0 11325
762 0 11192 0 158 11350
763 0 0 11377 0 11377
764 11174 1 67 1 11243
765 0 11492 0 1 11493
766 0 4 0 11624 11628
767 0 0 11677 0 11677
768 1 0 11630 1 11632
769 0 3 0 11352 11355
770 0 0 11668 0 11668
771 0 27 0 12023 12050
772 0 17 0 11953 11970
773 6 0 11913 1 11920
774 0 11801 0 2 11803
775 12125 0 2 0 12127
776 11958 1 0 1 11960
777 0 2 0 11782 11784
778 0 12100 0 0 12100
779 12200 0 2 0 12202
780 12123 0 0 0 12123
781 12125 0 0 0 12125
782 1 0 12190 0 12191
783 0 0 12144 0 12144
784 11862 0 0 0 11862
785 0 1 12048 0 12049
786 0 0 12517 0 12517
787 1 2 0 12160 12163
788 3 0 12838 1 12842
789 1 0 12923 1 12925
790 12930 0 0 0 12930
791 12889 1 1 1 12892
792 5 13093 0 0 13098
793 1 13094 0 0 13095
794 1 0 1 13227 13229
795 0 0 0 13374 13374
796 13270 0 0 0 13270
797 0 0 13168 0 13168
798 1 2 2 12775 12780
799 0 0 12937 0 12937
800 2 0 13137 1 13140
801 2 13140 0 0 13142
802 0 5 0 13307 13312
803 5 0 13321 0 13326
804 13265 0 0 1 13266
805 13361 0 0 0 13361
806 0 0 13309 0 13309
807 0 13316 0 1 13317
808 0 13279 0 0 13279
809 13750 0 2 0 13752
810 0 0 1 13748 13749
811 1 1 0 13788 13790
812 0 13859 0 48 13907
813 1 0 14034 1 14036
814 13711 0 1 3 13715
815 1 0 1 14026 14028
816 0 1 0 14238 14239
817 0 1 0 14309 14310
818 14335 1 1 1 14338
819 0 2 0 14195 14197
820 14173 0 3 0 14176
821 0 0 14194 1 14195
822 0 0 14118 2 14120
823 14084 2 1 1 14088
824 14188 0 1 1 14190
825 1 0 14049 1 14051
826 14036 1 0 0 14037
827 1 0 14254 0 14255
828 0 14184 0 3 14187
829 14237 1 2 0 14240
830 14182 0 0 0 14182
831 1 0 0 14306 14307
832 2 1 14317 0 14320
833 2 0 14188 1 14191
834 0 14234 0 5 14239
835 14382 0 4 0 14386
836 0 0 14417 0 14417
837 14127 0 1 2 14130
838 0 14081 0 3 14084
839 14233 0 1 1 14235
840 1 0 14196 0 14197
841 14102 0 0 1 14103
842 1 0 14046 0 14047
843 0 0 13953 0 13953
844 2 0 13867 0 13869
845 0 13906 0 0 13906
846 0 1 0 14061 14062
847 13919 0 3 0 13922
848 1 122 0 13761 13884
849 1 0 0 13907 13908
850 13767 0 0 0 13767
851 13694 0 1 0 13695
852 68 0 13545 2 13615
853 13505 0 0 3 13508
854 1 0 13376 0 13377
855 13468 0 0 0 13468
856 0 13402 0 1 13403
857 13631 0 1 1 13633
858 1 0 0 13507 13508
859 0 13690 0 0 13690
860 13766 1 2 0 13769
861 13531 0 0 49 13580
862 13492 0 4 0 13496
863 1 0 13115 1 13117
864 27 13126 2 0 13155
865 0 13237 0 3 13240
866 13424 0 2 0 13426
867 13414 0 1 0 13415
868 0 0 13144 1 13145
869 13026 0 0 0 13026
870 0 13221 0 0 13221
871 0 0 1 13115 13116
872 1 0 13099 0 13100
873 0 12783 0 0 12783
874 1 12664 1 3 12669
875 0 2 0 12532 12534
876 12407 0 0 1 12408
877 0 2 0 12475 12477
878 95 1 12102 1 12199
879 12269 0 1 1 12271
880 12318 0 2 0 12320
881 12305 0 1 0 12306
882 12294 0 0 2 12296
883 0 0 12146 0 12146
884 12098 0 1 0 12099
885 0 0 0 12047 12047
886 1 0 0 11963 11964
887 0 12001 0 0 12001
888 1 4 0 11854 11859
889 1 1 0 11950 11952
890 0 11742 1 236 11979
891 1 1 0 11841 11843
892 1 0 11722 0 11723
893 11749 0 0 0 11749
894 11817 0 0 1 11818
895 0 0 0 11753 11753
896 0 11457 0 97 11554
897 1 0 0 11633 11634
898 11639 0 1 0 11640
899 11601 1 1 0 11603
900 11430 0 1 0 11431
901 0 0 10962 0 10962
902 10895 0 0 0 10895
903 10891 0 2 0 10893
904 0 10924 0 0 10924
905 10845 0 2 0 10847
906 10793 0 0 0 10793
907 10654 0 1 0 10655
908 0 0 0 10448 10448
909 1 0 10435 0 10436
910 0 10483 0 0 10483
911 0 0 0 10279 10279
912 0 10468 0 8 10476
913 1 2 0 10440 10443
914 0 0 10326 0 10326
915 0 10360 0 3 10363
916 3 0 10150 0 10153
917 1 10127 0 2 10130
918 0 10381 0 1 10382
919 0 10448 0 0 10448
920 0 10442 0 93 10535
921 10393 0 108 0 10501
922 10345 0 1 0 10346
923 0 10352 0 0 10352
924 10375 1 1 0 10377
925 10393 0 1 0 10394
926 10294 0 0 0 10294
927 10156 56 53 0 10265
928 0 0 10071 0 10071
929 2 0 9894 0 9896
930 1 10377 0 0 10378
931 1 1 0 10463 10465
932 0 10547 0 2 10549
933 1 1 0 10584 10586
934 10694 0 1 0 10695
935 0 0 10763 0 10763
936 1 1 0 10751 10753
937 0 0 0 10846 10846
938 3 0 10825 0 10828
939 10647 0 0 0 10647
940 0 1 1 10612 10614
941 1 10712 0 2 10715
942 10869 0 1 0 10870
943 10754 0 2 0 10756
944 2 0 10963 0 10965
945 1 1 0 10493 10495
946 0 0 10671 0 10671
947 10728 0 3 2 10733
948 1 1 1 10799 10802
949 0 10828 0 114 10942
950 1 0 11037 0 11038
951 0 0 11204 0 11204
952 11089 0 1 2 11092
953 11141 0 1 0 11142
954 1 2 11026 0 11029
955 0 11172 0 1 11173
956 11350 0 4 0 11354
957 0 0 11285 0 11285
958 11240 0 1 0 11241
959 11331 0 0 0 11331
960 11282 1 0 0 11283
961 0 32 1 11201 11234
962 1 11392 0 0 11393
963 8 11747 0 1 11756
964 11787 0 1 0 11788
965 0 0 11683 1 11684
966 2 0 11546 0 11548
967 0 0 11593 0 11593
968 11573 0 1 0 11574
969 0 0 2 11550 11552
970 4 4 0 11673 11681
971 2 1 11526 0 11529
972 0 11722 0 9 11731
973 11921 1 13 1 11936
974 1 0 12102 0 12103
975 11869 0 4 0 11873
976 0 11968 0 31 11999
977 12041 0 0 0 12041
978 0 1 0 11955 11956
979 0 1 0 12094 12095
980 2 0 11961 0 11963
981 11887 0 3 0 11890
982 11959 1 0 0 11960
983 0 0 12025 0 12025
984 11983 0 13 0 11996
985 0 0 1 11994 11995
986 1 12022 0 2 12025
987 0 1 0 12085 12086
988 12068 0 0 0 12068
989 11835 0 1 0 11836
990 0 11902 0 1 11903
991 0 11892 0 2 11894
992 0 12013 0 0 12013
993 0 1 0 11914 11915
994 1 0 11946 0 11947
995 0 11741 0 0 11741
996 0 62 0 11751 11813
997 0 1 2 11893 11896
998 3 0 11836 0 11839
999 0 11913 0 1 11914
1000 0 1 0 11939 11940
1001 0 11978 0 2 11980
1002 41 0 11776 1 11818
1003 0 2 0 11469 11471
1004 11684 0 1 1 11686
1005 1 0 11860 0 11861
1006 0 25 0 11568 11593
1007 11868 0 0 0 11868
1008 0 0 0 11980 11980
1009 2 0 11919 55 11976
1010 0 0 11926 0 11926
1011 1 2 0 11657 11660
1012 0 11974 0 4 11978
1013 2 0 12089 0 12091
1014 0 2 0 11863 11865
1015 0 2 0 12179 12181
1016 0 0 12181 0 12181
1017 0 0 0 12227 12227
1018 0 24 0 12367 12391
1019 12422 54 2 57 12535
1020 79 0 12234 1 12314
1021 2 1 12368 0 12371
1022 1 12279 0 1 12281
1023 0 12325 0 1 12326
1024 2 12165 0 202 12369
1025 1 0 1 12304 12306
1026 0 12492 0 1 12493
1027 0 2 0 12541 12543
1028 2 1 12580 0 12583
1029 1 1 1 12522 12525
1030 5 0 12560 0 12565
1031 3 0 12416 1 12420
1032 17 12410 1 1 12429
1033 12501 0 3 1 12505
1034 12468 0 1 0 12469
1035 2 0 12687 1 12690
1036 0 12555 0 3 12558
1037 12628 0 1 1 12630
1038 12550 1 1 0 12552
1039 12346 0 1 0 12347
1040 2 0 12440 1 12443
1041 0 34 1 12146 12181
1042 1 0 12328 1 12330
1043 0 0 12300 0 12300
1044 0 1 0 12067 12068
1045 0 0 12160 4 12164
1046 0 12282 0 2 12284
1047 0 1 2 12354 12357
1048 0 0 2 12236 12238
1049 0 12254 27 2 12283
1050 3 12113 0 1 12117
1051 16 12371 0 1 12388
1052 12313 2 1 1 12317
1053 1 0 2 12573 12576
1054 12627 0 0 1 12628
1055 12607 1 1 0 12609
1056 1 0 12319 0 12320
1057 1 12302 0 1 12304
1058 12387 0 0 0 12387
1059 0 0 0 12395 12395
1060 0 1 0 12455 12456
1061 0 14 0 12247 12261
1062 12062 0 0 2 12064
1063 0 12021 0 17 12038
1064 3 0 12058 0 12061
1065 0 11983 0 49 12032
1066 1 12199 0 1 12201
1067 12340 0 2 0 12342
1068 12242 0 1 1 12244
1069 12249 0 2 0 12251
1070 12207 0 0 0 12207
1071 0 1 0 12256 12257
1072 12024 0 113 1 12138
1073 0 12694 0 0 12694
1074 3 12670 0 1 12674
1075 2 0 0 12410 12412
1076 7 12729 0 2 12738
1077 13003 0 3 1 13007
1078 12825 1 1 1 12828
1079 534 12401 0 0 12935
1080 0 1 1 12775 12777
1081 12893 0 74 0 12967
1082 3 0 12928 1 12932
1083 72 1 12583 0 12656
1084 0 0 12672 1 12673
1085 1 2 1 12197 12201
1086 0 0 0 12626 12626
1087 1 12695 0 3 12699
1088 12709 0 4 2 12715
1089 12667 1 0 1 12669
1090 0 3 0 12762 12765
1091 0 0 12637 0 12637
1092 0 2 0 12433 12435
1093 0 2 0 12548 12550
1094 1 0 12479 0 12480
1095 12503 0 1 0 12504
1096 12453 2 1 0 12456
1097 1 0 12545 0 12546
1098 12388 0 0 2 12390
1099 0 0 12407 0 12407
1100 0 54 0 11995 12049
1101 12134 0 3 1 12138
1102 2 12495 1 1 12499
1103 1 1 3 12446 12451
1104 2 12524 0 1 12527
1105 0 1 2 12653 12656
1106 12593 0 0 0 12593
1107 0 2 0 12628 12630
1108 1 0 12607 0 12608
1109 0 0 12542 0 12542
1110 0 1 0 12445 12446
1111 1 0 0 12878 12879
1112 0 0 12869 0 12869
1113 2 0 12766 1 12769
1114 1 0 12825 1 12827
1115 0 3 0 12624 12627
1116 13064 0 2 0 13066
1117 2 13262 86 0 13350
1118 2 0 13255 0 13257
1119 13116 0 0 3 13119
1120 12895 0 247 0 13142
1121 0 0 13140 0 13140
1122 2 12958 0 1 12961
1123 3 13021 0 3 13027
1124 13065 0 0 0 13065
1125 0 1 2 12934 12937
1126 1 0 13013 0 13014
1127 219 0 12695 0 12914
1128 4 13085 0 0 13089
1129 0 0 80 12878 12958
1130 2 13096 0 1 13099
1131 0 6 0 13225 13231
1132 0 2 2 13409 13413
1133 2 0 2 13489 13493
1134 13304 0 0 0 13304
1135 1 13408 0 20 13429
1136 13433 0 0 0 13433
1137 13268 0 0 0 13268
1138 0 1 0 13275 13276
1139 13284 0 0 0 13284
1140 0 1 1 13406 13408
1141 5 0 13364 20 13389
1142 3 1 13456 0 13460
1143 2 13549 0 6 13557
1144 13486 0 1 1 13488
1145 13508 0 2 1 13511
1146 0 13302 0 0 13302
1147 13093 0 2 2 13097
1148 5 13530 0 1 13536
1149 4 13642 0 1 13647
1150 0 2 0 13698 13700
1151 0 0 13580 0 13580
1152 0 0 0 13521 13521
1153 0 3 0 13389 13392
1154 1 3 0 13334 13338
1155 0 13254 0 1 13255
1156 2 13148 0 1 13151
1157 13136 0 2 1 13139
1158 0 1 0 13185 13186
1159 12980 0 0 1 12981
1160 2 0 0 12774 12776
1161 1 1 0 12720 12722
1162 12823 1 0 3 12827
1163 12641 0 2 1 12644
1164 0 0 12727 0 12727
1165 12427 0 0 0 12427
1166 12509 2 0 2 12513
1167 0 0 2 12733 12735
1168 2 0 12856 2 12860
1169 2 0 12801 0 12803
1170 1 0 12764 1 12766
1171 103 1 12618 1 12723
1172 3 0 12995 0 12998
1173 12852 0 0 0 12852
1174 0 1 0 12993 12994
1175 2 0 13002 0 13004
1176 12860 0 0 1 12861
1177 0 1 1 13096 13098
1178 3 0 13040 0 13043
1179 2 13121 0 3 13126
1180 13445 0 2 1 13448
1181 13596 0 0 0 13596
1182 13622 0 1 0 13623
1183 0 0 13659 1 13660
1184 1 0 13434 0 13435
1185 13565 0 3 0 13568
1186 0 0 0 13848 13848
1187 13865 0 1 0 13866
1188 13793 0 0 0 13793
1189 13805 0 0 0 13805
1190 4 0 0 13793 13797
1191 4 14226 0 63 14293
1192 4 0 14278 1 14283
1193 2 14845 0 2 14849
1194 14749 0 2 0 14751
1195 15098 0 0 3 15101
1196 0 1 0 15198 15199
1197 0 0 1 15382 15383
1198 15424 11 1 1 15437
1199 4 0 0 15255 15259
1200 0 0 0 15010 15010
1201 44 14819 0 1 14864
1202 0 1 0 15019 15020
1203 2 0 0 15043 15045
1204 2 14841 0 4 14847
1205 14906 1 1 0 14908
1206 0 1 0 14679 14680
1207 0 0 14588 0 14588
1208 0 1 0 14481 14482
1209 0 14510 0 0 14510
1210 0 0 1 14396 14397
1211 0 3 1 14445 14449
1212 1 0 14324 0 14325
1213 2 14292 0 0 14294
1214 1 1 0 14456 14458
1215 0 0 0 14347 14347
1216 0 14429 0 3 14432
1217 18 0 14442 1 14461
1218 97 1 13984 0 14082
1219 14205 0 2 0 14207
1220 0 0 13582 0 13582
1221 0 14082 0 0 14082
1222 1 3 0 14232 14236
1223 1 1 14237 0 14239
1224 0 14077 0 3 14080
1225 0 14256 0 0 14256
1226 1 5 0 14404 14410
1227 14356 0 0 1 14357
1228 0 1 0 14387 14388
1229 2 0 14335 0 14337
1230 14206 1 1 0 14208
1231 14138 1 1 0 14140
1232 1 0 14162 0 14163
1233 13904 1 1 1 13907
1234 217 13721 0 1 13939
1235 1 13996 0 1 13998
1236 1 36 0 13898 13935
1237 2 0 13892 0 13894
1238 13897 0 0 1 13898
1239 0 1 13931 0 13932
1240 13611 0 2 0 13613
1241 26 0 13799 1 13826
1242 0 2 0 13370 13372
1243 0 2 0 13425 13427
1244 0 0 0 13463 13463
1245 1 4 1 13445 13451
1246 0 1 13135 25 13161
1247 1 2 0 13050 13053
1248 0 13129 0 14 13143
1249 0 6 2 13165 13173
1250 9 0 13145 1 13155
1251 1 13031 0 2 13034
1252 13080 0 0 1 13081
1253 1 1 0 13111 13113
1254 1 0 2 13138 13141
1255 12516 0 462 0 12978
1256 12770 0 2 0 12772
1257 14 13027 0 2 13043
1258 1 12701 0 110 12812
1259 0 0 12792 0 12792
1260 15 1 12453 0 12469
1261 1 12450 0 1 12452
1262 12367 1 1 0 12369
1263 0 12606 0 145 12751
1264 12953 0 0 0 12953
1265 27 0 12767 0 12794
1266 12774 0 1 1 12776
1267 12622 0 1 39 12662
1268 0 0 0 12798 12798
1269 1 1 0 12765 12767
1270 0 12877 0 4 12881
1271 12960 0 2 0 12962
1272 12850 1 3 0 12854
1273 4 0 12748 0 12752
1274 5 12560 0 0 12565
1275 2 12707 0 1 12710
1276 0 2 0 12746 12748
1277 12722 0 1 0 12723
1278 1 0 12821 1 12823
1279 12764 0 2 1 12767
1280 5 0 0 12747 12752
1281 1 12848 0 3 12852
1282 12872 0 22 0 12894
1283 33 2 12800 0 12835
1284 3 12685 0 0 12688
1285 12705 1 1 0 12707
1286 0 0 2 12703 12705
1287 1 0 2 12761 12764
1288 12773 0 0 0 12773
1289 12626 1 1 0 12628
1290 12637 0 0 0 12637
1291 12621 0 0 0 12621
1292 0 1 0 12689 12690
1293 1 0 12591 1 12593
1294 1 12496 0 17 12514
1295 12456 0 1 0 12457
1296 12376 1 0 18 12395
1297 34 0 12640 0 12674
1298 0 0 12675 1 12676
1299 0 0 12759 1 12760
1300 1 1 4 12354 12360
1301 1 1 0 12563 12565
1302 0 1 0 12735 12736
1303 3 12900 0 1 12904
1304 0 12936 0 2 12938
1305 12869 0 2 2 12873
1306 0 1 0 12736 12737
1307 1 0 12676 1 12678
1308 1 1 0 12524 12526
1309 0 1 0 12595 12596
1310 0 12507 1 0 12508
1311 2 12753 0 28 12783
1312 12804 0 4 0 12808
1313 0 1 12760 0 12761
1314 1 12521 69 1 12592
1315 12681 0 1 1 12683
1316 12844 0 1 1 12846
1317 12833 0 1 1 12835
1318 2 0 12831 0 12833
1319 0 1 12374 1 12376
1320 12365 0 1 0 12366
1321 12480 0 0 0 12480
1322 0 12436 0 1 12437
1323 12595 1 1 0 12597
1324 0 0 12666 1 12667
1325 1 0 12598 2 12601
1326 1 1 1 11546 11549
1327 12322 1 1 0 12324
1328 2 0 12574 1 12577
1329 12316 1 1 0 12318
1330 12462 0 0 0 12462
1331 0 0 12489 1 12490
1332 0 0 12439 0 12439
1333 12347 1 1 0 12349
1334 12492 0 1 0 12493
1335 1 0 0 12620 12621
1336 3 0 12637 0 12640
1337 1 0 12541 0 12542
1338 1 1 12306 0 12308
1339 12279 0 0 46 12325
1340 0 0 12499 0 12499
1341 1 12212 0 2 12215
1342 12319 0 3 0 12322
1343 0 1 12255 0 12256
1344 0 12595 0 2 12597
1345 2 1 0 12736 12739
1346 0 12676 0 1 12677
1347 0 0 0 12789 12789
1348 0 0 12774 0 12774
1349 12938 0 0 1 12939
1350 0 0 0 13002 13002
1351 2 0 13147 1 13150
1352 0 2 0 12778 12780
1353 0 12645 0 159 12804
1354 15 13010 0 0 13025
1355 13132 0 0 0 13132
1356 0 0 0 13151 13151
1357 0 13406 0 2 13408
1358 13403 1 2 0 13406
1359 13319 2 1 0 13322
1360 4 0 13210 1 13215
1361 0 13600 0 0 13600
1362 0 0 0 13712 13712
1363 0 13611 0 0 13611
1364 3 13826 0 2 13831
1365 13937 2 0 0 13939
1366 0 0 14115 1 14116
1367 0 1 0 13779 13780
1368 0 0 0 14050 14050
1369 0 1 0 14287 14288
1370 0 6 0 14233 14239
1371 1 0 14138 1 14140
1372 3 0 13777 0 13780
1373 1 0 13866 2 13869
1374 0 13885 0 4 13889
1375 0 2 0 13791 13793
1376 0 13986 0 1 13987
1377 109 14228 0 2 14339
1378 113 0 14047 2 14162
1379 13695 2 0 0 13697
1380 0 2 0 13944 13946
1381 2 0 13781 3 13786
1382 13277 1 1 2 13281
1383 0 13670 0 0 13670
1384 0 13842 0 4 13846
1385 13883 1 1 1 13886
1386 0 0 13921 0 13921
1387 13640 1 2 2 13645
1388 0 0 0 13669 13669
1389 0 13887 0 0 13887
1390 0 2 0 13977 13979
1391 3 2 13938 1 13944
1392 1 0 13954 0 13955
1393 169 0 13841 0 14010
1394 1 0 14089 0 14090
1395 2 0 14054 0 14056
1396 4 0 14044 1 14049
1397 14142 2 0 0 14144
1398 14376 3 1 0 14380
1399 2 14455 0 0 14457
1400 1 0 14427 0 14428
1401 14054 0 2 0 14056
1402 14028 1 1 1 14031
1403 1 0 14375 0 14376
1404 1 0 0 13380 13381
1405 14007 0 3 0 14010
1406 18 0 14268 0 14286
1407 342 0 13954 1 14297
1408 1 3 1 13392 13397
1409 0 0 14140 2 14142
1410 2 0 14219 1 14222
1411 13898 3 4 40 13945
1412 175 0 14062 0 14237
1413 14187 2 0 0 14189
1414 2 14399 0 73 14474
1415 6 0 14272 4 14282
1416 0 0 14212 0 14212
1417 13945 1 1 1 13948
1418 1 0 13886 0 13887
1419 0 0 13687 1 13688
1420 2 0 13774 1 13777
1421 0 1 0 13356 13357
1422 0 13967 0 0 13967
1423 0 105 1 13903 14009
1424 102 0 13772 1 13875
1425 17 0 13594 0 13611
1426 4 13595 0 12 13611
1427 0 13680 1 32 13713
1428 13739 0 18 0 13757
1429 13667 1 0 0 13668
1430 13685 2 0 0 13687
1431 1 2 0 13692 13695
1432 13875 0 4 0 13879
1433 13724 0 1 0 13725
1434 0 0 13707 0 13707
1435 0 13359 0 66 13425
1436 0 3 1 12955 12959
1437 1 0 13098 0 13099
1438 1 12966 0 101 13068
1439 13115 0 4 0 13119
1440 0 0 13025 0 13025
1441 0 12789 1 1 12791
1442 2 12701 0 34 12737
1443 1 13029 0 2 13032
1444 13186 0 0 0 13186
1445 0 0 13215 0 13215
1446 0 0 0 12478 12478
1447 196 0 12745 0 12941
1448 0 0 12 12692 12704
1449 0 0 23 12899 12922
1450 0 1 0 13023 13024
1451 1 0 12860 1 12862
1452 1 12635 0 3 12639
1453 12581 0 1 0 12582
1454 53 0 12626 0 12679
1455 0 1 0 12221 12222
1456 12193 0 2 0 12195
1457 0 0 12237 0 12237
1458 12114 1 0 0 12115
1459 1 0 12280 11 12292
1460 12181 0 0 1 12182
1461 99 0 12072 0 12171
1462 11963 0 1 0 11964
1463 0 12088 0 0 12088
1464 0 12157 0 0 12157
1465 0 2 0 12449 12451
1466 12437 0 1 1 12439
1467 1 1 0 12401 12403
1468 2 2 0 12359 12363
1469 0 0 12302 0 12302
1470 5 12087 0 217 12309
1471 1 0 0 12321 12322
1472 0 12323 0 1 12324
1473 0 0 0 12431 12431
1474 12298 0 0 0 12298
1475 12279 0 3 0 12282
1476 75 0 12177 1 12253
1477 0 12144 0 1 12145
1478 12216 0 1 0 12217
1479 12174 0 2 1 12177
1480 104 0 12164 0 12268
1481 0 11999 0 1 12000
1482 12171 0 1 0 12172
1483 12005 0 1 0 12006
1484 1 0 11891 0 11892
1485 0 11722 0 1 11723
1486 0 1 0 11795 11796
1487 2 0 11863 0 11865
1488 0 0 0 11638 11638
1489 11641 0 1 1 11643
1490 11477 1 0 1 11479
1491 0 1 11509 0 11510
1492 11326 0 0 0 11326
1493 11373 0 0 0 11373
1494 1 1 11413 0 11415
1495 11369 0 1 0 11370
1496 11315 0 0 0 11315
1497 0 0 0 11439 11439
1498 2 0 11357 0 11359
1499 1 11404 0 2 11407
1500 0 54 0 11473 11527
1501 0 0 11564 0 11564
1502 1 1 0 11282 11284
1503 0 11254 0 2 11256
1504 11350 0 0 0 11350
1505 11086 0 2 0 11088
1506 1 2 1 11305 11309
1507 23 0 11257 0 11280
1508 11176 0 2 0 11178
1509 11168 0 1 1 11170
1510 1 2 0 11026 11029
1511 11074 0 1 0 11075
1512 1 0 0 11043 11044
1513 0 2 0 11055 11057
1514 2 0 10952 0 10954
1515 10792 0 0 0 10792
1516 2 0 10614 1 10617
1517 0 0 10341 0 10341
1518 1 0 10283 0 10284
1519 91 0 10002 0 10093
1520 52 9645 0 1 9698
1521 0 0 9834 0 9834
1522 1 1 1 9359 9362
1523 0 0 9564 1 9565
1524 9743 0 2 1 9746
1525 0 4 1 9737 9742
1526 0 0 9625 0 9625
1527 0 9536 0 9 9545
1528 9632 0 3 31 9666
1529 0 0 9694 0 9694
1530 9577 0 1 2 9580
1531 0 2 1 9622 9625
1532 1 0 9635 0 9636
1533 0 1 0 9462 9463
1534 1 9538 1 3 9543
1535 9494 0 0 0 9494
1536 9401 0 2 0 9403
1537 9445 0 2 0 9447
1538 0 0 9496 0 9496
1539 0 0 9367 0 9367
1540 9419 0 2 3 9424
1541 9388 0 1 1 9390
1542 9346 0 0 0 9346
1543 1 0 1 9182 9184
1544 1 9237 0 1 9239
1545 0 1 0 9261 9262
1546 9164 1 2 0 9167
1547 1 9115 0 0 9116
1548 0 2 0 8990 8992
1549 1 8957 0 9 8967
1550 9014 0 0 0 9014
1551 9084 0 0 1 9085
1552 0 0 9088 0 9088
1553 8977 0 0 0 8977
1554 0 0 1 8796 8797
1555 2 0 8813 0 8815
1556 8798 0 1 1 8800
1557 1 0 1 8740 8742
1558 2 0 8788 0 8790
1559 8766 0 0 0 8766
1560 8741 0 1 0 8742
1561 0 1 0 8634 8635
1562 0 0 8642 1 8643
1563 8544 0 1 0 8545
1564 0 8584 0 0 8584
1565 2 1 0 8615 8618
1566 1 8490 0 1 8492
1567 8934 0 0 1 8935
1568 8873 0 0 0 8873
1569 0 0 0 8874 8874
1570 2 0 8619 0 8621
1571 1 0 8452 1 8454
1572 0 8389 0 1 8390
1573 0 1 0 8481 8482
1574 8356 0 0 0 8356
1575 8322 1 1 0 8324
1576 0 0 8306 1 8307
1577 8176 0 1 0 8177
1578 8150 0 0 0 8150
1579 8120 0 2 0 8122
1580 7997 0 0 0 7997
1581 18 8102 0 2 8122
1582 0 7797 0 1 7798
1583 7737 0 1 0 7738
1584 0 0 7740 0 7740
1585 0 0 0 7418 7418
1586 0 0 7335 2 7337
1587 1 0 7167 0 7168
1588 7259 0 2 0 7261
1589 7299 0 0 0 7299
1590 7236 0 0 0 7236
1591 1 0 1 7042 7044
1592 45 0 6843 0 6888
1593 0 6871 0 1 6872
1594 0 0 0 6837 6837
1595 1 0 0 6801 6802
1596 0 1 0 6728 6729
1597 0 6698 0 0 6698
1598 6686 0 1 0 6687
1599 0 2 0 6599 6601
1600 0 0 0 6681 6681
1601 1 0 6645 0 6646
1602 0 1 6548 0 6549
1603 0 0 6566 0 6566
1604 6606 0 1 0 6607
1605 6530 0 0 0 6530
1606 0 0 6457 0 6457
1607 6496 0 0 0 6496
1608 6530 0 0 0 6530
1609 6429 0 1 1 6431
1610 6433 0 0 0 6433
1611 0 1 0 6283 6284
1612 0 0 5924 1 5925
1613 0 1 2 5489 5492
1614 0 1 0 5602 5603
1615 0 1 0 5441 5442
1616 1 5476 0 1 5478
1617 5633 0 0 0 5633
1618 5620 0 0 0 5620
1619 5584 0 0 0 5584
1620 0 0 1 5526 5527
1621 5451 0 0 0 5451
1622 0 0 0 5191 5191
1623 0 5257 0 1 5258
1624 5149 1 0 0 5150
1625 1 0 5185 0 5186
1626 5154 0 1 0 5155
1627 1 5196 0 0 5197
1628 5192 0 1 0 5193
1629 5129 0 1 0 5130
1630 5083 0 0 0 5083
1631 5096 0 0 0 5096
1632 5060 1 0 0 5061
1633 0 5129 0 0 5129
1634 5016 0 1 0 5017
1635 4958 0 0 0 4958
1636 4866 0 0 0 4866
1637 4843 0 0 1 4844
1638 1 4906 0 0 4907
1639 1 4850 0 0 4851
1640 4852 0 1 0 4853
1641 4797 0 0 0 4797
1642 0 0 0 4504 4504
1643 0 4658 0 20 4678
1644 0 4704 0 0 4704
1645 0 4737 0 0 4737
1646 4740 0 0 0 4740
1647 0 0 0 4558 4558
1648 0 1 2 4580 4583
1649 1 0 4656 0 4657
1650 4690 0 0 0 4690
1651 4651 0 2 0 4653
1652 4594 0 1 0 4595
1653 1 0 0 4518 4519
1654 0 0 0 4368 4368
1655 0 4453 0 1 4454
1656 0 4491 0 2 4493
1657 4560 0 1 0 4561
1658 4512 0 0 0 4512
1659 0 0 0 4481 4481
1660 1 0 1 4672 4674
1661 4691 0 0 0 4691
1662 4643 0 0 0 4643
1663 2 0 4528 0 4530
1664 0 4447 0 0 4447
1665 4522 0 0 0 4522
1666 0 0 4349 0 4349
1667 4265 1 1 1 4268
1668 0 4186 0 0 4186
1669 0 4230 0 1 4231
1670 4225 0 0 0 4225
1671 0 0 0 4160 4160
1672 0 4188 0 0 4188
1673 0 4153 0 0 4153
1674 0 4149 1 0 4150
1675 0 4232 0 1 4233
1676 4308 0 0 0 4308
1677 4163 0 92 0 4255
1678 0 0 2 4192 4194
1679 0 0 0 4163 4163
1680 0 0 0 4060 4060
1681 0 4091 0 0 4091
1682 0 0 0 4132 4132
1683 0 0 0 4065 4065
1684 0 4039 0 0 4039
1685 0 0 0 3974 3974
1686 0 0 0 3961 3961
1687 0 0 0 4053 4053
1688 2 0 4013 1 4016
1689 0 0 3939 0 3939
1690 1 0 3914 0 3915
1691 3937 0 0 0 3937
1692 0 0 3914 1 3915
1693 0 0 3902 0 3902
1694 0 0 3890 0 3890
1695 3850 0 0 1 3851
1696 0 3734 0 0 3734
1697 3759 0 1 0 3760
1698 0 3657 1 1 3659
1699 3685 0 27 0 3712
1700 1 0 3490 0 3491
1701 0 3454 0 0 3454
1702 3456 0 0 0 3456
1703 0 0 3413 0 3413
1704 3354 0 1 0 3355
1705 0 0 3330 0 3330
1706 0 0 3290 0 3290
1707 3288 0 0 0 3288
1708 0 0 0 3260 3260
1709 7 1 0 3209 3217
1710 3206 0 0 0 3206
1711 0 0 0 3121 3121
1712 0 0 3112 0 3112
1713 3064 0 0 0 3064
1714 0 0 0 3060 3060
1715 2 0 3022 0 3024
1716 2854 0 0 0 2854
1717 0 2973 0 0 2973
1718 0 3032 0 0 3032
1719 0 0 1 2995 2996
1720 0 2955 0 1 2956
1721 0 0 2958 0 2958
1722 2935 0 0 1 2936
1723 0 0 0 2920 2920
1724 0 0 0 2962 2962
1725 2928 0 0 0 2928
1726 0 1 1 2906 2908
1727 0 0 0 2946 2946
1728 2944 0 0 0 2944
1729 2893 0 0 0 2893
1730 2873 0 0 0 2873
1731 1 0 0 2840 2841
1732 0 2775 0 0 2775
1733 2773 0 0 0 2773
1734 2739 0 0 0 2739
1735 0 2757 0 0 2757
1736 2770 0 0 0 2770
1737 2632 0 0 0 2632
1738 2600 0 0 0 2600
1739 2621 0 0 0 2621
1740 0 0 0 2566 2566
1741 2624 0 0 0 2624
1742 0 0 2585 0 2585
1743 2582 1 0 1 2584
1744 0 2574 0 0 2574
1745 2460 1 1 1 2463
1746 0 2584 0 0 2584
1747 0 0 0 2552 2552
1748 2629 0 0 0 2629
1749 0 0 0 2595 2595
1750 0 0 2606 0 2606
1751 2566 0 0 0 2566
1752 0 2626 0 0 2626
1753 0 2 0 2516 2518
1754 1 0 2575 0 2576
1755 0 0 0 2554 2554
1756 0 0 2557 0 2557
1757 2617 0 0 0 2617
1758 0 0 0 2566 2566
1759 0 0 0 2585 2585
1760 0 0 2606 0 2606
1761 1 0 0 2560 2561
1762 1 0 0 2554 2555
1763 0 0 0 2566 2566
1764 0 2521 0 46 2567
1765 2501 0 0 0 2501
1766 2439 0 0 0 2439
1767 0 0 0 2451 2451
1768 2432 0 0 0 2432
1769 0 2405 0 0 2405
1770 0 0 2432 0 2432
1771 0 0 1 2370 2371
1772 0 0 1 2353 2354
1773 0 0 0 2390 2390
1774 0 0 2381 1 2382
1775 0 0 2333 0 2333
1776 2327 0 0 0 2327
1777 2333 0 0 0 2333
1778 0 0 1 2327 2328
1779 2 0 2325 0 2327
1780 1 0 0 2236 2237
1781 0 0 2278 0 2278
1782 0 0 2257 1 2258
1783 0 0 2290 0 2290
1784 0 0 0 2112 2112
1785 0 0 2249 0 2249
1786 0 1 0 2154 2155
1787 0 0 0 2225 2225
1788 0 0 0 2262 2262
1789 2277 0 0 0 2277
1790 0 0 1 2080 2081
1791 0 0 0 2093 2093
1792 0 2077 0 0 2077
1793 0 0 0 2027 2027
1794 0 2018 0 0 2018
1795 1802 0 0 0 1802
1796 0 0 0 1670 1670
1797 0 0 0 1555 1555
1798 1552 0 0 0 1552
1799 1550 0 0 0 1550
1800 1521 0 0 0 1521
1801 1510 0 0 1 1511
1802 27 0 0 1096 1123
1803 707 0 0 0 707
1804 700 0 0 0 700
1805 689 0 0 0 689
1806 0 0 0 662 662
1807 549 0 0 0 549
1808 0 0 0 430 430
1809 440 0 0 0 440
1810 441 0 0 0 441
1811 441 0 0 0 441
1812 388 0 0 0 388
1813 379 0 0 0 379
1814 258 0 0 0 258
1815 0 0 0 260 260
1816 0 0 0 0 0
