0 0 0 0 0 0
1 227 0 0 0 227
2 0 0 0 256 256
3 0 5 0 282 287
4 0 0 0 295 295
5 0 0 0 307 307
6 0 346 0 0 346
7 7 0 0 388 395
8 0 0 0 622 622
9 0 0 901 0 901
10 0 0 0 1008 1008
11 0 0 1058 0 1058
12 1062 0 0 3 1065
13 1084 0 0 0 1084
14 0 1122 0 0 1122
15 0 0 0 1136 1136
16 0 0 0 1151 1151
17 0 1181 0 0 1181
18 1203 0 0 0 1203
19 1194 0 1 0 1195
20 0 0 1185 0 1185
21 0 1199 0 0 1199
22 1185 0 1 0 1186
23 0 1216 0 0 1216
24 0 1226 0 0 1226
25 1199 4 0 15 1218
26 1 0 1237 2 1240
27 2 5 0 1217 1224
28 1222 1 0 2 1225
29 1650 0 0 0 1650
30 1712 0 0 0 1712
31 1721 0 3 0 1724
32 0 0 1749 0 1749
33 1709 0 3 0 1712
34 1747 0 0 0 1747
35 0 1833 1 0 1834
36 0 0 0 2079 2079
37 0 0 2114 0 2114
38 2119 0 0 0 2119
39 2152 0 0 0 2152
40 2133 0 6 0 2139
41 2161 1 0 0 2162
42 0 0 0 2153 2153
43 1 2195 0 0 2196
44 2216 0 1 0 2217
45 2203 0 1 0 2204
46 2193 0 1 0 2194
47 2202 0 0 0 2202
48 0 0 0 2189 2189
49 0 2 2217 0 2219
50 0 1 0 2192 2193
51 1 2303 0 1 2305
52 11 2311 0 13 2335
53 2312 2 49 0 2363
54 2356 0 1 0 2357
55 0 2423 0 0 2423
56 2427 0 1 18 2446
57 0 4 9 3126 3139
58 1 0 3163 0 3164
59 0 0 3182 0 3182
60 3178 0 0 0 3178
61 0 92 0 3171 3263
62 3363 4 0 9 3376
63 5 7 1 3548 3561
64 1 3828 3 9 3841
65 0 13 4050 0 4063
66 4026 4 72 10 4112
67 0 4177 0 33 4210
68 5 0 4328 8 4341
69 1 0 4431 0 4432
70 0 0 0 4409 4409
71 4582 3 7 0 4592
72 0 0 0 5131 5131
73 94 0 5133 0 5227
74 5238 1 1 0 5240
75 5267 7 0 0 5274
76 0 5364 0 3 5367
77 5339 0 2 4 5345
78 0 5594 0 0 5594
79 0 3 0 5656 5659
80 0 1 5924 5 5930
81 0 0 8048 1 8049
82 117 0 7989 0 8106
83 8245 0 1 1 8247
84 0 8453 0 18 8471
85 8581 0 11 0 8592
86 8506 0 1 21 8528
87 1 18 0 8652 8671
88 0 6 0 8748 8754
89 3 0 8726 2 8731
90 8796 0 2 0 8798
91 4 8955 0 1 8960
92 9122 0 0 0 9122
93 9071 4 0 0 9075
94 9011 1 0 0 9012
95 8933 92 1 0 9026
96 6 9032 0 0 9038
97 8889 0 2 2 8893
98 0 9121 0 12 9133
99 0 9165 0 0 9165
100 94 0 9200 2 9296
101 9 0 9276 0 9285
102 9182 1 8 0 9191
103 9344 1 0 0 9345
104 0 0 9405 0 9405
105 9354 0 0 0 9354
106 9531 0 1 1 9533
107 9548 0 0 1 9549
108 0 6 0 9568 9574
109 9592 1 2 0 9595
110 9498 1 0 2 9501
111 4 9649 0 0 9653
112 0 90 0 9473 9563
113 0 16 0 9647 9663
114 6 9729 0 0 9735
115 0 21 0 9686 9707
116 0 0 9718 0 9718
117 0 0 9579 0 9579
118 9651 0 6 1 9658
119 9710 0 33 2 9745
120 3 9751 0 0 9754
121 0 9761 1 3 9765
122 9753 0 1 1 9755
123 3 0 9750 0 9753
124 0 1 0 9559 9560
125 16 0 9708 5 9729
126 1 1 9617 6 9625
127 84 0 9565 3 9652
128 9697 0 14 1 9712
129 2 9851 3 3 9859
130 9866 0 3 10 9879
131 9904 0 1 1 9906
132 0 9908 0 1 9909
133 2 9932 0 4 9938
134 9965 0 5 7 9977
135 5 0 9883 0 9888
136 9899 0 1 1 9901
137 7 9863 0 40 9910
138 0 9977 0 1 9978
139 10056 11 2 0 10069
140 9957 0 3 0 9960
141 1 1 0 9934 9936
142 3 10029 0 5 10037
143 9985 0 0 0 9985
144 0 1 1 9994 9996
145 1 127 0 9903 10031
146 10072 0 3 1 10076
147 1 0 9962 0 9963
148 9975 0 1 0 9976
149 1 10087 0 0 10088
150 0 10111 1 0 10112
151 10170 0 2 0 10172
152 1 0 10045 0 10046
153 0 10104 0 2 10106
154 10216 0 0 1 10217
155 10061 0 8 0 10069
156 0 10224 0 1 10225
157 0 10161 1 3 10165
158 1 10176 0 1 10178
159 0 2 0 10038 10040
160 0 0 0 9984 9984
161 2 3254 6745 1 10002
162 1 10077 0 3 10081
163 0 9973 0 132 10105
164 1 10106 0 0 10107
165 0 10134 0 1 10135
166 10006 3 11 2 10022
167 3 10167 2 1 10173
168 1 10200 0 3 10204
169 10255 1 1 0 10257
170 10161 0 4 6 10171
171 6 0 10094 0 10100
172 0 10282 0 2 10284
173 10319 0 6 0 10325
174 10225 1 6 0 10232
175 0 10291 0 5 10296
176 10368 0 0 0 10368
177 10248 0 2 0 10250
178 10189 0 4 0 10193
179 1 10296 0 1 10298
180 27 0 10037 0 10064
181 10081 0 2 0 10083
182 9886 0 3 0 9889
183 0 10026 0 1 10027
184 2 10019 0 2 10023
185 1 10046 0 18 10065
186 3 0 9996 0 9999
187 0 125 0 9606 9731
188 9939 1 8 0 9948
189 9947 0 8 0 9955
190 15 9969 1 2 9987
191 0 9943 0 1 9944
192 2 9969 0 3 9974
193 9890 0 0 0 9890
194 0 1 0 9591 9592
195 0 9840 0 0 9840
196 0 9822 0 5 9827
197 1 9846 0 7 9854
198 163 9768 0 9 9940
199 177 4 9735 0 9916
200 1 1 9758 0 9760
201 9675 1 14 5 9695
202 9802 0 1 0 9803
203 9861 0 0 3 9864
204 0 0 9790 0 9790
205 9764 0 2 0 9766
206 3 0 9809 0 9812
207 0 10082 0 1 10083
208 10123 0 5 1 10129
209 10122 3 2 1 10128
210 3 10085 0 1 10089
211 1 10051 0 0 10052
212 10002 0 3 0 10005
213 51 9966 0 104 10121
214 10190 0 5 0 10195
215 10053 0 4 4 10061
216 0 0 9954 1 9955
217 1 9975 0 1 9977
218 9942 1 3 0 9946
219 52 1 10002 1 10056
220 0 5 0 8936 8941
221 7 0 9654 1 9662
222 9756 0 6 0 9762
223 9917 1 8 0 9926
224 42 0 9925 0 9967
225 9928 0 0 1 9929
226 0 19 0 9901 9920
227 10 0 9897 0 9907
228 9837 1 12 0 9850
229 1 0 0 9902 9903
230 3 0 9968 18 9989
231 0 14 0 9507 9521
232 0 9929 0 4 9933
233 10 0 9990 5 10005
234 1 0 9838 0 9839
235 9842 0 14 1 9857
236 9914 0 0 0 9914
237 1 0 10058 0 10059
238 16 0 9959 0 9975
239 9966 0 3 0 9969
240 10059 0 0 0 10059
241 10027 0 1 0 10028
242 98 0 9757 0 9855
243 24 9803 1 12 9840
244 1 9881 0 0 9882
245 2 9962 0 1 9965
246 10020 2 2 0 10024
247 10030 0 1 0 10031
248 9962 0 0 0 9962
249 9662 2 153 2 9819
250 0 0 9825 2 9827
251 9766 0 1 0 9767
252 9821 0 1 0 9822
253 17 1 9624 0 9642
254 1 9653 0 2 9656
255 9720 2 0 0 9722
256 5 0 9433 0 9438
257 9437 0 0 1 9438
258 8 9407 0 6 9421
259 2 9327 0 10 9339
260 0 9330 0 0 9330
261 5 9392 0 0 9397
262 0 0 9200 0 9200
263 9079 0 3 3 9085
264 14 9107 0 0 9121
265 9063 1 2 0 9066
266 0 0 9059 0 9059
267 8854 0 0 6 8860
268 110 0 8801 0 8911
269 8875 0 1 0 8876
270 0 0 0 8884 8884
271 8924 0 0 0 8924
272 8866 0 0 1 8867
273 8838 1 0 0 8839
274 32 0 8718 1 8751
275 8634 0 1 0 8635
276 8665 0 0 1 8666
277 20 0 8579 0 8599
278 8608 4 6 6 8624
279 0 0 8524 0 8524
280 3 8387 0 31 8421
281 11 0 8421 1 8433
282 0 1 0 8279 8280
283 0 8420 0 3 8423
284 0 3 0 8381 8384
285 8430 0 1 2 8433
286 0 8474 0 2 8476
287 8565 0 5 0 8570
288 8479 0 0 2 8481
289 5 8423 0 0 8428
290 8443 0 1 1 8445
291 0 1 0 8344 8345
292 0 0 8422 0 8422
293 0 0 8349 0 8349
294 0 7 1 7043 7051
295 1 0 7946 5 7952
296 0 0 8487 1 8488
297 0 3 0 7514 7517
298 4 0 8303 4 8311
299 8542 0 2 0 8544
300 8641 2 1 0 8644
301 8527 1 56 0 8584
302 0 8552 0 0 8552
303 2 1 1 8420 8424
304 7 0 8449 1 8457
305 1 0 8737 0 8738
306 2 0 8710 0 8712
307 2 8589 1 10 8602
308 2 0 8630 2 8634
309 8558 1 21 1 8581
310 8586 0 1 0 8587
311 1 0 0 8609 8610
312 7 0 0 8712 8719
313 0 8643 0 1 8644
314 0 1 2 8616 8619
315 8604 5 2 1 8612
316 1 8611 0 12 8624
317 8593 0 0 2 8595
318 8484 0 1 0 8485
319 0 8416 0 0 8416
320 0 8372 0 0 8372
321 8436 0 1 0 8437
322 0 0 8344 0 8344
323 8268 0 0 1 8269
324 0 4 0 8278 8282
325 0 0 8297 0 8297
326 8204 0 0 0 8204
327 3 2 1 8234 8240
328 1 0 8290 0 8291
329 1 0 8236 0 8237
330 2 12 0 7988 8002
331 3 62 1 8011 8077
332 8154 0 0 3 8157
333 8028 0 0 0 8028
334 7990 0 1 0 7991
335 1 0 7989 0 7990
336 0 7961 0 1 7962
337 0 1 0 7933 7934
338 3 0 7999 0 8002
339 4 0 7916 0 7920
340 7779 0 35 0 7814
341 2 7810 0 3 7815
342 0 4 0 7716 7720
343 1 7807 0 3 7811
344 7938 0 0 0 7938
345 7927 2 0 0 7929
346 0 2 1 7850 7853
347 7 0 7857 0 7864
348 7821 0 1 2 7824
349 2 1 2 7705 7710
350 2 0 7724 0 7726
351 7656 0 1 1 7658
352 3 7632 0 0 7635
353 7672 0 2 0 7674
354 0 2 0 7640 7642
355 0 0 7666 0 7666
356 1 0 7615 0 7616
357 7513 3 0 0 7516
358 23 0 7665 0 7688
359 7632 0 0 0 7632
360 0 0 7674 0 7674
361 7635 0 1 0 7636
362 7628 0 0 0 7628
363 7720 0 1 0 7721
364 10 0 0 7590 7600
365 1 7676 1 1 7679
366 0 4 1 7677 7682
367 7716 0 0 0 7716
368 7645 1 0 0 7646
369 2 0 0 7470 7472
370 0 7527 0 0 7527
371 4 7627 0 2 7633
372 7742 0 2 0 7744
373 7696 0 2 0 7698
374 7662 0 0 0 7662
375 7626 1 0 0 7627
376 0 6 0 7389 7395
377 3 0 7396 1 7400
378 0 7328 0 11 7339
379 25 0 7432 0 7457
380 10 7292 0 2 7304
381 7339 6 1 1 7347
382 0 5 0 7274 7279
383 0 0 7384 0 7384
384 0 7234 0 6 7240
385 130 7226 2 7 7365
386 1 0 7374 0 7375
387 0 1 3 7104 7108
388 15 1 7186 5 7207
389 1 0 7250 0 7251
390 7259 0 3 1 7263
391 7378 0 0 0 7378
392 7395 0 3 0 7398
393 0 0 7342 0 7342
394 7296 0 2 0 7298
395 7425 0 0 1 7426
396 0 0 0 7357 7357
397 0 2 1 7358 7361
398 0 24 1 7453 7478
399 0 4 0 7467 7471
400 7556 4 2 2 7564
401 0 1 1 7444 7446
402 0 0 1 7477 7478
403 2 0 7470 0 7472
404 2 0 7324 2 7328
405 4 7308 0 0 7312
406 0 1 0 7337 7338
407 4 0 7329 0 7333
408 0 7150 0 2 7152
409 1 7216 0 0 7217
410 7241 0 1 0 7242
411 5 7272 0 1 7278
412 0 2 0 7317 7319
413 4 0 7359 0 7363
414 7273 4 0 2 7279
415 1 2 0 7314 7317
416 7 0 7297 0 7304
417 7305 0 1 2 7308
418 2 7244 0 1 7247
419 7364 0 5 0 7369
420 7531 0 0 2 7533
421 1 0 7449 10 7460
422 7470 2 0 0 7472
423 7545 0 1 1 7547
424 7543 0 1 0 7544
425 7443 15 1 0 7459
426 0 7611 0 0 7611
427 1 7558 0 36 7595
428 9 0 7548 0 7557
429 7360 0 2 0 7362
430 0 2 7486 0 7488
431 0 3 0 7231 7234
432 3 2 0 7157 7162
433 0 7232 0 15 7247
434 1 7350 0 0 7351
435 7428 0 2 0 7430
436 1 0 7385 0 7386
437 7306 0 2 0 7308
438 7349 1 2 0 7352
439 0 0 7311 9 7320
440 7293 2 1 0 7296
441 7353 2 0 3 7358
442 7203 1 210 0 7414
443 7450 1 4 0 7455
444 7484 0 0 0 7484
445 0 0 7332 6 7338
446 7373 0 0 0 7373
447 7318 0 1 1 7320
448 0 1 0 7253 7254
449 2 0 7244 2 7248
450 1 7164 0 28 7193
451 0 7364 0 0 7364
452 7397 1 15 0 7413
453 0 0 7492 4 7496
454 7273 0 51 6 7330
455 2 0 7455 1 7458
456 7387 0 2 0 7389
457 1 0 0 7358 7359
458 1 0 7493 1 7495
459 0 3 0 7296 7299
460 3 7275 0 94 7372
461 7676 0 1 0 7677
462 7697 1 1 0 7699
463 7705 0 9 0 7714
464 2 0 7676 0 7678
465 7515 0 1 1 7517
466 7591 2 1 0 7594
467 0 0 7692 7 7699
468 0 0 7711 1 7712
469 2 0 7770 1 7773
470 7702 0 0 0 7702
471 7770 0 0 0 7770
472 3 0 7952 0 7955
473 2 0 8046 0 8048
474 8157 0 1 1 8159
475 8166 0 20 2 8188
476 3 0 8311 1 8315
477 8335 0 1 0 8336
478 8395 1 3 0 8399
479 8520 0 1 0 8521
480 4 1 2 8473 8480
481 8562 7 0 0 8569
482 1 0 8468 1 8470
483 8588 1 0 1 8590
484 0 83 0 8428 8511
485 11 8577 0 0 8588
486 8655 1 4 14 8674
487 3 8679 0 1 8683
488 8885 1 0 0 8886
489 8873 0 5 0 8878
490 2 8954 0 12 8968
491 9201 0 1 1 9203
492 9161 0 1 0 9162
493 9180 0 1 0 9181
494 9267 5 0 0 9272
495 3 9500 0 0 9503
496 9509 3 5 5 9522
497 0 0 9576 1 9577
498 0 0 9462 2 9464
499 9432 7 14 3 9456
500 0 0 9642 0 9642
501 0 0 9707 0 9707
502 62 9694 0 27 9783
503 9744 0 0 0 9744
504 0 9877 0 4 9881
505 0 10304 0 1 10305
506 1 1 2 10341 10345
507 0 1 0 10386 10387
508 0 1 0 10442 10443
509 0 1 1 10454 10456
510 10463 1 0 0 10464
511 1 10491 0 17 10509
512 10599 0 0 0 10599
513 10517 1 1 2 10521
514 0 0 10504 0 10504
515 10290 0 3 0 10293
516 0 0 1 10419 10420
517 3 0 10465 4 10472
518 13 0 10460 0 10473
519 0 1 0 10203 10204
520 10610 0 1 0 10611
521 10591 0 0 0 10591
522 26 0 10601 20 10647
523 10547 0 67 0 10614
524 0 0 10684 2 10686
525 10667 0 2 0 10669
526 1 1 2 10666 10670
527 4 0 10759 2 10765
528 10791 0 1 0 10792
529 2 1 1 10821 10825
530 10945 0 0 0 10945
531 10955 0 0 0 10955
532 10863 0 1 0 10864
533 10834 0 11 1 10846
534 0 10851 0 23 10874
535 7 10678 0 15 10700
536 10862 6 2 0 10870
537 0 0 0 10808 10808
538 0 10952 0 1 10953
539 1 0 0 10902 10903
540 10949 10 0 2 10961
541 0 25 0 10981 11006
542 0 5 0 10933 10938
543 0 0 0 10962 10962
544 1 10941 1 4 10947
545 10948 11 2 7 10968
546 8 0 10823 2 10833
547 12 10816 0 12 10840
548 7 10790 0 13 10810
549 5 10980 0 1 10986
550 0 1 0 11103 11104
551 11055 1 0 1 11057
552 0 0 0 11361 11361
553 11429 1 1 0 11431
554 11492 1 2 0 11495
555 6 0 11362 0 11368
556 11404 1 0 1 11406
557 11499 2 3 0 11504
558 1 4 1 11432 11438
559 0 5 1 11536 11542
560 11297 1 11 2 11311
561 0 11548 0 2 11550
562 4 11548 0 22 11574
563 1 3 0 11560 11564
564 2 0 0 11692 11694
565 0 0 0 11780 11780
566 0 4 0 11866 11870
567 0 5 0 12028 12033
568 11994 1 2 1 11998
569 11969 0 1 0 11970
570 12032 1 4 0 12037
571 11988 0 1 0 11989
572 4 0 12147 1 12152
573 12000 0 8 3 12011
574 12200 0 1 2 12203
575 0 0 12218 1 12219
576 12180 0 1 1 12182
577 6 0 12248 1 12255
578 0 0 12312 1 12313
579 4 2 0 11806 11812
580 96 0 12116 2 12214
581 12429 0 0 1 12430
582 12608 0 1 0 12609
583 12677 2 15 0 12694
584 12620 0 1 0 12621
585 0 12630 0 1 12631
586 12695 0 2 0 12697
587 12653 0 0 0 12653
588 0 0 0 12722 12722
589 5 0 12759 1 12765
590 1 1 2 12593 12597
591 12779 0 0 0 12779
592 10 12816 0 24 12850
593 13022 1 1 0 13024
594 13024 0 2 0 13026
595 12993 1 1 0 12995
596 12890 1 0 2 12893
597 2 13003 0 0 13005
598 6 12938 0 2 12946
599 12788 0 0 0 12788
600 0 13083 0 1 13084
601 56 12926 0 93 13075
602 13072 10 11 0 13093
603 0 13 0 13232 13245
604 8 0 13270 1 13279
605 1 0 13125 1 13127
606 0 2 13068 3 13073
607 5 0 13013 1 13019
608 12971 1 2 0 12974
609 6 0 13144 2 13152
610 0 0 1 12961 12962
611 20 0 13163 1 13184
612 13113 0 1 9 13123
613 0 4 0 13223 13227
614 2 0 13267 1 13270
615 1 0 13137 2 13140
616 1 13327 0 80 13408
617 0 2 2 13469 13473
618 2 2 1 13586 13591
619 1 13565 1 1 13568
620 13687 2 6 10 13705
621 9 0 13707 1 13717
622 0 7 0 13269 13276
623 7 0 13667 1 13675
624 3 0 13748 0 13751
625 13919 0 6 0 13925
626 2 116 1 14017 14136
627 1 2 0 14340 14343
628 14399 0 1 3 14403
629 14412 0 1 0 14413
630 14412 0 4 0 14416
631 8 0 1 14465 14474
632 2 14471 0 10 14483
633 14491 0 5 2 14498
634 27 14571 0 4 14602
635 14661 0 1 0 14662
636 1 3 1 14983 14988
637 15004 0 2 0 15006
638 14942 1 2 0 14945
639 0 1 5 15033 15039
640 1 0 15044 4 15049
641 14947 0 0 0 14947
642 0 0 2 15137 15139
643 3 19 5 15604 15631
644 7 0 15512 4 15523
645 3 5 15598 3 15609
646 7 0 15642 9 15658
647 0 15823 0 6 15829
648 16077 0 13 2 16092
649 0 5 0 16071 16076
650 0 0 0 16120 16120
651 0 16189 0 26 16215
652 16244 0 3 10 16257
653 1 16316 2 3 16322
654 16438 4 0 2 16444
655 15 0 16530 0 16545
656 16323 0 0 0 16323
657 0 8 0 16637 16645
658 40 1 16694 3 16738
659 16613 1 0 1 16615
660 16735 1 4 0 16740
661 1 1 2 16953 16957
662 3 0 16915 1 16919
663 16829 3 6 0 16838
664 0 49 0 17030 17079
665 0 0 17171 0 17171
666 9 1 0 17297 17307
667 1 17269 2 123 17395
668 2 11 0 17540 17553
669 0 2 17614 1 17617
670 1 9 3 17468 17481
671 2 5 1 17511 17519
672 0 2 0 17462 17464
673 0 17455 1 27 17483
674 4 18150 0 1 18155
675 18637 1 5 0 18643
676 18578 1 4 0 18583
677 18656 1 0 0 18657
678 0 0 18309 0 18309
679 18640 0 3 0 18643
680 0 5 2 18512 18519
681 2 18706 0 0 18708
682 19024 0 2 4 19030
683 18934 1 2 0 18937
684 18906 3 0 2 18911
685 161 0 18677 4 18842
686 0 9 18536 0 18545
687 4 18702 1 9 18716
688 18767 4 4 2 18777
689 0 19028 0 7 19035
690 0 1 0 19219 19220
691 19188 1 6 0 19195
692 19105 0 4 0 19109
693 19263 12 2 0 19277
694 19349 0 4 1 19354
695 19261 1 5 0 19267
696 1 1 19221 1 19224
697 18995 0 0 0 18995
698 15 0 19484 0 19499
699 0 7 0 19144 19151
700 1 5 0 19450 19456
701 3 0 19381 2 19386
702 7 0 19103 3 19113
703 19169 0 24 4 19197
704 22 19502 0 1 19525
705 0 8 0 19394 19402
706 0 4 6 19504 19514
707 3 0 19295 0 19298
708 19188 0 7 0 19195
709 1 3 3 19214 19221
710 0 19054 0 1 19055
711 45 19006 0 2 19053
712 3 2 0 19183 19188
713 0 0 2 19265 19267
714 4 19213 0 1 19218
715 19197 1 1 1 19200
716 0 2 0 19227 19229
717 2 0 0 19292 19294
718 19209 4 1 11 19225
719 19055 0 0 1 19056
720 1 0 1 19066 19068
721 9 19131 0 47 19187
722 19224 1 9 7 19241
723 5 0 19003 1 19009
724 2 5 1 18790 18798
725 18232 0 2 1 18235
726 3 18903 0 1 18907
727 3 19011 1 1 19016
728 1 3 2 18834 18840
729 0 1 0 18883 18884
730 1 3 0 18851 18855
731 6 7 18665 2 18680
732 13 18681 0 13 18707
733 683 0 18103 3 18789
734 2 0 18640 3 18645
735 2 0 18667 1 18670
736 18772 0 31 4 18807
737 18903 0 2 7 18912
738 3 0 18867 0 18870
739 3 18649 0 3 18655
740 18838 3 9 0 18850
741 0 18920 0 5 18925
742 18933 2 4 1 18940
743 0 0 18828 1 18829
744 0 5 1 18510 18516
745 4 18522 0 0 18526
746 2 18429 0 2 18433
747 2 18519 0 9 18530
748 9 18746 0 11 18766
749 18970 1 46 10 19027
750 5 0 18936 2 18943
751 18925 0 2 0 18927
752 18952 2 1 0 18955
753 2 0 19010 1 19013
754 18840 2 10 1 18853
755 1 1 2 18757 18761
756 14 18996 6 3 19019
757 19042 1 4 11 19058
758 1 0 18992 1 18994
759 1 0 18579 1 18581
760 1 2 0 18528 18531
761 2 0 18652 0 18654
762 6 18799 0 1 18806
763 5 0 18879 8 18892
764 18621 1 10 1 18633
765 17 18916 0 0 18933
766 4 2 2 19014 19022
767 0 0 19038 0 19038
768 0 0 19043 2 19045
769 1 1 0 18266 18268
770 45 3 19048 2 19098
771 0 4 2 19476 19482
772 0 21 0 19659 19680
773 20 0 19582 1 19603
774 3 19550 6 5 19564
775 19887 0 13 0 19900
776 19717 0 1 2 19720
777 0 3 5 19634 19642
778 3 19696 1 26 19726
779 19960 0 2 1 19963
780 19817 1 1 1 19820
781 19812 0 62 10 19884
782 10 1 20130 1 20142
783 0 2 19975 1 19978
784 19721 0 5 6 19732
785 0 0 20089 1 20090
786 4 0 20965 3 20972
787 2 6 0 19963 19971
788 3 0 21365 0 21368
789 4 0 21417 0 21421
790 21302 0 14 0 21316
791 21197 1 5 0 21203
792 16 21618 0 1 21635
793 3 21812 0 2 21817
794 0 0 4 22023 22027
795 0 3 4 22041 22048
796 22035 1 12 8 22056
797 4 0 22037 1 22042
798 2 3 0 21377 21382
799 51 0 21709 0 21760
800 4 0 21965 4 21973
801 0 22167 0 7 22174
802 0 4 1 22377 22382
803 17 0 22270 0 22287
804 22404 0 2 4 22410
805 22415 0 10 0 22425
806 0 0 22390 1 22391
807 5 22238 13 2 22258
808 5 22344 1 8 22358
809 22391 1 17 0 22409
810 0 11 3 22423 22437
811 2 284 1 22161 22448
812 3 22538 0 8 22549
813 16 0 22649 1 22666
814 22013 1 1 1 22016
815 6 0 2 22436 22444
816 0 2 2 22746 22750
817 1 213 2 22619 22835
818 22593 0 1 0 22594
819 1 3 3 22618 22625
820 22602 4 4 0 22610
821 2 1 22626 0 22629
822 5 0 22422 0 22427
823 22327 7 11 0 22345
824 22513 7 0 1 22521
825 1 0 22399 0 22400
826 22312 0 9 0 22321
827 2 0 22414 0 22416
828 0 22351 0 8 22359
829 22662 0 4 2 22668
830 22600 0 0 3 22603
831 0 2 1 22580 22583
832 6 0 22674 0 22680
833 4 2 22358 4 22368
834 10 22434 0 16 22460
835 22664 1 3 0 22668
836 2 1 22634 1 22638
837 22500 0 1 0 22501
838 2 22484 0 3 22489
839 22802 1 5 5 22813
840 3 0 22689 2 22694
841 22389 11 20 0 22420
842 1 0 22615 4 22620
843 4 0 22602 1 22607
844 47 0 22413 3 22463
845 3 22466 0 12 22481
846 0 8 5 22768 22781
847 22785 0 5 2 22792
848 0 7 1 22846 22854
849 0 0 2 22895 22897
850 22775 1 2 0 22778
851 22701 1 0 4 22706
852 1 0 22817 0 22818
853 22814 1 17 6 22838
854 1 0 22737 0 22738
855 22776 0 6 2 22784
856 3 22026 4 701 22734
857 23048 0 5 4 23057
858 4 2 1 22904 22911
859 3 22984 1 2 22990
860 23202 0 0 0 23202
861 23133 0 5 1 23139
862 23039 0 3 0 23042
863 4 2 22554 6 22566
864 4 22504 0 2 22510
865 19 22754 2 1 22776
866 22914 0 6 0 22920
867 22831 0 3 2 22836
868 3 0 22489 3 22495
869 22374 0 1 1 22376
870 0 22618 1 1 22620
871 0 0 3 22528 22531
872 2 0 22376 1 22379
873 2 22228 0 3 22233
874 0 22517 0 0 22517
875 3 1 2 22479 22485
876 22405 2 8 0 22415
877 2 1 3 22501 22507
878 10 0 22406 1 22417
879 22337 2 2 12 22353
880 22488 2 2 1 22493
881 22394 3 2 1 22400
882 22332 0 4 1 22337
883 4 0 21915 1 21920
884 21743 0 1 4 21748
885 0 1 2 21626 21629
886 2 41 0 21760 21803
887 3 21820 0 5 21828
888 2 6 0 21793 21801
889 0 1 0 21783 21784
890 1 21641 0 1 21643
891 5 3 0 21538 21546
892 2 0 21303 3 21308
893 21354 0 2 0 21356
894 21493 0 0 0 21493
895 13 3 1 21303 21320
896 3 21189 0 0 21192
897 0 0 1 21296 21297
898 21300 0 3 0 21303
899 21244 0 1 1 21246
900 21218 0 0 0 21218
901 2 0 20508 10 20520
902 20464 0 1 0 20465
903 20499 2 8 1 20510
904 10 20554 1 2 20567
905 20653 2 4 7 20666
906 20593 0 1 1 20595
907 20453 1 2 5 20461
908 9 2 1 20006 20018
909 2 23 19753 1 19779
910 12 19835 0 9 19856
911 1 1 1 19670 19673
912 8 19985 0 2 19995
913 21 3 0 19854 19878
914 1 0 19670 24 19695
915 3 19654 5 7 19669
916 9 3 19368 6 19386
917 6 19323 2 10 19341
918 8 19412 3 2 19425
919 24 19411 0 37 19472
920 0 19587 9 44 19640
921 19760 0 6 12 19778
922 19597 0 126 3 19726
923 13 19847 0 1 19861
924 20029 0 1 0 20030
925 20043 0 2 0 20045
926 19907 1 0 4 19912
927 19817 12 26 13 19868
928 349 6 19178 1 19534
929 0 0 19352 2 19354
930 9 19897 0 5 19911
931 0 6 0 19932 19938
932 3 20052 2 47 20104
933 1 1 7 20302 20311
934 20298 5 44 15 20362
935 6 0 20284 1 20291
936 3 1 0 20082 20086
937 2 3 0 20409 20414
938 5 0 20410 2 20417
939 20473 0 14 2 20489
940 0 1 0 20288 20289
941 12 20468 0 2 20482
942 20752 1 1 11 20765
943 20547 1 0 0 20548
944 4 0 20669 0 20673
945 12 11 0 19711 19734
946 100 0 20255 32 20387
947 20836 0 2 0 20838
948 2 4 1 21004 21011
949 103 21325 6 108 21542
950 2 1 21749 9 21761
951 4 3 21775 9 21791
952 21645 1 14 0 21660
953 21861 2 0 4 21867
954 2 0 21607 1 21610
955 6 22491 0 3 22500
956 22805 0 14 3 22822
957 0 0 22568 0 22568
958 22424 1 91 0 22516
959 22671 1 4 5 22681
960 22589 0 2 1 22592
961 3 4 0 22361 22368
962 3 22507 1 6 22517
963 3 22626 0 4 22633
964 22624 1 16 2 22643
965 1 0 22476 1 22478
966 3 0 22144 0 22147
967 1 0 22099 0 22100
968 22135 0 2 0 22137
969 3 3 7 22067 22080
970 0 1 0 22428 22429
971 40 10 22303 8 22361
972 8 23122 0 143 23273
973 23432 2 4 2 23440
974 1 0 23461 1 23463
975 23038 1 5 3 23047
976 0 23309 0 0 23309
977 23397 4 3 0 23404
978 0 3 0 23462 23465
979 1 7 0 23721 23729
980 3 0 23539 1 23543
981 23417 4 0 0 23421
982 23460 1 0 3 23464
983 0 0 23296 0 23296
984 23021 0 1 2 23024
985 1 4 0 22986 22991
986 1 23121 1 2 23125
987 2 1 0 23089 23092
988 23071 9 1 0 23081
989 22564 0 7 2 22573
990 3 22674 0 3 22680
991 3 22568 2 52 22625
992 3 22790 0 1 22794
993 4 2 3 22674 22683
994 9 0 22686 18 22713
995 10 22778 13 3 22804
996 6 2 0 22867 22875
997 1 2 3 22869 22875
998 2 0 22651 0 22653
999 9 22558 2 26 22595
1000 1 2 2 22531 22536
1001 2 22680 0 8 22690
1002 0 1 22774 3 22778
1003 0 2 29 22049 22080
1004 22354 2 2 0 22358
1005 0 3 22510 14 22527
1006 0 1 1 21998 22000
1007 22483 0 5 0 22488
1008 1 3 3 22643 22650
1009 4 0 22568 5 22577
1010 8 0 22584 0 22592
1011 3 2 12 21981 21998
1012 11 22462 2 14 22489
1013 207 0 22569 0 22776
1014 2 2 0 22340 22344
1015 0 0 4 22992 22996
1016 69 0 22974 2 23045
1017 0 13 1 22924 22938
1018 0 4 8 23223 23235
1019 23231 13 1 5 23250
1020 5 11 22977 2 22995
1021 20 1 22744 2 22767
1022 1 22784 6 6 22797
1023 2 22867 0 23 22892
1024 27 23116 3 0 23146
1025 0 0 2 23116 23118
1026 1 23449 0 2 23452
1027 3 2 0 23400 23405
1028 12 6 23468 0 23486
1029 0 5 1 23188 23194
1030 72 1 23201 2 23276
1031 3 0 23050 3 23056
1032 8 23468 9 7 23492
1033 23278 2 155 2 23437
1034 23373 2 1 8 23384
1035 0 1 23846 0 23847
1036 0 23674 1 18 23693
1037 24008 1 1 0 24010
1038 23995 0 2 0 23997
1039 23797 1 8 2 23808
1040 2 0 23993 2 23997
1041 2 6 2 22937 22947
1042 2 1 23594 0 23597
1043 10 1 23665 5 23681
1044 1 71 0 23198 23270
1045 14 0 23500 5 23519
1046 2 23659 0 0 23661
1047 2 3 0 23850 23855
1048 3 49 0 23743 23795
1049 2 23701 21 4 23728
1050 1 23740 0 8 23749
1051 1 23686 0 5 23692
1052 23702 0 3 1 23706
1053 2 0 1 23660 23663
1054 23668 0 1 1 23670
1055 23525 5 2 1 23533
1056 4 0 23399 9 23412
1057 1 23474 0 2 23477
1058 23748 2 4 0 23754
1059 0 77 0 23773 23850
1060 0 88 1 23780 23869
1061 0 5 0 23715 23720
1062 23489 1 3 1 23494
1063 1 23268 0 387 23656
1064 7 1 23547 2 23557
1065 4 23323 0 3 23330
1066 1 23651 0 6 23658
1067 23819 0 17 2 23838
1068 23730 0 3 0 23733
1069 23843 1 0 1 23845
1070 23693 0 0 0 23693
1071 0 8 0 23679 23687
1072 22706 8 3 1 22718
1073 2 23840 0 0 23842
1074 2 23892 0 11 23905
1075 2 23 3 23315 23343
1076 2 23893 0 2 23897
1077 23861 1 9 31 23902
1078 23514 1 2 2 23519
1079 17 23772 0 0 23789
1080 2 4 0 23625 23631
1081 23726 3 4 2 23735
1082 3 0 23742 0 23745
1083 1 0 23495 6 23502
1084 0 0 23667 1 23668
1085 0 2 0 22529 22531
1086 1 7 1 23312 23321
1087 3 23343 0 10 23356
1088 23498 0 1 1 23500
1089 23330 0 0 2 23332
1090 11 3 2 23719 23735
1091 21 4 23645 0 23670
1092 0 4 2 23513 23519
1093 0 11 63 23624 23698
1094 6 0 23423 14 23443
1095 23318 1 2 0 23321
1096 23401 1 35 0 23437
1097 1 0 23486 1 23488
1098 23386 2 15 0 23403
1099 3 0 23473 0 23476
1100 1 4 0 22812 22817
1101 22998 0 0 0 22998
1102 0 23156 0 1 23157
1103 0 0 0 22994 22994
1104 8 23138 1 14 23161
1105 0 348 0 22842 23190
1106 23022 1 1 1 23025
1107 1 1 0 23079 23081
1108 2 0 23015 2 23019
1109 5 4 22899 0 22908
1110 0 6 4 22675 22685
1111 0 301 3 22731 23035
1112 3 0 22852 2 22857
1113 1 0 22498 2 22501
1114 650 0 21913 0 22563
1115 2 14 0 21811 21827
1116 22651 0 1 0 22652
1117 0 22891 0 2 22893
1118 5 1 22852 2 22860
1119 22758 0 17 1 22776
1120 22683 2 103 0 22788
1121 0 1 22763 0 22764
1122 1 22527 1 0 22529
1123 0 22889 0 20 22909
1124 23095 1 3 13 23112
1125 4 2 4 23235 23245
1126 3 0 23237 1 23241
1127 9 0 23071 0 23080
1128 5 23049 0 16 23070
1129 0 161 2 22688 22851
1130 1 23195 0 2 23198
1131 1 4 0 23461 23466
1132 0 10 0 23623 23633
1133 1 2 0 23691 23694
1134 23557 1 3 1 23562
1135 1 23486 0 0 23487
1136 23571 2 0 0 23573
1137 23405 1 2 1 23409
1138 2 62 0 23344 23408
1139 23494 4 1 4 23503
1140 1 0 0 23254 23255
1141 4 0 23121 3 23128
1142 5 0 23145 1 23151
1143 7 23314 0 5 23326
1144 23377 0 9 2 23388
1145 23275 0 1 0 23276
1146 1 23103 0 1 23105
1147 22640 0 0 3 22643
1148 3 23147 0 0 23150
1149 2 23318 0 2 23322
1150 2 48 0 23260 23310
1151 0 0 23304 2 23306
1152 1 2 2 23180 23185
1153 0 0 0 23165 23165
1154 2 0 0 23116 23118
1155 0 22992 0 15 23007
1156 6 23047 0 4 23057
1157 22942 0 2 0 22944
1158 1 0 0 23033 23034
1159 22777 0 24 16 22817
1160 0 0 0 22749 22749
1161 0 5 0 22823 22828
1162 22793 11 4 0 22808
1163 22482 0 1 0 22483
1164 1 0 22675 4 22680
1165 21967 0 1 1 21969
1166 22112 1 5 1 22119
1167 0 1 1 22415 22417
1168 15 1 22526 22 22564
1169 0 0 22451 5 22456
1170 216 0 22105 0 22321
1171 234 0 22190 69 22493
1172 2 0 22559 6 22567
1173 22206 6 11 1 22224
1174 4 4 0 22509 22517
1175 0 1 22628 1 22630
1176 22442 1 5 8 22456
1177 1 2 0 22865 22868
1178 2 1 22919 0 22922
1179 7 22935 0 8 22950
1180 23205 0 4 3 23212
1181 23286 0 1 0 23287
1182 23121 0 18 0 23139
1183 12 0 23163 4 23179
1184 1 0 23321 0 23322
1185 23560 0 2 1 23563
1186 1 1 0 23919 23921
1187 24098 0 1 1 24100
1188 24036 1 4 0 24041
1189 23904 2 0 4 23910
1190 1 0 0 23911 23912
1191 11 24400 0 8 24419
1192 37 0 24093 3 24133
1193 7 24280 1 0 24288
1194 24540 0 2 0 24542
1195 24440 5 2 1 24448
1196 0 34 1 24609 24644
1197 0 5 0 24725 24730
1198 24725 19 1 0 24745
1199 0 0 0 24640 24640
1200 0 7 0 24534 24541
1201 0 24448 1 0 24449
1202 0 3 0 24583 24586
1203 0 4 0 24466 24470
1204 0 24325 1 57 24383
1205 24399 1 1 0 24401
1206 3 4 2 24337 24346
1207 2 0 24232 0 24234
1208 3 4 1 23991 23999
1209 2 24028 1 5 24036
1210 0 4 0 24098 24102
1211 1 3 0 24190 24194
1212 2 0 23840 0 23842
1213 0 23781 11 31 23823
1214 17 8 0 23904 23929
1215 1 4 1 23730 23736
1216 0 23874 0 15 23889
1217 39 0 23643 9 23691
1218 3 1 23046 1 23051
1219 23494 3 0 1 23498
1220 1 1 22461 8 22471
1221 1 23143 0 14 23158
1222 0 12 4 23457 23473
1223 7 1 23398 1 23407
1224 1 23181 0 5 23187
1225 0 23426 3 18 23447
1226 1 5 0 23647 23653
1227 23523 0 3 1 23527
1228 2 2 0 23492 23496
1229 8 0 23499 0 23507
1230 23426 1 1 2 23430
1231 23133 2 187 0 23322
1232 1 1 23127 0 23129
1233 22748 0 4 1 22753
1234 10 23187 0 1 23198
1235 7 23311 3 18 23339
1236 3 20 0 23519 23542
1237 97 1 23415 0 23513
1238 23345 0 8 11 23364
1239 1 0 23445 0 23446
1240 22918 0 18 2 22938
1241 11 0 23465 0 23476
1242 0 6 0 22784 22790
1243 136 5 0 23063 23204
1244 1 31 1 23402 23435
1245 2 10 0 23437 23449
1246 103 1 22777 0 22881
1247 0 3 1 22637 22641
1248 0 22738 0 0 22738
1249 0 4 3 22722 22729
1250 12 0 22641 4 22657
1251 0 22651 0 7 22658
1252 22729 0 2 2 22733
1253 0 2 0 22772 22774
1254 2 12 0 22727 22741
1255 22588 0 0 1 22589
1256 22233 0 1 0 22234
1257 0 22713 0 6 22719
1258 74 21744 0 625 22443
1259 14 0 22547 1 22562
1260 33 0 22197 3 22233
1261 0 22202 0 46 22248
1262 22409 2 6 2 22419
1263 1 23408 0 1 23410
1264 23753 6 46 1 23806
1265 0 0 23530 1 23531
1266 23695 0 2 0 23697
1267 23417 1 1 2 23421
1268 1 19 0 23640 23660
1269 2 2 0 23530 23534
1270 3 23680 0 28 23711
1271 23819 0 9 0 23828
1272 23679 6 3 0 23688
1273 2 0 23384 12 23398
1274 5 22914 0 10 22929
1275 2 23276 0 9 23287
1276 1 5 0 23447 23453
1277 23390 5 1 3 23399
1278 7 0 23249 2 23258
1279 23193 0 9 1 23203
1280 1 2 1 23177 23181
1281 1 23343 0 0 23344
1282 23478 0 7 6 23491
1283 6 0 23312 8 23326
1284 2 23309 0 1 23312
1285 23448 5 2 50 23505
1286 1 1 0 23673 23675
1287 7 2 0 23881 23890
1288 23886 0 7 1 23894
1289 23758 0 1 2 23761
1290 23724 0 0 0 23724
1291 23693 1 0 0 23694
1292 7 2 0 23617 23626
1293 14 1 23646 3 23664
1294 12 23536 0 20 23568
1295 23507 3 9 5 23524
1296 23540 25 58 10 23633
1297 0 0 23777 1 23778
1298 2 0 23584 4 23590
1299 0 0 23675 2 23677
1300 1 1 2 23214 23218
1301 1 4 1 23761 23767
1302 1 2 0 23857 23860
1303 1 23790 0 28 23819
1304 0 23958 2 4 23964
1305 23889 6 4 9 23908
1306 4 17 0 24103 24124
1307 2 0 24239 0 24241
1308 1 3 0 24000 24004
1309 7 6 0 23879 23892
1310 6 23784 0 6 23796
1311 3 24034 0 3 24040
1312 24000 1 5 1 24007
1313 10 0 23875 0 23885
1314 2 23719 9 0 23730
1315 24021 2 3 2 24028
1316 24043 1 6 1 24051
1317 23984 1 1 0 23986
1318 1 0 24119 0 24120
1319 1 0 23715 1 23717
1320 23581 1 3 2 23587
1321 23782 1 30 0 23813
1322 0 23828 0 1 23829
1323 23682 2 0 2 23686
1324 1 0 23910 2 23913
1325 1 0 23796 0 23797
1326 5 15 0 21869 21889
1327 22840 0 347 1 23188
1328 1 0 23634 0 23635
1329 23327 3 1 0 23331
1330 23571 1 7 0 23579
1331 1 0 23826 1 23828
1332 1 0 23568 2 23571
1333 22891 0 507 1 23399
1334 23570 2 5 2 23579
1335 2 3 3 23742 23750
1336 4 2 23770 5 23781
1337 3 0 23556 1 23560
1338 1 0 23285 1 23287
1339 23185 1 6 1 23193
1340 2 0 23615 2 23619
1341 0 23396 0 5 23401
1342 23720 1 3 0 23724
1343 1 0 23590 0 23591
1344 5 23891 12 1 23909
1345 2 4 0 24001 24007
1346 7 24395 0 5 24407
1347 0 0 0 24593 24593
1348 7 0 24465 0 24472
1349 24107 0 2 0 24109
1350 1 14 6 24323 24344
1351 5 0 24402 0 24407
1352 1 13 0 23960 23974
1353 1 24167 0 8 24176
1354 3 24451 0 6 24460
1355 24494 0 2 1 24497
1356 1 2 0 24455 24458
1357 0 24650 0 14 24664
1358 24838 0 5 1 24844
1359 24657 1 3 0 24661
1360 2 0 24506 1 24509
1361 11 24365 1 3 24380
1362 0 6 0 24386 24392
1363 235 23916 0 5 24156
1364 2 24552 0 1 24555
1365 24673 2 50 5 24730
1366 50 0 25174 0 25224
1367 3 8 2 24446 24459
1368 0 0 2 24732 24734
1369 0 6 0 24944 24950
1370 0 13 0 25086 25099
1371 4 0 24844 1 24849
1372 6 1 24266 1 24274
1373 3 0 24162 0 24165
1374 0 24049 1 6 24056
1375 0 152 0 23827 23979
1376 1 24220 1 23 24245
1377 6 24679 0 5 24690
1378 292 0 24396 12 24700
1379 24311 1 10 1 24323
1380 1 16 0 24506 24523
1381 3 1 24351 1 24356
1382 24035 1 30 1 24067
1383 0 24354 0 5 24359
1384 2 24583 0 4 24589
1385 24677 0 4 1 24682
1386 3 0 24795 1 24799
1387 24359 0 2 0 24361
1388 1 3 1 24335 24340
1389 6 24587 9 3 24605
1390 4 4 12 24708 24728
1391 4 0 24613 1 24618
1392 0 3 24569 4 24576
1393 1 0 24630 9 24640
1394 0 0 24491 3 24494
1395 19 2 24418 4 24443
1396 167 0 24366 17 24550
1397 24501 0 8 0 24509
1398 24840 0 4 1 24845
1399 2 25063 0 13 25078
1400 4 0 25033 9 25046
1401 24474 0 2 2 24478
1402 24428 1 2 10 24441
1403 9 0 24935 0 24944
1404 0 287 1 23225 23513
1405 24633 1 0 0 24634
1406 54 0 24903 5 24962
1407 0 0 25036 0 25036
1408 1 1 1 23641 23644
1409 1 0 24809 0 24810
1410 6 1 24903 0 24910
1411 24491 0 4 1 24496
1412 0 0 24897 6 24903
1413 24782 0 1 1 24784
1414 3 25128 0 2 25133
1415 2 2 25309 4 25317
1416 4 0 25058 0 25062
1417 24663 6 5 2 24676
1418 0 0 24754 12 24766
1419 9 0 24278 0 24287
1420 8 0 24296 0 24304
1421 0 7 1 23363 23371
1422 16 24210 0 0 24226
1423 1 16 0 24494 24511
1424 12 0 24420 6 24438
1425 26 1 24245 1 24273
1426 2 24153 2 37 24194
1427 4 24276 0 4 24284
1428 24410 0 8 15 24433
1429 24238 0 24 2 24264
1430 24325 0 54 0 24379
1431 1 1 1 24527 24530
1432 24575 1 1 0 24577
1433 24267 0 1 0 24268
1434 3 0 24166 1 24170
1435 4 23988 0 15 24007
1436 0 8 0 23734 23742
1437 18 1 23774 3 23796
1438 5 23609 0 5 23619
1439 23675 0 2 2 23679
1440 3 0 23384 1 23388
1441 8 22847 0 0 22855
1442 1 22574 0 1 22576
1443 5 23012 0 8 23025
1444 23189 0 5 2 23196
1445 1 0 23328 2 23331
1446 6 14 1 22033 22054
1447 46 0 22718 0 22764
1448 0 0 3 22245 22248
1449 0 2 0 22556 22558
1450 0 6 1 22748 22755
1451 2 0 22584 1 22587
1452 21 22300 0 3 22324
1453 22299 0 8 60 22367
1454 171 0 22326 2 22499
1455 0 34 0 21607 21641
1456 21396 0 5 2 21403
1457 4 1 21475 0 21480
1458 21275 0 10 0 21285
1459 17 0 21380 1 21398
1460 21329 0 1 1 21331
1461 0 1 21506 0 21507
1462 21092 0 1 1 21094
1463 19 21112 7 7 21145
1464 5 21379 0 0 21384
1465 3 2 3 21547 21555
1466 21397 3 8 0 21408
1467 2 1 0 21334 21337
1468 1 6 0 21357 21364
1469 4 0 21013 2 21019
1470 8 20995 0 7 21010
1471 1 2 1 20918 20922
1472 5 20923 0 2 20930
1473 0 4 0 21223 21227
1474 21167 0 40 0 21207
1475 21014 0 12 0 21026
1476 4 0 20870 0 20874
1477 41 20722 0 3 20766
1478 20858 0 3 0 20861
1479 20679 0 5 0 20684
1480 6 0 20701 0 20707
1481 1 20517 0 8 20526
1482 20735 0 5 0 20740
1483 20479 6 3 1 20489
1484 18 0 20281 1 20300
1485 4 20156 0 11 20171
1486 0 16 0 20281 20297
1487 15 0 20265 0 20280
1488 0 12 1 19854 19867
1489 20056 1 19 0 20076
1490 19873 8 2 0 19883
1491 17 0 19898 0 19915
1492 19717 0 2 0 19719
1493 19639 0 4 0 19643
1494 0 0 19617 0 19617
1495 19588 0 5 0 19593
1496 19552 1 12 0 19565
1497 0 1 0 19365 19366
1498 2 0 19243 0 19245
1499 13 19078 0 17 19108
1500 0 5 0 19292 19297
1501 0 0 19161 1 19162
1502 0 6 1 18754 18761
1503 3 18804 0 7 18814
1504 18894 0 3 0 18897
1505 18719 0 2 0 18721
1506 0 14 1 19065 19080
1507 23 0 18932 10 18965
1508 18879 2 9 1 18891
1509 18846 0 0 2 18848
1510 1 13 1 18716 18731
1511 18676 0 20 2 18698
1512 1 0 1 18569 18571
1513 9 0 4 18556 18569
1514 3 0 18383 6 18392
1515 18019 0 4 1 18024
1516 9 0 18220 0 18229
1517 0 0 17948 0 17948
1518 2 2 17847 6 17857
1519 20 0 17644 0 17664
1520 1 17469 9 3 17482
1521 2 3 17830 7 17842
1522 2 4 2 17216 17224
1523 3 0 17514 0 17517
1524 17742 0 0 6 17748
1525 0 3 2 17739 17744
1526 16 1 17629 10 17656
1527 0 17582 4 15 17601
1528 17658 0 12 1 17671
1529 0 0 17740 0 17740
1530 17550 0 5 2 17557
1531 1 1 1 17645 17648
1532 9 9 17540 0 17558
1533 7 1 2 17238 17248
1534 3 17179 0 6 17188
1535 17447 0 1 0 17448
1536 17297 0 8 0 17305
1537 17315 3 19 1 17338
1538 2 0 17271 5 17278
1539 1 0 17152 0 17153
1540 17227 0 2 0 17229
1541 17323 0 17 1 17341
1542 17287 0 10 1 17298
1543 1 2 3 17031 17037
1544 34 17027 0 6 17067
1545 0 1 1 17063 17065
1546 16999 0 2 1 17002
1547 6 16959 0 5 16970
1548 0 4 2 16854 16860
1549 9 16879 0 1 16889
1550 17088 0 1 0 17089
1551 17063 0 0 6 17069
1552 12 3 17138 0 17153
1553 17016 0 2 1 17019
1554 0 0 1 17061 17062
1555 3 0 17008 0 17011
1556 16978 1 1 0 16980
1557 0 1 1 16974 16976
1558 4 0 16894 2 16900
1559 16778 77 0 2 16857
1560 16761 1 0 0 16762
1561 2 3 3 16560 16568
1562 3 2 16507 1 16513
1563 16537 0 0 2 16539
1564 8 16317 1 0 16326
1565 3 7 2 16275 16287
1566 4 16154 0 2 16160
1567 16614 0 12 0 16626
1568 16479 0 0 0 16479
1569 0 8 0 16503 16511
1570 2 0 16340 0 16342
1571 13 0 16061 0 16074
1572 1 16010 0 4 16015
1573 0 5 0 16145 16150
1574 16220 1 6 0 16227
1575 16136 0 5 0 16141
1576 7 1 16014 0 16022
1577 15973 0 18 2 15993
1578 15890 0 16 0 15906
1579 15870 0 1 0 15871
1580 15519 0 4 1 15524
1581 60 15594 0 0 15654
1582 0 15505 0 1 15506
1583 15566 0 0 1 15567
1584 20 0 15382 6 15408
1585 6 3 0 14958 14967
1586 0 0 15047 1 15048
1587 5 0 15135 1 15141
1588 15251 1 9 3 15264
1589 15267 1 2 0 15270
1590 15226 0 0 0 15226
1591 0 0 3 15046 15049
1592 2 0 14814 0 14816
1593 11 14699 0 4 14714
1594 2 3 1 14818 14824
1595 0 1 1 14755 14757
1596 0 9 0 14602 14611
1597 0 14521 0 14 14535
1598 14484 0 3 1 14488
1599 41 9 1 14299 14350
1600 1 23 0 14295 14319
1601 2 0 14085 0 14087
1602 1 0 13950 0 13951
1603 1 0 13846 2 13849
1604 13877 0 0 0 13877
1605 13892 0 3 0 13895
1606 1 0 13825 1 13827
1607 13842 1 2 1 13846
1608 13796 0 0 0 13796
1609 13763 0 9 1 13773
1610 13668 1 8 0 13677
1611 0 0 1 13549 13550
1612 8 0 13445 0 13453
1613 1 1 0 12858 12860
1614 0 0 0 13119 13119
1615 1 5 0 13044 13050
1616 1 13052 1 5 13059
1617 13083 0 1 0 13084
1618 12987 0 2 0 12989
1619 12918 0 0 0 12918
1620 0 4 2 12681 12687
1621 12469 0 0 0 12469
1622 1 0 1 12077 12079
1623 1 12280 0 4 12285
1624 12285 0 0 0 12285
1625 3 2 12066 1 12072
1626 11892 0 6 0 11898
1627 3 11982 0 0 11985
1628 12042 0 1 0 12043
1629 12007 0 0 0 12007
1630 11950 0 0 0 11950
1631 11936 0 0 0 11936
1632 11583 200 2 0 11785
1633 2 11827 0 1 11830
1634 11634 6 1 0 11641
1635 11562 0 8 0 11570
1636 11425 0 3 0 11428
1637 11389 2 0 0 11391
1638 2 11118 1 302 11423
1639 2 11422 0 0 11424
1640 11504 0 5 1 11510
1641 11471 0 3 0 11474
1642 0 4 0 10857 10861
1643 2 11183 0 0 11185
1644 0 11233 2 1 11236
1645 2 11316 0 1 11319
1646 11324 0 0 0 11324
1647 4 0 1 11015 11020
1648 0 5 2 11128 11135
1649 5 0 11271 0 11276
1650 11247 0 6 1 11254
1651 11285 0 1 0 11286
1652 11227 0 15 2 11244
1653 0 0 0 10985 10985
1654 1 1 0 10890 10892
1655 4 11001 0 1 11006
1656 2 11090 0 0 11092
1657 11105 0 4 0 11109
1658 11003 0 0 0 11003
1659 0 4 0 10900 10904
1660 0 9 0 10973 10982
1661 10962 0 3 2 10967
1662 10951 0 4 0 10955
1663 0 0 10735 0 10735
1664 9 10504 0 1 10514
1665 10530 0 0 0 10530
1666 0 0 10293 0 10293
1667 10206 0 2 0 10208
1668 0 10207 1 3 10211
1669 2 10227 0 0 10229
1670 10246 0 0 0 10246
1671 1 4 1 10093 10099
1672 0 10149 1 2 10152
1673 0 10088 0 0 10088
1674 0 9877 0 8 9885
1675 6 9911 0 0 9917
1676 9940 0 3 3 9946
1677 9805 0 19 0 9824
1678 0 1 0 9726 9727
1679 0 6 0 9680 9686
1680 1 2 0 9585 9588
1681 0 9673 0 0 9673
1682 0 0 0 9719 9719
1683 1 1 0 9562 9564
1684 0 9479 0 0 9479
1685 0 1 2 9463 9466
1686 0 1 0 9469 9470
1687 0 3 0 9559 9562
1688 1 0 9490 0 9491
1689 0 0 9434 1 9435
1690 1 1 9293 1 9296
1691 9340 0 3 0 9343
1692 0 0 9351 1 9352
1693 0 0 9243 0 9243
1694 2 0 9194 0 9196
1695 9293 0 0 0 9293
1696 0 9078 1 2 9081
1697 9151 0 7 1 9159
1698 0 9098 0 1 9099
1699 9190 0 0 0 9190
1700 1 0 9111 0 9112
1701 0 8964 0 2 8966
1702 9016 1 3 0 9020
1703 0 0 8922 0 8922
1704 8671 0 0 0 8671
1705 1 0 8668 0 8669
1706 0 0 8451 0 8451
1707 8422 0 0 0 8422
1708 0 0 1 8379 8380
1709 0 0 0 8480 8480
1710 8474 0 1 0 8475
1711 1 9 0 8404 8414
1712 2 0 8338 0 8340
1713 8239 0 2 1 8242
1714 0 2 1 8181 8184
1715 6 0 8065 0 8071
1716 7809 0 9 1 7819
1717 0 7947 0 2 7949
1718 1 8043 0 0 8044
1719 3 0 1 7956 7960
1720 0 7986 0 3 7989
1721 7 0 7952 9 7968
1722 7867 0 0 2 7869
1723 9 0 0 7852 7861
1724 0 0 0 7860 7860
1725 7769 0 0 0 7769
1726 0 1 0 7744 7745
1727 0 2 0 7709 7711
1728 7697 0 0 0 7697
1729 7572 0 5 0 7577
1730 7460 0 0 0 7460
1731 0 0 2 7303 7305
1732 1 7372 0 2 7375
1733 7437 0 1 0 7438
1734 7355 0 2 0 7357
1735 1 7364 0 2 7367
1736 7369 0 0 0 7369
1737 7283 0 2 0 7285
1738 7310 0 10 0 7320
1739 7285 0 1 0 7286
1740 0 0 0 7088 7088
1741 7199 0 7 1 7207
1742 0 0 7075 0 7075
1743 6977 0 2 0 6979
1744 0 6889 0 3 6892
1745 6674 0 5 0 6679
1746 0 7025 0 0 7025
1747 2 3 3 6921 6929
1748 7049 0 0 0 7049
1749 0 0 0 6960 6960
1750 3 0 6970 0 6973
1751 6904 0 1 0 6905
1752 0 7034 0 7 7041
1753 0 0 1 6906 6907
1754 0 0 6928 0 6928
1755 1 0 2 6773 6776
1756 1 0 6805 1 6807
1757 6811 0 16 0 6827
1758 1 1 0 6729 6731
1759 0 1 0 6755 6756
1760 1 0 6717 0 6718
1761 1 0 0 6591 6592
1762 0 0 0 6612 6612
1763 0 2 1 6603 6606
1764 3 6449 1 3 6456
1765 6491 0 0 0 6491
1766 6388 0 0 0 6388
1767 0 0 1 6333 6334
1768 6222 0 0 0 6222
1769 0 6286 0 0 6286
1770 3 0 6258 0 6261
1771 0 2 1 6106 6109
1772 0 2 1 6127 6130
1773 0 0 2 6150 6152
1774 0 0 6117 3 6120
1775 0 0 5991 0 5991
1776 5974 0 0 0 5974
1777 5945 0 0 0 5945
1778 1 0 0 5856 5857
1779 0 0 5850 4 5854
1780 1 1 87 5611 5700
1781 0 0 5730 0 5730
1782 0 0 5625 0 5625
1783 0 0 5394 0 5394
1784 2 0 0 5135 5137
1785 2 0 5322 0 5324
1786 0 0 0 5116 5116
1787 0 1 0 5213 5214
1788 1 0 0 5207 5208
1789 5019 0 1 0 5020
1790 0 0 0 4349 4349
1791 0 0 0 4245 4245
1792 0 4136 0 4 4140
1793 2 4 2 3932 3940
1794 58 3864 0 0 3922
1795 3867 0 2 0 3869
1796 0 0 0 3614 3614
1797 0 0 0 3544 3544
1798 3380 0 124 0 3504
1799 3408 0 0 0 3408
1800 3334 0 1 0 3335
1801 3201 0 0 0 3201
1802 117 34 1 2604 2756
1803 2061 0 0 0 2061
1804 1845 0 2 0 1847
1805 1759 0 0 0 1759
1806 0 0 0 1585 1585
1807 1250 0 0 0 1250
1808 0 0 0 1097 1097
1809 1119 2 13 0 1134
1810 1107 0 0 0 1107
1811 1069 0 0 0 1069
1812 949 0 0 0 949
1813 834 0 0 0 834
1814 738 0 0 0 738
1815 8 0 0 645 653
1816 14 0 2 0 16
