0 0 0 0 0 0
1 132 0 0 0 132
2 0 0 0 164 164
3 0 0 0 171 171
4 0 0 0 173 173
5 0 0 0 184 184
6 0 189 0 0 189
7 0 0 0 211 211
8 0 0 0 352 352
9 0 0 484 7 491
10 0 0 0 614 614
11 3 0 619 0 622
12 632 0 0 0 632
13 654 0 1 0 655
14 0 706 0 0 706
15 0 0 0 723 723
16 0 0 0 716 716
17 0 727 0 11 738
18 743 0 0 0 743
19 754 0 0 0 754
20 20 0 719 0 739
21 0 793 0 0 793
22 446 0 342 0 788
23 0 813 0 0 813
24 0 833 0 0 833
25 841 0 0 0 841
26 0 0 853 0 853
27 0 0 0 857 857
28 867 0 0 0 867
29 1495 0 0 0 1495
30 1529 0 0 0 1529
31 1551 0 0 0 1551
32 0 0 1548 0 1548
33 1531 0 0 0 1531
34 1556 0 1 1 1558
35 0 1801 0 0 1801
36 0 0 0 2136 2136
37 0 1 2170 0 2171
38 2184 0 0 0 2184
39 2210 0 0 0 2210
40 2224 0 0 0 2224
41 2215 0 0 0 2215
42 0 0 0 2237 2237
43 0 2269 0 0 2269
44 2333 0 0 0 2333
45 2316 0 0 0 2316
46 2303 0 0 0 2303
47 2311 0 0 0 2311
48 0 0 0 2308 2308
49 1 0 2297 2 2300
50 1 0 0 2260 2261
51 0 2361 0 0 2361
52 0 2360 0 1 2361
53 2359 0 28 0 2387
54 2384 0 0 0 2384
55 0 2443 0 0 2443
56 2473 0 0 18 2491
57 0 10 2 2975 2987
58 0 0 3027 0 3027
59 1 0 3016 0 3017
60 3011 0 0 0 3011
61 0 7 0 3081 3088
62 3183 0 1 6 3190
63 0 1 0 3292 3293
64 0 3406 1 21 3428
65 0 4 3708 0 3712
66 3691 0 42 5 3738
67 0 3815 0 0 3815
68 1 0 3887 0 3888
69 0 0 3913 1 3914
70 2 2 1 3834 3839
71 4006 0 0 1 4007
72 0 0 2 4463 4465
73 3 0 4556 4 4563
74 4584 0 1 0 4585
75 4575 0 0 0 4575
76 0 4652 0 1 4653
77 4622 1 0 0 4623
78 1 4895 0 0 4896
79 1 2 0 4907 4910
80 0 1 5136 0 5137
81 1 0 6853 0 6854
82 2 0 6826 1 6829
83 6958 0 1 0 6959
84 0 7110 0 0 7110
85 7219 0 2 0 7221
86 7148 0 0 0 7148
87 0 0 1 7282 7283
88 1 1 0 7366 7368
89 6 0 7330 0 7336
90 7331 1 1 0 7333
91 6 7535 0 1 7542
92 7698 0 0 0 7698
93 7635 0 2 0 7637
94 7600 0 0 0 7600
95 7576 0 1 0 7577
96 196 7388 0 0 7584
97 7435 0 2 3 7440
98 19 7737 0 1 7757
99 0 7756 0 17 7773
100 2 0 7884 0 7886
101 0 0 7862 1 7863
102 7788 0 0 0 7788
103 7854 0 0 0 7854
104 0 1 7944 1 7946
105 7913 1 1 0 7915
106 8034 0 0 0 8034
107 8041 0 1 1 8043
108 0 1 0 8082 8083
109 8100 0 0 0 8100
110 8033 0 0 0 8033
111 0 8104 0 4 8108
112 0 1 0 8036 8037
113 0 1 0 8121 8122
114 2 8260 0 0 8262
115 2 1 1 8267 8271
116 2 0 8182 0 8184
117 1 0 8115 0 8116
118 8142 0 37 0 8179
119 8249 1 0 0 8250
120 0 8275 0 1 8276
121 1 8259 0 1 8261
122 8319 0 2 1 8322
123 0 0 8290 0 8290
124 0 4 2 8014 8020
125 27 0 8146 0 8173
126 0 0 8090 1 8091
127 206 0 7977 0 8183
128 8206 0 2 0 8208
129 0 8312 0 2 8314
130 8298 0 2 0 8300
131 8307 0 0 0 8307
132 1 8315 0 0 8316
133 0 8324 0 0 8324
134 8359 0 0 0 8359
135 0 0 8279 0 8279
136 8265 0 0 0 8265
137 0 8252 0 1 8253
138 0 8301 0 0 8301
139 8390 0 0 0 8390
140 8278 0 0 0 8278
141 1 2 0 8255 8258
142 1 8315 0 1 8317
143 8304 0 0 0 8304
144 0 1 0 8239 8240
145 0 38 0 8212 8250
146 8359 0 1 0 8360
147 2 0 8181 0 8183
148 8239 0 0 1 8240
149 1 8307 0 0 8308
150 7 8272 0 1 8280
151 8385 0 3 0 8388
152 0 0 8220 0 8220
153 1 8248 0 1 8250
154 8318 0 1 1 8320
155 8201 0 2 0 8203
156 0 8297 0 0 8297
157 1 8272 0 0 8273
158 0 8309 0 3 8312
159 0 2 0 8188 8190
160 1 1 0 8232 8234
161 0 596 7573 1 8170
162 0 8263 0 2 8265
163 0 8243 0 0 8243
164 0 8272 0 1 8273
165 2 8349 0 0 8351
166 8171 0 12 0 8183
167 0 8346 0 0 8346
168 0 8329 0 1 8330
169 8321 1 5 0 8327
170 8248 1 0 0 8249
171 0 0 8193 1 8194
172 0 8327 0 0 8327
173 8370 0 1 2 8373
174 8292 0 1 2 8295
175 0 8355 0 0 8355
176 8372 1 1 0 8374
177 8350 0 0 1 8351
178 8265 0 1 0 8266
179 0 8389 0 0 8389
180 1 0 8187 0 8188
181 8194 0 1 0 8195
182 8029 0 1 0 8030
183 1 8066 0 0 8067
184 6 8033 0 0 8039
185 2 8115 0 2 8119
186 3 0 8051 0 8054
187 1 4 0 7774 7779
188 7943 0 0 0 7943
189 7949 0 0 0 7949
190 8 7942 0 0 7950
191 1 7895 0 0 7896
192 4 7927 0 5 7936
193 7871 0 0 0 7871
194 1 1 1 7616 7619
195 0 7839 0 3 7842
196 0 7841 1 0 7842
197 0 7872 1 0 7873
198 2 7933 0 29 7964
199 2 0 7908 0 7910
200 2 0 7783 0 7785
201 7675 0 20 0 7695
202 7752 1 0 0 7753
203 7812 0 3 0 7815
204 4 0 7800 0 7804
205 7747 0 0 0 7747
206 2 0 7761 0 7763
207 0 7945 0 9 7954
208 7973 0 10 0 7983
209 7964 0 0 0 7964
210 0 7932 0 0 7932
211 0 7921 1 0 7922
212 7875 0 0 0 7875
213 0 8034 0 1 8035
214 8050 0 0 0 8050
215 7960 0 1 0 7961
216 1 0 7830 0 7831
217 0 7894 0 1 7895
218 7560 0 282 1 7843
219 4 0 7865 1 7870
220 1 11 1 6915 6928
221 0 0 7527 0 7527
222 7622 0 5 0 7627
223 7788 0 1 1 7790
224 1 0 7816 0 7817
225 7781 1 0 0 7782
226 0 1 0 7764 7765
227 2 0 7785 0 7787
228 7727 0 2 1 7730
229 0 0 0 7681 7681
230 0 0 7790 0 7790
231 0 0 0 7494 7494
232 2 7783 0 15 7800
233 45 0 7838 2 7885
234 2 0 7752 0 7754
235 7848 0 0 0 7848
236 7895 0 0 0 7895
237 5 0 7966 0 7971
238 2 0 7837 0 7839
239 7712 0 22 0 7734
240 7841 0 3 0 7844
241 7839 0 0 0 7839
242 50 0 7577 0 7627
243 0 7580 17 2 7599
244 0 7653 0 0 7653
245 4 7690 0 1 7695
246 7764 1 0 0 7765
247 7739 0 0 0 7739
248 7686 0 1 0 7687
249 7535 0 5 1 7541
250 8 0 7524 0 7532
251 7449 0 0 0 7449
252 7502 1 0 0 7503
253 7 0 7307 0 7314
254 1 7304 0 3 7308
255 7424 0 0 1 7425
256 0 0 7190 0 7190
257 7121 0 0 0 7121
258 0 7230 0 0 7230
259 0 7102 0 0 7102
260 7 7137 0 1 7145
261 0 7134 0 3 7137
262 9 0 7013 0 7022
263 6859 0 9 0 6868
264 0 6950 0 1 6951
265 6799 0 4 1 6804
266 2 0 6725 0 6727
267 6664 0 1 0 6665
268 1 0 6716 0 6717
269 6662 0 0 1 6663
270 0 1 0 6681 6682
271 6756 0 0 0 6756
272 6759 0 0 0 6759
273 6729 0 1 0 6730
274 342 0 6282 0 6624
275 6555 0 1 1 6557
276 6549 7 1 0 6557
277 3 0 6459 1 6463
278 6446 6 6 1 6459
279 14 0 6264 0 6278
280 0 6280 0 0 6280
281 1 0 6266 0 6267
282 0 0 0 6029 6029
283 0 6233 0 0 6233
284 0 0 0 6157 6157
285 6232 1 3 0 6236
286 0 6296 0 1 6297
287 6358 0 0 0 6358
288 6319 0 0 0 6319
289 4 6265 0 0 6269
290 6280 0 0 0 6280
291 1 2 0 6203 6206
292 1 0 6260 0 6261
293 5 2 6182 0 6189
294 0 1 0 5187 5188
295 1 0 5875 0 5876
296 75 0 6286 0 6361
297 0 9 2 5529 5540
298 1 0 6187 0 6188
299 6376 0 1 1 6378
300 6439 0 1 0 6440
301 6432 0 7 0 6439
302 0 6407 0 2 6409
303 0 1 0 6271 6272
304 2 0 6263 0 6265
305 1 0 6554 7 6562
306 1 0 6660 4 6665
307 0 6447 2 28 6477
308 7 2 6565 1 6575
309 6541 0 33 1 6575
310 6560 0 2 0 6562
311 0 0 0 6592 6592
312 0 0 0 6689 6689
313 0 6652 0 1 6653
314 1 3 0 6642 6646
315 6633 0 0 0 6633
316 0 6594 0 8 6602
317 6655 0 0 0 6655
318 6551 1 0 0 6552
319 0 6499 0 0 6499
320 1 6485 0 0 6486
321 6585 0 1 0 6586
322 1 0 6490 3 6494
323 6380 0 1 0 6381
324 1 7 0 6437 6445
325 0 0 6458 0 6458
326 6359 0 2 0 6361
327 0 1 0 6351 6352
328 0 0 6451 0 6451
329 14 0 6379 1 6394
330 0 1 0 6127 6128
331 10 0 1 6225 6236
332 6327 0 0 0 6327
333 6252 0 0 0 6252
334 6212 0 2 0 6214
335 39 0 6202 2 6243
336 2 6172 0 3 6177
337 0 4 0 6198 6202
338 0 0 6237 0 6237
339 5 0 6163 1 6169
340 6108 1 1 2 6112
341 0 6070 0 1 6071
342 0 2 0 6016 6018
343 6 6104 0 1 6111
344 6209 0 2 0 6211
345 6194 0 3 0 6197
346 0 0 0 6140 6140
347 17 0 6086 0 6103
348 6041 0 0 0 6041
349 0 0 2 5971 5973
350 1 0 5986 0 5987
351 5935 0 5 0 5940
352 6 5927 1 0 5934
353 5945 0 1 0 5946
354 0 0 0 5937 5937
355 0 0 5957 1 5958
356 1 0 5871 0 5872
357 5823 0 2 2 5827
358 0 0 5947 0 5947
359 5931 1 2 1 5935
360 0 0 6008 0 6008
361 5952 0 1 1 5954
362 5965 0 2 0 5967
363 5987 0 1 2 5990
364 0 0 1 5834 5835
365 0 5955 0 0 5955
366 0 2 1 5986 5989
367 6005 1 1 1 6008
368 5944 1 0 1 5946
369 2 7 2 5854 5865
370 0 5868 0 72 5940
371 0 5979 0 0 5979
372 6098 0 1 0 6099
373 6025 0 1 0 6026
374 5983 0 1 0 5984
375 5865 0 0 8 5873
376 0 10 3 5753 5766
377 2 0 5842 0 5844
378 0 5769 0 11 5780
379 17 0 5832 0 5849
380 0 5787 1 1 5789
381 5801 0 1 0 5802
382 0 0 1 5707 5708
383 0 1 5752 0 5753
384 1 5607 0 6 5614
385 0 5750 0 2 5752
386 1 0 5773 0 5774
387 0 0 0 5482 5482
388 335 0 5187 4 5526
389 1 0 5594 0 5595
390 5582 0 0 0 5582
391 5670 0 1 0 5671
392 5655 0 11 1 5667
393 0 0 5591 0 5591
394 5539 1 0 0 5540
395 5619 0 1 0 5620
396 0 0 0 5554 5554
397 0 0 0 5618 5618
398 0 20 2 5605 5627
399 0 2 0 5633 5635
400 5634 1 0 1 5636
401 1 0 0 5539 5540
402 0 0 0 5573 5573
403 0 0 5566 7 5573
404 1 0 5464 1 5466
405 4 5456 0 2 5462
406 0 0 0 5476 5476
407 1 0 5464 1 5466
408 4 5346 3 3 5356
409 0 5415 0 1 5416
410 5478 0 0 0 5478
411 0 5507 0 2 5509
412 1 0 1 5508 5510
413 1 0 5523 0 5524
414 5443 0 0 0 5443
415 1 1 0 5468 5470
416 0 0 5457 1 5458
417 5442 0 1 1 5444
418 0 5440 0 2 5442
419 5548 0 2 0 5550
420 5631 0 0 0 5631
421 0 0 5597 0 5597
422 5553 0 0 0 5553
423 5646 0 1 0 5647
424 5584 0 4 0 5588
425 5514 2 0 0 5516
426 0 5639 0 1 5640
427 0 5617 0 2 5619
428 0 0 5560 0 5560
429 5353 0 0 1 5354
430 61 0 5422 1 5484
431 0 1 0 5302 5303
432 0 1 0 5258 5259
433 1 5312 0 13 5326
434 1 5405 1 1 5408
435 5476 0 4 0 5480
436 0 0 5415 1 5416
437 5401 0 0 0 5401
438 5394 0 0 0 5394
439 4 0 5444 0 5448
440 5410 0 0 0 5410
441 5453 0 0 0 5453
442 5353 0 140 0 5493
443 5524 0 0 0 5524
444 5535 0 0 0 5535
445 0 0 5405 0 5405
446 5435 0 1 1 5437
447 5424 0 0 0 5424
448 0 2 0 5351 5353
449 1 0 5335 6 5342
450 4 5241 0 5 5250
451 0 5402 0 2 5404
452 5433 0 7 0 5440
453 10 0 5483 1 5494
454 5346 0 20 0 5366
455 0 0 5463 0 5463
456 5369 0 0 0 5369
457 1 0 1 5459 5461
458 0 0 5484 2 5486
459 2 4 0 5320 5326
460 0 5393 0 2 5395
461 5598 0 0 0 5598
462 5611 0 0 0 5611
463 5590 0 2 0 5592
464 0 0 5592 1 5593
465 5547 0 2 0 5549
466 5580 0 7 0 5587
467 0 0 5600 0 5600
468 0 0 5572 0 5572
469 3 0 5593 3 5599
470 5590 0 3 1 5594
471 5626 3 0 2 5631
472 0 0 5794 1 5795
473 2 0 5969 0 5971
474 6096 0 0 0 6096
475 6176 0 0 1 6177
476 0 0 6256 0 6256
477 6321 0 0 0 6321
478 6413 0 0 0 6413
479 6481 0 1 0 6482
480 0 0 0 6394 6394
481 6530 0 0 1 6531
482 6 0 6397 0 6403
483 6523 0 0 0 6523
484 1 17 0 6430 6448
485 0 6525 0 0 6525
486 6554 1 0 3 6558
487 1 6616 0 2 6619
488 6741 0 2 0 6743
489 6793 0 0 0 6793
490 0 6886 0 1 6887
491 7157 0 0 0 7157
492 7207 0 0 0 7207
493 7160 0 0 0 7160
494 7196 0 5 0 7201
495 4 7340 0 0 7344
496 7320 0 4 0 7324
497 1 0 7370 0 7371
498 2 0 7235 0 7237
499 7220 0 3 0 7223
500 2 0 7374 0 7376
501 1 1 7358 1 7361
502 2 7425 0 0 7427
503 7389 0 3 0 7392
504 0 7535 1 0 7536
505 0 7726 0 0 7726
506 0 4 0 7775 7779
507 0 0 0 7879 7879
508 0 0 1 7904 7905
509 0 0 1 7916 7917
510 7976 0 0 1 7977
511 1 8027 0 0 8028
512 8100 0 1 0 8101
513 8028 0 0 0 8028
514 9 0 7984 0 7993
515 7870 0 0 0 7870
516 0 1 0 7937 7938
517 0 0 7988 4 7992
518 0 0 7989 1 7990
519 3 0 0 7688 7691
520 8076 0 1 0 8077
521 8078 0 0 0 8078
522 0 0 8083 11 8094
523 8031 0 0 0 8031
524 0 0 8147 0 8147
525 8092 0 1 0 8093
526 0 1 2 8058 8061
527 3 0 8129 1 8133
528 8136 1 2 0 8139
529 0 2 0 8135 8137
530 8187 0 0 0 8187
531 8219 0 0 0 8219
532 8149 1 0 0 8150
533 8070 0 4 1 8075
534 5 8082 0 0 8087
535 2 7947 0 12 7961
536 8105 0 0 0 8105
537 1 1 0 8055 8057
538 0 8175 0 0 8175
539 0 2 1 8173 8176
540 8227 0 1 0 8228
541 1 10 1 8292 8304
542 0 0 0 8287 8287
543 1 0 0 8285 8286
544 2 8342 0 1 8345
545 8359 1 5 12 8377
546 0 0 8160 1 8161
547 1 8157 0 3 8161
548 0 8138 0 0 8138
549 2 8300 0 1 8303
550 0 0 0 8416 8416
551 8323 3 1 4 8331
552 0 0 0 8568 8568
553 8613 0 0 2 8615
554 8689 0 2 0 8691
555 0 0 8538 0 8538
556 8520 0 1 0 8521
557 8640 0 2 2 8644
558 0 0 0 8647 8647
559 1 16 0 8631 8648
560 8444 2 10 0 8456
561 6 8634 0 1 8641
562 0 8364 0 273 8637
563 1 9 1 8661 8672
564 0 0 0 8768 8768
565 0 1 1 8875 8877
566 0 15 1 8948 8964
567 2 2 0 9058 9062
568 9100 1 3 0 9104
569 9051 2 0 1 9054
570 9074 0 0 0 9074
571 9126 0 8 0 9134
572 0 0 9221 0 9221
573 9125 0 0 0 9125
574 9238 5 1 0 9244
575 6 0 9212 0 9218
576 9165 0 0 0 9165
577 0 0 9221 8 9229
578 1 0 9297 0 9298
579 0 1 2 8856 8859
580 0 0 9225 0 9225
581 9408 0 0 0 9408
582 9497 0 3 0 9500
583 9508 0 1 0 9509
584 9465 1 0 0 9466
585 0 9494 0 5 9499
586 9526 0 1 0 9527
587 9458 0 1 0 9459
588 0 1 0 9477 9478
589 1 0 9487 0 9488
590 2 1 0 9403 9406
591 9497 0 0 0 9497
592 2 9585 0 2 9589
593 9746 0 0 0 9746
594 9676 1 0 0 9677
595 9643 0 2 0 9645
596 9494 0 24 0 9518
597 6 9640 0 0 9646
598 0 9553 15 7 9575
599 9433 1 1 0 9435
600 0 9674 0 0 9674
601 11 9694 0 1 9706
602 9763 0 0 5 9768
603 0 0 0 9912 9912
604 3 0 9936 0 9939
605 4 0 9840 7 9851
606 2 0 9842 2 9846
607 0 0 9844 0 9844
608 9731 0 0 0 9731
609 0 0 9880 3 9883
610 0 0 0 9760 9760
611 7 0 9856 0 9863
612 9826 0 1 10 9837
613 0 1 0 9904 9905
614 3 0 9911 1 9915
615 2 1 9804 3 9810
616 1 10036 0 16 10053
617 0 0 0 10076 10076
618 2 2 0 10175 10179
619 1 10249 0 1 10251
620 10308 0 3 16 10327
621 1262 2 9065 0 10329
622 1 0 0 9978 9979
623 2 1 10285 0 10288
624 2 0 10379 0 10381
625 10400 0 0 0 10400
626 5 18 0 10576 10599
627 0 4 0 10734 10738
628 10799 0 1 2 10802
629 10762 0 0 0 10762
630 10720 1 1 0 10722
631 1 4 0 10718 10723
632 0 10737 0 2 10739
633 10752 0 2 9 10763
634 11 10843 0 0 10854
635 10959 0 1 0 10960
636 1 1 0 11154 11156
637 11259 0 1 1 11261
638 11215 1 0 0 11216
639 3 0 1 11171 11175
640 9 0 11131 8 11148
641 11110 0 0 0 11110
642 1 0 2 11216 11219
643 0 10 1 11492 11503
644 0 16 11471 2 11489
645 2 0 11527 2 11531
646 47 1 11534 2 11584
647 0 11731 1 4 11736
648 11884 1 9 1 11895
649 0 0 0 11872 11872
650 0 1 0 11953 11954
651 0 12036 0 2 12038
652 12133 0 3 0 12136
653 0 12143 0 2 12145
654 12207 0 2 2 12211
655 1687 0 10573 3 12263
656 12067 1 1 2 12071
657 1 3 0 12245 12249
658 25 0 12258 1 12284
659 12265 3 0 1 12269
660 12256 1 0 0 12257
661 0 1 0 12356 12357
662 1 0 12307 0 12308
663 12296 1 0 2 12299
664 0 23 1 12382 12406
665 1 5 12425 0 12431
666 1 1 0 12452 12454
667 2 12535 0 2 12539
668 0 2 0 12707 12709
669 3 0 12751 2 12756
670 0 0 1 12670 12671
671 1 3 0 12747 12751
672 0 6 0 12630 12636
673 0 12646 0 0 12646
674 13 13202 0 1 13216
675 13642 0 0 0 13642
676 13563 0 1 0 13564
677 13588 1 7 0 13596
678 1 0 13303 2 13306
679 13687 0 0 1 13688
680 0 7 18 13519 13544
681 0 13740 0 0 13740
682 13886 0 2 1 13889
683 13798 0 1 0 13799
684 13860 3 0 0 13863
685 18 1 13800 2 13821
686 2 9 13627 0 13638
687 1 13789 1 0 13791
688 13792 0 2 0 13794
689 4 14028 0 6 14038
690 0 4 0 14107 14111
691 14132 1 2 0 14135
692 14078 0 0 1 14079
693 14182 0 1 0 14183
694 14193 0 1 0 14194
695 14097 0 1 0 14098
696 2 0 14103 0 14105
697 13932 1 0 4 13937
698 0 0 14317 0 14317
699 0 9 1 13985 13995
700 0 5 1 14358 14364
701 4 0 14269 1 14274
702 0 0 14042 0 14042
703 14124 0 2 2 14128
704 0 14362 0 0 14362
705 1 0 0 14322 14323
706 0 0 1 14423 14424
707 4 0 14318 0 14322
708 14206 0 2 3 14211
709 0 3 1 14157 14161
710 4 14078 0 1 14083
711 8 14061 0 0 14069
712 0 2 1 14181 14184
713 0 1 1 14206 14208
714 0 14118 2 1 14121
715 14061 2 0 1 14064
716 0 1 1 14146 14148
717 1 0 0 14192 14193
718 14198 0 0 2 14200
719 13928 0 47 0 13975
720 2 2 0 13978 13982
721 0 14069 0 2 14071
722 14127 0 1 2 14130
723 4 0 13864 0 13868
724 2 1 0 13742 13745
725 13416 1 3 0 13420
726 0 13909 0 2 13911
727 0 13950 0 1 13951
728 3 19 1 13757 13780
729 1 0 0 13820 13821
730 0 1 2 13810 13813
731 1 0 13681 1 13683
732 6 13701 0 8 13715
733 1 0 13724 7 13732
734 1 0 13605 6 13612
735 1 0 13548 8 13557
736 13711 5 0 2 13718
737 13749 0 9 5 13763
738 9 0 13691 4 13704
739 1 13556 0 4 13561
740 13613 0 2 2 13617
741 0 13767 1 2 13770
742 13777 0 1 0 13778
743 1 0 13642 1 13644
744 1 1 0 13529 13531
745 4 13460 0 1 13465
746 1 13413 6 8 13428
747 1 13550 0 2 13553
748 1 13666 1 1 13669
749 13819 7 7 0 13833
750 1 0 13831 1 13833
751 13782 0 1 0 13783
752 13686 0 0 0 13686
753 8 0 13731 2 13741
754 13745 1 0 1 13747
755 0 5 1 13764 13770
756 1 13949 0 8 13958
757 13982 0 4 6 13992
758 0 0 13931 0 13931
759 7 0 13686 1 13694
760 2 2 0 13425 13429
761 1 0 13588 0 13589
762 10 13679 0 8 13697
763 3 0 13763 5 13771
764 13569 0 2 4 13575
765 1 13877 0 1 13879
766 1 3 1 13994 13999
767 1 0 13929 0 13930
768 1 0 13877 1 13879
769 0 7 0 13121 13128
770 510 1 13329 0 13840
771 0 0 0 14339 14339
772 0 3 0 14537 14540
773 9 0 14474 0 14483
774 1 14521 0 6 14528
775 14759 0 3 0 14762
776 14548 0 1 0 14549
777 1 0 0 14533 14534
778 1 14688 1 2 14692
779 14798 1 1 0 14800
780 14695 1 0 0 14696
781 14632 21 7 1 14661
782 0 0 14907 1 14908
783 0 1 14721 2 14724
784 14553 0 19 1 14573
785 9 0 14841 2 14852
786 6 1 15771 4 15782
787 3 8 0 14974 14985
788 0 1 16303 9 16313
789 0 0 16395 0 16395
790 16227 0 15 0 16242
791 16276 2 15 1 16294
792 4 16578 0 2 16584
793 1 16626 0 0 16627
794 0 4 3 16760 16767
795 0 0 0 16908 16908
796 16927 1 5 0 16933
797 5 0 16955 0 16960
798 3 0 1 16369 16373
799 1 0 16711 1 16713
800 11 0 16943 15 16969
801 15 17228 0 1 17244
802 0 6 0 17421 17427
803 0 0 17321 1 17322
804 17307 2 0 2 17311
805 17431 1 0 1 17433
806 1 1 17483 1 17486
807 1 17399 0 3 17403
808 2 17553 0 3 17558
809 17485 2 7 0 17494
810 0 14 0 17495 17509
811 2 0 0 17463 17465
812 3 17603 0 6 17612
813 2 0 17718 0 17720
814 17188 3 17 2 17210
815 0 0 1 17538 17539
816 3 0 0 17799 17802
817 1 3 0 17823 17827
818 17656 0 2 5 17663
819 0 3 8 17723 17734
820 17683 0 4 0 17687
821 10 0 17627 2 17639
822 0 0 17494 0 17494
823 17504 2 1 1 17508
824 17619 5 3 0 17627
825 1 0 17453 0 17454
826 17373 0 0 0 17373
827 3 0 17444 15 17462
828 1 17397 0 14 17412
829 17658 1 1 1 17661
830 17598 1 0 0 17599
831 1 1 1 17550 17553
832 5 0 17618 1 17624
833 6 0 17414 0 17420
834 1 17385 0 4 17390
835 17469 1 4 2 17476
836 0 0 17474 0 17474
837 17342 1 1 0 17344
838 4 17370 2 3 17379
839 17507 1 2 0 17510
840 0 0 17435 4 17439
841 17240 0 2 0 17242
842 3 0 17434 0 17437
843 1 0 17346 11 17358
844 396 0 16890 0 17286
845 2 17233 1 0 17236
846 0 1 0 17518 17519
847 17488 0 0 0 17488
848 1 0 1 17535 17537
849 0 1 1 17655 17657
850 17459 2 2 1 17464
851 17446 1 3 0 17450
852 0 1 17424 1 17426
853 17454 2 2 3 17461
854 1 0 17313 1 17315
855 17377 0 16 1 17394
856 2 17473 0 4 17479
857 17742 0 5 0 17747
858 1 0 0 17661 17662
859 0 17708 0 1 17709
860 18030 0 1 0 18031
861 17921 1 3 1 17926
862 17933 2 0 1 17936
863 2 0 17472 1 17475
864 1 17274 0 2 17277
865 0 17524 0 3 17527
866 17674 0 1 0 17675
867 17610 0 1 0 17611
868 1 0 17299 0 17300
869 17263 0 0 1 17264
870 0 17446 0 2 17448
871 0 3 0 17405 17408
872 6 0 17257 0 17263
873 0 17211 0 12 17223
874 2 17418 0 1 17421
875 1 0 1 17511 17513
876 17458 0 8 0 17466
877 1 0 2 17413 17416
878 5 1 17301 0 17307
879 17371 0 0 0 17371
880 17426 0 0 0 17426
881 17375 0 4 0 17379
882 17348 1 2 1 17352
883 1 0 16992 0 16993
884 16841 0 0 2 16843
885 0 12 1 16732 16745
886 1 0 0 16950 16951
887 3 16950 0 0 16953
888 1 12 1 16896 16910
889 0 3 1 16962 16966
890 0 16941 0 1 16942
891 10 2 0 16981 16993
892 1 0 16758 0 16759
893 16832 0 0 3 16835
894 16919 0 9 0 16928
895 0 3 0 16873 16876
896 4 16833 0 0 16837
897 1 1 0 16879 16881
898 16958 0 1 0 16959
899 16905 0 2 0 16907
900 16940 0 1 0 16941
901 6 0 16468 0 16474
902 16477 0 0 0 16477
903 16445 0 3 0 16448
904 2 16465 0 2 16469
905 16613 0 1 0 16614
906 16591 0 0 0 16591
907 16421 0 1 2 16424
908 16 2 0 16092 16110
909 0 30 15847 0 15877
910 0 15961 0 30 15991
911 0 1 1 15798 15800
912 1 16152 0 2 16155
913 2 29 0 16112 16143
914 3 0 16015 0 16018
915 1 16021 0 3 16025
916 28 1 15870 1 15900
917 8 15861 0 21 15890
918 3 16124 0 1 16128
919 1 16100 1 40 16142
920 1 16229 0 80 16310
921 16430 1 3 1 16435
922 16446 1 1 1 16449
923 0 16634 0 0 16634
924 16798 0 1 0 16799
925 16697 0 1 0 16698
926 16574 6 1 1 16582
927 16515 13 31 0 16559
928 1 0 16150 0 16151
929 1 0 15973 7 15981
930 8 16402 0 0 16410
931 0 22 1 16346 16369
932 7 16641 0 0 16648
933 2 0 0 16823 16825
934 16836 5 3 18 16862
935 0 0 16720 1 16721
936 0 5 0 16549 16554
937 0 0 0 16866 16866
938 2 0 16884 0 16886
939 16812 1 1 0 16814
940 1 2 5 16727 16735
941 4 16846 0 0 16850
942 17002 0 5 2 17009
943 16822 0 2 2 16826
944 0 0 16889 0 16889
945 31 1 0 16187 16219
946 2 0 16690 0 16692
947 17011 4 39 0 17054
948 0 0 0 17116 17116
949 1 17434 2 21 17458
950 13 10 17583 1 17607
951 9 0 17512 1 17522
952 17378 0 0 2 17380
953 17553 0 1 0 17554
954 1 0 17324 7 17332
955 5 17959 1 2 17967
956 18185 1 10 0 18196
957 2 0 18063 0 18065
958 18075 0 1 1 18077
959 18196 0 0 0 18196
960 18088 0 3 0 18091
961 1 0 1 17847 17849
962 0 17974 0 1 17975
963 0 18128 0 1 18129
964 18026 1 31 1 18059
965 0 0 18011 0 18011
966 0 0 17742 0 17742
967 4 0 17807 0 17811
968 17810 1 3 0 17814
969 50 1 2 17651 17704
970 0 837 1 17112 17950
971 37 0 17891 7 17935
972 3 18379 2 9 18393
973 18441 12 5 1 18459
974 1 1 18518 13 18533
975 18087 2 8 0 18097
976 1 18461 0 2 18464
977 18469 0 3 1 18473
978 0 2 0 18510 18512
979 0 1 0 18758 18759
980 5 0 18572 0 18577
981 18523 1 3 0 18527
982 18457 1 101 0 18559
983 1 0 18460 0 18461
984 18202 1 0 2 18205
985 0 1 1 18174 18176
986 1 18332 0 2 18335
987 1 2 0 18324 18327
988 18308 0 0 0 18308
989 17831 0 20 0 17851
990 3 17969 0 1 17973
991 1 17846 0 0 17847
992 4 17957 0 0 17961
993 0 9 1 17750 17760
994 6 0 17719 0 17725
995 12 17655 26 0 17693
996 2 0 0 17742 17744
997 0 4 0 17809 17813
998 26 0 17628 1 17655
999 1 17688 0 4 17693
1000 1 1 0 17543 17545
1001 5 17681 0 4 17690
1002 0 0 17914 0 17914
1003 0 6 0 17238 17244
1004 17600 0 3 2 17605
1005 0 0 17804 7 17811
1006 0 1 2 17217 17220
1007 17644 0 1 0 17645
1008 2 1 0 17709 17712
1009 1 0 17749 0 17750
1010 2 0 17621 1 17624
1011 0 1 0 17162 17163
1012 0 17547 0 1 17548
1013 2 2 17749 0 17753
1014 0 0 3 17333 17336
1015 0 2 2 17835 17839
1016 20 0 17855 31 17906
1017 0 1 0 17781 17782
1018 0 0 0 17929 17929
1019 18001 0 2 50 18053
1020 0 0 17709 2 17711
1021 24 0 17470 2 17496
1022 2 17601 1 4 17608
1023 0 17664 0 0 17664
1024 0 17877 0 2 17879
1025 0 3 0 17916 17919
1026 4 18197 0 1 18202
1027 0 1 1 18094 18096
1028 6 0 18182 0 18188
1029 0 2697 0 15346 18043
1030 27 0 18042 10 18079
1031 3 0 17865 1 17869
1032 0 18156 2 2 18160
1033 18129 1 7 1 18138
1034 18104 0 2 0 18106
1035 2 0 18362 1 18365
1036 3 18345 0 0 18348
1037 18551 0 3 0 18554
1038 18503 0 1 0 18504
1039 18303 1 14 0 18318
1040 1 0 18600 0 18601
1041 1 3 0 17724 17728
1042 274 0 18025 2 18301
1043 2 0 18344 1 18347
1044 3 3 4 17860 17870
1045 67 0 18010 0 18077
1046 0 18195 0 2 18197
1047 0 1 0 18403 18404
1048 2 1 1 18404 18408
1049 2 18156 0 3 18161
1050 2 18221 0 4 18227
1051 2 18229 0 12 18243
1052 18261 0 7 1 18269
1053 1 2 0 18242 18245
1054 18266 1 0 0 18267
1055 18062 0 2 0 18064
1056 1 0 17946 0 17947
1057 3 17866 0 1 17870
1058 18021 1 1 0 18023
1059 0 2 0 18126 18128
1060 1 1 0 18062 18064
1061 0 2 0 17982 17984
1062 17769 0 12 0 17781
1063 2 17891 0 7 17900
1064 4 1 17716 2 17723
1065 0 17665 1 3 17669
1066 0 17875 0 4 17879
1067 17997 1 36 1 18035
1068 17855 0 5 0 17860
1069 17990 0 1 0 17991
1070 17905 0 0 0 17905
1071 1 6 0 17882 17889
1072 16984 2 1 14 17001
1073 0 17908 0 19 17927
1074 5 15311 1 2591 17908
1075 0 2 1 17477 17480
1076 1 17913 0 1 17915
1077 17957 0 7 0 17964
1078 17612 0 3 0 17615
1079 4 17883 0 3 17890
1080 1 5 0 17776 17782
1081 17800 0 0 10 17810
1082 0 0 17809 0 17809
1083 0 1 17680 3 17684
1084 1 7 17862 1 17871
1085 1 6 1 16894 16902
1086 2 1 0 17571 17574
1087 0 17628 0 3 17631
1088 17675 3 3 0 17681
1089 17623 0 0 0 17623
1090 2 4 0 17967 17973
1091 0 0 17942 0 17942
1092 0 1 0 17816 17817
1093 0 2 0 17939 17941
1094 3 1 17722 0 17726
1095 17664 0 0 0 17664
1096 17764 1 6 0 17771
1097 2 0 17868 0 17870
1098 17877 0 0 0 17877
1099 2 0 17861 1 17864
1100 0 2 0 17408 17410
1101 17558 0 1 1 17560
1102 0 17813 0 1 17814
1103 2 1 0 17781 17784
1104 3 17823 0 1 17827
1105 0 0 0 17874 17874
1106 17707 0 1 1 17709
1107 0 2 2 17775 17779
1108 1 0 17679 0 17680
1109 1 0 17537 0 17538
1110 1 1 1 17401 17404
1111 0 3 0 17724 17727
1112 0 0 17530 5 17535
1113 0 0 17237 2 17239
1114 13 0 17297 2 17312
1115 0 1 0 16811 16812
1116 17447 1 3 0 17451
1117 2 17699 0 2 17703
1118 3 0 17816 0 17819
1119 17791 1 0 0 17792
1120 17719 1 2 1 17723
1121 1 0 17803 0 17804
1122 1 17607 0 4 17612
1123 0 17845 0 6 17851
1124 18104 5 6 0 18115
1125 0 9 0 18255 18264
1126 1 1 18168 0 18170
1127 3 2 18116 0 18121
1128 1 18209 0 2 18212
1129 0 3 0 17982 17985
1130 1 18275 0 0 18276
1131 0 2 2 18487 18491
1132 0 1 0 18660 18661
1133 0 4 1 18672 18677
1134 18500 0 1 2 18503
1135 0 18597 0 1 18598
1136 18795 1 1 0 18797
1137 18677 0 1 1 18679
1138 0 0 0 18593 18593
1139 18652 0 0 2 18654
1140 0 2 1 18412 18415
1141 1 1 18260 0 18262
1142 5 0 18298 1 18304
1143 1 18314 0 6 18321
1144 18380 0 1 0 18381
1145 18359 0 1 1 18361
1146 0 18201 0 1 18202
1147 17767 2 4 0 17773
1148 0 18296 0 0 18296
1149 1 18334 0 0 18335
1150 0 2 1 18320 18323
1151 2 0 18311 0 18313
1152 2 3 0 18124 18129
1153 0 177 1 18065 18243
1154 1 11 2 18167 18181
1155 0 18027 0 1 18028
1156 0 18073 0 3 18076
1157 17985 0 0 0 17985
1158 3 2 2 18030 18037
1159 17805 1 1 1 17808
1160 1 4 0 17881 17886
1161 1 1 0 18031 18033
1162 17979 0 0 1 17980
1163 17749 0 0 1 17750
1164 14 0 17892 1 17907
1165 17303 1 1 1 17306
1166 17441 16 3 1 17461
1167 0 1 0 17696 17697
1168 5 0 17744 0 17749
1169 3 0 17623 3 17629
1170 1 2 17580 0 17583
1171 63 0 17900 0 17963
1172 2 0 18071 3 18076
1173 17781 0 0 1 17782
1174 0 10 0 18075 18085
1175 2 0 18111 1 18114
1176 17834 0 1 4 17839
1177 2 3 1 18074 18080
1178 5 0 18157 1 18163
1179 0 18198 0 1 18199
1180 18456 0 2 0 18458
1181 18575 0 1 0 18576
1182 18422 0 3 2 18427
1183 0 0 18335 0 18335
1184 1 1 18587 0 18589
1185 18820 1 0 1 18822
1186 0 0 0 19063 19063
1187 19251 0 1 0 19252
1188 19146 0 1 0 19147
1189 19078 2 2 1 19083
1190 3 2 2 18945 18952
1191 1 19403 0 2 19406
1192 606 1 18770 3 19380
1193 0 19599 0 7 19606
1194 19848 0 23 2 19873
1195 19836 1 27 0 19864
1196 0 0 2 20086 20088
1197 1 1 0 20095 20097
1198 20127 1 1 2 20131
1199 1 0 2 20006 20009
1200 0 11 0 19940 19951
1201 0 19933 0 2 19935
1202 1 1 0 20085 20087
1203 0 2 0 19917 19919
1204 1 19793 1 3 19798
1205 19916 0 2 0 19918
1206 0 0 13 19824 19837
1207 3 0 19700 0 19703
1208 0 1 0 19519 19520
1209 1 19663 1 18 19683
1210 0 1 0 19680 19681
1211 0 4 0 19768 19772
1212 2 0 19449 1 19452
1213 0 19322 0 2 19324
1214 1 0 1 19484 19486
1215 1 2 5 19347 19355
1216 0 19534 0 6 19540
1217 52 0 19274 9 19335
1218 3 1 18741 0 18745
1219 19037 0 9 0 19046
1220 5 0 18169 0 18174
1221 0 18739 0 2 18741
1222 2 3 0 19149 19154
1223 3 0 19151 10 19164
1224 1 18938 0 1 18940
1225 2 19109 0 4 19115
1226 1 1 0 19401 19403
1227 19312 1 1 0 19314
1228 0 0 0 19267 19267
1229 0 0 19295 1 19296
1230 19177 0 2 1 19180
1231 19028 0 1 0 19029
1232 1 0 18907 2 18910
1233 18530 0 5 0 18535
1234 1 18939 0 0 18940
1235 2 19090 1 0 19093
1236 0 6 1 19186 19193
1237 8 1 19119 0 19128
1238 18962 0 8 2 18972
1239 0 0 19126 0 19126
1240 18612 2 6 1 18621
1241 1 0 19201 0 19202
1242 0 0 1 18478 18479
1243 0 0 2 18729 18731
1244 0 1 0 18947 18948
1245 1 3 0 19085 19089
1246 5 0 18593 13 18611
1247 0 3 0 18464 18467
1248 1 18614 0 3 18618
1249 0 7 1 18677 18685
1250 20 0 18588 0 18608
1251 0 18626 1 4 18631
1252 18633 0 0 0 18633
1253 4 2 1 18758 18765
1254 2 0 1 18729 18732
1255 18588 0 1 1 18590
1256 18165 0 2 0 18167
1257 0 18446 0 3 18449
1258 48 18167 0 5 18220
1259 5 1 18272 4 18282
1260 31 0 17912 0 17943
1261 1 18023 1 5 18030
1262 18034 0 0 18 18052
1263 3 18729 1 4 18737
1264 19169 0 12 0 19181
1265 782 0 18179 0 18961
1266 19005 1 2 0 19008
1267 18806 0 3 0 18809
1268 0 4 1 19018 19023
1269 3 1 1 18895 18900
1270 2 18993 0 3 18998
1271 19039 0 0 12 19051
1272 18983 3 1 0 18987
1273 0 0 18844 0 18844
1274 1 18495 0 1 18497
1275 6 18728 0 0 18734
1276 0 23 0 18887 18910
1277 18746 0 1 1 18748
1278 0 0 18536 0 18536
1279 18648 1 7 0 18656
1280 1 2 0 18600 18603
1281 5 18788 0 8 18801
1282 18893 0 12 0 18905
1283 5 1 18726 1 18733
1284 0 18627 0 1 18628
1285 18710 0 4 0 18714
1286 2 1 0 18848 18851
1287 1 2 1 18981 18985
1288 18978 1 1 7 18987
1289 18712 1 1 1 18715
1290 18688 2 1 0 18691
1291 18669 1 0 0 18670
1292 0 2 3 18653 18658
1293 15 0 18679 0 18694
1294 7 18562 1 4 18574
1295 18555 16 6 1 18578
1296 18473 18 80 6 18577
1297 1 0 18882 2 18885
1298 1 0 18671 1 18673
1299 1 1 18755 0 18757
1300 2 3 0 18330 18335
1301 0 23 1 18813 18837
1302 0 4 0 18996 19000
1303 0 18970 1 17 18988
1304 1 19057 1 7 19066
1305 19135 1 2 0 19138
1306 1 5 0 19151 19157
1307 3 0 19252 1 19256
1308 0 1 0 18955 18956
1309 1 7 1 19004 19013
1310 1 18914 0 2 18917
1311 0 19126 0 1 19127
1312 19142 0 2 12 19156
1313 0 0 19093 1 19094
1314 0 19008 0 3 19011
1315 19124 0 4 1 19129
1316 18938 0 1 2 18941
1317 18933 1 11 0 18945
1318 2 0 19194 1 19197
1319 0 0 18883 0 18883
1320 18836 1 1 2 18840
1321 19007 0 2 0 19009
1322 4 19048 0 1 19053
1323 18870 1 1 4 18876
1324 153 0 19000 16 19169
1325 10 0 18913 1 18924
1326 2 8 0 17186 17196
1327 18422 0 1 0 18423
1328 4 0 18910 0 18914
1329 18631 0 0 4 18635
1330 18925 0 1 1 18927
1331 2 0 19048 0 19050
1332 1 0 18814 0 18815
1333 18809 1 2 1 18813
1334 18887 6 0 1 18894
1335 1 0 1 18970 18972
1336 6 2 19030 2 19040
1337 2 0 18713 0 18715
1338 4 0 18479 3 18486
1339 18449 0 38 2 18489
1340 11 1 18778 0 18790
1341 9 18759 0 1 18769
1342 19038 0 3 0 19041
1343 5 0 19049 0 19054
1344 0 19446 0 2 19448
1345 1 1 0 19389 19391
1346 0 19755 0 0 19755
1347 0 2 0 19900 19902
1348 3 0 19813 0 19816
1349 19537 0 19 1 19557
1350 0 4 1 19802 19807
1351 2 0 19667 0 19669
1352 0 3 2 19340 19345
1353 2 19422 0 3 19427
1354 0 19680 0 2 19682
1355 19569 0 7 5 19581
1356 1 4 0 19671 19676
1357 1 19851 0 4 19856
1358 19968 0 1 0 19969
1359 19868 0 10 0 19878
1360 1 0 19770 4 19775
1361 6 19676 0 1 19683
1362 0 1 0 19569 19570
1363 1 19503 0 1 19505
1364 1 19825 0 2 19828
1365 19889 0 13 2 19904
1366 442 0 19904 12 20358
1367 1 0 2 19567 19570
1368 0 1 0 19829 19830
1369 0 2 0 20052 20054
1370 0 2 0 20085 20087
1371 2 0 19802 1 19805
1372 1 2 19139 1 19143
1373 6 3 19029 1 19039
1374 23 19012 0 1 19036
1375 1 4 1 18915 18921
1376 3 19143 0 4 19150
1377 0 19547 0 3 19550
1378 91 0 19536 1 19628
1379 19166 0 0 2 19168
1380 1 1 0 19306 19308
1381 6 0 19145 1 19152
1382 18850 0 22 15 18887
1383 0 19263 0 0 19263
1384 7 19430 0 5 19442
1385 19554 0 3 2 19559
1386 2 0 19607 2 19611
1387 19138 1 5 1 19145
1388 0 2 1 19224 19227
1389 0 19418 0 12 19430
1390 1 1 7 19597 19606
1391 10 0 19517 0 19527
1392 3 0 19484 1 19488
1393 1 2 19566 1 19570
1394 1 1 19356 3 19361
1395 0 0 19341 0 19341
1396 60 0 19296 0 19356
1397 19337 0 10 0 19347
1398 19676 0 3 0 19679
1399 0 20025 0 2 20027
1400 6 0 20092 0 20098
1401 19443 0 4 0 19447
1402 19427 3 2 0 19432
1403 1 0 19882 1 19884
1404 1 10 0 18558 18569
1405 19536 0 1 2 19539
1406 167 0 19675 1 19843
1407 1 0 19917 0 19918
1408 1 3 0 18541 18545
1409 20 0 19682 0 19702
1410 8 1 19898 0 19907
1411 19435 1 4 2 19442
1412 1 0 19969 2 19972
1413 19749 1 3 3 19756
1414 1 20151 0 4 20156
1415 3 1 20300 1 20305
1416 5 0 20047 1 20053
1417 19775 0 12 0 19787
1418 3 0 19842 2 19847
1419 1 0 19359 0 19360
1420 2117 0 17256 1 19374
1421 0 1 0 18727 18728
1422 1 19417 0 2 19420
1423 1 14 0 19555 19570
1424 5 1 19604 4 19614
1425 17 1 19364 1 19383
1426 1 19356 0 18 19375
1427 1 19423 0 3 19427
1428 19511 0 9 3 19523
1429 19459 0 1 0 19460
1430 19486 5 4 1 19496
1431 0 1 1 19542 19544
1432 19583 0 1 0 19584
1433 19243 1 1 1 19246
1434 0 1 19240 0 19241
1435 1 19160 0 2 19163
1436 1 2 1 18891 18895
1437 4 0 19015 39 19058
1438 9 18969 1 3 18982
1439 18950 0 0 1 18951
1440 2 1 18688 0 18691
1441 1 18275 0 0 18276
1442 0 18081 0 1 18082
1443 0 18422 0 0 18422
1444 18589 0 5 3 18597
1445 0 0 18711 0 18711
1446 0 0 0 17625 17625
1447 107 1 18139 6 18253
1448 0 2 8 17645 17655
1449 0 2 0 18032 18034
1450 0 4 0 18155 18159
1451 1 0 18123 0 18124
1452 2 17816 0 7 17825
1453 17942 0 1 0 17943
1454 1 1 18103 0 18105
1455 2 3 0 17295 17300
1456 17190 0 1 0 17191
1457 0 0 17196 0 17196
1458 17013 0 1 1 17015
1459 6 2 17132 2 17142
1460 17076 0 0 0 17076
1461 0 0 17219 0 17219
1462 16932 0 2 0 16934
1463 5 16937 0 1 16943
1464 5 17135 1 0 17141
1465 38 0 1 17255 17294
1466 17230 2 1 0 17233
1467 1 1 0 17107 17109
1468 0 14 0 17068 17082
1469 1 0 16803 5 16809
1470 0 16713 6 2 16721
1471 6 1 2 16710 16719
1472 1 16750 1 2 16754
1473 0 0 3 16967 16970
1474 16987 1 2 0 16990
1475 16962 0 1 0 16963
1476 0 1 16883 2 16886
1477 1 16800 0 5 16806
1478 16878 0 5 1 16884
1479 16798 0 8 0 16806
1480 4 0 16788 1 16793
1481 3 16533 0 5 16541
1482 16669 0 14 0 16683
1483 16479 0 1 0 16480
1484 2 0 16376 0 16378
1485 0 16324 0 1 16325
1486 0 8 1 16413 16422
1487 1 0 16404 2 16407
1488 0 2 0 16003 16005
1489 16123 0 16 0 16139
1490 16038 0 0 0 16038
1491 1 0 16156 0 16157
1492 15937 0 1 3 15941
1493 15874 0 3 3 15880
1494 1 0 15845 3 15849
1495 15958 1 0 0 15959
1496 15847 0 1 2 15850
1497 0 0 1 15724 15725
1498 17 0 15599 1 15617
1499 502 15029 0 3 15534
1500 0 2 0 15666 15668
1501 1 0 15636 0 15637
1502 2 1 0 15229 15232
1503 0 15281 0 3 15284
1504 15476 0 1 1 15478
1505 15194 2 0 0 15196
1506 0 1 0 15446 15447
1507 3 0 15429 1 15433
1508 15413 0 1 0 15414
1509 15403 0 0 1 15404
1510 1 3 1 15395 15400
1511 15429 0 0 1 15430
1512 0 0 0 15285 15285
1513 1 2 1 15310 15314
1514 5 0 15085 0 15090
1515 14737 0 5 4 14746
1516 2 0 14879 5 14886
1517 0 0 14713 0 14713
1518 0 0 14635 0 14635
1519 26 0 14246 1 14273
1520 1 14126 0 3 14130
1521 3 0 14534 0 14537
1522 1 32 1 13856 13890
1523 3 0 14181 3 14187
1524 14412 0 2 0 14414
1525 0 2 0 14408 14410
1526 28 2 14244 0 14274
1527 11 14153 0 14 14178
1528 14276 0 2 1 14279
1529 0 0 14341 4 14345
1530 14177 0 15 0 14192
1531 0 0 0 14121 14121
1532 4 1 14111 0 14116
1533 0 2 0 13808 13810
1534 0 13885 0 0 13885
1535 14153 1 4 0 14158
1536 14137 2 0 2 14141
1537 14123 0 2 0 14125
1538 0 0 13974 1 13975
1539 10 0 13662 0 13672
1540 13739 0 1 1 13741
1541 13777 1 0 0 13778
1542 13731 0 0 1 13732
1543 1 2 0 13521 13524
1544 0 13568 2 25 13595
1545 1 1 1 13632 13635
1546 13488 1 3 0 13492
1547 2 13488 0 2 13492
1548 1 0 0 13226 13227
1549 3 13237 0 2 13242
1550 13399 0 1 0 13400
1551 13363 0 1 0 13364
1552 0 0 13456 12 13468
1553 13411 0 1 1 13413
1554 0 0 1 13376 13377
1555 1 0 13285 2 13288
1556 13208 0 2 0 13210
1557 0 1 1 13219 13221
1558 3 0 13256 0 13259
1559 13137 0 0 1 13138
1560 13102 6 0 0 13108
1561 1 2 1 12873 12877
1562 2 0 12770 2 12774
1563 12848 0 0 0 12848
1564 1 12678 28 2 12709
1565 1 2 0 12631 12634
1566 0 12500 0 2 12502
1567 12897 0 0 1 12898
1568 12801 0 1 0 12802
1569 0 16 0 12780 12796
1570 3 0 12666 0 12669
1571 4 0 12495 0 12499
1572 1 12424 0 1 12426
1573 0 0 0 12732 12732
1574 12850 0 2 0 12852
1575 12720 0 0 0 12720
1576 1 0 12762 0 12763
1577 12720 0 2 0 12722
1578 12710 0 0 0 12710
1579 12661 0 1 1 12663
1580 12336 0 2 5 12343
1581 26 12533 0 0 12559
1582 1 12335 0 0 12336
1583 12356 0 2 0 12358
1584 1 0 12257 0 12258
1585 0 0 0 11798 11798
1586 1 0 11980 1 11982
1587 2 0 12054 0 12056
1588 12141 0 0 0 12141
1589 12200 0 2 0 12202
1590 12120 0 1 1 12122
1591 0 2 0 11860 11862
1592 55 0 11637 1 11693
1593 1 11574 1 2 11578
1594 1 3 0 11677 11681
1595 0 13 0 11545 11558
1596 0 0 0 11475 11475
1597 3 11452 2 5 11462
1598 11482 1 1 0 11484
1599 18 1 1 11282 11302
1600 0 15 1 11321 11337
1601 9 0 11127 4 11140
1602 2 0 11045 1 11048
1603 2 0 10976 0 10978
1604 10959 0 1 0 10960
1605 10940 0 0 0 10940
1606 0 0 10814 1 10815
1607 10784 0 1 0 10785
1608 10744 0 0 2 10746
1609 10681 0 0 0 10681
1610 10592 0 0 1 10593
1611 8 0 1 10485 10494
1612 0 0 10417 0 10417
1613 0 1 2 9846 9849
1614 1 2 1 10128 10132
1615 3 0 1 10055 10059
1616 0 9950 0 0 9950
1617 10010 0 1 0 10011
1618 9954 0 0 0 9954
1619 9910 0 0 0 9910
1620 1 3 1 9677 9682
1621 9496 0 0 0 9496
1622 0 1 0 9165 9166
1623 0 9364 0 3 9367
1624 9395 0 0 0 9395
1625 0 3 9193 0 9196
1626 9059 0 1 0 9060
1627 10 9095 0 1 9106
1628 9192 0 2 0 9194
1629 9124 0 1 0 9125
1630 9073 1 0 0 9074
1631 9059 0 1 0 9060
1632 8992 0 0 0 8992
1633 1 9023 0 0 9024
1634 8827 0 1 0 8828
1635 8719 0 0 0 8719
1636 8613 7 1 0 8621
1637 8560 14 0 0 8574
1638 1 8668 0 1 8670
1639 2 8610 0 4 8616
1640 8612 0 0 0 8612
1641 8565 0 0 0 8565
1642 1 19 2 8091 8113
1643 1 8346 0 0 8347
1644 1 8369 0 0 8370
1645 4 8468 0 4 8476
1646 8494 0 0 0 8494
1647 1 0 0 8200 8201
1648 0 1 0 8362 8363
1649 1 0 8505 3 8509
1650 8514 1 0 0 8515
1651 8502 0 3 0 8505
1652 8503 0 1 0 8504
1653 0 0 0 8269 8269
1654 0 1 0 8209 8210
1655 0 8293 0 3 8296
1656 0 8389 0 2 8391
1657 8442 0 0 0 8442
1658 8324 0 0 0 8324
1659 1 0 1 8192 8194
1660 0 1 0 8274 8275
1661 8269 0 0 1 8270
1662 8265 0 3 0 8268
1663 0 0 8040 0 8040
1664 3 7828 0 0 7831
1665 7883 0 1 0 7884
1666 1 0 7670 0 7671
1667 7629 0 0 1 7630
1668 3 7616 0 0 7619
1669 0 7663 0 0 7663
1670 7653 0 1 0 7654
1671 0 1 0 7540 7541
1672 0 7599 0 0 7599
1673 1 7569 0 0 7570
1674 0 7542 0 0 7542
1675 0 7513 0 0 7513
1676 7542 2 3 0 7547
1677 7423 0 0 1 7424
1678 1 0 1 7340 7342
1679 0 1 2 7334 7337
1680 1 0 0 7244 7245
1681 0 7318 0 1 7319
1682 0 0 0 7345 7345
1683 1 0 0 7215 7216
1684 0 7220 0 0 7220
1685 0 1 0 7170 7171
1686 0 0 0 7160 7160
1687 0 0 10 7216 7226
1688 5 0 7137 1 7143
1689 0 0 7127 2 7129
1690 0 0 7008 8 7016
1691 7050 0 2 0 7052
1692 0 0 6987 0 6987
1693 2 0 6918 1 6921
1694 1 0 6901 1 6903
1695 7004 0 0 1 7005
1696 4 6776 0 0 6780
1697 6858 0 2 0 6860
1698 3 6828 0 3 6834
1699 6884 0 4 1 6889
1700 1 0 6794 0 6795
1701 0 6725 0 0 6725
1702 6702 0 1 0 6703
1703 0 0 6521 1 6522
1704 6367 0 0 1 6368
1705 0 0 6319 1 6320
1706 4 0 6236 1 6241
1707 6236 0 2 0 6238
1708 0 1 0 6178 6179
1709 0 0 0 6196 6196
1710 6190 0 0 0 6190
1711 0 0 0 6144 6144
1712 0 0 6058 1 6059
1713 5997 0 0 0 5997
1714 0 1 0 5942 5943
1715 14 0 5794 0 5808
1716 5539 0 0 1 5540
1717 1 5738 0 0 5739
1718 1 5747 0 0 5748
1719 1 0 0 5651 5652
1720 1 5714 0 2 5717
1721 46 0 5684 0 5730
1722 5627 0 0 0 5627
1723 0 3 0 5635 5638
1724 0 1 0 5637 5638
1725 5566 0 0 0 5566
1726 0 1 0 5538 5539
1727 0 0 0 5546 5546
1728 5549 0 0 0 5549
1729 5445 0 2 0 5447
1730 5382 0 21 0 5403
1731 2 0 1 5238 5241
1732 0 5308 0 1 5309
1733 5328 0 0 0 5328
1734 5289 0 0 2 5291
1735 0 5273 0 0 5273
1736 5250 0 2 0 5252
1737 5182 0 0 0 5182
1738 5180 0 0 0 5180
1739 5155 1 0 0 5156
1740 0 1 0 5026 5027
1741 5097 0 0 0 5097
1742 32 0 5011 0 5043
1743 4991 0 0 0 4991
1744 1 4952 0 0 4953
1745 4695 0 0 1 4696
1746 1 4974 0 0 4975
1747 0 1 1 4939 4941
1748 5020 0 0 0 5020
1749 0 0 2 4959 4961
1750 0 1 4961 0 4962
1751 4827 0 0 0 4827
1752 2 4984 0 2 4988
1753 0 0 0 4791 4791
1754 0 0 4906 1 4907
1755 0 0 0 4806 4806
1756 1 0 4824 0 4825
1757 4889 0 3 0 4892
1758 1 0 1 4795 4797
1759 0 0 0 4862 4862
1760 0 0 4816 0 4816
1761 0 0 0 4742 4742
1762 0 12 1 4715 4728
1763 0 0 1 4696 4697
1764 0 4616 0 19 4635
1765 4679 0 0 0 4679
1766 4609 0 0 3 4612
1767 0 0 0 4612 4612
1768 4499 0 0 0 4499
1769 3 4558 0 0 4561
1770 1 0 4516 0 4517
1771 0 0 0 4426 4426
1772 0 2 0 4375 4377
1773 0 0 0 4390 4390
1774 0 0 4369 0 4369
1775 0 0 4337 0 4337
1776 4326 0 0 0 4326
1777 4332 0 1 0 4333
1778 0 0 0 4248 4248
1779 0 0 4335 0 4335
1780 0 5 0 4199 4204
1781 0 0 4250 1 4251
1782 1 0 4142 0 4143
1783 0 0 4024 0 4024
1784 0 0 1 3844 3845
1785 18 0 3964 0 3982
1786 0 0 6 3791 3797
1787 0 0 0 3870 3870
1788 0 0 0 3882 3882
1789 3805 0 0 0 3805
1790 0 0 1 3300 3301
1791 0 0 2 3281 3283
1792 0 3168 0 0 3168
1793 0 1 0 2975 2976
1794 0 2721 0 250 2971
1795 2954 0 0 0 2954
1796 0 0 1 2735 2736
1797 0 1 0 2651 2652
1798 2609 0 0 0 2609
1799 2566 0 0 0 2566
1800 2546 0 0 0 2546
1801 2452 0 0 0 2452
1802 33 5 0 2081 2119
1803 1421 0 0 0 1421
1804 1190 0 10 0 1200
1805 1150 0 0 0 1150
1806 0 0 0 1040 1040
1807 793 0 0 0 793
1808 0 0 0 691 691
1809 680 0 0 0 680
1810 649 0 0 0 649
1811 622 0 0 0 622
1812 539 0 0 0 539
1813 492 0 0 0 492
1814 420 0 0 0 420
1815 3 0 0 369 372
1816 0 0 0 0 0
