0 0 0 0 0 0
1 1085 0 0 1 1086
2 0 0 0 1140 1140
3 0 0 1151 0 1151
4 1177 0 0 0 1177
5 0 1196 0 1 1197
6 1201 0 0 0 1201
7 0 1 0 1205 1206
8 0 0 0 1211 1211
9 1191 0 69 0 1260
10 1 13 1245 0 1259
11 0 1413 1 3 1417
12 6 1463 0 14 1483
13 1498 0 1 0 1499
14 1492 0 0 0 1492
15 1498 0 1 0 1499
16 1506 0 0 0 1506
17 0 0 0 1515 1515
18 0 3 0 1517 1520
19 1 0 1519 0 1520
20 1506 0 0 0 1506
21 1512 0 0 0 1512
22 0 4 0 1516 1520
23 0 1 0 1521 1522
24 2 0 1521 0 1523
25 0 0 0 1533 1533
26 0 2 0 1540 1542
27 1539 0 0 0 1539
28 1533 0 0 0 1533
29 1448 0 76 0 1524
30 1187 22 310 0 1519
31 0 1547 0 0 1547
32 1538 0 0 0 1538
33 1534 0 0 0 1534
34 0 1536 0 0 1536
35 0 3 0 1533 1536
36 4 0 1525 0 1529
37 0 1536 0 3 1539
38 0 4 0 1568 1572
39 1553 0 0 0 1553
40 1540 2 0 1 1543
41 0 0 1601 0 1601
42 0 0 1760 0 1760
43 1 0 1751 0 1752
44 1773 0 6 0 1779
45 2 1828 0 0 1830
46 1838 0 1 0 1839
47 1819 1 0 0 1820
48 0 0 0 1871 1871
49 0 0 1844 1 1845
50 1856 0 4 0 1860
51 4 0 1903 4 1911
52 1 0 2183 0 2184
53 0 2236 0 2 2238
54 0 2337 0 0 2337
55 2363 0 2 0 2365
56 2412 0 0 0 2412
57 2434 0 0 0 2434
58 2441 1 0 0 2442
59 0 2497 0 1 2498
60 2524 0 1 8 2533
61 0 0 2628 0 2628
62 0 0 4 2645 2649
63 2 0 0 2709 2711
64 0 0 0 2753 2753
65 0 1 1 2759 2761
66 7 0 2740 7 2754
67 2719 0 1 0 2720
68 2749 0 16 0 2765
69 2 0 2752 0 2754
70 1 2757 0 1 2759
71 2674 1 167 0 2842
72 2832 0 0 0 2832
73 2807 0 0 0 2807
74 4 2811 0 0 2815
75 2845 0 0 0 2845
76 2836 0 0 0 2836
77 30 2810 0 1 2841
78 2880 0 3 0 2883
79 0 0 2876 0 2876
80 0 0 0 2840 2840
81 2913 0 0 0 2913
82 1 0 2922 0 2923
83 2888 15 20 2 2925
84 0 2954 0 0 2954
85 8 2814 0 165 2987
86 2967 0 2 0 2969
87 2961 0 0 0 2961
88 0 0 0 2993 2993
89 2998 0 4 0 3002
90 0 1 3 3002 3006
91 2993 0 0 0 2993
92 3009 0 3 6 3018
93 5 3002 0 1 3008
94 3000 0 0 1 3001
95 0 3 4 3016 3023
96 2996 0 0 0 2996
97 3008 0 1 2 3011
98 0 0 0 3026 3026
99 3053 0 0 0 3053
100 3091 0 1 0 3092
101 0 0 3179 0 3179
102 3252 0 0 0 3252
103 3236 0 0 0 3236
104 3245 0 0 0 3245
105 3240 1 2 0 3243
106 0 0 0 3246 3246
107 0 0 1 3271 3272
108 0 3271 1 1 3273
109 3311 1 0 0 3312
110 3308 1 0 0 3309
111 1 1 0 3292 3294
112 3292 0 0 2 3294
113 2 3302 0 2 3306
114 3302 0 3 0 3305
115 0 0 0 3272 3272
116 2 3300 0 1 3303
117 3319 0 1 0 3320
118 3299 2 0 1 3302
119 5 0 3312 1 3318
120 1 0 3286 2 3289
121 3283 1 1 0 3285
122 0 1 0 3314 3315
123 0 0 0 3304 3304
124 0 0 3309 1 3310
125 3271 1 3 0 3275
126 3308 0 0 0 3308
127 3312 0 0 0 3312
128 3323 0 5 0 3328
129 0 0 3310 0 3310
130 3289 0 42 0 3331
131 3327 0 1 0 3328
132 0 0 1 3320 3321
133 2 3294 0 1 3297
134 0 3305 0 0 3305
135 0 5 0 3328 3333
136 0 0 0 3335 3335
137 4 3330 0 1 3335
138 3365 1 9 0 3375
139 5 3362 0 1 3368
140 0 3 0 3378 3381
141 3384 0 0 0 3384
142 3380 0 3 0 3383
143 0 0 3383 0 3383
144 0 0 3357 0 3357
145 3352 0 0 2 3354
146 0 0 1 3366 3367
147 1 0 3390 0 3391
148 3392 0 1 0 3393
149 3390 1 0 0 3391
150 0 0 2855 1 2856
151 0 26 1 2803 2830
152 0 6 2838 0 2844
153 0 0 2784 2 2786
154 0 1 2779 0 2780
155 2 2937 1 4 2944
156 0 2961 0 1 2962
157 3071 0 2 2 3075
158 0 3 1 3106 3110
159 2 1 3099 0 3102
160 2 1 1 3077 3081
161 0 0 3187 1 3188
162 0 9 0 3197 3206
163 0 0 0 3383 3383
164 0 3499 0 2 3501
165 0 1 0 3613 3614
166 3621 0 1 0 3622
167 3627 0 1 0 3628
168 34 3961 10 47 4052
169 0 0 0 4460 4460
170 1 2 0 4479 4482
171 0 3 0 4530 4533
172 0 4496 0 13 4509
173 0 4517 0 0 4517
174 2 5292 0 1 5295
175 0 0 0 5302 5302
176 0 0 0 5334 5334
177 10 0 5303 0 5313
178 2 0 5265 0 5267
179 2 5340 0 0 5342
180 0 6 1 5338 5345
181 0 5439 1 0 5440
182 0 2 0 5467 5469
183 5480 2 8 0 5490
184 5328 0 1 0 5329
185 1 5346 0 4 5351
186 8 5339 0 8 5355
187 5382 0 1 0 5383
188 5301 0 1 0 5302
189 38 0 5301 0 5339
190 6 0 5321 0 5327
191 0 0 5304 0 5304
192 6 5409 1 3 5419
193 6 0 5457 0 5463
194 5429 0 3 0 5432
195 0 9 0 5439 5448
196 5511 1 2 2 5516
197 0 2 0 5520 5522
198 0 0 5527 0 5527
199 5 0 5468 1 5474
200 0 5510 0 2 5512
201 5569 0 1 1 5571
202 5570 0 2 0 5572
203 5584 1 0 0 5585
204 4 5572 0 4 5580
205 5627 0 0 1 5628
206 4 0 5586 0 5590
207 5573 0 3 1 5577
208 5588 0 1 1 5590
209 1 0 0 5539 5540
210 1 5535 0 2 5538
211 1 5467 0 2 5470
212 0 5512 0 0 5512
213 0 5558 0 4 5562
214 0 1 0 5586 5587
215 0 1 0 5590 5591
216 1 0 5587 0 5588
217 2 0 5523 0 5525
218 5456 0 3 2 5461
219 5531 1 5 0 5537
220 0 2 1 5630 5633
221 5613 0 0 1 5614
222 0 5648 1 0 5649
223 5643 0 2 0 5645
224 5549 0 3 0 5552
225 5527 1 2 2 5532
226 0 0 5507 0 5507
227 0 0 5488 0 5488
228 1 0 5480 0 5481
229 5507 0 1 0 5508
230 1 0 0 5539 5540
231 5579 0 4 0 5583
232 1 5640 0 0 5641
233 5614 0 1 0 5615
234 5631 1 2 0 5634
235 2 5656 1 1 5660
236 0 0 0 5619 5619
237 5 1 0 5666 5672
238 5715 1 3 0 5719
239 5689 0 1 0 5690
240 5642 0 1 0 5643
241 5607 0 1 0 5608
242 2 5608 0 3 5613
243 5655 1 6 0 5662
244 5634 0 3 0 5637
245 5578 0 2 2 5582
246 2 1 0 5489 5492
247 5 0 5456 1 5462
248 4 5491 0 0 5495
249 0 24 0 5554 5578
250 0 0 5530 0 5530
251 5501 0 0 2 5503
252 5514 0 0 0 5514
253 0 0 5493 1 5494
254 5460 0 0 0 5460
255 1 5561 0 1 5563
256 5579 1 1 0 5581
257 0 0 0 5571 5571
258 5596 1 1 1 5599
259 0 0 5562 1 5563
260 0 0 5519 0 5519
261 5552 0 0 0 5552
262 5536 0 0 0 5536
263 1 5532 0 0 5533
264 5 5561 1 2 5569
265 5618 1 3 0 5622
266 5635 0 0 0 5635
267 5583 0 5 2 5590
268 1 0 5510 0 5511
269 0 1 5517 0 5518
270 3 5507 1 2 5513
271 2 5589 1 0 5592
272 5646 0 0 0 5646
273 5628 0 13 0 5641
274 5621 0 0 1 5622
275 0 4 1 5627 5632
276 0 0 5591 2 5593
277 3 1 0 5383 5387
278 1 0 5479 0 5480
279 1 5520 0 3 5524
280 0 1 0 5533 5534
281 1 5532 0 1 5534
282 5625 0 1 0 5626
283 5586 0 0 1 5587
284 0 3 1 5559 5563
285 5604 0 0 0 5604
286 2 0 5490 0 5492
287 0 5466 0 0 5466
288 5487 0 3 27 5517
289 3 0 5488 1 5492
290 0 5393 0 0 5393
291 5404 0 2 0 5406
292 1 0 5408 3 5412
293 0 0 0 5331 5331
294 0 2 0 5372 5374
295 5371 3 2 3 5379
296 0 5371 0 1 5372
297 0 1 1 5369 5371
298 0 5 0 5396 5401
299 1 0 5370 1 5372
300 0 0 5365 0 5365
301 1 1 4 5090 5096
302 3 1 5437 0 5441
303 0 0 5444 0 5444
304 5448 0 20 0 5468
305 5499 0 1 1 5501
306 0 1 0 5544 5545
307 5502 0 3 0 5505
308 0 5532 0 1 5533
309 5553 0 1 0 5554
310 2 10 0 5497 5509
311 5556 0 2 0 5558
312 1 0 0 5493 5494
313 0 0 5517 0 5517
314 2 0 5493 0 5495
315 5473 0 1 0 5474
316 0 5484 0 0 5484
317 3 5494 0 2 5499
318 5601 0 2 0 5603
319 5599 0 2 0 5601
320 0 6 0 5608 5614
321 5645 1 12 0 5658
322 0 0 5625 2 5627
323 1 0 5606 0 5607
324 5534 0 7 1 5542
325 44 0 5572 1 5617
326 5621 0 2 3 5626
327 5 5615 2 0 5622
328 5681 0 0 1 5682
329 0 5787 0 0 5787
330 46 2 5817 27 5892
331 4 0 5902 0 5906
332 5905 0 2 1 5908
333 5950 0 7 1 5958
334 70 0 5989 2 6061
335 0 0 6250 1 6251
336 0 3 3 5979 5985
337 0 0 0 6267 6267
338 0 1 0 6336 6337
339 0 2 0 6381 6383
340 1 0 6338 0 6339
341 6306 0 1 0 6307
342 6324 0 1 1 6326
343 6298 1 5 2 6306
344 15 0 6268 0 6283
345 15 0 6248 0 6263
346 2 0 6279 1 6282
347 1 0 0 6117 6118
348 1 6205 0 6 6212
349 0 0 1 6278 6279
350 6255 0 2 0 6257
351 0 6249 0 9 6258
352 1 2 6267 2 6272
353 6223 0 1 1 6225
354 6096 0 138 1 6235
355 6220 0 1 0 6221
356 2 0 6170 0 6172
357 1 6151 0 4 6156
358 1 0 0 6174 6175
359 0 0 0 6238 6238
360 0 6 0 6258 6264
361 1 3 0 6246 6250
362 0 1 0 6245 6246
363 0 1 0 6153 6154
364 1 6047 0 12 6060
365 0 1 0 5981 5982
366 1 5973 5 0 5979
367 6011 1 1 0 6013
368 5 0 6005 0 6010
369 5974 0 18 0 5992
370 5981 0 1 0 5982
371 5998 0 6 0 6004
372 5922 0 1 0 5923
373 5868 0 7 0 5875
374 2 9 3 5822 5836
375 55 0 5701 0 5756
376 5672 0 3 0 5675
377 0 0 5681 0 5681
378 5632 0 9 1 5642
379 2 5637 0 0 5639
380 1 2 0 5630 5633
381 2 2 1 5672 5677
382 0 0 5574 0 5574
383 5511 0 4 0 5515
384 5 5492 0 0 5497
385 5354 0 1 0 5355
386 5153 0 7 1 5161
387 1 5136 2 43 5182
388 6 1 5158 0 5165
389 1 5113 0 2 5116
390 0 5131 0 1 5132
391 5084 0 0 2 5086
392 2 5095 4 0 5101
393 1 1 0 5019 5021
394 0 1 0 5005 5006
395 2 0 5015 0 5017
396 1 0 4949 1 4951
397 1 0 4894 0 4895
398 0 1 4930 1 4932
399 1 4905 1 5 4912
400 1 4918 0 1 4920
401 4 0 4954 1 4959
402 17 0 4852 1 4870
403 4662 0 20 1 4683
404 3 1 0 4814 4818
405 4820 0 0 1 4821
406 4755 0 37 0 4792
407 0 4841 0 3 4844
408 0 4 0 4826 4830
409 0 1 0 4861 4862
410 0 0 0 4851 4851
411 0 2 0 4865 4867
412 0 0 4688 0 4688
413 3 0 4533 0 4536
414 8 4615 0 18 4641
415 2 4589 0 4 4595
416 0 4632 0 1 4633
417 4644 1 3 0 4648
418 9 0 4670 0 4679
419 3 0 0 4574 4577
420 0 2 0 4672 4674
421 4 0 4682 3 4689
422 4662 0 1 1 4664
423 4714 0 1 0 4715
424 4707 0 2 0 4709
425 5 0 4659 0 4664
426 4677 0 1 0 4678
427 0 0 4683 0 4683
428 1 0 0 4369 4370
429 5 0 4611 0 4616
430 4564 9 2 0 4575
431 2 0 4705 0 4707
432 4725 0 9 0 4734
433 4757 0 0 0 4757
434 4760 0 1 0 4761
435 4759 0 0 0 4759
436 4703 27 1 0 4731
437 6 0 4703 1 4710
438 4542 0 11 0 4553
439 0 0 4624 0 4624
440 0 0 0 4425 4425
441 4522 0 1 0 4523
442 0 4568 0 2 4570
443 0 0 0 4575 4575
444 4550 0 0 0 4550
445 0 4613 0 0 4613
446 0 1 0 4579 4580
447 4610 0 3 0 4613
448 4588 0 0 0 4588
449 4410 0 0 0 4410
450 6 4537 0 4 4547
451 2 4413 0 0 4415
452 1 4491 0 0 4492
453 1 4 0 4390 4395
454 1 4487 0 1 4489
455 1 1 0 4390 4392
456 1 4462 0 0 4463
457 4396 0 0 1 4397
458 0 4455 0 1 4456
459 0 4499 0 2 4501
460 4497 0 1 0 4498
461 4456 0 0 0 4456
462 2 0 4474 0 4476
463 0 0 4458 0 4458
464 4465 0 3 0 4468
465 4471 0 6 0 4477
466 4488 0 0 0 4488
467 0 3 0 4385 4388
468 1 0 4389 0 4390
469 0 4308 0 2 4310
470 3 4337 0 3 4343
471 0 0 1 4321 4322
472 2 4302 1 2 4307
473 2 4391 1 0 4394
474 79 0 4333 3 4415
475 1 0 4353 0 4354
476 4307 0 2 0 4309
477 1 2 0 4318 4321
478 1 0 4326 1 4328
479 4326 3 1 8 4338
480 1 1 4325 2 4329
481 1 0 4253 1 4255
482 0 4272 0 1 4273
483 6 0 4254 9 4269
484 4204 1 16 0 4221
485 10 1 4264 0 4275
486 0 4227 0 3 4230
487 4235 0 1 1 4237
488 4237 0 16 2 4255
489 1 4 0 4306 4311
490 0 0 4357 0 4357
491 1 1 3 4334 4339
492 14 0 4578 0 4592
493 4603 1 2 1 4607
494 0 1 0 4643 4644
495 4668 0 0 0 4668
496 4646 0 0 2 4648
497 0 1 0 4950 4951
498 0 0 5005 0 5005
499 0 0 5141 2 5143
500 5164 0 1 0 5165
501 5230 0 1 0 5231
502 5237 0 0 0 5237
503 0 1 0 5226 5227
504 5281 0 0 0 5281
505 0 25 0 5210 5235
506 0 1 0 5266 5267
507 11 0 5265 0 5276
508 1 0 0 5173 5174
509 0 2 0 5212 5214
510 0 5186 0 3 5189
511 1 5104 0 0 5105
512 2 5234 0 2 5238
513 0 1 0 5335 5336
514 5355 1 0 0 5356
515 5287 1 0 0 5288
516 5261 0 2 0 5263
517 1 0 5311 4 5316
518 5257 0 0 0 5257
519 5287 8 0 3 5298
520 2 0 5275 2 5279
521 1 5270 0 1 5272
522 5349 2 4 3 5358
523 0 0 5456 1 5457
524 0 0 5426 1 5427
525 5472 0 2 0 5474
526 5477 0 1 0 5478
527 0 0 0 5424 5424
528 5448 0 0 0 5448
529 1 5440 1 0 5442
530 0 5466 0 0 5466
531 5541 0 2 2 5545
532 5869 0 0 1 5870
533 0 0 5823 1 5824
534 5867 0 2 1 5870
535 0 0 5861 1 5862
536 5927 0 0 2 5929
537 5885 1 1 0 5887
538 1 0 0 5807 5808
539 0 5812 0 0 5812
540 4 5810 0 4 5818
541 5811 0 0 2 5813
542 1 5935 0 1 5937
543 0 3 0 5881 5884
544 3 1 1 5944 5949
545 0 0 5945 1 5946
546 0 0 5905 1 5906
547 5859 0 3 2 5864
548 1 1 0 5925 5927
549 5947 0 0 2 5949
550 0 5962 0 2 5964
551 5918 0 1 1 5920
552 0 13 3 5918 5934
553 5907 6 1 3 5917
554 26 0 5859 0 5885
555 7 0 5863 0 5870
556 4 0 5853 0 5857
557 5837 0 2 0 5839
558 5936 0 3 0 5939
559 4 5932 0 1 5937
560 0 0 0 5986 5986
561 15 0 5955 1 5971
562 5891 0 4 0 5895
563 5 0 0 5975 5980
564 5985 0 2 2 5989
565 5962 0 0 1 5963
566 5964 1 5 0 5970
567 5976 0 15 0 5991
568 0 0 5981 0 5981
569 6107 0 3 0 6110
570 6207 0 2 0 6209
571 6241 0 3 0 6244
572 6217 0 1 0 6218
573 6249 0 1 1 6251
574 6206 0 3 0 6209
575 33 0 6158 0 6191
576 6150 0 1 1 6152
577 1 0 6272 0 6273
578 6280 0 3 1 6284
579 6339 0 2 0 6341
580 6307 0 0 0 6307
581 6274 0 0 0 6274
582 6253 0 0 1 6254
583 4 2 1 6164 6171
584 2 0 0 6153 6155
585 15 0 6056 1 6072
586 6072 0 0 0 6072
587 6093 0 3 0 6096
588 6110 1 14 0 6125
589 4 0 6073 0 6077
590 7 0 6026 0 6033
591 6080 0 5 0 6085
592 6092 0 12 1 6105
593 3 6081 3 1 6088
594 6083 0 1 0 6084
595 6041 0 0 0 6041
596 0 1 1 6033 6035
597 7 0 6046 1 6054
598 6038 0 1 1 6040
599 0 1 0 6017 6018
600 6063 0 0 0 6063
601 5998 0 0 0 5998
602 2 6031 0 1 6034
603 0 2 0 5882 5884
604 0 6007 0 0 6007
605 1 6029 2 0 6032
606 6120 0 1 0 6121
607 6056 1 0 0 6057
608 0 4 2 5948 5954
609 19 6048 1 3 6071
610 10 0 6054 0 6064
611 0 3 1 5918 5922
612 6023 0 40 5 6068
613 6 6167 0 12 6185
614 1 3 0 6114 6118
615 10 2 6129 2 6143
616 4 1 6049 1 6055
617 1 6186 0 4 6191
618 6251 0 2 1 6254
619 0 2 3 6228 6233
620 6252 0 1 1 6254
621 1 6261 1 0 6263
622 6277 1 0 0 6278
623 1 2 2 6246 6251
624 0 0 6269 1 6270
625 16 6205 0 1 6222
626 1 0 0 6350 6351
627 0 2 0 6407 6409
628 1 0 6412 0 6413
629 6372 0 3 1 6376
630 6420 0 0 0 6420
631 6448 0 1 0 6449
632 2 0 6428 0 6430
633 6468 1 0 0 6469
634 3 1 6421 2 6427
635 6432 0 2 0 6434
636 6435 0 24 1 6460
637 19 6527 2 1 6549
638 0 2 1 6462 6465
639 4 0 6541 4 6549
640 0 0 6486 0 6486
641 1 0 0 6415 6416
642 0 0 2 6510 6512
643 0 0 6553 0 6553
644 6 6709 0 2 6717
645 0 1 0 6712 6713
646 0 6829 0 2 6831
647 2 0 6833 1 6836
648 6726 0 0 0 6726
649 6790 0 1 1 6792
650 0 0 6918 0 6918
651 6897 0 1 1 6899
652 6939 0 0 0 6939
653 1 0 6960 0 6961
654 6975 1 9 0 6985
655 1 2 1 6960 6964
656 0 0 1 6997 6998
657 1 6989 0 5 6995
658 1 3 2 7000 7006
659 0 1 0 7025 7026
660 41 1 6948 0 6990
661 1 6890 0 7 6898
662 0 6958 0 2 6960
663 7002 1 1 0 7004
664 1 1 6929 1 6932
665 1 1 1 6865 6868
666 14 0 6936 0 6950
667 2 0 6868 0 6870
668 1 6926 0 6 6933
669 6978 0 1 0 6979
670 4 0 6991 0 6995
671 1 0 6806 1 6808
672 6169 0 0 0 6169
673 1 0 6110 0 6111
674 0 6100 0 0 6100
675 6300 1 7 3 6311
676 6799 0 0 0 6799
677 1 6027 0 0 6028
678 6414 2 3 1 6420
679 1 0 0 5773 5774
680 0 6120 0 0 6120
681 6199 1 0 1 6201
682 3 0 6098 0 6101
683 2 6215 1 1 6219
684 0 0 1 6335 6336
685 2 0 6397 0 6399
686 5880 3 2 0 5885
687 8 0 6352 1 6361
688 0 1 5 5625 5631
689 2 0 0 6330 6332
690 2 6161 0 1 6164
691 6220 0 1 1 6222
692 0 0 0 6364 6364
693 6515 0 3 0 6518
694 2 0 6014 0 6016
695 6137 0 1 0 6138
696 6699 0 2 0 6701
697 6829 0 2 0 6831
698 0 0 1 5900 5901
699 1 0 6008 2 6011
700 3 6017 0 12 6032
701 0 1 0 6278 6279
702 6282 0 4 1 6287
703 2 6302 0 3 6307
704 6126 0 2 0 6128
705 2 6114 0 2 6118
706 0 2 0 5996 5998
707 0 0 6141 0 6141
708 1 6196 0 5 6202
709 0 7 1 6137 6145
710 0 0 2 6594 6596
711 6330 0 8 1 6339
712 1 6284 0 1 6286
713 6360 0 0 0 6360
714 6664 0 1 1 6666
715 1 0 6008 2 6011
716 0 0 6450 0 6450
717 0 6 5 4359 4370
718 3 0 5809 0 5812
719 5929 0 3 1 5933
720 6573 1 9 0 6583
721 6783 0 4 0 6787
722 6900 1 0 0 6901
723 0 1 0 5682 5683
724 0 2 1 6281 6284
725 1 0 5871 1 5873
726 0 0 6309 2 6311
727 5684 0 5 1 5690
728 9 0 5917 0 5926
729 5872 0 3 0 5875
730 4 5952 1 0 5957
731 6190 2 2 0 6194
732 6504 0 9 1 6514
733 6607 0 0 0 6607
734 1 0 2 5631 5634
735 6149 0 2 0 6151
736 0 0 1 5811 5812
737 6034 6 1 0 6041
738 1 0 1 5446 5448
739 0 5299 1 2 5302
740 5479 0 0 0 5479
741 1 5519 1 10 5531
742 3 5957 1 2 5963
743 0 6175 1 2 6178
744 5568 1 1 0 5570
745 0 0 5602 0 5602
746 2 0 5874 0 5876
747 5226 1 7 1 5235
748 2 0 5678 0 5680
749 1 0 5959 0 5960
750 12 0 6041 1 6054
751 5488 0 0 0 5488
752 5947 0 9 0 5956
753 1 15 0 5669 5685
754 5899 0 1 0 5900
755 6120 0 1 0 6121
756 6156 0 0 0 6156
757 0 11 0 5444 5455
758 1 1 0 5847 5849
759 5815 1 4 1 5821
760 5988 0 0 1 5989
761 8 5502 0 1 5511
762 0 2 1 5494 5497
763 3 0 5436 0 5439
764 5612 0 0 0 5612
765 14 2 5588 2 5606
766 1 3 0 5393 5397
767 27 5597 3 2 5629
768 4 5981 0 1 5986
769 5858 0 4 1 5863
770 3 0 5799 0 5802
771 6 1 5969 1 5977
772 1 1 3 5198 5203
773 2 5770 0 0 5772
774 2 2 0 5881 5885
775 0 6004 1 1 6006
776 6135 0 2 2 6139
777 6249 1 1 0 6251
778 0 0 1 5994 5995
779 0 5921 0 0 5921
780 6031 1 20 2 6054
781 6186 0 0 0 6186
782 1 1 1 5876 5879
783 2 0 5893 0 5895
784 5968 0 3 4 5975
785 0 1 1 6010 6012
786 6099 0 3 2 6104
787 1 0 5928 0 5929
788 0 3 0 5730 5733
789 5940 1 2 0 5943
790 2 0 5858 0 5860
791 2 5870 1 2 5875
792 1 7 0 5930 5938
793 0 1 0 6170 6171
794 2 0 5999 1 6002
795 1 0 0 5786 5787
796 5918 0 1 0 5919
797 1 0 5926 1 5928
798 12 0 6054 1 6067
799 5914 0 3 1 5918
800 6239 0 2 0 6241
801 6324 0 1 0 6325
802 6350 0 2 0 6352
803 2 0 0 6075 6077
804 6193 0 1 1 6195
805 6259 0 1 1 6261
806 0 2 2 5936 5940
807 0 5986 0 3 5989
808 6235 1 2 0 6238
809 2 2 6128 1 6133
810 6266 0 4 0 6270
811 6355 1 0 2 6358
812 1 0 6226 0 6227
813 6304 0 1 0 6305
814 0 2 0 6188 6190
815 0 6444 0 4 6448
816 6583 0 1 0 6584
817 6642 0 1 1 6644
818 3 1 1 6401 6406
819 6556 1 0 2 6559
820 4 0 6496 1 6501
821 0 4 0 6271 6275
822 1 6557 0 11 6569
823 2 0 6607 4 6613
824 1 6357 0 6 6364
825 1 9 5 6374 6389
826 0 0 1 6481 6482
827 1 6413 0 0 6414
828 6499 0 3 2 6504
829 6544 0 0 0 6544
830 6483 4 2 0 6489
831 2 6344 0 3 6349
832 1 6395 0 1 6397
833 2 6462 0 1 6465
834 6211 0 9 2 6222
835 48 6376 1 4 6429
836 1 1 1 6359 6362
837 20 0 6237 0 6257
838 1 0 6334 0 6335
839 6246 0 1 0 6247
840 2 0 6352 1 6355
841 2 6355 1 2 6360
842 0 1 1 6459 6461
843 6433 0 3 1 6437
844 2 0 6421 1 6424
845 1 6380 0 2 6383
846 0 2 0 6463 6465
847 0 0 6527 0 6527
848 0 3 0 6395 6398
849 6551 0 1 1 6553
850 0 0 6496 1 6497
851 6562 0 0 0 6562
852 6656 0 3 0 6659
853 6723 2 4 1 6730
854 0 0 1 6524 6525
855 0 2 0 6689 6691
856 4 0 6568 0 6572
857 2 6573 0 3 6578
858 6725 2 0 0 6727
859 6773 2 0 0 6775
860 6741 1 1 1 6744
861 5 6681 0 0 6686
862 6745 1 2 0 6748
863 6786 1 0 0 6787
864 19 0 6582 0 6601
865 6593 0 1 1 6595
866 2 6670 0 0 6672
867 0 0 1 6684 6685
868 2 1 6720 0 6723
869 0 2 0 6568 6570
870 15 0 6706 1 6722
871 6716 0 1 0 6717
872 2 0 0 6705 6707
873 6777 0 0 0 6777
874 3 0 6690 0 6693
875 6737 0 0 0 6737
876 1 101 0 6585 6687
877 6725 0 1 0 6726
878 0 6778 0 0 6778
879 1 138 1 6683 6823
880 1 0 6793 0 6794
881 6816 0 0 1 6817
882 6726 1 20 0 6747
883 1 6716 0 2 6719
884 2 6808 0 3 6813
885 0 11 0 6786 6797
886 1 45 0 6837 6883
887 3 0 1 6901 6905
888 6930 2 2 0 6934
889 6901 1 1 1 6904
890 6868 3 0 0 6871
891 9 0 6718 1 6728
892 1 1 0 6528 6530
893 2 6669 0 0 6671
894 6839 0 0 0 6839
895 0 1 1 6767 6769
896 1 0 6730 0 6731
897 2 7 3 6650 6662
898 1 6751 0 2 6754
899 0 3 0 6696 6699
900 3 0 6696 0 6699
901 1 3 6666 0 6670
902 1 6596 0 1 6598
903 6669 0 3 4 6676
904 1 1 6659 0 6661
905 2 6545 0 1 6548
906 0 6643 0 7 6650
907 6694 0 13 1 6708
908 0 0 0 6687 6687
909 6672 0 1 1 6674
910 1 0 6646 0 6647
911 6541 0 2 0 6543
912 0 6627 0 4 6631
913 1 0 6620 2 6623
914 1 0 6585 1 6587
915 6335 1 122 4 6462
916 0 0 6579 0 6579
917 0 0 6579 0 6579
918 0 7 0 6138 6145
919 3 0 6502 1 6506
920 6544 0 0 0 6544
921 2 0 0 6579 6581
922 2 0 6570 0 6572
923 0 1 0 6442 6443
924 6530 1 0 1 6532
925 2 0 6437 0 6439
926 0 6433 0 0 6433
927 1 15 0 6453 6469
928 0 2 0 6471 6473
929 0 0 6458 0 6458
930 1 0 1 6322 6324
931 3 0 6379 1 6383
932 6354 0 1 0 6355
933 3 6348 0 9 6360
934 6361 0 0 0 6361
935 0 0 0 6310 6310
936 6323 0 0 0 6323
937 6329 0 2 0 6331
938 0 0 0 6317 6317
939 6327 0 12 0 6339
940 6312 1 0 0 6313
941 0 0 6194 0 6194
942 6138 0 1 0 6139
943 2 1 6128 0 6131
944 1 6126 0 1 6128
945 1 2 4 6141 6148
946 2 0 6127 3 6132
947 2 6105 0 1 6108
948 6159 1 0 0 6160
949 0 21 0 6082 6103
950 1 2 0 6152 6155
951 6166 0 3 0 6169
952 0 0 6076 0 6076
953 1 0 6021 1 6023
954 6031 0 5 1 6037
955 3 5992 0 2 5997
956 1 1 1 6111 6114
957 6154 0 1 0 6155
958 6110 0 0 0 6110
959 6066 1 0 0 6067
960 7 0 6067 1 6075
961 5937 0 19 1 5957
962 0 0 0 5870 5870
963 3 5939 0 14 5956
964 5948 1 0 0 5949
965 14 0 5906 0 5920
966 5845 0 18 0 5863
967 2 5829 1 2 5834
968 5920 0 1 0 5921
969 5859 1 0 0 5860
970 5822 1 0 0 5823
971 0 0 5770 1 5771
972 5687 0 18 0 5705
973 1 5728 2 2 5733
974 5817 0 0 3 5820
975 5754 0 1 0 5755
976 5702 1 0 0 5703
977 0 0 5659 0 5659
978 5645 0 5 1 5651
979 0 2 2 5544 5548
980 0 0 1 5560 5561
981 0 3 0 5609 5612
982 0 1 5524 0 5525
983 1 0 5517 0 5518
984 5497 1 23 2 5523
985 2 5487 0 2 5491
986 6 0 5436 0 5442
987 15 0 5411 0 5426
988 0 5439 0 2 5441
989 0 1 1 5458 5460
990 10 4 1 5524 5539
991 1 0 5472 1 5474
992 5364 0 5 1 5370
993 4 0 5387 2 5393
994 3 5340 0 12 5355
995 0 0 0 5460 5460
996 5472 0 0 0 5472
997 5468 1 0 0 5469
998 5509 0 1 0 5510
999 5503 0 1 0 5504
1000 5511 0 7 0 5518
1001 12 0 5439 1 5452
1002 5401 1 9 0 5411
1003 5409 0 2 0 5411
1004 0 2 0 5376 5378
1005 5400 2 2 1 5405
1006 0 1 0 5286 5287
1007 2 5348 0 2 5352
1008 5378 0 1 0 5379
1009 2 0 5335 1 5338
1010 3 0 5274 4 5281
1011 5214 2 1 0 5217
1012 5299 3 1 2 5305
1013 1 1 5417 0 5419
1014 5400 0 79 0 5479
1015 3 0 5460 0 5463
1016 1 0 5426 0 5427
1017 5421 0 2 0 5423
1018 0 4 6 5334 5344
1019 1 0 0 5414 5415
1020 1 5421 0 6 5428
1021 5517 0 3 0 5520
1022 5528 0 2 0 5530
1023 5538 0 2 0 5540
1024 5480 0 0 1 5481
1025 5392 0 3 0 5395
1026 0 2 0 5299 5301
1027 10 0 5216 3 5229
1028 5147 0 0 0 5147
1029 0 122 0 4997 5119
1030 1 0 5129 5 5135
1031 5087 0 0 0 5087
1032 5063 0 1 0 5064
1033 11 0 5104 1 5116
1034 5061 0 0 0 5061
1035 5076 0 0 1 5077
1036 5038 0 1 0 5039
1037 1 3 0 4991 4995
1038 5032 0 1 1 5034
1039 0 2 2 4977 4981
1040 0 2 0 4971 4973
1041 5025 0 8 0 5033
1042 4942 0 6 1 4949
1043 1 5 2 4885 4893
1044 4954 3 0 1 4958
1045 1 0 4874 0 4875
1046 0 0 4828 0 4828
1047 4 1 4754 0 4759
1048 4799 0 0 0 4799
1049 4811 3 1 0 4815
1050 2 4810 0 2 4814
1051 0 0 4795 1 4796
1052 4 0 4818 1 4823
1053 4802 0 2 0 4804
1054 4833 2 0 0 4835
1055 1 4814 2 0 4817
1056 4854 0 1 0 4855
1057 4840 0 0 0 4840
1058 0 0 0 4753 4753
1059 4761 0 2 1 4764
1060 8 4771 0 2 4781
1061 4812 1 1 1 4815
1062 9 0 4799 2 4810
1063 4770 0 1 0 4771
1064 4737 0 2 0 4739
1065 2 0 4738 1 4741
1066 4702 0 0 3 4705
1067 0 0 1 4643 4644
1068 0 6 1 4743 4750
1069 0 0 4805 0 4805
1070 0 0 4746 1 4747
1071 4737 0 6 0 4743
1072 4747 0 1 1 4749
1073 0 0 2 4694 4696
1074 4717 1 0 0 4718
1075 0 0 1 4704 4705
1076 1 0 4728 0 4729
1077 1 0 4656 0 4657
1078 0 1 4612 0 4613
1079 4585 3 2 0 4590
1080 3 4578 0 4 4585
1081 0 1 4609 2 4612
1082 0 0 4613 1 4614
1083 1 0 4655 0 4656
1084 2 1 4644 0 4647
1085 4644 0 3 0 4647
1086 4724 0 1 1 4726
1087 1 0 4705 0 4706
1088 4705 1 2 1 4709
1089 2 0 4782 0 4784
1090 0 0 4760 0 4760
1091 4741 1 1 0 4743
1092 7 0 4926 0 4933
1093 0 1 0 4839 4840
1094 0 0 0 4876 4876
1095 3 4887 0 1 4891
1096 1 4949 0 2 4952
1097 4970 0 2 0 4972
1098 0 1 0 4973 4974
1099 6 2 4995 0 5003
1100 1 1 0 4898 4900
1101 4956 0 15 0 4971
1102 4907 0 1 0 4908
1103 18 0 4953 0 4971
1104 4852 0 1 0 4853
1105 0 2 0 4884 4886
1106 1 0 4929 0 4930
1107 0 5 0 4704 4709
1108 0 0 4933 0 4933
1109 0 0 4991 0 4991
1110 0 3 1 4820 4824
1111 2 0 4923 1 4926
1112 4967 0 2 0 4969
1113 4983 0 3 0 4986
1114 1 0 0 4979 4980
1115 2 0 4943 0 4945
1116 1 4870 0 12 4883
1117 4909 2 0 1 4912
1118 2 2 5124 0 5128
1119 5 0 5159 2 5166
1120 3 0 6200 1 6204
1121 3 0 6303 2 6308
1122 6251 0 4 1 6256
1123 6312 0 1 0 6313
1124 1 1 0 6359 6361
1125 6398 0 5 2 6405
1126 0 5 1 6465 6471
1127 0 0 1 6537 6538
1128 6553 0 1 0 6554
1129 6655 0 1 0 6656
1130 6740 0 3 0 6743
1131 6742 0 2 0 6744
1132 6738 0 0 0 6738
1133 6672 0 6 0 6678
1134 4 1 6703 0 6708
1135 6606 0 1 0 6607
1136 10 0 6760 0 6770
1137 0 2 0 6493 6495
1138 6741 0 0 1 6742
1139 6767 1 3 0 6771
1140 6728 0 0 0 6728
1141 6727 0 3 0 6730
1142 1 0 1 6724 6726
1143 2 0 6692 0 6694
1144 6665 0 2 0 6667
1145 6658 1 3 0 6662
1146 6610 0 2 3 6615
1147 4 6632 0 16 6652
1148 0 0 0 6582 6582
1149 10 0 6649 2 6661
1150 2 0 6657 3 6662
1151 6610 1 13 1 6625
1152 6672 0 2 0 6674
1153 6693 0 1 0 6694
1154 6682 0 0 1 6683
1155 6699 1 1 0 6701
1156 1 6658 0 1 6660
1157 2 0 1 6581 6584
1158 6620 0 1 0 6621
1159 6 6584 2 2 6594
1160 2 0 0 6623 6625
1161 10 0 6604 1 6615
1162 6545 0 3 2 6550
1163 0 1 0 6564 6565
1164 6612 0 0 1 6613
1165 6592 0 0 0 6592
1166 6556 1 1 0 6558
1167 0 1 0 6496 6497
1168 0 2 1 6462 6465
1169 3 6462 0 16 6481
1170 6505 0 1 0 6506
1171 0 1 6483 3 6487
1172 0 6415 0 3 6418
1173 0 6423 0 3 6426
1174 6542 0 1 0 6543
1175 6515 0 0 1 6516
1176 6499 1 3 0 6503
1177 6512 0 2 0 6514
1178 6449 0 10 1 6460
1179 10 2 6493 7 6512
1180 1 0 6451 1 6453
1181 6373 1 1 1 6376
1182 2 0 6507 0 6509
1183 1 0 6478 3 6482
1184 6503 0 0 0 6503
1185 0 3 0 6484 6487
1186 6549 0 5 0 6554
1187 0 0 0 6562 6562
1188 1 0 6547 0 6548
1189 6511 0 0 0 6511
1190 7 0 6518 2 6527
1191 6382 0 6 1 6389
1192 0 0 6404 0 6404
1193 6451 0 3 0 6454
1194 0 5 0 6515 6520
1195 0 2 0 6565 6567
1196 4 0 1 6596 6601
1197 6718 0 1 1 6720
1198 6610 37 0 0 6647
1199 0 2 0 6690 6692
1200 6746 0 0 0 6746
1201 6700 2 0 0 6702
1202 0 0 0 6763 6763
1203 23 6798 1 20 6842
1204 0 7 0 6831 6838
1205 0 0 0 6898 6898
1206 6878 2 0 1 6881
1207 6 0 0 6883 6889
1208 0 0 6904 0 6904
1209 1 6850 0 9 6860
1210 6923 0 0 1 6924
1211 0 0 1 7001 7002
1212 3 0 7018 3 7024
1213 4 0 6999 0 7003
1214 0 1 0 6708 6709
1215 7100 0 4 0 7104
1216 0 0 0 7220 7220
1217 0 0 0 7302 7302
1218 1 4 0 7283 7288
1219 0 0 1 7306 7307
1220 2 7258 0 7 7267
1221 50 1 0 7215 7266
1222 4 7292 0 1 7297
1223 7392 0 2 0 7394
1224 7381 1 1 0 7383
1225 1 0 7380 0 7381
1226 7369 0 1 0 7370
1227 4 7355 0 4 7363
1228 7363 0 1 1 7365
1229 1 7543 0 5 7549
1230 0 4 1 7542 7547
1231 7610 0 1 2 7613
1232 9 1 7728 2 7740
1233 22 0 7695 0 7717
1234 7655 0 0 1 7656
1235 0 0 0 7726 7726
1236 2 1 7781 0 7784
1237 0 1 0 7769 7770
1238 0 2 0 7756 7758
1239 2 7711 0 4 7717
1240 1 7739 0 1 7741
1241 7806 0 1 1 7808
1242 7752 0 2 1 7755
1243 0 0 7823 1 7824
1244 3 0 7737 0 7740
1245 30 1 7736 3 7770
1246 2 0 7789 2 7793
1247 1 2 0 7399 7402
1248 2 0 7601 0 7603
1249 7728 1 40 1 7770
1250 0 0 7878 0 7878
1251 7860 0 1 0 7861
1252 0 0 7965 0 7965
1253 2 0 7948 0 7950
1254 7851 0 6 1 7858
1255 1 0 7966 0 7967
1256 7960 0 0 1 7961
1257 7890 0 163 2 8055
1258 8094 1 5 2 8102
1259 0 0 0 8170 8170
1260 8260 0 1 0 8261
1261 8254 0 0 0 8254
1262 8243 0 3 2 8248
1263 3 3 0 8420 8426
1264 0 5 0 8419 8424
1265 0 1 0 8531 8532
1266 2 13 1 8621 8637
1267 1 8630 0 5 8636
1268 0 0 0 8642 8642
1269 1 2 0 8653 8656
1270 8702 0 1 0 8703
1271 8655 0 4 0 8659
1272 0 2 0 8586 8588
1273 2 8631 0 2 8635
1274 1 0 8612 0 8613
1275 8518 0 4 0 8522
1276 0 0 8532 0 8532
1277 1 8451 0 3 8455
1278 7731 0 16 727 8474
1279 0 0 8474 1 8475
1280 9 0 8318 0 8327
1281 0 8323 0 8 8331
1282 2 8332 0 0 8334
1283 8431 0 4 0 8435
1284 8257 0 0 1 8258
1285 5 8473 2 1 8481
1286 0 4 2 8396 8402
1287 0 2 0 8364 8366
1288 0 1 1 8377 8379
1289 0 1 0 8398 8399
1290 8277 1 26 2 8306
1291 0 1 1 7952 7954
1292 0 7943 0 0 7943
1293 1 12 0 7850 7863
1294 5 7883 0 0 7888
1295 1 7882 0 2 7885
1296 7896 6 4 0 7906
1297 7778 9 0 0 7787
1298 0 1 2 7757 7760
1299 0 0 7704 0 7704
1300 0 5 0 7491 7496
1301 7532 0 3 0 7535
1302 0 7615 0 13 7628
1303 2 7522 0 0 7524
1304 7626 0 3 0 7629
1305 7557 0 3 1 7561
1306 1 7599 0 0 7600
1307 1 3 1 7468 7473
1308 4 7485 0 1 7490
1309 5 7530 1 2 7538
1310 7474 2 0 0 7476
1311 7432 1 1 0 7434
1312 7 7485 0 1 7493
1313 0 0 7434 1 7435
1314 7373 0 25 1 7399
1315 1 1 1 7420 7423
1316 7422 0 1 0 7423
1317 3 19 1 7372 7395
1318 0 0 1 7407 7408
1319 0 2 1 7438 7441
1320 0 0 1 7434 7435
1321 0 5 1 7320 7326
1322 0 0 2 7293 7295
1323 7 0 6985 2 6994
1324 7012 0 2 0 7014
1325 6878 0 19 0 6897
1326 0 0 0 6972 6972
1327 6983 0 1 0 6984
1328 0 0 6896 0 6896
1329 6913 0 4 1 6918
1330 6917 1 0 0 6918
1331 3 0 6750 2 6755
1332 4 6705 1 0 6710
1333 6774 0 1 0 6775
1334 6682 1 8 0 6691
1335 1 6647 0 23 6671
1336 3 0 6650 1 6654
1337 6439 0 5 0 6444
1338 0 6616 4 1 6621
1339 2 6625 1 4 6632
1340 0 11 0 6648 6659
1341 0 10 3 6700 6713
1342 2 0 1 6725 6728
1343 1 4 0 6677 6682
1344 2 1 0 6662 6665
1345 9 0 6562 0 6571
1346 6489 8 1 1 6499
1347 1 3 1 6466 6471
1348 2 6504 0 4 6510
1349 6501 0 1 0 6502
1350 6385 0 2 0 6387
1351 1 9 0 6361 6371
1352 2 2 6389 1 6394
1353 1 0 6311 0 6312
1354 0 0 6298 4 6302
1355 0 0 6335 0 6335
1356 9 0 6352 4 6365
1357 1 0 0 5892 5893
1358 6280 0 0 0 6280
1359 0 0 1 6345 6346
1360 0 0 6379 0 6379
1361 6270 0 3 1 6274
1362 62 2 6208 1 6273
1363 3 0 6221 0 6224
1364 6291 0 1 0 6292
1365 6349 0 0 0 6349
1366 2 1 1 6289 6293
1367 1 6218 0 4 6223
1368 6086 0 3 4 6093
1369 1 6373 0 1 6375
1370 5 6383 0 2 6390
1371 4 6255 0 125 6384
1372 6452 1 0 0 6453
1373 6512 1 1 0 6514
1374 6495 1 2 0 6498
1375 3 0 6409 1 6413
1376 2 6408 0 8 6418
1377 6512 0 26 0 6538
1378 6499 0 0 0 6499
1379 0 0 6502 1 6503
1380 1 1 0 6289 6291
1381 4 0 6395 0 6399
1382 6425 0 1 2 6428
1383 6463 0 0 0 6463
1384 0 6430 0 0 6430
1385 0 0 0 6420 6420
1386 6378 0 2 1 6381
1387 31 6364 2 0 6397
1388 6369 0 1 0 6370
1389 0 2 1 6321 6324
1390 0 0 6329 0 6329
1391 1 2 6301 2 6306
1392 4 0 6255 1 6260
1393 5604 1 633 0 6238
1394 0 3 1 6232 6236
1395 6264 0 1 0 6265
1396 6282 0 0 1 6283
1397 6276 1 2 0 6279
1398 2 1 2 6206 6211
1399 7 0 6175 1 6183
1400 6134 2 2 3 6141
1401 6087 0 1 0 6088
1402 0 0 1 5982 5983
1403 1 6055 0 1 6057
1404 6083 0 3 2 6088
1405 6014 0 2 1 6017
1406 0 1 0 5980 5981
1407 1 0 5977 0 5978
1408 5960 0 0 1 5961
1409 5938 0 2 1 5941
1410 0 0 0 5928 5928
1411 1 0 5882 0 5883
1412 1 5864 0 1 5866
1413 5892 0 1 1 5894
1414 1 1 0 5878 5880
1415 3 5848 0 1 5852
1416 0 1 0 5843 5844
1417 3 0 5791 0 5794
1418 5729 0 0 0 5729
1419 8 5768 1 17 5794
1420 3 0 0 5774 5777
1421 5736 0 0 0 5736
1422 0 5 0 5735 5740
1423 5602 0 0 0 5602
1424 12 5650 0 2 5664
1425 5611 0 36 14 5661
1426 0 6 0 5564 5570
1427 0 0 0 5601 5601
1428 67 0 5483 1 5551
1429 5470 0 1 1 5472
1430 5502 0 0 1 5503
1431 5535 2 4 1 5542
1432 1 0 5494 0 5495
1433 1 0 5437 0 5438
1434 4 0 5419 1 5424
1435 5402 0 15 1 5418
1436 0 0 1 5372 5373
1437 0 12 0 5382 5394
1438 14 0 5325 0 5339
1439 0 2 0 5193 5195
1440 5259 0 7 0 5266
1441 2 1 5285 0 5288
1442 1 0 1 5090 5092
1443 6 0 5109 1 5116
1444 5148 0 1 0 5149
1445 2 5133 0 0 5135
1446 5183 0 2 0 5185
1447 5133 0 6 3 5142
1448 5 0 5094 0 5099
1449 5067 0 0 0 5067
1450 5042 0 0 0 5042
1451 5023 0 0 0 5023
1452 0 23 1 4952 4976
1453 7 0 4956 0 4963
1454 0 0 1 4868 4869
1455 4978 2 0 0 4980
1456 4919 0 0 0 4919
1457 0 2 0 4909 4911
1458 2 1 0 4942 4945
1459 1 0 4961 0 4962
1460 4910 2 1 1 4914
1461 1 4954 0 23 4978
1462 1 0 4931 3 4935
1463 4798 0 0 1 4799
1464 0 4875 0 33 4908
1465 0 2 1 4952 4955
1466 0 0 0 4955 4955
1467 2 1 0 4951 4954
1468 4944 0 0 0 4944
1469 0 0 4839 0 4839
1470 1 4790 1 3 4795
1471 0 2 0 4780 4782
1472 0 4761 0 0 4761
1473 0 6 1 4726 4733
1474 4739 0 2 1 4742
1475 39 4698 0 1 4738
1476 1 1 0 4690 4692
1477 2 0 4670 0 4672
1478 4612 0 1 0 4613
1479 4610 0 3 0 4613
1480 4551 3 0 0 4554
1481 1 4546 0 0 4547
1482 4496 0 1 5 4502
1483 2 0 4463 0 4465
1484 4445 0 2 0 4447
1485 4385 0 2 0 4387
1486 4392 0 0 1 4393
1487 4378 0 2 0 4380
1488 4356 0 13 0 4369
1489 0 0 4255 0 4255
1490 0 2 0 3872 3874
1491 4125 0 4 0 4129
1492 0 3 0 4121 4124
1493 2 4133 0 3 4138
1494 1 4143 0 1 4145
1495 4179 1 0 0 4180
1496 1 0 0 4143 4144
1497 4173 0 1 0 4174
1498 4091 0 1 0 4092
1499 0 4068 0 0 4068
1500 4074 0 3 1 4078
1501 4039 0 1 0 4040
1502 4055 0 1 0 4056
1503 4026 0 2 0 4028
1504 4027 0 1 0 4028
1505 3966 0 0 0 3966
1506 0 1 0 3912 3913
1507 2 3937 0 1 3940
1508 0 2 0 3932 3934
1509 1 1 0 3957 3959
1510 3932 0 1 0 3933
1511 2 0 3859 1 3862
1512 3 3848 0 0 3851
1513 1 1 1 3799 3802
1514 1 1 0 3853 3855
1515 3854 0 0 0 3854
1516 3810 0 2 0 3812
1517 1 0 0 3796 3797
1518 3810 0 0 0 3810
1519 3783 0 0 0 3783
1520 3777 0 1 0 3778
1521 3771 0 1 0 3772
1522 3713 0 5 2 3720
1523 2 0 3672 0 3674
1524 3 0 3610 0 3613
1525 3617 0 3 0 3620
1526 3 3654 0 0 3657
1527 0 2 0 3667 3669
1528 1 0 3671 1 3673
1529 3 0 3612 0 3615
1530 3665 0 4 0 3669
1531 1 0 3613 0 3614
1532 3613 0 2 0 3615
1533 3627 0 1 0 3628
1534 1 0 3585 1 3587
1535 1 1 0 3441 3443
1536 0 3563 0 0 3563
1537 3579 0 0 0 3579
1538 0 2 0 3584 3586
1539 3571 0 6 0 3577
1540 3549 0 0 3 3552
1541 0 1 0 3574 3575
1542 0 0 3531 1 3532
1543 0 0 3486 0 3486
1544 1 1 3443 1 3446
1545 3481 1 2 0 3484
1546 0 0 3473 0 3473
1547 0 3479 0 0 3479
1548 0 6 0 3535 3541
1549 3534 1 0 0 3535
1550 3530 0 2 0 3532
1551 0 0 0 3506 3506
1552 2 0 3451 0 3453
1553 3470 0 3 0 3473
1554 5 3455 1 23 3484
1555 1 0 3480 0 3481
1556 0 0 1 3403 3404
1557 5 0 3415 2 3422
1558 3445 0 2 1 3448
1559 4 1 3515 0 3520
1560 0 2 0 3355 3357
1561 1 0 3468 0 3469
1562 3565 0 0 1 3566
1563 3652 0 7 0 3659
1564 0 0 0 3612 3612
1565 0 1 1 3658 3660
1566 3688 0 0 0 3688
1567 2 0 3641 0 3643
1568 3673 0 0 0 3673
1569 3685 0 0 0 3685
1570 0 0 0 3666 3666
1571 2 3676 0 0 3678
1572 3653 0 42 0 3695
1573 0 3716 0 0 3716
1574 3781 0 0 0 3781
1575 3770 2 7 1 3780
1576 1 0 3735 0 3736
1577 1 3728 0 0 3729
1578 3738 0 4 0 3742
1579 0 3768 0 0 3768
1580 3800 1 0 0 3801
1581 1 0 3795 0 3796
1582 1 3804 0 3 3808
1583 0 0 0 3898 3898
1584 0 0 3891 0 3891
1585 3837 0 1 0 3838
1586 0 1 0 3895 3896
1587 0 0 3915 0 3915
1588 3885 0 1 0 3886
1589 0 1 0 3894 3895
1590 3916 0 0 0 3916
1591 3903 0 2 0 3905
1592 1 3920 0 0 3921
1593 3947 0 0 0 3947
1594 0 1 0 3937 3938
1595 3945 1 1 0 3947
1596 0 0 0 3924 3924
1597 0 0 3919 0 3919
1598 3908 0 1 0 3909
1599 0 2 0 3861 3863
1600 3882 0 2 0 3884
1601 0 3864 0 0 3864
1602 3825 0 0 0 3825
1603 0 3860 0 0 3860
1604 1 3888 0 0 3889
1605 0 3 0 3924 3927
1606 3929 0 0 0 3929
1607 3894 0 1 0 3895
1608 3905 0 0 0 3905
1609 3891 0 0 0 3891
1610 0 1 0 3869 3870
1611 0 1 3893 0 3894
1612 0 4 1 3643 3648
1613 1 0 3884 1 3886
1614 3 0 3912 1 3916
1615 2 0 3915 4 3921
1616 3894 0 0 1 3895
1617 3969 0 5 0 3974
1618 4001 0 0 2 4003
1619 0 1 0 4006 4007
1620 3 1 4046 2 4052
1621 0 0 4474 3 4477
1622 0 0 4866 0 4866
1623 4966 0 1 1 4968
1624 4968 1 0 0 4969
1625 0 5035 0 0 5035
1626 5116 0 0 0 5116
1627 5086 0 1 0 5087
1628 0 5059 0 1 5060
1629 2 5203 0 26 5231
1630 5581 0 0 1 5582
1631 5656 1 0 0 5657
1632 5683 0 1 0 5684
1633 0 0 5659 0 5659
1634 5668 0 0 0 5668
1635 5686 0 1 1 5688
1636 0 5724 0 39 5763
1637 0 0 0 5747 5747
1638 7 0 5766 0 5773
1639 0 0 5836 0 5836
1640 1 2 0 5621 5624
1641 4 0 5871 0 5875
1642 1 5915 0 2 5918
1643 6122 0 1 1 6124
1644 6123 0 16 0 6139
1645 6108 2 0 0 6110
1646 6039 0 0 0 6039
1647 2 6112 0 0 6114
1648 5963 0 1 0 5964
1649 0 6104 1 1 6106
1650 1 0 1 6075 6077
1651 1 1 0 6128 6130
1652 6123 0 1 3 6127
1653 1 14 0 6063 6078
1654 4 6082 0 1 6087
1655 6120 0 0 2 6122
1656 6054 2 2 1 6059
1657 1 3 0 6125 6129
1658 2 0 6129 0 6131
1659 0 0 6117 0 6117
1660 2 0 6055 0 6057
1661 0 3 0 5806 5809
1662 41 0 5992 0 6033
1663 77 6058 0 0 6135
1664 0 3 0 6268 6271
1665 6335 0 4 0 6339
1666 6467 0 0 0 6467
1667 6496 0 0 0 6496
1668 6512 0 17 1 6530
1669 6532 0 0 0 6532
1670 6491 1 1 1 6494
1671 1 6618 0 0 6619
1672 0 3 0 6505 6508
1673 0 4 0 6578 6582
1674 2 0 6560 1 6563
1675 0 0 6703 0 6703
1676 1 2 0 6492 6495
1677 34 0 6619 2 6655
1678 6756 0 4 4 6764
1679 6 6800 1 1 6808
1680 6819 0 4 1 6824
1681 0 6929 0 12 6941
1682 1 3 0 7060 7064
1683 805 0 6292 1 7098
1684 7017 0 1 0 7018
1685 7024 1 0 0 7025
1686 9 0 7017 1 7027
1687 3 0 6963 2 6968
1688 1 7147 0 2 7150
1689 0 1 0 7168 7169
1690 0 7294 0 0 7294
1691 7342 0 2 4 7348
1692 115 0 7345 1 7461
1693 0 0 0 7358 7358
1694 0 2 0 7443 7445
1695 0 0 10 7469 7479
1696 1 7514 0 2 7517
1697 0 1 0 7512 7513
1698 0 47 0 7474 7521
1699 3 7496 1 7 7507
1700 1 2 0 7552 7555
1701 7518 0 0 0 7518
1702 0 1 7595 1 7597
1703 0 0 7594 1 7595
1704 7513 0 11 1 7525
1705 7662 0 4 1 7667
1706 7680 0 0 1 7681
1707 7672 2 6 2 7682
1708 11 0 7672 0 7683
1709 7629 0 2 2 7633
1710 15 0 7681 0 7696
1711 3 1 7633 0 7637
1712 7714 0 1 1 7716
1713 11 7733 1 5 7750
1714 7792 0 0 0 7792
1715 1 0 0 7815 7816
1716 1 1 7844 0 7846
1717 0 2 0 7791 7793
1718 0 3 1 7740 7744
1719 1 7747 0 18 7766
1720 3 7840 0 2 7845
1721 7849 0 2 1 7852
1722 7798 1 0 0 7799
1723 0 2 0 7890 7892
1724 0 0 7903 0 7903
1725 1 0 7873 1 7875
1726 1 0 7863 1 7865
1727 7756 0 5 0 7761
1728 0 7 1 7854 7862
1729 1 0 7896 1 7898
1730 2 7904 0 11 7917
1731 8006 0 3 4 8013
1732 0 1 0 8009 8010
1733 0 1 0 8041 8042
1734 1 4 0 8082 8087
1735 2 0 8048 1 8051
1736 8002 1 1 0 8004
1737 7996 0 0 2 7998
1738 1 0 8017 2 8020
1739 5 7976 2 0 7983
1740 8134 0 3 0 8137
1741 1 0 0 8157 8158
1742 0 0 0 8223 8223
1743 1 4 1 8248 8254
1744 0 0 8147 0 8147
1745 8087 0 1 1 8089
1746 255 0 7861 0 8116
1747 8101 0 3 0 8104
1748 3 0 8133 1 8137
1749 2 8091 0 4 8097
1750 8196 1 0 3 8200
1751 0 13 0 8205 8218
1752 8238 0 0 0 8238
1753 8164 0 1 0 8165
1754 0 4 0 8166 8170
1755 0 40 0 8065 8105
1756 0 8077 0 2 8079
1757 1 8102 0 0 8103
1758 0 6 1 8090 8097
1759 0 8180 1 1 8182
1760 8204 0 2 0 8206
1761 12 0 8180 2 8194
1762 8155 0 1 0 8156
1763 8232 0 0 0 8232
1764 8213 0 1 0 8214
1765 8176 0 0 0 8176
1766 1 1 0 8215 8217
1767 3 0 8174 2 8179
1768 6 0 8128 1 8135
1769 1 8030 5 11 8047
1770 0 2 1 8098 8101
1771 2 0 8149 3 8154
1772 1 0 8119 1 8121
1773 0 3 1 8058 8062
1774 2 8074 0 2 8078
1775 8082 0 0 2 8084
1776 16 2 8129 0 8147
1777 0 2 0 7967 7969
1778 8060 0 1 0 8061
1779 0 8075 0 5 8080
1780 8105 1 1 0 8107
1781 1 1 8159 0 8161
1782 0 42 0 8015 8057
1783 1 0 8141 2 8144
1784 3 1 8143 0 8147
1785 7930 0 5 3 7938
1786 1 1 1 7991 7994
1787 1 1 0 8135 8137
1788 0 2 1 8182 8185
1789 2 1 8061 0 8064
1790 1 8071 0 4 8076
1791 8189 0 1 0 8190
1792 8165 0 0 0 8165
1793 1 0 8073 1 8075
1794 8061 0 5 0 8066
1795 0 0 7976 0 7976
1796 1 8045 1 2 8049
1797 8140 0 3 0 8143
1798 1 1 8056 1 8059
1799 0 0 0 7957 7957
1800 2 0 8046 1 8049
1801 0 8018 0 0 8018
1802 0 1 1 8081 8083
1803 0 8103 0 2 8105
1804 8169 0 0 1 8170
1805 8135 0 0 0 8135
1806 8167 0 3 0 8170
1807 1 8106 0 1 8108
1808 8227 1 1 1 8230
1809 8139 0 13 2 8154
1810 8097 0 0 1 8098
1811 0 1 0 8104 8105
1812 2 0 8073 0 8075
1813 8019 0 1 2 8022
1814 0 0 8042 0 8042
1815 8033 0 0 1 8034
1816 0 0 8009 0 8009
1817 7942 0 1 3 7946
1818 6 7918 0 2 7926
1819 1 7957 0 2 7960
1820 7989 1 1 1 7992
1821 96 0 7942 1 8039
1822 0 0 7969 0 7969
1823 7821 1 1 1 7824
1824 1 0 7994 0 7995
1825 4 2 7997 0 8003
1826 0 3 1 7066 7070
1827 0 10 1 7758 7769
1828 7910 1 4 0 7915
1829 1 2 0 8122 8125
1830 2 0 8072 0 8074
1831 8036 0 1 0 8037
1832 8066 1 4 0 8071
1833 8140 0 0 0 8140
1834 8062 0 0 1 8063
1835 2 8078 0 0 8080
1836 0 2 0 7979 7981
1837 3 0 7947 0 7950
1838 7898 0 4 0 7902
1839 5 7935 3 9 7952
1840 0 7947 0 1 7948
1841 7924 0 1 0 7925
1842 3 0 7980 1 7984
1843 0 0 0 7737 7737
1844 0 4 0 7920 7924
1845 4 7887 0 27 7918
1846 7937 0 0 1 7938
1847 0 0 0 7977 7977
1848 7990 0 4 1 7995
1849 7936 0 0 0 7936
1850 7776 0 2 0 7778
1851 11 0 7793 0 7804
1852 0 0 1 7245 7246
1853 0 0 0 7615 7615
1854 15 0 7559 2 7576
1855 5 7597 0 4 7606
1856 0 1 1 7652 7654
1857 23 0 7578 2 7603
1858 4 7514 1 1 7520
1859 0 7620 1 1 7622
1860 1 8 0 7738 7747
1861 0 1 0 7835 7836
1862 1 0 0 7866 7867
1863 0 6 0 7834 7840
1864 0 0 0 7890 7890
1865 2 0 7777 2 7781
1866 0 6 0 7515 7521
1867 0 3 0 7595 7598
1868 1 3 0 7740 7744
1869 0 7603 0 4 7607
1870 1 1 1 7586 7589
1871 1 7460 0 4 7465
1872 7356 0 8 0 7364
1873 2 7468 0 5 7475
1874 2 7488 0 2 7492
1875 7344 0 8 0 7352
1876 1 7488 0 0 7489
1877 2 7606 1 1 7610
1878 7595 0 1 0 7596
1879 7523 0 4 0 7527
1880 7569 0 1 0 7570
1881 7578 0 1 0 7579
1882 2 1 0 7445 7448
1883 1 1 0 7516 7518
1884 7540 0 5 1 7546
1885 7510 0 0 0 7510
1886 1 0 7418 2 7421
1887 10 0 7342 0 7352
1888 7286 0 0 3 7289
1889 6 0 7333 0 7339
1890 5 7337 0 1 7343
1891 7371 0 0 0 7371
1892 7359 0 2 0 7361
1893 1 1 0 7293 7295
1894 2 1 7348 0 7351
1895 1 0 7317 1 7319
1896 4 0 7309 0 7313
1897 1 0 7244 1 7246
1898 7180 1 4 0 7185
1899 7 0 7227 0 7234
1900 2 7098 0 1 7101
1901 1 7232 0 1 7234
1902 2 12 1 7266 7281
1903 0 0 2 7311 7313
1904 7177 0 3 6 7186
1905 0 7 1 7106 7114
1906 0 7138 1 0 7139
1907 7121 0 3 0 7124
1908 7083 0 4 0 7087
1909 2 1 3 7045 7051
1910 0 0 0 7101 7101
1911 0 7065 0 3 7068
1912 0 6 0 7043 7049
1913 0 1 1 7054 7056
1914 7009 0 0 0 7009
1915 6938 0 0 0 6938
1916 6845 0 2 0 6847
1917 6806 0 29 1 6836
1918 24 6866 1 1 6892
1919 0 1 1 6782 6784
1920 1 1 0 6898 6900
1921 3 0 6878 1 6882
1922 0 2 0 6715 6717
1923 6731 0 1 53 6785
1924 1 222 1 6615 6839
1925 1 0 1 6864 6866
1926 5 0 6705 0 6710
1927 6706 0 0 2 6708
1928 6722 0 1 0 6723
1929 6714 0 5 0 6719
1930 1 0 6640 0 6641
1931 0 0 6603 0 6603
1932 6444 1 13 0 6458
1933 1 0 6477 0 6478
1934 1 0 6390 0 6391
1935 6439 0 0 1 6440
1936 2 0 6316 2 6320
1937 3 0 6299 0 6302
1938 243 0 6060 3 6306
1939 3 0 6768 3 6774
1940 6954 0 6 0 6960
1941 6974 0 9 0 6983
1942 6994 0 0 0 6994
1943 7025 0 2 5 7032
1944 1 1 0 6965 6967
1945 0 1 1 6980 6982
1946 1 6 1 7006 7014
1947 1 6901 0 63 6965
1948 6979 0 1 0 6980
1949 1 0 0 6874 6875
1950 10 6885 0 22 6917
1951 1 1 6888 3 6893
1952 6794 0 3 0 6797
1953 6819 0 2 0 6821
1954 4 0 6819 0 6823
1955 0 1 1 6683 6685
1956 6745 0 9 0 6754
1957 6753 0 0 0 6753
1958 0 0 6743 0 6743
1959 30 0 6613 0 6643
1960 6604 0 2 0 6606
1961 6653 0 0 0 6653
1962 6660 2 0 0 6662
1963 8 0 6591 0 6599
1964 1 0 6511 1 6513
1965 1 0 6491 1 6493
1966 0 2 0 6333 6335
1967 1 6382 0 1 6384
1968 0 11 0 6423 6434
1969 1 6398 0 0 6399
1970 0 6427 0 1 6428
1971 1 5 0 6402 6408
1972 1 6387 0 0 6388
1973 0 1 1 6426 6428
1974 6362 0 29 0 6391
1975 1 0 1 6343 6345
1976 0 1 0 6333 6334
1977 0 2 0 6286 6288
1978 0 3 2 6162 6167
1979 1 6145 0 4 6150
1980 2 6168 0 22 6192
1981 5 1 0 5811 5817
1982 5782 0 0 0 5782
1983 0 19 0 5771 5790
1984 5802 0 0 0 5802
1985 5736 0 0 0 5736
1986 0 12 5 5625 5642
1987 3 5615 0 1 5619
1988 9 5582 0 0 5591
1989 5489 1 4 0 5494
1990 3 5553 0 1 5557
1991 5548 2 1 2 5553
1992 5510 0 1 0 5511
1993 5457 0 1 0 5458
1994 1 5501 0 0 5502
1995 5503 0 0 1 5504
1996 2 2 5418 0 5422
1997 5407 0 2 0 5409
1998 5396 0 2 1 5399
1999 3 0 5340 0 5343
2000 0 0 1 5148 5149
2001 6 5231 0 11 5248
2002 20 5272 0 3 5295
2003 0 0 0 5321 5321
2004 5331 0 1 0 5332
2005 5251 1 0 1 5253
2006 0 5270 0 0 5270
2007 0 6 0 5197 5203
2008 5256 0 1 0 5257
2009 0 2 1 5194 5197
2010 5228 1 1 0 5230
2011 1 1 0 5171 5173
2012 1 0 5127 0 5128
2013 1 5128 0 20 5149
2014 0 0 5145 1 5146
2015 2 0 5123 0 5125
2016 2 5151 0 2 5155
2017 5131 1 4 2 5138
2018 0 0 5155 1 5156
2019 5136 0 0 0 5136
2020 5103 0 0 0 5103
2021 0 3 1 5157 5161
2022 11 0 5133 0 5144
2023 5066 0 2 1 5069
2024 2 0 0 5144 5146
2025 5 0 5104 0 5109
2026 0 0 0 5081 5081
2027 1 5066 0 1 5068
2028 5088 0 3 1 5092
2029 0 9 0 5108 5117
2030 0 1 1 5182 5184
2031 5123 0 16 0 5139
2032 5111 1 1 0 5113
2033 5079 0 2 0 5081
2034 5078 0 1 1 5080
2035 4 0 5035 1 5040
2036 0 0 5191 2 5193
2037 8 0 5197 0 5205
2038 5211 1 5 1 5218
2039 5244 0 4 0 5248
2040 5244 0 7 0 5251
2041 5255 0 2 1 5258
2042 1 1 0 5164 5166
2043 1 3 2 5193 5199
2044 4 1 5174 0 5179
2045 5112 0 1 0 5113
2046 5109 0 2 0 5111
2047 13 0 5073 0 5086
2048 5015 0 6 0 5021
2049 4 0 0 5003 5007
2050 2 0 4990 0 4992
2051 4983 1 1 1 4986
2052 4970 0 0 0 4970
2053 2 0 4893 1 4896
2054 4874 0 0 0 4874
2055 4856 0 1 1 4858
2056 4850 2 9 0 4861
2057 5 0 4772 1 4778
2058 11 0 4682 0 4693
2059 4731 0 3 0 4734
2060 4715 13 1 0 4729
2061 2 7 2 4618 4629
2062 4688 0 0 1 4689
2063 9 0 4615 3 4627
2064 4641 0 0 0 4641
2065 0 1 3 4518 4522
2066 1 4594 0 13 4608
2067 4580 0 5 7 4592
2068 4543 0 2 0 4545
2069 0 2 3 4584 4589
2070 5 0 4586 1 4592
2071 1 0 4506 0 4507
2072 0 0 4457 0 4457
2073 3 1 4446 0 4450
2074 4481 0 4 0 4485
2075 4469 0 1 1 4471
2076 0 3 1 4420 4424
2077 0 0 4400 0 4400
2078 0 4367 0 4 4371
2079 4392 0 3 0 4395
2080 1 0 4407 0 4408
2081 0 0 0 4160 4160
2082 4285 0 3 0 4288
2083 0 0 0 4252 4252
2084 0 1 2 4243 4246
2085 4241 0 3 0 4244
2086 0 0 4176 0 4176
2087 2 4085 0 1 4088
2088 4076 0 1 5 4082
2089 1 0 4020 0 4021
2090 1 0 3941 0 3942
2091 1 3937 0 1 3939
2092 0 2 2 3912 3916
2093 0 1 0 3902 3903
2094 0 7 0 3874 3881
2095 3 3838 0 5 3846
2096 1 1 0 3819 3821
2097 2 3823 1 4 3830
2098 0 0 3769 1 3770
2099 0 2 0 3734 3736
2100 0 0 1 3742 3743
2101 3735 0 0 0 3735
2102 1 0 3700 0 3701
2103 1 12 1 3609 3623
2104 0 0 3627 0 3627
2105 1 0 3593 0 3594
2106 0 3586 0 0 3586
2107 3611 0 1 0 3612
2108 3605 0 0 0 3605
2109 2 0 3587 1 3590
2110 0 6 0 3440 3446
2111 3552 1 0 0 3553
2112 0 2 1 3530 3533
2113 1 0 3488 0 3489
2114 3463 0 0 0 3463
2115 4 3437 2 2 3445
2116 3 3404 12 0 3419
2117 0 3426 0 0 3426
2118 3435 0 0 6 3441
2119 2 0 3457 0 3459
2120 3411 0 1 0 3412
2121 1 7 0 3360 3368
2122 5 3390 0 1 3396
2123 0 1 0 3337 3338
2124 0 1 0 3363 3364
2125 8 0 3312 0 3320
2126 4 0 3282 0 3286
2127 3263 0 2 0 3265
2128 0 0 3224 0 3224
2129 3208 0 0 0 3208
2130 0 4 1 3175 3180
2131 0 0 1 3160 3161
2132 0 0 1 3128 3129
2133 1 3118 0 1 3120
2134 3120 0 1 0 3121
2135 3088 1 1 0 3090
2136 3061 0 0 1 3062
2137 2983 1 0 2 2986
2138 0 3023 0 1 3024
2139 0 131 0 2867 2998
2140 3007 0 0 0 3007
2141 0 1 0 2989 2990
2142 0 0 1 2960 2961
2143 0 0 2921 0 2921
2144 2905 0 0 0 2905
2145 2920 0 0 0 2920
2146 1 0 2883 2 2886
2147 2854 0 0 0 2854
2148 2764 0 1 0 2765
2149 3 2819 0 0 2822
2150 0 0 0 2764 2764
2151 0 2 0 2768 2770
2152 0 0 2754 0 2754
2153 2734 0 4 1 2739
2154 2698 0 1 1 2700
2155 2686 0 1 0 2687
2156 2639 0 1 0 2640
2157 0 0 2591 0 2591
2158 2 2552 0 0 2554
2159 0 1 1 3030 3032
2160 30 0 2937 0 2967
2161 2940 0 4 0 2944
2162 2907 0 2 0 2909
2163 2827 0 1 0 2828
2164 0 2839 0 0 2839
2165 0 2821 0 0 2821
2166 2809 0 5 0 2814
2167 0 0 2761 0 2761
2168 40 0 2616 0 2656
2169 10 0 2635 3 2648
2170 1 0 2671 0 2672
2171 2678 0 2 1 2681
2172 2685 0 1 0 2686
2173 2682 0 3 0 2685
2174 2423 0 225 0 2648
2175 23 0 2607 0 2630
2176 0 0 2517 0 2517
2177 1 2524 0 0 2525
2178 2520 0 4 0 2524
2179 2501 0 7 0 2508
2180 2471 0 0 0 2471
2181 29 2413 3 5 2450
2182 2586 0 0 0 2586
2183 0 1 1 2502 2504
2184 5 2537 0 8 2550
2185 2 1 1 2555 2559
2186 0 1 1 2566 2568
2187 0 0 2520 0 2520
2188 0 2503 0 1 2504
2189 0 1 1 2478 2480
2190 1 2 1 2464 2468
2191 0 81 0 2389 2470
2192 2445 0 0 0 2445
2193 0 34 0 2372 2406
2194 0 2417 0 3 2420
2195 2395 0 0 0 2395
2196 2370 0 3 0 2373
2197 46 0 2309 0 2355
2198 0 1 2329 0 2330
2199 1821 0 2 0 1823
2200 1786 0 0 0 1786
2201 1778 0 0 0 1778
2202 1717 0 15 0 1732
2203 3 1736 0 0 1739
2204 2 1719 0 0 1721
2205 1724 2 0 0 1726
2206 0 0 1708 0 1708
2207 0 0 1 1675 1676
2208 0 0 1 1698 1699
2209 1705 1 0 0 1706
2210 1680 0 0 0 1680
2211 1684 0 3 0 1687
2212 5 0 1649 2 1656
2213 2 0 3 1587 1592
2214 2158 1 1 0 2160
2215 0 0 2147 0 2147
2216 0 0 1 2047 2048
2217 12 0 2103 3 2118
2218 2132 0 0 0 2132
2219 2127 0 1 0 2128
2220 2126 0 2 0 2128
2221 2116 0 2 0 2118
2222 8 0 2090 0 2098
2223 9 1 2063 2 2075
2224 2064 0 0 0 2064
2225 2061 0 1 0 2062
2226 2066 0 1 0 2067
2227 2059 0 2 0 2061
2228 5 0 2040 1 2046
2229 3 0 2053 1 2057
2230 0 171 1 1634 1806
2231 1988 0 5 0 1993
2232 0 84 1 1898 1983
2233 1914 0 4 0 1918
2234 0 0 1983 0 1983
2235 0 0 0 1948 1948
2236 11 0 1953 3 1967
2237 3 1948 0 0 1951
2238 0 175 0 1789 1964
2239 0 95 0 1856 1951
2240 0 0 1 1960 1961
2241 7 0 1926 0 1933
2242 0 4 0 1891 1895
2243 0 1887 0 0 1887
2244 2 1887 0 4 1893
2245 1341 0 554 0 1895
2246 1892 0 0 0 1892
2247 0 0 0 1887 1887
2248 1 0 1890 0 1891
2249 1874 0 6 0 1880
2250 2 1883 0 0 1885
2251 1872 0 1 0 1873
2252 0 0 0 1843 1843
2253 0 15 0 1824 1839
2254 0 15 0 1814 1829
2255 0 1824 0 2 1826
2256 1799 0 10 0 1809
2257 2 1817 0 0 1819
2258 1716 0 67 0 1783
2259 1682 0 65 0 1747
2260 31 0 1741 0 1772
2261 13 0 1736 0 1749
2262 1762 0 1 0 1763
2263 1757 0 7 0 1764
2264 0 59 1 1682 1742
2265 0 147 6 1597 1750
2266 1709 0 49 1 1759
2267 1669 0 69 0 1738
2268 12 0 1707 0 1719
2269 1680 0 8 0 1688
2270 7 0 1640 0 1647
2271 1647 0 0 0 1647
2272 0 1638 2 2 1642
2273 1643 0 0 0 1643
2274 1636 0 3 0 1639
2275 1609 0 29 0 1638
2276 0 0 1537 0 1537
2277 1518 0 0 0 1518
2278 1432 0 58 0 1490
2279 0 0 0 1491 1491
2280 5 0 1449 8 1462
2281 1450 0 5 1 1456
2282 2 1452 0 0 1454
2283 1453 2 0 0 1455
2284 0 0 1460 0 1460
2285 1 0 0 1428 1429
2286 0 0 0 1434 1434
2287 27 0 1415 0 1442
2288 1406 0 30 1 1437
2289 0 0 1415 0 1415
2290 0 0 0 1351 1351
2291 37 1292 0 0 1329
2292 1 970 0 368 1339
2293 1342 0 7 0 1349
2294 0 0 1 1349 1350
2295 0 0 1339 0 1339
2296 1 0 1327 0 1328
2297 3 0 1318 0 1321
2298 0 0 1326 0 1326
2299 0 2 0 1283 1285
2300 4 0 1275 3 1282
2301 0 0 1290 0 1290
2302 51 0 1232 0 1283
2303 3 1229 3 0 1235
2304 0 1259 0 0 1259
2305 0 0 2 1276 1278
2306 0 0 0 1286 1286
2307 1 0 1265 0 1266
2308 1233 0 0 0 1233
2309 0 0 1216 0 1216
2310 0 1174 0 0 1174
2311 0 0 0 1196 1196
2312 1178 0 0 0 1178
2313 1183 0 0 0 1183
2314 0 0 0 40 40
