0 0 0 0 0 0
1 1203 0 0 4 1207
2 0 0 0 1243 1243
3 0 0 1234 5 1239
4 1278 0 0 0 1278
5 0 1323 0 0 1323
6 1321 0 0 1 1322
7 0 1 0 1331 1332
8 0 4 0 1329 1333
9 1300 0 44 0 1344
10 1 1 1324 2 1328
11 0 1532 0 0 1532
12 2 1603 0 18 1623
13 1645 0 0 0 1645
14 1638 0 0 0 1638
15 1638 0 1 0 1639
16 1652 0 1 0 1653
17 0 0 0 1656 1656
18 0 0 0 1683 1683
19 1 0 1670 2 1673
20 1650 0 0 0 1650
21 1658 0 0 0 1658
22 0 0 0 1673 1673
23 0 0 0 1688 1688
24 6 0 1682 0 1688
25 0 4 0 1685 1689
26 0 0 0 1702 1702
27 1715 0 0 0 1715
28 1701 0 0 0 1701
29 1400 0 299 0 1699
30 1642 1 42 0 1685
31 8 1709 0 1 1718
32 1713 0 1 0 1714
33 1718 0 0 0 1718
34 0 1711 0 0 1711
35 1 0 0 1715 1716
36 0 0 1709 0 1709
37 1 1716 0 0 1717
38 0 5 0 1742 1747
39 1721 0 0 0 1721
40 1728 0 0 0 1728
41 0 0 1769 3 1772
42 6 0 1878 0 1884
43 3 0 1876 0 1879
44 1901 0 3 0 1904
45 0 1917 0 0 1917
46 1928 0 0 0 1928
47 1927 0 0 0 1927
48 0 0 0 1935 1935
49 0 0 1907 0 1907
50 1910 0 3 0 1913
51 0 0 1947 0 1947
52 6 0 2068 0 2074
53 1 2120 0 6 2127
54 0 2204 0 0 2204
55 2255 0 2 0 2257
56 2254 0 0 0 2254
57 2278 0 1 0 2279
58 2257 10 0 0 2267
59 1 2294 0 4 2299
60 2321 0 0 9 2330
61 0 0 2313 0 2313
62 0 0 0 2280 2280
63 0 0 0 2369 2369
64 0 10 0 2381 2391
65 0 0 0 2410 2410
66 15 0 2377 0 2392
67 2364 0 2 0 2366
68 2409 1 1 0 2411
69 10 0 2399 0 2409
70 1 2431 0 0 2432
71 2018 0 462 0 2480
72 2446 1 11 0 2458
73 2483 0 0 0 2483
74 1 2502 0 0 2503
75 2536 0 2 0 2538
76 2517 0 0 0 2517
77 1 2503 0 13 2517
78 2550 0 3 0 2553
79 0 0 2553 0 2553
80 0 0 0 2536 2536
81 2600 0 0 2 2602
82 2 0 2589 0 2591
83 2567 28 37 1 2633
84 0 2648 0 0 2648
85 1 2046 0 642 2689
86 2722 0 5 0 2727
87 2692 6 0 0 2698
88 3 1 0 2733 2737
89 2753 0 0 1 2754
90 0 0 0 2765 2765
91 2751 0 0 0 2751
92 2770 0 2 0 2772
93 5 2759 1 0 2765
94 2771 0 0 0 2771
95 0 0 0 2762 2762
96 2774 0 0 0 2774
97 2783 0 0 0 2783
98 3 1 0 2784 2788
99 2828 0 0 0 2828
100 2860 0 6 0 2866
101 5 0 3082 0 3087
102 3163 0 0 0 3163
103 3178 0 3 0 3181
104 3180 0 0 0 3180
105 3201 1 1 0 3203
106 1 0 0 3205 3206
107 0 1 0 3227 3228
108 9 3220 0 1 3230
109 3248 0 0 0 3248
110 3255 0 1 0 3256
111 0 0 0 3255 3255
112 3235 0 6 0 3241
113 0 3268 0 0 3268
114 3280 1 0 0 3281
115 0 0 0 3242 3242
116 2 3264 0 25 3291
117 3325 0 1 0 3326
118 3326 0 1 1 3328
119 0 0 3337 1 3338
120 1 0 3337 1 3339
121 3304 0 0 0 3304
122 0 0 0 3344 3344
123 0 0 0 3359 3359
124 0 0 3360 4 3364
125 3355 0 0 0 3355
126 3371 3 0 0 3374
127 3409 0 1 0 3410
128 3407 0 1 0 3408
129 15 0 3370 0 3385
130 3397 0 11 1 3409
131 3408 0 3 0 3411
132 0 17 0 3389 3406
133 0 3379 0 1 3380
134 1 3403 0 0 3404
135 0 22 1 3402 3425
136 0 0 0 3430 3430
137 5 3432 0 0 3437
138 3442 0 7 0 3449
139 0 3474 0 0 3474
140 0 0 0 3497 3497
141 3515 1 2 0 3518
142 3512 0 2 0 3514
143 0 0 3510 0 3510
144 3 0 3462 0 3465
145 3486 0 0 0 3486
146 0 0 0 3479 3479
147 1 0 3485 0 3486
148 3499 0 0 0 3499
149 3517 0 0 0 3517
150 2 0 2460 0 2462
151 0 2 0 2382 2384
152 0 0 2396 0 2396
153 1 0 2338 0 2339
154 1 0 2306 0 2307
155 0 2458 0 1 2459
156 0 2513 0 0 2513
157 2570 0 0 1 2571
158 0 0 0 2601 2601
159 0 0 2603 0 2603
160 0 3 0 2566 2569
161 0 0 2623 0 2623
162 0 10 0 2633 2643
163 1 2 0 2766 2769
164 0 2787 0 9 2796
165 4 23 0 2842 2869
166 2875 0 0 0 2875
167 2892 0 2 0 2894
168 40 3047 1 8 3096
169 0 0 0 3296 3296
170 1 1 0 3335 3337
171 0 0 0 3344 3344
172 0 3307 0 22 3329
173 0 3334 0 1 3335
174 0 3831 0 0 3831
175 1 16 0 3841 3858
176 0 0 0 3873 3873
177 61 0 3773 0 3834
178 2 0 3825 1 3828
179 0 3967 0 0 3967
180 0 17 0 3959 3976
181 0 4028 0 13 4041
182 0 0 0 4056 4056
183 4071 0 3 0 4074
184 4002 0 0 0 4002
185 5 4031 0 0 4036
186 0 4045 0 0 4045
187 4056 0 0 0 4056
188 4022 0 1 0 4023
189 15 0 4051 0 4066
190 0 0 4036 0 4036
191 1 1 3999 0 4001
192 11 4083 0 1 4095
193 1 0 4112 0 4113
194 4092 0 0 0 4092
195 0 3 0 4111 4114
196 4158 3 0 4 4165
197 0 2 0 4217 4219
198 1 0 4205 2 4208
199 5 0 4133 0 4138
200 0 4203 0 3 4206
201 4222 0 1 0 4223
202 4227 0 0 0 4227
203 4207 1 0 0 4208
204 0 4241 0 3 4244
205 4280 0 3 0 4283
206 0 0 4252 0 4252
207 4249 0 3 1 4253
208 4245 0 0 0 4245
209 1 1 0 4215 4217
210 2 4208 0 0 4210
211 1 4157 0 0 4158
212 0 4203 0 0 4203
213 0 4281 0 0 4281
214 0 0 2 4294 4296
215 0 1 0 4340 4341
216 14 0 4315 2 4331
217 0 0 4290 0 4290
218 4246 0 2 0 4248
219 4304 2 2 0 4308
220 0 1 0 4351 4352
221 4322 0 4 0 4326
222 0 4294 0 23 4317
223 4320 0 1 1 4322
224 4294 3 1 2 4300
225 4258 2 4 1 4265
226 0 0 4238 1 4239
227 0 0 4231 1 4232
228 0 0 4215 0 4215
229 4254 0 2 0 4256
230 0 0 0 4268 4268
231 4314 0 0 0 4314
232 0 4314 0 6 4320
233 4317 0 2 0 4319
234 4315 0 1 0 4316
235 0 4351 0 1 4352
236 0 0 0 4320 4320
237 0 58 2 4286 4346
238 4387 0 0 1 4388
239 4365 1 2 0 4368
240 4286 0 64 0 4350
241 4286 0 3 1 4290
242 0 4275 0 1 4276
243 4330 0 1 0 4331
244 4322 0 2 0 4324
245 4255 0 0 0 4255
246 2 2 0 4206 4210
247 9 0 4188 2 4199
248 3 4216 0 0 4219
249 0 21 0 4250 4271
250 0 0 4268 0 4268
251 4269 0 0 0 4269
252 4228 0 1 0 4229
253 0 0 4221 1 4222
254 4220 0 1 0 4221
255 0 4254 0 0 4254
256 4271 0 0 0 4271
257 0 0 0 4273 4273
258 4343 0 0 0 4343
259 0 0 4288 1 4289
260 1 0 4236 0 4237
261 4279 0 1 0 4280
262 4252 0 0 14 4266
263 0 4295 0 1 4296
264 0 4324 0 0 4324
265 4363 0 1 0 4364
266 4369 0 0 0 4369
267 4356 0 2 0 4358
268 5 0 4311 0 4316
269 9 0 4319 0 4328
270 2 4293 0 3 4298
271 4 4352 0 2 4358
272 4390 0 1 0 4391
273 4403 0 2 0 4405
274 4366 0 0 0 4366
275 0 0 0 4356 4356
276 4 0 4335 0 4339
277 0 1 0 4213 4214
278 0 4 4269 1 4274
279 0 4249 0 2 4251
280 0 1 0 4267 4268
281 0 4294 0 1 4295
282 4354 0 0 1 4355
283 4352 0 0 0 4352
284 0 0 0 4343 4343
285 4345 0 1 0 4346
286 1 0 4294 1 4296
287 0 4295 0 0 4295
288 4314 1 7 0 4322
289 2 2 4299 3 4306
290 0 4254 0 2 4256
291 4292 0 0 0 4292
292 7 0 4280 3 4290
293 0 0 0 4252 4252
294 0 3 0 4268 4271
295 4245 3 1 2 4251
296 0 4267 0 0 4267
297 0 6 0 4223 4229
298 0 4 0 4258 4262
299 2 0 4248 0 4250
300 4 0 4222 1 4227
301 0 2 0 4067 4069
302 0 2 4241 0 4243
303 2 0 4213 1 4216
304 4182 0 41 1 4224
305 4254 0 2 0 4256
306 0 6 0 4250 4256
307 4246 0 0 0 4246
308 0 4279 0 2 4281
309 4286 0 1 0 4287
310 0 0 0 4261 4261
311 4289 0 1 0 4290
312 1 0 0 4221 4222
313 0 0 4242 1 4243
314 1 0 4183 0 4184
315 4165 0 3 3 4171
316 1 4180 0 1 4182
317 0 4209 0 0 4209
318 4275 0 4 1 4280
319 4268 0 1 1 4270
320 0 1 0 4301 4302
321 4293 0 14 0 4307
322 0 0 4300 0 4300
323 3 0 4235 0 4238
324 4216 0 6 2 4224
325 5 0 4233 0 4238
326 4222 0 6 0 4228
327 12 4178 0 3 4193
328 4198 0 4 0 4202
329 1 4279 0 0 4280
330 211 0 4086 7 4304
331 8 0 4285 2 4295
332 4248 0 7 0 4255
333 4301 0 1 0 4302
334 0 0 4364 1 4365
335 0 0 4479 0 4479
336 0 0 1 4272 4273
337 0 1 0 4471 4472
338 1 1 0 4513 4515
339 0 10 0 4549 4559
340 15 0 4511 0 4526
341 4487 0 0 0 4487
342 4494 0 0 1 4495
343 4478 1 3 0 4482
344 1 0 4474 1 4476
345 9 0 4425 0 4434
346 1 0 4441 0 4442
347 0 3 0 4300 4303
348 1 4367 0 2 4370
349 0 0 0 4376 4376
350 4341 0 0 2 4343
351 2 4285 0 9 4296
352 0 0 4278 1 4279
353 4271 0 0 0 4271
354 3939 0 326 0 4265
355 4219 0 0 0 4219
356 4 0 4222 1 4227
357 0 4177 0 3 4180
358 5 1 1 4161 4168
359 0 0 0 4211 4211
360 0 7 0 4197 4204
361 1 3 0 4189 4193
362 0 0 0 4170 4170
363 0 7 0 4085 4092
364 1 3974 0 28 4003
365 0 0 0 3860 3860
366 1 3885 3 3 3892
367 3915 0 1 0 3916
368 0 1 3880 0 3881
369 3848 0 32 0 3880
370 3853 0 0 0 3853
371 3863 0 6 0 3869
372 3797 0 0 0 3797
373 3764 0 14 1 3779
374 7 1 2 3720 3730
375 8 0 3605 1 3614
376 3564 0 1 0 3565
377 0 0 3577 0 3577
378 3535 0 4 0 3539
379 0 3491 0 0 3491
380 0 0 0 3498 3498
381 0 1 0 3492 3493
382 2 0 3455 0 3457
383 3399 0 2 0 3401
384 6 3363 1 0 3370
385 3253 0 0 0 3253
386 3065 0 7 0 3072
387 5 3050 0 19 3074
388 0 0 3098 0 3098
389 0 3055 0 0 3055
390 0 3036 0 18 3054
391 3064 0 4 0 3068
392 3 3071 0 0 3074
393 0 0 0 3035 3035
394 0 1 0 3023 3024
395 0 0 3074 0 3074
396 0 0 3019 0 3019
397 3 2 2991 0 2996
398 0 0 2999 0 2999
399 0 3005 0 4 3009
400 0 3043 0 2 3045
401 2 0 3075 2 3079
402 7 0 3008 0 3015
403 2939 0 16 0 2955
404 0 0 0 3037 3037
405 3036 0 0 0 3036
406 3020 0 0 0 3020
407 0 3057 0 2 3059
408 3 3 0 3045 3051
409 0 1 0 3069 3070
410 0 0 0 3077 3077
411 0 1 0 3071 3072
412 1 0 3002 0 3003
413 2 1 2915 0 2918
414 6 2917 5 7 2935
415 0 2913 0 2 2915
416 3 2964 3 0 2970
417 2973 0 1 0 2974
418 0 0 3013 0 3013
419 0 0 0 2944 2944
420 0 1 0 3036 3037
421 0 0 3075 0 3075
422 3074 0 2 0 3076
423 3084 0 1 0 3085
424 3103 0 0 0 3103
425 4 0 3052 1 3057
426 3056 0 0 0 3056
427 0 0 3055 0 3055
428 0 4 0 2806 2810
429 11 0 2988 0 2999
430 2983 7 0 0 2990
431 2 0 3143 0 3145
432 3198 0 13 0 3211
433 3238 0 0 0 3238
434 3212 0 2 0 3214
435 3218 0 5 0 3223
436 3187 17 1 0 3205
437 0 0 3161 3 3164
438 3070 0 27 0 3097
439 0 0 3131 0 3131
440 4 3 0 2959 2966
441 3044 0 2 0 3046
442 0 3088 0 2 3090
443 0 1 0 3105 3106
444 3072 0 15 0 3087
445 1 3139 0 3 3143
446 0 1 0 3151 3152
447 3145 0 20 0 3165
448 3151 0 1 0 3152
449 3033 2 1 0 3036
450 1 3112 0 1 3114
451 1 3082 0 1 3084
452 0 3113 0 1 3114
453 0 6 0 3067 3073
454 1 3121 0 0 3122
455 0 0 0 3035 3035
456 3 3101 0 1 3105
457 3067 0 0 0 3067
458 0 3093 0 4 3097
459 0 3104 0 4 3108
460 3102 0 5 0 3107
461 3053 0 2 5 3060
462 0 0 3083 0 3083
463 1 0 3050 0 3051
464 3069 0 0 0 3069
465 3109 0 0 0 3109
466 3109 0 0 1 3110
467 0 0 0 3006 3006
468 2 0 3020 0 3022
469 0 2973 0 0 2973
470 0 2996 0 0 2996
471 0 143 0 2856 2999
472 0 2997 0 1 2998
473 0 3063 1 0 3064
474 9 0 3071 1 3081
475 1 0 3057 1 3059
476 3022 0 0 0 3022
477 0 0 0 3040 3040
478 1 0 3045 0 3046
479 3065 1 1 3 3070
480 1 0 3047 2 3050
481 1 0 3008 0 3009
482 0 3019 0 1 3020
483 6 0 3087 5 3098
484 3027 0 9 1 3037
485 2 0 3088 0 3090
486 0 3095 0 1 3096
487 3138 0 3 0 3141
488 3133 0 3 0 3136
489 0 0 0 3164 3164
490 0 0 3246 0 3246
491 0 0 0 3228 3228
492 38 0 3319 1 3358
493 3354 0 1 0 3355
494 0 0 0 3394 3394
495 3414 0 0 0 3414
496 3384 1 1 0 3386
497 0 1 2 3714 3717
498 0 0 3740 0 3740
499 1 0 3911 0 3912
500 3999 0 0 0 3999
501 4031 0 3 0 4034
502 4045 1 0 0 4046
503 3 0 0 4045 4048
504 4082 0 2 6 4090
505 1 9 0 4043 4053
506 1 0 0 4063 4064
507 2 0 4065 0 4067
508 0 2 0 4000 4002
509 0 1 0 4007 4008
510 0 4007 0 4 4011
511 0 3954 0 1 3955
512 1 4097 0 0 4098
513 0 0 0 4162 4162
514 4154 3 1 0 4158
515 4152 0 0 0 4152
516 4112 0 8 0 4120
517 0 0 4167 0 4167
518 4130 0 0 0 4130
519 4157 2 0 2 4161
520 0 0 4099 0 4099
521 0 4119 0 0 4119
522 4187 1 2 7 4197
523 2 0 4277 0 4279
524 0 0 4260 0 4260
525 4314 0 1 0 4315
526 4318 0 1 2 4321
527 2 0 0 4275 4277
528 4278 0 1 3 4282
529 2 4279 0 0 4281
530 1 4330 0 0 4331
531 4409 0 2 2 4413
532 4709 0 2 0 4711
533 1 0 4656 0 4657
534 4693 0 5 0 4698
535 0 0 4706 0 4706
536 4737 0 0 0 4737
537 4734 0 0 1 4735
538 0 0 0 4700 4700
539 4 4695 0 0 4699
540 3 4719 0 2 4724
541 4692 0 0 1 4693
542 0 4795 0 0 4795
543 0 0 0 4739 4739
544 0 0 0 4836 4836
545 0 0 4824 2 4826
546 1 0 4777 4 4782
547 4748 0 0 0 4748
548 0 0 0 4823 4823
549 4843 0 0 1 4844
550 2 4857 0 3 4862
551 4840 1 1 0 4842
552 0 0 0 4879 4879
553 4824 0 3 4 4831
554 60 1 4768 0 4829
555 0 0 4803 0 4803
556 1 0 4780 0 4781
557 4743 0 1 0 4744
558 4861 1 2 0 4864
559 3 4880 0 1 4884
560 0 2 0 4946 4948
561 10 0 4895 0 4905
562 4858 0 3 0 4861
563 0 0 0 4922 4922
564 4934 0 2 1 4937
565 4905 0 1 0 4906
566 4710 0 177 0 4887
567 4890 0 1 0 4891
568 8 0 4953 2 4963
569 5051 0 3 0 5054
570 5152 1 1 0 5154
571 5203 1 1 0 5205
572 5203 0 0 0 5203
573 5225 0 1 0 5226
574 5180 2 0 0 5182
575 32 0 5151 4 5187
576 5154 0 1 0 5155
577 4 0 5334 0 5338
578 5364 0 0 6 5370
579 5393 0 0 0 5393
580 5388 1 0 0 5389
581 5374 0 3 0 5377
582 5342 0 0 0 5342
583 0 0 0 5298 5298
584 2 0 0 5324 5326
585 17 2 5263 1 5283
586 5243 0 0 0 5243
587 5313 0 0 0 5313
588 5326 0 5 0 5331
589 0 0 5315 3 5318
590 1 0 5248 0 5249
591 5258 0 29 0 5287
592 5340 0 0 0 5340
593 0 5365 1 0 5366
594 5370 0 0 3 5373
595 5386 0 0 0 5386
596 0 1 0 5407 5408
597 3 0 5401 0 5404
598 5393 0 0 1 5394
599 0 0 0 5374 5374
600 5421 0 1 0 5422
601 5328 0 1 0 5329
602 0 5396 0 4 5400
603 0 1 0 5303 5304
604 0 5359 0 3 5362
605 1 5401 0 1 5403
606 5461 0 3 0 5464
607 5389 0 1 0 5390
608 0 0 0 5315 5315
609 15 5378 0 6 5399
610 0 0 5420 0 5420
611 1 0 0 5274 5275
612 5352 0 1 11 5364
613 7 5490 0 3 5500
614 1 0 0 5408 5409
615 5 0 5385 0 5390
616 1 0 5288 1 5290
617 1 5492 1 5 5499
618 5544 0 15 0 5559
619 0 0 3 5570 5573
620 5531 0 4 0 5535
621 0 5548 0 1 5549
622 5560 0 2 0 5562
623 1 1 0 5538 5540
624 2 0 5499 0 5501
625 11 5487 0 4 5502
626 0 4 0 5579 5583
627 0 0 0 5626 5626
628 1 0 5586 0 5587
629 5569 0 4 0 5573
630 5643 0 0 3 5646
631 5668 0 1 0 5669
632 1 0 5652 0 5653
633 5673 0 0 0 5673
634 0 0 5676 3 5679
635 5683 0 2 1 5686
636 5181 0 521 7 5709
637 10 5778 0 25 5813
638 0 0 0 5788 5788
639 0 0 5776 2 5778
640 1 0 5741 0 5742
641 3 3 0 5698 5704
642 1 4 2 5816 5823
643 3 0 5856 0 5859
644 1 5986 0 0 5987
645 0 1 0 6039 6040
646 0 6128 0 0 6128
647 1 0 6140 0 6141
648 6068 0 5 0 6073
649 6174 0 2 0 6176
650 2 0 6300 2 6304
651 6279 0 6 0 6285
652 6335 0 3 0 6338
653 1 0 6347 0 6348
654 6363 0 0 0 6363
655 0 0 0 6400 6400
656 1 1 0 6438 6440
657 0 6450 0 2 6452
658 0 3 0 6438 6441
659 0 1 0 6422 6423
660 16 0 6390 0 6406
661 0 6380 0 6 6386
662 3 6441 0 2 6446
663 6485 5 3 0 6493
664 0 12 6437 0 6449
665 0 0 0 6342 6342
666 31 0 6368 2 6401
667 2 0 6330 2 6334
668 0 6411 1 3 6415
669 6410 0 9 0 6419
670 5 0 6441 3 6449
671 3 0 6231 9 6243
672 5682 0 1 3 5686
673 0 0 5586 0 5586
674 0 5581 0 1 5582
675 5807 0 2 1 5810
676 6264 0 1 2 6267
677 3 5545 0 0 5548
678 5931 0 0 0 5931
679 4 0 0 5347 5351
680 0 5624 0 0 5624
681 5787 1 0 2 5790
682 0 4 5568 40 5612
683 1 5796 0 2 5799
684 0 1 0 5894 5895
685 0 0 5978 0 5978
686 5590 3 8 2 5603
687 0 0 5999 0 5999
688 2 0 0 5387 5389
689 0 0 0 5999 5999
690 0 5762 0 5 5767
691 5869 0 15 0 5884
692 0 0 1 6053 6054
693 6136 0 1 0 6137
694 6 0 5775 1 5782
695 5890 0 0 0 5890
696 6387 0 5 0 6392
697 6539 0 0 0 6539
698 0 0 1 5686 5687
699 1 0 5809 0 5810
700 0 5825 0 3 5828
701 0 3 0 6067 6070
702 6086 11 3 0 6100
703 0 6097 0 0 6097
704 6012 0 0 0 6012
705 3 6005 0 7 6015
706 1 2 0 5910 5913
707 3 0 6035 1 6039
708 1 6110 0 1 6112
709 1 12 0 6057 6070
710 0 1 0 6508 6509
711 6128 0 81 0 6209
712 9 6152 0 1 6162
713 6274 0 0 0 6274
714 6556 1 3 0 6560
715 0 0 5985 2 5987
716 1 0 6380 1 6382
717 3 1 5 4487 4496
718 0 0 5792 0 5792
719 5895 1 4 0 5900
720 6478 0 0 0 6478
721 6687 0 0 0 6687
722 6768 0 0 1 6769
723 0 2 1 5722 5725
724 0 0 2 6269 6271
725 4 0 5843 0 5847
726 3 1 6248 0 6252
727 5733 0 12 0 5745
728 16 0 5918 0 5934
729 5875 0 0 0 5875
730 2 5956 0 0 5958
731 6192 0 5 0 6197
732 6467 0 1 0 6468
733 6582 0 1 0 6583
734 1 12 2 5745 5760
735 6193 0 4 0 6197
736 1 4 1 5859 5865
737 6055 4 3 0 6062
738 0 11 0 5563 5574
739 0 5486 0 3 5489
740 5571 1 1 0 5573
741 4 5595 0 2 5601
742 0 5996 0 2 5998
743 2 6198 0 4 6204
744 5589 0 2 3 5594
745 0 0 5701 0 5701
746 1 0 5881 0 5882
747 5317 1 2 0 5320
748 2 0 5756 2 5760
749 1 0 5976 0 5977
750 2 0 6061 0 6063
751 5531 1 3 0 5535
752 6004 0 0 0 6004
753 0 11 0 5736 5747
754 5905 0 0 0 5905
755 6069 0 5 1 6075
756 6173 0 0 1 6174
757 2 10 0 5513 5525
758 0 0 0 5869 5869
759 5848 0 12 1 5861
760 6058 0 3 0 6061
761 10 5569 0 1 5580
762 0 1 0 5627 5628
763 0 0 5598 1 5599
764 5804 0 0 0 5804
765 1 0 5701 0 5702
766 0 2 0 5542 5544
767 7 5794 1 0 5802
768 1 6143 0 3 6147
769 6012 0 15 2 6029
770 0 0 5964 1 5965
771 52 0 6088 0 6140
772 3 1 0 5401 5405
773 0 5965 0 0 5965
774 1 0 0 6087 6088
775 0 6207 1 0 6208
776 6280 0 2 0 6282
777 6380 0 8 1 6389
778 0 0 0 6161 6161
779 5 6080 0 1 6086
780 6161 1 59 0 6221
781 6342 0 6 2 6350
782 4 4 1 6121 6130
783 1 0 6119 0 6120
784 6173 1 13 0 6187
785 0 2 1 6216 6219
786 6301 0 1 1 6303
787 0 0 6056 0 6056
788 0 0 0 5929 5929
789 6161 4 0 0 6165
790 0 0 6034 0 6034
791 1 6035 0 1 6037
792 0 8 0 6140 6148
793 0 0 2 6335 6337
794 4 0 6167 0 6171
795 1 1 1 5952 5955
796 6059 0 0 0 6059
797 0 0 6064 0 6064
798 22 1 6202 0 6225
799 6075 0 0 0 6075
800 6418 1 1 0 6420
801 6485 1 0 0 6486
802 6504 0 11 0 6515
803 0 0 0 6308 6308
804 6387 0 1 0 6388
805 6478 1 0 0 6479
806 1 0 0 6150 6151
807 7 6171 0 8 6186
808 6459 0 0 4 6463
809 11 0 6418 0 6429
810 6551 0 0 0 6551
811 6676 0 0 0 6676
812 0 0 6535 0 6535
813 6670 0 0 0 6670
814 1 0 0 6619 6620
815 0 6852 0 0 6852
816 7010 0 1 0 7011
817 7049 1 0 1 7051
818 1 2 0 6929 6932
819 7026 0 0 3 7029
820 1 0 7084 1 7086
821 3 6 5 6922 6936
822 1 7207 0 15 7223
823 0 0 7256 6 7262
824 0 7077 1 1 7079
825 2 7 1 7073 7083
826 0 2 0 7273 7275
827 2 7161 1 2 7166
828 7239 0 3 0 7242
829 7281 1 0 4 7286
830 7229 1 0 0 7230
831 2 7097 0 4 7103
832 4 7187 0 0 7191
833 7 7239 0 2 7248
834 7019 2 0 6 7027
835 14 7256 1 1 7272
836 1 4 1 7208 7214
837 2 0 7124 13 7139
838 3 0 7131 2 7136
839 7050 0 1 0 7051
840 23 0 7138 1 7162
841 1 7203 0 0 7204
842 0 0 0 7277 7277
843 7226 0 2 0 7228
844 7 0 7169 0 7176
845 1 7184 0 0 7185
846 0 5 0 7277 7282
847 7 0 7313 0 7320
848 0 2 0 7187 7189
849 7356 2 17 3 7378
850 5 0 7407 0 7412
851 7466 0 1 0 7467
852 7550 0 2 0 7552
853 7632 0 0 0 7632
854 0 3 0 7474 7477
855 0 0 0 7683 7683
856 10 3 7525 0 7538
857 0 7581 0 2 7583
858 7786 0 1 0 7787
859 7785 0 1 0 7786
860 7777 0 0 1 7778
861 1 7740 0 5 7746
862 7832 0 0 2 7834
863 7831 0 1 0 7832
864 117 0 7541 0 7658
865 7624 1 3 0 7628
866 2 7739 0 0 7741
867 0 2 0 7781 7783
868 0 0 7812 0 7812
869 1 1 0 7645 7647
870 26 0 7766 5 7797
871 7758 0 45 0 7803
872 0 0 0 7794 7794
873 7904 1 1 0 7906
874 4 0 7788 1 7793
875 7819 0 0 1 7820
876 1 12 0 7789 7802
877 7835 0 0 0 7835
878 2 7861 0 0 7863
879 0 4 0 7923 7927
880 2 0 7895 0 7897
881 7897 0 1 0 7898
882 7845 2 3 0 7850
883 4 7816 0 3 7823
884 6 7969 3 3 7981
885 0 5 0 7959 7964
886 0 7 0 8058 8065
887 0 2 0 8092 8094
888 8098 0 4 0 8102
889 8096 0 0 1 8097
890 8101 0 3 0 8104
891 4 0 7975 2 7981
892 1 1 0 7753 7755
893 3 7935 0 1 7939
894 8052 0 2 0 8054
895 0 0 0 7975 7975
896 0 3 7920 0 7923
897 1 4 0 7884 7889
898 2 7989 1 6 7998
899 1 1 0 7945 7947
900 13 1 7895 0 7909
901 8 0 7828 1 7837
902 2 7811 0 1 7814
903 7923 0 7 3 7933
904 1 2 7872 1 7876
905 1 7791 1 0 7793
906 2 7941 0 1 7944
907 7991 0 0 0 7991
908 0 0 0 7979 7979
909 7964 0 2 2 7968
910 2 0 7941 0 7943
911 7827 0 6 1 7834
912 1 7937 0 0 7938
913 4 1 7897 4 7906
914 1 0 7883 2 7886
915 7708 1 56 4 7769
916 0 0 7876 2 7878
917 4 0 7853 1 7858
918 0 0 1 7331 7332
919 2 0 7784 0 7786
920 7788 0 4 2 7794
921 0 2 0 7857 7859
922 2 0 7843 0 7845
923 0 2 0 7713 7715
924 7807 0 1 0 7808
925 0 0 7697 0 7697
926 1 7703 0 0 7704
927 0 1 0 7723 7724
928 2 3 0 7734 7739
929 3 1 7728 2 7734
930 0 2 0 7588 7590
931 2 0 7593 1 7596
932 7621 0 1 0 7622
933 2 7607 1 2 7612
934 7622 0 0 0 7622
935 0 0 0 7573 7573
936 7556 0 1 1 7558
937 7554 0 0 0 7554
938 0 6 0 7560 7566
939 7546 0 16 0 7562
940 7538 0 0 0 7538
941 0 0 7404 0 7404
942 7344 0 1 0 7345
943 6 3 7358 0 7367
944 0 7324 0 0 7324
945 0 1 6 7313 7320
946 8 0 7330 0 7338
947 1 7307 0 0 7308
948 7366 3 0 15 7384
949 2 1 1 7288 7292
950 0 0 0 7337 7337
951 7352 0 11 0 7363
952 1 0 7231 1 7233
953 5 0 7167 0 7172
954 7235 0 3 4 7242
955 3 7153 0 14 7170
956 0 0 0 7310 7310
957 7371 0 4 0 7375
958 7314 0 1 0 7315
959 7298 0 1 0 7299
960 26 0 7228 0 7254
961 7085 2 21 0 7108
962 0 0 0 7012 7012
963 51 6939 0 124 7114
964 7087 0 0 0 7087
965 6 0 7044 7 7057
966 7029 0 2 0 7031
967 2 7053 0 0 7055
968 7093 4 1 0 7098
969 7034 0 2 0 7036
970 6996 0 0 1 6997
971 1 0 6941 3 6945
972 6901 0 0 0 6901
973 5 6952 0 0 6957
974 7020 1 0 0 7021
975 6983 0 1 0 6984
976 6898 1 0 0 6899
977 0 0 6887 0 6887
978 6841 1 1 0 6843
979 1 0 0 6717 6718
980 0 0 0 6748 6748
981 0 0 0 6735 6735
982 1 0 6670 3 6674
983 3 0 6656 0 6659
984 6669 3 19 2 6693
985 11 6661 1 5 6678
986 1 0 6642 2 6645
987 5 0 6635 0 6640
988 1 6647 0 3 6651
989 0 1 0 6685 6686
990 3 2 0 6730 6735
991 1 0 6616 0 6617
992 6527 0 2 3 6532
993 0 0 6547 4 6551
994 0 6539 0 2 6541
995 1 1 1 6626 6629
996 6659 0 1 0 6660
997 6601 0 0 1 6602
998 6627 0 0 0 6627
999 6601 0 1 0 6602
1000 6592 0 17 0 6609
1001 16 0 6494 0 6510
1002 6503 0 2 0 6505
1003 6534 0 3 0 6537
1004 0 0 0 6490 6490
1005 6545 0 5 0 6550
1006 1 0 0 6423 6424
1007 3 6461 0 16 6480
1008 6476 0 1 3 6480
1009 1 0 6417 2 6420
1010 0 2 6327 0 6329
1011 6252 0 0 4 6256
1012 6327 8 7 0 6342
1013 5 2 6419 0 6426
1014 6485 0 7 0 6492
1015 0 0 6460 1 6461
1016 0 0 6415 2 6417
1017 6393 0 0 0 6393
1018 1 0 0 6290 6291
1019 0 1 0 6382 6383
1020 2 6395 0 7 6404
1021 6515 1 2 5 6523
1022 6533 0 4 0 6537
1023 6544 0 0 0 6544
1024 6499 0 2 0 6501
1025 6433 0 0 0 6433
1026 3 0 1 6346 6350
1027 1 0 6274 0 6275
1028 6188 0 1 0 6189
1029 0 2 1 6207 6210
1030 4 0 6213 17 6234
1031 6169 1 0 0 6170
1032 6135 0 0 0 6135
1033 19 0 6163 0 6182
1034 6142 0 0 1 6143
1035 6145 1 1 0 6147
1036 6121 0 0 0 6121
1037 0 5 1 6100 6106
1038 6114 0 0 6 6120
1039 1 1 3 6057 6062
1040 0 1 2 6047 6050
1041 6117 0 3 0 6120
1042 5976 0 32 0 6008
1043 0 1 1 5960 5962
1044 6023 2 1 0 6026
1045 0 0 5915 4 5919
1046 2 0 5841 0 5843
1047 21 0 5789 0 5810
1048 5883 0 0 0 5883
1049 5939 0 6 1 5946
1050 3 5898 0 5 5906
1051 0 0 5881 1 5882
1052 0 0 5882 4 5886
1053 5893 0 3 0 5896
1054 5936 0 1 3 5940
1055 3 5854 1 0 5858
1056 5989 0 0 0 5989
1057 5953 0 0 0 5953
1058 7 2 1 5869 5879
1059 5839 0 1 0 5840
1060 1 5821 2 1 5825
1061 5909 0 0 0 5909
1062 4 0 5889 1 5894
1063 5866 0 0 0 5866
1064 5881 0 0 0 5881
1065 0 3 5843 1 5847
1066 5832 0 4 0 5836
1067 0 3 2 5760 5765
1068 0 3 1 5882 5886
1069 0 0 5974 0 5974
1070 1 1 5911 2 5915
1071 5911 0 3 0 5914
1072 5936 0 1 0 5937
1073 0 0 1 5858 5859
1074 5888 0 2 3 5893
1075 0 2 0 5842 5844
1076 0 0 5885 0 5885
1077 1 0 5824 2 5827
1078 0 0 5771 0 5771
1079 5715 0 4 1 5720
1080 1 5646 1 23 5671
1081 0 0 5664 2 5666
1082 2 0 5643 4 5649
1083 1 0 5685 4 5690
1084 2 0 5678 0 5680
1085 5665 0 2 0 5667
1086 5763 0 1 1 5765
1087 0 0 5705 0 5705
1088 5691 0 5 0 5696
1089 0 0 5723 2 5725
1090 2 0 5670 0 5672
1091 5692 0 0 0 5692
1092 2 0 5840 6 5848
1093 2 1 0 5793 5796
1094 0 4 1 5711 5716
1095 0 5756 0 1 5757
1096 0 5774 2 0 5776
1097 5857 1 0 0 5858
1098 1 0 2 5865 5868
1099 10 0 5863 1 5874
1100 1 0 1 5752 5754
1101 5826 0 2 0 5828
1102 5808 1 0 1 5810
1103 13 0 5819 0 5832
1104 5725 0 0 0 5725
1105 0 3 0 5741 5744
1106 1 0 5750 0 5751
1107 0 13 0 5508 5521
1108 2 0 5736 1 5739
1109 0 0 5808 0 5808
1110 0 3 1 5680 5684
1111 5 3 5754 2 5764
1112 5816 0 9 1 5826
1113 5761 0 45 0 5806
1114 0 1 1 5742 5744
1115 0 0 5724 0 5724
1116 1 5639 0 13 5653
1117 5680 1 3 3 5687
1118 2 0 5800 0 5802
1119 453 0 5327 10 5790
1120 0 0 6503 3 6506
1121 4 0 6543 0 6547
1122 6568 0 9 1 6578
1123 6559 0 2 3 6564
1124 0 1 1 6603 6605
1125 6627 0 0 2 6629
1126 0 0 2 6688 6690
1127 4 0 3 6757 6764
1128 6756 0 7 4 6767
1129 6800 0 0 1 6801
1130 6817 0 1 0 6818
1131 6851 0 0 0 6851
1132 6807 0 1 0 6808
1133 6743 0 11 0 6754
1134 4 1 6766 1 6772
1135 6721 0 0 14 6735
1136 0 0 6818 0 6818
1137 1 0 1 6613 6615
1138 6833 0 0 0 6833
1139 6835 0 2 0 6837
1140 6810 0 0 0 6810
1141 6827 0 1 0 6828
1142 0 5 2 6798 6805
1143 2 0 6797 0 6799
1144 6789 0 0 0 6789
1145 6777 0 4 0 6781
1146 6751 1 5 1 6758
1147 0 6767 0 24 6791
1148 0 2 0 6681 6683
1149 3 0 6753 7 6763
1150 3 1 6767 0 6771
1151 6738 0 7 0 6745
1152 6828 0 0 0 6828
1153 6836 0 1 0 6837
1154 6824 0 1 0 6825
1155 6801 0 2 0 6803
1156 5 6800 0 7 6812
1157 1 1 0 6736 6738
1158 6673 1 61 0 6735
1159 2 6750 0 10 6762
1160 2 1 0 6747 6750
1161 140 0 6612 3 6755
1162 6756 0 1 1 6758
1163 0 0 1 6770 6771
1164 6806 0 1 0 6807
1165 6804 0 0 1 6805
1166 6731 0 2 0 6733
1167 0 1 0 6683 6684
1168 0 0 0 6615 6615
1169 2 6671 0 4 6677
1170 6681 0 4 0 6685
1171 2 0 6641 0 6643
1172 2 6567 0 2 6571
1173 9 6598 0 1 6608
1174 6706 1 0 0 6707
1175 6697 0 1 1 6699
1176 6713 1 1 0 6715
1177 6731 1 1 0 6733
1178 6681 1 3 0 6685
1179 49 6 6657 0 6712
1180 0 0 6655 0 6655
1181 6582 0 16 0 6598
1182 0 1 6716 0 6717
1183 3 0 6681 0 6684
1184 6700 0 8 0 6708
1185 1 3 0 6721 6725
1186 6787 1 1 0 6789
1187 0 0 0 6819 6819
1188 1 0 6792 3 6796
1189 6747 0 0 1 6748
1190 27 1 6756 0 6784
1191 6695 0 3 0 6698
1192 0 0 6627 1 6628
1193 6745 0 0 0 6745
1194 0 0 0 6762 6762
1195 0 0 0 6861 6861
1196 0 0 0 6946 6946
1197 7026 0 0 0 7026
1198 6844 140 0 2 6986
1199 0 0 0 7015 7015
1200 7032 0 1 0 7033
1201 7001 0 2 0 7003
1202 0 2 1 7112 7115
1203 3 7177 0 17 7197
1204 1 2 0 7220 7223
1205 0 0 0 7368 7368
1206 7299 0 0 0 7299
1207 0 0 0 7334 7334
1208 2 0 7362 0 7364
1209 3 7251 0 31 7285
1210 7352 0 1 3 7356
1211 1 0 0 7503 7504
1212 7 0 7466 3 7476
1213 1 0 7489 0 7490
1214 1 0 0 7293 7294
1215 7653 1 14 0 7668
1216 0 0 0 7796 7796
1217 0 0 0 7861 7861
1218 2 17 1 7837 7857
1219 1 1 0 7870 7872
1220 0 7831 0 8 7839
1221 0 0 0 7838 7838
1222 3 7871 0 0 7874
1223 7973 0 3 1 7977
1224 7955 0 1 0 7956
1225 0 0 7948 0 7948
1226 7903 5 0 0 7908
1227 0 7913 0 21 7934
1228 7906 0 0 2 7908
1229 1 8047 1 4 8053
1230 0 15 0 8071 8086
1231 8124 2 0 0 8126
1232 4 0 8242 1 8247
1233 7 0 8230 0 8237
1234 8193 0 1 0 8194
1235 0 0 0 8239 8239
1236 3 0 8303 0 8306
1237 0 4 0 8275 8279
1238 2 1 0 8286 8289
1239 1 8268 0 3 8272
1240 1 8301 1 1 8304
1241 8374 0 1 2 8377
1242 8352 3 3 0 8358
1243 3 1 8388 5 8397
1244 5 0 8287 6 8298
1245 155 0 8174 3 8332
1246 10 0 8357 0 8367
1247 0 2 1 8035 8038
1248 15 0 8268 0 8283
1249 8380 3 0 0 8383
1250 2 0 8470 0 8472
1251 8414 0 20 0 8434
1252 0 0 8508 0 8508
1253 1 0 8475 0 8476
1254 8389 0 5 0 8394
1255 4 0 8490 0 8494
1256 8491 0 3 0 8494
1257 8576 0 1 0 8577
1258 8609 1 1 0 8611
1259 2 0 0 8661 8663
1260 8726 1 0 0 8727
1261 8765 0 3 0 8768
1262 8820 2 1 0 8823
1263 1 2 4 8947 8954
1264 0 1 1 8989 8991
1265 1 3 0 9067 9071
1266 0 16 6 9179 9201
1267 1 9209 0 1 9211
1268 0 1 0 9249 9250
1269 3 25 0 9240 9268
1270 9303 1 1 1 9306
1271 9230 2 1 0 9233
1272 1 0 0 9140 9141
1273 0 9203 0 4 9207
1274 1 0 9174 11 9186
1275 9090 0 3 0 9093
1276 1 0 9105 2 9108
1277 1 9011 0 2 9014
1278 7751 0 2 1278 9031
1279 5 0 9052 2 9059
1280 5 0 8851 0 8856
1281 1 8839 0 3 8843
1282 3 8913 0 1 8917
1283 9006 1 1 1 9009
1284 8851 0 1 0 8852
1285 5 8964 0 1 8970
1286 1 0 0 8880 8881
1287 1 1 0 8875 8877
1288 0 15 0 8862 8877
1289 0 5 0 8885 8890
1290 8796 0 6 0 8802
1291 0 0 0 8416 8416
1292 0 8352 0 0 8352
1293 0 4 0 8243 8247
1294 3 8297 0 2 8302
1295 2 8304 1 4 8311
1296 8286 1 12 5 8304
1297 8129 8 3 1 8141
1298 0 2 0 8142 8144
1299 0 0 8111 0 8111
1300 0 1 0 7907 7908
1301 7858 0 5 1 7864
1302 1 8007 0 0 8008
1303 0 7893 0 1 7894
1304 7963 0 1 0 7964
1305 7892 0 1 0 7893
1306 1 7894 2 4 7901
1307 1 0 1 7820 7822
1308 8 7838 0 9 7855
1309 5 7909 0 0 7914
1310 7911 0 0 2 7913
1311 7837 0 1 0 7838
1312 22 7848 0 1 7871
1313 10 0 7872 3 7885
1314 7794 0 2 0 7796
1315 0 1 1 7820 7822
1316 7819 0 0 0 7819
1317 4 43 1 7704 7752
1318 1 5 5 7817 7828
1319 0 0 0 7866 7866
1320 1 2 0 7781 7784
1321 0 9 0 7753 7762
1322 0 3 1 7722 7726
1323 2 3 7460 1 7466
1324 7465 1 1 1 7468
1325 7341 0 33 0 7374
1326 0 2 0 7381 7383
1327 7403 0 3 0 7406
1328 16 0 7375 1 7392
1329 7382 0 0 1 7383
1330 7353 0 5 0 7358
1331 8 0 7127 0 7135
1332 4 7060 1 0 7065
1333 7142 0 0 1 7143
1334 7018 0 20 1 7039
1335 0 6980 0 39 7019
1336 1 0 6971 1 6973
1337 6746 1 2 2 6751
1338 0 6939 5 1 6945
1339 0 6976 0 0 6976
1340 0 7 0 6993 7000
1341 0 0 6 7026 7032
1342 0 1 0 7059 7060
1343 0 1 0 7014 7015
1344 0 0 0 7014 7014
1345 6 0 6881 0 6887
1346 6789 0 2 0 6791
1347 1 0 0 6686 6687
1348 4 6713 0 2 6719
1349 6768 0 1 0 6769
1350 6681 1 9 0 6691
1351 0 1 0 6726 6727
1352 4 0 6728 0 6732
1353 0 0 6632 0 6632
1354 1 0 6624 0 6625
1355 0 0 6656 0 6656
1356 0 0 6475 202 6677
1357 0 0 0 6303 6303
1358 6637 0 1 3 6641
1359 0 1 0 6732 6733
1360 1 0 6714 2 6717
1361 6642 1 6 0 6649
1362 1 0 6627 0 6628
1363 3 1 6539 2 6545
1364 6650 0 1 0 6651
1365 6690 0 2 1 6693
1366 1 0 6 6599 6606
1367 0 6581 0 3 6584
1368 6467 0 0 4 6471
1369 0 6702 0 1 6703
1370 11 6710 0 0 6721
1371 1 6155 0 539 6695
1372 6751 0 0 1 6752
1373 6785 0 0 3 6788
1374 6809 0 3 0 6812
1375 5 0 6750 0 6755
1376 3 6718 0 0 6721
1377 6829 0 3 0 6832
1378 6787 0 0 0 6787
1379 0 0 6766 0 6766
1380 2 1 0 6520 6523
1381 0 0 6633 1 6634
1382 6710 0 0 0 6710
1383 6695 0 1 0 6696
1384 0 6664 0 0 6664
1385 0 0 0 6660 6660
1386 6651 0 1 2 6654
1387 54 6599 0 1 6654
1388 6666 0 0 0 6666
1389 0 1 0 6640 6641
1390 2 0 6674 2 6678
1391 1 0 6618 2 6621
1392 19 0 6577 2 6598
1393 6533 34 2 0 6569
1394 0 0 1 6577 6578
1395 6640 0 1 0 6641
1396 6641 0 1 0 6642
1397 6630 0 0 0 6630
1398 0 3 0 6559 6562
1399 0 0 6514 0 6514
1400 6509 0 0 1 6510
1401 6441 0 2 1 6444
1402 0 0 0 6324 6324
1403 2 6373 0 0 6375
1404 6420 0 0 0 6420
1405 6394 0 0 0 6394
1406 0 0 1 6338 6339
1407 1 0 6351 0 6352
1408 6354 0 0 2 6356
1409 6312 0 1 0 6313
1410 0 5 0 6266 6271
1411 2 1 6201 3 6207
1412 0 6162 0 3 6165
1413 6206 0 0 0 6206
1414 0 0 1 6167 6168
1415 1 6149 3 0 6153
1416 0 0 0 6194 6194
1417 0 0 6139 0 6139
1418 6072 0 4 1 6077
1419 5 6098 0 9 6112
1420 0 3 0 6067 6070
1421 6059 0 1 0 6060
1422 0 7 0 5986 5993
1423 5899 0 2 1 5902
1424 2 5930 0 5 5937
1425 5973 0 6 1 5980
1426 0 0 1 5915 5916
1427 1 2 2 5904 5909
1428 46 0 5822 0 5868
1429 5800 1 1 0 5802
1430 5777 1 13 0 5791
1431 5799 2 2 3 5806
1432 0 0 5742 2 5744
1433 0 0 5671 0 5671
1434 6 0 5623 2 5631
1435 5618 0 9 0 5627
1436 0 0 0 5582 5582
1437 0 2 0 5604 5606
1438 4 0 5569 0 5573
1439 0 4 1 5421 5426
1440 5531 0 0 0 5531
1441 1 0 5520 1 5522
1442 2 1 1 5323 5327
1443 25 0 5301 2 5328
1444 5352 0 2 1 5355
1445 1 5353 0 0 5354
1446 5439 0 1 0 5440
1447 5396 0 3 1 5400
1448 1 0 5323 1 5325
1449 5311 0 15 0 5326
1450 5288 0 2 0 5290
1451 5251 0 0 0 5251
1452 0 5 0 5225 5230
1453 195 0 5002 0 5197
1454 0 0 0 5040 5040
1455 5171 0 5 0 5176
1456 5134 0 0 0 5134
1457 0 0 0 5065 5065
1458 2 4 0 5105 5111
1459 1 0 5122 0 5123
1460 5108 0 3 0 5111
1461 1 5136 0 67 5204
1462 2 0 5144 1 5147
1463 5073 0 1 1 5075
1464 0 5116 0 18 5134
1465 3 8 3 5184 5198
1466 0 0 5 5201 5206
1467 0 0 0 5222 5222
1468 5193 0 0 0 5193
1469 1 0 5071 1 5073
1470 0 4972 0 48 5020
1471 4 7 0 4980 4991
1472 0 4939 0 0 4939
1473 1 5 0 4935 4941
1474 4910 0 0 0 4910
1475 10 4924 0 0 4934
1476 1 1 0 4902 4904
1477 4 0 4845 1 4850
1478 4798 0 0 0 4798
1479 4805 0 6 0 4811
1480 4744 1 5 0 4750
1481 6 4719 0 0 4725
1482 4709 1 1 3 4714
1483 3 0 4665 1 4669
1484 4661 0 2 0 4663
1485 4654 0 0 0 4654
1486 4632 0 0 0 4632
1487 4607 0 0 0 4607
1488 4609 0 5 1 4615
1489 17 0 4505 0 4522
1490 0 2 0 4085 4087
1491 4447 0 2 0 4449
1492 1 0 1 4403 4405
1493 0 4422 0 3 4425
1494 5 4392 0 2 4399
1495 4425 0 0 1 4426
1496 5 0 1 4382 4388
1497 4404 0 0 0 4404
1498 4371 0 0 3 4374
1499 2 4322 4 0 4328
1500 4317 0 7 0 4324
1501 4312 0 0 1 4313
1502 4307 0 0 0 4307
1503 4282 0 0 1 4283
1504 4275 0 1 0 4276
1505 4258 0 0 0 4258
1506 0 0 0 4152 4152
1507 15 4202 1 0 4218
1508 1 1 0 4202 4204
1509 0 7 0 4220 4227
1510 4198 1 0 0 4199
1511 0 1 4119 0 4120
1512 0 4096 0 8 4104
1513 2 1 1 4052 4056
1514 2 0 1 4085 4088
1515 4115 0 3 0 4118
1516 4076 0 1 0 4077
1517 0 1 1 4056 4058
1518 4071 0 1 0 4072
1519 4019 0 1 0 4020
1520 4024 0 0 0 4024
1521 3998 0 0 0 3998
1522 3966 1 3 0 3970
1523 11 0 3889 1 3901
1524 51 0 3779 1 3831
1525 3854 0 0 1 3855
1526 0 3868 0 0 3868
1527 0 1 0 3849 3850
1528 0 2 3870 0 3872
1529 1 0 3799 0 3800
1530 3850 0 1 0 3851
1531 2 0 3798 0 3800
1532 3882 1 0 0 3883
1533 3831 0 0 0 3831
1534 2 0 3806 0 3808
1535 0 1 0 3671 3672
1536 3 3791 0 1 3795
1537 3826 1 0 0 3827
1538 1 2 0 3837 3840
1539 3813 0 2 0 3815
1540 3808 0 0 0 3808
1541 0 5 0 3798 3803
1542 0 0 3742 0 3742
1543 0 0 3679 6 3685
1544 5 0 3660 0 3665
1545 3729 1 0 0 3730
1546 1 0 3742 0 3743
1547 0 3733 0 0 3733
1548 0 2 0 3773 3775
1549 3828 0 0 1 3829
1550 3791 0 2 0 3793
1551 3 0 0 3791 3794
1552 1 1 3706 0 3708
1553 3707 0 3 3 3713
1554 2 3715 2 6 3725
1555 5 0 3687 3 3695
1556 0 2 0 3610 3612
1557 3 1 3618 0 3622
1558 3653 0 1 0 3654
1559 5 0 3706 0 3711
1560 0 0 0 3622 3622
1561 0 0 3717 6 3723
1562 3788 0 0 3 3791
1563 3870 0 5 0 3875
1564 0 1 0 3846 3847
1565 0 0 0 3898 3898
1566 3969 0 1 0 3970
1567 1 1 3892 0 3894
1568 3918 0 1 0 3919
1569 3919 0 1 1 3921
1570 0 0 0 3910 3910
1571 2 3909 0 0 3911
1572 3922 5 15 2 3944
1573 1 3995 0 1 3997
1574 4056 0 0 0 4056
1575 4027 0 0 1 4028
1576 4 1 3971 0 3976
1577 1 3982 0 1 3984
1578 3995 0 3 1 3999
1579 1 4042 0 1 4044
1580 4035 0 0 0 4035
1581 5 1 4046 0 4052
1582 2 4045 0 2 4049
1583 1 1 0 4122 4124
1584 5 0 4103 4 4112
1585 4077 0 0 1 4078
1586 0 0 0 4173 4173
1587 1 0 4154 0 4155
1588 4150 0 0 0 4150
1589 0 2 0 4178 4180
1590 4195 0 0 0 4195
1591 4182 0 1 1 4184
1592 0 4169 0 3 4172
1593 4187 0 0 0 4187
1594 0 1 0 4181 4182
1595 4180 0 3 0 4183
1596 0 19 0 4157 4176
1597 0 0 4174 2 4176
1598 4154 0 4 0 4158
1599 1 0 0 4126 4127
1600 4138 0 0 0 4138
1601 0 4144 0 0 4144
1602 4092 0 19 0 4111
1603 1 4144 0 1 4146
1604 0 4190 0 0 4190
1605 1 25 0 4170 4196
1606 4226 1 0 1 4228
1607 4180 0 1 0 4181
1608 4194 0 1 0 4195
1609 4193 0 0 0 4193
1610 1 0 1 4178 4180
1611 2 0 4160 0 4162
1612 0 1 0 3944 3945
1613 2 0 4142 0 4144
1614 0 0 4125 2 4127
1615 0 0 4155 0 4155
1616 4107 0 0 1 4108
1617 4134 0 36 0 4170
1618 4207 1 1 0 4209
1619 0 3 0 4201 4204
1620 0 1 4201 0 4202
1621 3 0 4432 1 4436
1622 2 0 4628 4 4634
1623 4710 0 1 1 4712
1624 4685 2 0 0 4687
1625 0 4746 0 0 4746
1626 4778 1 0 0 4779
1627 4749 0 0 0 4749
1628 0 4730 0 0 4730
1629 2 4829 0 23 4854
1630 5081 1 3 1 5086
1631 5163 0 0 0 5163
1632 5147 0 10 0 5157
1633 4 0 5145 0 5149
1634 5119 0 1 0 5120
1635 5138 0 4 0 5142
1636 2 5144 0 45 5191
1637 0 0 0 5167 5167
1638 0 0 5163 4 5167
1639 3 0 5231 1 5235
1640 0 2 0 5046 5048
1641 0 0 5219 0 5219
1642 2 5306 0 0 5308
1643 5528 1 3 0 5532
1644 5535 0 2 1 5538
1645 5527 0 3 1 5531
1646 5452 0 1 0 5453
1647 0 5462 0 1 5463
1648 5279 0 0 0 5279
1649 1 5395 2 0 5398
1650 0 0 0 5423 5423
1651 3 1 0 5424 5428
1652 5463 0 0 1 5464
1653 0 1 0 5398 5399
1654 1 5402 0 0 5403
1655 5429 0 0 0 5429
1656 5387 0 0 0 5387
1657 0 2 0 5451 5453
1658 1 0 5426 0 5427
1659 2 0 5374 0 5376
1660 2 0 5359 0 5361
1661 4 1 1 5128 5134
1662 5 0 5334 1 5340
1663 10 5460 0 1 5471
1664 2 3 0 5556 5561
1665 5606 0 12 0 5618
1666 5719 0 0 0 5719
1667 5702 1 1 0 5704
1668 5748 0 0 0 5748
1669 5727 0 0 0 5727
1670 5680 1 0 6 5687
1671 1 5804 0 2 5807
1672 0 1 0 5720 5721
1673 0 1 0 5772 5773
1674 148 0 5597 2 5747
1675 7 0 5874 0 5881
1676 1 1 0 5724 5726
1677 1 0 5891 1 5893
1678 5967 0 3 0 5970
1679 10 6008 0 1 6019
1680 6029 0 0 0 6029
1681 0 6137 0 18 6155
1682 0 4 0 6302 6306
1683 1355 0 4986 4 6345
1684 6306 0 2 0 6308
1685 6317 1 1 0 6319
1686 0 0 6291 0 6291
1687 1 0 6200 0 6201
1688 0 6387 0 4 6391
1689 2 9 0 6401 6412
1690 0 6464 0 0 6464
1691 6529 0 4 4 6537
1692 3 0 6662 1 6666
1693 2 0 0 6594 6596
1694 1 0 0 6692 6693
1695 0 0 0 6715 6715
1696 0 6750 0 6 6756
1697 1 0 0 6766 6767
1698 1 5 0 6786 6792
1699 5 6770 0 22 6797
1700 0 3 0 6827 6830
1701 6752 0 2 0 6754
1702 0 0 6904 1 6905
1703 5 0 6878 0 6883
1704 6813 0 16 2 6831
1705 6936 0 0 1 6937
1706 6939 0 0 0 6939
1707 6944 0 3 0 6947
1708 9 0 6936 1 6946
1709 6891 0 2 4 6897
1710 20 0 6985 4 7009
1711 1 0 6952 0 6953
1712 7050 0 2 0 7052
1713 8 7056 3 1 7068
1714 7129 0 1 1 7131
1715 0 1 0 7172 7173
1716 0 0 7192 0 7192
1717 0 2 1 7142 7145
1718 0 0 0 7145 7145
1719 4 7095 0 3 7102
1720 1 7157 0 0 7158
1721 7201 0 0 6 7207
1722 7163 2 1 3 7169
1723 0 1 0 7279 7280
1724 0 2 7283 2 7287
1725 3 0 7229 1 7233
1726 2 0 7244 0 7246
1727 7175 0 3 2 7180
1728 0 2 0 7260 7262
1729 1 0 7306 0 7307
1730 0 7256 0 2 7258
1731 7351 0 0 3 7354
1732 0 0 0 7422 7422
1733 0 0 1 7417 7418
1734 0 3 0 7455 7458
1735 0 0 7457 3 7460
1736 7419 1 1 0 7421
1737 7422 0 0 0 7422
1738 0 0 7417 0 7417
1739 0 7401 1 3 7405
1740 7560 0 0 4 7564
1741 0 5 0 7663 7668
1742 1 0 1 7751 7753
1743 1 5 0 7769 7775
1744 0 0 7701 1 7702
1745 7662 0 5 1 7668
1746 66 0 7629 2 7697
1747 7655 0 0 0 7655
1748 4 0 7717 0 7721
1749 2 7638 0 44 7684
1750 7793 0 3 4 7800
1751 0 13 0 7812 7825
1752 7828 0 17 0 7845
1753 7786 1 0 0 7787
1754 0 2 0 7785 7787
1755 2 269 0 7421 7692
1756 1 7678 0 3 7682
1757 2 7778 0 0 7780
1758 0 2 0 7747 7749
1759 4 7806 0 1 7811
1760 7861 0 3 0 7864
1761 17 0 7878 1 7896
1762 7838 0 5 1 7844
1763 7905 0 0 1 7906
1764 7923 0 1 0 7924
1765 7880 0 3 0 7883
1766 3 0 3 7891 7897
1767 25 0 7866 0 7891
1768 2 3 7781 1 7787
1769 4 7715 3 4 7726
1770 0 1 0 7800 7801
1771 2 0 7838 5 7845
1772 0 0 7801 0 7801
1773 0 16 0 7684 7700
1774 0 7766 0 3 7769
1775 7771 1 1 0 7773
1776 19 0 7756 0 7775
1777 0 1 0 7704 7705
1778 7759 0 1 0 7760
1779 1 7769 0 1 7771
1780 7780 0 0 8 7788
1781 0 0 7892 0 7892
1782 0 3 0 7783 7786
1783 0 0 7857 0 7857
1784 3 3 7854 0 7860
1785 7661 1 1 3 7666
1786 0 1 0 7781 7782
1787 0 0 0 7882 7882
1788 0 1 1 7911 7913
1789 11 0 7791 1 7803
1790 2 7842 0 5 7849
1791 7979 0 2 1 7982
1792 7979 0 1 0 7980
1793 0 0 7908 0 7908
1794 7881 0 1 0 7882
1795 9 1 7808 1 7819
1796 2 7481 1 341 7825
1797 7947 0 1 5 7953
1798 0 0 7874 0 7874
1799 0 0 0 7784 7784
1800 0 0 7826 0 7826
1801 1 7823 0 0 7824
1802 1 0 0 7846 7847
1803 0 7926 0 0 7926
1804 7951 1 3 0 7955
1805 7932 0 0 0 7932
1806 7952 0 0 1 7953
1807 0 7905 0 2 7907
1808 8016 0 0 0 8016
1809 7981 0 0 1 7982
1810 7900 5 0 0 7905
1811 0 0 0 7899 7899
1812 1 0 7858 0 7859
1813 7805 1 2 0 7808
1814 2 0 7857 1 7860
1815 7816 1 3 0 7820
1816 2 0 7772 2 7776
1817 7675 0 3 0 7678
1818 2 7614 2 10 7628
1819 0 7729 0 0 7729
1820 7736 1 6 3 7746
1821 251 0 7554 0 7805
1822 4 2 7736 4 7746
1823 7584 2 6 0 7592
1824 2 0 7702 1 7705
1825 3 4 7778 0 7785
1826 0 1 0 7027 7028
1827 0 8 1 7610 7619
1828 7743 1 0 1 7745
1829 1 1 1 7975 7978
1830 4 0 7911 0 7915
1831 7902 0 1 3 7906
1832 8039 0 1 0 8040
1833 8009 1 0 1 8011
1834 7963 1 1 2 7967
1835 0 8020 0 2 8022
1836 5 0 0 7974 7979
1837 1 0 7980 0 7981
1838 7941 0 1 0 7942
1839 1 7929 0 49 7979
1840 10 7940 4 0 7954
1841 7978 0 0 1 7979
1842 8 0 7993 0 8001
1843 0 1 0 7738 7739
1844 1 0 0 7968 7969
1845 6 7934 0 9 7949
1846 7961 0 1 1 7963
1847 0 0 1 7991 7992
1848 7980 0 1 0 7981
1849 7918 0 0 0 7918
1850 7848 0 0 1 7849
1851 16 0 7831 0 7847
1852 0 0 2 7347 7349
1853 0 3 1 7704 7708
1854 2 0 7644 0 7646
1855 0 7604 0 6 7610
1856 0 2 0 7645 7647
1857 24 0 7598 20 7642
1858 2 7473 0 5 7480
1859 2 7569 0 4 7575
1860 0 10 0 7718 7728
1861 1 1 0 7801 7803
1862 0 0 0 7793 7793
1863 0 1 0 7784 7785
1864 1 0 0 7807 7808
1865 1 4 7672 0 7677
1866 0 7 0 7488 7495
1867 0 3 0 7579 7582
1868 0 1 0 7694 7695
1869 1 7599 0 9 7609
1870 1 3 0 7534 7538
1871 1 7494 0 2 7497
1872 7375 0 12 2 7389
1873 1 7370 0 5 7376
1874 18 7343 1 1 7363
1875 7275 0 0 0 7275
1876 0 7391 3 0 7394
1877 0 7461 0 1 7462
1878 7479 0 9 0 7488
1879 7413 0 4 0 7417
1880 7448 0 1 0 7449
1881 7440 0 0 0 7440
1882 11 0 0 7383 7394
1883 0 1 0 7456 7457
1884 7479 0 2 2 7483
1885 7420 0 3 3 7426
1886 2 0 7343 9 7354
1887 28 0 7247 1 7276
1888 7170 0 0 0 7170
1889 1 0 7247 0 7248
1890 1 7189 0 6 7196
1891 7270 0 0 0 7270
1892 7277 0 1 0 7278
1893 0 9 0 7238 7247
1894 0 0 7297 1 7298
1895 0 0 7305 0 7305
1896 4 0 7254 2 7260
1897 0 0 7213 0 7213
1898 7157 0 2 0 7159
1899 1 0 7184 0 7185
1900 0 7085 0 2 7087
1901 0 7139 0 7 7146
1902 3 0 1 7247 7251
1903 0 0 4 7284 7288
1904 7156 0 0 14 7170
1905 0 9 1 7147 7157
1906 2 7137 0 1 7140
1907 7140 2 2 0 7144
1908 7033 0 9 0 7042
1909 0 4 5 7043 7052
1910 1 0 0 7136 7137
1911 3 7162 0 0 7165
1912 0 0 1 7154 7155
1913 5 1 0 7214 7220
1914 7174 1 20 2 7197
1915 7121 0 0 0 7121
1916 7031 0 0 0 7031
1917 6975 0 0 0 6975
1918 8 7046 0 11 7065
1919 0 0 2 7007 7009
1920 0 0 1 7083 7084
1921 22 0 7028 0 7050
1922 0 15 0 6836 6851
1923 6874 0 6 36 6916
1924 0 0 0 6971 6971
1925 0 0 0 6967 6967
1926 9 0 6810 0 6819
1927 6779 0 0 1 6780
1928 6820 0 0 1 6821
1929 6742 0 25 0 6767
1930 1 0 6699 0 6700
1931 12 0 6681 0 6693
1932 6513 0 2 0 6515
1933 0 0 6562 2 6564
1934 0 0 6483 3 6486
1935 6480 0 0 1 6481
1936 3 0 6382 0 6385
1937 2 0 6348 1 6351
1938 27 1 6303 0 6331
1939 2 0 6834 0 6836
1940 7066 1 1 0 7068
1941 7046 0 8 0 7054
1942 7075 0 0 0 7075
1943 7104 0 1 0 7105
1944 0 6 2 7064 7072
1945 0 2 1 7054 7057
1946 0 5 0 7057 7062
1947 0 6926 0 71 6997
1948 7029 0 0 1 7030
1949 0 1 0 6970 6971
1950 0 6978 0 30 7008
1951 2 1 6981 8 6992
1952 6924 1 3 0 6928
1953 6911 0 1 0 6912
1954 34 0 6953 0 6987
1955 1 4 0 6860 6865
1956 6980 0 9 2 6991
1957 6986 0 0 0 6986
1958 0 1 6980 0 6981
1959 0 0 6914 0 6914
1960 6942 0 0 0 6942
1961 6919 0 1 0 6920
1962 6906 1 2 0 6909
1963 0 0 6891 0 6891
1964 0 0 6793 0 6793
1965 24 0 6738 0 6762
1966 0 0 0 6596 6596
1967 1 6667 0 0 6668
1968 1 0 0 6644 6645
1969 0 6653 0 2 6655
1970 0 6687 0 0 6687
1971 0 1 1 6611 6613
1972 0 6623 0 2 6625
1973 2 0 0 6665 6667
1974 6583 1 43 1 6628
1975 0 0 0 6630 6630
1976 0 0 0 6564 6564
1977 0 0 0 6533 6533
1978 0 0 0 6437 6437
1979 0 6414 0 5 6419
1980 3 6397 0 22 6422
1981 0 1 2 6176 6179
1982 6158 0 0 0 6158
1983 0 6 0 6152 6158
1984 6167 0 0 0 6167
1985 6117 0 1 0 6118
1986 0 2 3 5927 5932
1987 5 5976 0 0 5981
1988 4 5913 0 2 5919
1989 5939 0 4 0 5943
1990 14 5971 4 0 5989
1991 5995 0 0 5 6000
1992 5921 0 1 0 5922
1993 5854 0 3 0 5857
1994 0 5909 0 0 5909
1995 5938 0 1 0 5939
1996 7 1 5827 1 5836
1997 5879 0 1 0 5880
1998 5834 0 3 0 5837
1999 0 1 5764 0 5765
2000 0 14 0 5573 5587
2001 3 5657 0 11 5671
2002 66 5651 0 0 5717
2003 0 4 0 5715 5719
2004 5762 0 0 0 5762
2005 5699 0 1 0 5700
2006 2 5692 0 0 5694
2007 0 33 0 5651 5684
2008 5734 0 1 1 5736
2009 1 0 0 5681 5682
2010 5706 0 0 0 5706
2011 0 1 0 5631 5632
2012 2 0 5599 0 5601
2013 0 5140 0 401 5541
2014 5 0 5552 3 5560
2015 1 0 5555 3 5559
2016 15 5542 0 5 5562
2017 5564 1 9 0 5574
2018 2 0 5607 0 5609
2019 5560 0 1 1 5562
2020 5541 0 2 0 5543
2021 1 0 0 5589 5590
2022 9 0 5535 4 5548
2023 5483 0 8 0 5491
2024 0 0 0 5552 5552
2025 2 0 5540 1 5543
2026 0 0 0 5460 5460
2027 1 5447 0 2 5450
2028 5425 0 29 1 5455
2029 1 14 0 5464 5479
2030 0 0 0 5509 5509
2031 5457 0 6 0 5463
2032 5393 0 0 0 5393
2033 5395 0 2 0 5397
2034 5404 0 0 0 5404
2035 1 1 5390 0 5392
2036 2 0 5485 0 5487
2037 0 0 5492 0 5492
2038 5485 0 10 0 5495
2039 5545 0 0 0 5545
2040 5556 0 3 0 5559
2041 5523 0 0 0 5523
2042 1 0 0 5465 5466
2043 0 1 0 5475 5476
2044 26 0 5427 0 5453
2045 5382 3 3 0 5388
2046 5384 0 4 0 5388
2047 0 0 5359 0 5359
2048 5329 0 0 0 5329
2049 0 1 2 5289 5292
2050 2 2 5299 0 5303
2051 5236 0 3 1 5240
2052 5233 0 0 0 5233
2053 0 0 5139 0 5139
2054 5121 0 1 0 5122
2055 5104 2 0 0 5106
2056 5096 1 0 0 5097
2057 9 0 5027 0 5036
2058 9 0 4973 0 4982
2059 4970 0 2 1 4973
2060 4994 0 0 0 4994
2061 0 0 0 4940 4940
2062 4994 0 0 3 4997
2063 0 0 4928 0 4928
2064 4905 0 0 0 4905
2065 0 2 0 4792 4794
2066 1 4817 0 16 4834
2067 4831 0 0 3 4834
2068 4792 0 0 1 4793
2069 0 2 0 4855 4857
2070 3 1 4827 3 4834
2071 1 1 4747 0 4749
2072 0 0 4684 0 4684
2073 5 0 4702 1 4708
2074 4715 0 4 0 4719
2075 4704 0 1 3 4708
2076 0 0 0 4659 4659
2077 1 0 4648 0 4649
2078 0 4623 0 11 4634
2079 4638 0 0 0 4638
2080 2 0 4636 0 4638
2081 0 0 0 4417 4417
2082 4540 0 3 0 4543
2083 0 0 0 4498 4498
2084 0 0 0 4510 4510
2085 4516 0 1 0 4517
2086 0 0 4455 0 4455
2087 3 4386 0 2 4391
2088 4376 3 0 6 4385
2089 2 0 4318 6 4326
2090 3 0 4224 0 4227
2091 1 4238 0 0 4239
2092 0 0 0 4231 4231
2093 0 1 0 4252 4253
2094 1 2 0 4213 4216
2095 0 4188 0 1 4189
2096 0 0 1 4141 4142
2097 0 4144 0 3 4147
2098 2 0 4140 0 4142
2099 0 0 0 4094 4094
2100 0 0 0 4106 4106
2101 4082 0 0 0 4082
2102 0 0 4040 0 4040
2103 1 0 0 3950 3951
2104 1 0 3970 0 3971
2105 4 3 3934 1 3942
2106 0 3946 1 1 3948
2107 3899 0 4 2 3905
2108 3872 0 0 0 3872
2109 11 0 3864 0 3875
2110 4 1 0 3711 3716
2111 3836 0 0 0 3836
2112 0 2 0 3804 3806
2113 1 0 3776 0 3777
2114 3742 0 0 0 3742
2115 8 3709 0 0 3717
2116 0 3692 1 1 3694
2117 1 3696 0 0 3697
2118 3721 0 3 0 3724
2119 0 0 3694 0 3694
2120 3639 0 1 0 3640
2121 0 1 0 3583 3584
2122 1 3630 0 0 3631
2123 0 0 0 3599 3599
2124 0 0 0 3598 3598
2125 1 0 3591 0 3592
2126 0 0 3581 0 3581
2127 3534 0 0 0 3534
2128 0 0 3541 1 3542
2129 3501 0 0 0 3501
2130 0 4 0 3489 3493
2131 0 0 0 3462 3462
2132 0 0 0 3416 3416
2133 0 3394 0 2 3396
2134 3428 0 0 0 3428
2135 3401 0 0 0 3401
2136 3363 0 0 0 3363
2137 3312 0 0 0 3312
2138 0 3323 0 0 3323
2139 0 105 0 3211 3316
2140 3324 0 1 0 3325
2141 0 0 0 3309 3309
2142 0 0 0 3284 3284
2143 5 0 3219 2 3226
2144 3222 0 0 0 3222
2145 3222 0 3 0 3225
2146 0 0 3187 0 3187
2147 3150 0 0 0 3150
2148 3126 0 0 0 3126
2149 0 3097 2 0 3099
2150 0 1 0 3055 3056
2151 0 1 0 3036 3037
2152 1 0 3015 0 3016
2153 2999 0 0 0 2999
2154 3012 0 0 0 3012
2155 2950 0 3 0 2953
2156 2887 0 9 0 2896
2157 23 0 2785 0 2808
2158 8 2750 0 3 2761
2159 0 0 0 3744 3744
2160 5 0 3660 0 3665
2161 3634 0 5 0 3639
2162 3627 0 10 0 3637
2163 3554 0 1 0 3555
2164 0 3488 1 0 3489
2165 2 3490 0 1 3493
2166 3497 5 3 1 3506
2167 3 0 3424 1 3428
2168 106 0 3152 0 3258
2169 8 0 3224 3 3235
2170 4 0 3262 6 3272
2171 3256 0 0 0 3256
2172 3259 0 0 0 3259
2173 3235 0 0 0 3235
2174 2768 0 424 0 3192
2175 454 0 2717 0 3171
2176 0 0 3119 0 3119
2177 4 3119 0 0 3123
2178 3178 0 0 0 3178
2179 3133 0 2 0 3135
2180 3069 0 0 0 3069
2181 28 3040 6 3 3077
2182 3110 0 0 1 3111
2183 0 0 0 3028 3028
2184 1 2907 0 135 3043
2185 0 0 0 3027 3027
2186 0 0 0 3045 3045
2187 13 0 2985 0 2998
2188 0 2956 1 0 2957
2189 0 0 0 2961 2961
2190 0 0 0 2958 2958
2191 0 0 0 2943 2943
2192 2935 0 1 0 2936
2193 0 0 0 2887 2887
2194 0 2899 0 3 2902
2195 2822 0 0 0 2822
2196 2803 0 6 0 2809
2197 454 0 2317 0 2771
2198 6 0 2724 3 2733
2199 1752 0 2 0 1754
2200 1727 0 0 0 1727
2201 1734 0 0 0 1734
2202 1684 0 0 0 1684
2203 7 1698 0 0 1705
2204 0 1674 0 8 1682
2205 1683 0 1 0 1684
2206 0 0 1676 0 1676
2207 0 0 0 1637 1637
2208 1 6 0 1624 1631
2209 1640 0 0 1 1641
2210 1686 0 9 0 1695
2211 1693 0 1 0 1694
2212 9 0 1666 0 1675
2213 81 0 0 1508 1589
2214 2669 0 6 0 2675
2215 6 0 2666 0 2672
2216 0 0 0 2546 2546
2217 6 0 2609 0 2615
2218 2640 0 3 0 2643
2219 2638 0 2 0 2640
2220 2639 0 1 0 2640
2221 2618 0 4 0 2622
2222 0 0 2623 2 2625
2223 26 0 2558 4 2588
2224 2622 0 0 0 2622
2225 2620 0 4 0 2624
2226 2614 0 0 0 2614
2227 2596 0 8 0 2604
2228 1 0 2591 0 2592
2229 1 0 2579 0 2580
2230 0 29 1 2253 2283
2231 2500 0 15 0 2515
2232 0 3 1 2530 2534
2233 2572 0 9 0 2581
2234 1 0 2559 0 2560
2235 0 0 0 2499 2499
2236 0 0 2512 0 2512
2237 0 2486 0 0 2486
2238 0 25 0 2474 2499
2239 0 25 0 2489 2514
2240 0 0 3 2496 2499
2241 10 0 2487 0 2497
2242 0 1 0 2452 2453
2243 0 2436 0 0 2436
2244 3 2452 0 0 2455
2245 1268 0 1200 0 2468
2246 2436 0 0 0 2436
2247 0 0 0 2439 2439
2248 0 0 2435 0 2435
2249 2411 0 3 0 2414
2250 0 2414 0 0 2414
2251 2429 0 0 0 2429
2252 0 0 0 2422 2422
2253 0 27 0 2389 2416
2254 0 9 0 2379 2388
2255 0 2394 0 0 2394
2256 2385 0 7 0 2392
2257 0 2389 0 0 2389
2258 2340 0 5 0 2345
2259 2337 0 9 0 2346
2260 12 0 2322 0 2334
2261 0 0 2316 1 2317
2262 2329 0 0 0 2329
2263 2329 0 5 0 2334
2264 4 0 0 2309 2313
2265 0 34 9 2275 2318
2266 2339 0 9 0 2348
2267 2314 0 22 0 2336
2268 19 0 2271 0 2290
2269 2183 0 42 0 2225
2270 1 0 2187 0 2188
2271 2172 0 0 0 2172
2272 1 2160 0 0 2161
2273 2193 0 0 0 2193
2274 2153 0 2 0 2155
2275 2138 0 4 0 2142
2276 0 0 2047 1 2048
2277 2044 0 0 0 2044
2278 1964 0 24 0 1988
2279 0 1 0 1967 1968
2280 0 0 1959 0 1959
2281 1913 0 20 0 1933
2282 0 1942 0 0 1942
2283 1940 0 0 0 1940
2284 0 0 1940 5 1945
2285 0 0 0 1894 1894
2286 0 0 0 1909 1909
2287 15 0 1883 0 1898
2288 1842 0 34 0 1876
2289 0 0 1877 0 1877
2290 0 0 0 1738 1738
2291 113 1624 0 0 1737
2292 14 1076 0 653 1743
2293 1754 0 0 0 1754
2294 1 0 0 1740 1741
2295 0 0 1721 0 1721
2296 0 0 1712 0 1712
2297 2 0 1692 0 1694
2298 0 0 1695 0 1695
2299 0 4 7 1634 1645
2300 0 0 1665 0 1665
2301 0 0 1668 0 1668
2302 46 0 1588 0 1634
2303 0 1561 0 0 1561
2304 0 1584 0 0 1584
2305 0 0 0 1612 1612
2306 0 1 0 1631 1632
2307 0 0 1598 0 1598
2308 1559 1 0 0 1560
2309 0 0 1540 0 1540
2310 0 1499 0 0 1499
2311 0 0 0 1503 1503
2312 1510 0 0 0 1510
2313 1494 0 0 0 1494
2314 0 0 0 45 45
