0 0 0 0 0 0
1 960 0 0 0 960
2 0 0 0 983 983
3 0 0 981 0 981
4 996 0 0 0 996
5 0 1034 0 0 1034
6 1034 0 0 0 1034
7 0 0 0 1054 1054
8 0 0 0 1045 1045
9 1056 0 0 0 1056
10 0 0 1053 0 1053
11 0 1156 0 0 1156
12 30 927 0 250 1207
13 1222 0 0 0 1222
14 1233 0 0 0 1233
15 1218 0 3 0 1221
16 1241 0 0 2 1243
17 0 0 0 1260 1260
18 0 0 0 1264 1264
19 0 0 1251 1 1252
20 1233 0 0 0 1233
21 1226 1 0 0 1227
22 0 0 0 1245 1245
23 0 0 0 1258 1258
24 1 0 1253 1 1255
25 0 0 0 1256 1256
26 0 0 0 1272 1272
27 1270 0 8 0 1278
28 1262 0 0 0 1262
29 1249 0 8 0 1257
30 1213 33 17 0 1263
31 0 1273 0 0 1273
32 1258 0 1 0 1259
33 1250 0 0 0 1250
34 0 1269 0 0 1269
35 0 0 0 1269 1269
36 0 0 1260 0 1260
37 0 1252 0 0 1252
38 0 0 0 1272 1272
39 1259 0 0 0 1259
40 1251 0 0 0 1251
41 0 0 1266 0 1266
42 0 0 1320 0 1320
43 0 0 1318 1 1319
44 1337 0 0 0 1337
45 0 1340 0 0 1340
46 1342 0 1 1 1344
47 1341 0 0 0 1341
48 0 0 0 1349 1349
49 0 0 1329 0 1329
50 1335 0 0 0 1335
51 15 0 1325 0 1340
52 0 0 1509 0 1509
53 0 1535 0 0 1535
54 0 1573 0 0 1573
55 1611 0 0 0 1611
56 1632 0 3 0 1635
57 1647 0 0 0 1647
58 1660 1 0 0 1661
59 0 1670 0 0 1670
60 1701 0 0 0 1701
61 0 0 1727 0 1727
62 0 0 0 1676 1676
63 0 0 0 1725 1725
64 0 0 0 1734 1734
65 0 0 0 1753 1753
66 0 0 1711 0 1711
67 1713 0 0 0 1713
68 1704 0 10 0 1714
69 0 0 1711 0 1711
70 0 1700 0 2 1702
71 1742 0 12 0 1754
72 1758 0 0 0 1758
73 1758 0 0 0 1758
74 0 1786 0 1 1787
75 1776 0 0 0 1776
76 1774 0 0 0 1774
77 10 1754 0 0 1764
78 1745 0 34 0 1779
79 0 0 1776 0 1776
80 0 1 0 1749 1750
81 1797 0 0 0 1797
82 1 0 1778 0 1779
83 1729 48 14 0 1791
84 4 1822 0 0 1826
85 0 1814 0 0 1814
86 1840 0 0 0 1840
87 1817 0 0 0 1817
88 0 1 0 1835 1836
89 1840 0 0 0 1840
90 0 8 0 1860 1868
91 1861 0 0 0 1861
92 1873 0 0 0 1873
93 0 1872 0 0 1872
94 1863 0 0 0 1863
95 0 1 0 1881 1882
96 1869 0 0 0 1869
97 1874 0 1 0 1875
98 0 1 0 1874 1875
99 1871 0 0 0 1871
100 1912 0 0 0 1912
101 0 0 1956 0 1956
102 1979 0 0 0 1979
103 2007 0 1 0 2008
104 2006 0 0 0 2006
105 2013 0 0 0 2013
106 0 0 0 2015 2015
107 0 0 0 2016 2016
108 0 2008 0 11 2019
109 2039 0 2 0 2041
110 2049 0 1 0 2050
111 0 0 0 2047 2047
112 2038 1 0 1 2040
113 0 2050 0 1 2051
114 2052 0 0 0 2052
115 0 0 0 2047 2047
116 0 2047 0 0 2047
117 2056 0 0 0 2056
118 2040 0 0 0 2040
119 0 0 2046 0 2046
120 18 0 2008 0 2026
121 2014 0 10 0 2024
122 0 1 0 2053 2054
123 0 0 0 2076 2076
124 0 0 2063 0 2063
125 2051 0 0 0 2051
126 2100 0 2 0 2102
127 2139 0 0 0 2139
128 2134 0 1 0 2135
129 0 0 2140 0 2140
130 2141 0 1 0 2142
131 2140 0 0 0 2140
132 0 0 0 2143 2143
133 0 2132 0 0 2132
134 0 2170 0 0 2170
135 2 0 0 2171 2173
136 0 0 0 2184 2184
137 3 2191 0 1 2195
138 2196 0 0 0 2196
139 0 2214 0 0 2214
140 0 0 0 2220 2220
141 2219 0 1 0 2220
142 2196 0 0 0 2196
143 0 0 2205 0 2205
144 0 0 2198 0 2198
145 2193 0 0 0 2193
146 0 0 0 2217 2217
147 1 0 2217 0 2218
148 2217 0 0 0 2217
149 2228 0 1 0 2229
150 0 0 1979 0 1979
151 0 0 0 1940 1940
152 0 0 1957 0 1957
153 0 0 1909 0 1909
154 0 0 1902 0 1902
155 0 2005 13 0 2018
156 0 2027 0 0 2027
157 2099 0 0 0 2099
158 0 0 0 2110 2110
159 0 8 2100 2 2110
160 0 1 0 2079 2080
161 0 0 2133 0 2133
162 0 1 10 2139 2150
163 0 1 0 2240 2241
164 0 2291 0 0 2291
165 0 1 0 2347 2348
166 2337 0 0 0 2337
167 2359 0 0 1 2360
168 31 2512 0 8 2551
169 0 0 0 2694 2694
170 0 0 0 2716 2716
171 0 0 0 2721 2721
172 0 2674 0 30 2704
173 0 2759 0 0 2759
174 1 3016 0 1 3018
175 2 0 0 3004 3006
176 1 0 0 3005 3006
177 0 0 2993 0 2993
178 3 0 2951 0 2954
179 0 3021 0 0 3021
180 0 0 0 3057 3057
181 0 3119 0 0 3119
182 0 1 0 3126 3127
183 3142 0 0 0 3142
184 3102 0 0 0 3102
185 0 3134 0 0 3134
186 0 3129 0 0 3129
187 3134 0 0 0 3134
188 3104 0 0 0 3104
189 5 0 3102 0 3107
190 0 0 3053 0 3053
191 15 0 3008 0 3023
192 0 3114 0 0 3114
193 2 0 3125 0 3127
194 3127 0 0 0 3127
195 0 133 0 2999 3132
196 3143 0 0 1 3144
197 0 4 0 3175 3179
198 0 0 3236 0 3236
199 1 0 3187 0 3188
200 0 3220 0 2 3222
201 3247 0 15 0 3262
202 3252 0 0 0 3252
203 3244 0 1 1 3246
204 0 3267 0 0 3267
205 3294 0 1 0 3295
206 2 0 3266 0 3268
207 3263 0 0 0 3263
208 3248 0 1 0 3249
209 0 1 0 3246 3247
210 0 3231 0 0 3231
211 1 3201 0 0 3202
212 1 3247 0 0 3248
213 0 3312 0 0 3312
214 0 0 0 3318 3318
215 0 1 0 3318 3319
216 0 0 3299 0 3299
217 0 0 3273 0 3273
218 3219 1 0 0 3220
219 3285 0 0 0 3285
220 0 0 0 3316 3316
221 3133 0 0 0 3133
222 0 3162 0 0 3162
223 3170 0 0 0 3170
224 3137 0 0 0 3137
225 3091 2 2 0 3095
226 0 0 3087 3 3090
227 0 0 3098 0 3098
228 0 0 3089 0 3089
229 3072 0 1 1 3074
230 0 0 0 3090 3090
231 3132 0 0 0 3132
232 0 3163 0 1 3164
233 3176 0 1 0 3177
234 3179 0 2 0 3181
235 0 3214 0 0 3214
236 0 0 0 3165 3165
237 0 1 0 3175 3176
238 3201 0 0 0 3201
239 3183 0 0 0 3183
240 3153 0 0 0 3153
241 3119 1 1 0 3121
242 0 3093 0 0 3093
243 3130 0 0 0 3130
244 3106 0 2 0 3108
245 3071 0 0 0 3071
246 0 0 0 3025 3025
247 0 0 3034 0 3034
248 0 3037 0 0 3037
249 0 0 0 3086 3086
250 1 0 3080 0 3081
251 3069 0 0 0 3069
252 3055 0 1 0 3056
253 1 0 3052 0 3053
254 3052 0 1 0 3053
255 0 3060 0 0 3060
256 3119 0 0 0 3119
257 1 0 0 3096 3097
258 3127 0 0 0 3127
259 0 0 3135 0 3135
260 0 0 3107 1 3108
261 3126 0 0 0 3126
262 3126 0 0 0 3126
263 1 3144 0 0 3145
264 1 3164 0 0 3165
265 3189 1 0 0 3190
266 3191 0 0 0 3191
267 3146 1 4 0 3151
268 1 0 3108 0 3109
269 0 0 3094 0 3094
270 0 3111 0 4 3115
271 0 3141 0 0 3141
272 3185 1 0 0 3186
273 3177 0 0 1 3178
274 3166 0 0 0 3166
275 3 0 0 3150 3153
276 0 0 3170 0 3170
277 0 1 0 3054 3055
278 1 0 3109 0 3110
279 1 3095 0 1 3097
280 0 0 0 3070 3070
281 0 3125 0 1 3126
282 3160 0 0 0 3160
283 3149 0 0 0 3149
284 0 0 2 3145 3147
285 3138 0 0 0 3138
286 0 0 3113 1 3114
287 1 3091 0 1 3093
288 3114 0 0 0 3114
289 0 0 3109 0 3109
290 1 3049 0 0 3050
291 3062 0 1 0 3063
292 0 0 3084 0 3084
293 0 0 0 3062 3062
294 0 1 0 3074 3075
295 3043 0 3 0 3046
296 0 3076 0 0 3076
297 0 0 0 3046 3046
298 0 1 0 3071 3072
299 1 0 3086 0 3087
300 0 0 3078 0 3078
301 0 0 1 2981 2982
302 0 0 3141 1 3142
303 1 0 3170 0 3171
304 3195 0 2 0 3197
305 3233 0 0 0 3233
306 0 1 0 3228 3229
307 3210 0 0 0 3210
308 0 3220 0 0 3220
309 3239 0 0 0 3239
310 0 5 0 3214 3219
311 3250 0 0 0 3250
312 0 1 0 3238 3239
313 0 0 3246 1 3247
314 0 0 3230 1 3231
315 3202 0 1 1 3204
316 1 3183 0 0 3184
317 1 3216 0 1 3218
318 3248 0 2 0 3250
319 3266 0 0 0 3266
320 0 2 0 3266 3268
321 3294 0 0 0 3294
322 0 0 3292 1 3293
323 0 0 3257 0 3257
324 3211 0 0 0 3211
325 0 5 3244 0 3249
326 3233 0 0 0 3233
327 15 3186 0 0 3201
328 3259 0 1 0 3260
329 2 3242 0 1 3245
330 922 0 2319 5 3246
331 1 0 3236 0 3237
332 3218 0 1 0 3219
333 3256 0 0 2 3258
334 0 0 3291 0 3291
335 0 0 3386 0 3386
336 1 14 1 3262 3278
337 0 0 1 3412 3413
338 0 0 0 3438 3438
339 0 1 0 3451 3452
340 0 0 3449 0 3449
341 3441 0 1 0 3442
342 3449 0 0 0 3449
343 3418 0 0 1 3419
344 0 0 3414 0 3414
345 0 0 3365 0 3365
346 0 0 3401 0 3401
347 1 0 1 3328 3330
348 0 3390 0 0 3390
349 0 0 0 3413 3413
350 3412 0 2 0 3414
351 0 3439 0 1 3440
352 1 0 3444 0 3445
353 3425 0 1 0 3426
354 3437 0 0 0 3437
355 3412 0 0 1 3413
356 1 0 3395 1 3397
357 1 3389 0 2 3392
358 0 0 1 3417 3418
359 0 0 1 3422 3423
360 0 0 1 3408 3409
361 1 0 1 3429 3431
362 0 1 0 3387 3388
363 0 0 0 3370 3370
364 0 3337 0 18 3355
365 0 0 0 3306 3306
366 0 3316 0 2 3318
367 3327 0 5 0 3332
368 0 0 3301 1 3302
369 3273 0 0 0 3273
370 3255 1 2 0 3258
371 3239 1 0 0 3240
372 3189 0 0 0 3189
373 3156 0 0 0 3156
374 0 1 2 3123 3126
375 358 0 2745 0 3103
376 3089 0 0 0 3089
377 0 0 3070 0 3070
378 3044 0 0 0 3044
379 0 3006 0 0 3006
380 1 0 0 3048 3049
381 0 0 1 3066 3067
382 1 0 3065 0 3066
383 3020 0 0 0 3020
384 0 2930 0 19 2949
385 2819 0 0 0 2819
386 2724 0 0 0 2724
387 0 2710 0 0 2710
388 1 0 2678 0 2679
389 0 2627 0 0 2627
390 0 2678 1 0 2679
391 2638 0 0 0 2638
392 0 2668 0 7 2675
393 0 0 0 2624 2624
394 0 1 0 2638 2639
395 1 0 2647 0 2648
396 0 0 2602 0 2602
397 1 0 2592 0 2593
398 0 0 2594 0 2594
399 1 2534 2 2 2539
400 0 2568 0 0 2568
401 0 5 2663 0 2668
402 0 0 2652 0 2652
403 2527 0 32 0 2559
404 0 0 0 2591 2591
405 2583 1 0 0 2584
406 2428 2 103 0 2533
407 0 2554 0 1 2555
408 0 11 1 2519 2531
409 0 0 0 2530 2530
410 0 0 0 2507 2507
411 0 0 0 2546 2546
412 0 0 2500 0 2500
413 0 7 2419 1 2427
414 0 2479 6 1 2486
415 0 2407 0 0 2407
416 0 2477 0 1 2478
417 2488 0 0 0 2488
418 0 0 2516 0 2516
419 0 0 0 2445 2445
420 0 11 0 2462 2473
421 1 0 2468 0 2469
422 2485 0 0 0 2485
423 2489 0 0 0 2489
424 2505 0 0 0 2505
425 0 0 2475 0 2475
426 2455 0 0 0 2455
427 0 0 2486 0 2486
428 0 0 0 2311 2311
429 98 0 2319 0 2417
430 2404 0 1 1 2406
431 3 0 2512 0 2515
432 2519 0 3 0 2522
433 2540 0 0 0 2540
434 2548 0 0 0 2548
435 2544 2 2 1 2549
436 2541 0 2 0 2543
437 0 0 2550 0 2550
438 2505 0 2 0 2507
439 0 0 2542 0 2542
440 0 11 0 2443 2454
441 2480 0 0 0 2480
442 0 2519 0 0 2519
443 0 0 0 2483 2483
444 2477 0 0 0 2477
445 1 2486 0 0 2487
446 0 1 0 2471 2472
447 2486 0 0 0 2486
448 2471 0 0 0 2471
449 2356 0 0 0 2356
450 0 2410 0 0 2410
451 0 2378 0 0 2378
452 1 2418 0 0 2419
453 0 0 0 2345 2345
454 0 2423 0 0 2423
455 0 0 0 2364 2364
456 1 2419 0 0 2420
457 2366 0 0 0 2366
458 0 2435 0 1 2436
459 1 2467 0 0 2468
460 2466 0 0 0 2466
461 2447 0 0 0 2447
462 0 0 2473 0 2473
463 0 1 2457 1 2459
464 2469 1 0 0 2470
465 2462 0 1 0 2463
466 2461 0 0 0 2461
467 0 0 0 2402 2402
468 1 1 2410 0 2412
469 0 2381 0 1 2382
470 1 2361 0 0 2362
471 0 1 0 2327 2328
472 1 2344 0 0 2345
473 20 2395 0 3 2418
474 0 0 2452 1 2453
475 1 0 2427 0 2428
476 2392 0 0 0 2392
477 0 0 0 2412 2412
478 0 0 2428 0 2428
479 2426 0 0 0 2426
480 0 0 2392 1 2393
481 0 0 2359 0 2359
482 0 2382 0 1 2383
483 1 0 2428 1 2430
484 2410 0 1 0 2411
485 0 0 2436 0 2436
486 0 2438 0 0 2438
487 2460 0 0 0 2460
488 2470 0 0 1 2471
489 0 0 0 2502 2502
490 0 0 2553 0 2553
491 1 0 7 2546 2554
492 0 0 2684 0 2684
493 2683 0 0 1 2684
494 0 0 1 2713 2714
495 2715 0 0 0 2715
496 2711 1 1 0 2713
497 0 6 0 2908 2914
498 1 0 2918 0 2919
499 0 0 3088 0 3088
500 3099 0 1 6 3106
501 3132 0 0 0 3132
502 3130 0 0 0 3130
503 3 0 1 3104 3108
504 3146 0 0 0 3146
505 1 0 0 3106 3107
506 0 0 0 3115 3115
507 0 0 3123 0 3123
508 0 0 0 3061 3061
509 0 1 0 3023 3024
510 0 3012 0 0 3012
511 1 2932 20 1 2954
512 1 3023 0 0 3024
513 0 0 0 3095 3095
514 3095 0 0 0 3095
515 3082 0 1 0 3083
516 3035 0 0 0 3035
517 0 0 3087 0 3087
518 3050 0 0 0 3050
519 3072 0 0 0 3072
520 0 0 3051 0 3051
521 0 3045 0 5 3050
522 3102 0 0 1 3103
523 0 2 3162 0 3164
524 4 0 3149 0 3153
525 3179 0 1 0 3180
526 3304 0 0 0 3304
527 0 0 0 3237 3237
528 3263 0 0 0 3263
529 2 3259 0 0 3261
530 2 3271 0 1 3274
531 3362 0 1 0 3363
532 3590 0 0 0 3590
533 0 0 3573 0 3573
534 3589 2 0 0 3591
535 0 0 3630 0 3630
536 3654 0 0 0 3654
537 3598 0 1 0 3599
538 1 0 0 3530 3531
539 0 3540 0 1 3541
540 0 3559 0 1 3560
541 3553 0 0 1 3554
542 0 3634 0 0 3634
543 0 0 0 3615 3615
544 0 1 0 3663 3664
545 1 0 3663 0 3664
546 0 0 3654 0 3654
547 3627 0 1 0 3628
548 0 0 0 3667 3667
549 3701 0 1 1 3703
550 0 3701 0 0 3701
551 3653 0 1 0 3654
552 0 0 0 3660 3660
553 3641 0 1 0 3642
554 0 0 3607 0 3607
555 1 0 3624 0 3625
556 1 0 3594 0 3595
557 3586 0 0 0 3586
558 3707 0 1 0 3708
559 2 3690 0 7 3699
560 0 6 0 3722 3728
561 245 0 3450 0 3695
562 3659 0 1 1 3661
563 0 9 1 3691 3701
564 3684 0 0 0 3684
565 3658 0 0 7 3665
566 3671 0 1 0 3672
567 3664 0 0 0 3664
568 1 0 3663 0 3664
569 3710 0 0 0 3710
570 3806 0 0 0 3806
571 3828 0 0 0 3828
572 3805 0 0 0 3805
573 3835 1 0 0 3836
574 3871 0 0 0 3871
575 15 0 3833 0 3848
576 3800 0 0 0 3800
577 0 0 3958 0 3958
578 3940 0 14 27 3981
579 3969 0 18 0 3987
580 4007 0 0 0 4007
581 3969 0 2 0 3971
582 3942 0 0 0 3942
583 0 11 0 3857 3868
584 9 0 0 3891 3900
585 0 0 3921 4 3925
586 3876 0 0 1 3877
587 3923 0 0 0 3923
588 3895 0 0 0 3895
589 9 0 3888 0 3897
590 2 0 3854 3 3859
591 3869 0 0 0 3869
592 3902 0 1 0 3903
593 1 3980 0 1 3982
594 3976 0 0 0 3976
595 3981 0 1 0 3982
596 0 1 0 3983 3984
597 1 0 4010 0 4011
598 4024 0 0 0 4024
599 0 1 0 4009 4010
600 4026 0 0 0 4026
601 3986 0 0 0 3986
602 29 3982 0 0 4011
603 5 0 6 3913 3924
604 7 3988 0 0 3995
605 8 3981 0 0 3989
606 4047 0 0 0 4047
607 4001 0 0 0 4001
608 0 0 0 3922 3922
609 2 3999 0 0 4001
610 1 1 3998 0 4000
611 0 11 0 3926 3937
612 3993 0 0 0 3993
613 2 4212 0 0 4214
614 2 0 0 4169 4171
615 0 0 3995 0 3995
616 1 5 3932 0 3938
617 1 4003 0 2 4006
618 4038 0 0 0 4038
619 0 1 5 4019 4025
620 4028 0 0 0 4028
621 0 4031 0 1 4032
622 4058 0 1 0 4059
623 0 0 0 4032 4032
624 0 0 4073 0 4073
625 0 4047 0 1 4048
626 0 2 0 4133 4135
627 0 2 1 4168 4171
628 5 0 4141 0 4146
629 4117 0 0 0 4117
630 4163 0 0 0 4163
631 4197 0 0 1 4198
632 0 0 4205 0 4205
633 4196 0 0 0 4196
634 0 0 4177 0 4177
635 4188 0 0 0 4188
636 4191 0 0 0 4191
637 8 4269 16 0 4293
638 0 0 0 4268 4268
639 1 0 4267 0 4268
640 1 0 4246 0 4247
641 0 1 1 4194 4196
642 0 0 1 4276 4277
643 1 1 4326 0 4328
644 1 4460 0 0 4461
645 0 1 1 4448 4450
646 2 4547 1 1 4551
647 0 0 4542 0 4542
648 4494 0 0 0 4494
649 4554 0 0 0 4554
650 1 0 4661 0 4662
651 4661 0 0 0 4661
652 4679 0 0 16 4695
653 0 0 4675 0 4675
654 4682 0 0 0 4682
655 0 0 0 4677 4677
656 0 0 0 4677 4677
657 0 4718 0 0 4718
658 0 0 0 4699 4699
659 0 0 0 4693 4693
660 1 0 4656 0 4657
661 0 4606 0 0 4606
662 0 4629 0 2 4631
663 4662 0 0 1 4663
664 0 0 4643 0 4643
665 0 1 0 4605 4606
666 1 0 4628 0 4629
667 3 0 4603 0 4606
668 0 4619 0 0 4619
669 4660 0 0 0 4660
670 0 0 4674 1 4675
671 0 2 4545 0 4547
672 4147 0 0 1 4148
673 0 0 4205 0 4205
674 0 4185 0 1 4186
675 4286 0 2 0 4288
676 4606 0 0 0 4606
677 1 4188 0 0 4189
678 4362 0 0 0 4362
679 0 0 0 4023 4023
680 0 4206 0 0 4206
681 4231 0 0 0 4231
682 0 0 4155 0 4155
683 0 4288 0 2 4290
684 0 1 0 4351 4352
685 0 0 4392 0 4392
686 4129 1 1 0 4131
687 0 0 4429 0 4429
688 0 1 0 3978 3979
689 0 2 1 4365 4368
690 0 4237 0 0 4237
691 4288 1 0 0 4289
692 0 0 0 4346 4346
693 4447 0 0 0 4447
694 0 0 4193 0 4193
695 4231 0 0 0 4231
696 4519 0 0 0 4519
697 4655 0 0 0 4655
698 0 1 0 4118 4119
699 1 0 4179 1 4181
700 1 4216 0 0 4217
701 0 0 0 4353 4353
702 4346 0 1 0 4347
703 1 4356 0 1 4358
704 4249 3 0 0 4252
705 0 4217 0 0 4217
706 0 1 0 4116 4117
707 0 0 4264 0 4264
708 0 4300 0 0 4300
709 0 21 0 4265 4286
710 0 1 0 4518 4519
711 4351 0 1 0 4352
712 2 4333 0 0 4335
713 4404 0 0 0 4404
714 4553 0 0 0 4553
715 0 0 4251 0 4251
716 1 0 4457 0 4458
717 1 1 1 3081 3084
718 0 0 4104 0 4104
719 4183 0 0 0 4183
720 3792 0 763 0 4555
721 4634 0 0 0 4634
722 4708 0 0 0 4708
723 0 1 0 4126 4127
724 0 0 0 4476 4476
725 0 0 4276 0 4276
726 8 0 4499 0 4507
727 4176 0 4 1 4181
728 3 0 4335 0 4338
729 4328 0 0 1 4329
730 1 4345 0 0 4346
731 4473 0 1 1 4475
732 4537 0 39 1 4577
733 4620 0 0 0 4620
734 0 0 1 4067 4068
735 4290 0 0 0 4290
736 0 1 0 4062 4063
737 4157 0 0 0 4157
738 0 1 0 3876 3877
739 0 3860 0 2 3862
740 3908 0 0 0 3908
741 1 3925 0 0 3926
742 2 4230 0 0 4232
743 0 4387 0 0 4387
744 4020 1 0 0 4021
745 0 0 4095 3 4098
746 0 0 4210 0 4210
747 3843 0 2 1 3846
748 0 0 4149 0 4149
749 0 0 4258 0 4258
750 2 0 4319 0 4321
751 4020 0 0 0 4020
752 4279 0 0 1 4280
753 1 0 0 4181 4182
754 4275 0 1 0 4276
755 4373 0 0 1 4374
756 4391 0 0 0 4391
757 0 0 0 4010 4010
758 0 0 0 4198 4198
759 4192 0 0 0 4192
760 4251 1 0 0 4252
761 21 4038 0 2 4061
762 0 1 0 4104 4105
763 0 0 4076 17 4093
764 4204 0 0 0 4204
765 0 0 4160 0 4160
766 0 0 0 3946 3946
767 18 4069 0 0 4087
768 0 4217 0 1 4218
769 4120 0 0 0 4120
770 2 0 4084 0 4086
771 1 0 4154 0 4155
772 0 0 0 3672 3672
773 0 3999 0 0 3999
774 0 0 0 4085 4085
775 0 4165 0 0 4165
776 4235 0 0 0 4235
777 4233 1 0 1 4235
778 0 1 0 4120 4121
779 2 4097 0 1 4100
780 4147 0 2 31 4180
781 4231 0 0 0 4231
782 2 0 0 4094 4096
783 0 1 4072 1 4074
784 4127 8 0 1 4136
785 0 0 0 4133 4133
786 4191 0 0 0 4191
787 0 0 3994 0 3994
788 1 1 0 3880 3882
789 3930 0 37 10 3977
790 4 0 3955 0 3959
791 0 3938 0 0 3938
792 0 3 0 3978 3981
793 0 0 0 4088 4088
794 0 0 4050 0 4050
795 0 0 0 3943 3943
796 4055 0 1 0 4056
797 0 1 4067 0 4068
798 0 0 4114 0 4114
799 4066 0 0 1 4067
800 4208 0 1 0 4209
801 4256 0 0 0 4256
802 4273 0 0 0 4273
803 0 1 0 4204 4205
804 4248 0 0 0 4248
805 4325 14 0 0 4339
806 0 0 1 4221 4222
807 0 4255 0 4 4259
808 4374 0 0 0 4374
809 39 0 4366 8 4413
810 4495 0 1 0 4496
811 4559 0 0 0 4559
812 0 0 4564 0 4564
813 4596 0 0 1 4597
814 0 1 1 4581 4583
815 0 4689 0 0 4689
816 4756 0 0 0 4756
817 4726 0 1 0 4727
818 6 0 0 4683 4689
819 4791 0 0 12 4803
820 1 0 4799 1 4801
821 0 0 0 4695 4695
822 0 4892 0 0 4892
823 0 0 4891 0 4891
824 0 4762 0 1 4763
825 0 5 0 4782 4787
826 1 0 0 4854 4855
827 0 4861 0 8 4869
828 4892 0 1 0 4893
829 4931 0 0 0 4931
830 4894 0 4 1 4899
831 0 4843 0 1 4844
832 0 4850 13 1 4864
833 1 4926 0 0 4927
834 4749 0 0 4 4753
835 0 4864 2 0 4866
836 0 0 0 4865 4865
837 2 0 4827 0 4829
838 1 0 4866 0 4867
839 4774 0 1 0 4775
840 0 0 4869 0 4869
841 0 4875 0 1 4876
842 0 3 0 4983 4986
843 4941 0 2 0 4943
844 0 0 4953 0 4953
845 1 4967 2 0 4970
846 0 0 0 5050 5050
847 0 0 5070 0 5070
848 0 1 1 4949 4951
849 5084 0 0 0 5084
850 0 0 5046 0 5046
851 5074 0 0 1 5075
852 5127 0 3 0 5130
853 5137 0 0 0 5137
854 0 0 0 5025 5025
855 0 1 0 5117 5118
856 0 0 5028 0 5028
857 0 5035 0 1 5036
858 5158 0 0 0 5158
859 5155 0 0 1 5156
860 5155 0 0 0 5155
861 0 5139 0 0 5139
862 5185 0 0 0 5185
863 5206 11 1 2 5220
864 1 0 5086 0 5087
865 5049 0 0 0 5049
866 0 5121 0 0 5121
867 0 2 0 5139 5141
868 0 0 5203 0 5203
869 1 0 0 5090 5091
870 2 1 5206 0 5209
871 5194 0 1 0 5195
872 1 2 0 5235 5238
873 5267 1 0 0 5268
874 1 0 5208 1 5210
875 5191 0 0 0 5191
876 0 0 0 5204 5204
877 5242 0 0 0 5242
878 0 5249 0 0 5249
879 0 18 0 5300 5318
880 2 0 5298 0 5300
881 5304 0 0 0 5304
882 5281 0 0 0 5281
883 0 5250 0 0 5250
884 0 5350 0 0 5350
885 0 0 0 5350 5350
886 3 2 0 5367 5372
887 0 2 1 5422 5425
888 5439 0 0 1 5440
889 5431 0 0 0 5431
890 5415 0 0 0 5415
891 3 0 5325 0 5328
892 0 0 1 5200 5201
893 1 5316 0 0 5317
894 5404 0 1 0 5405
895 0 0 1 5340 5341
896 0 0 5320 0 5320
897 2 1 0 5244 5247
898 0 5292 0 14 5306
899 1 0 0 5325 5326
900 1 0 5322 0 5323
901 2 0 5285 0 5287
902 0 5240 1 1 5242
903 5311 0 1 0 5312
904 1 0 5298 0 5299
905 1 5234 0 1 5236
906 0 5307 0 3 5310
907 5341 0 0 0 5341
908 0 1 0 5342 5343
909 5328 0 0 3 5331
910 1 0 5330 1 5332
911 5246 0 1 0 5247
912 0 5338 0 0 5338
913 2 0 5278 0 5280
914 2 0 5290 0 5292
915 5152 0 3 0 5155
916 0 0 5294 0 5294
917 1 0 5300 0 5301
918 0 0 0 4859 4859
919 1 0 5235 0 5236
920 5242 0 23 1 5266
921 2 0 0 5322 5324
922 0 0 5343 0 5343
923 1 1 0 5205 5207
924 5293 0 0 0 5293
925 0 0 5266 0 5266
926 0 5227 1 0 5228
927 0 0 1 5278 5279
928 0 11 0 5299 5310
929 3 0 5296 0 5299
930 0 16 0 5167 5183
931 2 0 5212 0 5214
932 5185 0 2 1 5188
933 0 5129 0 52 5181
934 5188 0 1 0 5189
935 0 1 0 5127 5128
936 5103 0 0 0 5103
937 5090 0 0 0 5090
938 0 0 1 5081 5082
939 5093 0 1 0 5094
940 5075 1 0 0 5076
941 0 0 4987 0 4987
942 4975 0 0 0 4975
943 0 0 5018 0 5018
944 1 5039 0 0 5040
945 0 0 0 5068 5068
946 6 0 5079 1 5086
947 0 5065 0 1 5066
948 5121 0 0 0 5121
949 0 1 0 5074 5075
950 0 0 1 5141 5142
951 5142 0 0 0 5142
952 0 0 5032 29 5061
953 1 0 5044 0 5045
954 5064 0 0 0 5064
955 0 5052 0 1 5053
956 0 0 0 5176 5176
957 5187 0 0 29 5216
958 5151 0 0 0 5151
959 5095 0 1 0 5096
960 3 0 5080 0 5083
961 5093 0 0 0 5093
962 0 0 0 5076 5076
963 0 5112 0 1 5113
964 5123 0 0 0 5123
965 1 0 5114 0 5115
966 5052 0 1 0 5053
967 0 5090 0 1 5091
968 5102 0 1 0 5103
969 5085 0 0 0 5085
970 5060 0 0 0 5060
971 1 0 5056 0 5057
972 4997 0 0 0 4997
973 1 5042 0 1 5044
974 5083 0 3 21 5107
975 5085 0 1 0 5086
976 5021 0 0 0 5021
977 0 0 5005 0 5005
978 4962 0 1 0 4963
979 0 0 0 4890 4890
980 0 0 1 4923 4924
981 0 0 0 4988 4988
982 0 0 4901 0 4901
983 4 0 4917 0 4921
984 4917 0 2 0 4919
985 0 4883 0 0 4883
986 3 0 4934 0 4937
987 3 0 4860 0 4863
988 0 4877 0 0 4877
989 0 1 0 4926 4927
990 34 0 27 4911 4972
991 1 0 4897 0 4898
992 4777 0 9 1 4787
993 11 0 4802 0 4813
994 0 4739 0 0 4739
995 1 0 0 4799 4800
996 4834 0 0 0 4834
997 4822 0 0 0 4822
998 4883 0 1 0 4884
999 4829 0 0 0 4829
1000 4859 0 0 0 4859
1001 1 0 4826 0 4827
1002 4807 0 1 0 4808
1003 4812 0 1 0 4813
1004 0 16 0 4696 4712
1005 4781 0 0 1 4782
1006 2 0 0 4682 4684
1007 13 4704 0 2 4719
1008 4741 0 1 0 4742
1009 0 0 4740 0 4740
1010 1 0 4687 1 4689
1011 4628 1 1 0 4630
1012 4691 0 0 1 4692
1013 0 0 4802 0 4802
1014 4780 0 1 0 4781
1015 0 0 4774 11 4785
1016 0 0 4748 0 4748
1017 4707 0 1 1 4709
1018 0 1 1 4701 4703
1019 0 0 0 4713 4713
1020 0 4773 1 1 4775
1021 4861 0 0 0 4861
1022 4871 0 0 0 4871
1023 4880 0 1 0 4881
1024 4859 0 0 0 4859
1025 4781 0 0 0 4781
1026 0 0 1 4695 4696
1027 0 0 4674 0 4674
1028 4567 0 16 0 4583
1029 0 0 0 4555 4555
1030 0 0 4588 0 4588
1031 4468 0 0 0 4468
1032 4452 0 0 1 4453
1033 0 0 4455 0 4455
1034 4415 0 1 0 4416
1035 4428 0 1 0 4429
1036 4416 0 13 1 4430
1037 0 0 0 4454 4454
1038 4474 0 0 0 4474
1039 0 0 1 4429 4430
1040 1 0 0 4434 4435
1041 4471 0 0 0 4471
1042 4380 0 0 0 4380
1043 0 0 0 4347 4347
1044 4411 0 0 0 4411
1045 0 0 4358 0 4358
1046 4 0 4307 0 4311
1047 0 0 4262 0 4262
1048 4323 0 0 0 4323
1049 4351 0 1 3 4355
1050 0 4351 0 0 4351
1051 1 0 4390 1 4392
1052 2 0 4413 0 4415
1053 4411 0 3 0 4414
1054 4402 0 0 0 4402
1055 0 4347 4 0 4351
1056 4431 0 1 0 4432
1057 4368 0 9 0 4377
1058 1 0 0 4319 4320
1059 4271 0 1 0 4272
1060 0 4290 0 0 4290
1061 4378 0 2 0 4380
1062 1 0 4392 0 4393
1063 4371 0 0 0 4371
1064 4368 0 1 0 4369
1065 1 0 4373 1 4375
1066 4299 0 0 1 4300
1067 0 0 0 4287 4287
1068 0 1 0 4339 4340
1069 0 2 4418 0 4420
1070 3 0 4394 0 4397
1071 4334 0 2 0 4336
1072 4359 0 2 0 4361
1073 0 0 0 4329 4329
1074 4363 0 0 1 4364
1075 0 1 0 4344 4345
1076 6 0 4333 0 4339
1077 0 0 4303 1 4304
1078 0 0 4264 7 4271
1079 4216 0 0 0 4216
1080 0 4202 0 28 4230
1081 1 0 4234 0 4235
1082 1 0 4256 0 4257
1083 0 0 4254 1 4255
1084 0 0 4244 0 4244
1085 4219 0 1 0 4220
1086 4260 0 1 0 4261
1087 0 0 4251 0 4251
1088 4241 0 0 0 4241
1089 1 0 4253 0 4254
1090 0 0 4255 0 4255
1091 4249 0 0 0 4249
1092 0 0 4347 0 4347
1093 0 1 2 4281 4284
1094 0 1 0 4283 4284
1095 0 4238 0 2 4240
1096 0 4299 1 0 4300
1097 4337 0 0 0 4337
1098 0 0 0 4379 4379
1099 0 0 4392 0 4392
1100 0 0 0 4302 4302
1101 4381 0 0 0 4381
1102 4328 0 3 0 4331
1103 0 0 4351 0 4351
1104 4300 0 0 0 4300
1105 1 0 0 4271 4272
1106 0 0 4336 0 4336
1107 1 1 0 4140 4142
1108 0 0 4264 0 4264
1109 0 0 4336 0 4336
1110 0 0 0 4154 4154
1111 1 0 4289 0 4290
1112 4303 0 0 0 4303
1113 4314 0 0 0 4314
1114 0 0 1 4316 4317
1115 1 0 4266 1 4268
1116 0 4201 0 3 4204
1117 4218 0 1 0 4219
1118 1 0 4270 0 4271
1119 0 0 4380 1 4381
1120 0 0 4843 0 4843
1121 2 0 4905 0 4907
1122 4862 0 0 0 4862
1123 4872 0 0 0 4872
1124 1 0 1 4877 4879
1125 4869 0 0 0 4869
1126 0 0 0 4869 4869
1127 0 1 0 4966 4967
1128 4991 0 1 0 4992
1129 5097 0 1 0 5098
1130 5072 0 1 0 5073
1131 5069 0 0 0 5069
1132 5056 0 0 0 5056
1133 5063 0 1 0 5064
1134 9 0 5049 0 5058
1135 5053 0 1 0 5054
1136 0 0 5077 0 5077
1137 1 0 0 4906 4907
1138 5079 0 0 1 5080
1139 5107 0 0 1 5108
1140 5104 0 0 0 5104
1141 5125 0 0 1 5126
1142 0 1 1 5137 5139
1143 1 0 5101 0 5102
1144 5074 0 0 0 5074
1145 5093 0 0 0 5093
1146 5101 0 1 0 5102
1147 1 5075 0 0 5076
1148 1 0 0 5033 5034
1149 0 0 5179 0 5179
1150 1 0 5194 0 5195
1151 5189 0 24 0 5213
1152 5265 0 0 0 5265
1153 5200 0 0 0 5200
1154 5176 0 0 0 5176
1155 5185 0 0 1 5186
1156 1 5194 0 0 5195
1157 0 1 1 5122 5124
1158 5141 0 0 1 5142
1159 1 5166 0 0 5167
1160 11 12 1 5165 5189
1161 0 0 5187 0 5187
1162 5158 0 0 0 5158
1163 0 0 0 5166 5166
1164 5200 0 1 0 5201
1165 5180 0 0 0 5180
1166 5160 0 1 0 5161
1167 0 0 0 5136 5136
1168 0 0 0 5070 5070
1169 0 5108 0 1 5109
1170 5069 0 6 20 5095
1171 2 0 5093 4 5099
1172 0 5084 0 2 5086
1173 1 5076 0 1 5078
1174 5158 0 0 0 5158
1175 5142 1 0 0 5143
1176 5114 0 0 1 5115
1177 5177 0 0 0 5177
1178 5156 0 2 0 5158
1179 0 0 5181 0 5181
1180 0 1 5134 4 5139
1181 5046 0 0 0 5046
1182 0 0 5149 0 5149
1183 0 0 5114 0 5114
1184 5131 0 0 0 5131
1185 0 1 1 5090 5092
1186 5106 1 0 0 5107
1187 0 0 1 5142 5143
1188 1 1 5133 0 5135
1189 5067 2 0 0 5069
1190 3 0 5110 0 5113
1191 4958 0 0 0 4958
1192 0 5 4955 0 4960
1193 5015 0 0 0 5015
1194 0 1 1 5088 5090
1195 0 18 0 5145 5163
1196 0 0 0 5188 5188
1197 5298 0 0 0 5298
1198 5288 0 0 1 5289
1199 0 0 1 5344 5345
1200 5360 0 0 0 5360
1201 5374 2 0 0 5376
1202 1 1 1 5476 5479
1203 2 5554 0 0 5556
1204 1 0 0 5573 5574
1205 0 0 0 5610 5610
1206 5584 0 0 1 5585
1207 1 0 0 5558 5559
1208 2 0 5556 0 5558
1209 0 5517 0 0 5517
1210 5552 0 0 0 5552
1211 2 0 1 5589 5592
1212 1 0 5580 0 5581
1213 0 0 5587 1 5588
1214 0 9 1 5421 5431
1215 5692 0 0 0 5692
1216 0 0 1 5755 5756
1217 0 0 1 5793 5794
1218 0 0 0 5776 5776
1219 0 1 0 5712 5713
1220 0 5715 0 3 5718
1221 1 0 0 5730 5731
1222 1 5767 0 1 5769
1223 5877 0 0 0 5877
1224 5830 1 0 1 5832
1225 11 0 5802 0 5813
1226 5767 0 0 0 5767
1227 2 5718 0 91 5811
1228 5786 0 0 1 5787
1229 2 5934 0 0 5936
1230 0 0 0 6006 6006
1231 6044 0 0 0 6044
1232 0 0 6117 0 6117
1233 0 0 6090 0 6090
1234 6047 1 0 17 6065
1235 0 1 0 6120 6121
1236 0 0 6185 0 6185
1237 3 0 0 6181 6184
1238 0 0 0 6183 6183
1239 1 6199 0 2 6202
1240 0 6213 0 0 6213
1241 6256 1 0 0 6257
1242 6195 0 8 0 6203
1243 0 0 6224 2 6226
1244 1 0 6168 0 6169
1245 1 0 6186 1 6188
1246 0 0 6220 1 6221
1247 0 2 0 5874 5876
1248 2 0 6054 0 6056
1249 6144 0 11 0 6155
1250 0 0 6225 0 6225
1251 6215 0 0 0 6215
1252 0 0 6271 0 6271
1253 1 1 6229 0 6231
1254 6225 0 0 0 6225
1255 0 0 6309 0 6309
1256 6289 0 2 0 6291
1257 6359 0 0 0 6359
1258 6390 0 0 1 6391
1259 0 0 1 6431 6432
1260 6533 0 0 0 6533
1261 6574 1 0 0 6575
1262 6558 0 1 0 6559
1263 0 0 0 6705 6705
1264 0 0 0 6801 6801
1265 0 0 0 6916 6916
1266 0 0 0 7074 7074
1267 1 7089 0 9 7099
1268 0 0 2 7069 7071
1269 1 1 1 7097 7100
1270 7086 1 1 0 7088
1271 7045 0 1 0 7046
1272 0 0 0 7015 7015
1273 0 7063 0 0 7063
1274 2 0 7111 2 7115
1275 6966 0 14 0 6980
1276 1 0 6994 0 6995
1277 0 6909 0 2 6911
1278 6947 0 14 0 6961
1279 0 0 6962 0 6962
1280 3 0 6845 0 6848
1281 0 6808 0 1 6809
1282 0 6839 1 1 6841
1283 6906 0 0 0 6906
1284 6749 0 2 3 6754
1285 0 6919 0 0 6919
1286 0 0 0 6783 6783
1287 0 0 0 6752 6752
1288 0 0 0 6785 6785
1289 0 1 0 6823 6824
1290 6682 1 40 0 6723
1291 2 0 0 6497 6499
1292 0 6435 0 0 6435
1293 1 0 0 6290 6291
1294 5 6356 0 1 6362
1295 0 6371 0 0 6371
1296 6369 3 1 0 6373
1297 6270 16 0 0 6286
1298 0 0 0 6249 6249
1299 0 1 6157 0 6158
1300 0 0 0 6000 6000
1301 5959 4 1 0 5964
1302 1 6058 0 2 6061
1303 0 6016 0 0 6016
1304 6040 0 1 0 6041
1305 6021 1 0 0 6022
1306 0 6058 0 0 6058
1307 0 0 0 5976 5976
1308 0 5981 0 0 5981
1309 1 6030 0 1 6032
1310 5991 0 0 0 5991
1311 5918 0 0 1 5919
1312 0 6019 0 0 6019
1313 1 0 5975 1 5977
1314 5931 0 0 0 5931
1315 2 0 0 5988 5990
1316 5974 0 2 0 5976
1317 0 0 0 5928 5928
1318 0 0 0 5983 5983
1319 0 1 0 6013 6014
1320 0 0 0 5991 5991
1321 0 15 0 5875 5890
1322 0 4 1 5877 5882
1323 9 0 5616 0 5625
1324 5627 0 1 1 5629
1325 5550 0 13 0 5563
1326 0 0 9 5587 5596
1327 5584 0 1 0 5585
1328 0 0 5587 0 5587
1329 5542 0 1 0 5543
1330 5561 0 0 0 5561
1331 0 0 5382 0 5382
1332 0 5314 0 0 5314
1333 5373 0 0 0 5373
1334 5314 0 1 10 5325
1335 0 5294 0 0 5294
1336 0 10 5266 1 5277
1337 5060 10 1 1 5072
1338 1 5235 0 0 5236
1339 1 5325 0 0 5326
1340 1 1 1 5298 5301
1341 0 0 0 5349 5349
1342 0 0 0 5344 5344
1343 0 0 0 5337 5337
1344 1 1 6 5331 5339
1345 0 0 5241 10 5251
1346 5189 0 0 0 5189
1347 0 0 0 5155 5155
1348 0 5181 0 0 5181
1349 5198 0 5 0 5203
1350 5106 0 0 0 5106
1351 0 2 1 5081 5084
1352 0 0 5101 0 5101
1353 0 0 4970 0 4970
1354 0 0 4959 0 4959
1355 1 0 4986 0 4987
1356 1 0 5042 0 5043
1357 0 0 0 4702 4702
1358 4960 0 1 0 4961
1359 1 0 0 4986 4987
1360 15 0 4979 0 4994
1361 4938 0 1 0 4939
1362 2 0 4926 0 4928
1363 1 0 4865 0 4866
1364 4963 0 0 0 4963
1365 4977 0 1 0 4978
1366 0 0 0 4919 4919
1367 1 4859 0 1 4861
1368 4746 0 0 9 4755
1369 0 4961 0 0 4961
1370 12 4970 0 1 4983
1371 6 4973 0 0 4979
1372 5020 0 0 0 5020
1373 5078 0 0 0 5078
1374 5092 0 1 0 5093
1375 0 0 5067 0 5067
1376 1 5041 0 0 5042
1377 5113 0 2 0 5115
1378 5087 0 0 0 5087
1379 1 0 5135 0 5136
1380 1 1 0 4964 4966
1381 0 0 5046 0 5046
1382 5072 0 1 1 5074
1383 5021 0 0 0 5021
1384 1 5021 0 0 5022
1385 0 1 0 4975 4976
1386 4969 0 1 0 4970
1387 0 4916 0 0 4916
1388 4915 0 0 0 4915
1389 2 0 0 4889 4891
1390 0 0 4871 0 4871
1391 0 0 4834 0 4834
1392 0 0 4807 1 4808
1393 4755 0 0 1 4756
1394 0 0 1 4814 4815
1395 4826 0 0 0 4826
1396 4812 0 0 1 4813
1397 4819 0 0 0 4819
1398 0 0 0 4740 4740
1399 0 0 4741 0 4741
1400 4698 28 0 0 4726
1401 4640 0 1 0 4641
1402 0 0 1 4548 4549
1403 1 4569 0 0 4570
1404 4614 0 0 0 4614
1405 4549 0 1 0 4550
1406 0 0 0 4545 4545
1407 0 0 4549 0 4549
1408 4525 0 0 0 4525
1409 4489 0 1 0 4490
1410 0 0 0 4386 4386
1411 2 0 4397 2 4401
1412 1 4393 0 0 4394
1413 4411 0 0 0 4411
1414 1 0 0 4372 4373
1415 0 4312 0 11 4323
1416 1 2 0 4303 4306
1417 0 0 4278 0 4278
1418 4227 0 0 0 4227
1419 2 4243 0 0 4245
1420 0 0 0 4223 4223
1421 4212 0 1 0 4213
1422 0 46 0 4148 4194
1423 4112 0 0 0 4112
1424 1 4171 0 2 4174
1425 4208 0 1 0 4209
1426 0 0 0 4155 4155
1427 0 0 1 4162 4163
1428 0 0 4107 1 4108
1429 4041 1 0 0 4042
1430 4018 0 0 0 4018
1431 4030 0 1 0 4031
1432 17 0 4006 0 4023
1433 0 0 3960 0 3960
1434 5 0 3964 0 3969
1435 3906 0 1 0 3907
1436 0 0 1 3846 3847
1437 0 0 0 3866 3866
1438 0 0 3828 0 3828
1439 0 0 0 3741 3741
1440 3784 0 0 3 3787
1441 2 0 3748 0 3750
1442 0 0 0 3637 3637
1443 0 0 3691 0 3691
1444 3721 0 2 0 3723
1445 0 3687 0 3 3690
1446 3721 0 0 0 3721
1447 3719 0 1 0 3720
1448 0 0 3662 1 3663
1449 3703 0 0 0 3703
1450 3705 0 0 1 3706
1451 3704 0 16 0 3720
1452 0 1 0 3673 3674
1453 0 0 3686 0 3686
1454 0 1 0 3585 3586
1455 3655 0 0 0 3655
1456 3627 0 1 0 3628
1457 0 0 0 3587 3587
1458 0 6 0 3631 3637
1459 0 0 3671 0 3671
1460 3663 0 0 0 3663
1461 0 3748 0 2 3750
1462 0 0 3708 0 3708
1463 3656 0 0 0 3656
1464 1 3698 0 0 3699
1465 0 6 0 3732 3738
1466 0 0 0 3732 3732
1467 0 1 0 3750 3751
1468 3694 0 0 0 3694
1469 1 0 3652 0 3653
1470 7 3585 0 1 3593
1471 1 1 0 3600 3602
1472 0 3598 0 1 3599
1473 0 0 0 3613 3613
1474 3576 0 0 1 3577
1475 12 3544 0 0 3556
1476 1 0 0 3470 3471
1477 1 0 3487 0 3488
1478 3429 0 0 0 3429
1479 3477 0 0 0 3477
1480 3395 1 0 0 3396
1481 0 3431 0 0 3431
1482 3414 0 1 0 3415
1483 0 0 3387 0 3387
1484 3373 0 0 0 3373
1485 3325 0 0 0 3325
1486 3321 0 1 0 3322
1487 3309 0 0 0 3309
1488 3256 0 29 0 3285
1489 0 0 3243 1 3244
1490 0 0 1 2934 2935
1491 3200 0 0 0 3200
1492 1 0 0 3146 3147
1493 1 3153 0 0 3154
1494 0 3162 0 0 3162
1495 3189 0 0 0 3189
1496 0 136 0 3018 3154
1497 3160 0 0 0 3160
1498 3095 0 0 0 3095
1499 2 3081 0 0 3083
1500 3085 0 1 0 3086
1501 3069 0 0 0 3069
1502 3071 0 0 0 3071
1503 3049 0 0 0 3049
1504 3038 0 0 0 3038
1505 3008 0 0 0 3008
1506 0 1 1 2862 2864
1507 16 2905 0 0 2921
1508 0 0 1 2897 2898
1509 0 0 2 2923 2925
1510 2900 0 0 0 2900
1511 0 0 2821 0 2821
1512 1 2788 0 0 2789
1513 0 3 1 2764 2768
1514 1 0 1 2719 2721
1515 2719 0 0 1 2720
1516 2683 0 0 0 2683
1517 0 0 0 2672 2672
1518 2722 0 0 0 2722
1519 2659 0 0 1 2660
1520 2635 0 0 1 2636
1521 2613 0 0 0 2613
1522 2576 0 0 0 2576
1523 14 0 2532 0 2546
1524 0 0 2481 0 2481
1525 2508 0 0 0 2508
1526 1 2503 0 0 2504
1527 0 0 0 2472 2472
1528 0 0 2482 0 2482
1529 0 0 2442 0 2442
1530 2482 0 0 0 2482
1531 0 0 2458 0 2458
1532 2520 0 1 0 2521
1533 2540 0 0 0 2540
1534 0 0 2538 0 2538
1535 0 1 0 2440 2441
1536 0 2487 0 0 2487
1537 2523 0 0 0 2523
1538 0 0 1 2527 2528
1539 2530 0 13 0 2543
1540 2544 0 0 0 2544
1541 0 0 0 2553 2553
1542 0 0 2515 0 2515
1543 0 0 2470 0 2470
1544 0 1 2458 0 2459
1545 2477 0 0 0 2477
1546 0 0 2474 0 2474
1547 1 2428 0 6 2435
1548 0 0 0 2504 2504
1549 2527 0 1 0 2528
1550 2510 0 0 0 2510
1551 0 1 5 2496 2502
1552 0 0 2442 0 2442
1553 2457 0 6 0 2463
1554 1 2458 0 0 2459
1555 1 0 2466 0 2467
1556 0 1 0 2405 2406
1557 0 0 2416 0 2416
1558 2441 0 0 0 2441
1559 0 0 2518 0 2518
1560 0 0 0 2460 2460
1561 1 0 2505 0 2506
1562 2570 0 0 0 2570
1563 2624 0 0 0 2624
1564 0 0 1 2637 2638
1565 0 0 0 2698 2698
1566 2721 0 0 0 2721
1567 0 0 2692 0 2692
1568 2697 0 1 0 2698
1569 2737 0 0 0 2737
1570 0 0 1 2707 2708
1571 1 2742 0 0 2743
1572 2756 0 0 0 2756
1573 0 2806 0 0 2806
1574 2845 0 0 0 2845
1575 2841 0 1 0 2842
1576 0 0 2788 0 2788
1577 0 2790 0 0 2790
1578 2786 0 3 1 2790
1579 1 2835 0 0 2836
1580 2832 0 0 0 2832
1581 1 0 2777 0 2778
1582 1 2810 0 0 2811
1583 0 0 2 2872 2874
1584 0 0 2887 0 2887
1585 2840 0 0 0 2840
1586 1 0 0 2936 2937
1587 0 0 2923 0 2923
1588 2862 0 0 1 2863
1589 0 0 0 2889 2889
1590 2931 0 0 0 2931
1591 2907 0 3 1 2911
1592 0 2894 0 1 2895
1593 2934 0 0 0 2934
1594 0 0 1 2932 2933
1595 2951 0 0 0 2951
1596 0 0 1 2939 2940
1597 0 0 2931 0 2931
1598 2922 0 0 0 2922
1599 1 0 1 2903 2905
1600 2901 0 0 0 2901
1601 0 2960 0 0 2960
1602 2948 0 0 0 2948
1603 0 2979 0 0 2979
1604 0 2992 0 0 2992
1605 0 0 0 2991 2991
1606 3019 0 1 0 3020
1607 2984 1 1 0 2986
1608 2990 0 0 0 2990
1609 3001 0 0 0 3001
1610 0 0 1 3034 3035
1611 0 0 3034 0 3034
1612 0 0 1 2857 2858
1613 0 0 3018 0 3018
1614 6 0 3045 0 3051
1615 0 0 3051 0 3051
1616 3016 0 1 0 3017
1617 3052 0 5 0 3057
1618 3075 0 0 0 3075
1619 0 0 0 3064 3064
1620 1 0 3099 0 3100
1621 3 0 3247 0 3250
1622 1 0 3420 0 3421
1623 3469 0 2 0 3471
1624 3458 0 0 1 3459
1625 2 3598 0 0 3600
1626 3612 0 0 0 3612
1627 3586 0 1 0 3587
1628 1 3574 0 0 3575
1629 0 3693 0 0 3693
1630 3880 0 0 0 3880
1631 3883 0 0 0 3883
1632 3882 0 0 0 3882
1633 0 0 3847 0 3847
1634 3819 0 0 0 3819
1635 3839 0 0 0 3839
1636 0 3948 0 0 3948
1637 1 2 0 3886 3889
1638 0 0 3873 0 3873
1639 0 0 3866 0 3866
1640 1 0 0 3728 3729
1641 335 2 3514 0 3851
1642 0 4100 0 0 4100
1643 4242 0 1 0 4243
1644 4229 0 0 0 4229
1645 4251 0 0 0 4251
1646 4207 1 0 0 4208
1647 0 4230 0 0 4230
1648 4153 0 0 0 4153
1649 1 4232 9 0 4242
1650 0 1 0 4224 4225
1651 0 0 0 4278 4278
1652 4290 0 0 0 4290
1653 0 0 1 4262 4263
1654 0 4296 0 0 4296
1655 4353 0 0 0 4353
1656 4317 1 0 0 4318
1657 0 0 0 4412 4412
1658 0 0 4413 1 4414
1659 0 0 4399 0 4399
1660 1 0 4388 0 4389
1661 0 3 0 4166 4169
1662 3 0 4328 1 4332
1663 261 4192 0 0 4453
1664 0 0 0 4572 4572
1665 4583 1 0 0 4584
1666 4654 0 0 0 4654
1667 4671 0 0 0 4671
1668 4690 0 0 0 4690
1669 4656 24 1 0 4681
1670 4664 0 0 14 4678
1671 0 4806 0 0 4806
1672 0 1 0 4785 4786
1673 0 0 0 4866 4866
1674 0 0 4857 0 4857
1675 0 0 4987 0 4987
1676 0 0 0 4873 4873
1677 0 0 4939 0 4939
1678 5040 0 0 0 5040
1679 0 5058 0 0 5058
1680 5044 0 1 1 5046
1681 0 5124 0 0 5124
1682 0 1 0 5319 5320
1683 1 0 5331 0 5332
1684 5300 0 1 0 5301
1685 5298 0 0 0 5298
1686 0 0 5304 0 5304
1687 0 0 5281 0 5281
1688 0 5445 0 6 5451
1689 0 1 0 5449 5450
1690 0 5506 0 1 5507
1691 5563 0 1 0 5564
1692 0 0 5660 0 5660
1693 1 0 0 5551 5552
1694 0 0 0 5631 5631
1695 0 0 0 5690 5690
1696 0 5741 1 0 5742
1697 0 1 0 5736 5737
1698 0 0 0 5733 5733
1699 2 5720 0 0 5722
1700 0 0 0 5754 5754
1701 5766 0 0 0 5766
1702 0 0 5785 0 5785
1703 1 0 5759 0 5760
1704 4958 0 730 1 5689
1705 5843 0 0 12 5855
1706 5862 0 0 0 5862
1707 5862 0 22 0 5884
1708 0 0 5935 0 5935
1709 5931 0 0 0 5931
1710 0 0 6060 0 6060
1711 1 0 6103 0 6104
1712 6171 0 3 0 6174
1713 0 6187 0 3 6190
1714 6205 9 0 0 6214
1715 0 0 1 6259 6260
1716 0 0 6342 1 6343
1717 0 0 0 6289 6289
1718 0 0 0 6271 6271
1719 0 6263 0 1 6264
1720 0 6299 0 3 6302
1721 6298 0 1 1 6300
1722 6256 0 0 0 6256
1723 0 0 0 6388 6388
1724 0 0 6366 0 6366
1725 0 0 6334 0 6334
1726 2 0 6320 1 6323
1727 6247 1 1 0 6249
1728 0 43 0 6332 6375
1729 1 0 6399 1 6401
1730 0 6394 0 2 6396
1731 6538 1 3 0 6542
1732 0 1 0 6578 6579
1733 0 1 0 6609 6610
1734 0 0 1 6631 6632
1735 1 0 6592 0 6593
1736 6510 0 1 0 6511
1737 6514 0 0 0 6514
1738 0 0 6557 0 6557
1739 17 6484 0 0 6501
1740 6680 0 1 0 6681
1741 0 0 0 6693 6693
1742 0 1 1 6768 6770
1743 0 1 0 6812 6813
1744 2 0 6735 0 6737
1745 6689 0 0 0 6689
1746 0 0 6774 0 6774
1747 6713 0 2 1 6716
1748 0 0 6817 0 6817
1749 0 6839 0 1 6840
1750 6899 0 0 0 6899
1751 0 1 0 6912 6913
1752 6905 0 15 0 6920
1753 6819 0 0 0 6819
1754 0 1 0 6818 6819
1755 0 0 0 6835 6835
1756 1 6783 0 1 6785
1757 0 6807 0 0 6807
1758 0 1 0 6810 6811
1759 1 6898 0 0 6899
1760 6858 0 0 0 6858
1761 44 0 6865 0 6909
1762 6850 0 1 0 6851
1763 6783 0 55 0 6838
1764 6831 0 1 0 6832
1765 6837 0 0 0 6837
1766 0 1 0 6798 6799
1767 1 0 6752 0 6753
1768 1 0 6693 0 6694
1769 16 6539 0 39 6594
1770 1 3 0 6665 6669
1771 0 0 6673 0 6673
1772 1 0 6679 0 6680
1773 1 1 0 6572 6574
1774 10 6549 0 2 6561
1775 6620 0 0 0 6620
1776 0 0 6624 1 6625
1777 0 1 0 6516 6517
1778 6602 1 1 0 6604
1779 0 6622 0 0 6622
1780 6617 2 1 0 6620
1781 0 0 6659 0 6659
1782 0 0 0 6588 6588
1783 3 0 6627 2 6632
1784 0 0 6649 0 6649
1785 6518 0 1 2 6521
1786 0 0 0 6546 6546
1787 0 2 0 6689 6691
1788 0 2 0 6726 6728
1789 4 0 6635 8 6647
1790 0 6710 0 9 6719
1791 6840 0 3 6 6849
1792 6821 1 0 6 6828
1793 0 0 6800 1 6801
1794 6733 0 1 0 6734
1795 1 0 6623 1 6625
1796 0 6647 0 0 6647
1797 6735 0 1 0 6736
1798 7 0 6579 0 6586
1799 1 0 1 6473 6475
1800 0 0 6468 1 6469
1801 1 6446 0 3 6450
1802 0 0 1 6466 6467
1803 0 6487 0 3 6490
1804 6534 0 1 0 6535
1805 6516 0 0 0 6516
1806 6484 0 0 0 6484
1807 2 6444 0 3 6449
1808 6548 0 1 0 6549
1809 6525 0 1 0 6526
1810 6528 0 0 0 6528
1811 0 0 0 6519 6519
1812 2 0 6506 0 6508
1813 6454 1 0 1 6456
1814 0 0 6460 0 6460
1815 6377 13 15 0 6405
1816 1 0 6382 0 6383
1817 6303 1 3 0 6307
1818 0 6305 0 0 6305
1819 1 6329 0 0 6330
1820 6379 0 5 0 6384
1821 0 0 6361 1 6362
1822 0 0 6382 0 6382
1823 6238 0 8 0 6246
1824 2 0 6376 0 6378
1825 1 0 6387 0 6388
1826 0 0 0 5839 5839
1827 0 1 0 6318 6319
1828 6387 24 0 1 6412
1829 1 0 1 6602 6604
1830 1 0 6620 0 6621
1831 6610 0 1 0 6611
1832 6621 0 0 0 6621
1833 6656 1 0 0 6657
1834 6628 0 0 0 6628
1835 0 6685 0 0 6685
1836 0 2 0 6635 6637
1837 1 0 6572 0 6573
1838 6550 0 1 0 6551
1839 1 6624 0 1 6626
1840 4 6600 0 7 6611
1841 6616 0 0 0 6616
1842 0 0 6646 0 6646
1843 1 0 0 6458 6459
1844 1 0 0 6530 6531
1845 0 6596 0 0 6596
1846 6600 0 1 0 6601
1847 1 4 0 6645 6650
1848 6652 0 0 0 6652
1849 6615 0 0 0 6615
1850 6538 0 1 0 6539
1851 0 0 6567 0 6567
1852 0 0 0 6200 6200
1853 0 0 0 6470 6470
1854 1 0 6388 0 6389
1855 0 6384 1 0 6385
1856 0 3 0 6387 6390
1857 37 0 6359 0 6396
1858 0 6279 0 0 6279
1859 1 6384 0 0 6385
1860 1 0 1 6414 6416
1861 0 2 0 6486 6488
1862 0 0 0 6534 6534
1863 3 0 0 6506 6509
1864 1 147 0 6320 6468
1865 2 0 6430 0 6432
1866 0 1 0 6272 6273
1867 0 0 0 6339 6339
1868 0 0 0 6368 6368
1869 0 6307 0 0 6307
1870 0 0 0 6280 6280
1871 0 6269 0 0 6269
1872 6150 0 1 0 6151
1873 0 6216 0 1 6217
1874 0 6160 0 0 6160
1875 6032 0 0 0 6032
1876 0 6174 0 0 6174
1877 3 6226 0 1 6230
1878 6276 0 9 0 6285
1879 6231 1 0 0 6232
1880 6242 0 0 0 6242
1881 6277 0 0 0 6277
1882 0 0 1 6165 6166
1883 0 0 0 6217 6217
1884 6224 0 1 0 6225
1885 6194 0 1 1 6196
1886 1 0 6144 0 6145
1887 11 0 6048 1 6060
1888 5934 2 8 0 5944
1889 0 0 6016 0 6016
1890 0 5986 0 3 5989
1891 6056 0 0 1 6057
1892 6042 0 0 1 6043
1893 0 1 0 6048 6049
1894 2 0 6083 2 6087
1895 0 0 6028 0 6028
1896 0 0 6028 0 6028
1897 1 0 6009 0 6010
1898 5909 0 0 0 5909
1899 1 0 5932 1 5934
1900 0 5792 0 0 5792
1901 0 5905 0 0 5905
1902 0 0 0 5953 5953
1903 1 0 0 5925 5926
1904 5859 0 0 0 5859
1905 1 0 0 5802 5803
1906 0 5804 0 2 5806
1907 5792 0 0 0 5792
1908 5688 0 61 0 5749
1909 0 0 0 5697 5697
1910 0 0 0 5777 5777
1911 1 5726 0 1 5728
1912 1 1 0 5741 5743
1913 0 1 0 5767 5768
1914 5684 0 0 1 5685
1915 5627 0 1 0 5628
1916 5538 0 0 0 5538
1917 5546 0 0 1 5547
1918 195 5444 0 0 5639
1919 0 0 1 5559 5560
1920 0 2 1 5643 5646
1921 17 0 5534 0 5551
1922 0 1 0 5423 5424
1923 5423 0 0 0 5423
1924 0 0 0 5549 5549
1925 0 1 1 5562 5564
1926 12 0 5446 0 5458
1927 5360 0 0 0 5360
1928 5377 0 1 0 5378
1929 5375 0 1 0 5376
1930 1 0 5319 0 5320
1931 0 0 5238 0 5238
1932 5058 0 2 0 5060
1933 1 0 5124 0 5125
1934 0 0 5045 2 5047
1935 4946 0 66 0 5012
1936 0 0 4820 1 4821
1937 2 0 4847 2 4851
1938 1 0 4876 1 4878
1939 2 0 5225 0 5227
1940 5322 0 9 1 5332
1941 5346 0 1 0 5347
1942 5356 0 0 0 5356
1943 5294 0 0 10 5304
1944 0 1 0 5264 5265
1945 0 0 0 5320 5320
1946 0 1 0 5365 5366
1947 0 5354 0 1 5355
1948 5365 0 1 0 5366
1949 0 1 0 5279 5280
1950 2 5314 0 0 5316
1951 1 0 5331 0 5332
1952 5238 0 0 0 5238
1953 5262 0 0 0 5262
1954 0 0 5337 0 5337
1955 0 0 0 5251 5251
1956 5292 0 1 0 5293
1957 5241 0 0 0 5241
1958 0 0 5254 0 5254
1959 0 0 5195 0 5195
1960 5161 0 0 2 5163
1961 5184 0 1 0 5185
1962 5241 3 0 0 5244
1963 17 0 5166 0 5183
1964 0 0 5138 0 5138
1965 0 0 5099 0 5099
1966 0 0 0 4926 4926
1967 1 5035 0 0 5036
1968 0 3 0 5006 5009
1969 0 5008 0 0 5008
1970 0 5032 0 32 5064
1971 0 0 0 4995 4995
1972 0 5026 1 1 5028
1973 0 0 0 5030 5030
1974 4978 0 0 0 4978
1975 0 0 0 4911 4911
1976 0 0 1 4803 4804
1977 0 0 0 4817 4817
1978 0 0 0 4737 4737
1979 0 4733 0 0 4733
1980 0 4739 0 1 4740
1981 0 0 0 4575 4575
1982 4591 0 2 0 4593
1983 0 0 0 4569 4569
1984 4540 1 0 0 4541
1985 4497 1 0 0 4498
1986 0 0 1 4397 4398
1987 0 4392 0 0 4392
1988 0 4359 0 1 4360
1989 4369 1 3 0 4373
1990 0 4370 0 0 4370
1991 4413 0 0 0 4413
1992 4314 0 2 0 4316
1993 4234 1 0 0 4235
1994 0 4279 0 0 4279
1995 4321 0 1 0 4322
1996 0 0 4324 1 4325
1997 4323 1 0 0 4324
1998 4314 0 0 0 4314
1999 1 0 4270 0 4271
2000 0 0 0 4099 4099
2001 0 3909 0 247 4156
2002 2 4236 0 1 4239
2003 0 0 2 4227 4229
2004 4260 0 0 0 4260
2005 4206 1 0 0 4207
2006 0 4207 0 0 4207
2007 0 0 2 4196 4198
2008 4168 0 0 0 4168
2009 2 5 0 4114 4121
2010 4133 0 0 0 4133
2011 0 0 0 4065 4065
2012 1 0 4058 0 4059
2013 0 4040 0 5 4045
2014 1 0 4050 0 4051
2015 4 0 4059 0 4063
2016 9 4053 0 0 4062
2017 4075 0 0 0 4075
2018 0 1 4073 0 4074
2019 4043 0 3 0 4046
2020 4044 0 0 0 4044
2021 0 0 2 4052 4054
2022 2 0 4050 0 4052
2023 4049 0 0 1 4050
2024 0 5 1 4165 4171
2025 0 0 4191 0 4191
2026 0 0 0 4138 4138
2027 0 4099 0 1 4100
2028 4119 0 0 0 4119
2029 2 0 0 4045 4047
2030 0 0 2 4070 4072
2031 4014 0 1 0 4015
2032 3978 0 1 0 3979
2033 3941 0 0 0 3941
2034 3955 4 0 0 3959
2035 0 0 3957 0 3957
2036 0 0 3959 0 3959
2037 15 0 3958 0 3973
2038 3970 0 0 11 3981
2039 4021 0 1 0 4022
2040 4018 0 0 0 4018
2041 3980 0 0 0 3980
2042 0 0 1 3901 3902
2043 0 3 2 3911 3916
2044 0 0 3895 0 3895
2045 3830 0 1 0 3831
2046 3819 0 0 0 3819
2047 0 0 3719 0 3719
2048 3671 0 1 0 3672
2049 0 30 3 3657 3690
2050 0 0 3641 1 3642
2051 3597 0 0 1 3598
2052 3596 0 6 0 3602
2053 0 0 3585 0 3585
2054 3532 0 0 0 3532
2055 3556 1 0 0 3557
2056 3515 0 1 0 3516
2057 0 0 3497 0 3497
2058 0 0 3431 0 3431
2059 3440 0 13 0 3453
2060 3480 0 1 0 3481
2061 0 1 2 3438 3441
2062 3493 0 0 0 3493
2063 0 0 3477 0 3477
2064 3473 0 0 0 3473
2065 0 0 2 3384 3386
2066 1 3367 0 47 3415
2067 3432 0 0 0 3432
2068 3427 0 0 0 3427
2069 0 1 0 3441 3442
2070 0 0 3435 2 3437
2071 0 0 3386 0 3386
2072 0 0 3305 0 3305
2073 8 0 3289 0 3297
2074 3270 0 0 0 3270
2075 3253 0 1 0 3254
2076 0 0 0 3236 3236
2077 0 0 3242 0 3242
2078 0 3178 0 0 3178
2079 3210 0 1 0 3211
2080 0 0 3213 0 3213
2081 0 1 0 3013 3014
2082 3092 0 0 0 3092
2083 0 0 0 3083 3083
2084 0 0 0 3040 3040
2085 3075 0 0 0 3075
2086 0 0 3030 0 3030
2087 0 2980 0 0 2980
2088 3004 1 0 0 3005
2089 0 0 2939 1 2940
2090 9 0 2885 0 2894
2091 2 2843 0 0 2845
2092 0 0 1 2836 2837
2093 0 1 1 2827 2829
2094 0 0 0 2825 2825
2095 19 2788 0 1 2808
2096 0 0 0 2757 2757
2097 0 2783 0 0 2783
2098 0 0 2707 0 2707
2099 0 0 2 2693 2695
2100 0 1 0 2666 2667
2101 2668 0 0 0 2668
2102 0 0 2661 0 2661
2103 0 0 0 2625 2625
2104 1 0 2639 0 2640
2105 15 0 2591 0 2606
2106 0 2630 0 0 2630
2107 2570 0 1 8 2579
2108 2556 0 0 0 2556
2109 15 0 2535 0 2550
2110 0 1 0 2426 2427
2111 2496 0 0 0 2496
2112 0 0 1 2453 2454
2113 0 0 2436 0 2436
2114 2383 0 1 0 2384
2115 0 2363 0 1 2364
2116 0 2387 0 1 2388
2117 0 2389 0 0 2389
2118 2413 0 0 0 2413
2119 0 0 2363 0 2363
2120 2342 0 0 0 2342
2121 0 0 0 2252 2252
2122 0 2266 0 0 2266
2123 0 0 0 2226 2226
2124 0 0 0 2425 2425
2125 0 0 2411 0 2411
2126 0 0 2410 0 2410
2127 2395 0 0 0 2395
2128 0 0 2392 0 2392
2129 2380 0 1 0 2381
2130 0 0 0 2346 2346
2131 0 0 0 2362 2362
2132 0 0 0 2273 2273
2133 0 2276 0 0 2276
2134 2257 0 0 1 2258
2135 2243 0 0 0 2243
2136 2210 4 0 0 2214
2137 2210 0 1 0 2211
2138 0 2232 0 0 2232
2139 0 0 0 2227 2227
2140 2226 0 0 0 2226
2141 0 0 0 2184 2184
2142 0 1 0 2199 2200
2143 0 0 2143 0 2143
2144 2102 0 0 0 2102
2145 2118 0 0 0 2118
2146 0 0 2098 0 2098
2147 2048 0 0 0 2048
2148 2021 0 0 0 2021
2149 0 1963 0 0 1963
2150 0 0 0 1941 1941
2151 0 1 0 1941 1942
2152 0 0 1931 0 1931
2153 1934 0 0 0 1934
2154 1943 0 0 0 1943
2155 1918 0 0 0 1918
2156 1884 0 0 0 1884
2157 1 0 1830 0 1831
2158 0 1792 0 0 1792
2159 0 0 0 1991 1991
2160 1 0 1926 0 1927
2161 1856 0 0 0 1856
2162 1839 0 0 0 1839
2163 1793 0 0 0 1793
2164 1 1756 0 0 1757
2165 0 1752 0 0 1752
2166 1778 0 0 0 1778
2167 0 0 1755 0 1755
2168 56 0 1626 0 1682
2169 0 0 1661 0 1661
2170 0 0 1672 0 1672
2171 1666 0 0 0 1666
2172 1648 0 0 0 1648
2173 1625 0 0 0 1625
2174 1605 0 0 0 1605
2175 0 0 1579 0 1579
2176 0 0 1557 0 1557
2177 0 1555 0 0 1555
2178 1617 0 3 0 1620
2179 1614 0 0 0 1614
2180 1588 0 0 0 1588
2181 26 1461 101 0 1588
2182 1602 0 0 0 1602
2183 0 0 0 1541 1541
2184 0 1560 0 0 1560
2185 0 0 0 1551 1551
2186 0 0 0 1590 1590
2187 0 0 1579 0 1579
2188 0 1552 0 0 1552
2189 0 0 0 1523 1523
2190 0 0 0 1516 1516
2191 0 0 0 1517 1517
2192 1524 0 0 0 1524
2193 0 0 0 1492 1492
2194 0 1489 0 0 1489
2195 1497 0 0 0 1497
2196 1503 0 0 0 1503
2197 0 0 1483 0 1483
2198 0 0 1483 0 1483
2199 1270 0 0 0 1270
2200 1269 0 0 0 1269
2201 1262 0 0 0 1262
2202 1254 0 0 0 1254
2203 0 1265 0 0 1265
2204 0 1237 0 0 1237
2205 1254 0 0 0 1254
2206 0 0 1244 0 1244
2207 0 0 0 1237 1237
2208 0 0 0 1245 1245
2209 1232 0 0 0 1232
2210 1207 0 0 0 1207
2211 1198 0 2 0 1200
2212 0 0 1225 0 1225
2213 0 0 0 1172 1172
2214 1425 0 0 0 1425
2215 0 0 1421 0 1421
2216 0 0 0 1354 1354
2217 0 0 1384 0 1384
2218 1403 0 0 0 1403
2219 1406 0 0 0 1406
2220 1412 0 0 0 1412
2221 1390 0 9 0 1399
2222 0 0 1382 0 1382
2223 0 0 1358 0 1358
2224 1363 0 0 0 1363
2225 1364 0 0 0 1364
2226 1351 0 0 0 1351
2227 1351 0 1 0 1352
2228 0 0 1327 1 1328
2229 0 0 1330 0 1330
2230 0 6 0 1186 1192
2231 1297 0 0 0 1297
2232 0 0 0 1271 1271
2233 1292 0 0 0 1292
2234 0 0 1296 0 1296
2235 0 0 0 1273 1273
2236 4 0 1271 0 1275
2237 0 1253 0 0 1253
2238 0 6 0 1256 1262
2239 0 6 0 1260 1266
2240 0 0 0 1277 1277
2241 0 0 1271 0 1271
2242 0 0 0 1270 1270
2243 0 1266 0 0 1266
2244 0 1301 0 0 1301
2245 1080 0 200 0 1280
2246 1277 0 0 0 1277
2247 0 0 0 1266 1266
2248 0 0 1274 0 1274
2249 1265 0 0 0 1265
2250 0 1270 0 1 1271
2251 1275 0 0 0 1275
2252 0 0 0 1264 1264
2253 0 1 0 1272 1273
2254 0 1 0 1259 1260
2255 0 1248 0 6 1254
2256 1240 0 0 0 1240
2257 0 1241 0 0 1241
2258 1211 0 18 0 1229
2259 1200 0 18 0 1218
2260 0 0 1210 0 1210
2261 0 0 1209 0 1209
2262 1222 0 0 0 1222
2263 1225 0 0 0 1225
2264 0 0 0 1209 1209
2265 0 4 0 1215 1219
2266 1234 0 0 0 1234
2267 1226 0 1 0 1227
2268 0 0 1220 0 1220
2269 1211 0 0 0 1211
2270 21 0 1172 0 1193
2271 1202 1 0 0 1203
2272 0 1199 0 0 1199
2273 1205 0 0 0 1205
2274 1194 0 0 0 1194
2275 1185 0 0 0 1185
2276 0 0 1115 0 1115
2277 1116 1 0 0 1117
2278 1113 0 0 0 1113
2279 0 0 0 1106 1106
2280 2 0 1100 0 1102
2281 1102 0 0 0 1102
2282 0 1103 0 0 1103
2283 1099 0 0 0 1099
2284 0 0 1096 0 1096
2285 0 0 0 1065 1065
2286 0 0 0 1068 1068
2287 3 0 1063 0 1066
2288 1053 0 21 0 1074
2289 0 0 1046 0 1046
2290 0 0 0 994 994
2291 0 1016 0 0 1016
2292 0 818 0 203 1021
2293 1022 0 0 0 1022
2294 0 0 1 1016 1017
2295 0 0 1018 0 1018
2296 0 0 1006 0 1006
2297 0 0 1001 0 1001
2298 0 0 1012 0 1012
2299 0 0 0 978 978
2300 0 0 986 0 986
2301 0 0 984 1 985
2302 1 0 987 0 988
2303 1 959 0 1 961
2304 0 966 0 0 966
2305 0 0 0 988 988
2306 0 0 0 990 990
2307 1 0 983 0 984
2308 947 0 0 0 947
2309 0 0 954 0 954
2310 0 908 0 0 908
2311 0 0 0 921 921
2312 919 0 0 0 919
2313 914 0 0 0 914
2314 0 0 0 14 14
