0 0 0 0 0 0
1 956 0 0 0 956
2 0 0 0 989 989
3 0 0 1010 0 1010
4 1033 0 0 0 1033
5 0 1050 0 0 1050
6 1057 0 0 0 1057
7 0 1 0 1064 1065
8 0 0 0 1076 1076
9 1029 0 47 0 1076
10 0 15 1049 0 1064
11 12 1247 0 0 1259
12 6 1315 0 20 1341
13 1375 0 0 0 1375
14 1378 2 0 0 1380
15 1374 0 0 0 1374
16 1381 0 3 0 1384
17 0 0 0 1388 1388
18 0 1 0 1393 1394
19 2 0 1377 0 1379
20 1374 1 0 3 1378
21 1374 0 2 0 1376
22 0 0 0 1399 1399
23 0 0 0 1398 1398
24 18 0 1390 0 1408
25 0 0 0 1403 1403
26 0 0 0 1420 1420
27 1428 0 5 0 1433
28 1430 0 0 8 1438
29 1261 0 177 0 1438
30 1439 5 0 0 1444
31 0 1443 0 0 1443
32 1451 0 3 0 1454
33 1436 0 3 0 1439
34 0 1436 0 0 1436
35 0 0 0 1437 1437
36 42 0 1399 0 1441
37 0 1452 0 0 1452
38 0 2 0 1476 1478
39 1471 0 3 0 1474
40 1464 0 3 0 1467
41 0 0 1493 0 1493
42 0 0 1572 0 1572
43 0 0 1615 0 1615
44 1612 0 5 0 1617
45 0 1639 0 0 1639
46 1637 0 10 0 1647
47 1638 0 3 0 1641
48 0 0 0 1658 1658
49 0 0 1618 0 1618
50 1649 0 1 0 1650
51 1 0 1617 0 1618
52 1 0 1713 0 1714
53 0 1771 0 0 1771
54 0 1836 0 0 1836
55 1864 0 3 4 1871
56 1883 0 0 0 1883
57 1897 0 0 0 1897
58 1901 0 1 2 1904
59 0 1929 0 0 1929
60 1946 0 0 6 1952
61 0 0 1993 0 1993
62 0 4 0 1982 1986
63 0 8 0 2071 2079
64 0 11 0 2093 2104
65 0 3 0 2128 2131
66 0 0 2103 0 2103
67 2062 1 9 0 2072
68 2112 0 3 0 2115
69 3 0 2123 0 2126
70 0 2132 0 0 2132
71 1975 0 201 0 2176
72 2166 0 0 0 2166
73 2144 0 0 0 2144
74 1 2192 0 1 2194
75 2194 0 3 0 2197
76 2209 0 0 0 2209
77 1 2218 0 1 2220
78 2284 1 3 0 2288
79 2 0 2301 0 2303
80 0 1 0 2269 2270
81 2349 0 7 0 2356
82 4 0 2412 0 2416
83 2305 79 21 0 2405
84 9 2424 0 3 2436
85 0 1993 0 479 2472
86 2486 0 1 0 2487
87 2461 3 0 0 2464
88 0 0 0 2496 2496
89 2493 0 3 0 2496
90 0 2 0 2503 2505
91 2492 0 0 0 2492
92 2524 0 0 0 2524
93 9 2529 0 0 2538
94 2532 0 1 0 2533
95 0 0 0 2533 2533
96 2533 0 9 0 2542
97 2541 0 0 0 2541
98 0 0 0 2562 2562
99 2571 0 5 2 2578
100 2679 0 5 0 2684
101 3 0 2923 0 2926
102 3038 0 0 0 3038
103 3066 0 0 0 3066
104 3069 0 0 0 3069
105 3105 0 7 0 3112
106 0 0 0 3095 3095
107 0 0 0 3119 3119
108 0 3125 0 2 3127
109 3140 0 1 3 3144
110 3149 0 0 0 3149
111 0 0 0 3141 3141
112 3123 0 0 0 3123
113 0 3165 0 0 3165
114 3171 0 0 0 3171
115 3 0 1 3098 3102
116 0 3189 0 0 3189
117 3206 0 8 0 3214
118 3201 0 9 0 3210
119 0 0 3189 0 3189
120 0 0 3203 0 3203
121 3154 0 1 0 3155
122 0 0 0 3175 3175
123 0 3 0 3169 3172
124 7 0 3145 0 3152
125 3143 0 0 0 3143
126 3173 0 0 0 3173
127 3175 0 23 0 3198
128 3153 0 16 0 3169
129 0 0 3172 0 3172
130 2890 0 273 0 3163
131 3158 0 7 1 3166
132 0 0 0 3141 3141
133 2 3145 0 0 3147
134 0 3176 0 1 3177
135 0 2 0 3182 3184
136 0 0 0 3166 3166
137 0 3183 0 0 3183
138 3191 0 0 0 3191
139 4 3179 0 1 3184
140 0 0 1 3179 3180
141 3191 0 15 0 3206
142 3208 0 1 0 3209
143 0 0 3193 0 3193
144 1 0 3179 0 3180
145 3182 0 0 0 3182
146 0 1 0 3190 3191
147 0 0 3180 0 3180
148 3178 0 1 0 3179
149 3192 0 0 0 3192
150 0 0 1785 0 1785
151 0 0 0 1738 1738
152 1 0 1755 0 1756
153 0 0 1712 0 1712
154 3 0 1686 0 1689
155 1 1766 0 3 1770
156 0 1825 0 0 1825
157 1850 0 0 1 1851
158 1 0 0 1861 1862
159 0 0 1849 8 1857
160 0 0 0 1845 1845
161 1 0 1887 0 1888
162 0 0 0 1887 1887
163 0 0 0 2011 2011
164 0 2094 0 6 2100
165 0 7 0 2141 2148
166 2149 0 0 0 2149
167 2137 0 3 0 2140
168 65 2227 28 14 2334
169 0 1 0 2508 2509
170 0 0 0 2538 2538
171 0 0 0 2545 2545
172 0 2519 0 4 2523
173 0 2526 0 0 2526
174 0 2894 0 0 2894
175 0 0 0 2893 2893
176 0 0 0 2904 2904
177 1 0 2865 0 2866
178 1 0 2861 0 2862
179 1 2957 0 0 2958
180 1 0 1 2956 2958
181 0 2968 0 5 2973
182 0 0 0 2994 2994
183 2965 0 3 0 2968
184 2936 0 3 1 2940
185 0 2957 0 0 2957
186 0 2966 0 0 2966
187 2953 0 0 0 2953
188 2938 0 3 0 2941
189 5 0 2967 0 2972
190 1 0 2943 0 2944
191 5 0 2948 0 2953
192 7 2989 0 4 3000
193 8 0 2988 0 2996
194 2977 0 0 0 2977
195 0 3 0 3035 3038
196 3044 2 0 2 3048
197 0 0 0 3092 3092
198 0 0 3094 0 3094
199 0 0 3065 0 3065
200 0 3094 0 3 3097
201 3128 0 0 0 3128
202 3134 0 0 0 3134
203 3160 0 2 0 3162
204 0 3181 0 7 3188
205 3209 0 0 1 3210
206 1 0 3197 0 3198
207 3202 0 0 0 3202
208 3174 0 1 0 3175
209 1 0 0 3155 3156
210 0 3147 0 1 3148
211 0 3128 1 2 3131
212 0 3159 0 0 3159
213 0 3218 0 0 3218
214 0 0 0 3200 3200
215 0 0 0 3237 3237
216 8 0 3227 2 3237
217 0 0 3198 0 3198
218 3141 0 0 0 3141
219 3155 0 1 0 3156
220 0 3 0 3225 3228
221 3195 0 0 0 3195
222 0 3184 0 0 3184
223 3187 0 0 0 3187
224 3151 0 7 5 3163
225 3142 0 5 0 3147
226 0 0 3126 0 3126
227 0 0 3149 0 3149
228 0 0 3125 0 3125
229 3127 0 5 0 3132
230 0 0 0 3169 3169
231 3212 0 0 0 3212
232 0 3222 0 0 3222
233 3227 0 0 0 3227
234 3234 0 0 0 3234
235 1 3232 0 0 3233
236 0 0 0 3226 3226
237 0 3 0 3243 3246
238 3269 0 0 0 3269
239 3254 0 0 0 3254
240 3223 0 8 0 3231
241 3178 0 1 0 3179
242 0 3178 0 0 3178
243 3213 0 0 0 3213
244 3203 0 0 0 3203
245 3184 0 0 0 3184
246 3 0 0 3131 3134
247 4 0 3128 0 3132
248 2 3135 0 0 3137
249 0 6 0 3171 3177
250 1 0 3184 0 3185
251 3175 0 2 0 3177
252 3175 0 0 0 3175
253 1 0 3191 0 3192
254 3129 0 0 0 3129
255 1 3196 0 2 3199
256 3191 0 2 1 3194
257 2 1 1 3210 3214
258 3217 0 0 1 3218
259 0 0 3187 0 3187
260 0 0 3174 1 3175
261 3193 0 0 0 3193
262 3160 0 0 4 3164
263 2 3164 0 0 3166
264 1 3189 0 12 3202
265 3217 0 0 0 3217
266 3238 0 1 0 3239
267 3204 0 17 0 3221
268 1 0 3190 0 3191
269 0 0 3187 0 3187
270 2 3189 0 2 3193
271 0 3288 0 2 3290
272 3322 1 3 0 3326
273 3333 0 4 1 3338
274 3285 0 0 0 3285
275 5 0 0 3288 3293
276 0 0 3306 0 3306
277 0 0 0 3181 3181
278 0 0 3202 0 3202
279 0 3208 0 0 3208
280 0 0 1 3211 3212
281 5 3259 0 2 3266
282 3280 0 3 0 3283
283 3274 0 0 0 3274
284 0 0 0 3264 3264
285 3294 0 0 0 3294
286 0 0 3251 0 3251
287 0 3257 0 1 3258
288 3246 0 4 0 3250
289 0 0 3226 0 3226
290 0 3184 0 0 3184
291 3179 0 0 0 3179
292 0 0 3209 0 3209
293 0 0 0 3164 3164
294 0 9 0 3159 3168
295 3160 0 0 1 3161
296 7 3144 0 1 3152
297 0 3 0 3153 3156
298 0 0 1 3181 3182
299 0 0 3163 0 3163
300 9 0 3170 0 3179
301 1 0 0 3084 3085
302 2 0 3243 0 3245
303 1 0 3267 0 3268
304 3227 0 32 1 3260
305 3273 0 0 0 3273
306 0 7 0 3294 3301
307 3283 0 0 3 3286
308 1 3308 0 0 3309
309 3331 0 0 1 3332
310 0 5 0 3301 3306
311 3330 0 0 0 3330
312 1 0 0 3275 3276
313 0 0 3287 0 3287
314 1 0 3251 0 3252
315 3186 0 0 0 3186
316 0 3204 0 0 3204
317 0 3236 0 0 3236
318 3300 0 0 0 3300
319 3289 1 26 0 3316
320 0 2 0 3318 3320
321 3332 0 2 0 3334
322 0 0 3327 0 3327
323 0 0 3307 0 3307
324 3275 0 5 0 3280
325 10 0 3256 0 3266
326 3241 0 0 0 3241
327 0 3232 0 0 3232
328 3278 0 0 0 3278
329 0 3327 0 1 3328
330 29 0 3311 6 3346
331 5 0 3344 2 3351
332 3328 2 0 0 3330
333 3376 0 0 0 3376
334 0 0 3434 1 3435
335 0 0 3543 0 3543
336 0 1 0 3398 3399
337 0 0 0 3571 3571
338 0 0 0 3650 3650
339 0 3 0 3676 3679
340 1 0 3640 0 3641
341 3626 0 0 0 3626
342 3650 0 0 0 3650
343 3646 1 0 0 3647
344 6 0 3635 0 3641
345 12 0 3568 0 3580
346 1 0 3615 1 3617
347 0 0 0 3536 3536
348 0 3572 0 6 3578
349 0 0 0 3605 3605
350 3593 0 5 0 3598
351 0 3588 0 3 3591
352 0 0 3599 0 3599
353 3563 0 0 1 3564
354 3511 0 81 0 3592
355 3581 0 0 1 3582
356 0 0 3527 1 3528
357 0 3477 0 0 3477
358 5 0 0 3472 3477
359 1 0 0 3534 3535
360 0 0 0 3534 3534
361 0 1 0 3547 3548
362 0 0 0 3538 3538
363 0 0 0 3477 3477
364 0 3365 0 7 3372
365 0 3 0 3275 3278
366 0 3289 5 1 3295
367 3316 1 0 0 3317
368 0 0 3304 0 3304
369 3253 0 8 0 3261
370 3273 0 0 0 3273
371 3276 0 10 0 3286
372 3241 0 0 0 3241
373 3141 1 55 1 3198
374 4 0 3 3163 3170
375 12 0 3094 0 3106
376 3055 0 3 1 3059
377 0 0 3087 0 3087
378 3040 0 4 0 3044
379 0 3022 0 0 3022
380 0 1 0 3034 3035
381 0 0 0 3057 3057
382 1 0 3040 0 3041
383 2950 0 54 0 3004
384 0 3006 0 1 3007
385 2847 0 2 0 2849
386 2775 0 0 0 2775
387 0 2839 0 1 2840
388 3 0 2840 3 2846
389 0 2781 0 0 2781
390 0 2796 0 0 2796
391 2769 0 0 0 2769
392 0 2802 0 0 2802
393 0 10 0 2719 2729
394 0 2 0 2727 2729
395 0 0 2758 0 2758
396 0 0 2709 5 2714
397 1 0 2707 0 2708
398 0 0 2771 0 2771
399 0 2768 0 1 2769
400 0 2798 0 2 2800
401 1 0 2794 1 2796
402 11 0 2781 0 2792
403 2703 3 9 0 2715
404 0 0 0 2800 2800
405 2755 0 2 0 2757
406 2743 0 3 0 2746
407 0 2785 0 4 2789
408 0 0 0 2787 2787
409 0 2 0 2793 2795
410 0 0 0 2783 2783
411 0 2 0 2786 2788
412 3 0 2717 0 2720
413 0 1 2636 0 2637
414 7 2669 0 7 2683
415 0 2662 0 3 2665
416 1 2692 0 1 2694
417 2704 0 2 0 2706
418 8 0 2744 0 2752
419 0 0 0 2731 2731
420 0 0 0 2787 2787
421 1 0 2818 1 2820
422 2827 0 0 0 2827
423 2855 0 0 0 2855
424 2843 0 0 0 2843
425 0 0 2814 0 2814
426 2819 0 1 0 2820
427 0 0 2817 0 2817
428 0 1 0 2630 2631
429 9 0 2759 2 2770
430 2753 18 0 0 2771
431 0 0 2847 0 2847
432 2868 0 0 1 2869
433 2879 1 0 0 2880
434 2905 0 1 0 2906
435 2904 0 0 0 2904
436 2904 1 1 0 2906
437 8 0 2892 0 2900
438 2846 0 5 1 2852
439 0 0 2859 0 2859
440 0 1 0 2708 2709
441 2813 0 0 0 2813
442 0 2792 0 14 2806
443 0 2 0 2803 2805
444 2784 0 0 0 2784
445 0 2816 0 0 2816
446 0 0 0 2799 2799
447 2814 1 0 0 2815
448 2770 0 0 0 2770
449 2686 0 0 0 2686
450 6 2748 0 2 2756
451 0 2733 0 0 2733
452 1 2735 0 1 2737
453 1 0 0 2672 2673
454 0 2740 0 0 2740
455 1 0 0 2693 2694
456 0 2736 0 0 2736
457 2693 1 0 0 2694
458 0 2732 0 0 2732
459 0 2766 0 3 2769
460 2758 0 5 0 2763
461 2739 1 1 0 2741
462 0 0 2744 0 2744
463 0 0 2717 0 2717
464 2733 0 0 0 2733
465 2753 0 0 0 2753
466 2755 0 0 0 2755
467 0 0 0 2715 2715
468 2 0 2716 0 2718
469 1 2694 0 0 2695
470 0 2702 0 0 2702
471 0 10 0 2654 2664
472 0 2706 0 0 2706
473 1 2742 0 10 2753
474 7 0 2770 0 2777
475 0 0 2723 0 2723
476 2685 0 0 0 2685
477 0 2 0 2686 2688
478 1 0 2684 0 2685
479 2678 0 8 0 2686
480 0 0 2689 0 2689
481 0 0 2647 0 2647
482 1 2660 0 0 2661
483 5 0 2705 9 2719
484 2633 1 10 0 2644
485 0 0 2699 0 2699
486 0 2680 1 4 2685
487 2714 0 1 0 2715
488 2678 0 33 0 2711
489 0 0 0 2737 2737
490 4 0 2793 0 2797
491 1 1 0 2767 2769
492 19 0 2896 0 2915
493 2927 0 0 0 2927
494 0 0 0 2924 2924
495 2927 0 0 0 2927
496 2923 0 0 0 2923
497 0 0 0 3123 3123
498 0 0 3145 0 3145
499 2 0 3260 8 3270
500 3268 1 0 1 3270
501 3314 0 1 0 3315
502 3306 1 0 0 3307
503 0 0 0 3289 3289
504 3324 0 0 0 3324
505 0 8 0 3301 3309
506 0 2 0 3336 3338
507 7 0 3307 0 3314
508 0 0 0 3244 3244
509 1 1 0 3271 3273
510 0 3227 0 15 3242
511 0 3167 0 1 3168
512 1 3287 0 0 3288
513 1 0 0 3345 3346
514 3369 0 0 0 3369
515 3349 0 1 0 3350
516 3305 1 2 0 3308
517 0 0 3357 1 3358
518 3320 0 0 0 3320
519 3333 0 2 0 3335
520 1 0 3275 0 3276
521 2 3341 0 1 3344
522 3404 1 8 0 3413
523 1 0 3463 0 3464
524 1 0 3478 0 3479
525 3465 0 0 1 3466
526 3496 0 0 0 3496
527 1 0 0 3435 3436
528 3468 0 1 0 3469
529 1 3431 3 0 3435
530 0 3488 0 2 3490
531 3568 0 0 0 3568
532 3723 0 6 0 3729
533 0 0 3693 2 3695
534 3721 2 18 0 3741
535 0 0 3758 1 3759
536 3770 1 1 0 3772
537 3765 2 0 0 3767
538 0 4 1 3708 3713
539 0 3699 0 0 3699
540 0 3714 0 0 3714
541 3697 0 0 0 3697
542 0 3780 0 0 3780
543 0 0 1 3761 3762
544 0 0 0 3811 3811
545 3 0 3813 0 3816
546 0 0 3807 1 3808
547 3789 0 0 0 3789
548 0 1 0 3810 3811
549 3819 0 1 0 3820
550 0 3839 0 1 3840
551 3827 0 0 1 3828
552 0 0 0 3818 3818
553 3807 4 0 2 3813
554 62 0 3740 0 3802
555 1 0 3782 0 3783
556 0 1 3735 2 3738
557 3727 0 0 0 3727
558 3782 2 3 0 3787
559 0 3800 0 14 3814
560 0 1 0 3842 3843
561 263 0 3547 1 3811
562 3802 0 1 0 3803
563 2 0 0 3820 3822
564 3829 0 5 0 3834
565 3826 0 0 0 3826
566 3783 1 38 0 3822
567 3833 0 0 0 3833
568 0 0 3876 0 3876
569 3971 1 1 0 3973
570 4061 0 0 0 4061
571 4084 0 1 0 4085
572 4082 0 0 0 4082
573 4130 0 0 0 4130
574 4108 0 1 0 4109
575 23 0 4055 0 4078
576 4063 0 0 0 4063
577 4 0 4148 1 4153
578 4152 0 0 2 4154
579 4197 1 5 1 4204
580 4211 1 1 0 4213
581 4205 0 0 0 4205
582 4177 0 1 1 4179
583 0 0 0 4139 4139
584 0 2 0 4105 4107
585 58 0 4008 0 4066
586 4034 1 0 0 4035
587 4109 0 0 0 4109
588 4070 0 11 0 4081
589 1 0 4082 1 4084
590 0 0 4062 1 4063
591 4031 0 43 0 4074
592 4094 0 2 0 4096
593 0 4083 0 1 4084
594 4100 0 0 0 4100
595 4082 0 1 1 4084
596 1 0 0 4128 4129
597 0 0 4127 0 4127
598 4100 0 0 0 4100
599 1 0 0 4091 4092
600 4095 0 0 0 4095
601 4081 0 0 1 4082
602 0 4141 0 1 4142
603 0 2 1 4054 4057
604 2 4109 0 0 4111
605 1 4132 0 0 4133
606 4196 0 0 0 4196
607 4144 0 0 0 4144
608 0 2 1 4056 4059
609 2 4126 0 2 4130
610 4 0 4131 0 4135
611 0 0 1 4045 4046
612 4131 0 3 3 4137
613 13 4209 0 0 4222
614 0 2 1 4203 4206
615 3 0 4182 0 4185
616 1 0 4155 1 4157
617 4 4229 0 3 4236
618 4285 0 6 0 4291
619 0 4 7 4297 4308
620 4284 0 2 2 4288
621 2 4298 0 0 4300
622 4313 0 1 0 4314
623 0 1 0 4280 4281
624 0 0 4290 1 4291
625 41 4209 0 0 4250
626 0 0 2 4318 4320
627 0 0 0 4368 4368
628 0 0 4356 2 4358
629 4321 0 1 1 4323
630 4352 0 0 0 4352
631 4366 0 7 1 4374
632 1 0 4355 1 4357
633 4390 0 0 0 4390
634 0 0 4350 0 4350
635 4365 0 0 0 4365
636 4307 0 68 0 4375
637 2 4450 0 4 4456
638 0 2 0 4426 4428
639 0 0 4454 0 4454
640 0 0 4431 1 4432
641 1 0 0 4390 4391
642 1 2 80 4401 4484
643 1 0 4489 0 4490
644 0 4538 2 2 4542
645 0 0 0 4564 4564
646 2 4630 0 0 4632
647 2 1 4685 1 4689
648 4613 0 0 1 4614
649 4653 0 1 0 4654
650 0 0 4760 0 4760
651 4745 0 1 0 4746
652 4775 0 4 0 4779
653 0 0 4757 0 4757
654 4784 0 1 1 4786
655 0 0 0 4757 4757
656 0 0 0 4792 4792
657 0 4795 0 0 4795
658 0 1 0 4801 4802
659 1 3 0 4801 4805
660 2 0 4768 0 4770
661 1 4709 0 7 4717
662 0 4729 0 0 4729
663 4753 14 0 0 4767
664 0 2 4743 0 4745
665 0 0 1 4680 4681
666 31 0 4703 0 4734
667 4 0 4695 0 4699
668 0 4716 0 0 4716
669 4745 0 1 0 4746
670 11 0 4737 0 4748
671 1 0 4594 0 4595
672 4244 0 1 0 4245
673 0 0 4260 0 4260
674 0 4295 0 1 4296
675 4351 0 2 0 4353
676 4634 0 6 0 4640
677 2 4269 0 1 4272
678 4457 0 0 0 4457
679 0 0 1 4107 4108
680 0 4297 0 1 4298
681 4332 4 0 0 4336
682 0 0 4169 0 4169
683 0 4270 0 1 4271
684 0 0 0 4300 4300
685 1 0 4275 0 4276
686 4086 1 1 0 4088
687 0 0 4304 0 4304
688 0 0 0 3915 3915
689 3 0 0 4299 4302
690 0 4203 0 1 4204
691 4255 1 0 0 4256
692 0 0 1 4411 4412
693 4420 0 0 0 4420
694 0 0 4279 0 4279
695 4270 0 2 0 4272
696 4538 0 0 0 4538
697 4600 0 0 0 4600
698 0 1 0 4194 4195
699 3 0 4270 1 4274
700 0 4281 0 10 4291
701 0 1 1 4378 4380
702 4375 0 26 0 4401
703 0 4342 0 0 4342
704 4243 0 0 15 4258
705 0 4325 0 5 4330
706 0 2 0 4218 4220
707 1 0 4321 1 4323
708 0 4364 0 0 4364
709 0 6 0 4376 4382
710 0 0 0 4611 4611
711 4400 0 77 2 4479
712 1 4456 0 0 4457
713 4513 2 1 0 4516
714 4646 0 6 1 4653
715 1 0 4381 8 4390
716 0 0 4587 0 4587
717 0 3 1 3129 3133
718 2 0 4207 0 4209
719 4228 1 2 4 4235
720 4556 0 12 0 4568
721 4684 0 1 0 4685
722 4742 0 1 0 4743
723 1 2 1 4234 4238
724 0 0 0 4513 4513
725 0 0 4280 1 4281
726 0 0 4464 1 4465
727 4104 0 4 0 4108
728 1 0 4296 0 4297
729 4241 0 0 1 4242
730 8 4308 0 1 4317
731 4430 0 2 0 4432
732 4557 0 1 0 4558
733 4589 0 0 0 4589
734 1 0 1 4139 4141
735 4330 0 0 0 4330
736 0 0 0 4180 4180
737 4283 1 0 0 4284
738 0 0 0 4011 4011
739 0 3958 1 0 3959
740 3913 0 1 0 3914
741 1 3972 0 0 3973
742 0 4157 0 0 4157
743 1 4265 0 1 4267
744 3840 0 0 0 3840
745 0 0 3994 0 3994
746 0 0 4078 2 4080
747 3702 7 5 0 3714
748 1 0 3993 0 3994
749 0 0 4093 0 4093
750 0 0 4151 0 4151
751 3860 0 0 0 3860
752 4139 1 0 0 4140
753 1 82 0 3962 4045
754 4095 0 1 0 4096
755 4249 0 1 0 4250
756 4286 0 0 0 4286
757 0 39 2 3881 3922
758 0 1 0 4120 4121
759 4151 0 12 0 4163
760 4252 0 0 0 4252
761 4 4055 0 0 4059
762 0 1 0 3999 4000
763 0 0 3991 0 3991
764 4048 0 0 0 4048
765 25 2 4005 11 4043
766 0 0 0 3873 3873
767 7 4018 0 2 4027
768 0 4189 0 10 4199
769 4135 0 4 0 4139
770 0 0 4206 1 4207
771 3 1 4228 1 4233
772 0 0 0 3738 3738
773 0 4108 0 1 4109
774 0 0 1 4156 4157
775 0 4228 0 0 4228
776 4268 0 1 0 4269
777 4330 0 2 0 4332
778 0 2 1 4159 4162
779 1 4153 0 0 4154
780 3997 0 180 0 4177
781 4235 0 0 0 4235
782 0 0 0 4126 4126
783 1 0 4132 0 4133
784 4097 0 2 3 4102
785 0 0 0 4138 4138
786 4182 2 1 0 4185
787 1 0 4127 0 4128
788 0 2 0 3947 3949
789 4100 6 1 0 4107
790 0 0 4060 0 4060
791 2 4051 0 0 4053
792 0 7 0 4067 4074
793 0 2 0 4202 4204
794 1 0 4109 1 4111
795 0 1 0 3940 3941
796 4053 0 1 0 4054
797 0 0 4061 11 4072
798 29 0 4102 1 4132
799 4076 0 0 1 4077
800 4275 0 0 0 4275
801 4318 0 0 0 4318
802 4303 0 0 0 4303
803 1 0 0 4196 4197
804 4239 0 1 0 4240
805 4278 0 0 0 4278
806 0 0 1 4108 4109
807 0 4103 0 5 4108
808 4328 0 4 1 4333
809 0 0 4284 1 4285
810 4352 0 8 0 4360
811 4432 0 0 0 4432
812 3 0 4403 7 4413
813 4447 0 0 0 4447
814 0 0 1 4360 4361
815 3 4489 0 0 4492
816 4628 0 0 0 4628
817 4645 1 1 0 4647
818 0 0 0 4522 4522
819 4604 10 0 6 4620
820 0 0 4612 0 4612
821 0 7 0 4413 4420
822 5 4638 0 13 4656
823 0 0 4664 0 4664
824 1 4443 0 0 4444
825 0 16 0 4454 4470
826 0 1 0 4579 4580
827 0 4498 0 0 4498
828 4550 0 0 7 4557
829 4554 0 0 0 4554
830 4515 2 1 0 4518
831 2 4445 0 0 4447
832 2 4458 0 0 4460
833 5 4509 0 2 4516
834 4342 5 7 1 4355
835 16 4521 0 0 4537
836 1 2 1 4486 4490
837 9 0 4449 0 4458
838 0 0 4461 0 4461
839 4388 1 0 0 4389
840 1 0 4477 0 4478
841 0 4543 0 1 4544
842 0 0 0 4597 4597
843 4541 0 1 0 4542
844 63 0 4521 0 4584
845 0 4559 0 0 4559
846 0 1 0 4596 4597
847 0 0 4617 0 4617
848 0 0 1 4548 4549
849 4669 0 3 1 4673
850 0 0 4776 0 4776
851 4795 0 0 0 4795
852 4885 0 0 0 4885
853 4882 0 0 0 4882
854 0 0 0 4846 4846
855 0 1 0 4914 4915
856 2 0 4836 0 4838
857 0 4848 0 0 4848
858 4921 0 1 0 4922
859 4942 0 0 0 4942
860 4917 2 1 0 4920
861 1 4934 0 9 4944
862 4980 0 3 0 4983
863 4969 0 0 0 4969
864 321 0 4596 3 4920
865 4872 1 0 0 4873
866 1 4932 2 0 4935
867 0 1 0 4950 4951
868 1 0 4974 0 4975
869 0 0 0 4824 4824
870 3 3 4945 0 4951
871 4925 0 0 0 4925
872 0 0 1 4940 4941
873 4994 0 0 0 4994
874 2 0 4942 0 4944
875 4927 0 0 0 4927
876 0 59 1 4880 4940
877 4949 0 0 0 4949
878 0 5008 0 0 5008
879 0 0 0 5031 5031
880 7 0 5017 0 5024
881 5016 0 0 0 5016
882 4964 0 5 0 4969
883 0 4980 0 0 4980
884 1 5024 0 0 5025
885 0 1 1 5076 5078
886 0 2 1 5094 5097
887 0 2 1 5128 5131
888 5126 0 0 0 5126
889 5086 0 0 1 5087
890 5084 0 0 5 5089
891 6 0 4992 0 4998
892 0 13 0 4840 4853
893 0 4950 0 1 4951
894 5033 0 3 0 5036
895 1 0 0 5029 5030
896 0 0 5019 0 5019
897 0 0 0 4957 4957
898 5 4989 0 2 4996
899 0 0 2 4965 4967
900 1 0 4972 0 4973
901 17 0 4962 0 4979
902 2 4954 0 0 4956
903 5015 0 4 3 5022
904 1 0 4987 0 4988
905 1 4910 0 0 4911
906 0 4976 0 1 4977
907 5011 0 1 0 5012
908 2 0 1 5001 5004
909 5013 0 0 0 5013
910 0 0 5001 0 5001
911 4912 0 1 0 4913
912 11 5009 0 0 5020
913 0 0 5000 0 5000
914 1 0 4943 0 4944
915 4819 0 17 0 4836
916 0 0 4982 0 4982
917 1 0 4997 0 4998
918 0 17 1 4596 4614
919 1 0 4896 0 4897
920 4922 0 0 1 4923
921 0 2 0 4947 4949
922 0 0 4958 0 4958
923 0 2 0 4896 4898
924 4918 0 0 0 4918
925 1 0 4840 0 4841
926 2 4841 0 0 4843
927 0 16 0 4828 4844
928 1 1 0 4896 4898
929 0 0 4912 0 4912
930 0 12 0 4803 4815
931 0 0 4824 0 4824
932 4804 0 1 1 4806
933 3 4827 0 2 4832
934 4797 5 0 1 4803
935 0 1 0 4779 4780
936 4783 0 0 0 4783
937 4772 0 0 0 4772
938 1 0 0 4737 4738
939 4710 0 42 0 4752
940 4738 0 0 0 4738
941 0 0 4646 0 4646
942 4550 0 1 1 4552
943 0 2 4600 0 4602
944 1 4589 0 0 4590
945 0 1 0 4591 4592
946 3 0 4575 0 4578
947 1 4558 0 0 4559
948 4588 0 8 1 4597
949 1 0 8 4499 4508
950 0 1 0 4558 4559
951 4547 0 28 1 4576
952 0 0 4510 0 4510
953 1 0 4485 0 4486
954 4508 0 19 0 4527
955 7 4379 13 40 4439
956 0 0 0 4565 4565
957 4578 1 13 0 4592
958 4569 0 0 0 4569
959 4560 0 2 0 4562
960 277 0 4254 1 4532
961 4498 0 0 0 4498
962 1 0 0 4426 4427
963 0 4448 0 46 4494
964 4469 0 0 0 4469
965 5 0 4460 0 4465
966 4434 0 0 1 4435
967 0 4444 0 0 4444
968 4474 0 0 0 4474
969 4448 0 0 0 4448
970 4423 1 0 0 4424
971 4 0 4393 0 4397
972 4355 0 1 1 4357
973 0 4354 0 0 4354
974 4385 0 0 0 4385
975 4391 0 1 0 4392
976 4378 0 0 0 4378
977 0 0 4297 0 4297
978 4299 0 0 0 4299
979 0 0 0 4220 4220
980 0 0 0 4250 4250
981 0 1 1 4304 4306
982 2 0 4224 9 4235
983 0 0 4240 0 4240
984 4193 1 57 2 4253
985 0 4241 0 0 4241
986 0 1 4223 0 4224
987 6 0 4220 0 4226
988 0 4171 0 0 4171
989 0 1 0 4244 4245
990 0 0 0 4273 4273
991 0 1 4231 0 4232
992 4105 0 4 0 4109
993 0 0 4169 0 4169
994 0 4136 0 18 4154
995 1 5 0 4211 4217
996 4266 0 1 0 4267
997 4261 0 1 0 4262
998 4298 0 0 0 4298
999 4263 0 0 0 4263
1000 4268 0 0 0 4268
1001 31 0 4225 0 4256
1002 4236 0 1 1 4238
1003 4257 0 0 0 4257
1004 0 1 0 4193 4194
1005 4223 0 0 1 4224
1006 0 0 0 4157 4157
1007 0 4132 0 54 4186
1008 4148 0 0 0 4148
1009 0 0 4140 0 4140
1010 0 0 4040 0 4040
1011 3972 0 1 0 3973
1012 4009 7 1 0 4017
1013 0 0 4170 0 4170
1014 4172 0 8 0 4180
1015 0 0 4175 0 4175
1016 9 0 4135 0 4144
1017 4124 3 1 0 4128
1018 5 0 0 4103 4108
1019 0 1 0 4106 4107
1020 0 4100 0 0 4100
1021 4149 0 0 0 4149
1022 4150 0 0 1 4151
1023 4153 0 0 0 4153
1024 4139 0 1 0 4140
1025 4079 0 1 0 4080
1026 0 0 0 4040 4040
1027 3 0 4018 0 4021
1028 3973 0 0 0 3973
1029 0 1 0 3987 3988
1030 1 0 4014 0 4015
1031 3929 0 0 6 3935
1032 3959 0 0 1 3960
1033 6 0 3978 0 3984
1034 3943 0 1 0 3944
1035 3951 0 4 0 3955
1036 3925 0 0 0 3925
1037 0 0 0 3909 3909
1038 3910 1 0 10 3921
1039 1 13 1 3855 3870
1040 1 2 0 3820 3823
1041 3839 0 0 0 3839
1042 3775 0 0 0 3775
1043 0 3 0 3752 3755
1044 3796 6 0 6 3808
1045 0 0 3751 0 3751
1046 0 0 3720 0 3720
1047 0 0 3686 0 3686
1048 3704 0 1 0 3705
1049 3729 0 0 2 3731
1050 0 3743 0 4 3747
1051 1 0 3738 0 3739
1052 1 0 3777 0 3778
1053 3791 0 1 0 3792
1054 3809 0 3 0 3812
1055 0 3769 0 0 3769
1056 3884 0 1 0 3885
1057 3848 0 0 0 3848
1058 1 1 0 3799 3801
1059 3832 0 0 0 3832
1060 0 3849 0 0 3849
1061 3879 0 0 0 3879
1062 5 0 3861 0 3866
1063 3824 0 0 0 3824
1064 3845 0 0 0 3845
1065 1 0 3869 0 3870
1066 3833 0 0 0 3833
1067 0 1 0 3818 3819
1068 0 0 0 3897 3897
1069 2 0 3934 0 3936
1070 1 0 3912 0 3913
1071 3891 0 1 0 3892
1072 3914 0 0 0 3914
1073 0 0 0 3885 3885
1074 3922 0 0 0 3922
1075 0 0 0 3894 3894
1076 0 0 3908 0 3908
1077 0 0 3858 1 3859
1078 1 0 3843 0 3844
1079 3820 0 2 0 3822
1080 0 3798 2 9 3809
1081 12 0 3803 1 3816
1082 1 0 3825 0 3826
1083 0 0 3833 0 3833
1084 1 0 3885 0 3886
1085 3857 0 0 1 3858
1086 3944 0 0 0 3944
1087 0 0 3895 0 3895
1088 3916 0 2 1 3919
1089 4 0 3922 0 3926
1090 0 0 3899 0 3899
1091 3904 0 0 0 3904
1092 5 0 3978 0 3983
1093 0 0 0 3939 3939
1094 0 0 0 3934 3934
1095 3 3892 0 1 3896
1096 3 3935 0 2 3940
1097 3974 0 1 0 3975
1098 0 6 0 3972 3978
1099 1 0 4012 0 4013
1100 1 0 0 3899 3900
1101 3974 0 12 0 3986
1102 3947 0 0 0 3947
1103 13 0 3962 0 3975
1104 3901 0 1 0 3902
1105 0 0 0 3896 3896
1106 0 0 3913 0 3913
1107 0 2 1 3771 3774
1108 1 0 3919 2 3922
1109 0 0 3950 0 3950
1110 0 2 0 3830 3832
1111 1 0 3919 0 3920
1112 3972 0 0 0 3972
1113 3973 0 2 0 3975
1114 0 0 0 3951 3951
1115 0 0 3943 0 3943
1116 1 3916 0 1 3918
1117 3994 0 0 0 3994
1118 3 0 4125 0 4128
1119 61 0 4123 0 4184
1120 0 0 4630 0 4630
1121 2 0 4700 0 4702
1122 4709 0 6 0 4715
1123 4742 0 0 0 4742
1124 0 0 0 4774 4774
1125 4800 0 0 1 4801
1126 0 1 0 4865 4866
1127 0 0 0 4944 4944
1128 4874 0 8 0 4882
1129 4948 0 5 0 4953
1130 4982 0 0 0 4982
1131 4992 0 0 1 4993
1132 4974 0 0 0 4974
1133 4926 0 4 0 4930
1134 3 0 4911 3 4917
1135 4884 0 0 0 4884
1136 8 0 4942 0 4950
1137 1 3 0 4782 4786
1138 4924 0 0 0 4924
1139 4930 0 0 0 4930
1140 4903 0 0 0 4903
1141 4914 1 1 0 4916
1142 0 2 1 4889 4892
1143 0 0 4864 0 4864
1144 4853 0 1 0 4854
1145 4838 0 0 0 4838
1146 4802 0 4 0 4806
1147 0 4871 0 0 4871
1148 1 4 0 4803 4808
1149 16 0 4897 0 4913
1150 1 0 4939 0 4940
1151 4953 0 5 0 4958
1152 4985 0 4 0 4989
1153 4963 0 0 0 4963
1154 5007 0 0 0 5007
1155 4984 0 2 0 4986
1156 0 4996 0 3 4999
1157 0 5 0 4902 4907
1158 4922 0 4 2 4928
1159 2 4925 0 0 4927
1160 0 0 0 4942 4942
1161 18 0 4917 7 4942
1162 4936 0 0 0 4936
1163 0 0 0 4948 4948
1164 4968 0 1 0 4969
1165 4946 0 0 1 4947
1166 4909 0 0 0 4909
1167 0 1 1 4872 4874
1168 0 1 0 4819 4820
1169 0 4858 0 3 4861
1170 4885 0 4 0 4889
1171 2 0 4869 0 4871
1172 0 4836 0 3 4839
1173 0 4821 0 1 4822
1174 4904 1 0 1 4906
1175 4880 0 0 0 4880
1176 4870 0 2 0 4872
1177 4883 0 1 0 4884
1178 4828 0 1 0 4829
1179 11 0 4893 0 4904
1180 0 0 4853 0 4853
1181 4799 9 13 0 4821
1182 0 0 4900 0 4900
1183 9 0 4862 0 4871
1184 4896 0 0 0 4896
1185 0 0 0 4876 4876
1186 4914 0 5 0 4919
1187 1 0 0 4940 4941
1188 2 0 4933 0 4935
1189 4899 1 0 0 4900
1190 0 0 4933 0 4933
1191 4846 0 0 0 4846
1192 0 0 4861 0 4861
1193 4921 0 0 0 4921
1194 0 2 0 4965 4967
1195 0 1 1 5021 5023
1196 0 0 0 5082 5082
1197 5174 0 0 0 5174
1198 4701 396 0 0 5097
1199 0 0 0 5134 5134
1200 5181 0 4 1 5186
1201 5158 0 1 1 5160
1202 0 0 0 5201 5201
1203 0 5302 0 2 5304
1204 1 0 0 5319 5320
1205 0 0 0 5375 5375
1206 5352 0 2 0 5354
1207 0 1 0 5393 5394
1208 0 0 5422 0 5422
1209 0 5313 0 39 5352
1210 5406 1 0 1 5408
1211 2 3 0 5467 5472
1212 0 0 5528 1 5529
1213 1 0 5570 0 5571
1214 0 0 2 5411 5413
1215 5732 0 0 3 5735
1216 2 0 0 5843 5845
1217 0 1 0 5896 5897
1218 0 0 0 5878 5878
1219 0 0 0 5914 5914
1220 3 5886 3 0 5892
1221 0 1 0 5889 5890
1222 0 5890 3 1 5894
1223 5971 0 1 0 5972
1224 5969 2 0 1 5972
1225 0 0 5944 0 5944
1226 5919 0 0 0 5919
1227 1 5957 0 0 5958
1228 5926 0 0 0 5926
1229 8 6016 0 1 6025
1230 0 0 0 6015 6015
1231 6043 0 3 0 6046
1232 12 0 6112 3 6127
1233 1 0 6111 1 6113
1234 6079 0 0 1 6080
1235 0 0 1 6066 6067
1236 5 0 6085 0 6090
1237 0 0 0 6077 6077
1238 2 0 1 6047 6050
1239 2 6017 0 0 6019
1240 3 6059 0 0 6062
1241 6092 0 0 0 6092
1242 6074 0 0 2 6076
1243 1 0 6098 1 6100
1244 0 0 6035 1 6036
1245 3 1 6046 1 6051
1246 3 0 6043 0 6046
1247 0 0 0 5722 5722
1248 0 0 5944 0 5944
1249 6010 0 0 1 6011
1250 0 0 6089 0 6089
1251 6038 1 0 0 6039
1252 1 0 6139 0 6140
1253 2 0 6101 4 6107
1254 6043 1 0 3 6047
1255 0 0 6128 0 6128
1256 6157 0 1 0 6158
1257 6215 0 0 1 6216
1258 6237 0 1 0 6238
1259 1 0 0 6245 6246
1260 6303 0 1 0 6304
1261 6313 0 2 17 6332
1262 6317 0 0 2 6319
1263 0 4 1 6420 6425
1264 0 0 0 6433 6433
1265 0 1 0 6475 6476
1266 0 8 0 6530 6538
1267 0 6565 0 2 6567
1268 0 0 0 6593 6593
1269 2 0 0 6583 6585
1270 6592 1 1 1 6595
1271 6566 1 0 0 6567
1272 0 1 0 6531 6532
1273 1 6585 0 2 6588
1274 5 0 6568 0 6573
1275 6431 0 15 0 6446
1276 2 0 6452 0 6454
1277 0 6365 0 2 6367
1278 5578 0 0 810 6388
1279 0 0 6367 0 6367
1280 6 0 6259 0 6265
1281 0 6247 8 1 6256
1282 1 6249 0 4 6254
1283 6341 0 0 0 6341
1284 6198 0 4 0 6202
1285 1 6329 0 0 6330
1286 0 5 0 6204 6209
1287 0 0 0 6200 6200
1288 1 0 0 6190 6191
1289 0 2 0 6189 6191
1290 6142 0 7 0 6149
1291 0 1 0 5742 5743
1292 1 5716 0 2 5719
1293 0 2 0 5612 5614
1294 0 5626 0 7 5633
1295 0 5634 0 0 5634
1296 5629 0 0 9 5638
1297 5528 16 0 0 5544
1298 0 0 5 5513 5518
1299 0 0 5473 1 5474
1300 0 0 0 5364 5364
1301 5308 0 1 0 5309
1302 0 5415 1 9 5425
1303 1 5341 0 4 5346
1304 5370 0 1 0 5371
1305 5298 3 3 1 5305
1306 0 5317 0 0 5317
1307 0 2 0 5164 5166
1308 1 5206 0 14 5221
1309 7 5275 0 0 5282
1310 5238 0 0 0 5238
1311 5153 0 3 0 5156
1312 0 5205 0 3 5208
1313 0 0 5180 0 5180
1314 5121 0 0 0 5121
1315 0 0 0 5156 5156
1316 5172 0 0 0 5172
1317 0 82 0 5038 5120
1318 0 0 0 5173 5173
1319 0 0 0 5211 5211
1320 0 4 1 5143 5148
1321 2 1 0 5129 5132
1322 0 0 0 5106 5106
1323 1 0 4813 0 4814
1324 4812 0 0 0 4812
1325 4750 0 27 0 4777
1326 0 1 0 4804 4805
1327 4775 0 0 1 4776
1328 12 0 4770 0 4782
1329 4750 0 0 0 4750
1330 4753 0 0 0 4753
1331 12 0 4632 0 4644
1332 10 4533 0 1 4544
1333 4596 0 0 1 4597
1334 4468 0 31 0 4499
1335 0 4422 0 60 4482
1336 0 0 4479 0 4479
1337 4322 0 0 0 4322
1338 0 4459 3 0 4462
1339 0 4476 0 0 4476
1340 0 0 0 4498 4498
1341 0 0 6 4555 4561
1342 0 4 0 4542 4546
1343 0 0 1 4530 4531
1344 0 1 0 4543 4544
1345 0 0 4440 0 4440
1346 4352 0 1 0 4353
1347 0 0 0 4306 4306
1348 0 4361 0 0 4361
1349 4360 0 0 0 4360
1350 4296 0 2 0 4298
1351 0 9 0 4283 4292
1352 1 0 4289 0 4290
1353 13 0 4210 0 4223
1354 0 0 4180 2 4182
1355 0 0 4229 0 4229
1356 16 0 4196 2 4214
1357 0 0 0 3902 3902
1358 4201 0 2 0 4203
1359 0 0 0 4272 4272
1360 0 0 4285 0 4285
1361 4248 0 12 4 4264
1362 0 0 4252 0 4252
1363 1 0 4234 2 4237
1364 4273 0 0 0 4273
1365 4295 0 0 0 4295
1366 1 0 0 4231 4232
1367 0 4180 0 0 4180
1368 4099 0 0 0 4099
1369 0 4298 0 0 4298
1370 0 4286 0 0 4286
1371 0 4203 0 104 4307
1372 4344 0 0 6 4350
1373 4419 1 0 0 4420
1374 4436 0 0 0 4436
1375 0 0 4362 5 4367
1376 0 4326 0 0 4326
1377 4411 0 0 0 4411
1378 4374 0 4 0 4378
1379 1 0 4380 0 4381
1380 0 1 0 4210 4211
1381 1 0 4320 1 4322
1382 4360 0 0 0 4360
1383 4367 0 0 0 4367
1384 0 4344 0 23 4367
1385 0 0 0 4395 4395
1386 4377 0 0 0 4377
1387 34 4319 0 1 4354
1388 4381 0 0 0 4381
1389 0 0 0 4329 4329
1390 0 0 4359 0 4359
1391 0 0 4303 0 4303
1392 0 0 4287 0 4287
1393 4262 0 2 0 4264
1394 0 0 0 4268 4268
1395 4307 0 0 0 4307
1396 4282 0 0 0 4282
1397 4283 0 1 0 4284
1398 0 5 0 4208 4213
1399 0 0 4187 0 4187
1400 4159 0 0 0 4159
1401 4116 0 0 0 4116
1402 0 0 0 4042 4042
1403 0 4088 0 0 4088
1404 4130 0 0 0 4130
1405 4078 0 1 0 4079
1406 0 0 2 4033 4035
1407 0 0 4066 0 4066
1408 4075 0 1 0 4076
1409 4051 0 0 0 4051
1410 0 0 0 3996 3996
1411 1 0 3995 0 3996
1412 0 3971 0 5 3976
1413 4017 0 1 0 4018
1414 0 0 0 4011 4011
1415 2 3995 0 0 3997
1416 0 0 0 4053 4053
1417 0 0 3979 0 3979
1418 3963 0 1 0 3964
1419 2 3936 0 25 3963
1420 0 1 0 3941 3942
1421 3953 0 1 0 3954
1422 0 6 0 3958 3964
1423 3930 0 0 0 3930
1424 10 3934 0 1 3945
1425 3899 0 35 3 3937
1426 0 0 0 3853 3853
1427 0 0 0 3899 3899
1428 49 0 3835 0 3884
1429 3842 0 0 0 3842
1430 3761 2 0 10 3773
1431 3783 0 1 0 3784
1432 9 0 3739 0 3748
1433 0 0 3704 0 3704
1434 0 0 3709 0 3709
1435 3682 0 0 0 3682
1436 0 1 1 3643 3645
1437 0 0 0 3669 3669
1438 0 0 3646 0 3646
1439 0 0 0 3534 3534
1440 3649 0 2 0 3651
1441 0 0 3618 1 3619
1442 0 0 0 3494 3494
1443 4 0 3495 0 3499
1444 3545 0 0 0 3545
1445 0 3534 0 0 3534
1446 3604 0 0 0 3604
1447 3580 1 0 0 3581
1448 0 0 3519 0 3519
1449 3520 0 0 0 3520
1450 3497 0 0 0 3497
1451 3499 0 0 0 3499
1452 0 2 1 3461 3464
1453 14 0 3423 0 3437
1454 0 0 0 3399 3399
1455 3484 1 0 0 3485
1456 3464 0 0 0 3464
1457 0 0 0 3412 3412
1458 0 1 0 3495 3496
1459 0 0 3461 1 3462
1460 3450 0 3 0 3453
1461 0 3464 0 17 3481
1462 0 0 3480 0 3480
1463 3410 0 0 0 3410
1464 0 3315 0 118 3433
1465 0 6 0 3487 3493
1466 0 0 0 3494 3494
1467 0 0 0 3485 3485
1468 3439 0 2 0 3441
1469 0 0 3406 0 3406
1470 0 3330 0 0 3330
1471 0 0 0 3305 3305
1472 0 3330 0 0 3330
1473 20 7 0 3298 3325
1474 3319 0 0 0 3319
1475 49 3256 0 0 3305
1476 0 0 0 3266 3266
1477 0 0 3266 0 3266
1478 3248 0 1 0 3249
1479 3211 0 0 0 3211
1480 3155 1 3 0 3159
1481 0 3140 0 0 3140
1482 3124 0 0 6 3130
1483 6 0 3093 0 3099
1484 3077 0 1 1 3079
1485 3037 0 0 0 3037
1486 3025 0 0 0 3025
1487 3008 0 0 0 3008
1488 2991 0 6 0 2997
1489 4 0 2897 0 2901
1490 0 3 0 2638 2641
1491 2874 0 1 0 2875
1492 0 0 0 2819 2819
1493 4 2844 0 0 2848
1494 0 2865 0 0 2865
1495 2904 0 0 0 2904
1496 0 0 0 2870 2870
1497 2867 0 0 0 2867
1498 2836 0 0 1 2837
1499 1 2826 0 0 2827
1500 2845 0 1 0 2846
1501 2843 0 0 0 2843
1502 2816 0 0 0 2816
1503 2804 0 0 0 2804
1504 2786 0 0 0 2786
1505 2732 1 3 1 2737
1506 0 0 0 2688 2688
1507 0 2750 0 0 2750
1508 0 0 0 2683 2683
1509 0 4 0 2754 2758
1510 2742 0 0 0 2742
1511 0 0 2672 0 2672
1512 13 2606 0 5 2624
1513 0 0 0 2544 2544
1514 0 0 0 2586 2586
1515 2613 0 0 1 2614
1516 2608 0 0 0 2608
1517 0 0 0 2569 2569
1518 2594 0 0 0 2594
1519 2591 0 0 0 2591
1520 2587 0 0 0 2587
1521 2576 0 1 0 2577
1522 2551 0 2 0 2553
1523 0 0 2521 0 2521
1524 4 0 2458 0 2462
1525 2478 0 1 0 2479
1526 0 2499 0 1 2500
1527 0 1 0 2508 2509
1528 0 0 2508 1 2509
1529 0 1 2490 0 2491
1530 2516 0 2 1 2519
1531 0 1 2504 0 2505
1532 2508 1 0 0 2509
1533 2501 0 0 0 2501
1534 2 0 2485 0 2487
1535 0 0 0 2407 2407
1536 2 2467 0 0 2469
1537 2511 0 1 0 2512
1538 0 0 0 2503 2503
1539 2493 0 1 1 2495
1540 2482 0 0 0 2482
1541 0 1 0 2484 2485
1542 0 0 2443 0 2443
1543 0 0 2389 4 2393
1544 0 0 2380 0 2380
1545 2405 0 6 0 2411
1546 1 0 2438 0 2439
1547 0 2427 0 1 2428
1548 0 2 0 2451 2453
1549 2475 0 0 0 2475
1550 2472 0 0 0 2472
1551 0 2 1 2455 2458
1552 2 0 2428 0 2430
1553 2430 0 0 0 2430
1554 1 2445 3 2 2451
1555 1 0 2428 0 2429
1556 0 0 0 2374 2374
1557 4 1 2397 0 2402
1558 2415 1 0 0 2416
1559 4 0 2466 0 2470
1560 0 0 0 2357 2357
1561 0 0 2465 0 2465
1562 2510 0 0 0 2510
1563 2544 0 0 0 2544
1564 0 0 1 2546 2547
1565 0 3 0 2574 2577
1566 2597 1 0 0 2598
1567 0 1 2569 1 2571
1568 2585 0 0 0 2585
1569 2579 0 0 0 2579
1570 9 0 0 2559 2568
1571 0 2572 0 0 2572
1572 2549 0 1 0 2550
1573 0 2567 0 0 2567
1574 2585 0 0 1 2586
1575 2557 0 5 0 2562
1576 0 0 2550 0 2550
1577 1 2533 0 0 2534
1578 2525 1 30 0 2556
1579 0 2569 0 0 2569
1580 2576 0 0 0 2576
1581 0 0 2602 1 2603
1582 0 2637 0 0 2637
1583 0 0 0 2664 2664
1584 2 0 2674 1 2677
1585 2636 0 1 0 2637
1586 0 0 0 2672 2672
1587 0 0 2668 0 2668
1588 2652 0 0 0 2652
1589 0 2 0 2657 2659
1590 2668 0 1 0 2669
1591 2643 0 0 0 2643
1592 0 2651 0 1 2652
1593 2643 0 0 0 2643
1594 0 0 1 2612 2613
1595 2618 0 0 0 2618
1596 0 5 1 2607 2613
1597 0 0 2619 1 2620
1598 2608 0 0 0 2608
1599 1 1 0 2585 2587
1600 2591 0 0 0 2591
1601 1 2586 0 1 2588
1602 2544 0 0 0 2544
1603 0 2564 0 0 2564
1604 0 2656 0 0 2656
1605 0 14 1 2663 2678
1606 2695 0 2 0 2697
1607 2665 0 0 0 2665
1608 2649 0 0 0 2649
1609 2638 1 0 0 2639
1610 0 0 2 2664 2666
1611 0 0 2675 0 2675
1612 4 2 0 2557 2563
1613 0 0 2718 0 2718
1614 3 0 2704 0 2707
1615 0 0 2705 0 2705
1616 2687 0 3 1 2691
1617 2718 0 0 0 2718
1618 2765 0 0 0 2765
1619 0 0 1 2768 2769
1620 1 0 2761 4 2766
1621 2 0 2958 2 2962
1622 0 0 3121 0 3121
1623 3178 0 0 0 3178
1624 3149 1 0 0 3150
1625 0 3198 0 2 3200
1626 3260 0 1 0 3261
1627 3221 0 2 0 3223
1628 0 3224 0 0 3224
1629 0 3324 0 1 3325
1630 3484 0 0 0 3484
1631 3508 0 0 0 3508
1632 3487 0 20 0 3507
1633 0 0 3480 0 3480
1634 3475 0 1 0 3476
1635 3493 0 0 1 3494
1636 4 3548 0 8 3560
1637 1 0 3 3532 3536
1638 10 0 3530 1 3541
1639 0 0 3559 1 3560
1640 0 1 0 3446 3447
1641 2 0 3551 1 3554
1642 0 3615 0 0 3615
1643 3761 0 0 0 3761
1644 3774 0 0 0 3774
1645 3803 1 0 0 3804
1646 3738 0 0 0 3738
1647 0 3765 0 0 3765
1648 3643 0 0 0 3643
1649 0 3710 0 0 3710
1650 0 6 0 3699 3705
1651 0 1 0 3739 3740
1652 3770 0 0 0 3770
1653 1 5 0 3739 3745
1654 0 3781 0 1 3782
1655 3791 0 0 0 3791
1656 3766 1 0 1 3768
1657 0 0 1 3766 3767
1658 0 0 3760 0 3760
1659 0 0 3689 2 3691
1660 4 1 3676 1 3682
1661 0 0 1 3521 3522
1662 2 0 3686 1 3689
1663 34 3782 0 0 3816
1664 10 0 0 3891 3901
1665 3936 0 0 0 3936
1666 3987 0 5 0 3992
1667 4039 0 1 0 4040
1668 4038 0 0 0 4038
1669 4023 0 0 0 4023
1670 3988 0 0 0 3988
1671 0 4080 0 5 4085
1672 0 10 1 4002 4013
1673 0 0 0 4064 4064
1674 5 0 4058 0 4063
1675 0 0 4153 0 4153
1676 1 1 0 4080 4082
1677 22 0 4157 0 4179
1678 4205 4 0 1 4210
1679 0 4245 0 6 4251
1680 4243 0 1 0 4244
1681 5 4321 0 10 4336
1682 0 0 1 4436 4437
1683 1561 0 2894 3 4458
1684 4440 0 0 0 4440
1685 4463 0 0 0 4463
1686 27 0 4419 0 4446
1687 0 0 4405 0 4405
1688 0 4548 0 3 4551
1689 0 2 0 4563 4565
1690 0 4612 0 0 4612
1691 4620 0 12 0 4632
1692 0 0 4733 0 4733
1693 0 0 0 4635 4635
1694 0 0 0 4695 4695
1695 0 8 3 4690 4701
1696 0 4681 0 0 4681
1697 0 1 0 4730 4731
1698 0 1 1 4719 4721
1699 1 4729 0 2 4732
1700 0 2 0 4763 4765
1701 4722 0 2 0 4724
1702 1 0 4791 0 4792
1703 1 0 4818 0 4819
1704 4781 0 11 1 4793
1705 4877 0 0 0 4877
1706 4893 0 0 0 4893
1707 4870 2 3 0 4875
1708 11 0 4901 0 4912
1709 4878 0 0 1 4879
1710 10 0 4976 0 4986
1711 0 0 4953 0 4953
1712 5028 0 0 0 5028
1713 4 5019 0 7 5030
1714 5067 0 1 0 5068
1715 0 0 0 5068 5068
1716 1 0 5094 0 5095
1717 0 0 0 5060 5060
1718 0 0 0 5058 5058
1719 1 5046 0 4 5051
1720 0 5070 0 0 5070
1721 5056 0 0 1 5057
1722 5028 0 0 0 5028
1723 0 10 0 5107 5117
1724 0 0 5125 0 5125
1725 0 0 5091 0 5091
1726 1 0 5098 0 5099
1727 5080 0 11 0 5091
1728 0 0 0 5165 5165
1729 0 0 5176 0 5176
1730 0 5178 0 3 5181
1731 5288 0 0 11 5299
1732 0 0 2 5298 5300
1733 0 1 2 5321 5324
1734 0 2 1 5330 5333
1735 1 0 5342 1 5344
1736 5289 0 0 0 5289
1737 5341 0 0 1 5342
1738 1 0 5406 0 5407
1739 0 5370 0 1 5371
1740 5577 2 0 0 5579
1741 0 3 0 5659 5662
1742 0 0 0 5737 5737
1743 1 12 0 5756 5769
1744 0 0 5736 0 5736
1745 5672 0 0 1 5673
1746 16 0 5687 0 5703
1747 5643 0 0 0 5643
1748 9 0 5680 0 5689
1749 0 5698 0 14 5712
1750 5808 1 6 0 5815
1751 0 11 0 5833 5844
1752 5877 0 0 0 5877
1753 5814 0 1 0 5815
1754 0 0 0 5804 5804
1755 0 60 0 5725 5785
1756 3 5771 0 1 5775
1757 2 5837 0 0 5839
1758 0 0 0 5806 5806
1759 0 5912 0 4 5916
1760 5949 0 5 0 5954
1761 38 0 5939 0 5977
1762 5955 0 0 0 5955
1763 5999 0 0 0 5999
1764 5986 0 0 0 5986
1765 5952 0 6 0 5958
1766 0 0 0 5979 5979
1767 0 6 5937 0 5943
1768 0 0 5896 0 5896
1769 0 5829 0 8 5837
1770 2 1 1 5881 5885
1771 2 1 5910 0 5913
1772 0 0 5887 0 5887
1773 0 0 0 5810 5810
1774 0 5864 0 2 5866
1775 5860 0 1 2 5863
1776 2 0 5881 0 5883
1777 0 0 0 5843 5843
1778 5909 0 0 1 5910
1779 0 5909 0 3 5912
1780 5919 0 0 0 5919
1781 1 0 5987 0 5988
1782 0 0 0 5955 5955
1783 2 0 6005 0 6007
1784 0 0 6030 0 6030
1785 5848 0 7 1 5856
1786 1 11 1 5887 5900
1787 0 11 0 6033 6044
1788 0 1 0 6073 6074
1789 5 0 6031 0 6036
1790 0 6063 0 10 6073
1791 6172 0 0 0 6172
1792 6145 0 1 0 6146
1793 0 0 6106 0 6106
1794 6062 0 0 0 6062
1795 0 0 6073 0 6073
1796 0 6059 0 2 6061
1797 6166 1 0 0 6167
1798 0 0 6085 0 6085
1799 0 0 0 6029 6029
1800 2 4 6077 0 6083
1801 3 6039 0 1 6043
1802 1 0 0 6090 6091
1803 0 6119 0 1 6120
1804 6130 0 0 0 6130
1805 6126 0 0 0 6126
1806 6109 0 21 1 6131
1807 0 6131 0 0 6131
1808 6176 0 1 0 6177
1809 6147 0 1 0 6148
1810 6115 1 0 0 6116
1811 0 0 0 6136 6136
1812 2 0 6102 6 6110
1813 6088 0 4 0 6092
1814 0 1 6081 0 6082
1815 6087 0 1 0 6088
1816 1 0 6083 0 6084
1817 6000 0 0 0 6000
1818 1 5987 2 0 5990
1819 0 6019 0 2 6021
1820 6043 0 1 14 6058
1821 20 0 6077 0 6097
1822 1 0 6089 0 6090
1823 5970 0 0 0 5970
1824 3 0 6091 0 6094
1825 6 0 6092 0 6098
1826 0 42 1 5483 5526
1827 0 39 0 5931 5970
1828 6046 0 3 11 6060
1829 0 0 0 6373 6373
1830 1 0 6325 0 6326
1831 6344 0 0 2 6346
1832 6379 0 6 0 6385
1833 6420 0 0 0 6420
1834 6389 0 1 0 6390
1835 0 6437 0 0 6437
1836 4 0 0 6405 6409
1837 1 0 6358 0 6359
1838 6380 0 10 1 6391
1839 11 6423 0 1 6435
1840 1 6397 0 2 6400
1841 6376 0 1 0 6377
1842 0 0 6429 0 6429
1843 0 1 0 6274 6275
1844 0 0 0 6384 6384
1845 0 6324 0 6 6330
1846 6353 0 0 0 6353
1847 0 0 0 6393 6393
1848 6358 0 5 0 6363
1849 6304 0 1 1 6306
1850 6272 10 7 5 6294
1851 22 0 6297 0 6319
1852 0 0 0 5948 5948
1853 0 1 0 6214 6215
1854 2 0 6196 1 6199
1855 0 6174 0 2 6176
1856 0 1 0 6222 6223
1857 13 0 6147 0 6160
1858 1 6077 0 1 6079
1859 0 6155 0 1 6156
1860 0 13 0 6228 6241
1861 0 13 0 6326 6339
1862 0 0 0 6279 6279
1863 0 10 0 6282 6292
1864 0 0 0 6299 6299
1865 0 0 6154 0 6154
1866 0 1 2 6032 6035
1867 0 2 0 6061 6063
1868 0 6 0 6113 6119
1869 0 6095 0 1 6096
1870 1 0 0 6051 6052
1871 5 5989 0 2 5996
1872 5931 0 1 1 5933
1873 0 5955 0 2 5957
1874 0 5938 1 1 5940
1875 5850 1 0 0 5851
1876 0 5957 0 0 5957
1877 2 6000 0 2 6004
1878 5988 5 0 0 5993
1879 5948 0 0 0 5948
1880 5939 0 0 0 5939
1881 5947 0 7 0 5954
1882 0 1 0 5880 5881
1883 0 0 0 5918 5918
1884 5923 0 0 1 5924
1885 5892 0 1 0 5893
1886 1 0 5867 0 5868
1887 47 0 5750 0 5797
1888 5670 0 0 0 5670
1889 1 0 5724 1 5726
1890 8 5703 0 0 5711
1891 5753 0 1 0 5754
1892 5690 0 0 0 5690
1893 0 0 2 5696 5698
1894 2 0 5720 4 5726
1895 0 0 5730 0 5730
1896 2 3 5712 0 5717
1897 0 0 5689 0 5689
1898 5636 0 0 0 5636
1899 4 0 5636 2 5642
1900 2 5543 0 1 5546
1901 0 5557 0 3 5560
1902 0 0 0 5594 5594
1903 0 0 0 5673 5673
1904 5545 0 0 1 5546
1905 0 7 0 5515 5522
1906 0 5517 0 1 5518
1907 5487 0 1 0 5488
1908 5460 0 0 0 5460
1909 0 4 0 5474 5478
1910 1 3 0 5522 5526
1911 1 5486 0 0 5487
1912 0 0 0 5491 5491
1913 0 0 0 5484 5484
1914 5432 0 0 1 5433
1915 5360 0 0 0 5360
1916 5274 0 0 0 5274
1917 5204 1 46 0 5251
1918 17 5339 1 0 5357
1919 0 1 1 5317 5319
1920 0 0 0 5394 5394
1921 16 0 5345 0 5361
1922 0 0 0 5223 5223
1923 5306 0 4 0 5310
1924 0 2 0 5319 5321
1925 0 0 1 5359 5360
1926 5 0 5259 0 5264
1927 5213 0 0 0 5213
1928 5258 0 0 0 5258
1929 5233 0 1 0 5234
1930 0 0 5171 1 5172
1931 0 1 5170 0 5171
1932 5040 0 6 0 5046
1933 6 0 5070 0 5076
1934 0 0 4995 0 4995
1935 4976 0 1 0 4977
1936 0 0 4892 0 4892
1937 1 1 4877 0 4879
1938 144 0 4714 0 4858
1939 3 0 5193 0 5196
1940 5373 0 0 0 5373
1941 5381 0 3 0 5384
1942 5350 0 0 0 5350
1943 5396 0 0 1 5397
1944 0 29 0 5312 5341
1945 0 0 0 5342 5342
1946 0 1 0 5351 5352
1947 0 5315 0 29 5344
1948 5300 0 0 2 5302
1949 1 0 0 5196 5197
1950 13 5211 0 13 5237
1951 0 0 5219 2 5221
1952 5093 1 0 0 5094
1953 5120 0 0 0 5120
1954 0 0 5138 0 5138
1955 0 1 0 5045 5046
1956 5121 0 1 0 5122
1957 5107 0 1 0 5108
1958 0 0 5076 0 5076
1959 0 0 5054 0 5054
1960 5029 0 0 0 5029
1961 5039 0 1 0 5040
1962 5052 0 0 0 5052
1963 0 0 5051 0 5051
1964 0 0 4960 1 4961
1965 3 0 4996 0 4999
1966 2 0 0 4802 4804
1967 0 4893 0 0 4893
1968 0 8 0 4885 4893
1969 2 4906 0 0 4908
1970 0 4983 0 0 4983
1971 1 0 0 4938 4939
1972 2 4930 2 6 4940
1973 4 0 0 4949 4953
1974 4898 0 27 1 4926
1975 0 0 0 4937 4937
1976 0 0 0 4900 4900
1977 0 0 0 4837 4837
1978 0 6 1 4754 4761
1979 0 4744 0 21 4765
1980 0 4782 1 0 4783
1981 1 0 0 4521 4522
1982 4501 0 0 1 4502
1983 0 2 0 4511 4513
1984 4502 0 0 0 4502
1985 4471 0 0 0 4471
1986 0 1 0 4370 4371
1987 1 4324 0 2 4327
1988 1 4301 0 0 4302
1989 4287 0 0 0 4287
1990 0 4268 0 0 4268
1991 4271 0 0 1 4272
1992 4198 0 1 0 4199
1993 4125 0 0 0 4125
1994 0 4160 0 1 4161
1995 4177 0 2 0 4179
1996 0 12 4062 0 4074
1997 4065 0 0 0 4065
1998 4054 0 0 0 4054
1999 3 0 3966 1 3970
2000 1 0 0 3853 3854
2001 0 3907 0 0 3907
2002 20 3900 0 8 3928
2003 0 0 0 3933 3933
2004 3971 1 1 0 3973
2005 3897 0 4 0 3901
2006 0 3872 0 0 3872
2007 0 41 0 3829 3870
2008 3864 1 0 0 3865
2009 0 2 0 3823 3825
2010 3840 0 0 0 3840
2011 0 0 0 3768 3768
2012 4 0 3748 1 3753
2013 0 3722 0 37 3759
2014 1 1 3772 0 3774
2015 1 1 3770 0 3772
2016 0 3795 0 0 3795
2017 3781 0 4 0 3785
2018 0 0 3832 2 3834
2019 3797 0 4 0 3801
2020 3848 0 2 0 3850
2021 0 0 0 3863 3863
2022 1 0 3839 1 3841
2023 3808 0 1 0 3809
2024 1 0 0 3851 3852
2025 0 0 3843 0 3843
2026 0 1 0 3788 3789
2027 1 3746 0 7 3754
2028 3783 0 21 0 3804
2029 0 2 0 3809 3811
2030 0 0 0 3824 3824
2031 3745 0 22 1 3768
2032 3741 0 0 1 3742
2033 3736 0 0 0 3736
2034 3746 0 0 0 3746
2035 4 0 3711 1 3716
2036 0 1 3943 0 3944
2037 15 0 3913 0 3928
2038 3926 0 2 0 3928
2039 3968 0 0 0 3968
2040 3972 0 0 0 3972
2041 3956 0 1 0 3957
2042 2 0 0 3910 3912
2043 0 0 0 3973 3973
2044 8 0 3936 0 3944
2045 3860 0 0 0 3860
2046 3890 1 1 0 3892
2047 0 0 3892 0 3892
2048 3837 0 1 0 3838
2049 0 1 0 3835 3836
2050 1 0 3859 0 3860
2051 3831 0 0 0 3831
2052 3819 0 2 0 3821
2053 0 0 3775 0 3775
2054 3760 0 1 1 3762
2055 3724 0 0 0 3724
2056 3736 0 0 8 3744
2057 5 0 3684 0 3689
2058 12 0 3618 0 3630
2059 3593 0 5 11 3609
2060 3648 0 1 0 3649
2061 0 0 0 3553 3553
2062 3571 0 0 0 3571
2063 2 0 3530 0 3532
2064 3534 0 0 0 3534
2065 1 0 0 3421 3422
2066 0 3463 0 22 3485
2067 3466 0 0 0 3466
2068 3437 0 0 1 3438
2069 0 0 0 3561 3561
2070 0 0 3537 0 3537
2071 0 0 3484 0 3484
2072 0 0 3454 2 3456
2073 0 0 3461 0 3461
2074 3484 0 0 0 3484
2075 3439 0 0 0 3439
2076 1 1 0 3457 3459
2077 1 0 3428 0 3429
2078 0 3400 0 5 3405
2079 3404 0 0 0 3404
2080 2 0 3415 0 3417
2081 0 0 0 3305 3305
2082 3364 0 2 1 3367
2083 0 0 0 3340 3340
2084 0 0 0 3351 3351
2085 3308 0 38 0 3346
2086 1 0 3299 0 3300
2087 0 3272 0 0 3272
2088 3240 0 0 0 3240
2089 0 0 3205 0 3205
2090 2 0 3184 1 3187
2091 4 3154 0 19 3177
2092 0 0 0 3173 3173
2093 0 0 0 3136 3136
2094 0 1 0 3122 3123
2095 1 3158 0 1 3160
2096 0 1 0 3079 3080
2097 0 3017 0 81 3098
2098 0 0 3066 0 3066
2099 0 0 0 3072 3072
2100 0 1 0 3080 3081
2101 3057 0 0 0 3057
2102 0 0 3011 0 3011
2103 0 0 0 2939 2939
2104 0 0 2965 0 2965
2105 0 1 2950 0 2951
2106 1 2964 0 0 2965
2107 2975 0 0 0 2975
2108 2967 1 0 0 2968
2109 0 0 2971 1 2972
2110 0 0 0 2871 2871
2111 2948 1 0 1 2950
2112 0 0 0 2929 2929
2113 0 0 2914 0 2914
2114 2876 0 0 0 2876
2115 15 2854 0 7 2876
2116 0 2863 0 0 2863
2117 0 2873 0 0 2873
2118 2905 0 0 0 2905
2119 2 0 2937 0 2939
2120 2871 1 0 0 2872
2121 0 2 0 2852 2854
2122 6 2887 0 0 2893
2123 0 0 0 2820 2820
2124 0 0 0 2881 2881
2125 0 0 2885 1 2886
2126 0 0 2842 1 2843
2127 2789 0 1 0 2790
2128 0 0 2807 0 2807
2129 2795 0 0 0 2795
2130 0 0 0 2734 2734
2131 0 0 0 2721 2721
2132 0 0 4 2697 2701
2133 0 2688 0 3 2691
2134 2677 1 1 0 2679
2135 2657 1 4 0 2662
2136 2627 0 0 0 2627
2137 2574 3 0 0 2577
2138 0 2582 0 0 2582
2139 0 8 0 2555 2563
2140 2562 0 0 0 2562
2141 0 0 0 2558 2558
2142 0 0 0 2527 2527
2143 4 0 2503 1 2508
2144 2491 0 1 0 2492
2145 2518 0 0 0 2518
2146 0 0 2465 0 2465
2147 2442 0 0 0 2442
2148 2406 0 0 1 2407
2149 0 2432 0 0 2432
2150 1 0 0 2401 2402
2151 1 0 0 2417 2418
2152 1 0 2378 0 2379
2153 2348 0 12 0 2360
2154 2345 0 0 0 2345
2155 2336 0 0 0 2336
2156 2310 0 4 0 2314
2157 5 0 2257 0 2262
2158 8 2235 0 0 2243
2159 0 1 0 3689 3690
2160 6 0 3563 0 3569
2161 3550 0 0 0 3550
2162 3547 0 1 0 3548
2163 3475 0 0 0 3475
2164 5 3467 0 0 3472
2165 2 3433 0 0 3435
2166 3442 0 1 0 3443
2167 4 0 3361 0 3365
2168 123 0 3175 0 3298
2169 16 0 3255 0 3271
2170 0 0 3284 13 3297
2171 3314 0 0 0 3314
2172 3327 0 0 0 3327
2173 3333 0 5 0 3338
2174 2770 0 565 0 3335
2175 51 0 3213 0 3264
2176 11 0 3237 0 3248
2177 3 3272 0 0 3275
2178 3345 0 0 0 3345
2179 3330 0 5 0 3335
2180 3263 0 11 0 3274
2181 1 3299 0 0 3300
2182 3338 0 2 0 3340
2183 0 0 0 3230 3230
2184 2 3231 0 7 3240
2185 0 0 0 3224 3224
2186 0 0 0 3228 3228
2187 0 0 3237 0 3237
2188 0 3194 0 2 3196
2189 1 6 5 3158 3170
2190 0 0 0 3158 3158
2191 0 0 0 3172 3172
2192 3150 0 9 0 3159
2193 0 0 0 3107 3107
2194 1 3098 0 3 3102
2195 3127 0 0 0 3127
2196 3080 0 6 0 3086
2197 41 0 3036 0 3077
2198 0 0 3049 0 3049
2199 1511 1 1 0 1513
2200 1486 1 0 0 1487
2201 1459 0 0 0 1459
2202 1419 0 0 0 1419
2203 4 1412 0 0 1416
2204 0 1394 1 1 1396
2205 1415 0 0 0 1415
2206 2 0 1392 4 1398
2207 0 0 0 1378 1378
2208 2 0 0 1384 1386
2209 1397 1 3 0 1401
2210 1378 0 0 0 1378
2211 1367 0 12 0 1379
2212 38 0 1323 0 1361
2213 3 0 6 1286 1295
2214 2931 0 1 0 2932
2215 8 0 2921 0 2929
2216 0 0 0 2847 2847
2217 0 0 2951 0 2951
2218 2932 0 0 0 2932
2219 2965 0 5 0 2970
2220 2929 0 4 0 2933
2221 2902 0 12 0 2914
2222 0 0 2928 0 2928
2223 98 0 2783 12 2893
2224 2916 0 0 1 2917
2225 2951 0 0 0 2951
2226 2917 0 3 0 2920
2227 2920 0 3 1 2924
2228 3 0 2929 0 2932
2229 0 0 2915 4 2919
2230 0 0 0 2646 2646
2231 2849 0 10 0 2859
2232 0 0 0 2861 2861
2233 2891 0 19 1 2911
2234 8 0 2892 0 2900
2235 3 0 1 2815 2819
2236 0 0 2848 0 2848
2237 1 2825 0 0 2826
2238 0 1 1 2841 2843
2239 0 0 0 2841 2841
2240 0 0 2 2881 2883
2241 0 0 2854 0 2854
2242 0 0 1 2805 2806
2243 0 2803 0 0 2803
2244 1 2834 0 6 2841
2245 1161 0 1678 0 2839
2246 2807 0 0 0 2807
2247 0 0 0 2814 2814
2248 2 0 2802 0 2804
2249 2796 0 0 0 2796
2250 1 2820 0 0 2821
2251 2823 0 0 0 2823
2252 0 0 0 2804 2804
2253 0 53 1 2734 2788
2254 0 27 1 2787 2815
2255 0 2790 0 1 2791
2256 2736 0 49 1 2786
2257 0 2787 0 2 2789
2258 2784 0 2 0 2786
2259 2591 0 161 0 2752
2260 253 0 2476 3 2732
2261 9 0 2710 0 2719
2262 2725 0 0 0 2725
2263 2762 0 0 0 2762
2264 0 6 1 2742 2749
2265 0 16 26 2707 2749
2266 2700 0 48 1 2749
2267 2682 0 54 0 2736
2268 17 0 2675 0 2692
2269 2594 0 52 0 2646
2270 5 0 2623 0 2628
2271 2631 0 0 0 2631
2272 0 2560 0 28 2588
2273 2620 0 0 0 2620
2274 2612 0 0 0 2612
2275 2576 0 8 0 2584
2276 3 0 2426 0 2429
2277 2433 0 0 0 2433
2278 2363 0 35 0 2398
2279 0 0 0 2384 2384
2280 6 0 2330 19 2355
2281 2300 0 23 0 2323
2282 0 2325 0 1 2326
2283 2306 0 5 0 2311
2284 0 0 2309 3 2312
2285 6 0 0 2269 2275
2286 1 0 0 2261 2262
2287 22 0 2233 0 2255
2288 2144 0 78 0 2222
2289 0 0 2226 0 2226
2290 0 1 0 2095 2096
2291 3 2095 0 1 2099
2292 2 562 0 1557 2121
2293 2104 0 0 0 2104
2294 0 0 0 2090 2090
2295 0 0 2104 0 2104
2296 0 0 2086 0 2086
2297 0 0 2085 0 2085
2298 0 0 2057 0 2057
2299 0 6 1 1980 1987
2300 0 0 2030 0 2030
2301 0 1 2024 0 2025
2302 95 0 1893 3 1991
2303 3 1940 0 1 1944
2304 0 1981 0 0 1981
2305 0 0 0 2014 2014
2306 0 0 0 2035 2035
2307 0 0 2047 0 2047
2308 1979 0 1 0 1980
2309 0 0 1961 0 1961
2310 0 1875 0 0 1875
2311 0 0 0 1894 1894
2312 1896 0 0 0 1896
2313 1867 0 0 0 1867
2314 3 0 0 80 83
