0 0 0 0 0 0
1 557 0 0 0 557
2 0 0 0 601 601
3 0 0 602 0 602
4 600 0 0 0 600
5 0 613 0 0 613
6 647 0 0 0 647
7 0 0 0 640 640
8 0 0 0 651 651
9 652 0 0 0 652
10 0 0 689 0 689
11 0 792 0 0 792
12 0 811 0 0 811
13 814 0 0 0 814
14 809 0 0 0 809
15 798 0 0 0 798
16 802 0 0 0 802
17 0 0 0 826 826
18 0 0 0 823 823
19 0 0 820 0 820
20 812 0 0 0 812
21 810 0 0 0 810
22 0 1 0 827 828
23 0 0 0 823 823
24 0 0 830 0 830
25 0 0 0 827 827
26 0 0 0 832 832
27 874 0 1 0 875
28 870 0 0 0 870
29 865 0 0 0 865
30 859 0 0 0 859
31 0 870 0 1 871
32 863 0 0 0 863
33 860 0 0 0 860
34 0 867 0 0 867
35 0 0 0 855 855
36 0 0 853 0 853
37 0 849 0 1 850
38 0 0 1 861 862
39 856 0 0 0 856
40 851 0 0 0 851
41 0 0 912 0 912
42 0 0 994 0 994
43 0 1 999 0 1000
44 995 0 0 0 995
45 0 1008 0 1 1009
46 1018 0 0 1 1019
47 1014 0 0 0 1014
48 0 0 0 1017 1017
49 0 0 1001 0 1001
50 1000 0 0 0 1000
51 0 0 1024 0 1024
52 0 0 1028 0 1028
53 0 1071 0 0 1071
54 0 1107 0 0 1107
55 1110 0 0 0 1110
56 1108 0 0 0 1108
57 1114 0 0 0 1114
58 1139 0 0 0 1139
59 0 1138 0 1 1139
60 1136 0 0 11 1147
61 0 0 1138 0 1138
62 0 1 0 1198 1199
63 0 0 0 1215 1215
64 0 20 0 1203 1223
65 0 0 0 1219 1219
66 1 0 1200 0 1201
67 1178 0 9 0 1187
68 1202 0 0 0 1202
69 0 0 1199 0 1199
70 0 1197 0 0 1197
71 1216 0 0 0 1216
72 1214 0 0 0 1214
73 1208 0 0 1 1209
74 0 1221 0 0 1221
75 1218 0 0 0 1218
76 1208 0 0 0 1208
77 0 1214 0 0 1214
78 1207 0 0 0 1207
79 0 0 1206 0 1206
80 0 0 0 1195 1195
81 1204 0 0 0 1204
82 0 0 1325 0 1325
83 1217 0 128 0 1345
84 0 1344 0 0 1344
85 0 1363 0 0 1363
86 1370 0 0 0 1370
87 1347 0 0 0 1347
88 0 0 0 1366 1366
89 1367 0 0 0 1367
90 0 0 0 1367 1367
91 1361 0 0 0 1361
92 1376 0 0 0 1376
93 0 1370 0 0 1370
94 1370 0 0 0 1370
95 0 0 0 1361 1361
96 1348 0 1 0 1349
97 1353 0 0 0 1353
98 1 0 0 1371 1372
99 1374 0 0 1 1375
100 1400 0 0 0 1400
101 0 0 1687 0 1687
102 1715 0 0 0 1715
103 1698 0 0 0 1698
104 1713 0 0 0 1713
105 1821 0 0 0 1821
106 0 0 0 1811 1811
107 0 0 0 1834 1834
108 0 1821 0 1 1822
109 1814 0 0 0 1814
110 1817 0 0 0 1817
111 0 0 0 1821 1821
112 1816 0 0 0 1816
113 0 1847 0 1 1848
114 1850 0 0 0 1850
115 0 26 0 1807 1833
116 0 1841 0 0 1841
117 1842 0 0 0 1842
118 1832 0 1 0 1833
119 0 0 1847 0 1847
120 0 0 1835 0 1835
121 1822 0 0 0 1822
122 0 0 0 1838 1838
123 0 0 0 1847 1847
124 1 0 1848 0 1849
125 1819 0 0 0 1819
126 1837 0 0 0 1837
127 1842 0 0 0 1842
128 1844 0 0 0 1844
129 43 0 1863 1 1907
130 1921 0 0 0 1921
131 1914 0 0 1 1915
132 0 0 0 1917 1917
133 0 1903 0 0 1903
134 0 1918 0 0 1918
135 0 0 0 1934 1934
136 0 0 0 1922 1922
137 0 1917 0 0 1917
138 1925 0 0 0 1925
139 0 1921 0 0 1921
140 0 0 0 1929 1929
141 1925 1 0 0 1926
142 1908 0 0 0 1908
143 0 0 1959 0 1959
144 0 0 1946 0 1946
145 2002 0 0 0 2002
146 0 0 0 2043 2043
147 0 0 2065 0 2065
148 2060 0 0 0 2060
149 2065 0 1 0 2066
150 0 0 1965 0 1965
151 0 1 0 1956 1957
152 0 0 1934 0 1934
153 0 0 1892 0 1892
154 0 1 1892 0 1893
155 27 1941 0 0 1968
156 0 1999 0 0 1999
157 2049 0 20 0 2069
158 0 0 0 2071 2071
159 0 0 2054 1 2055
160 0 0 0 2076 2076
161 0 0 2061 0 2061
162 0 0 0 2083 2083
163 0 1 0 2124 2125
164 0 2256 0 0 2256
165 0 21 0 2285 2306
166 2319 0 0 0 2319
167 2324 1 0 0 2325
168 0 2431 0 0 2431
169 0 1 0 2773 2774
170 0 3 0 2839 2842
171 0 1 0 2862 2863
172 0 2865 0 13 2878
173 0 2841 0 0 2841
174 0 3315 2 0 3317
175 0 0 0 3304 3304
176 1 0 0 3307 3308
177 0 0 3276 0 3276
178 1 0 3245 0 3246
179 1 3354 0 1 3356
180 0 1 0 3327 3328
181 0 3405 0 0 3405
182 0 0 0 3389 3389
183 3389 0 2 0 3391
184 3388 0 0 0 3388
185 0 3377 0 1 3378
186 0 3420 0 1 3421
187 3473 0 0 0 3473
188 3493 0 0 0 3493
189 0 0 3491 0 3491
190 0 0 3447 0 3447
191 2 0 3444 0 3446
192 0 3540 0 0 3540
193 1 0 3505 0 3506
194 3451 1 1 0 3453
195 0 0 0 3475 3475
196 3544 0 0 0 3544
197 0 0 0 3609 3609
198 2 0 3569 0 3571
199 0 0 3575 0 3575
200 0 3618 0 29 3647
201 3667 0 0 0 3667
202 3796 1 0 0 3797
203 3819 0 0 0 3819
204 0 3801 0 0 3801
205 3827 0 0 0 3827
206 0 0 3789 0 3789
207 3840 0 0 0 3840
208 3817 1 0 0 3818
209 0 0 0 3838 3838
210 0 3819 0 3 3822
211 1 3783 0 1 3785
212 0 3816 0 0 3816
213 0 3859 0 1 3860
214 0 0 0 3861 3861
215 0 0 0 3885 3885
216 1 0 3867 0 3868
217 1 0 3830 0 3831
218 3797 1 0 0 3798
219 3837 1 1 0 3839
220 0 0 0 3865 3865
221 3861 1 1 0 3863
222 0 3897 0 3 3900
223 3869 1 1 1 3872
224 3808 1 0 1 3810
225 3772 1 0 3 3776
226 0 0 3779 1 3780
227 0 0 3768 1 3769
228 0 0 3759 0 3759
229 3773 0 0 1 3774
230 0 2 0 3801 3803
231 3845 0 0 0 3845
232 0 3924 0 1 3925
233 3937 1 0 0 3938
234 3922 0 0 0 3922
235 0 3960 0 1 3961
236 0 0 0 4013 4013
237 0 0 0 4057 4057
238 4012 1 0 0 4013
239 4078 0 0 0 4078
240 4049 0 0 0 4049
241 4048 0 0 0 4048
242 0 4085 0 0 4085
243 4083 0 2 0 4085
244 4099 0 0 0 4099
245 4033 96 1 0 4130
246 0 0 0 4129 4129
247 0 1 4130 0 4131
248 0 4123 0 2 4125
249 0 0 0 4172 4172
250 1 0 4141 0 4142
251 4111 1 39 1 4152
252 4137 0 2 0 4139
253 0 0 4125 0 4125
254 4108 0 1 0 4109
255 0 4148 0 0 4148
256 4152 0 0 1 4153
257 0 0 0 4148 4148
258 4183 1 0 0 4184
259 0 0 4158 0 4158
260 2 1 4051 0 4054
261 4049 0 1 0 4050
262 4066 0 1 0 4067
263 0 4077 0 0 4077
264 0 4093 0 1 4094
265 4123 0 0 0 4123
266 4125 1 0 0 4126
267 4105 0 0 0 4105
268 0 0 4038 0 4038
269 0 1 4102 0 4103
270 1 4110 0 2 4113
271 0 4169 0 2 4171
272 4211 0 0 0 4211
273 4228 0 1 0 4229
274 4205 0 0 0 4205
275 0 1 0 4217 4218
276 0 0 4208 0 4208
277 0 1 0 4064 4065
278 0 0 4124 1 4125
279 0 4072 0 1 4073
280 0 0 0 4062 4062
281 0 4104 0 0 4104
282 4187 1 1 0 4189
283 4153 0 0 0 4153
284 0 0 0 4142 4142
285 4157 0 1 1 4159
286 0 0 4079 21 4100
287 0 4096 0 0 4096
288 4134 0 2 1 4137
289 0 0 4087 0 4087
290 0 4012 0 0 4012
291 4033 2 0 0 4035
292 0 0 4046 1 4047
293 0 0 0 3985 3985
294 1 0 0 3988 3989
295 4011 0 0 1 4012
296 0 4013 0 0 4013
297 0 0 0 4011 4011
298 0 0 0 4030 4030
299 0 0 4028 0 4028
300 0 0 4018 0 4018
301 0 0 0 3789 3789
302 0 0 3990 0 3990
303 0 0 4000 0 4000
304 3952 0 14 1 3967
305 4003 0 0 0 4003
306 0 1 0 4027 4028
307 4010 0 1 0 4011
308 0 4051 0 1 4052
309 4106 1 0 0 4107
310 0 0 0 4086 4086
311 4117 0 0 0 4117
312 1 0 0 4029 4030
313 2 0 4063 0 4065
314 0 0 4018 0 4018
315 3981 0 1 0 3982
316 0 4004 0 0 4004
317 0 3966 0 1 3967
318 3949 0 0 1 3950
319 3935 0 1 0 3936
320 2 1 0 3906 3909
321 3901 0 0 0 3901
322 0 0 3936 0 3936
323 0 0 3937 0 3937
324 3990 0 0 0 3990
325 1 0 4012 0 4013
326 3975 0 0 0 3975
327 1 3985 0 0 3986
328 3978 0 0 0 3978
329 0 4025 0 0 4025
330 1 0 4052 0 4053
331 1 0 4045 2 4048
332 4042 0 0 0 4042
333 4073 0 0 0 4073
334 1 0 4222 0 4223
335 0 0 4216 50 4266
336 0 0 0 3951 3951
337 0 0 0 4223 4223
338 0 2 0 4265 4267
339 0 0 0 4299 4299
340 2 0 4217 0 4219
341 4176 0 0 0 4176
342 4246 0 2 0 4248
343 4261 0 0 2 4263
344 0 0 4251 0 4251
345 0 0 4199 0 4199
346 2 0 4228 0 4230
347 0 0 0 4061 4061
348 1 4108 0 0 4109
349 0 1 0 4161 4162
350 4151 0 1 0 4152
351 0 4177 0 0 4177
352 0 0 4221 0 4221
353 4102 0 0 0 4102
354 4135 0 0 0 4135
355 4121 0 2 0 4123
356 0 0 4112 0 4112
357 0 4190 0 0 4190
358 0 1 0 4260 4261
359 0 0 0 4304 4304
360 0 1 0 4253 4254
361 0 0 0 4234 4234
362 0 0 0 4228 4228
363 0 0 0 4223 4223
364 0 4090 0 0 4090
365 0 0 0 4026 4026
366 1 4044 0 2 4047
367 4058 0 0 0 4058
368 0 0 4027 0 4027
369 4017 0 0 0 4017
370 4062 0 0 0 4062
371 4074 0 0 0 4074
372 4016 0 0 0 4016
373 3945 0 0 0 3945
374 0 0 0 3974 3974
375 0 0 3921 0 3921
376 3867 0 3 0 3870
377 0 0 3900 0 3900
378 3895 0 0 1 3896
379 0 3854 0 0 3854
380 0 1 0 3867 3868
381 0 0 0 3884 3884
382 2 0 3848 2 3852
383 3735 0 0 0 3735
384 0 3720 0 2 3722
385 3568 0 3 0 3571
386 3532 0 0 0 3532
387 0 3449 0 20 3469
388 0 0 3394 0 3394
389 0 3338 0 0 3338
390 0 3383 0 1 3384
391 3301 0 0 0 3301
392 0 3306 0 0 3306
393 0 0 0 3165 3165
394 0 1 0 3165 3166
395 0 0 3179 0 3179
396 0 0 3118 2 3120
397 0 0 3054 2 3056
398 0 0 3028 1 3029
399 0 3026 0 3 3029
400 0 3096 0 0 3096
401 0 0 3075 0 3075
402 0 0 3059 0 3059
403 2961 0 0 0 2961
404 0 0 0 3010 3010
405 2879 0 140 0 3019
406 2992 0 0 0 2992
407 0 3057 0 0 3057
408 0 0 0 3109 3109
409 0 1 0 3079 3080
410 0 1 0 3125 3126
411 0 25 0 3131 3156
412 0 0 3105 0 3105
413 1 0 3023 0 3024
414 0 2981 0 4 2985
415 0 2980 0 0 2980
416 0 3012 0 0 3012
417 2999 0 0 0 2999
418 25 0 3057 0 3082
419 0 0 0 3044 3044
420 1 0 1 3103 3105
421 1 0 3119 2 3122
422 3095 0 0 0 3095
423 3134 0 0 0 3134
424 3116 1 1 0 3118
425 1 0 3095 0 3096
426 3098 0 2 0 3100
427 0 0 3105 0 3105
428 1 0 0 2861 2862
429 0 0 3000 0 3000
430 3001 1 0 0 3002
431 0 0 3095 0 3095
432 3115 0 1 0 3116
433 3142 0 0 1 3143
434 3152 0 1 0 3153
435 3130 0 0 0 3130
436 3120 0 0 1 3121
437 0 1 3129 0 3130
438 2939 0 26 0 2965
439 0 0 3004 0 3004
440 0 0 0 2790 2790
441 2857 0 0 0 2857
442 0 2888 0 0 2888
443 0 0 0 2867 2867
444 2865 0 0 0 2865
445 0 2890 0 0 2890
446 0 0 0 2836 2836
447 2859 0 0 0 2859
448 2848 0 0 0 2848
449 2756 0 0 1 2757
450 0 2798 0 0 2798
451 0 2777 0 0 2777
452 0 2778 0 0 2778
453 0 0 0 2714 2714
454 0 2807 0 0 2807
455 0 0 0 2729 2729
456 0 2839 0 0 2839
457 2865 0 0 0 2865
458 0 2902 0 0 2902
459 0 2903 0 0 2903
460 2962 0 0 0 2962
461 2913 0 0 0 2913
462 0 0 2939 0 2939
463 0 0 2929 0 2929
464 2962 0 0 0 2962
465 2982 0 0 0 2982
466 2977 0 0 0 2977
467 0 36 0 2909 2945
468 1 0 2983 0 2984
469 0 2911 0 1 2912
470 0 2895 0 11 2906
471 0 0 1 2789 2790
472 0 2805 0 0 2805
473 0 2805 0 1 2806
474 0 0 2863 0 2863
475 0 0 2872 0 2872
476 2837 0 1 0 2838
477 0 1 0 2848 2849
478 0 0 2769 33 2802
479 2822 0 0 0 2822
480 0 0 2803 0 2803
481 0 0 2728 0 2728
482 0 2729 0 0 2729
483 2 0 2850 1 2853
484 2738 1 75 1 2815
485 0 0 2822 0 2822
486 0 2785 0 0 2785
487 2826 0 2 0 2828
488 2787 0 36 0 2823
489 0 0 58 2852 2910
490 0 0 2891 1 2892
491 2 0 0 2807 2809
492 22 0 2956 1 2979
493 2995 0 0 0 2995
494 0 1 0 2986 2987
495 2895 0 0 0 2895
496 2961 0 1 0 2962
497 0 26 0 3051 3077
498 0 0 2992 2 2994
499 0 0 3051 1 3052
500 3032 0 1 0 3033
501 3087 0 0 0 3087
502 3088 0 0 0 3088
503 0 0 0 3082 3082
504 3097 0 0 0 3097
505 0 0 0 3066 3066
506 0 0 0 3107 3107
507 35 0 3027 0 3062
508 0 0 0 3031 3031
509 1 1 0 3011 3013
510 0 2997 0 1 2998
511 1 2941 0 0 2942
512 0 3047 0 0 3047
513 0 0 0 3112 3112
514 3107 0 0 0 3107
515 3085 0 0 0 3085
516 3060 0 0 0 3060
517 1 0 3100 0 3101
518 3075 0 0 0 3075
519 3120 0 2 0 3122
520 1 0 3074 0 3075
521 0 3089 0 0 3089
522 3131 0 0 0 3131
523 1 0 3242 0 3243
524 0 1 3221 0 3222
525 3318 0 0 1 3319
526 3310 0 16 0 3326
527 0 0 0 3272 3272
528 3303 0 0 0 3303
529 0 3265 0 0 3265
530 0 3339 0 0 3339
531 3293 0 1 0 3294
532 3408 0 0 0 3408
533 1 0 3333 0 3334
534 3379 0 0 0 3379
535 0 0 3325 0 3325
536 3325 0 0 0 3325
537 3316 0 0 0 3316
538 0 0 0 3246 3246
539 0 3266 0 0 3266
540 0 3344 0 0 3344
541 3331 0 0 0 3331
542 0 3378 0 0 3378
543 0 0 0 3351 3351
544 0 0 0 3398 3398
545 0 0 3374 0 3374
546 0 0 3379 1 3380
547 3355 0 1 0 3356
548 0 0 0 3395 3395
549 3412 0 1 0 3413
550 0 3404 0 0 3404
551 3427 0 0 0 3427
552 0 0 0 3461 3461
553 3453 0 0 0 3453
554 0 0 3423 0 3423
555 9 0 3342 0 3351
556 0 0 3353 0 3353
557 3319 0 1 0 3320
558 3380 0 2 0 3382
559 1 3377 0 1 3379
560 0 0 0 3542 3542
561 0 0 3603 0 3603
562 3538 0 0 0 3538
563 0 0 0 3575 3575
564 3585 0 0 0 3585
565 3587 0 1 0 3588
566 3583 0 0 0 3583
567 3596 0 0 0 3596
568 9 0 3540 0 3549
569 3704 0 0 0 3704
570 3758 0 2 0 3760
571 3756 0 0 0 3756
572 3755 0 0 0 3755
573 3724 0 0 0 3724
574 3675 0 0 0 3675
575 0 0 3684 0 3684
576 3679 0 0 0 3679
577 0 1 3769 0 3770
578 3794 1 0 0 3795
579 3774 0 0 0 3774
580 3778 1 0 0 3779
581 3709 1 0 0 3710
582 3676 1 1 1 3679
583 1 0 1 3646 3648
584 0 0 0 3680 3680
585 0 0 3644 0 3644
586 3616 0 0 0 3616
587 3649 0 0 0 3649
588 3542 0 0 0 3542
589 0 0 3535 0 3535
590 0 0 3491 0 3491
591 3739 0 0 0 3739
592 3751 0 0 0 3751
593 0 3760 0 0 3760
594 3762 0 0 1 3763
595 3724 0 1 0 3725
596 0 0 0 3833 3833
597 3 0 3802 0 3805
598 3813 0 0 0 3813
599 0 0 0 3760 3760
600 3764 0 0 0 3764
601 3778 0 0 1 3779
602 0 3658 0 125 3783
603 0 1 1 3652 3654
604 0 3730 0 0 3730
605 0 3751 0 0 3751
606 3779 0 0 0 3779
607 3713 0 0 0 3713
608 0 0 0 3653 3653
609 0 3757 0 0 3757
610 0 0 3763 0 3763
611 0 0 0 3706 3706
612 3758 0 0 0 3758
613 0 4112 0 0 4112
614 1 1 0 4045 4047
615 2 0 4080 0 4082
616 3 0 4010 0 4013
617 0 4060 0 5 4065
618 4101 0 0 0 4101
619 56 2 0 4131 4189
620 4181 0 1 0 4182
621 1 4193 0 1 4195
622 4287 0 0 0 4287
623 0 1 1 4330 4332
624 0 0 4339 0 4339
625 0 4216 0 129 4345
626 0 0 0 4422 4422
627 0 0 0 4445 4445
628 5 0 4405 0 4410
629 4442 0 0 0 4442
630 4468 0 1 0 4469
631 4463 0 0 0 4463
632 0 0 4449 0 4449
633 4455 0 0 0 4455
634 0 0 4441 0 4441
635 4425 0 41 0 4466
636 4498 0 0 1 4499
637 0 4561 0 0 4561
638 0 0 1 4468 4469
639 1 0 4555 0 4556
640 0 0 4547 0 4547
641 0 1 0 4524 4525
642 0 1 0 4546 4547
643 1 0 4535 0 4536
644 0 4556 0 0 4556
645 0 0 1 4539 4540
646 0 4704 0 0 4704
647 2 0 4843 0 4845
648 4828 0 0 0 4828
649 4975 0 0 0 4975
650 27 0 5019 0 5046
651 4945 0 0 1 4946
652 4949 0 0 0 4949
653 0 0 4932 0 4932
654 4950 0 0 0 4950
655 0 1 0 4997 4998
656 1 1 0 4953 4955
657 0 4998 0 2 5000
658 0 0 0 4997 4997
659 0 2 0 5013 5015
660 0 0 5025 0 5025
661 0 4963 0 19 4982
662 0 5035 0 0 5035
663 5117 0 2 0 5119
664 1 0 5129 0 5130
665 1 1 1 5073 5076
666 1 0 5166 0 5167
667 0 0 5137 0 5137
668 0 5157 0 0 5157
669 5204 0 0 0 5204
670 0 0 5194 0 5194
671 0 0 5095 1 5096
672 4886 0 1 0 4887
673 1 0 4915 0 4916
674 0 4994 0 0 4994
675 4984 1 1 0 4986
676 5281 0 0 1 5282
677 0 4989 0 1 4990
678 4911 0 1 0 4912
679 0 1 1 4829 4831
680 0 5028 0 0 5028
681 5043 3 2 0 5048
682 0 0 4972 0 4972
683 0 5050 0 0 5050
684 0 0 0 5050 5050
685 2 0 5068 1 5071
686 4717 2 1 0 4720
687 0 0 5057 0 5057
688 1 0 0 4633 4634
689 0 2 0 5063 5065
690 0 4881 0 2 4883
691 4944 1 1 1 4947
692 0 0 0 5059 5059
693 5072 0 0 0 5072
694 0 0 4853 0 4853
695 4879 0 0 0 4879
696 5125 1 0 0 5126
697 5175 0 0 0 5175
698 0 1 0 4769 4770
699 0 0 4811 1 4812
700 0 4800 0 0 4800
701 0 1 0 4856 4857
702 4856 0 0 1 4857
703 0 4910 0 0 4910
704 4855 0 0 0 4855
705 5021 54 0 0 5075
706 0 0 0 4711 4711
707 0 0 4826 0 4826
708 0 4885 0 0 4885
709 0 0 1 4906 4907
710 0 0 0 5161 5161
711 5002 0 0 0 5002
712 0 4908 0 1 4909
713 5001 0 0 0 5001
714 5079 1 0 1 5081
715 1 0 4800 0 4801
716 0 1 4997 0 4998
717 0 0 5 3863 3868
718 1 0 5017 0 5018
719 5083 0 0 0 5083
720 5407 0 0 0 5407
721 5469 0 0 0 5469
722 5519 0 0 0 5519
723 0 0 1 5018 5019
724 0 1 0 5363 5364
725 2 0 5080 1 5083
726 0 0 5336 0 5336
727 5006 0 0 0 5006
728 1 0 5133 0 5134
729 5140 1 1 1 5143
730 1 5137 0 1 5139
731 5218 0 0 0 5218
732 5419 0 3 0 5422
733 5448 0 0 1 5449
734 1 2 0 5000 5003
735 5205 0 0 0 5205
736 0 0 0 5051 5051
737 5158 1 0 1 5160
738 0 0 0 4983 4983
739 0 4945 0 1 4946
740 4893 0 3 0 4896
741 0 4932 0 3 4935
742 0 5134 0 0 5134
743 0 5238 0 0 5238
744 4853 0 0 29 4882
745 0 0 4987 0 4987
746 0 0 5182 0 5182
747 4821 0 23 0 4844
748 0 0 5145 0 5145
749 0 0 5260 3 5263
750 0 1 5288 1 5290
751 4995 0 0 1 4996
752 5266 0 0 0 5266
753 0 1 0 5081 5082
754 5202 0 1 0 5203
755 5304 0 0 0 5304
756 5297 0 0 0 5297
757 0 1 0 4959 4960
758 0 0 0 5201 5201
759 5122 0 42 0 5164
760 5219 0 0 1 5220
761 38 4909 0 0 4947
762 0 0 0 5019 5019
763 1 0 4968 0 4969
764 5057 0 0 0 5057
765 1 0 5162 0 5163
766 0 1 0 5063 5064
767 192 4936 0 1 5129
768 1 5438 0 0 5439
769 5296 1 1 0 5298
770 0 0 5331 0 5331
771 0 0 5449 0 5449
772 1 0 0 4772 4773
773 0 5345 0 0 5345
774 0 2 0 5453 5455
775 0 5554 0 0 5554
776 5663 0 0 0 5663
777 5690 1 0 0 5691
778 0 0 0 5379 5379
779 0 5366 0 0 5366
780 5408 0 1 0 5409
781 5517 0 0 0 5517
782 0 1 0 5338 5339
783 0 0 5319 1 5320
784 5231 0 0 0 5231
785 0 0 1 5192 5193
786 5194 0 0 0 5194
787 0 0 5079 0 5079
788 1 1 0 4846 4848
789 4994 0 18 0 5012
790 0 0 5012 0 5012
791 0 5094 0 0 5094
792 0 0 0 5049 5049
793 0 0 0 5153 5153
794 11 0 5106 0 5117
795 0 0 0 4892 4892
796 4992 0 0 1 4993
797 0 0 5030 1 5031
798 0 0 5072 0 5072
799 4908 0 1 0 4909
800 5137 0 1 0 5138
801 5160 0 1 0 5161
802 5184 0 0 1 5185
803 0 0 0 5071 5071
804 5138 0 0 0 5138
805 5178 0 0 1 5179
806 0 0 0 5060 5060
807 1 4991 0 2 4994
808 5210 0 0 1 5211
809 0 0 5208 0 5208
810 5156 0 0 0 5156
811 5239 0 0 0 5239
812 0 0 5195 0 5195
813 5178 0 0 0 5178
814 1 2 0 5119 5122
815 1 5201 0 0 5202
816 5239 0 2 0 5241
817 5245 0 0 0 5245
818 1 0 0 5136 5137
819 5187 0 1 0 5188
820 61 0 5028 0 5089
821 0 30 1 4864 4895
822 0 5104 1 1 5106
823 0 0 5079 0 5079
824 0 5234 0 0 5234
825 0 0 2 5134 5136
826 0 0 0 5230 5230
827 0 5157 0 0 5157
828 5203 0 0 1 5204
829 5229 0 90 0 5319
830 5090 0 0 0 5090
831 0 5045 0 0 5045
832 34 5007 0 0 5041
833 0 5052 1 0 5053
834 4834 20 0 0 4854
835 0 5020 0 26 5046
836 56 10 0 4849 4915
837 1 0 4876 0 4877
838 0 0 4831 0 4831
839 4729 0 1 0 4730
840 0 0 4822 0 4822
841 0 4809 0 0 4809
842 0 0 0 4863 4863
843 4846 1 0 0 4847
844 0 0 4808 0 4808
845 0 4711 0 0 4711
846 0 0 0 4788 4788
847 0 0 4850 0 4850
848 0 0 3 4752 4755
849 4943 0 2 1 4946
850 0 0 4897 0 4897
851 5003 0 1 0 5004
852 5054 0 0 0 5054
853 5063 0 0 0 5063
854 0 0 0 4949 4949
855 0 0 0 5023 5023
856 0 0 4940 0 4940
857 0 4949 0 1 4950
858 5044 0 1 0 5045
859 5068 0 0 0 5068
860 5021 1 1 0 5023
861 0 5019 0 0 5019
862 5040 0 1 0 5041
863 5040 0 0 0 5040
864 3 0 4927 0 4930
865 4883 0 2 0 4885
866 1 4962 0 0 4963
867 0 1 1 5014 5016
868 2 0 5055 0 5057
869 0 1 0 4906 4907
870 0 0 5052 0 5052
871 5021 0 0 1 5022
872 0 0 0 5076 5076
873 5158 0 0 0 5158
874 0 0 5107 0 5107
875 5101 0 0 0 5101
876 0 1 1 5068 5070
877 5094 0 0 1 5095
878 0 5140 0 0 5140
879 0 0 1 5179 5180
880 0 0 5206 0 5206
881 5205 0 0 0 5205
882 5205 0 0 0 5205
883 0 5180 0 1 5181
884 1 5225 0 0 5226
885 0 0 0 5208 5208
886 0 0 0 5251 5251
887 3 3 0 5235 5241
888 5236 0 1 0 5237
889 5227 0 0 1 5228
890 5217 0 0 0 5217
891 0 0 5232 0 5232
892 0 0 1 5038 5039
893 0 5188 1 0 5189
894 5277 0 1 0 5278
895 0 1 0 5248 5249
896 27 0 5213 0 5240
897 0 0 0 5139 5139
898 0 5198 0 0 5198
899 1 0 0 5203 5204
900 2 0 5212 0 5214
901 1 0 5194 0 5195
902 1 5149 0 28 5178
903 5272 0 0 0 5272
904 0 0 5207 0 5207
905 0 5158 0 16 5174
906 0 5226 0 0 5226
907 5237 0 1 0 5238
908 0 0 0 5234 5234
909 5238 0 0 0 5238
910 0 0 5164 0 5164
911 5139 0 0 0 5139
912 0 5201 0 2 5203
913 0 0 5226 0 5226
914 2 0 5199 0 5201
915 5134 0 0 1 5135
916 1 0 5172 0 5173
917 0 0 5084 0 5084
918 0 2 0 4305 4307
919 1 0 4985 0 4986
920 5071 0 2 0 5073
921 0 1 2 4964 4967
922 2 0 5005 0 5007
923 0 0 0 4826 4826
924 4958 0 0 0 4958
925 0 0 4902 0 4902
926 0 4870 1 0 4871
927 1 1 0 4977 4979
928 0 0 0 5085 5085
929 0 0 5037 0 5037
930 2 1 0 4947 4950
931 1 0 4979 0 4980
932 4978 0 0 1 4979
933 0 5003 0 2 5005
934 4909 0 0 0 4909
935 0 0 0 4881 4881
936 4897 0 1 0 4898
937 4891 0 0 0 4891
938 0 0 0 4901 4901
939 4822 0 1 0 4823
940 4833 0 1 0 4834
941 0 0 4768 35 4803
942 4759 0 1 0 4760
943 0 0 4698 0 4698
944 0 4705 0 1 4706
945 0 0 1 4732 4733
946 1 0 4671 0 4672
947 0 4685 0 3 4688
948 4526 0 0 0 4526
949 0 0 0 4469 4469
950 0 0 0 4514 4514
951 4515 0 0 1 4516
952 0 0 4438 0 4438
953 0 0 4433 0 4433
954 4468 0 0 0 4468
955 0 4445 0 1 4446
956 0 0 0 4576 4576
957 4504 0 3 0 4507
958 4497 0 0 0 4497
959 4493 0 0 0 4493
960 2 0 4429 0 4431
961 4236 0 1 50 4287
962 0 0 0 4308 4308
963 2 4339 0 0 4341
964 4334 0 0 0 4334
965 0 0 4331 0 4331
966 4266 0 2 1 4269
967 0 4227 0 0 4227
968 4293 0 1 0 4294
969 4289 0 0 0 4289
970 4259 0 0 0 4259
971 0 0 4250 0 4250
972 4226 0 1 0 4227
973 0 4287 0 0 4287
974 4221 0 1 0 4222
975 4220 0 0 0 4220
976 4169 0 0 0 4169
977 0 0 4113 0 4113
978 4094 0 0 0 4094
979 0 0 0 4042 4042
980 0 0 0 4075 4075
981 1 1 0 4127 4129
982 1 0 4117 0 4118
983 0 0 4162 0 4162
984 4159 0 0 0 4159
985 0 4188 0 1 4189
986 2 0 4099 0 4101
987 26 0 4049 0 4075
988 0 4021 0 0 4021
989 0 1 0 4101 4102
990 0 0 0 4111 4111
991 1 0 3906 1 3908
992 3870 0 0 0 3870
993 0 0 3907 6 3913
994 1 3973 0 0 3974
995 0 0 0 4004 4004
996 4006 0 1 0 4007
997 3953 0 0 0 3953
998 3835 1 1 0 3837
999 3825 0 0 0 3825
1000 3801 0 1 0 3802
1001 0 0 3660 0 3660
1002 3563 0 0 0 3563
1003 3587 0 0 0 3587
1004 0 0 0 3552 3552
1005 3579 0 0 0 3579
1006 1 1 0 3481 3483
1007 1 3526 0 1 3528
1008 3563 0 0 0 3563
1009 0 0 3514 0 3514
1010 2 0 3508 0 3510
1011 3454 0 1 0 3455
1012 3340 1 0 0 3341
1013 0 0 3449 0 3449
1014 3456 0 0 0 3456
1015 1 0 3437 0 3438
1016 0 0 3428 0 3428
1017 3460 1 1 0 3462
1018 0 0 0 3482 3482
1019 0 0 0 3405 3405
1020 1 3428 0 0 3429
1021 3500 0 1 0 3501
1022 3489 0 0 0 3489
1023 3477 0 0 0 3477
1024 3479 0 1 0 3480
1025 3430 0 0 0 3430
1026 0 0 0 3406 3406
1027 0 0 3313 0 3313
1028 3308 0 3 0 3311
1029 0 0 0 3308 3308
1030 0 0 3337 0 3337
1031 3269 0 0 0 3269
1032 3197 0 1 0 3198
1033 0 0 3207 0 3207
1034 3190 1 0 0 3191
1035 3240 0 1 0 3241
1036 3233 0 0 0 3233
1037 0 0 0 3192 3192
1038 3238 0 0 0 3238
1039 0 0 0 3168 3168
1040 0 0 2 3175 3177
1041 3222 0 1 0 3223
1042 3129 0 0 0 3129
1043 1 0 1 3073 3075
1044 3140 0 1 0 3141
1045 0 0 3072 0 3072
1046 0 1 3035 0 3036
1047 1 0 3029 0 3030
1048 3030 0 20 0 3050
1049 3053 0 0 0 3053
1050 0 3045 0 1 3046
1051 1 0 2986 0 2987
1052 0 0 2959 0 2959
1053 2944 0 0 0 2944
1054 2945 0 0 1 2946
1055 0 2901 0 0 2901
1056 2898 0 1 0 2899
1057 2895 0 0 0 2895
1058 1 0 0 2876 2877
1059 2849 0 0 0 2849
1060 1 2867 0 1 2869
1061 2884 0 0 1 2885
1062 0 0 2928 0 2928
1063 2886 0 1 0 2887
1064 2843 0 1 0 2844
1065 0 0 2895 1 2896
1066 2771 0 0 0 2771
1067 0 0 1 2786 2787
1068 0 0 2 2858 2860
1069 0 0 2900 0 2900
1070 0 0 2883 1 2884
1071 2876 0 0 0 2876
1072 2894 0 0 0 2894
1073 0 0 0 2878 2878
1074 2907 0 0 0 2907
1075 0 1 1 2865 2867
1076 1 0 2780 0 2781
1077 1 0 2748 0 2749
1078 0 0 2713 0 2713
1079 2726 0 0 0 2726
1080 0 2626 0 0 2626
1081 0 0 2556 0 2556
1082 0 0 2609 0 2609
1083 0 0 2577 1 2578
1084 0 0 2593 0 2593
1085 2582 0 0 1 2583
1086 2595 0 2 0 2597
1087 0 0 2554 0 2554
1088 2560 0 0 0 2560
1089 0 0 2605 0 2605
1090 1 1 2575 0 2577
1091 2590 0 0 0 2590
1092 0 0 2580 0 2580
1093 0 0 0 2546 2546
1094 0 0 0 2525 2525
1095 0 2518 0 1 2519
1096 0 2569 0 2 2571
1097 2558 0 0 0 2558
1098 0 0 0 2532 2532
1099 0 0 2548 0 2548
1100 0 0 0 2514 2514
1101 2498 0 0 0 2498
1102 2503 0 1 0 2504
1103 0 0 2511 0 2511
1104 2501 0 0 0 2501
1105 0 1 0 2517 2518
1106 0 0 2523 0 2523
1107 0 1 0 2429 2430
1108 1 0 2456 0 2457
1109 0 0 2467 1 2468
1110 0 0 0 2406 2406
1111 0 0 2461 0 2461
1112 2487 0 0 0 2487
1113 2495 0 1 0 2496
1114 0 1 0 2473 2474
1115 0 0 2340 0 2340
1116 0 2321 0 0 2321
1117 2340 0 0 0 2340
1118 1 0 2354 0 2355
1119 2 0 2369 1 2372
1120 0 0 2423 1 2424
1121 1 0 2437 0 2438
1122 2427 0 0 0 2427
1123 2406 0 0 0 2406
1124 0 0 0 2284 2284
1125 2350 1 0 0 2351
1126 0 1 0 2310 2311
1127 0 0 0 2359 2359
1128 2357 0 0 0 2357
1129 2338 0 0 0 2338
1130 2322 0 0 0 2322
1131 2320 0 0 0 2320
1132 2253 0 0 0 2253
1133 2197 1 47 0 2245
1134 0 0 2241 0 2241
1135 2254 0 0 0 2254
1136 0 0 2240 0 2240
1137 0 0 0 2146 2146
1138 2211 0 0 0 2211
1139 2217 0 0 0 2217
1140 2202 0 0 0 2202
1141 2200 0 0 0 2200
1142 0 0 0 2179 2179
1143 1 0 2196 0 2197
1144 2215 0 0 0 2215
1145 2203 0 0 0 2203
1146 2181 0 21 0 2202
1147 19 2139 0 0 2158
1148 0 0 0 2100 2100
1149 1 0 2146 0 2147
1150 1 0 2160 1 2162
1151 2123 0 0 0 2123
1152 2085 0 1 0 2086
1153 2103 0 0 0 2103
1154 2088 1 0 0 2089
1155 2090 0 0 1 2091
1156 0 2080 0 0 2080
1157 0 0 0 2025 2025
1158 2051 0 1 0 2052
1159 0 2062 0 0 2062
1160 0 0 0 2089 2089
1161 0 0 2067 0 2067
1162 2077 0 0 0 2077
1163 0 0 0 2046 2046
1164 2050 0 1 0 2051
1165 2039 0 0 0 2039
1166 2034 0 0 0 2034
1167 0 0 0 1981 1981
1168 0 0 0 1894 1894
1169 0 1923 0 0 1923
1170 1949 0 0 0 1949
1171 0 1 1892 0 1893
1172 0 1851 0 1 1852
1173 1 1889 0 0 1890
1174 1903 0 0 1 1904
1175 1877 0 0 0 1877
1176 1883 0 0 0 1883
1177 1865 0 0 0 1865
1178 1862 0 0 0 1862
1179 0 0 1892 0 1892
1180 0 0 1895 0 1895
1181 1785 0 62 0 1847
1182 0 0 1876 0 1876
1183 0 0 1876 0 1876
1184 1949 0 0 0 1949
1185 0 0 0 1930 1930
1186 1957 0 0 0 1957
1187 0 0 0 1919 1919
1188 0 0 1875 0 1875
1189 1865 0 1 0 1866
1190 0 0 1856 0 1856
1191 1826 0 1 0 1827
1192 1 0 1856 0 1857
1193 1858 0 0 0 1858
1194 0 0 0 1853 1853
1195 0 0 0 1808 1808
1196 0 0 0 1830 1830
1197 1863 0 0 0 1863
1198 1824 0 0 0 1824
1199 1 0 0 1833 1834
1200 1863 0 0 0 1863
1201 1875 0 1 0 1876
1202 0 0 0 1845 1845
1203 0 1878 0 0 1878
1204 0 1 0 1929 1930
1205 0 0 0 1956 1956
1206 1944 0 0 0 1944
1207 1 0 0 1918 1919
1208 0 0 1916 0 1916
1209 0 1897 0 0 1897
1210 1914 0 0 0 1914
1211 0 1 0 1921 1922
1212 0 0 1917 0 1917
1213 0 0 1909 0 1909
1214 0 21 0 1814 1835
1215 1900 0 19 0 1919
1216 0 0 0 1955 1955
1217 0 2 0 1978 1980
1218 0 1 1 2010 2012
1219 0 0 1 2016 2017
1220 0 2144 0 0 2144
1221 0 0 0 2154 2154
1222 1 2192 0 0 2193
1223 2211 0 2 0 2213
1224 2216 0 0 0 2216
1225 0 0 2222 0 2222
1226 2245 0 0 0 2245
1227 0 2243 0 0 2243
1228 2250 0 0 0 2250
1229 0 2308 0 0 2308
1230 0 0 0 2427 2427
1231 2438 0 0 0 2438
1232 0 0 2407 0 2407
1233 0 0 2405 0 2405
1234 2367 0 0 0 2367
1235 0 0 0 2329 2329
1236 0 0 2351 0 2351
1237 0 0 0 2342 2342
1238 0 0 0 2315 2315
1239 0 2318 0 0 2318
1240 0 2429 0 0 2429
1241 2447 0 0 0 2447
1242 2453 0 1 0 2454
1243 0 0 2469 0 2469
1244 0 0 2364 0 2364
1245 0 0 2358 0 2358
1246 0 0 2374 0 2374
1247 0 0 0 2315 2315
1248 0 0 199 2184 2383
1249 2392 0 0 0 2392
1250 0 0 2362 0 2362
1251 2306 0 0 0 2306
1252 1 0 2425 2 2428
1253 56 0 2395 0 2451
1254 2487 0 1 0 2488
1255 0 0 2505 0 2505
1256 2510 0 0 0 2510
1257 2586 0 0 0 2586
1258 2602 0 0 0 2602
1259 0 0 0 2676 2676
1260 2694 0 0 0 2694
1261 2686 0 0 0 2686
1262 2638 0 0 0 2638
1263 0 0 0 2717 2717
1264 0 0 0 2738 2738
1265 0 0 0 2778 2778
1266 0 0 0 2777 2777
1267 0 2781 0 0 2781
1268 0 0 0 2796 2796
1269 0 0 1 2804 2805
1270 2844 0 0 0 2844
1271 2833 0 0 0 2833
1272 1 0 0 2767 2768
1273 0 2817 0 0 2817
1274 0 0 2740 0 2740
1275 2688 0 0 0 2688
1276 0 0 2743 0 2743
1277 0 2757 0 0 2757
1278 0 0 0 2774 2774
1279 0 0 2726 1 2727
1280 6 0 2648 0 2654
1281 0 2642 0 1 2643
1282 0 2654 0 0 2654
1283 2682 0 1 0 2683
1284 2596 1 0 0 2597
1285 0 2621 0 1 2622
1286 0 0 0 2623 2623
1287 0 0 0 2603 2603
1288 1 0 0 2607 2608
1289 0 0 0 2620 2620
1290 2614 1 0 0 2615
1291 0 0 0 2604 2604
1292 0 2599 0 0 2599
1293 0 0 0 2562 2562
1294 0 2579 0 0 2579
1295 0 2589 0 0 2589
1296 2596 0 17 0 2613
1297 2584 0 0 0 2584
1298 0 0 0 2614 2614
1299 0 0 2596 0 2596
1300 1 0 0 2535 2536
1301 2575 0 13 0 2588
1302 0 2595 0 0 2595
1303 0 2558 0 0 2558
1304 2592 0 0 0 2592
1305 2576 0 1 1 2578
1306 0 2576 0 0 2576
1307 1 0 0 2567 2568
1308 0 2569 0 0 2569
1309 0 2594 0 0 2594
1310 2514 0 0 0 2514
1311 2523 0 0 0 2523
1312 0 2539 0 1 2540
1313 0 0 2552 0 2552
1314 2530 0 0 0 2530
1315 1 0 0 2544 2545
1316 2550 0 1 0 2551
1317 0 0 0 2537 2537
1318 0 0 1 2547 2548
1319 0 0 0 2542 2542
1320 1 0 0 2545 2546
1321 1 0 0 2525 2526
1322 0 0 0 2498 2498
1323 20 0 2376 1 2397
1324 2384 0 0 0 2384
1325 2348 0 25 1 2374
1326 0 0 0 2400 2400
1327 2389 0 0 0 2389
1328 0 0 2387 0 2387
1329 2358 0 0 0 2358
1330 2362 0 0 0 2362
1331 0 0 2296 0 2296
1332 0 2295 0 0 2295
1333 2308 0 0 0 2308
1334 2306 0 0 0 2306
1335 0 2302 0 2 2304
1336 1 0 2293 1 2295
1337 2239 0 0 0 2239
1338 0 2290 0 0 2290
1339 0 2282 0 1 2283
1340 0 0 0 2333 2333
1341 0 0 1 2344 2345
1342 0 0 0 2347 2347
1343 0 0 0 2343 2343
1344 0 1 1 2319 2321
1345 0 0 2275 0 2275
1346 2273 0 0 0 2273
1347 0 0 0 2306 2306
1348 0 2318 0 0 2318
1349 2318 0 0 0 2318
1350 2281 0 0 0 2281
1351 0 20 0 2306 2326
1352 2 0 2320 0 2322
1353 0 0 2312 0 2312
1354 1 0 2303 0 2304
1355 1 0 2331 0 2332
1356 0 0 2362 1 2363
1357 0 21 0 2131 2152
1358 2304 0 32 0 2336
1359 0 0 0 2363 2363
1360 1 0 2364 0 2365
1361 2374 0 2 0 2376
1362 0 0 2394 0 2394
1363 0 0 2359 1 2360
1364 2371 0 2 0 2373
1365 2396 0 0 0 2396
1366 1 0 0 2383 2384
1367 0 2344 0 14 2358
1368 2326 0 0 0 2326
1369 0 2476 0 0 2476
1370 0 2448 0 0 2448
1371 0 2468 0 0 2468
1372 2468 0 0 0 2468
1373 2501 0 2 0 2503
1374 2504 0 1 0 2505
1375 33 0 2450 0 2483
1376 0 2503 0 1 2504
1377 2564 0 0 0 2564
1378 2556 0 0 0 2556
1379 0 0 2565 0 2565
1380 0 0 0 2438 2438
1381 0 0 2540 0 2540
1382 2563 0 0 0 2563
1383 2579 0 0 0 2579
1384 0 2598 0 0 2598
1385 0 0 0 2564 2564
1386 2504 0 37 0 2541
1387 0 2542 0 0 2542
1388 2524 0 0 1 2525
1389 0 1 0 2476 2477
1390 0 0 2439 1 2440
1391 0 0 2422 0 2422
1392 1 0 2426 0 2427
1393 2404 0 0 1 2405
1394 0 0 0 2444 2444
1395 2448 0 0 0 2448
1396 2450 0 0 0 2450
1397 2499 0 0 0 2499
1398 0 0 0 2453 2453
1399 0 0 2372 0 2372
1400 2388 0 0 1 2389
1401 2370 0 1 0 2371
1402 0 0 0 2357 2357
1403 0 2390 0 0 2390
1404 2442 0 1 0 2443
1405 2426 1 0 1 2428
1406 0 0 0 2427 2427
1407 0 0 2431 0 2431
1408 2397 0 0 0 2397
1409 2385 0 0 0 2385
1410 1 1 0 2388 2390
1411 1 0 2362 0 2363
1412 0 2358 0 1 2359
1413 2369 0 0 0 2369
1414 0 0 0 2416 2416
1415 26 2410 0 0 2436
1416 0 0 0 2470 2470
1417 0 0 2473 0 2473
1418 2460 0 1 0 2461
1419 409 2057 0 0 2466
1420 0 0 0 2484 2484
1421 2475 0 0 1 2476
1422 0 0 0 2482 2482
1423 2459 0 0 0 2459
1424 0 2472 0 0 2472
1425 2474 0 0 0 2474
1426 1 0 0 2472 2473
1427 0 0 0 2432 2432
1428 0 0 2427 0 2427
1429 2378 0 0 0 2378
1430 2394 0 0 0 2394
1431 2424 0 0 1 2425
1432 1 0 2419 0 2420
1433 0 0 2378 1 2379
1434 0 0 2381 0 2381
1435 2366 0 0 0 2366
1436 2 2 0 2366 2370
1437 0 0 0 2410 2410
1438 0 0 2409 0 2409
1439 1 0 0 2366 2367
1440 2412 0 17 73 2502
1441 0 0 2500 0 2500
1442 0 0 0 2452 2452
1443 0 0 2486 0 2486
1444 2472 0 0 0 2472
1445 0 2457 0 0 2457
1446 2642 0 80 0 2722
1447 2694 0 0 0 2694
1448 0 0 2686 0 2686
1449 2630 0 0 0 2630
1450 2591 0 0 1 2592
1451 2556 0 0 0 2556
1452 0 0 0 2482 2482
1453 0 0 2514 0 2514
1454 0 0 0 2473 2473
1455 2538 0 0 0 2538
1456 2487 0 0 0 2487
1457 0 0 0 2445 2445
1458 0 0 0 2513 2513
1459 5 0 2514 0 2519
1460 2464 0 2 0 2466
1461 0 2414 0 0 2414
1462 0 0 2445 0 2445
1463 2418 0 0 0 2418
1464 0 2443 0 20 2463
1465 0 0 0 2473 2473
1466 0 0 0 2484 2484
1467 0 1 0 2458 2459
1468 2447 0 1 0 2448
1469 3 0 2417 0 2420
1470 0 2322 0 0 2322
1471 0 0 0 2330 2330
1472 0 2246 0 0 2246
1473 0 0 0 2235 2235
1474 2244 0 0 0 2244
1475 0 2258 0 0 2258
1476 0 1 0 2258 2259
1477 0 0 2261 0 2261
1478 2160 0 0 0 2160
1479 2153 0 0 0 2153
1480 2119 0 0 0 2119
1481 0 2123 0 0 2123
1482 2116 0 0 0 2116
1483 0 0 2111 0 2111
1484 2157 0 0 0 2157
1485 2160 0 0 0 2160
1486 2169 0 0 0 2169
1487 2133 0 0 0 2133
1488 2127 0 0 0 2127
1489 0 0 2094 0 2094
1490 0 0 2 1951 1953
1491 2080 0 0 0 2080
1492 0 0 0 2067 2067
1493 0 2097 0 1 2098
1494 0 2112 0 0 2112
1495 2137 0 0 0 2137
1496 0 0 0 2120 2120
1497 2121 0 3 0 2124
1498 2120 0 0 0 2120
1499 0 1978 0 106 2084
1500 2155 0 0 0 2155
1501 2154 1 0 0 2155
1502 2173 0 1 0 2174
1503 2173 0 0 0 2173
1504 2161 0 1 0 2162
1505 2155 0 0 0 2155
1506 0 1 0 2121 2122
1507 0 2037 0 0 2037
1508 0 0 0 2013 2013
1509 0 0 0 2039 2039
1510 2025 0 0 0 2025
1511 0 0 2060 0 2060
1512 0 2053 0 0 2053
1513 0 0 0 2032 2032
1514 0 0 0 2071 2071
1515 2139 0 0 0 2139
1516 2121 0 0 1 2122
1517 0 0 0 2150 2150
1518 2133 2 0 0 2135
1519 2139 0 0 0 2139
1520 2130 0 0 0 2130
1521 2197 0 0 0 2197
1522 2175 0 0 0 2175
1523 0 0 2153 2 2155
1524 0 0 2112 0 2112
1525 2149 0 0 0 2149
1526 0 2136 0 0 2136
1527 0 0 0 2124 2124
1528 0 0 2137 0 2137
1529 0 0 2111 0 2111
1530 2154 0 0 0 2154
1531 0 0 2128 0 2128
1532 2172 0 0 0 2172
1533 2187 0 0 0 2187
1534 0 0 2171 0 2171
1535 0 0 0 2136 2136
1536 0 2224 0 1 2225
1537 2256 0 0 0 2256
1538 0 0 0 2215 2215
1539 2198 0 0 0 2198
1540 2205 0 0 0 2205
1541 0 0 0 2203 2203
1542 0 0 2182 0 2182
1543 0 0 2175 0 2175
1544 1 0 2196 0 2197
1545 2229 0 0 0 2229
1546 0 0 2231 0 2231
1547 0 2242 0 0 2242
1548 0 0 0 2235 2235
1549 2270 0 0 0 2270
1550 2239 0 0 0 2239
1551 0 0 0 2246 2246
1552 0 0 2190 0 2190
1553 2189 0 0 0 2189
1554 0 2194 0 0 2194
1555 18 0 2152 1 2171
1556 0 0 0 2122 2122
1557 0 0 2151 0 2151
1558 2154 1 1 1 2157
1559 0 0 2171 1 2172
1560 0 0 0 2097 2097
1561 2 0 2156 1 2159
1562 2254 0 0 0 2254
1563 2326 0 0 0 2326
1564 1 0 0 2312 2313
1565 0 1 0 2317 2318
1566 2383 0 1 1 2385
1567 0 0 2337 0 2337
1568 2347 0 0 0 2347
1569 2325 0 0 0 2325
1570 1 0 0 2303 2304
1571 0 2311 0 0 2311
1572 2278 1 0 0 2279
1573 0 2329 0 0 2329
1574 2338 0 1 1 2340
1575 2339 0 1 0 2340
1576 0 0 2317 1 2318
1577 0 2373 0 0 2373
1578 2376 0 1 0 2377
1579 0 2447 0 2 2449
1580 2396 1 0 0 2397
1581 0 0 2425 0 2425
1582 0 2377 0 0 2377
1583 0 0 0 2413 2413
1584 0 0 2405 0 2405
1585 2368 0 0 2 2370
1586 0 0 0 2370 2370
1587 1 0 2417 0 2418
1588 2396 0 0 2 2398
1589 0 0 0 2393 2393
1590 2419 0 0 0 2419
1591 2423 0 0 0 2423
1592 0 2424 0 0 2424
1593 2430 1 1 0 2432
1594 1 0 0 2431 2432
1595 2446 2 0 0 2448
1596 0 1 0 2436 2437
1597 0 0 2425 1 2426
1598 2423 1 1 0 2425
1599 0 0 0 2401 2401
1600 2393 0 26 0 2419
1601 0 2411 0 0 2411
1602 2403 1 0 0 2404
1603 0 2424 0 0 2424
1604 0 2398 0 28 2426
1605 0 1 0 2475 2476
1606 2467 0 0 0 2467
1607 2434 1 0 0 2435
1608 2461 0 0 0 2461
1609 2463 0 0 0 2463
1610 0 0 0 2504 2504
1611 0 0 2538 1 2539
1612 0 0 0 2441 2441
1613 0 0 2564 0 2564
1614 0 0 2552 0 2552
1615 0 0 2581 0 2581
1616 2557 0 0 0 2557
1617 2585 0 0 0 2585
1618 2630 0 0 0 2630
1619 0 0 0 2638 2638
1620 0 0 2651 1 2652
1621 2 0 2685 1 2688
1622 1 0 3013 0 3014
1623 3056 1 0 0 3057
1624 3093 0 1 0 3094
1625 0 3189 0 0 3189
1626 3218 0 0 0 3218
1627 3115 0 0 0 3115
1628 2 3158 0 0 3160
1629 0 3323 0 1 3324
1630 3554 0 1 0 3555
1631 3556 0 0 0 3556
1632 3660 0 0 0 3660
1633 0 0 3658 0 3658
1634 3615 1 1 0 3617
1635 3646 0 0 0 3646
1636 0 3675 0 0 3675
1637 0 0 0 3670 3670
1638 17 0 3639 0 3656
1639 25 0 3715 0 3740
1640 0 0 0 3581 3581
1641 1 0 3694 0 3695
1642 0 3741 0 0 3741
1643 3858 0 1 0 3859
1644 3860 0 0 0 3860
1645 3842 0 0 0 3842
1646 3805 0 0 0 3805
1647 0 3823 0 0 3823
1648 3633 0 0 0 3633
1649 0 3811 0 0 3811
1650 0 0 1 3793 3794
1651 0 0 0 3847 3847
1652 3858 0 0 0 3858
1653 1 2 0 3818 3821
1654 0 3850 0 0 3850
1655 3811 0 0 1 3812
1656 3785 0 1 0 3786
1657 0 0 0 3733 3733
1658 0 0 3723 0 3723
1659 1 0 3782 0 3783
1660 0 0 3753 0 3753
1661 0 0 0 3555 3555
1662 1 0 3660 0 3661
1663 0 3737 0 15 3752
1664 0 1 0 3876 3877
1665 3962 0 0 3 3965
1666 4071 0 0 0 4071
1667 4071 0 0 0 4071
1668 4052 0 0 0 4052
1669 4039 0 0 0 4039
1670 4073 0 0 1 4074
1671 1 4193 0 0 4194
1672 0 0 0 4106 4106
1673 0 0 0 4141 4141
1674 0 0 4119 0 4119
1675 1 0 4256 0 4257
1676 0 2 0 4189 4191
1677 1 0 4296 0 4297
1678 4294 0 0 1 4295
1679 0 4314 0 0 4314
1680 4398 0 0 1 4399
1681 0 4528 0 0 4528
1682 0 0 1 4669 4670
1683 0 0 4661 0 4661
1684 4621 0 1 0 4622
1685 4613 0 0 0 4613
1686 0 0 4624 0 4624
1687 0 0 4658 0 4658
1688 0 4838 0 14 4852
1689 0 0 0 4841 4841
1690 1 4905 1 4 4911
1691 4970 0 1 1 4972
1692 0 0 5079 0 5079
1693 0 1 1 4976 4978
1694 0 0 0 5024 5024
1695 1 1 0 5024 5026
1696 0 5058 0 0 5058
1697 0 1 1 5075 5077
1698 0 13 0 5048 5061
1699 0 5055 0 1 5056
1700 0 1 0 5127 5128
1701 5104 0 1 0 5105
1702 1 0 5132 1 5134
1703 0 0 5161 0 5161
1704 5080 0 0 1 5081
1705 5155 0 1 0 5156
1706 5286 0 1 0 5287
1707 5266 0 0 0 5266
1708 0 0 5377 0 5377
1709 5368 0 0 0 5368
1710 1 0 5338 0 5339
1711 0 0 5298 0 5298
1712 5359 0 2 0 5361
1713 0 5277 0 2 5279
1714 5295 0 0 0 5295
1715 18 0 0 5301 5319
1716 0 0 5361 0 5361
1717 0 0 0 5299 5299
1718 0 45 0 5312 5357
1719 1 5350 0 2 5353
1720 0 5344 0 1 5345
1721 5318 0 1 0 5319
1722 5302 0 1 0 5303
1723 0 1 0 5426 5427
1724 2 0 5440 0 5442
1725 0 0 5400 1 5401
1726 0 0 5350 0 5350
1727 5315 0 1 0 5316
1728 0 1 0 5339 5340
1729 3 0 5378 1 5382
1730 0 5360 0 2 5362
1731 5380 0 1 1 5382
1732 0 0 0 5384 5384
1733 0 0 0 5441 5441
1734 0 0 0 5451 5451
1735 1 0 5458 0 5459
1736 5393 1 0 1 5395
1737 5421 0 0 0 5421
1738 1 0 5396 0 5397
1739 0 5353 0 1 5354
1740 5506 0 0 0 5506
1741 0 1 0 5542 5543
1742 1 0 0 5556 5557
1743 0 4 0 5581 5585
1744 1 0 5566 0 5567
1745 5520 0 2 0 5522
1746 0 0 5484 1 5485
1747 5378 0 1 0 5379
1748 1 0 5408 2 5411
1749 0 5396 0 6 5402
1750 5509 1 0 0 5510
1751 0 0 0 5486 5486
1752 5529 0 0 0 5529
1753 5497 1 2 0 5500
1754 0 0 0 5515 5515
1755 1 0 0 5472 5473
1756 2 5445 0 0 5447
1757 2 5502 0 0 5504
1758 1 1 0 5391 5393
1759 1 5489 0 1 5491
1760 5488 0 0 0 5488
1761 0 0 5444 1 5445
1762 5453 0 0 0 5453
1763 5446 0 0 1 5447
1764 5449 0 2 0 5451
1765 5409 0 1 0 5410
1766 0 1 0 5386 5387
1767 1 0 5389 26 5416
1768 0 0 5349 0 5349
1769 0 5341 0 3 5344
1770 0 0 0 5338 5338
1771 0 0 5366 0 5366
1772 0 0 5368 1 5369
1773 0 0 0 5320 5320
1774 6 5332 0 2 5340
1775 5318 0 0 0 5318
1776 1 0 5333 1 5335
1777 0 0 0 5255 5255
1778 5307 0 1 1 5309
1779 0 5311 0 0 5311
1780 5306 1 0 0 5307
1781 0 0 5464 0 5464
1782 2 0 0 5362 5364
1783 0 0 5354 0 5354
1784 0 1 5365 0 5366
1785 5250 0 9 0 5259
1786 0 0 0 5253 5253
1787 0 0 1 5370 5371
1788 0 2 0 5382 5384
1789 1 0 5346 1 5348
1790 0 5274 0 3 5277
1791 5390 0 0 0 5390
1792 5367 0 0 0 5367
1793 0 0 5292 0 5292
1794 5196 0 0 1 5197
1795 0 0 5118 0 5118
1796 0 5079 0 1 5080
1797 5145 1 0 0 5146
1798 1 0 5144 0 5145
1799 0 0 0 5070 5070
1800 0 0 5075 0 5075
1801 0 5073 0 0 5073
1802 0 0 1 5021 5022
1803 1 5062 0 2 5065
1804 5126 0 0 0 5126
1805 5116 0 0 0 5116
1806 5103 1 1 0 5105
1807 1 5028 0 0 5029
1808 5064 0 0 0 5064
1809 5041 0 0 0 5041
1810 5002 0 0 0 5002
1811 1 0 0 5016 5017
1812 1 0 4975 0 4976
1813 4939 0 0 0 4939
1814 0 0 4907 0 4907
1815 4890 0 0 0 4890
1816 0 0 4871 0 4871
1817 4830 0 0 0 4830
1818 0 4904 0 0 4904
1819 0 4940 0 0 4940
1820 4988 0 0 0 4988
1821 1 0 5079 0 5080
1822 0 0 5059 0 5059
1823 4934 0 2 0 4936
1824 0 0 5033 0 5033
1825 0 0 4976 0 4976
1826 0 0 0 4594 4594
1827 0 0 0 4876 4876
1828 4922 0 2 0 4924
1829 0 0 0 4999 4999
1830 1 0 4945 0 4946
1831 4986 0 0 0 4986
1832 5075 0 0 1 5076
1833 5054 0 0 0 5054
1834 4990 0 0 1 4991
1835 1 5017 0 0 5018
1836 0 2 2 5003 5007
1837 0 0 4966 0 4966
1838 4940 0 0 0 4940
1839 0 4955 0 0 4955
1840 0 4954 0 2 4956
1841 4953 0 0 0 4953
1842 0 0 4950 0 4950
1843 0 0 0 4853 4853
1844 0 1 0 4981 4982
1845 10 4991 1 1 5003
1846 4977 0 0 0 4977
1847 0 0 1 4942 4943
1848 4935 0 0 0 4935
1849 4919 0 1 0 4920
1850 4883 0 0 0 4883
1851 1 0 4891 0 4892
1852 0 0 0 4682 4682
1853 0 0 0 4847 4847
1854 0 0 4827 0 4827
1855 0 4797 0 0 4797
1856 0 0 1 4786 4787
1857 0 0 4743 0 4743
1858 0 4544 0 0 4544
1859 0 4671 0 1 4672
1860 19 0 0 4686 4705
1861 0 0 0 4598 4598
1862 0 0 0 4636 4636
1863 0 0 0 4455 4455
1864 0 0 0 4538 4538
1865 0 0 4461 0 4461
1866 0 0 0 4158 4158
1867 0 0 0 4153 4153
1868 1 0 0 4124 4125
1869 0 4131 0 0 4131
1870 1 1 1 4074 4077
1871 0 4053 0 0 4053
1872 3980 0 0 0 3980
1873 0 3944 0 1 3945
1874 0 3970 0 0 3970
1875 3929 0 0 0 3929
1876 0 3935 0 0 3935
1877 0 3956 0 0 3956
1878 3920 0 2 0 3922
1879 3872 0 0 0 3872
1880 3877 0 0 0 3877
1881 3889 0 0 0 3889
1882 0 0 1 3794 3795
1883 0 1 0 3797 3798
1884 3834 0 1 0 3835
1885 3820 0 0 0 3820
1886 0 0 3789 0 3789
1887 0 0 3791 0 3791
1888 3743 0 0 0 3743
1889 0 0 3801 0 3801
1890 0 3657 0 0 3657
1891 3717 0 0 0 3717
1892 3766 0 0 0 3766
1893 0 0 0 3840 3840
1894 1 0 3907 0 3908
1895 0 0 3881 0 3881
1896 0 0 3860 0 3860
1897 0 0 3895 0 3895
1898 3830 0 42 0 3872
1899 0 0 3845 0 3845
1900 0 3723 0 0 3723
1901 0 3860 0 0 3860
1902 0 0 0 3926 3926
1903 0 0 0 3938 3938
1904 3840 0 0 0 3840
1905 0 2 0 3802 3804
1906 0 3832 0 0 3832
1907 3801 0 0 0 3801
1908 3722 0 0 0 3722
1909 0 0 0 3704 3704
1910 0 0 0 3653 3653
1911 1 3633 0 0 3634
1912 0 0 0 3654 3654
1913 1 0 1 3753 3755
1914 3774 1 0 0 3775
1915 3754 0 0 0 3754
1916 3703 0 2 1 3706
1917 3657 0 0 0 3657
1918 0 3689 0 0 3689
1919 0 1 0 3579 3580
1920 0 0 0 3645 3645
1921 2 0 3641 1 3644
1922 1 0 0 3531 3532
1923 3535 0 0 0 3535
1924 0 0 0 3565 3565
1925 0 0 0 3548 3548
1926 1 0 3480 0 3481
1927 3439 0 1 0 3440
1928 3463 0 0 0 3463
1929 3393 0 0 0 3393
1930 0 0 3274 0 3274
1931 0 0 3274 0 3274
1932 3171 0 3 0 3174
1933 0 0 3208 0 3208
1934 0 0 3091 0 3091
1935 3124 0 0 0 3124
1936 0 0 2981 2 2983
1937 1 0 2973 0 2974
1938 1 1 2997 3 3002
1939 2 0 3329 0 3331
1940 3673 0 0 0 3673
1941 3669 0 0 0 3669
1942 3664 0 0 0 3664
1943 3644 0 0 0 3644
1944 0 1 1 3582 3584
1945 0 0 1 3582 3583
1946 1 0 1 3626 3628
1947 0 3647 0 0 3647
1948 3670 0 0 0 3670
1949 0 0 0 3571 3571
1950 0 3660 0 1 3661
1951 0 0 3641 0 3641
1952 3644 0 0 0 3644
1953 3649 0 0 0 3649
1954 1 0 3695 0 3696
1955 0 1 0 3409 3410
1956 3375 0 0 1 3376
1957 3336 0 0 0 3336
1958 0 0 3342 0 3342
1959 0 0 3236 0 3236
1960 3272 0 0 0 3272
1961 3280 0 0 0 3280
1962 3283 0 0 0 3283
1963 0 0 3250 0 3250
1964 0 0 3235 0 3235
1965 0 0 3243 0 3243
1966 0 0 0 3113 3113
1967 0 3142 0 0 3142
1968 0 0 0 3125 3125
1969 0 3140 0 0 3140
1970 1 3244 0 0 3245
1971 0 0 0 3196 3196
1972 0 3186 0 1 3187
1973 0 0 0 3261 3261
1974 3250 0 0 0 3250
1975 0 0 0 3115 3115
1976 1 0 0 3104 3105
1977 0 0 0 3074 3074
1978 0 0 0 3023 3023
1979 0 2998 0 19 3017
1980 0 3124 0 1 3125
1981 0 0 0 3034 3034
1982 3053 0 0 0 3053
1983 0 0 0 3032 3032
1984 2991 0 0 0 2991
1985 2933 0 0 0 2933
1986 0 0 0 2832 2832
1987 0 2826 0 2 2828
1988 0 2851 0 0 2851
1989 2839 0 2 1 2842
1990 0 2817 0 0 2817
1991 2977 0 0 0 2977
1992 2919 0 0 0 2919
1993 2883 0 0 0 2883
1994 0 2914 0 0 2914
1995 2944 0 0 1 2945
1996 0 0 2881 0 2881
1997 2914 0 0 0 2914
1998 2903 0 0 0 2903
1999 0 0 2873 0 2873
2000 0 0 0 2763 2763
2001 0 2775 0 9 2784
2002 0 2836 0 0 2836
2003 0 1 0 2850 2851
2004 2842 0 0 0 2842
2005 2805 0 0 0 2805
2006 1 2800 0 0 2801
2007 0 1 0 2723 2724
2008 2781 0 0 0 2781
2009 13 1 0 2726 2740
2010 2764 0 0 12 2776
2011 0 2 0 2707 2709
2012 0 0 2746 0 2746
2013 0 2736 0 5 2741
2014 0 0 2888 0 2888
2015 0 0 2841 0 2841
2016 0 2832 1 0 2833
2017 2775 71 0 0 2846
2018 0 0 2721 0 2721
2019 2698 1 0 0 2699
2020 2698 0 0 0 2698
2021 0 0 1 2717 2718
2022 1 0 2733 0 2734
2023 2693 0 0 0 2693
2024 0 0 0 2732 2732
2025 2 0 2707 0 2709
2026 0 0 0 2696 2696
2027 0 2703 0 0 2703
2028 2692 0 0 0 2692
2029 0 0 1 2649 2650
2030 0 0 0 2745 2745
2031 2704 0 1 2 2707
2032 2697 0 0 0 2697
2033 2686 0 0 0 2686
2034 2628 0 0 0 2628
2035 0 0 2635 0 2635
2036 0 0 2691 0 2691
2037 1 0 2685 0 2686
2038 2750 0 0 0 2750
2039 2762 0 0 0 2762
2040 2773 0 0 0 2773
2041 2768 0 0 0 2768
2042 0 0 0 2675 2675
2043 0 0 0 2700 2700
2044 0 0 2671 0 2671
2045 2603 0 0 0 2603
2046 2603 1 1 0 2605
2047 0 0 2625 0 2625
2048 2602 0 0 0 2602
2049 0 0 0 2595 2595
2050 0 0 2600 0 2600
2051 2592 0 0 0 2592
2052 2547 0 2 0 2549
2053 0 0 2496 1 2497
2054 2476 0 1 1 2478
2055 2447 0 2 0 2449
2056 2494 0 0 0 2494
2057 0 0 2458 0 2458
2058 0 0 2476 0 2476
2059 2377 0 0 0 2377
2060 2391 0 1 0 2392
2061 0 0 0 2377 2377
2062 2358 0 0 0 2358
2063 0 0 2342 0 2342
2064 2338 0 0 0 2338
2065 0 0 0 2278 2278
2066 0 2309 0 19 2328
2067 2316 0 0 0 2316
2068 2302 0 0 0 2302
2069 0 0 0 2377 2377
2070 0 0 2384 0 2384
2071 0 0 2341 0 2341
2072 0 0 2291 0 2291
2073 1 0 2293 0 2294
2074 2291 0 0 0 2291
2075 2271 0 0 0 2271
2076 0 1 31 2212 2244
2077 0 0 2241 0 2241
2078 0 2231 0 3 2234
2079 2178 0 1 0 2179
2080 0 0 2198 0 2198
2081 0 0 0 2123 2123
2082 2139 0 0 0 2139
2083 1 0 0 2068 2069
2084 0 0 0 2091 2091
2085 2093 0 0 0 2093
2086 0 0 2004 0 2004
2087 0 2006 0 0 2006
2088 2018 0 0 0 2018
2089 0 0 1939 0 1939
2090 83 0 1836 0 1919
2091 0 1934 0 0 1934
2092 0 0 0 1954 1954
2093 0 1 0 1911 1912
2094 1 0 0 1906 1907
2095 0 1870 0 0 1870
2096 1 0 0 1858 1859
2097 0 1872 0 0 1872
2098 2 0 1862 0 1864
2099 0 1 0 1873 1874
2100 0 0 0 1880 1880
2101 1866 0 2 0 1868
2102 0 0 1875 0 1875
2103 0 0 0 1756 1756
2104 1 0 1762 0 1763
2105 0 0 1779 0 1779
2106 0 1803 0 0 1803
2107 1825 0 0 0 1825
2108 1823 0 0 0 1823
2109 1 0 1833 0 1834
2110 0 0 0 1768 1768
2111 1832 0 0 0 1832
2112 0 0 0 1813 1813
2113 0 0 1822 1 1823
2114 1797 0 0 0 1797
2115 1 1808 0 0 1809
2116 0 1799 0 0 1799
2117 0 1814 0 0 1814
2118 1832 0 0 0 1832
2119 0 0 1822 0 1822
2120 1763 0 0 0 1763
2121 0 0 0 1685 1685
2122 0 1704 0 18 1722
2123 0 1 0 1651 1652
2124 0 0 0 1678 1678
2125 0 0 1688 0 1688
2126 0 0 1621 0 1621
2127 1575 0 0 0 1575
2128 0 0 1580 0 1580
2129 1552 0 0 0 1552
2130 0 0 0 1548 1548
2131 0 0 0 1557 1557
2132 0 9 0 1532 1541
2133 0 1556 0 1 1557
2134 1567 0 0 0 1567
2135 1547 0 0 0 1547
2136 1561 0 0 0 1561
2137 1527 0 0 0 1527
2138 0 1569 0 0 1569
2139 0 0 0 1535 1535
2140 1545 0 0 0 1545
2141 0 0 0 1464 1464
2142 0 0 0 1469 1469
2143 0 0 1441 0 1441
2144 1437 0 0 2 1439
2145 1438 0 0 0 1438
2146 0 0 1426 0 1426
2147 1428 0 0 0 1428
2148 1391 0 1 0 1392
2149 21 1394 0 0 1415
2150 0 0 0 1385 1385
2151 1 1 0 1390 1392
2152 0 0 1369 0 1369
2153 1371 0 0 0 1371
2154 1332 0 0 0 1332
2155 1306 0 0 0 1306
2156 1289 0 0 0 1289
2157 0 0 1177 0 1177
2158 0 1110 0 0 1110
2159 0 0 0 1194 1194
2160 0 0 1196 0 1196
2161 1171 0 1 0 1172
2162 1174 0 0 0 1174
2163 1111 0 0 0 1111
2164 19 1057 0 0 1076
2165 0 1101 0 0 1101
2166 1102 0 0 0 1102
2167 0 0 1081 0 1081
2168 0 0 1047 0 1047
2169 0 0 1082 0 1082
2170 0 0 1090 0 1090
2171 1124 0 0 0 1124
2172 1015 0 0 0 1015
2173 1012 0 0 0 1012
2174 1001 0 1 0 1002
2175 0 0 996 0 996
2176 0 0 944 0 944
2177 0 968 0 1 969
2178 974 0 0 0 974
2179 936 0 0 0 936
2180 927 0 0 0 927
2181 0 932 0 0 932
2182 934 0 0 0 934
2183 0 0 1 904 905
2184 0 913 0 0 913
2185 2 0 1 912 915
2186 0 0 0 920 920
2187 0 0 930 0 930
2188 0 913 0 0 913
2189 0 0 0 927 927
2190 0 0 0 875 875
2191 0 0 0 849 849
2192 853 0 0 0 853
2193 0 0 0 849 849
2194 0 846 0 0 846
2195 844 0 0 0 844
2196 851 0 0 0 851
2197 0 0 851 0 851
2198 0 0 845 0 845
2199 622 0 1 0 623
2200 623 0 1 0 624
2201 626 0 0 0 626
2202 610 0 0 0 610
2203 28 581 0 1 610
2204 0 615 0 0 615
2205 618 0 0 0 618
2206 0 0 618 0 618
2207 0 0 0 619 619
2208 0 0 0 619 619
2209 626 0 0 0 626
2210 606 0 0 0 606
2211 603 0 0 0 603
2212 0 0 604 0 604
2213 0 0 0 567 567
2214 799 0 0 0 799
2215 0 0 805 0 805
2216 0 0 0 772 772
2217 0 0 799 0 799
2218 791 0 0 0 791
2219 795 0 1 0 796
2220 581 0 226 0 807
2221 580 0 226 0 806
2222 0 0 818 0 818
2223 3 0 813 0 816
2224 815 0 0 0 815
2225 825 0 0 0 825
2226 827 0 0 0 827
2227 577 0 255 0 832
2228 0 0 816 0 816
2229 0 0 823 0 823
2230 0 0 0 764 764
2231 813 0 0 0 813
2232 0 0 0 812 812
2233 827 0 0 0 827
2234 0 0 827 0 827
2235 0 0 0 834 834
2236 0 0 843 0 843
2237 0 837 0 0 837
2238 0 0 0 839 839
2239 0 0 0 850 850
2240 0 0 0 838 838
2241 0 0 797 0 797
2242 0 0 0 773 773
2243 0 773 0 0 773
2244 0 783 0 0 783
2245 521 0 252 0 773
2246 770 0 0 0 770
2247 0 0 0 771 771
2248 0 0 768 0 768
2249 761 0 0 0 761
2250 0 766 0 0 766
2251 782 0 0 0 782
2252 0 0 0 764 764
2253 0 0 0 719 719
2254 0 0 0 710 710
2255 0 720 0 0 720
2256 724 0 0 0 724
2257 0 721 0 0 721
2258 477 0 251 0 728
2259 481 0 245 0 726
2260 0 0 731 0 731
2261 0 0 725 0 725
2262 729 0 0 0 729
2263 729 0 0 0 729
2264 0 23 0 700 723
2265 0 24 0 707 731
2266 736 0 0 0 736
2267 737 0 0 0 737
2268 0 0 717 0 717
2269 725 0 0 0 725
2270 0 0 722 0 722
2271 736 0 0 0 736
2272 0 714 0 0 714
2273 731 0 0 0 731
2274 719 0 11 0 730
2275 714 0 0 0 714
2276 0 0 706 0 706
2277 712 0 0 0 712
2278 670 0 22 0 692
2279 0 0 0 700 700
2280 0 0 691 0 691
2281 683 0 0 0 683
2282 0 693 0 0 693
2283 694 0 0 0 694
2284 2 0 687 0 689
2285 0 0 0 685 685
2286 0 0 0 686 686
2287 0 0 681 0 681
2288 441 0 246 0 687
2289 0 0 683 0 683
2290 0 0 0 667 667
2291 1 682 0 0 683
2292 0 0 0 688 688
2293 688 0 0 0 688
2294 0 0 1 689 690
2295 0 0 696 0 696
2296 0 0 684 0 684
2297 0 0 680 0 680
2298 33 17 632 0 682
2299 0 0 0 655 655
2300 0 0 666 0 666
2301 0 0 659 0 659
2302 0 0 620 0 620
2303 0 601 0 0 601
2304 0 613 0 0 613
2305 26 0 0 584 610
2306 0 0 0 575 575
2307 0 0 585 0 585
2308 569 0 0 0 569
2309 0 0 580 0 580
2310 0 561 0 0 561
2311 0 0 0 531 531
2312 540 0 0 0 540
2313 539 0 0 0 539
2314 0 0 0 22 22
