0 0 0 0 0 0
1 867 0 0 0 867
2 1 0 0 903 904
3 0 0 902 0 902
4 919 0 0 0 919
5 0 948 0 0 948
6 956 0 0 0 956
7 0 1 0 956 957
8 0 0 0 961 961
9 925 0 33 0 958
10 0 0 953 0 953
11 0 1134 0 0 1134
12 0 1133 0 52 1185
13 1192 0 0 0 1192
14 1194 0 3 0 1197
15 1188 0 3 0 1191
16 1193 0 0 0 1193
17 0 0 0 1191 1191
18 0 0 0 1200 1200
19 1 0 1186 0 1187
20 1172 0 0 0 1172
21 1182 0 0 0 1182
22 0 3 0 1189 1192
23 0 0 0 1209 1209
24 3 0 1194 0 1197
25 0 0 0 1202 1202
26 0 0 0 1204 1204
27 1210 0 7 0 1217
28 1215 0 0 0 1215
29 1166 0 37 1 1204
30 1166 3 31 0 1200
31 2 1215 0 0 1217
32 1220 0 0 0 1220
33 1207 0 0 0 1207
34 0 1210 0 0 1210
35 0 0 0 1206 1206
36 0 0 1201 0 1201
37 0 1208 0 0 1208
38 0 0 0 1219 1219
39 1216 1 0 0 1217
40 1212 2 0 0 1214
41 5 0 1235 2 1242
42 10 0 1296 0 1306
43 0 0 1309 0 1309
44 1310 0 3 1 1314
45 0 1336 0 2 1338
46 1342 0 0 0 1342
47 1342 1 0 0 1343
48 0 0 0 1348 1348
49 0 0 1334 0 1334
50 1335 0 0 0 1335
51 0 0 1354 0 1354
52 1 0 1457 0 1458
53 0 1500 0 2 1502
54 0 1572 0 0 1572
55 1581 0 1 0 1582
56 1600 0 1 0 1601
57 1603 0 5 0 1608
58 1611 2 0 0 1613
59 2 1640 0 0 1642
60 1647 0 0 7 1654
61 9 0 1690 0 1699
62 0 1 0 1667 1668
63 0 1 2 1729 1732
64 0 10 0 1734 1744
65 0 3 0 1756 1759
66 2 0 1730 2 1734
67 1727 1 3 0 1731
68 1751 2 0 0 1753
69 1 0 1731 0 1732
70 2 1752 0 0 1754
71 1751 0 30 0 1781
72 1775 0 0 0 1775
73 1746 0 0 0 1746
74 0 1747 0 0 1747
75 1767 0 0 0 1767
76 1746 0 0 0 1746
77 0 1765 0 0 1765
78 1787 0 4 0 1791
79 15 0 1768 1 1784
80 1 1 0 1752 1754
81 1831 0 0 0 1831
82 19 0 1811 0 1830
83 1818 3 25 0 1846
84 0 1860 0 4 1864
85 0 1843 0 54 1897
86 1902 0 0 0 1902
87 1893 0 0 1 1894
88 0 0 0 1910 1910
89 1915 0 0 0 1915
90 0 0 0 1900 1900
91 1899 0 5 0 1904
92 1913 1 0 0 1914
93 27 1886 0 0 1913
94 1919 0 1 0 1920
95 0 0 0 1916 1916
96 1929 0 0 0 1929
97 1933 0 0 0 1933
98 0 0 1 1925 1926
99 1941 0 4 0 1945
100 2034 0 0 0 2034
101 1 0 2165 1 2167
102 2240 0 1 0 2241
103 2239 0 2 0 2241
104 2248 0 0 0 2248
105 2247 1 1 0 2249
106 0 0 0 2263 2263
107 1 0 0 2267 2268
108 0 2267 0 0 2267
109 2300 0 0 0 2300
110 2288 0 1 0 2289
111 0 0 0 2296 2296
112 2295 0 1 0 2296
113 0 2310 0 0 2310
114 2289 0 14 2 2305
115 0 2 0 2289 2291
116 6 2316 0 0 2322
117 2325 0 0 0 2325
118 2309 0 0 0 2309
119 6 0 2296 0 2302
120 11 0 2286 0 2297
121 2293 0 1 0 2294
122 0 0 0 2319 2319
123 1 1 0 2300 2302
124 1 0 2293 1 2295
125 2273 0 0 1 2274
126 2321 0 5 0 2326
127 2323 0 0 1 2324
128 2316 0 0 0 2316
129 0 0 2322 0 2322
130 2256 0 82 0 2338
131 2337 0 0 0 2337
132 0 2 0 2349 2351
133 0 2321 0 0 2321
134 0 2343 0 0 2343
135 0 21 0 2342 2363
136 0 0 0 2365 2365
137 2 2388 0 1 2391
138 2382 0 0 1 2383
139 3 2390 0 4 2397
140 0 5 0 2403 2408
141 2438 0 0 0 2438
142 2412 0 0 0 2412
143 3 0 2419 0 2422
144 5 0 2381 0 2386
145 2407 0 0 0 2407
146 0 0 0 2411 2411
147 0 0 2420 0 2420
148 2439 0 0 0 2439
149 2430 0 0 0 2430
150 4 0 2193 0 2197
151 0 4 0 2134 2138
152 1 0 2160 1 2162
153 1 0 2102 0 2103
154 0 0 2094 0 2094
155 0 2231 0 2 2233
156 0 2265 0 0 2265
157 2322 5 1 1 2329
158 0 0 0 2359 2359
159 0 0 2356 0 2356
160 1 2 0 2317 2320
161 2 0 2372 0 2374
162 2 2 0 2382 2386
163 0 0 0 2537 2537
164 0 2622 0 1 2623
165 0 7 0 2693 2700
166 2704 0 2 0 2706
167 2701 1 0 0 2702
168 97 2800 20 29 2946
169 0 0 0 3179 3179
170 0 2 0 3182 3184
171 0 1 0 3200 3201
172 0 3196 0 8 3204
173 0 3203 0 4 3207
174 0 3680 0 4 3684
175 1 0 0 3700 3701
176 0 2 0 3695 3697
177 2 0 3651 1 3654
178 0 0 3643 0 3643
179 3 3768 1 0 3772
180 0 0 0 3746 3746
181 0 3806 0 10 3816
182 0 1 0 3845 3846
183 3835 0 1 0 3836
184 3811 0 0 0 3811
185 5 3814 0 0 3819
186 1 3829 0 1 3831
187 3864 0 2 0 3866
188 3804 0 0 0 3804
189 0 0 3834 2 3836
190 10 0 3803 0 3813
191 4 0 3769 3 3776
192 41 3835 0 2 3878
193 13 0 3891 0 3904
194 3893 0 3 0 3896
195 0 3 0 3887 3890
196 3940 0 1 1 3942
197 0 6 0 3971 3977
198 0 0 3985 0 3985
199 4 0 3938 0 3942
200 1 3986 0 5 3992
201 4014 0 2 0 4016
202 4019 1 3 0 4023
203 4024 0 2 0 4026
204 3 4037 0 6 4046
205 4090 0 1 0 4091
206 0 0 4019 22 4041
207 4049 1 1 0 4051
208 4040 0 2 0 4042
209 1 0 0 4005 4006
210 0 4029 0 1 4030
211 0 3950 0 0 3950
212 0 4003 0 0 4003
213 3 4061 0 1 4065
214 0 0 0 4061 4061
215 0 1 0 4121 4122
216 0 0 4096 0 4096
217 1 0 4034 0 4035
218 3990 1 7 0 3998
219 4056 0 0 0 4056
220 0 4 0 4103 4107
221 4108 0 3 0 4111
222 0 4090 0 1 4091
223 4055 2 1 0 4058
224 4028 3 1 3 4035
225 3996 1 0 2 3999
226 4 0 3985 2 3991
227 0 0 4005 0 4005
228 0 0 3989 1 3990
229 3985 0 1 0 3986
230 0 0 0 4019 4019
231 4055 0 2 0 4057
232 3 4056 0 1 4060
233 4065 0 1 0 4066
234 4063 0 1 0 4064
235 0 4099 0 0 4099
236 0 2 1 4078 4081
237 1 10 0 4116 4127
238 4166 0 0 0 4166
239 4136 0 1 0 4137
240 4125 0 1 0 4126
241 4081 0 1 0 4082
242 2 4043 0 0 4045
243 4095 0 6 1 4102
244 4079 0 2 0 4081
245 4045 0 0 0 4045
246 5 0 0 3984 3989
247 3 0 3965 0 3968
248 2 3976 0 6 3984
249 1 6 0 3996 4003
250 9 0 4004 2 4015
251 4019 0 3 0 4022
252 3981 0 23 0 4004
253 5 0 3980 0 3985
254 3964 0 0 0 3964
255 0 4012 0 1 4013
256 4024 1 1 0 4026
257 1 0 0 4051 4052
258 4087 0 2 1 4090
259 1 0 4047 0 4048
260 2 0 4023 2 4027
261 4041 0 1 0 4042
262 4033 0 0 1 4034
263 0 4046 0 0 4046
264 1 4110 0 0 4111
265 4133 0 0 0 4133
266 4113 0 0 0 4113
267 4101 0 8 0 4109
268 6 0 4059 1 4066
269 0 0 4085 0 4085
270 4 4054 0 8 4066
271 1 4124 0 3 4128
272 4157 0 4 0 4161
273 4151 0 2 0 4153
274 4155 0 2 0 4157
275 2 0 0 4144 4146
276 1 3 4118 0 4122
277 0 1 0 3972 3973
278 2 0 4057 0 4059
279 0 4036 0 10 4046
280 0 2 0 4051 4053
281 1 4085 0 1 4087
282 4132 0 0 0 4132
283 4129 0 1 0 4130
284 0 0 0 4113 4113
285 4100 3 3 0 4106
286 10 0 4043 1 4054
287 0 4047 0 0 4047
288 4064 0 17 2 4083
289 1 0 4067 0 4068
290 0 3980 0 3 3983
291 4007 0 1 0 4008
292 1 0 4025 0 4026
293 0 0 0 3978 3978
294 0 7 0 3987 3994
295 3967 0 1 10 3978
296 0 4006 0 0 4006
297 0 1 0 3980 3981
298 0 2 4 3998 4004
299 0 0 4002 2 4004
300 0 1 3999 0 4000
301 0 0 0 3833 3833
302 0 0 4036 0 4036
303 1 0 4041 0 4042
304 3977 1 51 0 4029
305 4041 0 0 1 4042
306 1 1 1 4063 4066
307 4045 0 0 0 4045
308 6 4053 0 0 4059
309 4049 0 15 2 4066
310 0 6 0 4038 4044
311 4070 0 2 0 4072
312 0 1 0 4049 4050
313 1 0 4049 0 4050
314 2 0 4021 1 4024
315 4011 1 0 1 4013
316 1 3999 0 1 4001
317 0 4032 0 0 4032
318 4090 0 2 0 4092
319 4080 2 0 0 4082
320 0 0 1 4075 4076
321 4107 0 1 0 4108
322 0 0 4090 1 4091
323 1 0 4067 0 4068
324 4061 0 2 1 4064
325 1 0 4045 0 4046
326 4033 0 22 0 4055
327 2 4045 2 1 4050
328 4062 0 0 0 4062
329 0 4150 0 1 4151
330 83 1 4064 11 4159
331 16 1 4154 0 4171
332 4143 0 25 0 4168
333 4188 0 9 1 4198
334 3 0 4250 3 4256
335 0 0 4390 0 4390
336 0 2 13 4160 4175
337 0 4 1 4380 4385
338 0 1 2 4413 4416
339 0 14 1 4442 4457
340 1 0 4443 0 4444
341 4393 0 0 3 4396
342 4425 0 0 1 4426
343 4430 1 2 2 4435
344 3 0 4415 0 4418
345 8 0 4349 0 4357
346 15 0 4365 0 4380
347 0 0 1 4235 4236
348 1 4345 0 1 4347
349 0 0 0 4370 4370
350 4365 1 2 0 4368
351 0 4379 0 1 4380
352 4 1 4389 1 4395
353 4356 0 1 0 4357
354 4356 0 30 0 4386
355 4352 0 3 0 4355
356 2 0 4309 0 4311
357 0 4305 0 1 4306
358 2 8 0 4330 4340
359 0 0 0 4354 4354
360 0 0 0 4390 4390
361 3 1 0 4385 4389
362 0 0 0 4364 4364
363 0 0 1 4289 4290
364 0 4194 0 13 4207
365 1 0 0 4111 4112
366 6 4129 4 0 4139
367 4160 0 2 0 4162
368 2 0 4153 0 4155
369 4134 0 2 0 4136
370 4141 0 2 0 4143
371 4140 0 2 0 4142
372 4084 0 0 0 4084
373 4064 0 0 0 4064
374 3 2 2 4004 4011
375 102 0 3794 0 3896
376 3875 0 1 0 3876
377 0 0 3874 1 3875
378 3828 0 9 0 3837
379 0 3802 0 1 3803
380 0 0 0 3800 3800
381 0 0 0 3829 3829
382 4 0 3772 2 3778
383 3718 0 3 0 3721
384 3 3640 1 30 3674
385 3558 0 0 0 3558
386 3457 0 0 0 3457
387 2 3433 0 60 3495
388 1 0 3466 1 3468
389 0 3417 0 0 3417
390 0 3443 0 1 3444
391 3426 0 0 0 3426
392 0 3453 0 3 3456
393 1 1 1 3419 3422
394 0 0 0 3406 3406
395 2 0 3425 0 3427
396 0 0 3356 0 3356
397 6 0 3344 1 3351
398 1 0 3367 0 3368
399 0 3323 0 14 3337
400 1 3381 0 4 3386
401 2 0 3384 0 3386
402 83 0 3269 2 3354
403 3236 0 13 0 3249
404 0 0 0 3344 3344
405 3349 0 0 0 3349
406 3317 0 20 0 3337
407 0 3352 0 22 3374
408 0 4 0 3374 3378
409 0 0 0 3364 3364
410 0 0 0 3398 3398
411 0 2 0 3394 3396
412 0 0 3307 1 3308
413 2 3 3206 0 3211
414 18 3194 0 19 3231
415 2 3235 0 0 3237
416 0 3273 0 0 3273
417 3259 5 0 1 3265
418 2 0 3310 0 3312
419 2 1 0 3242 3245
420 0 5 0 3331 3336
421 0 0 3382 0 3382
422 3371 0 0 0 3371
423 3394 0 0 0 3394
424 3402 0 1 0 3403
425 1 0 3342 0 3343
426 3367 0 0 0 3367
427 0 0 3372 6 3378
428 0 1 2 3127 3130
429 33 0 3268 0 3301
430 3180 96 0 0 3276
431 0 0 3435 0 3435
432 3447 0 1 2 3450
433 3493 0 0 1 3494
434 3518 0 0 0 3518
435 3488 0 0 0 3488
436 3466 2 1 0 3469
437 12 0 3433 0 3445
438 3322 0 6 0 3328
439 0 0 3351 0 3351
440 1 0 0 3201 3202
441 3263 0 2 0 3265
442 1 3294 0 2 3297
443 0 1 0 3293 3294
444 3281 0 1 0 3282
445 0 3338 0 0 3338
446 0 0 0 3333 3333
447 3361 0 2 0 3363
448 3345 0 0 0 3345
449 3255 0 0 0 3255
450 4 3272 0 0 3276
451 1 3220 0 0 3221
452 1 3252 0 0 3253
453 0 0 0 3206 3206
454 0 3261 1 0 3262
455 0 0 0 3158 3158
456 0 3248 0 0 3248
457 3195 0 0 0 3195
458 0 3238 0 0 3238
459 0 3256 0 0 3256
460 3251 0 4 0 3255
461 3212 0 2 0 3214
462 7 0 3238 1 3246
463 0 0 3218 1 3219
464 3239 0 2 0 3241
465 3252 0 2 0 3254
466 3277 0 0 0 3277
467 0 1 0 3196 3197
468 2 0 3208 1 3211
469 0 3135 0 1 3136
470 1 3166 0 2 3169
471 48 61 0 3033 3142
472 2 3167 0 1 3170
473 4 3201 0 0 3205
474 17 3 3215 0 3235
475 3 0 3206 0 3209
476 3140 0 2 0 3142
477 0 0 0 3140 3140
478 0 0 3142 0 3142
479 3142 6 0 0 3148
480 0 0 3143 0 3143
481 0 3 3076 0 3079
482 0 3119 0 0 3119
483 57 0 3033 62 3152
484 3080 1 12 2 3095
485 2 0 3157 0 3159
486 1 3089 0 0 3090
487 3121 1 0 3 3125
488 3104 0 0 1 3105
489 1 2 0 3150 3153
490 0 0 3204 0 3204
491 0 0 0 3183 3183
492 1 0 3340 1 3342
493 3363 0 0 0 3363
494 1 2 2 3373 3378
495 3376 0 2 1 3379
496 3374 0 0 2 3376
497 0 4 0 3576 3580
498 1 0 3637 1 3639
499 1 0 3736 0 3737
500 3752 0 2 1 3755
501 3768 0 1 0 3769
502 3773 0 0 0 3773
503 2 0 0 3790 3792
504 3804 0 0 0 3804
505 2 10 0 3753 3765
506 0 0 0 3785 3785
507 8 0 3777 0 3785
508 0 1 0 3709 3710
509 0 3 1 3686 3690
510 2 3704 0 0 3706
511 3 3603 0 0 3606
512 0 3746 1 1 3748
513 0 5 0 3787 3792
514 3798 0 1 1 3800
515 3782 2 1 0 3785
516 3763 0 1 0 3764
517 0 0 3781 0 3781
518 3753 0 1 1 3755
519 3757 3 0 3 3763
520 0 0 3727 0 3727
521 2 3737 0 1 3740
522 3821 0 11 0 3832
523 0 0 3901 0 3901
524 3 0 3858 0 3861
525 3924 0 0 0 3924
526 3908 0 1 0 3909
527 1 0 0 3870 3871
528 3899 0 0 0 3899
529 5 3846 1 0 3852
530 0 3915 0 1 3916
531 4004 0 0 0 4004
532 4191 0 0 0 4191
533 12 0 4176 0 4188
534 4213 0 0 0 4213
535 0 0 4217 0 4217
536 4242 0 0 0 4242
537 4231 0 2 0 4233
538 0 0 0 4151 4151
539 2 4164 0 2 4168
540 1 4180 0 0 4181
541 4184 0 0 0 4184
542 2 4234 0 2 4238
543 0 0 4 4185 4189
544 0 1 0 4251 4252
545 0 1 4250 0 4251
546 0 0 4215 1 4216
547 4150 0 22 2 4174
548 1 0 0 4235 4236
549 4256 0 0 0 4256
550 1 4236 0 0 4237
551 4237 0 2 0 4239
552 0 0 0 4268 4268
553 4224 4 0 3 4231
554 40 0 4191 1 4232
555 5 0 4196 0 4201
556 1 0 4200 0 4201
557 4154 0 1 0 4155
558 4236 0 2 0 4238
559 5 4244 0 1 4250
560 0 0 0 4299 4299
561 60 0 4225 0 4285
562 4233 0 5 0 4238
563 0 4 0 4288 4292
564 4310 0 0 0 4310
565 4295 0 0 3 4298
566 4258 0 39 0 4297
567 4289 0 3 1 4293
568 3 0 4320 0 4323
569 4386 0 3 0 4389
570 4505 0 0 2 4507
571 4521 0 0 1 4522
572 4511 0 1 0 4512
573 4538 1 0 1 4540
574 4515 0 1 0 4516
575 25 0 4486 0 4511
576 4447 0 4 2 4453
577 2 0 4595 0 4597
578 4610 1 1 0 4612
579 4625 1 8 1 4635
580 4624 0 0 0 4624
581 4594 0 7 0 4601
582 4561 0 12 0 4573
583 0 0 2 4515 4517
584 2 0 2 4529 4533
585 9 0 4466 2 4477
586 4455 1 2 1 4459
587 4506 0 2 0 4508
588 4512 0 6 0 4518
589 14 0 4477 0 4491
590 3 0 4438 0 4441
591 4454 0 0 0 4454
592 4471 0 1 1 4473
593 1 4454 0 0 4455
594 4431 0 0 2 4433
595 4447 0 1 0 4448
596 0 0 0 4422 4422
597 4 0 4433 0 4437
598 4418 0 0 0 4418
599 0 0 0 4426 4426
600 4437 0 1 0 4438
601 4430 0 1 0 4431
602 0 4464 0 2 4466
603 1 0 2 4376 4379
604 2 4455 1 0 4458
605 1 4484 0 0 4485
606 4524 0 1 0 4525
607 4456 0 0 0 4456
608 1 4 0 4393 4398
609 3 4487 0 0 4490
610 4 0 4468 0 4472
611 0 5 0 4368 4373
612 4433 4 32 11 4480
613 2 4592 0 0 4594
614 0 0 0 4562 4562
615 7 0 4547 5 4559
616 1 0 4506 0 4507
617 0 4578 0 5 4583
618 4654 1 1 5 4661
619 0 0 2 4630 4632
620 4641 1 0 0 4642
621 1 4657 0 0 4658
622 4664 1 0 0 4665
623 1 1 0 4631 4633
624 0 0 4639 0 4639
625 6 4635 0 0 4641
626 2 1 0 4707 4710
627 0 1 1 4747 4749
628 0 0 4740 0 4740
629 4720 1 1 1 4723
630 4759 0 4 0 4763
631 4799 0 0 0 4799
632 2 0 4810 3 4815
633 4825 0 2 1 4828
634 1 0 4786 1 4788
635 4795 0 0 0 4795
636 4745 0 67 1 4813
637 4 4905 0 0 4909
638 0 1 2 4899 4902
639 2 0 4929 2 4933
640 5 0 4889 0 4894
641 0 2 0 4794 4796
642 0 1 0 4945 4946
643 1 0 4942 0 4943
644 3 5126 1 1 5131
645 0 1 0 5105 5106
646 3 5194 0 1 5198
647 3 0 5222 0 5225
648 5143 0 0 1 5144
649 5201 0 1 0 5202
650 4 0 5335 0 5339
651 5321 0 0 0 5321
652 5363 0 2 0 5365
653 0 0 5379 1 5380
654 5397 0 2 0 5399
655 0 0 0 5419 5419
656 0 3 0 5409 5412
657 0 5425 0 2 5427
658 2 0 0 5410 5412
659 0 4 0 5405 5409
660 9 1 5366 0 5376
661 1 5331 0 15 5347
662 2 5385 0 1 5388
663 5420 0 2 3 5425
664 0 3 5391 0 5394
665 1 1 2 5322 5326
666 1 0 5348 0 5349
667 0 0 5349 0 5349
668 2 5385 0 1 5388
669 5393 0 2 2 5397
670 4 0 5395 1 5400
671 0 0 5217 1 5218
672 4786 0 0 0 4786
673 2 0 4750 2 4754
674 1 4767 0 0 4768
675 4893 0 7 0 4900
676 5267 0 1 0 5268
677 0 4761 2 0 4763
678 4984 0 0 0 4984
679 2 0 0 4601 4603
680 1 4806 0 0 4807
681 4837 2 3 6 4848
682 3 0 4765 4 4772
683 2 4855 0 3 4860
684 0 22 0 4901 4923
685 1 0 4962 0 4963
686 4588 0 2 0 4590
687 5 0 4919 0 4924
688 0 0 0 4435 4435
689 0 0 0 4939 4939
690 0 4760 0 7 4767
691 4840 1 1 2 4844
692 0 1 0 4968 4969
693 5030 0 0 0 5030
694 1 0 4733 0 4734
695 4835 0 1 0 4836
696 5201 1 3 0 5205
697 5328 0 0 0 5328
698 5 8 0 4706 4719
699 5 0 4768 0 4773
700 0 4790 1 1 4792
701 0 0 0 4978 4978
702 4895 23 7 0 4925
703 0 4904 0 2 4906
704 4891 1 1 1 4894
705 1 4888 0 2 4891
706 0 4 0 4810 4814
707 1 0 4914 0 4915
708 1 4957 0 0 4958
709 0 0 1 4964 4965
710 0 1 0 5304 5305
711 4972 0 76 0 5048
712 1 5052 0 7 5060
713 5115 0 0 2 5117
714 5305 0 2 0 5307
715 0 0 4910 3 4913
716 0 1 5176 0 5177
717 0 0 3 3681 3684
718 6 0 4778 0 4784
719 4789 0 3 0 4792
720 5152 0 62 0 5214
721 5388 0 0 0 5388
722 5452 0 0 1 5453
723 0 0 0 4700 4700
724 0 1 0 5093 5094
725 7 0 4756 3 4766
726 1 0 5065 1 5067
727 4653 0 3 2 4658
728 32 0 4797 1 4830
729 4753 0 9 0 4762
730 4 4781 0 2 4787
731 4951 0 1 0 4952
732 5183 1 1 0 5185
733 5227 0 1 0 5228
734 1 7 1 4571 4580
735 4890 0 0 0 4890
736 1 0 0 4653 4654
737 4801 1 3 0 4805
738 0 13 0 4398 4411
739 1 4325 0 3 4329
740 4410 0 1 0 4411
741 2 4409 1 3 4415
742 1 4704 0 1 4706
743 0 4873 0 0 4873
744 4358 0 0 0 4358
745 0 1 4476 0 4477
746 0 0 4621 3 4624
747 4109 0 12 72 4193
748 0 0 4538 1 4539
749 0 0 4692 0 4692
750 8 0 4763 0 4771
751 4364 0 3 0 4367
752 4720 0 0 0 4720
753 1 5 0 4487 4493
754 4573 0 0 0 4573
755 4703 0 0 1 4704
756 4735 0 2 0 4737
757 0 5 0 4236 4241
758 0 1 1 4493 4495
759 4482 1 4 1 4488
760 4622 0 0 0 4622
761 14 4254 0 0 4268
762 0 2 0 4282 4284
763 1 0 4230 3 4234
764 4334 0 0 0 4334
765 1 0 4325 0 4326
766 0 3 0 4169 4172
767 9 4339 3 1 4352
768 3 4564 0 1 4568
769 4422 0 58 0 4480
770 0 0 4438 0 4438
771 1 0 4584 2 4587
772 0 0 1 3992 3993
773 0 4376 4 0 4380
774 0 0 0 4466 4466
775 0 4565 0 0 4565
776 4639 0 2 0 4641
777 4721 0 0 0 4721
778 2 1 0 4532 4535
779 2 4517 0 2 4521
780 4347 1 233 0 4581
781 4664 0 0 0 4664
782 1 2 0 4477 4480
783 4 0 4506 0 4510
784 4488 0 7 0 4495
785 0 2 0 4504 4506
786 4581 7 1 1 4590
787 0 0 4435 0 4435
788 0 4 0 4327 4331
789 4443 0 37 2 4482
790 0 0 4376 0 4376
791 0 4419 0 5 4424
792 0 1 0 4493 4494
793 0 0 0 4614 4614
794 3 0 4506 0 4509
795 0 1 0 4339 4340
796 4471 0 1 0 4472
797 1 0 4488 1 4490
798 15 0 4564 0 4579
799 4445 0 5 0 4450
800 4724 0 1 0 4725
801 4788 0 1 0 4789
802 4826 0 1 0 4827
803 2 4 0 4617 4623
804 4695 0 1 0 4696
805 4777 0 1 1 4779
806 0 0 1 4513 4514
807 6 4519 0 0 4525
808 4745 0 0 2 4747
809 4 2 4653 0 4659
810 4742 0 7 0 4749
811 4865 0 0 2 4867
812 1 0 4736 1 4738
813 4798 0 1 0 4799
814 0 0 1 4776 4777
815 2 4940 0 4 4946
816 5072 0 7 0 5079
817 5067 0 0 0 5067
818 0 0 0 4902 4902
819 4998 0 1 3 5002
820 0 0 5017 0 5017
821 0 2 1 4913 4916
822 2 5159 0 4 5165
823 2 0 5160 0 5162
824 1 4860 0 1 4862
825 0 25 1 4822 4848
826 0 1 1 4981 4983
827 1 4878 0 0 4879
828 4947 1 1 0 4949
829 5001 2 0 0 5003
830 4959 0 0 1 4960
831 6 4855 0 6 4867
832 0 4909 0 0 4909
833 0 4952 0 1 4953
834 4798 0 6 1 4805
835 4 4982 0 9 4995
836 2 0 1 4932 4935
837 3 0 4872 0 4875
838 2 0 4908 3 4913
839 4847 0 2 0 4849
840 2 0 4935 1 4938
841 1 4980 1 4 4986
842 0 0 1 5041 5042
843 5031 1 2 0 5034
844 103 0 4910 0 5013
845 0 5011 1 0 5012
846 0 0 0 5058 5058
847 1 0 5091 0 5092
848 1 1 4 5014 5020
849 5148 0 4 5 5157
850 7 0 5147 0 5154
851 5224 0 0 1 5225
852 5281 0 3 0 5284
853 5348 1 0 4 5353
854 0 0 0 5226 5226
855 1 1 0 5322 5324
856 2 0 5195 1 5198
857 1 5275 0 3 5279
858 5389 2 0 2 5393
859 5405 0 0 0 5405
860 5391 0 2 0 5393
861 13 5332 0 0 5345
862 5401 0 0 1 5402
863 5445 4 0 0 5449
864 98 0 5180 0 5278
865 5265 0 1 0 5266
866 2 5331 0 0 5333
867 1 1 0 5378 5380
868 3 0 5409 0 5412
869 1 2 0 5266 5269
870 115 0 5282 3 5400
871 5358 0 9 0 5367
872 0 0 0 5399 5399
873 5467 0 0 1 5468
874 11 0 5376 0 5387
875 5409 3 0 0 5412
876 0 116 0 5270 5386
877 5408 0 2 0 5410
878 6 5384 0 0 5390
879 0 27 0 5441 5468
880 2 0 5423 0 5425
881 5454 0 0 0 5454
882 5429 1 0 0 5430
883 4 5268 0 128 5400
884 0 5458 0 0 5458
885 0 9 0 5480 5489
886 0 4 0 5552 5556
887 4 0 0 5586 5590
888 5578 0 18 0 5596
889 5550 0 2 0 5552
890 5525 1 0 0 5526
891 4 0 5423 0 5427
892 0 0 0 5273 5273
893 3 5368 0 3 5374
894 5465 0 1 0 5466
895 0 0 0 5445 5445
896 0 0 5446 0 5446
897 1 3 0 5368 5372
898 1 5431 0 5 5437
899 0 1 0 5411 5412
900 9 1 5371 0 5381
901 5 0 5351 0 5356
902 0 5315 3 1 5319
903 5370 1 2 0 5373
904 2 0 5344 2 5348
905 3 5273 0 4 5280
906 0 5353 0 2 5355
907 5413 4 1 1 5419
908 0 1 0 5406 5407
909 5416 3 0 0 5419
910 3 0 5377 3 5383
911 5346 0 0 0 5346
912 128 5294 1 10 5433
913 12 0 5411 3 5426
914 0 0 5407 1 5408
915 5280 1 12 1 5294
916 2 0 5389 0 5391
917 0 0 5401 0 5401
918 0 17 0 5015 5032
919 1 0 5322 0 5323
920 5379 0 0 0 5379
921 1 0 0 5414 5415
922 0 0 5403 0 5403
923 2 0 0 5308 5310
924 5354 1 1 2 5358
925 0 0 5302 0 5302
926 1 5247 0 3 5251
927 0 7 0 5300 5307
928 1 3 1 5290 5295
929 1 0 5268 0 5269
930 1 1 1 5158 5161
931 1 0 5169 1 5171
932 5162 0 1 0 5163
933 1 5157 0 4 5162
934 5185 0 1 0 5186
935 0 1 2 5150 5153
936 5173 1 4 0 5178
937 5156 0 2 0 5158
938 1 0 1 5147 5149
939 5111 0 35 0 5146
940 5156 0 0 0 5156
941 1 0 5037 0 5038
942 5030 0 0 2 5032
943 5 0 5056 0 5061
944 2 5039 0 1 5042
945 0 0 0 5055 5055
946 0 0 5039 0 5039
947 0 5019 0 3 5022
948 5078 1 1 0 5080
949 0 0 1 4991 4992
950 0 0 0 5056 5056
951 5044 0 18 1 5063
952 0 0 4976 3 4979
953 2 0 4921 0 4923
954 4976 0 4 0 4980
955 1 4871 0 35 4907
956 2 0 0 5036 5038
957 5082 0 3 0 5085
958 5059 0 2 0 5061
959 5040 0 3 0 5043
960 9 0 4981 0 4990
961 4946 2 2 0 4950
962 0 0 0 4818 4818
963 0 4881 0 17 4898
964 4912 0 0 0 4912
965 13 0 4864 0 4877
966 4811 0 1 0 4812
967 1 4843 3 0 4847
968 4903 0 0 0 4903
969 4868 0 1 0 4869
970 4840 0 0 0 4840
971 5 1 4789 0 4795
972 4698 0 2 0 4700
973 0 4761 0 2 4763
974 4793 0 0 0 4793
975 4776 0 0 0 4776
976 4718 0 0 0 4718
977 0 0 4676 0 4676
978 4647 0 1 0 4648
979 1 0 0 4543 4544
980 0 2 0 4553 4555
981 2 0 0 4603 4605
982 3 0 4504 0 4507
983 1 0 4459 1 4461
984 4439 2 35 3 4479
985 0 4500 0 2 4502
986 1 0 4484 2 4487
987 1 0 4464 0 4465
988 0 4484 1 2 4487
989 0 2 0 4497 4499
990 2 0 0 4520 4522
991 2 0 4447 4 4453
992 4397 0 2 0 4399
993 10 0 4389 0 4399
994 0 4370 0 13 4383
995 0 6 0 4452 4458
996 4460 0 2 0 4462
997 4442 0 1 0 4443
998 4494 0 0 0 4494
999 4444 0 1 0 4445
1000 4475 0 6 0 4481
1001 7 0 4415 0 4422
1002 4384 0 0 1 4385
1003 4370 0 0 0 4370
1004 0 1 0 4306 4307
1005 4365 0 3 2 4370
1006 0 1 15 4257 4273
1007 0 4305 0 32 4337
1008 4353 0 1 0 4354
1009 3 0 4338 0 4341
1010 0 0 4276 0 4276
1011 4239 0 0 1 4240
1012 4287 0 1 3 4291
1013 6 0 4356 0 4362
1014 4387 0 13 0 4400
1015 0 0 4372 0 4372
1016 0 0 4343 0 4343
1017 4339 0 2 0 4341
1018 0 19 0 4250 4269
1019 0 1 0 4298 4299
1020 1 4311 0 2 4314
1021 4370 0 2 0 4372
1022 4346 0 1 0 4347
1023 4346 0 0 0 4346
1024 4342 0 0 0 4342
1025 4270 0 1 0 4271
1026 2 1 0 4228 4231
1027 6 0 4175 0 4181
1028 4102 1 0 0 4103
1029 1 8 0 4118 4127
1030 2 0 4100 7 4109
1031 4046 0 1 1 4048
1032 4058 0 1 0 4059
1033 4 0 4055 0 4059
1034 4026 1 1 1 4029
1035 4055 0 1 0 4056
1036 4033 1 0 0 4034
1037 0 0 0 3986 3986
1038 3992 1 0 0 3993
1039 0 0 1 3965 3966
1040 0 0 0 3991 3991
1041 4027 0 0 1 4028
1042 3952 1 4 4 3961
1043 0 3 0 3940 3943
1044 3983 0 2 0 3985
1045 3 0 3922 0 3925
1046 0 0 3871 0 3871
1047 6 0 3821 0 3827
1048 3894 0 0 1 3895
1049 3930 0 0 0 3930
1050 2 3925 0 4 3931
1051 1 0 3896 0 3897
1052 1 0 3922 0 3923
1053 3874 0 48 0 3922
1054 3951 0 0 0 3951
1055 11 3897 0 0 3908
1056 3987 0 0 0 3987
1057 3966 0 0 0 3966
1058 0 0 0 3875 3875
1059 3915 0 1 0 3916
1060 3 3885 0 1 3889
1061 3900 0 1 0 3901
1062 4 0 3885 0 3889
1063 3865 0 1 0 3866
1064 3878 0 0 0 3878
1065 0 0 3853 0 3853
1066 3817 0 0 2 3819
1067 0 1 0 3774 3775
1068 0 3 0 3880 3883
1069 2 0 3912 0 3914
1070 0 0 3840 0 3840
1071 3869 1 0 0 3870
1072 3897 0 0 2 3899
1073 0 0 0 3837 3837
1074 3867 0 0 4 3871
1075 0 0 5 3833 3838
1076 2 0 3855 0 3857
1077 1 0 3781 2 3784
1078 1 0 3772 0 3773
1079 3757 0 1 0 3758
1080 2 3747 0 2 3751
1081 6 0 3761 0 3767
1082 0 0 3771 0 3771
1083 0 0 3792 0 3792
1084 1 0 3827 1 3829
1085 3806 0 1 0 3807
1086 3830 0 1 8 3839
1087 0 0 3844 0 3844
1088 3849 0 2 1 3852
1089 2 0 3898 0 3900
1090 0 0 3868 0 3868
1091 3864 0 0 0 3864
1092 4 0 4050 0 4054
1093 0 4 0 3992 3996
1094 0 0 0 4000 4000
1095 1 3957 0 0 3958
1096 0 4020 0 0 4020
1097 4056 0 0 0 4056
1098 1 1 0 4053 4055
1099 5 0 4081 0 4086
1100 0 0 0 3962 3962
1101 4006 0 18 0 4024
1102 4016 0 0 0 4016
1103 2 0 4015 0 4017
1104 3889 1 0 0 3890
1105 1 0 0 3900 3901
1106 0 0 3926 0 3926
1107 1 31 0 3752 3784
1108 2 0 3947 0 3949
1109 2 0 3992 0 3994
1110 3 57 3 3794 3857
1111 0 0 3901 0 3901
1112 3948 0 0 0 3948
1113 3951 0 1 0 3952
1114 0 1 1 3905 3907
1115 1 0 3880 0 3881
1116 2 3816 0 6 3824
1117 3867 3 0 2 3872
1118 2 1 4021 0 4024
1119 51 0 4018 0 4069
1120 3 0 4658 3 4664
1121 4 0 4715 1 4720
1122 4690 0 2 0 4692
1123 4702 0 0 0 4702
1124 0 0 0 4773 4773
1125 4805 0 1 0 4806
1126 1 1 0 4858 4860
1127 3 0 0 4917 4920
1128 4809 0 79 1 4889
1129 4923 0 0 0 4923
1130 4969 0 0 0 4969
1131 4957 0 1 0 4958
1132 4946 0 0 0 4946
1133 4919 0 3 0 4922
1134 2 0 4907 1 4910
1135 4903 0 0 0 4903
1136 0 0 4994 0 4994
1137 3 20 0 4820 4843
1138 4977 0 0 0 4977
1139 5008 0 0 0 5008
1140 4995 0 2 0 4997
1141 4992 0 2 1 4995
1142 0 0 0 4972 4972
1143 0 0 4946 0 4946
1144 4932 0 0 0 4932
1145 4910 0 1 2 4913
1146 4898 0 1 0 4899
1147 0 4969 0 4 4973
1148 0 3 1 4917 4921
1149 9 1 4967 1 4978
1150 0 0 4953 0 4953
1151 4949 0 3 1 4953
1152 4985 0 0 0 4985
1153 4975 0 0 0 4975
1154 4989 0 0 0 4989
1155 4922 0 7 0 4929
1156 1 4975 0 0 4976
1157 0 0 0 4857 4857
1158 4880 0 2 0 4882
1159 1 4860 0 30 4891
1160 0 4 0 4905 4909
1161 3 0 4873 0 4876
1162 4871 0 0 0 4871
1163 0 0 0 4877 4877
1164 4931 0 0 0 4931
1165 4901 0 1 0 4902
1166 4868 0 0 0 4868
1167 2 0 0 4816 4818
1168 0 5 1 4780 4786
1169 1 4798 0 4 4803
1170 4847 0 0 1 4848
1171 1 0 4828 0 4829
1172 0 4778 4 4 4786
1173 1 4811 1 2 4815
1174 4863 0 2 0 4865
1175 4841 0 2 0 4843
1176 4844 0 1 0 4845
1177 4856 0 0 0 4856
1178 4833 2 6 0 4841
1179 20 0 4854 2 4876
1180 0 0 4823 0 4823
1181 4749 2 13 3 4767
1182 1 0 4839 0 4840
1183 3 0 4841 0 4844
1184 4866 0 0 1 4867
1185 0 1 0 4839 4840
1186 4915 2 0 0 4917
1187 0 0 0 4919 4919
1188 0 2 4926 0 4928
1189 4885 0 2 2 4889
1190 29 0 4869 1 4899
1191 4819 0 0 0 4819
1192 8 0 4768 0 4776
1193 4889 0 1 0 4890
1194 1 0 0 4904 4905
1195 0 0 1 4958 4959
1196 0 0 0 5028 5028
1197 5096 0 2 0 5098
1198 4956 125 1 0 5082
1199 0 0 0 5110 5110
1200 5145 0 0 0 5145
1201 5116 0 1 1 5118
1202 0 1 0 5134 5135
1203 0 5239 0 5 5244
1204 0 0 0 5259 5259
1205 0 1 0 5318 5319
1206 5289 0 3 1 5293
1207 0 1 1 5332 5334
1208 2 0 5353 0 5355
1209 1 5282 0 32 5315
1210 5367 0 2 0 5369
1211 0 1 0 5432 5433
1212 5 0 5427 3 5435
1213 0 0 5455 1 5456
1214 1 0 1 5341 5343
1215 5592 0 11 0 5603
1216 0 0 1 5672 5673
1217 0 2 0 5706 5708
1218 0 1 1 5702 5704
1219 0 1 0 5709 5710
1220 0 5716 0 2 5718
1221 0 2 0 5689 5691
1222 5 5726 0 1 5732
1223 5842 0 2 0 5844
1224 5824 0 1 0 5825
1225 3 0 5826 0 5829
1226 5800 0 0 0 5800
1227 0 5819 0 0 5819
1228 5800 0 1 1 5802
1229 0 5954 2 0 5956
1230 0 29 0 5921 5950
1231 5997 3 0 3 6003
1232 9 0 6120 0 6129
1233 37 0 6074 0 6111
1234 6081 0 0 1 6082
1235 0 0 0 6114 6114
1236 0 0 6187 0 6187
1237 0 5 2 6136 6143
1238 0 0 0 6131 6131
1239 4 6090 0 2 6096
1240 2 6134 0 1 6137
1241 6163 0 2 0 6165
1242 6123 2 2 0 6127
1243 0 0 6182 0 6182
1244 0 0 6122 0 6122
1245 17 0 6107 10 6134
1246 2 0 6165 0 6167
1247 0 2 5 5912 5919
1248 4 0 6054 0 6058
1249 6163 0 2 1 6166
1250 2 0 6222 0 6224
1251 6224 0 3 1 6228
1252 2 0 6277 1 6280
1253 0 0 6256 0 6256
1254 6200 0 8 0 6208
1255 3 4 6309 0 6316
1256 6300 0 0 0 6300
1257 6328 0 3 0 6331
1258 6328 0 79 0 6407
1259 0 4 0 6470 6474
1260 6546 0 0 0 6546
1261 6536 0 1 6 6543
1262 6628 0 2 0 6630
1263 0 4 0 6695 6699
1264 0 3 0 6733 6736
1265 0 1 0 6809 6810
1266 0 2 0 6867 6869
1267 2 6898 0 3 6903
1268 0 1 1 6931 6933
1269 0 4 0 6927 6931
1270 6954 0 0 1 6955
1271 6910 0 0 0 6910
1272 0 0 1 6818 6819
1273 1 6866 0 2 6869
1274 1 0 6853 4 6858
1275 6744 0 1 0 6745
1276 3 0 6784 0 6787
1277 1 6638 0 2 6641
1278 5983 1 19 663 6666
1279 4 0 6688 1 6693
1280 5 0 6578 0 6583
1281 1 6517 0 1 6519
1282 2 6550 0 0 6552
1283 6626 0 5 0 6631
1284 6525 0 2 1 6528
1285 0 6636 0 2 6638
1286 1 3 0 6571 6575
1287 0 4 1 6552 6557
1288 0 14 1 6511 6526
1289 0 0 0 6514 6514
1290 6422 1 11 0 6434
1291 0 1 0 6070 6071
1292 3 6002 0 0 6005
1293 5 1 0 5862 5868
1294 2 5891 1 0 5894
1295 2 5914 0 0 5916
1296 5909 3 2 0 5914
1297 5794 10 0 1 5805
1298 0 0 0 5772 5772
1299 0 0 5710 0 5710
1300 0 4 0 5599 5603
1301 5573 0 5 0 5578
1302 0 5570 0 101 5671
1303 1 5607 0 0 5608
1304 5677 0 4 3 5684
1305 5613 0 0 1 5614
1306 2 5635 0 0 5637
1307 1 0 1 5520 5522
1308 0 5565 0 2 5567
1309 0 5599 0 6 5605
1310 5545 3 0 1 5549
1311 5550 0 1 0 5551
1312 0 5569 1 0 5570
1313 1 0 5528 0 5529
1314 5489 0 4 1 5494
1315 1 0 1 5515 5517
1316 5499 1 0 0 5500
1317 0 95 0 5357 5452
1318 0 0 0 5511 5511
1319 1 2 0 5525 5528
1320 0 1 0 5507 5508
1321 0 1 0 5473 5474
1322 3 9 1 5465 5478
1323 2 0 5210 2 5214
1324 5204 0 0 1 5205
1325 5174 0 6 0 5180
1326 0 1 1 5193 5195
1327 5156 0 1 3 5160
1328 0 1 5156 1 5158
1329 5139 0 2 0 5141
1330 5111 0 0 0 5111
1331 11 0 5035 0 5046
1332 3 4997 0 0 5000
1333 5049 0 0 0 5049
1334 4967 0 3 0 4970
1335 1 4961 0 39 5001
1336 2 0 4949 0 4951
1337 4781 0 2 0 4783
1338 1 4916 9 2 4928
1339 3 4939 1 2 4945
1340 0 3 0 4970 4973
1341 0 27 1 4980 5008
1342 0 0 0 5031 5031
1343 0 0 0 4984 4984
1344 0 0 6 4968 4974
1345 10 0 4864 1 4875
1346 4794 0 0 1 4795
1347 0 0 0 4763 4763
1348 2 4801 0 3 4806
1349 4799 0 0 0 4799
1350 4738 0 0 0 4738
1351 0 6 0 4728 4734
1352 0 2 4722 0 4724
1353 0 1 4679 1 4681
1354 0 0 4673 0 4673
1355 4 0 4659 0 4663
1356 13 0 4653 0 4666
1357 0 2 1 4345 4348
1358 4621 1 1 0 4623
1359 0 0 0 4680 4680
1360 1 0 4702 0 4703
1361 4675 0 5 0 4680
1362 0 0 4682 3 4685
1363 17 0 4622 1 4640
1364 4695 3 0 0 4698
1365 4749 0 1 0 4750
1366 1 0 0 4676 4677
1367 7 4614 3 4 4628
1368 4520 0 0 2 4522
1369 4 4771 0 2 4777
1370 0 4773 0 2 4775
1371 0 4743 0 31 4774
1372 4818 1 0 0 4819
1373 4856 2 0 1 4859
1374 4899 0 0 0 4899
1375 2 0 4832 0 4834
1376 0 4813 0 1 4814
1377 4885 0 0 1 4886
1378 4876 0 0 0 4876
1379 0 0 4894 0 4894
1380 1 0 0 4683 4684
1381 1 0 4792 0 4793
1382 4829 0 0 1 4830
1383 4817 0 4 2 4823
1384 1 4820 0 0 4821
1385 0 0 0 4824 4824
1386 4805 0 3 1 4809
1387 81 4701 0 3 4785
1388 4816 0 0 1 4817
1389 0 0 0 4792 4792
1390 0 0 4800 0 4800
1391 2 0 4766 0 4768
1392 0 0 4749 0 4749
1393 4693 0 3 0 4696
1394 1 4 1 4734 4740
1395 4783 0 1 0 4784
1396 4776 0 0 0 4776
1397 4798 0 6 0 4804
1398 3 0 0 4731 4734
1399 2 0 4720 0 4722
1400 4684 0 4 1 4689
1401 4658 0 0 0 4658
1402 2 0 3 4548 4553
1403 5 4586 0 1 4592
1404 4623 0 1 1 4625
1405 4580 0 0 0 4580
1406 0 1 0 4559 4560
1407 2 0 4584 3 4589
1408 4543 21 2 0 4566
1409 4548 0 2 0 4550
1410 2 17 0 4467 4486
1411 1 0 4460 1 4462
1412 0 4458 0 0 4458
1413 4485 3 1 0 4489
1414 1 2 0 4460 4463
1415 1 4472 0 0 4473
1416 1 0 0 4496 4497
1417 2 1 4444 0 4447
1418 4422 0 0 0 4422
1419 2 4390 0 0 4392
1420 1 1 0 4357 4359
1421 4356 0 0 0 4356
1422 0 10 0 4321 4331
1423 4278 0 0 0 4278
1424 3 4324 0 0 4327
1425 4218 0 2 63 4283
1426 0 0 0 4253 4253
1427 0 0 0 4265 4265
1428 8 0 4225 0 4233
1429 4215 0 0 0 4215
1430 4178 0 0 0 4178
1431 4203 0 0 3 4206
1432 1 0 4183 0 4184
1433 20 0 4118 0 4138
1434 29 0 4093 4 4126
1435 4110 0 4 0 4114
1436 0 0 0 4092 4092
1437 1 0 0 4096 4097
1438 28 0 4035 0 4063
1439 0 1 0 3970 3971
1440 4039 1 2 0 4042
1441 0 0 4037 2 4039
1442 0 1 0 3896 3897
1443 3 0 3861 28 3892
1444 3917 0 1 0 3918
1445 1 3908 0 4 3913
1446 3965 0 0 0 3965
1447 3928 0 0 0 3928
1448 0 0 3889 1 3890
1449 3844 0 3 0 3847
1450 3842 0 0 0 3842
1451 3836 0 0 0 3836
1452 0 2 0 3787 3789
1453 29 0 3741 2 3772
1454 0 2 0 3672 3674
1455 3777 0 0 0 3777
1456 3746 0 0 1 3747
1457 0 0 0 3716 3716
1458 0 0 0 3760 3760
1459 1 0 3748 0 3749
1460 3731 0 1 0 3732
1461 0 3763 0 2 3765
1462 2 0 3749 2 3753
1463 3673 0 0 0 3673
1464 3 3692 0 47 3742
1465 0 2 0 3771 3773
1466 0 0 0 3748 3748
1467 0 1 1 3734 3736
1468 3763 0 1 0 3764
1469 2 0 3653 1 3656
1470 0 3613 0 15 3628
1471 0 1 0 3624 3625
1472 0 3595 0 0 3595
1473 0 0 0 3579 3579
1474 3564 0 1 0 3565
1475 29 3549 0 0 3578
1476 0 0 0 3516 3516
1477 1 0 3514 0 3515
1478 3475 0 1 0 3476
1479 3444 1 0 0 3445
1480 3400 0 0 0 3400
1481 4 3384 0 0 3388
1482 3349 0 0 8 3357
1483 0 0 3312 0 3312
1484 3325 0 1 0 3326
1485 3279 0 0 0 3279
1486 3264 0 0 0 3264
1487 3222 0 1 0 3223
1488 3207 0 0 0 3207
1489 1 0 3139 0 3140
1490 0 0 1 2858 2859
1491 3066 0 0 6 3072
1492 1 1 0 3063 3065
1493 1 3047 0 6 3054
1494 0 3059 0 1 3060
1495 3079 0 1 0 3080
1496 3 0 0 3037 3040
1497 3061 0 1 0 3062
1498 3019 0 10 0 3029
1499 0 3004 0 0 3004
1500 3000 0 0 1 3001
1501 3031 0 0 0 3031
1502 3031 0 0 0 3031
1503 3001 0 0 0 3001
1504 2993 0 0 0 2993
1505 2956 0 0 0 2956
1506 0 27 0 2883 2910
1507 3 2926 0 0 2929
1508 0 0 0 2914 2914
1509 0 4 0 2942 2946
1510 2908 4 0 0 2912
1511 0 0 2866 0 2866
1512 5 2732 0 100 2837
1513 1 2 0 2839 2842
1514 1 1 2 2843 2847
1515 2860 0 1 0 2861
1516 2850 0 3 0 2853
1517 0 2 0 2819 2821
1518 2830 4 1 0 2835
1519 2800 0 0 0 2800
1520 2812 0 1 0 2813
1521 2804 0 4 0 2808
1522 2770 0 1 0 2771
1523 9 0 2730 0 2739
1524 3 0 2684 0 2687
1525 2717 0 0 1 2718
1526 0 2734 0 0 2734
1527 1 1 0 2725 2727
1528 5 0 2717 0 2722
1529 0 0 2675 0 2675
1530 2751 3 2 0 2756
1531 0 0 2704 0 2704
1532 2747 0 0 0 2747
1533 2737 0 3 1 2741
1534 0 0 2718 0 2718
1535 1 0 0 2578 2579
1536 2 2663 0 1 2666
1537 2684 1 0 0 2685
1538 0 1 0 2681 2682
1539 2690 0 1 0 2691
1540 2685 0 1 0 2686
1541 0 4 2 2684 2690
1542 1 0 2672 0 2673
1543 0 1 2632 0 2633
1544 1 0 2616 0 2617
1545 2610 0 3 0 2613
1546 0 0 2608 0 2608
1547 0 2591 0 1 2592
1548 0 0 0 2637 2637
1549 2662 0 0 0 2662
1550 2640 0 0 0 2640
1551 0 1 0 2627 2628
1552 0 1 2594 0 2595
1553 2607 0 1 0 2608
1554 2 2616 0 0 2618
1555 1 0 2588 0 2589
1556 0 2 0 2520 2522
1557 58 0 2463 0 2521
1558 2542 0 0 4 2546
1559 1 0 2616 1 2618
1560 0 0 0 2535 2535
1561 0 0 2579 0 2579
1562 2641 0 0 0 2641
1563 2729 0 0 1 2730
1564 1 0 0 2740 2741
1565 1 7 0 2750 2758
1566 2771 0 0 0 2771
1567 0 0 2732 0 2732
1568 2733 0 0 0 2733
1569 2740 0 4 0 2744
1570 0 0 0 2703 2703
1571 2 2736 0 0 2738
1572 2755 0 8 0 2763
1573 0 2813 0 2 2815
1574 2842 0 0 0 2842
1575 2831 2 2 0 2835
1576 0 0 2813 0 2813
1577 1 2785 0 0 2786
1578 2808 0 1 1 2810
1579 0 2853 0 0 2853
1580 2829 2 3 0 2834
1581 6 0 2845 2 2853
1582 0 2826 0 1 2827
1583 2 0 0 2881 2883
1584 1 0 2897 0 2898
1585 2851 0 1 0 2852
1586 0 0 0 2887 2887
1587 0 0 2894 0 2894
1588 2907 0 0 0 2907
1589 0 3 0 2884 2887
1590 2923 0 0 0 2923
1591 2889 0 16 1 2906
1592 4 2904 0 1 2909
1593 2923 0 1 0 2924
1594 0 0 0 2908 2908
1595 2909 0 0 0 2909
1596 0 4 2 2893 2899
1597 2 0 2895 0 2897
1598 2914 0 0 0 2914
1599 0 60 2 2822 2884
1600 2872 0 0 0 2872
1601 0 2856 0 2 2858
1602 2837 0 0 0 2837
1603 0 2868 0 1 2869
1604 0 2901 0 0 2901
1605 0 7 0 2885 2892
1606 2930 1 1 0 2932
1607 2911 1 0 0 2912
1608 2887 0 4 0 2891
1609 2902 0 0 0 2902
1610 3 0 0 2899 2902
1611 1 1 2985 0 2987
1612 0 0 1 2815 2816
1613 0 0 3004 3 3007
1614 1 0 2981 2 2984
1615 1 0 2955 0 2956
1616 2968 1 0 0 2969
1617 3023 1 0 0 3024
1618 3046 0 0 3 3049
1619 0 1 0 3015 3016
1620 2 0 3030 5 3037
1621 0 0 3251 0 3251
1622 0 0 3458 0 3458
1623 3509 0 0 0 3509
1624 3536 0 0 0 3536
1625 0 3586 0 24 3610
1626 3657 0 0 0 3657
1627 3595 0 0 0 3595
1628 2 3611 0 1 3614
1629 2 3689 0 1 3692
1630 4001 0 0 0 4001
1631 4067 0 0 0 4067
1632 4076 1 2 1 4080
1633 2 0 4038 0 4040
1634 4026 0 0 0 4026
1635 4073 0 0 0 4073
1636 3 4103 0 14 4120
1637 1 0 3 4073 4077
1638 32 0 4070 0 4102
1639 2 0 4156 0 4158
1640 0 0 1 4032 4033
1641 16 0 4155 0 4171
1642 0 4215 0 0 4215
1643 4424 0 3 0 4427
1644 4449 1 0 0 4450
1645 4421 0 1 0 4422
1646 4368 0 0 0 4368
1647 10 4348 0 0 4358
1648 4219 0 1 0 4220
1649 3 4315 1 0 4319
1650 4 1 0 4316 4321
1651 0 2 0 4370 4372
1652 4390 0 0 0 4390
1653 0 0 0 4363 4363
1654 0 4392 0 1 4393
1655 4375 0 3 0 4378
1656 4338 1 0 1 4340
1657 0 4 0 4369 4373
1658 6 0 4401 0 4407
1659 0 0 4337 2 4339
1660 5 0 4318 0 4323
1661 1 2 0 4129 4132
1662 1 0 4285 0 4286
1663 10 4399 1 0 4410
1664 1 1 0 4485 4487
1665 4490 0 2 84 4576
1666 4639 0 1 0 4640
1667 4695 0 0 0 4695
1668 4701 0 0 0 4701
1669 4689 1 2 0 4692
1670 4647 0 1 2 4650
1671 1 4735 0 0 4736
1672 0 1 0 4658 4659
1673 0 0 1 4701 4702
1674 10 0 4692 0 4702
1675 0 0 4881 0 4881
1676 0 3 0 4750 4753
1677 12 0 4844 0 4856
1678 4915 0 5 0 4920
1679 7 4927 2 2 4938
1680 4979 0 1 1 4981
1681 2 5063 0 3 5068
1682 0 0 0 5175 5175
1683 1641 0 3545 6 5192
1684 5128 0 0 0 5128
1685 5186 1 1 2 5190
1686 5 0 5147 0 5152
1687 3 0 5094 2 5099
1688 3 5330 2 2 5337
1689 0 0 0 5365 5365
1690 3 5437 0 0 5440
1691 5490 0 2 4 5496
1692 6 2 5618 0 5626
1693 0 1 0 5526 5527
1694 1 0 0 5636 5637
1695 0 7 3 5637 5647
1696 0 5665 0 1 5666
1697 2 1 0 5689 5692
1698 0 0 0 5704 5704
1699 4 5674 0 1 5679
1700 1 7 0 5687 5695
1701 5666 0 0 1 5667
1702 2 0 5758 0 5760
1703 15 0 5779 0 5794
1704 5750 0 11 3 5764
1705 5882 0 0 0 5882
1706 5930 0 3 0 5933
1707 5884 0 30 0 5914
1708 2 0 5915 0 5917
1709 5896 1 3 0 5900
1710 48 0 5981 0 6029
1711 1 0 6001 0 6002
1712 6071 0 4 0 6075
1713 7 6073 0 1 6081
1714 6116 0 0 0 6116
1715 1 1 0 6134 6136
1716 3 0 6176 0 6179
1717 0 0 0 6086 6086
1718 3 0 0 6112 6115
1719 1 6093 0 0 6094
1720 3 6159 0 1 6163
1721 6169 0 3 0 6172
1722 6142 0 2 0 6144
1723 0 1 0 6218 6219
1724 0 0 6235 2 6237
1725 1 0 6200 0 6201
1726 3 0 6164 0 6167
1727 6090 0 5 1 6096
1728 1 7 0 6190 6198
1729 1 0 6217 0 6218
1730 2 6206 0 9 6217
1731 6319 0 0 2 6321
1732 0 1 1 6376 6378
1733 2 2 0 6387 6391
1734 0 0 0 6431 6431
1735 0 0 6439 0 6439
1736 6375 0 2 1 6378
1737 6410 0 0 0 6410
1738 1 0 6431 0 6432
1739 4 6400 0 3 6407
1740 6542 0 7 2 6551
1741 0 0 0 6617 6617
1742 0 1 0 6708 6709
1743 0 4 2 6736 6742
1744 6 0 6643 0 6649
1745 6603 0 1 0 6604
1746 5 0 6640 0 6645
1747 6584 0 2 0 6586
1748 1 0 6622 0 6623
1749 5 6575 0 7 6587
1750 6686 0 2 0 6688
1751 0 143 0 6562 6705
1752 6735 0 1 0 6736
1753 6676 0 0 0 6676
1754 0 0 0 6697 6697
1755 0 149 0 6485 6634
1756 0 6616 0 2 6618
1757 2 6652 0 3 6657
1758 0 6 0 6635 6641
1759 2 6735 0 2 6739
1760 6740 0 4 0 6744
1761 100 0 6621 0 6721
1762 6748 0 1 0 6749
1763 6765 0 1 1 6767
1764 6757 0 13 0 6770
1765 6745 0 0 0 6745
1766 3 6 0 6769 6778
1767 3 0 6727 0 6730
1768 1 0 6678 0 6679
1769 4 6611 5 9 6629
1770 0 1 0 6656 6657
1771 1 1 6712 0 6714
1772 0 0 6684 0 6684
1773 0 1 0 6633 6634
1774 0 6649 0 1 6650
1775 6665 0 2 0 6667
1776 14 0 6670 0 6684
1777 0 2 0 6588 6590
1778 6650 0 0 1 6651
1779 0 6627 3 10 6640
1780 6669 2 1 2 6674
1781 1 1 6768 0 6770
1782 1 1 0 6683 6685
1783 1 0 6747 1 6749
1784 0 0 6775 2 6777
1785 6619 0 0 3 6622
1786 0 0 0 6661 6661
1787 0 2 1 6787 6790
1788 1 2 0 6880 6883
1789 45 0 6712 1 6758
1790 1 6774 0 0 6775
1791 6875 0 1 0 6876
1792 6880 0 1 0 6881
1793 0 1 6811 0 6812
1794 6799 0 1 0 6800
1795 3 1 6726 0 6730
1796 3 6762 0 0 6765
1797 6857 0 7 0 6864
1798 3 0 6767 5 6775
1799 0 4 0 6696 6700
1800 2 0 6735 2 6739
1801 0 6739 0 1 6740
1802 0 4 0 6758 6762
1803 0 6788 0 2 6790
1804 6858 0 1 0 6859
1805 6855 0 0 0 6855
1806 6869 0 0 0 6869
1807 1 6844 0 1 6846
1808 6912 0 1 0 6913
1809 6871 1 1 0 6873
1810 6778 0 0 5 6783
1811 2 0 4 6783 6789
1812 3 0 6751 0 6754
1813 6714 0 2 0 6716
1814 1 0 6715 0 6716
1815 6704 0 12 0 6716
1816 0 2 6691 1 6694
1817 6637 0 1 0 6638
1818 4 6590 0 0 6594
1819 2 6612 1 1 6616
1820 6641 2 4 2 6649
1821 23 0 6665 1 6689
1822 3 0 6680 0 6683
1823 6540 0 3 0 6543
1824 29 0 6627 1 6657
1825 6 0 6675 0 6681
1826 1 15 0 6027 6043
1827 0 19 0 6527 6546
1828 6651 1 0 3 6655
1829 0 0 0 6891 6891
1830 5 0 6822 0 6827
1831 6847 0 0 1 6848
1832 6934 2 2 0 6938
1833 6930 0 0 0 6930
1834 6933 1 0 0 6934
1835 2 6957 0 1 6960
1836 0 3 0 6927 6930
1837 2 0 6857 0 6859
1838 6806 1 2 0 6809
1839 3 6869 6 4 6882
1840 0 6845 0 2 6847
1841 6825 0 2 0 6827
1842 4 0 6876 0 6880
1843 0 1 0 6702 6703
1844 0 1 1 6835 6837
1845 6 6686 3 133 6828
1846 6862 0 0 0 6862
1847 0 1 0 6870 6871
1848 6890 0 1 0 6891
1849 6845 0 0 0 6845
1850 6732 0 0 0 6732
1851 2 0 6717 0 6719
1852 0 2 0 6305 6307
1853 0 2 0 6571 6573
1854 0 0 6548 0 6548
1855 1 6539 0 8 6548
1856 0 8 0 6538 6546
1857 33 0 6404 0 6437
1858 0 6327 0 0 6327
1859 1 6469 0 5 6475
1860 2 44 0 6538 6584
1861 0 2 0 6657 6659
1862 0 1 0 6646 6647
1863 0 2 0 6635 6637
1864 1 0 0 6669 6670
1865 1 0 6529 2 6532
1866 0 0 1 6277 6278
1867 0 1 0 6360 6361
1868 0 0 0 6405 6405
1869 1 6311 0 9 6321
1870 2 1 0 6283 6286
1871 1 6170 2 2 6175
1872 6141 0 6 3 6150
1873 0 6200 1 0 6201
1874 0 6141 0 1 6142
1875 6079 0 0 0 6079
1876 1 6194 0 0 6195
1877 0 6237 0 1 6238
1878 6269 0 0 0 6269
1879 6226 0 0 0 6226
1880 6209 0 0 0 6209
1881 6226 0 2 0 6228
1882 9 0 0 6172 6181
1883 1 0 0 6211 6212
1884 6230 0 2 0 6232
1885 6198 0 0 0 6198
1886 0 0 6145 0 6145
1887 131 0 5954 0 6085
1888 6002 0 0 1 6003
1889 2 0 6048 1 6051
1890 0 6046 0 3 6049
1891 6090 0 0 1 6091
1892 6071 2 0 0 6073
1893 1 5 1 6015 6022
1894 0 0 6094 2 6096
1895 0 0 6064 1 6065
1896 0 0 6013 0 6013
1897 2 1 5989 0 5992
1898 5974 0 0 0 5974
1899 15 1 5993 1 6010
1900 1 5898 0 0 5899
1901 0 5999 0 1 6000
1902 2 0 1 6082 6085
1903 0 0 0 6123 6123
1904 5992 0 1 7 6000
1905 0 2 0 5954 5956
1906 1 5968 0 0 5969
1907 5955 0 0 1 5956
1908 5890 0 5 0 5895
1909 0 1 0 5914 5915
1910 0 0 0 5979 5979
1911 2 5939 0 2 5943
1912 3 0 1 5940 5944
1913 0 1 2 5989 5992
1914 5943 1 2 0 5946
1915 5879 0 0 0 5879
1916 5779 0 0 0 5779
1917 5761 0 12 0 5773
1918 36 5801 1 5 5843
1919 0 0 0 5742 5742
1920 2 1 0 5873 5876
1921 8 0 5814 0 5822
1922 0 1 0 5665 5666
1923 5702 0 9 0 5711
1924 1 4 0 5776 5781
1925 0 0 0 5814 5814
1926 1 0 5676 2 5679
1927 5605 0 0 1 5606
1928 5626 0 5 0 5631
1929 5445 0 178 0 5623
1930 0 0 5532 0 5532
1931 0 0 5490 0 5490
1932 5354 0 6 0 5360
1933 2 0 5391 0 5393
1934 0 0 5343 0 5343
1935 5294 0 10 0 5304
1936 7 0 5217 1 5225
1937 0 0 5222 1 5223
1938 14 0 5154 3 5171
1939 2 0 5591 1 5594
1940 5793 0 0 1 5794
1941 5797 0 16 0 5813
1942 5822 0 3 0 5825
1943 5813 0 1 4 5818
1944 0 0 2 5773 5775
1945 1 1 0 5788 5790
1946 1 0 0 5795 5796
1947 1 5698 0 22 5721
1948 5778 1 2 2 5783
1949 0 1 0 5686 5687
1950 1 5649 0 73 5723
1951 3 0 5687 0 5690
1952 5608 0 0 0 5608
1953 5630 0 1 0 5631
1954 4 0 5659 1 5664
1955 0 0 1 5541 5542
1956 5597 0 6 0 5603
1957 5588 0 0 0 5588
1958 4 0 5570 0 5574
1959 3 0 5528 1 5532
1960 5542 0 0 0 5542
1961 5541 0 0 0 5541
1962 5571 0 0 0 5571
1963 3 0 5508 0 5511
1964 2 0 5422 0 5424
1965 7 0 5413 1 5421
1966 0 3 0 5279 5282
1967 0 5331 0 0 5331
1968 3 1 1 5327 5332
1969 1 5335 0 1 5337
1970 0 5353 0 0 5353
1971 0 0 0 5292 5292
1972 0 5252 0 11 5263
1973 3 2 0 5273 5278
1974 5233 0 3 0 5236
1975 0 1 1 5228 5230
1976 0 0 0 5198 5198
1977 0 1 0 5131 5132
1978 1 2 0 5043 5046
1979 2 5016 0 2 5020
1980 1 5025 1 0 5027
1981 5 5 0 4582 4592
1982 4581 0 0 0 4581
1983 0 0 0 4580 4580
1984 4570 0 1 0 4571
1985 4518 0 2 0 4520
1986 0 5 0 4390 4395
1987 31 4360 0 5 4396
1988 0 4385 2 1 4388
1989 4322 0 2 0 4324
1990 3 4360 1 1 4365
1991 4364 0 0 0 4364
1992 4295 0 6 0 4301
1993 4237 0 1 0 4238
1994 1 4294 0 0 4295
1995 4286 0 0 3 4289
1996 12 1 4145 0 4158
1997 4146 0 0 0 4146
1998 4136 0 2 0 4138
1999 3 0 4078 0 4081
2000 1 0 0 3942 3943
2001 3 3962 0 19 3984
2002 6 4038 0 0 4044
2003 0 0 0 4053 4053
2004 4072 0 0 1 4073
2005 4003 0 0 0 4003
2006 0 4020 0 0 4020
2007 1 13 0 3988 4002
2008 4018 0 0 1 4019
2009 1 1 0 3971 3973
2010 4004 0 0 0 4004
2011 0 1 0 3940 3941
2012 2 0 3921 0 3923
2013 0 3862 0 46 3908
2014 6 0 3943 1 3950
2015 7 0 3930 1 3938
2016 5 3933 1 0 3939
2017 3922 0 6 0 3928
2018 0 0 3933 1 3934
2019 3913 0 1 0 3914
2020 3913 0 0 5 3918
2021 0 0 1 3946 3947
2022 5 0 3933 2 3940
2023 3891 1 8 1 3901
2024 0 0 0 3951 3951
2025 0 0 3923 1 3924
2026 4 0 0 3892 3896
2027 0 3873 0 1 3874
2028 3920 0 6 0 3926
2029 1 5 0 3943 3949
2030 0 4 1 4003 4008
2031 3962 0 5 0 3967
2032 3931 0 0 0 3931
2033 3900 0 2 0 3902
2034 3892 0 0 0 3892
2035 2 0 3856 2 3860
2036 0 0 3991 0 3991
2037 194 0 3800 0 3994
2038 3990 0 4 0 3994
2039 3980 0 32 0 4012
2040 4007 0 0 0 4007
2041 3987 0 0 0 3987
2042 0 7 0 3945 3952
2043 3 0 0 4018 4021
2044 8 0 3971 0 3979
2045 3909 0 1 0 3910
2046 3868 0 49 0 3917
2047 1 0 3853 3 3857
2048 3794 0 0 0 3794
2049 0 0 0 3799 3799
2050 0 0 3786 0 3786
2051 3766 0 1 0 3767
2052 3732 0 10 0 3742
2053 0 0 3701 0 3701
2054 3679 0 0 0 3679
2055 3665 0 2 0 3667
2056 3638 0 1 0 3639
2057 1 0 3593 0 3594
2058 85 0 3443 0 3528
2059 3534 0 5 0 3539
2060 3552 0 1 0 3553
2061 1 4 0 3485 3490
2062 3525 0 3 0 3528
2063 4 0 3488 0 3492
2064 3468 0 2 0 3470
2065 0 0 0 3383 3383
2066 0 3436 1 17 3454
2067 3435 0 2 1 3438
2068 3386 0 4 1 3391
2069 0 1 1 3483 3485
2070 3 1 3488 0 3492
2071 0 0 3436 0 3436
2072 1 0 3396 0 3397
2073 7 0 3381 0 3388
2074 3411 0 3 0 3414
2075 3416 0 0 0 3416
2076 0 0 0 3392 3392
2077 3 0 3380 0 3383
2078 0 3343 0 6 3349
2079 3372 0 2 1 3375
2080 2 0 3371 0 3373
2081 0 0 0 3217 3217
2082 3272 0 1 0 3273
2083 0 0 0 3268 3268
2084 0 0 0 3276 3276
2085 3258 0 1 0 3259
2086 0 0 3205 0 3205
2087 0 3163 0 1 3164
2088 3133 0 2 1 3136
2089 3 0 3101 0 3104
2090 0 0 3062 0 3062
2091 8 3065 0 1 3074
2092 0 2 0 3063 3065
2093 0 0 0 3055 3055
2094 0 0 0 3041 3041
2095 0 3004 1 1 3006
2096 2 3 0 2995 3000
2097 8 2992 0 0 3000
2098 8 0 2937 0 2945
2099 0 0 0 2909 2909
2100 0 1 0 2916 2917
2101 2898 0 0 0 2898
2102 0 0 2876 0 2876
2103 0 4 0 2809 2813
2104 3 0 2828 0 2831
2105 2 0 2798 0 2800
2106 0 2803 0 2 2805
2107 2820 0 0 0 2820
2108 2811 0 1 0 2812
2109 0 0 2801 0 2801
2110 1 0 0 2686 2687
2111 2745 0 1 0 2746
2112 0 9 0 2700 2709
2113 0 0 2687 0 2687
2114 2651 0 0 0 2651
2115 4 2646 0 0 2650
2116 2 2651 1 2 2656
2117 0 2652 0 1 2653
2118 2690 0 1 0 2691
2119 0 0 2697 0 2697
2120 2668 0 0 0 2668
2121 0 1 0 2624 2625
2122 1 2644 0 0 2645
2123 0 0 0 2611 2611
2124 0 0 0 2626 2626
2125 0 0 2623 0 2623
2126 1 0 2591 0 2592
2127 2577 0 1 0 2578
2128 2 0 2577 2 2581
2129 2560 0 0 0 2560
2130 0 0 0 2535 2535
2131 0 0 0 2524 2524
2132 0 2 0 2490 2492
2133 0 2501 0 1 2502
2134 2518 0 0 0 2518
2135 2472 0 0 0 2472
2136 2438 0 0 0 2438
2137 2414 0 1 0 2415
2138 0 2432 0 0 2432
2139 0 7 0 2401 2408
2140 2420 0 0 0 2420
2141 2 1 0 2410 2413
2142 0 0 0 2393 2393
2143 0 0 2360 0 2360
2144 2363 0 1 0 2364
2145 2375 0 0 0 2375
2146 0 0 2338 0 2338
2147 2327 0 0 0 2327
2148 2259 0 2 0 2261
2149 1 2246 0 0 2247
2150 0 0 0 2224 2224
2151 0 0 0 2233 2233
2152 10 0 2192 0 2202
2153 2177 0 0 0 2177
2154 2179 0 0 0 2179
2155 2162 2 0 0 2164
2156 2133 0 1 0 2134
2157 4 0 2070 0 2074
2158 1 2057 0 0 2058
2159 0 2 0 2259 2261
2160 0 0 2220 0 2220
2161 2190 0 1 0 2191
2162 2151 0 0 0 2151
2163 2115 0 2 0 2117
2164 0 2071 0 0 2071
2165 0 2068 0 0 2068
2166 2070 0 0 0 2070
2167 0 0 2028 0 2028
2168 13 0 1887 0 1900
2169 8 0 1866 0 1874
2170 0 0 1894 0 1894
2171 1898 0 0 0 1898
2172 1899 0 3 0 1902
2173 1905 0 0 0 1905
2174 1355 0 512 0 1867
2175 33 0 1819 0 1852
2176 1 0 1800 2 1803
2177 0 1818 0 0 1818
2178 1844 0 0 0 1844
2179 1815 0 0 0 1815
2180 1791 1 0 0 1792
2181 0 1762 6 3 1771
2182 1837 0 0 0 1837
2183 0 0 0 1756 1756
2184 3 1760 0 0 1763
2185 0 0 0 1752 1752
2186 0 0 0 1766 1766
2187 0 0 1744 0 1744
2188 0 1707 0 0 1707
2189 0 3 0 1690 1693
2190 0 0 0 1676 1676
2191 0 0 0 1693 1693
2192 1684 0 0 0 1684
2193 3 0 0 1654 1657
2194 1 1657 0 0 1658
2195 1644 0 1 0 1645
2196 1619 0 6 0 1625
2197 19 0 1597 1 1617
2198 2 0 1571 0 1573
2199 1332 0 3 3 1338
2200 1331 0 0 0 1331
2201 1321 0 0 0 1321
2202 1294 0 1 0 1295
2203 0 1316 0 0 1316
2204 0 1295 0 0 1295
2205 1289 0 2 0 1291
2206 0 0 1285 0 1285
2207 0 1 0 1254 1255
2208 0 0 0 1262 1262
2209 1263 0 0 0 1263
2210 1255 0 0 1 1256
2211 1258 0 0 0 1258
2212 17 0 1239 0 1256
2213 9 0 1 1190 1200
2214 1459 0 0 0 1459
2215 0 0 1449 3 1452
2216 0 2 1 1391 1394
2217 1 0 1427 0 1428
2218 1428 0 0 0 1428
2219 1428 0 0 0 1428
2220 1440 0 6 0 1446
2221 1407 0 6 1 1414
2222 1 0 1401 0 1402
2223 36 0 1330 0 1366
2224 1372 0 0 0 1372
2225 1367 0 0 0 1367
2226 1354 0 9 0 1363
2227 1345 0 9 0 1354
2228 2 0 1339 0 1341
2229 1 0 1348 0 1349
2230 1 5 1 1202 1209
2231 1333 0 5 0 1338
2232 0 3 1 1319 1323
2233 1345 0 0 0 1345
2234 0 0 1333 0 1333
2235 0 0 1 1309 1310
2236 0 0 1306 1 1307
2237 0 1297 0 0 1297
2238 0 5 0 1298 1303
2239 0 4 0 1299 1303
2240 1 0 0 1299 1300
2241 3 0 1281 0 1284
2242 0 0 0 1266 1266
2243 0 1261 0 0 1261
2244 4 1274 0 0 1278
2245 1004 0 262 0 1266
2246 1257 0 0 0 1257
2247 0 0 1 1265 1266
2248 0 0 1252 1 1253
2249 1247 0 0 0 1247
2250 1 1247 0 0 1248
2251 1252 0 0 0 1252
2252 0 0 0 1246 1246
2253 1 8 0 1224 1233
2254 0 3 0 1232 1235
2255 0 1232 0 0 1232
2256 1223 0 2 0 1225
2257 0 1221 0 0 1221
2258 1180 0 13 0 1193
2259 1136 0 45 0 1181
2260 71 0 1099 0 1170
2261 7 0 1145 0 1152
2262 1154 0 13 0 1167
2263 1174 0 0 0 1174
2264 0 0 0 1163 1163
2265 2 6 3 1161 1172
2266 1169 0 9 0 1178
2267 1156 0 14 0 1170
2268 18 0 1131 0 1149
2269 1133 0 3 0 1136
2270 0 0 1104 0 1104
2271 1108 0 1 0 1109
2272 0 1105 0 0 1105
2273 1098 0 0 0 1098
2274 1098 0 0 0 1098
2275 1085 0 7 0 1092
2276 0 0 980 0 980
2277 970 0 0 0 970
2278 948 0 0 0 948
2279 0 0 0 941 941
2280 0 0 941 0 941
2281 933 0 0 0 933
2282 0 926 0 0 926
2283 920 0 0 0 920
2284 0 0 916 0 916
2285 1 0 0 893 894
2286 0 0 0 900 900
2287 9 0 878 0 887
2288 877 0 2 0 879
2289 0 1 883 0 884
2290 0 0 0 814 814
2291 0 809 0 0 809
2292 0 423 0 390 813
2293 799 2 0 0 801
2294 0 0 0 812 812
2295 0 0 807 0 807
2296 0 0 789 0 789
2297 4 0 781 0 785
2298 0 0 780 0 780
2299 0 6 0 741 747
2300 1 0 757 0 758
2301 0 0 757 2 759
2302 43 0 695 0 738
2303 0 721 0 4 725
2304 0 715 0 0 715
2305 0 0 1 727 728
2306 0 0 0 732 732
2307 0 0 721 0 721
2308 711 0 0 0 711
2309 0 0 712 0 712
2310 0 671 0 0 671
2311 0 0 0 686 686
2312 680 0 0 0 680
2313 670 0 0 0 670
2314 0 0 0 33 33
