0 0 0 0 0 0
1 1719 0 1 0 1720
2 0 0 0 1773 1773
3 0 0 1779 5 1784
4 1817 0 0 0 1817
5 0 1868 0 0 1868
6 1888 0 0 0 1888
7 0 0 2 1898 1900
8 0 5 0 1891 1896
9 1733 0 186 0 1919
10 0 75 1848 2 1925
11 0 2282 0 2 2284
12 43 2406 0 14 2463
13 2527 0 0 0 2527
14 2533 0 1 0 2534
15 2534 0 0 0 2534
16 2543 0 1 0 2544
17 0 0 0 2574 2574
18 1 0 1 2591 2593
19 0 0 2569 0 2569
20 2567 0 0 0 2567
21 2570 1 1 0 2572
22 0 9 0 2580 2589
23 0 2 0 2595 2597
24 3 0 2614 0 2617
25 0 1 0 2598 2599
26 0 0 0 2634 2634
27 2665 0 1 3 2669
28 2637 0 2 24 2663
29 2418 0 230 0 2648
30 2451 109 84 0 2644
31 0 2675 0 0 2675
32 2692 0 0 0 2692
33 2681 0 1 0 2682
34 0 2617 0 18 2635
35 1 1 0 2634 2636
36 0 0 2660 0 2660
37 0 2718 0 0 2718
38 0 0 0 2775 2775
39 2763 0 4 0 2767
40 2753 0 12 0 2765
41 0 0 2819 1 2820
42 0 0 2935 0 2935
43 8 0 3004 0 3012
44 3024 0 0 0 3024
45 0 3048 0 0 3048
46 3057 1 36 0 3094
47 3089 1 1 0 3091
48 0 1 0 3124 3125
49 0 0 3091 0 3091
50 3078 0 10 0 3088
51 19 0 3080 0 3099
52 10 0 3313 0 3323
53 0 3346 0 6 3352
54 0 3455 0 0 3455
55 3528 0 1 0 3529
56 3549 0 0 0 3549
57 3581 0 0 0 3581
58 3601 3 5 0 3609
59 0 3672 0 3 3675
60 3694 0 3 2 3699
61 0 0 3766 0 3766
62 1 1 0 3769 3771
63 0 5 0 3904 3909
64 0 2 0 3968 3970
65 0 0 0 3991 3991
66 3 0 3927 30 3960
67 3947 0 0 1 3948
68 3958 0 50 2 4010
69 3 0 3995 0 3998
70 0 4043 0 1 4044
71 3704 0 401 6 4111
72 4134 0 3 0 4137
73 4050 0 0 0 4050
74 0 4106 0 0 4106
75 4124 0 0 0 4124
76 4109 0 0 0 4109
77 147 4004 0 5 4156
78 4200 0 16 0 4216
79 7 0 4196 0 4203
80 1 0 0 4143 4144
81 4318 0 3 1 4322
82 0 0 4341 0 4341
83 4256 122 19 0 4397
84 0 4401 0 2 4403
85 25 3834 0 640 4499
86 4496 0 1 0 4497
87 4500 0 2 0 4502
88 0 4 0 4525 4529
89 4532 0 0 0 4532
90 0 0 14 4534 4548
91 4525 0 11 0 4536
92 4560 0 0 3 4563
93 2 4566 0 0 4568
94 4569 0 0 0 4569
95 0 0 0 4586 4586
96 4586 0 2 0 4588
97 4589 0 3 0 4592
98 0 0 0 4593 4593
99 4631 0 0 0 4631
100 4790 0 2 0 4792
101 0 0 5079 1 5080
102 5205 0 0 0 5205
103 5218 0 0 0 5218
104 5210 0 0 0 5210
105 5227 0 9 0 5236
106 0 2 0 5227 5229
107 0 0 0 5274 5274
108 0 5316 0 0 5316
109 5347 0 3 0 5350
110 5341 0 0 0 5341
111 0 4 0 5322 5326
112 5326 0 0 0 5326
113 0 5370 0 0 5370
114 5363 5 3 0 5371
115 0 0 0 5305 5305
116 0 5432 0 13 5445
117 5493 0 0 0 5493
118 5495 0 0 0 5495
119 1 0 5459 0 5460
120 3 0 5438 9 5450
121 5421 0 0 0 5421
122 1 32 0 5408 5441
123 0 0 0 5403 5403
124 26 0 5335 0 5361
125 5319 0 6 0 5325
126 5351 0 3 1 5355
127 5387 0 4 0 5391
128 5357 0 1 0 5358
129 0 0 5354 3 5357
130 4989 0 393 0 5382
131 5363 0 5 0 5368
132 0 7 0 5333 5340
133 0 5349 0 0 5349
134 1 5368 0 0 5369
135 0 5 0 5373 5378
136 0 1 0 5340 5341
137 11 5374 0 0 5385
138 5380 0 8 0 5388
139 0 5401 0 0 5401
140 0 2 0 5401 5403
141 5445 0 0 0 5445
142 5435 0 0 0 5435
143 0 0 5430 0 5430
144 0 0 5396 2 5398
145 5383 0 0 0 5383
146 0 0 0 5384 5384
147 0 0 5402 0 5402
148 5446 0 0 0 5446
149 5424 0 1 0 5425
150 5 0 2653 0 2658
151 0 14 0 2586 2600
152 0 4 2616 0 2620
153 1 0 2550 2 2553
154 1 0 2533 1 2535
155 0 2689 0 1 2690
156 0 2738 0 14 2752
157 2833 0 0 0 2833
158 0 0 0 2838 2838
159 0 0 2841 0 2841
160 0 1 0 2832 2833
161 0 0 2882 0 2882
162 0 2 0 2918 2920
163 0 0 0 3082 3082
164 0 3194 0 0 3194
165 1 12 0 3243 3256
166 3222 1 13 0 3236
167 3253 0 0 0 3253
168 11 3450 0 11 3472
169 0 6 0 3654 3660
170 1 0 0 3683 3684
171 0 0 0 3715 3715
172 0 3702 0 6 3708
173 0 3709 0 0 3709
174 0 4214 0 18 4232
175 0 2 0 4225 4227
176 0 1 0 4253 4254
177 2 0 4229 1 4232
178 4 0 4216 2 4222
179 0 4334 0 0 4334
180 0 2 0 4351 4353
181 3 4385 0 6 4394
182 0 2 0 4404 4406
183 4398 0 7 0 4405
184 4326 0 7 0 4333
185 0 4353 0 0 4353
186 0 4380 0 2 4382
187 4391 0 1 1 4393
188 4371 0 0 0 4371
189 2 0 4403 1 4406
190 0 0 4392 0 4392
191 1 4 4346 0 4351
192 0 4468 0 38 4506
193 12 0 4509 0 4521
194 4486 0 0 1 4487
195 0 0 0 4538 4538
196 4569 0 0 0 4569
197 0 0 0 4622 4622
198 0 0 4659 1 4660
199 6 1 4632 0 4639
200 0 4671 0 0 4671
201 4678 0 0 0 4678
202 4685 0 0 0 4685
203 4674 0 1 0 4675
204 3 4592 0 75 4670
205 4720 0 1 1 4722
206 1 0 4721 2 4724
207 4706 0 0 2 4708
208 4714 1 1 1 4717
209 0 1 0 4702 4703
210 3 4691 0 0 4694
211 0 4640 1 0 4641
212 0 4679 0 1 4680
213 3 4727 0 2 4732
214 1 0 0 4749 4750
215 0 0 0 4792 4792
216 0 0 4762 0 4762
217 0 0 4728 0 4728
218 4673 0 0 4 4677
219 4725 0 0 0 4725
220 1 6 0 4771 4778
221 4762 0 0 0 4762
222 0 4759 0 0 4759
223 4771 0 0 0 4771
224 4712 0 4 0 4716
225 4688 14 0 0 4702
226 0 0 4723 0 4723
227 1 0 4726 1 4728
228 0 0 4701 0 4701
229 4687 0 0 0 4687
230 1 0 0 4729 4730
231 4747 0 2 0 4749
232 1 4805 0 2 4808
233 4788 1 0 0 4789
234 4803 0 1 0 4804
235 0 4850 0 7 4857
236 0 0 1 4852 4853
237 17 34 1 4841 4893
238 4911 0 0 0 4911
239 4895 0 1 0 4896
240 4867 1 0 0 4868
241 4782 0 1 0 4783
242 0 4764 1 2 4767
243 4817 0 6 0 4823
244 4807 0 1 0 4808
245 4752 0 1 0 4753
246 0 1 0 4724 4725
247 18 1 4674 0 4693
248 5 4721 0 0 4726
249 0 3 0 4771 4774
250 3 0 4751 1 4755
251 4753 3 0 0 4756
252 4750 0 1 1 4752
253 0 0 4784 1 4785
254 4723 0 0 1 4724
255 0 4779 0 31 4810
256 4787 1 4 3 4795
257 0 1 0 4828 4829
258 4874 0 0 0 4874
259 0 0 4848 1 4849
260 0 0 4801 1 4802
261 4830 0 0 1 4831
262 4768 0 0 0 4768
263 1 4801 0 0 4802
264 8 4817 0 6 4831
265 4870 0 1 0 4871
266 4855 0 0 0 4855
267 4817 1 25 0 4843
268 0 0 4794 2 4796
269 0 0 4802 0 4802
270 0 4803 0 26 4829
271 1 4889 0 1 4891
272 4927 0 1 0 4928
273 4860 3 53 0 4916
274 4885 0 0 0 4885
275 0 0 0 4925 4925
276 1 0 4901 0 4902
277 0 2 0 4755 4757
278 1 5 4830 2 4838
279 0 4807 0 5 4812
280 0 1 0 4813 4814
281 0 4839 0 2 4841
282 4907 0 0 0 4907
283 4867 1 5 0 4873
284 0 0 0 4878 4878
285 4899 0 0 0 4899
286 1 0 4855 0 4856
287 1 4832 0 1 4834
288 4853 0 1 5 4859
289 0 0 4842 1 4843
290 0 4809 0 0 4809
291 4820 0 0 0 4820
292 12 0 4837 2 4851
293 0 0 0 4799 4799
294 0 9 0 4819 4828
295 4770 1 0 5 4776
296 0 4763 0 0 4763
297 0 0 0 4732 4732
298 0 2 0 4730 4732
299 0 0 4721 0 4721
300 0 0 4710 1 4711
301 0 0 1 4573 4574
302 0 1 4755 0 4756
303 1 0 4708 0 4709
304 4727 0 0 0 4727
305 4763 1 1 0 4765
306 0 2 0 4777 4779
307 4730 0 1 1 4732
308 0 4705 0 2 4707
309 4763 0 1 0 4764
310 0 3 0 4701 4704
311 4719 0 0 0 4719
312 0 0 0 4691 4691
313 0 0 4701 0 4701
314 0 0 4658 0 4658
315 4639 0 0 0 4639
316 0 4678 0 0 4678
317 1 4697 0 0 4698
318 4723 0 0 1 4724
319 4743 0 0 0 4743
320 0 0 0 4743 4743
321 4783 0 0 0 4783
322 1 0 4697 0 4698
323 0 0 4653 0 4653
324 4656 0 0 0 4656
325 24 0 4641 2 4667
326 4636 0 5 1 4642
327 15 4639 0 1 4655
328 4695 0 0 0 4695
329 0 4710 0 0 4710
330 6 0 4708 4 4718
331 5 0 4702 0 4707
332 4662 0 2 0 4664
333 4663 0 0 1 4664
334 0 0 4663 9 4672
335 1 0 4770 0 4771
336 0 1 0 4537 4538
337 0 0 0 4715 4715
338 0 1 0 4772 4773
339 1 0 1 4790 4792
340 0 0 4801 0 4801
341 4771 0 4 0 4775
342 4789 0 0 0 4789
343 4805 0 0 0 4805
344 0 0 4800 0 4800
345 25 0 4744 0 4769
346 0 0 4766 0 4766
347 0 3 0 4620 4623
348 0 4696 0 9 4705
349 0 3 0 4718 4721
350 4715 0 0 0 4715
351 0 4652 0 20 4672
352 1 0 4660 0 4661
353 4639 0 2 0 4641
354 4646 0 31 0 4677
355 4647 0 4 0 4651
356 3 0 4624 0 4627
357 0 4535 0 19 4554
358 0 6 2 4527 4535
359 0 0 0 4605 4605
360 0 2 0 4581 4583
361 0 0 0 4563 4563
362 0 0 0 4516 4516
363 1 0 0 4433 4434
364 0 4355 0 28 4383
365 0 0 1 4290 4291
366 0 4328 1 0 4329
367 4339 0 1 0 4340
368 0 0 4340 0 4340
369 4327 0 0 0 4327
370 4326 0 1 0 4327
371 4335 0 0 1 4336
372 4292 0 0 0 4292
373 4247 0 10 0 4257
374 3 2 1 4221 4227
375 263 0 3765 0 4028
376 3999 0 3 0 4002
377 1 0 4014 0 4015
378 4000 0 0 1 4001
379 2 4010 0 0 4012
380 0 0 0 4020 4020
381 0 7 0 4051 4058
382 9 0 4022 0 4031
383 4014 0 2 0 4016
384 0 3984 0 1 3985
385 3806 0 0 0 3806
386 3696 0 0 0 3696
387 8 3697 0 2 3707
388 3 0 3736 1 3740
389 0 3680 1 0 3681
390 0 3701 0 3 3704
391 3703 0 0 0 3703
392 1 3689 5 0 3695
393 0 0 0 3641 3641
394 1 0 0 3648 3649
395 1 0 3681 0 3682
396 0 0 3602 0 3602
397 0 0 3583 0 3583
398 12 0 3621 0 3633
399 0 3595 0 4 3599
400 0 3666 0 0 3666
401 0 0 3732 0 3732
402 17 0 3672 0 3689
403 3551 0 50 1 3602
404 0 1 0 3711 3712
405 3682 0 0 0 3682
406 3586 0 38 0 3624
407 0 3657 0 0 3657
408 0 0 2 3647 3649
409 0 0 0 3632 3632
410 0 0 0 3634 3634
411 0 1 0 3658 3659
412 0 0 3573 0 3573
413 2 1 3502 1 3506
414 8 3530 0 4 3542
415 5 3530 0 3 3538
416 0 3586 0 3 3589
417 3553 0 0 2 3555
418 0 0 3584 0 3584
419 0 1 0 3530 3531
420 0 0 0 3625 3625
421 1 0 3667 0 3668
422 3683 0 0 1 3684
423 3694 0 0 1 3695
424 3660 0 2 0 3662
425 0 0 3621 0 3621
426 3622 0 2 0 3624
427 0 0 3629 0 3629
428 0 1 0 3409 3410
429 11 0 3587 0 3598
430 3551 28 0 0 3579
431 0 0 3742 0 3742
432 3766 0 0 0 3766
433 3800 0 0 0 3800
434 3803 0 1 0 3804
435 3824 0 0 0 3824
436 3797 0 0 1 3798
437 0 0 3796 0 3796
438 3693 0 1 0 3694
439 0 0 3732 0 3732
440 1 0 0 3553 3554
441 3641 0 0 0 3641
442 1 3586 0 53 3640
443 1 1 0 3647 3649
444 3661 0 2 1 3664
445 0 3693 0 1 3694
446 0 0 0 3665 3665
447 3684 0 10 0 3694
448 3666 0 0 0 3666
449 3551 0 0 0 3551
450 1 3639 0 7 3647
451 0 3561 0 0 3561
452 0 3606 0 1 3607
453 1 0 0 3516 3517
454 0 3607 0 0 3607
455 0 0 0 3517 3517
456 0 3593 0 0 3593
457 3553 0 0 0 3553
458 0 3607 0 0 3607
459 11 3638 0 0 3649
460 3637 0 1 0 3638
461 3602 0 0 0 3602
462 54 0 3590 0 3644
463 1 0 3630 0 3631
464 3661 0 1 0 3662
465 3674 0 1 0 3675
466 3684 0 0 0 3684
467 0 2 0 3601 3603
468 0 0 3625 0 3625
469 0 3559 0 1 3560
470 1 3570 0 0 3571
471 0 55 0 3513 3568
472 3 3535 0 0 3538
473 8 3629 0 0 3637
474 4 0 3684 0 3688
475 0 0 3659 0 3659
476 3622 0 3 0 3625
477 0 0 0 3636 3636
478 0 0 3651 0 3651
479 3644 0 1 3 3648
480 1 0 3647 0 3648
481 2 0 3606 0 3608
482 0 3619 0 2 3621
483 2 0 3673 0 3675
484 3606 1 6 1 3614
485 2 0 3686 0 3688
486 2 3638 0 0 3640
487 3678 0 1 0 3679
488 3590 0 93 1 3684
489 0 2 0 3735 3737
490 1 2 3780 0 3783
491 0 0 0 3728 3728
492 0 0 3885 0 3885
493 3909 0 0 0 3909
494 1 0 0 3943 3944
495 3973 0 0 0 3973
496 3925 1 3 1 3930
497 0 0 0 4137 4137
498 1 0 4167 7 4175
499 0 0 4286 0 4286
500 4334 0 0 1 4335
501 4343 0 2 0 4345
502 4356 2 0 0 4358
503 0 6 0 4343 4349
504 4407 0 0 0 4407
505 1 0 0 4355 4356
506 0 10 0 4407 4417
507 5 0 4390 0 4395
508 0 0 0 4303 4303
509 1 0 0 4276 4277
510 1 4257 0 23 4281
511 0 4173 0 1 4174
512 0 4285 0 7 4292
513 0 1 0 4341 4342
514 4390 0 0 0 4390
515 4362 0 2 0 4364
516 4329 0 1 0 4330
517 0 0 4379 0 4379
518 4320 1 0 0 4321
519 4337 11 0 2 4350
520 3 0 4336 0 4339
521 0 4374 0 0 4374
522 4426 0 0 0 4426
523 0 0 4482 0 4482
524 2 0 4455 0 4457
525 4518 0 3 0 4521
526 4542 0 1 0 4543
527 0 0 0 4489 4489
528 4489 0 1 0 4490
529 0 4477 0 0 4477
530 2 4516 0 2 4520
531 4607 0 0 0 4607
532 4899 1 0 0 4900
533 25 0 4855 0 4880
534 4908 0 1 1 4910
535 0 0 4900 0 4900
536 4916 0 4 0 4920
537 4895 0 0 0 4895
538 0 0 1 4815 4816
539 0 4833 0 0 4833
540 0 4859 0 7 4866
541 4827 0 0 3 4830
542 1 4963 0 0 4964
543 0 1 1 4902 4904
544 0 1 1 4956 4958
545 2 0 4984 1 4987
546 0 0 4957 3 4960
547 4919 0 0 1 4920
548 2 1 0 4957 4960
549 4986 0 5 1 4992
550 0 4983 0 1 4984
551 4959 0 0 1 4960
552 0 19 0 4951 4970
553 4940 0 0 0 4940
554 5 0 4922 0 4927
555 2 0 4886 1 4889
556 1 0 4845 1 4847
557 4806 0 2 1 4809
558 4929 0 0 0 4929
559 1 4934 0 1 4936
560 0 1 2 4986 4989
561 1 1 4947 0 4949
562 4919 0 1 0 4920
563 0 1 0 4984 4985
564 4978 0 0 0 4978
565 4986 0 0 0 4986
566 5000 0 0 0 5000
567 4990 0 0 0 4990
568 7 0 5026 0 5033
569 5079 0 1 0 5080
570 5175 0 0 0 5175
571 5195 1 0 0 5196
572 5209 0 0 0 5209
573 5196 0 0 1 5197
574 5170 0 0 0 5170
575 60 0 5137 0 5197
576 5147 0 0 0 5147
577 0 0 5260 0 5260
578 5286 0 10 0 5296
579 5311 0 0 0 5311
580 5288 0 0 0 5288
581 5288 0 1 0 5289
582 5255 1 0 0 5256
583 7 0 1 5183 5191
584 3 1 3 5182 5189
585 14 0 5159 2 5175
586 5118 2 0 1 5121
587 5149 1 10 0 5160
588 5183 0 0 0 5183
589 0 0 5148 0 5148
590 4 1 5057 0 5062
591 5078 0 2 0 5080
592 5135 0 0 0 5135
593 0 5140 0 10 5150
594 5138 0 0 1 5139
595 5131 0 0 0 5131
596 0 3 0 5126 5129
597 2 0 5148 1 5151
598 5152 1 0 1 5154
599 0 5 0 5126 5131
600 5126 0 0 0 5126
601 5078 0 0 0 5078
602 2 5142 0 0 5144
603 0 0 0 5083 5083
604 0 5163 0 0 5163
605 0 5187 0 0 5187
606 5234 0 1 0 5235
607 5191 0 3 0 5194
608 1 0 0 5106 5107
609 15 5200 0 5 5220
610 11 0 5190 0 5201
611 0 1 0 5093 5094
612 5121 0 58 4 5183
613 1 5308 0 5 5314
614 0 0 18 5263 5281
615 35 0 5206 1 5242
616 4 0 5192 1 5197
617 1 5280 0 8 5289
618 5358 0 0 1 5359
619 0 1 0 5364 5365
620 5345 0 2 0 5347
621 0 5352 0 0 5352
622 5345 0 8 1 5354
623 0 0 0 5354 5354
624 0 1 5382 0 5383
625 13 5354 0 0 5367
626 3 0 0 5400 5403
627 0 10 0 5473 5483
628 1 0 5461 0 5462
629 5418 0 0 0 5418
630 5454 0 3 0 5457
631 5467 0 1 0 5468
632 3 0 5474 0 5477
633 5511 0 2 0 5513
634 0 0 5489 1 5490
635 5485 0 0 0 5485
636 5503 0 6 1 5510
637 11 5544 0 16 5571
638 0 0 0 5530 5530
639 4 2 5587 0 5593
640 0 0 5556 0 5556
641 1 0 0 5497 5498
642 0 8 0 5605 5613
643 0 0 5631 0 5631
644 1 5807 0 1 5809
645 1 1 1 5785 5788
646 0 5867 0 0 5867
647 0 0 5906 0 5906
648 5827 0 0 0 5827
649 5870 0 0 0 5870
650 0 0 6096 0 6096
651 6041 0 0 2 6043
652 6070 1 0 0 6071
653 9 0 6070 0 6079
654 6087 0 0 0 6087
655 1 2 0 6050 6053
656 0 4 0 6093 6097
657 4 6062 0 70 6136
658 0 1 1 6128 6130
659 0 1 0 6109 6110
660 20 0 6088 0 6108
661 0 6039 1 9 6049
662 0 6065 0 20 6085
663 6116 0 1 0 6117
664 0 5 6103 1 6109
665 0 1 1 6012 6014
666 5 0 6066 0 6071
667 2 1 6046 0 6049
668 1 6097 0 0 6098
669 6126 0 2 0 6128
670 12 10 6101 1 6124
671 21 0 5926 0 5947
672 5544 2 2 1 5549
673 2 0 5621 0 5623
674 1 5652 0 0 5653
675 5745 0 1 0 5746
676 6104 0 2 0 6106
677 0 5652 0 0 5652
678 5868 0 0 2 5870
679 1 0 0 5467 5468
680 3 5655 0 2 5660
681 5758 1 1 2 5762
682 1 0 5594 0 5595
683 1 5791 0 0 5792
684 0 0 0 5824 5824
685 1 0 5803 0 5804
686 5494 0 2 1 5497
687 3 0 5825 1 5829
688 1 0 0 5319 5320
689 0 0 0 5879 5879
690 0 5655 1 25 5681
691 5717 0 1 0 5718
692 0 0 1 5931 5932
693 5984 0 9 2 5995
694 0 0 5756 3 5759
695 5828 0 1 0 5829
696 6123 0 1 0 6124
697 6260 0 2 8 6270
698 0 1 0 5757 5758
699 0 0 5800 0 5800
700 0 5865 0 1 5866
701 0 0 1 5965 5966
702 5888 0 74 3 5965
703 1 5993 0 1 5995
704 5869 1 0 6 5876
705 0 5945 0 3 5948
706 3 1 1 5820 5825
707 0 0 5940 3 5943
708 1 6007 0 1 6009
709 0 0 0 6006 6006
710 0 0 0 6270 6270
711 6029 0 0 0 6029
712 1 6030 0 1 6032
713 6128 0 0 1 6129
714 6261 0 0 0 6261
715 0 0 5934 0 5934
716 1 0 6216 0 6217
717 0 0 7 4356 4363
718 0 0 5760 0 5760
719 5819 0 1 1 5821
720 6280 0 20 0 6300
721 6415 0 0 1 6416
722 6456 0 1 3 6460
723 0 0 1 5916 5917
724 0 1 3 6237 6241
725 6 0 5945 0 5951
726 0 0 6186 0 6186
727 5732 0 2 0 5734
728 2 0 5951 0 5953
729 5884 0 1 0 5885
730 3 5936 0 1 5940
731 6058 0 1 0 6059
732 6257 0 0 1 6258
733 6307 0 2 0 6309
734 0 1 1 5760 5762
735 5969 0 8 0 5977
736 0 1 0 5791 5792
737 5927 0 1 0 5928
738 0 1 0 5604 5605
739 1 5490 0 1 5492
740 5503 1 0 0 5504
741 3 5577 0 15 5595
742 1 5819 0 0 5820
743 2 5954 0 0 5956
744 5459 1 0 11 5471
745 0 0 5624 3 5627
746 1 0 5703 1 5705
747 5246 0 1 0 5247
748 1 0 5576 0 5577
749 3 0 5684 1 5688
750 12 1 5720 0 5733
751 5407 1 0 0 5408
752 5738 0 0 0 5738
753 0 1 0 5607 5608
754 5660 1 0 4 5665
755 5843 0 1 0 5844
756 5831 0 1 4 5836
757 0 109 1 5374 5484
758 1 0 1 5644 5646
759 5587 0 19 2 5608
760 5665 0 0 1 5666
761 10 5433 0 0 5443
762 0 1 1 5443 5445
763 1 0 5374 0 5375
764 5447 1 0 0 5448
765 1 0 5518 0 5519
766 0 7 0 5316 5323
767 5 5457 0 0 5462
768 3 5686 0 0 5689
769 5612 3 21 0 5636
770 1 0 5624 0 5625
771 2 0 5656 0 5658
772 0 0 0 5079 5079
773 5 5484 0 0 5489
774 0 5 0 5562 5567
775 0 5660 0 1 5661
776 5737 0 2 0 5739
777 5804 0 0 1 5805
778 1 0 0 5643 5644
779 0 5633 0 2 5635
780 5676 8 25 0 5709
781 5781 1 0 0 5782
782 1 0 0 5662 5663
783 0 0 5653 0 5653
784 5636 1 1 0 5638
785 0 1 1 5675 5677
786 5690 0 1 0 5691
787 0 0 5592 0 5592
788 0 0 0 5397 5397
789 5587 0 10 0 5597
790 19 0 5533 0 5552
791 0 5585 0 0 5585
792 0 0 0 5564 5564
793 0 0 1 5715 5716
794 0 0 5588 0 5588
795 1 3 1 5410 5415
796 5574 2 0 0 5576
797 0 0 5579 0 5579
798 9 0 5692 3 5704
799 5560 0 6 0 5566
800 5844 0 0 2 5846
801 5865 0 0 0 5865
802 5893 0 0 0 5893
803 1 0 1 5741 5743
804 5811 0 0 0 5811
805 5882 2 5 1 5890
806 0 1 0 5725 5726
807 0 5717 0 0 5717
808 5997 1 2 0 6000
809 2 0 5983 1 5986
810 6093 0 0 0 6093
811 6141 1 0 0 6142
812 0 0 6067 2 6069
813 6153 0 0 0 6153
814 2 3 2 6158 6165
815 7 6256 0 0 6263
816 6355 0 2 0 6357
817 6394 0 2 0 6396
818 0 0 1 6285 6286
819 6321 2 0 0 6323
820 0 0 6466 0 6466
821 0 1 0 6322 6323
822 0 6511 0 38 6549
823 2 0 6598 0 6600
824 0 6338 0 2 6340
825 0 1 0 6347 6348
826 0 1 0 6439 6440
827 0 6418 0 4 6422
828 6492 0 1 0 6493
829 6570 0 2 0 6572
830 6494 0 1 0 6495
831 2 6465 4 0 6471
832 0 6516 0 0 6516
833 1 6549 0 0 6550
834 6383 1 1 1 6386
835 9 6581 0 1 6591
836 0 1 16 6528 6545
837 0 0 6526 0 6526
838 0 0 6497 1 6498
839 6389 0 15 0 6404
840 9 0 6534 0 6543
841 0 6628 0 1 6629
842 0 1 1 6690 6692
843 6621 0 7 0 6628
844 1 0 6668 0 6669
845 0 6686 0 4 6690
846 0 0 1 6758 6759
847 2 0 6759 1 6762
848 0 0 0 6683 6683
849 6823 0 16 0 6839
850 9 0 6863 0 6872
851 6945 0 0 0 6945
852 6978 0 2 0 6980
853 7068 1 3 5 7077
854 0 2 1 6954 6957
855 0 0 0 7062 7062
856 3 0 6986 0 6989
857 2 6996 0 0 6998
858 7121 0 0 0 7121
859 7158 0 0 1 7159
860 7140 2 0 1 7143
861 1 7176 0 1 7178
862 7259 0 0 0 7259
863 7239 1 1 1 7242
864 40 0 7092 0 7132
865 7044 1 9 0 7054
866 0 7203 0 0 7203
867 0 4 0 7212 7216
868 1 1 7270 0 7272
869 3 0 1 7076 7080
870 0 0 7281 0 7281
871 7243 0 1 1 7245
872 0 0 2 7301 7303
873 7341 0 1 1 7343
874 5 0 7299 0 7304
875 7252 0 0 1 7253
876 0 8 0 7267 7275
877 7249 1 3 0 7253
878 0 7280 0 0 7280
879 0 114 0 7242 7356
880 1 1 7325 0 7327
881 7332 1 1 1 7335
882 7314 0 0 1 7315
883 2 7288 0 0 7290
884 5 7449 0 0 7454
885 0 2 0 7471 7473
886 0 1 1 7572 7574
887 1 1 0 7593 7595
888 7573 0 19 20 7612
889 7560 0 0 0 7560
890 7551 0 3 0 7554
891 1 0 7467 0 7468
892 0 0 0 7232 7232
893 3 7377 0 1 7381
894 7516 1 9 0 7526
895 0 0 0 7522 7522
896 2 1 7500 0 7503
897 0 9 0 7408 7417
898 16 7502 0 1 7519
899 0 2 0 7481 7483
900 1 0 7480 1 7482
901 19 0 7468 1 7488
902 2 7459 0 1 7462
903 7518 0 18 0 7536
904 0 0 7461 0 7461
905 0 7389 0 0 7389
906 1 7486 0 0 7487
907 7497 0 1 0 7498
908 0 0 0 7542 7542
909 7555 1 0 0 7556
910 1 0 7538 0 7539
911 7444 0 0 0 7444
912 1 7545 0 22 7568
913 2 0 7567 2 7571
914 1 0 7518 1 7520
915 7318 0 22 0 7340
916 1 0 7528 3 7532
917 0 0 7517 0 7517
918 0 0 0 6926 6926
919 0 0 7441 1 7442
920 7423 0 17 2 7442
921 0 2 0 7558 7560
922 0 0 7562 0 7562
923 0 9 0 7463 7472
924 7545 0 5 0 7550
925 4 1 7499 0 7504
926 0 7483 0 1 7484
927 0 117 0 7407 7524
928 0 0 0 7561 7561
929 0 0 7500 0 7500
930 3 1 0 7420 7424
931 0 0 7399 0 7399
932 7403 0 3 0 7406
933 0 7399 0 11 7410
934 7308 93 0 0 7401
935 1 0 0 7413 7414
936 7414 0 0 0 7414
937 7441 0 0 1 7442
938 0 0 0 7423 7423
939 7424 0 14 0 7438
940 7428 0 1 0 7429
941 0 0 7309 0 7309
942 7228 0 0 0 7228
943 2 0 7269 0 7271
944 0 7268 0 5 7273
945 0 0 0 7261 7261
946 6 0 7185 0 7191
947 7 7194 0 0 7201
948 7339 0 4 0 7343
949 1 0 0 7237 7238
950 0 0 0 7280 7280
951 7324 0 1 0 7325
952 4 0 7189 10 7203
953 1 0 7164 0 7165
954 7226 0 1 1 7228
955 0 7180 3 0 7183
956 0 2 0 7333 7335
957 7318 0 47 0 7365
958 7271 0 3 0 7274
959 7238 0 0 0 7238
960 6 0 7189 0 7195
961 7118 0 0 0 7118
962 0 0 0 7042 7042
963 0 7129 0 0 7129
964 7116 0 0 1 7117
965 30 0 7020 0 7050
966 6972 0 0 0 6972
967 0 7005 0 0 7005
968 7036 0 2 0 7038
969 6975 0 0 0 6975
970 6931 0 2 0 6933
971 0 0 6910 1 6911
972 6729 0 103 0 6832
973 0 6846 0 0 6846
974 6867 0 0 0 6867
975 6835 0 4 0 6839
976 6777 1 0 0 6778
977 4 0 6743 0 6747
978 6653 0 0 1 6654
979 0 0 0 6570 6570
980 0 0 0 6616 6616
981 0 2 0 6653 6655
982 0 0 6593 0 6593
983 3 0 6553 0 6556
984 6528 13 7 0 6548
985 5 6517 0 5 6527
986 1 0 6483 3 6487
987 3 0 6471 0 6474
988 0 6409 0 0 6409
989 9 0 0 6499 6508
990 0 0 19 6496 6515
991 2 0 6414 0 6416
992 6292 0 2 1 6295
993 16 0 6323 0 6339
994 0 6244 1 19 6264
995 0 1 0 6383 6384
996 6374 0 0 0 6374
997 6327 0 0 0 6327
998 6400 0 2 1 6403
999 6345 0 0 0 6345
1000 6353 0 5 0 6358
1001 6 1 6296 0 6303
1002 6307 1 1 0 6309
1003 6311 0 1 0 6312
1004 1 0 0 6260 6261
1005 6288 1 0 1 6290
1006 4 0 0 6144 6148
1007 5 6012 0 198 6215
1008 6225 0 1 0 6226
1009 0 0 6163 1 6164
1010 0 0 6123 0 6123
1011 6098 0 0 3 6101
1012 6105 0 8 5 6118
1013 3 0 6279 0 6282
1014 6311 0 2 0 6313
1015 0 0 6278 0 6278
1016 6 0 6247 2 6255
1017 6227 0 0 0 6227
1018 1 4 3 6190 6198
1019 0 0 0 6204 6204
1020 0 6209 0 3 6212
1021 6300 0 2 0 6302
1022 6329 0 0 0 6329
1023 6302 0 5 0 6307
1024 6248 0 1 0 6249
1025 6225 0 2 0 6227
1026 0 2 0 6112 6114
1027 1 0 6031 4 6036
1028 5973 0 0 0 5973
1029 0 8 0 5968 5976
1030 8 0 5998 4 6010
1031 5941 1 0 0 5942
1032 5922 0 0 0 5922
1033 3 0 5932 0 5935
1034 5872 0 0 0 5872
1035 5883 0 1 0 5884
1036 5842 0 0 0 5842
1037 2 1 0 5777 5780
1038 5775 0 1 6 5782
1039 0 7 0 5714 5721
1040 0 1 0 5690 5691
1041 5734 0 1 10 5745
1042 5688 0 7 0 5695
1043 0 27 0 5653 5680
1044 5701 0 1 0 5702
1045 1 0 5642 6 5649
1046 0 0 5617 0 5617
1047 1 0 5553 0 5554
1048 5572 0 1 0 5573
1049 5626 0 0 0 5626
1050 1 5582 0 16 5599
1051 1 0 5597 1 5599
1052 7 0 5639 3 5649
1053 5651 0 0 0 5651
1054 5680 0 1 0 5681
1055 2 5686 0 2 5690
1056 5763 0 0 1 5764
1057 5729 0 0 0 5729
1058 0 1 1 5663 5665
1059 5634 0 0 2 5636
1060 3 5625 0 1 5629
1061 5655 0 0 0 5655
1062 25 0 5686 0 5711
1063 5632 0 2 0 5634
1064 5679 0 0 1 5680
1065 0 0 5657 0 5657
1066 5601 0 0 4 5605
1067 0 0 0 5612 5612
1068 0 0 1 5705 5706
1069 1 0 5762 0 5763
1070 3 0 5712 0 5715
1071 5683 0 4 0 5687
1072 5724 1 0 2 5727
1073 0 0 1 5631 5632
1074 5672 0 1 0 5673
1075 0 1 0 5641 5642
1076 0 0 5707 1 5708
1077 2 0 5640 1 5643
1078 0 0 5600 0 5600
1079 5541 0 2 0 5543
1080 8 5505 0 3 5516
1081 1 0 5503 0 5504
1082 0 0 5520 0 5520
1083 25 0 5538 0 5563
1084 3 0 5608 0 5611
1085 5612 0 4 0 5616
1086 5652 0 0 0 5652
1087 0 0 5590 0 5590
1088 5586 0 0 1 5587
1089 6 0 5612 0 5618
1090 2 0 5560 1 5563
1091 5561 0 0 0 5561
1092 0 0 5710 0 5710
1093 0 0 0 5645 5645
1094 1 9 0 5601 5611
1095 0 5571 0 0 5571
1096 0 5641 0 0 5641
1097 5701 1 2 0 5704
1098 0 0 0 5745 5745
1099 9 0 5720 1 5730
1100 0 1 1 5635 5637
1101 5737 0 1 0 5738
1102 5722 1 0 1 5724
1103 5 0 5747 0 5752
1104 5604 0 5 0 5609
1105 0 0 1 5638 5639
1106 1 0 5697 0 5698
1107 1 5 0 5433 5439
1108 0 0 5697 1 5698
1109 1 0 5707 0 5708
1110 3 1 1 5550 5555
1111 2 4 5665 0 5671
1112 5773 0 0 0 5773
1113 5776 0 1 0 5777
1114 0 1 1 5752 5754
1115 0 1 5696 0 5697
1116 5 5615 0 3 5623
1117 5620 0 0 0 5620
1118 1 0 5832 2 5835
1119 6 2 5810 1 5819
1120 0 0 6283 4 6287
1121 4 0 6376 0 6380
1122 6343 0 3 0 6346
1123 6398 0 8 0 6406
1124 0 1 0 6419 6420
1125 6458 0 1 0 6459
1126 0 5 3 6434 6442
1127 0 1 0 6509 6510
1128 6466 8 2 0 6476
1129 6528 0 1 1 6530
1130 6474 0 0 0 6474
1131 6510 0 9 0 6519
1132 6505 0 2 1 6508
1133 6483 0 0 0 6483
1134 3 0 6463 0 6466
1135 6419 1 0 0 6420
1136 0 0 6503 0 6503
1137 0 0 1 6293 6294
1138 6500 0 0 0 6500
1139 6477 0 0 0 6477
1140 6453 0 2 0 6455
1141 6484 0 0 1 6485
1142 0 1 1 6458 6460
1143 0 0 6442 0 6442
1144 6433 0 0 0 6433
1145 6437 0 4 0 6441
1146 6359 0 24 0 6383
1147 3 6431 0 0 6434
1148 0 0 1 6376 6377
1149 42 1 6402 0 6445
1150 0 0 6484 0 6484
1151 6468 0 11 0 6479
1152 6570 0 12 0 6582
1153 6607 0 1 0 6608
1154 6640 0 4 0 6644
1155 6583 0 5 0 6588
1156 0 6562 0 0 6562
1157 0 0 1 6431 6432
1158 6414 0 9 0 6423
1159 1 6436 0 16 6453
1160 1 1 2 6445 6449
1161 31 0 6398 0 6429
1162 6385 0 0 0 6385
1163 0 2 1 6396 6399
1164 6465 0 1 0 6466
1165 6433 0 1 0 6434
1166 6396 1 0 0 6397
1167 0 17 0 6330 6347
1168 0 0 0 6290 6290
1169 0 6310 0 14 6324
1170 6337 1 2 0 6340
1171 2 0 6312 4 6318
1172 2 6288 0 0 6290
1173 0 6283 0 0 6283
1174 6327 0 1 1 6329
1175 6375 0 0 0 6375
1176 6353 0 0 0 6353
1177 6336 0 0 1 6337
1178 6292 0 11 0 6303
1179 26 0 6329 0 6355
1180 0 0 6306 0 6306
1181 6192 0 22 0 6214
1182 5 1 6358 0 6364
1183 0 0 6373 2 6375
1184 6330 0 1 0 6331
1185 0 9 2 6339 6350
1186 6423 1 0 0 6424
1187 0 0 1 6437 6438
1188 4 0 6428 0 6432
1189 6386 0 0 0 6386
1190 0 0 6418 0 6418
1191 6285 0 0 0 6285
1192 0 1 6329 0 6330
1193 6462 0 0 0 6462
1194 0 12 0 6517 6529
1195 1 23 0 6599 6623
1196 1 0 1 6702 6704
1197 6803 1 1 1 6806
1198 6762 11 1 1 6775
1199 3 0 2 6862 6867
1200 6909 0 0 0 6909
1201 6857 9 1 0 6867
1202 0 2 3 6985 6990
1203 3 7083 0 2 7088
1204 0 3 1 7113 7117
1205 0 1 0 7232 7233
1206 7198 6 13 0 7217
1207 2 0 1 7263 7266
1208 0 0 7282 1 7283
1209 1 7044 0 185 7230
1210 7304 3 0 3 7310
1211 0 0 2 7347 7349
1212 2 0 7401 0 7403
1213 4 1 7412 0 7417
1214 0 0 0 7216 7216
1215 7641 1 5 0 7647
1216 1 1 1 7744 7747
1217 1 1 1 7828 7831
1218 0 1 1 7793 7795
1219 0 1 0 7822 7823
1220 1 7799 0 8 7808
1221 1 0 1 7794 7796
1222 2 7880 0 0 7882
1223 7944 0 0 0 7944
1224 7941 0 3 0 7944
1225 2 0 7912 0 7914
1226 7818 0 0 0 7818
1227 3 7896 0 0 7899
1228 7871 0 0 6 7877
1229 3 8049 0 33 8085
1230 0 1 2 8059 8062
1231 8142 0 4 0 8146
1232 6 0 8238 0 8244
1233 47 0 8145 0 8192
1234 8143 0 0 1 8144
1235 0 2 9 8305 8316
1236 14 16 8331 1 8362
1237 0 0 0 8358 8358
1238 0 0 1 8403 8404
1239 1 8389 0 1 8391
1240 1 8436 0 0 8437
1241 8505 0 5 1 8511
1242 8420 0 1 3 8424
1243 0 0 8496 1 8497
1244 0 0 8420 0 8420
1245 141 0 8285 0 8426
1246 0 0 8479 1 8480
1247 0 1 1 7991 7993
1248 5 1 8272 0 8278
1249 8407 0 5 0 8412
1250 0 0 8532 0 8532
1251 8459 0 0 0 8459
1252 1 0 8586 0 8587
1253 2 0 8569 0 8571
1254 8508 0 5 0 8513
1255 0 0 8652 0 8652
1256 8640 1 1 0 8642
1257 8692 0 29 0 8721
1258 8806 0 0 0 8806
1259 0 1 1 8890 8892
1260 8937 0 0 0 8937
1261 8925 0 0 0 8925
1262 8894 1 81 0 8976
1263 0 2 0 9103 9105
1264 0 1 0 9108 9109
1265 1 1 0 9160 9162
1266 0 0 1 9314 9315
1267 4 9303 0 0 9307
1268 0 1 1 9337 9339
1269 0 15 1 9343 9359
1270 9339 0 4 0 9343
1271 9270 0 1 1 9272
1272 0 1 1 9175 9177
1273 5 9247 10 1 9263
1274 15 0 9293 2 9310
1275 9168 0 10 0 9178
1276 1 0 9222 0 9223
1277 1 9096 0 5 9102
1278 8916 0 91 158 9165
1279 2 1 9171 0 9174
1280 2 0 9103 2 9107
1281 2 9095 0 2 9099
1282 0 9149 0 0 9149
1283 9233 0 2 0 9235
1284 9095 0 3 0 9098
1285 15 9278 0 0 9293
1286 0 0 2 9209 9211
1287 1 1 0 9186 9188
1288 2 24 0 9146 9172
1289 0 1 0 9149 9150
1290 9070 0 1 0 9071
1291 5 0 0 8684 8689
1292 0 8603 0 0 8603
1293 4 0 0 8471 8475
1294 0 8482 0 16 8498
1295 0 8541 0 0 8541
1296 8541 0 2 2 8545
1297 8375 6 0 1 8382
1298 0 1 3 8345 8349
1299 1 0 8317 0 8318
1300 0 0 0 8162 8162
1301 8205 0 5 0 8210
1302 0 8222 0 36 8258
1303 3 8220 1 1 8225
1304 8271 0 1 0 8272
1305 8218 0 1 0 8219
1306 2 8259 0 0 8261
1307 0 1 0 8179 8180
1308 9 8184 0 0 8193
1309 0 8239 6 0 8245
1310 8208 0 14 0 8222
1311 8210 0 0 0 8210
1312 0 8220 0 0 8220
1313 1 0 8165 16 8182
1314 8118 0 1 0 8119
1315 0 0 12 8146 8158
1316 8164 0 0 0 8164
1317 0 2 0 8147 8149
1318 0 1 0 8203 8204
1319 0 0 3 8193 8196
1320 0 0 0 8137 8137
1321 2 1 1 8088 8092
1322 0 2 1 8017 8020
1323 9 0 7671 1 7681
1324 7649 0 0 0 7649
1325 7539 0 35 2 7576
1326 4 0 1 7639 7644
1327 7649 0 1 0 7650
1328 4 0 7631 0 7635
1329 7561 0 28 1 7590
1330 7597 0 3 0 7600
1331 2 0 7405 0 7407
1332 1 7338 0 0 7339
1333 7455 0 1 0 7456
1334 7369 0 0 0 7369
1335 0 7194 1 189 7384
1336 10 0 7301 0 7311
1337 7154 0 11 0 7165
1338 0 7281 26 0 7307
1339 0 7367 0 0 7367
1340 0 6 0 7361 7367
1341 0 1 0 7400 7401
1342 0 6 0 7398 7404
1343 1 0 0 7413 7414
1344 0 2 0 7392 7394
1345 0 0 7245 0 7245
1346 7112 0 0 8 7120
1347 0 0 0 7085 7085
1348 0 7143 4 0 7147
1349 7198 0 0 0 7198
1350 7149 0 6 1 7156
1351 0 1 1 7200 7202
1352 1 0 7177 0 7178
1353 1 0 7114 1 7116
1354 0 0 7093 2 7095
1355 0 0 7102 0 7102
1356 1 0 7125 0 7126
1357 1 2 0 6566 6569
1358 7023 0 0 0 7023
1359 0 12 0 7087 7099
1360 2 0 7114 0 7116
1361 7029 0 10 0 7039
1362 0 0 7046 1 7047
1363 2 0 7022 0 7024
1364 7057 0 2 0 7059
1365 7095 0 10 0 7105
1366 1 0 6 7012 7019
1367 0 6989 0 1 6990
1368 6841 0 1 0 6842
1369 0 7091 0 1 7092
1370 5 7066 0 0 7071
1371 0 7024 1 2 7027
1372 7089 1 0 0 7090
1373 7142 0 0 3 7145
1374 7139 0 0 0 7139
1375 1 0 7088 0 7089
1376 4 7058 0 0 7062
1377 7142 0 0 2 7144
1378 7096 0 0 0 7096
1379 0 0 7123 0 7123
1380 1 0 1 6820 6822
1381 5 0 6947 1 6953
1382 6998 0 0 1 6999
1383 7018 0 0 1 7019
1384 6 6999 0 2 7007
1385 0 0 0 7002 7002
1386 6930 0 0 0 6930
1387 58 6887 0 1 6946
1388 6937 0 0 0 6937
1389 0 2 0 6904 6906
1390 0 0 6915 0 6915
1391 1 0 6890 0 6891
1392 16 0 6817 0 6833
1393 6782 0 0 0 6782
1394 2 0 0 6834 6836
1395 6869 0 0 0 6869
1396 6890 0 0 2 6892
1397 6901 0 0 1 6902
1398 0 0 0 6825 6825
1399 5 0 6791 0 6796
1400 6738 7 2 0 6747
1401 6665 0 2 10 6677
1402 1 1 0 6580 6582
1403 0 6656 0 0 6656
1404 6672 0 0 0 6672
1405 6627 0 0 0 6627
1406 0 0 0 6549 6549
1407 1 2 6537 0 6540
1408 6573 0 0 0 6573
1409 6525 0 2 0 6527
1410 1 0 0 6441 6442
1411 0 0 6410 0 6410
1412 4 6392 0 4 6400
1413 6447 0 0 0 6447
1414 0 0 0 6459 6459
1415 1 6447 0 0 6448
1416 2 6 0 6421 6429
1417 1 0 6398 1 6400
1418 6333 0 1 0 6334
1419 0 6358 1 0 6359
1420 0 0 0 6400 6400
1421 6377 2 0 0 6379
1422 0 0 0 6351 6351
1423 6248 0 0 0 6248
1424 1 6299 0 1 6301
1425 6266 0 1 29 6296
1426 0 9 1 6161 6171
1427 1 1 0 6180 6182
1428 2 0 6155 0 6157
1429 6073 0 0 0 6073
1430 6058 0 0 1 6059
1431 6059 2 5 2 6068
1432 0 0 6056 0 6056
1433 1 1 6018 4 6024
1434 0 0 5976 5 5981
1435 5756 0 202 0 5958
1436 1 1 0 5893 5895
1437 0 0 0 5905 5905
1438 5 0 5836 2 5843
1439 0 1 0 5704 5705
1440 5781 0 4 0 5785
1441 0 0 5772 0 5772
1442 0 0 0 5619 5619
1443 45 0 5650 0 5695
1444 5738 0 2 0 5740
1445 0 5707 0 3 5710
1446 5765 0 0 0 5765
1447 5715 0 1 0 5716
1448 2 0 5642 6 5650
1449 5634 0 2 0 5636
1450 5570 0 0 0 5570
1451 5543 0 0 0 5543
1452 20 0 0 5516 5536
1453 50 0 5380 0 5430
1454 0 0 0 5286 5286
1455 5360 0 4 0 5364
1456 5349 1 4 0 5354
1457 0 1 0 5299 5300
1458 0 0 0 5346 5346
1459 2 0 5288 0 5290
1460 5245 0 1 0 5246
1461 1 5262 0 1 5264
1462 9 0 5241 0 5250
1463 5156 0 0 1 5157
1464 0 5303 0 1 5304
1465 0 15 0 5319 5334
1466 0 0 0 5313 5313
1467 0 0 0 5287 5287
1468 5267 0 5 0 5272
1469 5 0 5157 0 5162
1470 2 5113 0 0 5115
1471 2 0 0 5095 5097
1472 0 5052 0 0 5052
1473 0 0 0 5060 5060
1474 5041 0 1 0 5042
1475 4 5042 0 0 5046
1476 1 0 1 4972 4974
1477 2 0 4938 0 4940
1478 4917 0 1 1 4919
1479 4865 0 5 0 4870
1480 4838 0 0 0 4838
1481 13 4760 0 1 4774
1482 4750 0 0 0 4750
1483 0 0 4748 0 4748
1484 4693 0 0 0 4693
1485 4644 0 19 0 4663
1486 4625 0 0 0 4625
1487 4543 0 0 0 4543
1488 4537 0 23 0 4560
1489 0 0 4522 0 4522
1490 0 5 2 4027 4034
1491 4422 0 0 0 4422
1492 0 1 0 4345 4346
1493 0 4442 0 0 4442
1494 1 4385 0 15 4401
1495 4404 0 1 1 4406
1496 8 0 0 4325 4333
1497 4372 0 1 0 4373
1498 4332 0 1 0 4333
1499 0 4284 0 0 4284
1500 4289 0 1 0 4290
1501 4253 0 0 0 4253
1502 4256 0 0 0 4256
1503 4207 0 22 0 4229
1504 4222 0 0 0 4222
1505 4182 0 0 1 4183
1506 1 1 0 4106 4108
1507 3 4167 5 0 4175
1508 0 0 0 4182 4182
1509 0 1 1 4225 4227
1510 4170 0 0 10 4180
1511 0 0 4136 1 4137
1512 0 4105 1 2 4108
1513 0 1 2 4029 4032
1514 3 3 0 4054 4060
1515 4023 0 0 0 4023
1516 3982 0 0 0 3982
1517 0 8 1 3952 3961
1518 3978 0 1 0 3979
1519 3957 0 0 0 3957
1520 3939 0 1 0 3940
1521 3939 0 1 0 3940
1522 3898 0 1 1 3900
1523 0 0 3832 1 3833
1524 10 0 3741 1 3752
1525 3756 0 1 0 3757
1526 0 3788 0 3 3791
1527 0 6 0 3756 3762
1528 2 0 3806 0 3808
1529 0 0 3734 0 3734
1530 3762 0 14 0 3776
1531 0 0 3741 0 3741
1532 3716 0 2 1 3719
1533 3717 0 0 0 3717
1534 0 0 3720 1 3721
1535 1 1 0 3577 3579
1536 1 3656 0 1 3658
1537 3694 1 0 0 3695
1538 0 0 0 3672 3672
1539 3713 0 1 0 3714
1540 3709 0 0 0 3709
1541 0 0 0 3705 3705
1542 0 0 3706 2 3708
1543 1 1 3664 0 3666
1544 1 3 3663 0 3667
1545 3662 0 1 0 3663
1546 8 0 3676 0 3684
1547 1 3670 0 0 3671
1548 0 5 0 3702 3707
1549 3740 0 1 0 3741
1550 3717 0 0 0 3717
1551 1 2 0 3660 3663
1552 1 0 3583 0 3584
1553 3562 0 1 0 3563
1554 0 3595 0 3 3598
1555 0 0 3607 0 3607
1556 0 0 0 3487 3487
1557 0 0 3523 0 3523
1558 3546 0 0 1 3547
1559 0 0 3601 0 3601
1560 0 0 5 3468 3473
1561 0 0 3545 0 3545
1562 3636 0 7 0 3643
1563 3736 0 0 0 3736
1564 1 0 1 3727 3729
1565 1 0 1 3733 3735
1566 3763 0 3 6 3772
1567 0 0 3740 0 3740
1568 3753 0 0 0 3753
1569 3777 0 4 1 3782
1570 6 0 0 3765 3771
1571 0 3770 0 1 3771
1572 3802 0 0 0 3802
1573 0 3834 0 1 3835
1574 3882 0 5 0 3887
1575 3899 0 0 2 3901
1576 0 0 3878 0 3878
1577 0 3883 0 1 3884
1578 3904 0 0 1 3905
1579 2 3942 0 1 3945
1580 3951 0 0 0 3951
1581 11 0 3935 1 3947
1582 1 3940 0 0 3941
1583 0 1 0 3969 3970
1584 0 0 4015 0 4015
1585 3961 0 0 0 3961
1586 0 0 0 4028 4028
1587 0 0 4021 0 4021
1588 4000 0 1 0 4001
1589 0 1 0 3998 3999
1590 4034 0 1 0 4035
1591 4015 0 0 0 4015
1592 0 4035 0 0 4035
1593 4043 0 1 0 4044
1594 0 0 0 4043 4043
1595 4037 0 0 0 4037
1596 0 7 0 4054 4061
1597 0 0 4058 0 4058
1598 4044 0 0 0 4044
1599 0 8 0 4020 4028
1600 4027 0 0 1 4028
1601 0 4003 0 1 4004
1602 4011 0 0 1 4012
1603 0 4005 0 1 4006
1604 0 4052 0 1 4053
1605 0 0 0 4084 4084
1606 4099 0 0 0 4099
1607 4055 0 0 0 4055
1608 4047 0 1 0 4048
1609 4037 0 1 0 4038
1610 0 0 1 4053 4054
1611 0 0 4109 0 4109
1612 0 1 0 3822 3823
1613 0 0 4062 0 4062
1614 1 0 4103 0 4104
1615 0 0 4117 0 4117
1616 4027 0 0 0 4027
1617 4094 0 1 0 4095
1618 4138 0 1 0 4139
1619 0 1 1 4155 4157
1620 6 0 4181 0 4187
1621 0 0 4342 2 4344
1622 2 1 4463 0 4466
1623 4550 0 0 0 4550
1624 4533 1 1 0 4535
1625 0 4606 0 0 4606
1626 4685 0 3 0 4688
1627 4646 0 0 0 4646
1628 0 4664 4 1 4669
1629 0 4760 0 3 4763
1630 4884 0 0 1 4885
1631 4887 0 0 0 4887
1632 4886 0 0 0 4886
1633 0 1 4846 0 4847
1634 4817 0 1 0 4818
1635 4827 0 1 2 4830
1636 0 4914 0 12 4926
1637 0 1 1 4886 4888
1638 1 0 4912 0 4913
1639 1 0 4901 0 4902
1640 2 2 0 4772 4776
1641 170 0 4732 0 4902
1642 0 4953 1 5 4959
1643 5121 0 2 0 5123
1644 5097 0 17 0 5114
1645 5105 0 4 0 5109
1646 5065 0 0 0 5065
1647 0 5086 0 0 5086
1648 4889 0 0 2 4891
1649 0 4925 0 0 4925
1650 0 0 153 4783 4936
1651 0 0 0 4971 4971
1652 4992 1 1 0 4994
1653 0 1 0 4970 4971
1654 5 4974 0 0 4979
1655 5015 1 1 0 5017
1656 4937 0 0 0 4937
1657 0 0 1 5004 5005
1658 0 0 4997 0 4997
1659 1 0 4958 0 4959
1660 4 0 4933 0 4937
1661 0 0 1 4706 4707
1662 1 0 4914 0 4915
1663 0 5015 0 5 5020
1664 0 0 0 5098 5098
1665 5136 0 21 0 5157
1666 5208 0 3 0 5211
1667 5249 0 3 0 5252
1668 5229 0 20 0 5249
1669 5208 0 0 0 5208
1670 5212 1 0 0 5213
1671 1 5312 0 0 5313
1672 0 2 1 5204 5207
1673 1 0 9 5266 5276
1674 6 0 5250 0 5256
1675 3 0 5306 14 5323
1676 0 0 1 5187 5188
1677 25 0 5292 0 5317
1678 5336 0 1 0 5337
1679 0 5334 0 78 5412
1680 5445 0 0 1 5446
1681 0 5583 0 0 5583
1682 0 2 0 5702 5704
1683 1270 0 4495 0 5765
1684 5736 0 2 0 5738
1685 5764 0 0 0 5764
1686 182 0 5591 0 5773
1687 0 0 5757 0 5757
1688 0 5865 0 0 5865
1689 0 0 1 5877 5878
1690 1 5970 0 0 5971
1691 6001 0 0 8 6009
1692 3 0 6095 2 6100
1693 0 0 0 5980 5980
1694 0 2 0 6062 6064
1695 0 0 34 6065 6099
1696 3 6130 0 0 6133
1697 1 2 0 6158 6161
1698 0 8 0 6153 6161
1699 1 6170 0 6 6177
1700 0 2 0 6209 6211
1701 6185 0 1 0 6186
1702 0 0 6252 0 6252
1703 5 0 6263 0 6268
1704 6221 0 21 0 6242
1705 6370 0 1 0 6371
1706 6360 0 0 0 6360
1707 6343 0 18 0 6361
1708 0 0 6424 0 6424
1709 6400 0 3 0 6403
1710 7 0 6523 0 6530
1711 3 0 6516 1 6520
1712 6560 0 12 2 6574
1713 0 6571 2 18 6591
1714 6638 0 1 1 6640
1715 2 0 0 6695 6697
1716 1 0 6721 0 6722
1717 0 0 0 6637 6637
1718 0 1 0 6657 6658
1719 0 6631 0 25 6656
1720 0 6710 0 0 6710
1721 6714 0 1 0 6715
1722 6685 1 1 0 6687
1723 0 0 0 6788 6788
1724 1 0 6753 0 6754
1725 0 0 6754 0 6754
1726 5 0 6757 0 6762
1727 6679 1 9 0 6689
1728 0 0 0 6749 6749
1729 3 0 6770 0 6773
1730 2 6706 0 11 6719
1731 6843 0 0 0 6843
1732 0 0 0 6848 6848
1733 0 0 1 6890 6891
1734 0 1 0 6950 6951
1735 0 0 6940 0 6940
1736 6939 0 0 0 6939
1737 6979 0 3 0 6982
1738 0 0 7003 0 7003
1739 0 7016 0 0 7016
1740 7230 0 0 1 7231
1741 0 0 0 7220 7220
1742 1 2 0 7299 7302
1743 0 3 0 7401 7404
1744 1 0 7274 4 7279
1745 7204 0 6 1 7211
1746 40 0 7236 0 7276
1747 7170 0 0 0 7170
1748 2 0 7251 0 7253
1749 0 7230 0 1 7231
1750 7315 0 2 0 7317
1751 2 1 0 7347 7350
1752 7348 0 11 0 7359
1753 7305 1 0 2 7308
1754 0 1 0 7312 7313
1755 0 43 0 7208 7251
1756 1 7220 0 1 7222
1757 2 7286 0 0 7288
1758 0 0 1 7271 7272
1759 0 7383 0 3 7386
1760 7424 0 11 1 7436
1761 2 0 7403 0 7405
1762 7362 0 0 0 7362
1763 7431 0 0 0 7431
1764 7433 0 3 0 7436
1765 7425 0 0 0 7425
1766 0 2 0 7399 7401
1767 2 2 7321 0 7325
1768 25 0 7246 3 7274
1769 0 7207 0 5 7212
1770 0 2 8 7233 7243
1771 2 1 7306 0 7309
1772 0 1 7284 0 7285
1773 0 2 0 7261 7263
1774 4 7245 0 1 7250
1775 7235 0 0 0 7235
1776 0 0 7314 0 7314
1777 1 2 0 7133 7136
1778 7254 0 0 0 7254
1779 1 7252 0 2 7255
1780 7254 0 0 0 7254
1781 0 0 7304 0 7304
1782 0 4 0 7181 7185
1783 0 0 7255 0 7255
1784 0 0 7296 0 7296
1785 7053 0 1 0 7054
1786 0 0 0 7161 7161
1787 0 0 0 7279 7279
1788 0 1 0 7334 7335
1789 25 0 7218 0 7243
1790 0 7301 0 4 7305
1791 7423 0 0 0 7423
1792 7432 0 0 0 7432
1793 1 0 7398 0 7399
1794 7331 0 4 0 7335
1795 1 0 7308 0 7309
1796 0 7348 4 0 7352
1797 7483 2 0 0 7485
1798 0 0 7399 0 7399
1799 0 1 0 7292 7293
1800 2 0 7381 0 7383
1801 0 7335 0 0 7335
1802 1 3 0 7363 7367
1803 0 7412 0 2 7414
1804 7482 0 0 0 7482
1805 7422 0 2 0 7424
1806 7436 0 1 0 7437
1807 1 7442 0 0 7443
1808 7549 0 2 0 7551
1809 7492 0 0 0 7492
1810 7422 0 0 0 7422
1811 1 1 0 7472 7474
1812 4 0 7422 0 7426
1813 7375 0 1 0 7376
1814 1 0 7383 0 7384
1815 7359 0 0 0 7359
1816 0 0 7331 0 7331
1817 7228 0 0 0 7228
1818 59 7154 2 0 7215
1819 0 7295 0 0 7295
1820 7289 0 0 7 7296
1821 44 0 7303 0 7347
1822 0 0 7311 0 7311
1823 7171 0 1 0 7172
1824 0 0 7292 1 7293
1825 0 0 7311 0 7311
1826 0 25 0 6706 6731
1827 0 0 0 7179 7179
1828 7249 0 2 1 7252
1829 0 2 0 7506 7508
1830 1 0 7476 0 7477
1831 7494 0 0 0 7494
1832 7609 0 1 0 7610
1833 7621 0 0 0 7621
1834 7571 0 0 1 7572
1835 1 7626 0 0 7627
1836 0 4 0 7618 7622
1837 0 0 7549 0 7549
1838 7532 0 13 0 7545
1839 12 7628 5 3 7648
1840 0 7673 0 2 7675
1841 7693 0 0 0 7693
1842 13 0 7705 0 7718
1843 0 0 0 7605 7605
1844 1 0 0 7725 7726
1845 0 7681 0 66 7747
1846 7726 0 0 2 7728
1847 0 0 0 7796 7796
1848 7775 0 2 0 7777
1849 7737 0 0 0 7737
1850 7636 0 0 1 7637
1851 14 0 7696 0 7710
1852 0 0 0 7333 7333
1853 0 2 0 7600 7602
1854 1 0 7563 0 7564
1855 0 7568 0 9 7577
1856 0 3 2 7565 7570
1857 17 0 7498 1 7516
1858 0 7389 1 14 7404
1859 0 7478 0 1 7479
1860 0 7 0 7590 7597
1861 0 2 0 7625 7627
1862 0 0 0 7638 7638
1863 0 0 0 7621 7621
1864 1 0 0 7622 7623
1865 0 0 7530 7 7537
1866 0 1 0 7291 7292
1867 0 8 0 7357 7365
1868 0 0 0 7440 7440
1869 1 7391 0 0 7392
1870 2 0 1 7319 7322
1871 0 7347 0 1 7348
1872 7238 1 11 0 7250
1873 0 7253 0 14 7267
1874 0 7260 0 1 7261
1875 7140 1 0 0 7141
1876 0 7255 1 1 7257
1877 0 7304 0 1 7305
1878 7325 1 1 0 7327
1879 7257 0 1 0 7258
1880 7280 0 0 0 7280
1881 7327 0 0 0 7327
1882 0 0 0 7246 7246
1883 0 3 0 7293 7296
1884 7401 0 4 1 7406
1885 7363 0 2 0 7365
1886 0 2 7311 0 7313
1887 7 0 7199 0 7206
1888 7072 0 16 3 7091
1889 0 0 7184 0 7184
1890 1 7106 0 1 7108
1891 7188 1 2 0 7191
1892 7155 0 1 0 7156
1893 2 1 0 7084 7087
1894 0 0 7166 0 7166
1895 2 0 7189 1 7192
1896 15 0 7138 1 7154
1897 0 0 7118 0 7118
1898 7025 2 0 0 7027
1899 1 0 7079 0 7080
1900 0 7022 0 0 7022
1901 1 7078 0 1 7080
1902 0 1 0 7192 7193
1903 0 1 0 7223 7224
1904 7103 0 0 1 7104
1905 0 0 1 7112 7113
1906 4 7111 0 0 7115
1907 7096 1 0 0 7097
1908 7047 0 2 0 7049
1909 0 1 0 7062 7063
1910 1 0 0 7132 7133
1911 0 7084 0 0 7084
1912 0 0 0 7102 7102
1913 1 0 0 7125 7126
1914 7077 1 1 0 7079
1915 6965 0 1 0 6966
1916 6886 1 0 0 6887
1917 6657 0 173 0 6830
1918 2 6877 0 2 6881
1919 0 1 1 6756 6758
1920 0 0 0 6877 6877
1921 0 0 6844 0 6844
1922 1 0 0 6687 6688
1923 6748 0 1 0 6749
1924 1 50 0 6764 6815
1925 1 2 0 6798 6801
1926 24 0 6635 1 6660
1927 6589 0 0 1 6590
1928 6657 0 1 0 6658
1929 6650 1 1 1 6653
1930 1 0 6540 0 6541
1931 0 0 6489 1 6490
1932 6350 0 16 6 6372
1933 0 0 6404 0 6404
1934 0 0 6296 0 6296
1935 6270 0 3 1 6274
1936 0 0 6110 0 6110
1937 1 0 6015 0 6016
1938 22 1 6046 1 6070
1939 1 6 6475 1 6483
1940 6811 0 1 0 6812
1941 6754 0 83 1 6838
1942 6805 2 8 5 6820
1943 6899 0 1 0 6900
1944 0 0 0 6871 6871
1945 0 0 0 6841 6841
1946 0 0 0 6882 6882
1947 2 6869 0 10 6881
1948 6903 0 6 2 6911
1949 0 0 0 6783 6783
1950 311 6556 0 2 6869
1951 3 0 6825 0 6828
1952 6667 0 0 0 6667
1953 6706 1 1 0 6708
1954 0 0 6709 0 6709
1955 0 0 0 6539 6539
1956 6616 0 2 0 6618
1957 6596 0 0 0 6596
1958 0 0 6584 0 6584
1959 24 0 6559 0 6583
1960 6550 0 2 0 6552
1961 6589 0 0 0 6589
1962 6589 0 0 0 6589
1963 5 0 6481 0 6486
1964 0 0 6457 1 6458
1965 0 0 6437 0 6437
1966 1 2 0 6179 6182
1967 0 6346 0 0 6346
1968 0 2 0 6314 6316
1969 0 6373 0 0 6373
1970 0 6423 0 2 6425
1971 0 1 0 6455 6456
1972 0 6469 0 1 6470
1973 0 1 0 6490 6491
1974 6399 0 1 1 6401
1975 0 1 0 6347 6348
1976 0 2 0 6282 6284
1977 1 1 0 6261 6263
1978 0 4 0 6180 6184
1979 0 6206 0 3 6209
1980 1 6293 0 6 6300
1981 5 0 0 6034 6039
1982 5973 0 0 0 5973
1983 0 22 0 5939 5961
1984 5949 0 0 0 5949
1985 5919 0 0 0 5919
1986 1 4 5 5733 5743
1987 0 5770 0 0 5770
1988 1 5714 0 0 5715
1989 5684 0 0 0 5684
1990 11 5702 0 0 5713
1991 5723 0 0 0 5723
1992 5672 0 15 0 5687
1993 5591 0 0 0 5591
1994 0 5638 0 0 5638
1995 5713 0 0 1 5714
1996 0 0 5613 0 5613
1997 5648 0 0 0 5648
1998 5621 0 2 0 5623
1999 0 0 5576 0 5576
2000 0 0 0 5424 5424
2001 0 5283 0 189 5472
2002 12 5456 0 1 5469
2003 1 3 0 5502 5506
2004 5483 0 0 0 5483
2005 5425 0 1 2 5428
2006 0 5452 0 0 5452
2007 1 6 0 5389 5396
2008 5394 0 0 0 5394
2009 0 0 0 5334 5334
2010 5371 0 0 1 5372
2011 0 0 1 5268 5269
2012 1 0 5245 0 5246
2013 0 5251 0 5 5256
2014 2 0 5245 4 5251
2015 4 0 5241 0 5245
2016 5 5253 0 6 5264
2017 5275 0 0 0 5275
2018 1 0 5281 0 5282
2019 5238 0 7 1 5246
2020 5233 0 1 0 5234
2021 0 13 0 5300 5313
2022 6 0 5268 0 5274
2023 5212 0 0 0 5212
2024 0 2 0 5292 5294
2025 2 0 5290 0 5292
2026 0 4 0 5259 5263
2027 0 5230 0 1 5231
2028 5223 0 33 0 5256
2029 0 3 0 5208 5211
2030 0 2 0 5285 5287
2031 5233 0 9 0 5242
2032 5186 0 0 0 5186
2033 5150 0 0 4 5154
2034 5129 0 2 0 5131
2035 2 0 5125 0 5127
2036 3 0 5264 0 5267
2037 1 0 5249 0 5250
2038 5238 0 27 0 5265
2039 5285 0 12 2 5299
2040 5307 0 0 0 5307
2041 5284 0 0 0 5284
2042 69 0 0 5132 5201
2043 0 0 0 5279 5279
2044 0 0 5259 0 5259
2045 5173 0 1 0 5174
2046 5179 0 0 0 5179
2047 0 0 5161 6 5167
2048 5108 0 0 0 5108
2049 0 0 0 5076 5076
2050 0 0 5085 0 5085
2051 5025 0 0 0 5025
2052 4997 0 0 0 4997
2053 0 0 4916 0 4916
2054 4902 0 1 0 4903
2055 4868 0 0 1 4869
2056 4876 0 1 0 4877
2057 49 0 4755 0 4804
2058 3 0 4733 0 4736
2059 4744 0 0 0 4744
2060 4704 0 1 0 4705
2061 0 0 1 4636 4637
2062 4673 0 3 0 4676
2063 12 1 4598 0 4611
2064 4565 0 0 0 4565
2065 0 0 0 4443 4443
2066 0 4454 0 46 4500
2067 4481 0 0 0 4481
2068 4453 0 0 0 4453
2069 0 0 0 4587 4587
2070 1 0 4593 0 4594
2071 0 2 4537 0 4539
2072 0 0 4448 0 4448
2073 3 0 4456 0 4459
2074 4487 0 0 0 4487
2075 4449 1 0 0 4450
2076 0 0 0 4417 4417
2077 8 0 4326 0 4334
2078 0 4329 0 6 4335
2079 4341 0 0 0 4341
2080 2 0 4374 0 4376
2081 1 0 0 4208 4209
2082 4259 0 0 1 4260
2083 0 0 0 4234 4234
2084 0 0 0 4234 4234
2085 4246 0 0 0 4246
2086 0 0 4202 0 4202
2087 0 4092 1 7 4100
2088 4036 0 0 5 4041
2089 1 0 3995 0 3996
2090 6 0 3926 0 3932
2091 3 3887 0 0 3890
2092 0 0 0 3891 3891
2093 0 0 0 3874 3874
2094 0 0 0 3858 3858
2095 0 3864 0 1 3865
2096 1 0 0 3807 3808
2097 6 3770 0 40 3816
2098 12 0 3772 0 3784
2099 0 0 0 3709 3709
2100 0 0 0 3738 3738
2101 3726 0 0 0 3726
2102 0 0 3701 0 3701
2103 1 0 0 3608 3609
2104 1 0 3620 0 3621
2105 0 0 3585 0 3585
2106 0 3595 0 0 3595
2107 3605 3 0 0 3608
2108 3541 0 0 0 3541
2109 0 0 3538 0 3538
2110 1 1 0 3394 3396
2111 3485 0 0 0 3485
2112 0 0 0 3458 3458
2113 1 0 3435 0 3436
2114 3408 0 0 0 3408
2115 21 3390 0 2 3413
2116 4 3389 0 1 3394
2117 0 3424 0 0 3424
2118 3409 0 0 0 3409
2119 0 0 3463 0 3463
2120 3395 0 0 0 3395
2121 0 0 0 3309 3309
2122 0 3336 0 0 3336
2123 0 0 0 3304 3304
2124 0 0 0 3329 3329
2125 0 0 3315 0 3315
2126 0 0 3278 0 3278
2127 3246 0 5 0 3251
2128 1 0 3263 0 3264
2129 3279 0 0 0 3279
2130 0 10 0 3244 3254
2131 0 0 0 3225 3225
2132 0 0 0 3186 3186
2133 0 3205 0 2 3207
2134 3189 0 0 0 3189
2135 3167 0 5 1 3173
2136 3151 0 0 0 3151
2137 3091 0 0 0 3091
2138 15 3109 0 0 3124
2139 0 10 9 3111 3130
2140 3115 0 1 0 3116
2141 0 0 0 3086 3086
2142 0 0 0 3072 3072
2143 0 0 3038 0 3038
2144 3010 0 0 0 3010
2145 3018 0 1 0 3019
2146 0 0 2985 0 2985
2147 2964 0 0 0 2964
2148 2934 0 3 0 2937
2149 1 2943 0 0 2944
2150 0 0 0 2893 2893
2151 0 0 0 2920 2920
2152 0 0 2846 0 2846
2153 2827 0 0 1 2828
2154 2828 0 4 0 2832
2155 2786 0 0 0 2786
2156 2726 0 12 0 2738
2157 9 0 2650 0 2659
2158 13 2603 0 1 2617
2159 0 0 0 5526 5526
2160 1 0 5502 0 5503
2161 5473 0 0 0 5473
2162 5452 0 0 0 5452
2163 5389 0 0 0 5389
2164 0 5312 0 4 5316
2165 0 5287 0 0 5287
2166 5278 0 0 8 5286
2167 3 0 5244 0 5247
2168 318 2 4800 6 5126
2169 24 0 5169 0 5193
2170 14 0 5169 31 5214
2171 5239 0 5 3 5247
2172 5237 0 0 0 5237
2173 5216 0 0 0 5216
2174 4741 0 447 3 5191
2175 5 0 5165 0 5170
2176 70 0 5008 0 5078
2177 0 5141 0 0 5141
2178 5226 0 3 0 5229
2179 5166 0 9 0 5175
2180 5165 0 0 0 5165
2181 15 5142 12 0 5169
2182 5203 0 7 0 5210
2183 0 6 0 5065 5071
2184 0 5089 0 34 5123
2185 0 0 0 5096 5096
2186 0 7 0 5087 5094
2187 2 0 5095 0 5097
2188 25 4991 3 0 5019
2189 0 0 0 5069 5069
2190 3 0 0 5043 5046
2191 0 54 0 4958 5012
2192 5005 0 0 2 5007
2193 0 0 0 4943 4943
2194 0 4914 0 0 4914
2195 4874 0 0 0 4874
2196 4843 0 12 0 4855
2197 32 0 4782 0 4814
2198 45 0 4718 0 4763
2199 1732 0 4 0 1736
2200 1641 0 0 0 1641
2201 1627 0 0 0 1627
2202 1603 0 0 0 1603
2203 2 1587 0 0 1589
2204 0 1560 0 0 1560
2205 1558 2 2 0 1562
2206 0 0 1545 0 1545
2207 0 0 0 1535 1535
2208 0 9 0 1522 1531
2209 1546 8 0 0 1554
2210 1518 0 18 0 1536
2211 1537 0 0 0 1537
2212 6 0 1515 0 1521
2213 25 0 5 1408 1438
2214 4628 0 22 0 4650
2215 0 0 4686 0 4686
2216 0 0 1 4486 4487
2217 58 0 4524 0 4582
2218 4597 0 0 0 4597
2219 4611 0 11 0 4622
2220 4604 0 34 0 4638
2221 4634 0 0 0 4634
2222 0 0 4643 2 4645
2223 38 0 4543 0 4581
2224 4591 0 0 0 4591
2225 4568 0 3 0 4571
2226 4565 0 12 0 4577
2227 4545 0 9 0 4554
2228 0 3 4537 0 4540
2229 3 0 4526 0 4529
2230 2 66 0 4051 4119
2231 4449 0 12 0 4461
2232 0 40 0 4488 4528
2233 4520 0 6 0 4526
2234 0 0 4518 4 4522
2235 0 0 0 4407 4407
2236 15 0 4456 2 4473
2237 1 4466 0 0 4467
2238 3 57 0 4382 4442
2239 0 18 0 4475 4493
2240 0 0 0 4486 4486
2241 0 0 4428 1 4429
2242 0 34 0 4362 4396
2243 0 4388 0 0 4388
2244 0 4439 0 0 4439
2245 1167 0 3260 0 4427
2246 4376 0 0 0 4376
2247 0 0 0 4404 4404
2248 9 0 4378 0 4387
2249 4334 0 33 0 4367
2250 0 4373 0 0 4373
2251 4360 0 1 0 4361
2252 0 0 0 4361 4361
2253 0 79 0 4265 4344
2254 0 188 0 4139 4327
2255 0 4332 0 1 4333
2256 4261 0 13 0 4274
2257 3 4274 0 18 4295
2258 3974 0 273 0 4247
2259 3902 0 291 0 4193
2260 394 0 3799 0 4193
2261 0 0 4171 0 4171
2262 4118 1 5 0 4124
2263 4158 0 9 0 4167
2264 0 34 0 4125 4159
2265 0 62 17 4067 4146
2266 4046 0 112 0 4158
2267 3998 0 131 0 4129
2268 3 0 4058 0 4061
2269 3889 0 138 0 4027
2270 52 0 3905 0 3957
2271 3943 0 3 0 3946
2272 0 3732 0 181 3913
2273 3956 0 3 0 3959
2274 3940 0 0 0 3940
2275 3865 0 66 0 3931
2276 0 0 3851 0 3851
2277 3830 0 3 0 3833
2278 3582 1 174 0 3757
2279 1 9 0 3716 3726
2280 45 0 3572 73 3690
2281 3611 0 61 0 3672
2282 0 3676 0 0 3676
2283 3665 1 0 0 3666
2284 3 0 3645 0 3648
2285 0 0 0 3574 3574
2286 2 0 0 3625 3627
2287 12 0 3597 6 3615
2288 3395 0 175 3 3573
2289 4 0 3582 0 3586
2290 3 0 0 3324 3327
2291 1 3328 0 0 3329
2292 0 809 0 2497 3306
2293 3278 0 0 0 3278
2294 0 0 0 3278 3278
2295 0 0 3257 0 3257
2296 9 0 3187 0 3196
2297 3 0 3193 0 3196
2298 0 9 3177 0 3186
2299 0 10 0 3078 3088
2300 3 0 3129 0 3132
2301 0 0 3128 0 3128
2302 157 0 2949 0 3106
2303 4 3004 0 6 3014
2304 0 3046 0 1 3047
2305 2 6 0 3060 3068
2306 0 0 0 3065 3065
2307 3 2 3037 1 3043
2308 2987 0 0 1 2988
2309 1 0 3000 0 3001
2310 0 2920 0 0 2920
2311 0 0 0 2930 2930
2312 2932 0 0 0 2932
2313 2924 0 0 1 2925
2314 0 0 0 93 93
