0 0 0 0 0 0
1 77 0 0 0 77
2 0 0 0 74 74
3 0 0 76 0 76
4 79 0 0 0 79
5 0 79 0 0 79
6 76 0 0 0 76
7 0 0 0 76 76
8 0 0 0 76 76
9 78 0 0 0 78
10 0 0 72 0 72
11 0 77 0 0 77
12 0 74 0 0 74
13 79 0 0 0 79
14 76 0 0 0 76
15 79 0 0 0 79
16 76 0 0 0 76
17 0 0 0 78 78
18 0 0 0 76 76
19 0 0 76 0 76
20 78 0 0 0 78
21 78 0 0 0 78
22 0 0 0 75 75
23 0 0 0 78 78
24 0 0 78 0 78
25 0 0 0 76 76
26 0 0 0 75 75
27 78 0 0 0 78
28 79 0 0 0 79
29 79 0 0 0 79
30 78 0 0 0 78
31 0 79 0 0 79
32 76 0 0 0 76
33 79 0 0 0 79
34 0 77 0 0 77
35 0 0 0 78 78
36 0 0 79 0 79
37 0 75 0 0 75
38 0 0 0 76 76
39 79 0 0 0 79
40 79 0 0 0 79
41 0 0 74 0 74
42 0 0 75 0 75
43 0 0 75 0 75
44 76 0 0 0 76
45 0 77 0 0 77
46 79 0 0 0 79
47 78 0 0 0 78
48 0 0 0 76 76
49 0 0 75 0 75
50 78 0 0 0 78
51 0 0 76 0 76
52 0 0 73 0 73
53 0 73 0 0 73
54 0 77 0 0 77
55 79 0 0 0 79
56 78 0 0 0 78
57 78 0 0 0 78
58 78 0 0 0 78
59 0 77 0 0 77
60 78 0 0 0 78
61 0 0 78 0 78
62 0 0 0 73 73
63 0 0 0 76 76
64 0 0 0 78 78
65 0 0 0 79 79
66 0 0 77 0 77
67 79 0 0 0 79
68 78 0 0 0 78
69 0 0 77 0 77
70 0 76 0 0 76
71 79 0 0 0 79
72 79 0 0 0 79
73 78 0 0 0 78
74 0 77 0 0 77
75 78 0 0 0 78
76 78 0 0 0 78
77 0 79 0 0 79
78 76 0 0 0 76
79 0 0 77 0 77
80 0 0 0 72 72
81 79 0 0 0 79
82 0 0 75 0 75
83 78 0 0 0 78
84 0 77 0 0 77
85 0 78 0 0 78
86 79 0 0 0 79
87 78 0 0 0 78
88 0 0 0 77 77
89 79 0 0 0 79
90 0 0 0 79 79
91 79 0 0 0 79
92 79 0 0 0 79
93 0 78 0 0 78
94 78 0 0 0 78
95 0 0 0 78 78
96 77 0 0 0 77
97 79 0 0 0 79
98 0 0 0 79 79
99 79 0 0 0 79
100 78 0 0 0 78
101 0 0 79 0 79
102 78 0 0 0 78
103 79 0 0 0 79
104 79 0 0 0 79
105 79 0 0 0 79
106 0 0 0 77 77
107 0 0 0 78 78
108 0 78 0 0 78
109 79 0 0 0 79
110 75 0 0 0 75
111 0 0 0 78 78
112 79 0 0 0 79
113 0 76 0 0 76
114 79 0 0 0 79
115 0 0 0 76 76
116 0 77 0 0 77
117 79 0 0 0 79
118 78 0 0 0 78
119 0 0 79 0 79
120 0 0 74 0 74
121 72 0 0 0 72
122 1 0 0 77 78
123 0 0 0 77 77
124 0 0 78 0 78
125 79 0 0 0 79
126 76 0 0 0 76
127 78 0 0 0 78
128 75 0 0 0 75
129 0 0 76 0 76
130 79 0 0 0 79
131 77 0 0 0 77
132 0 0 0 78 78
133 0 77 0 0 77
134 0 73 0 0 73
135 0 0 0 77 77
136 0 0 0 77 77
137 0 76 0 0 76
138 78 0 0 0 78
139 0 79 0 0 79
140 0 0 0 78 78
141 78 0 0 0 78
142 79 0 0 0 79
143 0 0 80 0 80
144 0 0 78 0 78
145 78 0 0 0 78
146 0 0 0 79 79
147 0 0 80 0 80
148 78 0 0 0 78
149 80 0 0 0 80
150 0 0 76 0 76
151 0 0 0 76 76
152 0 0 72 0 72
153 0 0 72 0 72
154 0 0 64 0 64
155 0 77 0 0 77
156 0 77 0 0 77
157 78 0 0 0 78
158 0 0 0 79 79
159 0 0 79 0 79
160 0 0 0 78 78
161 0 0 77 0 77
162 0 0 0 74 74
163 0 0 0 77 77
164 0 79 0 0 79
165 0 0 0 78 78
166 80 0 0 0 80
167 77 0 0 0 77
168 0 77 0 0 77
169 0 0 0 79 79
170 0 0 0 77 77
171 0 0 0 78 78
172 0 78 0 0 78
173 0 78 0 0 78
174 0 81 0 0 81
175 0 0 0 80 80
176 0 0 0 81 81
177 0 0 78 0 78
178 0 0 78 0 78
179 0 80 0 0 80
180 0 0 0 80 80
181 0 81 0 0 81
182 0 0 0 82 82
183 82 0 0 0 82
184 80 0 0 0 80
185 0 80 0 0 80
186 0 80 0 0 80
187 82 0 0 0 82
188 80 0 0 0 80
189 0 0 80 0 80
190 0 0 78 0 78
191 0 0 78 0 78
192 0 78 0 0 78
193 0 0 82 0 82
194 83 0 0 0 83
195 0 0 0 81 81
196 82 0 0 0 82
197 0 0 0 82 82
198 0 0 80 0 80
199 0 0 79 0 79
200 0 80 0 0 80
201 82 0 0 0 82
202 80 0 0 0 80
203 81 0 0 0 81
204 0 82 0 0 82
205 83 0 0 0 83
206 0 0 79 0 79
207 80 0 0 0 80
208 82 0 0 0 82
209 0 0 0 80 80
210 0 78 0 0 78
211 0 77 0 0 77
212 0 79 0 0 79
213 0 103 0 0 103
214 0 0 0 106 106
215 0 0 0 106 106
216 0 0 106 0 106
217 0 0 102 0 102
218 101 0 0 0 101
219 106 0 0 0 106
220 0 0 0 106 106
221 106 0 0 0 106
222 0 104 0 0 104
223 105 0 0 0 105
224 105 0 0 0 105
225 104 0 0 1 105
226 0 0 104 0 104
227 0 0 99 0 99
228 0 0 101 0 101
229 106 0 0 0 106
230 0 0 0 106 106
231 106 0 0 0 106
232 0 103 0 0 103
233 106 0 0 0 106
234 105 0 0 0 105
235 0 106 0 0 106
236 0 0 0 106 106
237 0 0 0 107 107
238 106 0 0 0 106
239 105 0 0 0 105
240 106 0 0 0 106
241 106 0 0 0 106
242 0 106 0 0 106
243 105 0 0 0 105
244 104 0 0 0 104
245 105 0 0 0 105
246 0 0 0 103 103
247 0 0 105 0 105
248 0 104 0 0 104
249 0 0 0 107 107
250 0 0 107 0 107
251 106 0 0 0 106
252 105 0 0 0 105
253 0 0 106 0 106
254 101 0 0 0 101
255 0 101 0 0 101
256 102 0 0 0 102
257 0 0 0 105 105
258 106 0 0 0 106
259 0 0 105 0 105
260 0 0 105 0 105
261 104 0 0 0 104
262 101 0 0 0 101
263 0 99 0 0 99
264 0 103 0 0 103
265 104 0 0 0 104
266 104 0 0 0 104
267 107 0 0 0 107
268 0 0 103 0 103
269 0 0 104 0 104
270 0 98 0 0 98
271 0 102 0 0 102
272 104 0 0 0 104
273 105 0 0 0 105
274 108 0 0 0 108
275 0 0 0 106 106
276 0 0 104 0 104
277 0 0 0 104 104
278 0 0 101 0 101
279 0 97 0 0 97
280 0 0 0 103 103
281 0 104 0 0 104
282 104 0 0 0 104
283 106 0 0 0 106
284 0 0 0 106 106
285 108 0 0 0 108
286 0 0 105 0 105
287 0 102 0 0 102
288 105 0 0 0 105
289 0 0 104 0 104
290 0 107 0 0 107
291 105 0 0 0 105
292 0 0 106 0 106
293 0 0 0 106 106
294 0 0 0 103 103
295 103 0 0 0 103
296 0 108 0 0 108
297 0 0 0 106 106
298 0 0 0 104 104
299 0 0 104 0 104
300 76 0 30 0 106
301 0 0 0 109 109
302 0 0 108 0 108
303 0 0 105 0 105
304 107 0 0 0 107
305 105 0 0 0 105
306 0 0 0 106 106
307 105 0 0 0 105
308 0 105 0 0 105
309 102 0 0 0 102
310 0 0 0 104 104
311 106 0 0 0 106
312 0 0 0 106 106
313 0 0 105 0 105
314 0 0 106 0 106
315 102 0 0 0 102
316 0 99 0 0 99
317 0 104 0 0 104
318 107 0 0 0 107
319 105 0 0 0 105
320 0 0 0 106 106
321 104 0 0 0 104
322 0 0 103 0 103
323 0 0 29 0 29
324 30 0 0 0 30
325 0 0 30 0 30
326 29 0 0 0 29
327 0 31 0 0 31
328 31 0 0 0 31
329 0 30 0 0 30
330 1 0 30 0 31
331 0 0 29 0 29
332 30 0 0 0 30
333 31 0 0 0 31
334 0 0 30 0 30
335 0 0 30 0 30
336 0 0 0 29 29
337 0 0 0 30 30
338 0 0 0 30 30
339 0 0 0 29 29
340 0 0 31 0 31
341 31 0 0 0 31
342 30 0 0 0 30
343 31 0 0 0 31
344 0 0 31 0 31
345 0 0 31 0 31
346 0 0 30 0 30
347 0 0 0 28 28
348 0 29 0 0 29
349 0 0 0 29 29
350 29 0 0 0 29
351 0 29 0 0 29
352 0 0 29 0 29
353 29 0 0 0 29
354 29 0 0 0 29
355 28 0 0 0 28
356 0 0 29 0 29
357 0 29 0 15 44
358 0 0 0 41 41
359 0 0 0 44 44
360 0 0 0 43 43
361 0 0 0 43 43
362 0 0 0 43 43
363 0 0 0 43 43
364 0 45 0 0 45
365 0 0 0 44 44
366 0 45 0 0 45
367 44 0 0 0 44
368 0 0 42 0 42
369 43 0 0 0 43
370 42 0 0 0 42
371 42 0 0 0 42
372 41 0 0 0 41
373 43 0 0 0 43
374 0 0 0 43 43
375 0 0 44 0 44
376 45 0 0 0 45
377 0 0 44 0 44
378 43 0 0 0 43
379 0 44 0 0 44
380 0 0 0 42 42
381 0 0 0 44 44
382 0 0 44 0 44
383 43 0 0 0 43
384 0 44 0 0 44
385 18 0 0 0 18
386 18 0 0 0 18
387 0 20 0 0 20
388 0 0 16 0 16
389 0 17 0 0 17
390 0 18 0 0 18
391 17 0 0 0 17
392 0 18 0 0 18
393 0 0 0 17 17
394 0 0 0 17 17
395 0 0 15 0 15
396 0 0 14 0 14
397 0 0 14 0 14
398 0 0 17 0 17
399 0 17 0 0 17
400 0 18 0 0 18
401 0 0 18 0 18
402 0 0 17 0 17
403 15 0 0 0 15
404 0 0 0 17 17
405 15 0 0 0 15
406 14 0 0 0 14
407 0 16 0 0 16
408 0 0 0 18 18
409 0 0 0 16 16
410 0 0 0 17 17
411 0 0 0 18 18
412 0 0 14 0 14
413 0 0 13 0 13
414 0 14 0 0 14
415 0 13 0 0 13
416 0 16 0 0 16
417 15 0 0 0 15
418 0 0 17 0 17
419 0 0 0 17 17
420 0 0 0 17 17
421 0 0 15 0 15
422 16 0 0 0 16
423 13 0 0 0 13
424 16 0 0 0 16
425 0 0 17 0 17
426 13 0 0 0 13
427 0 0 16 0 16
428 0 0 0 16 16
429 0 0 17 0 17
430 15 0 0 0 15
431 0 0 17 0 17
432 17 0 0 0 17
433 17 0 0 0 17
434 14 1 0 0 15
435 15 0 0 0 15
436 14 0 0 0 14
437 15 0 2 0 17
438 15 0 0 0 15
439 0 0 15 0 15
440 0 0 0 14 14
441 14 0 0 0 14
442 0 16 0 0 16
443 0 0 0 15 15
444 16 0 0 0 16
445 0 16 0 0 16
446 0 0 0 14 14
447 15 0 0 0 15
448 15 0 0 0 15
449 15 0 0 0 15
450 0 15 0 0 15
451 0 14 0 0 14
452 0 14 0 0 14
453 0 0 0 15 15
454 0 15 0 0 15
455 0 0 0 14 14
456 0 15 0 0 15
457 13 0 0 0 13
458 0 14 0 0 14
459 0 14 0 0 14
460 14 0 0 0 14
461 14 0 0 0 14
462 0 0 15 0 15
463 0 0 15 0 15
464 14 0 0 0 14
465 14 0 0 0 14
466 15 0 0 0 15
467 0 0 0 14 14
468 0 0 14 0 14
469 0 15 0 0 15
470 0 12 0 0 12
471 0 0 0 12 12
472 0 15 0 0 15
473 0 15 0 0 15
474 0 0 15 0 15
475 0 0 15 0 15
476 13 0 0 0 13
477 0 0 0 15 15
478 0 0 15 0 15
479 14 0 0 0 14
480 0 0 15 0 15
481 0 0 14 0 14
482 0 14 0 0 14
483 0 0 0 0 0
484 0 0 0 0 0
485 0 0 0 0 0
486 0 0 0 0 0
487 0 0 0 0 0
488 0 0 0 0 0
489 0 0 0 0 0
490 0 0 0 0 0
491 0 0 0 0 0
492 0 0 0 0 0
493 0 0 0 0 0
494 0 0 0 0 0
495 0 0 0 0 0
496 0 0 0 0 0
497 0 0 0 0 0
498 0 0 0 0 0
499 0 0 5 0 5
500 6 0 0 0 6
501 6 0 0 0 6
502 5 0 0 0 5
503 0 0 0 6 6
504 5 0 0 0 5
505 0 0 0 5 5
506 0 0 0 6 6
507 0 0 5 0 5
508 0 0 0 6 6
509 0 0 0 5 5
510 0 5 0 0 5
511 0 6 0 0 6
512 0 6 0 0 6
513 0 0 0 6 6
514 8 0 0 0 8
515 8 0 0 0 8
516 6 0 0 0 6
517 0 0 6 0 6
518 6 0 0 0 6
519 7 0 0 0 7
520 0 0 6 0 6
521 0 8 0 0 8
522 8 0 0 0 8
523 0 0 7 0 7
524 0 0 6 0 6
525 7 0 0 0 7
526 5 0 0 0 5
527 0 0 0 7 7
528 6 0 0 0 6
529 0 5 0 0 5
530 0 9 0 0 9
531 9 0 0 0 9
532 9 0 0 0 9
533 0 0 7 0 7
534 7 0 0 0 7
535 0 0 7 0 7
536 7 0 0 0 7
537 7 0 0 0 7
538 0 0 0 7 7
539 0 6 0 0 6
540 0 8 0 0 8
541 7 0 0 0 7
542 0 8 0 0 8
543 0 0 0 7 7
544 0 0 1 7 8
545 0 0 7 0 7
546 0 0 9 0 9
547 5 0 0 0 5
548 0 0 0 7 7
549 6 0 0 0 6
550 0 7 0 0 7
551 8 0 0 0 8
552 0 0 1 7 8
553 8 0 0 0 8
554 0 0 9 0 9
555 0 0 9 0 9
556 0 0 8 0 8
557 8 0 0 0 8
558 7 0 0 0 7
559 0 7 0 0 7
560 0 0 0 6 6
561 0 0 7 0 7
562 6 0 0 0 6
563 0 0 0 8 8
564 8 0 0 0 8
565 9 0 0 0 9
566 9 0 0 0 9
567 9 0 0 0 9
568 0 0 9 0 9
569 11 0 0 0 11
570 11 0 0 0 11
571 10 0 0 0 10
572 9 0 0 0 9
573 8 0 0 0 8
574 10 0 0 0 10
575 0 0 10 0 10
576 8 0 0 0 8
577 0 0 30 0 30
578 30 0 0 0 30
579 31 0 0 0 31
580 32 0 0 0 32
581 30 0 0 0 30
582 30 0 0 0 30
583 0 0 0 30 30
584 0 0 0 33 33
585 0 0 35 0 35
586 33 0 0 0 33
587 32 0 0 0 32
588 34 0 0 0 34
589 0 0 31 0 31
590 0 0 31 0 31
591 32 0 0 0 32
592 31 0 0 0 31
593 0 33 0 0 33
594 36 0 0 0 36
595 34 0 0 0 34
596 0 0 0 33 33
597 0 0 33 0 33
598 34 0 0 0 34
599 0 0 0 31 31
600 29 0 0 0 29
601 30 0 0 0 30
602 0 29 0 0 29
603 0 0 0 30 30
604 0 30 0 0 30
605 0 30 0 0 30
606 30 0 0 0 30
607 30 0 0 0 30
608 0 0 0 29 29
609 0 29 0 0 29
610 0 0 32 0 32
611 0 0 0 30 30
612 31 0 0 0 31
613 0 30 0 0 30
614 0 0 0 31 31
615 0 0 31 0 31
616 0 0 29 0 29
617 0 30 0 0 30
618 31 0 0 0 31
619 0 0 0 31 31
620 30 0 0 0 30
621 0 30 0 0 30
622 32 0 0 0 32
623 0 0 0 30 30
624 0 0 30 0 30
625 0 31 0 0 31
626 0 0 1 31 32
627 0 0 0 32 32
628 0 0 34 0 34
629 33 0 0 0 33
630 33 0 0 0 33
631 33 0 0 0 33
632 0 0 33 0 33
633 29 0 0 0 29
634 0 0 33 0 33
635 32 0 0 0 32
636 30 0 0 0 30
637 0 31 0 0 31
638 0 0 0 32 32
639 0 0 30 0 30
640 0 0 30 0 30
641 0 0 0 31 31
642 0 0 0 30 30
643 0 0 29 0 29
644 0 30 0 0 30
645 0 0 0 30 30
646 0 31 0 0 31
647 0 0 31 0 31
648 29 0 0 0 29
649 32 0 0 0 32
650 0 0 32 0 32
651 32 0 0 0 32
652 31 0 0 0 31
653 0 0 33 0 33
654 32 0 0 0 32
655 0 0 0 30 30
656 0 0 0 30 30
657 0 30 0 0 30
658 0 0 1 31 32
659 0 0 0 30 30
660 0 0 31 0 31
661 0 30 0 0 30
662 0 30 0 0 30
663 30 0 0 0 30
664 0 0 30 0 30
665 0 0 0 31 31
666 0 0 29 0 29
667 0 0 30 0 30
668 0 29 0 0 29
669 30 0 0 0 30
670 0 0 32 0 32
671 0 0 30 0 30
672 26 0 0 0 26
673 0 0 30 0 30
674 0 28 0 0 28
675 29 0 0 0 29
676 30 0 0 0 30
677 0 26 0 0 26
678 29 0 0 0 29
679 0 0 0 29 29
680 0 24 0 0 24
681 26 0 0 0 26
682 0 0 24 0 24
683 0 25 0 0 25
684 0 0 0 28 28
685 0 0 25 0 25
686 23 0 0 0 23
687 0 0 26 0 26
688 0 0 0 25 25
689 0 0 0 28 28
690 0 29 0 0 29
691 28 0 0 0 28
692 0 0 0 28 28
693 27 0 0 0 27
694 0 0 24 0 24
695 26 0 0 0 26
696 29 0 0 0 29
697 28 0 0 0 28
698 0 0 0 26 26
699 0 0 26 0 26
700 0 25 0 0 25
701 0 0 0 24 24
702 27 0 0 0 27
703 0 29 0 0 29
704 28 0 0 0 28
705 0 28 0 0 28
706 0 0 0 27 27
707 0 0 28 0 28
708 0 28 0 0 28
709 0 0 0 29 29
710 0 0 0 30 30
711 29 0 0 0 29
712 0 27 0 0 27
713 27 0 0 0 27
714 29 0 0 0 29
715 0 0 25 0 25
716 0 0 29 0 29
717 0 0 0 17 17
718 0 0 24 0 24
719 26 0 0 0 26
720 29 0 0 0 29
721 28 0 0 0 28
722 29 0 0 0 29
723 0 0 0 26 26
724 0 0 0 30 30
725 0 0 28 0 28
726 0 0 28 0 28
727 27 0 0 0 27
728 0 0 27 0 27
729 27 0 0 0 27
730 0 28 0 0 28
731 26 0 0 0 26
732 28 0 0 0 28
733 30 0 0 0 30
734 0 0 0 27 27
735 27 0 0 0 27
736 0 0 0 26 26
737 26 0 0 0 26
738 0 0 0 26 26
739 0 25 0 0 25
740 26 0 0 0 26
741 0 25 0 0 25
742 0 30 0 0 30
743 0 30 0 0 30
744 24 0 0 0 24
745 0 0 26 0 26
746 0 0 29 0 29
747 25 0 0 0 25
748 0 0 26 0 26
749 0 0 29 0 29
750 0 0 24 0 24
751 22 0 0 0 22
752 23 0 0 0 23
753 0 0 0 22 22
754 22 0 0 0 22
755 24 0 0 0 24
756 24 0 0 0 24
757 0 0 0 23 23
758 0 0 0 24 24
759 22 0 0 0 22
760 24 0 0 0 24
761 0 22 0 0 22
762 0 0 0 20 20
763 0 0 20 0 20
764 21 0 0 0 21
765 0 0 21 0 21
766 0 0 0 21 21
767 0 21 0 0 21
768 0 22 0 0 22
769 21 0 0 0 21
770 0 0 21 0 21
771 0 0 23 0 23
772 0 0 0 13 13
773 0 22 0 0 22
774 0 0 0 22 22
775 0 21 0 0 21
776 23 0 0 0 23
777 24 0 0 0 24
778 0 0 0 24 24
779 0 21 0 0 21
780 24 0 0 0 24
781 24 0 0 0 24
782 0 0 0 22 22
783 0 0 23 0 23
784 22 0 0 0 22
785 0 0 0 22 22
786 22 0 0 0 22
787 0 0 23 0 23
788 0 0 0 20 20
789 23 0 0 0 23
790 0 0 21 0 21
791 0 21 0 0 21
792 0 0 0 22 22
793 0 0 0 22 22
794 0 0 22 0 22
795 0 0 0 18 18
796 20 0 0 0 20
797 0 0 22 0 22
798 0 0 23 0 23
799 21 0 0 0 21
800 25 0 0 0 25
801 25 0 0 0 25
802 24 0 0 0 24
803 0 0 0 24 24
804 24 0 0 0 24
805 25 0 0 0 25
806 0 0 0 22 22
807 0 22 0 0 22
808 23 0 0 0 23
809 0 0 21 0 21
810 22 0 0 0 22
811 24 0 0 0 24
812 0 0 22 0 22
813 23 0 0 0 23
814 0 0 0 24 24
815 0 24 0 0 24
816 22 0 0 0 22
817 23 0 0 0 23
818 0 0 0 24 24
819 24 0 0 0 24
820 0 0 16 0 16
821 0 0 0 18 18
822 0 21 0 0 21
823 0 0 22 0 22
824 0 25 0 0 25
825 0 0 0 24 24
826 0 0 0 25 25
827 0 18 0 0 18
828 24 0 0 0 24
829 23 0 0 0 23
830 22 0 0 0 22
831 0 24 0 0 24
832 0 22 0 0 22
833 0 24 0 0 24
834 22 0 0 0 22
835 0 23 0 0 23
836 0 0 0 21 21
837 0 0 24 0 24
838 0 0 24 0 24
839 23 0 0 0 23
840 0 0 24 0 24
841 0 23 0 0 23
842 0 0 0 23 23
843 24 0 0 0 24
844 0 0 24 0 24
845 0 23 0 0 23
846 0 0 0 24 24
847 0 0 23 0 23
848 0 0 0 23 23
849 23 0 0 0 23
850 0 0 23 0 23
851 23 0 0 0 23
852 24 0 0 0 24
853 23 0 0 0 23
854 0 0 0 22 22
855 0 0 0 50 50
856 0 0 48 0 48
857 0 50 0 0 50
858 51 0 0 0 51
859 51 0 0 0 51
860 49 0 0 0 49
861 0 51 0 0 51
862 50 0 0 0 50
863 51 0 0 0 51
864 0 0 50 0 50
865 50 0 0 0 50
866 0 48 0 0 48
867 0 0 0 48 48
868 0 0 51 0 51
869 0 0 0 47 47
870 0 0 51 0 51
871 51 0 0 0 51
872 0 0 0 50 50
873 50 0 0 0 50
874 0 0 49 0 49
875 52 0 0 0 52
876 0 0 0 51 51
877 50 0 0 0 50
878 0 50 0 0 50
879 0 1 0 48 49
880 0 0 50 0 50
881 48 0 0 0 48
882 47 0 0 0 47
883 0 50 0 0 50
884 0 50 0 0 50
885 0 1 0 46 47
886 0 0 0 51 51
887 0 0 0 50 50
888 52 0 0 0 52
889 51 0 0 0 51
890 50 0 0 0 50
891 0 0 49 0 49
892 0 0 0 45 45
893 0 47 0 0 47
894 48 0 0 0 48
895 0 0 0 50 50
896 0 0 50 0 50
897 0 0 0 49 49
898 0 50 0 0 50
899 0 0 0 49 49
900 0 0 49 0 49
901 0 0 47 0 47
902 0 48 0 0 48
903 48 0 0 0 48
904 0 0 51 0 51
905 0 48 0 0 48
906 0 49 0 0 49
907 50 0 0 0 50
908 0 0 0 49 49
909 50 0 0 0 50
910 0 0 49 0 49
911 50 0 0 0 50
912 0 50 0 0 50
913 0 0 51 0 51
914 0 0 51 0 51
915 52 0 0 0 52
916 0 0 49 0 49
917 0 0 27 0 27
918 0 0 0 27 27
919 0 0 27 0 27
920 30 0 0 0 30
921 0 0 0 30 30
922 0 0 32 0 32
923 0 0 0 31 31
924 32 0 0 0 32
925 0 0 31 0 31
926 0 32 0 0 32
927 0 0 0 28 28
928 0 0 0 30 30
929 0 0 31 0 31
930 0 0 0 32 32
931 0 0 32 0 32
932 32 0 0 0 32
933 0 30 0 0 30
934 31 0 0 0 31
935 0 0 0 28 28
936 30 0 0 0 30
937 32 0 0 0 32
938 0 0 0 30 30
939 31 0 0 0 31
940 32 0 0 0 32
941 0 0 31 0 31
942 32 0 0 0 32
943 0 0 32 0 32
944 0 30 0 0 30
945 0 0 0 30 30
946 0 0 31 0 31
947 0 30 0 0 30
948 31 0 0 0 31
949 0 0 0 30 30
950 0 0 0 32 32
951 32 0 0 0 32
952 0 0 30 0 30
953 0 0 31 0 31
954 30 0 0 0 30
955 0 31 0 0 31
956 0 0 0 33 33
957 32 0 0 0 32
958 33 0 0 0 33
959 32 0 0 0 32
960 0 0 33 0 33
961 31 0 0 0 31
962 0 0 0 28 28
963 0 32 0 0 32
964 33 0 0 0 33
965 0 0 33 0 33
966 33 0 0 0 33
967 0 30 0 0 30
968 32 0 0 0 32
969 30 0 0 0 30
970 34 0 0 0 34
971 0 0 34 0 34
972 33 0 0 0 33
973 0 32 0 0 32
974 32 0 0 0 32
975 32 0 0 0 32
976 31 0 0 0 31
977 0 0 30 0 30
978 29 0 0 0 29
979 0 0 0 6 6
980 0 0 0 5 5
981 0 0 0 6 6
982 0 0 7 0 7
983 0 0 6 0 6
984 7 0 0 0 7
985 0 5 0 0 5
986 0 0 8 0 8
987 0 0 4 0 4
988 0 5 0 0 5
989 0 0 0 4 4
990 0 0 0 7 7
991 0 0 6 0 6
992 5 0 0 0 5
993 0 0 7 0 7
994 0 5 0 0 5
995 0 0 0 7 7
996 7 0 0 0 7
997 6 0 0 0 6
998 6 0 0 0 6
999 7 0 0 0 7
1000 7 0 0 0 7
1001 0 0 6 0 6
1002 5 0 0 0 5
1003 7 0 0 0 7
1004 0 0 0 5 5
1005 4 0 0 0 4
1006 0 0 0 2 2
1007 0 5 0 0 5
1008 6 0 0 0 6
1009 0 0 6 0 6
1010 0 0 7 0 7
1011 5 0 0 0 5
1012 6 0 0 0 6
1013 0 0 6 0 6
1014 7 0 0 0 7
1015 0 0 6 0 6
1016 0 0 5 0 5
1017 6 0 0 0 6
1018 0 0 0 5 5
1019 0 0 0 5 5
1020 0 2 0 0 2
1021 5 0 0 0 5
1022 6 0 0 0 6
1023 6 0 0 0 6
1024 6 0 0 0 6
1025 5 0 0 0 5
1026 0 0 0 4 4
1027 0 0 5 0 5
1028 5 0 0 0 5
1029 0 0 0 4 4
1030 0 0 4 0 4
1031 5 0 0 0 5
1032 6 0 0 0 6
1033 0 0 5 0 5
1034 5 0 0 0 5
1035 6 0 0 0 6
1036 3 0 0 0 3
1037 0 0 0 6 6
1038 6 0 0 0 6
1039 0 0 0 5 5
1040 0 0 0 5 5
1041 4 0 0 0 4
1042 6 0 0 0 6
1043 0 0 0 5 5
1044 7 0 0 0 7
1045 0 0 7 0 7
1046 0 0 6 0 6
1047 0 0 7 0 7
1048 6 0 0 0 6
1049 5 0 0 0 5
1050 0 5 0 0 5
1051 0 0 6 0 6
1052 0 0 5 0 5
1053 4 0 0 0 4
1054 7 0 0 0 7
1055 0 6 0 0 6
1056 7 0 0 0 7
1057 5 0 0 0 5
1058 0 0 0 5 5
1059 5 0 0 0 5
1060 0 6 0 0 6
1061 6 0 0 0 6
1062 0 0 5 0 5
1063 6 0 0 0 6
1064 6 0 0 0 6
1065 0 0 6 0 6
1066 6 0 0 0 6
1067 0 0 0 6 6
1068 0 0 0 7 7
1069 6 0 0 0 6
1070 0 0 6 0 6
1071 5 0 0 0 5
1072 6 0 0 0 6
1073 0 0 0 5 5
1074 6 0 0 0 6
1075 0 0 0 7 7
1076 0 0 7 0 7
1077 0 0 6 0 6
1078 0 0 5 0 5
1079 5 0 0 0 5
1080 0 5 0 0 5
1081 0 0 6 0 6
1082 0 0 6 0 6
1083 0 0 7 0 7
1084 0 0 7 0 7
1085 8 0 0 0 8
1086 7 0 0 0 7
1087 0 0 6 0 6
1088 8 0 0 0 8
1089 0 0 7 0 7
1090 0 0 5 0 5
1091 7 0 0 0 7
1092 0 0 4 0 4
1093 0 0 0 5 5
1094 0 0 0 6 6
1095 0 5 0 0 5
1096 0 5 0 0 5
1097 4 0 0 0 4
1098 0 0 0 5 5
1099 0 0 7 0 7
1100 0 0 0 6 6
1101 6 0 0 0 6
1102 6 0 0 0 6
1103 0 0 7 0 7
1104 6 0 0 0 6
1105 0 0 0 7 7
1106 0 0 7 0 7
1107 0 0 0 6 6
1108 0 0 6 0 6
1109 0 0 6 0 6
1110 0 0 0 7 7
1111 0 0 7 0 7
1112 6 0 0 0 6
1113 5 0 0 0 5
1114 0 0 0 6 6
1115 0 0 6 0 6
1116 0 5 0 0 5
1117 7 0 0 0 7
1118 0 0 6 0 6
1119 0 0 6 0 6
1120 0 0 7 0 7
1121 0 0 6 0 6
1122 10 0 0 0 10
1123 9 0 0 0 9
1124 0 0 0 5 5
1125 7 0 0 0 7
1126 0 0 0 5 5
1127 0 0 0 6 6
1128 11 0 0 0 11
1129 8 0 0 0 8
1130 10 0 0 0 10
1131 7 0 0 0 7
1132 7 0 0 0 7
1133 7 0 0 0 7
1134 0 0 7 0 7
1135 6 0 0 0 6
1136 0 0 8 0 8
1137 0 0 0 8 8
1138 9 0 0 0 9
1139 7 0 0 0 7
1140 9 0 0 0 9
1141 6 0 0 0 6
1142 0 0 0 7 7
1143 0 0 5 0 5
1144 6 0 0 0 6
1145 6 0 0 0 6
1146 6 0 0 0 6
1147 0 4 0 0 4
1148 0 0 0 7 7
1149 0 0 8 0 8
1150 0 0 8 0 8
1151 6 0 0 0 6
1152 5 0 0 0 5
1153 6 0 0 0 6
1154 7 0 0 0 7
1155 7 0 0 0 7
1156 0 7 0 0 7
1157 0 0 0 7 7
1158 7 0 0 0 7
1159 0 6 0 0 6
1160 0 0 0 7 7
1161 0 0 9 0 9
1162 9 0 0 0 9
1163 0 0 0 7 7
1164 7 0 0 0 7
1165 8 0 0 0 8
1166 6 0 0 0 6
1167 0 0 0 6 6
1168 0 0 0 4 4
1169 0 6 0 0 6
1170 7 0 0 0 7
1171 0 0 3 0 3
1172 0 2 0 0 2
1173 0 3 0 0 3
1174 5 0 0 0 5
1175 3 0 0 0 3
1176 3 0 0 0 3
1177 3 0 0 0 3
1178 1 0 0 0 1
1179 0 0 2 0 2
1180 0 0 4 0 4
1181 3 0 0 0 3
1182 0 0 4 0 4
1183 0 0 4 0 4
1184 5 0 0 0 5
1185 0 0 0 5 5
1186 5 0 0 0 5
1187 0 0 0 4 4
1188 0 0 4 0 4
1189 3 0 0 0 3
1190 0 0 4 0 4
1191 2 0 0 0 2
1192 0 0 2 0 2
1193 29 0 0 0 29
1194 0 0 0 30 30
1195 0 0 0 30 30
1196 0 0 0 31 31
1197 31 0 0 0 31
1198 31 0 0 0 31
1199 0 0 0 29 29
1200 28 0 0 0 28
1201 29 0 0 0 29
1202 0 0 0 27 27
1203 0 30 0 0 30
1204 0 0 0 30 30
1205 0 0 0 29 29
1206 30 0 0 0 30
1207 0 1 0 27 28
1208 0 0 29 0 29
1209 0 29 0 0 29
1210 29 0 0 0 29
1211 0 0 0 28 28
1212 0 0 30 0 30
1213 0 0 30 0 30
1214 0 0 0 30 30
1215 31 0 0 0 31
1216 0 0 0 2 2
1217 0 0 0 3 3
1218 0 0 0 47 47
1219 0 0 0 46 46
1220 0 46 0 0 46
1221 0 0 0 46 46
1222 0 46 0 0 46
1223 48 0 0 0 48
1224 47 0 0 0 47
1225 0 0 44 0 44
1226 46 0 0 0 46
1227 0 46 0 0 46
1228 45 0 0 0 45
1229 0 47 0 0 47
1230 0 0 0 46 46
1231 47 0 0 0 47
1232 0 0 48 0 48
1233 0 0 47 0 47
1234 47 0 0 0 47
1235 0 0 0 47 47
1236 0 0 46 0 46
1237 0 0 0 46 46
1238 0 0 0 48 48
1239 0 46 0 0 46
1240 0 48 0 0 48
1241 47 0 0 0 47
1242 46 0 0 0 46
1243 0 0 48 0 48
1244 0 0 48 0 48
1245 0 0 47 0 47
1246 0 0 47 0 47
1247 0 0 0 47 47
1248 0 0 47 0 47
1249 47 0 0 0 47
1250 0 0 46 0 46
1251 47 0 0 0 47
1252 0 0 48 0 48
1253 0 0 47 0 47
1254 47 0 0 0 47
1255 0 0 46 0 46
1256 49 0 0 0 49
1257 48 0 0 0 48
1258 47 0 0 0 47
1259 0 0 0 49 49
1260 50 0 0 0 50
1261 48 0 0 0 48
1262 45 0 0 0 45
1263 0 0 0 43 43
1264 0 0 0 47 47
1265 0 0 0 48 48
1266 0 0 0 48 48
1267 0 47 0 0 47
1268 0 0 0 48 48
1269 0 0 0 49 49
1270 47 0 0 0 47
1271 48 0 0 0 48
1272 0 0 0 44 44
1273 0 50 0 0 50
1274 0 0 48 0 48
1275 47 0 0 0 47
1276 0 0 48 0 48
1277 0 43 0 0 43
1278 45 0 0 0 45
1279 0 0 49 0 49
1280 0 0 48 0 48
1281 0 45 0 0 45
1282 0 47 0 0 47
1283 51 0 0 0 51
1284 48 0 0 0 48
1285 0 48 0 0 48
1286 0 0 0 51 51
1287 0 0 0 50 50
1288 0 0 0 52 52
1289 0 0 0 50 50
1290 51 0 0 0 51
1291 0 0 0 46 46
1292 0 48 0 0 48
1293 0 0 0 46 46
1294 0 46 0 0 46
1295 0 51 0 0 51
1296 36 0 0 0 36
1297 36 0 0 0 36
1298 0 0 0 34 34
1299 0 0 33 0 33
1300 0 0 0 33 33
1301 34 0 0 0 34
1302 0 34 0 0 34
1303 0 34 0 0 34
1304 33 0 0 0 33
1305 33 0 0 0 33
1306 0 33 0 0 33
1307 0 0 0 34 34
1308 0 35 0 0 35
1309 0 35 0 0 35
1310 35 0 0 0 35
1311 35 0 0 0 35
1312 0 34 0 0 34
1313 0 0 37 0 37
1314 33 0 0 0 33
1315 0 0 0 31 31
1316 32 0 0 0 32
1317 0 0 0 35 35
1318 0 0 0 34 34
1319 0 0 0 36 36
1320 0 0 0 34 34
1321 0 0 0 36 36
1322 0 0 0 34 34
1323 0 0 31 0 31
1324 32 0 0 0 32
1325 3 0 0 0 3
1326 0 0 0 7 7
1327 5 0 0 0 5
1328 0 0 4 0 4
1329 2 0 0 0 2
1330 1 0 0 0 1
1331 0 0 3 0 3
1332 0 5 0 0 5
1333 3 0 0 0 3
1334 3 0 0 0 3
1335 0 4 0 0 4
1336 0 0 3 0 3
1337 4 0 0 0 4
1338 0 4 0 0 4
1339 0 1 0 0 1
1340 0 0 0 5 5
1341 0 0 0 5 5
1342 0 0 0 5 5
1343 0 0 0 4 4
1344 0 0 0 6 6
1345 0 0 3 0 3
1346 2 0 0 0 2
1347 0 0 0 4 4
1348 0 5 0 0 5
1349 4 0 0 0 4
1350 4 0 0 0 4
1351 0 0 0 5 5
1352 0 0 3 0 3
1353 0 0 1 0 1
1354 0 0 2 0 2
1355 0 0 1 0 1
1356 0 0 3 0 3
1357 0 0 0 1 1
1358 1 0 0 0 1
1359 0 0 0 2 2
1360 0 0 1 0 1
1361 4 0 0 0 4
1362 0 0 2 0 2
1363 0 0 3 0 3
1364 1 0 0 0 1
1365 2 0 0 0 2
1366 0 0 0 4 4
1367 0 3 0 0 3
1368 3 0 0 0 3
1369 0 4 0 0 4
1370 0 2 0 0 2
1371 0 1 0 0 1
1372 1 0 0 0 1
1373 1 0 0 0 1
1374 2 0 0 0 2
1375 0 0 2 0 2
1376 0 2 0 0 2
1377 2 0 0 0 2
1378 2 0 0 0 2
1379 0 0 1 0 1
1380 0 0 0 1 1
1381 0 0 1 0 1
1382 1 0 0 0 1
1383 1 0 0 0 1
1384 0 1 0 0 1
1385 0 0 0 1 1
1386 0 0 0 0 0
1387 0 1 0 0 1
1388 1 0 0 0 1
1389 0 0 0 1 1
1390 0 0 1 0 1
1391 0 0 1 0 1
1392 0 0 1 0 1
1393 0 0 0 0 0
1394 0 0 0 0 0
1395 1 0 0 0 1
1396 2 0 0 0 2
1397 1 0 0 0 1
1398 0 0 0 1 1
1399 0 0 0 0 0
1400 0 0 0 0 0
1401 0 0 0 0 0
1402 0 0 0 0 0
1403 0 0 0 0 0
1404 1 0 0 0 1
1405 0 0 0 0 0
1406 0 0 0 1 1
1407 0 0 0 0 0
1408 0 0 0 0 0
1409 1 0 0 0 1
1410 0 0 0 1 1
1411 0 0 0 0 0
1412 0 1 0 0 1
1413 1 0 0 0 1
1414 0 0 0 1 1
1415 0 1 0 0 1
1416 0 0 0 1 1
1417 0 0 1 0 1
1418 1 0 0 0 1
1419 0 1 0 0 1
1420 0 0 0 1 1
1421 1 0 0 0 1
1422 0 0 0 1 1
1423 1 0 0 0 1
1424 0 0 0 0 0
1425 0 0 0 0 0
1426 0 0 0 0 0
1427 0 0 0 0 0
1428 0 0 0 0 0
1429 0 0 0 0 0
1430 0 0 0 0 0
1431 0 0 0 0 0
1432 0 0 1 0 1
1433 0 0 0 0 0
1434 0 0 0 0 0
1435 0 0 0 0 0
1436 0 0 0 0 0
1437 0 0 0 0 0
1438 0 0 1 0 1
1439 0 0 0 1 1
1440 1 0 0 0 1
1441 0 0 0 0 0
1442 0 0 0 0 0
1443 0 0 1 0 1
1444 1 0 0 0 1
1445 0 1 0 0 1
1446 0 0 0 0 0
1447 1 0 0 0 1
1448 0 0 1 0 1
1449 0 0 0 0 0
1450 1 0 0 0 1
1451 0 0 0 0 0
1452 0 0 0 1 1
1453 0 0 1 0 1
1454 0 0 0 0 0
1455 0 0 0 0 0
1456 1 0 0 0 1
1457 0 0 0 1 1
1458 0 0 0 1 1
1459 0 0 0 0 0
1460 0 0 0 0 0
1461 0 0 0 0 0
1462 0 0 0 0 0
1463 0 0 0 0 0
1464 0 0 0 0 0
1465 0 0 0 0 0
1466 0 0 0 0 0
1467 0 0 0 0 0
1468 0 0 0 0 0
1469 0 0 0 0 0
1470 0 0 0 0 0
1471 0 0 0 0 0
1472 0 0 0 0 0
1473 0 0 0 0 0
1474 0 0 0 0 0
1475 0 0 0 0 0
1476 0 0 0 0 0
1477 0 0 0 0 0
1478 1 0 0 0 1
1479 1 0 0 0 1
1480 1 0 0 0 1
1481 0 0 0 0 0
1482 1 0 0 0 1
1483 0 0 0 0 0
1484 0 0 0 0 0
1485 1 0 0 0 1
1486 1 0 0 0 1
1487 2 0 0 0 2
1488 1 0 0 0 1
1489 0 0 1 0 1
1490 0 0 0 0 0
1491 0 0 0 0 0
1492 0 0 0 0 0
1493 0 1 0 0 1
1494 0 1 0 0 1
1495 1 0 0 0 1
1496 0 0 0 0 0
1497 0 0 0 0 0
1498 1 0 0 0 1
1499 0 1 0 0 1
1500 2 0 0 0 2
1501 2 0 0 0 2
1502 2 0 0 0 2
1503 1 0 0 0 1
1504 2 0 0 0 2
1505 1 0 0 0 1
1506 0 0 0 1 1
1507 0 0 0 0 0
1508 0 0 0 2 2
1509 0 0 0 1 1
1510 2 0 0 0 2
1511 0 0 1 0 1
1512 0 1 0 0 1
1513 0 0 0 1 1
1514 0 0 0 2 2
1515 2 0 0 0 2
1516 2 0 0 0 2
1517 0 0 0 1 1
1518 1 0 0 0 1
1519 2 0 0 0 2
1520 2 0 0 0 2
1521 2 0 0 0 2
1522 1 0 0 0 1
1523 0 0 2 0 2
1524 0 0 1 0 1
1525 0 0 0 0 0
1526 0 1 0 0 1
1527 0 0 0 2 2
1528 0 0 2 0 2
1529 0 0 1 0 1
1530 1 0 0 0 1
1531 0 0 1 0 1
1532 1 0 0 0 1
1533 1 0 0 0 1
1534 0 0 1 0 1
1535 0 0 0 0 0
1536 0 0 0 0 0
1537 2 0 0 0 2
1538 0 0 0 1 1
1539 1 0 0 0 1
1540 2 0 0 0 2
1541 0 0 0 1 1
1542 0 0 1 0 1
1543 0 0 2 0 2
1544 0 0 1 0 1
1545 2 0 0 0 2
1546 0 0 1 0 1
1547 0 1 0 0 1
1548 0 0 0 2 2
1549 2 0 0 0 2
1550 1 0 0 0 1
1551 0 0 0 0 0
1552 0 0 0 0 0
1553 0 0 0 0 0
1554 0 0 0 0 0
1555 0 0 1 0 1
1556 0 0 0 1 1
1557 0 0 0 0 0
1558 1 0 0 0 1
1559 0 0 1 0 1
1560 0 0 0 0 0
1561 0 0 1 0 1
1562 1 0 0 0 1
1563 2 0 0 0 2
1564 0 0 0 1 1
1565 0 0 0 2 2
1566 2 0 0 0 2
1567 0 0 2 0 2
1568 1 0 0 0 1
1569 0 0 0 0 0
1570 0 0 0 0 0
1571 0 0 0 0 0
1572 0 0 0 0 0
1573 0 1 0 0 1
1574 1 0 0 0 1
1575 1 0 0 0 1
1576 0 0 1 0 1
1577 0 1 0 0 1
1578 0 0 0 0 0
1579 0 1 0 0 1
1580 1 0 0 0 1
1581 0 0 0 0 0
1582 0 1 0 0 1
1583 0 0 0 2 2
1584 0 0 2 0 2
1585 2 0 0 0 2
1586 0 0 0 2 2
1587 0 0 2 0 2
1588 2 0 0 0 2
1589 0 0 0 2 2
1590 3 0 0 0 3
1591 1 0 0 0 1
1592 0 2 0 0 2
1593 2 0 0 0 2
1594 0 0 0 1 1
1595 1 0 0 0 1
1596 0 0 0 1 1
1597 0 0 2 0 2
1598 1 0 0 0 1
1599 0 0 0 2 2
1600 3 0 0 0 3
1601 0 2 0 0 2
1602 2 0 0 0 2
1603 0 2 0 0 2
1604 0 2 0 0 2
1605 0 0 0 1 1
1606 3 0 0 0 3
1607 3 0 0 0 3
1608 3 0 0 0 3
1609 2 0 0 0 2
1610 0 0 0 1 1
1611 0 0 3 0 3
1612 0 0 0 2 2
1613 0 0 2 0 2
1614 0 0 2 0 2
1615 0 0 1 0 1
1616 3 0 0 0 3
1617 2 0 0 0 2
1618 3 0 0 0 3
1619 0 0 0 1 1
1620 0 0 2 0 2
1621 0 0 1 0 1
1622 0 0 2 0 2
1623 3 0 0 0 3
1624 1 0 0 0 1
1625 0 1 0 0 1
1626 2 0 0 0 2
1627 2 0 0 0 2
1628 0 2 0 0 2
1629 0 16 0 0 16
1630 15 0 0 0 15
1631 15 0 0 0 15
1632 14 0 0 0 14
1633 0 0 14 0 14
1634 15 0 0 0 15
1635 15 0 0 0 15
1636 0 15 0 0 15
1637 0 0 0 15 15
1638 0 0 13 0 13
1639 0 0 13 0 13
1640 0 0 0 13 13
1641 0 0 14 0 14
1642 0 14 0 0 14
1643 15 0 0 0 15
1644 14 0 0 0 14
1645 15 0 0 0 15
1646 15 0 0 0 15
1647 0 15 0 0 15
1648 15 0 0 0 15
1649 0 16 0 0 16
1650 0 0 0 15 15
1651 0 0 0 14 14
1652 15 0 0 0 15
1653 0 0 0 13 13
1654 0 14 0 0 14
1655 16 0 0 0 16
1656 16 0 0 0 16
1657 0 0 0 16 16
1658 0 0 13 0 13
1659 0 0 14 0 14
1660 0 0 15 0 15
1661 0 0 0 16 16
1662 0 0 15 0 15
1663 0 15 0 0 15
1664 0 0 0 16 16
1665 16 0 0 0 16
1666 15 0 0 0 15
1667 16 0 0 0 16
1668 14 0 0 0 14
1669 15 0 0 0 15
1670 15 0 0 0 15
1671 0 46 0 0 46
1672 0 0 0 46 46
1673 0 0 0 48 48
1674 0 0 47 0 47
1675 0 0 47 0 47
1676 0 0 0 47 47
1677 0 0 47 0 47
1678 45 0 0 0 45
1679 0 48 0 0 48
1680 48 0 0 0 48
1681 0 102 0 0 102
1682 0 0 0 101 101
1683 0 0 101 0 101
1684 101 0 0 0 101
1685 102 0 0 0 102
1686 0 0 100 0 100
1687 0 0 97 0 97
1688 0 99 0 0 99
1689 0 0 0 97 97
1690 0 99 0 0 99
1691 100 0 1 0 101
1692 0 0 101 0 101
1693 0 0 0 100 100
1694 0 0 0 100 100
1695 0 0 0 98 98
1696 0 101 0 0 101
1697 0 0 0 97 97
1698 0 0 0 98 98
1699 0 97 0 0 97
1700 0 0 0 100 100
1701 102 0 0 0 102
1702 0 0 101 0 101
1703 0 0 102 0 102
1704 102 0 0 0 102
1705 103 0 0 0 103
1706 102 0 0 0 102
1707 102 0 0 0 102
1708 0 0 103 0 103
1709 101 0 0 0 101
1710 0 0 99 0 99
1711 0 0 101 0 101
1712 103 0 0 0 103
1713 0 101 0 0 101
1714 102 0 0 0 102
1715 0 0 0 97 97
1716 0 0 100 0 100
1717 0 0 0 98 98
1718 0 0 0 100 100
1719 0 100 0 0 100
1720 0 104 0 0 104
1721 103 0 0 0 103
1722 105 0 0 0 105
1723 0 0 0 104 104
1724 0 0 102 0 102
1725 0 0 97 0 97
1726 0 0 101 0 101
1727 99 0 0 0 99
1728 0 0 0 102 102
1729 0 0 101 0 101
1730 0 101 0 0 101
1731 102 0 0 0 102
1732 0 0 0 101 101
1733 0 0 0 105 105
1734 0 0 0 104 104
1735 1 0 102 0 103
1736 102 0 0 0 102
1737 98 0 0 0 98
1738 0 0 100 0 100
1739 0 99 0 0 99
1740 98 0 0 0 98
1741 0 0 0 102 102
1742 0 0 0 104 104
1743 0 0 0 106 106
1744 0 0 103 0 103
1745 100 0 0 0 100
1746 0 0 103 0 103
1747 101 0 0 0 101
1748 0 0 100 0 100
1749 0 99 0 0 99
1750 102 0 0 0 102
1751 0 0 0 87 87
1752 88 0 0 0 88
1753 88 0 0 0 88
1754 0 0 0 86 86
1755 0 0 0 87 87
1756 0 88 0 0 88
1757 0 89 0 0 89
1758 0 0 0 90 90
1759 0 90 0 0 90
1760 89 0 0 0 89
1761 0 0 90 0 90
1762 93 0 0 0 93
1763 93 0 0 0 93
1764 93 0 0 0 93
1765 92 0 0 0 92
1766 0 0 0 90 90
1767 0 0 90 0 90
1768 0 0 89 0 89
1769 0 85 0 0 85
1770 0 0 0 88 88
1771 0 0 88 0 88
1772 0 0 89 0 89
1773 0 0 0 81 81
1774 0 87 0 0 87
1775 89 0 0 0 89
1776 0 0 85 0 85
1777 0 0 0 88 88
1778 84 0 0 1 85
1779 0 87 0 0 87
1780 91 0 0 0 91
1781 0 0 89 0 89
1782 0 0 0 89 89
1783 0 0 88 0 88
1784 0 0 86 0 86
1785 89 0 0 0 89
1786 0 0 0 84 84
1787 0 0 0 86 86
1788 0 0 0 89 89
1789 0 0 87 0 87
1790 0 85 0 0 85
1791 88 0 0 0 88
1792 89 0 0 0 89
1793 0 0 88 0 88
1794 87 0 0 0 87
1795 0 0 56 0 56
1796 0 56 0 0 56
1797 59 0 0 0 59
1798 0 0 55 0 55
1799 0 0 0 58 58
1800 0 0 55 0 55
1801 0 56 0 0 56
1802 0 0 0 59 59
1803 0 58 0 0 58
1804 60 0 0 0 60
1805 58 0 0 0 58
1806 54 0 0 0 54
1807 0 58 0 0 58
1808 59 0 0 0 59
1809 59 0 0 0 59
1810 56 0 0 0 56
1811 0 0 0 57 57
1812 0 0 58 0 58
1813 59 0 0 0 59
1814 0 0 55 0 55
1815 57 0 0 0 57
1816 0 0 57 0 57
1817 54 0 0 0 54
1818 0 56 0 0 56
1819 0 56 0 0 56
1820 53 0 0 0 53
1821 0 0 55 0 55
1822 0 0 57 0 57
1823 55 0 0 0 55
1824 0 0 59 0 59
1825 0 0 57 0 57
1826 0 0 0 56 56
1827 0 0 0 59 59
1828 57 0 0 0 57
1829 0 0 0 57 57
1830 0 0 58 0 58
1831 55 0 0 0 55
1832 55 0 0 0 55
1833 59 0 0 0 59
1834 57 0 0 0 57
1835 0 56 0 0 56
1836 0 0 0 60 60
1837 0 0 54 0 54
1838 53 0 0 0 53
1839 0 55 0 0 55
1840 0 55 0 0 55
1841 58 0 0 0 58
1842 0 0 56 0 56
1843 0 0 0 56 56
1844 0 0 0 56 56
1845 0 55 0 1 56
1846 57 0 0 0 57
1847 0 0 0 58 58
1848 58 0 0 0 58
1849 56 0 0 0 56
1850 57 0 0 0 57
1851 0 0 55 0 55
1852 0 0 0 55 55
1853 0 0 0 57 57
1854 0 0 58 0 58
1855 0 6 0 0 6
1856 0 0 0 4 4
1857 0 0 4 0 4
1858 0 4 0 0 4
1859 0 4 0 0 4
1860 0 0 0 4 4
1861 0 0 0 6 6
1862 0 0 0 5 5
1863 0 0 0 3 3
1864 0 0 0 5 5
1865 0 0 3 0 3
1866 0 0 0 5 5
1867 0 0 0 5 5
1868 0 0 0 5 5
1869 0 6 0 0 6
1870 0 0 0 5 5
1871 0 5 0 0 5
1872 3 0 0 0 3
1873 0 6 0 0 6
1874 0 5 0 0 5
1875 3 0 0 0 3
1876 0 4 0 0 4
1877 0 3 0 0 3
1878 4 0 0 0 4
1879 3 0 0 0 3
1880 1 0 0 0 1
1881 2 0 0 0 2
1882 0 0 0 3 3
1883 0 0 0 2 2
1884 1 0 0 0 1
1885 2 1 0 0 3
1886 0 0 2 0 2
1887 0 0 1 0 1
1888 1 0 0 0 1
1889 0 0 1 0 1
1890 0 1 0 0 1
1891 1 0 0 0 1
1892 3 0 0 0 3
1893 0 0 0 3 3
1894 0 0 3 0 3
1895 0 0 2 0 2
1896 0 0 2 0 2
1897 0 0 2 0 2
1898 2 0 0 0 2
1899 0 0 1 0 1
1900 0 2 0 0 2
1901 0 2 0 0 2
1902 0 0 0 2 2
1903 0 0 0 1 1
1904 1 0 0 0 1
1905 0 0 0 1 1
1906 0 2 0 0 2
1907 1 0 0 0 1
1908 2 0 0 0 2
1909 0 0 0 1 1
1910 0 0 0 1 1
1911 0 2 0 0 2
1912 0 0 0 1 1
1913 0 0 0 1 1
1914 0 0 0 0 0
1915 2 0 0 0 2
1916 1 0 0 0 1
1917 1 0 0 0 1
1918 0 2 0 0 2
1919 0 0 0 2 2
1920 0 0 0 2 2
1921 0 0 2 0 2
1922 0 0 0 2 2
1923 2 0 0 0 2
1924 0 0 0 2 2
1925 0 0 0 3 3
1926 0 0 2 0 2
1927 2 0 0 0 2
1928 2 0 0 0 2
1929 2 0 0 0 2
1930 0 0 2 0 2
1931 0 0 1 0 1
1932 1 0 0 0 1
1933 0 0 2 0 2
1934 0 0 2 0 2
1935 1 0 0 0 1
1936 0 0 1 0 1
1937 0 0 1 0 1
1938 0 0 2 0 2
1939 0 0 51 0 51
1940 50 0 0 0 50
1941 53 0 0 0 53
1942 52 0 0 0 52
1943 52 0 0 0 52
1944 0 0 0 52 52
1945 0 0 0 52 52
1946 0 0 0 50 50
1947 0 53 0 0 53
1948 53 0 0 0 53
1949 0 0 0 49 49
1950 0 51 0 0 51
1951 0 0 51 0 51
1952 49 0 0 0 49
1953 51 0 0 0 51
1954 0 0 51 0 51
1955 0 0 0 49 49
1956 54 0 0 0 54
1957 53 0 0 0 53
1958 0 0 51 0 51
1959 0 0 51 0 51
1960 48 0 0 0 48
1961 50 0 0 0 50
1962 50 0 0 0 50
1963 0 0 50 0 50
1964 0 0 49 0 49
1965 0 0 52 0 52
1966 0 0 0 47 47
1967 0 50 0 0 50
1968 0 0 0 51 51
1969 0 50 0 0 50
1970 0 49 0 0 49
1971 0 0 0 50 50
1972 0 51 0 0 51
1973 0 0 0 51 51
1974 48 0 0 0 48
1975 0 0 0 51 51
1976 0 0 0 51 51
1977 0 0 1 50 51
1978 0 0 0 50 50
1979 0 51 0 0 51
1980 0 75 0 0 75
1981 0 0 0 77 77
1982 75 0 0 0 75
1983 0 0 0 75 75
1984 78 0 0 0 78
1985 75 0 0 0 75
1986 0 0 0 73 73
1987 0 75 0 0 75
1988 0 73 0 0 73
1989 76 0 0 0 76
1990 0 75 0 0 75
1991 77 0 0 0 77
1992 76 0 0 0 76
1993 76 0 0 0 76
1994 0 74 0 0 74
1995 77 0 0 0 77
1996 0 0 79 0 79
1997 74 0 0 0 74
1998 74 0 0 0 74
1999 0 0 76 0 76
2000 0 0 0 71 71
2001 0 72 0 0 72
2002 0 74 0 0 74
2003 0 0 0 77 77
2004 74 0 0 0 74
2005 75 0 0 0 75
2006 0 72 0 0 72
2007 0 0 0 75 75
2008 75 0 0 0 75
2009 0 0 0 77 77
2010 74 0 0 0 74
2011 0 0 0 74 74
2012 0 0 75 0 75
2013 0 76 0 0 76
2014 0 0 72 0 72
2015 0 0 73 0 73
2016 0 75 0 0 75
2017 72 0 0 0 72
2018 0 0 75 0 75
2019 72 0 0 0 72
2020 74 0 0 0 74
2021 0 0 0 75 75
2022 0 0 74 0 74
2023 74 0 0 0 74
2024 0 0 0 75 75
2025 0 0 75 0 75
2026 0 0 0 76 76
2027 0 75 0 0 75
2028 75 0 0 0 75
2029 0 0 0 74 74
2030 0 0 0 75 75
2031 72 0 0 0 72
2032 75 0 0 0 75
2033 74 0 0 0 74
2034 71 0 0 0 71
2035 0 0 71 0 71
2036 0 0 96 0 96
2037 0 0 98 0 98
2038 97 0 0 0 97
2039 96 0 0 0 96
2040 100 0 0 0 100
2041 95 0 0 0 95
2042 0 0 0 96 96
2043 0 0 0 99 99
2044 0 0 98 0 98
2045 100 0 0 0 100
2046 97 0 0 0 97
2047 0 0 96 0 96
2048 99 0 0 0 99
2049 0 0 0 98 98
2050 0 0 100 0 100
2051 99 0 0 0 99
2052 98 0 0 0 98
2053 0 0 48 0 48
2054 48 0 0 0 48
2055 48 0 0 0 48
2056 49 0 0 0 49
2057 0 0 45 0 45
2058 0 0 48 0 48
2059 46 0 0 0 46
2060 49 0 0 0 49
2061 0 0 0 44 44
2062 49 0 0 0 49
2063 0 0 47 0 47
2064 49 0 0 0 49
2065 0 0 0 47 47
2066 0 48 0 0 48
2067 48 0 0 0 48
2068 50 0 0 0 50
2069 0 0 0 48 48
2070 0 0 46 0 46
2071 0 0 49 0 49
2072 0 0 47 0 47
2073 0 0 48 0 48
2074 48 0 0 0 48
2075 49 0 0 0 49
2076 0 0 0 46 46
2077 0 0 48 0 48
2078 0 46 0 0 46
2079 48 0 0 0 48
2080 0 0 49 0 49
2081 0 0 0 48 48
2082 50 0 0 0 50
2083 0 0 0 48 48
2084 0 0 0 50 50
2085 49 0 0 0 49
2086 0 0 49 0 49
2087 0 49 0 0 49
2088 50 0 0 0 50
2089 0 0 50 0 50
2090 0 0 49 0 49
2091 0 0 0 48 48
2092 0 0 0 50 50
2093 0 0 0 50 50
2094 0 0 0 49 49
2095 0 48 0 0 48
2096 0 0 0 48 48
2097 0 48 0 0 48
2098 0 0 49 0 49
2099 0 0 0 47 47
2100 0 0 0 50 50
2101 49 0 0 0 49
2102 0 0 50 0 50
2103 0 0 0 48 48
2104 0 0 48 0 48
2105 0 0 49 0 49
2106 0 50 0 0 50
2107 49 0 0 0 49
2108 51 0 0 0 51
2109 0 0 49 0 49
2110 0 0 0 24 24
2111 24 0 0 0 24
2112 0 0 0 25 25
2113 0 0 25 0 25
2114 26 0 0 0 26
2115 0 25 0 0 25
2116 0 26 0 0 26
2117 0 25 0 0 25
2118 25 0 0 0 25
2119 0 0 25 0 25
2120 25 0 0 0 25
2121 0 0 0 25 25
2122 0 25 0 0 25
2123 0 0 0 26 26
2124 0 0 0 26 26
2125 0 0 25 0 25
2126 0 0 26 0 26
2127 24 0 0 0 24
2128 0 0 26 0 26
2129 24 0 0 0 24
2130 0 0 0 25 25
2131 0 0 0 24 24
2132 0 0 0 25 25
2133 0 26 0 0 26
2134 26 0 0 0 26
2135 26 0 0 0 26
2136 26 0 0 0 26
2137 25 0 0 0 25
2138 0 25 0 0 25
2139 0 0 0 26 26
2140 26 0 0 0 26
2141 0 0 0 26 26
2142 0 0 0 26 26
2143 0 0 26 0 26
2144 25 0 0 0 25
2145 26 0 0 0 26
2146 0 0 25 0 25
2147 26 0 0 0 26
2148 24 0 0 0 24
2149 0 25 0 0 25
2150 0 0 0 25 25
2151 0 0 0 25 25
2152 0 0 26 0 26
2153 26 0 0 0 26
2154 25 0 0 0 25
2155 25 0 0 0 25
2156 25 0 0 0 25
2157 0 0 24 0 24
2158 0 24 0 0 24
2159 0 0 0 25 25
2160 0 0 26 0 26
2161 26 0 0 0 26
2162 26 0 0 0 26
2163 25 0 0 0 25
2164 0 25 0 0 25
2165 0 25 0 0 25
2166 24 0 0 0 24
2167 0 0 26 0 26
2168 0 0 24 0 24
2169 0 0 25 0 25
2170 0 0 26 0 26
2171 26 0 0 0 26
2172 25 0 0 0 25
2173 25 0 0 0 25
2174 26 0 0 0 26
2175 0 0 26 0 26
2176 0 0 26 0 26
2177 0 26 0 0 26
2178 26 0 0 0 26
2179 25 0 0 0 25
2180 26 0 0 0 26
2181 0 26 0 0 26
2182 26 0 0 0 26
2183 0 0 0 26 26
2184 0 25 0 0 25
2185 0 0 0 26 26
2186 0 0 0 24 24
2187 0 0 23 0 23
2188 0 23 0 0 23
2189 0 0 0 25 25
2190 0 0 0 25 25
2191 0 0 0 26 26
2192 26 0 0 0 26
2193 0 0 0 25 25
2194 0 24 0 0 24
2195 26 0 0 0 26
2196 25 0 0 0 25
2197 0 0 25 0 25
2198 0 0 24 0 24
2199 0 0 0 0 0
2200 0 0 0 0 0
2201 0 0 0 0 0
2202 0 0 0 0 0
2203 0 0 0 0 0
2204 0 0 0 0 0
2205 0 0 0 0 0
2206 0 0 0 0 0
2207 0 0 0 1 1
2208 0 0 0 0 0
2209 1 0 0 0 1
2210 1 0 0 0 1
2211 1 0 0 0 1
2212 0 0 0 0 0
2213 0 0 0 0 0
2214 1 0 0 0 1
2215 0 0 1 0 1
2216 0 0 0 1 1
2217 0 0 1 0 1
2218 1 0 0 0 1
2219 1 0 0 0 1
2220 1 0 0 0 1
2221 1 0 0 0 1
2222 0 0 1 0 1
2223 0 0 1 0 1
2224 1 0 0 0 1
2225 1 0 0 0 1
2226 1 0 0 0 1
2227 1 0 0 0 1
2228 0 0 1 0 1
2229 0 0 1 0 1
2230 0 0 0 1 1
2231 1 0 0 0 1
2232 0 0 0 1 1
2233 1 0 0 0 1
2234 0 0 1 0 1
2235 0 0 0 1 1
2236 0 0 0 0 0
2237 0 0 0 0 0
2238 0 0 0 1 1
2239 0 0 0 1 1
2240 0 0 0 1 1
2241 0 0 1 0 1
2242 0 0 0 1 1
2243 0 1 0 0 1
2244 0 1 0 0 1
2245 1 0 0 0 1
2246 1 0 0 0 1
2247 0 0 0 1 1
2248 0 0 1 0 1
2249 1 0 0 0 1
2250 0 1 0 0 1
2251 1 0 0 0 1
2252 0 0 0 0 0
2253 0 0 0 1 1
2254 0 0 0 1 1
2255 0 1 0 0 1
2256 0 0 0 0 0
2257 0 1 0 0 1
2258 1 0 0 0 1
2259 1 0 0 0 1
2260 0 0 1 0 1
2261 0 0 1 0 1
2262 1 0 0 0 1
2263 1 0 0 0 1
2264 0 0 0 1 1
2265 0 0 0 1 1
2266 1 0 0 0 1
2267 1 0 0 0 1
2268 0 0 0 0 0
2269 1 0 0 0 1
2270 0 0 1 0 1
2271 1 0 0 0 1
2272 0 0 0 0 0
2273 1 0 0 0 1
2274 1 0 0 0 1
2275 1 0 0 0 1
2276 0 0 1 0 1
2277 1 0 0 0 1
2278 1 0 0 0 1
2279 0 0 0 1 1
2280 0 0 1 0 1
2281 1 0 0 0 1
2282 0 1 0 0 1
2283 1 0 0 0 1
2284 0 0 1 0 1
2285 0 0 0 0 0
2286 0 0 0 1 1
2287 0 0 1 0 1
2288 1 0 0 0 1
2289 0 0 1 0 1
2290 0 0 0 0 0
2291 0 0 0 0 0
2292 0 0 0 0 0
2293 0 0 0 0 0
2294 0 0 0 0 0
2295 0 0 0 0 0
2296 0 0 0 0 0
2297 0 0 0 0 0
2298 0 0 0 0 0
2299 0 0 0 0 0
2300 0 0 0 0 0
2301 0 0 0 0 0
2302 0 0 0 0 0
2303 0 0 0 0 0
2304 0 0 0 0 0
2305 0 0 0 0 0
2306 0 0 0 0 0
2307 0 0 0 0 0
2308 0 0 0 0 0
2309 0 0 0 0 0
2310 0 0 0 0 0
2311 0 0 0 0 0
2312 0 0 0 0 0
2313 0 0 0 0 0
2314 0 0 0 0 0
