0 0 0 0 0 0
1 1253 0 0 2 1255
2 0 0 0 1307 1307
3 0 0 1305 0 1305
4 1315 0 0 0 1315
5 0 1341 0 0 1341
6 1355 0 0 0 1355
7 0 0 0 1354 1354
8 0 0 0 1340 1340
9 1304 0 60 3 1367
10 0 1 1345 0 1346
11 0 1526 0 1 1527
12 2 1422 0 160 1584
13 1602 0 0 0 1602
14 1589 0 0 0 1589
15 1589 0 0 0 1589
16 1588 1 0 0 1589
17 0 0 0 1619 1619
18 0 0 0 1620 1620
19 0 0 1605 0 1605
20 1586 0 0 0 1586
21 1602 0 1 0 1603
22 0 0 0 1620 1620
23 0 0 0 1611 1611
24 5 0 1624 0 1629
25 0 1 0 1627 1628
26 0 0 0 1634 1634
27 1643 0 0 0 1643
28 1643 0 0 0 1643
29 1613 0 13 0 1626
30 1621 0 0 0 1621
31 0 1648 0 0 1648
32 1649 0 0 0 1649
33 1647 0 0 0 1647
34 0 1651 0 0 1651
35 0 1 0 1652 1653
36 3 0 1640 0 1643
37 0 1653 0 0 1653
38 0 11 0 1651 1662
39 1661 0 0 0 1661
40 1651 0 0 1 1652
41 0 0 1682 0 1682
42 0 0 1732 0 1732
43 0 0 1727 0 1727
44 1747 0 2 0 1749
45 0 1769 0 0 1769
46 1778 0 0 0 1778
47 1767 0 0 0 1767
48 0 0 0 1784 1784
49 1 1 1763 1 1766
50 1759 0 0 0 1759
51 451 0 1301 0 1752
52 1 0 1831 4 1836
53 0 1854 0 1 1855
54 0 1893 0 1 1894
55 1922 0 0 0 1922
56 1916 0 0 0 1916
57 1917 0 0 0 1917
58 1923 0 0 0 1923
59 0 1921 0 0 1921
60 1940 0 0 0 1940
61 0 0 1957 1 1958
62 0 0 1 1920 1921
63 1 0 0 1970 1971
64 0 0 0 2017 2017
65 0 1 0 2029 2030
66 0 0 2008 1 2009
67 1976 1 0 1 1978
68 2012 0 1 8 2021
69 0 0 1998 0 1998
70 0 2009 0 0 2009
71 2039 0 3 0 2042
72 2034 0 0 0 2034
73 2039 0 0 0 2039
74 1 2052 0 0 2053
75 2068 0 0 0 2068
76 2050 1 0 0 2051
77 0 1950 0 101 2051
78 2052 1 0 0 2053
79 0 0 2040 0 2040
80 1 0 0 2035 2036
81 2063 0 0 0 2063
82 0 0 2078 0 2078
83 2069 1 35 1 2106
84 0 2129 0 0 2129
85 0 2137 0 14 2151
86 2153 0 0 0 2153
87 2123 0 0 0 2123
88 0 0 0 2136 2136
89 2145 0 0 0 2145
90 0 0 3 2134 2137
91 2141 0 1 0 2142
92 2168 1 1 1 2171
93 0 2154 0 0 2154
94 2161 0 0 0 2161
95 0 1 0 2170 2171
96 2160 0 1 0 2161
97 2141 0 0 0 2141
98 0 0 0 2143 2143
99 2171 0 0 0 2171
100 2212 0 0 0 2212
101 0 0 2298 0 2298
102 2350 1 0 0 2351
103 2338 0 0 0 2338
104 2351 0 1 0 2352
105 2353 0 0 0 2353
106 0 1 0 2402 2403
107 0 0 0 2396 2396
108 0 2389 0 0 2389
109 2398 0 0 0 2398
110 2399 0 1 0 2400
111 1 7 0 2391 2399
112 2419 0 0 0 2419
113 0 2432 0 0 2432
114 2433 0 0 0 2433
115 0 0 0 2429 2429
116 1 2455 0 0 2456
117 2469 0 0 0 2469
118 2473 0 0 0 2473
119 1 0 2457 0 2458
120 17 0 2422 0 2439
121 2414 0 1 0 2415
122 0 0 0 2474 2474
123 0 0 0 2480 2480
124 0 0 2485 0 2485
125 2495 0 0 0 2495
126 2503 0 1 0 2504
127 2510 0 0 3 2513
128 2530 0 1 0 2531
129 0 0 2512 0 2512
130 2536 0 0 1 2537
131 2546 0 0 0 2546
132 0 1 0 2552 2553
133 2 2519 0 0 2521
134 0 2530 0 1 2531
135 0 0 0 2570 2570
136 0 0 0 2583 2583
137 0 2585 0 0 2585
138 2607 0 0 4 2611
139 2 2603 0 0 2605
140 0 3 0 2632 2635
141 2650 0 0 0 2650
142 2649 0 1 0 2650
143 0 0 2660 0 2660
144 0 0 2640 0 2640
145 2641 0 0 0 2641
146 0 0 0 2692 2692
147 0 0 2696 0 2696
148 2727 0 0 0 2727
149 2718 0 0 0 2718
150 0 0 2702 0 2702
151 0 4 0 2667 2671
152 0 0 2687 0 2687
153 1 0 2627 0 2628
154 3 0 2609 2 2614
155 0 2760 0 6 2766
156 0 2817 0 2 2819
157 2901 0 0 0 2901
158 3 0 0 2931 2934
159 0 2 2939 0 2941
160 0 0 0 2924 2924
161 0 2 3000 0 3002
162 0 0 0 3007 3007
163 0 0 0 3129 3129
164 0 3205 0 0 3205
165 0 4 0 3285 3289
166 3276 0 6 0 3282
167 3275 0 1 0 3276
168 83 3370 0 9 3462
169 1 0 0 3691 3692
170 0 1 0 3711 3712
171 0 0 0 3745 3745
172 2 3722 0 17 3741
173 0 3709 0 7 3716
174 0 4295 0 1 4296
175 0 0 0 4310 4310
176 0 0 0 4316 4316
177 0 0 4277 0 4277
178 0 0 4234 0 4234
179 0 4338 0 0 4338
180 0 4 0 4311 4315
181 2 4386 0 6 4394
182 0 2 0 4418 4420
183 4447 0 0 0 4447
184 4383 1 0 0 4384
185 1 4425 0 0 4426
186 2 4429 0 0 4431
187 4458 0 1 0 4459
188 4420 0 0 0 4420
189 1 0 4454 0 4455
190 1 1 4358 0 4360
191 1 0 4366 0 4367
192 0 4478 0 1 4479
193 0 0 4538 0 4538
194 4524 0 1 0 4525
195 0 0 0 4548 4548
196 4545 0 0 2 4547
197 0 0 0 4564 4564
198 0 0 4595 0 4595
199 1 0 4568 2 4571
200 1 4628 0 0 4629
201 4654 0 1 0 4655
202 4697 0 0 0 4697
203 4674 0 0 0 4674
204 0 4697 0 0 4697
205 4752 0 0 0 4752
206 2 0 4702 0 4704
207 4706 0 0 0 4706
208 4689 0 0 0 4689
209 0 4 0 4615 4619
210 0 4624 0 1 4625
211 1 4557 0 0 4558
212 5 4602 0 0 4607
213 2 4660 0 0 4662
214 1 0 0 4682 4683
215 1 0 0 4718 4719
216 0 0 4744 0 4744
217 0 0 4661 0 4661
218 4638 0 0 1 4639
219 4693 0 1 1 4695
220 0 0 0 4745 4745
221 4743 1 0 1 4745
222 0 4187 0 3 4190
223 4184 0 0 2 4186
224 4144 0 0 6 4150
225 4070 1 3 0 4074
226 0 0 4067 4 4071
227 0 0 4071 0 4071
228 0 0 4045 2 4047
229 4059 0 0 0 4059
230 0 2 1 4093 4096
231 4156 0 0 1 4157
232 0 4170 0 0 4170
233 4194 0 0 0 4194
234 4200 0 0 0 4200
235 0 4253 0 0 4253
236 0 0 0 4206 4206
237 0 0 0 4251 4251
238 4277 0 0 0 4277
239 4259 0 0 0 4259
240 4247 0 0 0 4247
241 4161 0 0 0 4161
242 1 4178 0 0 4179
243 4211 0 0 0 4211
244 4223 0 0 0 4223
245 4162 0 1 0 4163
246 0 1 0 4096 4097
247 0 0 4097 1 4098
248 1 4102 0 11 4114
249 0 2 0 4172 4174
250 2 0 4130 0 4132
251 4130 0 0 1 4131
252 4138 1 0 0 4139
253 0 0 4109 0 4109
254 4095 1 0 0 4096
255 0 4146 0 1 4147
256 4177 1 1 1 4180
257 0 0 1 4174 4175
258 4237 0 2 1 4240
259 0 0 4208 0 4208
260 0 0 4195 1 4196
261 4211 0 2 1 4214
262 4157 0 1 0 4158
263 1 4192 0 0 4193
264 0 4219 0 1 4220
265 4270 0 0 0 4270
266 4251 0 0 0 4251
267 4210 0 0 0 4210
268 5 0 4140 0 4145
269 6 0 4176 0 4182
270 2 4136 7 0 4145
271 0 4234 0 0 4234
272 4273 0 0 0 4273
273 4296 0 0 0 4296
274 4299 0 0 0 4299
275 1 0 0 4288 4289
276 0 0 4276 0 4276
277 0 0 0 4132 4132
278 0 0 4212 0 4212
279 0 4215 0 2 4217
280 0 38 0 4172 4210
281 0 4238 0 4 4242
282 4326 0 1 1 4328
283 4283 0 0 0 4283
284 0 1 0 4263 4264
285 4307 0 1 0 4308
286 0 0 4230 0 4230
287 0 4213 0 1 4214
288 4252 4 0 1 4257
289 0 0 4240 0 4240
290 0 4171 0 1 4172
291 4250 0 0 0 4250
292 0 0 4261 0 4261
293 0 0 0 4224 4224
294 0 2 0 4211 4213
295 4212 0 1 0 4213
296 0 4211 0 0 4211
297 0 1 0 4197 4198
298 0 0 0 4209 4209
299 0 0 4198 1 4199
300 0 0 4221 0 4221
301 1 1 1 4054 4057
302 0 0 4258 1 4259
303 0 0 4268 3 4271
304 4248 0 8 0 4256
305 4300 0 0 1 4301
306 0 0 0 4284 4284
307 4277 0 0 0 4277
308 7 4297 0 0 4304
309 4331 0 0 0 4331
310 0 0 0 4278 4278
311 4306 0 0 0 4306
312 0 0 0 4270 4270
313 1 0 4300 0 4301
314 0 0 4255 0 4255
315 4247 0 1 0 4248
316 0 4275 0 1 4276
317 0 4308 0 0 4308
318 4401 0 2 1 4404
319 4378 0 0 0 4378
320 0 0 0 4375 4375
321 4417 0 0 0 4417
322 0 0 4402 0 4402
323 0 0 4430 0 4430
324 4417 0 1 0 4418
325 2 0 4417 0 4419
326 4402 0 12 0 4414
327 4 4427 0 1 4432
328 4473 0 1 0 4474
329 0 4553 0 2 4555
330 597 0 3909 10 4516
331 0 0 4511 1 4512
332 4489 0 1 0 4490
333 4509 0 1 6 4516
334 6 0 4627 1 4634
335 0 0 4727 0 4727
336 0 0 0 4500 4500
337 0 0 0 4713 4713
338 0 0 0 4763 4763
339 1 0 0 4781 4782
340 0 0 4737 0 4737
341 4716 0 0 0 4716
342 4710 0 2 0 4712
343 4721 0 0 1 4722
344 5 0 4713 0 4718
345 0 0 4681 2 4683
346 0 0 4692 0 4692
347 1 0 0 4536 4537
348 0 4643 0 5 4648
349 0 3 0 4698 4701
350 4680 0 2 0 4682
351 1 4584 0 0 4585
352 0 0 4635 0 4635
353 4610 0 1 0 4611
354 4601 0 12 0 4613
355 4600 0 0 0 4600
356 15 0 4567 0 4582
357 0 4537 0 0 4537
358 0 1 1 4588 4590
359 0 1 0 4615 4616
360 0 1 0 4650 4651
361 0 1 0 4637 4638
362 0 1 0 4578 4579
363 0 0 1 4548 4549
364 0 4457 0 20 4477
365 0 0 0 4449 4449
366 0 4462 1 0 4463
367 4521 0 0 0 4521
368 5 0 4477 0 4482
369 4471 0 0 0 4471
370 4491 1 0 0 4492
371 4511 0 0 0 4511
372 4466 0 0 0 4466
373 4460 4 1 0 4465
374 0 0 0 4458 4458
375 29 0 4367 0 4396
376 4344 0 1 0 4345
377 0 0 4327 0 4327
378 4299 0 0 0 4299
379 0 4275 0 0 4275
380 0 1 0 4262 4263
381 0 3 0 4300 4303
382 1 0 4279 4 4284
383 4222 0 1 0 4223
384 1 3024 0 1158 4183
385 4129 0 0 0 4129
386 4006 0 0 0 4006
387 0 4033 0 0 4033
388 0 0 4060 0 4060
389 0 3951 0 3 3954
390 0 3964 0 5 3969
391 3951 0 0 0 3951
392 0 3963 0 0 3963
393 0 0 0 3885 3885
394 0 1 0 3898 3899
395 4 0 3924 0 3928
396 0 1 3839 0 3840
397 1 0 3854 10 3865
398 0 0 3830 1 3831
399 0 3809 0 7 3816
400 4 3853 0 0 3857
401 1 0 3874 2 3877
402 0 0 3863 0 3863
403 3694 0 22 0 3716
404 0 0 0 3805 3805
405 3814 0 0 0 3814
406 2611 0 1182 0 3793
407 0 3823 0 0 3823
408 0 23 1 3798 3822
409 0 1 0 3818 3819
410 0 0 0 3826 3826
411 0 1 1 3840 3842
412 0 0 3739 0 3739
413 0 2 3635 0 3637
414 0 3677 0 15 3692
415 0 3688 0 7 3695
416 0 3753 0 15 3768
417 3796 0 6 0 3802
418 0 0 3816 0 3816
419 0 0 0 3715 3715
420 0 1 0 3794 3795
421 1 0 3804 0 3805
422 3803 0 2 0 3805
423 3842 0 0 0 3842
424 3851 0 4 0 3855
425 0 0 3831 0 3831
426 3841 1 0 0 3842
427 0 0 3866 0 3866
428 0 0 0 3621 3621
429 1 0 3822 0 3823
430 3809 0 1 2 3812
431 0 0 3928 1 3929
432 3942 0 1 1 3944
433 3957 0 2 0 3959
434 3989 0 0 0 3989
435 3976 0 0 0 3976
436 3970 0 0 0 3970
437 1 0 3960 0 3961
438 3836 0 0 0 3836
439 0 0 3851 0 3851
440 0 0 0 3691 3691
441 3785 0 0 0 3785
442 0 3807 0 0 3807
443 1 2 0 3824 3827
444 3804 0 0 0 3804
445 0 3832 0 0 3832
446 0 0 0 3824 3824
447 3842 0 0 0 3842
448 3804 0 0 1 3805
449 3677 1 0 0 3678
450 0 3729 0 0 3729
451 0 3649 0 0 3649
452 0 3676 0 0 3676
453 0 0 0 3601 3601
454 0 3705 0 0 3705
455 0 0 0 3602 3602
456 1 3684 0 0 3685
457 3628 0 0 1 3629
458 2 3686 0 0 3688
459 0 3685 0 0 3685
460 3681 0 0 0 3681
461 3663 0 0 0 3663
462 0 0 3693 0 3693
463 7 0 3634 0 3641
464 3681 0 0 0 3681
465 3702 0 0 0 3702
466 3742 1 0 0 3743
467 0 1 0 3637 3638
468 0 0 3648 0 3648
469 0 3549 0 2 3551
470 1 3578 0 0 3579
471 0 0 0 3583 3583
472 1 3551 0 0 3552
473 0 3624 0 4 3628
474 1 0 3668 0 3669
475 0 0 3666 0 3666
476 3602 0 0 0 3602
477 0 15 0 3606 3621
478 0 0 3605 0 3605
479 3623 0 0 0 3623
480 0 0 3595 2 3597
481 0 0 3549 1 3550
482 0 3542 0 3 3545
483 0 0 3559 0 3559
484 3474 0 16 0 3490
485 0 0 3552 0 3552
486 0 3550 0 1 3551
487 3590 0 0 2 3592
488 3576 0 0 0 3576
489 0 2 0 3626 3628
490 0 4 3709 11 3724
491 1 0 2 3662 3665
492 1 0 3862 0 3863
493 3888 1 5 0 3894
494 0 1 0 3921 3922
495 3906 0 0 0 3906
496 3913 0 0 0 3913
497 0 0 1 4142 4143
498 1 0 4136 0 4137
499 0 0 4269 1 4270
500 4284 0 0 0 4284
501 4338 0 0 0 4338
502 4348 0 1 0 4349
503 1 3 0 4329 4333
504 4360 0 5 0 4365
505 0 0 0 4307 4307
506 0 0 0 4336 4336
507 4 0 4322 1 4327
508 0 0 0 4240 4240
509 2 0 1 4240 4243
510 1 4237 0 0 4238
511 1 4130 0 1 4132
512 1 4261 0 0 4262
513 0 0 0 4354 4354
514 4388 0 0 0 4388
515 4356 0 0 0 4356
516 4324 1 0 0 4325
517 0 0 4402 0 4402
518 4338 0 0 1 4339
519 4371 4 2 15 4392
520 0 0 4352 0 4352
521 2 4354 0 0 4356
522 4453 0 2 0 4455
523 0 0 4501 0 4501
524 1 0 4490 0 4491
525 4512 0 1 0 4513
526 4520 0 0 0 4520
527 0 0 0 4466 4466
528 4477 0 1 0 4478
529 0 4459 0 0 4459
530 0 4494 0 0 4494
531 4568 1 1 0 4570
532 4772 0 0 0 4772
533 217 0 4532 0 4749
534 4806 0 0 2 4808
535 0 0 4807 0 4807
536 4854 0 1 0 4855
537 4801 1 1 0 4803
538 0 0 1 4720 4721
539 3 4754 0 0 4757
540 1 4768 0 0 4769
541 4764 0 0 0 4764
542 0 4789 0 38 4827
543 0 1 0 4782 4783
544 0 0 0 4842 4842
545 0 0 4849 0 4849
546 0 0 4824 0 4824
547 4790 0 1 0 4791
548 0 2 0 4829 4831
549 4852 0 0 0 4852
550 1 4836 0 2 4839
551 4843 0 0 0 4843
552 0 0 1 4847 4848
553 4808 7 0 0 4815
554 0 0 4829 0 4829
555 6 1 4803 1 4811
556 0 0 4820 0 4820
557 4782 1 2 0 4785
558 4877 1 0 0 4878
559 0 4892 0 0 4892
560 0 1 0 4931 4932
561 211 0 4688 5 4904
562 4864 0 0 1 4865
563 1 0 1 4919 4921
564 4932 1 1 0 4934
565 4923 0 0 1 4924
566 4919 0 0 0 4919
567 4905 0 0 0 4905
568 3 3 4985 1 4992
569 5041 0 0 0 5041
570 5135 0 0 1 5136
571 5183 0 0 0 5183
572 5209 0 0 0 5209
573 5224 0 0 0 5224
574 5137 0 0 0 5137
575 25 0 5129 0 5154
576 5106 0 0 0 5106
577 1 0 5300 0 5301
578 5335 0 1 0 5336
579 5378 0 1 0 5379
580 5364 0 0 0 5364
581 5351 0 2 0 5353
582 5355 0 0 1 5356
583 0 0 0 5302 5302
584 8 0 1 5294 5303
585 0 0 5244 0 5244
586 5211 0 1 0 5212
587 5288 1 0 0 5289
588 5264 2 0 0 5266
589 2 0 5254 0 5256
590 0 0 5180 0 5180
591 4696 0 532 0 5228
592 5265 0 4 1 5270
593 2 5282 0 0 5284
594 5282 0 0 0 5282
595 5266 0 0 0 5266
596 0 0 1 5257 5258
597 3 0 5247 0 5250
598 5243 0 0 0 5243
599 1 0 0 5203 5204
600 5236 2 0 0 5238
601 5167 0 0 0 5167
602 0 5234 0 1 5235
603 0 0 0 5113 5113
604 0 5200 0 0 5200
605 0 5228 0 0 5228
606 5312 0 0 0 5312
607 5219 0 1 0 5220
608 0 0 0 5110 5110
609 1 5238 0 1 5240
610 0 0 5312 0 5312
611 0 3 0 5200 5203
612 5257 1 0 4 5262
613 0 5319 0 4 5323
614 0 0 2 5285 5287
615 2 0 5269 0 5271
616 4 1 5209 0 5214
617 0 5314 8 1 5323
618 5390 0 0 0 5390
619 0 1 0 5375 5376
620 5398 0 1 0 5399
621 0 5378 0 0 5378
622 5434 0 1 0 5435
623 0 2 0 5378 5380
624 0 0 5380 0 5380
625 1 5372 0 1 5374
626 0 0 0 5493 5493
627 0 2 0 5539 5541
628 0 0 5559 2 5561
629 5522 0 0 1 5523
630 5557 0 2 0 5559
631 5603 0 1 0 5604
632 3 0 5630 0 5633
633 5680 0 0 0 5680
634 1 0 5649 0 5650
635 5633 0 0 0 5633
636 5663 1 0 1 5665
637 6 5707 0 0 5713
638 0 0 1 5668 5669
639 7 0 5726 0 5733
640 0 1 5701 0 5702
641 0 1 0 5609 5610
642 0 2 0 5689 5691
643 0 0 5716 2 5718
644 0 5797 0 1 5798
645 0 0 0 5817 5817
646 0 5890 0 0 5890
647 0 0 5954 0 5954
648 5844 0 0 2 5846
649 5900 0 0 1 5901
650 1 0 6046 0 6047
651 6038 0 5 0 6043
652 6064 0 2 0 6066
653 0 0 6045 0 6045
654 6066 0 0 0 6066
655 0 4 0 6075 6079
656 0 0 0 6075 6075
657 1 6086 4 0 6091
658 0 0 0 6097 6097
659 0 3 0 6141 6144
660 2 0 6046 0 6048
661 0 6033 0 7 6040
662 0 6061 0 0 6061
663 6090 0 1 0 6091
664 0 7 6054 2 6063
665 0 0 0 5972 5972
666 0 0 6042 0 6042
667 1 0 5966 0 5967
668 0 5976 0 2 5978
669 6030 0 3 0 6033
670 4 0 6068 0 6072
671 6 0 5749 0 5755
672 5265 1 0 0 5266
673 0 0 5289 0 5289
674 0 5375 0 1 5376
675 5476 0 3 0 5479
676 5777 0 1 1 5779
677 0 5303 2 0 5305
678 5581 0 1 0 5582
679 2 0 0 5130 5132
680 2 5327 0 3 5332
681 5371 7 2 0 5380
682 0 0 5305 0 5305
683 0 5359 0 0 5359
684 2 6 0 5450 5458
685 0 0 5478 0 5478
686 5100 0 0 11 5111
687 0 0 5443 0 5443
688 0 0 0 4990 4990
689 0 0 0 5437 5437
690 1 5294 0 25 5320
691 5310 2 0 0 5312
692 0 0 0 5491 5491
693 5494 0 0 0 5494
694 1 0 5206 0 5207
695 5257 0 1 0 5258
696 5611 0 0 0 5611
697 5719 0 0 0 5719
698 0 0 0 5188 5188
699 1 0 5283 0 5284
700 2 5276 0 1 5279
701 0 0 1 5446 5447
702 5388 3 1 0 5392
703 0 5381 0 1 5382
704 5353 1 3 1 5358
705 1 5390 0 0 5391
706 1 1 0 5285 5287
707 1 0 5371 0 5372
708 1 5377 0 0 5378
709 0 3 1 5368 5372
710 0 0 0 5698 5698
711 5468 0 0 0 5468
712 2 5433 0 0 5435
713 5545 0 0 1 5546
714 5734 0 5 0 5739
715 0 0 5345 0 5345
716 0 0 5578 1 5579
717 0 2 2 3852 3856
718 0 0 5058 0 5058
719 5170 0 1 0 5171
720 5116 0 515 0 5631
721 5710 1 0 0 5711
722 5755 0 0 0 5755
723 1 0 0 5034 5035
724 0 1 0 5448 5449
725 1 0 5142 1 5144
726 0 0 5402 0 5402
727 4969 2 1 3 4975
728 6 0 5147 0 5153
729 5157 0 0 0 5157
730 0 5202 0 0 5202
731 5374 0 0 0 5374
732 5554 0 0 0 5554
733 5629 0 0 0 5629
734 0 0 0 5023 5023
735 5270 0 0 0 5270
736 0 0 0 5099 5099
737 5178 1 0 0 5179
738 0 0 0 4796 4796
739 2 4787 0 0 4789
740 4770 0 0 0 4770
741 2 4842 0 12 4856
742 1 5093 0 1 5095
743 1 5226 0 1 5228
744 4831 0 0 0 4831
745 1 0 4945 6 4952
746 0 0 5062 0 5062
747 4009 1 665 3 4678
748 0 0 5003 1 5004
749 0 0 5113 0 5113
750 2 0 5184 0 5186
751 4807 0 2 1 4810
752 5151 0 4 0 5155
753 0 237 0 4760 4997
754 5127 0 0 0 5127
755 5304 0 1 0 5305
756 5347 0 1 0 5348
757 0 0 0 4851 4851
758 0 0 1 5126 5127
759 5102 0 0 0 5102
760 5204 0 2 0 5206
761 2 4933 0 0 4935
762 0 1 0 4907 4908
763 8 0 4867 0 4875
764 4984 0 2 0 4986
765 0 0 4933 0 4933
766 0 0 0 4758 4758
767 2 4958 0 1 4961
768 0 5211 0 1 5212
769 5120 0 6 0 5126
770 10 0 5027 1 5038
771 6 0 5145 0 5151
772 0 1 1 4546 4548
773 1 4974 0 0 4975
774 0 1 0 5056 5057
775 0 5180 0 6 5186
776 5285 0 0 0 5285
777 5334 3 5 0 5342
778 0 0 0 5189 5189
779 1 5155 0 2 5158
780 5208 0 0 0 5208
781 5318 0 0 0 5318
782 0 0 0 5147 5147
783 0 0 5149 5 5154
784 5151 0 1 1 5153
785 0 1 0 5169 5170
786 5227 0 0 0 5227
787 0 0 5129 0 5129
788 0 0 0 4950 4950
789 5042 0 8 0 5050
790 1 0 5037 0 5038
791 0 4992 0 2 4994
792 0 0 0 5065 5065
793 0 0 0 5207 5207
794 2 0 5100 0 5102
795 0 12 1 4893 4906
796 4991 0 1 1 4993
797 0 0 5012 1 5013
798 1 1 5074 0 5076
799 5032 0 0 0 5032
800 5316 0 0 0 5316
801 5398 0 0 0 5398
802 5410 0 0 1 5411
803 1 0 0 5214 5215
804 5304 0 0 0 5304
805 5349 0 0 0 5349
806 0 0 0 5152 5152
807 0 5164 0 9 5173
808 5419 0 0 0 5419
809 0 0 5243 4 5247
810 5382 0 5 0 5387
811 5482 0 1 0 5483
812 2 0 5368 1 5371
813 5415 0 0 0 5415
814 3 3 0 5315 5321
815 0 5542 0 4 5546
816 5655 0 1 0 5656
817 5670 1 0 0 5671
818 0 0 0 5524 5524
819 5633 1 0 14 5648
820 0 0 5693 1 5694
821 0 8 0 5475 5483
822 1 5746 0 3 5750
823 3 0 5694 2 5699
824 1 5504 0 0 5505
825 0 2 0 5506 5508
826 0 1 0 5597 5598
827 0 4587 0 950 5537
828 5643 0 0 0 5643
829 5692 0 0 1 5693
830 5599 0 1 0 5600
831 0 5578 0 0 5578
832 2 5550 0 0 5552
833 0 5593 0 3 5596
834 5454 1 1 0 5456
835 11 5619 0 1 5631
836 0 3 0 5553 5556
837 1 0 5497 1 5499
838 0 0 5488 1 5489
839 5446 0 8 0 5454
840 0 0 5551 1 5552
841 2 5550 0 0 5552
842 0 1 1 5605 5607
843 5569 0 7 0 5576
844 2 0 5565 0 5567
845 1 5546 0 1 5548
846 0 0 1 5609 5610
847 0 0 5632 0 5632
848 0 0 0 5543 5543
849 5716 0 4 0 5720
850 2 0 5624 1 5627
851 5692 0 0 0 5692
852 5727 0 0 0 5727
853 5771 2 0 0 5773
854 0 0 0 5692 5692
855 0 0 1 5786 5787
856 0 0 5720 0 5720
857 3 5714 0 1 5718
858 5877 0 0 0 5877
859 5940 0 0 0 5940
860 5912 0 0 0 5912
861 1 5906 0 0 5907
862 6014 0 3 0 6017
863 6015 0 1 0 6016
864 13 0 5884 1 5898
865 5865 0 0 0 5865
866 0 5934 0 1 5935
867 8 0 1 5942 5951
868 2 0 5988 1 5991
869 0 0 1 5873 5874
870 5 0 6018 0 6023
871 5984 0 0 0 5984
872 0 1 1 5982 5984
873 6008 0 0 0 6008
874 3 0 5947 0 5950
875 5928 0 0 1 5929
876 0 0 0 5972 5972
877 5925 0 13 0 5938
878 0 5987 0 0 5987
879 0 8 0 6059 6067
880 0 0 6046 0 6046
881 6010 0 13 1 6024
882 5974 0 0 0 5974
883 0 6025 0 0 6025
884 0 6117 0 0 6117
885 0 2 1 6142 6145
886 0 0 1 6193 6194
887 2 1 1 6209 6213
888 6211 0 0 1 6212
889 6198 0 1 0 6199
890 6172 0 0 1 6173
891 4 0 6096 1 6101
892 1 2 0 5955 5958
893 0 6059 0 2 6061
894 6119 0 1 0 6120
895 0 1 0 6083 6084
896 4 0 6041 0 6045
897 0 0 0 5992 5992
898 0 6052 0 0 6052
899 0 0 1 6031 6032
900 2 0 6027 0 6029
901 0 0 6014 0 6014
902 0 5947 0 3 5950
903 6023 0 0 4 6027
904 0 0 5986 0 5986
905 0 5923 0 1 5924
906 0 6027 0 1 6028
907 6030 0 0 0 6030
908 0 1 0 6019 6020
909 5684 0 0 0 5684
910 0 0 5678 0 5678
911 5594 0 14 0 5608
912 1 5704 0 3 5708
913 0 0 5683 1 5684
914 0 0 5668 0 5668
915 5525 0 23 0 5548
916 0 0 5661 3 5664
917 0 0 5673 3 5676
918 0 0 0 5260 5260
919 1 0 5622 0 5623
920 5650 0 0 0 5650
921 2 0 0 5707 5709
922 1 0 5727 1 5729
923 0 0 0 5623 5623
924 5703 0 0 0 5703
925 0 0 5599 0 5599
926 1 5602 0 0 5603
927 3 1159 0 4439 5601
928 0 0 1 5633 5634
929 0 0 5646 0 5646
930 1 1 1 5565 5568
931 2 0 5588 0 5590
932 5586 0 1 2 5589
933 15 5549 0 28 5592
934 5624 0 0 0 5624
935 0 1 0 5605 5606
936 5607 0 0 0 5607
937 5565 0 0 0 5565
938 1 0 0 5583 5584
939 5511 0 74 1 5586
940 5559 0 0 0 5559
941 0 0 5489 0 5489
942 5412 0 3 0 5415
943 0 0 5494 0 5494
944 0 5131 0 343 5474
945 0 1 0 5501 5502
946 2 0 5499 0 5501
947 0 4338 0 1110 5448
948 5525 0 0 0 5525
949 0 0 0 5534 5534
950 0 0 0 5592 5592
951 5576 0 4 2 5582
952 0 0 5484 0 5484
953 1 0 5429 0 5430
954 5493 0 0 0 5493
955 2 5401 0 67 5470
956 0 1 1 5578 5580
957 5619 0 9 0 5628
958 5587 0 0 0 5587
959 5594 0 0 0 5594
960 0 0 5558 0 5558
961 5457 0 0 0 5457
962 0 2 1 5387 5390
963 0 5374 0 1 5375
964 5390 0 0 0 5390
965 1 0 5332 1 5334
966 5287 0 0 1 5288
967 5 5348 0 2 5355
968 5398 0 1 0 5399
969 5353 0 3 0 5356
970 5306 0 1 0 5307
971 0 0 5297 0 5297
972 5259 0 0 0 5259
973 0 5274 0 1 5275
974 5329 0 0 0 5329
975 5304 0 1 0 5305
976 5225 1 0 0 5226
977 0 0 5216 3 5219
978 5197 0 1 0 5198
979 0 0 1 5106 5107
980 0 1 0 5121 5122
981 0 2 0 5125 5127
982 1 0 5050 0 5051
983 0 0 5006 0 5006
984 4996 0 21 0 5017
985 0 5037 0 0 5037
986 2 0 4980 0 4982
987 1 0 4977 0 4978
988 0 5005 0 0 5005
989 0 1 0 5000 5001
990 0 0 0 5014 5014
991 0 0 4946 0 4946
992 4876 0 5 0 4881
993 0 0 4888 10 4898
994 0 4871 1 0 4872
995 0 3 0 4891 4894
996 4907 0 2 0 4909
997 4866 0 0 0 4866
998 4928 0 0 0 4928
999 4873 0 3 0 4876
1000 4857 1 0 0 4858
1001 27 0 4770 0 4797
1002 4731 0 4 0 4735
1003 4767 0 0 1 4768
1004 0 0 0 4719 4719
1005 4749 1 0 0 4750
1006 1 0 0 4583 4584
1007 0 4650 0 0 4650
1008 4596 0 0 0 4596
1009 1 0 4605 1 4607
1010 0 0 4514 0 4514
1011 4488 0 0 2 4490
1012 4506 0 0 0 4506
1013 0 0 4602 0 4602
1014 4651 0 0 0 4651
1015 0 0 4652 2 4654
1016 0 0 4615 0 4615
1017 4622 0 0 0 4622
1018 0 2 0 4561 4563
1019 0 0 1 4586 4587
1020 0 4561 0 0 4561
1021 4602 0 0 0 4602
1022 4568 0 0 0 4568
1023 4565 0 0 0 4565
1024 4568 0 1 0 4569
1025 4528 0 0 0 4528
1026 0 0 0 4456 4456
1027 2 0 4439 0 4441
1028 4370 0 0 7 4377
1029 0 2 1 4350 4353
1030 0 1 4377 0 4378
1031 4295 0 1 0 4296
1032 4301 0 0 0 4301
1033 0 0 4313 0 4313
1034 4280 0 0 0 4280
1035 4092 0 205 0 4297
1036 4310 0 0 0 4310
1037 0 0 0 4304 4304
1038 4129 2 208 3 4342
1039 0 1 0 4293 4294
1040 0 0 0 4311 4311
1041 4336 0 1 3 4340
1042 4273 1 0 0 4274
1043 0 2 0 4254 4256
1044 4298 0 0 0 4298
1045 0 0 4257 0 4257
1046 1 0 4168 0 4169
1047 1 0 4146 1 4148
1048 4197 0 0 0 4197
1049 4200 0 1 0 4201
1050 1 4233 0 0 4234
1051 0 0 4237 0 4237
1052 0 0 4238 0 4238
1053 4238 0 0 0 4238
1054 4233 0 0 0 4233
1055 0 4224 0 0 4224
1056 4253 0 0 0 4253
1057 4230 0 0 0 4230
1058 0 0 0 4163 4163
1059 4199 0 0 0 4199
1060 1 4162 0 1 4164
1061 4212 0 1 0 4213
1062 2 0 4199 1 4202
1063 4181 0 0 0 4181
1064 4177 0 0 0 4177
1065 7 1 4148 0 4156
1066 4127 0 1 0 4128
1067 1 2 0 4111 4114
1068 1 2 0 4192 4195
1069 2 0 4221 1 4224
1070 0 0 4201 0 4201
1071 4155 0 0 0 4155
1072 4195 0 1 0 4196
1073 1 0 1 4158 4160
1074 4177 3 0 0 4180
1075 0 0 0 4150 4150
1076 2 0 4177 0 4179
1077 0 0 4118 0 4118
1078 0 0 4075 0 4075
1079 4034 0 1 0 4035
1080 1 4048 0 1 4050
1081 6 0 4027 0 4033
1082 0 0 4050 0 4050
1083 0 0 4052 0 4052
1084 2 0 4069 0 4071
1085 4053 0 0 0 4053
1086 4132 0 0 0 4132
1087 0 0 4100 0 4100
1088 4097 0 0 0 4097
1089 0 0 4124 0 4124
1090 0 0 4083 1 4084
1091 4069 0 1 0 4070
1092 0 0 4156 0 4156
1093 0 1 0 4095 4096
1094 0 0 0 4077 4077
1095 0 4037 1 0 4038
1096 0 4079 0 0 4079
1097 4127 0 0 0 4127
1098 1 0 0 4144 4145
1099 0 0 4123 0 4123
1100 1 1 0 4003 4005
1101 4087 0 0 0 4087
1102 4037 0 0 0 4037
1103 2 0 4042 0 4044
1104 3955 0 0 0 3955
1105 0 0 0 3974 3974
1106 2 0 3985 0 3987
1107 0 0 0 3856 3856
1108 0 0 3987 1 3988
1109 0 0 4034 0 4034
1110 0 0 0 3933 3933
1111 0 0 4030 0 4030
1112 4054 0 0 0 4054
1113 4041 0 2 0 4043
1114 0 0 0 4038 4038
1115 0 0 3984 0 3984
1116 0 3937 0 2 3939
1117 3964 0 1 2 3967
1118 1 2 4077 0 4080
1119 13 0 4097 1 4111
1120 0 0 4465 0 4465
1121 1 0 4489 0 4490
1122 4460 0 5 1 4466
1123 4513 0 0 0 4513
1124 0 0 0 4521 4521
1125 4555 1 0 0 4556
1126 0 0 0 4614 4614
1127 0 0 1 4641 4642
1128 4618 0 0 4 4622
1129 4637 0 1 0 4638
1130 4697 1 0 0 4698
1131 4720 0 1 0 4721
1132 4676 1 7 0 4684
1133 4659 0 0 0 4659
1134 3 0 4679 0 4682
1135 4633 0 1 0 4634
1136 0 0 4727 0 4727
1137 0 1 0 4524 4525
1138 4671 0 1 0 4672
1139 4686 0 0 0 4686
1140 4645 0 0 0 4645
1141 4652 0 0 0 4652
1142 0 1 0 4655 4656
1143 2 0 4620 0 4622
1144 4640 1 0 2 4643
1145 4697 0 0 0 4697
1146 4708 0 0 0 4708
1147 0 4683 0 0 4683
1148 2 3 0 4647 4652
1149 2 0 4706 0 4708
1150 0 0 4656 0 4656
1151 4689 0 1 0 4690
1152 4708 1 1 0 4710
1153 4722 0 0 0 4722
1154 4701 0 0 0 4701
1155 4688 0 0 0 4688
1156 0 4695 0 1 4696
1157 0 0 0 4603 4603
1158 4606 0 7 0 4613
1159 0 4667 0 0 4667
1160 2 0 1 4667 4670
1161 5 0 4663 0 4668
1162 4650 4 0 0 4654
1163 12 1 1 4627 4641
1164 4663 0 0 0 4663
1165 4633 0 1 0 4634
1166 4591 0 3 0 4594
1167 0 1 0 4561 4562
1168 0 0 0 4493 4493
1169 0 4485 0 12 4497
1170 4502 0 5 1 4508
1171 1 0 4492 0 4493
1172 0 4434 0 3 4437
1173 3 4467 0 1 4471
1174 4612 3 1 1 4617
1175 4596 0 0 0 4596
1176 4578 0 0 0 4578
1177 4609 0 0 0 4609
1178 4571 0 1 0 4572
1179 0 0 4622 3 4625
1180 0 0 4582 0 4582
1181 4491 0 12 1 4504
1182 0 0 4630 0 4630
1183 0 0 4639 0 4639
1184 4659 0 0 0 4659
1185 0 1 0 4632 4633
1186 4682 13 1 0 4696
1187 1 0 0 4745 4746
1188 0 0 4732 0 4732
1189 4686 0 0 0 4686
1190 0 0 4705 0 4705
1191 4616 1 1 0 4618
1192 0 0 4621 0 4621
1193 4656 0 1 0 4657
1194 0 4 0 4658 4662
1195 0 0 0 4732 4732
1196 0 1 0 4802 4803
1197 4885 0 0 0 4885
1198 4849 0 0 1 4850
1199 0 0 0 4860 4860
1200 4903 0 2 0 4905
1201 4874 0 0 0 4874
1202 0 1 0 4975 4976
1203 0 5037 0 5 5042
1204 0 0 0 5070 5070
1205 0 1 0 5123 5124
1206 5133 0 0 1 5134
1207 0 0 0 5199 5199
1208 0 0 5212 1 5213
1209 3 5158 0 0 5161
1210 5233 0 0 0 5233
1211 0 0 0 5307 5307
1212 2 0 5318 0 5320
1213 1 0 5399 3 5403
1214 0 3 0 5206 5209
1215 5475 1 0 0 5476
1216 0 2 0 5586 5588
1217 0 1 0 5643 5644
1218 1 0 0 5579 5580
1219 1 14 0 5635 5650
1220 0 5626 0 0 5626
1221 0 0 0 5597 5597
1222 0 5642 0 1 5643
1223 5708 0 0 0 5708
1224 5681 0 0 0 5681
1225 0 0 5682 0 5682
1226 5660 0 1 2 5663
1227 0 5665 0 1 5666
1228 5644 0 0 0 5644
1229 1 5786 0 1 5788
1230 0 1 0 5789 5790
1231 5831 0 1 0 5832
1232 0 0 5852 0 5852
1233 0 0 5819 0 5819
1234 5807 0 0 0 5807
1235 0 0 0 5829 5829
1236 0 0 5870 0 5870
1237 0 1 0 5818 5819
1238 0 1 0 5823 5824
1239 0 5790 0 1 5791
1240 1 5852 0 0 5853
1241 5888 0 0 0 5888
1242 5820 0 20 2 5842
1243 0 0 5888 1 5889
1244 0 0 5798 0 5798
1245 0 0 5821 0 5821
1246 0 0 5851 0 5851
1247 1 0 0 5538 5539
1248 10 0 5715 0 5725
1249 5826 1 1 0 5828
1250 0 0 5904 0 5904
1251 5902 0 0 3 5905
1252 0 0 5951 0 5951
1253 0 0 5963 3 5966
1254 5906 0 1 0 5907
1255 0 0 6016 0 6016
1256 6020 0 3 0 6023
1257 6209 0 0 0 6209
1258 6244 1 0 0 6245
1259 0 0 0 6245 6245
1260 6263 1 0 0 6264
1261 6262 0 7 0 6269
1262 6362 0 0 0 6362
1263 0 1 0 6430 6431
1264 1 0 0 6462 6463
1265 1 1 0 6566 6568
1266 0 0 0 6659 6659
1267 1 6692 0 2 6695
1268 0 0 0 6699 6699
1269 1 0 0 6727 6728
1270 6757 16 0 2 6775
1271 6691 0 3 0 6694
1272 0 1 0 6635 6636
1273 0 6682 0 0 6682
1274 1 0 6646 1 6648
1275 6537 0 1 0 6538
1276 0 0 6574 1 6575
1277 0 6458 0 1 6459
1278 5301 0 1 1221 6523
1279 18 0 6462 0 6480
1280 5 0 6422 0 6427
1281 2 6398 0 2 6402
1282 0 6387 0 2 6389
1283 6478 0 2 0 6480
1284 6364 1 0 1 6366
1285 14 6472 0 0 6486
1286 0 0 1 6411 6412
1287 0 1 0 6403 6404
1288 0 0 0 6400 6400
1289 0 0 1 6410 6411
1290 6355 0 3 0 6358
1291 1 1 0 6127 6129
1292 0 6104 0 0 6104
1293 0 0 0 6051 6051
1294 0 6115 0 0 6115
1295 1 6086 0 0 6087
1296 6086 1 1 1 6089
1297 5978 10 1 0 5989
1298 2 0 0 5960 5962
1299 5 0 5922 0 5927
1300 2 9 5 5773 5789
1301 5737 0 0 0 5737
1302 0 5896 0 0 5896
1303 1 5809 0 4 5814
1304 5853 0 0 0 5853
1305 5818 0 6 0 5824
1306 0 5820 0 0 5820
1307 2 2 0 5771 5775
1308 3 5792 0 0 5795
1309 1 5788 0 0 5789
1310 5797 0 2 0 5799
1311 5768 1 0 1 5770
1312 4 5835 0 0 5839
1313 233 0 5573 0 5806
1314 5753 0 3 1 5757
1315 0 0 0 5796 5796
1316 5798 0 0 0 5798
1317 1 4 0 5704 5709
1318 2 0 0 5803 5805
1319 0 0 0 5779 5779
1320 0 0 0 5728 5728
1321 0 3 0 5650 5653
1322 0 0 0 5648 5648
1323 1 0 5440 0 5441
1324 5441 0 1 0 5442
1325 5418 0 10 0 5428
1326 0 0 1 5440 5441
1327 5415 0 0 0 5415
1328 0 0 5422 0 5422
1329 5391 0 0 0 5391
1330 5374 0 1 0 5375
1331 0 0 5254 0 5254
1332 0 5208 0 0 5208
1333 5251 0 0 0 5251
1334 5173 0 0 0 5173
1335 0 5208 0 0 5208
1336 0 1 5202 0 5203
1337 5017 0 0 0 5017
1338 0 5161 18 0 5179
1339 0 5180 0 14 5194
1340 0 14 0 5150 5164
1341 0 0 1 5218 5219
1342 0 0 0 5231 5231
1343 0 0 0 5211 5211
1344 0 0 0 5203 5203
1345 1 0 5142 0 5143
1346 5043 0 0 0 5043
1347 0 0 0 4993 4993
1348 0 5032 0 0 5032
1349 5072 0 0 0 5072
1350 5013 0 0 0 5013
1351 0 6 0 5028 5034
1352 0 0 5073 6 5079
1353 0 0 5021 8 5029
1354 0 0 5018 0 5018
1355 0 0 5025 0 5025
1356 0 0 5033 0 5033
1357 0 1 0 4648 4649
1358 4976 0 0 0 4976
1359 1 0 0 5044 5045
1360 1 0 5043 1 5045
1361 4981 0 6 7 4994
1362 0 0 5001 0 5001
1363 0 1 4975 0 4976
1364 5070 0 0 1 5071
1365 5057 0 0 0 5057
1366 0 0 0 4978 4978
1367 0 4946 0 0 4946
1368 4834 0 1 0 4835
1369 0 5049 0 0 5049
1370 5 5038 0 0 5043
1371 6 5025 0 5 5036
1372 5068 0 0 0 5068
1373 5066 0 0 0 5066
1374 5104 0 0 0 5104
1375 0 0 5034 1 5035
1376 10 5036 0 1 5047
1377 5096 0 1 2 5099
1378 5047 0 1 0 5048
1379 0 0 5050 8 5058
1380 0 0 1 4864 4865
1381 0 0 4919 0 4919
1382 4938 0 1 1 4940
1383 4977 0 0 0 4977
1384 0 4911 0 0 4911
1385 0 2 0 4872 4874
1386 4904 0 0 0 4904
1387 0 4906 10 0 4916
1388 4908 0 0 1 4909
1389 0 0 0 4882 4882
1390 0 2 4914 0 4916
1391 0 0 4887 0 4887
1392 1 0 4840 0 4841
1393 4801 0 0 0 4801
1394 0 0 1 4825 4826
1395 4862 0 1 0 4863
1396 4862 0 0 0 4862
1397 4866 1 10 0 4877
1398 1 0 0 4789 4790
1399 1 0 4746 3 4750
1400 4724 0 0 0 4724
1401 4677 0 1 0 4678
1402 0 0 0 4624 4624
1403 2 4671 0 0 4673
1404 4699 0 0 0 4699
1405 4659 0 0 0 4659
1406 0 0 0 4621 4621
1407 0 0 4633 0 4633
1408 4659 0 0 0 4659
1409 4622 0 0 0 4622
1410 0 1 0 4577 4578
1411 3 1 4561 0 4565
1412 0 4568 0 0 4568
1413 4597 0 0 0 4597
1414 0 0 0 4565 4565
1415 0 4569 0 0 4569
1416 0 1 0 4558 4559
1417 0 0 4537 1 4538
1418 4497 1 0 1 4499
1419 0 4450 0 0 4450
1420 0 0 0 4458 4458
1421 4469 1 0 0 4470
1422 0 0 0 4429 4429
1423 4309 0 0 1 4310
1424 0 4355 0 1 4356
1425 4350 0 14 0 4364
1426 1 0 0 4295 4296
1427 0 1 0 4311 4312
1428 0 0 4276 0 4276
1429 4236 0 0 0 4236
1430 4267 1 0 0 4268
1431 4272 0 8 0 4280
1432 0 0 4230 0 4230
1433 0 0 4221 0 4221
1434 0 0 4161 0 4161
1435 4160 0 1 0 4161
1436 1 0 0 4145 4146
1437 1 0 0 4139 4140
1438 0 0 4092 0 4092
1439 0 3 0 3962 3965
1440 4051 0 0 2 4053
1441 0 0 4020 0 4020
1442 1 9 0 3877 3887
1443 1 0 3924 0 3925
1444 3949 0 3 0 3952
1445 0 3911 0 0 3911
1446 3940 0 2 0 3942
1447 3909 0 1 0 3910
1448 0 0 3866 0 3866
1449 3843 0 0 0 3843
1450 3798 0 0 0 3798
1451 3750 0 0 0 3750
1452 0 0 0 3746 3746
1453 8 0 3746 0 3754
1454 1 1 0 3626 3628
1455 3768 0 1 0 3769
1456 3748 0 0 0 3748
1457 0 0 0 3666 3666
1458 0 0 0 3710 3710
1459 1 0 3717 0 3718
1460 3706 0 2 1 3709
1461 0 3750 0 0 3750
1462 2 0 3758 0 3760
1463 3668 0 0 0 3668
1464 0 3078 0 690 3768
1465 0 3 0 3781 3784
1466 0 1 0 3784 3785
1467 0 11 0 3764 3775
1468 3796 0 1 0 3797
1469 0 0 3718 0 3718
1470 0 3680 0 0 3680
1471 0 0 0 3660 3660
1472 1 3626 0 0 3627
1473 0 0 0 3668 3668
1474 3616 0 0 0 3616
1475 3 3611 0 0 3614
1476 0 11 0 3670 3681
1477 0 0 3657 0 3657
1478 3615 0 0 0 3615
1479 3617 0 0 0 3617
1480 3630 0 0 0 3630
1481 0 3596 0 0 3596
1482 3571 0 0 2 3573
1483 0 5 3541 0 3546
1484 3541 0 0 0 3541
1485 3533 0 4 0 3537
1486 3551 0 0 0 3551
1487 3536 0 0 0 3536
1488 3527 0 1 0 3528
1489 1 0 3407 0 3408
1490 0 0 0 3085 3085
1491 3348 0 0 1 3349
1492 0 0 0 3315 3315
1493 0 3359 0 1 3360
1494 0 3358 0 0 3358
1495 3395 0 0 0 3395
1496 0 0 0 3388 3388
1497 3386 0 0 0 3386
1498 3344 0 6 0 3350
1499 0 3284 0 0 3284
1500 3287 0 2 0 3289
1501 3271 0 0 0 3271
1502 3260 0 0 0 3260
1503 3233 0 0 5 3238
1504 3239 0 0 0 3239
1505 3220 0 0 3 3223
1506 1 0 0 3125 3126
1507 0 3200 0 2 3202
1508 0 0 0 3156 3156
1509 0 0 0 3183 3183
1510 3166 0 4 0 3170
1511 0 0 3105 0 3105
1512 0 3099 1 0 3100
1513 3 0 0 3052 3055
1514 0 0 0 3053 3053
1515 3055 0 0 0 3055
1516 3037 0 0 0 3037
1517 0 0 0 3137 3137
1518 3192 0 0 0 3192
1519 3182 0 0 0 3182
1520 3175 0 0 0 3175
1521 3147 1 0 1 3149
1522 3109 0 2 0 3111
1523 0 0 3029 0 3029
1524 0 0 2995 0 2995
1525 3017 0 4 0 3021
1526 0 3032 0 2 3034
1527 0 2 0 3023 3025
1528 1 0 3025 0 3026
1529 0 0 2998 0 2998
1530 3056 0 1 0 3057
1531 0 0 2978 0 2978
1532 3016 1 0 0 3017
1533 3023 0 0 1 3024
1534 0 0 2995 0 2995
1535 0 2 0 2880 2882
1536 1 2982 0 18 3001
1537 3042 0 0 0 3042
1538 0 0 0 3020 3020
1539 2854 0 198 0 3052
1540 3030 0 0 0 3030
1541 1 1 0 3041 3043
1542 0 0 2988 0 2988
1543 0 0 2946 0 2946
1544 5 0 2902 0 2907
1545 2941 0 0 0 2941
1546 0 0 2971 0 2971
1547 0 2951 0 0 2951
1548 0 2 0 3009 3011
1549 3035 0 0 0 3035
1550 3019 0 0 0 3019
1551 0 0 0 2985 2985
1552 0 0 2923 0 2923
1553 2936 0 0 1 2937
1554 0 2937 0 0 2937
1555 1 0 2894 0 2895
1556 0 0 0 2832 2832
1557 2 0 2864 0 2866
1558 2857 0 0 0 2857
1559 3 0 2942 0 2945
1560 0 1 0 2829 2830
1561 1 0 2926 0 2927
1562 2975 0 0 0 2975
1563 3079 0 0 0 3079
1564 0 0 0 3059 3059
1565 0 0 0 3063 3063
1566 3081 0 0 0 3081
1567 2 0 3038 0 3040
1568 3033 0 0 0 3033
1569 3019 0 16 0 3035
1570 0 1 0 3057 3058
1571 0 3065 0 2 3067
1572 3077 0 0 0 3077
1573 0 3122 0 0 3122
1574 3155 0 0 0 3155
1575 3163 0 0 0 3163
1576 1 0 3118 0 3119
1577 0 3149 0 1 3150
1578 3163 0 1 0 3164
1579 0 3189 0 0 3189
1580 3211 0 1 0 3212
1581 14 0 3192 0 3206
1582 3 3209 0 0 3212
1583 0 0 0 3246 3246
1584 0 0 3275 0 3275
1585 3231 0 0 0 3231
1586 0 1 0 3313 3314
1587 1 0 3339 0 3340
1588 3325 0 0 0 3325
1589 0 1 0 3340 3341
1590 3344 0 3 0 3347
1591 3342 1 1 0 3344
1592 1 3330 0 0 3331
1593 3386 0 0 0 3386
1594 0 0 0 3370 3370
1595 3369 0 0 0 3369
1596 3 0 0 3382 3385
1597 3 0 3400 0 3403
1598 3353 0 0 0 3353
1599 0 2 0 3326 3328
1600 3371 0 0 0 3371
1601 0 3355 0 0 3355
1602 3318 0 0 0 3318
1603 0 3386 0 0 3386
1604 1 3384 0 0 3385
1605 1 0 0 3429 3430
1606 3447 0 0 0 3447
1607 3408 0 0 0 3408
1608 3383 0 0 0 3383
1609 3383 0 0 0 3383
1610 0 0 2 3336 3338
1611 0 0 3354 2 3356
1612 7 0 0 3147 3154
1613 0 0 3337 0 3337
1614 4 0 3329 0 3333
1615 0 0 3327 0 3327
1616 3315 0 0 0 3315
1617 3344 0 0 0 3344
1618 3385 0 0 0 3385
1619 0 0 0 3394 3394
1620 1 0 3392 0 3393
1621 0 0 3566 0 3566
1622 1 0 3814 0 3815
1623 3845 0 1 0 3846
1624 3857 0 0 0 3857
1625 2 3891 0 0 3893
1626 3968 0 0 0 3968
1627 3902 0 0 0 3902
1628 1 3872 0 0 3873
1629 0 3956 0 0 3956
1630 4202 0 0 0 4202
1631 4224 0 3 0 4227
1632 3894 0 346 0 4240
1633 0 0 4178 0 4178
1634 4217 0 0 0 4217
1635 4267 0 2 1 4270
1636 0 4326 0 0 4326
1637 0 1 0 4307 4308
1638 2 0 4313 0 4315
1639 1 0 4355 0 4356
1640 1 1 0 4191 4193
1641 480 0 3898 0 4378
1642 0 4420 0 1 4421
1643 4593 0 2 0 4595
1644 4565 0 2 0 4567
1645 4543 0 1 0 4544
1646 4503 0 0 0 4503
1647 0 4528 0 1 4529
1648 4409 0 0 0 4409
1649 0 4574 2 0 4576
1650 0 3 0 4534 4537
1651 0 0 0 4603 4603
1652 4593 0 8 0 4601
1653 0 0 0 4550 4550
1654 0 4608 0 0 4608
1655 4629 0 2 1 4632
1656 4592 0 0 1 4593
1657 0 0 0 4623 4623
1658 0 0 4663 0 4663
1659 0 0 4616 0 4616
1660 0 0 4633 1 4634
1661 2 0 0 4432 4434
1662 1 0 4611 1 4613
1663 1 4720 0 0 4721
1664 0 2 0 4811 4813
1665 4458 0 411 0 4869
1666 4934 0 0 0 4934
1667 4992 0 0 0 4992
1668 5015 0 0 0 5015
1669 5015 0 0 0 5015
1670 4959 0 0 10 4969
1671 0 5080 0 0 5080
1672 0 1 1 5003 5005
1673 0 0 0 5077 5077
1674 6 0 5069 0 5075
1675 0 0 5209 0 5209
1676 0 1 0 5089 5090
1677 1090 1 4120 0 5211
1678 5426 0 11 0 5437
1679 4 5425 0 0 5429
1680 5500 0 2 0 5502
1681 1 5589 0 1 5591
1682 0 0 0 5692 5692
1683 497 0 5203 3 5703
1684 5677 0 1 1 5679
1685 5727 0 3 0 5730
1686 0 0 5751 0 5751
1687 0 0 5694 1 5695
1688 2 5908 0 0 5910
1689 0 0 0 5892 5892
1690 1 5978 1 2 5982
1691 6000 2 1 1 6004
1692 0 0 6140 0 6140
1693 0 1 0 6054 6055
1694 0 0 1 6115 6116
1695 0 0 0 6130 6130
1696 0 6149 0 9 6158
1697 0 2 0 6159 6161
1698 0 0 0 6178 6178
1699 0 6193 0 1 6194
1700 0 0 0 6218 6218
1701 6189 0 0 0 6189
1702 0 0 6243 0 6243
1703 5 0 6208 0 6213
1704 6125 0 32 0 6157
1705 6237 2 2 0 6241
1706 6291 0 0 0 6291
1707 6310 0 0 2 6312
1708 0 0 6330 0 6330
1709 6286 0 6 4 6296
1710 2 0 6364 0 6366
1711 0 0 6327 0 6327
1712 6429 0 0 0 6429
1713 534 5901 0 2 6437
1714 6485 1 0 0 6486
1715 0 0 0 6499 6499
1716 3 0 6528 0 6531
1717 0 0 0 6480 6480
1718 0 0 0 6445 6445
1719 0 6446 0 0 6446
1720 1 6462 0 6 6469
1721 6505 0 0 0 6505
1722 6426 0 0 0 6426
1723 0 0 0 6531 6531
1724 1 2 6493 0 6496
1725 0 0 6459 0 6459
1726 2 0 6468 0 6470
1727 6427 0 0 0 6427
1728 1 1 0 6439 6441
1729 0 0 6512 0 6512
1730 0 6468 0 2 6470
1731 6553 0 0 0 6553
1732 0 0 1 6563 6564
1733 5 8 0 6599 6612
1734 2 1 1 6621 6625
1735 1 0 6603 0 6604
1736 6540 0 0 0 6540
1737 6556 0 0 0 6556
1738 8 0 6552 1 6561
1739 0 6555 0 1 6556
1740 6734 0 0 0 6734
1741 1 0 0 6811 6812
1742 0 0 0 6860 6860
1743 0 7 1 6953 6961
1744 0 0 6858 1 6859
1745 6858 0 0 1 6859
1746 2 0 6876 0 6878
1747 6819 1 1 1 6822
1748 7 1 6834 0 6842
1749 0 6838 0 0 6838
1750 6950 0 0 0 6950
1751 0 0 0 6975 6975
1752 6977 0 0 0 6977
1753 6883 0 0 0 6883
1754 0 0 0 6904 6904
1755 0 2 0 6843 6845
1756 0 6783 0 1 6784
1757 1 6797 0 0 6798
1758 0 0 0 6803 6803
1759 0 6887 0 1 6888
1760 6939 1 0 0 6940
1761 0 0 6940 0 6940
1762 6930 0 1 0 6931
1763 6964 1 1 0 6966
1764 6961 0 1 0 6962
1765 6902 0 1 0 6903
1766 0 6 0 6912 6918
1767 1 0 6887 0 6888
1768 40 0 6794 0 6834
1769 0 6718 0 3 6721
1770 0 1 0 6751 6752
1771 0 1 6833 0 6834
1772 0 0 6824 0 6824
1773 0 3 0 6733 6736
1774 0 6756 0 0 6756
1775 6756 1 0 0 6757
1776 0 0 6819 0 6819
1777 1 0 0 6686 6687
1778 6745 0 1 0 6746
1779 0 6737 0 1 6738
1780 6731 0 1 0 6732
1781 0 0 6812 1 6813
1782 0 0 0 6707 6707
1783 1 1 6756 1 6759
1784 2 0 6791 1 6794
1785 6580 1 0 0 6581
1786 2 0 1 6649 6652
1787 0 0 1 6765 6766
1788 0 2 0 6785 6787
1789 1 0 6684 0 6685
1790 0 6689 0 3 6692
1791 6826 0 0 0 6826
1792 6818 0 0 0 6818
1793 0 0 6742 0 6742
1794 6691 0 0 1 6692
1795 0 0 6661 0 6661
1796 2 6681 0 1 6684
1797 6766 1 0 0 6767
1798 6 0 6730 2 6738
1799 6 0 0 6635 6641
1800 2 0 6733 1 6736
1801 0 6713 0 1 6714
1802 0 0 0 6785 6785
1803 3 6826 3 2 6834
1804 6852 0 1 1 6854
1805 6857 2 0 0 6859
1806 6862 0 2 0 6864
1807 0 6815 0 0 6815
1808 6868 0 0 1 6869
1809 6786 0 0 0 6786
1810 6757 0 0 1 6758
1811 0 0 0 6768 6768
1812 0 0 6756 0 6756
1813 6672 0 0 0 6672
1814 0 0 6697 0 6697
1815 6649 0 49 0 6698
1816 0 0 6675 1 6676
1817 6591 0 16 3 6610
1818 0 6603 0 0 6603
1819 0 6631 0 1 6632
1820 6649 0 3 0 6652
1821 0 7 6673 0 6680
1822 0 0 6636 0 6636
1823 6529 0 0 0 6529
1824 1 0 6634 0 6635
1825 6 0 6680 0 6686
1826 0 4 0 5947 5951
1827 0 0 1 6446 6447
1828 6556 0 0 0 6556
1829 0 0 1 6889 6890
1830 1 0 6792 1 6794
1831 6797 0 10 1 6808
1832 6859 0 2 0 6861
1833 6899 0 0 0 6899
1834 6871 0 0 6 6877
1835 1 6890 0 0 6891
1836 0 9 1 6828 6838
1837 1 0 6784 0 6785
1838 6749 0 8 2 6759
1839 0 6814 0 2 6816
1840 0 6805 0 7 6812
1841 6745 0 0 12 6757
1842 0 0 6845 0 6845
1843 0 2 1 6669 6672
1844 0 6 0 6776 6782
1845 0 6792 0 0 6792
1846 6824 0 0 2 6826
1847 1 0 0 6836 6837
1848 6817 0 0 1 6818
1849 6767 0 0 0 6767
1850 6639 12 5 0 6656
1851 0 0 6667 0 6667
1852 1 0 0 6212 6213
1853 1 0 0 6532 6533
1854 2 0 6489 0 6491
1855 1 6486 0 2 6489
1856 0 3 0 6511 6514
1857 29 0 6438 0 6467
1858 1 6372 0 1 6374
1859 1 6442 0 1 6444
1860 0 2 2 6560 6564
1861 2 1 0 6652 6655
1862 0 0 0 6643 6643
1863 0 7 1 6555 6563
1864 0 2 0 6595 6597
1865 0 0 6442 0 6442
1866 0 0 0 6272 6272
1867 0 0 0 6347 6347
1868 0 0 0 6404 6404
1869 0 6340 0 3 6343
1870 0 0 0 6267 6267
1871 0 6212 0 0 6212
1872 6171 0 3 0 6174
1873 1 6265 0 1 6267
1874 0 6257 0 0 6257
1875 6079 0 73 0 6152
1876 0 6246 0 0 6246
1877 1 6304 0 1 6306
1878 6282 10 4 0 6296
1879 6218 0 0 0 6218
1880 6276 0 0 2 6278
1881 6253 0 0 0 6253
1882 1 373 3 5830 6207
1883 0 0 0 6235 6235
1884 6270 0 0 0 6270
1885 6254 0 1 2 6257
1886 0 0 6206 2 6208
1887 1 0 6159 0 6160
1888 6046 0 1 0 6047
1889 0 0 6076 1 6077
1890 2 6042 0 1 6045
1891 6126 0 0 0 6126
1892 6134 0 1 0 6135
1893 0 7 0 6093 6100
1894 0 0 6130 0 6130
1895 2 0 6124 0 6126
1896 0 0 6126 0 6126
1897 0 0 6076 8 6084
1898 6043 0 2 0 6045
1899 0 0 6094 0 6094
1900 1 5979 0 2 5982
1901 1 6089 0 4 6094
1902 0 0 0 6197 6197
1903 0 0 0 6175 6175
1904 6044 0 2 0 6046
1905 0 0 0 6031 6031
1906 0 6008 0 1 6009
1907 6008 0 0 1 6009
1908 5920 0 40 0 5960
1909 0 0 0 5952 5952
1910 1 2 0 6023 6026
1911 1 5981 0 0 5982
1912 1 3 1 5963 5968
1913 0 0 0 5973 5973
1914 5905 1 0 1 5907
1915 5846 1 3 1 5851
1916 5710 1 5 0 5716
1917 5669 1 1 0 5671
1918 20 5676 0 0 5696
1919 0 0 0 5633 5633
1920 0 1 1 5716 5718
1921 0 0 5668 0 5668
1922 2 0 0 5529 5531
1923 5610 0 0 0 5610
1924 0 0 0 5655 5655
1925 0 0 0 5677 5677
1926 38 0 5435 3 5476
1927 5445 0 0 0 5445
1928 5525 0 0 0 5525
1929 5481 0 1 0 5482
1930 0 0 5464 0 5464
1931 0 0 5435 0 5435
1932 5285 0 0 0 5285
1933 0 0 5330 1 5331
1934 0 0 5177 1 5178
1935 3851 0 1256 0 5107
1936 1 0 5070 2 5073
1937 2 0 5061 5 5068
1938 546 1 4530 3 5080
1939 11 0 5489 0 5500
1940 5680 0 1 0 5681
1941 5724 0 0 0 5724
1942 5728 0 1 0 5729
1943 5719 0 0 4 5723
1944 6 0 1 5665 5672
1945 0 2 2 5641 5645
1946 1 0 0 5666 5667
1947 1 5621 0 1 5623
1948 5780 0 1 1 5782
1949 0 0 0 5679 5679
1950 0 5711 0 32 5743
1951 0 0 5713 7 5720
1952 5593 0 2 0 5595
1953 5605 0 1 1 5607
1954 0 0 5642 0 5642
1955 0 0 0 5423 5423
1956 5551 0 9 0 5560
1957 5573 1 0 0 5574
1958 0 0 5598 0 5598
1959 2 0 5552 4 5558
1960 5537 0 3 0 5540
1961 5537 0 2 0 5539
1962 5538 0 2 0 5540
1963 0 0 5481 2 5483
1964 1 0 5411 1 5413
1965 0 0 5423 0 5423
1966 0 0 0 5205 5205
1967 0 5304 0 1 5305
1968 0 0 0 5270 5270
1969 1 5285 0 1 5287
1970 0 5338 0 1 5339
1971 0 1 0 5294 5295
1972 0 5303 0 0 5303
1973 0 1 0 5321 5322
1974 5263 0 3 0 5266
1975 1 0 0 5218 5219
1976 0 0 0 5191 5191
1977 0 0 0 5193 5193
1978 0 0 0 5107 5107
1979 0 5105 0 4 5109
1980 0 5102 2 0 5104
1981 0 0 0 4936 4936
1982 4931 0 0 1 4932
1983 0 0 0 4907 4907
1984 4925 0 0 0 4925
1985 4886 0 0 0 4886
1986 0 0 3 4780 4783
1987 2 4780 0 0 4782
1988 1 4770 0 1 4772
1989 4754 0 0 0 4754
1990 0 4732 0 1 4733
1991 4810 0 0 0 4810
1992 4768 0 0 0 4768
1993 4692 0 1 0 4693
1994 0 4758 0 0 4758
1995 4754 0 0 0 4754
1996 0 3 4673 0 4676
1997 4693 0 0 0 4693
1998 4665 0 0 0 4665
1999 6 0 4607 0 4613
2000 0 1 0 4465 4466
2001 0 4537 0 0 4537
2002 7 4542 1 9 4559
2003 0 2 0 4593 4595
2004 4647 0 1 0 4648
2005 4572 0 1 0 4573
2006 0 4577 0 0 4577
2007 0 1 0 4531 4532
2008 4604 0 0 0 4604
2009 0 0 0 4540 4540
2010 4579 0 0 0 4579
2011 0 0 2 4472 4474
2012 0 0 4469 0 4469
2013 0 4445 1 6 4452
2014 4 0 4441 0 4445
2015 4 0 4406 1 4411
2016 0 4422 0 1 4423
2017 4486 0 1 1 4488
2018 3 0 4521 0 4524
2019 4487 0 0 0 4487
2020 4461 0 0 0 4461
2021 0 0 0 4454 4454
2022 6 0 4442 0 4448
2023 4382 0 0 0 4382
2024 0 1 0 4445 4446
2025 0 1 4451 0 4452
2026 0 1 0 4407 4408
2027 0 4399 0 2 4401
2028 4425 0 0 1 4426
2029 0 3 0 4414 4417
2030 0 0 1 4461 4462
2031 4426 0 0 0 4426
2032 4384 0 1 1 4386
2033 4388 0 1 0 4389
2034 4383 0 0 0 4383
2035 0 0 4370 0 4370
2036 1 0 4476 1 4478
2037 0 0 4475 0 4475
2038 4475 0 3 1 4479
2039 4518 0 1 0 4519
2040 4543 0 0 0 4543
2041 4516 0 0 0 4516
2042 0 0 0 4441 4441
2043 0 0 0 4491 4491
2044 0 0 4474 2 4476
2045 4423 0 0 0 4423
2046 4391 7 0 0 4398
2047 1 0 4385 0 4386
2048 4649 0 2 1 4652
2049 0 0 1 4629 4630
2050 2 0 4619 0 4621
2051 4576 0 0 4 4580
2052 4530 0 0 0 4530
2053 1 0 4511 0 4512
2054 4509 0 1 0 4510
2055 4491 0 0 0 4491
2056 4505 0 1 0 4506
2057 4 0 4448 1 4453
2058 0 0 4400 0 4400
2059 4415 0 0 1 4416
2060 4463 0 0 0 4463
2061 0 1 0 4394 4395
2062 4434 0 0 0 4434
2063 0 0 4404 0 4404
2064 4410 0 0 0 4410
2065 0 1 2 4284 4287
2066 0 4306 0 41 4347
2067 4362 0 0 0 4362
2068 4311 0 0 0 4311
2069 0 5 0 4395 4400
2070 0 0 4390 3 4393
2071 0 1 4339 0 4340
2072 1 0 4226 0 4227
2073 1 0 4245 0 4246
2074 4273 0 0 0 4273
2075 4288 0 1 0 4289
2076 0 0 0 4227 4227
2077 1 0 4193 0 4194
2078 0 4133 0 8 4141
2079 4174 0 1 0 4175
2080 0 0 4190 0 4190
2081 0 0 0 4016 4016
2082 4123 0 0 0 4123
2083 0 0 1 4064 4065
2084 0 1 0 4033 4034
2085 4060 0 0 0 4060
2086 0 0 3972 0 3972
2087 0 3931 0 2 3933
2088 3876 0 1 1 3878
2089 0 0 3795 1 3796
2090 1 0 3700 1 3702
2091 0 3716 0 3 3719
2092 0 1 0 3714 3715
2093 0 0 0 3716 3716
2094 0 0 0 3695 3695
2095 0 3709 0 0 3709
2096 1 0 0 3678 3679
2097 0 3689 0 0 3689
2098 0 0 3671 0 3671
2099 0 0 0 3638 3638
2100 0 0 0 3666 3666
2101 3647 0 0 0 3647
2102 0 0 3648 0 3648
2103 0 0 0 3560 3560
2104 1 0 3603 0 3604
2105 3 0 3555 0 3558
2106 0 3554 0 2 3556
2107 3588 0 0 6 3594
2108 3586 0 1 0 3587
2109 13 0 3590 0 3603
2110 0 1 0 3454 3455
2111 3562 0 1 0 3563
2112 0 0 0 3535 3535
2113 3 0 3506 0 3509
2114 3452 0 0 1 3453
2115 0 3454 3 0 3457
2116 0 3420 0 0 3420
2117 1 3411 0 0 3412
2118 3442 0 2 0 3444
2119 2 0 3384 0 3386
2120 3308 0 0 0 3308
2121 1 0 0 3220 3221
2122 0 3301 0 0 3301
2123 0 1 0 3259 3260
2124 0 0 0 3281 3281
2125 0 0 3281 0 3281
2126 0 0 3223 0 3223
2127 3212 0 0 0 3212
2128 0 0 3196 0 3196
2129 3200 0 0 0 3200
2130 0 6 0 3153 3159
2131 0 0 2 3153 3155
2132 1 0 0 3119 3120
2133 0 3125 0 5 3130
2134 3130 0 1 0 3131
2135 3057 0 0 0 3057
2136 3028 0 0 0 3028
2137 2951 0 0 0 2951
2138 1 2964 0 0 2965
2139 0 0 0 2928 2928
2140 2938 0 0 0 2938
2141 0 2 0 2915 2917
2142 0 0 0 2913 2913
2143 0 0 2875 0 2875
2144 2846 0 2 0 2848
2145 2854 0 0 0 2854
2146 3 0 2799 0 2802
2147 2773 0 0 0 2773
2148 2724 0 0 1 2725
2149 14 2726 0 0 2740
2150 0 0 1 2694 2695
2151 0 1 0 2697 2698
2152 0 0 2675 0 2675
2153 2662 0 0 0 2662
2154 2681 0 1 0 2682
2155 2666 0 0 0 2666
2156 2597 0 0 0 2597
2157 2 0 2527 0 2529
2158 2 2460 0 0 2462
2159 0 0 0 2473 2473
2160 0 0 2435 0 2435
2161 2426 0 0 0 2426
2162 2405 0 0 0 2405
2163 2314 0 0 0 2314
2164 0 2282 0 0 2282
2165 1 2265 0 0 2266
2166 2282 0 2 0 2284
2167 1 0 2259 0 2260
2168 0 0 2146 0 2146
2169 1 0 2145 0 2146
2170 0 0 2132 0 2132
2171 2112 0 0 0 2112
2172 2117 0 0 0 2117
2173 2093 0 0 0 2093
2174 1782 0 281 0 2063
2175 8 0 1995 0 2003
2176 3 0 1903 0 1906
2177 2 1899 0 0 1901
2178 1934 0 1 0 1935
2179 1939 0 0 0 1939
2180 1900 0 0 0 1900
2181 1 1890 0 0 1891
2182 2264 0 0 0 2264
2183 0 0 0 2205 2205
2184 0 2233 0 0 2233
2185 0 1 0 2218 2219
2186 0 0 0 2229 2229
2187 0 0 2213 0 2213
2188 0 2175 0 0 2175
2189 0 0 0 2151 2151
2190 0 0 0 2119 2119
2191 0 1 2 2103 2106
2192 2109 0 0 0 2109
2193 0 0 1 2071 2072
2194 1 2065 0 8 2074
2195 2070 0 0 0 2070
2196 2063 0 0 0 2063
2197 0 0 2062 0 2062
2198 0 0 2024 0 2024
2199 1999 0 0 0 1999
2200 2025 0 0 0 2025
2201 1999 0 0 0 1999
2202 1970 0 0 0 1970
2203 1 1979 0 0 1980
2204 0 1988 0 0 1988
2205 1989 0 0 0 1989
2206 0 0 1985 0 1985
2207 0 0 0 1925 1925
2208 0 0 1 1924 1925
2209 1919 0 0 1 1920
2210 1904 0 0 0 1904
2211 1910 0 0 0 1910
2212 62 0 1819 0 1881
2213 0 0 0 1823 1823
2214 1879 0 1 0 1880
2215 1 0 1883 0 1884
2216 0 0 0 1807 1807
2217 1 0 1842 0 1843
2218 1857 0 1 0 1858
2219 1855 0 0 0 1855
2220 1852 0 0 0 1852
2221 1829 0 0 0 1829
2222 0 0 1808 0 1808
2223 98 0 1678 0 1776
2224 1767 0 0 0 1767
2225 1758 0 0 0 1758
2226 1755 0 1 0 1756
2227 1747 0 2 0 1749
2228 0 0 1730 0 1730
2229 0 0 1722 0 1722
2230 0 16 0 1575 1591
2231 1720 0 3 0 1723
2232 0 0 0 1689 1689
2233 1682 0 3 0 1685
2234 0 0 1674 0 1674
2235 0 0 1 1638 1639
2236 0 0 1638 8 1646
2237 1 1635 0 0 1636
2238 0 14 0 1655 1669
2239 0 14 0 1649 1663
2240 0 0 0 1652 1652
2241 0 0 1622 0 1622
2242 0 0 0 1599 1599
2243 0 1569 0 0 1569
2244 0 1598 0 0 1598
2245 1566 0 26 0 1592
2246 1596 0 0 0 1596
2247 0 0 1 1613 1614
2248 0 0 1601 0 1601
2249 1579 0 0 0 1579
2250 1 1589 0 0 1590
2251 1592 0 0 0 1592
2252 0 3 0 1573 1576
2253 0 0 0 1573 1573
2254 0 0 0 1562 1562
2255 0 1554 0 0 1554
2256 1568 0 0 0 1568
2257 0 1572 0 0 1572
2258 1549 0 2 0 1551
2259 1503 0 10 0 1513
2260 0 0 1527 0 1527
2261 0 0 1500 0 1500
2262 1511 0 0 0 1511
2263 1513 0 1 0 1514
2264 0 0 1 1498 1499
2265 0 12 1 1469 1482
2266 1495 0 3 1 1499
2267 1487 0 3 0 1490
2268 0 0 1470 0 1470
2269 1459 0 0 0 1459
2270 5 0 1432 0 1437
2271 1425 0 0 0 1425
2272 0 1408 0 0 1408
2273 1443 0 0 0 1443
2274 1428 0 0 0 1428
2275 1423 0 0 0 1423
2276 0 0 1318 0 1318
2277 1330 0 0 0 1330
2278 1318 0 0 0 1318
2279 0 0 0 1318 1318
2280 0 0 1298 0 1298
2281 1283 0 0 0 1283
2282 1 1293 0 0 1294
2283 1272 0 2 0 1274
2284 0 0 1274 0 1274
2285 0 0 0 1263 1263
2286 0 0 0 1252 1252
2287 0 0 1244 0 1244
2288 1231 0 9 0 1240
2289 238 0 979 0 1217
2290 0 0 0 1123 1123
2291 0 1132 0 0 1132
2292 1 348 0 787 1136
2293 1118 0 1 0 1119
2294 0 0 0 1134 1134
2295 0 0 1119 0 1119
2296 0 0 1082 0 1082
2297 0 0 1078 0 1078
2298 0 0 1077 0 1077
2299 0 0 0 1043 1043
2300 0 0 1071 0 1071
2301 0 0 1070 0 1070
2302 0 0 1039 0 1039
2303 0 1000 2 0 1002
2304 0 1001 0 0 1001
2305 0 0 0 1022 1022
2306 0 0 0 1028 1028
2307 0 0 1033 0 1033
2308 1004 0 0 0 1004
2309 0 0 1012 0 1012
2310 0 963 0 0 963
2311 0 0 0 969 969
2312 972 0 0 0 972
2313 962 0 0 0 962
2314 0 0 0 48 48
