0 0 0 0 0 0
1 1371 0 0 0 1371
2 0 0 0 1376 1376
3 0 0 1382 0 1382
4 1404 0 0 0 1404
5 0 1443 0 0 1443
6 1468 0 0 0 1468
7 0 0 0 1468 1468
8 0 0 0 1475 1475
9 1497 0 0 0 1497
10 0 0 1456 0 1456
11 0 1605 0 0 1605
12 13 1644 0 41 1698
13 1734 0 0 0 1734
14 1721 0 0 0 1721
15 1721 1 0 3 1725
16 1737 0 0 0 1737
17 0 16 0 1725 1741
18 0 0 0 1759 1759
19 0 0 1748 0 1748
20 1747 1 0 0 1748
21 1753 0 0 0 1753
22 0 0 0 1767 1767
23 47 0 0 1729 1776
24 11 0 1748 0 1759
25 0 0 0 1782 1782
26 0 0 0 1795 1795
27 1816 0 0 0 1816
28 1805 0 0 0 1805
29 1784 2 10 0 1796
30 1502 64 220 0 1786
31 0 1841 0 0 1841
32 1844 0 0 1 1845
33 1841 0 1 0 1842
34 0 1849 0 0 1849
35 0 0 0 1854 1854
36 0 0 1837 2 1839
37 0 1847 0 0 1847
38 0 0 0 1896 1896
39 1863 0 0 0 1863
40 1863 0 0 0 1863
41 0 0 1907 0 1907
42 0 0 1999 0 1999
43 0 0 2026 0 2026
44 2057 0 0 0 2057
45 0 2096 0 1 2097
46 2148 0 1 0 2149
47 2139 0 0 1 2140
48 0 0 0 2157 2157
49 0 0 2134 0 2134
50 2133 0 1 0 2134
51 0 0 2185 0 2185
52 3 0 2382 0 2385
53 0 2390 2 0 2392
54 0 2513 0 0 2513
55 2634 0 2 1 2637
56 2686 0 0 0 2686
57 2696 2 0 0 2698
58 2658 0 0 0 2658
59 0 2779 0 1 2780
60 2792 0 0 1 2793
61 1 0 2797 0 2798
62 0 0 0 2816 2816
63 0 0 0 2940 2940
64 0 1 0 2956 2957
65 0 0 0 2996 2996
66 0 0 2960 0 2960
67 2975 0 8 1 2984
68 3007 3 0 0 3010
69 0 0 2967 1 2968
70 0 3028 0 3 3031
71 3092 0 0 0 3092
72 3067 0 0 0 3067
73 3099 0 0 1 3100
74 0 3127 0 0 3127
75 3149 0 0 0 3149
76 3105 0 0 0 3105
77 9 3114 0 0 3123
78 3158 0 0 0 3158
79 0 0 3125 0 3125
80 0 1 0 3102 3103
81 3155 0 0 0 3155
82 0 0 3169 0 3169
83 3046 91 42 0 3179
84 0 3196 0 0 3196
85 0 3251 0 0 3251
86 3336 0 0 0 3336
87 3299 0 2 2 3303
88 0 0 0 3320 3320
89 3344 0 0 0 3344
90 1 0 0 3376 3377
91 3381 0 0 0 3381
92 3398 0 0 15 3413
93 0 3410 0 0 3410
94 3441 0 0 0 3441
95 0 0 0 3449 3449
96 3464 0 0 0 3464
97 3493 0 0 0 3493
98 0 1 0 3482 3483
99 3525 0 0 0 3525
100 3727 0 0 0 3727
101 0 0 3930 0 3930
102 4023 0 0 0 4023
103 4038 1 22 0 4061
104 4109 0 1 0 4110
105 4107 0 0 0 4107
106 2 0 0 4074 4076
107 0 0 0 4082 4082
108 9 4093 1 4 4107
109 4150 0 4 0 4154
110 4161 0 0 0 4161
111 0 0 0 4142 4142
112 4105 0 4 0 4109
113 1 4161 0 0 4162
114 4178 0 0 0 4178
115 0 0 0 4105 4105
116 0 4236 0 0 4236
117 4321 0 9 0 4330
118 4329 0 1 0 4330
119 0 0 4296 0 4296
120 0 0 4257 0 4257
121 4238 0 3 0 4241
122 0 1 0 4308 4309
123 0 0 0 4397 4397
124 1 0 4393 0 4394
125 3988 0 436 0 4424
126 4482 0 0 0 4482
127 4485 0 0 0 4485
128 4446 0 14 0 4460
129 0 2 4434 0 4436
130 4489 0 0 0 4489
131 4456 0 0 0 4456
132 0 0 0 4460 4460
133 0 4440 0 0 4440
134 0 4452 0 0 4452
135 0 0 0 4507 4507
136 0 0 0 4488 4488
137 0 4566 0 0 4566
138 4629 0 0 0 4629
139 1 3375 0 0 3376
140 0 0 0 3394 3394
141 3410 0 1 0 3411
142 3407 2 3 0 3412
143 0 0 3409 0 3409
144 0 0 3397 0 3397
145 3411 0 0 0 3411
146 3 0 0 3436 3439
147 1191 0 2277 0 3468
148 3494 1 1 1 3497
149 3513 0 0 0 3513
150 0 0 3333 0 3333
151 0 0 0 3231 3231
152 0 0 3234 0 3234
153 0 0 3156 0 3156
154 0 0 3178 1 3179
155 0 3321 0 0 3321
156 0 3412 0 0 3412
157 3453 18 0 2 3473
158 0 0 0 3485 3485
159 1253 0 2239 0 3492
160 1 0 0 3467 3468
161 0 0 3532 4 3536
162 0 0 0 3511 3511
163 0 0 1 3627 3628
164 0 3663 0 0 3663
165 0 0 1 3721 3722
166 3712 0 0 0 3712
167 3711 0 0 1 3712
168 0 3762 0 30 3792
169 0 0 0 3973 3973
170 0 1 0 3981 3982
171 0 1 0 3966 3967
172 0 3949 0 6 3955
173 0 3930 0 0 3930
174 0 4218 0 0 4218
175 0 5 0 4189 4194
176 0 0 0 4220 4220
177 0 0 4155 0 4155
178 1 0 4106 0 4107
179 0 4208 0 0 4208
180 0 1 0 4174 4175
181 0 4242 0 0 4242
182 0 8 0 4258 4266
183 4260 0 0 0 4260
184 4066 0 0 0 4066
185 0 4048 0 0 4048
186 0 4051 0 1 4052
187 4072 0 0 0 4072
188 4044 0 0 0 4044
189 0 0 2841 1 2842
190 31 0 2789 1 2821
191 0 0 2800 0 2800
192 0 2876 0 1 2877
193 1 0 2869 0 2870
194 2860 0 0 0 2860
195 0 2 0 2862 2864
196 2905 0 0 0 2905
197 0 10 0 2932 2942
198 0 0 2945 0 2945
199 0 0 2914 1 2915
200 0 2949 0 0 2949
201 2960 0 0 0 2960
202 2946 0 0 0 2946
203 2935 0 0 0 2935
204 0 2945 0 1 2946
205 2986 0 0 0 2986
206 0 0 2964 0 2964
207 2963 0 0 0 2963
208 2951 0 0 0 2951
209 0 2 0 2949 2951
210 4 2920 0 2 2926
211 0 2888 0 1 2889
212 0 2907 0 0 2907
213 0 2988 0 0 2988
214 0 0 0 2993 2993
215 0 0 0 3015 3015
216 0 0 2996 1 2997
217 0 1 2965 0 2966
218 2908 1 0 0 2909
219 2946 0 1 0 2947
220 1 0 0 2998 2999
221 2984 0 0 0 2984
222 0 3006 0 0 3006
223 3006 1 0 0 3007
224 2981 0 0 2 2983
225 2938 1 0 0 2939
226 531 0 2398 0 2929
227 0 0 2920 0 2920
228 1 0 2919 0 2920
229 2940 0 0 1 2941
230 0 1 0 2987 2988
231 3024 0 0 0 3024
232 0 3044 0 0 3044
233 3031 1 0 0 3032
234 3031 0 0 0 3031
235 0 3054 0 0 3054
236 0 1 0 3007 3008
237 0 1 0 3059 3060
238 3098 0 0 0 3098
239 3091 0 1 0 3092
240 3055 0 0 0 3055
241 3024 0 0 0 3024
242 0 3023 0 0 3023
243 3053 0 5 0 3058
244 3043 0 0 0 3043
245 2980 0 0 0 2980
246 18 1 0 2920 2939
247 0 0 2933 0 2933
248 0 2940 0 1 2941
249 0 0 0 2999 2999
250 0 0 2994 0 2994
251 2996 0 0 0 2996
252 2969 0 0 0 2969
253 1 0 2982 0 2983
254 2912 5 1 0 2918
255 0 2953 0 0 2953
256 2943 0 0 1 2944
257 0 0 0 2944 2944
258 2998 0 1 0 2999
259 0 0 2961 0 2961
260 0 0 2915 0 2915
261 2935 0 0 0 2935
262 2903 0 0 0 2903
263 0 2919 0 1 2920
264 3 2981 0 1 2985
265 3022 0 0 0 3022
266 3012 1 0 0 3013
267 2969 0 0 0 2969
268 0 0 2939 0 2939
269 1 0 2911 0 2912
270 0 2896 0 13 2909
271 0 2948 0 0 2948
272 2972 0 0 0 2972
273 2968 0 0 0 2968
274 2968 0 0 0 2968
275 1 1 0 2947 2949
276 0 0 2949 0 2949
277 0 2 0 2834 2836
278 0 0 2885 0 2885
279 0 2877 0 0 2877
280 0 1 0 2930 2931
281 0 2894 0 0 2894
282 2941 1 22 0 2964
283 2958 0 1 0 2959
284 0 1 0 2948 2949
285 2958 0 0 0 2958
286 0 0 2954 0 2954
287 0 2883 0 0 2883
288 2962 0 1 0 2963
289 10 0 2923 0 2933
290 0 2842 0 1 2843
291 2864 0 1 0 2865
292 0 0 2882 0 2882
293 0 0 0 2809 2809
294 0 0 0 2837 2837
295 2816 0 0 0 2816
296 4 2825 0 0 2829
297 0 0 0 2833 2833
298 0 3 0 2845 2848
299 1 0 2829 0 2830
300 0 0 2842 0 2842
301 0 0 0 2635 2635
302 1 0 2869 0 2870
303 1 0 2889 0 2890
304 2839 0 0 0 2839
305 2869 0 0 0 2869
306 0 0 0 2877 2877
307 2853 0 1 1 2855
308 0 2907 0 0 2907
309 2919 0 0 0 2919
310 0 0 0 2888 2888
311 2918 0 0 3 2921
312 0 1 1 2870 2872
313 0 0 2893 0 2893
314 0 0 2872 0 2872
315 2811 0 2 0 2813
316 0 2812 4 0 2816
317 0 2818 0 1 2819
318 2881 0 1 0 2882
319 2853 0 0 0 2853
320 0 0 0 2847 2847
321 2873 0 1 0 2874
322 0 0 2864 0 2864
323 0 0 2817 1 2818
324 2789 0 0 0 2789
325 0 0 2808 0 2808
326 2816 0 0 0 2816
327 0 2810 3 1 2814
328 2866 0 0 0 2866
329 0 2872 0 0 2872
330 306 1 2611 12 2930
331 1 0 2909 0 2910
332 2899 0 1 0 2900
333 2889 0 0 0 2889
334 0 0 2931 5 2936
335 1 0 3018 0 3019
336 0 1 0 2844 2845
337 0 2 0 2963 2965
338 0 0 0 3047 3047
339 1 1 0 3082 3084
340 0 0 3064 10 3074
341 3046 0 10 0 3056
342 3050 0 0 0 3050
343 3065 2 1 0 3068
344 0 0 3061 6 3067
345 0 0 3007 0 3007
346 0 0 2997 0 2997
347 0 0 0 2865 2865
348 0 2937 0 0 2937
349 0 0 0 2959 2959
350 2970 0 0 0 2970
351 0 2989 0 0 2989
352 1 0 3005 0 3006
353 2977 0 0 0 2977
354 2991 0 0 0 2991
355 2973 0 0 0 2973
356 0 0 2946 0 2946
357 0 2928 0 0 2928
358 0 4 0 2927 2931
359 0 1 0 2971 2972
360 0 0 0 3028 3028
361 1 0 1 3016 3018
362 0 0 0 2977 2977
363 0 0 0 2871 2871
364 0 2867 0 1 2868
365 0 0 0 2799 2799
366 0 2843 0 0 2843
367 2884 1 0 0 2885
368 3 0 2872 1 2876
369 2856 0 0 1 2857
370 2848 0 0 0 2848
371 2885 0 0 0 2885
372 2843 0 0 0 2843
373 2826 0 0 0 2826
374 0 0 0 2804 2804
375 1 0 2731 1 2733
376 2654 0 0 0 2654
377 0 0 2688 0 2688
378 2653 0 0 0 2653
379 0 2619 0 0 2619
380 1 0 0 2644 2645
381 0 0 3 2706 2709
382 0 0 2703 0 2703
383 2653 0 0 0 2653
384 0 2636 0 2 2638
385 2527 0 1 0 2528
386 2463 0 0 0 2463
387 0 2436 0 0 2436
388 2 0 2449 0 2451
389 0 2381 0 0 2381
390 0 2404 0 0 2404
391 2426 0 1 0 2427
392 0 2449 0 0 2449
393 0 0 0 2416 2416
394 0 0 0 2415 2415
395 0 0 2444 0 2444
396 0 0 2410 0 2410
397 0 0 2378 0 2378
398 0 0 2392 0 2392
399 0 2413 0 1 2414
400 0 2440 0 0 2440
401 2 0 2462 1 2465
402 2 0 2437 0 2439
403 2311 1 0 0 2312
404 0 0 0 2322 2322
405 2321 0 0 0 2321
406 2291 0 11 0 2302
407 0 2338 0 0 2338
408 0 0 0 2286 2286
409 0 0 0 2297 2297
410 0 0 0 2329 2329
411 0 0 0 2356 2356
412 4 0 2284 0 2288
413 0 0 2206 0 2206
414 0 2223 0 5 2228
415 0 2186 0 0 2186
416 0 2244 0 0 2244
417 2269 0 9 0 2278
418 1 0 2287 0 2288
419 1 5 0 2258 2264
420 0 0 0 2258 2258
421 0 0 2270 0 2270
422 2259 0 0 1 2260
423 2283 1 0 0 2284
424 2295 0 0 0 2295
425 0 0 2255 0 2255
426 2237 0 0 0 2237
427 2 0 2273 0 2275
428 0 1 0 2090 2091
429 118 0 2114 0 2232
430 2223 0 0 0 2223
431 0 0 2317 0 2317
432 2320 0 0 0 2320
433 2334 0 0 0 2334
434 2339 0 0 0 2339
435 2340 0 0 0 2340
436 2323 0 0 0 2323
437 0 0 2312 0 2312
438 2255 0 0 0 2255
439 11 0 2283 0 2294
440 0 0 0 2131 2131
441 2175 0 1 0 2176
442 0 2222 0 0 2222
443 0 0 0 2204 2204
444 2233 0 1 0 2234
445 0 2247 0 0 2247
446 0 0 0 2254 2254
447 2264 0 0 0 2264
448 2239 0 1 0 2240
449 2126 0 0 0 2126
450 0 2195 0 0 2195
451 0 2175 0 0 2175
452 0 2189 0 0 2189
453 1 0 0 2125 2126
454 0 2199 0 0 2199
455 0 0 1 2121 2122
456 104 2047 0 0 2151
457 2111 0 0 1 2112
458 0 2165 0 0 2165
459 0 2229 0 0 2229
460 2229 0 1 0 2230
461 2197 0 0 0 2197
462 0 0 2181 0 2181
463 0 0 2158 0 2158
464 2151 0 0 0 2151
465 2145 0 1 0 2146
466 2146 0 0 0 2146
467 0 19 0 2096 2115
468 0 0 2131 0 2131
469 0 2057 0 0 2057
470 0 2072 0 0 2072
471 1 0 0 2065 2066
472 0 2057 0 1 2058
473 1 2130 0 0 2131
474 0 0 2223 0 2223
475 0 0 2185 0 2185
476 2170 0 0 0 2170
477 0 0 0 2136 2136
478 0 0 2186 0 2186
479 2192 1 0 0 2193
480 2 0 2185 0 2187
481 1 0 2108 8 2117
482 0 2154 0 0 2154
483 6 0 2183 0 2189
484 2147 0 0 0 2147
485 1 0 2176 0 2177
486 0 2186 0 0 2186
487 2208 0 0 0 2208
488 2216 0 0 0 2216
489 0 0 0 2210 2210
490 0 0 2219 0 2219
491 0 1 0 2148 2149
492 0 0 2300 1 2301
493 2285 0 0 0 2285
494 1 0 0 2323 2324
495 2326 0 7 1 2334
496 2338 0 0 0 2338
497 0 0 0 2510 2510
498 1 0 2557 0 2558
499 0 0 2614 4 2618
500 2647 0 3 0 2650
501 2670 1 0 1 2672
502 2650 0 0 0 2650
503 1 0 0 2664 2665
504 2695 0 1 0 2696
505 0 2 0 2638 2640
506 1 0 0 2654 2655
507 1 0 2659 0 2660
508 0 1 0 2585 2586
509 1 1 0 2561 2563
510 0 2584 0 0 2584
511 2 2531 0 0 2533
512 0 2635 0 0 2635
513 0 0 0 2689 2689
514 2728 0 0 0 2728
515 2723 0 1 0 2724
516 2716 0 1 0 2717
517 0 0 2726 0 2726
518 2688 0 0 0 2688
519 2720 13 0 12 2745
520 0 0 2686 1 2687
521 0 2671 0 0 2671
522 2761 0 0 0 2761
523 1 0 2743 0 2744
524 0 0 2772 0 2772
525 2798 0 0 0 2798
526 2826 0 0 0 2826
527 0 0 0 2790 2790
528 2818 0 0 0 2818
529 0 2768 0 0 2768
530 1 2802 0 2 2805
531 2879 0 1 0 2880
532 2996 0 1 0 2997
533 1 0 3032 0 3033
534 3067 1 0 1 3069
535 0 0 3074 0 3074
536 3103 0 0 0 3103
537 3047 0 0 0 3047
538 0 0 0 2951 2951
539 0 2996 0 1 2997
540 0 3008 0 0 3008
541 3005 0 0 0 3005
542 0 3068 0 0 3068
543 0 1 0 2999 3000
544 0 2 0 3070 3072
545 1 0 3090 0 3091
546 0 0 3063 0 3063
547 3022 0 1 0 3023
548 0 0 0 3058 3058
549 3086 0 1 2 3089
550 1 3070 0 0 3071
551 3065 0 0 0 3065
552 0 0 0 3067 3067
553 3064 0 0 0 3064
554 1 0 3029 0 3030
555 0 0 3007 0 3007
556 0 0 3009 0 3009
557 2980 0 1 1 2982
558 3038 0 0 0 3038
559 1 3033 0 0 3034
560 0 0 0 3091 3091
561 1 0 3085 0 3086
562 3056 0 0 0 3056
563 0 1 0 3095 3096
564 3126 0 4 0 3130
565 3113 0 0 0 3113
566 3066 0 1 0 3067
567 3064 0 0 0 3064
568 1 0 3100 0 3101
569 3113 0 0 6 3119
570 3182 0 0 0 3182
571 3199 0 0 0 3199
572 3200 0 0 0 3200
573 3222 0 0 0 3222
574 3162 1 2 0 3165
575 21 0 3146 0 3167
576 3119 0 0 0 3119
577 2 0 3216 0 3218
578 3231 0 6 0 3237
579 2956 0 284 0 3240
580 3229 1 1 0 3231
581 3197 0 9 0 3206
582 3161 0 0 0 3161
583 0 0 3 3107 3110
584 0 1 1 3158 3160
585 10 0 3134 0 3144
586 3109 0 1 2 3112
587 3165 0 0 0 3165
588 3179 0 0 0 3179
589 0 0 3189 0 3189
590 0 0 3118 0 3118
591 3145 0 0 1 3146
592 3141 0 1 0 3142
593 0 3169 0 0 3169
594 3161 0 0 1 3162
595 3139 0 0 0 3139
596 0 0 1 3122 3123
597 0 0 3148 0 3148
598 3161 0 0 0 3161
599 0 0 0 3148 3148
600 3163 0 0 0 3163
601 3121 0 11 0 3132
602 2 3160 0 0 3162
603 0 0 0 3070 3070
604 0 3118 0 8 3126
605 0 3144 0 0 3144
606 3210 0 0 0 3210
607 3171 0 0 0 3171
608 0 0 0 3087 3087
609 0 3189 0 0 3189
610 0 0 3196 0 3196
611 0 0 0 3097 3097
612 2984 0 182 0 3166
613 0 3264 0 0 3264
614 0 0 0 3233 3233
615 0 0 3251 2 3253
616 2 0 3225 0 3227
617 0 3262 0 1 3263
618 3315 0 11 1 3327
619 0 2 1 3309 3312
620 3334 0 0 1 3335
621 0 3315 14 0 3329
622 3341 0 2 0 3343
623 0 0 0 3354 3354
624 0 0 3363 0 3363
625 1 3348 0 0 3349
626 0 0 0 3391 3391
627 0 0 0 3453 3453
628 1 0 3438 0 3439
629 3425 0 0 1 3426
630 3486 0 0 0 3486
631 3492 0 0 0 3492
632 0 0 3489 0 3489
633 3509 0 0 1 3510
634 0 0 3508 0 3508
635 3502 0 0 0 3502
636 3523 0 0 0 3523
637 1 3528 0 0 3529
638 0 0 0 3470 3470
639 4 0 3498 0 3502
640 0 0 3460 0 3460
641 0 0 0 3396 3396
642 0 0 0 3482 3482
643 0 0 3499 0 3499
644 0 3526 0 0 3526
645 0 0 0 3542 3542
646 0 3607 0 1 3608
647 1 0 3643 0 3644
648 3595 0 0 0 3595
649 3643 0 2 0 3645
650 0 0 3720 0 3720
651 3757 0 0 0 3757
652 3736 0 0 0 3736
653 0 0 3800 0 3800
654 3809 1 0 0 3810
655 1 0 0 3799 3800
656 0 0 0 3818 3818
657 0 3846 0 0 3846
658 1 0 0 3832 3833
659 0 0 0 3853 3853
660 0 0 3815 0 3815
661 0 3715 0 2 3717
662 1 3779 0 1 3781
663 3818 1 1 0 3820
664 0 0 3813 0 3813
665 1 0 0 3738 3739
666 0 0 3744 0 3744
667 1 0 3676 0 3677
668 0 3747 0 2 3749
669 3812 0 1 0 3813
670 1 0 3804 6 3811
671 1 0 3640 0 3641
672 3340 0 0 0 3340
673 0 0 3360 0 3360
674 0 3442 0 1 3443
675 3529 2 0 4 3535
676 3763 0 0 1 3764
677 0 3469 0 0 3469
678 3570 0 0 0 3570
679 2 0 0 3280 3282
680 0 3418 0 1 3419
681 3445 0 1 0 3446
682 0 0 3345 1 3346
683 0 3451 0 1 3452
684 0 1 0 3454 3455
685 0 0 3493 0 3493
686 3236 2 1 0 3239
687 0 0 3483 0 3483
688 0 2 0 3190 3192
689 0 0 0 3535 3535
690 0 3442 0 0 3442
691 3441 0 1 0 3442
692 0 0 0 3561 3561
693 3621 0 0 0 3621
694 2 0 3467 0 3469
695 3539 0 0 1 3540
696 3762 1 1 0 3764
697 3852 0 0 0 3852
698 0 2 0 3430 3432
699 0 10 3496 0 3506
700 0 3501 0 1 3502
701 0 0 0 3496 3496
702 3548 0 0 1 3549
703 0 3552 0 0 3552
704 3505 0 0 0 3505
705 0 3529 0 0 3529
706 0 0 0 3491 3491
707 0 0 3574 0 3574
708 4 3555 0 0 3559
709 0 3 0 3502 3505
710 0 5 1 3716 3722
711 3583 0 0 0 3583
712 0 3614 0 0 3614
713 3644 0 1 0 3645
714 3808 0 1 0 3809
715 1 0 3577 0 3578
716 2 0 3730 0 3732
717 0 1 6 2492 2499
718 1 0 3429 0 3430
719 3478 0 0 0 3478
720 3288 0 412 0 3700
721 3761 0 0 0 3761
722 3851 0 0 0 3851
723 0 1 0 3391 3392
724 0 0 0 3641 3641
725 1 0 3446 0 3447
726 0 0 3618 0 3618
727 3263 0 1 0 3264
728 1 0 3457 0 3458
729 3462 0 0 2 3464
730 1 3520 0 0 3521
731 3612 0 0 2 3614
732 3708 1 0 0 3709
733 3701 0 0 0 3701
734 0 1 0 3397 3398
735 3587 0 0 0 3587
736 0 0 0 3425 3425
737 3495 0 0 0 3495
738 0 1 1 3273 3275
739 0 3242 0 2 3244
740 3236 0 2 1 3239
741 1 3265 0 0 3266
742 1 3421 0 0 3422
743 0 3522 0 1 3523
744 3211 0 1 0 3212
745 0 0 3285 1 3286
746 0 0 3386 0 3386
747 3020 0 8 0 3028
748 0 0 3297 0 3297
749 0 0 3370 0 3370
750 1 0 3444 0 3445
751 3214 1 1 0 3216
752 3428 0 1 0 3429
753 0 0 0 3351 3351
754 3432 1 1 0 3434
755 3522 0 0 0 3522
756 3545 0 1 0 3546
757 1 0 0 3278 3279
758 0 0 0 3432 3432
759 3435 0 1 0 3436
760 3514 0 0 0 3514
761 1 3319 0 0 3320
762 0 1 0 3263 3264
763 0 0 3288 0 3288
764 3307 0 0 0 3307
765 3 36 3328 0 3367
766 0 0 1 3226 3227
767 1 3425 0 0 3426
768 0 3609 0 0 3609
769 3579 0 1 1 3581
770 0 0 3588 1 3589
771 0 0 3649 0 3649
772 0 0 0 3195 3195
773 0 3508 0 1 3509
774 1 0 0 3476 3477
775 0 3585 0 4 3589
776 3643 0 1 1 3645
777 3644 0 0 0 3644
778 0 0 0 3538 3538
779 0 3528 0 3 3531
780 3581 0 0 0 3581
781 3657 0 5 0 3662
782 0 1 0 3531 3532
783 0 0 3565 0 3565
784 3508 0 0 1 3509
785 0 0 1 3522 3523
786 3550 0 0 0 3550
787 0 0 3488 1 3489
788 0 0 0 3359 3359
789 3482 0 1 0 3483
790 0 0 3465 1 3466
791 0 3533 0 0 3533
792 0 0 1 3549 3550
793 0 2 0 3669 3671
794 0 0 3600 0 3600
795 0 1 0 3459 3460
796 3551 0 0 0 3551
797 0 0 3536 0 3536
798 0 0 3580 0 3580
799 3481 2 0 0 3483
800 3668 0 0 0 3668
801 3711 0 1 0 3712
802 3811 1 1 0 3813
803 2 0 0 3698 3700
804 3764 0 0 0 3764
805 3810 0 0 0 3810
806 1 0 0 3634 3635
807 0 3618 0 0 3618
808 3838 0 0 0 3838
809 0 0 3804 0 3804
810 3833 0 0 3 3836
811 3893 0 0 0 3893
812 0 0 3822 1 3823
813 3864 1 0 0 3865
814 1 0 0 3803 3804
815 0 3946 1 1 3948
816 4138 0 3 0 4141
817 4139 0 0 0 4139
818 1 0 0 4059 4060
819 4148 0 0 0 4148
820 15 0 4250 0 4265
821 1 1 0 4017 4019
822 0 4248 0 2 4250
823 1 0 4257 5 4263
824 2 4046 0 0 4048
825 0 0 19 3995 4014
826 0 1 0 4068 4069
827 0 4060 1 1 4062
828 4094 0 1 0 4095
829 4134 0 0 0 4134
830 4095 0 0 0 4095
831 0 4031 0 0 4031
832 0 4047 0 0 4047
833 0 4171 0 0 4171
834 3975 0 1 1 3977
835 0 4171 0 0 4171
836 0 0 0 4112 4112
837 1 0 4059 0 4060
838 2 0 4059 0 4061
839 4009 1 0 0 4010
840 1 0 4127 0 4128
841 0 4119 0 0 4119
842 0 0 0 4153 4153
843 4123 0 0 0 4123
844 0 0 4105 0 4105
845 0 4079 0 0 4079
846 0 1 2 4130 4133
847 0 0 4193 0 4193
848 0 1 0 4074 4075
849 4266 0 0 1 4267
850 3 0 4250 0 4253
851 4258 0 0 0 4258
852 4336 0 2 0 4338
853 4375 0 0 0 4375
854 0 0 1 4328 4329
855 0 0 0 4413 4413
856 0 0 4341 0 4341
857 1 4331 0 0 4332
858 4480 0 3 0 4483
859 4506 0 0 1 4507
860 4469 0 0 0 4469
861 1 4488 0 0 4489
862 4502 0 0 0 4502
863 4469 0 0 6 4475
864 0 0 4404 0 4404
865 4353 0 0 0 4353
866 0 4457 0 0 4457
867 0 0 1 4446 4447
868 1 0 4514 6 4521
869 0 0 0 4381 4381
870 0 0 4506 2 4508
871 4491 0 0 0 4491
872 0 0 1 4523 4524
873 4618 0 1 1 4620
874 0 0 4564 0 4564
875 4530 0 0 0 4530
876 1 0 0 4548 4549
877 4520 0 2 0 4522
878 0 4601 0 1 4602
879 0 1 0 4628 4629
880 2 0 4633 0 4635
881 4632 1 0 0 4633
882 4545 0 0 1 4546
883 2 4574 0 0 4576
884 0 4625 0 2 4627
885 0 0 1 4685 4686
886 0 0 2 4734 4736
887 0 0 0 4776 4776
888 4791 0 0 0 4791
889 4773 0 0 0 4773
890 4727 0 0 0 4727
891 0 0 4638 0 4638
892 0 0 0 4465 4465
893 0 4601 0 0 4601
894 4705 1 1 0 4707
895 2 1 0 4621 4624
896 1 0 4609 0 4610
897 0 1 0 4517 4518
898 0 4576 0 0 4576
899 0 13 0 4576 4589
900 0 0 4569 1 4570
901 0 0 4555 1 4556
902 0 4481 2 1 4484
903 4572 0 1 0 4573
904 0 0 4554 3 4557
905 0 4462 0 0 4462
906 0 4569 0 2 4571
907 4602 0 1 0 4603
908 0 0 1 4617 4618
909 4641 0 0 0 4641
910 0 0 4615 0 4615
911 4541 0 0 0 4541
912 0 4643 0 0 4643
913 0 0 4629 0 4629
914 0 0 4613 0 4613
915 4465 0 12 1 4478
916 0 0 4614 0 4614
917 0 0 4589 2 4591
918 0 0 0 4278 4278
919 3 0 4564 0 4567
920 4554 0 0 0 4554
921 0 0 0 4622 4622
922 1 0 4602 0 4603
923 0 0 0 4552 4552
924 4618 0 2 0 4620
925 0 0 4500 0 4500
926 0 4491 0 0 4491
927 0 0 1 4496 4497
928 0 1 0 4558 4559
929 0 0 4570 0 4570
930 0 2 0 4434 4436
931 0 1 4490 0 4491
932 4500 1 3 0 4504
933 0 4470 0 2 4472
934 4519 0 0 1 4520
935 0 0 0 4539 4539
936 4572 0 0 0 4572
937 4559 0 0 0 4559
938 0 1 1 4599 4601
939 4628 0 0 1 4629
940 4597 0 0 0 4597
941 0 0 4538 1 4539
942 4479 0 0 0 4479
943 0 0 4525 1 4526
944 0 4477 0 0 4477
945 0 0 0 4441 4441
946 26 0 4428 0 4454
947 0 4451 0 0 4451
948 4475 0 1 0 4476
949 0 0 0 4396 4396
950 0 2 0 4504 4506
951 4519 0 0 1 4520
952 0 0 4411 0 4411
953 2 0 4397 0 4399
954 4446 0 0 1 4447
955 0 4343 1 0 4344
956 0 1 0 4497 4498
957 4533 0 1 0 4534
958 4486 0 0 0 4486
959 4457 0 0 0 4457
960 5 0 4441 1 4447
961 4384 0 0 0 4384
962 1 2006 0 2330 4337
963 0 4360 0 1 4361
964 4358 0 0 0 4358
965 391 0 3942 0 4333
966 4278 0 1 1 4280
967 0 4322 0 0 4322
968 4368 0 0 0 4368
969 4360 0 0 0 4360
970 4301 0 0 0 4301
971 0 1 4298 0 4299
972 4227 0 0 1 4228
973 0 4243 0 0 4243
974 4357 0 0 0 4357
975 4318 1 0 0 4319
976 4273 0 0 0 4273
977 0 0 4255 1 4256
978 4191 0 0 0 4191
979 0 0 1 4113 4114
980 0 2 1 4151 4154
981 0 7 0 4207 4214
982 1 0 4183 0 4184
983 0 8 4183 0 4191
984 4143 0 11 0 4154
985 10 4172 0 2 4184
986 0 0 4193 0 4193
987 3 0 4154 12 4169
988 0 4154 0 0 4154
989 0 0 0 4183 4183
990 17 1 0 4153 4171
991 1 0 4112 0 4113
992 4015 0 1 0 4016
993 0 0 4020 0 4020
994 0 3974 0 0 3974
995 0 0 1 4098 4099
996 4091 0 0 2 4093
997 4080 0 0 0 4080
998 4122 0 0 1 4123
999 4141 0 1 0 4142
1000 4122 0 1 0 4123
1001 1 0 4094 0 4095
1002 4039 0 1 1 4041
1003 4090 0 0 0 4090
1004 0 0 1 4076 4077
1005 4075 0 0 7 4082
1006 0 0 7 4007 4014
1007 0 4058 0 2 4060
1008 4077 0 0 0 4077
1009 0 0 4073 2 4075
1010 0 0 4028 5 4033
1011 3998 0 0 1 3999
1012 4051 4 1 0 4056
1013 0 0 4124 5 4129
1014 4119 0 13 0 4132
1015 0 1 4123 0 4124
1016 0 0 4059 0 4059
1017 4023 0 4 0 4027
1018 0 0 0 3976 3976
1019 0 0 0 3956 3956
1020 0 4010 0 0 4010
1021 4141 0 1 0 4142
1022 4190 0 1 0 4191
1023 4182 1 0 0 4183
1024 4155 0 0 0 4155
1025 4149 0 0 0 4149
1026 0 25 0 4105 4130
1027 1 0 4105 0 4106
1028 4018 0 0 0 4018
1029 0 1 1 4057 4059
1030 3 0 4033 14 4050
1031 3964 1 0 0 3965
1032 3963 1 0 0 3964
1033 0 0 4009 1 4010
1034 3922 0 1 0 3923
1035 3963 0 0 0 3963
1036 3928 0 0 0 3928
1037 0 0 0 3906 3906
1038 3920 0 0 1 3921
1039 0 0 0 3853 3853
1040 0 3 0 3871 3874
1041 3915 0 0 1 3916
1042 3873 0 0 0 3873
1043 0 12 0 3815 3827
1044 3918 1 0 0 3919
1045 14 0 3835 9 3858
1046 0 1 3795 0 3796
1047 0 0 3770 0 3770
1048 3802 0 0 0 3802
1049 3872 0 0 0 3872
1050 0 3843 0 0 3843
1051 1 0 3874 0 3875
1052 0 0 3889 0 3889
1053 3880 0 0 0 3880
1054 3924 0 0 0 3924
1055 0 3913 6 1 3920
1056 3984 0 0 0 3984
1057 3980 0 0 0 3980
1058 0 0 0 3865 3865
1059 3917 0 1 1 3919
1060 0 3941 0 0 3941
1061 4014 0 0 0 4014
1062 0 0 4013 0 4013
1063 3920 0 0 0 3920
1064 3923 0 1 0 3924
1065 0 0 3933 0 3933
1066 3905 0 0 10 3915
1067 0 1 0 3876 3877
1068 0 0 0 3987 3987
1069 0 0 4038 0 4038
1070 0 0 4012 0 4012
1071 4002 0 0 0 4002
1072 4016 0 0 0 4016
1073 0 0 0 3949 3949
1074 4004 0 0 0 4004
1075 1 0 0 3956 3957
1076 0 0 3986 0 3986
1077 1 0 3946 0 3947
1078 1 0 3872 0 3873
1079 3863 0 1 0 3864
1080 1 3833 0 1 3835
1081 1 0 3937 0 3938
1082 0 0 3887 1 3888
1083 0 0 3929 0 3929
1084 0 0 3961 0 3961
1085 3940 0 0 1 3941
1086 4008 0 0 0 4008
1087 0 0 3961 0 3961
1088 3937 1 0 0 3938
1089 1 0 3967 0 3968
1090 1 0 3974 0 3975
1091 3997 0 0 13 4010
1092 0 0 4071 0 4071
1093 1 0 0 3977 3978
1094 0 0 0 3955 3955
1095 0 3932 0 0 3932
1096 0 3991 0 5 3996
1097 4026 5 1 6 4038
1098 0 0 0 4045 4045
1099 4 0 4051 0 4055
1100 0 0 0 3979 3979
1101 4013 0 0 0 4013
1102 4002 0 0 0 4002
1103 0 0 4065 0 4065
1104 3942 0 0 0 3942
1105 0 0 3 4064 4067
1106 0 0 4060 0 4060
1107 1 1 2 3891 3895
1108 1 0 4044 0 4045
1109 0 0 4028 0 4028
1110 0 1 0 3908 3909
1111 2 0 4021 0 4023
1112 4102 0 0 0 4102
1113 4121 0 0 0 4121
1114 0 0 0 4122 4122
1115 0 0 4148 0 4148
1116 1 4084 0 3 4088
1117 4097 4 2 0 4103
1118 2 3 4237 0 4242
1119 0 0 4235 0 4235
1120 0 0 4478 0 4478
1121 0 0 4602 1 4603
1122 4579 0 0 0 4579
1123 4564 0 1 0 4565
1124 0 0 0 4549 4549
1125 4582 0 0 0 4582
1126 0 0 42 4606 4648
1127 2 3 0 4655 4660
1128 4681 0 0 0 4681
1129 4679 0 0 0 4679
1130 4695 0 0 0 4695
1131 4714 1 0 0 4715
1132 4693 0 0 0 4693
1133 4621 0 1 0 4622
1134 0 0 4616 0 4616
1135 4577 0 1 0 4578
1136 0 0 4631 0 4631
1137 0 0 1 4485 4486
1138 4650 0 0 0 4650
1139 4656 0 0 2 4658
1140 4597 0 0 0 4597
1141 4576 0 0 0 4576
1142 0 0 0 4595 4595
1143 16 0 4600 0 4616
1144 4631 0 0 0 4631
1145 4593 0 0 0 4593
1146 4638 0 1 0 4639
1147 12 4690 0 0 4702
1148 2 0 2 4614 4618
1149 0 0 4716 0 4716
1150 0 0 4751 0 4751
1151 4773 0 0 0 4773
1152 4753 0 0 0 4753
1153 4809 0 0 0 4809
1154 4817 0 0 0 4817
1155 4869 0 1 0 4870
1156 1 4874 0 0 4875
1157 0 0 0 4844 4844
1158 4872 0 0 0 4872
1159 1 4870 0 0 4871
1160 1 1 0 4920 4922
1161 0 0 4910 0 4910
1162 4872 0 0 0 4872
1163 0 0 0 4898 4898
1164 4995 0 0 0 4995
1165 4968 0 0 0 4968
1166 4908 0 0 1 4909
1167 0 0 1 4803 4804
1168 0 0 1 4761 4762
1169 0 4853 0 0 4853
1170 4860 0 0 0 4860
1171 2 0 4795 0 4797
1172 1 4742 0 5 4748
1173 0 4754 0 2 4756
1174 4872 1 0 0 4873
1175 4888 0 0 0 4888
1176 4892 0 0 0 4892
1177 4909 0 0 0 4909
1178 4881 0 6 0 4887
1179 13 0 4929 1 4943
1180 0 0 4894 0 4894
1181 4811 8 6 0 4825
1182 7 0 4909 0 4916
1183 2029 0 2881 0 4910
1184 4942 0 5 0 4947
1185 0 0 0 4924 4924
1186 4976 0 0 2 4978
1187 1 1 0 4964 4966
1188 0 0 4991 0 4991
1189 4929 0 0 1 4930
1190 1 0 4875 0 4876
1191 4759 0 0 0 4759
1192 0 0 4745 2 4747
1193 4787 0 0 0 4787
1194 0 0 0 4813 4813
1195 2 0 0 4842 4844
1196 0 1 0 4916 4917
1197 4952 0 1 0 4953
1198 4933 0 0 0 4933
1199 0 1 0 5007 5008
1200 5031 0 0 0 5031
1201 4991 1 0 0 4992
1202 1 1 0 4986 4988
1203 2 5004 0 37 5043
1204 0 2 1 5073 5076
1205 0 1 0 5218 5219
1206 5205 0 0 0 5205
1207 0 0 0 5193 5193
1208 0 0 5226 0 5226
1209 0 5200 0 3 5203
1210 5256 2 0 0 5258
1211 0 1 0 5312 5313
1212 0 0 5314 0 5314
1213 0 0 5329 0 5329
1214 1 1 1 5040 5043
1215 5302 0 0 0 5302
1216 0 1 1 5352 5354
1217 0 0 1 5392 5393
1218 1 0 1 5340 5342
1219 0 0 0 5378 5378
1220 0 5324 0 2 5326
1221 1 1 0 5331 5333
1222 1 5366 0 3 5370
1223 5534 0 2 0 5536
1224 5498 1 0 0 5499
1225 0 0 5547 0 5547
1226 5593 0 0 0 5593
1227 1 5598 2 0 5601
1228 5579 0 0 1 5580
1229 0 5731 0 0 5731
1230 0 1 0 5746 5747
1231 5813 0 1 0 5814
1232 10 0 5876 0 5886
1233 0 0 5893 0 5893
1234 5840 0 13 0 5853
1235 0 0 2 5912 5914
1236 0 0 5958 1 5959
1237 0 1 0 5861 5862
1238 0 0 0 5865 5865
1239 1 5822 0 0 5823
1240 3 5847 0 3 5853
1241 5893 0 0 0 5893
1242 5893 0 0 0 5893
1243 0 0 5918 1 5919
1244 0 0 5839 0 5839
1245 0 0 5824 0 5824
1246 0 0 5855 0 5855
1247 2 0 1 5620 5623
1248 1 0 5790 0 5791
1249 5795 0 1 2 5798
1250 0 0 5909 2 5911
1251 5869 0 2 0 5871
1252 0 0 5895 1 5896
1253 9 0 5875 0 5884
1254 5792 1 17 2 5812
1255 0 0 5962 0 5962
1256 5949 0 0 0 5949
1257 6010 0 1 0 6011
1258 6146 0 0 0 6146
1259 0 0 2 6201 6203
1260 6274 0 0 0 6274
1261 6272 0 0 0 6272
1262 6329 0 0 0 6329
1263 0 0 0 6427 6427
1264 4 0 0 6467 6471
1265 0 0 0 6427 6427
1266 0 1 0 6448 6449
1267 0 6445 0 0 6445
1268 0 1 0 6476 6477
1269 0 0 1 6498 6499
1270 6535 0 0 1 6536
1271 6476 0 0 0 6476
1272 0 0 1 6339 6340
1273 4 6387 0 0 6391
1274 1 0 6392 1 6394
1275 6293 1 1 0 6295
1276 0 0 6345 2 6347
1277 0 6236 0 2 6238
1278 6256 1 2 0 6259
1279 0 0 6246 1 6247
1280 8 0 6110 0 6118
1281 0 6094 0 0 6094
1282 1 6165 0 0 6166
1283 6341 0 0 0 6341
1284 6173 0 0 0 6173
1285 1 6237 0 0 6238
1286 0 2 0 6222 6224
1287 0 0 0 6221 6221
1288 0 0 0 6265 6265
1289 0 0 1 6274 6275
1290 6217 1 1 0 6219
1291 3 1 1 5975 5980
1292 0 5896 0 0 5896
1293 0 1 0 5771 5772
1294 1 5848 0 0 5849
1295 0 5847 0 0 5847
1296 5845 1 0 0 5846
1297 5769 1 0 0 5770
1298 0 0 2 5769 5771
1299 0 0 5717 0 5717
1300 0 0 1 5573 5574
1301 5522 1 3 0 5526
1302 1 5622 0 0 5623
1303 0 5551 0 1 5552
1304 5602 1 3 0 5606
1305 5516 1 0 0 5517
1306 1 5535 0 0 5536
1307 0 3 0 5505 5508
1308 0 5533 0 2 5535
1309 0 5563 0 0 5563
1310 5591 1 1 0 5593
1311 5506 0 0 0 5506
1312 0 5488 0 0 5488
1313 0 0 5494 0 5494
1314 5425 0 0 0 5425
1315 0 0 1 5431 5432
1316 5433 0 0 0 5433
1317 7 0 0 5361 5368
1318 0 1 0 5368 5369
1319 0 3 0 5399 5402
1320 0 0 0 5336 5336
1321 0 0 0 5356 5356
1322 0 0 0 5354 5354
1323 0 0 5040 4 5044
1324 5025 0 1 0 5026
1325 4942 0 24 1 4967
1326 0 0 1 5012 5013
1327 5028 0 0 0 5028
1328 0 0 5025 0 5025
1329 4980 0 0 0 4980
1330 5016 0 0 0 5016
1331 0 0 4855 0 4855
1332 1 4821 0 0 4822
1333 4884 0 0 1 4885
1334 4817 0 0 0 4817
1335 0 4816 0 0 4816
1336 0 0 4790 0 4790
1337 4591 2 6 0 4599
1338 0 4711 0 0 4711
1339 0 4753 0 0 4753
1340 0 0 0 4749 4749
1341 0 0 0 4800 4800
1342 14 0 1 4758 4773
1343 0 0 0 4709 4709
1344 0 0 0 4718 4718
1345 1 0 4614 0 4615
1346 4527 0 0 0 4527
1347 0 1 0 4474 4475
1348 0 4538 0 2 4540
1349 4527 0 0 0 4527
1350 4452 0 0 0 4452
1351 0 0 0 4446 4446
1352 1 0 4483 0 4484
1353 0 0 4429 1 4430
1354 0 0 4416 0 4416
1355 1 0 4418 0 4419
1356 0 0 4442 0 4442
1357 0 1 1 4065 4067
1358 4417 0 0 0 4417
1359 1 0 0 4488 4489
1360 0 0 4488 0 4488
1361 4447 0 2 0 4449
1362 4 0 4458 0 4462
1363 1 0 4418 0 4419
1364 4497 0 0 0 4497
1365 4520 0 1 0 4521
1366 0 0 0 4478 4478
1367 12 4424 0 0 4436
1368 4313 0 0 1 4314
1369 1 4521 0 0 4522
1370 0 4469 0 0 4469
1371 0 4489 0 0 4489
1372 4497 33 0 2 4532
1373 4532 0 0 0 4532
1374 4522 0 0 0 4522
1375 3 4 4488 0 4495
1376 0 4487 0 0 4487
1377 4542 0 0 0 4542
1378 4493 0 0 0 4493
1379 0 0 4467 0 4467
1380 0 0 0 4291 4291
1381 0 0 4374 0 4374
1382 4428 0 0 0 4428
1383 4424 0 0 0 4424
1384 0 4383 0 0 4383
1385 0 2 0 4382 4384
1386 4376 0 0 0 4376
1387 0 4372 0 0 4372
1388 4326 0 0 0 4326
1389 0 0 1 4308 4309
1390 1 0 4356 0 4357
1391 0 0 4268 0 4268
1392 0 0 4253 0 4253
1393 4216 0 0 0 4216
1394 0 0 0 4253 4253
1395 4254 0 0 1 4255
1396 4207 0 0 0 4207
1397 4193 0 0 2 4195
1398 0 0 0 4113 4113
1399 0 0 4117 2 4119
1400 4067 0 1 2 4070
1401 4006 0 0 1 4007
1402 1 0 1 3893 3895
1403 0 3969 0 4 3973
1404 4018 0 1 0 4019
1405 3951 0 0 0 3951
1406 0 0 0 3885 3885
1407 1 0 3896 0 3897
1408 3911 0 0 0 3911
1409 3893 0 0 0 3893
1410 0 1 1 3868 3870
1411 11 0 3784 0 3795
1412 0 3753 0 1 3754
1413 3808 0 0 0 3808
1414 0 0 0 3774 3774
1415 0 3792 0 0 3792
1416 4 0 0 3803 3807
1417 0 0 3759 0 3759
1418 3693 0 1 0 3694
1419 0 3695 0 0 3695
1420 0 2 0 3640 3642
1421 3639 0 0 0 3639
1422 0 0 0 3633 3633
1423 3559 0 0 2 3561
1424 0 3580 0 0 3580
1425 3599 0 0 0 3599
1426 0 0 0 3525 3525
1427 0 0 1 3533 3534
1428 0 0 3549 0 3549
1429 3465 0 1 0 3466
1430 3484 0 0 1 3485
1431 3504 7 0 0 3511
1432 0 0 3475 0 3475
1433 0 0 3425 0 3425
1434 0 0 3414 0 3414
1435 3390 0 0 0 3390
1436 0 0 0 3326 3326
1437 1 0 0 3395 3396
1438 0 0 3347 0 3347
1439 0 2 0 3225 3227
1440 3287 0 1 0 3288
1441 0 0 3244 0 3244
1442 0 0 1 3122 3123
1443 0 0 3175 1 3176
1444 3206 0 0 0 3206
1445 0 3195 0 1 3196
1446 3259 0 1 0 3260
1447 3221 0 0 0 3221
1448 1 0 3186 0 3187
1449 3138 0 0 0 3138
1450 3105 0 0 0 3105
1451 3092 0 0 0 3092
1452 0 1 0 3074 3075
1453 4 0 3067 0 3071
1454 1 1 0 2944 2946
1455 3038 0 0 0 3038
1456 2997 0 0 0 2997
1457 0 1 1 2945 2947
1458 0 1 0 2960 2961
1459 0 0 2946 1 2947
1460 2905 0 0 1 2906
1461 0 2875 0 17 2892
1462 0 0 2851 0 2851
1463 2749 0 0 0 2749
1464 0 2818 0 0 2818
1465 0 0 0 2809 2809
1466 0 1 0 2841 2842
1467 0 0 0 2836 2836
1468 2816 0 0 0 2816
1469 0 0 2720 0 2720
1470 0 2708 0 0 2708
1471 1 0 0 2682 2683
1472 0 2674 0 0 2674
1473 1 0 0 2716 2717
1474 2694 0 0 0 2694
1475 0 2673 0 0 2673
1476 0 0 0 2620 2620
1477 0 0 2604 0 2604
1478 2513 0 2 0 2515
1479 2401 0 0 0 2401
1480 2359 0 0 0 2359
1481 0 2359 0 1 2360
1482 2322 0 0 0 2322
1483 0 0 2292 0 2292
1484 2296 0 0 0 2296
1485 2291 0 0 0 2291
1486 2283 0 0 0 2283
1487 2270 1 1 0 2272
1488 2278 0 3 0 2281
1489 0 0 2244 0 2244
1490 0 0 0 1999 1999
1491 2190 0 0 0 2190
1492 0 0 0 2163 2163
1493 0 2188 0 6 2194
1494 0 2215 0 0 2215
1495 2237 0 0 0 2237
1496 1 0 0 2221 2222
1497 2260 0 0 0 2260
1498 2225 0 0 2 2227
1499 1 2245 0 1 2247
1500 2268 0 0 0 2268
1501 2296 0 0 0 2296
1502 2300 0 0 0 2300
1503 2292 0 0 0 2292
1504 2302 0 0 0 2302
1505 2293 0 0 0 2293
1506 0 0 0 2232 2232
1507 0 2236 0 0 2236
1508 0 0 0 2207 2207
1509 0 3 0 2190 2193
1510 2139 0 0 0 2139
1511 0 0 2112 0 2112
1512 0 2087 0 0 2087
1513 0 0 0 2049 2049
1514 0 0 0 2058 2058
1515 2088 0 0 1 2089
1516 2065 0 0 0 2065
1517 0 0 0 2046 2046
1518 2074 0 0 0 2074
1519 2044 0 0 0 2044
1520 2043 0 0 0 2043
1521 2032 0 0 0 2032
1522 2035 0 0 0 2035
1523 0 0 1995 0 1995
1524 866 0 1048 0 1914
1525 1932 0 0 0 1932
1526 0 1979 0 0 1979
1527 0 1 0 1950 1951
1528 0 0 2003 0 2003
1529 1 0 1972 0 1973
1530 1993 0 0 0 1993
1531 0 0 1944 0 1944
1532 1999 0 0 0 1999
1533 2002 0 0 0 2002
1534 0 0 1987 0 1987
1535 0 0 0 1889 1889
1536 0 1924 0 0 1924
1537 1978 0 1 0 1979
1538 0 0 0 1977 1977
1539 1954 0 14 0 1968
1540 1964 0 0 0 1964
1541 0 0 0 1968 1968
1542 0 0 1948 0 1948
1543 0 0 1919 0 1919
1544 0 0 1924 0 1924
1545 1904 0 0 0 1904
1546 5 0 1922 0 1927
1547 0 1883 0 1 1884
1548 0 0 1 1947 1948
1549 1962 0 0 0 1962
1550 1958 0 0 0 1958
1551 0 0 0 1932 1932
1552 0 0 1936 1 1937
1553 1937 0 0 0 1937
1554 0 1954 0 0 1954
1555 1 0 1971 0 1972
1556 0 0 0 1911 1911
1557 0 0 1927 0 1927
1558 1961 0 0 0 1961
1559 0 0 1994 0 1994
1560 0 0 0 1952 1952
1561 0 0 2008 0 2008
1562 2052 0 0 0 2052
1563 2075 0 2 0 2077
1564 0 0 0 2034 2034
1565 0 0 0 2034 2034
1566 2078 0 0 0 2078
1567 0 0 2049 0 2049
1568 2051 0 0 0 2051
1569 2064 0 0 0 2064
1570 0 0 0 2095 2095
1571 0 2100 0 0 2100
1572 2137 0 0 0 2137
1573 0 2239 0 0 2239
1574 2280 0 0 0 2280
1575 2256 0 0 0 2256
1576 0 0 2231 0 2231
1577 0 2206 0 3 2209
1578 2229 0 0 0 2229
1579 0 2233 0 0 2233
1580 2270 0 0 0 2270
1581 306 0 2001 0 2307
1582 0 2291 0 0 2291
1583 0 1 0 2314 2315
1584 1 0 2329 0 2330
1585 2278 0 0 0 2278
1586 0 0 0 2330 2330
1587 0 0 2362 0 2362
1588 2350 0 0 0 2350
1589 0 0 0 2382 2382
1590 2402 0 0 0 2402
1591 2386 0 0 0 2386
1592 0 2407 0 1 2408
1593 2429 0 0 0 2429
1594 0 0 0 2409 2409
1595 2408 0 0 0 2408
1596 0 0 0 2424 2424
1597 2 0 2441 0 2443
1598 2406 0 0 0 2406
1599 0 0 0 2390 2390
1600 2408 0 0 0 2408
1601 0 2409 0 0 2409
1602 2362 0 0 1 2363
1603 0 2384 0 0 2384
1604 0 2410 0 0 2410
1605 0 0 0 2453 2453
1606 2438 0 0 0 2438
1607 2415 0 0 1 2416
1608 2417 0 0 0 2417
1609 2400 0 0 0 2400
1610 0 0 0 2400 2400
1611 0 0 2434 0 2434
1612 0 0 0 2309 2309
1613 1 0 2432 0 2433
1614 0 0 2444 0 2444
1615 0 0 2460 0 2460
1616 2399 0 0 0 2399
1617 2461 0 0 1 2462
1618 2491 0 0 0 2491
1619 0 0 0 2483 2483
1620 2 0 2519 0 2521
1621 5 0 2612 0 2617
1622 1 0 2776 0 2777
1623 2805 0 4 0 2809
1624 2800 0 2 0 2802
1625 0 2846 0 0 2846
1626 2875 0 0 0 2875
1627 2819 0 0 0 2819
1628 0 2862 0 0 2862
1629 4 2922 0 0 2926
1630 3087 0 1 0 3088
1631 3076 0 0 0 3076
1632 3067 0 7 0 3074
1633 0 0 3067 1 3068
1634 3014 1 1 0 3016
1635 3046 0 1 0 3047
1636 0 3102 0 0 3102
1637 0 0 0 3090 3090
1638 0 0 3136 0 3136
1639 0 0 3126 1 3127
1640 0 3 0 3035 3038
1641 176 0 2955 1 3132
1642 0 3188 0 1 3189
1643 3294 0 0 0 3294
1644 3266 0 0 0 3266
1645 3263 0 0 0 3263
1646 3216 0 0 0 3216
1647 1 3287 0 0 3288
1648 3164 1 0 0 3165
1649 0 3248 1 0 3249
1650 0 0 0 3254 3254
1651 0 0 0 3278 3278
1652 3262 0 0 0 3262
1653 0 0 0 3229 3229
1654 0 3247 1 0 3248
1655 3269 1 1 8 3279
1656 3243 0 0 0 3243
1657 0 1 0 3276 3277
1658 1 0 3294 0 3295
1659 1 0 3226 0 3227
1660 0 0 3239 0 3239
1661 1 0 0 3059 3060
1662 3 0 3177 0 3180
1663 0 3239 0 1 3240
1664 0 0 0 3332 3332
1665 3394 0 14 0 3408
1666 3460 0 0 0 3460
1667 3456 0 0 0 3456
1668 3436 0 1 0 3437
1669 3445 0 0 0 3445
1670 3426 0 1 0 3427
1671 0 3532 0 0 3532
1672 0 0 0 3469 3469
1673 0 1 0 3548 3549
1674 0 0 3517 0 3517
1675 0 0 3609 0 3609
1676 4 0 0 3516 3520
1677 7 0 3617 0 3624
1678 3660 0 0 0 3660
1679 4 3667 0 0 3671
1680 3698 0 0 0 3698
1681 0 3787 0 0 3787
1682 0 2 0 3880 3882
1683 0 0 3904 1 3905
1684 3893 0 1 0 3894
1685 3911 0 0 0 3911
1686 0 0 3894 0 3894
1687 1 0 3839 1 3841
1688 4 4004 0 0 4008
1689 0 0 0 4001 4001
1690 0 4039 0 1 4040
1691 4070 0 0 0 4070
1692 1 0 4130 0 4131
1693 0 0 0 4114 4114
1694 0 0 0 4161 4161
1695 1 0 0 4136 4137
1696 1 4143 0 1 4145
1697 0 1 1 4132 4134
1698 1 2 0 4108 4111
1699 0 4125 0 1 4126
1700 0 0 0 4196 4196
1701 4212 0 0 0 4212
1702 0 0 4289 0 4289
1703 0 0 4302 0 4302
1704 4224 1 36 0 4261
1705 4357 1 0 0 4358
1706 4386 0 2 0 4388
1707 4378 0 0 1 4379
1708 10 0 4386 0 4396
1709 4351 0 0 0 4351
1710 0 0 4405 0 4405
1711 2 0 4347 1 4350
1712 4423 0 0 1 4424
1713 0 4445 0 1 4446
1714 4461 0 0 0 4461
1715 0 0 0 4514 4514
1716 0 0 4491 1 4492
1717 0 0 0 4479 4479
1718 0 1 0 4438 4439
1719 1 4442 1 2 4446
1720 0 4492 0 2 4494
1721 4514 1 0 2 4517
1722 4482 0 0 0 4482
1723 0 0 0 4547 4547
1724 0 0 4566 0 4566
1725 0 0 4574 0 4574
1726 0 0 4515 0 4515
1727 4504 2 0 0 4506
1728 0 1 0 4548 4549
1729 0 0 4582 2 4584
1730 0 4536 0 2 4538
1731 4597 0 2 2 4601
1732 1 0 0 4584 4585
1733 0 0 0 4630 4630
1734 0 0 0 4648 4648
1735 0 0 4670 0 4670
1736 4594 0 0 0 4594
1737 4581 0 0 0 4581
1738 0 0 4616 0 4616
1739 0 4548 0 0 4548
1740 4724 0 0 0 4724
1741 1 5 0 4792 4798
1742 0 0 0 4896 4896
1743 0 5 0 4913 4918
1744 0 0 4852 0 4852
1745 4835 0 1 0 4836
1746 0 0 4853 1 4854
1747 4767 0 3 1 4771
1748 1 0 4804 1 4806
1749 1 4797 0 0 4798
1750 4920 0 0 0 4920
1751 0 0 1 4918 4919
1752 4910 0 1 0 4911
1753 4840 0 0 2 4842
1754 0 0 0 4821 4821
1755 1 0 0 4761 4762
1756 0 4749 0 0 4749
1757 0 4725 0 18 4743
1758 0 0 0 4757 4757
1759 2 4849 0 1 4852
1760 4838 0 17 26 4881
1761 15 0 4927 0 4942
1762 4911 6 2 0 4919
1763 4979 0 0 0 4979
1764 4972 0 0 0 4972
1765 4930 0 1 0 4931
1766 0 2 0 4930 4932
1767 0 0 4933 1 4934
1768 12 0 4875 1 4888
1769 1 4826 0 2 4829
1770 0 2 0 4851 4853
1771 1 0 4893 3 4897
1772 0 0 4938 0 4938
1773 1 4 0 4889 4894
1774 3 4875 0 1 4879
1775 4870 1 1 0 4872
1776 0 0 4898 0 4898
1777 0 1 0 4841 4842
1778 4878 0 1 0 4879
1779 1 4909 0 0 4910
1780 4941 0 0 2 4943
1781 0 0 5062 1 5063
1782 0 1 1 5001 5003
1783 2 0 5037 1 5040
1784 0 0 5022 0 5022
1785 4881 1 0 2 4884
1786 0 0 0 4935 4935
1787 0 0 0 5019 5019
1788 0 4 0 5078 5082
1789 15 0 5013 0 5028
1790 2 5010 0 1 5013
1791 5062 0 6 0 5068
1792 5082 0 5 1 5088
1793 0 1 5039 0 5040
1794 5029 0 0 0 5029
1795 1 0 5034 0 5035
1796 1 5072 0 0 5073
1797 5143 0 0 0 5143
1798 0 0 5068 0 5068
1799 0 2 0 5015 5017
1800 1 0 5036 2 5039
1801 0 5073 0 0 5073
1802 0 1 0 5078 5079
1803 0 5115 0 1 5116
1804 5171 1 1 0 5173
1805 5148 1 0 1 5150
1806 5155 0 2 0 5157
1807 0 5178 0 0 5178
1808 5200 0 0 1 5201
1809 5138 0 15 2 5155
1810 5142 0 1 0 5143
1811 0 1 0 5143 5144
1812 1 0 5139 0 5140
1813 5094 0 0 1 5095
1814 1 0 5110 0 5111
1815 5059 0 1 0 5060
1816 0 1 5020 0 5021
1817 4934 1 1 0 4936
1818 1 4955 0 0 4956
1819 0 4957 0 2 4959
1820 4997 10 0 0 5007
1821 0 0 4987 2 4989
1822 3 0 4911 0 4914
1823 4809 0 0 1 4810
1824 0 0 4874 0 4874
1825 0 0 4901 0 4901
1826 0 1 1 4484 4486
1827 0 0 0 4776 4776
1828 4821 0 5 0 4826
1829 0 0 1 4964 4965
1830 0 0 4932 0 4932
1831 4933 0 1 0 4934
1832 5048 0 0 0 5048
1833 5082 0 1 0 5083
1834 5049 1 3 0 5053
1835 0 5110 0 4 5114
1836 4 556 0 4460 5020
1837 1 0 4979 0 4980
1838 4933 0 0 1 4934
1839 1 4976 0 2 4979
1840 0 4968 0 1 4969
1841 4971 0 0 0 4971
1842 0 0 5005 0 5005
1843 0 1 0 4877 4878
1844 0 0 0 4970 4970
1845 0 4996 0 0 4996
1846 4952 0 0 1 4953
1847 1 0 1 5021 5023
1848 5062 0 0 1 5063
1849 5017 0 0 0 5017
1850 4929 0 0 0 4929
1851 0 0 4943 0 4943
1852 0 0 0 4670 4670
1853 0 8 0 4845 4853
1854 1 0 4805 0 4806
1855 0 4765 0 0 4765
1856 0 0 0 4862 4862
1857 1 0 4816 5 4822
1858 0 4760 0 1 4761
1859 0 4813 0 10 4823
1860 0 1 0 4885 4886
1861 0 1 0 4975 4976
1862 0 1 0 5012 5013
1863 0 8 0 5034 5042
1864 0 0 0 5107 5107
1865 1 0 5025 0 5026
1866 0 2 0 4871 4873
1867 0 4 0 4885 4889
1868 0 0 0 4931 4931
1869 4 4943 0 1 4948
1870 0 5 0 4837 4842
1871 4 4848 0 0 4852
1872 4784 0 0 1 4785
1873 0 4743 0 2 4745
1874 1 4741 0 1 4743
1875 4660 0 3 1 4664
1876 0 4761 0 0 4761
1877 0 4859 0 0 4859
1878 4813 0 0 0 4813
1879 4771 0 0 0 4771
1880 4775 0 0 0 4775
1881 4751 0 0 0 4751
1882 0 0 0 4687 4687
1883 0 0 0 4701 4701
1884 4730 1 1 0 4732
1885 4695 1 0 1 4697
1886 2 0 4693 0 4695
1887 1 0 4664 0 4665
1888 4523 1 7 0 4531
1889 1 0 4667 0 4668
1890 0 4579 0 1 4580
1891 4624 0 0 0 4624
1892 4595 0 0 0 4595
1893 0 0 1 4542 4543
1894 1 0 4606 0 4607
1895 1 0 4618 0 4619
1896 0 0 4605 0 4605
1897 1 0 4569 0 4570
1898 4522 1 0 0 4523
1899 0 0 4569 0 4569
1900 0 4488 0 0 4488
1901 0 4516 0 0 4516
1902 0 0 0 4613 4613
1903 0 0 0 4699 4699
1904 4562 0 5 1 4568
1905 0 0 0 4534 4534
1906 0 4473 0 1 4474
1907 4505 0 0 0 4505
1908 4429 0 0 0 4429
1909 1 0 0 4433 4434
1910 0 0 0 4461 4461
1911 0 4478 0 0 4478
1912 0 0 0 4490 4490
1913 0 1 0 4524 4525
1914 4478 0 5 0 4483
1915 4417 0 1 0 4418
1916 4341 1 0 0 4342
1917 4366 0 0 0 4366
1918 0 4381 0 0 4381
1919 0 0 1 4283 4284
1920 0 0 1 4315 4316
1921 0 0 4281 0 4281
1922 0 0 0 4166 4166
1923 4198 0 0 0 4198
1924 0 1 0 4239 4240
1925 0 0 0 4259 4259
1926 0 0 4168 0 4168
1927 4080 0 0 0 4080
1928 4120 1 0 0 4121
1929 4123 0 1 0 4124
1930 0 0 4123 0 4123
1931 0 0 4126 0 4126
1932 4015 1 0 1 4017
1933 0 0 4122 0 4122
1934 0 0 4056 0 4056
1935 4008 0 16 0 4024
1936 1 1 3929 0 3931
1937 0 0 3896 0 3896
1938 0 0 3912 4 3916
1939 1 0 4256 1 4258
1940 4439 0 1 1 4441
1941 4456 0 0 0 4456
1942 4433 0 0 0 4433
1943 4487 0 0 0 4487
1944 1 1 1 4468 4471
1945 0 0 3 4441 4444
1946 1 0 0 4456 4457
1947 0 4429 0 0 4429
1948 4449 0 0 0 4449
1949 0 0 0 4381 4381
1950 0 4439 0 1 4440
1951 0 0 4410 0 4410
1952 4285 0 0 1 4286
1953 4282 0 0 0 4282
1954 0 0 4338 0 4338
1955 0 0 0 4206 4206
1956 3880 0 432 0 4312
1957 4292 0 0 0 4292
1958 0 0 4315 0 4315
1959 0 0 4313 1 4314
1960 4274 0 0 0 4274
1961 4277 0 0 0 4277
1962 4282 0 0 0 4282
1963 0 0 4285 0 4285
1964 0 0 4176 1 4177
1965 0 0 4212 2 4214
1966 0 0 0 4157 4157
1967 0 4166 0 1 4167
1968 0 0 1 4153 4154
1969 0 4159 0 1 4160
1970 0 4182 0 0 4182
1971 0 0 0 4174 4174
1972 0 4183 0 0 4183
1973 0 0 1 4254 4255
1974 4197 0 0 0 4197
1975 0 0 0 4177 4177
1976 0 0 1 4163 4164
1977 0 0 0 4181 4181
1978 0 0 0 4101 4101
1979 0 4125 0 7 4132
1980 0 4081 0 0 4081
1981 0 0 0 3837 3837
1982 3820 0 1 0 3821
1983 0 1 0 3802 3803
1984 3833 0 0 0 3833
1985 3790 0 0 2 3792
1986 0 0 0 3758 3758
1987 1780 1929 1 1 3711
1988 1 3716 0 1 3718
1989 3726 0 0 0 3726
1990 0 3726 0 1 3727
1991 3737 0 0 0 3737
1992 3683 0 0 0 3683
1993 3650 0 0 0 3650
1994 1 3670 0 0 3671
1995 3709 0 0 0 3709
1996 0 0 3673 0 3673
1997 3672 0 0 0 3672
1998 3642 1 0 0 3643
1999 1 0 3600 0 3601
2000 0 0 0 3413 3413
2001 0 3523 0 10 3533
2002 0 3572 0 1 3573
2003 0 1 0 3567 3568
2004 3609 0 0 0 3609
2005 3574 0 0 0 3574
2006 0 3525 1 0 3526
2007 0 0 0 3494 3494
2008 3560 0 0 0 3560
2009 0 0 0 3513 3513
2010 3514 0 0 0 3514
2011 0 0 0 3465 3465
2012 2 0 3422 0 3424
2013 0 3432 0 4 3436
2014 4 0 3459 0 3463
2015 8 0 3452 0 3460
2016 0 3483 0 0 3483
2017 3513 0 1 0 3514
2018 0 0 3533 0 3533
2019 3474 0 0 0 3474
2020 3442 0 0 0 3442
2021 0 1 0 3470 3471
2022 1 0 3478 0 3479
2023 3366 0 0 0 3366
2024 0 0 0 3436 3436
2025 0 0 3451 0 3451
2026 0 0 0 3423 3423
2027 0 3400 0 1 3401
2028 3450 0 0 0 3450
2029 0 1 0 3484 3485
2030 0 0 0 3528 3528
2031 3442 0 1 0 3443
2032 3415 0 0 0 3415
2033 3429 0 0 0 3429
2034 3405 0 0 0 3405
2035 0 0 3392 0 3392
2036 0 0 3463 1 3464
2037 0 0 3484 0 3484
2038 3431 0 12 0 3443
2039 3511 0 0 0 3511
2040 3497 0 0 0 3497
2041 3514 0 0 0 3514
2042 0 0 0 3477 3477
2043 0 0 1 3523 3524
2044 1 0 3522 0 3523
2045 3442 0 21 0 3463
2046 3474 0 1 1 3476
2047 0 0 3439 0 3439
2048 3383 0 0 0 3383
2049 0 0 0 3347 3347
2050 0 0 3350 0 3350
2051 3287 0 0 0 3287
2052 2997 0 269 0 3266
2053 1 0 3249 0 3250
2054 3232 0 0 0 3232
2055 3189 0 0 0 3189
2056 3181 0 1 0 3182
2057 0 0 3220 0 3220
2058 0 0 3133 0 3133
2059 3159 0 0 0 3159
2060 3178 0 0 0 3178
2061 0 1 0 3141 3142
2062 3156 1 0 0 3157
2063 13 0 3104 0 3117
2064 3086 0 0 0 3086
2065 0 0 0 3033 3033
2066 9 3046 0 61 3116
2067 6146 0 0 0 6146
2068 6118 1 1 9 6129
2069 0 0 0 6363 6363
2070 1 4 6421 0 6426
2071 0 0 6365 0 6365
2072 0 0 6280 0 6280
2073 1 0 6353 0 6354
2074 6340 1 7 0 6348
2075 6368 6 6 0 6380
2076 0 0 0 6364 6364
2077 0 0 6415 0 6415
2078 0 6375 0 7 6382
2079 6470 0 3 0 6473
2080 0 0 6411 0 6411
2081 0 0 0 6236 6236
2082 6354 0 2 0 6356
2083 0 0 0 6345 6345
2084 0 0 0 6444 6444
2085 6400 0 9 0 6409
2086 7 0 6333 0 6340
2087 0 6337 0 0 6337
2088 6397 7 1 0 6405
2089 0 0 6342 0 6342
2090 1 0 6214 0 6215
2091 0 6273 0 1 6274
2092 0 4 0 6312 6316
2093 0 0 0 6306 6306
2094 0 0 0 6313 6313
2095 0 6282 0 8 6290
2096 0 0 0 6289 6289
2097 0 6374 0 1 6375
2098 0 0 6377 1 6378
2099 1 0 0 6261 6262
2100 0 0 0 6336 6336
2101 6288 0 0 43 6331
2102 0 0 6260 0 6260
2103 0 0 0 6113 6113
2104 0 0 6174 0 6174
2105 3 0 6131 0 6134
2106 0 6183 1 0 6184
2107 6256 0 3 0 6259
2108 6240 0 0 0 6240
2109 1 0 6221 0 6222
2110 1 3 0 5875 5879
2111 6153 0 0 0 6153
2112 0 0 0 6140 6140
2113 0 0 6095 0 6095
2114 6057 0 1 0 6058
2115 0 6004 0 0 6004
2116 0 5918 0 0 5918
2117 2 5932 1 3 5938
2118 4167 7 0 0 4174
2119 0 0 4078 1 4079
2120 4030 2 0 0 4032
2121 0 0 0 3938 3938
2122 0 3978 0 1 3979
2123 0 0 0 3962 3962
2124 0 0 0 4038 4038
2125 0 0 3993 0 3993
2126 0 0 3965 0 3965
2127 3917 0 0 0 3917
2128 0 0 3925 0 3925
2129 3948 0 0 0 3948
2130 0 0 0 3877 3877
2131 0 0 0 3868 3868
2132 0 2 11 3806 3819
2133 0 3813 0 3 3816
2134 3869 0 1 0 3870
2135 3832 0 0 0 3832
2136 3777 0 0 0 3777
2137 3722 0 0 0 3722
2138 0 3754 0 0 3754
2139 0 0 0 3707 3707
2140 3712 1 0 0 3713
2141 0 0 0 3687 3687
2142 0 0 1 3668 3669
2143 1 0 3622 0 3623
2144 3672 0 0 0 3672
2145 3691 0 0 0 3691
2146 2 0 3646 0 3648
2147 3604 0 0 0 3604
2148 3542 1 0 0 3543
2149 0 4559 0 1 4560
2150 4 0 0 4478 4482
2151 0 1 0 4565 4566
2152 7 0 4549 0 4556
2153 4542 0 0 0 4542
2154 3535 0 0 0 3535
2155 3497 0 3 0 3500
2156 3490 0 13 0 3503
2157 16 0 3392 0 3408
2158 41 3339 0 0 3380
2159 0 0 1 5174 5175
2160 18 0 5118 0 5136
2161 5066 0 0 2 5068
2162 5067 0 0 0 5067
2163 4962 0 0 0 4962
2164 1 4945 0 1 4947
2165 0 4874 0 2 4876
2166 4841 0 4 0 4845
2167 10 0 3167 0 3177
2168 119 0 4599 0 4718
2169 0 1 4695 0 4696
2170 1 0 4730 0 4731
2171 4756 0 0 1 4757
2172 4769 0 1 0 4770
2173 4768 0 0 0 4768
2174 4759 0 0 0 4759
2175 4 0 4644 0 4648
2176 1 0 4527 2 4530
2177 0 4608 0 0 4608
2178 4674 0 6 0 4680
2179 4633 0 1 0 4634
2180 4581 0 0 0 4581
2181 1 4522 4 0 4527
2182 4681 0 7 0 4688
2183 0 0 1 4458 4459
2184 1 4520 0 0 4521
2185 0 0 0 4482 4482
2186 0 0 1 4528 4529
2187 1 0 4559 0 4560
2188 1 4527 0 2 4530
2189 0 0 0 4505 4505
2190 0 0 0 4463 4463
2191 0 0 0 4508 4508
2192 4496 0 3 1 4500
2193 0 0 0 4424 4424
2194 0 4283 0 89 4372
2195 4355 0 5 0 4360
2196 4364 0 0 0 4364
2197 0 0 4313 1 4314
2198 2 0 4257 0 4259
2199 4139 0 3 0 4142
2200 4143 0 0 0 4143
2201 4138 0 0 0 4138
2202 4092 0 0 0 4092
2203 1 4076 0 0 4077
2204 0 4081 0 1 4082
2205 4084 2 1 0 4087
2206 643 0 3422 0 4065
2207 3 0 0 4017 4020
2208 0 0 0 4007 4007
2209 4046 0 2 0 4048
2210 4079 0 0 0 4079
2211 4074 0 0 0 4074
2212 0 0 3977 0 3977
2213 49 0 3 3771 3823
2214 4044 0 0 0 4044
2215 0 0 4029 0 4029
2216 0 0 0 3770 3770
2217 1 0 3931 0 3932
2218 3940 0 0 0 3940
2219 3969 0 0 1 3970
2220 3987 0 0 1 3988
2221 3966 0 0 0 3966
2222 0 0 3894 0 3894
2223 105 0 3702 1 3808
2224 3821 0 0 0 3821
2225 3839 0 1 0 3840
2226 3831 0 3 0 3834
2227 3836 0 0 2 3838
2228 0 0 3805 0 3805
2229 0 0 3793 0 3793
2230 0 125 0 3347 3472
2231 3728 0 0 0 3728
2232 0 2 0 3747 3749
2233 3792 0 0 1 3793
2234 0 0 3761 0 3761
2235 1 2 0 3667 3670
2236 0 0 3685 2 3687
2237 1 3610 0 0 3611
2238 0 115 0 3489 3604
2239 1 113 0 3537 3651
2240 0 0 0 3656 3656
2241 12 0 3610 0 3622
2242 0 2 0 3538 3540
2243 0 3482 0 6 3488
2244 0 3549 0 0 3549
2245 3303 0 191 0 3494
2246 3454 0 0 1 3455
2247 0 0 0 3434 3434
2248 0 0 3482 0 3482
2249 3436 0 0 0 3436
2250 0 3458 0 0 3458
2251 3473 0 0 7 3480
2252 0 5 1 3431 3437
2253 0 0 1 3411 3412
2254 0 0 0 3400 3400
2255 0 3384 0 1 3385
2256 3357 0 3 0 3360
2257 0 3387 0 0 3387
2258 3231 0 133 0 3364
2259 3216 0 123 0 3339
2260 0 0 3338 0 3338
2261 0 0 3308 3 3311
2262 3320 0 0 0 3320
2263 3325 0 2 0 3327
2264 0 1 1 3263 3265
2265 0 109 0 3193 3302
2266 3290 0 14 0 3304
2267 3302 0 4 0 3306
2268 40 0 3183 1 3224
2269 3171 0 3 0 3174
2270 80 0 3046 0 3126
2271 3127 0 1 0 3128
2272 5 3110 0 0 3115
2273 3167 0 0 0 3167
2274 3176 0 0 0 3176
2275 3163 0 0 0 3163
2276 0 0 3019 0 3019
2277 2930 0 0 0 2930
2278 2911 0 4 0 2915
2279 0 0 0 2896 2896
2280 0 0 2811 12 2823
2281 2787 0 4 0 2791
2282 1 2772 0 0 2773
2283 2791 0 1 0 2792
2284 0 0 2783 0 2783
2285 0 0 3 2703 2706
2286 0 0 0 2713 2713
2287 3 0 2733 0 2736
2288 2616 0 82 0 2698
2289 0 0 2698 0 2698
2290 0 0 0 2537 2537
2291 1 2569 0 0 2570
2292 0 413 0 2181 2594
2293 2586 0 1 0 2587
2294 0 0 0 2532 2532
2295 0 0 2506 0 2506
2296 1 0 2448 0 2449
2297 91 0 2332 0 2423
2298 0 0 2431 0 2431
2299 0 0 0 2325 2325
2300 0 0 2369 0 2369
2301 0 0 2366 1 2367
2302 1655 0 662 0 2317
2303 0 2232 0 0 2232
2304 0 2251 0 0 2251
2305 1 0 0 2288 2289
2306 0 0 0 2326 2326
2307 0 0 2311 0 2311
2308 2259 0 0 0 2259
2309 0 0 2254 0 2254
2310 0 2156 0 0 2156
2311 0 0 0 2198 2198
2312 2235 0 0 0 2235
2313 2230 0 0 0 2230
2314 0 0 0 49 49
