0 0 0 0 0 0
1 382 0 0 0 382
2 0 0 0 395 395
3 0 0 394 0 394
4 393 0 0 0 393
5 0 403 0 0 403
6 400 0 0 0 400
7 0 0 0 410 410
8 0 0 0 411 411
9 403 0 2 0 405
10 0 3 412 0 415
11 0 455 0 0 455
12 0 474 0 6 480
13 479 0 0 0 479
14 483 0 0 0 483
15 481 0 0 0 481
16 480 0 0 0 480
17 0 0 0 485 485
18 0 1 0 490 491
19 1 0 483 0 484
20 473 0 0 0 473
21 485 0 0 0 485
22 0 2 0 480 482
23 0 0 0 487 487
24 1 0 486 0 487
25 0 0 0 485 485
26 0 0 0 489 489
27 488 0 0 0 488
28 489 0 0 0 489
29 485 0 0 0 485
30 335 51 100 0 486
31 0 490 0 0 490
32 485 0 0 0 485
33 482 0 0 0 482
34 0 486 0 0 486
35 0 0 0 487 487
36 0 0 484 0 484
37 0 476 0 0 476
38 0 1 0 488 489
39 487 0 0 0 487
40 492 0 0 0 492
41 0 0 493 0 493
42 0 0 564 0 564
43 0 0 571 0 571
44 571 0 0 0 571
45 0 584 0 0 584
46 588 0 0 0 588
47 586 0 0 0 586
48 0 4 0 589 593
49 0 0 585 0 585
50 591 0 0 0 591
51 0 0 589 5 594
52 0 0 654 0 654
53 0 675 0 0 675
54 0 687 0 3 690
55 705 0 0 0 705
56 712 0 0 0 712
57 715 0 0 0 715
58 736 0 0 0 736
59 0 745 0 0 745
60 750 0 0 0 750
61 0 0 780 0 780
62 0 1 0 776 777
63 0 1 2 783 786
64 0 1 0 793 794
65 0 1 0 799 800
66 0 0 794 3 797
67 788 0 0 0 788
68 789 0 0 0 789
69 7 0 790 0 797
70 1 795 0 1 797
71 801 0 2 0 803
72 804 0 1 0 805
73 811 0 0 0 811
74 0 807 0 0 807
75 813 0 0 0 813
76 811 0 0 0 811
77 0 807 0 0 807
78 808 0 0 0 808
79 0 0 806 0 806
80 0 0 0 793 793
81 806 0 0 0 806
82 0 0 805 0 805
83 750 54 1 0 805
84 0 809 0 0 809
85 0 823 0 0 823
86 822 0 0 0 822
87 824 0 0 0 824
88 0 2 0 831 833
89 838 0 0 0 838
90 0 0 0 840 840
91 827 0 9 0 836
92 824 0 0 1 825
93 0 831 3 0 834
94 829 0 0 0 829
95 0 0 3 833 836
96 831 0 0 0 831
97 836 0 0 0 836
98 0 0 0 840 840
99 839 0 0 0 839
100 861 0 0 3 864
101 0 0 905 0 905
102 937 0 0 0 937
103 934 0 0 0 934
104 941 0 0 0 941
105 935 0 0 0 935
106 0 0 0 944 944
107 0 0 0 938 938
108 0 940 0 0 940
109 955 0 0 0 955
110 949 0 0 0 949
111 0 0 0 949 949
112 950 0 0 0 950
113 0 960 0 0 960
114 964 0 0 0 964
115 0 0 0 959 959
116 0 966 0 0 966
117 971 0 0 0 971
118 971 0 0 0 971
119 0 0 976 0 976
120 1 0 961 0 962
121 959 0 0 0 959
122 0 0 0 976 976
123 1 0 0 983 984
124 0 0 982 0 982
125 976 0 0 0 976
126 958 0 0 0 958
127 979 0 0 2 981
128 975 0 0 0 975
129 0 0 973 0 973
130 974 0 0 1 975
131 977 0 0 0 977
132 0 0 0 982 982
133 0 978 0 0 978
134 0 998 0 0 998
135 0 0 0 998 998
136 0 0 0 993 993
137 1 995 0 0 996
138 1001 0 6 0 1007
139 0 1002 0 0 1002
140 0 0 0 1011 1011
141 1007 0 0 0 1007
142 1005 0 0 0 1005
143 0 0 1006 0 1006
144 1 0 1000 0 1001
145 998 0 0 0 998
146 0 0 0 1013 1013
147 1 0 1008 0 1009
148 1008 0 0 0 1008
149 1018 0 0 3 1021
150 0 0 935 0 935
151 0 1 0 905 906
152 1 0 917 0 918
153 0 0 891 0 891
154 0 0 876 0 876
155 0 929 0 2 931
156 0 938 0 0 938
157 959 4 0 3 966
158 0 0 0 980 980
159 0 0 983 0 983
160 0 0 0 965 965
161 0 0 994 0 994
162 0 0 0 991 991
163 0 0 0 1033 1033
164 0 1056 0 0 1056
165 0 0 0 1095 1095
166 1079 0 0 0 1079
167 1101 0 0 0 1101
168 8 1181 0 0 1189
169 0 0 0 1247 1247
170 1 0 0 1243 1244
171 0 0 0 1254 1254
172 0 1249 0 2 1251
173 0 1244 0 0 1244
174 0 1355 0 1 1356
175 0 0 0 1356 1356
176 0 0 0 1360 1360
177 0 0 1358 0 1358
178 3 0 1339 0 1342
179 0 1390 0 0 1390
180 0 0 0 1387 1387
181 0 1402 0 0 1402
182 0 0 0 1413 1413
183 1407 0 1 0 1408
184 1406 0 0 0 1406
185 0 1408 0 0 1408
186 0 1408 0 0 1408
187 1410 0 1 0 1411
188 1407 0 0 0 1407
189 0 0 1408 0 1408
190 0 0 1401 0 1401
191 1 0 1396 0 1397
192 0 1417 0 1 1418
193 2 0 1418 1 1421
194 1406 0 0 0 1406
195 0 1 0 1416 1417
196 1430 2 0 1 1433
197 0 0 1 1434 1435
198 0 0 1427 0 1427
199 0 0 1425 0 1425
200 0 1436 0 0 1436
201 1452 0 0 0 1452
202 1437 0 0 0 1437
203 1440 0 0 0 1440
204 0 1441 0 0 1441
205 1452 0 0 0 1452
206 0 0 1441 0 1441
207 1438 0 0 0 1438
208 1444 1 0 0 1445
209 0 0 0 1436 1436
210 1 1429 0 5 1435
211 0 1420 0 0 1420
212 0 1423 0 0 1423
213 0 1435 0 0 1435
214 0 0 0 1444 1444
215 0 0 0 1465 1465
216 0 0 1456 0 1456
217 0 0 1440 0 1440
218 1418 0 0 0 1418
219 1447 0 0 0 1447
220 0 0 0 1470 1470
221 1466 0 0 0 1466
222 0 1464 0 0 1464
223 1449 0 0 0 1449
224 1438 0 1 0 1439
225 1431 0 0 0 1431
226 107 0 1320 0 1427
227 0 0 1430 0 1430
228 0 0 1421 0 1421
229 1421 1 0 0 1422
230 0 0 0 1430 1430
231 1451 1 0 1 1453
232 0 1455 0 2 1457
233 1457 0 2 0 1459
234 1454 0 0 0 1454
235 0 1460 0 1 1461
236 0 0 0 1460 1460
237 0 1 0 1464 1465
238 1467 0 0 0 1467
239 1460 0 2 0 1462
240 1451 1 1 0 1453
241 1433 0 0 0 1433
242 0 1436 0 0 1436
243 1452 0 0 0 1452
244 1448 0 0 0 1448
245 1428 0 0 0 1428
246 0 1 0 1415 1416
247 0 0 1409 1 1410
248 0 1399 0 5 1404
249 0 0 0 1424 1424
250 0 0 1415 0 1415
251 1419 0 1 0 1420
252 1430 1 0 0 1431
253 0 0 1437 0 1437
254 1432 0 0 0 1432
255 0 1445 0 0 1445
256 1443 0 0 1 1444
257 0 0 0 1441 1441
258 1450 0 1 0 1451
259 0 0 1438 1 1439
260 0 0 1431 0 1431
261 1442 0 0 1 1443
262 1434 0 0 0 1434
263 0 1446 0 1 1447
264 0 1452 0 0 1452
265 1465 0 0 0 1465
266 1457 0 0 0 1457
267 1449 0 0 0 1449
268 0 0 1429 0 1429
269 0 0 1439 0 1439
270 0 1438 0 0 1438
271 3 1451 0 0 1454
272 1460 0 0 0 1460
273 1470 0 0 0 1470
274 1465 0 0 0 1465
275 0 0 0 1469 1469
276 0 0 1460 0 1460
277 0 0 0 1401 1401
278 0 0 1453 0 1453
279 0 1425 0 0 1425
280 0 1 0 1440 1441
281 0 1442 0 0 1442
282 1456 0 1 0 1457
283 1458 0 0 0 1458
284 0 0 0 1443 1443
285 1460 0 0 0 1460
286 0 0 1436 0 1436
287 0 1430 0 0 1430
288 1443 0 0 0 1443
289 0 0 1420 0 1420
290 0 1420 0 0 1420
291 1422 0 1 0 1423
292 0 0 1415 0 1415
293 0 0 0 1396 1396
294 0 0 0 1417 1417
295 1404 0 1 0 1405
296 0 1414 0 0 1414
297 0 0 0 1398 1398
298 0 0 0 1406 1406
299 0 0 1389 0 1389
300 0 0 1377 0 1377
301 0 2 0 1306 1308
302 0 0 1399 0 1399
303 1 0 1405 0 1406
304 1417 0 1 0 1418
305 1433 0 0 0 1433
306 0 0 0 1421 1421
307 1296 0 113 0 1409
308 0 1428 0 0 1428
309 1430 0 0 0 1430
310 0 212 0 1216 1428
311 1431 0 1 0 1432
312 0 1 0 1413 1414
313 10 0 1411 0 1421
314 0 2 1413 0 1415
315 1404 0 0 0 1404
316 0 1403 0 0 1403
317 0 1407 0 0 1407
318 1448 0 0 1 1449
319 1422 0 0 0 1422
320 0 0 0 1431 1431
321 1447 0 0 0 1447
322 0 0 1437 0 1437
323 0 0 1427 0 1427
324 1411 0 0 0 1411
325 1 0 1418 0 1419
326 1419 0 0 0 1419
327 0 1402 0 0 1402
328 1422 0 0 0 1422
329 0 1442 0 0 1442
330 5 0 1436 5 1446
331 0 0 1450 0 1450
332 1445 0 0 0 1445
333 1464 0 3 0 1467
334 0 0 1480 0 1480
335 0 1 1522 0 1523
336 0 0 0 1469 1469
337 0 0 0 1519 1519
338 0 0 0 1542 1542
339 0 0 0 1553 1553
340 0 0 1546 0 1546
341 1541 0 0 0 1541
342 1557 0 0 0 1557
343 1560 0 1 0 1561
344 1 0 1554 0 1555
345 3 0 1548 0 1551
346 0 0 1558 0 1558
347 1 1 0 1501 1503
348 0 1519 0 0 1519
349 0 0 0 1539 1539
350 1534 0 0 0 1534
351 3 1511 0 0 1514
352 1 0 1521 0 1522
353 1512 0 0 0 1512
354 1506 0 3 0 1509
355 1508 0 1 0 1509
356 0 0 1496 0 1496
357 0 1513 0 4 1517
358 0 0 0 1530 1530
359 0 0 0 1534 1534
360 0 0 0 1546 1546
361 0 0 0 1540 1540
362 0 0 0 1526 1526
363 0 0 0 1511 1511
364 0 1484 0 4 1488
365 0 0 0 1471 1471
366 0 1464 2 0 1466
367 1480 0 0 0 1480
368 1 0 1490 0 1491
369 1492 0 0 0 1492
370 1484 0 3 0 1487
371 1491 0 0 0 1491
372 1459 0 0 0 1459
373 1458 0 0 0 1458
374 0 59 0 1401 1460
375 74 0 1356 1 1431
376 1419 0 1 0 1420
377 0 0 1423 0 1423
378 1420 0 0 0 1420
379 0 1427 0 0 1427
380 0 0 0 1411 1411
381 2 0 0 1427 1429
382 1 0 1406 0 1407
383 1386 0 0 1 1387
384 0 1370 0 5 1375
385 1316 0 0 0 1316
386 1283 0 0 0 1283
387 3 1287 0 2 1292
388 1 0 1288 0 1289
389 0 1264 0 1 1265
390 0 1278 0 0 1278
391 1266 0 0 0 1266
392 0 1279 0 1 1280
393 2 0 0 1264 1266
394 0 0 0 1267 1267
395 0 0 1292 0 1292
396 0 0 1260 0 1260
397 2 0 1247 0 1249
398 1 0 1266 0 1267
399 0 1256 0 0 1256
400 0 1273 0 0 1273
401 0 0 1287 0 1287
402 1 0 1266 0 1267
403 1210 0 18 0 1228
404 0 0 0 1279 1279
405 1283 0 0 0 1283
406 1257 0 7 0 1264
407 0 1278 0 0 1278
408 0 0 0 1275 1275
409 0 0 0 1279 1279
410 0 0 0 1278 1278
411 1 0 0 1289 1290
412 0 0 1272 0 1272
413 0 0 1237 0 1237
414 0 1243 3 5 1251
415 0 1228 0 1 1229
416 0 1245 0 1 1246
417 1251 0 1 0 1252
418 0 0 1241 0 1241
419 0 0 0 1226 1226
420 0 0 0 1247 1247
421 0 0 1253 0 1253
422 1256 0 0 0 1256
423 1273 0 0 0 1273
424 1267 1 1 0 1269
425 0 0 1264 0 1264
426 1269 0 0 0 1269
427 0 0 1269 0 1269
428 0 0 0 1184 1184
429 16 0 1227 0 1243
430 1257 0 0 0 1257
431 0 0 1323 0 1323
432 1337 0 0 0 1337
433 1350 0 1 0 1351
434 1360 0 0 0 1360
435 1364 0 0 0 1364
436 1369 0 0 0 1369
437 2 0 1353 0 1355
438 1317 0 0 0 1317
439 0 0 1339 0 1339
440 0 0 0 1269 1269
441 1306 0 1 0 1307
442 0 1262 0 0 1262
443 2 1 0 1262 1265
444 1149 0 116 0 1265
445 0 1233 0 0 1233
446 0 0 0 1235 1235
447 1243 0 0 0 1243
448 1236 0 0 0 1236
449 1196 0 0 1 1197
450 0 1223 0 0 1223
451 0 1197 0 0 1197
452 0 1210 0 0 1210
453 0 1 0 1182 1183
454 0 1220 0 0 1220
455 1 0 0 1190 1191
456 0 1214 0 0 1214
457 1183 0 0 0 1183
458 0 1190 0 0 1190
459 0 1197 0 0 1197
460 1202 1 1 0 1204
461 1191 0 0 0 1191
462 0 0 1209 0 1209
463 0 0 1182 0 1182
464 1197 0 0 0 1197
465 1206 0 1 0 1207
466 1200 0 0 0 1200
467 0 0 0 1166 1166
468 1 0 1175 0 1176
469 0 1160 0 0 1160
470 0 1167 0 2 1169
471 0 0 2 1157 1159
472 0 1160 0 0 1160
473 2 1183 0 0 1185
474 0 0 1202 0 1202
475 0 0 1188 0 1188
476 1179 0 0 0 1179
477 0 0 0 1181 1181
478 0 0 1176 0 1176
479 1159 0 0 2 1161
480 1 2 1151 0 1154
481 0 0 1131 1 1132
482 0 1129 0 0 1129
483 0 0 1139 0 1139
484 1107 0 1 0 1108
485 1 0 1133 0 1134
486 0 1147 0 0 1147
487 1144 0 0 0 1144
488 1137 0 0 0 1137
489 0 0 0 1161 1161
490 0 0 1188 0 1188
491 0 0 0 1183 1183
492 0 0 1259 0 1259
493 1262 0 0 0 1262
494 1 0 0 1263 1264
495 1269 0 0 0 1269
496 1263 0 0 0 1263
497 0 0 0 1340 1340
498 0 0 1338 0 1338
499 1 0 1384 0 1385
500 1387 0 3 0 1390
501 1418 0 1 0 1419
502 1408 0 0 0 1408
503 0 0 0 1410 1410
504 1417 0 0 0 1417
505 0 1 1 1411 1413
506 0 0 0 1422 1422
507 3 0 1415 0 1418
508 0 0 0 1401 1401
509 0 0 0 1398 1398
510 1 1384 0 0 1385
511 0 1376 0 0 1376
512 0 1411 0 0 1411
513 0 0 0 1436 1436
514 1416 0 0 0 1416
515 1404 0 1 0 1405
516 1389 0 0 0 1389
517 0 0 1410 0 1410
518 1401 0 0 0 1401
519 1409 0 0 0 1409
520 0 0 1399 0 1399
521 0 1397 0 1 1398
522 1425 0 0 1 1426
523 0 0 1440 2 1442
524 1 0 1445 1 1447
525 1467 0 0 0 1467
526 1465 0 0 0 1465
527 1 0 0 1445 1446
528 1468 0 0 0 1468
529 0 1450 0 0 1450
530 0 1468 0 0 1468
531 1497 0 0 1 1498
532 1577 0 2 0 1579
533 0 0 1555 0 1555
534 1561 0 0 0 1561
535 0 0 1572 0 1572
536 1586 0 0 0 1586
537 1574 0 0 0 1574
538 0 0 0 1557 1557
539 0 1563 0 0 1563
540 0 1577 0 1 1578
541 1567 0 0 1 1568
542 0 1601 0 0 1601
543 0 0 0 1578 1578
544 0 0 0 1598 1598
545 0 0 1589 0 1589
546 0 0 1578 0 1578
547 1564 0 0 0 1564
548 0 1 0 1576 1577
549 1586 0 0 0 1586
550 0 1572 0 3 1575
551 1568 0 0 0 1568
552 0 0 0 1555 1555
553 1554 0 2 0 1556
554 0 0 1563 0 1563
555 2 0 1533 0 1535
556 0 0 1561 0 1561
557 1553 0 0 0 1553
558 1583 0 0 0 1583
559 0 1562 0 0 1562
560 0 0 0 1585 1585
561 20 0 1573 0 1593
562 1591 0 0 0 1591
563 0 0 0 1594 1594
564 1601 0 0 0 1601
565 1598 0 0 0 1598
566 1577 0 0 0 1577
567 1584 0 1 0 1585
568 1 0 1610 2 1613
569 1626 0 0 0 1626
570 1652 0 0 0 1652
571 1664 0 2 0 1666
572 1679 0 0 0 1679
573 1676 0 1 0 1677
574 1665 0 0 0 1665
575 7 0 1654 0 1661
576 1657 0 0 0 1657
577 0 0 1706 0 1706
578 1714 0 0 0 1714
579 1727 0 5 0 1732
580 1722 0 0 0 1722
581 1721 0 0 0 1721
582 1703 0 8 0 1711
583 1 0 0 1700 1701
584 1 0 0 1692 1693
585 4 0 1686 0 1690
586 1675 0 0 0 1675
587 1690 0 1 0 1691
588 1689 0 0 0 1689
589 0 0 1692 0 1692
590 0 0 1680 0 1680
591 1692 0 0 0 1692
592 1697 0 0 0 1697
593 6 1690 0 0 1696
594 1686 0 0 1 1687
595 1679 0 0 0 1679
596 0 1 0 1679 1680
597 1 0 1678 0 1679
598 1663 0 0 0 1663
599 0 1 0 1677 1678
600 1670 0 0 0 1670
601 1658 0 0 0 1658
602 0 1692 0 3 1695
603 0 0 0 1662 1662
604 0 1696 0 0 1696
605 0 1697 0 2 1699
606 1718 0 1 0 1719
607 1691 0 0 0 1691
608 0 0 0 1666 1666
609 2 1703 0 1 1706
610 1 0 1704 0 1705
611 0 2 0 1659 1661
612 1708 0 0 0 1708
613 0 1746 0 0 1746
614 0 0 0 1740 1740
615 1 7 1734 0 1742
616 0 0 1716 0 1716
617 0 1743 0 0 1743
618 1756 0 0 1 1757
619 0 1 0 1763 1764
620 1745 0 0 1 1746
621 0 1763 0 0 1763
622 1775 0 0 0 1775
623 0 0 0 1753 1753
624 0 0 1750 0 1750
625 5 1756 0 0 1761
626 0 0 0 1799 1799
627 0 0 0 1818 1818
628 0 0 1810 0 1810
629 1807 0 0 0 1807
630 1819 0 1 0 1820
631 1815 0 0 0 1815
632 0 0 1818 0 1818
633 1825 0 0 0 1825
634 0 0 1812 0 1812
635 1820 0 0 0 1820
636 1821 0 0 0 1821
637 0 1849 0 1 1850
638 0 1 0 1853 1854
639 0 0 1848 0 1848
640 0 0 1831 0 1831
641 0 1 0 1816 1817
642 0 0 0 1866 1866
643 1 0 1851 0 1852
644 0 1905 0 0 1905
645 0 0 0 1924 1924
646 0 1948 0 0 1948
647 2 0 1952 0 1954
648 1916 0 2 0 1918
649 1939 0 1 0 1940
650 0 0 1975 0 1975
651 1962 0 0 0 1962
652 1970 0 0 1 1971
653 1 0 1989 0 1990
654 1988 0 0 1 1989
655 0 0 0 1997 1997
656 0 0 0 1994 1994
657 0 1989 0 0 1989
658 0 0 0 1990 1990
659 0 0 0 1988 1988
660 1 0 1964 0 1965
661 0 1961 0 5 1966
662 0 1970 0 0 1970
663 1980 0 1 0 1981
664 0 0 1963 0 1963
665 0 0 0 1940 1940
666 0 0 1960 2 1962
667 0 0 1967 0 1967
668 0 1965 0 0 1965
669 1975 0 0 0 1975
670 0 0 1975 0 1975
671 0 0 1895 0 1895
672 1742 2 0 0 1744
673 0 0 1734 0 1734
674 0 1744 0 2 1746
675 1774 0 2 7 1783
676 1921 0 0 0 1921
677 0 1725 1 0 1726
678 1829 0 0 0 1829
679 1 1 0 1661 1663
680 0 1740 0 0 1740
681 1758 0 0 0 1758
682 0 0 1719 0 1719
683 0 1791 0 0 1791
684 0 1 0 1798 1799
685 0 0 1844 1 1845
686 1712 0 0 0 1712
687 0 0 1833 2 1835
688 0 0 0 1662 1662
689 0 1 0 1832 1833
690 0 1769 0 2 1771
691 1798 0 0 0 1798
692 0 0 0 1851 1851
693 1866 0 0 0 1866
694 1 0 1751 0 1752
695 1775 0 0 1 1776
696 1918 0 1 0 1919
697 1949 0 0 0 1949
698 0 0 0 1752 1752
699 0 0 1762 1 1763
700 0 1800 0 0 1800
701 0 0 0 1853 1853
702 1867 0 0 0 1867
703 0 1847 0 1 1848
704 1816 0 0 0 1816
705 0 1846 0 0 1846
706 0 1 0 1799 1800
707 1 0 1860 0 1861
708 0 1866 0 0 1866
709 0 1 1 1875 1877
710 0 0 0 1976 1976
711 1898 0 1 2 1901
712 0 1876 0 0 1876
713 1913 0 1 0 1914
714 1992 0 1 0 1993
715 0 0 1849 0 1849
716 1 0 1939 4 1944
717 0 1 1 1353 1355
718 0 0 1788 0 1788
719 1777 0 5 0 1782
720 1957 0 6 0 1963
721 2011 0 0 0 2011
722 2035 0 0 0 2035
723 0 0 0 1767 1767
724 0 1 0 1902 1903
725 0 0 1791 1 1792
726 2 0 1900 0 1902
727 1754 0 3 0 1757
728 7 0 1782 0 1789
729 1801 0 1 0 1802
730 4 1779 0 0 1783
731 1860 0 0 0 1860
732 1926 0 1 0 1927
733 1944 0 0 0 1944
734 0 0 1 1731 1732
735 1835 0 0 0 1835
736 0 2 0 1724 1726
737 1806 0 1 0 1807
738 0 0 0 1646 1646
739 0 1617 0 0 1617
740 1647 0 0 0 1647
741 1 1657 0 0 1658
742 0 1770 0 0 1770
743 0 1798 0 0 1798
744 1652 0 0 0 1652
745 0 0 1691 0 1691
746 0 0 1740 0 1740
747 1574 0 9 0 1583
748 0 0 1688 0 1688
749 0 0 1757 0 1757
750 1 0 1791 0 1792
751 1650 0 0 0 1650
752 1768 0 0 0 1768
753 0 1 0 1716 1717
754 1766 0 0 0 1766
755 1810 0 0 2 1812
756 1815 0 0 0 1815
757 0 0 0 1660 1660
758 0 0 0 1766 1766
759 1749 0 0 0 1749
760 1781 0 3 1 1785
761 0 1666 0 0 1666
762 0 0 0 1668 1668
763 0 0 1672 0 1672
764 1698 0 0 0 1698
765 0 0 1677 0 1677
766 0 0 0 1629 1629
767 1 1703 0 0 1704
768 0 1771 0 0 1771
769 1756 1 1 0 1758
770 0 0 1742 1 1743
771 2 0 1760 1 1763
772 0 0 1 1517 1518
773 0 1708 0 0 1708
774 0 1 0 1719 1720
775 1 1748 0 0 1749
776 1785 0 0 0 1785
777 1816 0 0 0 1816
778 0 0 1 1718 1719
779 0 1740 0 0 1740
780 1765 0 0 0 1765
781 1817 0 0 0 1817
782 0 0 0 1778 1778
783 1 0 1781 0 1782
784 1785 0 0 0 1785
785 0 0 0 1789 1789
786 1797 0 0 0 1797
787 0 0 1760 0 1760
788 0 1 0 1693 1694
789 1784 0 0 0 1784
790 0 0 1756 0 1756
791 1 1735 0 4 1740
792 0 0 0 1780 1780
793 0 0 0 1838 1838
794 0 0 1814 0 1814
795 0 0 0 1753 1753
796 1800 1 0 0 1801
797 2 0 1798 0 1800
798 0 0 1852 0 1852
799 1812 0 0 0 1812
800 1931 0 0 0 1931
801 1960 0 1 1 1962
802 1971 0 0 0 1971
803 0 0 0 1904 1904
804 1918 0 0 0 1918
805 1942 0 0 0 1942
806 0 1 0 1865 1866
807 0 1858 0 1 1859
808 1977 0 1 0 1978
809 1 0 1947 0 1948
810 1914 0 49 0 1963
811 2006 0 0 0 2006
812 0 0 1946 2 1948
813 1946 0 0 1 1947
814 0 0 0 1940 1940
815 0 1994 0 0 1994
816 2033 0 0 0 2033
817 2033 0 0 0 2033
818 0 0 0 1972 1972
819 2027 0 0 0 2027
820 1 0 2031 3 2035
821 0 3 0 2000 2003
822 0 2067 0 4 2071
823 0 0 2064 4 2068
824 0 1996 0 0 1996
825 0 0 0 1997 1997
826 0 0 0 2068 2068
827 1 2017 0 0 2018
828 2050 0 1 0 2051
829 2055 0 0 2 2057
830 2064 2 0 0 2066
831 1 2030 0 0 2031
832 0 2049 0 0 2049
833 0 2078 0 1 2079
834 2002 0 0 1 2003
835 7 2071 0 0 2078
836 0 0 0 2047 2047
837 3 0 2015 0 2018
838 0 1 2039 0 2040
839 2028 1 0 0 2029
840 0 0 2053 0 2053
841 0 1920 0 127 2047
842 0 0 0 2075 2075
843 2068 0 0 0 2068
844 1 0 2052 0 2053
845 0 2070 0 0 2070
846 0 1 0 2076 2077
847 0 0 2091 0 2091
848 0 0 0 2069 2069
849 2108 0 3 0 2111
850 0 0 2116 0 2116
851 2122 0 0 0 2122
852 2155 0 0 0 2155
853 2165 0 0 0 2165
854 0 0 0 2120 2120
855 0 1 0 2160 2161
856 0 0 2138 0 2138
857 0 2134 0 1 2135
858 2188 0 0 0 2188
859 2200 0 1 0 2201
860 2198 0 0 1 2199
861 0 2156 0 0 2156
862 2169 0 0 0 2169
863 2184 0 0 0 2184
864 0 0 2139 0 2139
865 2128 0 1 0 2129
866 1 2159 0 0 2160
867 0 0 0 2183 2183
868 0 0 2213 0 2213
869 0 0 1 2151 2152
870 0 0 2201 0 2201
871 2195 0 0 2 2197
872 0 0 0 2205 2205
873 2235 0 0 0 2235
874 1 0 2212 0 2213
875 2193 0 0 0 2193
876 0 0 0 2191 2191
877 2200 0 1 0 2201
878 1 2219 0 0 2220
879 0 0 0 2241 2241
880 3 0 2241 0 2244
881 2250 0 0 0 2250
882 2234 0 0 0 2234
883 2 2232 0 0 2234
884 0 2248 0 0 2248
885 0 8 0 2243 2251
886 0 0 0 2267 2267
887 0 3 0 2281 2284
888 2281 0 0 0 2281
889 2291 0 0 0 2291
890 2275 0 0 0 2275
891 5 0 2237 0 2242
892 0 0 0 2184 2184
893 1 2230 0 0 2231
894 2263 0 1 0 2264
895 0 0 0 2251 2251
896 0 0 2240 0 2240
897 1 0 2 2210 2213
898 1 2249 0 0 2250
899 0 0 0 2244 2244
900 8 0 2234 0 2242
901 2 0 2227 0 2229
902 1 2219 0 0 2220
903 2226 1 1 0 2228
904 0 0 2230 0 2230
905 1 2204 0 0 2205
906 0 2247 0 1 2248
907 2151 0 1 101 2253
908 0 0 0 2240 2240
909 2246 0 1 0 2247
910 2 0 2221 0 2223
911 2194 0 0 1 2195
912 0 2227 0 0 2227
913 2 0 2229 0 2231
914 2 0 2218 1 2221
915 2175 0 5 1 2181
916 1 0 2202 0 2203
917 3 0 2201 0 2204
918 0 5 0 2056 2061
919 0 0 2182 0 2182
920 2191 0 1 0 2192
921 0 0 0 2201 2201
922 0 0 2201 0 2201
923 1 0 0 2184 2185
924 2195 0 0 0 2195
925 0 0 2180 0 2180
926 0 2182 0 0 2182
927 0 10 0 2167 2177
928 0 0 0 2199 2199
929 0 0 2197 0 2197
930 1 0 0 2168 2169
931 2 0 2183 0 2185
932 2158 0 1 1 2160
933 0 2187 0 0 2187
934 2176 0 0 0 2176
935 0 1 0 2149 2150
936 2163 0 0 0 2163
937 2158 0 0 0 2158
938 0 0 0 2153 2153
939 2155 0 0 0 2155
940 2161 0 3 0 2164
941 0 0 2111 0 2111
942 2093 0 0 0 2093
943 2 0 2101 0 2103
944 0 2117 0 0 2117
945 0 2 0 2101 2103
946 3 0 2111 0 2114
947 0 2085 0 1 2086
948 2125 0 0 0 2125
949 0 0 0 2100 2100
950 0 0 0 2102 2102
951 2120 0 0 0 2120
952 0 0 2115 0 2115
953 0 0 2097 0 2097
954 2090 0 1 0 2091
955 1 2067 0 0 2068
956 0 1 0 2107 2108
957 2110 0 0 0 2110
958 2104 0 0 0 2104
959 2089 0 0 0 2089
960 0 0 2085 0 2085
961 2065 0 2 0 2067
962 0 0 1 2063 2064
963 0 2080 1 0 2081
964 2083 0 3 0 2086
965 2 0 2084 0 2086
966 2047 0 1 0 2048
967 4 2076 0 0 2080
968 2077 0 0 0 2077
969 2100 0 0 0 2100
970 2079 0 0 0 2079
971 0 0 2074 0 2074
972 2041 0 25 0 2066
973 1 2059 0 0 2060
974 2083 0 0 0 2083
975 2065 0 0 0 2065
976 2050 0 0 0 2050
977 5 0 2030 0 2035
978 2038 0 1 0 2039
979 0 0 1 1991 1992
980 0 0 0 2006 2006
981 0 1 0 2019 2020
982 1 0 2005 0 2006
983 0 0 1994 0 1994
984 1986 0 6 1 1993
985 2 1997 0 0 1999
986 1 0 1982 0 1983
987 3 0 1960 0 1963
988 0 1952 0 0 1952
989 0 0 0 1952 1952
990 2 1 21 1942 1966
991 0 0 1954 0 1954
992 1927 0 5 0 1932
993 1 0 1923 4 1928
994 0 1904 0 0 1904
995 0 0 0 1953 1953
996 1961 0 1 0 1962
997 1962 0 0 0 1962
998 1978 0 1 0 1979
999 1969 0 1 0 1970
1000 1980 0 1 0 1981
1001 6 0 1949 0 1955
1002 1940 0 0 0 1940
1003 1962 0 1 0 1963
1004 4 2 0 1951 1957
1005 1963 1 0 0 1964
1006 1 0 0 1892 1893
1007 4 1920 0 0 1924
1008 1929 0 0 0 1929
1009 2 0 1917 0 1919
1010 0 0 1893 0 1893
1011 1855 0 0 0 1855
1012 1899 0 1 0 1900
1013 1 0 1925 0 1926
1014 1945 0 0 0 1945
1015 0 0 1951 0 1951
1016 1 0 1957 0 1958
1017 1944 0 4 1 1949
1018 0 0 0 1923 1923
1019 0 0 0 1928 1928
1020 0 1930 0 0 1930
1021 1964 0 1 0 1965
1022 1958 0 1 0 1959
1023 1961 0 0 0 1961
1024 1951 0 0 0 1951
1025 1935 0 0 0 1935
1026 0 3 0 1929 1932
1027 0 0 1908 0 1908
1028 1886 2 0 0 1888
1029 0 0 0 1880 1880
1030 0 0 1889 4 1893
1031 1864 0 0 0 1864
1032 1869 0 0 0 1869
1033 0 0 1869 0 1869
1034 1838 0 0 0 1838
1035 1837 0 0 0 1837
1036 1835 0 0 0 1835
1037 0 0 0 1808 1808
1038 1819 0 0 0 1819
1039 0 0 0 1800 1800
1040 0 0 0 1824 1824
1041 1834 0 0 0 1834
1042 1808 0 0 3 1811
1043 0 0 1 1780 1781
1044 1794 1 0 0 1795
1045 0 0 1764 0 1764
1046 0 0 1741 0 1741
1047 0 0 1724 0 1724
1048 1727 0 2 0 1729
1049 1740 3 0 0 1743
1050 0 1748 0 0 1748
1051 1 0 1746 0 1747
1052 0 0 1763 0 1763
1053 1761 0 3 0 1764
1054 1756 0 0 0 1756
1055 0 1754 0 0 1754
1056 1784 0 0 0 1784
1057 1779 0 0 0 1779
1058 0 0 0 1734 1734
1059 1747 0 0 0 1747
1060 0 1735 0 0 1735
1061 1756 0 0 0 1756
1062 0 0 1759 0 1759
1063 1743 0 0 0 1743
1064 1747 0 1 0 1748
1065 0 0 1750 0 1750
1066 1727 0 0 0 1727
1067 0 0 0 1729 1729
1068 0 0 0 1761 1761
1069 0 0 1751 0 1751
1070 0 0 1747 0 1747
1071 1737 0 4 0 1741
1072 1735 0 0 0 1735
1073 0 0 0 1726 1726
1074 1729 0 2 0 1731
1075 1 0 0 1735 1736
1076 0 0 1737 0 1737
1077 1 0 1714 0 1715
1078 1 0 1692 0 1693
1079 1673 0 1 0 1674
1080 6 1666 0 0 1672
1081 0 0 1683 1 1684
1082 0 0 1679 0 1679
1083 0 0 1691 0 1691
1084 0 0 1710 1 1711
1085 1700 0 2 0 1702
1086 1717 0 2 0 1719
1087 0 0 1715 0 1715
1088 1727 0 0 0 1727
1089 4 0 1721 0 1725
1090 0 0 1718 0 1718
1091 1707 0 0 0 1707
1092 0 0 1747 0 1747
1093 0 0 0 1724 1724
1094 0 0 0 1723 1723
1095 0 1709 0 0 1709
1096 6 1718 0 1 1725
1097 1749 0 1 0 1750
1098 0 0 0 1757 1757
1099 0 0 1768 0 1768
1100 0 0 0 1721 1721
1101 1752 0 0 0 1752
1102 1730 0 0 0 1730
1103 0 0 1749 0 1749
1104 1706 0 0 0 1706
1105 0 0 1 1713 1714
1106 1 1 1725 0 1727
1107 0 1 0 1677 1678
1108 0 0 1721 0 1721
1109 3 0 1736 0 1739
1110 0 1 0 1676 1677
1111 0 0 1705 0 1705
1112 1716 0 0 0 1716
1113 1713 0 0 0 1713
1114 0 0 0 1713 1713
1115 1 0 1680 0 1681
1116 1 1672 0 0 1673
1117 1677 0 0 1 1678
1118 0 0 1718 0 1718
1119 1 0 1720 1 1722
1120 0 0 1896 0 1896
1121 0 0 1924 0 1924
1122 1923 0 7 0 1930
1123 1919 0 2 0 1921
1124 0 0 0 1928 1928
1125 1920 0 0 0 1920
1126 0 0 1 1933 1934
1127 0 0 0 1952 1952
1128 1930 0 0 0 1930
1129 1948 1 0 0 1949
1130 1981 0 0 0 1981
1131 1978 0 0 0 1978
1132 1978 0 0 0 1978
1133 1954 0 5 0 1959
1134 1 0 1970 0 1971
1135 1961 0 0 0 1961
1136 0 0 1988 0 1988
1137 0 0 0 1918 1918
1138 2003 0 0 0 2003
1139 1995 0 0 0 1995
1140 1992 0 0 0 1992
1141 1992 0 0 0 1992
1142 0 0 0 1979 1979
1143 0 0 1970 0 1970
1144 1957 16 1 0 1974
1145 1966 0 0 0 1966
1146 1975 0 0 0 1975
1147 0 1986 0 0 1986
1148 0 0 0 1962 1962
1149 3 0 1981 0 1984
1150 0 0 2005 0 2005
1151 1977 0 7 0 1984
1152 1991 0 4 0 1995
1153 1988 0 0 0 1988
1154 1999 0 0 0 1999
1155 1997 0 0 0 1997
1156 0 1993 0 0 1993
1157 0 1 0 1967 1968
1158 1976 0 0 0 1976
1159 0 1984 0 1 1985
1160 0 0 0 1986 1986
1161 0 0 1978 0 1978
1162 1966 0 0 0 1966
1163 0 0 0 1966 1966
1164 1977 0 1 0 1978
1165 1969 0 0 0 1969
1166 1944 0 0 0 1944
1167 0 0 0 1930 1930
1168 0 0 0 1917 1917
1169 0 1913 0 1 1914
1170 1919 0 1 0 1920
1171 0 0 1909 0 1909
1172 0 1890 0 1 1891
1173 0 1902 0 0 1902
1174 1920 0 0 0 1920
1175 1928 0 0 0 1928
1176 1933 0 0 0 1933
1177 1925 0 1 0 1926
1178 1919 0 1 0 1920
1179 0 1 1948 4 1953
1180 0 0 1920 0 1920
1181 1912 0 10 0 1922
1182 0 0 1954 2 1956
1183 0 0 1963 0 1963
1184 1961 0 1 0 1962
1185 0 0 0 1945 1945
1186 1967 0 1 1 1969
1187 0 0 1 1995 1996
1188 0 0 1989 0 1989
1189 1970 0 0 0 1970
1190 0 0 1995 0 1995
1191 1955 0 0 0 1955
1192 0 0 1962 0 1962
1193 1990 0 0 0 1990
1194 0 0 1 2000 2001
1195 0 0 0 2027 2027
1196 0 0 0 2051 2051
1197 2068 0 0 0 2068
1198 2085 1 0 0 2086
1199 0 0 0 2086 2086
1200 2090 0 1 0 2091
1201 2091 0 0 0 2091
1202 0 0 0 2140 2140
1203 0 2199 0 0 2199
1204 0 0 0 2169 2169
1205 0 13 1 2188 2202
1206 2200 0 0 0 2200
1207 0 0 0 2205 2205
1208 1 0 2208 0 2209
1209 0 2188 0 1 2189
1210 2211 0 13 0 2224
1211 0 0 0 2273 2273
1212 2 0 2284 2 2288
1213 2 0 2277 0 2279
1214 0 0 1 2168 2169
1215 2292 0 0 0 2292
1216 0 0 1 2321 2322
1217 0 0 0 2358 2358
1218 0 0 0 2346 2346
1219 0 0 0 2356 2356
1220 0 2361 0 0 2361
1221 0 2 0 2351 2353
1222 0 2353 0 6 2359
1223 2395 0 0 0 2395
1224 2389 0 0 0 2389
1225 0 0 2385 0 2385
1226 2381 0 0 0 2381
1227 0 2399 0 0 2399
1228 2408 0 0 0 2408
1229 0 2448 0 0 2448
1230 0 0 0 2457 2457
1231 2454 0 2 0 2456
1232 1 0 2483 0 2484
1233 151 0 2328 1 2480
1234 2464 0 0 0 2464
1235 0 1 0 2472 2473
1236 1 0 2485 1 2487
1237 0 2 0 2484 2486
1238 0 0 1 2474 2475
1239 0 2462 0 8 2470
1240 0 2468 0 1 2469
1241 2489 0 2 0 2491
1242 2483 2 0 0 2485
1243 2 0 2495 1 2498
1244 0 0 2476 0 2476
1245 17 0 2463 1 2481
1246 3 0 2495 0 2498
1247 0 0 0 2389 2389
1248 0 0 2453 0 2453
1249 2484 0 1 0 2485
1250 1 0 2538 0 2539
1251 2548 0 0 0 2548
1252 0 0 2574 0 2574
1253 1 0 2590 0 2591
1254 2558 1 1 0 2560
1255 0 0 2591 0 2591
1256 2597 0 0 0 2597
1257 2613 0 1 0 2614
1258 2632 0 0 0 2632
1259 0 0 0 2637 2637
1260 2653 1 4 0 2658
1261 2651 0 0 0 2651
1262 2663 1 0 0 2664
1263 0 0 0 2695 2695
1264 0 0 1 2689 2690
1265 0 1 0 2695 2696
1266 0 0 0 2725 2725
1267 0 2723 0 0 2723
1268 0 0 0 2728 2728
1269 0 0 0 2740 2740
1270 2746 0 0 0 2746
1271 2751 1 2 0 2754
1272 0 0 0 2705 2705
1273 0 2736 0 1 2737
1274 1 0 2728 0 2729
1275 2659 0 5 4 2668
1276 0 0 2677 1 2678
1277 0 2650 0 0 2650
1278 2656 0 4 0 2660
1279 0 0 2680 0 2680
1280 2 1 2635 0 2638
1281 0 2612 0 0 2612
1282 0 2643 0 0 2643
1283 2673 0 0 0 2673
1284 2647 1 1 0 2649
1285 0 2687 0 0 2687
1286 0 0 0 2646 2646
1287 0 0 0 2655 2655
1288 0 0 0 2664 2664
1289 0 0 0 2667 2667
1290 2638 0 3 0 2641
1291 0 0 0 2557 2557
1292 1 2551 0 0 2552
1293 0 1 0 2541 2542
1294 0 2553 0 2 2555
1295 0 2545 2 2 2549
1296 2561 0 0 0 2561
1297 2517 3 0 0 2520
1298 0 0 0 2543 2543
1299 0 0 2505 0 2505
1300 0 1 0 2448 2449
1301 2450 0 0 0 2450
1302 0 2483 0 0 2483
1303 1 2475 0 0 2476
1304 2507 0 0 0 2507
1305 2454 0 0 0 2454
1306 0 2497 0 0 2497
1307 0 0 0 2462 2462
1308 1 2464 0 0 2465
1309 0 2486 0 1 2487
1310 2477 0 0 0 2477
1311 2460 0 0 0 2460
1312 0 2477 0 2 2479
1313 0 0 2476 0 2476
1314 2459 0 0 0 2459
1315 0 0 6 2463 2469
1316 2463 4 2 0 2469
1317 0 0 0 2457 2457
1318 1 0 0 2468 2469
1319 0 0 0 2472 2472
1320 0 0 0 2475 2475
1321 0 0 0 2462 2462
1322 0 0 0 2442 2442
1323 0 0 2326 3 2329
1324 2357 0 5 0 2362
1325 2342 0 6 0 2348
1326 0 0 0 2345 2345
1327 2348 0 0 1 2349
1328 0 0 2325 0 2325
1329 2303 0 6 0 2309
1330 2300 0 0 0 2300
1331 0 0 2247 0 2247
1332 0 2234 0 0 2234
1333 2277 0 0 0 2277
1334 2239 0 3 0 2242
1335 0 2214 0 15 2229
1336 1 0 2197 0 2198
1337 2155 0 0 0 2155
1338 0 2204 3 0 2207
1339 0 2222 0 1 2223
1340 1 2 0 2211 2214
1341 0 5 2 2205 2212
1342 0 0 0 2221 2221
1343 0 0 0 2222 2222
1344 0 0 0 2214 2214
1345 0 0 2163 0 2163
1346 2125 0 0 0 2125
1347 0 1 0 2121 2122
1348 0 2142 0 0 2142
1349 2135 0 0 0 2135
1350 2118 0 0 0 2118
1351 0 0 0 2101 2101
1352 0 0 2097 0 2097
1353 0 0 2078 0 2078
1354 0 0 2073 1 2074
1355 0 0 2090 0 2090
1356 0 0 2095 0 2095
1357 0 3 0 1940 1943
1358 2066 0 1 0 2067
1359 0 0 0 2077 2077
1360 0 0 2088 0 2088
1361 2056 0 4 1 2061
1362 2 0 2049 1 2052
1363 1 0 2050 0 2051
1364 2058 0 0 0 2058
1365 2074 0 0 1 2075
1366 0 0 0 2055 2055
1367 0 2049 0 0 2049
1368 1997 1 0 0 1998
1369 0 2070 0 1 2071
1370 0 2079 0 0 2079
1371 0 2052 0 5 2057
1372 2096 0 0 0 2096
1373 2078 0 2 0 2080
1374 2107 1 1 0 2109
1375 2 0 2097 0 2099
1376 0 2104 0 0 2104
1377 2136 0 0 0 2136
1378 2119 0 0 0 2119
1379 1 0 2130 0 2131
1380 0 0 0 2063 2063
1381 0 0 2089 0 2089
1382 2112 0 2 0 2114
1383 2112 0 0 0 2112
1384 0 2122 0 2 2124
1385 0 0 0 2113 2113
1386 2102 0 1 0 2103
1387 3 2108 0 0 2111
1388 2095 0 0 0 2095
1389 0 1 0 2088 2089
1390 0 1 2096 0 2097
1391 0 0 2061 0 2061
1392 1 0 2053 0 2054
1393 2016 0 1 0 2017
1394 0 0 0 2026 2026
1395 2032 0 1 3 2036
1396 2036 0 1 0 2037
1397 2034 0 0 0 2034
1398 0 0 2 2018 2020
1399 0 0 1976 0 1976
1400 1967 0 1 0 1968
1401 1931 0 5 0 1936
1402 1 0 0 1904 1905
1403 0 1913 0 0 1913
1404 1913 0 0 0 1913
1405 1888 0 0 0 1888
1406 0 0 0 1889 1889
1407 0 0 1876 0 1876
1408 1888 0 0 0 1888
1409 1857 0 0 0 1857
1410 0 0 0 1845 1845
1411 1 0 1810 4 1815
1412 0 1797 0 0 1797
1413 1822 0 0 0 1822
1414 0 1 0 1817 1818
1415 0 1813 0 0 1813
1416 0 0 0 1801 1801
1417 0 0 1765 1 1766
1418 1770 0 0 0 1770
1419 2 1769 0 1 1772
1420 0 0 0 1769 1769
1421 1754 0 0 0 1754
1422 0 11 0 1751 1762
1423 1748 0 0 0 1748
1424 2 1740 0 0 1742
1425 1735 0 0 0 1735
1426 0 0 0 1727 1727
1427 0 0 0 1739 1739
1428 38 0 1695 0 1733
1429 1698 0 0 0 1698
1430 1664 0 0 1 1665
1431 1666 0 0 0 1666
1432 0 0 1676 0 1676
1433 0 0 1652 0 1652
1434 1 0 1640 1 1642
1435 1621 0 0 0 1621
1436 0 0 0 1625 1625
1437 0 0 0 1614 1614
1438 10 1 1577 0 1588
1439 0 1 0 1552 1553
1440 1586 0 0 0 1586
1441 0 0 1567 0 1567
1442 0 0 0 1532 1532
1443 0 0 1540 0 1540
1444 1537 0 0 0 1537
1445 0 1532 0 0 1532
1446 1561 0 0 0 1561
1447 1557 0 0 0 1557
1448 0 0 1532 2 1534
1449 1529 0 0 0 1529
1450 1515 0 0 0 1515
1451 1516 0 0 0 1516
1452 0 1 0 1503 1504
1453 4 0 1484 0 1488
1454 0 0 0 1465 1465
1455 1492 0 0 0 1492
1456 1473 0 0 0 1473
1457 0 0 0 1453 1453
1458 0 3 0 1477 1480
1459 1 0 1454 0 1455
1460 1440 0 1 1 1442
1461 0 1466 0 0 1466
1462 0 0 1454 0 1454
1463 1411 0 0 0 1411
1464 0 1437 0 0 1437
1465 0 0 0 1451 1451
1466 0 0 0 1452 1452
1467 0 0 0 1442 1442
1468 1437 0 0 0 1437
1469 0 0 1415 0 1415
1470 0 1381 0 0 1381
1471 0 0 0 1387 1387
1472 0 1386 0 0 1386
1473 0 0 0 1373 1373
1474 1362 0 0 0 1362
1475 0 1365 0 1 1366
1476 0 0 0 1341 1341
1477 0 0 1327 0 1327
1478 1305 0 0 0 1305
1479 1292 0 0 0 1292
1480 1283 0 0 0 1283
1481 0 1283 0 0 1283
1482 1302 0 0 0 1302
1483 0 0 1300 0 1300
1484 1299 0 0 0 1299
1485 1295 0 0 0 1295
1486 1295 0 0 0 1295
1487 1286 0 0 1 1287
1488 1300 0 0 0 1300
1489 0 0 1271 0 1271
1490 1 0 0 1136 1137
1491 1257 0 0 0 1257
1492 1 0 0 1243 1244
1493 4 1247 0 0 1251
1494 0 1248 0 0 1248
1495 1259 1 0 0 1260
1496 0 0 0 1231 1231
1497 1251 0 0 0 1251
1498 1236 0 0 0 1236
1499 2 1225 0 1 1228
1500 1223 0 0 0 1223
1501 1228 0 0 0 1228
1502 1234 0 0 0 1234
1503 1219 0 0 0 1219
1504 1220 0 0 0 1220
1505 1203 0 1 0 1204
1506 0 0 0 1184 1184
1507 0 1207 0 0 1207
1508 0 0 1 1207 1208
1509 0 0 0 1214 1214
1510 1212 0 0 0 1212
1511 0 0 1189 0 1189
1512 0 1183 0 0 1183
1513 0 0 0 1169 1169
1514 0 1 0 1191 1192
1515 1185 0 1 0 1186
1516 1172 0 0 0 1172
1517 0 3 0 1177 1180
1518 1170 0 0 0 1170
1519 1163 0 1 0 1164
1520 1176 0 0 0 1176
1521 1171 0 0 0 1171
1522 1167 0 1 0 1168
1523 0 0 1161 0 1161
1524 0 0 1141 0 1141
1525 1140 0 0 0 1140
1526 0 1133 0 6 1139
1527 0 0 0 1142 1142
1528 0 0 1128 0 1128
1529 0 0 1124 0 1124
1530 1141 0 0 0 1141
1531 0 0 1124 0 1124
1532 1122 0 0 0 1122
1533 1127 0 0 0 1127
1534 0 0 1112 0 1112
1535 1 0 0 1088 1089
1536 1 1128 0 0 1129
1537 1132 0 3 0 1135
1538 0 0 0 1142 1142
1539 1145 0 0 0 1145
1540 1137 0 0 0 1137
1541 0 0 0 1156 1156
1542 0 0 1154 0 1154
1543 1 0 1135 0 1136
1544 0 0 1129 0 1129
1545 1130 0 1 0 1131
1546 0 0 1125 0 1125
1547 0 1108 0 20 1128
1548 0 1 0 1145 1146
1549 1163 0 0 0 1163
1550 1159 0 0 0 1159
1551 0 0 0 1138 1138
1552 0 0 1134 1 1135
1553 1136 0 2 0 1138
1554 1 1136 0 4 1141
1555 0 0 1147 1 1148
1556 0 0 0 1127 1127
1557 1 0 1134 0 1135
1558 1143 0 0 0 1143
1559 0 0 1182 0 1182
1560 0 0 0 1149 1149
1561 0 0 1178 0 1178
1562 1201 0 0 0 1201
1563 1221 0 0 0 1221
1564 0 0 0 1225 1225
1565 0 0 0 1243 1243
1566 1240 0 0 1 1241
1567 0 0 1218 0 1218
1568 1225 0 0 0 1225
1569 1215 0 0 0 1215
1570 0 0 0 1202 1202
1571 0 1217 0 0 1217
1572 1220 0 0 0 1220
1573 0 1226 0 0 1226
1574 1232 0 0 0 1232
1575 1101 0 132 0 1233
1576 0 0 1221 0 1221
1577 0 1223 0 1 1224
1578 1217 0 0 0 1217
1579 0 1227 0 1 1228
1580 1229 0 0 0 1229
1581 265 0 966 0 1231
1582 0 1242 0 0 1242
1583 0 0 0 1261 1261
1584 0 0 1256 0 1256
1585 1250 0 0 0 1250
1586 0 0 0 1266 1266
1587 0 0 1264 0 1264
1588 1268 0 0 0 1268
1589 0 0 0 1264 1264
1590 1267 0 0 0 1267
1591 1259 0 3 1 1263
1592 0 1266 0 0 1266
1593 1284 0 0 0 1284
1594 0 0 0 1268 1268
1595 1270 0 0 0 1270
1596 0 1 0 1270 1271
1597 0 0 1268 0 1268
1598 1252 0 0 0 1252
1599 0 1 0 1250 1251
1600 1243 0 1 0 1244
1601 0 1249 0 1 1250
1602 1248 0 0 0 1248
1603 0 1255 0 1 1256
1604 0 1260 0 0 1260
1605 0 0 0 1271 1271
1606 1272 0 0 0 1272
1607 1252 0 1 0 1253
1608 1258 0 0 0 1258
1609 1252 0 0 0 1252
1610 0 0 0 1259 1259
1611 1 0 1263 0 1264
1612 0 3 0 1190 1193
1613 0 0 1266 0 1266
1614 0 0 1266 0 1266
1615 0 0 1272 0 1272
1616 1256 0 0 0 1256
1617 1273 0 0 0 1273
1618 1290 0 0 0 1290
1619 0 1 0 1287 1288
1620 0 0 1300 0 1300
1621 0 0 1414 0 1414
1622 0 0 1463 0 1463
1623 1483 0 2 0 1485
1624 1476 0 0 0 1476
1625 0 1521 0 1 1522
1626 1539 0 0 0 1539
1627 1516 0 0 0 1516
1628 0 1535 0 0 1535
1629 1 1577 0 0 1578
1630 1669 0 0 0 1669
1631 1682 0 0 0 1682
1632 1693 0 0 0 1693
1633 0 0 1695 0 1695
1634 1691 0 0 1 1692
1635 1697 0 0 0 1697
1636 0 1727 0 0 1727
1637 0 0 0 1715 1715
1638 1 0 1721 0 1722
1639 0 0 1746 0 1746
1640 2 0 0 1688 1690
1641 2 0 1741 0 1743
1642 0 1776 0 0 1776
1643 1815 0 0 0 1815
1644 1799 0 0 0 1799
1645 1784 0 2 0 1786
1646 1782 0 0 0 1782
1647 0 1786 0 0 1786
1648 1757 0 1 1 1759
1649 0 1805 0 0 1805
1650 0 0 0 1804 1804
1651 0 0 0 1825 1825
1652 1827 0 0 0 1827
1653 0 0 0 1808 1808
1654 0 1823 0 0 1823
1655 1795 0 0 0 1795
1656 1786 0 0 1 1787
1657 0 0 0 1818 1818
1658 2 0 1811 0 1813
1659 0 0 1821 0 1821
1660 0 0 1815 0 1815
1661 0 0 0 1752 1752
1662 1 0 1804 0 1805
1663 0 1838 0 1 1839
1664 0 0 1 1877 1878
1665 1897 0 1 0 1898
1666 1945 0 0 0 1945
1667 1937 0 0 0 1937
1668 1941 0 1 0 1942
1669 1939 0 0 0 1939
1670 1946 0 0 0 1946
1671 0 1904 0 56 1960
1672 0 0 0 1920 1920
1673 0 2 0 1948 1950
1674 0 1 1949 0 1950
1675 0 0 1992 0 1992
1676 0 5 0 1939 1944
1677 1 0 1988 0 1989
1678 2004 0 0 0 2004
1679 6 2013 0 4 2023
1680 2049 0 0 0 2049
1681 0 2081 0 0 2081
1682 0 0 0 2134 2134
1683 1 0 2129 0 2130
1684 2113 0 0 0 2113
1685 2109 0 1 1 2111
1686 0 0 2101 1 2102
1687 0 0 2068 1 2069
1688 0 2166 0 1 2167
1689 0 1 1 2136 2138
1690 0 2160 0 1 2161
1691 2183 0 0 0 2183
1692 0 0 2244 0 2244
1693 0 3 0 2226 2229
1694 0 0 0 2247 2247
1695 0 3 0 2272 2275
1696 1 2249 0 0 2250
1697 0 0 0 2254 2254
1698 0 0 0 2272 2272
1699 0 2279 0 0 2279
1700 0 0 0 2285 2285
1701 2272 0 0 3 2275
1702 0 0 2301 1 2302
1703 0 0 2311 0 2311
1704 2285 0 4 0 2289
1705 2314 0 0 0 2314
1706 2333 0 0 0 2333
1707 2338 0 0 0 2338
1708 0 0 2341 0 2341
1709 2348 0 0 0 2348
1710 0 0 2364 0 2364
1711 0 1 2358 0 2359
1712 2393 0 1 0 2394
1713 0 2399 0 0 2399
1714 2401 0 0 0 2401
1715 1 0 1 2416 2418
1716 0 0 2424 0 2424
1717 0 3 0 2420 2423
1718 0 0 0 2406 2406
1719 0 2397 0 1 2398
1720 0 2423 0 1 2424
1721 2438 0 0 0 2438
1722 2412 2 3 0 2417
1723 1 0 0 2444 2445
1724 0 0 2452 3 2455
1725 0 0 2451 0 2451
1726 0 1 2468 1 2470
1727 2426 0 0 0 2426
1728 0 17 0 2424 2441
1729 0 0 2449 0 2449
1730 0 2428 0 1 2429
1731 2480 0 0 0 2480
1732 0 1 0 2478 2479
1733 0 0 0 2501 2501
1734 0 1 1 2487 2489
1735 4 0 2478 3 2485
1736 2474 0 0 1 2475
1737 2462 0 0 1 2463
1738 3 0 2465 0 2468
1739 0 2461 0 2 2463
1740 2522 0 0 0 2522
1741 0 0 0 2519 2519
1742 0 0 0 2552 2552
1743 0 0 0 2574 2574
1744 3 0 2540 0 2543
1745 2511 0 0 1 2512
1746 0 0 2526 0 2526
1747 2495 0 0 0 2495
1748 0 0 2509 0 2509
1749 2 2488 0 2 2492
1750 2512 0 0 9 2521
1751 0 0 0 2515 2515
1752 2528 0 0 0 2528
1753 2502 0 1 1 2504
1754 0 1 0 2511 2512
1755 0 4 0 2497 2501
1756 1 2506 0 0 2507
1757 0 2512 0 0 2512
1758 0 0 0 2503 2503
1759 0 2511 0 0 2511
1760 2520 0 1 0 2521
1761 0 0 2503 0 2503
1762 2513 0 0 0 2513
1763 2528 0 0 0 2528
1764 2518 0 0 0 2518
1765 2497 1 1 0 2499
1766 0 2 0 2499 2501
1767 1 0 2514 0 2515
1768 0 0 2469 0 2469
1769 1 2465 0 3 2469
1770 0 1 0 2496 2497
1771 0 0 2493 0 2493
1772 0 0 2466 0 2466
1773 0 6 0 2438 2444
1774 0 2428 0 0 2428
1775 2431 0 2 0 2433
1776 0 0 2441 0 2441
1777 0 1 0 2406 2407
1778 2433 0 3 0 2436
1779 0 2447 0 0 2447
1780 2446 1 0 0 2447
1781 0 1 2486 0 2487
1782 0 1 0 2477 2478
1783 1 1 2491 3 2496
1784 0 0 2493 0 2493
1785 2434 0 0 0 2434
1786 0 0 0 2446 2446
1787 1 0 0 2480 2481
1788 0 1 0 2502 2503
1789 4 0 2468 1 2473
1790 0 2480 4 0 2484
1791 2520 0 1 0 2521
1792 2499 1 0 0 2500
1793 0 0 2473 0 2473
1794 2475 0 0 1 2476
1795 0 0 2438 0 2438
1796 0 2455 0 0 2455
1797 2476 0 0 0 2476
1798 0 0 2466 0 2466
1799 0 0 0 2427 2427
1800 0 0 2466 0 2466
1801 0 2459 0 0 2459
1802 0 0 0 2475 2475
1803 2 2479 0 0 2481
1804 2480 0 0 0 2480
1805 2470 0 0 0 2470
1806 2472 0 1 0 2473
1807 1 2459 0 0 2460
1808 2539 0 1 0 2540
1809 2538 0 0 0 2538
1810 2528 0 0 0 2528
1811 0 0 1 2519 2520
1812 0 0 2509 0 2509
1813 2519 0 0 0 2519
1814 1 0 2515 0 2516
1815 2483 0 3 0 2486
1816 0 0 2480 0 2480
1817 2460 0 1 0 2461
1818 2 2466 0 1 2469
1819 25 2458 0 0 2483
1820 2476 0 1 1 2478
1821 1 2 2488 0 2491
1822 0 0 2488 0 2488
1823 2448 0 0 0 2448
1824 0 0 2484 0 2484
1825 0 0 2525 0 2525
1826 0 0 0 2313 2313
1827 0 3 0 2510 2513
1828 2515 0 0 1 2516
1829 0 0 0 2573 2573
1830 0 0 2566 0 2566
1831 2556 0 0 0 2556
1832 2578 0 0 0 2578
1833 2564 0 0 0 2564
1834 2534 0 0 0 2534
1835 0 2561 0 0 2561
1836 1 563 0 1975 2539
1837 0 0 2540 0 2540
1838 2501 0 1 1 2503
1839 0 2523 0 19 2542
1840 0 2538 0 1 2539
1841 2542 0 0 0 2542
1842 0 0 2550 0 2550
1843 0 2 0 2487 2489
1844 0 0 0 2546 2546
1845 0 2538 0 0 2538
1846 2529 0 2 0 2531
1847 1 0 1 2602 2604
1848 2617 0 0 0 2617
1849 2590 0 0 0 2590
1850 2563 0 6 0 2569
1851 0 0 2574 0 2574
1852 0 0 0 2443 2443
1853 0 1 0 2522 2523
1854 2 0 2533 0 2535
1855 0 2528 0 0 2528
1856 0 3 0 2539 2542
1857 17 1 2481 0 2499
1858 1 2477 0 1 2479
1859 0 2498 0 2 2500
1860 0 0 0 2528 2528
1861 0 0 0 2537 2537
1862 0 0 0 2546 2546
1863 0 0 0 2540 2540
1864 0 2 0 2547 2549
1865 0 0 2501 1 2502
1866 0 3 0 2429 2432
1867 0 0 0 2463 2463
1868 0 0 0 2485 2485
1869 0 2460 0 0 2460
1870 0 0 0 2435 2435
1871 1 2406 0 0 2407
1872 2372 0 0 0 2372
1873 0 2394 0 0 2394
1874 2 2406 0 0 2408
1875 2361 0 0 0 2361
1876 0 2377 0 0 2377
1877 1 2410 0 0 2411
1878 2419 0 0 0 2419
1879 2410 1 0 0 2411
1880 2416 0 0 0 2416
1881 2416 0 0 0 2416
1882 0 0 0 2412 2412
1883 0 0 0 2401 2401
1884 2445 0 0 0 2445
1885 2433 0 0 0 2433
1886 0 0 2433 0 2433
1887 2 0 2388 0 2390
1888 2209 1 153 0 2363
1889 0 0 2382 0 2382
1890 0 2375 0 0 2375
1891 2384 0 0 0 2384
1892 2404 0 0 0 2404
1893 0 0 0 2381 2381
1894 18 0 2376 0 2394
1895 1 0 2390 0 2391
1896 0 0 2373 0 2373
1897 0 0 2371 0 2371
1898 2329 0 1 0 2330
1899 0 0 2347 0 2347
1900 0 2302 0 0 2302
1901 0 2323 0 0 2323
1902 1 0 0 2340 2341
1903 0 0 0 2338 2338
1904 2262 0 1 0 2263
1905 0 0 0 2268 2268
1906 0 2252 0 0 2252
1907 2244 0 1 0 2245
1908 2234 0 0 0 2234
1909 0 0 0 2263 2263
1910 0 0 0 2278 2278
1911 0 2256 0 1 2257
1912 0 0 0 2246 2246
1913 0 0 0 2269 2269
1914 2248 0 0 0 2248
1915 2213 0 0 0 2213
1916 2211 0 2 0 2213
1917 2203 0 0 0 2203
1918 7 2214 0 0 2221
1919 0 0 0 2193 2193
1920 0 0 1 2225 2226
1921 0 0 2205 0 2205
1922 2 0 0 2160 2162
1923 2180 0 14 0 2194
1924 0 14 0 2172 2186
1925 0 0 1 2195 2196
1926 0 0 2153 0 2153
1927 2134 0 1 0 2135
1928 2150 0 1 0 2151
1929 2120 0 0 0 2120
1930 2 0 2105 0 2107
1931 0 0 2069 0 2069
1932 2048 0 1 0 2049
1933 0 0 2036 0 2036
1934 1 0 2001 0 2002
1935 2005 0 3 0 2008
1936 0 0 1969 0 1969
1937 0 0 1943 0 1943
1938 1 0 1945 0 1946
1939 0 0 2051 0 2051
1940 2156 0 0 0 2156
1941 2177 0 0 0 2177
1942 2171 0 0 0 2171
1943 2192 0 0 0 2192
1944 1 1 0 2171 2173
1945 0 0 0 2173 2173
1946 0 0 0 2187 2187
1947 0 2185 0 0 2185
1948 2208 0 0 0 2208
1949 0 0 0 2159 2159
1950 0 2180 0 0 2180
1951 1 0 2162 0 2163
1952 2110 0 0 0 2110
1953 2134 0 0 0 2134
1954 0 0 2127 0 2127
1955 0 0 0 2086 2086
1956 1672 0 433 0 2105
1957 2102 0 0 0 2102
1958 0 0 2115 0 2115
1959 0 0 2086 0 2086
1960 2090 2 0 1 2093
1961 2102 0 0 1 2103
1962 2083 0 0 0 2083
1963 0 0 2068 0 2068
1964 1 0 2035 0 2036
1965 1 0 2013 0 2014
1966 0 1 0 1990 1991
1967 0 2007 0 0 2007
1968 0 0 0 2019 2019
1969 0 2000 0 1 2001
1970 1 2024 0 0 2025
1971 0 2 0 2007 2009
1972 0 1998 0 0 1998
1973 0 1 0 1990 1991
1974 1975 0 0 0 1975
1975 1 0 0 1968 1969
1976 0 0 0 1948 1948
1977 0 0 0 1954 1954
1978 0 0 0 1902 1902
1979 1 1904 0 2 1907
1980 3 1915 0 0 1918
1981 0 0 0 1850 1850
1982 1842 0 0 0 1842
1983 0 10 0 1825 1835
1984 1830 0 0 0 1830
1985 1832 0 0 0 1832
1986 0 0 0 1789 1789
1987 5 1777 0 0 1782
1988 1 1782 0 0 1783
1989 1772 0 0 0 1772
1990 2 1800 0 0 1802
1991 1795 0 0 0 1795
1992 1794 0 0 0 1794
1993 1765 1 3 0 1769
1994 0 1788 0 0 1788
1995 1796 0 0 0 1796
1996 0 0 1768 0 1768
1997 1770 0 0 0 1770
1998 1767 0 0 0 1767
1999 0 0 1746 0 1746
2000 0 0 0 1686 1686
2001 2 1706 0 12 1720
2002 0 1736 0 0 1736
2003 0 0 0 1728 1728
2004 1746 0 0 0 1746
2005 1724 0 1 0 1725
2006 1 1736 0 0 1737
2007 0 0 0 1706 1706
2008 1728 0 0 0 1728
2009 0 0 0 1709 1709
2010 1721 0 0 0 1721
2011 0 0 0 1670 1670
2012 0 0 1658 0 1658
2013 0 1659 0 5 1664
2014 0 0 1683 0 1683
2015 3 0 1670 0 1673
2016 0 1690 0 2 1692
2017 1673 0 4 0 1677
2018 0 0 1699 0 1699
2019 1668 0 10 0 1678
2020 1666 0 0 0 1666
2021 0 0 1 1680 1681
2022 0 0 1661 0 1661
2023 1639 0 0 0 1639
2024 0 0 1 1672 1673
2025 0 0 1672 0 1672
2026 0 0 0 1649 1649
2027 0 1632 0 1 1633
2028 1657 0 0 0 1657
2029 1 0 0 1659 1660
2030 1 0 0 1669 1670
2031 1655 0 0 1 1656
2032 1641 0 1 0 1642
2033 1636 0 0 0 1636
2034 1632 0 0 0 1632
2035 0 0 1637 0 1637
2036 0 0 1699 0 1699
2037 49 0 1658 0 1707
2038 1723 0 2 0 1725
2039 1726 0 0 0 1726
2040 1719 0 0 0 1719
2041 1717 0 0 0 1717
2042 0 1 0 1677 1678
2043 0 0 0 1716 1716
2044 0 0 1704 0 1704
2045 1689 0 0 0 1689
2046 1683 0 3 0 1686
2047 0 0 1686 0 1686
2048 1651 0 0 0 1651
2049 0 1 0 1654 1655
2050 0 0 1659 1 1660
2051 1654 0 0 0 1654
2052 1643 0 2 0 1645
2053 0 0 1638 0 1638
2054 1635 0 0 0 1635
2055 1621 0 0 0 1621
2056 1615 0 0 0 1615
2057 3 0 1579 0 1582
2058 0 0 1558 1 1559
2059 1564 0 0 0 1564
2060 1577 0 0 0 1577
2061 0 0 0 1551 1551
2062 1557 0 0 1 1558
2063 21 0 1531 1 1553
2064 1536 1 3 0 1540
2065 0 0 0 1507 1507
2066 0 1523 0 14 1537
2067 1525 0 0 0 1525
2068 1507 0 0 0 1507
2069 0 0 0 1547 1547
2070 0 0 1544 0 1544
2071 0 0 1523 0 1523
2072 0 0 1488 0 1488
2073 0 0 1476 0 1476
2074 1480 0 0 0 1480
2075 1480 0 0 0 1480
2076 0 0 0 1464 1464
2077 1 0 1450 0 1451
2078 0 1458 0 2 1460
2079 1437 0 1 0 1438
2080 0 0 1450 0 1450
2081 0 0 4 1402 1406
2082 1422 0 0 0 1422
2083 0 0 0 1401 1401
2084 0 0 0 1407 1407
2085 1408 0 4 0 1412
2086 0 0 1380 1 1381
2087 0 1362 1 6 1369
2088 1372 0 0 0 1372
2089 0 0 1361 0 1361
2090 0 0 1330 0 1330
2091 0 1227 0 90 1317
2092 0 0 0 1318 1318
2093 0 0 0 1313 1313
2094 0 1 0 1312 1313
2095 0 1310 0 0 1310
2096 0 0 0 1297 1297
2097 0 1306 0 1 1307
2098 0 0 1280 0 1280
2099 0 0 0 1264 1264
2100 0 0 0 1274 1274
2101 1265 0 0 0 1265
2102 0 0 1259 0 1259
2103 0 0 0 1243 1243
2104 0 0 1251 0 1251
2105 0 0 1240 0 1240
2106 0 1237 0 0 1237
2107 1228 0 1 1 1230
2108 1235 0 1 0 1236
2109 2 1 1234 0 1237
2110 0 0 0 1180 1180
2111 1185 0 0 0 1185
2112 0 0 1 1179 1180
2113 0 0 1163 0 1163
2114 1152 0 0 0 1152
2115 0 1156 0 2 1158
2116 0 1144 0 0 1144
2117 0 1133 0 1 1134
2118 1156 0 0 0 1156
2119 0 0 1143 0 1143
2120 1126 0 0 0 1126
2121 0 0 0 1106 1106
2122 0 1115 0 0 1115
2123 0 1 0 1093 1094
2124 0 0 0 1121 1121
2125 0 0 1104 1 1105
2126 1 0 1105 0 1106
2127 1094 0 0 0 1094
2128 0 0 1108 0 1108
2129 1091 0 0 0 1091
2130 0 0 0 1075 1075
2131 0 0 0 1075 1075
2132 0 0 0 1048 1048
2133 0 1051 0 0 1051
2134 1053 0 0 0 1053
2135 1048 0 0 0 1048
2136 1025 0 0 0 1025
2137 1002 0 0 1 1003
2138 0 1012 0 3 1015
2139 0 0 0 1014 1014
2140 1032 0 0 0 1032
2141 0 2 0 1025 1027
2142 0 0 0 1023 1023
2143 0 0 1002 0 1002
2144 993 0 0 0 993
2145 987 0 0 0 987
2146 0 0 986 0 986
2147 977 0 0 0 977
2148 969 0 0 0 969
2149 10 959 0 0 969
2150 0 0 0 957 957
2151 0 0 0 949 949
2152 0 0 938 0 938
2153 923 0 0 0 923
2154 923 0 1 0 924
2155 924 0 0 0 924
2156 917 0 1 0 918
2157 0 0 907 0 907
2158 0 906 0 0 906
2159 0 0 0 985 985
2160 14 0 968 0 982
2161 983 0 0 0 983
2162 969 0 0 0 969
2163 934 0 0 0 934
2164 0 943 0 0 943
2165 4 933 0 0 937
2166 920 0 0 0 920
2167 0 0 904 0 904
2168 54 0 817 0 871
2169 147 0 707 0 854
2170 3 0 861 0 864
2171 860 0 0 0 860
2172 853 0 0 0 853
2173 855 0 0 0 855
2174 834 0 0 0 834
2175 0 0 832 0 832
2176 0 0 805 0 805
2177 0 806 0 0 806
2178 814 0 0 0 814
2179 806 0 0 0 806
2180 798 0 0 0 798
2181 0 781 0 0 781
2182 793 0 0 0 793
2183 0 0 0 764 764
2184 3 767 0 0 770
2185 1 0 0 766 767
2186 0 0 0 770 770
2187 0 0 759 0 759
2188 0 741 0 0 741
2189 0 0 0 732 732
2190 0 0 0 718 718
2191 0 1 0 719 720
2192 715 0 0 0 715
2193 0 1 0 718 719
2194 0 708 0 0 708
2195 690 0 0 0 690
2196 690 0 0 0 690
2197 0 0 680 0 680
2198 3 0 682 0 685
2199 604 0 8 0 612
2200 606 0 0 0 606
2201 587 0 0 0 587
2202 570 0 0 0 570
2203 0 577 0 0 577
2204 0 566 0 0 566
2205 566 0 0 0 566
2206 0 0 564 0 564
2207 0 0 0 555 555
2208 0 0 0 544 544
2209 553 0 0 1 554
2210 558 0 0 0 558
2211 557 0 0 0 557
2212 0 0 554 0 554
2213 15 0 0 518 533
2214 609 0 0 0 609
2215 0 0 611 0 611
2216 0 0 0 584 584
2217 1 0 591 0 592
2218 606 0 0 0 606
2219 600 0 0 0 600
2220 597 0 0 0 597
2221 596 0 0 0 596
2222 0 0 597 0 597
2223 0 0 578 0 578
2224 585 0 0 0 585
2225 581 0 0 0 581
2226 578 0 0 0 578
2227 570 0 7 0 577
2228 0 0 575 0 575
2229 0 0 571 0 571
2230 0 0 0 539 539
2231 566 0 0 0 566
2232 0 0 0 559 559
2233 564 0 0 0 564
2234 0 0 561 0 561
2235 0 1 0 535 536
2236 1 0 541 0 542
2237 0 538 0 0 538
2238 0 0 0 542 542
2239 0 0 0 541 541
2240 0 0 0 546 546
2241 0 0 551 0 551
2242 0 1 0 540 541
2243 0 542 0 0 542
2244 0 544 0 0 544
2245 458 1 76 0 535
2246 530 0 0 0 530
2247 0 0 0 533 533
2248 1 0 531 0 532
2249 531 0 0 0 531
2250 0 527 0 0 527
2251 528 0 0 0 528
2252 0 0 0 521 521
2253 0 0 0 520 520
2254 0 0 0 519 519
2255 0 513 0 0 513
2256 509 0 3 0 512
2257 0 505 0 0 505
2258 460 0 40 0 500
2259 453 0 35 0 488
2260 0 0 482 0 482
2261 0 0 480 0 480
2262 483 0 0 0 483
2263 484 0 0 0 484
2264 0 0 0 483 483
2265 0 0 0 482 482
2266 484 0 3 0 487
2267 480 0 3 0 483
2268 0 0 477 0 477
2269 456 0 0 0 456
2270 11 0 433 0 444
2271 441 0 0 0 441
2272 0 440 0 0 440
2273 438 0 0 0 438
2274 438 0 0 0 438
2275 439 0 0 0 439
2276 0 0 396 0 396
2277 396 0 0 0 396
2278 389 0 0 0 389
2279 0 0 0 388 388
2280 0 0 384 4 388
2281 385 0 0 0 385
2282 0 384 0 0 384
2283 383 0 0 0 383
2284 0 0 381 0 381
2285 0 0 0 374 374
2286 0 0 0 375 375
2287 0 0 378 0 378
2288 347 0 18 0 365
2289 1 0 370 0 371
2290 0 0 0 350 350
2291 0 352 0 0 352
2292 1 302 0 49 352
2293 347 0 0 0 347
2294 0 0 0 347 347
2295 0 0 348 0 348
2296 0 0 344 0 344
2297 0 0 342 0 342
2298 0 0 329 0 329
2299 0 1 0 325 326
2300 0 0 329 0 329
2301 0 0 326 0 326
2302 0 0 322 0 322
2303 0 317 0 0 317
2304 0 321 0 0 321
2305 0 0 0 316 316
2306 0 0 0 321 321
2307 0 0 315 0 315
2308 312 0 0 0 312
2309 0 0 313 0 313
2310 0 290 0 0 290
2311 0 0 0 287 287
2312 291 0 0 0 291
2313 286 0 0 0 286
2314 0 0 0 13 13
