0 0 0 0 0 0
1 15 0 0 0 15
2 0 0 0 17 17
3 0 0 17 0 17
4 16 0 0 0 16
5 0 19 0 0 19
6 18 0 0 0 18
7 0 0 0 18 18
8 0 0 0 17 17
9 14 0 4 0 18
10 0 0 22 0 22
11 0 34 0 0 34
12 0 33 0 0 33
13 32 0 0 0 32
14 33 0 0 0 33
15 33 0 0 0 33
16 32 0 0 0 32
17 0 0 0 33 33
18 0 0 0 34 34
19 0 0 33 0 33
20 33 0 0 0 33
21 33 0 0 0 33
22 0 0 0 33 33
23 0 0 0 34 34
24 0 0 32 0 32
25 0 0 0 34 34
26 0 0 0 34 34
27 32 0 0 0 32
28 33 0 0 0 33
29 31 0 0 0 31
30 15 0 18 0 33
31 0 32 0 0 32
32 33 0 0 0 33
33 34 0 0 0 34
34 0 33 0 0 33
35 0 0 0 33 33
36 0 0 32 0 32
37 1 32 0 0 33
38 0 0 0 33 33
39 34 0 0 0 34
40 34 0 0 0 34
41 0 0 34 0 34
42 0 0 33 0 33
43 0 0 33 0 33
44 33 0 0 0 33
45 0 33 0 0 33
46 33 0 0 0 33
47 31 0 0 0 31
48 0 0 0 34 34
49 0 0 33 0 33
50 33 0 0 0 33
51 0 0 32 0 32
52 0 0 61 0 61
53 0 58 0 0 58
54 0 62 0 0 62
55 62 0 0 0 62
56 61 0 0 0 61
57 61 0 0 0 61
58 66 0 0 0 66
59 0 66 0 0 66
60 66 0 0 0 66
61 0 0 66 0 66
62 0 0 0 62 62
63 0 0 0 75 75
64 0 0 0 75 75
65 0 0 0 77 77
66 0 0 76 0 76
67 75 0 0 0 75
68 75 0 0 0 75
69 0 0 76 0 76
70 0 75 0 0 75
71 76 0 0 0 76
72 76 0 0 0 76
73 75 0 0 0 75
74 0 73 0 0 73
75 75 0 0 0 75
76 74 0 0 0 74
77 0 75 0 0 75
78 75 0 0 0 75
79 0 0 74 0 74
80 1 0 0 74 75
81 76 0 0 0 76
82 0 0 73 0 73
83 74 0 0 0 74
84 0 74 0 0 74
85 0 76 0 0 76
86 77 0 0 0 77
87 77 0 0 0 77
88 0 0 0 76 76
89 78 0 0 0 78
90 0 0 0 77 77
91 78 0 0 0 78
92 76 0 0 0 76
93 0 77 0 0 77
94 76 0 0 0 76
95 0 0 0 81 81
96 81 0 0 0 81
97 80 0 0 0 80
98 0 0 0 80 80
99 81 0 0 0 81
100 88 0 0 0 88
101 0 0 89 0 89
102 89 0 0 0 89
103 87 0 0 0 87
104 86 0 0 0 86
105 90 0 0 0 90
106 0 0 0 92 92
107 0 0 0 93 93
108 0 91 0 0 91
109 92 0 0 0 92
110 92 0 0 0 92
111 0 0 0 92 92
112 93 0 0 0 93
113 0 92 0 0 92
114 93 0 0 0 93
115 0 0 0 91 91
116 0 91 0 0 91
117 93 0 0 0 93
118 91 0 0 0 91
119 0 0 92 0 92
120 0 0 88 0 88
121 91 0 0 0 91
122 0 0 0 90 90
123 0 0 0 91 91
124 0 0 92 0 92
125 92 0 0 0 92
126 92 0 0 0 92
127 92 0 0 0 92
128 90 0 0 0 90
129 0 0 92 0 92
130 93 0 0 0 93
131 92 0 0 0 92
132 0 0 0 91 91
133 0 89 0 0 89
134 0 90 0 0 90
135 0 0 0 97 97
136 0 1 0 95 96
137 0 98 0 0 98
138 97 0 0 0 97
139 0 92 0 0 92
140 0 0 0 96 96
141 96 0 0 0 96
142 95 0 0 0 95
143 0 0 96 0 96
144 0 0 93 0 93
145 93 0 0 0 93
146 0 0 0 95 95
147 0 0 95 0 95
148 96 0 0 0 96
149 98 0 0 0 98
150 0 0 75 0 75
151 0 10 0 75 85
152 0 0 80 0 80
153 0 0 82 0 82
154 0 0 79 0 79
155 0 85 0 0 85
156 0 83 0 0 83
157 92 0 0 0 92
158 0 0 0 94 94
159 0 0 94 0 94
160 0 0 0 88 88
161 0 0 94 0 94
162 0 0 0 93 93
163 0 0 0 128 128
164 0 138 0 0 138
165 0 0 0 145 145
166 144 0 0 0 144
167 139 0 0 0 139
168 0 157 0 0 157
169 0 0 0 157 157
170 0 0 0 155 155
171 0 0 0 158 158
172 0 159 0 0 159
173 0 159 0 0 159
174 0 160 0 0 160
175 0 0 0 159 159
176 0 0 0 161 161
177 125 0 40 0 165
178 0 0 163 0 163
179 0 163 0 0 163
180 0 0 0 161 161
181 0 161 0 0 161
182 0 0 0 162 162
183 164 0 0 0 164
184 158 0 0 0 158
185 0 163 0 0 163
186 0 164 0 0 164
187 165 0 0 0 165
188 163 0 0 0 163
189 0 0 163 0 163
190 0 0 159 0 159
191 0 0 158 0 158
192 0 166 0 0 166
193 0 0 166 0 166
194 164 0 0 0 164
195 0 0 0 162 162
196 165 0 0 0 165
197 0 0 0 162 162
198 0 0 162 0 162
199 0 0 163 0 163
200 0 166 0 0 166
201 161 0 0 0 161
202 160 0 0 0 160
203 159 0 0 0 159
204 0 163 0 0 163
205 164 0 0 0 164
206 0 0 161 0 161
207 162 0 0 0 162
208 160 0 0 0 160
209 0 0 0 160 160
210 0 161 0 0 161
211 0 157 0 0 157
212 0 151 0 0 151
213 0 157 0 0 157
214 0 0 0 153 153
215 0 0 0 155 155
216 0 0 153 0 153
217 0 0 153 0 153
218 154 0 0 0 154
219 153 0 0 0 153
220 0 0 0 156 156
221 156 0 0 0 156
222 0 157 0 0 157
223 158 0 0 0 158
224 153 0 0 0 153
225 156 0 0 0 156
226 0 0 152 0 152
227 0 0 153 0 153
228 0 0 151 0 151
229 149 0 0 0 149
230 0 0 0 147 147
231 153 0 0 0 153
232 0 155 0 0 155
233 155 0 0 0 155
234 151 0 0 0 151
235 0 169 0 0 169
236 0 0 0 163 163
237 0 1 0 169 170
238 171 0 0 0 171
239 169 0 0 0 169
240 168 0 0 0 168
241 166 0 0 0 166
242 0 166 0 0 166
243 171 0 0 0 171
244 169 0 0 0 169
245 169 0 0 0 169
246 0 0 0 168 168
247 0 0 171 0 171
248 0 168 0 1 169
249 0 0 0 170 170
250 0 0 169 0 169
251 176 0 0 0 176
252 174 0 0 0 174
253 0 0 176 0 176
254 171 0 0 0 171
255 0 174 0 0 174
256 176 0 0 0 176
257 0 0 0 172 172
258 172 0 0 0 172
259 0 0 173 0 173
260 0 0 170 0 170
261 172 0 0 0 172
262 174 0 0 0 174
263 0 171 0 0 171
264 0 177 0 0 177
265 183 0 0 0 183
266 178 0 0 0 178
267 176 0 0 0 176
268 0 0 180 0 180
269 0 0 175 0 175
270 0 177 0 0 177
271 0 182 0 0 182
272 189 0 0 0 189
273 183 0 0 0 183
274 185 0 0 0 185
275 0 0 0 181 181
276 0 0 180 0 180
277 0 0 0 171 171
278 0 0 172 0 172
279 0 173 0 1 174
280 0 0 0 172 172
281 0 174 0 0 174
282 174 0 0 0 174
283 176 0 0 0 176
284 0 1 0 174 175
285 172 0 0 0 172
286 0 0 173 0 173
287 0 174 0 0 174
288 176 0 0 0 176
289 0 0 172 0 172
290 0 161 0 0 161
291 161 0 0 0 161
292 0 0 161 0 161
293 0 0 0 156 156
294 0 0 155 1 156
295 158 0 0 0 158
296 0 157 0 0 157
297 0 0 0 156 156
298 0 0 0 157 157
299 0 0 164 0 164
300 0 0 161 0 161
301 0 0 0 156 156
302 0 0 162 0 162
303 0 0 161 0 161
304 169 0 0 0 169
305 168 0 0 0 168
306 0 0 0 168 168
307 168 0 0 0 168
308 0 168 0 0 168
309 172 0 0 0 172
310 0 0 0 170 170
311 169 0 0 0 169
312 0 0 0 169 169
313 0 0 170 0 170
314 0 0 173 0 173
315 164 0 0 0 164
316 0 164 0 0 164
317 0 162 0 0 162
318 169 0 0 0 169
319 170 0 0 0 170
320 0 0 0 174 174
321 177 0 0 0 177
322 0 0 175 0 175
323 0 0 184 0 184
324 183 0 0 0 183
325 0 0 181 0 181
326 185 0 0 0 185
327 0 186 0 0 186
328 186 0 0 0 186
329 0 187 0 0 187
330 0 0 186 0 186
331 0 0 184 0 184
332 185 0 0 0 185
333 184 0 0 0 184
334 0 0 197 0 197
335 0 0 201 0 201
336 0 0 0 179 179
337 0 0 0 201 201
338 0 0 0 202 202
339 0 0 0 208 208
340 0 0 207 0 207
341 206 0 0 0 206
342 202 0 0 0 202
343 204 0 0 0 204
344 0 0 202 0 202
345 199 0 3 0 202
346 0 0 203 0 203
347 0 0 0 198 198
348 0 199 0 0 199
349 0 0 0 200 200
350 202 0 0 0 202
351 0 200 0 0 200
352 0 0 196 0 196
353 203 0 0 0 203
354 206 0 0 0 206
355 200 0 0 0 200
356 0 0 200 0 200
357 0 202 0 0 202
358 0 0 0 198 198
359 0 0 0 204 204
360 0 0 0 204 204
361 0 0 0 209 209
362 0 0 0 209 209
363 0 0 0 199 199
364 0 194 0 4 198
365 0 0 0 198 198
366 0 199 0 0 199
367 203 0 0 0 203
368 0 0 201 0 201
369 202 0 0 0 202
370 204 0 0 0 204
371 202 0 0 0 202
372 205 0 0 0 205
373 198 0 0 0 198
374 0 0 0 201 201
375 0 0 202 0 202
376 222 0 0 0 222
377 0 0 219 0 219
378 217 0 0 0 217
379 0 216 0 0 216
380 0 0 0 224 224
381 0 0 0 226 226
382 0 0 226 0 226
383 224 0 0 1 225
384 0 226 0 0 226
385 227 0 0 0 227
386 212 0 0 0 212
387 0 209 0 0 209
388 0 0 213 0 213
389 0 215 0 0 215
390 0 205 0 0 205
391 202 0 0 0 202
392 0 208 0 0 208
393 0 0 0 201 201
394 0 0 0 205 205
395 0 0 208 0 208
396 0 0 205 0 205
397 0 0 199 0 199
398 0 0 200 0 200
399 0 196 0 0 196
400 0 201 0 0 201
401 0 21 165 0 186
402 0 0 178 0 178
403 1 0 167 0 168
404 0 0 0 163 163
405 165 0 0 0 165
406 170 0 0 0 170
407 0 168 0 0 168
408 0 1 0 166 167
409 0 0 0 169 169
410 0 0 0 171 171
411 0 0 0 172 172
412 0 0 167 0 167
413 0 0 167 0 167
414 0 166 0 4 170
415 0 166 0 0 166
416 0 170 0 0 170
417 178 0 0 0 178
418 0 0 171 0 171
419 0 0 0 170 170
420 0 0 0 175 175
421 0 0 172 0 172
422 171 0 0 0 171
423 171 0 0 0 171
424 173 0 0 0 173
425 0 0 174 0 174
426 173 0 0 0 173
427 0 0 173 0 173
428 0 0 0 162 162
429 0 0 172 0 172
430 169 0 0 0 169
431 0 0 176 0 176
432 173 0 0 0 173
433 167 0 0 0 167
434 170 0 0 0 170
435 166 0 0 0 166
436 165 0 0 0 165
437 0 0 169 0 169
438 167 0 0 0 167
439 0 0 167 0 167
440 0 0 0 154 154
441 163 0 0 0 163
442 0 160 0 0 160
443 0 0 0 158 158
444 162 0 0 0 162
445 0 171 0 0 171
446 0 0 0 173 173
447 178 0 0 0 178
448 175 0 0 0 175
449 162 0 0 0 162
450 0 175 0 0 175
451 0 161 0 0 161
452 0 157 0 0 157
453 0 0 0 164 164
454 0 169 0 0 169
455 0 0 0 171 171
456 0 166 0 0 166
457 170 0 0 0 170
458 0 173 0 0 173
459 0 171 0 0 171
460 167 0 0 0 167
461 168 0 0 0 168
462 0 0 169 0 169
463 0 0 166 0 166
464 165 0 0 0 165
465 177 0 0 0 177
466 178 0 0 0 178
467 0 0 0 178 178
468 0 0 178 0 178
469 0 172 0 0 172
470 0 172 0 0 172
471 0 0 0 173 173
472 0 178 0 0 178
473 0 177 0 0 177
474 0 0 180 0 180
475 0 0 176 0 176
476 173 0 0 0 173
477 0 0 0 177 177
478 0 0 175 0 175
479 177 0 0 0 177
480 0 0 174 0 174
481 0 0 162 0 162
482 0 166 0 0 166
483 0 0 158 0 158
484 155 0 0 0 155
485 0 0 163 0 163
486 0 156 0 0 156
487 158 0 0 0 158
488 160 0 0 0 160
489 0 0 0 154 154
490 0 0 154 0 154
491 0 0 0 142 142
492 0 0 151 0 151
493 151 0 0 0 151
494 0 0 0 157 157
495 157 0 0 0 157
496 123 0 0 0 123
497 0 0 0 125 125
498 0 0 125 0 125
499 0 0 140 0 140
500 147 0 0 0 147
501 146 0 0 0 146
502 148 0 0 0 148
503 0 0 0 148 148
504 147 0 0 0 147
505 0 0 0 146 146
506 0 0 0 152 152
507 0 0 152 0 152
508 0 0 0 142 142
509 0 0 0 145 145
510 0 152 0 0 152
511 0 143 0 0 143
512 0 155 0 0 155
513 0 0 0 157 157
514 158 0 0 0 158
515 149 0 0 0 149
516 160 0 0 0 160
517 0 0 160 0 160
518 162 0 0 0 162
519 165 0 0 0 165
520 0 1 160 0 161
521 0 192 0 0 192
522 195 0 0 0 195
523 0 0 195 0 195
524 0 0 197 0 197
525 198 0 0 0 198
526 196 0 0 0 196
527 0 0 0 192 192
528 194 0 0 1 195
529 0 191 0 0 191
530 0 195 0 0 195
531 199 0 0 0 199
532 203 0 0 0 203
533 0 0 219 0 219
534 218 0 0 0 218
535 0 0 219 0 219
536 220 0 0 0 220
537 216 0 0 0 216
538 0 0 0 212 212
539 0 213 0 0 213
540 0 213 0 0 213
541 211 0 0 0 211
542 0 218 0 0 218
543 0 0 0 209 209
544 0 0 0 220 220
545 0 0 224 0 224
546 0 0 220 0 220
547 217 0 0 0 217
548 0 0 0 219 219
549 221 0 0 0 221
550 0 220 0 0 220
551 224 0 0 0 224
552 0 1 0 216 217
553 221 7 0 0 228
554 0 0 226 0 226
555 0 0 230 0 230
556 0 0 229 0 229
557 223 0 0 0 223
558 225 0 0 0 225
559 0 225 0 0 225
560 0 0 0 224 224
561 1 0 229 0 230
562 225 0 0 0 225
563 0 0 0 228 228
564 231 0 0 0 231
565 227 0 0 0 227
566 228 0 0 0 228
567 230 0 0 0 230
568 0 0 239 0 239
569 238 0 0 0 238
570 246 0 0 0 246
571 247 0 0 0 247
572 241 0 0 0 241
573 245 0 0 0 245
574 243 0 0 0 243
575 1 0 241 0 242
576 241 0 0 0 241
577 0 0 241 0 241
578 241 0 0 0 241
579 247 0 0 0 247
580 240 0 0 0 240
581 236 0 0 0 236
582 225 0 0 0 225
583 0 0 0 221 221
584 0 0 0 225 225
585 0 0 228 0 228
586 216 0 0 0 216
587 220 0 0 0 220
588 223 0 0 0 223
589 0 0 220 0 220
590 0 0 219 0 219
591 217 0 0 0 217
592 210 0 0 0 210
593 0 212 0 0 212
594 213 0 0 0 213
595 212 0 0 0 212
596 0 0 0 211 211
597 0 0 211 0 211
598 208 0 0 0 208
599 0 0 0 203 203
600 207 0 0 0 207
601 208 0 0 0 208
602 0 209 0 0 209
603 0 0 0 203 203
604 0 207 0 0 207
605 0 208 0 0 208
606 206 0 0 0 206
607 186 0 0 0 186
608 0 0 0 183 183
609 7 191 0 0 198
610 0 0 197 0 197
611 0 0 0 195 195
612 202 0 0 0 202
613 0 201 0 0 201
614 0 0 0 196 196
615 0 0 197 0 197
616 0 4 186 0 190
617 0 201 0 0 201
618 201 0 0 0 201
619 0 0 0 198 198
620 197 0 0 0 197
621 0 197 0 0 197
622 201 0 1 0 202
623 0 0 0 198 198
624 0 0 197 0 197
625 0 197 0 0 197
626 0 0 0 200 200
627 0 0 0 200 200
628 0 0 198 0 198
629 199 0 0 0 199
630 199 0 0 0 199
631 202 0 0 0 202
632 0 0 211 0 211
633 210 0 0 0 210
634 0 0 212 0 212
635 210 0 0 0 210
636 207 0 0 0 207
637 0 208 0 0 208
638 0 0 0 198 198
639 0 0 217 0 217
640 0 0 204 0 204
641 0 0 0 206 206
642 0 0 0 203 203
643 0 0 210 0 210
644 0 209 0 0 209
645 0 0 0 210 210
646 0 215 0 0 215
647 0 0 213 0 213
648 205 0 0 0 205
649 212 0 0 0 212
650 0 0 206 0 206
651 211 0 0 0 211
652 209 0 0 0 209
653 0 0 205 0 205
654 207 0 0 0 207
655 0 0 0 210 210
656 0 0 0 205 205
657 0 215 0 0 215
658 0 0 0 214 214
659 0 0 0 216 216
660 0 0 210 0 210
661 0 214 0 0 214
662 0 215 0 0 215
663 214 0 0 0 214
664 0 0 212 0 212
665 0 0 0 218 218
666 0 0 210 0 210
667 0 0 210 0 210
668 0 212 0 0 212
669 213 0 0 0 213
670 0 0 212 0 212
671 0 0 198 0 198
672 178 0 0 0 178
673 0 0 177 0 177
674 0 169 0 0 169
675 176 0 0 0 176
676 193 0 0 0 193
677 0 160 0 0 160
678 185 0 0 0 185
679 0 0 0 162 162
680 0 165 0 0 165
681 174 0 0 0 174
682 0 0 175 0 175
683 0 178 0 0 178
684 0 0 0 180 180
685 0 0 189 0 189
686 175 0 0 0 175
687 0 0 177 0 177
688 0 0 0 153 153
689 0 1 0 180 181
690 0 168 0 0 168
691 169 0 0 0 169
692 0 0 0 177 177
693 176 0 0 0 176
694 0 0 159 0 159
695 167 0 0 0 167
696 179 0 0 0 179
697 185 0 0 0 185
698 0 0 0 147 147
699 0 0 155 0 155
700 0 158 0 0 158
701 0 0 0 150 150
702 150 0 0 0 150
703 0 148 0 0 148
704 140 0 0 0 140
705 0 143 0 0 143
706 0 0 0 134 134
707 0 0 142 0 142
708 0 152 0 0 152
709 0 0 0 160 160
710 0 0 0 173 173
711 167 0 0 0 167
712 0 165 0 0 165
713 166 0 0 0 166
714 170 0 0 0 170
715 0 0 149 0 149
716 0 0 161 0 161
717 0 0 1 106 107
718 0 0 141 0 141
719 145 0 0 0 145
720 169 0 0 0 169
721 179 0 0 0 179
722 179 0 0 0 179
723 0 0 0 130 130
724 0 0 0 161 161
725 0 0 152 0 152
726 0 0 163 0 163
727 144 0 0 0 144
728 0 0 143 0 143
729 153 0 0 0 153
730 0 146 0 0 146
731 162 0 0 0 162
732 174 0 0 0 174
733 176 0 0 0 176
734 0 0 0 152 152
735 156 0 0 0 156
736 0 0 0 142 142
737 149 0 0 0 149
738 0 0 0 128 128
739 0 119 0 0 119
740 123 0 0 0 123
741 0 123 0 0 123
742 0 140 0 0 140
743 0 150 0 0 150
744 128 0 0 0 128
745 0 0 131 0 131
746 0 0 138 0 138
747 124 0 0 0 124
748 0 0 123 0 123
749 0 0 144 0 144
750 0 0 147 0 147
751 107 0 0 0 107
752 140 0 0 0 140
753 0 0 0 121 121
754 137 0 0 0 137
755 148 0 0 0 148
756 160 0 0 0 160
757 0 0 0 117 117
758 0 0 0 134 134
759 137 0 0 0 137
760 143 0 0 0 143
761 0 123 0 0 123
762 0 0 0 129 129
763 5 0 136 0 141
764 154 0 0 0 154
765 0 0 143 0 143
766 0 0 0 139 139
767 0 144 0 0 144
768 0 175 0 0 175
769 168 0 0 0 168
770 0 0 156 0 156
771 0 0 165 0 165
772 0 0 0 160 160
773 0 175 0 0 175
774 0 0 0 180 180
775 0 182 0 0 182
776 186 0 0 0 186
777 186 0 0 0 186
778 0 0 0 176 176
779 0 181 0 0 181
780 178 0 1 0 179
781 187 0 0 0 187
782 0 0 0 186 186
783 0 0 185 0 185
784 185 0 0 0 185
785 0 0 0 181 181
786 184 0 0 0 184
787 0 0 171 0 171
788 0 0 0 168 168
789 176 0 0 0 176
790 0 0 173 0 173
791 0 173 0 0 173
792 0 0 0 176 176
793 0 0 0 177 177
794 0 0 180 0 180
795 0 1 0 173 174
796 174 0 0 0 174
797 0 0 174 0 174
798 0 0 174 0 174
799 170 0 0 0 170
800 183 0 0 0 183
801 186 0 0 0 186
802 184 0 0 0 184
803 0 0 0 178 178
804 177 0 0 0 177
805 179 0 0 0 179
806 0 0 0 169 169
807 0 171 0 0 171
808 205 0 0 0 205
809 0 0 197 0 197
810 207 0 0 0 207
811 211 0 0 0 211
812 0 0 203 0 203
813 211 0 0 0 211
814 0 0 0 213 213
815 2 213 0 0 215
816 221 0 0 0 221
817 215 0 0 0 215
818 0 0 0 208 208
819 213 0 0 0 213
820 0 0 239 0 239
821 0 0 0 207 207
822 0 210 0 0 210
823 0 0 207 0 207
824 0 205 0 0 205
825 0 0 0 204 204
826 0 0 0 211 211
827 0 203 0 0 203
828 208 0 0 0 208
829 212 0 0 0 212
830 208 0 0 0 208
831 0 210 0 0 210
832 0 215 0 0 215
833 0 212 0 0 212
834 208 0 0 0 208
835 0 207 0 0 207
836 0 0 0 208 208
837 9 0 199 0 208
838 0 0 205 0 205
839 204 0 0 0 204
840 0 0 214 0 214
841 0 211 0 0 211
842 0 0 0 207 207
843 210 0 0 0 210
844 0 0 210 0 210
845 0 211 0 0 211
846 18 1 0 195 214
847 0 0 212 0 212
848 0 0 0 210 210
849 214 0 0 0 214
850 0 0 215 0 215
851 215 0 0 0 215
852 218 0 0 0 218
853 218 0 0 0 218
854 0 0 0 210 210
855 0 0 0 216 216
856 0 0 213 0 213
857 0 212 0 0 212
858 224 0 0 0 224
859 221 0 0 0 221
860 222 0 0 0 222
861 0 215 0 0 215
862 235 0 0 0 235
863 232 0 0 0 232
864 0 0 237 0 237
865 231 0 0 0 231
866 0 233 0 0 233
867 0 0 0 236 236
868 0 0 236 0 236
869 0 0 0 225 225
870 0 0 231 0 231
871 233 0 0 0 233
872 0 0 0 243 243
873 245 0 0 0 245
874 0 0 242 0 242
875 240 0 0 0 240
876 0 0 0 237 237
877 238 0 0 0 238
878 0 241 0 0 241
879 0 1 0 242 243
880 0 0 239 0 239
881 240 0 0 0 240
882 238 0 0 0 238
883 0 239 0 0 239
884 0 243 0 0 243
885 0 0 0 252 252
886 0 0 0 254 254
887 0 0 0 255 255
888 258 0 0 0 258
889 252 0 0 0 252
890 252 0 0 0 252
891 0 0 249 0 249
892 0 0 0 243 243
893 0 256 0 0 256
894 254 0 0 0 254
895 0 0 0 252 252
896 0 0 258 0 258
897 0 0 0 246 246
898 0 253 0 0 253
899 0 0 0 256 256
900 0 0 252 0 252
901 0 0 251 0 251
902 0 241 0 0 241
903 246 0 0 0 246
904 0 0 244 0 244
905 0 238 0 0 238
906 0 251 0 0 251
907 249 0 0 0 249
908 0 0 0 250 250
909 253 0 0 0 253
910 0 0 249 0 249
911 244 0 0 0 244
912 0 234 0 0 234
913 0 0 231 0 231
914 0 0 232 0 232
915 231 0 0 0 231
916 0 0 229 0 229
917 0 0 230 0 230
918 0 0 0 218 218
919 0 0 226 0 226
920 228 0 0 0 228
921 0 0 0 223 223
922 0 0 223 0 223
923 0 1 0 218 219
924 222 0 0 0 222
925 0 0 218 0 218
926 0 220 0 0 220
927 0 0 0 219 219
928 0 0 0 235 235
929 0 0 239 0 239
930 0 0 0 216 216
931 0 0 216 0 216
932 219 0 0 0 219
933 0 215 0 0 215
934 219 0 0 0 219
935 0 0 0 215 215
936 215 0 0 0 215
937 215 0 0 0 215
938 0 0 0 216 216
939 216 0 0 0 216
940 218 0 0 0 218
941 0 0 214 0 214
942 216 0 0 0 216
943 0 0 217 0 217
944 0 209 0 0 209
945 0 0 0 199 199
946 0 0 205 0 205
947 0 198 0 0 198
948 5 0 189 0 194
949 0 0 0 160 160
950 0 0 0 167 167
951 168 0 0 0 168
952 0 0 166 0 166
953 0 0 160 0 160
954 162 0 0 0 162
955 0 160 0 0 160
956 0 0 0 163 163
957 168 0 0 0 168
958 167 0 0 0 167
959 167 0 0 0 167
960 0 0 165 0 165
961 151 0 0 0 151
962 0 0 0 148 148
963 0 151 0 0 151
964 149 1 0 0 150
965 0 0 151 0 151
966 147 0 0 0 147
967 0 147 0 0 147
968 149 0 0 0 149
969 153 0 0 0 153
970 148 0 0 0 148
971 0 0 147 0 147
972 148 0 0 0 148
973 0 148 0 0 148
974 166 0 0 0 166
975 165 0 0 0 165
976 167 0 0 0 167
977 0 0 161 0 161
978 163 0 0 0 163
979 0 0 0 165 165
980 0 0 0 162 162
981 0 0 0 167 167
982 0 0 164 0 164
983 0 0 158 0 158
984 156 0 0 0 156
985 0 162 0 0 162
986 0 0 160 0 160
987 0 0 162 0 162
988 0 170 0 0 170
989 0 0 0 170 170
990 0 0 0 173 173
991 0 0 171 0 171
992 173 0 0 0 173
993 0 0 171 0 171
994 0 172 0 0 172
995 0 0 0 169 169
996 169 0 0 0 169
997 170 0 0 0 170
998 171 0 0 0 171
999 173 0 0 0 173
1000 172 0 0 0 172
1001 0 0 168 0 168
1002 172 0 0 0 172
1003 172 0 1 0 173
1004 0 0 0 170 170
1005 176 0 0 0 176
1006 0 0 0 178 178
1007 0 180 0 0 180
1008 181 0 0 0 181
1009 0 0 189 0 189
1010 0 0 187 0 187
1011 181 0 0 0 181
1012 182 0 0 0 182
1013 0 0 180 0 180
1014 186 0 0 0 186
1015 0 0 179 0 179
1016 0 0 178 0 178
1017 181 0 0 0 181
1018 0 0 0 174 174
1019 0 0 0 160 160
1020 0 156 0 0 156
1021 166 0 0 0 166
1022 163 0 0 0 163
1023 160 0 0 0 160
1024 166 0 0 0 166
1025 159 0 0 0 159
1026 0 0 0 159 159
1027 0 0 134 0 134
1028 134 0 0 0 134
1029 0 0 0 132 132
1030 0 0 135 0 135
1031 134 0 0 0 134
1032 132 0 0 0 132
1033 0 0 134 0 134
1034 135 0 0 0 135
1035 135 0 0 0 135
1036 133 0 0 0 133
1037 0 0 0 132 132
1038 133 0 0 0 133
1039 0 0 0 121 121
1040 0 0 0 125 125
1041 124 0 0 0 124
1042 122 1 0 0 123
1043 0 0 0 120 120
1044 123 0 0 0 123
1045 0 0 124 0 124
1046 0 0 123 0 123
1047 0 0 122 0 122
1048 124 0 0 0 124
1049 123 0 0 0 123
1050 2 120 0 0 122
1051 0 0 126 0 126
1052 0 0 128 0 128
1053 128 0 0 0 128
1054 126 0 0 0 126
1055 0 127 0 0 127
1056 128 0 0 0 128
1057 126 0 0 0 126
1058 0 0 0 129 129
1059 127 0 0 0 127
1060 0 124 0 0 124
1061 125 0 0 0 125
1062 0 0 129 0 129
1063 119 0 0 0 119
1064 125 0 0 0 125
1065 0 0 127 0 127
1066 130 0 0 0 130
1067 0 0 0 130 130
1068 0 0 0 144 144
1069 0 0 143 0 143
1070 0 0 146 0 146
1071 145 0 0 0 145
1072 147 0 0 0 147
1073 0 0 0 145 145
1074 141 0 0 1 142
1075 0 0 0 142 142
1076 0 0 144 0 144
1077 0 0 145 0 145
1078 0 0 142 0 142
1079 131 0 0 0 131
1080 0 135 0 0 135
1081 0 0 139 0 139
1082 0 0 143 0 143
1083 0 0 145 0 145
1084 0 0 146 0 146
1085 149 0 0 0 149
1086 150 0 0 0 150
1087 0 0 147 0 147
1088 139 0 0 0 139
1089 0 0 155 0 155
1090 0 0 156 0 156
1091 146 0 0 0 146
1092 2 0 145 0 147
1093 0 0 0 145 145
1094 0 0 0 142 142
1095 0 143 0 0 143
1096 0 141 0 0 141
1097 142 0 0 0 142
1098 0 0 0 141 141
1099 0 0 130 0 130
1100 0 0 0 127 127
1101 132 0 0 0 132
1102 132 0 0 0 132
1103 0 0 133 0 133
1104 127 0 0 0 127
1105 0 0 0 127 127
1106 0 0 133 0 133
1107 0 0 0 127 127
1108 0 0 138 0 138
1109 0 0 136 0 136
1110 0 0 0 133 133
1111 0 0 136 0 136
1112 135 0 0 0 135
1113 135 0 0 0 135
1114 0 0 0 131 131
1115 0 0 142 0 142
1116 0 142 0 0 142
1117 145 0 0 0 145
1118 0 0 165 0 165
1119 0 0 170 0 170
1120 0 0 262 0 262
1121 0 0 271 0 271
1122 263 0 0 0 263
1123 265 0 0 0 265
1124 0 0 0 257 257
1125 256 0 0 0 256
1126 0 0 0 255 255
1127 0 0 0 261 261
1128 257 0 0 0 257
1129 258 0 0 0 258
1130 261 0 0 0 261
1131 261 0 0 0 261
1132 260 0 0 0 260
1133 258 0 0 0 258
1134 0 0 258 0 258
1135 257 0 0 0 257
1136 0 0 255 0 255
1137 0 0 0 253 253
1138 258 0 0 0 258
1139 258 0 0 0 258
1140 259 0 0 0 259
1141 252 0 0 0 252
1142 0 0 0 266 266
1143 1 0 264 0 265
1144 256 0 0 0 256
1145 265 0 0 0 265
1146 259 0 0 0 259
1147 0 261 0 0 261
1148 0 0 0 260 260
1149 0 0 262 0 262
1150 0 0 259 0 259
1151 258 0 0 0 258
1152 262 0 0 0 262
1153 263 0 0 0 263
1154 264 0 0 0 264
1155 259 0 0 0 259
1156 0 262 0 0 262
1157 0 0 0 258 258
1158 256 0 0 0 256
1159 0 265 0 0 265
1160 0 0 0 265 265
1161 1 0 262 0 263
1162 258 0 0 0 258
1163 0 0 0 262 262
1164 262 0 0 0 262
1165 260 0 0 0 260
1166 259 0 0 0 259
1167 0 0 0 244 244
1168 0 0 0 239 239
1169 0 246 0 0 246
1170 248 0 0 0 248
1171 4 0 238 0 242
1172 0 241 0 0 241
1173 0 242 0 0 242
1174 247 0 0 0 247
1175 243 0 0 0 243
1176 246 0 0 0 246
1177 243 0 0 0 243
1178 246 0 0 0 246
1179 0 0 245 0 245
1180 0 0 240 0 240
1181 242 0 0 0 242
1182 0 0 248 0 248
1183 0 0 241 1 242
1184 244 0 0 0 244
1185 0 0 0 240 240
1186 245 0 0 0 245
1187 0 0 0 248 248
1188 0 0 247 0 247
1189 243 0 0 1 244
1190 0 0 241 0 241
1191 241 0 0 0 241
1192 0 0 242 0 242
1193 252 0 0 0 252
1194 0 0 0 265 265
1195 0 0 0 279 279
1196 0 0 0 284 284
1197 285 0 0 0 285
1198 285 0 0 0 285
1199 0 0 0 286 286
1200 285 0 0 0 285
1201 280 0 0 0 280
1202 0 0 0 280 280
1203 0 281 0 0 281
1204 0 0 0 283 283
1205 0 0 0 284 284
1206 284 0 0 0 284
1207 0 0 0 289 289
1208 1 0 289 0 290
1209 0 287 0 3 290
1210 289 0 0 0 289
1211 0 0 0 289 289
1212 0 0 287 0 287
1213 0 0 288 1 289
1214 0 0 0 278 278
1215 288 0 0 0 288
1216 0 0 0 293 293
1217 0 0 0 295 295
1218 0 0 0 292 292
1219 0 0 0 294 294
1220 0 299 0 0 299
1221 0 0 0 300 300
1222 0 293 0 0 293
1223 295 0 0 0 295
1224 297 0 0 0 297
1225 0 0 293 0 293
1226 293 0 0 0 293
1227 0 296 0 0 296
1228 292 0 0 0 292
1229 0 298 0 0 298
1230 0 0 0 294 294
1231 293 0 0 0 293
1232 0 0 327 0 327
1233 0 0 322 0 322
1234 328 0 0 0 328
1235 0 0 0 326 326
1236 0 0 330 0 330
1237 0 0 0 328 328
1238 0 0 0 326 326
1239 0 328 0 0 328
1240 0 327 0 0 327
1241 330 0 0 0 330
1242 329 0 0 0 329
1243 1 0 326 0 327
1244 0 0 323 0 323
1245 0 0 328 0 328
1246 1 0 326 0 327
1247 0 1 0 313 314
1248 0 0 315 0 315
1249 319 0 0 0 319
1250 0 0 321 0 321
1251 320 0 0 0 320
1252 0 0 325 0 325
1253 0 0 324 0 324
1254 322 0 0 0 322
1255 0 0 323 0 323
1256 323 0 0 0 323
1257 329 0 0 0 329
1258 326 0 0 0 326
1259 0 0 0 320 320
1260 327 0 0 0 327
1261 401 0 0 0 401
1262 394 0 0 0 394
1263 0 0 0 416 416
1264 0 0 0 418 418
1265 0 0 0 432 432
1266 0 0 0 453 453
1267 0 451 0 0 451
1268 0 0 0 457 457
1269 0 0 0 454 454
1270 449 0 0 0 449
1271 452 0 0 0 452
1272 0 0 0 444 444
1273 0 453 0 0 453
1274 0 0 448 0 448
1275 437 0 0 0 437
1276 0 0 442 0 442
1277 0 442 0 0 442
1278 448 0 0 0 448
1279 0 0 444 0 444
1280 0 0 439 0 439
1281 0 438 0 0 438
1282 0 446 0 0 446
1283 448 0 0 0 448
1284 443 0 0 0 443
1285 0 467 0 0 467
1286 0 0 0 428 428
1287 0 0 0 433 433
1288 0 0 0 435 435
1289 0 0 0 431 431
1290 420 0 0 0 420
1291 0 0 0 373 373
1292 0 376 0 0 376
1293 0 0 0 370 370
1294 0 373 0 0 373
1295 0 374 0 0 374
1296 353 1 24 0 378
1297 357 0 0 0 357
1298 0 0 0 331 331
1299 6 0 308 0 314
1300 0 0 0 304 304
1301 311 0 0 0 311
1302 0 316 0 0 316
1303 0 312 0 0 312
1304 313 0 0 0 313
1305 314 0 0 0 314
1306 0 323 0 0 323
1307 0 1 0 317 318
1308 0 321 0 0 321
1309 0 322 0 0 322
1310 317 0 0 0 317
1311 317 0 0 0 317
1312 0 319 0 0 319
1313 0 0 317 0 317
1314 316 0 0 0 316
1315 0 0 0 329 329
1316 330 0 0 0 330
1317 0 0 0 331 331
1318 0 0 0 338 338
1319 0 0 0 337 337
1320 0 0 1 326 327
1321 0 0 0 319 319
1322 0 0 0 318 318
1323 0 0 312 0 312
1324 311 0 0 0 311
1325 313 0 0 0 313
1326 0 0 0 313 313
1327 312 0 0 0 312
1328 0 0 310 0 310
1329 310 0 0 0 310
1330 310 0 0 0 310
1331 0 0 303 0 303
1332 0 305 0 0 305
1333 304 0 0 0 304
1334 298 0 0 0 298
1335 0 305 0 0 305
1336 0 0 303 0 303
1337 283 0 0 0 283
1338 0 294 0 0 294
1339 0 303 0 0 303
1340 0 0 0 301 301
1341 0 0 0 307 307
1342 0 0 0 304 304
1343 0 0 0 306 306
1344 0 0 0 309 309
1345 0 0 301 0 301
1346 303 0 0 0 303
1347 0 0 0 298 298
1348 0 305 0 0 305
1349 304 0 0 0 304
1350 301 0 0 0 301
1351 0 0 0 304 304
1352 0 0 300 0 300
1353 0 0 297 0 297
1354 0 0 300 1 301
1355 0 0 297 0 297
1356 0 0 294 0 294
1357 0 0 0 287 287
1358 287 0 0 0 287
1359 0 0 0 292 292
1360 0 0 290 0 290
1361 283 0 0 0 283
1362 0 0 289 0 289
1363 0 0 288 0 288
1364 286 0 0 0 286
1365 280 0 0 0 280
1366 0 0 0 282 282
1367 0 281 0 0 281
1368 275 0 0 0 275
1369 0 301 0 0 301
1370 0 299 0 0 299
1371 0 297 0 0 297
1372 306 0 0 0 306
1373 301 0 0 0 301
1374 301 0 0 0 301
1375 0 0 298 0 298
1376 0 287 0 0 287
1377 300 0 0 0 300
1378 298 0 0 0 298
1379 0 0 297 0 297
1380 0 0 0 291 291
1381 0 0 294 0 294
1382 293 0 0 0 293
1383 296 0 0 0 296
1384 0 300 0 0 300
1385 0 0 0 300 300
1386 298 0 0 0 298
1387 0 300 0 0 300
1388 299 0 0 0 299
1389 0 0 0 301 301
1390 0 0 299 0 299
1391 0 0 297 0 297
1392 0 0 292 0 292
1393 295 0 0 0 295
1394 0 0 0 294 294
1395 300 0 0 0 300
1396 287 0 0 0 287
1397 283 0 0 0 283
1398 0 0 0 285 285
1399 0 0 287 0 287
1400 284 0 0 0 284
1401 286 0 0 0 286
1402 0 0 0 279 279
1403 0 284 0 0 284
1404 285 0 0 0 285
1405 278 0 0 0 278
1406 0 0 0 280 280
1407 0 0 285 0 285
1408 280 0 0 0 280
1409 276 0 0 0 276
1410 0 0 0 282 282
1411 0 0 277 0 277
1412 0 279 0 0 279
1413 283 0 0 0 283
1414 0 0 0 281 281
1415 0 281 0 0 281
1416 0 13 0 259 272
1417 0 0 271 0 271
1418 256 0 0 0 256
1419 0 254 0 0 254
1420 0 0 0 262 262
1421 257 0 0 0 257
1422 0 0 0 260 260
1423 257 0 0 0 257
1424 0 260 1 0 261
1425 258 0 0 0 258
1426 0 0 0 259 259
1427 0 0 0 259 259
1428 0 0 263 0 263
1429 257 0 0 0 257
1430 206 3 0 0 209
1431 212 0 0 0 212
1432 0 0 209 0 209
1433 0 0 212 0 212
1434 0 0 209 0 209
1435 192 0 0 0 192
1436 0 0 0 193 193
1437 0 0 0 193 193
1438 0 0 194 0 194
1439 0 0 0 186 186
1440 192 0 0 0 192
1441 0 0 192 0 192
1442 0 1 0 181 182
1443 0 0 182 0 182
1444 183 0 0 0 183
1445 0 183 0 0 183
1446 188 0 0 0 188
1447 187 0 0 0 187
1448 0 0 184 0 184
1449 187 0 0 0 187
1450 185 0 0 0 185
1451 187 0 0 0 187
1452 0 0 0 183 183
1453 1 0 183 0 184
1454 0 0 0 184 184
1455 192 0 0 0 192
1456 190 0 0 0 190
1457 0 0 0 190 190
1458 0 0 0 196 196
1459 0 0 193 0 193
1460 198 0 0 0 198
1461 0 179 0 0 179
1462 0 0 176 0 176
1463 172 0 0 0 172
1464 0 173 0 0 173
1465 0 0 0 166 166
1466 0 0 0 167 167
1467 0 0 0 168 168
1468 166 0 0 0 166
1469 0 0 168 0 168
1470 0 167 0 0 167
1471 0 0 0 168 168
1472 0 169 0 0 169
1473 0 0 0 168 168
1474 170 0 0 0 170
1475 0 164 0 0 164
1476 0 0 0 169 169
1477 0 0 168 0 168
1478 164 0 0 0 164
1479 165 0 0 0 165
1480 162 1 0 0 163
1481 0 143 5 0 148
1482 147 0 0 0 147
1483 0 0 139 0 139
1484 139 0 0 0 139
1485 139 0 0 1 140
1486 141 0 0 0 141
1487 140 0 0 0 140
1488 125 0 0 0 125
1489 0 0 119 0 119
1490 0 0 0 106 106
1491 115 0 0 0 115
1492 0 0 0 117 117
1493 0 121 0 0 121
1494 0 116 0 0 116
1495 118 0 0 0 118
1496 0 0 0 121 121
1497 123 0 0 0 123
1498 122 0 0 0 122
1499 0 120 0 0 120
1500 110 0 0 0 110
1501 121 0 0 0 121
1502 117 0 0 0 117
1503 113 0 0 0 113
1504 113 0 0 0 113
1505 105 0 1 0 106
1506 0 0 0 102 102
1507 0 103 0 0 103
1508 0 0 0 106 106
1509 0 0 0 107 107
1510 107 0 0 0 107
1511 0 0 106 0 106
1512 0 106 0 0 106
1513 0 0 0 103 103
1514 0 0 0 104 104
1515 103 0 0 0 103
1516 114 0 0 0 114
1517 0 0 0 114 114
1518 118 0 0 0 118
1519 116 0 0 0 116
1520 116 0 0 0 116
1521 117 0 0 0 117
1522 114 0 0 0 114
1523 0 0 110 0 110
1524 0 0 108 0 108
1525 111 0 0 0 111
1526 0 109 0 0 109
1527 0 0 0 112 112
1528 0 0 113 0 113
1529 0 0 109 0 109
1530 112 0 0 0 112
1531 1 0 105 0 106
1532 112 0 0 0 112
1533 122 0 0 0 122
1534 1 0 118 0 119
1535 0 0 0 115 115
1536 0 119 0 0 119
1537 123 0 0 0 123
1538 0 0 0 120 120
1539 111 0 0 0 111
1540 115 0 0 0 115
1541 0 0 0 114 114
1542 0 0 112 0 112
1543 0 0 110 0 110
1544 0 0 107 0 107
1545 113 0 0 0 113
1546 0 0 106 0 106
1547 0 108 0 0 108
1548 0 0 0 108 108
1549 113 0 0 0 113
1550 114 0 0 0 114
1551 0 0 0 113 113
1552 0 0 109 0 109
1553 111 0 0 0 111
1554 0 112 0 0 112
1555 0 0 111 0 111
1556 0 0 0 87 87
1557 0 0 95 0 95
1558 95 0 0 0 95
1559 0 0 93 0 93
1560 0 0 0 91 91
1561 0 0 110 0 110
1562 111 0 0 0 111
1563 114 0 0 0 114
1564 0 0 0 119 119
1565 0 0 0 123 123
1566 128 0 0 0 128
1567 0 0 121 0 121
1568 124 0 0 0 124
1569 116 0 0 0 116
1570 0 0 0 114 114
1571 0 114 0 0 114
1572 117 0 0 0 117
1573 0 115 0 0 115
1574 117 0 0 0 117
1575 118 0 0 0 118
1576 0 0 116 0 116
1577 0 110 0 0 110
1578 111 0 0 0 111
1579 0 117 0 0 117
1580 99 0 16 0 115
1581 0 0 116 0 116
1582 0 152 0 0 152
1583 0 0 0 145 145
1584 0 0 166 0 166
1585 166 0 0 0 166
1586 0 0 0 168 168
1587 0 0 166 0 166
1588 174 0 0 0 174
1589 0 0 0 168 168
1590 175 0 0 0 175
1591 177 0 0 0 177
1592 0 174 0 0 174
1593 175 0 0 0 175
1594 0 0 0 171 171
1595 175 0 0 0 175
1596 0 0 0 173 173
1597 0 0 171 0 171
1598 172 0 0 0 172
1599 0 0 0 172 172
1600 174 0 0 0 174
1601 0 172 0 0 172
1602 172 0 0 0 172
1603 0 171 0 0 171
1604 0 171 0 0 171
1605 0 0 0 171 171
1606 173 0 0 0 173
1607 173 0 0 0 173
1608 173 0 0 0 173
1609 174 0 0 0 174
1610 0 0 0 169 169
1611 0 0 170 0 170
1612 0 0 0 159 159
1613 0 0 176 0 176
1614 0 0 193 0 193
1615 0 0 194 0 194
1616 195 0 0 0 195
1617 199 0 0 0 199
1618 197 0 0 0 197
1619 0 0 0 175 175
1620 0 0 201 0 201
1621 0 0 207 0 207
1622 0 0 276 0 276
1623 275 0 0 0 275
1624 284 0 0 0 284
1625 0 284 0 0 284
1626 289 0 0 0 289
1627 280 0 0 0 280
1628 0 281 0 0 281
1629 0 286 0 0 286
1630 286 0 0 0 286
1631 299 0 0 0 299
1632 292 0 0 0 292
1633 0 0 291 0 291
1634 288 0 0 0 288
1635 291 0 0 0 291
1636 0 287 0 0 287
1637 0 0 0 287 287
1638 0 0 288 0 288
1639 0 0 287 0 287
1640 0 0 0 278 278
1641 0 0 282 0 282
1642 0 283 0 0 283
1643 307 0 0 0 307
1644 300 0 0 0 300
1645 295 1 0 0 296
1646 288 0 0 0 288
1647 0 299 0 0 299
1648 304 0 0 0 304
1649 0 306 0 0 306
1650 0 0 0 305 305
1651 0 0 0 343 343
1652 339 1 0 0 340
1653 0 0 0 344 344
1654 0 346 0 0 346
1655 344 0 0 0 344
1656 338 0 0 0 338
1657 0 0 0 344 344
1658 0 0 345 0 345
1659 0 0 289 0 289
1660 0 0 286 0 286
1661 0 0 0 286 286
1662 0 0 285 0 285
1663 0 290 0 0 290
1664 0 0 0 294 294
1665 296 0 0 0 296
1666 295 0 0 0 295
1667 298 0 0 0 298
1668 298 0 0 0 298
1669 296 0 0 0 296
1670 290 0 0 0 290
1671 0 296 0 0 296
1672 0 0 0 295 295
1673 0 0 0 292 292
1674 0 0 305 0 305
1675 0 0 321 0 321
1676 0 0 0 306 306
1677 0 0 305 0 305
1678 312 0 0 0 312
1679 0 312 0 0 312
1680 315 0 0 0 315
1681 0 319 0 0 319
1682 0 0 0 327 327
1683 1 0 325 0 326
1684 321 0 0 0 321
1685 322 0 0 0 322
1686 0 0 331 0 331
1687 0 0 323 0 323
1688 0 323 0 0 323
1689 0 0 0 328 328
1690 0 331 0 0 331
1691 331 0 0 0 331
1692 0 0 330 0 330
1693 0 0 0 332 332
1694 0 0 0 332 332
1695 0 0 0 329 329
1696 0 331 0 0 331
1697 0 0 0 332 332
1698 0 0 0 332 332
1699 0 331 0 0 331
1700 0 3 0 332 335
1701 327 0 0 0 327
1702 0 0 339 0 339
1703 0 0 337 0 337
1704 12 0 333 0 345
1705 332 0 0 0 332
1706 341 0 0 0 341
1707 348 0 0 0 348
1708 0 0 340 0 340
1709 338 0 0 0 338
1710 0 0 347 0 347
1711 0 0 339 0 339
1712 343 0 0 0 343
1713 0 345 0 0 345
1714 345 0 0 0 345
1715 0 0 0 344 344
1716 0 0 348 0 348
1717 0 0 0 346 346
1718 0 0 0 346 346
1719 0 342 0 3 345
1720 0 346 0 0 346
1721 346 0 1 0 347
1722 344 0 0 0 344
1723 0 0 0 350 350
1724 0 0 352 0 352
1725 0 0 345 0 345
1726 0 0 347 0 347
1727 340 0 0 0 340
1728 0 0 0 351 351
1729 0 0 357 0 357
1730 0 358 0 0 358
1731 368 0 0 0 368
1732 0 0 0 370 370
1733 0 0 0 367 367
1734 0 0 0 369 369
1735 0 0 368 0 368
1736 372 0 0 0 372
1737 376 0 0 0 376
1738 0 0 399 0 399
1739 0 394 0 0 394
1740 411 0 0 0 411
1741 0 0 0 404 404
1742 0 0 0 404 404
1743 0 0 0 408 408
1744 0 0 403 0 403
1745 399 0 0 0 399
1746 0 0 399 0 399
1747 389 0 0 0 389
1748 0 0 389 0 389
1749 0 381 0 0 381
1750 397 0 0 0 397
1751 0 0 0 396 396
1752 396 0 0 0 396
1753 386 0 0 0 386
1754 0 0 0 388 388
1755 0 389 0 3 392
1756 0 383 0 0 383
1757 0 391 0 0 391
1758 1 0 0 390 391
1759 0 389 0 0 389
1760 390 0 0 0 390
1761 0 0 392 0 392
1762 423 0 0 0 423
1763 420 0 0 0 420
1764 419 0 0 0 419
1765 418 0 0 0 418
1766 0 0 0 424 424
1767 0 0 409 0 409
1768 0 0 400 0 400
1769 0 397 0 0 397
1770 0 0 0 406 406
1771 0 0 409 0 409
1772 0 0 403 0 403
1773 0 0 0 398 398
1774 0 411 0 0 411
1775 410 0 1 0 411
1776 0 0 410 0 410
1777 0 0 0 395 395
1778 397 0 0 0 397
1779 0 403 0 0 403
1780 404 0 0 0 404
1781 0 0 389 0 389
1782 0 0 0 391 391
1783 0 0 390 0 390
1784 0 0 390 0 390
1785 378 0 0 0 378
1786 0 0 0 390 390
1787 0 0 0 399 399
1788 0 0 0 400 400
1789 0 0 399 0 399
1790 0 398 0 0 398
1791 403 0 0 0 403
1792 398 0 0 0 398
1793 0 0 402 0 402
1794 395 0 0 0 395
1795 0 0 394 0 394
1796 0 396 0 0 396
1797 397 0 0 0 397
1798 0 0 393 0 393
1799 0 0 0 387 387
1800 0 0 392 0 392
1801 0 393 0 0 393
1802 0 0 0 397 397
1803 0 394 0 0 394
1804 393 0 0 0 393
1805 391 0 0 0 391
1806 395 0 0 0 395
1807 0 396 0 0 396
1808 392 0 0 0 392
1809 382 0 0 0 382
1810 379 0 0 0 379
1811 0 0 0 373 373
1812 0 0 387 0 387
1813 378 0 0 0 378
1814 0 0 371 0 371
1815 371 0 0 0 371
1816 0 0 376 0 376
1817 373 0 0 0 373
1818 0 372 0 0 372
1819 0 376 0 0 376
1820 378 0 0 0 378
1821 0 0 385 0 385
1822 0 0 378 0 378
1823 369 0 0 0 369
1824 0 0 381 0 381
1825 0 0 369 0 369
1826 0 0 0 338 338
1827 0 0 0 367 367
1828 366 0 0 0 366
1829 0 0 0 388 388
1830 0 0 385 0 385
1831 385 0 0 0 385
1832 388 0 0 0 388
1833 387 0 0 0 387
1834 386 0 0 0 386
1835 0 391 0 0 391
1836 0 0 0 411 411
1837 0 0 405 0 405
1838 390 0 0 0 390
1839 0 394 0 0 394
1840 0 394 0 0 394
1841 386 0 0 0 386
1842 0 0 394 0 394
1843 0 0 0 387 387
1844 0 0 0 393 393
1845 0 395 0 0 395
1846 395 0 0 0 395
1847 0 0 0 400 400
1848 399 0 0 0 399
1849 385 0 0 0 385
1850 386 0 0 0 386
1851 0 0 376 0 376
1852 0 0 0 350 350
1853 0 0 0 369 369
1854 0 0 363 0 363
1855 0 360 0 0 360
1856 0 0 0 363 363
1857 0 0 360 0 360
1858 0 347 0 0 347
1859 0 350 0 0 350
1860 0 33 0 322 355
1861 0 0 0 361 361
1862 0 0 0 364 364
1863 0 0 0 346 346
1864 0 0 0 362 362
1865 0 0 357 0 357
1866 0 0 0 350 350
1867 0 0 0 361 361
1868 0 0 0 391 391
1869 0 380 0 0 380
1870 0 0 0 383 383
1871 0 356 0 0 356
1872 315 0 0 0 315
1873 0 356 0 0 356
1874 0 358 0 0 358
1875 338 0 0 0 338
1876 0 345 0 0 345
1877 0 340 0 0 340
1878 343 0 0 0 343
1879 342 0 0 0 342
1880 340 0 0 0 340
1881 329 0 0 1 330
1882 0 0 0 326 326
1883 0 0 0 332 332
1884 330 0 0 0 330
1885 334 0 0 0 334
1886 1 0 331 0 332
1887 0 0 328 0 328
1888 330 0 0 0 330
1889 0 0 331 0 331
1890 0 326 0 0 326
1891 329 0 0 0 329
1892 327 0 0 0 327
1893 0 0 0 326 326
1894 0 0 334 0 334
1895 0 0 330 0 330
1896 0 0 333 0 333
1897 0 0 312 0 312
1898 310 0 0 0 310
1899 0 0 305 0 305
1900 0 310 0 0 310
1901 0 318 0 0 318
1902 0 0 0 319 319
1903 0 0 0 318 318
1904 314 0 0 0 314
1905 0 0 0 319 319
1906 0 292 0 0 292
1907 298 0 0 0 298
1908 295 0 0 0 295
1909 0 0 0 293 293
1910 0 0 0 295 295
1911 0 293 0 0 293
1912 0 0 0 266 266
1913 0 0 0 268 268
1914 270 0 0 0 270
1915 267 0 0 0 267
1916 252 0 0 0 252
1917 256 0 0 0 256
1918 7 251 0 0 258
1919 0 0 0 259 259
1920 0 0 0 251 251
1921 0 0 256 0 256
1922 0 0 0 247 247
1923 248 0 0 0 248
1924 0 0 0 251 251
1925 0 0 0 254 254
1926 0 0 249 0 249
1927 242 0 0 0 242
1928 244 0 0 0 244
1929 240 0 0 0 240
1930 2 0 241 0 243
1931 0 0 243 0 243
1932 231 0 0 0 231
1933 0 0 241 0 241
1934 0 0 236 0 236
1935 231 0 0 0 231
1936 0 0 229 0 229
1937 0 0 226 1 227
1938 0 0 235 1 236
1939 0 0 285 0 285
1940 304 0 0 0 304
1941 303 0 0 0 303
1942 305 0 0 0 305
1943 297 0 0 0 297
1944 0 0 0 308 308
1945 0 0 0 311 311
1946 0 0 0 309 309
1947 0 307 0 0 307
1948 307 0 0 0 307
1949 0 0 0 307 307
1950 0 310 0 0 310
1951 0 0 308 0 308
1952 302 0 0 0 302
1953 301 0 0 0 301
1954 0 0 302 0 302
1955 0 0 0 297 297
1956 300 0 0 0 300
1957 308 0 0 0 308
1958 0 0 310 0 310
1959 0 0 264 0 264
1960 257 0 9 0 266
1961 268 0 0 0 268
1962 266 0 0 0 266
1963 0 0 261 0 261
1964 0 0 258 0 258
1965 0 0 261 0 261
1966 0 0 0 261 261
1967 0 266 0 0 266
1968 0 0 0 264 264
1969 0 272 0 0 272
1970 0 271 0 0 271
1971 0 0 0 271 271
1972 0 272 0 0 272
1973 0 0 0 275 275
1974 274 0 0 0 274
1975 0 0 0 271 271
1976 0 0 0 265 265
1977 0 0 0 266 266
1978 0 0 0 261 261
1979 0 265 0 0 265
1980 0 261 0 0 261
1981 0 0 0 242 242
1982 242 0 0 0 242
1983 0 0 0 244 244
1984 244 0 0 0 244
1985 239 0 0 0 239
1986 0 0 0 215 215
1987 0 210 0 0 210
1988 0 209 0 0 209
1989 208 0 0 0 208
1990 0 210 0 0 210
1991 215 0 0 0 215
1992 206 0 0 0 206
1993 201 0 0 0 201
1994 0 202 0 0 202
1995 199 0 0 0 199
1996 0 0 197 0 197
1997 199 0 0 0 199
1998 178 0 18 0 196
1999 0 0 197 0 197
2000 0 0 0 191 191
2001 0 196 0 0 196
2002 0 197 0 0 197
2003 0 0 0 200 200
2004 199 0 0 0 199
2005 198 0 0 0 198
2006 0 191 0 0 191
2007 0 0 0 188 188
2008 187 0 0 0 187
2009 0 0 0 188 188
2010 192 0 0 0 192
2011 1 0 0 187 188
2012 0 0 179 0 179
2013 0 190 0 0 190
2014 0 0 185 0 185
2015 1 0 190 0 191
2016 0 194 0 0 194
2017 198 0 0 0 198
2018 0 0 198 0 198
2019 200 0 0 0 200
2020 196 0 0 0 196
2021 0 0 0 197 197
2022 0 0 198 0 198
2023 196 0 0 0 196
2024 0 0 0 200 200
2025 0 0 200 0 200
2026 0 0 1 200 201
2027 0 196 0 0 196
2028 200 0 0 0 200
2029 0 0 0 194 194
2030 0 0 0 201 201
2031 201 0 0 0 201
2032 200 0 0 0 200
2033 196 0 0 0 196
2034 197 0 0 0 197
2035 0 0 197 0 197
2036 0 0 208 0 208
2037 0 0 211 0 211
2038 213 0 0 0 213
2039 216 0 0 0 216
2040 212 0 0 0 212
2041 205 0 0 0 205
2042 0 0 0 200 200
2043 0 0 0 203 203
2044 0 0 205 0 205
2045 198 0 0 0 198
2046 195 0 0 0 195
2047 0 0 199 0 199
2048 197 0 0 0 197
2049 0 0 0 195 195
2050 0 0 200 0 200
2051 195 0 0 0 195
2052 199 0 0 0 199
2053 0 0 200 0 200
2054 202 0 0 0 202
2055 198 0 0 0 198
2056 197 0 0 0 197
2057 0 0 212 0 212
2058 0 0 211 0 211
2059 215 0 0 0 215
2060 202 0 0 0 202
2061 0 0 0 164 164
2062 166 0 0 0 166
2063 0 0 162 0 162
2064 164 0 0 0 164
2065 0 0 0 159 159
2066 0 160 0 0 160
2067 162 0 0 0 162
2068 163 0 0 0 163
2069 0 0 0 162 162
2070 0 0 168 0 168
2071 0 0 167 0 167
2072 3 0 177 0 180
2073 0 0 179 0 179
2074 178 0 0 0 178
2075 177 0 0 0 177
2076 0 0 0 174 174
2077 0 0 176 0 176
2078 0 176 0 0 176
2079 179 0 0 0 179
2080 0 0 177 0 177
2081 0 0 0 173 173
2082 180 0 0 0 180
2083 0 0 0 174 174
2084 0 0 0 177 177
2085 177 0 0 0 177
2086 0 0 179 0 179
2087 0 172 0 1 173
2088 176 0 0 0 176
2089 0 0 164 0 164
2090 0 0 163 0 163
2091 0 160 0 0 160
2092 0 0 0 169 169
2093 0 0 0 166 166
2094 0 0 0 163 163
2095 0 169 0 0 169
2096 0 0 0 160 160
2097 0 159 0 0 159
2098 0 0 160 0 160
2099 0 0 0 158 158
2100 0 0 0 160 160
2101 165 0 0 0 165
2102 0 0 154 0 154
2103 0 0 0 156 156
2104 0 0 154 0 154
2105 0 0 155 0 155
2106 0 154 0 0 154
2107 157 0 0 0 157
2108 158 0 0 0 158
2109 0 0 155 0 155
2110 0 0 0 154 154
2111 158 0 0 0 158
2112 0 0 0 156 156
2113 0 0 157 0 157
2114 153 0 0 0 153
2115 0 154 0 0 154
2116 0 149 0 0 149
2117 0 152 0 0 152
2118 154 0 0 0 154
2119 0 0 146 0 146
2120 145 0 0 0 145
2121 0 0 0 144 144
2122 0 147 0 0 147
2123 0 0 0 146 146
2124 0 0 0 148 148
2125 0 0 146 0 146
2126 0 0 148 0 148
2127 150 0 0 0 150
2128 0 0 145 0 145
2129 148 0 0 0 148
2130 0 0 0 146 146
2131 0 0 0 145 145
2132 0 0 0 145 145
2133 0 146 0 0 146
2134 149 0 0 0 149
2135 156 0 0 0 156
2136 158 0 0 0 158
2137 157 0 0 0 157
2138 0 155 0 0 155
2139 0 0 0 170 170
2140 172 0 0 0 172
2141 6 0 0 164 170
2142 0 0 0 170 170
2143 0 0 169 0 169
2144 169 0 1 0 170
2145 161 0 0 0 161
2146 0 0 162 0 162
2147 155 0 0 0 155
2148 152 0 0 0 152
2149 0 154 0 0 154
2150 0 0 0 154 154
2151 0 0 0 153 153
2152 0 0 156 0 156
2153 158 0 0 0 158
2154 156 0 0 0 156
2155 155 0 0 0 155
2156 154 0 0 0 154
2157 0 0 150 0 150
2158 0 143 0 0 143
2159 0 0 0 161 161
2160 0 0 142 0 142
2161 144 0 0 0 144
2162 134 0 0 0 134
2163 131 0 0 0 131
2164 0 137 0 0 137
2165 0 135 0 0 135
2166 138 0 0 0 138
2167 0 0 136 0 136
2168 12 0 100 0 112
2169 0 0 117 0 117
2170 0 0 113 0 113
2171 116 0 0 0 116
2172 116 0 0 0 116
2173 117 0 0 0 117
2174 114 0 1 0 115
2175 0 0 112 0 112
2176 0 0 109 0 109
2177 0 106 0 1 107
2178 112 0 0 0 112
2179 112 0 0 0 112
2180 103 0 0 0 103
2181 0 100 0 0 100
2182 104 0 0 0 104
2183 0 0 0 103 103
2184 0 103 0 0 103
2185 0 0 0 102 102
2186 0 0 0 101 101
2187 0 0 93 0 93
2188 0 94 0 0 94
2189 0 0 0 91 91
2190 0 0 0 92 92
2191 0 0 0 92 92
2192 93 0 0 0 93
2193 0 0 0 98 98
2194 0 99 0 0 99
2195 97 0 0 0 97
2196 97 0 0 0 97
2197 0 0 95 0 95
2198 0 0 95 0 95
2199 73 0 0 0 73
2200 73 0 0 0 73
2201 70 0 0 0 70
2202 73 0 0 0 73
2203 0 75 0 0 75
2204 0 75 0 0 75
2205 73 0 0 0 73
2206 0 0 73 0 73
2207 0 0 0 73 73
2208 0 0 0 73 73
2209 71 0 0 0 71
2210 73 0 0 0 73
2211 75 0 0 0 75
2212 0 0 73 0 73
2213 0 0 0 73 73
2214 86 0 0 0 86
2215 0 0 84 0 84
2216 0 0 0 83 83
2217 0 0 82 0 82
2218 82 0 0 0 82
2219 82 0 0 0 82
2220 81 0 0 0 81
2221 82 0 0 0 82
2222 0 0 83 0 83
2223 0 0 83 0 83
2224 82 0 0 0 82
2225 81 0 0 0 81
2226 81 0 0 0 81
2227 82 0 0 0 82
2228 0 0 82 0 82
2229 0 0 81 0 81
2230 0 0 0 76 76
2231 82 0 0 0 82
2232 0 0 0 83 83
2233 81 0 0 0 81
2234 0 0 79 0 79
2235 0 0 0 75 75
2236 0 0 78 0 78
2237 0 76 0 0 76
2238 0 0 0 78 78
2239 0 0 0 80 80
2240 0 0 0 78 78
2241 1 0 77 0 78
2242 0 0 0 78 78
2243 0 77 0 0 77
2244 0 77 0 0 77
2245 65 0 12 0 77
2246 77 0 0 0 77
2247 0 0 0 77 77
2248 0 0 78 0 78
2249 75 0 0 0 75
2250 0 77 0 0 77
2251 76 0 0 0 76
2252 0 0 0 75 75
2253 0 0 0 76 76
2254 0 0 0 78 78
2255 0 77 0 0 77
2256 57 0 12 0 69
2257 12 58 0 0 70
2258 70 0 0 0 70
2259 70 0 0 0 70
2260 0 0 70 0 70
2261 0 0 68 0 68
2262 67 0 0 0 67
2263 68 0 0 0 68
2264 0 0 0 67 67
2265 0 0 0 68 68
2266 57 0 12 0 69
2267 56 0 12 0 68
2268 0 0 68 0 68
2269 67 0 0 0 67
2270 0 0 68 0 68
2271 68 0 0 0 68
2272 0 69 0 0 69
2273 60 0 0 0 60
2274 61 0 0 0 61
2275 60 0 0 0 60
2276 0 0 59 0 59
2277 59 0 0 0 59
2278 47 0 0 0 47
2279 0 0 0 47 47
2280 0 0 47 0 47
2281 48 0 0 0 48
2282 0 48 0 0 48
2283 47 0 0 0 47
2284 0 0 47 0 47
2285 0 0 0 48 48
2286 0 0 0 46 46
2287 0 0 48 0 48
2288 44 0 4 0 48
2289 0 0 46 0 46
2290 0 0 0 36 36
2291 0 37 0 0 37
2292 0 34 0 4 38
2293 37 0 0 0 37
2294 0 0 0 38 38
2295 0 0 38 0 38
2296 0 0 35 0 35
2297 0 0 36 0 36
2298 0 0 37 0 37
2299 0 0 0 36 36
2300 0 0 34 0 34
2301 0 0 36 0 36
2302 0 0 36 0 36
2303 0 35 0 0 35
2304 0 32 0 0 32
2305 0 0 0 35 35
2306 0 0 0 34 34
2307 0 0 33 0 33
2308 34 0 0 0 34
2309 0 0 34 0 34
2310 0 34 0 0 34
2311 0 0 0 33 33
2312 33 0 0 0 33
2313 34 0 0 0 34
2314 0 0 0 0 0
