0 0 0 0 0 0
1 693 0 0 0 693
2 0 0 0 731 731
3 0 0 738 0 738
4 744 0 0 0 744
5 0 757 0 0 757
6 763 0 0 1 764
7 1 13 0 752 766
8 0 0 0 775 775
9 782 0 0 0 782
10 0 9 784 0 793
11 0 900 0 0 900
12 0 579 0 357 936
13 945 0 0 0 945
14 943 0 0 0 943
15 931 0 0 0 931
16 927 0 0 0 927
17 0 0 0 941 941
18 0 0 0 946 946
19 0 0 937 0 937
20 920 0 0 0 920
21 928 0 0 0 928
22 0 0 0 942 942
23 0 0 0 946 946
24 0 0 950 0 950
25 0 0 0 958 958
26 1 0 0 959 960
27 970 0 1 0 971
28 957 0 0 0 957
29 959 0 0 0 959
30 798 83 73 0 954
31 0 973 0 0 973
32 978 0 0 0 978
33 958 0 0 0 958
34 0 963 0 0 963
35 0 0 0 970 970
36 0 0 956 0 956
37 0 959 0 0 959
38 0 0 0 976 976
39 972 0 0 0 972
40 967 0 0 0 967
41 0 0 980 0 980
42 0 0 1049 0 1049
43 6 0 1043 0 1049
44 1059 0 0 0 1059
45 0 1087 0 1 1088
46 1093 0 0 0 1093
47 1079 1 0 0 1080
48 0 0 0 1093 1093
49 0 0 1066 0 1066
50 1069 0 1 0 1070
51 0 1 1053 0 1054
52 0 0 1112 0 1112
53 0 1158 0 0 1158
54 0 1176 0 0 1176
55 1193 0 1 0 1194
56 1207 0 0 0 1207
57 1204 0 0 0 1204
58 1210 0 1 0 1211
59 0 1201 0 0 1201
60 1223 0 0 2 1225
61 0 0 1226 0 1226
62 0 0 1 1203 1204
63 0 0 0 1234 1234
64 0 0 0 1261 1261
65 0 0 0 1261 1261
66 0 0 1246 0 1246
67 1219 0 0 0 1219
68 1237 0 3 0 1240
69 0 0 1239 0 1239
70 0 1255 0 0 1255
71 1291 0 2 0 1293
72 1274 1 5 0 1280
73 1270 1 3 0 1274
74 4 1303 0 0 1307
75 1311 0 0 0 1311
76 1299 0 0 0 1299
77 0 1302 3 0 1305
78 1302 0 0 0 1302
79 0 0 1289 0 1289
80 0 0 0 1279 1279
81 1299 0 0 0 1299
82 0 0 1291 0 1291
83 1185 110 8 0 1303
84 0 1300 0 0 1300
85 0 1306 0 4 1310
86 1320 0 0 0 1320
87 1313 0 0 1 1314
88 0 0 0 1347 1347
89 1354 0 0 0 1354
90 0 11 0 1344 1355
91 1332 1 0 0 1333
92 1371 0 0 1 1372
93 0 1366 0 0 1366
94 1365 0 2 0 1367
95 0 0 0 1370 1370
96 1374 0 9 0 1383
97 1392 0 0 0 1392
98 1 0 0 1398 1399
99 1402 0 9 0 1411
100 1446 0 11 0 1457
101 0 0 1511 0 1511
102 1586 0 0 0 1586
103 1594 0 0 0 1594
104 1600 0 0 0 1600
105 1595 0 2 1 1598
106 0 0 0 1623 1623
107 0 0 0 1616 1616
108 0 1616 0 0 1616
109 1638 0 0 0 1638
110 1644 0 0 0 1644
111 0 0 0 1624 1624
112 1628 0 0 0 1628
113 0 1641 0 0 1641
114 1641 0 0 3 1644
115 0 0 0 1646 1646
116 0 1649 0 0 1649
117 1677 0 0 0 1677
118 1656 0 0 0 1656
119 0 0 1658 0 1658
120 0 0 1626 0 1626
121 1630 0 0 0 1630
122 0 0 0 1668 1668
123 0 1 0 1683 1684
124 1 0 1663 0 1664
125 1663 0 0 1 1664
126 1679 0 11 0 1690
127 1711 0 0 0 1711
128 1685 0 0 0 1685
129 0 0 1698 0 1698
130 1717 0 0 0 1717
131 1719 0 0 1 1720
132 0 1 0 1734 1735
133 0 1696 0 0 1696
134 0 1728 0 0 1728
135 0 0 0 1721 1721
136 0 0 0 1736 1736
137 5 1710 0 0 1715
138 1738 0 0 0 1738
139 0 1743 0 0 1743
140 0 0 0 1757 1757
141 1758 0 1 0 1759
142 1751 0 0 0 1751
143 0 0 1749 0 1749
144 0 0 1710 0 1710
145 1730 0 1 0 1731
146 0 0 0 1752 1752
147 0 0 1730 1 1731
148 1754 0 0 0 1754
149 1747 0 0 0 1747
150 1 0 1616 1 1618
151 1 10 0 1557 1568
152 1 3 1565 3 1572
153 0 0 1530 0 1530
154 1 0 1506 1 1508
155 0 1627 0 1 1628
156 0 1675 0 0 1675
157 1759 0 1 0 1760
158 0 0 0 1780 1780
159 0 0 1774 0 1774
160 0 3 0 1740 1743
161 3 0 1791 0 1794
162 0 4 0 1768 1772
163 0 0 0 1860 1860
164 0 1912 0 12 1924
165 0 9 0 1979 1988
166 1974 0 1 0 1975
167 1979 0 0 0 1979
168 20 2097 3 49 2169
169 0 0 0 2343 2343
170 0 1 0 2370 2371
171 0 0 0 2393 2393
172 0 2388 0 6 2394
173 1 2382 0 1 2384
174 3 2861 0 0 2864
175 0 8 0 2857 2865
176 0 0 0 2879 2879
177 0 0 2835 1 2836
178 1 0 2798 2 2801
179 0 2932 0 0 2932
180 0 5 0 2962 2967
181 0 3017 0 0 3017
182 0 1 0 3018 3019
183 3035 0 0 0 3035
184 2987 0 0 1 2988
185 0 3031 0 1 3032
186 0 3011 0 2 3013
187 3052 0 0 0 3052
188 3006 1 0 0 3007
189 0 2 3015 0 3017
190 0 0 2995 0 2995
191 0 0 2978 1 2979
192 0 3059 5 2 3066
193 29 0 3066 0 3095
194 3078 0 4 0 3082
195 0 2 0 3106 3108
196 3135 0 0 0 3135
197 1 1 0 3154 3156
198 0 0 3158 0 3158
199 4 0 3103 2 3109
200 0 3138 0 0 3138
201 3181 0 1 0 3182
202 3194 0 1 0 3195
203 3201 0 2 0 3203
204 2 3231 0 0 3233
205 3282 0 0 0 3282
206 0 0 3245 1 3246
207 3251 0 0 0 3251
208 3257 0 0 0 3257
209 0 1 0 3217 3218
210 1 3193 0 5 3199
211 0 3155 0 0 3155
212 0 3184 0 0 3184
213 1 3223 0 28 3252
214 1 0 0 3279 3280
215 0 0 0 3292 3292
216 1 0 3252 3 3256
217 1 0 3227 0 3228
218 3178 0 1 0 3179
219 3222 0 0 0 3222
220 0 0 0 3263 3263
221 3257 0 1 0 3258
222 1 3258 0 0 3259
223 3250 1 0 0 3251
224 3213 0 0 0 3213
225 3161 5 2 2 3170
226 4 0 3158 1 3163
227 0 0 3152 0 3152
228 0 0 3137 0 3137
229 3169 0 0 0 3169
230 0 0 0 3194 3194
231 3233 0 0 0 3233
232 1 3252 0 3 3256
233 3249 0 1 0 3250
234 3264 0 0 0 3264
235 0 3312 0 0 3312
236 0 0 0 3276 3276
237 0 7 0 3302 3309
238 3335 0 1 1 3337
239 3290 0 3 0 3293
240 3296 0 0 0 3296
241 3249 0 0 0 3249
242 3 3270 0 0 3273
243 3286 0 3 0 3289
244 3283 0 0 0 3283
245 3249 0 0 0 3249
246 0 0 0 3189 3189
247 1 1 3173 0 3175
248 2 3182 0 13 3197
249 0 15 0 3238 3253
250 2 0 3230 1 3233
251 3217 0 1 0 3218
252 3213 0 1 1 3215
253 7 0 3177 0 3184
254 3155 0 0 0 3155
255 0 3246 0 0 3246
256 3261 0 0 0 3261
257 0 0 0 3292 3292
258 3325 0 0 0 3325
259 0 0 3280 0 3280
260 1 0 3256 2 3259
261 3281 0 3 0 3284
262 3246 0 0 0 3246
263 1 3256 0 0 3257
264 0 3309 0 0 3309
265 3363 0 0 0 3363
266 3360 0 1 0 3361
267 3332 0 0 0 3332
268 0 0 3283 0 3283
269 1 0 3270 0 3271
270 0 3279 0 1 3280
271 1 3304 0 0 3305
272 3356 0 0 0 3356
273 3393 0 2 0 3395
274 3343 0 0 0 3343
275 0 0 0 3369 3369
276 0 0 3317 0 3317
277 1 0 0 3184 3185
278 1 0 3272 0 3273
279 0 3244 0 0 3244
280 0 5 0 3229 3234
281 2 3278 0 1 3281
282 3343 1 0 0 3344
283 3310 0 0 0 3310
284 0 0 0 3304 3304
285 3319 0 0 0 3319
286 0 0 3255 1 3256
287 0 3238 0 2 3240
288 3280 0 0 0 3280
289 0 0 3265 0 3265
290 0 3171 0 1 3172
291 3214 0 4 0 3218
292 0 0 3236 0 3236
293 0 0 0 3165 3165
294 0 3 0 3172 3175
295 3168 0 1 4 3173
296 0 3186 0 0 3186
297 0 0 0 3179 3179
298 0 1 0 3204 3205
299 0 0 3225 0 3225
300 0 0 3190 0 3190
301 0 2 0 3048 3050
302 0 0 3238 1 3239
303 1 0 3213 0 3214
304 3208 0 0 0 3208
305 3261 0 0 0 3261
306 1 0 2 3248 3251
307 3241 0 0 0 3241
308 0 3264 0 0 3264
309 3300 0 0 0 3300
310 0 0 0 3279 3279
311 3298 0 0 0 3298
312 0 1 0 3259 3260
313 1 0 3252 0 3253
314 0 0 3202 1 3203
315 3174 5 0 0 3179
316 1 3172 0 8 3181
317 3 3224 0 1 3228
318 3300 0 1 0 3301
319 3271 0 2 0 3273
320 0 0 1 3282 3283
321 3310 0 0 0 3310
322 0 0 3292 0 3292
323 0 0 3259 0 3259
324 3227 0 1 0 3228
325 1 0 3287 0 3288
326 3287 0 0 0 3287
327 31 3268 0 1 3300
328 3309 0 0 0 3309
329 0 3347 0 1 3348
330 1277 0 2101 13 3391
331 0 0 3388 0 3388
332 3349 0 17 0 3366
333 3386 0 0 0 3386
334 0 0 3430 1 3431
335 0 0 3490 0 3490
336 0 1 0 3308 3309
337 0 0 1 3490 3491
338 0 0 0 3559 3559
339 0 1 1 3584 3586
340 0 0 3553 0 3553
341 3535 0 0 0 3535
342 3541 0 0 2 3543
343 3558 1 1 0 3560
344 22 0 3517 0 3539
345 0 0 3507 0 3507
346 0 0 3511 0 3511
347 2 0 0 3406 3408
348 0 3455 0 4 3459
349 0 1 0 3480 3481
350 3483 0 1 0 3484
351 0 3492 0 2 3494
352 0 0 3529 0 3529
353 3483 0 1 0 3484
354 3505 0 0 0 3505
355 3487 0 0 0 3487
356 0 0 3472 2 3474
357 1 3415 0 0 3416
358 10 0 0 3428 3438
359 0 0 0 3446 3446
360 0 0 0 3472 3472
361 0 0 0 3442 3442
362 0 2 0 3438 3440
363 0 0 0 3385 3385
364 0 3292 0 12 3304
365 0 0 0 3178 3178
366 0 3176 13 0 3189
367 3175 0 1 0 3176
368 0 0 3173 0 3173
369 3145 0 0 0 3145
370 3141 0 1 0 3142
371 3140 0 0 0 3140
372 3092 0 0 0 3092
373 3067 0 0 0 3067
374 5 1 0 3036 3042
375 111 0 2809 0 2920
376 2894 0 1 0 2895
377 0 0 2874 0 2874
378 2884 0 0 0 2884
379 0 2853 0 0 2853
380 0 0 0 2847 2847
381 0 1 1 2878 2880
382 1 0 2840 0 2841
383 2827 0 0 0 2827
384 0 2793 0 1 2794
385 2678 0 0 0 2678
386 2544 0 0 0 2544
387 3 2529 0 10 2542
388 1 0 2549 0 2550
389 0 2510 0 0 2510
390 0 2510 0 0 2510
391 2517 0 1 0 2518
392 0 2553 0 0 2553
393 0 0 0 2481 2481
394 0 0 0 2466 2466
395 0 0 2483 0 2483
396 0 0 2402 0 2402
397 0 0 2399 0 2399
398 0 0 2437 0 2437
399 0 2421 0 4 2425
400 1 2468 0 8 2477
401 0 0 2484 0 2484
402 20 0 2423 0 2443
403 2306 0 20 1 2327
404 0 0 0 2406 2406
405 2423 0 0 0 2423
406 2099 0 304 0 2403
407 0 2423 0 0 2423
408 0 1 0 2413 2414
409 0 0 0 2419 2419
410 0 2 0 2427 2429
411 0 1 0 2446 2447
412 0 0 2366 1 2367
413 0 0 2250 0 2250
414 0 2314 0 6 2320
415 11 2311 0 3 2325
416 0 2334 0 1 2335
417 2335 0 0 1 2336
418 0 0 2349 0 2349
419 0 1 0 2294 2295
420 5 0 6 2335 2346
421 3 0 2376 0 2379
422 2387 0 0 0 2387
423 2408 0 0 0 2408
424 2399 0 1 0 2400
425 7 0 2372 0 2379
426 2360 0 0 0 2360
427 0 0 2361 0 2361
428 0 0 1 2131 2132
429 52 0 2228 0 2280
430 2295 0 1 1 2297
431 0 0 2368 0 2368
432 2411 0 0 0 2411
433 2405 0 0 0 2405
434 2425 1 0 0 2426
435 2422 0 0 0 2422
436 2407 0 0 1 2408
437 1 0 2383 0 2384
438 2307 0 21 0 2328
439 0 0 2361 0 2361
440 0 0 0 2234 2234
441 2295 0 0 0 2295
442 0 2322 0 0 2322
443 0 0 0 2325 2325
444 2304 0 0 1 2305
445 0 2334 0 0 2334
446 0 0 1 2343 2344
447 2360 0 1 0 2361
448 2320 0 0 0 2320
449 2261 0 0 0 2261
450 1 2306 0 0 2307
451 0 2260 0 0 2260
452 0 2274 0 0 2274
453 0 0 1 2240 2241
454 0 2291 0 0 2291
455 0 0 2 2223 2225
456 0 2274 0 0 2274
457 2235 0 2 0 2237
458 0 2311 0 0 2311
459 0 2316 0 0 2316
460 2316 0 0 0 2316
461 2308 0 0 0 2308
462 0 0 2304 0 2304
463 1 0 2291 2 2294
464 2289 1 0 0 2290
465 2330 0 1 0 2331
466 2327 2 0 0 2329
467 0 0 0 2252 2252
468 0 0 2248 0 2248
469 2 2180 0 1 2183
470 0 2209 0 0 2209
471 1 0 0 2187 2188
472 0 2218 0 0 2218
473 0 2255 0 2 2257
474 0 0 2297 0 2297
475 0 0 2254 0 2254
476 2242 0 0 0 2242
477 0 0 0 2197 2197
478 0 0 2227 0 2227
479 2244 2 0 0 2246
480 2 0 2208 0 2210
481 0 0 2139 0 2139
482 0 2154 0 0 2154
483 0 0 2158 0 2158
484 2109 0 9 0 2118
485 0 0 2185 0 2185
486 0 2128 0 0 2128
487 2183 0 0 1 2184
488 2182 0 0 0 2182
489 0 0 0 2185 2185
490 0 0 2233 0 2233
491 0 0 0 2267 2267
492 2 0 2362 0 2364
493 2404 0 0 0 2404
494 0 0 0 2418 2418
495 2444 0 0 0 2444
496 2431 0 1 1 2433
497 0 0 0 2687 2687
498 0 0 2704 0 2704
499 1 0 2757 1 2759
500 2850 0 1 0 2851
501 2871 0 0 0 2871
502 2868 0 1 0 2869
503 0 0 0 2897 2897
504 2944 0 0 0 2944
505 0 0 0 2878 2878
506 0 1 0 2896 2897
507 13 0 2849 0 2862
508 1 1 0 2799 2801
509 0 0 0 2790 2790
510 0 2812 0 0 2812
511 0 2748 0 2 2750
512 0 2870 0 1 2871
513 3 1 0 2920 2924
514 2930 0 1 0 2931
515 2911 1 1 0 2913
516 2866 0 0 0 2866
517 0 0 2931 0 2931
518 2874 1 0 0 2875
519 2912 6 1 2 2921
520 1 0 2879 0 2880
521 0 2895 0 5 2900
522 2981 0 3 0 2984
523 0 0 2966 0 2966
524 5 0 2964 0 2969
525 3024 0 0 0 3024
526 3040 0 0 0 3040
527 0 0 0 2990 2990
528 3011 0 0 0 3011
529 0 3000 0 0 3000
530 3 3050 0 0 3053
531 3137 0 0 0 3137
532 3344 0 0 0 3344
533 0 0 3299 0 3299
534 3335 0 1 0 3336
535 4 0 3308 0 3312
536 3372 0 1 0 3373
537 3335 0 0 0 3335
538 0 1 0 3248 3249
539 1 3270 0 0 3271
540 0 3307 0 0 3307
541 3303 0 1 0 3304
542 1 3381 0 16 3398
543 0 0 0 3360 3360
544 1 0 0 3392 3393
545 0 0 3389 1 3390
546 1 0 3353 0 3354
547 3351 0 1 0 3352
548 0 0 0 3382 3382
549 3401 0 1 1 3403
550 0 3379 0 0 3379
551 3343 0 0 0 3343
552 0 1 0 3361 3362
553 3321 16 3 0 3340
554 1 0 3271 1 3273
555 0 0 3267 0 3267
556 2 1 3248 0 3251
557 3203 0 1 0 3204
558 3307 0 0 0 3307
559 0 3292 0 0 3292
560 4 0 0 3322 3326
561 0 0 3333 2 3335
562 3270 0 0 0 3270
563 0 0 0 3355 3355
564 3360 0 0 0 3360
565 3328 0 0 0 3328
566 3336 0 0 0 3336
567 3351 0 2 2 3355
568 5 0 3396 0 3401
569 3445 0 8 0 3453
570 3534 0 1 0 3535
571 3555 0 0 0 3555
572 3553 0 0 0 3553
573 3565 0 0 0 3565
574 3536 0 0 0 3536
575 18 0 3498 0 3516
576 3485 0 0 0 3485
577 0 0 3585 0 3585
578 3622 0 2 0 3624
579 3660 0 2 0 3662
580 3613 0 0 1 3614
581 3601 0 0 3 3604
582 3550 0 13 0 3563
583 2 0 0 3542 3544
584 0 0 0 3537 3537
585 0 0 3520 0 3520
586 3489 0 0 0 3489
587 3542 0 2 0 3544
588 3536 0 1 0 3537
589 14 0 3489 0 3503
590 2 0 3452 0 3454
591 3502 0 4 0 3506
592 3519 0 1 0 3520
593 3 3515 0 0 3518
594 3517 1 0 0 3518
595 3496 0 2 0 3498
596 0 0 0 3505 3505
597 4 0 3511 0 3515
598 3504 0 0 3 3507
599 0 0 1 3505 3506
600 3506 0 0 0 3506
601 3447 0 0 0 3447
602 1 3461 0 0 3462
603 1 4 0 3385 3390
604 2 3439 0 2 3443
605 0 3487 0 0 3487
606 3552 0 1 0 3553
607 3471 0 0 0 3471
608 2 0 1 3420 3423
609 0 3511 0 0 3511
610 4 0 3528 0 3532
611 0 3 0 3410 3413
612 3516 0 0 0 3516
613 0 3573 1 1 3575
614 0 0 0 3538 3538
615 0 0 3559 0 3559
616 5 0 3500 1 3506
617 1 3621 0 7 3629
618 3705 3 1 0 3709
619 1 0 1 3674 3676
620 3701 0 1 0 3702
621 6 3694 0 1 3701
622 3713 0 0 0 3713
623 0 0 0 3707 3707
624 0 0 3706 0 3706
625 9 3641 0 0 3650
626 0 1 0 3743 3744
627 0 0 1 3797 3798
628 1 0 3773 0 3774
629 3756 0 0 0 3756
630 3833 0 0 1 3834
631 3831 1 0 0 3832
632 2 0 3853 0 3855
633 3887 0 0 0 3887
634 0 1 3871 0 3872
635 3902 0 0 0 3902
636 3904 0 0 0 3904
637 0 3985 0 0 3985
638 0 0 0 3941 3941
639 1 0 3946 0 3947
640 2 0 3880 0 3882
641 0 1 1 3803 3805
642 0 1 0 3918 3919
643 0 0 3961 0 3961
644 0 4103 5 0 4108
645 0 0 1 4160 4161
646 3 4192 0 2 4197
647 2 0 4278 0 4280
648 4219 0 0 0 4219
649 4261 0 0 0 4261
650 2 0 4379 0 4381
651 4316 0 0 0 4316
652 4370 0 0 0 4370
653 0 0 4427 0 4427
654 4415 0 0 0 4415
655 1 1 0 4432 4434
656 0 0 1 4451 4452
657 1 4460 0 5 4466
658 0 0 1 4473 4474
659 1 0 2 4465 4468
660 2 0 4436 0 4438
661 1 4418 1 11 4431
662 1 4500 0 1 4502
663 4524 0 1 1 4526
664 1 9 4484 0 4494
665 1 1 0 4393 4395
666 1 0 4437 0 4438
667 2 0 4364 0 4366
668 4 4431 1 1 4437
669 4473 0 1 0 4474
670 12 0 4488 1 4501
671 0 0 4288 0 4288
672 3915 0 1 0 3916
673 1 0 3921 0 3922
674 2 3919 0 1 3922
675 4045 0 1 2 4048
676 4349 0 0 0 4349
677 0 3894 0 0 3894
678 4165 0 0 0 4165
679 0 1 0 3769 3770
680 0 3890 6 1 3897
681 4039 0 1 3 4043
682 5 0 3792 1 3798
683 2 3996 0 0 3998
684 0 1 0 4032 4033
685 1 0 4037 1 4039
686 3831 2 4 1 3838
687 1 0 4060 0 4061
688 0 1 4 3621 3626
689 0 3 1 4062 4066
690 0 3954 0 25 3979
691 4040 0 0 1 4041
692 1 2 0 4116 4119
693 4280 0 1 0 4281
694 0 0 3981 0 3981
695 4015 0 0 0 4015
696 4410 0 1 0 4411
697 4475 0 3 0 4478
698 0 0 1 3940 3941
699 0 0 4042 0 4042
700 1 4009 0 1 4011
701 0 0 0 4075 4075
702 4097 0 1 1 4099
703 1 4090 0 0 4091
704 4009 0 1 1 4011
705 1 4033 0 4 4038
706 1 0 2 3970 3973
707 1 0 4029 0 4030
708 1 4066 0 0 4067
709 1 7 0 4065 4073
710 0 2 0 4378 4380
711 4210 2 0 0 4212
712 1 4169 0 2 4172
713 4293 0 0 1 4294
714 4456 0 1 0 4457
715 1 0 4082 0 4083
716 3 0 4344 0 4347
717 0 0 7 2917 2924
718 0 0 3910 1 3911
719 3970 0 6 0 3976
720 2531 0 1705 0 4236
721 4296 0 1 0 4297
722 4500 0 1 3 4504
723 1 3 0 3840 3844
724 0 0 0 4234 4234
725 0 0 3989 0 3989
726 1 0 4210 0 4211
727 3845 0 0 0 3845
728 4 0 3960 0 3964
729 3984 0 0 0 3984
730 3 4021 0 0 4024
731 4146 0 0 0 4146
732 4364 1 0 1 4366
733 4438 0 0 0 4438
734 0 15 0 3856 3871
735 4159 0 0 0 4159
736 0 2 0 3976 3978
737 4094 0 0 0 4094
738 0 0 2 3750 3752
739 0 3717 0 1 3718
740 3727 0 0 0 3727
741 1 3845 0 5 3851
742 0 4103 1 0 4104
743 1 4253 0 0 4254
744 3863 4 1 0 3868
745 1 7 3947 0 3955
746 0 0 4084 0 4084
747 3631 0 1 1 3633
748 0 0 3976 0 3976
749 0 0 4080 0 4080
750 2 0 4131 0 4133
751 3782 2 16 0 3800
752 4097 0 1 0 4098
753 0 1 0 3986 3987
754 4088 0 0 0 4088
755 4257 0 0 2 4259
756 4301 0 0 0 4301
757 8 0 0 3852 3860
758 0 0 0 4102 4102
759 4123 0 0 0 4123
760 4187 0 0 4 4191
761 3 3947 0 1 3951
762 0 0 0 3899 3899
763 0 0 3914 0 3914
764 4010 0 0 0 4010
765 0 0 4009 0 4009
766 1 0 0 3821 3822
767 12 3987 8 0 4007
768 0 4184 0 0 4184
769 4141 0 0 0 4141
770 0 0 4119 0 4119
771 1 0 4175 0 4176
772 7 0 3 3591 3601
773 4 3941 0 0 3945
774 0 0 1 4022 4023
775 0 4168 0 2 4170
776 4246 0 0 0 4246
777 4336 0 10 0 4346
778 2 0 0 4142 4144
779 1 4125 0 0 4126
780 4227 0 2 0 4229
781 4321 0 0 0 4321
782 0 0 0 4112 4112
783 0 0 4165 0 4165
784 4164 0 2 0 4166
785 0 0 0 4137 4137
786 4172 15 0 0 4187
787 0 0 4087 0 4087
788 1 0 0 3922 3923
789 4058 1 0 0 4059
790 0 0 3996 0 3996
791 0 3990 0 0 3990
792 0 0 0 4023 4023
793 0 0 0 4168 4168
794 0 0 4084 1 4085
795 0 0 0 3894 3894
796 3986 0 0 0 3986
797 0 0 3962 0 3962
798 1 0 4021 0 4022
799 3947 0 0 0 3947
800 4202 0 0 1 4203
801 4269 0 0 0 4269
802 4280 0 0 0 4280
803 3 0 0 4102 4105
804 4195 0 2 0 4197
805 4221 0 1 1 4223
806 2 0 2 3999 4003
807 8 4030 0 2 4040
808 4293 0 0 0 4293
809 0 0 4205 0 4205
810 4326 0 0 0 4326
811 4384 0 2 0 4386
812 0 0 4344 0 4344
813 4370 0 0 0 4370
814 0 1 1 4340 4342
815 5 4454 1 2 4462
816 4545 0 0 0 4545
817 4573 0 0 1 4574
818 8 0 1 4441 4450
819 4570 0 0 8 4578
820 5 0 4533 0 4538
821 0 10 1 4371 4382
822 0 4566 0 1 4567
823 0 0 4559 0 4559
824 0 4406 0 0 4406
825 1 4 2 4450 4457
826 0 4 0 4522 4526
827 1 4464 1 0 4466
828 4584 0 0 0 4584
829 4581 0 0 2 4583
830 4410 1 136 0 4547
831 1 4404 0 7 4412
832 4 4454 0 0 4458
833 0 4503 0 0 4503
834 4348 0 3 0 4351
835 66 4412 0 0 4478
836 0 2 0 4445 4447
837 4 0 4379 0 4383
838 0 0 4371 0 4371
839 4323 0 0 0 4323
840 0 0 4390 0 4390
841 0 4400 0 3 4403
842 0 5 0 4463 4468
843 4431 0 1 0 4432
844 0 0 4426 0 4426
845 0 4391 1 1 4393
846 0 0 0 4443 4443
847 0 0 4518 0 4518
848 0 1 0 4440 4441
849 4576 0 20 0 4596
850 0 0 4589 0 4589
851 4617 0 1 0 4618
852 4659 0 15 0 4674
853 4697 1 13 7 4718
854 2 2 0 4587 4591
855 0 0 0 4701 4701
856 24 0 4525 0 4549
857 0 4571 3 0 4574
858 4703 0 1 0 4704
859 4741 0 0 0 4741
860 4716 0 1 0 4717
861 9 4659 0 1 4669
862 4734 0 1 0 4735
863 4733 1 1 0 4735
864 4 0 4658 0 4662
865 4594 0 0 1 4595
866 1 4692 0 0 4693
867 0 0 0 4697 4697
868 2 0 4753 0 4755
869 1 1 0 4620 4622
870 0 0 4728 0 4728
871 4749 0 0 0 4749
872 0 0 0 4745 4745
873 4837 0 1 0 4838
874 5 0 4779 0 4784
875 4751 0 0 0 4751
876 1 5 1 4781 4788
877 4747 0 0 1 4748
878 0 4805 0 2 4807
879 1 431 1 4420 4853
880 1 0 4853 0 4854
881 4821 0 2 0 4823
882 4767 0 7 0 4774
883 0 4795 0 0 4795
884 1 4858 0 0 4859
885 0 3 0 4878 4881
886 0 0 0 4919 4919
887 0 1 1 4933 4935
888 4973 0 0 1 4974
889 4923 2 0 0 4925
890 4923 0 2 0 4925
891 1 0 4786 1 4788
892 0 6 0 4632 4638
893 1 4727 0 16 4744
894 4866 0 0 0 4866
895 0 0 0 4800 4800
896 0 0 4796 0 4796
897 0 0 0 4691 4691
898 0 4785 0 0 4785
899 0 0 1 4738 4739
900 2 0 4730 1 4733
901 1 0 4700 0 4701
902 0 4662 0 1 4663
903 4757 0 1 4 4762
904 0 0 4730 0 4730
905 0 4633 0 0 4633
906 0 4729 0 2 4731
907 4802 0 3 0 4805
908 0 1 0 4796 4797
909 4791 0 0 0 4791
910 0 0 4756 0 4756
911 4658 0 2 0 4660
912 1 4742 0 0 4743
913 0 0 4740 0 4740
914 0 0 4714 0 4714
915 4593 0 10 0 4603
916 0 0 4735 0 4735
917 0 0 4714 0 4714
918 0 104 0 4267 4371
919 6 0 4633 5 4644
920 4665 0 0 0 4665
921 0 0 2 4731 4733
922 0 0 4756 0 4756
923 0 1 0 4676 4677
924 4743 0 0 0 4743
925 0 0 4623 0 4623
926 0 4628 0 2 4630
927 0 0 0 4642 4642
928 0 0 0 4641 4641
929 0 0 4608 0 4608
930 0 0 1 4514 4515
931 0 0 4541 1 4542
932 4554 0 0 1 4555
933 0 4540 0 1 4541
934 4545 0 1 0 4546
935 0 0 0 4534 4534
936 4568 0 0 0 4568
937 4528 1 1 0 4530
938 0 0 0 4528 4528
939 4517 0 0 0 4517
940 4554 0 1 0 4555
941 0 0 4461 1 4462
942 4412 0 0 5 4417
943 0 0 4429 0 4429
944 4 4427 0 2 4433
945 0 1 1 4435 4437
946 10 0 4419 0 4429
947 0 4407 0 4 4411
948 4440 0 0 0 4440
949 0 0 1 4389 4390
950 0 4 0 4416 4420
951 4430 0 18 0 4448
952 0 0 4399 0 4399
953 0 0 4325 0 4325
954 4357 0 0 0 4357
955 10 4270 0 0 4280
956 0 1 0 4353 4354
957 4395 0 0 0 4395
958 4363 0 0 0 4363
959 4348 0 0 0 4348
960 12 0 4311 1 4324
961 4199 0 0 1 4200
962 1 0 0 4160 4161
963 1 4213 0 0 4214
964 4204 0 3 0 4207
965 0 0 4189 0 4189
966 4140 0 1 1 4142
967 0 4135 1 0 4136
968 4161 0 0 0 4161
969 4120 0 3 0 4123
970 4087 0 1 0 4088
971 0 0 4072 0 4072
972 4020 0 0 0 4020
973 6 4003 0 2 4011
974 4047 0 0 0 4047
975 4033 0 0 0 4033
976 3960 1 0 0 3961
977 1 0 3941 1 3943
978 3929 0 0 0 3929
979 0 0 0 3818 3818
980 0 0 1 3853 3854
981 0 1 0 3890 3891
982 0 19 3829 1 3849
983 0 0 3829 0 3829
984 3829 0 15 0 3844
985 0 3840 0 0 3840
986 0 0 3786 0 3786
987 4 0 3794 0 3798
988 1 3832 0 0 3833
989 0 0 1 3796 3797
990 3 9 3 3826 3841
991 0 0 3754 0 3754
992 3728 0 0 0 3728
993 1 0 3696 7 3704
994 0 3653 0 0 3653
995 5 0 0 3732 3737
996 3761 1 2 0 3764
997 3748 0 0 0 3748
998 3764 0 0 0 3764
999 3757 1 0 0 3758
1000 3770 0 0 0 3770
1001 7 0 3727 0 3734
1002 3728 0 0 0 3728
1003 3746 1 0 0 3747
1004 0 0 1 3691 3692
1005 3747 0 0 1 3748
1006 0 0 0 3644 3644
1007 1 3693 0 0 3694
1008 3683 0 2 0 3685
1009 1 0 3647 0 3648
1010 0 0 3620 1 3621
1011 3554 0 1 0 3555
1012 3603 2 2 4 3611
1013 0 0 3682 0 3682
1014 3702 0 5 6 3713
1015 0 0 3705 0 3705
1016 0 0 3663 0 3663
1017 3643 0 2 0 3645
1018 0 0 0 3604 3604
1019 0 0 0 3627 3627
1020 0 3605 0 2 3607
1021 3729 0 3 2 3734
1022 3741 0 0 0 3741
1023 3734 0 0 0 3734
1024 3698 0 0 0 3698
1025 3597 0 2 0 3599
1026 0 0 0 3555 3555
1027 1 0 3524 0 3525
1028 3442 0 0 0 3442
1029 4 0 0 3438 3442
1030 0 0 3417 2 3419
1031 3383 0 0 0 3383
1032 3394 1 0 0 3395
1033 6 0 3433 0 3439
1034 3380 0 0 0 3380
1035 3381 0 2 0 3383
1036 3351 0 0 0 3351
1037 0 0 0 3328 3328
1038 3366 0 0 0 3366
1039 0 1 0 3320 3321
1040 0 3 0 3340 3343
1041 3402 0 1 0 3403
1042 3334 0 1 0 3335
1043 0 7 1 3302 3310
1044 3378 0 0 0 3378
1045 1 2 3308 0 3311
1046 5 0 3220 0 3225
1047 2 0 3202 0 3204
1048 3252 0 0 0 3252
1049 3309 0 0 0 3309
1050 0 3263 0 0 3263
1051 0 0 3279 1 3280
1052 0 0 3314 0 3314
1053 3291 0 0 0 3291
1054 3336 0 0 0 3336
1055 3 3277 0 0 3280
1056 3347 0 0 0 3347
1057 3328 0 3 0 3331
1058 0 2 1 3219 3222
1059 3279 0 0 0 3279
1060 4 3264 0 0 3268
1061 3302 0 1 0 3303
1062 0 0 3316 0 3316
1063 3262 0 0 0 3262
1064 3265 0 5 0 3270
1065 0 0 3283 0 3283
1066 3229 0 0 0 3229
1067 0 1 0 3214 3215
1068 0 2 0 3293 3295
1069 1 0 3324 1 3326
1070 0 0 3329 0 3329
1071 3259 0 2 0 3261
1072 3281 0 0 0 3281
1073 0 0 1 3233 3234
1074 3284 0 0 0 3284
1075 0 0 4 3252 3256
1076 0 0 3288 1 3289
1077 0 0 3235 1 3236
1078 0 0 3156 0 3156
1079 3156 0 2 0 3158
1080 0 3114 0 5 3119
1081 0 1 3130 0 3131
1082 0 1 3113 0 3114
1083 0 0 3151 0 3151
1084 2 0 3194 0 3196
1085 3194 0 1 0 3195
1086 3259 0 0 1 3260
1087 0 0 3251 0 3251
1088 3227 0 0 0 3227
1089 2 0 3274 0 3276
1090 1 0 3250 0 3251
1091 3230 0 0 0 3230
1092 0 0 3377 0 3377
1093 0 1 0 3289 3290
1094 0 0 0 3262 3262
1095 0 3230 1 0 3231
1096 0 3310 1 0 3311
1097 3301 0 6 0 3307
1098 0 1 0 3340 3341
1099 8 0 3382 0 3390
1100 1 0 0 3259 3260
1101 3368 0 1 0 3369
1102 3321 0 0 0 3321
1103 0 0 3382 5 3387
1104 3283 0 0 0 3283
1105 0 0 1 3264 3265
1106 0 3 3309 0 3312
1107 0 1 0 3140 3141
1108 0 0 3302 0 3302
1109 2 0 3360 0 3362
1110 0 0 0 3206 3206
1111 0 0 3267 1 3268
1112 3307 0 0 0 3307
1113 3327 1 0 0 3328
1114 0 5 3 3299 3307
1115 0 0 3308 0 3308
1116 1 3226 0 1 3228
1117 3271 0 1 0 3272
1118 1 1 3461 0 3463
1119 35 0 3455 7 3497
1120 1 0 3970 1 3972
1121 2 0 4017 0 4019
1122 3988 0 0 0 3988
1123 4040 0 0 0 4040
1124 0 0 0 4068 4068
1125 4061 0 0 0 4061
1126 1 0 5 4095 4101
1127 0 0 0 4156 4156
1128 4161 0 0 0 4161
1129 4230 0 0 2 4232
1130 4260 1 0 0 4261
1131 4279 0 0 0 4279
1132 4270 1 0 0 4271
1133 4231 1 1 0 4233
1134 3 0 4235 0 4238
1135 4197 1 0 0 4198
1136 0 0 4281 1 4282
1137 3 1 1 4127 4132
1138 4297 0 1 0 4298
1139 4340 0 0 0 4340
1140 4293 0 1 0 4294
1141 4331 1 0 0 4332
1142 0 0 2 4334 4336
1143 1 0 4320 0 4321
1144 4296 1 0 0 4297
1145 4288 0 0 0 4288
1146 4278 0 0 0 4278
1147 0 4292 0 0 4292
1148 0 0 1 4226 4227
1149 7 0 4284 0 4291
1150 1 0 4234 1 4236
1151 4214 1 0 0 4215
1152 4265 0 0 0 4265
1153 4308 0 2 0 4310
1154 4322 0 0 0 4322
1155 4299 0 0 0 4299
1156 1 4304 0 1 4306
1157 0 0 2 4258 4260
1158 4312 0 0 0 4312
1159 3 4330 0 0 4333
1160 0 0 0 4317 4317
1161 0 0 4336 1 4337
1162 4255 1 0 0 4256
1163 0 0 0 4299 4299
1164 4347 0 0 0 4347
1165 4356 0 0 0 4356
1166 4338 0 0 0 4338
1167 0 1 0 4279 4280
1168 1 0 0 4273 4274
1169 0 4290 0 0 4290
1170 4338 0 1 1 4340
1171 0 0 4300 0 4300
1172 0 4235 0 9 4244
1173 0 4268 0 0 4268
1174 4371 0 3 0 4374
1175 4336 0 2 0 4338
1176 4298 0 0 0 4298
1177 4302 0 1 0 4303
1178 4304 1 1 0 4306
1179 0 0 4359 0 4359
1180 0 0 4267 0 4267
1181 4202 0 28 2 4232
1182 1 0 4349 0 4350
1183 2 0 4330 0 4332
1184 4331 0 1 0 4332
1185 1 0 1 4306 4308
1186 4369 0 0 2 4371
1187 0 1 0 4380 4381
1188 0 0 4362 0 4362
1189 4347 0 1 0 4348
1190 8 0 4393 0 4401
1191 4307 0 2 0 4309
1192 0 0 4328 0 4328
1193 4396 0 0 0 4396
1194 0 0 0 4414 4414
1195 0 0 1 4509 4510
1196 0 2 0 4565 4567
1197 4646 0 0 0 4646
1198 4600 0 0 0 4600
1199 0 0 0 4620 4620
1200 4634 2 0 0 4636
1201 4617 0 0 0 4617
1202 0 1 0 4629 4630
1203 0 4730 0 0 4730
1204 0 0 0 4708 4708
1205 0 1 0 4796 4797
1206 4746 0 1 0 4747
1207 0 0 0 4774 4774
1208 2 0 4734 1 4737
1209 0 4709 0 1 4710
1210 4787 2 2 0 4791
1211 0 2 0 4856 4858
1212 2 0 4856 0 4858
1213 4 0 4912 0 4916
1214 0 0 0 4645 4645
1215 4991 1 0 1 4993
1216 0 0 0 5058 5058
1217 1 1 0 5113 5115
1218 0 0 1 5082 5083
1219 0 0 0 5100 5100
1220 0 5076 0 0 5076
1221 0 1 0 5097 5098
1222 9 5089 0 0 5098
1223 5211 0 0 1 5212
1224 5172 2 0 0 5174
1225 0 0 5183 0 5183
1226 5151 0 0 0 5151
1227 0 5181 0 3 5184
1228 5174 0 0 0 5174
1229 0 5305 0 0 5305
1230 0 1 0 5294 5295
1231 5360 1 0 0 5361
1232 0 0 5447 0 5447
1233 1 0 5404 1 5406
1234 5344 1 1 0 5346
1235 1 0 0 5391 5392
1236 0 0 5460 0 5460
1237 1 0 0 5441 5442
1238 0 1 0 5418 5419
1239 5 5405 0 0 5410
1240 1 5418 0 1 5420
1241 5462 0 1 0 5463
1242 5397 0 44 0 5441
1243 0 0 5455 0 5455
1244 0 0 5382 5 5387
1245 2 0 5398 0 5400
1246 0 0 5398 0 5398
1247 0 0 1 5157 5158
1248 23 0 5338 0 5361
1249 5390 0 0 0 5390
1250 0 0 5486 0 5486
1251 5461 1 1 0 5463
1252 2 0 5558 0 5560
1253 0 0 5567 0 5567
1254 5477 0 0 1 5478
1255 1 0 5581 0 5582
1256 5611 0 2 0 5613
1257 5667 0 0 0 5667
1258 5738 0 0 0 5738
1259 0 0 0 5749 5749
1260 5813 0 1 0 5814
1261 5825 0 1 0 5826
1262 5852 0 0 1 5853
1263 0 0 0 6030 6030
1264 0 1 0 6055 6056
1265 1 3 0 6178 6182
1266 1 2 0 6258 6261
1267 0 6251 0 2 6253
1268 0 0 0 6266 6266
1269 0 0 0 6357 6357
1270 6385 0 0 1 6386
1271 6290 0 0 0 6290
1272 2 0 0 6236 6238
1273 0 6282 0 0 6282
1274 4 0 6270 0 6274
1275 6156 0 2 0 6158
1276 1 0 6182 1 6184
1277 0 6128 0 1 6129
1278 6150 0 28 2 6180
1279 0 0 6148 0 6148
1280 1 0 6014 0 6015
1281 0 5928 2 1 5931
1282 5 6021 0 4 6030
1283 6142 0 1 0 6143
1284 5994 0 1 0 5995
1285 0 6160 0 0 6160
1286 0 6 0 6046 6052
1287 0 41 0 5994 6035
1288 1 0 0 6073 6074
1289 0 0 0 6031 6031
1290 5968 0 0 0 5968
1291 2 1 0 5589 5592
1292 0 5564 0 0 5564
1293 0 1 0 5484 5485
1294 0 5533 0 0 5533
1295 4 5547 0 1 5552
1296 5558 0 4 0 5562
1297 5419 18 0 0 5437
1298 0 0 1 5378 5379
1299 0 0 5309 0 5309
1300 0 0 0 5187 5187
1301 5215 0 1 0 5216
1302 0 5304 0 0 5304
1303 2 5221 0 0 5223
1304 5306 0 1 0 5307
1305 5243 1 0 1 5245
1306 0 5261 0 0 5261
1307 0 3 0 5155 5158
1308 0 5208 0 0 5208
1309 0 5284 0 0 5284
1310 5195 0 0 0 5195
1311 5150 0 0 1 5151
1312 0 5195 4 0 5199
1313 2 0 5225 1 5228
1314 5137 0 1 0 5138
1315 0 0 6 5128 5134
1316 5103 0 0 0 5103
1317 0 10 0 5113 5123
1318 1 0 0 5173 5174
1319 0 0 0 5166 5166
1320 0 0 0 5152 5152
1321 0 0 0 5097 5097
1322 0 0 0 5079 5079
1323 0 0 4853 0 4853
1324 4818 0 1 0 4819
1325 4773 0 3 0 4776
1326 0 0 0 4827 4827
1327 4791 0 1 0 4792
1328 0 0 4773 0 4773
1329 4793 1 0 1 4795
1330 4710 0 3 0 4713
1331 3 0 4594 0 4597
1332 1 4566 0 0 4567
1333 4629 0 0 0 4629
1334 4556 0 0 0 4556
1335 0 4561 0 0 4561
1336 1 0 4513 5 4519
1337 4358 0 5 0 4363
1338 8 4472 1 0 4481
1339 0 4528 0 1 4529
1340 0 8 0 4558 4566
1341 0 2 0 4609 4611
1342 0 1 0 4607 4608
1343 1 0 0 4612 4613
1344 0 2 22 4591 4615
1345 1 0 4534 1 4536
1346 4489 0 1 0 4490
1347 0 2 0 4443 4445
1348 1 4482 0 0 4483
1349 4496 0 1 0 4497
1350 4407 0 0 0 4407
1351 0 5 0 4426 4431
1352 0 0 4430 0 4430
1353 0 0 4339 3 4342
1354 3 0 4322 0 4325
1355 0 0 4362 0 4362
1356 2 0 4345 0 4347
1357 2 0 6 3960 3968
1358 4316 0 7 0 4323
1359 0 1 0 4369 4370
1360 1 0 4380 0 4381
1361 4316 0 2 0 4318
1362 0 0 4321 1 4322
1363 18 0 4266 2 4286
1364 4354 0 0 0 4354
1365 4390 0 0 0 4390
1366 1 0 0 4373 4374
1367 1 4295 0 0 4296
1368 4221 0 1 0 4222
1369 0 4406 0 5 4411
1370 10 4416 0 0 4426
1371 0 4455 0 0 4455
1372 4496 0 0 0 4496
1373 4516 1 0 0 4517
1374 4507 0 0 0 4507
1375 10 3 4455 0 4468
1376 0 4442 0 1 4443
1377 4530 0 0 0 4530
1378 4492 0 0 0 4492
1379 0 0 4515 1 4516
1380 0 0 1 4314 4315
1381 1 0 4398 0 4399
1382 4434 1 0 0 4435
1383 4427 0 1 0 4428
1384 3 4411 0 0 4414
1385 0 1 0 4408 4409
1386 4387 1 1 0 4389
1387 3 4385 0 0 4388
1388 4375 0 1 1 4377
1389 0 1 1 4349 4351
1390 0 0 4345 3 4348
1391 0 0 4341 2 4343
1392 0 0 4310 0 4310
1393 4263 0 2 0 4265
1394 0 1 1 4301 4303
1395 4342 0 0 2 4344
1396 4374 0 0 0 4374
1397 4386 0 0 0 4386
1398 0 0 0 4311 4311
1399 8 1 4299 0 4308
1400 4290 0 0 0 4290
1401 4205 1 1 2 4209
1402 1 0 0 4137 4138
1403 3 4189 0 1 4193
1404 4233 0 0 0 4233
1405 4193 0 0 0 4193
1406 0 0 1 4157 4158
1407 2 0 4176 1 4179
1408 4153 1 0 1 4155
1409 4133 0 1 0 4134
1410 0 0 0 4095 4095
1411 1 0 4067 0 4068
1412 0 4063 0 3 4066
1413 4099 0 0 0 4099
1414 0 0 0 4060 4060
1415 0 4107 0 0 4107
1416 0 1 0 4124 4125
1417 2 0 4064 0 4066
1418 4024 0 0 0 4024
1419 0 4038 0 4 4042
1420 0 0 0 4035 4035
1421 4044 0 1 0 4045
1422 0 13 0 3986 3999
1423 3915 0 0 0 3915
1424 7 3968 0 1 3976
1425 3984 0 1 0 3985
1426 0 0 1 3929 3930
1427 0 1 0 3926 3927
1428 1 0 3890 0 3891
1429 3818 0 0 1 3819
1430 3819 0 1 0 3820
1431 3845 0 0 4 3849
1432 1 0 3818 0 3819
1433 1 1 3761 1 3764
1434 0 0 3742 0 3742
1435 3728 0 2 0 3730
1436 0 0 1 3688 3689
1437 0 1 0 3720 3721
1438 0 0 3713 0 3713
1439 1 1 1 3568 3571
1440 3657 0 1 0 3658
1441 0 0 3666 0 3666
1442 2 1 0 3525 3528
1443 0 0 3552 0 3552
1444 3542 0 0 0 3542
1445 0 3516 0 1 3517
1446 3544 0 0 0 3544
1447 3540 0 0 0 3540
1448 0 0 3469 0 3469
1449 3512 0 0 0 3512
1450 3464 0 1 1 3466
1451 3447 0 2 0 3449
1452 1 0 0 3388 3389
1453 1 0 3377 0 3378
1454 1 0 0 3218 3219
1455 3355 0 0 0 3355
1456 3320 0 2 0 3322
1457 0 0 0 3243 3243
1458 0 102 0 3204 3306
1459 3 0 3308 0 3311
1460 3266 0 2 0 3268
1461 0 3290 0 3 3293
1462 1 1 3317 0 3319
1463 3245 4 3 0 3252
1464 0 3336 0 0 3336
1465 6 0 0 3361 3367
1466 0 0 1 3351 3352
1467 0 0 0 3392 3392
1468 3389 0 0 0 3389
1469 1 0 3302 0 3303
1470 0 3258 0 0 3258
1471 0 0 0 3231 3231
1472 0 3205 0 0 3205
1473 0 1 3 3204 3208
1474 3203 0 0 2 3205
1475 14 3154 0 3 3171
1476 1 0 0 3151 3152
1477 0 0 3074 0 3074
1478 3046 0 0 0 3046
1479 3032 1 0 0 3033
1480 3017 0 0 1 3018
1481 1 2984 0 0 2985
1482 2965 0 1 2 2968
1483 1 0 2949 2 2952
1484 2939 0 0 0 2939
1485 2940 1 0 0 2941
1486 2947 0 0 0 2947
1487 2929 1 0 0 2930
1488 2933 0 2 2 2937
1489 1 0 2832 0 2833
1490 0 0 0 2462 2462
1491 2752 0 0 0 2752
1492 0 0 1 2688 2689
1493 0 2717 0 2 2719
1494 0 2715 0 0 2715
1495 2739 0 0 0 2739
1496 0 52 0 2659 2711
1497 2769 0 0 0 2769
1498 2720 0 8 0 2728
1499 0 2707 1 0 2708
1500 2726 0 0 0 2726
1501 2720 0 0 0 2720
1502 2706 0 4 1 2711
1503 2706 0 0 0 2706
1504 2693 1 1 0 2695
1505 2672 0 0 0 2672
1506 0 0 0 2578 2578
1507 0 2623 0 0 2623
1508 2 0 1 2614 2617
1509 0 0 2 2659 2661
1510 2643 0 6 0 2649
1511 0 0 2593 0 2593
1512 0 2606 0 0 2606
1513 1 0 0 2575 2576
1514 0 1 0 2609 2610
1515 2635 0 0 0 2635
1516 2593 0 0 0 2593
1517 0 0 0 2608 2608
1518 2657 0 0 0 2657
1519 2623 0 0 0 2623
1520 2619 0 0 0 2619
1521 2632 1 1 0 2634
1522 2593 0 1 0 2594
1523 2 0 2486 27 2515
1524 0 0 2448 0 2448
1525 2475 0 0 0 2475
1526 4 2469 0 0 2473
1527 0 0 0 2484 2484
1528 0 0 2504 0 2504
1529 0 0 2444 0 2444
1530 2519 0 4 0 2523
1531 0 0 2477 0 2477
1532 2511 0 0 0 2511
1533 2518 0 0 0 2518
1534 0 0 2488 0 2488
1535 0 0 0 2344 2344
1536 0 2446 0 0 2446
1537 2481 0 0 0 2481
1538 0 0 0 2472 2472
1539 2455 0 1 0 2456
1540 2441 0 0 0 2441
1541 0 4 3 2424 2431
1542 0 0 2397 0 2397
1543 0 0 2318 0 2318
1544 0 0 2289 0 2289
1545 2364 0 0 0 2364
1546 0 0 2334 0 2334
1547 0 2302 0 0 2302
1548 0 0 0 2367 2367
1549 2395 0 0 0 2395
1550 2394 0 0 0 2394
1551 3 0 0 2336 2339
1552 0 0 2289 0 2289
1553 2284 0 0 0 2284
1554 2 2295 3 5 2305
1555 0 0 2300 1 2301
1556 0 0 1 2283 2284
1557 1 0 2255 0 2256
1558 2300 0 0 0 2300
1559 0 0 2318 0 2318
1560 0 0 0 2239 2239
1561 0 0 2291 0 2291
1562 2369 0 0 0 2369
1563 2430 0 0 0 2430
1564 0 0 4 2395 2399
1565 1 1 0 2374 2376
1566 2458 0 0 0 2458
1567 0 0 2415 0 2415
1568 2396 0 0 0 2396
1569 2378 0 0 0 2378
1570 0 0 0 2364 2364
1571 0 2382 0 0 2382
1572 2413 0 0 0 2413
1573 0 2412 0 0 2412
1574 2500 0 2 1 2503
1575 2493 0 0 0 2493
1576 0 0 2413 0 2413
1577 0 2406 0 0 2406
1578 2404 0 2 0 2406
1579 0 2464 0 0 2464
1580 2483 1 0 0 2484
1581 8 0 2444 0 2452
1582 0 2406 0 0 2406
1583 0 0 0 2503 2503
1584 1 0 2498 0 2499
1585 2436 0 0 0 2436
1586 0 0 0 2491 2491
1587 6 0 2507 0 2513
1588 2524 0 0 0 2524
1589 0 1 0 2515 2516
1590 2586 0 0 1 2587
1591 2540 0 20 0 2560
1592 1 2558 0 0 2559
1593 2589 0 1 0 2590
1594 0 0 0 2601 2601
1595 2616 0 0 0 2616
1596 0 0 0 2600 2600
1597 1 0 2615 0 2616
1598 2604 0 0 0 2604
1599 0 0 0 2586 2586
1600 2588 0 0 0 2588
1601 0 2593 0 2 2595
1602 2578 1 0 1 2580
1603 2 2593 0 0 2595
1604 1 2621 0 0 2622
1605 0 0 0 2640 2640
1606 2658 6 0 0 2664
1607 2637 0 0 0 2637
1608 2623 1 0 0 2624
1609 2605 0 0 0 2605
1610 0 0 2 2619 2621
1611 0 1 2615 0 2616
1612 0 9 0 2489 2498
1613 0 0 2653 0 2653
1614 1 0 2627 4 2632
1615 2 0 2636 0 2638
1616 2636 0 1 0 2637
1617 2667 0 0 0 2667
1618 2699 0 0 12 2711
1619 0 0 0 2730 2730
1620 4 0 2746 2 2752
1621 1 0 2979 0 2980
1622 0 0 3163 0 3163
1623 3211 0 0 0 3211
1624 3232 0 1 1 3234
1625 2 3300 0 0 3302
1626 3315 0 0 0 3315
1627 3316 0 0 0 3316
1628 1 3321 1 0 3323
1629 0 3389 0 0 3389
1630 3609 0 1 0 3610
1631 3649 0 0 0 3649
1632 3679 0 0 0 3679
1633 0 0 3634 0 3634
1634 3619 0 0 1 3620
1635 3701 0 1 0 3702
1636 0 3771 0 1 3772
1637 0 0 0 3746 3746
1638 0 1 3750 0 3751
1639 0 0 3770 0 3770
1640 0 2 0 3630 3632
1641 1526 0 2266 0 3792
1642 1 3817 0 0 3818
1643 3963 0 0 5 3968
1644 3971 0 0 1 3972
1645 3932 0 1 0 3933
1646 3898 0 0 0 3898
1647 0 3954 0 0 3954
1648 3822 1 0 0 3823
1649 0 3924 0 0 3924
1650 0 0 0 3915 3915
1651 0 5 0 3922 3927
1652 3973 0 0 0 3973
1653 0 0 0 3916 3916
1654 1 3964 0 1 3966
1655 3932 0 4 4 3940
1656 3915 1 1 0 3917
1657 1 6 1 3957 3965
1658 1 0 3982 0 3983
1659 0 0 3935 0 3935
1660 1 0 3908 0 3909
1661 0 2 0 3712 3714
1662 0 0 3893 0 3893
1663 0 3972 0 1 3973
1664 6 0 0 4103 4109
1665 4127 0 1 0 4128
1666 4267 0 1 0 4268
1667 4318 0 0 0 4318
1668 4327 0 0 0 4327
1669 4339 0 0 0 4339
1670 4325 0 0 5 4330
1671 0 4424 0 0 4424
1672 0 1 0 4334 4335
1673 1 0 0 4375 4376
1674 2 0 4349 2 4353
1675 6 0 4541 0 4547
1676 0 1 2 4381 4384
1677 0 0 4523 0 4523
1678 4608 0 2 0 4610
1679 5 4653 0 0 4658
1680 4682 0 1 0 4683
1681 0 4811 0 0 4811
1682 1 1 1 4987 4990
1683 1 0 5011 1 5013
1684 4981 1 2 0 4984
1685 5011 1 0 0 5012
1686 0 0 4952 1 4953
1687 2 2 4885 0 4889
1688 0 5061 0 0 5061
1689 0 2 0 5063 5065
1690 0 5141 0 1 5142
1691 5212 1 4 0 5217
1692 1 0 5331 0 5332
1693 0 2 0 5247 5249
1694 0 1 1 5304 5306
1695 0 0 0 5366 5366
1696 0 5380 0 0 5380
1697 0 0 0 5367 5367
1698 0 0 1 5398 5399
1699 0 5357 0 1 5358
1700 0 0 0 5427 5427
1701 5373 1 0 0 5374
1702 1 0 5435 0 5436
1703 1 0 5447 1 5449
1704 5401 1 4 0 5406
1705 5532 3 1 1 5537
1706 5572 0 0 0 5572
1707 5553 0 0 1 5554
1708 13 0 5598 1 5612
1709 5563 3 0 0 5566
1710 25 0 5596 0 5621
1711 1 0 5551 0 5552
1712 5717 0 2 0 5719
1713 2 5696 2 1 5701
1714 5722 0 1 0 5723
1715 1 2 0 5766 5769
1716 3 0 5808 1 5812
1717 0 3 0 5726 5729
1718 1 0 0 5666 5667
1719 0 5688 0 1 5689
1720 2 5743 0 2 5747
1721 5738 1 0 0 5739
1722 5733 7 0 0 5740
1723 1 1 0 5840 5842
1724 2 0 5809 0 5811
1725 1 0 5770 0 5771
1726 2 0 5808 0 5810
1727 5724 0 11 6 5741
1728 1 12 0 5759 5772
1729 1 0 5853 1 5855
1730 0 5826 0 11 5837
1731 5929 0 0 0 5929
1732 0 0 2 5939 5941
1733 0 1 1 5953 5955
1734 0 0 0 6028 6028
1735 1 0 6001 0 6002
1736 5918 1 0 0 5919
1737 5903 0 1 0 5904
1738 1 0 5916 0 5917
1739 2 5866 0 0 5868
1740 6032 0 0 0 6032
1741 0 0 0 6066 6066
1742 0 1 1 6116 6118
1743 0 0 0 6152 6152
1744 1 0 6063 0 6064
1745 6045 0 1 6 6052
1746 20 0 6032 0 6052
1747 6022 0 0 0 6022
1748 2 0 6078 0 6080
1749 1 6064 0 0 6065
1750 6197 0 0 1 6198
1751 0 0 0 6196 6196
1752 6256 0 0 0 6256
1753 6153 0 0 1 6154
1754 0 2 1 6147 6150
1755 1 0 0 6067 6068
1756 0 6055 0 3 6058
1757 1 6140 0 4 6145
1758 1 0 0 6109 6110
1759 2 6206 0 0 6208
1760 6240 0 2 0 6242
1761 0 0 6257 0 6257
1762 6229 0 0 1 6230
1763 6260 1 0 0 6261
1764 6280 0 0 0 6280
1765 6261 0 0 0 6261
1766 0 1 6 6289 6296
1767 1 0 6273 0 6274
1768 4 0 6191 0 6195
1769 1 6118 0 4 6123
1770 1 3 0 6156 6160
1771 0 2 6205 0 6207
1772 1 0 6241 0 6242
1773 0 2 1 6139 6142
1774 2 6172 0 2 6176
1775 6191 0 0 4 6195
1776 1 3 6212 1 6217
1777 0 4 1 6116 6121
1778 6216 1 0 0 6217
1779 0 6187 0 1 6188
1780 6237 2 2 2 6243
1781 0 3 6267 0 6270
1782 1 1 0 6195 6197
1783 1 0 6243 0 6244
1784 2 1 6245 0 6248
1785 6039 0 0 2 6041
1786 0 2 1 6113 6116
1787 0 0 1 6275 6276
1788 0 1 1 6279 6281
1789 3 0 6179 0 6182
1790 1 6192 0 2 6195
1791 6302 0 0 0 6302
1792 6273 0 0 0 6273
1793 1 0 6227 0 6228
1794 6234 0 0 0 6234
1795 0 0 6124 4 6128
1796 3 6164 0 1 6168
1797 6274 0 0 0 6274
1798 0 0 6177 0 6177
1799 0 3 1 6074 6078
1800 2 0 6116 0 6118
1801 1 6137 0 1 6139
1802 0 0 0 6204 6204
1803 0 6218 0 1 6219
1804 6272 1 1 1 6275
1805 6243 0 1 0 6244
1806 6268 0 0 0 6268
1807 0 6199 0 0 6199
1808 6290 1 1 0 6292
1809 6224 2 1 0 6227
1810 6142 1 0 0 6143
1811 7 1 1 6201 6210
1812 1 0 6182 0 6183
1813 6137 0 0 0 6137
1814 4 0 6135 1 6140
1815 5958 0 170 2 6130
1816 0 0 6112 0 6112
1817 6027 0 0 1 6028
1818 0 6055 0 5 6060
1819 0 6107 0 2 6109
1820 6129 14 1 0 6144
1821 6 0 6152 0 6158
1822 1 0 6120 0 6121
1823 5972 1 4 0 5977
1824 0 0 6096 0 6096
1825 0 1 6115 0 6116
1826 2 1 0 5493 5496
1827 0 1 0 5998 5999
1828 6010 0 1 61 6072
1829 1 1 0 6294 6296
1830 2 0 6230 1 6233
1831 6230 0 1 0 6231
1832 6308 0 1 0 6309
1833 6350 0 8 0 6358
1834 6349 0 1 0 6350
1835 0 6359 0 0 6359
1836 0 20 0 6250 6270
1837 14 0 6178 0 6192
1838 6185 0 1 0 6186
1839 1 6174 4 5 6184
1840 3 6184 0 1 6188
1841 6194 1 1 0 6196
1842 8 0 6246 0 6254
1843 0 5 0 5966 5971
1844 0 2 0 6175 6177
1845 10 6151 0 18 6179
1846 6220 0 1 2 6223
1847 1 1 1 6215 6218
1848 6290 0 0 0 6290
1849 6211 0 1 0 6212
1850 6109 0 0 0 6109
1851 0 0 6110 0 6110
1852 0 0 0 5650 5650
1853 0 1 0 5963 5964
1854 0 0 5941 0 5941
1855 1 5930 0 3 5934
1856 0 1 0 5947 5948
1857 3 0 5884 1 5888
1858 0 5813 0 0 5813
1859 0 5888 0 3 5891
1860 0 0 1 6005 6006
1861 1 0 0 6070 6071
1862 0 1 0 6081 6082
1863 0 1 0 6063 6064
1864 0 3 0 6129 6132
1865 0 0 6014 2 6016
1866 0 2 0 5794 5796
1867 0 0 0 5901 5901
1868 0 4 0 5889 5893
1869 0 5827 0 0 5827
1870 1 0 0 5721 5722
1871 8 5727 0 0 5735
1872 5629 0 5 0 5634
1873 1 5647 0 0 5648
1874 0 5616 0 0 5616
1875 5526 0 0 0 5526
1876 1 5604 0 1 5606
1877 1 5661 0 0 5662
1878 5694 1 2 3 5700
1879 5610 1 0 0 5611
1880 5625 0 1 0 5626
1881 5664 0 0 0 5664
1882 1 6 1 5572 5580
1883 0 1 0 5649 5650
1884 5677 0 0 0 5677
1885 5661 0 0 0 5661
1886 0 0 5583 0 5583
1887 3 0 5504 0 5507
1888 5431 0 6 0 5437
1889 12 0 5458 0 5470
1890 0 5422 0 1 5423
1891 5505 1 0 1 5507
1892 5497 0 1 0 5498
1893 2 0 0 5415 5417
1894 0 0 5468 0 5468
1895 0 0 5459 0 5459
1896 0 0 5421 0 5421
1897 0 0 5361 0 5361
1898 5301 0 1 0 5302
1899 5 0 5298 3 5306
1900 0 5204 0 3 5207
1901 1 5299 0 0 5300
1902 0 5 0 5423 5428
1903 0 0 0 5463 5463
1904 5331 0 5 0 5336
1905 0 7 0 5319 5326
1906 8 5311 0 0 5319
1907 5339 0 0 3 5342
1908 5256 0 7 0 5263
1909 0 0 0 5231 5231
1910 1 0 1 5298 5300
1911 0 5305 0 1 5306
1912 0 7 0 5316 5323
1913 3 7 0 5395 5405
1914 5346 2 0 0 5348
1915 5270 0 0 0 5270
1916 5173 0 0 0 5173
1917 5149 0 0 0 5149
1918 27 5211 0 0 5238
1919 0 0 0 5160 5160
1920 8 0 0 5245 5253
1921 6 0 5214 0 5220
1922 1 0 0 5000 5001
1923 5081 0 1 3 5085
1924 0 7 0 5106 5113
1925 0 0 1 5169 5170
1926 8 0 4997 0 5005
1927 4945 0 0 0 4945
1928 4983 1 0 0 4984
1929 4931 0 1 0 4932
1930 0 0 4879 0 4879
1931 0 0 4813 0 4813
1932 4685 0 0 0 4685
1933 0 0 4740 0 4740
1934 2 0 4678 1 4681
1935 4688 0 5 1 4694
1936 1 0 4594 0 4595
1937 1 0 4578 1 4580
1938 22 0 4550 4 4576
1939 1 0 4964 0 4965
1940 5180 0 4 0 5184
1941 5190 0 0 0 5190
1942 5189 0 1 0 5190
1943 5219 0 0 0 5219
1944 0 1 0 5147 5148
1945 0 0 0 5159 5159
1946 0 1 0 5147 5148
1947 0 5112 0 3 5115
1948 5096 1 8 0 5105
1949 0 0 0 4980 4980
1950 1 5052 1 1 5055
1951 4 2 5024 0 5030
1952 4934 1 0 1 4936
1953 4943 0 2 0 4945
1954 0 0 4970 0 4970
1955 1 0 0 4829 4830
1956 4930 0 17 0 4947
1957 4911 0 6 0 4917
1958 1 0 4924 0 4925
1959 0 0 4865 0 4865
1960 4850 0 1 1 4852
1961 4866 0 1 0 4867
1962 4890 0 0 0 4890
1963 0 0 4840 0 4840
1964 0 1 4713 0 4714
1965 0 0 4704 0 4704
1966 0 0 0 4544 4544
1967 0 4590 0 0 4590
1968 0 0 1 4580 4581
1969 0 4609 0 0 4609
1970 0 4634 0 0 4634
1971 1 0 2 4557 4560
1972 0 4552 0 1 4553
1973 6 0 0 4612 4618
1974 4599 0 3 0 4602
1975 0 0 0 4530 4530
1976 1 5 0 4499 4505
1977 0 1 0 4448 4449
1978 4 1 1 4376 4382
1979 1 4346 0 2 4349
1980 0 4381 0 2 4383
1981 6 5 0 4126 4137
1982 4104 0 4 1 4109
1983 0 0 4 4113 4117
1984 4114 0 0 0 4114
1985 4066 0 0 0 4066
1986 0 0 0 3939 3939
1987 105 3853 0 0 3958
1988 0 3942 0 0 3942
1989 3922 0 1 0 3923
1990 0 3948 0 4 3952
1991 3982 1 0 0 3983
1992 3908 0 0 1 3909
1993 3862 0 0 0 3862
1994 1 3902 3 0 3906
1995 3952 0 0 0 3952
1996 5 6 3849 0 3860
1997 3871 0 2 0 3873
1998 3830 0 2 0 3832
1999 0 0 3768 3 3771
2000 0 0 0 3658 3658
2001 0 3688 0 11 3699
2002 1 3727 0 0 3728
2003 0 7 0 3739 3746
2004 3767 0 0 0 3767
2005 3730 0 0 0 3730
2006 0 3735 0 0 3735
2007 0 0 0 3733 3733
2008 3778 0 0 0 3778
2009 0 0 0 3686 3686
2010 3736 0 0 0 3736
2011 0 0 1 3656 3657
2012 1 0 3638 0 3639
2013 6 3617 0 7 3630
2014 1 0 3618 11 3630
2015 0 0 3562 0 3562
2016 0 3603 0 0 3603
2017 3644 0 2 0 3646
2018 0 0 3633 0 3633
2019 3621 0 4 0 3625
2020 3609 0 0 0 3609
2021 0 0 0 3631 3631
2022 2 0 3613 0 3615
2023 3554 0 0 0 3554
2024 0 0 0 3586 3586
2025 0 0 3569 0 3569
2026 0 0 0 3553 3553
2027 1 3522 0 1 3524
2028 3583 0 0 0 3583
2029 0 107 0 3494 3601
2030 1 0 0 3653 3654
2031 3588 0 7 0 3595
2032 3550 0 0 2 3552
2033 3528 0 4 0 3532
2034 3539 0 7 2 3548
2035 0 0 3531 0 3531
2036 1 0 3578 0 3579
2037 1 0 3600 0 3601
2038 3612 0 0 0 3612
2039 3629 0 1 0 3630
2040 3655 0 0 0 3655
2041 3631 0 1 0 3632
2042 0 0 0 3578 3578
2043 0 0 0 3631 3631
2044 0 0 3628 0 3628
2045 3572 0 5 0 3577
2046 3577 0 0 0 3577
2047 0 0 3574 2 3576
2048 3510 0 0 1 3511
2049 0 0 0 3517 3517
2050 3 0 3504 0 3507
2051 3485 0 0 0 3485
2052 3507 0 4 0 3511
2053 0 0 3460 0 3460
2054 3395 0 1 0 3396
2055 3384 0 0 0 3384
2056 3383 0 0 6 3389
2057 1 0 3317 0 3318
2058 0 0 3265 0 3265
2059 3175 0 93 2 3270
2060 3301 0 0 0 3301
2061 0 0 0 3234 3234
2062 3293 0 0 0 3293
2063 0 0 3239 0 3239
2064 3231 0 0 0 3231
2065 1 0 0 3075 3076
2066 0 3117 0 26 3143
2067 3143 0 1 0 3144
2068 3090 0 3 0 3093
2069 0 0 3 3151 3154
2070 0 0 3155 0 3155
2071 1 0 3082 0 3083
2072 3 0 3036 0 3039
2073 2 1 3050 1 3054
2074 3061 1 1 0 3063
2075 3039 0 0 1 3040
2076 0 2 0 3024 3026
2077 0 1 3025 0 3026
2078 0 2992 0 5 2997
2079 3003 0 0 0 3003
2080 0 0 3012 0 3012
2081 0 0 0 2851 2851
2082 2925 0 0 0 2925
2083 1 1 0 2893 2895
2084 0 0 0 2904 2904
2085 2904 0 8 0 2912
2086 0 0 2838 0 2838
2087 0 2767 0 1 2768
2088 2803 0 3 0 2806
2089 0 0 2766 1 2767
2090 1 0 2681 1 2683
2091 0 2671 0 0 2671
2092 0 1 1 2691 2693
2093 0 3 0 2671 2674
2094 1 0 0 2674 2675
2095 0 2660 0 0 2660
2096 0 0 0 2625 2625
2097 0 2651 0 0 2651
2098 0 0 2604 0 2604
2099 0 1 0 2550 2551
2100 0 0 0 2572 2572
2101 2579 0 0 0 2579
2102 0 0 2535 0 2535
2103 0 0 0 2472 2472
2104 0 0 2487 0 2487
2105 0 1 2456 0 2457
2106 0 2471 0 0 2471
2107 2516 1 0 0 2517
2108 2512 0 0 0 2512
2109 0 0 2523 0 2523
2110 0 0 0 2414 2414
2111 2486 0 0 0 2486
2112 0 2 0 2435 2437
2113 1 0 2422 0 2423
2114 2394 0 0 0 2394
2115 1 2357 0 2 2360
2116 0 2331 11 0 2342
2117 1 2345 0 1 2347
2118 2383 3 0 0 2386
2119 0 0 2352 0 2352
2120 2330 0 0 0 2330
2121 1 0 1 2266 2268
2122 5 2297 0 0 2302
2123 0 0 0 2280 2280
2124 0 0 0 2293 2293
2125 1 0 2297 0 2298
2126 0 0 2267 0 2267
2127 2235 0 0 0 2235
2128 0 0 2261 1 2262
2129 2238 0 0 0 2238
2130 1 0 0 2200 2201
2131 0 0 0 2189 2189
2132 0 0 0 2174 2174
2133 0 2146 0 0 2146
2134 2165 0 0 0 2165
2135 2124 0 2 0 2126
2136 2093 0 0 0 2093
2137 2055 0 6 1 2062
2138 0 2081 0 0 2081
2139 0 2 0 2065 2067
2140 2076 0 0 0 2076
2141 0 0 0 2081 2081
2142 0 0 0 2052 2052
2143 1 0 2008 1 2010
2144 1987 0 0 0 1987
2145 2001 0 0 0 2001
2146 0 0 1987 0 1987
2147 1963 0 0 0 1963
2148 1919 0 1 0 1920
2149 0 1898 0 0 1898
2150 0 0 0 1886 1886
2151 0 0 0 1895 1895
2152 0 0 1883 0 1883
2153 1872 0 1 0 1873
2154 1862 0 0 0 1862
2155 1862 0 0 0 1862
2156 1826 0 0 0 1826
2157 0 0 1772 0 1772
2158 0 1732 0 0 1732
2159 0 1 0 1836 1837
2160 0 0 1786 0 1786
2161 1779 0 0 0 1779
2162 1767 0 0 0 1767
2163 1710 0 0 0 1710
2164 1 1701 0 1 1703
2165 1 1670 0 0 1671
2166 1673 0 0 0 1673
2167 0 0 1636 0 1636
2168 109 0 1408 1 1518
2169 0 0 1498 0 1498
2170 0 0 1493 17 1510
2171 1515 0 0 0 1515
2172 1494 0 0 0 1494
2173 1499 0 0 0 1499
2174 1487 0 0 0 1487
2175 1 0 1447 0 1448
2176 0 0 1422 0 1422
2177 0 1428 0 0 1428
2178 1449 0 0 0 1449
2179 1421 0 0 0 1421
2180 1396 0 0 0 1396
2181 1 1380 0 0 1381
2182 1408 0 0 0 1408
2183 0 0 0 1329 1329
2184 1 1347 0 0 1348
2185 0 0 0 1333 1333
2186 0 0 0 1351 1351
2187 0 0 1340 0 1340
2188 0 1284 0 0 1284
2189 0 0 0 1294 1294
2190 0 0 0 1285 1285
2191 0 0 0 1261 1261
2192 1247 0 0 0 1247
2193 0 0 0 1226 1226
2194 0 1223 0 1 1224
2195 1229 0 0 0 1229
2196 1198 0 0 0 1198
2197 0 0 1177 0 1177
2198 1 0 1170 0 1171
2199 1069 0 0 0 1069
2200 1059 0 0 0 1059
2201 1047 0 0 0 1047
2202 1035 0 0 0 1035
2203 1 1036 0 1 1038
2204 0 1024 0 0 1024
2205 1048 0 0 0 1048
2206 0 0 1057 0 1057
2207 0 0 0 975 975
2208 0 0 0 994 994
2209 1010 0 0 0 1010
2210 983 0 1 0 984
2211 980 0 0 0 980
2212 0 0 982 0 982
2213 0 0 0 935 935
2214 1086 0 0 1 1087
2215 2 0 1065 0 1067
2216 0 0 0 1005 1005
2217 0 0 1035 0 1035
2218 1044 0 0 0 1044
2219 1040 0 0 0 1040
2220 1023 0 0 0 1023
2221 995 0 0 0 995
2222 0 0 967 0 967
2223 0 0 966 0 966
2224 958 0 0 0 958
2225 972 0 0 0 972
2226 962 0 0 0 962
2227 952 0 0 0 952
2228 0 0 950 0 950
2229 0 0 949 0 949
2230 0 13 0 845 858
2231 944 0 3 0 947
2232 0 0 0 951 951
2233 959 0 1 0 960
2234 0 0 979 0 979
2235 0 1 0 916 917
2236 0 0 938 0 938
2237 1 921 0 0 922
2238 0 10 0 934 944
2239 0 11 0 922 933
2240 0 0 1 927 928
2241 0 0 919 0 919
2242 0 0 0 904 904
2243 0 890 4 0 894
2244 3 883 0 4 890
2245 802 0 100 0 902
2246 891 0 0 0 891
2247 0 0 0 886 886
2248 0 0 892 0 892
2249 885 0 0 0 885
2250 0 885 0 1 886
2251 882 0 0 0 882
2252 0 0 0 866 866
2253 0 1 0 866 867
2254 0 0 0 875 875
2255 0 874 0 0 874
2256 850 0 0 0 850
2257 0 850 0 0 850
2258 784 0 52 0 836
2259 761 0 52 0 813
2260 0 0 819 0 819
2261 0 0 818 0 818
2262 821 0 0 0 821
2263 818 0 0 0 818
2264 0 0 0 817 817
2265 0 13 2 803 818
2266 824 0 2 0 826
2267 810 0 0 0 810
2268 6 0 789 0 795
2269 773 0 1 0 774
2270 39 0 697 0 736
2271 732 0 0 0 732
2272 1 716 0 0 717
2273 728 0 0 0 728
2274 730 0 0 0 730
2275 727 0 0 0 727
2276 0 0 660 0 660
2277 638 0 0 0 638
2278 637 0 0 0 637
2279 0 0 0 635 635
2280 0 0 620 1 621
2281 620 0 0 0 620
2282 0 615 0 0 615
2283 623 0 0 0 623
2284 0 0 617 0 617
2285 3 0 0 596 599
2286 0 0 0 601 601
2287 6 0 593 0 599
2288 578 0 14 0 592
2289 0 0 589 0 589
2290 0 0 0 560 560
2291 1 559 0 0 560
2292 0 418 0 145 563
2293 558 0 0 0 558
2294 0 0 0 551 551
2295 0 0 523 0 523
2296 0 0 510 0 510
2297 0 0 517 0 517
2298 2 0 514 0 516
2299 0 0 0 486 486
2300 8 0 507 0 515
2301 0 0 502 2 504
2302 16 0 483 0 499
2303 1 478 0 0 479
2304 1 493 0 0 494
2305 0 0 0 500 500
2306 0 0 0 507 507
2307 0 0 485 0 485
2308 463 0 0 0 463
2309 0 0 463 0 463
2310 0 432 0 0 432
2311 0 0 0 438 438
2312 446 0 0 0 446
2313 413 0 0 0 413
2314 0 0 0 15 15
