0 0 0 0 0 0
1 1099 0 0 0 1099
2 0 0 0 1145 1145
3 0 0 1145 0 1145
4 1158 0 0 0 1158
5 0 1176 0 0 1176
6 1183 0 0 0 1183
7 0 0 0 1188 1188
8 0 2 0 1185 1187
9 1107 0 94 0 1201
10 4 2 1188 0 1194
11 1 1345 0 1 1347
12 7 1362 0 30 1399
13 1399 0 1 0 1400
14 1410 0 0 0 1410
15 1384 1 14 0 1399
16 1397 1 0 0 1398
17 0 0 0 1415 1415
18 0 2 0 1429 1431
19 0 0 1419 0 1419
20 1398 0 0 0 1398
21 1412 0 0 3 1415
22 0 2 0 1419 1421
23 0 0 0 1426 1426
24 0 0 1424 0 1424
25 0 0 0 1432 1432
26 0 3 0 1444 1447
27 1434 0 8 6 1448
28 1440 0 4 0 1444
29 1442 0 6 0 1448
30 1160 119 161 0 1440
31 0 1467 0 0 1467
32 1469 0 0 0 1469
33 1455 0 0 1 1456
34 0 1465 0 0 1465
35 1 1 0 1454 1456
36 0 0 1465 0 1465
37 0 1455 1 0 1456
38 0 4 0 1476 1480
39 1472 0 0 0 1472
40 1449 1 0 0 1450
41 3 0 1505 0 1508
42 0 0 1585 0 1585
43 2 0 1609 3 1614
44 1620 0 7 1 1628
45 0 1648 0 0 1648
46 1659 0 0 0 1659
47 1642 0 0 0 1642
48 0 0 0 1668 1668
49 0 0 1659 0 1659
50 1653 0 3 0 1656
51 0 0 1676 1 1677
52 2 2 1860 0 1864
53 0 1911 0 0 1911
54 0 1956 0 0 1956
55 1991 0 0 0 1991
56 1986 0 0 0 1986
57 1991 0 5 2 1998
58 2014 0 4 0 2018
59 0 2022 0 0 2022
60 2040 0 1 3 2044
61 0 0 2111 0 2111
62 0 0 0 2117 2117
63 0 3 0 2167 2170
64 0 3 0 2187 2190
65 0 1 0 2211 2212
66 0 0 2190 0 2190
67 2183 1 0 0 2184
68 2191 0 13 0 2204
69 10 0 2181 1 2192
70 9 2199 0 3 2211
71 2102 0 147 0 2249
72 2242 0 0 0 2242
73 2243 0 0 0 2243
74 0 2272 0 0 2272
75 2267 0 0 0 2267
76 2273 0 0 0 2273
77 15 2254 0 0 2269
78 2297 0 0 0 2297
79 0 0 2277 0 2277
80 0 0 0 2273 2273
81 2291 0 3 0 2294
82 0 0 2312 0 2312
83 2199 121 22 1 2343
84 0 2354 0 0 2354
85 0 2367 0 0 2367
86 2379 0 1 0 2380
87 2356 0 0 1 2357
88 0 3 0 2388 2391
89 2399 0 0 0 2399
90 0 4 0 2403 2407
91 2409 0 3 0 2412
92 2416 0 4 0 2420
93 8 2402 0 0 2410
94 2408 0 0 0 2408
95 0 3 3 2429 2435
96 2423 0 0 0 2423
97 2434 0 0 0 2434
98 0 3 0 2443 2446
99 2447 0 9 0 2456
100 2501 0 9 0 2510
101 4 0 2711 0 2715
102 2806 2 2 0 2810
103 2783 0 5 0 2788
104 2798 0 0 0 2798
105 2817 0 4 0 2821
106 1 0 0 2830 2831
107 0 1 0 2853 2854
108 0 2836 0 6 2842
109 2859 0 0 0 2859
110 2877 0 0 0 2877
111 0 0 0 2874 2874
112 2860 0 6 0 2866
113 0 2902 0 0 2902
114 2895 0 0 0 2895
115 0 0 0 2884 2884
116 0 2943 0 4 2947
117 2960 0 0 0 2960
118 2942 0 1 0 2943
119 14 1 2934 0 2949
120 3 0 2942 0 2945
121 2918 0 0 0 2918
122 0 0 0 2965 2965
123 0 3 0 2989 2992
124 1 0 2982 0 2983
125 2950 0 22 0 2972
126 3008 0 2 0 3010
127 3003 0 6 0 3009
128 3002 0 8 0 3010
129 0 0 3004 0 3004
130 3014 0 0 0 3014
131 3009 0 6 0 3015
132 0 0 0 3035 3035
133 0 3018 0 0 3018
134 0 3043 0 0 3043
135 0 46 0 3022 3068
136 0 0 0 3083 3083
137 7 3069 0 0 3076
138 2907 0 169 0 3076
139 6 3111 0 0 3117
140 0 4 0 3105 3109
141 3132 0 0 0 3132
142 3107 0 0 0 3107
143 0 0 3120 0 3120
144 0 0 3115 1 3116
145 3092 0 2 2 3096
146 0 0 0 3123 3123
147 0 0 3130 0 3130
148 3130 0 0 0 3130
149 3149 0 0 0 3149
150 0 0 2558 0 2558
151 0 4 0 2516 2520
152 0 10 2523 0 2533
153 0 0 2473 1 2474
154 2 0 2496 0 2498
155 0 2625 0 1 2626
156 0 2668 0 4 2672
157 2742 0 0 0 2742
158 0 0 0 2761 2761
159 0 0 2767 0 2767
160 0 0 0 2765 2765
161 0 0 2829 0 2829
162 0 1 0 2845 2846
163 0 0 0 2934 2934
164 0 2997 0 3 3000
165 0 6 0 3057 3063
166 3066 0 4 1 3071
167 3064 0 0 6 3070
168 22 3232 4 37 3295
169 0 4 0 3516 3520
170 0 0 0 3540 3540
171 0 0 0 3549 3549
172 0 3523 0 8 3531
173 2 3513 0 2 3517
174 0 3983 0 1 3984
175 0 4 0 3992 3996
176 0 2 0 4006 4008
177 2 0 3972 0 3974
178 0 0 3947 2 3949
179 0 4074 0 0 4074
180 0 7 0 4042 4049
181 0 4130 0 0 4130
182 0 3 0 4141 4144
183 4163 0 1 0 4164
184 4069 0 0 0 4069
185 0 4082 0 0 4082
186 0 4091 0 1 4092
187 4112 1 0 0 4113
188 4074 0 2 0 4076
189 8 1 4109 0 4118
190 3 0 4102 0 4105
191 0 0 4085 0 4085
192 0 4186 0 0 4186
193 6 0 4187 0 4193
194 4193 0 10 0 4203
195 0 6 0 4199 4205
196 4226 1 0 7 4234
197 0 3 0 4275 4278
198 1 0 4259 1 4261
199 13 0 4199 4 4216
200 0 4246 0 18 4264
201 4295 0 3 0 4298
202 4326 0 0 0 4326
203 4320 0 0 0 4320
204 0 4343 0 0 4343
205 4371 0 0 0 4371
206 0 0 4354 0 4354
207 4347 0 1 0 4348
208 4347 0 0 0 4347
209 0 1 0 4326 4327
210 0 4319 0 0 4319
211 0 4280 0 0 4280
212 1 4355 0 0 4356
213 0 4380 2 0 4382
214 0 4 0 4406 4410
215 1 0 0 4428 4429
216 0 2 4421 1 4424
217 2 0 4383 1 4386
218 4331 0 2 0 4333
219 4417 0 0 0 4417
220 0 0 0 4466 4466
221 4465 0 1 0 4466
222 0 4411 0 11 4422
223 4412 0 0 0 4412
224 4377 0 0 2 4379
225 4362 1 1 0 4364
226 81 0 4290 0 4371
227 24 0 4367 2 4393
228 0 0 4392 0 4392
229 4383 0 1 1 4385
230 0 0 0 4446 4446
231 4468 0 4 1 4473
232 2 4467 0 1 4470
233 4493 0 0 0 4493
234 4477 0 0 0 4477
235 2 4510 0 5 4517
236 0 0 2 4517 4519
237 0 0 1 4571 4572
238 4605 0 1 0 4606
239 4582 0 0 0 4582
240 4551 0 0 4 4555
241 4527 1 0 0 4528
242 12 4485 6 3 4506
243 4567 1 0 0 4568
244 4560 0 0 0 4560
245 4503 0 0 2 4505
246 1 1 0 4463 4465
247 1 0 4465 1 4467
248 31 4421 0 45 4497
249 0 2 1 4527 4530
250 1 0 4515 0 4516
251 4501 0 1 0 4502
252 4487 0 4 0 4491
253 3 0 4479 0 4482
254 4446 0 0 0 4446
255 0 4509 0 0 4509
256 4522 0 0 0 4522
257 0 0 0 4510 4510
258 4575 0 1 0 4576
259 0 0 4541 0 4541
260 0 0 4502 0 4502
261 4508 0 1 0 4509
262 4492 0 1 1 4494
263 0 4500 0 0 4500
264 0 4548 0 0 4548
265 4599 0 1 0 4600
266 4599 0 1 0 4600
267 4568 0 0 0 4568
268 8 0 4514 0 4522
269 0 0 4561 0 4561
270 0 4553 0 0 4553
271 1 4612 1 0 4614
272 4665 0 0 0 4665
273 4654 0 10 0 4664
274 4632 0 1 1 4634
275 0 0 0 4627 4627
276 1 0 4613 0 4614
277 0 1 0 4489 4490
278 0 0 4557 0 4557
279 0 4543 0 0 4543
280 1 1 0 4536 4538
281 0 4523 0 1 4524
282 4576 0 0 0 4576
283 4545 0 0 0 4545
284 0 0 1 4535 4536
285 4554 0 0 0 4554
286 0 0 4487 0 4487
287 1 4442 0 1 4444
288 4469 4 2 0 4475
289 1 0 4470 0 4471
290 0 4391 0 2 4393
291 4426 0 0 0 4426
292 1 0 4438 3 4442
293 0 0 0 4377 4377
294 0 0 0 4402 4402
295 4410 3 2 0 4415
296 0 4407 0 0 4407
297 0 1 0 4374 4375
298 0 0 1 4396 4397
299 4 0 4399 1 4404
300 0 0 4395 0 4395
301 1 1 0 4215 4217
302 1 0 4439 2 4442
303 0 0 4422 4 4426
304 4397 0 5 1 4403
305 4444 0 0 1 4445
306 1 1 0 4443 4445
307 4414 0 1 0 4415
308 1 4432 0 1 4434
309 4438 0 0 0 4438
310 0 147 2 4250 4399
311 4436 0 1 0 4437
312 0 1 0 4380 4381
313 1 0 4370 0 4371
314 0 0 4372 0 4372
315 4342 0 3 1 4346
316 0 4333 0 0 4333
317 1 4356 0 0 4357
318 4413 0 3 0 4416
319 4410 0 0 0 4410
320 0 0 0 4409 4409
321 4427 0 0 0 4427
322 0 0 4410 0 4410
323 0 0 4376 1 4377
324 4353 0 0 0 4353
325 1 0 4380 0 4381
326 4380 0 0 0 4380
327 15 4357 0 1 4373
328 4348 0 0 1 4349
329 5 4439 4 0 4448
330 93 0 4345 6 4444
331 0 0 4403 0 4403
332 4389 0 9 0 4398
333 4427 0 0 0 4427
334 0 0 4490 1 4491
335 0 0 4609 0 4609
336 0 1 0 4371 4372
337 0 0 0 4572 4572
338 0 0 0 4641 4641
339 0 0 0 4665 4665
340 0 0 4609 0 4609
341 4587 0 0 1 4588
342 4616 0 0 0 4616
343 4602 0 2 0 4604
344 3 0 4596 0 4599
345 0 0 4531 0 4531
346 0 0 4543 0 4543
347 0 1 0 4443 4444
348 0 4543 0 1 4544
349 0 2 0 4548 4550
350 4563 0 0 1 4564
351 0 4545 0 0 4545
352 1 0 4569 0 4570
353 4530 1 1 0 4532
354 4555 0 3 0 4558
355 4536 0 1 2 4539
356 0 0 4531 0 4531
357 0 4463 0 7 4470
358 3 7 0 4476 4486
359 0 0 0 4534 4534
360 0 0 0 4528 4528
361 1 5 0 4513 4519
362 0 0 0 4477 4477
363 0 0 0 4353 4353
364 0 4249 0 21 4270
365 0 0 0 4249 4249
366 0 4248 5 3 4256
367 4264 0 0 0 4264
368 0 0 4277 0 4277
369 4249 0 1 0 4250
370 4254 0 0 0 4254
371 4248 0 0 0 4248
372 4215 0 1 0 4216
373 4180 0 0 1 4181
374 3 2 3 4157 4165
375 1506 0 2561 0 4067
376 4012 1 2 0 4015
377 1 0 4018 1 4020
378 3984 0 1 1 3986
379 0 3971 0 1 3972
380 0 0 0 3958 3958
381 0 0 0 3996 3996
382 0 0 3944 1 3945
383 3889 0 5 0 3894
384 4 3839 0 2 3845
385 3685 0 2 0 3687
386 3499 0 2 0 3501
387 2 3496 0 24 3522
388 2 0 3518 3 3523
389 0 3467 0 0 3467
390 0 3476 0 1 3477
391 3393 0 37 0 3430
392 3 3454 0 1 3458
393 0 13 0 3397 3410
394 0 1 0 3416 3417
395 0 0 3438 0 3438
396 0 0 3392 1 3393
397 0 0 3397 2 3399
398 0 0 3428 0 3428
399 1 3407 0 3 3411
400 0 3444 1 3 3448
401 3 0 3445 0 3448
402 5 0 3414 0 3419
403 3298 0 13 0 3311
404 0 0 0 3438 3438
405 3435 0 0 0 3435
406 3342 0 70 0 3412
407 0 3413 0 0 3413
408 0 5 0 3414 3419
409 0 0 0 3437 3437
410 0 1 0 3436 3437
411 0 0 0 3440 3440
412 0 2 3388 0 3390
413 0 4 3311 2 3317
414 0 3329 2 23 3354
415 0 3355 0 1 3356
416 0 3405 1 1 3407
417 3409 0 9 2 3420
418 1 0 3463 0 3464
419 1 26 0 3392 3419
420 0 1 0 3497 3498
421 1 0 3512 0 3513
422 3520 0 0 1 3521
423 3569 0 1 0 3570
424 3522 0 0 0 3522
425 0 0 3506 0 3506
426 3477 0 0 0 3477
427 0 0 3475 0 3475
428 2 2 0 3250 3254
429 143 0 3287 2 3432
430 3428 0 0 0 3428
431 0 0 3561 0 3561
432 3574 0 3 0 3577
433 3610 0 0 0 3610
434 3638 0 0 0 3638
435 3630 0 0 0 3630
436 3606 0 2 0 3608
437 5 0 3600 0 3605
438 3561 0 1 0 3562
439 0 0 3588 0 3588
440 0 0 0 3472 3472
441 3558 0 0 0 3558
442 0 3567 0 0 3567
443 0 1 1 3568 3570
444 3539 0 3 0 3542
445 0 3569 1 0 3570
446 0 0 0 3569 3569
447 3584 5 0 0 3589
448 3562 0 0 0 3562
449 3467 0 0 0 3467
450 4 3506 0 5 3515
451 0 3484 0 0 3484
452 0 3535 0 0 3535
453 0 0 0 3459 3459
454 0 3551 0 1 3552
455 0 0 0 3457 3457
456 0 3531 0 3 3534
457 3466 0 0 0 3466
458 0 3502 0 0 3502
459 1 3535 0 2 3538
460 3555 0 0 0 3555
461 3534 0 1 0 3535
462 1 0 3532 0 3533
463 0 0 3484 0 3484
464 3522 0 0 0 3522
465 3536 0 23 1 3560
466 3565 0 0 0 3565
467 1 2 0 3505 3508
468 1 0 3509 0 3510
469 0 3470 0 1 3471
470 0 3484 0 0 3484
471 0 6 0 3463 3469
472 0 3463 0 0 3463
473 31 3466 0 0 3497
474 0 0 3522 0 3522
475 0 0 3516 0 3516
476 3475 0 1 2 3478
477 1 0 0 3489 3490
478 1 0 3477 0 3478
479 3485 1 0 0 3486
480 0 0 3485 0 3485
481 2 0 3427 0 3429
482 0 3472 0 0 3472
483 0 0 3512 0 3512
484 3462 0 19 1 3482
485 0 0 3552 0 3552
486 1 3537 0 4 3542
487 3569 0 1 1 3571
488 3578 3 0 0 3581
489 0 3 0 3640 3643
490 0 0 3724 1 3725
491 6 0 0 3748 3754
492 1 0 3938 3 3942
493 3964 0 2 2 3968
494 1 0 0 4012 4013
495 4016 0 0 0 4016
496 4018 0 0 0 4018
497 0 0 0 4272 4272
498 1 0 4262 0 4263
499 0 0 4404 0 4404
500 4456 0 0 0 4456
501 4495 0 3 0 4498
502 4512 0 0 0 4512
503 0 0 0 4528 4528
504 4566 0 0 0 4566
505 0 0 0 4527 4527
506 0 1 0 4550 4551
507 17 0 4518 0 4535
508 0 1 0 4469 4470
509 1 0 0 4445 4446
510 0 4442 0 1 4443
511 0 4356 0 2 4358
512 0 4498 0 0 4498
513 0 0 0 4542 4542
514 4556 1 0 0 4557
515 4551 1 4 0 4556
516 4487 0 2 3 4492
517 0 0 4540 1 4541
518 4518 0 1 0 4519
519 4565 5 4 0 4574
520 0 0 4507 0 4507
521 1 4554 0 2 4557
522 4609 0 0 1 4610
523 1 0 4688 0 4689
524 0 2 4676 0 4678
525 4699 0 0 0 4699
526 4729 0 0 0 4729
527 0 0 0 4677 4677
528 4715 0 0 0 4715
529 1 4713 0 0 4714
530 1 4791 0 2 4794
531 4808 2 0 0 4810
532 5062 0 0 0 5062
533 7 0 5046 0 5053
534 5012 0 54 1 5067
535 1 0 5081 0 5082
536 5109 0 0 0 5109
537 5071 0 2 1 5074
538 0 1 0 5014 5015
539 0 5042 0 0 5042
540 0 5063 0 1 5064
541 5060 0 0 5 5065
542 0 5118 0 11 5129
543 0 12 0 5098 5110
544 1 1 0 5176 5178
545 2 0 5168 0 5170
546 3 0 5137 5 5145
547 5101 0 6 0 5107
548 0 0 0 5158 5158
549 5173 0 2 1 5176
550 0 5188 0 1 5189
551 5164 0 0 1 5165
552 2 4 0 5215 5221
553 5183 2 0 5 5190
554 0 0 5146 6 5152
555 0 0 5142 0 5142
556 0 0 5134 0 5134
557 5103 0 1 4 5108
558 5201 0 0 4 5205
559 2 5219 0 0 5221
560 0 0 0 5274 5274
561 321 0 4953 2 5276
562 5219 1 0 2 5222
563 0 1 0 5265 5266
564 5269 0 0 0 5269
565 5264 0 1 0 5265
566 5235 0 2 0 5237
567 5217 0 3 0 5220
568 8 0 5249 0 5257
569 5331 0 1 0 5332
570 5475 0 1 0 5476
571 5470 0 0 0 5470
572 5530 0 2 0 5532
573 5531 0 0 1 5532
574 5488 0 0 0 5488
575 42 0 5444 0 5486
576 5468 0 0 0 5468
577 0 0 5667 0 5667
578 5687 0 1 0 5688
579 5701 0 14 0 5715
580 5685 0 0 0 5685
581 5681 0 2 0 5683
582 5667 0 0 0 5667
583 0 0 0 5589 5589
584 0 0 0 5655 5655
585 2 1 5600 0 5603
586 5454 0 0 3 5457
587 5534 0 1 0 5535
588 5549 0 12 0 5561
589 8 0 5510 2 5520
590 2 0 5468 0 5470
591 5512 0 1 0 5513
592 5552 0 1 0 5553
593 1 5535 0 3 5539
594 5553 0 0 0 5553
595 5519 0 1 0 5520
596 0 0 0 5564 5564
597 1 0 5583 1 5585
598 5583 0 1 2 5586
599 3 0 0 5578 5581
600 5604 0 1 0 5605
601 5541 0 0 0 5541
602 0 5601 0 2 5603
603 0 0 0 5504 5504
604 0 5604 0 2 5606
605 4 5638 0 0 5642
606 5717 0 0 1 5718
607 5609 0 4 0 5613
608 0 0 1 5510 5511
609 0 5604 0 1 5605
610 0 0 5607 0 5607
611 0 0 0 5466 5466
612 5443 0 167 8 5618
613 0 5714 0 0 5714
614 0 2 0 5688 5690
615 2 3 5697 1 5703
616 5 0 5632 0 5637
617 1 5733 2 3 5739
618 5785 0 2 0 5787
619 0 0 0 5794 5794
620 5800 3 3 0 5806
621 3 5835 0 0 5838
622 5869 0 0 0 5869
623 1 3 0 5840 5844
624 1 0 5783 0 5784
625 9 5795 0 1 5805
626 0 0 0 5920 5920
627 0 1 0 5997 5998
628 0 0 5982 0 5982
629 5940 2 2 1 5945
630 5984 0 3 0 5987
631 5994 0 5 0 5999
632 4 0 6023 0 6027
633 6062 0 1 2 6065
634 5 0 6000 2 6007
635 6046 0 0 0 6046
636 6058 0 2 0 6060
637 35 6135 0 0 6170
638 1 4 0 6105 6110
639 0 0 6173 1 6174
640 1 0 6128 0 6129
641 0 0 0 6013 6013
642 1 0 0 6154 6155
643 0 2 6164 0 6166
644 0 6347 1 0 6348
645 0 0 0 6318 6318
646 4 6386 0 0 6390
647 2 0 6429 2 6433
648 6333 0 0 1 6334
649 6402 0 1 1 6404
650 0 0 6518 1 6519
651 6516 0 8 0 6524
652 6549 0 2 0 6551
653 0 0 6601 0 6601
654 6576 1 3 0 6580
655 1 1 1 6576 6579
656 0 1 0 6641 6642
657 1 6629 0 0 6630
658 2 2 0 6614 6618
659 0 0 0 6608 6608
660 0 0 6563 0 6563
661 0 6415 0 11 6426
662 2 6463 0 3 6468
663 6511 13 0 0 6524
664 2 2 6517 0 6521
665 0 0 0 6433 6433
666 4 1 6475 0 6480
667 8 0 6425 0 6433
668 1 6472 0 4 6477
669 6515 0 4 1 6520
670 6 0 6501 1 6508
671 0 1 6325 3 6329
672 5832 0 0 0 5832
673 1 0 5832 7 5840
674 1 5875 0 0 5876
675 6022 0 1 0 6023
676 6418 0 0 0 6418
677 1 5768 0 1 5770
678 6079 0 0 0 6079
679 0 2 0 5611 5613
680 3 5883 0 2 5888
681 5963 1 2 1 5967
682 2 0 5866 0 5868
683 2 5988 0 0 5990
684 0 1 0 6119 6120
685 0 0 6126 0 6126
686 5767 0 9 2 5778
687 0 0 6137 2 6139
688 0 0 0 5512 5512
689 0 1 0 6094 6095
690 1 5835 0 42 5878
691 5951 0 0 0 5951
692 1 0 0 6121 6122
693 6198 0 0 0 6198
694 0 0 5882 1 5883
695 5987 0 0 0 5987
696 6368 0 0 0 6368
697 6529 0 0 0 6529
698 1 1 0 5807 5809
699 4 0 5893 2 5899
700 3 5915 5 0 5923
701 0 0 0 6092 6092
702 6123 0 1 0 6124
703 1 6116 0 1 6118
704 5990 0 1 1 5992
705 7 6019 0 1 6027
706 0 0 0 5949 5949
707 0 0 6035 2 6037
708 1 6121 0 0 6122
709 0 17 0 6091 6108
710 0 0 0 6445 6445
711 6215 0 0 0 6215
712 2 6195 0 0 6197
713 6298 0 0 0 6298
714 6515 0 0 0 6515
715 0 0 6054 2 6056
716 2 0 6329 1 6332
717 1 2 6 4368 4377
718 1 0 5798 0 5799
719 5851 0 3 0 5854
720 6095 0 301 0 6396
721 6516 0 7 0 6523
722 6581 0 0 1 6582
723 0 0 0 5795 5795
724 0 0 5 6274 6279
725 1 0 5848 2 5851
726 2 0 6208 1 6211
727 5737 1 1 1 5740
728 33 0 5909 1 5943
729 5935 0 0 1 5936
730 0 5958 0 0 5958
731 6150 0 2 0 6152
732 6379 0 1 1 6381
733 6442 0 0 4 6446
734 1 2 0 5820 5823
735 6151 0 0 0 6151
736 0 2 1 5874 5877
737 6024 1 1 0 6026
738 0 0 0 5615 5615
739 1 5473 1 2 5477
740 5509 1 0 0 5510
741 0 5644 0 0 5644
742 4 5927 0 0 5931
743 3 6032 0 4 6039
744 5533 1 3 0 5537
745 0 2 5703 0 5705
746 0 0 5850 0 5850
747 5305 0 2 1 5308
748 0 0 5722 1 5723
749 0 0 5906 2 5908
750 40 0 5913 0 5953
751 5544 0 3 1 5548
752 5941 0 1 0 5942
753 0 1 0 5805 5806
754 5891 0 3 0 5894
755 6058 0 0 0 6058
756 6070 0 0 0 6070
757 0 0 0 5520 5520
758 0 0 0 5847 5847
759 5783 0 4 0 5787
760 5971 0 0 1 5972
761 0 5593 0 0 5593
762 2 0 0 5607 5609
763 1 0 5542 0 5543
764 5675 0 0 1 5676
765 2 0 5640 1 5643
766 0 4 0 5457 5461
767 14 5709 0 0 5723
768 2 5972 0 0 5974
769 5868 1 1 7 5877
770 0 0 5795 1 5796
771 1 0 5941 1 5943
772 0 0 1 5143 5144
773 2 5659 0 0 5661
774 0 3 0 5762 5765
775 3 5871 0 4 5878
776 5933 0 1 0 5934
777 6015 0 5 3 6023
778 0 0 0 5788 5788
779 0 5774 0 3 5777
780 5847 0 2 0 5849
781 5977 1 0 0 5978
782 5 0 0 5806 5811
783 1 0 5791 0 5792
784 5827 0 3 0 5830
785 0 1 0 5866 5867
786 5918 0 0 5 5923
787 8 0 5717 0 5725
788 2 1 0 5554 5557
789 5789 0 1 0 5790
790 2 0 5668 0 5670
791 7 5677 0 0 5684
792 0 5 0 5764 5769
793 0 0 0 5963 5963
794 2 0 5833 0 5835
795 1 4 0 5604 5609
796 5740 0 4 0 5744
797 0 1 5762 1 5764
798 2 0 5882 2 5886
799 5714 2 1 0 5717
800 6036 0 2 1 6039
801 6126 0 0 0 6126
802 6174 0 2 0 6176
803 0 0 6 5950 5956
804 6063 0 1 0 6064
805 6133 0 0 0 6133
806 0 1 0 5818 5819
807 0 5868 0 0 5868
808 6207 0 0 1 6208
809 0 0 6086 1 6087
810 6268 0 0 0 6268
811 6379 1 1 1 6382
812 0 0 6326 1 6327
813 6440 0 1 0 6441
814 0 0 0 6358 6358
815 1 6536 0 2 6539
816 6653 0 3 1 6657
817 6685 0 0 0 6685
818 0 1 0 6500 6501
819 6618 2 1 17 6638
820 0 0 6684 2 6686
821 1 6 0 6460 6467
822 2 6755 0 34 6791
823 1 1 6817 2 6821
824 0 6587 0 0 6587
825 0 4 1 6590 6595
826 4 0 0 6715 6719
827 0 6627 1 2 6630
828 6696 1 0 0 6697
829 6786 3 5 5 6799
830 6708 0 7 2 6717
831 3 6616 0 0 6619
832 3 6643 0 2 6648
833 1 6711 0 0 6712
834 6499 7 1 0 6507
835 10 6706 3 0 6719
836 1 0 0 6607 6608
837 0 0 6576 0 6576
838 0 0 6584 0 6584
839 6517 0 0 1 6518
840 1 0 6607 0 6608
841 1 6618 0 2 6621
842 0 2 1 6719 6722
843 6696 0 1 3 6700
844 0 0 6659 0 6659
845 1 6669 1 1 6672
846 0 0 0 6720 6720
847 1 4 6744 2 6751
848 0 0 0 6634 6634
849 6773 0 11 0 6784
850 3 0 6891 0 6894
851 6937 0 0 0 6937
852 7020 0 7 0 7027
853 6861 0 183 0 7044
854 4 0 0 6901 6905
855 0 2 1 7057 7060
856 15 0 6921 0 6936
857 3 7002 0 1 7006
858 7044 96 0 1 7141
859 7201 1 0 0 7202
860 7200 0 4 2 7206
861 0 7160 0 0 7160
862 7217 0 3 1 7221
863 7259 0 5 0 7264
864 0 0 7148 3 7151
865 7126 0 2 0 7128
866 1 7215 0 0 7216
867 1 0 1 7279 7281
868 5 1 7328 0 7334
869 0 3 1 7172 7176
870 0 0 7332 1 7333
871 7296 1 0 1 7298
872 0 1 1 7356 7358
873 7409 0 13 1 7423
874 0 0 7360 0 7360
875 7382 0 0 1 7383
876 0 0 0 7335 7335
877 7405 0 0 0 7405
878 2 7432 0 1 7435
879 0 205 0 7296 7501
880 1 0 7495 0 7496
881 7474 0 0 0 7474
882 7428 0 0 0 7428
883 0 7411 0 0 7411
884 1 7544 0 1 7546
885 0 3 1 7570 7574
886 0 0 0 7633 7633
887 4 1 0 7665 7670
888 7694 0 2 2 7698
889 7671 0 2 0 7673
890 7651 0 0 0 7651
891 2 0 7539 0 7541
892 0 0 0 7337 7337
893 1 7480 3 3 7487
894 7607 0 3 0 7610
895 0 0 1 7572 7573
896 1 0 7529 0 7530
897 0 1 1 7478 7480
898 1 7543 0 3 7547
899 0 1 0 7539 7540
900 1 0 7501 0 7502
901 1 0 7455 1 7457
902 4 7469 1 3 7477
903 7571 0 3 0 7574
904 2 0 7544 0 7546
905 1 7467 0 0 7468
906 0 7544 0 1 7545
907 7611 0 2 2 7615
908 1 0 1 7641 7643
909 7627 1 2 1 7631
910 6 0 7594 0 7600
911 7524 1 1 0 7526
912 39 7621 0 0 7660
913 0 0 7649 0 7649
914 1 0 7646 0 7647
915 7432 5 21 0 7458
916 0 0 7658 2 7660
917 0 0 7687 0 7687
918 0 0 0 7202 7202
919 1 0 7598 0 7599
920 7565 0 0 0 7565
921 0 2 4 7615 7621
922 1 0 7630 0 7631
923 1 0 1 7510 7512
924 7599 0 1 0 7600
925 0 0 7543 3 7546
926 4 7554 0 2 7560
927 0 50 0 7532 7582
928 0 2 2 7638 7642
929 1 0 7632 1 7634
930 2 1 0 7529 7532
931 1 0 7567 0 7568
932 7572 0 2 0 7574
933 0 7539 0 5 7544
934 7532 1 0 0 7533
935 0 0 1 7529 7530
936 7537 0 0 0 7537
937 7504 0 0 0 7504
938 2 8 0 7508 7518
939 7496 0 0 0 7496
940 7487 0 5 0 7492
941 0 0 7352 0 7352
942 7295 0 4 0 7299
943 1 0 7371 0 7372
944 1 7308 0 0 7309
945 0 0 0 7340 7340
946 3 0 7317 0 7320
947 1 7301 0 0 7302
948 7358 0 8 0 7366
949 0 0 1 7322 7323
950 0 0 0 7381 7381
951 7247 1 129 0 7377
952 0 0 7269 0 7269
953 3 0 7214 0 7217
954 7248 0 2 0 7250
955 1 7220 0 2 7223
956 0 1 0 7307 7308
957 7361 0 7 1 7369
958 7352 0 0 0 7352
959 7313 0 5 0 7318
960 0 0 7292 9 7301
961 7137 1 33 0 7171
962 0 4 1 7071 7076
963 0 7204 0 0 7204
964 7206 1 5 0 7212
965 2 0 7172 1 7175
966 7094 0 1 0 7095
967 4 7138 0 3 7145
968 7155 0 0 1 7156
969 7183 0 0 2 7185
970 7100 0 1 0 7101
971 0 0 7066 0 7066
972 6968 0 18 0 6986
973 3 7061 0 0 7064
974 7121 0 0 4 7125
975 7086 0 0 0 7086
976 6997 0 0 0 6997
977 0 0 6998 0 6998
978 6963 0 0 0 6963
979 0 0 3 6841 6844
980 0 0 1 6879 6880
981 0 4 2 6896 6902
982 2 0 6833 0 6835
983 3 1 6813 7 6824
984 6799 0 12 2 6813
985 0 6809 0 3 6812
986 3 0 6750 2 6755
987 6 0 6772 0 6778
988 3 6725 0 2 6730
989 0 0 2 6778 6780
990 10 1 80 6718 6809
991 1 0 6775 0 6776
992 6641 0 1 0 6642
993 71 0 6625 6 6702
994 0 6632 0 0 6632
995 1 0 0 6747 6748
996 6738 0 2 0 6740
997 6736 0 0 0 6736
998 6791 0 0 0 6791
999 6759 0 2 0 6761
1000 6795 0 0 1 6796
1001 29 0 6681 1 6711
1002 6674 0 4 0 6678
1003 6673 0 0 0 6673
1004 0 0 2 6617 6619
1005 6652 0 1 1 6654
1006 2 0 1 6506 6509
1007 0 6550 0 1 6551
1008 6557 2 4 0 6563
1009 2 0 6564 1 6567
1010 0 0 6455 2 6457
1011 6386 1 0 1 6388
1012 6433 1 5 3 6442
1013 2 0 6579 0 6581
1014 6564 7 5 0 6576
1015 1 0 6601 0 6602
1016 0 0 6563 0 6563
1017 6517 0 0 0 6517
1018 2 0 1 6486 6489
1019 0 1 1 6482 6484
1020 0 6497 0 4 6501
1021 6638 0 3 2 6643
1022 6630 0 0 0 6630
1023 6665 0 0 0 6665
1024 6637 0 0 0 6637
1025 6550 0 0 0 6550
1026 1 0 0 6444 6445
1027 3 0 6445 0 6448
1028 6337 0 0 1 6338
1029 0 1 2 6357 6360
1030 0 0 6349 6 6355
1031 6259 1 1 1 6262
1032 6274 0 1 0 6275
1033 0 0 6303 1 6304
1034 6233 0 0 0 6233
1035 6253 0 1 0 6254
1036 6229 0 0 0 6229
1037 0 17 3 6207 6227
1038 6271 0 0 3 6274
1039 0 1 1 6177 6179
1040 0 1 0 6197 6198
1041 6286 0 1 0 6287
1042 6179 0 3 0 6182
1043 1 5 2 6144 6152
1044 6178 1 5 2 6186
1045 2 0 6133 0 6135
1046 4 0 6062 0 6066
1047 0 0 6023 0 6023
1048 6073 0 0 0 6073
1049 6092 0 1 3 6096
1050 0 6081 0 2 6083
1051 0 0 6090 0 6090
1052 2 0 6083 1 6086
1053 6083 0 1 0 6084
1054 6111 0 0 0 6111
1055 0 6103 0 3 6106
1056 6178 0 0 0 6178
1057 6138 0 0 0 6138
1058 0 0 1 6041 6042
1059 6043 0 0 1 6044
1060 1 6030 0 5 6036
1061 6092 0 1 0 6093
1062 4 0 6107 1 6112
1063 6015 0 10 0 6025
1064 6041 0 0 0 6041
1065 0 0 6011 0 6011
1066 5990 1 1 0 5992
1067 0 0 1 5933 5934
1068 0 5 1 6054 6060
1069 0 0 6081 0 6081
1070 1 0 6022 0 6023
1071 6010 0 2 0 6012
1072 6036 0 0 1 6037
1073 0 9 2 5946 5957
1074 6019 0 0 1 6020
1075 0 1 1 5969 5971
1076 0 0 5969 0 5969
1077 3 0 5887 0 5890
1078 2 0 5843 0 5845
1079 5822 0 1 2 5825
1080 0 5817 0 0 5817
1081 4 0 5833 1 5838
1082 1 0 5815 2 5818
1083 30 0 5845 0 5875
1084 0 0 5893 0 5893
1085 5871 0 1 0 5872
1086 5976 0 1 0 5977
1087 3 0 5931 0 5934
1088 5949 0 3 0 5952
1089 1 0 5992 0 5993
1090 1 1 5939 0 5941
1091 5919 1 0 0 5920
1092 0 1 6163 0 6164
1093 0 1 0 6072 6073
1094 0 4 0 6113 6117
1095 0 6096 0 1 6097
1096 0 6165 0 1 6166
1097 6209 1 1 0 6211
1098 5 9 0 6212 6226
1099 4 0 6246 1 6251
1100 0 0 1 6107 6108
1101 6205 0 2 0 6207
1102 6202 0 0 0 6202
1103 1 0 6205 2 6208
1104 6072 0 2 0 6074
1105 1 4 0 6048 6053
1106 0 1 6117 0 6118
1107 0 0 0 5869 5869
1108 4 0 6102 3 6109
1109 0 0 6195 1 6196
1110 0 1 1 5980 5982
1111 0 0 6103 0 6103
1112 6176 0 0 1 6177
1113 6181 0 0 0 6181
1114 0 1 0 6187 6188
1115 5 0 6111 0 6116
1116 3 6075 0 3 6081
1117 6103 1 0 2 6106
1118 2 0 6351 0 6353
1119 7 0 6482 0 6489
1120 2 0 7170 4 7176
1121 0 0 7252 0 7252
1122 7250 0 9 0 7259
1123 7273 0 0 1 7274
1124 1 0 0 7301 7302
1125 7346 0 1 0 7347
1126 0 1 0 7398 7399
1127 1 4 0 7479 7484
1128 7468 1 2 0 7471
1129 7534 1 0 0 7535
1130 7604 1 1 1 7607
1131 7567 1 3 0 7571
1132 7592 2 0 0 7594
1133 7539 0 16 0 7555
1134 2 0 7529 0 7531
1135 7494 0 0 0 7494
1136 1 0 7604 0 7605
1137 5 1 2 7372 7380
1138 7616 0 2 0 7618
1139 7598 0 0 0 7598
1140 7590 0 0 0 7590
1141 7568 0 0 0 7568
1142 0 0 0 7552 7552
1143 3 0 7502 1 7506
1144 7519 1 0 0 7520
1145 7518 0 1 1 7520
1146 7503 2 0 1 7506
1147 1 7516 0 5 7522
1148 0 0 0 7486 7486
1149 2 0 7571 3 7576
1150 6 0 7520 0 7526
1151 7512 0 5 1 7518
1152 7585 0 4 0 7589
1153 7598 0 1 0 7599
1154 7605 0 0 0 7605
1155 7616 0 0 0 7616
1156 0 7611 0 0 7611
1157 0 5 0 7501 7506
1158 7515 0 1 1 7517
1159 1 7537 1 0 7539
1160 0 5 0 7533 7538
1161 1 0 7491 2 7494
1162 7475 0 1 1 7477
1163 0 1 1 7523 7525
1164 7552 0 1 0 7553
1165 7521 0 0 0 7521
1166 7465 0 1 4 7470
1167 0 1 0 7381 7382
1168 1 115 0 7228 7344
1169 0 7391 0 2 7393
1170 7387 0 10 0 7397
1171 0 0 7389 0 7389
1172 0 7378 0 7 7385
1173 4 7372 0 1 7377
1174 7478 1 1 0 7480
1175 7502 0 1 0 7503
1176 7499 0 0 0 7499
1177 7509 0 1 0 7510
1178 7464 1 10 0 7475
1179 7 0 7520 1 7528
1180 1 0 7448 0 7449
1181 7375 0 7 1 7383
1182 0 0 7551 1 7552
1183 6 0 7536 2 7544
1184 7544 0 1 1 7546
1185 0 0 2 7516 7518
1186 7602 0 6 0 7608
1187 3 1 1 7675 7680
1188 0 3 7654 0 7657
1189 7607 0 3 0 7610
1190 2 0 7634 0 7636
1191 7540 0 1 0 7541
1192 0 0 7470 0 7470
1193 7607 0 0 1 7608
1194 1 1 1 7644 7647
1195 0 2 0 7799 7801
1196 0 1 1 7928 7930
1197 8004 0 14 0 8018
1198 8015 0 0 0 8015
1199 1 0 0 7993 7994
1200 8015 0 10 0 8025
1201 8011 0 0 0 8011
1202 0 1 0 8095 8096
1203 0 8182 0 11 8193
1204 0 1 0 8187 8188
1205 0 0 0 8289 8289
1206 8237 0 37 0 8274
1207 1 1 0 8349 8351
1208 0 0 8369 2 8371
1209 0 8317 0 2 8319
1210 8378 1 3 0 8382
1211 1 1 0 8510 8512
1212 1 0 8509 1 8511
1213 0 1 8546 0 8547
1214 1 1 1 8260 8263
1215 8657 0 0 2 8659
1216 0 1 0 8787 8788
1217 0 2 1 8856 8859
1218 0 0 0 8831 8831
1219 0 0 2 8841 8843
1220 0 8808 0 5 8813
1221 0 0 0 8828 8828
1222 0 8873 0 0 8873
1223 8973 1 2 2 8978
1224 8950 0 0 1 8951
1225 0 0 8939 0 8939
1226 8860 0 0 2 8862
1227 1 8914 0 1 8916
1228 8880 1 0 1 8882
1229 4 9079 0 0 9083
1230 0 6 0 9048 9054
1231 9111 1 0 2 9114
1232 1 1 9223 0 9225
1233 0 0 9185 0 9185
1234 9137 0 1 1 9139
1235 0 0 0 9241 9241
1236 1 0 9293 0 9294
1237 0 2 0 9280 9282
1238 0 1 0 9272 9273
1239 0 9269 4 3 9276
1240 3 9296 0 1 9300
1241 9335 0 0 14 9349
1242 9342 7 0 0 9349
1243 2 0 9368 2 9372
1244 1 0 9267 0 9268
1245 82 0 9192 2 9276
1246 0 0 9314 2 9316
1247 0 2 0 8881 8883
1248 29 0 9122 0 9151
1249 9265 0 4 1 9270
1250 0 0 9365 1 9366
1251 9332 0 3 3 9338
1252 0 0 9403 1 9404
1253 1 0 9426 0 9427
1254 9312 0 5 2 9319
1255 0 0 9467 0 9467
1256 9461 0 0 1 9462
1257 9574 0 2 2 9578
1258 9672 0 0 0 9672
1259 0 1 0 9701 9702
1260 9753 0 6 0 9759
1261 9782 0 2 3 9787
1262 9870 0 2 1 9873
1263 0 0 0 10037 10037
1264 0 16 0 10135 10151
1265 0 1 0 10255 10256
1266 0 2 0 10345 10347
1267 1 10341 0 8 10350
1268 0 2 1 10374 10377
1269 0 35 0 10424 10459
1270 10483 0 0 0 10483
1271 10429 0 0 0 10429
1272 0 1 1 10318 10320
1273 0 10371 3 2 10376
1274 1 0 10382 0 10383
1275 10229 0 2 1 10232
1276 0 0 10316 0 10316
1277 2 10171 0 3 10176
1278 10129 1 82 0 10212
1279 2 0 10215 2 10219
1280 10 0 10054 1 10065
1281 2 10031 0 4 10037
1282 0 10107 0 1 10108
1283 10221 0 8 0 10229
1284 10080 0 0 1 10081
1285 4 10242 0 0 10246
1286 2 3 0 10132 10137
1287 0 7 0 10131 10138
1288 0 0 1 10147 10148
1289 0 2 1 10110 10113
1290 10006 0 36 0 10042
1291 1 0 1 9616 9618
1292 1 9524 0 0 9525
1293 5 0 0 9363 9368
1294 7 9466 1 0 9474
1295 3 9498 0 1 9502
1296 9505 3 5 0 9513
1297 9340 31 0 2 9373
1298 2 0 1 9355 9358
1299 1 0 9293 1 9295
1300 0 0 0 9109 9109
1301 9104 0 9 0 9113
1302 0 9229 0 0 9229
1303 6 9112 0 7 9125
1304 9198 1 2 0 9201
1305 9065 0 1 0 9066
1306 4 9092 0 1 9097
1307 0 0 0 8949 8949
1308 0 9032 0 1 9033
1309 0 9103 0 2 9105
1310 9066 0 6 1 9073
1311 9002 0 0 0 9002
1312 1 9049 0 1 9051
1313 4 0 9021 0 9025
1314 8943 0 1 0 8944
1315 0 0 0 9001 9001
1316 8979 0 0 0 8979
1317 1 0 2 8877 8880
1318 1 0 1 8920 8922
1319 4 0 0 8935 8939
1320 0 0 1 8913 8914
1321 0 0 0 8772 8772
1322 0 1 1 8730 8732
1323 133 0 8222 7 8362
1324 8349 0 3 3 8355
1325 8191 0 87 0 8278
1326 1 0 0 8347 8348
1327 8321 0 1 0 8322
1328 1 0 8259 0 8260
1329 8242 0 1 1 8244
1330 8224 0 0 2 8226
1331 6 0 7970 0 7976
1332 3 7934 1 1 7939
1333 8039 0 4 0 8043
1334 7929 6 1 0 7936
1335 0 7885 0 44 7929
1336 2 0 7897 0 7899
1337 7658 0 10 1 7669
1338 0 7807 7 3 7817
1339 0 7840 0 3 7843
1340 0 2 1 7858 7861
1341 1 2 5 7956 7964
1342 0 0 1 7950 7951
1343 0 1 1 7889 7891
1344 0 2 8 7881 7891
1345 1 0 7748 0 7749
1346 7621 0 3 1 7625
1347 0 1 0 7527 7528
1348 3 7623 0 0 7626
1349 7621 0 2 1 7624
1350 7551 0 0 1 7552
1351 0 8 0 7544 7552
1352 0 0 7521 0 7521
1353 3 0 7464 1 7468
1354 0 0 7410 6 7416
1355 50 0 7393 0 7443
1356 7 4 7480 0 7491
1357 0 1 0 6968 6969
1358 7388 0 0 0 7388
1359 0 0 0 7476 7476
1360 1 0 7477 2 7480
1361 7432 0 4 0 7436
1362 0 0 7413 0 7413
1363 2 0 7327 0 7329
1364 7434 0 0 0 7434
1365 7455 0 5 0 7460
1366 0 0 1 7376 7377
1367 0 7311 0 1 7312
1368 7213 0 0 1 7214
1369 2 7472 5 0 7479
1370 1 7513 0 4 7518
1371 2 7513 0 0 7515
1372 7542 1 1 6 7550
1373 7582 0 0 2 7584
1374 7581 1 0 0 7582
1375 7 0 7533 0 7540
1376 1 7519 0 2 7522
1377 7663 0 1 0 7664
1378 7581 0 0 1 7582
1379 5 0 7593 0 7598
1380 0 1 0 7305 7306
1381 1 0 7427 0 7428
1382 7475 0 0 0 7475
1383 7513 0 0 0 7513
1384 4 7485 0 0 7489
1385 0 1 0 7462 7463
1386 7422 0 0 0 7422
1387 2 7461 1 8 7472
1388 7421 0 1 2 7424
1389 0 0 1 7413 7414
1390 0 0 7412 0 7412
1391 0 0 7361 0 7361
1392 0 0 7312 0 7312
1393 7268 0 0 0 7268
1394 0 0 0 7278 7278
1395 7319 0 2 0 7321
1396 7320 0 1 2 7323
1397 7341 0 0 0 7341
1398 0 1 0 7252 7253
1399 3 1 7202 0 7206
1400 7134 0 0 0 7134
1401 7080 1 0 0 7081
1402 1 1 0 6896 6898
1403 4 6988 0 1 6993
1404 7067 1 0 0 7068
1405 6938 0 0 0 6938
1406 1 3 0 6869 6873
1407 1 0 6870 0 6871
1408 6903 3 0 0 6906
1409 6844 0 21 0 6865
1410 0 1 0 6817 6818
1411 47 0 6748 2 6797
1412 0 6777 0 1 6778
1413 6795 0 1 0 6796
1414 2 0 0 6742 6744
1415 0 6739 0 1 6740
1416 0 1 0 6715 6716
1417 6 0 6638 0 6644
1418 6597 0 3 0 6600
1419 8 6548 0 13 6569
1420 0 0 1 6562 6563
1421 6593 0 0 1 6594
1422 0 92 1 6414 6507
1423 6459 1 1 0 6461
1424 2 6515 2 0 6519
1425 6521 1 0 3 6525
1426 2 0 0 6443 6445
1427 0 6 0 6429 6435
1428 6 0 6383 2 6391
1429 6350 0 1 0 6351
1430 6315 3 0 5 6323
1431 6326 3 1 0 6330
1432 4 0 6290 0 6294
1433 29 0 6133 0 6162
1434 11 0 6162 0 6173
1435 6101 0 17 0 6118
1436 1 0 2 6074 6077
1437 0 0 0 6093 6093
1438 4 0 6055 0 6059
1439 1 2 0 5878 5881
1440 5997 0 0 0 5997
1441 4 0 5964 0 5968
1442 0 0 7 5789 5796
1443 0 0 5785 1 5786
1444 5811 0 0 0 5811
1445 1 5770 0 2 5773
1446 5884 0 0 0 5884
1447 5827 0 0 0 5827
1448 0 0 5779 0 5779
1449 5750 0 1 0 5751
1450 5716 0 3 0 5719
1451 5682 0 0 1 5683
1452 0 1 0 5628 5629
1453 11 0 5572 0 5583
1454 0 2 1 5432 5435
1455 5580 0 2 1 5583
1456 5549 0 0 1 5550
1457 0 0 0 5487 5487
1458 0 1 0 5564 5565
1459 4 0 5542 0 5546
1460 5518 0 1 0 5519
1461 0 5551 0 6 5557
1462 0 0 5530 0 5530
1463 5438 0 1 2 5441
1464 0 5476 0 2 5478
1465 0 2 6 5532 5540
1466 0 4 0 5524 5528
1467 0 1 0 5530 5531
1468 5500 2 0 0 5502
1469 0 0 5383 3 5386
1470 3 5350 0 3 5356
1471 0 0 1 5334 5335
1472 1 5280 4 0 5285
1473 0 1 1 5275 5277
1474 5232 1 1 0 5234
1475 13 5173 0 0 5186
1476 1 0 1 5130 5132
1477 0 0 5087 1 5088
1478 5044 1 0 0 5045
1479 4973 0 0 0 4973
1480 4947 0 1 0 4948
1481 15 4888 0 0 4903
1482 4846 1 0 3 4850
1483 1 0 4844 0 4845
1484 4859 0 1 1 4861
1485 4760 0 3 0 4763
1486 4751 0 0 0 4751
1487 4724 0 0 0 4724
1488 4724 0 1 0 4725
1489 0 0 4636 0 4636
1490 0 1 0 4159 4160
1491 4516 0 0 1 4517
1492 0 0 1 4447 4448
1493 0 4466 0 15 4481
1494 0 4488 0 1 4489
1495 4489 0 3 0 4492
1496 1 1 1 4440 4443
1497 4478 0 0 0 4478
1498 4371 0 33 0 4404
1499 2 4383 0 1 4386
1500 4357 7 2 0 4366
1501 4355 0 1 0 4356
1502 4344 0 1 0 4345
1503 4313 0 1 1 4315
1504 4304 0 0 0 4304
1505 4269 0 0 0 4269
1506 1 0 0 4179 4180
1507 9 4227 0 0 4236
1508 2 0 0 4198 4200
1509 0 1 0 4269 4270
1510 4226 0 0 0 4226
1511 0 0 4142 0 4142
1512 5 4109 0 0 4114
1513 0 0 0 4025 4025
1514 0 0 0 4076 4076
1515 4126 0 0 0 4126
1516 4068 0 2 1 4071
1517 0 10 0 4028 4038
1518 4082 0 0 0 4082
1519 4047 0 1 0 4048
1520 4028 0 1 0 4029
1521 3997 0 14 0 4011
1522 3984 0 1 0 3985
1523 5 0 3970 0 3975
1524 0 0 3898 0 3898
1525 3910 0 0 0 3910
1526 0 3938 4 0 3942
1527 0 0 0 3936 3936
1528 0 0 3939 0 3939
1529 2 0 3894 3 3899
1530 3973 0 2 0 3975
1531 0 0 3931 0 3931
1532 3953 0 1 0 3954
1533 3939 0 0 0 3939
1534 0 0 3900 0 3900
1535 1 0 0 3787 3788
1536 1 3852 1 0 3854
1537 3878 0 0 0 3878
1538 0 4 0 3871 3875
1539 3885 0 0 0 3885
1540 3833 0 0 0 3833
1541 0 3 1 3884 3888
1542 2 0 3853 0 3855
1543 0 0 3821 0 3821
1544 1 0 3785 0 3786
1545 3756 1 2 0 3759
1546 0 0 3791 4 3795
1547 1 3810 0 1 3812
1548 0 0 0 3841 3841
1549 3876 0 0 0 3876
1550 3878 0 1 0 3879
1551 0 0 0 3861 3861
1552 1 0 3783 0 3784
1553 3785 0 0 1 3786
1554 0 3824 2 0 3826
1555 0 0 3772 4 3776
1556 0 0 1 3707 3708
1557 6 0 3717 0 3723
1558 3783 0 0 0 3783
1559 0 0 3867 0 3867
1560 0 1 1 3740 3742
1561 0 0 3825 0 3825
1562 3915 0 0 0 3915
1563 4003 0 1 2 4006
1564 0 0 0 3978 3978
1565 0 1 0 4025 4026
1566 4064 0 0 0 4064
1567 1 0 4010 0 4011
1568 4002 0 0 0 4002
1569 4033 0 0 0 4033
1570 0 1 1 4004 4006
1571 3 4057 0 1 4061
1572 4070 0 0 0 4070
1573 0 4121 0 1 4122
1574 4171 0 2 0 4173
1575 4150 0 0 0 4150
1576 1 0 4121 0 4122
1577 1 4118 0 0 4119
1578 4138 0 1 0 4139
1579 0 4184 0 0 4184
1580 4192 3 0 0 4195
1581 38 0 4149 0 4187
1582 5 4156 0 0 4161
1583 0 0 0 4283 4283
1584 2 0 4276 0 4278
1585 4233 0 0 1 4234
1586 0 0 0 4293 4293
1587 0 0 4305 0 4305
1588 4290 0 0 0 4290
1589 0 2 0 4325 4327
1590 4340 0 0 0 4340
1591 4282 0 31 0 4313
1592 0 4308 0 18 4326
1593 4325 0 44 0 4369
1594 0 0 0 4354 4354
1595 4376 0 0 0 4376
1596 0 0 1 4360 4361
1597 0 0 4364 0 4364
1598 4345 0 0 0 4345
1599 0 5 1 4316 4322
1600 4315 0 0 0 4315
1601 1 4288 0 3 4292
1602 4267 0 3 0 4270
1603 3 4346 0 2 4351
1604 2 4414 0 2 4418
1605 0 0 1 4477 4478
1606 4495 0 0 0 4495
1607 4462 0 1 0 4463
1608 4446 0 0 0 4446
1609 4433 0 0 3 4436
1610 2 0 0 4417 4419
1611 0 0 4433 1 4434
1612 2 3 0 4235 4240
1613 1 0 4452 1 4454
1614 2 0 4475 5 4482
1615 2 0 4467 0 4469
1616 4482 0 3 0 4485
1617 4559 0 2 0 4561
1618 4564 0 0 0 4564
1619 2 0 0 4567 4569
1620 4 1 4539 2 4546
1621 0 0 4793 1 4794
1622 0 1 4972 0 4973
1623 5036 0 1 0 5037
1624 5050 0 1 0 5051
1625 1 5072 0 1 5074
1626 5133 0 0 0 5133
1627 5085 0 2 1 5088
1628 1 5119 0 0 5120
1629 3 5197 0 1 5201
1630 5461 0 0 1 5462
1631 5501 0 2 0 5503
1632 5493 0 1 0 5494
1633 0 0 5485 1 5486
1634 5450 0 2 1 5453
1635 5498 0 1 2 5501
1636 0 5557 0 0 5557
1637 0 3 0 5510 5513
1638 0 0 5498 0 5498
1639 0 0 5548 0 5548
1640 2 0 1 5366 5369
1641 44 0 5521 0 5565
1642 1 5613 0 0 5614
1643 5825 1 0 0 5826
1644 5799 0 17 0 5816
1645 5786 0 0 0 5786
1646 5738 1 1 1 5741
1647 2 5773 0 0 5775
1648 5620 0 0 1 5621
1649 0 5768 2 1 5771
1650 0 0 0 5778 5778
1651 0 0 0 5807 5807
1652 5839 0 1 0 5840
1653 0 1 1 5759 5761
1654 0 5808 0 1 5809
1655 5842 0 0 5 5847
1656 5795 0 0 1 5796
1657 0 2 0 5878 5880
1658 3 4 5900 6 5913
1659 0 0 5846 0 5846
1660 0 0 5833 1 5834
1661 0 3 0 5583 5586
1662 10 0 5786 0 5796
1663 4 5902 0 0 5906
1664 0 1 0 6054 6055
1665 6123 0 1 0 6124
1666 6176 0 0 0 6176
1667 6244 0 1 0 6245
1668 6240 0 2 7 6249
1669 6240 0 0 0 6240
1670 6191 3 7 7 6208
1671 11 6322 0 0 6333
1672 1 0 0 6258 6259
1673 0 1 0 6313 6314
1674 0 0 6325 1 6326
1675 0 0 6470 0 6470
1676 0 2 0 6376 6378
1677 0 0 6487 0 6487
1678 6627 0 7 1 6635
1679 3 6674 0 3 6680
1680 6725 1 0 0 6726
1681 1 6871 0 1 6873
1682 0 2 1 7071 7074
1683 6 0 7078 2 7086
1684 7034 0 0 0 7034
1685 7065 2 2 0 7069
1686 121 0 6949 0 7070
1687 0 0 7023 0 7023
1688 1 7223 12 8 7244
1689 0 0 0 7299 7299
1690 1 7380 0 1 7382
1691 7447 0 4 14 7465
1692 1 0 7565 0 7566
1693 0 0 0 7506 7506
1694 0 2 0 7593 7595
1695 0 1 0 7611 7612
1696 5 7589 0 6 7600
1697 3 0 0 7639 7642
1698 0 0 0 7657 7657
1699 2 7635 0 0 7637
1700 0 1 0 7734 7735
1701 7679 0 0 0 7679
1702 1 0 7865 0 7866
1703 2 0 7868 1 7871
1704 7460 0 344 0 7804
1705 7897 0 1 0 7898
1706 7976 1 0 0 7977
1707 7944 1 9 0 7954
1708 13 0 7973 0 7986
1709 7906 8 2 0 7916
1710 231 0 7840 0 8071
1711 2 0 8044 0 8046
1712 8106 1 6 0 8113
1713 7 8104 5 7 8123
1714 8193 0 0 1 8194
1715 0 2 2 8199 8203
1716 0 0 8278 0 8278
1717 0 2 0 8206 8208
1718 0 0 0 8234 8234
1719 1 8162 0 3 8166
1720 0 8289 1 1 8291
1721 8293 3 1 5 8302
1722 8248 2 1 0 8251
1723 0 1 0 8384 8385
1724 1 0 8388 1 8390
1725 0 0 8343 1 8344
1726 0 0 8345 2 8347
1727 8219 1 2 0 8222
1728 0 126 0 8348 8474
1729 4 0 8469 0 8473
1730 5 8413 0 5 8423
1731 8577 0 0 0 8577
1732 0 0 0 8593 8593
1733 0 0 1 8658 8659
1734 0 6 0 8638 8644
1735 0 0 8664 0 8664
1736 8622 0 0 1 8623
1737 8621 0 0 0 8621
1738 1 0 8659 0 8660
1739 1 8648 0 2 8651
1740 8889 0 2 6 8897
1741 0 0 0 8974 8974
1742 1 1 1 9064 9067
1743 0 3 0 9104 9107
1744 1 0 8934 3 8938
1745 8897 0 0 0 8897
1746 1 0 8899 1 8901
1747 8825 0 1 3 8829
1748 1 0 8903 0 8904
1749 1 8889 0 0 8890
1750 9028 0 1 2 9031
1751 0 0 0 9014 9014
1752 9033 0 0 0 9033
1753 8983 2 3 1 8989
1754 2 1 0 8995 8998
1755 1 4 0 8900 8905
1756 0 8854 1 0 8855
1757 1 8913 0 4 8918
1758 1 5 2 8906 8914
1759 0 8993 0 2 8995
1760 9023 0 1 0 9024
1761 2 0 9029 0 9031
1762 9017 0 4 1 9022
1763 9066 0 7 1 9074
1764 9094 0 0 0 9094
1765 9033 1 1 0 9035
1766 1 4 0 9036 9041
1767 3 2 9021 0 9026
1768 154 0 8759 0 8913
1769 2 8837 0 6 8845
1770 0 1 0 8919 8920
1771 1 0 8938 1 8940
1772 3 0 8961 0 8964
1773 2 0 0 8869 8871
1774 1 8909 0 3 8913
1775 8918 0 4 0 8922
1776 7 0 8941 0 8948
1777 0 0 1 8791 8792
1778 8894 1 1 0 8896
1779 1 8938 0 0 8939
1780 8915 3 5 0 8923
1781 0 0 9032 0 9032
1782 0 0 1 8956 8957
1783 0 0 9000 0 9000
1784 1 0 9014 0 9015
1785 8788 0 2 0 8790
1786 0 2 0 8914 8916
1787 0 0 0 9025 9025
1788 1 2 0 9127 9130
1789 8 0 8991 0 8999
1790 3 9024 0 3 9030
1791 9167 0 0 0 9167
1792 9173 0 0 1 9174
1793 3 0 9075 1 9079
1794 9080 1 0 4 9085
1795 1 0 9052 0 9053
1796 0 9040 0 2 9042
1797 9110 0 0 0 9110
1798 0 0 9026 0 9026
1799 0 0 1 8973 8974
1800 3 0 8985 2 8990
1801 0 9025 0 0 9025
1802 2 0 0 9058 9060
1803 3 9093 1 1 9098
1804 9148 0 0 0 9148
1805 9128 0 2 2 9132
1806 9136 1 2 0 9139
1807 2 9090 0 0 9092
1808 9142 2 2 0 9146
1809 9063 0 0 0 9063
1810 9022 0 3 0 9025
1811 0 1 0 9069 9070
1812 2 0 9043 0 9045
1813 8986 2 2 0 8990
1814 1 0 9110 0 9111
1815 9040 0 5 1 9046
1816 3 1 9041 2 9047
1817 8957 0 1 0 8958
1818 3 8934 0 1 8938
1819 0 9007 1 0 9008
1820 8987 0 6 1 8994
1821 69 0 9040 0 9109
1822 0 0 9041 0 9041
1823 8830 0 5 0 8835
1824 2 0 9009 3 9014
1825 0 0 9025 0 9025
1826 2 3 0 8274 8279
1827 0 0 0 8850 8850
1828 8962 0 1 5 8968
1829 1 2 0 9306 9309
1830 2 1 9268 0 9271
1831 9283 0 1 0 9284
1832 9397 0 1 0 9398
1833 9373 0 1 0 9374
1834 9361 1 1 0 9363
1835 0 9360 0 0 9360
1836 1 0 2 9315 9318
1837 1 0 9244 0 9245
1838 9194 1 1 0 9196
1839 4 9265 0 0 9269
1840 0 9244 0 2 9246
1841 9251 0 1 0 9252
1842 2 0 9343 0 9345
1843 0 1 0 9116 9117
1844 1 2 0 9315 9318
1845 62 9137 0 120 9319
1846 9308 0 1 0 9309
1847 1 1 0 9349 9351
1848 9311 0 0 0 9311
1849 9268 0 4 1 9273
1850 9165 0 3 0 9168
1851 25 0 9141 0 9166
1852 2 0 0 8706 8708
1853 0 1 0 9044 9045
1854 5 0 9008 0 9013
1855 0 9012 0 3 9015
1856 1 4 1 9058 9064
1857 9 0 8974 0 8983
1858 1 8893 0 2 8896
1859 0 8958 0 1 8959
1860 0 3 0 9058 9061
1861 0 5 0 9155 9160
1862 0 0 0 9134 9134
1863 0 2 0 9113 9115
1864 0 3 2 9161 9166
1865 0 0 9041 1 9042
1866 0 0 0 8810 8810
1867 0 0 0 8844 8844
1868 1 0 3 8935 8939
1869 0 8837 0 4 8841
1870 1 1 0 8749 8751
1871 3 8698 0 1 8702
1872 8671 0 6 0 8677
1873 0 8703 0 0 8703
1874 0 8664 0 6 8670
1875 8605 0 2 0 8607
1876 1 8756 0 3 8760
1877 0 8827 0 3 8830
1878 8828 0 3 1 8832
1879 8751 5 0 0 8756
1880 8761 0 0 0 8761
1881 8774 0 10 0 8784
1882 1 3 0 8630 8634
1883 0 0 1 8763 8764
1884 8776 0 0 0 8776
1885 8753 0 0 1 8754
1886 5 0 8691 0 8696
1887 16 0 8588 1 8605
1888 8473 0 2 0 8475
1889 0 0 8494 0 8494
1890 3 8412 0 1 8416
1891 8523 0 1 2 8526
1892 8499 0 1 0 8500
1893 0 5 0 8439 8444
1894 2 0 8527 0 8529
1895 0 0 8543 3 8546
1896 1 0 8516 0 8517
1897 0 0 8495 0 8495
1898 8362 0 7 0 8369
1899 18 0 8392 0 8410
1900 1 8290 0 7 8298
1901 0 8407 0 3 8410
1902 0 3 1 8487 8491
1903 0 3 0 8513 8516
1904 8393 0 1 3 8397
1905 2 0 1 8327 8330
1906 5 8310 0 10 8325
1907 8300 0 0 0 8300
1908 8236 1 5 1 8243
1909 1 1 0 8221 8223
1910 1 3 0 8256 8260
1911 1 8206 0 55 8262
1912 0 1 0 8235 8236
1913 0 1 0 8260 8261
1914 8206 6 1 0 8213
1915 8096 0 1 0 8097
1916 8019 0 0 0 8019
1917 7924 0 68 3 7995
1918 50 8028 0 0 8078
1919 1 10 0 7963 7974
1920 0 0 0 8089 8089
1921 0 0 8064 0 8064
1922 1 1 0 7889 7891
1923 7929 0 33 0 7962
1924 1 2 1 7992 7996
1925 0 4 0 7948 7952
1926 26 0 7740 1 7767
1927 7722 0 0 1 7723
1928 7780 0 0 0 7780
1929 7738 0 1 1 7740
1930 2 0 7705 0 7707
1931 1 1 7654 2 7658
1932 7481 0 2 0 7483
1933 1 0 7549 0 7550
1934 1 0 7415 1 7417
1935 7431 2 8 0 7441
1936 0 1 7217 0 7218
1937 0 0 7225 6 7231
1938 2 0 7222 2 7226
1939 2 0 7688 1 7691
1940 7984 0 1 0 7985
1941 7981 0 10 0 7991
1942 7980 0 2 0 7982
1943 8015 0 0 0 8015
1944 0 0 0 7926 7926
1945 0 0 0 7903 7903
1946 1 0 1 7921 7923
1947 1 7867 0 3 7871
1948 7893 0 0 1 7894
1949 0 4 1 7780 7785
1950 2 7819 0 10 7831
1951 2 0 7775 0 7777
1952 7660 0 2 0 7662
1953 7677 0 1 0 7678
1954 2 1 7731 0 7734
1955 0 0 2 7553 7555
1956 7603 0 90 0 7693
1957 7656 2 1 0 7659
1958 2 0 7660 0 7662
1959 5 0 7621 1 7627
1960 7589 0 2 0 7591
1961 7599 0 0 0 7599
1962 7580 2 0 0 7582
1963 0 0 7522 0 7522
1964 3 0 7402 2 7407
1965 0 0 7379 0 7379
1966 0 0 0 7130 7130
1967 0 7240 0 0 7240
1968 1 6 2 7241 7250
1969 0 7187 0 0 7187
1970 1 7218 0 2 7221
1971 0 0 0 7122 7122
1972 1 7116 0 0 7117
1973 1 5 0 7202 7208
1974 7140 0 1 0 7141
1975 1 2 0 7076 7079
1976 0 0 0 7062 7062
1977 1 0 0 6987 6988
1978 0 3 1 6887 6891
1979 0 6873 0 2 6875
1980 0 6945 1 0 6946
1981 4 0 1 6582 6587
1982 6539 0 0 1 6540
1983 0 26 0 6526 6552
1984 6589 0 2 0 6591
1985 6544 0 1 0 6545
1986 0 0 2 6360 6362
1987 10 6365 4 0 6379
1988 0 6304 0 0 6304
1989 6295 0 1 1 6297
1990 12 6285 0 0 6297
1991 6348 0 0 1 6349
1992 6284 0 1 0 6285
1993 6193 0 2 1 6196
1994 0 6271 0 2 6273
1995 6296 1 8 3 6308
1996 0 2 6218 1 6221
1997 6214 0 0 0 6214
1998 6183 0 2 0 6185
1999 0 0 6123 3 6126
2000 0 3 0 5924 5927
2001 1 5648 0 360 6009
2002 0 6053 0 0 6053
2003 0 4 0 6057 6061
2004 6068 0 2 0 6070
2005 5999 0 0 0 5999
2006 2 6029 0 0 6031
2007 0 0 0 5954 5954
2008 5998 0 6 1 6005
2009 0 0 0 5938 5938
2010 5984 0 0 0 5984
2011 0 0 0 5882 5882
2012 0 0 5859 0 5859
2013 6 5848 0 13 5867
2014 4 2 5870 1 5877
2015 1 2 5869 0 5872
2016 6 5869 0 0 5875
2017 5885 0 5 0 5890
2018 1 0 5926 0 5927
2019 5895 0 3 0 5898
2020 5868 0 1 0 5869
2021 2 0 0 5891 5893
2022 5 0 5840 0 5845
2023 5815 0 1 0 5816
2024 6 10 0 5858 5874
2025 1 0 5847 0 5848
2026 0 1 0 5757 5758
2027 3 5744 0 2 5749
2028 5785 0 0 0 5785
2029 0 19 0 5740 5759
2030 0 0 0 5803 5803
2031 5748 0 0 5 5753
2032 5703 0 1 0 5704
2033 5696 0 1 0 5697
2034 5679 3 5 0 5687
2035 0 0 5703 0 5703
2036 1 0 5871 1 5873
2037 4 0 5846 0 5850
2038 5848 0 7 0 5855
2039 5875 0 10 0 5885
2040 5875 0 0 0 5875
2041 5853 0 0 0 5853
2042 2 2 0 5774 5778
2043 5 0 0 5845 5850
2044 1 0 5810 0 5811
2045 5767 0 0 0 5767
2046 5766 0 2 0 5768
2047 0 0 5729 0 5729
2048 5679 0 1 0 5680
2049 0 3 0 5712 5715
2050 1 0 5687 0 5688
2051 5652 0 0 0 5652
2052 5642 0 12 0 5654
2053 1 0 5590 0 5591
2054 5590 0 0 0 5590
2055 5561 0 0 1 5562
2056 5542 1 0 0 5543
2057 7 0 5450 0 5457
2058 3 0 5369 0 5372
2059 5389 0 27 0 5416
2060 5383 0 1 0 5384
2061 0 32 0 5279 5311
2062 5362 0 0 0 5362
2063 3 0 5319 0 5322
2064 5311 2 2 0 5315
2065 0 0 0 5164 5164
2066 0 5238 0 31 5269
2067 5259 0 3 0 5262
2068 5223 0 0 0 5223
2069 0 2 0 5328 5330
2070 0 0 5314 0 5314
2071 0 0 5245 0 5245
2072 0 0 5144 1 5145
2073 1 0 5135 0 5136
2074 5167 0 0 0 5167
2075 5163 0 0 0 5163
2076 0 2 0 5157 5159
2077 3 0 5140 0 5143
2078 0 5121 1 12 5134
2079 5122 0 0 0 5122
2080 0 0 5129 0 5129
2081 0 0 0 4910 4910
2082 5017 0 1 0 5018
2083 0 0 0 4991 4991
2084 0 2 1 5012 5015
2085 5001 0 1 0 5002
2086 1 0 4909 5 4915
2087 3 4856 0 2 4861
2088 4880 0 1 1 4882
2089 0 0 4811 1 4812
2090 2 0 4726 1 4729
2091 4 4707 0 0 4711
2092 0 5 0 4754 4759
2093 0 5 0 4725 4730
2094 0 12 0 4732 4744
2095 0 4699 0 2 4701
2096 0 2 0 4636 4638
2097 0 4680 3 0 4683
2098 1 0 4639 3 4643
2099 0 0 0 4582 4582
2100 0 2 0 4617 4619
2101 4600 0 0 0 4600
2102 0 0 4559 0 4559
2103 0 0 0 4458 4458
2104 0 0 4481 0 4481
2105 1 0 4408 0 4409
2106 2 4429 0 1 4432
2107 4430 0 4 2 4436
2108 4412 0 0 0 4412
2109 0 0 4432 0 4432
2110 0 0 0 4260 4260
2111 4360 0 0 0 4360
2112 0 0 0 4348 4348
2113 1 0 4328 0 4329
2114 4245 0 0 1 4246
2115 1 4234 0 1 4236
2116 1 4234 1 0 4236
2117 1 4253 0 0 4254
2118 4300 0 1 0 4301
2119 9 0 4233 0 4242
2120 4182 0 0 0 4182
2121 0 0 0 4150 4150
2122 27 4104 0 0 4131
2123 0 0 0 4111 4111
2124 0 1 0 4091 4092
2125 5 0 4077 0 4082
2126 0 0 4026 0 4026
2127 3990 0 0 1 3991
2128 0 0 3986 0 3986
2129 3965 0 0 0 3965
2130 0 6 0 3899 3905
2131 0 2 1 3876 3879
2132 0 0 0 3821 3821
2133 1 3807 0 3 3811
2134 3789 0 1 6 3796
2135 3789 0 0 0 3789
2136 3748 0 0 0 3748
2137 3699 0 2 0 3701
2138 0 3736 0 0 3736
2139 0 137 0 3555 3692
2140 3700 0 0 0 3700
2141 0 5 1 3643 3649
2142 0 0 0 3645 3645
2143 0 0 3589 2 3591
2144 3576 0 0 0 3576
2145 3561 1 4 0 3566
2146 9 0 3501 0 3510
2147 3466 0 0 0 3466
2148 3417 1 0 0 3418
2149 0 3399 0 0 3399
2150 0 0 0 3363 3363
2151 0 1 0 3364 3365
2152 0 0 3315 1 3316
2153 3307 0 0 0 3307
2154 3273 0 1 0 3274
2155 3253 0 0 0 3253
2156 3203 0 6 0 3209
2157 0 0 3145 0 3145
2158 2 3056 1 2 3061
2159 2 2 0 3638 3642
2160 4 0 3540 0 3544
2161 3523 0 0 0 3523
2162 3467 0 3 0 3470
2163 3408 0 0 0 3408
2164 2 3364 0 0 3366
2165 2 3348 0 3 3353
2166 3345 0 4 6 3355
2167 3 0 3302 0 3305
2168 174 0 2953 0 3127
2169 26 0 3117 0 3143
2170 1 0 3134 27 3162
2171 3138 0 13 0 3151
2172 3133 0 0 0 3133
2173 3111 0 0 0 3111
2174 3086 0 5 0 3091
2175 3 0 3031 0 3034
2176 0 0 2935 0 2935
2177 0 2942 0 0 2942
2178 2986 0 0 0 2986
2179 2956 0 1 0 2957
2180 2884 0 6 0 2890
2181 0 2880 24 1 2905
2182 2987 1 0 0 2988
2183 0 6 0 2893 2899
2184 8 2914 0 3 2925
2185 0 0 0 2925 2925
2186 0 0 0 2911 2911
2187 0 0 2894 0 2894
2188 1 2842 0 0 2843
2189 0 2 0 2848 2850
2190 0 0 0 2842 2842
2191 0 2 0 2820 2822
2192 2785 0 0 0 2785
2193 0 1 0 2755 2756
2194 0 2750 0 0 2750
2195 2745 0 0 0 2745
2196 2714 1 3 0 2718
2197 3 0 2700 0 2703
2198 0 0 2676 0 2676
2199 2031 0 1 0 2032
2200 2005 0 0 0 2005
2201 2005 0 0 0 2005
2202 1974 1 0 1 1976
2203 3 1954 0 3 1960
2204 0 1960 0 0 1960
2205 1979 0 0 0 1979
2206 0 0 1986 0 1986
2207 0 0 0 1907 1907
2208 0 0 1 1906 1907
2209 1917 1 0 0 1918
2210 1884 0 0 0 1884
2211 1880 0 0 0 1880
2212 6 0 1864 0 1870
2213 3 0 1 1762 1766
2214 2459 0 3 0 2462
2215 0 0 2420 0 2420
2216 0 0 0 2324 2324
2217 74 0 2317 1 2392
2218 2377 0 0 0 2377
2219 2393 0 0 0 2393
2220 2387 0 3 0 2390
2221 2379 0 0 0 2379
2222 0 0 2364 0 2364
2223 2 0 2321 0 2323
2224 2318 0 4 0 2322
2225 2338 0 1 0 2339
2226 2349 0 0 0 2349
2227 2328 0 0 0 2328
2228 0 0 2315 2 2317
2229 0 0 2332 0 2332
2230 0 38 0 2050 2088
2231 2286 0 2 0 2288
2232 0 2 0 2289 2291
2233 2311 0 6 0 2317
2234 0 0 2293 0 2293
2235 0 0 0 2266 2266
2236 6 0 2275 0 2281
2237 0 2283 0 10 2293
2238 0 39 0 2230 2269
2239 0 36 1 2251 2288
2240 0 0 0 2288 2288
2241 0 0 2266 0 2266
2242 0 0 0 2225 2225
2243 0 2209 0 0 2209
2244 0 2240 0 1 2241
2245 1527 0 680 0 2207
2246 2203 0 0 1 2204
2247 0 0 0 2206 2206
2248 1 0 2215 0 2216
2249 2208 0 0 0 2208
2250 0 2188 0 0 2188
2251 2199 0 0 0 2199
2252 0 3 2 2184 2189
2253 0 8 0 2162 2170
2254 0 6 0 2133 2139
2255 0 2150 0 0 2150
2256 2145 0 0 0 2145
2257 0 2137 0 3 2140
2258 1947 0 154 0 2101
2259 1917 0 148 0 2065
2260 0 0 2054 0 2054
2261 0 0 2038 1 2039
2262 2046 0 0 0 2046
2263 2058 1 3 0 2062
2264 0 11 0 2035 2046
2265 1 36 0 2031 2068
2266 2014 0 57 0 2071
2267 2003 0 60 0 2063
2268 6 0 2028 0 2034
2269 1998 0 0 0 1998
2270 94 0 1869 0 1963
2271 1965 0 0 0 1965
2272 0 1935 0 0 1935
2273 1946 0 0 0 1946
2274 1940 0 0 0 1940
2275 1913 0 9 0 1922
2276 0 0 1811 0 1811
2277 1812 0 0 0 1812
2278 1768 0 24 0 1792
2279 0 0 0 1753 1753
2280 0 0 1719 25 1744
2281 1722 0 0 1 1723
2282 0 1718 0 1 1719
2283 1716 0 0 0 1716
2284 0 0 1720 0 1720
2285 2 0 0 1684 1686
2286 0 2 0 1696 1698
2287 204 0 1484 0 1688
2288 1592 0 90 0 1682
2289 0 0 1676 0 1676
2290 0 0 0 1570 1570
2291 0 1571 0 0 1571
2292 0 1252 0 332 1584
2293 1574 0 1 0 1575
2294 0 0 0 1579 1579
2295 3 0 1568 0 1571
2296 0 0 1550 1 1551
2297 2 0 1536 0 1538
2298 0 0 1541 0 1541
2299 0 2 0 1498 1500
2300 0 0 1508 0 1508
2301 1 0 1489 0 1490
2302 23 0 1450 0 1473
2303 5 1394 0 25 1424
2304 0 1448 0 0 1448
2305 0 0 0 1442 1442
2306 0 0 0 1443 1443
2307 0 0 1435 0 1435
2308 1401 0 5 1 1407
2309 0 0 1428 0 1428
2310 0 1347 0 0 1347
2311 0 0 0 1369 1369
2312 1375 0 0 0 1375
2313 1346 0 0 0 1346
2314 0 0 0 24 24
