0 0 0 0 0 0
1 349 0 0 0 349
2 0 0 0 377 377
3 0 0 373 0 373
4 409 0 0 0 409
5 0 411 0 0 411
6 408 0 0 0 408
7 0 0 0 405 405
8 0 0 0 409 409
9 404 0 10 0 414
10 1 0 401 0 402
11 0 482 0 0 482
12 5 482 0 1 488
13 526 0 0 0 526
14 525 0 0 0 525
15 520 0 0 0 520
16 525 0 0 0 525
17 0 0 0 522 522
18 0 0 0 516 516
19 0 0 518 0 518
20 517 0 0 0 517
21 514 0 0 0 514
22 0 0 0 524 524
23 0 0 0 520 520
24 1 0 534 0 535
25 0 0 0 538 538
26 0 0 0 543 543
27 542 0 0 0 542
28 542 0 0 0 542
29 504 0 41 0 545
30 534 11 1 0 546
31 0 551 0 0 551
32 545 0 0 0 545
33 540 0 0 0 540
34 0 541 0 0 541
35 1 0 0 542 543
36 0 0 543 1 544
37 0 539 0 0 539
38 0 0 0 539 539
39 511 1 19 0 531
40 531 1 0 0 532
41 0 0 592 0 592
42 0 0 582 0 582
43 0 0 594 0 594
44 600 0 0 0 600
45 0 607 0 0 607
46 644 0 0 0 644
47 646 0 0 0 646
48 0 1 0 675 676
49 0 0 713 0 713
50 711 1 0 0 712
51 0 0 699 0 699
52 2 1 727 0 730
53 0 738 0 0 738
54 0 754 0 0 754
55 758 0 1 0 759
56 765 1 0 0 766
57 764 0 0 0 764
58 764 0 0 0 764
59 1 760 0 0 761
60 768 0 0 0 768
61 0 0 761 0 761
62 0 0 0 776 776
63 0 0 0 798 798
64 0 0 0 823 823
65 0 0 0 826 826
66 0 1 822 0 823
67 858 0 1 0 859
68 854 1 0 0 855
69 1 1 848 0 850
70 0 850 0 0 850
71 806 0 63 0 869
72 877 0 0 0 877
73 860 0 0 0 860
74 0 865 0 0 865
75 864 0 0 0 864
76 868 0 0 0 868
77 0 863 0 5 868
78 845 0 0 27 872
79 0 0 877 0 877
80 0 0 0 860 860
81 886 0 0 0 886
82 0 0 881 0 881
83 879 0 39 0 918
84 0 927 0 0 927
85 0 813 0 129 942
86 946 0 3 0 949
87 939 0 0 0 939
88 0 0 0 950 950
89 943 0 0 0 943
90 0 0 0 949 949
91 938 1 0 0 939
92 938 3 0 0 941
93 0 945 0 0 945
94 952 0 0 0 952
95 0 0 0 949 949
96 944 0 0 0 944
97 951 0 1 0 952
98 0 0 0 949 949
99 964 0 0 0 964
100 973 0 0 0 973
101 0 0 1062 0 1062
102 1079 0 0 0 1079
103 1074 0 0 0 1074
104 1081 0 0 0 1081
105 1082 0 0 3 1085
106 0 1 0 1071 1072
107 0 1 0 1097 1098
108 0 1097 0 1 1098
109 1107 0 0 0 1107
110 1111 0 0 0 1111
111 0 0 0 1101 1101
112 1102 1 0 0 1103
113 0 1107 0 1 1108
114 1110 0 0 0 1110
115 0 0 0 1109 1109
116 0 1194 0 0 1194
117 1200 0 0 0 1200
118 1185 0 0 0 1185
119 0 0 1185 0 1185
120 0 0 1183 0 1183
121 1167 0 0 0 1167
122 0 0 0 1180 1180
123 0 0 0 1192 1192
124 0 0 1185 0 1185
125 1188 0 0 0 1188
126 1193 0 0 0 1193
127 1199 0 1 0 1200
128 1211 0 0 0 1211
129 0 0 1213 0 1213
130 1181 0 23 0 1204
131 1207 0 0 0 1207
132 0 0 0 1197 1197
133 0 1203 0 0 1203
134 0 1194 0 0 1194
135 0 0 0 1201 1201
136 0 0 0 1210 1210
137 0 1208 0 0 1208
138 1212 0 0 0 1212
139 0 1216 0 0 1216
140 0 0 0 1224 1224
141 1233 0 0 0 1233
142 1228 0 0 0 1228
143 0 0 1228 0 1228
144 0 0 1227 0 1227
145 1220 0 0 0 1220
146 0 0 0 1222 1222
147 0 0 1234 0 1234
148 1224 0 0 0 1224
149 1230 0 0 0 1230
150 0 0 738 0 738
151 1 16 0 712 729
152 0 0 735 0 735
153 0 0 786 0 786
154 0 0 785 0 785
155 0 821 0 0 821
156 0 832 0 0 832
157 856 0 0 0 856
158 0 0 0 858 858
159 0 0 854 0 854
160 0 0 0 836 836
161 0 1 857 0 858
162 0 0 0 853 853
163 0 0 0 901 901
164 0 899 0 0 899
165 0 0 0 922 922
166 910 0 0 0 910
167 915 0 0 0 915
168 0 1016 0 0 1016
169 0 1 0 1063 1064
170 0 0 0 1072 1072
171 0 1 0 1071 1072
172 0 1060 0 0 1060
173 0 1060 0 0 1060
174 0 1295 0 0 1295
175 0 0 0 1296 1296
176 0 0 0 1288 1288
177 0 0 1284 0 1284
178 0 0 1251 0 1251
179 0 1288 0 0 1288
180 0 0 0 1281 1281
181 0 1308 0 0 1308
182 0 0 0 1315 1315
183 1311 0 0 0 1311
184 1273 0 29 0 1302
185 0 1333 0 0 1333
186 0 1316 0 5 1321
187 1322 0 1 0 1323
188 1316 0 0 0 1316
189 0 0 1307 0 1307
190 0 0 1297 0 1297
191 0 0 1283 1 1284
192 0 1311 0 0 1311
193 1 0 1322 0 1323
194 1309 0 3 0 1312
195 0 14 1 1302 1317
196 1323 0 0 0 1323
197 0 0 0 1331 1331
198 0 0 1334 0 1334
199 0 0 1319 0 1319
200 0 1336 0 0 1336
201 1345 0 0 0 1345
202 1331 0 20 0 1351
203 1345 0 0 0 1345
204 1 1360 0 0 1361
205 1369 0 0 0 1369
206 0 0 1359 0 1359
207 1350 0 0 0 1350
208 1346 0 1 0 1347
209 0 0 0 1343 1343
210 0 1352 0 0 1352
211 0 1334 0 0 1334
212 0 1320 0 0 1320
213 0 1334 0 6 1340
214 1 0 0 1340 1341
215 0 0 0 1340 1340
216 0 0 1342 0 1342
217 0 0 1312 0 1312
218 1298 0 0 0 1298
219 1306 1 0 1 1308
220 0 0 0 1291 1291
221 1304 0 0 0 1304
222 0 1174 0 0 1174
223 1175 1 0 0 1176
224 1153 0 0 0 1153
225 1136 5 0 0 1141
226 0 0 1171 0 1171
227 0 0 1138 0 1138
228 0 0 1110 0 1110
229 1109 0 0 0 1109
230 0 0 0 1115 1115
231 1117 0 0 0 1117
232 0 1131 0 0 1131
233 1121 0 0 0 1121
234 1125 0 0 0 1125
235 0 1145 0 0 1145
236 0 0 0 1131 1131
237 0 0 0 1151 1151
238 1163 0 0 0 1163
239 1152 0 0 1 1153
240 1155 0 2 0 1157
241 1142 1 0 0 1143
242 0 1112 0 0 1112
243 1108 0 1 0 1109
244 1113 0 0 0 1113
245 1098 0 1 0 1099
246 0 0 0 1093 1093
247 0 0 1100 0 1100
248 0 1105 0 0 1105
249 0 0 0 1140 1140
250 0 0 1143 0 1143
251 1125 1 1 0 1127
252 1118 0 0 0 1118
253 0 0 1109 0 1109
254 1111 0 0 0 1111
255 0 1116 0 1 1117
256 1117 0 1 0 1118
257 0 0 0 1114 1114
258 1116 0 1 0 1117
259 0 0 1099 2 1101
260 0 0 1103 0 1103
261 1092 0 0 0 1092
262 1082 0 0 0 1082
263 0 1087 0 0 1087
264 0 1105 0 0 1105
265 1117 0 0 0 1117
266 1118 0 0 0 1118
267 1096 0 0 0 1096
268 0 0 1093 0 1093
269 0 0 1093 0 1093
270 0 1103 0 0 1103
271 6 1109 0 0 1115
272 1111 0 0 0 1111
273 1118 0 0 0 1118
274 1116 0 0 0 1116
275 0 0 0 1113 1113
276 0 0 1109 0 1109
277 0 0 0 1078 1078
278 0 0 1091 0 1091
279 0 1096 0 0 1096
280 0 0 0 1056 1056
281 0 1083 0 0 1083
282 1081 0 1 0 1082
283 1062 0 0 0 1062
284 0 0 0 1071 1071
285 1070 0 0 0 1070
286 0 0 1058 0 1058
287 0 1053 0 0 1053
288 1058 0 1 0 1059
289 0 0 1048 0 1048
290 0 1045 0 0 1045
291 1053 0 0 0 1053
292 0 0 1069 0 1069
293 0 0 0 1066 1066
294 0 0 0 1069 1069
295 1062 0 0 0 1062
296 0 1079 0 0 1079
297 0 0 0 1074 1074
298 0 0 0 1077 1077
299 0 0 1089 0 1089
300 0 0 1084 0 1084
301 0 0 0 1042 1042
302 0 0 1120 0 1120
303 0 0 1126 0 1126
304 1123 0 0 0 1123
305 1140 0 0 0 1140
306 0 0 0 1132 1132
307 1115 0 0 0 1115
308 0 1120 0 0 1120
309 1126 0 0 0 1126
310 0 1 0 1117 1118
311 1123 0 0 0 1123
312 0 0 0 1112 1112
313 0 0 1105 0 1105
314 0 0 1087 16 1103
315 1100 0 0 0 1100
316 0 1108 0 0 1108
317 0 1109 0 0 1109
318 1116 0 0 0 1116
319 1104 0 0 0 1104
320 0 0 0 1122 1122
321 1100 0 16 0 1116
322 0 0 1114 0 1114
323 0 0 1110 0 1110
324 1103 0 0 0 1103
325 93 0 1007 0 1100
326 1103 0 0 0 1103
327 0 1100 0 1 1101
328 1116 0 0 0 1116
329 0 1104 0 0 1104
330 0 0 1140 0 1140
331 0 0 1129 0 1129
332 1113 0 0 0 1113
333 1120 0 0 0 1120
334 0 0 1134 0 1134
335 0 0 1140 0 1140
336 0 0 0 1052 1052
337 0 0 0 1112 1112
338 0 0 0 1133 1133
339 0 0 0 1119 1119
340 0 0 1118 0 1118
341 1081 0 0 0 1081
342 1086 0 0 0 1086
343 1107 0 0 3 1110
344 0 0 1105 0 1105
345 1 0 1065 10 1076
346 0 0 1089 0 1089
347 0 0 0 1043 1043
348 0 1063 0 0 1063
349 0 0 0 1071 1071
350 1072 0 0 0 1072
351 0 1076 0 0 1076
352 0 0 1079 1 1080
353 1058 0 0 0 1058
354 1052 0 0 0 1052
355 1047 0 0 0 1047
356 0 0 1044 0 1044
357 0 1049 0 0 1049
358 0 1 0 1075 1076
359 0 0 0 1068 1068
360 0 0 0 1064 1064
361 0 0 0 1071 1071
362 0 0 0 1070 1070
363 0 0 0 1033 1033
364 0 952 0 0 952
365 0 0 0 927 927
366 0 934 0 0 934
367 941 0 0 0 941
368 0 0 938 0 938
369 928 0 0 0 928
370 917 0 1 0 918
371 908 0 0 0 908
372 903 0 0 0 903
373 894 0 0 0 894
374 0 0 0 882 882
375 0 0 872 0 872
376 859 0 0 0 859
377 0 0 861 0 861
378 860 0 0 0 860
379 0 817 0 0 817
380 0 0 0 820 820
381 0 0 0 827 827
382 0 0 827 0 827
383 797 0 0 0 797
384 0 799 0 0 799
385 718 0 0 0 718
386 713 0 0 0 713
387 0 752 0 0 752
388 0 1 747 0 748
389 0 716 0 9 725
390 0 724 0 0 724
391 715 0 0 0 715
392 0 747 0 0 747
393 0 0 0 731 731
394 0 0 0 731 731
395 0 0 739 0 739
396 0 0 727 0 727
397 0 0 707 0 707
398 1 0 695 0 696
399 0 708 0 1 709
400 0 713 0 0 713
401 2 0 721 0 723
402 0 0 708 0 708
403 702 0 0 0 702
404 0 0 0 711 711
405 724 0 1 0 725
406 704 0 0 0 704
407 0 712 0 0 712
408 0 0 0 727 727
409 0 0 0 728 728
410 0 0 0 733 733
411 0 0 0 737 737
412 0 0 715 0 715
413 0 0 701 0 701
414 0 686 0 13 699
415 0 703 0 0 703
416 0 711 0 0 711
417 714 0 0 0 714
418 0 0 725 0 725
419 0 0 0 728 728
420 0 0 0 741 741
421 0 0 752 0 752
422 740 0 0 0 740
423 749 0 0 0 749
424 751 0 0 0 751
425 0 0 742 0 742
426 746 0 0 0 746
427 0 0 744 0 744
428 0 0 0 698 698
429 8 0 737 0 745
430 738 0 0 0 738
431 0 0 756 0 756
432 776 0 0 0 776
433 772 0 0 0 772
434 780 0 0 0 780
435 776 0 0 0 776
436 804 0 0 0 804
437 0 0 816 0 816
438 758 0 0 0 758
439 0 0 765 0 765
440 0 2 0 730 732
441 754 0 0 0 754
442 0 755 0 0 755
443 0 0 0 763 763
444 744 0 7 0 751
445 0 763 0 0 763
446 0 0 0 755 755
447 759 0 0 0 759
448 749 0 0 0 749
449 730 0 0 0 730
450 0 732 0 19 751
451 0 744 0 0 744
452 0 745 0 1 746
453 0 1 0 719 720
454 0 743 0 0 743
455 0 0 0 726 726
456 0 734 0 0 734
457 719 0 0 0 719
458 1 737 0 0 738
459 1 736 0 0 737
460 736 0 0 0 736
461 726 0 0 0 726
462 0 0 734 0 734
463 1 0 722 0 723
464 726 0 0 0 726
465 727 0 0 0 727
466 728 0 0 0 728
467 1 0 0 717 718
468 0 0 724 0 724
469 0 737 0 0 737
470 0 705 0 29 734
471 0 4 0 720 724
472 1 720 0 0 721
473 0 734 0 1 735
474 0 0 742 0 742
475 0 0 736 0 736
476 730 0 0 1 731
477 0 1 0 734 735
478 0 0 740 0 740
479 752 0 0 0 752
480 0 0 775 0 775
481 0 0 770 0 770
482 0 766 0 0 766
483 0 0 804 0 804
484 784 0 0 0 784
485 0 0 792 0 792
486 0 805 0 0 805
487 802 0 0 0 802
488 790 0 0 0 790
489 0 0 0 774 774
490 1 0 784 0 785
491 0 0 0 727 727
492 0 0 765 0 765
493 767 0 0 0 767
494 0 0 0 776 776
495 774 0 0 0 774
496 763 0 0 0 763
497 0 1 0 820 821
498 0 0 838 0 838
499 0 0 853 0 853
500 872 0 0 0 872
501 874 0 0 0 874
502 861 0 0 0 861
503 0 0 0 849 849
504 862 0 0 0 862
505 0 0 0 869 869
506 0 0 0 882 882
507 0 0 871 0 871
508 0 0 0 846 846
509 0 0 0 846 846
510 0 834 0 19 853
511 0 819 0 0 819
512 0 849 0 0 849
513 0 0 0 860 860
514 871 0 0 0 871
515 864 1 0 0 865
516 873 0 0 0 873
517 0 0 876 0 876
518 878 0 0 0 878
519 875 0 0 0 875
520 0 0 858 0 858
521 0 891 0 0 891
522 920 0 0 0 920
523 0 0 941 0 941
524 0 0 958 0 958
525 959 0 0 0 959
526 957 0 0 0 957
527 0 1 1 939 941
528 954 0 0 0 954
529 0 929 0 0 929
530 0 948 0 0 948
531 972 0 0 0 972
532 1058 0 0 0 1058
533 0 0 1049 0 1049
534 1052 0 0 0 1052
535 0 0 1049 0 1049
536 1055 0 0 0 1055
537 1067 0 0 0 1067
538 1 0 0 1062 1063
539 0 1057 0 1 1058
540 0 1057 0 0 1057
541 1059 0 0 0 1059
542 0 1062 0 0 1062
543 0 0 0 1059 1059
544 0 2 0 1070 1072
545 0 0 1076 0 1076
546 0 0 1060 0 1060
547 1082 0 0 0 1082
548 0 0 0 1093 1093
549 1100 0 1 0 1101
550 0 1097 0 0 1097
551 1100 0 0 0 1100
552 1 1 0 1095 1097
553 1088 0 1 0 1089
554 44 0 1027 0 1071
555 0 0 1076 1 1077
556 0 0 1074 0 1074
557 1066 0 0 0 1066
558 1086 0 0 0 1086
559 0 1075 0 0 1075
560 0 0 1 1087 1088
561 0 0 1097 0 1097
562 1073 0 0 0 1073
563 0 0 0 1119 1119
564 1112 0 0 0 1112
565 1098 0 0 0 1098
566 1094 0 0 0 1094
567 1130 0 0 0 1130
568 0 0 1142 0 1142
569 1165 0 0 0 1165
570 1186 0 0 0 1186
571 1201 0 0 0 1201
572 1196 0 0 0 1196
573 1194 0 0 0 1194
574 1197 0 0 0 1197
575 26 0 1170 1 1197
576 1178 0 0 0 1178
577 0 0 1209 0 1209
578 1217 0 0 0 1217
579 1211 0 0 0 1211
580 1184 0 0 0 1184
581 1184 0 0 0 1184
582 1165 0 0 0 1165
583 0 0 1 1145 1146
584 0 0 1 1176 1177
585 2 0 1168 0 1170
586 1194 0 0 0 1194
587 1204 0 1 0 1205
588 1205 0 0 0 1205
589 0 1 1213 0 1214
590 0 0 1212 0 1212
591 813 0 398 0 1211
592 1213 0 0 0 1213
593 27 1197 0 0 1224
594 1237 0 0 0 1237
595 1243 0 9 1 1253
596 0 0 0 1236 1236
597 0 0 1263 0 1263
598 1256 0 0 0 1256
599 0 0 0 1248 1248
600 1273 0 0 0 1273
601 1253 0 0 0 1253
602 0 1281 0 0 1281
603 0 0 0 1262 1262
604 0 1278 0 0 1278
605 0 1287 0 0 1287
606 1296 0 0 0 1296
607 1296 0 0 0 1296
608 0 0 0 1271 1271
609 0 1301 0 0 1301
610 0 0 1289 0 1289
611 0 0 0 1263 1263
612 1289 0 0 0 1289
613 0 1303 0 0 1303
614 0 1 0 1289 1290
615 1 0 1287 0 1288
616 1 0 1286 0 1287
617 0 1308 0 0 1308
618 1321 0 0 0 1321
619 0 1 0 1327 1328
620 1317 0 0 0 1317
621 0 1320 0 0 1320
622 1329 0 0 0 1329
623 0 0 0 1338 1338
624 0 0 1341 0 1341
625 0 1315 0 0 1315
626 0 1 0 1335 1336
627 0 0 0 1336 1336
628 0 0 1337 0 1337
629 1327 0 0 0 1327
630 1342 0 0 0 1342
631 1359 0 0 0 1359
632 0 0 1334 0 1334
633 1338 0 0 0 1338
634 0 0 1333 0 1333
635 1334 0 0 1 1335
636 1331 0 7 0 1338
637 0 1326 0 0 1326
638 0 0 0 1320 1320
639 1 0 1329 0 1330
640 0 0 1325 0 1325
641 0 1 0 1303 1304
642 0 0 0 1335 1335
643 0 0 1338 0 1338
644 0 1388 0 0 1388
645 0 0 0 1388 1388
646 0 1415 0 0 1415
647 0 0 1432 0 1432
648 1369 0 1 0 1370
649 1364 0 1 1 1366
650 0 0 1407 0 1407
651 1396 0 1 0 1397
652 1407 0 0 1 1408
653 0 0 1409 0 1409
654 1399 0 0 0 1399
655 0 0 0 1415 1415
656 0 0 0 1419 1419
657 0 1435 0 0 1435
658 0 0 1 1437 1438
659 0 0 0 1433 1433
660 0 0 1433 0 1433
661 0 1383 0 4 1387
662 0 1406 0 0 1406
663 1419 0 0 0 1419
664 0 0 1407 0 1407
665 0 0 0 1381 1381
666 8 0 1388 0 1396
667 0 0 1389 0 1389
668 0 1398 0 1 1399
669 1389 0 0 0 1389
670 0 0 1374 0 1374
671 0 0 1345 0 1345
672 1255 0 0 0 1255
673 0 0 1249 0 1249
674 0 1240 0 0 1240
675 1270 1 0 0 1271
676 1333 0 0 0 1333
677 0 1248 0 1 1249
678 1286 0 0 0 1286
679 0 0 0 1201 1201
680 0 1216 0 0 1216
681 1235 0 0 0 1235
682 0 0 1176 0 1176
683 0 1234 0 0 1234
684 0 0 0 1224 1224
685 0 0 1250 0 1250
686 1176 1 0 1 1178
687 0 0 1263 0 1263
688 0 0 0 1107 1107
689 0 0 0 1230 1230
690 0 1211 0 0 1211
691 1209 0 0 0 1209
692 0 0 0 1236 1236
693 1247 0 0 0 1247
694 0 0 1235 0 1235
695 1233 0 0 0 1233
696 1303 0 0 0 1303
697 1312 0 0 0 1312
698 0 0 0 1189 1189
699 0 0 1217 0 1217
700 0 1204 0 0 1204
701 0 0 0 1231 1231
702 1241 0 0 0 1241
703 0 1225 0 0 1225
704 1216 0 0 0 1216
705 31 1211 0 0 1242
706 0 0 0 1226 1226
707 0 0 1250 0 1250
708 0 1251 0 0 1251
709 0 0 0 1257 1257
710 0 0 0 1276 1276
711 1227 0 24 0 1251
712 0 1255 0 0 1255
713 1288 0 0 0 1288
714 1336 0 0 0 1336
715 1 0 1252 0 1253
716 0 0 1298 0 1298
717 0 1 1 872 874
718 0 0 1271 0 1271
719 1255 0 0 1 1256
720 1394 0 0 0 1394
721 1416 0 0 0 1416
722 1433 0 0 0 1433
723 0 0 0 1313 1313
724 0 0 0 1383 1383
725 0 0 1338 0 1338
726 0 0 1365 0 1365
727 1270 0 1 0 1271
728 0 0 1332 0 1332
729 1305 0 0 0 1305
730 1 1339 0 0 1340
731 1424 0 0 0 1424
732 1447 0 1 1 1449
733 1469 0 0 1 1470
734 0 0 0 1309 1309
735 1350 0 16 0 1366
736 0 0 0 1317 1317
737 1349 0 0 0 1349
738 0 0 0 1279 1279
739 0 1269 0 0 1269
740 1272 0 0 0 1272
741 0 1277 0 2 1279
742 0 1303 0 0 1303
743 0 1373 0 0 1373
744 1276 0 0 0 1276
745 0 0 1317 0 1317
746 0 0 1361 0 1361
747 1213 0 1 0 1214
748 0 0 1329 0 1329
749 0 0 1371 2 1373
750 19 0 1366 0 1385
751 1295 0 0 0 1295
752 1376 0 0 0 1376
753 0 0 0 1359 1359
754 1364 0 0 0 1364
755 1428 0 0 0 1428
756 1448 0 0 0 1448
757 0 0 0 1380 1380
758 0 0 0 1408 1408
759 1381 0 12 0 1393
760 1421 0 0 0 1421
761 0 1366 0 0 1366
762 0 0 0 1335 1335
763 1 0 1322 0 1323
764 1332 0 0 0 1332
765 0 0 1331 0 1331
766 0 0 0 1298 1298
767 0 1344 0 0 1344
768 0 1409 0 0 1409
769 1375 0 0 0 1375
770 0 0 1380 0 1380
771 0 0 1399 0 1399
772 0 0 0 1248 1248
773 0 1340 0 0 1340
774 0 0 0 1364 1364
775 0 1396 0 0 1396
776 1387 0 0 0 1387
777 1378 0 0 0 1378
778 0 0 0 1367 1367
779 0 1344 0 0 1344
780 1372 0 13 1 1386
781 1378 1 0 0 1379
782 0 0 1 1344 1345
783 24 0 1335 1 1360
784 1344 0 0 0 1344
785 1 1 0 1338 1340
786 1334 0 0 0 1334
787 0 0 1323 2 1325
788 0 0 0 1263 1263
789 1320 0 0 0 1320
790 0 0 1307 0 1307
791 0 1316 0 1 1317
792 0 0 0 1324 1324
793 0 0 0 1348 1348
794 1 0 1339 0 1340
795 0 0 0 1314 1314
796 1352 0 0 0 1352
797 0 0 1324 0 1324
798 0 0 1317 0 1317
799 1284 0 1 0 1285
800 1403 0 0 0 1403
801 1426 0 0 0 1426
802 1438 0 0 0 1438
803 1 0 0 1392 1393
804 1380 0 0 0 1380
805 1425 0 0 0 1425
806 0 0 0 1405 1405
807 0 1403 0 0 1403
808 1426 0 0 0 1426
809 0 0 1444 0 1444
810 1464 0 0 0 1464
811 1474 0 2 0 1476
812 0 0 1519 0 1519
813 1505 0 0 0 1505
814 0 0 0 1482 1482
815 1 1520 0 0 1521
816 1551 0 0 0 1551
817 1557 0 0 0 1557
818 0 0 0 1536 1536
819 1553 0 0 0 1553
820 0 0 1553 0 1553
821 0 0 0 1500 1500
822 0 1564 0 0 1564
823 0 0 1528 1 1529
824 0 1467 0 0 1467
825 0 0 0 1445 1445
826 1 0 0 1476 1477
827 0 1422 0 0 1422
828 1466 0 0 0 1466
829 1470 0 0 0 1470
830 1460 0 0 0 1460
831 0 1430 0 15 1445
832 0 1409 0 0 1409
833 0 1415 0 0 1415
834 1380 0 0 0 1380
835 0 1413 0 0 1413
836 0 1 0 1431 1432
837 0 0 1419 0 1419
838 0 0 1419 0 1419
839 1411 0 0 0 1411
840 10 0 1436 0 1446
841 0 1458 0 0 1458
842 0 0 0 1454 1454
843 1445 0 0 0 1445
844 0 0 1455 0 1455
845 0 1470 0 0 1470
846 0 0 0 1483 1483
847 0 0 1480 0 1480
848 0 0 0 1439 1439
849 1496 0 0 0 1496
850 0 0 1485 0 1485
851 1475 0 0 0 1475
852 1505 0 0 0 1505
853 1498 0 7 0 1505
854 1 0 1 1482 1484
855 1 0 0 1499 1500
856 9 0 1490 0 1499
857 14 1486 0 0 1500
858 1526 0 0 0 1526
859 1519 0 0 0 1519
860 1516 0 0 0 1516
861 0 1530 0 0 1530
862 1538 0 0 0 1538
863 1561 0 2 0 1563
864 33 0 1519 0 1552
865 1535 0 0 0 1535
866 0 1550 0 0 1550
867 0 0 0 1542 1542
868 0 0 1550 0 1550
869 0 0 0 1513 1513
870 0 0 1547 0 1547
871 1529 1 0 0 1530
872 0 0 0 1540 1540
873 1554 0 0 0 1554
874 0 0 1549 0 1549
875 1534 0 8 0 1542
876 0 4 0 1579 1583
877 1561 0 0 0 1561
878 0 1574 0 0 1574
879 0 0 0 1585 1585
880 0 0 1572 0 1572
881 1559 0 0 0 1559
882 1554 0 0 0 1554
883 0 1554 0 0 1554
884 0 1638 0 0 1638
885 0 0 0 1644 1644
886 0 0 0 1652 1652
887 0 0 0 1662 1662
888 1697 1 0 0 1698
889 1679 0 1 0 1680
890 1680 0 0 0 1680
891 0 0 1651 0 1651
892 0 0 0 1608 1608
893 0 1641 0 0 1641
894 1670 0 0 0 1670
895 0 3 0 1649 1652
896 0 0 1585 0 1585
897 0 0 0 1553 1553
898 0 1592 0 0 1592
899 1 0 0 1583 1584
900 0 0 1570 0 1570
901 0 0 1569 0 1569
902 0 1580 0 0 1580
903 1599 0 1 0 1600
904 1 0 1595 0 1596
905 0 1578 0 0 1578
906 0 1612 0 0 1612
907 1621 0 0 1 1622
908 0 0 0 1606 1606
909 1612 0 0 0 1612
910 0 0 1600 0 1600
911 1584 0 0 0 1584
912 1 1606 0 0 1607
913 0 0 1608 0 1608
914 1 0 1615 0 1616
915 1517 0 29 0 1546
916 0 0 1597 0 1597
917 0 0 1602 0 1602
918 0 0 0 1423 1423
919 1 0 1553 0 1554
920 1577 0 5 0 1582
921 0 0 0 1607 1607
922 0 0 1641 0 1641
923 0 0 0 1612 1612
924 1638 0 0 0 1638
925 0 0 1624 0 1624
926 0 1633 0 0 1633
927 0 0 0 1643 1643
928 0 0 0 1668 1668
929 0 0 1662 0 1662
930 0 0 0 1637 1637
931 0 0 1641 0 1641
932 1628 0 0 1 1629
933 0 1634 0 0 1634
934 1628 0 0 0 1628
935 0 0 0 1655 1655
936 1652 0 0 0 1652
937 1610 0 0 0 1610
938 0 0 0 1622 1622
939 1640 0 0 0 1640
940 1645 0 0 0 1645
941 0 0 1612 0 1612
942 1603 0 0 0 1603
943 0 0 1541 0 1541
944 0 1511 0 0 1511
945 0 0 0 1525 1525
946 0 0 1507 0 1507
947 0 1497 0 0 1497
948 1514 0 0 0 1514
949 0 0 0 1507 1507
950 0 0 0 1510 1510
951 1508 0 0 0 1508
952 0 0 1502 0 1502
953 0 0 1492 0 1492
954 1482 0 0 0 1482
955 0 1456 0 0 1456
956 0 0 0 1501 1501
957 1513 0 0 0 1513
958 1504 1 0 0 1505
959 1506 0 0 0 1506
960 15 0 1488 0 1503
961 1451 0 0 0 1451
962 0 0 0 1457 1457
963 1 1468 0 2 1471
964 1443 0 0 0 1443
965 0 0 1447 0 1447
966 1443 0 0 0 1443
967 0 1449 0 1 1450
968 1445 0 0 0 1445
969 1423 0 0 0 1423
970 1416 0 0 0 1416
971 0 0 1413 0 1413
972 1409 0 0 0 1409
973 1 1422 0 0 1423
974 1436 1 0 0 1437
975 1423 0 0 0 1423
976 1403 0 0 0 1403
977 0 0 1374 0 1374
978 1359 0 0 0 1359
979 0 0 0 1326 1326
980 0 0 1 1341 1342
981 0 0 0 1360 1360
982 0 0 1363 1 1364
983 0 0 1351 0 1351
984 1348 0 1 0 1349
985 0 1355 0 0 1355
986 0 0 1367 0 1367
987 1 0 1347 0 1348
988 0 1342 0 0 1342
989 0 0 0 1362 1362
990 0 0 0 1388 1388
991 0 0 1377 0 1377
992 1356 0 0 0 1356
993 1 0 1369 0 1370
994 0 1347 0 0 1347
995 0 0 0 1384 1384
996 1388 0 0 0 1388
997 1382 0 0 0 1382
998 1427 0 1 0 1428
999 1427 0 0 0 1427
1000 1432 0 0 0 1432
1001 0 0 1418 1 1419
1002 1401 0 0 0 1401
1003 1399 0 0 0 1399
1004 0 0 0 1405 1405
1005 1392 0 0 0 1392
1006 0 0 0 1361 1361
1007 0 1345 0 0 1345
1008 1348 0 0 0 1348
1009 1 0 1339 0 1340
1010 0 0 1315 0 1315
1011 1289 0 1 0 1290
1012 1302 0 0 0 1302
1013 0 0 1313 0 1313
1014 1189 0 125 0 1314
1015 0 0 1330 0 1330
1016 0 0 1299 0 1299
1017 1299 0 0 0 1299
1018 0 0 0 1295 1295
1019 0 0 1 1300 1301
1020 1 1302 0 1 1304
1021 1315 0 0 0 1315
1022 1317 0 0 0 1317
1023 1316 0 1 0 1317
1024 1269 0 0 0 1269
1025 1235 0 0 1 1236
1026 0 0 0 1178 1178
1027 0 0 1138 0 1138
1028 1122 0 0 0 1122
1029 0 0 1 1117 1118
1030 0 0 1090 0 1090
1031 1101 0 0 1 1102
1032 1114 0 1 0 1115
1033 0 0 1122 0 1122
1034 1101 0 0 0 1101
1035 1102 0 0 0 1102
1036 1099 0 0 0 1099
1037 0 0 0 1098 1098
1038 1107 1 0 0 1108
1039 0 0 0 1088 1088
1040 0 0 0 1102 1102
1041 1121 0 0 0 1121
1042 1109 0 0 0 1109
1043 0 0 0 1108 1108
1044 1157 0 0 0 1157
1045 0 0 1148 0 1148
1046 0 0 1131 0 1131
1047 0 0 1143 0 1143
1048 1146 0 0 0 1146
1049 1165 0 0 0 1165
1050 0 1148 0 0 1148
1051 0 7 1148 1 1156
1052 0 0 1160 0 1160
1053 1159 0 0 0 1159
1054 1155 0 0 0 1155
1055 1 1145 0 0 1146
1056 1168 0 0 0 1168
1057 1160 0 0 0 1160
1058 0 0 0 1149 1149
1059 1149 0 0 0 1149
1060 0 1140 0 0 1140
1061 1181 0 0 0 1181
1062 0 0 1190 0 1190
1063 1173 0 0 0 1173
1064 1172 0 0 0 1172
1065 0 0 1167 0 1167
1066 1147 0 2 0 1149
1067 0 0 0 1140 1140
1068 0 1 0 1171 1172
1069 0 0 1181 0 1181
1070 2 0 1170 0 1172
1071 1175 0 0 0 1175
1072 1177 0 0 0 1177
1073 0 0 0 1131 1131
1074 1143 0 0 0 1143
1075 0 0 0 1138 1138
1076 0 0 1155 0 1155
1077 0 0 1135 0 1135
1078 0 0 1134 0 1134
1079 1115 0 0 0 1115
1080 0 1108 0 0 1108
1081 0 0 1075 0 1075
1082 0 0 1079 0 1079
1083 0 0 1085 0 1085
1084 0 0 1105 0 1105
1085 1089 0 0 0 1089
1086 1108 0 0 0 1108
1087 0 0 1099 0 1099
1088 1092 0 6 0 1098
1089 0 0 1052 0 1052
1090 0 0 1062 0 1062
1091 1059 0 0 0 1059
1092 0 0 1116 0 1116
1093 0 0 0 1095 1095
1094 0 0 0 1102 1102
1095 0 1086 0 1 1087
1096 0 1089 0 0 1089
1097 1044 41 0 0 1085
1098 0 1 0 1082 1083
1099 0 0 1114 0 1114
1100 0 0 0 1098 1098
1101 1129 0 0 0 1129
1102 1124 0 1 0 1125
1103 0 0 1132 1 1133
1104 1101 1 0 0 1102
1105 0 0 0 1104 1104
1106 2 0 1124 0 1126
1107 0 0 1 1101 1102
1108 0 0 1155 0 1155
1109 0 0 1175 0 1175
1110 0 0 0 1123 1123
1111 0 0 1157 1 1158
1112 1165 0 1 1 1167
1113 1157 0 14 0 1171
1114 0 0 0 1150 1150
1115 0 0 1089 0 1089
1116 0 1076 0 0 1076
1117 1083 0 0 0 1083
1118 0 0 1086 0 1086
1119 0 0 1075 0 1075
1120 0 0 1181 0 1181
1121 0 0 1197 0 1197
1122 1188 0 0 0 1188
1123 1189 0 0 0 1189
1124 0 0 0 1170 1170
1125 1184 0 0 0 1184
1126 0 0 0 1202 1202
1127 7 0 0 1202 1209
1128 1180 1 0 0 1181
1129 1192 0 0 0 1192
1130 1206 0 0 0 1206
1131 1211 0 0 0 1211
1132 1200 0 0 0 1200
1133 1199 0 0 0 1199
1134 0 0 1206 0 1206
1135 1184 0 0 0 1184
1136 0 0 1202 0 1202
1137 0 0 0 1140 1140
1138 1186 0 0 0 1186
1139 1184 0 1 0 1185
1140 1186 0 0 0 1186
1141 1180 0 0 0 1180
1142 0 0 0 1174 1174
1143 0 0 1158 0 1158
1144 1153 0 0 0 1153
1145 1147 0 0 0 1147
1146 1120 0 0 0 1120
1147 0 1181 0 0 1181
1148 0 0 0 1159 1159
1149 0 0 1177 0 1177
1150 0 0 1207 2 1209
1151 1187 0 0 0 1187
1152 1164 0 0 0 1164
1153 1169 0 0 0 1169
1154 1203 0 0 0 1203
1155 1132 0 0 0 1132
1156 0 1190 0 0 1190
1157 0 0 0 1183 1183
1158 1188 0 0 0 1188
1159 0 1196 0 0 1196
1160 0 0 1 1215 1216
1161 35 0 1173 0 1208
1162 1201 0 0 1 1202
1163 0 1 0 1189 1190
1164 1211 0 0 0 1211
1165 1200 1 1 0 1202
1166 1184 0 0 0 1184
1167 0 0 0 1161 1161
1168 0 0 0 1146 1146
1169 0 1149 0 0 1149
1170 1152 0 0 0 1152
1171 0 0 1146 0 1146
1172 0 1178 0 0 1178
1173 1 1186 0 0 1187
1174 1194 0 0 0 1194
1175 1184 0 0 0 1184
1176 1184 0 0 0 1184
1177 1186 0 0 0 1186
1178 1175 0 0 0 1175
1179 1 0 1173 0 1174
1180 24 0 1150 0 1174
1181 1153 0 0 0 1153
1182 0 0 1184 0 1184
1183 0 0 1223 0 1223
1184 1216 0 0 0 1216
1185 0 0 0 1233 1233
1186 1251 0 0 0 1251
1187 0 0 0 1254 1254
1188 0 0 1255 1 1256
1189 1225 0 0 0 1225
1190 0 0 1241 0 1241
1191 1232 0 0 0 1232
1192 0 0 1201 0 1201
1193 1245 0 0 0 1245
1194 0 0 0 1241 1241
1195 0 0 0 1255 1255
1196 0 0 0 1256 1256
1197 1264 0 0 0 1264
1198 1199 45 0 0 1244
1199 0 0 0 1243 1243
1200 1234 0 0 0 1234
1201 1213 0 0 0 1213
1202 0 0 0 1219 1219
1203 0 1229 0 0 1229
1204 0 0 0 1231 1231
1205 0 0 0 1272 1272
1206 1261 0 0 0 1261
1207 1 0 0 1275 1276
1208 0 0 1284 0 1284
1209 0 1265 0 2 1267
1210 1283 0 0 0 1283
1211 0 0 0 1289 1289
1212 0 0 1304 0 1304
1213 0 0 1278 0 1278
1214 0 2 0 1235 1237
1215 1273 0 0 0 1273
1216 0 0 0 1279 1279
1217 0 0 0 1291 1291
1218 0 0 0 1272 1272
1219 0 0 0 1272 1272
1220 0 1275 0 1 1276
1221 0 0 0 1251 1251
1222 0 1261 0 0 1261
1223 1282 0 0 0 1282
1224 1283 0 0 0 1283
1225 0 0 1270 0 1270
1226 1271 0 0 0 1271
1227 0 1293 0 0 1293
1228 1284 0 0 1 1285
1229 0 1317 0 0 1317
1230 0 1 0 1322 1323
1231 1323 0 0 0 1323
1232 0 0 1368 0 1368
1233 0 0 1350 0 1350
1234 1334 0 0 0 1334
1235 0 1 0 1352 1353
1236 0 0 1347 15 1362
1237 1 0 0 1345 1346
1238 0 0 0 1344 1344
1239 0 1343 0 0 1343
1240 0 1343 0 0 1343
1241 1365 0 0 0 1365
1242 1363 0 1 0 1364
1243 0 0 1384 0 1384
1244 0 0 1357 1 1358
1245 7 0 1353 0 1360
1246 0 0 1354 0 1354
1247 0 2 0 1266 1268
1248 0 0 1306 19 1325
1249 1346 1 0 0 1347
1250 0 0 1361 0 1361
1251 1287 1 37 0 1325
1252 0 0 1365 0 1365
1253 0 0 1371 1 1372
1254 1350 0 0 0 1350
1255 1 0 1370 0 1371
1256 1357 0 0 0 1357
1257 1369 0 0 0 1369
1258 1373 0 0 0 1373
1259 0 0 0 1378 1378
1260 1379 0 0 0 1379
1261 1391 0 0 0 1391
1262 1376 1 0 0 1377
1263 0 0 0 1399 1399
1264 0 0 0 1377 1377
1265 0 0 0 1402 1402
1266 0 0 0 1416 1416
1267 0 1416 0 0 1416
1268 0 0 0 1417 1417
1269 0 14 0 1402 1416
1270 1415 0 0 0 1415
1271 1384 0 0 0 1384
1272 0 0 0 1370 1370
1273 0 1383 0 0 1383
1274 1 0 1376 0 1377
1275 1333 0 0 0 1333
1276 0 0 1346 0 1346
1277 0 1345 0 0 1345
1278 492 0 1 839 1332
1279 0 0 1308 0 1308
1280 0 0 1320 0 1320
1281 0 1313 0 0 1313
1282 0 1295 0 0 1295
1283 1323 1 0 0 1324
1284 1306 0 1 0 1307
1285 1 1311 0 0 1312
1286 0 0 0 1262 1262
1287 0 1 0 1273 1274
1288 0 0 0 1261 1261
1289 0 0 0 1284 1284
1290 1276 0 0 0 1276
1291 0 0 0 1198 1198
1292 0 1206 0 0 1206
1293 0 0 0 1202 1202
1294 0 1212 0 0 1212
1295 0 1208 0 0 1208
1296 1196 0 0 0 1196
1297 1163 0 0 0 1163
1298 0 0 0 1149 1149
1299 0 0 1157 0 1157
1300 0 36 0 1101 1137
1301 1145 0 1 0 1146
1302 0 1161 0 0 1161
1303 0 1148 0 0 1148
1304 1165 0 0 0 1165
1305 1155 0 0 1 1156
1306 0 1211 0 0 1211
1307 0 0 0 1154 1154
1308 0 1145 0 0 1145
1309 0 1146 0 0 1146
1310 1146 0 0 0 1146
1311 1139 1 0 0 1140
1312 0 1146 0 1 1147
1313 0 0 1125 0 1125
1314 1116 0 0 0 1116
1315 1 0 0 1136 1137
1316 1127 0 0 0 1127
1317 0 0 0 1135 1135
1318 0 0 0 1150 1150
1319 0 0 0 1163 1163
1320 0 0 0 1158 1158
1321 0 0 0 1158 1158
1322 0 0 0 1129 1129
1323 0 0 1071 0 1071
1324 1069 0 0 0 1069
1325 1067 0 0 1 1068
1326 0 0 0 1068 1068
1327 1072 0 0 1 1073
1328 0 0 1082 0 1082
1329 1123 0 0 0 1123
1330 1119 0 0 0 1119
1331 0 0 1100 0 1100
1332 9 1104 0 0 1113
1333 1123 0 0 0 1123
1334 1109 0 0 0 1109
1335 0 1121 0 0 1121
1336 0 0 1133 0 1133
1337 1120 0 0 0 1120
1338 0 1145 0 0 1145
1339 0 1212 0 0 1212
1340 0 0 0 1242 1242
1341 0 0 0 1244 1244
1342 0 0 0 1243 1243
1343 0 1 0 1241 1242
1344 0 0 0 1268 1268
1345 0 0 1257 0 1257
1346 1231 0 0 0 1231
1347 0 0 0 1230 1230
1348 0 1228 0 0 1228
1349 1195 0 0 1 1196
1350 1175 0 0 0 1175
1351 0 0 0 1204 1204
1352 0 0 1191 0 1191
1353 0 0 1213 0 1213
1354 0 0 1208 0 1208
1355 0 0 1211 0 1211
1356 0 0 1208 0 1208
1357 0 0 0 1133 1133
1358 1243 0 0 0 1243
1359 0 0 0 1257 1257
1360 0 0 1264 0 1264
1361 1249 0 0 0 1249
1362 0 0 1259 1 1260
1363 0 0 1271 0 1271
1364 1291 0 0 0 1291
1365 1278 0 0 0 1278
1366 0 0 0 1247 1247
1367 0 1260 0 0 1260
1368 1245 0 0 0 1245
1369 0 1312 0 0 1312
1370 0 1281 0 0 1281
1371 2 1299 0 0 1301
1372 1338 0 1 0 1339
1373 1333 0 0 0 1333
1374 1332 0 0 0 1332
1375 0 0 1313 0 1313
1376 0 1320 0 0 1320
1377 1353 0 0 0 1353
1378 1343 0 0 0 1343
1379 0 0 1345 0 1345
1380 0 1 0 1315 1316
1381 0 0 1331 0 1331
1382 1325 0 0 0 1325
1383 1330 0 1 0 1331
1384 0 1330 0 0 1330
1385 0 1 0 1334 1335
1386 1325 0 0 0 1325
1387 0 1318 0 0 1318
1388 1287 0 0 0 1287
1389 0 0 0 1289 1289
1390 0 0 1299 0 1299
1391 8 0 1270 0 1278
1392 0 0 1287 0 1287
1393 1275 0 0 0 1275
1394 0 0 0 1269 1269
1395 1284 0 0 0 1284
1396 1281 0 0 0 1281
1397 1288 0 1 0 1289
1398 0 0 0 1258 1258
1399 1 0 1252 0 1253
1400 1270 0 0 0 1270
1401 1252 0 0 0 1252
1402 0 0 0 1241 1241
1403 0 1234 0 0 1234
1404 1251 0 0 0 1251
1405 1231 0 0 0 1231
1406 0 0 0 1213 1213
1407 0 0 1212 0 1212
1408 1227 0 0 0 1227
1409 1217 0 0 0 1217
1410 0 0 0 1211 1211
1411 0 0 1202 0 1202
1412 0 1207 0 0 1207
1413 1204 0 0 0 1204
1414 0 0 0 1225 1225
1415 0 1236 0 15 1251
1416 0 0 0 1246 1246
1417 0 0 1205 0 1205
1418 1210 0 0 0 1210
1419 0 1201 0 0 1201
1420 0 0 0 1208 1208
1421 1200 0 0 0 1200
1422 0 1 0 1202 1203
1423 1165 0 0 0 1165
1424 0 1177 0 0 1177
1425 1170 0 14 0 1184
1426 0 0 0 1181 1181
1427 0 0 0 1197 1197
1428 0 0 1170 0 1170
1429 1157 0 0 0 1157
1430 1160 0 0 0 1160
1431 1167 0 0 0 1167
1432 0 0 1159 0 1159
1433 0 0 1124 0 1124
1434 0 0 1123 0 1123
1435 1113 0 0 1 1114
1436 0 0 0 1123 1123
1437 0 0 0 1124 1124
1438 0 0 1089 0 1089
1439 0 0 0 1063 1063
1440 1080 0 0 0 1080
1441 1 0 1071 0 1072
1442 0 0 0 1046 1046
1443 0 0 1026 0 1026
1444 1031 0 0 0 1031
1445 0 1036 0 0 1036
1446 1040 0 0 0 1040
1447 1034 0 0 0 1034
1448 0 0 1031 0 1031
1449 1032 0 0 0 1032
1450 1022 0 0 0 1022
1451 1024 0 1 0 1025
1452 0 7 0 1013 1020
1453 28 0 991 0 1019
1454 0 0 0 993 993
1455 1018 0 0 0 1018
1456 1024 0 0 0 1024
1457 0 0 0 1014 1014
1458 0 0 0 1034 1034
1459 0 0 1043 0 1043
1460 1042 0 0 1 1043
1461 0 1058 0 0 1058
1462 1 0 1034 0 1035
1463 1035 0 0 0 1035
1464 0 1038 0 0 1038
1465 0 0 0 1022 1022
1466 0 0 0 1021 1021
1467 0 0 0 1023 1023
1468 1030 0 0 0 1030
1469 0 0 1013 0 1013
1470 0 1001 0 0 1001
1471 0 0 0 985 985
1472 0 982 0 0 982
1473 0 0 0 934 934
1474 936 0 0 0 936
1475 0 940 0 1 941
1476 0 0 0 943 943
1477 0 0 952 0 952
1478 948 0 0 0 948
1479 929 0 0 0 929
1480 933 0 0 0 933
1481 0 929 0 0 929
1482 927 0 1 0 928
1483 0 0 932 0 932
1484 936 0 0 0 936
1485 943 0 0 0 943
1486 947 0 0 0 947
1487 881 0 0 0 881
1488 871 0 0 1 872
1489 0 0 854 0 854
1490 0 0 0 755 755
1491 799 0 0 0 799
1492 0 0 0 795 795
1493 0 806 1 0 807
1494 0 802 0 0 802
1495 801 0 0 0 801
1496 0 0 0 800 800
1497 800 0 0 0 800
1498 760 0 0 0 760
1499 0 749 0 0 749
1500 740 0 0 0 740
1501 752 0 0 0 752
1502 735 0 0 0 735
1503 732 0 0 0 732
1504 725 0 0 0 725
1505 730 0 1 0 731
1506 0 0 0 733 733
1507 0 740 0 0 740
1508 0 0 0 732 732
1509 0 0 0 741 741
1510 743 0 0 0 743
1511 0 0 734 0 734
1512 0 734 0 0 734
1513 0 0 0 725 725
1514 0 0 0 722 722
1515 735 0 0 0 735
1516 720 0 0 1 721
1517 0 0 0 675 675
1518 665 0 0 0 665
1519 663 0 1 0 664
1520 657 0 0 0 657
1521 661 0 0 0 661
1522 654 0 1 2 657
1523 0 0 654 0 654
1524 0 0 646 0 646
1525 644 0 0 0 644
1526 0 645 0 0 645
1527 0 0 0 628 628
1528 0 0 670 0 670
1529 0 0 656 0 656
1530 665 0 0 0 665
1531 0 0 650 0 650
1532 652 0 0 0 652
1533 651 0 0 0 651
1534 0 0 647 0 647
1535 0 0 0 630 630
1536 0 660 0 0 660
1537 678 0 0 0 678
1538 0 0 0 688 688
1539 698 0 0 0 698
1540 679 0 0 0 679
1541 0 0 0 683 683
1542 1 0 669 0 670
1543 0 0 666 0 666
1544 0 0 668 0 668
1545 665 0 0 0 665
1546 0 0 669 0 669
1547 0 653 0 0 653
1548 0 0 0 663 663
1549 663 0 0 0 663
1550 653 0 0 0 653
1551 0 0 0 630 630
1552 0 0 634 0 634
1553 635 0 0 0 635
1554 0 670 0 0 670
1555 0 0 663 0 663
1556 0 0 0 644 644
1557 0 0 659 0 659
1558 662 0 0 0 662
1559 0 0 686 0 686
1560 0 0 0 640 640
1561 0 0 686 0 686
1562 705 0 0 0 705
1563 710 0 0 0 710
1564 0 0 0 726 726
1565 0 0 0 725 725
1566 740 0 0 0 740
1567 0 0 721 0 721
1568 717 0 0 0 717
1569 714 0 0 0 714
1570 0 0 0 710 710
1571 0 700 0 0 700
1572 710 0 5 0 715
1573 0 714 0 0 714
1574 729 0 0 0 729
1575 718 0 0 0 718
1576 0 0 691 0 691
1577 0 693 0 0 693
1578 698 0 0 1 699
1579 0 689 0 0 689
1580 690 0 1 0 691
1581 0 0 690 0 690
1582 0 711 0 0 711
1583 0 0 0 739 739
1584 0 0 728 0 728
1585 686 0 0 0 686
1586 0 0 0 700 700
1587 1 0 744 0 745
1588 736 0 0 0 736
1589 0 0 0 753 753
1590 759 0 1 0 760
1591 753 0 0 0 753
1592 0 738 0 7 745
1593 755 0 0 1 756
1594 0 0 0 753 753
1595 751 0 0 0 751
1596 0 11 0 727 738
1597 0 0 751 0 751
1598 744 0 0 0 744
1599 0 0 1 744 745
1600 742 0 1 0 743
1601 0 754 0 0 754
1602 728 0 10 0 738
1603 0 746 0 0 746
1604 0 738 0 0 738
1605 0 1 0 748 749
1606 746 0 0 0 746
1607 737 0 0 0 737
1608 747 0 0 0 747
1609 750 0 0 0 750
1610 0 0 0 746 746
1611 0 0 752 0 752
1612 0 0 0 720 720
1613 0 0 742 0 742
1614 0 0 729 0 729
1615 0 0 730 0 730
1616 729 0 0 0 729
1617 746 0 0 0 746
1618 746 0 0 0 746
1619 0 0 2 737 739
1620 0 0 740 0 740
1621 0 0 814 0 814
1622 0 0 842 0 842
1623 862 0 0 0 862
1624 865 0 0 0 865
1625 2 864 0 0 866
1626 885 0 0 0 885
1627 885 0 0 0 885
1628 2 901 0 0 903
1629 0 642 0 299 941
1630 1032 0 0 0 1032
1631 1045 0 0 0 1045
1632 1060 0 0 0 1060
1633 0 0 1086 0 1086
1634 1079 0 0 0 1079
1635 1090 0 0 0 1090
1636 0 1092 0 16 1108
1637 0 0 0 1094 1094
1638 0 0 1100 0 1100
1639 0 0 1098 0 1098
1640 0 0 0 1071 1071
1641 1 0 1086 0 1087
1642 0 1092 0 0 1092
1643 1170 0 1 0 1171
1644 1156 0 0 0 1156
1645 1162 0 0 0 1162
1646 1166 0 0 0 1166
1647 0 1193 0 0 1193
1648 1192 0 0 1 1193
1649 0 1225 0 0 1225
1650 0 0 0 1229 1229
1651 0 0 0 1230 1230
1652 1250 0 1 0 1251
1653 0 0 1 1239 1240
1654 0 1250 0 0 1250
1655 1225 0 0 0 1225
1656 1197 0 0 0 1197
1657 0 0 1 1203 1204
1658 0 1 1180 0 1181
1659 0 0 1159 0 1159
1660 21 0 1145 0 1166
1661 0 0 1 1117 1118
1662 0 0 1173 0 1173
1663 25 1193 0 0 1218
1664 0 0 0 1240 1240
1665 1250 0 0 0 1250
1666 1284 0 0 0 1284
1667 1304 0 0 0 1304
1668 1289 0 0 0 1289
1669 1286 0 0 0 1286
1670 1288 0 0 0 1288
1671 0 1307 0 0 1307
1672 0 0 0 1300 1300
1673 0 0 0 1316 1316
1674 0 0 1308 1 1309
1675 0 0 1383 0 1383
1676 3 0 0 1339 1342
1677 0 0 1349 0 1349
1678 1384 0 0 0 1384
1679 0 1377 0 20 1397
1680 1402 0 0 0 1402
1681 0 1411 0 0 1411
1682 0 0 0 1430 1430
1683 68 0 1391 0 1459
1684 1436 0 0 0 1436
1685 1453 0 0 0 1453
1686 0 0 1436 0 1436
1687 0 0 1402 0 1402
1688 0 1438 0 0 1438
1689 0 0 0 1461 1461
1690 0 1479 0 1 1480
1691 1534 0 0 0 1534
1692 0 0 1572 0 1572
1693 0 0 0 1531 1531
1694 0 0 0 1556 1556
1695 0 1 0 1569 1570
1696 0 1596 1 0 1597
1697 0 0 0 1602 1602
1698 0 0 0 1599 1599
1699 0 1596 0 0 1596
1700 0 0 0 1607 1607
1701 1591 0 0 0 1591
1702 0 0 1649 0 1649
1703 1 0 1636 0 1637
1704 1672 0 0 0 1672
1705 1686 0 0 0 1686
1706 1754 0 0 0 1754
1707 1746 0 6 0 1752
1708 0 0 1772 0 1772
1709 1764 0 0 0 1764
1710 0 0 1766 0 1766
1711 0 0 1748 0 1748
1712 1768 1 0 0 1769
1713 0 1759 0 0 1759
1714 1759 0 0 0 1759
1715 0 0 0 1804 1804
1716 0 0 1829 0 1829
1717 1 0 0 1809 1810
1718 0 0 0 1805 1805
1719 0 1765 0 0 1765
1720 0 1781 0 0 1781
1721 1783 0 1 0 1784
1722 1765 0 0 0 1765
1723 0 0 0 1821 1821
1724 1 0 1834 0 1835
1725 0 0 1821 0 1821
1726 0 0 1836 0 1836
1727 1807 0 0 0 1807
1728 0 0 0 1816 1816
1729 0 0 1828 0 1828
1730 0 1829 0 0 1829
1731 1887 0 0 0 1887
1732 0 0 0 1888 1888
1733 1 0 0 1890 1891
1734 0 0 0 1940 1940
1735 0 0 1926 0 1926
1736 1982 0 0 0 1982
1737 1977 0 0 0 1977
1738 0 0 2000 0 2000
1739 0 2001 0 0 2001
1740 2088 1 0 0 2089
1741 0 1 0 2092 2093
1742 0 0 0 2115 2115
1743 0 2 0 2112 2114
1744 1 0 2097 2 2100
1745 2092 2 1 0 2095
1746 0 0 2082 1 2083
1747 2065 1 0 1 2067
1748 0 0 2088 0 2088
1749 0 2067 0 0 2067
1750 2093 0 0 0 2093
1751 0 0 0 2092 2092
1752 2086 0 0 0 2086
1753 2091 1 0 1 2093
1754 0 1 0 2088 2089
1755 0 0 0 2087 2087
1756 0 2062 0 0 2062
1757 0 2065 0 0 2065
1758 2 0 0 2044 2046
1759 0 2071 0 1 2072
1760 2081 2 0 0 2083
1761 0 0 2074 0 2074
1762 2077 1 0 0 2078
1763 2090 0 0 0 2090
1764 2078 0 0 0 2078
1765 2090 0 15 0 2105
1766 0 0 0 2111 2111
1767 0 0 2084 0 2084
1768 0 0 2078 0 2078
1769 1 2053 0 1 2055
1770 0 1 0 2049 2050
1771 0 0 2073 1 2074
1772 0 0 2079 1 2080
1773 0 0 0 2081 2081
1774 0 2099 0 2 2101
1775 2110 0 1 0 2111
1776 0 0 2097 1 2098
1777 0 2 0 2075 2077
1778 2094 0 5 0 2099
1779 0 2095 0 0 2095
1780 2093 0 0 0 2093
1781 0 0 2108 0 2108
1782 0 1 0 2110 2111
1783 0 0 2113 0 2113
1784 0 0 2112 0 2112
1785 2049 1 0 0 2050
1786 0 0 0 2069 2069
1787 0 0 0 2079 2079
1788 0 0 0 2105 2105
1789 0 0 2097 0 2097
1790 0 2119 0 1 2120
1791 2151 1 0 0 2152
1792 2138 0 0 0 2138
1793 0 0 2134 0 2134
1794 2111 0 0 0 2111
1795 0 0 2106 0 2106
1796 0 2109 0 0 2109
1797 2126 0 0 0 2126
1798 0 0 2120 1 2121
1799 0 3 0 2085 2088
1800 1 0 2116 1 2118
1801 0 2112 0 0 2112
1802 0 0 0 2121 2121
1803 0 2125 0 1 2126
1804 2124 0 5 0 2129
1805 2105 0 5 1 2111
1806 2121 0 1 0 2122
1807 0 2121 0 0 2121
1808 2140 0 1 0 2141
1809 2131 0 0 0 2131
1810 2104 0 0 0 2104
1811 0 0 0 2124 2124
1812 0 0 2128 0 2128
1813 2099 1 1 1 2102
1814 0 0 2101 0 2101
1815 2085 1 0 0 2086
1816 0 0 2089 0 2089
1817 2061 0 1 0 2062
1818 0 2032 0 21 2053
1819 0 2078 0 0 2078
1820 2044 0 0 0 2044
1821 0 0 2070 0 2070
1822 1 0 2069 0 2070
1823 2019 0 1 0 2020
1824 0 0 2081 0 2081
1825 33 0 2050 0 2083
1826 0 0 1 1928 1929
1827 0 0 0 2061 2061
1828 2078 1 0 0 2079
1829 0 0 0 2108 2108
1830 0 0 2080 1 2081
1831 2102 1 0 0 2103
1832 2147 1 0 0 2148
1833 2154 1 0 0 2155
1834 2143 0 0 0 2143
1835 0 2183 0 0 2183
1836 0 0 0 2156 2156
1837 0 0 2110 0 2110
1838 2113 0 0 0 2113
1839 9 2169 0 0 2178
1840 0 2159 0 2 2161
1841 2154 1 1 0 2156
1842 0 0 2137 1 2138
1843 0 0 0 2098 2098
1844 0 0 0 2128 2128
1845 1 2140 0 0 2141
1846 2161 1 1 0 2163
1847 0 0 0 2166 2166
1848 2175 1 0 0 2176
1849 2156 1 0 0 2157
1850 2129 0 0 0 2129
1851 0 0 2121 0 2121
1852 0 0 0 2007 2007
1853 1 0 0 2068 2069
1854 0 0 2032 0 2032
1855 0 2069 0 0 2069
1856 0 13 0 2069 2082
1857 0 0 2053 0 2053
1858 0 2052 0 0 2052
1859 0 2072 0 0 2072
1860 0 0 0 2138 2138
1861 0 0 0 2149 2149
1862 0 0 0 2196 2196
1863 0 0 0 2115 2115
1864 0 1 0 2109 2110
1865 1 0 2025 0 2026
1866 0 1 0 2004 2005
1867 0 0 0 2028 2028
1868 0 0 0 2052 2052
1869 0 2020 0 26 2046
1870 0 0 0 2049 2049
1871 0 2022 1 0 2023
1872 1990 1 0 0 1991
1873 0 1962 0 1 1963
1874 0 1949 0 0 1949
1875 1920 1 0 0 1921
1876 0 1948 0 0 1948
1877 0 1953 0 0 1953
1878 1966 0 0 0 1966
1879 1954 0 0 0 1954
1880 1942 0 0 0 1942
1881 1960 0 0 0 1960
1882 0 0 0 1942 1942
1883 1 2 0 1924 1927
1884 1916 1 0 2 1919
1885 1918 1 0 0 1919
1886 0 0 1911 1 1912
1887 0 0 1894 1 1895
1888 1835 0 0 0 1835
1889 0 0 1854 1 1855
1890 0 1849 0 0 1849
1891 1856 0 0 0 1856
1892 1852 0 0 0 1852
1893 0 0 0 1823 1823
1894 0 0 1803 0 1803
1895 0 0 1786 1 1787
1896 0 0 1773 0 1773
1897 0 0 1777 1 1778
1898 1763 0 1 0 1764
1899 0 0 1788 1 1789
1900 0 1768 0 0 1768
1901 0 1804 0 0 1804
1902 0 0 0 1839 1839
1903 0 0 1 1826 1827
1904 1863 0 0 0 1863
1905 0 0 0 1862 1862
1906 0 1854 0 0 1854
1907 1845 0 0 1 1846
1908 1781 0 1 0 1782
1909 0 0 0 1780 1780
1910 0 0 0 1810 1810
1911 0 1793 0 0 1793
1912 0 0 0 1763 1763
1913 0 0 0 1777 1777
1914 1749 0 0 0 1749
1915 1749 0 0 0 1749
1916 1738 0 0 0 1738
1917 1717 0 0 0 1717
1918 0 1716 0 0 1716
1919 0 0 0 1694 1694
1920 0 0 0 1722 1722
1921 9 0 1697 0 1706
1922 0 0 0 1662 1662
1923 1664 0 0 0 1664
1924 0 1 0 1692 1693
1925 0 0 0 1711 1711
1926 1 0 1677 1 1679
1927 1661 0 0 0 1661
1928 1670 0 0 1 1671
1929 1671 0 0 0 1671
1930 0 0 1653 0 1653
1931 0 0 1641 0 1641
1932 1624 0 22 0 1646
1933 0 0 1652 0 1652
1934 0 0 1642 0 1642
1935 1588 0 0 0 1588
1936 0 0 1564 0 1564
1937 0 0 1532 0 1532
1938 1 0 1556 0 1557
1939 0 0 1729 0 1729
1940 1789 0 1 0 1790
1941 1790 0 0 0 1790
1942 1780 0 0 0 1780
1943 1783 0 1 0 1784
1944 0 0 0 1764 1764
1945 0 0 0 1761 1761
1946 0 1 0 1773 1774
1947 0 1766 0 0 1766
1948 1812 0 0 0 1812
1949 0 0 0 1817 1817
1950 0 1842 0 0 1842
1951 0 0 1859 0 1859
1952 1844 0 0 0 1844
1953 1825 0 0 0 1825
1954 0 0 1830 1 1831
1955 0 1 0 1776 1777
1956 1820 0 0 0 1820
1957 1819 0 0 0 1819
1958 0 0 1833 1 1834
1959 0 0 1803 2 1805
1960 1757 0 0 0 1757
1961 1775 0 1 0 1776
1962 1766 0 0 0 1766
1963 0 0 1785 0 1785
1964 0 0 1726 0 1726
1965 0 0 1683 0 1683
1966 0 0 0 1565 1565
1967 0 1630 0 0 1630
1968 0 0 0 1603 1603
1969 0 1616 0 0 1616
1970 0 1570 0 19 1589
1971 0 0 0 1554 1554
1972 0 1570 0 0 1570
1973 19 0 0 1561 1580
1974 1578 0 0 0 1578
1975 0 0 0 1586 1586
1976 0 1 0 1577 1578
1977 0 0 1 1537 1538
1978 0 0 1 1515 1516
1979 0 1522 0 0 1522
1980 0 1488 0 0 1488
1981 0 0 0 1344 1344
1982 1322 0 0 0 1322
1983 0 15 0 1309 1324
1984 1331 0 0 0 1331
1985 1292 0 0 0 1292
1986 0 0 0 1254 1254
1987 1 1259 0 0 1260
1988 0 1309 0 0 1309
1989 1308 0 0 0 1308
1990 14 1302 0 0 1316
1991 1313 0 0 0 1313
1992 1298 0 0 0 1298
1993 1295 0 0 0 1295
1994 0 1304 0 0 1304
1995 1315 0 0 0 1315
1996 101 0 1197 0 1298
1997 1301 0 0 0 1301
1998 1305 0 0 0 1305
1999 0 0 1306 1 1307
2000 0 0 0 1259 1259
2001 0 1271 0 1 1272
2002 0 1280 0 0 1280
2003 0 0 0 1259 1259
2004 1271 0 0 0 1271
2005 1260 0 0 0 1260
2006 0 1265 0 0 1265
2007 0 0 0 1266 1266
2008 1282 0 0 0 1282
2009 0 1 0 1276 1277
2010 1247 0 0 0 1247
2011 0 1 0 1238 1239
2012 0 0 1233 0 1233
2013 0 1216 0 2 1218
2014 1 0 1218 0 1219
2015 1 0 1201 0 1202
2016 0 1207 0 0 1207
2017 1156 0 38 2 1196
2018 0 0 1159 0 1159
2019 1165 0 0 0 1165
2020 1163 0 0 1 1164
2021 0 0 0 1157 1157
2022 0 0 1161 0 1161
2023 1109 0 0 0 1109
2024 0 0 13 1121 1134
2025 0 0 1140 1 1141
2026 0 0 0 1144 1144
2027 0 1140 0 0 1140
2028 1140 0 1 0 1141
2029 0 0 0 1103 1103
2030 0 0 0 1129 1129
2031 1087 0 27 0 1114
2032 1066 0 1 0 1067
2033 1071 0 0 0 1071
2034 1071 0 1 0 1072
2035 0 0 1047 0 1047
2036 0 0 1054 0 1054
2037 0 0 1051 0 1051
2038 1074 0 3 1 1078
2039 1081 0 0 0 1081
2040 1059 0 1 0 1060
2041 1073 0 0 0 1073
2042 0 0 0 1059 1059
2043 0 0 0 1104 1104
2044 0 0 1106 0 1106
2045 1102 0 0 0 1102
2046 1098 0 0 0 1098
2047 0 0 1070 0 1070
2048 1064 0 0 0 1064
2049 0 0 0 1030 1030
2050 1 0 1044 0 1045
2051 1036 0 0 0 1036
2052 1036 0 0 0 1036
2053 0 0 1039 0 1039
2054 1038 0 0 0 1038
2055 1020 0 0 0 1020
2056 1014 1 0 0 1015
2057 0 0 985 0 985
2058 0 0 987 1 988
2059 983 0 0 0 983
2060 985 0 0 0 985
2061 1 0 0 988 989
2062 995 0 0 0 995
2063 1 0 991 0 992
2064 978 0 1 0 979
2065 0 0 0 974 974
2066 0 962 0 0 962
2067 966 0 0 0 966
2068 959 0 0 0 959
2069 0 0 0 990 990
2070 0 0 987 0 987
2071 0 0 972 0 972
2072 0 0 966 0 966
2073 0 0 979 0 979
2074 976 0 0 0 976
2075 976 0 0 0 976
2076 0 0 0 988 988
2077 1 0 988 0 989
2078 0 987 0 2 989
2079 991 0 1 0 992
2080 0 0 1003 0 1003
2081 0 0 0 965 965
2082 995 0 0 0 995
2083 0 0 0 976 976
2084 0 1 0 990 991
2085 985 0 0 0 985
2086 0 0 975 0 975
2087 1 943 0 0 944
2088 956 0 1 0 957
2089 0 0 942 0 942
2090 0 0 939 1 940
2091 0 963 0 0 963
2092 0 0 0 929 929
2093 0 0 0 923 923
2094 0 0 0 941 941
2095 0 936 0 0 936
2096 0 0 0 937 937
2097 0 936 0 7 943
2098 0 0 911 0 911
2099 0 0 0 906 906
2100 0 0 0 922 922
2101 914 0 0 0 914
2102 0 0 905 0 905
2103 0 0 0 902 902
2104 0 0 885 0 885
2105 0 0 879 0 879
2106 0 884 0 0 884
2107 896 0 0 0 896
2108 884 0 0 0 884
2109 0 0 898 0 898
2110 0 0 0 789 789
2111 860 0 0 0 860
2112 0 0 0 824 824
2113 0 0 829 0 829
2114 823 0 0 0 823
2115 41 780 0 0 821
2116 0 794 0 0 794
2117 1 812 0 0 813
2118 830 0 0 0 830
2119 0 0 820 0 820
2120 811 0 0 0 811
2121 0 0 0 792 792
2122 0 812 0 0 812
2123 0 0 0 813 813
2124 0 0 0 799 799
2125 10 0 789 0 799
2126 0 0 795 0 795
2127 790 0 0 0 790
2128 0 0 787 0 787
2129 783 0 0 0 783
2130 0 0 0 765 765
2131 0 0 0 765 765
2132 0 0 0 766 766
2133 0 776 0 0 776
2134 745 0 1 0 746
2135 747 0 0 0 747
2136 729 0 0 0 729
2137 705 0 0 0 705
2138 0 682 0 0 682
2139 0 0 0 686 686
2140 686 0 0 0 686
2141 0 0 0 689 689
2142 0 0 0 687 687
2143 0 0 683 0 683
2144 682 0 0 0 682
2145 690 0 0 0 690
2146 0 0 689 0 689
2147 688 0 0 0 688
2148 679 0 0 1 680
2149 0 691 0 0 691
2150 0 0 0 687 687
2151 0 1 0 686 687
2152 0 0 681 0 681
2153 697 0 0 0 697
2154 702 0 0 0 702
2155 701 0 0 0 701
2156 680 0 0 0 680
2157 0 0 662 0 662
2158 12 637 0 0 649
2159 0 0 0 1184 1184
2160 0 0 1154 0 1154
2161 1150 0 0 0 1150
2162 1153 0 0 0 1153
2163 1134 1 0 0 1135
2164 0 1141 0 0 1141
2165 0 1132 0 0 1132
2166 1136 0 21 0 1157
2167 0 0 1128 0 1128
2168 0 0 1033 0 1033
2169 0 0 1041 0 1041
2170 0 0 1022 26 1048
2171 1051 0 0 0 1051
2172 1060 0 4 0 1064
2173 1058 0 0 0 1058
2174 975 0 80 0 1055
2175 0 0 1046 0 1046
2176 0 0 1029 0 1029
2177 0 1036 0 0 1036
2178 1055 0 0 0 1055
2179 1055 0 0 0 1055
2180 1021 0 0 0 1021
2181 26 1003 1 0 1030
2182 1172 0 0 0 1172
2183 0 0 0 1153 1153
2184 0 1153 0 0 1153
2185 0 0 0 1129 1129
2186 0 0 0 1142 1142
2187 0 0 1139 0 1139
2188 0 1135 0 0 1135
2189 0 27 0 1113 1140
2190 0 0 1 1130 1131
2191 0 0 0 1132 1132
2192 1126 0 0 0 1126
2193 0 0 0 1098 1098
2194 0 1080 0 17 1097
2195 1046 0 29 0 1075
2196 1034 0 29 0 1063
2197 9 0 1040 0 1049
2198 0 0 1037 0 1037
2199 562 0 0 0 562
2200 524 0 0 0 524
2201 525 0 0 0 525
2202 512 0 0 1 513
2203 0 520 0 0 520
2204 0 527 0 0 527
2205 503 0 30 0 533
2206 0 0 536 0 536
2207 0 0 0 525 525
2208 0 0 0 518 518
2209 514 0 1 1 516
2210 536 0 0 0 536
2211 535 0 0 0 535
2212 8 0 524 0 532
2213 33 0 0 494 527
2214 1040 0 0 0 1040
2215 44 0 986 0 1030
2216 0 0 0 1015 1015
2217 0 0 1032 0 1032
2218 1025 0 0 0 1025
2219 1029 0 6 0 1035
2220 1049 0 0 0 1049
2221 1044 0 0 0 1044
2222 0 0 1032 0 1032
2223 29 0 990 0 1019
2224 1023 0 0 0 1023
2225 1027 0 0 0 1027
2226 981 0 59 0 1040
2227 971 0 53 0 1024
2228 0 0 1022 0 1022
2229 0 0 1023 0 1023
2230 0 25 0 938 963
2231 1013 0 0 0 1013
2232 0 0 0 1014 1014
2233 1029 0 0 0 1029
2234 0 0 1020 0 1020
2235 0 0 0 999 999
2236 0 0 1001 0 1001
2237 0 1002 0 0 1002
2238 0 25 0 974 999
2239 0 0 0 1003 1003
2240 0 0 0 1008 1008
2241 0 0 1012 0 1012
2242 0 0 0 996 996
2243 0 981 0 0 981
2244 0 984 0 22 1006
2245 444 0 561 0 1005
2246 999 0 0 0 999
2247 0 0 0 1010 1010
2248 0 0 981 0 981
2249 972 0 0 0 972
2250 0 973 0 0 973
2251 976 0 0 0 976
2252 0 0 0 977 977
2253 0 0 0 947 947
2254 0 0 0 956 956
2255 0 948 0 0 948
2256 874 0 59 1 934
2257 0 950 0 0 950
2258 909 0 0 0 909
2259 883 0 26 0 909
2260 21 0 885 0 906
2261 0 0 900 0 900
2262 907 0 0 0 907
2263 900 0 0 0 900
2264 0 0 0 907 907
2265 0 26 0 875 901
2266 885 0 30 0 915
2267 846 0 58 0 904
2268 0 0 905 0 905
2269 851 0 0 0 851
2270 18 0 816 0 834
2271 814 0 0 0 814
2272 0 791 0 0 791
2273 795 0 0 0 795
2274 793 0 0 0 793
2275 802 0 0 0 802
2276 0 0 751 0 751
2277 739 0 0 0 739
2278 714 0 0 0 714
2279 0 0 0 720 720
2280 0 0 689 0 689
2281 690 0 0 0 690
2282 0 685 0 0 685
2283 657 0 30 0 687
2284 0 0 691 0 691
2285 0 0 0 681 681
2286 0 0 0 686 686
2287 0 0 688 0 688
2288 687 0 0 0 687
2289 0 0 682 0 682
2290 0 0 0 627 627
2291 25 588 0 0 613
2292 0 170 0 458 628
2293 627 0 0 0 627
2294 0 0 0 627 627
2295 0 0 634 0 634
2296 0 0 625 0 625
2297 0 0 616 0 616
2298 0 0 629 0 629
2299 0 0 0 608 608
2300 0 0 616 0 616
2301 0 0 608 0 608
2302 1 0 611 0 612
2303 0 574 0 0 574
2304 0 586 0 0 586
2305 0 0 0 606 606
2306 0 0 0 605 605
2307 0 0 608 0 608
2308 586 0 0 0 586
2309 0 0 593 0 593
2310 0 581 0 0 581
2311 0 0 0 572 572
2312 584 0 0 0 584
2313 585 0 0 0 585
2314 0 0 0 11 11
