0 0 0 0 0 0
1 1196 0 0 0 1196
2 0 0 0 1229 1229
3 0 0 1239 0 1239
4 1265 0 0 0 1265
5 0 1280 0 0 1280
6 1301 0 0 0 1301
7 0 0 0 1292 1292
8 0 1 0 1301 1302
9 845 0 459 0 1304
10 0 0 1285 0 1285
11 0 1483 0 0 1483
12 1 1552 0 6 1559
13 1576 0 0 0 1576
14 1567 0 0 0 1567
15 1576 0 0 0 1576
16 1575 1 2 0 1578
17 0 0 0 1591 1591
18 0 0 0 1609 1609
19 0 0 1588 0 1588
20 1585 0 0 1 1586
21 1579 2 0 1 1582
22 0 9 0 1593 1602
23 0 0 0 1597 1597
24 3 0 1597 0 1600
25 0 23 0 1586 1609
26 1 1 0 1610 1612
27 1616 0 1 0 1617
28 1616 0 0 0 1616
29 1603 0 11 0 1614
30 1368 0 227 0 1595
31 0 1625 0 0 1625
32 1626 0 0 0 1626
33 1594 0 4 0 1598
34 0 1617 0 0 1617
35 0 0 0 1624 1624
36 2 0 1613 0 1615
37 0 1623 0 0 1623
38 0 1 0 1636 1637
39 1618 0 0 0 1618
40 1609 0 0 0 1609
41 1 0 1651 2 1654
42 8 0 1775 1 1784
43 0 0 1796 0 1796
44 1820 1 2 0 1823
45 0 1846 0 0 1846
46 1865 0 1 0 1866
47 1852 0 1 0 1853
48 0 4 0 1868 1872
49 3 0 1866 0 1869
50 1852 0 27 0 1879
51 0 0 1893 4 1897
52 4 0 2137 0 2141
53 1 2196 1 0 2198
54 1 2293 0 1 2295
55 2325 1 1 2 2329
56 2361 0 0 0 2361
57 2356 0 0 0 2356
58 2223 148 3 0 2374
59 2 2422 0 1 2425
60 2428 0 0 8 2436
61 0 0 2495 0 2495
62 0 0 3 2468 2471
63 0 3 1 2519 2523
64 0 58 1 2491 2550
65 0 1 1 2548 2550
66 2 0 2534 0 2536
67 2542 0 0 0 2542
68 2556 0 1 1 2558
69 4 0 2542 1 2547
70 1 2566 0 1 2568
71 2520 1 88 0 2609
72 2592 1 2 0 2595
73 2562 1 1 0 2564
74 3 2624 0 0 2627
75 2676 0 0 0 2676
76 2661 0 0 0 2661
77 2 2653 0 0 2655
78 2661 2 3 2 2668
79 1 0 2657 0 2658
80 0 0 0 2637 2637
81 2681 2 0 0 2683
82 0 0 2708 1 2709
83 2507 184 28 0 2719
84 0 2738 0 6 2744
85 8 2723 0 51 2782
86 2781 0 1 0 2782
87 2762 0 1 0 2763
88 0 0 0 2791 2791
89 2804 0 0 0 2804
90 0 47 15 2748 2810
91 2767 0 32 3 2802
92 2834 0 1 0 2835
93 5 2709 0 120 2834
94 2829 1 0 1 2831
95 0 0 1 2839 2840
96 2830 0 0 0 2830
97 2835 0 0 0 2835
98 0 0 0 2845 2845
99 2879 0 4 0 2883
100 2974 1 7 0 2982
101 1 0 3143 1 3145
102 3243 0 0 0 3243
103 3232 0 2 0 3234
104 3238 0 0 0 3238
105 3239 0 1 0 3240
106 0 115 0 3148 3263
107 0 0 0 3246 3246
108 3 3271 0 1 3275
109 3296 0 0 0 3296
110 3296 0 3 0 3299
111 0 1 0 3280 3281
112 3284 0 2 0 3286
113 2 3307 0 0 3309
114 3327 1 0 0 3328
115 0 0 0 3289 3289
116 0 3368 0 5 3373
117 3396 0 0 0 3396
118 3367 0 0 0 3367
119 15 0 3337 3 3355
120 14 0 3315 2 3331
121 3296 1 3 0 3300
122 0 11 1 3339 3351
123 0 0 1 3374 3375
124 10 0 3362 1 3373
125 3359 0 4 0 3363
126 3404 0 0 0 3404
127 3416 2 10 0 3428
128 3415 0 11 0 3426
129 30 0 3392 1 3423
130 3422 0 9 0 3431
131 3415 0 0 0 3415
132 0 3 0 3400 3403
133 1 3388 0 0 3389
134 0 3396 3 0 3399
135 0 3 1 3411 3415
136 0 7 0 3405 3412
137 0 3425 1 0 3426
138 3442 0 2 0 3444
139 0 3436 2 0 3438
140 0 0 0 3449 3449
141 3482 0 0 0 3482
142 3474 0 0 0 3474
143 0 0 3469 0 3469
144 1 0 3434 0 3435
145 3452 0 1 0 3453
146 0 0 0 3454 3454
147 0 1 3454 0 3455
148 3465 0 0 0 3465
149 3478 1 0 1 3480
150 7 1 2441 2 2451
151 0 4 0 2368 2372
152 0 0 2387 1 2388
153 0 0 2340 0 2340
154 1 0 2361 1 2363
155 0 2512 1 6 2519
156 0 2546 0 1 2547
157 2639 0 2 4 2645
158 1 0 0 2666 2667
159 0 1 2678 0 2679
160 0 0 0 2651 2651
161 0 4 2692 0 2696
162 0 1 0 2756 2757
163 0 1 0 2928 2929
164 1 3020 0 0 3021
165 1 15 0 3092 3108
166 3086 1 4 0 3091
167 3120 0 1 0 3121
168 6 3398 2 2 3408
169 0 1 0 3681 3682
170 0 0 0 3706 3706
171 0 13 0 3721 3734
172 0 3700 0 15 3715
173 1 3745 0 1 3747
174 0 4190 0 0 4190
175 0 0 0 4232 4232
176 0 0 0 4225 4225
177 2 0 4190 0 4192
178 0 0 4188 0 4188
179 0 4295 0 0 4295
180 0 5 0 4266 4271
181 1 4328 0 5 4334
182 0 2 0 4334 4336
183 4381 0 0 0 4381
184 4350 0 0 0 4350
185 1 4338 0 0 4339
186 0 4332 0 41 4373
187 4371 1 2 0 4374
188 4330 0 0 0 4330
189 218 0 4155 1 4374
190 0 0 4327 0 4327
191 0 2 4304 0 4306
192 3 4373 0 21 4397
193 2 0 4421 0 4423
194 4410 0 1 0 4411
195 0 2 0 4414 4416
196 4451 2 1 3 4457
197 0 2 0 4489 4491
198 0 0 4512 0 4512
199 1 0 4464 0 4465
200 0 4508 0 1 4509
201 4558 0 3 1 4562
202 4575 0 0 0 4575
203 4556 0 0 0 4556
204 1 4569 0 4 4574
205 4589 0 0 0 4589
206 3 0 4572 1 4576
207 4572 0 2 0 4574
208 4571 0 0 0 4571
209 0 2 0 4534 4536
210 0 4525 0 3 4528
211 0 4472 0 0 4472
212 0 4506 0 1 4507
213 4 4512 2 76 4594
214 0 0 0 4556 4556
215 0 0 0 4594 4594
216 1 0 4595 0 4596
217 0 0 4572 1 4573
218 4515 0 0 2 4517
219 4581 0 3 0 4584
220 0 1 0 4643 4644
221 4643 1 1 1 4646
222 1 4635 1 1 4638
223 4637 0 0 0 4637
224 4595 0 0 0 4595
225 4572 3 2 3 4580
226 0 0 4550 1 4551
227 1 0 4548 1 4550
228 3 0 4535 0 4538
229 4572 1 7 0 4580
230 0 0 0 4589 4589
231 4620 0 2 1 4623
232 1 4655 0 2 4658
233 4629 0 1 0 4630
234 4683 0 0 0 4683
235 0 4702 0 0 4702
236 0 0 0 4660 4660
237 1 8 0 4712 4721
238 4729 0 0 1 4730
239 4720 0 0 0 4720
240 4683 0 2 0 4685
241 4650 0 0 0 4650
242 0 4659 1 0 4660
243 4710 0 0 0 4710
244 4710 0 0 0 4710
245 4656 1 0 1 4658
246 3 3 0 4557 4563
247 2 0 4568 0 4570
248 4 4597 0 0 4601
249 1 2 0 4666 4669
250 2 0 4627 1 4630
251 4640 0 1 0 4641
252 4639 0 5 2 4646
253 0 0 4623 0 4623
254 4610 0 1 0 4611
255 0 4667 1 1 4669
256 4678 3 1 0 4682
257 0 0 0 4698 4698
258 4728 1 2 0 4731
259 0 0 4691 2 4693
260 0 0 4670 0 4670
261 4689 0 2 0 4691
262 4649 0 0 0 4649
263 0 4663 0 0 4663
264 12 4706 0 0 4718
265 4770 1 1 0 4772
266 4769 0 0 0 4769
267 4739 4 9 1 4753
268 0 0 4677 0 4677
269 2 0 4692 0 4694
270 0 4704 0 5 4709
271 0 4740 0 3 4743
272 4799 0 0 0 4799
273 4807 0 1 1 4809
274 4804 0 0 0 4804
275 0 0 0 4771 4771
276 0 0 4759 1 4760
277 0 1 0 4566 4567
278 4 0 4661 0 4665
279 0 4644 0 2 4646
280 1 0 0 4622 4623
281 0 4659 0 2 4661
282 4713 0 3 1 4717
283 4673 0 1 1 4675
284 1 0 0 4679 4680
285 4696 0 0 1 4697
286 0 0 4627 0 4627
287 1 4575 0 1 4577
288 4588 0 19 0 4607
289 0 0 4569 0 4569
290 0 4419 0 0 4419
291 4469 1 1 1 4472
292 4 0 4453 1 4458
293 0 0 0 4357 4357
294 0 7 1416 2973 4396
295 4376 1 1 0 4378
296 0 4427 0 0 4427
297 0 2 0 4398 4400
298 0 1 0 4428 4429
299 3 1 4422 1 4427
300 1 0 4431 0 4432
301 1 0 0 4272 4273
302 4 0 4502 0 4506
303 1 0 4489 1 4491
304 4498 0 2 0 4500
305 4501 0 1 1 4503
306 0 4 0 4509 4513
307 4492 0 2 0 4494
308 1 4511 0 1 4513
309 4517 0 3 0 4520
310 0 1 1 4497 4499
311 4523 0 0 1 4524
312 1 2 0 4453 4456
313 1 0 4446 0 4447
314 0 0 4453 1 4454
315 4388 0 6 0 4394
316 0 4408 0 0 4408
317 0 4433 2 0 4435
318 4473 0 8 1 4482
319 4479 1 0 2 4482
320 2 10 0 4478 4490
321 4478 0 1 1 4480
322 0 0 4452 0 4452
323 0 0 4420 0 4420
324 4376 0 13 0 4389
325 18 0 4407 1 4426
326 4409 0 1 0 4410
327 2 4385 0 0 4387
328 4422 0 0 0 4422
329 2 4459 0 2 4463
330 31 0 4438 9 4478
331 4 0 4459 0 4463
332 4417 0 5 0 4422
333 4458 0 1 0 4459
334 0 0 4477 1 4478
335 3 0 4607 2 4612
336 0 5 19 4350 4374
337 0 0 0 4618 4618
338 0 1 1 4665 4667
339 0 0 0 4677 4677
340 1 0 4643 0 4644
341 4599 0 11 0 4610
342 4603 1 1 0 4605
343 4611 0 0 1 4612
344 7 1 4587 0 4595
345 1964 0 2567 0 4531
346 0 0 4546 0 4546
347 0 0 1 4454 4455
348 4 4511 0 5 4520
349 0 0 0 4542 4542
350 4500 0 0 0 4500
351 0 4525 0 1 4526
352 1 0 4517 1 4519
353 4500 0 0 0 4500
354 4519 0 2 0 4521
355 4488 0 1 6 4495
356 1 1 4492 0 4494
357 1 4426 0 2 4429
358 2 5 1 4461 4469
359 0 0 0 4517 4517
360 1 13 0 4498 4512
361 0 1 0 4505 4506
362 0 0 0 4486 4486
363 0 2 0 4423 4425
364 0 4305 0 28 4333
365 0 0 1 4272 4273
366 4 4256 9 3 4272
367 4295 0 0 0 4295
368 0 0 4286 1 4287
369 4268 0 1 0 4269
370 4280 0 0 1 4281
371 4266 0 0 0 4266
372 4216 0 1 0 4217
373 4181 0 0 0 4181
374 7 1 0 4122 4130
375 1 0 4036 0 4037
376 4001 1 2 2 4006
377 0 0 4002 0 4002
378 3962 0 2 0 3964
379 2 3960 0 0 3962
380 0 0 1 3967 3968
381 0 5 1 3966 3972
382 5 0 3913 0 3918
383 3880 0 4 0 3884
384 1 3835 0 4 3840
385 3717 1 0 0 3718
386 3568 0 0 0 3568
387 3 3595 0 7 3605
388 2 0 3563 2 3567
389 1 3469 33 0 3503
390 0 3490 0 1 3491
391 3469 0 0 0 3469
392 0 3491 1 0 3492
393 1 0 0 3430 3431
394 0 1 0 3424 3425
395 0 0 3456 0 3456
396 0 0 3379 0 3379
397 0 0 3368 1 3369
398 1 0 3371 0 3372
399 3 3346 0 5 3354
400 1 3367 0 1 3369
401 2 0 3382 1 3385
402 201 0 3164 0 3365
403 3231 0 0 0 3231
404 0 0 0 3294 3294
405 3284 0 4 0 3288
406 3239 0 6 0 3245
407 2 3291 0 0 3293
408 0 9 0 3301 3310
409 0 0 0 3292 3292
410 0 1 0 3307 3308
411 0 3 0 3301 3304
412 6 0 3236 1 3243
413 0 1 3111 2 3114
414 1 3139 1 12 3153
415 0 3120 1 2 3123
416 0 3164 0 1 3165
417 3139 2 3 0 3144
418 1 0 3194 0 3195
419 0 1 0 3141 3142
420 0 1 0 3202 3203
421 0 0 3232 1 3233
422 3217 0 2 0 3219
423 3246 0 2 0 3248
424 3230 3 0 2 3235
425 5 0 3229 0 3234
426 3200 0 10 0 3210
427 0 0 3197 2 3199
428 0 1 0 3008 3009
429 1 0 3174 0 3175
430 3166 0 0 0 3166
431 1 0 3266 1 3268
432 3274 0 2 0 3276
433 3296 0 0 0 3296
434 3317 0 3 0 3320
435 3321 0 0 0 3321
436 3284 0 1 0 3285
437 3 0 3253 0 3256
438 3132 0 1 2 3135
439 0 0 3159 0 3159
440 0 2 0 2983 2985
441 3065 0 1 0 3066
442 1 3075 0 1 3077
443 0 0 1 3073 3074
444 3081 0 0 0 3081
445 0 3121 0 0 3121
446 0 0 0 3109 3109
447 3104 0 6 0 3110
448 3081 0 0 0 3081
449 2962 1 1 0 2964
450 4 2974 0 40 3018
451 0 2892 0 2 2894
452 0 2923 0 1 2924
453 0 4 0 2875 2879
454 0 2895 0 0 2895
455 0 0 0 2861 2861
456 12 2895 0 4 2911
457 2836 0 2 0 2838
458 0 2902 0 0 2902
459 0 2915 0 1 2916
460 2920 0 0 0 2920
461 2895 0 4 0 2899
462 2 0 2901 0 2903
463 0 0 2883 0 2883
464 2890 0 1 0 2891
465 2914 0 2 1 2917
466 2901 0 1 0 2902
467 0 3 0 2853 2856
468 0 0 2844 0 2844
469 0 2784 0 0 2784
470 0 2836 0 1 2837
471 0 1 2 2796 2799
472 0 2809 0 4 2813
473 8 2852 1 0 2861
474 18 0 2821 0 2839
475 2 0 2818 0 2820
476 2776 0 0 0 2776
477 19 72 1 2681 2773
478 1 1 2755 0 2757
479 2766 1 0 1 2768
480 11 0 2763 0 2774
481 0 0 2691 0 2691
482 0 2719 0 1 2720
483 10 0 2710 0 2720
484 2675 0 3 0 2678
485 0 0 2729 2 2731
486 0 2691 0 1 2692
487 2684 0 1 2 2687
488 2687 0 1 0 2688
489 0 0 0 2710 2710
490 0 1 2752 1 2754
491 0 0 1 2755 2756
492 0 0 2870 0 2870
493 2892 0 3 0 2895
494 0 0 0 2913 2913
495 2914 0 1 0 2915
496 2905 0 0 1 2906
497 0 0 0 3105 3105
498 2 0 3113 1 3116
499 1 0 3250 1 3252
500 3255 0 5 0 3260
501 3297 0 2 1 3300
502 3312 0 0 0 3312
503 2 0 0 3277 3279
504 3305 0 2 0 3307
505 1 2 0 3290 3293
506 0 1 0 3315 3316
507 10 0 3279 0 3289
508 0 1 0 3215 3216
509 0 1 0 3214 3215
510 2 3209 0 12 3223
511 2 3182 0 1 3185
512 0 3254 0 1 3255
513 0 0 1 3293 3294
514 3302 1 1 0 3304
515 3274 0 0 0 3274
516 3246 0 6 1 3253
517 0 0 3284 0 3284
518 3241 0 0 0 3241
519 3251 7 4 1 3263
520 1 0 3257 0 3258
521 1 3269 0 0 3270
522 3229 0 1 82 3312
523 0 0 3378 0 3378
524 0 0 3361 0 3361
525 3376 0 7 0 3383
526 3364 0 0 0 3364
527 0 1 0 3339 3340
528 3352 1 0 0 3353
529 0 3349 0 1 3350
530 0 3389 0 1 3390
531 3457 0 0 0 3457
532 3744 0 1 0 3745
533 0 0 3730 0 3730
534 3740 1 15 0 3756
535 0 0 3719 0 3719
536 3767 0 1 0 3768
537 3753 0 2 0 3755
538 0 1 3 3675 3679
539 0 3713 0 1 3714
540 0 3707 0 5 3712
541 3682 0 0 0 3682
542 1 3789 0 0 3790
543 0 0 5 3774 3779
544 0 0 0 3813 3813
545 0 0 3799 0 3799
546 0 0 3782 0 3782
547 3749 0 0 0 3749
548 0 1 1 3763 3765
549 3802 0 0 0 3802
550 1 3789 1 0 3791
551 3761 0 0 2 3763
552 0 12 0 3765 3777
553 3750 6 1 4 3761
554 1 2 3739 1 3743
555 4 1 3745 0 3750
556 1 0 3757 0 3758
557 3725 0 1 0 3726
558 3787 0 1 0 3788
559 0 3799 0 1 3800
560 0 0 0 3829 3829
561 7 0 3790 0 3797
562 3754 1 0 0 3755
563 0 0 0 3811 3811
564 3819 0 0 0 3819
565 3821 0 0 1 3822
566 3771 0 31 0 3802
567 3794 0 1 0 3795
568 5 0 3838 1 3844
569 4004 0 0 0 4004
570 4081 0 0 0 4081
571 4132 0 0 0 4132
572 4125 0 0 0 4125
573 4123 0 9 0 4132
574 4085 0 2 0 4087
575 30 0 4062 1 4093
576 4062 1 0 0 4063
577 3 0 4216 0 4219
578 4254 0 3 0 4257
579 4263 0 4 0 4267
580 4258 0 0 0 4258
581 4227 0 21 0 4248
582 4239 0 1 0 4240
583 2 6 1 4178 4187
584 2 2 0 4197 4201
585 2 0 4143 0 4145
586 4076 1 1 0 4078
587 4137 0 9 0 4146
588 4117 0 0 0 4117
589 5 0 4095 0 4100
590 1 0 4054 0 4055
591 4089 0 0 1 4090
592 4105 0 1 0 4106
593 1 4109 0 3 4113
594 4061 0 0 0 4061
595 4049 0 3 0 4052
596 1 0 0 4058 4059
597 1 0 4065 0 4066
598 4087 0 0 0 4087
599 0 0 0 4078 4078
600 4107 0 0 0 4107
601 4067 0 0 0 4067
602 0 4152 0 1 4153
603 0 0 8 4053 4061
604 0 4177 0 0 4177
605 0 4181 1 1 4183
606 4215 0 7 0 4222
607 4163 0 2 0 4165
608 0 0 0 4108 4108
609 1 4167 0 2 4170
610 123 0 4046 1 4170
611 0 8 1 4074 4083
612 4150 0 3 9 4162
613 2 4326 0 0 4328
614 2 0 0 4276 4278
615 0 0 4257 0 4257
616 2 0 4231 0 4233
617 1 4300 1 1 4303
618 4352 0 2 1 4355
619 0 1 3 4338 4342
620 4338 0 0 1 4339
621 1 4364 0 1 4366
622 4371 0 0 0 4371
623 0 0 1 4347 4348
624 1 0 4361 2 4364
625 6 4388 0 0 4394
626 0 0 0 4459 4459
627 0 2 0 4491 4493
628 1 0 4487 0 4488
629 4473 0 3 1 4477
630 4506 0 5 0 4511
631 4543 1 0 0 4544
632 5 0 4536 0 4541
633 4576 1 1 0 4578
634 0 0 4580 0 4580
635 4581 0 1 0 4582
636 4603 1 3 1 4608
637 0 4704 0 4 4708
638 0 0 2 4685 4687
639 1 0 4715 2 4718
640 0 0 4694 0 4694
641 0 0 0 4646 4646
642 1 2 0 4732 4735
643 1 0 4766 0 4767
644 2 4937 0 1 4940
645 0 5 0 4968 4973
646 5 5019 0 0 5024
647 1 0 5053 0 5054
648 4968 0 2 1 4971
649 5013 0 0 0 5013
650 4 0 5177 0 5181
651 5171 0 0 1 5172
652 5171 1 0 0 5172
653 2 0 5183 0 5185
654 5176 0 4 0 5180
655 0 2 1 5178 5181
656 1 0 1 5206 5208
657 0 5247 0 2 5249
658 0 7 0 5238 5245
659 0 1 0 5268 5269
660 1 0 5240 0 5241
661 1 5164 0 8 5173
662 2 5213 0 0 5215
663 5185 29 1 0 5215
664 3 3 5209 0 5215
665 0 0 1 5139 5140
666 2 0 5170 1 5173
667 1 0 5142 0 5143
668 2 5203 0 0 5205
669 5123 0 94 1 5218
670 5 0 5204 1 5210
671 0 0 4993 0 4993
672 4540 0 1 1 4542
673 0 0 4539 0 4539
674 4 4566 1 1 4572
675 4664 2 1 3 4670
676 5052 0 3 0 5055
677 1 4533 1 3 4538
678 4740 1 2 0 4743
679 0 2 1 4320 4323
680 0 4573 0 2 4575
681 4649 3 1 0 4653
682 0 0 4540 0 4540
683 0 4680 0 2 4682
684 0 2 0 4717 4719
685 3 0 4736 0 4739
686 4433 1 6 1 4441
687 1 0 4765 0 4766
688 0 0 3 4254 4257
689 0 0 0 4730 4730
690 1 4560 0 3 4564
691 4605 0 0 2 4607
692 0 1 0 4770 4771
693 4812 0 2 0 4814
694 1 0 4504 1 4506
695 4577 0 3 0 4580
696 4943 0 3 0 4946
697 5058 0 7 1 5066
698 0 0 0 4434 4434
699 1 0 4505 0 4506
700 1 4556 0 1 4558
701 0 1 0 4654 4655
702 4711 0 0 0 4711
703 5 4695 0 3 4703
704 4604 1 0 1 4606
705 0 4618 1 0 4619
706 0 1 0 4498 4499
707 1 0 4637 0 4638
708 0 4719 0 2 4721
709 0 3 0 4663 4666
710 0 0 1 4985 4986
711 4784 0 2 0 4786
712 2 4779 0 1 4782
713 4806 3 0 0 4809
714 4994 0 9 1 5004
715 1 0 4583 1 4585
716 2 0 4852 0 4854
717 0 1 3 3449 3453
718 2 0 4525 0 4527
719 4554 1 1 0 4556
720 5041 0 3 1 5045
721 5184 0 1 0 5185
722 5263 0 1 1 5265
723 3 1 0 4468 4472
724 2 3 0 4911 4916
725 0 0 4589 0 4589
726 1 0 4906 0 4907
727 4461 0 2 0 4463
728 6 0 4620 0 4626
729 4575 0 2 0 4577
730 1 4626 0 2 4629
731 4811 0 1 0 4812
732 5012 0 11 0 5023
733 5076 0 0 0 5076
734 1 5 1 4353 4360
735 4736 0 1 0 4737
736 0 3 1 4467 4471
737 4600 0 1 0 4601
738 0 1 0 4187 4188
739 1 4177 0 0 4178
740 4185 0 24 2 4211
741 1 4253 0 0 4254
742 0 4568 0 0 4568
743 2 4704 0 1 4707
744 4242 0 0 0 4242
745 0 2 4278 0 4280
746 0 0 4437 1 4438
747 4013 0 0 0 4013
748 0 0 4310 0 4310
749 0 0 4505 1 4506
750 4 1 4509 0 4514
751 4061 0 2 0 4063
752 4438 0 2 1 4441
753 1 0 0 4253 4254
754 4351 0 0 1 4352
755 4537 0 0 0 4537
756 4565 0 1 0 4566
757 3 1 0 4027 4031
758 0 0 0 4303 4303
759 4277 1 7 0 4285
760 4408 1 1 1 4411
761 3 4093 0 5 4101
762 2 1 1 4075 4079
763 1 0 4044 1 4046
764 4191 1 0 2 4194
765 0 3 4142 1 4146
766 0 0 1 4010 4011
767 8 4220 0 0 4228
768 1 4407 0 1 4409
769 4274 1 5 0 4280
770 0 0 4266 0 4266
771 0 1 4371 0 4372
772 0 1 0 3766 3767
773 1 4170 0 2 4173
774 0 8 0 4278 4286
775 1 4404 0 0 4405
776 4473 0 0 1 4474
777 4558 0 8 0 4566
778 0 0 0 4371 4371
779 0 4303 2 1 4306
780 4257 0 143 0 4400
781 4526 0 1 0 4527
782 0 0 0 4294 4294
783 1 0 4363 0 4364
784 4387 1 0 0 4388
785 0 0 0 4385 4385
786 4427 1 0 1 4429
787 1 0 4366 0 4367
788 0 0 0 4180 4180
789 4367 0 5 1 4373
790 0 0 4296 1 4297
791 1 4330 0 0 4331
792 0 5 0 4382 4387
793 0 0 1 4564 4565
794 2 0 4433 1 4436
795 0 27 0 4264 4291
796 4332 2 6 0 4340
797 5 0 4318 0 4323
798 12 0 4420 1 4433
799 4306 0 0 0 4306
800 4608 0 0 0 4608
801 4651 0 3 0 4654
802 4673 0 0 0 4673
803 1 1 0 4457 4459
804 4567 0 2 0 4569
805 4614 0 0 2 4616
806 1 0 0 4411 4412
807 5 4391 0 4 4400
808 4626 0 3 1 4630
809 0 0 4535 3 4538
810 4629 0 0 0 4629
811 4716 0 2 1 4719
812 1 0 4623 2 4626
813 4742 0 2 0 4744
814 0 0 0 4628 4628
815 0 4786 0 1 4787
816 4884 0 5 1 4890
817 4915 0 0 0 4915
818 1 3 0 4734 4738
819 4875 1 0 12 4888
820 2 0 4893 0 4895
821 0 4 0 4816 4820
822 1 4984 6 3 4994
823 1 0 5000 0 5001
824 0 4620 0 0 4620
825 0 3 51 4566 4620
826 0 0 0 4740 4740
827 1 4660 0 1 4662
828 4727 0 7 0 4734
829 4787 0 3 0 4790
830 4719 0 1 0 4720
831 2 4650 0 4 4656
832 3 4668 0 0 4671
833 0 4725 0 1 4726
834 4547 1 1 3 4552
835 0 4715 0 0 4715
836 0 3 0 4611 4614
837 2 2 4594 0 4598
838 1 0 4615 0 4616
839 4542 0 1 2 4545
840 6 0 4604 0 4610
841 1 4623 0 2 4626
842 0 0 0 4689 4689
843 4671 0 1 0 4672
844 1 0 4665 0 4666
845 1 4631 0 2 4634
846 0 3 0 4653 4656
847 1 0 4682 0 4683
848 1 3 0 4602 4606
849 4732 1 4 0 4737
850 0 0 4764 0 4764
851 4790 0 0 0 4790
852 4864 1 4 0 4869
853 4906 0 0 1 4907
854 1 0 0 4775 4776
855 0 1 0 4892 4893
856 3 0 4787 0 4790
857 0 4786 0 4 4790
858 4919 1 1 1 4922
859 4897 0 1 0 4898
860 4908 0 0 0 4908
861 0 4875 0 2 4877
862 4936 0 2 0 4938
863 4957 0 1 0 4958
864 1 0 4846 0 4847
865 4784 0 0 0 4784
866 2 4856 1 0 4859
867 0 0 0 4839 4839
868 0 3 4876 0 4879
869 1 0 0 4753 4754
870 0 0 4868 0 4868
871 4855 0 0 1 4856
872 0 1 0 4875 4876
873 4912 0 0 0 4912
874 0 0 4870 0 4870
875 4845 1 0 0 4846
876 0 1 1 4832 4834
877 4665 0 164 0 4829
878 1 4844 0 1 4846
879 19 0 0 4908 4927
880 2 0 4898 0 4900
881 4930 0 0 1 4931
882 4868 1 1 0 4870
883 1 4868 0 0 4869
884 0 4987 0 1 4988
885 0 1 0 4994 4995
886 0 18 0 5026 5044
887 1 0 0 5098 5099
888 5084 0 9 0 5093
889 5079 0 1 0 5080
890 5060 0 2 0 5062
891 10 0 4980 0 4990
892 0 0 0 4847 4847
893 1 4927 0 0 4928
894 4994 1 2 1 4998
895 0 1 0 4960 4961
896 0 0 4948 0 4948
897 2 1 0 4906 4909
898 0 4964 0 1 4965
899 0 0 0 4937 4937
900 1 0 4921 0 4922
901 2 0 4878 0 4880
902 0 4816 0 1 4817
903 4872 0 6 1 4879
904 1 0 4866 1 4868
905 0 4787 0 0 4787
906 0 4861 0 5 4866
907 4917 0 0 0 4917
908 1 1 2 4898 4902
909 4906 0 0 0 4906
910 0 0 4881 0 4881
911 4823 0 3 0 4826
912 1 4891 0 2 4894
913 1 0 4893 0 4894
914 1 0 4903 0 4904
915 4806 0 11 0 4817
916 0 0 4872 0 4872
917 2 0 4858 0 4860
918 0 0 0 4551 4551
919 3 0 4818 0 4821
920 4835 0 2 0 4837
921 0 0 0 4861 4861
922 0 0 4845 0 4845
923 0 3 0 4769 4772
924 4829 0 1 0 4830
925 0 1 4781 1 4783
926 0 4734 0 0 4734
927 0 1 0 4724 4725
928 0 1 0 4751 4752
929 0 1 4723 0 4724
930 0 2 1 4645 4648
931 0 0 4657 0 4657
932 4669 0 3 1 4673
933 0 4614 0 0 4614
934 4561 0 2 0 4563
935 0 0 0 4490 4490
936 4494 0 5 0 4499
937 4506 0 0 1 4507
938 1 1 0 4473 4475
939 4478 0 1 0 4479
940 4471 0 0 0 4471
941 0 0 4382 0 4382
942 4348 0 7 0 4355
943 0 0 4335 0 4335
944 3 4293 0 2 4298
945 0 2 0 4306 4308
946 0 0 4284 0 4284
947 0 4260 0 0 4260
948 4301 0 1 1 4303
949 0 0 1 4239 4240
950 0 0 0 4257 4257
951 4275 1 2 1 4279
952 0 0 4224 0 4224
953 3 0 4188 0 4191
954 4217 0 0 0 4217
955 1 4150 1 0 4152
956 0 0 0 4238 4238
957 4275 0 0 0 4275
958 4261 0 0 0 4261
959 4239 0 2 0 4241
960 6 0 4205 0 4211
961 4108 0 15 2 4125
962 0 1 0 3983 3984
963 0 4098 0 1 4099
964 4076 1 1 0 4078
965 9 0 4031 1 4041
966 3936 0 43 0 3979
967 0 3975 2 1 3978
968 4004 0 1 1 4006
969 3963 0 1 1 3965
970 3950 0 0 0 3950
971 4 0 3912 0 3916
972 3528 0 300 0 3828
973 0 3840 0 0 3840
974 3899 0 0 0 3899
975 3853 0 4 0 3857
976 3814 0 0 0 3814
977 0 0 3762 2 3764
978 3724 0 8 0 3732
979 0 0 0 3644 3644
980 0 1 0 3683 3684
981 0 1 0 3700 3701
982 2 0 3654 3 3659
983 0 2 3630 0 3632
984 3596 0 8 3 3607
985 0 3623 0 2 3625
986 4 0 3597 1 3602
987 4 0 3566 0 3570
988 1 3600 0 2 3603
989 0 0 0 3632 3632
990 4 1 2 3640 3647
991 0 0 3601 0 3601
992 3554 0 5 0 3559
993 0 1 3552 1 3554
994 1 3554 0 0 3555
995 0 0 0 3608 3608
996 3623 0 1 0 3624
997 3596 0 1 0 3597
998 3647 2 0 0 3649
999 3634 1 6 0 3641
1000 3604 1 0 0 3605
1001 5 0 3544 1 3550
1002 3523 0 1 1 3525
1003 3493 0 0 0 3493
1004 1 0 2 3458 3461
1005 3493 1 0 2 3496
1006 0 1 0 3408 3409
1007 2 3457 0 0 3459
1008 3485 0 2 0 3487
1009 0 0 3441 0 3441
1010 0 0 3384 3 3387
1011 3373 0 0 0 3373
1012 3397 1 0 2 3400
1013 6 0 3485 0 3491
1014 3526 0 0 1 3527
1015 0 0 3543 0 3543
1016 0 0 3536 0 3536
1017 3505 0 3 0 3508
1018 0 0 0 3463 3463
1019 0 0 0 3518 3518
1020 0 3536 0 0 3536
1021 3579 0 0 0 3579
1022 3639 1 2 0 3642
1023 3643 0 0 0 3643
1024 3604 0 0 0 3604
1025 3540 0 0 0 3540
1026 0 2 0 3469 3471
1027 2 0 3367 0 3369
1028 3318 0 1 1 3320
1029 1 1 0 3302 3304
1030 2 0 3280 7 3289
1031 3270 0 1 0 3271
1032 3263 0 0 1 3264
1033 2 0 3272 0 3274
1034 3246 0 0 0 3246
1035 3220 0 1 0 3221
1036 3195 0 7 0 3202
1037 0 0 0 3174 3174
1038 3182 0 0 3 3185
1039 0 26 0 3112 3138
1040 1 1 0 3172 3174
1041 3208 0 2 0 3210
1042 3141 0 1 0 3142
1043 1 3 0 3117 3121
1044 3159 0 1 1 3161
1045 0 0 3118 3 3121
1046 0 0 3069 1 3070
1047 3 0 3057 0 3060
1048 3092 2 0 0 3094
1049 3126 0 0 0 3126
1050 0 3106 1 0 3107
1051 2 0 3066 1 3069
1052 1 0 3108 1 3110
1053 3096 2 11 0 3109
1054 3147 1 1 1 3150
1055 0 3121 0 0 3121
1056 3140 1 0 0 3141
1057 3125 0 1 0 3126
1058 0 0 0 3110 3110
1059 3076 0 1 0 3077
1060 0 3063 0 0 3063
1061 3086 0 0 0 3086
1062 0 0 3101 0 3101
1063 3073 0 0 0 3073
1064 3088 0 0 0 3088
1065 2 0 3078 0 3080
1066 3060 0 0 0 3060
1067 0 0 0 3069 3069
1068 0 4 0 3114 3118
1069 1 0 3155 0 3156
1070 1 1 3135 0 3137
1071 3130 0 4 0 3134
1072 3117 0 0 0 3117
1073 0 0 1 3095 3096
1074 3104 0 0 0 3104
1075 0 0 0 3116 3116
1076 0 1 3141 0 3142
1077 0 0 3078 1 3079
1078 1 0 3053 1 3055
1079 3028 0 0 1 3029
1080 19 3002 0 9 3030
1081 2 0 3051 1 3054
1082 0 0 3038 1 3039
1083 9 0 3057 1 3067
1084 1 0 3068 1 3070
1085 3073 0 1 0 3074
1086 3097 0 1 0 3098
1087 1 0 3092 0 3093
1088 3095 0 1 0 3096
1089 0 0 3134 0 3134
1090 1 0 3133 0 3134
1091 3134 0 0 0 3134
1092 8 0 3289 0 3297
1093 0 1 0 3244 3245
1094 0 2 0 3237 3239
1095 0 3223 0 0 3223
1096 0 3248 0 0 3248
1097 3282 2 0 0 3284
1098 0 0 0 3327 3327
1099 4 0 3304 0 3308
1100 1 0 0 3226 3227
1101 3283 0 2 0 3285
1102 3270 0 0 0 3270
1103 3 0 3277 0 3280
1104 3155 0 16 0 3171
1105 1 0 0 3185 3186
1106 0 0 3217 1 3218
1107 1 1 0 3135 3137
1108 0 0 3249 1 3250
1109 2 1 3292 1 3296
1110 0 11 0 3180 3191
1111 0 0 3248 0 3248
1112 3266 0 3 0 3269
1113 3051 0 244 0 3295
1114 0 0 0 3258 3258
1115 0 0 3241 0 3241
1116 0 3218 0 0 3218
1117 3242 1 3 0 3246
1118 0 0 3435 1 3436
1119 73 0 3417 2 3492
1120 1 1 4173 0 4175
1121 3 0 4259 1 4263
1122 4235 0 12 0 4247
1123 4288 0 2 0 4290
1124 1 0 0 4307 4308
1125 4338 0 1 0 4339
1126 0 5 0 4386 4391
1127 0 2 0 4446 4448
1128 4397 0 1 2 4400
1129 4491 0 0 0 4491
1130 4544 2 1 0 4547
1131 4584 0 2 0 4586
1132 4551 0 1 1 4553
1133 4513 1 6 0 4520
1134 1 0 4514 0 4515
1135 4485 0 4 0 4489
1136 1 0 4551 0 4552
1137 4 0 0 4430 4434
1138 4548 0 2 0 4550
1139 4577 0 5 1 4583
1140 4555 0 5 0 4560
1141 4562 0 0 1 4563
1142 2 0 0 4548 4550
1143 0 0 4534 0 4534
1144 4538 0 0 0 4538
1145 4538 0 12 0 4550
1146 4502 0 5 0 4507
1147 0 4202 0 377 4579
1148 0 1 1 4506 4508
1149 0 0 4557 0 4557
1150 4 0 4564 0 4568
1151 4586 0 2 0 4588
1152 4610 0 0 0 4610
1153 4646 0 1 0 4647
1154 4664 0 1 0 4665
1155 4671 0 1 0 4672
1156 2 4643 0 12 4657
1157 1 0 0 4557 4558
1158 4549 0 0 1 4550
1159 0 4574 0 2 4576
1160 0 0 0 4564 4564
1161 15 0 4542 1 4558
1162 4532 0 8 3 4543
1163 2 1 1 4554 4558
1164 4589 1 0 0 4590
1165 4588 0 0 0 4588
1166 4574 0 0 1 4575
1167 0 1 1 4521 4523
1168 2 2 0 4467 4471
1169 0 4515 0 2 4517
1170 4533 0 1 0 4534
1171 2 0 4492 0 4494
1172 1 4466 0 3 4470
1173 1 4474 0 1 4476
1174 4568 1 0 0 4569
1175 4564 0 1 0 4565
1176 4553 0 1 0 4554
1177 4551 0 1 0 4552
1178 4515 2 5 0 4522
1179 4 1 4566 3 4574
1180 0 0 4506 0 4506
1181 4471 2 12 0 4485
1182 5 0 4565 0 4570
1183 1 0 4552 0 4553
1184 4575 0 3 0 4578
1185 0 2 0 4571 4573
1186 4603 2 0 5 4610
1187 0 2 0 4638 4640
1188 1 0 4650 1 4652
1189 4632 0 2 1 4635
1190 1 0 4652 0 4653
1191 4601 0 0 0 4601
1192 1 0 4574 1 4576
1193 4695 0 1 0 4696
1194 0 0 0 4723 4723
1195 0 1 0 4769 4770
1196 0 2 0 4804 4806
1197 4877 0 1 0 4878
1198 4853 0 2 0 4855
1199 0 1 0 4892 4893
1200 4900 0 1 0 4901
1201 4932 0 0 0 4932
1202 0 0 0 5006 5006
1203 3 5090 0 7 5100
1204 0 7 0 5126 5133
1205 0 2 0 5193 5195
1206 5196 1 2 0 5199
1207 0 0 0 5243 5243
1208 0 0 5238 0 5238
1209 0 5187 0 9 5196
1210 5259 0 0 0 5259
1211 0 0 0 5315 5315
1212 2 0 5318 0 5320
1213 2 0 5317 1 5320
1214 2 2 0 5220 5224
1215 5000 0 550 0 5550
1216 0 0 0 5642 5642
1217 0 0 0 5685 5685
1218 0 0 0 5684 5684
1219 0 0 0 5711 5711
1220 0 5696 0 7 5703
1221 0 3 0 5696 5699
1222 4 5719 0 1 5724
1223 5850 1 0 0 5851
1224 5815 5 0 0 5820
1225 0 0 5842 0 5842
1226 5777 0 0 0 5777
1227 2 5832 1 1 5836
1228 5795 0 7 0 5802
1229 0 5991 1 0 5992
1230 0 1 0 6000 6001
1231 6016 0 2 1 6019
1232 0 0 6128 0 6128
1233 199 0 5916 0 6115
1234 6088 0 1 0 6089
1235 0 0 0 6128 6128
1236 1 0 6181 0 6182
1237 0 21 0 6126 6147
1238 0 0 0 6154 6154
1239 0 6122 0 3 6125
1240 0 6139 0 0 6139
1241 6208 0 0 1 6209
1242 6196 5 2 0 6203
1243 3 1 6212 0 6216
1244 0 0 6188 4 6192
1245 135 0 6067 2 6204
1246 1 0 6231 0 6232
1247 0 0 0 5903 5903
1248 8 0 6099 0 6107
1249 6183 0 0 1 6184
1250 0 1 6275 0 6276
1251 6252 0 0 0 6252
1252 0 1 6335 0 6336
1253 0 0 6293 0 6293
1254 6078 1 175 2 6256
1255 0 1 6334 0 6335
1256 6295 0 0 0 6295
1257 6376 0 0 0 6376
1258 6420 0 1 0 6421
1259 2 1 0 6497 6500
1260 6540 0 0 1 6541
1261 6545 0 0 1 6546
1262 6649 0 2 5 6656
1263 1 1 0 6796 6798
1264 0 0 0 6848 6848
1265 0 0 0 6915 6915
1266 1 0 0 6996 6997
1267 20 6986 0 5 7011
1268 0 1 0 7013 7014
1269 0 6 0 7037 7043
1270 7064 0 2 0 7066
1271 7016 0 1 0 7017
1272 1 4 0 6960 6965
1273 1 7010 0 0 7011
1274 1 0 6989 3 6993
1275 6884 0 2 4 6890
1276 1 0 6871 0 6872
1277 2 6748 0 5 6755
1278 6778 2 0 0 6780
1279 0 0 6786 0 6786
1280 6 0 6691 0 6697
1281 3 6686 0 20 6709
1282 2 6718 0 1 6721
1283 6739 0 5 0 6744
1284 6620 0 4 1 6625
1285 1 6823 0 0 6824
1286 0 1 0 6685 6686
1287 0 5 0 6637 6642
1288 0 0 0 6662 6662
1289 0 0 0 6661 6661
1290 6541 0 21 0 6562
1291 0 0 1 6027 6028
1292 1 5956 0 3 5960
1293 1 6 0 5808 5815
1294 1 5875 0 2 5878
1295 1 5866 1 1 5869
1296 5873 4 0 0 5877
1297 5769 2 0 0 5771
1298 1 0 0 5684 5685
1299 0 0 5630 0 5630
1300 0 2 0 5494 5496
1301 5460 0 2 0 5462
1302 0 5577 0 0 5577
1303 1 5514 0 1 5516
1304 5534 0 0 0 5534
1305 5471 2 2 2 5477
1306 1 5519 0 1 5521
1307 0 0 0 5453 5453
1308 1 5464 0 4 5469
1309 1 5491 0 0 5492
1310 5467 0 2 0 5469
1311 5358 0 10 1 5369
1312 33 5374 0 1 5408
1313 0 0 5348 0 5348
1314 5261 0 17 3 5281
1315 0 1 1 5345 5347
1316 5329 0 0 0 5329
1317 0 3 0 5307 5310
1318 0 1 0 5370 5371
1319 0 0 0 5375 5375
1320 0 1 2 5346 5349
1321 0 4 0 5264 5268
1322 0 2 0 5217 5219
1323 0 0 4872 0 4872
1324 4856 0 4 1 4861
1325 4799 0 2 0 4801
1326 1 0 0 4844 4845
1327 4836 1 2 0 4839
1328 2 0 4813 0 4815
1329 4787 0 1 0 4788
1330 4767 0 1 0 4768
1331 4 0 4606 3 4613
1332 8 4574 1 0 4583
1333 4649 0 1 0 4650
1334 4584 0 0 0 4584
1335 2 4554 0 23 4579
1336 3 0 4536 0 4539
1337 4403 2 2 0 4407
1338 1 4532 4 5 4542
1339 0 4551 0 0 4551
1340 0 4 1 4553 4558
1341 0 28 2 4549 4579
1342 0 0 0 4597 4597
1343 0 0 1 4580 4581
1344 0 8 0 4562 4570
1345 1 0 4475 0 4476
1346 4380 0 0 0 4380
1347 0 0 1 4335 4336
1348 0 4354 0 0 4354
1349 4374 0 2 0 4376
1350 4295 1 1 0 4297
1351 0 10 0 4339 4349
1352 3 4 4309 2 4318
1353 1 0 4269 3 4273
1354 2 0 4247 1 4250
1355 1 0 4263 1 4265
1356 2 0 4276 1 4279
1357 0 0 0 3970 3970
1358 4239 0 1 0 4240
1359 0 3 0 4264 4267
1360 0 0 4280 0 4280
1361 4231 2 6 0 4239
1362 0 0 4241 0 4241
1363 2 0 4210 0 4212
1364 4236 0 1 1 4238
1365 4275 0 0 1 4276
1366 0 0 6 4222 4228
1367 0 4191 0 1 4192
1368 4089 0 0 1 4090
1369 0 4316 0 0 4316
1370 3 4297 0 0 4300
1371 1 4267 1 20 4289
1372 4340 1 1 0 4342
1373 4342 0 1 0 4343
1374 4353 0 0 0 4353
1375 5 0 4314 0 4319
1376 0 4273 0 0 4273
1377 4353 0 1 0 4354
1378 4334 0 1 0 4335
1379 1 0 4352 0 4353
1380 0 0 0 4175 4175
1381 1 0 4238 2 4241
1382 4270 0 0 1 4271
1383 4190 0 70 0 4260
1384 3 4243 0 0 4246
1385 0 0 0 4242 4242
1386 4212 0 8 0 4220
1387 3 4207 2 0 4212
1388 4226 0 0 0 4226
1389 5 4 1 4172 4182
1390 0 0 4180 0 4180
1391 2 0 4137 1 4140
1392 18 1 4118 1 4138
1393 4111 0 5 0 4116
1394 0 3 0 4123 4126
1395 4154 0 0 0 4154
1396 4109 0 0 0 4109
1397 4138 0 0 0 4138
1398 0 2 0 4054 4056
1399 2 0 4035 0 4037
1400 3995 3 4 0 4002
1401 3958 0 14 3 3975
1402 1 0 1 3935 3937
1403 0 3954 0 1 3955
1404 3974 0 4 0 3978
1405 3966 0 0 0 3966
1406 0 0 0 3927 3927
1407 7 0 3907 0 3914
1408 3931 0 1 0 3932
1409 3878 0 2 0 3880
1410 0 7 0 3846 3853
1411 1 0 3834 0 3835
1412 0 3832 0 3 3835
1413 3846 0 0 1 3847
1414 3 1 0 3837 3841
1415 1 3832 0 0 3833
1416 1 1 0 3811 3813
1417 0 0 3753 0 3753
1418 3750 0 2 1 3753
1419 0 3764 0 7 3771
1420 0 0 0 3761 3761
1421 3758 0 0 0 3758
1422 0 6 0 3719 3725
1423 3674 0 1 1 3676
1424 0 3690 0 0 3690
1425 3696 0 2 0 3698
1426 1 0 0 3660 3661
1427 0 0 0 3659 3659
1428 6 0 3602 0 3608
1429 3547 0 0 0 3547
1430 3531 1 1 4 3537
1431 3553 2 1 1 3557
1432 1 0 3553 0 3554
1433 1 0 3513 1 3515
1434 1 0 3498 0 3499
1435 3462 0 6 0 3468
1436 0 0 0 3434 3434
1437 0 1 0 3453 3454
1438 3 0 3411 3 3417
1439 2 0 0 3291 3293
1440 3390 0 4 0 3394
1441 0 0 3389 0 3389
1442 3 0 1 3233 3237
1443 10 0 3262 0 3272
1444 3282 0 0 0 3282
1445 0 3266 0 1 3267
1446 3349 0 1 0 3350
1447 3315 0 0 0 3315
1448 3 0 3287 0 3290
1449 3252 0 3 0 3255
1450 3230 0 2 0 3232
1451 3216 0 0 1 3217
1452 0 0 0 3193 3193
1453 5 0 3162 0 3167
1454 0 0 0 3076 3076
1455 3183 0 0 0 3183
1456 3160 0 0 0 3160
1457 0 0 0 3140 3140
1458 0 1 0 3168 3169
1459 0 0 3169 0 3169
1460 3185 0 4 0 3189
1461 4 3204 0 16 3224
1462 1 0 3187 0 3188
1463 3129 0 0 0 3129
1464 1 3170 0 0 3171
1465 0 1 0 3219 3220
1466 0 0 0 3197 3197
1467 3 5 0 3185 3193
1468 3186 0 0 0 3186
1469 0 2 3091 0 3093
1470 0 3063 0 1 3064
1471 0 0 0 3025 3025
1472 0 3017 0 0 3017
1473 0 1 0 3023 3024
1474 3016 0 0 0 3016
1475 5 3015 0 2 3022
1476 0 0 0 2989 2989
1477 4 0 2959 0 2963
1478 2926 0 0 0 2926
1479 2926 0 0 0 2926
1480 2895 0 2 0 2897
1481 1 2869 0 4 2874
1482 2792 0 28 3 2823
1483 0 0 2795 0 2795
1484 2811 0 2 0 2813
1485 2786 0 0 0 2786
1486 2754 0 0 1 2755
1487 2758 0 1 0 2759
1488 2747 0 2 0 2749
1489 4 0 2688 0 2692
1490 0 1 0 2419 2420
1491 2629 0 0 0 2629
1492 0 0 0 2620 2620
1493 0 2630 0 1 2631
1494 0 2605 0 0 2605
1495 2630 0 0 0 2630
1496 1 0 0 2585 2586
1497 2616 0 0 4 2620
1498 2576 1 0 0 2577
1499 0 2555 0 0 2555
1500 2553 2 0 0 2555
1501 2551 0 0 0 2551
1502 2535 1 11 0 2547
1503 2531 0 0 0 2531
1504 2539 0 0 0 2539
1505 2505 1 2 0 2508
1506 0 0 1 2463 2464
1507 4 2453 0 1 2458
1508 0 1 0 2431 2432
1509 0 1 0 2462 2463
1510 2449 1 0 0 2450
1511 0 0 2404 0 2404
1512 1 2398 0 1 2400
1513 0 0 0 2359 2359
1514 0 0 0 2382 2382
1515 2402 0 4 0 2406
1516 2368 0 16 0 2384
1517 0 0 0 2371 2371
1518 2362 16 0 0 2378
1519 2358 0 0 0 2358
1520 2377 0 0 0 2377
1521 2357 0 0 0 2357
1522 2326 0 1 1 2328
1523 3 0 2284 0 2287
1524 2 0 2255 0 2257
1525 2270 0 1 1 2272
1526 0 2280 0 2 2282
1527 2 0 0 2278 2280
1528 0 0 2289 1 2290
1529 0 0 2259 0 2259
1530 2289 0 17 0 2306
1531 0 0 2257 0 2257
1532 2266 0 0 0 2266
1533 2264 0 0 0 2264
1534 6 0 2237 1 2244
1535 0 1 0 2164 2165
1536 0 2222 1 1 2224
1537 2264 1 0 1 2266
1538 0 0 0 2260 2260
1539 2246 0 0 0 2246
1540 2235 0 0 1 2236
1541 0 2 0 2251 2253
1542 0 0 2232 0 2232
1543 0 0 2202 0 2202
1544 5 0 2166 1 2172
1545 2206 0 1 0 2207
1546 0 0 2203 0 2203
1547 0 2186 0 1 2187
1548 0 4 0 2223 2227
1549 2238 0 1 0 2239
1550 2221 0 0 0 2221
1551 0 1 0 2213 2214
1552 0 0 2188 0 2188
1553 2203 0 0 0 2203
1554 1 2200 0 5 2206
1555 1 0 2168 0 2169
1556 0 0 0 2115 2115
1557 8 0 2113 0 2121
1558 2147 0 0 0 2147
1559 0 0 2221 3 2224
1560 0 0 0 2173 2173
1561 0 0 2230 0 2230
1562 2290 0 1 0 2291
1563 2388 0 0 0 2388
1564 0 0 0 2375 2375
1565 0 1 0 2404 2405
1566 2442 0 3 1 2446
1567 2 0 2427 0 2429
1568 2443 1 2 0 2446
1569 2472 0 2 0 2474
1570 0 0 0 2461 2461
1571 0 2498 0 0 2498
1572 2507 0 3 0 2510
1573 0 2536 0 0 2536
1574 2579 0 0 0 2579
1575 2584 2 0 0 2586
1576 1 0 2557 0 2558
1577 0 2556 0 0 2556
1578 2562 0 0 0 2562
1579 1 2578 0 1 2580
1580 2587 0 0 0 2587
1581 3 0 2599 0 2602
1582 0 2579 0 3 2582
1583 0 1 0 2612 2613
1584 4 0 2625 0 2629
1585 2577 1 0 0 2578
1586 0 0 0 2652 2652
1587 1 0 2667 0 2668
1588 2666 0 2 0 2668
1589 0 0 0 2653 2653
1590 2658 0 0 0 2658
1591 2637 0 0 0 2637
1592 0 2644 0 0 2644
1593 2653 0 0 2 2655
1594 0 1 0 2655 2656
1595 2670 0 0 0 2670
1596 0 6 0 2651 2657
1597 1 0 2672 0 2673
1598 2674 1 2 0 2677
1599 0 0 0 2686 2686
1600 2683 1 0 0 2684
1601 0 2661 0 0 2661
1602 2643 1 1 0 2645
1603 1 2664 0 1 2666
1604 4 2717 0 2 2723
1605 1 2 0 2718 2721
1606 2752 5 1 2 2760
1607 2731 0 0 0 2731
1608 2719 0 0 0 2719
1609 2730 0 1 0 2731
1610 0 0 0 2735 2735
1611 1 2 2745 1 2749
1612 0 1 1 2621 2623
1613 0 4 2786 0 2790
1614 0 0 2818 0 2818
1615 0 0 2830 0 2830
1616 2825 1 0 0 2826
1617 2859 0 1 0 2860
1618 2905 0 0 0 2905
1619 1 0 0 2915 2916
1620 0 0 2926 0 2926
1621 0 0 3272 0 3272
1622 2 0 3510 0 3512
1623 3540 0 0 0 3540
1624 3556 0 0 0 3556
1625 0 3624 0 1 3625
1626 3686 0 0 0 3686
1627 3646 0 0 0 3646
1628 1 3644 0 1 3646
1629 1 3746 0 1 3748
1630 4001 0 0 0 4001
1631 4065 0 0 0 4065
1632 4069 0 1 1 4071
1633 1 0 4035 0 4036
1634 4005 1 0 0 4006
1635 4051 1 1 2 4055
1636 1 4116 0 0 4117
1637 0 1 0 4086 4087
1638 2 0 4085 0 4087
1639 0 0 4119 0 4119
1640 3 1 0 3991 3995
1641 3 0 4116 0 4119
1642 0 4159 0 1 4160
1643 4305 0 0 2 4307
1644 4303 0 4 0 4307
1645 4312 0 0 0 4312
1646 4270 0 3 1 4274
1647 2 4269 0 1 4272
1648 4175 0 0 0 4175
1649 0 4224 0 0 4224
1650 1 2 0 4198 4201
1651 0 0 0 4226 4226
1652 4245 0 1 0 4246
1653 0 0 0 4205 4205
1654 1 4225 0 0 4226
1655 4244 0 0 0 4244
1656 4205 1 1 0 4207
1657 0 2 1 4235 4238
1658 1 4 4248 0 4253
1659 1 2 4217 0 4220
1660 0 0 4253 0 4253
1661 2 1 1 4061 4065
1662 43 0 4160 0 4203
1663 10 4336 0 3 4349
1664 0 0 0 4435 4435
1665 4489 0 4 0 4493
1666 4554 0 0 0 4554
1667 4602 0 0 0 4602
1668 4590 0 4 0 4594
1669 4597 1 0 0 4598
1670 4550 0 2 6 4558
1671 2 4643 0 0 4645
1672 0 3 0 4609 4612
1673 0 5 0 4631 4636
1674 1 0 4638 1 4640
1675 0 0 4841 0 4841
1676 0 0 0 4722 4722
1677 2 0 4848 0 4850
1678 4911 0 4 0 4915
1679 6 4959 0 4 4969
1680 4976 0 2 1 4979
1681 0 5112 1 2 5115
1682 0 0 0 5266 5266
1683 1 0 5269 0 5270
1684 5215 0 1 0 5216
1685 5225 0 1 1 5227
1686 4 0 5247 0 5251
1687 0 0 5196 2 5198
1688 0 5400 0 3 5403
1689 1 3 0 5429 5433
1690 3 5496 0 2 5501
1691 5525 0 6 0 5531
1692 0 1 5686 0 5687
1693 0 0 0 5593 5593
1694 0 0 3 5666 5669
1695 0 10 1 5684 5695
1696 0 5701 0 1 5702
1697 1 0 0 5732 5733
1698 0 0 0 5732 5732
1699 0 5697 0 3 5700
1700 0 1 0 5762 5763
1701 5725 0 3 1 5729
1702 1 0 5819 0 5820
1703 4 0 5814 1 5819
1704 4311 1 1514 1 5827
1705 5916 1 3 0 5920
1706 5938 0 0 1 5939
1707 5961 0 1 1 5963
1708 8 0 5964 0 5972
1709 5934 4 9 7 5954
1710 0 0 6042 2 6044
1711 2 0 6040 0 6042
1712 6114 0 2 0 6116
1713 7 6112 1 2 6122
1714 6155 2 0 0 6157
1715 0 0 0 6186 6186
1716 0 1 6196 5 6202
1717 0 0 0 6143 6143
1718 0 0 0 6133 6133
1719 1 6129 0 0 6130
1720 0 6222 0 0 6222
1721 6231 1 1 1 6234
1722 6215 3 1 0 6219
1723 1 3 0 6276 6280
1724 0 0 6317 0 6317
1725 0 0 6274 1 6275
1726 0 1 6289 2 6292
1727 6258 0 1 0 6259
1728 1 8 1 6304 6314
1729 0 0 6357 1 6358
1730 1 6332 0 6 6339
1731 6457 0 0 2 6459
1732 2 0 0 6478 6480
1733 0 3 0 6506 6509
1734 1 1 1 6539 6542
1735 0 1 6489 0 6490
1736 6445 0 0 1 6446
1737 6474 0 2 0 6476
1738 1 0 6487 0 6488
1739 3 6457 0 0 6460
1740 6640 0 1 0 6641
1741 0 3 0 6725 6728
1742 0 1 0 6795 6796
1743 0 11 0 6823 6834
1744 3 0 6727 2 6732
1745 6685 2 1 0 6688
1746 1 0 6731 2 6734
1747 6647 0 1 0 6648
1748 3 0 6754 1 6758
1749 0 6747 0 8 6755
1750 6827 0 1 0 6828
1751 0 1 0 6810 6811
1752 6841 0 0 0 6841
1753 6761 0 0 0 6761
1754 0 0 0 6746 6746
1755 1 2447 1 4263 6712
1756 1 6669 0 2 6672
1757 0 6725 0 1 6726
1758 1 6 1 6738 6746
1759 2 6810 0 4 6816
1760 6830 0 3 1 6834
1761 11 0 6867 0 6878
1762 6878 0 2 0 6880
1763 6911 0 1 0 6912
1764 6906 0 0 0 6906
1765 6873 0 3 1 6877
1766 0 1 0 6875 6876
1767 2 2 6818 0 6822
1768 6 0 6754 0 6760
1769 0 6687 0 12 6699
1770 0 3 1 6762 6766
1771 0 0 6809 0 6809
1772 0 0 6795 3 6798
1773 0 1 0 6749 6750
1774 1 6765 0 2 6768
1775 6765 0 0 0 6765
1776 5 0 6801 0 6806
1777 0 1 0 6707 6708
1778 6758 0 0 1 6759
1779 1 6760 0 0 6761
1780 6790 4 1 0 6795
1781 0 0 6873 0 6873
1782 0 2 0 6791 6793
1783 1 0 6907 1 6909
1784 2 0 6890 0 6892
1785 6733 2 8 4 6747
1786 1 0 0 6783 6784
1787 0 3 0 6929 6932
1788 1 3 0 6986 6990
1789 1 0 6876 0 6877
1790 3 6899 0 4 6906
1791 7028 1 1 0 7030
1792 6976 0 2 1 6979
1793 1 0 6905 0 6906
1794 6885 0 1 0 6886
1795 3 0 6829 0 6832
1796 0 6851 0 1 6852
1797 6956 0 1 0 6957
1798 0 0 6931 0 6931
1799 1 0 0 6853 6854
1800 5 0 6704 197 6906
1801 0 6916 0 1 6917
1802 0 3 0 6929 6932
1803 0 6985 0 3 6988
1804 7019 0 3 0 7022
1805 7008 1 0 0 7009
1806 7038 0 3 1 7042
1807 0 6981 0 1 6982
1808 7070 0 1 0 7071
1809 7000 0 2 0 7002
1810 6956 0 1 1 6958
1811 2 3 0 6964 6969
1812 2 1 6887 0 6890
1813 6806 1 0 2 6809
1814 1 0 6865 4 6870
1815 6853 0 0 0 6853
1816 0 0 6833 0 6833
1817 6722 0 1 0 6723
1818 0 6729 0 10 6739
1819 3 6798 0 1 6802
1820 6800 1 3 2 6806
1821 33 0 6805 0 6838
1822 0 0 6793 1 6794
1823 6660 0 2 0 6662
1824 2 0 6792 0 6794
1825 0 0 6811 0 6811
1826 1 1 0 6137 6139
1827 0 2 0 6675 6677
1828 6768 0 1 1 6770
1829 1 1 1 7083 7086
1830 1 0 7074 0 7075
1831 7059 0 1 0 7060
1832 7151 0 0 0 7151
1833 7190 0 0 0 7190
1834 7172 0 1 0 7173
1835 3 7210 0 0 7213
1836 1 0 0 7137 7138
1837 0 0 7093 0 7093
1838 7004 0 3 1 7008
1839 3 7108 0 2 7113
1840 0 7067 0 0 7067
1841 7067 0 2 1 7070
1842 8 0 7115 0 7123
1843 0 1 0 6936 6937
1844 0 0 0 7100 7100
1845 1 7080 0 1 7082
1846 7093 0 2 0 7095
1847 0 3 0 7140 7143
1848 7129 0 4 0 7133
1849 7069 0 0 0 7069
1850 6967 2 0 0 6969
1851 4 0 6995 0 6999
1852 1 3 0 6555 6559
1853 0 0 0 6845 6845
1854 4 0 6911 1 6916
1855 3 6922 0 2 6927
1856 2 4 0 6923 6929
1857 10 0 6797 0 6807
1858 1 6683 2 0 6686
1859 0 6842 0 8 6850
1860 0 15 0 6918 6933
1861 0 1 0 7071 7072
1862 0 2 0 7018 7020
1863 3 6 0 6965 6974
1864 0 0 0 7079 7079
1865 0 0 6926 2 6928
1866 0 8 0 6604 6612
1867 0 2 0 6701 6703
1868 1 0 0 6793 6794
1869 3 6690 0 7 6700
1870 1 2 0 6644 6647
1871 1 6624 0 1 6626
1872 6500 0 3 1 6504
1873 3 6616 0 2 6621
1874 2 6563 0 0 6565
1875 6376 3 49 1 6429
1876 0 6601 0 0 6601
1877 0 6666 0 2 6668
1878 6644 3 6 0 6653
1879 6613 0 7 0 6620
1880 6637 0 1 0 6638
1881 6632 0 4 0 6636
1882 1 1 1 6501 6504
1883 2 1 0 6583 6586
1884 6569 0 10 3 6582
1885 6569 0 1 1 6571
1886 2 0 6515 0 6517
1887 3 0 6430 1 6434
1888 6304 0 0 0 6304
1889 2 0 6355 1 6358
1890 1 6323 0 0 6324
1891 6369 0 2 0 6371
1892 6362 0 3 0 6365
1893 0 2 0 6321 6323
1894 5 1 6341 0 6347
1895 0 0 6332 1 6333
1896 44 0 6277 2 6323
1897 1 1 6290 1 6293
1898 6225 0 2 0 6227
1899 96 0 6167 3 6266
1900 0 6167 0 0 6167
1901 2 6258 0 4 6264
1902 0 5 0 6299 6304
1903 0 1 0 6353 6354
1904 6259 0 0 2 6261
1905 1 11 0 6214 6226
1906 1 6232 1 4 6238
1907 6235 0 1 0 6236
1908 6188 0 0 1 6189
1909 1 0 0 6185 6186
1910 1 3 0 6219 6223
1911 1 6189 0 3 6193
1912 0 1 0 6185 6186
1913 1 1 0 6232 6234
1914 6206 0 4 0 6210
1915 6139 0 0 0 6139
1916 6051 0 0 0 6051
1917 6028 0 0 0 6028
1918 46 6050 0 0 6096
1919 0 0 0 6030 6030
1920 0 1 0 6099 6100
1921 0 0 6078 0 6078
1922 0 0 0 5898 5898
1923 5962 0 2 1 5965
1924 1 0 0 6067 6068
1925 0 2 0 6071 6073
1926 6 0 5955 0 5961
1927 5900 0 0 0 5900
1928 5948 1 6 1 5956
1929 5927 0 1 0 5928
1930 8 0 5829 0 5837
1931 0 0 5795 1 5796
1932 5673 2 1 0 5676
1933 1 0 5730 0 5731
1934 2 0 5668 0 5670
1935 5655 0 5 0 5660
1936 1 1 5534 1 5537
1937 2 0 5522 2 5526
1938 54 1 5503 1 5559
1939 2 1 5967 3 5973
1940 6180 0 2 1 6183
1941 6164 0 1 0 6165
1942 6178 0 3 0 6181
1943 6195 0 0 1 6196
1944 0 3 0 6125 6128
1945 0 0 0 6122 6122
1946 0 0 0 6135 6135
1947 1 6080 0 5 6086
1948 6086 0 2 0 6088
1949 1 0 0 6026 6027
1950 1 6073 0 1 6075
1951 0 0 6058 0 6058
1952 5991 0 2 0 5993
1953 5987 0 1 0 5988
1954 1 0 6033 0 6034
1955 1 0 0 5871 5872
1956 5971 13 3 0 5987
1957 5963 0 1 0 5964
1958 0 0 5959 0 5959
1959 0 0 5865 0 5865
1960 5857 0 0 0 5857
1961 5872 0 2 0 5874
1962 5869 1 3 0 5873
1963 1 0 5838 0 5839
1964 0 0 5728 0 5728
1965 26 1 5616 1 5644
1966 0 0 0 5533 5533
1967 0 5578 0 0 5578
1968 2 3 1 5569 5575
1969 3 5548 0 1 5552
1970 0 5538 0 2 5540
1971 0 0 1 5486 5487
1972 0 5385 0 97 5482
1973 1 2 0 5499 5502
1974 5458 0 1 1 5460
1975 1 0 0 5470 5471
1976 0 0 0 5395 5395
1977 0 0 0 5336 5336
1978 0 0 0 5238 5238
1979 0 5168 0 9 5177
1980 1 5158 0 10 5169
1981 2 5 0 4512 4519
1982 4474 1 6 0 4481
1983 1 0 0 4449 4450
1984 4479 0 0 0 4479
1985 4446 0 1 0 4447
1986 0 24 0 4347 4371
1987 4 4346 0 1 4351
1988 0 4315 0 1 4316
1989 4256 0 2 1 4259
1990 1 4284 0 0 4285
1991 4254 0 1 0 4255
1992 4184 0 6 0 4190
1993 4148 0 0 1 4149
1994 0 4188 0 0 4188
1995 4196 0 0 0 4196
1996 2 0 4147 0 4149
1997 4151 0 0 0 4151
1998 4101 0 13 0 4114
1999 0 0 4083 0 4083
2000 0 5 1 3924 3930
2001 1 3971 0 19 3991
2002 0 4037 0 0 4037
2003 0 0 0 4036 4036
2004 4026 0 3 0 4029
2005 3978 0 1 0 3979
2006 3 3976 0 0 3979
2007 0 0 0 3954 3954
2008 3992 0 1 0 3993
2009 0 0 1 3914 3915
2010 3940 1 0 0 3941
2011 0 0 0 3893 3893
2012 3 0 3868 0 3871
2013 0 3768 0 97 3865
2014 1 1 3894 2 3898
2015 2 0 3896 0 3898
2016 2 3911 0 3 3916
2017 3883 0 4 0 3887
2018 0 0 3931 0 3931
2019 3862 0 4 0 3866
2020 3869 0 0 2 3871
2021 1 0 0 3891 3892
2022 2 0 3884 1 3887
2023 3827 0 1 0 3828
2024 0 0 0 3881 3881
2025 1 0 3877 0 3878
2026 0 1 0 3856 3857
2027 0 3840 0 1 3841
2028 3884 0 0 1 3885
2029 0 0 0 3940 3940
2030 0 0 0 3963 3963
2031 3913 1 11 0 3925
2032 3887 0 1 0 3888
2033 3874 0 2 0 3876
2034 3893 1 5 0 3899
2035 0 0 3867 0 3867
2036 3 0 4112 0 4115
2037 27 0 4124 0 4151
2038 4143 1 5 0 4149
2039 4164 0 3 0 4167
2040 4155 0 0 0 4155
2041 4160 3 4 1 4168
2042 3 1 0 4123 4127
2043 0 4 3 4178 4185
2044 2 0 4166 0 4168
2045 4109 0 3 0 4112
2046 4123 1 1 0 4125
2047 2 0 4100 0 4102
2048 3973 0 42 0 4015
2049 1 1 1 4022 4025
2050 0 0 4021 0 4021
2051 3957 4 2 3 3966
2052 3973 3 3 0 3979
2053 3 0 3915 0 3918
2054 3894 0 1 0 3895
2055 3886 1 1 0 3888
2056 3854 0 2 0 3856
2057 2 0 3787 0 3789
2058 2 0 3732 1 3735
2059 3739 0 1 0 3740
2060 3621 119 1 1 3742
2061 1 1 0 3716 3718
2062 3735 0 0 0 3735
2063 0 0 3688 2 3690
2064 3709 0 2 1 3712
2065 1 1 1 3617 3620
2066 0 3663 0 10 3673
2067 3647 0 3 0 3650
2068 3652 0 1 0 3653
2069 0 0 0 3762 3762
2070 1 2 3784 0 3787
2071 0 0 3728 1 3729
2072 1 0 3687 0 3688
2073 3 0 3692 0 3695
2074 3705 0 1 0 3706
2075 3695 0 3 1 3699
2076 2 3 0 3678 3683
2077 1 0 3681 1 3683
2078 1 3653 0 5 3659
2079 3660 0 3 0 3663
2080 0 0 3657 0 3657
2081 1 1 1 3499 3502
2082 3543 0 15 1 3559
2083 0 1 0 3511 3512
2084 0 0 0 3513 3513
2085 3501 0 2 0 3503
2086 0 0 3442 0 3442
2087 0 3393 0 2 3395
2088 3384 0 1 1 3386
2089 3 0 3349 0 3352
2090 0 0 3283 0 3283
2091 8 3256 1 15 3280
2092 0 0 1 3295 3296
2093 0 0 1 3288 3289
2094 0 0 1 3255 3256
2095 0 3225 0 4 3229
2096 1 1 1 3201 3204
2097 4 3202 0 17 3223
2098 2 0 3199 0 3201
2099 0 0 1 3164 3165
2100 0 1 0 3185 3186
2101 3194 0 0 1 3195
2102 0 1 3162 0 3163
2103 0 0 0 3084 3084
2104 0 0 3089 1 3090
2105 2 0 3072 0 3074
2106 4 3069 0 0 3073
2107 3089 0 0 0 3089
2108 3088 0 1 0 3089
2109 9 0 3093 0 3102
2110 0 0 0 2967 2967
2111 3056 0 0 0 3056
2112 0 0 0 3026 3026
2113 0 0 3005 0 3005
2114 2970 0 1 1 2972
2115 1 2961 0 6 2968
2116 4 2952 1 0 2957
2117 0 2952 0 0 2952
2118 2985 0 0 1 2986
2119 0 0 2945 0 2945
2120 2894 0 2 0 2896
2121 1 2 1 2858 2862
2122 1 2889 0 0 2890
2123 0 0 0 2852 2852
2124 0 4 0 2871 2875
2125 0 0 2856 0 2856
2126 0 0 2834 0 2834
2127 2801 0 2 0 2803
2128 2 0 2797 0 2799
2129 2778 0 0 0 2778
2130 0 0 0 2750 2750
2131 1 1 0 2737 2739
2132 0 0 0 2724 2724
2133 0 2720 0 0 2720
2134 2721 0 1 0 2722
2135 2708 0 0 0 2708
2136 2685 0 1 0 2686
2137 2633 0 0 0 2633
2138 0 2642 0 0 2642
2139 0 33 0 2595 2628
2140 2634 0 0 1 2635
2141 0 0 0 2628 2628
2142 0 2 0 2608 2610
2143 1 0 2588 0 2589
2144 2563 0 0 0 2563
2145 2576 0 1 1 2578
2146 0 3 2559 0 2562
2147 2542 0 1 0 2543
2148 2494 0 2 0 2496
2149 0 2488 0 0 2488
2150 0 0 0 2446 2446
2151 0 1 0 2448 2449
2152 2 0 2424 0 2426
2153 2409 0 0 1 2410
2154 2405 0 4 0 2409
2155 2386 0 0 0 2386
2156 2350 0 0 0 2350
2157 6 0 2289 0 2295
2158 3 2261 0 1 2265
2159 1 0 0 3211 3212
2160 2 0 3129 0 3131
2161 3106 0 1 0 3107
2162 3059 0 0 0 3059
2163 2959 0 1 0 2960
2164 0 2940 3 0 2943
2165 1 2921 0 0 2922
2166 2913 0 1 0 2914
2167 1 0 2876 1 2878
2168 43 0 2634 0 2677
2169 0 0 2717 0 2717
2170 4 0 2742 0 2746
2171 2768 0 1 0 2769
2172 2739 0 2 0 2741
2173 2748 0 3 0 2751
2174 2725 0 1 1 2727
2175 39 0 2649 0 2688
2176 4 2 2591 0 2597
2177 0 2653 0 3 2656
2178 2652 22 0 0 2674
2179 2406 243 5 0 2654
2180 2630 0 3 0 2633
2181 27 2574 0 5 2606
2182 2611 0 0 0 2611
2183 0 1 0 2514 2515
2184 3 2531 0 6 2540
2185 0 7 0 2508 2515
2186 0 0 0 2511 2511
2187 3 0 2500 0 2503
2188 5 2442 0 0 2447
2189 0 7 0 2431 2438
2190 0 3 0 2425 2428
2191 0 0 0 2416 2416
2192 2422 0 0 0 2422
2193 3 1 0 2386 2390
2194 0 2370 0 2 2372
2195 2147 0 1 0 2148
2196 2107 0 2 0 2109
2197 27 0 2057 0 2084
2198 3 0 2035 1 2039
2199 1153 0 0 1 1154
2200 1098 0 0 0 1098
2201 1094 0 0 0 1094
2202 1049 0 0 0 1049
2203 0 1061 0 1 1062
2204 0 1010 0 0 1010
2205 1012 0 1 0 1013
2206 0 0 1001 0 1001
2207 0 0 2 976 978
2208 0 0 0 974 974
2209 986 0 0 0 986
2210 1207 0 0 0 1207
2211 1197 0 0 0 1197
2212 0 0 1181 0 1181
2213 225 0 3 885 1113
2214 2051 0 16 0 2067
2215 0 0 2095 0 2095
2216 0 2 0 2001 2003
2217 7 0 2054 0 2061
2218 2059 0 1 0 2060
2219 2063 0 0 0 2063
2220 2055 0 0 4 2059
2221 2027 0 15 0 2042
2222 2 0 2050 0 2052
2223 13 0 2024 0 2037
2224 2030 0 3 0 2033
2225 2048 0 6 0 2054
2226 2046 0 0 0 2046
2227 2033 0 3 0 2036
2228 2 0 2022 0 2024
2229 0 0 2015 0 2015
2230 0 3 0 1774 1777
2231 1971 0 4 0 1975
2232 0 0 0 1984 1984
2233 2020 0 5 0 2025
2234 0 0 2006 0 2006
2235 0 0 0 1946 1946
2236 59 0 1927 4 1990
2237 5 1959 0 3 1967
2238 0 1 0 1979 1980
2239 0 0 0 1993 1993
2240 0 0 0 2004 2004
2241 0 0 1994 0 1994
2242 0 0 0 1961 1961
2243 0 1948 0 1 1949
2244 0 1932 0 17 1949
2245 701 0 1251 0 1952
2246 1931 0 0 1 1932
2247 0 1 0 1952 1953
2248 0 0 1935 0 1935
2249 1917 0 2 0 1919
2250 0 1936 0 0 1936
2251 1939 0 0 0 1939
2252 0 0 0 1929 1929
2253 0 0 0 1906 1906
2254 0 119 1 1757 1877
2255 0 1904 0 0 1904
2256 714 0 1161 4 1879
2257 0 1867 0 1 1868
2258 1839 0 4 0 1843
2259 1815 0 11 0 1826
2260 3 0 1825 0 1828
2261 4 0 1804 0 1808
2262 1813 0 0 0 1813
2263 1820 0 0 0 1820
2264 0 1 0 1800 1801
2265 0 1 0 1802 1803
2266 666 0 1057 0 1723
2267 657 0 1048 0 1705
2268 0 0 1680 3 1683
2269 1677 0 0 0 1677
2270 8 0 1659 3 1670
2271 1661 0 1 0 1662
2272 2 1620 0 1 1623
2273 1622 0 0 0 1622
2274 1615 0 9 0 1624
2275 1592 0 13 0 1605
2276 0 0 1501 0 1501
2277 1477 0 2 0 1479
2278 1435 0 17 0 1452
2279 0 0 0 1439 1439
2280 0 0 1421 0 1421
2281 1409 0 1 0 1410
2282 0 1403 0 1 1404
2283 1382 0 0 0 1382
2284 1 0 1371 0 1372
2285 2 3 0 1332 1337
2286 0 1 0 1347 1348
2287 7 0 1342 0 1349
2288 1304 0 31 0 1335
2289 0 0 1322 0 1322
2290 0 0 0 1238 1238
2291 0 1246 0 0 1246
2292 1 382 0 869 1252
2293 1241 0 12 0 1253
2294 0 1 2 1246 1249
2295 0 0 1254 0 1254
2296 0 0 1236 0 1236
2297 0 0 1231 0 1231
2298 0 0 1235 0 1235
2299 0 3 2 1179 1184
2300 2 0 1201 0 1203
2301 0 0 1196 0 1196
2302 2 1 1192 3 1198
2303 0 1165 0 0 1165
2304 0 1175 0 0 1175
2305 0 0 0 1197 1197
2306 0 0 0 1214 1214
2307 3 0 1202 0 1205
2308 1184 0 0 0 1184
2309 0 0 1181 0 1181
2310 0 1164 0 0 1164
2311 0 0 0 1162 1162
2312 999 1 0 0 1000
2313 995 0 0 0 995
2314 0 1 0 13 14
