0 0 0 0 0 0
1 908 0 1 0 909
2 0 0 0 935 935
3 0 0 935 0 935
4 963 0 0 0 963
5 0 981 0 0 981
6 990 0 0 0 990
7 0 1 0 999 1000
8 0 1 0 994 995
9 962 0 63 3 1028
10 0 19 1011 0 1030
11 0 1266 0 0 1266
12 14 1282 0 35 1331
13 1337 0 0 0 1337
14 1346 0 0 0 1346
15 1319 0 18 0 1337
16 1349 0 2 0 1351
17 1 1 0 1371 1373
18 0 0 0 1389 1389
19 0 0 1380 0 1380
20 1372 0 0 0 1372
21 1378 0 1 0 1379
22 0 16 0 1373 1389
23 0 0 0 1406 1406
24 1 0 1406 0 1407
25 0 0 0 1410 1410
26 0 0 0 1410 1410
27 1413 0 0 0 1413
28 1420 1 0 0 1421
29 1291 0 125 1 1417
30 1304 30 83 0 1417
31 2 1426 0 0 1428
32 1431 0 0 0 1431
33 1425 0 0 0 1425
34 0 1433 0 0 1433
35 0 0 0 1431 1431
36 1 0 1439 0 1440
37 0 1433 0 0 1433
38 0 0 0 1450 1450
39 1446 0 0 0 1446
40 1447 1 0 0 1448
41 0 0 1501 0 1501
42 3 0 1583 0 1586
43 6 0 1583 0 1589
44 1618 0 0 1 1619
45 1 1627 0 0 1628
46 1620 0 19 0 1639
47 1637 0 0 0 1637
48 0 0 0 1647 1647
49 0 0 1640 0 1640
50 1639 0 1 0 1640
51 0 0 1664 0 1664
52 0 0 1786 0 1786
53 0 1814 0 2 1816
54 0 1899 0 1 1900
55 1940 0 1 2 1943
56 1956 0 1 0 1957
57 1965 0 0 0 1965
58 1977 0 0 0 1977
59 1 1998 0 3 2002
60 2016 0 0 7 2023
61 0 0 2053 0 2053
62 0 0 0 2018 2018
63 0 0 0 2072 2072
64 0 2 0 2091 2093
65 0 2 0 2117 2119
66 1 1 2082 2 2086
67 2070 0 2 0 2072
68 2092 0 16 0 2108
69 0 0 2092 0 2092
70 7 2102 2 2 2113
71 1900 0 252 0 2152
72 2162 0 0 0 2162
73 2148 0 0 0 2148
74 0 2187 0 0 2187
75 2189 0 0 0 2189
76 2179 0 0 0 2179
77 26 2153 0 12 2191
78 2228 0 0 4 2232
79 0 0 2238 0 2238
80 0 0 0 2211 2211
81 2276 3 4 0 2283
82 0 0 2291 0 2291
83 2256 35 16 0 2307
84 1 2330 0 0 2331
85 2 2126 0 243 2371
86 2383 0 0 0 2383
87 2362 0 0 0 2362
88 0 0 0 2392 2392
89 2404 0 0 0 2404
90 1 0 0 2419 2420
91 2420 0 3 0 2423
92 2433 0 0 3 2436
93 22 2396 9 0 2427
94 2427 0 4 0 2431
95 0 0 6 2437 2443
96 2442 0 0 0 2442
97 2453 0 1 0 2454
98 0 0 0 2459 2459
99 2480 0 1 0 2481
100 2545 0 0 0 2545
101 1 0 2662 0 2663
102 2754 0 0 0 2754
103 2757 0 0 0 2757
104 2759 0 0 0 2759
105 2800 0 0 0 2800
106 0 0 0 2828 2828
107 0 0 0 2810 2810
108 1 2813 0 1 2815
109 2854 0 0 0 2854
110 2858 0 3 0 2861
111 0 0 0 2863 2863
112 2864 0 0 0 2864
113 1 2872 0 0 2873
114 2869 1 0 0 2870
115 1 4 0 2884 2889
116 2 2957 0 13 2972
117 2985 0 1 0 2986
118 2974 1 0 0 2975
119 0 1 2958 0 2959
120 6 0 2933 2 2941
121 2924 1 1 0 2926
122 0 0 0 2979 2979
123 0 3 0 2956 2959
124 0 0 2957 0 2957
125 2935 0 0 0 2935
126 2961 0 4 0 2965
127 2968 0 7 0 2975
128 2962 0 0 0 2962
129 0 0 2960 0 2960
130 2956 0 21 0 2977
131 2970 1 3 0 2974
132 3 0 0 2976 2979
133 0 2959 0 1 2960
134 1 2991 0 2 2994
135 0 6 0 2989 2995
136 0 0 0 3002 3002
137 1 3040 0 0 3041
138 2975 0 55 0 3030
139 1 3049 0 0 3050
140 3 1 0 3030 3034
141 3055 0 0 0 3055
142 3044 0 0 0 3044
143 0 0 3059 0 3059
144 3 0 3026 0 3029
145 3032 0 0 1 3033
146 0 0 0 3043 3043
147 0 0 3063 0 3063
148 3056 0 0 0 3056
149 3044 0 1 0 3045
150 0 0 2189 0 2189
151 0 6 0 2111 2117
152 0 1 2119 0 2120
153 0 0 2060 1 2061
154 0 2 2072 1 2075
155 0 2175 0 2 2177
156 0 2218 0 2 2220
157 2314 2 0 0 2316
158 0 0 0 2331 2331
159 1 0 2340 0 2341
160 1 3 0 2333 2337
161 0 0 2397 0 2397
162 0 10 0 2405 2415
163 0 0 1 2553 2554
164 0 2612 0 0 2612
165 0 18 1 2674 2693
166 2685 0 5 0 2690
167 2696 0 0 0 2696
168 34 2978 3 22 3037
169 1 0 0 3238 3239
170 0 3 0 3258 3261
171 0 0 0 3280 3280
172 0 3265 0 10 3275
173 1 3286 0 3 3290
174 0 3810 0 0 3810
175 1 0 0 3825 3826
176 1 1 0 3817 3819
177 1 0 3772 0 3773
178 1 3 3733 1 3738
179 1 3886 0 0 3887
180 0 1 0 3871 3872
181 1 3909 0 0 3910
182 0 0 0 3935 3935
183 3947 0 0 0 3947
184 3853 0 0 0 3853
185 0 3864 0 1 3865
186 0 3879 0 0 3879
187 3907 0 0 0 3907
188 3846 0 0 0 3846
189 4 0 3898 0 3902
190 0 0 3848 0 3848
191 1 0 3815 0 3816
192 35 3868 0 10 3913
193 9 0 3928 0 3937
194 3949 0 0 0 3949
195 0 0 1 3944 3945
196 3976 2 0 0 3978
197 0 2 0 4026 4028
198 1 0 4021 0 4022
199 1 1 3969 0 3971
200 0 4028 0 5 4033
201 4055 1 0 0 4056
202 4068 0 3 1 4072
203 4069 0 1 1 4071
204 1 4074 0 14 4089
205 4117 0 1 1 4119
206 0 0 4115 1 4116
207 4114 0 0 2 4116
208 4130 0 0 0 4130
209 0 2 1 4094 4097
210 2 4089 0 3 4094
211 0 4051 0 0 4051
212 1 4081 0 0 4082
213 0 4135 0 0 4135
214 0 2 0 4132 4134
215 0 0 0 4190 4190
216 4 2 4133 0 4139
217 0 0 4104 1 4105
218 4039 0 0 0 4039
219 4090 0 1 0 4091
220 0 35 1 4117 4153
221 4141 0 2 1 4144
222 1 4138 0 1 4140
223 4125 0 1 0 4126
224 4075 1 12 1 4089
225 4059 1 5 12 4077
226 6 0 4045 4 4055
227 7 0 4058 0 4065
228 2 0 4049 0 4051
229 4085 0 0 0 4085
230 0 1 0 4075 4076
231 4114 2 0 1 4117
232 0 4130 0 2 4132
233 4145 0 1 0 4146
234 4140 0 1 3 4144
235 0 4172 0 0 4172
236 1 0 0 4158 4159
237 0 37 0 4148 4185
238 4218 0 2 1 4221
239 4199 0 0 0 4199
240 4200 0 1 0 4201
241 4149 3 10 0 4162
242 2 4130 0 0 4132
243 4210 0 1 0 4211
244 4193 0 4 3 4200
245 4161 0 0 0 4161
246 2 2 1 4118 4123
247 10 3 4092 0 4105
248 12 4107 0 1 4120
249 0 3 1 4173 4177
250 1 0 4163 0 4164
251 4148 0 0 1 4149
252 4146 0 4 0 4150
253 0 0 4128 0 4128
254 4105 0 0 0 4105
255 1 4177 0 0 4178
256 4187 0 0 1 4188
257 0 0 1 4192 4193
258 4214 0 5 0 4219
259 2 0 4187 0 4189
260 0 1 4151 0 4152
261 4163 1 2 3 4169
262 4141 0 0 0 4141
263 1 4155 0 0 4156
264 0 4197 0 0 4197
265 4217 0 2 3 4222
266 4229 1 0 0 4230
267 4206 0 4 0 4210
268 2 0 4189 1 4192
269 0 0 4205 1 4206
270 1 4188 0 13 4202
271 3 4235 0 1 4239
272 4287 0 2 0 4289
273 4232 0 51 0 4283
274 4272 0 0 0 4272
275 3 0 0 4274 4277
276 1 1 4248 1 4251
277 25 0 0 4096 4121
278 0 0 4193 2 4195
279 1 4200 0 2 4203
280 0 3 0 4207 4210
281 2 4197 0 1 4200
282 4248 0 0 0 4248
283 4251 0 0 0 4251
284 0 0 0 4244 4244
285 4221 0 0 0 4221
286 6 0 4172 0 4178
287 0 4145 0 1 4146
288 4160 0 32 0 4192
289 1 1 4161 0 4163
290 0 4142 0 0 4142
291 4140 0 2 0 4142
292 5 0 4160 1 4166
293 0 1 0 4108 4109
294 0 2 1 4149 4152
295 4117 0 0 0 4117
296 0 4133 0 0 4133
297 0 0 0 4104 4104
298 0 4 0 4110 4114
299 1 0 4109 1 4111
300 1 0 4112 0 4113
301 0 0 0 3950 3950
302 0 0 4181 0 4181
303 1 0 4170 1 4172
304 4182 0 6 0 4188
305 4218 0 3 0 4221
306 0 2 0 4217 4219
307 4207 0 1 1 4209
308 0 4212 0 0 4212
309 4202 0 1 1 4204
310 0 89 0 4107 4196
311 4201 0 0 1 4202
312 0 0 0 4169 4169
313 1 0 4194 0 4195
314 2 1 4184 0 4187
315 4155 0 1 0 4156
316 8 4149 0 3 4160
317 2 4173 0 0 4175
318 4254 0 0 0 4254
319 4255 0 9 0 4264
320 0 5 0 4234 4239
321 4248 0 0 0 4248
322 1 0 4241 0 4242
323 0 0 4222 1 4223
324 4161 0 15 0 4176
325 7 0 4188 0 4195
326 4188 0 14 0 4202
327 2 4208 0 0 4210
328 4207 0 0 0 4207
329 1 4268 0 0 4269
330 47 0 4213 15 4275
331 7 0 4241 0 4248
332 4227 0 0 0 4227
333 4265 0 1 0 4266
334 0 0 4294 0 4294
335 1 0 4447 0 4448
336 0 0 3 4238 4241
337 0 0 0 4432 4432
338 0 3 0 4472 4475
339 1 0 2 4472 4475
340 2 0 4431 2 4435
341 4426 0 1 0 4427
342 4439 0 1 0 4440
343 4456 0 0 1 4457
344 2 0 4434 0 4436
345 7 0 4375 0 4382
346 0 0 4407 0 4407
347 0 0 0 4316 4316
348 0 4373 1 0 4374
349 0 2 0 4386 4388
350 4339 0 1 2 4342
351 0 4365 0 5 4370
352 1 0 4362 0 4363
353 4355 0 1 0 4356
354 4340 1 6 0 4347
355 4352 1 5 0 4358
356 3 0 4347 0 4350
357 0 4341 1 1 4343
358 6 7 0 4346 4359
359 0 0 0 4376 4376
360 0 0 0 4363 4363
361 0 4 0 4358 4362
362 0 0 0 4319 4319
363 0 5 1 4238 4244
364 1 4133 0 18 4152
365 0 3 0 4052 4055
366 2 4021 10 1 4034
367 4063 0 0 0 4063
368 0 0 4056 0 4056
369 4011 1 27 0 4039
370 4038 0 0 0 4038
371 4056 0 0 0 4056
372 4033 0 0 0 4033
373 4009 1 2 0 4012
374 3 4 1 3979 3987
375 390 0 3460 0 3850
376 3799 0 0 0 3799
377 0 0 3812 0 3812
378 3756 0 0 0 3756
379 1 3758 0 0 3759
380 2 1 1 3737 3741
381 0 1 0 3759 3760
382 0 0 3737 1 3738
383 3649 0 4 1 3654
384 0 3625 0 4 3629
385 3479 0 0 0 3479
386 3336 0 1 0 3337
387 3 3292 0 41 3336
388 1 0 3354 0 3355
389 0 3309 0 0 3309
390 0 3326 1 1 3328
391 3310 0 4 0 3314
392 1 3329 0 0 3330
393 0 0 0 3265 3265
394 0 0 0 3294 3294
395 1 0 3294 0 3295
396 0 0 3219 2 3221
397 0 0 3199 0 3199
398 0 0 3190 0 3190
399 0 3171 0 6 3177
400 0 3237 0 1 3238
401 0 0 3265 1 3266
402 13 2 3215 1 3231
403 3163 0 27 0 3190
404 0 0 0 3267 3267
405 3252 0 3 0 3255
406 3216 1 30 0 3247
407 1 3274 0 1 3276
408 0 1 0 3279 3280
409 0 0 0 3273 3273
410 0 3 0 3295 3298
411 0 3 0 3298 3301
412 0 0 3193 0 3193
413 1 0 3143 0 3144
414 7 3170 1 15 3193
415 0 3177 0 7 3184
416 1 3245 0 1 3247
417 3248 4 2 0 3254
418 3 0 3268 0 3271
419 0 0 1 3213 3214
420 0 2 0 3285 3287
421 1 0 3328 0 3329
422 3325 0 2 0 3327
423 3338 0 1 0 3339
424 3345 0 0 0 3345
425 1 0 3317 0 3318
426 3316 0 5 0 3321
427 0 0 3344 0 3344
428 0 0 0 3112 3112
429 9 0 3244 0 3253
430 3260 0 1 0 3261
431 19 0 3400 0 3419
432 3473 0 1 0 3474
433 3504 0 0 0 3504
434 3525 0 0 0 3525
435 3532 0 2 0 3534
436 3529 1 2 0 3532
437 0 0 3529 1 3530
438 3410 0 36 0 3446
439 0 0 3488 0 3488
440 0 1 1 3322 3324
441 3423 1 1 0 3425
442 0 3447 0 6 3453
443 0 0 0 3451 3451
444 3439 2 5 1 3447
445 0 3472 0 1 3473
446 0 0 0 3463 3463
447 3453 20 4 0 3477
448 3474 0 1 0 3475
449 3361 0 1 0 3362
450 7 3442 0 0 3449
451 0 3400 0 0 3400
452 0 3421 0 1 3422
453 2 0 0 3387 3389
454 0 3464 0 1 3465
455 0 0 0 3387 3387
456 1 3444 0 2 3447
457 3388 1 0 1 3390
458 0 3431 1 0 3432
459 1 3470 0 0 3471
460 3483 0 1 3 3487
461 3487 0 1 0 3488
462 24 0 3457 1 3482
463 1 0 3443 1 3445
464 3489 0 0 0 3489
465 3491 0 24 0 3515
466 3521 0 1 0 3522
467 0 0 0 3457 3457
468 2 0 3451 0 3453
469 0 3409 0 2 3411
470 2 3420 1 0 3423
471 0 13 1 3403 3417
472 1 3446 0 0 3447
473 1 3492 0 0 3493
474 4 0 3512 1 3517
475 0 0 3503 0 3503
476 3460 0 1 0 3461
477 0 2 0 3449 3451
478 0 0 3445 0 3445
479 3454 2 0 2 3458
480 1 0 3475 1 3477
481 0 0 3434 1 3435
482 0 3432 0 4 3436
483 3 0 3403 12 3418
484 3364 1 8 3 3376
485 10 0 3421 0 3431
486 2 3384 0 13 3399
487 3414 0 0 1 3415
488 3452 0 1 0 3453
489 0 0 0 3505 3505
490 2 0 3574 0 3576
491 0 2 0 3594 3596
492 8 0 3722 0 3730
493 3741 2 1 0 3744
494 0 1 0 3781 3782
495 3804 1 0 0 3805
496 3811 0 0 0 3811
497 0 0 0 4036 4036
498 2 0 4071 0 4073
499 0 0 4166 0 4166
500 4181 0 0 0 4181
501 4241 0 0 0 4241
502 4242 0 0 0 4242
503 0 1 0 4223 4224
504 4272 0 0 1 4273
505 0 19 0 4197 4216
506 0 0 0 4251 4251
507 3 0 4244 0 4247
508 0 1 1 4148 4150
509 0 1 0 4169 4170
510 0 4122 0 1 4123
511 1 4057 2 0 4060
512 0 4179 0 1 4180
513 0 0 0 4221 4221
514 4253 0 0 0 4253
515 4222 0 3 0 4225
516 4184 2 3 2 4191
517 0 0 4248 0 4248
518 4208 1 0 0 4209
519 4251 4 1 3 4259
520 0 0 4202 1 4203
521 0 4217 1 0 4218
522 4300 0 2 1 4303
523 1 0 4435 0 4436
524 3 0 4413 0 4416
525 4459 0 3 0 4462
526 4468 0 0 0 4468
527 0 1 0 4419 4420
528 4456 0 0 0 4456
529 0 4459 0 0 4459
530 1 4499 0 2 4502
531 4570 0 0 0 4570
532 4871 0 2 0 4873
533 0 0 4845 1 4846
534 4861 0 8 0 4869
535 0 0 4873 0 4873
536 4903 0 0 1 4904
537 4891 2 2 0 4895
538 1 1 0 4822 4824
539 1 4820 0 0 4821
540 1 4844 0 1 4846
541 4819 0 1 0 4820
542 1 4917 0 3 4921
543 0 2 0 4903 4905
544 0 1 0 4937 4938
545 0 0 4949 0 4949
546 1 0 4916 0 4917
547 4893 0 3 0 4896
548 1 0 0 4918 4919
549 4942 0 0 1 4943
550 0 4925 0 2 4927
551 4896 0 1 1 4898
552 0 10 0 4891 4901
553 4861 1 4 6 4872
554 19 2 4845 0 4866
555 2 0 4858 0 4860
556 4 0 4829 0 4833
557 4811 0 1 0 4812
558 4923 0 0 0 4923
559 0 4915 0 0 4915
560 1 1 1 4970 4973
561 8 0 4913 0 4921
562 4881 0 0 0 4881
563 0 0 0 4952 4952
564 4938 0 1 0 4939
565 4929 0 0 0 4929
566 4917 0 6 0 4923
567 4921 0 4 0 4925
568 3 0 4949 1 4953
569 5087 0 0 0 5087
570 5212 0 4 0 5216
571 5254 0 1 0 5255
572 5268 0 1 0 5269
573 5286 0 1 2 5289
574 5270 0 2 0 5272
575 34 0 5241 2 5277
576 5249 0 1 2 5252
577 0 1 5395 0 5396
578 5392 0 0 0 5392
579 5423 0 3 0 5426
580 5406 0 0 0 5406
581 5392 0 0 3 5395
582 5386 1 0 0 5387
583 0 1 0 5354 5355
584 2 1 0 5360 5363
585 1 0 5308 0 5309
586 5266 0 1 2 5269
587 5336 0 0 0 5336
588 5306 0 7 0 5313
589 22 0 5294 0 5316
590 0 0 5265 0 5265
591 5294 0 14 0 5308
592 5358 2 1 0 5361
593 0 5326 0 1 5327
594 5351 0 0 0 5351
595 5336 0 0 0 5336
596 0 0 0 5356 5356
597 6 0 5331 1 5338
598 5337 0 0 2 5339
599 0 0 0 5370 5370
600 5391 0 0 0 5391
601 5322 0 0 0 5322
602 1 5380 2 1 5384
603 0 1 2 5311 5314
604 0 5383 1 1 5385
605 1 5411 0 0 5412
606 5470 0 3 0 5473
607 5406 0 5 1 5412
608 0 0 0 5377 5377
609 2 5418 0 2 5422
610 9 0 5404 1 5414
611 0 3 0 5287 5290
612 5161 0 222 2 5385
613 0 5524 0 24 5548
614 1 4 0 5491 5496
615 3 2 5490 0 5495
616 3 0 5455 0 5458
617 0 5573 3 5 5581
618 5652 0 3 1 5656
619 0 0 0 5661 5661
620 5652 0 2 1 5655
621 1 5672 0 4 5677
622 5736 0 2 0 5738
623 0 2 0 5689 5691
624 0 0 5672 0 5672
625 2 5674 0 0 5676
626 0 1 0 5759 5760
627 0 1 0 5831 5832
628 2 0 5805 0 5807
629 5793 0 1 0 5794
630 5853 0 11 0 5864
631 5892 0 2 0 5894
632 0 0 5880 0 5880
633 5933 0 1 0 5934
634 0 0 5929 0 5929
635 5974 1 1 0 5976
636 5913 1 71 0 5985
637 5 6083 0 0 6088
638 0 1 0 6032 6033
639 10 0 6052 0 6062
640 1 0 5986 0 5987
641 0 1 0 5924 5925
642 0 0 1 6022 6023
643 1 0 6023 0 6024
644 0 6263 3 2 6268
645 0 3 0 6271 6274
646 5 6378 0 0 6383
647 0 0 6431 3 6434
648 6344 0 1 0 6345
649 6397 0 0 1 6398
650 2 0 6571 1 6574
651 6565 0 0 0 6565
652 6612 0 0 1 6613
653 2 0 6623 0 6625
654 6640 2 1 0 6643
655 1 3 0 6663 6667
656 0 4 0 6684 6688
657 0 6677 0 2 6679
658 0 3 0 6667 6670
659 0 0 3 6660 6663
660 8 0 6632 0 6640
661 1 6546 1 13 6561
662 0 6628 0 5 6633
663 6665 11 1 0 6677
664 4 3 6639 0 6646
665 0 3 0 6535 6538
666 5 0 6573 0 6578
667 4 0 6541 0 6545
668 2 6575 0 5 6582
669 6660 0 5 0 6665
670 4 3 6639 1 6647
671 2 0 6446 0 6448
672 5864 0 0 0 5864
673 0 0 5816 0 5816
674 3 5875 0 3 5881
675 6023 0 1 0 6024
676 6498 0 0 0 6498
677 0 5826 0 1 5827
678 6155 1 0 0 6156
679 2 0 0 5584 5586
680 0 5813 0 2 5815
681 5937 1 1 3 5942
682 0 1 5788 1 5790
683 0 5990 0 2 5992
684 1 14 1 6080 6096
685 1 0 6083 1 6085
686 5666 1 3 2 5672
687 3 0 6113 0 6116
688 0 1 1 5526 5528
689 0 0 0 6124 6124
690 0 5896 0 2 5898
691 5968 0 1 1 5970
692 1 0 0 6120 6121
693 6223 0 10 2 6235
694 1 0 5814 3 5818
695 5965 1 0 1 5967
696 6435 0 8 1 6444
697 6596 0 0 1 6597
698 0 1 0 5826 5827
699 0 1 5891 1 5893
700 0 5989 0 2 5991
701 0 3 0 6133 6136
702 6040 0 103 1 6144
703 0 6150 0 0 6150
704 6026 0 1 0 6027
705 1 6016 0 4 6021
706 0 2 0 5917 5919
707 1 1 6020 2 6024
708 0 6122 0 2 6124
709 0 13 0 6145 6158
710 0 9 1 6561 6571
711 6237 1 8 0 6246
712 0 6252 2 0 6254
713 6337 1 0 1 6339
714 6571 1 3 0 6575
715 0 0 6097 1 6098
716 1 0 6422 0 6423
717 1 1 3 4440 4445
718 4 0 5867 1 5872
719 5812 1 3 1 5817
720 6360 0 108 0 6468
721 6652 0 1 0 6653
722 6749 0 0 2 6751
723 2 0 0 5796 5798
724 1 2 0 6326 6329
725 2 0 5889 4 5895
726 4 2 6286 0 6292
727 5764 3 1 0 5768
728 6 0 5977 1 5984
729 5897 0 14 0 5911
730 2 5952 0 0 5954
731 6199 0 1 0 6200
732 6431 0 2 0 6433
733 6525 0 0 0 6525
734 0 27 0 5785 5812
735 6267 0 3 0 6270
736 0 1 0 5942 5943
737 6108 2 0 0 6110
738 2 2 0 5620 5624
739 1 5564 0 3 5568
740 5635 2 2 0 5639
741 1 5671 0 3 5675
742 0 5985 0 4 5989
743 2 6182 0 0 6184
744 5573 1 0 0 5574
745 0 4 5720 4 5728
746 0 0 5931 1 5932
747 5327 2 8 0 5337
748 3 0 5782 2 5787
749 0 0 6003 0 6003
750 10 0 6053 2 6065
751 5548 0 0 2 5550
752 6031 0 4 1 6036
753 0 27 1 5785 5813
754 5981 0 0 0 5981
755 6181 0 1 0 6182
756 6264 0 0 0 6264
757 2 104 0 5544 5650
758 0 0 0 5962 5962
759 5923 0 12 1 5936
760 6108 0 4 1 6113
761 2 5769 0 0 5771
762 2 0 0 5759 5761
763 0 0 5704 0 5704
764 5893 0 0 0 5893
765 2 1 5837 1 5841
766 0 1 0 5619 5620
767 11 5843 0 0 5854
768 0 6197 0 6 6203
769 6069 0 2 2 6073
770 1 0 6038 4 6043
771 3 0 6218 0 6221
772 2 0 0 5417 5419
773 0 5983 0 0 5983
774 1 3 0 6085 6089
775 0 6195 0 0 6195
776 6281 0 0 5 6286
777 6428 0 1 0 6429
778 0 0 0 6208 6208
779 0 6145 0 2 6147
780 6219 0 20 1 6240
781 6370 0 0 0 6370
782 1 0 0 6131 6132
783 3 0 6193 0 6196
784 6194 2 0 0 6196
785 1 0 0 6236 6237
786 6280 5 0 2 6287
787 0 0 6137 0 6137
788 0 2 0 5896 5898
789 6112 1 7 2 6122
790 0 0 6052 0 6052
791 0 6070 0 0 6070
792 0 1 0 6167 6168
793 0 0 1 6352 6353
794 0 0 6181 1 6182
795 1 0 0 5944 5945
796 6122 0 0 0 6122
797 0 0 6165 0 6165
798 5 0 6310 1 6316
799 6158 0 1 0 6159
800 6510 0 0 0 6510
801 6627 0 0 1 6628
802 6666 0 10 0 6676
803 2 0 0 6438 6440
804 6542 0 0 0 6542
805 6615 0 0 0 6615
806 0 1 0 6310 6311
807 7 6300 0 3 6310
808 6675 1 1 0 6677
809 1 0 6559 0 6560
810 6715 0 1 3 6719
811 6836 0 1 0 6837
812 1 0 6695 3 6699
813 6832 2 1 0 6835
814 0 7 0 6773 6780
815 1 6965 0 3 6969
816 7192 0 1 1 7194
817 7218 2 2 1 7223
818 0 1 0 7042 7043
819 7172 1 0 9 7182
820 0 2 7122 0 7124
821 1 6 1 6905 6913
822 1 7194 0 15 7210
823 3 0 7192 0 7195
824 0 6883 0 0 6883
825 0 4 3 6870 6877
826 0 0 0 7014 7014
827 2 6944 0 1 6947
828 6997 0 2 0 6999
829 7056 0 1 2 7059
830 7047 0 1 1 7049
831 1 6886 0 2 6889
832 2 6975 0 1 6978
833 0 7071 0 0 7071
834 6811 4 5 0 6820
835 6 7052 1 0 7059
836 0 3 0 6946 6949
837 1 0 6862 1 6864
838 0 0 6905 0 6905
839 6841 0 1 2 6844
840 1 0 6953 1 6955
841 1 7016 0 3 7020
842 1 0 0 7090 7091
843 7073 1 0 0 7074
844 17 0 7013 0 7030
845 3 7064 0 0 7067
846 2 2 0 7122 7126
847 2 3 7175 0 7180
848 1 0 0 7045 7046
849 7251 2 7 0 7260
850 5 0 7228 0 7233
851 7282 0 0 0 7282
852 7403 0 1 1 7405
853 7457 0 14 0 7471
854 0 5 0 7251 7256
855 1 2 0 7450 7453
856 2 0 7304 0 7306
857 1 7310 0 4 7315
858 7558 6 0 0 7564
859 7645 0 2 0 7647
860 7607 1 0 2 7610
861 1 7573 0 3 7577
862 7653 0 1 0 7654
863 7656 0 0 0 7656
864 128 0 7372 0 7500
865 7490 0 0 0 7490
866 0 7601 0 0 7601
867 1 0 0 7621 7622
868 0 0 7668 0 7668
869 2 2 1 7491 7496
870 144 0 7514 2 7660
871 7650 0 11 2 7663
872 2 0 0 7695 7697
873 7786 0 2 1 7789
874 1 0 7698 1 7700
875 7667 3 0 2 7672
876 1 5 0 7665 7671
877 7706 0 25 2 7733
878 0 7804 0 2 7806
879 0 225 1 7648 7874
880 2 0 7884 3 7889
881 7895 0 2 0 7897
882 7828 0 1 0 7829
883 1 7806 0 0 7807
884 2 7959 0 0 7961
885 0 5 0 7979 7984
886 0 1 0 8048 8049
887 0 0 0 8089 8089
888 8064 0 22 1 8087
889 8079 0 3 0 8082
890 8081 0 0 0 8081
891 29 0 7871 0 7900
892 1 1 0 7675 7677
893 0 7869 1 1 7871
894 7972 0 0 0 7972
895 1 0 2 7905 7908
896 1 0 7908 0 7909
897 1 5 2 7851 7859
898 3 7923 0 0 7926
899 0 1 1 7893 7895
900 3 1 7886 0 7890
901 19 0 7809 0 7828
902 1 7814 1 4 7820
903 7869 0 6 2 7877
904 2 0 7863 0 7865
905 0 7761 0 2 7763
906 0 7902 1 3 7906
907 7933 0 1 3 7937
908 0 0 1 7935 7936
909 7928 0 2 0 7930
910 1 0 7926 0 7927
911 7795 0 4 1 7800
912 2 7926 1 5 7934
913 2 0 7921 2 7925
914 2 0 7912 1 7915
915 7729 1 29 0 7759
916 0 0 7924 2 7926
917 1 0 7928 1 7930
918 1 1 1 7441 7444
919 4 0 7825 0 7829
920 7796 0 1 0 7797
921 0 2 0 7840 7842
922 0 0 7825 0 7825
923 1 1 1 7699 7702
924 7778 0 5 0 7783
925 0 0 7715 1 7716
926 1 7710 0 1 7712
927 0 111 1 7587 7699
928 0 0 0 7744 7744
929 1 0 7718 0 7719
930 0 3 0 7612 7615
931 2 0 7643 0 7645
932 7651 0 3 0 7654
933 1 7646 0 2 7649
934 7631 0 0 0 7631
935 1 2 0 7615 7618
936 7614 0 0 0 7614
937 7406 0 1 3 7410
938 1 1 0 7428 7430
939 7384 0 32 0 7416
940 7410 0 2 0 7412
941 1 0 7286 0 7287
942 7213 0 1 0 7214
943 2 2 7237 0 7241
944 0 7219 0 0 7219
945 1 3 0 7226 7230
946 1 1 7157 1 7160
947 3 7144 0 0 7147
948 7248 0 2 0 7250
949 6 0 0 7145 7151
950 0 1 0 7184 7185
951 7147 0 40 1 7188
952 0 0 7123 0 7123
953 0 0 7070 0 7070
954 7077 0 11 1 7089
955 2 7032 0 31 7065
956 1 0 1 7188 7190
957 7257 1 2 0 7260
958 7216 0 1 0 7217
959 7166 0 6 0 7172
960 3 0 7137 0 7140
961 7048 0 9 3 7060
962 0 0 0 6912 6912
963 1 7001 0 9 7011
964 6988 0 0 1 6989
965 3 0 6971 0 6974
966 6886 0 1 0 6887
967 1 6887 0 2 6890
968 6927 0 0 1 6928
969 6913 0 0 1 6914
970 6879 0 0 0 6879
971 1 0 6856 0 6857
972 6751 0 45 0 6796
973 2 6812 0 1 6815
974 6879 0 3 0 6882
975 6840 1 1 0 6842
976 6770 0 0 1 6771
977 1 0 6701 1 6703
978 6671 0 1 0 6672
979 1 0 3 6539 6543
980 0 0 0 6597 6597
981 0 4 1 6595 6600
982 2 2 6531 0 6535
983 2 0 6518 1 6521
984 6502 0 15 2 6519
985 0 6509 0 2 6511
986 1 0 6490 1 6492
987 43 0 6421 0 6464
988 0 6436 0 1 6437
989 0 0 0 6478 6478
990 17 1 15 6481 6514
991 0 0 6465 0 6465
992 6352 1 0 2 6355
993 28 0 6345 5 6378
994 1 6354 0 11 6366
995 5 0 0 6479 6484
996 6494 0 2 0 6496
997 6479 0 1 0 6480
998 6537 0 1 0 6538
999 6491 0 2 0 6493
1000 6521 0 2 0 6523
1001 7 0 6464 0 6471
1002 6407 0 7 0 6414
1003 6458 0 0 2 6460
1004 0 0 1 6379 6380
1005 6394 1 0 2 6397
1006 1 1 2 6247 6251
1007 1 6285 0 24 6310
1008 6313 0 5 0 6318
1009 3 0 6310 0 6313
1010 3 0 6178 1 6182
1011 6147 0 0 0 6147
1012 6210 0 1 1 6212
1013 0 0 6317 0 6317
1014 6303 0 30 0 6333
1015 0 0 6320 0 6320
1016 0 1 6247 0 6248
1017 6239 0 4 0 6243
1018 3 1 0 6126 6130
1019 1 2 0 6188 6191
1020 0 6198 0 3 6201
1021 6315 0 3 1 6319
1022 6350 0 0 0 6350
1023 6364 0 1 0 6365
1024 6350 0 1 1 6352
1025 6266 0 1 0 6267
1026 0 6 2 6200 6208
1027 0 0 6123 1 6124
1028 6023 4 1 1 6029
1029 4 1 1 6033 6039
1030 0 0 6020 7 6027
1031 5953 0 0 1 5954
1032 5944 0 1 0 5945
1033 4 0 5986 1 5991
1034 5924 0 1 0 5925
1035 5919 0 1 0 5920
1036 5924 0 1 0 5925
1037 0 0 2 5880 5882
1038 5897 0 0 4 5901
1039 0 3 1 5833 5837
1040 0 2 1 5842 5845
1041 5897 0 7 0 5904
1042 5817 0 0 0 5817
1043 0 1 1 5814 5816
1044 5833 1 3 0 5837
1045 0 0 5784 1 5785
1046 0 0 5701 2 5703
1047 0 0 5659 0 5659
1048 5729 0 1 0 5730
1049 5743 0 1 0 5744
1050 4 5700 0 6 5710
1051 2 0 5712 0 5714
1052 2 1 5728 1 5732
1053 5754 0 10 0 5764
1054 5742 0 2 0 5744
1055 5 5749 0 0 5754
1056 5799 0 2 1 5802
1057 5795 0 1 0 5796
1058 0 4 0 5714 5718
1059 5715 0 0 0 5715
1060 3 5717 0 2 5722
1061 5767 0 1 0 5768
1062 6 3 5765 1 5775
1063 5742 0 0 0 5742
1064 5715 0 1 0 5716
1065 5 0 5670 1 5676
1066 5665 0 1 0 5666
1067 1 0 0 5578 5579
1068 0 2 3 5684 5689
1069 3 0 5723 1 5727
1070 2 0 5667 0 5669
1071 5667 0 1 0 5668
1072 5690 0 0 2 5692
1073 0 1 0 5612 5613
1074 5670 0 0 1 5671
1075 0 0 1 5610 5611
1076 0 0 5661 1 5662
1077 2 1 5564 0 5567
1078 0 0 5520 0 5520
1079 5454 0 2 1 5457
1080 4 5426 0 2 5432
1081 2 0 5434 2 5438
1082 1 0 5424 0 5425
1083 11 1 5435 0 5447
1084 2 0 5463 0 5465
1085 5453 0 3 0 5456
1086 5542 0 1 0 5543
1087 4 0 5497 0 5501
1088 5505 1 0 2 5508
1089 0 0 5552 0 5552
1090 2 0 5539 0 5541
1091 5507 0 0 0 5507
1092 6 0 5766 0 5772
1093 1 0 1 5620 5622
1094 0 3 1 5647 5651
1095 2 5625 0 2 5629
1096 5 5681 0 0 5686
1097 5728 0 3 0 5731
1098 1 6 1 5746 5754
1099 3 0 5773 1 5777
1100 0 4 0 5636 5640
1101 5719 0 5 0 5724
1102 5690 0 0 0 5690
1103 1 0 5738 0 5739
1104 5614 0 1 0 5615
1105 0 0 0 5628 5628
1106 1 0 5673 0 5674
1107 5 1 1 5436 5443
1108 2 0 5630 4 5636
1109 1 0 5678 1 5680
1110 0 11 1 5440 5452
1111 2 0 5561 0 5563
1112 5615 0 1 0 5616
1113 5644 0 0 0 5644
1114 0 2 0 5582 5584
1115 2 0 5525 1 5528
1116 0 5472 0 2 5474
1117 5505 0 0 3 5508
1118 0 1 5748 0 5749
1119 36 0 5783 2 5821
1120 4 0 6674 0 6678
1121 2 0 6746 3 6751
1122 6715 0 11 1 6727
1123 6767 0 7 0 6774
1124 0 1 1 6822 6824
1125 6866 0 0 0 6866
1126 1 3 0 6880 6884
1127 1 1 0 6951 6953
1128 6919 0 2 0 6921
1129 7019 0 1 0 7020
1130 7088 0 0 0 7088
1131 7079 0 10 0 7089
1132 7102 0 1 0 7103
1133 7072 0 5 0 7077
1134 9 0 7062 0 7071
1135 7033 0 5 0 7038
1136 2 0 7093 1 7096
1137 0 0 0 6865 6865
1138 7078 0 0 0 7078
1139 7085 0 2 0 7087
1140 7057 0 0 0 7057
1141 7080 0 0 0 7080
1142 1 0 3 7060 7064
1143 0 0 6992 0 6992
1144 6985 0 1 1 6987
1145 7021 0 2 0 7023
1146 6981 0 1 0 6982
1147 1 7041 0 8 7050
1148 0 0 2 6890 6892
1149 0 1 6990 2 6993
1150 2 0 7005 0 7007
1151 6957 0 25 0 6982
1152 7015 0 2 0 7017
1153 7067 0 0 0 7067
1154 7064 0 1 0 7065
1155 7054 1 0 0 7055
1156 1 7112 0 3 7116
1157 1 2 1 6981 6985
1158 7028 0 1 0 7029
1159 2 7044 0 0 7046
1160 3 0 1 7063 7067
1161 9 0 7007 0 7016
1162 7001 2 3 0 7006
1163 0 5 1 6976 6982
1164 7002 0 0 0 7002
1165 6965 0 1 0 6966
1166 6971 0 1 1 6973
1167 0 0 0 6875 6875
1168 0 1 1 6832 6834
1169 0 6835 0 3 6838
1170 6864 0 5 4 6873
1171 1 1 6845 0 6847
1172 5 6745 0 3 6753
1173 5 6782 0 12 6799
1174 6881 0 3 0 6884
1175 6866 1 1 0 6868
1176 6877 0 0 1 6878
1177 6894 0 1 0 6895
1178 6875 0 2 1 6878
1179 29 1 6910 0 6940
1180 1 0 6868 0 6869
1181 6788 0 11 0 6799
1182 5 0 6919 0 6924
1183 0 0 6859 0 6859
1184 6899 0 0 0 6899
1185 0 3 1 6898 6902
1186 6937 3 5 0 6945
1187 1 0 0 7001 7002
1188 9 0 6998 0 7007
1189 6985 0 6 1 6992
1190 11 1 6971 0 6983
1191 6892 0 1 0 6893
1192 1 0 6832 3 6836
1193 7017 0 1 0 7018
1194 0 1 0 7009 7010
1195 0 5 1 7086 7092
1196 0 3 1 7215 7219
1197 7297 0 3 0 7300
1198 7251 61 3 1 7316
1199 0 1 2 7345 7348
1200 7363 0 3 0 7366
1201 7353 0 11 1 7365
1202 0 3 1 7470 7474
1203 4 7574 0 19 7597
1204 0 1 0 7625 7626
1205 0 1 0 7693 7694
1206 7659 0 10 0 7669
1207 3 2 1 7746 7752
1208 1 0 7766 0 7767
1209 2 7680 0 33 7715
1210 7789 1 1 1 7792
1211 0 2 1 7912 7915
1212 4 0 7932 0 7936
1213 3 1 7961 0 7965
1214 1 0 0 7785 7786
1215 8078 1 42 0 8121
1216 0 0 0 8224 8224
1217 0 0 0 8300 8300
1218 0 4 0 8255 8259
1219 0 1 0 8297 8298
1220 0 8253 0 1 8254
1221 0 1 0 8242 8243
1222 2 8274 0 6 8282
1223 8430 0 1 0 8431
1224 8410 0 3 4 8417
1225 0 0 8400 0 8400
1226 8353 2 0 0 8355
1227 3 8427 0 0 8430
1228 8424 0 2 0 8426
1229 2 8623 0 7 8632
1230 0 2 0 8649 8651
1231 8705 0 4 14 8723
1232 10 0 8879 0 8889
1233 1 0 8858 1 8860
1234 8844 0 2 0 8846
1235 1 0 0 8891 8892
1236 1 0 8947 0 8948
1237 0 0 0 8907 8907
1238 0 1 0 8911 8912
1239 0 8867 0 1 8868
1240 5 8877 0 3 8885
1241 8948 0 2 0 8950
1242 8910 0 8 0 8918
1243 3 0 8947 3 8953
1244 2 0 8857 3 8862
1245 1 0 8892 0 8893
1246 0 0 8924 0 8924
1247 0 0 0 8507 8507
1248 20 0 8755 0 8775
1249 8881 0 1 0 8882
1250 6 0 9005 1 9012
1251 9006 0 0 0 9006
1252 1 0 9110 2 9113
1253 1 0 9099 0 9100
1254 9011 0 4 2 9017
1255 1 0 9153 0 9154
1256 9145 0 1 1 9147
1257 9274 0 2 0 9276
1258 9362 1 2 0 9365
1259 0 1 0 9399 9400
1260 9469 1 4 1 9475
1261 9537 1 0 0 9538
1262 9648 0 9 0 9657
1263 3 0 0 9809 9812
1264 0 1 1 9870 9872
1265 0 2 0 9901 9903
1266 0 4 1 9968 9973
1267 1 9987 0 7 9995
1268 0 0 0 10013 10013
1269 1 29 0 9985 10015
1270 10039 2 1 2 10044
1271 9983 1 1 0 9985
1272 2 0 0 9880 9882
1273 3 9923 0 0 9926
1274 7 0 9869 2 9878
1275 9709 1 11 1 9722
1276 3 0 9787 2 9792
1277 0 9617 0 6 9623
1278 9300 0 102 269 9671
1279 3 0 9633 5 9641
1280 12 0 9510 0 9522
1281 3 9474 0 3 9480
1282 5 9545 0 1 9551
1283 9680 0 2 0 9682
1284 9522 0 1 1 9524
1285 3 9729 1 0 9733
1286 0 7 0 9672 9679
1287 0 7 0 9606 9613
1288 3 52 0 9608 9663
1289 1 2 1 9662 9666
1290 9494 0 35 1 9530
1291 3 1 0 9176 9180
1292 0 9116 0 0 9116
1293 0 8 0 8950 8958
1294 0 9010 0 14 9024
1295 0 9007 0 1 9008
1296 9022 3 2 1 9028
1297 8909 7 3 0 8919
1298 1 0 0 8836 8837
1299 1 0 8771 0 8772
1300 1 4 0 8531 8536
1301 8559 0 2 2 8563
1302 1 8703 0 19 8723
1303 0 8598 0 1 8599
1304 8739 1 3 0 8743
1305 8653 0 2 0 8655
1306 0 8681 1 0 8682
1307 0 7 0 8567 8574
1308 1 8610 0 2 8613
1309 0 8662 3 0 8665
1310 8636 1 5 4 8646
1311 8585 1 1 0 8587
1312 0 8683 1 1 8685
1313 0 0 8592 2 8594
1314 8552 0 2 0 8554
1315 0 0 2 8571 8573
1316 8580 1 1 3 8585
1317 0 8 0 8569 8577
1318 1 1 0 8624 8626
1319 2 1 0 8605 8608
1320 0 2 0 8568 8570
1321 1 7 0 8478 8486
1322 0 2 0 8484 8486
1323 23 0 8007 0 8030
1324 8018 1 2 0 8021
1325 7945 0 19 0 7964
1326 1 8 0 8011 8020
1327 7981 0 0 2 7983
1328 1 0 7923 0 7924
1329 7870 0 5 1 7876
1330 7871 0 1 0 7872
1331 18 0 7643 0 7661
1332 2 7596 0 0 7598
1333 7689 0 1 0 7690
1334 7568 4 8 1 7581
1335 1 7471 0 68 7540
1336 10 0 7475 1 7486
1337 7280 1 2 0 7283
1338 0 7480 7 3 7490
1339 2 7499 0 2 7503
1340 1 11 0 7505 7517
1341 0 3 1 7550 7554
1342 0 1 0 7546 7547
1343 0 1 0 7528 7529
1344 0 3 1 7501 7505
1345 2 0 7348 2 7352
1346 7227 0 0 0 7227
1347 2 3 0 7196 7201
1348 1 7229 0 2 7232
1349 7246 0 5 0 7251
1350 7160 0 2 0 7162
1351 0 4 2 7175 7181
1352 0 2 7146 1 7149
1353 3 0 7080 2 7085
1354 1 0 7056 1 7058
1355 1 0 7110 0 7111
1356 16 0 7088 0 7104
1357 0 1 0 6638 6639
1358 7038 0 2 1 7041
1359 0 0 0 7107 7107
1360 1 0 7089 2 7092
1361 7053 0 13 1 7067
1362 0 0 7082 1 7083
1363 7 0 7021 1 7029
1364 7093 0 0 1 7094
1365 7143 0 0 0 7143
1366 0 0 10 7062 7072
1367 2 7003 0 0 7005
1368 6833 0 0 9 6842
1369 0 7186 2 1 7189
1370 5 7207 0 3 7215
1371 2 7198 0 15 7215
1372 7302 0 0 1 7303
1373 7295 0 2 0 7297
1374 7336 1 0 0 7337
1375 4 0 7283 1 7288
1376 1 7254 0 1 7256
1377 7344 0 0 1 7345
1378 7267 0 0 3 7270
1379 2 0 7292 0 7294
1380 0 1 0 7074 7075
1381 1 0 7162 1 7164
1382 7220 1 1 0 7222
1383 7199 0 0 0 7199
1384 1 7204 0 0 7205
1385 0 1 0 7188 7189
1386 7136 0 1 1 7138
1387 95 7053 0 0 7148
1388 7134 0 1 1 7136
1389 0 0 0 7129 7129
1390 1 0 7131 0 7132
1391 0 0 7088 1 7089
1392 8 0 7032 0 7040
1393 6999 1 5 1 7006
1394 0 0 0 7020 7020
1395 7066 0 3 0 7069
1396 7041 0 11 0 7052
1397 7041 0 2 0 7043
1398 2 0 0 6963 6965
1399 2 0 6909 0 6911
1400 6842 1 1 0 6844
1401 6780 0 5 0 6785
1402 0 0 0 6683 6683
1403 0 6775 0 5 6780
1404 6795 0 2 1 6798
1405 6732 0 0 0 6732
1406 0 0 0 6723 6723
1407 0 0 6704 0 6704
1408 6675 1 1 1 6678
1409 6656 0 0 0 6656
1410 0 0 0 6575 6575
1411 9 0 6514 0 6523
1412 0 6516 0 0 6516
1413 6506 0 0 1 6507
1414 1 0 0 6487 6488
1415 0 6449 0 1 6450
1416 1 1 0 6446 6448
1417 5 0 6347 0 6352
1418 6283 0 0 0 6283
1419 9 6314 0 12 6335
1420 4 1 0 6302 6307
1421 6301 0 0 0 6301
1422 0 10 0 6242 6252
1423 6187 0 0 0 6187
1424 6 6211 0 4 6221
1425 6126 0 21 48 6195
1426 2 5 0 6089 6096
1427 0 2 1 6091 6094
1428 43 0 6013 0 6056
1429 5975 0 1 1 5977
1430 5990 0 3 2 5995
1431 5993 1 2 1 5997
1432 3 0 5986 0 5989
1433 3 0 5879 0 5882
1434 7 0 5870 0 5877
1435 5803 0 19 0 5822
1436 0 1 0 5768 5769
1437 0 36 1 5775 5812
1438 5 0 5769 0 5774
1439 1 3 0 5559 5563
1440 5690 0 7 0 5697
1441 0 0 5690 0 5690
1442 0 1 0 5449 5450
1443 15 0 5457 0 5472
1444 5513 0 1 0 5514
1445 0 5489 0 2 5491
1446 5559 0 0 0 5559
1447 5557 0 0 1 5558
1448 0 0 5511 1 5512
1449 5510 0 1 1 5512
1450 5456 0 1 0 5457
1451 5471 0 0 0 5471
1452 0 3 0 5426 5429
1453 5 0 5398 0 5403
1454 2 1 0 5244 5247
1455 5404 0 0 0 5404
1456 5366 0 0 0 5366
1457 1 0 1 5286 5288
1458 0 0 0 5318 5318
1459 3 0 5299 0 5302
1460 5252 0 6 0 5258
1461 0 5281 0 29 5310
1462 2 0 5243 0 5245
1463 5171 0 0 1 5172
1464 1 5236 0 21 5258
1465 0 2 0 5276 5278
1466 0 0 0 5309 5309
1467 1 0 0 5304 5305
1468 5263 0 1 1 5265
1469 2 0 5170 2 5174
1470 4 5100 3 13 5120
1471 0 0 1 5059 5060
1472 0 5050 0 1 5051
1473 0 1 0 5054 5055
1474 5039 0 3 0 5042
1475 15 5032 0 0 5047
1476 0 1 0 4978 4979
1477 2 0 4936 3 4941
1478 4880 0 0 0 4880
1479 4900 0 0 0 4900
1480 4836 0 0 0 4836
1481 1 4840 0 0 4841
1482 4768 0 1 4 4773
1483 0 0 4716 0 4716
1484 4696 0 4 0 4700
1485 4670 1 0 0 4671
1486 4663 0 2 0 4665
1487 4646 0 0 0 4646
1488 4600 0 24 0 4624
1489 0 0 4535 0 4535
1490 2 1 0 4063 4066
1491 4445 0 0 2 4447
1492 0 1 0 4365 4366
1493 0 4422 0 4 4426
1494 2 4393 0 11 4406
1495 4423 0 0 0 4423
1496 1 1 0 4371 4373
1497 4403 0 1 0 4404
1498 4334 0 1 0 4335
1499 0 4306 0 0 4306
1500 4320 0 7 0 4327
1501 4321 0 1 0 4322
1502 4340 0 0 0 4340
1503 4332 0 1 0 4333
1504 4311 0 2 0 4313
1505 4277 0 0 0 4277
1506 1 16 0 4163 4180
1507 2 4218 0 2 4222
1508 0 2 0 4213 4215
1509 1 5 0 4237 4243
1510 4191 2 2 0 4195
1511 1 3 4129 2 4135
1512 0 4087 1 2 4090
1513 0 2 1 4061 4064
1514 3 1 0 4070 4074
1515 4086 0 0 0 4086
1516 4060 0 2 0 4062
1517 1 0 0 4036 4037
1518 4053 0 3 0 4056
1519 4034 0 1 0 4035
1520 4019 0 0 0 4019
1521 3999 0 0 0 3999
1522 3967 0 2 0 3969
1523 9 0 3903 7 3919
1524 10 0 3834 0 3844
1525 3845 1 1 0 3847
1526 0 3887 0 1 3888
1527 0 0 0 3867 3867
1528 0 0 3867 1 3868
1529 2 0 3798 0 3800
1530 3833 0 5 0 3838
1531 0 0 3810 0 3810
1532 3806 0 0 1 3807
1533 3798 0 0 0 3798
1534 0 0 3785 0 3785
1535 0 0 0 3615 3615
1536 0 3723 0 0 3723
1537 3749 3 0 0 3752
1538 0 0 0 3766 3766
1539 3751 1 1 0 3753
1540 3726 0 2 0 3728
1541 0 2 1 3724 3727
1542 0 0 3681 0 3681
1543 6 0 3609 0 3615
1544 1 0 3582 2 3585
1545 3594 0 5 1 3600
1546 0 0 3624 0 3624
1547 1 3575 0 1 3577
1548 2 5 1 3625 3633
1549 3645 0 0 2 3647
1550 3639 1 0 0 3640
1551 0 0 0 3622 3622
1552 1 0 3549 1 3551
1553 3551 1 0 0 3552
1554 0 3541 0 5 3546
1555 3 1 3516 13 3533
1556 0 0 0 3449 3449
1557 18 0 3462 0 3480
1558 3674 1 2 0 3677
1559 5 0 3715 0 3720
1560 2 0 0 3603 3605
1561 2 0 3678 0 3680
1562 3770 0 0 0 3770
1563 3845 0 1 0 3846
1564 0 0 2 3826 3828
1565 0 2 0 3839 3841
1566 3877 1 3 0 3881
1567 2 0 3845 0 3847
1568 3865 0 0 1 3866
1569 3872 0 1 0 3873
1570 1 0 0 3870 3871
1571 0 3904 0 0 3904
1572 3921 0 2 0 3923
1573 0 3974 0 0 3974
1574 4026 0 0 0 4026
1575 4024 0 0 0 4024
1576 0 0 3977 0 3977
1577 1 3957 0 2 3960
1578 4002 0 1 1 4004
1579 2 4012 0 0 4014
1580 4036 0 1 0 4037
1581 13 0 4029 0 4042
1582 0 4010 0 0 4010
1583 0 0 0 4086 4086
1584 1 0 4073 0 4074
1585 4017 1 0 0 4018
1586 0 0 0 4060 4060
1587 2 0 4058 1 4061
1588 4046 0 2 0 4048
1589 0 0 5 4036 4041
1590 4063 0 0 0 4063
1591 4040 0 1 0 4041
1592 1 4036 0 14 4051
1593 4059 0 3 0 4062
1594 0 0 1 4055 4056
1595 4038 0 3 0 4041
1596 0 3 0 4026 4029
1597 1 0 4031 1 4033
1598 4001 0 2 0 4003
1599 0 27 0 3958 3985
1600 3961 0 2 0 3963
1601 0 3959 0 1 3960
1602 3950 0 0 0 3950
1603 1 3974 0 2 3977
1604 1 4015 0 1 4017
1605 0 6 1 4018 4025
1606 4043 0 0 2 4045
1607 4028 0 0 0 4028
1608 4037 1 0 0 4038
1609 4022 0 0 0 4022
1610 0 1 0 4028 4029
1611 1 2 4036 1 4040
1612 0 1 1 3817 3819
1613 2 0 4001 0 4003
1614 1 0 4007 0 4008
1615 1 0 3989 0 3990
1616 3974 0 1 0 3975
1617 3989 0 18 0 4007
1618 4016 0 0 1 4017
1619 0 0 1 3985 3986
1620 2 0 4025 3 4030
1621 1 0 4291 2 4294
1622 0 0 4501 1 4502
1623 4581 0 0 0 4581
1624 4587 0 1 0 4588
1625 0 4613 0 2 4615
1626 4659 0 1 1 4661
1627 4618 1 0 0 4619
1628 0 4641 0 0 4641
1629 2 4781 0 5 4788
1630 5066 0 0 0 5066
1631 5075 0 1 0 5076
1632 5099 0 4 0 5103
1633 1 0 5089 0 5090
1634 5030 1 0 0 5031
1635 5046 1 16 0 5063
1636 1 5108 0 0 5109
1637 0 0 0 5049 5049
1638 0 0 5046 0 5046
1639 0 0 5085 0 5085
1640 1 3 0 4877 4881
1641 14 0 5026 0 5040
1642 0 5090 0 0 5090
1643 5306 1 0 0 5307
1644 5300 1 2 0 5303
1645 5298 0 1 0 5299
1646 5309 2 1 0 5312
1647 0 5330 0 0 5330
1648 5160 0 3 0 5163
1649 0 5208 0 1 5209
1650 0 7 0 5183 5190
1651 1 0 0 5239 5240
1652 5249 1 0 2 5252
1653 0 1 0 5194 5195
1654 2 5212 0 1 5215
1655 5207 0 3 0 5210
1656 5182 3 0 0 5185
1657 0 2 0 5222 5224
1658 1 0 5260 0 5261
1659 0 0 5207 0 5207
1660 2 0 5188 0 5190
1661 1 3 3 4967 4974
1662 20 0 5112 3 5135
1663 6 5206 0 3 5215
1664 0 1 2 5293 5296
1665 5327 1 7 14 5349
1666 5463 1 4 0 5468
1667 5465 0 3 0 5468
1668 5474 0 16 0 5490
1669 5480 0 0 0 5480
1670 5458 0 0 1 5459
1671 1 5539 0 4 5544
1672 0 0 0 5463 5463
1673 0 1 0 5498 5499
1674 1 0 5481 4 5486
1675 0 1 5604 3 5608
1676 0 0 0 5434 5434
1677 2 1 5552 0 5555
1678 5645 1 2 0 5648
1679 6 5664 1 8 5679
1680 5685 1 0 1 5687
1681 0 5802 1 0 5803
1682 0 0 0 5896 5896
1683 1791 0 4119 0 5910
1684 5884 0 0 2 5886
1685 5917 0 2 0 5919
1686 1 0 5880 0 5881
1687 3 0 5826 5 5834
1688 0 6076 0 1 6077
1689 0 0 0 6082 6082
1690 0 6161 0 1 6162
1691 6184 0 4 5 6193
1692 1 0 6345 1 6347
1693 1 1 0 6279 6281
1694 0 1 2 6337 6340
1695 0 0 3 6370 6373
1696 0 6374 0 4 6378
1697 0 0 0 6372 6372
1698 0 3 1 6372 6376
1699 4 6301 0 28 6333
1700 1 0 0 6397 6398
1701 6369 0 0 1 6370
1702 0 0 6459 1 6460
1703 0 0 6482 2 6484
1704 6386 0 68 0 6454
1705 6570 2 1 0 6573
1706 6610 0 1 0 6611
1707 6609 1 4 1 6615
1708 5 1 6622 0 6628
1709 6631 1 4 1 6637
1710 87 0 6636 3 6726
1711 0 2 6672 0 6674
1712 6775 0 1 0 6776
1713 5 6767 0 4 6776
1714 6834 0 0 0 6834
1715 1 0 0 6871 6872
1716 0 0 6915 0 6915
1717 0 0 0 6841 6841
1718 0 0 0 6847 6847
1719 1 6833 0 7 6841
1720 2 6895 0 2 6899
1721 6902 0 3 0 6905
1722 6896 0 0 0 6896
1723 0 1 0 6995 6996
1724 2 0 6969 0 6971
1725 0 0 6959 0 6959
1726 2 0 6948 0 6950
1727 6916 0 3 1 6920
1728 0 9 3 6918 6930
1729 0 0 6975 1 6976
1730 2 6969 0 9 6980
1731 7129 1 1 1 7132
1732 0 0 0 7137 7137
1733 1 2 0 7154 7157
1734 2 1 1 7198 7202
1735 0 1 7182 0 7183
1736 7150 0 3 1 7154
1737 7193 0 4 0 7197
1738 0 0 7183 0 7183
1739 2 7158 0 4 7164
1740 7407 1 2 0 7410
1741 0 0 0 7406 7406
1742 1 1 0 7452 7454
1743 0 2 0 7486 7488
1744 2 0 7406 0 7408
1745 7366 0 0 0 7366
1746 32 0 7355 1 7388
1747 7355 1 0 0 7356
1748 4 0 7392 2 7398
1749 2 7368 0 2 7372
1750 7459 0 0 6 7465
1751 0 7 1 7465 7473
1752 7498 1 2 0 7501
1753 7432 0 0 0 7432
1754 0 1 2 7421 7424
1755 0 10 2 7369 7381
1756 2 7347 1 1 7351
1757 2 7400 0 3 7405
1758 0 8 0 7379 7387
1759 1 7468 0 3 7472
1760 7496 0 11 0 7507
1761 10 0 7507 0 7517
1762 7502 0 3 0 7505
1763 7537 0 1 0 7538
1764 7524 0 5 0 7529
1765 7521 0 1 0 7522
1766 0 37 1 7488 7526
1767 0 0 7515 2 7517
1768 17 0 7388 0 7405
1769 3 7338 6 5 7352
1770 0 0 2 7384 7386
1771 2 0 7443 5 7450
1772 1 1 7434 0 7436
1773 0 1 0 7352 7353
1774 0 7387 0 3 7390
1775 7363 0 3 0 7366
1776 40 0 7392 1 7433
1777 0 1 1 7317 7319
1778 7386 0 0 0 7386
1779 0 7390 0 1 7391
1780 7423 1 1 1 7426
1781 0 0 7504 0 7504
1782 1 1 2 7438 7442
1783 1 0 7500 0 7501
1784 1 2 7498 0 7501
1785 7330 0 0 0 7330
1786 0 0 0 7371 7371
1787 0 0 1 7493 7494
1788 0 1 0 7525 7526
1789 3 0 7432 2 7437
1790 4 7473 0 1 7478
1791 7549 2 2 0 7553
1792 7558 1 1 0 7560
1793 2 0 7491 0 7493
1794 7480 0 0 2 7482
1795 1 0 7436 0 7437
1796 1 7446 0 2 7449
1797 7566 0 0 0 7566
1798 0 1 7485 0 7486
1799 0 2 0 7403 7405
1800 2 1 7446 0 7449
1801 3 7440 0 1 7444
1802 0 1 1 7487 7489
1803 0 7484 0 3 7487
1804 7581 0 0 1 7582
1805 7578 0 0 0 7578
1806 7584 1 0 0 7585
1807 2 7552 1 5 7560
1808 7631 0 3 0 7634
1809 7555 0 0 1 7556
1810 7534 0 0 0 7534
1811 1 0 0 7572 7573
1812 1 0 7495 0 7496
1813 7460 0 0 0 7460
1814 4 0 7487 1 7492
1815 7420 3 5 0 7428
1816 0 0 7402 0 7402
1817 7330 0 2 0 7332
1818 12 7333 0 1 7346
1819 3 7402 0 1 7406
1820 7442 2 3 6 7453
1821 145 0 7327 1 7473
1822 0 0 7415 0 7415
1823 7262 0 1 0 7263
1824 2 0 7440 0 7442
1825 0 0 7451 8 7459
1826 0 9 0 6800 6809
1827 0 12 0 7311 7323
1828 7419 0 2 0 7421
1829 0 0 0 7699 7699
1830 1 0 7662 1 7664
1831 7634 0 2 1 7637
1832 7720 0 1 0 7721
1833 7760 0 3 0 7763
1834 7726 1 3 0 7730
1835 1 7740 1 3 7745
1836 3 0 1 7676 7680
1837 2 0 7628 0 7630
1838 7649 0 1 0 7650
1839 3 7725 1 1 7730
1840 0 7731 0 1 7732
1841 7709 0 0 0 7709
1842 11 0 7769 7 7787
1843 0 0 0 7560 7560
1844 0 1 0 7693 7694
1845 1 7544 0 161 7706
1846 7720 0 1 2 7723
1847 1 0 0 7740 7741
1848 7757 0 0 1 7758
1849 7730 0 0 0 7730
1850 7601 0 1 3 7605
1851 13 0 7616 0 7629
1852 0 0 0 7200 7200
1853 0 1 0 7538 7539
1854 0 0 7464 3 7467
1855 0 7450 0 1 7451
1856 2 6 2 7477 7487
1857 60 1 7374 0 7435
1858 3 7356 1 0 7360
1859 2 7476 1 10 7489
1860 0 7 1 7603 7611
1861 0 2 0 7691 7693
1862 0 0 0 7675 7675
1863 4 1 0 7669 7674
1864 0 4 2 7739 7745
1865 1 0 7628 0 7629
1866 0 7 1 7412 7420
1867 0 3 0 7490 7493
1868 0 0 0 7536 7536
1869 1 7507 2 3 7513
1870 0 0 1 7424 7425
1871 3 7365 0 10 7378
1872 7268 0 10 2 7280
1873 3 7308 0 0 7311
1874 1 7278 0 0 7279
1875 7185 1 2 1 7189
1876 0 7280 0 2 7282
1877 2 7373 0 1 7376
1878 7371 0 3 0 7374
1879 7385 0 0 0 7385
1880 7388 0 3 0 7391
1881 7376 1 1 0 7378
1882 7 0 1 7292 7300
1883 0 2 1 7326 7329
1884 7341 0 1 0 7342
1885 7321 0 1 0 7322
1886 2 0 7283 0 7285
1887 7 0 7213 0 7220
1888 7107 0 0 0 7107
1889 3 0 7181 0 7184
1890 1 7104 0 0 7105
1891 7173 0 0 0 7173
1892 7160 0 5 0 7165
1893 1 0 0 7115 7116
1894 0 0 7113 0 7113
1895 1 0 7133 1 7135
1896 29 3 7033 1 7066
1897 3 0 7033 0 7036
1898 6971 0 0 0 6971
1899 3 0 6995 1 6999
1900 5 6863 0 0 6868
1901 0 6986 0 0 6986
1902 0 1 0 7062 7063
1903 1 2 0 7095 7098
1904 6977 0 0 8 6985
1905 0 2 0 6966 6968
1906 4 6942 0 1 6947
1907 6943 0 1 1 6945
1908 6858 0 9 0 6867
1909 1 2 1 6872 6876
1910 2 2 2 6945 6951
1911 1 6908 1 0 6910
1912 0 3 1 6907 6911
1913 0 1 1 6917 6919
1914 6913 0 0 0 6913
1915 6847 0 1 0 6848
1916 6763 1 0 0 6764
1917 6624 1 113 2 6740
1918 10 6817 0 1 6828
1919 0 1 0 6748 6749
1920 0 1 0 6815 6816
1921 4 0 6799 1 6804
1922 0 4 0 6651 6655
1923 6700 0 14 7 6721
1924 0 16 0 6731 6747
1925 0 2 1 6767 6770
1926 4 0 6616 1 6621
1927 6557 0 0 2 6559
1928 6607 0 3 0 6610
1929 6534 0 60 0 6594
1930 2 0 6550 0 6552
1931 0 0 6471 0 6471
1932 6383 0 7 0 6390
1933 3 0 6359 0 6362
1934 0 0 6308 3 6311
1935 6322 0 0 1 6323
1936 2 1 6190 4 6197
1937 3 0 6178 1 6182
1938 12 0 6168 1 6181
1939 0 0 6478 1 6479
1940 6694 0 0 0 6694
1941 6668 0 33 1 6702
1942 6699 0 0 0 6699
1943 6728 2 0 1 6731
1944 2 1 0 6675 6678
1945 0 1 0 6672 6673
1946 0 0 0 6697 6697
1947 3 6659 0 8 6670
1948 6700 0 0 1 6701
1949 0 2 0 6641 6643
1950 61 6582 0 20 6663
1951 2 0 6639 1 6642
1952 6520 1 5 1 6527
1953 6546 0 2 1 6549
1954 5 0 6611 1 6617
1955 0 0 1 6450 6451
1956 6505 0 36 0 6541
1957 6525 0 0 0 6525
1958 0 0 6522 1 6523
1959 11 0 6432 2 6445
1960 6437 0 1 0 6438
1961 6446 0 1 1 6448
1962 6419 1 3 1 6424
1963 1 0 6391 1 6393
1964 2 0 6264 5 6271
1965 2 0 6241 0 6243
1966 0 3 0 6084 6087
1967 1 6151 1 0 6153
1968 0 3 0 6149 6152
1969 0 6174 2 0 6176
1970 1 6249 0 0 6250
1971 0 1 0 6245 6246
1972 1 6240 0 0 6241
1973 0 0 0 6235 6235
1974 6199 0 8 0 6207
1975 1 0 0 6160 6161
1976 0 0 1 6088 6089
1977 1 4 0 6055 6060
1978 1 2 0 5971 5974
1979 2 5958 0 9 5969
1980 0 6023 1 3 6027
1981 7 1 0 5726 5734
1982 5695 0 1 0 5696
1983 2 22 1 5686 5711
1984 5708 0 1 0 5709
1985 5647 0 1 0 5648
1986 0 5 2 5514 5521
1987 5 5529 0 2 5536
1988 0 5508 0 0 5508
1989 5459 0 6 0 5465
1990 2 5502 2 2 5508
1991 5509 0 5 1 5515
1992 5463 1 2 0 5466
1993 5386 1 0 0 5387
1994 0 5434 0 8 5442
1995 5486 0 3 1 5490
1996 1 0 5389 0 5390
1997 5391 0 1 0 5392
1998 5343 0 0 0 5343
1999 0 0 5299 0 5299
2000 0 0 0 5122 5122
2001 10 5102 3 67 5182
2002 30 5188 0 2 5220
2003 1 0 0 5214 5215
2004 5237 0 3 0 5240
2005 5157 0 3 0 5160
2006 5 5203 0 1 5209
2007 0 8 0 5151 5159
2008 5207 0 0 0 5207
2009 0 0 0 5142 5142
2010 5179 0 3 0 5182
2011 1 0 2 5088 5091
2012 2 0 5063 0 5065
2013 3 4999 0 43 5045
2014 4 0 5046 1 5051
2015 1 0 5004 0 5005
2016 1 4973 0 1 4975
2017 4968 0 6 0 4974
2018 0 0 5022 3 5025
2019 4978 0 2 0 4980
2020 4995 0 3 0 4998
2021 0 0 1 5043 5044
2022 6 0 5013 1 5020
2023 4958 0 4 0 4962
2024 0 2 0 4997 4999
2025 9 0 4950 7 4966
2026 0 0 1 4957 4958
2027 1 4938 0 0 4939
2028 4872 0 108 0 4980
2029 0 7 0 4962 4969
2030 2 3 0 5011 5016
2031 4951 0 2 1 4954
2032 4917 0 1 0 4918
2033 4893 0 0 0 4893
2034 4895 1 1 0 4897
2035 4 0 4886 1 4891
2036 0 0 4983 1 4984
2037 4 2 5005 0 5011
2038 4997 0 11 0 5008
2039 5036 0 4 0 5040
2040 5024 0 0 0 5024
2041 5003 0 4 0 5007
2042 2 0 0 4959 4961
2043 0 0 1 4984 4985
2044 5 0 4967 0 4972
2045 4923 0 1 1 4925
2046 4928 0 2 0 4930
2047 1 0 4913 0 4914
2048 4828 0 1 0 4829
2049 0 0 0 4830 4830
2050 0 0 4806 0 4806
2051 4790 0 0 0 4790
2052 4750 0 15 0 4765
2053 0 0 4695 1 4696
2054 4674 1 0 0 4675
2055 4645 0 5 0 4650
2056 4640 0 1 0 4641
2057 4 0 4564 0 4568
2058 80 0 4396 0 4476
2059 4486 0 3 0 4489
2060 4486 0 3 0 4489
2061 0 0 0 4431 4431
2062 4453 0 3 0 4456
2063 9 0 4376 4 4389
2064 4391 0 1 0 4392
2065 1 1 3 4269 4274
2066 0 4307 0 37 4344
2067 4344 0 0 0 4344
2068 4278 0 1 0 4279
2069 0 2 0 4344 4346
2070 2 2 4331 0 4335
2071 3 0 4275 0 4278
2072 2 0 4176 0 4178
2073 1 0 4177 1 4179
2074 4195 0 2 0 4197
2075 4181 0 0 0 4181
2076 0 0 0 4170 4170
2077 1 0 4161 0 4162
2078 0 4145 0 2 4147
2079 4140 1 3 1 4145
2080 0 0 4161 0 4161
2081 0 3 0 3985 3988
2082 4062 0 6 0 4068
2083 0 2 0 4006 4008
2084 0 0 0 4028 4028
2085 4045 0 1 1 4047
2086 0 0 3974 0 3974
2087 1 3939 0 4 3944
2088 3930 0 5 3 3938
2089 1 0 3914 0 3915
2090 0 0 3816 0 3816
2091 2 3847 0 2 3851
2092 0 0 0 3859 3859
2093 0 2 0 3828 3830
2094 0 12 0 3770 3782
2095 0 3770 0 1 3771
2096 0 1 0 3728 3729
2097 3 3728 0 1 3732
2098 0 0 3689 0 3689
2099 0 0 0 3642 3642
2100 0 4 0 3662 3666
2101 3658 0 0 0 3658
2102 0 0 3634 0 3634
2103 0 1 1 3588 3590
2104 0 0 3577 0 3577
2105 2 0 3558 0 3560
2106 0 3548 0 0 3548
2107 3563 0 0 1 3564
2108 3551 0 0 0 3551
2109 1 3 3557 0 3561
2110 0 0 0 3418 3418
2111 3519 0 0 0 3519
2112 1 0 0 3478 3479
2113 0 0 3448 0 3448
2114 3390 0 0 0 3390
2115 2 3379 2 1 3384
2116 0 3365 0 3 3368
2117 2 3368 0 0 3370
2118 3406 0 2 0 3408
2119 0 0 3413 0 3413
2120 3364 0 0 0 3364
2121 0 2 0 3312 3314
2122 8 3326 0 0 3334
2123 0 0 0 3312 3312
2124 1 5 0 3317 3323
2125 0 3 3303 0 3306
2126 0 0 3258 2 3260
2127 3228 0 1 0 3229
2128 1 0 3226 0 3227
2129 3201 0 3 0 3204
2130 0 1 10 3160 3171
2131 0 1 0 3141 3142
2132 0 0 0 3088 3088
2133 0 3097 0 4 3101
2134 3094 0 0 0 3094
2135 3065 0 0 0 3065
2136 3043 0 0 0 3043
2137 3007 0 0 0 3007
2138 0 3017 0 0 3017
2139 0 93 0 2886 2979
2140 2983 0 0 1 2984
2141 0 1 0 2960 2961
2142 0 0 0 2923 2923
2143 0 0 2881 0 2881
2144 2878 0 1 0 2879
2145 2853 0 0 0 2853
2146 2 0 2818 0 2820
2147 2792 0 2 0 2794
2148 2763 0 1 0 2764
2149 1 2764 0 1 2766
2150 0 1 0 2701 2702
2151 0 0 0 2718 2718
2152 0 0 2702 0 2702
2153 2690 0 2 0 2692
2154 2668 0 4 0 2672
2155 2667 0 0 0 2667
2156 2610 0 0 0 2610
2157 2 0 2555 2 2559
2158 3 2516 0 0 2519
2159 0 1 0 3388 3389
2160 11 0 3274 0 3285
2161 3253 0 0 0 3253
2162 3218 0 0 0 3218
2163 3140 0 13 0 3153
2164 0 3136 2 0 3138
2165 0 3107 0 1 3108
2166 3105 0 0 0 3105
2167 0 1 3072 0 3073
2168 127 0 2792 3 2922
2169 16 0 2879 0 2895
2170 0 0 2895 25 2920
2171 2915 0 2 0 2917
2172 2928 0 2 0 2930
2173 2920 0 0 0 2920
2174 2288 0 577 1 2866
2175 86 0 2729 3 2818
2176 0 0 2769 0 2769
2177 7 2784 0 0 2791
2178 2815 0 0 1 2816
2179 2807 0 1 0 2808
2180 2800 0 0 0 2800
2181 23 2768 3 0 2794
2182 2865 0 0 0 2865
2183 0 4 0 2768 2772
2184 2 2778 0 10 2790
2185 0 0 0 2773 2773
2186 0 2 0 2777 2779
2187 4 0 2751 0 2755
2188 6 2714 0 0 2720
2189 0 1 0 2735 2736
2190 0 0 0 2705 2705
2191 3 16 0 2666 2685
2192 2680 0 0 3 2683
2193 0 1 0 2644 2645
2194 0 2624 0 5 2629
2195 2625 0 0 0 2625
2196 2616 0 0 1 2617
2197 85 0 2527 6 2618
2198 1 0 2563 1 2565
2199 1692 0 0 0 1692
2200 1638 0 1 0 1639
2201 1622 0 0 0 1622
2202 1588 0 0 0 1588
2203 0 1600 0 1 1601
2204 1 1583 0 1 1585
2205 1578 0 1 0 1579
2206 0 0 1573 0 1573
2207 0 0 0 1535 1535
2208 0 4 0 1535 1539
2209 1539 0 0 0 1539
2210 1498 0 10 2 1510
2211 1505 0 0 2 1507
2212 4 0 1500 0 1504
2213 8 5 3 1403 1419
2214 2344 0 17 0 2361
2215 0 0 2343 12 2355
2216 0 0 0 2246 2246
2217 23 0 2280 0 2303
2218 2296 0 0 0 2296
2219 2302 0 1 0 2303
2220 2283 0 0 0 2283
2221 2265 0 3 0 2268
2222 1 1 2277 0 2279
2223 14 0 2206 0 2220
2224 2227 0 0 0 2227
2225 2246 0 0 0 2246
2226 2246 0 0 0 2246
2227 2223 0 0 0 2223
2228 2 0 2215 0 2217
2229 3 0 2214 0 2217
2230 0 54 4 1918 1976
2231 2172 0 0 0 2172
2232 0 16 0 2149 2165
2233 2159 0 1 0 2160
2234 0 0 2177 0 2177
2235 0 1 0 2125 2126
2236 2 0 2154 0 2156
2237 0 2115 0 0 2115
2238 0 57 0 2069 2126
2239 0 35 0 2090 2125
2240 0 1 0 2138 2139
2241 1 0 2116 0 2117
2242 1 1 0 2100 2102
2243 0 2092 0 1 2093
2244 1 2084 0 2 2087
2245 1188 0 916 0 2104
2246 2096 0 0 0 2096
2247 0 1 0 2088 2089
2248 2 0 2089 0 2091
2249 2066 0 1 0 2067
2250 0 2093 0 0 2093
2251 2083 0 0 0 2083
2252 0 3 0 2074 2077
2253 0 46 0 2019 2065
2254 0 17 0 2032 2049
2255 0 2038 0 0 2038
2256 2041 0 2 0 2043
2257 7 2037 0 0 2044
2258 1938 0 70 0 2008
2259 1888 0 93 1 1982
2260 17 0 1970 0 1987
2261 5 0 1953 0 1958
2262 1969 0 1 0 1970
2263 1975 0 0 0 1975
2264 0 20 0 1949 1969
2265 0 52 18 1902 1972
2266 1940 0 29 0 1969
2267 1928 0 25 0 1953
2268 4 0 1915 0 1919
2269 1872 0 32 2 1906
2270 24 0 1868 0 1892
2271 1873 0 0 0 1873
2272 1 1828 0 39 1868
2273 1879 0 1 0 1880
2274 1871 0 1 0 1872
2275 1842 0 25 0 1867
2276 0 0 1766 0 1766
2277 1740 0 0 0 1740
2278 1686 0 49 0 1735
2279 0 0 0 1729 1729
2280 0 0 1696 15 1711
2281 1683 0 13 0 1696
2282 0 1701 0 0 1701
2283 1690 0 0 0 1690
2284 0 0 1676 0 1676
2285 1 0 0 1645 1646
2286 0 0 0 1636 1636
2287 146 0 1481 0 1627
2288 1535 0 83 0 1618
2289 2 0 1600 0 1602
2290 0 1 0 1496 1497
2291 15 1489 0 0 1504
2292 1 1005 0 493 1499
2293 1491 0 0 0 1491
2294 0 0 0 1506 1506
2295 0 0 1489 0 1489
2296 4 0 1444 0 1448
2297 2 0 1438 0 1440
2298 0 0 1439 0 1439
2299 0 1 0 1386 1387
2300 3 0 1397 0 1400
2301 1 0 1391 0 1392
2302 43 0 1356 0 1399
2303 0 1355 1 0 1356
2304 0 1352 2 0 1354
2305 0 0 2 1370 1372
2306 0 1 0 1387 1388
2307 2 0 1356 0 1358
2308 1311 0 1 0 1312
2309 0 0 1311 0 1311
2310 0 1270 0 0 1270
2311 0 0 0 1284 1284
2312 1285 0 0 0 1285
2313 1269 0 0 0 1269
2314 0 0 0 43 43
