0 0 0 0 0 0
1 1162 0 0 0 1162
2 1 0 0 1204 1205
3 0 0 1203 0 1203
4 1220 0 1 0 1221
5 0 1260 0 0 1260
6 1256 0 0 4 1260
7 0 12 0 1257 1269
8 0 2 0 1269 1271
9 1233 0 33 0 1266
10 0 0 1261 0 1261
11 1 1391 0 0 1392
12 14 1273 0 164 1451
13 1460 0 0 0 1460
14 1474 0 0 0 1474
15 1435 0 20 0 1455
16 1455 0 0 0 1455
17 0 0 0 1479 1479
18 0 2 0 1499 1501
19 0 0 1464 0 1464
20 1453 0 0 0 1453
21 1466 0 0 0 1466
22 0 12 0 1466 1478
23 0 1 0 1488 1489
24 236 0 1244 0 1480
25 0 0 0 1492 1492
26 0 0 0 1501 1501
27 1509 0 0 0 1509
28 1515 0 0 0 1515
29 1496 0 8 0 1504
30 1469 0 24 0 1493
31 0 1502 0 0 1502
32 1520 0 1 0 1521
33 1492 0 0 0 1492
34 0 1505 0 0 1505
35 0 0 0 1513 1513
36 2 0 1494 1 1497
37 0 1482 0 0 1482
38 0 2 0 1525 1527
39 1510 0 0 0 1510
40 1485 0 0 0 1485
41 0 0 1517 0 1517
42 2 0 1610 0 1612
43 0 0 1608 0 1608
44 1631 0 4 0 1635
45 1 1648 0 2 1651
46 1675 0 2 1 1678
47 1671 0 0 0 1671
48 0 1 0 1689 1690
49 2 0 1661 0 1663
50 1668 0 0 0 1668
51 0 0 1677 0 1677
52 2 1 1799 2 1804
53 0 1869 0 1 1870
54 3 1921 0 1 1925
55 1948 0 2 0 1950
56 1961 0 0 0 1961
57 1958 0 3 0 1961
58 1981 0 1 0 1982
59 2 1995 0 0 1997
60 2013 0 0 3 2016
61 0 0 2038 0 2038
62 0 0 0 2030 2030
63 0 0 0 2061 2061
64 0 4 0 2106 2110
65 0 0 0 2118 2118
66 1 0 2093 0 2094
67 2066 0 0 2 2068
68 2090 0 0 0 2090
69 0 0 2063 0 2063
70 0 2100 0 1 2101
71 2151 0 0 0 2151
72 2150 0 0 0 2150
73 2148 0 0 0 2148
74 0 2146 0 0 2146
75 2169 0 0 0 2169
76 2140 0 0 0 2140
77 0 2137 0 0 2137
78 2161 0 0 0 2161
79 0 0 2160 0 2160
80 0 1 0 2126 2127
81 2172 2 0 0 2174
82 6 0 2192 0 2198
83 2189 0 21 0 2210
84 0 2217 0 0 2217
85 0 2237 0 12 2249
86 2251 0 0 0 2251
87 2248 0 0 1 2249
88 0 0 0 2257 2257
89 2270 0 0 1 2271
90 0 0 0 2290 2290
91 2266 0 3 0 2269
92 2287 0 0 1 2288
93 15 2274 0 1 2290
94 2281 0 0 0 2281
95 0 1 0 2296 2297
96 2270 0 0 0 2270
97 2300 0 0 0 2300
98 0 1 0 2291 2292
99 2323 0 0 0 2323
100 2396 0 0 0 2396
101 1 0 2478 0 2479
102 2533 0 0 0 2533
103 2510 0 4 0 2514
104 2543 0 0 0 2543
105 2504 1 11 0 2516
106 0 1 0 2572 2573
107 0 4 0 2558 2562
108 0 2559 0 0 2559
109 2573 0 0 0 2573
110 2581 0 0 0 2581
111 1 0 0 2569 2570
112 2566 0 5 0 2571
113 1 2594 0 0 2595
114 2599 0 6 1 2606
115 0 2 0 2580 2582
116 0 2589 0 0 2589
117 2604 0 0 0 2604
118 2622 0 1 0 2623
119 3 0 2602 3 2608
120 5 0 2559 0 2564
121 2575 0 1 0 2576
122 0 1 1 2627 2629
123 0 0 0 2634 2634
124 0 0 2628 0 2628
125 2601 0 0 1 2602
126 2636 0 8 0 2644
127 2653 0 0 0 2653
128 2636 0 1 0 2637
129 1 0 2628 1 2630
130 2672 0 0 0 2672
131 2658 0 0 0 2658
132 1 1 0 2637 2639
133 0 2608 0 0 2608
134 0 2614 0 0 2614
135 0 13 0 2631 2644
136 0 0 0 2628 2628
137 20 2629 0 0 2649
138 2667 0 0 0 2667
139 3 2668 0 0 2671
140 0 0 0 2694 2694
141 2714 0 0 0 2714
142 2707 0 0 0 2707
143 0 0 2704 0 2704
144 0 0 2658 0 2658
145 2675 0 0 0 2675
146 0 0 0 2708 2708
147 0 0 2699 0 2699
148 2724 0 0 1 2725
149 2715 0 0 0 2715
150 1 0 2577 0 2578
151 1 8 0 2479 2488
152 3 5 2483 0 2491
153 0 0 2438 0 2438
154 2 0 2442 0 2444
155 1 2619 0 12 2632
156 0 2665 1 4 2670
157 2799 0 4 0 2803
158 0 0 0 2821 2821
159 1 1 2823 1 2826
160 0 0 0 2763 2763
161 0 0 2882 0 2882
162 0 7 0 2869 2876
163 0 0 0 3072 3072
164 0 3143 3 4 3150
165 0 2 0 3262 3264
166 3245 0 4 0 3249
167 3264 0 0 0 3264
168 25 3592 2 13 3632
169 1 0 0 3941 3942
170 0 1 0 3964 3965
171 0 0 0 3989 3989
172 0 3959 0 6 3965
173 1 3971 1 0 3973
174 1 4495 0 1 4497
175 0 0 0 4522 4522
176 0 0 0 4548 4548
177 54 1 4443 0 4498
178 2 0 4465 0 4467
179 0 4644 0 1 4645
180 1 7 0 4602 4610
181 0 4675 0 7 4682
182 0 11 0 4690 4701
183 4749 0 1 0 4750
184 4653 0 0 0 4653
185 0 4686 0 0 4686
186 0 4702 0 0 4702
187 4729 0 1 0 4730
188 4651 1 1 0 4653
189 2 0 4712 1 4715
190 1 0 4613 0 4614
191 0 1 4576 19 4596
192 16 4697 0 0 4713
193 23 0 4732 2 4757
194 4753 2 9 0 4764
195 0 2 0 4739 4741
196 4784 1 0 6 4791
197 0 3 0 4837 4840
198 2 0 4837 4 4843
199 7 0 4771 0 4778
200 0 4834 0 4 4838
201 4843 0 7 0 4850
202 4859 0 0 0 4859
203 4867 2 0 0 4869
204 0 4862 1 5 4868
205 4922 0 0 0 4922
206 0 1 4884 0 4885
207 4883 0 0 1 4884
208 4869 0 0 0 4869
209 0 0 0 4834 4834
210 1 4802 0 0 4803
211 0 4763 0 0 4763
212 2 4791 1 1 4795
213 0 4861 0 23 4884
214 0 1 0 4914 4915
215 0 0 0 4915 4915
216 4 0 4905 0 4909
217 0 0 4850 1 4851
218 4796 0 0 0 4796
219 4870 0 1 0 4871
220 0 1 0 4961 4962
221 4944 0 1 0 4945
222 0 4926 0 1 4927
223 4926 0 1 0 4927
224 4847 2 1 2 4852
225 4834 7 0 2 4843
226 2 0 4789 0 4791
227 0 0 4763 0 4763
228 0 0 4766 0 4766
229 4805 0 1 1 4807
230 0 2 0 4833 4835
231 4889 0 0 0 4889
232 0 4930 0 0 4930
233 4926 0 0 0 4926
234 4935 0 0 0 4935
235 1 4967 0 1 4969
236 0 1 0 4923 4924
237 0 6 0 4987 4993
238 5032 0 0 0 5032
239 4997 0 0 0 4997
240 4971 1 0 0 4972
241 4879 0 0 0 4879
242 4 4887 0 0 4891
243 4944 0 3 1 4948
244 4924 0 1 1 4926
245 4880 0 0 1 4881
246 2 0 0 4791 4793
247 0 0 4786 0 4786
248 2 4812 0 8 4822
249 0 1 1 4872 4874
250 0 1 4839 0 4840
251 4854 1 2 0 4857
252 4821 0 8 2 4831
253 0 0 4820 0 4820
254 4786 1 1 0 4788
255 0 4869 0 1 4870
256 4874 0 0 2 4876
257 0 2 0 4898 4900
258 4927 0 2 0 4929
259 0 0 4885 1 4886
260 2 0 4868 0 4870
261 4890 0 1 0 4891
262 4858 0 1 0 4859
263 1 4877 0 0 4878
264 0 4919 0 1 4920
265 4971 0 0 0 4971
266 4961 0 0 0 4961
267 4940 0 1 0 4941
268 3 0 4865 0 4868
269 0 0 4852 1 4853
270 3 4832 0 0 4835
271 0 4894 0 2 4896
272 4997 1 1 0 4999
273 4953 0 0 0 4953
274 4928 0 2 0 4930
275 0 0 0 4932 4932
276 0 0 4900 0 4900
277 1 0 0 4715 4716
278 1 3 4792 0 4796
279 1 4784 0 0 4785
280 1 0 0 4753 4754
281 0 4815 0 0 4815
282 4888 0 0 0 4888
283 4852 0 0 1 4853
284 0 2 0 4839 4841
285 4866 0 1 2 4869
286 0 0 4767 2 4769
287 2 4718 0 2 4722
288 4752 0 11 1 4764
289 1 0 4738 3 4742
290 0 4633 0 1 4634
291 4694 0 0 0 4694
292 0 0 4702 1 4703
293 0 1 0 4601 4602
294 0 1 0 4632 4633
295 4631 1 0 1 4633
296 0 4662 0 0 4662
297 0 2 0 4631 4633
298 1 2 0 4666 4669
299 0 1 4647 4 4652
300 1 0 4669 0 4670
301 0 0 1 4513 4514
302 0 0 4772 0 4772
303 0 0 4736 0 4736
304 4315 0 419 1 4735
305 4794 0 1 0 4795
306 0 0 0 4823 4823
307 4784 0 0 0 4784
308 2 4805 0 1 4808
309 4813 0 0 0 4813
310 1 29 0 4739 4769
311 4795 1 0 1 4797
312 0 3 0 4724 4727
313 5 1 4735 0 4741
314 0 0 4690 1 4691
315 4678 0 0 1 4679
316 1 4752 0 0 4753
317 0 4769 0 0 4769
318 4841 0 0 0 4841
319 4832 0 1 0 4833
320 1 0 0 4842 4843
321 4852 0 9 0 4861
322 0 1 4833 0 4834
323 0 0 4796 0 4796
324 4808 1 3 0 4812
325 3 0 4824 2 4829
326 4804 0 0 0 4804
327 6 4795 0 0 4801
328 4896 0 0 0 4896
329 2 4991 0 0 4993
330 197 0 4810 21 5028
331 6 0 5002 0 5008
332 5015 0 0 0 5015
333 5040 1 0 0 5041
334 0 0 5107 3 5110
335 0 0 5309 2 5311
336 0 5 1 5082 5088
337 0 1 0 5320 5321
338 0 1 0 5423 5424
339 1 2 0 5450 5453
340 0 0 5378 1 5379
341 5325 0 0 1 5326
342 5371 0 1 2 5374
343 5349 0 2 1 5352
344 35 0 5300 1 5336
345 3 0 5278 0 5281
346 0 0 5298 0 5298
347 0 1 0 5154 5155
348 0 5238 0 1 5239
349 0 2 0 5303 5305
350 5291 3 4 0 5298
351 1 5328 0 0 5329
352 0 0 5309 1 5310
353 5297 0 3 0 5300
354 5289 1 1 0 5291
355 5242 0 7 2 5251
356 0 0 5234 3 5237
357 2 5173 0 1 5176
358 0 0 0 5204 5204
359 0 0 0 5267 5267
360 1 0 0 5256 5257
361 0 3 0 5264 5267
362 0 0 0 5225 5225
363 0 1 0 5168 5169
364 1 5053 0 16 5070
365 0 0 1 4993 4994
366 2 5018 10 1 5031
367 5047 0 0 0 5047
368 1 2 5031 1 5035
369 4994 0 0 0 4994
370 5004 0 2 0 5006
371 5030 0 0 0 5030
372 4936 0 0 0 4936
373 4893 0 1 0 4894
374 1 1 0 4855 4857
375 123 0 4662 0 4785
376 4719 0 1 0 4720
377 5 0 4772 0 4777
378 4750 0 5 0 4755
379 0 4684 0 0 4684
380 0 0 0 4711 4711
381 0 0 0 4722 4722
382 0 0 4663 0 4663
383 4633 0 4 0 4637
384 0 4599 0 1 4600
385 4467 0 2 0 4469
386 4296 0 0 0 4296
387 3 4247 2 14 4266
388 0 1 4245 0 4246
389 1 4170 0 0 4171
390 1 4195 0 1 4197
391 4168 1 14 0 4183
392 0 4210 0 3 4213
393 0 0 0 4122 4122
394 0 1 0 4101 4102
395 0 0 4159 0 4159
396 0 0 4026 0 4026
397 0 0 4028 0 4028
398 0 0 4047 0 4047
399 0 4038 0 6 4044
400 1 4068 0 2 4071
401 1 0 4132 0 4133
402 10 0 4057 0 4067
403 3878 0 4 0 3882
404 0 0 0 4025 4025
405 4019 0 0 0 4019
406 3904 0 34 0 3938
407 0 3984 0 10 3994
408 0 1 0 4026 4027
409 1 0 0 4020 4021
410 0 0 0 4009 4009
411 0 1 0 4043 4044
412 0 0 3922 0 3922
413 0 0 3732 0 3732
414 0 3845 1 7 3853
415 3 3795 0 1 3799
416 1 3877 1 1 3880
417 3868 1 1 0 3870
418 2 0 3901 0 3903
419 1 0 0 3821 3822
420 1 1 0 3886 3888
421 2 0 3885 0 3887
422 3896 0 0 0 3896
423 3905 0 0 0 3905
424 3927 0 2 0 3929
425 5 0 3892 0 3897
426 3894 0 0 0 3894
427 0 0 3903 0 3903
428 1 3 0 3577 3581
429 16 0 3806 0 3822
430 3827 0 0 0 3827
431 2 0 3948 0 3950
432 3968 0 0 0 3968
433 4007 0 0 0 4007
434 4003 0 0 0 4003
435 4012 0 1 0 4013
436 3994 0 0 0 3994
437 2 0 3952 0 3954
438 3571 0 261 0 3832
439 0 0 3857 0 3857
440 0 0 0 3667 3667
441 3757 0 1 0 3758
442 0 3809 0 0 3809
443 1 0 0 3790 3791
444 3799 0 2 0 3801
445 13 3809 0 0 3822
446 1 0 0 3840 3841
447 3878 0 0 0 3878
448 3815 1 0 0 3816
449 3716 1 0 0 3717
450 2 3808 0 8 3818
451 1 3704 0 0 3705
452 0 3715 0 2 3717
453 0 0 0 3691 3691
454 0 3731 0 0 3731
455 1 8 0 3660 3669
456 0 3741 0 0 3741
457 3657 0 0 0 3657
458 0 3722 0 0 3722
459 0 3743 0 0 3743
460 3734 0 1 0 3735
461 3705 0 0 0 3705
462 8 0 3686 0 3694
463 1 0 3649 1 3651
464 3679 0 0 0 3679
465 3701 0 4 1 3706
466 3707 0 0 0 3707
467 0 1 0 3611 3612
468 3 0 3632 0 3635
469 0 3564 0 1 3565
470 0 3586 0 0 3586
471 1 1 0 3557 3559
472 1 3560 0 3 3564
473 0 3644 1 0 3645
474 1 0 3687 2 3690
475 1 0 3632 0 3633
476 3580 0 2 2 3584
477 0 0 0 3604 3604
478 1 0 3603 0 3604
479 3638 0 0 4 3642
480 1 0 3619 0 3620
481 0 0 3571 0 3571
482 2 3560 0 4 3566
483 2 0 3569 0 3571
484 3501 0 10 0 3511
485 2 0 3571 0 3573
486 1 3547 0 0 3548
487 3583 0 0 1 3584
488 3569 0 0 0 3569
489 0 2 0 3606 3608
490 0 0 3704 2 3706
491 0 0 0 3622 3622
492 22 0 3793 1 3816
493 3839 2 3 4 3848
494 0 1 0 3910 3911
495 3904 2 6 0 3912
496 3907 1 0 1 3909
497 0 0 0 4164 4164
498 2 0 4231 1 4234
499 0 0 4345 0 4345
500 4386 2 0 0 4388
501 4455 0 1 0 4456
502 4459 0 0 0 4459
503 2 0 0 4433 4435
504 4490 2 0 0 4492
505 0 0 0 4441 4441
506 0 0 0 4468 4468
507 11 0 4418 0 4429
508 0 0 0 4324 4324
509 0 0 0 4342 4342
510 1 4327 0 8 4336
511 0 4207 3 0 4210
512 0 4379 0 3 4382
513 0 7 0 4473 4480
514 4466 0 0 0 4466
515 4423 0 0 1 4424
516 4369 0 1 0 4370
517 0 0 4412 0 4412
518 4401 0 0 0 4401
519 4436 2 3 2 4443
520 2 0 4378 0 4380
521 0 4376 0 1 4377
522 4459 1 5 0 4465
523 0 0 4542 0 4542
524 0 1 4516 0 4517
525 4552 0 2 1 4555
526 4562 0 0 1 4563
527 1 0 0 4495 4496
528 4529 0 0 0 4529
529 0 4509 0 0 4509
530 1 4559 0 0 4560
531 4643 0 3 7 4653
532 4928 3 2 0 4933
533 6 0 4870 0 4876
534 4943 0 0 0 4943
535 0 0 4947 0 4947
536 4976 0 1 0 4977
537 4983 0 0 0 4983
538 2 0 0 4889 4891
539 0 4919 0 1 4920
540 0 4937 0 4 4941
541 4910 0 0 0 4910
542 0 5073 0 5 5078
543 0 39 0 4967 5006
544 0 2 1 5070 5073
545 0 0 5069 0 5069
546 2 0 5005 0 5007
547 5005 0 3 0 5008
548 1 2 0 5030 5033
549 5054 0 0 1 5055
550 1 5055 0 0 5056
551 5009 1 0 0 5010
552 1 0 0 5030 5031
553 4988 2 1 1 4992
554 1 0 4947 1 4949
555 1 1 4958 0 4960
556 0 0 4947 0 4947
557 4922 0 1 0 4923
558 5044 0 2 0 5046
559 0 5027 2 0 5029
560 0 0 1 5090 5091
561 656 0 4428 0 5084
562 5014 0 0 0 5014
563 0 1 0 5066 5067
564 5081 0 0 0 5081
565 5050 0 0 2 5052
566 4886 0 128 0 5014
567 5020 1 2 1 5024
568 3 0 5055 0 5058
569 5200 0 0 0 5200
570 5335 2 2 0 5339
571 5387 1 0 0 5388
572 5385 0 0 0 5385
573 5394 0 1 0 5395
574 5333 0 2 0 5335
575 41 0 5328 0 5369
576 5313 0 0 0 5313
577 3 0 5474 1 5478
578 5496 0 4 6 5506
579 5547 0 2 0 5549
580 5528 0 2 0 5530
581 5516 0 0 0 5516
582 5474 0 18 0 5492
583 1 0 0 5420 5421
584 0 0 0 5423 5423
585 3 0 5363 0 5366
586 5325 0 0 0 5325
587 5385 0 2 0 5387
588 5391 0 0 0 5391
589 6 0 5343 0 5349
590 0 0 5309 1 5310
591 5370 0 0 0 5370
592 5370 0 1 0 5371
593 1 5367 0 0 5368
594 5356 0 0 1 5357
595 5340 0 0 0 5340
596 0 0 0 5366 5366
597 7 0 5372 0 5379
598 5361 0 0 1 5362
599 0 1 0 5343 5344
600 5366 1 0 0 5367
601 5307 0 0 0 5307
602 0 5329 4 7 5340
603 1 1 1 5245 5248
604 2 5335 0 0 5337
605 0 5364 0 0 5364
606 5414 0 2 0 5416
607 5337 0 0 0 5337
608 0 5 1 5256 5262
609 1 5333 0 2 5336
610 2 0 5325 2 5329
611 1 0 0 5203 5204
612 5332 0 6 0 5338
613 1 5356 0 5 5362
614 1 3 0 5313 5317
615 1 1 5279 1 5282
616 2 1 5215 2 5220
617 0 5332 0 2 5334
618 5413 0 3 0 5416
619 0 0 1 5411 5412
620 5392 0 3 0 5395
621 3 5368 0 1 5372
622 5404 0 0 0 5404
623 0 4 0 5343 5347
624 0 0 5360 1 5361
625 7 5316 0 0 5323
626 0 2 0 5474 5476
627 0 1 0 5532 5533
628 2 0 5507 1 5510
629 5493 0 1 2 5496
630 5539 0 0 0 5539
631 5575 0 2 0 5577
632 4 0 5556 0 5560
633 5592 0 0 0 5592
634 1 0 5552 0 5553
635 5568 0 6 0 5574
636 5558 0 54 0 5612
637 6 5706 0 1 5713
638 0 0 1 5665 5666
639 2 0 5685 1 5688
640 4 0 5606 0 5610
641 2 0 0 5584 5586
642 0 0 0 5662 5662
643 1 0 5679 0 5680
644 0 5809 0 1 5810
645 1 3 0 5834 5838
646 3 5954 3 2 5962
647 2 0 5968 0 5970
648 5887 0 0 1 5888
649 5965 0 4 0 5969
650 5 0 6044 0 6049
651 6045 0 0 0 6045
652 6093 0 2 0 6095
653 1 0 6094 2 6097
654 6122 0 0 0 6122
655 0 0 0 6128 6128
656 0 1 0 6152 6153
657 0 6146 2 2 6150
658 0 4 0 6148 6152
659 1 7 0 6110 6118
660 5 0 6096 0 6101
661 0 5995 0 11 6006
662 1 6059 0 0 6060
663 6111 1 1 0 6113
664 13 5 6068 0 6086
665 1 0 3 5954 5958
666 4 0 6023 0 6027
667 4 0 5940 0 5944
668 1 5994 3 5 6003
669 6072 0 1 0 6073
670 3 0 6059 3 6065
671 2 0 5788 1 5791
672 5250 1 0 1 5252
673 0 0 5205 0 5205
674 2 5252 1 2 5257
675 5434 2 0 1 5437
676 5875 0 0 0 5875
677 16 5151 0 0 5167
678 5532 0 0 0 5532
679 3 1 0 4993 4997
680 1 5250 0 3 5254
681 5380 1 0 4 5385
682 1 1 5218 3 5223
683 4 5397 4 2 5407
684 1 4 0 5471 5476
685 1 0 5490 0 5491
686 5069 0 3 0 5072
687 2 0 5477 0 5479
688 0 1 0 4904 4905
689 0 0 1 5453 5454
690 0 5303 0 2 5305
691 5357 4 0 0 5361
692 2 2 0 5530 5534
693 5623 0 1 0 5624
694 0 0 5210 0 5210
695 5299 0 2 0 5301
696 5809 0 0 5 5814
697 5906 63 0 0 5969
698 0 0 0 5167 5167
699 3 0 5252 0 5255
700 2 5293 1 4 5300
701 1 1 1 5486 5489
702 5511 1 3 0 5515
703 3 5515 0 0 5518
704 5371 0 0 0 5371
705 3 5418 0 1 5422
706 2 0 1 5243 5246
707 2 0 5364 0 5366
708 3 5418 0 0 5421
709 1 8 0 5382 5391
710 0 0 0 5817 5817
711 5040 0 520 0 5560
712 7 5518 1 1 5527
713 5621 1 4 0 5626
714 5904 0 1 0 5905
715 1 1 5348 0 5350
716 0 0 5679 0 5679
717 1 1 3 3930 3935
718 0 0 5186 0 5186
719 5251 0 0 0 5251
720 5639 0 138 0 5777
721 6002 0 0 2 6004
722 6142 0 0 0 6142
723 2 0 0 5090 5092
724 0 1 0 5588 5589
725 0 0 5236 0 5236
726 2 0 5539 0 5541
727 5045 1 0 0 5046
728 26 0 5213 0 5239
729 5230 0 1 1 5232
730 3 5261 0 2 5266
731 5550 0 2 1 5553
732 5810 2 3 0 5815
733 5929 0 0 0 5929
734 2 4 0 5121 5127
735 5514 0 0 1 5515
736 1 7 0 5182 5190
737 5358 0 0 0 5358
738 0 0 0 4909 4909
739 1 4865 0 2 4868
740 4928 0 0 0 4928
741 1 4932 0 5 4938
742 2 5311 0 2 5315
743 1 5511 0 0 5512
744 4913 1 1 2 4917
745 1 0 5021 1 5023
746 1 0 5210 0 5211
747 4717 2 0 2 4721
748 0 0 5087 0 5087
749 0 1 5307 0 5308
750 12 0 5397 0 5409
751 4940 0 2 0 4942
752 5369 0 0 0 5369
753 0 4 0 5154 5158
754 5293 0 0 0 5293
755 5495 2 1 1 5499
756 5588 0 0 0 5588
757 0 0 0 4938 4938
758 0 0 0 5231 5231
759 5236 0 1 0 5237
760 5383 0 2 0 5385
761 4 4960 0 1 4965
762 0 0 1 4943 4944
763 2 0 4895 2 4899
764 5068 0 0 0 5068
765 3 0 5022 8 5033
766 0 7 1 4910 4918
767 5 5092 0 1 5098
768 4 5406 0 0 5410
769 5290 0 10 0 5300
770 0 0 5238 0 5238
771 16 0 5344 1 5361
772 1 4 1 4681 4687
773 0 5160 0 0 5160
774 0 4 3 5230 5237
775 0 5459 1 2 5462
776 5514 7 3 0 5524
777 5662 1 0 0 5663
778 0 0 0 5400 5400
779 5 5366 0 0 5371
780 5456 0 12 0 5468
781 5593 0 0 4 5597
782 1 0 0 5347 5348
783 5 0 5367 0 5372
784 5323 0 0 1 5324
785 0 2 0 5367 5369
786 5452 0 0 2 5454
787 0 0 5292 0 5292
788 2 0 0 5125 5127
789 5311 1 7 5 5324
790 0 0 5247 1 5248
791 0 5273 0 0 5273
792 0 0 3 5286 5289
793 0 0 0 5513 5513
794 1 0 5422 3 5426
795 0 2 0 5217 5219
796 5351 0 3 0 5354
797 0 1 5343 1 5345
798 0 0 5457 0 5457
799 5322 0 1 0 5323
800 5604 0 0 0 5604
801 5741 1 1 0 5743
802 5713 1 1 0 5715
803 4 0 0 5481 5485
804 5567 0 1 0 5568
805 5657 0 0 1 5658
806 1 0 1 5367 5369
807 2 5400 0 1 5403
808 5651 0 1 1 5653
809 1 0 5523 1 5525
810 5669 0 1 0 5670
811 5760 0 0 0 5760
812 1 0 5628 0 5629
813 5701 0 0 0 5701
814 0 7 1 5579 5587
815 2 5798 0 0 5800
816 5968 0 1 4 5973
817 5952 0 0 1 5953
818 1 0 0 5797 5798
819 5940 3 2 7 5952
820 14 1 5900 1 5916
821 1 4 0 5763 5768
822 1 5998 0 4 6003
823 3 0 6022 2 6027
824 2 5680 0 1 5683
825 0 1 0 5681 5682
826 1 1 2 5812 5816
827 0 5700 0 3 5703
828 5835 0 1 2 5838
829 5897 0 0 1 5898
830 5819 1 0 1 5821
831 0 5684 1 3 5688
832 1 5734 0 2 5737
833 1 5815 0 0 5816
834 5590 1 1 0 5592
835 30 5754 0 1 5785
836 0 4 0 5695 5699
837 1 0 5625 13 5639
838 0 1 5639 0 5640
839 5575 0 0 3 5578
840 2 0 5690 0 5692
841 0 5686 0 1 5687
842 0 1 0 5773 5774
843 5740 0 0 0 5740
844 9 1 5692 0 5702
845 0 5674 0 2 5676
846 0 0 0 5742 5742
847 1 0 5752 0 5753
848 0 0 1 5634 5635
849 5802 0 1 1 5804
850 0 0 5796 2 5798
851 5850 0 0 0 5850
852 5925 1 4 0 5930
853 6006 2 2 0 6010
854 0 0 0 5806 5806
855 0 1 0 5947 5948
856 3 1 5825 0 5829
857 1 5853 1 0 5855
858 5995 23 1 0 6019
859 6033 1 1 0 6035
860 6042 0 1 1 6044
861 0 6000 1 0 6001
862 6042 2 3 0 6047
863 6045 0 1 0 6046
864 0 0 5891 0 5891
865 5845 1 0 0 5846
866 3 5930 0 0 5933
867 13 1 0 5930 5944
868 153 0 5870 0 6023
869 0 0 0 5877 5877
870 1 0 6029 0 6030
871 5068 1 950 1 6020
872 0 1 0 5938 5939
873 6084 1 1 0 6086
874 1 0 5964 0 5965
875 5983 2 1 0 5986
876 0 5 0 5988 5993
877 5962 0 2 0 5964
878 13 6019 1 2 6035
879 0 52 0 6044 6096
880 0 0 6062 0 6062
881 6019 0 0 0 6019
882 6038 0 0 0 6038
883 6 5996 0 7 6009
884 0 6120 0 1 6121
885 0 8 0 6094 6102
886 1 0 1 6159 6161
887 1 5 0 6208 6214
888 6208 0 4 0 6212
889 6169 0 0 0 6169
890 6155 0 0 0 6155
891 1 0 6050 0 6051
892 0 0 0 5865 5865
893 0 6008 0 2 6010
894 6105 0 2 1 6108
895 0 3 0 6052 6055
896 2 0 6022 0 6024
897 1 3 1 5950 5955
898 1 6050 0 0 6051
899 1 1 0 6038 6040
900 3 0 6004 0 6007
901 2 0 5967 0 5969
902 0 5926 0 0 5926
903 5970 0 7 0 5977
904 1 1 5928 0 5930
905 1 5861 0 0 5862
906 0 5939 0 2 5941
907 5985 0 0 0 5985
908 1 0 1 5940 5942
909 6014 0 0 0 6014
910 1 0 5982 0 5983
911 5864 0 0 1 5865
912 4 6001 0 0 6005
913 4 2 5962 0 5968
914 0 0 5938 0 5938
915 5792 6 12 2 5812
916 0 0 5943 1 5944
917 0 0 5918 1 5919
918 0 106 1 5426 5533
919 1 0 5825 0 5826
920 5856 0 2 0 5858
921 0 0 0 5915 5915
922 0 0 5910 0 5910
923 2 4 0 5797 5803
924 5895 0 0 0 5895
925 0 0 5773 1 5774
926 1 5743 1 1 5746
927 7 2 0 5778 5787
928 0 1 1 5817 5819
929 0 0 5790 0 5790
930 2 5 1 5662 5670
931 1 0 5696 0 5697
932 5724 0 3 1 5728
933 0 5695 0 1 5696
934 5724 2 0 0 5726
935 0 0 1 5684 5685
936 5684 0 4 1 5689
937 5682 0 0 0 5682
938 2 0 0 5659 5661
939 5663 0 4 0 5667
940 5670 0 2 2 5674
941 1 0 5538 0 5539
942 5496 1 0 0 5497
943 1 0 5539 0 5540
944 1 5512 0 3 5516
945 0 1 1 5508 5510
946 6 0 5490 4 5500
947 2 5462 0 1 5465
948 5513 1 0 2 5516
949 1 0 1 5452 5454
950 0 0 1 5519 5520
951 5525 0 18 0 5543
952 0 0 5422 0 5422
953 0 0 5398 0 5398
954 5446 0 1 2 5449
955 1 5361 0 4 5366
956 0 0 0 5493 5493
957 5539 0 0 0 5539
958 5460 1 1 0 5462
959 5455 1 1 0 5457
960 3 0 5391 0 5394
961 5293 0 4 0 5297
962 0 0 2 5204 5206
963 2 5297 0 0 5299
964 5286 1 1 0 5288
965 24 0 5220 0 5244
966 5172 0 0 1 5173
967 0 5170 0 2 5172
968 5244 0 1 0 5245
969 5192 0 0 0 5192
970 5120 0 4 0 5124
971 3 0 5097 1 5101
972 5019 0 1 0 5020
973 8 5044 0 1 5053
974 5125 0 2 0 5127
975 5084 0 0 0 5084
976 5018 0 0 0 5018
977 3 0 4953 0 4956
978 4914 0 4 0 4918
979 0 0 0 4794 4794
980 0 2 0 4858 4860
981 1 1 0 4857 4859
982 4 0 4787 0 4791
983 2 0 4781 0 4783
984 4749 2 25 3 4779
985 3 4768 0 1 4772
986 10 0 4717 0 4727
987 7 1 4698 2 4708
988 0 4724 1 1 4726
989 0 0 0 4771 4771
990 9 1 0 4797 4807
991 0 0 4732 0 4732
992 4630 0 0 0 4630
993 2 0 4664 1 4667
994 2 4630 0 3 4635
995 0 0 0 4736 4736
996 4765 0 0 0 4765
997 4753 0 0 0 4753
998 4795 0 0 0 4795
999 4788 0 0 0 4788
1000 4787 0 1 0 4788
1001 10 0 4687 0 4697
1002 4648 0 3 0 4651
1003 4668 1 0 0 4669
1004 0 0 0 4626 4626
1005 4652 0 1 0 4653
1006 3 0 1 4539 4543
1007 0 4600 1 0 4601
1008 4599 1 3 0 4603
1009 1 0 4583 0 4584
1010 1 0 4536 4 4541
1011 4446 0 0 0 4446
1012 4540 0 3 1 4544
1013 2 0 4598 5 4605
1014 4643 0 3 0 4646
1015 1 0 4658 0 4659
1016 4 0 4609 0 4613
1017 4560 0 1 2 4563
1018 0 1 1 4516 4518
1019 0 0 0 4504 4504
1020 0 4528 0 0 4528
1021 4628 3 0 0 4631
1022 4650 0 0 0 4650
1023 4649 0 0 0 4649
1024 4573 0 2 0 4575
1025 4516 0 1 0 4517
1026 1 1 0 4423 4425
1027 0 0 4383 0 4383
1028 4283 1 0 0 4284
1029 0 1 2 4287 4290
1030 1 1 4269 1 4272
1031 4187 1 0 1 4189
1032 4215 0 1 0 4216
1033 10 0 4216 0 4226
1034 4213 0 2 0 4215
1035 4205 1 0 0 4206
1036 4173 2 0 0 4175
1037 2 3 1 4145 4151
1038 4138 0 0 1 4139
1039 2 0 0 4101 4103
1040 0 0 1 4104 4105
1041 4169 0 0 0 4169
1042 4053 0 2 0 4055
1043 7 2 0 4049 4058
1044 4111 7 1 0 4119
1045 1 0 4053 0 4054
1046 0 0 3998 0 3998
1047 40 0 3886 1 3927
1048 3992 0 0 0 3992
1049 4043 0 0 0 4043
1050 1 4038 0 0 4039
1051 0 0 4016 0 4016
1052 1 0 4027 0 4028
1053 4039 0 1 0 4040
1054 4028 0 0 0 4028
1055 1 3998 0 0 3999
1056 4063 0 0 0 4063
1057 4059 0 0 0 4059
1058 1 1 0 4005 4007
1059 3984 0 3 1 3988
1060 2 3939 0 3 3944
1061 4012 0 0 1 4013
1062 2 0 4023 0 4025
1063 3992 1 0 0 3993
1064 3971 0 0 0 3971
1065 2 2 3967 0 3971
1066 3952 0 0 0 3952
1067 0 2 0 3900 3902
1068 0 2 0 4003 4005
1069 1 0 4023 2 4026
1070 2 0 4003 0 4005
1071 3990 0 2 0 3992
1072 4001 0 2 0 4003
1073 0 0 2 3961 3963
1074 3975 4 0 0 3979
1075 0 0 1 3951 3952
1076 0 0 3955 0 3955
1077 3 0 3905 0 3908
1078 0 0 3855 0 3855
1079 3839 1 1 0 3841
1080 1 3813 0 4 3818
1081 0 0 3833 0 3833
1082 0 0 3848 1 3849
1083 0 0 3869 0 3869
1084 5 0 3875 0 3880
1085 3862 1 2 0 3865
1086 3937 1 0 1 3939
1087 0 0 3891 0 3891
1088 3929 0 0 1 3930
1089 4 0 3940 0 3944
1090 0 0 3948 1 3949
1091 3955 1 0 1 3957
1092 4 0 4165 0 4169
1093 0 1 0 4075 4076
1094 0 0 0 4095 4095
1095 0 4098 0 1 4099
1096 0 4148 0 1 4149
1097 4200 0 1 1 4202
1098 0 1 1 4219 4221
1099 0 0 4258 0 4258
1100 0 0 0 4150 4150
1101 4224 0 0 0 4224
1102 4191 0 0 1 4192
1103 4 0 4225 0 4229
1104 4126 1 0 0 4127
1105 0 0 2 4144 4146
1106 3 2 4197 0 4202
1107 0 0 1 4001 4002
1108 0 0 4177 1 4178
1109 2 0 4254 0 4256
1110 0 5 3 4095 4103
1111 0 0 4170 0 4170
1112 4217 0 0 0 4217
1113 4236 1 1 1 4239
1114 0 0 0 4220 4220
1115 0 0 4172 0 4172
1116 2 4104 0 7 4113
1117 4135 0 1 4 4140
1118 1 0 4368 0 4369
1119 62 0 4391 1 4454
1120 0 0 5266 2 5268
1121 1 0 5311 0 5312
1122 5265 0 6 0 5271
1123 5295 0 2 0 5297
1124 1 1 0 5318 5320
1125 5332 0 3 0 5335
1126 1 2 28 5395 5426
1127 0 1 0 5509 5510
1128 5531 0 0 2 5533
1129 5603 0 0 1 5604
1130 5650 0 0 0 5650
1131 5663 1 1 1 5666
1132 5659 1 3 0 5663
1133 5633 3 1 0 5637
1134 0 0 5639 0 5639
1135 5574 0 1 0 5575
1136 0 0 5691 0 5691
1137 2 3 2 5465 5472
1138 5650 0 1 0 5651
1139 5685 2 0 0 5687
1140 5663 0 5 0 5668
1141 5648 0 0 0 5648
1142 0 0 1 5668 5669
1143 1 0 5644 0 5645
1144 5614 0 1 1 5616
1145 5584 0 4 2 5590
1146 5609 0 0 0 5609
1147 1 5633 0 0 5634
1148 0 2 5 5546 5553
1149 27 0 5590 0 5617
1150 4 2 5605 1 5612
1151 5590 0 1 0 5591
1152 5652 0 0 0 5652
1153 5674 1 1 0 5676
1154 5696 1 1 0 5698
1155 5663 1 1 0 5665
1156 0 5695 0 0 5695
1157 0 0 0 5590 5590
1158 5604 0 1 0 5605
1159 1 5645 0 0 5646
1160 0 0 0 5660 5660
1161 56 0 5572 1 5629
1162 5595 0 0 4 5599
1163 1 0 0 5607 5608
1164 5658 0 0 0 5658
1165 5652 1 0 0 5653
1166 5597 1 0 0 5598
1167 0 2 1 5560 5563
1168 0 29 0 5485 5514
1169 1 5553 0 2 5556
1170 5581 1 1 0 5583
1171 2 1 5528 0 5531
1172 1 5434 0 4 5439
1173 1 5481 0 1 5483
1174 5577 0 3 0 5580
1175 5580 0 0 0 5580
1176 5554 1 0 0 5555
1177 5576 0 0 0 5576
1178 5527 1 4 1 5533
1179 1 1 5553 0 5555
1180 0 1 5502 1 5504
1181 5440 1 9 0 5450
1182 2 0 5552 1 5555
1183 1 0 5551 0 5552
1184 5556 0 0 0 5556
1185 0 1 1 5546 5548
1186 5607 4 2 1 5614
1187 0 1 1 5615 5617
1188 0 0 5615 0 5615
1189 5629 2 0 1 5632
1190 113 0 5512 2 5627
1191 5543 0 1 0 5544
1192 2 0 5549 0 5551
1193 5601 0 1 0 5602
1194 1 0 0 5602 5603
1195 0 1 0 5628 5629
1196 0 0 0 5724 5724
1197 5810 0 1 0 5811
1198 5745 3 0 1 5749
1199 2 2 0 5789 5793
1200 5795 0 0 0 5795
1201 5793 0 0 0 5793
1202 1 3 1 5835 5840
1203 0 5917 0 4 5921
1204 2 0 0 5920 5922
1205 0 2 0 5997 5999
1206 5982 0 1 1 5984
1207 0 1 1 6040 6042
1208 1 0 6034 0 6035
1209 0 5952 0 0 5952
1210 6073 1 1 0 6075
1211 0 1 0 6165 6166
1212 1 0 6179 1 6181
1213 10 0 6197 1 6208
1214 0 1 0 5992 5993
1215 6304 0 8 2 6314
1216 0 0 1 6421 6422
1217 0 0 1 6442 6443
1218 1 0 1 6422 6424
1219 0 1 1 6445 6447
1220 1 6415 0 4 6420
1221 1 0 1 6434 6436
1222 3 6430 1 0 6434
1223 6548 0 0 0 6548
1224 6544 0 0 0 6544
1225 2 0 6547 0 6549
1226 6499 1 0 0 6500
1227 1 6538 0 0 6539
1228 6521 2 0 2 6525
1229 1 6686 0 0 6687
1230 0 0 1 6676 6677
1231 6716 2 1 0 6719
1232 0 0 6877 0 6877
1233 9 0 6848 0 6857
1234 6799 1 1 1 6802
1235 0 0 1 6859 6860
1236 1 0 6883 31 6915
1237 0 0 0 6877 6877
1238 1 2 1 6881 6885
1239 2 6813 0 2 6817
1240 1 6890 1 0 6892
1241 6914 1 5 1 6921
1242 6860 2 7 1 6870
1243 55 0 6857 2 6914
1244 0 0 6821 1 6822
1245 0 0 6857 17 6874
1246 0 0 6899 0 6899
1247 0 1 1 6570 6572
1248 0 0 6752 1 6753
1249 6857 0 3 0 6860
1250 1 0 6945 4 6950
1251 6931 0 3 0 6934
1252 0 0 7009 3 7012
1253 1 0 7011 0 7012
1254 6950 1 14 0 6965
1255 0 0 7054 0 7054
1256 7051 1 0 0 7052
1257 7094 1 0 0 7095
1258 7139 1 4 0 7144
1259 0 0 1 7199 7200
1260 7283 0 1 0 7284
1261 7282 0 0 2 7284
1262 7294 0 2 0 7296
1263 2 1 0 7457 7460
1264 1 5 0 7463 7469
1265 1 3 0 7527 7531
1266 1 1 1 7649 7652
1267 3 7674 0 1 7678
1268 1 1 0 7692 7694
1269 0 1 0 7710 7711
1270 7711 0 0 0 7711
1271 7687 1 2 0 7690
1272 1 1 1 7602 7605
1273 1 7662 0 0 7663
1274 1 0 7668 0 7669
1275 7527 1 9 0 7537
1276 1 0 7593 2 7596
1277 1 7468 2 4 7475
1278 6582 0 9 919 7510
1279 0 0 7493 0 7493
1280 6 0 7343 0 7349
1281 0 7348 0 1 7349
1282 1 7374 0 0 7375
1283 7483 0 1 0 7484
1284 7333 0 1 0 7334
1285 0 7469 0 2 7471
1286 2 1 0 7423 7426
1287 0 0 0 7351 7351
1288 0 3 0 7370 7373
1289 0 0 0 7363 7363
1290 7277 0 9 0 7286
1291 0 1 0 6874 6875
1292 0 6833 0 2 6835
1293 0 4 0 6738 6742
1294 1 6801 0 4 6806
1295 9 6776 0 2 6787
1296 6777 5 5 0 6787
1297 6627 3 1 0 6631
1298 0 1 1 6600 6602
1299 0 0 6548 0 6548
1300 0 97 0 6280 6377
1301 6372 0 0 0 6372
1302 4 6459 0 2 6465
1303 0 6395 0 1 6396
1304 6478 0 3 1 6482
1305 6399 0 0 0 6399
1306 1 6407 0 1 6409
1307 0 2 0 6356 6358
1308 0 6351 0 0 6351
1309 0 6407 0 0 6407
1310 6364 2 0 0 6366
1311 6290 3 0 0 6293
1312 5 6321 0 0 6326
1313 9 0 6292 1 6302
1314 6228 0 2 0 6230
1315 0 3 3 6269 6275
1316 6218 0 1 0 6219
1317 0 9 0 6201 6210
1318 0 1 0 6277 6278
1319 0 2 0 6240 6242
1320 1 1 0 6232 6234
1321 0 1 0 6183 6184
1322 0 0 0 6151 6151
1323 1 0 5898 2 5901
1324 5885 1 2 0 5888
1325 5814 0 6 0 5820
1326 0 0 0 5861 5861
1327 5855 1 0 0 5856
1328 33 0 5784 1 5818
1329 5776 2 0 0 5778
1330 5748 0 1 0 5749
1331 1 0 5629 0 5630
1332 2 5563 0 0 5565
1333 5644 0 1 0 5645
1334 5520 0 0 0 5520
1335 0 5547 0 2 5549
1336 1 0 5480 0 5481
1337 5317 0 0 1 5318
1338 0 5448 1 2 5451
1339 0 5476 0 1 5477
1340 1 0 0 5498 5499
1341 0 1 3 5546 5550
1342 1 0 0 5557 5558
1343 0 0 0 5519 5519
1344 0 1 2 5515 5518
1345 0 0 5422 2 5424
1346 5379 0 2 0 5381
1347 1 6 0 5298 5305
1348 0 5331 0 0 5331
1349 5348 1 1 0 5350
1350 5245 0 1 0 5246
1351 0 8 5 5252 5265
1352 4 5 5272 2 5283
1353 1 0 5186 2 5189
1354 0 0 5189 0 5189
1355 12 0 5218 1 5231
1356 22 1 5210 0 5233
1357 0 1 0 4893 4894
1358 5208 1 0 0 5209
1359 1 2 1 5276 5280
1360 1 0 5268 0 5269
1361 5222 0 9 0 5231
1362 1 0 5249 0 5250
1363 1 0 5172 0 5173
1364 5268 0 0 1 5269
1365 5258 0 5 0 5263
1366 0 0 2 5229 5231
1367 0 5163 0 3 5166
1368 5042 0 1 2 5045
1369 1 5308 0 0 5309
1370 0 5311 0 3 5314
1371 2 5314 0 1 5317
1372 5384 5 0 0 5389
1373 5433 0 0 0 5433
1374 5461 0 1 1 5463
1375 2 0 5395 0 5397
1376 0 5356 0 0 5356
1377 5461 0 0 1 5462
1378 5421 0 3 0 5424
1379 0 0 5432 0 5432
1380 1 0 2 5230 5233
1381 1 0 5323 0 5324
1382 5349 0 0 0 5349
1383 5334 0 9 0 5343
1384 4 5361 0 0 5365
1385 0 1 0 5350 5351
1386 5319 0 6 0 5325
1387 6 5327 0 0 5333
1388 5318 0 2 0 5320
1389 1 0 0 5289 5290
1390 1 1 5314 0 5316
1391 0 1 5277 0 5278
1392 0 1 5251 0 5252
1393 5202 1 2 0 5205
1394 0 0 0 5237 5237
1395 5275 0 1 0 5276
1396 5266 0 0 0 5266
1397 5257 0 0 0 5257
1398 1 1 0 5170 5172
1399 3 0 5165 0 5168
1400 5120 2 0 0 5122
1401 5076 0 1 1 5078
1402 0 2 0 4970 4972
1403 0 5033 0 0 5033
1404 4984 0 2 0 4986
1405 4960 0 0 2 4962
1406 0 2 0 4984 4986
1407 0 0 4988 0 4988
1408 4992 0 2 1 4995
1409 4993 1 0 0 4994
1410 0 1 0 4916 4917
1411 12 0 4867 1 4880
1412 0 4848 0 1 4849
1413 4878 0 1 2 4881
1414 0 1 0 4886 4887
1415 4 4869 0 0 4873
1416 0 2 0 4884 4886
1417 0 0 4807 0 4807
1418 4777 0 1 1 4779
1419 3 4769 0 1 4773
1420 0 1 0 4750 4751
1421 4762 0 0 1 4763
1422 0 7 0 4743 4750
1423 4661 0 0 3 4664
1424 3 4716 0 2 4721
1425 4715 0 1 2 4718
1426 0 2 0 4640 4642
1427 0 1 0 4688 4689
1428 11 0 4649 0 4660
1429 4586 0 1 0 4587
1430 4574 2 0 1 4577
1431 4595 6 1 0 4602
1432 0 0 4567 0 4567
1433 1 0 4500 0 4501
1434 3 0 4516 0 4519
1435 4480 0 1 0 4481
1436 0 0 0 4439 4439
1437 0 2 0 4486 4488
1438 12 0 4415 0 4427
1439 0 3 0 4290 4293
1440 4378 0 0 0 4378
1441 0 0 4346 0 4346
1442 0 2 0 4179 4181
1443 1 0 4210 0 4211
1444 4269 1 0 0 4270
1445 0 4241 0 3 4244
1446 4297 0 0 0 4297
1447 4263 0 0 0 4263
1448 1 0 4231 1 4233
1449 4223 0 1 1 4225
1450 4206 0 1 0 4207
1451 4216 0 0 0 4216
1452 0 1 0 4168 4169
1453 64 0 4108 1 4173
1454 0 0 0 4035 4035
1455 4174 0 1 0 4175
1456 4148 0 1 0 4149
1457 0 0 0 4110 4110
1458 0 0 0 4180 4180
1459 0 0 4173 1 4174
1460 4117 1 4 0 4122
1461 0 4142 0 43 4185
1462 1 1 4186 0 4188
1463 4093 0 0 1 4094
1464 2 4158 0 15 4175
1465 0 8 0 4200 4208
1466 1 1 0 4193 4195
1467 0 4 0 4176 4180
1468 4185 0 0 1 4186
1469 0 0 4098 1 4099
1470 4 4062 0 2 4068
1471 0 1 0 4042 4043
1472 0 4027 0 1 4028
1473 2 0 0 4026 4028
1474 4010 0 0 0 4010
1475 13 3976 0 0 3989
1476 0 2 1 3981 3984
1477 1 0 3938 0 3939
1478 3883 0 3 0 3886
1479 3866 0 2 0 3868
1480 3841 0 0 0 3841
1481 5 3842 0 3 3850
1482 3797 0 0 1 3798
1483 3 0 3762 0 3765
1484 3746 0 2 0 3748
1485 3696 0 0 0 3696
1486 3708 0 0 0 3708
1487 3673 1 0 0 3674
1488 3681 0 6 0 3687
1489 0 0 3575 1 3576
1490 0 0 1 3196 3197
1491 3503 0 1 0 3504
1492 0 0 0 3466 3466
1493 0 3472 0 0 3472
1494 0 3483 0 1 3484
1495 3524 2 0 0 3526
1496 3 0 0 3464 3467
1497 3469 0 0 0 3469
1498 3416 0 3 0 3419
1499 0 3409 0 2 3411
1500 3405 5 1 0 3411
1501 3399 0 1 0 3400
1502 3345 0 0 0 3345
1503 3354 0 0 0 3354
1504 3335 0 0 1 3336
1505 3303 0 2 0 3305
1506 0 0 0 3240 3240
1507 2 3265 0 0 3267
1508 0 0 0 3247 3247
1509 0 1 0 3279 3280
1510 3243 0 0 0 3243
1511 0 0 3172 1 3173
1512 2 3164 1 2 3169
1513 0 0 0 3123 3123
1514 0 0 0 3146 3146
1515 3147 0 0 0 3147
1516 3126 0 0 0 3126
1517 1 4 0 3120 3125
1518 3147 0 1 0 3148
1519 3127 0 0 0 3127
1520 3116 0 0 0 3116
1521 3102 1 3 0 3106
1522 3081 0 5 0 3086
1523 4 0 2998 5 3007
1524 8 0 2922 1 2931
1525 2987 0 1 1 2989
1526 0 2956 0 0 2956
1527 2 2 0 2948 2952
1528 0 0 2957 0 2957
1529 0 0 2888 0 2888
1530 2965 0 1 0 2966
1531 0 0 2919 0 2919
1532 2941 0 0 1 2942
1533 2943 0 0 0 2943
1534 0 0 2906 0 2906
1535 0 0 0 2808 2808
1536 0 2898 0 0 2898
1537 2915 0 1 0 2916
1538 0 0 0 2938 2938
1539 2892 0 0 0 2892
1540 2860 0 0 2 2862
1541 0 0 1 2886 2887
1542 1 0 2827 0 2828
1543 1 0 2812 0 2813
1544 1 0 2770 0 2771
1545 2811 0 2 0 2813
1546 1 0 2834 0 2835
1547 0 2808 0 3 2811
1548 0 0 0 2876 2876
1549 2884 0 1 0 2885
1550 2847 0 0 0 2847
1551 0 0 0 2823 2823
1552 1 0 2797 0 2798
1553 2812 1 1 0 2814
1554 5 2808 0 0 2813
1555 10 0 2785 1 2796
1556 0 0 0 2730 2730
1557 6 0 2722 0 2728
1558 2763 0 0 0 2763
1559 1 0 2817 0 2818
1560 0 1 0 2717 2718
1561 0 0 2809 0 2809
1562 2873 0 1 0 2874
1563 2955 0 0 0 2955
1564 0 0 0 2943 2943
1565 0 0 1 2955 2956
1566 2989 0 0 0 2989
1567 0 0 2946 1 2947
1568 2985 0 0 0 2985
1569 2979 4 1 0 2984
1570 0 1 0 2981 2982
1571 0 3035 1 1 3037
1572 3035 0 3 0 3038
1573 0 3102 0 1 3103
1574 3144 0 0 0 3144
1575 3112 0 1 0 3113
1576 3 0 3079 0 3082
1577 2 3064 0 1 3067
1578 3070 0 0 0 3070
1579 1 3116 0 0 3117
1580 3108 5 2 2 3117
1581 10 0 3117 1 3128
1582 4 3082 0 0 3086
1583 2 3 0 3176 3181
1584 1 0 3170 1 3172
1585 3128 2 0 0 3130
1586 1 0 0 3193 3194
1587 0 0 3216 3 3219
1588 3182 0 3 0 3185
1589 0 0 0 3213 3213
1590 3251 0 0 0 3251
1591 3230 0 2 0 3232
1592 1 3235 0 4 3240
1593 3231 0 0 1 3232
1594 0 0 0 3254 3254
1595 3279 0 1 0 3280
1596 0 0 0 3257 3257
1597 0 0 3239 0 3239
1598 3239 1 4 0 3244
1599 0 1 0 3222 3223
1600 3207 0 3 0 3210
1601 0 3212 0 1 3213
1602 3182 0 0 0 3182
1603 0 3213 0 0 3213
1604 0 3291 0 1 3292
1605 0 0 0 3300 3300
1606 3314 0 1 0 3315
1607 3282 0 0 0 3282
1608 3257 0 0 0 3257
1609 3251 0 0 0 3251
1610 0 0 0 3252 3252
1611 0 2 3279 0 3281
1612 0 0 1 3106 3107
1613 0 0 3292 1 3293
1614 5 0 3335 2 3342
1615 0 0 3365 0 3365
1616 3358 2 1 0 3361
1617 3401 1 1 0 3403
1618 3451 0 2 0 3453
1619 4 1 2 3426 3433
1620 1 1 3438 1 3441
1621 0 0 3825 4 3829
1622 0 0 4092 0 4092
1623 4156 0 1 0 4157
1624 4163 0 0 0 4163
1625 2 4240 0 0 4242
1626 4272 0 0 0 4272
1627 4235 1 0 1 4237
1628 3 4219 0 0 4222
1629 2 4378 0 1 4381
1630 4692 0 3 0 4695
1631 4789 0 0 0 4789
1632 4776 0 2 0 4778
1633 0 0 4756 0 4756
1634 4745 1 2 0 4748
1635 4804 0 2 0 4806
1636 0 4920 0 7 4927
1637 0 1 0 4882 4883
1638 3 0 4870 0 4873
1639 1 1 4859 0 4861
1640 1 5 0 4695 4701
1641 22 0 4844 0 4866
1642 2 4920 0 1 4923
1643 5116 0 0 0 5116
1644 5101 0 3 0 5104
1645 5051 0 0 0 5051
1646 5005 0 0 0 5005
1647 0 5055 0 3 5058
1648 4945 0 1 1 4947
1649 1 5062 4 2 5069
1650 0 2 1 5074 5077
1651 0 1 1 5053 5055
1652 5101 0 1 0 5102
1653 1 1 1 5042 5045
1654 5 5087 0 1 5093
1655 5223 0 1 0 5224
1656 5145 0 0 1 5146
1657 0 3 0 5212 5215
1658 2 0 5221 1 5224
1659 0 0 5146 0 5146
1660 1 0 5116 2 5119
1661 0 3 0 4916 4919
1662 1 0 5079 0 5080
1663 1 5216 0 2 5219
1664 3 1 0 5299 5303
1665 5389 0 3 6 5398
1666 5521 0 0 0 5521
1667 5514 0 3 0 5517
1668 5555 0 2 0 5557
1669 5547 0 0 0 5547
1670 5517 0 1 1 5519
1671 2 5645 0 0 5647
1672 0 0 0 5592 5592
1673 0 6 0 5601 5607
1674 20 0 5581 1 5602
1675 0 0 5775 0 5775
1676 5 0 0 5578 5583
1677 2 0 5698 0 5700
1678 5772 4 0 0 5776
1679 1 5789 0 30 5820
1680 5843 0 0 0 5843
1681 0 5984 0 2 5986
1682 0 2 0 6115 6117
1683 183 0 5969 0 6152
1684 6094 1 3 0 6098
1685 6109 0 1 1 6111
1686 36 0 6065 0 6101
1687 2 0 6062 1 6065
1688 0 6288 0 3 6291
1689 0 1 0 6277 6278
1690 0 6368 0 2 6370
1691 6416 1 2 0 6419
1692 0 0 6540 0 6540
1693 1 0 1 6477 6479
1694 0 1 1 6575 6577
1695 0 3 3 6607 6613
1696 1 6643 0 3 6647
1697 4 2 0 6673 6679
1698 0 0 0 6667 6667
1699 3 6671 0 0 6674
1700 0 1 1 6726 6728
1701 6674 0 5 0 6679
1702 0 0 6746 1 6747
1703 4 0 6735 0 6739
1704 6698 0 16 0 6714
1705 6806 0 2 0 6808
1706 6845 0 3 0 6848
1707 6695 1 128 0 6824
1708 13 0 6798 1 6812
1709 6785 3 6 0 6794
1710 54 0 6853 0 6907
1711 0 3 6806 0 6809
1712 6926 0 3 0 6929
1713 5 6959 0 3 6967
1714 7036 0 0 0 7036
1715 41 1 0 7014 7056
1716 1 1 7062 0 7064
1717 2 1 0 6992 6995
1718 2 0 0 6997 6999
1719 0 6916 0 4 6920
1720 1 6998 0 1 7000
1721 7019 2 2 0 7023
1722 6962 0 4 2 6968
1723 0 1 0 7074 7075
1724 0 0 7085 0 7085
1725 0 1 7037 3 7041
1726 0 0 7008 0 7008
1727 6942 0 4 0 6946
1728 1 2 0 7039 7042
1729 3 0 7114 0 7117
1730 0 7094 0 1 7095
1731 7157 1 0 0 7158
1732 1 1 0 7187 7189
1733 0 1 0 7247 7248
1734 0 0 0 7272 7272
1735 0 0 7271 0 7271
1736 7215 0 1 0 7216
1737 7247 0 1 0 7248
1738 0 0 7205 1 7206
1739 1 7232 0 2 7235
1740 7364 1 1 1 7367
1741 0 1 0 7359 7360
1742 0 1 0 7478 7479
1743 0 0 0 7522 7522
1744 0 0 7399 1 7400
1745 7352 2 5 1 7360
1746 1 0 7349 0 7350
1747 7330 0 4 0 7334
1748 1 0 7362 0 7363
1749 0 7340 0 0 7340
1750 7471 0 3 1 7475
1751 0 10 3 7468 7481
1752 7510 0 1 1 7512
1753 7378 0 0 4 7382
1754 0 3 0 7384 7387
1755 0 1196 0 6164 7360
1756 0 7288 0 3 7291
1757 0 7345 0 1 7346
1758 0 2 0 7315 7317
1759 8 7416 0 0 7424
1760 7358 0 94 0 7452
1761 3 0 7435 2 7440
1762 7441 0 0 0 7441
1763 7477 0 1 0 7478
1764 7453 0 1 1 7455
1765 7394 2 0 0 7396
1766 1 3 0 7449 7453
1767 1 2 7447 0 7450
1768 4 0 7391 1 7396
1769 2 7258 0 13 7273
1770 1 3 0 7303 7307
1771 0 0 7353 0 7353
1772 0 1 7346 0 7347
1773 0 1 0 7264 7265
1774 4 7293 0 2 7299
1775 7303 0 2 1 7306
1776 0 0 7341 0 7341
1777 0 0 0 7211 7211
1778 7307 0 1 0 7308
1779 1 7277 0 0 7278
1780 7315 1 0 1 7317
1781 0 0 7411 0 7411
1782 1 0 0 7298 7299
1783 0 0 7343 1 7344
1784 1 0 7322 0 7323
1785 7144 1 3 2 7150
1786 0 3 0 7207 7210
1787 0 2 0 7353 7355
1788 0 2 0 7475 7477
1789 15 0 7317 0 7332
1790 0 7351 0 8 7359
1791 7460 0 1 0 7461
1792 7496 0 0 0 7496
1793 0 0 7369 0 7369
1794 7357 1 1 0 7359
1795 1 0 7254 0 7255
1796 0 7278 0 0 7278
1797 7415 1 0 0 7416
1798 0 0 7302 0 7302
1799 1 1 1 7219 7222
1800 3 0 7254 8 7265
1801 2 7306 0 0 7308
1802 3 0 0 7342 7345
1803 1 7395 0 1 7397
1804 7464 0 0 0 7464
1805 7388 0 1 1 7390
1806 7420 0 0 0 7420
1807 1 7337 0 0 7338
1808 7460 0 1 0 7461
1809 7345 0 0 0 7345
1810 7314 0 1 0 7315
1811 1 2 0 7330 7333
1812 4 0 7310 0 7314
1813 7267 0 2 1 7270
1814 0 0 7264 3 7267
1815 7230 0 8 0 7238
1816 1 0 7223 0 7224
1817 7122 1 1 0 7124
1818 0 7103 0 1 7104
1819 0 7173 1 0 7174
1820 7181 3 0 1 7185
1821 1 0 7236 0 7237
1822 1 0 7195 0 7196
1823 7029 5 1 1 7036
1824 7 0 7209 2 7218
1825 108 0 7124 1 7233
1826 1 2 0 6457 6460
1827 0 0 0 7028 7028
1828 7170 0 2 6 7178
1829 0 0 0 7394 7394
1830 0 0 7329 1 7330
1831 7333 0 1 1 7335
1832 7424 0 2 0 7426
1833 7406 0 3 0 7409
1834 7392 0 0 0 7392
1835 4 7397 0 0 7401
1836 0 11 0 7312 7323
1837 4 0 7286 2 7292
1838 7244 0 2 0 7246
1839 3 7268 0 0 7271
1840 1 7267 0 0 7268
1841 7251 0 1 2 7254
1842 3 0 7303 0 7306
1843 0 2 0 7066 7068
1844 1 2 0 7273 7276
1845 0 7231 0 53 7284
1846 7297 0 0 1 7298
1847 0 2 0 7340 7342
1848 7387 0 0 1 7388
1849 7280 0 2 2 7284
1850 7132 0 0 3 7135
1851 20 0 7118 0 7138
1852 0 1 0 6600 6601
1853 1 1 1 6955 6958
1854 0 0 6931 1 6932
1855 1 6920 0 3 6924
1856 0 4 0 6948 6952
1857 134 0 6771 0 6905
1858 0 6836 0 2 6838
1859 0 6922 0 3 6925
1860 0 16 0 7058 7074
1861 0 2 0 7165 7167
1862 0 1 1 7205 7207
1863 0 1 0 7168 7169
1864 0 1 0 7187 7188
1865 0 0 7072 3 7075
1866 0 2 0 6771 6773
1867 0 1 0 6859 6860
1868 0 0 0 6997 6997
1869 2 6884 1 4 6891
1870 2 3 1 6820 6826
1871 1 6757 0 0 6758
1872 6632 2 7 0 6641
1873 0 6696 0 2 6698
1874 5 6692 0 0 6697
1875 6622 0 0 0 6622
1876 1 6704 0 1 6706
1877 0 6789 0 0 6789
1878 6812 0 0 0 6812
1879 6778 1 0 0 6779
1880 6818 0 0 0 6818
1881 6769 0 0 0 6769
1882 0 1 0 6691 6692
1883 0 0 1 6756 6757
1884 6811 0 0 0 6811
1885 6760 0 0 0 6760
1886 1 0 6709 0 6710
1887 0 1 6629 0 6630
1888 6543 0 1 0 6544
1889 0 0 6567 0 6567
1890 0 6547 0 2 6549
1891 6606 0 0 0 6606
1892 6608 0 0 2 6610
1893 1 3 1 6517 6522
1894 0 0 6574 0 6574
1895 4 0 6551 1 6556
1896 1 0 6536 1 6538
1897 2 0 6466 0 6468
1898 6348 0 1 0 6349
1899 5 0 6395 0 6400
1900 1 6297 0 9 6307
1901 0 6414 0 3 6417
1902 1 0 1 6535 6537
1903 0 2 0 6563 6565
1904 6436 0 2 0 6438
1905 1 1 0 6401 6403
1906 0 6431 0 0 6431
1907 6425 0 0 2 6427
1908 6329 1 5 0 6335
1909 0 1 1 6336 6338
1910 0 0 1 6425 6426
1911 2 6357 5 0 6364
1912 1 2 2 6396 6401
1913 0 0 0 6454 6454
1914 6392 1 3 2 6398
1915 6278 0 0 0 6278
1916 6175 1 0 0 6176
1917 6141 1 4 1 6147
1918 10 6198 0 4 6212
1919 0 0 0 6140 6140
1920 0 1 0 6250 6251
1921 0 0 6222 0 6222
1922 2 1 1 6059 6063
1923 6148 0 4 0 6152
1924 1 4 0 6196 6201
1925 0 0 0 6231 6231
1926 6 0 6053 1 6060
1927 6056 0 0 1 6057
1928 6073 0 3 0 6076
1929 6025 1 28 0 6054
1930 0 0 6003 0 6003
1931 2 0 5964 1 5967
1932 5813 0 1 0 5814
1933 0 0 5917 0 5917
1934 7 0 5807 1 5815
1935 5774 0 14 0 5788
1936 1 0 5702 0 5703
1937 10 1 5662 2 5675
1938 1 0 5671 7 5679
1939 2 0 6103 5 6110
1940 6350 1 6 0 6357
1941 6356 0 5 0 6361
1942 6372 0 1 0 6373
1943 6367 0 0 1 6368
1944 2 0 3 6309 6314
1945 0 0 1 6324 6325
1946 1 0 3 6319 6323
1947 0 6283 0 1 6284
1948 6266 0 6 1 6273
1949 2 0 0 6167 6169
1950 0 6220 0 7 6227
1951 2 0 6195 1 6198
1952 6130 0 3 0 6133
1953 6158 0 2 0 6160
1954 0 0 6184 0 6184
1955 0 0 1 6017 6018
1956 6136 0 4 0 6140
1957 6050 66 0 0 6116
1958 2 0 6106 0 6108
1959 2 0 6007 0 6009
1960 5998 0 1 0 5999
1961 6051 0 0 0 6051
1962 6023 0 4 0 6027
1963 0 0 5999 0 5999
1964 0 0 5851 0 5851
1965 10 0 5845 1 5856
1966 1 0 0 5686 5687
1967 1 5740 0 0 5741
1968 0 2 0 5739 5741
1969 1 5736 0 2 5739
1970 1 5780 0 3 5784
1971 0 1 0 5740 5741
1972 0 5738 0 4 5742
1973 2 0 0 5770 5772
1974 5743 0 3 0 5746
1975 1 242 1 5465 5709
1976 1 0 0 5666 5667
1977 0 0 0 5631 5631
1978 0 0 0 5498 5498
1979 0 5509 0 4 5513
1980 0 5511 3 0 5514
1981 0 5 0 5086 5091
1982 5090 0 2 1 5093
1983 0 4 0 5056 5060
1984 5062 0 1 0 5063
1985 5003 0 0 0 5003
1986 0 3 4 4875 4882
1987 94 4785 0 0 4879
1988 8 4870 0 1 4879
1989 4807 0 2 0 4809
1990 2 4853 0 2 4857
1991 4878 0 0 0 4878
1992 4799 0 1 0 4800
1993 4728 0 0 0 4728
1994 0 4776 0 4 4780
1995 4776 0 0 0 4776
1996 5 0 4708 0 4713
1997 4728 0 4 0 4732
1998 4718 0 3 0 4721
1999 0 0 4640 1 4641
2000 0 1 1 4505 4507
2001 0 4519 2 46 4567
2002 3 4542 1 0 4546
2003 0 0 0 4577 4577
2004 4628 0 1 0 4629
2005 4542 0 0 2 4544
2006 0 4557 0 0 4557
2007 3 1 0 4541 4545
2008 4573 0 0 0 4573
2009 0 1 0 4506 4507
2010 4553 0 0 0 4553
2011 0 0 0 4488 4488
2012 0 0 4436 0 4436
2013 0 4438 0 52 4490
2014 2 2 4488 1 4493
2015 6 1 4474 1 4482
2016 2 4513 0 0 4515
2017 4512 0 3 1 4516
2018 0 0 4514 1 4515
2019 4488 0 1 0 4489
2020 4459 0 3 0 4462
2021 0 0 0 4511 4511
2022 67 0 4416 1 4484
2023 4427 0 8 0 4435
2024 0 2 0 4480 4482
2025 6 0 4479 0 4485
2026 0 2 0 4452 4454
2027 3 4421 0 0 4424
2028 4469 0 1 1 4471
2029 0 33 0 4459 4492
2030 0 0 0 4534 4534
2031 4510 0 2 2 4514
2032 4454 0 1 0 4455
2033 4454 1 0 0 4455
2034 4449 0 3 0 4452
2035 1 0 4408 0 4409
2036 0 0 4592 0 4592
2037 12 0 4618 0 4630
2038 4639 0 9 0 4648
2039 4656 1 20 0 4677
2040 4695 0 0 0 4695
2041 4654 0 0 0 4654
2042 2 0 0 4551 4553
2043 0 0 0 4603 4603
2044 8 0 4583 1 4592
2045 4529 0 0 1 4530
2046 4536 0 0 0 4536
2047 1 0 4496 0 4497
2048 4415 0 0 0 4415
2049 3 0 0 4416 4419
2050 0 0 4428 0 4428
2051 4387 0 0 1 4388
2052 4370 0 6 0 4376
2053 2 0 4276 0 4278
2054 4262 0 0 1 4263
2055 4279 0 0 0 4279
2056 4239 0 0 1 4240
2057 2 0 4159 0 4161
2058 2 0 4121 0 4123
2059 4152 0 5 0 4157
2060 4155 0 1 0 4156
2061 0 1 0 4088 4089
2062 4178 0 0 0 4178
2063 7 0 4120 0 4127
2064 4112 0 0 0 4112
2065 1 0 1 3983 3985
2066 1 4043 0 19 4063
2067 4005 0 55 0 4060
2068 4024 0 0 0 4024
2069 0 3 0 4083 4086
2070 0 0 4111 0 4111
2071 0 0 4047 1 4048
2072 1 0 3991 0 3992
2073 4 0 4013 0 4017
2074 4033 0 5 0 4038
2075 4057 0 0 1 4058
2076 1 0 0 4008 4009
2077 0 0 3962 0 3962
2078 2 3953 0 2 3957
2079 3991 0 1 1 3993
2080 2 0 3964 0 3966
2081 0 3 0 3781 3784
2082 3898 1 0 0 3899
2083 0 0 0 3852 3852
2084 0 0 1 3825 3826
2085 3858 0 0 0 3858
2086 0 0 3782 0 3782
2087 1 3720 1 1 3723
2088 3721 0 0 0 3721
2089 7 0 3621 0 3628
2090 1 0 3575 0 3576
2091 0 3573 2 0 3575
2092 0 1 0 3563 3564
2093 0 0 0 3526 3526
2094 0 0 0 3498 3498
2095 1 3511 0 1 3513
2096 0 0 0 3463 3463
2097 0 3506 0 1 3507
2098 0 0 3473 0 3473
2099 0 0 0 3436 3436
2100 0 0 0 3459 3459
2101 3448 0 0 0 3448
2102 0 0 3401 0 3401
2103 4 1 0 3338 3343
2104 1 0 3337 1 3339
2105 0 0 3320 0 3320
2106 0 3318 0 0 3318
2107 3329 0 6 0 3335
2108 3337 0 1 0 3338
2109 0 0 3312 1 3313
2110 1 0 0 3188 3189
2111 3290 0 0 0 3290
2112 1 0 0 3259 3260
2113 1 0 3245 0 3246
2114 3204 0 0 0 3204
2115 64 3095 1 1 3161
2116 0 3129 0 0 3129
2117 0 3177 0 0 3177
2118 3190 0 0 0 3190
2119 1 0 3149 0 3150
2120 3097 0 0 0 3097
2121 1 0 0 3033 3034
2122 0 3071 0 0 3071
2123 2 0 0 3038 3040
2124 0 0 2 3056 3058
2125 0 0 3044 0 3044
2126 1 0 2994 0 2995
2127 2971 0 0 0 2971
2128 0 0 2959 0 2959
2129 2924 0 0 0 2924
2130 0 0 0 2892 2892
2131 0 0 0 2900 2900
2132 1 0 0 2868 2869
2133 0 2846 0 2 2848
2134 2852 0 0 0 2852
2135 2803 0 1 0 2804
2136 2784 0 0 0 2784
2137 2732 0 0 0 2732
2138 1 2729 0 0 2730
2139 0 60 0 2657 2717
2140 2704 0 0 1 2705
2141 0 0 0 2693 2693
2142 0 1 0 2725 2726
2143 0 0 2691 0 2691
2144 2656 0 1 0 2657
2145 2677 0 0 0 2677
2146 0 0 2638 0 2638
2147 2614 0 0 0 2614
2148 2554 0 0 0 2554
2149 5 2548 0 0 2553
2150 0 2 0 2501 2503
2151 0 0 0 2533 2533
2152 8 0 2494 0 2502
2153 2481 0 0 0 2481
2154 2472 0 0 0 2472
2155 2455 0 1 0 2456
2156 2415 0 2 0 2417
2157 0 1 2339 0 2340
2158 3 2317 0 0 2320
2159 2 0 0 2432 2434
2160 1 0 2378 0 2379
2161 2361 0 0 0 2361
2162 2312 0 0 0 2312
2163 2252 0 0 0 2252
2164 0 2228 0 0 2228
2165 1 2232 0 0 2233
2166 2221 0 0 0 2221
2167 0 0 2184 0 2184
2168 3 0 2082 0 2085
2169 0 3 2069 0 2072
2170 4 0 2080 3 2087
2171 2089 0 0 0 2089
2172 2088 0 0 0 2088
2173 2059 0 1 0 2060
2174 2043 2 18 0 2063
2175 170 0 1839 0 2009
2176 2 0 1909 1 1912
2177 0 1944 2 0 1946
2178 1971 0 0 0 1971
2179 1921 0 0 0 1921
2180 1899 0 0 0 1899
2181 1 1865 0 0 1866
2182 1944 0 0 0 1944
2183 0 1 0 1873 1874
2184 7 1883 0 4 1894
2185 0 0 0 1880 1880
2186 0 0 0 1881 1881
2187 0 0 1859 0 1859
2188 0 1830 0 0 1830
2189 6 1 1 1820 1828
2190 0 0 0 1825 1825
2191 0 0 0 1824 1824
2192 1799 0 4 0 1803
2193 0 3 0 1777 1780
2194 1 1759 0 4 1764
2195 1754 0 6 0 1760
2196 1743 0 4 0 1747
2197 0 0 1722 0 1722
2198 0 0 1723 0 1723
2199 1554 0 0 0 1554
2200 1536 0 0 0 1536
2201 1528 0 0 0 1528
2202 1489 0 0 0 1489
2203 1 1483 0 0 1484
2204 0 1476 0 0 1476
2205 1475 1 0 0 1476
2206 0 0 1466 0 1466
2207 0 0 0 1408 1408
2208 0 0 0 1431 1431
2209 1445 0 4 0 1449
2210 1425 0 3 0 1428
2211 1409 0 1 0 1410
2212 3 0 1392 0 1395
2213 0 2 1 1286 1289
2214 1503 0 0 3 1506
2215 0 0 1491 0 1491
2216 0 1 0 1433 1434
2217 0 0 1451 1 1452
2218 1451 0 0 0 1451
2219 1463 0 0 0 1463
2220 1445 0 2 0 1447
2221 1423 0 0 0 1423
2222 0 0 1392 0 1392
2223 4 0 1356 0 1360
2224 1384 0 0 0 1384
2225 1384 0 2 0 1386
2226 1385 0 3 0 1388
2227 1363 0 11 0 1374
2228 7 0 1347 0 1354
2229 0 0 1355 0 1355
2230 0 7 0 1201 1208
2231 1306 0 5 2 1313
2232 0 0 0 1308 1308
2233 1340 0 0 0 1340
2234 0 0 1301 0 1301
2235 0 0 0 1277 1277
2236 0 0 1293 0 1293
2237 0 1267 0 0 1267
2238 0 12 0 1267 1279
2239 0 13 0 1282 1295
2240 0 0 0 1277 1277
2241 4 0 1263 0 1267
2242 0 0 0 1232 1232
2243 2 1218 0 0 1220
2244 0 1244 0 0 1244
2245 1065 0 179 0 1244
2246 1230 0 1 0 1231
2247 0 0 0 1242 1242
2248 3 0 1231 1 1235
2249 1232 0 0 0 1232
2250 1 1230 0 1 1232
2251 1241 0 0 0 1241
2252 0 0 0 1239 1239
2253 0 0 0 1227 1227
2254 0 0 0 1238 1238
2255 0 1235 0 2 1237
2256 1217 0 2 0 1219
2257 0 1225 0 0 1225
2258 1209 0 2 0 1211
2259 1194 0 3 0 1197
2260 0 0 1204 0 1204
2261 0 0 1173 0 1173
2262 1177 0 0 0 1177
2263 1194 0 0 0 1194
2264 0 9 0 1176 1185
2265 0 4 0 1175 1179
2266 1195 0 3 0 1198
2267 1172 1 2 0 1175
2268 2 0 1149 0 1151
2269 1134 0 0 0 1134
2270 0 0 1106 0 1106
2271 1114 0 0 0 1114
2272 0 1100 0 1 1101
2273 1112 0 0 1 1113
2274 1105 0 2 0 1107
2275 1093 0 2 0 1095
2276 0 0 1012 0 1012
2277 997 0 0 0 997
2278 981 0 7 0 988
2279 0 0 0 975 975
2280 1 0 953 0 954
2281 945 0 4 0 949
2282 0 958 0 0 958
2283 942 0 0 0 942
2284 0 0 934 0 934
2285 1 0 0 910 911
2286 0 0 0 919 919
2287 12 0 909 0 921
2288 915 0 0 0 915
2289 0 0 902 0 902
2290 0 0 0 820 820
2291 0 818 0 0 818
2292 0 514 0 312 826
2293 824 0 0 0 824
2294 0 0 0 824 824
2295 0 0 814 0 814
2296 0 0 794 0 794
2297 0 0 794 0 794
2298 0 0 795 0 795
2299 0 2 0 760 762
2300 1 0 765 0 766
2301 1 0 761 0 762
2302 19 0 736 0 755
2303 0 723 0 0 723
2304 1 734 0 0 735
2305 0 0 0 740 740
2306 0 1 1 751 753
2307 0 0 736 0 736
2308 707 0 0 0 707
2309 0 0 707 0 707
2310 0 680 0 0 680
2311 0 0 0 694 694
2312 693 0 0 0 693
2313 675 0 0 0 675
2314 0 0 0 40 40
