0 0 0 0 0 0
1 0 46 0 0 46
2 50 0 0 0 50
3 0 0 51 0 51
4 66 0 0 0 66
5 65 4 0 0 69
6 0 0 66 0 66
7 0 75 2 0 77
8 76 2 0 5 83
9 0 0 91 0 91
10 93 0 2 0 95
11 0 0 100 0 100
12 0 105 0 0 105
13 110 0 1 0 111
14 0 0 0 124 124
15 0 119 0 0 119
16 0 0 0 122 122
17 0 3 3 145 151
18 0 172 0 0 172
19 0 0 0 223 223
20 0 142 0 126 268
21 275 0 1 0 276
22 282 0 0 0 282
23 278 0 0 2 280
24 276 0 2 1 279
25 0 298 0 0 298
26 0 2 0 299 301
27 0 0 311 0 311
28 313 0 0 0 313
29 356 0 2 0 358
30 0 0 370 0 370
31 0 385 0 0 385
32 409 0 1 0 410
33 401 4 0 0 405
34 420 0 0 0 420
35 0 0 0 421 421
36 425 0 0 0 425
37 0 0 416 0 416
38 0 0 425 0 425
39 0 431 0 0 431
40 1 499 0 0 500
41 6 296 0 0 302
42 775 0 0 0 775
43 800 0 0 0 800
44 817 0 0 0 817
45 837 0 0 0 837
46 823 0 0 0 823
47 0 0 0 886 886
48 0 0 949 0 949
49 963 0 1 0 964
50 975 0 0 0 975
51 0 994 0 0 994
52 992 0 3 0 995
53 988 0 1 1 990
54 0 3 0 1003 1006
55 1 0 1020 0 1021
56 0 1034 0 0 1034
57 0 3 0 1035 1038
58 1036 0 2 0 1038
59 3 1047 0 0 1050
60 0 1076 0 4 1080
61 0 2 0 1089 1091
62 0 0 0 1102 1102
63 0 1136 0 1 1137
64 1134 0 0 1 1135
65 1144 0 1 1 1146
66 0 1168 0 0 1168
67 0 9 0 1159 1168
68 1184 0 0 0 1184
69 0 0 0 1187 1187
70 1179 0 0 0 1179
71 0 1206 0 0 1206
72 1241 0 0 0 1241
73 1228 0 0 0 1228
74 1216 0 0 0 1216
75 1 1392 1 2 1396
76 0 0 1523 0 1523
77 0 5 0 1485 1490
78 0 0 0 1544 1544
79 1553 0 0 0 1553
80 1560 0 1 0 1561
81 1 1583 0 1 1585
82 0 1639 0 2 1641
83 0 1775 0 1 1776
84 0 0 0 1803 1803
85 1818 0 0 0 1818
86 0 1 0 1824 1825
87 0 9 0 1838 1847
88 0 2 0 2004 2006
89 1 2194 0 29 2224
90 0 0 0 2226 2226
91 0 2256 0 0 2256
92 2265 0 1 0 2266
93 0 2295 0 1 2296
94 2302 1 3 0 2306
95 0 0 0 2278 2278
96 0 2337 0 0 2337
97 2335 3 0 2 2340
98 1 1 2342 0 2344
99 2 10 2399 1 2412
100 4 0 2363 0 2367
101 0 3 2335 1 2339
102 0 1 2407 0 2408
103 2454 0 4 1 2459
104 1 0 2555 0 2556
105 1 7 0 2505 2513
106 2623 0 0 0 2623
107 0 1 0 2639 2640
108 0 0 0 2704 2704
109 2700 0 1 0 2701
110 0 8 0 2844 2852
111 0 6 0 3034 3040
112 3074 1 0 0 3075
113 0 0 0 3102 3102
114 0 3125 0 0 3125
115 3160 0 0 1 3161
116 5 3257 0 0 3262
117 0 0 0 3368 3368
118 3404 1 1 1 3407
119 0 0 0 3434 3434
120 3413 0 0 0 3413
121 0 1 0 3481 3482
122 0 6 3444 1 3451
123 1 1 0 3666 3668
124 0 5 4053 0 4058
125 0 3 4 4136 4143
126 0 4365 0 0 4365
127 4390 0 15 0 4405
128 0 0 4417 4 4421
129 1 4678 0 14 4693
130 0 6 0 4787 4793
131 0 6 0 4856 4862
132 0 4949 0 3 4952
133 4969 1 5 1 4976
134 0 0 0 5033 5033
135 0 7 0 5047 5054
136 5059 0 1 0 5060
137 0 4 0 5087 5091
138 0 5123 0 0 5123
139 5112 0 0 0 5112
140 1 0 0 5123 5124
141 5110 1 3 0 5114
142 0 5193 0 1 5194
143 0 1 0 5183 5184
144 0 1 0 5212 5213
145 5187 0 3 1 5191
146 0 5294 0 5 5299
147 0 0 0 5259 5259
148 5240 0 1 0 5241
149 0 1406 0 3893 5299
150 5300 0 0 35 5335
151 1 12 0 5348 5361
152 1 2 0 5552 5555
153 1 5600 6 209 5816
154 1 0 5811 0 5812
155 50 0 5733 0 5783
156 5738 2 20 3 5763
157 0 0 0 5851 5851
158 5918 0 1 0 5919
159 0 0 0 6018 6018
160 5999 1 3 3 6006
161 0 2 0 5985 5987
162 0 0 0 5992 5992
163 2 1 5916 0 5919
164 3 6101 0 2 6106
165 0 0 0 6247 6247
166 6367 0 1 0 6368
167 6301 0 0 0 6301
168 6289 0 1 0 6290
169 6290 0 2 0 6292
170 1 1 0 6304 6306
171 0 2 0 6354 6356
172 0 6405 0 0 6405
173 1 6 1 6403 6411
174 3 6381 0 12 6396
175 6317 0 22 0 6339
176 35 6387 0 1 6423
177 0 65 0 6353 6418
178 6487 0 1 0 6488
179 6405 0 0 0 6405
180 0 6491 0 13 6504
181 6510 0 6 6 6522
182 7 0 6477 0 6484
183 6500 0 5 1 6506
184 6616 0 0 0 6616
185 6565 0 0 0 6565
186 0 1 0 6632 6633
187 6621 0 2 0 6623
188 6448 1 90 4 6543
189 0 6622 0 6 6628
190 0 1 0 6572 6573
191 2 0 6426 0 6428
192 0 6544 0 2 6546
193 6476 0 4 0 6480
194 0 6638 0 1 6639
195 6 6708 1 0 6715
196 6763 1 0 1 6765
197 6662 0 14 0 6676
198 0 6833 0 0 6833
199 6838 0 3 0 6841
200 6816 0 2 0 6818
201 123 26 1 6725 6875
202 1 0 6827 0 6828
203 1 6857 0 2 6860
204 1 6912 0 12 6925
205 7124 7 22 20 7173
206 0 2 0 7206 7208
207 0 6 0 7296 7302
208 0 1 7341 2 7344
209 1 0 7269 0 7270
210 7302 1 12 2 7317
211 0 4 0 7354 7358
212 0 0 0 7516 7516
213 7 1 7412 0 7420
214 3 1 1 7565 7570
215 2 0 7546 0 7548
216 1 7748 0 4 7753
217 7901 0 1 0 7902
218 7960 0 1 0 7961
219 7898 2 0 0 7900
220 0 7988 0 4 7992
221 1 0 7883 4 7888
222 0 7967 0 0 7967
223 8189 0 1 1 8191
224 0 11 1 8288 8300
225 0 8441 0 2 8443
226 8587 0 1 1 8589
227 8547 0 0 0 8547
228 8507 0 0 0 8507
229 1 0 0 8560 8561
230 0 0 8552 1 8553
231 0 1 0 8378 8379
232 0 0 0 8577 8577
233 0 8652 0 0 8652
234 8681 12 3 2 8698
235 21 1 8578 21 8621
236 3 0 8453 0 8456
237 1 8729 0 1 8731
238 0 0 2 8722 8724
239 1 0 8743 0 8744
240 0 3 2 8651 8656
241 0 0 8654 0 8654
242 8735 0 1 0 8736
243 8629 1 1 0 8631
244 28 8811 0 1 8840
245 6 8890 0 1 8897
246 0 2 0 8871 8873
247 0 0 0 8973 8973
248 16 1 0 8995 9012
249 0 9077 0 1 9078
250 0 1 0 9060 9061
251 4 0 8986 7 8997
252 0 9066 0 21 9087
253 9076 0 5 0 9081
254 9055 1 1 0 9057
255 0 9166 0 9 9175
256 9153 0 3 0 9156
257 9101 0 3 0 9104
258 9086 2 7 0 9095
259 9125 6 8 6 9145
260 4 0 9087 6 9097
261 2 1 9026 1 9030
262 0 0 8998 0 8998
263 0 0 9069 0 9069
264 1 5 8 8568 8582
265 8 0 8815 0 8823
266 9106 0 2 0 9108
267 1 9261 0 0 9262
268 9146 0 2 3 9151
269 0 9199 0 202 9401
270 4 0 0 9326 9330
271 2 0 0 9375 9377
272 0 9423 0 0 9423
273 0 7 0 9342 9349
274 1 2 0 9388 9391
275 0 9406 1 15 9422
276 1 2 0 9233 9236
277 0 9378 0 3 9381
278 1 9431 1 3 9436
279 9 9555 1 1 9566
280 9498 1 6 0 9505
281 1 0 9452 0 9453
282 9384 0 3 1 9388
283 9254 0 5 0 9259
284 0 9576 0 52 9628
285 1 9526 0 0 9527
286 19 0 9484 0 9503
287 317 0 9041 0 9358
288 9237 1 14 3 9255
289 29 0 9334 0 9363
290 0 3 4 9215 9222
291 0 0 9386 2 9388
292 3 0 9274 2 9279
293 9446 0 5 3 9454
294 0 9569 0 3 9572
295 9453 0 78 0 9531
296 0 10 0 9321 9331
297 9005 0 0 0 9005
298 1 9389 0 0 9390
299 2 9307 0 7 9316
300 0 9441 0 8 9449
301 5 0 9185 110 9300
302 0 9138 0 10 9148
303 7 1 9395 0 9403
304 0 1 0 8858 8859
305 0 0 0 9084 9084
306 0 1 0 9266 9267
307 9309 0 0 0 9309
308 1 3 0 9254 9258
309 0 9376 0 2 9378
310 0 8 0 9239 9247
311 0 6 0 9197 9203
312 2 0 8971 3 8976
313 5 9076 0 13 9094
314 4 9309 3 12 9328
315 5 9485 6 18 9514
316 1 5 9382 0 9388
317 7 0 9144 3 9154
318 7 1 9120 4 9132
319 14 9373 2 0 9389
320 0 7 0 9242 9249
321 0 9424 0 6 9430
322 9655 1 0 0 9656
323 9426 5 21 0 9452
324 1 9528 0 0 9529
325 13 9668 0 3 9684
326 0 6 0 9527 9533
327 0 6 0 9518 9524
328 2 12 1 9467 9482
329 0 9722 0 0 9722
330 9662 0 3 0 9665
331 0 0 9511 1 9512
332 9485 0 0 0 9485
333 9354 0 6 1 9361
334 9305 0 0 0 9305
335 20 0 9099 0 9119
336 10 9061 0 2 9073
337 9104 0 5 1 9110
338 64 9100 0 0 9164
339 0 1 1 8891 8893
340 62 8926 0 1 8989
341 0 9084 0 12 9096
342 1 1 0 9019 9021
343 9011 0 1 0 9012
344 8985 0 0 0 8985
345 0 1 0 8900 8901
346 0 2 1 8896 8899
347 8967 8 1 1 8977
348 0 0 8686 0 8686
349 2 8609 3 0 8614
350 1 8681 0 0 8682
351 6 8765 0 1 8772
352 2 6 0 8775 8783
353 5 8854 0 2 8861
354 8834 0 0 3 8837
355 2 1 0 8826 8829
356 8788 2 1 0 8791
357 0 0 8762 0 8762
358 8633 8 0 5 8646
359 1 1 0 8754 8756
360 0 6 1 8742 8749
361 1 8803 0 2 8806
362 2 0 8675 6 8683
363 1 0 8703 2 8706
364 8712 0 7 0 8719
365 3 0 8635 0 8638
366 8737 0 1 0 8738
367 8724 2 1 0 8727
368 8692 0 6 1 8699
369 12 8762 0 1 8775
370 0 8804 0 0 8804
371 8793 4 1 0 8798
372 8757 0 4 1 8762
373 8760 0 0 0 8760
374 2 0 8726 0 8728
375 2 0 8657 0 8659
376 8793 0 1 0 8794
377 8787 0 0 0 8787
378 8770 1 1 2 8774
379 8 8738 0 0 8746
380 0 1 0 8569 8570
381 1 8747 0 0 8748
382 8785 0 2 0 8787
383 1 0 8470 0 8471
384 2 8591 0 10 8603
385 0 1 0 8386 8387
386 1 8451 0 1 8453
387 0 8506 0 2 8508
388 0 8616 0 1 8617
389 0 1 1 8561 8563
390 2 2 0 8610 8614
391 375 0 8108 10 8493
392 8389 0 3 1 8393
393 0 0 0 8528 8528
394 8535 0 0 0 8535
395 8411 0 0 0 8411
396 0 0 0 8463 8463
397 8443 0 0 1 8444
398 8405 0 0 0 8405
399 0 0 8320 1 8321
400 0 0 8178 1 8179
401 0 0 8133 1 8134
402 8179 0 1 0 8180
403 8088 0 12 0 8100
404 23 8153 0 0 8176
405 0 8263 0 0 8263
406 0 4 0 8232 8236
407 0 1 0 8250 8251
408 0 0 0 8225 8225
409 1 9 1 8259 8270
410 94 0 8059 0 8153
411 1 3 0 8011 8015
412 0 10 0 8109 8119
413 2 0 7972 8 7982
414 5 7917 0 3 7925
415 0 6 0 8018 8024
416 0 4 0 8089 8093
417 3 0 8013 0 8016
418 1 20 0 7828 7849
419 0 0 7893 0 7893
420 1 0 7798 0 7799
421 7798 4 30 1 7833
422 2 7900 0 0 7902
423 1 7966 1 1 7969
424 8146 0 2 0 8148
425 8146 0 5 0 8151
426 8065 0 1 3 8069
427 2 9 0 8148 8159
428 3 0 8145 0 8148
429 8170 2 0 0 8172
430 8122 2 2 0 8126
431 8 0 0 8127 8135
432 3 1 8087 0 8091
433 0 8260 0 1 8261
434 8774 0 2 2 8778
435 8743 0 0 0 8743
436 8695 1 1 0 8697
437 3 8648 0 1 8652
438 8473 0 0 4 8477
439 0 9234 0 0 9234
440 0 1 1 9307 9309
441 0 1 0 9371 9372
442 0 1 0 9425 9426
443 0 0 9353 2 9355
444 0 9414 0 8 9422
445 15 0 0 9504 9519
446 0 0 0 9460 9460
447 6 2 0 9478 9486
448 9468 0 3 2 9473
449 9253 0 0 2 9255
450 0 9171 0 0 9171
451 4 9026 0 2 9032
452 1 9077 0 2 9080
453 9094 0 4 1 9099
454 0 0 0 8970 8970
455 0 1 1 9060 9062
456 9108 0 1 0 9109
457 0 0 0 9086 9086
458 7 0 8913 0 8920
459 4 8901 0 10 8915
460 8973 0 3 0 8976
461 1 0 8924 0 8925
462 5 8766 0 1 8772
463 1 8793 0 1 8795
464 0 8884 0 3 8887
465 8908 0 1 0 8909
466 8796 0 0 0 8796
467 0 8820 0 0 8820
468 2 8887 0 0 8889
469 8895 3 2 1 8901
470 1 9 8963 0 8973
471 3 0 8952 1 8956
472 0 0 8825 1 8826
473 9 0 8845 4 8858
474 0 1 8937 0 8938
475 8825 0 15 2 8842
476 0 0 0 9039 9039
477 9039 0 7 0 9046
478 2 9190 0 1 9193
479 1 1 0 9207 9209
480 9208 0 2 1 9211
481 1 9236 0 55 9292
482 9331 0 0 0 9331
483 9355 0 0 0 9355
484 0 1 0 9312 9313
485 9 1 9316 2 9328
486 3 0 9149 1 9153
487 9279 1 6 0 9286
488 9310 0 4 0 9314
489 4 9300 2 3 9309
490 9354 0 5 1 9360
491 9272 1 0 2 9275
492 7 0 9266 0 9273
493 9226 1 16 0 9243
494 0 0 9250 1 9251
495 2 0 9039 7 9048
496 9195 0 10 0 9205
497 0 0 9157 0 9157
498 9302 1 9 0 9312
499 0 9557 0 8 9565
500 9704 1 9 1 9715
501 1 0 9638 0 9639
502 9746 0 7 0 9753
503 9773 0 1 1 9775
504 9721 0 0 0 9721
505 1 9819 0 0 9820
506 9919 0 1 0 9920
507 9872 0 0 0 9872
508 4 0 9734 0 9738
509 16 9906 0 0 9922
510 0 7 0 9987 9994
511 4 1 10005 0 10010
512 9945 0 61 2 10008
513 3 0 10101 0 10104
514 17 0 9920 4 9941
515 1 10113 1 1 10116
516 10232 0 1 1 10234
517 0 15 0 10438 10453
518 1 10496 0 12 10509
519 6 2 0 10575 10583
520 10627 0 1 0 10628
521 10644 1 0 0 10645
522 0 0 7 10934 10941
523 1 0 0 10870 10871
524 1 1 0 10799 10801
525 3 10968 0 1 10972
526 11009 1 0 1 11011
527 0 0 11447 0 11447
528 0 3 0 11253 11256
529 2 11386 4 3 11395
530 11575 0 7 0 11582
531 11526 0 5 0 11531
532 11366 1 1 0 11368
533 11 1 0 11503 11515
534 0 7 0 11430 11437
535 0 0 11355 1 11356
536 3 0 11251 2 11256
537 25 1 11240 1 11267
538 8 11387 3 8 11406
539 11634 1 12 0 11647
540 11553 0 0 0 11553
541 11597 1 1 0 11599
542 11493 0 1 1 11495
543 8 1 1 11411 11421
544 0 11403 2 3 11408
545 1 11364 0 9 11374
546 3 11445 0 20 11468
547 11532 0 1 0 11533
548 11465 0 2 2 11469
549 0 11577 0 6 11583
550 11547 1 2 2 11552
551 12 3 11568 0 11583
552 1 1 0 11107 11109
553 11468 0 3 0 11471
554 4 0 11497 1 11502
555 11576 1 20 0 11597
556 6 0 11360 4 11370
557 11537 0 0 1 11538
558 11482 0 0 1 11483
559 0 11428 0 1 11429
560 0 1 0 11262 11263
561 0 11498 0 2 11500
562 2 11532 0 1 11535
563 11583 0 1 0 11584
564 3 0 0 11505 11508
565 6 2 0 11495 11503
566 0 79 6 11410 11495
567 1 5 4 11403 11413
568 1 11461 0 11 11473
569 1 11501 4 2 11508
570 11403 8 4 1 11416
571 5 11547 3 2 11557
572 11575 0 1 4 11580
573 0 0 0 11487 11487
574 56 0 11446 0 11502
575 65 3 11307 1 11376
576 0 11431 0 4 11435
577 11469 1 1 1 11472
578 3 0 11459 4 11466
579 6 11411 0 5 11422
580 11529 0 2 0 11531
581 0 1 0 11510 11511
582 1 0 11482 1 11484
583 0 5 10989 0 10994
584 11157 11 9 2 11179
585 0 0 11310 1 11311
586 1 11374 2 5 11382
587 3 1 11469 6 11479
588 1 0 11286 0 11287
589 0 1 11349 2 11352
590 0 1 8 11183 11192
591 7 11295 0 1 11303
592 2 11533 0 6 11541
593 3 0 11428 0 11431
594 0 11436 5 2 11443
595 44 0 11524 0 11568
596 0 1 0 10992 10993
597 5 0 11267 0 11272
598 0 11342 0 1 11343
599 454 11037 0 18 11509
600 11611 4 0 1 11616
601 0 3 2 11630 11635
602 3 0 11647 0 11650
603 11427 0 1 1 11429
604 0 5 0 11591 11596
605 0 1 11558 0 11559
606 2 0 11553 0 11555
607 0 1 0 11362 11363
608 11540 1 13 0 11554
609 11556 0 2 0 11558
610 1 0 11547 0 11548
611 2 0 11470 0 11472
612 11506 0 0 1 11507
613 11430 1 2 2 11435
614 1 10 1 11442 11454
615 3 3 11505 0 11511
616 3 0 11385 3 11391
617 11329 1 7 1 11338
618 4 11434 0 3 11441
619 11477 0 1 1 11479
620 0 0 0 11411 11411
621 11445 1 1 0 11447
622 1 0 7 11416 11424
623 11483 6 9 10 11508
624 2 9 1 11144 11156
625 0 11593 0 2 11595
626 0 0 11635 2 11637
627 4 0 11563 0 11567
628 11130 0 100 1 11231
629 0 0 11497 0 11497
630 2 1 0 11199 11202
631 0 2 0 11468 11470
632 3 0 11534 1 11538
633 11382 4 3 1 11390
634 1 17 1 11411 11430
635 3 0 11322 0 11325
636 9 0 11195 1 11205
637 0 11081 0 11 11092
638 8 11143 0 22 11173
639 54 11344 4 4 11406
640 0 130 0 11387 11517
641 4 0 11443 1 11448
642 11422 0 1 4 11427
643 1 11698 0 0 11699
644 11821 0 4 0 11825
645 11411 0 1 1 11413
646 1 6 0 11776 11783
647 11937 0 6 0 11943
648 11917 0 2 0 11919
649 1 20 0 11808 11829
650 2 0 11779 1 11782
651 0 11773 0 7 11780
652 11813 0 1 13 11827
653 0 1 0 11791 11792
654 0 6 0 11853 11859
655 23 0 11672 0 11695
656 0 11844 0 7 11851
657 1 0 0 11829 11830
658 2 11850 0 1 11853
659 11929 0 6 0 11935
660 11843 0 0 2 11845
661 11810 0 8 0 11818
662 1 0 11972 0 11973
663 0 0 0 11350 11350
664 11859 0 1 0 11860
665 11929 0 3 0 11932
666 11956 0 5 0 11961
667 11827 0 0 0 11827
668 1 3 0 11686 11690
669 11718 1 3 7 11729
670 1 3 0 11694 11698
671 1 0 11665 1 11667
672 0 0 11541 0 11541
673 11313 1 0 2 11316
674 0 0 11383 0 11383
675 11421 0 1 1 11423
676 11340 0 0 0 11340
677 3 1 11285 5 11294
678 2 10889 0 3 10894
679 10984 0 1 0 10985
680 0 0 1 10857 10858
681 10846 0 0 0 10846
682 0 0 2 10755 10757
683 10462 0 218 1 10681
684 0 10776 0 3 10779
685 0 3 2 10764 10769
686 5 0 10674 0 10679
687 10622 0 7 1 10630
688 2 10599 1 4 10606
689 10482 0 0 0 10482
690 1 10461 0 9 10471
691 10485 0 1 3 10489
692 0 0 0 10353 10353
693 10163 0 8 0 10171
694 1 10392 0 7 10400
695 2 10452 0 11 10465
696 10474 1 7 0 10482
697 0 6 2 10367 10375
698 0 4 0 10376 10380
699 0 10335 0 3 10338
700 2 10404 1 0 10407
701 1 0 7 10333 10341
702 10413 1 1 0 10415
703 1 3 1 10304 10309
704 2 0 10262 0 10264
705 3 10319 0 3 10325
706 10393 0 6 2 10401
707 10289 0 3 0 10292
708 10310 2 2 0 10314
709 1 10362 0 0 10363
710 10466 0 2 0 10468
711 10360 0 0 2 10362
712 2 10319 0 1 10322
713 10314 0 25 1 10340
714 0 8 2 10044 10054
715 2 10236 0 3 10241
716 1 10289 0 3 10293
717 0 0 0 10261 10261
718 10412 2 5 0 10419
719 10378 0 1 0 10379
720 1 0 10231 1 10233
721 10243 0 7 0 10250
722 10151 0 1 0 10152
723 0 10131 1 0 10132
724 10146 0 16 0 10162
725 2 10213 0 0 10215
726 10268 1 2 0 10271
727 10207 0 1 0 10208
728 0 0 10028 0 10028
729 10110 0 1 0 10111
730 10120 0 2 0 10122
731 10080 0 5 0 10085
732 0 0 9975 2 9977
733 2 1 0 9257 9260
734 1 0 9664 1 9666
735 0 9652 0 4 9656
736 11 9744 0 0 9755
737 1 7 1 9814 9823
738 2 0 9877 0 9879
739 1 9781 0 2 9784
740 9851 0 1 1 9853
741 9798 0 0 1 9799
742 0 1 2 9752 9755
743 1 0 0 9830 9831
744 3 1 9682 0 9686
745 0 9625 0 4 9629
746 9605 0 0 0 9605
747 1 0 0 9533 9534
748 1182 8226 1 192 9601
749 14 1 9621 2 9638
750 16 0 9462 4 9482
751 25 1 9374 1 9401
752 0 0 9756 1 9757
753 12 0 9774 1 9787
754 9787 3 4 1 9795
755 9929 0 5 0 9934
756 9977 0 0 0 9977
757 0 1 1 9959 9961
758 0 2 0 10025 10027
759 0 0 10000 0 10000
760 3 0 0 9832 9835
761 0 1 0 9957 9958
762 9977 0 5 1 9983
763 0 1 0 9825 9826
764 1 9790 0 2 9793
765 0 1 0 9905 9906
766 9888 59 0 0 9947
767 9808 0 1 0 9809
768 0 4 0 9802 9806
769 1 0 9752 0 9753
770 9510 0 314 0 9824
771 0 1 0 9757 9758
772 9866 1 0 0 9867
773 9696 0 3 0 9699
774 2 9685 0 0 9687
775 1 8 1 9757 9767
776 2 0 9749 1 9752
777 9533 2 2 0 9537
778 1 1 0 9629 9631
779 75 0 9537 1 9613
780 0 0 9456 0 9456
781 2 9473 0 4 9479
782 1 2 3 9335 9341
783 4 9525 0 14 9543
784 9647 0 18 0 9665
785 2 0 9538 0 9540
786 1 9438 0 0 9439
787 1 1 0 9535 9537
788 0 0 0 9438 9438
789 5 9542 0 0 9547
790 9579 1 4 0 9584
791 0 0 9498 0 9498
792 12 0 9391 0 9403
793 0 1 1 8809 8811
794 2 0 9325 0 9327
795 0 1 0 9240 9241
796 0 0 0 9366 9366
797 9389 0 2 2 9393
798 3 0 9415 2 9420
799 0 1 0 9110 9111
800 68 0 9202 6 9276
801 9311 0 0 2 9313
802 9309 0 3 0 9312
803 4 0 0 9295 9299
804 3 1 9258 0 9262
805 0 9260 0 0 9260
806 9257 0 2 0 9259
807 1 0 9333 0 9334
808 9295 0 3 0 9298
809 0 0 0 9047 9047
810 0 0 2 9152 9154
811 2 2 0 9059 9063
812 23 9048 0 3 9074
813 0 0 0 9191 9191
814 0 0 1 9211 9212
815 9198 0 0 0 9198
816 9045 0 1 0 9046
817 5 0 9064 0 9069
818 8881 1 7 0 8889
819 0 1 0 8783 8784
820 2 1 1 8830 8834
821 374 8443 1 2 8820
822 2 0 8819 1 8822
823 8475 2 2 1 8480
824 1 0 8625 0 8626
825 8351 0 7 0 8358
826 4 0 8329 0 8333
827 1 0 8236 1 8238
828 0 0 8210 0 8210
829 2 8166 0 5 8173
830 2 8147 1 1 8151
831 4 0 8295 1 8300
832 7936 0 1 0 7937
833 8013 0 0 0 8013
834 0 0 0 8139 8139
835 8130 0 1 0 8131
836 8082 0 0 0 8082
837 0 15 0 8096 8111
838 8051 1 1 0 8053
839 7962 0 0 0 7962
840 7928 0 6 1 7935
841 7968 0 8 0 7976
842 1 0 7866 1 7868
843 7907 0 1 0 7908
844 8010 0 1 0 8011
845 7980 0 1 0 7981
846 0 0 0 7852 7852
847 7911 0 1 0 7912
848 0 0 0 7837 7837
849 0 1 0 7775 7776
850 4 296 1 7410 7711
851 3 7592 0 4 7599
852 3 7591 0 0 7594
853 7640 0 1 0 7641
854 7533 0 2 2 7537
855 1 7612 0 6 7619
856 7549 0 0 5 7554
857 2 0 7557 0 7559
858 7 1 7463 0 7471
859 7516 1 1 0 7518
860 7606 0 3 0 7609
861 0 0 7456 2 7458
862 7526 0 1 0 7527
863 0 0 7535 0 7535
864 2 0 0 7246 7248
865 7538 0 9 0 7547
866 7519 0 1 0 7520
867 7485 3 0 0 7488
868 7454 0 2 0 7456
869 4 7293 6 1 7304
870 7112 0 0 0 7112
871 1 7113 0 0 7114
872 7044 0 2 0 7046
873 1 7113 0 0 7114
874 2 2 0 7052 7056
875 5 0 7037 1 7043
876 6946 2 5 1 6954
877 2 0 7059 1 7062
878 5 3 6931 7 6946
879 6962 0 0 2 6964
880 7052 0 1 1 7054
881 0 1 0 6930 6931
882 1 0 6954 0 6955
883 0 6874 0 7 6881
884 6966 0 2 0 6968
885 5 6929 1 0 6935
886 6991 3 1 8 7003
887 2 13 10 6963 6988
888 1 0 6907 0 6908
889 5 6938 0 8 6951
890 8 0 7018 4 7030
891 1 0 6917 0 6918
892 6838 0 11 2 6851
893 0 0 0 6869 6869
894 0 0 0 6975 6975
895 0 6 3 6952 6961
896 2 0 6831 3 6836
897 1 6753 0 13 6767
898 1 6901 0 8 6910
899 6864 0 8 0 6872
900 5 0 6822 1 6828
901 1 6814 0 3 6818
902 6896 0 3 0 6899
903 6878 0 0 4 6882
904 1 11 0 6881 6893
905 6945 0 0 0 6945
906 6870 0 0 0 6870
907 6777 9 59 0 6845
908 6773 1 2 0 6776
909 4 6814 0 1 6819
910 1 6728 0 0 6729
911 6906 0 1 0 6907
912 0 1 2 6860 6863
913 6897 0 0 70 6967
914 2 0 6789 0 6791
915 6915 0 2 0 6917
916 6869 0 0 2 6871
917 21 0 1 6818 6840
918 0 0 6803 0 6803
919 0 9 1 6559 6569
920 41 1 6681 0 6723
921 1 6620 2 6 6629
922 6 6687 0 5 6698
923 0 1 1 6853 6855
924 0 0 6910 1 6911
925 1 1 1 6750 6753
926 6867 0 1 4 6872
927 0 0 6794 0 6794
928 6837 0 0 0 6837
929 3 0 6764 0 6767
930 6856 1 1 0 6858
931 1 6909 0 1 6911
932 6981 0 0 0 6981
933 6936 1 1 0 6938
934 0 6965 0 39 7004
935 7070 0 1 1 7072
936 3 0 7031 0 7034
937 2 0 7061 1 7064
938 1 6 1 6785 6793
939 7064 0 0 0 7064
940 6 7119 0 1 7126
941 7151 0 0 0 7151
942 1 7186 0 0 7187
943 7177 0 1 0 7178
944 5 0 7120 0 7125
945 4 7222 0 0 7226
946 7371 0 0 2 7373
947 7448 0 0 0 7448
948 7470 0 0 0 7470
949 7464 0 5 0 7469
950 7476 0 4 0 7480
951 0 0 7288 0 7288
952 6764 0 327 0 7091
953 1 7286 0 0 7287
954 1 7399 0 2 7402
955 1 19 1 7392 7413
956 0 3 1 7406 7410
957 0 1 2 7423 7426
958 0 2 1 7543 7546
959 1 0 7598 0 7599
960 0 3 0 7459 7462
961 0 7540 0 0 7540
962 7669 0 10 0 7679
963 7612 0 2 1 7615
964 7650 0 0 0 7650
965 0 0 0 7666 7666
966 1 1 0 7809 7811
967 7784 0 0 1 7785
968 7728 0 0 0 7728
969 7677 1 0 1 7679
970 1 7772 1 7 7781
971 2 1 7758 26 7787
972 0 7 3 7328 7338
973 116 0 7508 2 7626
974 0 0 7630 0 7630
975 4887 0 2727 0 7614
976 0 0 7722 0 7722
977 7693 1 18 1 7713
978 2 7997 0 1 8000
979 4 2 0 8044 8050
980 0 0 8076 0 8076
981 8119 0 1 0 8120
982 0 0 0 8105 8105
983 8164 0 0 1 8165
984 0 8172 0 17 8189
985 8253 3 0 6 8262
986 0 0 8440 0 8440
987 0 9088 0 0 9088
988 9131 0 3 0 9134
989 7 0 9139 2 9148
990 9195 0 0 0 9195
991 9230 0 3 1 9234
992 9575 1 0 0 9576
993 0 0 0 9778 9778
994 9820 0 0 0 9820
995 9707 3 2 0 9712
996 9 0 9818 0 9827
997 9672 0 0 0 9672
998 0 6 1 9687 9694
999 0 3 2 9857 9862
1000 10 0 9718 1 9729
1001 9615 0 0 1 9616
1002 2 2 0 9722 9726
1003 0 0 9808 0 9808
1004 2 2 0 9608 9612
1005 6 0 9706 0 9712
1006 1 9779 0 9 9789
1007 9912 0 0 3 9915
1008 0 10007 0 0 10007
1009 9736 0 294 0 10030
1010 28 2 9984 2 10016
1011 9847 0 17 0 9864
1012 1 0 0 9937 9938
1013 9773 1 1 0 9775
1014 3 10216 1 28 10248
1015 0 2 0 10223 10225
1016 0 8 0 10427 10435
1017 10449 0 1 0 10450
1018 0 0 1 10457 10458
1019 0 3 0 10448 10451
1020 0 2 0 10527 10529
1021 0 1 10402 0 10403
1022 0 1 10283 0 10284
1023 10271 0 2 5 10278
1024 0 10251 0 1 10252
1025 9983 2 17 1 10003
1026 1 10380 0 1 10382
1027 4 10299 0 2 10305
1028 1 10351 0 2 10354
1029 6 10471 0 3 10480
1030 7 10531 0 5 10543
1031 10575 20 2 0 10597
1032 1 0 10566 1 10568
1033 10436 0 6 1 10443
1034 2 10505 0 3 10510
1035 1 10606 0 1 10608
1036 10770 0 2 0 10772
1037 10634 0 0 0 10634
1038 10598 1 1 0 10600
1039 0 1 0 10721 10722
1040 4 0 10705 0 10709
1041 10582 0 7 5 10594
1042 0 3 0 10744 10747
1043 1 0 10764 0 10765
1044 0 0 10688 4 10692
1045 10588 2 10 7 10607
1046 10659 1 14 0 10674
1047 4 0 10717 0 10721
1048 3 10677 0 1 10681
1049 10934 0 6 1 10941
1050 0 4 1 10971 10976
1051 11101 0 2 0 11103
1052 10919 1 89 0 11009
1053 1 10948 1 2 10952
1054 10962 1 3 1 10967
1055 3 0 10846 3 10852
1056 1 0 10764 2 10767
1057 0 10606 0 3 10609
1058 1 10567 0 0 10568
1059 0 10909 0 0 10909
1060 5 2 2 11015 11024
1061 3 2 0 11288 11293
1062 4 0 11242 0 11246
1063 0 1 0 11143 11144
1064 1 0 11248 0 11249
1065 11151 1 0 0 11152
1066 11210 1 1 0 11212
1067 1 3 1 11278 11283
1068 21 11394 0 0 11415
1069 0 1 1 11434 11436
1070 7 0 11433 0 11440
1071 11075 1 1 5 11082
1072 0 5 0 11320 11325
1073 1 0 11441 0 11442
1074 5 0 11256 0 11261
1075 2 1 11300 0 11303
1076 5 0 11332 1 11338
1077 11215 0 11 0 11226
1078 0 11308 0 0 11308
1079 11547 0 1 0 11548
1080 11476 1 6 0 11483
1081 11468 2 20 6 11496
1082 4 0 11583 3 11590
1083 0 1 11506 0 11507
1084 13 0 11419 1 11433
1085 11143 0 2 0 11145
1086 5 0 11594 0 11599
1087 7 2 0 11010 11019
1088 1 1 11465 0 11467
1089 2 0 11551 1 11554
1090 11542 1 12 0 11555
1091 4 0 11665 0 11669
1092 3 0 11522 2 11527
1093 7 11637 0 0 11644
1094 11806 1 1 0 11808
1095 0 2 0 11631 11633
1096 0 11646 0 29 11675
1097 11822 0 1 2 11825
1098 11719 0 0 1 11720
1099 5 0 11885 1 11891
1100 1 0 11850 0 11851
1101 2 0 11749 8 11759
1102 11777 0 4 0 11781
1103 0 0 11859 1 11860
1104 0 0 11992 0 11992
1105 11773 1 25 2 11801
1106 0 8 0 11956 11964
1107 0 2 0 12150 12152
1108 0 3 0 12300 12303
1109 3 0 12246 1 12250
1110 0 19 0 11975 11994
1111 1 2 0 12025 12028
1112 0 12026 1 5 12032
1113 12018 0 0 0 12018
1114 1 0 0 12044 12045
1115 0 12218 0 1 12219
1116 12347 0 1 0 12348
1117 12338 0 2 0 12340
1118 12263 0 1 0 12264
1119 3 4 12354 0 12361
1120 12207 1 2 1 12211
1121 12339 0 2 0 12341
1122 0 1 0 12314 12315
1123 5 0 12302 1 12308
1124 12293 0 1 0 12294
1125 12284 0 2 0 12286
1126 12168 2 11 0 12181
1127 2 0 1 11937 11940
1128 2 12060 0 0 12062
1129 2 11968 0 11 11981
1130 12047 1 35 0 12083
1131 11910 1 2 0 11913
1132 46 0 12092 0 12138
1133 11753 0 15 1 11769
1134 0 1 1 11824 11826
1135 0 19 0 11966 11985
1136 0 0 12065 1 12066
1137 1 0 11974 0 11975
1138 11710 1 1 0 11712
1139 11790 0 14 10 11814
1140 0 0 11880 1 11881
1141 1 0 11868 0 11869
1142 1 6 1 10751 10759
1143 1 0 11631 2 11634
1144 0 0 11704 0 11704
1145 0 2 0 11214 11216
1146 11456 0 12 1 11469
1147 4 11731 0 3 11738
1148 0 0 0 11896 11896
1149 1 11945 0 3 11949
1150 1 1 0 11971 11973
1151 1 12044 0 3 12048
1152 2 0 12131 2 12135
1153 11863 0 6 2 11871
1154 12026 1 7 1 12035
1155 2 12143 0 1 12146
1156 31 0 12127 0 12158
1157 11694 2 293 1 11990
1158 0 7 0 12145 12152
1159 0 0 12207 1 12208
1160 0 6 0 12027 12033
1161 0 12125 0 1 12126
1162 0 15 0 12310 12325
1163 12273 1 9 0 12283
1164 11756 1 391 0 12148
1165 12119 0 1 1 12121
1166 12011 5 2 0 12018
1167 2 12104 0 31 12137
1168 0 1 0 11959 11960
1169 2 0 12092 0 12094
1170 4303 0 7525 0 11828
1171 11626 0 1 1 11628
1172 11676 0 6 0 11682
1173 3 0 11860 1 11864
1174 1 0 11798 1 11800
1175 11526 0 3 1 11530
1176 0 1 1 11731 11733
1177 16 0 11804 0 11820
1178 8 0 11670 2 11680
1179 4 0 11560 4 11568
1180 3 0 11596 0 11599
1181 11547 0 0 1 11548
1182 0 0 0 11472 11472
1183 2 0 11611 3 11616
1184 0 0 11657 0 11657
1185 1422 0 10163 0 11585
1186 11355 0 0 0 11355
1187 0 11608 0 1 11609
1188 1 1 2 11767 11771
1189 29 1 11809 0 11839
1190 2 3 0 11604 11609
1191 11722 0 2 2 11726
1192 1 2 1 11814 11818
1193 0 2 11880 0 11882
1194 4 22 2 11630 11658
1195 1 11689 0 53 11743
1196 11835 0 5 1 11841
1197 11750 0 0 1 11751
1198 0 0 11947 1 11948
1199 0 1 0 11488 11489
1200 11780 0 1 1 11782
1201 0 11 0 11815 11826
1202 7 0 11878 4 11889
1203 8 0 11837 6 11851
1204 2 0 2 11472 11476
1205 0 0 11818 1 11819
1206 1 0 11838 0 11839
1207 11703 0 7 0 11710
1208 4 0 11624 1 11629
1209 11499 1 1 1 11502
1210 1 11485 0 1 11487
1211 0 11430 0 1 11431
1212 3 11612 0 5 11620
1213 11741 0 0 0 11741
1214 0 5 2 11568 11575
1215 1 0 11545 2 11548
1216 1 0 11532 1 11534
1217 1 0 11264 2 11267
1218 5 11528 0 8 11541
1219 2 1 1 11671 11675
1220 7 0 11780 0 11787
1221 11601 0 1 1 11603
1222 413 11290 0 2 11705
1223 11669 5 0 1 11675
1224 3 0 11798 1 11802
1225 0 1 0 11196 11197
1226 0 0 11486 0 11486
1227 11413 0 4 1 11418
1228 0 1 0 11420 11421
1229 4 0 11461 0 11465
1230 4 11104 0 1 11109
1231 7 11150 0 2 11159
1232 1 11382 0 1 11384
1233 5 3 4 11499 11511
1234 11267 0 5 1 11273
1235 1 0 11286 10 11297
1236 3 10852 0 322 11177
1237 0 3 8 11303 11314
1238 0 3 0 11361 11364
1239 0 0 0 11299 11299
1240 2 7 3 11390 11402
1241 11113 3 1 1 11118
1242 4 0 11160 3 11167
1243 1 1 0 10674 10676
1244 22 0 10979 1 11002
1245 1 0 10997 6 11004
1246 10679 0 12 1 10692
1247 1 2 11022 0 11025
1248 0 2 0 10695 10697
1249 10945 0 1 0 10946
1250 10938 0 11 0 10949
1251 2 1 0 10980 10983
1252 0 0 11082 3 11085
1253 13 0 11295 1 11309
1254 0 1 5 10955 10961
1255 0 8 0 11236 11244
1256 1 2 0 11280 11283
1257 0 11358 0 8 11366
1258 11546 0 0 0 11546
1259 11499 0 2 1 11502
1260 1 1 0 11519 11521
1261 79 0 11566 0 11645
1262 7478 1 4210 3 11692
1263 11743 0 1 0 11744
1264 11809 0 0 0 11809
1265 0 0 11612 1 11613
1266 11415 3 2 0 11420
1267 11148 2 2 3 11155
1268 1 11300 0 0 11301
1269 2 11416 0 0 11418
1270 2 0 0 11496 11498
1271 1 0 11504 2 11507
1272 5 0 11529 1 11535
1273 0 4 0 11236 11240
1274 0 1 1 11456 11458
1275 1 0 11424 2 11427
1276 1 0 11401 1 11403
1277 5 3 0 11082 11090
1278 11420 0 0 0 11420
1279 0 1 0 11528 11529
1280 1 1 1 11467 11470
1281 3 11311 0 2 11316
1282 1 11586 0 13 11600
1283 5 3 0 11801 11809
1284 0 0 1 11807 11808
1285 0 0 0 11861 11861
1286 2 0 11770 0 11772
1287 1 0 11546 2 11549
1288 0 11533 0 11 11544
1289 0 6 0 11517 11523
1290 0 4 0 11573 11577
1291 1 11611 1 14 11627
1292 4 0 11837 3 11844
1293 11612 0 9 0 11621
1294 11678 0 0 0 11678
1295 11774 0 1 1 11776
1296 0 0 2 11888 11890
1297 11853 1 37 0 11891
1298 11865 1 1 0 11867
1299 11749 0 36 0 11785
1300 11717 0 4 0 11721
1301 6 0 11723 1 11730
1302 11557 1 0 1 11559
1303 0 0 0 11776 11776
1304 11810 0 8 0 11818
1305 11805 1 4 1 11811
1306 84 0 11671 0 11755
1307 11601 1 17 2 11621
1308 11650 0 47 0 11697
1309 11657 0 1 2 11660
1310 4 0 7 11442 11453
1311 2 0 11655 3 11660
1312 2 11307 0 154 11463
1313 2 7 11724 1 11734
1314 11499 0 0 0 11499
1315 4 0 2 11544 11550
1316 1 0 11602 1 11604
1317 0 7 0 11417 11424
1318 0 11342 0 4 11346
1319 0 11242 1 3 11246
1320 1 11383 1 2 11387
1321 3 11268 0 0 11271
1322 0 0 0 11406 11406
1323 0 0 11445 0 11445
1324 0 7 0 11221 11228
1325 11289 1 2 11 11303
1326 0 0 3 11387 11390
1327 0 6 0 11496 11502
1328 0 0 11478 0 11478
1329 1 0 11367 0 11368
1330 1 0 11386 2 11389
1331 11013 1 2 1 11017
1332 1 0 1 11339 11341
1333 11415 0 2 1 11418
1334 2 0 11474 1 11477
1335 11157 7 8 2 11174
1336 1 1 11421 3 11426
1337 11383 0 0 3 11386
1338 1 0 1 11407 11409
1339 1 0 11452 6 11459
1340 42 0 11338 1 11381
1341 1 3 0 11144 11148
1342 11228 0 4 0 11232
1343 7 11337 0 0 11344
1344 11423 0 2 0 11425
1345 0 4 1 11488 11493
1346 30 0 11482 0 11512
1347 11335 0 2 3 11340
1348 0 0 0 11363 11363
1349 2 0 11443 1 11446
1350 3 0 11455 0 11458
1351 2 0 0 10919 10921
1352 4 0 11440 0 11444
1353 5 0 11417 1 11423
1354 11477 0 86 0 11563
1355 11599 0 4 0 11603
1356 11657 0 0 0 11657
1357 11614 2 5 0 11621
1358 0 22 11664 1 11687
1359 11341 0 211 0 11552
1360 0 0 11585 0 11585
1361 11349 1 3 0 11353
1362 2 11624 0 0 11626
1363 0 0 0 11663 11663
1364 0 6 0 11747 11753
1365 2 0 11725 0 11727
1366 3 0 11527 0 11530
1367 1 11528 0 2 11531
1368 11367 0 3 0 11370
1369 1 11398 0 6 11405
1370 1 2 0 11318 11321
1371 1 11428 0 1 11430
1372 11436 3 1 0 11440
1373 1 0 11480 0 11481
1374 1 11332 0 3 11336
1375 11387 0 5 0 11392
1376 3 0 11415 0 11418
1377 2 11241 0 0 11243
1378 11304 1 36 1 11342
1379 11272 0 1 2 11275
1380 4 11345 1 0 11350
1381 11355 0 1 0 11356
1382 3 0 11288 11 11302
1383 2 11063 0 0 11065
1384 4 11118 0 8 11130
1385 11220 0 0 0 11220
1386 1 0 0 11239 11240
1387 1 1 0 11286 11288
1388 0 1 0 11323 11324
1389 11162 0 1 0 11163
1390 2 11197 0 1 11200
1391 2 0 0 11238 11240
1392 5 0 11295 0 11300
1393 1 20 0 11035 11056
1394 0 1 0 11090 11091
1395 2 0 0 11206 11208
1396 11194 0 4 1 11199
1397 11078 0 2 1 11081
1398 1 1 0 11064 11066
1399 1 0 11044 1 11046
1400 0 0 10873 5 10878
1401 2 0 10770 1 10773
1402 0 10548 5 0 10553
1403 0 1 0 10794 10795
1404 2 10799 1 7 10809
1405 10917 4 3 1 10925
1406 0 0 10876 1 10877
1407 0 0 10747 1 10748
1408 10616 0 1 1 10618
1409 4 10664 0 0 10668
1410 10738 0 0 1 10739
1411 0 0 10696 0 10696
1412 2 10522 0 43 10567
1413 0 0 1 10604 10605
1414 2 0 10659 0 10661
1415 2 10469 0 1 10472
1416 0 0 0 10662 10662
1417 17 0 10692 0 10709
1418 1 1 0 10471 10473
1419 2 0 10600 1 10603
1420 0 0 10463 1 10464
1421 16 0 10494 0 10510
1422 10465 1 0 0 10466
1423 1 10359 0 0 10360
1424 10408 0 1 2 10411
1425 4 10498 0 0 10502
1426 1 1 1 10409 10412
1427 5 0 10450 0 10455
1428 0 296 0 10012 10308
1429 0 10206 0 123 10329
1430 10180 1 1 1 10183
1431 0 10165 0 1 10166
1432 10126 0 1 2 10129
1433 0 0 10200 1 10201
1434 2 0 10080 0 10082
1435 0 1 0 9602 9603
1436 6 0 9962 1 9969
1437 0 1 0 9990 9991
1438 1 0 0 10075 10076
1439 1 0 10051 0 10052
1440 9840 0 1 0 9841
1441 6 9892 14 1 9913
1442 9758 0 1 0 9759
1443 0 2 1 9759 9762
1444 13 0 9638 1 9652
1445 7 1 9529 2 9539
1446 0 9477 0 5 9482
1447 1 2 0 9379 9382
1448 0 9409 0 19 9428
1449 0 2 2 9594 9598
1450 34 0 9513 0 9547
1451 0 2 0 9483 9485
1452 9395 1 0 0 9396
1453 9368 0 0 0 9368
1454 0 0 0 9477 9477
1455 0 0 9445 0 9445
1456 4 0 9380 1 9385
1457 9030 3 58 0 9091
1458 0 0 9231 0 9231
1459 0 0 9204 0 9204
1460 9029 0 6 0 9035
1461 0 1 9181 0 9182
1462 2 6 0 8864 8872
1463 0 0 9002 0 9002
1464 0 0 8973 0 8973
1465 0 0 0 8808 8808
1466 1 0 0 8969 8970
1467 8652 0 247 1 8900
1468 8765 0 0 0 8765
1469 2 0 8770 0 8772
1470 4 0 1 8230 8235
1471 1 8414 0 1 8416
1472 0 2 0 8437 8439
1473 3 0 8409 0 8412
1474 1 1 0 8278 8280
1475 1 0 0 8264 8265
1476 2 8085 0 30 8117
1477 0 1 0 8176 8177
1478 8114 1 0 0 8115
1479 8038 0 0 0 8038
1480 7603 8 0 0 7611
1481 1 7832 0 0 7833
1482 1 7602 0 0 7603
1483 1 7634 0 0 7635
1484 0 1 1 7573 7575
1485 0 12 1 7593 7606
1486 0 1 0 7631 7632
1487 1 0 7583 27 7611
1488 0 0 0 7478 7478
1489 1 1 1 7301 7304
1490 0 7311 0 0 7311
1491 0 7322 1 3 7326
1492 0 0 0 7204 7204
1493 0 0 7184 1 7185
1494 0 1 0 6764 6765
1495 0 1 0 6750 6751
1496 0 0 0 6741 6741
1497 0 0 0 6749 6749
1498 0 0 6645 0 6645
1499 0 1 1 6496 6498
1500 0 0 0 6505 6505
1501 0 2 0 6505 6507
1502 26 0 6340 0 6366
1503 6248 0 0 1 6249
1504 6174 0 5 2 6181
1505 3 6200 0 2 6205
1506 5753 0 3 0 5756
1507 5509 0 7 0 5516
1508 0 1 2 5428 5431
1509 0 0 1 5493 5494
1510 0 0 5346 0 5346
1511 1 0 0 5032 5033
1512 1 5045 0 3 5049
1513 0 4986 0 1 4987
1514 0 0 1 4589 4590
1515 0 3 1 4578 4582
1516 4351 0 1 0 4352
1517 0 4521 0 8 4529
1518 0 0 0 4387 4387
1519 4342 0 0 0 4342
1520 4253 0 2 0 4255
1521 3995 0 0 0 3995
1522 0 4176 0 0 4176
1523 0 0 0 3739 3739
1524 0 0 0 3701 3701
1525 3657 0 0 0 3657
1526 3508 0 0 0 3508
1527 1 2 0 3340 3343
1528 4 1 0 3075 3080
1529 6 0 2907 0 2913
1530 0 1 0 2860 2861
1531 0 0 1 2789 2790
1532 0 0 0 2712 2712
1533 5 1138 0 0 1143
1534 0 1 0 867 868
1535 71 0 719 0 790
1536 692 0 0 0 692
1537 650 0 2 0 652
1538 507 0 0 0 507
1539 429 0 0 0 429
1540 381 0 0 0 381
1541 0 0 0 346 346
1542 0 0 59 0 59
1543 0 40 0 0 40
1544 0 0 0 28 28
1545 0 28 0 0 28
1546 0 0 0 24 24
1547 0 0 0 24 24
1548 0 0 18 0 18
1549 0 0 0 17 17
1550 0 0 0 18 18
1551 12 0 0 0 12
1552 0 12 0 0 12
1553 0 0 0 12 12
1554 11 0 0 0 11
1555 0 8 0 0 8
1556 0 0 0 8 8
1557 0 0 0 0 0
