0 0 0 0 0 0
1 0 26 0 0 26
2 26 0 0 0 26
3 0 0 28 0 28
4 28 0 0 0 28
5 28 0 0 0 28
6 0 0 35 0 35
7 0 34 0 0 34
8 34 0 0 0 34
9 0 0 36 0 36
10 30 0 0 0 30
11 0 0 60 0 60
12 0 60 0 0 60
13 60 0 0 0 60
14 0 0 0 59 59
15 0 60 0 8 68
16 0 0 0 67 67
17 0 0 0 136 136
18 0 134 0 0 134
19 0 0 0 143 143
20 0 228 0 15 243
21 266 0 0 0 266
22 266 0 0 0 266
23 276 0 0 0 276
24 270 1 0 0 271
25 0 316 0 0 316
26 0 0 0 317 317
27 0 0 319 0 319
28 315 0 0 0 315
29 319 0 0 0 319
30 0 0 313 0 313
31 0 322 0 0 322
32 327 0 0 0 327
33 327 0 0 0 327
34 322 0 0 0 322
35 0 0 0 320 320
36 328 0 0 0 328
37 0 0 314 0 314
38 0 0 309 0 309
39 0 323 0 1 324
40 0 377 0 0 377
41 0 145 0 0 145
42 472 0 0 0 472
43 487 0 0 0 487
44 491 0 0 0 491
45 490 0 0 0 490
46 488 0 0 0 488
47 0 0 0 498 498
48 1 0 553 0 554
49 585 0 0 0 585
50 596 0 0 0 596
51 0 595 0 0 595
52 595 0 0 0 595
53 581 0 0 0 581
54 0 0 0 638 638
55 0 0 638 0 638
56 0 645 0 0 645
57 0 0 0 642 642
58 638 0 19 0 657
59 0 665 0 0 665
60 0 707 0 0 707
61 0 0 0 704 704
62 0 0 0 740 740
63 0 786 0 0 786
64 781 0 0 0 781
65 786 0 0 0 786
66 0 810 0 0 810
67 0 0 0 804 804
68 818 0 0 0 818
69 0 0 0 802 802
70 802 0 0 0 802
71 0 845 0 0 845
72 851 0 0 0 851
73 846 0 0 0 846
74 846 0 0 0 846
75 0 951 0 0 951
76 0 0 1090 0 1090
77 0 0 0 1053 1053
78 0 0 0 1097 1097
79 1096 0 0 0 1096
80 1118 0 0 0 1118
81 0 1168 0 6 1174
82 0 1259 0 0 1259
83 0 1292 0 0 1292
84 0 1 1 1338 1340
85 1343 0 1 1 1345
86 1 0 0 1364 1365
87 0 0 0 1383 1383
88 0 0 0 1473 1473
89 0 1595 0 20 1615
90 0 0 0 1616 1616
91 0 1651 0 0 1651
92 1649 0 0 0 1649
93 0 1662 0 0 1662
94 1716 0 0 0 1716
95 0 0 0 1685 1685
96 0 1727 0 0 1727
97 1747 0 0 21 1768
98 1 0 1815 0 1816
99 0 31 1878 0 1909
100 0 0 1888 0 1888
101 0 0 1884 0 1884
102 1 0 1952 0 1953
103 1995 0 0 0 1995
104 0 0 2020 0 2020
105 0 0 0 1973 1973
106 2067 0 0 0 2067
107 0 0 0 2084 2084
108 0 0 0 2082 2082
109 2075 0 0 0 2075
110 0 0 0 2219 2219
111 0 0 0 2369 2369
112 2418 0 0 0 2418
113 0 0 0 2450 2450
114 0 2422 0 16 2438
115 2470 0 0 0 2470
116 0 2571 0 0 2571
117 0 0 0 2577 2577
118 2441 0 163 0 2604
119 0 0 0 2622 2622
120 2617 0 1 0 2618
121 0 1 0 2611 2612
122 27 1 2593 0 2621
123 1 0 0 2696 2697
124 0 0 2922 0 2922
125 1 0 0 2932 2933
126 0 3018 0 2 3020
127 3012 0 40 0 3052
128 0 0 3069 0 3069
129 35 3179 0 5 3219
130 0 0 0 3271 3271
131 0 0 0 3323 3323
132 0 3376 0 2 3378
133 3383 0 1 0 3384
134 0 18 0 3414 3432
135 0 0 0 3478 3478
136 3495 0 0 0 3495
137 0 0 0 3492 3492
138 0 3537 0 0 3537
139 3279 0 0 255 3534
140 0 1 0 3506 3507
141 3496 0 0 0 3496
142 0 3518 0 0 3518
143 0 10 0 3524 3534
144 1 0 0 3548 3549
145 3530 0 0 0 3530
146 0 3555 0 0 3555
147 0 1 0 3546 3547
148 3553 0 0 0 3553
149 0 230 0 3322 3552
150 3528 0 0 62 3590
151 0 0 0 3599 3599
152 0 0 0 3654 3654
153 0 3751 0 1 3752
154 0 1 3807 0 3808
155 0 0 3795 0 3795
156 3779 1 1 0 3781
157 1 0 0 3825 3826
158 3857 1 0 0 3858
159 0 0 0 3892 3892
160 3874 1 0 0 3875
161 0 1 0 3889 3890
162 0 1 0 3888 3889
163 2 0 3843 0 3845
164 0 3930 0 0 3930
165 0 19 0 3998 4017
166 4041 1 0 0 4042
167 4017 0 0 0 4017
168 4011 0 0 0 4011
169 4005 0 1 0 4006
170 0 1 0 4059 4060
171 0 0 0 4044 4044
172 0 4063 0 0 4063
173 3 60 0 4010 4073
174 0 4014 0 1 4015
175 3983 0 13 1 3997
176 1 4016 0 0 4017
177 0 3 0 4010 4013
178 4026 0 0 0 4026
179 3983 0 1 0 3984
180 0 4052 0 0 4052
181 4056 0 1 0 4057
182 0 0 4023 0 4023
183 3940 0 74 0 4014
184 4090 0 0 0 4090
185 4103 0 0 0 4103
186 0 18 0 4098 4116
187 4141 0 0 0 4141
188 4075 0 0 0 4075
189 0 4098 0 1 4099
190 0 1 0 4072 4073
191 0 0 3979 1 3980
192 0 4029 0 1 4030
193 4057 0 0 0 4057
194 0 4112 0 0 4112
195 0 4171 0 1 4172
196 4188 0 1 0 4189
197 4126 0 31 0 4157
198 0 4227 0 0 4227
199 4225 0 0 0 4225
200 4218 0 19 39 4276
201 0 0 0 4287 4287
202 1 0 4264 0 4265
203 0 4259 1 0 4260
204 0 4284 0 0 4284
205 4338 0 11 1 4350
206 0 0 0 4399 4399
207 0 1 0 4444 4445
208 0 0 4426 0 4426
209 6 0 4427 0 4433
210 4426 0 22 0 4448
211 0 0 0 4471 4471
212 0 0 0 4527 4527
213 38 0 4520 0 4558
214 0 1 0 4655 4656
215 0 0 4649 0 4649
216 0 4736 0 1 4737
217 4767 0 0 1 4768
218 4773 0 0 0 4773
219 4712 1 54 0 4767
220 0 4765 0 31 4796
221 19 0 4742 0 4761
222 0 4827 0 0 4827
223 4883 0 0 1 4884
224 0 0 0 4992 4992
225 0 5023 0 0 5023
226 5093 0 0 0 5093
227 5041 0 0 0 5041
228 5026 0 1 0 5027
229 0 0 0 5051 5051
230 1 0 5058 0 5059
231 4 2 0 4962 4968
232 0 0 0 5072 5072
233 0 5098 0 4 5102
234 5052 0 23 25 5100
235 115 0 4936 0 5051
236 1 0 5026 0 5027
237 0 5188 0 0 5188
238 0 0 1 5188 5189
239 0 0 5183 0 5183
240 0 0 1 5134 5135
241 0 0 5181 12 5193
242 5214 0 0 0 5214
243 5196 0 0 0 5196
244 0 5275 0 0 5275
245 0 5373 0 0 5373
246 0 36 0 5299 5335
247 0 0 0 5371 5371
248 70 0 0 5333 5403
249 0 5436 0 2 5438
250 1 0 0 5424 5425
251 0 1 5398 0 5399
252 1 5390 0 7 5398
253 5461 1 1 0 5463
254 5442 0 1 0 5443
255 5 5485 0 0 5490
256 5448 0 0 0 5448
257 5456 0 0 0 5456
258 5419 0 0 0 5419
259 5410 1 0 2 5413
260 0 0 5104 429 5533
261 1 0 5468 0 5469
262 0 0 5495 0 5495
263 0 0 5552 0 5552
264 0 1 35 5180 5216
265 1 0 5401 0 5402
266 5524 0 1 0 5525
267 0 5695 0 4 5699
268 5599 0 0 0 5599
269 0 5675 0 60 5735
270 0 2 0 5741 5743
271 1 0 0 5743 5744
272 0 5760 0 1 5761
273 0 101 0 5647 5748
274 1 0 1 5744 5746
275 0 5742 0 0 5742
276 1 0 1 5719 5721
277 0 5773 0 0 5773
278 0 5819 0 2 5821
279 4 5904 0 15 5923
280 5899 1 6 1 5907
281 0 0 5886 0 5886
282 5873 0 0 0 5873
283 5931 0 0 0 5931
284 9 5452 0 709 6170
285 1 6164 0 0 6165
286 0 0 6201 0 6201
287 5 0 6101 1 6107
288 5992 0 0 0 5992
289 34 0 6032 0 6066
290 1 2 0 5992 5995
291 0 0 6143 0 6143
292 0 0 6094 0 6094
293 6209 0 2 2 6213
294 0 6310 0 0 6310
295 6192 0 1 0 6193
296 0 0 0 6169 6169
297 5911 1 0 1 5913
298 0 6142 0 0 6142
299 0 6020 0 12 6032
300 0 6100 0 0 6100
301 2 0 6005 41 6048
302 0 5931 0 0 5931
303 1 0 6054 0 6055
304 0 0 0 5806 5806
305 0 2 0 5921 5923
306 0 43 0 6002 6045
307 6065 1 0 0 6066
308 2 1 0 6041 6044
309 0 6109 0 19 6128
310 0 0 0 5984 5984
311 0 0 0 6005 6005
312 0 0 5835 0 5835
313 0 5929 0 2 5931
314 0 6352 0 0 6352
315 155 6248 0 0 6403
316 219 0 6133 0 6352
317 1 0 6222 0 6223
318 6 0 6113 0 6119
319 0 6245 0 3 6248
320 0 0 1 6202 6203
321 0 6254 0 0 6254
322 6451 0 2 0 6453
323 6292 0 0 1 6293
324 0 6349 0 0 6349
325 528 5816 0 2 6346
326 0 0 0 6299 6299
327 0 2 0 6299 6301
328 0 163 0 6141 6304
329 0 6411 0 0 6411
330 6310 0 0 0 6310
331 1 0 6196 0 6197
332 6119 0 0 0 6119
333 6102 0 0 0 6102
334 6087 0 2 0 6089
335 25 0 5964 1 5990
336 0 5952 0 0 5952
337 5943 0 0 0 5943
338 58 5931 0 0 5989
339 0 5 0 5856 5861
340 2 5972 0 0 5974
341 0 6048 0 0 6048
342 1 10 0 5995 6006
343 5987 0 0 0 5987
344 6004 0 0 1 6005
345 0 1 0 5931 5932
346 0 1 1 5933 5935
347 5955 0 0 0 5955
348 0 0 5740 0 5740
349 7 5722 0 1 5730
350 0 5819 0 10 5829
351 0 5865 0 1 5866
352 1 0 0 5823 5824
353 0 5901 0 2 5903
354 5983 0 0 0 5983
355 0 0 0 5964 5964
356 5933 0 0 1 5934
357 1 0 5951 0 5952
358 5847 0 0 0 5847
359 0 0 0 5890 5890
360 1 0 0 5931 5932
361 0 5959 0 1 5960
362 1 0 5946 0 5947
363 0 0 6085 0 6085
364 6109 0 20 0 6129
365 0 0 6147 0 6147
366 6176 0 0 0 6176
367 6155 0 0 0 6155
368 6109 0 0 0 6109
369 0 6149 0 0 6149
370 0 6177 1 0 6178
371 6154 0 1 1 6156
372 6146 0 0 0 6146
373 6211 0 0 0 6211
374 1 0 6179 1 6181
375 0 0 6110 0 6110
376 6181 0 0 0 6181
377 6220 0 0 0 6220
378 6197 1 0 0 6198
379 0 6325 0 5 6330
380 1 0 0 6202 6203
381 0 6303 0 0 6303
382 6308 0 0 0 6308
383 0 0 6159 0 6159
384 0 6180 0 0 6180
385 0 0 0 6036 6036
386 0 6059 0 0 6059
387 0 6123 0 2 6125
388 0 6189 0 0 6189
389 0 1 0 6109 6110
390 0 0 0 6111 6111
391 31 0 6006 0 6037
392 5872 0 0 0 5872
393 0 0 0 5955 5955
394 5998 0 0 0 5998
395 5921 0 0 0 5921
396 0 0 0 5937 5937
397 5961 0 0 0 5961
398 5967 1 0 0 5968
399 0 0 5831 15 5846
400 0 0 5797 0 5797
401 0 1 5788 5 5794
402 5799 0 1 0 5800
403 5734 0 0 0 5734
404 24 5740 0 0 5764
405 0 5758 0 0 5758
406 0 1 0 5755 5756
407 0 0 0 5755 5755
408 0 0 0 5717 5717
409 1 2 0 5760 5763
410 24 0 5637 0 5661
411 0 1 0 5621 5622
412 0 1 0 5645 5646
413 0 0 5620 0 5620
414 0 5591 0 0 5591
415 0 7 0 5628 5635
416 0 0 0 5685 5685
417 0 0 5616 0 5616
418 0 2 0 5489 5491
419 1 0 5515 4 5520
420 0 0 5506 0 5506
421 5521 1 28 0 5550
422 0 5565 0 0 5565
423 0 5614 0 0 5614
424 5726 0 0 2 5728
425 5740 0 2 0 5742
426 5705 0 0 0 5705
427 0 0 0 5724 5724
428 1 0 5737 0 5738
429 5747 1 0 1 5749
430 5663 0 0 0 5663
431 0 1 0 5596 5597
432 3 0 5629 0 5632
433 0 5690 0 1 5691
434 5958 0 3 0 5961
435 6090 0 1 0 6091
436 6090 0 0 0 6090
437 15 6013 0 0 6028
438 5814 0 0 0 5814
439 0 6141 0 1 6142
440 0 12 0 6123 6135
441 0 0 0 6201 6201
442 0 0 0 6209 6209
443 1 0 6186 0 6187
444 0 6253 0 1 6254
445 0 0 0 6311 6311
446 0 0 0 6254 6254
447 0 0 1 6300 6301
448 6312 0 2 10 6324
449 6193 0 0 1 6194
450 0 6161 0 1 6162
451 1 6096 0 1 6098
452 27 6140 0 1 6168
453 6200 1 1 0 6202
454 0 0 0 6170 6170
455 0 19 0 6240 6259
456 6269 0 1 1 6271
457 1 0 0 6221 6222
458 0 0 6168 0 6168
459 1 6197 0 4 6202
460 6211 0 1 0 6212
461 13 0 6057 1 6071
462 0 5930 0 0 5930
463 0 5937 0 0 5937
464 0 6009 0 1 6010
465 6010 0 0 1 6011
466 5966 0 0 0 5966
467 0 5985 0 1 5986
468 0 5991 0 1 5992
469 5983 0 5 1 5989
470 2 0 6206 0 6208
471 1 0 6122 0 6123
472 0 0 6024 0 6024
473 28 0 6085 0 6113
474 0 0 6142 0 6142
475 6087 0 0 0 6087
476 0 0 0 6171 6171
477 6193 0 0 0 6193
478 0 6258 0 0 6258
479 0 11 0 6251 6262
480 6269 0 1 0 6270
481 0 6266 0 35 6301
482 6329 1 0 1 6331
483 6328 0 0 0 6328
484 0 1 0 6352 6353
485 29 0 6338 6 6373
486 29 0 6266 0 6295
487 6370 0 1 0 6371
488 6363 1 0 0 6364
489 0 6413 0 0 6413
490 6346 0 0 0 6346
491 6315 12 2 0 6329
492 0 0 6371 0 6371
493 6322 0 1 0 6323
494 2 0 6295 1 6298
495 1 0 6135 0 6136
496 6262 0 2 0 6264
497 0 0 6267 0 6267
498 6389 0 0 0 6389
499 0 6543 0 3 6546
500 6558 0 0 0 6558
501 0 0 6453 0 6453
502 6511 0 0 1 6512
503 6520 1 1 0 6522
504 6446 0 0 1 6447
505 0 6533 0 0 6533
506 6539 0 0 0 6539
507 6499 0 0 0 6499
508 1 0 6465 16 6482
509 0 6490 0 0 6490
510 0 0 0 6505 6505
511 1 0 6449 0 6450
512 6440 0 28 0 6468
513 2 0 6521 0 6523
514 0 0 6395 0 6395
515 0 6534 0 1 6535
516 6578 0 0 0 6578
517 0 0 0 6670 6670
518 0 6746 0 1 6747
519 0 0 0 6747 6747
520 6778 0 0 0 6778
521 6758 0 0 0 6758
522 0 0 0 6999 6999
523 0 0 0 6990 6990
524 0 3 0 6891 6894
525 0 6981 0 0 6981
526 7024 0 1 0 7025
527 2 0 7410 0 7412
528 0 1 0 7324 7325
529 0 7392 0 3 7395
530 7518 0 2 0 7520
531 7463 0 0 0 7463
532 7359 0 0 0 7359
533 0 73 1 7295 7369
534 0 0 0 7379 7379
535 0 0 7345 1 7346
536 2 0 7267 16 7285
537 35 0 7214 0 7249
538 6 7295 0 1 7302
539 7459 0 1 0 7460
540 7480 0 1 0 7481
541 7464 0 1 0 7465
542 7454 0 0 1 7455
543 0 0 1 7396 7397
544 38 7318 0 0 7356
545 7 7330 0 0 7337
546 0 7406 0 1 7407
547 7426 0 1 0 7427
548 7382 0 0 0 7382
549 0 7411 0 1 7412
550 7402 0 1 1 7404
551 0 0 7395 0 7395
552 0 2 0 7220 7222
553 7497 0 0 0 7497
554 1 0 7372 0 7373
555 7427 0 1 0 7428
556 0 0 7053 204 7257
557 7342 0 0 0 7342
558 7307 0 0 0 7307
559 0 7286 0 0 7286
560 1 33 0 7117 7151
561 0 7258 0 0 7258
562 0 7370 0 1 7371
563 7419 0 1 0 7420
564 0 0 0 7388 7388
565 1 1 0 7327 7329
566 1 0 0 7278 7279
567 0 0 0 7204 7204
568 0 7210 0 8 7218
569 1 7257 0 0 7258
570 7187 0 0 0 7187
571 0 7137 0 133 7270
572 7306 0 0 0 7306
573 0 0 2 7249 7251
574 0 0 7287 0 7287
575 120 0 7009 0 7129
576 0 7187 0 1 7188
577 7249 0 0 1 7250
578 0 0 7235 0 7235
579 0 7233 0 1 7234
580 7315 0 1 1 7317
581 0 0 0 7298 7298
582 0 0 7238 0 7238
583 0 1 6975 1 6977
584 7027 0 1 0 7028
585 1 0 7066 0 7067
586 0 7123 0 11 7134
587 1 0 7182 0 7183
588 0 0 7116 0 7116
589 0 0 7144 0 7144
590 2 1 0 6952 6955
591 0 6991 0 0 6991
592 39 7073 0 2 7114
593 5 0 7060 0 7065
594 0 7169 0 0 7169
595 1 0 7212 23 7236
596 0 1 1 6956 6958
597 3 1 7058 0 7062
598 0 7052 0 7 7059
599 893 6262 0 0 7155
600 7208 0 47 0 7255
601 0 4 1 7278 7283
602 2 0 7297 0 7299
603 7118 0 3 2 7123
604 0 0 0 7302 7302
605 0 0 7303 0 7303
606 0 0 7229 0 7229
607 0 0 0 7062 7062
608 7203 0 0 0 7203
609 7282 0 2 1 7285
610 7 0 7255 0 7262
611 0 0 7280 0 7280
612 7254 1 0 0 7255
613 7221 0 21 0 7242
614 0 0 0 7309 7309
615 1 0 7365 0 7366
616 2 0 7265 0 7267
617 7367 0 0 0 7367
618 1 7452 1 2 7456
619 7510 2 1 0 7513
620 1 0 1 7526 7528
621 7523 1 2 1 7527
622 1 74 0 7462 7537
623 7652 0 0 15 7667
624 1 0 0 7480 7481
625 0 7656 0 1 7657
626 0 0 7711 1 7712
627 0 0 7640 0 7640
628 7409 0 19 0 7428
629 1 0 7679 0 7680
630 0 1 0 7555 7556
631 0 0 1 7698 7699
632 1 0 7741 0 7742
633 7583 0 0 0 7583
634 1 0 1 7629 7631
635 4 0 7620 0 7624
636 11 0 7548 1 7560
637 0 7538 0 3 7541
638 9 7569 0 0 7578
639 2 7751 0 0 7753
640 1 1 0 7800 7802
641 64 0 7702 0 7766
642 7735 0 0 1 7736
643 0 7864 0 2 7866
644 7965 0 1 0 7966
645 7728 0 0 0 7728
646 0 1 0 7990 7991
647 8023 0 44 0 8067
648 8040 0 0 0 8040
649 0 2 0 7999 8001
650 0 0 7985 0 7985
651 0 7992 0 0 7992
652 8009 0 0 0 8009
653 0 2 0 8003 8005
654 0 1 0 8097 8098
655 706 0 7227 0 7933
656 1 8173 0 0 8174
657 1 0 0 8196 8197
658 0 8199 0 0 8199
659 8299 0 4 0 8303
660 8242 0 1 1 8244
661 8236 1 0 0 8237
662 14 0 8391 0 8405
663 0 38 1 8063 8102
664 8413 0 0 0 8413
665 8410 0 1 0 8411
666 8425 0 0 0 8425
667 8359 1 0 1 8361
668 0 0 0 8328 8328
669 8262 0 1 0 8263
670 0 0 0 8248 8248
671 0 0 8234 0 8234
672 0 0 8181 0 8181
673 7994 0 0 0 7994
674 0 0 8031 0 8031
675 8079 0 0 0 8079
676 8015 0 19 0 8034
677 25 0 8025 0 8050
678 4 7830 0 0 7834
679 7883 0 0 0 7883
680 0 2 0 7781 7783
681 7782 0 2 0 7784
682 0 1 0 7713 7714
683 7558 0 91 1 7650
684 1 7751 0 0 7752
685 0 2 0 7729 7731
686 0 0 7696 0 7696
687 7588 0 2 1 7591
688 0 7626 1 5 7632
689 7533 0 1 5 7539
690 0 7579 0 0 7579
691 7592 0 0 0 7592
692 0 0 0 7548 7548
693 7363 0 1 0 7364
694 0 7507 0 19 7526
695 1 7519 0 2 7522
696 7566 0 0 0 7566
697 0 3 1 7448 7452
698 5 0 0 7429 7434
699 0 7301 0 1 7302
700 0 7342 0 0 7342
701 0 0 46 7253 7299
702 7314 0 0 1 7315
703 1 227 0 7087 7315
704 5 0 7318 0 7323
705 0 7341 0 1 7342
706 7342 0 1 0 7343
707 7303 0 0 2 7305
708 7256 0 2 0 7258
709 0 7241 0 0 7241
710 7296 0 0 1 7297
711 7178 0 0 1 7179
712 0 7099 0 2 7101
713 7088 0 1 1 7090
714 1 50 0 6836 6887
715 0 7059 0 1 7060
716 1 7094 1 0 7096
717 0 2 0 7142 7144
718 7209 0 2 0 7211
719 7225 0 1 0 7226
720 0 0 7173 0 7173
721 7203 0 2 1 7206
722 7223 0 0 0 7223
723 1 7236 0 0 7237
724 7156 0 0 1 7157
725 2 7248 0 2 7252
726 7297 0 2 9 7308
727 7203 0 1 0 7204
728 0 0 7119 1 7120
729 7121 0 1 0 7122
730 7139 0 0 0 7139
731 7111 0 0 0 7111
732 9 0 7110 0 7119
733 1 1 0 6667 6669
734 1 0 6863 0 6864
735 0 6824 0 3 6827
736 0 6947 0 0 6947
737 0 1 0 6893 6894
738 0 0 6946 1 6947
739 0 6907 0 8 6915
740 6960 0 3 0 6963
741 6959 0 1 0 6960
742 0 0 0 6918 6918
743 0 2 0 6952 6954
744 2 1 6814 0 6817
745 0 6754 0 2 6756
746 6683 0 1 11 6695
747 2 0 0 6593 6595
748 79 6672 1 9 6761
749 0 0 6730 0 6730
750 1 0 6648 1 6650
751 31 0 6520 1 6552
752 0 0 6784 0 6784
753 1 0 6781 17 6799
754 6814 0 3 1 6818
755 6889 0 0 1 6890
756 6931 0 2 0 6933
757 0 1 0 6901 6902
758 0 0 0 6941 6941
759 1 0 6903 0 6904
760 0 0 0 6780 6780
761 0 0 0 6890 6890
762 6903 0 0 0 6903
763 0 1 1 6920 6922
764 17 6905 0 0 6922
765 0 2 0 6970 6972
766 6961 0 0 0 6961
767 6942 0 1 1 6944
768 1 0 1 6991 6993
769 0 0 6955 0 6955
770 6931 0 77 0 7008
771 0 0 0 6996 6996
772 7048 0 0 0 7048
773 6950 0 0 1 6951
774 0 6972 0 0 6972
775 0 1 0 6991 6992
776 1 0 6968 0 6969
777 6866 0 1 0 6867
778 0 22 0 6843 6865
779 24 0 6815 5 6844
780 0 0 6780 0 6780
781 0 6923 0 0 6923
782 0 0 1 6819 6820
783 0 6867 0 1 6868
784 6978 0 5 0 6983
785 267 0 6620 0 6887
786 9 6813 0 0 6822
787 0 1 0 6825 6826
788 0 0 1 6780 6781
789 0 6845 1 6 6852
790 6767 0 6 0 6773
791 1 0 6753 0 6754
792 1 0 6721 0 6722
793 0 2 2 6298 6302
794 30 0 6599 0 6629
795 0 1 2 6603 6606
796 0 0 0 6648 6648
797 6727 0 0 0 6727
798 1 0 6727 0 6728
799 0 3 0 6510 6513
800 25 1 6657 0 6683
801 6629 0 0 1 6630
802 6626 0 13 1 6640
803 1 0 3 6628 6632
804 1 0 6601 0 6602
805 0 6608 0 0 6608
806 6568 0 0 1 6569
807 0 0 6630 0 6630
808 6479 0 2 0 6481
809 1 0 0 6359 6360
810 0 0 0 6416 6416
811 0 0 0 6411 6411
812 0 6386 0 0 6386
813 0 0 0 6498 6498
814 0 0 0 6539 6539
815 6476 0 1 1 6478
816 6344 1 1 1 6347
817 0 0 6313 0 6313
818 6200 0 0 1 6201
819 0 1 0 6108 6109
820 0 0 0 6071 6071
821 0 6084 0 1 6085
822 110 0 6015 0 6125
823 5946 0 0 0 5946
824 0 0 6019 0 6019
825 5848 0 0 0 5848
826 0 0 5812 0 5812
827 0 0 5805 0 5805
828 0 0 5716 0 5716
829 1 5686 0 2 5689
830 0 5667 0 0 5667
831 3 1 5834 2 5840
832 5557 0 0 0 5557
833 5580 0 1 0 5581
834 0 0 0 5660 5660
835 5682 0 0 0 5682
836 5658 0 0 0 5658
837 0 0 0 5653 5653
838 5664 0 1 0 5665
839 5633 0 0 0 5633
840 5213 0 0 397 5610
841 5588 0 20 0 5608
842 0 0 5533 1 5534
843 5569 0 0 0 5569
844 5599 0 1 0 5600
845 5547 0 0 2 5549
846 0 1 2 5480 5483
847 5488 0 0 1 5489
848 0 0 1 5439 5440
849 0 0 0 5422 5422
850 0 1 0 5389 5390
851 0 5269 0 1 5270
852 0 5213 0 25 5238
853 5232 0 0 0 5232
854 5173 0 1 0 5174
855 0 5190 0 0 5190
856 5139 0 0 0 5139
857 1 0 5151 0 5152
858 1 0 5060 0 5061
859 5074 0 0 0 5074
860 5119 0 1 0 5120
861 0 0 5096 0 5096
862 5070 0 0 0 5070
863 21 0 5051 0 5072
864 0 0 0 4859 4859
865 4999 0 0 0 4999
866 4958 0 0 0 4958
867 4952 0 0 0 4952
868 4869 0 0 2 4871
869 0 4775 0 1 4776
870 4696 0 2 0 4698
871 96 4652 7 0 4755
872 4716 0 1 1 4718
873 0 4804 0 0 4804
874 0 0 0 4747 4747
875 2 0 4764 0 4766
876 4628 0 52 0 4680
877 1 0 4730 1 4732
878 0 0 4694 1 4695
879 4666 0 0 0 4666
880 4702 0 0 0 4702
881 0 1 0 4642 4643
882 10 2 4589 0 4601
883 0 4596 0 29 4625
884 4670 0 0 0 4670
885 1 4713 0 0 4714
886 4652 0 0 0 4652
887 8 2 21 4579 4610
888 0 0 4570 0 4570
889 0 4612 0 2 4614
890 0 0 4666 0 4666
891 0 0 4635 1 4636
892 4572 0 0 0 4572
893 0 0 0 4588 4588
894 0 1 0 4618 4619
895 0 0 1 4617 4618
896 0 2 4563 0 4565
897 0 4098 0 401 4499
898 1 4604 0 23 4628
899 4633 0 0 0 4633
900 1 20 4588 0 4609
901 0 4532 0 0 4532
902 4620 1 1 0 4622
903 4636 0 0 0 4636
904 0 0 0 4595 4595
905 4631 1 0 0 4632
906 4640 0 0 0 4640
907 4637 0 1 0 4638
908 4573 0 0 1 4574
909 0 4609 0 0 4609
910 20 4587 0 0 4607
911 4668 0 1 0 4669
912 0 0 0 4604 4604
913 4688 0 0 0 4688
914 0 0 4561 0 4561
915 4579 0 0 0 4579
916 4561 0 19 0 4580
917 0 0 2 4542 4544
918 0 3 4535 1 4539
919 15 0 1 4392 4408
920 1 0 4449 0 4450
921 1 4433 1 5 4440
922 0 4493 0 0 4493
923 0 0 0 4598 4598
924 2 0 4641 1 4644
925 1 10 1 4529 4541
926 4629 0 0 0 4629
927 0 0 4534 0 4534
928 4597 0 0 0 4597
929 0 0 4553 0 4553
930 4532 0 1 0 4533
931 0 4556 0 0 4556
932 4650 0 1 0 4651
933 4652 0 0 0 4652
934 0 4543 0 76 4619
935 4683 1 5 0 4689
936 13 0 4701 0 4714
937 0 0 4707 0 4707
938 0 0 1 4516 4517
939 4722 0 0 0 4722
940 0 4750 0 0 4750
941 4772 1 0 0 4773
942 0 4781 0 0 4781
943 4751 0 0 0 4751
944 1 0 4698 0 4699
945 0 4779 0 4 4783
946 4867 0 1 0 4868
947 4849 0 0 1 4850
948 4895 2 0 0 4897
949 4909 0 0 0 4909
950 4893 0 0 0 4893
951 1 0 4782 0 4783
952 4689 0 1 0 4690
953 2 4825 0 0 4827
954 1 4879 0 0 4880
955 0 1 1 4921 4923
956 0 0 1 4944 4945
957 0 0 1 4918 4919
958 0 1 1 4939 4941
959 0 0 4914 0 4914
960 1 0 0 4816 4817
961 0 4875 0 4 4879
962 4919 1 1 0 4921
963 4907 0 0 0 4907
964 4976 0 1 0 4977
965 0 1 0 4854 4855
966 0 0 2 4944 4946
967 4934 0 0 0 4934
968 4921 1 1 0 4923
969 4908 0 0 0 4908
970 2 5064 0 1 5067
971 1 0 5130 0 5131
972 0 0 0 4764 4764
973 1 0 4997 0 4998
974 0 0 5026 0 5026
975 3703 0 1277 1 4981
976 0 0 5030 0 5030
977 5047 0 0 24 5071
978 0 5274 0 3 5277
979 0 0 1 5303 5304
980 1 0 5263 0 5264
981 5316 0 0 1 5317
982 0 0 1 5267 5268
983 5363 0 0 0 5363
984 2 5382 0 2 5386
985 5372 0 1 0 5373
986 3 0 5556 0 5559
987 1 5864 0 30 5895
988 6012 1 1 0 6014
989 1 0 6027 22 6050
990 6130 0 1 0 6131
991 6183 0 0 0 6183
992 6528 0 0 0 6528
993 1 0 0 6666 6667
994 6664 0 19 0 6683
995 6584 0 0 0 6584
996 111 0 6596 0 6707
997 6497 0 1 0 6498
998 0 0 0 6526 6526
999 0 0 1 6597 6598
1000 24 0 6516 0 6540
1001 6429 1 0 0 6430
1002 0 0 0 6494 6494
1003 0 0 6539 0 6539
1004 6 2 0 6401 6409
1005 1 0 6477 0 6478
1006 0 6347 0 167 6514
1007 6595 0 1 0 6596
1008 0 6670 0 0 6670
1009 6638 0 0 16 6654
1010 63 0 6618 0 6681
1011 6539 0 0 0 6539
1012 1 0 2 6645 6648
1013 6537 0 1 0 6538
1014 2 6977 0 0 6979
1015 0 0 1 6995 6996
1016 0 0 1 7143 7144
1017 7157 0 0 0 7157
1018 0 0 0 7177 7177
1019 0 0 0 7225 7225
1020 0 3 0 7316 7319
1021 8 0 7273 0 7281
1022 0 1 7113 0 7114
1023 7094 0 0 2 7096
1024 0 7014 0 0 7014
1025 6826 0 1 1 6828
1026 0 7113 0 0 7113
1027 39 7005 0 25 7069
1028 0 7082 0 0 7082
1029 1 7205 0 23 7229
1030 3 7283 0 0 7286
1031 7276 0 0 0 7276
1032 0 0 7273 0 7273
1033 7068 0 85 1 7154
1034 5 7167 0 0 7172
1035 1 7190 0 3 7194
1036 7355 0 4 0 7359
1037 7257 2 0 0 7259
1038 7289 0 1 0 7290
1039 0 0 0 7206 7206
1040 1 0 7228 0 7229
1041 7104 0 0 0 7104
1042 0 1 0 7175 7176
1043 0 0 7214 0 7214
1044 1353 0 5803 0 7156
1045 7099 1 1 1 7102
1046 7094 0 2 0 7096
1047 0 0 7086 0 7086
1048 0 7078 0 0 7078
1049 7181 0 1 0 7182
1050 0 0 0 7287 7287
1051 7311 0 1 0 7312
1052 7246 0 23 0 7269
1053 1 7266 0 1 7268
1054 7331 0 25 0 7356
1055 0 0 7264 0 7264
1056 0 0 7243 0 7243
1057 2 7162 0 1 7165
1058 0 7097 0 1 7098
1059 0 7190 0 0 7190
1060 0 2 1 7264 7267
1061 0 0 1 7428 7429
1062 1 0 7502 0 7503
1063 1 0 0 7401 7402
1064 8 1 7483 1 7493
1065 7395 0 0 0 7395
1066 7520 0 0 0 7520
1067 1 1 0 7545 7547
1068 4 7622 0 0 7626
1069 0 2 3 7679 7684
1070 0 0 7716 1 7717
1071 7518 0 1 0 7519
1072 0 4 0 7691 7695
1073 0 0 7688 0 7688
1074 1 0 7646 0 7647
1075 3 1 7683 2 7689
1076 0 0 7740 0 7740
1077 7726 0 2 1 7729
1078 1 7791 0 1 7793
1079 7925 0 0 0 7925
1080 7858 1 0 1 7860
1081 7898 0 1 1 7900
1082 0 0 7975 1 7976
1083 166 0 7806 0 7972
1084 1 0 8008 0 8009
1085 7803 0 0 0 7803
1086 0 0 8029 0 8029
1087 67 0 0 7515 7582
1088 1 0 7890 0 7891
1089 13 1 7910 1 7925
1090 7932 0 1 0 7933
1091 0 0 7934 0 7934
1092 1 0 7808 36 7845
1093 0 7891 0 1 7892
1094 8029 0 1 1 8031
1095 1 0 0 7925 7926
1096 7 7874 0 90 7971
1097 8005 0 1 0 8006
1098 8022 0 0 0 8022
1099 4 0 8133 0 8137
1100 1 0 8217 1 8219
1101 4 0 8311 0 8315
1102 8310 0 2 15 8327
1103 23 0 8333 3 8359
1104 1 1 8376 0 8378
1105 8306 0 0 1 8307
1106 0 1 0 8426 8427
1107 0 0 0 8531 8531
1108 0 0 0 8659 8659
1109 26 2 8565 1 8594
1110 0 0 0 8302 8302
1111 0 155 1 8180 8336
1112 1 8370 1 2 8374
1113 8443 8 0 0 8451
1114 0 0 3 8444 8447
1115 1 8484 13 0 8498
1116 8556 0 2 0 8558
1117 8540 0 11 0 8551
1118 8603 0 0 0 8603
1119 0 0 8626 0 8626
1120 8504 0 3 0 8507
1121 8604 0 0 1 8605
1122 0 0 0 8670 8670
1123 0 0 8634 0 8634
1124 8596 0 1 0 8597
1125 8593 0 1 0 8594
1126 8420 0 75 0 8495
1127 0 0 2 8430 8432
1128 1 8456 0 0 8457
1129 2 8396 0 31 8429
1130 8422 0 2 0 8424
1131 8354 1 1 0 8356
1132 0 0 8506 1 8507
1133 8300 1 0 0 8301
1134 38 2 0 8303 8343
1135 0 0 1 8445 8446
1136 0 0 8474 0 8474
1137 0 0 8412 0 8412
1138 8247 0 0 11 8258
1139 8331 0 1 0 8332
1140 0 0 8382 0 8382
1141 0 0 8411 0 8411
1142 0 2 0 7729 7731
1143 0 0 8267 2 8269
1144 0 0 8385 0 8385
1145 0 2 0 8045 8047
1146 8289 0 0 0 8289
1147 0 8313 0 0 8313
1148 0 0 0 8439 8439
1149 0 8446 0 0 8446
1150 0 1 0 8461 8462
1151 0 8536 0 3 8539
1152 3 0 8527 0 8530
1153 8356 0 2 0 8358
1154 8449 0 10 0 8459
1155 1 8599 0 0 8600
1156 65 0 8565 0 8630
1157 8430 0 56 0 8486
1158 0 1 0 8581 8582
1159 1 16 8591 0 8608
1160 0 3 0 8422 8425
1161 0 8526 0 1 8527
1162 0 73 0 8594 8667
1163 8707 0 1 0 8708
1164 8620 0 0 0 8620
1165 8578 0 0 0 8578
1166 8519 0 2 0 8521
1167 1 8605 0 0 8606
1168 3 0 1 8581 8585
1169 2 0 8726 0 8728
1170 4725 0 3728 0 8453
1171 8367 0 0 1 8368
1172 8373 0 0 0 8373
1173 0 0 8562 0 8562
1174 24 0 8452 0 8476
1175 8210 0 3 1 8214
1176 1 9 0 8335 8345
1177 1 0 8419 0 8420
1178 0 0 8374 1 8375
1179 0 0 8284 0 8284
1180 32 0 8254 0 8286
1181 8236 0 0 0 8236
1182 0 0 0 8188 8188
1183 0 0 8293 0 8293
1184 29 0 8217 1 8247
1185 266 0 7975 0 8241
1186 8080 0 1 0 8081
1187 0 8145 0 0 8145
1188 1 2 1 8165 8169
1189 3 1 8197 1 8202
1190 0 2 1 8080 8083
1191 8137 0 0 1 8138
1192 1 0 1 8256 8258
1193 1 0 8282 0 8283
1194 0 39 1 8101 8141
1195 0 8114 0 3 8117
1196 8206 0 0 0 8206
1197 8154 0 0 1 8155
1198 0 0 8215 23 8238
1199 0 0 0 7975 7975
1200 8106 1 0 0 8107
1201 0 1 0 8146 8147
1202 0 0 8234 0 8234
1203 45 0 8176 0 8221
1204 0 3 0 8018 8021
1205 8 1 8211 0 8220
1206 0 0 8164 0 8164
1207 8100 0 3 0 8103
1208 1 0 8062 0 8063
1209 8001 0 1 3 8005
1210 0 8072 0 1 8073
1211 0 7987 0 37 8024
1212 0 8064 0 1 8065
1213 7982 0 106 0 8088
1214 0 0 0 7901 7901
1215 0 0 7915 0 7915
1216 3 0 7901 0 7904
1217 0 0 7819 0 7819
1218 0 7896 0 0 7896
1219 0 1 0 7918 7919
1220 0 0 7948 0 7948
1221 7876 0 0 0 7876
1222 0 7874 0 69 7943
1223 7907 0 1 0 7908
1224 0 0 8002 0 8002
1225 1 0 0 7687 7688
1226 0 0 7874 0 7874
1227 7836 0 0 1 7837
1228 38 0 0 7769 7807
1229 0 0 7721 0 7721
1230 0 7591 0 0 7591
1231 0 7674 0 0 7674
1232 0 7846 0 0 7846
1233 0 1 0 7916 7917
1234 7824 1 1 1 7827
1235 0 0 7884 0 7884
1236 0 7781 0 14 7795
1237 0 1 1 7977 7979
1238 0 1 0 7933 7934
1239 0 0 0 7979 7979
1240 0 11 0 8043 8054
1241 7797 0 0 1 7798
1242 1 0 7847 22 7870
1243 9 1 0 7399 7409
1244 0 0 7739 0 7739
1245 1 0 7810 0 7811
1246 7535 0 0 1 7536
1247 0 0 7723 0 7723
1248 0 72 0 7489 7561
1249 7474 1 303 0 7778
1250 7689 0 117 1 7807
1251 0 1 0 7860 7861
1252 0 0 7881 0 7881
1253 33 0 8079 1 8113
1254 0 0 0 7730 7730
1255 1 4 0 7881 7886
1256 0 0 1 7935 7936
1257 0 7976 1 2 7979
1258 8131 0 1 0 8132
1259 8064 0 79 0 8143
1260 0 2 0 8105 8107
1261 104 0 8021 1 8126
1262 5942 0 2153 1 8096
1263 8163 0 0 1 8164
1264 8151 0 0 1 8152
1265 12 0 8061 0 8073
1266 7895 0 0 0 7895
1267 7686 1 0 1 7688
1268 0 7716 0 0 7716
1269 0 7799 0 0 7799
1270 0 1 0 7845 7846
1271 0 0 7887 17 7904
1272 0 0 7982 0 7982
1273 1 1 0 7803 7805
1274 0 0 0 7974 7974
1275 1 0 8040 0 8041
1276 1 0 7918 0 7919
1277 2 1 0 7720 7723
1278 7907 0 0 0 7907
1279 0 1 0 8023 8024
1280 2 1 0 7891 7894
1281 1 7746 0 1 7748
1282 0 7965 0 2 7967
1283 0 59 0 8048 8107
1284 0 19 1 8152 8172
1285 1 0 0 8195 8196
1286 1 0 8080 1 8082
1287 0 0 7861 1 7862
1288 0 7740 1 0 7741
1289 0 1 0 7789 7790
1290 0 0 0 7812 7812
1291 1 7883 0 1 7885
1292 1 0 8058 18 8077
1293 8045 1 4 1 8051
1294 8076 2 1 1 8080
1295 8171 0 1 1 8173
1296 0 34 0 8349 8383
1297 8376 0 1 1 8378
1298 8406 0 0 0 8406
1299 8353 0 0 0 8353
1300 8301 0 0 0 8301
1301 0 20 8253 0 8273
1302 8074 0 0 0 8074
1303 0 1 0 8089 8090
1304 7995 0 68 0 8063
1305 8031 0 0 0 8031
1306 0 0 7999 0 7999
1307 7948 0 0 2 7950
1308 7965 0 0 0 7965
1309 7873 0 0 0 7873
1310 0 0 0 7836 7836
1311 0 0 7966 0 7966
1312 0 7851 0 2 7853
1313 5 0 8061 1 8067
1314 7975 0 0 0 7975
1315 3 2 1 7962 7968
1316 2 0 8047 0 8049
1317 1 0 0 7948 7949
1318 0 7638 0 281 7919
1319 0 7960 0 2 7962
1320 0 7974 0 1 7975
1321 13 7931 1 0 7945
1322 1 2 0 7993 7996
1323 21 0 8034 0 8055
1324 1 0 0 7899 7900
1325 7891 0 1 1 7893
1326 0 1 0 7948 7949
1327 0 0 0 8057 8057
1328 1 0 8059 0 8060
1329 0 0 8042 0 8042
1330 2 0 7995 23 8020
1331 7775 0 0 1 7776
1332 0 1 0 7934 7935
1333 7966 0 0 0 7966
1334 0 0 7928 0 7928
1335 7703 0 8 1 7712
1336 0 0 7951 0 7951
1337 7978 0 1 1 7980
1338 1 0 0 8053 8054
1339 31 0 8012 1 8044
1340 0 0 7967 0 7967
1341 1 1 0 7836 7838
1342 7863 0 2 0 7865
1343 1 7896 0 1 7898
1344 7983 0 1 0 7984
1345 1 1 0 8042 8044
1346 1 0 8042 19 8062
1347 7936 1 1 0 7938
1348 0 0 0 7986 7986
1349 1 0 8046 0 8047
1350 0 0 8030 0 8030
1351 1 31 0 7531 7563
1352 2 0 7841 0 7843
1353 1 0 7863 0 7864
1354 7760 0 179 1 7940
1355 7889 0 0 0 7889
1356 7887 0 1 0 7888
1357 7799 0 60 1 7860
1358 0 0 7936 0 7936
1359 7783 1 1 1 7786
1360 0 0 7885 0 7885
1361 7760 0 0 0 7760
1362 31 7896 0 0 7927
1363 0 0 0 7964 7964
1364 3 1 0 7999 8003
1365 4 0 7989 0 7993
1366 3 0 7877 1 7881
1367 1 7851 1 2 7855
1368 7672 0 1 0 7673
1369 1 7566 0 1 7568
1370 0 0 0 7520 7520
1371 1 7601 0 2 7604
1372 7589 9 3 0 7601
1373 2 0 7613 0 7615
1374 1 7529 0 4 7534
1375 7601 0 0 0 7601
1376 1 0 7598 0 7599
1377 0 7453 0 1 7454
1378 7557 0 0 0 7557
1379 7532 0 2 1 7535
1380 0 7604 0 0 7604
1381 7577 0 0 0 7577
1382 0 0 7505 0 7505
1383 0 7362 0 0 7362
1384 0 7361 0 6 7367
1385 7479 0 2 0 7481
1386 0 0 0 7533 7533
1387 0 0 0 7559 7559
1388 1 0 0 7602 7603
1389 7467 0 2 1 7470
1390 0 7509 0 0 7509
1391 0 2 1 7535 7538
1392 2 0 7546 0 7548
1393 0 1 2 7398 7401
1394 0 1 1 7419 7421
1395 1 0 0 7505 7506
1396 7421 0 45 0 7466
1397 7399 0 0 0 7399
1398 1 0 0 7391 7392
1399 0 0 7383 0 7383
1400 0 0 7255 0 7255
1401 0 1 7214 1 7216
1402 0 7024 0 1 7025
1403 0 0 1 7210 7211
1404 1 7195 0 3 7199
1405 7299 0 0 0 7299
1406 1 0 7281 1 7283
1407 0 1 7151 0 7152
1408 7002 8 7 0 7017
1409 0 7013 0 2 7015
1410 7084 0 1 1 7086
1411 1 0 7033 0 7034
1412 23 6850 0 2 6875
1413 0 1 0 6983 6984
1414 1 0 7052 1 7054
1415 0 6859 0 0 6859
1416 0 0 0 7086 7086
1417 0 0 7140 0 7140
1418 0 1 0 7017 7018
1419 3 0 7104 0 7107
1420 3 1 6961 1 6966
1421 0 0 6998 0 6998
1422 6963 0 0 2 6965
1423 2 6871 0 0 6873
1424 6937 0 0 0 6937
1425 1 7003 0 1 7005
1426 0 3 1 6969 6973
1427 1 0 7039 0 7040
1428 1 1127 2 5794 6924
1429 0 6925 0 0 6925
1430 6831 0 0 1 6832
1431 0 6846 0 0 6846
1432 6820 0 2 1 6823
1433 1 0 6885 0 6886
1434 0 0 6783 1 6784
1435 0 6 0 6348 6354
1436 0 0 6669 0 6669
1437 0 1 0 6658 6659
1438 0 0 0 6747 6747
1439 148 0 6539 0 6687
1440 6598 0 0 1 6599
1441 0 6543 85 1 6629
1442 6559 0 0 0 6559
1443 0 0 1 6677 6678
1444 82 0 6564 0 6646
1445 1 0 6595 0 6596
1446 0 6407 0 1 6408
1447 0 0 0 6459 6459
1448 1 6526 0 0 6527
1449 1 0 0 6619 6620
1450 0 0 6613 0 6613
1451 0 0 0 6562 6562
1452 6464 0 1 0 6465
1453 6497 0 0 0 6497
1454 32 0 0 6519 6551
1455 0 0 6529 1 6530
1456 0 0 6530 0 6530
1457 6267 0 0 0 6267
1458 0 0 6336 0 6336
1459 0 0 6359 0 6359
1460 6284 0 1 0 6285
1461 1 0 6363 1 6365
1462 0 2 0 6107 6109
1463 28 0 6197 6 6231
1464 0 0 6245 0 6245
1465 0 0 0 6212 6212
1466 1 1 0 6284 6286
1467 6125 0 84 0 6209
1468 6093 0 1 0 6094
1469 0 0 6139 0 6139
1470 0 2 0 5688 5690
1471 0 5813 0 0 5813
1472 0 0 0 5838 5838
1473 0 0 5858 0 5858
1474 0 0 0 5781 5781
1475 0 140 0 5669 5809
1476 1 5679 0 0 5680
1477 0 1 0 5692 5693
1478 5657 0 1 0 5658
1479 5608 0 0 0 5608
1480 5264 0 0 1 5265
1481 0 5484 0 0 5484
1482 5 5384 0 1 5390
1483 0 5440 0 1 5441
1484 0 1 2 5420 5423
1485 0 2 0 5398 5400
1486 0 0 2 5418 5420
1487 0 0 5370 0 5370
1488 0 0 0 5302 5302
1489 0 0 2 5179 5181
1490 0 5217 0 0 5217
1491 1 5260 0 0 5261
1492 1 0 0 5183 5184
1493 0 0 5165 0 5165
1494 0 0 0 4869 4869
1495 0 0 0 4799 4799
1496 0 0 1 4743 4744
1497 0 2 0 4813 4815
1498 0 0 4685 1 4686
1499 0 0 0 4507 4507
1500 0 0 0 4526 4526
1501 0 2 0 4504 4506
1502 110 0 4347 0 4457
1503 4364 0 0 0 4364
1504 4222 0 2 0 4224
1505 2 4119 0 157 4278
1506 3810 0 0 0 3810
1507 3735 0 0 0 3735
1508 0 0 1 3670 3671
1509 0 0 0 3680 3680
1510 0 0 3537 0 3537
1511 0 1 0 3419 3420
1512 1 3417 0 0 3418
1513 0 3425 0 0 3425
1514 1 0 0 3074 3075
1515 0 0 0 3085 3085
1516 2959 0 0 0 2959
1517 1 3034 0 0 3035
1518 1 0 0 2914 2915
1519 2941 0 0 0 2941
1520 2914 0 0 0 2914
1521 2737 0 0 0 2737
1522 0 2829 0 0 2829
1523 0 0 0 2551 2551
1524 0 0 0 2521 2521
1525 2507 0 0 0 2507
1526 2437 0 0 0 2437
1527 0 285 0 2089 2374
1528 0 0 0 2038 2038
1529 0 0 1878 0 1878
1530 0 0 0 1854 1854
1531 0 0 0 1807 1807
1532 0 0 0 1800 1800
1533 0 778 0 0 778
1534 22 0 0 447 469
1535 0 0 403 0 403
1536 398 0 0 0 398
1537 366 0 0 0 366
1538 188 0 0 0 188
1539 130 0 0 0 130
1540 118 0 0 0 118
1541 0 10 0 38 48
1542 0 0 2 0 2
1543 0 2 0 0 2
1544 0 0 0 1 1
1545 0 1 0 0 1
1546 0 0 0 0 0
1547 0 0 0 0 0
1548 0 0 0 0 0
1549 0 0 0 0 0
1550 0 0 0 0 0
1551 0 0 0 0 0
1552 0 0 0 0 0
1553 0 0 0 0 0
1554 0 0 0 0 0
1555 0 0 0 0 0
1556 0 0 0 0 0
1557 0 0 0 0 0
