0 0 0 0 0 0
1 0 28 0 0 28
2 29 0 0 0 29
3 0 0 29 0 29
4 28 0 0 0 28
5 28 0 0 0 28
6 0 0 37 0 37
7 0 37 0 2 39
8 46 0 0 2 48
9 0 0 51 0 51
10 52 0 0 0 52
11 0 0 53 0 53
12 0 58 0 0 58
13 64 0 0 4 68
14 0 0 0 68 68
15 0 70 0 0 70
16 0 0 0 64 64
17 0 1 4 86 91
18 0 108 0 0 108
19 0 0 0 150 150
20 0 128 0 70 198
21 199 0 0 0 199
22 199 0 0 0 199
23 195 0 0 0 195
24 200 0 0 0 200
25 3 211 0 0 214
26 0 0 0 223 223
27 0 0 227 0 227
28 223 0 0 1 224
29 240 0 0 0 240
30 5 0 245 0 250
31 0 254 0 0 254
32 295 0 1 0 296
33 289 0 0 0 289
34 293 0 0 0 293
35 0 0 0 294 294
36 288 0 0 0 288
37 0 0 311 0 311
38 0 0 312 0 312
39 0 331 0 0 331
40 0 359 0 0 359
41 7 164 0 0 171
42 523 0 2 0 525
43 553 0 0 0 553
44 552 0 3 0 555
45 565 0 3 0 568
46 558 0 0 1 559
47 0 0 1 611 612
48 1 0 691 4 696
49 703 0 0 0 703
50 719 0 0 0 719
51 0 728 0 0 728
52 725 0 0 0 725
53 709 0 0 0 709
54 0 0 0 749 749
55 1 0 753 0 754
56 0 775 0 0 775
57 0 80 0 710 790
58 791 0 4 0 795
59 0 814 0 0 814
60 0 828 0 0 828
61 0 85 0 735 820
62 0 0 0 863 863
63 0 891 0 1 892
64 895 0 0 0 895
65 915 0 0 0 915
66 0 940 0 0 940
67 0 8 0 925 933
68 946 0 2 0 948
69 0 3 0 950 953
70 948 0 0 0 948
71 0 986 0 0 986
72 1017 0 0 0 1017
73 1014 0 0 0 1014
74 1004 0 0 0 1004
75 1 1130 0 7 1138
76 10 0 1246 0 1256
77 0 3 0 1251 1254
78 0 3 0 1295 1298
79 1305 0 6 0 1311
80 1289 0 0 5 1294
81 0 1331 0 2 1333
82 0 1400 0 0 1400
83 0 1511 0 0 1511
84 0 0 0 1522 1522
85 1531 0 2 0 1533
86 0 0 0 1558 1558
87 0 13 0 1573 1586
88 0 0 0 1735 1735
89 0 1950 0 0 1950
90 0 1 0 1943 1944
91 1 1960 0 1 1962
92 1947 0 8 0 1955
93 11 2005 0 0 2016
94 2062 0 0 0 2062
95 0 0 0 2091 2091
96 5 2106 0 6 2117
97 2100 28 7 28 2163
98 0 0 2175 0 2175
99 0 0 2248 0 2248
100 1 3 2230 0 2234
101 0 0 2258 0 2258
102 2 0 2285 0 2287
103 2318 0 1 0 2319
104 0 0 2381 0 2381
105 0 0 1 2350 2351
106 2473 0 0 1 2474
107 0 10 0 2491 2501
108 0 0 0 2553 2553
109 2563 0 0 0 2563
110 0 18 1 2714 2733
111 0 7 0 2958 2965
112 3013 0 4 0 3017
113 0 0 0 3009 3009
114 0 3020 0 1 3021
115 3005 0 0 0 3005
116 0 3126 0 0 3126
117 0 3 0 3227 3230
118 3246 0 0 0 3246
119 1 2 0 3297 3300
120 3325 0 1 0 3326
121 0 0 0 3339 3339
122 70 0 3249 0 3319
123 1 1 0 3491 3493
124 11 5 3869 0 3885
125 0 3 0 3947 3950
126 5 4114 0 6 4125
127 4189 0 6 0 4195
128 0 0 4226 7 4233
129 0 4579 0 11 4590
130 0 7 1 4616 4624
131 0 0 0 4736 4736
132 0 4840 0 6 4846
133 4831 0 6 0 4837
134 0 1 0 4874 4875
135 0 3 0 4925 4928
136 4932 0 0 0 4932
137 0 0 0 4972 4972
138 0 5025 0 0 5025
139 4987 0 0 0 4987
140 1 0 0 5010 5011
141 4954 0 0 1 4955
142 0 5049 0 6 5055
143 0 4 0 5054 5058
144 0 3 0 5090 5093
145 5054 0 4 0 5058
146 0 5153 0 0 5153
147 0 7 0 5149 5156
148 5147 1 5 0 5153
149 0 165 0 4968 5133
150 5144 2 0 32 5178
151 1 7 0 5154 5162
152 0 11 0 5445 5456
153 0 5833 0 23 5856
154 10 0 5901 1 5912
155 29 0 5879 0 5908
156 5436 0 495 0 5931
157 0 0 2 5984 5986
158 6038 0 14 0 6052
159 0 14 0 6176 6190
160 6139 0 11 0 6150
161 0 0 0 6155 6155
162 0 1 0 6200 6201
163 2 0 6126 0 6128
164 0 6454 0 0 6454
165 0 12 0 6582 6594
166 6734 0 6 0 6740
167 6686 0 1 1 6688
168 6696 0 0 0 6696
169 6763 0 0 0 6763
170 0 15 0 6789 6804
171 0 153 0 6751 6904
172 0 6962 3 0 6965
173 2 10 0 6981 6993
174 0 6960 0 7 6967
175 6884 0 24 0 6908
176 28 6966 0 0 6994
177 1 10 0 7001 7012
178 7052 0 0 0 7052
179 7025 0 1 0 7026
180 2 7113 0 0 7115
181 7116 0 0 0 7116
182 35 0 7057 0 7092
183 7061 0 0 0 7061
184 7206 1 3 0 7210
185 7178 0 0 0 7178
186 0 17 1 7209 7227
187 7238 0 0 0 7238
188 7133 0 10 0 7143
189 6 7203 0 29 7238
190 0 7 0 7172 7179
191 6 0 7023 0 7029
192 2 7143 0 2 7147
193 7039 0 12 0 7051
194 0 7227 0 10 7237
195 46 7304 0 0 7350
196 7317 0 51 0 7368
197 7274 0 7 0 7281
198 4 7391 0 0 7395
199 7385 0 0 0 7385
200 7362 3 2 3 7370
201 1 18 4 7349 7372
202 5 0 7350 6 7361
203 12 7393 9 3 7417
204 0 7467 1 9 7477
205 7676 0 17 11 7704
206 0 86 1 7699 7786
207 1 0 2 7908 7911
208 14 0 7908 0 7922
209 0 0 7871 14 7885
210 7951 0 6 0 7957
211 0 4 1 7997 8002
212 1 1 1 8141 8144
213 27 0 8103 0 8130
214 0 0 1 8108 8109
215 6 2 8145 0 8153
216 4 8274 0 8 8286
217 8429 0 0 2 8431
218 8594 0 0 1 8595
219 8479 25 7 1 8512
220 1 8651 0 0 8652
221 27 0 8520 0 8547
222 0 8647 0 23 8670
223 8815 1 5 0 8821
224 0 4 1 8950 8955
225 1 9132 0 2 9135
226 9265 0 4 0 9269
227 9248 0 6 1 9255
228 9219 1 12 0 9232
229 0 0 1 9211 9212
230 11 0 9191 19 9221
231 0 1 12 9007 9020
232 1 12 0 9222 9235
233 0 9324 0 15 9339
234 9378 0 4 0 9382
235 38 0 9271 5 9314
236 0 1 9147 1 9149
237 0 9353 0 0 9353
238 0 1 2 9408 9411
239 52 0 9413 4 9469
240 2 0 0 9377 9379
241 2 0 9387 34 9423
242 9450 0 1 0 9451
243 9316 0 11 0 9327
244 4 9540 0 5 9549
245 2 9647 1 2 9652
246 0 36 2 9538 9576
247 0 0 1 9687 9688
248 6 0 0 9761 9767
249 0 9832 0 12 9844
250 1 1 0 9799 9801
251 20 0 9796 0 9816
252 1 9842 0 10 9853
253 9767 0 56 0 9823
254 9812 0 8 0 9820
255 2 9883 0 50 9935
256 9913 0 9 0 9922
257 9819 0 0 0 9819
258 9772 0 0 0 9772
259 9782 1 8 1 9792
260 5 0 9748 19 9772
261 0 0 9702 0 9702
262 0 0 9696 1 9697
263 0 0 9799 4 9803
264 0 0 40 9249 9289
265 1096 0 8445 1 9542
266 9737 0 25 0 9762
267 18 9917 0 0 9935
268 9814 0 1 1 9816
269 0 9916 0 120 10036
270 0 2 0 9960 9962
271 2 0 1 9981 9984
272 0 9996 0 52 10048
273 0 26 0 9966 9992
274 0 1 1 9978 9980
275 1 9979 0 42 10022
276 0 0 0 9891 9891
277 1 10072 2 6 10081
278 0 10057 0 0 10057
279 13 10137 0 3 10153
280 10092 5 16 0 10113
281 17 0 9966 0 9983
282 9926 0 0 0 9926
283 9764 0 9 0 9773
284 0 10002 0 104 10106
285 2 10067 6 0 10075
286 5 0 10028 11 10044
287 68 0 9826 0 9894
288 9786 0 2 0 9788
289 42 1 9854 0 9897
290 1 9 0 9731 9741
291 3 0 9857 0 9860
292 2 0 9822 0 9824
293 9995 0 3 3 10001
294 0 10108 0 0 10108
295 10021 1 1 2 10025
296 1 14 0 9819 9834
297 9546 1 9 2 9558
298 1 9998 0 0 9999
299 1 9828 0 4 9833
300 3 9958 0 2 9963
301 1 3 9168 671 9843
302 1 9632 5 16 9654
303 2 0 9786 2 9790
304 0 14 0 9256 9270
305 0 2 0 9511 9513
306 0 0 0 9672 9672
307 9693 0 0 2 9695
308 0 0 0 9744 9744
309 1 9881 0 5 9887
310 0 15 0 9730 9745
311 1 18 0 9754 9773
312 0 1 9403 0 9404
313 2 9583 2 10 9597
314 48 9898 0 16 9962
315 218 9959 10 11 10198
316 2 0 10044 0 10046
317 2 0 9871 0 9873
318 7 0 9900 0 9907
319 61 9890 0 24 9975
320 0 11 0 9881 9892
321 0 10033 0 7 10040
322 10252 1 23 0 10276
323 10079 1 0 1 10081
324 16 10108 0 1 10125
325 14 10283 0 0 10297
326 0 17 0 10171 10188
327 0 4 1 10122 10127
328 0 56 0 10064 10120
329 1 10298 1 1 10301
330 10248 1 1 0 10250
331 11 0 10107 0 10118
332 10039 0 1 1 10041
333 9883 0 0 1 9884
334 9831 1 7 0 9839
335 13 0 9640 0 9653
336 12 9527 0 0 9539
337 9506 0 0 1 9507
338 29 9450 4 1 9484
339 8 0 0 9288 9296
340 0 9414 0 1 9415
341 0 9468 0 7 9475
342 1 0 1 9478 9480
343 9429 1 12 7 9449
344 9420 2 0 0 9422
345 0 2 0 9383 9385
346 1 10 0 9377 9388
347 9415 2 1 3 9421
348 0 0 9184 0 9184
349 1 9114 0 10 9125
350 0 9158 0 38 9196
351 4 9282 0 3 9289
352 14 6 0 9207 9227
353 1 9334 0 0 9335
354 9362 0 1 1 9364
355 1 6 1 9283 9291
356 9298 0 1 0 9299
357 2 0 9285 0 9287
358 9130 0 1 2 9133
359 0 17 1 9248 9266
360 0 3 0 9271 9274
361 0 9290 0 14 9304
362 6 0 9216 0 9222
363 0 0 9429 0 9429
364 9392 0 21 2 9415
365 6 0 9335 0 9341
366 9434 0 1 0 9435
367 9416 0 14 0 9430
368 9346 0 24 0 9370
369 4 9436 0 48 9488
370 4 9421 0 6 9431
371 9496 1 4 0 9501
372 9406 0 1 7 9414
373 9423 0 10 0 9433
374 9 0 9445 0 9454
375 0 0 9362 0 9362
376 9495 0 0 0 9495
377 9505 0 2 0 9507
378 9457 0 0 1 9458
379 16 9416 11 105 9548
380 0 5 0 9329 9334
381 0 9423 1 0 9424
382 9461 0 3 0 9464
383 1 0 9208 0 9209
384 0 9344 0 7 9351
385 0 1 2 9196 9199
386 1 9164 0 1 9166
387 1 9206 0 2 9209
388 2 9288 0 25 9315
389 0 6 2 9263 9271
390 0 1 0 9300 9301
391 42 0 9152 1 9195
392 9019 0 1 4 9024
393 0 1 0 9158 9159
394 9202 0 1 0 9203
395 9068 2 10 2 9082
396 1 4 0 9167 9172
397 9136 11 1 1 9149
398 9075 0 0 0 9075
399 1 0 9037 0 9038
400 5 0 8944 1 8950
401 0 1 8836 1 8838
402 8847 0 5 0 8852
403 8851 0 2 1 8854
404 99 8775 0 0 8874
405 0 8835 0 1 8836
406 0 2 6 8874 8882
407 0 10 0 8872 8882
408 0 2 0 8965 8967
409 0 1 0 9036 9037
410 13 0 8789 1 8803
411 1 1 0 8646 8648
412 0 10 9 8744 8763
413 2 1 8622 1 8626
414 0 8559 0 10 8569
415 1 2 0 8704 8707
416 0 9 0 8784 8793
417 2 0 8699 1 8702
418 0 10 0 8498 8508
419 1 0 8555 4 8560
420 1 0 8501 0 8502
421 8537 0 52 0 8589
422 1 8650 0 0 8651
423 0 8726 0 0 8726
424 8920 0 2 0 8922
425 8872 0 3 0 8875
426 8763 2 1 0 8766
427 0 3 0 8903 8906
428 7 2 8955 0 8964
429 8978 0 0 2 8980
430 8917 0 1 1 8919
431 7 0 0 8898 8905
432 0 0 8899 1 8900
433 10 9086 0 5 9101
434 9587 0 2 2 9591
435 9603 0 1 1 9605
436 9417 1 2 0 9420
437 7 9395 0 0 9402
438 9137 0 1 1 9139
439 0 9976 0 0 9976
440 0 2 0 10060 10062
441 1 0 0 10133 10134
442 2 1 0 10231 10234
443 0 0 10191 2 10193
444 0 10205 0 1 10206
445 0 1 7 10142 10150
446 0 1 0 10156 10157
447 0 9 0 10156 10165
448 10135 0 13 0 10148
449 9908 0 0 0 9908
450 1 9911 0 1 9913
451 5 9704 0 4 9713
452 0 9775 0 2 9777
453 9749 0 1 0 9750
454 1 0 1 9647 9649
455 0 0 0 9732 9732
456 9715 0 0 0 9715
457 0 1 0 9690 9691
458 1 0 9455 2 9458
459 1 9532 0 16 9549
460 9614 5 1 0 9620
461 3 0 9565 12 9580
462 2 9376 10 1 9389
463 0 9398 0 4 9402
464 1 9471 0 1 9473
465 9488 0 3 0 9491
466 9366 0 1 0 9367
467 1 9411 0 1 9413
468 3 9467 0 1 9471
469 9372 0 21 0 9393
470 1 12 9460 0 9473
471 1 3 9379 0 9383
472 0 0 9272 0 9272
473 2 0 9290 0 9292
474 0 0 9315 0 9315
475 9188 0 7 0 9195
476 0 6 0 9384 9390
477 9354 0 9 0 9363
478 0 9556 0 0 9556
479 0 4 0 9571 9575
480 9583 0 0 3 9586
481 7 9594 0 25 9626
482 9692 1 0 0 9693
483 9674 0 19 3 9696
484 0 0 1 9638 9639
485 1 0 9707 0 9708
486 193 0 9359 1 9553
487 9632 0 13 1 9646
488 9633 0 4 0 9637
489 32 9644 0 0 9676
490 9609 0 84 2 9695
491 9665 0 11 0 9676
492 2 0 9747 0 9749
493 9703 5 0 6 9714
494 25 0 9729 0 9754
495 18 0 9538 0 9556
496 9668 0 2 2 9672
497 0 0 9649 3 9652
498 9775 0 18 0 9793
499 3 9941 0 0 9944
500 10073 0 11 0 10084
501 2 0 10028 1 10031
502 10096 0 2 0 10098
503 10136 1 1 0 10138
504 10049 2 2 1 10054
505 0 10122 0 10 10132
506 10132 0 0 0 10132
507 10073 1 0 0 10074
508 0 0 9952 0 9952
509 4 10050 0 3 10057
510 0 4 2 10052 10058
511 7 0 10089 3 10099
512 9977 0 95 0 10072
513 6 0 10159 0 10165
514 0 0 10155 0 10155
515 1 10253 0 0 10254
516 10404 0 2 1 10407
517 0 8 0 10492 10500
518 7 10601 0 3 10611
519 2 1 1 10631 10635
520 10693 0 1 0 10694
521 10755 0 1 0 10756
522 0 2 0 11168 11170
523 0 6 0 11171 11177
524 0 1 0 11119 11120
525 1 11212 0 2 11215
526 11245 0 4 0 11249
527 0 0 11610 0 11610
528 1 1 0 11358 11360
529 0 11469 2 3 11474
530 11659 1 4 0 11664
531 11610 1 0 0 11611
532 11464 1 5 7 11477
533 19 5 0 11492 11516
534 1 1 1 11467 11470
535 2 1 11388 1 11392
536 1 0 11278 1 11280
537 20 4 11320 1 11345
538 60 11406 5 7 11478
539 11687 0 6 2 11695
540 11608 2 19 0 11629
541 11597 1 8 0 11606
542 11525 1 1 5 11532
543 0 27 0 11424 11451
544 1 11389 0 10 11400
545 2 11363 0 3 11368
546 0 11422 0 1 11423
547 11483 0 2 0 11485
548 11364 1 2 0 11367
549 2 11506 0 0 11508
550 11481 0 0 0 11481
551 1 0 11434 2 11437
552 0 1 0 10909 10910
553 11353 0 1 2 11356
554 1 0 11326 0 11327
555 11387 0 3 0 11390
556 9 1 11177 0 11187
557 11309 0 1 0 11310
558 11350 0 0 0 11350
559 0 11333 0 5 11338
560 1 5 0 11167 11173
561 1 11386 0 2 11389
562 0 11407 1 9 11417
563 11480 0 1 1 11482
564 1 1 1 11321 11324
565 0 55 2 11272 11329
566 0 9 1 11274 11284
567 0 2 0 11216 11218
568 1 11247 0 2 11250
569 1 11297 0 1 11299
570 11097 0 1 0 11098
571 1 11257 0 7 11265
572 11312 0 0 0 11312
573 0 6 0 11249 11255
574 4 0 11279 4 11287
575 14 1 11144 0 11159
576 1 11205 0 8 11214
577 11235 0 1 0 11236
578 1 0 11252 3 11256
579 3 11207 0 6 11216
580 11280 0 1 0 11281
581 0 1 0 11221 11222
582 0 0 11215 0 11215
583 2 0 10869 1 10872
584 10975 13 1 11 11000
585 0 0 11098 1 11099
586 0 11147 0 4 11151
587 1 1 11138 3 11143
588 0 0 11058 0 11058
589 10 0 10981 33 11024
590 0 1 2 10852 10855
591 2 10957 0 1 10960
592 1 11202 0 14 11217
593 5 0 11144 0 11149
594 3 11146 0 2 11151
595 32 0 11235 1 11268
596 0 1 0 10832 10833
597 5 0 10963 1 10969
598 0 10972 2 19 10993
599 129 11106 0 0 11235
600 11322 0 0 0 11322
601 0 2 0 11356 11358
602 3 0 11339 0 11342
603 11142 0 11 0 11153
604 0 35 0 11295 11330
605 1 0 11264 0 11265
606 0 0 11234 2 11236
607 0 30 0 10941 10971
608 11242 0 1 0 11243
609 11266 0 2 0 11268
610 10 1 11244 0 11255
611 4 1 11217 1 11223
612 11142 0 1 0 11143
613 11113 5 0 0 11118
614 1 4 0 11144 11149
615 2 0 11149 0 11151
616 1 2 11074 1 11078
617 11024 0 3 1 11028
618 0 11009 0 1 11010
619 11089 0 0 0 11089
620 0 15 2 11018 11035
621 11020 6 0 0 11026
622 0 12 6 10991 11009
623 11062 17 37 21 11137
624 0 8 0 10751 10759
625 4 11173 1 1 11179
626 3 0 11213 5 11221
627 0 0 11111 4 11115
628 10807 1 32 1 10841
629 35 0 11038 0 11073
630 0 3 2 10613 10618
631 0 4 1 10877 10882
632 5 0 10893 0 10898
633 10755 0 11 0 10766
634 1 0 1 10778 10780
635 0 0 10729 0 10729
636 1 0 10601 0 10602
637 7 10445 0 5 10457
638 0 10431 0 2 10433
639 0 10700 0 1 10701
640 0 191 0 10618 10809
641 10 2 10732 0 10744
642 10706 0 2 0 10708
643 1 10967 0 0 10968
644 11115 0 5 0 11120
645 10760 0 0 2 10762
646 1 11 0 11097 11109
647 11270 0 8 1 11279
648 11183 0 15 0 11198
649 0 1 0 11207 11208
650 2 0 11220 0 11222
651 1 11252 0 4 11257
652 11254 0 1 1 11256
653 0 2 0 11173 11175
654 0 1 0 11279 11280
655 43 0 11102 0 11145
656 1 11367 9 2 11379
657 2 7 0 11375 11384
658 0 11425 1 0 11426
659 11514 6 1 0 11521
660 11465 0 2 0 11467
661 11392 0 1 0 11393
662 37 0 11490 0 11527
663 0 0 0 10972 10972
664 11369 0 9 0 11378
665 11440 0 0 0 11440
666 11469 0 1 0 11470
667 11372 0 2 0 11374
668 0 1 0 11267 11268
669 11252 0 1 1 11254
670 0 7 0 11192 11199
671 1 0 11224 0 11225
672 17 0 11133 0 11150
673 10798 1 0 0 10799
674 0 0 10948 0 10948
675 10977 0 2 0 10979
676 10907 0 0 1 10908
677 4 0 10828 1 10833
678 0 10336 0 3 10339
679 10454 0 4 0 10458
680 1 0 0 10241 10242
681 10186 0 1 1 10188
682 1 11 1 10013 10026
683 9944 0 15 0 9959
684 0 10116 0 3 10119
685 0 2 1 10102 10105
686 12 0 10066 0 10078
687 9969 8 5 0 9982
688 0 9983 1 2 9986
689 9811 0 2 0 9813
690 0 9798 0 3 9801
691 9781 0 1 0 9782
692 1 4 0 9636 9641
693 9445 0 6 1 9452
694 13 9663 0 0 9676
695 4 9600 0 35 9639
696 9587 0 10 2 9599
697 1 1 0 9434 9436
698 0 1 1 9498 9500
699 1 9493 0 2 9496
700 1 9591 0 4 9596
701 1 0 8 9532 9541
702 9562 0 4 1 9567
703 0 0 1 9471 9472
704 3 0 9484 0 9487
705 1 9512 0 3 9516
706 9515 0 69 0 9584
707 9514 0 0 1 9515
708 9491 27 7 0 9525
709 0 9581 0 1 9582
710 9685 0 4 0 9689
711 9582 0 0 0 9582
712 0 9538 0 7 9545
713 9530 0 2 0 9532
714 0 138 2 9188 9328
715 6 9414 0 2 9422
716 6 9472 0 12 9490
717 0 13 0 9526 9539
718 9638 0 0 0 9638
719 9616 1 0 0 9617
720 0 0 9464 0 9464
721 9518 0 1 0 9519
722 9448 0 0 1 9449
723 0 9438 1 0 9439
724 9427 0 5 0 9432
725 3 9496 3 1 9503
726 9571 0 0 0 9571
727 9501 1 17 0 9519
728 1 0 9361 0 9362
729 9426 0 0 0 9426
730 9466 0 0 0 9466
731 9407 0 0 1 9408
732 0 0 9222 0 9222
733 1 0 0 8647 8648
734 3 0 8994 0 8997
735 2 8891 0 19 8912
736 3 9088 0 5 9096
737 1 3 1 9037 9042
738 2 0 9059 0 9061
739 3 9023 0 3 9029
740 9067 0 1 0 9068
741 9017 0 5 1 9023
742 0 0 1 8983 8984
743 0 2 0 8985 8987
744 2 0 8846 0 8848
745 0 8767 0 0 8767
746 8783 0 1 0 8784
747 1 0 0 8652 8653
748 501 8161 1 126 8789
749 14 0 8756 1 8771
750 11 0 8649 0 8660
751 55 0 8540 0 8595
752 0 0 8978 0 8978
753 1 0 9005 1 9007
754 8964 0 11 0 8975
755 9090 0 1 0 9091
756 9120 0 1 0 9121
757 0 5 0 9062 9067
758 1 1 0 9188 9190
759 0 0 9163 0 9163
760 2 0 0 9001 9003
761 0 9 0 9101 9110
762 9110 0 0 1 9111
763 0 8 1 8971 8980
764 1 9016 0 2 9019
765 0 10 0 9055 9065
766 8962 98 0 0 9060
767 8936 0 0 1 8937
768 3 3 0 8953 8959
769 2 0 8871 0 8873
770 8562 0 364 1 8927
771 0 2 0 8882 8884
772 8937 0 2 0 8939
773 8803 0 1 1 8805
774 0 8738 0 1 8739
775 0 1 0 8822 8823
776 3 0 8762 0 8765
777 8602 0 1 2 8605
778 1 3 1 8683 8688
779 59 0 8635 0 8694
780 5 0 8550 1 8556
781 0 8607 0 2 8609
782 2 4 1 8556 8563
783 2 8737 0 2 8741
784 8801 0 3 0 8804
785 0 1 8718 0 8719
786 2 8623 0 0 8625
787 0 118 0 8538 8656
788 0 0 1 8520 8521
789 15 8599 3 0 8617
790 8662 0 4 0 8666
791 1 0 8610 0 8611
792 10 0 8513 0 8523
793 1 3 0 7913 7917
794 4 0 8408 0 8412
795 0 0 1 8365 8366
796 0 1 0 8516 8517
797 8584 0 7 0 8591
798 1 0 8625 0 8626
799 0 3 0 8281 8284
800 61 0 8397 0 8458
801 8514 0 0 0 8514
802 8375 0 122 1 8498
803 1 1 0 8522 8524
804 12 0 8461 2 8475
805 0 8511 0 2 8513
806 8543 0 7 0 8550
807 0 0 8603 1 8604
808 8510 0 16 1 8527
809 0 1 0 8478 8479
810 0 0 0 8489 8489
811 0 18 0 8490 8508
812 48 8479 0 0 8527
813 0 0 0 8612 8612
814 0 0 0 8603 8603
815 8599 0 0 0 8599
816 8457 0 0 0 8457
817 0 0 8487 0 8487
818 8336 2 1 3 8342
819 0 1 1 8191 8193
820 0 1 0 8239 8240
821 0 8327 0 0 8327
822 13 0 8219 0 8232
823 7991 0 3 5 7999
824 4 0 8092 0 8096
825 7810 1 1 0 7812
826 43 0 7824 0 7867
827 2 0 7795 0 7797
828 1 2 7753 0 7756
829 0 7726 0 11 7737
830 0 7649 0 4 7653
831 14 0 7693 1 7708
832 7418 0 1 0 7419
833 7423 0 2 0 7425
834 0 0 0 7458 7458
835 7411 0 1 0 7412
836 7390 0 0 0 7390
837 0 8 0 7330 7338
838 7344 0 0 1 7345
839 7282 0 7 0 7289
840 7247 0 0 0 7247
841 7285 0 2 0 7287
842 1 0 7235 0 7236
843 7256 0 1 0 7257
844 7274 0 3 1 7278
845 7264 0 0 1 7265
846 1 0 0 7171 7172
847 7230 1 0 0 7231
848 2 0 25 7112 7139
849 2 1 0 7148 7151
850 0 28 0 7050 7078
851 0 7063 0 1 7064
852 0 7020 0 0 7020
853 7073 0 0 0 7073
854 6955 0 0 0 6955
855 0 7015 0 0 7015
856 6996 0 0 0 6996
857 0 0 7000 0 7000
858 0 0 6840 1 6841
859 6894 1 1 0 6896
860 6974 0 3 0 6977
861 0 0 6873 0 6873
862 6859 0 1 1 6861
863 14 0 6862 0 6876
864 1 8 0 6568 6577
865 6822 0 1 0 6823
866 6802 0 1 0 6803
867 6726 0 0 0 6726
868 6700 0 3 0 6703
869 16 6587 0 4 6607
870 6413 0 1 0 6414
871 0 6410 0 1 6411
872 6323 1 0 0 6324
873 0 6442 0 0 6442
874 8 1 1 6404 6414
875 2 1 6416 1 6420
876 6306 0 0 0 6306
877 1 0 6408 1 6410
878 1 0 6338 0 6339
879 6329 0 0 0 6329
880 6336 1 1 0 6338
881 0 3 16 6225 6244
882 1 0 6305 0 6306
883 3 6191 0 26 6220
884 6252 0 1 2 6255
885 0 6210 0 2 6212
886 6208 1 0 1 6210
887 0 6 18 6256 6280
888 2 0 6268 0 6270
889 0 6253 0 10 6263
890 0 0 6245 3 6248
891 0 0 6251 0 6251
892 6115 0 23 0 6138
893 0 0 0 6147 6147
894 0 0 0 6233 6233
895 0 1 0 6266 6267
896 0 0 6176 0 6176
897 1 6069 0 16 6086
898 1 6202 0 2 6205
899 6149 0 2 0 6151
900 27 2 6069 0 6098
901 0 6060 0 4 6064
902 6197 1 1 2 6201
903 6154 0 0 0 6154
904 1 1 0 6172 6174
905 6182 0 0 0 6182
906 6171 0 1 0 6172
907 6136 0 2 0 6138
908 6048 0 0 2 6050
909 2 6111 0 1 6114
910 5 6036 0 3 6044
911 6183 0 2 0 6185
912 0 1 0 6127 6128
913 5898 0 0 381 6279
914 0 0 6164 0 6164
915 6222 0 0 0 6222
916 6201 0 18 0 6219
917 2 1 0 6170 6173
918 11 0 6189 0 6200
919 1 5 0 6026 6032
920 69 0 6093 0 6162
921 0 6107 0 2 6109
922 0 6203 0 6 6209
923 0 1 0 6273 6274
924 0 0 6294 0 6294
925 0 0 0 6211 6211
926 6314 0 8 0 6322
927 0 0 6220 1 6221
928 6257 0 0 0 6257
929 4 0 6216 1 6221
930 6216 1 1 0 6218
931 0 6301 0 9 6310
932 6338 0 1 0 6339
933 6331 0 0 0 6331
934 0 6367 0 2 6369
935 6392 0 8 0 6400
936 1 0 6397 1 6399
937 29 0 6340 1 6370
938 0 0 0 6171 6171
939 6419 0 0 0 6419
940 1 6352 0 29 6382
941 6413 2 0 0 6415
942 0 6394 0 0 6394
943 6414 0 5 0 6419
944 2 0 6325 0 6327
945 1 6369 0 0 6370
946 6503 0 0 0 6503
947 6533 0 0 0 6533
948 6527 0 0 0 6527
949 6577 0 1 0 6578
950 6508 6 7 0 6521
951 0 0 6381 0 6381
952 6016 0 129 0 6145
953 0 6358 3 0 6361
954 0 6445 0 0 6445
955 0 27 0 6337 6364
956 0 0 0 6438 6438
957 1 0 1 6436 6438
958 0 11 0 6570 6581
959 4 0 6610 1 6615
960 0 0 0 6394 6394
961 0 6375 0 79 6454
962 6512 1 0 0 6513
963 6444 0 0 8 6452
964 6463 0 0 0 6463
965 0 0 0 6441 6441
966 1 0 0 6555 6556
967 6562 0 0 0 6562
968 6506 1 1 0 6508
969 6492 0 1 0 6493
970 0 6486 0 53 6539
971 5 0 6486 0 6491
972 0 1 0 6098 6099
973 59 0 6362 3 6424
974 0 0 6441 1 6442
975 3503 0 2902 0 6405
976 47 0 6422 0 6469
977 6412 0 11 2 6425
978 5 6586 0 1 6592
979 0 1 1 6638 6640
980 0 0 6704 1 6705
981 6676 0 0 0 6676
982 0 0 0 6681 6681
983 6735 1 0 0 6736
984 6 6729 0 33 6768
985 6772 3 0 0 6775
986 1 0 7111 0 7112
987 0 7618 0 6 7624
988 7695 0 26 1 7722
989 0 0 7773 2 7775
990 7836 0 3 0 7839
991 7895 0 0 2 7897
992 8433 0 7 0 8440
993 2 1 1 8600 8604
994 8677 0 2 1 8680
995 8598 1 0 0 8599
996 180 0 8555 1 8736
997 8498 0 1 0 8499
998 0 5 1 8611 8617
999 1 0 0 8785 8786
1000 22 0 8646 0 8668
1001 8548 0 0 0 8548
1002 0 0 0 8638 8638
1003 2 0 8650 0 8652
1004 1 3 0 8474 8478
1005 5 4 8632 0 8641
1006 0 8644 1 3 8648
1007 8756 0 1 1 8758
1008 1 8742 0 2 8745
1009 8741 1 81 1 8824
1010 30 0 8779 0 8809
1011 8663 0 10 0 8673
1012 0 2 0 8768 8770
1013 8593 0 0 2 8595
1014 0 9063 0 0 9063
1015 1 3 0 9045 9049
1016 0 0 0 9239 9239
1017 9301 0 0 1 9302
1018 1 6 0 9325 9332
1019 1 6 0 9382 9389
1020 0 2 1 9503 9506
1021 4 0 9478 2 9484
1022 2 0 9360 1 9363
1023 9285 0 4 0 9289
1024 1 9281 0 24 9306
1025 9041 0 4 2 9047
1026 2 9463 0 8 9473
1027 0 9392 0 6 9398
1028 2 9435 0 1 9438
1029 4 9485 0 2 9491
1030 0 9546 0 1 9547
1031 9634 0 0 0 9634
1032 0 0 9590 0 9590
1033 9420 0 11 0 9431
1034 0 9421 0 1 9422
1035 0 9511 0 1 9512
1036 9715 0 1 1 9717
1037 9584 0 0 0 9584
1038 9546 0 0 0 9546
1039 2 1 0 9595 9598
1040 1 0 9614 2 9617
1041 9514 0 1 6 9521
1042 0 1 1 9676 9678
1043 16 0 9693 0 9709
1044 3 0 9647 0 9650
1045 9488 0 0 1 9489
1046 9576 0 7 0 9583
1047 2 0 9628 1 9631
1048 2 9667 0 4 9673
1049 9813 0 2 0 9815
1050 0 0 0 9834 9834
1051 9858 0 2 0 9860
1052 9807 1 1 1 9810
1053 3 9784 0 9 9796
1054 9783 0 9 1 9793
1055 2 0 9721 0 9723
1056 0 0 9650 0 9650
1057 0 9492 0 5 9497
1058 1 9529 0 7 9537
1059 4 9794 2 2 9802
1060 0 3 4 9923 9930
1061 0 0 1 10120 10121
1062 1 0 10132 0 10133
1063 0 2 0 9993 9995
1064 3 0 10186 0 10189
1065 10072 0 1 1 10074
1066 10134 0 1 10 10145
1067 0 0 0 10173 10173
1068 0 10289 0 1 10290
1069 1 2 1 10359 10363
1070 15 2 10296 0 10313
1071 10081 4 9 0 10094
1072 0 4 0 10331 10335
1073 1 1 10382 1 10385
1074 5 0 10333 2 10340
1075 1 0 10356 0 10357
1076 14 0 10406 4 10424
1077 10317 0 14 1 10332
1078 13 10427 1 2 10443
1079 10602 0 2 1 10605
1080 10558 0 11 1 10570
1081 10548 0 8 14 10570
1082 9 0 10651 1 10661
1083 6 0 10658 0 10664
1084 13 0 10625 0 10638
1085 10405 1 1 0 10407
1086 31 0 10659 0 10690
1087 90 1 0 10120 10211
1088 3 0 10623 0 10626
1089 0 0 10758 3 10761
1090 10747 0 24 2 10773
1091 1 1 10836 0 10838
1092 1 1 10803 0 10805
1093 0 10828 0 1 10829
1094 10985 1 0 0 10986
1095 0 1 0 10916 10917
1096 1 10902 0 98 11001
1097 11052 0 0 0 11052
1098 10980 4 0 1 10985
1099 42 0 11165 1 11208
1100 0 0 11079 0 11079
1101 7 0 10995 0 11002
1102 11035 0 1 0 11036
1103 2 0 11138 0 11140
1104 2 0 11279 2 11283
1105 10981 1 170 1 11153
1106 0 1 0 11260 11261
1107 0 1 0 11378 11379
1108 0 8 0 11586 11594
1109 2 0 11591 0 11593
1110 2 4 1 11317 11324
1111 1 5 1 11403 11410
1112 1 11385 0 7 11393
1113 11463 0 1 2 11466
1114 0 2 2 11497 11501
1115 2 11699 0 1 11702
1116 11787 0 2 0 11789
1117 11694 0 58 0 11752
1118 11730 1 15 0 11746
1119 2 1 11850 1 11854
1120 11689 2 5 0 11696
1121 11826 0 2 1 11829
1122 0 42 0 11787 11829
1123 4 1 11805 0 11810
1124 11789 1 4 0 11794
1125 11774 0 12 0 11786
1126 11668 0 5 0 11673
1127 0 2 0 11558 11560
1128 0 11597 0 20 11617
1129 7 11571 0 0 11578
1130 11674 0 1 0 11675
1131 11521 0 0 1 11522
1132 12 0 11677 6 11695
1133 11329 0 7 0 11336
1134 0 0 3 11418 11421
1135 0 16 0 11513 11529
1136 8 0 11556 1 11565
1137 1 1 11454 0 11456
1138 11247 0 22 0 11269
1139 11375 3 1 6 11385
1140 17 0 11344 0 11361
1141 10 0 11246 0 11256
1142 1 7 0 10364 10372
1143 0 0 11057 4 11061
1144 3 0 11144 0 11147
1145 0 3 0 10674 10677
1146 10995 0 1 1 10997
1147 0 11229 0 14 11243
1148 0 2 0 11259 11261
1149 0 11314 0 1 11315
1150 0 2 0 11333 11335
1151 14 11401 0 0 11415
1152 5 0 11504 0 11509
1153 11340 1 4 0 11345
1154 11487 0 2 1 11490
1155 0 11610 0 5 11615
1156 227 1 11364 0 11592
1157 10797 0 618 1 11416
1158 0 1 0 11552 11553
1159 6 3 11636 1 11646
1160 0 2 0 11507 11509
1161 0 11725 0 1 11726
1162 0 11 0 11926 11937
1163 11925 0 1 0 11926
1164 11794 0 13 0 11807
1165 11688 7 6 1 11702
1166 11590 1 2 0 11593
1167 5 11646 1 28 11680
1168 3 7 0 11518 11528
1169 4 0 11592 2 11598
1170 2139 0 9231 0 11370
1171 11068 0 0 11 11079
1172 11216 1 0 1 11218
1173 0 0 11369 0 11369
1174 15 0 11281 0 11296
1175 11071 2 0 4 11077
1176 1 4 0 11284 11289
1177 19 0 11376 0 11395
1178 0 0 11206 4 11210
1179 0 1 11220 1 11222
1180 4 0 11152 0 11156
1181 11123 0 4 9 11136
1182 0 1 11 11064 11076
1183 1 0 11258 1 11260
1184 6 0 11233 0 11239
1185 765 0 10497 0 11262
1186 11079 1 0 3 11083
1187 11 11161 0 11 11183
1188 0 2 0 11321 11323
1189 59 0 11359 3 11421
1190 0 9 0 11182 11191
1191 11320 1 2 1 11324
1192 0 3 0 11445 11448
1193 16 0 11482 0 11498
1194 1 32 0 11316 11349
1195 3 11435 0 0 11438
1196 11585 0 1 1 11587
1197 11487 0 7 0 11494
1198 7 0 11636 19 11662
1199 0 1 1 11213 11215
1200 11525 0 3 0 11528
1201 0 8 0 11635 11643
1202 0 0 11722 2 11724
1203 45 0 11667 0 11712
1204 0 5 6 11476 11487
1205 3 0 11760 2 11765
1206 0 0 11675 0 11675
1207 11631 0 16 1 11648
1208 1 0 11534 2 11537
1209 11343 0 0 1 11344
1210 1 11400 0 2 11403
1211 1 11328 1 0 11330
1212 3 11519 0 1 11523
1213 11552 0 1 1 11554
1214 0 1 7 11422 11430
1215 4 0 11334 0 11338
1216 0 0 11285 0 11285
1217 1 0 10991 0 10992
1218 3 11239 0 1 11243
1219 11 0 0 11397 11408
1220 1 0 11482 1 11484
1221 11365 1 0 2 11368
1222 174 11088 0 179 11441
1223 11436 0 3 0 11439
1224 4 0 11560 1 11565
1225 2 12 1 11046 11061
1226 2 0 11433 0 11435
1227 11405 0 1 0 11406
1228 1 3 0 11368 11372
1229 0 0 11409 1 11410
1230 3 11114 0 4 11121
1231 0 11116 0 4 11120
1232 0 11259 1 1 11261
1233 0 3 0 11311 11314
1234 11233 4 8 0 11245
1235 13 0 11210 8 11231
1236 0 11139 0 13 11152
1237 1 2 0 11302 11305
1238 0 0 0 11291 11291
1239 0 1 1 11225 11227
1240 0 110 0 11155 11265
1241 11032 1 1 15 11049
1242 7 0 11071 3 11081
1243 1 3 0 10605 10609
1244 4 0 11003 3 11010
1245 0 0 11006 5 11011
1246 10676 0 21 0 10697
1247 5 0 10970 1 10976
1248 0 1 0 10616 10617
1249 10863 0 14 0 10877
1250 10945 0 2 0 10947
1251 1 0 0 10984 10985
1252 2 0 10993 1 10996
1253 8 0 11268 2 11278
1254 0 9 1 11133 11143
1255 0 4 0 11374 11378
1256 0 0 0 11470 11470
1257 2 11493 0 4 11499
1258 11662 1 0 0 11663
1259 11328 4 241 12 11585
1260 0 0 0 11675 11675
1261 15 0 11765 7 11787
1262 7027 1 4904 6 11938
1263 12064 0 3 1 12068
1264 12092 0 2 0 12094
1265 1 0 11963 0 11964
1266 11766 0 0 0 11766
1267 11464 0 9 15 11488
1268 5 11673 0 3 11681
1269 0 11680 2 4 11686
1270 0 12 0 11772 11784
1271 0 1 11772 0 11773
1272 1 1 11699 0 11701
1273 0 1 0 11413 11414
1274 0 2 0 11710 11712
1275 7 3 11697 0 11707
1276 1 0 11703 0 11704
1277 0 0 0 11317 11317
1278 11566 1 0 14 11581
1279 0 1 0 11666 11667
1280 0 2 0 11578 11580
1281 0 11411 0 0 11411
1282 0 11779 1 15 11795
1283 0 0 0 11991 11991
1284 0 0 2 12068 12070
1285 2 3 0 12151 12156
1286 3 0 12046 0 12049
1287 1 1 11877 1 11880
1288 13 11878 0 0 11891
1289 0 2 0 11881 11883
1290 0 10 1 11947 11958
1291 3 11927 0 11 11941
1292 3 0 12161 2 12166
1293 11971 0 1 0 11972
1294 12003 0 4 0 12007
1295 12049 1 0 0 12050
1296 8 1 0 12195 12204
1297 12129 0 59 1 12189
1298 12161 1 1 0 12163
1299 12131 0 1 0 12132
1300 12034 0 12 0 12046
1301 0 0 12113 0 12113
1302 11918 0 1 10 11929
1303 0 0 0 12103 12103
1304 12157 0 22 0 12179
1305 12143 0 0 0 12143
1306 94 0 12143 2 12239
1307 11971 1 4 1 11977
1308 12096 0 1 1 12098
1309 12083 0 3 0 12086
1310 0 1 0 11978 11979
1311 2 0 12190 3 12195
1312 1 11922 0 131 12054
1313 1 8 12351 2 12362
1314 12036 1 0 0 12037
1315 2 13 0 12122 12137
1316 1 0 12171 0 12172
1317 0 1 0 12016 12017
1318 0 11944 0 29 11973
1319 0 11869 2 1 11872
1320 4 11882 0 0 11886
1321 2 11623 0 2 11627
1322 0 0 0 11742 11742
1323 2 0 11777 0 11779
1324 0 2 0 11511 11513
1325 11532 0 0 0 11532
1326 0 2 2 11722 11726
1327 0 10 1 11836 11847
1328 11 0 11833 0 11844
1329 3 0 11814 1 11818
1330 0 0 11788 2 11790
1331 11410 2 8 8 11428
1332 0 0 1 11841 11842
1333 11882 0 0 0 11882
1334 0 0 11945 2 11947
1335 11547 0 0 1 11548
1336 4 0 11930 0 11934
1337 11807 0 5 0 11812
1338 8 1 0 11928 11937
1339 0 0 11942 7 11949
1340 0 0 11943 0 11943
1341 0 23 1 11623 11647
1342 11755 0 6 0 11761
1343 25 11822 0 0 11847
1344 11925 0 1 1 11927
1345 1 0 1 12019 12021
1346 26 0 11989 2 12017
1347 11818 0 2 0 11820
1348 1 0 0 11969 11970
1349 12 0 11993 0 12005
1350 10 0 11972 0 11982
1351 0 2 0 11518 11520
1352 1 0 12076 7 12084
1353 18 0 12071 0 12089
1354 12178 0 11 0 12189
1355 12353 0 2 0 12355
1356 12425 1 0 0 12426
1357 12359 0 25 0 12384
1358 0 8 12422 1 12431
1359 12282 1 14 0 12297
1360 5 0 12369 0 12374
1361 12198 1 0 2 12201
1362 0 12447 0 2 12449
1363 1 17 5 12444 12467
1364 0 7 0 12535 12542
1365 0 0 12474 1 12475
1366 7 0 12399 1 12407
1367 3 12338 0 6 12347
1368 12170 0 3 0 12173
1369 1 12211 0 3 12215
1370 1 4 0 12183 12188
1371 6 12217 0 6 12229
1372 12273 4 10 0 12287
1373 4 0 12298 0 12302
1374 0 12101 0 4 12105
1375 12129 0 3 0 12132
1376 3 0 12152 0 12155
1377 0 12017 1 2 12020
1378 12192 0 2 1 12195
1379 12112 0 2 0 12114
1380 1 12152 0 26 12179
1381 12187 0 1 1 12189
1382 2 0 12135 0 12137
1383 2 11961 0 4 11967
1384 3 11766 1 283 12053
1385 12122 0 0 1 12123
1386 0 0 1 12146 12147
1387 0 0 0 12208 12208
1388 0 0 0 12260 12260
1389 12063 1 4 0 12068
1390 41 12100 0 0 12141
1391 0 1 1 12173 12175
1392 1 0 12240 0 12241
1393 0 0 0 12021 12021
1394 0 1 0 12056 12057
1395 0 13 0 12186 12199
1396 11983 0 164 1 12148
1397 12070 0 2 0 12072
1398 1 10 2 12087 12100
1399 1 0 12060 1 12062
1400 2 0 11876 0 11878
1401 5 1 11772 3 11781
1402 1 11538 2 31 11572
1403 0 1 0 11772 11773
1404 2 11844 0 4 11850
1405 11991 0 16 0 12007
1406 0 0 11839 5 11844
1407 0 0 11762 1 11763
1408 11681 1 2 1 11685
1409 2 11743 0 5 11750
1410 11752 0 19 0 11771
1411 5 0 11675 5 11685
1412 9 11497 0 14 11520
1413 0 4 0 11644 11648
1414 0 0 11672 1 11673
1415 1 11575 0 0 11576
1416 0 0 0 11731 11731
1417 23 0 11728 0 11751
1418 2 3 0 11557 11562
1419 2 0 11673 2 11677
1420 0 0 11523 2 11525
1421 2 0 11616 0 11618
1422 11568 0 0 3 11571
1423 1 11455 1 1 11458
1424 11499 0 3 2 11504
1425 0 11613 0 0 11613
1426 0 36 0 11476 11512
1427 2 0 11527 0 11529
1428 2 3 0 11354 11359
1429 1 11369 0 4 11374
1430 11232 2 0 3 11237
1431 1 11200 1 0 11202
1432 11150 1 9 0 11160
1433 0 0 11178 2 11180
1434 0 0 11004 9 11013
1435 15 1 1 10565 10582
1436 13 0 10859 1 10873
1437 0 1 1 10936 10938
1438 2 4 0 10967 10973
1439 47 0 10874 6 10927
1440 10831 0 1 0 10832
1441 12 10836 0 2 10850
1442 10700 0 1 0 10701
1443 1 5 10 10659 10675
1444 273 0 10273 0 10546
1445 7 0 10450 0 10457
1446 18 10366 0 0 10384
1447 1 1 2 10295 10299
1448 57 10179 0 122 10358
1449 0 1 0 10433 10434
1450 56 0 10336 0 10392
1451 0 1 1 10281 10283
1452 10218 0 0 0 10218
1453 10210 0 0 0 10210
1454 0 1 0 10311 10312
1455 1 0 10229 2 10232
1456 9 0 10180 0 10189
1457 9969 0 4 1 9974
1458 0 1 10053 0 10054
1459 0 0 10011 2 10013
1460 9851 0 25 0 9876
1461 8 0 9959 0 9967
1462 0 8 2 9651 9661
1463 4 0 9754 0 9758
1464 0 0 9652 1 9653
1465 0 10 0 9590 9600
1466 0 1 1 9728 9730
1467 9618 0 9 2 9629
1468 9534 0 1 0 9535
1469 0 0 9512 1 9513
1470 0 0 0 8859 8859
1471 0 9090 0 0 9090
1472 3 0 0 9083 9086
1473 4 0 9044 0 9048
1474 0 0 0 8959 8959
1475 0 1 0 8982 8983
1476 0 8828 0 30 8858
1477 0 0 0 8950 8950
1478 8901 0 2 0 8903
1479 8831 0 1 0 8832
1480 8400 0 0 0 8400
1481 0 8627 0 0 8627
1482 2 8364 0 0 8366
1483 2 8403 0 0 8405
1484 0 0 0 8354 8354
1485 1 0 1 8387 8389
1486 0 1 0 8396 8397
1487 0 0 8255 6 8261
1488 1 2 0 8161 8164
1489 1 4 0 8019 8024
1490 1 8043 0 0 8044
1491 1 7944 0 0 7945
1492 1 3 1 7802 7807
1493 2 0 7817 0 7819
1494 0 0 1 7403 7404
1495 0 0 0 7387 7387
1496 0 14 0 7381 7395
1497 0 1 0 7404 7405
1498 0 0 7304 9 7313
1499 0 1 0 7129 7130
1500 0 10 3 7095 7108
1501 0 0 0 7146 7146
1502 43 0 6912 0 6955
1503 6833 0 0 0 6833
1504 6735 0 0 0 6735
1505 1 6780 0 13 6794
1506 6313 0 1 0 6314
1507 6002 0 1 0 6003
1508 0 0 1 5944 5945
1509 0 0 0 5969 5969
1510 0 0 5769 0 5769
1511 2 3 0 5445 5450
1512 1 5502 0 2 5505
1513 3 5440 0 0 5443
1514 0 0 0 5035 5035
1515 0 0 0 5044 5044
1516 4852 0 0 0 4852
1517 2 4951 0 0 4953
1518 0 0 0 4863 4863
1519 4842 0 11 0 4853
1520 4772 0 1 1 4774
1521 4525 0 7 0 4532
1522 1 4635 0 24 4660
1523 0 0 1 4098 4099
1524 0 7 0 4090 4097
1525 4026 0 1 2 4029
1526 3877 0 0 0 3877
1527 0 42 1 3632 3675
1528 1 1 0 3377 3379
1529 0 0 3221 0 3221
1530 0 0 0 3161 3161
1531 0 0 0 3100 3100
1532 0 3 0 2989 2992
1533 11 1333 0 0 1344
1534 0 0 0 976 976
1535 17 0 923 0 940
1536 826 0 0 0 826
1537 751 0 0 0 751
1538 577 0 0 0 577
1539 484 0 4 0 488
1540 405 0 0 0 405
1541 0 0 0 298 298
1542 0 0 36 0 36
1543 0 16 0 0 16
1544 0 0 0 5 5
1545 0 5 0 0 5
1546 0 0 0 4 4
1547 0 0 0 5 5
1548 0 0 1 0 1
1549 0 0 0 3 3
1550 0 0 0 3 3
1551 3 0 0 0 3
1552 0 3 0 0 3
1553 0 0 0 1 1
1554 3 0 0 0 3
1555 0 3 0 0 3
1556 0 0 0 1 1
1557 0 0 0 0 0
