0 0 0 0 0 0
1 0 0 0 0 0
2 0 0 0 0 0
3 0 0 0 0 0
4 0 0 0 0 0
5 0 0 0 0 0
6 0 0 0 0 0
7 0 0 0 0 0
8 0 0 0 0 0
9 0 0 0 0 0
10 0 0 0 0 0
11 0 0 0 0 0
12 0 0 0 0 0
13 0 0 0 0 0
14 0 0 0 0 0
15 0 0 0 0 0
16 0 0 0 0 0
17 0 0 0 0 0
18 0 0 0 0 0
19 0 0 0 0 0
20 0 0 0 0 0
21 0 0 0 0 0
22 0 0 0 0 0
23 0 0 0 0 0
24 0 0 0 0 0
25 0 0 0 0 0
26 0 0 0 0 0
27 0 0 0 0 0
28 0 0 0 0 0
29 0 0 0 0 0
30 0 0 0 0 0
31 0 0 0 0 0
32 0 0 0 0 0
33 0 0 0 0 0
34 0 0 0 0 0
35 0 0 0 0 0
36 0 0 0 0 0
37 0 0 0 0 0
38 0 0 0 0 0
39 0 0 0 0 0
40 0 0 0 0 0
41 0 25 0 0 25
42 25 0 0 0 25
43 27 0 0 0 27
44 29 0 0 0 29
45 33 0 0 0 33
46 32 0 0 0 32
47 0 0 0 33 33
48 0 0 46 0 46
49 44 0 0 0 44
50 48 0 0 0 48
51 0 46 0 0 46
52 46 0 0 0 46
53 45 0 0 0 45
54 0 0 0 46 46
55 0 0 46 0 46
56 0 53 0 0 53
57 0 0 0 53 53
58 55 0 0 0 55
59 0 53 0 0 53
60 0 51 0 0 51
61 0 0 0 56 56
62 0 0 0 55 55
63 0 53 0 0 53
64 53 0 0 0 53
65 54 0 0 0 54
66 0 59 0 0 59
67 0 0 0 60 60
68 60 0 0 0 60
69 0 0 0 61 61
70 63 0 0 0 63
71 0 62 0 0 62
72 62 0 0 0 62
73 61 0 0 0 61
74 61 0 0 0 61
75 0 61 0 0 61
76 0 0 78 0 78
77 0 0 0 77 77
78 0 0 0 77 77
79 76 0 0 0 76
80 76 0 0 0 76
81 0 81 0 0 81
82 0 83 0 0 83
83 0 85 0 0 85
84 0 0 0 83 83
85 85 0 0 0 85
86 0 0 0 84 84
87 0 0 0 82 82
88 0 0 0 86 86
89 0 88 0 0 88
90 0 0 0 85 85
91 0 89 0 0 89
92 91 0 0 0 91
93 0 88 0 0 88
94 90 0 0 0 90
95 0 0 0 88 88
96 0 1 0 102 103
97 102 0 0 0 102
98 1 0 110 0 111
99 0 0 110 0 110
100 0 0 111 0 111
101 0 0 113 0 113
102 0 0 113 0 113
103 111 0 0 0 111
104 0 0 114 0 114
105 0 0 0 108 108
106 112 0 0 0 112
107 0 0 0 112 112
108 0 0 0 111 111
109 111 0 0 0 111
110 0 0 0 113 113
111 0 0 0 118 118
112 120 0 0 0 120
113 0 0 0 119 119
114 0 117 0 0 117
115 117 0 0 0 117
116 0 123 0 0 123
117 0 0 0 124 124
118 119 0 0 0 119
119 0 0 0 125 125
120 121 0 0 0 121
121 0 0 0 126 126
122 0 0 123 0 123
123 0 0 0 137 137
124 0 0 159 0 159
125 0 0 0 162 162
126 1 161 0 1 163
127 166 0 2 0 168
128 0 0 168 0 168
129 0 167 0 0 167
130 0 0 0 188 188
131 0 0 0 200 200
132 0 217 0 0 217
133 217 0 0 0 217
134 0 0 0 215 215
135 0 0 0 216 216
136 216 0 0 0 216
137 0 0 0 215 215
138 0 217 0 0 217
139 216 0 0 0 216
140 0 0 0 217 217
141 215 0 0 0 215
142 0 217 0 0 217
143 0 0 0 231 231
144 0 0 0 235 235
145 236 0 0 0 236
146 0 239 0 0 239
147 0 0 0 250 250
148 247 0 0 0 247
149 0 0 0 248 248
150 248 0 0 0 248
151 0 9 0 279 288
152 0 0 0 372 372
153 0 386 0 0 386
154 0 0 389 0 389
155 0 0 390 0 390
156 386 0 0 0 386
157 0 0 0 391 391
158 390 0 0 0 390
159 0 0 0 399 399
160 391 0 0 0 391
161 0 0 0 393 393
162 0 0 0 405 405
163 2 0 391 0 393
164 0 452 0 0 452
165 0 0 0 453 453
166 467 0 0 0 467
167 464 0 0 0 464
168 463 0 0 0 463
169 466 0 0 0 466
170 24 0 436 1 461
171 0 0 0 456 456
172 0 485 0 0 485
173 0 0 0 486 486
174 0 484 0 0 484
175 472 0 9 0 481
176 0 492 0 0 492
177 0 535 0 1 536
178 538 0 0 0 538
179 533 0 2 0 535
180 0 542 0 0 542
181 540 0 0 0 540
182 0 0 539 0 539
183 540 0 0 0 540
184 541 0 0 0 541
185 543 0 0 0 543
186 0 0 0 544 544
187 545 0 0 0 545
188 537 0 0 0 537
189 0 536 0 0 536
190 0 0 0 542 542
191 0 0 535 0 535
192 0 554 0 0 554
193 543 0 0 0 543
194 0 564 0 0 564
195 0 593 0 0 593
196 588 0 0 0 588
197 593 0 0 0 593
198 0 595 0 0 595
199 593 0 0 0 593
200 592 0 0 0 592
201 0 0 0 629 629
202 0 0 635 0 635
203 0 638 0 0 638
204 0 638 0 0 638
205 691 0 0 0 691
206 0 0 0 698 698
207 0 0 0 710 710
208 0 0 707 0 707
209 1 0 727 0 728
210 755 1 0 0 756
211 0 0 0 757 757
212 0 0 0 792 792
213 0 0 785 0 785
214 0 0 0 790 790
215 0 0 791 0 791
216 0 820 0 0 820
217 830 0 0 0 830
218 837 0 0 0 837
219 825 0 0 0 825
220 0 827 0 0 827
221 1 0 825 0 826
222 0 835 0 0 835
223 848 0 0 0 848
224 0 0 0 838 838
225 0 845 0 0 845
226 890 0 0 0 890
227 913 0 0 0 913
228 912 0 0 0 912
229 0 0 0 914 914
230 0 0 909 0 909
231 0 0 0 894 894
232 0 0 0 910 910
233 0 919 0 0 919
234 913 0 0 0 913
235 0 0 911 0 911
236 0 0 905 0 905
237 0 910 0 0 910
238 0 0 1 917 918
239 0 0 920 0 920
240 0 0 0 900 900
241 0 0 909 0 909
242 915 0 0 0 915
243 890 0 0 0 890
244 0 922 0 0 922
245 0 920 0 0 920
246 0 0 0 912 912
247 0 0 0 918 918
248 0 0 0 917 917
249 0 921 0 0 921
250 0 0 0 921 921
251 0 0 924 0 924
252 0 926 0 0 926
253 924 0 0 0 924
254 908 0 0 0 908
255 0 927 0 0 927
256 929 0 0 0 929
257 918 0 0 0 918
258 903 0 0 0 903
259 910 0 0 0 910
260 0 0 912 0 912
261 0 0 916 0 916
262 0 0 919 0 919
263 0 0 920 0 920
264 0 0 1 892 893
265 1 0 924 0 925
266 932 1 0 0 933
267 0 945 0 0 945
268 927 0 0 0 927
269 0 939 0 0 939
270 0 0 0 925 925
271 0 0 0 930 930
272 0 941 0 0 941
273 0 0 0 932 932
274 0 0 0 933 933
275 1 931 0 0 932
276 0 0 0 912 912
277 0 923 0 0 923
278 0 926 0 0 926
279 0 931 0 1 932
280 922 0 6 0 928
281 0 0 929 0 929
282 913 0 0 0 913
283 905 0 0 0 905
284 0 927 0 0 927
285 0 930 0 0 930
286 1 0 909 0 910
287 0 0 917 0 917
288 901 0 1 0 902
289 0 0 913 0 913
290 0 0 0 910 910
291 0 0 918 0 918
292 0 0 906 0 906
293 914 0 1 0 915
294 0 931 0 0 931
295 900 0 0 0 900
296 0 0 0 852 852
297 835 0 0 0 835
298 0 867 0 0 867
299 0 857 0 0 857
300 0 877 0 0 877
301 0 0 841 0 841
302 0 770 0 0 770
303 0 0 767 0 767
304 0 1 0 732 733
305 0 0 0 754 754
306 0 0 0 775 775
307 773 0 0 0 773
308 0 0 0 772 772
309 0 776 0 0 776
310 0 0 0 775 775
311 0 1 0 766 767
312 0 0 747 0 747
313 0 759 0 0 759
314 0 806 0 0 806
315 0 830 0 0 830
316 0 0 826 0 826
317 0 0 808 0 808
318 0 0 805 0 805
319 0 826 0 0 826
320 0 0 0 815 815
321 0 830 0 0 830
322 840 0 0 0 840
323 839 0 0 0 839
324 0 843 0 0 843
325 0 816 0 0 816
326 0 0 0 788 788
327 0 1 0 797 798
328 0 0 0 793 793
329 0 813 0 0 813
330 799 0 0 0 799
331 0 0 797 0 797
332 797 0 0 0 797
333 742 0 0 0 742
334 750 0 0 0 750
335 0 0 729 0 729
336 0 724 0 0 724
337 737 0 0 0 737
338 0 741 0 0 741
339 0 2 0 733 735
340 1 737 0 0 738
341 0 750 0 0 750
342 0 0 0 718 718
343 721 0 0 0 721
344 722 0 0 0 722
345 0 0 0 721 721
346 0 0 0 725 725
347 719 4 0 0 723
348 0 0 704 0 704
349 0 692 11 0 703
350 0 716 0 0 716
351 0 736 0 1 737
352 1 0 1 723 725
353 0 727 0 0 727
354 742 0 0 0 742
355 0 0 0 730 730
356 735 0 0 0 735
357 0 0 724 0 724
358 718 0 0 0 718
359 1 0 0 733 734
360 0 0 0 729 729
361 8 725 0 0 733
362 0 0 755 0 755
363 0 0 752 0 752
364 749 0 0 0 749
365 0 0 752 0 752
366 761 0 0 0 761
367 754 0 0 0 754
368 756 0 0 0 756
369 0 762 0 0 762
370 0 772 0 0 772
371 769 0 0 0 769
372 771 0 0 0 771
373 777 0 0 0 777
374 0 0 777 0 777
375 1 0 757 0 758
376 763 0 0 0 763
377 767 0 0 0 767
378 765 0 0 0 765
379 0 742 0 0 742
380 0 0 0 723 723
381 0 718 0 0 718
382 710 0 0 0 710
383 0 0 694 0 694
384 0 706 0 0 706
385 0 0 0 689 689
386 0 690 0 0 690
387 0 699 0 0 699
388 0 700 0 0 700
389 0 0 0 699 699
390 0 0 0 676 676
391 1 0 670 0 671
392 654 0 0 0 654
393 0 0 0 666 666
394 671 0 0 0 671
395 663 0 0 0 663
396 0 0 0 661 661
397 671 0 0 0 671
398 646 0 0 0 646
399 0 0 638 0 638
400 0 0 609 0 609
401 0 0 605 0 605
402 17 581 0 0 598
403 2 590 4 0 596
404 0 595 0 0 595
405 1 609 0 0 610
406 0 0 1 624 625
407 0 0 0 632 632
408 0 0 0 637 637
409 0 12 0 645 657
410 0 0 647 0 647
411 0 0 0 631 631
412 0 0 4 633 637
413 0 0 622 0 622
414 0 633 0 0 633
415 0 0 0 630 630
416 0 0 0 661 661
417 0 0 652 0 652
418 0 0 0 641 641
419 0 0 644 0 644
420 0 0 634 0 634
421 639 0 0 0 639
422 0 626 0 0 626
423 0 633 0 0 633
424 639 0 0 0 639
425 641 0 0 0 641
426 625 0 1 0 626
427 0 0 0 622 622
428 0 0 613 0 613
429 614 0 0 0 614
430 610 0 0 0 610
431 0 0 0 614 614
432 0 0 619 0 619
433 0 619 0 0 619
434 632 0 0 0 632
435 624 0 0 0 624
436 614 0 0 0 614
437 0 559 0 0 559
438 543 0 0 1 544
439 0 605 0 0 605
440 0 0 0 650 650
441 0 0 0 664 664
442 0 0 0 674 674
443 0 0 667 0 667
444 0 672 1 0 673
445 0 0 0 626 626
446 0 0 0 619 619
447 0 0 0 617 617
448 612 0 0 1 613
449 609 0 0 0 609
450 0 595 0 0 595
451 0 544 0 0 544
452 0 535 0 0 535
453 535 0 0 0 535
454 0 0 0 531 531
455 0 0 0 534 534
456 536 0 0 0 536
457 0 0 0 517 517
458 0 0 509 0 509
459 0 511 0 0 511
460 518 0 0 0 518
461 0 0 517 0 517
462 0 503 0 0 503
463 0 507 0 0 507
464 0 514 0 0 514
465 513 0 0 0 513
466 510 0 0 0 510
467 0 517 0 0 517
468 0 518 0 0 518
469 508 0 1 0 509
470 0 5 533 0 538
471 0 0 530 0 530
472 0 0 533 0 533
473 0 0 560 0 560
474 0 0 566 0 566
475 560 0 0 0 560
476 0 0 0 555 555
477 574 0 0 0 574
478 0 594 0 0 594
479 0 0 0 588 588
480 584 0 0 0 584
481 0 600 0 1 601
482 602 0 0 0 602
483 6 0 602 0 608
484 0 0 0 583 583
485 0 0 597 0 597
486 0 0 596 0 596
487 604 0 0 0 604
488 610 0 0 0 610
489 1 615 0 0 616
490 616 0 0 0 616
491 592 0 0 0 592
492 0 0 597 0 597
493 593 0 0 0 593
494 0 0 582 0 582
495 0 0 570 0 570
496 581 0 0 0 581
497 0 0 565 0 565
498 576 0 0 0 576
499 0 595 0 0 595
500 602 0 0 0 602
501 0 0 609 0 609
502 607 0 0 0 607
503 606 0 0 0 606
504 618 0 0 0 618
505 0 664 0 0 664
506 667 0 0 0 667
507 671 0 0 0 671
508 0 0 676 0 676
509 0 716 0 0 716
510 0 0 0 717 717
511 0 0 718 0 718
512 714 2 0 0 716
513 0 0 711 0 711
514 0 0 715 0 715
515 0 720 0 0 720
516 737 0 0 0 737
517 0 0 0 742 742
518 0 750 0 0 750
519 0 0 0 746 746
520 737 0 0 0 737
521 748 0 0 0 748
522 0 0 0 795 795
523 0 0 0 791 791
524 0 0 0 791 791
525 0 797 0 1 798
526 796 0 0 0 796
527 0 0 826 0 826
528 0 0 0 806 806
529 0 828 0 0 828
530 836 0 1 0 837
531 828 0 0 0 828
532 821 0 0 0 821
533 0 0 0 823 823
534 0 0 0 829 829
535 0 0 818 0 818
536 0 0 816 0 816
537 0 0 813 0 813
538 0 819 0 2 821
539 823 0 0 0 823
540 819 0 0 0 819
541 816 0 0 0 816
542 819 0 0 0 819
543 0 0 0 814 814
544 0 820 0 0 820
545 0 820 0 0 820
546 0 817 0 0 817
547 824 0 0 0 824
548 819 0 0 0 819
549 0 825 0 0 825
550 820 0 0 0 820
551 0 0 815 0 815
552 0 0 1 838 839
553 851 0 0 0 851
554 0 0 846 0 846
555 848 0 0 0 848
556 0 0 835 0 835
557 843 0 0 0 843
558 838 0 0 0 838
559 0 830 0 0 830
560 0 0 0 833 833
561 0 839 0 0 839
562 0 845 0 0 845
563 848 0 1 0 849
564 0 0 2 838 840
565 0 0 0 833 833
566 0 1 0 918 919
567 0 1 0 925 926
568 0 928 0 0 928
569 0 922 0 0 922
570 887 0 0 0 887
571 0 4 0 892 896
572 896 0 0 0 896
573 0 0 0 886 886
574 0 0 889 0 889
575 1 0 910 0 911
576 0 897 0 0 897
577 893 0 0 0 893
578 0 0 900 0 900
579 0 895 0 0 895
580 897 0 0 0 897
581 0 1 0 887 888
582 0 0 911 0 911
583 0 0 893 0 893
584 893 0 0 0 893
585 0 0 907 7 914
586 0 906 0 0 906
587 0 0 910 0 910
588 0 0 894 0 894
589 0 0 895 0 895
590 0 0 0 868 868
591 0 878 0 0 878
592 0 879 0 0 879
593 0 0 869 0 869
594 0 875 0 0 875
595 0 0 879 0 879
596 0 0 0 857 857
597 0 0 861 0 861
598 0 854 0 0 854
599 0 876 0 0 876
600 882 0 0 0 882
601 0 0 0 866 866
602 0 0 876 0 876
603 868 0 0 0 868
604 0 0 0 888 888
605 0 0 885 0 885
606 0 0 867 0 867
607 0 0 0 857 857
608 880 0 0 0 880
609 881 0 0 0 881
610 0 0 895 0 895
611 0 0 882 0 882
612 878 0 0 0 878
613 870 0 0 0 870
614 1 0 0 867 868
615 0 0 862 0 862
616 0 0 855 0 855
617 844 0 0 0 844
618 0 844 0 0 844
619 856 0 0 0 856
620 0 0 0 856 856
621 862 0 0 0 862
622 0 0 0 843 843
623 855 0 0 0 855
624 0 0 0 818 818
625 0 865 0 0 865
626 0 0 850 0 850
627 0 0 834 0 834
628 815 0 0 0 815
629 0 0 827 0 827
630 0 0 0 743 743
631 0 0 0 745 745
632 1 0 758 0 759
633 730 0 0 0 730
634 0 0 0 737 737
635 4 0 726 0 730
636 0 0 714 0 714
637 0 710 0 0 710
638 0 736 0 0 736
639 0 741 0 0 741
640 0 0 0 691 691
641 0 0 696 0 696
642 692 0 0 0 692
643 0 709 0 0 709
644 719 0 0 0 719
645 708 0 0 0 708
646 0 0 0 712 712
647 718 0 0 0 718
648 719 0 0 0 719
649 0 0 0 714 714
650 0 0 699 0 699
651 0 694 0 0 694
652 713 0 0 0 713
653 0 711 0 8 719
654 0 0 0 702 702
655 0 0 707 0 707
656 0 742 0 0 742
657 0 0 0 742 742
658 0 740 0 1 741
659 762 0 0 0 762
660 750 0 0 0 750
661 736 0 0 0 736
662 0 0 665 0 665
663 0 0 0 656 656
664 676 0 0 0 676
665 686 0 0 0 686
666 681 0 0 0 681
667 654 0 1 0 655
668 0 0 0 636 636
669 636 0 1 0 637
670 0 0 0 613 613
671 0 0 618 0 618
672 10 0 598 0 608
673 592 0 0 0 592
674 0 0 595 0 595
675 597 0 0 0 597
676 574 0 1 0 575
677 0 0 572 0 572
678 0 550 0 0 550
679 553 0 0 0 553
680 0 0 0 548 548
681 546 0 0 0 546
682 0 0 0 547 547
683 534 0 0 0 534
684 0 546 0 0 546
685 0 0 0 579 579
686 0 0 576 0 576
687 575 0 0 1 576
688 0 572 0 0 572
689 557 0 0 0 557
690 0 550 0 0 550
691 544 0 0 0 544
692 0 0 0 548 548
693 528 0 0 0 528
694 0 531 0 1 532
695 0 537 0 0 537
696 537 0 0 0 537
697 0 0 0 524 524
698 0 0 0 524 524
699 0 531 0 1 532
700 0 532 0 0 532
701 0 0 0 525 525
702 535 0 0 0 535
703 0 0 0 523 523
704 0 0 530 0 530
705 0 528 0 0 528
706 530 1 0 0 531
707 521 1 0 0 522
708 521 1 0 0 522
709 0 535 0 0 535
710 537 1 0 0 538
711 532 1 0 0 533
712 1 535 0 0 536
713 541 0 0 0 541
714 0 0 0 523 523
715 0 528 0 5 533
716 0 533 0 0 533
717 0 5 0 524 529
718 538 0 0 0 538
719 531 0 0 0 531
720 1 0 531 1 533
721 535 0 0 0 535
722 533 1 0 0 534
723 0 533 0 0 533
724 525 0 0 0 525
725 0 537 0 0 537
726 529 0 0 0 529
727 515 0 0 0 515
728 0 0 494 0 494
729 504 0 0 0 504
730 507 0 0 0 507
731 503 0 0 0 503
732 0 0 500 0 500
733 1 0 0 469 470
734 0 0 483 0 483
735 0 480 0 0 480
736 0 488 0 0 488
737 0 0 0 478 478
738 0 0 435 1 436
739 0 437 0 0 437
740 444 0 0 0 444
741 443 0 0 0 443
742 0 0 0 439 439
743 0 0 0 440 440
744 1 0 431 0 432
745 0 440 0 0 440
746 429 0 0 0 429
747 0 0 0 423 423
748 0 435 0 0 435
749 1 0 438 0 439
750 0 0 427 1 428
751 0 0 432 1 433
752 0 0 450 0 450
753 0 0 437 1 438
754 431 0 0 0 431
755 438 0 0 0 438
756 445 0 0 0 445
757 0 0 0 444 444
758 0 0 0 434 434
759 0 0 432 0 432
760 0 0 0 424 424
761 0 0 0 424 424
762 424 0 0 0 424
763 0 0 0 424 424
764 0 421 0 0 421
765 0 0 0 432 432
766 423 0 0 0 423
767 422 0 0 0 422
768 0 0 0 429 429
769 0 0 425 0 425
770 428 0 0 0 428
771 0 0 0 427 427
772 427 0 0 0 427
773 427 0 0 0 427
774 0 428 0 0 428
775 0 0 0 438 438
776 0 0 432 1 433
777 435 0 0 0 435
778 0 0 0 428 428
779 0 0 438 0 438
780 0 0 429 1 430
781 0 439 0 0 439
782 0 0 0 419 419
783 0 428 0 0 428
784 424 0 0 0 424
785 0 0 427 0 427
786 1 423 0 0 424
787 0 0 0 417 417
788 0 0 0 376 376
789 0 379 0 0 379
790 376 0 0 0 376
791 0 0 374 0 374
792 0 0 379 1 380
793 0 0 0 362 362
794 0 0 367 1 368
795 0 0 0 372 372
796 0 0 0 373 373
797 375 0 0 0 375
798 0 0 386 0 386
799 0 0 0 379 379
800 0 0 381 0 381
801 386 0 0 0 386
802 388 0 0 0 388
803 0 0 0 394 394
804 0 0 389 1 390
805 0 395 0 0 395
806 373 0 0 0 373
807 0 0 373 1 374
808 384 0 0 0 384
809 0 0 0 365 365
810 0 0 0 368 368
811 0 0 0 372 372
812 0 377 0 0 377
813 0 0 0 378 378
814 0 0 0 373 373
815 376 0 0 0 376
816 368 0 0 0 368
817 0 0 370 1 371
818 372 0 0 0 372
819 0 0 0 357 357
820 0 0 0 363 363
821 0 364 0 0 364
822 0 0 366 1 367
823 356 0 0 0 356
824 0 0 363 0 363
825 343 0 0 0 343
826 0 0 351 0 351
827 0 0 345 0 345
828 0 0 345 0 345
829 0 342 0 0 342
830 0 342 0 0 342
831 1 0 345 1 347
832 336 0 0 0 336
833 334 0 0 0 334
834 0 0 0 336 336
835 330 0 0 0 330
836 329 1 0 0 330
837 0 0 0 341 341
838 333 0 0 0 333
839 337 0 0 0 337
840 335 0 0 0 335
841 332 0 0 0 332
842 0 0 344 0 344
843 348 0 0 0 348
844 349 0 0 0 349
845 348 0 0 0 348
846 0 0 0 350 350
847 353 0 0 0 353
848 0 0 0 353 353
849 0 0 0 356 356
850 0 0 0 352 352
851 0 351 0 0 351
852 0 346 0 0 346
853 347 0 0 0 347
854 346 0 0 0 346
855 0 350 0 0 350
856 341 5 0 0 346
857 0 0 336 0 336
858 0 0 337 0 337
859 342 0 0 0 342
860 342 0 0 0 342
861 0 0 335 0 335
862 337 0 0 0 337
863 0 0 339 1 340
864 0 0 0 336 336
865 341 0 0 0 341
866 334 0 0 0 334
867 330 0 0 0 330
868 328 1 0 0 329
869 0 301 0 0 301
870 292 0 0 0 292
871 0 297 0 0 297
872 298 0 0 0 298
873 0 297 0 0 297
874 0 0 0 295 295
875 0 0 295 1 296
876 291 0 0 0 291
877 0 0 292 0 292
878 0 0 290 0 290
879 295 0 0 0 295
880 292 0 0 0 292
881 0 0 0 290 290
882 0 0 287 0 287
883 0 289 0 0 289
884 292 0 0 0 292
885 0 292 0 0 292
886 293 0 0 0 293
887 0 0 0 289 289
888 0 0 274 0 274
889 0 273 0 0 273
890 1 0 275 0 276
891 0 0 268 0 268
892 271 0 0 0 271
893 0 0 0 271 271
894 0 0 0 268 268
895 0 0 0 270 270
896 0 0 238 0 238
897 0 234 0 0 234
898 0 225 0 0 225
899 220 0 0 0 220
900 0 0 219 0 219
901 0 218 0 0 218
902 223 0 0 0 223
903 221 0 0 0 221
904 0 0 0 224 224
905 227 0 0 0 227
906 220 0 0 0 220
907 213 0 0 0 213
908 219 0 0 0 219
909 1 220 0 0 221
910 0 221 0 0 221
911 240 0 0 0 240
912 0 0 0 236 236
913 241 0 0 1 242
914 0 0 232 0 232
915 232 0 0 0 232
916 218 0 0 1 219
917 0 0 0 223 223
918 0 0 233 0 233
919 0 0 0 224 224
920 0 0 226 0 226
921 0 241 0 0 241
922 0 241 0 0 241
923 0 0 0 250 250
924 0 0 239 0 239
925 0 0 0 234 234
926 243 0 0 0 243
927 0 0 236 0 236
928 238 0 0 0 238
929 0 0 236 0 236
930 236 0 0 0 236
931 0 243 0 0 243
932 247 0 0 0 247
933 246 0 0 0 246
934 0 269 0 0 269
935 266 0 0 0 266
936 0 0 265 0 265
937 0 0 271 0 271
938 0 0 0 256 256
939 270 0 0 0 270
940 0 276 0 0 276
941 272 0 0 0 272
942 0 280 0 0 280
943 274 0 0 0 274
944 0 0 264 0 264
945 0 270 0 0 270
946 282 0 0 0 282
947 282 0 0 0 282
948 280 0 0 0 280
949 283 0 0 0 283
950 283 0 0 0 283
951 0 0 275 0 275
952 265 0 1 0 266
953 0 274 0 0 274
954 0 275 0 0 275
955 0 0 0 272 272
956 0 0 0 277 277
957 0 0 0 272 272
958 0 0 0 273 273
959 0 0 271 0 271
960 0 0 0 269 269
961 0 272 0 0 272
962 279 0 1 0 280
963 275 0 0 0 275
964 274 0 0 0 274
965 0 0 0 275 275
966 0 0 0 270 270
967 275 0 0 0 275
968 6 0 261 0 267
969 264 0 0 0 264
970 0 270 0 0 270
971 0 0 267 0 267
972 0 0 0 258 258
973 262 0 6 0 268
974 0 0 264 1 265
975 265 0 2 0 267
976 0 0 262 0 262
977 263 0 0 0 263
978 0 272 0 0 272
979 0 0 0 269 269
980 0 0 271 0 271
981 267 0 0 0 267
982 0 0 0 268 268
983 269 0 0 0 269
984 0 270 0 0 270
985 273 0 0 0 273
986 0 0 257 0 257
987 0 287 0 0 287
988 288 0 0 0 288
989 0 0 284 0 284
990 292 0 0 0 292
991 298 0 0 0 298
992 318 0 0 0 318
993 0 0 0 322 322
994 324 0 0 0 324
995 320 0 0 0 320
996 0 0 316 0 316
997 304 1 0 0 305
998 0 0 0 314 314
999 0 0 0 321 321
1000 0 0 321 0 321
1001 311 0 0 0 311
1002 0 0 0 315 315
1003 0 0 318 0 318
1004 0 0 0 331 331
1005 0 0 333 0 333
1006 0 331 0 0 331
1007 336 0 0 0 336
1008 1 334 0 0 335
1009 336 0 0 0 336
1010 0 0 345 0 345
1011 3 0 334 0 337
1012 0 0 0 320 320
1013 327 0 0 0 327
1014 0 404 0 0 404
1015 0 0 0 418 418
1016 0 0 0 436 436
1017 446 0 0 0 446
1018 0 0 0 447 447
1019 0 0 1 491 492
1020 0 0 1 495 496
1021 0 0 510 0 510
1022 0 0 508 0 508
1023 500 0 0 0 500
1024 1 516 0 7 524
1025 493 0 0 0 493
1026 0 540 0 0 540
1027 0 531 0 0 531
1028 0 542 0 0 542
1029 0 540 0 0 540
1030 0 520 0 0 520
1031 518 0 0 0 518
1032 0 0 515 0 515
1033 509 0 0 0 509
1034 1 528 0 0 529
1035 1 522 0 0 523
1036 530 0 0 0 530
1037 522 0 0 0 522
1038 520 1 0 0 521
1039 0 0 0 526 526
1040 0 0 521 0 521
1041 519 0 0 0 519
1042 1 0 0 507 508
1043 0 0 510 0 510
1044 0 0 509 0 509
1045 508 0 0 0 508
1046 513 0 0 0 513
1047 0 0 535 0 535
1048 0 526 0 0 526
1049 556 0 1 0 557
1050 0 0 1 574 575
1051 579 0 0 0 579
1052 582 0 0 0 582
1053 0 607 0 0 607
1054 604 0 0 0 604
1055 0 0 588 0 588
1056 0 0 590 0 590
1057 0 585 0 0 585
1058 0 579 0 0 579
1059 0 587 0 0 587
1060 0 0 0 594 594
1061 0 0 1 611 612
1062 0 0 621 0 621
1063 0 0 0 635 635
1064 0 0 642 0 642
1065 637 0 0 0 637
1066 645 0 0 0 645
1067 0 0 0 645 645
1068 0 645 0 0 645
1069 0 1 0 655 656
1070 0 0 655 0 655
1071 627 0 0 0 627
1072 0 0 0 665 665
1073 0 0 680 0 680
1074 0 0 674 2 676
1075 0 0 669 0 669
1076 0 0 684 0 684
1077 675 0 0 0 675
1078 8 687 0 0 695
1079 11 0 688 0 699
1080 681 0 0 0 681
1081 688 0 0 0 688
1082 0 0 706 0 706
1083 0 0 701 0 701
1084 2 0 708 0 710
1085 678 0 0 0 678
1086 0 0 700 0 700
1087 0 0 0 667 667
1088 0 0 705 0 705
1089 0 0 709 0 709
1090 697 0 8 0 705
1091 1 0 711 0 712
1092 0 0 705 0 705
1093 0 716 0 0 716
1094 715 0 0 0 715
1095 0 0 0 715 715
1096 0 718 0 0 718
1097 730 0 0 1 731
1098 727 0 0 0 727
1099 0 0 743 0 743
1100 0 0 743 0 743
1101 0 0 739 0 739
1102 753 0 0 0 753
1103 0 0 786 0 786
1104 0 0 809 0 809
1105 847 0 0 0 847
1106 0 0 1 851 852
1107 0 0 1 880 881
1108 0 1 1 911 913
1109 0 0 911 0 911
1110 0 0 0 914 914
1111 0 0 0 902 902
1112 0 897 0 0 897
1113 919 0 0 0 919
1114 0 0 0 984 984
1115 0 989 0 0 989
1116 990 0 0 0 990
1117 984 0 0 0 984
1118 987 0 0 0 987
1119 0 0 998 0 998
1120 984 0 0 0 984
1121 1011 0 1 0 1012
1122 0 0 0 1040 1040
1123 0 0 1043 0 1043
1124 1038 0 0 0 1038
1125 1034 0 0 0 1034
1126 1027 0 0 0 1027
1127 0 0 0 1016 1016
1128 0 1021 0 0 1021
1129 0 1019 0 0 1019
1130 1031 1 0 0 1032
1131 1024 0 0 0 1024
1132 0 0 1034 0 1034
1133 1009 0 0 0 1009
1134 0 0 1 1002 1003
1135 0 0 2 1024 1026
1136 0 0 1032 0 1032
1137 0 0 1024 0 1024
1138 1003 0 0 0 1003
1139 1009 0 0 0 1009
1140 0 0 1028 0 1028
1141 0 0 1025 0 1025
1142 1 0 1 960 962
1143 0 0 1015 0 1015
1144 0 0 1018 0 1018
1145 0 0 0 1006 1006
1146 1029 0 0 0 1029
1147 0 1058 0 0 1058
1148 0 0 0 1085 1085
1149 0 1075 0 0 1075
1150 0 0 0 1077 1077
1151 0 1075 0 0 1075
1152 0 0 1113 0 1113
1153 1094 0 0 0 1094
1154 1103 0 0 0 1103
1155 0 1109 0 0 1109
1156 2 0 1100 0 1102
1157 1075 0 0 0 1075
1158 0 0 1 1104 1105
1159 0 0 1103 0 1103
1160 0 13 0 1084 1097
1161 0 1086 0 0 1086
1162 0 0 0 1116 1116
1163 1104 0 0 0 1104
1164 1084 0 0 0 1084
1165 1093 0 0 0 1093
1166 1097 0 0 0 1097
1167 2 1117 0 0 1119
1168 0 0 0 1088 1088
1169 0 0 1098 0 1098
1170 1053 0 4 0 1057
1171 1056 0 0 0 1056
1172 1056 0 0 0 1056
1173 0 0 1062 2 1064
1174 0 0 1043 0 1043
1175 1036 0 0 0 1036
1176 0 0 0 1045 1045
1177 0 0 1047 0 1047
1178 0 0 1053 0 1053
1179 0 0 1044 0 1044
1180 0 0 1053 0 1053
1181 1041 1 0 0 1042
1182 0 0 0 1061 1061
1183 0 0 1065 0 1065
1184 1 0 1060 0 1061
1185 1 0 1050 0 1051
1186 1045 0 0 0 1045
1187 0 1050 0 0 1050
1188 0 5 1 1060 1066
1189 1 0 1088 0 1089
1190 0 0 0 1068 1068
1191 1087 0 0 0 1087
1192 0 0 0 1106 1106
1193 0 0 1105 0 1105
1194 0 0 0 1061 1061
1195 1 1079 0 1 1081
1196 1078 0 0 0 1078
1197 1063 1 0 0 1064
1198 0 0 1080 0 1080
1199 0 0 0 1062 1062
1200 1077 0 0 0 1077
1201 0 0 0 1111 1111
1202 0 0 1121 0 1121
1203 0 0 1136 0 1136
1204 0 0 0 1171 1171
1205 0 0 1168 0 1168
1206 0 0 1161 0 1161
1207 1166 0 0 0 1166
1208 6 0 1157 0 1163
1209 1147 0 0 0 1147
1210 0 1149 0 0 1149
1211 0 1119 0 0 1119
1212 0 1126 0 0 1126
1213 1128 0 1 0 1129
1214 0 1 0 1144 1145
1215 0 0 1119 0 1119
1216 0 0 1115 0 1115
1217 0 0 1122 0 1122
1218 0 1136 0 0 1136
1219 0 0 0 1144 1144
1220 0 0 1143 0 1143
1221 1139 0 1 0 1140
1222 1 1136 0 0 1137
1223 1142 0 1 0 1143
1224 0 0 1138 0 1138
1225 0 1 0 1105 1106
1226 0 0 1133 0 1133
1227 1126 0 1 0 1127
1228 0 0 0 1130 1130
1229 1 0 1098 10 1109
1230 0 1096 0 0 1096
1231 0 1105 0 1 1106
1232 0 1106 0 0 1106
1233 0 0 0 1106 1106
1234 1096 0 1 0 1097
1235 0 0 1095 0 1095
1236 0 1097 0 0 1097
1237 0 0 0 1103 1103
1238 0 1 0 1109 1110
1239 0 0 0 1109 1109
1240 0 1072 0 29 1101
1241 1096 1 0 0 1097
1242 0 0 1096 0 1096
1243 0 0 0 1061 1061
1244 0 0 1072 0 1072
1245 0 0 1068 0 1068
1246 1055 0 0 0 1055
1247 0 0 1072 0 1072
1248 0 0 0 1052 1052
1249 1067 0 0 0 1067
1250 1071 0 0 0 1071
1251 0 0 0 1039 1039
1252 0 0 1043 0 1043
1253 0 0 1080 0 1080
1254 0 0 0 1036 1036
1255 0 0 0 1073 1073
1256 0 0 0 1078 1078
1257 0 1091 0 1 1092
1258 1097 0 0 0 1097
1259 1136 0 1 0 1137
1260 0 0 0 1147 1147
1261 0 0 1134 0 1134
1262 1147 0 2 0 1149
1263 1154 0 0 0 1154
1264 1150 0 0 0 1150
1265 0 0 1141 0 1141
1266 1090 0 0 0 1090
1267 1039 0 0 0 1039
1268 0 1051 0 0 1051
1269 0 1039 0 0 1039
1270 0 0 0 1041 1041
1271 0 0 1033 0 1033
1272 0 0 1023 0 1023
1273 0 0 0 1016 1016
1274 0 0 0 1033 1033
1275 0 0 1017 0 1017
1276 0 0 1024 0 1024
1277 0 0 0 985 985
1278 1010 0 0 0 1010
1279 0 0 0 1042 1042
1280 0 0 0 1026 1026
1281 0 1021 0 1 1022
1282 0 1045 0 0 1045
1283 0 0 0 1018 1018
1284 0 0 0 1024 1024
1285 0 0 0 1023 1023
1286 0 0 1013 0 1013
1287 0 0 1010 0 1010
1288 0 1016 0 0 1016
1289 0 0 0 1021 1021
1290 0 1 0 1024 1025
1291 0 1032 0 0 1032
1292 0 0 1036 0 1036
1293 1024 0 0 1 1025
1294 1029 0 0 0 1029
1295 1052 0 0 0 1052
1296 0 0 0 1088 1088
1297 1101 0 1 0 1102
1298 1076 0 1 0 1077
1299 1059 0 0 0 1059
1300 1039 0 0 0 1039
1301 0 0 1041 0 1041
1302 1009 0 0 0 1009
1303 0 0 0 1013 1013
1304 1009 0 1 0 1010
1305 1014 0 0 0 1014
1306 0 0 1009 0 1009
1307 999 0 0 0 999
1308 997 0 1 0 998
1309 990 0 0 0 990
1310 1 0 0 975 976
1311 0 0 994 0 994
1312 0 972 0 1 973
1313 0 0 941 0 941
1314 914 0 0 0 914
1315 0 0 0 916 916
1316 0 0 909 0 909
1317 0 0 0 899 899
1318 0 884 0 0 884
1319 0 856 0 0 856
1320 0 867 0 0 867
1321 0 824 0 1 825
1322 0 0 0 824 824
1323 0 0 829 0 829
1324 0 0 0 815 815
1325 824 0 0 0 824
1326 0 0 0 804 804
1327 0 0 0 834 834
1328 0 0 817 0 817
1329 0 0 809 0 809
1330 1 0 797 0 798
1331 790 0 0 0 790
1332 0 0 0 798 798
1333 804 0 1 0 805
1334 0 0 795 0 795
1335 777 0 0 0 777
1336 1 0 826 0 827
1337 825 0 0 0 825
1338 0 0 0 831 831
1339 0 0 830 1 831
1340 0 0 830 0 830
1341 0 0 0 811 811
1342 809 0 0 1 810
1343 0 818 0 0 818
1344 820 0 0 0 820
1345 0 2 0 821 823
1346 0 0 824 0 824
1347 814 0 0 0 814
1348 0 0 0 818 818
1349 0 0 800 0 800
1350 0 0 824 1 825
1351 0 0 0 798 798
1352 0 0 819 0 819
1353 0 0 828 0 828
1354 829 0 1 0 830
1355 830 0 0 0 830
1356 825 0 0 0 825
1357 812 0 0 0 812
1358 0 0 821 0 821
1359 828 0 0 0 828
1360 0 0 826 0 826
1361 829 0 0 0 829
1362 0 847 0 0 847
1363 0 0 0 839 839
1364 0 0 0 850 850
1365 0 0 847 0 847
1366 0 0 844 0 844
1367 0 829 0 1 830
1368 820 0 0 0 820
1369 0 830 0 0 830
1370 0 0 0 825 825
1371 0 825 0 1 826
1372 826 0 0 0 826
1373 0 0 833 0 833
1374 0 831 0 0 831
1375 829 1 0 0 830
1376 1 0 833 0 834
1377 0 821 0 0 821
1378 815 0 0 0 815
1379 815 0 0 0 815
1380 0 819 0 0 819
1381 818 0 0 0 818
1382 0 0 811 0 811
1383 0 793 0 0 793
1384 0 811 0 0 811
1385 818 0 0 0 818
1386 0 0 0 819 819
1387 0 0 0 819 819
1388 0 0 0 827 827
1389 779 0 0 0 779
1390 0 776 0 0 776
1391 0 1 0 758 759
1392 1 0 762 0 763
1393 0 1 1 763 765
1394 0 0 0 759 759
1395 0 0 0 764 764
1396 754 0 0 0 754
1397 757 0 0 0 757
1398 0 0 0 747 747
1399 0 0 734 0 734
1400 0 0 721 0 721
1401 0 0 725 0 725
1402 0 710 0 0 710
1403 0 0 0 722 722
1404 0 734 0 0 734
1405 736 0 1 0 737
1406 0 0 727 0 727
1407 0 0 717 0 717
1408 705 0 0 0 705
1409 0 717 0 0 717
1410 719 0 0 0 719
1411 0 0 702 0 702
1412 0 706 0 0 706
1413 0 0 0 714 714
1414 0 0 720 0 720
1415 0 724 0 0 724
1416 0 0 0 737 737
1417 0 0 737 0 737
1418 0 0 0 733 733
1419 0 0 730 0 730
1420 0 0 725 0 725
1421 0 0 720 0 720
1422 710 0 0 0 710
1423 0 716 0 0 716
1424 726 0 0 0 726
1425 0 716 0 0 716
1426 1 0 0 708 709
1427 0 0 713 0 713
1428 0 0 0 682 682
1429 0 693 0 0 693
1430 687 0 0 0 687
1431 0 672 0 1 673
1432 658 0 16 0 674
1433 0 0 677 0 677
1434 0 0 658 0 658
1435 0 0 0 634 634
1436 1 0 655 0 656
1437 0 0 0 654 654
1438 0 0 0 657 657
1439 0 0 659 0 659
1440 649 0 0 0 649
1441 0 654 0 0 654
1442 649 0 0 0 649
1443 0 0 0 652 652
1444 11 0 634 0 645
1445 0 0 647 0 647
1446 0 640 0 1 641
1447 0 0 0 642 642
1448 3 641 0 0 644
1449 0 0 0 657 657
1450 0 0 653 0 653
1451 0 0 0 639 639
1452 639 0 0 0 639
1453 637 0 0 0 637
1454 0 0 0 632 632
1455 0 0 635 0 635
1456 1 0 612 0 613
1457 608 0 0 0 608
1458 0 0 605 0 605
1459 0 0 601 0 601
1460 582 0 0 0 582
1461 0 0 594 0 594
1462 0 0 0 548 548
1463 0 0 558 0 558
1464 0 0 517 0 517
1465 0 0 0 519 519
1466 0 0 0 517 517
1467 525 0 0 0 525
1468 519 0 0 0 519
1469 0 0 523 0 523
1470 0 0 0 425 425
1471 0 439 0 0 439
1472 0 0 0 440 440
1473 0 0 439 0 439
1474 0 0 0 432 432
1475 0 0 0 428 428
1476 0 426 0 0 426
1477 0 0 0 430 430
1478 425 0 0 0 425
1479 416 0 0 0 416
1480 395 0 0 0 395
1481 0 415 0 0 415
1482 0 403 0 0 403
1483 0 408 0 0 408
1484 0 0 0 406 406
1485 0 0 0 410 410
1486 0 0 0 406 406
1487 0 0 375 0 375
1488 0 0 0 356 356
1489 0 0 0 346 346
1490 0 347 0 0 347
1491 0 351 0 0 351
1492 0 0 0 323 323
1493 0 0 324 0 324
1494 1 0 0 307 308
1495 0 0 0 306 306
1496 0 0 0 308 308
1497 0 0 0 310 310
1498 0 0 312 0 312
1499 0 1 0 307 308
1500 0 0 0 302 302
1501 0 0 0 298 298
1502 0 0 297 0 297
1503 287 0 0 0 287
1504 285 0 1 0 286
1505 0 284 0 0 284
1506 240 0 0 0 240
1507 195 0 0 0 195
1508 0 0 0 184 184
1509 0 0 0 189 189
1510 0 0 187 0 187
1511 0 0 0 188 188
1512 0 187 0 0 187
1513 0 186 0 0 186
1514 0 0 0 168 168
1515 0 0 0 172 172
1516 165 0 0 0 165
1517 0 168 0 0 168
1518 0 0 0 161 161
1519 162 0 0 0 162
1520 161 0 0 1 162
1521 156 0 0 0 156
1522 0 161 0 0 161
1523 0 0 0 150 150
1524 0 0 0 149 149
1525 149 0 0 0 149
1526 141 0 0 0 141
1527 0 0 0 141 141
1528 0 0 0 97 97
1529 0 0 94 0 94
1530 0 0 0 94 94
1531 0 0 0 92 92
1532 0 0 0 89 89
1533 0 57 0 0 57
1534 0 0 0 54 54
1535 0 0 53 0 53
1536 53 0 0 0 53
1537 53 0 0 0 53
1538 32 0 0 0 32
1539 10 0 0 0 10
1540 0 0 0 0 0
1541 0 0 0 0 0
1542 0 0 0 0 0
1543 0 0 0 0 0
1544 0 0 0 0 0
1545 0 0 0 0 0
1546 0 0 0 0 0
1547 0 0 0 0 0
1548 0 0 0 0 0
1549 0 0 0 0 0
1550 0 0 0 0 0
1551 0 0 0 0 0
1552 0 0 0 0 0
1553 0 0 0 0 0
1554 0 0 0 0 0
1555 0 0 0 0 0
1556 0 0 0 0 0
1557 0 0 0 0 0
