0 0 0 0 0 0
1 0 38 0 0 38
2 41 0 0 0 41
3 0 0 39 0 39
4 41 2 0 0 43
5 48 0 0 0 48
6 0 0 43 0 43
7 0 53 0 0 53
8 65 0 0 0 65
9 0 0 79 0 79
10 62 0 21 0 83
11 0 0 83 0 83
12 0 91 0 0 91
13 107 0 0 0 107
14 0 0 0 107 107
15 0 127 0 0 127
16 0 0 0 128 128
17 0 0 0 139 139
18 0 155 0 0 155
19 0 0 0 173 173
20 0 86 0 109 195
21 203 0 0 0 203
22 206 0 0 0 206
23 199 0 0 0 199
24 202 0 0 0 202
25 0 219 0 0 219
26 0 0 0 214 214
27 0 0 217 0 217
28 227 0 0 0 227
29 252 0 1 0 253
30 0 0 255 0 255
31 0 251 0 0 251
32 273 0 0 0 273
33 278 0 0 0 278
34 279 0 0 0 279
35 0 0 0 282 282
36 286 0 0 0 286
37 0 0 278 0 278
38 0 0 275 0 275
39 0 274 0 0 274
40 0 310 0 0 310
41 0 220 0 1 221
42 551 0 0 0 551
43 574 0 0 0 574
44 583 0 3 0 586
45 579 0 0 0 579
46 599 0 0 0 599
47 0 0 0 643 643
48 0 0 695 0 695
49 679 0 7 0 686
50 706 0 0 0 706
51 0 695 0 0 695
52 704 0 0 0 704
53 701 0 0 0 701
54 0 16 0 745 761
55 0 0 807 0 807
56 0 844 0 0 844
57 0 0 0 867 867
58 855 0 0 0 855
59 0 870 0 0 870
60 0 891 0 0 891
61 0 0 0 884 884
62 0 0 0 889 889
63 0 915 0 1 916
64 917 0 0 0 917
65 931 0 0 0 931
66 0 951 0 0 951
67 0 0 0 953 953
68 955 0 0 0 955
69 0 0 0 944 944
70 951 0 0 0 951
71 0 968 0 0 968
72 1023 0 0 0 1023
73 1022 0 0 0 1022
74 1005 0 0 0 1005
75 0 1091 0 0 1091
76 0 0 1234 0 1234
77 0 0 0 1204 1204
78 0 0 0 1252 1252
79 1250 0 1 0 1251
80 1255 0 0 0 1255
81 0 1293 0 0 1293
82 0 1367 0 0 1367
83 0 1488 0 0 1488
84 0 1 0 1495 1496
85 1510 0 0 0 1510
86 0 0 0 1549 1549
87 0 10 0 1529 1539
88 0 0 0 1687 1687
89 0 1930 0 2 1932
90 0 0 0 1924 1924
91 0 1952 0 0 1952
92 1928 9 4 1 1942
93 0 1961 0 0 1961
94 1967 0 6 0 1973
95 0 0 0 1951 1951
96 2 2006 0 1 2009
97 1975 10 0 1 1986
98 1 0 1995 1 1997
99 1 0 1999 0 2000
100 0 0 1977 0 1977
101 0 0 1983 2 1985
102 4 0 2064 0 2068
103 2088 1 0 0 2089
104 1 0 2168 0 2169
105 0 1 0 2138 2139
106 2244 1 0 0 2245
107 0 0 0 2265 2265
108 0 0 0 2294 2294
109 2314 8 0 0 2322
110 0 0 0 2407 2407
111 0 1 0 2677 2678
112 2717 0 0 1 2718
113 0 0 0 2716 2716
114 0 2711 0 0 2711
115 2743 0 0 0 2743
116 0 2835 0 0 2835
117 0 0 0 2977 2977
118 2999 0 0 0 2999
119 0 0 0 3026 3026
120 2986 1 0 2 2989
121 0 0 0 3021 3021
122 82 0 2914 0 2996
123 0 14 0 3143 3157
124 0 0 3488 0 3488
125 0 2 0 3605 3607
126 1 3805 0 0 3806
127 3819 0 13 0 3832
128 1 0 3891 0 3892
129 0 4116 0 0 4116
130 0 0 0 4163 4163
131 0 0 0 4298 4298
132 0 4383 0 0 4383
133 4393 0 2 0 4395
134 0 0 0 4415 4415
135 0 0 0 4447 4447
136 4438 0 0 1 4439
137 0 0 0 4448 4448
138 1 4505 0 1 4507
139 4525 0 3 20 4548
140 0 0 0 4583 4583
141 4542 1 1 1 4545
142 0 4613 0 0 4613
143 0 0 0 4630 4630
144 0 0 0 4638 4638
145 4552 0 31 0 4583
146 0 4662 0 0 4662
147 0 0 0 4646 4646
148 4630 0 0 0 4630
149 0 0 0 4636 4636
150 4612 0 0 0 4612
151 1 35 0 4643 4679
152 0 0 0 4872 4872
153 0 5021 0 2 5023
154 0 0 5025 0 5025
155 2 0 5028 1 5031
156 5013 0 6 1 5020
157 0 1 0 5124 5125
158 5115 0 2 0 5117
159 0 0 0 5232 5232
160 5202 2 0 1 5205
161 1 1 1 5234 5237
162 1 0 0 5280 5281
163 4 0 5135 0 5139
164 0 5451 0 1 5452
165 0 1 0 5609 5610
166 5727 0 1 0 5728
167 5643 0 1 0 5644
168 5681 1 0 0 5682
169 5705 0 0 0 5705
170 0 0 0 5731 5731
171 0 39 0 5804 5843
172 0 5889 0 0 5889
173 0 1 0 5941 5942
174 0 5890 0 2 5892
175 5846 2 2 0 5850
176 0 5942 0 0 5942
177 0 1 0 5965 5966
178 6033 1 0 1 6035
179 5924 0 1 0 5925
180 0 6091 0 2 6093
181 6098 1 3 0 6102
182 0 0 6062 0 6062
183 6128 0 4 2 6134
184 6211 0 0 0 6211
185 6196 0 0 0 6196
186 0 0 0 6254 6254
187 6227 0 16 0 6243
188 6161 0 0 0 6161
189 0 6285 0 1 6286
190 3 1 0 6261 6265
191 1 0 6138 0 6139
192 0 6196 0 2 6198
193 6156 1 0 0 6157
194 2 6343 0 0 6345
195 2021 4394 0 0 6415
196 6436 0 1 0 6437
197 6164 0 190 1 6355
198 5 6492 0 0 6497
199 6498 0 0 1 6499
200 6507 5 0 0 6512
201 1 16 0 6493 6510
202 65 0 6386 0 6451
203 1 6451 0 2 6454
204 0 6533 0 1 6534
205 6639 20 8 2 6669
206 0 50 0 6713 6763
207 0 2 0 6819 6821
208 1 0 6898 0 6899
209 1 1 6826 0 6828
210 6869 0 0 0 6869
211 1 2 0 6874 6877
212 0 2 0 7004 7006
213 15 0 6930 0 6945
214 0 1 0 7135 7136
215 12 0 7110 1 7123
216 1 7281 0 2 7284
217 7409 0 1 3 7413
218 7454 1 0 0 7455
219 7416 0 16 0 7432
220 1 7605 0 1 7607
221 0 0 7477 0 7477
222 0 7559 0 1 7560
223 7712 0 0 28 7740
224 0 2 0 7766 7768
225 1 7965 0 0 7966
226 8115 0 1 0 8116
227 8066 0 0 0 8066
228 8045 0 0 1 8046
229 2 1 0 8078 8081
230 0 0 8068 0 8068
231 0 0 0 7925 7925
232 0 1 2 8130 8133
233 1 8302 0 4 8307
234 8370 20 0 12 8402
235 0 0 8261 0 8261
236 0 0 6998 1134 8132
237 0 8343 1 0 8344
238 0 0 1 8331 8332
239 19 1 8349 0 8369
240 0 1 2 8221 8224
241 3 1 8275 1 8280
242 8310 0 0 0 8310
243 8205 0 2 0 8207
244 2 8413 0 0 8415
245 1 8626 0 0 8627
246 0 0 1 8551 8552
247 0 1 1 8624 8626
248 0 1 0 8709 8710
249 0 8828 0 1 8829
250 0 1 0 8798 8799
251 15 0 8730 0 8745
252 0 8810 0 2 8812
253 8751 0 63 0 8814
254 8729 0 2 0 8731
255 1 8884 0 0 8885
256 8912 0 1 0 8913
257 8885 2 2 0 8889
258 8836 0 0 0 8836
259 8870 0 2 0 8872
260 10 0 8881 0 8891
261 0 0 8796 9 8805
262 0 1 8787 1 8789
263 0 0 8859 1 8860
264 4 1 210 8170 8385
265 0 0 8620 0 8620
266 8841 1 1 1 8844
267 0 9110 0 4 9114
268 8927 0 3 2 8932
269 0 9075 0 113 9188
270 13 0 0 9078 9091
271 1 0 0 9122 9123
272 1 9236 0 0 9237
273 0 1 0 9156 9157
274 0 0 0 9092 9092
275 0 9155 0 0 9155
276 0 1 0 9003 9004
277 1 9192 0 3 9196
278 1 9225 0 0 9226
279 3 9182 0 253 9438
280 9408 0 0 0 9408
281 0 0 9324 1 9325
282 9295 1 0 0 9296
283 9154 97 0 0 9251
284 0 9442 0 2 9444
285 6 9402 0 2 9410
286 0 0 9339 30 9369
287 1 0 9151 0 9152
288 8978 0 0 1 8979
289 22 0 9172 0 9194
290 0 0 0 9064 9064
291 1 0 9218 0 9219
292 1 0 9101 0 9102
293 9282 0 2 0 9284
294 1 9422 0 2 9425
295 9343 0 0 1 9344
296 0 0 0 9187 9187
297 8863 0 1 0 8864
298 0 9177 0 0 9177
299 1 9071 0 6 9078
300 0 9138 0 1 9139
301 0 0 8936 1 8937
302 0 9042 0 1 9043
303 0 0 9157 0 9157
304 1 4451 0 4319 8771
305 0 1 0 8962 8963
306 0 0 0 8970 8970
307 8976 0 1 0 8977
308 2 2 0 8900 8904
309 5 9065 0 1 9071
310 0 1 0 8871 8872
311 0 1 0 8875 8876
312 0 0 8661 0 8661
313 0 8799 0 1 8800
314 2 8877 4 2 8885
315 0 8967 0 1 8968
316 0 0 8819 0 8819
317 0 0 8598 0 8598
318 8 0 8536 0 8544
319 18 8646 13 0 8677
320 0 1 18 8594 8613
321 0 8675 0 1 8676
322 8888 0 1 0 8889
323 8651 1 26 0 8678
324 0 8725 0 0 8725
325 0 8749 0 0 8749
326 7 4120 0 4489 8616
327 0 1 0 8553 8554
328 0 1 0 8562 8563
329 2 8789 0 2 8793
330 8699 0 6 0 8705
331 1 0 8595 0 8596
332 8544 0 1 0 8545
333 8428 0 1 0 8429
334 8350 0 1 0 8351
335 11 0 8211 0 8222
336 0 8217 0 0 8217
337 8247 1 2 0 8250
338 4 8216 0 0 8220
339 0 12 1 7960 7973
340 1 8095 0 1 8097
341 0 8232 0 0 8232
342 0 16 0 8155 8171
343 8163 0 0 0 8163
344 8119 0 0 0 8119
345 1 0 0 8036 8037
346 0 0 0 8112 8112
347 8147 0 0 9 8156
348 0 0 7909 1 7910
349 0 7837 0 0 7837
350 0 7948 0 27 7975
351 3 8108 0 1 8112
352 0 0 8 8046 8054
353 0 8166 0 1 8167
354 8157 1 1 0 8159
355 0 0 0 8148 8148
356 8136 0 0 0 8136
357 0 0 8130 0 8130
358 7908 1 0 0 7909
359 1 0 0 7994 7995
360 0 1 0 7949 7950
361 1 8070 0 2 8073
362 5 0 8067 1 8073
363 3 0 8263 0 8266
364 8319 0 1 0 8320
365 0 0 8268 2 8270
366 8349 0 0 1 8350
367 8341 0 1 0 8342
368 8295 1 0 0 8296
369 22 8396 0 21 8439
370 0 8478 0 1 8479
371 8484 0 1 0 8485
372 8388 0 1 9 8398
373 8399 0 0 0 8399
374 0 0 8440 0 8440
375 2 0 8315 0 8317
376 8403 0 0 0 8403
377 8398 0 0 0 8398
378 8428 0 1 1 8430
379 0 8431 0 0 8431
380 0 0 0 8215 8215
381 0 8341 0 0 8341
382 8408 0 1 0 8409
383 3 1 7983 0 7987
384 0 8108 0 0 8108
385 1 70 1 7865 7937
386 0 7967 0 1 7968
387 1 7976 18 7 8002
388 0 8195 0 0 8195
389 0 0 0 8155 8155
390 0 0 0 8241 8241
391 1 0 8162 0 8163
392 8054 1 0 0 8055
393 0 1 0 8202 8203
394 8203 0 1 0 8204
395 8112 0 0 0 8112
396 0 0 0 8118 8118
397 8163 0 0 0 8163
398 8112 0 0 0 8112
399 1 0 8000 0 8001
400 0 0 7855 2 7857
401 0 0 7726 0 7726
402 5725 2032 15 1 7773
403 7681 0 3 0 7684
404 15 7751 0 0 7766
405 2 7858 0 0 7860
406 3 1 0 7966 7970
407 0 0 0 7935 7935
408 0 1 0 7992 7993
409 0 1 0 8021 8022
410 1 0 7864 3 7868
411 0 0 0 7724 7724
412 0 35 0 7826 7861
413 0 0 7774 2 7776
414 3 7747 0 2 7752
415 0 2 0 7823 7825
416 0 1 0 7911 7912
417 1 0 7881 0 7882
418 0 2 0 7659 7661
419 16 7 7729 0 7752
420 1 0 7630 2 7633
421 7653 0 13 0 7666
422 0 7748 0 0 7748
423 6 7904 0 0 7910
424 7973 0 34 0 8007
425 7968 2 0 0 7970
426 7917 2 3 0 7922
427 0 1 0 8019 8020
428 2 0 8075 0 8077
429 7963 0 0 0 7963
430 7965 1 0 1 7967
431 1 0 1 8013 8015
432 0 0 7986 0 7986
433 1 8096 0 0 8097
434 8578 3 1 0 8582
435 8509 0 0 0 8509
436 8456 0 2 2 8460
437 0 8384 0 0 8384
438 8199 0 0 0 8199
439 0 9228 0 1 9229
440 3 2 3 9249 9257
441 0 0 0 9284 9284
442 0 0 1 9406 9407
443 0 0 9396 0 9396
444 1 9388 0 5 9394
445 0 0 1 9412 9413
446 0 1 0 9415 9416
447 1 0 0 9452 9453
448 9407 1 1 0 9409
449 9241 4 0 1 9246
450 1 9090 19 2 9112
451 0 8926 0 1 8927
452 0 9021 0 1 9022
453 9003 1 0 0 9004
454 1 644 0 8259 8904
455 0 0 0 9093 9093
456 9129 0 2 1 9132
457 0 3 1 9078 9082
458 3 0 8871 0 8874
459 0 8793 0 134 8927
460 9008 0 2 0 9010
461 0 5 8926 1 8932
462 0 8715 0 1 8716
463 0 8726 0 5 8731
464 0 8786 0 0 8786
465 8848 2 3 0 8853
466 8750 0 0 0 8750
467 0 8852 0 1 8853
468 3 8879 0 20 8902
469 8835 1 0 0 8836
470 1 0 9013 1 9015
471 0 0 8898 3 8901
472 3 0 8794 1 8798
473 8 1 8786 1 8796
474 0 0 8869 3 8872
475 8842 0 2 0 8844
476 1 1 0 8960 8962
477 8949 0 1 0 8950
478 1 9026 0 1 9028
479 0 2 0 9092 9094
480 9045 0 3 0 9048
481 5 9127 0 2 9134
482 9108 1 0 0 9109
483 9164 0 3 0 9167
484 0 2 0 9156 9158
485 0 1 9112 1 9114
486 4 0 8913 13 8930
487 9030 0 5 1 9036
488 9034 0 2 1 9037
489 41 8887 9 2 8939
490 8953 0 19 0 8972
491 8943 13 2 0 8958
492 0 0 8988 0 8988
493 8879 0 1 0 8880
494 0 0 8926 2 8928
495 1 0 8682 1 8684
496 8847 0 0 0 8847
497 2 0 8836 0 8838
498 8994 0 1 1 8996
499 5 9121 0 1 9127
500 9323 0 0 0 9323
501 0 0 9241 1 9242
502 9295 0 1 1 9297
503 9293 0 3 0 9296
504 9246 0 0 0 9246
505 0 9411 0 0 9411
506 9336 1 1 0 9338
507 9367 0 0 0 9367
508 0 0 9273 0 9273
509 1 9452 0 0 9453
510 0 1 1 9391 9393
511 3 0 9484 0 9487
512 9406 0 70 5 9481
513 1 0 9631 0 9632
514 0 0 9517 0 9517
515 0 9631 0 0 9631
516 9833 0 0 1 9834
517 0 2 0 9888 9890
518 0 9976 0 0 9976
519 0 1 1 10027 10029
520 10083 0 2 0 10085
521 10094 0 3 0 10097
522 0 1 0 10292 10293
523 0 2 0 10203 10205
524 0 4 0 10078 10082
525 0 10181 0 33 10214
526 10247 0 1 9 10257
527 1 0 10591 1 10593
528 2 2 3 10392 10399
529 1 10519 0 0 10520
530 10721 0 3 1 10725
531 10659 0 36 1 10696
532 10592 2 2 0 10596
533 0 3 0 10637 10640
534 0 0 1 10596 10597
535 1 0 10523 2 10526
536 4 1 10379 1 10385
537 23 0 10414 1 10438
538 13 10493 0 4 10510
539 10817 0 4 0 10821
540 10742 0 0 0 10742
541 10700 0 0 0 10700
542 10614 0 7 5 10626
543 1 1 1 10474 10477
544 1 10359 0 50 10410
545 3 10290 0 0 10293
546 0 10424 0 0 10424
547 10493 0 2 0 10495
548 10461 1 3 3 10468
549 3 10667 0 16 10686
550 10723 0 1 0 10724
551 2 1 10731 0 10734
552 0 1 0 10345 10346
553 10708 0 0 0 10708
554 0 1 10727 1 10729
555 10576 1 190 0 10767
556 254 0 10433 2 10689
557 10786 0 0 0 10786
558 10830 1 1 0 10832
559 0 10753 0 13 10766
560 0 1 0 10582 10583
561 3 10816 1 1 10821
562 1 10963 0 8 10972
563 10994 12 2 0 11008
564 0 0 0 10920 10920
565 0 0 1 10881 10882
566 0 1 2 10838 10841
567 1 0 1 10777 10779
568 0 10789 0 5 10794
569 0 10894 0 1 10895
570 10816 0 1 1 10818
571 1 10870 0 16 10887
572 10980 0 0 0 10980
573 1 0 1 10837 10839
574 1 0 10862 0 10863
575 1 0 10696 0 10697
576 1 10839 0 5 10845
577 10888 0 2 0 10890
578 1 0 10990 0 10991
579 1 10932 0 8 10941
580 11029 0 0 0 11029
581 1 0 0 10958 10959
582 1 0 10883 2 10886
583 0 0 10405 1 10406
584 10544 0 1 0 10545
585 0 0 10695 3 10698
586 1 10762 0 3 10766
587 2 0 10845 0 10847
588 0 0 10654 0 10654
589 0 0 10721 0 10721
590 0 0 1 10488 10489
591 1 10588 0 0 10589
592 0 10784 0 5 10789
593 2 1 10787 0 10790
594 0 10798 0 0 10798
595 22 0 10462 420 10904
596 1 0 2 10399 10402
597 5 0 10657 0 10662
598 0 10650 0 2 10652
599 0 10861 0 2 10863
600 10965 0 0 0 10965
601 19 1 0 10939 10959
602 0 1 11000 0 11001
603 10745 7 0 0 10752
604 0 0 0 10882 10882
605 9 0 10869 0 10878
606 0 0 10807 0 10807
607 0 0 0 10680 10680
608 10925 0 2 0 10927
609 10943 0 5 1 10949
610 7 0 10890 0 10897
611 0 1 10826 0 10827
612 10850 0 0 1 10851
613 10790 0 0 0 10790
614 2 0 0 10744 10746
615 1 0 10828 0 10829
616 1 0 10674 0 10675
617 10650 0 9 4 10663
618 0 10673 1 20 10694
619 10784 0 0 1 10785
620 1 0 1 10718 10720
621 10735 11 0 0 10746
622 7 0 18 10625 10650
623 10732 0 0 2 10734
624 1 11 2 10347 10361
625 0 10833 0 1 10834
626 1 0 10919 0 10920
627 1 0 10827 1 10829
628 10508 0 1 0 10509
629 10 0 10659 46 10715
630 0 0 1 10390 10391
631 0 1 0 10625 10626
632 0 0 10749 0 10749
633 10652 0 1 0 10653
634 0 3 0 10612 10615
635 2 0 10584 0 10586
636 2 0 10429 4 10435
637 0 10360 0 16 10376
638 0 5534 2 4783 10319
639 0 10597 0 1 10598
640 0 1 1 10628 10630
641 0 0 10559 1 10560
642 10499 0 6 0 10505
643 1 10817 0 2 10820
644 10963 0 3 0 10966
645 10590 1 0 8 10599
646 0 2 0 10926 10928
647 11094 0 0 1 11095
648 10981 7 34 0 11022
649 0 1 0 10955 10956
650 0 0 10821 0 10821
651 1 10817 0 3 10821
652 10880 0 1 0 10881
653 3 1 1 10825 10830
654 0 0 0 10960 10960
655 0 0 10811 0 10811
656 0 10908 0 0 10908
657 1 1 1 10923 10926
658 1 10928 0 1 10930
659 11078 1 14 0 11093
660 11043 0 1 0 11044
661 10943 0 1 1 10945
662 1 0 11120 0 11121
663 0 1 0 10474 10475
664 10963 0 1 0 10964
665 11000 1 0 0 11001
666 11022 0 1 0 11023
667 10936 0 14 0 10950
668 0 1 0 10756 10757
669 10778 0 0 0 10778
670 0 0 1 10790 10791
671 0 0 10818 0 10818
672 1 1 10652 0 10654
673 10475 0 1 1 10477
674 1 0 10599 0 10600
675 10644 0 0 1 10645
676 10592 1 2 0 10595
677 1 0 10483 0 10484
678 0 10077 1 1 10079
679 10020 0 159 0 10179
680 0 1 0 10037 10038
681 10027 0 2 1 10030
682 1 1 0 9915 9917
683 9879 1 0 0 9880
684 0 10045 0 2 10047
685 1 1 0 9939 9941
686 0 0 9750 0 9750
687 9723 0 2 0 9725
688 0 9680 0 1 9681
689 9447 0 1 0 9448
690 0 9441 0 0 9441
691 9407 52 0 2 9461
692 1 193 0 9149 9343
693 9126 0 3 0 9129
694 0 8935 1 499 9435
695 1 9373 1 39 9414
696 9418 0 1 0 9419
697 0 2 1 9184 9187
698 2 0 0 9280 9282
699 11 9262 0 0 9273
700 1 8865 0 502 9368
701 1 4 1 9334 9340
702 9320 0 0 0 9320
703 0 2 0 9244 9246
704 0 0 9287 0 9287
705 0 9277 0 34 9311
706 9381 0 1 0 9382
707 9347 0 1 0 9348
708 9318 0 1 0 9319
709 236 9176 0 0 9412
710 9537 0 3 0 9540
711 9409 0 5 0 9414
712 0 9434 0 2 9436
713 9473 1 0 0 9474
714 0 43 1 9170 9214
715 4 9365 0 1 9370
716 5 9441 0 0 9446
717 0 0 1 9407 9408
718 9532 0 1 0 9533
719 9485 0 0 0 9485
720 1 0 9291 11 9303
721 9365 0 0 0 9365
722 9343 1 1 0 9345
723 0 9353 0 0 9353
724 9274 0 5 3 9282
725 0 9430 0 0 9430
726 9529 0 0 0 9529
727 9449 0 0 0 9449
728 1 0 9370 0 9371
729 9371 0 2 1 9374
730 9384 0 0 0 9384
731 9369 0 0 0 9369
732 10 0 9217 0 9227
733 1 3 0 8566 8570
734 2 0 8920 0 8922
735 0 8839 0 0 8839
736 0 9053 1 0 9054
737 5 1 3 9042 9051
738 0 0 9143 0 9143
739 0 9123 0 1 9124
740 9241 0 3 1 9245
741 9122 0 0 0 9122
742 0 1 0 9088 9089
743 0 2 0 9145 9147
744 0 0 8934 0 8934
745 0 8849 0 0 8849
746 8810 1 2 4 8817
747 1 0 1 8655 8657
748 1 8884 0 0 8885
749 0 0 8862 1 8863
750 1 0 8686 0 8687
751 2 0 8673 1 8676
752 3 1 9027 1 9032
753 1 0 9096 1 9098
754 9119 0 1 0 9120
755 9139 0 2 0 9141
756 9146 0 1 1 9148
757 1 2 0 9032 9035
758 0 2 1 9062 9065
759 0 0 9095 0 9095
760 1 0 0 8948 8949
761 0 0 0 9058 9058
762 9048 0 0 0 9048
763 3 0 2 8888 8893
764 1 8940 0 1 8942
765 0 1 1 8958 8960
766 9032 0 3 0 9035
767 8945 0 0 0 8945
768 0 0 0 9001 9001
769 0 0 8893 1 8894
770 8675 0 294 0 8969
771 0 7 0 8839 8846
772 8966 0 0 0 8966
773 8770 0 1 0 8771
774 1 8798 0 1 8800
775 12 2 0 8862 8876
776 11 0 8819 1 8831
777 8600 0 1 16 8617
778 0 0 0 8645 8645
779 2 0 8633 5 8640
780 0 0 8481 0 8481
781 2 8449 1 0 8452
782 5 2 0 8372 8379
783 1 8536 0 1 8538
784 8737 0 0 0 8737
785 18 0 8650 0 8668
786 3 8520 0 0 8523
787 0 0 1 8666 8667
788 2 0 1 8574 8577
789 6 8641 0 39 8686
790 8731 2 2 0 8735
791 11 0 8668 0 8679
792 34 0 8581 0 8615
793 0 1 0 8024 8025
794 1 0 8532 0 8533
795 1 0 1 8456 8458
796 0 0 0 8513 8513
797 8595 0 4 0 8599
798 1 0 8582 0 8583
799 1 0 1 8236 8238
800 0 0 8392 0 8392
801 8427 0 1 2 8430
802 8448 0 4 1 8453
803 0 0 0 8442 8442
804 4 0 8367 0 8371
805 0 8382 0 0 8382
806 8464 0 4 1 8469
807 0 0 8448 1 8449
808 8361 0 0 33 8394
809 0 2 0 8316 8318
810 1 1 0 8357 8359
811 0 1 0 8353 8354
812 0 8311 0 0 8311
813 3 0 1 8419 8423
814 0 10 1 8506 8517
815 8564 0 2 0 8566
816 8395 0 1 1 8397
817 0 0 8504 0 8504
818 8315 2 0 1 8318
819 0 28 5 8087 8120
820 0 1 1 8138 8140
821 1 8255 0 3 8259
822 2 0 8284 0 8286
823 7961 0 13 1 7975
824 10 0 8074 1 8085
825 7819 1 2 0 7822
826 10 1 7739 0 7750
827 0 0 7703 0 7703
828 5 0 7685 8 7698
829 10 7599 0 7 7616
830 1 7578 0 4 7583
831 2 0 7863 0 7865
832 7404 0 0 0 7404
833 7428 1 1 0 7430
834 0 0 0 7550 7550
835 7555 0 0 0 7555
836 3888 1 3670 0 7559
837 1 1 0 7335 7337
838 7427 0 1 7 7435
839 7417 0 0 0 7417
840 7429 2 0 0 7431
841 7520 0 1 0 7521
842 0 0 7546 1 7547
843 7573 0 0 0 7573
844 7648 1 0 0 7649
845 7598 0 0 0 7598
846 1 0 1 7448 7450
847 7495 0 0 0 7495
848 0 0 0 7321 7321
849 0 0 0 7328 7328
850 0 2478 1 4888 7367
851 1 7241 0 2 7244
852 0 7183 0 0 7183
853 7281 0 1 0 7282
854 7222 0 0 0 7222
855 8 7246 0 0 7254
856 7191 0 0 0 7191
857 0 0 7207 0 7207
858 1 0 7070 0 7071
859 7111 0 1 0 7112
860 7253 0 0 0 7253
861 51 0 7045 0 7096
862 7186 1 0 0 7187
863 0 0 7152 0 7152
864 1 1 1 6857 6860
865 7165 0 3 0 7168
866 7114 0 1 0 7115
867 7037 0 0 1 7038
868 6964 0 1 0 6965
869 1 6768 0 0 6769
870 6695 0 0 1 6696
871 0 6675 0 0 6675
872 6624 0 1 0 6625
873 0 6682 0 1 6683
874 0 1 1 6692 6694
875 15 0 6712 0 6727
876 6565 0 3 0 6568
877 1 0 6734 1 6736
878 1 0 6654 0 6655
879 6707 1 0 1 6709
880 6785 0 2 0 6787
881 1 1 0 6630 6632
882 3 0 6702 1 6706
883 2 6600 0 16 6618
884 6714 0 0 4 6718
885 1 6716 0 0 6717
886 6746 0 1 0 6747
887 2 0 15 6690 6707
888 0 0 6695 0 6695
889 1 6690 0 8 6699
890 9 0 6734 0 6743
891 1 0 6598 1 6600
892 6497 1 2 0 6500
893 0 0 0 6556 6556
894 0 3 0 6559 6562
895 0 4 1 6624 6629
896 12 0 6503 2 6517
897 0 6411 1 9 6421
898 0 6555 0 3 6558
899 6591 0 1 0 6592
900 0 0 6498 0 6498
901 3 6474 0 1 6478
902 6656 0 1 0 6657
903 6660 2 0 0 6662
904 1 0 1 6622 6624
905 6717 0 3 0 6720
906 6697 1 0 0 6698
907 6646 0 0 0 6646
908 6492 0 0 0 6492
909 1 6600 0 2 6603
910 2 6456 0 1 6459
911 6536 0 0 1 6537
912 0 0 1 6436 6437
913 6583 1 0 0 6584
914 0 0 6377 0 6377
915 6516 0 0 0 6516
916 6554 0 0 0 6554
917 0 1 0 6465 6466
918 1 0 6464 0 6465
919 0 1 1 6238 6240
920 0 0 6412 0 6412
921 0 6278 0 3 6281
922 1 6359 0 0 6360
923 0 0 19 6421 6440
924 4 0 6509 1 6514
925 1 0 0 6329 6330
926 6548 0 0 0 6548
927 0 0 6388 2 6390
928 6448 0 4 2 6454
929 0 0 6383 0 6383
930 6419 0 1 0 6420
931 0 6449 0 1 6450
932 6509 0 0 1 6510
933 6415 0 9 0 6424
934 0 6476 0 2 6478
935 6525 1 1 0 6527
936 0 0 6570 0 6570
937 1 0 6542 16 6559
938 0 6 0 6263 6269
939 6600 0 0 0 6600
940 0 6630 0 1 6631
941 6712 0 2 0 6714
942 15 6722 0 0 6737
943 6761 1 4 0 6766
944 3 0 6696 0 6699
945 2 6689 0 0 6691
946 6876 0 1 0 6877
947 6899 0 0 0 6899
948 6900 0 1 0 6901
949 6952 1 1 0 6954
950 6921 12 1 0 6934
951 0 0 6705 0 6705
952 6623 0 7 0 6630
953 1 6846 0 0 6847
954 3 6952 0 0 6955
955 0 2 1 6865 6868
956 0 3 0 6894 6897
957 1 0 0 6876 6877
958 0 1 0 7003 7004
959 1 0 7037 0 7038
960 0 0 0 6809 6809
961 0 6923 0 4 6927
962 7013 0 5 0 7018
963 6996 1 0 1 6998
964 7036 1 1 0 7038
965 0 13 0 7077 7090
966 13 0 1 7223 7237
967 7226 0 1 0 7227
968 7155 0 0 0 7155
969 7061 12 0 1 7074
970 1 7118 0 1 7120
971 0 39 7130 0 7169
972 0 0 0 6736 6736
973 250 0 6767 0 7017
974 0 0 6998 0 6998
975 6894 0 12 0 6906
976 0 0 7043 8 7051
977 7074 0 1 1 7076
978 1 7179 0 0 7180
979 0 0 0 7213 7213
980 0 0 7275 0 7275
981 7239 0 0 0 7239
982 2 0 0 7228 7230
983 7301 0 1 0 7302
984 9 7325 1 2 7337
985 7346 1 0 11 7358
986 0 0 7505 0 7505
987 3 8043 0 2 8048
988 8150 1 2 1 8154
989 0 0 8198 0 8198
990 8142 0 0 1 8143
991 8247 0 0 0 8247
992 8422 0 0 2 8424
993 0 0 0 8593 8593
994 8675 0 0 0 8675
995 8502 1 1 0 8504
996 0 1 8556 0 8557
997 8389 1 0 0 8390
998 0 2 1 8434 8437
999 0 4 0 8613 8617
1000 1 0 8494 1 8496
1001 8397 7 0 1 8405
1002 0 0 0 8537 8537
1003 3 0 8584 0 8587
1004 0 1 0 8327 8328
1005 1 0 8485 0 8486
1006 0 8474 0 0 8474
1007 8604 0 0 0 8604
1008 1 8668 0 4 8673
1009 8705 0 1 2 8708
1010 2 0 8704 1 8707
1011 8565 0 0 0 8565
1012 1 0 1 8572 8574
1013 8436 0 0 0 8436
1014 0 8897 0 0 8897
1015 0 1 0 8903 8904
1016 0 4 0 9028 9032
1017 9027 1 0 0 9028
1018 0 1 1 9048 9050
1019 0 0 1 9108 9109
1020 0 4 0 9224 9228
1021 2 1 9214 0 9217
1022 1 1 9028 0 9030
1023 9019 1 9 1 9030
1024 1 8999 0 0 9000
1025 8772 0 0 1 8773
1026 0 9166 0 0 9166
1027 7 9068 0 1 9076
1028 1 9136 0 1 9138
1029 0 9225 4 1 9230
1030 8 9305 1 0 9314
1031 9304 0 9 0 9313
1032 0 0 9224 3 9227
1033 9132 0 1 0 9133
1034 2 9205 0 3 9210
1035 2 9262 0 0 9264
1036 9474 0 1 0 9475
1037 9265 0 7 0 9272
1038 9229 0 0 0 9229
1039 0 0 0 9381 9381
1040 13 0 9332 0 9345
1041 9144 0 1 0 9145
1042 0 1 0 9278 9279
1043 1 0 9339 6 9346
1044 1 0 9272 0 9273
1045 9128 3 1 0 9132
1046 9242 1 0 0 9243
1047 6 0 9240 1 9247
1048 0 9172 0 1 9173
1049 9399 0 0 0 9399
1050 0 2 0 9444 9446
1051 9500 0 0 0 9500
1052 9391 1 3 1 9396
1053 0 9301 0 2 9303
1054 9342 0 15 1 9358
1055 0 0 9247 0 9247
1056 0 0 9153 0 9153
1057 29 8909 0 1 8939
1058 2 9009 0 0 9011
1059 0 9295 0 0 9295
1060 1 4 2 9437 9444
1061 0 1 1 9763 9765
1062 8 0 9737 0 9745
1063 1 4 0 9635 9640
1064 2 0 9763 0 9765
1065 9643 0 0 0 9643
1066 9619 0 4 0 9623
1067 3 0 1 9717 9721
1068 0 9855 0 0 9855
1069 1 2 0 9957 9960
1070 3 0 9897 0 9900
1071 9599 2 0 3 9604
1072 0 2 1 9807 9810
1073 3 2 9881 0 9886
1074 1 0 9730 0 9731
1075 2 0 9780 1 9783
1076 1 0 9848 0 9849
1077 9735 0 3 1 9739
1078 0 9870 0 1 9871
1079 10003 0 0 0 10003
1080 9961 1 0 0 9962
1081 9997 0 0 0 9997
1082 0 0 10146 10 10156
1083 0 1 10113 0 10114
1084 1 0 10068 0 10069
1085 9837 3 0 2 9842
1086 76 0 10137 0 10213
1087 1 2 1 9599 9603
1088 0 1 10062 1 10064
1089 4 0 10054 0 10058
1090 10065 3 23 0 10091
1091 2 1 10059 17 10079
1092 3 0 9993 0 9996
1093 36 9998 0 2 10036
1094 10213 0 0 5 10218
1095 0 13 0 10009 10022
1096 0 10158 0 1 10159
1097 10221 1 0 0 10222
1098 10164 0 0 0 10164
1099 0 0 10340 0 10340
1100 11 0 10239 1 10251
1101 0 0 10202 0 10202
1102 10277 0 2 0 10279
1103 0 0 10358 0 10358
1104 1 0 10408 0 10409
1105 10301 0 1 0 10302
1106 0 3 0 10449 10452
1107 1 2 1 10646 10650
1108 0 5 0 10790 10795
1109 0 0 10697 23 10720
1110 1 8 1 10440 10450
1111 0 3 1 10531 10535
1112 1 10550 0 2 10553
1113 10511 0 1 0 10512
1114 0 0 2 10438 10440
1115 1 10524 0 2 10527
1116 10615 1 2 0 10618
1117 10599 0 0 0 10599
1118 10601 0 2 0 10603
1119 0 0 10644 0 10644
1120 10535 0 0 0 10535
1121 10731 0 2 0 10733
1122 0 0 0 10711 10711
1123 1 1 10676 0 10678
1124 10692 0 4 0 10696
1125 10627 0 8 0 10635
1126 10549 0 1 0 10550
1127 1 17 1 10326 10345
1128 1 10413 1 1 10416
1129 0 10353 0 0 10353
1130 10407 1 3 0 10411
1131 10280 2 0 0 10282
1132 0 0 10521 0 10521
1133 10185 0 3 11 10199
1134 0 1 0 10362 10363
1135 0 13 0 10533 10546
1136 1 0 10630 0 10631
1137 1 0 10548 0 10549
1138 10341 0 0 0 10341
1139 10465 1 0 16 10482
1140 3 0 10481 0 10484
1141 1 0 10466 1 10468
1142 0 0 0 9553 9553
1143 1 0 10298 1 10300
1144 0 0 10395 0 10395
1145 0 1 0 9914 9915
1146 10244 0 0 0 10244
1147 0 10429 0 0 10429
1148 0 0 0 10611 10611
1149 1 10657 0 1 10659
1150 0 1 0 10637 10638
1151 0 10744 0 1 10745
1152 1 0 10852 1 10854
1153 10553 3 0 1 10557
1154 10611 1 2 0 10614
1155 1 10751 0 1 10753
1156 5 0 10764 15 10784
1157 10601 0 2 2 10605
1158 0 0 0 10801 10801
1159 1 0 10835 0 10836
1160 2 1 0 10573 10576
1161 0 10651 0 0 10651
1162 0 1 0 10924 10925
1163 10909 0 0 0 10909
1164 10754 0 2 0 10756
1165 10693 0 1 0 10694
1166 10595 0 1 0 10596
1167 1 10779 0 0 10780
1168 0 2 1 10718 10721
1169 86 0 10682 8 10776
1170 5387 0 5182 0 10569
1171 10467 1 1 0 10469
1172 10543 0 0 1 10544
1173 0 0 10721 2 10723
1174 1 0 10587 0 10588
1175 10338 2 0 2 10342
1176 0 0 0 10537 10537
1177 0 0 10560 0 10560
1178 5 0 10400 0 10405
1179 0 0 10358 1 10359
1180 1 0 10321 0 10322
1181 10314 1 0 2 10317
1182 0 0 1 10245 10246
1183 1 0 10361 1 10363
1184 1 0 10321 4 10326
1185 4013 0 6181 0 10194
1186 10116 0 1 0 10117
1187 0 10291 0 1 10292
1188 0 2 0 10422 10424
1189 12 0 10486 0 10498
1190 1 1 0 10305 10307
1191 10416 0 0 0 10416
1192 0 1 0 10483 10484
1193 0 1 10459 0 10460
1194 1 39 0 10204 10244
1195 0 10337 0 2 10339
1196 10519 0 0 1 10520
1197 10384 3 1 0 10388
1198 0 0 10594 0 10594
1199 1 0 0 10051 10052
1200 10336 0 0 0 10336
1201 0 0 0 10412 10412
1202 0 0 10488 0 10488
1203 0 0 10471 0 10471
1204 0 1 0 10162 10163
1205 1 0 10512 0 10513
1206 0 0 10509 0 10509
1207 10385 1 1 0 10387
1208 1 1 10387 2 10391
1209 10232 0 1 0 10233
1210 0 10269 28 2 10299
1211 6 10257 0 26 10289
1212 0 10474 0 2 10476
1213 10570 0 4 0 10574
1214 0 2 0 10392 10394
1215 0 0 10346 0 10346
1216 0 0 10338 11 10349
1217 0 0 10077 6 10083
1218 0 10262 0 0 10262
1219 0 32 1 10377 10410
1220 1 0 10535 0 10536
1221 10457 1 3 1 10462
1222 53 10463 0 2 10518
1223 10513 0 0 1 10514
1224 0 0 10577 0 10577
1225 2 2 0 10084 10088
1226 3 0 10388 0 10391
1227 10406 0 0 0 10406
1228 1 29 0 10263 10293
1229 66 0 10244 0 10310
1230 2 10035 0 0 10037
1231 4 10147 1 0 10152
1232 0 10336 0 1 10337
1233 0 1 0 10485 10486
1234 10245 0 1 19 10265
1235 2 0 10261 0 10263
1236 2 10068 0 19 10089
1237 0 0 5 10340 10345
1238 0 0 0 10375 10375
1239 0 1 0 10311 10312
1240 1 1 0 10295 10297
1241 9997 1 0 0 9998
1242 0 1 10121 0 10122
1243 2 2 0 9467 9471
1244 1 1 9904 0 9906
1245 3 1 9880 0 9884
1246 9589 2 14 0 9605
1247 1 0 9826 1 9828
1248 0 0 0 9518 9518
1249 9685 0 64 0 9749
1250 9699 0 0 0 9699
1251 1 0 0 9759 9760
1252 0 0 9765 1 9766
1253 0 0 10180 0 10180
1254 0 5 1 9878 9884
1255 0 2 0 10192 10194
1256 0 2 0 10293 10295
1257 0 10372 3 4 10379
1258 10591 2 1 1 10595
1259 10576 0 0 15 10591
1260 0 0 1 10658 10659
1261 4 0 10752 1 10757
1262 9937 0 861 1 10799
1263 10835 0 3 1 10839
1264 10921 0 0 0 10921
1265 0 1 10718 0 10719
1266 10550 1 0 0 10551
1267 10261 1 0 0 10262
1268 0 10509 0 0 10509
1269 0 10649 0 1 10650
1270 2 2 0 10767 10771
1271 1 0 10809 6 10816
1272 2 0 10877 0 10879
1273 0 2 1 10595 10598
1274 0 1 0 10783 10784
1275 0 0 10754 0 10754
1276 1 0 10740 0 10741
1277 0 7 0 10321 10328
1278 10611 0 1 1 10613
1279 1 1 0 10722 10724
1280 0 2 1 10607 10610
1281 1 10375 0 2 10378
1282 0 10681 0 0 10681
1283 0 17 0 10822 10839
1284 0 0 0 10865 10865
1285 0 160 0 10773 10933
1286 3 0 10899 0 10902
1287 0 0 10734 0 10734
1288 0 10569 0 0 10569
1289 0 2 3 10628 10633
1290 0 19 1 10525 10545
1291 3 10635 2 3 10643
1292 2 0 10936 12 10950
1293 10781 2 1 0 10784
1294 10874 0 1 0 10875
1295 11009 0 1 0 11010
1296 0 0 1 11142 11143
1297 11239 1 2 0 11242
1298 11235 0 3 0 11238
1299 11170 0 0 0 11170
1300 11065 1 0 0 11066
1301 1 0 11010 42 11053
1302 10865 1 2 0 10868
1303 0 1 0 10957 10958
1304 11026 0 2 0 11028
1305 11023 0 3 2 11028
1306 0 0 11005 0 11005
1307 10816 0 2 0 10818
1308 10915 0 3 0 10918
1309 10914 0 14 0 10928
1310 0 4 2 10647 10653
1311 1 0 10874 0 10875
1312 29 10544 0 6 10579
1313 29 0 10838 0 10867
1314 10618 0 3 2 10623
1315 2 0 1 10672 10675
1316 2 0 10710 1 10713
1317 0 0 0 10423 10423
1318 0 10415 0 1 10416
1319 1 10253 1 1 10256
1320 1 10416 0 0 10417
1321 0 10482 0 25 10507
1322 1 3 16 10651 10671
1323 2 0 10780 0 10782
1324 0 1 0 10509 10510
1325 10518 0 0 0 10518
1326 0 1 7 10687 10695
1327 1 3 1 10865 10870
1328 2 0 10836 0 10838
1329 2 0 10813 3 10818
1330 0 0 10765 0 10765
1331 10348 0 9 0 10357
1332 0 0 1 10768 10769
1333 10791 0 3 1 10795
1334 1 0 10916 0 10917
1335 10514 0 2 2 10518
1336 1 0 10831 0 10832
1337 10698 0 1 0 10699
1338 0 2 4 10772 10778
1339 0 0 10839 0 10839
1340 28 0 10752 1 10781
1341 0 3 1 10526 10530
1342 10574 1 2 0 10577
1343 0 10583 0 4 10587
1344 10745 0 2 1 10748
1345 2 1 0 10885 10888
1346 2 0 10940 1 10943
1347 10714 0 2 0 10716
1348 0 2 0 10763 10765
1349 1 0 10871 0 10872
1350 2 0 10815 0 10817
1351 1 3 0 10387 10391
1352 6 0 10800 0 10806
1353 0 0 10819 3 10822
1354 10901 0 1 1 10903
1355 10886 1 5 0 10892
1356 10934 1 0 0 10935
1357 10918 0 2 0 10920
1358 0 49 10943 0 10992
1359 10798 0 1 1 10800
1360 0 0 10885 0 10885
1361 10640 0 1 0 10641
1362 0 10925 1 0 10926
1363 0 3 0 10892 10895
1364 1 0 0 11016 11017
1365 3 20 11033 15 11071
1366 3 0 10886 0 10889
1367 6 10718 0 3 10727
1368 10609 0 4 0 10613
1369 0 10566 0 0 10566
1370 1 15 1 10448 10465
1371 0 10603 0 1 10604
1372 10032 0 620 0 10652
1373 0 0 10689 0 10689
1374 0 10479 0 2 10481
1375 10542 0 2 0 10544
1376 3 0 10564 0 10567
1377 1 10485 0 3 10489
1378 10709 0 1 0 10710
1379 10599 0 2 0 10601
1380 0 10676 0 0 10676
1381 10638 0 1 1 10640
1382 1 0 10694 0 10695
1383 0 10455 0 1 10456
1384 1 10474 0 0 10475
1385 10627 0 1 0 10628
1386 1 2 0 10690 10693
1387 0 0 0 10692 10692
1388 0 1 0 10781 10782
1389 10564 0 0 1 10565
1390 1 10642 0 0 10643
1391 0 4 0 10693 10697
1392 1 0 10858 0 10859
1393 0 0 0 10603 10603
1394 0 0 0 10590 10590
1395 4 0 0 10720 10724
1396 10640 0 0 1 10641
1397 10538 0 1 0 10539
1398 0 1 0 10483 10484
1399 1 0 10446 0 10447
1400 1 0 10260 9 10270
1401 3 0 10193 0 10196
1402 1 9853 0 0 9854
1403 0 0 2 10121 10123
1404 0 10168 1 1 10170
1405 10271 0 0 0 10271
1406 1 0 10263 2 10266
1407 0 0 10141 1 10142
1408 9974 0 1 1 9976
1409 0 10071 0 1 10072
1410 10200 0 2 1 10203
1411 0 0 10135 0 10135
1412 2 9825 0 1 9828
1413 0 0 0 9996 9996
1414 28 0 10072 1 10101
1415 271 9578 0 0 9849
1416 2 3 0 10034 10039
1417 1 0 10141 0 10142
1418 0 3 0 9915 9918
1419 2 0 10049 0 10051
1420 0 1 9848 1 9850
1421 288 0 9690 0 9978
1422 9902 0 0 1 9903
1423 0 9824 0 0 9824
1424 9910 0 1 1 9912
1425 0 10019 0 2 10021
1426 0 1 0 9928 9929
1427 1 0 10003 0 10004
1428 1 49 0 9775 9825
1429 0 9869 1 1 9871
1430 9690 11 3 4 9708
1431 0 9654 1 0 9655
1432 9668 0 2 1 9671
1433 0 0 9743 1 9744
1434 0 0 9655 0 9655
1435 0 1 1 9234 9236
1436 1 0 9519 0 9520
1437 0 1 0 9531 9532
1438 0 0 0 9674 9674
1439 0 1 9609 1 9611
1440 9415 0 1 0 9416
1441 0 9459 0 4 9463
1442 9387 0 0 2 9389
1443 1 0 0 9450 9451
1444 7 0 9365 1 9373
1445 1 0 9247 2 9250
1446 0 9039 0 0 9039
1447 1 3 0 9050 9054
1448 0 9131 0 2 9133
1449 1 0 0 9262 9263
1450 0 0 9210 0 9210
1451 0 0 0 9148 9148
1452 9013 0 10 2 9025
1453 9014 0 2 0 9016
1454 0 2 1 9111 9114
1455 0 0 9133 0 9133
1456 0 0 9077 0 9077
1457 8751 0 0 1 8752
1458 0 0 8923 1 8924
1459 0 0 8918 8 8926
1460 8710 0 0 1 8711
1461 0 0 8910 0 8910
1462 1 0 1 8579 8581
1463 2 0 8746 1 8749
1464 0 0 8850 1 8851
1465 0 0 1 8671 8672
1466 2 0 0 8788 8790
1467 8764 0 0 0 8764
1468 8617 0 1 2 8620
1469 0 0 8699 0 8699
1470 0 1 0 8094 8095
1471 0 8269 0 0 8269
1472 2 0 0 8339 8341
1473 0 0 8368 0 8368
1474 0 1 0 8228 8229
1475 0 0 0 8251 8251
1476 0 8058 0 1 8059
1477 0 0 0 8219 8219
1478 8125 1 1 0 8127
1479 8056 1 1 0 8058
1480 7553 0 0 2 7555
1481 1 7846 0 0 7847
1482 3 7596 0 0 7599
1483 0 7583 0 0 7583
1484 0 1 5 7523 7529
1485 0 0 0 7641 7641
1486 0 0 1 7659 7660
1487 3 0 7637 0 7640
1488 1 0 0 7515 7516
1489 0 1 0 7322 7323
1490 0 7364 1 0 7365
1491 0 7422 0 1 7423
1492 0 0 0 7254 7254
1493 2 0 7292 0 7294
1494 0 1 5 6805 6811
1495 0 0 0 6812 6812
1496 0 2 0 6838 6840
1497 1 0 2 6845 6848
1498 0 0 6720 0 6720
1499 0 0 0 6580 6580
1500 0 1 0 6550 6551
1501 0 0 0 6550 6550
1502 66 0 6502 0 6568
1503 6389 0 2 0 6391
1504 6286 0 2 0 6288
1505 0 6371 0 2 6373
1506 5763 0 1 0 5764
1507 5487 0 0 0 5487
1508 0 1 1 5353 5355
1509 0 0 0 5427 5427
1510 1 0 5286 0 5287
1511 1 0 0 4884 4885
1512 1 4880 0 6 4887
1513 2 4885 0 0 4887
1514 0 0 0 4504 4504
1515 0 0 1 4509 4510
1516 4365 0 0 0 4365
1517 0 4474 0 0 4474
1518 0 0 0 4349 4349
1519 4383 0 0 0 4383
1520 4244 0 2 0 4246
1521 4048 0 1 0 4049
1522 0 4209 0 0 4209
1523 0 0 0 3852 3852
1524 0 0 1 3847 3848
1525 3816 0 0 0 3816
1526 3708 0 0 0 3708
1527 1 0 0 3585 3586
1528 0 0 0 3358 3358
1529 0 0 3250 0 3250
1530 0 0 0 3059 3059
1531 0 0 1 3018 3019
1532 0 0 0 2952 2952
1533 0 1323 0 1 1324
1534 0 0 0 1002 1002
1535 3 0 985 0 988
1536 896 0 0 0 896
1537 811 0 0 0 811
1538 565 0 0 0 565
1539 494 0 0 0 494
1540 415 0 0 0 415
1541 0 0 0 383 383
1542 0 0 123 0 123
1543 0 38 0 0 38
1544 0 0 0 13 13
1545 0 13 0 0 13
1546 0 0 0 13 13
1547 0 0 0 14 14
1548 0 0 0 0 0
1549 0 0 0 0 0
1550 0 0 0 0 0
1551 0 0 0 0 0
1552 0 0 0 0 0
1553 0 0 0 0 0
1554 0 0 0 0 0
1555 0 0 0 0 0
1556 0 0 0 0 0
1557 0 0 0 0 0
