0 0 0 0 0 0
1 0 40 0 0 40
2 40 0 0 1 41
3 0 0 39 0 39
4 41 0 0 0 41
5 41 1 0 2 44
6 0 0 46 0 46
7 0 52 0 0 52
8 58 0 0 0 58
9 0 0 63 0 63
10 61 4 1 0 66
11 0 0 71 0 71
12 0 76 0 0 76
13 88 0 0 0 88
14 0 0 0 94 94
15 0 93 0 0 93
16 0 0 0 96 96
17 0 0 1 96 97
18 0 120 3 0 123
19 0 0 0 199 199
20 0 3 0 211 214
21 233 0 0 0 233
22 236 0 0 0 236
23 234 2 0 2 238
24 247 0 2 0 249
25 0 280 0 0 280
26 0 0 1 282 283
27 13 0 280 0 293
28 296 0 2 0 298
29 318 1 1 2 322
30 0 0 326 0 326
31 0 336 0 0 336
32 378 0 0 0 378
33 384 0 0 0 384
34 382 0 0 0 382
35 0 1 0 388 389
36 393 0 2 0 395
37 0 0 396 0 396
38 0 0 405 0 405
39 1 417 0 0 418
40 0 476 0 0 476
41 7 358 0 0 365
42 853 0 0 0 853
43 888 0 0 0 888
44 914 0 0 0 914
45 935 0 0 0 935
46 936 2 0 0 938
47 0 0 0 1002 1002
48 1 0 1093 1 1095
49 1105 0 0 0 1105
50 1127 0 0 0 1127
51 0 1136 0 1 1137
52 1146 0 0 0 1146
53 1140 0 0 0 1140
54 0 2 0 1167 1169
55 0 1 1188 4 1193
56 0 1214 0 0 1214
57 0 9 0 1215 1224
58 1219 0 4 1 1224
59 0 1226 0 1 1227
60 0 1248 1 1 1250
61 0 10 0 1251 1261
62 0 0 0 1271 1271
63 0 1306 0 1 1307
64 1306 0 1 2 1309
65 1315 0 3 0 1318
66 15 1348 0 0 1363
67 0 0 0 1362 1362
68 1364 0 0 0 1364
69 0 0 0 1368 1368
70 1364 0 2 0 1366
71 0 1404 0 0 1404
72 1416 0 0 1 1417
73 1414 0 0 0 1414
74 1409 0 0 0 1409
75 1 1538 0 1 1540
76 23 0 1631 0 1654
77 0 2 0 1615 1617
78 0 0 0 1677 1677
79 1696 0 1 1 1698
80 1672 0 1 1 1674
81 40 1674 0 0 1714
82 0 1751 0 3 1754
83 0 1831 0 2 1833
84 0 1 0 1849 1850
85 1852 0 3 0 1855
86 0 1 0 1865 1866
87 2 4 0 1875 1881
88 0 0 0 2001 2001
89 0 2176 0 6 2182
90 0 0 0 2177 2177
91 5 2164 0 0 2169
92 2186 0 6 1 2193
93 2 2224 0 1 2227
94 2236 2 0 0 2238
95 0 1 0 2226 2227
96 1 2244 0 5 2250
97 2238 18 1 11 2268
98 0 2 2286 0 2288
99 0 1 2351 0 2352
100 10 0 2305 1 2316
101 0 0 2339 0 2339
102 1 0 2407 1 2409
103 2420 1 1 2 2424
104 21 0 2473 0 2494
105 0 0 0 2464 2464
106 2514 2 48 0 2564
107 0 0 0 2626 2626
108 1 0 0 2665 2666
109 2669 2 3 1 2675
110 0 0 0 2855 2855
111 0 0 0 3101 3101
112 3215 2 0 0 3217
113 0 0 0 3224 3224
114 0 3211 0 0 3211
115 3302 1 1 1 3305
116 1 3405 0 0 3406
117 0 0 1 3486 3487
118 3527 3 3 1 3534
119 0 0 0 3607 3607
120 3597 0 1 0 3598
121 0 3 0 3631 3634
122 15 6 3629 0 3650
123 1 0 0 3944 3945
124 15 2 4460 4 4481
125 1 3 3 4599 4606
126 2 4932 0 1 4935
127 4948 2 12 0 4962
128 9 0 5058 2 5069
129 3 5417 0 6 5426
130 0 89 0 5423 5512
131 0 0 0 5605 5605
132 0 5669 0 0 5669
133 5675 2 6 1 5684
134 1 0 0 5702 5703
135 1 0 0 5754 5755
136 5760 3 2 0 5765
137 1 0 0 5753 5754
138 0 5799 0 1 5800
139 5791 1 0 0 5792
140 0 0 0 5822 5822
141 5755 4 1 2 5762
142 2 5884 1 1 5888
143 0 1 0 5919 5920
144 0 1 0 5966 5967
145 5927 1 0 0 5928
146 21 5980 0 2 6003
147 1 0 0 6019 6020
148 6022 1 0 0 6023
149 0 4 0 6048 6052
150 5996 3 3 42 6044
151 0 11 3 6073 6087
152 2 3 1 6342 6348
153 5 6698 0 1 6704
154 1 0 6733 0 6734
155 5 0 6731 1 6737
156 6632 0 46 2 6680
157 0 1 0 6858 6859
158 6883 0 1 0 6884
159 0 3 0 6986 6989
160 6954 1 2 0 6957
161 1 0 0 6984 6985
162 1 4 0 7013 7018
163 3 0 6897 1 6901
164 0 7195 0 0 7195
165 0 6 0 7342 7348
166 7464 1 2 0 7467
167 7409 1 0 1 7411
168 7415 0 2 0 7417
169 7469 1 1 1 7472
170 0 1 0 7523 7524
171 0 29 0 7561 7590
172 1 7587 0 3 7591
173 0 3 0 7601 7604
174 1 7405 0 213 7619
175 7543 1 3 1 7548
176 10 7604 0 0 7614
177 0 7 0 7640 7647
178 7688 1 2 0 7691
179 7614 0 0 0 7614
180 131 7592 0 1 7724
181 7734 0 1 0 7735
182 2 0 7648 2 7652
183 7686 0 1 0 7687
184 7821 0 0 0 7821
185 7768 0 0 0 7768
186 0 2 0 7834 7836
187 7831 1 1 0 7833
188 7735 0 0 1 7736
189 5 7821 0 5 7831
190 0 0 3 7770 7773
191 7 0 7595 2 7604
192 1 7665 0 46 7712
193 7686 1 8 4 7699
194 1 7769 0 3 7773
195 130 7730 0 2 7862
196 7921 0 8 0 7929
197 7842 0 13 0 7855
198 1 8000 0 1 8002
199 7985 0 3 0 7988
200 7930 6 29 5 7970
201 2 9 0 7989 8000
202 4 0 7901 1 7906
203 1 7881 0 1 7883
204 2 8002 0 7 8011
205 8158 4 13 0 8175
206 0 11 0 8235 8246
207 0 10 0 8332 8342
208 32 2 8320 2 8356
209 2 0 8276 1 8279
210 8331 0 6 1 8338
211 0 0 0 8365 8365
212 1 0 1 8527 8529
213 2 0 8411 0 8413
214 0 1 0 8482 8483
215 5 0 8428 0 8433
216 1 8600 1 2 8604
217 8757 3 1 0 8761
218 8800 0 3 0 8803
219 8720 4 2 0 8726
220 4 8814 1 2 8821
221 5 0 8678 0 8683
222 0 8797 0 2 8799
223 8946 2 15 0 8963
224 2 1 0 9072 9075
225 1 9243 1 23 9268
226 9425 0 5 0 9430
227 9434 0 0 0 9434
228 9358 0 0 0 9358
229 0 10 1 9412 9423
230 4 0 9336 73 9413
231 2 0 0 9199 9201
232 0 0 0 9437 9437
233 3 9475 0 5 9483
234 9542 2 8 4 9556
235 285 0 9099 60 9444
236 13 1 9330 4 9348
237 0 9539 1 0 9540
238 33 0 0 9517 9550
239 11 0 9552 1 9564
240 1 2 0 9463 9466
241 0 0 9455 0 9455
242 9527 0 6 2 9535
243 9462 1 1 0 9464
244 1 9540 0 97 9638
245 7 9648 0 8 9663
246 0 13 0 9619 9632
247 1 74 1 9642 9718
248 45 0 0 9770 9815
249 22 9840 0 21 9883
250 2 0 0 9882 9884
251 3 1 9773 0 9777
252 1 9860 1 5 9867
253 9803 0 20 1 9824
254 9814 0 3 0 9817
255 1 9753 0 188 9942
256 9936 0 1 1 9938
257 9843 0 1 1 9845
258 9842 0 2 1 9845
259 9859 11 10 3 9883
260 24 0 9836 1 9861
261 0 0 9807 0 9807
262 1 0 9779 0 9780
263 2 0 9874 0 9876
264 2 4 62 9230 9298
265 114 0 9433 1 9548
266 9906 2 7 3 9918
267 7 10067 0 1 10075
268 9951 0 0 5 9956
269 36 10198 0 18 10252
270 33 2 0 10137 10172
271 0 0 0 10215 10215
272 41 10226 0 0 10267
273 0 18 0 10240 10258
274 2 34 0 10211 10247
275 3 10269 0 9 10281
276 0 4 1 10145 10150
277 1 10267 0 2 10270
278 0 10339 0 1 10340
279 1 10495 0 11 10507
280 10478 0 13 0 10491
281 23 0 10383 0 10406
282 10325 0 3 3 10331
283 10241 3 3 1 10248
284 6 10619 0 1 10626
285 3 10526 1 30 10560
286 6 0 10518 1 10525
287 9 0 10342 1 10352
288 10231 2 9 3 10245
289 2 1 10362 2 10367
290 1 1 0 10210 10212
291 5 1 10396 1 10403
292 0 0 10331 0 10331
293 10433 2 10 0 10445
294 5 10624 2 3 10634
295 10572 0 1 2 10575
296 0 1 0 10441 10442
297 10129 1 0 9 10139
298 5 10514 3 5 10527
299 2 10388 2 8 10400
300 2 10504 0 3 10509
301 3 0 10390 8 10401
302 2 10315 0 10 10327
303 12 0 10567 2 10581
304 0 2 1 9948 9951
305 0 3 0 10314 10317
306 0 3 1 10493 10497
307 10561 2 4 0 10567
308 0 0 0 10543 10543
309 2 10648 0 4 10654
310 0 8 0 10531 10539
311 0 7 0 10560 10567
312 3 0 10266 1 10270
313 0 10374 7 3 10384
314 55 10702 2 7 10766
315 57 10861 3 10 10931
316 5 2 10755 0 10762
317 6 2 10506 2 10516
318 15 0 10510 1 10526
319 17 10683 3 72 10775
320 0 3 1 10698 10702
321 4 10902 0 7 10913
322 11191 0 1 2 11194
323 10991 1 1 0 10993
324 11 10994 2 10 11017
325 2 11139 0 0 11141
326 0 4 0 11041 11045
327 1 2 0 11051 11054
328 1 4 2 11082 11089
329 2 11237 0 5 11244
330 11160 0 5 1 11166
331 3 0 11033 0 11036
332 11046 1 3 1 11051
333 10927 0 6 1 10934
334 10856 0 5 0 10861
335 28 3 10637 0 10668
336 6 10665 2 0 10673
337 10719 0 1 0 10720
338 68 10672 0 5 10745
339 2 1 2 10479 10484
340 9 10596 0 3 10608
341 2 10707 0 2 10711
342 0 1 0 10657 10658
343 10616 0 3 0 10619
344 10607 1 0 0 10608
345 3 1 1 10550 10555
346 0 2 0 10518 10520
347 10618 10 9 5 10642
348 1 0 10231 3 10235
349 3 10178 1 40 10222
350 1 10300 0 4 10305
351 1 10435 0 3 10439
352 1 59 0 10373 10433
353 0 10500 1 1 10502
354 10499 0 0 2 10501
355 0 1 0 10432 10433
356 10366 1 2 0 10369
357 1 0 10301 0 10302
358 10155 2 19 2 10178
359 2 1 2 10358 10363
360 0 0 0 10349 10349
361 5 10392 0 6 10403
362 5 0 10310 1 10316
363 2 0 10379 3 10384
364 10477 0 12 0 10489
365 1 0 10330 1 10332
366 10451 0 2 0 10453
367 10530 0 0 1 10531
368 10483 0 71 0 10554
369 115 10493 0 1 10609
370 41 10577 0 3 10621
371 10590 1 0 1 10592
372 10564 0 3 0 10567
373 10542 0 29 1 10572
374 4 0 10511 0 10515
375 6 0 10490 1 10497
376 10468 1 162 0 10631
377 10573 80 0 0 10653
378 10630 0 3 1 10634
379 2 10622 0 27 10651
380 1 2 0 10516 10519
381 0 10580 1 2 10583
382 10637 0 1 3 10641
383 1 0 10266 0 10267
384 2 10378 0 10 10390
385 1 128 1 10064 10194
386 3 10206 1 2 10212
387 3 10295 0 2 10300
388 4 10413 1 10 10428
389 1 11 1 10367 10380
390 1 2 0 10393 10396
391 393 0 9884 1 10278
392 10059 0 0 0 10059
393 0 7 0 10288 10295
394 10325 0 1 0 10326
395 10248 0 0 3 10251
396 0 1 1 10320 10322
397 10296 1 1 0 10298
398 10225 0 1 1 10227
399 2 0 10099 0 10101
400 5 0 10003 0 10008
401 3 0 9918 0 9921
402 10010 0 4 0 10014
403 9986 0 1 0 9987
404 255 9763 6 1 10025
405 1 10076 1 3 10081
406 0 10 0 10082 10092
407 1 2 1 10092 10096
408 0 2 1 10137 10140
409 0 3 2 10156 10161
410 15 1 10033 0 10049
411 2 1 0 9843 9846
412 0 8 0 9945 9953
413 3 0 9770 2 9775
414 2 9747 0 0 9749
415 0 5 1 9819 9825
416 2 0 0 9912 9914
417 2 3 9836 2 9843
418 2 5 1 9611 9619
419 1 0 9687 0 9688
420 6 0 9560 0 9566
421 9583 4 57 2 9646
422 19 9718 0 3 9740
423 1 9814 0 7 9822
424 9976 2 4 0 9982
425 9962 0 2 0 9964
426 9904 0 5 0 9909
427 9 12 0 9965 9986
428 1 2 9933 1 9937
429 9961 0 5 1 9967
430 9923 0 5 1 9929
431 3 2 0 9936 9941
432 8 0 9934 0 9942
433 2 10037 0 79 10118
434 10611 0 3 3 10617
435 10552 0 2 0 10554
436 10477 0 1 0 10478
437 4 10416 0 1 10421
438 10161 0 1 10 10172
439 2 11226 0 2 11230
440 0 4 0 11341 11345
441 1 0 1 11402 11404
442 1 16 2 11471 11490
443 1 0 11420 2 11423
444 4 11482 1 2 11489
445 2 1 2 11548 11553
446 0 3 1 11576 11580
447 1 3 0 11588 11592
448 11561 0 1 0 11562
449 11318 2 0 2 11322
450 1 11308 1 1 11311
451 2 11210 1 4 11217
452 2 11257 0 1 11260
453 11295 0 3 0 11298
454 2 1 1 11210 11214
455 0 7 0 11233 11240
456 11287 1 0 0 11288
457 2 3 0 11271 11276
458 76 0 10971 1 11048
459 16 11011 0 18 11045
460 11135 0 0 0 11135
461 4 0 11062 0 11066
462 9 10873 0 2 10884
463 2 10920 0 4 10926
464 1 10985 0 2 10988
465 11112 0 2 0 11114
466 10988 3 0 0 10991
467 2 11029 0 1 11032
468 5 11043 0 2 11050
469 11035 0 2 1 11038
470 0 10 11122 4 11136
471 0 0 11036 4 11040
472 1 0 10935 1 10937
473 0 2 10936 0 10938
474 4 0 11071 1 11076
475 10953 0 3 1 10957
476 0 5 1 11131 11137
477 11196 0 1 3 11200
478 2 11334 0 2 11338
479 0 2 0 11398 11400
480 11380 0 6 1 11387
481 5 11443 0 3 11451
482 11495 0 0 1 11496
483 11516 0 1 0 11517
484 1 2 2 11494 11499
485 2 0 11502 1 11505
486 10 2 11324 1 11337
487 11463 0 4 0 11467
488 11472 0 5 0 11477
489 48 11467 0 1 11516
490 11523 1 4 2 11530
491 11483 3 0 1 11487
492 103 0 11377 1 11481
493 11088 2 310 2 11402
494 9 0 11343 0 11352
495 5 0 11129 0 11134
496 11324 1 4 2 11331
497 0 2 11267 0 11269
498 11405 0 8 1 11414
499 2 11660 1 2 11665
500 11865 1 1 0 11867
501 1 0 11782 0 11783
502 11913 0 2 0 11915
503 11947 0 0 0 11947
504 11860 2 2 0 11864
505 2 11983 0 3 11988
506 12025 0 1 0 12026
507 11977 2 7 3 11989
508 3 0 11761 1 11765
509 5 11950 0 1 11956
510 0 6 0 11943 11949
511 43 3 11906 0 11952
512 11869 7 47 4 11927
513 0 0 12044 1 12045
514 1 1 11934 1 11937
515 9 12030 4 8 12051
516 12214 0 1 2 12217
517 0 1 1 12337 12339
518 6 12429 2 1 12438
519 3 1 0 12507 12511
520 12526 0 1 1 12528
521 12533 2 5 3 12543
522 1 0 0 12868 12869
523 1 2 1 12799 12803
524 1 3 0 12750 12754
525 1 12819 0 5 12825
526 12867 0 3 14 12884
527 3 0 13257 1 13261
528 1 3 0 13055 13059
529 0 13258 1 7 13266
530 13375 0 12 2 13389
531 13378 0 7 0 13385
532 13204 1 8 1 13214
533 3 1 0 13333 13337
534 0 3 1 13207 13211
535 15 1 13144 3 13163
536 5 0 12999 4 13008
537 19 0 12986 4 13009
538 210 12964 8 4 13186
539 13452 0 3 4 13459
540 13405 0 10 1 13416
541 13430 0 1 0 13431
542 13296 0 16 0 13312
543 2 0 1 13221 13224
544 2 13174 0 1 13177
545 4 13029 0 2 13035
546 3 13154 0 3 13160
547 13269 0 3 1 13273
548 13222 0 0 0 13222
549 3 13334 0 7 13344
550 13358 0 3 0 13361
551 6 1 13330 1 13338
552 1 3 2 12700 12706
553 13175 1 8 1 13185
554 3 0 13147 0 13150
555 13267 0 5 2 13274
556 17 0 13083 0 13100
557 13271 1 1 0 13273
558 13274 0 0 4 13278
559 1 13188 0 0 13189
560 0 4 0 13026 13030
561 4 13268 2 5 13279
562 1 13325 0 3 13329
563 13390 1 2 0 13393
564 1 1 0 13282 13284
565 1 10 0 13310 13321
566 1 12 0 13248 13261
567 1 8 0 13172 13181
568 2 13140 1 20 13163
569 4 13130 1 4 13139
570 12986 2 2 0 12990
571 5 13150 4 44 13203
572 13191 1 3 0 13195
573 1 1 3 13144 13149
574 8 0 13052 0 13060
575 6 0 12897 0 12903
576 2 13001 0 4 13007
577 13073 0 2 0 13075
578 4 0 13120 6 13130
579 3 13065 2 1 13071
580 13183 0 1 0 13184
581 0 2 0 13141 13143
582 1 0 13094 0 13095
583 4 0 12637 0 12641
584 12773 3 6 3 12785
585 1 1 12879 0 12881
586 0 12903 0 53 12956
587 4 0 13073 3 13080
588 6 0 12881 0 12887
589 113 1 12786 1 12901
590 4 2 1 12740 12747
591 1 12866 0 1 12868
592 49 12900 1 102 13052
593 8 0 12973 1 12982
594 0 13042 0 1 13043
595 3 0 13074 4 13081
596 0 3 2 12526 12531
597 6 0 12727 0 12733
598 0 12761 0 8 12769
599 5 12948 0 1 12954
600 13062 1 0 0 13063
601 0 2 3 12992 12997
602 2 0 13031 1 13034
603 12779 0 2 0 12781
604 2 276 1 12715 12994
605 2 0 12966 0 12968
606 1 0 12878 1 12880
607 0 1 1 12688 12690
608 12899 0 4 1 12904
609 12899 1 4 1 12905
610 4 2 12869 1 12876
611 0 0 12762 1 12763
612 12658 0 95 1 12754
613 12746 3 3 4 12756
614 4 5 1 12722 12732
615 1 0 12791 1 12793
616 0 1 12660 1 12662
617 12615 0 8 1 12624
618 11 12704 3 0 12718
619 12749 1 3 0 12753
620 0 2 1 12730 12733
621 12722 2 0 0 12724
622 0 8 9 12639 12656
623 12745 7 7 14 12773
624 1 15 2 12425 12443
625 19 12838 0 9 12866
626 1 0 12876 0 12877
627 7 0 12749 1 12757
628 11802 0 599 0 12401
629 182 0 12462 0 12644
630 1 0 2 12341 12344
631 0 1 2 12579 12582
632 4 0 12611 0 12615
633 12467 1 19 1 12488
634 0 5 2 12470 12477
635 3 0 12394 1 12398
636 0 0 12238 0 12238
637 0 12148 0 11 12159
638 5 12148 0 8 12161
639 0 12364 0 7 12371
640 1 6 1 12440 12448
641 2 0 12421 0 12423
642 12396 0 5 2 12403
643 8 12700 1 3 12712
644 12794 0 3 1 12798
645 12372 0 1 1 12374
646 1 8 2 12759 12770
647 12976 0 16 1 12993
648 12927 0 2 1 12930
649 5 8 0 12859 12872
650 4 0 12752 1 12757
651 4 12786 1 7 12798
652 12885 0 1 0 12886
653 0 0 0 12769 12769
654 1 3 0 12860 12864
655 5 3 12723 1 12732
656 6 13118 0 3 13127
657 0 4 5 13099 13108
658 3 13153 1 4 13161
659 13268 0 5 1 13274
660 13203 0 12 0 13215
661 13154 0 7 0 13161
662 7 0 13324 0 13331
663 0 1 0 12688 12689
664 13220 0 1 0 13221
665 13282 0 2 0 13284
666 13342 0 0 0 13342
667 13179 0 2 1 13182
668 0 0 2 13030 13032
669 13086 0 0 3 13089
670 0 1 3 13044 13048
671 6 0 12995 0 13001
672 4 0 12879 0 12883
673 12649 1 8 1 12659
674 0 0 12727 0 12727
675 12820 0 2 1 12823
676 12738 0 3 0 12741
677 2 0 12556 0 12558
678 5 12236 1 2 12244
679 12325 0 35 1 12361
680 0 0 0 12197 12197
681 12190 0 1 1 12192
682 0 162 2 11929 12093
683 12027 0 0 0 12027
684 5 12108 0 6 12119
685 0 3 0 12097 12100
686 3 1 11958 1 11963
687 11925 1 10 1 11937
688 3 11885 3 5 11896
689 11747 0 3 0 11750
690 1 11705 0 4 11710
691 11722 1 0 5 11728
692 0 2 1 11656 11659
693 11438 0 2 0 11440
694 0 11595 2 3 11600
695 22 11563 0 12 11597
696 11578 2 0 0 11580
697 1 0 1 11448 11450
698 3 3 0 11493 11499
699 2 11479 0 4 11485
700 3 11507 1 18 11529
701 5 5 3 11472 11485
702 11534 1 1 1 11537
703 2 1 1 11438 11442
704 5 1 11339 1 11346
705 5 11341 1 0 11347
706 11393 1 6 1 11401
707 11339 1 1 0 11341
708 11311 0 0 0 11311
709 0 11346 0 1 11347
710 11377 0 1 0 11378
711 11214 0 2 1 11217
712 1 11255 0 2 11258
713 11248 2 2 0 11252
714 1 36 0 10955 10992
715 5 11156 1 1 11163
716 2 11215 1 12 11230
717 1 1 2 11240 11244
718 11299 0 6 0 11305
719 11255 0 1 0 11256
720 1 0 11061 0 11062
721 11128 0 3 0 11131
722 11022 0 2 0 11024
723 4 11005 0 0 11009
724 10991 0 3 0 10994
725 11 11093 0 0 11104
726 11144 2 4 1 11151
727 11112 0 3 0 11115
728 2 0 10932 0 10934
729 11009 0 2 0 11011
730 11007 0 2 1 11010
731 11004 0 6 2 11012
732 4 0 10832 0 10836
733 2 0 1 9979 9982
734 16 0 10501 0 10517
735 1 10428 0 6 10435
736 3 10634 0 2 10639
737 1 4 2 10571 10578
738 4 0 10599 1 10604
739 3 10559 1 7 10570
740 10630 1 2 0 10633
741 10593 0 1 1 10595
742 1 3 0 10560 10564
743 1 1 0 10602 10604
744 4 0 10437 0 10441
745 0 10352 0 4 10356
746 10346 1 3 0 10350
747 0 2 0 10293 10295
748 5208 5002 8 53 10271
749 65 1 10182 2 10250
750 7 0 10132 0 10139
751 5 0 10061 5 10071
752 2 0 10328 2 10332
753 1 0 10405 1 10407
754 10449 4 11 0 10464
755 10528 0 6 1 10535
756 10571 0 3 0 10574
757 1 1 0 10512 10514
758 2 3 1 10597 10603
759 1 1 10549 1 10552
760 0 15 0 10371 10386
761 0 1 0 10456 10457
762 10469 0 0 1 10470
763 1 2 1 10350 10354
764 4 10335 0 0 10339
765 1 0 0 10414 10415
766 10434 0 5 0 10439
767 10338 2 0 2 10342
768 4 3 0 10320 10327
769 0 0 10248 1 10249
770 10230 0 96 0 10326
771 3 3 2 10269 10277
772 10350 0 1 1 10352
773 10175 0 2 0 10177
774 6 10208 1 0 10215
775 5 1 1 10240 10247
776 3 0 10167 0 10170
777 9951 0 2 0 9953
778 0 3 2 10020 10025
779 3 0 9986 2 9991
780 0 0 9812 0 9812
781 2 9974 2 0 9978
782 1 4 1 9927 9933
783 1 10073 0 7 10081
784 10187 1 16 1 10205
785 2 0 10129 1 10132
786 2 10056 0 3 10061
787 0 8 0 10163 10171
788 0 7 2 10034 10043
789 31 10040 1 55 10127
790 10135 0 1 3 10139
791 2 0 10034 1 10037
792 17 0 9923 1 9941
793 0 6 0 9366 9372
794 42 0 9806 1 9849
795 0 7 1 9797 9805
796 0 8 0 9897 9905
797 9983 1 4 2 9990
798 5 0 10019 0 10024
799 0 4 1 9725 9730
800 5 2 9846 2 9855
801 9873 0 3 2 9878
802 9852 0 1 2 9855
803 0 2 1 9923 9926
804 13 0 9814 4 9831
805 1 9846 1 3 9851
806 9875 2 3 1 9881
807 3 0 9979 7 9989
808 9926 0 0 0 9926
809 0 0 0 9854 9854
810 0 4 2 9853 9859
811 0 3 1 9841 9845
812 547 9253 22 7 9829
813 0 1 0 9956 9957
814 0 5 0 10005 10010
815 10028 2 0 0 10030
816 9818 0 0 0 9818
817 2 0 9837 2 9841
818 9631 0 5 0 9636
819 0 2 0 9561 9563
820 1 0 0 9525 9526
821 353 9255 0 6 9614
822 17 0 9522 3 9542
823 9240 0 6 4 9250
824 20 0 9314 0 9334
825 9077 3 1 1 9082
826 2 0 9064 0 9066
827 0 0 8971 0 8971
828 2 0 8973 0 8975
829 21 8911 0 10 8942
830 0 8961 4 3 8968
831 24 0 9066 0 9090
832 8724 2 2 0 8728
833 8764 1 2 1 8768
834 0 1 0 8912 8913
835 8846 1 0 0 8847
836 8809 0 2 0 8811
837 1 27 0 8779 8807
838 8781 0 0 1 8782
839 8706 0 0 0 8706
840 8670 2 0 0 8672
841 8703 2 8 0 8713
842 1 0 8631 0 8632
843 8664 1 2 0 8667
844 8739 0 2 2 8743
845 8716 1 1 0 8718
846 1 0 0 8598 8599
847 8672 2 1 0 8675
848 0 1 1 8583 8585
849 0 3 0 8570 8573
850 0 505 0 7999 8504
851 1 8409 0 1 8411
852 0 8351 0 4 8355
853 8413 0 3 0 8416
854 8355 1 2 0 8358
855 5 8376 1 3 8385
856 8340 0 2 1 8343
857 0 0 8345 1 8346
858 0 0 8195 0 8195
859 8264 1 8 1 8274
860 8368 0 0 0 8368
861 1 0 8216 0 8217
862 8297 0 0 0 8297
863 30 0 8293 0 8323
864 2 2 0 8022 8026
865 8288 0 1 0 8289
866 8320 0 1 0 8321
867 8293 0 0 0 8293
868 8220 2 3 0 8225
869 12 8087 0 1 8100
870 7964 0 1 1 7966
871 9 7883 2 7 7901
872 7877 1 0 2 7880
873 6 7921 1 1 7929
874 2 5 2 7915 7924
875 5 0 7885 0 7890
876 7712 1 3 1 7717
877 0 0 7843 0 7843
878 2 0 7693 1 7696
879 7716 0 1 0 7717
880 7763 1 23 1 7788
881 1 2 6 7658 7667
882 2 1 7639 1 7643
883 3 7594 0 4 7601
884 7719 2 1 1 7723
885 11 7672 0 1 7684
886 7754 2 1 1 7758
887 0 10 11 7675 7696
888 6 1 7664 1 7672
889 2 7654 2 13 7671
890 0 1 7756 3 7760
891 5 0 7662 0 7667
892 7607 0 23 1 7631
893 1 2 2 7640 7645
894 0 10 0 7757 7767
895 2 3 0 7793 7798
896 1 1 7684 6 7692
897 0 7609 0 21 7630
898 1 7714 0 7 7722
899 7656 2 15 0 7673
900 1 0 7665 2 7668
901 3 7604 0 2 7609
902 7756 0 2 0 7758
903 7714 0 2 0 7716
904 2 1 0 7730 7733
905 7776 0 1 0 7777
906 7769 1 1 0 7771
907 7699 0 25 0 7724
908 7615 0 2 0 7617
909 2 7665 0 4 7671
910 5 7555 0 6 7566
911 7804 2 1 0 7807
912 0 2 0 7723 7725
913 7889 0 8 0 7897
914 2 0 7643 0 7645
915 7793 0 1 0 7794
916 7795 0 1 1 7797
917 2 0 0 7744 7746
918 4 1 7737 1 7743
919 0 7 1 7528 7536
920 19 1 7684 0 7704
921 8 7624 0 4 7636
922 4 7728 0 7 7739
923 8 1 1 7848 7858
924 0 0 7913 1 7914
925 1 3 0 7730 7734
926 7910 2 1 0 7913
927 0 0 7784 3 7787
928 7849 0 4 0 7853
929 0 0 7826 0 7826
930 7828 1 0 0 7829
931 3 7886 0 7 7896
932 7996 0 0 0 7996
933 7938 0 1 0 7939
934 5 7909 0 78 7992
935 8021 2 1 3 8027
936 6 0 8068 2 8076
937 2 0 7996 0 7998
938 1 12 0 7686 7699
939 8075 0 0 0 8075
940 3 8094 0 0 8097
941 8236 0 0 2 8238
942 2 8232 0 3 8237
943 8264 1 2 1 8268
944 5 1 8208 0 8214
945 6 8295 0 1 8302
946 8492 0 3 1 8496
947 8528 0 0 0 8528
948 8579 0 0 0 8579
949 8562 0 1 1 8564
950 8558 3 3 0 8564
951 2 0 8364 0 8366
952 8183 1 4 0 8188
953 0 8389 0 1 8390
954 1 8503 2 3 8509
955 0 10 2 8492 8504
956 0 1 0 8497 8498
957 0 3 1 8550 8554
958 1 1 2 8711 8715
959 4 1 8680 2 8687
960 1 2 1 8497 8501
961 83 8573 0 2 8658
962 8713 1 6 1 8721
963 8646 1 2 1 8650
964 8635 1 3 0 8639
965 1 6 0 8680 8687
966 2 0 0 8796 8798
967 8748 0 4 0 8752
968 8692 0 3 0 8695
969 8643 0 3 3 8649
970 3 8708 0 11 8722
971 7 0 8664 61 8732
972 0 5 1 8284 8290
973 2556 2 6066 1 8625
974 2 0 8596 0 8598
975 8112 2 503 0 8617
976 35 0 8653 1 8689
977 8716 0 9 2 8727
978 3 8859 0 6 8868
979 0 5 1 8886 8892
980 2 0 8920 1 8923
981 8922 0 0 1 8923
982 1 17 0 8940 8958
983 8987 1 1 0 8989
984 2 9001 0 19 9022
985 9072 0 2 2 9076
986 3 0 9236 4 9243
987 4 9743 0 2 9749
988 9818 0 2 0 9820
989 6 0 9840 1 9847
990 9856 0 0 1 9857
991 9968 0 1 1 9970
992 10290 0 2 1 10293
993 0 0 0 10425 10425
994 10481 1 2 0 10484
995 10374 0 1 0 10375
996 25 1 10404 3 10433
997 10243 1 4 0 10248
998 0 2 0 10370 10372
999 4 4 0 10530 10538
1000 1 0 10334 1 10336
1001 10277 1 1 5 10284
1002 2 1 2 10376 10381
1003 2 0 10378 3 10383
1004 1 4 1 10143 10149
1005 4 0 10249 1 10254
1006 5 10333 2 7 10347
1007 10444 0 5 0 10449
1008 7 10461 0 3 10471
1009 10536 0 8 2 10546
1010 6 0 10527 4 10537
1011 9756 1 641 1 10399
1012 10 0 0 10419 10429
1013 10340 0 2 3 10345
1014 4 10894 0 0 10898
1015 0 7 0 10965 10972
1016 1 5 0 11138 11144
1017 11200 3 1 0 11204
1018 1 0 1 11184 11186
1019 0 3 0 11296 11299
1020 0 3 0 11336 11339
1021 2 0 11313 3 11318
1022 2 0 11131 1 11134
1023 11116 1 5 0 11122
1024 4 11119 0 0 11123
1025 10878 0 4 1 10883
1026 6 11274 0 0 11280
1027 2 11179 0 1 11182
1028 0 11250 0 0 11250
1029 5 11333 0 3 11341
1030 3 11423 0 11 11437
1031 11480 0 6 0 11486
1032 4 0 11427 2 11433
1033 11255 1 20 0 11276
1034 6 11391 1 2 11400
1035 2 11508 0 0 11510
1036 11699 0 4 0 11703
1037 11565 1 3 0 11569
1038 11490 1 2 0 11493
1039 0 3 2 11581 11586
1040 5 0 11563 2 11570
1041 11409 1 3 5 11418
1042 1 3 2 11593 11599
1043 10 0 11615 1 11626
1044 1 0 11549 4 11554
1045 11444 1 3 2 11450
1046 11583 1 2 0 11586
1047 0 1 11576 0 11577
1048 6 11477 1 87 11571
1049 11767 0 2 0 11769
1050 1 4 0 11752 11757
1051 11852 0 1 0 11853
1052 11773 0 5 2 11780
1053 86 11604 0 6 11696
1054 11764 10 0 5 11779
1055 4 2 11621 1 11628
1056 2 0 11554 1 11557
1057 20 11280 0 1 11301
1058 3 11334 0 29 11366
1059 2 11617 0 2 11621
1060 1 6 1 11803 11811
1061 3 3 1 12023 12030
1062 3 0 12019 1 12023
1063 0 1 0 11867 11868
1064 0 0 11974 1 11975
1065 11900 0 1 1 11902
1066 11952 4 2 0 11958
1067 0 1 0 12015 12016
1068 5 12154 0 4 12163
1069 1 1 1 12256 12259
1070 9 0 12202 1 12212
1071 11902 0 0 0 11902
1072 3 10 5 12127 12145
1073 2 0 12181 1 12184
1074 3 1 12083 1 12088
1075 2 3 12102 2 12109
1076 6 0 12135 0 12141
1077 12087 2 1 2 12092
1078 63 12074 3 2 12142
1079 12369 0 2 0 12371
1080 12312 2 4 0 12318
1081 12290 5 24 1 12320
1082 5 0 12428 3 12436
1083 6 0 12362 0 12368
1084 22 0 12304 0 12326
1085 12063 2 1 4 12070
1086 16 0 12430 2 12448
1087 0 1 0 11829 11830
1088 3 0 12283 3 12289
1089 1 1 12394 2 12398
1090 12355 0 16 1 12372
1091 1 0 12477 0 12478
1092 1 1 12360 0 12362
1093 84 12368 0 2 12454
1094 12702 0 3 0 12705
1095 0 3 0 12530 12533
1096 1 12535 0 51 12587
1097 12671 1 0 1 12673
1098 12629 0 0 1 12630
1099 120 0 12714 1 12835
1100 3 0 12771 1 12775
1101 2 0 12698 2 12702
1102 12803 0 1 0 12804
1103 0 0 12952 2 12954
1104 4 0 13070 2 13076
1105 12609 0 337 0 12946
1106 1 5 2 13088 13096
1107 1 0 0 13307 13308
1108 9 3 0 13418 13430
1109 1 0 13472 0 13473
1110 3 0 1 13216 13220
1111 2 6 1 13297 13306
1112 1 13270 0 4 13275
1113 13302 0 2 1 13305
1114 1 5 0 13391 13397
1115 3 13608 0 0 13611
1116 13711 1 1 0 13713
1117 13655 0 7 0 13662
1118 13590 1 2 1 13594
1119 4 0 13664 3 13671
1120 13528 0 2 2 13532
1121 13788 0 0 1 13789
1122 0 4 0 13750 13754
1123 7 1 13745 0 13753
1124 13736 0 4 1 13741
1125 13710 1 1 0 13712
1126 13585 0 1 1 13587
1127 0 4 0 13382 13386
1128 1 13433 0 3 13437
1129 0 13428 0 5 13433
1130 13474 0 2 1 13477
1131 13354 1 0 0 13355
1132 10 2 13488 51 13551
1133 12714 0 450 0 13164
1134 0 4 1 13189 13194
1135 1 35 0 13362 13398
1136 2 0 13394 1 13397
1137 1 1 13259 0 13261
1138 13015 2 2 1 13020
1139 13199 2 2 5 13208
1140 0 1 13233 0 13234
1141 1 0 13143 3 13147
1142 4 7 2 11868 11881
1143 3 0 12803 0 12806
1144 2 1 12947 1 12951
1145 1 4 0 12324 12329
1146 12737 0 1 2 12740
1147 2 12982 0 4 12988
1148 0 1 1 13183 13185
1149 0 13219 0 0 13219
1150 1 4 0 13193 13198
1151 4 13328 0 7 13339
1152 3 0 13450 3 13456
1153 13154 0 1 3 13158
1154 13352 1 5 0 13358
1155 0 13486 0 3 13489
1156 454 0 13018 1 13473
1157 12444 3 771 0 13218
1158 0 1 0 13393 13394
1159 25 2 13424 3 13454
1160 2 3 0 13279 13284
1161 6 13456 2 1 13465
1162 1 1 7 13698 13707
1163 13706 17 7 0 13730
1164 13566 0 10 0 13576
1165 13411 1 53 0 13465
1166 13314 0 1 0 13315
1167 24 13437 1 1 13463
1168 1 3 0 13301 13305
1169 4 0 13416 2 13422
1170 188 0 12993 5 13186
1171 12767 2 6 1 12776
1172 12987 1 1 1 12990
1173 5 0 13154 0 13159
1174 0 0 13075 0 13075
1175 12848 1 6 7 12862
1176 3 15 1 13055 13074
1177 1 0 13209 5 13215
1178 1 1 13020 3 13025
1179 0 0 12981 1 12982
1180 7 0 12953 1 12961
1181 12852 1 0 0 12853
1182 0 0 1 12933 12934
1183 0 2 13078 0 13080
1184 1 0 13119 2 13122
1185 6867 0 6094 1 12962
1186 12895 0 4 2 12901
1187 3 13128 0 2 13133
1188 2 1 1 13261 13265
1189 5 0 13386 0 13391
1190 1 5 0 13055 13061
1191 13283 0 1 1 13285
1192 1 61 0 13347 13409
1193 3 3 13431 0 13437
1194 0 24 0 13188 13212
1195 16 13365 0 15 13396
1196 13475 2 2 0 13479
1197 13278 2 25 0 13305
1198 4 0 13563 1 13568
1199 0 3 0 12977 12980
1200 13348 1 0 0 13349
1201 1 4 0 13493 13498
1202 5 0 13605 4 13614
1203 250 1 13303 1 13555
1204 0 5 1 13246 13252
1205 1 0 13579 0 13580
1206 2 0 13529 2 13533
1207 13470 2 0 0 13472
1208 8 0 13341 0 13349
1209 13331 0 5 2 13338
1210 2 13391 0 4 13397
1211 4 13332 0 0 13336
1212 2 13594 0 4 13600
1213 13735 1 3 1 13740
1214 2 1 0 13482 13485
1215 2 0 13348 0 13350
1216 0 0 13255 1 13256
1217 6 0 13030 0 13036
1218 3 13446 0 0 13449
1219 0 0 0 13684 13684
1220 6 0 13787 0 13793
1221 13622 1 6 1 13630
1222 1979 11758 0 2 13739
1223 13717 3 1 1 13722
1224 2 0 13892 2 13896
1225 0 5 1 13193 13199
1226 1 0 13658 3 13662
1227 13672 1 2 0 13675
1228 0 0 0 13651 13651
1229 6 0 13653 0 13659
1230 2 13375 0 0 13377
1231 0 13439 0 3 13442
1232 1 13594 0 36 13631
1233 2 4 3 13719 13728
1234 13595 1 14 0 13610
1235 3 0 13587 4 13594
1236 4 13420 0 60 13484
1237 0 8 9 13640 13657
1238 0 3 2 13701 13706
1239 0 2 0 13645 13647
1240 0 79 3 13629 13711
1241 13414 2 4 18 13438
1242 5 1 13514 5 13525
1243 2 9 1 12839 12851
1244 3 0 13407 0 13410
1245 5 0 13404 1 13410
1246 12927 1 9 1 12938
1247 5 0 13365 0 13370
1248 1 2 0 13019 13022
1249 13370 0 5 0 13375
1250 13376 1 0 0 13377
1251 2 0 2 13464 13468
1252 4 0 13506 1 13511
1253 5 1 14105 1 14112
1254 1 3 0 13523 13527
1255 0 5 0 14132 14137
1256 1 1 1 14245 14248
1257 5 14303 0 9 14317
1258 14604 1 1 0 14606
1259 14440 2 47 10 14499
1260 1 10 0 14702 14713
1261 28 0 14819 0 14847
1262 14798 0 223 0 15021
1263 15202 1 1 1 15205
1264 14408 3 817 3 15231
1265 0 0 15057 0 15057
1266 14818 0 1 0 14819
1267 14457 0 6 1 14464
1268 2 14648 1 3 14654
1269 19 14749 0 0 14768
1270 0 3 2 14901 14906
1271 6 5 14922 2 14935
1272 0 0 14904 0 14904
1273 2 27 0 14503 14532
1274 0 2 0 14840 14842
1275 1 0 14902 0 14903
1276 3 0 14818 0 14821
1277 1 1 0 14300 14302
1278 14762 0 1 0 14763
1279 1 0 0 14896 14897
1280 1 4 0 14840 14845
1281 2 14638 0 15 14655
1282 5 14974 0 11 14990
1283 0 4 1 15189 15194
1284 0 4 0 15252 15256
1285 2 0 0 15371 15373
1286 1 1 15173 1 15176
1287 0 0 14870 6 14876
1288 13 14929 1 7 14950
1289 0 4 0 14925 14929
1290 0 5 0 15026 15031
1291 5 15047 0 4 15056
1292 5 0 15246 3 15254
1293 15021 3 3 0 15027
1294 15133 0 2 0 15135
1295 15195 0 1 0 15196
1296 3 9 1 15359 15372
1297 15189 0 162 0 15351
1298 15330 0 0 0 15330
1299 15258 0 2 0 15260
1300 15134 0 7 1 15142
1301 1 0 15162 1 15164
1302 14979 0 1 1 14981
1303 0 3 0 15192 15195
1304 15303 0 0 0 15303
1305 15284 0 6 0 15290
1306 6 0 15229 1 15236
1307 15092 0 0 3 15095
1308 15233 0 1 0 15234
1309 15164 1 1 3 15169
1310 3 2 1 15017 15023
1311 4 0 15158 1 15163
1312 5 14925 0 4 14934
1313 6 1 15250 0 15257
1314 14947 0 1 1 14949
1315 2 1 2 15015 15020
1316 4 0 15041 0 15045
1317 0 4 2 14795 14801
1318 1 14658 0 125 14784
1319 3 14701 0 1 14705
1320 3 14722 0 4 14729
1321 5 14672 1 2 14680
1322 0 5 4 14767 14776
1323 2 1 14836 2 14841
1324 2 22 3 14426 14453
1325 14561 2 2 4 14569
1326 0 11 3 14726 14740
1327 0 13 6 14836 14855
1328 3 0 14838 0 14841
1329 0 1 14819 1 14821
1330 2 0 14800 0 14802
1331 14323 0 3 1 14327
1332 0 3 0 14794 14797
1333 14788 0 1 3 14792
1334 1 0 14901 2 14904
1335 14619 0 5 2 14626
1336 7 1 14868 1 14877
1337 14783 0 5 0 14788
1338 1 4 5 14874 14884
1339 2 0 14930 0 14932
1340 61 0 14810 0 14871
1341 1 9 4 14465 14479
1342 14685 0 7 3 14695
1343 9 14720 0 0 14729
1344 14914 0 2 0 14916
1345 0 1 0 14962 14963
1346 0 0 14969 0 14969
1347 14788 0 0 1 14789
1348 1 38 0 14883 14922
1349 3 0 14995 0 14998
1350 4 0 14977 2 14983
1351 3 6 2 14239 14250
1352 9 0 14839 1 14849
1353 14 0 14928 1 14943
1354 15056 0 1 1 15058
1355 15181 0 3 0 15184
1356 15254 0 5 0 15259
1357 15239 0 11 0 15250
1358 2 10 15244 1 15257
1359 15132 0 6 0 15138
1360 1 0 15154 5 15160
1361 14888 2 1 0 14891
1362 5 15260 0 0 15265
1363 1 76 2 15216 15295
1364 1 4 1 15435 15441
1365 8 0 15335 1 15344
1366 7 1 15207 3 15218
1367 3 15120 0 9 15132
1368 14928 0 3 1 14932
1369 1 14972 3 2 14978
1370 5 1 0 14874 14880
1371 0 14972 0 0 14972
1372 15023 1 1 0 15025
1373 1 0 14996 2 14999
1374 3 14859 0 7 14869
1375 14871 0 3 0 14874
1376 3 0 14899 2 14904
1377 6 14773 0 4 14783
1378 14933 1 1 0 14935
1379 14770 0 3 2 14775
1380 0 14924 0 6 14930
1381 14891 0 33 2 14926
1382 1 0 14847 0 14848
1383 2 14629 0 2 14633
1384 2 14718 0 7 14727
1385 14804 0 0 0 14804
1386 0 0 0 14853 14853
1387 1 4 0 14881 14886
1388 2 2 0 14968 14972
1389 14724 0 6 0 14730
1390 18 14809 0 2 14829
1391 0 1 1 14845 14847
1392 1 0 14935 2 14938
1393 1 0 2 14641 14644
1394 0 3 1 14759 14763
1395 1 4 1 14866 14872
1396 14814 0 8 1 14823
1397 14688 2 2 1 14693
1398 0 4 0 14705 14709
1399 4 0 14615 4 14623
1400 1 3 14419 1 14424
1401 5 0 14309 0 14314
1402 6 14106 1 0 14113
1403 0 2 4 14312 14318
1404 6 14376 0 3 14385
1405 14507 0 5 3 14515
1406 0 1 14404 0 14405
1407 1 3 14287 0 14291
1408 14139 1 11 2 14153
1409 5 14259 4 1 14269
1410 14349 0 8 1 14358
1411 3 0 14201 0 14204
1412 1 14074 3 4 14082
1413 3 2 0 14223 14228
1414 5 1 14204 0 14210
1415 13 14088 2 2 14105
1416 0 1 0 14234 14235
1417 1 0 14281 0 14282
1418 1 4 2 14116 14123
1419 0 0 14177 1 14178
1420 0 1 14018 3 14022
1421 3 0 14046 0 14049
1422 13971 0 4 1 13976
1423 6 13895 1 2 13904
1424 13920 1 4 0 13925
1425 12 14100 0 9 14121
1426 3 2 0 13947 13952
1427 5 0 13972 0 13977
1428 0 12 0 13750 13762
1429 3 13806 0 0 13809
1430 13629 0 6 0 13635
1431 5 13571 0 3 13579
1432 13495 2 7 1 13505
1433 1 0 13587 0 13588
1434 2 0 13431 1 13434
1435 0 3 0 12806 12809
1436 0 1 13230 1 13232
1437 0 0 1 13311 13312
1438 0 3 0 13351 13354
1439 9 0 13292 1 13302
1440 13142 1 2 2 13147
1441 56 13061 6 3 13126
1442 12992 0 2 0 12994
1443 0 1 2 12916 12919
1444 82 0 12795 2 12879
1445 2 0 12746 0 12748
1446 2 12625 1 4 12632
1447 0 0 2 12505 12507
1448 8 12477 1 56 12542
1449 0 1 1 12730 12732
1450 3 0 12741 0 12744
1451 0 1 1 12618 12620
1452 12533 0 1 0 12534
1453 12490 0 0 0 12490
1454 2 1 0 12560 12563
1455 1 0 12542 19 12562
1456 0 0 12554 2 12556
1457 12176 0 37 0 12213
1458 1 0 12347 0 12348
1459 1 0 12295 1 12297
1460 12094 0 3 0 12097
1461 2 0 12282 0 12284
1462 1 1 2 11838 11842
1463 0 0 12065 1 12066
1464 2 0 12031 1 12034
1465 0 1 1 11886 11888
1466 0 11 3 12048 12062
1467 12030 0 8 0 12038
1468 11879 0 3 0 11882
1469 1 1 11862 2 11866
1470 0 1 0 11131 11132
1471 3 11383 0 1 11387
1472 0 0 0 11431 11431
1473 4 1 11392 1 11398
1474 1 2 0 11279 11282
1475 1 5 0 11285 11291
1476 6 11141 0 5 11152
1477 0 2 0 11286 11288
1478 11223 0 1 0 11224
1479 11177 0 0 0 11177
1480 10627 0 2 0 10629
1481 3 10824 0 0 10827
1482 1 10546 0 3 10550
1483 3 10547 0 1 10551
1484 0 2 0 10545 10547
1485 1 1 0 10525 10527
1486 0 1 0 10596 10597
1487 0 0 10518 1 10519
1488 0 5 0 10363 10368
1489 0 3 1 10202 10206
1490 3 10162 0 1 10166
1491 2 10137 0 10 10149
1492 3 2 0 10031 10036
1493 1 0 9971 0 9972
1494 1 2 2 9459 9464
1495 2 1 0 9468 9471
1496 0 0 1 9481 9482
1497 1 3 0 9468 9472
1498 1 0 9268 2 9271
1499 1 0 0 9082 9083
1500 0 0 0 9061 9061
1501 3 0 0 9057 9060
1502 27 0 8775 1 8803
1503 8616 0 3 0 8619
1504 8549 0 24 0 8573
1505 43 8554 0 1 8598
1506 7831 1 0 0 7832
1507 7483 0 15 0 7498
1508 0 2 0 7403 7405
1509 0 1 0 7439 7440
1510 0 0 7142 1 7143
1511 4 0 2 6763 6769
1512 1 6816 0 1 6818
1513 2 6824 0 0 6826
1514 0 0 0 6164 6164
1515 0 0 0 6186 6186
1516 5995 0 1 1 5997
1517 0 6097 0 0 6097
1518 2 14 0 5989 6005
1519 5981 0 2 0 5983
1520 5820 0 9 0 5829
1521 5552 0 5 0 5557
1522 3 5659 0 10 5672
1523 0 15 0 5028 5043
1524 2 1 0 5013 5016
1525 4921 0 1 0 4922
1526 4759 0 0 1 4760
1527 0 81 0 4471 4552
1528 2 4 0 4121 4127
1529 8 0 3877 0 3885
1530 0 0 0 3808 3808
1531 0 0 0 3766 3766
1532 1 1 0 3688 3690
1533 1 1473 1 0 1475
1534 4 0 0 1120 1124
1535 0 0 1049 0 1049
1536 925 0 0 0 925
1537 879 0 2 0 881
1538 662 0 0 0 662
1539 525 1 1 0 527
1540 425 0 0 0 425
1541 2 0 0 340 342
1542 0 0 70 0 70
1543 0 22 0 0 22
1544 0 0 0 10 10
1545 0 11 0 0 11
1546 0 0 0 10 10
1547 0 0 0 10 10
1548 0 0 10 0 10
1549 0 0 0 9 9
1550 0 0 0 7 7
1551 8 0 0 0 8
1552 0 5 0 0 5
1553 0 0 0 6 6
1554 2 0 0 0 2
1555 0 4 0 0 4
1556 0 0 0 1 1
1557 0 0 0 0 0
