0 0 0 0 0 0
1 0 27 0 0 27
2 35 0 0 0 35
3 0 0 36 0 36
4 37 0 0 2 39
5 39 1 0 0 40
6 0 0 46 0 46
7 0 48 0 0 48
8 52 2 0 1 55
9 0 0 61 0 61
10 59 0 1 1 61
11 0 0 73 0 73
12 0 78 0 0 78
13 88 0 0 0 88
14 0 0 0 94 94
15 0 92 0 2 94
16 1 0 0 92 93
17 0 1 1 97 99
18 0 126 0 0 126
19 0 2 0 186 188
20 2 23 0 179 204
21 210 0 0 0 210
22 212 0 0 0 212
23 217 1 0 1 219
24 220 0 0 0 220
25 0 251 0 0 251
26 0 1 0 251 252
27 0 0 253 0 253
28 251 0 0 0 251
29 274 0 0 1 275
30 0 0 289 0 289
31 0 298 0 0 298
32 332 0 0 0 332
33 343 0 0 0 343
34 341 0 0 0 341
35 0 1 0 337 338
36 341 0 0 0 341
37 0 0 342 0 342
38 0 0 354 0 354
39 0 360 0 0 360
40 0 397 0 0 397
41 2 275 1 1 279
42 697 1 1 0 699
43 740 0 0 0 740
44 756 0 0 0 756
45 774 0 0 0 774
46 772 0 0 0 772
47 0 0 0 831 831
48 0 0 934 0 934
49 951 0 1 0 952
50 961 0 0 0 961
51 0 962 0 1 963
52 970 0 0 0 970
53 962 0 0 0 962
54 0 4 0 994 998
55 0 0 1021 0 1021
56 0 1034 0 0 1034
57 0 29 0 1012 1041
58 1028 2 10 0 1040
59 0 1050 0 1 1051
60 0 1066 0 1 1067
61 0 39 0 1048 1087
62 0 0 0 1119 1119
63 0 1160 0 0 1160
64 1165 0 2 0 1167
65 1180 0 0 0 1180
66 0 1208 0 0 1208
67 1 3 0 1212 1216
68 1215 0 1 0 1216
69 0 0 0 1214 1214
70 1211 0 1 0 1212
71 0 1247 0 0 1247
72 1266 0 0 0 1266
73 1253 0 0 0 1253
74 1245 0 0 1 1246
75 0 1388 0 5 1393
76 5 0 1497 0 1502
77 0 1 0 1465 1466
78 0 3 0 1535 1538
79 1543 0 1 0 1544
80 1539 0 0 1 1540
81 7 1569 1 0 1577
82 2 1604 0 1 1607
83 1 1691 0 0 1692
84 0 2 0 1709 1711
85 1722 1 1 2 1726
86 0 1 0 1753 1754
87 0 4 0 1751 1755
88 0 0 0 1912 1912
89 0 2092 0 4 2096
90 0 2 0 2079 2081
91 0 2080 1 1 2082
92 2087 0 4 0 2091
93 0 2127 0 1 2128
94 2137 2 2 0 2141
95 0 0 0 2118 2118
96 0 2142 0 1 2143
97 2148 23 7 15 2193
98 0 3 2216 2 2221
99 0 6 2313 1 2320
100 1 3 2307 2 2313
101 0 0 2334 0 2334
102 2 0 2393 0 2395
103 2385 0 1 1 2387
104 4 0 2456 0 2460
105 0 3 0 2412 2415
106 2539 0 12 0 2551
107 0 4 0 2589 2593
108 0 2 0 2658 2660
109 2686 1 1 1 2689
110 1 5 0 2886 2892
111 0 1 0 3223 3224
112 3326 3 0 3 3332
113 0 0 0 3362 3362
114 2 3377 0 1 3380
115 3445 0 1 0 3446
116 0 3560 0 1 3561
117 0 0 0 3716 3716
118 3744 0 0 0 3744
119 0 1 0 3820 3821
120 3825 0 1 0 3826
121 0 2 0 3837 3839
122 4 6 3866 0 3876
123 0 2 0 4216 4218
124 2 8 4861 1 4872
125 0 8 1 5000 5009
126 0 5274 0 5 5279
127 5340 0 12 3 5355
128 2 0 5477 4 5483
129 1 5867 0 22 5890
130 1 11 0 5969 5981
131 0 0 0 6104 6104
132 0 6209 0 5 6214
133 6197 1 6 0 6204
134 1 1 0 6270 6272
135 0 0 0 6339 6339
136 6346 2 0 2 6350
137 0 1 0 6369 6370
138 0 6439 0 1 6440
139 6401 7 7 1 6416
140 1 4 0 6446 6451
141 6392 1 2 3 6398
142 1 6539 1 2 6543
143 0 3 0 6555 6558
144 0 3 0 6570 6573
145 6538 1 2 0 6541
146 0 6718 0 0 6718
147 0 0 0 6685 6685
148 6693 0 0 0 6693
149 0 40 0 6682 6722
150 6718 7 3 54 6782
151 0 13 0 6822 6835
152 0 2 1 7139 7142
153 2 7583 1 38 7624
154 8 0 7644 3 7655
155 16 0 7606 2 7624
156 7176 0 405 0 7581
157 1 1 1 7712 7715
158 7745 0 6 0 7751
159 0 4 0 7904 7908
160 7873 0 14 2 7889
161 0 2 0 7899 7901
162 0 7 0 7924 7931
163 16 0 7812 1 7829
164 1 8230 0 1 8232
165 1 14 0 8376 8391
166 8587 1 1 1 8590
167 8545 0 0 0 8545
168 8547 0 1 1 8549
169 8587 2 2 0 8591
170 2 2 2 8676 8682
171 0 190 0 8559 8749
172 0 8741 0 3 8744
173 1 5 0 8785 8791
174 7 8725 0 38 8770
175 8721 1 3 1 8726
176 50 8739 2 7 8798
177 0 18 1 8807 8826
178 8851 0 3 2 8856
179 8780 0 0 0 8780
180 25 8863 0 12 8900
181 8883 0 1 1 8885
182 8 0 8878 1 8887
183 8841 2 1 0 8844
184 8966 0 1 0 8967
185 8935 0 1 1 8937
186 2 23 0 8984 9009
187 9024 0 1 0 9025
188 8941 0 6 1 8948
189 1 9046 0 5 9052
190 0 2 0 8983 8985
191 2 0 8838 0 8840
192 0 8955 1 1 8957
193 8859 1 3 0 8863
194 0 9034 0 5 9039
195 3870 5242 2 0 9114
196 9108 2 9 0 9119
197 9033 1 6 0 9040
198 0 9191 0 2 9193
199 9208 0 4 3 9215
200 9164 4 30 18 9216
201 1 25 0 9217 9243
202 5 0 9194 0 9199
203 0 9191 1 2 9194
204 1 9295 0 6 9302
205 9453 0 24 2 9479
206 1 8 0 9517 9526
207 0 1 0 9665 9666
208 7 2 9639 1 9649
209 5 2 9614 10 9631
210 9670 1 5 1 9677
211 1 3 1 9668 9673
212 0 6 0 9889 9895
213 23 4 9788 1 9816
214 1 1 0 9886 9888
215 9 1 9842 0 9852
216 0 10045 0 7 10052
217 10201 0 14 0 10215
218 10295 0 3 0 10298
219 10154 13 34 1 10202
220 1 10339 2 4 10346
221 30 0 10194 1 10225
222 1 10352 0 13 10366
223 10523 1 5 1 10530
224 1 18 0 10658 10677
225 1 10920 0 2 10923
226 11090 0 8 0 11098
227 11070 3 0 0 11073
228 11012 1 1 0 11014
229 2 3 0 11013 11018
230 10 1 11029 37 11077
231 1 5 0 10840 10846
232 1 3 0 11089 11093
233 2 11144 0 6 11152
234 11222 3 2 7 11234
235 142 0 10964 25 11131
236 2 0 10960 0 10962
237 2 11215 1 2 11220
238 1 5 0 11229 11235
239 40 0 11248 3 11291
240 0 4 0 11184 11188
241 5 2 11202 2 11211
242 11267 0 8 1 11276
243 11115 3 2 0 11120
244 32 11345 0 27 11404
245 2 11533 0 3 11538
246 0 55 0 11462 11517
247 2 35 0 11533 11570
248 13 3 1 11673 11690
249 7 11748 0 8 11763
250 0 5 1 11737 11743
251 3 0 11711 1 11715
252 0 11765 0 34 11799
253 11544 5 246 0 11795
254 11738 0 4 0 11742
255 2 11877 0 14 11893
256 11897 2 2 0 11901
257 11877 1 4 0 11882
258 11811 0 2 1 11814
259 11814 58 10 14 11896
260 742 1 11094 6 11843
261 3 0 11809 2 11814
262 8 0 11820 3 11831
263 1 0 11893 12 11906
264 2 7 27 11171 11207
265 704 2 10901 1 11608
266 11897 0 14 2 11913
267 10 12121 0 0 12131
268 11988 0 8 0 11996
269 9 12243 0 57 12309
270 0 159 0 12092 12251
271 2 4 0 12293 12299
272 0 12360 0 2 12362
273 0 18 1 12314 12333
274 1 3 0 12345 12349
275 6 12309 1 100 12416
276 1 1 0 12229 12231
277 2 12388 0 2 12392
278 0 12489 0 7 12496
279 2 12673 0 45 12720
280 12661 2 6 0 12669
281 4 0 12633 1 12638
282 12596 1 3 0 12600
283 12439 0 2 0 12441
284 2 12870 0 14 12886
285 4 12869 0 0 12873
286 57 3 12835 3 12898
287 43 0 12673 2 12718
288 12516 0 13 1 12530
289 7 0 12736 0 12743
290 1 2 0 12561 12564
291 7 1 12740 1 12749
292 2 1 12679 1 12683
293 12807 0 7 1 12815
294 2 12976 0 3 12981
295 12888 2 8 3 12901
296 3 6 1 12744 12754
297 12340 1 1 9 12351
298 3 12913 0 3 12919
299 0 12681 1 8 12690
300 4 12811 2 6 12823
301 10 1 12657 73 12741
302 2 12549 2 13 12566
303 2 0 12826 2 12830
304 0 3 0 12260 12263
305 0 3 0 12629 12632
306 0 4 0 12832 12836
307 12879 1 2 2 12884
308 0 2 0 12912 12914
309 5 13030 0 5 13040
310 0 20 0 12903 12923
311 0 6 0 12876 12882
312 9 0 12530 3 12542
313 3 12712 6 24 12745
314 9 13059 1 89 13158
315 28 13411 3 16 13458
316 13 0 13266 9 13288
317 10 1 12939 3 12953
318 12 0 13034 2 13048
319 44 13403 2 8 13457
320 2 1 0 13368 13371
321 2 13555 0 8 13565
322 13845 0 5 1 13851
323 13611 3 7 0 13621
324 8 13650 0 12 13670
325 3 13878 0 5 13886
326 1 5 0 13754 13760
327 1 3 1 13764 13769
328 0 12 0 13770 13782
329 4 13938 0 7 13949
330 13936 1 2 0 13939
331 7 0 13778 2 13787
332 13766 0 0 0 13766
333 13634 0 37 1 13672
334 13640 1 6 0 13647
335 16 0 13348 5 13369
336 11 13392 1 0 13404
337 13461 1 0 2 13464
338 86 13374 0 1 13461
339 0 2 1 13178 13181
340 5 13320 0 11 13336
341 1 13461 0 2 13464
342 3 6 0 13401 13410
343 13345 0 6 0 13351
344 13377 0 2 0 13379
345 0 4 0 13268 13272
346 0 5 0 13333 13338
347 13349 24 12 10 13395
348 5 0 13004 0 13009
349 1 12925 4 9 12939
350 1 13103 0 1 13105
351 3 13206 0 1 13210
352 0 19 2 13135 13156
353 0 13281 0 2 13283
354 13221 1 3 1 13226
355 1 12 0 13203 13216
356 13154 1 0 0 13155
357 1 0 13128 3 13132
358 12978 3 8 8 12997
359 0 0 1 13109 13110
360 0 2 2 13095 13099
361 8 13163 0 12 13183
362 10 0 13128 9 13147
363 6 0 13209 1 13216
364 13257 1 82 1 13341
365 3 0 13274 0 13277
366 13411 5 0 0 13416
367 13423 0 3 1 13427
368 13424 21 7 0 13452
369 52 13491 0 21 13564
370 10 13540 0 3 13553
371 13593 2 2 1 13598
372 13534 0 2 0 13536
373 13568 3 15 0 13586
374 6 1 13541 1 13549
375 2 0 13450 1 13453
376 13592 1 41 0 13634
377 13659 1 3 0 13663
378 13628 1 2 4 13635
379 4 13602 0 25 13631
380 0 0 0 13445 13445
381 0 13566 0 3 13569
382 13612 1 2 1 13616
383 3 0 13190 1 13194
384 1 13361 0 12 13374
385 2 15 2 13091 13110
386 0 13229 0 0 13229
387 0 13205 1 0 13206
388 4 13337 0 13 13354
389 3 9 1 13345 13358
390 1 0 2 13378 13381
391 109 0 13108 4 13221
392 12949 3 2 3 12957
393 0 1 0 13220 13221
394 13245 0 2 0 13247
395 13062 2 19 5 13088
396 1 10 1 13219 13231
397 13155 1 4 1 13161
398 13114 0 1 0 13115
399 1 0 13029 0 13030
400 19 0 12773 0 12792
401 3 0 12659 3 12665
402 12750 0 4 2 12756
403 12688 0 3 0 12691
404 207 12533 7 0 12747
405 2 12771 3 4 12780
406 0 21 0 12749 12770
407 1 1 1 12794 12797
408 0 2 0 12846 12848
409 0 7 1 12875 12883
410 42 3 12647 0 12692
411 1 1 0 12422 12424
412 0 16 1 12538 12555
413 1 0 12375 5 12381
414 1 12361 0 1 12363
415 0 8 0 12406 12414
416 2 6 1 12553 12562
417 6 0 12476 0 12482
418 2 12 1 12181 12196
419 6 0 12242 3 12251
420 12 0 12157 1 12170
421 12170 1 44 2 12217
422 9 12313 2 8 12332
423 6 12409 0 1 12416
424 12594 2 8 2 12606
425 12538 1 4 0 12543
426 12496 3 1 0 12500
427 2 1 3 12586 12592
428 8 0 12579 0 12587
429 12509 0 14 1 12524
430 12522 0 0 0 12522
431 3 2 0 12496 12501
432 2 1 12432 0 12435
433 3 12595 0 31 12629
434 13159 3 0 0 13162
435 13050 3 1 1 13055
436 12958 6 9 0 12973
437 6 12842 0 2 12850
438 12559 3 1 8 12571
439 0 13532 1 16 13549
440 0 8 0 13658 13666
441 4 4 0 13713 13721
442 2 3 0 13845 13850
443 4 1 13763 0 13768
444 3 13881 0 1 13885
445 11 3 0 13914 13928
446 1 3 1 13926 13931
447 0 4 0 13943 13947
448 13943 0 4 2 13949
449 13634 1 3 1 13639
450 2 13656 0 3 13661
451 4 13401 0 0 13405
452 0 13452 0 4 13456
453 13488 2 0 0 13490
454 2 79 1 13294 13376
455 1 6 0 13401 13408
456 13488 4 5 0 13497
457 2 2 1 13437 13442
458 2 1 13187 1 13191
459 13 13226 1 10 13250
460 13273 0 39 1 13313
461 5 0 13194 1 13200
462 9 13010 0 2 13021
463 3 13070 0 25 13098
464 3 13218 0 4 13225
465 13257 3 1 0 13261
466 13075 1 27 0 13103
467 1 13139 0 3 13143
468 1 13219 0 2 13222
469 13173 1 5 2 13181
470 1 2 13239 2 13244
471 0 1 13122 0 13123
472 2 1 12951 3 12957
473 0 0 12972 0 12972
474 3 0 13124 1 13128
475 12943 0 9 0 12952
476 2 5 0 13225 13232
477 13279 1 2 1 13283
478 2 13390 0 8 13400
479 2 2 2 13408 13414
480 13387 1 0 3 13391
481 1 13415 0 50 13466
482 13516 1 3 0 13520
483 13510 0 35 2 13547
484 0 2 2 13529 13533
485 5 0 13556 2 13563
486 24 0 13298 0 13322
487 13417 0 70 0 13487
488 13500 0 4 2 13506
489 35 13416 0 1 13452
490 13496 1 31 1 13529
491 13441 2 3 7 13453
492 1 0 13453 3 13457
493 13371 3 34 1 13409
494 5 0 13372 1 13378
495 29 0 13060 2 13091
496 13300 0 5 1 13306
497 1 0 13225 2 13228
498 13358 0 11 2 13371
499 3 13525 0 4 13532
500 13779 0 2 1 13782
501 2 0 13667 0 13669
502 13774 0 5 1 13780
503 13784 1 3 0 13788
504 13660 0 4 0 13664
505 6 13794 0 1 13801
506 13831 0 8 0 13839
507 13759 3 2 1 13765
508 3 0 13582 3 13588
509 5 13670 0 0 13675
510 0 1 3 13681 13685
511 84 1 13586 6 13677
512 13628 4 60 5 13697
513 1 0 13827 3 13831
514 291 3 13393 2 13689
515 5 13814 4 1 13824
516 13995 0 3 4 14002
517 1 4 0 14132 14137
518 4 14252 0 7 14263
519 1 2 1 14306 14310
520 14350 0 2 0 14352
521 14275 1 64 0 14340
522 1 9 5 14706 14721
523 3 5 2 14658 14668
524 0 3 2 14606 14611
525 2 14734 0 2 14738
526 14776 1 1 7 14785
527 4 0 15322 1 15327
528 1 4 0 14977 14982
529 3 15177 0 16 15196
530 15411 1 7 2 15421
531 15422 1 4 0 15427
532 15301 1 2 8 15312
533 4 2 0 15363 15369
534 3 5 0 15231 15239
535 6 1 15148 8 15163
536 4 0 15098 2 15104
537 19 2 15043 2 15066
538 92 15125 14 6 15237
539 15515 8 6 0 15529
540 15445 1 5 2 15453
541 15464 0 5 0 15469
542 15376 0 4 2 15382
543 0 4 0 15199 15203
544 1 15221 0 5 15227
545 2 15137 0 5 15144
546 2 15232 0 5 15239
547 15298 1 2 0 15301
548 15195 0 4 0 15199
549 5 15267 1 5 15278
550 15308 1 11 0 15320
551 0 0 15314 1 15315
552 1 2 1 14743 14747
553 15159 0 0 6 15165
554 2 0 15125 1 15128
555 15232 0 11 0 15243
556 23 1 14990 1 15015
557 15156 0 9 0 15165
558 15126 0 1 2 15129
559 1 15107 0 3 15111
560 0 3 0 14878 14881
561 3 15209 0 5 15217
562 2 15231 0 5 15238
563 15293 2 2 0 15297
564 3 1 1 15207 15212
565 1 6 1 15218 15226
566 0 6 1 15110 15117
567 0 5 2 15011 15018
568 3 15008 0 22 15033
569 4 15027 0 2 15033
570 14847 0 1 2 14850
571 7 15037 1 6 15051
572 15078 0 1 2 15081
573 2 4 0 15020 15026
574 5 0 14995 0 15000
575 22 1 14862 3 14888
576 3 14943 0 13 14959
577 14990 1 2 0 14993
578 1 2 15015 7 15025
579 7 14898 0 8 14913
580 15056 2 10 1 15069
581 0 2 1 15085 15088
582 2 0 15024 1 15027
583 2 2 14551 1 14556
584 14693 1 4 4 14702
585 6 1 14864 1 14872
586 2 14826 0 59 14887
587 5 2 14998 0 15005
588 6 0 14801 3 14810
589 58 1 14744 4 14807
590 0 3 0 14600 14603
591 2 14758 0 0 14760
592 4 14895 0 83 14982
593 11 2 14865 3 14881
594 4 14893 0 2 14899
595 11 0 14843 130 14984
596 0 3 2 14386 14391
597 8 0 14607 4 14619
598 8 14552 0 8 14568
599 62 14742 0 4 14808
600 14875 0 0 0 14875
601 0 1 1 14806 14808
602 2 0 14822 1 14825
603 14553 1 1 1 14556
604 1 5 0 14704 14710
605 3 0 14690 2 14695
606 6 0 14613 0 14619
607 0 4 1 14437 14442
608 14663 0 1 0 14664
609 14656 0 1 0 14657
610 8 0 14631 1 14640
611 5 0 14521 1 14527
612 14468 0 11 1 14480
613 14423 1 5 2 14431
614 0 2 2 14344 14348
615 1 0 14403 0 14404
616 2 4 14247 1 14254
617 14222 1 6 3 14232
618 15 14240 0 9 14264
619 14303 1 6 0 14310
620 1 0 2 14236 14239
621 14208 3 5 0 14216
622 0 16 13 14070 14099
623 14209 6 13 13 14241
624 2 13 3 13718 13736
625 8 14233 0 26 14267
626 2 0 14293 4 14299
627 1 1 14225 2 14229
628 13799 0 47 2 13848
629 43 1 14022 0 14066
630 2 3 1 13632 13638
631 1 1 2 13849 13853
632 1 0 13963 0 13964
633 13765 4 3 3 13775
634 1 5 2 13777 13785
635 8 1 13645 1 13655
636 4 0 13519 0 13523
637 2 13347 6 15 13370
638 1 13420 1 5 13427
639 0 13672 0 7 13679
640 2 20 2 13688 13712
641 15 2 13638 6 13661
642 13652 0 2 1 13655
643 4 14101 1 0 14106
644 14175 0 2 2 14179
645 13796 0 0 2 13798
646 0 4 4 14222 14230
647 14457 0 5 0 14462
648 14467 0 11 3 14481
649 2 5 1 14371 14379
650 2 0 14330 1 14333
651 2 14337 0 5 14344
652 14409 1 3 1 14414
653 0 1 0 14358 14359
654 0 4 1 14498 14503
655 12 2 14442 1 14457
656 6 14943 0 1 14950
657 1 6 2 14961 14970
658 3 14988 0 11 15002
659 15113 1 6 0 15120
660 14988 0 6 0 14994
661 14986 1 3 0 14990
662 12 0 15169 0 15181
663 0 1 1 14441 14443
664 14973 0 16 1 14990
665 15080 0 5 0 15085
666 15064 1 2 1 15068
667 14885 1 1 1 14888
668 4 0 2 14795 14801
669 14774 0 0 1 14775
670 3 2 1 14795 14801
671 9 0 14810 1 14820
672 5 1 14691 0 14697
673 14327 3 11 76 14417
674 1 1 14499 0 14501
675 14589 1 3 1 14594
676 14430 1 66 1 14498
677 2 0 14398 1 14401
678 7 13894 0 5 13906
679 14036 0 5 0 14041
680 3 2 1 13851 13857
681 13839 0 4 2 13845
682 1 115 0 13628 13744
683 13651 0 4 1 13656
684 3 13720 1 3 13727
685 4 5 7 13742 13758
686 2 0 13637 1 13640
687 13582 1 8 3 13594
688 5 13588 1 6 13600
689 13364 0 6 4 13374
690 4 13309 1 3 13317
691 13321 6 2 0 13329
692 0 5 2 13148 13155
693 12869 0 4 1 12874
694 1 13144 0 7 13152
695 7 13140 0 18 13165
696 13156 1 2 0 13159
697 0 1 0 13004 13005
698 1 5 1 12997 13004
699 3 12988 1 6 12998
700 5 13018 0 35 13058
701 0 3 2 13003 13008
702 13033 1 1 0 13035
703 1 3 2 12882 12888
704 8 0 12870 0 12878
705 15 12866 1 7 12889
706 12930 1 28 0 12959
707 12830 1 1 1 12833
708 12779 2 1 0 12782
709 9 12817 1 4 12831
710 12959 1 2 0 12962
711 12795 1 1 0 12797
712 2 12750 0 13 12765
713 12792 0 0 1 12793
714 1 211 0 12212 12424
715 2 12648 0 2 12652
716 3 12720 0 5 12728
717 0 1 0 12721 12722
718 12839 3 0 0 12842
719 12740 1 2 2 12745
720 2 1 12590 3 12596
721 12673 0 0 0 12673
722 12593 1 4 0 12598
723 6 12536 0 3 12545
724 12452 1 10 0 12463
725 6 12556 2 2 12566
726 12651 2 0 3 12656
727 12595 1 3 0 12599
728 2 0 12449 0 12451
729 12496 0 5 0 12501
730 12538 0 2 0 12540
731 12519 0 5 2 12526
732 6 1 12358 0 12365
733 3 2 1 11478 11484
734 9 0 11983 2 11994
735 1 11981 0 10 11992
736 4 12129 0 9 12142
737 4 7 2 12072 12085
738 4 0 12128 0 12132
739 0 12089 0 5 12094
740 12199 1 6 0 12206
741 12107 0 4 0 12111
742 1 4 1 12068 12074
743 0 1 2 12101 12104
744 7 0 11885 1 11893
745 0 11892 0 4 11896
746 11820 0 4 0 11824
747 0 3 3 11664 11670
748 1134 10397 3 265 11799
749 49 4 11750 4 11807
750 3 1 11632 1 11637
751 50 1 11518 3 11572
752 1 0 12077 7 12085
753 8 1 12054 1 12064
754 12079 1 7 0 12087
755 12259 0 4 0 12263
756 12308 2 0 0 12310
757 3 2 1 12244 12250
758 2 2 0 12333 12337
759 0 3 12247 0 12250
760 0 3 1 12099 12103
761 1 5 1 12219 12226
762 12290 1 1 0 12292
763 0 2 0 12150 12152
764 40 12066 1 12 12119
765 0 2 0 12215 12217
766 12204 21 0 0 12225
767 12115 0 2 0 12117
768 2 2 0 12130 12134
769 1 0 12091 1 12093
770 10481 0 1641 1 12123
771 3 0 0 12087 12090
772 12189 0 1 1 12191
773 12036 2 5 1 12044
774 0 12057 1 0 12058
775 4 1 0 12123 12128
776 6 0 12034 2 12042
777 11773 0 1 3 11777
778 0 17 0 11949 11966
779 14 0 11903 0 11917
780 3 0 11774 0 11777
781 6 11871 0 5 11882
782 2 5 0 11836 11843
783 4 12042 0 8 12054
784 12113 0 18 3 12134
785 0 2 12093 0 12095
786 6 12004 0 0 12010
787 0 7 2 12051 12060
788 1 1 2 11973 11977
789 40 12016 0 5 12061
790 12078 0 5 3 12086
791 3 0 11984 1 11988
792 3 0 11836 1 11840
793 2 3 6 11147 11158
794 28 0 11678 0 11706
795 1 1 0 11620 11622
796 0 7 0 11740 11747
797 11829 0 9 5 11843
798 3 1 11851 0 11855
799 2 4 1 11438 11445
800 19 0 11655 0 11674
801 11689 1 1 0 11691
802 11674 1 25 2 11702
803 2 0 1 11699 11702
804 11 0 11544 0 11555
805 4 11585 1 7 11597
806 11646 1 4 4 11655
807 3 0 11737 0 11740
808 11599 6 3 0 11608
809 0 1 1 11491 11493
810 0 1 0 11535 11536
811 0 2 0 11501 11503
812 116 11389 0 11 11516
813 0 1 2 11628 11631
814 1 4 0 11645 11650
815 11638 0 0 0 11638
816 11414 0 0 0 11414
817 4 0 11477 0 11481
818 11264 0 0 0 11264
819 1 2 0 11135 11138
820 2 0 0 11218 11220
821 263 10996 0 6 11265
822 5 1 11179 1 11186
823 10837 1 8 1 10847
824 5 0 10969 0 10974
825 10711 0 5 0 10716
826 12 1 10693 2 10708
827 3 0 10560 2 10565
828 3 0 10575 1 10579
829 4 10540 1 7 10552
830 6 10455 1 8 10470
831 7 0 10591 3 10601
832 10105 1 26 0 10132
833 10124 1 3 0 10128
834 2 1 1 10255 10259
835 10191 0 1 1 10193
836 10086 1 29 0 10116
837 3 9 0 10171 10183
838 10064 0 1 0 10065
839 10006 0 1 1 10008
840 9966 2 2 1 9971
841 10018 0 5 1 10024
842 2 0 10010 0 10012
843 9999 0 0 1 10000
844 10108 0 0 1 10109
845 10087 0 0 0 10087
846 0 1 0 9988 9989
847 10021 0 1 1 10023
848 1 0 4 9962 9967
849 0 1 0 9926 9927
850 1 4589 0 5231 9821
851 2 9706 0 1 9709
852 0 9691 0 4 9695
853 9760 1 1 0 9762
854 9668 0 2 1 9671
855 3 9743 0 3 9749
856 9702 2 2 0 9706
857 1 0 9764 0 9765
858 2 0 9566 0 9568
859 9655 0 2 0 9657
860 9771 0 5 0 9776
861 2 2 9618 2 9624
862 9675 1 6 1 9683
863 9 3 9657 1 9670
864 0 2 0 9304 9306
865 9628 1 0 0 9629
866 9650 1 2 0 9653
867 9653 1 0 0 9654
868 9568 1 2 0 9571
869 4 9404 0 3 9411
870 9223 0 0 1 9224
871 9 9179 0 0 9188
872 9084 0 3 1 9088
873 4 9195 0 1 9200
874 1 4 1 9184 9190
875 12 0 9176 0 9188
876 9015 0 5 2 9022
877 6 0 9100 0 9106
878 0 4 8973 0 8977
879 8980 0 1 1 8982
880 9064 0 9 0 9073
881 1 2 3 8897 8903
882 4 2 8910 1 8917
883 1 8718 0 91 8810
884 8952 0 5 2 8959
885 6 8941 1 2 8950
886 9007 3 6 6 9022
887 4 21 9 8912 8946
888 4 0 8913 0 8917
889 5 8957 1 11 8974
890 5 0 9045 1 9051
891 3 0 8923 1 8927
892 8769 1 21 0 8791
893 1 1 0 8909 8911
894 0 1 0 9032 9033
895 0 6 0 9027 9033
896 4 1 8866 3 8874
897 0 8799 1 20 8820
898 1 8918 2 33 8954
899 8889 1 15 0 8905
900 4 0 8880 0 8884
901 4 8819 0 4 8827
902 8933 0 67 1 9001
903 8997 0 0 0 8997
904 0 4 1 9020 9025
905 9051 0 3 0 9054
906 9016 0 8 0 9024
907 8982 1 5 0 8988
908 8873 2 1 0 8876
909 4 8896 0 4 8904
910 3 8795 0 9 8807
911 9045 0 0 0 9045
912 0 0 1 8991 8992
913 9126 0 1 55 9182
914 0 0 8913 2 8915
915 9049 0 0 1 9050
916 9060 0 3 0 9063
917 0 1 1 8998 9000
918 2 1 9009 3 9015
919 1 4 2 8793 8800
920 19 1 8952 0 8972
921 2 8906 0 10 8918
922 1 8995 0 12 9008
923 0 1 0 9149 9150
924 4 0 9195 0 9199
925 0 3 0 9020 9023
926 9254 0 3 0 9257
927 1 1 9142 2 9146
928 9177 0 0 0 9177
929 0 0 9154 0 9154
930 9213 0 2 0 9215
931 3 9271 0 4 9278
932 9396 0 2 0 9398
933 9318 0 1 0 9319
934 5 9388 0 23 9416
935 9468 1 2 2 9473
936 8 0 9455 3 9466
937 7 2 9436 2 9447
938 0 1 0 9033 9034
939 9523 0 0 0 9523
940 2 9549 1 15 9567
941 9658 0 2 0 9660
942 2 9691 0 1 9694
943 9716 0 1 0 9717
944 4 0 9638 0 9642
945 6 9818 0 1 9825
946 10030 0 3 2 10035
947 10121 0 0 0 10121
948 10164 1 0 0 10165
949 10231 0 1 1 10233
950 10158 1 3 0 10162
951 3 0 9922 2 9927
952 9696 0 54 1 9751
953 1 10001 0 1 10003
954 3 10134 0 1 10138
955 0 15 0 10083 10098
956 0 1 0 10116 10117
957 0 3 0 10199 10202
958 2 1 0 10293 10296
959 10 0 10317 0 10327
960 0 11 1 10127 10139
961 14 10265 1 11 10291
962 10346 1 6 1 10354
963 10310 1 3 2 10316
964 10348 3 0 1 10352
965 2 2 0 10420 10424
966 0 3 0 10539 10542
967 10506 0 0 0 10506
968 10472 0 2 0 10474
969 10358 1 5 0 10364
970 1 10447 2 5 10455
971 19 0 10422 19 10460
972 0 5 1 9838 9844
973 1404 0 8950 1 10355
974 2 0 10322 0 10324
975 9623 2 677 2 10304
976 47 0 10342 7 10396
977 10463 1 4 0 10468
978 7 10648 1 0 10656
979 0 4 1 10714 10719
980 4 0 10823 0 10827
981 10765 0 7 1 10773
982 0 5 0 10781 10786
983 10845 0 2 0 10847
984 10 10870 1 4 10885
985 10936 2 0 6 10944
986 5 0 11269 1 11275
987 6 11998 1 8 12013
988 12107 0 5 1 12113
989 2 0 12127 0 12129
990 12246 2 0 0 12248
991 12336 0 0 2 12338
992 12823 1 2 3 12829
993 0 0 3 13058 13061
994 13144 0 1 0 13145
995 13037 0 4 0 13041
996 117 0 13091 0 13208
997 13030 0 16 1 13047
998 0 17 0 13102 13119
999 0 3 0 13354 13357
1000 17 0 13116 1 13134
1001 13039 1 0 1 13041
1002 2 0 0 13166 13168
1003 3 0 13199 0 13202
1004 2 5 1 12818 12826
1005 2 0 12973 0 12975
1006 5 13063 0 7 13075
1007 13193 2 0 2 13197
1008 7 13319 0 2 13328
1009 13338 2 19 0 13359
1010 11 0 13385 1 13397
1011 12883 1 333 0 13217
1012 0 4 1 13357 13362
1013 13101 0 2 1 13104
1014 7 13861 1 2 13871
1015 0 14 0 13914 13928
1016 0 3 0 14180 14183
1017 14255 0 1 1 14257
1018 1 4 0 14374 14379
1019 0 9 4 14476 14489
1020 0 4 2 14616 14622
1021 16 2 14543 3 14564
1022 5 3 14404 1 14413
1023 14353 1 5 0 14359
1024 4 14355 1 3 14363
1025 13946 1 9 0 13956
1026 2 14625 0 7 14634
1027 8 14471 1 23 14503
1028 7 14559 0 3 14569
1029 1 14774 1 3 14779
1030 4 14804 0 6 14814
1031 14870 0 7 1 14878
1032 2 0 14853 1 14856
1033 14636 1 10 0 14647
1034 3 14770 0 3 14776
1035 4 14857 0 1 14862
1036 15184 2 2 0 15188
1037 14975 2 2 0 14979
1038 14875 0 4 1 14880
1039 0 5 2 15031 15038
1040 7 0 15057 0 15064
1041 14842 0 3 1 14846
1042 0 5 2 15038 15045
1043 5 1 15184 0 15190
1044 1 0 15081 1 15083
1045 14953 0 17 3 14973
1046 15073 0 31 0 15104
1047 7 0 15127 3 15137
1048 4 15155 0 10 15169
1049 15379 1 0 4 15384
1050 0 19 2 15387 15408
1051 15525 0 4 0 15529
1052 15398 2 10 1 15411
1053 12 15278 0 3 15293
1054 15368 4 4 6 15382
1055 3 1 15211 1 15216
1056 2 0 15107 1 15110
1057 1 14882 16 9 14908
1058 3 14860 0 25 14888
1059 6 15237 0 0 15243
1060 2 2 3 15357 15364
1061 1 4 4 15637 15646
1062 2 0 15654 2 15658
1063 1 4 2 15359 15366
1064 3 0 15573 0 15576
1065 15488 0 2 3 15493
1066 15516 2 6 1 15525
1067 0 1 1 15658 15660
1068 10 15770 0 2 15782
1069 0 1 2 15849 15852
1070 3 0 15859 1 15863
1071 15455 3 3 5 15466
1072 3 10 1 15723 15737
1073 5 0 15867 2 15874
1074 7 0 15689 5 15701
1075 6 0 15753 0 15759
1076 11 0 15799 0 15810
1077 15735 0 16 1 15752
1078 74 15719 0 4 15797
1079 16038 1 15 0 16054
1080 15978 1 10 1 15990
1081 15370 5 644 11 16030
1082 7 0 16110 3 16120
1083 2 0 16046 0 16048
1084 16 0 15958 0 15974
1085 15622 0 3 4 15629
1086 10 0 16120 0 16130
1087 7 1 6 15324 15338
1088 1 0 15957 1 15959
1089 7 0 16128 0 16135
1090 16052 0 41 1 16094
1091 2 3 16235 1 16241
1092 4 2 16091 0 16097
1093 6 16099 0 2 16107
1094 16369 0 42 0 16411
1095 1 0 3 16234 16238
1096 4 16331 1 25 16361
1097 16456 0 2 1 16459
1098 16401 0 2 1 16404
1099 16 0 16566 0 16582
1100 2 1 16545 0 16548
1101 6 1 16436 4 16447
1102 16522 0 7 2 16531
1103 0 1 16725 0 16726
1104 1 0 17036 1 17038
1105 16764 1 136 1 16902
1106 3 6 3 17082 17094
1107 3 9 2 17310 17324
1108 2 9 3 17476 17490
1109 25 0 17557 0 17582
1110 2 6 4 17229 17241
1111 2 16 2 17358 17378
1112 3 17310 0 8 17321
1113 17384 0 1 1 17386
1114 1 2 0 17463 17466
1115 5 17788 1 2 17796
1116 17988 0 1 0 17989
1117 17932 0 13 1 17946
1118 17926 1 8 1 17936
1119 2 1 18003 3 18009
1120 17830 1 0 1 17832
1121 18014 0 2 0 18016
1122 1 5 1 17981 17988
1123 10 0 17957 2 17969
1124 17976 0 4 1 17981
1125 17937 1 2 0 17940
1126 17753 0 1 0 17754
1127 0 7 1 17479 17487
1128 3 17568 1 5 17577
1129 8 17546 0 9 17563
1130 17638 0 6 0 17644
1131 17322 1 7 1 17331
1132 50 0 17511 2 17563
1133 16912 3 167 2 17084
1134 0 1 3 17168 17172
1135 2 29 3 17345 17379
1136 4 0 17426 1 17431
1137 5 0 17255 0 17260
1138 16900 0 6 0 16906
1139 17076 5 5 9 17095
1140 3 0 17150 2 17155
1141 65 0 17025 0 17090
1142 1 2 8 15416 15427
1143 5 0 16766 0 16771
1144 6 2 16875 0 16883
1145 0 6 2 16123 16131
1146 16617 1 4 3 16625
1147 0 16906 0 6 16912
1148 0 2 0 17126 17128
1149 8 17259 0 1 17268
1150 1 5 2 17241 17249
1151 4 17425 0 6 17435
1152 2 0 17618 2 17622
1153 17267 0 15 0 17282
1154 17525 0 4 2 17531
1155 2 17652 0 1 17655
1156 47 0 17542 32 17621
1157 16258 0 1138 1 17397
1158 0 2 0 17524 17526
1159 61 6 17567 2 17636
1160 1 4 0 17484 17489
1161 2 17766 1 1 17770
1162 2 26 0 18007 18035
1163 18082 3 14 1 18100
1164 17855 0 1 0 17856
1165 17742 2 9 0 17753
1166 17652 0 3 0 17655
1167 58 17688 1 3 17750
1168 2 4 0 17479 17485
1169 3 1 17625 0 17629
1170 1459 1 15814 0 17274
1171 17024 0 1 2 17027
1172 17126 3 2 0 17131
1173 2 0 17298 0 17300
1174 14 1 17217 0 17232
1175 16960 3 4 6 16973
1176 1 22 5 17258 17286
1177 14 1 17361 0 17376
1178 2 0 17168 4 17174
1179 2 0 17185 1 17188
1180 16 0 17114 2 17132
1181 17006 0 4 0 17010
1182 0 3 2 17139 17144
1183 3 0 17348 1 17352
1184 9 1 17304 0 17314
1185 11501 0 5601 1 17103
1186 17095 1 8 1 17105
1187 3 17308 0 5 17316
1188 3 4 1 17437 17445
1189 45 0 17529 0 17574
1190 2 4 1 17193 17200
1191 17483 3 3 0 17489
1192 1 40 1 17570 17612
1193 4 5 17740 10 17759
1194 2 20 3 17503 17528
1195 26 17733 0 16 17775
1196 17930 2 1 0 17933
1197 17574 0 204 1 17779
1198 8 0 18064 2 18074
1199 2 7 1 17294 17304
1200 17858 2 1 1 17862
1201 1 3 1 18083 18088
1202 9 0 18234 1 18244
1203 21 1 18183 0 18205
1204 3 6 1 17843 17853
1205 1 0 18450 1 18452
1206 5 0 18311 0 18316
1207 18215 2 5 0 18222
1208 3 1 18123 3 18130
1209 17948 1 7 1 17957
1210 3 18121 3 9 18136
1211 4 18030 1 4 18039
1212 7 18306 0 3 18316
1213 18434 1 1 0 18436
1214 3 2 3 18178 18186
1215 3 0 18085 1 18089
1216 0 0 17993 4 17997
1217 720 0 16947 4 17671
1218 3 18015 0 1 18019
1219 2 7 3 18280 18292
1220 6 0 18386 1 18393
1221 18162 1 1 1 18165
1222 678 17612 3 40 18333
1223 18331 1 5 3 18340
1224 12 0 18530 4 18546
1225 15 5 1 17613 17634
1226 17 0 18164 3 18184
1227 18170 2 6 2 18180
1228 1 2 0 18128 18131
1229 4 0 18168 2 18174
1230 0 17791 0 1 17792
1231 1 17905 0 0 17906
1232 1 18115 0 16 18132
1233 0 7 0 18233 18240
1234 18034 1 16 3 18054
1235 7 2 18102 1 18112
1236 5 17861 0 40 17906
1237 1 1 2 18153 18157
1238 0 1 0 18172 18173
1239 0 10 0 18175 18185
1240 0 47 2 18176 18225
1241 17821 0 3 16 17840
1242 5 1 17942 1 17949
1243 0 1 3 17150 17154
1244 1 0 17777 3 17781
1245 4 0 17767 2 17773
1246 17238 0 24 3 17265
1247 103 0 17719 4 17826
1248 0 2 0 17216 17218
1249 17750 3 3 0 17756
1250 17772 0 1 2 17775
1251 1 4 1 17820 17826
1252 1 0 17900 3 17904
1253 10 2 18764 0 18776
1254 2 4 3 18169 18178
1255 1 4 1 18900 18906
1256 6 7 1 19030 19044
1257 1 19137 0 6 19144
1258 19468 1 5 0 19474
1259 19300 7 57 7 19371
1260 0 2 0 19627 19629
1261 8 0 19700 2 19710
1262 18681 0 1434 1 20116
1263 20338 0 5 4 20347
1264 20170 0 226 0 20396
1265 3 0 20171 0 20174
1266 19652 0 0 3 19655
1267 19055 0 18 5 19078
1268 4 19457 0 3 19464
1269 3 19629 0 6 19638
1270 8 6 2 19692 19708
1271 6 0 19746 3 19755
1272 3 5 19707 1 19716
1273 0 16 1 19345 19362
1274 1 2 1 19761 19765
1275 0 0 19791 0 19791
1276 2 0 19711 2 19715
1277 3 2 0 19166 19171
1278 19675 2 4 3 19684
1279 0 5 1 19845 19851
1280 0 2 0 19697 19699
1281 1 19457 0 10 19468
1282 7 19952 0 28 19987
1283 1 3 0 20137 20141
1284 1 7 0 20135 20143
1285 1 6 1 20297 20305
1286 3 0 20132 1 20136
1287 2 0 19789 1 19792
1288 15 19865 2 5 19887
1289 0 2 3 19877 19882
1290 3 1 0 19946 19950
1291 2 20085 0 5 20092
1292 14 0 20282 2 20298
1293 19957 2 7 0 19966
1294 20045 1 2 0 20048
1295 20118 2 6 0 20126
1296 1 2 0 20355 20358
1297 20355 0 26 0 20381
1298 20344 0 2 1 20347
1299 20254 0 5 1 20260
1300 20141 0 8 1 20150
1301 5 0 20055 4 20064
1302 19794 0 23 2 19819
1303 0 13 2 20035 20050
1304 20143 0 5 0 20148
1305 20143 0 14 0 20157
1306 46 0 20045 1 20092
1307 19926 0 0 1 19927
1308 20084 0 5 0 20089
1309 19979 2 8 1 19990
1310 1 8 1 19747 19757
1311 1 0 20019 0 20020
1312 5 19709 0 43 19757
1313 5 0 20064 2 20071
1314 19656 1 5 3 19665
1315 2 3 1 19736 19742
1316 10 0 19733 1 19744
1317 2 6 0 19497 19505
1318 2 19450 0 19 19471
1319 2 19325 0 7 19334
1320 6 19444 1 12 19463
1321 10 19241 0 5 19256
1322 3 4 2 19378 19387
1323 2 0 19442 2 19446
1324 3 2 2 18972 18979
1325 19152 2 1 6 19161
1326 0 2 1 19305 19308
1327 6 36 2 19446 19490
1328 4 0 19429 2 19435
1329 5 2 19413 1 19421
1330 34 0 19319 4 19357
1331 18898 0 7 2 18907
1332 0 3 0 19422 19425
1333 19502 2 4 0 19508
1334 0 1 19637 4 19642
1335 19203 0 3 2 19208
1336 5 2 19523 0 19530
1337 19424 1 5 0 19430
1338 0 0 4 19610 19614
1339 3 0 19598 0 19601
1340 26 1 19497 0 19524
1341 1 9 2 19099 19111
1342 19317 0 8 3 19328
1343 4 19452 0 2 19458
1344 19630 1 1 4 19636
1345 0 6 0 19719 19725
1346 52 0 19676 1 19729
1347 19457 0 5 0 19462
1348 1 9 1 19624 19635
1349 5 0 19709 2 19716
1350 19 1 19632 1 19653
1351 6 5 2 18786 18799
1352 8 0 19804 5 19817
1353 6 0 19861 0 19867
1354 20131 0 9 0 20140
1355 20291 0 17 0 20308
1356 20392 1 3 0 20396
1357 20365 0 5 1 20371
1358 14 19 20342 3 20378
1359 20207 0 6 0 20213
1360 27 0 20244 9 20280
1361 19863 1 7 1 19872
1362 7 20474 0 7 20488
1363 3 8 2 20535 20548
1364 1 13 3 20738 20755
1365 3 0 20709 1 20713
1366 8 1 20415 4 20428
1367 5 20404 1 3 20413
1368 20079 0 1 2 20082
1369 3 20144 0 14 20161
1370 4 0 3 20111 20118
1371 1 20190 1 2 20194
1372 20181 0 35 0 20216
1373 0 0 20225 0 20225
1374 0 19993 0 5 19998
1375 20103 1 3 0 20107
1376 4 1 20102 6 20113
1377 2 19901 0 3 19906
1378 20117 2 2 15 20136
1379 19999 0 0 2 20001
1380 1 20118 2 4 20125
1381 20067 2 4 2 20075
1382 5 0 19979 1 19985
1383 5 19719 0 5 19729
1384 2 19721 0 25 19748
1385 19954 0 1 0 19955
1386 1 1 0 19988 19990
1387 0 2 1 20048 20051
1388 0 3 0 20094 20097
1389 19860 1 6 2 19869
1390 28 19915 1 4 19948
1391 0 3 2 19923 19928
1392 3 0 20006 4 20013
1393 1 4 1 19663 19669
1394 1 3 0 19749 19753
1395 1 1 1 19934 19937
1396 19819 0 46 3 19868
1397 19698 1 12 4 19715
1398 1 2 3 19683 19689
1399 5 0 19605 3 19613
1400 5 0 19365 1 19371
1401 5 1 19249 2 19257
1402 1 19014 2 12 19029
1403 1 0 0 19245 19246
1404 1 19319 1 9 19330
1405 19471 1 13 0 19485
1406 6 0 19367 3 19376
1407 7 0 19257 1 19265
1408 19032 1 2 0 19035
1409 8 19123 0 4 19135
1410 19090 3 80 2 19175
1411 5 3 19086 2 19096
1412 8 18854 0 34 18896
1413 2 2 0 18963 18967
1414 12 1 19014 1 19028
1415 20 18799 0 0 18819
1416 2 7 2 18992 19003
1417 67 0 18961 4 19032
1418 5 5 0 18652 18662
1419 5 1 18841 3 18850
1420 3 0 18677 0 18680
1421 108 1 18615 1 18725
1422 18651 0 3 1 18655
1423 7 18509 0 3 18519
1424 18466 0 10 1 18477
1425 4 18759 0 1 18764
1426 0 22 0 18546 18568
1427 7 1 18686 1 18695
1428 5 10 0 18347 18362
1429 1 18395 0 2 18398
1430 18155 0 27 1 18183
1431 3 18074 0 0 18077
1432 17924 1 7 2 17934
1433 1 0 18091 0 18092
1434 0 0 17851 0 17851
1435 16 0 0 16995 17011
1436 11 0 17571 1 17583
1437 0 2 0 17671 17673
1438 31 5 0 17704 17740
1439 84 0 17589 1 17674
1440 17465 0 5 2 17472
1441 35 17408 6 6 17455
1442 17169 0 2 1 17172
1443 0 4 9 16943 16956
1444 64 0 16902 0 16966
1445 11 0 16792 2 16805
1446 0 16659 1 2 16662
1447 1 3 0 16478 16482
1448 4 16534 0 29 16567
1449 1 2 1 16783 16787
1450 4 0 16731 0 16735
1451 0 3 1 16542 16546
1452 15438 0 7 0 15445
1453 15082 1 5 0 15088
1454 0 2 25 15634 15661
1455 8 0 16150 1 16159
1456 2 0 16304 3 16309
1457 15921 1 30 0 15952
1458 6 0 16132 1 16139
1459 12 0 15996 1 16009
1460 15651 0 13 0 15664
1461 1 0 15949 1 15951
1462 0 4 3 15315 15322
1463 1 0 15624 2 15627
1464 1 0 15586 3 15590
1465 1 1 0 15322 15324
1466 1 6 0 15584 15591
1467 15483 0 20 1 15504
1468 15342 0 4 0 15346
1469 48 0 15284 0 15332
1470 0 3 1 14217 14221
1471 5 14544 0 2 14551
1472 0 4 4 14532 14540
1473 3 2 14571 1 14577
1474 0 1 2 14384 14387
1475 2 3 1 14386 14392
1476 4 14134 1 102 14241
1477 0 1 1 14322 14324
1478 14207 0 2 0 14209
1479 14122 1 2 1 14126
1480 13434 0 1 1 13436
1481 4 13763 1 1 13769
1482 2 13392 0 2 13396
1483 3 13433 0 1 13437
1484 2 1 1 13413 13417
1485 1 2 0 13441 13444
1486 1 4 2 13464 13471
1487 6 2 13351 2 13361
1488 0 1 0 13131 13132
1489 0 0 0 12974 12974
1490 0 12976 0 1 12977
1491 2 12905 0 11 12918
1492 1 2 0 12700 12703
1493 2 0 12703 0 12705
1494 26 0 1 11963 11990
1495 0 1 0 12002 12003
1496 0 1 0 12030 12031
1497 0 4 0 11998 12002
1498 2 0 11786 0 11788
1499 1 2 0 11551 11554
1500 2 8 1 11529 11540
1501 4 3 0 11515 11522
1502 13 2 11186 1 11202
1503 10926 0 4 0 10930
1504 10770 0 7 1 10778
1505 13 10929 0 28 10970
1506 9984 1 5 0 9990
1507 9486 1 6 0 9493
1508 0 2 0 9405 9407
1509 1 0 0 9455 9456
1510 1 0 9086 0 9087
1511 1 4 1 8619 8625
1512 1 8633 0 15 8649
1513 2 8662 0 1 8665
1514 3 0 1 7791 7795
1515 0 1 0 7794 7795
1516 7497 0 2 0 7499
1517 2 7711 0 0 7713
1518 0 0 0 7579 7579
1519 7515 0 2 0 7517
1520 7371 0 4 1 7376
1521 6979 2 7 1 6989
1522 4 7166 0 18 7188
1523 0 0 0 6302 6302
1524 1 1 0 6269 6271
1525 6155 0 2 0 6157
1526 5945 0 2 0 5947
1527 0 30 0 5683 5713
1528 9 2 0 5178 5189
1529 1 0 4844 0 4845
1530 0 5 0 4754 4759
1531 0 1 0 4743 4744
1532 0 2 0 4589 4591
1533 6 1826 0 3 1835
1534 2 0 0 1334 1336
1535 8 0 1237 0 1245
1536 1127 0 0 0 1127
1537 1048 0 0 0 1048
1538 808 0 0 0 808
1539 646 0 3 0 649
1540 541 0 0 0 541
1541 1 1 0 454 456
1542 4 0 85 0 89
1543 0 47 0 1 48
1544 0 0 0 33 33
1545 0 32 0 0 32
1546 0 0 0 22 22
1547 0 0 0 22 22
1548 1 0 19 0 20
1549 0 0 0 20 20
1550 0 0 0 17 17
1551 13 0 0 0 13
1552 0 12 0 0 12
1553 0 0 0 12 12
1554 9 0 0 0 9
1555 0 9 0 0 9
1556 0 0 0 3 3
1557 0 0 0 0 0
