0 0 0 0 0 0
1 0 54 0 0 54
2 55 0 0 0 55
3 0 0 53 0 53
4 58 0 0 0 58
5 59 0 0 1 60
6 0 0 59 0 59
7 0 62 0 0 62
8 69 0 0 0 69
9 0 0 69 0 69
10 70 2 5 0 77
11 0 0 84 0 84
12 0 86 0 0 86
13 95 0 0 1 96
14 0 0 0 109 109
15 0 123 0 0 123
16 0 0 0 127 127
17 0 0 1 191 192
18 0 219 0 0 219
19 0 0 0 257 257
20 2 267 0 61 330
21 345 0 0 0 345
22 346 0 0 0 346
23 350 2 0 0 352
24 352 0 0 2 354
25 0 361 0 0 361
26 2 0 0 361 363
27 0 0 364 6 370
28 367 0 0 0 367
29 412 0 3 0 415
30 2 0 417 1 420
31 0 422 0 0 422
32 465 0 0 0 465
33 467 0 0 1 468
34 466 0 0 0 466
35 0 0 0 465 465
36 465 0 0 0 465
37 0 0 467 0 467
38 0 0 474 0 474
39 0 476 0 0 476
40 0 535 0 0 535
41 12 300 0 0 312
42 832 1 1 0 834
43 873 0 0 0 873
44 877 0 2 0 879
45 887 0 0 0 887
46 882 0 1 0 883
47 0 1 0 952 953
48 0 1 1017 0 1018
49 1019 0 0 0 1019
50 1031 0 0 0 1031
51 0 1043 0 0 1043
52 1048 0 0 0 1048
53 1039 1 0 0 1040
54 0 1 2 1077 1080
55 0 3 1109 0 1112
56 0 1134 0 1 1135
57 0 0 0 1138 1138
58 1122 3 4 1 1130
59 0 1142 2 2 1146
60 0 1175 0 4 1179
61 0 0 0 1187 1187
62 0 0 0 1194 1194
63 0 1234 0 0 1234
64 1234 1 1 0 1236
65 1250 0 0 0 1250
66 0 1285 0 0 1285
67 0 1 0 1296 1297
68 1306 0 0 0 1306
69 0 0 0 1302 1302
70 1298 0 2 1 1301
71 1 1355 0 0 1356
72 1413 0 0 0 1413
73 1404 0 0 0 1404
74 1388 0 0 0 1388
75 0 1634 0 0 1634
76 3 0 1850 0 1853
77 0 0 0 1833 1833
78 0 1 0 1914 1915
79 1934 0 0 0 1934
80 1923 1 0 0 1924
81 0 1997 0 2 1999
82 0 2069 0 0 2069
83 1 2218 0 15 2234
84 0 3 0 2252 2255
85 2272 0 10 1 2283
86 0 2 0 2337 2339
87 0 17 0 2347 2364
88 0 0 0 2611 2611
89 0 3001 0 6 3007
90 0 0 0 3027 3027
91 1 3041 0 0 3042
92 3041 3 7 0 3051
93 0 3090 0 1 3091
94 3125 3 7 0 3135
95 0 0 0 3136 3136
96 1 3176 2 0 3179
97 3188 9 1 5 3203
98 1 2 3252 2 3257
99 1 4 3358 4 3367
100 5 0 3343 1 3349
101 1 0 3321 0 3322
102 1 0 3427 1 3429
103 3482 1 1 1 3485
104 3 0 3574 0 3577
105 0 2 0 3526 3528
106 3691 0 1 0 3692
107 0 0 0 3776 3776
108 0 1 0 3845 3846
109 3849 0 2 0 3851
110 0 2 0 4036 4038
111 0 0 0 4316 4316
112 4418 0 0 7 4425
113 0 1 0 4432 4433
114 1 4430 0 0 4431
115 4464 0 0 1 4465
116 3 4617 0 0 4620
117 0 0 1 4750 4751
118 4721 1 10 0 4732
119 0 1 0 4820 4821
120 4801 0 0 0 4801
121 2 0 0 4851 4853
122 3 4 4846 0 4853
123 0 1 0 5081 5082
124 1 7 5587 1 5596
125 0 2 0 5702 5704
126 1 5893 0 3 5897
127 5919 2 12 6 5939
128 0 0 6009 3 6012
129 1 6418 0 2 6421
130 0 91 0 6420 6511
131 0 0 0 6634 6634
132 0 6748 0 0 6748
133 6735 0 5 2 6742
134 0 0 0 6783 6783
135 0 2 0 6850 6852
136 6838 0 6 0 6844
137 0 0 0 6848 6848
138 0 6905 0 5 6910
139 6889 1 3 0 6893
140 0 1 0 6965 6966
141 6880 2 0 2 6884
142 0 7037 0 3 7040
143 0 2 1 7062 7065
144 0 2 0 7093 7095
145 7034 0 0 1 7035
146 6 7191 0 1 7198
147 0 0 0 7184 7184
148 7185 3 1 1 7190
149 0 440 0 6792 7232
150 7192 3 6 25 7226
151 1 4 0 7245 7250
152 0 1 0 7534 7535
153 1 7885 0 26 7912
154 1 0 7917 6 7924
155 21 0 7861 0 7882
156 7834 4 19 1 7858
157 1 0 0 8009 8010
158 8036 0 5 0 8041
159 1 0 0 8158 8159
160 8109 1 2 2 8114
161 0 3 0 8129 8132
162 0 2 0 8185 8187
163 3 0 8068 0 8071
164 2 8315 1 5 8323
165 0 10 0 8536 8546
166 8655 0 1 0 8656
167 8612 0 1 0 8613
168 8603 0 0 0 8603
169 8586 0 0 1 8587
170 1 3 0 8680 8684
171 0 3 0 8765 8768
172 1 8746 0 5 8752
173 0 0 1 8793 8794
174 4 8776 0 3 8783
175 8721 0 3 1 8725
176 2 8795 0 2 8799
177 5 41 0 8789 8835
178 8875 0 0 1 8876
179 8807 0 0 0 8807
180 2 8924 0 1 8927
181 8923 2 14 0 8939
182 2 0 8901 0 8903
183 8841 0 2 1 8844
184 9007 1 0 0 9008
185 8958 0 0 1 8959
186 0 8 0 9024 9032
187 9036 0 0 0 9036
188 8937 0 21 2 8960
189 0 9055 0 2 9057
190 0 12 0 8972 8984
191 3 0 8855 1 8859
192 0 8918 0 3 8921
193 8826 0 0 0 8826
194 0 9070 0 0 9070
195 27 9112 0 0 9139
196 9177 4 9 0 9190
197 8752 0 336 0 9088
198 3 9274 0 1 9278
199 9335 0 0 0 9335
200 9258 4 0 6 9268
201 1 9 0 9302 9312
202 33 0 9248 1 9282
203 13 9292 0 3 9308
204 1 9325 0 6 9332
205 9607 19 25 4 9655
206 0 24 0 9695 9719
207 1 1 0 9829 9831
208 4 2 9852 0 9858
209 3 4 9774 8 9789
210 9793 0 1 0 9794
211 1 1 202 9679 9883
212 0 4 0 10038 10042
213 91 0 9907 1 9999
214 1 5 0 10063 10069
215 3 1 10055 0 10059
216 0 10243 0 9 10252
217 10507 0 0 1 10508
218 10577 0 1 0 10578
219 10392 70 72 0 10534
220 2 10658 0 5 10665
221 7 0 10491 0 10498
222 0 10601 0 2 10603
223 10814 1 11 0 10826
224 5 0 0 10969 10974
225 0 11153 0 7 11160
226 11380 0 4 0 11384
227 11333 0 1 2 11336
228 11280 0 1 1 11282
229 0 1 3 11299 11303
230 2 0 11344 0 11346
231 0 8 0 11075 11083
232 0 4 0 11309 11313
233 2 11473 0 5 11480
234 11504 2 8 7 11521
235 45 1 11373 5 11424
236 0 0 11245 1 11246
237 8 11532 2 0 11542
238 0 5 0 11583 11588
239 6 0 11568 2 11576
240 0 0 0 11472 11472
241 1 0 11531 0 11532
242 11557 1 2 0 11560
243 11427 0 2 0 11429
244 2 11705 0 0 11707
245 11 11813 0 1 11825
246 0 6 1 11722 11729
247 0 5 0 11882 11887
248 0 5 0 11922 11927
249 7 11976 2 62 12047
250 2 3 0 11963 11968
251 5 0 11937 1 11943
252 1 11980 0 3 11984
253 11356 0 616 0 11972
254 11924 1 2 0 11927
255 0 12051 0 2 12053
256 11934 1 87 0 12022
257 11948 0 1 0 11949
258 11917 0 2 0 11919
259 11744 164 9 0 11917
260 0 1 11807 141 11949
261 18 1 11875 3 11897
262 0 0 11900 0 11900
263 1 1 11964 1 11967
264 3 5 8 11215 11231
265 1 0 11635 1 11637
266 11919 3 10 0 11932
267 3 12169 1 4 12177
268 12024 1 2 0 12027
269 0 12247 1 115 12363
270 0 3 0 12283 12286
271 2 5 2 12328 12337
272 0 12377 0 2 12379
273 2 16 0 12443 12461
274 3 0 5 12411 12419
275 2 12401 0 1 12404
276 0 102 0 12150 12252
277 0 12427 0 0 12427
278 1 12396 0 4 12401
279 2 12602 1 3 12608
280 12606 1 6 2 12615
281 20 0 12505 2 12527
282 12466 0 8 0 12474
283 12414 5 2 2 12423
284 5 12790 0 14 12809
285 30 12751 0 1 12782
286 122 4 12634 3 12763
287 1 1 12588 0 12590
288 12440 2 3 0 12445
289 2 0 12567 1 12570
290 1 7 1 12413 12422
291 2 0 12637 0 12639
292 2 0 12544 2 12548
293 12726 0 9 1 12736
294 2 12882 0 4 12888
295 12805 0 0 1 12806
296 2 1 0 12599 12602
297 12285 1 3 3 12292
298 2 12656 4 4 12666
299 5 12530 1 9 12545
300 3 12601 0 2 12606
301 7 0 12273 199 12479
302 1 12292 0 13 12306
303 3 0 12535 1 12539
304 0 5 3 11816 11824
305 1 4 2 12211 12218
306 0 0 0 12432 12432
307 12513 1 3 2 12519
308 1 1 1 12516 12519
309 10 12627 0 5 12642
310 1 0 1 12500 12502
311 2 3 0 12538 12543
312 1 2 12129 4 12136
313 3 12315 4 14 12336
314 1 12609 2 19 12631
315 11 12850 6 4 12871
316 7 8 12669 3 12687
317 8 0 12398 4 12410
318 21 1 12387 5 12414
319 63 12559 1 23 12646
320 1 6 1 12569 12577
321 0 12799 0 3 12802
322 13111 0 4 2 13117
323 12892 3 2 0 12897
324 4 13009 0 1 13014
325 54 13111 0 1 13166
326 0 3 3 12981 12987
327 0 1 2 12987 12990
328 0 4 0 12898 12902
329 8 13091 0 2 13101
330 12978 0 14 1 12993
331 6 0 12839 1 12846
332 12789 2 0 0 12791
333 12675 3 3 1 12682
334 12649 7 2 0 12658
335 27 0 12403 0 12430
336 4 12338 1 3 12346
337 12363 2 4 1 12370
338 4 12366 0 2 12372
339 0 5 1 11982 11988
340 6 12196 0 4 12206
341 2 12305 0 8 12315
342 1 1 1 12277 12280
343 12271 2 3 0 12276
344 12319 1 1 1 12322
345 0 1 1 12197 12199
346 0 1 1 12199 12201
347 12226 9 11 3 12249
348 3 0 11825 0 11828
349 1 11755 1 3 11760
350 1 11871 0 7 11879
351 0 11990 0 1 11991
352 0 2 0 11994 11996
353 1 12119 0 3 12123
354 12120 1 0 1 12122
355 0 2 0 12103 12105
356 12039 0 5 1 12045
357 0 0 11969 2 11971
358 11813 0 0 1 11814
359 0 1 2 11955 11958
360 0 0 5 12019 12024
361 5 12046 1 7 12059
362 4 0 11973 4 11981
363 1 0 12109 1 12111
364 12093 1 13 2 12109
365 7 0 11992 1 12000
366 12078 0 8 0 12086
367 12118 0 1 0 12119
368 12049 5 3 0 12057
369 353 11747 0 65 12165
370 12 12204 0 3 12219
371 12220 0 1 0 12221
372 12154 0 1 1 12156
373 12157 2 10 1 12170
374 2 0 12182 1 12185
375 3 0 12078 1 12082
376 12225 0 2 0 12227
377 12246 0 1 0 12247
378 12228 2 0 1 12231
379 36 12150 0 35 12221
380 0 0 5 12042 12047
381 0 12066 0 0 12066
382 12195 1 0 0 12196
383 3 0 11803 3 11809
384 0 11947 0 4 11951
385 1 1 0 11753 11755
386 2 11782 0 0 11784
387 1 11898 2 2 11903
388 7 11981 2 11 12001
389 0 5 2 11938 11945
390 2 1 1 12041 12045
391 8 1 11911 0 11920
392 11750 0 0 1 11751
393 1 1 1 11923 11926
394 11985 0 0 0 11985
395 11747 0 147 2 11896
396 0 4 1 11968 11973
397 11914 0 0 0 11914
398 11819 0 1 3 11823
399 3 0 11694 2 11699
400 6 0 11554 0 11560
401 1 0 11395 2 11398
402 11522 0 1 0 11523
403 11459 0 5 0 11464
404 86 11435 3 0 11524
405 3 11594 0 2 11599
406 0 16 1 11602 11619
407 0 0 0 11627 11627
408 0 5 3 11682 11690
409 2 3 1 11748 11754
410 23 0 11547 0 11570
411 0 1 0 11352 11353
412 2 16 3 11424 11445
413 1 0 11327 0 11328
414 7 11239 0 3 11249
415 3 6 0 11338 11347
416 6 4 1 11443 11454
417 3 0 11317 0 11320
418 1 16 2 11087 11106
419 1 1 11174 1 11177
420 1 0 11093 0 11094
421 11125 7 75 5 11212
422 9 11268 0 6 11283
423 10 11416 0 1 11427
424 11627 0 3 1 11631
425 11610 0 2 0 11612
426 11596 2 0 0 11598
427 10 2 0 11633 11645
428 10 0 11650 1 11661
429 11640 0 11 0 11651
430 11678 1 2 0 11681
431 13 1 0 11676 11690
432 6 0 11642 3 11651
433 0 11914 1 2 11917
434 12555 0 4 0 12559
435 12533 0 2 0 12535
436 12439 3 1 0 12443
437 4 12379 0 0 12383
438 12078 1 4 16 12099
439 4 13292 5 7 13308
440 0 7 1 13364 13372
441 1 4 0 13491 13496
442 1 1 1 13585 13588
443 0 0 13528 3 13531
444 2 13665 3 0 13670
445 13 9 0 13658 13680
446 0 1 1 13732 13734
447 2 6 0 13739 13747
448 13702 0 4 0 13706
449 13471 0 4 0 13475
450 0 13362 0 0 13362
451 3 13177 0 5 13185
452 3 13275 0 4 13282
453 13287 2 3 0 13292
454 0 3 1 13176 13180
455 0 3 1 13312 13316
456 13301 2 10 2 13315
457 0 0 0 13287 13287
458 2 0 13033 2 13037
459 4 13019 2 41 13066
460 13170 2 2 1 13175
461 1 0 13105 6 13112
462 29 12823 1 1 12854
463 2 12870 1 0 12873
464 3 13015 0 1 13019
465 13125 0 1 0 13126
466 12935 3 28 1 12967
467 1 13008 1 1 13011
468 1 13050 3 0 13054
469 12995 1 2 0 12998
470 3 6 13102 3 13114
471 1 0 12973 0 12974
472 91 0 12780 1 12872
473 8 0 12893 5 12906
474 2 0 13022 3 13027
475 12905 0 1 1 12907
476 1 1 0 13151 13153
477 13138 0 2 2 13142
478 0 13353 0 0 13353
479 1 4 1 13434 13440
480 13285 0 3 0 13288
481 3 13416 0 11 13430
482 13468 0 0 2 13470
483 13505 0 0 1 13506
484 3 3 1 13481 13488
485 3 0 13457 3 13463
486 21 1 13327 1 13350
487 13484 0 4 0 13488
488 13483 0 0 2 13485
489 20 13368 0 0 13388
490 13396 0 58 0 13454
491 13332 6 1 1 13340
492 1 0 13394 1 13396
493 13339 3 10 11 13363
494 3 1 13375 0 13379
495 7 0 13022 1 13030
496 13264 0 12 1 13277
497 1 1 13202 0 13204
498 13366 1 4 1 13372
499 6 13653 0 3 13662
500 13895 0 4 2 13901
501 0 0 13839 0 13839
502 13927 1 1 0 13929
503 13940 2 1 1 13944
504 13799 1 1 0 13801
505 3 13954 0 3 13960
506 14042 0 5 0 14047
507 13921 0 5 0 13926
508 2 0 13756 0 13758
509 0 13980 0 5 13985
510 1 2 0 13986 13989
511 550 1 13404 0 13955
512 13893 2 68 8 13971
513 0 0 14091 0 14091
514 3 0 13898 0 13901
515 0 14025 5 4 14034
516 14246 0 4 1 14251
517 1 117 1 14256 14375
518 4 14483 0 1 14488
519 0 9 0 14596 14605
520 14637 0 0 0 14637
521 14388 0 189 0 14577
522 0 1 0 14926 14927
523 0 17 2 14845 14864
524 1 0 1 14755 14757
525 0 14946 0 3 14949
526 14962 0 4 6 14972
527 1 0 15511 0 15512
528 7 6 0 15228 15241
529 3 15420 0 4 15427
530 15629 0 8 0 15637
531 15627 0 7 1 15635
532 15444 1 1 1 15447
533 1 37 0 15553 15591
534 0 6 0 15481 15487
535 6 5 15420 4 15435
536 1 0 15256 3 15260
537 31 0 15230 0 15261
538 126 15160 9 197 15492
539 15758 0 9 1 15768
540 15739 1 0 0 15740
541 15767 0 8 0 15775
542 15628 1 23 1 15653
543 0 0 1 15506 15507
544 3 15504 0 3 15510
545 1 15464 0 4 15469
546 1 15575 0 2 15578
547 15696 0 1 0 15697
548 15594 0 2 2 15598
549 0 15759 1 3 15763
550 15767 0 7 2 15776
551 11 0 15743 0 15754
552 0 3 0 15126 15129
553 15635 1 0 1 15637
554 1 0 15547 0 15548
555 15697 3 16 1 15717
556 85 0 15431 0 15516
557 15700 0 4 1 15705
558 15596 0 5 0 15601
559 5 15561 0 11 15577
560 1 0 8 15390 15399
561 1 15633 0 3 15637
562 0 15669 1 8 15678
563 15824 0 2 0 15826
564 8 1 0 15622 15631
565 0 19 0 15658 15677
566 1 4 1 15615 15621
567 4 3 3 15521 15531
568 3 15481 0 18 15502
569 8 15520 1 0 15529
570 15381 2 2 2 15387
571 3 15576 3 6 15588
572 15632 1 3 1 15637
573 1 6 8 15542 15557
574 9 0 15480 2 15491
575 53 3 15281 2 15339
576 2 15348 1 12 15363
577 15456 1 0 2 15459
578 3 3 15527 7 15540
579 0 15378 0 32 15410
580 15571 0 1 0 15572
581 1 2 1 15473 15477
582 1 0 15416 2 15419
583 1 0 14958 1 14960
584 15118 11 7 2 15138
585 1 2 15210 4 15217
586 5 15278 1 6 15290
587 5 1 15430 6 15442
588 2 0 15252 0 15254
589 20 0 15266 2 15288
590 1 6 1 15112 15120
591 0 15244 2 2 15248
592 0 15456 0 4 15460
593 8 0 15387 0 15395
594 4 15399 3 7 15413
595 60 2 14332 1133 15527
596 0 3 1 15034 15038
597 4 0 15292 5 15301
598 1 15285 4 2 15292
599 3 15515 0 3 15521
600 15664 3 5 0 15672
601 3 1 1 15718 15723
602 9 0 15689 0 15698
603 15474 3 0 0 15477
604 1 34 2 15608 15645
605 2 1 15622 2 15627
606 2 0 15502 0 15504
607 1 29 0 15226 15256
608 15592 1 9 0 15602
609 15577 1 1 1 15580
610 3 0 15538 0 15541
611 1 0 15427 1 15429
612 15381 0 0 1 15382
613 15422 0 2 4 15428
614 0 2 4 15322 15328
615 3 4 15340 1 15348
616 2 0 15240 2 15244
617 15264 2 2 0 15268
618 1 15318 1 10 15330
619 15349 1 1 1 15352
620 1 0 1 15329 15331
621 15399 6 6 1 15412
622 0 6 15 15216 15237
623 15447 2 14 22 15485
624 2 8 0 14995 15005
625 13 15541 0 3 15557
626 3 0 15553 5 15561
627 0 0 15488 1 15489
628 15051 0 47 0 15098
629 6 0 15407 1 15414
630 1 0 1 15069 15071
631 0 14 1 15287 15302
632 6 0 15373 1 15380
633 15193 0 1 1 15195
634 2 17 2 15248 15269
635 3 0 15164 1 15168
636 1 3 14938 2 14944
637 1 14779 1 42 14823
638 6 14880 4 8 14898
639 1 15250 1 3 15255
640 1 53 3 15273 15330
641 33 0 15281 1 15315
642 15283 0 0 0 15283
643 3 15672 1 4 15680
644 15827 0 3 0 15830
645 15219 1 24 0 15244
646 0 8 1 15765 15774
647 16037 1 0 0 16038
648 16034 6 6 2 16048
649 1 5 0 15980 15986
650 5 0 15908 1 15914
651 6 15904 0 1 15911
652 16014 1 1 0 16016
653 1 5 1 15867 15874
654 1 5 0 16041 16047
655 184 1 15732 3 15920
656 0 16331 2 1 16334
657 1 3 1 16333 16338
658 0 16359 0 28 16387
659 16478 1 20 7 16506
660 16426 4 8 0 16438
661 16345 1 0 0 16346
662 3 0 16466 4 16473
663 0 2 1 15695 15698
664 16294 0 9 0 16303
665 16384 0 0 3 16387
666 16379 1 0 0 16380
667 16246 0 6 1 16253
668 1 0 1 16127 16129
669 16093 0 3 5 16101
670 0 2 0 16161 16163
671 5 2 16079 0 16086
672 7 0 15935 5 15947
673 15633 0 4 1 15638
674 1 0 15708 0 15709
675 15763 0 1 2 15766
676 15675 1 1 0 15677
677 50 0 15482 1 15533
678 0 15078 0 1 15079
679 15198 0 0 0 15198
680 0 4 0 14987 14991
681 14925 1 0 0 14926
682 0 14 0 14786 14800
683 14726 1 0 1 14728
684 0 14865 0 8 14873
685 1 10 0 14829 14840
686 3 2 14759 1 14765
687 14673 0 7 1 14681
688 0 14663 2 2 14667
689 14433 0 1 1 14435
690 0 14403 4 2 14409
691 14400 3 1 0 14404
692 0 8 0 14318 14326
693 14018 1 11 4 14034
694 5 14252 0 7 14264
695 1 14313 0 4 14318
696 14271 2 9 0 14282
697 0 3 3 14081 14087
698 0 8 0 14151 14159
699 7 14065 0 9 14081
700 1 14126 0 47 14174
701 1 0 11 14046 14058
702 14094 0 5 2 14101
703 1 4 0 13934 13939
704 5 0 13889 2 13896
705 6 13893 0 7 13906
706 13933 0 41 0 13974
707 13915 1 0 0 13916
708 13810 1 55 1 13867
709 882 13018 0 2 13902
710 13995 0 5 0 14000
711 13820 0 4 2 13826
712 3 13838 0 5 13846
713 13779 0 2 0 13781
714 0 408 0 13162 13570
715 1 13671 0 1 13673
716 0 13803 0 1 13804
717 2 4 0 13772 13778
718 13937 5 2 1 13945
719 13882 0 1 0 13883
720 1 1 13681 6 13689
721 13747 0 0 1 13748
722 13596 1 0 3 13600
723 2 13642 0 3 13647
724 13579 0 4 0 13583
725 11 13704 0 1 13716
726 13798 0 2 1 13801
727 13702 0 1 0 13703
728 2 0 13454 2 13458
729 13588 0 4 0 13592
730 13559 0 16 5 13580
731 13551 0 1 8 13560
732 5 0 13371 1 13377
733 2 4 0 12491 12497
734 0 1 13055 2 13058
735 1 12986 0 4 12991
736 0 13219 0 1 13220
737 5 12 1 13190 13208
738 2 0 13219 2 13223
739 1 13191 1 2 13195
740 13320 1 1 0 13322
741 13323 0 2 3 13328
742 0 1 0 13249 13250
743 0 4 0 13236 13240
744 2 0 12987 0 12989
745 2 12945 1 5 12953
746 12936 0 3 1 12940
747 1 0 1 12769 12771
748 242 12725 0 15 12982
749 21 7 12747 2 12777
750 1 2 12797 8 12808
751 0 1 12755 3 12759
752 1 1 13154 7 13163
753 13 0 13192 2 13207
754 13225 1 6 0 13232
755 13396 0 1 0 13397
756 13429 0 2 1 13432
757 0 1 0 13361 13362
758 0 6 0 13454 13460
759 1 0 13375 2 13378
760 0 0 0 13201 13201
761 0 20 1 13275 13296
762 13341 0 0 2 13343
763 4 1 0 13179 13184
764 4 13091 1 33 13129
765 1 4 1 13197 13203
766 13186 6 3 3 13198
767 13099 0 0 1 13100
768 9 6 0 13088 13103
769 1 0 13047 7 13055
770 13112 0 14 0 13126
771 0 0 0 13069 13069
772 13124 2 0 0 13126
773 12962 0 0 1 12963
774 1 12977 0 0 12978
775 2 0 0 13083 13085
776 11 0 12977 0 12988
777 12746 1 2 3 12752
778 0 3 2 12839 12844
779 3 0 12766 2 12771
780 3 0 12601 1 12605
781 14 12697 1 10 12722
782 1 0 2 12624 12627
783 2 12788 0 4 12794
784 12965 0 14 0 12979
785 11 0 12804 0 12815
786 1 12758 1 0 12760
787 0 16 0 12864 12880
788 1 4 0 12763 12768
789 9 12849 0 9 12867
790 12864 0 6 3 12873
791 5 0 12738 3 12746
792 8 0 12605 2 12615
793 1 3 1 11837 11842
794 54 0 12445 4 12503
795 0 4 1 12429 12434
796 0 0 0 12568 12568
797 12604 0 6 0 12610
798 7 0 12670 0 12677
799 4 1 3 12274 12282
800 8 0 12484 5 12497
801 12513 0 11 0 12524
802 12419 3 40 2 12464
803 0 2 1 12536 12539
804 18 2 12436 0 12456
805 2 12518 0 6 12526
806 12519 0 6 4 12529
807 17 0 12684 6 12707
808 12465 1 12 1 12479
809 1 1 1 12382 12385
810 0 5 0 12448 12453
811 0 11 0 12416 12427
812 12 12415 0 4 12431
813 0 1 0 12495 12496
814 1 17 0 12552 12570
815 12593 2 0 1 12596
816 12331 1 2 4 12338
817 0 0 12358 1 12359
818 12142 1 1 0 12144
819 0 3 1 11967 11971
820 0 2 1 12023 12026
821 1 12028 0 0 12029
822 31 3 11899 4 11937
823 11626 2 0 4 11632
824 2 0 11774 1 11777
825 11429 1 6 2 11438
826 9 0 11422 2 11433
827 1 0 11261 2 11264
828 0 0 11216 1 11217
829 2 11085 2 51 11140
830 2 11112 1 2 11117
831 2 0 11314 1 11317
832 10846 0 6 2 10854
833 10926 0 2 0 10928
834 0 6 0 11053 11059
835 10999 0 0 0 10999
836 11008 1 2 0 11011
837 4 0 0 10956 10960
838 10951 0 1 0 10952
839 10826 0 0 0 10826
840 10771 0 1 0 10772
841 10853 0 4 0 10857
842 3 0 10708 6 10717
843 10740 0 2 1 10743
844 10846 0 1 2 10849
845 10859 0 1 0 10860
846 4 1 1 10737 10743
847 10834 0 0 0 10834
848 1 0 8 10704 10713
849 1 1 1 10640 10643
850 1 104 1 10443 10549
851 2 10415 0 4 10421
852 3 10322 0 1 10326
853 10421 0 1 0 10422
854 10324 2 2 0 10328
855 21 10261 4 0 10286
856 10214 1 7 0 10222
857 1 0 10222 3 10226
858 3 0 10051 3 10057
859 10117 0 2 1 10120
860 10168 0 2 0 10170
861 2 3 10018 1 10024
862 10119 1 0 2 10122
863 1 0 10071 2 10074
864 0 6 0 9704 9710
865 10083 0 0 0 10083
866 10048 0 0 0 10048
867 10007 0 1 0 10008
868 9912 0 0 0 9912
869 5 9723 0 0 9728
870 9601 0 0 1 9602
871 4 9539 0 1 9544
872 9436 0 1 0 9437
873 0 9561 0 1 9562
874 2 2 2 9540 9546
875 4 0 9504 0 9508
876 9359 0 1 0 9360
877 49 1 9395 0 9445
878 1 1 9340 0 9342
879 9354 0 0 1 9355
880 9398 0 1 0 9399
881 0 1 1 9219 9221
882 3 0 9267 0 9270
883 0 8978 0 216 9194
884 9297 1 5 0 9303
885 0 9300 10 0 9310
886 9323 5 1 7 9336
887 0 15 16 9283 9314
888 1 0 9218 0 9219
889 1 9333 0 7 9341
890 4 1 9429 4 9438
891 1 0 9313 10 9324
892 9187 0 16 5 9208
893 3 1 1 9304 9309
894 1 0 0 9364 9365
895 1 10 0 9392 9403
896 9 1 9267 0 9277
897 2 9173 0 22 9197
898 3 9228 0 138 9369
899 9310 0 14 0 9324
900 1 0 9287 3 9291
901 2 9292 0 4 9298
902 9424 0 4 0 9428
903 9365 0 47 2 9414
904 0 1 0 9402 9403
905 9465 1 1 0 9467
906 9362 2 82 0 9446
907 9381 1 2 0 9384
908 9248 0 1 0 9249
909 0 9207 0 148 9355
910 1 9254 0 4 9259
911 9474 0 0 0 9474
912 0 2 0 9390 9392
913 9434 0 2 148 9584
914 6 0 9312 0 9318
915 9495 0 0 2 9497
916 9450 0 5 1 9456
917 0 1 0 9411 9412
918 0 2 9383 0 9385
919 3 4 0 9139 9146
920 25 0 9280 0 9305
921 0 9186 0 3 9189
922 1 9287 2 0 9290
923 5 0 2 9371 9378
924 2 0 9407 1 9410
925 0 4 1 9254 9259
926 9399 0 1 4 9404
927 1 0 9278 1 9280
928 9349 0 1 1 9351
929 1 0 9265 0 9266
930 9302 0 2 1 9305
931 0 9335 0 7 9342
932 9469 0 3 0 9472
933 9382 0 4 0 9386
934 7 9426 1 6 9440
935 9506 0 8 1 9515
936 65 0 9446 1 9512
937 14 0 9429 0 9443
938 5 0 1 9148 9154
939 9530 1 0 0 9531
940 3 9510 0 6 9519
941 9589 1 0 0 9590
942 7 9637 1 6 9651
943 9676 0 0 2 9678
944 1 0 9586 0 9587
945 1 9734 0 0 9735
946 9883 0 11 0 9894
947 9956 0 0 0 9956
948 9970 0 2 0 9972
949 10021 0 0 0 10021
950 9991 4 1 0 9996
951 4 1 9755 0 9760
952 9410 1 67 3 9481
953 0 9747 0 0 9747
954 1 9901 0 4 9906
955 0 17 1 9843 9861
956 0 1 1 9875 9877
957 0 0 0 9887 9887
958 1 2 0 10008 10011
959 0 0 10000 0 10000
960 5 2 0 9848 9855
961 0 9930 0 14 9944
962 10001 0 6 0 10007
963 9954 0 31 1 9986
964 10037 0 0 0 10037
965 0 8 2 10024 10034
966 0 0 0 10175 10175
967 10175 0 2 5 10182
968 10111 0 1 0 10112
969 10052 0 2 0 10054
970 0 10070 1 37 10108
971 3 0 10065 0 10068
972 1 1 1 9463 9466
973 6 0 9869 0 9875
974 2 0 9910 0 9912
975 6105 1 3710 0 9816
976 1 0 9920 0 9921
977 9935 1 2 2 9940
978 5 10236 0 0 10241
979 1 1 0 10325 10327
980 0 0 10342 0 10342
981 10339 0 2 0 10341
982 0 0 0 10360 10360
983 10378 0 2 0 10380
984 24 10421 0 3 10448
985 10520 3 2 5 10530
986 4 0 10775 2 10781
987 2 11447 3 2 11454
988 11531 0 9 0 11540
989 1 0 11605 0 11606
990 11616 1 0 1 11618
991 11704 1 1 0 11706
992 12226 0 1 3 12230
993 1 3 0 12390 12394
994 12479 1 2 0 12482
995 12394 0 0 0 12394
996 140 1 12342 0 12483
997 12237 1 39 0 12277
998 0 1 0 12316 12317
999 3 0 0 12502 12505
1000 9 0 12304 0 12313
1001 12197 2 1 1 12201
1002 0 1 0 12328 12329
1003 4 0 12384 0 12388
1004 3 2 0 12012 12017
1005 0 0 12213 4 12217
1006 6 12265 0 4 12275
1007 12403 3 2 0 12408
1008 2 12471 1 6 12480
1009 12483 2 4 4 12493
1010 27 0 12435 5 12467
1011 12316 1 2 4 12323
1012 0 5 0 12435 12440
1013 12227 0 2 0 12229
1014 3 12843 0 6 12852
1015 0 1 0 12876 12877
1016 0 1 0 13023 13024
1017 13114 0 1 0 13115
1018 0 0 0 13068 13068
1019 1 2 0 13087 13090
1020 0 3 0 13185 13188
1021 2 0 13118 1 13121
1022 6 0 12920 2 12928
1023 12859 0 5 1 12865
1024 2 12873 0 4 12879
1025 12552 0 1 0 12553
1026 6 13031 0 2 13039
1027 27 12886 1 3 12917
1028 8 12972 0 2 12982
1029 3 13083 0 1 13087
1030 4 13196 0 1 13201
1031 13244 0 4 5 13253
1032 1 0 13211 0 13212
1033 12999 0 1 8 13008
1034 1 13069 1 2 13073
1035 5 13144 0 7 13156
1036 13476 0 6 1 13483
1037 13289 1 1 0 13291
1038 13280 0 0 0 13280
1039 1 2 1 13407 13411
1040 2 0 13416 0 13418
1041 13256 1 4 6 13267
1042 0 1 2 13439 13442
1043 13 0 13506 0 13519
1044 4 1 13378 1 13384
1045 13323 0 12 1 13336
1046 13392 2 0 0 13394
1047 6 0 13404 0 13410
1048 2 13420 0 1 13423
1049 13591 25 1 1 13618
1050 0 0 3 13646 13649
1051 13714 1 2 1 13718
1052 13634 0 2 1 13637
1053 2 13423 0 140 13565
1054 13631 2 4 3 13640
1055 0 0 13490 0 13490
1056 2 5 13379 1 13387
1057 0 13198 1 1 13200
1058 5 13126 0 3 13134
1059 0 13523 0 4 13527
1060 1 3 3 13657 13664
1061 2 6 2 13963 13973
1062 9 0 13891 1 13901
1063 0 1 0 13716 13717
1064 2 0 13807 4 13813
1065 13778 0 0 2 13780
1066 13814 1 7 0 13822
1067 2 0 0 13845 13847
1068 3 13968 0 3 13974
1069 0 2 3 14070 14075
1070 3 0 14046 3 14052
1071 13743 1 6 8 13758
1072 0 5 0 13998 14003
1073 1 3 14110 1 14115
1074 2 0 13927 1 13930
1075 2 2 13974 1 13979
1076 7 0 14051 0 14058
1077 13978 0 10 1 13989
1078 13 14044 3 4 14064
1079 14311 0 0 3 14314
1080 14211 0 11 0 14222
1081 14144 3 9 1 14157
1082 5 0 14289 3 14297
1083 1 0 14290 2 14293
1084 4 0 14224 4 14232
1085 13923 1 1 1 13926
1086 3 0 14364 0 14367
1087 35 4 4 13670 13713
1088 4 0 14271 0 14275
1089 2 1 14354 1 14358
1090 14332 0 12 2 14346
1091 1 0 14415 2 14418
1092 8 0 14334 3 14345
1093 5 14352 3 0 14360
1094 14651 0 1 0 14652
1095 0 2 0 14449 14451
1096 3 14548 0 12 14563
1097 14609 0 2 2 14613
1098 14587 0 0 1 14588
1099 10 0 14723 2 14735
1100 12 0 14710 0 14722
1101 1 0 14618 0 14619
1102 14643 0 6 0 14649
1103 1 1 14827 1 14830
1104 0 0 14951 0 14951
1105 14834 0 1 1 14836
1106 3 0 2 14991 14996
1107 0 0 1 15191 15192
1108 2 6 1 15342 15351
1109 2 0 15362 1 15365
1110 0 3 0 15077 15080
1111 1 9 0 15117 15127
1112 0 15095 1 3 15099
1113 15127 0 2 1 15130
1114 2 1 0 15280 15283
1115 2 15405 0 0 15407
1116 15466 0 3 0 15469
1117 15392 0 1 2 15395
1118 15313 0 1 0 15314
1119 8 0 15401 0 15409
1120 15247 0 1 2 15250
1121 15442 0 2 2 15446
1122 1 4 1 15412 15418
1123 5 0 15368 0 15373
1124 15414 0 0 1 15415
1125 15390 0 5 0 15395
1126 15220 0 0 0 15220
1127 0 4 1 15013 15018
1128 3 15036 0 14 15053
1129 2 14943 0 2 14947
1130 15070 1 1 0 15072
1131 14884 3 3 0 14890
1132 52 0 15061 0 15113
1133 14661 0 0 0 14661
1134 0 0 2 14764 14766
1135 0 26 2 14894 14922
1136 4 0 14920 3 14927
1137 0 6 14781 9 14796
1138 14536 0 9 3 14548
1139 14662 2 13 1 14678
1140 1 0 14699 2 14702
1141 1 3 14615 1 14620
1142 0 6 1 13373 13380
1143 2 1 14306 3 14312
1144 2 0 14471 1 14474
1145 2 5 1 13903 13911
1146 14240 0 4 9 14253
1147 3 14481 0 1 14485
1148 0 0 0 14735 14735
1149 1 14826 1 5 14833
1150 0 1 0 14777 14778
1151 4 14876 1 6 14887
1152 3 0 15089 1 15093
1153 14780 0 12 1 14793
1154 15025 0 12 1 15038
1155 6 15098 0 3 15107
1156 32 0 15061 8 15101
1157 14878 1 4 1 14884
1158 2 0 0 15185 15187
1159 0 0 15152 1 15153
1160 2 2 0 14977 14981
1161 2 15122 0 5 15129
1162 0 25 0 15362 15387
1163 15387 0 0 0 15387
1164 15266 0 0 0 15266
1165 15066 1 0 0 15067
1166 14973 1 9 0 14983
1167 31 15111 3 2 15147
1168 2 2 0 15017 15021
1169 47 0 15021 6 15074
1170 927 1 13862 1 14791
1171 14365 1 9 0 14375
1172 14576 1 1 0 14578
1173 0 0 14816 0 14816
1174 0 0 14793 0 14793
1175 14354 20 2 3 14379
1176 0 9 5 14695 14709
1177 1 0 14773 5 14779
1178 0 1 14644 1 14646
1179 1 0 14621 2 14624
1180 8 0 14567 4 14579
1181 14492 0 5 1 14498
1182 0 0 7 14471 14478
1183 4 0 14557 6 14567
1184 4 0 14501 1 14506
1185 185 0 14360 3 14548
1186 14271 0 2 1 14274
1187 0 14467 0 3 14470
1188 1 2 0 14621 14624
1189 1 1 14733 3 14738
1190 1 6 1 14423 14431
1191 14607 2 0 0 14609
1192 1 3 2 14765 14771
1193 71 0 14709 0 14780
1194 0 114 0 14399 14513
1195 1 14551 0 1 14553
1196 14720 2 5 1 14728
1197 14552 1 1 1 14555
1198 124 0 14645 0 14769
1199 1 1 0 14198 14200
1200 14545 1 2 1 14549
1201 0 109 0 14536 14645
1202 9 0 14702 1 14712
1203 80 1 14495 1 14577
1204 1 4 1 14102 14108
1205 3 0 14454 0 14457
1206 1 0 14397 0 14398
1207 14330 1 3 0 14334
1208 27 0 14299 1 14327
1209 14171 0 1 1 14173
1210 1 14229 1 1 14232
1211 2 14168 0 1 14171
1212 1 14358 0 2 14361
1213 14475 1 4 2 14482
1214 0 1 0 14254 14255
1215 1 1 14189 5 14196
1216 1 0 14115 0 14116
1217 0 0 13812 1 13813
1218 2 14102 0 1 14105
1219 4 36 0 14246 14286
1220 6 0 14375 2 14383
1221 14181 0 5 0 14186
1222 85 13793 2 449 14329
1223 14314 1 8 3 14326
1224 3 0 14413 3 14419
1225 0 0 1 13800 13801
1226 0 0 14149 2 14151
1227 14095 1 5 0 14101
1228 1 3 0 14053 14057
1229 5 0 14003 10 14018
1230 0 13724 0 2 13726
1231 2 13796 0 6 13804
1232 1 13926 0 8 13935
1233 11 2 5 14077 14095
1234 13909 3 4 1 13917
1235 2 0 13954 5 13961
1236 32 13712 0 23 13767
1237 1 4 5 13945 13955
1238 0 2 1 14047 14050
1239 0 3 0 13974 13977
1240 0 50 1 13991 14042
1241 13688 1 3 0 13692
1242 1 0 13774 3 13778
1243 1 2 0 13132 13135
1244 1 0 13595 2 13598
1245 2 2 13552 7 13563
1246 13214 0 3 2 13219
1247 11 0 13555 0 13566
1248 0 1 3 13171 13175
1249 13494 0 4 0 13498
1250 13589 0 2 0 13591
1251 1 0 1 13658 13660
1252 5 0 13715 1 13721
1253 4 0 13908 1 13913
1254 0 29 0 13391 13420
1255 0 34 0 13804 13838
1256 2 2 1 13866 13871
1257 3 13926 0 4 13933
1258 14134 0 5 0 14139
1259 14046 0 2 2 14050
1260 2 4 2 14077 14085
1261 0 0 14193 3 14196
1262 4542 1 9694 0 14237
1263 14276 1 57 0 14334
1264 14395 0 1 2 14398
1265 1 0 14257 0 14258
1266 14146 0 1 0 14147
1267 13796 0 2 0 13798
1268 1 14027 0 14 14042
1269 4 14169 1 0 14174
1270 0 2 0 14274 14276
1271 1 0 14307 1 14309
1272 4 0 14251 1 14256
1273 1 1 1 13895 13898
1274 1 1 1 14267 14270
1275 2 0 14276 1 14279
1276 0 0 14251 1 14252
1277 2 1 1 13870 13874
1278 14174 1 1 4 14180
1279 0 0 0 14322 14322
1280 0 10 0 14203 14213
1281 2 14010 0 4 14016
1282 7 14332 3 10 14352
1283 1 4 0 14543 14548
1284 0 8 0 14583 14591
1285 3 6 5 14653 14667
1286 4 0 14510 2 14516
1287 1 0 14243 2 14246
1288 0 14245 1 5 14251
1289 0 4 0 14237 14241
1290 0 2 1 14293 14296
1291 4 14297 4 2 14307
1292 3 0 14520 1 14524
1293 14372 0 2 2 14376
1294 14429 1 13 0 14443
1295 14532 2 0 0 14534
1296 6 2 1 14703 14712
1297 14714 0 32 0 14746
1298 14714 1 0 0 14715
1299 14666 0 0 1 14667
1300 14590 0 5 0 14595
1301 3 0 14585 0 14588
1302 14384 1 1 0 14386
1303 0 21 0 14627 14648
1304 14651 0 80 0 14731
1305 14718 0 2 0 14720
1306 410 0 14270 0 14680
1307 14542 2 1 0 14545
1308 14557 0 5 0 14562
1309 14526 8 3 0 14537
1310 0 10 0 14361 14371
1311 13 0 14527 3 14543
1312 3 14161 0 151 14315
1313 9 4 14542 1 14556
1314 14240 0 0 0 14240
1315 2 0 0 14243 14245
1316 1 0 14312 0 14313
1317 0 1 0 14022 14023
1318 2 14011 2 22 14037
1319 3 13857 1 4 13865
1320 2 13906 0 1 13909
1321 31 13786 4 0 13821
1322 6 6 1 13942 13955
1323 1 0 14041 0 14042
1324 0 2 0 13724 13726
1325 13774 0 1 1 13776
1326 0 7 0 13917 13924
1327 0 7 3 14060 14070
1328 2 0 14019 9 14030
1329 1 0 14006 2 14009
1330 2 0 14002 2 14006
1331 13646 1 1 0 13648
1332 0 1 0 14001 14002
1333 14042 0 1 0 14043
1334 1 0 14094 2 14097
1335 13789 0 1 4 13794
1336 1 0 14049 0 14050
1337 13956 0 3 0 13959
1338 0 1 0 14020 14021
1339 1 0 13996 1 13998
1340 11 0 13961 0 13972
1341 0 3 1 13646 13650
1342 13771 0 4 0 13775
1343 0 13871 0 0 13871
1344 13983 0 2 0 13985
1345 1 0 0 14023 14024
1346 18 0 14070 6 14094
1347 13891 0 4 0 13895
1348 1 103 3 13863 13970
1349 7 1 13973 8 13989
1350 2 0 13908 2 13912
1351 1 2 2 13274 13279
1352 3 0 13816 1 13820
1353 12 0 13911 2 13925
1354 14057 0 9 1 14067
1355 14109 0 1 0 14110
1356 14205 2 1 0 14208
1357 14166 0 10 1 14177
1358 14 30 14121 1 14166
1359 13930 0 78 2 14010
1360 37 0 13967 0 14004
1361 13707 0 0 0 13707
1362 6 14008 0 0 14014
1363 0 2 2 13989 13993
1364 0 9 0 14087 14096
1365 6 1 13967 6 13980
1366 6 0 13818 0 13824
1367 0 13772 2 9 13783
1368 13487 0 8 0 13495
1369 1 13479 0 19 13499
1370 12 5 0 13358 13375
1371 1 13443 0 4 13448
1372 13431 4 6 0 13441
1373 0 0 13507 0 13507
1374 1 13330 0 2 13333
1375 13410 0 7 0 13417
1376 6 0 13357 0 13363
1377 2 13266 0 1 13269
1378 13423 0 1 0 13424
1379 13283 0 1 0 13284
1380 0 13393 0 0 13393
1381 13374 2 0 0 13376
1382 6 0 13238 0 13244
1383 0 12976 0 8 12984
1384 1 13082 0 13 13096
1385 13201 0 0 0 13201
1386 0 0 0 13211 13211
1387 0 0 0 13245 13245
1388 0 0 0 13297 13297
1389 13080 0 5 2 13087
1390 7 13165 0 1 13173
1391 0 0 0 13196 13196
1392 2 0 13227 0 13229
1393 0 3 1 12979 12983
1394 1 1 0 13053 13055
1395 0 2 0 13143 13145
1396 13114 1 36 1 13152
1397 13020 1 0 7 13028
1398 1 1 1 12992 12995
1399 17 0 12944 2 12963
1400 3 2 12789 0 12794
1401 7 0 12697 0 12704
1402 29 12401 0 3 12433
1403 0 0 1 12681 12682
1404 2 12672 0 4 12678
1405 12832 1 7 0 12840
1406 8 0 12766 0 12774
1407 0 0 12718 0 12718
1408 12508 1 34 0 12543
1409 7 12616 0 4 12627
1410 12645 1 2 0 12648
1411 0 0 12588 0 12588
1412 1 12377 0 61 12439
1413 2 4 0 12536 12542
1414 5 0 12570 1 12576
1415 169 12223 0 0 12392
1416 0 1 0 12571 12572
1417 61 0 12575 4 12640
1418 0 5 0 12444 12449
1419 1 0 12550 0 12551
1420 1 0 12374 0 12375
1421 749 0 11662 0 12411
1422 12371 0 0 2 12373
1423 10 12277 0 1 12288
1424 12349 0 2 0 12351
1425 0 12448 0 2 12450
1426 0 4 0 12326 12330
1427 1 0 12366 0 12367
1428 0 167 0 12012 12179
1429 0 12190 0 1 12191
1430 12081 0 21 0 12102
1431 0 12032 0 1 12033
1432 11957 0 17 4 11978
1433 1 0 12015 4 12020
1434 2 0 11857 1 11860
1435 0 3 1 11440 11444
1436 1 0 11740 1 11742
1437 0 3 0 11807 11810
1438 0 3 1 11802 11806
1439 2 0 11757 2 11761
1440 11617 0 2 2 11621
1441 0 11590 4 0 11594
1442 11468 1 1 0 11470
1443 0 2 4 11370 11376
1444 87 1 11227 0 11315
1445 2 0 11197 0 11199
1446 1 11115 2 7 11125
1447 1 0 1 11025 11027
1448 75 10958 0 2 11035
1449 0 2 2 11220 11224
1450 31 0 11139 0 11170
1451 0 3 0 11063 11066
1452 11006 0 1 1 11008
1453 10931 0 0 0 10931
1454 0 5 0 11024 11029
1455 0 1 10954 1 10956
1456 0 0 10863 1 10864
1457 10597 0 7 0 10604
1458 1 0 10788 0 10789
1459 12 0 10718 2 10732
1460 10598 0 0 0 10598
1461 0 0 10665 0 10665
1462 0 1 0 10399 10400
1463 1 0 10448 0 10449
1464 0 0 10442 3 10445
1465 0 0 0 10338 10338
1466 0 1 0 10463 10464
1467 10385 0 26 0 10411
1468 10288 0 1 2 10291
1469 0 0 10292 0 10292
1470 1 4 0 9616 9621
1471 0 9811 0 0 9811
1472 0 1 0 9840 9841
1473 0 0 9829 0 9829
1474 0 0 0 9745 9745
1475 0 0 0 9754 9754
1476 0 9579 3 0 9582
1477 0 1 0 9714 9715
1478 9641 0 0 0 9641
1479 9560 0 1 0 9561
1480 9109 0 1 0 9110
1481 1 9356 0 0 9357
1482 6 9118 0 0 9124
1483 4 9097 0 0 9101
1484 0 0 0 9061 9061
1485 1 1 0 9049 9051
1486 0 7 0 9061 9068
1487 1 0 8989 0 8990
1488 0 16 0 8803 8819
1489 0 3 0 8675 8678
1490 0 8729 0 0 8729
1491 4 8728 0 0 8732
1492 0 40 1 8518 8559
1493 2 0 8556 0 8558
1494 1 1 53 8050 8105
1495 0 3 1 8070 8074
1496 0 2 0 8143 8145
1497 1 1 0 8141 8143
1498 3 0 7991 2 7996
1499 0 0 0 7839 7839
1500 0 0 0 7799 7799
1501 0 0 0 7751 7751
1502 69 0 7483 0 7552
1503 7473 0 11 2 7486
1504 7335 0 3 0 7338
1505 1 7460 0 2 7463
1506 6851 0 2 0 6853
1507 6520 0 7 0 6527
1508 0 0 0 6433 6433
1509 3 2 1 6459 6465
1510 3 0 6194 5 6202
1511 0 1 1 5874 5876
1512 0 5910 0 4 5914
1513 1 5892 0 0 5893
1514 0 0 1 5413 5414
1515 0 1 1 5393 5395
1516 5193 1 0 0 5194
1517 0 5345 0 0 5345
1518 0 0 0 5241 5241
1519 5198 0 0 0 5198
1520 5126 0 1 0 5127
1521 4904 0 1 0 4905
1522 0 5029 0 1 5030
1523 0 0 0 4499 4499
1524 0 0 0 4495 4495
1525 4441 0 9 1 4451
1526 4274 1 0 0 4275
1527 0 29 0 4049 4078
1528 0 0 0 3714 3714
1529 0 0 3486 0 3486
1530 0 0 0 3382 3382
1531 0 0 0 3376 3376
1532 0 3 0 3297 3300
1533 3 1341 0 6 1350
1534 8 0 0 1045 1053
1535 0 0 995 0 995
1536 913 0 0 0 913
1537 847 0 0 0 847
1538 694 0 0 0 694
1539 573 0 1 0 574
1540 532 0 0 0 532
1541 0 0 0 425 425
1542 1 0 72 0 73
1543 0 33 2 0 35
1544 1 0 0 28 29
1545 0 29 0 0 29
1546 0 0 0 29 29
1547 0 0 0 29 29
1548 0 0 24 0 24
1549 0 0 0 23 23
1550 0 0 0 24 24
1551 22 0 0 0 22
1552 0 23 0 0 23
1553 0 0 0 23 23
1554 21 0 0 0 21
1555 0 21 0 0 21
1556 0 0 0 13 13
1557 0 0 0 0 0
