0 0 0 0 0 0
1 0 51 0 0 51
2 53 0 0 0 53
3 0 0 52 0 52
4 54 0 0 0 54
5 50 0 0 0 50
6 0 0 50 0 50
7 0 57 0 0 57
8 62 0 0 0 62
9 0 0 61 0 61
10 63 1 0 2 66
11 0 0 75 0 75
12 0 79 0 1 80
13 90 0 0 0 90
14 0 0 0 99 99
15 0 102 0 0 102
16 0 0 0 99 99
17 0 0 0 121 121
18 0 163 0 0 163
19 0 0 0 267 267
20 0 117 0 203 320
21 336 0 1 0 337
22 347 0 0 0 347
23 349 0 0 2 351
24 353 0 4 0 357
25 0 379 0 0 379
26 0 0 0 385 385
27 0 0 389 0 389
28 397 0 0 0 397
29 412 0 1 0 413
30 0 0 422 0 422
31 0 430 0 0 430
32 449 0 0 0 449
33 464 0 0 0 464
34 462 0 0 0 462
35 0 0 0 472 472
36 471 0 1 0 472
37 0 0 469 0 469
38 0 0 488 0 488
39 0 499 0 0 499
40 0 553 0 0 553
41 13 292 0 0 305
42 859 1 0 0 860
43 889 0 2 0 891
44 903 0 0 0 903
45 921 0 0 0 921
46 911 0 0 0 911
47 0 0 0 993 993
48 1 0 1048 1 1050
49 1070 0 0 0 1070
50 1087 0 1 0 1088
51 0 1097 0 0 1097
52 1091 1 0 0 1092
53 1096 3 0 0 1099
54 0 1 0 1148 1149
55 0 0 1160 0 1160
56 1 1196 0 0 1197
57 0 0 0 1191 1191
58 1179 1 2 0 1182
59 0 1194 0 4 1198
60 0 1237 0 0 1237
61 0 1 0 1235 1236
62 0 0 0 1252 1252
63 0 1276 0 0 1276
64 1271 0 0 0 1271
65 1291 0 1 1 1293
66 1 1313 0 0 1314
67 0 0 0 1301 1301
68 1312 0 0 0 1312
69 0 1 0 1314 1315
70 1316 0 0 0 1316
71 0 1366 0 1 1367
72 1393 2 0 0 1395
73 1389 0 1 0 1390
74 1363 0 0 0 1363
75 0 1483 0 23 1506
76 26 0 1555 0 1581
77 0 4 0 1542 1546
78 0 6 0 1589 1595
79 1613 0 1 0 1614
80 1607 0 1 0 1608
81 0 1646 0 0 1646
82 0 1686 0 1 1687
83 1 1767 0 5 1773
84 0 5 0 1783 1788
85 1798 0 11 0 1809
86 2 0 0 1834 1836
87 0 8 1 1825 1834
88 0 0 0 1979 1979
89 1 2150 0 3 2154
90 0 0 0 2146 2146
91 0 2179 0 0 2179
92 2148 1 12 0 2161
93 2 2186 0 1 2189
94 2213 0 0 0 2213
95 0 2 0 2209 2211
96 0 2239 0 0 2239
97 2255 16 1 0 2272
98 0 2 2295 2 2299
99 1 0 2317 3 2321
100 0 0 2307 0 2307
101 0 1 2284 0 2285
102 8 0 2334 0 2342
103 2355 1 3 1 2360
104 0 0 2421 0 2421
105 0 3 0 2437 2440
106 2547 0 12 0 2559
107 0 9 0 2582 2591
108 0 5 0 2604 2609
109 2634 0 1 0 2635
110 1 4 0 2770 2775
111 0 2 0 3000 3002
112 3058 0 3 0 3061
113 0 0 0 3074 3074
114 1 3092 0 0 3093
115 3136 0 0 8 3144
116 0 3229 0 0 3229
117 0 1 0 3310 3311
118 3266 1 52 1 3320
119 1 0 0 3368 3369
120 3372 1 0 0 3373
121 0 0 0 3392 3392
122 1 3 3390 1 3395
123 0 1 0 3617 3618
124 3 0 3957 1 3961
125 0 2 4 4050 4056
126 0 4237 0 1 4238
127 4252 0 15 3 4270
128 9 0 4300 1 4310
129 0 4601 1 2 4604
130 0 48 0 4592 4640
131 0 0 0 4733 4733
132 0 4780 0 3 4783
133 4755 3 11 0 4769
134 0 6 0 4794 4800
135 0 3 0 4858 4861
136 4859 0 1 0 4860
137 0 1 0 4879 4880
138 0 4910 0 3 4913
139 4898 1 0 1 4900
140 0 5 0 4945 4950
141 4908 0 4 5 4917
142 0 5015 0 0 5015
143 0 0 0 5041 5041
144 2 5 0 5019 5026
145 4996 0 0 0 4996
146 60 5045 0 0 5105
147 0 1 0 5107 5108
148 5111 0 0 0 5111
149 0 15 0 5110 5125
150 5086 5 0 30 5121
151 0 1 0 5131 5132
152 0 0 0 5387 5387
153 1 5591 0 41 5633
154 3 1 5675 2 5681
155 6 0 5650 0 5656
156 5593 0 13 1 5607
157 0 0 0 5747 5747
158 5756 0 4 1 5761
159 0 3 0 5828 5831
160 5781 0 0 0 5781
161 0 0 0 5809 5809
162 0 3 0 5814 5817
163 1 0 5756 7 5764
164 0 5932 0 0 5932
165 0 3 0 6060 6063
166 6155 0 9 0 6164
167 6121 0 1 0 6122
168 6134 0 1 0 6135
169 6144 0 0 0 6144
170 0 0 0 6215 6215
171 0 2 0 6299 6301
172 0 6304 0 0 6304
173 0 0 0 6302 6302
174 1 6306 0 1 6308
175 6265 0 1 0 6266
176 3 6303 0 0 6306
177 0 5 0 6319 6324
178 6322 0 0 2 6324
179 6293 0 1 0 6294
180 2 6416 0 2 6420
181 6399 0 2 0 6401
182 24 0 6373 0 6397
183 6393 0 0 1 6394
184 6484 0 0 0 6484
185 6420 3 2 1 6426
186 0 6 0 6496 6502
187 6499 0 0 0 6499
188 6413 0 3 0 6416
189 7 6515 0 11 6533
190 6 2 1 6481 6490
191 1 1 6374 3 6379
192 4 6428 0 0 6432
193 6396 9 8 0 6413
194 1 6541 0 0 6542
195 2687 3917 0 0 6604
196 6604 0 4 4 6612
197 6527 0 6 0 6533
198 0 6636 0 25 6661
199 6694 0 0 0 6694
200 6683 21 10 6 6720
201 0 10 0 6742 6752
202 3 2 6683 0 6688
203 0 6723 0 0 6723
204 0 6748 1 23 6772
205 6894 0 13 9 6916
206 0 16 0 6994 7010
207 0 5 0 7143 7148
208 7 1 7152 1 7161
209 0 5 7092 1 7098
210 7144 0 0 0 7144
211 1 5 2 7167 7175
212 0 1 0 7303 7304
213 895 0 6352 1 7248
214 0 4 0 7335 7339
215 1 0 7309 0 7310
216 5 7494 0 3 7502
217 7657 0 2 1 7660
218 7698 3 2 0 7703
219 7615 15 20 0 7650
220 0 7727 0 2 7729
221 4 0 7660 2 7666
222 0 7761 0 3 7764
223 7889 2 5 0 7896
224 8 0 1 8061 8070
225 2 8245 0 7 8254
226 8366 0 15 1 8382
227 8347 0 0 0 8347
228 8293 0 0 1 8294
229 0 3 0 8373 8376
230 4 0 8376 0 8380
231 0 0 0 8181 8181
232 1 4 0 8384 8389
233 1 8421 1 6 8429
234 8493 0 7 10 8510
235 71 0 8396 1 8468
236 0 0 8308 2 8310
237 2 8571 0 1 8574
238 1 2 1 8602 8606
239 30 0 8570 0 8600
240 1 0 0 8521 8522
241 2 0 8542 1 8545
242 8546 0 2 0 8548
243 8482 0 4 0 8486
244 6 8663 0 3 8672
245 0 8789 0 0 8789
246 0 11 0 8734 8745
247 1 4 1 8833 8839
248 0 1 0 8906 8907
249 1 8947 0 11 8959
250 0 3 0 8931 8934
251 5 1 8922 0 8928
252 1 8942 2 4 8949
253 8537 0 441 0 8978
254 8961 1 0 2 8964
255 0 9046 0 0 9046
256 9040 0 4 0 9044
257 9019 0 2 0 9021
258 8953 1 0 1 8955
259 8918 42 20 4 8984
260 2 0 8962 33 8997
261 1 0 8936 3 8940
262 0 5 8954 1 8960
263 0 0 9030 1 9031
264 2 3 3 8438 8446
265 4 0 8746 4 8754
266 9005 0 9 2 9016
267 0 9226 0 4 9230
268 9081 0 1 1 9083
269 2 9296 0 27 9325
270 2 2 0 9280 9284
271 0 1 0 9339 9340
272 5 9347 0 9 9361
273 1 7 0 9348 9356
274 3 4 0 9335 9342
275 0 9376 0 4 9380
276 0 8 0 9264 9272
277 0 9417 1 3 9421
278 4 9438 1 3 9446
279 2 9605 2 2 9611
280 9617 1 10 2 9630
281 102 0 9456 0 9558
282 9500 0 7 0 9507
283 9390 0 3 5 9398
284 0 9660 3 69 9732
285 2 9722 3 2 9729
286 96 0 9606 4 9706
287 6 0 9588 0 9594
288 9446 0 9 0 9455
289 7 2 9562 1 9572
290 1 2 1 9474 9478
291 4 0 9605 1 9610
292 3 1 9513 0 9517
293 9679 0 7 1 9687
294 1 9818 0 2 9821
295 9761 0 0 0 9761
296 0 3 0 9604 9607
297 9259 0 1 4 9264
298 0 9666 0 2 9668
299 1 9580 1 2 9584
300 2 9621 2 3 9628
301 0 2 9488 71 9561
302 4 9466 12 16 9498
303 17 0 9676 0 9693
304 2 0 1 9181 9184
305 0 9 0 9512 9521
306 0 5 0 9680 9685
307 9675 1 16 3 9695
308 0 0 0 9698 9698
309 0 9806 0 0 9806
310 1 2 1 9689 9693
311 1 7 0 9705 9713
312 4 0 9431 0 9435
313 1 9547 3 1 9552
314 4 9832 4 8 9848
315 6 9999 0 7 10012
316 12 2 9872 5 9891
317 18 0 9624 1 9643
318 22 1 9601 0 9624
319 122 9759 0 2 9883
320 2 3 4 9752 9761
321 1 9911 0 2 9914
322 10246 1 4 0 10251
323 10005 1 8 0 10014
324 6 9538 0 460 10004
325 17 10169 0 5 10191
326 0 11 1 10120 10132
327 0 0 2 10081 10083
328 1 35 0 10020 10056
329 1 10219 0 6 10226
330 10147 0 6 4 10157
331 5 0 10093 0 10098
332 10057 0 1 0 10058
333 9852 1 4 4 9861
334 9809 3 10 0 9822
335 8 9 9594 1 9612
336 0 9568 0 24 9592
337 9579 0 2 1 9582
338 18 9616 0 0 9634
339 1 4 1 9423 9429
340 0 9484 1 5 9490
341 0 9602 0 1 9603
342 0 3 0 9507 9510
343 9503 0 4 0 9507
344 9500 0 1 0 9501
345 0 1 0 9434 9435
346 0 8 0 9456 9464
347 9481 12 1 2 9496
348 0 0 9233 0 9233
349 1 9161 1 0 9163
350 0 9234 0 15 9249
351 4 9371 0 0 9375
352 0 8 0 9297 9305
353 1 9422 0 7 9430
354 9367 0 0 0 9367
355 0 0 0 9337 9337
356 9322 0 0 0 9322
357 0 0 9340 0 9340
358 9156 0 2 3 9161
359 5 1 0 9257 9263
360 0 0 0 9332 9332
361 0 9397 1 5 9403
362 2 0 9444 5 9451
363 0 0 9530 0 9530
364 9515 0 6 1 9522
365 0 0 9451 0 9451
366 9466 1 1 0 9468
367 9510 0 3 1 9514
368 9495 0 0 1 9496
369 19 9539 0 6 9564
370 0 9555 0 0 9555
371 9585 1 0 0 9586
372 9537 0 0 0 9537
373 9490 0 46 0 9536
374 2 0 9415 0 9417
375 2 0 9339 1 9342
376 9440 0 1 0 9441
377 9518 0 1 0 9519
378 9505 1 4 3 9513
379 0 9343 39 71 9453
380 0 2 0 9319 9321
381 0 9419 0 3 9422
382 9451 0 0 0 9451
383 1 0 9183 0 9184
384 1 9254 0 0 9255
385 4 15 0 9109 9128
386 3 9195 0 2 9200
387 0 9228 0 0 9228
388 2 9306 0 4 9312
389 0 3 0 9239 9242
390 1 0 0 9277 9278
391 10 0 9197 0 9207
392 9036 0 0 0 9036
393 0 1 0 9187 9188
394 9274 0 1 0 9275
395 9058 0 124 0 9182
396 0 5 0 9238 9243
397 9215 1 0 0 9216
398 9206 4 0 1 9211
399 0 0 9129 0 9129
400 0 0 9004 1 9005
401 1 0 8935 0 8936
402 8948 0 0 0 8948
403 8884 0 16 0 8900
404 34 8931 0 1 8966
405 2 9016 0 4 9022
406 0 14 0 8994 9008
407 0 0 0 9005 9005
408 0 3 0 9056 9059
409 0 1 0 9117 9118
410 4 0 8954 0 8958
411 0 2 0 8736 8738
412 0 26 0 8830 8856
413 2 0 8704 0 8706
414 1 8684 8 1 8694
415 1 11 2 8777 8791
416 0 1 0 8879 8880
417 1 0 8840 0 8841
418 1 6 0 8609 8616
419 1 3 8705 0 8709
420 0 0 8646 0 8646
421 8681 0 56 16 8753
422 0 8762 0 0 8762
423 3 8871 0 0 8874
424 9068 0 8 0 9076
425 9022 0 0 0 9022
426 8965 0 2 1 8968
427 1 0 0 9074 9075
428 0 0 9075 0 9075
429 9061 0 1 1 9063
430 9036 0 19 1 9056
431 4 3 0 9037 9044
432 5 0 9002 0 9007
433 0 9243 0 1 9244
434 9754 0 1 0 9755
435 9731 1 0 0 9732
436 9638 4 0 0 9642
437 0 9674 1 0 9675
438 9449 0 2 22 9473
439 5 10408 4 11 10428
440 0 5 0 10575 10580
441 9 0 1 10644 10654
442 1 1 0 10770 10772
443 7 0 10703 0 10710
444 1 10783 0 4 10788
445 10 2 0 10785 10797
446 1 1 0 10828 10830
447 1 0 0 10848 10849
448 10835 0 0 0 10835
449 10648 0 0 0 10648
450 1 10560 0 0 10561
451 0 10410 0 1 10411
452 0 10520 0 0 10520
453 10491 0 6 1 10498
454 0 7 1 10404 10412
455 0 3 0 10517 10520
456 10547 2 1 1 10551
457 1 0 0 10507 10508
458 2 2 10302 5 10311
459 0 10304 0 10 10314
460 10413 3 3 0 10419
461 9 1 10299 0 10309
462 0 10098 0 5 10103
463 0 10196 0 5 10201
464 3 10277 0 2 10282
465 10355 1 0 1 10357
466 10243 0 1 1 10245
467 1 10244 0 0 10245
468 0 10345 0 0 10345
469 10291 0 3 0 10294
470 1 0 10408 0 10409
471 0 0 10337 0 10337
472 0 0 10188 0 10188
473 5 0 10251 2 10258
474 2 0 10330 0 10332
475 10181 1 9 3 10194
476 0 2 0 10337 10339
477 10379 0 1 2 10382
478 0 10496 0 3 10499
479 0 2 0 10562 10564
480 10546 0 3 0 10549
481 0 10654 0 7 10661
482 10667 0 2 3 10672
483 10676 0 4 1 10681
484 0 1 0 10634 10635
485 8 4 10622 4 10638
486 80 0 10369 0 10449
487 10602 1 4 1 10608
488 10618 0 2 0 10620
489 11 10592 0 2 10605
490 10560 0 112 0 10672
491 10591 7 3 1 10602
492 16 0 10645 0 10661
493 10550 0 1 0 10551
494 8 1 10587 1 10597
495 3 0 10368 0 10371
496 10452 0 77 0 10529
497 1 1 10460 0 10462
498 10607 0 14 1 10622
499 0 10829 0 5 10834
500 11005 0 3 0 11008
501 3 0 10936 0 10939
502 11070 0 0 5 11075
503 11095 0 4 0 11099
504 10985 0 22 0 11007
505 0 11090 0 1 11091
506 11130 0 0 0 11130
507 11059 0 0 0 11059
508 1 0 10952 0 10953
509 0 11050 1 2 11053
510 1 2 2 11083 11088
511 269 0 10797 0 11066
512 11017 0 38 0 11055
513 9 1 11156 0 11166
514 100 0 10923 1 11024
515 0 11175 1 1 11177
516 11302 0 0 2 11304
517 9 2 0 11421 11432
518 4 11510 0 0 11514
519 0 0 0 11609 11609
520 11636 0 0 0 11636
521 11617 2 45 0 11664
522 6 1 1 11887 11895
523 1 1 1 11856 11859
524 0 1 1 11757 11759
525 4 11901 0 6 11911
526 11954 0 1 3 11958
527 9 1 12310 0 12320
528 2 3 4 12131 12140
529 3 12249 1 10 12263
530 12414 0 5 0 12419
531 12372 0 0 0 12372
532 12270 0 1 2 12273
533 0 3 1 12329 12333
534 1 1 0 12240 12242
535 33 0 12186 3 12222
536 2 0 12109 1 12112
537 17 0 12108 0 12125
538 20 12233 3 29 12285
539 12526 4 3 0 12533
540 12485 0 16 2 12503
541 12469 0 27 0 12496
542 12420 0 7 2 12429
543 0 0 2 12302 12304
544 6 12328 0 0 12334
545 2 12278 0 16 12296
546 2 12378 0 0 12380
547 12432 1 3 0 12436
548 12382 0 1 0 12383
549 0 12506 0 9 12515
550 12523 0 3 1 12527
551 2 0 12531 1 12534
552 0 5 0 11970 11975
553 12401 0 0 0 12401
554 3 0 12360 2 12365
555 12494 0 2 1 12497
556 9 0 12244 1 12254
557 12496 0 1 2 12499
558 12488 0 2 0 12490
559 7 12417 0 6 12430
560 0 0 0 12360 12360
561 2 12437 1 3 12443
562 4 12492 0 0 12496
563 12593 4 8 0 12605
564 1 3 1 12511 12516
565 0 2 1 12575 12578
566 0 3 1 12518 12522
567 4 0 2 12437 12443
568 2 12402 0 19 12423
569 1 12467 0 1 12469
570 12259 2 2 0 12263
571 7 12425 0 16 12448
572 12442 0 1 0 12443
573 1 0 1 12303 12305
574 5 0 12326 0 12331
575 10 14 12174 0 12198
576 0 12233 0 6 12239
577 12312 0 2 0 12314
578 0 0 12279 17 12296
579 0 12224 0 1 12225
580 12374 0 1 0 12375
581 0 2 0 12374 12376
582 3 0 12334 0 12337
583 2 1 11966 0 11969
584 12054 0 6 9 12069
585 3 0 12181 0 12184
586 1 12241 0 3 12245
587 6 0 12269 0 12275
588 4 0 12112 2 12118
589 3 0 12145 0 12148
590 2 2 1 11963 11968
591 0 12075 2 1 12078
592 1 12373 0 2 12376
593 4 0 12304 0 12308
594 2 12285 0 0 12287
595 3 9 11452 954 12418
596 1 3 0 11992 11996
597 6 0 12126 2 12134
598 5 12169 1 3 12178
599 1 12377 0 3 12381
600 12538 1 0 1 12540
601 0 1 0 12451 12452
602 8 0 12482 0 12490
603 12309 2 0 3 12314
604 0 2 1 12480 12483
605 2 1 12407 0 12410
606 0 1 12367 0 12368
607 0 5 1 12147 12153
608 12401 3 13 0 12417
609 12427 0 0 0 12427
610 0 0 12468 0 12468
611 1 0 12369 0 12370
612 12339 1 9 0 12349
613 12331 0 6 2 12339
614 1 11 1 12327 12340
615 4 0 12403 0 12407
616 4 0 12308 0 12312
617 12196 1 1 2 12200
618 3 12340 3 2 12348
619 12423 1 1 0 12425
620 0 1 0 12351 12352
621 12378 6 0 0 12384
622 0 7 12 12307 12326
623 12401 10 38 9 12458
624 1 18 0 12091 12110
625 3 12511 0 9 12523
626 1 1 12567 3 12572
627 1 0 12490 2 12493
628 12231 0 10 2 12243
629 0 0 12514 0 12514
630 4 1 0 12133 12138
631 0 4 0 12365 12369
632 4 0 12438 0 12442
633 12285 0 4 0 12289
634 2 10 0 12310 12322
635 6 0 12205 0 12211
636 1 0 12137 1 12139
637 1 12026 0 16 12043
638 2 12036 1 4 12043
639 2 12371 0 3 12376
640 2 80 0 12352 12434
641 7 1 12375 0 12383
642 12324 0 1 1 12326
643 0 12664 0 0 12664
644 12720 0 6 2 12728
645 12343 0 7 0 12350
646 1 1 0 12774 12776
647 12976 0 5 0 12981
648 12964 1 5 0 12970
649 1 1 1 12941 12944
650 5 0 12883 2 12890
651 3 12887 0 5 12895
652 12954 1 0 0 12955
653 1 2 0 12884 12887
654 0 2 1 12937 12940
655 33 7 12804 1 12845
656 6 13101 0 10 13117
657 1 7 1 13143 13152
658 1 13130 0 7 13138
659 13239 0 6 1 13246
660 13168 0 3 1 13172
661 13132 0 6 5 13143
662 0 0 13247 1 13248
663 1 2 0 12514 12517
664 13098 0 1 0 13099
665 13170 1 2 0 13173
666 13192 2 2 0 13196
667 13096 1 5 0 13102
668 0 0 0 12886 12886
669 12939 0 0 7 12946
670 0 0 0 12861 12861
671 118 2 12730 1 12851
672 5 0 12720 1 12726
673 12482 2 7 0 12491
674 1 0 12586 0 12587
675 12632 1 3 0 12636
676 12593 0 1 0 12594
677 8 0 12558 2 12568
678 3 12128 0 5 12136
679 12240 0 37 0 12277
680 0 1 0 12079 12080
681 12087 0 2 0 12089
682 1 21 0 12027 12049
683 11908 0 3 0 11911
684 0 12021 0 0 12021
685 4 3 2 11988 11997
686 3 0 11830 0 11833
687 11849 1 2 1 11853
688 6 11798 2 5 11811
689 11623 5 0 0 11628
690 0 11563 3 3 11569
691 11597 0 0 0 11597
692 1 2 0 11511 11514
693 11296 0 6 0 11302
694 0 11491 0 6 11497
695 0 11516 0 6 11522
696 11515 2 12 0 11529
697 0 2 0 11373 11375
698 1 2 0 11399 11402
699 1 11389 0 5 11395
700 1 11487 0 3 11491
701 0 7 1 11414 11422
702 11445 1 1 0 11447
703 1 6 0 11314 11321
704 1 0 11329 0 11330
705 3 11363 0 1 11367
706 11382 1 36 0 11419
707 11378 1 1 0 11380
708 11351 1 1 0 11353
709 163 11265 0 1 11429
710 11530 0 3 0 11533
711 11387 1 3 1 11392
712 0 11433 0 2 11435
713 11421 0 3 0 11424
714 0 184 1 10939 11124
715 1 11283 0 3 11287
716 0 11347 0 2 11349
717 0 1 0 11377 11378
718 11511 0 0 0 11511
719 11469 0 0 2 11471
720 0 1 11307 1 11309
721 11331 0 0 0 11331
722 11245 0 1 2 11248
723 6 11194 0 0 11200
724 11142 0 0 2 11144
725 2 11227 0 2 11231
726 11266 0 3 0 11269
727 11238 1 1 0 11240
728 1 0 11107 0 11108
729 11164 0 2 0 11166
730 11172 0 1 1 11174
731 11164 5 5 0 11174
732 1 0 10956 2 10959
733 1 0 0 10185 10186
734 1 0 10664 1 10666
735 1 10601 0 8 10610
736 1 10747 0 2 10750
737 1 2 0 10705 10708
738 3 0 10756 0 10759
739 2 10714 1 3 10720
740 10741 2 0 1 10744
741 10729 1 2 1 10733
742 0 1 1 10693 10695
743 0 3 0 10697 10700
744 3 0 10523 0 10526
745 0 10410 1 12 10423
746 10412 0 2 0 10414
747 1 3 0 10265 10269
748 25 10413 0 8 10446
749 8 1 10454 3 10466
750 10 1 10319 0 10330
751 8 0 10269 0 10277
752 1 0 10545 0 10546
753 1 0 10517 1 10519
754 10506 0 9 0 10515
755 10681 0 1 1 10683
756 10717 0 0 2 10719
757 0 1 0 10655 10656
758 0 1 2 10720 10723
759 1 0 10654 0 10655
760 1 1 0 10473 10475
761 0 2 0 10522 10524
762 10592 0 0 0 10592
763 0 6 1 10453 10460
764 4 10410 0 2 10416
765 0 0 0 10476 10476
766 10471 0 1 0 10472
767 10363 0 0 0 10363
768 0 0 0 10359 10359
769 3 0 10316 0 10319
770 10329 0 31 1 10361
771 0 0 0 10333 10333
772 10408 0 2 0 10410
773 10292 0 0 0 10292
774 3 10291 0 4 10298
775 1 0 0 10290 10291
776 7 0 10214 2 10223
777 10038 0 0 1 10039
778 0 2 1 10102 10105
779 2 0 10046 0 10048
780 0 0 9933 0 9933
781 5 9944 0 0 9949
782 3 2 0 9840 9845
783 2 10012 0 15 10029
784 10099 0 9 0 10108
785 3 0 9987 0 9990
786 0 9938 0 0 9938
787 0 1 1 9945 9947
788 5 0 1 9909 9915
789 9 9913 0 16 9938
790 9914 3 4 0 9921
791 1 0 9824 0 9825
792 0 0 9718 0 9718
793 0 6 0 9215 9221
794 11 0 9626 0 9637
795 0 2 1 9580 9583
796 0 2 1 9661 9664
797 9713 0 4 6 9723
798 1 0 9691 2 9694
799 0 2 1 9353 9356
800 2 0 9518 0 9520
801 9599 0 0 1 9600
802 9498 0 72 0 9570
803 1 0 0 9549 9550
804 20 0 9453 1 9474
805 0 9467 2 1 9470
806 9491 0 3 1 9495
807 3 0 9506 3 9512
808 9412 0 1 0 9413
809 1 0 0 9297 9298
810 0 2 1 9310 9313
811 1 0 0 9198 9199
812 4 9173 1 1 9179
813 0 1 0 9249 9250
814 2 7 0 9269 9278
815 9277 0 0 0 9277
816 9062 0 0 1 9063
817 7 0 9115 2 9124
818 8999 0 1 0 9000
819 0 1 0 8802 8803
820 1 3 1 8853 8858
821 3 8851 0 0 8854
822 20 1 8839 1 8861
823 8529 0 0 0 8529
824 0 1 8650 0 8651
825 8404 1 17 0 8422
826 5 0 8373 0 8378
827 1 0 8229 0 8230
828 3 0 8215 0 8218
829 1 8129 0 8 8138
830 2 8089 0 3 8094
831 2 1 8218 0 8221
832 7901 0 2 0 7903
833 7885 0 45 0 7930
834 0 0 0 7989 7989
835 7908 0 5 1 7914
836 7854 0 0 0 7854
837 3 18 0 7871 7892
838 7849 0 0 0 7849
839 7793 0 0 0 7793
840 7775 1 4 0 7780
841 7798 0 3 0 7801
842 6 0 7716 0 7722
843 7739 0 0 0 7739
844 7758 0 6 1 7765
845 7694 1 0 0 7695
846 0 2 0 7586 7588
847 7662 0 0 1 7663
848 0 2 2 7565 7569
849 5 1 0 7514 7520
850 1 3181 1 4230 7413
851 3 7316 0 1 7320
852 2 7314 0 2 7318
853 7367 0 0 0 7367
854 7298 0 2 1 7301
855 8 7325 0 1 7334
856 7305 0 1 0 7306
857 0 0 7323 0 7323
858 0 0 7213 0 7213
859 7259 0 4 0 7263
860 7333 1 0 0 7334
861 1 0 7236 0 7237
862 7233 0 0 0 7233
863 14 1 7222 0 7237
864 1 4 0 6914 6919
865 7172 0 0 0 7172
866 7182 0 0 1 7183
867 7193 1 0 0 7194
868 7112 0 0 1 7113
869 3 6979 0 22 7004
870 6892 0 1 0 6893
871 2 6815 0 1 6818
872 6751 0 0 0 6751
873 1 6873 0 0 6874
874 5 0 2 6826 6833
875 4 0 6841 2 6847
876 6693 0 7 1 6701
877 0 0 6796 2 6798
878 0 0 6711 0 6711
879 6754 0 1 1 6756
880 6783 1 0 0 6784
881 3 0 1 6661 6665
882 3 0 6658 0 6661
883 0 6564 0 103 6667
884 6710 1 0 0 6711
885 0 6734 4 4 6742
886 6747 4 0 3 6754
887 1 7 20 6725 6753
888 1 6 6716 4 6727
889 1 6760 0 9 6770
890 0 0 6815 2 6817
891 2 0 6772 0 6774
892 6668 0 6 2 6676
893 0 2 1 6715 6718
894 0 1 2 6814 6817
895 0 2 0 6815 6817
896 1 0 6679 1 6681
897 0 6625 0 16 6641
898 1 6677 0 110 6788
899 6695 20 4 0 6719
900 1 0 6636 0 6637
901 0 6597 0 1 6598
902 6718 0 1 0 6719
903 6723 0 0 0 6723
904 1 0 1 6749 6751
905 6788 0 4 0 6792
906 6712 0 56 0 6768
907 6722 0 1 0 6723
908 6607 2 0 0 6609
909 0 6675 0 0 6675
910 7 6633 0 1 6641
911 6760 0 0 1 6761
912 2 0 0 6691 6693
913 6746 0 0 60 6806
914 0 0 6641 0 6641
915 6754 0 0 0 6754
916 6719 0 47 0 6766
917 1 2 3 6657 6663
918 1 0 6659 0 6660
919 0 10 1 6470 6481
920 15 0 6580 0 6595
921 1 6474 0 0 6475
922 1 6538 0 25 6564
923 0 0 0 6713 6713
924 1 0 6747 0 6748
925 0 22 0 6593 6615
926 6755 0 5 0 6760
927 0 0 6717 0 6717
928 6771 0 0 1 6772
929 3 0 6758 0 6761
930 6769 0 0 0 6769
931 1 6837 0 1 6839
932 6915 1 2 0 6918
933 6847 0 2 1 6850
934 3 6977 0 1 6981
935 7053 0 2 1 7056
936 17 0 7056 1 7074
937 7 0 7051 0 7058
938 1 2 0 6780 6783
939 7143 0 1 0 7144
940 0 7120 0 7 7127
941 7212 0 0 0 7212
942 1 7224 0 1 7226
943 7245 0 1 3 7249
944 4 0 7232 0 7236
945 1 7309 0 0 7310
946 7486 0 0 1 7487
947 7570 0 1 0 7571
948 7587 0 0 0 7587
949 7593 0 6 0 7599
950 7561 7 0 0 7568
951 7 0 7418 0 7425
952 7176 0 6 1 7183
953 2 7410 0 1 7413
954 0 7542 0 1 7543
955 0 1 1 7556 7558
956 2 3 0 7566 7571
957 0 0 0 7547 7547
958 0 1 1 7693 7695
959 4 0 7746 1 7751
960 1 2 0 7542 7545
961 1 7591 0 94 7686
962 7754 0 8 1 7763
963 7752 1 1 0 7754
964 7794 0 0 1 7795
965 1 1 1 7865 7868
966 0 1 0 7978 7979
967 7933 0 23 1 7957
968 7898 0 1 0 7899
969 7827 0 1 0 7828
970 1 7904 0 41 7946
971 2 0 8005 0 8007
972 0 0 2 7612 7614
973 1166 0 6760 1 7927
974 2 0 7944 0 7946
975 7292 0 658 0 7950
976 14 3 8007 1 8025
977 8012 0 5 0 8017
978 0 8262 1 1 8264
979 1 1 0 8323 8325
980 7 0 8374 0 8381
981 8398 0 0 0 8398
982 0 0 0 8391 8391
983 8405 0 0 0 8405
984 12 8459 0 2 8473
985 8509 0 2 4 8515
986 0 0 8794 1 8795
987 1 9268 1 3 9273
988 9355 0 1 0 9356
989 2 0 9399 1 9402
990 9412 0 3 1 9416
991 9514 1 0 3 9518
992 9821 0 0 0 9821
993 0 0 0 10032 10032
994 10081 1 0 0 10082
995 9986 2 0 0 9988
996 137 0 10009 3 10149
997 9911 0 1 1 9913
998 0 1 0 9977 9978
999 0 2 0 10160 10162
1000 1 0 10055 0 10056
1001 9920 3 1 7 9931
1002 2 0 1 10042 10045
1003 2 0 10055 0 10057
1004 1 1 1 9842 9845
1005 7 0 9956 0 9963
1006 6 9998 0 9 10013
1007 10093 0 1 0 10094
1008 0 10142 1 3 10146
1009 10155 0 3 2 10160
1010 0 0 10206 1 10207
1011 9327 0 711 0 10038
1012 1 7 0 10130 10138
1013 9969 1 1 2 9973
1014 0 10516 0 0 10516
1015 0 8 1 10593 10602
1016 0 0 0 10783 10783
1017 10841 0 2 4 10847
1018 0 0 0 10839 10839
1019 0 4 0 10904 10908
1020 0 3 0 10951 10954
1021 3 1 10854 2 10860
1022 3 0 10724 1 10728
1023 10664 1 5 0 10670
1024 0 10628 0 2 10630
1025 10365 0 1 0 10366
1026 1 10859 0 4 10864
1027 16 10716 0 1 10733
1028 1 10781 0 1 10783
1029 6 10912 0 6 10924
1030 1 10979 0 1 10981
1031 11017 0 1 0 11018
1032 4 0 10972 0 10976
1033 10795 0 35 0 10830
1034 0 10904 0 4 10908
1035 0 10949 0 4 10953
1036 11183 1 4 0 11188
1037 11098 1 1 1 11101
1038 11080 0 2 0 11082
1039 0 20 2 11070 11092
1040 2 0 11080 0 11082
1041 10938 0 0 0 10938
1042 2 2 5 11093 11102
1043 3 0 11122 1 11126
1044 2 0 11064 0 11066
1045 10954 1 3 5 10963
1046 11030 0 4 0 11034
1047 4 0 11090 0 11094
1048 1 11040 0 9 11050
1049 11188 0 7 0 11195
1050 0 1 0 11251 11252
1051 11345 0 6 4 11355
1052 11331 0 1 0 11332
1053 0 11248 0 1 11249
1054 11267 2 1 0 11270
1055 0 1 11191 0 11192
1056 0 0 11108 0 11108
1057 2 10894 2 0 10898
1058 7 10863 0 2 10872
1059 4 11202 0 2 11208
1060 2 0 1 11366 11369
1061 1 3 2 11663 11669
1062 2 3 11661 3 11669
1063 2 2 0 11453 11457
1064 5 0 11539 10 11554
1065 11511 0 18 0 11529
1066 11540 0 3 0 11543
1067 0 0 0 11643 11643
1068 3 11717 0 3 11723
1069 0 102 0 11686 11788
1070 0 0 11734 2 11736
1071 11474 0 5 3 11482
1072 0 5 0 11721 11726
1073 2 0 11809 1 11812
1074 3 0 11686 2 11691
1075 2 1 11662 0 11665
1076 17 0 11728 0 11745
1077 11634 0 14 0 11648
1078 101 11648 0 2 11751
1079 11875 0 1 0 11876
1080 11823 0 6 0 11829
1081 11789 6 2 1 11798
1082 2 0 11884 2 11888
1083 5 0 11877 0 11882
1084 2 0 11785 2 11789
1085 11510 0 5 0 11515
1086 3 1 11889 0 11893
1087 2 5 0 11307 11314
1088 1 0 11777 0 11778
1089 1 0 11905 1 11907
1090 11835 4 12 1 11852
1091 0 0 11986 0 11986
1092 2 6 11867 7 11882
1093 1 11913 0 3 11917
1094 12161 0 0 0 12161
1095 3 0 0 12038 12041
1096 0 12051 0 7 12058
1097 12178 2 0 1 12181
1098 12137 0 2 0 12139
1099 3 0 12305 0 12308
1100 0 0 12240 4 12244
1101 0 1 12137 0 12138
1102 12207 0 7 0 12214
1103 6 1 12345 0 12352
1104 2 0 12505 1 12508
1105 12399 2 9 1 12411
1106 0 1 0 12497 12498
1107 0 0 0 12657 12657
1108 0 11 1 12833 12845
1109 9 0 12795 5 12809
1110 0 2 0 12569 12571
1111 1 35 0 12631 12667
1112 0 12622 0 5 12627
1113 12623 1 0 0 12624
1114 0 7 0 12655 12662
1115 3 12817 0 0 12820
1116 12923 2 1 0 12926
1117 12842 1 0 0 12843
1118 12793 0 2 0 12795
1119 0 0 12959 1 12960
1120 12785 0 1 0 12786
1121 12957 0 1 0 12958
1122 2 3 0 12974 12979
1123 88 2 12807 1 12898
1124 12849 0 3 0 12852
1125 12808 1 1 0 12810
1126 12673 3 1 0 12677
1127 4 6 1 12526 12537
1128 3 12574 0 2 12579
1129 9 12545 0 1 12555
1130 12656 1 3 0 12660
1131 12501 1 1 1 12504
1132 150 0 12541 0 12691
1133 12375 2 0 0 12377
1134 0 5 1 12471 12477
1135 0 15 1 12566 12582
1136 0 0 12584 0 12584
1137 1 1 12445 0 12447
1138 12288 0 4 1 12293
1139 12388 1 9 10 12408
1140 7 0 12376 8 12391
1141 6 0 12358 0 12364
1142 2 12 0 11234 11248
1143 0 0 12082 3 12085
1144 7 0 12246 1 12254
1145 1 6 0 11684 11691
1146 12024 0 0 1 12025
1147 0 12307 0 3 12310
1148 0 4 0 12525 12529
1149 1 12605 0 0 12606
1150 2 1 0 12552 12555
1151 0 12634 0 0 12634
1152 5 0 12795 2 12802
1153 12445 1 2 1 12449
1154 12640 0 3 2 12645
1155 0 12768 0 1 12769
1156 5 0 12812 1 12818
1157 12516 1 1 4 12522
1158 0 1 0 12774 12775
1159 5 0 12824 1 12830
1160 0 9 0 12731 12740
1161 0 12847 0 4 12851
1162 0 5 0 13067 13072
1163 13035 0 4 0 13039
1164 12927 0 1 0 12928
1165 12853 0 6 1 12860
1166 12709 1 3 1 12714
1167 15 12755 0 0 12770
1168 0 0 0 12686 12686
1169 3 0 12748 3 12754
1170 295 2 12244 0 12541
1171 12041 0 15 0 12056
1172 12323 0 4 0 12327
1173 0 0 12538 4 12542
1174 4 0 12467 0 12471
1175 12142 8 4 1 12155
1176 0 9 0 12488 12497
1177 1 0 12524 0 12525
1178 1 1 12348 0 12350
1179 1 0 12255 4 12260
1180 9 0 12235 1 12245
1181 12150 0 2 7 12159
1182 0 0 3 12239 12242
1183 0 0 12347 1 12348
1184 1 0 12300 3 12304
1185 6891 0 5351 1 12243
1186 12185 0 2 4 12191
1187 1 12430 0 2 12433
1188 0 1 0 12525 12526
1189 0 0 12633 0 12633
1190 0 3 1 12382 12386
1191 12560 0 2 0 12562
1192 0 0 1 12688 12689
1193 16 11 12727 1 12755
1194 0 40 0 12407 12447
1195 0 12623 0 14 12637
1196 12727 1 1 3 12732
1197 12531 0 40 0 12571
1198 0 0 12828 1 12829
1199 2 3 0 12203 12208
1200 12573 0 2 0 12575
1201 0 4 0 12681 12685
1202 0 3 12759 9 12771
1203 8 0 12694 0 12702
1204 2 7 0 12208 12217
1205 2 1 12527 1 12531
1206 0 4 12482 0 12486
1207 12446 1 8 0 12455
1208 4 0 12351 0 12355
1209 12201 1 1 0 12203
1210 6 12300 4 1 12311
1211 0 12273 0 1 12274
1212 1 12515 0 6 12522
1213 12550 0 0 2 12552
1214 1 2 0 12454 12457
1215 2 0 12410 0 12412
1216 2 0 12310 1 12313
1217 421 0 11528 1 11950
1218 0 12262 0 2 12264
1219 8 13 0 12362 12383
1220 11 0 12459 0 12470
1221 12214 1 2 1 12218
1222 197 12112 0 27 12336
1223 12350 0 1 0 12351
1224 9 0 12433 4 12446
1225 0 2 0 11571 11573
1226 0 0 12085 2 12087
1227 12118 0 0 0 12118
1228 1 3 0 12044 12048
1229 0 0 12080 0 12080
1230 1 11835 0 0 11836
1231 0 11869 0 1 11870
1232 1 12051 0 12 12064
1233 3 4 0 12128 12135
1234 12077 12 7 0 12096
1235 1 0 11981 8 11990
1236 11 11913 0 8 11932
1237 1 25 7 12039 12072
1238 0 1 0 12112 12113
1239 0 0 0 12033 12033
1240 2 42 0 12028 12072
1241 11780 0 6 7 11793
1242 1 0 11861 1 11863
1243 0 2 1 11331 11334
1244 0 0 11698 1 11699
1245 1 0 11733 6 11740
1246 11298 0 8 2 11308
1247 11 0 11668 0 11679
1248 1 5 0 11276 11282
1249 11581 1 11 0 11593
1250 11569 0 3 0 11572
1251 0 0 1 11589 11590
1252 1 0 11635 2 11638
1253 28 0 12045 1 12074
1254 0 3 0 11621 11624
1255 0 4 8 11993 12005
1256 1 2 0 12131 12134
1257 0 12168 0 3 12171
1258 12372 0 0 0 12372
1259 12247 1 5 12 12265
1260 0 5 5 12375 12385
1261 1 0 12455 0 12456
1262 9584 0 2907 1 12492
1263 12593 0 3 0 12596
1264 12599 0 3 0 12602
1265 2 0 12443 0 12445
1266 12243 0 5 0 12248
1267 11955 0 8 2 11965
1268 4 12096 0 11 12111
1269 5 12174 0 0 12179
1270 4 11 0 12206 12221
1271 1 0 12268 3 12272
1272 0 0 12230 1 12231
1273 0 5 0 11944 11949
1274 0 2 1 12240 12243
1275 1 0 12216 0 12217
1276 2 0 12181 0 12183
1277 0 2 0 11808 11810
1278 12124 5 1 0 12130
1279 0 0 0 12166 12166
1280 0 1 1 12113 12115
1281 0 11947 0 6 11953
1282 9 12227 0 11 12247
1283 4 1 0 12297 12302
1284 0 0 1 12380 12381
1285 1 13 0 12395 12409
1286 5 0 12295 0 12300
1287 1 1 12009 0 12011
1288 0 11998 1 17 12016
1289 1 3 0 11970 11974
1290 0 1 0 12051 12052
1291 0 12054 0 9 12063
1292 5 0 12231 0 12236
1293 11960 0 2 0 11962
1294 12091 0 3 0 12094
1295 12221 1 1 0 12223
1296 0 2 1 12448 12451
1297 12446 1 0 0 12447
1298 12419 1 0 1 12421
1299 12352 1 1 0 12354
1300 12308 0 2 1 12311
1301 0 2 12243 7 12252
1302 12116 0 2 1 12119
1303 0 1 0 12313 12314
1304 12387 0 1 0 12388
1305 12376 0 0 2 12378
1306 203 0 12075 0 12278
1307 12156 0 4 0 12160
1308 12264 0 1 2 12267
1309 12243 0 0 0 12243
1310 0 2 1 12112 12115
1311 1 5 12256 3 12265
1312 1 12022 0 23 12046
1313 7 0 12233 5 12245
1314 11998 0 0 0 11998
1315 4 2 0 12023 12029
1316 1 5 12040 0 12046
1317 1 6 0 11841 11848
1318 7 11797 0 35 11839
1319 0 11736 1 0 11737
1320 1 11836 1 0 11838
1321 0 11526 0 147 11673
1322 1 2 0 11788 11791
1323 12 0 11832 0 11844
1324 0 0 0 11510 11510
1325 11611 4 4 7 11626
1326 1 5 0 11721 11727
1327 0 3 1 11858 11862
1328 3 0 11813 0 11816
1329 2 0 11787 1 11790
1330 2 0 11756 6 11764
1331 11419 1 32 1 11453
1332 0 1 3 11808 11812
1333 11828 2 2 1 11833
1334 3 0 11914 0 11917
1335 11610 2 1 5 11618
1336 30 0 11849 1 11880
1337 11819 0 1 0 11820
1338 0 0 0 11905 11905
1339 2 0 11877 5 11884
1340 5 0 11865 0 11870
1341 0 2 0 11524 11526
1342 11651 0 3 1 11655
1343 0 11799 0 2 11801
1344 11880 3 0 2 11885
1345 0 2 1 11959 11962
1346 3 0 11979 2 11984
1347 11830 0 0 0 11830
1348 1 39 0 11885 11925
1349 2 0 11972 1 11975
1350 11 0 11949 0 11960
1351 2 2 0 11400 11404
1352 182 0 11646 1 11829
1353 1 0 11890 0 11891
1354 11933 0 76 0 12009
1355 12048 0 13 1 12062
1356 12157 0 4 0 12161
1357 12111 0 3 1 12115
1358 2 36 12126 0 12164
1359 12036 0 6 0 12042
1360 69 0 12005 0 12074
1361 11855 0 8 0 11863
1362 5 12109 0 0 12114
1363 2 1 0 12077 12080
1364 0 0 0 12122 12122
1365 0 1 12044 0 12045
1366 2 0 11912 0 11914
1367 1 11841 0 16 11858
1368 11671 1 6 1 11679
1369 0 11663 1 10 11674
1370 7 2 0 11614 11623
1371 2 11690 0 4 11696
1372 11719 1 12 0 11732
1373 0 0 11742 0 11742
1374 1 11629 0 4 11634
1375 11634 0 3 0 11637
1376 2 0 11657 1 11660
1377 2 11510 0 7 11519
1378 11666 0 1 0 11667
1379 11570 0 1 0 11571
1380 9 11626 0 0 11635
1381 11620 1 0 0 11621
1382 7 0 11570 3 11580
1383 2 11351 1 0 11354
1384 0 11392 0 11 11403
1385 11477 0 1 0 11478
1386 1 1 0 11497 11499
1387 0 0 0 11516 11516
1388 0 0 0 11561 11561
1389 11448 1 1 1 11451
1390 5 11464 1 0 11470
1391 0 1 1 11514 11516
1392 1 0 11577 0 11578
1393 1 1 1 11370 11373
1394 2 0 0 11411 11413
1395 1 2 0 11523 11526
1396 11378 0 92 0 11470
1397 11367 0 0 7 11374
1398 0 1 0 11429 11430
1399 0 0 11403 2 11405
1400 2 0 11290 1 11293
1401 3 0 11208 7 11218
1402 0 10984 8 1 10993
1403 0 1 0 11201 11202
1404 1 11284 1 1 11287
1405 11393 0 2 0 11395
1406 3 0 11257 0 11260
1407 0 0 11169 0 11169
1408 11065 0 13 1 11079
1409 1 11138 2 2 11143
1410 11218 0 0 1 11219
1411 1 0 11153 0 11154
1412 0 10992 0 22 11014
1413 0 2 0 11110 11112
1414 4 0 11110 0 11114
1415 61 10894 0 19 10974
1416 2 1 0 11092 11095
1417 4 0 11129 14 11147
1418 0 2 1 11005 11008
1419 0 0 11059 0 11059
1420 0 0 10963 1 10964
1421 807 0 10196 2 11005
1422 10966 0 3 0 10969
1423 0 10830 0 2 10832
1424 10915 0 2 1 10918
1425 5 11019 0 6 11030
1426 0 0 0 10893 10893
1427 2 0 10934 0 10936
1428 0 145 2 10619 10766
1429 0 10814 0 1 10815
1430 10669 0 6 1 10676
1431 1 10674 0 1 10676
1432 10591 1 2 1 10595
1433 0 0 10679 0 10679
1434 1 0 10548 0 10549
1435 0 0 0 10123 10123
1436 55 0 10377 0 10432
1437 1 1 0 10453 10455
1438 0 3 0 10483 10486
1439 104 0 10367 0 10471
1440 10345 0 2 1 10348
1441 22 10333 27 0 10382
1442 10223 0 2 0 10225
1443 1 5 1 10106 10113
1444 73 0 10005 1 10079
1445 1 0 9990 0 9991
1446 0 9895 0 11 9906
1447 0 0 0 9773 9773
1448 3 9865 0 2 9870
1449 1 0 0 10005 10006
1450 2 0 9964 1 9967
1451 0 1 0 9877 9878
1452 9817 0 1 1 9819
1453 9831 0 0 0 9831
1454 0 1 0 9876 9877
1455 0 0 9778 1 9779
1456 0 0 9765 0 9765
1457 9540 0 19 0 9559
1458 1 0 9627 0 9628
1459 0 0 9604 5 9609
1460 9464 0 0 2 9466
1461 0 0 9598 0 9598
1462 4 0 0 9232 9236
1463 5 0 9362 0 9367
1464 3 1 9397 3 9404
1465 0 0 5 9226 9231
1466 2 0 0 9379 9381
1467 9270 0 32 1 9303
1468 9190 0 1 0 9191
1469 1 0 9178 1 9180
1470 1 1 0 8617 8619
1471 6 8817 0 0 8823
1472 0 0 1 8849 8850
1473 3 0 8823 0 8826
1474 2 1 0 8660 8663
1475 0 2 0 8737 8739
1476 1 8561 1 6 8569
1477 0 0 1 8681 8682
1478 8632 0 2 1 8635
1479 8555 0 0 0 8555
1480 8132 6 1 0 8139
1481 2 8334 0 3 8339
1482 0 8161 0 1 8162
1483 0 8102 0 3 8105
1484 0 1 0 8008 8009
1485 1 1 0 8077 8079
1486 0 2 0 8091 8093
1487 1 0 8012 0 8013
1488 0 0 0 7909 7909
1489 0 0 1 7757 7758
1490 0 7785 0 0 7785
1491 0 7793 0 1 7794
1492 0 2 1 7671 7674
1493 1 0 7669 0 7670
1494 0 0 26 7203 7229
1495 0 1 0 7231 7232
1496 0 0 0 7195 7195
1497 0 0 0 7200 7200
1498 5 0 7077 0 7082
1499 0 5 1 6875 6881
1500 0 6 0 6856 6862
1501 2 0 1 6854 6857
1502 29 0 6693 3 6725
1503 6578 0 3 0 6581
1504 6482 0 3 0 6485
1505 6 6539 0 1 6546
1506 6033 0 0 0 6033
1507 5735 0 5 0 5740
1508 0 0 0 5659 5659
1509 0 0 0 5709 5709
1510 1 0 5507 0 5508
1511 0 1 0 5200 5201
1512 1 5222 0 7 5230
1513 0 5203 0 1 5204
1514 0 0 0 4790 4790
1515 0 0 0 4798 4798
1516 4587 0 22 0 4609
1517 0 4718 0 0 4718
1518 0 1 0 4621 4622
1519 4595 0 0 0 4595
1520 4490 3 0 0 4493
1521 4297 0 0 0 4297
1522 3 4427 0 1 4431
1523 1 3 0 3910 3914
1524 2 3 0 3843 3848
1525 3780 0 1 1 3782
1526 3684 0 0 0 3684
1527 1 16 0 3464 3481
1528 1 2 0 3155 3158
1529 0 0 2982 0 2982
1530 0 0 0 2892 2892
1531 0 4 0 2870 2874
1532 0 0 0 2806 2806
1533 0 1250 1 0 1251
1534 0 0 1 967 968
1535 3 0 921 0 924
1536 825 0 0 0 825
1537 783 0 0 0 783
1538 635 0 0 0 635
1539 516 0 10 0 526
1540 439 0 0 0 439
1541 0 0 0 369 369
1542 0 0 98 0 98
1543 0 59 0 0 59
1544 0 0 0 54 54
1545 0 55 0 0 55
1546 0 0 0 28 28
1547 0 0 0 26 26
1548 0 0 22 0 22
1549 0 0 0 22 22
1550 0 0 0 22 22
1551 22 0 0 0 22
1552 0 22 0 0 22
1553 0 0 0 16 16
1554 16 0 0 0 16
1555 0 15 0 0 15
1556 0 0 0 10 10
1557 0 0 0 0 0
