0 0 0 0 0 0
1 0 14 0 0 14
2 16 0 0 0 16
3 0 0 16 0 16
4 14 0 0 0 14
5 16 0 0 0 16
6 0 0 16 0 16
7 0 16 0 0 16
8 16 0 0 0 16
9 0 0 22 0 22
10 21 0 4 0 25
11 0 0 37 0 37
12 0 41 0 0 41
13 40 0 0 0 40
14 0 0 0 52 52
15 0 49 0 0 49
16 0 0 0 52 52
17 0 0 0 92 92
18 0 99 0 0 99
19 0 0 0 120 120
20 0 123 0 14 137
21 160 0 0 0 160
22 161 0 0 0 161
23 156 0 0 0 156
24 162 0 0 0 162
25 0 164 0 0 164
26 0 0 0 162 162
27 0 0 161 0 161
28 160 0 0 0 160
29 179 0 0 0 179
30 0 0 178 0 178
31 0 179 0 0 179
32 199 0 0 0 199
33 192 0 0 0 192
34 198 0 0 0 198
35 0 0 0 194 194
36 197 0 0 0 197
37 0 0 196 0 196
38 0 0 203 0 203
39 0 205 0 0 205
40 1 250 0 0 251
41 1 100 0 0 101
42 339 0 0 0 339
43 366 0 0 0 366
44 378 0 0 0 378
45 417 0 0 0 417
46 416 0 0 0 416
47 0 0 0 454 454
48 0 0 503 0 503
49 506 0 0 0 506
50 510 0 0 0 510
51 1 507 0 0 508
52 507 0 0 0 507
53 511 0 0 0 511
54 0 0 0 512 512
55 0 0 513 0 513
56 0 514 0 0 514
57 0 7 0 502 509
58 514 0 0 1 515
59 0 521 0 0 521
60 0 554 0 0 554
61 0 0 0 548 548
62 0 0 0 558 558
63 0 567 0 0 567
64 558 0 1 0 559
65 571 0 0 0 571
66 0 587 0 0 587
67 0 0 0 588 588
68 595 0 0 0 595
69 0 0 0 582 582
70 584 0 0 0 584
71 0 636 0 0 636
72 664 0 0 0 664
73 658 0 0 0 658
74 652 0 0 0 652
75 0 805 0 0 805
76 0 0 939 0 939
77 0 0 0 915 915
78 0 0 0 946 946
79 948 0 7 0 955
80 979 0 7 1 987
81 1 1039 0 0 1040
82 0 1147 0 0 1147
83 0 1269 0 0 1269
84 0 0 0 1303 1303
85 1322 1 3 0 1326
86 0 0 0 1356 1356
87 0 6 0 1351 1357
88 0 1 0 1562 1563
89 0 1775 0 0 1775
90 0 0 0 1785 1785
91 0 1790 0 2 1792
92 1791 0 0 0 1791
93 0 1816 0 0 1816
94 1818 0 0 0 1818
95 0 0 0 1815 1815
96 0 1843 0 0 1843
97 1855 0 0 0 1855
98 0 0 1853 0 1853
99 0 0 1936 0 1936
100 0 0 1931 0 1931
101 0 0 1914 0 1914
102 0 0 1965 0 1965
103 1993 0 0 1 1994
104 1 0 2065 0 2066
105 0 2 0 2056 2058
106 2158 0 0 0 2158
107 0 0 1 2185 2186
108 0 0 1 2224 2225
109 2208 15 0 0 2223
110 0 0 1 2371 2372
111 0 0 1 2497 2498
112 2599 1 0 0 2600
113 0 0 1 2574 2575
114 0 2603 0 1 2604
115 2597 0 1 0 2598
116 1 2680 0 0 2681
117 0 0 0 2743 2743
118 2742 0 0 1 2743
119 0 0 0 2776 2776
120 2772 1 0 0 2773
121 1 0 0 2803 2804
122 0 0 2794 4 2798
123 0 1 1 3022 3024
124 0 0 3305 0 3305
125 2 6 0 3334 3342
126 4 3488 0 1 3493
127 3511 0 11 0 3522
128 1 0 3630 0 3631
129 0 3910 0 7 3917
130 0 0 0 3965 3965
131 0 1 0 4078 4079
132 0 4105 0 1 4106
133 4136 0 12 1 4149
134 0 0 1 4168 4169
135 0 0 1 4217 4218
136 4188 0 0 0 4188
137 0 0 0 4209 4209
138 0 4229 0 0 4229
139 4249 0 0 0 4249
140 0 0 0 4257 4257
141 4208 0 1 0 4209
142 1 4284 0 1 4286
143 0 0 0 4278 4278
144 0 19 0 4264 4283
145 4278 0 0 1 4279
146 0 4385 0 0 4385
147 0 0 0 4391 4391
148 4397 0 0 0 4397
149 0 2 0 4387 4389
150 4339 10 0 50 4399
151 0 6 0 4463 4469
152 0 2 0 4683 4685
153 19 5053 0 1 5073
154 1 0 5106 0 5107
155 0 0 5122 0 5122
156 5092 0 24 0 5116
157 1 3 0 5200 5204
158 5232 0 0 0 5232
159 0 1 0 5338 5339
160 5303 2 0 0 5305
161 1 17 0 5301 5319
162 0 3 0 5314 5317
163 2 0 5237 0 5239
164 0 5631 0 3 5634
165 0 1 0 5765 5766
166 5890 0 0 0 5890
167 5836 2 0 0 5838
168 5813 0 1 0 5814
169 5858 0 0 22 5880
170 0 0 0 5917 5917
171 0 0 0 6021 6021
172 0 6017 0 0 6017
173 1 2 0 6029 6032
174 5 6004 0 0 6009
175 5977 0 0 0 5977
176 6 6030 0 0 6036
177 0 1 0 6042 6043
178 6060 0 0 0 6060
179 5992 0 1 0 5993
180 0 6036 0 0 6036
181 6056 0 1 0 6057
182 0 0 6000 0 6000
183 5989 0 1 0 5990
184 6116 0 0 0 6116
185 6077 0 0 0 6077
186 0 0 0 6113 6113
187 6059 1 32 0 6092
188 6044 0 0 0 6044
189 0 6158 0 0 6158
190 0 1 0 6095 6096
191 2 0 6030 0 6032
192 0 6062 0 2 6064
193 5996 0 1 0 5997
194 1 6107 0 6 6114
195 82 6045 0 0 6127
196 6166 0 8 0 6174
197 3677 0 2391 0 6068
198 0 6258 0 2 6260
199 6257 0 0 0 6257
200 6254 0 0 6 6260
201 0 0 0 6305 6305
202 2 8 6244 1 6255
203 1 6263 0 18 6282
204 0 6330 0 2 6332
205 6591 1 1 32 6625
206 0 0 0 6661 6661
207 0 21 0 6839 6860
208 0 0 6862 0 6862
209 9 0 6814 0 6823
210 6805 0 0 0 6805
211 0 0 0 6861 6861
212 0 6 0 7013 7019
213 0 0 6955 0 6955
214 0 4 0 6947 6951
215 1 0 6934 0 6935
216 2 7064 0 3 7069
217 7194 0 2 0 7196
218 7247 0 0 0 7247
219 5925 0 1241 0 7166
220 0 7253 0 0 7253
221 2 2 7175 0 7179
222 0 7248 0 0 7248
223 7355 0 8 1 7364
224 0 1 0 7441 7442
225 0 7570 0 1 7571
226 7734 0 0 0 7734
227 7708 0 0 0 7708
228 7674 0 0 1 7675
229 0 0 0 7742 7742
230 6 0 7771 0 7777
231 0 0 0 7608 7608
232 0 0 0 7778 7778
233 2 7825 0 2 7829
234 7871 0 1 0 7872
235 160 0 7685 0 7845
236 2 0 7750 0 7752
237 1 7876 0 0 7877
238 0 0 0 7909 7909
239 0 0 7921 0 7921
240 0 3 0 7838 7841
241 1 0 7901 0 7902
242 7847 0 0 0 7847
243 7791 0 1 0 7792
244 2 8014 0 2 8018
245 1 8089 0 1 8091
246 0 17 0 8020 8037
247 0 1 0 8107 8108
248 1 0 0 8147 8148
249 0 8279 0 0 8279
250 0 1 0 8222 8223
251 2 0 8196 0 8198
252 0 8183 0 36 8219
253 8081 0 148 0 8229
254 8187 1 1 0 8189
255 0 8292 0 0 8292
256 8299 0 1 0 8300
257 8261 0 0 0 8261
258 8207 0 0 0 8207
259 8232 1 3 0 8236
260 0 0 8333 1 8334
261 0 0 8303 1 8304
262 0 0 8257 0 8257
263 1 0 8309 0 8310
264 2 3 0 7866 7871
265 0 0 8133 0 8133
266 8324 2 1 0 8327
267 2 8436 0 2 8440
268 8330 0 0 1 8331
269 10 8556 0 0 8566
270 0 1 0 8478 8479
271 0 0 2 8482 8484
272 0 8521 0 0 8521
273 0 0 2 8470 8472
274 0 0 2 8450 8452
275 0 8459 0 0 8459
276 1 2 0 8332 8335
277 3 8468 14 0 8485
278 0 8513 1 1 8515
279 0 8653 0 0 8653
280 8618 0 4 0 8622
281 3 0 8553 0 8556
282 8474 0 1 0 8475
283 8429 0 1 0 8430
284 14 8709 0 2 8725
285 1 8685 0 1 8687
286 55 2 8649 0 8706
287 0 0 8630 0 8630
288 8454 23 42 0 8519
289 20 0 8690 0 8710
290 0 9 0 8491 8500
291 0 0 8684 0 8684
292 4 0 8616 1 8621
293 8740 0 2 0 8742
294 0 8858 0 3 8861
295 8822 0 0 0 8822
296 0 0 1 8714 8715
297 8442 0 1 0 8443
298 9 8797 0 0 8806
299 2 8705 0 4 8711
300 2 8754 0 8 8764
301 0 0 8622 0 8622
302 0 8438 0 20 8458
303 20 0 8593 0 8613
304 0 0 0 8161 8161
305 0 1 0 8374 8375
306 0 0 0 8514 8514
307 8497 0 0 0 8497
308 0 0 0 8564 8564
309 0 8664 0 9 8673
310 0 1 0 8520 8521
311 0 7 1 8578 8586
312 2 0 8358 0 8360
313 1 8513 1 1 8516
314 0 8643 0 6 8649
315 1 8812 0 3 8816
316 1 0 8731 0 8732
317 2 0 8586 0 8588
318 11 0 8510 1 8522
319 4 8515 46 1 8566
320 0 0 0 8443 8443
321 0 8680 0 1 8681
322 8804 1 8 0 8813
323 8642 0 2 0 8644
324 4 8692 0 13 8709
325 1 8783 0 0 8784
326 0 3 1 8630 8634
327 0 0 1 8606 8607
328 0 1 0 8619 8620
329 0 8825 0 3 8828
330 8727 0 0 0 8727
331 11 0 8674 0 8685
332 8638 0 1 0 8639
333 8508 2 0 0 8510
334 8479 0 3 1 8483
335 1 0 8320 0 8321
336 0 8276 0 1 8277
337 8217 0 0 1 8218
338 0 8287 0 0 8287
339 1 1 0 8016 8018
340 0 8192 0 4 8196
341 0 8222 0 2 8224
342 0 1 0 8202 8203
343 8166 0 1 0 8167
344 8165 0 0 1 8166
345 0 1 0 8113 8114
346 0 0 0 8125 8125
347 8144 0 0 0 8144
348 0 0 7928 8 7936
349 4 7859 0 0 7863
350 1 7948 0 0 7949
351 4 8015 2 0 8021
352 0 4 0 7959 7963
353 1 8010 0 4 8015
354 8055 1 1 1 8058
355 0 0 0 8008 8008
356 7960 0 0 0 7960
357 0 0 7962 1 7963
358 7867 0 2 0 7869
359 0 1 0 7896 7897
360 1 0 0 7928 7929
361 13 8000 0 2 8015
362 1 0 7923 0 7924
363 2 0 8002 1 8005
364 8059 2 0 0 8061
365 3 0 7951 0 7954
366 7955 0 0 0 7955
367 7985 0 5 0 7990
368 8012 0 0 0 8012
369 0 8091 0 0 8091
370 0 8134 0 0 8134
371 8162 0 0 0 8162
372 8101 1 3 0 8105
373 8062 1 2 2 8067
374 1 0 7998 0 7999
375 0 0 7944 0 7944
376 8009 0 1 0 8010
377 8038 0 0 0 8038
378 7969 0 1 1 7971
379 0 7963 0 0 7963
380 0 5 0 7850 7855
381 0 7945 1 1 7947
382 7937 1 1 0 7939
383 0 0 7723 1 7724
384 0 7771 0 21 7792
385 1 3 1 7631 7636
386 0 7723 0 0 7723
387 2 7750 0 2 7754
388 2 7816 0 0 7818
389 0 1 0 7775 7776
390 0 3 0 7797 7800
391 3 0 7720 1 7724
392 7535 0 0 0 7535
393 0 0 0 7728 7728
394 7770 0 1 0 7771
395 7673 1 3 0 7677
396 0 0 0 7778 7778
397 7745 0 1 0 7746
398 7709 1 0 1 7711
399 0 0 7695 0 7695
400 0 1 7555 0 7556
401 0 0 7494 0 7494
402 6730 1 752 0 7483
403 7416 0 26 0 7442
404 77 7345 0 0 7422
405 0 7452 0 1 7453
406 0 2 1 7492 7495
407 0 0 2 7505 7507
408 0 0 0 7560 7560
409 0 1 1 7566 7568
410 1 0 7410 2 7413
411 0 1 0 7303 7304
412 0 1 0 7410 7411
413 1 0 7346 1 7348
414 0 7334 0 1 7335
415 0 0 1 7411 7412
416 0 0 0 7500 7500
417 2 0 7464 0 7466
418 2 1 0 7337 7340
419 0 6 7374 0 7380
420 2 0 7289 0 7291
421 7333 0 3 0 7336
422 0 7347 0 2 7349
423 1 7448 0 2 7451
424 7560 1 3 0 7564
425 7579 0 1 1 7581
426 7608 0 0 2 7610
427 0 1 0 7602 7603
428 1 0 7679 1 7681
429 7699 0 0 0 7699
430 7698 0 1 0 7699
431 5 0 0 7730 7735
432 1 0 7670 0 7671
433 0 7675 1 4 7680
434 8262 0 0 1 8263
435 8249 0 0 0 8249
436 8142 1 0 0 8143
437 0 8046 0 1 8047
438 7879 0 0 7 7886
439 0 8658 0 0 8658
440 0 0 0 8700 8700
441 0 1 0 8750 8751
442 0 1 0 8846 8847
443 1 0 8740 0 8741
444 4 8784 0 2 8790
445 0 0 0 8781 8781
446 0 1 0 8799 8800
447 1 0 0 8846 8847
448 8790 0 0 0 8790
449 8663 0 0 0 8663
450 1 8602 0 1 8604
451 0 8488 0 2 8490
452 0 8426 0 3 8429
453 8463 0 0 1 8464
454 0 0 0 8401 8401
455 0 1 0 8470 8471
456 8485 0 0 1 8486
457 1 0 0 8442 8443
458 1 0 8342 0 8343
459 0 8316 0 11 8327
460 8337 0 1 0 8338
461 1 0 8238 0 8239
462 15 8109 0 2 8126
463 0 8153 0 2 8155
464 0 8251 0 1 8252
465 8327 0 2 0 8329
466 8227 0 0 0 8227
467 9 8206 0 0 8215
468 0 8260 0 0 8260
469 8242 0 0 0 8242
470 0 8 8334 0 8342
471 0 0 8298 0 8298
472 69 0 8163 0 8232
473 0 0 8293 0 8293
474 1 0 8332 1 8334
475 8214 0 0 0 8214
476 0 1 0 8361 8362
477 8396 0 1 0 8397
478 0 8447 0 2 8449
479 1 0 0 8400 8401
480 8396 1 0 1 8398
481 0 8474 0 0 8474
482 8486 0 0 1 8487
483 8483 0 1 0 8484
484 0 0 1 8480 8481
485 0 0 8509 0 8509
486 1 3 8405 0 8409
487 8501 0 0 1 8502
488 8533 0 0 2 8535
489 2 8474 0 0 8476
490 8497 0 14 0 8511
491 8452 0 0 0 8452
492 1 0 8475 0 8476
493 8430 0 0 0 8430
494 0 0 8406 1 8407
495 0 0 8200 0 8200
496 8285 0 1 0 8286
497 1 1 8276 0 8278
498 8338 0 2 0 8340
499 0 8439 0 0 8439
500 8557 0 7 0 8564
501 69 0 8426 1 8496
502 8646 0 1 0 8647
503 8671 0 1 0 8672
504 8611 0 0 0 8611
505 0 8741 0 0 8741
506 8757 0 0 0 8757
507 8669 0 1 0 8670
508 2 0 8592 0 8594
509 0 8724 0 0 8724
510 0 0 1 8701 8702
511 0 0 8797 0 8797
512 8754 0 81 1 8836
513 0 0 8883 0 8883
514 0 0 8804 0 8804
515 0 8927 0 0 8927
516 9048 0 2 1 9051
517 1 76 1 9128 9206
518 0 9267 0 0 9267
519 2 2 0 9307 9311
520 9359 0 0 0 9359
521 9313 1 0 0 9314
522 0 2 3 9601 9606
523 4 0 1 9602 9607
524 2 2 0 9501 9505
525 0 9618 0 2 9620
526 9643 1 0 0 9644
527 0 0 9974 0 9974
528 1 2 1 9827 9831
529 0 9980 0 1 9981
530 10107 0 4 0 10111
531 10086 0 0 1 10087
532 9941 1 0 0 9942
533 1 0 1 9994 9996
534 2 1 1 9911 9915
535 1 0 9872 0 9873
536 1 0 9788 0 9789
537 10 0 9756 0 9766
538 3 9883 0 2 9888
539 10099 1 3 0 10103
540 10028 1 3 1 10033
541 10035 0 0 10 10045
542 9984 0 4 1 9989
543 0 0 1 9867 9868
544 0 9858 0 1 9859
545 1 9770 0 0 9771
546 0 9876 0 2 9878
547 9897 0 1 1 9899
548 9759 1 1 0 9761
549 1 9874 0 2 9877
550 9908 1 2 0 9911
551 1 0 9849 1 9851
552 0 1 2 9500 9503
553 9789 0 0 0 9789
554 0 0 9802 0 9802
555 9879 1 0 0 9880
556 3598 0 6155 0 9753
557 9891 1 1 0 9893
558 9797 1 6 1 9805
559 0 9823 0 0 9823
560 0 3 3 9646 9652
561 54 9760 0 1 9815
562 0 9884 0 4 9888
563 9912 0 0 0 9912
564 0 4 1 9822 9827
565 1 1 0 9873 9875
566 0 0 2 9803 9805
567 0 8 0 9736 9744
568 23 9746 0 1 9770
569 2 9721 0 1 9724
570 9564 1 4 1 9570
571 1 9691 0 0 9692
572 9726 0 1 0 9727
573 0 1 0 9740 9741
574 2 0 9738 3 9743
575 3 0 9616 0 9619
576 0 9658 0 7 9665
577 9659 0 0 0 9659
578 2 0 9606 24 9632
579 1 9631 0 6 9638
580 9729 1 0 1 9731
581 0 1 1 9674 9676
582 1 0 9600 0 9601
583 0 0 9270 0 9270
584 9442 0 8 0 9450
585 0 0 9572 0 9572
586 1 9620 0 6 9627
587 0 0 9652 2 9654
588 0 0 9552 0 9552
589 0 0 9541 0 9541
590 1 0 2 9338 9341
591 1 9471 0 1 9473
592 1 9649 0 2 9652
593 7 0 9603 0 9610
594 1 9652 0 1 9654
595 3 0 9478 187 9668
596 0 2 1 9204 9207
597 5 0 9375 0 9380
598 3 9379 0 1 9383
599 1 9453 0 0 9454
600 9539 0 1 0 9540
601 0 7 0 9474 9481
602 17 0 9484 0 9501
603 9381 0 0 0 9381
604 0 0 0 9448 9448
605 0 1 9392 0 9393
606 2 0 9330 0 9332
607 0 2 0 9157 9159
608 8970 0 364 0 9334
609 9315 0 0 0 9315
610 0 0 9336 0 9336
611 0 0 9292 0 9292
612 9380 0 0 0 9380
613 9393 1 2 14 9410
614 0 0 1 9386 9387
615 2 0 9369 0 9371
616 3 0 9357 2 9362
617 9336 0 5 2 9343
618 1 9383 0 2 9386
619 9439 0 2 0 9441
620 0 1 0 9442 9443
621 9460 0 0 0 9460
622 0 0 13 9377 9390
623 9552 6 10 8 9576
624 1 16 0 9355 9372
625 1 9763 0 2 9766
626 14 0 9732 21 9767
627 1 0 9760 0 9761
628 9442 0 38 0 9480
629 0 0 9667 0 9667
630 2 1 3 9410 9416
631 0 1 0 9695 9696
632 1 0 9720 0 9721
633 9666 0 0 0 9666
634 6 1 0 9626 9633
635 2 0 9568 0 9570
636 1 0 9477 0 9478
637 1 9332 0 6 9339
638 1 9316 1 0 9318
639 0 9515 0 3 9518
640 0 1 0 9666 9667
641 2 1 9633 1 9637
642 9533 0 35 1 9569
643 0 9892 0 0 9892
644 9907 0 0 0 9907
645 9739 0 0 0 9739
646 0 0 0 10033 10033
647 10171 0 0 0 10171
648 10163 2 3 0 10168
649 0 1 0 10082 10083
650 4 0 9998 0 10002
651 9 9949 0 3 9961
652 10011 0 0 0 10011
653 0 0 0 9963 9963
654 0 21 0 9984 10005
655 1 0 9920 6 9927
656 3 10021 0 0 10024
657 0 0 1 10070 10071
658 0 9778 0 258 10036
659 10134 0 3 0 10137
660 10029 0 1 0 10030
661 10064 0 0 1 10065
662 1 0 10124 1 10126
663 0 1 2 9593 9596
664 9902 0 0 0 9902
665 9907 0 0 0 9907
666 9913 0 1 1 9915
667 9789 0 0 0 9789
668 0 0 0 9671 9671
669 9718 1 0 0 9719
670 0 0 0 9684 9684
671 0 0 9661 1 9662
672 2 0 9551 0 9553
673 9421 0 1 1 9423
674 0 0 9438 0 9438
675 9511 1 0 1 9513
676 9482 0 0 0 9482
677 23 0 9364 0 9387
678 0 9146 0 0 9146
679 9196 0 2 1 9199
680 2 1 0 9069 9072
681 9070 0 1 0 9071
682 0 1 0 8991 8992
683 8947 0 0 0 8947
684 0 9032 0 0 9032
685 0 1 0 9075 9076
686 1 0 9039 0 9040
687 9013 2 0 1 9016
688 0 8998 0 0 8998
689 8949 0 2 0 8951
690 0 8920 0 2 8922
691 8974 0 0 0 8974
692 1 1 1 8900 8903
693 8660 0 1 0 8661
694 0 8874 0 0 8874
695 2 8868 0 1 8871
696 8782 0 0 0 8782
697 0 0 1 8746 8747
698 2 0 0 8884 8886
699 0 8824 0 0 8824
700 1 8821 0 0 8822
701 0 0 0 8773 8773
702 8811 22 4 1 8838
703 2 0 0 8630 8632
704 1 0 8656 0 8657
705 1 8623 0 1 8625
706 8644 0 2 0 8646
707 8617 0 0 0 8617
708 8642 0 0 2 8644
709 3461 5137 0 0 8598
710 8696 0 0 0 8696
711 8633 0 1 0 8634
712 1 8652 0 0 8653
713 8592 0 1 1 8594
714 1 223 0 8223 8447
715 0 8581 0 1 8582
716 1 8530 0 0 8531
717 0 0 0 8564 8564
718 8592 0 2 0 8594
719 8563 0 1 0 8564
720 2 1 8440 1 8444
721 8458 1 1 0 8460
722 8393 0 0 1 8394
723 0 8359 0 0 8359
724 8351 1 0 0 8352
725 0 8439 0 1 8440
726 8425 0 0 0 8425
727 8424 0 0 0 8424
728 1 0 8351 0 8352
729 8398 0 1 0 8399
730 8383 0 0 0 8383
731 8357 0 0 13 8370
732 2 0 8265 0 8267
733 1 0 0 7807 7808
734 1 0 8115 0 8116
735 0 8139 0 1 8140
736 0 8182 0 0 8182
737 0 2 0 8169 8171
738 1 1 8125 0 8127
739 0 8156 0 0 8156
740 8199 0 1 0 8200
741 8157 0 0 1 8158
742 0 0 0 8127 8127
743 0 1 0 8202 8203
744 4 0 8108 0 8112
745 26 8006 1 1 8034
746 8056 0 0 0 8056
747 0 0 1 7945 7946
748 0 7988 0 3 7991
749 29 0 7940 5 7974
750 1 0 7921 2 7924
751 7 7 7860 0 7874
752 0 0 8101 0 8101
753 2 1 8234 0 8237
754 8213 0 23 0 8236
755 8337 10 2 0 8349
756 8409 0 0 1 8410
757 0 0 0 8403 8403
758 0 1 0 8500 8501
759 0 0 8344 0 8344
760 0 1 0 8296 8297
761 0 3 0 8357 8360
762 8405 0 1 0 8406
763 0 0 0 8301 8301
764 0 8255 1 0 8256
765 1 0 0 8346 8347
766 8355 0 0 0 8355
767 8296 0 1 0 8297
768 0 0 0 8326 8326
769 24 0 8244 0 8268
770 8346 0 0 0 8346
771 0 16 0 8243 8259
772 8316 0 0 0 8316
773 8236 0 1 9 8246
774 0 8287 0 0 8287
775 1 3 1 8299 8304
776 1 0 8281 0 8282
777 8186 0 1 0 8187
778 1 0 0 8245 8246
779 0 0 8162 0 8162
780 6 0 7973 0 7979
781 0 8000 0 2 8002
782 0 0 1 7879 7880
783 0 7980 0 0 7980
784 8081 0 0 0 8081
785 99 0 7981 0 8080
786 0 8065 0 0 8065
787 0 0 1 8164 8165
788 0 1 0 8068 8069
789 0 7754 0 394 8148
790 8144 5 1 0 8150
791 0 0 8075 15 8090
792 36 0 8042 0 8078
793 0 1 1 7586 7588
794 3 0 7885 0 7888
795 0 2 0 7790 7792
796 0 0 0 7885 7885
797 7906 0 0 0 7906
798 1 0 7929 0 7930
799 3 17 1 7685 7706
800 3 0 7756 0 7759
801 7774 0 17 1 7792
802 7776 0 0 0 7776
803 0 1 1 7757 7759
804 2 0 7715 0 7717
805 0 7760 0 1 7761
806 7711 0 1 0 7712
807 0 0 7811 0 7811
808 7773 0 0 0 7773
809 1 0 0 7703 7704
810 0 0 0 7791 7791
811 1 0 0 7746 7747
812 6 7753 0 0 7759
813 0 0 0 7851 7851
814 0 0 0 7895 7895
815 7909 0 1 0 7910
816 7763 0 0 0 7763
817 2 0 7741 0 7743
818 7645 0 0 0 7645
819 1 2 0 7461 7464
820 0 0 0 7462 7462
821 14 7466 0 2 7482
822 2 0 7507 0 7509
823 7318 0 2 0 7320
824 0 0 7406 0 7406
825 7185 1 0 0 7186
826 1 5 7233 0 7239
827 6 0 7155 0 7161
828 1 0 7109 0 7110
829 0 7029 0 5 7034
830 1 7006 0 1 7008
831 3 0 7045 3 7051
832 6760 1 0 1 6762
833 6776 1 12 1 6790
834 0 7 0 6900 6907
835 6880 0 1 2 6883
836 6874 0 3 0 6877
837 0 0 0 6800 6800
838 6786 0 0 0 6786
839 6698 1 0 0 6699
840 6615 0 0 0 6615
841 6680 0 0 1 6681
842 0 0 6581 1 6582
843 6650 0 1 0 6651
844 6725 0 1 0 6726
845 6706 2 2 0 6710
846 0 0 0 6691 6691
847 6620 0 0 0 6620
848 0 0 0 6557 6557
849 0 0 0 6622 6622
850 0 190 0 6354 6544
851 0 6527 0 2 6529
852 0 6439 0 1 6440
853 6530 0 0 0 6530
854 6457 0 1 0 6458
855 0 6496 0 0 6496
856 6501 0 1 1 6503
857 0 0 6549 0 6549
858 2 0 6424 0 6426
859 6438 0 1 1 6440
860 6484 0 2 0 6486
861 760 0 5662 0 6422
862 6436 1 0 0 6437
863 0 1 6401 0 6402
864 0 0 0 6230 6230
865 6445 0 0 0 6445
866 6418 1 0 0 6419
867 6416 0 0 0 6416
868 6379 0 0 1 6380
869 1 6354 0 0 6355
870 6170 0 0 0 6170
871 0 6090 0 0 6090
872 6086 0 1 0 6087
873 0 6107 0 0 6107
874 0 1 0 6096 6097
875 0 0 6136 0 6136
876 6060 0 2 0 6062
877 103 0 6057 0 6160
878 2 25 6005 0 6032
879 6014 0 1 0 6015
880 6101 1 0 0 6102
881 16 0 1 5995 6012
882 1 0 5964 0 5965
883 1 5792 0 115 5908
884 6023 0 2 2 6027
885 1 5972 0 0 5973
886 6010 4 0 1 6015
887 0 23 13 5936 5972
888 2 0 5979 0 5981
889 0 5990 0 4 5994
890 1 0 6078 0 6079
891 0 0 6001 0 6001
892 5948 0 5 0 5953
893 0 0 0 6025 6025
894 0 0 0 6107 6107
895 1 6 0 6077 6084
896 3 0 6004 0 6007
897 1 5893 0 8 5902
898 0 5995 1 2 5998
899 5948 0 2 0 5950
900 9 0 5873 0 5882
901 1 5835 0 1 5837
902 5950 0 1 0 5951
903 6005 0 0 1 6006
904 0 0 0 5960 5960
905 5993 0 1 0 5994
906 6004 0 0 0 6004
907 5990 0 0 0 5990
908 5912 0 0 0 5912
909 1 5974 0 0 5975
910 0 5938 0 0 5938
911 6078 0 0 2 6080
912 0 0 1 6098 6099
913 6201 0 1 0 6202
914 0 0 6072 0 6072
915 6149 0 0 1 6150
916 6174 0 1 1 6176
917 0 6 0 6093 6099
918 0 16 6111 0 6127
919 0 0 0 5924 5924
920 10 0 6072 0 6082
921 0 5996 0 3 5999
922 0 5998 0 5 6003
923 0 0 1 6063 6064
924 1 0 6083 0 6084
925 0 0 0 6001 6001
926 6117 0 0 1 6118
927 2 0 6053 0 6055
928 6132 0 1 0 6133
929 0 0 6131 0 6131
930 6113 1 0 3 6117
931 0 6163 0 0 6163
932 6186 0 2 0 6188
933 6138 0 0 0 6138
934 1 6145 0 72 6218
935 6255 0 0 0 6255
936 2 0 6234 0 6236
937 0 0 6248 0 6248
938 0 0 1 6044 6045
939 6250 0 1 0 6251
940 0 6257 0 0 6257
941 6318 0 0 2 6320
942 0 6338 0 3 6341
943 6402 0 0 0 6402
944 0 0 6377 0 6377
945 7 6401 0 0 6408
946 6513 0 1 0 6514
947 6515 0 0 0 6515
948 6552 0 0 0 6552
949 6639 0 0 0 6639
950 6609 0 1 0 6610
951 1 0 6477 1 6479
952 6329 0 4 0 6333
953 12 6483 0 0 6495
954 1 6562 0 0 6563
955 0 7 2 6483 6492
956 0 2 0 6518 6520
957 0 0 1 6539 6540
958 0 1 0 6680 6681
959 0 0 6682 0 6682
960 0 2 2 6529 6533
961 1 6608 0 0 6609
962 6667 1 0 1 6669
963 6649 1 0 0 6650
964 6701 0 0 0 6701
965 0 0 1 6733 6734
966 0 0 2 6831 6833
967 6822 0 0 1 6823
968 6803 0 2 0 6805
969 6742 0 0 0 6742
970 0 6855 0 10 6865
971 0 0 6852 0 6852
972 0 0 0 6609 6609
973 2 0 6887 0 6889
974 0 0 6895 0 6895
975 6807 0 73 0 6880
976 1 0 6923 0 6924
977 6921 0 2 0 6923
978 1 7006 0 0 7007
979 0 1 1 7082 7084
980 39 0 7075 0 7114
981 7173 1 2 0 7176
982 0 1273 1 5906 7180
983 7206 0 0 0 7206
984 16 7248 0 0 7264
985 7255 0 0 1 7256
986 0 0 7421 1 7422
987 0 7968 0 0 7968
988 8039 0 9 0 8048
989 0 0 8121 0 8121
990 8197 0 1 1 8199
991 8265 0 0 1 8266
992 8520 1 1 0 8522
993 0 2 2 8634 8638
994 8684 1 0 0 8685
995 8619 0 0 0 8619
996 34 0 8620 1 8655
997 8495 0 0 1 8496
998 0 0 0 8554 8554
999 0 0 0 8618 8618
1000 3 0 8459 0 8462
1001 8428 1 0 0 8429
1002 2 0 1 8504 8507
1003 0 0 8456 1 8457
1004 0 1 1 8275 8277
1005 0 1 8440 0 8441
1006 1 8481 0 1 8483
1007 8535 0 1 0 8536
1008 1 8571 0 2 8574
1009 8588 0 2 0 8590
1010 0 0 8620 0 8620
1011 8502 1 0 1 8504
1012 0 0 1 8705 8706
1013 8605 0 0 0 8605
1014 0 9106 0 0 9106
1015 0 1521 0 7659 9180
1016 1 1 0 9276 9278
1017 9265 0 0 0 9265
1018 1 0 1 9225 9227
1019 0 1 1 9237 9239
1020 0 0 1 9277 9278
1021 1 0 9267 1 9269
1022 3 0 9166 0 9169
1023 9178 0 6 0 9184
1024 12 9173 0 1 9186
1025 8987 0 1 1 8989
1026 4 9296 0 1 9301
1027 1 9273 0 0 9274
1028 2 9280 0 0 9282
1029 1 9392 0 0 9393
1030 0 9395 0 1 9396
1031 9432 1 3 0 9436
1032 0 1 9459 0 9460
1033 9318 0 0 1 9319
1034 2 9389 0 0 9391
1035 1 9429 0 1 9431
1036 9542 0 3 0 9545
1037 9435 0 1 0 9436
1038 9468 0 12 0 9480
1039 0 1 0 9586 9587
1040 17 0 9537 1 9555
1041 9446 0 0 1 9447
1042 1 1 1 9574 9577
1043 0 0 9596 0 9596
1044 1 0 9566 0 9567
1045 9466 0 3 1 9470
1046 9579 2 3 0 9584
1047 0 0 9671 0 9671
1048 2 9604 0 3 9609
1049 9721 0 2 2 9725
1050 0 1661 0 8149 9810
1051 9837 0 0 0 9837
1052 9818 0 0 1 9819
1053 5 9704 0 0 9709
1054 9777 0 34 0 9811
1055 1 0 9655 1 9657
1056 0 0 9640 0 9640
1057 1 9515 0 0 9516
1058 0 9477 0 0 9477
1059 1 9673 0 2 9676
1060 1 1609 1 8085 9696
1061 0 2 0 9945 9947
1062 1 0 9918 1 9920
1063 1 1642 1 8282 9926
1064 1 0 10058 2 10061
1065 9954 0 2 0 9956
1066 9988 0 0 0 9988
1067 0 0 0 10057 10057
1068 1 10089 0 2 10092
1069 0 1727 1 8445 10173
1070 1 0 10164 0 10165
1071 9879 0 5 0 9884
1072 1 2 0 10129 10132
1073 1 0 10148 0 10149
1074 1 0 9990 0 9991
1075 199 0 9803 0 10002
1076 33 0 10010 0 10043
1077 9965 1 1 0 9967
1078 1 10081 0 0 10082
1079 10200 0 0 0 10200
1080 10130 0 1 0 10131
1081 10137 1 2 1 10141
1082 5 0 10234 1 10240
1083 2 0 10247 0 10249
1084 0 0 10131 0 10131
1085 9988 0 1 0 9989
1086 0 0 10272 0 10272
1087 7 1688 0 8030 9725
1088 0 0 10143 0 10143
1089 0 0 10216 0 10216
1090 10162 0 30 4 10196
1091 0 0 10248 3 10251
1092 3 0 10175 0 10178
1093 0 10297 0 0 10297
1094 10445 6 20 0 10471
1095 0 0 2 10333 10335
1096 1 10359 0 1 10361
1097 10424 0 4 1 10429
1098 10354 0 0 0 10354
1099 0 0 10430 0 10430
1100 1 0 10334 0 10335
1101 0 0 10318 0 10318
1102 10266 2 62 9 10339
1103 0 0 10479 1 10480
1104 2 0 10609 2 10613
1105 10535 1 5 0 10541
1106 0 1 1 10785 10787
1107 1 0 1 10917 10919
1108 1 2 1 11130 11134
1109 1 0 10984 2 10987
1110 2 0 0 10776 10778
1111 0 2 0 10871 10873
1112 1 10831 0 3 10835
1113 10878 0 1 1 10880
1114 0 1 1 11004 11006
1115 1 11093 0 0 11094
1116 11138 1 3 0 11142
1117 11121 1 2 1 11125
1118 11071 11 0 1 11083
1119 0 0 11201 1 11202
1120 11026 1 2 2 11031
1121 11193 1 2 0 11196
1122 1 0 1 11208 11210
1123 3 0 11145 0 11148
1124 11118 0 0 0 11118
1125 11073 1 2 0 11076
1126 10974 1 0 0 10975
1127 0 3 0 10833 10836
1128 2 10948 0 1 10951
1129 1 10949 0 6 10956
1130 11008 0 2 0 11010
1131 10872 0 0 0 10872
1132 0 0 10918 0 10918
1133 10741 0 0 0 10741
1134 1 0 0 10760 10761
1135 0 19 0 10993 11012
1136 1 0 11006 0 11007
1137 0 0 10890 0 10890
1138 10697 0 0 0 10697
1139 10756 0 0 0 10756
1140 0 0 10834 0 10834
1141 0 0 10734 0 10734
1142 1 2 0 9624 9627
1143 0 0 10540 0 10540
1144 0 1 10627 0 10628
1145 0 0 0 10156 10156
1146 10441 0 7 4 10452
1147 0 10617 0 0 10617
1148 0 58 0 10792 10850
1149 2 10799 2 0 10803
1150 1 0 1 10812 10814
1151 0 10854 0 8 10862
1152 9 0 10938 0 10947
1153 10812 0 2 1 10815
1154 10964 0 4 0 10968
1155 0 11020 0 0 11020
1156 0 0 10971 22 10993
1157 10879 0 0 0 10879
1158 0 2 0 11002 11004
1159 0 9 10978 0 10987
1160 1 0 0 10850 10851
1161 0 10913 1 1 10915
1162 0 1 0 11065 11066
1163 11069 1 1 0 11071
1164 10951 0 0 0 10951
1165 10912 2 0 0 10914
1166 10813 1 1 0 10815
1167 4 10879 0 0 10883
1168 15 3 0 10825 10843
1169 2110 1 8674 0 10785
1170 237 0 10411 2 10650
1171 10321 2 2 2 10327
1172 10392 0 0 1 10393
1173 1 0 10579 0 10580
1174 2 0 10576 16 10594
1175 10275 0 21 1 10297
1176 0 0 0 10446 10446
1177 2 0 10502 0 10504
1178 2 0 10371 0 10373
1179 0 1 10317 1 10319
1180 0 0 10351 0 10351
1181 10307 0 0 2 10309
1182 1 9 0 10269 10279
1183 2 0 10417 0 10419
1184 21 1 10303 0 10325
1185 474 0 9814 0 10288
1186 10061 0 0 0 10061
1187 5 10155 0 2 10162
1188 0 1 1 10334 10336
1189 1 0 10297 0 10298
1190 1 31 0 10068 10100
1191 10226 0 0 1 10227
1192 0 1 0 10350 10351
1193 1 0 10421 0 10422
1194 2 13 1 10269 10285
1195 1 10387 8 0 10396
1196 10513 0 1 1 10515
1197 10388 1 1 0 10390
1198 0 0 10568 0 10568
1199 0 0 0 10254 10254
1200 10479 0 0 0 10479
1201 0 1 0 10576 10577
1202 2 0 10686 0 10688
1203 1 0 10657 0 10658
1204 0 7 0 10336 10343
1205 5 1 10721 0 10727
1206 1 0 10617 0 10618
1207 10533 0 2 1 10536
1208 1 0 10516 0 10517
1209 10447 0 1 3 10451
1210 0 10459 0 1 10460
1211 5 10442 0 1 10448
1212 7 10560 0 1 10568
1213 10731 0 1 0 10732
1214 2 0 0 10564 10566
1215 1 0 10518 0 10519
1216 0 0 10471 0 10471
1217 1 0 10341 0 10342
1218 0 10437 0 2 10439
1219 1 202 0 10354 10557
1220 3 0 10658 0 10661
1221 10473 0 1 1 10475
1222 1 10522 0 1 10524
1223 10545 1 2 0 10548
1224 3 0 10628 0 10631
1225 3 1 1 10113 10118
1226 1 0 10407 0 10408
1227 10393 0 1 0 10394
1228 0 1 0 10411 10412
1229 6 0 10389 0 10395
1230 1 10229 0 1 10231
1231 0 10269 0 0 10269
1232 0 10395 0 2 10397
1233 3 0 1 10440 10444
1234 10364 0 2 0 10366
1235 1 0 10438 2 10441
1236 0 10252 0 0 10252
1237 0 1 0 10352 10353
1238 0 19 1 10282 10302
1239 0 1 0 10305 10306
1240 0 3 0 10371 10374
1241 10149 0 1 37 10187
1242 0 0 10173 0 10173
1243 1 0 0 9782 9783
1244 1 0 10091 0 10092
1245 0 0 10123 0 10123
1246 9917 1 2 1 9921
1247 1 0 10286 1 10288
1248 0 0 1 10012 10013
1249 9954 0 391 0 10345
1250 10333 0 3 0 10336
1251 0 0 0 10369 10369
1252 2 0 10398 3 10403
1253 1 0 10424 0 10425
1254 0 2 0 10303 10305
1255 0 0 0 10511 10511
1256 0 0 0 10524 10524
1257 1 10600 0 2 10603
1258 10722 0 2 0 10724
1259 10665 0 0 0 10665
1260 0 0 0 10668 10668
1261 2 0 10824 0 10826
1262 1487 1 9161 0 10649
1263 10610 0 2 0 10612
1264 10734 0 1 0 10735
1265 32 0 10697 0 10729
1266 10564 0 1 0 10565
1267 10370 0 0 1 10371
1268 0 10474 0 0 10474
1269 0 10493 0 0 10493
1270 10 0 0 10609 10619
1271 10 0 10584 1 10595
1272 2 0 10520 1 10523
1273 1 3 0 10298 10302
1274 1 2 0 10540 10543
1275 0 1 10549 0 10550
1276 2 0 10564 0 10566
1277 0 2 0 10277 10279
1278 10493 0 1 0 10494
1279 0 0 0 10522 10522
1280 0 2 0 10525 10527
1281 0 10373 0 2 10375
1282 1 10570 0 31 10602
1283 0 1 0 10676 10677
1284 0 1 0 10785 10786
1285 0 154 0 10599 10753
1286 0 0 10631 0 10631
1287 0 0 10420 0 10420
1288 3 10335 0 1 10339
1289 0 0 0 10460 10460
1290 0 0 0 10413 10413
1291 0 10472 0 7 10479
1292 2 0 10616 1 10619
1293 10497 0 0 0 10497
1294 10523 0 2 0 10525
1295 10508 0 1 0 10509
1296 0 16 0 10831 10847
1297 10823 1 1 0 10825
1298 10827 1 0 0 10828
1299 10729 0 0 0 10729
1300 10757 0 0 0 10757
1301 0 16 10733 23 10772
1302 10667 0 0 1 10668
1303 0 0 0 10705 10705
1304 10747 0 2 0 10749
1305 10687 0 2 0 10689
1306 482 0 10236 0 10718
1307 10666 0 0 0 10666
1308 10660 0 0 0 10660
1309 10697 0 2 0 10699
1310 0 0 0 10628 10628
1311 1 0 10767 0 10768
1312 6 10616 0 3 10625
1313 2 0 10689 0 10691
1314 10480 0 0 0 10480
1315 0 0 6 10469 10475
1316 1 0 10462 1 10464
1317 0 0 0 10337 10337
1318 0 10318 0 0 10318
1319 1 10328 1 1 10331
1320 0 10313 0 3 10316
1321 20 10002 0 1 10023
1322 0 5 0 10015 10020
1323 0 0 10080 0 10080
1324 0 1 0 9834 9835
1325 9875 0 2 0 9877
1326 0 0 1 9930 9931
1327 0 2 0 9965 9967
1328 0 0 9945 0 9945
1329 1 0 9899 1 9901
1330 0 0 9871 1 9872
1331 9588 0 2 0 9590
1332 0 2 0 9837 9839
1333 9848 0 0 0 9848
1334 0 0 9913 0 9913
1335 9735 0 0 0 9735
1336 0 0 10000 1 10001
1337 9944 0 1 0 9945
1338 0 2 1 10037 10040
1339 1 0 10055 0 10056
1340 2 0 9957 0 9959
1341 0 25 1 9712 9738
1342 9824 1 1 0 9826
1343 0 9886 0 1 9887
1344 10003 0 0 0 10003
1345 0 2 0 10008 10010
1346 0 0 9938 0 9938
1347 9790 0 0 0 9790
1348 2 20 1 9865 9888
1349 1 1 9945 0 9947
1350 1 0 9901 0 9902
1351 2 0 0 9464 9466
1352 3 0 9795 0 9798
1353 0 0 9836 0 9836
1354 9973 1 2 1 9977
1355 10093 0 0 0 10093
1356 10227 0 0 0 10227
1357 10218 0 0 0 10218
1358 10 22 10141 0 10173
1359 10016 0 1 0 10017
1360 0 0 10087 0 10087
1361 9823 1 1 1 9826
1362 7 9969 0 0 9976
1363 0 1 0 9923 9924
1364 0 2 0 9999 10001
1365 4 20 9940 2 9966
1366 3 0 9857 1 9861
1367 1 9914 0 3 9918
1368 9794 0 1 0 9795
1369 1 9782 0 0 9783
1370 28 3 0 9692 9723
1371 7 9796 0 2 9805
1372 9783 0 5 0 9788
1373 1 0 9750 0 9751
1374 0 9764 0 3 9767
1375 9774 1 1 0 9776
1376 1 2 9788 1 9792
1377 1 9718 0 2 9721
1378 9771 0 0 0 9771
1379 9687 0 1 0 9688
1380 1 9735 0 0 9736
1381 9687 2 2 0 9691
1382 9 0 9676 0 9685
1383 2 9475 0 1 9478
1384 0 9536 0 0 9536
1385 9625 0 1 0 9626
1386 0 1 0 9669 9670
1387 2 1 0 9694 9697
1388 0 0 0 9707 9707
1389 9606 0 0 0 9606
1390 0 9614 0 0 9614
1391 0 4 1 9612 9617
1392 0 0 9662 1 9663
1393 2 0 0 9553 9555
1394 0 0 0 9578 9578
1395 0 0 0 9643 9643
1396 9582 0 0 1 9583
1397 9553 0 4 9 9566
1398 0 1 0 9565 9566
1399 0 0 9548 0 9548
1400 0 0 9428 1 9429
1401 9 0 9354 0 9363
1402 0 9225 0 2 9227
1403 1 9 0 9331 9341
1404 16 9307 0 2 9325
1405 9390 0 4 8 9402
1406 0 1 9344 0 9345
1407 0 0 9248 0 9248
1408 9097 0 0 1 9098
1409 0 9196 0 1 9197
1410 9208 0 2 0 9210
1411 0 0 9163 1 9164
1412 0 9014 0 0 9014
1413 0 0 0 9120 9120
1414 3 0 9103 0 9106
1415 104 8969 0 0 9073
1416 0 0 0 9153 9153
1417 0 0 9109 0 9109
1418 1 1 0 8932 8934
1419 1 0 9053 1 9055
1420 0 0 8882 0 8882
1421 181 0 8687 0 8868
1422 8854 0 0 1 8855
1423 0 8784 0 0 8784
1424 8846 0 2 1 8849
1425 0 8963 0 0 8963
1426 0 4 0 8875 8879
1427 2 0 8902 9 8913
1428 0 31 0 8789 8820
1429 0 8842 0 2 8844
1430 8744 0 0 3 8747
1431 1 8826 0 0 8827
1432 8805 0 0 6 8811
1433 0 0 8819 0 8819
1434 0 0 8657 1 8658
1435 0 0 0 8250 8250
1436 0 0 8553 0 8553
1437 0 0 0 8587 8587
1438 1 7 0 8617 8625
1439 2 0 8604 0 8606
1440 8474 0 0 1 8475
1441 23 8438 0 2 8463
1442 8416 0 0 0 8416
1443 0 55 0 8293 8348
1444 505 0 7820 0 8325
1445 0 0 8261 2 8263
1446 0 8192 0 1 8193
1447 1 0 0 8139 8140
1448 0 8187 0 0 8187
1449 0 0 0 8308 8308
1450 2 0 8265 0 8267
1451 0 0 0 8212 8212
1452 8138 0 0 0 8138
1453 8092 0 0 0 8092
1454 0 0 0 8127 8127
1455 0 0 8128 0 8128
1456 0 0 8056 0 8056
1457 7935 0 1 0 7936
1458 0 0 7957 0 7957
1459 11 0 7934 0 7945
1460 7761 0 2 0 7763
1461 1 0 7866 0 7867
1462 0 0 0 7599 7599
1463 1 0 7649 1 7651
1464 0 1 7654 0 7655
1465 2 3 0 7555 7560
1466 1 0 0 7669 7670
1467 7447 0 193 0 7640
1468 7536 1 0 0 7537
1469 0 0 7560 0 7560
1470 0 0 0 7094 7094
1471 0 7247 0 0 7247
1472 0 1 0 7257 7258
1473 1 0 7237 0 7238
1474 0 1 0 7196 7197
1475 0 0 0 7194 7194
1476 1 7106 0 0 7107
1477 0 0 0 7111 7111
1478 7062 0 1 0 7063
1479 7005 0 0 0 7005
1480 6691 0 1 0 6692
1481 0 6903 0 2 6905
1482 0 6605 0 1 6606
1483 0 6408 0 0 6408
1484 0 0 0 6413 6413
1485 0 2 1 6471 6474
1486 0 2 1 6515 6518
1487 0 0 6503 1 6504
1488 1 1 0 6384 6386
1489 0 0 2 6264 6266
1490 0 6250 0 0 6250
1491 141 5726 1 359 6227
1492 0 0 0 6158 6158
1493 1 0 6178 0 6179
1494 0 0 0 5800 5800
1495 0 0 0 5821 5821
1496 0 0 0 5858 5858
1497 0 2 0 5826 5828
1498 0 0 5783 0 5783
1499 0 0 0 5698 5698
1500 0 2 0 5615 5617
1501 0 1 0 5566 5567
1502 11 3 5451 0 5465
1503 5394 0 0 0 5394
1504 5272 0 0 0 5272
1505 0 5372 0 1 5373
1506 4908 0 1 0 4909
1507 4619 0 0 0 4619
1508 0 1 0 4588 4589
1509 0 0 0 4613 4613
1510 0 0 4456 30 4486
1511 0 0 0 4270 4270
1512 0 4282 0 1 4283
1513 0 4284 0 0 4284
1514 0 0 0 3891 3891
1515 0 1 0 3858 3859
1516 3735 0 0 0 3735
1517 0 3814 0 0 3814
1518 0 0 0 3759 3759
1519 3682 0 0 0 3682
1520 3650 0 1 0 3651
1521 3432 0 0 0 3432
1522 9 3518 0 0 3527
1523 0 0 0 3036 3036
1524 0 0 0 3017 3017
1525 2947 0 1 0 2948
1526 2807 0 0 0 2807
1527 0 0 0 2632 2632
1528 0 0 0 2363 2363
1529 1 0 2196 0 2197
1530 0 0 0 2138 2138
1531 0 0 0 2118 2118
1532 0 0 0 2096 2096
1533 14 843 0 0 857
1534 0 0 0 682 682
1535 0 0 680 0 680
1536 598 0 0 0 598
1537 566 0 0 0 566
1538 406 0 0 0 406
1539 342 1 0 0 343
1540 287 0 0 0 287
1541 0 0 0 271 271
1542 0 0 45 0 45
1543 0 9 0 0 9
1544 0 0 0 6 6
1545 0 6 0 0 6
1546 0 0 0 6 6
1547 0 0 0 6 6
1548 0 0 6 0 6
1549 0 0 0 6 6
1550 0 0 0 6 6
1551 6 0 0 0 6
1552 0 6 0 0 6
1553 0 0 0 6 6
1554 6 0 0 0 6
1555 0 6 0 0 6
1556 0 0 0 6 6
1557 0 0 0 0 0
