0 0 0 0 0 0
1 0 45 0 0 45
2 45 0 0 0 45
3 0 0 44 0 44
4 48 0 0 0 48
5 44 0 0 1 45
6 0 0 53 0 53
7 0 66 0 0 66
8 71 0 0 1 72
9 0 0 71 0 71
10 73 0 1 0 74
11 0 0 77 6 83
12 0 90 0 0 90
13 113 0 0 0 113
14 0 0 0 116 116
15 0 128 0 0 128
16 0 0 0 124 124
17 0 0 0 151 151
18 0 169 0 0 169
19 0 0 0 213 213
20 0 125 0 146 271
21 276 0 1 0 277
22 279 0 0 0 279
23 282 3 0 0 285
24 284 0 0 0 284
25 0 316 0 0 316
26 0 1 0 321 322
27 3 0 321 0 324
28 320 0 0 0 320
29 366 2 0 1 369
30 0 0 376 0 376
31 0 391 0 0 391
32 425 1 1 0 427
33 419 0 0 0 419
34 426 0 0 0 426
35 0 0 0 436 436
36 429 0 0 0 429
37 0 0 433 0 433
38 0 0 431 0 431
39 0 441 0 0 441
40 0 513 0 0 513
41 75 305 3 3 386
42 844 0 0 0 844
43 879 0 0 0 879
44 902 0 0 0 902
45 917 0 0 0 917
46 917 0 0 0 917
47 0 0 0 1012 1012
48 0 0 1101 1 1102
49 1142 0 0 0 1142
50 1166 0 0 0 1166
51 0 1168 0 0 1168
52 1172 0 0 0 1172
53 1162 0 0 0 1162
54 0 3 0 1212 1215
55 0 1 1205 0 1206
56 0 1246 0 1 1247
57 0 0 0 1254 1254
58 1241 3 8 3 1255
59 0 1281 0 0 1281
60 0 1297 0 0 1297
61 0 1 0 1305 1306
62 0 0 1 1333 1334
63 0 1374 0 0 1374
64 1366 0 0 0 1366
65 1387 1 1 0 1389
66 0 1413 0 0 1413
67 0 6 0 1419 1425
68 1443 0 11 0 1454
69 0 0 0 1444 1444
70 1453 0 0 0 1453
71 0 1490 0 0 1490
72 1545 1 3 0 1549
73 1539 0 2 0 1541
74 1526 0 0 0 1526
75 0 1661 0 3 1664
76 3 0 1840 0 1843
77 0 1 0 1806 1807
78 1 1 0 1869 1871
79 1878 0 0 0 1878
80 1874 6 0 0 1880
81 0 1919 0 0 1919
82 1 2023 0 0 2024
83 0 2123 0 7 2130
84 0 0 2 2152 2154
85 2172 0 1 0 2173
86 0 1 0 2197 2198
87 0 11 0 2198 2209
88 0 1 0 2374 2375
89 0 2636 0 1 2637
90 0 0 0 2631 2631
91 0 2645 0 0 2645
92 2661 0 1 2 2664
93 0 2684 0 0 2684
94 2718 0 2 0 2720
95 0 0 0 2727 2727
96 0 2733 0 0 2733
97 2782 10 0 6 2798
98 0 2 2814 0 2816
99 0 0 2879 1 2880
100 0 4 2842 0 2846
101 0 1 2863 0 2864
102 3 0 2915 0 2918
103 2971 0 0 0 2971
104 2 0 3061 0 3063
105 1 2 0 3005 3008
106 3159 0 0 1 3160
107 0 1 0 3210 3211
108 0 1 0 3232 3233
109 3250 0 1 0 3251
110 0 0 0 3396 3396
111 0 0 0 3614 3614
112 3715 0 0 0 3715
113 0 0 0 3730 3730
114 2 3729 0 2 3733
115 3769 0 0 0 3769
116 0 3854 0 2 3856
117 0 0 0 3950 3950
118 3963 0 3 1 3967
119 0 0 1 4008 4009
120 4012 0 0 1 4013
121 0 0 3 4024 4027
122 1 1 4034 0 4036
123 0 2 0 4252 4254
124 0 0 4632 0 4632
125 2 0 0 4759 4761
126 0 4937 0 1 4938
127 4954 1 5 0 4960
128 0 0 5048 0 5048
129 1 5369 0 4 5374
130 0 34 0 5442 5476
131 0 1 0 5577 5578
132 3 5645 0 2 5650
133 5611 0 13 1 5625
134 0 0 0 5703 5703
135 0 22 0 5707 5729
136 5731 0 4 0 5735
137 1 7 0 5723 5731
138 1 5794 0 1 5796
139 5816 0 0 0 5816
140 0 1 0 5835 5836
141 5793 0 2 5 5800
142 4 5893 0 0 5897
143 2 3 0 5915 5920
144 0 2 1 5967 5970
145 5919 0 1 2 5922
146 0 6004 1 0 6005
147 0 1 0 6023 6024
148 6002 0 0 0 6002
149 1 175 0 5827 6003
150 5986 0 0 21 6007
151 0 7 0 6017 6024
152 0 8 0 6288 6296
153 0 6568 0 2 6570
154 1 0 6587 4 6592
155 37 0 6537 0 6574
156 6527 5 13 0 6545
157 0 0 0 6640 6640
158 6671 0 0 0 6671
159 0 1 0 6783 6784
160 6722 2 10 1 6735
161 0 0 0 6750 6750
162 0 6 0 6776 6782
163 0 0 6720 0 6720
164 1 6932 0 0 6933
165 0 4 0 7048 7052
166 7157 0 4 0 7161
167 7125 0 0 0 7125
168 7154 0 1 0 7155
169 7166 0 9 0 7175
170 0 1 0 7254 7255
171 0 4 0 7311 7315
172 0 7275 0 1 7276
173 0 5 0 7322 7327
174 0 7320 0 11 7331
175 7287 0 3 0 7290
176 14 7367 0 0 7381
177 0 44 0 7341 7385
178 7431 1 0 0 7432
179 7381 0 1 0 7382
180 1 7466 0 0 7467
181 7481 0 4 0 7485
182 4 0 7464 0 7468
183 7443 1 0 1 7445
184 7568 0 2 0 7570
185 7529 1 1 0 7531
186 9 4 0 7593 7606
187 7602 0 1 0 7603
188 7455 0 71 1 7527
189 33 7524 0 50 7607
190 0 3 0 7570 7573
191 1 0 7446 0 7447
192 0 7569 0 1 7570
193 7442 12 10 0 7464
194 1 7600 0 12 7613
195 15 7681 0 27 7723
196 7736 0 14 0 7750
197 7516 0 196 0 7712
198 12 7808 0 4 7824
199 7819 0 0 0 7819
200 7842 0 2 12 7856
201 0 11 0 7871 7882
202 11 0 7829 0 7840
203 1 7852 0 0 7853
204 1 7923 0 16 7940
205 8127 1 27 7 8162
206 1 13 1 8230 8245
207 0 6 0 8317 8323
208 0 0 8346 0 8346
209 0 0 8297 0 8297
210 8323 0 2 1 8326
211 2 8 3 8365 8378
212 0 6 0 8507 8513
213 3 0 8477 0 8480
214 0 0 0 8483 8483
215 2 0 8527 0 8529
216 0 8669 0 2 8671
217 8800 0 4 2 8806
218 8937 0 0 0 8937
219 8767 23 85 0 8875
220 0 8974 0 1 8975
221 12 1 8926 1 8940
222 0 9042 0 0 9042
223 9195 1 3 0 9199
224 9 0 0 9302 9311
225 0 9464 0 1 9465
226 9617 0 4 0 9621
227 9600 0 0 0 9600
228 9586 0 0 0 9586
229 0 1 0 9655 9656
230 1 0 9690 0 9691
231 1 3 0 9457 9461
232 0 1 0 9661 9662
233 1 9721 0 1 9723
234 9774 5 3 4 9786
235 57 0 9656 4 9717
236 1 1 9576 0 9578
237 1 9761 1 2 9765
238 0 0 0 9814 9814
239 4 2 9842 2 9850
240 2 2 1 9771 9776
241 1 0 9802 1 9804
242 9833 0 1 0 9834
243 9766 0 2 0 9768
244 403 9475 0 9 9887
245 4 10001 0 0 10005
246 0 1 0 9972 9973
247 0 0 0 10012 10012
248 4 1 0 10089 10094
249 1 10153 0 4 10158
250 0 58 0 10080 10138
251 3 0 10110 0 10113
252 0 10162 0 3 10165
253 10003 0 209 0 10212
254 10162 0 0 0 10162
255 1 10214 0 1 10216
256 10287 0 1 0 10288
257 10251 0 1 0 10252
258 10204 0 2 0 10206
259 10118 108 2 0 10228
260 3 0 10205 57 10265
261 4 0 10216 1 10221
262 8 0 10191 1 10200
263 15 0 10233 2 10250
264 0 7 51 9594 9652
265 7 0 9976 1 9984
266 10240 2 5 1 10248
267 31 10381 0 16 10428
268 10304 0 6 1 10311
269 0 10525 1 9 10535
270 0 1 0 10519 10520
271 0 0 0 10587 10587
272 1 10590 0 3 10594
273 0 1 0 10562 10563
274 2 0 0 10566 10568
275 2 10605 0 0 10607
276 2 5 0 10445 10452
277 1 10611 0 1 10613
278 0 10645 0 3 10648
279 3 10716 0 2 10721
280 10657 0 4 0 10661
281 3 0 10629 0 10632
282 10588 0 3 1 10592
283 10514 0 3 1 10518
284 2 10772 0 10 10784
285 28 10765 0 4 10797
286 41 0 10727 9 10777
287 2 1 10604 4 10611
288 10480 0 8 0 10488
289 44 0 10611 1 10656
290 0 5 0 10421 10426
291 4 0 10655 0 10659
292 4 0 10586 0 10590
293 10735 1 1 2 10739
294 1 10836 0 6 10843
295 10734 1 0 0 10735
296 0 1 0 10633 10634
297 10373 2 0 4 10379
298 3 10705 0 0 10708
299 0 10566 0 8 10574
300 0 10623 0 7 10630
301 1 0 10475 82 10558
302 0 10402 1 10 10413
303 6 4 10607 0 10617
304 0 6 0 10189 10195
305 2 0 0 10468 10470
306 0 15 0 10616 10631
307 10665 0 3 0 10668
308 0 1 0 10668 10669
309 0 10773 0 12 10785
310 0 5 0 10634 10639
311 0 4 0 10656 10660
312 1 0 10353 3 10357
313 2 10540 0 2 10544
314 6 10743 0 20 10769
315 5 10989 3 5 11002
316 12 0 10895 2 10909
317 6 0 10655 0 10661
318 25 0 10625 2 10652
319 56 10737 0 20 10813
320 0 5 0 10711 10716
321 0 10795 1 4 10800
322 11090 1 17 0 11108
323 10861 8 2 0 10871
324 17 10900 0 4 10921
325 75 10977 0 5 11057
326 0 5 0 10950 10955
327 0 0 0 10915 10915
328 0 25 3 10843 10871
329 2 11013 0 11 11026
330 10925 0 5 7 10937
331 6 0 10794 0 10800
332 10793 0 1 0 10794
333 10682 0 5 0 10687
334 10666 0 5 0 10671
335 14 0 10507 1 10522
336 5 10441 0 2 10448
337 10438 1 5 1 10445
338 1 10442 0 0 10443
339 12 3 0 10198 10213
340 116 10187 0 2 10305
341 0 10402 0 3 10405
342 0 6 0 10376 10382
343 10355 2 0 0 10357
344 10368 0 0 0 10368
345 1 1 0 10287 10289
346 0 3 0 10297 10300
347 10356 6 2 0 10364
348 3 0 10078 0 10081
349 0 10065 0 1 10066
350 0 10081 0 49 10130
351 3 10211 0 1 10215
352 0 7 0 10148 10155
353 0 10264 0 7 10271
354 10282 2 0 2 10286
355 0 5 0 10282 10287
356 10261 1 1 0 10263
357 3 0 10214 0 10217
358 10094 0 0 1 10095
359 0 0 1 10137 10138
360 0 3 1 10126 10130
361 0 10139 0 8 10147
362 1 0 10094 0 10095
363 3 0 10136 0 10139
364 10090 0 23 26 10139
365 0 1 10145 1 10147
366 10216 2 3 0 10221
367 10200 0 0 0 10200
368 10199 4 3 1 10207
369 186 10068 0 28 10282
370 0 10299 0 0 10299
371 10318 0 2 0 10320
372 10250 1 0 0 10251
373 10250 1 3 0 10254
374 6 0 10269 0 10275
375 0 0 10250 0 10250
376 10359 1 2 0 10362
377 10342 1 0 0 10343
378 10340 1 0 0 10341
379 1 10296 0 28 10325
380 3 1 1 10194 10199
381 2 10273 0 0 10275
382 10359 1 0 0 10360
383 1 0 10040 1 10042
384 0 10108 0 12 10120
385 2 2 0 9951 9955
386 0 9981 0 0 9981
387 0 10006 0 1 10007
388 1 10133 0 0 10134
389 0 5 0 10043 10048
390 0 4 0 10088 10092
391 9 0 10073 0 10082
392 9900 0 2 4 9906
393 0 5 1 10038 10044
394 10046 0 0 0 10046
395 9769 0 217 5 9991
396 0 4 1 10026 10031
397 9967 0 1 2 9970
398 9931 1 0 1 9933
399 0 0 9902 2 9904
400 3 0 9768 0 9771
401 0 0 9684 0 9684
402 9727 0 2 2 9731
403 9653 0 2 0 9655
404 72 9588 1 4 9665
405 1 9702 0 19 9722
406 0 7 0 9721 9728
407 1 1 1 9678 9681
408 0 0 0 9725 9725
409 0 9 1 9736 9746
410 323 5 9298 1 9627
411 0 0 0 9500 9500
412 0 16 0 9600 9616
413 3 0 9498 0 9501
414 1 9408 0 3 9412
415 0 0 0 9525 9525
416 0 0 0 9627 9627
417 0 0 9544 0 9544
418 2 9 1 9322 9334
419 2 0 9394 0 9396
420 0 0 9356 0 9356
421 9331 0 50 3 9384
422 11 9402 0 0 9413
423 1 9514 0 1 9516
424 9676 0 0 1 9677
425 9690 0 0 0 9690
426 9671 0 8 1 9680
427 0 1 0 9714 9715
428 2 0 9726 0 9728
429 9753 0 0 0 9753
430 9712 0 0 0 9712
431 2 0 0 9724 9726
432 4 0 9658 1 9663
433 0 9827 0 2 9829
434 10323 0 2 1 10326
435 10336 0 5 0 10341
436 10293 0 0 0 10293
437 8 10212 0 1 10221
438 10005 3 0 8 10016
439 0 11010 0 0 11010
440 0 7 0 11137 11144
441 0 7 0 11217 11224
442 1 1 0 11282 11284
443 2 0 11184 3 11189
444 2 11328 0 0 11330
445 27 7 0 11377 11411
446 0 3 0 11406 11409
447 2 0 0 11435 11437
448 11438 0 1 0 11439
449 11241 0 1 0 11242
450 0 11155 0 4 11159
451 0 11000 2 6 11008
452 0 11103 0 2 11105
453 11080 0 2 0 11082
454 0 9 0 10933 10942
455 0 2 1 11062 11065
456 11056 0 5 0 11061
457 1 0 0 11003 11004
458 5 0 10805 0 10810
459 1 10827 0 29 10857
460 10899 0 1 1 10901
461 0 0 10872 0 10872
462 11 10652 0 1 10664
463 0 10733 0 2 10735
464 1 10822 0 0 10823
465 10892 0 0 0 10892
466 10702 0 0 1 10703
467 0 10759 3 1 10763
468 0 10806 0 0 10806
469 10791 0 5 2 10798
470 3 1 10847 0 10851
471 0 2 10824 2 10828
472 33 0 10637 0 10670
473 33 0 10666 0 10699
474 0 0 10729 0 10729
475 10649 1 1 1 10652
476 0 1 0 10855 10856
477 10862 0 0 2 10864
478 0 10964 0 3 10967
479 0 2 0 11035 11037
480 10989 0 4 2 10995
481 3 10807 0 245 11055
482 11071 0 0 1 11072
483 11094 0 0 5 11099
484 0 6 0 11059 11065
485 0 0 11046 1 11047
486 3 0 10869 0 10872
487 11014 0 3 0 11017
488 11005 0 2 4 11011
489 0 10973 0 0 10973
490 11003 0 10 0 11013
491 10932 7 3 3 10945
492 2 0 10983 0 10985
493 10957 1 6 0 10964
494 1 0 10901 4 10906
495 1 0 10729 1 10731
496 10597 0 242 3 10842
497 1 0 10786 0 10787
498 10917 0 1 1 10919
499 0 11132 0 1 11133
500 11297 0 2 1 11300
501 0 0 11234 5 11239
502 11341 0 1 1 11343
503 11382 0 0 0 11382
504 11364 0 1 1 11366
505 0 11401 0 3 11404
506 11490 0 0 1 11491
507 11368 0 8 0 11376
508 6 0 11266 0 11272
509 0 11308 1 2 11311
510 0 8 0 11428 11436
511 203 5 11224 1 11433
512 11327 3 62 6 11398
513 0 0 11543 0 11543
514 16 0 11369 1 11386
515 0 11502 0 1 11503
516 11656 0 2 2 11660
517 0 32 2 11698 11732
518 0 11864 0 5 11869
519 1 5 0 11936 11942
520 12030 0 1 0 12031
521 11890 0 160 1 12051
522 1 12 1 12292 12306
523 0 1 1 12243 12245
524 1 4 0 12178 12183
525 7 12286 0 7 12300
526 12333 0 2 4 12339
527 1 0 12859 0 12860
528 0 2 1 12655 12658
529 0 12815 1 3 12819
530 12936 0 12 2 12950
531 12932 0 0 0 12932
532 12804 0 0 12 12816
533 1 0 0 12888 12889
534 0 0 0 12823 12823
535 1 0 12731 8 12740
536 5 0 12660 5 12670
537 26 3 12624 2 12655
538 10 12726 0 74 12810
539 13068 1 3 0 13072
540 12992 0 5 0 12997
541 13030 0 1 0 13031
542 12961 1 1 0 12963
543 1 11 0 12836 12848
544 6 12801 0 3 12810
545 0 12732 0 38 12770
546 0 12875 0 1 12876
547 12932 0 0 0 12932
548 12845 0 2 0 12847
549 1 12949 0 0 12950
550 12942 0 5 0 12947
551 4 0 12937 0 12941
552 1 0 1 12463 12465
553 12833 0 0 1 12834
554 3 0 12795 5 12803
555 12891 0 16 0 12907
556 54 0 12657 3 12714
557 12900 0 1 0 12901
558 12876 0 0 1 12877
559 0 12846 1 7 12854
560 0 2 10 12654 12666
561 0 12860 0 2 12862
562 1 12896 4 2 12903
563 13029 0 4 0 13033
564 0 0 1 12944 12945
565 0 1 0 12967 12968
566 1 1 0 12886 12888
567 0 0 0 12821 12821
568 4 12824 0 14 12842
569 2 12915 0 1 12918
570 12728 4 1 1 12734
571 0 12822 7 18 12847
572 12906 0 4 0 12910
573 1 0 0 12795 12796
574 12 3 12841 0 12856
575 8 0 12702 1 12711
576 4 12755 0 5 12764
577 12818 0 6 1 12825
578 1 0 12787 5 12793
579 2 12727 0 0 12729
580 12894 0 1 0 12895
581 0 0 0 12840 12840
582 0 0 12803 0 12803
583 12 0 12435 0 12447
584 12599 6 13 14 12632
585 2 0 12689 1 12692
586 1 12703 0 10 12714
587 3 1 12766 1 12771
588 2 0 12678 3 12683
589 2 0 12673 11 12686
590 1 2 4 12481 12488
591 3 12619 3 1 12626
592 6 12844 0 2 12852
593 11 0 12681 1 12693
594 0 12710 0 0 12710
595 12 0 11838 937 12787
596 0 2 0 12443 12445
597 7 0 12636 1 12644
598 1 12577 0 48 12626
599 68 12718 0 1 12787
600 12876 0 2 1 12879
601 0 0 1 12927 12928
602 0 0 12923 1 12924
603 12732 2 1 1 12736
604 8 10 0 12855 12873
605 5 0 12842 1 12848
606 0 0 12855 0 12855
607 0 1 0 12587 12588
608 12777 0 107 0 12884
609 12919 0 2 0 12921
610 2 0 12870 0 12872
611 2 0 12816 2 12820
612 12763 0 0 1 12764
613 12820 0 2 0 12822
614 0 1 0 12783 12784
615 7 0 12762 0 12769
616 13 0 12726 0 12739
617 12706 1 11 1 12719
618 0 12738 0 12 12750
619 12776 0 2 0 12778
620 1 1 0 12766 12768
621 12790 6 0 3 12799
622 2 5 16 12700 12723
623 12859 13 1 6 12879
624 2 14 1 12510 12527
625 0 12922 0 3 12925
626 1 0 13043 0 13044
627 5 0 12905 0 12910
628 12553 0 18 1 12572
629 5 0 12905 0 12910
630 0 0 1 12585 12586
631 0 4 0 12781 12785
632 4 0 12850 1 12855
633 12709 2 6 9 12726
634 4 40 1 12710 12755
635 1 1 12675 0 12677
636 0 6 12567 0 12573
637 1 12480 0 7 12488
638 0 12541 0 1 12542
639 3 12796 0 6 12805
640 3 23 0 12848 12874
641 3 0 12857 0 12860
642 12833 0 0 2 12835
643 10 13165 0 2 13177
644 13280 0 1 0 13281
645 12905 0 2 1 12908
646 0 0 0 13334 13334
647 13541 0 2 8 13551
648 13524 0 12 0 13536
649 1 15 0 13425 13441
650 3 0 13360 0 13363
651 0 13384 0 5 13389
652 13444 0 0 0 13444
653 1 2 0 13381 13384
654 0 5 0 13467 13472
655 67 4 13260 3 13334
656 4 13627 0 0 13631
657 1 3 4 13638 13646
658 0 13595 0 6 13601
659 13717 0 16 1 13734
660 13656 0 5 0 13661
661 13632 0 0 0 13632
662 0 0 13813 0 13813
663 5 0 0 13218 13223
664 13727 0 3 0 13730
665 13739 0 2 0 13741
666 13700 0 2 0 13702
667 13569 0 4 0 13573
668 0 1 0 13442 13443
669 13365 5 1 2 13373
670 0 5 0 13361 13366
671 2 1 13314 0 13317
672 0 0 13215 4 13219
673 12955 0 0 3 12958
674 3 0 13033 0 13036
675 13076 0 0 0 13076
676 13024 1 2 0 13027
677 7 0 12980 0 12987
678 0 12417 0 3 12420
679 12553 0 1 2 12556
680 0 0 0 12366 12366
681 12368 3 0 0 12371
682 0 0 0 12241 12241
683 12093 0 28 0 12121
684 18 12219 2 2 12241
685 0 6 2 12205 12213
686 4 0 12117 2 12123
687 12059 0 7 1 12067
688 0 12093 0 0 12093
689 11925 1 1 0 11927
690 0 11847 0 7 11854
691 11843 0 1 6 11850
692 0 7 2 11799 11808
693 11592 0 2 1 11595
694 0 11862 0 8 11870
695 5 11838 0 11 11854
696 11836 0 1 1 11838
697 0 0 1 11642 11643
698 2 8 0 11680 11690
699 0 11682 0 10 11692
700 0 11686 0 59 11745
701 0 0 10 11697 11707
702 11735 0 3 2 11740
703 1 2 0 11603 11606
704 8 0 11551 0 11559
705 5 11603 0 3 11611
706 11615 0 10 0 11625
707 11569 1 4 0 11574
708 11549 0 1 2 11552
709 554 11070 0 1 11625
710 11683 0 0 0 11683
711 11606 0 0 3 11609
712 1 11546 0 6 11553
713 11519 0 0 0 11519
714 0 131 0 11130 11261
715 2 11456 0 14 11472
716 0 11512 0 0 11512
717 0 1 0 11494 11495
718 11593 1 6 0 11600
719 11580 0 0 0 11580
720 4 0 11423 2 11429
721 11443 1 3 0 11447
722 11419 0 1 0 11420
723 2 11372 0 1 11375
724 11375 0 2 0 11377
725 0 11434 2 2 11438
726 11540 0 2 0 11542
727 11470 0 1 0 11471
728 0 0 11362 3 11365
729 11358 0 1 0 11359
730 11341 0 0 2 11343
731 11328 2 0 3 11333
732 10 0 11217 0 11227
733 1 1 0 10625 10627
734 4 0 10958 0 10962
735 0 10931 0 11 10942
736 12 11064 0 1 11077
737 2 5 0 11038 11045
738 3 1 11044 0 11048
739 2 10997 0 5 11004
740 11066 0 0 4 11070
741 11047 0 1 2 11050
742 0 3 0 10972 10975
743 0 1 0 11015 11016
744 6 0 10866 0 10872
745 1 10821 1 7 10830
746 10746 2 1 1 10750
747 0 5 0 10650 10655
748 629 9813 0 368 10810
749 14 7 10727 0 10748
750 105 0 10529 0 10634
751 38 0 10496 2 10536
752 2 0 10799 3 10804
753 2 3 10843 0 10848
754 10872 0 15 0 10887
755 10999 0 0 0 10999
756 11033 0 0 14 11047
757 2 3 0 10969 10974
758 0 1 0 11064 11065
759 2 0 10975 0 10977
760 0 0 0 10843 10843
761 0 1 0 10933 10934
762 10971 0 0 0 10971
763 0 0 0 10842 10842
764 0 10799 0 10 10809
765 1 1 2 10887 10891
766 10691 248 0 0 10939
767 10844 0 2 0 10846
768 0 8 0 10830 10838
769 0 0 10790 4 10794
770 10791 1 33 0 10825
771 0 2 0 10777 10779
772 10835 1 8 1 10845
773 10692 0 1 2 10695
774 2 10665 0 14 10681
775 0 1 0 10727 10728
776 1 0 10653 0 10654
777 10456 0 1 0 10457
778 0 5 0 10552 10557
779 74 0 10461 0 10535
780 0 2 10420 0 10422
781 2 10455 4 1 10462
782 0 11 0 10378 10389
783 0 10525 1 1 10527
784 10590 0 9 0 10599
785 0 0 10500 0 10500
786 1 10412 0 0 10413
787 0 62 0 10438 10500
788 1 0 0 10400 10401
789 5 10404 0 11 10420
790 10398 0 4 1 10403
791 2 1 10321 1 10325
792 14 0 10191 1 10206
793 2 0 1 9629 9632
794 10 0 10038 0 10048
795 1 5 0 10050 10056
796 0 4 0 10148 10152
797 10174 0 1 0 10175
798 0 0 10198 0 10198
799 0 1 0 9931 9932
800 61 0 10048 0 10109
801 10123 0 3 0 10126
802 10085 0 13 3 10101
803 0 0 1 10118 10119
804 3 0 10083 0 10086
805 0 10120 1 3 10124
806 10152 1 3 0 10156
807 0 0 10221 9 10230
808 10163 0 0 0 10163
809 1 0 0 10060 10061
810 0 1 0 10087 10088
811 1 0 0 10048 10049
812 5 10027 0 1 10033
813 1 1 1 10108 10111
814 1 5 0 10172 10178
815 10135 0 1 0 10136
816 9967 0 1 5 9973
817 28 1 9957 9 9995
818 9863 0 1 1 9865
819 0 0 1 9699 9700
820 0 0 1 9734 9735
821 0 9763 0 1 9764
822 12 1 9742 1 9756
823 9487 2 2 2 9493
824 3 0 9570 0 9573
825 9321 0 3 0 9324
826 5 0 9285 0 9290
827 2 0 9106 2 9110
828 1 0 9132 1 9134
829 0 9053 0 10 9063
830 1 9079 3 4 9087
831 4 0 9171 4 9179
832 8874 2 3 2 8881
833 8928 1 1 1 8931
834 0 0 0 9055 9055
835 8982 0 0 0 8982
836 8879 36 0 0 8915
837 0 1 0 8871 8872
838 8773 1 2 0 8776
839 8740 0 1 1 8742
840 8693 0 1 0 8694
841 8730 0 6 0 8736
842 1 1 8656 0 8658
843 8641 0 3 0 8644
844 8655 0 1 0 8656
845 8634 0 1 0 8635
846 0 0 0 8506 8506
847 8542 2 0 1 8545
848 0 1 0 8412 8413
849 3 0 0 8415 8418
850 0 193 0 8191 8384
851 0 8290 1 0 8291
852 1 8243 0 0 8244
853 8263 0 1 4 8268
854 8211 0 0 0 8211
855 4 8215 0 4 8223
856 8167 2 4 0 8173
857 0 0 8158 0 8158
858 5 0 8054 0 8059
859 8116 0 4 0 8120
860 8170 0 2 3 8175
861 0 0 8039 0 8039
862 8036 0 2 0 8038
863 2 0 8041 0 8043
864 1 1 0 7762 7764
865 7975 0 15 0 7990
866 7928 0 0 0 7928
867 7883 0 1 0 7884
868 7794 3 0 0 7797
869 1 7706 1 0 7708
870 7513 0 0 0 7513
871 0 7473 0 1 7474
872 7402 4 0 2 7408
873 1 7478 0 0 7479
874 1 2 1 7492 7496
875 1 0 7514 0 7515
876 7392 0 4 0 7396
877 26 0 7465 1 7492
878 0 8 7429 0 7437
879 7414 0 0 0 7414
880 7436 0 1 3 7440
881 0 5 0 7354 7359
882 4 0 7375 0 7379
883 1 7209 2 69 7281
884 7375 0 0 1 7376
885 1 7343 1 2 7347
886 7357 1 0 6 7364
887 0 9 12 7379 7400
888 1 1 7370 0 7372
889 1 7410 0 14 7425
890 0 0 7495 3 7498
891 1 0 7406 0 7407
892 7323 0 13 1 7337
893 5 2 1 7385 7393
894 0 1 0 7382 7383
895 2 2 0 7438 7442
896 1 2 7338 2 7343
897 0 7258 0 14 7272
898 0 7349 1 64 7414
899 7384 0 12 0 7396
900 4 0 7367 0 7371
901 8 7300 0 6 7314
902 7453 0 1 0 7454
903 7493 1 0 0 7494
904 1 5 0 7497 7503
905 7521 0 0 0 7521
906 7332 0 179 0 7511
907 7447 0 0 0 7447
908 7357 2 2 0 7361
909 2 7380 0 35 7417
910 1 7379 0 10 7390
911 7519 0 1 1 7521
912 0 0 0 7500 7500
913 7541 0 0 67 7608
914 3 0 7491 0 7494
915 7560 0 0 1 7561
916 7595 0 10 0 7605
917 3 1 0 7526 7530
918 0 0 7535 3 7538
919 0 6 0 7366 7372
920 29 0 7463 0 7492
921 2 7402 0 11 7415
922 1 7476 1 3 7481
923 1 4 0 7621 7626
924 0 0 7645 0 7645
925 0 4 1 7529 7534
926 7662 0 2 9 7673
927 1 1 7637 4 7643
928 7668 0 0 1 7669
929 3 0 7657 1 7661
930 7690 0 0 1 7691
931 0 7721 0 1 7722
932 7801 0 0 0 7801
933 7731 0 7 0 7738
934 2 7795 0 6 7803
935 7847 0 2 4 7853
936 10 0 7838 0 7848
937 1 0 7827 0 7828
938 2 2 0 7509 7513
939 7816 0 0 0 7816
940 2 7847 0 1 7850
941 7881 0 0 0 7881
942 1 7906 0 1 7908
943 7945 0 0 0 7945
944 4 0 7859 0 7863
945 0 7909 0 2 7911
946 8031 0 0 6 8037
947 8076 0 0 0 8076
948 8065 0 0 0 8065
949 8094 0 0 0 8094
950 8040 1 2 2 8045
951 5 0 7941 4 7950
952 7024 0 722 0 7746
953 0 7900 0 0 7900
954 0 8064 0 1 8065
955 0 13 0 7975 7988
956 5 1 0 8027 8033
957 1 0 1 8051 8053
958 0 0 1 8169 8170
959 2 2 8192 0 8196
960 1 2 1 8073 8077
961 2 8148 0 6 8156
962 8186 0 5 1 8192
963 8195 1 5 3 8204
964 8188 0 0 0 8188
965 0 0 2 8190 8192
966 0 0 0 8300 8300
967 8258 0 2 5 8265
968 8260 0 2 0 8262
969 8206 0 0 0 8206
970 4 8197 0 38 8239
971 15 0 8211 0 8226
972 0 0 3 7808 7811
973 5 0 8122 2 8129
974 4 0 8168 0 8172
975 4431 0 3684 0 8115
976 23 0 8182 0 8205
977 8182 2 11 0 8195
978 0 8409 0 1 8410
979 0 3 0 8497 8500
980 0 0 8556 0 8556
981 8517 0 1 2 8520
982 0 2 0 8491 8493
983 8552 0 0 0 8552
984 26 8524 0 2 8552
985 8613 0 0 1 8614
986 5 0 8832 1 8838
987 0 9315 0 1 9316
988 9376 0 0 0 9376
989 4 0 9380 1 9385
990 9375 0 3 0 9378
991 9458 0 2 0 9460
992 9799 0 1 3 9803
993 0 2 0 9978 9980
994 10036 0 0 0 10036
995 9948 0 1 0 9949
996 22 0 10064 0 10086
997 9942 0 1 1 9944
998 2 1 0 9983 9986
999 0 2 1 10098 10101
1000 1 0 9996 0 9997
1001 9852 1 0 1 9854
1002 1 0 1 9966 9968
1003 3 0 10001 0 10004
1004 0 2 2 9772 9776
1005 1 0 9873 0 9874
1006 3 9940 0 2 9945
1007 10041 1 3 3 10048
1008 3 10035 0 1 10039
1009 10087 0 2 3 10092
1010 1 0 10136 4 10141
1011 10032 0 2 1 10035
1012 3 1 0 10128 10132
1013 9901 0 3 1 9905
1014 1 10344 0 1 10346
1015 0 2 0 10352 10354
1016 0 1 1 10506 10508
1017 10548 1 1 1 10551
1018 0 2 0 10578 10580
1019 0 2 0 10604 10606
1020 0 1 0 10721 10722
1021 4 0 10646 1 10651
1022 9 0 10514 0 10523
1023 10475 0 2 1 10478
1024 1 10471 0 9 10481
1025 10225 0 0 1 10226
1026 5 10564 1 2 10572
1027 6 10519 0 1 10526
1028 5 10569 0 0 10574
1029 15 10607 0 3 10625
1030 1 10695 0 5 10701
1031 10724 0 3 0 10727
1032 0 0 10729 0 10729
1033 10590 0 1 0 10591
1034 0 10617 0 0 10617
1035 0 10742 0 0 10742
1036 10905 0 1 0 10906
1037 10775 0 10 0 10785
1038 10761 0 5 1 10767
1039 0 2 0 10842 10844
1040 1 0 10832 0 10833
1041 10722 0 0 2 10724
1042 5 2 2 10858 10867
1043 1 0 10876 0 10877
1044 0 0 10812 1 10813
1045 10718 0 2 18 10738
1046 10785 0 5 0 10790
1047 0 0 10799 0 10799
1048 2 10810 0 1 10813
1049 10949 0 0 2 10951
1050 0 5 0 10994 10999
1051 11013 0 1 0 11014
1052 10953 0 2 2 10957
1053 2 10950 0 11 10963
1054 11004 5 6 3 11018
1055 0 0 10961 1 10962
1056 1 0 10901 0 10902
1057 2 10727 0 14 10743
1058 0 10761 1 1 10763
1059 3 10987 0 1 10991
1060 3 7 4 11119 11133
1061 2 11 1 11335 11349
1062 1 4 11371 1 11377
1063 0 2 0 11239 11241
1064 8 0 11354 2 11364
1065 11288 1 6 3 11298
1066 11368 0 1 1 11370
1067 0 0 2 11458 11460
1068 10 11535 0 1 11546
1069 1 4 1 11617 11623
1070 6 0 11592 1 11599
1071 11344 0 2 2 11348
1072 0 7 1 11503 11511
1073 14 0 11554 0 11568
1074 2 0 11445 7 11454
1075 2 2 11463 0 11467
1076 5 0 11502 11 11518
1077 11449 0 3 0 11452
1078 6 11491 3 1 11501
1079 11644 0 3 1 11648
1080 11510 2 139 3 11654
1081 11639 2 2 1 11644
1082 2 0 11759 4 11765
1083 0 0 11712 0 11712
1084 1 0 11668 1 11670
1085 11368 0 2 4 11374
1086 7 0 11700 1 11708
1087 7 5 1 11165 11178
1088 2 0 11627 0 11629
1089 8 0 11661 0 11669
1090 11669 2 9 3 11683
1091 3 0 11702 1 11706
1092 3 5 11566 0 11574
1093 0 11670 1 2 11673
1094 11824 0 1 0 11825
1095 0 8 0 11692 11700
1096 2 11791 0 3 11796
1097 11850 0 3 1 11854
1098 11843 0 0 0 11843
1099 5 0 11976 0 11981
1100 0 2 11942 2 11946
1101 2 0 11909 0 11911
1102 11941 0 13 1 11955
1103 0 0 12059 0 12059
1104 0 0 12189 1 12190
1105 12067 0 27 2 12096
1106 1 1 1 12247 12250
1107 0 0 1 12333 12334
1108 1 4 1 12461 12467
1109 1 1 12475 2 12479
1110 0 4 1 12275 12280
1111 0 4 1 12273 12278
1112 1 12278 0 1 12280
1113 12275 1 0 3 12279
1114 1 4 3 12365 12373
1115 6 12468 0 0 12474
1116 12617 0 7 0 12624
1117 12557 0 1 2 12560
1118 12485 14 3 3 12505
1119 1 0 12601 0 12602
1120 12450 0 1 0 12451
1121 12551 0 0 0 12551
1122 0 1 2 12524 12527
1123 23 0 12461 4 12488
1124 12490 0 3 1 12494
1125 12456 1 0 1 12458
1126 12333 1 0 0 12334
1127 0 73 2 12084 12159
1128 1 12177 0 0 12178
1129 2 12149 0 1 12152
1130 12189 0 1 0 12190
1131 11976 0 1 0 11977
1132 10 0 12168 0 12178
1133 11909 0 0 0 11909
1134 0 1 1 11942 11944
1135 0 17 1 12078 12096
1136 0 0 12110 0 12110
1137 10 0 11982 0 11992
1138 11784 1 5 0 11790
1139 11841 0 11 0 11852
1140 0 0 11912 3 11915
1141 0 0 11861 0 11861
1142 2 3 3 10918 10926
1143 2 0 11615 3 11620
1144 4 0 11705 2 11711
1145 1 5 0 11239 11245
1146 11506 0 0 0 11506
1147 3 11658 0 1 11662
1148 2 5 0 11766 11773
1149 0 11811 0 1 11812
1150 0 2 1 11751 11754
1151 1 11838 0 5 11844
1152 6 0 11937 0 11943
1153 11749 1 1 0 11751
1154 11887 1 0 0 11888
1155 0 12047 0 3 12050
1156 446 0 11551 1 11998
1157 11350 1 510 0 11861
1158 0 2 0 11970 11972
1159 4 1 12041 0 12046
1160 2 12 4 11876 11894
1161 6 11958 0 3 11967
1162 0 18 0 12139 12157
1163 12134 0 0 0 12134
1164 12007 0 15 1 12023
1165 11939 0 2 0 11941
1166 11770 2 2 0 11774
1167 4 11905 0 2 11911
1168 0 0 3 11841 11844
1169 192 0 11684 3 11879
1170 675 0 11029 1 11705
1171 11426 0 3 0 11429
1172 11524 0 1 0 11525
1173 0 0 11686 0 11686
1174 0 0 11674 2 11676
1175 11383 27 0 4 11414
1176 0 1 0 11642 11643
1177 5 0 11682 2 11689
1178 4 0 11558 2 11564
1179 7 0 11555 0 11562
1180 1 0 11500 2 11503
1181 11435 0 1 0 11436
1182 1 0 0 11359 11360
1183 0 2 11471 0 11473
1184 3 0 11510 4 11517
1185 952 0 10531 0 11483
1186 11330 0 2 1 11333
1187 0 11437 0 0 11437
1188 0 2 0 11580 11582
1189 5 0 11618 0 11623
1190 1 2 2 11412 11417
1191 11529 0 1 0 11530
1192 1 0 0 11590 11591
1193 1 0 11579 6 11586
1194 0 42 13 11350 11405
1195 12 11391 0 0 11403
1196 11531 0 8 0 11539
1197 11408 0 6 1 11415
1198 15 6 11516 1 11538
1199 0 1 0 11164 11165
1200 11418 0 3 0 11421
1201 0 12 0 11496 11508
1202 10 0 11531 0 11541
1203 8 0 11487 1 11496
1204 2 0 0 11160 11162
1205 0 0 11484 1 11485
1206 4 1 11464 2 11471
1207 11369 0 2 0 11371
1208 13 0 11360 0 11373
1209 11255 0 10 0 11265
1210 0 11252 0 1 11253
1211 3 11199 0 1 11203
1212 1 11335 0 0 11336
1213 11446 1 1 0 11448
1214 3 4 1 11298 11306
1215 2 0 11265 0 11267
1216 4 0 11166 0 11170
1217 5 0 11026 0 11031
1218 3 11151 0 0 11154
1219 9 89 0 11195 11293
1220 10 0 11333 1 11344
1221 11183 0 1 0 11184
1222 5 11245 0 15 11265
1223 11188 0 10 0 11198
1224 4 0 11297 0 11301
1225 0 3 1 10796 10800
1226 1 0 11022 6 11029
1227 10986 0 0 0 10986
1228 0 3 2 10964 10969
1229 10 0 10882 0 10892
1230 2 10700 0 1 10703
1231 1 10727 0 1 10729
1232 2 10863 0 3 10868
1233 4 7 2 10956 10969
1234 10816 1 2 0 10819
1235 1 0 10840 10 10851
1236 5 10699 0 15 10719
1237 0 19 0 10875 10894
1238 0 0 0 10863 10863
1239 0 1 0 10845 10846
1240 0 48 2 10833 10883
1241 10670 1 2 0 10673
1242 18 0 10756 7 10781
1243 0 3 0 10396 10399
1244 0 0 10814 0 10814
1245 4 1 10757 5 10767
1246 10444 1 13 0 10458
1247 378 0 10397 0 10775
1248 0 1 0 10500 10501
1249 10744 0 0 0 10744
1250 10762 1 1 0 10764
1251 0 0 0 10792 10792
1252 20 0 10728 3 10751
1253 6 0 10843 2 10851
1254 0 0 1 10500 10501
1255 0 4 1 10776 10781
1256 1 2 1 10753 10757
1257 2 10770 0 1 10773
1258 10911 0 9 0 10920
1259 10877 0 1 5 10883
1260 1 1 0 10860 10862
1261 58 0 10861 0 10919
1262 3609 0 7269 0 10878
1263 10976 0 1 5 10982
1264 11058 1 0 1 11060
1265 1 0 10949 0 10950
1266 10879 1 0 0 10880
1267 10651 2 1 0 10654
1268 1 10698 1 1 10701
1269 1 10817 0 0 10818
1270 0 35 0 10880 10915
1271 8 0 10886 0 10894
1272 0 0 10916 1 10917
1273 0 0 0 10704 10704
1274 0 0 0 10844 10844
1275 1 0 10848 0 10849
1276 3 0 10807 0 10810
1277 1 1 2 10499 10503
1278 10756 0 0 0 10756
1279 1 4 1 10794 10800
1280 0 1 0 10694 10695
1281 0 10541 0 3 10544
1282 0 10747 0 8 10755
1283 1 10 0 10899 10910
1284 1 2 1 10943 10947
1285 2 21 0 11027 11050
1286 0 1 10930 0 10931
1287 0 0 10774 0 10774
1288 24 10711 0 2 10737
1289 0 2 1 10791 10794
1290 1 0 1 10819 10821
1291 1 10795 0 6 10802
1292 2 0 10963 4 10969
1293 10821 1 1 0 10823
1294 10906 0 2 0 10908
1295 10964 1 1 4 10970
1296 1 0 1 11015 11017
1297 11056 0 6 0 11062
1298 11070 1 0 0 11071
1299 10982 1 11 0 10994
1300 10949 2 3 1 10955
1301 0 0 10900 6 10906
1302 10810 0 1 0 10811
1303 0 3 0 10919 10922
1304 10950 0 6 0 10956
1305 10934 0 0 7 10941
1306 424 0 10464 0 10888
1307 10825 0 3 0 10828
1308 10862 1 1 0 10864
1309 10773 0 3 0 10776
1310 1 0 8 10633 10642
1311 0 0 10783 0 10783
1312 0 9684 0 912 10596
1313 0 0 10793 1 10794
1314 10648 0 1 3 10652
1315 0 0 0 10696 10696
1316 0 0 10667 2 10669
1317 0 1 0 10479 10480
1318 1 10459 0 3 10463
1319 2 10348 0 0 10350
1320 2 10360 0 0 10362
1321 1 10280 0 6 10287
1322 4 1 3 10390 10398
1323 0 0 10436 9 10445
1324 0 1 0 10257 10258
1325 10307 0 23 0 10330
1326 0 0 0 10342 10342
1327 0 2 0 10469 10471
1328 0 0 10440 0 10440
1329 0 0 10433 3 10436
1330 2 0 10416 1 10419
1331 10183 1 1 1 10186
1332 1 3 1 10460 10465
1333 10473 0 2 0 10475
1334 2 0 10532 0 10534
1335 10304 0 4 4 10312
1336 0 0 10552 0 10552
1337 10464 0 0 0 10464
1338 1 0 1 10505 10507
1339 0 0 10474 0 10474
1340 1 0 10458 0 10459
1341 1 1 0 10258 10260
1342 10242 0 119 0 10361
1343 1 10396 0 3 10400
1344 10493 1 2 0 10496
1345 0 0 0 10517 10517
1346 4 0 10511 3 10518
1347 10382 0 1 2 10385
1348 0 59 0 10409 10468
1349 1 0 10442 3 10446
1350 9 2 10422 0 10433
1351 5 2 0 10012 10019
1352 1 0 10319 2 10322
1353 7 0 10343 2 10352
1354 10426 0 13 0 10439
1355 10478 0 0 1 10479
1356 10462 0 9 0 10471
1357 10519 0 1 0 10520
1358 3 30 10446 0 10479
1359 10268 0 46 0 10314
1360 0 0 10379 0 10379
1361 10178 0 0 0 10178
1362 1 10321 7 1 10330
1363 2 6 1 10261 10270
1364 1 3 3 10298 10305
1365 6 0 10257 3 10266
1366 6 0 10157 4 10167
1367 0 10080 0 3 10083
1368 9992 0 3 0 9995
1369 0 9832 0 12 9844
1370 21 2 1 9774 9798
1371 1 9850 0 2 9853
1372 9834 23 5 1 9863
1373 4 1 9874 1 9880
1374 1 9751 0 4 9756
1375 9780 0 2 0 9782
1376 3 0 9787 1 9791
1377 2 9698 0 1 9701
1378 9812 0 1 2 9815
1379 9723 0 3 1 9727
1380 6 9779 0 0 9785
1381 9733 0 0 0 9733
1382 1 0 9711 1 9713
1383 0 9507 0 5 9512
1384 2 9506 0 40 9548
1385 9640 0 4 3 9647
1386 0 0 0 9618 9618
1387 0 1 0 9617 9618
1388 0 0 1 9660 9661
1389 9536 0 2 0 9538
1390 2 9600 0 0 9602
1391 11 4 1 9570 9586
1392 7 0 9608 0 9615
1393 0 0 0 9469 9469
1394 1 0 0 9509 9510
1395 1 0 0 9549 9550
1396 9527 0 3 0 9530
1397 9442 0 1 1 9444
1398 0 1 0 9420 9421
1399 14 0 9366 1 9381
1400 0 0 9293 0 9293
1401 8 0 9173 0 9181
1402 0 9038 0 3 9041
1403 3 1 0 9190 9194
1404 0 9218 2 0 9220
1405 9359 0 3 0 9362
1406 6 1 9263 4 9274
1407 0 0 9207 0 9207
1408 9107 0 7 1 9115
1409 0 9124 0 6 9130
1410 9147 0 22 10 9179
1411 7 0 9119 1 9127
1412 0 9018 2 0 9020
1413 0 2 1 9072 9075
1414 0 0 9093 0 9093
1415 235 8694 0 2 8931
1416 0 0 0 9092 9092
1417 44 0 9042 0 9086
1418 2 2 0 8907 8911
1419 0 0 9009 0 9009
1420 0 0 8863 0 8863
1421 482 0 8425 0 8907
1422 8880 0 1 0 8881
1423 5 8768 0 0 8773
1424 8757 0 1 0 8758
1425 0 8900 0 1 8901
1426 0 2 0 8816 8818
1427 1 0 8850 0 8851
1428 0 228 0 8492 8720
1429 6 8718 0 0 8724
1430 8611 20 1 0 8632
1431 4 8637 0 1 8642
1432 8656 0 7 1 8664
1433 1 0 8693 1 8695
1434 0 0 8612 2 8614
1435 0 2 0 8294 8296
1436 1 0 8543 0 8544
1437 0 8 0 8506 8514
1438 0 6 0 8566 8572
1439 15 1 8521 0 8537
1440 8439 0 1 1 8441
1441 0 8434 7 1 8442
1442 8357 0 1 0 8358
1443 0 7 0 8348 8355
1444 79 0 8181 0 8260
1445 1 0 8174 0 8175
1446 0 8025 0 3 8028
1447 0 0 0 8016 8016
1448 2 7915 0 146 8063
1449 0 1 0 8187 8188
1450 0 1 8149 0 8150
1451 0 4 0 8133 8137
1452 8030 0 2 0 8032
1453 7978 0 2 1 7981
1454 0 2 0 8083 8085
1455 5 0 8001 0 8006
1456 0 0 8003 0 8003
1457 7814 0 0 7 7821
1458 1 0 7913 0 7914
1459 0 0 7907 1 7908
1460 7777 0 1 0 7778
1461 0 0 7896 0 7896
1462 1 25 0 7678 7704
1463 1 1 7724 7 7733
1464 0 0 7678 1 7679
1465 1 2 0 7590 7593
1466 0 4 0 7676 7680
1467 7581 0 104 1 7686
1468 7580 0 0 0 7580
1469 0 0 7613 0 7613
1470 0 0 0 7296 7296
1471 0 7411 0 0 7411
1472 0 1 0 7406 7407
1473 0 0 7344 0 7344
1474 0 2 0 7258 7260
1475 0 1 0 7288 7289
1476 0 7146 0 23 7169
1477 0 0 0 7241 7241
1478 7200 0 0 0 7200
1479 7159 0 1 0 7160
1480 6814 1 2 0 6817
1481 0 6963 0 1 6964
1482 4 6784 0 2 6790
1483 3 6724 5 0 6732
1484 0 0 2 6696 6698
1485 0 0 0 6714 6714
1486 0 2 0 6753 6755
1487 1 0 6687 1 6689
1488 0 9 0 6623 6632
1489 2 1 1 6492 6496
1490 0 6478 0 0 6478
1491 47 6372 0 0 6419
1492 1 3 0 6329 6333
1493 8 0 6312 0 6320
1494 0 0 0 5987 5987
1495 1 1 0 5982 5984
1496 0 3 1 5936 5940
1497 0 1 0 5942 5943
1498 0 0 5833 0 5833
1499 0 0 1 5726 5727
1500 0 4 0 5715 5719
1501 0 3 0 5673 5676
1502 73 0 5457 0 5530
1503 5485 0 0 4 5489
1504 5372 0 6 1 5379
1505 4 5388 0 5 5397
1506 4909 0 3 3 4915
1507 4726 0 6 0 4732
1508 0 0 0 4639 4639
1509 0 2 0 4682 4684
1510 0 0 4527 7 4534
1511 0 1 1 4271 4273
1512 0 4284 0 20 4304
1513 1 4262 0 0 4263
1514 11 1 0 3937 3949
1515 0 1 0 3941 3942
1516 3846 0 0 0 3846
1517 0 3898 0 0 3898
1518 1 0 0 3846 3847
1519 3840 0 0 0 3840
1520 3756 0 0 0 3756
1521 3612 0 0 2 3614
1522 5 3692 0 3 3700
1523 0 0 0 3275 3275
1524 1 1 0 3248 3250
1525 3214 0 0 0 3214
1526 3128 0 0 0 3128
1527 0 10 0 3018 3028
1528 5 0 0 2753 2758
1529 0 0 2612 0 2612
1530 0 0 0 2533 2533
1531 0 0 0 2513 2513
1532 0 0 0 2472 2472
1533 0 1074 0 8 1082
1534 0 0 0 845 845
1535 3 0 798 0 801
1536 690 0 0 0 690
1537 668 0 4 0 672
1538 532 0 0 0 532
1539 485 0 0 0 485
1540 440 0 0 0 440
1541 0 0 0 402 402
1542 9 0 132 0 141
1543 0 77 0 0 77
1544 0 0 0 63 63
1545 0 60 0 0 60
1546 0 4 0 59 63
1547 0 0 0 47 47
1548 0 0 47 0 47
1549 0 0 0 48 48
1550 0 0 0 49 49
1551 44 0 0 0 44
1552 0 44 0 0 44
1553 0 0 0 43 43
1554 34 0 0 0 34
1555 0 35 0 0 35
1556 0 0 0 30 30
1557 0 0 0 0 0
