0 0 0 0 0 0
1 0 4 0 0 4
2 4 0 0 0 4
3 0 0 4 0 4
4 4 0 0 0 4
5 4 0 0 0 4
6 0 0 4 0 4
7 0 4 0 0 4
8 4 14 0 0 18
9 0 0 18 0 18
10 18 0 0 0 18
11 0 0 18 0 18
12 0 18 0 0 18
13 36 0 0 0 36
14 0 0 0 36 36
15 0 37 0 0 37
16 0 0 0 36 36
17 0 0 0 37 37
18 0 42 0 0 42
19 0 0 0 70 70
20 0 38 0 35 73
21 72 0 0 0 72
22 73 0 0 0 73
23 71 0 0 0 71
24 72 0 0 0 72
25 0 76 0 0 76
26 0 0 0 77 77
27 0 0 76 0 76
28 75 0 0 0 75
29 77 0 20 0 97
30 0 0 96 0 96
31 0 96 0 0 96
32 132 0 0 0 132
33 131 0 0 0 131
34 129 0 0 0 129
35 0 0 0 132 132
36 132 0 0 0 132
37 0 0 140 0 140
38 0 0 140 0 140
39 0 139 0 0 139
40 0 192 0 0 192
41 0 54 0 0 54
42 209 0 0 0 209
43 206 0 0 0 206
44 208 0 0 0 208
45 206 0 0 0 206
46 203 0 0 0 203
47 0 0 0 208 208
48 0 0 223 0 223
49 242 0 0 0 242
50 236 0 0 0 236
51 0 243 0 0 243
52 247 0 0 0 247
53 242 0 0 0 242
54 0 0 0 249 249
55 0 0 266 0 266
56 0 261 0 0 261
57 0 12 17 238 267
58 264 0 0 0 264
59 0 262 0 0 262
60 0 292 0 1 293
61 0 12 0 291 303
62 0 0 0 312 312
63 0 310 0 0 310
64 307 0 0 0 307
65 306 0 0 0 306
66 0 309 0 0 309
67 0 0 1 311 312
68 327 0 0 0 327
69 1 0 0 331 332
70 333 0 0 0 333
71 0 335 0 0 335
72 341 0 0 0 341
73 338 0 0 0 338
74 337 0 0 0 337
75 0 400 0 0 400
76 0 0 421 0 421
77 0 0 0 410 410
78 0 0 0 419 419
79 453 0 0 5 458
80 458 0 0 0 458
81 0 470 0 0 470
82 0 481 0 0 481
83 0 509 0 0 509
84 0 0 0 512 512
85 501 0 0 0 501
86 0 0 0 510 510
87 0 0 0 509 509
88 0 0 0 590 590
89 0 661 0 0 661
90 0 0 0 660 660
91 0 662 0 0 662
92 625 0 36 0 661
93 0 668 0 0 668
94 664 0 0 0 664
95 0 0 0 659 659
96 0 662 0 0 662
97 670 0 0 19 689
98 0 0 688 0 688
99 0 0 705 0 705
100 0 0 691 0 691
101 0 0 703 0 703
102 0 0 709 0 709
103 724 0 0 1 725
104 0 0 741 0 741
105 0 1 0 714 715
106 741 0 0 0 741
107 0 0 0 759 759
108 0 0 0 858 858
109 895 0 0 0 895
110 0 0 0 923 923
111 0 0 0 949 949
112 986 0 0 0 986
113 0 0 0 987 987
114 0 977 0 0 977
115 969 0 0 0 969
116 1 1008 0 0 1009
117 0 0 0 1032 1032
118 1034 0 1 0 1035
119 0 0 0 1083 1083
120 1075 0 0 0 1075
121 0 0 0 1084 1084
122 0 0 1103 1 1104
123 0 0 0 1218 1218
124 1 0 1362 0 1363
125 0 1 0 1439 1440
126 0 1481 0 0 1481
127 1508 0 6 0 1514
128 0 0 1537 0 1537
129 0 1475 0 85 1560
130 0 0 0 1646 1646
131 0 0 0 1689 1689
132 0 1697 0 1 1698
133 1695 1 0 0 1696
134 0 1 0 1684 1685
135 0 1 0 1694 1695
136 1681 0 0 0 1681
137 0 0 0 1683 1683
138 0 1716 0 0 1716
139 1699 0 0 0 1699
140 0 0 0 1704 1704
141 1697 0 0 0 1697
142 0 1721 0 0 1721
143 0 0 0 1722 1722
144 0 0 0 1726 1726
145 1712 0 0 1 1713
146 1 1775 0 0 1776
147 0 0 0 1767 1767
148 1772 0 0 0 1772
149 0 240 0 1530 1770
150 1759 0 1 11 1771
151 2 0 0 1779 1781
152 0 0 0 1846 1846
153 0 1904 0 19 1923
154 0 0 1939 0 1939
155 0 0 1937 0 1937
156 1905 0 19 1 1925
157 0 1 0 1999 2000
158 2026 0 0 0 2026
159 0 0 0 2062 2062
160 2055 0 0 0 2055
161 0 0 0 2044 2044
162 0 0 0 2050 2050
163 24 0 2009 0 2033
164 1 2206 0 0 2207
165 0 0 0 2242 2242
166 2268 0 1 0 2269
167 2250 0 0 0 2250
168 2249 0 0 0 2249
169 2238 1 0 0 2239
170 0 0 0 2239 2239
171 0 12 0 2238 2250
172 0 2262 0 0 2262
173 1 0 0 2264 2265
174 0 2265 0 0 2265
175 2250 0 0 0 2250
176 18 2263 0 0 2281
177 0 0 0 2315 2315
178 2312 0 0 0 2312
179 2267 0 0 0 2267
180 0 2312 0 0 2312
181 2318 0 0 1 2319
182 0 0 2303 6 2309
183 2315 0 0 0 2315
184 2360 0 0 0 2360
185 2352 0 0 0 2352
186 1 0 1 2360 2362
187 2360 0 1 0 2361
188 2328 0 0 0 2328
189 1 2359 0 0 2360
190 0 0 0 2340 2340
191 0 0 2284 0 2284
192 1 2299 0 0 2300
193 2248 0 32 0 2280
194 0 2367 0 0 2367
195 30 2339 0 2 2371
196 2388 0 11 0 2399
197 2378 0 0 0 2378
198 0 2413 0 0 2413
199 2404 0 1 0 2405
200 2397 0 17 20 2434
201 0 13 1 2438 2452
202 2 0 2445 0 2447
203 0 2431 0 0 2431
204 0 2476 0 1 2477
205 2560 0 62 0 2622
206 0 0 0 2627 2627
207 0 13 0 2686 2699
208 0 0 2702 0 2702
209 0 0 2693 0 2693
210 2666 0 1 0 2667
211 0 15 0 2694 2709
212 0 1 0 2762 2763
213 109 0 2645 1 2755
214 1 1 0 2768 2770
215 4 0 2766 1 2771
216 0 2783 0 0 2783
217 2863 0 0 0 2863
218 2910 0 0 0 2910
219 2931 0 2 1 2934
220 1 2915 0 64 2980
221 0 0 2947 0 2947
222 0 2962 0 0 2962
223 2967 0 14 0 2981
224 0 1 0 3044 3045
225 1 3098 0 1 3100
226 3117 0 0 0 3117
227 3115 0 0 0 3115
228 3093 0 0 0 3093
229 0 1 1 3104 3106
230 0 0 3091 0 3091
231 0 1 1 3075 3077
232 0 0 1 3130 3131
233 1 3161 0 0 3162
234 3175 27 0 27 3229
235 1 0 3188 1 3190
236 1 0 3140 0 3141
237 0 3260 0 0 3260
238 0 0 0 3279 3279
239 1 2 3260 1 3264
240 1 0 0 3246 3247
241 1 0 3253 1 3255
242 3236 0 0 0 3236
243 3174 0 0 0 3174
244 0 3286 0 0 3286
245 0 3341 0 0 3341
246 0 0 18 3346 3364
247 0 0 1 3396 3397
248 0 0 1 3436 3437
249 0 3436 0 15 3451
250 0 0 0 3443 3443
251 1 0 3435 0 3436
252 0 3292 0 130 3422
253 3415 0 1 0 3416
254 3398 0 0 0 3398
255 1 3484 0 0 3485
256 3469 0 0 0 3469
257 3451 1 0 0 3452
258 3425 0 0 0 3425
259 3421 0 0 0 3421
260 0 0 3405 23 3428
261 0 0 3491 0 3491
262 0 0 3487 0 3487
263 23 0 3450 0 3473
264 0 0 18 3328 3346
265 11 0 3426 0 3437
266 3481 0 14 0 3495
267 0 3539 0 0 3539
268 3514 0 0 0 3514
269 0 3614 0 0 3614
270 0 2 0 3593 3595
271 0 0 0 3570 3570
272 1 3588 0 3 3592
273 0 74 1 3505 3580
274 0 0 1 3573 3574
275 0 3570 0 0 3570
276 1 1 0 3491 3493
277 0 3567 1 0 3568
278 0 3607 0 1 3608
279 0 3602 0 75 3677
280 3676 0 0 0 3676
281 1 0 3632 0 3633
282 3628 0 0 0 3628
283 3604 0 0 0 3604
284 0 3674 0 31 3705
285 0 3728 0 2 3730
286 0 0 3745 0 3745
287 191 0 3511 1 3703
288 3614 1 35 0 3650
289 32 0 3659 0 3691
290 0 1 1 3569 3571
291 0 0 3661 0 3661
292 0 0 3660 0 3660
293 3712 0 3 0 3715
294 0 3724 0 3 3727
295 3737 0 0 0 3737
296 0 0 0 3672 3672
297 3492 0 1 72 3565
298 0 3738 0 1 3739
299 0 3668 0 1 3669
300 0 3721 0 1 3722
301 0 0 3701 1 3702
302 0 3567 1 0 3568
303 17 0 3539 0 3556
304 0 0 0 3355 3355
305 0 1 0 3455 3456
306 0 0 0 3503 3503
307 3471 0 0 0 3471
308 0 0 0 3525 3525
309 16 3546 0 0 3562
310 0 0 0 3515 3515
311 0 4 0 3520 3524
312 0 0 3512 1 3513
313 0 3534 0 0 3534
314 5 3589 0 2 3596
315 5 3633 0 1 3639
316 0 1 3576 16 3593
317 18 1 3497 0 3516
318 1 0 3533 0 3534
319 7 3638 0 1 3646
320 0 0 0 3591 3591
321 1 3665 0 1 3667
322 3769 0 0 1 3770
323 3729 1 0 0 3730
324 0 3728 0 0 3728
325 24 3704 0 0 3728
326 0 47 1 3605 3653
327 0 0 0 3684 3684
328 0 0 0 3648 3648
329 0 3744 0 0 3744
330 3729 0 0 0 3729
331 1 0 3661 1 3663
332 3676 0 0 0 3676
333 3577 0 0 5 3582
334 3596 0 0 0 3596
335 0 0 3503 0 3503
336 0 3508 0 0 3508
337 3494 0 0 0 3494
338 7 3461 0 0 3468
339 0 0 0 3392 3392
340 0 3440 0 1 3441
341 0 3484 0 0 3484
342 0 0 0 3449 3449
343 3435 1 1 0 3437
344 3439 0 0 0 3439
345 0 0 0 3384 3384
346 0 1 0 3407 3408
347 3415 0 0 0 3415
348 0 0 3334 1 3335
349 0 3311 0 0 3311
350 1 3299 0 1 3301
351 0 3288 0 0 3288
352 0 0 0 3292 3292
353 0 3321 0 0 3321
354 3301 0 2 0 3303
355 0 0 0 3307 3307
356 3306 0 0 0 3306
357 0 0 3328 1 3329
358 3248 0 0 0 3248
359 0 0 0 3288 3288
360 0 0 0 3289 3289
361 0 3327 0 1 3328
362 1 0 3301 0 3302
363 0 0 3381 0 3381
364 3370 0 1 0 3371
365 0 0 3344 3 3347
366 3319 0 0 0 3319
367 3252 0 0 0 3252
368 3248 0 0 0 3248
369 1 3272 0 0 3273
370 0 3298 0 0 3298
371 3306 0 0 0 3306
372 3332 0 0 0 3332
373 3314 0 0 0 3314
374 0 0 3369 0 3369
375 1 0 3295 0 3296
376 3341 0 0 1 3342
377 3321 0 1 0 3322
378 3333 0 0 0 3333
379 0 3357 0 20 3377
380 0 0 0 3332 3332
381 0 3356 0 1 3357
382 3382 0 0 0 3382
383 0 0 3236 0 3236
384 0 3290 0 1 3291
385 0 0 0 3229 3229
386 0 3239 0 0 3239
387 0 3255 0 0 3255
388 0 3282 0 0 3282
389 0 1 0 3238 3239
390 0 0 0 3239 3239
391 1 0 3201 0 3202
392 3156 0 0 0 3156
393 0 0 0 3184 3184
394 3202 0 0 0 3202
395 3176 1 0 0 3177
396 0 1 0 3192 3193
397 3217 0 0 0 3217
398 3190 1 0 0 3191
399 0 0 3141 0 3141
400 6 0 3104 0 3110
401 2 0 3033 0 3035
402 3056 0 0 0 3056
403 3048 0 0 0 3048
404 13 3035 0 0 3048
405 0 3012 0 0 3012
406 0 30 0 2972 3002
407 0 0 0 2935 2935
408 0 0 0 3007 3007
409 1 0 0 3022 3023
410 0 0 2881 1 2882
411 0 0 0 2829 2829
412 0 0 0 2862 2862
413 1 0 2808 0 2809
414 0 2793 0 0 2793
415 0 1 0 2837 2838
416 0 0 0 2867 2867
417 2 0 2833 0 2835
418 0 0 0 2827 2827
419 0 0 2841 0 2841
420 10 0 2799 0 2809
421 2811 0 1 0 2812
422 1 2805 0 7 2813
423 2 2879 0 0 2881
424 2910 0 2 0 2912
425 2916 0 0 1 2917
426 2925 0 0 0 2925
427 0 0 0 2913 2913
428 1 0 2909 0 2910
429 2930 0 0 0 2930
430 2978 1 0 0 2979
431 0 1 1 2961 2963
432 0 0 2950 0 2950
433 0 2999 0 0 2999
434 3351 1 0 0 3352
435 3337 0 0 0 3337
436 3307 0 0 0 3307
437 0 3201 0 1 3202
438 3030 0 0 12 3042
439 0 3313 0 0 3313
440 0 1 0 3313 3314
441 0 0 0 3345 3345
442 0 0 0 3395 3395
443 0 0 3347 0 3347
444 0 3347 0 0 3347
445 0 0 0 3314 3314
446 0 0 0 3317 3317
447 0 0 0 3340 3340
448 3308 0 0 0 3308
449 3233 0 0 0 3233
450 0 3216 10 0 3226
451 1 3067 0 0 3068
452 0 3036 0 18 3054
453 3036 0 0 0 3036
454 0 0 0 2995 2995
455 0 0 0 2984 2984
456 3019 0 1 0 3020
457 0 0 0 3019 3019
458 48 0 2906 0 2954
459 0 2936 0 0 2936
460 2949 0 0 0 2949
461 4 0 2951 0 2955
462 11 2891 0 0 2902
463 0 2918 0 0 2918
464 1 2947 0 2 2950
465 2956 0 0 6 2962
466 2923 0 0 0 2923
467 0 2955 0 0 2955
468 0 2968 0 0 2968
469 2941 0 0 1 2942
470 0 0 2989 0 2989
471 2 0 2983 0 2985
472 0 0 2951 1 2952
473 0 0 2953 0 2953
474 0 0 2897 68 2965
475 2940 0 1 0 2941
476 0 0 0 2972 2972
477 2991 0 0 1 2992
478 0 2998 0 0 2998
479 0 1 0 3028 3029
480 3002 1 0 1 3004
481 0 2724 0 296 3020
482 3022 0 0 0 3022
483 3023 0 2 0 3025
484 0 1 0 3000 3001
485 0 0 3040 0 3040
486 7 0 2990 0 2997
487 2999 0 36 0 3035
488 2979 0 0 35 3014
489 0 2997 0 0 2997
490 2980 0 22 0 3002
491 3005 0 0 0 3005
492 3 0 3028 0 3031
493 2990 0 18 0 3008
494 0 0 3016 1 3017
495 1 0 2988 0 2989
496 2982 0 1 0 2983
497 0 0 2979 0 2979
498 3006 0 0 0 3006
499 0 3105 0 0 3105
500 3176 0 1 0 3177
501 0 0 3150 0 3150
502 3139 0 3 0 3142
503 3144 0 0 0 3144
504 3121 0 0 0 3121
505 0 3149 0 0 3149
506 3172 0 1 0 3173
507 3145 0 0 0 3145
508 0 0 3129 0 3129
509 1 3138 0 0 3139
510 0 1 0 3137 3138
511 1 0 3161 62 3224
512 3218 0 39 0 3257
513 1 0 3254 0 3255
514 0 0 3120 0 3120
515 0 3152 0 1 3153
516 3195 0 3 1 3199
517 0 1 0 3265 3266
518 0 3298 0 0 3298
519 0 0 0 3295 3295
520 3285 0 0 0 3285
521 3296 0 0 0 3296
522 0 0 0 3469 3469
523 0 0 1 3498 3499
524 0 1 1 3517 3519
525 0 3526 0 1 3527
526 3492 0 0 0 3492
527 1 0 3700 0 3701
528 0 0 0 3655 3655
529 1 3643 0 11 3655
530 3680 0 20 1 3701
531 3678 0 1 0 3679
532 3693 0 0 0 3693
533 0 0 0 3689 3689
534 0 2 0 3667 3669
535 1057 0 2625 0 3682
536 0 0 3652 0 3652
537 6 1 3661 0 3668
538 0 3677 8 0 3685
539 3747 0 0 0 3747
540 3750 0 1 1 3752
541 3745 0 0 0 3745
542 3699 0 0 0 3699
543 0 0 0 3632 3632
544 13 3674 0 0 3687
545 0 3650 0 0 3650
546 0 3673 0 0 3673
547 3649 0 0 1 3650
548 3610 0 0 0 3610
549 0 3655 0 1 3656
550 3641 0 0 1 3642
551 0 0 3637 0 3637
552 0 0 1 3519 3520
553 3611 1 0 0 3612
554 0 0 3586 0 3586
555 3576 0 7 0 3583
556 0 0 3535 0 3535
557 3570 0 0 0 3570
558 3578 0 1 0 3579
559 0 3550 0 0 3550
560 0 0 0 3505 3505
561 1 3579 0 3 3583
562 0 3594 0 0 3594
563 3593 0 0 0 3593
564 0 0 0 3549 3549
565 0 0 0 3548 3548
566 0 0 0 3506 3506
567 0 20 0 3500 3520
568 0 3522 0 0 3522
569 0 3545 0 0 3545
570 3492 0 0 0 3492
571 0 3510 0 0 3510
572 3531 0 1 0 3532
573 0 0 0 3492 3492
574 3 0 3472 1 3476
575 1 0 3444 0 3445
576 0 3470 0 0 3470
577 3434 0 3 0 3437
578 1 0 3495 0 3496
579 0 3468 0 1 3469
580 3507 0 0 0 3507
581 0 0 0 3496 3496
582 0 0 3494 0 3494
583 0 0 3391 0 3391
584 3393 0 0 0 3393
585 1 0 3437 0 3438
586 0 3462 1 0 3463
587 1 0 3470 0 3471
588 0 0 3458 0 3458
589 0 0 3431 0 3431
590 0 0 0 3373 3373
591 6 3399 0 0 3405
592 0 3469 0 0 3469
593 11 0 3400 0 3411
594 0 3423 0 1 3424
595 9 0 3476 0 3485
596 0 1 0 3372 3373
597 4 1 3383 0 3388
598 0 3399 0 0 3399
599 71 3375 0 1 3447
600 3496 0 0 0 3496
601 0 0 0 3491 3491
602 0 0 3512 0 3512
603 3448 0 0 0 3448
604 0 1 0 3494 3495
605 0 0 3469 1 3470
606 0 0 3453 0 3453
607 0 0 0 3364 3364
608 3482 0 0 0 3482
609 3495 0 0 0 3495
610 0 0 3451 0 3451
611 1 0 3403 0 3404
612 3367 0 0 0 3367
613 3354 0 1 0 3355
614 1 0 2 3395 3398
615 0 0 3406 0 3406
616 1 0 3395 0 3396
617 3388 0 0 0 3388
618 1 3409 0 0 3410
619 3400 0 0 0 3400
620 0 2 0 3398 3400
621 3415 0 0 0 3415
622 0 0 0 3378 3378
623 3415 0 12 3 3430
624 0 0 0 3331 3331
625 1 3457 0 1 3459
626 1 0 3429 0 3430
627 0 0 3401 0 3401
628 3272 0 0 0 3272
629 37 0 3290 0 3327
630 0 0 0 3202 3202
631 0 2 0 3259 3261
632 0 0 3273 1 3274
633 3231 0 0 0 3231
634 0 0 0 3218 3218
635 0 0 3146 0 3146
636 0 0 3092 0 3092
637 0 3023 5 2 3030
638 0 3045 0 0 3045
639 0 3109 0 0 3109
640 0 1 1 3123 3125
641 2 0 3126 0 3128
642 3114 0 0 0 3114
643 0 3217 0 1 3218
644 3207 0 0 0 3207
645 3104 0 0 0 3104
646 0 0 1 3156 3157
647 3216 0 1 0 3217
648 3233 0 1 0 3234
649 0 0 0 3247 3247
650 0 0 3147 0 3147
651 0 3173 0 3 3176
652 3220 0 1 0 3221
653 0 0 0 3205 3205
654 0 0 0 3267 3267
655 0 0 3239 0 3239
656 0 3298 0 0 3298
657 0 1 0 3340 3341
658 0 3345 0 0 3345
659 3352 0 0 0 3352
660 3317 1 0 0 3318
661 3279 0 1 0 3280
662 0 0 3345 0 3345
663 0 0 1 3158 3159
664 3308 0 0 0 3308
665 3356 0 1 0 3357
666 3403 0 0 0 3403
667 3356 0 0 0 3356
668 0 0 0 3329 3329
669 3332 0 0 0 3332
670 0 0 0 3250 3250
671 0 0 3255 1 3256
672 0 0 3200 1 3201
673 3141 0 0 0 3141
674 0 0 3186 0 3186
675 3193 0 0 0 3193
676 3195 0 0 0 3195
677 1 0 3158 0 3159
678 0 3057 0 14 3071
679 3110 0 0 0 3110
680 0 0 1 3017 3018
681 3053 0 0 0 3053
682 0 1 0 3016 3017
683 3004 0 0 0 3004
684 0 3023 0 1 3024
685 0 0 1 3066 3067
686 0 0 3050 3 3053
687 3025 0 0 14 3039
688 0 3012 0 0 3012
689 3016 0 0 0 3016
690 0 3009 0 1 3010
691 3012 0 1 0 3013
692 0 0 0 2979 2979
693 2911 0 0 1 2912
694 0 2897 0 18 2915
695 0 2929 0 0 2929
696 2956 0 0 0 2956
697 0 7 0 2865 2872
698 0 0 0 2875 2875
699 0 2865 0 0 2865
700 0 2853 0 0 2853
701 0 1 0 2867 2868
702 2868 0 0 0 2868
703 0 0 0 2881 2881
704 2 0 2890 0 2892
705 0 2905 0 0 2905
706 2877 0 33 12 2922
707 2920 0 0 0 2920
708 2858 0 0 1 2859
709 1 2928 0 0 2929
710 2893 0 19 0 2912
711 2876 0 1 0 2877
712 0 2873 0 0 2873
713 2896 0 1 0 2897
714 0 1 0 2824 2825
715 0 2852 0 0 2852
716 0 2905 0 0 2905
717 0 0 1 2913 2914
718 2961 0 0 0 2961
719 2937 0 3 0 2940
720 0 0 2874 0 2874
721 2878 0 0 0 2878
722 2878 0 0 0 2878
723 0 2850 0 0 2850
724 2860 0 0 1 2861
725 0 2899 0 0 2899
726 2906 0 0 0 2906
727 2897 0 0 0 2897
728 34 0 2838 0 2872
729 2864 0 1 0 2865
730 2867 0 0 0 2867
731 2861 0 0 0 2861
732 1 0 2832 0 2833
733 0 0 0 2664 2664
734 0 0 2788 0 2788
735 0 2756 0 31 2787
736 0 2759 0 0 2759
737 1 0 0 2778 2779
738 1 0 2727 0 2728
739 0 2708 0 0 2708
740 2733 0 0 0 2733
741 2707 0 1 0 2708
742 0 0 1 2692 2693
743 0 0 0 2722 2722
744 1 0 2685 0 2686
745 0 2670 0 0 2670
746 2652 0 0 0 2652
747 0 0 0 2655 2655
748 23 2646 0 0 2669
749 0 0 2668 19 2687
750 0 0 2666 0 2666
751 2 0 2666 0 2668
752 0 0 2763 0 2763
753 2 0 2748 0 2750
754 2788 0 0 0 2788
755 2814 0 2 0 2816
756 2806 0 0 0 2806
757 0 0 0 2781 2781
758 0 0 0 2819 2819
759 0 0 2801 0 2801
760 0 0 0 2759 2759
761 2 0 0 2791 2793
762 2773 0 0 1 2774
763 0 0 0 2764 2764
764 0 2783 0 1 2784
765 0 0 0 2791 2791
766 2782 0 0 0 2782
767 2751 0 0 0 2751
768 1 0 0 2762 2763
769 0 0 2733 0 2733
770 2724 0 0 0 2724
771 0 0 0 2692 2692
772 2726 0 0 0 2726
773 2684 0 1 0 2685
774 0 2687 0 0 2687
775 0 0 0 2754 2754
776 1 0 2751 0 2752
777 2681 0 0 0 2681
778 0 1 1 2708 2710
779 0 0 2724 0 2724
780 1 0 2675 0 2676
781 0 2688 0 0 2688
782 0 1 1 2673 2675
783 0 2712 0 1 2713
784 2748 0 0 0 2748
785 0 0 2744 0 2744
786 0 2735 0 0 2735
787 0 0 0 2731 2731
788 0 0 0 2738 2738
789 0 2663 0 1 2664
790 2701 0 2 2 2705
791 0 0 2657 0 2657
792 0 0 2656 0 2656
793 0 1 0 2513 2514
794 0 0 2628 0 2628
795 0 0 0 2638 2638
796 0 1 0 2645 2646
797 2638 0 0 0 2638
798 0 0 2588 0 2588
799 0 0 1 2518 2519
800 0 0 2569 0 2569
801 2540 0 0 1 2541
802 2550 0 0 0 2550
803 0 0 0 2528 2528
804 7 0 2500 0 2507
805 0 2511 0 0 2511
806 2501 0 1 0 2502
807 0 0 2535 0 2535
808 2518 0 5 1 2524
809 0 0 0 2521 2521
810 0 0 0 2478 2478
811 0 1 0 2475 2476
812 2 2479 0 0 2481
813 0 1 0 2487 2488
814 1 0 0 2501 2502
815 2490 0 0 1 2491
816 2456 0 0 1 2457
817 0 0 2467 0 2467
818 2416 0 0 0 2416
819 0 0 0 2343 2343
820 0 1 0 2358 2359
821 0 2376 0 0 2376
822 0 0 2381 0 2381
823 2300 0 3 0 2303
824 0 0 2323 0 2323
825 2214 0 0 0 2214
826 0 0 2198 0 2198
827 1 0 2153 2 2156
828 0 0 2112 0 2112
829 0 2096 0 2 2098
830 0 2103 0 1 2104
831 0 1 2187 1 2189
832 2149 0 0 0 2149
833 2136 0 1 0 2137
834 0 0 0 2120 2120
835 2048 0 0 0 2048
836 2060 0 0 0 2060
837 0 0 0 2067 2067
838 2072 0 0 0 2072
839 2014 0 25 0 2039
840 2041 0 0 0 2041
841 2045 0 0 0 2045
842 0 0 2014 0 2014
843 2051 0 0 1 2052
844 2049 0 9 0 2058
845 2059 0 0 0 2059
846 0 1 0 2007 2008
847 2043 0 0 0 2043
848 0 0 0 1998 1998
849 0 1 1 2000 2002
850 0 11 0 1970 1981
851 0 1979 0 0 1979
852 0 1877 0 0 1877
853 1876 0 0 0 1876
854 1869 0 0 0 1869
855 13 1851 0 0 1864
856 1855 0 0 0 1855
857 0 0 1853 0 1853
858 0 0 1830 0 1830
859 1857 0 1 0 1858
860 1860 0 0 0 1860
861 1 0 1835 0 1836
862 1860 0 0 0 1860
863 0 0 1864 0 1864
864 0 0 0 1803 1803
865 1850 0 0 0 1850
866 1841 0 0 0 1841
867 1856 0 0 0 1856
868 1831 0 0 0 1831
869 0 1772 0 0 1772
870 1677 0 0 1 1678
871 1 1681 0 0 1682
872 1647 0 0 0 1647
873 1 1657 0 0 1658
874 0 0 1 1662 1663
875 0 0 1649 0 1649
876 1615 0 0 0 1615
877 0 0 1643 0 1643
878 0 0 1627 1 1628
879 1629 0 0 0 1629
880 1637 0 0 0 1637
881 0 0 0 1607 1607
882 1 0 1601 0 1602
883 0 1596 0 0 1596
884 1632 0 0 0 1632
885 0 1628 0 0 1628
886 1600 0 1 0 1601
887 0 1 0 1640 1641
888 0 0 1671 1 1672
889 0 1671 0 13 1684
890 0 0 1734 0 1734
891 0 0 1707 0 1707
892 1654 0 0 0 1654
893 0 0 0 1668 1668
894 0 0 0 1691 1691
895 0 0 0 1705 1705
896 0 0 1679 0 1679
897 0 1677 0 3 1680
898 0 1706 0 1 1707
899 1716 0 0 0 1716
900 0 0 1704 0 1704
901 0 1700 0 0 1700
902 1712 0 0 0 1712
903 1715 0 0 0 1715
904 0 0 1 1704 1705
905 1709 0 0 0 1709
906 1700 0 0 0 1700
907 1691 0 0 0 1691
908 1685 0 0 0 1685
909 1 1681 0 0 1682
910 0 1666 0 0 1666
911 1703 0 1 0 1704
912 1 3 0 1675 1679
913 1707 0 0 2 1709
914 1 0 1628 0 1629
915 1673 0 0 0 1673
916 1625 0 37 0 1662
917 0 0 0 1615 1615
918 0 0 1648 0 1648
919 0 0 0 1595 1595
920 0 0 1614 0 1614
921 0 1573 0 1 1574
922 0 1597 0 0 1597
923 1 1 0 1613 1615
924 0 0 1621 0 1621
925 0 0 0 1605 1605
926 1642 0 0 0 1642
927 0 0 1609 0 1609
928 1602 0 0 0 1602
929 19 0 1590 0 1609
930 1589 0 1 0 1590
931 0 1594 7 0 1601
932 1627 0 0 0 1627
933 1591 18 0 0 1609
934 0 1579 0 25 1604
935 1618 0 0 0 1618
936 0 0 1622 0 1622
937 0 0 1623 0 1623
938 0 0 0 1594 1594
939 1649 0 0 0 1649
940 0 1611 0 0 1611
941 1658 0 1 0 1659
942 0 1660 0 1 1661
943 1664 0 0 0 1664
944 0 0 1617 0 1617
945 0 1643 0 0 1643
946 1684 0 17 0 1701
947 1719 0 0 0 1719
948 1708 0 0 1 1709
949 1702 0 0 0 1702
950 1709 18 0 0 1727
951 0 0 1685 0 1685
952 1649 0 0 0 1649
953 0 1703 0 0 1703
954 0 1713 0 0 1713
955 0 0 0 1694 1694
956 0 0 1 1711 1712
957 21 0 0 1691 1712
958 0 0 0 1735 1735
959 1 0 1731 0 1732
960 0 0 1 1676 1677
961 0 1690 0 1 1691
962 1715 0 0 0 1715
963 1690 0 0 0 1690
964 1705 0 0 0 1705
965 0 0 0 1696 1696
966 0 0 0 1729 1729
967 1732 0 0 0 1732
968 1710 0 1 0 1711
969 1706 1 0 0 1707
970 0 1665 0 45 1710
971 0 0 1708 0 1708
972 0 0 0 1621 1621
973 681 0 1001 0 1682
974 24 0 1661 0 1685
975 1485 0 193 0 1678
976 0 0 1684 0 1684
977 1655 0 1 0 1656
978 0 1715 0 0 1715
979 1 0 0 1711 1712
980 0 0 1722 0 1722
981 1701 0 0 0 1701
982 0 1 0 1734 1735
983 1737 0 0 0 1737
984 0 1728 0 0 1728
985 1738 0 0 0 1738
986 0 0 1781 0 1781
987 0 1881 0 0 1881
988 1906 0 0 0 1906
989 0 0 1921 0 1921
990 1940 0 1 0 1941
991 1942 0 0 0 1942
992 2053 0 0 0 2053
993 0 0 0 2088 2088
994 2084 0 0 0 2084
995 2040 0 0 0 2040
996 24 0 2074 0 2098
997 2062 0 0 0 2062
998 0 0 0 2049 2049
999 0 0 0 2037 2037
1000 0 0 2003 0 2003
1001 2006 0 0 0 2006
1002 0 0 0 2060 2060
1003 0 0 2040 0 2040
1004 0 0 0 1982 1982
1005 0 0 1983 0 1983
1006 0 2001 0 0 2001
1007 1986 0 1 0 1987
1008 0 1975 0 0 1975
1009 1990 0 0 0 1990
1010 0 1 2012 0 2013
1011 1841 0 139 0 1980
1012 0 1 0 1991 1992
1013 2003 0 1 0 2004
1014 14 2237 0 0 2251
1015 0 0 0 2260 2260
1016 0 0 0 2352 2352
1017 2344 0 0 0 2344
1018 0 0 1 2363 2364
1019 0 0 0 2372 2372
1020 0 1 0 2408 2409
1021 8 0 2377 0 2385
1022 0 0 2343 0 2343
1023 2348 0 1 0 2349
1024 0 2354 0 0 2354
1025 2304 0 1 0 2305
1026 0 2382 0 0 2382
1027 0 2359 0 0 2359
1028 0 2365 1 0 2366
1029 0 2383 0 0 2383
1030 1 2414 0 0 2415
1031 2465 0 0 0 2465
1032 0 0 2471 1 2472
1033 2421 0 0 0 2421
1034 0 2424 0 0 2424
1035 0 2449 0 2 2451
1036 2544 0 2 0 2546
1037 2502 0 1 0 2503
1038 2507 1 0 0 2508
1039 0 1 0 2575 2576
1040 2 0 2610 0 2612
1041 2544 0 1 0 2545
1042 2 21 0 2593 2616
1043 0 0 2638 0 2638
1044 0 0 2595 0 2595
1045 2581 0 0 0 2581
1046 2626 0 1 0 2627
1047 0 0 2635 0 2635
1048 0 2630 0 0 2630
1049 2680 0 0 1 2681
1050 36 0 0 2692 2728
1051 2765 0 1 0 2766
1052 2731 0 0 0 2731
1053 0 2735 0 0 2735
1054 2742 0 2 0 2744
1055 0 0 2721 0 2721
1056 0 1 2743 0 2744
1057 0 2641 0 0 2641
1058 0 2512 0 151 2663
1059 0 2655 0 2 2657
1060 1 0 5 2703 2709
1061 0 0 0 2785 2785
1062 1 0 2815 0 2816
1063 0 1 0 2745 2746
1064 3 0 2787 0 2790
1065 2793 0 0 0 2793
1066 2803 0 0 0 2803
1067 0 0 0 2825 2825
1068 0 2853 0 0 2853
1069 0 1 0 2890 2891
1070 0 0 2861 0 2861
1071 2794 0 1 0 2795
1072 1 1 0 2932 2934
1073 0 0 2940 0 2940
1074 1 0 2930 0 2931
1075 0 0 3006 0 3006
1076 0 0 3052 0 3052
1077 3049 0 0 0 3049
1078 0 3066 0 29 3095
1079 3100 0 50 0 3150
1080 3100 0 0 0 3100
1081 3111 0 0 0 3111
1082 3 0 3135 0 3138
1083 17 0 3124 6 3147
1084 0 0 3154 0 3154
1085 3060 0 0 1 3061
1086 0 0 3180 0 3180
1087 0 0 0 3024 3024
1088 0 0 3157 0 3157
1089 1 0 3224 0 3225
1090 3218 0 12 2 3232
1091 0 0 3193 0 3193
1092 0 0 3177 0 3177
1093 0 3319 0 0 3319
1094 3340 0 0 1 3341
1095 0 0 0 3298 3298
1096 0 2907 0 420 3327
1097 3341 0 0 0 3341
1098 3301 0 0 0 3301
1099 0 0 3342 0 3342
1100 0 0 3400 0 3400
1101 0 1 3411 0 3412
1102 3406 0 0 1 3407
1103 0 0 3433 0 3433
1104 1 0 3441 0 3442
1105 3394 0 32 0 3426
1106 0 0 0 3474 3474
1107 0 0 0 3487 3487
1108 1 0 0 3593 3594
1109 0 0 3577 0 3577
1110 0 0 0 3540 3540
1111 0 22 0 3550 3572
1112 0 3518 0 0 3518
1113 3542 0 0 0 3542
1114 5 0 0 3543 3548
1115 0 3567 0 0 3567
1116 3703 0 1 0 3704
1117 3687 0 0 0 3687
1118 3693 0 0 0 3693
1119 0 0 3687 0 3687
1120 3631 1 1 0 3633
1121 3691 0 0 0 3691
1122 1 48 1 3609 3659
1123 1 0 3631 0 3632
1124 3596 0 0 0 3596
1125 3598 0 1 0 3599
1126 3578 1 0 0 3579
1127 0 13 1 3493 3507
1128 0 3489 0 7 3496
1129 0 3479 1 0 3480
1130 3501 0 1 0 3502
1131 3472 0 1 0 3473
1132 18 0 3480 0 3498
1133 3459 0 7 0 3466
1134 0 0 1 3474 3475
1135 0 0 0 3506 3506
1136 0 0 3521 0 3521
1137 0 0 3502 0 3502
1138 3418 0 0 2 3420
1139 3451 1 0 0 3452
1140 0 0 3473 0 3473
1141 0 0 3419 0 3419
1142 0 2 1 3210 3213
1143 1 0 3426 0 3427
1144 0 0 3403 0 3403
1145 0 0 0 3287 3287
1146 3354 0 0 0 3354
1147 0 3444 0 0 3444
1148 0 0 0 3504 3504
1149 0 3521 0 1 3522
1150 0 75 0 3446 3521
1151 0 3542 0 0 3542
1152 0 0 3575 0 3575
1153 3565 0 7 1 3573
1154 3680 0 0 0 3680
1155 0 3678 0 1 3679
1156 0 0 3689 0 3689
1157 3612 0 49 0 3661
1158 0 0 0 3672 3672
1159 0 0 3681 0 3681
1160 1 0 1 3652 3654
1161 1 3702 0 0 3703
1162 0 0 0 3790 3790
1163 3761 0 13 0 3774
1164 3787 1 0 0 3788
1165 3753 0 0 0 3753
1166 3701 0 1 0 3702
1167 0 3805 0 0 3805
1168 0 0 0 3779 3779
1169 17 0 3795 0 3812
1170 1709 0 2073 0 3782
1171 3743 0 1 0 3744
1172 3773 0 0 0 3773
1173 0 0 3857 0 3857
1174 0 0 3826 0 3826
1175 3754 0 0 0 3754
1176 0 0 0 3813 3813
1177 0 0 3853 0 3853
1178 0 0 3797 0 3797
1179 0 0 3754 0 3754
1180 0 0 3767 0 3767
1181 3740 0 0 0 3740
1182 0 0 0 3798 3798
1183 1 0 3833 0 3834
1184 1 2 3741 0 3744
1185 1579 0 2174 0 3753
1186 3737 0 1 0 3738
1187 1 3825 0 0 3826
1188 0 0 0 3878 3878
1189 57 0 3842 1 3900
1190 0 0 0 3869 3869
1191 3930 0 1 0 3931
1192 0 1 0 3926 3927
1193 0 0 3918 0 3918
1194 0 0 0 3877 3877
1195 1 3958 0 1 3960
1196 3979 0 0 0 3979
1197 3916 0 0 0 3916
1198 7 0 3939 0 3946
1199 0 0 1 3813 3814
1200 3884 0 1 0 3885
1201 0 0 0 3930 3930
1202 0 0 3919 0 3919
1203 0 0 3887 0 3887
1204 0 1 1 3834 3836
1205 0 0 3901 0 3901
1206 0 2 3876 0 3878
1207 3874 0 0 17 3891
1208 0 0 3874 0 3874
1209 3861 0 0 0 3861
1210 0 3794 0 0 3794
1211 1 3766 0 0 3767
1212 0 3795 0 0 3795
1213 3827 0 0 0 3827
1214 0 0 2 3759 3761
1215 0 0 3737 1 3738
1216 0 0 3732 0 3732
1217 28 0 3621 0 3649
1218 1 3715 0 0 3716
1219 0 0 0 3738 3738
1220 3 0 3762 0 3765
1221 3724 0 0 1 3725
1222 1269 2320 1 0 3590
1223 3571 0 1 0 3572
1224 0 0 3574 0 3574
1225 0 0 1 3423 3424
1226 0 0 3535 1 3536
1227 3495 0 1 0 3496
1228 0 0 0 3510 3510
1229 0 0 3518 1 3519
1230 0 3415 0 3 3418
1231 0 3408 0 0 3408
1232 1 3530 0 1 3532
1233 0 1 1 3571 3573
1234 3519 0 25 0 3544
1235 0 0 3510 0 3510
1236 0 3504 0 11 3515
1237 0 16 0 3525 3541
1238 0 1 0 3542 3543
1239 1 0 1 3525 3527
1240 0 1 1 3527 3529
1241 3436 0 0 0 3436
1242 0 0 3457 0 3457
1243 0 1 0 3275 3276
1244 0 0 3382 0 3382
1245 0 0 3388 2 3390
1246 3325 0 1 0 3326
1247 0 0 3413 0 3413
1248 0 1 0 3346 3347
1249 3426 0 0 0 3426
1250 3434 0 1 0 3435
1251 0 0 0 3527 3527
1252 0 0 3568 0 3568
1253 0 0 3668 1 3669
1254 0 0 6 3494 3500
1255 0 1 0 3590 3591
1256 0 1 1 3562 3564
1257 0 3580 0 1 3581
1258 3629 0 1 0 3630
1259 3613 0 5 0 3618
1260 0 0 0 3643 3643
1261 1 0 3637 0 3638
1262 3480 0 226 0 3706
1263 3761 0 0 0 3761
1264 3758 0 0 0 3758
1265 0 0 3731 0 3731
1266 3596 0 0 2 3598
1267 3515 0 0 0 3515
1268 0 3546 0 0 3546
1269 0 3554 0 0 3554
1270 0 0 0 3536 3536
1271 8 0 3527 0 3535
1272 0 0 3484 0 3484
1273 0 0 1 3437 3438
1274 0 0 0 3497 3497
1275 0 0 3466 0 3466
1276 21 0 3442 0 3463
1277 0 1 0 3364 3365
1278 3398 0 0 0 3398
1279 1 0 0 3383 3384
1280 0 1 0 3369 3370
1281 0 3343 0 0 3343
1282 0 3456 0 1 3457
1283 0 1 0 3488 3489
1284 0 0 0 3511 3511
1285 0 0 0 3495 3495
1286 0 0 3354 0 3354
1287 0 0 3269 0 3269
1288 0 3289 0 0 3289
1289 0 0 0 3333 3333
1290 0 0 0 3381 3381
1291 0 3374 0 0 3374
1292 0 0 3451 0 3451
1293 3355 0 2 0 3357
1294 3384 1 0 0 3385
1295 3394 0 0 1 3395
1296 0 0 1 3401 3402
1297 3438 0 11 0 3449
1298 3424 0 0 1 3425
1299 3371 0 2 0 3373
1300 3352 0 0 0 3352
1301 0 0 3293 0 3293
1302 3276 0 0 0 3276
1303 0 0 0 3362 3362
1304 3398 0 0 0 3398
1305 3398 0 0 0 3398
1306 24 0 3359 0 3383
1307 3386 0 0 0 3386
1308 3409 0 0 0 3409
1309 3391 0 0 0 3391
1310 0 0 1 3325 3326
1311 0 0 3366 0 3366
1312 0 3212 0 112 3324
1313 4 0 3390 0 3394
1314 3360 0 0 0 3360
1315 0 0 0 3366 3366
1316 0 0 3342 0 3342
1317 0 4 0 3285 3289
1318 0 3312 0 1 3313
1319 1 3289 0 1 3291
1320 0 3282 0 1 3283
1321 1 3256 0 0 3257
1322 0 0 0 3277 3277
1323 0 0 3296 1 3297
1324 0 0 1 3323 3324
1325 3367 0 1 0 3368
1326 0 0 0 3377 3377
1327 0 1 0 3399 3400
1328 0 0 3415 0 3415
1329 0 0 3399 0 3399
1330 0 0 3366 2 3368
1331 3309 0 0 0 3309
1332 0 0 0 3390 3390
1333 3420 0 0 0 3420
1334 0 0 3406 1 3407
1335 3388 0 1 8 3397
1336 0 0 3468 1 3469
1337 3480 0 0 0 3480
1338 0 0 1 3502 3503
1339 0 0 3521 1 3522
1340 0 0 3524 0 3524
1341 0 2 0 3448 3450
1342 3488 0 1 0 3489
1343 108 3376 0 0 3484
1344 3457 0 1 0 3458
1345 0 0 0 3473 3473
1346 81 0 3409 0 3490
1347 3438 0 0 1 3439
1348 0 0 1 3454 3455
1349 0 0 3450 0 3450
1350 1 0 3436 0 3437
1351 0 2 1 3365 3368
1352 0 0 3502 3 3505
1353 0 0 3511 0 3511
1354 3525 1 15 1 3542
1355 3559 0 8 0 3567
1356 3574 0 0 0 3574
1357 3555 0 0 0 3555
1358 0 0 3622 1 3623
1359 3555 0 1 0 3556
1360 0 0 3564 0 3564
1361 3497 0 0 0 3497
1362 21 3714 0 0 3735
1363 0 0 0 3748 3748
1364 0 0 0 3769 3769
1365 1 0 3798 1 3800
1366 0 0 3750 0 3750
1367 0 3740 0 0 3740
1368 3653 0 0 0 3653
1369 0 3626 0 1 3627
1370 0 0 1 3612 3613
1371 0 3636 0 1 3637
1372 3648 0 2 0 3650
1373 0 0 3637 0 3637
1374 0 3626 0 1 3627
1375 3635 0 1 0 3636
1376 0 0 3673 2 3675
1377 0 3607 0 0 3607
1378 3652 0 1 0 3653
1379 3574 0 0 0 3574
1380 1 3643 0 0 3644
1381 3614 0 0 0 3614
1382 0 0 3625 0 3625
1383 0 3594 0 0 3594
1384 0 3558 0 1 3559
1385 3562 0 31 0 3593
1386 0 0 0 3655 3655
1387 0 1 0 3670 3671
1388 0 0 0 3683 3683
1389 3567 0 1 1 3569
1390 0 3602 0 0 3602
1391 0 0 0 3535 3535
1392 1 0 3541 0 3542
1393 0 0 0 3491 3491
1394 0 0 0 3514 3514
1395 18 0 0 3519 3537
1396 3516 1 10 0 3527
1397 3489 0 0 0 3489
1398 0 0 0 3495 3495
1399 0 0 3475 0 3475
1400 1 0 3481 0 3482
1401 0 0 3455 1 3456
1402 0 3404 0 0 3404
1403 1 0 0 3457 3458
1404 1 3484 0 0 3485
1405 3523 1 0 0 3524
1406 0 0 3500 0 3500
1407 0 0 3484 0 3484
1408 3180 220 1 1 3402
1409 0 3436 0 1 3437
1410 3481 0 0 0 3481
1411 1 0 3450 1 3452
1412 0 3387 0 17 3404
1413 0 0 1 3425 3426
1414 93 0 3332 0 3425
1415 1 3402 0 0 3403
1416 0 1 1 3495 3497
1417 19 0 3496 1 3516
1418 0 1 1 3477 3479
1419 0 0 3499 1 3500
1420 0 0 3485 0 3485
1421 1 0 3493 0 3494
1422 3498 0 0 1 3499
1423 0 3454 0 0 3454
1424 3494 0 0 0 3494
1425 0 3536 0 1 3537
1426 0 0 0 3515 3515
1427 2 0 3516 0 3518
1428 2 15 0 3463 3480
1429 0 3500 0 0 3500
1430 3367 1 38 0 3406
1431 0 3398 1 1 3400
1432 3312 0 0 0 3312
1433 0 1 3332 0 3333
1434 1 1 3303 0 3305
1435 0 0 0 3238 3238
1436 0 0 3319 0 3319
1437 0 1 0 3309 3310
1438 0 2 0 3316 3318
1439 2 0 3319 0 3321
1440 3314 0 2 0 3316
1441 22 3311 0 0 3333
1442 3307 0 0 0 3307
1443 0 0 0 3337 3337
1444 29 0 3288 0 3317
1445 0 0 3285 0 3285
1446 0 3229 0 0 3229
1447 0 0 0 3246 3246
1448 6 3264 0 10 3280
1449 0 1 0 3312 3313
1450 0 0 3299 0 3299
1451 0 0 0 3277 3277
1452 3268 0 1 0 3269
1453 3269 0 0 0 3269
1454 0 0 0 3301 3301
1455 0 0 3295 0 3295
1456 1 0 3290 0 3291
1457 3214 0 0 0 3214
1458 0 0 3262 0 3262
1459 0 0 3260 0 3260
1460 3210 0 0 0 3210
1461 0 0 3232 0 3232
1462 0 1 0 3123 3124
1463 0 0 3163 0 3163
1464 0 0 3146 0 3146
1465 0 1 0 3144 3145
1466 0 0 0 3155 3155
1467 3127 1 1 0 3129
1468 3102 1 1 0 3104
1469 0 0 3066 0 3066
1470 0 1 0 2903 2904
1471 0 2988 0 0 2988
1472 0 0 0 2971 2971
1473 0 0 2977 0 2977
1474 0 1 0 2953 2954
1475 0 0 0 2962 2962
1476 0 2905 0 1 2906
1477 0 1 0 2933 2934
1478 2914 0 0 0 2914
1479 2909 0 0 1 2910
1480 2808 0 0 1 2809
1481 0 2860 0 0 2860
1482 8 2811 0 0 2819
1483 0 2801 0 0 2801
1484 0 0 0 2778 2778
1485 0 0 0 2718 2718
1486 0 1 0 2713 2714
1487 0 0 2688 1 2689
1488 0 0 0 2645 2645
1489 0 0 0 2598 2598
1490 0 2618 0 3 2621
1491 0 2616 0 0 2616
1492 0 0 0 2589 2589
1493 0 0 2600 0 2600
1494 0 0 0 2451 2451
1495 1 0 0 2442 2443
1496 0 0 1 2428 2429
1497 0 0 0 2378 2378
1498 0 0 2299 0 2299
1499 1 0 0 2219 2220
1500 0 0 1 2220 2221
1501 0 0 0 2155 2155
1502 2 0 2098 0 2100
1503 2083 0 1 0 2084
1504 2049 0 0 0 2049
1505 8 2070 0 0 2078
1506 1976 0 0 0 1976
1507 1926 0 0 0 1926
1508 0 0 0 1905 1905
1509 0 0 0 1924 1924
1510 0 0 1828 0 1828
1511 0 0 0 1797 1797
1512 0 1809 0 0 1809
1513 0 1761 0 0 1761
1514 0 0 1 1627 1628
1515 0 0 0 1631 1631
1516 1588 0 0 1 1589
1517 0 1631 0 1 1632
1518 0 0 0 1610 1610
1519 1543 0 0 0 1543
1520 1544 0 0 0 1544
1521 1486 0 0 0 1486
1522 0 1480 0 0 1480
1523 0 0 1 1361 1362
1524 0 0 0 1372 1372
1525 1361 0 0 0 1361
1526 1334 0 0 0 1334
1527 0 0 0 1312 1312
1528 0 0 0 1092 1092
1529 0 0 1017 0 1017
1530 0 0 0 999 999
1531 0 1 0 989 990
1532 0 0 0 973 973
1533 0 157 0 0 157
1534 0 0 0 127 127
1535 0 0 126 0 126
1536 128 0 0 0 128
1537 122 0 0 0 122
1538 121 0 0 0 121
1539 81 0 0 0 81
1540 81 0 0 0 81
1541 0 0 0 42 42
1542 0 0 6 0 6
1543 0 6 0 0 6
1544 0 0 0 0 0
1545 0 0 0 0 0
1546 0 0 0 0 0
1547 0 0 0 0 0
1548 0 0 0 0 0
1549 0 0 0 0 0
1550 0 0 0 0 0
1551 0 0 0 0 0
1552 0 0 0 0 0
1553 0 0 0 0 0
1554 0 0 0 0 0
1555 0 0 0 0 0
1556 0 0 0 0 0
1557 0 0 0 0 0
