0 0 0 0 0 0
1 0 82 0 0 82
2 86 0 0 0 86
3 0 0 87 0 87
4 93 0 0 0 93
5 91 0 0 0 91
6 0 0 94 0 94
7 0 102 0 0 102
8 102 0 0 0 102
9 0 0 98 0 98
10 101 1 5 1 108
11 0 0 123 0 123
12 0 132 0 0 132
13 135 0 0 0 135
14 0 0 0 145 145
15 0 153 0 0 153
16 0 0 0 152 152
17 0 2 0 184 186
18 0 208 0 0 208
19 0 0 0 276 276
20 0 166 0 181 347
21 356 0 0 0 356
22 353 0 0 0 353
23 360 3 0 1 364
24 366 0 0 1 367
25 2 383 0 0 385
26 0 0 0 390 390
27 0 0 404 0 404
28 400 0 0 0 400
29 437 0 6 0 443
30 0 0 449 0 449
31 0 473 0 0 473
32 502 0 0 0 502
33 512 0 0 0 512
34 519 0 0 0 519
35 0 0 0 523 523
36 518 0 0 4 522
37 0 0 507 2 509
38 0 0 527 0 527
39 0 536 0 0 536
40 0 612 0 0 612
41 20 354 0 1 375
42 982 0 0 0 982
43 1050 0 0 0 1050
44 1073 0 0 0 1073
45 1092 0 0 0 1092
46 1087 0 0 2 1089
47 0 0 0 1193 1193
48 1 0 1286 0 1287
49 1317 0 1 0 1318
50 1339 0 0 0 1339
51 0 1349 0 0 1349
52 1352 0 0 0 1352
53 1364 2 0 0 1366
54 0 2 0 1395 1397
55 0 0 1420 1 1421
56 1 1440 0 2 1443
57 1 1 0 1459 1461
58 1428 0 6 1 1435
59 0 1459 0 0 1459
60 0 1506 0 1 1507
61 0 4 0 1515 1519
62 0 1 0 1539 1540
63 1 1593 0 0 1594
64 1587 0 0 0 1587
65 1603 0 0 0 1603
66 4 1634 0 0 1638
67 0 0 0 1643 1643
68 1658 0 0 1 1659
69 0 1 0 1662 1663
70 1672 0 0 0 1672
71 4 1724 0 0 1728
72 1756 1 0 0 1757
73 1747 0 0 1 1748
74 1725 1 0 1 1727
75 1 1909 0 3 1913
76 10 0 2048 1 2059
77 0 4 0 2031 2035
78 1 4 0 2110 2115
79 2136 0 0 0 2136
80 2107 0 0 3 2110
81 4 2168 0 9 2181
82 0 2267 0 2 2269
83 0 2343 1 4 2348
84 0 1 0 2384 2385
85 2377 0 4 0 2381
86 0 5 0 2420 2425
87 0 8 0 2434 2442
88 0 0 0 2614 2614
89 2 2895 0 9 2906
90 1 0 0 2922 2923
91 11 2927 0 0 2938
92 2923 1 22 0 2946
93 0 2986 0 0 2986
94 3043 0 1 0 3044
95 0 0 0 3021 3021
96 1 3077 0 0 3078
97 3050 8 1 23 3082
98 0 5 3141 0 3146
99 0 4 3219 3 3226
100 1 0 3183 0 3184
101 0 1 3154 0 3155
102 10 0 3267 0 3277
103 3286 0 0 2 3288
104 1 0 3383 0 3384
105 0 1 0 3359 3360
106 3487 0 10 0 3497
107 0 6 0 3578 3584
108 0 1 0 3634 3635
109 3644 1 0 0 3645
110 0 9 1 3822 3832
111 0 8 0 4074 4082
112 4147 3 7 0 4157
113 0 0 0 4160 4160
114 2 4167 0 1 4170
115 4196 1 2 0 4199
116 3 4337 0 3 4343
117 0 2 0 4408 4410
118 4428 0 11 0 4439
119 0 0 0 4489 4489
120 4500 0 0 0 4500
121 2 0 0 4526 4528
122 331 11 4188 0 4530
123 0 0 0 4876 4876
124 7 5 5351 8 5371
125 3 4 0 5475 5482
126 2 5748 1 4 5755
127 5825 0 7 1 5833
128 1 0 5898 0 5899
129 7 6252 0 43 6302
130 0 423 1 6021 6445
131 1 0 0 6565 6566
132 0 6693 0 8 6701
133 6713 0 12 5 6730
134 0 2 0 6755 6757
135 0 4 0 6828 6832
136 6845 0 2 1 6848
137 0 2 0 6869 6871
138 1 6909 0 5 6915
139 6875 0 3 0 6878
140 0 3 0 6924 6927
141 6870 0 1 2 6873
142 2 7020 0 1 7023
143 0 0 0 7016 7016
144 0 2 1 7029 7032
145 6988 1 1 1 6991
146 4 7151 0 3 7158
147 1 0 0 7155 7156
148 7154 0 6 0 7160
149 0 72 0 7125 7197
150 7166 0 4 17 7187
151 0 3 0 7202 7205
152 0 1 0 7586 7587
153 1 7952 0 12 7965
154 8 0 8022 1 8031
155 23 0 7950 4 7977
156 7959 4 17 0 7980
157 0 0 0 8145 8145
158 8165 0 0 0 8165
159 0 32 0 8265 8297
160 8246 3 1 0 8250
161 2 0 0 8283 8285
162 1 1 0 8287 8289
163 12 1 8198 0 8211
164 10 8588 0 0 8598
165 4 1 0 8748 8753
166 8890 0 5 0 8895
167 8825 0 0 0 8825
168 8824 3 7 0 8834
169 8840 1 3 3 8847
170 1 7 0 8955 8963
171 0 14 0 9033 9047
172 6 9012 1 1 9020
173 0 0 0 9062 9062
174 5 8989 0 42 9036
175 8965 0 2 0 8967
176 36 9017 1 0 9054
177 0 64 0 9026 9090
178 9143 0 0 1 9144
179 9023 0 0 0 9023
180 9 9137 1 12 9159
181 9198 1 8 0 9207
182 14 0 9119 1 9134
183 9150 0 1 2 9153
184 9282 0 0 0 9282
185 9233 1 1 0 9235
186 0 0 17 9292 9309
187 9275 1 13 0 9289
188 9193 10 22 0 9225
189 4 9288 0 32 9324
190 0 7 0 9228 9235
191 3 0 9084 0 9087
192 0 9159 1 22 9182
193 9060 1 18 0 9079
194 5 9252 0 12 9269
195 102 9292 0 6 9400
196 9413 1 11 1 9426
197 9359 0 9 0 9368
198 4 9521 0 0 9525
199 9538 0 0 0 9538
200 9551 3 3 4 9561
201 1 13 2 9561 9577
202 6 0 9523 2 9531
203 0 9548 0 3 9551
204 2 9609 0 13 9624
205 9824 4 23 1 9852
206 1 11 0 9951 9963
207 0 4 0 10122 10126
208 17 0 10046 7 10070
209 2 0 10005 1 10008
210 10049 0 4 0 10053
211 0 10 0 10088 10098
212 1 6 0 10266 10273
213 27 0 10156 1 10184
214 1 2 1 10256 10260
215 5 0 10257 0 10262
216 0 10490 0 3 10493
217 10721 0 4 0 10725
218 10778 2 9 4 10793
219 10631 38 1 0 10670
220 0 10820 0 1 10821
221 5 0 10689 35 10729
222 0 10848 0 7 10855
223 11060 3 3 0 11066
224 0 1 1 11218 11220
225 0 11475 0 3 11478
226 11656 0 8 1 11665
227 11637 0 2 0 11639
228 11566 1 2 0 11569
229 0 0 7 11580 11587
230 14 0 11576 17 11607
231 0 2 1 11337 11340
232 0 3 1 11648 11652
233 0 11723 0 0 11723
234 11772 6 4 2 11784
235 111 0 11537 80 11728
236 1 0 11574 2 11577
237 8 11832 1 1 11842
238 1 2 1 11877 11881
239 13 0 11865 0 11878
240 0 0 0 11841 11841
241 4 0 11850 3 11857
242 11949 0 12 0 11961
243 11791 0 3 0 11794
244 43 12032 0 11 12086
245 1 12223 0 15 12239
246 0 10 0 12117 12127
247 0 20 0 12238 12258
248 22 1 0 12357 12380
249 1 12454 0 23 12478
250 1 2 0 12472 12475
251 10 0 12363 1 12374
252 3 12394 0 99 12496
253 12443 0 36 0 12479
254 12451 0 19 0 12470
255 0 12419 0 169 12588
256 12567 0 20 1 12588
257 12532 0 1 1 12534
258 12484 0 3 0 12487
259 12511 8 4 3 12526
260 5 1 12524 40 12570
261 4 3 12468 3 12478
262 0 0 12446 0 12446
263 2 0 12620 2 12624
264 0 1 20 11812 11833
265 15 0 12249 0 12264
266 12560 1 17 1 12579
267 4 12789 0 1 12794
268 12663 0 2 1 12666
269 20 12244 0 695 12959
270 0 3 2 12858 12863
271 2 0 1 12899 12902
272 5 12969 0 5 12979
273 3 40 0 12897 12940
274 1 13 1 12953 12968
275 3 12972 0 13 12988
276 0 7 0 12755 12762
277 1 12933 0 2 12936
278 2 12966 0 5 12973
279 4 13022 0 196 13222
280 13189 1 11 1 13202
281 129 0 13027 4 13160
282 13065 0 2 1 13068
283 12976 1 5 0 12982
284 1 13383 0 52 13436
285 4 13350 0 9 13363
286 19 0 13352 17 13388
287 389 0 12834 0 13223
288 12986 2 13 1 13002
289 8 0 13180 1 13189
290 1 1 2 13042 13046
291 1 2 13238 0 13241
292 2 0 13040 0 13042
293 13249 1 16 0 13266
294 3 13483 0 4 13490
295 13442 0 15 1 13458
296 2 25 0 13196 13223
297 12772 0 1 10 12783
298 1 13261 0 11 13273
299 0 13029 1 10 13040
300 5 13173 6 4 13188
301 26 0 12936 96 13058
302 3 12870 0 10 12883
303 16 2 13070 1 13089
304 0 12 2 12426 12440
305 0 0 0 12844 12844
306 0 2 0 13045 13047
307 13053 1 16 0 13070
308 2 1 0 13088 13091
309 5 13147 0 5 13157
310 2 64 0 12942 13008
311 0 4 0 13016 13020
312 4 0 12695 0 12699
313 16 12868 0 4 12888
314 15 13155 1 21 13192
315 896 12472 5 7 13380
316 17 1 13158 3 13179
317 2 1 12860 4 12867
318 30 0 12835 11 12876
319 73 13162 1 14 13250
320 0 2 1 13151 13154
321 2 13305 0 5 13312
322 13653 1 14 0 13668
323 13415 0 3 0 13418
324 2 13509 0 4 13515
325 45 13591 0 0 13636
326 0 14 1 13493 13508
327 0 2 1 13454 13457
328 0 7 0 13403 13410
329 2 13552 0 11 13565
330 13501 0 5 2 13508
331 6 0 13314 1 13321
332 13301 1 3 1 13306
333 13028 1 6 1 13036
334 13036 0 2 0 13038
335 9 0 12772 1 12782
336 3 12763 0 2 12768
337 12795 0 3 0 12798
338 23 12711 0 0 12734
339 2 3 2 12467 12474
340 43 12638 0 0 12681
341 3 12764 0 0 12767
342 1 2 2 12715 12720
343 12679 0 5 0 12684
344 12711 0 1 0 12712
345 1 0 1 12637 12639
346 0 1 3 12632 12636
347 12646 1 14 3 12664
348 0 0 12330 0 12330
349 0 12285 1 3 12289
350 2 12397 0 48 12447
351 0 12499 0 1 12500
352 0 11 1 12494 12506
353 3 12623 1 3 12630
354 12663 0 0 2 12665
355 0 0 18 12601 12619
356 12527 0 7 0 12534
357 1 1 12476 0 12478
358 12339 0 2 1 12342
359 0 0 4 12415 12419
360 0 0 0 12468 12468
361 4 12525 0 10 12539
362 3 1 12375 2 12381
363 9 0 12448 0 12457
364 12500 1 13 16 12530
365 0 0 12417 0 12417
366 12418 0 10 1 12429
367 12505 1 8 0 12514
368 12482 4 8 0 12494
369 50 12471 1 19 12541
370 6 12575 0 10 12591
371 12574 0 2 1 12577
372 12510 2 0 0 12512
373 12482 0 19 0 12501
374 6 0 12501 0 12507
375 0 0 12384 2 12386
376 12584 0 7 0 12591
377 12593 7 1 0 12601
378 12566 0 0 1 12567
379 0 12542 0 5 12547
380 1 1 1 12485 12488
381 0 12505 0 2 12507
382 12564 0 0 0 12564
383 8 0 12216 0 12224
384 4 12321 0 16 12341
385 1 11 1 12109 12122
386 5 12221 0 3 12229
387 1 12258 0 2 12261
388 3 12334 0 63 12400
389 0 111 4 12288 12403
390 2 0 2 12385 12389
391 172 0 12121 0 12293
392 11999 0 1 1 12001
393 0 1 0 12251 12252
394 12281 0 0 0 12281
395 12146 1 0 0 12147
396 7 1 0 12244 12252
397 12208 0 0 0 12208
398 12108 3 0 0 12111
399 1 0 12047 0 12048
400 25 0 11871 0 11896
401 0 0 11807 0 11807
402 11895 0 3 2 11900
403 11780 0 4 1 11785
404 92 11747 5 0 11844
405 0 11874 0 2 11876
406 1 45 0 11885 11931
407 0 10 0 11949 11959
408 3 0 0 11927 11930
409 1 6 0 11999 12006
410 308 0 11524 0 11832
411 0 6 1 11602 11609
412 0 9 1 11691 11701
413 8 0 11516 18 11542
414 5 11496 0 3 11504
415 1 6 0 11582 11589
416 1 3 0 11653 11657
417 6 0 11548 0 11554
418 0 2 0 11296 11298
419 2 2 11317 1 11322
420 24 0 11206 0 11230
421 11182 0 119 1 11302
422 4 11349 0 1 11354
423 7 11506 0 2 11515
424 11672 0 11 2 11685
425 11673 0 12 0 11685
426 11591 1 13 0 11605
427 2 0 1 11702 11705
428 4 0 11672 2 11678
429 11693 0 1 0 11694
430 11688 0 5 0 11693
431 10 0 1 11702 11713
432 8 0 11638 1 11647
433 2 11879 0 20 11901
434 12444 2 1 0 12447
435 12342 0 2 0 12344
436 12252 0 8 0 12260
437 3 12205 0 0 12208
438 11991 1 2 16 12010
439 0 13300 11 3 13314
440 1 9 3 13429 13442
441 1 4 0 13515 13520
442 0 3 1 13646 13650
443 1 0 13594 2 13597
444 5 13747 0 0 13752
445 15 5 2 13811 13833
446 1 1 0 13862 13864
447 1 6 0 13865 13872
448 13866 0 3 0 13869
449 13633 0 1 0 13634
450 1 13499 0 1 13501
451 1 13366 0 2 13369
452 11 13442 0 7 13460
453 13484 0 4 0 13488
454 3 0 1 13397 13401
455 0 1 2 13457 13460
456 13495 0 1 1 13497
457 1 3 1 13452 13457
458 4 0 13221 6 13231
459 5 13284 0 13 13302
460 13379 0 1 0 13380
461 5 0 13258 0 13263
462 2 13106 0 5 13113
463 6 13088 0 2 13096
464 1 13194 0 3 13198
465 13250 0 3 0 13253
466 13142 0 1 0 13143
467 1 13135 0 2 13138
468 2 13236 1 2 13241
469 13235 0 0 2 13237
470 17 1 13295 8 13321
471 0 0 13180 0 13180
472 2 0 12986 5 12993
473 24 0 13000 0 13024
474 2 0 13087 76 13165
475 13027 0 11 0 13038
476 0 0 1 13304 13305
477 13293 0 1 0 13294
478 2 13555 0 1 13558
479 1 0 0 13556 13557
480 13585 0 9 5 13599
481 1 13467 0 158 13626
482 13655 1 0 2 13658
483 13673 1 13 0 13687
484 0 1 1 13685 13687
485 5 0 13715 1 13721
486 104 0 13422 3 13529
487 13620 0 7 0 13627
488 13657 0 1 1 13659
489 27 13558 0 3 13588
490 13530 0 150 3 13683
491 13611 3 3 1 13618
492 19 0 13601 7 13627
493 13545 2 46 0 13593
494 18 0 13539 0 13557
495 3 0 13258 0 13261
496 13430 0 1 1 13432
497 2 0 13358 11 13371
498 13526 4 6 1 13537
499 1 13775 0 3 13779
500 13982 3 3 0 13988
501 4 0 13942 1 13947
502 14147 0 2 0 14149
503 14183 1 0 2 14186
504 14056 1 1 0 14058
505 4 14203 0 2 14209
506 14202 0 0 0 14202
507 14099 3 3 0 14105
508 5 0 13964 5 13974
509 3 14097 0 0 14100
510 2 2 0 14102 14106
511 45 3 14015 17 14080
512 14009 4 45 0 14058
513 1 0 14287 1 14289
514 23 1 14050 4 14078
515 4 14236 0 4 14244
516 14413 0 1 0 14414
517 1 2 0 14562 14565
518 1 14694 0 3 14698
519 1 6 1 14731 14739
520 14760 0 2 0 14762
521 14690 0 5 1 14696
522 5 1 3 15071 15080
523 0 5 0 14997 15002
524 1 2 1 14944 14948
525 7 15064 0 8 15079
526 15076 0 6 0 15082
527 5 0 15547 1 15553
528 4 6 2 15286 15298
529 4 15439 0 47 15490
530 15671 0 4 1 15676
531 15667 1 6 0 15674
532 15587 0 8 6 15601
533 0 1 1 15655 15657
534 2 1 1 15527 15531
535 109 0 15341 1 15451
536 2 1 15278 3 15284
537 31 4 15300 0 15335
538 84 15448 4 33 15569
539 15778 0 4 0 15782
540 15741 0 7 0 15748
541 15778 0 9 0 15787
542 15641 0 5 1 15647
543 0 0 0 15475 15475
544 0 15451 0 13 15464
545 2 15429 0 2 15433
546 2 15444 0 49 15495
547 15560 1 0 0 15561
548 15404 1 3 1 15409
549 0 15589 0 2 15591
550 15571 0 10 2 15583
551 6 0 15622 0 15628
552 0 2 1 15101 15104
553 15514 0 5 5 15524
554 4 0 15493 0 15497
555 15609 0 22 0 15631
556 85 0 15351 11 15447
557 15621 0 2 0 15623
558 15545 1 6 0 15552
559 0 15544 0 12 15556
560 1 10 0 15334 15345
561 1 15605 0 3 15609
562 2 15641 0 5 15648
563 15723 2 0 1 15726
564 6 0 0 15608 15614
565 0 2 0 15646 15648
566 0 2 0 15608 15610
567 1 10 0 15506 15517
568 6 15476 0 16 15498
569 3 15549 1 1 15554
570 15420 2 4 0 15426
571 11 15510 1 13 15535
572 15609 1 5 3 15618
573 1 0 3 15521 15525
574 6 0 15454 6 15466
575 52 0 15211 2 15265
576 0 15375 1 2 15378
577 15451 3 7 0 15461
578 0 0 15463 14 15477
579 0 15473 0 11 15484
580 15662 1 12 2 15677
581 0 0 0 15632 15632
582 1 0 15586 0 15587
583 5 0 15076 1 15082
584 15246 2 9 12 15269
585 3 0 15337 0 15340
586 1 15379 0 4 15384
587 9 0 15466 3 15478
588 2 0 15257 0 15259
589 2 1 15246 0 15249
590 1 2 1 15139 15143
591 4 15216 6 0 15226
592 6 15450 0 13 15469
593 3 0 15354 0 15357
594 7 15367 0 3 15377
595 24 0 15424 7 15455
596 0 8 7 14921 14936
597 7 0 15141 4 15152
598 1 15126 0 42 15169
599 600 14812 0 6 15418
600 15598 1 1 1 15601
601 0 2 0 15543 15545
602 5 0 15536 3 15544
603 15278 1 5 0 15284
604 1 29 0 15415 15445
605 1 1 15400 2 15404
606 5 0 15388 1 15394
607 0 2 1 15243 15246
608 15464 0 1 1 15466
609 15457 6 4 0 15467
610 9 0 15440 6 15455
611 8 0 15307 2 15317
612 15306 0 21 0 15327
613 15351 0 3 1 15355
614 0 0 8 15248 15256
615 1 0 15333 1 15335
616 6 0 15221 0 15227
617 15174 0 14 0 15188
618 5 15203 1 61 15270
619 15311 0 1 0 15312
620 1 1 2 15247 15251
621 15289 12 1 1 15303
622 0 14 20 15180 15214
623 15278 15 79 19 15391
624 3 3 0 15017 15023
625 1 15474 0 5 15480
626 0 0 15487 9 15496
627 2 0 15359 5 15366
628 14741 2 204 3 14950
629 115 0 15110 0 15225
630 0 1 0 14916 14917
631 0 2 0 15195 15197
632 2 0 15213 0 15215
633 15066 1 18 1 15086
634 3 2 1 15206 15212
635 4 0 15105 0 15109
636 1 0 14889 0 14890
637 2 14723 2 31 14758
638 4 14774 0 15 14793
639 6 15038 1 5 15050
640 0 26 1 15197 15224
641 5 0 15154 0 15159
642 15127 0 12 1 15140
643 10 15545 0 0 15555
644 15620 0 2 0 15622
645 15128 0 0 0 15128
646 1 2 5 15605 15613
647 15855 0 2 1 15858
648 15827 0 3 0 15830
649 0 17 0 15750 15767
650 2 1 15677 2 15682
651 3 15763 0 5 15771
652 15828 0 3 4 15835
653 1 2 0 15797 15800
654 1 3 0 15849 15853
655 52 1 15587 2 15642
656 2 16010 0 2 16014
657 1 3 2 16061 16067
658 1 16119 0 3 16123
659 16200 0 5 2 16207
660 16091 0 2 0 16093
661 15983 1 6 1 15991
662 11 0 16195 0 16206
663 0 0 0 15530 15530
664 16115 0 3 0 16118
665 16191 0 0 0 16191
666 16214 0 0 1 16215
667 16116 0 1 2 16119
668 1 1 0 15931 15933
669 15926 0 1 10 15937
670 3 8 0 15946 15957
671 0 0 15949 4 15953
672 1 0 15760 5 15766
673 15437 0 26 0 15463
674 5 0 15590 2 15597
675 15687 0 2 1 15690
676 15577 1 5 0 15583
677 7 0 15425 0 15432
678 2 14910 4 3 14919
679 14987 0 23 0 15010
680 1 4 5 14866 14876
681 14863 0 1 0 14864
682 0 30 5 14696 14731
683 14587 0 19 0 14606
684 7 14702 0 4 14713
685 0 3 0 14722 14725
686 2 0 14584 9 14595
687 14500 0 7 1 14508
688 4 14495 1 1 14501
689 14245 1 1 2 14249
690 0 14165 3 4 14172
691 14194 2 5 1 14202
692 0 0 1 14096 14097
693 13840 0 5 2 13847
694 1 14027 0 14 14042
695 4 14051 1 5 14061
696 14024 0 8 1 14033
697 2 12 1 13875 13890
698 0 4 2 13964 13970
699 4 13879 0 13 13896
700 1 13970 0 13 13984
701 1 4 1 13960 13966
702 13910 0 2 0 13912
703 1 25 0 13765 13791
704 20 0 13690 1 13711
705 12 13742 0 3 13757
706 13629 0 148 2 13779
707 13666 0 3 0 13669
708 13697 1 3 1 13702
709 10 13756 0 3 13769
710 13867 0 5 0 13872
711 13713 0 2 1 13716
712 3 13721 3 15 13742
713 13691 0 5 0 13696
714 0 821 0 12588 13409
715 0 13601 0 3 13604
716 4 13646 0 10 13660
717 0 4 0 13658 13662
718 13771 0 2 0 13773
719 13734 0 0 0 13734
720 1 0 13508 1 13510
721 13639 0 2 0 13641
722 13524 0 1 3 13528
723 3 13478 0 0 13481
724 13415 0 1 2 13418
725 0 13460 0 4 13464
726 13601 0 2 1 13604
727 13511 1 4 0 13516
728 2 0 13318 0 13320
729 13387 0 0 2 13389
730 13358 0 1 1 13360
731 13409 0 3 4 13416
732 3 0 13204 1 13208
733 0 6 4 12240 12250
734 1 0 12828 2 12831
735 1 12806 0 11 12818
736 7 12922 0 21 12950
737 2 4 1 12930 12937
738 4 0 12917 1 12922
739 1 12928 1 3 12933
740 12993 0 2 2 12997
741 12945 0 2 6 12953
742 1 0 1 12922 12924
743 0 2 0 12947 12949
744 1 0 12733 6 12740
745 2 12719 0 2 12723
746 12730 0 3 0 12733
747 1 0 0 12614 12615
748 1859 10586 1 234 12680
749 47 0 12634 2 12683
750 60 0 12483 0 12543
751 6 0 12447 8 12461
752 7 0 12787 5 12799
753 3 0 12771 1 12775
754 12808 12 0 1 12821
755 13002 0 13 1 13016
756 13016 0 7 5 13028
757 0 0 0 12994 12994
758 0 2 0 13078 13080
759 2 0 13003 1 13006
760 1 8 0 12782 12791
761 0 6 0 12945 12951
762 12943 0 1 0 12944
763 0 0 0 12835 12835
764 13 12813 2 5 12833
765 3 12 1 12874 12890
766 12877 65 2 0 12944
767 12824 1 1 0 12826
768 2 2 1 12693 12698
769 5 0 12671 4 12680
770 12094 0 625 0 12719
771 1 1 0 12634 12636
772 12761 0 1 1 12763
773 12586 0 0 0 12586
774 0 12594 0 1 12595
775 0 2 0 12643 12645
776 3 0 12629 3 12635
777 12337 1 0 0 12338
778 1 21 0 12419 12441
779 5 1 12403 0 12409
780 1 1 12126 2 12130
781 1 12296 1 4 12302
782 1 4 0 12208 12213
783 2 12330 0 26 12358
784 12466 3 6 2 12477
785 3 0 12338 0 12341
786 0 12265 0 9 12274
787 0 42 0 12298 12340
788 0 2 1 12228 12231
789 6 12310 0 9 12325
790 12317 1 8 0 12326
791 29 0 12177 1 12207
792 0 1 12087 0 12088
793 0 9 0 11330 11339
794 41 1 11864 1 11907
795 0 1 0 11846 11847
796 1 0 0 11947 11948
797 12077 3 5 0 12085
798 2 0 12053 1 12056
799 0 2 0 11747 11749
800 10 0 11833 3 11846
801 11842 0 4 28 11874
802 11846 0 8 1 11855
803 0 0 3 11954 11957
804 32 0 11801 1 11834
805 1 11822 0 5 11828
806 11884 1 5 1 11891
807 0 0 12014 4 12018
808 11924 2 18 1 11945
809 3 4 0 11795 11802
810 0 4 0 11822 11826
811 0 2 0 11839 11841
812 274 11562 0 8 11844
813 0 5 1 11963 11969
814 1 8 0 12014 12023
815 11913 1 2 0 11916
816 11684 2 2 3 11691
817 3 0 11738 4 11745
818 11558 0 1 0 11559
819 0 2 1 11414 11417
820 1 0 0 11451 11452
821 160 11336 0 7 11503
822 39 0 11373 3 11415
823 11099 0 7 4 11110
824 5 0 11186 2 11193
825 10842 4 2 0 10848
826 20 2 10862 0 10884
827 1 0 10723 3 10727
828 3 1 10585 1 10590
829 5 10606 1 13 10625
830 5 10545 0 1 10551
831 6 2 10714 1 10723
832 10282 0 4 1 10287
833 10276 2 1 0 10279
834 1 7 0 10339 10347
835 10324 1 5 0 10330
836 10244 0 1 0 10245
837 1 23 0 10179 10203
838 10119 1 0 10 10130
839 9985 0 0 0 9985
840 9919 1 4 0 9924
841 9942 0 8 0 9950
842 3 0 9826 1 9830
843 9855 0 0 2 9857
844 9895 0 19 0 9914
845 9887 0 7 2 9896
846 0 5 1 9775 9781
847 9828 0 2 0 9830
848 1 3 0 9735 9739
849 1 0 1 9691 9693
850 0 231 0 9389 9620
851 3 9517 0 12 9532
852 8 9450 1 2 9461
853 9553 0 0 0 9553
854 9419 0 3 0 9422
855 2 9426 4 0 9432
856 9400 0 5 0 9405
857 1 0 9470 6 9477
858 0 0 9284 1 9285
859 9347 0 2 0 9349
860 9426 0 1 0 9427
861 0 0 9284 0 9284
862 9311 0 0 0 9311
863 2 0 9282 0 9284
864 0 27 0 8943 8970
865 9312 1 1 0 9314
866 9315 0 2 0 9317
867 9298 2 0 0 9300
868 9169 1 0 1 9171
869 5 9000 0 2 9007
870 8820 2 1 1 8824
871 7 8803 0 1 8811
872 8714 0 0 1 8715
873 3 8815 0 0 8818
874 0 2 1 8775 8778
875 6 0 8735 0 8741
876 8553 0 7 0 8560
877 0 0 8709 0 8709
878 1 7 8596 0 8604
879 8619 0 0 0 8619
880 8697 0 1 0 8698
881 0 0 0 8545 8545
882 3 0 8551 0 8554
883 1 8474 2 3 8480
884 8611 3 0 0 8614
885 0 8572 0 0 8572
886 8634 1 0 8 8643
887 2 22 13 8610 8647
888 2 0 8585 0 8587
889 2 8599 3 21 8625
890 2 0 8714 1 8717
891 0 0 8579 0 8579
892 8442 0 25 4 8471
893 0 0 1 8557 8558
894 0 0 0 8665 8665
895 6 5 0 8684 8695
896 3 0 8506 1 8510
897 0 8453 0 30 8483
898 2 8564 0 14 8580
899 8546 0 13 2 8561
900 16 0 8503 0 8519
901 4 8438 1 11 8454
902 8589 0 3 0 8592
903 8586 0 2 0 8588
904 0 0 1 8607 8608
905 8621 0 1 0 8622
906 8613 1 2 0 8616
907 8542 0 29 0 8571
908 8539 0 0 0 8539
909 3 8578 0 9 8590
910 3 8467 1 20 8491
911 8701 1 0 1 8703
912 1 0 0 8598 8599
913 8745 1 0 30 8776
914 0 0 8456 4 8460
915 8610 0 0 4 8614
916 8638 0 2 0 8640
917 5 1 0 8546 8552
918 1 2 8609 1 8613
919 0 8 0 8359 8367
920 34 0 8491 0 8525
921 2 8388 1 2 8393
922 10 8404 0 10 8424
923 0 0 2 8580 8582
924 1 0 8602 1 8604
925 0 10 0 8456 8466
926 8613 4 0 1 8618
927 1 1 8516 0 8518
928 8633 0 0 0 8633
929 2 0 8568 3 8573
930 8586 0 3 0 8589
931 3 8574 0 43 8620
932 8743 0 2 0 8745
933 8670 0 1 1 8672
934 0 8651 0 36 8687
935 8778 0 4 4 8786
936 1 0 8838 0 8839
937 8 0 8772 1 8781
938 0 3 1 8446 8450
939 8807 1 1 1 8810
940 3 8830 0 9 8842
941 8904 0 3 0 8907
942 0 8927 0 0 8927
943 8985 1 5 0 8991
944 6 0 8872 0 8878
945 0 9005 0 5 9010
946 9244 0 2 7 9253
947 9313 0 1 0 9314
948 9346 0 0 0 9346
949 9442 0 1 0 9443
950 9424 4 2 1 9431
951 0 0 9184 1 9185
952 8949 0 66 0 9015
953 1 9231 0 1 9233
954 7 9388 0 0 9395
955 0 14 1 9320 9335
956 0 4 0 9407 9411
957 0 2 0 9376 9378
958 0 4 1 9543 9548
959 49 77 9369 0 9495
960 1 2 0 9343 9346
961 3 9426 0 24 9453
962 9509 1 12 6 9528
963 9422 1 5 1 9429
964 9454 0 16 0 9470
965 0 2 4 9516 9522
966 1 0 1 9652 9654
967 9607 0 17 2 9626
968 9576 0 1 1 9578
969 9461 0 3 0 9464
970 2 9482 0 46 9530
971 50 0 9491 17 9558
972 0 0 0 9049 9049
973 1343 0 8045 5 9393
974 0 0 9411 0 9411
975 6577 2 2833 0 9412
976 25 0 9473 1 9499
977 9521 4 1 2 9528
978 5 9657 0 2 9664
979 1 2 0 9729 9732
980 9 0 9740 5 9754
981 9750 1 0 1 9752
982 0 1 0 9716 9717
983 9816 0 4 1 9821
984 32 9710 0 139 9881
985 9922 5 1 2 9930
986 2 0 10232 4 10238
987 0 10816 0 7 10823
988 10899 0 1 1 10901
989 13 1 10926 0 10940
990 11002 0 1 0 11003
991 11075 1 4 0 11080
992 11503 1 6 3 11513
993 2 0 1 11694 11697
994 11714 0 3 0 11717
995 11684 1 0 0 11685
996 218 0 11560 5 11783
997 11578 0 3 2 11583
998 1 8 1 11636 11646
999 1 3 0 11842 11846
1000 20 0 11597 3 11620
1001 11514 2 1 3 11520
1002 1 1 2 11725 11729
1003 5 0 11714 0 11719
1004 2 4 1 11504 11511
1005 1 0 11600 1 11602
1006 5 11679 0 11 11695
1007 11815 1 0 7 11823
1008 9 11912 0 5 11926
1009 11650 0 271 3 11924
1010 12 0 11872 1 11885
1011 11692 1 55 1 11749
1012 3 5 0 11830 11838
1013 11710 0 1 1 11712
1014 2 12257 0 1 12260
1015 5 6 0 12280 12291
1016 0 9 0 12537 12546
1017 12599 1 0 0 12600
1018 0 2 1 12640 12643
1019 0 6 1 12758 12765
1020 1 2 1 12857 12861
1021 20 0 12751 7 12778
1022 7 0 12622 1 12630
1023 12563 0 6 0 12569
1024 3 12584 0 0 12587
1025 12246 0 4 2 12252
1026 6 12699 1 6 12712
1027 10 12599 1 6 12616
1028 4 12692 0 1 12697
1029 5 12858 0 0 12863
1030 4 12876 1 29 12910
1031 12931 1 3 1 12936
1032 1 0 12875 4 12880
1033 12694 0 30 0 12724
1034 3 12761 0 0 12764
1035 3 12868 1 1 12873
1036 13067 1 1 0 13069
1037 12911 0 4 0 12915
1038 12941 0 1 0 12942
1039 0 6 0 13034 13040
1040 2 0 13057 0 13059
1041 12880 0 1 6 12887
1042 0 0 2 13071 13073
1043 2 11 13105 0 13118
1044 3 0 13033 3 13039
1045 12876 1 13 29 12919
1046 12896 1 100 0 12997
1047 11 0 12998 3 13012
1048 2 13004 0 8 13014
1049 13264 0 3 1 13268
1050 0 2 1 13314 13317
1051 13413 0 13 0 13426
1052 13298 0 23 0 13321
1053 31 13199 5 29 13264
1054 13322 2 3 1 13328
1055 6 0 13152 0 13158
1056 2 0 13046 2 13050
1057 19 12841 0 3 12863
1058 2 12827 0 42 12871
1059 1 13143 0 2 13146
1060 5 2 0 13342 13349
1061 0 3 0 13587 13590
1062 5 0 13492 0 13497
1063 1 1 0 13329 13331
1064 0 2 13436 2 13440
1065 13435 0 4 2 13441
1066 13475 1 4 1 13481
1067 0 2 0 13559 13561
1068 4 13659 0 3 13666
1069 1 5 0 13784 13790
1070 5 0 13728 1 13734
1071 13367 3 0 4 13374
1072 1 3 4 13676 13684
1073 2 0 13750 0 13752
1074 1 1 13672 1 13675
1075 2 1 13671 0 13674
1076 18 0 13681 0 13699
1077 13620 0 7 0 13627
1078 15 13757 3 3 13778
1079 13943 0 10 1 13954
1080 13891 1 23 0 13915
1081 13750 1 134 0 13885
1082 5 0 14008 5 14018
1083 4 0 14016 0 14020
1084 6 0 13973 0 13979
1085 13606 6 3 1 13616
1086 14 0 14011 0 14025
1087 27 0 2 13302 13331
1088 2 0 13852 0 13854
1089 3 0 13934 4 13941
1090 13874 0 33 2 13909
1091 1 0 14012 4 14017
1092 1 0 13887 0 13888
1093 9 13975 0 6 13990
1094 14203 0 6 0 14209
1095 2 13 7 14037 14059
1096 3 13266 0 797 14066
1097 14156 2 3 0 14161
1098 14164 6 3 0 14173
1099 16 0 14246 0 14262
1100 1 0 14188 3 14192
1101 1 0 14088 3 14092
1102 14206 0 9 2 14217
1103 0 0 14336 0 14336
1104 0 0 14472 0 14472
1105 14209 0 122 0 14331
1106 0 0 1 14459 14460
1107 1 5 1 14631 14638
1108 0 9 1 14796 14806
1109 15 0 14755 0 14770
1110 2 13 0 14524 14539
1111 1 3 0 14647 14651
1112 2 14676 0 3 14681
1113 14717 0 1 1 14719
1114 1 8 3 14891 14903
1115 6 15079 1 5 15091
1116 15185 0 4 0 15189
1117 15149 2 4 1 15156
1118 15081 0 3 4 15088
1119 4 0 15169 0 15173
1120 15031 0 2 0 15033
1121 15265 0 1 0 15266
1122 0 2 3 15262 15267
1123 12 3 15216 1 15232
1124 15223 0 1 0 15224
1125 15214 0 1 0 15215
1126 15017 0 6 0 15023
1127 0 16 2 14837 14855
1128 0 14833 0 23 14856
1129 13 14836 0 5 14854
1130 14841 6 2 0 14849
1131 14595 0 2 1 14598
1132 2 1 14785 6 14794
1133 14329 0 53 5 14387
1134 1 0 1 14398 14400
1135 2 26 0 14635 14663
1136 111 0 14565 2 14678
1137 3 0 14603 0 14606
1138 14318 0 0 2 14320
1139 14406 1 6 12 14425
1140 4 0 14472 7 14483
1141 5 4 14420 1 14430
1142 4 5 1 13155 13165
1143 2 0 14159 4 14165
1144 3 2 14292 0 14297
1145 1 3 0 13700 13704
1146 14009 0 4 0 14013
1147 5 14203 0 9 14217
1148 1 1 0 14439 14441
1149 0 14485 0 6 14491
1150 1 14 0 14529 14544
1151 5 14597 0 5 14607
1152 7 0 14657 3 14667
1153 14372 1 13 1 14387
1154 14562 0 5 7 14574
1155 0 14728 0 1 14729
1156 127 1 14539 4 14671
1157 12758 0 1701 0 14459
1158 0 3 0 14563 14566
1159 22 1 14582 3 14608
1160 0 4 0 14502 14506
1161 5 14648 0 3 14656
1162 0 11 6 14856 14873
1163 14819 13 18 0 14850
1164 14730 1 10 0 14741
1165 14696 6 5 0 14707
1166 14621 0 1 1 14623
1167 13 14545 0 75 14633
1168 0 32 2 14445 14479
1169 16 0 14486 2 14504
1170 1988 1 12320 0 14309
1171 13968 0 2 1 13971
1172 14126 1 10 1 14138
1173 2 0 14292 0 14294
1174 23 0 14162 0 14185
1175 13995 6 1 2 14004
1176 2 3 1 14170 14176
1177 2 0 14199 1 14202
1178 0 0 13999 4 14003
1179 3 0 13982 2 13987
1180 3 0 14034 2 14039
1181 13970 0 2 0 13972
1182 3 3 2 13909 13917
1183 1 0 14074 1 14076
1184 2 0 14101 1 14104
1185 3594 0 10426 1 14021
1186 13776 1 14 1 13792
1187 1 14002 0 4 14007
1188 0 2 0 14105 14107
1189 72 0 14206 1 14279
1190 0 4 1 13973 13978
1191 14168 0 0 1 14169
1192 2 18 0 14241 14261
1193 54 0 14209 0 14263
1194 0 51 0 14011 14062
1195 8 14175 0 5 14188
1196 14360 0 5 4 14369
1197 14162 1 10 1 14174
1198 2 0 14344 0 14346
1199 2 9 0 13739 13750
1200 14137 0 6 4 14147
1201 1 16 0 14175 14192
1202 22 0 14290 3 14315
1203 300 0 13983 0 14283
1204 4 2 1 13842 13849
1205 1 1 14251 1 14254
1206 5 0 14138 2 14145
1207 14114 0 7 1 14122
1208 13 1 13994 0 14008
1209 13898 1 1 1 13901
1210 1 13983 0 3 13987
1211 3 13929 0 0 13932
1212 2 14086 0 2 14090
1213 14191 0 4 3 14198
1214 4 1 0 13997 14002
1215 1 3 13945 0 13949
1216 1 0 13828 4 13833
1217 1 2 13627 1 13631
1218 3 13870 0 6 13879
1219 1 0 3 14011 14015
1220 15 1 14078 0 14094
1221 13897 1 2 0 13900
1222 1314 12605 3 44 13966
1223 13940 3 1 0 13944
1224 7 0 14032 1 14040
1225 1 5 0 13390 13396
1226 6 0 13817 14 13837
1227 13834 0 4 0 13838
1228 1 9 0 13749 13759
1229 5 0 13821 0 13826
1230 1 13532 0 2 13535
1231 7 13595 0 2 13604
1232 1 13736 0 13 13750
1233 3 1 2 13907 13913
1234 13724 0 7 0 13731
1235 5 0 13747 6 13758
1236 3 13341 1 309 13654
1237 0 97 16 13733 13846
1238 3 4 2 13940 13949
1239 1 0 0 13917 13918
1240 0 65 2 13898 13965
1241 13644 0 2 7 13653
1242 3 1 13740 0 13744
1243 3 2 0 13106 13111
1244 3 2 13491 13 13509
1245 8 0 13545 1 13554
1246 13107 1 20 3 13131
1247 12 0 13510 0 13522
1248 0 3 0 13062 13065
1249 13383 0 2 4 13389
1250 13441 0 1 1 13443
1251 2 2 0 13503 13507
1252 2 0 13530 1 13533
1253 9 0 13733 0 13742
1254 6 1 11 13332 13350
1255 1 13 1 13789 13804
1256 0 8 0 13895 13903
1257 2 13993 0 8 14003
1258 14237 0 2 0 14239
1259 13340 0 758 16 14114
1260 1 1 0 14212 14214
1261 10 1 14288 0 14299
1262 9982 0 4439 1 14422
1263 14573 0 4 0 14577
1264 14648 0 12 0 14660
1265 1 0 14468 0 14469
1266 14228 0 0 0 14228
1267 13864 4 4 0 13872
1268 3 14088 0 11 14102
1269 4 14165 0 0 14169
1270 4 2 0 14213 14219
1271 16 1 14221 11 14249
1272 1 1 14241 8 14251
1273 1 2 0 13942 13945
1274 0 0 0 14220 14220
1275 2 0 14190 4 14196
1276 5 0 14236 1 14242
1277 2 4 0 13768 13774
1278 14107 0 1 2 14110
1279 0 5 0 14219 14224
1280 0 4 0 14128 14132
1281 5 13867 0 17 13889
1282 3 14373 0 18 14394
1283 0 6 3 14603 14612
1284 1 7 0 14627 14635
1285 1 6 0 14699 14706
1286 4 3 14547 3 14557
1287 2 0 14374 3 14379
1288 38 14350 0 1 14389
1289 8 4 0 14383 14395
1290 0 5 1 14501 14507
1291 1 14586 0 3 14590
1292 2 0 14774 1 14777
1293 14581 0 1 2 14584
1294 14594 0 3 0 14597
1295 14672 1 0 1 14674
1296 3 2 1 14961 14967
1297 14004 0 1011 1 15016
1298 14991 0 2 0 14993
1299 14841 2 26 0 14869
1300 14878 0 4 1 14883
1301 0 2 14824 1 14827
1302 14760 2 1 0 14763
1303 0 1 0 15049 15050
1304 15096 0 0 0 15096
1305 15116 0 6 0 15122
1306 279 2 14735 1 15017
1307 14917 1 30 1 14949
1308 15004 0 6 0 15010
1309 15030 1 11 0 15042
1310 1 2 11 14904 14918
1311 2 0 15063 1 15066
1312 0 14777 0 85 14862
1313 10 1 15099 3 15113
1314 14901 1 1 1 14904
1315 4 7 3 14910 14924
1316 3 0 14907 0 14910
1317 1 2 0 14666 14669
1318 0 14676 0 50 14726
1319 5 14560 2 9 14576
1320 6 14641 0 0 14647
1321 13 14495 0 1 14509
1322 1 0 1 14609 14611
1323 2 1 14657 0 14660
1324 0 8 1 14383 14392
1325 14436 3 3 1 14443
1326 1 2 3 14614 14620
1327 2 10 1 14785 14798
1328 2 0 14753 4 14759
1329 2 0 14713 3 14718
1330 9 1 14708 7 14725
1331 14456 1 3 4 14464
1332 0 9 0 14764 14773
1333 14850 0 1 1 14852
1334 3 0 14872 1 14876
1335 14704 0 0 1 14705
1336 3 1 14869 1 14874
1337 14910 0 0 1 14911
1338 0 2 0 14851 14853
1339 1 1 14910 5 14917
1340 21 0 14894 0 14915
1341 1 1 2 14595 14599
1342 14712 0 11 2 14725
1343 5 14799 10 7 14821
1344 14988 5 0 0 14993
1345 1 1 0 15046 15048
1346 18 0 15016 1 15035
1347 14866 0 0 0 14866
1348 0 14 0 14928 14942
1349 12 0 14970 4 14986
1350 2 0 14939 0 14941
1351 60 2 0 14302 14364
1352 54 0 14890 3 14947
1353 41 0 14955 0 14996
1354 14990 0 66 4 15060
1355 15173 0 3 0 15176
1356 15262 0 7 0 15269
1357 15191 0 10 2 15203
1358 23 37 15140 0 15200
1359 14963 0 58 0 15021
1360 1 0 15090 11 15102
1361 14802 0 0 2 14804
1362 3 15100 1 5 15109
1363 0 37 0 15094 15131
1364 0 2 0 15243 15245
1365 3 0 15155 1 15159
1366 8 2 14948 3 14961
1367 1 14960 0 2 14963
1368 14697 0 2 2 14701
1369 1 14712 0 30 14743
1370 8 0 0 14623 14631
1371 2 14736 0 1 14739
1372 14755 9 8 1 14773
1373 1 0 14793 0 14794
1374 1 14606 0 3 14610
1375 14695 0 2 0 14697
1376 1 0 14633 5 14639
1377 2 14535 0 2 14539
1378 14691 0 12 0 14703
1379 14583 0 0 0 14583
1380 0 14661 0 1 14662
1381 14646 0 3 0 14649
1382 2 1 14517 2 14522
1383 2 14285 1 0 14288
1384 0 14297 0 71 14368
1385 14473 0 9 0 14482
1386 1 4 0 14527 14532
1387 0 0 0 14552 14552
1388 1 2 0 14581 14584
1389 14417 0 3 1 14421
1390 9 14398 0 12 14419
1391 0 1 0 14483 14484
1392 0 0 14524 0 14524
1393 1 1 0 14295 14297
1394 2 2 0 14315 14319
1395 0 0 1 14417 14418
1396 14395 0 0 0 14395
1397 14247 0 25 5 14277
1398 3 2 1 14233 14239
1399 1 0 14150 0 14151
1400 1 0 13983 1 13985
1401 11 0 13903 1 13915
1402 8 13670 0 2 13680
1403 1 1 0 13834 13836
1404 1 13954 0 4 13959
1405 14114 0 2 0 14116
1406 1 2 14008 3 14014
1407 4 0 13852 4 13860
1408 13778 0 3 0 13781
1409 0 13824 0 1 13825
1410 13880 0 0 0 13880
1411 26 0 13763 0 13789
1412 3 13625 0 53 13681
1413 0 1 0 13801 13802
1414 22 0 13773 0 13795
1415 1 13624 0 16 13641
1416 0 3 0 13774 13777
1417 4 0 13798 0 13802
1418 0 0 0 13583 13583
1419 0 0 13673 1 13674
1420 2 0 13530 0 13532
1421 2 0 13506 1 13509
1422 13525 0 7 0 13532
1423 0 13359 0 1 13360
1424 13423 0 5 0 13428
1425 1 13558 0 1 13560
1426 1 7 2 13428 13438
1427 7 0 13499 0 13506
1428 0 28 0 13234 13262
1429 2 13303 0 1 13306
1430 13040 55 26 1 13122
1431 1 13077 3 0 13081
1432 13053 1 8 1 13063
1433 1 0 13121 0 13122
1434 2 0 12959 2 12963
1435 1 2 1 12444 12448
1436 8 0 12802 0 12810
1437 0 0 0 12842 12842
1438 0 1 0 12888 12889
1439 11 0 12825 0 12836
1440 12677 0 1 2 12680
1441 14 12597 62 1 12674
1442 12523 0 1 1 12525
1443 0 2 1 12444 12447
1444 90 0 12278 1 12369
1445 2 0 12279 0 12281
1446 0 12176 0 3 12179
1447 0 2 0 12030 12032
1448 6 11271 0 763 12040
1449 0 1 2 12175 12178
1450 13 0 12119 3 12135
1451 0 1 0 11985 11986
1452 11949 0 0 0 11949
1453 11944 0 0 0 11944
1454 0 1 0 12027 12028
1455 10 0 11913 5 11928
1456 13 0 11908 5 11926
1457 11596 0 15 0 11611
1458 1 0 11764 0 11765
1459 0 0 11648 0 11648
1460 11476 1 0 2 11479
1461 2 0 11644 0 11646
1462 0 1 0 11251 11252
1463 4 0 11437 8 11449
1464 0 0 11427 0 11427
1465 0 0 0 11200 11200
1466 0 1 0 11387 11388
1467 11348 0 23 0 11371
1468 11280 0 8 0 11288
1469 0 0 11243 3 11246
1470 0 0 0 10516 10516
1471 7 10733 0 0 10740
1472 1 2 0 10756 10759
1473 3 2 10730 2 10737
1474 2 0 0 10574 10576
1475 0 27 0 10553 10580
1476 4 10305 0 41 10350
1477 11 1 0 10440 10452
1478 10396 0 1 0 10397
1479 10276 1 0 0 10277
1480 9833 0 1 1 9835
1481 0 10083 1 0 10084
1482 1 9815 0 0 9816
1483 1 9799 0 7 9807
1484 4 8 1 9732 9745
1485 0 2 0 9763 9765
1486 0 0 0 9798 9798
1487 2 0 9708 2 9712
1488 0 0 0 9544 9544
1489 0 0 0 9370 9370
1490 0 9421 0 0 9421
1491 0 9376 0 0 9376
1492 0 6 1 9194 9201
1493 9 0 9146 0 9155
1494 0 1 1 8610 8612
1495 1 1 1 8615 8618
1496 0 0 0 8611 8611
1497 0 12 0 8580 8592
1498 8 0 8371 0 8379
1499 0 1 0 8237 8238
1500 0 5 0 8227 8232
1501 3 1 1 8204 8209
1502 40 0 7890 1 7931
1503 7806 0 9 1 7816
1504 7692 0 12 1 7705
1505 139 7560 4 5 7708
1506 7188 0 16 0 7204
1507 6902 0 22 1 6925
1508 3 0 0 6857 6860
1509 1 0 0 6905 6906
1510 6 0 6636 1 6643
1511 0 6 0 6284 6290
1512 0 6337 0 1 6338
1513 3 6264 0 0 6267
1514 0 4 0 5882 5886
1515 0 2 0 5896 5898
1516 5664 0 0 0 5664
1517 0 5772 0 6 5778
1518 0 0 1 5688 5689
1519 5642 0 8 0 5650
1520 5558 0 3 0 5561
1521 5209 0 34 1 5244
1522 0 5330 0 9 5339
1523 6 0 1 4812 4819
1524 0 6 0 4749 4755
1525 4710 0 0 0 4710
1526 4554 0 1 0 4555
1527 0 35 0 4333 4368
1528 0 5 0 4006 4011
1529 0 0 3784 0 3784
1530 0 0 0 3707 3707
1531 0 0 1 3677 3678
1532 1 3 0 3628 3632
1533 2 1571 0 0 1573
1534 0 0 0 1255 1255
1535 40 0 1158 0 1198
1536 1064 0 3 0 1067
1537 985 0 4 0 989
1538 777 0 0 0 777
1539 648 0 0 0 648
1540 540 0 0 0 540
1541 0 0 0 459 459
1542 2 0 179 0 181
1543 0 88 0 0 88
1544 0 0 0 48 48
1545 0 48 0 0 48
1546 0 0 0 40 40
1547 0 0 0 29 29
1548 0 0 28 0 28
1549 0 0 0 27 27
1550 0 0 0 27 27
1551 25 0 0 0 25
1552 0 25 0 0 25
1553 0 0 0 22 22
1554 18 0 0 0 18
1555 0 18 0 0 18
1556 0 0 0 8 8
1557 0 0 0 0 0
