0 0 0 0 0 0
1 0 40 0 0 40
2 40 2 0 0 42
3 0 0 46 0 46
4 51 0 0 0 51
5 49 0 0 0 49
6 0 0 53 0 53
7 0 60 0 0 60
8 62 1 0 0 63
9 0 0 65 0 65
10 70 0 3 0 73
11 0 0 92 0 92
12 0 98 0 0 98
13 108 0 0 0 108
14 0 0 0 112 112
15 0 116 0 0 116
16 0 0 0 115 115
17 0 0 0 136 136
18 0 154 0 0 154
19 0 0 0 260 260
20 2 147 0 173 322
21 348 0 0 0 348
22 350 0 0 0 350
23 364 1 1 5 371
24 367 0 0 2 369
25 0 408 0 0 408
26 0 0 0 410 410
27 0 0 402 0 402
28 421 0 0 0 421
29 446 0 2 0 448
30 0 0 454 0 454
31 0 463 0 0 463
32 525 0 0 0 525
33 532 0 0 1 533
34 542 0 0 0 542
35 0 0 0 554 554
36 546 0 0 0 546
37 0 0 547 0 547
38 0 0 552 0 552
39 0 561 0 0 561
40 0 645 0 0 645
41 9 414 0 0 423
42 1026 0 0 1 1027
43 1063 0 2 0 1065
44 1069 0 0 1 1070
45 1094 0 0 0 1094
46 1085 0 0 0 1085
47 0 1 0 1174 1175
48 0 0 1247 0 1247
49 1248 1 0 0 1249
50 1279 0 1 0 1280
51 0 1291 2 0 1293
52 1285 0 0 0 1285
53 1277 0 0 0 1277
54 0 2 0 1311 1313
55 0 0 1326 0 1326
56 1 1362 0 0 1363
57 0 1 0 1373 1374
58 1343 0 11 0 1354
59 0 1385 0 1 1386
60 0 1429 0 1 1430
61 0 10 0 1433 1443
62 0 0 0 1476 1476
63 0 1521 0 0 1521
64 1505 1 3 0 1509
65 1535 0 0 0 1535
66 0 1554 0 0 1554
67 0 0 0 1560 1560
68 1487 0 71 1 1559
69 0 0 0 1569 1569
70 1567 0 0 0 1567
71 0 1636 0 0 1636
72 1674 0 1 0 1675
73 1667 0 1 0 1668
74 1641 0 0 0 1641
75 0 1899 0 0 1899
76 8 0 2038 0 2046
77 0 0 0 2027 2027
78 0 1 0 2091 2092
79 2086 1 0 0 2087
80 2089 1 1 0 2091
81 1 2154 0 0 2155
82 2 2230 0 9 2241
83 1 2336 0 10 2347
84 0 0 0 2392 2392
85 2405 0 2 0 2407
86 0 0 0 2428 2428
87 0 5 0 2428 2433
88 0 0 0 2719 2719
89 0 3041 0 4 3045
90 0 1 0 3047 3048
91 1 3061 6 1 3069
92 3045 0 2 0 3047
93 0 3111 0 0 3111
94 3120 0 2 0 3122
95 0 0 3 3097 3100
96 0 3152 0 2 3154
97 3152 13 3 0 3168
98 0 7 3162 2 3171
99 0 2 3266 0 3268
100 0 0 3221 0 3221
101 0 6 3203 0 3209
102 2 1 3271 0 3274
103 3326 0 3 0 3329
104 0 0 3403 0 3403
105 0 15 0 3416 3431
106 3556 1 0 1 3558
107 0 0 0 3604 3604
108 0 3 0 3658 3661
109 3657 2 9 1 3669
110 1 0 0 3890 3891
111 0 3 2 4148 4153
112 4243 1 1 0 4245
113 0 0 0 4252 4252
114 1 4257 0 0 4258
115 4280 0 0 0 4280
116 0 4406 0 0 4406
117 0 1 0 4490 4491
118 4498 0 0 1 4499
119 0 1 0 4586 4587
120 4606 1 0 1 4608
121 0 0 5 4644 4649
122 3 3 4624 0 4630
123 1 1 0 4851 4853
124 0 6 5237 4 5247
125 1 0 3 5373 5377
126 0 5564 0 1 5565
127 5611 1 24 0 5636
128 0 0 5636 1 5637
129 0 5880 0 2 5882
130 0 3 0 5990 5993
131 0 0 0 6092 6092
132 0 6182 0 1 6183
133 6133 0 7 2 6142
134 0 0 0 6177 6177
135 0 8 0 6221 6229
136 6215 1 0 0 6216
137 0 1 0 6216 6217
138 1 6262 0 4 6267
139 6272 2 0 0 6274
140 1 0 0 6289 6290
141 6226 0 1 0 6227
142 1 6339 7 1 6348
143 0 0 0 6371 6371
144 0 0 0 6379 6379
145 6320 0 6 1 6327
146 0 6472 0 0 6472
147 0 1 0 6473 6474
148 6479 1 1 0 6481
149 0 1 0 6458 6459
150 6427 7 0 46 6480
151 0 14 0 6540 6554
152 0 10 0 6878 6888
153 0 7268 2 8 7278
154 1 1 7257 10 7269
155 9 0 7259 1 7269
156 7213 0 11 8 7232
157 0 0 1 7337 7338
158 7393 0 2 0 7395
159 2 13 0 7533 7548
160 7535 1 0 0 7536
161 0 1 0 7560 7561
162 0 4 0 7596 7600
163 5 0 7500 1 7506
164 0 7755 0 19 7774
165 0 4 0 7940 7944
166 8035 2 0 0 8037
167 7992 1 0 3 7996
168 7961 2 0 2 7965
169 8046 1 0 1 8048
170 1 1 0 8097 8099
171 0 0 0 8226 8226
172 0 8240 0 0 8240
173 0 2 0 8241 8243
174 0 8210 0 1 8211
175 8157 0 0 0 8157
176 2 8249 1 3 8255
177 0 1 0 8292 8293
178 8327 2 0 0 8329
179 8265 1 0 0 8266
180 2 8348 0 12 8362
181 8377 1 0 1 8379
182 1 0 8381 0 8382
183 8322 0 3 0 8325
184 8450 0 0 0 8450
185 8444 1 4 0 8449
186 0 0 0 8506 8506
187 8511 0 0 2 8513
188 8400 0 0 1 8401
189 39 8492 0 2 8533
190 1 5 0 8450 8456
191 3 1 8318 0 8322
192 0 8429 0 2 8431
193 8376 0 7 0 8383
194 0 8546 0 1 8547
195 1914 6733 1 0 8648
196 8658 0 13 1 8672
197 8337 0 257 2 8596
198 0 8759 0 0 8759
199 8768 0 20 1 8789
200 8785 10 2 28 8825
201 0 22 0 8839 8861
202 10 1 8765 0 8776
203 5 8817 0 1 8823
204 1 8878 0 4 8883
205 9188 4 28 11 9231
206 0 3 0 9304 9307
207 0 4 0 9458 9462
208 1 2 9503 3 9509
209 6 1 9457 0 9464
210 9482 0 12 0 9494
211 1 1 75 9451 9528
212 0 2 0 9824 9826
213 102 2 9677 1 9782
214 0 0 0 9908 9908
215 4 5 9951 0 9960
216 3 10141 0 1 10145
217 10366 1 2 1 10370
218 10425 1 1 4 10431
219 10217 44 104 0 10365
220 0 10504 1 0 10505
221 1 2 10416 1 10420
222 0 10548 0 4 10552
223 10771 0 0 1 10772
224 138 2 0 10843 10983
225 0 11190 1 21 11212
226 11337 0 11 0 11348
227 11318 0 1 0 11319
228 11307 0 22 2 11331
229 0 1 0 11372 11373
230 0 0 11391 2 11393
231 1 1 0 11142 11144
232 1 0 0 11410 11411
233 0 11494 0 2 11496
234 11589 5 6 3 11603
235 40 0 11467 5 11512
236 0 0 11395 0 11395
237 0 11639 0 0 11639
238 1 0 0 11643 11644
239 10 0 11680 0 11690
240 1 0 0 11587 11588
241 1 0 11657 0 11658
242 11684 0 0 0 11684
243 11524 0 1 0 11525
244 0 11767 0 3 11770
245 0 11931 0 0 11931
246 0 4 2 11893 11899
247 0 3 2 11970 11975
248 0 2 1 12063 12066
249 0 12169 0 2 12171
250 5 1 0 12089 12095
251 5 1 12078 1 12085
252 0 12129 0 3 12132
253 9976 0 2117 1 12094
254 12052 0 5 2 12059
255 2 12198 0 7 12207
256 12202 0 2 0 12204
257 12177 1 0 0 12178
258 12063 3 0 4 12070
259 11886 229 9 0 12124
260 72 0 12094 2 12168
261 2 0 12100 1 12103
262 2 0 12074 1 12077
263 0 0 11992 136 12128
264 1 2 4 11636 11643
265 2 0 11935 1 11938
266 12201 1 19 1 12222
267 0 12342 0 1 12343
268 12225 0 3 5 12233
269 2 12501 0 8 12511
270 0 2 0 12408 12410
271 0 0 0 12470 12470
272 3 12568 0 11 12582
273 1 0 0 12504 12505
274 0 3 0 12523 12526
275 0 12549 0 3 12552
276 0 30 2 12323 12355
277 0 12565 0 0 12565
278 1 12604 1 1 12607
279 1 12752 0 8 12761
280 12711 0 24 0 12735
281 1 0 12675 1 12677
282 12590 0 0 0 12590
283 12485 1 1 0 12487
284 6 12923 0 0 12929
285 1 12834 4 10 12849
286 254 15 12596 1 12866
287 0 2 12737 1 12740
288 12581 0 15 2 12598
289 3 0 12799 0 12802
290 4 0 1 12529 12534
291 2 0 12770 0 12772
292 2 0 12636 0 12638
293 12800 3 13 1 12817
294 1 12941 0 0 12942
295 12883 0 0 0 12883
296 0 0 0 12648 12648
297 12285 0 2 1 12288
298 3 12710 0 2 12715
299 2 12620 0 5 12627
300 2 12745 2 10 12759
301 3 1 12670 0 12674
302 2 12436 1 20 12459
303 8 0 12701 0 12709
304 0 4 2 12103 12109
305 0 0 0 12454 12454
306 0 2 0 12627 12629
307 12636 4 18 2 12660
308 0 1 0 12699 12700
309 8 12829 0 6 12843
310 1 0 0 12661 12662
311 1 0 1 12687 12689
312 1 0 12361 0 12362
313 3 12429 3 5 12440
314 0 12698 3 7 12708
315 25 12889 9 23 12946
316 5 1 12784 1 12791
317 11 0 12505 1 12517
318 23 0 12501 0 12524
319 1 12706 4 12 12723
320 1 7 0 12653 12661
321 10 12727 0 12 12749
322 13126 0 9 0 13135
323 12885 0 0 0 12885
324 10 12925 0 4 12939
325 1 13062 0 0 13063
326 0 3 2 12932 12937
327 0 4 0 12889 12893
328 0 11 0 12864 12875
329 2 13071 0 0 13073
330 13005 0 1 2 13008
331 0 0 12820 0 12820
332 12834 0 0 5 12839
333 12578 0 16 1 12595
334 12577 0 3 0 12580
335 4 0 12338 2 12344
336 5 12146 3 1 12155
337 12172 1 0 0 12173
338 1 12147 0 5 12153
339 2 3 0 11825 11830
340 1 12016 0 0 12017
341 0 12137 0 0 12137
342 0 1 0 12078 12079
343 12072 1 0 0 12073
344 12078 0 0 0 12078
345 0 0 4 11950 11954
346 0 0 1 11982 11983
347 12011 16 0 0 12027
348 2 0 11737 3 11742
349 0 11690 1 3 11694
350 1 11771 1 0 11773
351 2 11854 0 2 11858
352 1 9 3 11769 11782
353 1 11904 0 3 11908
354 11899 0 4 1 11904
355 0 0 0 11833 11833
356 11806 1 0 0 11807
357 0 0 11732 0 11732
358 11656 1 0 6 11663
359 2 1 1 11728 11732
360 0 1 0 11756 11757
361 3 11782 0 9 11794
362 1 0 11798 3 11802
363 3 0 11907 0 11910
364 11924 0 12 0 11936
365 1 0 11937 0 11938
366 12004 0 0 0 12004
367 12040 0 0 0 12040
368 11973 0 3 0 11976
369 28 11945 0 61 12034
370 1 12077 0 2 12080
371 12098 1 3 0 12102
372 11994 0 4 1 11999
373 12044 0 1 0 12045
374 12 1 12024 0 12037
375 4 1 11932 5 11942
376 12022 1 2 1 12026
377 12050 0 2 0 12052
378 12048 0 2 0 12050
379 3 12055 0 1 12059
380 0 2 0 11834 11836
381 1 11953 0 6 11960
382 12011 0 1 0 12012
383 1 0 11701 5 11707
384 3 11779 0 35 11817
385 1 187 3 11451 11642
386 0 11684 0 0 11684
387 2 11699 0 0 11701
388 1 11815 0 5 11821
389 3 3 1 11741 11748
390 0 4 0 11760 11764
391 20 0 11678 0 11698
392 11432 1 1 14 11448
393 0 2 0 11638 11640
394 11644 0 2 0 11646
395 10980 0 536 11 11527
396 0 16 0 11610 11626
397 11596 0 1 0 11597
398 11548 11 3 0 11562
399 0 1 11463 0 11464
400 0 1 11290 0 11291
401 3 0 11184 0 11187
402 11292 1 1 0 11294
403 11178 2 19 1 11200
404 202 10995 1 4 11202
405 0 11270 0 1 11271
406 0 6 0 11322 11328
407 0 13 0 11311 11324
408 0 1 0 11323 11324
409 1 1 0 11338 11340
410 0 4 11191 0 11195
411 1 1 0 10981 10983
412 0 24 0 11064 11088
413 3 0 10945 4 10952
414 6 10930 0 0 10936
415 0 2 0 11011 11013
416 0 4 0 11101 11105
417 8 2 11032 0 11042
418 2 4 0 10794 10800
419 6 6 10823 2 10837
420 1 0 10800 4 10805
421 10830 1 48 6 10885
422 7 10948 0 0 10955
423 2 11100 1 9 11112
424 11268 0 16 1 11285
425 11340 0 2 1 11343
426 11313 0 3 6 11322
427 1 2 0 11390 11393
428 4 0 11360 0 11364
429 11359 0 0 0 11359
430 11343 1 1 0 11345
431 3 2 1 11296 11302
432 6 0 11352 2 11360
433 0 11696 0 1 11697
434 12283 2 4 0 12289
435 12267 0 2 0 12269
436 12180 1 0 0 12181
437 2 12161 0 0 12163
438 11849 0 4 11 11864
439 7 12899 3 2 12911
440 0 1 0 13026 13027
441 2 3 0 13121 13126
442 0 3 0 13215 13218
443 0 0 13121 1 13122
444 3 13175 13 1 13192
445 9 0 0 13235 13244
446 0 0 0 13253 13253
447 1 1 0 13241 13243
448 13271 0 4 0 13275
449 13045 0 14 1 13060
450 14 12964 0 6 12984
451 2 12767 0 1 12770
452 2 12840 0 7 12849
453 12903 2 2 1 12908
454 0 63 1 12674 12738
455 3 0 0 12867 12870
456 12879 0 4 2 12885
457 0 2 0 12839 12841
458 785 2 11776 0 12563
459 1 12566 0 13 12580
460 12688 1 0 1 12690
461 1 2 12630 1 12634
462 7 12399 1 5 12412
463 1 12420 1 2 12424
464 4 12528 0 2 12534
465 12617 0 5 0 12622
466 12487 0 0 2 12489
467 0 12488 5 1 12494
468 1 12592 9 0 12602
469 12570 0 1 1 12572
470 3 13 12638 6 12660
471 0 0 12537 3 12540
472 17 0 12405 0 12422
473 1 1 12483 0 12485
474 8 0 12578 2 12588
475 12196 0 275 3 12474
476 0 3 0 12644 12647
477 12727 0 2 2 12731
478 0 12917 1 0 12918
479 0 1 0 12937 12938
480 12901 0 5 1 12907
481 2 13002 0 0 13004
482 13001 1 0 1 13003
483 13051 1 0 0 13052
484 1 1 0 12999 13001
485 1 0 13083 3 13087
486 6 0 12874 0 12880
487 12991 0 25 2 13018
488 13036 0 2 0 13038
489 9 12948 1 1 12959
490 13026 0 43 1 13070
491 12979 4 3 0 12986
492 8 0 12972 0 12980
493 12925 1 7 0 12933
494 0 0 12880 0 12880
495 22 0 12631 1 12654
496 12176 0 662 3 12841
497 2 1 12788 0 12791
498 12871 0 5 0 12876
499 9 13192 0 1 13202
500 13403 1 2 1 13407
501 5 0 13347 0 13352
502 13482 0 1 1 13484
503 13536 0 3 0 13539
504 13431 3 0 0 13434
505 0 13544 0 5 13549
506 13626 0 1 0 13627
507 13557 5 0 0 13562
508 1 0 13399 2 13402
509 5 13625 0 2 13632
510 0 13 1 13668 13682
511 574 7 13108 0 13689
512 13573 3 71 0 13647
513 0 0 13753 0 13753
514 14 5 13581 0 13600
515 2 13793 0 5 13800
516 14002 5 0 1 14008
517 1 22 0 14238 14261
518 1 14067 1 333 14402
519 2 12 0 14398 14412
520 14447 0 7 1 14455
521 14248 0 228 1 14477
522 0 14 0 14831 14845
523 0 2 0 14780 14782
524 1 0 0 14687 14688
525 1 14854 0 5 14860
526 14924 2 3 6 14935
527 3 0 15422 1 15426
528 1 1 3 15235 15240
529 4 15383 0 3 15390
530 15602 2 5 0 15609
531 15583 0 11 1 15595
532 15388 0 11 9 15408
533 1 2 0 15531 15534
534 0 1 0 15461 15462
535 1 0 15343 4 15348
536 4 0 15279 0 15283
537 23 0 15205 1 15229
538 78 15172 2 212 15464
539 15717 0 2 1 15720
540 15651 0 13 1 15665
541 15660 0 1 0 15661
542 15589 1 2 1 15593
543 0 3 2 15492 15497
544 0 15435 0 6 15441
545 0 15396 0 3 15399
546 3 15483 0 0 15486
547 15542 0 1 0 15543
548 15504 1 2 0 15507
549 4 15562 1 6 15573
550 15599 1 1 4 15605
551 3 1 15601 0 15605
552 0 5 0 15005 15010
553 15465 0 9 0 15474
554 0 0 15546 1 15547
555 15605 0 22 1 15628
556 443 0 14955 0 15398
557 15585 1 2 1 15589
558 15536 0 2 0 15538
559 0 15471 4 1 15476
560 1 2 0 15334 15337
561 1 15506 1 4 15512
562 2 15563 0 3 15568
563 15677 3 4 1 15685
564 0 0 0 15557 15557
565 0 2 0 15590 15592
566 0 2 4 15470 15476
567 0 3 0 15388 15391
568 6 15405 0 16 15427
569 4 15427 2 4 15437
570 15221 0 5 0 15226
571 21 15327 2 4 15354
572 15396 0 8 6 15410
573 1 0 2 15323 15326
574 10 0 15303 0 15313
575 13 6 15161 1 15181
576 3 15260 0 13 15276
577 15325 1 4 0 15330
578 3 0 15300 11 15314
579 6 15248 0 2 15256
580 15391 0 1 0 15392
581 0 0 0 15341 15341
582 0 0 15317 0 15317
583 5 0 14898 0 14903
584 14980 1 2 4 14987
585 2 0 15131 1 15134
586 1 15174 4 3 15182
587 4 1 15219 2 15226
588 8 0 15114 13 15135
589 3 0 15165 0 15168
590 1 1 0 14967 14969
591 0 15116 3 5 15124
592 5 15373 0 54 15432
593 11 0 15302 4 15317
594 2 15332 1 4 15339
595 4 2 12246 3151 15403
596 0 3 0 15094 15097
597 7 0 15299 1 15307
598 1 15295 0 2 15298
599 8 15523 1 5 15537
600 15632 0 7 0 15639
601 0 0 1 15620 15621
602 1 0 15606 0 15607
603 15324 0 0 0 15324
604 0 6 0 15489 15495
605 6 0 15485 0 15491
606 4 0 15436 0 15440
607 1 59 0 15135 15195
608 15484 0 50 0 15534
609 15533 0 1 0 15534
610 242 0 15319 2 15563
611 2 0 15482 5 15489
612 15486 0 2 2 15490
613 15506 0 0 3 15509
614 1 4 0 15407 15412
615 8 0 15397 5 15410
616 4 0 15311 0 15315
617 15202 1 5 2 15210
618 5 15309 0 17 15331
619 15397 0 0 0 15397
620 0 1 0 15336 15337
621 15356 0 3 0 15359
622 0 1 11 15279 15291
623 15387 10 19 23 15439
624 3 68 0 15030 15101
625 2 15526 0 4 15532
626 1 1 15580 8 15590
627 5 0 15473 1 15479
628 15086 0 34 1 15121
629 13 0 15458 0 15471
630 1 1 0 15081 15083
631 0 3 1 15381 15385
632 2 0 15413 0 15415
633 15255 0 1 1 15257
634 1 46 0 15231 15278
635 0 0 15201 3 15204
636 1 0 14995 0 14996
637 1 14824 0 91 14916
638 2 15022 0 4 15028
639 3 15324 1 2 15330
640 3 2 0 15402 15407
641 29 0 15327 1 15357
642 15315 0 4 1 15320
643 2 15719 0 7 15728
644 15817 0 0 0 15817
645 15419 0 0 2 15421
646 0 1 0 15919 15920
647 16089 3 1 0 16093
648 16081 0 7 0 16088
649 0 3 1 16051 16055
650 1 0 15973 0 15974
651 1 15979 0 3 15983
652 16081 0 6 1 16088
653 1 2 0 15994 15997
654 2 1 0 16138 16141
655 0 0 15898 2 15900
656 8 16207 0 0 16215
657 0 4 0 16216 16220
658 1 16203 0 46 16250
659 16338 0 5 1 16344
660 16234 0 0 0 16234
661 16203 0 4 0 16207
662 0 0 16370 1 16371
663 4 3 0 15610 15617
664 16238 0 2 0 16240
665 16326 0 3 2 16331
666 16358 0 0 0 16358
667 16227 1 2 2 16232
668 1 2 4 15988 15995
669 16028 0 0 0 16028
670 0 34 0 15937 15971
671 5 1 15968 2 15976
672 0 1 15872 2 15875
673 15700 0 11 1 15712
674 1 0 15745 1 15747
675 15789 0 2 1 15792
676 15770 0 3 0 15773
677 161 0 15556 4 15721
678 0 15121 0 6 15127
679 15215 0 1 0 15216
680 0 2 0 14972 14974
681 15014 0 1 1 15016
682 0 4 0 14851 14855
683 14762 0 0 0 14762
684 0 14890 0 8 14898
685 0 5 0 14887 14892
686 8 2 14725 8 14743
687 14689 0 2 0 14691
688 4 14704 4 3 14715
689 14401 0 6 1 14408
690 8 14340 9 0 14357
691 14383 1 10 3 14397
692 1 3 0 14248 14252
693 14053 2 4 0 14059
694 2 14255 0 27 14284
695 7 14271 0 8 14286
696 13961 28 257 1 14247
697 0 1 0 14091 14092
698 0 3 0 14123 14126
699 3 14136 0 11 14150
700 2 14127 6 107 14242
701 0 1 2 14145 14148
702 14185 0 0 1 14186
703 0 2 0 14088 14090
704 3 0 14077 3 14083
705 4 14084 0 3 14091
706 14216 0 0 2 14218
707 14116 1 2 0 14119
708 14059 0 3 0 14062
709 847 13275 0 1 14123
710 14154 0 14 0 14168
711 14001 0 4 7 14012
712 1 13976 2 0 13979
713 13943 0 3 0 13946
714 1 888 0 12874 13763
715 2 13899 0 0 13901
716 4 13965 0 0 13969
717 0 12 0 13935 13947
718 14039 0 0 1 14040
719 14024 0 0 0 14024
720 2 0 13807 0 13809
721 13881 0 1 0 13882
722 13849 0 6 0 13855
723 1 13806 0 2 13809
724 13715 0 2 0 13717
725 6 13838 0 0 13844
726 13902 0 4 1 13907
727 13804 0 1 0 13805
728 5 0 13656 0 13661
729 13679 1 6 0 13686
730 13682 0 0 2 13684
731 13684 6 4 2 13696
732 1 0 13518 0 13519
733 1 2 7 12729 12739
734 2 0 13222 2 13226
735 0 13209 0 3 13212
736 5 13341 0 0 13346
737 1 4 3 13297 13305
738 1 1 13363 1 13366
739 0 13299 1 0 13300
740 13374 0 2 1 13377
741 13267 0 1 1 13269
742 0 2 1 13229 13232
743 0 5 0 13284 13289
744 8 0 13071 1 13080
745 2 12995 4 3 13004
746 12952 4 2 0 12958
747 9 1 1 12813 12824
748 1 12992 0 63 13056
749 43 1 12882 5 12931
750 4 0 12815 3 12822
751 1 0 12797 0 12798
752 0 0 13228 5 13233
753 2 0 13255 1 13258
754 13316 2 3 1 13322
755 13464 0 0 1 13465
756 13435 1 0 13 13449
757 1 13 0 13387 13401
758 2 5 1 13477 13485
759 1 0 13388 1 13390
760 1 1 0 13200 13202
761 0 2 0 13311 13313
762 13314 1 1 0 13316
763 1 4 0 13223 13228
764 1 13169 0 2 13172
765 0 3 0 13250 13253
766 13226 0 6 8 13240
767 13118 2 1 2 13123
768 0 0 0 13173 13173
769 4 0 13140 0 13144
770 13176 0 30 2 13208
771 2 0 0 13073 13075
772 13169 0 0 0 13169
773 12987 0 1 0 12988
774 3 13002 0 0 13005
775 1 0 0 13047 13048
776 9 0 12965 3 12977
777 12753 0 1 1 12755
778 2 1 0 12802 12805
779 2 0 12746 0 12748
780 1 0 12592 0 12593
781 3 12663 0 4 12670
782 0 1 1 12496 12498
783 0 12701 0 1 12702
784 12739 0 13 1 12753
785 4 0 12694 1 12699
786 2 12628 0 1 12631
787 0 3 0 12682 12685
788 0 1 0 12557 12558
789 14 11947 1 660 12622
790 12613 0 3 2 12618
791 1 0 12507 1 12509
792 33 0 12375 0 12408
793 0 3 0 11691 11694
794 7 0 12291 6 12304
795 1 1 0 12165 12167
796 0 2 0 12303 12305
797 12300 0 13 4 12317
798 0 1 12342 2 12345
799 1 2 1 12033 12037
800 7 2 12225 0 12234
801 12269 2 8 1 12280
802 12237 0 0 18 12255
803 0 0 0 12269 12269
804 11 5 12150 0 12166
805 0 12194 0 6 12200
806 12263 2 5 4 12274
807 1 0 12352 2 12355
808 12231 0 1 0 12232
809 1 2 0 12064 12067
810 0 0 1 12133 12134
811 0 1 0 12039 12040
812 6 12108 0 3 12117
813 0 0 0 12193 12193
814 1 10 0 12229 12240
815 12224 1 4 0 12229
816 12009 0 0 0 12009
817 0 0 12031 3 12034
818 11797 0 2 2 11801
819 0 2 1 11620 11623
820 1 0 1 11636 11638
821 10 11714 0 0 11724
822 54 0 11580 0 11634
823 11275 0 1 2 11278
824 2 0 11465 0 11467
825 11139 0 2 2 11143
826 1 2 11166 1 11170
827 1 0 10956 0 10957
828 0 0 10849 0 10849
829 1 10800 0 15 10816
830 3 10742 0 3 10748
831 6 0 10887 0 10893
832 10521 2 3 0 10526
833 10542 0 0 0 10542
834 0 5 0 10621 10626
835 10589 1 0 1 10591
836 10485 29 3 3 10520
837 1 2 1 10470 10474
838 10378 1 109 0 10488
839 10386 1 1 1 10389
840 10332 0 2 0 10334
841 10346 0 3 0 10349
842 1 0 10240 2 10243
843 10258 1 1 0 10260
844 10271 1 0 0 10272
845 10248 2 0 0 10250
846 3 4 0 10085 10092
847 10147 0 0 0 10147
848 0 2 0 9981 9983
849 3 0 2 9992 9997
850 0 2624 0 7263 9887
851 2 9815 1 1 9819
852 2 9788 0 5 9795
853 9795 4 7 0 9806
854 9677 0 0 5 9682
855 165 9511 0 2 9678
856 9685 0 0 1 9686
857 0 0 9718 0 9718
858 8 0 9604 0 9612
859 9659 0 0 2 9661
860 9742 0 0 0 9742
861 0 1 9674 4 9679
862 9708 0 0 0 9708
863 0 0 9678 0 9678
864 0 2 0 9304 9306
865 9613 0 2 0 9615
866 9572 0 1 3 9576
867 9522 0 1 0 9523
868 9420 0 0 0 9420
869 1 9277 1 2 9281
870 9029 0 0 0 9029
871 2 9037 0 1 9040
872 8934 0 1 2 8937
873 1 9053 0 0 9054
874 7 15 1 8965 8988
875 4 0 9004 3 9011
876 8847 0 6 2 8855
877 59 0 8943 2 9004
878 16 0 8878 0 8894
879 8911 0 2 1 8914
880 8960 0 1 1 8962
881 0 1 3 8846 8850
882 6 0 8892 4 8902
883 2 8260 2 535 8799
884 8878 0 3 0 8881
885 6 8799 0 7 8812
886 8878 3 7 6 8894
887 0 4 12 8855 8871
888 1 0 8834 1 8836
889 1 8839 0 8 8848
890 5 0 8929 1 8935
891 1 0 8861 0 8862
892 8744 5 19 0 8768
893 2 0 0 8824 8826
894 0 4 0 8894 8898
895 1 3 0 8894 8898
896 4 0 8782 2 8788
897 3 8698 1 22 8724
898 0 8674 0 162 8836
899 8812 0 5 0 8817
900 3 0 8787 0 8790
901 1 8673 0 54 8728
902 8860 0 1 0 8861
903 8857 0 2 2 8861
904 0 0 2 8868 8870
905 8903 0 4 0 8907
906 8444 0 400 0 8844
907 8777 0 0 0 8777
908 8676 0 0 0 8676
909 1 8757 0 0 8758
910 0 8762 0 1 8763
911 8939 0 0 0 8939
912 0 0 0 8866 8866
913 9045 0 0 0 9045
914 0 0 8915 2 8917
915 8961 0 2 0 8963
916 8950 1 3 0 8954
917 0 4 2 8905 8911
918 3 3 8958 0 8964
919 1 8 2 8700 8711
920 16 0 8822 0 8838
921 0 8721 2 3 8726
922 2 8836 0 0 8838
923 0 2 0 8919 8921
924 0 0 8950 1 8951
925 0 0 1 8801 8802
926 8959 3 1 1 8964
927 0 0 8918 2 8920
928 8969 0 3 0 8972
929 0 0 8929 0 8929
930 8954 0 0 0 8954
931 2 9022 0 0 9024
932 9080 1 1 1 9083
933 9034 0 10 2 9046
934 0 9098 0 3 9101
935 9171 0 2 1 9174
936 65 0 9138 0 9203
937 0 0 9159 0 9159
938 1 0 1 8817 8819
939 9212 0 0 0 9212
940 1 9226 0 1 9228
941 9295 0 2 1 9298
942 2 9325 1 1 9329
943 9364 0 4 0 9368
944 11 0 9299 0 9310
945 2 9411 2 1 9416
946 9571 7 8 0 9586
947 9640 0 2 0 9642
948 9699 0 1 1 9701
949 9705 0 5 0 9710
950 9695 0 0 3 9698
951 7 0 9521 0 9528
952 9289 0 1 0 9290
953 1 9523 0 15 9539
954 1 9626 0 1 9628
955 0 5 1 9563 9569
956 1 7 1 9615 9624
957 2 4 1 9627 9634
958 0 4 1 9797 9802
959 1 0 9865 1 9867
960 2 0 1 9687 9690
961 1 9781 1 3 9786
962 9866 7 7 2 9882
963 9858 0 3 0 9861
964 9875 0 0 3 9878
965 0 0 0 9881 9881
966 1 0 0 10015 10016
967 9960 0 1 0 9961
968 9939 0 2 0 9941
969 9843 0 1 1 9845
970 2 9989 0 13 10004
971 1 1 10057 0 10059
972 1 4 5 9554 9564
973 995 0 8928 2 9925
974 2 0 9887 0 9889
975 9845 3 55 0 9903
976 4 0 9981 0 9985
977 9980 0 7 1 9988
978 0 10212 0 1 10213
979 0 0 0 10286 10286
980 2 0 10322 0 10324
981 10256 0 0 0 10256
982 0 3 1 10319 10323
983 10316 0 2 2 10320
984 8 10408 0 0 10416
985 10479 1 3 1 10484
986 7 1 10819 0 10827
987 0 11317 0 3 11320
988 11353 0 2 0 11355
989 0 0 11392 4 11396
990 11446 2 0 0 11448
991 11545 1 1 0 11547
992 11953 0 0 0 11953
993 0 2 0 12051 12053
994 12093 0 3 1 12097
995 12028 0 3 1 12032
996 112 0 12022 4 12138
997 11945 1 0 5 11951
998 0 1 1 11993 11995
999 0 1 0 12206 12207
1000 2 0 12011 1 12014
1001 11870 6 4 12 11892
1002 0 1 0 12023 12024
1003 9 0 12080 0 12089
1004 3 15 0 11880 11898
1005 3 0 11977 0 11980
1006 1 11974 0 0 11975
1007 12077 0 4 2 12083
1008 1 12154 1 0 12156
1009 12166 2 6 2 12176
1010 0 0 12181 0 12181
1011 12068 0 0 0 12068
1012 0 2 0 12147 12149
1013 11933 0 2 0 11935
1014 5 12596 4 10 12615
1015 0 5 0 12583 12588
1016 0 1 0 12871 12872
1017 12944 0 4 0 12948
1018 2 14 1 12916 12933
1019 0 0 0 13000 13000
1020 0 6 0 13108 13114
1021 5 0 12971 3 12979
1022 2 1 12870 0 12873
1023 12796 0 5 0 12801
1024 1 12797 0 3 12801
1025 12476 0 0 1 12477
1026 19 12978 0 1 12998
1027 4 12928 4 0 12936
1028 5 13050 0 12 13067
1029 3 13156 1 12 13172
1030 0 13201 1 6 13208
1031 13240 0 4 1 13245
1032 6 0 13257 1 13264
1033 13041 0 14 0 13055
1034 0 13147 0 13 13160
1035 7 13201 0 4 13212
1036 13468 1 2 0 13471
1037 13326 0 1 0 13327
1038 13292 0 1 0 13293
1039 1 13 1 13342 13357
1040 3 0 13360 1 13364
1041 13188 0 0 1 13189
1042 0 9 0 13353 13362
1043 4 0 13408 0 13412
1044 2 1 13373 2 13378
1045 13250 0 9 2 13261
1046 13314 0 1 1 13316
1047 2 0 13420 0 13422
1048 5 13359 0 2 13366
1049 13604 1 0 1 13606
1050 6 5 0 13619 13630
1051 13623 0 10 0 13633
1052 13555 0 2 2 13559
1053 6 13491 3 3 13503
1054 13597 17 1 4 13619
1055 3 0 13498 0 13501
1056 3 1 13418 2 13424
1057 16 13219 11 0 13246
1058 0 13185 0 3 13188
1059 0 13498 0 2 13500
1060 6 8 0 13625 13639
1061 0 6 1 13980 13987
1062 5 0 13990 0 13995
1063 0 4 1 13851 13856
1064 0 0 13992 0 13992
1065 13923 0 0 1 13924
1066 13918 1 0 1 13920
1067 1 1 0 14016 14018
1068 3 14126 0 2 14131
1069 0 7 0 14240 14247
1070 7 0 14165 3 14175
1071 13891 6 2 7 13906
1072 1 19 1 14198 14219
1073 1 0 14317 2 14320
1074 7 0 14228 0 14235
1075 0 0 14195 0 14195
1076 6 0 14265 1 14272
1077 14218 0 7 2 14227
1078 109 14179 0 1 14289
1079 14513 4 4 0 14521
1080 14465 1 1 1 14468
1081 14378 0 15 0 14393
1082 7 0 14567 3 14577
1083 0 0 14542 0 14542
1084 19 0 14439 0 14458
1085 14198 0 0 2 14200
1086 1 0 14630 1 14632
1087 2 7 0 14000 14009
1088 1 0 14558 3 14562
1089 1 0 14666 0 14667
1090 14619 2 18 0 14639
1091 1 0 14728 2 14731
1092 1 0 14686 1 14688
1093 0 14805 0 9 14814
1094 15065 2 1 0 15068
1095 0 1 0 14858 14859
1096 0 14929 0 9 14938
1097 15006 0 2 0 15008
1098 14882 0 0 0 14882
1099 2 0 15127 8 15137
1100 1 2 15106 4 15113
1101 1 1 15099 0 15101
1102 15197 0 1 8 15206
1103 2 0 15455 3 15460
1104 7 0 15550 2 15559
1105 15408 0 3 0 15411
1106 0 2 0 15613 15615
1107 1 7 0 15805 15813
1108 0 7 0 15949 15956
1109 2 1 15892 0 15895
1110 2 5 0 15639 15646
1111 1 9 1 15699 15710
1112 1 15652 1 7 15661
1113 15728 1 13 0 15742
1114 2 1 0 15835 15838
1115 0 16033 1 4 16038
1116 16168 0 3 0 16171
1117 16116 1 3 0 16120
1118 16050 8 1 1 16060
1119 1 0 16117 2 16120
1120 15982 1 3 0 15986
1121 16187 1 12 1 16201
1122 0 0 1 16160 16161
1123 2 0 16076 0 16078
1124 16100 0 2 2 16104
1125 15997 0 0 0 15997
1126 15877 0 1 0 15878
1127 2 0 0 15648 15650
1128 1 15709 0 3 15713
1129 4 15714 0 13 15731
1130 15764 2 1 1 15768
1131 15514 0 6 0 15520
1132 40 0 15755 0 15795
1133 15359 0 0 1 15360
1134 0 0 0 15518 15518
1135 0 29 1 15718 15748
1136 1 0 15734 0 15735
1137 6 1 15568 2 15577
1138 15150 0 151 1 15302
1139 15422 7 3 1 15433
1140 17 0 15483 0 15500
1141 14 3 15480 0 15497
1142 0 6 2 14209 14217
1143 1 0 15237 2 15240
1144 6 0 15360 0 15366
1145 1 14 0 14706 14721
1146 15140 0 4 2 15146
1147 2 15466 0 6 15474
1148 1 0 1 15667 15669
1149 0 15747 0 3 15750
1150 0 2 0 15696 15698
1151 6 15814 0 1 15821
1152 3 0 15941 4 15948
1153 15614 2 3 1 15620
1154 15865 0 8 0 15873
1155 1 16054 0 0 16055
1156 5 0 15939 8 15952
1157 15663 0 0 0 15663
1158 1 1 0 15990 15992
1159 3 0 15977 0 15980
1160 0 0 1 15868 15869
1161 0 16013 0 0 16013
1162 0 3 0 16253 16256
1163 16225 0 2 0 16227
1164 16097 0 1 0 16098
1165 16072 0 1 0 16073
1166 15891 1 29 0 15921
1167 24 16110 0 2 16136
1168 0 4 0 16014 16018
1169 331 0 15764 1 16096
1170 209 0 15667 1 15877
1171 15376 0 3 0 15379
1172 15541 0 1 0 15542
1173 2 1 15790 0 15793
1174 6 0 15721 2 15729
1175 15360 41 2 5 15408
1176 0 16 7 15680 15703
1177 1 0 15820 5 15826
1178 3 0 15637 1 15641
1179 3 0 15555 0 15558
1180 0 0 15580 0 15580
1181 15511 0 0 0 15511
1182 1 1 0 15586 15588
1183 8 0 15703 0 15711
1184 0 0 15749 0 15749
1185 4044 1 11586 0 15631
1186 15532 0 18 1 15551
1187 2 15688 0 2 15692
1188 0 2 1 15872 15875
1189 4 0 15950 0 15954
1190 1 39 0 15664 15704
1191 15858 0 0 0 15858
1192 0 1 3 15974 15978
1193 3 0 16042 0 16045
1194 4 56 2 15747 15809
1195 12 15885 1 5 15903
1196 16058 1 2 2 16063
1197 15884 3 3 0 15890
1198 0 0 16177 0 16177
1199 1 0 0 15595 15596
1200 15902 0 9 1 15912
1201 0 4 0 16054 16058
1202 18 0 16160 0 16178
1203 96 0 15998 0 16094
1204 4 7 7 15633 15651
1205 1 0 16090 2 16093
1206 3 0 16037 0 16040
1207 15873 1 4 2 15880
1208 66 0 15797 0 15863
1209 15672 0 6 1 15679
1210 1 15716 0 2 15719
1211 6 15620 19 3 15648
1212 5 15840 3 3 15851
1213 16024 0 2 1 16027
1214 0 0 0 15754 15754
1215 1 0 15738 3 15742
1216 2 0 15601 7 15610
1217 0 0 15289 0 15289
1218 0 15622 2 2 15626
1219 2 38 3 15767 15810
1220 3 0 15899 0 15902
1221 15730 0 1 1 15732
1222 18 15635 0 69 15722
1223 15765 0 3 0 15768
1224 0 0 15886 0 15886
1225 1 1 2 15260 15264
1226 26 0 15590 0 15616
1227 15602 0 3 1 15606
1228 1 1 0 15536 15538
1229 2 0 15488 0 15490
1230 1 15207 2 4 15214
1231 4 15265 0 1 15270
1232 1 15406 0 1 15408
1233 4 8 2 15528 15542
1234 15430 0 0 0 15430
1235 81 0 15298 0 15379
1236 953 14201 0 10 15164
1237 0 4 2 15366 15372
1238 0 0 1 15420 15421
1239 0 10 1 15338 15349
1240 0 4 1 15461 15466
1241 15122 1 15 3 15141
1242 0 0 15242 0 15242
1243 2 6 1 14570 14579
1244 0 0 15027 4 15031
1245 4 0 15017 3 15024
1246 14545 0 11 1 14557
1247 0 0 15011 1 15012
1248 1 4 1 14574 14580
1249 14930 1 0 1 14932
1250 15069 1 0 6 15076
1251 0 8 0 15071 15079
1252 0 0 15107 6 15113
1253 19 0 15448 10 15477
1254 1 1 1 15043 15046
1255 1 1 0 15492 15494
1256 2 7 4 15600 15613
1257 10 15754 1 8 15773
1258 15973 2 2 0 15977
1259 15835 0 0 11 15846
1260 0 0 0 16021 16021
1261 7 1 16225 1 16234
1262 8654 0 7634 0 16288
1263 16359 0 2 10 16371
1264 16456 0 17 0 16473
1265 130 1 16150 1 16282
1266 16128 1 0 0 16129
1267 15760 0 0 2 15762
1268 3 15922 0 16 15941
1269 1 15997 0 0 15998
1270 2 2 2 16067 16073
1271 1 0 16139 1 16141
1272 4 2 16165 2 16173
1273 0 2 0 15800 15802
1274 2 6 0 16023 16031
1275 4 0 16109 0 16113
1276 1 0 15995 0 15996
1277 0 1 0 15612 15613
1278 16027 0 0 0 16027
1279 0 1 0 16120 16121
1280 0 1 2 16074 16077
1281 1 15918 0 11 15930
1282 0 15935 0 285 16220
1283 0 7 1 16365 16373
1284 0 1 2 16468 16471
1285 1 42 1 16471 16515
1286 0 0 16346 1 16347
1287 0 0 16133 0 16133
1288 70 15961 0 1 16032
1289 0 0 0 15972 15972
1290 0 0 0 16034 16034
1291 2 16088 0 3 16093
1292 11 0 16291 1 16303
1293 16028 1 9 1 16039
1294 16083 0 12 2 16097
1295 16214 0 3 1 16218
1296 2 13 1 16376 16392
1297 16430 1 2 0 16433
1298 16354 1 4 0 16359
1299 16247 0 3 0 16250
1300 16161 1 6 0 16168
1301 1 3 16085 7 16096
1302 15866 0 1 1 15868
1303 0 8 1 15995 16004
1304 16141 0 1 0 16142
1305 16130 0 23 2 16155
1306 79 0 16027 0 16106
1307 15904 0 4 0 15908
1308 16066 0 1 1 16068
1309 16033 1 0 5 16039
1310 0 18 0 15874 15892
1311 5 0 16115 1 16121
1312 5 15892 2 33 15932
1313 5 0 16162 0 16167
1314 15898 1 2 1 15902
1315 0 2 1 15895 15898
1316 7 1 15883 0 15891
1317 1 8 1 15637 15647
1318 3 15660 0 13 15676
1319 4 15477 1 4 15486
1320 4 15498 0 5 15507
1321 5 15273 0 1 15279
1322 1 0 0 15364 15365
1323 5 0 15390 0 15395
1324 1 6 0 15116 15123
1325 15101 1 6 0 15108
1326 0 7 1 15242 15250
1327 1 10 3 15347 15361
1328 3 0 15318 2 15323
1329 3 0 15293 1 15297
1330 3 0 15266 0 15269
1331 14823 0 9 0 14832
1332 0 1 1 15257 15259
1333 15250 0 2 0 15252
1334 1 4 15336 5 15346
1335 15015 1 2 13 15031
1336 1 0 15311 1 15313
1337 15180 2 3 1 15186
1338 0 1 6 15307 15314
1339 0 0 15274 2 15276
1340 1 0 15243 0 15244
1341 0 4 1 14908 14913
1342 15114 0 2 4 15120
1343 6 15180 0 1 15187
1344 15321 0 0 0 15321
1345 5 2 1 15366 15374
1346 65 0 15285 0 15350
1347 15159 0 3 0 15162
1348 1 533 4 14736 15274
1349 0 4 15283 0 15287
1350 8 0 15276 0 15284
1351 0 5 0 14799 14804
1352 0 0 15421 0 15421
1353 22 0 15369 0 15391
1354 15474 0 57 2 15533
1355 15649 0 3 0 15652
1356 15728 0 1 0 15729
1357 15677 0 2 0 15679
1358 0 12 15668 0 15680
1359 15602 1 0 0 15603
1360 246 0 15386 0 15632
1361 15296 0 3 0 15299
1362 4 15639 0 0 15643
1363 6 0 0 15619 15625
1364 1 3 1 15756 15761
1365 5 0 15708 0 15713
1366 5 0 15538 1 15544
1367 1 15460 0 5 15466
1368 15201 1 3 0 15205
1369 1 15198 0 2 15201
1370 12 4 1 15149 15166
1371 2 15270 1 3 15276
1372 15238 1 52 0 15291
1373 2 0 15272 0 15274
1374 6 15092 0 1 15099
1375 15150 0 0 0 15150
1376 2 0 15164 0 15166
1377 0 15022 1 0 15023
1378 15162 0 4 0 15166
1379 15025 0 1 0 15026
1380 1 15116 0 0 15117
1381 15047 0 0 0 15047
1382 36 1 14910 4 14951
1383 4 14740 0 1 14745
1384 1 14817 0 2 14820
1385 14886 0 2 0 14888
1386 0 0 1 14902 14903
1387 0 0 0 14953 14953
1388 0 0 0 14966 14966
1389 14792 0 3 0 14795
1390 0 14923 2 3 14928
1391 0 8 0 14897 14905
1392 0 0 14949 0 14949
1393 1 0 0 14732 14733
1394 0 1 1 14794 14796
1395 3 3 2 14854 14862
1396 14819 0 0 0 14819
1397 14689 0 0 7 14696
1398 0 5 3 14659 14667
1399 3 0 14574 1 14578
1400 1 0 14424 0 14425
1401 3 0 14343 0 14346
1402 1 14133 12 1 14147
1403 0 1 2 14327 14330
1404 3 14362 0 5 14370
1405 14487 0 5 1 14493
1406 0 0 14418 0 14418
1407 4 1 14296 0 14301
1408 14057 0 25 2 14084
1409 1 14097 2 4 14104
1410 14174 1 5 0 14180
1411 1 0 14120 1 14122
1412 1 13930 0 0 13931
1413 0 3 2 14011 14016
1414 4 0 14032 2 14038
1415 206 13640 0 1 13847
1416 0 2 1 14034 14037
1417 31 0 13947 2 13980
1418 0 4 0 13721 13725
1419 0 0 13869 1 13870
1420 2 0 13711 0 13713
1421 2111 0 11620 1 13732
1422 13667 0 5 0 13672
1423 3 13542 0 2 13547
1424 13543 0 4 0 13547
1425 1 13727 0 0 13728
1426 0 2 0 13593 13595
1427 2 0 13674 5 13681
1428 0 37 0 13406 13443
1429 0 13453 0 3 13456
1430 13307 0 12 0 13319
1431 1 13283 1 2 13287
1432 13237 0 3 1 13241
1433 0 0 13286 0 13286
1434 0 0 13078 1 13079
1435 1 0 0 12460 12461
1436 3 0 12890 1 12894
1437 0 0 1 12930 12931
1438 0 5 0 12968 12973
1439 341 0 12557 1 12899
1440 12737 0 0 0 12737
1441 11 12682 1 23 12717
1442 12543 1 1 0 12545
1443 0 0 0 12486 12486
1444 672 2 11713 0 12387
1445 3 0 12302 1 12306
1446 3 11982 1 193 12179
1447 1 14 0 12078 12093
1448 39 12077 0 0 12116
1449 0 0 0 12296 12296
1450 2 0 12183 0 12185
1451 0 7 0 12042 12049
1452 11963 0 7 0 11970
1453 11935 0 0 0 11935
1454 0 0 0 12087 12087
1455 9 0 12024 2 12035
1456 44 0 11973 0 12017
1457 11669 1 1 0 11671
1458 4 0 11857 0 11861
1459 1 0 11759 0 11760
1460 11576 0 2 0 11578
1461 0 0 11708 2 11710
1462 0 0 0 11350 11350
1463 0 0 11556 0 11556
1464 0 0 11612 0 11612
1465 1 1 1 11385 11388
1466 0 4 1 11537 11542
1467 11436 0 33 1 11470
1468 11371 0 0 0 11371
1469 1 0 11350 13 11364
1470 0 3 1 10711 10715
1471 2 10960 0 1 10963
1472 2 3 0 10905 10910
1473 2 0 10885 1 10888
1474 1 2 0 10762 10765
1475 0 1 0 10749 10750
1476 0 10593 0 1 10594
1477 1 2 0 10692 10695
1478 10625 0 0 0 10625
1479 10544 0 0 0 10544
1480 10127 0 2 0 10129
1481 4 10339 0 1 10344
1482 1 10078 0 1 10080
1483 4 10081 0 6 10091
1484 1 2 0 10051 10054
1485 0 0 0 10120 10120
1486 0 3 0 10136 10139
1487 0 0 10057 0 10057
1488 0 1 0 9879 9880
1489 0 1 1 9687 9689
1490 5 9722 0 0 9727
1491 22 9646 0 2 9670
1492 4 147 0 9372 9523
1493 1 0 9490 1 9492
1494 0 0 2 8893 8895
1495 0 0 0 8926 8926
1496 0 0 0 8916 8916
1497 0 2 0 8909 8911
1498 5 0 8762 0 8767
1499 0 0 0 8565 8565
1500 1 1 2 8539 8543
1501 1 0 0 8538 8539
1502 66 0 8253 4 8323
1503 8216 0 0 0 8216
1504 8098 1 3 0 8102
1505 0 8097 0 0 8097
1506 7410 0 5 0 7415
1507 7172 0 0 1 7173
1508 0 14 0 7066 7080
1509 2 1 1 7121 7125
1510 1 0 6920 0 6921
1511 0 1 0 6523 6524
1512 0 6571 0 3 6574
1513 2 6533 0 1 6536
1514 10 0 0 5924 5934
1515 0 0 0 5908 5908
1516 5727 0 0 0 5727
1517 0 5865 0 1 5866
1518 0 1 0 5788 5789
1519 5751 0 0 0 5751
1520 5664 0 1 0 5665
1521 5394 0 0 0 5394
1522 0 5491 0 0 5491
1523 0 0 0 4849 4849
1524 0 0 0 4808 4808
1525 4739 0 1 0 4740
1526 4601 0 0 0 4601
1527 0 5 1 4391 4397
1528 9 2 0 4001 4012
1529 0 0 3810 0 3810
1530 0 0 0 3742 3742
1531 0 1 0 3698 3699
1532 1 0 0 3653 3654
1533 12 1447 0 2 1461
1534 2 0 0 1160 1162
1535 14 0 1100 0 1114
1536 1018 0 0 0 1018
1537 952 0 1 0 953
1538 732 0 0 0 732
1539 639 0 2 0 641
1540 582 0 0 0 582
1541 0 0 1 517 518
1542 1 0 133 0 134
1543 0 55 0 0 55
1544 0 0 0 48 48
1545 0 48 0 0 48
1546 0 0 0 49 49
1547 0 4 0 44 48
1548 0 0 32 0 32
1549 0 0 0 28 28
1550 0 0 0 20 20
1551 13 0 0 0 13
1552 0 13 0 0 13
1553 0 0 0 13 13
1554 13 0 0 0 13
1555 0 11 0 0 11
1556 0 0 0 13 13
1557 0 0 0 0 0
