0 0 0 0 0 0
1 54 1 0 0 55
2 0 1 59 0 60
3 0 60 1 0 61
4 62 0 0 0 62
5 0 0 61 0 61
6 62 0 0 0 62
7 59 0 0 2 61
8 0 0 66 1 67
9 0 91 3 0 94
10 92 1 2 0 95
11 0 134 0 1 135
12 0 0 227 1 228
13 0 248 0 2 250
14 275 0 5 2 282
15 0 523 0 0 523
16 0 0 0 551 551
17 0 0 0 559 559
18 0 0 0 636 636
19 0 714 0 0 714
20 0 1 0 860 861
21 0 0 0 900 900
22 934 0 0 0 934
23 950 0 0 0 950
24 958 0 0 0 958
25 944 0 0 0 944
26 0 0 0 977 977
27 0 0 989 0 989
28 0 0 0 994 994
29 0 1042 0 7 1049
30 0 0 1078 0 1078
31 7 1145 0 0 1152
32 1 0 0 1159 1160
33 0 0 1247 0 1247
34 0 0 0 1281 1281
35 0 0 0 1353 1353
36 0 1 0 1421 1422
37 0 0 1433 0 1433
38 0 0 1462 0 1462
39 1458 0 0 0 1458
40 0 0 1505 0 1505
41 1553 0 6 0 1559
42 1 1617 0 0 1618
43 1609 0 1 0 1610
44 0 1785 0 1 1786
45 1800 1 0 0 1801
46 1822 1 1 0 1824
47 0 3 0 1871 1874
48 0 7 0 1949 1956
49 0 0 1960 2 1962
50 0 1999 0 1 2000
51 0 2041 0 0 2041
52 0 3 0 2046 2049
53 2044 0 0 0 2044
54 0 2168 0 0 2168
55 0 5 0 2174 2179
56 0 2 0 2180 2182
57 0 0 2153 0 2153
58 0 2283 0 0 2283
59 0 2 0 2307 2309
60 0 0 0 2317 2317
61 0 0 0 2328 2328
62 0 2331 0 1 2332
63 2316 0 0 0 2316
64 0 1 0 2342 2343
65 0 3 0 2346 2349
66 13 0 2314 0 2327
67 2316 0 0 0 2316
68 0 2360 0 1 2361
69 2349 0 0 0 2349
70 1 0 2372 0 2373
71 2299 1 0 0 2300
72 2328 2 0 0 2330
73 4 0 2374 0 2378
74 2308 0 1 4 2313
75 0 8 0 2413 2421
76 0 0 2450 0 2450
77 0 0 2444 0 2444
78 2446 0 2 0 2448
79 0 0 2499 0 2499
80 2485 0 2 0 2487
81 2510 3 1 1 2515
82 16 0 2590 0 2606
83 1 0 2637 0 2638
84 0 2655 0 10 2665
85 2704 0 1 0 2705
86 2703 0 0 1 2704
87 2698 0 2 0 2700
88 3 0 2726 0 2729
89 0 2796 0 1 2797
90 2818 0 2 0 2820
91 0 0 2819 0 2819
92 2812 0 0 0 2812
93 2835 0 1 0 2836
94 0 2852 0 0 2852
95 0 4 0 2855 2859
96 2850 0 0 0 2850
97 0 0 2832 0 2832
98 3 2852 0 0 2855
99 2890 0 2 0 2892
100 7 0 2921 0 2928
101 2908 1 0 0 2909
102 2911 0 0 0 2911
103 2955 0 0 0 2955
104 2943 0 2 1 2946
105 16 0 2969 0 2985
106 0 0 0 2960 2960
107 0 1 0 3037 3038
108 3024 0 1 3 3028
109 0 3019 0 0 3019
110 2985 0 0 0 2985
111 3 3059 0 0 3062
112 0 3 0 3043 3046
113 0 0 3103 0 3103
114 0 0 0 3088 3088
115 0 1 0 3120 3121
116 3 0 3091 2 3096
117 0 0 3115 0 3115
118 0 0 0 2969 2969
119 0 0 0 3074 3074
120 0 0 1 3115 3116
121 2 0 3112 2 3116
122 0 1 3122 0 3123
123 0 0 0 2964 2964
124 1 0 3136 0 3137
125 0 0 3102 0 3102
126 0 0 3146 0 3146
127 3212 1 4 0 3217
128 4118 0 3 0 4121
129 4201 0 3 0 4204
130 5 0 4230 0 4235
131 4259 0 0 0 4259
132 4940 4 0 0 4944
133 2 0 0 5062 5064
134 0 0 0 5125 5125
135 0 15 0 5147 5162
136 0 0 5118 0 5118
137 5134 1 0 2 5137
138 0 5362 0 24 5386
139 0 5669 0 8 5677
140 0 0 0 5736 5736
141 5757 1 8 0 5766
142 0 0 5680 0 5680
143 5727 0 1 0 5728
144 1 5791 0 8 5800
145 0 0 0 5783 5783
146 0 5851 0 1 5852
147 5856 0 0 0 5856
148 0 0 5822 0 5822
149 1 5780 0 2 5783
150 1 5901 0 0 5902
151 0 0 0 5912 5912
152 1 1 0 5928 5930
153 2 0 5925 2 5929
154 0 0 5898 0 5898
155 5913 0 1 1 5915
156 5911 0 1 0 5912
157 0 2 1 5920 5923
158 0 0 5947 1 5948
159 0 0 5881 2 5883
160 5817 2 17 0 5836
161 0 0 3 5953 5956
162 5972 0 1 0 5973
163 6005 0 0 0 6005
164 5970 1 0 0 5971
165 5946 2 9 0 5957
166 5942 0 0 0 5942
167 5954 2 0 0 5956
168 1 6039 1 0 6041
169 6025 0 0 0 6025
170 6041 0 0 1 6042
171 5987 1 33 0 6021
172 6015 0 1 0 6016
173 1 0 5968 0 5969
174 5946 0 0 0 5946
175 0 0 0 5968 5968
176 1 0 5971 0 5972
177 4 6005 0 0 6009
178 0 11 0 6033 6044
179 0 0 0 6095 6095
180 6094 1 3 1 6099
181 6077 0 0 0 6077
182 1 6122 0 1 6124
183 0 6 0 6124 6130
184 1 0 6122 0 6123
185 6149 0 0 0 6149
186 0 2 0 6103 6105
187 6186 0 0 1 6187
188 0 0 0 6148 6148
189 6134 0 0 1 6135
190 1 6164 0 1 6166
191 6204 0 0 0 6204
192 6141 1 2 0 6144
193 6066 0 0 0 6066
194 6085 1 0 0 6086
195 6148 0 4 0 6152
196 10 1 5994 0 6005
197 0 6044 0 1 6045
198 6091 0 0 1 6092
199 0 6102 0 0 6102
200 0 0 0 6133 6133
201 6125 0 0 8 6133
202 6084 0 0 6 6090
203 0 0 0 6122 6122
204 0 6 0 6135 6141
205 0 1 6078 5 6084
206 2 0 5970 3 5975
207 0 15 0 5755 5770
208 1 0 5968 0 5969
209 2 6050 0 3 6055
210 1 6200 0 33 6234
211 0 2 0 6310 6312
212 0 6378 0 0 6378
213 2 2 0 6416 6420
214 6479 0 3 0 6482
215 0 1 0 6445 6446
216 6491 4 7 3 6505
217 2 1 0 6622 6625
218 1 0 6940 1 6942
219 1 6923 0 262 7186
220 0 6 0 7323 7329
221 0 2 0 7464 7466
222 0 0 0 7601 7601
223 0 12 0 7675 7687
224 4 0 1 7737 7742
225 7748 0 0 5 7753
226 7708 1 0 0 7709
227 7652 1 0 2 7655
228 7616 0 0 0 7616
229 3 7650 1 0 7654
230 1 7526 0 2 7529
231 0 7570 0 3 7573
232 7658 2 1 0 7661
233 7613 0 1 0 7614
234 7519 0 81 0 7600
235 29 0 7401 2 7432
236 7491 0 1 0 7492
237 3 7511 0 0 7514
238 1 7522 0 0 7523
239 7556 0 5 0 7561
240 23 0 7577 0 7600
241 1 0 7550 3 7554
242 7478 0 1 0 7479
243 7578 0 4 0 7582
244 7578 0 3 0 7581
245 2 0 7594 1 7597
246 7537 0 11 0 7548
247 7610 2 0 0 7612
248 7656 0 0 1 7657
249 7679 0 1 0 7680
250 7717 0 2 1 7720
251 1 0 7714 0 7715
252 7755 0 0 1 7756
253 7773 0 1 0 7774
254 0 0 7735 1 7736
255 7714 0 0 0 7714
256 0 0 0 7800 7800
257 2 0 1 7834 7837
258 2 7814 1 1 7818
259 7884 0 0 9 7893
260 0 0 9 7858 7867
261 0 7872 0 1 7873
262 7855 0 2 0 7857
263 0 7913 1 1 7915
264 7878 5 3 31 7917
265 3 0 7679 0 7682
266 7715 0 2 0 7717
267 2 0 7727 1 7730
268 1 7644 0 2 7647
269 0 7609 0 0 7609
270 1 7718 0 2 7721
271 0 6 2 7761 7769
272 0 2 0 7776 7778
273 7757 1 1 0 7759
274 0 1 1 7734 7736
275 1 7813 1 0 7815
276 7823 0 16 0 7839
277 0 0 7827 0 7827
278 6 0 7728 2 7736
279 7686 0 0 0 7686
280 7767 16 0 12 7795
281 0 2 1 7838 7841
282 4 0 7862 0 7866
283 1 0 7832 3 7836
284 5 0 7846 0 7851
285 7974 0 11 0 7985
286 8069 0 4 0 8073
287 2 8032 0 2 8036
288 8151 0 1 1 8153
289 8129 0 0 0 8129
290 1 8304 0 4 8309
291 8413 0 5 0 8418
292 5 0 8241 4 8250
293 0 8269 0 5 8274
294 8396 0 2 0 8398
295 8435 1 0 0 8436
296 13 8477 0 1 8491
297 8860 0 0 0 8860
298 8876 0 0 0 8876
299 8928 0 0 0 8928
300 8966 1 1 2 8970
301 9038 0 0 0 9038
302 9001 0 1 0 9002
303 7 0 8985 1 8993
304 9035 0 4 0 9039
305 9108 0 0 0 9108
306 9114 0 9 1 9124
307 3 0 8960 1 8964
308 0 1 8891 3 8895
309 404 8567 0 14 8985
310 2 9144 0 10 9156
311 0 1 2 9109 9112
312 103 0 9084 0 9187
313 9179 0 0 0 9179
314 0 2 0 9218 9220
315 0 0 0 9245 9245
316 1 9304 0 10 9315
317 2 0 1 9320 9323
318 69 3 9212 5 9289
319 0 2 9178 1 9181
320 0 9126 0 0 9126
321 1 29 2 9412 9444
322 3 0 9415 0 9418
323 9232 1 1 0 9234
324 6 0 9389 1 9396
325 9386 0 9 3 9398
326 58 0 9933 2 9993
327 10181 0 0 0 10181
328 10430 0 1 0 10431
329 10521 0 1 0 10522
330 10551 0 1 4 10556
331 10590 1 0 0 10591
332 9 1 1 10551 10562
333 2 0 10556 8 10566
334 10711 0 5 0 10716
335 1 0 10797 1 10799
336 10891 0 2 0 10893
337 11005 0 0 4 11009
338 2 1 10899 4 10906
339 10850 1 1 0 10852
340 0 1 0 10813 10814
341 6 0 10845 0 10851
342 1 0 0 10587 10588
343 0 0 10958 0 10958
344 1 1 0 10957 10959
345 0 0 10994 0 10994
346 11360 0 0 0 11360
347 0 1 11357 6 11364
348 5 11561 0 6 11572
349 0 6 0 11673 11679
350 0 3 0 11780 11783
351 1 6 0 11797 11804
352 5 11839 0 13 11857
353 11913 1 1 1 11916
354 0 4 0 11983 11987
355 3 1 11924 1 11929
356 11993 0 3 0 11996
357 11962 1 4 0 11967
358 0 1 11902 0 11903
359 4 11927 0 6 11937
360 12114 0 4 0 12118
361 2 0 0 12158 12160
362 0 3 0 12231 12234
363 3 0 0 12287 12290
364 2 0 12227 0 12229
365 12226 0 1 2 12229
366 12249 0 1 0 12250
367 12266 0 0 0 12266
368 6 4 1 12315 12326
369 12349 0 2 0 12351
370 1 0 12190 2 12193
371 3 12213 0 0 12216
372 12418 0 1 1 12420
373 0 1 12303 1 12305
374 12398 0 1 0 12399
375 12401 0 3 3 12407
376 1 0 12047 2 12050
377 12 1 11493 1 11507
378 4 11875 4 3 11886
379 3 12099 0 7 12109
380 12367 0 0 1 12368
381 0 3 0 12414 12417
382 5 0 12237 1 12243
383 12448 0 2 0 12450
384 12400 0 35 5 12440
385 12377 0 0 0 12377
386 13 0 12206 0 12219
387 0 12216 0 0 12216
388 1 1 0 12177 12179
389 2 12162 3 6 12173
390 12398 0 5 0 12403
391 0 0 12138 1 12139
392 4 11790 1 2 11797
393 3 0 12437 0 12440
394 3 12314 1 45 12363
395 1 0 2 12701 12704
396 12584 2 39 6 12631
397 1 12772 0 7 12780
398 0 0 0 12858 12858
399 12922 1 3 2 12928
400 0 2 0 12865 12867
401 12849 0 0 5 12854
402 4 12966 0 9 12979
403 0 1 1 12925 12927
404 3 1 12952 0 12956
405 1 0 0 12941 12942
406 4 13070 10 0 13084
407 1 6 0 13048 13055
408 9 13298 0 6 13313
409 13389 0 1 2 13392
410 0 2 2 13599 13603
411 4 1 13557 1 13563
412 10 0 13598 0 13608
413 0 2 1 13523 13526
414 11 13623 0 4 13638
415 13831 0 5 1 13837
416 0 0 3 13876 13879
417 5 0 13882 1 13888
418 1 2 0 13736 13739
419 13553 0 1 2 13556
420 2 14256 2 6 14266
421 0 14526 0 3 14529
422 1 2 0 14662 14665
423 9 0 14580 0 14589
424 14464 0 2 1 14467
425 14515 0 0 0 14515
426 0 2 0 14506 14508
427 1 14489 0 6 14496
428 3 14848 1 4 14856
429 0 2 0 15011 15013
430 6 0 15153 0 15159
431 2 0 15091 3 15096
432 15483 1 38 0 15522
433 15686 0 2 3 15691
434 15614 0 3 1 15618
435 1 0 0 15617 15618
436 0 0 2 15913 15915
437 16081 5 4 3 16093
438 0 1 2 15985 15988
439 3 1 1 15896 15901
440 2 16012 0 8 16022
441 16071 2 3 0 16076
442 16074 2 0 5 16081
443 0 0 0 16048 16048
444 6 1 16070 1 16078
445 0 16076 0 4 16080
446 16181 0 1 2 16184
447 15924 2 112 0 16038
448 2 0 16121 0 16123
449 1 7 5 15598 15611
450 15989 0 3 0 15992
451 15983 0 1 0 15984
452 15891 0 2 0 15893
453 15743 2 3 2 15750
454 0 15976 0 0 15976
455 0 2 0 15939 15941
456 16024 0 3 5 16032
457 2 2 15986 0 15990
458 3 1 15841 0 15845
459 15996 1 7 0 16004
460 15959 0 5 0 15964
461 0 16023 0 0 16023
462 130 0 15717 4 15851
463 2 15944 0 3 15949
464 0 25 0 15887 15912
465 17 16006 0 0 16023
466 0 1 0 16118 16119
467 10 23 16045 0 16078
468 8 3 0 15685 15696
469 7 0 15820 3 15830
470 3 15831 4 9 15847
471 0 7 0 15857 15864
472 0 0 0 15859 15859
473 2 2 0 15927 15931
474 15901 1 16 0 15918
475 0 2 1 15730 15733
476 3 0 15728 0 15731
477 2 15708 0 55 15765
478 7 0 15771 1 15779
479 15682 1 23 2 15708
480 1 0 15732 5 15738
481 15748 0 0 0 15748
482 15705 0 4 0 15709
483 15588 1 15 1 15605
484 1 15832 0 0 15833
485 15901 0 2 1 15904
486 15777 0 4 1 15782
487 5 3 15717 1 15726
488 1 15559 0 0 15560
489 15638 0 7 3 15648
490 2 1 0 15547 15550
491 0 15595 1 6 15602
492 15440 1 15 1 15457
493 3 15653 0 8 15664
494 15735 0 5 0 15740
495 0 0 1 15476 15477
496 1 2 0 15309 15312
497 1 15430 0 8 15439
498 15382 1 0 1 15384
499 3 15518 0 1 15522
500 15405 0 1 0 15406
501 747 14492 50 169 15458
502 15512 2 2 2 15518
503 3 1 15171 4 15179
504 11 0 14702 5 14718
505 2 0 14803 1 14806
506 5 14989 0 6 15000
507 1 4 1 14969 14975
508 11 15000 0 2 15013
509 15306 0 0 0 15306
510 0 1 1 15244 15246
511 15281 0 4 1 15286
512 2 0 15107 1 15110
513 1 15144 0 3 15148
514 15205 1 3 0 15209
515 1 0 15030 0 15031
516 14859 0 4 0 14863
517 1 1 14791 1 14794
518 4 14753 0 0 14757
519 14884 4 2 1 14891
520 2 0 14915 2 14919
521 2 14822 0 2 14826
522 22 1 14787 5 14815
523 14634 2 17 1 14654
524 12 0 14681 1 14694
525 14687 1 12 0 14700
526 1 0 0 14585 14586
527 1 14670 0 2 14673
528 1 7 0 14608 14616
529 0 0 2 14461 14463
530 4 14633 0 1 14638
531 14673 1 16 0 14690
532 0 0 14465 0 14465
533 0 1 1 14054 14056
534 61 3 14053 0 14117
535 3 14029 0 0 14032
536 3 14295 0 2 14300
537 237 7 1 14054 14299
538 6 0 14307 2 14315
539 6 0 13891 170 14067
540 13703 1 306 0 14010
541 0 0 14072 0 14072
542 0 2 1 13708 13711
543 119 0 13733 1 13853
544 13892 0 3 3 13898
545 2 0 13945 1 13948
546 13829 0 13 3 13845
547 24 13751 1 1 13777
548 2 0 13884 0 13886
549 13778 0 5 3 13786
550 0 0 13898 1 13899
551 13874 0 4 0 13878
552 13882 1 0 0 13883
553 13846 1 5 3 13855
554 0 3 1 13740 13744
555 23 1 13733 0 13757
556 2 13707 0 3 13712
557 13823 0 0 1 13824
558 16 0 13779 1 13796
559 13626 3 3 0 13632
560 0 3 0 13563 13566
561 1 0 13491 0 13492
562 12 0 13371 0 13383
563 1 6 2 13039 13048
564 3 13198 0 0 13201
565 0 1 0 13203 13204
566 0 13388 0 1 13389
567 13504 0 5 0 13509
568 0 0 13353 1 13354
569 1 13156 0 0 13157
570 0 0 1 13371 13372
571 13391 4 1 0 13396
572 1 0 2 13389 13392
573 3 0 13242 0 13245
574 13139 0 6 1 13146
575 13117 0 2 2 13121
576 1 12854 1 4 12860
577 12914 0 11 0 12925
578 0 12943 0 1 12944
579 12940 1 8 0 12949
580 8 0 12841 0 12849
581 11 12750 0 4 12765
582 12821 0 3 4 12828
583 12784 0 2 1 12787
584 12701 0 1 0 12702
585 12682 0 0 0 12682
586 12589 0 0 1 12590
587 5 12625 1 0 12631
588 12595 0 4 0 12599
589 12432 0 2 2 12436
590 6 1 2 12306 12315
591 177 0 12226 4 12407
592 12223 0 3 0 12226
593 12111 1 0 0 12112
594 0 0 2 12120 12122
595 2 0 12155 1 12158
596 0 0 12033 3 12036
597 11814 0 2 0 11816
598 11926 0 1 2 11929
599 2 0 1 11828 11831
600 1 0 11913 1 11915
601 1 0 11852 2 11855
602 6 0 11825 2 11833
603 11805 1 5 0 11811
604 11887 0 0 0 11887
605 11820 0 2 0 11822
606 11729 0 1 3 11733
607 1 1 11798 5 11805
608 1 0 11642 0 11643
609 11620 0 9 0 11629
610 4 0 11741 0 11745
611 11925 0 4 0 11929
612 11903 0 30 1 11934
613 4 0 11776 0 11780
614 11682 0 1 0 11683
615 50 11643 0 45 11738
616 22 3 11722 0 11747
617 1 9 0 11432 11442
618 2 11597 1 15 11615
619 1 11840 1 1 11843
620 12008 0 4 0 12012
621 11948 1 0 0 11949
622 11869 0 4 0 11873
623 11843 0 4 0 11847
624 6 0 11752 0 11758
625 2 11706 0 0 11708
626 1 0 0 11696 11697
627 1 2 11679 5 11687
628 4 0 11555 0 11559
629 1 11625 2 6 11634
630 11858 0 4 0 11862
631 0 5 11841 2 11848
632 11867 0 0 0 11867
633 11871 0 0 0 11871
634 1 0 11620 1 11622
635 11755 0 1 4 11760
636 0 0 11707 1 11708
637 0 6 0 11075 11081
638 0 3 0 11568 11571
639 3 0 11681 0 11684
640 4 11607 0 2 11613
641 11813 0 1 0 11814
642 11792 0 1 0 11793
643 11747 0 1 0 11748
644 16 1 11673 1 11691
645 2 11650 0 4 11656
646 11860 0 1 0 11861
647 11790 0 1 0 11791
648 0 11738 1 3 11742
649 11826 1 2 0 11829
650 0 0 0 11775 11775
651 0 3 0 11804 11807
652 2 2 11756 3 11763
653 0 0 11624 1 11625
654 11550 2 2 0 11554
655 0 0 11573 0 11573
656 11 2 0 10924 10937
657 4 0 11218 1 11223
658 2 11271 0 3 11276
659 0 1 3 11456 11460
660 15 0 11453 0 11468
661 11240 0 5 3 11248
662 0 1 11357 2 11360
663 11259 0 5 0 11264
664 0 1 0 11189 11190
665 4 11167 5 3 11179
666 0 1 0 11082 11083
667 17 11055 0 1 11073
668 0 0 1 11147 11148
669 0 7 0 11178 11185
670 3 4 11055 5 11067
671 0 0 10959 1 10960
672 15 0 10955 1 10971
673 5 0 10982 1 10988
674 0 10847 0 4 10851
675 11112 0 4 0 11116
676 10973 0 26 0 10999
677 13 0 11135 0 11148
678 2 1 0 10627 10630
679 3 10895 0 3 10901
680 11095 0 2 0 11097
681 11002 1 0 0 11003
682 11001 1 2 1 11005
683 10958 0 18 0 10976
684 35 0 10923 0 10958
685 10739 1 3 1 10744
686 10798 0 1 0 10799
687 1 1 0 10754 10756
688 10 1 10876 2 10889
689 1 0 10824 0 10825
690 109 0 10700 0 10809
691 3 1 10801 1 10806
692 10651 0 1 1 10653
693 10718 0 23 3 10744
694 1 0 10788 0 10789
695 1 0 10706 0 10707
696 5 0 10723 1 10729
697 10610 0 2 2 10614
698 2 1 1 10519 10523
699 0 3 0 10644 10647
700 7 0 10653 0 10660
701 1 10504 0 2 10507
702 10642 0 7 0 10649
703 10578 0 0 0 10578
704 10552 2 4 0 10558
705 1 0 10636 3 10640
706 1 0 10532 1 10534
707 10372 0 2 0 10374
708 0 0 1 10521 10522
709 0 0 10605 0 10605
710 0 0 0 10449 10449
711 10517 0 2 1 10520
712 10432 0 1 0 10433
713 0 0 0 10562 10562
714 1 0 10520 1 10522
715 0 0 10498 1 10499
716 10397 0 0 1 10398
717 10464 0 1 0 10465
718 0 0 10392 2 10394
719 0 1 0 10193 10194
720 32 0 10283 0 10315
721 1 10209 0 0 10210
722 5 0 0 10488 10493
723 10460 0 1 1 10462
724 10426 0 1 0 10427
725 10396 0 0 0 10396
726 1 0 10304 1 10306
727 1 10198 0 1 10200
728 10302 0 2 0 10304
729 3 0 10246 0 10249
730 10096 0 0 0 10096
731 3 0 10067 1 10071
732 1 9875 0 1 9877
733 1 33 0 9789 9823
734 0 9846 0 2 9848
735 4 9923 0 0 9927
736 9951 0 1 1 9953
737 0 0 0 9930 9930
738 0 0 9920 1 9921
739 1 1 9805 1 9808
740 5 1 9748 0 9754
741 9726 0 2 0 9728
742 9754 2 3 0 9759
743 9708 0 1 1 9710
744 1 1 0 9699 9701
745 1 4 0 9698 9703
746 2 9617 1 6 9626
747 9635 0 3 0 9638
748 0 0 9509 0 9509
749 1 9383 0 0 9384
750 0 4 0 9230 9234
751 0 9216 0 5 9221
752 2 0 0 9278 9280
753 0 1 0 9283 9284
754 11 0 9179 0 9190
755 1 1 1 9014 9017
756 7 1 8971 0 8979
757 8905 0 2 0 8907
758 8835 0 6 1 8842
759 1 0 8893 0 8894
760 8800 0 1 0 8801
761 8779 0 2 0 8781
762 8783 0 1 0 8784
763 2 1 0 8732 8735
764 8705 0 0 0 8705
765 0 0 0 8659 8659
766 1 8642 0 0 8643
767 0 2 1 8703 8706
768 8619 0 0 4 8623
769 0 1 1 8575 8577
770 8569 0 1 0 8570
771 8461 0 0 0 8461
772 1 1 0 8338 8340
773 1 0 8233 0 8234
774 7 8151 0 33 8191
775 0 2 0 7991 7993
776 8 8101 0 0 8109
777 2 0 8055 0 8057
778 7955 0 1 0 7956
779 7799 0 1 2 7802
780 1 7933 0 2 7936
781 0 7882 0 2 7884
782 7885 0 3 0 7888
783 0 2 0 7830 7832
784 1 2 0 7811 7814
785 0 0 0 7687 7687
786 3 7680 1 0 7684
787 7694 0 1 2 7697
788 0 0 7616 7 7623
789 62 0 7354 0 7416
790 0 0 0 7217 7217
791 0 0 1 7257 7258
792 0 7228 0 0 7228
793 0 1 0 7279 7280
794 0 0 0 7229 7229
795 7015 0 1 0 7016
796 1 6935 1 2 6939
797 6896 0 3 0 6899
798 6745 0 0 0 6745
799 0 1 1 6701 6703
800 5 57 0 6602 6664
801 0 2 0 6634 6636
802 0 0 6548 1 6549
803 0 1 0 6383 6384
804 0 2 0 6235 6237
805 0 6146 0 0 6146
806 0 1 0 6209 6210
807 0 0 0 6199 6199
808 1 0 0 6165 6166
809 0 81 0 6050 6131
810 6095 0 0 2 6097
811 0 0 2 5958 5960
812 0 8 0 5796 5804
813 0 1 0 5758 5759
814 0 0 0 5735 5735
815 5695 0 0 0 5695
816 0 3 1 5548 5552
817 1 5581 0 3 5585
818 5588 0 0 1 5589
819 0 0 5403 0 5403
820 0 5305 0 3 5308
821 2 0 0 5233 5235
822 0 5283 0 0 5283
823 0 0 1 5141 5142
824 1 5207 0 4 5212
825 0 5232 0 1 5233
826 5225 0 0 0 5225
827 2 0 1 5147 5150
828 0 1 0 5114 5115
829 1 0 0 5071 5072
830 10 5055 0 17 5082
831 5092 0 1 1 5094
832 0 2 0 5053 5055
833 272 0 4726 0 4998
834 1 0 4876 0 4877
835 1 4904 0 3 4908
836 0 5 0 4909 4914
837 0 0 0 4936 4936
838 1 0 4713 1 4715
839 0 0 4724 0 4724
840 4598 0 2 0 4600
841 1 4645 0 1 4647
842 4604 0 1 0 4605
843 4658 0 0 0 4658
844 1 0 0 4625 4626
845 4577 1 0 1 4579
846 2 0 4423 0 4425
847 6 0 4492 0 4498
848 6 0 4487 0 4493
849 0 4420 1 0 4421
850 4479 0 3 0 4482
851 0 0 0 4490 4490
852 0 2 0 4569 4571
853 1 0 1 4595 4597
854 1 1 4160 0 4162
855 4207 1 2 3 4213
856 4341 0 0 0 4341
857 0 1 0 4373 4374
858 5 4193 1 2 4201
859 4233 1 0 0 4234
860 4329 0 3 0 4332
861 4341 3 0 2 4346
862 2 0 0 4288 4290
863 4253 0 0 0 4253
864 4296 0 0 0 4296
865 4251 0 0 0 4251
866 4262 0 0 1 4263
867 4231 0 0 0 4231
868 11 0 4001 0 4012
869 4031 0 1 0 4032
870 1 0 4015 0 4016
871 5 0 4008 0 4013
872 3984 0 0 0 3984
873 4050 0 1 0 4051
874 0 2 0 3954 3956
875 3960 0 0 0 3960
876 3994 0 0 0 3994
877 3874 1 0 0 3875
878 0 3833 0 3 3836
879 3649 0 0 0 3649
880 0 0 0 3615 3615
881 0 0 3588 0 3588
882 3576 0 0 0 3576
883 3644 0 0 0 3644
884 3640 0 1 0 3641
885 3634 0 0 0 3634
886 3 0 0 3509 3512
887 3456 3 1 0 3460
888 0 3429 0 1 3430
889 0 0 3436 1 3437
890 3407 0 0 1 3408
891 3494 1 0 0 3495
892 0 0 0 3417 3417
893 3498 0 0 0 3498
894 3507 0 0 1 3508
895 3508 0 0 0 3508
896 3480 0 0 0 3480
897 2 0 3243 0 3245
898 0 0 3252 0 3252
899 0 5 0 2874 2879
900 1 3134 0 0 3135
901 2 3254 0 1 3257
902 3248 0 2 0 3250
903 3290 0 0 0 3290
904 3281 0 1 0 3282
905 23 3180 0 5 3208
906 3265 0 0 1 3266
907 3284 0 0 0 3284
908 3286 1 4 0 3291
909 5 0 3081 0 3086
910 3151 0 3 0 3154
911 21 0 3049 0 3070
912 3145 0 1 0 3146
913 50 3046 0 0 3096
914 3170 0 1 0 3171
915 3208 0 0 0 3208
916 0 0 0 3073 3073
917 3170 0 0 0 3170
918 3163 0 0 0 3163
919 3140 0 0 0 3140
920 0 3015 0 1 3016
921 3078 1 0 0 3079
922 0 0 2990 0 2990
923 3074 0 0 0 3074
924 0 0 3017 1 3018
925 3119 0 2 0 3121
926 24 0 3014 2 3040
927 1 0 3090 0 3091
928 0 1 1 2697 2699
929 3030 0 1 0 3031
930 0 0 0 2982 2982
931 1 3049 0 1 3051
932 3109 0 1 0 3110
933 3108 0 2 0 3110
934 0 0 0 3053 3053
935 0 11 0 3069 3080
936 0 0 0 3072 3072
937 0 1 0 3083 3084
938 0 0 2888 0 2888
939 2906 0 0 0 2906
940 0 0 2878 1 2879
941 2864 0 0 0 2864
942 4 2813 0 0 2817
943 2830 0 0 0 2830
944 76 2736 0 2 2814
945 2867 0 0 0 2867
946 1 0 2770 0 2771
947 0 1 0 2708 2709
948 0 0 0 2765 2765
949 2671 0 0 0 2671
950 1 2689 0 0 2690
951 0 2728 0 0 2728
952 2708 0 0 0 2708
953 2698 0 0 0 2698
954 2689 0 1 0 2690
955 2686 0 1 0 2687
956 2649 0 7 0 2656
957 2 0 2547 0 2549
958 2513 0 1 0 2514
959 2514 0 0 0 2514
960 2486 0 0 3 2489
961 0 0 0 2298 2298
962 0 2351 0 1 2352
963 0 2386 0 0 2386
964 2395 0 1 0 2396
965 5 0 2291 0 2296
966 4 0 2249 0 2253
967 1 2218 0 0 2219
968 13 2244 0 0 2257
969 2314 0 1 0 2315
970 2342 0 0 0 2342
971 2342 0 1 0 2343
972 2 0 2286 0 2288
973 2294 0 0 0 2294
974 2303 0 0 0 2303
975 2293 0 0 0 2293
976 1 2250 0 3 2254
977 2257 0 1 0 2258
978 2256 0 0 0 2256
979 2 13 0 2125 2140
980 13 0 2121 0 2134
981 2143 0 0 0 2143
982 2151 0 0 0 2151
983 0 0 2069 0 2069
984 0 1 2043 0 2044
985 2068 0 2 0 2070
986 2091 0 1 0 2092
987 0 0 1935 0 1935
988 0 0 0 1906 1906
989 0 0 1986 0 1986
990 0 1996 0 2 1998
991 1 0 0 2005 2006
992 0 2004 0 2 2006
993 0 0 1 2000 2001
994 2 2004 0 6 2012
995 0 4 2 2000 2006
996 0 0 1994 0 1994
997 1988 0 0 0 1988
998 2 1980 1 4 1987
999 1974 0 0 0 1974
1000 1971 0 1 0 1972
1001 3 1928 0 0 1931
1002 1939 0 1 0 1940
1003 0 0 0 1911 1911
1004 1 0 1920 1 1922
1005 12 0 1893 0 1905
1006 1890 0 14 0 1904
1007 0 0 1879 1 1880
1008 0 0 1856 0 1856
1009 0 3 0 1671 1674
1010 1815 0 0 0 1815
1011 0 0 1 1804 1805
1012 1 0 1 1822 1824
1013 0 0 1786 0 1786
1014 1797 0 0 0 1797
1015 1808 0 2 0 1810
1016 1 1 0 1767 1769
1017 4 0 1731 0 1735
1018 1731 0 0 3 1734
1019 0 1709 0 0 1709
1020 1 1715 0 1 1717
1021 1709 0 0 0 1709
1022 3 1703 0 1 1707
1023 1731 0 0 0 1731
1024 0 0 2 1696 1698
1025 1716 0 1 0 1717
1026 1712 0 0 0 1712
1027 0 0 1 1688 1689
1028 1682 0 4 0 1686
1029 1699 0 0 0 1699
1030 0 0 0 1669 1669
1031 1 0 0 1690 1691
1032 0 0 1653 0 1653
1033 1645 0 0 0 1645
1034 1 0 1634 0 1635
1035 0 0 1634 0 1634
1036 0 0 1615 0 1615
1037 1576 0 0 0 1576
1038 1 1582 0 0 1583
1039 0 0 0 1607 1607
1040 0 1 0 1601 1602
1041 0 0 0 1590 1590
1042 0 1579 0 1 1580
1043 0 0 0 1574 1574
1044 0 0 1545 0 1545
1045 0 1500 0 0 1500
1046 6 1517 0 5 1528
1047 213 0 1327 0 1540
1048 1524 0 2 0 1526
1049 1513 0 0 0 1513
1050 0 0 1513 0 1513
1051 1496 0 1 0 1497
1052 0 0 1508 0 1508
1053 1505 0 0 0 1505
1054 0 1 1 1492 1494
1055 1508 0 0 0 1508
1056 1507 0 0 0 1507
1057 0 0 0 1486 1486
1058 1487 0 2 0 1489
1059 1483 0 0 0 1483
1060 1486 0 0 0 1486
1061 1481 1 0 0 1482
1062 1462 0 1 0 1463
1063 0 0 0 1437 1437
1064 0 0 1423 0 1423
1065 0 0 1411 0 1411
1066 0 0 1417 0 1417
1067 0 1 1 1348 1350
1068 1 0 1401 0 1402
1069 1407 0 1 4 1412
1070 1413 0 0 0 1413
1071 1385 0 0 1 1386
1072 0 1402 0 0 1402
1073 1402 0 0 0 1402
1074 0 0 1424 0 1424
1075 0 0 0 1373 1373
1076 0 0 0 1387 1387
1077 0 0 0 1386 1386
1078 0 0 4 1377 1381
1079 9 0 1365 0 1374
1080 3 0 1360 0 1363
1081 1341 0 0 0 1341
1082 36 0 1324 0 1360
1083 1357 0 0 0 1357
1084 0 0 1 1345 1346
1085 1357 0 1 0 1358
1086 0 0 1355 0 1355
1087 1361 0 0 0 1361
1088 1342 0 0 7 1349
1089 16 0 1304 0 1320
1090 1328 0 0 2 1330
1091 1310 0 1 0 1311
1092 0 0 1 1276 1277
1093 1 1 0 1303 1305
1094 2 0 1298 0 1300
1095 0 1289 0 0 1289
1096 1311 0 0 0 1311
1097 0 0 0 1276 1276
1098 0 0 0 1312 1312
1099 1304 0 0 0 1304
1100 1303 0 1 0 1304
1101 1302 0 0 1 1303
1102 0 0 0 1280 1280
1103 0 0 0 1273 1273
1104 0 1268 0 0 1268
1105 1282 0 0 0 1282
1106 1270 0 0 0 1270
1107 0 0 0 1278 1278
1108 1 0 0 1266 1267
1109 0 0 0 1258 1258
1110 0 0 0 1263 1263
1111 1231 0 30 4 1265
1112 1 1241 0 6 1248
1113 1 4 0 1159 1164
1114 0 0 1170 0 1170
1115 0 0 0 1150 1150
1116 1178 0 0 1 1179
1117 0 6 0 1166 1172
1118 0 0 0 1167 1167
1119 0 1 1 1133 1135
1120 1 1125 0 0 1126
1121 0 0 0 1133 1133
1122 0 0 0 1144 1144
1123 1117 0 0 0 1117
1124 0 1111 0 0 1111
1125 0 0 0 1102 1102
1126 1104 0 0 0 1104
1127 0 1 0 1081 1082
1128 0 0 1074 0 1074
1129 0 1032 0 0 1032
1130 1073 0 0 0 1073
1131 0 0 1 1058 1059
1132 0 0 0 1093 1093
1133 0 0 0 970 970
1134 988 0 0 0 988
1135 939 0 0 0 939
1136 0 0 900 0 900
1137 0 817 0 0 817
1138 822 0 0 0 822
1139 799 0 1 0 800
1140 813 0 0 0 813
1141 0 0 0 792 792
1142 2 0 0 778 780
1143 0 0 782 0 782
1144 0 0 0 767 767
1145 781 0 0 0 781
1146 761 0 0 0 761
1147 0 0 0 701 701
1148 0 700 0 0 700
1149 705 0 0 0 705
1150 693 0 0 0 693
1151 2 0 0 689 691
1152 2 0 679 0 681
1153 0 0 0 662 662
1154 0 658 0 1 659
1155 663 1 2 4 670
1156 0 0 658 0 658
1157 0 450 0 4 454
1158 461 0 0 0 461
1159 460 0 0 0 460
1160 455 0 0 0 455
1161 0 0 0 447 447
1162 447 0 0 0 447
1163 438 0 0 0 438
1164 426 0 0 0 426
1165 0 427 0 0 427
1166 0 0 0 368 368
1167 0 0 357 0 357
1168 0 0 336 0 336
1169 341 0 0 0 341
1170 340 0 0 0 340
1171 324 0 0 0 324
1172 308 0 0 0 308
1173 297 0 0 0 297
1174 0 0 261 0 261
1175 1 1 0 130 132
1176 0 0 124 0 124
1177 0 119 0 0 119
1178 0 0 98 0 98
1179 0 0 0 87 87
1180 0 0 0 89 89
1181 0 0 83 0 83
1182 0 0 0 82 82
1183 0 0 0 86 86
1184 0 1 0 76 77
1185 0 76 0 0 76
1186 0 0 0 76 76
1187 9 0 0 0 9
1188 0 5 0 0 5
1189 0 0 0 4 4
1190 0 0 0 0 0
