0 0 0 0 0 0
1 55 0 0 0 55
2 0 0 56 0 56
3 0 55 0 0 55
4 56 0 0 0 56
5 0 0 56 0 56
6 57 0 0 0 57
7 59 0 0 0 59
8 0 0 56 0 56
9 0 67 0 0 67
10 68 0 0 0 68
11 0 90 0 0 90
12 0 0 132 0 132
13 0 159 0 0 159
14 154 0 9 0 163
15 0 292 0 0 292
16 0 0 0 303 303
17 0 1 0 304 305
18 0 0 0 367 367
19 0 432 0 0 432
20 0 0 0 510 510
21 0 0 0 535 535
22 558 0 0 0 558
23 571 0 0 0 571
24 573 1 0 0 574
25 561 0 0 0 561
26 0 0 0 592 592
27 0 0 585 0 585
28 0 0 0 589 589
29 0 611 0 0 611
30 0 0 626 0 626
31 0 659 0 0 659
32 0 0 0 673 673
33 1 0 706 0 707
34 0 0 0 723 723
35 0 1 0 755 756
36 0 1 0 802 803
37 0 0 798 0 798
38 0 0 794 5 799
39 784 0 4 0 788
40 0 0 862 0 862
41 868 0 2 0 870
42 0 916 0 0 916
43 916 0 0 0 916
44 0 981 0 0 981
45 974 0 0 0 974
46 989 1 0 4 994
47 0 0 0 1036 1036
48 0 0 0 1067 1067
49 0 0 1052 0 1052
50 0 1076 0 0 1076
51 0 1100 0 0 1100
52 0 0 0 1122 1122
53 1115 0 3 1 1119
54 0 1226 0 0 1226
55 0 0 0 1229 1229
56 0 0 0 1236 1236
57 0 0 1243 0 1243
58 1 1288 0 0 1289
59 0 1 0 1303 1304
60 0 0 0 1311 1311
61 0 0 0 1314 1314
62 0 1313 0 0 1313
63 1285 0 0 0 1285
64 0 0 0 1299 1299
65 0 0 0 1317 1317
66 0 0 1296 0 1296
67 1268 0 0 1 1269
68 0 1306 0 0 1306
69 1309 0 2 0 1311
70 0 0 1333 0 1333
71 1262 1 0 0 1263
72 1307 0 0 0 1307
73 0 0 1334 0 1334
74 1256 0 1 0 1257
75 0 5 0 1349 1354
76 0 0 1356 0 1356
77 2 0 1341 0 1343
78 1351 0 0 0 1351
79 0 0 1376 0 1376
80 1358 0 0 0 1358
81 1378 0 0 1 1379
82 0 0 1431 0 1431
83 9 0 1448 0 1457
84 0 1495 2 0 1497
85 1509 0 0 0 1509
86 1507 0 0 0 1507
87 1494 0 1 4 1499
88 0 0 1493 0 1493
89 0 1539 0 1 1540
90 1568 0 0 0 1568
91 0 0 1566 0 1566
92 1545 0 0 0 1545
93 1560 0 0 0 1560
94 0 1546 0 4 1550
95 0 0 0 1561 1561
96 1546 0 1 0 1547
97 2 0 1542 0 1544
98 1 1558 0 0 1559
99 1577 0 0 0 1577
100 0 0 1599 0 1599
101 1587 1 0 0 1588
102 1589 0 0 0 1589
103 1609 0 0 0 1609
104 1586 0 0 0 1586
105 64 0 1547 0 1611
106 0 1 0 1612 1613
107 0 0 0 1668 1668
108 1660 0 3 8 1671
109 0 1683 0 0 1683
110 1645 1 0 0 1646
111 0 1686 0 0 1686
112 0 0 0 1694 1694
113 0 0 1724 0 1724
114 0 0 0 1702 1702
115 0 0 0 1739 1739
116 0 1 1734 0 1735
117 0 0 1735 0 1735
118 0 0 0 1646 1646
119 0 1 0 1709 1710
120 0 0 0 1743 1743
121 0 0 1744 0 1744
122 1 0 1734 0 1735
123 0 1 3 1638 1642
124 0 0 1746 0 1746
125 0 0 1764 0 1764
126 2 0 1765 0 1767
127 1808 0 0 3 1811
128 2463 0 0 0 2463
129 2577 0 0 0 2577
130 0 0 2615 0 2615
131 2620 1 0 8 2629
132 3282 1 1 0 3284
133 0 0 0 3350 3350
134 0 0 0 3392 3392
135 0 1 0 3419 3420
136 1 0 3359 0 3360
137 3390 0 0 0 3390
138 1 3646 0 0 3647
139 0 3932 0 0 3932
140 0 0 0 3989 3989
141 4026 0 1 0 4027
142 0 0 3994 0 3994
143 4013 1 0 0 4014
144 6 3128 0 971 4105
145 0 2 0 4083 4085
146 0 4131 0 2 4133
147 4126 9 3 0 4138
148 0 0 4134 0 4134
149 0 4082 0 1 4083
150 0 4202 0 0 4202
151 0 0 0 4163 4163
152 0 0 0 4212 4212
153 0 0 4190 0 4190
154 0 0 4151 0 4151
155 4158 0 1 1 4160
156 4180 0 2 0 4182
157 0 1 0 4194 4195
158 0 1 4216 0 4217
159 0 0 4146 0 4146
160 4088 1 0 1 4090
161 1 0 0 4201 4202
162 4230 0 0 0 4230
163 4244 1 1 0 4246
164 4200 1 1 0 4202
165 4163 2 24 0 4189
166 4207 1 1 0 4209
167 4198 0 0 0 4198
168 1 4264 0 0 4265
169 4292 0 0 0 4292
170 4284 0 0 0 4284
171 4247 0 0 0 4247
172 4246 0 5 0 4251
173 0 0 4186 0 4186
174 4200 1 0 0 4201
175 0 0 0 4208 4208
176 0 1 4226 0 4227
177 0 4222 0 1 4223
178 1 0 0 4257 4258
179 0 0 0 4301 4301
180 4267 0 0 0 4267
181 4258 1 1 0 4260
182 0 4272 0 0 4272
183 0 1 3 4257 4261
184 1 0 4258 4 4263
185 4323 0 0 0 4323
186 0 0 1 4267 4268
187 4346 0 0 0 4346
188 0 0 0 4300 4300
189 4320 0 3 0 4323
190 1 4360 0 0 4361
191 4372 0 0 0 4372
192 4271 0 0 0 4271
193 4249 0 0 0 4249
194 4267 0 0 1 4268
195 4303 0 0 0 4303
196 0 0 4191 0 4191
197 0 4249 0 0 4249
198 4277 0 0 1 4278
199 0 4311 0 0 4311
200 0 0 0 4332 4332
201 4326 0 0 0 4326
202 4289 3 0 0 4292
203 0 1 0 4288 4289
204 0 5 0 4307 4312
205 0 0 4241 0 4241
206 1 0 4117 0 4118
207 0 8 1 3936 3945
208 0 0 4084 0 4084
209 0 4182 0 0 4182
210 0 4344 0 10 4354
211 0 0 0 4412 4412
212 0 4454 0 0 4454
213 1 2 0 4461 4464
214 4544 0 3 0 4547
215 0 0 0 4494 4494
216 4587 4 0 0 4591
217 0 0 0 4656 4656
218 0 0 4859 0 4859
219 0 5021 0 6 5027
220 0 0 0 5095 5095
221 0 0 0 5205 5205
222 0 1 0 5257 5258
223 0 0 0 5347 5347
224 7 0 0 5363 5370
225 5383 0 4 0 5387
226 5355 1 0 0 5356
227 5328 0 0 0 5328
228 5302 0 0 0 5302
229 3 5291 0 0 5294
230 1 5225 0 3 5229
231 1 5330 0 1 5332
232 5381 1 1 0 5383
233 5365 0 0 0 5365
234 5344 0 0 0 5344
235 17 0 5145 1 5163
236 5265 0 1 0 5266
237 0 5216 0 0 5216
238 1 5228 0 0 5229
239 5254 1 0 0 5255
240 20 0 5250 0 5270
241 0 0 5195 0 5195
242 5159 1 0 0 5160
243 5283 0 3 0 5286
244 5299 0 0 0 5299
245 4 0 5290 0 5294
246 5263 1 0 2 5266
247 5295 0 0 0 5295
248 5300 0 9 1 5310
249 5318 0 1 0 5319
250 5329 0 5 0 5334
251 1 0 5249 0 5250
252 5227 1 0 0 5228
253 5259 1 1 0 5261
254 0 0 5252 0 5252
255 5216 0 6 0 5222
256 0 2 0 5308 5310
257 0 1 0 5388 5389
258 0 5332 0 4 5336
259 5389 0 0 2 5391
260 0 0 0 5386 5386
261 0 5411 0 0 5411
262 5399 0 0 0 5399
263 2 5378 0 3 5383
264 5363 0 0 0 5363
265 1 0 5224 0 5225
266 5180 0 0 1 5181
267 1 0 5213 0 5214
268 0 5156 0 0 5156
269 1 5171 0 1 5173
270 1 5273 0 3 5277
271 0 2 0 5345 5347
272 0 0 0 5317 5317
273 5367 0 1 3 5371
274 0 8 0 5307 5315
275 0 5375 0 0 5375
276 5427 0 1 1 5429
277 0 0 5390 0 5390
278 3 1 5282 0 5286
279 5241 0 3 0 5244
280 5294 2 1 0 5297
281 0 4 0 5329 5333
282 2 0 5337 0 5339
283 1 0 5317 0 5318
284 8 0 5294 0 5302
285 5420 1 0 1 5422
286 5530 0 1 0 5531
287 0 5450 0 1 5451
288 5597 0 0 0 5597
289 5592 0 0 0 5592
290 0 5711 0 3 5714
291 5820 1 4 0 5825
292 4 1 5601 0 5606
293 2 5665 0 0 5667
294 5811 0 10 0 5821
295 5868 0 0 0 5868
296 3 5825 0 0 5828
297 6145 0 0 0 6145
298 6132 0 2 0 6134
299 6229 0 0 0 6229
300 6219 0 0 0 6219
301 6273 2 0 0 6275
302 6240 0 0 0 6240
303 2 0 6242 0 6244
304 6327 0 9 0 6336
305 6396 0 0 1 6397
306 6415 0 7 0 6422
307 3 0 6287 0 6290
308 0 0 6132 1 6133
309 45 6215 1 0 6261
310 0 6407 0 12 6419
311 1 6 3 6346 6356
312 6 0 6453 0 6459
313 6421 1 0 0 6422
314 0 4 0 6462 6466
315 1 3 0 6502 6506
316 1 6534 0 3 6538
317 0 1 0 6584 6585
318 35 0 6500 0 6535
319 6 0 6442 0 6448
320 0 6480 0 2 6482
321 3 0 0 6692 6695
322 0 0 6694 0 6694
323 6479 1 8 0 6488
324 0 1 6634 0 6635
325 6640 0 2 0 6642
326 0 0 7067 0 7067
327 7230 0 2 1 7233
328 7487 0 1 0 7488
329 7495 0 0 0 7495
330 7515 0 0 0 7515
331 7517 0 0 0 7517
332 0 1 0 7425 7426
333 0 0 7356 0 7356
334 7544 0 0 4 7548
335 19 0 7592 1 7612
336 7654 1 1 0 7656
337 7726 0 0 1 7727
338 20 0 7633 1 7654
339 7662 0 5 0 7667
340 1 2 0 7522 7525
341 1 10 7549 0 7560
342 1 1 0 7249 7251
343 1 0 7560 0 7561
344 1 1 0 7568 7570
345 3 0 7690 0 7693
346 8012 0 1 0 8013
347 1 0 7961 0 7962
348 5 8168 0 5 8178
349 0 2 0 8253 8255
350 0 2 0 8398 8400
351 0 2 0 8459 8461
352 0 8505 0 6 8511
353 8601 0 1 1 8603
354 1 3 0 8585 8589
355 2 0 8491 0 8493
356 8561 0 0 0 8561
357 8517 0 1 0 8518
358 1 0 8435 0 8436
359 1 8510 0 1 8512
360 8600 2 0 0 8602
361 0 0 0 8635 8635
362 0 7 0 8706 8713
363 0 0 1 8716 8717
364 2 0 8677 11 8690
365 8645 0 0 0 8645
366 8700 0 1 0 8701
367 8700 0 0 1 8701
368 0 1 1 8747 8749
369 8746 0 5 0 8751
370 3 0 8526 1 8530
371 2 8515 0 2 8519
372 8745 0 14 1 8760
373 0 0 8625 0 8625
374 8741 0 1 0 8742
375 8786 0 1 0 8787
376 9 0 8381 0 8390
377 1 1 8027 0 8029
378 1 8241 0 1 8243
379 0 8467 0 0 8467
380 8703 0 1 2 8706
381 2 1 0 8710 8713
382 10 0 8478 2 8490
383 8658 0 1 0 8659
384 8621 0 2 0 8623
385 8598 1 1 0 8600
386 1 0 8478 3 8482
387 0 8472 0 1 8473
388 0 4 0 8396 8400
389 3 8386 0 6 8395
390 8588 0 2 6 8596
391 1 1 8357 1 8360
392 0 8135 0 3 8138
393 1 1 8611 2 8615
394 0 8580 1 0 8581
395 11 19 0 8811 8841
396 8743 15 46 0 8804
397 9 8893 0 2 8904
398 0 0 1 9006 9007
399 9070 0 1 0 9071
400 1 0 1 8999 9001
401 9005 0 0 1 9006
402 3 9087 0 1 9091
403 1 1 1 9071 9074
404 1 7 9035 0 9043
405 0 9 0 9003 9012
406 0 9139 0 10 9149
407 2 9 0 9035 9046
408 1 9254 1 1 9257
409 9379 0 0 1 9380
410 1 4 0 9500 9505
411 1 0 9418 0 9419
412 1 0 9450 0 9451
413 0 2 0 9343 9345
414 42 9395 0 5 9442
415 9579 0 1 0 9580
416 0 1 0 9686 9687
417 2 0 9687 0 9689
418 0 0 0 9593 9593
419 9422 0 0 0 9422
420 0 10021 1 7 10029
421 2 10225 0 2 10229
422 0 2 1 10231 10234
423 11 0 10129 0 10140
424 9992 1 1 1 9995
425 10133 1 2 0 10136
426 0 0 0 10111 10111
427 1 10065 0 6 10072
428 1 10266 0 4 10271
429 0 2 1 10416 10419
430 1 0 10558 0 10559
431 2 0 10447 1 10450
432 10697 0 29 1 10727
433 10907 0 0 0 10907
434 10870 0 0 0 10870
435 0 1 2 10930 10933
436 0 0 2 11069 11071
437 11255 0 1 3 11259
438 0 3 1 11199 11203
439 0 0 0 11101 11101
440 2 11209 1 5 11217
441 11297 0 0 3 11300
442 11222 0 0 3 11225
443 0 0 1 11208 11209
444 1 0 11215 1 11217
445 0 11161 0 0 11161
446 11305 0 3 0 11308
447 11163 0 6 1 11170
448 0 0 11183 0 11183
449 6 0 0 10795 10801
450 11148 0 6 0 11154
451 11103 0 0 0 11103
452 11073 6 0 0 11079
453 10978 0 0 1 10979
454 0 11200 0 0 11200
455 0 9 0 11164 11173
456 11196 0 1 0 11197
457 4 5 11189 0 11198
458 0 0 11006 0 11006
459 11092 1 0 2 11095
460 11173 2 0 1 11176
461 8 11159 0 1 11168
462 97 0 10881 0 10978
463 0 11017 0 0 11017
464 0 5 0 11047 11052
465 0 11188 0 0 11188
466 0 0 1 11215 11216
467 0 17 11124 1 11142
468 1 9 0 10861 10871
469 3 0 10978 0 10981
470 3 11062 0 0 11065
471 0 1 0 11099 11100
472 2 2 0 11134 11138
473 0 0 0 11187 11187
474 11240 0 0 1 11241
475 1 1 0 11056 11058
476 2 0 11069 2 11073
477 1 11037 0 13 11051
478 12 0 11104 7 11123
479 11014 1 17 4 11036
480 17 0 11050 1 11068
481 11043 0 1 0 11044
482 11031 0 0 0 11031
483 11004 1 0 0 11005
484 0 11161 0 2 11163
485 11185 1 2 1 11189
486 11112 0 1 0 11113
487 0 0 11056 0 11056
488 0 10945 0 2 10947
489 10979 0 3 1 10983
490 1 0 0 10827 10828
491 4 10953 0 3 10960
492 10791 0 2 1 10794
493 1 10913 2 3 10919
494 10947 1 7 2 10957
495 0 4 0 10794 10798
496 1 5 0 10625 10631
497 0 10797 0 1 10798
498 10775 0 3 3 10781
499 2 10835 0 4 10841
500 10743 0 0 1 10744
501 105 10707 5 2 10819
502 10803 1 10 1 10815
503 2 0 10566 2 10570
504 0 0 10226 1 10227
505 3 0 10216 1 10220
506 6 10341 8 0 10355
507 0 0 0 10374 10374
508 4 10348 0 6 10358
509 10641 1 1 2 10645
510 0 2302 3 8312 10617
511 10690 0 1 0 10691
512 0 0 10478 1 10479
513 0 10461 0 1 10462
514 10481 0 1 0 10482
515 1 0 10319 2 10322
516 10199 0 0 1 10200
517 1 0 10111 0 10112
518 1 10108 0 3 10112
519 10205 5 1 0 10211
520 8 0 10297 1 10306
521 2 10168 0 1 10171
522 2 0 10245 3 10250
523 10050 1 1 0 10052
524 74 0 10031 1 10106
525 10068 0 19 1 10088
526 1 0 1 10025 10027
527 0 10116 0 0 10116
528 0 2 1 10072 10075
529 1 0 2 9948 9951
530 0 10135 0 2 10137
531 10136 0 8 10 10154
532 1 0 9900 1 9902
533 1 1 4 9593 9599
534 0 0 9559 1 9560
535 6 9551 0 5 9562
536 12 9770 0 1 9783
537 0 11 1 9804 9816
538 2 0 9787 1 9790
539 1 0 9683 10 9694
540 9601 0 17 3 9621
541 0 0 9705 0 9705
542 2 2 1 9338 9343
543 0 0 9507 0 9507
544 9579 0 1 6 9586
545 2 0 9646 0 9648
546 9576 2 2 0 9580
547 0 9520 0 2 9522
548 3 0 9642 16 9661
549 9492 1 0 2 9495
550 27 0 9585 1 9613
551 9571 1 2 0 9574
552 9586 1 4 0 9591
553 9610 0 2 9 9621
554 1 1 4 9516 9522
555 10 1 9485 0 9496
556 0 9457 0 4 9461
557 9511 1 1 0 9513
558 1 0 9466 1 9468
559 9327 1 0 1 9329
560 0 0 0 9257 9257
561 1 0 9220 0 9221
562 9 0 9149 0 9158
563 0 0 1 8863 8864
564 0 9059 0 1 9060
565 0 1 1 9073 9075
566 0 9211 0 2 9213
567 9374 3 3 0 9380
568 0 0 9167 0 9167
569 0 9032 0 0 9032
570 0 1 0 9229 9230
571 9253 0 0 0 9253
572 0 1 0 9228 9229
573 1 0 9149 5 9155
574 9116 0 0 0 9116
575 9103 0 4 0 9107
576 0 8874 0 0 8874
577 8971 0 1 1 8973
578 1 8972 0 0 8973
579 9036 1 0 0 9037
580 5 0 8958 0 8963
581 4 8860 0 2 8866
582 8925 0 1 0 8926
583 8846 1 0 0 8847
584 8798 0 0 0 8798
585 8773 0 0 0 8773
586 8686 1 0 0 8687
587 1 8734 0 1 8736
588 8668 0 0 0 8668
589 8487 0 0 1 8488
590 0 0 0 8465 8465
591 395 0 8089 1 8485
592 8348 0 0 1 8349
593 8295 0 0 1 8296
594 1 17 0 8235 8253
595 30 0 8239 1 8270
596 3 1 8197 0 8201
597 8001 1 0 1 8003
598 8041 0 5 0 8046
599 4 5 0 8053 8062
600 1 0 8160 2 8163
601 4 0 8089 0 8093
602 10 0 8046 1 8057
603 8031 0 8 0 8039
604 8077 0 0 0 8077
605 8029 0 0 0 8029
606 7958 0 30 10 7998
607 9 1 7944 0 7954
608 0 0 7838 0 7838
609 7850 0 1 1 7852
610 1 0 7945 0 7946
611 8073 0 1 0 8074
612 8072 0 12 0 8084
613 0 0 7969 0 7969
614 7910 0 1 0 7911
615 0 7689 0 280 7969
616 1 1 8037 0 8039
617 1 0 0 7816 7817
618 0 7873 1 0 7874
619 0 8081 0 2 8083
620 8256 0 0 0 8256
621 8218 0 2 0 8220
622 8162 1 4 0 8167
623 8128 0 1 0 8129
624 15 0 8026 0 8041
625 4 8000 0 3 8007
626 0 2 2 7976 7980
627 38 0 7940 0 7978
628 0 2 7840 0 7842
629 0 7966 1 3 7970
630 8171 1 0 0 8172
631 0 0 8146 0 8146
632 8175 0 0 0 8175
633 8174 0 0 0 8174
634 0 0 7952 1 7953
635 8073 0 1 0 8074
636 0 0 7987 1 7988
637 3 3 0 7489 7495
638 0 0 0 7814 7814
639 24 0 7933 1 7958
640 0 7891 1 2 7894
641 8103 0 0 0 8103
642 8093 0 0 1 8094
643 8093 0 3 0 8096
644 16 0 8039 0 8055
645 3 7932 0 0 7935
646 8107 2 1 0 8110
647 8034 0 0 0 8034
648 0 7926 0 0 7926
649 8010 1 0 0 8011
650 0 0 0 7900 7900
651 0 0 0 7959 7959
652 2 0 7968 0 7970
653 0 0 7826 0 7826
654 7821 0 0 0 7821
655 1 1 7876 0 7878
656 13 1 0 7301 7315
657 1 0 7522 0 7523
658 1 7566 0 1 7568
659 0 1 0 7716 7717
660 1 0 7671 0 7672
661 7456 0 0 0 7456
662 0 0 7537 0 7537
663 7436 0 0 1 7437
664 0 0 1 7323 7324
665 0 7321 0 0 7321
666 0 4 0 7305 7309
667 1 7297 0 0 7298
668 1 0 0 7390 7391
669 0 5 0 7413 7418
670 0 0 7319 2 7321
671 0 3 7159 1 7163
672 158 0 6995 4 7157
673 0 0 7201 0 7201
674 3 7051 1 3 7058
675 7329 0 8 0 7337
676 7261 0 1 0 7262
677 16 0 7357 0 7373
678 2 1 0 6993 6996
679 0 7193 0 1 7194
680 7345 1 4 1 7351
681 7290 0 2 0 7292
682 7298 0 1 1 7300
683 7236 1 51 0 7288
684 1 1 7197 0 7199
685 6978 0 0 0 6978
686 7039 1 1 1 7042
687 0 2 0 7011 7013
688 2 0 7133 0 7135
689 3 1 7019 0 7023
690 5 0 7070 0 7075
691 1 0 7084 0 7085
692 6982 0 1 4 6987
693 7047 0 0 2 7049
694 0 0 7084 0 7084
695 0 0 6970 1 6971
696 28 0 6996 0 7024
697 6851 0 0 0 6851
698 0 2 1 6815 6818
699 3 6 0 6860 6869
700 2 1 6838 0 6841
701 1 6796 0 2 6799
702 6877 0 3 1 6881
703 6823 0 1 0 6824
704 6796 0 0 0 6796
705 0 0 6867 0 6867
706 0 0 6826 0 6826
707 6692 1 0 0 6693
708 0 1 0 6814 6815
709 1 1 6859 0 6861
710 0 1 0 6791 6792
711 6807 0 2 1 6810
712 6754 0 2 0 6756
713 2 0 0 6877 6879
714 1 0 6902 0 6903
715 0 0 6869 0 6869
716 6779 0 3 0 6782
717 6750 0 3 0 6753
718 0 0 6710 0 6710
719 0 0 2 6565 6567
720 14 0 6661 0 6675
721 1 6644 0 0 6645
722 0 1 1 6853 6855
723 6842 0 1 0 6843
724 6852 0 0 0 6852
725 6841 0 0 0 6841
726 2 0 6755 0 6757
727 0 6657 1 1 6659
728 6775 0 3 0 6778
729 2 0 6728 0 6730
730 6636 1 1 0 6638
731 0 0 6603 0 6603
732 0 6445 1 14 6460
733 0 2 0 6370 6372
734 0 6373 0 5 6378
735 0 6469 0 0 6469
736 6539 0 2 0 6541
737 0 2 0 6472 6474
738 0 4 6494 1 6499
739 2 0 6447 1 6450
740 1 0 6426 2 6429
741 6439 0 1 0 6440
742 6460 0 0 1 6461
743 6413 0 0 0 6413
744 0 0 2 6388 6390
745 0 0 0 6392 6392
746 2 6350 0 4 6356
747 6378 0 2 0 6380
748 0 0 6205 0 6205
749 3 6151 0 0 6154
750 0 0 0 5956 5956
751 0 5913 0 46 5959
752 0 8 1 6047 6056
753 2 1 0 6080 6083
754 2 0 6037 0 6039
755 0 0 0 5847 5847
756 0 0 5886 2 5888
757 5841 0 0 1 5842
758 5771 0 0 0 5771
759 1 0 5829 5 5835
760 5789 0 3 1 5793
761 5802 0 1 0 5803
762 5757 0 1 1 5759
763 0 2 0 5755 5757
764 5721 0 0 0 5721
765 0 0 0 5727 5727
766 0 5724 0 1 5725
767 0 1 0 5776 5777
768 5621 1 91 6 5719
769 2 1 0 5670 5673
770 5667 0 3 0 5670
771 5648 0 0 0 5648
772 0 0 0 5576 5576
773 0 0 5504 0 5504
774 1 5382 7 42 5432
775 1 0 0 5320 5321
776 2 5434 0 0 5436
777 0 0 5418 0 5418
778 5350 0 0 0 5350
779 5247 0 1 0 5248
780 0 5332 0 2 5334
781 0 5288 0 0 5288
782 5321 0 0 1 5322
783 0 1 0 5301 5302
784 0 0 1 5275 5276
785 0 3 0 5175 5178
786 0 5201 0 0 5201
787 5202 0 0 1 5203
788 0 0 5142 0 5142
789 19 0 4929 1 4949
790 0 1 0 4819 4820
791 0 0 1 4850 4851
792 1 4844 0 0 4845
793 0 3 0 4889 4892
794 0 1 0 4890 4891
795 4750 0 1 2 4753
796 0 4706 0 0 4706
797 4703 0 0 0 4703
798 4564 0 0 0 4564
799 0 1 0 4495 4496
800 0 1 0 4426 4427
801 0 1 0 4411 4412
802 0 0 4374 0 4374
803 0 1 0 4275 4276
804 0 7 0 4147 4154
805 6 4068 0 0 4074
806 0 0 0 4104 4104
807 2 0 0 4061 4063
808 0 0 0 4051 4051
809 0 20 0 4036 4056
810 3974 0 0 0 3974
811 0 0 0 3836 3836
812 0 0 0 3715 3715
813 0 0 1 3669 3670
814 0 5 1 3670 3676
815 3632 0 0 0 3632
816 1 0 0 3538 3539
817 0 3552 0 0 3552
818 3575 0 0 0 3575
819 0 0 3396 0 3396
820 1 3354 0 1 3356
821 1 0 0 3258 3259
822 0 3260 0 0 3260
823 1 0 1 3195 3197
824 7 3290 0 1 3298
825 0 3331 0 1 3332
826 3331 0 0 2 3333
827 0 3 1 3241 3245
828 0 0 0 3253 3253
829 6 0 0 3210 3216
830 0 3229 0 5 3234
831 3258 1 0 0 3259
832 0 0 0 3225 3225
833 92 0 3066 1 3159
834 0 0 3097 0 3097
835 0 3078 0 9 3087
836 0 3 0 3105 3108
837 0 0 1 3144 3145
838 0 0 3008 1 3009
839 0 0 3014 0 3014
840 2906 0 2 0 2908
841 0 2908 0 0 2908
842 2915 0 2 0 2917
843 2983 0 1 0 2984
844 0 1 0 2959 2960
845 2943 0 0 0 2943
846 0 0 2810 0 2810
847 0 0 2841 0 2841
848 44 0 2789 0 2833
849 0 2773 0 2 2775
850 2799 0 4 0 2803
851 0 0 0 2803 2803
852 0 7 0 2829 2836
853 0 0 0 2884 2884
854 0 0 2615 0 2615
855 2568 0 1 1 2570
856 2686 1 1 0 2688
857 1 8 1 2651 2661
858 1 2552 0 0 2553
859 2616 0 0 0 2616
860 2690 0 0 0 2690
861 2734 0 0 0 2734
862 4 2 1 2637 2644
863 2640 0 0 0 2640
864 2610 0 0 0 2610
865 2623 0 0 0 2623
866 2605 0 0 0 2605
867 2609 0 0 0 2609
868 2 0 2452 0 2454
869 2445 1 0 0 2446
870 0 1 2481 1 2483
871 0 1 2477 0 2478
872 2454 0 1 0 2455
873 2506 0 1 0 2507
874 0 0 0 2446 2446
875 2489 0 0 0 2489
876 2475 0 0 0 2475
877 2415 0 0 0 2415
878 1 2397 0 0 2398
879 2249 0 0 0 2249
880 4 1 0 2179 2184
881 0 0 2180 0 2180
882 2155 0 0 0 2155
883 2200 0 0 0 2200
884 2190 0 1 0 2191
885 2178 0 1 0 2179
886 0 0 0 2092 2092
887 2098 1 0 1 2100
888 0 2106 0 1 2107
889 1 0 2104 1 2106
890 2067 0 0 0 2067
891 2086 0 0 0 2086
892 0 0 0 2032 2032
893 2062 0 0 0 2062
894 2066 0 0 0 2066
895 2097 0 0 0 2097
896 2076 0 0 0 2076
897 0 0 1921 0 1921
898 0 0 1900 0 1900
899 0 0 0 1656 1656
900 0 1830 0 0 1830
901 0 1918 0 5 1923
902 1957 0 1 0 1958
903 1937 0 0 0 1937
904 1887 1 1 0 1889
905 0 1869 0 2 1871
906 1892 0 0 0 1892
907 1903 1 0 0 1904
908 1894 0 3 0 1897
909 0 0 1787 0 1787
910 1786 0 0 0 1786
911 5 0 1746 1 1752
912 1805 0 0 0 1805
913 1 1755 0 0 1756
914 1815 0 9 0 1824
915 1805 0 0 0 1805
916 0 0 0 1737 1737
917 1803 0 0 0 1803
918 1811 0 0 0 1811
919 1775 0 0 0 1775
920 0 1721 0 0 1721
921 1762 0 0 0 1762
922 1 0 1715 0 1716
923 1748 0 0 0 1748
924 0 0 1692 0 1692
925 1752 0 0 0 1752
926 9 0 1695 0 1704
927 0 0 1740 0 1740
928 0 0 0 1525 1525
929 1699 0 0 0 1699
930 3 0 0 1665 1668
931 0 1741 0 0 1741
932 1780 0 0 0 1780
933 1765 0 0 0 1765
934 0 0 0 1708 1708
935 0 1 0 1726 1727
936 0 0 0 1718 1718
937 0 0 0 1723 1723
938 0 0 1627 0 1627
939 1621 0 0 1 1622
940 0 0 1603 1 1604
941 1608 0 1 1 1610
942 4 1548 0 0 1552
943 1546 1 0 2 1549
944 1 1528 0 0 1529
945 1556 0 0 0 1556
946 3 0 1492 0 1495
947 0 0 2 1470 1472
948 0 0 0 1492 1492
949 1452 0 0 0 1452
950 1 1430 0 2 1433
951 2 1453 0 0 1455
952 1454 0 2 0 1456
953 1445 0 0 0 1445
954 1443 0 0 0 1443
955 1428 0 0 0 1428
956 1428 0 1 0 1429
957 0 0 1339 0 1339
958 1316 0 0 0 1316
959 1318 0 0 0 1318
960 1310 0 0 0 1310
961 0 3 1 1190 1194
962 1 1204 0 1 1206
963 0 1246 0 0 1246
964 1247 0 3 0 1250
965 0 0 1199 0 1199
966 0 0 1170 1 1171
967 1 1117 0 0 1118
968 2 1162 0 0 1164
969 1207 0 0 0 1207
970 1203 0 0 0 1203
971 1202 0 0 0 1202
972 0 0 1186 0 1186
973 1170 0 0 0 1170
974 1166 0 0 0 1166
975 1128 0 0 0 1128
976 1 1134 0 0 1135
977 1135 0 0 0 1135
978 1118 0 0 0 1118
979 0 4 0 1032 1036
980 0 0 1034 0 1034
981 1047 0 0 0 1047
982 1061 0 0 0 1061
983 0 0 992 0 992
984 3 0 968 0 971
985 979 0 0 0 979
986 1010 0 0 0 1010
987 0 0 919 0 919
988 0 0 1 891 892
989 1 0 918 1 920
990 3 938 0 0 941
991 0 1 1 938 940
992 0 948 0 0 948
993 0 0 0 964 964
994 0 983 0 0 983
995 0 1 0 982 983
996 0 0 986 0 986
997 977 0 0 0 977
998 0 963 0 0 963
999 980 0 0 0 980
1000 973 0 0 0 973
1001 7 942 0 0 949
1002 963 0 0 0 963
1003 0 0 0 950 950
1004 0 0 963 0 963
1005 0 0 944 0 944
1006 950 0 0 0 950
1007 0 0 938 3 941
1008 3 0 929 6 938
1009 0 0 0 847 847
1010 922 0 0 0 922
1011 0 0 1 904 905
1012 0 0 0 920 920
1013 1 0 915 0 916
1014 920 0 0 0 920
1015 923 0 0 0 923
1016 0 0 0 906 906
1017 0 0 884 0 884
1018 899 0 0 0 899
1019 0 842 0 0 842
1020 1 841 0 0 842
1021 849 1 0 0 850
1022 0 870 0 0 870
1023 872 0 0 0 872
1024 0 0 0 880 880
1025 890 0 0 0 890
1026 882 0 0 0 882
1027 1 0 0 855 856
1028 872 0 0 0 872
1029 869 0 0 0 869
1030 0 0 0 839 839
1031 0 0 0 852 852
1032 0 0 854 1 855
1033 838 0 0 0 838
1034 0 0 836 0 836
1035 0 0 797 0 797
1036 0 0 829 1 830
1037 809 0 0 0 809
1038 0 803 0 0 803
1039 0 0 0 810 810
1040 0 0 0 816 816
1041 0 1 0 804 805
1042 0 805 0 0 805
1043 0 0 0 794 794
1044 0 0 781 0 781
1045 0 727 0 1 728
1046 6 765 0 1 772
1047 0 0 790 0 790
1048 770 0 0 0 770
1049 764 0 0 0 764
1050 0 0 770 1 771
1051 758 0 1 0 759
1052 0 0 763 0 763
1053 764 0 0 0 764
1054 0 0 0 766 766
1055 767 0 1 0 768
1056 759 0 2 0 761
1057 0 0 0 764 764
1058 776 0 0 0 776
1059 770 0 0 0 770
1060 778 0 0 0 778
1061 774 0 0 0 774
1062 754 0 0 0 754
1063 0 0 0 749 749
1064 0 0 741 0 741
1065 0 0 726 0 726
1066 0 0 747 0 747
1067 0 4 0 679 683
1068 0 0 712 0 712
1069 582 0 146 0 728
1070 724 0 0 0 724
1071 714 0 0 0 714
1072 0 722 0 0 722
1073 734 0 0 0 734
1074 0 0 730 0 730
1075 0 0 0 698 698
1076 0 2 0 720 722
1077 0 0 0 715 715
1078 0 0 0 724 724
1079 0 0 722 0 722
1080 0 0 721 0 721
1081 702 0 0 0 702
1082 0 0 720 0 720
1083 714 0 0 0 714
1084 0 0 0 726 726
1085 713 0 0 0 713
1086 1 0 708 0 709
1087 704 0 0 0 704
1088 707 0 0 0 707
1089 0 0 689 0 689
1090 702 0 1 0 703
1091 688 0 0 0 688
1092 0 0 0 676 676
1093 0 0 0 693 693
1094 5 0 679 0 684
1095 0 681 0 0 681
1096 695 0 0 0 695
1097 0 0 0 691 691
1098 0 2 0 696 698
1099 691 0 0 0 691
1100 686 0 0 0 686
1101 692 0 0 0 692
1102 0 0 0 672 672
1103 0 0 0 668 668
1104 0 675 0 0 675
1105 685 0 0 0 685
1106 685 0 0 0 685
1107 0 0 0 687 687
1108 0 0 0 671 671
1109 0 0 0 678 678
1110 0 0 0 662 662
1111 652 0 11 0 663
1112 0 674 0 0 674
1113 0 0 0 611 611
1114 1 0 618 0 619
1115 0 0 3 594 597
1116 612 0 0 0 612
1117 0 0 0 608 608
1118 0 0 0 612 612
1119 0 0 0 598 598
1120 0 586 0 0 586
1121 0 3 0 573 576
1122 0 0 0 584 584
1123 537 0 0 0 537
1124 0 525 0 0 525
1125 0 0 0 520 520
1126 515 0 0 0 515
1127 0 0 0 501 501
1128 0 0 496 0 496
1129 0 475 0 0 475
1130 496 0 0 0 496
1131 0 0 0 477 477
1132 0 0 0 508 508
1133 0 0 4 452 456
1134 451 0 0 0 451
1135 439 0 0 0 439
1136 0 0 439 0 439
1137 0 377 0 0 377
1138 382 0 0 0 382
1139 380 0 0 0 380
1140 379 0 0 0 379
1141 0 0 1 361 362
1142 1 0 0 370 371
1143 0 0 362 0 362
1144 0 0 0 355 355
1145 360 0 0 0 360
1146 354 0 0 0 354
1147 0 0 0 326 326
1148 0 316 0 0 316
1149 326 0 0 0 326
1150 324 0 0 0 324
1151 0 0 0 322 322
1152 0 0 318 0 318
1153 0 0 0 312 312
1154 0 315 0 0 315
1155 294 0 0 7 301
1156 0 0 293 0 293
1157 0 219 0 6 225
1158 228 0 1 0 229
1159 228 0 0 0 228
1160 225 0 0 0 225
1161 0 0 0 225 225
1162 221 0 0 0 221
1163 215 0 0 0 215
1164 209 0 0 0 209
1165 0 208 0 0 208
1166 2 0 0 168 170
1167 0 0 168 0 168
1168 0 0 162 0 162
1169 162 0 0 0 162
1170 162 0 0 0 162
1171 158 0 0 0 158
1172 157 0 0 0 157
1173 155 0 0 0 155
1174 0 0 144 0 144
1175 0 0 0 76 76
1176 0 0 74 0 74
1177 0 75 0 0 75
1178 0 0 68 0 68
1179 0 0 0 54 54
1180 0 0 0 52 52
1181 0 0 53 0 53
1182 0 0 0 52 52
1183 0 0 0 52 52
1184 0 0 0 52 52
1185 0 52 0 0 52
1186 0 0 0 49 49
1187 9 0 0 0 9
1188 0 9 0 0 9
1189 0 0 0 9 9
1190 0 0 3 0 3
