0 0 0 0 0 0
1 26 0 0 0 26
2 0 0 26 0 26
3 0 26 0 0 26
4 26 0 0 0 26
5 0 0 26 0 26
6 25 0 0 0 25
7 25 0 1 0 26
8 0 0 26 0 26
9 0 26 0 0 26
10 26 0 0 0 26
11 0 26 0 0 26
12 0 0 26 0 26
13 0 25 0 0 25
14 26 0 0 0 26
15 0 26 0 0 26
16 0 0 0 26 26
17 0 0 0 26 26
18 0 0 0 26 26
19 0 26 0 0 26
20 0 0 0 26 26
21 0 0 0 26 26
22 26 0 0 0 26
23 26 0 0 0 26
24 26 0 0 0 26
25 26 0 0 0 26
26 0 0 0 26 26
27 0 0 26 0 26
28 0 0 0 25 25
29 0 26 0 0 26
30 0 0 26 0 26
31 0 77 0 0 77
32 0 0 0 77 77
33 0 0 79 0 79
34 0 0 0 80 80
35 0 0 0 76 76
36 0 0 0 78 78
37 0 0 78 0 78
38 0 0 80 0 80
39 77 0 0 0 77
40 0 0 78 0 78
41 78 0 0 0 78
42 0 79 0 0 79
43 78 0 0 0 78
44 0 77 0 1 78
45 79 0 0 0 79
46 79 0 0 0 79
47 0 0 0 77 77
48 0 0 0 77 77
49 0 0 80 0 80
50 0 78 0 0 78
51 0 79 0 0 79
52 0 0 0 77 77
53 74 0 0 0 74
54 0 99 0 0 99
55 0 0 0 99 99
56 0 0 0 101 101
57 0 0 98 0 98
58 0 99 0 0 99
59 0 0 0 102 102
60 0 0 0 101 101
61 0 0 0 100 100
62 0 100 0 0 100
63 102 0 0 0 102
64 0 0 0 98 98
65 0 0 0 100 100
66 0 0 102 0 102
67 102 0 0 0 102
68 0 101 0 0 101
69 101 0 0 0 101
70 0 0 102 0 102
71 101 0 0 0 101
72 101 0 0 0 101
73 0 0 102 0 102
74 100 0 0 0 100
75 0 0 0 102 102
76 0 0 101 0 101
77 0 0 130 0 130
78 129 0 0 0 129
79 0 0 132 0 132
80 131 0 0 0 131
81 132 0 0 0 132
82 0 0 132 0 132
83 0 0 131 0 131
84 0 132 0 0 132
85 134 0 0 0 134
86 134 0 0 0 134
87 134 0 0 0 134
88 0 0 131 0 131
89 0 134 0 0 134
90 131 0 0 0 131
91 0 0 133 0 133
92 133 0 0 0 133
93 131 0 0 0 131
94 0 133 0 0 133
95 0 0 0 130 130
96 132 0 0 0 132
97 0 0 131 0 131
98 0 133 0 0 133
99 133 0 0 0 133
100 0 0 132 0 132
101 131 0 1 0 132
102 131 0 0 0 131
103 133 0 0 0 133
104 134 0 0 0 134
105 0 0 133 0 133
106 0 0 0 133 133
107 0 0 0 130 130
108 131 0 0 0 131
109 0 131 0 0 131
110 128 0 0 0 128
111 0 131 0 0 131
112 0 0 0 130 130
113 0 0 131 0 131
114 0 0 0 133 133
115 0 0 0 131 131
116 0 0 132 0 132
117 0 0 129 0 129
118 0 0 0 131 131
119 0 0 0 133 133
120 0 0 0 133 133
121 0 0 132 0 132
122 0 0 132 0 132
123 0 0 0 130 130
124 0 0 131 0 131
125 0 0 128 0 128
126 0 0 131 0 131
127 131 0 0 0 131
128 133 0 0 0 133
129 133 0 0 0 133
130 0 0 134 0 134
131 131 0 0 1 132
132 132 0 0 0 132
133 0 0 0 132 132
134 0 0 0 131 131
135 0 0 0 134 134
136 0 0 132 0 132
137 131 0 0 0 131
138 0 133 0 0 133
139 0 134 0 0 134
140 0 0 0 134 134
141 132 0 0 0 132
142 0 0 133 0 133
143 131 0 0 0 131
144 0 133 0 0 133
145 0 0 0 130 130
146 0 107 0 0 107
147 107 0 0 0 107
148 0 0 103 0 103
149 0 106 0 0 106
150 0 106 0 0 106
151 0 0 0 103 103
152 0 0 0 107 107
153 0 0 106 0 106
154 0 0 103 0 103
155 105 0 0 0 105
156 105 0 0 0 105
157 0 0 0 107 107
158 0 0 106 0 106
159 0 0 107 0 107
160 84 0 21 0 105
161 0 0 0 107 107
162 54 0 0 0 54
163 107 0 0 0 107
164 109 0 0 0 109
165 106 0 0 0 106
166 107 0 0 0 107
167 106 0 0 0 106
168 0 108 0 0 108
169 108 0 0 0 108
170 109 0 0 0 109
171 108 0 0 0 108
172 104 0 0 0 104
173 0 0 107 0 107
174 107 0 0 0 107
175 0 0 0 107 107
176 0 0 105 0 105
177 0 105 0 0 105
178 0 0 0 108 108
179 0 0 0 109 109
180 106 0 0 0 106
181 107 0 0 0 107
182 0 107 0 0 107
183 0 0 0 103 103
184 0 0 108 0 108
185 106 0 0 0 106
186 0 0 0 105 105
187 107 0 0 0 107
188 0 0 0 104 104
189 102 0 0 0 102
190 0 107 0 0 107
191 108 0 0 0 108
192 108 0 0 0 108
193 104 0 0 0 104
194 104 0 0 0 104
195 106 0 0 0 106
196 0 0 104 0 104
197 0 102 0 0 102
198 97 0 0 0 97
199 0 107 0 0 107
200 0 0 0 107 107
201 106 0 0 0 106
202 106 0 0 0 106
203 0 0 0 106 106
204 0 0 0 103 103
205 0 0 103 0 103
206 0 0 105 0 105
207 0 0 0 102 102
208 0 0 105 0 105
209 0 105 0 0 105
210 0 105 0 0 105
211 0 0 0 106 106
212 0 105 0 0 105
213 0 0 0 103 103
214 107 0 0 0 107
215 0 0 0 104 104
216 106 0 0 0 106
217 0 0 0 105 105
218 0 0 104 0 104
219 0 107 0 0 107
220 0 0 0 104 104
221 0 0 0 103 103
222 0 0 0 107 107
223 0 0 0 108 108
224 0 0 0 108 108
225 107 0 0 0 107
226 108 0 0 0 108
227 105 0 0 0 105
228 94 0 0 0 94
229 0 104 0 0 104
230 0 105 0 0 105
231 0 104 0 0 104
232 106 0 0 0 106
233 107 0 0 0 107
234 103 0 0 0 103
235 0 0 100 0 100
236 101 0 0 0 101
237 0 53 0 0 53
238 0 50 0 0 50
239 52 0 0 0 52
240 0 0 51 0 51
241 0 0 22 0 22
242 24 0 0 0 24
243 24 0 0 0 24
244 23 0 0 0 23
245 0 0 23 0 23
246 22 0 0 0 22
247 23 0 0 0 23
248 24 0 0 0 24
249 24 0 0 0 24
250 22 0 0 0 22
251 0 0 22 0 22
252 25 0 0 0 25
253 22 0 0 0 22
254 0 0 22 0 22
255 21 0 0 0 21
256 0 0 0 24 24
257 0 0 0 23 23
258 0 21 0 0 21
259 22 0 0 0 22
260 0 0 0 21 21
261 0 22 0 0 22
262 22 0 0 0 22
263 0 21 0 0 21
264 20 0 0 0 20
265 0 0 20 0 20
266 22 0 0 0 22
267 0 0 20 0 20
268 0 22 0 0 22
269 0 19 0 0 19
270 0 19 0 0 19
271 0 0 0 23 23
272 0 0 0 22 22
273 22 0 0 0 22
274 0 0 0 22 22
275 0 23 0 0 23
276 23 0 0 0 23
277 0 0 22 0 22
278 0 0 21 0 21
279 23 0 0 0 23
280 24 0 0 0 24
281 0 0 0 22 22
282 0 0 22 0 22
283 0 0 23 0 23
284 0 0 23 0 23
285 24 0 0 0 24
286 25 0 0 0 25
287 0 25 0 0 25
288 25 0 0 0 25
289 25 0 0 0 25
290 0 24 0 0 24
291 25 0 0 0 25
292 0 0 23 0 23
293 0 23 0 0 23
294 26 0 0 0 26
295 24 0 0 0 24
296 0 23 0 0 23
297 27 0 0 0 27
298 25 0 0 0 25
299 26 0 0 0 26
300 26 0 0 0 26
301 26 0 0 0 26
302 28 0 0 0 28
303 0 0 22 0 22
304 26 0 0 0 26
305 25 0 0 0 25
306 26 0 0 0 26
307 0 0 24 0 24
308 0 0 24 0 24
309 0 26 0 0 26
310 0 25 0 0 25
311 0 0 0 27 27
312 0 0 25 0 25
313 23 0 0 0 23
314 0 0 0 25 25
315 0 0 0 26 26
316 0 26 0 0 26
317 0 0 0 26 26
318 0 0 24 0 24
319 0 0 24 0 24
320 0 82 0 0 82
321 0 0 0 88 88
322 0 0 89 0 89
323 90 0 0 0 90
324 0 0 89 0 89
325 89 0 0 0 89
326 0 0 87 0 87
327 93 0 0 0 93
328 91 0 0 0 91
329 91 1 0 0 92
330 92 0 0 0 92
331 92 0 0 0 92
332 0 0 0 162 162
333 1 0 141 0 142
334 143 0 0 0 143
335 0 0 140 0 140
336 140 0 0 0 140
337 139 0 0 0 139
338 5 0 133 0 138
339 135 0 5 0 140
340 0 0 0 137 137
341 0 0 141 0 141
342 0 0 0 143 143
343 0 0 141 0 141
344 0 1 0 135 136
345 0 0 136 0 136
346 138 0 0 0 138
347 0 0 137 0 137
348 0 138 0 0 138
349 0 0 0 141 141
350 0 0 0 141 141
351 0 0 0 140 140
352 0 142 0 0 142
353 143 0 0 0 143
354 0 0 0 141 141
355 0 0 142 0 142
356 141 0 0 0 141
357 140 0 0 0 140
358 0 0 138 0 138
359 0 140 0 0 140
360 140 0 0 0 140
361 0 0 1 141 142
362 0 0 0 143 143
363 0 0 0 141 141
364 0 0 144 0 144
365 145 0 0 0 145
366 142 0 0 0 142
367 144 0 0 0 144
368 0 0 0 139 139
369 143 0 0 0 143
370 0 0 202 0 202
371 0 207 0 0 207
372 207 0 0 0 207
373 0 0 208 0 208
374 207 0 0 0 207
375 202 0 0 0 202
376 0 0 204 0 204
377 0 0 191 0 191
378 0 201 0 0 201
379 1 206 0 0 207
380 200 0 0 0 200
381 0 0 0 206 206
382 0 0 206 0 206
383 201 0 0 0 201
384 203 0 0 0 203
385 204 0 0 0 204
386 0 0 198 0 198
387 0 203 0 0 203
388 0 0 0 202 202
389 0 204 0 0 204
390 203 0 0 0 203
391 0 0 197 0 197
392 0 194 0 0 194
393 0 0 204 0 204
394 0 200 0 0 200
395 0 0 0 209 209
396 207 0 0 0 207
397 0 207 0 0 207
398 0 0 0 208 208
399 211 0 0 0 211
400 0 0 0 352 352
401 355 0 0 0 355
402 0 356 0 0 356
403 0 0 0 357 357
404 0 0 353 0 353
405 0 0 0 354 354
406 0 356 0 0 356
407 0 0 0 358 358
408 0 358 0 0 358
409 357 0 0 0 357
410 0 0 0 361 361
411 0 0 360 0 360
412 0 0 354 0 354
413 0 0 0 358 358
414 0 359 0 0 359
415 357 0 0 0 357
416 0 0 0 357 357
417 0 0 354 0 354
418 0 0 0 355 355
419 358 0 0 0 358
420 0 357 0 0 357
421 0 360 0 0 360
422 0 0 0 362 362
423 0 0 362 0 362
424 354 0 0 0 354
425 353 0 0 0 353
426 0 0 0 352 352
427 0 353 0 0 353
428 0 353 0 0 353
429 0 0 0 363 363
430 0 0 359 0 359
431 0 0 354 0 354
432 358 0 0 0 358
433 359 0 0 0 359
434 359 0 0 0 359
435 0 0 0 357 357
436 0 0 0 364 364
437 360 0 0 0 360
438 0 0 0 300 300
439 0 0 0 298 298
440 0 302 0 0 302
441 300 0 0 0 300
442 302 0 0 0 302
443 0 0 0 299 299
444 0 0 302 0 302
445 0 301 0 0 301
446 305 0 0 0 305
447 304 0 0 0 304
448 0 0 302 0 302
449 0 0 0 295 295
450 303 0 0 0 303
451 298 0 0 0 298
452 302 0 0 0 302
453 297 0 0 0 297
454 0 301 0 0 301
455 0 0 0 303 303
456 304 0 0 0 304
457 0 0 302 0 302
458 0 0 300 1 301
459 303 0 0 0 303
460 300 0 1 0 301
461 0 301 0 0 301
462 0 0 293 0 293
463 0 297 0 0 297
464 0 0 0 299 299
465 0 299 0 0 299
466 0 0 0 298 298
467 0 0 300 0 300
468 0 0 0 298 298
469 0 0 299 0 299
470 0 297 0 0 297
471 0 0 1 297 298
472 0 0 0 304 304
473 0 1 0 302 303
474 300 0 0 0 300
475 0 0 0 302 302
476 0 0 303 0 303
477 0 299 0 1 300
478 0 0 300 0 300
479 303 0 0 0 303
480 0 0 301 0 301
481 302 0 0 0 302
482 298 0 0 0 298
483 298 0 0 0 298
484 0 301 0 0 301
485 305 0 0 0 305
486 297 0 0 0 297
487 0 0 297 0 297
488 0 299 0 0 299
489 298 0 0 0 298
490 0 0 0 301 301
491 0 305 0 0 305
492 298 0 0 0 298
493 0 305 0 0 305
494 305 0 0 0 305
495 0 1 0 306 307
496 0 0 0 307 307
497 0 301 0 0 301
498 293 0 0 0 293
499 0 302 0 0 302
500 298 0 0 0 298
501 0 304 0 0 304
502 300 0 0 0 300
503 0 0 226 0 226
504 0 0 222 0 222
505 0 0 222 1 223
506 0 224 0 0 224
507 0 0 0 224 224
508 0 228 0 0 228
509 230 0 0 0 230
510 0 0 0 231 231
511 228 0 0 0 228
512 0 0 225 0 225
513 0 226 0 0 226
514 230 0 0 0 230
515 0 0 225 0 225
516 222 0 0 0 222
517 0 0 225 0 225
518 0 223 0 0 223
519 227 0 0 0 227
520 0 0 228 0 228
521 0 225 0 0 225
522 0 0 224 0 224
523 221 0 0 0 221
524 0 0 227 0 227
525 225 0 0 0 225
526 0 0 0 227 227
527 0 228 0 0 228
528 0 0 0 231 231
529 0 0 0 227 227
530 0 227 0 0 227
531 228 0 0 0 228
532 0 0 227 0 227
533 0 0 0 221 221
534 0 0 225 0 225
535 0 225 0 0 225
536 0 224 0 0 224
537 1 0 0 227 228
538 0 0 225 0 225
539 0 0 225 0 225
540 218 0 0 0 218
541 0 0 220 0 220
542 0 0 0 223 223
543 0 0 217 1 218
544 222 0 0 0 222
545 0 0 223 0 223
546 221 0 1 0 222
547 0 228 0 0 228
548 0 0 225 0 225
549 225 0 0 0 225
550 0 0 224 0 224
551 227 0 0 0 227
552 227 0 0 0 227
553 228 0 0 0 228
554 0 0 0 224 224
555 0 0 223 0 223
556 0 221 0 0 221
557 227 0 0 0 227
558 1 0 225 0 226
559 228 0 0 0 228
560 0 0 0 227 227
561 0 0 227 0 227
562 0 0 222 0 222
563 0 0 0 214 214
564 0 221 0 0 221
565 0 0 0 223 223
566 0 227 0 0 227
567 229 0 0 0 229
568 0 0 228 0 228
569 18 206 0 0 224
570 0 0 0 228 228
571 226 0 0 0 226
572 0 0 0 226 226
573 0 0 225 0 225
574 222 0 0 0 222
575 226 0 0 0 226
576 0 228 0 0 228
577 226 0 0 0 226
578 0 227 0 0 227
579 174 0 50 0 224
580 0 0 225 0 225
581 0 222 0 0 222
582 225 0 0 0 225
583 225 0 0 0 225
584 223 0 0 0 223
585 224 0 0 0 224
586 226 0 0 0 226
587 0 225 0 0 225
588 225 0 0 0 225
589 225 0 0 0 225
590 0 0 0 225 225
591 0 0 225 0 225
592 221 0 0 0 221
593 220 0 0 0 220
594 0 0 0 225 225
595 0 0 228 0 228
596 0 0 222 0 222
597 217 0 0 0 217
598 219 0 0 0 219
599 0 0 0 222 222
600 0 0 225 0 225
601 0 0 225 0 225
602 0 0 223 0 223
603 224 0 0 0 224
604 226 0 0 0 226
605 226 0 0 0 226
606 226 0 0 0 226
607 0 0 223 0 223
608 0 0 217 0 217
609 216 0 0 0 216
610 0 0 220 0 220
611 219 0 0 2 221
612 222 0 0 0 222
613 0 0 224 0 224
614 222 0 0 0 222
615 0 220 0 0 220
616 0 0 391 0 391
617 0 0 0 380 380
618 0 393 0 1 394
619 0 489 0 0 489
620 491 0 0 0 491
621 423 0 0 0 423
622 423 0 0 0 423
623 423 0 0 0 423
624 0 0 454 0 454
625 0 462 0 0 462
626 0 0 0 472 472
627 0 0 464 0 464
628 0 0 468 0 468
629 0 470 0 0 470
630 475 0 0 0 475
631 0 0 478 0 478
632 481 0 0 0 481
633 480 0 0 0 480
634 0 0 479 0 479
635 471 0 0 0 471
636 0 0 476 0 476
637 0 0 0 455 455
638 0 0 0 469 469
639 0 0 472 0 472
640 0 468 0 0 468
641 485 0 0 0 485
642 485 0 0 0 485
643 481 0 0 0 481
644 18 0 451 0 469
645 0 461 0 0 461
646 479 0 0 0 479
647 479 0 0 0 479
648 0 467 0 0 467
649 479 0 0 0 479
650 0 0 1 473 474
651 0 0 0 477 477
652 0 0 478 0 478
653 0 0 482 0 482
654 473 0 0 0 473
655 0 0 473 0 473
656 0 0 0 473 473
657 0 0 464 0 464
658 11 448 0 0 459
659 0 0 0 473 473
660 0 0 474 0 474
661 470 0 0 0 470
662 0 0 471 0 471
663 463 0 0 0 463
664 0 0 0 461 461
665 0 456 0 0 456
666 0 0 0 456 456
667 0 456 0 0 456
668 0 0 0 462 462
669 0 0 0 479 479
670 0 0 482 0 482
671 0 0 475 0 475
672 0 0 546 0 546
673 0 0 549 0 549
674 0 528 0 0 528
675 560 0 0 0 560
676 550 0 0 0 550
677 1 0 557 0 558
678 0 0 0 545 545
679 0 555 0 0 555
680 562 0 0 0 562
681 557 0 0 0 557
682 562 0 0 0 562
683 559 0 0 0 559
684 0 0 556 0 556
685 541 0 0 0 541
686 552 0 0 0 552
687 0 0 1 551 552
688 0 0 554 0 554
689 0 0 554 0 554
690 0 0 557 0 557
691 0 0 555 0 555
692 551 0 0 0 551
693 551 0 0 0 551
694 0 0 586 0 586
695 0 0 573 0 573
696 0 0 579 0 579
697 573 0 0 0 573
698 0 0 0 577 577
699 0 0 0 587 587
700 0 0 586 0 586
701 0 585 0 0 585
702 588 0 0 0 588
703 577 0 0 0 577
704 583 0 0 0 583
705 0 0 580 0 580
706 0 0 435 0 435
707 437 0 0 0 437
708 0 0 0 440 440
709 0 0 444 0 444
710 0 0 0 437 437
711 440 0 0 0 440
712 444 0 0 0 444
713 0 0 0 439 439
714 0 0 443 0 443
715 0 0 442 0 442
716 435 0 0 0 435
717 440 0 0 0 440
718 0 0 437 0 437
719 1 0 0 438 439
720 0 0 436 0 436
721 0 432 0 0 432
722 0 0 0 443 443
723 441 0 0 0 441
724 442 0 0 0 442
725 445 0 0 0 445
726 0 0 441 0 441
727 0 434 0 0 434
728 439 0 0 0 439
729 0 0 436 0 436
730 434 0 0 0 434
731 0 0 437 1 438
732 0 430 0 0 430
733 0 0 0 429 429
734 0 425 0 0 425
735 0 434 0 0 434
736 436 0 0 0 436
737 0 0 0 439 439
738 0 0 442 0 442
739 0 0 441 0 441
740 0 0 439 0 439
741 367 0 0 0 367
742 320 0 0 0 320
743 321 0 0 1 322
744 0 0 0 316 316
745 0 0 0 322 322
746 0 316 0 0 316
747 319 0 0 0 319
748 0 0 305 0 305
749 0 300 0 1 301
750 0 0 0 312 312
751 0 309 0 0 309
752 0 0 0 312 312
753 0 0 0 265 265
754 0 0 269 0 269
755 0 0 0 263 263
756 0 0 264 0 264
757 267 0 0 0 267
758 267 0 0 0 267
759 0 0 263 0 263
760 259 0 0 0 259
761 264 0 0 0 264
762 266 0 0 0 266
763 0 0 0 266 266
764 262 0 0 0 262
765 0 0 0 264 264
766 0 266 0 0 266
767 0 0 0 272 272
768 267 0 0 0 267
769 1 0 0 267 268
770 266 0 0 0 266
771 266 0 0 0 266
772 0 0 0 267 267
773 0 0 266 0 266
774 0 266 0 0 266
775 0 0 0 260 260
776 0 100 0 163 263
777 78 0 190 0 268
778 264 0 0 0 264
779 261 0 0 0 261
780 0 263 0 0 263
781 0 266 0 0 266
782 266 0 0 0 266
783 0 0 0 264 264
784 0 0 0 263 263
785 0 0 0 258 258
786 0 263 0 0 263
787 262 0 0 0 262
788 0 0 266 0 266
789 0 0 266 0 266
790 0 0 0 263 263
791 0 0 0 261 261
792 0 263 0 0 263
793 0 0 0 266 266
794 0 0 0 265 265
795 268 0 0 1 269
796 0 263 0 0 263
797 266 0 1 0 267
798 266 0 0 0 266
799 0 0 0 263 263
800 0 0 0 260 260
801 0 0 0 261 261
802 0 0 265 0 265
803 0 0 0 262 262
804 0 0 0 252 252
805 0 257 0 0 257
806 0 0 0 260 260
807 0 0 0 255 255
808 0 0 0 259 259
809 0 0 0 265 265
810 217 0 0 0 217
811 0 0 0 167 167
812 0 0 0 167 167
813 0 0 0 161 161
814 0 0 0 164 164
815 170 0 0 0 170
816 0 0 0 159 159
817 0 165 0 0 165
818 169 0 0 0 169
819 0 0 157 0 157
820 0 125 0 0 125
821 0 0 0 125 125
822 0 121 0 0 121
823 0 0 0 118 118
824 0 131 0 0 131
825 0 133 0 1 134
826 132 0 0 0 132
827 0 0 0 132 132
828 0 0 0 132 132
829 0 0 0 137 137
830 0 135 0 0 135
831 137 0 0 0 137
832 0 0 0 135 135
833 0 0 138 0 138
834 0 0 137 0 137
835 0 124 0 0 124
836 0 0 1 135 136
837 0 0 0 135 135
838 0 0 131 0 131
839 0 0 135 0 135
840 132 0 0 0 132
841 0 127 0 0 127
842 130 0 0 0 130
843 132 0 0 0 132
844 0 0 0 138 138
845 132 0 0 0 132
846 0 0 134 0 134
847 0 0 135 0 135
848 0 0 138 0 138
849 0 131 0 0 131
850 135 0 0 0 135
851 0 0 0 131 131
852 0 0 0 134 134
853 0 0 0 134 134
854 0 0 132 0 132
855 133 0 0 0 133
856 134 0 0 0 134
857 0 0 0 131 131
858 0 129 0 0 129
859 135 0 0 0 135
860 134 0 0 0 134
861 138 0 0 0 138
862 0 0 0 136 136
863 131 0 0 0 131
864 134 0 0 0 134
865 137 0 0 0 137
866 137 0 0 0 137
867 134 0 0 0 134
868 1 0 130 0 131
869 133 0 0 0 133
870 0 0 129 0 129
871 0 0 134 0 134
872 130 0 0 0 130
873 132 0 0 0 132
874 0 0 0 120 120
875 78 0 0 0 78
876 79 0 0 0 79
877 80 0 0 0 80
878 0 76 0 0 76
879 76 0 0 0 76
880 0 0 0 78 78
881 0 0 76 0 76
882 76 0 0 0 76
883 77 0 0 0 77
884 77 0 0 0 77
885 78 0 0 0 78
886 0 0 0 78 78
887 77 0 0 0 77
888 0 77 0 0 77
889 0 0 77 0 77
890 78 0 0 0 78
891 78 0 0 0 78
892 0 0 0 1 1
893 1 0 0 0 1
894 0 0 0 0 0
895 1 0 0 0 1
896 1 0 0 0 1
897 0 0 1 0 1
898 0 0 0 0 0
899 0 0 0 1 1
900 0 0 0 0 0
901 0 1 0 0 1
902 1 0 0 0 1
903 1 0 0 0 1
904 1 0 0 0 1
905 0 1 0 0 1
906 1 0 0 0 1
907 1 0 0 0 1
908 1 0 0 0 1
909 0 0 1 0 1
910 1 0 0 0 1
911 0 0 1 0 1
912 1 0 0 0 1
913 0 1 0 0 1
914 1 0 0 0 1
915 1 0 0 0 1
916 0 0 0 1 1
917 1 0 0 0 1
918 1 0 0 0 1
919 1 0 0 0 1
920 0 1 0 0 1
921 1 0 0 0 1
922 0 0 1 0 1
923 1 0 0 0 1
924 0 0 1 0 1
925 1 0 0 0 1
926 0 0 1 0 1
927 0 0 1 0 1
928 0 0 0 1 1
929 1 0 0 0 1
930 0 0 0 1 1
931 0 1 0 0 1
932 1 0 0 0 1
933 1 0 0 0 1
934 0 0 0 1 1
935 0 0 0 1 1
936 0 0 0 1 1
937 0 0 0 1 1
938 0 0 1 0 1
939 1 0 0 0 1
940 0 0 1 0 1
941 1 0 0 0 1
942 0 1 0 0 1
943 1 0 0 0 1
944 0 1 0 0 1
945 0 0 0 0 0
946 0 0 1 0 1
947 0 0 0 1 1
948 0 0 0 1 1
949 0 0 0 0 0
950 0 1 0 0 1
951 0 1 0 0 1
952 1 0 0 0 1
953 1 0 0 0 1
954 0 0 0 0 0
955 1 0 0 0 1
956 1 0 0 0 1
957 0 0 1 0 1
958 1 0 0 0 1
959 1 0 0 0 1
960 0 0 0 0 0
961 0 0 0 1 1
962 0 0 0 0 0
963 0 0 0 0 0
964 0 0 0 0 0
965 0 0 1 0 1
966 0 0 0 0 0
967 0 1 0 0 1
968 0 1 0 0 1
969 1 0 0 0 1
970 1 0 0 0 1
971 1 0 0 0 1
972 0 0 1 0 1
973 1 0 0 0 1
974 0 0 0 0 0
975 0 0 0 0 0
976 0 0 0 0 0
977 0 0 0 0 0
978 0 0 0 0 0
979 0 0 0 0 0
980 0 0 0 0 0
981 0 0 0 0 0
982 0 0 0 0 0
983 0 0 0 0 0
984 0 0 0 0 0
985 0 0 0 0 0
986 0 0 0 0 0
987 0 0 0 0 0
988 0 0 0 0 0
989 0 0 0 0 0
990 0 0 0 0 0
991 0 0 0 0 0
992 0 0 0 0 0
993 0 0 0 0 0
994 0 0 0 0 0
995 0 0 0 0 0
996 0 0 0 0 0
997 0 0 0 0 0
998 0 0 0 0 0
999 0 0 0 0 0
1000 0 0 0 0 0
1001 0 0 0 0 0
1002 0 0 0 0 0
1003 0 0 0 0 0
1004 0 0 0 0 0
1005 0 0 0 0 0
1006 0 0 0 0 0
1007 0 0 0 0 0
1008 0 0 0 0 0
1009 0 0 0 0 0
1010 0 0 0 0 0
1011 0 0 0 0 0
1012 0 0 0 0 0
1013 0 0 0 0 0
1014 0 0 0 0 0
1015 0 0 0 0 0
1016 0 0 0 0 0
1017 0 0 0 0 0
1018 0 0 0 0 0
1019 0 0 0 0 0
1020 0 0 0 0 0
1021 0 0 0 0 0
1022 0 0 0 0 0
1023 0 0 0 0 0
1024 0 0 0 0 0
1025 0 0 0 0 0
1026 0 0 0 0 0
1027 0 0 0 0 0
1028 0 0 0 0 0
1029 0 0 0 0 0
1030 0 0 0 0 0
1031 0 0 0 0 0
1032 0 0 0 0 0
1033 0 0 0 0 0
1034 0 0 0 0 0
1035 0 0 0 0 0
1036 0 0 0 0 0
1037 0 0 0 0 0
1038 0 0 0 0 0
1039 0 0 0 0 0
1040 0 0 0 0 0
1041 0 0 0 0 0
1042 0 0 0 0 0
1043 0 0 0 0 0
1044 0 0 0 0 0
1045 0 0 0 0 0
1046 0 0 0 0 0
1047 0 0 0 0 0
1048 0 0 0 0 0
1049 0 0 0 0 0
1050 0 0 0 0 0
1051 0 0 0 0 0
1052 0 0 0 0 0
1053 0 0 0 0 0
1054 0 0 0 0 0
1055 0 0 0 0 0
1056 0 0 0 0 0
1057 0 0 0 0 0
1058 0 0 0 0 0
1059 0 0 0 0 0
1060 0 0 0 0 0
1061 0 0 0 0 0
1062 0 0 0 0 0
1063 0 0 0 0 0
1064 0 0 0 0 0
1065 0 0 0 0 0
1066 0 0 0 0 0
1067 0 0 0 0 0
1068 0 0 0 0 0
1069 0 0 0 0 0
1070 0 0 0 0 0
1071 0 0 0 0 0
1072 0 0 0 0 0
1073 0 0 0 0 0
1074 0 0 0 0 0
1075 0 0 0 0 0
1076 0 0 0 0 0
1077 0 0 0 0 0
1078 0 0 0 0 0
1079 0 0 0 0 0
1080 0 0 0 0 0
1081 0 0 0 0 0
1082 0 0 0 0 0
1083 0 0 0 0 0
1084 0 0 0 0 0
1085 0 0 0 0 0
1086 0 0 0 0 0
1087 0 0 0 0 0
1088 0 0 0 0 0
1089 0 0 0 0 0
1090 0 0 0 0 0
1091 0 0 0 0 0
1092 0 0 0 0 0
1093 0 0 0 0 0
1094 0 0 0 0 0
1095 0 0 0 0 0
1096 0 0 0 0 0
1097 0 0 0 0 0
1098 0 0 0 0 0
1099 0 0 0 0 0
1100 0 0 0 0 0
1101 0 0 0 0 0
1102 0 0 0 0 0
1103 0 0 0 0 0
1104 0 0 0 0 0
1105 0 0 0 0 0
1106 0 0 0 0 0
1107 0 0 0 0 0
1108 0 0 0 0 0
1109 0 0 0 0 0
1110 0 0 0 0 0
1111 0 0 0 0 0
1112 0 0 0 0 0
1113 0 0 0 0 0
1114 0 0 0 0 0
1115 0 0 0 0 0
1116 0 0 0 0 0
1117 0 0 0 0 0
1118 0 0 0 0 0
1119 0 0 0 0 0
1120 0 0 0 0 0
1121 0 0 0 0 0
1122 0 0 0 0 0
1123 0 0 0 0 0
1124 0 0 0 0 0
1125 0 0 0 0 0
1126 0 0 0 0 0
1127 0 0 0 0 0
1128 0 0 0 0 0
1129 0 0 0 0 0
1130 0 0 0 0 0
1131 0 0 0 0 0
1132 0 0 0 0 0
1133 0 0 0 0 0
1134 0 0 0 0 0
1135 0 0 0 0 0
1136 0 0 0 0 0
1137 0 0 0 0 0
1138 0 0 0 0 0
1139 0 0 0 0 0
1140 0 0 0 0 0
1141 0 0 0 0 0
1142 0 0 0 0 0
1143 0 0 0 0 0
1144 0 0 0 0 0
1145 0 0 0 0 0
1146 0 0 0 0 0
1147 0 0 0 0 0
1148 0 0 0 0 0
1149 0 0 0 0 0
1150 0 0 0 0 0
1151 0 0 0 0 0
1152 0 0 0 0 0
1153 0 0 0 0 0
1154 0 0 0 0 0
1155 0 0 0 0 0
1156 0 0 0 0 0
1157 0 0 0 0 0
1158 0 0 0 0 0
1159 0 0 0 0 0
1160 0 0 0 0 0
1161 0 0 0 0 0
1162 0 0 0 0 0
1163 0 0 0 0 0
1164 0 0 0 0 0
1165 0 0 0 0 0
1166 0 0 0 0 0
1167 0 0 0 0 0
1168 0 0 0 0 0
1169 0 0 0 0 0
1170 0 0 0 0 0
1171 0 0 0 0 0
1172 0 0 0 0 0
1173 0 0 0 0 0
1174 0 0 0 0 0
1175 0 0 0 0 0
1176 0 0 0 0 0
1177 0 0 0 0 0
1178 0 0 0 0 0
1179 0 0 0 0 0
1180 0 0 0 0 0
1181 0 0 0 0 0
1182 0 0 0 0 0
1183 0 0 0 0 0
1184 0 0 0 0 0
1185 0 0 0 0 0
1186 0 0 0 0 0
1187 0 0 0 0 0
1188 0 0 0 0 0
1189 0 0 0 0 0
1190 0 0 0 0 0
