0 0 0 0 0 0
1 0 0 0 0 0
2 0 0 0 0 0
3 0 0 0 0 0
4 0 0 0 0 0
5 0 0 0 0 0
6 0 0 0 0 0
7 0 0 0 0 0
8 0 0 0 0 0
9 0 20 0 0 20
10 22 0 0 0 22
11 0 22 0 0 22
12 0 0 88 0 88
13 0 89 0 0 89
14 87 0 0 0 87
15 0 137 0 0 137
16 0 0 0 137 137
17 0 0 0 167 167
18 0 0 0 168 168
19 0 172 0 0 172
20 0 0 0 241 241
21 0 0 0 261 261
22 277 0 0 0 277
23 276 0 0 0 276
24 277 0 0 0 277
25 271 0 0 0 271
26 0 0 0 296 296
27 0 0 295 0 295
28 0 0 0 289 289
29 0 301 0 0 301
30 0 0 310 1 311
31 0 404 0 0 404
32 0 0 0 415 415
33 0 0 439 0 439
34 0 0 0 475 475
35 0 0 0 555 555
36 0 0 0 609 609
37 0 0 606 1 607
38 0 0 607 0 607
39 599 0 1 0 600
40 0 0 689 0 689
41 635 0 93 0 728
42 0 725 0 0 725
43 737 0 0 0 737
44 0 771 0 0 771
45 766 0 0 0 766
46 792 0 0 0 792
47 0 0 0 797 797
48 0 0 0 820 820
49 0 0 814 0 814
50 0 816 0 0 816
51 1 839 0 0 840
52 0 0 0 843 843
53 834 0 0 0 834
54 0 843 0 0 843
55 0 0 0 840 840
56 0 0 0 845 845
57 0 0 839 0 839
58 0 912 0 0 912
59 0 0 0 935 935
60 0 0 0 943 943
61 0 0 0 940 940
62 0 938 0 0 938
63 941 0 0 0 941
64 0 1 0 948 949
65 0 1 0 1036 1037
66 1 0 1029 0 1030
67 1010 0 0 0 1010
68 0 1029 0 0 1029
69 1021 0 2 0 1023
70 0 0 1041 0 1041
71 995 0 0 0 995
72 1020 0 0 0 1020
73 0 0 1042 0 1042
74 1016 0 0 0 1016
75 0 0 0 1089 1089
76 0 0 1118 0 1118
77 0 0 1115 0 1115
78 1101 0 0 0 1101
79 0 0 1155 0 1155
80 1157 0 0 0 1157
81 1153 0 0 0 1153
82 0 0 1253 0 1253
83 0 0 1259 0 1259
84 0 1249 0 0 1249
85 1262 0 0 0 1262
86 1267 0 0 0 1267
87 1252 0 0 0 1252
88 0 0 1252 0 1252
89 0 1262 0 0 1262
90 1319 1 0 0 1320
91 0 0 1319 0 1319
92 1321 0 0 0 1321
93 1331 0 0 0 1331
94 0 1325 0 0 1325
95 0 0 0 1325 1325
96 1328 1 0 0 1329
97 9 0 1313 0 1322
98 0 1327 0 0 1327
99 1323 0 0 0 1323
100 1 0 1326 0 1327
101 1319 0 1 0 1320
102 1315 0 0 0 1315
103 1326 0 0 0 1326
104 1313 0 0 0 1313
105 0 0 1382 0 1382
106 0 1 0 1369 1370
107 0 1 0 1382 1383
108 1376 0 0 0 1376
109 0 1390 0 1 1391
110 1384 0 0 0 1384
111 0 1457 0 0 1457
112 0 0 0 1450 1450
113 0 0 1491 0 1491
114 0 1 0 1469 1470
115 0 0 0 1485 1485
116 2 0 1485 0 1487
117 0 0 1479 0 1479
118 0 0 0 1439 1439
119 0 0 0 1469 1469
120 0 0 0 1503 1503
121 0 0 1482 23 1505
122 0 0 1509 0 1509
123 0 0 0 1452 1452
124 0 0 1512 0 1512
125 0 0 1506 0 1506
126 0 0 1587 0 1587
127 1639 0 0 0 1639
128 1896 0 0 0 1896
129 1954 0 1 0 1955
130 0 0 1952 0 1952
131 1950 0 0 0 1950
132 2187 0 2 0 2189
133 0 0 0 2218 2218
134 0 0 0 2263 2263
135 0 1 0 2257 2258
136 0 0 2240 0 2240
137 2232 0 0 0 2232
138 0 2492 0 0 2492
139 0 2611 0 1 2612
140 0 0 0 2626 2626
141 2609 0 0 0 2609
142 0 0 2612 0 2612
143 2612 0 0 0 2612
144 0 2674 0 0 2674
145 0 0 0 2647 2647
146 0 2680 0 0 2680
147 2683 0 0 0 2683
148 0 0 2645 1 2646
149 0 2652 0 0 2652
150 0 2654 0 3 2657
151 0 0 0 2638 2638
152 0 0 0 2646 2646
153 0 0 2634 0 2634
154 0 0 2645 0 2645
155 2657 0 0 0 2657
156 2643 0 0 0 2643
157 0 1 0 2640 2641
158 36 0 2611 0 2647
159 3 0 2625 1 2629
160 2554 0 54 0 2608
161 0 0 0 2655 2655
162 2662 0 0 0 2662
163 2639 0 0 0 2639
164 2639 0 0 0 2639
165 2635 0 0 0 2635
166 2620 0 0 0 2620
167 2663 0 1 0 2664
168 0 2698 0 0 2698
169 2662 0 0 0 2662
170 2660 0 0 0 2660
171 2651 0 1 0 2652
172 2651 0 0 0 2651
173 0 0 2640 1 2641
174 2632 0 1 0 2633
175 0 0 0 2641 2641
176 0 0 2661 0 2661
177 0 2658 0 0 2658
178 0 0 0 2681 2681
179 0 0 1 2684 2685
180 2685 0 1 0 2686
181 2658 0 0 1 2659
182 0 2677 0 0 2677
183 0 0 0 2635 2635
184 0 0 2656 0 2656
185 2684 0 0 0 2684
186 0 0 0 2657 2657
187 2694 0 0 0 2694
188 0 0 0 2682 2682
189 2675 0 0 0 2675
190 0 2705 0 0 2705
191 2702 0 0 0 2702
192 2725 0 0 0 2725
193 2678 0 1 0 2679
194 2703 0 0 0 2703
195 2707 0 0 0 2707
196 0 0 2648 0 2648
197 0 2705 0 1 2706
198 2726 1 0 0 2727
199 0 2751 0 0 2751
200 2 1 0 2774 2777
201 2764 0 0 0 2764
202 2746 0 0 0 2746
203 0 0 0 2754 2754
204 1 0 0 2754 2755
205 1 0 2745 0 2746
206 0 0 2731 1 2732
207 0 1 1 2646 2648
208 0 0 2721 0 2721
209 0 2679 0 0 2679
210 0 2821 0 0 2821
211 0 0 0 2894 2894
212 0 2890 0 20 2910
213 0 0 0 2897 2897
214 2914 0 0 0 2914
215 0 0 0 2945 2945
216 2952 0 0 0 2952
217 0 0 0 3005 3005
218 0 0 3046 0 3046
219 0 3017 0 14 3031
220 1 0 0 3168 3169
221 0 0 0 3179 3179
222 0 1 0 3189 3190
223 0 50 0 3348 3398
224 0 0 0 3415 3415
225 3411 0 0 0 3411
226 3405 0 0 0 3405
227 3386 0 0 0 3386
228 3348 0 0 0 3348
229 0 3380 0 0 3380
230 0 3318 0 0 3318
231 0 3308 0 0 3308
232 3328 0 0 0 3328
233 3328 0 0 0 3328
234 3292 0 1 0 3293
235 11 0 3173 0 3184
236 3182 0 1 0 3183
237 0 3449 0 0 3449
238 0 3480 0 0 3480
239 3502 0 1 0 3503
240 47 0 3425 0 3472
241 1 0 3434 0 3435
242 3431 0 0 1 3432
243 3400 0 43 1 3444
244 3474 0 1 0 3475
245 2 0 3591 0 3593
246 3518 0 0 0 3518
247 3529 0 0 0 3529
248 3547 0 0 0 3547
249 3517 0 23 0 3540
250 3473 0 0 0 3473
251 0 0 3451 0 3451
252 3455 0 0 1 3456
253 3450 0 0 0 3450
254 0 0 3479 0 3479
255 3499 1 0 0 3500
256 0 0 0 3542 3542
257 1 0 0 3583 3584
258 0 3580 0 1 3581
259 3593 0 0 0 3593
260 1 0 0 3548 3549
261 0 3503 0 0 3503
262 3490 0 1 1 3492
263 0 3469 0 0 3469
264 3646 0 0 0 3646
265 0 0 3637 0 3637
266 3620 0 0 0 3620
267 0 1 3637 0 3638
268 0 3606 0 1 3607
269 0 3618 0 0 3618
270 0 3664 0 0 3664
271 0 0 0 3670 3670
272 0 0 0 3677 3677
273 3641 0 59 0 3700
274 0 0 0 3675 3675
275 0 3679 0 0 3679
276 3690 0 0 0 3690
277 47 0 3655 0 3702
278 0 0 3694 0 3694
279 3634 0 0 0 3634
280 3670 0 1 0 3671
281 0 0 0 3702 3702
282 1 0 3715 0 3716
283 1 0 3687 0 3688
284 0 0 3709 0 3709
285 3736 0 0 0 3736
286 3802 1 0 0 3803
287 0 3804 0 1 3805
288 3843 0 0 0 3843
289 3847 0 0 0 3847
290 0 3870 0 1 3871
291 3831 0 2 0 3833
292 11 0 3774 0 3785
293 0 3806 0 0 3806
294 3816 0 3 0 3819
295 3853 0 0 0 3853
296 0 3810 0 1 3811
297 4127 0 0 0 4127
298 4099 0 1 0 4100
299 4248 0 0 0 4248
300 4249 0 1 0 4250
301 4312 0 0 1 4313
302 4282 0 0 0 4282
303 0 0 4260 0 4260
304 4358 1 0 0 4359
305 4453 0 1 0 4454
306 4446 1 0 0 4447
307 1 0 4492 3 4496
308 0 0 4457 0 4457
309 1 4566 0 1 4568
310 1 4635 0 46 4682
311 0 0 0 4657 4657
312 134 0 4562 0 4696
313 4651 1 1 0 4653
314 0 1 0 4645 4646
315 0 1 0 4645 4646
316 0 4632 0 0 4632
317 1 1 0 4652 4654
318 0 0 4667 0 4667
319 0 0 4755 0 4755
320 1 4675 21 96 4793
321 0 2 0 4899 4901
322 1 0 4872 0 4873
323 4723 0 12 27 4762
324 0 0 4904 0 4904
325 4883 0 0 0 4883
326 0 0 5152 0 5152
327 5166 0 0 0 5166
328 5195 0 0 0 5195
329 5267 0 2 0 5269
330 5267 0 0 0 5267
331 5409 0 0 0 5409
332 0 0 0 5373 5373
333 0 0 5349 0 5349
334 5324 0 73 0 5397
335 0 0 5450 0 5450
336 5425 0 0 0 5425
337 5532 0 0 0 5532
338 98 0 5417 0 5515
339 5467 0 0 1 5468
340 0 0 0 5535 5535
341 1 0 5538 0 5539
342 0 0 0 5425 5425
343 0 0 5633 0 5633
344 1 0 0 5627 5628
345 1 0 5597 0 5598
346 5651 0 0 0 5651
347 0 0 5684 0 5684
348 1 5723 0 0 5724
349 0 1 0 5743 5744
350 0 0 0 5722 5722
351 0 1 0 5729 5730
352 1 5744 0 2 5747
353 5756 0 0 1 5757
354 0 0 1 5867 5868
355 4 0 5824 0 5828
356 5844 0 9 0 5853
357 5985 0 1 0 5986
358 60 0 5901 0 5961
359 0 5973 0 0 5973
360 6029 1 1 0 6031
361 0 0 0 6051 6051
362 0 0 0 6070 6070
363 2 3 0 6056 6061
364 3 0 6014 0 6017
365 5984 0 0 0 5984
366 5987 0 0 0 5987
367 5974 0 1 0 5975
368 0 0 0 6070 6070
369 6071 0 1 0 6072
370 0 0 5995 0 5995
371 17 6003 0 1 6021
372 6039 0 1 1 6041
373 1 0 6020 1 6022
374 6028 0 0 0 6028
375 6053 0 0 0 6053
376 2 0 5998 0 6000
377 1 0 5808 0 5809
378 0 5929 0 1 5930
379 0 6131 1 2 6134
380 6237 0 1 1 6239
381 0 1 0 6346 6347
382 2 0 6308 0 6310
383 6314 0 0 0 6314
384 6302 0 0 0 6302
385 6305 0 0 0 6305
386 0 0 6248 0 6248
387 0 6124 0 0 6124
388 0 2 0 6076 6078
389 0 6071 0 0 6071
390 6128 0 0 0 6128
391 0 0 6021 0 6021
392 1 5935 0 17 5953
393 1 0 6297 0 6298
394 0 6240 0 0 6240
395 0 1 0 6374 6375
396 6336 0 43 0 6379
397 0 6467 0 0 6467
398 0 0 0 6540 6540
399 116 0 6398 0 6514
400 0 0 0 6443 6443
401 6515 0 0 0 6515
402 0 6507 0 0 6507
403 0 2 0 6470 6472
404 0 0 6456 0 6456
405 0 1 0 6432 6433
406 1 6512 0 0 6513
407 0 0 0 6380 6380
408 0 6432 0 49 6481
409 6465 0 1 0 6466
410 0 0 0 6467 6467
411 0 0 6403 1 6404
412 1 0 6508 0 6509
413 1 1 1 6421 6424
414 0 6529 0 1 6530
415 6629 0 1 0 6630
416 1 0 0 6652 6653
417 2 0 6652 0 6654
418 0 0 0 6550 6550
419 6565 0 1 0 6566
420 1 7157 0 2 7160
421 0 7292 0 0 7292
422 0 2 0 7354 7356
423 2 0 7328 0 7330
424 7235 0 0 0 7235
425 7283 0 0 0 7283
426 0 0 0 7341 7341
427 0 7328 0 0 7328
428 1 7875 0 0 7876
429 1 0 0 7981 7982
430 3 0 7992 0 7995
431 0 0 8007 0 8007
432 8083 0 24 123 8230
433 8300 0 2 2 8304
434 8293 0 2 0 8295
435 0 38 0 8293 8331
436 1 0 0 8561 8562
437 8994 0 0 0 8994
438 0 0 0 9036 9036
439 0 1 0 9002 9003
440 0 9006 0 3 9009
441 9150 0 1 1 9152
442 9085 0 2 0 9087
443 0 2 0 9091 9093
444 31 0 9101 0 9132
445 0 9065 0 0 9065
446 9080 1 1 0 9082
447 9029 0 0 0 9029
448 2 0 9077 0 9079
449 0 3 0 8857 8860
450 9038 0 0 4 9042
451 9106 0 0 0 9106
452 9202 0 0 0 9202
453 9183 2 1 0 9186
454 0 9284 0 0 9284
455 0 0 0 9253 9253
456 9151 0 0 0 9151
457 0 0 9243 0 9243
458 0 0 9262 0 9262
459 9279 0 0 1 9280
460 9255 0 1 0 9256
461 0 9246 0 1 9247
462 0 0 9213 0 9213
463 1 9254 0 1 9256
464 0 0 0 9192 9192
465 1 9283 0 1 9285
466 1 0 0 9292 9293
467 1 1 9244 1 9247
468 2 1 0 9090 9093
469 0 1 9104 1 9106
470 0 9222 0 0 9222
471 0 2 1 9251 9254
472 0 0 0 9219 9219
473 0 0 0 9307 9307
474 9268 0 2 0 9270
475 0 1 0 9150 9151
476 0 0 9122 0 9122
477 0 8937 0 12 8949
478 2 0 9009 0 9011
479 8940 0 0 0 8940
480 0 0 8914 0 8914
481 8914 0 1 1 8916
482 8907 0 1 0 8908
483 9027 0 1 1 9029
484 1 9143 0 0 9144
485 9166 0 1 0 9167
486 9121 0 2 1 9124
487 0 1 9027 0 9028
488 1 9002 0 2 9005
489 9065 0 0 0 9065
490 2 0 0 9025 9027
491 0 9092 0 0 9092
492 9024 0 0 0 9024
493 0 9118 0 0 9118
494 9073 0 0 0 9073
495 0 0 0 8926 8926
496 1 2 0 8888 8891
497 0 8918 0 1 8919
498 8772 0 2 0 8774
499 0 8805 0 0 8805
500 8735 0 0 0 8735
501 1 8788 0 5 8794
502 8791 0 0 0 8791
503 0 0 8698 0 8698
504 38 0 8427 0 8465
505 1 0 8438 0 8439
506 0 8463 0 0 8463
507 0 1 0 8472 8473
508 0 8510 0 1 8511
509 8681 0 1 0 8682
510 0 2 0 8654 8656
511 8570 0 0 0 8570
512 0 0 8508 0 8508
513 0 8457 0 1 8458
514 8520 0 2 0 8522
515 3 0 8479 0 8482
516 8397 0 1 0 8398
517 19 0 8369 0 8388
518 0 8468 1 0 8469
519 8627 1 1 0 8629
520 0 0 8593 0 8593
521 0 8561 0 0 8561
522 0 0 8528 46 8574
523 8377 0 24 1 8402
524 0 0 8498 0 8498
525 8563 0 7 0 8570
526 0 0 0 8587 8587
527 0 8622 0 38 8660
528 0 1 0 8626 8627
529 0 1 0 8502 8503
530 0 8595 0 2 8597
531 8480 0 1 0 8481
532 0 0 8359 0 8359
533 1 0 0 8301 8302
534 2 2 8275 24 8303
535 1 8251 0 0 8252
536 2 8367 0 1 8370
537 0 1 0 8393 8394
538 1 0 8389 0 8390
539 0 1 8230 0 8231
540 8226 0 1 1 8228
541 0 0 8247 0 8247
542 0 3 1 8035 8039
543 0 1 8123 1 8125
544 8145 0 2 0 8147
545 1 1 8243 0 8245
546 8025 0 0 0 8025
547 1 7980 0 0 7981
548 1 0 8030 0 8031
549 7877 0 130 0 8007
550 0 0 8065 0 8065
551 7945 0 0 0 7945
552 7938 0 0 0 7938
553 7943 0 0 50 7993
554 0 0 0 7864 7864
555 2 0 7832 1 7835
556 1 7763 1 4 7769
557 7778 1 0 0 7779
558 1 0 7852 0 7853
559 7723 0 1 0 7724
560 2 2 0 7674 7678
561 0 0 7600 1 7601
562 4 33 7563 0 7600
563 0 0 0 7519 7519
564 0 7762 1 1 7764
565 0 2 0 7688 7690
566 0 7662 0 3 7665
567 7716 0 1 0 7717
568 0 1 7582 0 7583
569 0 7393 0 0 7393
570 0 0 1 7448 7449
571 7461 0 1 0 7462
572 0 2 0 7458 7460
573 2 0 7474 0 7476
574 7419 0 1 0 7420
575 7247 0 1 0 7248
576 0 7109 0 56 7165
577 7227 0 0 0 7227
578 1 7255 0 1 7257
579 7253 1 0 0 7254
580 7 0 7219 0 7226
581 1 7113 0 104 7218
582 7283 0 1 0 7284
583 7187 0 1 0 7188
584 7183 0 0 0 7183
585 7184 0 1 1 7186
586 7040 0 0 0 7040
587 0 7144 0 0 7144
588 7067 0 2 0 7069
589 6880 0 1 0 6881
590 0 1 0 6856 6857
591 0 0 6848 0 6848
592 6854 0 0 2 6856
593 6824 0 2 1 6827
594 0 0 0 6818 6818
595 0 0 6904 0 6904
596 7 0 6772 0 6779
597 6692 0 0 0 6692
598 6782 0 0 0 6782
599 1 0 0 6677 6678
600 2 0 6752 0 6754
601 1 0 6749 0 6750
602 0 0 6800 0 6800
603 6715 0 1 0 6716
604 6747 0 0 2 6749
605 6747 0 1 0 6748
606 6797 0 0 0 6797
607 0 0 6808 1 6809
608 2 0 6741 0 6743
609 6730 0 1 0 6731
610 0 0 6799 0 6799
611 6720 0 40 0 6760
612 6761 0 1 2 6764
613 1 0 6791 0 6792
614 6745 0 0 0 6745
615 0 6741 0 0 6741
616 1 0 6844 0 6845
617 0 3 0 6534 6537
618 0 6631 0 3 6634
619 0 6869 0 2 6871
620 6819 0 1 0 6820
621 6815 0 1 0 6816
622 6837 0 0 0 6837
623 6804 0 0 0 6804
624 0 0 6595 0 6595
625 1 6508 0 3 6512
626 0 3 0 6557 6560
627 0 0 6671 0 6671
628 0 0 6606 0 6606
629 0 6640 0 2 6642
630 6729 0 3 1 6733
631 0 0 6732 0 6732
632 6704 0 0 0 6704
633 6798 0 1 0 6799
634 0 0 6707 0 6707
635 6766 0 0 0 6766
636 42 0 6705 0 6747
637 0 0 1 6452 6453
638 0 18 0 6575 6593
639 0 0 6607 0 6607
640 63 6521 0 3 6587
641 6697 0 1 0 6698
642 6672 0 0 0 6672
643 6680 0 0 0 6680
644 1 0 6673 0 6674
645 1 6635 0 0 6636
646 6755 0 1 0 6756
647 6732 0 0 0 6732
648 1 6664 0 0 6665
649 6659 0 0 0 6659
650 0 0 0 6666 6666
651 0 2 0 6731 6733
652 1 0 6675 54 6730
653 0 0 6687 0 6687
654 6707 0 0 0 6707
655 0 0 6781 0 6781
656 0 1 0 6410 6411
657 1 0 6532 0 6533
658 0 6531 0 8 6539
659 0 1 0 6631 6632
660 3 0 6598 0 6601
661 6507 0 0 0 6507
662 0 0 6656 0 6656
663 6622 0 2 0 6624
664 0 0 1 6542 6543
665 1 6430 0 86 6517
666 0 0 1 6399 6400
667 0 6265 0 111 6376
668 0 0 0 6471 6471
669 0 1 0 6463 6464
670 0 0 6374 0 6374
671 0 0 6178 0 6178
672 4 0 5857 0 5861
673 38 0 5926 0 5964
674 1 5858 0 2 5861
675 6034 0 1 2 6037
676 5983 0 0 0 5983
677 1 0 6166 0 6167
678 0 0 0 5876 5876
679 0 6041 0 1 6042
680 6163 0 1 0 6164
681 6068 0 0 0 6068
682 6071 0 0 0 6071
683 6049 0 1 0 6050
684 0 0 6021 0 6021
685 5929 0 1 0 5930
686 5922 0 2 0 5924
687 1 23 1 5868 5893
688 1 0 5936 0 5937
689 0 0 5939 1 5940
690 1 1 5858 1 5861
691 0 0 5891 0 5891
692 5716 0 0 0 5716
693 5683 0 0 0 5683
694 0 0 5637 0 5637
695 0 0 5518 1 5519
696 1 0 5571 0 5572
697 5483 0 39 0 5522
698 1 0 1 5496 5498
699 0 1 0 5568 5569
700 1 0 5588 0 5589
701 0 5516 0 1 5517
702 5587 0 0 0 5587
703 5588 0 1 0 5589
704 5576 0 0 0 5576
705 72 0 5558 0 5630
706 0 0 5380 0 5380
707 5305 0 0 0 5305
708 0 0 1 5360 5361
709 0 0 5359 0 5359
710 0 0 0 5275 5275
711 5291 0 2 0 5293
712 5235 0 0 1 5236
713 0 0 0 5278 5278
714 0 0 5293 0 5293
715 1 0 5079 1 5081
716 5038 0 0 0 5038
717 5017 0 0 0 5017
718 0 0 5010 0 5010
719 0 0 0 4951 4951
720 3 0 5000 0 5003
721 0 4979 0 1 4980
722 0 1 0 5070 5071
723 5009 0 2 0 5011
724 4985 0 1 0 4986
725 4990 0 0 0 4990
726 0 0 4990 3 4993
727 0 5042 0 1 5043
728 5093 0 0 0 5093
729 22 0 5040 0 5062
730 5037 0 0 0 5037
731 0 0 5016 0 5016
732 2 4854 1 0 4857
733 0 2 1 4805 4808
734 0 4770 0 0 4770
735 0 4787 0 0 4787
736 4704 0 0 1 4705
737 0 1 0 4728 4729
738 1 0 4762 0 4763
739 27 0 4729 0 4756
740 2 0 4677 0 4679
741 4669 0 1 0 4670
742 4712 0 0 0 4712
743 4685 0 0 1 4686
744 0 1 0 4640 4641
745 0 0 0 4674 4674
746 1 4678 0 0 4679
747 4672 0 2 0 4674
748 0 0 4622 1 4623
749 1 4558 0 0 4559
750 0 0 0 4516 4516
751 0 4512 0 0 4512
752 0 30 0 4538 4568
753 0 0 0 4479 4479
754 1 0 4511 0 4512
755 0 64 0 4402 4466
756 0 0 4503 0 4503
757 4480 0 0 1 4481
758 4503 0 0 0 4503
759 0 0 4469 1 4470
760 4440 0 0 0 4440
761 4456 0 0 0 4456
762 4464 0 1 0 4465
763 0 0 0 4346 4346
764 4339 0 0 0 4339
765 1 0 0 4321 4322
766 0 4232 0 0 4232
767 0 0 0 4272 4272
768 4249 0 0 0 4249
769 0 0 0 4242 4242
770 4181 0 0 0 4181
771 4199 0 1 0 4200
772 0 0 0 4182 4182
773 0 0 4135 0 4135
774 0 4128 0 2 4130
775 0 1 0 4056 4057
776 0 4143 0 0 4143
777 0 0 4139 0 4139
778 4060 0 0 0 4060
779 3991 1 35 0 4027
780 1 4065 0 0 4066
781 0 3953 0 0 3953
782 3972 0 0 0 3972
783 0 0 0 3961 3961
784 0 0 0 3937 3937
785 0 0 0 3854 3854
786 0 3857 0 1 3858
787 3865 0 0 1 3866
788 0 0 3828 0 3828
789 0 0 3774 0 3774
790 0 0 0 3711 3711
791 0 0 0 3579 3579
792 0 3546 0 1 3547
793 0 0 0 3585 3585
794 0 0 2 3586 3588
795 3552 0 0 0 3552
796 0 3486 0 0 3486
797 3500 0 0 0 3500
798 3471 0 0 0 3471
799 0 0 0 3456 3456
800 0 0 1 3280 3281
801 0 1 0 3294 3295
802 0 0 3282 0 3282
803 0 45 0 3171 3216
804 0 1 1 3187 3189
805 0 3155 0 0 3155
806 0 0 0 3190 3190
807 0 0 0 3221 3221
808 0 1 0 3183 3184
809 0 24 0 3150 3174
810 3143 0 0 0 3143
811 0 0 0 3085 3085
812 0 12 0 3044 3056
813 0 0 0 3011 3011
814 0 0 0 3021 3021
815 3015 0 0 0 3015
816 0 0 0 2967 2967
817 0 3002 0 0 3002
818 2995 0 1 0 2996
819 0 0 2902 0 2902
820 0 2845 0 0 2845
821 0 0 1 2744 2745
822 0 2661 0 0 2661
823 0 0 0 2587 2587
824 0 2592 0 0 2592
825 0 2626 0 0 2626
826 2594 0 33 0 2627
827 0 0 0 2551 2551
828 0 0 0 2504 2504
829 0 0 0 2487 2487
830 0 2492 1 0 2493
831 2491 0 0 0 2491
832 0 0 0 2477 2477
833 0 0 2461 0 2461
834 1 0 2391 0 2392
835 1 2384 0 15 2400
836 1 0 0 2395 2396
837 0 0 1 2426 2427
838 0 0 2374 0 2374
839 1 0 2396 0 2397
840 2320 0 1 0 2321
841 0 2341 0 0 2341
842 2245 0 0 0 2245
843 2240 0 0 0 2240
844 0 0 0 2220 2220
845 2119 0 0 0 2119
846 1 0 2081 0 2082
847 0 0 2106 0 2106
848 0 0 2118 0 2118
849 0 2006 0 1 2007
850 1960 0 0 0 1960
851 0 0 0 2072 2072
852 1 1 0 2060 2062
853 0 1 0 2059 2060
854 0 0 1972 0 1972
855 1970 0 0 0 1970
856 1941 0 1 0 1942
857 0 1 0 1936 1937
858 0 1918 0 1 1919
859 1923 0 0 0 1923
860 1962 0 0 0 1962
861 1927 0 0 0 1927
862 0 0 0 1899 1899
863 1843 0 0 1 1844
864 1873 0 1 0 1874
865 1884 0 0 0 1884
866 1907 0 0 0 1907
867 1873 0 0 0 1873
868 1 0 1796 0 1797
869 1834 0 1 0 1835
870 0 0 1845 0 1845
871 0 0 1922 0 1922
872 1900 0 0 0 1900
873 1915 0 0 0 1915
874 0 0 0 1878 1878
875 1907 0 0 0 1907
876 1899 0 0 0 1899
877 1759 0 0 0 1759
878 0 1766 0 0 1766
879 1567 0 1 0 1568
880 0 0 0 1503 1503
881 1 0 1530 1 1532
882 1542 0 0 0 1542
883 1507 0 0 0 1507
884 1511 0 0 0 1511
885 1492 0 0 0 1492
886 0 0 0 1448 1448
887 1385 0 0 0 1385
888 0 1338 0 0 1338
889 0 0 1380 0 1380
890 1359 0 0 0 1359
891 1369 0 0 0 1369
892 0 0 0 1359 1359
893 1327 0 0 0 1327
894 1320 0 0 0 1320
895 1274 0 0 0 1274
896 1284 0 0 0 1284
897 0 0 1231 0 1231
898 0 0 1225 13 1238
899 0 0 0 1198 1198
900 0 1269 0 0 1269
901 0 1325 0 0 1325
902 1319 0 0 0 1319
903 1261 0 0 0 1261
904 1210 0 0 0 1210
905 18 1204 0 0 1222
906 1164 0 0 0 1164
907 1186 0 0 0 1186
908 1189 0 0 0 1189
909 0 0 1168 0 1168
910 1159 0 0 0 1159
911 0 0 1096 0 1096
912 1068 0 0 0 1068
913 0 1052 0 0 1052
914 1086 0 0 0 1086
915 1085 0 0 0 1085
916 0 0 0 1074 1074
917 1083 0 0 0 1083
918 1074 0 1 0 1075
919 1070 0 0 0 1070
920 0 1074 0 0 1074
921 1085 0 0 0 1085
922 0 0 1060 0 1060
923 1034 0 0 0 1034
924 0 0 1032 0 1032
925 1035 0 0 0 1035
926 0 0 1017 2 1019
927 0 0 1028 0 1028
928 0 0 0 988 988
929 1084 0 0 0 1084
930 0 1 0 1064 1065
931 0 1081 0 0 1081
932 1111 0 0 0 1111
933 1106 0 0 0 1106
934 0 0 0 1118 1118
935 0 0 0 1121 1121
936 0 0 0 1131 1131
937 0 57 0 1107 1164
938 0 0 1149 0 1149
939 1148 0 0 0 1148
940 0 0 1124 0 1124
941 1133 0 0 0 1133
942 0 1125 0 0 1125
943 1127 0 0 0 1127
944 0 1117 0 1 1118
945 1128 0 2 0 1130
946 0 0 1132 0 1132
947 0 0 0 1133 1133
948 0 0 0 1127 1127
949 1115 0 0 0 1115
950 0 1129 0 0 1129
951 0 1154 0 0 1154
952 1142 0 0 0 1142
953 1149 0 0 0 1149
954 1141 0 0 0 1141
955 1146 0 0 0 1146
956 1135 0 1 0 1136
957 0 0 1083 0 1083
958 1046 0 0 0 1046
959 1046 0 0 0 1046
960 1055 0 0 0 1055
961 0 0 0 995 995
962 12 1009 0 0 1021
963 0 1046 0 0 1046
964 1026 1 0 0 1027
965 0 0 995 0 995
966 0 0 964 0 964
967 0 950 0 0 950
968 0 958 0 0 958
969 978 1 0 0 979
970 978 0 0 0 978
971 987 0 0 0 987
972 0 0 958 0 958
973 955 0 0 0 955
974 951 0 0 0 951
975 936 0 0 0 936
976 0 956 0 0 956
977 967 0 0 0 967
978 912 0 0 0 912
979 0 1 0 918 919
980 0 0 921 0 921
981 928 0 0 0 928
982 924 0 0 0 924
983 0 0 896 0 896
984 0 0 908 0 908
985 913 0 0 0 913
986 919 0 0 0 919
987 0 0 867 0 867
988 0 0 0 864 864
989 0 0 883 0 883
990 0 898 0 1 899
991 0 0 0 921 921
992 0 909 0 0 909
993 0 0 0 924 924
994 0 989 0 0 989
995 0 0 0 993 993
996 0 0 975 0 975
997 969 0 1 0 970
998 0 968 0 0 968
999 978 0 0 0 978
1000 955 0 0 0 955
1001 0 940 0 0 940
1002 949 0 0 0 949
1003 0 0 0 942 942
1004 0 0 952 0 952
1005 0 0 939 0 939
1006 927 0 0 0 927
1007 2 0 930 0 932
1008 0 0 872 0 872
1009 0 0 0 840 840
1010 803 0 0 0 803
1011 0 0 1 794 795
1012 0 0 1 811 812
1013 0 0 807 0 807
1014 812 0 0 0 812
1015 810 0 0 0 810
1016 0 0 0 795 795
1017 0 0 795 0 795
1018 797 0 0 0 797
1019 0 778 0 0 778
1020 0 790 0 0 790
1021 784 0 0 0 784
1022 0 780 0 0 780
1023 779 0 0 0 779
1024 0 0 0 763 763
1025 767 0 0 0 767
1026 769 0 0 0 769
1027 0 0 0 764 764
1028 737 0 27 0 764
1029 758 0 0 0 758
1030 0 0 0 751 751
1031 0 0 0 741 741
1032 0 0 749 0 749
1033 750 0 0 0 750
1034 0 1 745 0 746
1035 0 0 736 0 736
1036 0 0 738 1 739
1037 730 0 0 0 730
1038 0 741 0 0 741
1039 0 0 1 747 748
1040 0 1 0 738 739
1041 0 0 0 736 736
1042 0 733 0 0 733
1043 0 0 0 737 737
1044 0 0 732 0 732
1045 0 711 1 1 713
1046 0 734 0 0 734
1047 0 0 759 0 759
1048 737 0 0 0 737
1049 740 0 0 0 740
1050 0 0 750 0 750
1051 738 0 0 0 738
1052 0 0 748 0 748
1053 747 0 0 0 747
1054 0 0 0 752 752
1055 749 0 0 0 749
1056 758 0 0 0 758
1057 0 0 0 751 751
1058 762 0 0 0 762
1059 756 0 0 0 756
1060 757 0 0 0 757
1061 755 0 1 0 756
1062 748 0 0 0 748
1063 0 0 0 741 741
1064 0 0 749 0 749
1065 0 0 747 0 747
1066 0 0 748 0 748
1067 0 0 0 719 719
1068 0 0 738 0 738
1069 743 0 0 2 745
1070 744 0 0 0 744
1071 730 0 0 0 730
1072 0 740 0 0 740
1073 744 0 0 0 744
1074 0 0 756 0 756
1075 0 0 0 713 713
1076 0 0 0 724 724
1077 0 1 0 722 723
1078 0 0 0 724 724
1079 0 0 728 0 728
1080 0 0 728 0 728
1081 725 0 0 0 725
1082 0 1 728 0 729
1083 732 0 0 0 732
1084 0 0 0 720 720
1085 740 0 0 0 740
1086 0 0 746 0 746
1087 656 0 0 0 656
1088 651 0 0 0 651
1089 0 0 643 0 643
1090 651 0 0 0 651
1091 629 0 0 0 629
1092 0 0 0 598 598
1093 0 0 0 630 630
1094 0 0 622 1 623
1095 0 624 0 0 624
1096 633 0 0 0 633
1097 0 0 0 619 619
1098 0 0 0 626 626
1099 610 0 0 0 610
1100 613 0 0 0 613
1101 613 0 0 0 613
1102 0 0 0 649 649
1103 0 1 0 702 703
1104 1 704 0 0 705
1105 712 0 0 0 712
1106 706 0 0 0 706
1107 0 0 0 713 713
1108 0 0 0 701 701
1109 0 0 0 705 705
1110 0 0 0 704 704
1111 704 0 0 0 704
1112 0 747 0 0 747
1113 0 0 0 721 721
1114 0 0 754 0 754
1115 0 0 0 742 742
1116 743 0 0 0 743
1117 0 0 0 739 739
1118 0 0 0 751 751
1119 0 0 0 732 732
1120 1 732 0 0 733
1121 0 0 2 729 731
1122 0 0 1 725 726
1123 674 0 0 0 674
1124 1 684 0 0 685
1125 0 0 2 691 693
1126 626 0 0 0 626
1127 0 0 0 585 585
1128 0 0 585 0 585
1129 1 566 0 0 567
1130 594 0 0 0 594
1131 0 0 0 593 593
1132 0 1 0 567 568
1133 0 0 0 564 564
1134 565 0 0 0 565
1135 540 0 0 0 540
1136 0 0 536 0 536
1137 1 514 0 0 515
1138 470 0 0 0 470
1139 470 0 0 1 471
1140 465 0 0 0 465
1141 0 0 0 465 465
1142 0 0 0 468 468
1143 0 0 469 0 469
1144 0 0 0 465 465
1145 473 0 0 0 473
1146 462 0 0 0 462
1147 0 0 0 443 443
1148 0 450 0 0 450
1149 438 0 0 0 438
1150 437 0 0 0 437
1151 0 0 0 435 435
1152 0 0 431 0 431
1153 0 0 0 428 428
1154 1 429 0 0 430
1155 434 0 0 0 434
1156 0 0 429 0 429
1157 0 368 0 0 368
1158 370 0 0 0 370
1159 359 0 0 0 359
1160 348 0 0 0 348
1161 0 0 0 347 347
1162 323 0 0 0 323
1163 321 0 0 0 321
1164 269 0 0 0 269
1165 1 273 0 0 274
1166 0 0 0 260 260
1167 0 0 260 0 260
1168 0 0 262 0 262
1169 271 0 0 0 271
1170 269 0 0 0 269
1171 266 0 0 0 266
1172 265 0 2 0 267
1173 268 0 0 0 268
1174 0 0 265 0 265
1175 0 0 0 172 172
1176 0 0 175 0 175
1177 0 179 0 0 179
1178 0 0 177 0 177
1179 0 0 0 176 176
1180 0 0 0 176 176
1181 0 0 180 0 180
1182 0 0 0 181 181
1183 0 0 0 176 176
1184 0 0 0 174 174
1185 0 177 0 0 177
1186 0 0 0 178 178
1187 98 0 0 0 98
1188 0 107 0 0 107
1189 0 0 0 101 101
1190 0 0 0 0 0
