0 0 0 0 0 0
1 25 0 0 0 25
2 0 0 25 0 25
3 0 24 0 0 24
4 25 0 0 0 25
5 0 0 27 0 27
6 27 0 0 0 27
7 19 0 9 0 28
8 0 0 28 0 28
9 0 51 0 0 51
10 52 0 2 3 57
11 0 81 0 3 84
12 0 0 167 3 170
13 0 177 0 4 181
14 192 0 1 0 193
15 0 325 0 0 325
16 0 0 0 358 358
17 1 1 0 358 360
18 0 0 0 395 395
19 0 485 0 0 485
20 0 0 0 587 587
21 0 0 0 606 606
22 641 0 0 0 641
23 653 0 0 0 653
24 656 1 0 0 657
25 652 0 0 0 652
26 0 0 0 692 692
27 0 0 710 0 710
28 0 0 0 695 695
29 0 727 0 0 727
30 0 0 738 0 738
31 0 797 0 0 797
32 0 0 0 808 808
33 0 0 851 0 851
34 0 0 0 876 876
35 0 0 0 905 905
36 0 0 0 939 939
37 0 0 938 0 938
38 0 0 934 0 934
39 926 0 0 0 926
40 0 0 980 0 980
41 1003 0 0 0 1003
42 0 1054 0 0 1054
43 1057 0 0 0 1057
44 0 1135 0 0 1135
45 1173 0 0 0 1173
46 1180 0 0 0 1180
47 0 0 0 1207 1207
48 0 0 0 1248 1248
49 0 0 1278 0 1278
50 0 1296 0 0 1296
51 0 1340 0 0 1340
52 0 0 0 1352 1352
53 1341 0 1 0 1342
54 0 1434 0 0 1434
55 0 6 0 1438 1444
56 0 0 0 1451 1451
57 1 0 1450 0 1451
58 0 1516 0 0 1516
59 0 0 0 1524 1524
60 0 0 0 1539 1539
61 0 0 0 1547 1547
62 0 1544 0 10 1554
63 1550 0 2 0 1552
64 0 0 0 1562 1562
65 0 6 0 1573 1579
66 25 0 1545 0 1570
67 1540 0 0 0 1540
68 0 1584 0 0 1584
69 1577 0 0 0 1577
70 2 0 1606 0 1608
71 1555 0 0 0 1555
72 1581 0 0 0 1581
73 0 0 1606 0 1606
74 1543 0 0 0 1543
75 0 23 0 1598 1621
76 0 0 1632 0 1632
77 0 0 1643 0 1643
78 1634 0 0 0 1634
79 0 0 1673 0 1673
80 1659 0 3 0 1662
81 1697 0 1 0 1698
82 34 0 1693 2 1729
83 1 0 1800 2 1803
84 0 1831 0 2 1833
85 1851 0 1 0 1852
86 1848 0 0 0 1848
87 1841 1 0 0 1842
88 1 0 1861 0 1862
89 0 1893 0 0 1893
90 1907 0 1 0 1908
91 0 0 1896 0 1896
92 1890 0 1 0 1891
93 1903 0 0 0 1903
94 0 1915 0 0 1915
95 0 0 0 1916 1916
96 1895 0 7 0 1902
97 12 0 1898 0 1910
98 0 1919 0 0 1919
99 1949 0 4 0 1953
100 0 0 1961 0 1961
101 1954 0 0 0 1954
102 1963 0 0 0 1963
103 1970 0 0 0 1970
104 1976 0 0 0 1976
105 1 0 1996 0 1997
106 0 0 0 1975 1975
107 0 0 0 2017 2017
108 2014 0 0 1 2015
109 0 2012 0 0 2012
110 1982 0 0 0 1982
111 0 2028 0 0 2028
112 0 0 0 2035 2035
113 4 0 2044 0 2048
114 0 0 0 2023 2023
115 0 2 0 2054 2056
116 0 0 2053 0 2053
117 0 4 2055 0 2059
118 0 0 0 1981 1981
119 0 0 0 2061 2061
120 0 24 0 2058 2082
121 1 0 2063 0 2064
122 0 0 2079 0 2079
123 1 1 0 1967 1969
124 2 0 2063 0 2065
125 2 0 2082 0 2084
126 34 0 2076 0 2110
127 2132 0 28 0 2160
128 2771 0 9 0 2780
129 2891 0 0 0 2891
130 0 0 2924 1 2925
131 2951 0 0 0 2951
132 3501 0 8 0 3509
133 0 0 0 3636 3636
134 0 0 0 3696 3696
135 0 19 0 3711 3730
136 0 0 3694 2 3696
137 3671 0 0 0 3671
138 0 3856 0 6 3862
139 1 4110 0 20 4131
140 0 2 0 4178 4180
141 4209 0 0 0 4209
142 1 0 4095 0 4096
143 4140 0 0 0 4140
144 0 4164 0 1 4165
145 0 0 0 4174 4174
146 2 4190 0 0 4192
147 4199 1 1 0 4201
148 0 0 4211 0 4211
149 1 4175 0 3 4179
150 0 4220 0 0 4220
151 0 0 1 4221 4222
152 0 0 0 4234 4234
153 13 0 4223 0 4236
154 1 0 4191 0 4192
155 4198 0 0 4 4202
156 4194 1 0 0 4195
157 0 0 0 4203 4203
158 0 0 4203 0 4203
159 2 0 4192 0 4194
160 4106 1 1 0 4108
161 2 0 0 4220 4222
162 4262 0 1 0 4263
163 4237 0 0 0 4237
164 4222 0 0 0 4222
165 4220 0 0 0 4220
166 4215 0 0 0 4215
167 4220 0 1 0 4221
168 3 4256 0 0 4259
169 4263 0 1 0 4264
170 4257 0 2 1 4260
171 4219 0 27 0 4246
172 4240 0 3 4 4247
173 0 0 4208 0 4208
174 4199 0 0 1 4200
175 1 0 0 4219 4220
176 1 0 4255 0 4256
177 2 4232 0 1 4235
178 0 16 0 4268 4284
179 0 1 0 4277 4278
180 4284 0 0 0 4284
181 4262 0 12 0 4274
182 0 4295 0 1 4296
183 0 0 0 4304 4304
184 3 0 4291 0 4294
185 4331 0 0 0 4331
186 0 38 0 4248 4286
187 4323 0 0 0 4323
188 0 0 0 4297 4297
189 4277 0 9 0 4286
190 0 4310 0 0 4310
191 4315 0 0 0 4315
192 4269 0 0 0 4269
193 4231 0 0 0 4231
194 4248 0 0 1 4249
195 4250 0 1 0 4251
196 2 0 4189 0 4191
197 0 4226 0 0 4226
198 4241 0 0 1 4242
199 0 4260 0 0 4260
200 0 0 0 4261 4261
201 4241 0 2 0 4243
202 4248 1 3 0 4252
203 1 0 0 4252 4253
204 0 5 0 4279 4284
205 0 1 4199 0 4200
206 0 0 4137 0 4137
207 0 1 1 4010 4012
208 0 0 4105 0 4105
209 0 4207 1 5 4213
210 1 4341 0 11 4353
211 0 0 0 4402 4402
212 0 4456 0 0 4456
213 0 0 0 4481 4481
214 4515 0 0 0 4515
215 0 0 0 4550 4550
216 4595 0 0 0 4595
217 0 0 0 4710 4710
218 0 0 4844 1 4845
219 0 5027 0 0 5027
220 0 0 0 5115 5115
221 0 0 0 5230 5230
222 0 0 0 5293 5293
223 0 3 0 5348 5351
224 0 0 0 5377 5377
225 5396 0 2 1 5399
226 5391 1 1 0 5393
227 5374 1 1 0 5376
228 5351 5 0 0 5356
229 2 5376 0 0 5378
230 0 5326 0 3 5329
231 0 5346 0 0 5346
232 5447 1 1 0 5449
233 5442 0 0 0 5442
234 5294 0 131 0 5425
235 19 0 5340 0 5359
236 5382 0 0 0 5382
237 5 5342 0 0 5347
238 0 5379 0 0 5379
239 5411 0 1 0 5412
240 67 0 5388 1 5456
241 0 0 5406 0 5406
242 5348 0 0 1 5349
243 5431 0 0 0 5431
244 5421 1 5 0 5427
245 0 0 5433 0 5433
246 5418 0 1 0 5419
247 5412 0 0 0 5412
248 5459 0 0 1 5460
249 5455 0 0 0 5455
250 5473 0 1 0 5474
251 0 0 5465 0 5465
252 5444 1 0 1 5446
253 5448 0 2 0 5450
254 0 0 5470 0 5470
255 5466 0 0 0 5466
256 0 0 0 5517 5517
257 2 0 0 5484 5486
258 0 5485 0 0 5485
259 5501 1 1 5 5508
260 0 0 11 5474 5485
261 0 5500 0 4 5504
262 5479 1 0 0 5480
263 1 5458 0 0 5459
264 5461 0 0 0 5461
265 1 0 5344 0 5345
266 5333 0 0 0 5333
267 1 0 5318 0 5319
268 0 5334 0 1 5335
269 1 5318 0 0 5319
270 1 5282 0 14 5297
271 0 2 1 5362 5365
272 0 0 0 5381 5381
273 5337 0 1 7 5345
274 0 0 2 5350 5352
275 1 5379 0 0 5380
276 5384 1 2 7 5394
277 0 0 5409 0 5409
278 1 0 5367 1 5369
279 5278 0 18 2 5298
280 5284 0 0 0 5284
281 0 1 0 5354 5355
282 1 0 5369 2 5372
283 1 0 5406 0 5407
284 1 0 5381 0 5382
285 5406 0 6 0 5412
286 5557 0 0 0 5557
287 0 5550 0 1 5551
288 5653 0 0 5 5658
289 5620 0 0 0 5620
290 1 5739 0 0 5740
291 5764 1 0 0 5765
292 0 0 5673 0 5673
293 2 5715 0 0 5717
294 5827 0 2 0 5829
295 5849 0 3 0 5852
296 2 5852 0 0 5854
297 6194 0 3 0 6197
298 6173 0 2 0 6175
299 6246 0 1 0 6247
300 6291 1 0 0 6292
301 6359 0 0 0 6359
302 6333 1 0 0 6334
303 7 0 6384 0 6391
304 6397 0 6 0 6403
305 6466 2 0 0 6468
306 6497 0 8 0 6505
307 5 0 6393 6 6404
308 1 0 6361 0 6362
309 0 6448 0 0 6448
310 1 6525 0 21 6547
311 1 5 0 6522 6528
312 159 0 6386 0 6545
313 6518 0 0 0 6518
314 0 6 1 6564 6571
315 0 0 0 6642 6642
316 0 6611 0 13 6624
317 0 1 0 6694 6695
318 26 1 6625 0 6652
319 1 0 6584 0 6585
320 0 6574 6 2 6582
321 0 5 9 6735 6749
322 4 0 6754 1 6759
323 6605 0 0 0 6605
324 75 1 6678 5 6759
325 6793 0 0 0 6793
326 14 0 7348 3 7365
327 7527 0 1 0 7528
328 7694 0 1 0 7695
329 7700 0 1 0 7701
330 7677 0 0 0 7677
331 7711 13 2 6 7732
332 0 1 1 7721 7723
333 1 0 7704 0 7705
334 7822 0 0 1 7823
335 0 0 7928 1 7929
336 7924 0 1 0 7925
337 8041 0 0 1 8042
338 34 0 7958 1 7993
339 7971 0 2 1 7974
340 1 1 0 7960 7962
341 1 0 7950 0 7951
342 2 0 1 7717 7720
343 0 0 8161 0 8161
344 1 1 1 8214 8217
345 23 0 8262 1 8286
346 8478 0 2 1 8481
347 2 0 8452 1 8455
348 1 8671 0 3 8675
349 1 1 0 8785 8787
350 0 2 0 8843 8845
351 0 2 0 8873 8875
352 4 8926 0 7 8937
353 8952 1 4 1 8958
354 0 0 1 9015 9016
355 1 0 8980 0 8981
356 9053 2 0 0 9055
357 9094 0 1 0 9095
358 0 0 8969 1 8970
359 1 9017 0 1 9019
360 9106 2 0 1 9109
361 0 1 0 9134 9135
362 1 0 1 9171 9173
363 1 12 0 9195 9208
364 1 0 9178 1 9180
365 9185 0 2 1 9188
366 9180 0 11 1 9192
367 9238 0 0 0 9238
368 1 1 1 9221 9224
369 9249 1 1 0 9251
370 3 0 9110 0 9113
371 2 9156 0 2 9160
372 9300 0 2 0 9302
373 3 0 9201 0 9204
374 9244 0 2 1 9247
375 9254 0 1 1 9256
376 2 0 8997 0 8999
377 2 0 8611 1 8614
378 0 8935 0 36 8971
379 0 9078 0 1 9079
380 9246 0 0 1 9247
381 0 1 2 9345 9348
382 1 0 9228 0 9229
383 9352 0 7 0 9359
384 9329 0 0 0 9329
385 9318 0 0 0 9318
386 1 0 9232 0 9233
387 0 9261 0 2 9263
388 0 0 0 9184 9184
389 0 9156 0 1 9157
390 9271 0 1 0 9272
391 1 0 9123 0 9124
392 1 8903 0 3 8907
393 28 0 9364 1 9393
394 13 9326 0 10 9349
395 1 15 1 9538 9555
396 9426 4 91 0 9521
397 2 9586 0 1 9589
398 1 0 1 9686 9688
399 9708 0 22 0 9730
400 1 1 1 9699 9702
401 9702 0 0 0 9702
402 0 9772 0 2 9774
403 0 1 0 9710 9711
404 1 0 9738 0 9739
405 2 0 0 9729 9731
406 0 9903 0 13 9916
407 1 2 0 9884 9887
408 120 9899 0 2 10021
409 10091 0 1 1 10093
410 0 0 0 10381 10381
411 3 1 10385 0 10389
412 74 0 10395 0 10469
413 0 2 0 10359 10361
414 64 10384 0 2 10450
415 10580 0 6 3 10589
416 1 1 1 10589 10592
417 14 0 10628 1 10643
418 0 5 0 10446 10451
419 10302 0 1 0 10303
420 0 10838 0 31 10869
421 0 11136 0 18 11154
422 0 14 0 11187 11201
423 3 0 11137 0 11140
424 11013 0 0 0 11013
425 11088 0 0 0 11088
426 0 1 0 11110 11111
427 1 11078 0 0 11079
428 1 11443 0 8 11452
429 0 2 0 11557 11559
430 1 0 11684 1 11686
431 3 0 11688 0 11691
432 11946 1 30 0 11977
433 11809 0 308 0 12117
434 12097 0 5 0 12102
435 0 0 0 12094 12094
436 0 2 0 12298 12300
437 12430 0 0 0 12430
438 2 0 0 12341 12343
439 0 105 0 12144 12249
440 1 12387 0 13 12401
441 12470 1 1 0 12472
442 12424 0 3 0 12427
443 0 14 0 12455 12469
444 8 0 12492 1 12501
445 0 12500 1 3 12504
446 12587 0 4 2 12593
447 12327 0 171 0 12498
448 1 0 12489 4 12494
449 0 6 1 12188 12195
450 12447 8 0 0 12455
451 12441 0 0 0 12441
452 12393 0 1 0 12394
453 12291 0 3 1 12295
454 14 12469 0 13 12496
455 0 3 0 12465 12468
456 12529 0 1 0 12530
457 1 2 12505 0 12508
458 3 0 12424 0 12427
459 12431 0 80 0 12511
460 12453 1 2 1 12457
461 0 12524 0 17 12541
462 12 0 12359 9 12380
463 2 12411 0 0 12413
464 0 16 1 12420 12437
465 100 12422 0 6 12528
466 1 1 1 12546 12549
467 0 11 12527 1 12539
468 0 4 0 12332 12336
469 0 0 12392 0 12392
470 10 12430 0 1 12441
471 0 24 0 12428 12452
472 2 2 0 12461 12465
473 3 1 0 12552 12556
474 12257 1 313 6 12577
475 2 2 0 12369 12373
476 1 0 12433 1 12435
477 0 12359 0 28 12387
478 4 0 12495 1 12500
479 12377 0 31 0 12408
480 9 0 12473 1 12483
481 12474 0 0 0 12474
482 12458 0 2 0 12460
483 12380 0 0 0 12380
484 0 12562 0 1 12563
485 12549 0 5 1 12555
486 12445 0 0 0 12445
487 0 0 12390 22 12412
488 2 12257 0 2 12261
489 12276 1 18 0 12295
490 2 2 0 12134 12138
491 1 12223 0 1 12225
492 12061 0 54 0 12115
493 4 12261 0 1 12266
494 12308 3 0 0 12311
495 0 67 0 12106 12173
496 0 1 0 11991 11992
497 0 12131 0 5 12136
498 12087 0 1 0 12088
499 67 12096 0 0 12163
500 12043 0 2 1 12046
501 325 11720 17 93 12155
502 12132 0 3 0 12135
503 1 0 11935 0 11936
504 84 1 11490 1 11576
505 3 0 11629 1 11633
506 0 11687 0 0 11687
507 2 57 0 11646 11705
508 0 11697 1 2 11700
509 11999 0 0 0 11999
510 1 2 1 11927 11931
511 11955 0 15 0 11970
512 0 0 11849 0 11849
513 7 11775 0 5 11787
514 11804 0 1 1 11806
515 0 0 11729 1 11730
516 11610 1 1 0 11612
517 0 0 11589 1 11590
518 1 11553 0 12 11566
519 11607 0 4 1 11612
520 8 0 11689 0 11697
521 1 11550 1 16 11568
522 20 0 11641 0 11661
523 11443 0 9 0 11452
524 38 0 11443 7 11488
525 11369 0 35 0 11404
526 0 1 1 11277 11279
527 8 11368 0 1 11377
528 2 6 0 11268 11276
529 0 3 0 11167 11170
530 1 11293 0 5 11299
531 11320 0 40 0 11360
532 0 0 11194 2 11196
533 2 2 0 10900 10904
534 11 0 10893 0 10904
535 2 10844 0 3 10849
536 3 11067 0 0 11070
537 5 3 1 11124 11133
538 3 0 11093 0 11096
539 2 5 10818 21 10846
540 10609 0 206 2 10817
541 0 0 10818 0 10818
542 0 2 8 10504 10514
543 263 0 10349 0 10612
544 10604 0 3 2 10609
545 3 0 10682 0 10685
546 10574 0 3 1 10578
547 20 10311 0 0 10331
548 2 0 10558 4 10564
549 10173 0 265 0 10438
550 1 0 10492 0 10493
551 10519 0 1 0 10520
552 10495 0 1 0 10496
553 10508 0 2 1 10511
554 0 0 2 10390 10392
555 15 0 10336 0 10351
556 2 10334 0 2 10338
557 10394 0 1 0 10395
558 7 0 10414 1 10422
559 10228 0 0 0 10228
560 0 2 0 10137 10139
561 1 0 10109 0 10110
562 5 0 10060 8 10073
563 0 0 0 9798 9798
564 0 10009 1 0 10010
565 1 9 1 10007 10018
566 0 10185 0 0 10185
567 10282 0 9 0 10291
568 0 0 10133 0 10133
569 0 9818 0 1 9819
570 0 0 1 10036 10037
571 10012 0 0 0 10012
572 1 0 1 10025 10027
573 2 0 9950 3 9955
574 9891 0 7 0 9898
575 9905 10 1 0 9916
576 12 9736 0 4 9752
577 9724 0 0 0 9724
578 0 9772 0 0 9772
579 9816 0 1 0 9817
580 7 1 9707 0 9715
581 2 9613 0 1 9616
582 9669 0 0 0 9669
583 9602 0 2 0 9604
584 9527 0 0 0 9527
585 9512 0 4 0 9516
586 9355 1 1 0 9357
587 11 9409 0 1 9421
588 9339 1 2 2 9344
589 9139 0 0 1 9140
590 1 0 0 9076 9077
591 62 0 9066 1 9129
592 9011 0 5 0 9016
593 8966 0 1 0 8967
594 0 1 0 8909 8910
595 11 4 8974 0 8989
596 4 0 8879 0 8883
597 8740 0 4 0 8744
598 8737 2 18 0 8757
599 0 0 0 8738 8738
600 1 0 8839 2 8842
601 3 0 8819 1 8823
602 8 1 8758 2 8769
603 8806 6 1 3 8816
604 8803 0 2 0 8805
605 8778 1 0 1 8780
606 8723 0 20 0 8743
607 10 0 8714 1 8725
608 1 0 8646 0 8647
609 8689 0 1 0 8690
610 11 0 8760 1 8772
611 8912 0 1 1 8914
612 8853 1 0 0 8854
613 0 0 8844 1 8845
614 8725 0 0 1 8726
615 40 8743 0 25 8808
616 6 0 8867 0 8873
617 0 3 0 8610 8613
618 0 8688 0 1 8689
619 9 8881 1 0 8891
620 8992 7 1 0 9000
621 8973 1 2 1 8977
622 8979 1 1 0 8981
623 8921 12 4 2 8939
624 1 0 8847 8 8856
625 0 8774 0 0 8774
626 0 7 0 8786 8793
627 1 0 8795 1 8797
628 7 0 8658 0 8665
629 2 8778 0 2 8782
630 8898 1 2 0 8901
631 0 12 8894 0 8906
632 8925 0 0 0 8925
633 8886 1 5 0 8892
634 0 2 8779 0 8781
635 8839 0 0 1 8840
636 0 0 8780 0 8780
637 0 0 0 8421 8421
638 0 1 0 8709 8710
639 2 0 8713 0 8715
640 0 8715 0 2 8717
641 8954 0 0 0 8954
642 8908 0 4 0 8912
643 8893 0 7 0 8900
644 180 0 8655 0 8835
645 2 8766 0 1 8769
646 8903 2 1 0 8906
647 8891 10 1 0 8902
648 0 8869 0 2 8871
649 8906 0 0 0 8906
650 0 9 2 8822 8833
651 5 0 0 8916 8921
652 0 0 8941 1 8942
653 4 0 8808 1 8813
654 8730 0 2 0 8732
655 0 0 8782 0 8782
656 4 0 0 8286 8290
657 0 0 8519 0 8519
658 0 8476 0 20 8496
659 0 3 0 8568 8571
660 38 0 8601 5 8644
661 8404 1 0 0 8405
662 0 0 8502 0 8502
663 8412 0 1 1 8414
664 2 0 0 8325 8327
665 0 8346 0 1 8347
666 0 7 1 8288 8296
667 12 8238 0 1 8251
668 0 1 0 8340 8341
669 1 2 0 8377 8380
670 1 0 8280 2 8283
671 2 0 8179 2 8183
672 12 0 8170 0 8182
673 0 0 8220 0 8220
674 4 8085 0 2 8091
675 8307 0 0 0 8307
676 8217 1 10 0 8228
677 52 0 8294 1 8347
678 1 1 0 8025 8027
679 0 8251 0 5 8256
680 8372 0 3 0 8375
681 8315 0 1 0 8316
682 8328 0 0 0 8328
683 8244 0 10 0 8254
684 27 0 8090 0 8117
685 7941 0 1 0 7942
686 8010 1 1 5 8017
687 0 7 2 8012 8021
688 1 0 8118 0 8119
689 2 0 8078 2 8082
690 29 0 7991 2 8022
691 0 0 8051 0 8051
692 7915 0 1 1 7917
693 7693 0 279 0 7972
694 1 0 7990 1 7992
695 1 0 7872 2 7875
696 17 0 7894 0 7911
697 7774 0 0 1 7775
698 1 1 1 7753 7756
699 1 0 1 7820 7822
700 5 0 7781 1 7787
701 0 7749 0 1 7750
702 7774 0 1 0 7775
703 7736 0 0 0 7736
704 7690 0 13 1 7704
705 24 0 7730 0 7754
706 0 0 7727 0 7727
707 7569 0 5 0 7574
708 0 0 0 7702 7702
709 0 0 7755 1 7756
710 2 0 0 7650 7652
711 7687 0 0 0 7687
712 7603 1 2 1 7607
713 0 1 0 7730 7731
714 1 0 7765 0 7766
715 9 0 7685 0 7694
716 7627 0 0 0 7627
717 7633 1 0 0 7634
718 0 0 7612 0 7612
719 1 8 1 7436 7446
720 16 0 7511 2 7529
721 1 7520 0 0 7521
722 0 0 1 7745 7746
723 7682 0 11 0 7693
724 7708 0 1 0 7709
725 7680 0 1 0 7681
726 19 0 7533 2 7554
727 2 7510 0 0 7512
728 7568 0 4 0 7572
729 0 1 7477 0 7478
730 7365 1 1 0 7367
731 0 0 7374 0 7374
732 0 7236 1 3 7240
733 0 8 0 7200 7208
734 0 7196 0 1 7197
735 1 7275 0 0 7276
736 7285 0 3 0 7288
737 0 2 0 7300 7302
738 1 0 7322 0 7323
739 0 0 7280 2 7282
740 0 0 7267 0 7267
741 7250 1 2 0 7253
742 7263 1 2 0 7266
743 7225 0 0 0 7225
744 0 3 0 7174 7177
745 0 0 1 7187 7188
746 0 7177 0 0 7177
747 7147 0 2 0 7149
748 0 0 7037 1 7038
749 1 6961 0 1 6963
750 0 0 1 6839 6840
751 0 6827 0 1 6828
752 0 1 0 6913 6914
753 0 72 1 6865 6938
754 19 0 6840 1 6860
755 0 3 0 6696 6699
756 3 0 6756 1 6760
757 6706 0 1 0 6707
758 6638 0 5 0 6643
759 6 0 6666 1 6673
760 6651 0 0 0 6651
761 6606 0 0 1 6607
762 6620 0 0 1 6621
763 0 2 2 6584 6588
764 6568 0 0 1 6569
765 0 6 1 6561 6568
766 0 6540 0 0 6540
767 0 1 0 6580 6581
768 6508 0 0 0 6508
769 0 0 0 6478 6478
770 6474 1 0 0 6475
771 6413 0 6 0 6419
772 0 0 0 6363 6363
773 2 0 6313 0 6315
774 1 6236 0 5 6242
775 1 0 2 6151 6154
776 11 6220 0 7 6238
777 1 0 6209 2 6212
778 6062 0 32 1 6095
779 6011 0 1 0 6012
780 1 6049 0 28 6078
781 17 6031 0 0 6048
782 5992 0 19 0 6011
783 0 0 0 6003 6003
784 0 1 0 5940 5941
785 1 0 0 5814 5815
786 0 5838 0 1 5839
787 5811 0 0 0 5811
788 0 0 5720 0 5720
789 42 0 5519 1 5562
790 0 4 1 5379 5384
791 0 0 0 5431 5431
792 0 5437 0 2 5439
793 0 1 0 5518 5519
794 0 2 1 5489 5492
795 5287 0 1 0 5288
796 3 5212 0 0 5215
797 5191 0 1 0 5192
798 5068 0 3 0 5071
799 0 5 1 5058 5064
800 0 4 0 5015 5019
801 1 0 1 5000 5002
802 0 0 4898 1 4899
803 0 0 0 4810 4810
804 0 8 1 4704 4713
805 0 4627 0 1 4628
806 0 1 0 4706 4707
807 0 2 0 4674 4676
808 0 0 0 4666 4666
809 0 11 1 4647 4659
810 4555 0 0 0 4555
811 0 0 1 4472 4473
812 5 0 0 4313 4318
813 1 1 0 4296 4298
814 0 0 0 4254 4254
815 4241 0 1 1 4243
816 1 2 1 4141 4145
817 1 4180 0 1 4182
818 4160 0 0 0 4160
819 0 9 3987 0 3996
820 2 3921 2 0 3925
821 0 3 1 3798 3802
822 0 3827 0 0 3827
823 0 5 0 3713 3718
824 0 3788 0 1 3789
825 1 3840 0 0 3841
826 3803 0 0 0 3803
827 1 0 0 3749 3750
828 0 0 0 3725 3725
829 0 0 1 3720 3721
830 4 3716 0 14 3734
831 3675 0 0 0 3675
832 0 1 1 3658 3660
833 2 0 3571 0 3573
834 5 0 3498 0 3503
835 1 3494 0 0 3495
836 0 5 0 3515 3520
837 0 0 0 3519 3519
838 0 0 3372 0 3372
839 0 0 3416 0 3416
840 3316 0 1 0 3317
841 0 3297 0 6 3303
842 3286 0 0 0 3286
843 3336 0 0 0 3336
844 2 0 0 3310 3312
845 3297 0 0 0 3297
846 5 0 3185 0 3190
847 5 0 3242 0 3247
848 44 0 3178 0 3222
849 1 3152 0 1 3154
850 3186 0 14 0 3200
851 0 1 0 3218 3219
852 0 0 0 3256 3256
853 0 0 0 3269 3269
854 3 6 2967 12 2988
855 3020 0 2 0 3022
856 3093 4 1 0 3098
857 0 3 0 3088 3091
858 2 2937 0 0 2939
859 3021 0 2 3 3026
860 3085 0 0 0 3085
861 3087 0 1 0 3088
862 0 0 3 3047 3050
863 2976 0 1 0 2977
864 3007 0 0 0 3007
865 2985 0 0 0 2985
866 2957 0 0 0 2957
867 2920 0 6 0 2926
868 10 0 2770 0 2780
869 2780 0 0 0 2780
870 5 0 2773 0 2778
871 6 0 2791 0 2797
872 2785 0 0 0 2785
873 2830 0 1 0 2831
874 0 1 0 2761 2762
875 2813 0 0 0 2813
876 2825 0 0 0 2825
877 2784 0 0 0 2784
878 0 2711 0 2 2713
879 2554 0 0 0 2554
880 0 0 0 2520 2520
881 0 0 2521 0 2521
882 2525 0 0 0 2525
883 2557 0 0 0 2557
884 2559 0 1 1 2561
885 2548 0 0 0 2548
886 0 0 1 2465 2466
887 2409 0 0 0 2409
888 1 2402 0 0 2403
889 1 0 2402 2 2405
890 2384 0 0 0 2384
891 2441 0 1 0 2442
892 0 0 0 2368 2368
893 2411 0 0 0 2411
894 2437 0 0 0 2437
895 2435 0 0 0 2435
896 2416 0 0 0 2416
897 0 0 2221 0 2221
898 1 0 2260 1 2262
899 0 0 1 1944 1945
900 1 2157 0 0 2158
901 1 2241 0 0 2242
902 2258 0 0 0 2258
903 2288 0 0 0 2288
904 2268 0 0 0 2268
905 2 2206 0 4 2212
906 2225 0 0 0 2225
907 2244 0 1 0 2245
908 2252 0 0 0 2252
909 3 0 2110 1 2114
910 2147 0 0 0 2147
911 14 0 2089 2 2105
912 2183 0 1 0 2184
913 40 2056 0 0 2096
914 2179 0 0 0 2179
915 2198 0 0 0 2198
916 0 0 1 2121 2122
917 2168 0 7 0 2175
918 2162 0 0 0 2162
919 2127 0 2 0 2129
920 0 2064 0 10 2074
921 2087 0 1 1 2089
922 0 0 2000 0 2000
923 2038 0 0 0 2038
924 0 0 1990 2 1992
925 2040 0 0 0 2040
926 32 0 1974 0 2006
927 0 0 2044 0 2044
928 1 0 0 1720 1721
929 1994 0 2 0 1996
930 0 0 0 1957 1957
931 0 2022 0 0 2022
932 2054 0 0 0 2054
933 2071 0 0 0 2071
934 0 0 1 2019 2020
935 0 0 0 2022 2022
936 0 0 0 2027 2027
937 0 0 0 2030 2030
938 2 0 1916 4 1922
939 1903 0 0 0 1903
940 0 0 1871 0 1871
941 1840 0 1 0 1841
942 1 1821 1 0 1823
943 1832 0 0 0 1832
944 1 1800 0 1 1802
945 1851 0 0 0 1851
946 2 0 1806 0 1808
947 0 0 0 1799 1799
948 0 0 0 1796 1796
949 1762 0 0 0 1762
950 0 1719 0 0 1719
951 0 1737 0 0 1737
952 1723 0 0 0 1723
953 1720 0 0 0 1720
954 1706 0 0 0 1706
955 1687 0 0 0 1687
956 1671 0 0 0 1671
957 0 0 1579 0 1579
958 1522 0 1 0 1523
959 1510 0 0 0 1510
960 1490 0 0 0 1490
961 0 0 1 1365 1366
962 1 1402 0 0 1403
963 0 1425 0 0 1425
964 1437 0 0 0 1437
965 0 0 1393 0 1393
966 1 0 1357 3 1361
967 0 1336 0 1 1337
968 2 1369 0 0 1371
969 1380 0 1 0 1381
970 1383 0 0 0 1383
971 1391 0 0 0 1391
972 0 0 1375 0 1375
973 1390 0 0 0 1390
974 1353 0 0 0 1353
975 1354 0 0 0 1354
976 1 1344 0 4 1349
977 1342 0 0 0 1342
978 1338 0 0 0 1338
979 0 6 0 1254 1260
980 19 0 1226 0 1245
981 1247 0 0 0 1247
982 1248 0 2 1 1251
983 0 0 1184 1 1185
984 1 0 1177 0 1178
985 1188 0 0 0 1188
986 1208 0 0 0 1208
987 0 0 1111 0 1111
988 0 0 1 1105 1106
989 1 0 1120 0 1121
990 1 1147 1 1 1150
991 0 0 0 1133 1133
992 1 1144 0 0 1145
993 0 0 0 1129 1129
994 0 1143 0 5 1148
995 0 1 0 1151 1152
996 0 0 1139 0 1139
997 1128 0 0 0 1128
998 0 1124 0 0 1124
999 1122 0 0 0 1122
1000 1115 0 0 0 1115
1001 0 1095 0 0 1095
1002 1087 0 0 0 1087
1003 0 0 0 1071 1071
1004 0 0 1078 0 1078
1005 7 0 1072 0 1079
1006 1038 0 14 0 1052
1007 0 0 1047 0 1047
1008 3 0 1057 0 1060
1009 1 1 0 948 950
1010 1027 0 0 0 1027
1011 0 10 1 1001 1012
1012 0 0 0 1027 1027
1013 0 0 1022 0 1022
1014 1017 0 0 0 1017
1015 1013 0 3 0 1016
1016 1 0 0 993 994
1017 0 0 971 0 971
1018 974 0 4 0 978
1019 0 951 2 0 953
1020 0 961 0 4 965
1021 959 0 0 0 959
1022 3 968 0 0 971
1023 969 0 1 0 970
1024 1 0 0 973 974
1025 976 0 0 0 976
1026 972 0 0 0 972
1027 0 3 0 963 966
1028 950 0 34 0 984
1029 1041 0 0 1 1042
1030 0 0 0 1007 1007
1031 0 0 0 1021 1021
1032 0 0 1011 0 1011
1033 1008 0 0 0 1008
1034 2 0 994 0 996
1035 0 0 959 0 959
1036 0 0 969 0 969
1037 927 0 10 0 937
1038 0 927 0 0 927
1039 0 0 0 938 938
1040 0 0 0 943 943
1041 0 0 0 922 922
1042 0 918 0 0 918
1043 0 1 11 899 911
1044 1 0 909 0 910
1045 2 861 0 0 863
1046 0 831 0 2 833
1047 0 0 856 0 856
1048 837 0 0 0 837
1049 842 0 0 0 842
1050 0 0 835 0 835
1051 841 0 0 0 841
1052 0 0 856 0 856
1053 831 0 0 0 831
1054 0 0 0 850 850
1055 839 0 0 0 839
1056 840 0 0 0 840
1057 0 0 0 841 841
1058 848 0 0 0 848
1059 840 0 0 0 840
1060 834 0 0 0 834
1061 838 0 0 0 838
1062 840 0 0 0 840
1063 0 0 0 821 821
1064 0 0 828 0 828
1065 0 0 807 0 807
1066 0 0 817 0 817
1067 0 0 0 768 768
1068 2 0 790 0 792
1069 803 0 0 0 803
1070 802 0 0 0 802
1071 782 0 0 0 782
1072 1 796 1 0 798
1073 790 0 0 0 790
1074 0 0 800 0 800
1075 0 0 0 793 793
1076 0 0 0 794 794
1077 0 2 0 789 791
1078 0 0 0 788 788
1079 10 0 772 0 782
1080 0 0 775 0 775
1081 764 0 0 0 764
1082 28 0 740 0 768
1083 758 0 0 0 758
1084 0 0 0 759 759
1085 758 3 4 0 765
1086 0 0 767 0 767
1087 745 0 0 0 745
1088 752 0 0 0 752
1089 18 0 707 0 725
1090 746 0 0 0 746
1091 736 0 0 0 736
1092 1 0 0 706 707
1093 0 0 0 730 730
1094 13 0 718 0 731
1095 0 721 0 0 721
1096 728 0 0 1 729
1097 0 0 0 712 712
1098 0 0 0 724 724
1099 720 0 0 0 720
1100 728 0 0 0 728
1101 732 0 0 0 732
1102 0 0 0 718 718
1103 0 0 0 711 711
1104 0 710 0 3 713
1105 730 0 0 0 730
1106 724 0 0 0 724
1107 0 0 0 705 705
1108 0 0 0 693 693
1109 0 1 0 709 710
1110 0 0 0 703 703
1111 708 0 0 0 708
1112 0 697 0 0 697
1113 0 12 0 670 682
1114 0 0 679 0 679
1115 0 0 0 668 668
1116 675 0 0 0 675
1117 0 10 0 645 655
1118 0 1 0 670 671
1119 1 0 0 676 677
1120 1 668 0 0 669
1121 0 3 0 673 676
1122 0 0 0 678 678
1123 658 0 0 0 658
1124 0 639 0 0 639
1125 0 0 0 651 651
1126 651 0 0 0 651
1127 0 0 1 636 637
1128 0 0 623 0 623
1129 0 599 0 0 599
1130 616 0 0 0 616
1131 0 0 0 596 596
1132 0 2 0 619 621
1133 0 0 0 586 586
1134 584 0 0 0 584
1135 557 0 0 0 557
1136 0 0 545 0 545
1137 0 510 0 1 511
1138 507 0 0 0 507
1139 500 0 0 0 500
1140 502 0 0 0 502
1141 0 0 0 482 482
1142 0 0 0 462 462
1143 0 0 452 0 452
1144 1 0 0 441 442
1145 450 0 0 0 450
1146 434 0 0 0 434
1147 0 0 0 414 414
1148 0 423 0 0 423
1149 429 0 1 0 430
1150 418 0 1 0 419
1151 3 0 0 425 428
1152 3 0 417 0 420
1153 0 2 0 416 418
1154 0 412 0 0 412
1155 387 0 0 15 402
1156 0 0 395 0 395
1157 0 319 0 0 319
1158 327 0 0 0 327
1159 317 0 0 0 317
1160 303 0 0 0 303
1161 0 0 0 302 302
1162 299 0 0 0 299
1163 292 0 0 0 292
1164 283 0 0 0 283
1165 0 288 0 0 288
1166 0 1 0 233 234
1167 0 0 229 0 229
1168 0 0 222 0 222
1169 216 0 0 0 216
1170 224 0 0 0 224
1171 193 0 0 0 193
1172 189 0 0 0 189
1173 181 0 0 0 181
1174 0 0 173 0 173
1175 0 0 0 85 85
1176 0 0 76 0 76
1177 0 77 0 0 77
1178 1 0 78 0 79
1179 0 0 0 74 74
1180 0 0 0 69 69
1181 0 0 71 0 71
1182 0 0 0 70 70
1183 0 0 0 71 71
1184 0 0 0 66 66
1185 0 64 0 0 64
1186 0 0 0 63 63
1187 17 0 0 0 17
1188 0 17 0 0 17
1189 0 0 0 0 0
1190 0 0 0 0 0
