0 0 0 0 0 0
1 29 0 0 0 29
2 0 0 29 0 29
3 0 27 0 0 27
4 29 0 0 2 31
5 0 0 29 0 29
6 30 0 0 0 30
7 37 0 0 0 37
8 0 0 36 0 36
9 0 46 0 0 46
10 48 2 4 11 65
11 0 76 0 0 76
12 0 0 115 0 115
13 0 125 0 0 125
14 127 0 2 0 129
15 0 190 0 0 190
16 0 0 0 203 203
17 0 0 0 206 206
18 0 0 0 232 232
19 0 262 0 0 262
20 0 0 0 357 357
21 0 0 0 373 373
22 380 0 0 0 380
23 395 0 0 0 395
24 391 0 1 0 392
25 384 0 1 0 385
26 0 1 0 398 399
27 0 2 406 0 408
28 0 0 0 413 413
29 0 440 0 1 441
30 0 0 446 0 446
31 0 479 0 0 479
32 0 0 0 477 477
33 0 0 507 0 507
34 0 0 0 506 506
35 0 0 0 537 537
36 0 0 0 555 555
37 0 0 572 0 572
38 4 0 559 0 563
39 559 0 0 0 559
40 0 0 582 0 582
41 584 3 4 1 592
42 0 636 0 0 636
43 642 0 0 0 642
44 0 695 0 0 695
45 686 0 0 0 686
46 711 0 0 0 711
47 0 0 0 720 720
48 0 0 0 759 759
49 1 0 778 3 782
50 0 781 0 1 782
51 0 806 0 0 806
52 0 0 0 808 808
53 798 0 1 1 800
54 0 850 0 0 850
55 0 3 0 869 872
56 0 1 0 877 878
57 0 0 884 0 884
58 1 906 0 0 907
59 0 0 0 915 915
60 0 0 0 914 914
61 1 0 0 913 914
62 0 923 0 0 923
63 926 0 0 0 926
64 0 0 0 932 932
65 0 0 0 943 943
66 0 0 925 0 925
67 906 0 1 2 909
68 0 928 0 0 928
69 931 0 0 0 931
70 0 0 937 0 937
71 908 0 0 0 908
72 907 0 0 0 907
73 0 0 941 0 941
74 895 0 0 1 896
75 1 0 0 938 939
76 0 0 961 0 961
77 4 0 946 0 950
78 972 0 3 0 975
79 0 0 990 0 990
80 995 0 0 0 995
81 999 0 0 0 999
82 0 0 1040 0 1040
83 0 0 1071 0 1071
84 0 1109 0 0 1109
85 1130 0 0 0 1130
86 1132 0 0 0 1132
87 1148 0 0 0 1148
88 1 0 1150 0 1151
89 0 1163 0 1 1164
90 1178 0 0 0 1178
91 3 0 1173 0 1176
92 1170 1 0 0 1171
93 1165 0 0 0 1165
94 0 1173 0 0 1173
95 0 0 0 1180 1180
96 1172 0 0 7 1179
97 1 0 1180 0 1181
98 2 1179 0 3 1184
99 1189 0 0 3 1192
100 0 0 1214 0 1214
101 1219 0 0 0 1219
102 1219 0 0 0 1219
103 1236 0 1 0 1237
104 1220 0 0 0 1220
105 455 0 796 0 1251
106 0 3 0 1248 1251
107 0 1 0 1267 1268
108 1255 0 0 0 1255
109 0 1267 0 0 1267
110 1241 0 0 4 1245
111 1 1284 0 0 1285
112 0 0 0 1266 1266
113 0 0 1300 0 1300
114 0 0 0 1270 1270
115 0 1 0 1286 1287
116 0 0 1298 0 1298
117 0 0 1274 0 1274
118 0 0 0 1230 1230
119 2 0 0 1279 1281
120 0 0 0 1298 1298
121 0 0 1298 0 1298
122 0 0 1295 0 1295
123 0 1 0 1240 1241
124 0 0 1314 3 1317
125 0 0 1313 0 1313
126 3 0 1322 0 1325
127 1360 0 0 1 1361
128 1922 0 0 0 1922
129 1977 0 0 0 1977
130 0 0 2030 0 2030
131 2054 0 1 1 2056
132 2674 0 0 0 2674
133 0 0 0 2835 2835
134 0 4 0 2870 2874
135 0 3 0 2882 2885
136 0 0 2871 0 2871
137 2883 0 0 0 2883
138 1 3157 0 2 3160
139 0 3596 0 0 3596
140 0 0 0 3650 3650
141 3674 1 0 0 3675
142 0 0 3617 0 3617
143 3691 0 0 2 3693
144 1 3612 0 171 3784
145 0 0 0 3795 3795
146 3 3826 0 2 3831
147 3852 0 0 0 3852
148 3 0 3846 0 3849
149 0 3821 0 0 3821
150 0 3867 0 0 3867
151 1 0 0 3870 3871
152 0 0 0 3881 3881
153 0 0 3872 0 3872
154 4 0 3830 0 3834
155 3873 0 0 0 3873
156 3860 0 2 1 3863
157 0 0 0 3879 3879
158 1 0 3884 3 3888
159 1 0 3847 0 3848
160 3769 1 5 0 3775
161 0 0 0 3881 3881
162 3868 0 1 0 3869
163 3879 0 0 0 3879
164 3872 1 0 1 3874
165 3850 1 0 0 3851
166 3860 0 1 0 3861
167 3852 10 1 1 3864
168 1 3902 0 1 3904
169 3930 1 0 0 3931
170 3921 0 0 0 3921
171 3926 0 1 0 3927
172 3899 0 3 0 3902
173 0 0 3860 1 3861
174 3858 1 4 1 3864
175 0 1 145 3742 3888
176 1 0 3887 1 3889
177 0 3900 0 0 3900
178 0 0 0 3928 3928
179 0 0 0 3956 3956
180 3950 1 0 0 3951
181 3946 1 0 0 3947
182 18 3958 0 0 3976
183 0 1 0 3980 3981
184 0 6 3967 1 3974
185 4001 0 0 0 4001
186 0 0 0 3954 3954
187 2490 0 1498 1 3989
188 2 1 0 3983 3986
189 3966 0 0 0 3966
190 0 3999 0 3 4002
191 4004 0 1 0 4005
192 3931 0 0 0 3931
193 3886 1 1 0 3888
194 3897 1 0 1 3899
195 3945 1 2 1 3949
196 0 0 3877 1 3878
197 0 3880 0 1 3881
198 3907 1 3 0 3911
199 0 3921 0 6 3927
200 0 1 0 3937 3938
201 3920 0 1 0 3921
202 3891 1 0 0 3892
203 0 0 0 3914 3914
204 0 6 0 3923 3929
205 1 1 3827 6 3835
206 0 0 3745 0 3745
207 0 14 0 3628 3642
208 0 0 3733 0 3733
209 0 3727 0 4 3731
210 0 3878 0 3 3881
211 1 0 0 3919 3920
212 0 3977 0 0 3977
213 0 0 0 3972 3972
214 4049 0 0 1 4050
215 0 0 0 4024 4024
216 4066 0 0 0 4066
217 0 1 0 4083 4084
218 0 0 4126 0 4126
219 0 4167 0 1 4168
220 0 0 0 4196 4196
221 0 1 0 4326 4327
222 0 1 1 4357 4359
223 0 0 0 4433 4433
224 1 0 0 4445 4446
225 4443 1 0 0 4444
226 4410 1 0 0 4411
227 4386 0 0 0 4386
228 4377 0 1 0 4378
229 2 4389 0 0 4391
230 0 4311 0 0 4311
231 1 4349 0 1 4351
232 4402 0 1 0 4403
233 4392 0 0 0 4392
234 4356 0 0 0 4356
235 5 0 4273 0 4278
236 4304 0 1 1 4306
237 0 4287 0 0 4287
238 3 4295 0 1 4299
239 4343 0 1 1 4345
240 4 0 4340 1 4345
241 0 0 4301 0 4301
242 4254 1 1 0 4256
243 4334 1 0 0 4335
244 4362 1 3 0 4366
245 3 0 4352 0 4355
246 4308 0 3 1 4312
247 4390 1 1 0 4392
248 4367 1 0 0 4368
249 4391 0 0 0 4391
250 4390 0 2 0 4392
251 0 0 4377 0 4377
252 4367 0 19 0 4386
253 4415 0 0 1 4416
254 0 1 4417 0 4418
255 4393 0 0 0 4393
256 0 0 0 4428 4428
257 0 0 0 4448 4448
258 0 4424 0 0 4424
259 4479 0 2 1 4482
260 0 0 1 4474 4475
261 0 4498 0 1 4499
262 4517 1 0 0 4518
263 0 4526 0 0 4526
264 4505 0 2 0 4507
265 6 0 4395 0 4401
266 4396 12 0 1 4409
267 6 0 4410 0 4416
268 1 4380 0 0 4381
269 1 4404 1 0 4406
270 1 4473 0 1 4475
271 0 1 0 4527 4528
272 0 0 0 4525 4525
273 4515 0 0 2 4517
274 0 0 0 4485 4485
275 1 4514 0 0 4515
276 4537 0 1 1 4539
277 0 0 4541 0 4541
278 2 0 4442 1 4445
279 4427 0 2 1 4430
280 4484 0 0 0 4484
281 1 3 0 4499 4503
282 3 0 4510 0 4513
283 2 0 4486 1 4489
284 1 0 4455 0 4456
285 4499 0 0 0 4499
286 4607 0 1 0 4608
287 0 4592 0 1 4593
288 4655 0 0 0 4655
289 4664 0 0 0 4664
290 0 4676 0 2 4678
291 4743 0 0 1 4744
292 9 1 4560 0 4570
293 0 4616 0 5 4621
294 4713 0 0 0 4713
295 4777 0 0 0 4777
296 7 4759 0 0 4766
297 5027 4 0 0 5031
298 5000 0 0 0 5000
299 5048 6 0 0 5054
300 5067 0 1 0 5068
301 5102 0 0 0 5102
302 5117 0 2 1 5120
303 2 0 5122 0 5124
304 5131 0 0 1 5132
305 5151 0 1 0 5152
306 5186 0 1 0 5187
307 0 0 5034 0 5034
308 0 0 4957 0 4957
309 1 5086 0 1 5088
310 1 5188 0 1 5190
311 3 1 1 5135 5140
312 2 0 5177 0 5179
313 5142 0 0 1 5143
314 0 0 0 5266 5266
315 0 0 0 5282 5282
316 0 5272 0 8 5280
317 0 0 0 5310 5310
318 2 1 5252 6 5261
319 3 0 5177 1 5181
320 1 5194 1 3 5199
321 0 1 1 5372 5374
322 2 0 5381 1 5384
323 5245 0 1 1 5247
324 0 0 5363 10 5373
325 5360 0 6 0 5366
326 0 0 5686 0 5686
327 5741 0 7 0 5748
328 5909 0 0 0 5909
329 5925 0 1 0 5926
330 5937 0 0 0 5937
331 5923 0 1 0 5924
332 0 0 3 5928 5931
333 4 0 5819 0 5823
334 5876 0 8 0 5884
335 1 0 5947 0 5948
336 6008 0 0 0 6008
337 6047 0 2 0 6049
338 0 0 5991 0 5991
339 5975 0 0 0 5975
340 0 0 0 5935 5935
341 11 0 5914 0 5925
342 2 1 0 5539 5542
343 3 0 5838 1 5842
344 1 3 0 5852 5856
345 3 0 5955 0 5958
346 6227 0 1 0 6228
347 6 0 6174 9 6189
348 0 6360 0 1 6361
349 3 2 0 6411 6416
350 4 0 0 6470 6474
351 0 0 1 6544 6545
352 1 6588 0 2 6591
353 6646 0 1 0 6647
354 0 0 0 6672 6672
355 4 0 6647 0 6651
356 6719 1 0 1 6721
357 6687 1 5 0 6693
358 4 0 6609 0 6613
359 3 6595 0 1 6599
360 6668 0 0 0 6668
361 0 3 7 6714 6724
362 0 1 2 6754 6757
363 0 2 0 6798 6800
364 2 0 6743 0 6745
365 6702 0 3 0 6705
366 6738 0 3 0 6741
367 6759 0 1 0 6760
368 0 0 0 6797 6797
369 6788 0 0 0 6788
370 3 0 6595 1 6599
371 2 6656 0 2 6660
372 6824 0 1 1 6826
373 14 0 6662 0 6676
374 6777 0 0 0 6777
375 6757 1 3 0 6761
376 6 0 6493 1 6500
377 3 0 6167 0 6170
378 1 6380 0 5 6386
379 2 6468 0 3 6473
380 6642 1 1 0 6644
381 0 0 1 6737 6738
382 10 0 6526 0 6536
383 6732 0 0 0 6732
384 6670 1 15 0 6686
385 6658 0 0 0 6658
386 23 0 6511 0 6534
387 3 6522 0 0 6525
388 0 0 1 6502 6503
389 0 6491 0 1 6492
390 6575 0 19 0 6594
391 4 0 6385 1 6390
392 0 6160 0 4 6164
393 1 0 6541 0 6542
394 1 6468 1 13 6483
395 2 1 0 6718 6721
396 6648 5 16 1 6670
397 0 6746 0 34 6780
398 0 0 0 6843 6843
399 6871 2 2 0 6875
400 0 0 0 6848 6848
401 6837 0 1 0 6838
402 1 6882 0 3 6886
403 1 0 0 6860 6861
404 13 0 6827 0 6840
405 0 0 0 6823 6823
406 0 6911 0 3 6914
407 1 2 0 6839 6842
408 3 7003 1 0 7007
409 7062 0 2 0 7064
410 1 3 1 7166 7171
411 1 0 7153 0 7154
412 6 0 7175 0 7181
413 1 0 0 7142 7143
414 3 7134 54 1 7192
415 7286 0 0 0 7286
416 0 1 1 7355 7357
417 9 0 7335 0 7344
418 2 1 0 7274 7277
419 7163 0 2 3 7168
420 0 7576 0 0 7576
421 0 7686 0 0 7686
422 0 9 0 7783 7792
423 39 0 7698 0 7737
424 7577 0 2 1 7580
425 7653 0 0 0 7653
426 0 1 0 7635 7636
427 4 7643 0 0 7647
428 1 7842 0 0 7843
429 0 6 2 7933 7941
430 2 0 7969 0 7971
431 1 0 8001 0 8002
432 8200 11 17 2 8230
433 8367 0 9 0 8376
434 8383 0 2 0 8385
435 0 1 0 8354 8355
436 0 1 0 8499 8500
437 8581 0 0 0 8581
438 0 3 0 8548 8551
439 0 3 1 8459 8463
440 0 8562 0 1 8563
441 8647 1 0 0 8648
442 8592 0 0 0 8592
443 0 1 1 8572 8574
444 11 0 8578 0 8589
445 1 8570 0 2 8573
446 8690 0 0 2 8692
447 8563 1 0 0 8564
448 4 0 8602 1 8607
449 0 1 0 8441 8442
450 8587 1 0 0 8588
451 8562 1 0 0 8563
452 8529 0 1 0 8530
453 8429 1 2 0 8432
454 0 8655 0 3 8658
455 0 0 0 8652 8652
456 8633 1 36 0 8670
457 16 1 8643 0 8660
458 1 0 8524 0 8525
459 8618 0 0 0 8618
460 8575 8 10 14 8607
461 2 8604 0 1 8607
462 4 0 8504 0 8508
463 3 8501 0 0 8504
464 0 5 1 8445 8451
465 9 8550 2 0 8561
466 0 0 1 8575 8576
467 0 22 8536 0 8558
468 1 3 1 8417 8422
469 1 0 8450 1 8452
470 1 8499 0 14 8514
471 0 0 3 8502 8505
472 0 0 2 8533 8535
473 0 0 1 8641 8642
474 8645 0 0 0 8645
475 2 1 1 8527 8531
476 11 0 8529 0 8540
477 0 8500 0 30 8530
478 3 0 8557 0 8560
479 8463 0 2 0 8465
480 1 0 8509 0 8510
481 8514 0 3 0 8517
482 8489 0 1 0 8490
483 8423 1 0 0 8424
484 0 8544 0 1 8545
485 8552 0 1 0 8553
486 8491 0 0 0 8491
487 4 0 8435 0 8439
488 2 8397 0 1 8400
489 8448 1 1 1 8451
490 0 1 1 8343 8345
491 2 8377 0 0 8379
492 8274 0 2 0 8276
493 0 8406 0 1 8407
494 8424 0 0 0 8424
495 1 1 0 8301 8303
496 1 0 0 8149 8150
497 2 8263 0 2 8267
498 8227 0 1 0 8228
499 1 8282 1 3 8287
500 8256 1 2 1 8260
501 4 8332 0 1 8337
502 8332 0 3 1 8336
503 5 0 8123 0 8128
504 5 0 7891 0 7896
505 3 0 7961 1 7965
506 0 8042 7 2 8051
507 1 1 0 8055 8057
508 1 8093 0 1 8095
509 8325 0 1 1 8327
510 2 1 3 8239 8245
511 8275 0 1 0 8276
512 6 0 8181 0 8187
513 1 8122 1 0 8124
514 8168 0 3 1 8172
515 0 0 8106 0 8106
516 7997 0 0 1 7998
517 1 0 7969 0 7970
518 0 7951 1 0 7952
519 8067 0 2 1 8070
520 1 0 8029 0 8030
521 1 7930 0 1 7932
522 1 0 7308 672 7981
523 7940 0 1 0 7941
524 5 0 7931 0 7936
525 7898 0 0 0 7898
526 0 1 1 7860 7862
527 2 7967 0 0 7969
528 0 1 2 7841 7844
529 1 3 1 7791 7796
530 1 7857 0 0 7858
531 7882 12 0 0 7894
532 9 0 7748 0 7757
533 2 1 0 7498 7501
534 0 0 7519 0 7519
535 5 7480 1 0 7486
536 1 7606 0 1 7608
537 1 2 0 7653 7656
538 0 0 7647 0 7647
539 1 0 7179 351 7531
540 7447 0 13 0 7460
541 0 0 7508 0 7508
542 2 1 1 7329 7333
543 7 0 7430 1 7438
544 7406 0 1 0 7407
545 5 0 7459 0 7464
546 7410 0 0 0 7410
547 7 7291 0 11 7309
548 1 0 7335 0 7336
549 7258 0 0 0 7258
550 0 0 7341 4 7345
551 7262 0 0 7 7269
552 7227 0 0 0 7227
553 7214 0 1 0 7215
554 0 0 1 7186 7187
555 12 0 7143 0 7155
556 1 7129 0 1 7131
557 7169 0 2 9 7180
558 0 0 7165 0 7165
559 7041 0 3 0 7044
560 0 2 1 6993 6996
561 1 0 7012 1 7014
562 2 3 6981 0 6986
563 0 1 0 6792 6793
564 4 6947 0 0 6951
565 0 0 1 6916 6917
566 0 7004 0 1 7005
567 7040 0 1 12 7053
568 1 1 6948 11 6961
569 0 6904 0 0 6904
570 1 0 1 7014 7016
571 7009 0 1 1 7011
572 0 0 1 6984 6985
573 0 0 6926 0 6926
574 6865 0 1 1 6867
575 6851 0 0 0 6851
576 9 6682 0 3 6694
577 6774 0 3 0 6777
578 0 6809 0 5 6814
579 6826 0 0 0 6826
580 7 1 6785 0 6793
581 0 6758 0 1 6759
582 6792 0 1 0 6793
583 6782 1 2 0 6785
584 6759 0 0 1 6760
585 6719 0 2 0 6721
586 6690 0 2 0 6692
587 2 6688 0 0 6690
588 6699 0 0 0 6699
589 6595 0 0 2 6597
590 0 0 0 6535 6535
591 13 0 6523 0 6536
592 6418 1 3 0 6422
593 6370 0 0 0 6370
594 0 1 0 6371 6372
595 2 0 6390 0 6392
596 12 0 6330 1 6343
597 6217 0 0 0 6217
598 6250 0 3 4 6257
599 0 0 1 6249 6250
600 37 0 6229 0 6266
601 4 0 6258 0 6262
602 4 0 6207 0 6211
603 5719 0 500 0 6219
604 6211 0 0 0 6211
605 6173 0 5 0 6178
606 6111 0 1 1 6113
607 4 0 6140 0 6144
608 1 0 6028 0 6029
609 6013 0 4 0 6017
610 6 0 6056 2 6064
611 6117 0 0 0 6117
612 6089 0 0 0 6089
613 0 0 6064 0 6064
614 5990 0 0 0 5990
615 1 4025 0 1968 5994
616 10 3 5977 0 5990
617 0 3 1 5815 5819
618 1 5921 0 1 5923
619 0 6046 0 3 6049
620 6057 0 126 0 6183
621 6144 1 0 4 6149
622 6102 0 0 0 6102
623 6076 0 1 0 6077
624 6 0 6027 0 6033
625 0 6051 0 0 6051
626 0 8 1 6099 6108
627 1 0 6099 0 6100
628 0 0 5979 0 5979
629 0 6079 0 1 6080
630 6199 1 2 0 6202
631 13 0 6200 0 6213
632 6230 0 1 0 6231
633 6232 0 0 0 6232
634 0 0 6095 0 6095
635 6155 0 0 0 6155
636 254 0 5847 0 6101
637 0 0 0 5785 5785
638 0 7 0 6015 6022
639 5 1 6111 0 6117
640 4 6077 0 2 6083
641 6176 0 0 0 6176
642 6204 0 0 0 6204
643 6233 0 3 0 6236
644 1 0 6216 0 6217
645 2 6147 0 0 6149
646 6255 0 3 0 6258
647 6234 0 0 0 6234
648 0 6182 0 0 6182
649 6231 0 1 0 6232
650 0 0 0 6157 6157
651 0 0 0 6224 6224
652 0 0 6210 0 6210
653 0 0 6114 0 6114
654 6096 0 1 0 6097
655 18 0 6091 0 6109
656 1 1 0 5786 5788
657 0 0 5923 0 5923
658 8 5910 0 1 5919
659 0 0 0 6042 6042
660 1 0 6022 0 6023
661 5841 0 0 0 5841
662 14 0 5930 1 5945
663 5910 0 5 0 5915
664 0 0 0 5852 5852
665 5 5828 0 0 5833
666 0 1 0 5840 5841
667 0 5835 0 1 5836
668 0 1 1 5869 5871
669 0 0 0 5860 5860
670 0 0 5875 0 5875
671 14 0 5737 0 5751
672 1727 0 4044 0 5771
673 2 0 5817 0 5819
674 3 5708 0 0 5711
675 5851 0 2 0 5853
676 5827 0 1 0 5828
677 0 0 5868 0 5868
678 0 0 0 5641 5641
679 0 5753 0 0 5753
680 5832 2 0 0 5834
681 5838 0 2 0 5840
682 5836 0 0 0 5836
683 5827 0 3 2 5832
684 0 0 5801 0 5801
685 5681 0 0 0 5681
686 5659 0 3 0 5662
687 0 14 0 5662 5676
688 0 0 5714 0 5714
689 1 0 5677 1 5679
690 0 1 5690 0 5691
691 0 0 5703 0 5703
692 5593 0 1 0 5594
693 5663 0 3 0 5666
694 5 0 5662 0 5667
695 2 0 5642 1 5645
696 7 0 5635 0 5642
697 5525 0 0 0 5525
698 0 0 1 5470 5471
699 0 1 1 5550 5552
700 1 0 5479 0 5480
701 0 5420 0 5 5425
702 5488 0 1 1 5490
703 5495 0 1 0 5496
704 5438 0 2 1 5441
705 7 0 5482 0 5489
706 0 0 5440 0 5440
707 5348 0 0 1 5349
708 0 5 1 5392 5398
709 17 0 5397 0 5414
710 3 2 2 5359 5366
711 5396 0 1 0 5397
712 5362 3 0 1 5366
713 0 1 0 5437 5438
714 0 0 5435 0 5435
715 6 0 5388 0 5394
716 5378 0 0 1 5379
717 5380 3 0 0 5383
718 0 0 5371 0 5371
719 0 6 0 5265 5271
720 0 1 5335 0 5336
721 1 5338 4 12 5355
722 0 0 1 5458 5459
723 5419 6 1 0 5426
724 5443 0 0 0 5443
725 5422 0 2 0 5424
726 2 0 5374 0 5376
727 1 5338 0 0 5339
728 5388 1 0 0 5389
729 1 0 5338 0 5339
730 5270 0 2 0 5272
731 0 0 5268 0 5268
732 2 5142 0 3 5147
733 1 0 0 5127 5128
734 0 5085 0 0 5085
735 1 5136 0 3 5140
736 5158 1 0 0 5159
737 0 0 1 5162 5163
738 1 0 5135 2 5138
739 0 0 5100 0 5100
740 6 0 5082 1 5089
741 5091 0 1 0 5092
742 5110 0 2 0 5112
743 5087 0 0 0 5087
744 0 0 0 5040 5040
745 0 0 0 5061 5061
746 0 5022 1 6 5029
747 5012 0 1 0 5013
748 0 1 4948 0 4949
749 0 4833 0 3 4836
750 0 0 0 4780 4780
751 0 4768 0 1 4769
752 0 0 0 4793 4793
753 0 17 0 4788 4805
754 1 0 4778 0 4779
755 1 2 0 4683 4686
756 2 1 4698 2 4703
757 4671 0 0 0 4671
758 4628 0 2 0 4630
759 3 0 4635 27 4665
760 4617 0 1 0 4618
761 4615 0 0 0 4615
762 4611 0 1 0 4612
763 0 12 1 4570 4583
764 4579 0 1 0 4580
765 1 1 1 4569 4572
766 0 4543 0 0 4543
767 0 0 0 4582 4582
768 4514 0 28 0 4542
769 1 0 0 4501 4502
770 4504 0 6 0 4510
771 4455 0 0 0 4455
772 0 0 0 4407 4407
773 0 0 4361 0 4361
774 1 4267 0 57 4325
775 0 0 1 4215 4216
776 0 4291 0 3 4294
777 0 0 4244 0 4244
778 4189 0 1 0 4190
779 4119 0 1 0 4120
780 0 4182 0 2 4184
781 0 4141 0 0 4141
782 4160 0 2 0 4162
783 0 0 0 4127 4127
784 0 0 0 4130 4130
785 0 0 0 4049 4049
786 0 4044 0 7 4051
787 4052 0 2 0 4054
788 0 0 3969 0 3969
789 42 0 3816 0 3858
790 0 0 0 3740 3740
791 0 0 0 3759 3759
792 6 3735 0 0 3741
793 0 0 0 3798 3798
794 0 0 1 3764 3765
795 3655 0 0 0 3655
796 0 3621 0 0 3621
797 3609 0 1 0 3610
798 3525 1 0 0 3526
799 0 0 0 3466 3466
800 0 0 0 3455 3455
801 0 0 0 3446 3446
802 5 0 3378 5 3388
803 0 0 0 3345 3345
804 0 12 1 3254 3267
805 0 3210 0 0 3210
806 0 0 0 3248 3248
807 0 0 0 3221 3221
808 0 1 0 3214 3215
809 0 0 0 3214 3214
810 3160 0 0 0 3160
811 0 0 0 3120 3120
812 0 0 0 3046 3046
813 0 3 0 3039 3042
814 0 1 0 3031 3032
815 3019 0 0 0 3019
816 0 0 0 2945 2945
817 0 2975 0 0 2975
818 2952 0 0 0 2952
819 0 0 2858 0 2858
820 0 2795 0 2 2797
821 0 5 1 2740 2746
822 0 2768 0 4 2772
823 0 0 0 2710 2710
824 54 2674 0 1 2729
825 0 2739 0 1 2740
826 2753 0 0 0 2753
827 0 0 0 2690 2690
828 0 0 0 2648 2648
829 0 0 0 2627 2627
830 25 2612 0 2 2639
831 2624 0 0 0 2624
832 0 0 0 2598 2598
833 16 0 2540 0 2556
834 0 0 2484 0 2484
835 0 2509 0 4 2513
836 0 0 0 2533 2533
837 0 0 1 2530 2531
838 0 1 2436 0 2437
839 0 0 2409 1 2410
840 2356 0 2 0 2358
841 0 2358 0 0 2358
842 2379 1 0 0 2380
843 2411 0 0 0 2411
844 0 0 0 2413 2413
845 2389 5 0 0 2394
846 8 0 2279 0 2287
847 0 0 2343 0 2343
848 6 0 2333 1 2340
849 0 2346 0 2 2348
850 2353 0 0 0 2353
851 1 0 0 2369 2370
852 0 37 0 2351 2388
853 0 0 2 2408 2410
854 0 1 2182 1 2184
855 2142 0 0 0 2142
856 2213 9 0 1 2223
857 0 0 0 2239 2239
858 3 2123 0 0 2126
859 2148 0 1 0 2149
860 2199 0 1 0 2200
861 2196 0 0 0 2196
862 0 0 1 2156 2157
863 2097 0 0 0 2097
864 2138 0 0 0 2138
865 2130 0 0 0 2130
866 2132 0 1 0 2133
867 2105 0 0 0 2105
868 0 0 1972 0 1972
869 1990 0 1 0 1991
870 0 0 2000 0 2000
871 0 0 2037 0 2037
872 2030 0 0 0 2030
873 2058 0 0 0 2058
874 2 0 0 2004 2006
875 2043 0 0 0 2043
876 2041 0 0 0 2041
877 2022 0 0 0 2022
878 3 1968 0 0 1971
879 1904 0 0 0 1904
880 1 0 0 1875 1876
881 0 0 1875 0 1875
882 1872 1 1 0 1874
883 1892 0 0 1 1893
884 1917 0 0 0 1917
885 1897 0 0 0 1897
886 0 0 0 1851 1851
887 1840 0 1 0 1841
888 0 1806 0 0 1806
889 11 0 1807 0 1818
890 1782 0 0 0 1782
891 1825 0 0 0 1825
892 0 0 0 1763 1763
893 1798 0 1 0 1799
894 1815 0 0 0 1815
895 1810 0 0 0 1810
896 1794 0 0 0 1794
897 0 0 1661 0 1661
898 0 0 1661 0 1661
899 0 0 0 1448 1448
900 0 1591 0 1 1592
901 0 1641 0 0 1641
902 1644 0 0 0 1644
903 1626 0 0 0 1626
904 1631 0 0 0 1631
905 0 1596 0 0 1596
906 1589 0 0 0 1589
907 1616 0 0 0 1616
908 1616 0 0 0 1616
909 0 0 1512 0 1512
910 1560 1 1 0 1562
911 4 0 1503 0 1507
912 1541 0 0 1 1542
913 1 1499 0 6 1506
914 1578 0 0 0 1578
915 1601 0 3 0 1604
916 0 0 1 1537 1538
917 1593 0 0 0 1593
918 1596 0 0 0 1596
919 1579 0 0 0 1579
920 0 1500 0 1 1501
921 1539 0 0 0 1539
922 3 0 1470 0 1473
923 1502 0 0 0 1502
924 0 0 1469 0 1469
925 1509 0 0 0 1509
926 6 0 1469 0 1475
927 1 1 1478 0 1480
928 0 0 0 1309 1309
929 1462 0 0 0 1462
930 0 0 0 1431 1431
931 0 1470 0 6 1476
932 1493 0 0 0 1493
933 1486 0 0 0 1486
934 0 0 0 1480 1480
935 0 0 0 1495 1495
936 0 0 0 1486 1486
937 0 0 0 1518 1518
938 10 0 1421 0 1431
939 1450 0 0 0 1450
940 3 0 1436 0 1439
941 1472 0 0 0 1472
942 9 1431 0 1 1441
943 1429 0 0 0 1429
944 1 1428 0 0 1429
945 1440 0 0 0 1440
946 0 0 1407 0 1407
947 0 0 0 1387 1387
948 0 0 0 1395 1395
949 1398 0 0 0 1398
950 0 1373 0 0 1373
951 0 1400 0 2 1402
952 1392 0 0 0 1392
953 1379 0 1 0 1380
954 1367 0 0 0 1367
955 1377 0 0 0 1377
956 1374 0 1 0 1375
957 0 0 1289 0 1289
958 1251 0 0 0 1251
959 1284 0 0 0 1284
960 1281 0 0 0 1281
961 6 1 0 1184 1191
962 0 1221 0 0 1221
963 0 1231 0 0 1231
964 1232 0 0 0 1232
965 2 0 1166 0 1168
966 0 0 1138 0 1138
967 0 1121 0 1 1122
968 76 1096 0 0 1172
969 1166 0 1 0 1167
970 1182 0 0 0 1182
971 1207 0 0 0 1207
972 2 0 1166 0 1168
973 1167 0 0 0 1167
974 1171 0 0 0 1171
975 1170 0 0 0 1170
976 1 1159 0 0 1160
977 1156 0 0 0 1156
978 1155 0 0 0 1155
979 0 8 0 1029 1037
980 2 0 1019 0 1021
981 1041 0 0 0 1041
982 1048 0 0 1 1049
983 0 0 1020 0 1020
984 0 0 1017 0 1017
985 1033 0 7 0 1040
986 1035 0 0 0 1035
987 3 0 956 0 959
988 0 0 0 920 920
989 67 0 913 0 980
990 0 983 0 0 983
991 0 0 0 1005 1005
992 0 990 0 0 990
993 0 0 0 985 985
994 0 992 0 0 992
995 0 0 0 998 998
996 0 0 979 0 979
997 981 0 0 0 981
998 1 984 0 0 985
999 1015 0 1 0 1016
1000 1001 0 0 0 1001
1001 1 976 0 0 977
1002 987 0 0 0 987
1003 0 0 0 985 985
1004 0 0 972 0 972
1005 0 0 975 0 975
1006 976 0 3 0 979
1007 0 0 966 0 966
1008 0 0 955 0 955
1009 0 0 0 827 827
1010 922 0 0 0 922
1011 0 0 0 918 918
1012 0 0 0 930 930
1013 0 0 901 0 901
1014 897 0 0 0 897
1015 905 0 0 0 905
1016 0 0 0 881 881
1017 0 0 873 0 873
1018 863 0 3 0 866
1019 0 852 0 0 852
1020 0 856 0 0 856
1021 860 0 1 0 861
1022 0 854 0 0 854
1023 864 0 0 0 864
1024 0 0 0 853 853
1025 863 0 0 0 863
1026 872 0 0 0 872
1027 0 0 0 859 859
1028 871 0 0 0 871
1029 871 0 0 0 871
1030 0 0 0 851 851
1031 0 1 0 857 858
1032 2 0 855 0 857
1033 817 0 0 0 817
1034 0 0 824 0 824
1035 0 0 813 1 814
1036 1 0 813 0 814
1037 805 0 0 0 805
1038 0 804 0 0 804
1039 0 0 0 802 802
1040 0 0 0 805 805
1041 0 0 0 808 808
1042 0 807 0 0 807
1043 0 0 0 810 810
1044 0 18 779 0 797
1045 0 757 0 0 757
1046 0 773 0 2 775
1047 0 0 790 0 790
1048 756 0 0 0 756
1049 758 0 0 0 758
1050 0 0 765 0 765
1051 753 0 0 0 753
1052 0 0 763 0 763
1053 770 0 0 0 770
1054 0 0 0 773 773
1055 779 0 0 0 779
1056 772 0 5 0 777
1057 0 0 0 776 776
1058 776 0 4 0 780
1059 774 0 5 0 779
1060 766 0 3 0 769
1061 755 0 0 0 755
1062 748 0 0 0 748
1063 0 0 0 725 725
1064 0 0 732 0 732
1065 0 0 735 0 735
1066 0 0 732 0 732
1067 1 8 1 673 683
1068 0 0 704 0 704
1069 682 0 37 0 719
1070 713 0 0 0 713
1071 703 0 0 1 704
1072 0 719 0 0 719
1073 720 0 0 0 720
1074 0 0 727 0 727
1075 0 3 0 687 690
1076 0 2 0 709 711
1077 0 0 0 712 712
1078 0 1 0 707 708
1079 0 0 696 0 696
1080 1 0 692 0 693
1081 683 0 0 0 683
1082 0 0 686 0 686
1083 677 0 0 0 677
1084 0 0 0 682 682
1085 683 0 1 0 684
1086 0 0 680 0 680
1087 677 0 1 0 678
1088 672 0 0 0 672
1089 0 0 670 0 670
1090 678 0 0 0 678
1091 670 0 0 0 670
1092 0 0 0 658 658
1093 0 0 0 667 667
1094 1 0 654 0 655
1095 0 654 0 0 654
1096 664 0 0 0 664
1097 0 0 0 662 662
1098 0 0 0 672 672
1099 666 0 0 0 666
1100 670 0 0 0 670
1101 665 0 0 0 665
1102 0 0 0 652 652
1103 0 0 0 632 632
1104 0 625 0 3 628
1105 647 0 0 8 655
1106 645 0 0 0 645
1107 0 0 0 643 643
1108 0 0 0 632 632
1109 0 0 0 630 630
1110 0 1 0 636 637
1111 622 0 8 0 630
1112 0 629 0 0 629
1113 0 0 0 589 589
1114 0 0 598 0 598
1115 0 0 0 585 585
1116 600 0 0 0 600
1117 0 1 0 590 591
1118 0 0 0 601 601
1119 1 0 0 579 580
1120 0 581 0 0 581
1121 0 0 0 581 581
1122 0 0 0 581 581
1123 553 1 0 0 554
1124 0 537 0 0 537
1125 0 0 0 540 540
1126 538 0 3 0 541
1127 0 0 0 534 534
1128 1 0 535 0 536
1129 0 516 0 0 516
1130 506 0 5 0 511
1131 0 0 0 500 500
1132 0 0 0 526 526
1133 0 0 0 487 487
1134 480 0 0 0 480
1135 479 0 0 0 479
1136 0 0 472 0 472
1137 0 445 0 0 445
1138 445 0 0 0 445
1139 438 0 0 0 438
1140 433 0 3 0 436
1141 0 0 0 433 433
1142 0 0 0 436 436
1143 0 0 420 0 420
1144 0 0 0 418 418
1145 426 0 0 0 426
1146 419 0 3 0 422
1147 0 0 0 391 391
1148 0 383 0 0 383
1149 377 0 3 0 380
1150 373 0 0 0 373
1151 2 0 1 378 381
1152 0 0 363 0 363
1153 0 0 0 342 342
1154 0 339 0 0 339
1155 210 0 0 121 331
1156 0 0 331 0 331
1157 0 254 0 2 256
1158 249 0 0 0 249
1159 252 0 0 0 252
1160 243 0 0 0 243
1161 0 0 0 242 242
1162 235 0 0 0 235
1163 234 0 0 0 234
1164 226 0 0 0 226
1165 0 234 0 0 234
1166 0 0 0 191 191
1167 0 0 188 0 188
1168 0 0 184 0 184
1169 171 0 0 0 171
1170 166 0 0 0 166
1171 158 0 0 0 158
1172 157 0 0 0 157
1173 153 0 0 0 153
1174 0 0 145 0 145
1175 0 0 0 80 80
1176 0 0 77 0 77
1177 0 74 0 0 74
1178 0 0 64 0 64
1179 0 0 0 57 57
1180 0 0 0 57 57
1181 0 0 55 0 55
1182 0 0 0 55 55
1183 0 0 0 57 57
1184 0 0 0 56 56
1185 0 56 0 0 56
1186 0 0 0 57 57
1187 1 0 0 0 1
1188 0 1 0 0 1
1189 0 1 0 0 1
1190 0 0 0 0 0
