0 0 0 0 0 0
1 32 0 4 0 36
2 0 0 39 0 39
3 0 37 0 0 37
4 39 0 0 0 39
5 0 0 39 0 39
6 39 0 0 0 39
7 36 0 0 0 36
8 0 0 35 0 35
9 0 65 0 0 65
10 69 6 1 0 76
11 0 91 0 0 91
12 0 0 159 0 159
13 0 182 0 5 187
14 186 0 8 0 194
15 0 388 0 0 388
16 0 0 0 405 405
17 0 0 0 409 409
18 0 0 0 486 486
19 0 521 0 0 521
20 0 0 0 615 615
21 0 0 0 673 673
22 690 0 0 0 690
23 677 0 0 0 677
24 692 0 0 0 692
25 683 0 0 0 683
26 0 3 0 701 704
27 0 0 724 0 724
28 0 0 0 717 717
29 0 771 0 0 771
30 1 0 796 0 797
31 1 853 0 0 854
32 0 0 0 882 882
33 0 0 916 0 916
34 0 0 0 930 930
35 0 0 0 987 987
36 0 0 0 1048 1048
37 1 0 1043 0 1044
38 0 0 1042 0 1042
39 1050 0 3 0 1053
40 0 0 1083 0 1083
41 1116 0 6 0 1122
42 0 1149 0 0 1149
43 1138 0 1 0 1139
44 0 1269 0 0 1269
45 1271 0 0 0 1271
46 1304 0 0 0 1304
47 0 1 0 1343 1344
48 0 1 0 1385 1386
49 0 0 1387 0 1387
50 1 1424 0 0 1425
51 0 1481 0 0 1481
52 0 1 0 1479 1480
53 1481 0 0 0 1481
54 0 1592 0 0 1592
55 0 1 0 1599 1600
56 0 1 0 1610 1611
57 0 0 1604 0 1604
58 0 1646 0 0 1646
59 0 1 0 1654 1655
60 0 1 0 1661 1662
61 0 1 0 1649 1650
62 0 1672 0 0 1672
63 1656 0 0 0 1656
64 0 1 0 1678 1679
65 0 1 0 1679 1680
66 0 0 1667 0 1667
67 1641 0 0 0 1641
68 0 1689 0 14 1703
69 1722 0 1 0 1723
70 0 0 1746 0 1746
71 1680 0 0 0 1680
72 1689 0 3 0 1692
73 0 0 1751 0 1751
74 1677 0 0 0 1677
75 0 1 0 1776 1777
76 1 0 1804 0 1805
77 0 0 1800 0 1800
78 1795 10 2 1 1808
79 0 0 1858 0 1858
80 1829 0 0 0 1829
81 1843 1 1 7 1852
82 0 0 1924 0 1924
83 0 0 1952 0 1952
84 19 1960 0 0 1979
85 2005 0 0 1 2006
86 2010 0 0 0 2010
87 2015 0 1 0 2016
88 0 0 2053 0 2053
89 0 2111 0 0 2111
90 2100 0 1 0 2101
91 0 0 2117 0 2117
92 2111 0 0 0 2111
93 2118 0 0 0 2118
94 0 2137 0 0 2137
95 0 1 0 2147 2148
96 2131 0 0 0 2131
97 0 0 2114 0 2114
98 1 2138 0 0 2139
99 2182 0 1 0 2183
100 0 0 2223 0 2223
101 2215 0 0 0 2215
102 2212 0 1 0 2213
103 2216 0 3 0 2219
104 2201 0 3 0 2204
105 0 0 2221 0 2221
106 0 0 0 2208 2208
107 0 0 0 2250 2250
108 2247 2 1 7 2257
109 1 2258 0 0 2259
110 2220 0 0 0 2220
111 0 2291 0 0 2291
112 0 0 3 2291 2294
113 0 0 2346 0 2346
114 0 0 0 2291 2291
115 0 0 0 2350 2350
116 0 0 2346 0 2346
117 0 0 2320 0 2320
118 0 1 0 2250 2251
119 0 0 0 2330 2330
120 0 2 0 2389 2391
121 1 0 2353 1 2355
122 0 0 2338 1 2339
123 0 0 0 2221 2221
124 0 0 2342 2 2344
125 0 0 2321 1 2322
126 1 0 2339 0 2340
127 2371 2 5 0 2378
128 2942 1 0 0 2943
129 3038 0 0 0 3038
130 0 0 3083 1 3084
131 3089 0 0 0 3089
132 3708 0 0 0 3708
133 0 0 0 3794 3794
134 0 0 0 3829 3829
135 1 3 0 3843 3847
136 0 0 3782 1 3783
137 3780 3 0 0 3783
138 0 4050 0 0 4050
139 0 4345 0 0 4345
140 0 0 0 4341 4341
141 4385 0 4 0 4389
142 1 1 4340 0 4342
143 4393 1 0 0 4394
144 10 4414 0 11 4435
145 0 0 0 4409 4409
146 0 4461 0 1 4462
147 4476 0 2 0 4478
148 0 0 4457 0 4457
149 1 4450 0 0 4451
150 1 4506 0 0 4507
151 0 1 0 4524 4525
152 0 2 0 4540 4542
153 1 0 4518 0 4519
154 0 0 4488 0 4488
155 4493 1 0 0 4494
156 4513 0 1 0 4514
157 0 0 1 4524 4525
158 0 0 4550 0 4550
159 0 0 4503 0 4503
160 4453 0 0 0 4453
161 1 0 0 4528 4529
162 4546 0 1 0 4547
163 4584 0 0 0 4584
164 4568 1 2 0 4571
165 4543 0 0 0 4543
166 4524 1 1 0 4526
167 4531 0 0 0 4531
168 1 4599 0 0 4600
169 4626 0 3 1 4630
170 4621 0 0 0 4621
171 4594 1 0 0 4595
172 4583 0 4 0 4587
173 0 0 4558 3 4561
174 4549 0 1 0 4550
175 0 0 0 4564 4564
176 0 0 4578 0 4578
177 0 4583 0 0 4583
178 0 0 0 4619 4619
179 0 1 0 4668 4669
180 4657 0 0 0 4657
181 4666 0 0 0 4666
182 1 4707 0 1 4709
183 0 0 0 4682 4682
184 2 0 4679 0 4681
185 4742 0 0 1 4743
186 1 0 1 4696 4698
187 4766 0 0 0 4766
188 0 0 0 4749 4749
189 4732 0 0 0 4732
190 2 4767 0 1 4770
191 4783 0 0 3 4786
192 4745 1 0 1 4747
193 4675 0 0 0 4675
194 4716 0 0 0 4716
195 4755 0 1 1 4757
196 0 0 4631 0 4631
197 0 4680 0 1 4681
198 4701 1 0 0 4702
199 0 4727 0 1 4728
200 0 0 0 4750 4750
201 4726 3 0 0 4729
202 4715 0 2 0 4717
203 0 0 3 4712 4715
204 0 6 0 4731 4737
205 0 0 4663 0 4663
206 7 1 4558 0 4566
207 1 3 0 4393 4397
208 1 0 4542 1 4544
209 1 4496 0 0 4497
210 0 4716 0 15 4731
211 1 0 0 4826 4827
212 0 4880 0 0 4880
213 0 0 0 4925 4925
214 4992 0 0 0 4992
215 0 0 0 4961 4961
216 5030 8 9 0 5047
217 0 0 0 5169 5169
218 1 0 5343 0 5344
219 0 5561 0 0 5561
220 0 6 0 5700 5706
221 0 1 0 5788 5789
222 0 1 0 5879 5880
223 0 1 0 5930 5931
224 0 0 0 5982 5982
225 5974 0 0 2 5976
226 5944 0 0 0 5944
227 5898 0 0 0 5898
228 5868 0 1 0 5869
229 4 5853 0 0 5857
230 1 5755 0 1 5757
231 2 5823 0 0 5825
232 5919 1 1 0 5921
233 5868 0 0 0 5868
234 5831 0 5 0 5836
235 0 0 5702 0 5702
236 5762 1 0 0 5763
237 0 5725 0 0 5725
238 5 5759 0 1 5765
239 5813 0 1 2 5816
240 0 1 5817 0 5818
241 0 0 5744 0 5744
242 5781 0 1 0 5782
243 5897 0 0 1 5898
244 5855 1 0 0 5856
245 0 0 5808 0 5808
246 5741 0 0 0 5741
247 5776 0 0 0 5776
248 5809 0 0 0 5809
249 5815 0 1 0 5816
250 5812 0 4 0 5816
251 0 0 5776 0 5776
252 5799 0 1 1 5801
253 5808 0 0 0 5808
254 18 0 5771 0 5789
255 5809 0 0 0 5809
256 0 0 1 5841 5842
257 0 0 0 5857 5857
258 0 5838 0 0 5838
259 5898 0 1 1 5900
260 0 0 1 5863 5864
261 1 5916 0 0 5917
262 5879 0 0 0 5879
263 0 5909 0 0 5909
264 5949 0 1 0 5950
265 0 0 5767 0 5767
266 5735 0 0 0 5735
267 1 0 5784 0 5785
268 5 5777 0 0 5782
269 1 5793 0 1 5795
270 1 5863 0 1 5865
271 1 2 6 5905 5914
272 4 0 1 5923 5928
273 5973 0 0 0 5973
274 3 0 1 5892 5896
275 0 5924 0 2 5926
276 5980 0 0 0 5980
277 0 0 5952 0 5952
278 0 0 5866 0 5866
279 5825 0 0 0 5825
280 5866 1 1 0 5868
281 0 3 0 5948 5951
282 1 0 5987 0 5988
283 1 0 5973 0 5974
284 11 0 5942 1 5954
285 6077 0 0 0 6077
286 6199 0 0 0 6199
287 1 6127 0 0 6128
288 6295 0 0 0 6295
289 6268 0 1 0 6269
290 0 6369 0 0 6369
291 6380 0 1 0 6381
292 0 0 6291 0 6291
293 0 6317 0 0 6317
294 6418 0 1 1 6420
295 6429 0 0 0 6429
296 0 6427 0 0 6427
297 6722 0 2 15 6739
298 6740 0 2 0 6742
299 6778 0 0 0 6778
300 6829 0 0 0 6829
301 6828 1 0 0 6829
302 6853 0 0 0 6853
303 1 0 6866 0 6867
304 6945 0 0 1 6946
305 7050 1 1 1 7053
306 7038 0 8 1 7047
307 0 0 6905 0 6905
308 0 0 6810 0 6810
309 1 6997 0 0 6998
310 0 7141 0 16 7157
311 1 2 11 7143 7157
312 457 1 6704 0 7162
313 7127 0 5 0 7132
314 0 737 0 6442 7179
315 0 1 0 7182 7183
316 0 7232 0 1 7233
317 1 6 0 7264 7271
318 0 0 7180 0 7180
319 10 0 7150 0 7160
320 0 7184 8 3 7195
321 0 13 0 7373 7386
322 1 0 7352 1 7354
323 7227 0 1 0 7228
324 0 0 7457 0 7457
325 7405 0 7 1 7413
326 1 0 7980 0 7981
327 8052 0 16 0 8068
328 8278 0 0 0 8278
329 8344 0 1 0 8345
330 8349 0 0 0 8349
331 8365 7 0 0 8372
332 0 0 0 8370 8370
333 0 0 8290 0 8290
334 8462 1 3 0 8466
335 1 1 8554 0 8556
336 8563 2 0 1 8566
337 8637 2 1 0 8640
338 0 0 8541 1 8542
339 8565 0 0 0 8565
340 1 0 0 8470 8471
341 1 6 8472 0 8479
342 0 1 2 8231 8234
343 0 0 8493 0 8493
344 1 1 1 8476 8479
345 4 1 8628 0 8633
346 8893 0 0 0 8893
347 3 0 8793 17 8813
348 0 9089 0 0 9089
349 0 0 0 9180 9180
350 0 1 0 9280 9281
351 0 2 0 9307 9309
352 2 9335 0 36 9373
353 9423 0 0 0 9423
354 0 0 0 9466 9466
355 3 0 9366 0 9369
356 9427 0 3 1 9431
357 9437 0 0 0 9437
358 1 0 9391 0 9392
359 0 9446 0 1 9447
360 9566 0 2 0 9568
361 1 0 1 9584 9586
362 0 0 0 9631 9631
363 0 2 0 9615 9617
364 4 0 9555 1 9560
365 9514 0 1 1 9516
366 9580 1 2 0 9583
367 9577 0 0 0 9577
368 1 0 0 9664 9665
369 9679 0 1 0 9680
370 9 1 9461 0 9471
371 0 9518 10 2 9530
372 9700 0 3 0 9703
373 2 0 9623 1 9626
374 9740 0 0 0 9740
375 9714 0 0 0 9714
376 3 0 9350 8 9361
377 9 0 8983 1 8993
378 0 9278 0 6 9284
379 0 9393 0 5 9398
380 9643 0 2 0 9645
381 1 0 0 9672 9673
382 1 0 9520 0 9521
383 9684 0 0 0 9684
384 9663 0 0 0 9663
385 9620 0 0 0 9620
386 23 0 9471 0 9494
387 1 9567 0 0 9568
388 0 3 0 9446 9449
389 1 9507 0 1 9509
390 9640 1 4 0 9645
391 1 0 9452 0 9453
392 0 9176 14 2 9192
393 0 0 9748 0 9748
394 0 9636 0 0 9636
395 0 2 7 9910 9919
396 9850 12 24 1 9887
397 0 10038 0 0 10038
398 0 0 1 10170 10171
399 10202 0 2 0 10204
400 0 0 0 10201 10201
401 10155 0 0 4 10159
402 0 10207 0 13 10220
403 0 2 0 10206 10208
404 0 0 10224 0 10224
405 2 0 0 10254 10256
406 0 10383 1 1 10385
407 0 1 0 10358 10359
408 114 10375 0 0 10489
409 10620 0 1 0 10621
410 2 20 0 10770 10792
411 2 0 10718 0 10720
412 1 9 10708 0 10718
413 0 2 0 10579 10581
414 0 10731 0 4 10735
415 10897 0 2 1 10900
416 0 0 0 10976 10976
417 3 0 10947 1 10951
418 0 6 0 10785 10791
419 10606 0 1 1 10608
420 0 11269 0 0 11269
421 0 11472 0 2 11474
422 2 4 0 11559 11565
423 4 1 11497 0 11502
424 11382 0 11 1 11394
425 11384 0 4 0 11388
426 2 0 0 11397 11399
427 0 11362 0 1 11363
428 0 11664 0 0 11664
429 0 0 0 11833 11833
430 3 0 11922 0 11925
431 6 0 11785 1 11792
432 12049 0 45 1 12095
433 12210 1 0 0 12211
434 12173 0 0 1 12174
435 0 1 0 12171 12172
436 0 4 11 12318 12333
437 12420 0 1 1 12422
438 1 6 0 12353 12360
439 0 1 1 12280 12282
440 0 12394 0 2 12396
441 12532 0 1 0 12533
442 12464 0 3 0 12467
443 0 8 0 12466 12474
444 3 0 12440 0 12443
445 0 12430 2 2 12434
446 12565 0 1 0 12566
447 12466 0 0 1 12467
448 7 0 12513 0 12520
449 0 0 0 12158 12158
450 12402 0 24 0 12426
451 12372 0 3 0 12375
452 12350 0 0 0 12350
453 12286 0 0 0 12286
454 1 12430 0 0 12431
455 0 0 0 12399 12399
456 12427 0 2 0 12429
457 0 0 12348 0 12348
458 0 0 12141 0 12141
459 12238 0 7 2 12247
460 12289 0 3 0 12292
461 0 12335 0 2 12337
462 0 0 12230 0 12230
463 1 12340 0 0 12341
464 0 31 0 12327 12358
465 16 12448 16 0 12480
466 0 1 1 12494 12496
467 1 0 12443 2 12446
468 3 1 2 12271 12277
469 2 0 12335 0 12337
470 4 12421 0 22 12447
471 0 1 0 12422 12423
472 0 0 3 12453 12456
473 0 0 0 12496 12496
474 12528 0 1 0 12529
475 0 0 1 12394 12395
476 3 1 12403 4 12411
477 0 12395 0 65 12460
478 3 0 12562 1 12566
479 12399 0 29 1 12429
480 0 0 12551 2 12553
481 12444 0 10 0 12454
482 12476 1 1 0 12478
483 12374 0 2 1 12377
484 2 12536 0 1 12539
485 12528 0 0 0 12528
486 12420 0 1 0 12421
487 2 0 12339 0 12341
488 4 12265 1 0 12270
489 12372 0 1 1 12374
490 1 0 1 12222 12224
491 0 12334 1 2 12337
492 12227 2 0 2 12231
493 0 12409 0 0 12409
494 12460 0 0 1 12461
495 2 7 0 12244 12253
496 1 1 0 12093 12095
497 0 12274 1 1 12276
498 12287 0 1 0 12288
499 0 12323 0 0 12323
500 12262 1 0 0 12263
501 30 12277 5 2 12314
502 12318 0 9 7 12334
503 1 0 12125 2 12128
504 1 0 11725 6 11732
505 2 0 11693 17 11712
506 0 11858 1 5 11864
507 1 1 1 11869 11872
508 1 11877 1 0 11879
509 12191 0 0 1 12192
510 1 2 0 12150 12153
511 12156 0 1 0 12157
512 1 0 12001 3 12005
513 1 11940 16 5 11962
514 11968 0 3 0 11971
515 1 0 11857 0 11858
516 11693 0 1 0 11694
517 1 0 11644 0 11645
518 1 11626 0 2 11629
519 11708 12 1 5 11726
520 0 0 11662 0 11662
521 1 11617 0 5 11623
522 2 0 11639 10 11651
523 11534 0 3 1 11538
524 28 0 11562 3 11593
525 11552 0 0 1 11553
526 0 0 3 11396 11399
527 0 11464 0 0 11464
528 0 1 1 11379 11381
529 1 0 1 11304 11306
530 2 11420 0 1 11423
531 11430 1 2 0 11433
532 10 0 11208 1 11219
533 3 0 1 10793 10797
534 20 0 10833 8 10861
535 1 10829 0 0 10830
536 5 10996 0 10 11011
537 1 4 0 11054 11059
538 0 15 10992 0 11007
539 1 1 10749 0 10751
540 10633 0 4 2 10639
541 12 0 10751 0 10763
542 0 2 0 10477 10479
543 4537 0 6130 0 10667
544 10724 0 1 0 10725
545 0 0 10816 0 10816
546 10719 0 5 0 10724
547 20 10595 0 5 10620
548 1 0 10740 0 10741
549 10719 0 1 1 10721
550 23 0 10729 1 10753
551 10765 1 3 2 10771
552 10780 0 3 0 10783
553 10751 1 1 0 10753
554 0 0 2 10600 10602
555 1 0 10667 2 10670
556 5 10548 0 6 10559
557 10615 0 0 0 10615
558 1 0 10595 0 10596
559 10481 0 1 0 10482
560 2 17 0 10362 10381
561 1 0 10338 0 10339
562 0 0 10282 0 10282
563 0 0 2 10063 10065
564 3 10141 0 93 10237
565 1 2 1 10217 10221
566 4 10342 0 4 10350
567 10451 0 1 0 10452
568 0 0 10321 0 10321
569 1 10176 0 0 10177
570 0 1 1 10340 10342
571 10329 0 5 2 10336
572 0 0 0 10360 10360
573 13 0 10202 1 10216
574 10169 1 1 0 10171
575 10156 0 0 2 10158
576 0 9950 0 7 9957
577 10086 1 3 1 10091
578 2 10017 0 0 10019
579 10036 0 3 0 10039
580 22 0 9940 3 9965
581 0 9887 0 0 9887
582 9985 1 2 6 9994
583 9928 0 22 1 9951
584 9867 0 0 0 9867
585 9765 110 1 3 9879
586 9764 0 15 1 9780
587 2 9819 0 1 9822
588 9784 0 2 0 9786
589 9632 0 0 0 9632
590 1 0 0 9620 9621
591 45 0 9590 0 9635
592 9562 1 0 0 9563
593 9495 0 0 1 9496
594 11 7 6 9475 9499
595 2 0 9528 0 9530
596 1 0 9418 1 9420
597 9268 1 0 0 9269
598 9287 0 1 0 9288
599 0 3 1 9290 9294
600 0 0 9349 0 9349
601 5 0 9306 1 9312
602 13 0 9262 10 9285
603 9297 1 4 1 9303
604 9349 0 2 2 9353
605 9262 2 1 0 9265
606 9183 0 2 0 9185
607 4 0 9207 3 9214
608 0 0 9101 1 9102
609 9114 0 0 0 9114
610 1 0 9172 0 9173
611 9250 0 2 1 9253
612 9215 0 30 1 9246
613 0 0 9152 0 9152
614 9062 0 0 0 9062
615 0 9173 0 1 9174
616 0 2 9230 0 9232
617 0 0 2 9012 9014
618 0 9105 0 0 9105
619 14 9322 0 0 9336
620 9487 0 41 0 9528
621 9448 0 1 3 9452
622 9328 0 19 0 9347
623 9266 0 0 0 9266
624 1 0 9151 1 9153
625 1 9095 0 1 9097
626 0 1 1 9163 9165
627 4 1 9138 0 9143
628 3 0 8973 0 8976
629 1 9081 0 1 9083
630 9261 0 4 1 9266
631 1 0 9220 1 9222
632 9240 0 1 0 9241
633 9249 0 0 0 9249
634 0 1 9114 0 9115
635 9157 0 0 0 9157
636 0 0 9105 0 9105
637 0 1 0 8628 8629
638 0 1 1 9007 9009
639 18 0 9055 0 9073
640 1 9059 1 1 9062
641 9258 0 1 1 9260
642 9203 0 0 1 9204
643 9197 0 0 0 9197
644 0 0 9152 0 9152
645 6 9101 0 0 9107
646 9280 0 4 0 9284
647 9263 0 0 0 9263
648 0 9193 0 0 9193
649 9297 0 1 0 9298
650 0 0 0 9198 9198
651 0 1 0 9260 9261
652 1 2 9248 0 9251
653 0 0 9147 0 9147
654 9077 1 0 0 9078
655 0 0 9160 0 9160
656 5 1 2 8718 8726
657 2 0 8971 4 8977
658 2 9006 0 0 9008
659 0 1 1 9144 9146
660 5 1 9108 0 9114
661 8867 1 0 0 8868
662 0 0 9035 0 9035
663 8939 0 0 0 8939
664 1 0 4 8864 8869
665 0 8898 0 0 8898
666 1 0 1 8878 8880
667 1 8837 0 0 8838
668 2 0 1 8944 8947
669 0 26 1 8960 8987
670 7 0 8864 0 8871
671 1 0 8738 2 8741
672 0 0 8748 0 8748
673 4 0 8733 0 8737
674 2 8632 4 4 8642
675 8918 0 7 0 8925
676 8858 1 1 2 8862
677 14 0 8958 0 8972
678 2 1 0 8575 8578
679 0 8841 0 0 8841
680 9004 1 0 0 9005
681 8843 0 0 0 8843
682 8815 0 1 0 8816
683 8824 0 6 0 8830
684 0 0 8857 0 8857
685 8547 0 0 0 8547
686 8635 0 1 0 8636
687 0 3 0 8604 8607
688 1 0 8697 0 8698
689 2 0 8647 7 8656
690 5 0 8549 0 8554
691 2 0 8582 0 8584
692 8424 0 0 1 8425
693 8491 1 1 0 8493
694 4 0 8531 0 8535
695 0 1 8482 4 8487
696 0 0 8518 0 8518
697 8338 1 4 0 8343
698 1 0 1 8333 8335
699 0 3 1 8436 8440
700 3 1 8416 0 8420
701 0 8352 1 7 8360
702 8442 1 0 0 8443
703 8427 0 0 0 8427
704 8330 1 56 1 8388
705 0 0 8461 0 8461
706 1 0 8321 1 8323
707 8232 0 1 0 8233
708 0 0 1 8311 8312
709 0 0 8388 0 8388
710 1 0 1 8263 8265
711 8347 0 0 0 8347
712 8332 0 0 0 8332
713 0 0 1 8434 8435
714 1 0 8424 1 8426
715 1 1 8348 1 8351
716 8272 2 0 1 8275
717 8262 0 2 0 8264
718 2 1 8227 0 8230
719 0 0 1 8100 8101
720 6 0 8186 0 8192
721 0 8211 0 1 8212
722 0 6 0 8398 8404
723 8393 0 3 0 8396
724 8348 0 2 0 8350
725 8336 0 0 0 8336
726 5 0 8250 2 8257
727 0 8190 0 0 8190
728 8320 0 0 0 8320
729 0 0 8244 0 8244
730 8132 0 0 2 8134
731 9 0 8154 0 8163
732 4 7962 0 0 7966
733 0 0 0 7983 7983
734 0 7969 0 0 7969
735 1 5429 1 2559 7990
736 8030 1 0 1 8032
737 2 1 2 8031 8036
738 3 0 8042 0 8045
739 1 0 8004 1 8006
740 0 3 7984 1 7988
741 7965 0 5 0 7970
742 7992 1 23 0 8016
743 7974 0 0 0 7974
744 0 1 0 7914 7915
745 0 1 1 7928 7930
746 1 7925 1 1 7928
747 7922 1 20 0 7943
748 2 0 7815 0 7817
749 1 7655 0 2 7658
750 2 0 0 7566 7568
751 0 7526 0 24 7550
752 1 3 0 7643 7647
753 0 3 0 7636 7639
754 1 0 7603 2 7606
755 0 0 0 7471 7471
756 22 0 7449 0 7471
757 7417 0 1 0 7418
758 7357 0 0 0 7357
759 10 5 7360 22 7397
760 7363 0 0 0 7363
761 7352 0 2 2 7356
762 7345 1 0 0 7346
763 0 11 1 7341 7353
764 7375 0 1 2 7378
765 0 0 0 7381 7381
766 1 7367 0 0 7368
767 1 0 0 7403 7404
768 7375 0 23 1 7399
769 0 0 0 7324 7324
770 7281 0 0 0 7281
771 7202 0 1 0 7203
772 1 1 0 7138 7140
773 0 1 7020 1 7022
774 0 6955 0 6 6961
775 0 0 1 6829 6830
776 0 6881 0 0 6881
777 1 0 6793 0 6794
778 6729 0 0 0 6729
779 6656 0 0 1 6657
780 0 6728 0 0 6728
781 0 6690 0 1 6691
782 6751 0 1 0 6752
783 0 1 0 6712 6713
784 0 0 0 6704 6704
785 0 0 0 6623 6623
786 0 6602 0 1 6603
787 6579 0 1 2 6582
788 0 1 6556 0 6557
789 21 0 6361 0 6382
790 0 0 0 6246 6246
791 0 0 2 6267 6269
792 0 6294 0 0 6294
793 0 2 0 6329 6331
794 0 0 0 6266 6266
795 6096 0 1 0 6097
796 0 6038 3 0 6041
797 6000 0 0 0 6000
798 5869 0 0 0 5869
799 0 1 0 5862 5863
800 0 0 0 5848 5848
801 1 1 0 5828 5830
802 9 0 5708 0 5717
803 0 84 0 5509 5593
804 1 0 0 5469 5470
805 0 5377 0 0 5377
806 0 12 0 5476 5488
807 0 1 0 5434 5435
808 0 0 0 5400 5400
809 0 1 0 5400 5401
810 5294 0 0 11 5305
811 0 0 0 5163 5163
812 0 8 0 5055 5063
813 1 0 0 5008 5009
814 0 0 0 5017 5017
815 4971 0 1 3 4975
816 1 0 0 4878 4879
817 1 4896 0 0 4897
818 4905 0 0 0 4905
819 1 0 4676 0 4677
820 0 4618 0 0 4618
821 0 0 0 4520 4520
822 1 4531 0 0 4532
823 0 1 0 4421 4422
824 26 4510 0 0 4536
825 0 4599 0 0 4599
826 4558 0 5 0 4563
827 0 0 0 4468 4468
828 0 0 0 4454 4454
829 0 0 0 4397 4397
830 0 4423 0 0 4423
831 4361 0 71 0 4432
832 1 1 1 4396 4399
833 7 0 4310 0 4317
834 0 0 4226 0 4226
835 0 4248 0 0 4248
836 0 9 1 4234 4244
837 0 4 0 4239 4243
838 1 0 4068 0 4069
839 0 0 4052 0 4052
840 3931 7 0 0 3938
841 0 3946 0 0 3946
842 3932 0 1 0 3933
843 3974 0 0 0 3974
844 0 0 0 3945 3945
845 3930 1 0 2 3933
846 4 0 3778 0 3782
847 0 0 3873 0 3873
848 50 0 3796 0 3846
849 1 3837 0 0 3838
850 3817 0 65 0 3882
851 0 2 0 3842 3844
852 0 1 0 3895 3896
853 0 1 0 3951 3952
854 2 0 3546 0 3548
855 3564 0 0 0 3564
856 3681 0 0 0 3681
857 0 0 0 3699 3699
858 0 3534 0 0 3534
859 3539 0 1 0 3540
860 3650 0 3 0 3653
861 3677 0 0 0 3677
862 10 0 0 3603 3613
863 3507 0 0 0 3507
864 3596 0 0 0 3596
865 3586 0 0 0 3586
866 3555 3 2 0 3560
867 3474 0 0 0 3474
868 2 1 3280 0 3283
869 3315 0 12 0 3327
870 0 0 3288 0 3288
871 0 0 3341 0 3341
872 3354 0 0 0 3354
873 3405 1 0 0 3406
874 1 1 0 3334 3336
875 3404 1 0 0 3405
876 3409 0 0 1 3410
877 3355 0 1 0 3356
878 0 3290 0 0 3290
879 3165 0 0 0 3165
880 0 0 0 3149 3149
881 1 0 3177 3 3181
882 3187 0 0 0 3187
883 3220 0 1 0 3221
884 3235 0 0 0 3235
885 3195 0 0 0 3195
886 0 0 0 3100 3100
887 3065 0 2 2 3069
888 0 3068 0 1 3069
889 0 0 3024 0 3024
890 2988 0 1 0 2989
891 3028 0 0 0 3028
892 9 0 0 2959 2968
893 3026 0 0 0 3026
894 3067 0 2 0 3069
895 3048 0 0 0 3048
896 3024 1 1 0 3026
897 0 0 2821 0 2821
898 0 0 2811 0 2811
899 0 1 0 2486 2487
900 1 2716 0 0 2717
901 0 2815 0 0 2815
902 2832 1 0 0 2833
903 2854 0 0 0 2854
904 2822 0 2 0 2824
905 0 2750 0 0 2750
906 2788 0 0 0 2788
907 2807 0 0 1 2808
908 2800 1 1 0 2802
909 0 0 2641 0 2641
910 2718 0 0 0 2718
911 0 0 2657 0 2657
912 2757 0 2 1 2760
913 0 2698 0 0 2698
914 2799 0 1 0 2800
915 2808 0 0 0 2808
916 1 1 0 2693 2695
917 2763 0 1 0 2764
918 2763 0 2 0 2765
919 2738 0 0 0 2738
920 5 2639 0 0 2644
921 2698 1 0 0 2699
922 2 0 2602 1 2605
923 2621 1 0 0 2622
924 0 0 2581 0 2581
925 2674 0 0 0 2674
926 0 0 2608 0 2608
927 0 0 2620 0 2620
928 0 0 0 2284 2284
929 2560 1 0 0 2561
930 0 0 0 2514 2514
931 0 2571 0 0 2571
932 2627 0 10 0 2637
933 2638 0 0 0 2638
934 0 0 1 2572 2573
935 1 0 0 2596 2597
936 1 0 0 2597 2598
937 0 0 0 2575 2575
938 0 0 2462 0 2462
939 2449 1 4 0 2454
940 0 1 2424 2 2427
941 2433 0 0 0 2433
942 0 2367 0 1 2368
943 2401 0 0 0 2401
944 0 2342 0 0 2342
945 2406 0 0 0 2406
946 83 0 2242 0 2325
947 0 0 0 2274 2274
948 0 1 0 2301 2302
949 2259 0 1 2 2262
950 0 2296 0 4 2300
951 1 2282 0 1 2284
952 2257 0 0 0 2257
953 2259 0 2 0 2261
954 2261 0 0 0 2261
955 2240 0 2 0 2242
956 2224 0 4 0 2228
957 0 0 2118 0 2118
958 2094 0 0 0 2094
959 2090 0 0 0 2090
960 2081 0 0 0 2081
961 0 0 0 1959 1959
962 0 1972 0 0 1972
963 0 2004 0 0 2004
964 2032 0 0 0 2032
965 0 0 1975 0 1975
966 0 0 1938 2 1940
967 0 1888 0 0 1888
968 1 1931 0 2 1934
969 1988 0 0 0 1988
970 1999 0 0 0 1999
971 1996 0 0 0 1996
972 0 0 1934 0 1934
973 1907 0 0 0 1907
974 1893 0 13 0 1906
975 1894 0 0 0 1894
976 0 1844 0 1 1845
977 1878 0 0 0 1878
978 1877 0 0 0 1877
979 0 15 0 1765 1780
980 0 0 1762 0 1762
981 1766 0 0 0 1766
982 1760 0 14 0 1774
983 2 0 1725 0 1727
984 1 1 1709 0 1711
985 1714 0 1 1 1716
986 1738 0 0 0 1738
987 0 0 1611 0 1611
988 0 0 0 1566 1566
989 9 0 1621 1 1631
990 0 1656 0 0 1656
991 0 0 0 1673 1673
992 0 1676 0 1 1677
993 0 0 0 1685 1685
994 0 1676 0 0 1676
995 0 0 0 1710 1710
996 0 0 1675 2 1677
997 1681 0 1 0 1682
998 0 1655 0 12 1667
999 1681 0 0 0 1681
1000 1656 0 0 0 1656
1001 1 1611 0 0 1612
1002 1628 0 1 0 1629
1003 0 1 0 1602 1603
1004 0 0 1617 0 1617
1005 0 0 1630 0 1630
1006 1600 0 8 0 1608
1007 9 0 1603 0 1612
1008 0 0 1610 0 1610
1009 0 4 0 1414 1418
1010 1568 0 0 0 1568
1011 0 0 0 1578 1578
1012 0 0 0 1584 1584
1013 0 0 1502 0 1502
1014 1512 1 0 0 1513
1015 1518 0 1 0 1519
1016 0 0 0 1481 1481
1017 1 0 1433 0 1434
1018 1417 0 0 0 1417
1019 0 1390 0 0 1390
1020 0 1383 0 1 1384
1021 1382 0 0 0 1382
1022 0 1379 0 0 1379
1023 1394 0 0 0 1394
1024 0 0 0 1371 1371
1025 1388 0 2 0 1390
1026 1370 0 0 0 1370
1027 0 0 0 1341 1341
1028 1356 0 0 0 1356
1029 1360 0 0 0 1360
1030 0 0 1 1326 1327
1031 0 0 0 1332 1332
1032 0 0 1316 0 1316
1033 1304 0 0 0 1304
1034 0 0 1289 2 1291
1035 0 0 1265 1 1266
1036 0 0 1267 0 1267
1037 1265 0 0 0 1265
1038 0 1261 0 1 1262
1039 0 1 0 1269 1270
1040 1 0 0 1264 1265
1041 0 0 0 1264 1264
1042 0 1248 0 0 1248
1043 0 0 0 1247 1247
1044 0 0 1237 0 1237
1045 0 1189 0 1 1190
1046 0 1201 0 1 1202
1047 1 0 1222 0 1223
1048 1178 0 0 1 1179
1049 1179 0 0 0 1179
1050 0 0 1187 0 1187
1051 1169 0 0 0 1169
1052 0 0 1193 0 1193
1053 1180 0 0 0 1180
1054 0 0 0 1195 1195
1055 1196 4 0 0 1200
1056 1199 0 0 0 1199
1057 0 0 0 1190 1190
1058 1190 0 0 0 1190
1059 1189 0 0 0 1189
1060 1183 0 0 0 1183
1061 1173 0 0 0 1173
1062 1152 0 0 0 1152
1063 0 0 0 1141 1141
1064 0 0 1139 0 1139
1065 0 0 1128 0 1128
1066 1 0 1133 0 1134
1067 0 2 0 1068 1070
1068 0 0 1114 0 1114
1069 1118 0 0 0 1118
1070 1114 0 0 0 1114
1071 1095 0 4 0 1099
1072 0 1125 0 0 1125
1073 1126 0 0 0 1126
1074 0 0 1127 0 1127
1075 0 1 0 1100 1101
1076 0 0 0 1107 1107
1077 0 0 0 1116 1116
1078 0 2 0 1096 1098
1079 0 0 1083 0 1083
1080 0 0 1081 0 1081
1081 1071 0 0 0 1071
1082 0 0 1066 0 1066
1083 1064 0 0 0 1064
1084 1 1 0 1069 1071
1085 1063 0 0 0 1063
1086 152 0 899 0 1051
1087 1066 0 0 0 1066
1088 1060 0 0 0 1060
1089 0 0 1047 1 1048
1090 1045 0 0 0 1045
1091 1044 0 0 0 1044
1092 4 0 0 985 989
1093 1 0 0 1019 1020
1094 6 0 1001 0 1007
1095 0 1009 0 0 1009
1096 1026 0 0 1 1027
1097 0 1 0 991 992
1098 0 0 0 1016 1016
1099 1008 0 0 0 1008
1100 1000 0 0 0 1000
1101 1012 0 0 0 1012
1102 0 0 0 978 978
1103 0 0 0 968 968
1104 0 968 0 0 968
1105 981 0 0 2 983
1106 980 0 1 0 981
1107 2 0 0 971 973
1108 0 0 1 952 953
1109 0 0 0 951 951
1110 0 0 0 947 947
1111 944 0 0 0 944
1112 0 943 0 0 943
1113 0 0 0 889 889
1114 0 0 888 0 888
1115 0 0 0 884 884
1116 898 0 0 0 898
1117 0 0 0 882 882
1118 0 0 0 908 908
1119 0 0 0 885 885
1120 0 875 0 0 875
1121 0 0 0 876 876
1122 0 0 0 879 879
1123 840 0 0 0 840
1124 0 840 0 0 840
1125 0 0 0 848 848
1126 840 0 0 1 841
1127 0 0 0 845 845
1128 0 0 833 1 834
1129 0 791 0 0 791
1130 837 0 0 0 837
1131 0 0 0 817 817
1132 0 0 0 848 848
1133 0 0 0 775 775
1134 776 0 2 0 778
1135 747 0 0 0 747
1136 0 0 727 0 727
1137 0 651 0 0 651
1138 645 0 0 0 645
1139 646 0 0 0 646
1140 642 0 0 0 642
1141 0 0 0 624 624
1142 0 0 0 619 619
1143 0 0 599 0 599
1144 0 0 1 589 590
1145 596 0 0 0 596
1146 591 0 0 0 591
1147 0 0 0 582 582
1148 0 581 0 0 581
1149 589 0 0 0 589
1150 587 0 0 0 587
1151 0 0 0 589 589
1152 10 0 538 0 548
1153 0 0 0 538 538
1154 0 536 0 3 539
1155 528 0 0 0 528
1156 0 0 521 0 521
1157 0 415 0 0 415
1158 417 0 0 0 417
1159 412 0 0 0 412
1160 414 0 0 0 414
1161 0 0 0 404 404
1162 405 0 0 0 405
1163 399 0 0 0 399
1164 386 0 0 0 386
1165 0 373 0 0 373
1166 0 0 1 324 325
1167 0 0 319 1 320
1168 0 0 295 0 295
1169 296 0 0 0 296
1170 286 0 0 0 286
1171 283 0 0 0 283
1172 263 0 0 0 263
1173 249 0 0 0 249
1174 0 0 226 0 226
1175 0 0 0 98 98
1176 0 0 101 0 101
1177 0 96 0 1 97
1178 0 0 86 0 86
1179 0 0 0 69 69
1180 0 0 0 69 69
1181 0 0 70 0 70
1182 0 0 0 67 67
1183 0 0 0 60 60
1184 0 0 0 58 58
1185 0 48 0 0 48
1186 0 0 0 38 38
1187 0 0 0 0 0
1188 0 0 0 0 0
1189 0 0 0 0 0
1190 0 0 0 0 0
