0 0 0 0 0 0
1 54 0 0 0 54
2 0 0 59 0 59
3 0 58 0 0 58
4 59 0 0 0 59
5 0 0 58 0 58
6 60 0 0 0 60
7 58 3 0 0 61
8 0 0 63 0 63
9 0 82 0 0 82
10 82 0 4 2 88
11 0 129 0 3 132
12 0 0 184 3 187
13 0 203 0 0 203
14 207 0 0 0 207
15 0 385 0 3 388
16 0 0 0 410 410
17 0 0 0 418 418
18 0 0 0 508 508
19 0 577 0 0 577
20 0 0 0 664 664
21 0 0 0 701 701
22 722 0 0 0 722
23 723 0 0 0 723
24 736 0 0 0 736
25 722 0 0 0 722
26 0 0 0 736 736
27 0 0 751 0 751
28 0 0 0 771 771
29 0 811 0 0 811
30 0 0 850 0 850
31 0 916 0 0 916
32 0 0 4 933 937
33 0 0 997 0 997
34 0 0 0 994 994
35 0 5 0 1042 1047
36 1 1 0 1094 1096
37 0 0 1100 0 1100
38 0 0 1102 0 1102
39 1089 3 0 0 1092
40 0 0 1143 0 1143
41 1167 6 8 0 1181
42 0 1252 0 0 1252
43 1254 0 0 0 1254
44 0 1457 0 0 1457
45 1464 0 0 0 1464
46 1528 0 0 0 1528
47 0 0 0 1577 1577
48 0 0 0 1603 1603
49 0 1 1614 0 1615
50 0 1645 0 0 1645
51 0 1657 0 0 1657
52 0 2 0 1668 1670
53 1668 0 0 0 1668
54 1 1770 0 0 1771
55 0 6 0 1777 1783
56 0 0 0 1816 1816
57 0 0 1807 0 1807
58 1 1846 0 0 1847
59 0 1 0 1886 1887
60 0 0 0 1880 1880
61 0 1 0 1879 1880
62 0 1920 0 0 1920
63 1919 0 0 0 1919
64 0 0 0 1915 1915
65 0 0 0 1928 1928
66 69 0 1845 0 1914
67 1886 0 0 0 1886
68 0 1916 0 0 1916
69 1929 0 4 0 1933
70 0 0 1954 0 1954
71 1887 0 0 0 1887
72 1922 0 0 2 1924
73 0 1 1958 0 1959
74 1920 0 0 0 1920
75 0 1 0 1996 1997
76 1 0 2015 0 2016
77 1 0 2029 0 2030
78 2002 0 1 1 2004
79 0 0 2064 0 2064
80 2052 0 0 0 2052
81 2070 0 0 0 2070
82 0 0 2152 0 2152
83 0 0 2226 0 2226
84 0 2245 0 0 2245
85 2262 0 1 0 2263
86 2265 0 1 0 2266
87 2267 0 0 0 2267
88 0 0 2289 0 2289
89 0 2343 0 0 2343
90 2365 0 5 0 2370
91 0 0 2374 0 2374
92 2362 0 0 0 2362
93 2375 0 0 0 2375
94 0 2386 0 0 2386
95 0 0 1 2398 2399
96 2390 0 0 7 2397
97 1 0 2376 0 2377
98 0 2393 0 1 2394
99 2418 0 0 1 2419
100 0 0 2463 0 2463
101 2455 0 0 0 2455
102 2436 0 0 0 2436
103 2479 0 0 1 2480
104 2449 0 0 0 2449
105 0 0 2490 1 2491
106 0 0 0 2475 2475
107 0 0 0 2531 2531
108 2547 0 6 0 2553
109 0 2524 1 0 2525
110 2507 0 0 0 2507
111 0 2565 0 1 2566
112 0 0 0 2567 2567
113 0 0 2607 0 2607
114 0 0 1 2557 2558
115 0 0 0 2604 2604
116 0 0 2590 0 2590
117 0 0 2585 1 2586
118 0 1 0 2496 2497
119 0 0 0 2600 2600
120 0 4 0 2617 2621
121 1 0 2631 0 2632
122 1 0 2622 0 2623
123 1 11 0 2492 2504
124 0 0 2629 1 2630
125 0 0 2626 0 2626
126 0 0 2632 1 2633
127 2674 0 3 0 2677
128 3402 0 0 0 3402
129 3500 0 0 0 3500
130 0 0 3566 0 3566
131 3607 0 3 3 3613
132 4314 0 0 0 4314
133 2 0 0 4368 4370
134 0 0 0 4405 4405
135 0 2 0 4427 4429
136 0 0 4411 0 4411
137 4437 0 0 3 4440
138 1 4723 0 0 4724
139 1 5084 0 0 5085
140 2 0 0 5127 5129
141 5157 2 4 0 5163
142 1 0 5095 0 5096
143 5153 0 1 0 5154
144 0 5199 0 26 5225
145 0 4 0 5190 5194
146 3 5271 0 0 5274
147 5268 1 2 0 5271
148 1 0 5320 0 5321
149 0 5276 0 2 5278
150 0 5389 0 1 5390
151 0 0 0 5406 5406
152 0 0 0 5408 5408
153 1 0 5392 0 5393
154 3 0 5347 0 5350
155 5364 0 0 0 5364
156 5369 0 2 1 5372
157 1 0 0 5373 5374
158 0 0 5395 0 5395
159 1 0 5348 1 5350
160 5291 0 0 0 5291
161 0 1 0 5411 5412
162 5435 0 1 0 5436
163 5389 0 0 1 5390
164 5395 0 0 0 5395
165 5360 2 0 1 5363
166 5358 1 0 1 5360
167 5366 1 1 1 5369
168 1 5437 0 0 5438
169 5452 0 0 0 5452
170 5426 1 0 0 5427
171 5408 1 2 2 5413
172 5405 0 1 1 5407
173 0 0 5361 0 5361
174 5334 0 5 3 5342
175 0 0 0 5360 5360
176 1 0 5368 1 5370
177 0 5364 1 0 5365
178 0 1 0 5426 5427
179 2 1 0 5445 5448
180 5447 0 0 0 5447
181 5448 1 0 0 5449
182 0 5459 0 0 5459
183 0 1 1 5472 5474
184 0 0 5466 1 5467
185 5504 0 1 0 5505
186 0 0 0 5457 5457
187 5513 1 0 1 5515
188 1 2 0 5512 5515
189 5483 0 1 0 5484
190 3 5507 0 1 5511
191 5526 0 1 0 5527
192 5448 0 0 0 5448
193 5375 0 3 0 5378
194 5426 0 1 0 5427
195 5459 0 0 0 5459
196 0 0 5333 1 5334
197 0 5367 0 0 5367
198 5377 0 1 1 5379
199 0 5415 0 0 5415
200 0 1 1 5435 5437
201 5425 1 1 0 5427
202 5384 2 0 1 5387
203 0 0 0 5416 5416
204 1 0 0 5429 5430
205 0 0 5376 3 5379
206 0 0 5294 0 5294
207 0 2 1 5105 5108
208 1 0 5272 0 5273
209 2 5304 0 7 5313
210 4 5452 0 11 5467
211 0 1 0 5506 5507
212 0 5545 0 0 5545
213 2 0 1 5566 5569
214 5622 0 0 0 5622
215 0 1 0 5601 5602
216 5644 7 1 4 5656
217 0 0 1 5758 5759
218 0 0 6120 0 6120
219 0 6290 0 1 6291
220 0 5 0 6412 6417
221 0 1 0 6499 6500
222 0 0 0 6582 6582
223 0 1 0 6649 6650
224 0 1 0 6682 6683
225 6663 1 0 3 6667
226 6653 0 0 0 6653
227 6631 0 0 0 6631
228 6605 0 0 1 6606
229 1 6616 0 0 6617
230 1 6514 0 0 6515
231 9 6548 0 1 6558
232 6677 0 1 0 6678
233 6668 0 0 0 6668
234 6649 1 2 0 6652
235 7 0 6479 0 6486
236 6541 1 0 1 6543
237 0 6534 0 0 6534
238 0 6538 1 0 6539
239 6545 1 0 0 6546
240 8 2 6589 1 6600
241 0 1 6507 0 6508
242 6470 1 0 0 6471
243 6588 0 0 0 6588
244 6584 0 1 0 6585
245 0 0 6590 2 6592
246 6510 0 2 0 6512
247 6601 0 0 0 6601
248 6639 0 1 0 6640
249 6619 0 0 0 6619
250 6684 1 1 1 6687
251 21 0 6644 0 6665
252 6624 0 23 1 6648
253 6677 0 1 0 6678
254 0 1 6687 0 6688
255 6634 0 1 0 6635
256 0 0 0 6678 6678
257 0 0 0 6743 6743
258 0 6711 0 1 6712
259 6818 0 1 0 6819
260 1 1 0 6809 6811
261 2 6823 0 1 6826
262 6834 1 0 1 6836
263 0 6889 1 0 6890
264 6900 1 3 0 6904
265 1 0 6765 0 6766
266 6754 9 0 5 6768
267 1 0 6763 0 6764
268 1 6717 0 2 6720
269 2 6730 0 0 6732
270 0 6830 1 0 6831
271 2 0 0 6854 6856
272 0 2 0 6842 6844
273 6872 0 0 0 6872
274 1 0 0 6879 6880
275 0 6884 1 1 6886
276 6935 1 1 0 6937
277 0 0 6960 0 6960
278 4 1 6875 0 6880
279 6773 0 0 1 6774
280 6853 1 0 0 6854
281 0 4 0 6940 6944
282 2 0 6947 5 6954
283 2 0 6919 0 6921
284 0 0 6895 0 6895
285 6996 0 3 0 6999
286 7180 5 0 1 7186
287 0 7113 0 0 7113
288 7239 1 0 1 7241
289 7241 0 2 0 7243
290 7 7291 1 0 7299
291 7374 1 0 0 7375
292 3 1 7193 1 7198
293 0 7314 0 2 7316
294 7478 1 4 0 7483
295 7556 0 1 0 7557
296 2 7542 0 1 7545
297 7989 3 1 0 7993
298 7970 0 1 0 7971
299 8084 0 2 0 8086
300 8133 0 1 0 8134
301 8244 0 1 0 8245
302 8191 0 3 0 8194
303 6 0 8210 0 8216
304 8281 0 2 0 8283
305 8360 0 1 0 8361
306 8344 6 2 1 8353
307 1 0 8189 2 8192
308 0 0 8092 1 8093
309 23 8175 0 1 8199
310 4 8376 1 4 8385
311 1 0 4 8358 8363
312 11 0 8426 0 8437
313 8424 0 0 0 8424
314 0 0 4 8501 8505
315 0 1 9 8510 8520
316 1 8530 0 1 8532
317 0 1 1 8560 8562
318 1 1 8536 0 8538
319 2 0 8442 1 8445
320 0 8406 0 3 8409
321 0 2 0 8643 8645
322 4 0 8614 1 8619
323 8392 0 18 0 8410
324 0 0 8588 0 8588
325 8556 8 22 1 8587
326 6 0 9041 1 9048
327 9180 0 3 0 9183
328 9417 0 0 0 9417
329 9473 0 33 0 9506
330 9529 2 0 0 9531
331 9566 0 0 0 9566
332 0 1 0 9553 9554
333 1 0 9558 5 9564
334 9698 0 0 1 9699
335 2 0 9796 0 9798
336 9842 0 0 0 9842
337 9879 0 2 0 9881
338 0 0 9857 1 9858
339 9839 0 3 1 9843
340 0 0 0 9831 9831
341 3 0 9824 2 9829
342 1 1 0 9566 9568
343 4 0 9859 0 9863
344 3 3 1 9872 9879
345 6 0 10052 6 10064
346 10321 0 2 0 10323
347 7 0 10323 0 10330
348 0 10576 0 0 10576
349 0 2 0 10699 10701
350 0 1 1 10752 10754
351 0 2 0 10784 10786
352 0 10867 0 16 10883
353 10936 1 1 0 10938
354 1 0 0 10983 10984
355 1 0 10862 1 10864
356 10943 1 1 0 10945
357 10961 0 4 0 10965
358 2 0 10860 5 10867
359 6 10895 0 0 10901
360 11046 0 1 1 11048
361 0 1 0 11121 11122
362 1 1 0 11166 11168
363 0 1 0 11257 11258
364 3 0 11211 0 11214
365 11206 1 8 1 11216
366 11250 1 13 0 11264
367 11271 0 0 5 11276
368 0 19 0 11274 11293
369 11293 0 0 0 11293
370 2 0 11078 1 11081
371 1 11163 0 5 11169
372 11409 0 0 1 11410
373 0 0 11264 1 11265
374 11362 2 0 2 11366
375 11351 2 1 5 11359
376 0 0 11079 2 11081
377 13 1 10580 0 10594
378 3 11025 0 0 11028
379 1 11198 0 0 11199
380 11449 0 2 0 11451
381 3 1 1 11511 11516
382 7 0 11399 1 11407
383 11440 1 1 0 11442
384 11307 1 129 0 11437
385 11443 0 2 0 11445
386 14 0 11324 0 11338
387 0 11330 0 0 11330
388 5 0 0 11304 11309
389 0 11230 1 1 11232
390 11401 2 1 1 11405
391 0 0 11140 1 11141
392 0 10852 0 0 10852
393 0 1 11470 1 11472
394 1 11359 0 1 11361
395 4 2 2 11641 11649
396 11563 0 13 4 11580
397 25 11696 0 27 11748
398 0 1 3 11853 11857
399 11884 0 1 2 11887
400 1 3 1 11836 11841
401 11828 0 0 0 11828
402 0 11937 0 0 11937
403 0 0 0 11888 11888
404 0 0 11908 1 11909
405 0 0 0 11904 11904
406 1 12179 1 0 12181
407 0 6 2 12125 12133
408 1894 10463 0 0 12357
409 12406 3 10 0 12419
410 0 11 1 12638 12650
411 0 0 12553 1 12554
412 1 0 12601 1 12603
413 1 10 1 12429 12441
414 25 12533 0 3 12561
415 12763 0 3 1 12767
416 0 3 0 12885 12888
417 0 0 12941 1 12942
418 0 5 0 12812 12817
419 12650 1 5 0 12656
420 10 13328 0 1 13339
421 1 13496 0 1 13498
422 1 5 1 13603 13610
423 6 0 13548 2 13556
424 13376 0 0 1 13377
425 13429 0 0 0 13429
426 2 2 0 13399 13403
427 4 13365 0 2 13371
428 1 13741 1 4 13747
429 2 0 0 13861 13863
430 13 0 13969 1 13983
431 4 0 13938 1 13943
432 14293 0 73 0 14366
433 14517 1 3 0 14521
434 14569 1 1 1 14572
435 1 0 2 14516 14519
436 0 4 2 14803 14809
437 15051 0 13 1 15065
438 1 1 1 15005 15008
439 2 2 1 14952 14957
440 1 15062 0 5 15068
441 15169 0 1 0 15170
442 15094 0 1 2 15097
443 2 6 0 15130 15138
444 9 0 15156 1 15166
445 2 15123 1 4 15130
446 15317 1 2 1 15321
447 15223 0 0 0 15223
448 0 0 15307 1 15308
449 1 1 0 14995 14997
450 15266 3 1 0 15270
451 15263 0 1 0 15264
452 15242 0 2 1 15245
453 15121 2 1 6 15130
454 1 15334 0 0 15335
455 0 0 1 15330 15331
456 15359 0 3 0 15362
457 2 0 15370 1 15373
458 2 0 15235 0 15237
459 15394 0 9 0 15403
460 15391 0 3 0 15394
461 0 15395 0 1 15396
462 3 0 15315 0 15318
463 0 15351 0 1 15352
464 0 4 0 15360 15364
465 335 15189 0 1 15525
466 4 4 1 15539 15548
467 3 13 15510 2 15528
468 4 3 0 15140 15147
469 0 0 15399 11 15410
470 1 15391 0 1 15393
471 0 4 0 15407 15411
472 1 0 0 15434 15435
473 0 1 0 15521 15522
474 15510 0 4 0 15514
475 3 2 0 15291 15296
476 5 0 15300 0 15305
477 1 15363 1 22 15387
478 2 0 15563 1 15566
479 15413 0 43 0 15456
480 2 0 15508 0 15510
481 15424 0 1 0 15425
482 15366 0 1 0 15367
483 15270 0 1 0 15271
484 0 15511 0 0 15511
485 15529 0 0 1 15530
486 15414 0 1 0 15415
487 2 0 15388 1 15391
488 0 15277 0 1 15278
489 15333 0 3 1 15337
490 1 0 1 15155 15157
491 0 15277 0 2 15279
492 15154 0 3 0 15157
493 13 15227 0 5 15245
494 15325 0 0 0 15325
495 0 1 2 15154 15157
496 0 0 0 15018 15018
497 0 15144 1 5 15150
498 15141 1 2 0 15144
499 21 15185 0 11 15217
500 15132 0 0 3 15135
501 880 14315 19 6 15220
502 15246 2 12 0 15260
503 2 0 14931 11 14944
504 24 0 14515 4 14543
505 3 0 14635 1 14639
506 0 14761 0 3 14764
507 0 3 2 14752 14757
508 0 14814 0 0 14814
509 15148 0 1 0 15149
510 1 18 0 15076 15095
511 15166 0 0 0 15166
512 2 0 15014 0 15016
513 0 15007 0 0 15007
514 15088 0 2 1 15091
515 1 0 14937 0 14938
516 14760 0 3 1 14764
517 4 1 14778 0 14783
518 1 14672 1 2 14676
519 14832 0 2 0 14834
520 1 0 14846 0 14847
521 0 14730 0 3 14733
522 15 1 14736 0 14752
523 14602 0 0 10 14612
524 14 0 14636 0 14650
525 14596 0 3 0 14599
526 0 0 0 14556 14556
527 0 14709 0 0 14709
528 0 2 1 14566 14569
529 1 0 0 14444 14445
530 19 14568 0 0 14587
531 14627 0 8 0 14635
532 0 0 14452 0 14452
533 2 2 0 14068 14072
534 3 0 14094 0 14097
535 19 13965 0 0 13984
536 5 14301 0 1 14307
537 0 0 1 14400 14401
538 10 0 14368 0 14378
539 5 0 14219 6 14230
540 14206 0 3 0 14209
541 2 0 14299 0 14301
542 3 1 0 13929 13933
543 0 1 14083 0 14084
544 14051 0 1 0 14052
545 1 2 14158 1 14162
546 14164 0 2 0 14166
547 5 13999 0 1 14005
548 4 0 14096 0 14100
549 13984 0 2 0 13986
550 4 0 14086 0 14090
551 14055 0 2 1 14058
552 14107 0 0 0 14107
553 14061 0 0 1 14062
554 0 1 0 13964 13965
555 15 0 13912 0 13927
556 3 13868 1 3 13875
557 13925 0 9 0 13934
558 1 0 13942 1 13944
559 13782 0 3 0 13785
560 1 1 1 13703 13706
561 2 0 13663 0 13665
562 13 0 13621 0 13634
563 0 1 0 13247 13248
564 3 13428 0 0 13431
565 0 1 1 13430 13432
566 6 13592 0 1 13599
567 13752 0 2 9 13763
568 1 0 13590 0 13591
569 0 13374 0 1 13375
570 1 0 0 13570 13571
571 13574 0 0 0 13574
572 1 0 0 13494 13495
573 8 0 13446 0 13454
574 13331 0 1 2 13334
575 13357 0 0 1 13358
576 1 13098 0 0 13099
577 13181 0 0 2 13183
578 0 13205 0 1 13206
579 13225 0 0 0 13225
580 5 0 13165 0 13170
581 3 13100 0 2 13105
582 13232 0 0 0 13232
583 13223 0 5 0 13228
584 13134 0 0 0 13134
585 13100 0 0 0 13100
586 12951 0 41 1 12993
587 11 13062 0 0 13073
588 12941 1 1 0 12943
589 12727 0 0 0 12727
590 3 3 0 12609 12615
591 700 0 12031 0 12731
592 12476 1 0 0 12477
593 12418 1 0 0 12419
594 1 17 0 12420 12438
595 1 0 12501 0 12502
596 1 0 12359 12 12372
597 12016 0 0 0 12016
598 12130 0 1 1 12132
599 1 11 0 12083 12095
600 0 0 12137 3 12140
601 1 3 12035 0 12039
602 2 0 12032 0 12034
603 12032 0 0 1 12033
604 12120 0 1 2 12123
605 12083 0 2 0 12085
606 12008 0 2 4 12014
607 0 0 11991 0 11991
608 0 1 11779 0 11780
609 11732 0 2 5 11739
610 1 0 11873 0 11874
611 11989 1 4 0 11994
612 12003 0 2 4 12009
613 0 0 11891 0 11891
614 11765 0 3 0 11768
615 1 11836 0 0 11837
616 4 7 11971 0 11982
617 1 1 0 11686 11688
618 0 11734 0 4 11738
619 4 12002 0 17 12023
620 12158 0 5 0 12163
621 12074 1 0 7 12082
622 11951 0 18 0 11969
623 11875 0 14 0 11889
624 1 1 11788 0 11790
625 1 11769 0 1 11771
626 1 1 0 11736 11738
627 4 0 11688 3 11695
628 5 0 11548 2 11555
629 0 11644 5 0 11649
630 11821 0 0 2 11823
631 0 0 11768 0 11768
632 11808 0 0 1 11809
633 11723 0 0 0 11723
634 0 0 11549 0 11549
635 11628 0 3 0 11631
636 17 0 11574 1 11592
637 0 7 0 10990 10997
638 0 1 0 11385 11386
639 3 0 11421 0 11424
640 2 11361 1 1 11365
641 11525 0 2 0 11527
642 11490 0 0 0 11490
643 11499 1 1 0 11501
644 11 0 11404 0 11415
645 0 11266 0 0 11266
646 11426 0 5 2 11433
647 11344 0 4 1 11349
648 1 11325 0 1 11327
649 11410 0 3 2 11415
650 1 1 2 11389 11393
651 0 0 0 11429 11429
652 1 0 11371 0 11372
653 0 0 11233 0 11233
654 11145 0 2 0 11147
655 0 0 11246 0 11246
656 0 2 0 10662 10664
657 0 0 10967 0 10967
658 0 10988 0 4 10992
659 0 4 2 11109 11115
660 1 0 11098 0 11099
661 10829 0 0 2 10831
662 0 0 10884 0 10884
663 10833 0 2 0 10835
664 2 0 0 10675 10677
665 0 10666 0 0 10666
666 1 1 1 10639 10642
667 0 10455 0 8 10463
668 3 0 1 10596 10600
669 0 1 0 10604 10605
670 1 1 10528 4 10534
671 1 0 10396 2 10399
672 2 0 10373 6 10381
673 1 0 10357 0 10358
674 1 10153 0 5 10159
675 10453 0 1 0 10454
676 10327 0 9 0 10336
677 0 0 10459 1 10460
678 1 2 0 9964 9967
679 0 10244 0 0 10244
680 10427 0 1 1 10429
681 10389 0 7 0 10396
682 10336 0 1 0 10337
683 10222 0 72 0 10294
684 0 0 10235 0 10235
685 9976 1 0 1 9978
686 10004 1 0 0 10005
687 6 0 0 10005 10011
688 2 0 10120 0 10122
689 1 0 10107 0 10108
690 0 0 10092 0 10092
691 6 0 10061 0 10067
692 9924 0 0 0 9924
693 9994 12 2 0 10008
694 1 0 10068 0 10069
695 0 0 9937 1 9938
696 1 0 9967 2 9970
697 9847 1 0 3 9851
698 0 0 1 9751 9752
699 0 1 2 9875 9878
700 1 0 9861 1 9863
701 0 9807 1 0 9808
702 9922 1 1 0 9924
703 9843 0 1 0 9844
704 9827 0 4 0 9831
705 116 0 9746 1 9863
706 0 0 9799 0 9799
707 9693 0 0 0 9693
708 0 0 0 9752 9752
709 0 0 9818 0 9818
710 0 1 0 9707 9708
711 9750 0 0 0 9750
712 9660 0 0 1 9661
713 0 0 0 9743 9743
714 1 1 9681 3 9686
715 0 0 9657 0 9657
716 9562 1 2 1 9566
717 9499 0 3 0 9502
718 0 0 9462 0 9462
719 0 1 0 9261 9262
720 0 0 9356 0 9356
721 2 9271 0 1 9274
722 2 0 3 9505 9510
723 9488 0 1 0 9489
724 9424 0 0 0 9424
725 9414 0 0 0 9414
726 0 0 9252 1 9253
727 2 9146 0 2 9150
728 9267 0 0 0 9267
729 0 0 9194 1 9195
730 9067 0 0 0 9067
731 1 2 9095 0 9098
732 0 8879 0 1 8880
733 0 2 0 8839 8841
734 0 8822 0 0 8822
735 0 8881 0 3 8884
736 8944 0 1 1 8946
737 0 0 0 8952 8952
738 4 0 8928 1 8933
739 0 0 8893 0 8893
740 0 1 8831 0 8832
741 8813 0 4 0 8817
742 7462 0 1384 0 8846
743 8847 0 2 0 8849
744 0 3 0 8734 8737
745 0 2 0 8735 8737
746 0 8693 0 2 8695
747 8673 0 8 0 8681
748 4 0 8515 0 8519
749 1 8381 0 2 8384
750 1 1 1 8275 8278
751 2 8221 0 1 8224
752 0 4 0 8330 8334
753 0 3 0 8334 8337
754 7 0 8261 0 8268
755 1 1 1 8086 8089
756 2 0 8052 0 8054
757 7985 0 0 0 7985
758 7935 0 0 0 7935
759 0 0 7929 1 7930
760 7818 0 1 0 7819
761 7823 0 2 0 7825
762 7838 0 0 0 7838
763 1 0 0 7832 7833
764 7752 0 0 0 7752
765 0 3 0 7758 7761
766 0 7692 0 1 7693
767 0 1 0 7773 7774
768 7693 0 1 0 7694
769 0 0 3 7629 7632
770 7615 0 6 1 7622
771 7582 0 1 0 7583
772 4 0 0 7510 7514
773 2 0 7395 0 7397
774 4 5137 0 2190 7331
775 0 0 0 7199 7199
776 1 7255 0 2 7258
777 1 0 7301 7 7309
778 7224 0 1 0 7225
779 7083 0 0 1 7084
780 0 7183 0 0 7183
781 4 7194 0 0 7198
782 7185 0 1 0 7186
783 0 2 0 7135 7137
784 0 1 0 7143 7144
785 1 0 0 7033 7034
786 0 6933 0 2 6935
787 6939 0 2 1 6942
788 0 0 6888 0 6888
789 59 0 6630 0 6689
790 1 0 0 6509 6510
791 0 0 0 6518 6518
792 5 6504 0 1 6510
793 0 0 0 6569 6569
794 0 2 0 6551 6553
795 6404 0 0 1 6405
796 2 6349 0 0 6351
797 6352 0 0 0 6352
798 6231 1 1 0 6233
799 0 1 0 6127 6128
800 0 0 0 6132 6132
801 1 0 1 6107 6109
802 0 0 5999 0 5999
803 1 0 0 5880 5881
804 0 0 0 5649 5649
805 2 5587 0 0 5589
806 0 1 0 5623 5624
807 0 0 0 5586 5586
808 0 0 0 5559 5559
809 0 1 0 5574 5575
810 5476 0 0 0 5476
811 0 1 0 5312 5313
812 0 1 0 5133 5134
813 0 0 0 5120 5120
814 0 0 0 5102 5102
815 5036 0 6 0 5042
816 1 1 1 4892 4895
817 0 4892 0 1 4893
818 4873 0 1 0 4874
819 1 0 4711 3 4715
820 0 4686 0 0 4686
821 0 1 0 4548 4549
822 1 4580 0 4 4585
823 0 2 0 4454 4456
824 4 4546 0 1 4551
825 0 4616 0 0 4616
826 4593 0 0 0 4593
827 0 0 0 4451 4451
828 0 0 0 4377 4377
829 1 0 0 4349 4350
830 0 4368 0 0 4368
831 4370 0 0 2 4372
832 0 2 0 4339 4341
833 19 0 4244 0 4263
834 0 0 4175 0 4175
835 0 4163 0 3 4166
836 0 2 0 4245 4247
837 2 0 0 4262 4264
838 0 0 4128 0 4128
839 0 0 4103 1 4104
840 4010 0 2 0 4012
841 0 3987 0 0 3987
842 4006 0 18 0 4024
843 4013 0 0 1 4014
844 0 0 1 3998 3999
845 3970 0 0 0 3970
846 0 0 3846 2 3848
847 0 0 3909 0 3909
848 17 0 3843 1 3861
849 0 3764 0 1 3765
850 3834 0 0 0 3834
851 0 1 0 3802 3803
852 0 6 0 3859 3865
853 0 4 0 3885 3889
854 4 0 3550 0 3554
855 3574 0 1 0 3575
856 3645 0 0 0 3645
857 0 0 0 3623 3623
858 0 3538 0 1 3539
859 3553 0 0 0 3553
860 3642 0 0 0 3642
861 3638 0 1 0 3639
862 6 0 0 3541 3547
863 3328 0 188 0 3516
864 3518 0 0 1 3519
865 3524 1 1 0 3526
866 3503 0 0 0 3503
867 3468 0 1 0 3469
868 74 0 3239 0 3313
869 3331 0 4 0 3335
870 0 0 3288 0 3288
871 0 0 3316 0 3316
872 3232 0 73 0 3305
873 3335 0 0 0 3335
874 0 0 0 3264 3264
875 3305 0 0 0 3305
876 3295 0 0 0 3295
877 3241 0 0 0 3241
878 2 3206 0 0 3208
879 3050 0 0 0 3050
880 0 2 0 2991 2993
881 2 0 3013 0 3015
882 3002 0 0 0 3002
883 3036 1 0 0 3037
884 3011 0 1 0 3012
885 2989 0 1 0 2990
886 0 3 0 2873 2876
887 2846 0 0 1 2847
888 0 2825 0 0 2825
889 0 0 2850 0 2850
890 2791 0 0 0 2791
891 2854 0 2 0 2856
892 0 0 0 2777 2777
893 2843 0 1 0 2844
894 2858 0 0 0 2858
895 2858 0 0 0 2858
896 2825 0 0 0 2825
897 0 0 2655 0 2655
898 0 0 2638 0 2638
899 0 0 0 2328 2328
900 0 2547 0 0 2547
901 0 2630 0 0 2630
902 2645 0 0 0 2645
903 2658 0 1 1 2660
904 2605 0 0 1 2606
905 0 2549 0 0 2549
906 2584 0 0 0 2584
907 2609 0 0 0 2609
908 2587 0 0 1 2588
909 0 0 2437 0 2437
910 2461 0 0 0 2461
911 1 0 2382 0 2383
912 2442 0 3 0 2445
913 2 2383 0 0 2385
914 2467 0 0 0 2467
915 2492 0 0 0 2492
916 0 0 0 2357 2357
917 2454 0 0 0 2454
918 2464 0 0 1 2465
919 2431 0 0 0 2431
920 0 2352 0 13 2365
921 2398 0 0 0 2398
922 0 0 2323 0 2323
923 2354 0 0 0 2354
924 0 0 2303 0 2303
925 2337 0 0 1 2338
926 2 0 2292 0 2294
927 0 0 2350 0 2350
928 0 2 0 2065 2067
929 2298 0 0 0 2298
930 0 0 0 2243 2243
931 0 2324 0 0 2324
932 1965 0 409 3 2377
933 2361 0 0 0 2361
934 0 0 1 2320 2321
935 0 0 0 2354 2354
936 0 5 0 2349 2354
937 0 7 0 2351 2358
938 0 0 2239 0 2239
939 2242 0 0 0 2242
940 0 0 2227 0 2227
941 2206 0 0 0 2206
942 2 2173 0 0 2175
943 2197 0 0 1 2198
944 0 2180 0 0 2180
945 2193 0 1 0 2194
946 0 0 2146 0 2146
947 0 0 0 2102 2102
948 0 0 1 2128 2129
949 2077 0 0 0 2077
950 0 2075 0 0 2075
951 0 2088 0 1 2089
952 2102 0 0 0 2102
953 2089 0 3 0 2092
954 2085 0 0 0 2085
955 2105 0 0 0 2105
956 2078 0 0 0 2078
957 0 0 1948 0 1948
958 1972 0 0 0 1972
959 1971 0 0 0 1971
960 1972 0 0 0 1972
961 0 6 1 1814 1821
962 0 1851 0 0 1851
963 0 1875 0 0 1875
964 1905 1 1 1 1908
965 0 0 1828 0 1828
966 0 0 1805 0 1805
967 0 1781 0 0 1781
968 3 1851 0 0 1854
969 1890 0 0 0 1890
970 1910 0 0 0 1910
971 1909 0 0 0 1909
972 0 0 1871 0 1871
973 1855 0 0 0 1855
974 1853 0 3 0 1856
975 1849 0 0 0 1849
976 0 1817 0 0 1817
977 1819 0 0 0 1819
978 1801 0 0 0 1801
979 0 8 0 1676 1684
980 0 0 1673 0 1673
981 1666 0 0 0 1666
982 1673 0 0 0 1673
983 0 0 1627 0 1627
984 0 0 1623 2 1625
985 1670 0 0 0 1670
986 1667 0 0 0 1667
987 0 0 1532 0 1532
988 0 0 0 1489 1489
989 0 0 1558 0 1558
990 0 1581 1 0 1582
991 0 0 0 1586 1586
992 0 1591 1 0 1592
993 0 0 0 1613 1613
994 0 1498 0 113 1611
995 4 1 0 1604 1609
996 1 0 1593 0 1594
997 1586 0 2 0 1588
998 0 1580 0 1 1581
999 1580 0 3 0 1583
1000 1587 0 0 0 1587
1001 3 1554 0 0 1557
1002 1569 3 6 0 1578
1003 0 0 0 1543 1543
1004 0 0 1563 0 1563
1005 2 0 1558 0 1560
1006 1539 0 6 0 1545
1007 0 0 1533 0 1533
1008 0 0 1542 0 1542
1009 0 1 0 1376 1377
1010 1507 0 0 0 1507
1011 0 0 0 1517 1517
1012 0 0 0 1518 1518
1013 0 0 1499 0 1499
1014 1511 0 0 0 1511
1015 1519 0 0 0 1519
1016 0 0 0 1467 1467
1017 1 0 1436 0 1437
1018 1446 0 0 0 1446
1019 1 1425 0 0 1426
1020 2 1438 0 0 1440
1021 1441 0 0 0 1441
1022 1 1431 0 0 1432
1023 1441 0 0 0 1441
1024 0 0 0 1419 1419
1025 1438 0 0 0 1438
1026 1431 0 0 0 1431
1027 0 0 0 1413 1413
1028 1430 0 0 0 1430
1029 1412 0 1 0 1413
1030 0 0 0 1385 1385
1031 0 0 0 1394 1394
1032 0 0 1399 0 1399
1033 1381 0 0 0 1381
1034 14 0 1358 0 1372
1035 6 0 1360 0 1366
1036 0 0 1360 0 1360
1037 1338 0 0 0 1338
1038 0 1343 0 0 1343
1039 0 0 0 1360 1360
1040 0 6 0 1347 1353
1041 0 0 0 1327 1327
1042 0 1316 0 3 1319
1043 0 0 0 1314 1314
1044 0 0 1296 0 1296
1045 1 1246 0 1 1248
1046 1 1283 0 0 1284
1047 0 0 1297 0 1297
1048 1273 0 0 0 1273
1049 1260 0 0 0 1260
1050 1 0 1273 0 1274
1051 1255 0 0 0 1255
1052 1 0 1256 0 1257
1053 1259 0 0 0 1259
1054 0 0 0 1247 1247
1055 1257 0 0 0 1257
1056 1259 0 0 0 1259
1057 0 0 0 1253 1253
1058 1262 0 0 0 1262
1059 1251 0 0 0 1251
1060 1254 0 0 0 1254
1061 1242 0 0 0 1242
1062 1241 0 0 0 1241
1063 0 0 0 1222 1222
1064 0 0 1218 0 1218
1065 0 0 1199 0 1199
1066 0 0 1197 0 1197
1067 0 0 0 1156 1156
1068 0 0 1186 0 1186
1069 1178 0 12 0 1190
1070 1185 0 0 0 1185
1071 1164 0 0 0 1164
1072 1 1177 0 0 1178
1073 1163 0 0 0 1163
1074 0 0 1160 0 1160
1075 0 1 0 1123 1124
1076 0 0 0 1134 1134
1077 0 0 0 1123 1123
1078 0 0 0 1147 1147
1079 0 0 1127 0 1127
1080 0 0 1128 0 1128
1081 1113 0 0 0 1113
1082 0 0 1113 0 1113
1083 1115 0 0 0 1115
1084 0 0 0 1111 1111
1085 1111 0 0 0 1111
1086 0 0 1104 0 1104
1087 1106 0 0 0 1106
1088 1107 0 0 0 1107
1089 1 0 1083 0 1084
1090 1118 0 0 0 1118
1091 1114 0 0 0 1114
1092 0 0 0 1088 1088
1093 0 0 1 1122 1123
1094 0 0 1104 0 1104
1095 0 1098 0 1 1099
1096 1120 0 0 0 1120
1097 0 1 0 1090 1091
1098 0 0 0 1123 1123
1099 1118 0 0 0 1118
1100 1124 0 1 0 1125
1101 1117 0 0 0 1117
1102 0 0 0 1110 1110
1103 0 1 0 1106 1107
1104 0 1105 0 1 1106
1105 1105 0 0 0 1105
1106 1118 0 0 0 1118
1107 0 0 0 1116 1116
1108 0 0 0 1101 1101
1109 0 0 0 1097 1097
1110 0 0 0 1097 1097
1111 1024 0 0 63 1087
1112 1 1063 0 0 1064
1113 0 0 0 1014 1014
1114 0 0 1032 0 1032
1115 0 0 2 1031 1033
1116 1052 0 0 0 1052
1117 0 0 1 1038 1039
1118 0 0 1 1039 1040
1119 0 0 0 1033 1033
1120 1 1032 0 0 1033
1121 0 0 0 1031 1031
1122 0 0 0 1025 1025
1123 983 0 0 0 983
1124 0 971 0 0 971
1125 0 0 0 999 999
1126 991 0 0 0 991
1127 0 0 0 993 993
1128 2 1 974 0 977
1129 0 942 0 0 942
1130 971 0 0 0 971
1131 0 0 0 947 947
1132 0 0 0 968 968
1133 0 0 0 902 902
1134 905 0 0 0 905
1135 890 0 0 0 890
1136 0 0 870 1 871
1137 0 790 0 0 790
1138 789 0 8 0 797
1139 776 0 0 0 776
1140 767 0 0 0 767
1141 0 0 0 762 762
1142 0 0 0 745 745
1143 0 0 743 0 743
1144 0 0 0 728 728
1145 731 0 0 0 731
1146 718 0 0 0 718
1147 0 0 3 632 635
1148 1 619 0 0 620
1149 621 0 0 0 621
1150 618 0 0 0 618
1151 0 0 0 616 616
1152 15 0 583 0 598
1153 0 0 0 598 598
1154 0 588 0 0 588
1155 568 10 0 4 582
1156 0 0 569 0 569
1157 1 398 0 0 399
1158 390 0 0 0 390
1159 381 0 0 0 381
1160 378 0 0 0 378
1161 0 0 0 373 373
1162 358 0 0 0 358
1163 349 0 0 0 349
1164 338 0 0 0 338
1165 0 341 0 0 341
1166 0 0 0 283 283
1167 0 0 283 0 283
1168 0 0 275 0 275
1169 269 0 2 0 271
1170 270 0 0 0 270
1171 262 0 0 0 262
1172 258 0 0 0 258
1173 252 0 0 0 252
1174 0 0 230 0 230
1175 0 0 0 104 104
1176 0 0 105 0 105
1177 0 95 0 0 95
1178 0 0 81 0 81
1179 0 0 0 81 81
1180 0 0 0 83 83
1181 0 0 83 0 83
1182 0 0 0 82 82
1183 0 0 0 73 73
1184 0 0 0 72 72
1185 0 73 0 0 73
1186 0 0 0 72 72
1187 2 0 0 0 2
1188 0 2 0 0 2
1189 0 0 0 2 2
1190 0 0 0 0 0
