0 0 0 0 0 0
1 5 0 0 0 5
2 0 0 5 0 5
3 0 5 0 0 5
4 5 0 0 0 5
5 0 0 42 0 42
6 41 0 0 0 41
7 42 0 0 0 42
8 0 0 42 0 42
9 0 71 0 0 71
10 71 0 0 0 71
11 0 81 0 0 81
12 0 0 130 0 130
13 0 174 0 0 174
14 176 0 0 0 176
15 0 334 0 0 334
16 23 0 0 391 414
17 0 0 0 472 472
18 0 0 0 541 541
19 0 538 0 0 538
20 0 0 0 631 631
21 0 0 0 641 641
22 670 0 0 0 670
23 666 0 0 0 666
24 669 0 0 0 669
25 664 0 0 0 664
26 0 0 0 660 660
27 0 0 658 0 658
28 0 0 0 657 657
29 0 687 0 0 687
30 1 0 742 0 743
31 0 792 0 0 792
32 0 1 0 807 808
33 0 0 873 0 873
34 0 0 0 863 863
35 0 1 0 908 909
36 0 0 0 1010 1010
37 0 0 1021 0 1021
38 0 0 1010 0 1010
39 1002 0 15 0 1017
40 0 0 1050 0 1050
41 1100 0 0 0 1100
42 0 1138 0 0 1138
43 1155 0 0 0 1155
44 0 1289 0 0 1289
45 1274 0 1 0 1275
46 1297 0 0 1 1298
47 0 0 0 1353 1353
48 0 0 0 1353 1353
49 0 0 1367 0 1367
50 0 1372 0 0 1372
51 0 1387 0 0 1387
52 0 0 0 1380 1380
53 1370 0 0 0 1370
54 0 1472 0 0 1472
55 0 1 0 1459 1460
56 0 0 0 1479 1479
57 0 0 1469 0 1469
58 0 1553 0 0 1553
59 0 0 0 1593 1593
60 0 0 0 1595 1595
61 0 0 0 1599 1599
62 0 1600 0 0 1600
63 1623 0 0 0 1623
64 0 0 0 1641 1641
65 0 18 0 1652 1670
66 199 0 1476 1 1676
67 1599 0 0 45 1644
68 0 1678 0 1 1679
69 1692 0 0 0 1692
70 0 0 1700 0 1700
71 1665 0 0 0 1665
72 1687 0 0 0 1687
73 0 0 1711 0 1711
74 1657 0 3 0 1660
75 0 1 0 1745 1746
76 0 0 1776 0 1776
77 0 0 1760 0 1760
78 1726 0 5 0 1731
79 0 0 1773 0 1773
80 1757 0 0 0 1757
81 1772 0 0 7 1779
82 0 0 1857 0 1857
83 0 0 1891 0 1891
84 0 1922 0 1 1923
85 1965 0 0 0 1965
86 1964 0 0 0 1964
87 1950 0 0 0 1950
88 0 0 1957 0 1957
89 0 1997 0 1 1998
90 2006 0 0 0 2006
91 0 0 2000 0 2000
92 1995 0 1 0 1996
93 1991 0 10 1 2002
94 0 2012 0 0 2012
95 0 2 0 2009 2011
96 2004 0 0 0 2004
97 0 0 1952 0 1952
98 0 1986 0 0 1986
99 1999 0 0 0 1999
100 0 0 2032 0 2032
101 2014 0 0 0 2014
102 2024 0 0 0 2024
103 2037 0 0 0 2037
104 2025 0 0 0 2025
105 0 0 2046 0 2046
106 0 0 1 2020 2021
107 0 2 0 2052 2054
108 2053 0 0 0 2053
109 0 2041 0 0 2041
110 2013 0 0 0 2013
111 0 2045 0 18 2063
112 0 0 0 2060 2060
113 1 0 2079 0 2080
114 0 0 0 2052 2052
115 0 0 0 2070 2070
116 0 0 2066 0 2066
117 0 0 2088 0 2088
118 0 0 0 2001 2001
119 0 1 0 2081 2082
120 0 1 0 2100 2101
121 0 0 2095 0 2095
122 1 0 2083 0 2084
123 0 1 0 2022 2023
124 1 0 2100 0 2101
125 0 0 2071 0 2071
126 0 0 2089 0 2089
127 2104 0 0 0 2104
128 2400 0 62 0 2462
129 2506 0 0 0 2506
130 0 0 2508 0 2508
131 2498 0 0 6 2504
132 2797 0 0 0 2797
133 0 1 0 2812 2813
134 0 0 0 2838 2838
135 0 1 0 2852 2853
136 0 0 2867 0 2867
137 2863 0 0 0 2863
138 0 3021 0 0 3021
139 0 3205 0 0 3205
140 0 0 0 3252 3252
141 3252 0 0 0 3252
142 0 1 3225 0 3226
143 3256 0 0 1 3257
144 4 3272 0 0 3276
145 0 0 0 3255 3255
146 0 3286 0 2 3288
147 3111 0 188 0 3299
148 0 0 3289 0 3289
149 0 3283 0 0 3283
150 0 3326 0 0 3326
151 0 0 0 3347 3347
152 0 1 0 3357 3358
153 0 0 3362 0 3362
154 0 0 3324 0 3324
155 3313 0 0 0 3313
156 3331 0 1 0 3332
157 0 1 0 3340 3341
158 0 0 3336 0 3336
159 0 1 3324 0 3325
160 3270 0 11 0 3281
161 0 0 0 3344 3344
162 3399 0 0 0 3399
163 3374 0 0 0 3374
164 3361 0 0 1 3362
165 3364 0 0 0 3364
166 3351 0 0 0 3351
167 3358 1 0 0 3359
168 0 3380 0 0 3380
169 3402 0 0 0 3402
170 3370 1 16 0 3387
171 3394 0 0 0 3394
172 3372 0 1 0 3373
173 0 0 3350 0 3350
174 3334 0 0 0 3334
175 0 0 1 3340 3341
176 1 0 3338 0 3339
177 0 3346 0 1 3347
178 0 0 0 3369 3369
179 0 0 0 3373 3373
180 3373 0 0 0 3373
181 3370 0 0 0 3370
182 0 3379 0 0 3379
183 0 0 0 3323 3323
184 1 0 3327 0 3328
185 3357 0 0 0 3357
186 0 1 0 3331 3332
187 3367 0 0 0 3367
188 0 0 2 3351 3353
189 3203 0 144 0 3347
190 0 3353 0 0 3353
191 3404 0 1 0 3405
192 3349 1 19 0 3369
193 3346 0 0 0 3346
194 3356 0 0 0 3356
195 3384 0 0 0 3384
196 0 0 3313 0 3313
197 0 3257 0 0 3257
198 3268 0 0 0 3268
199 0 3328 0 0 3328
200 0 0 0 3365 3365
201 3353 0 0 0 3353
202 3331 0 0 0 3331
203 0 1 0 3347 3348
204 0 0 0 3325 3325
205 0 0 3310 0 3310
206 1 0 3237 0 3238
207 0 5 0 3215 3220
208 0 0 3301 0 3301
209 0 3492 0 2 3494
210 0 3562 0 0 3562
211 0 1 0 3660 3661
212 0 3713 0 1 3714
213 0 33 0 3654 3687
214 3728 0 6 0 3734
215 0 0 0 3783 3783
216 3755 29 0 0 3784
217 0 0 0 3833 3833
218 0 0 3985 0 3985
219 0 4278 0 0 4278
220 0 0 0 4279 4279
221 0 0 0 4418 4418
222 0 0 0 4440 4440
223 0 69 0 4404 4473
224 2 0 0 4482 4484
225 4487 0 0 0 4487
226 4449 1 0 0 4450
227 4429 0 2 0 4431
228 4404 0 0 0 4404
229 0 4416 0 1 4417
230 0 4388 0 0 4388
231 0 4485 0 1 4486
232 4520 0 0 0 4520
233 4497 0 0 0 4497
234 4470 0 0 0 4470
235 0 0 4404 0 4404
236 4414 0 0 0 4414
237 0 4410 0 0 4410
238 0 4405 0 0 4405
239 4420 0 0 0 4420
240 131 0 4312 0 4443
241 22 0 4381 0 4403
242 4321 0 1 0 4322
243 4421 0 0 0 4421
244 4427 0 1 0 4428
245 0 0 4424 0 4424
246 4344 0 1 0 4345
247 4414 0 0 0 4414
248 4455 0 1 0 4456
249 4493 0 0 0 4493
250 4554 0 2 0 4556
251 0 0 4504 0 4504
252 4438 0 0 0 4438
253 4426 0 0 0 4426
254 35 0 4402 0 4437
255 4430 0 0 0 4430
256 0 1 0 4443 4444
257 1 0 0 4457 4458
258 0 4399 0 36 4435
259 4588 1 0 0 4589
260 0 0 0 4555 4555
261 5 4566 0 0 4571
262 4560 0 2 0 4562
263 0 4588 1 0 4589
264 4638 1 2 1 4642
265 1 0 4578 0 4579
266 4551 0 0 0 4551
267 54 0 4517 0 4571
268 1 4482 0 0 4483
269 0 4485 0 1 4486
270 3 4537 0 1 4541
271 0 0 0 4549 4549
272 0 0 0 4569 4569
273 4582 0 0 0 4582
274 1 0 0 4498 4499
275 0 4559 0 2 4561
276 4579 0 1 0 4580
277 0 1 4584 5 4590
278 1 1 4596 1 4599
279 4546 0 0 1 4547
280 4576 0 0 0 4576
281 0 0 0 4595 4595
282 0 0 4596 0 4596
283 1 0 4549 19 4569
284 2 1 4547 0 4550
285 4599 0 0 0 4599
286 4664 0 0 0 4664
287 1 4621 0 0 4622
288 4654 0 0 0 4654
289 4635 0 1 0 4636
290 0 4660 0 0 4660
291 4738 0 0 0 4738
292 0 0 4668 0 4668
293 0 4717 0 0 4717
294 4757 0 2 0 4759
295 4763 0 1 0 4764
296 0 4781 0 0 4781
297 4969 1 14 0 4984
298 4964 0 0 0 4964
299 5030 0 1 0 5031
300 5037 0 0 0 5037
301 5128 0 0 0 5128
302 5102 0 0 0 5102
303 0 0 5096 0 5096
304 5100 0 0 0 5100
305 5176 0 0 0 5176
306 5197 0 0 0 5197
307 0 0 5106 0 5106
308 0 0 5194 0 5194
309 0 5269 0 1 5270
310 0 5336 0 1 5337
311 1 1 1 5285 5288
312 836 0 4522 0 5358
313 5316 0 1 0 5317
314 0 25 1 5336 5362
315 2 2 0 5409 5413
316 0 5447 0 0 5447
317 0 19 0 5438 5457
318 1 0 5485 0 5486
319 3 0 5334 0 5337
320 0 5363 0 3 5366
321 0 1 0 5473 5474
322 3 0 5484 0 5487
323 5409 0 0 1 5410
324 0 0 5491 2 5493
325 5495 0 2 1 5498
326 0 0 5754 0 5754
327 5775 0 24 0 5799
328 6131 0 0 0 6131
329 6234 0 1 0 6235
330 6266 0 0 0 6266
331 6238 0 1 0 6239
332 0 0 0 6211 6211
333 0 0 6249 0 6249
334 6473 0 0 3 6476
335 0 0 6531 0 6531
336 6492 0 3 0 6495
337 6467 0 0 0 6467
338 0 0 6460 0 6460
339 6384 0 1 0 6385
340 0 0 0 6378 6378
341 0 0 6429 0 6429
342 0 1 1 6354 6356
343 0 0 6497 0 6497
344 1 0 1 6619 6621
345 43 0 6603 0 6646
346 6750 0 1 0 6751
347 2 0 6774 1 6777
348 0 6995 0 0 6995
349 0 0 0 7016 7016
350 0 0 1 7042 7043
351 0 2 0 7069 7071
352 0 7135 0 0 7135
353 7157 0 1 0 7158
354 1 44 0 7150 7195
355 2 0 7199 0 7201
356 7169 0 0 1 7170
357 7198 0 2 0 7200
358 0 0 7156 0 7156
359 1 7188 0 0 7189
360 7272 0 1 0 7273
361 0 0 1 7333 7334
362 0 0 1 7370 7371
363 1 0 0 7428 7429
364 2 2 7475 0 7479
365 7471 1 0 0 7472
366 7523 1 1 0 7525
367 7507 0 0 0 7507
368 0 0 0 7604 7604
369 7584 0 0 0 7584
370 0 1 7524 1 7526
371 0 7392 0 137 7529
372 7629 0 1 0 7630
373 2 0 7582 0 7584
374 7595 0 0 0 7595
375 7642 0 1 1 7644
376 1 0 7543 0 7544
377 0 0 7275 0 7275
378 0 7486 0 4 7490
379 6 7671 0 3 7680
380 7763 0 1 0 7764
381 0 65 0 7809 7874
382 10 0 7853 0 7863
383 7986 0 1 0 7987
384 7943 0 0 0 7943
385 7892 0 1 0 7893
386 13 0 7851 0 7864
387 0 7852 0 0 7852
388 0 0 0 7856 7856
389 0 7848 0 2 7850
390 7921 0 0 0 7921
391 0 0 7801 0 7801
392 0 7627 1 0 7628
393 1 1 7931 0 7933
394 0 7963 0 3 7966
395 0 0 0 8183 8183
396 8158 1 1 0 8160
397 99 8099 0 0 8198
398 0 2 0 8238 8240
399 5205 0 3090 2 8297
400 1 1 1 8188 8191
401 8229 1 2 0 8232
402 0 8265 0 0 8265
403 0 0 1 8255 8256
404 1 1 8220 0 8222
405 0 0 0 8285 8285
406 0 8461 1 0 8462
407 0 0 0 8434 8434
408 28 8615 0 0 8643
409 8775 2 12 0 8789
410 0 1 0 8905 8906
411 2 0 8858 1 8861
412 0 0 9027 0 9027
413 1 0 1 8949 8951
414 45 8983 0 0 9028
415 9119 0 0 0 9119
416 0 1 1 9231 9233
417 2 0 9237 0 9239
418 1 3 1 9162 9167
419 9069 1 0 2 9072
420 0 9660 45 0 9705
421 0 9828 0 0 9828
422 1 0 0 9849 9850
423 3 0 9856 0 9859
424 9744 0 0 0 9744
425 9813 0 0 0 9813
426 0 0 0 9791 9791
427 0 9775 0 0 9775
428 0 10101 0 1 10102
429 0 32 1 10165 10198
430 1 0 10306 0 10307
431 4 0 10295 0 10299
432 10487 8 76 1 10572
433 10681 0 0 1 10682
434 10630 0 0 0 10630
435 0 9 0 10624 10633
436 0 0 0 10758 10758
437 10855 0 0 2 10857
438 2 2 0 10814 10818
439 1 4 0 10754 10759
440 1 10765 0 5 10771
441 10819 0 1 1 10821
442 10800 0 1 9 10810
443 1 152 1 10634 10788
444 1 0 10791 0 10792
445 0 10828 1 1 10830
446 10879 0 0 1 10880
447 10844 0 0 2 10846
448 3 1 10971 0 10975
449 1 0 0 10724 10725
450 10871 0 0 0 10871
451 10863 0 0 0 10863
452 10794 0 0 0 10794
453 10719 0 0 0 10719
454 0 10808 0 1 10809
455 1 1 1 10745 10748
456 10645 58 2 1 10706
457 2 2 10694 0 10698
458 0 0 10648 0 10648
459 10793 0 11 1 10805
460 10810 0 0 0 10810
461 0 10824 0 0 10824
462 0 0 10713 19 10732
463 0 10742 0 0 10742
464 1 1 0 10714 10716
465 2 10778 0 1 10781
466 1 1 0 10764 10766
467 1 31 10724 1 10757
468 0 0 0 10617 10617
469 1 0 10741 0 10742
470 2 10796 2 0 10800
471 0 1 2 10780 10783
472 0 0 0 10733 10733
473 0 0 1 10794 10795
474 10778 0 41 0 10819
475 0 0 0 10712 10712
476 3 0 10751 0 10754
477 0 10869 0 18 10887
478 1 0 10942 0 10943
479 10932 0 5 0 10937
480 1 0 10962 0 10963
481 10879 0 0 1 10880
482 10882 0 0 0 10882
483 10832 0 2 0 10834
484 1 10852 0 0 10853
485 10877 0 0 0 10877
486 10800 0 0 0 10800
487 0 0 10826 0 10826
488 0 10739 0 0 10739
489 10781 0 9 1 10791
490 0 2 0 10749 10751
491 0 10846 0 1 10847
492 10778 0 0 0 10778
493 1 10841 0 1 10843
494 10959 0 0 0 10959
495 0 1 0 10850 10851
496 1 1 0 10761 10763
497 0 10793 0 1 10794
498 10766 0 1 1 10768
499 152 10659 0 0 10811
500 10791 0 0 0 10791
501 133 10566 104 4 10807
502 10858 0 4 1 10863
503 2 0 10690 2 10694
504 0 0 10399 32 10431
505 2 0 10508 0 10510
506 0 10588 1 0 10589
507 1 0 0 10649 10650
508 1 10574 0 3 10578
509 10870 0 1 4 10875
510 1 0 0 10819 10820
511 10848 0 0 0 10848
512 1 0 10840 0 10841
513 6 10772 1 1 10780
514 10892 0 1 0 10893
515 1 1 10711 1 10714
516 10550 0 1 0 10551
517 0 0 10564 0 10564
518 0 10649 0 1 10650
519 10720 0 1 0 10721
520 1 0 10730 0 10731
521 1 10702 1 2 10706
522 101 12 10630 0 10743
523 10557 0 0 0 10557
524 0 1 10626 0 10627
525 10618 0 1 1 10620
526 2 1 0 10571 10574
527 1 10667 0 0 10668
528 0 0 1 10652 10653
529 1 0 0 10588 10589
530 0 10673 0 3 10676
531 10707 0 2 0 10709
532 0 0 10648 0 10648
533 0 6 0 10339 10345
534 1 1 10181 0 10183
535 0 10244 0 2 10246
536 1 10418 0 29 10448
537 0 4 0 10562 10566
538 1 0 10512 0 10513
539 3 1 10429 0 10433
540 10365 0 1 13 10379
541 0 0 10442 0 10442
542 0 1 0 10174 10175
543 0 0 10354 0 10354
544 10340 0 1 0 10341
545 1 0 10359 0 10360
546 10366 0 0 0 10366
547 94 10356 0 1 10451
548 0 0 10555 0 10555
549 10499 1 0 0 10500
550 7 1 10591 0 10599
551 10575 1 1 0 10577
552 10604 0 0 0 10604
553 10591 0 3 11 10605
554 0 0 0 10428 10428
555 2 0 10356 0 10358
556 1 10306 0 0 10307
557 10359 0 0 0 10359
558 1 0 10438 0 10439
559 10283 0 0 0 10283
560 1 0 0 10243 10244
561 0 0 10231 0 10231
562 0 0 10235 0 10235
563 1 3 0 10106 10110
564 11 10257 0 0 10268
565 1 0 1 10254 10256
566 0 10331 0 1 10332
567 10328 0 3 0 10331
568 1 0 10147 0 10148
569 1 10049 0 2 10052
570 0 0 1 10245 10246
571 10252 0 2 0 10254
572 3 1 1 10155 10160
573 1 1 10144 0 10146
574 10110 0 1 0 10111
575 10120 0 1 0 10121
576 1 9932 0 0 9933
577 9931 0 0 0 9931
578 1 9895 0 1 9897
579 9964 1 3 0 9968
580 1 0 9789 0 9790
581 1 9774 0 1 9776
582 9855 7 2 0 9864
583 9798 0 1 0 9799
584 9810 0 2 0 9812
585 9783 0 0 0 9783
586 9622 0 0 0 9622
587 0 9587 0 0 9587
588 9554 0 4 0 9558
589 9286 0 0 0 9286
590 0 0 1 9279 9280
591 63 0 9235 0 9298
592 9167 0 1 0 9168
593 9150 0 1 0 9151
594 0 0 2 9046 9048
595 2 1 9153 1 9157
596 3 0 9102 0 9105
597 8876 0 56 0 8932
598 8973 1 3 0 8977
599 0 4 0 8978 8982
600 1 0 9095 0 9096
601 3 0 9101 0 9104
602 1 0 9256 0 9257
603 9181 1 1 0 9183
604 9244 0 0 0 9244
605 9253 0 1 0 9254
606 9183 0 2 1 9186
607 40 0 9142 1 9183
608 0 1 9064 0 9065
609 8977 0 2 0 8979
610 2 0 9109 0 9111
611 9193 0 0 0 9193
612 9081 0 55 0 9136
613 0 0 9077 0 9077
614 8992 0 1 0 8993
615 19 8920 0 0 8939
616 2 0 9044 0 9046
617 1 2 0 8939 8942
618 1 8943 0 13 8957
619 19 9066 0 2 9087
620 9223 0 1 0 9224
621 9200 1 0 0 9201
622 9236 0 0 0 9236
623 9205 0 0 0 9205
624 0 0 9116 0 9116
625 2 9116 0 22 9140
626 0 1 1 9128 9130
627 3 0 9079 0 9082
628 0 0 9024 0 9024
629 1 9011 0 0 9012
630 9087 0 1 0 9088
631 1 0 9089 0 9090
632 9114 0 0 1 9115
633 9025 0 50 0 9075
634 1 0 8894 0 8895
635 8899 0 0 0 8899
636 0 0 8863 0 8863
637 0 0 0 8506 8506
638 0 1 0 8729 8730
639 3 0 8735 0 8738
640 0 8705 0 0 8705
641 8859 1 1 0 8861
642 8796 0 0 0 8796
643 8731 0 1 0 8732
644 1 0 8690 1 8692
645 1 8679 0 0 8680
646 8833 0 0 0 8833
647 8774 0 0 0 8774
648 1 8799 0 0 8800
649 8849 0 1 16 8866
650 0 0 1 8754 8755
651 1 23 0 8875 8899
652 0 0 8887 0 8887
653 1 0 8741 1 8743
654 8655 0 2 0 8657
655 1 0 8741 0 8742
656 1 1 0 8242 8244
657 1 0 8457 0 8458
658 0 8509 0 0 8509
659 0 0 1 8545 8546
660 2 0 8595 2 8599
661 8301 0 0 0 8301
662 0 0 8384 0 8384
663 8254 0 1 1 8256
664 0 1 1 8105 8107
665 1 8171 0 0 8172
666 1 2 1 8076 8080
667 1 8004 0 0 8005
668 0 0 1 8104 8105
669 0 0 1 8136 8137
670 14 6 7977 0 7997
671 3 0 7932 0 7935
672 3 0 7898 1 7902
673 4 0 7948 0 7952
674 0 7839 0 1 7840
675 8057 0 2 0 8059
676 8036 0 1 0 8037
677 0 0 8084 0 8084
678 1 0 2 7797 7800
679 8 7968 0 0 7976
680 8006 0 1 0 8007
681 7968 0 0 0 7968
682 7952 0 0 0 7952
683 7901 0 2 0 7903
684 1 0 7829 0 7830
685 7684 0 1 0 7685
686 7697 0 0 1 7698
687 0 0 31 7723 7754
688 1 0 7780 0 7781
689 0 0 7711 1 7712
690 6 0 7652 1 7659
691 4 0 7663 0 7667
692 7511 0 0 0 7511
693 7598 0 0 1 7599
694 0 0 7613 0 7613
695 0 0 7531 2 7533
696 1 0 7577 0 7578
697 7440 0 2 0 7442
698 2 2 1 7406 7411
699 0 1 2 7432 7435
700 4 0 7407 8 7419
701 1 7382 0 4 7387
702 7423 0 1 1 7425
703 7391 0 2 0 7393
704 7374 0 0 0 7374
705 0 0 7399 1 7400
706 0 0 7385 0 7385
707 7219 0 1 0 7220
708 0 0 2 7300 7302
709 0 1 7346 0 7347
710 23 0 1 7213 7237
711 7277 0 2 1 7280
712 7225 0 0 0 7225
713 0 1 0 7266 7267
714 11 0 7220 0 7231
715 9 0 7213 0 7222
716 7190 0 1 1 7192
717 7124 0 0 0 7124
718 0 0 7013 0 7013
719 1 2 0 6931 6934
720 0 0 7057 0 7057
721 1 6888 0 150 7039
722 0 1 0 7144 7145
723 7150 0 1 0 7151
724 7122 0 0 0 7122
725 7104 0 0 0 7104
726 0 0 7024 0 7024
727 1 6832 0 0 6833
728 6894 0 1 0 6895
729 1 0 6819 0 6820
730 6688 0 0 0 6688
731 0 0 6731 0 6731
732 1 6564 0 0 6565
733 0 1 1 6504 6506
734 0 6492 0 0 6492
735 0 6577 0 0 6577
736 6606 0 1 0 6607
737 0 0 0 6611 6611
738 2 0 6533 21 6556
739 1 0 6415 0 6416
740 3 1 6364 0 6368
741 6316 0 45 0 6361
742 6337 0 40 1 6378
743 6366 0 0 1 6367
744 0 0 1 6304 6305
745 0 0 1 6331 6332
746 0 6276 0 3 6279
747 6288 0 0 0 6288
748 1 0 6182 0 6183
749 2 6157 0 0 6159
750 0 0 0 5980 5980
751 1 6005 0 0 6006
752 0 0 1 6085 6086
753 0 1 0 6057 6058
754 0 0 6034 0 6034
755 12 1 0 5896 5909
756 1 0 5778 0 5779
757 5713 0 2 1 5716
758 5679 0 0 1 5680
759 118 0 5573 0 5691
760 5650 0 1 0 5651
761 5641 0 0 0 5641
762 5614 0 1 0 5615
763 0 0 0 5601 5601
764 5550 0 0 0 5550
765 0 0 0 5447 5447
766 0 5415 0 0 5415
767 0 1 0 5420 5421
768 5398 0 0 2 5400
769 0 2 1 5407 5410
770 5341 0 0 0 5341
771 5314 0 0 0 5314
772 1 0 0 5276 5277
773 1 0 5175 0 5176
774 0 5122 0 1 5123
775 0 1 0 5046 5047
776 0 5058 0 1 5059
777 2 0 5010 1 5013
778 4944 0 0 0 4944
779 4865 0 1 1 4867
780 0 4893 0 0 4893
781 0 4826 0 0 4826
782 4862 0 0 0 4862
783 0 0 0 4843 4843
784 0 0 0 4826 4826
785 1 2 0 4778 4781
786 0 4757 0 3 4760
787 4752 0 0 1 4753
788 0 0 4742 0 4742
789 47 0 4555 1 4603
790 0 0 1 4469 4470
791 0 1 0 4502 4503
792 0 4516 0 0 4516
793 0 0 0 4574 4574
794 0 0 0 4507 4507
795 4447 0 2 0 4449
796 0 4430 0 1 4431
797 4321 0 1 1 4323
798 4255 0 0 0 4255
799 0 0 0 4237 4237
800 0 0 0 4217 4217
801 0 0 0 4258 4258
802 0 0 4163 0 4163
803 0 0 0 4121 4121
804 0 0 1 4069 4070
805 0 4026 0 0 4026
806 0 0 0 4065 4065
807 0 0 1 4069 4070
808 0 0 0 4002 4002
809 0 0 0 4004 4004
810 3908 0 0 1 3909
811 0 0 0 3869 3869
812 0 0 0 3745 3745
813 0 0 0 3758 3758
814 1 0 0 3764 3765
815 3742 0 0 0 3742
816 0 0 0 3678 3678
817 0 3674 0 1 3675
818 3635 0 1 0 3636
819 0 0 3499 0 3499
820 0 3428 0 0 3428
821 0 1 0 3344 3345
822 0 3336 0 0 3336
823 0 0 0 3227 3227
824 0 3305 0 0 3305
825 1 3319 0 0 3320
826 3261 0 0 0 3261
827 22 0 0 3241 3263
828 0 0 0 3228 3228
829 23 0 0 3167 3190
830 0 3252 0 1 3253
831 3253 0 0 0 3253
832 0 0 0 3202 3202
833 0 0 3125 0 3125
834 4 0 3055 0 3059
835 0 3056 0 0 3056
836 0 0 0 3084 3084
837 0 0 1 3098 3099
838 0 0 3037 0 3037
839 0 0 3027 0 3027
840 2959 0 1 0 2960
841 1 2965 0 0 2966
842 2913 0 0 0 2913
843 2961 0 0 0 2961
844 0 0 0 2937 2937
845 2915 1 0 0 2916
846 3 0 2769 1 2773
847 11 0 2751 1 2763
848 48 0 2702 0 2750
849 0 2715 0 8 2723
850 2476 0 285 0 2761
851 0 0 0 2757 2757
852 0 0 0 2832 2832
853 0 0 0 2807 2807
854 0 0 2621 1 2622
855 2630 0 0 0 2630
856 2652 0 1 0 2653
857 0 1 0 2674 2675
858 35 2478 0 0 2513
859 2539 0 0 0 2539
860 2575 0 1 0 2576
861 2525 0 0 0 2525
862 0 0 0 2379 2379
863 2367 0 0 0 2367
864 2402 0 1 0 2403
865 2347 0 0 0 2347
866 2371 0 0 0 2371
867 2383 0 0 0 2383
868 3 0 2251 0 2254
869 2245 0 17 0 2262
870 13 0 2237 0 2250
871 1 0 2264 0 2265
872 2253 1 0 0 2254
873 2278 1 0 0 2279
874 0 0 0 2207 2207
875 2252 0 0 0 2252
876 2238 0 0 0 2238
877 2196 0 1 0 2197
878 0 2196 0 0 2196
879 2116 0 0 0 2116
880 0 0 0 2083 2083
881 0 0 2062 0 2062
882 2055 0 0 0 2055
883 2052 0 0 0 2052
884 2031 0 0 0 2031
885 1995 0 0 0 1995
886 0 0 0 1964 1964
887 1952 0 1 0 1953
888 0 1945 0 0 1945
889 0 0 1940 0 1940
890 1908 0 0 0 1908
891 1957 0 0 0 1957
892 0 0 0 1922 1922
893 1953 0 0 0 1953
894 1970 0 0 0 1970
895 1982 0 0 0 1982
896 1977 0 1 0 1978
897 12 0 1911 0 1923
898 0 0 1919 0 1919
899 0 0 0 1639 1639
900 0 1824 0 0 1824
901 0 1904 0 0 1904
902 1895 0 0 0 1895
903 1888 0 0 0 1888
904 1899 0 0 0 1899
905 0 1846 0 0 1846
906 1888 0 0 0 1888
907 1885 0 0 0 1885
908 1899 0 0 0 1899
909 0 0 1791 0 1791
910 1835 0 0 0 1835
911 2 0 1809 0 1811
912 1859 0 0 0 1859
913 0 1800 0 0 1800
914 1868 0 0 0 1868
915 1870 0 0 0 1870
916 1 0 1 1832 1834
917 1872 0 0 0 1872
918 1882 0 0 0 1882
919 1858 0 0 0 1858
920 0 1825 0 0 1825
921 1788 0 0 0 1788
922 0 0 1736 0 1736
923 1790 0 0 0 1790
924 0 0 1815 0 1815
925 1819 0 7 0 1826
926 0 0 1823 0 1823
927 0 0 1836 0 1836
928 0 0 0 1618 1618
929 1769 0 18 0 1787
930 0 0 0 1707 1707
931 0 1775 0 1 1776
932 1764 0 26 0 1790
933 1778 0 0 0 1778
934 0 0 0 1729 1729
935 0 0 1 1750 1751
936 0 0 0 1719 1719
937 0 0 0 1724 1724
938 0 0 1653 0 1653
939 1647 0 0 0 1647
940 0 0 1639 0 1639
941 1631 0 0 0 1631
942 0 1643 0 0 1643
943 1622 0 0 0 1622
944 9 1606 0 0 1615
945 1628 0 0 0 1628
946 0 0 1598 0 1598
947 0 0 0 1546 1546
948 0 0 0 1596 1596
949 1557 0 0 0 1557
950 0 1533 0 16 1549
951 0 1553 0 0 1553
952 1569 0 0 1 1570
953 1544 0 0 0 1544
954 1553 0 0 0 1553
955 1543 0 0 0 1543
956 1541 0 0 0 1541
957 1 0 1506 1 1508
958 1526 0 0 0 1526
959 1541 0 0 0 1541
960 1542 0 0 0 1542
961 0 0 0 1441 1441
962 11 1436 0 1 1448
963 0 1432 0 0 1432
964 1473 0 0 0 1473
965 0 0 1391 0 1391
966 0 0 1349 0 1349
967 0 1324 0 0 1324
968 0 1392 0 0 1392
969 1401 0 0 1 1402
970 1418 0 0 0 1418
971 1430 0 0 0 1430
972 0 0 1417 0 1417
973 1411 0 0 0 1411
974 1435 0 1 0 1436
975 1414 0 0 0 1414
976 0 1415 0 0 1415
977 1407 0 0 0 1407
978 1401 0 0 0 1401
979 0 23 0 1316 1339
980 0 0 1340 0 1340
981 1330 0 0 0 1330
982 1327 0 0 0 1327
983 0 0 1286 0 1286
984 0 0 1263 0 1263
985 1278 0 0 0 1278
986 1290 0 0 0 1290
987 0 0 1201 0 1201
988 0 0 0 1154 1154
989 0 0 1182 0 1182
990 0 1218 0 0 1218
991 0 0 0 1228 1228
992 0 1238 0 0 1238
993 0 0 0 1238 1238
994 0 1247 0 0 1247
995 0 0 0 1235 1235
996 0 0 1228 0 1228
997 1213 0 0 0 1213
998 0 1230 0 0 1230
999 1243 0 0 0 1243
1000 1227 0 1 0 1228
1001 0 1187 0 0 1187
1002 1192 0 0 0 1192
1003 0 0 0 1186 1186
1004 1 0 1190 0 1191
1005 0 0 1199 0 1199
1006 1179 0 0 0 1179
1007 0 0 1180 0 1180
1008 0 0 1128 0 1128
1009 0 0 0 975 975
1010 1103 0 0 0 1103
1011 0 0 0 1115 1115
1012 0 0 0 1124 1124
1013 0 0 1103 0 1103
1014 1105 0 0 0 1105
1015 1117 0 0 0 1117
1016 0 0 0 1091 1091
1017 0 0 1077 0 1077
1018 1075 0 0 0 1075
1019 0 1050 0 0 1050
1020 0 1068 0 0 1068
1021 1061 0 0 0 1061
1022 1 1079 0 0 1080
1023 1075 0 0 0 1075
1024 0 0 0 1068 1068
1025 1039 0 41 0 1080
1026 1065 0 0 0 1065
1027 0 0 0 1043 1043
1028 1065 0 0 0 1065
1029 1060 0 0 0 1060
1030 0 0 0 1039 1039
1031 0 0 0 1071 1071
1032 0 0 1060 0 1060
1033 1054 0 0 0 1054
1034 0 0 1062 0 1062
1035 0 0 1042 0 1042
1036 0 0 1033 0 1033
1037 1021 0 0 0 1021
1038 0 1019 0 1 1020
1039 0 0 0 1043 1043
1040 0 1 0 1043 1044
1041 0 0 0 1039 1039
1042 0 1032 0 1 1033
1043 0 0 0 1040 1040
1044 0 0 1028 1 1029
1045 0 986 0 0 986
1046 0 1005 0 1 1006
1047 0 0 1032 1 1033
1048 990 0 0 0 990
1049 998 0 0 0 998
1050 0 0 1014 0 1014
1051 985 0 0 0 985
1052 0 0 1012 0 1012
1053 1026 0 0 0 1026
1054 0 0 0 1030 1030
1055 999 0 0 0 999
1056 1007 0 0 1 1008
1057 0 0 0 980 980
1058 963 0 0 0 963
1059 963 0 0 0 963
1060 946 0 0 0 946
1061 935 0 0 0 935
1062 942 0 0 0 942
1063 0 0 0 936 936
1064 0 0 936 0 936
1065 0 0 923 0 923
1066 0 0 938 0 938
1067 0 0 0 887 887
1068 10 0 901 0 911
1069 907 0 0 0 907
1070 899 0 0 0 899
1071 894 0 0 0 894
1072 0 905 0 0 905
1073 843 0 0 0 843
1074 0 0 862 0 862
1075 0 0 0 835 835
1076 0 0 0 849 849
1077 0 0 0 862 862
1078 0 1 0 850 851
1079 0 0 841 0 841
1080 0 0 836 1 837
1081 837 0 0 0 837
1082 0 0 835 0 835
1083 813 0 0 0 813
1084 0 0 0 810 810
1085 817 0 1 0 818
1086 29 0 789 0 818
1087 819 0 0 0 819
1088 810 0 0 0 810
1089 0 0 787 1 788
1090 805 0 0 0 805
1091 808 0 0 0 808
1092 0 17 0 752 769
1093 0 0 0 789 789
1094 0 0 800 0 800
1095 0 796 0 0 796
1096 803 0 0 0 803
1097 0 0 0 791 791
1098 0 0 0 810 810
1099 807 0 0 0 807
1100 799 0 0 0 799
1101 800 0 1 0 801
1102 0 0 0 786 786
1103 0 0 0 775 775
1104 0 780 0 0 780
1105 782 0 0 0 782
1106 787 0 0 0 787
1107 0 0 0 776 776
1108 0 0 0 784 784
1109 0 0 0 781 781
1110 0 0 0 788 788
1111 778 0 0 0 778
1112 0 785 0 0 785
1113 0 0 0 721 721
1114 0 0 711 0 711
1115 0 0 0 719 719
1116 718 0 0 0 718
1117 0 0 0 713 713
1118 0 0 0 724 724
1119 0 0 0 700 700
1120 0 704 0 0 704
1121 0 0 0 710 710
1122 0 1 0 717 718
1123 706 0 0 0 706
1124 0 757 0 0 757
1125 0 0 0 754 754
1126 756 1 0 0 757
1127 0 0 0 748 748
1128 0 0 743 0 743
1129 0 696 0 0 696
1130 717 0 0 0 717
1131 0 0 0 688 688
1132 3 1 0 722 726
1133 0 0 0 655 655
1134 633 0 0 0 633
1135 601 0 0 0 601
1136 0 0 562 0 562
1137 0 469 0 0 469
1138 505 0 0 0 505
1139 470 0 0 0 470
1140 473 0 0 0 473
1141 0 0 0 466 466
1142 0 0 0 435 435
1143 0 0 430 0 430
1144 0 0 0 426 426
1145 425 0 0 0 425
1146 424 0 0 0 424
1147 0 0 0 390 390
1148 0 387 0 0 387
1149 384 0 0 0 384
1150 386 0 0 0 386
1151 0 0 0 385 385
1152 2 0 383 0 385
1153 0 0 0 376 376
1154 0 385 0 0 385
1155 383 0 0 0 383
1156 0 0 372 0 372
1157 0 295 0 0 295
1158 299 0 0 0 299
1159 300 0 0 0 300
1160 300 0 0 0 300
1161 0 0 0 296 296
1162 286 0 0 0 286
1163 277 0 0 0 277
1164 274 0 0 0 274
1165 0 280 0 0 280
1166 0 0 0 233 233
1167 0 0 234 0 234
1168 0 0 234 0 234
1169 214 0 0 0 214
1170 213 0 0 0 213
1171 211 0 0 0 211
1172 206 0 0 0 206
1173 208 0 0 0 208
1174 0 0 195 0 195
1175 0 0 0 79 79
1176 0 0 65 0 65
1177 0 63 0 0 63
1178 0 0 58 0 58
1179 0 0 0 58 58
1180 0 0 0 58 58
1181 0 0 58 0 58
1182 0 0 0 56 56
1183 0 0 0 58 58
1184 0 0 0 58 58
1185 0 58 0 0 58
1186 0 0 0 58 58
1187 0 0 0 0 0
1188 0 0 0 0 0
1189 0 0 0 0 0
1190 0 0 0 0 0
