0 0 0 0 0 0
1 19 3 0 0 22
2 0 0 22 0 22
3 0 22 0 0 22
4 22 1 0 0 23
5 0 0 24 0 24
6 23 0 1 0 24
7 24 1 0 0 25
8 0 0 25 0 25
9 0 23 9 0 32
10 29 3 0 1 33
11 0 39 0 0 39
12 0 0 66 0 66
13 0 71 0 1 72
14 78 0 0 0 78
15 0 130 0 0 130
16 0 0 0 137 137
17 0 5 0 135 140
18 0 0 0 163 163
19 0 205 0 0 205
20 0 0 0 233 233
21 0 0 0 244 244
22 250 0 0 0 250
23 260 0 1 0 261
24 270 0 0 0 270
25 267 0 0 0 267
26 0 0 0 272 272
27 0 0 280 0 280
28 0 0 0 280 280
29 1 290 0 0 291
30 0 0 315 0 315
31 0 344 0 0 344
32 0 3 0 337 340
33 0 0 378 0 378
34 0 3 0 370 373
35 2 0 0 384 386
36 0 0 0 409 409
37 0 0 423 0 423
38 0 0 417 0 417
39 419 0 0 0 419
40 0 0 439 0 439
41 449 0 0 2 451
42 0 479 0 1 480
43 474 0 0 0 474
44 0 530 0 1 531
45 552 0 0 0 552
46 580 0 0 0 580
47 0 0 0 596 596
48 0 0 0 609 609
49 0 0 617 0 617
50 0 612 0 0 612
51 0 627 0 0 627
52 0 0 0 630 630
53 632 0 0 0 632
54 0 683 0 0 683
55 0 0 0 678 678
56 0 0 0 675 675
57 0 0 682 0 682
58 0 711 0 1 712
59 0 2 0 722 724
60 0 0 0 721 721
61 0 0 0 719 719
62 0 729 0 0 729
63 727 0 0 0 727
64 0 0 0 730 730
65 0 0 0 733 733
66 0 0 715 1 716
67 698 0 0 0 698
68 0 727 0 0 727
69 727 0 0 0 727
70 0 0 734 0 734
71 716 0 0 0 716
72 717 0 0 0 717
73 0 0 733 0 733
74 708 0 0 0 708
75 0 22 0 722 744
76 0 0 767 0 767
77 0 0 758 0 758
78 758 0 0 0 758
79 0 0 773 0 773
80 764 0 0 0 764
81 769 0 0 0 769
82 1 0 788 0 789
83 1 0 801 0 802
84 0 826 0 0 826
85 832 0 0 0 832
86 833 0 0 0 833
87 845 0 0 0 845
88 1 0 846 0 847
89 0 856 0 0 856
90 869 0 0 0 869
91 0 0 862 0 862
92 855 0 0 0 855
93 866 0 0 0 866
94 0 873 0 0 873
95 0 3 0 870 873
96 871 0 0 0 871
97 0 0 869 0 869
98 0 864 0 0 864
99 874 0 0 0 874
100 0 0 866 2 868
101 889 0 0 0 889
102 879 0 0 0 879
103 895 0 0 0 895
104 877 0 0 0 877
105 184 0 703 0 887
106 0 1 0 889 890
107 0 0 0 905 905
108 904 1 2 0 907
109 0 913 0 0 913
110 899 0 1 0 900
111 1 915 0 0 916
112 0 0 0 914 914
113 0 0 936 0 936
114 0 0 0 922 922
115 1 0 0 930 931
116 0 0 936 0 936
117 0 0 940 0 940
118 0 0 0 904 904
119 0 0 0 929 929
120 0 0 0 942 942
121 0 0 948 0 948
122 0 0 937 0 937
123 1 2 0 880 883
124 0 0 931 0 931
125 0 0 948 0 948
126 0 0 957 0 957
127 961 0 7 0 968
128 1170 0 1 1 1172
129 1203 0 0 0 1203
130 0 0 1221 0 1221
131 1220 0 0 0 1220
132 1407 0 0 0 1407
133 0 0 0 1436 1436
134 0 0 0 1443 1443
135 0 1 0 1455 1456
136 0 0 1439 0 1439
137 1424 0 3 0 1427
138 0 1494 0 0 1494
139 0 1593 0 4 1597
140 0 0 0 1609 1609
141 1606 0 0 0 1606
142 0 0 1569 0 1569
143 1601 0 0 0 1601
144 0 1610 0 12 1622
145 0 2 0 1608 1610
146 0 1634 0 1 1635
147 1622 0 0 0 1622
148 0 0 1615 0 1615
149 0 1607 0 2 1609
150 0 1645 0 0 1645
151 0 1 0 1647 1648
152 0 0 0 1651 1651
153 4 0 1642 0 1646
154 0 0 1643 0 1643
155 1642 0 0 1 1643
156 1635 0 0 0 1635
157 0 0 0 1641 1641
158 0 0 1641 0 1641
159 8 0 1620 0 1628
160 1577 0 28 0 1605
161 0 0 0 1630 1630
162 1653 0 0 0 1653
163 1651 0 0 0 1651
164 1655 0 0 0 1655
165 1643 0 11 0 1654
166 1640 2 0 0 1642
167 1658 0 0 1 1659
168 0 1663 0 0 1663
169 1681 1 2 0 1684
170 1672 0 1 0 1673
171 1677 0 1 0 1678
172 1674 0 0 0 1674
173 0 0 1665 0 1665
174 1659 0 0 0 1659
175 0 0 0 1654 1654
176 1 0 1661 0 1662
177 0 1665 0 0 1665
178 0 0 0 1682 1682
179 0 0 0 1669 1669
180 1679 0 0 0 1679
181 1675 0 1 0 1676
182 0 1671 7 0 1678
183 0 0 0 1669 1669
184 0 0 1671 0 1671
185 1682 0 1 0 1683
186 1 5 0 1671 1677
187 1680 0 0 1 1681
188 0 1 0 1685 1686
189 1682 0 0 0 1682
190 0 1686 0 0 1686
191 1692 0 1 0 1693
192 1668 2 1 0 1671
193 1669 0 0 0 1669
194 1673 0 0 0 1673
195 1669 0 0 0 1669
196 1 0 1624 0 1625
197 2 1616 2 0 1620
198 1643 0 0 0 1643
199 0 1651 0 0 1651
200 0 1 0 1648 1649
201 1653 0 0 0 1653
202 1648 0 0 1 1649
203 0 0 0 1655 1655
204 0 9 0 1650 1659
205 0 0 1634 1 1635
206 4 0 1607 0 1611
207 0 0 0 1557 1557
208 0 0 1616 0 1616
209 0 1634 0 0 1634
210 0 1687 0 1 1688
211 0 0 0 1703 1703
212 0 1728 0 0 1728
213 0 0 0 1720 1720
214 1739 0 0 0 1739
215 0 0 0 1731 1731
216 1758 0 0 0 1758
217 1 0 0 1778 1779
218 0 0 1865 0 1865
219 0 1931 0 0 1931
220 0 0 0 1992 1992
221 0 0 0 2010 2010
222 0 0 0 2036 2036
223 0 0 0 2049 2049
224 0 0 0 2073 2073
225 2058 0 1 0 2059
226 2071 0 0 0 2071
227 2052 0 3 0 2055
228 2053 0 0 0 2053
229 0 2045 1 0 2046
230 0 2037 0 0 2037
231 0 2045 0 2 2047
232 2073 0 2 0 2075
233 2068 0 1 0 2069
234 2070 0 0 0 2070
235 5 0 2029 0 2034
236 2034 0 0 0 2034
237 0 2040 0 0 2040
238 0 2044 0 0 2044
239 2052 0 0 0 2052
240 0 0 2045 1 2046
241 1 0 2028 0 2029
242 2014 0 1 0 2015
243 2044 0 0 0 2044
244 2046 0 0 0 2046
245 1 0 2043 0 2044
246 2023 0 0 0 2023
247 2037 0 0 0 2037
248 2057 0 0 0 2057
249 2046 0 0 0 2046
250 2060 0 1 0 2061
251 1 0 2052 0 2053
252 2039 0 2 0 2041
253 2043 0 1 0 2044
254 0 6 2043 0 2049
255 2051 0 2 0 2053
256 0 1 0 2070 2071
257 0 0 0 2052 2052
258 0 2050 0 3 2053
259 2062 0 0 0 2062
260 0 0 1 2061 2062
261 0 2046 0 0 2046
262 2051 0 0 1 2052
263 0 2041 0 0 2041
264 2057 0 0 0 2057
265 0 0 2017 0 2017
266 2020 0 0 0 2020
267 0 0 2025 0 2025
268 5 2020 0 0 2025
269 0 2011 0 0 2011
270 0 2044 0 0 2044
271 0 0 0 2054 2054
272 0 0 0 2050 2050
273 2040 0 0 4 2044
274 1 0 0 2043 2044
275 1 2050 0 0 2051
276 2064 0 0 0 2064
277 0 3 2061 0 2064
278 0 0 2047 0 2047
279 2022 0 0 1 2023
280 2034 0 0 0 2034
281 0 1 1 2062 2064
282 6 1 2053 0 2060
283 0 0 2054 0 2054
284 1 0 2056 0 2057
285 2096 0 0 0 2096
286 2104 0 0 0 2104
287 0 2080 0 0 2080
288 2095 0 1 0 2096
289 2089 0 1 1 2091
290 1 2161 1 0 2163
291 2182 1 0 1 2184
292 1 0 2151 0 2152
293 0 2167 0 2 2169
294 2197 0 2 0 2199
295 2210 0 1 0 2211
296 0 2229 0 0 2229
297 2328 0 0 0 2328
298 2348 0 0 0 2348
299 2364 0 1 0 2365
300 2372 0 0 0 2372
301 2382 0 0 0 2382
302 2394 0 1 0 2395
303 0 0 2394 0 2394
304 2382 0 1 0 2383
305 2454 0 0 0 2454
306 2443 0 5 0 2448
307 0 0 2428 0 2428
308 0 0 2403 0 2403
309 1 2419 0 1 2421
310 0 2461 0 6 2467
311 0 2 3 2466 2471
312 2 0 2490 0 2492
313 2462 0 0 0 2462
314 8 2 0 2488 2498
315 0 0 0 2509 2509
316 0 2526 0 1 2527
317 3 0 0 2535 2538
318 0 0 2525 3 2528
319 0 0 2510 0 2510
320 0 2516 0 0 2516
321 0 1 0 2570 2571
322 0 0 2564 1 2565
323 2509 0 1 1 2511
324 10 3 2563 0 2576
325 2567 0 2 0 2569
326 2 0 2724 3 2729
327 2747 0 6 0 2753
328 2837 0 1 0 2838
329 2831 3 0 0 2834
330 2853 3 0 0 2856
331 2868 0 0 0 2868
332 0 0 1 2859 2860
333 0 0 2891 0 2891
334 2922 0 0 0 2922
335 1 0 2937 0 2938
336 2961 0 0 0 2961
337 2992 0 0 0 2992
338 3 0 2974 0 2977
339 2949 0 3 3 2955
340 3 0 0 2952 2955
341 0 0 2952 0 2952
342 0 4 0 2884 2888
343 0 0 2982 0 2982
344 0 0 0 2991 2991
345 49 0 2977 0 3026
346 3095 0 1 0 3096
347 1 0 3098 0 3099
348 0 3197 0 1 3198
349 0 0 0 3219 3219
350 0 0 1 3239 3240
351 0 0 0 3246 3246
352 0 3255 0 0 3255
353 3278 0 0 0 3278
354 0 0 0 3282 3282
355 6 0 3259 0 3265
356 3274 0 0 0 3274
357 3285 0 0 0 3285
358 0 0 3271 0 3271
359 1 3259 0 5 3265
360 3320 0 2 0 3322
361 0 1 0 3340 3341
362 1 4 0 3351 3356
363 0 0 0 3371 3371
364 1 0 3353 0 3354
365 3348 0 0 0 3348
366 3349 0 0 0 3349
367 3367 0 0 0 3367
368 0 0 0 3371 3371
369 3374 0 1 0 3375
370 0 0 3336 0 3336
371 0 3348 0 0 3348
372 3401 0 0 0 3401
373 1 0 3385 0 3386
374 3408 0 1 0 3409
375 3402 0 0 0 3402
376 0 0 3332 0 3332
377 4 0 3210 0 3214
378 0 3256 0 0 3256
379 0 3337 0 1 3338
380 3383 0 0 0 3383
381 0 13 0 3403 3416
382 2 1 3348 0 3351
383 3393 0 0 0 3393
384 3397 1 0 0 3398
385 3379 0 4 0 3383
386 0 0 3358 0 3358
387 1 3335 0 0 3336
388 0 0 0 3320 3320
389 0 3352 0 2 3354
390 3400 0 2 0 3402
391 0 0 3313 4 3317
392 0 3258 0 0 3258
393 82 0 3321 0 3403
394 1 3407 0 0 3408
395 1 2 0 3499 3502
396 3467 3 15 2 3487
397 0 3525 0 2 3527
398 0 0 0 3546 3546
399 3590 0 0 0 3590
400 0 2 0 3529 3531
401 3540 0 1 0 3541
402 0 3566 0 1 3567
403 0 0 0 3563 3563
404 0 0 3570 0 3570
405 1 1 0 3556 3558
406 1 3620 0 1 3622
407 0 0 0 3598 3598
408 1 3658 0 0 3659
409 3676 4 0 1 3681
410 1 0 4 3752 3757
411 1 0 3738 0 3739
412 0 0 3749 0 3749
413 1 0 0 3715 3716
414 10 3752 0 0 3762
415 3813 0 0 0 3813
416 0 3 0 3801 3804
417 0 0 3826 0 3826
418 0 7 0 3768 3775
419 3700 0 4 0 3704
420 0 3884 0 0 3884
421 0 3949 0 1 3950
422 1 3 0 3984 3988
423 847 0 3121 0 3968
424 3921 0 0 0 3921
425 3958 0 0 0 3958
426 2 14 0 3954 3970
427 0 3962 0 1 3963
428 0 4080 0 2 4082
429 0 5 0 4127 4132
430 0 0 4180 0 4180
431 0 0 4202 0 4202
432 4244 0 14 2 4260
433 4288 0 2 0 4290
434 4309 0 0 0 4309
435 0 2 0 4290 4292
436 0 6 3 4373 4382
437 4436 0 0 1 4437
438 1 0 0 4420 4421
439 0 3 0 4384 4387
440 0 4416 1 6 4423
441 4465 0 0 0 4465
442 4450 0 0 1 4451
443 0 1 0 4428 4429
444 3 0 4447 0 4450
445 0 4443 0 2 4445
446 4473 0 0 0 4473
447 4424 0 22 0 4446
448 0 0 4463 0 4463
449 1 2 1 4355 4359
450 4452 0 1 0 4453
451 4442 1 0 0 4443
452 4429 1 1 0 4431
453 4385 0 0 4 4389
454 0 4465 0 0 4465
455 0 1 0 4443 4444
456 4454 0 1 2 4457
457 0 0 4440 0 4440
458 2 0 4406 0 4408
459 4444 0 2 0 4446
460 4417 0 1 0 4418
461 1 4427 0 1 4429
462 36 0 4353 0 4389
463 0 4407 0 0 4407
464 0 0 2 4426 4428
465 1 4467 4 2 4474
466 0 3 0 4472 4475
467 1 4 4447 0 4452
468 0 1 0 4331 4332
469 0 0 4406 0 4406
470 0 4421 0 0 4421
471 0 2 0 4448 4450
472 1 2 0 4476 4479
473 0 2 0 4490 4492
474 4470 0 0 0 4470
475 0 0 0 4441 4441
476 0 0 4437 0 4437
477 0 4439 0 10 4449
478 1 0 4492 0 4493
479 4468 0 2 0 4470
480 0 0 4497 0 4497
481 4461 0 0 0 4461
482 4438 0 1 0 4439
483 4405 0 0 1 4406
484 0 4475 0 0 4475
485 4478 0 0 0 4478
486 4475 0 1 0 4476
487 0 0 4441 1 4442
488 0 4400 0 0 4400
489 4428 1 1 0 4430
490 1 0 0 4402 4403
491 1 4415 0 0 4416
492 4402 2 1 0 4405
493 0 4428 0 0 4428
494 4428 1 0 0 4429
495 0 0 0 4341 4341
496 0 0 0 4321 4321
497 0 4367 0 0 4367
498 4343 0 1 0 4344
499 0 4378 0 0 4378
500 4343 0 1 0 4344
501 42 4314 1 3 4360
502 4372 0 1 0 4373
503 0 0 4286 3 4289
504 1 0 4180 0 4181
505 1 0 4191 0 4192
506 0 4230 0 3 4233
507 2 1 0 4231 4234
508 0 4235 0 0 4235
509 4323 0 0 1 4324
510 0 24 0 4274 4298
511 4324 0 1 2 4327
512 0 0 4264 0 4264
513 0 4265 0 0 4265
514 4263 0 0 0 4263
515 0 0 4237 1 4238
516 4197 0 1 2 4200
517 0 0 4186 0 4186
518 1 4181 0 1 4183
519 4204 1 1 0 4206
520 0 0 4195 0 4195
521 1 4162 0 1 4164
522 7 0 4173 0 4180
523 4140 2 3 1 4146
524 32 0 4141 0 4173
525 4165 0 0 0 4165
526 0 0 0 4114 4114
527 0 4154 0 0 4154
528 0 3 1 4148 4152
529 1 0 0 4088 4089
530 0 4117 0 1 4118
531 4124 0 1 0 4125
532 0 0 4064 0 4064
533 0 0 0 3949 3949
534 1 0 3965 0 3966
535 2 3963 0 1 3966
536 1 4038 0 0 4039
537 1 0 0 4051 4052
538 1 0 4059 0 4060
539 1 0 3801 180 3982
540 3932 0 4 0 3936
541 0 0 3967 0 3967
542 2 1 0 3876 3879
543 0 0 3932 0 3932
544 3920 0 0 0 3920
545 2 0 3926 1 3929
546 3904 0 2 1 3907
547 0 3889 0 1 3890
548 5 0 3935 0 3940
549 3918 0 2 0 3920
550 0 0 3949 0 3949
551 3937 0 0 0 3937
552 3934 0 0 0 3934
553 3944 0 0 0 3944
554 0 1 0 3909 3910
555 6 0 3907 0 3913
556 0 3907 0 0 3907
557 3922 0 2 1 3925
558 0 0 3933 0 3933
559 3912 0 0 0 3912
560 0 0 0 3875 3875
561 1 0 3863 0 3864
562 4 0 3835 0 3839
563 0 0 0 3777 3777
564 0 3795 0 0 3795
565 0 1 0 3805 3806
566 0 3824 0 0 3824
567 3846 0 1 1 3848
568 0 0 3810 0 3810
569 0 3722 0 0 3722
570 0 0 0 3776 3776
571 3764 0 2 1 3767
572 0 4 0 3764 3768
573 0 0 3735 0 3735
574 3729 0 0 0 3729
575 3739 0 0 0 3739
576 0 3651 0 0 3651
577 3688 0 0 1 3689
578 0 3641 0 1 3642
579 3689 0 0 0 3689
580 3 0 3624 0 3627
581 0 3617 0 1 3618
582 3651 0 0 0 3651
583 3635 0 0 0 3635
584 3621 0 1 0 3622
585 3608 0 0 0 3608
586 3567 1 0 1 3569
587 0 3587 0 0 3587
588 3565 0 0 0 3565
589 3501 0 0 0 3501
590 0 0 1 3497 3498
591 1 0 3499 0 3500
592 3468 0 1 0 3469
593 3432 0 1 0 3433
594 0 0 3 3447 3450
595 3 0 3453 0 3456
596 0 0 3439 0 3439
597 3369 0 0 0 3369
598 3410 0 0 3 3413
599 0 0 0 3373 3373
600 0 0 3423 0 3423
601 7 0 3380 0 3387
602 3 0 3381 1 3385
603 3385 0 2 0 3387
604 3392 0 0 1 3393
605 3363 1 0 0 3364
606 3328 0 1 2 3331
607 0 0 3339 1 3340
608 1 0 3326 0 3327
609 3312 0 0 1 3313
610 7 0 3330 0 3337
611 3379 0 1 0 3380
612 3351 0 1 2 3354
613 0 0 3342 3 3345
614 3320 0 1 0 3321
615 0 2717 6 559 3282
616 9 4 3258 1 3272
617 0 6 0 3224 3230
618 0 3257 1 1 3259
619 4 3291 0 0 3295
620 3339 0 3 0 3342
621 3305 0 1 0 3306
622 3294 0 0 0 3294
623 3268 0 1 0 3269
624 0 0 3265 0 3265
625 0 2989 0 256 3245
626 0 1 0 3245 3246
627 0 0 3245 1 3246
628 0 0 3189 1 3190
629 1 3218 0 3 3222
630 3265 0 0 0 3265
631 0 4 3254 1 3259
632 3274 0 2 0 3276
633 3266 0 0 0 3266
634 0 0 3200 0 3200
635 3236 0 0 0 3236
636 1 0 3238 0 3239
637 0 0 0 3075 3075
638 1 0 0 3199 3200
639 0 0 3210 0 3210
640 0 3186 0 1 3187
641 3245 0 1 0 3246
642 3254 0 1 0 3255
643 3243 0 0 0 3243
644 93 0 3143 0 3236
645 0 3237 0 0 3237
646 3281 0 0 0 3281
647 3255 0 1 0 3256
648 0 3251 0 0 3251
649 3248 0 0 0 3248
650 0 0 0 3225 3225
651 0 0 0 3227 3227
652 14 0 3211 0 3225
653 0 0 3206 0 3206
654 3196 0 1 0 3197
655 0 0 3196 0 3196
656 3 0 0 3044 3047
657 0 0 3128 1 3129
658 0 3122 0 1 3123
659 0 1 0 3177 3178
660 1 0 3171 0 3172
661 3147 0 0 0 3147
662 0 0 3161 0 3161
663 3116 0 1 0 3117
664 0 0 0 3083 3083
665 0 3069 0 0 3069
666 2 1 0 3060 3063
667 13 3024 0 0 3037
668 0 0 0 3049 3049
669 0 3 0 3056 3059
670 0 0 3043 0 3043
671 1 5 2995 0 3001
672 620 0 2368 0 2988
673 0 0 2994 0 2994
674 0 2968 0 0 2968
675 3031 1 2 0 3034
676 3016 1 0 0 3017
677 1 0 3049 0 3050
678 0 0 1 2950 2951
679 1 2995 0 0 2996
680 3038 0 0 0 3038
681 3037 1 6 0 3044
682 3042 0 0 0 3042
683 3016 0 5 0 3021
684 0 0 2990 1 2991
685 2917 0 1 0 2918
686 2957 0 1 0 2958
687 0 1 0 2945 2946
688 0 0 2967 1 2968
689 1 0 2958 0 2959
690 1 0 2935 1 2937
691 2 0 2919 0 2921
692 2889 0 0 2 2891
693 2899 2 1 0 2902
694 0 0 2910 0 2910
695 0 0 2891 0 2891
696 0 0 2901 0 2901
697 2849 0 8 0 2857
698 0 1 0 2838 2839
699 0 0 0 2855 2855
700 0 0 2860 1 2861
701 0 2846 0 2 2848
702 2889 0 0 0 2889
703 2865 1 0 0 2866
704 2855 1 1 0 2857
705 4 1 2867 0 2872
706 0 0 2886 0 2886
707 2847 0 0 0 2847
708 0 1 0 2870 2871
709 1 0 2858 0 2859
710 1 0 0 2820 2821
711 2850 0 2 0 2852
712 2837 0 0 0 2837
713 1 0 0 2849 2850
714 1 0 2877 0 2878
715 1 0 2862 2 2865
716 2861 0 0 0 2861
717 2855 1 0 0 2856
718 0 0 2840 0 2840
719 0 0 0 2804 2804
720 6 0 2817 0 2823
721 0 2809 0 0 2809
722 0 2 0 2848 2850
723 2844 0 0 0 2844
724 2856 0 0 0 2856
725 2842 0 0 0 2842
726 0 0 2804 0 2804
727 0 2770 0 1 2771
728 2793 0 0 0 2793
729 0 0 2757 0 2757
730 2737 0 0 1 2738
731 1 0 2741 0 2742
732 0 2717 0 0 2717
733 0 0 0 2677 2677
734 0 2687 0 0 2687
735 0 2695 0 1 2696
736 2706 1 0 0 2707
737 0 0 0 2698 2698
738 3 0 2701 0 2704
739 0 0 2679 0 2679
740 1 0 2680 0 2681
741 2671 0 1 0 2672
742 2683 0 0 0 2683
743 2652 0 0 0 2652
744 0 0 0 2647 2647
745 0 0 0 2643 2643
746 0 2636 0 0 2636
747 2633 0 1 0 2634
748 4 0 2585 0 2589
749 1 2561 0 0 2562
750 0 0 0 2545 2545
751 0 2522 0 0 2522
752 0 0 1 2538 2539
753 1 1 0 2549 2551
754 2 0 2526 0 2528
755 0 0 0 2462 2462
756 3 0 2478 0 2481
757 2479 0 3 0 2482
758 2446 0 1 1 2448
759 0 0 2466 0 2466
760 2441 0 0 0 2441
761 2409 0 0 0 2409
762 2402 0 0 0 2402
763 0 4 0 2386 2390
764 2384 0 0 0 2384
765 0 0 0 2382 2382
766 0 2356 1 1 2358
767 3 1 0 2350 2354
768 2282 0 56 3 2341
769 0 0 0 2331 2331
770 2314 0 0 0 2314
771 2299 0 0 0 2299
772 0 0 0 2247 2247
773 0 0 2214 1 2215
774 1 2206 0 5 2212
775 0 0 0 2172 2172
776 0 2193 0 9 2202
777 0 0 2196 1 2197
778 2158 0 0 0 2158
779 2125 0 1 0 2126
780 0 2141 0 1 2142
781 0 2141 0 0 2141
782 2143 0 0 0 2143
783 0 0 0 2119 2119
784 0 0 0 2097 2097
785 0 0 0 2076 2076
786 0 2062 0 1 2063
787 2044 0 1 0 2045
788 0 0 2016 1 2017
789 8 0 1962 0 1970
790 0 2 0 1913 1915
791 0 0 0 1930 1930
792 0 1923 0 0 1923
793 0 0 0 1937 1937
794 0 0 0 1916 1916
795 1853 0 0 0 1853
796 0 1842 0 1 1843
797 1830 0 0 0 1830
798 1781 0 0 1 1782
799 0 0 0 1779 1779
800 0 0 0 1772 1772
801 0 0 0 1774 1774
802 0 0 1732 0 1732
803 0 0 0 1712 1712
804 0 0 0 1669 1669
805 0 1648 0 0 1648
806 0 1 0 1672 1673
807 0 0 0 1655 1655
808 0 1 1 1644 1646
809 0 0 0 1633 1633
810 1607 0 0 0 1607
811 0 0 0 1589 1589
812 0 0 0 1543 1543
813 0 0 0 1509 1509
814 0 0 0 1504 1504
815 1497 0 1 0 1498
816 0 0 0 1452 1452
817 1 1455 0 0 1456
818 1458 0 0 0 1458
819 1 0 1411 0 1412
820 0 1385 0 0 1385
821 1 0 0 1347 1348
822 1 1365 0 0 1366
823 0 0 0 1370 1370
824 0 1358 0 1 1359
825 0 1351 0 0 1351
826 1341 0 0 0 1341
827 0 0 0 1325 1325
828 0 0 0 1317 1317
829 0 1 0 1302 1303
830 0 1297 0 3 1300
831 1293 0 0 0 1293
832 0 0 0 1273 1273
833 0 0 1250 0 1250
834 0 0 1227 0 1227
835 0 1233 0 0 1233
836 0 1 0 1239 1240
837 0 0 0 1245 1245
838 0 0 1202 0 1202
839 0 0 1202 0 1202
840 1176 0 0 0 1176
841 0 1181 0 0 1181
842 1171 0 0 0 1171
843 1172 0 0 0 1172
844 0 0 0 1167 1167
845 1153 0 0 0 1153
846 1 0 1112 0 1113
847 0 0 1127 0 1127
848 0 0 1117 0 1117
849 1 1100 0 2 1103
850 1114 0 0 0 1114
851 0 0 0 1130 1130
852 0 0 0 1127 1127
853 0 0 0 1126 1126
854 0 0 1046 0 1046
855 1038 0 1 0 1039
856 1069 0 0 0 1069
857 0 0 0 1066 1066
858 4 1036 0 0 1040
859 1061 1 0 0 1062
860 1063 0 0 0 1063
861 1060 0 0 3 1063
862 9 0 0 1040 1049
863 1030 0 0 0 1030
864 1057 0 0 0 1057
865 1043 0 0 0 1043
866 1035 1 0 0 1036
867 1021 0 4 0 1025
868 204 0 799 0 1003
869 1004 0 0 0 1004
870 0 0 1009 0 1009
871 4 0 1012 0 1016
872 1007 0 0 0 1007
873 1018 0 0 0 1018
874 0 0 0 997 997
875 998 0 0 0 998
876 1006 0 0 0 1006
877 992 0 0 0 992
878 3 970 0 4 977
879 919 0 0 0 919
880 0 0 0 901 901
881 0 0 897 0 897
882 884 0 0 0 884
883 918 0 1 0 919
884 908 0 0 0 908
885 895 0 0 0 895
886 0 0 0 875 875
887 869 0 0 0 869
888 0 860 0 0 860
889 0 0 867 0 867
890 856 0 0 0 856
891 865 0 0 0 865
892 0 0 0 843 843
893 861 0 0 0 861
894 858 0 0 0 858
895 868 0 0 0 868
896 855 0 0 0 855
897 0 0 820 0 820
898 0 0 828 0 828
899 0 0 0 725 725
900 0 804 0 1 805
901 0 834 0 0 834
902 845 0 0 2 847
903 845 0 0 0 845
904 834 0 0 0 834
905 0 814 0 0 814
906 827 0 0 0 827
907 828 0 0 0 828
908 827 0 0 0 827
909 0 0 787 0 787
910 812 0 0 0 812
911 1 0 785 0 786
912 809 0 0 0 809
913 1 799 0 1 801
914 826 0 0 0 826
915 824 0 5 0 829
916 0 0 0 806 806
917 814 0 0 0 814
918 817 0 0 0 817
919 812 0 0 0 812
920 0 797 0 0 797
921 807 1 0 0 808
922 0 0 792 0 792
923 798 0 0 0 798
924 0 0 789 0 789
925 803 0 0 0 803
926 0 0 776 0 776
927 0 0 781 0 781
928 0 0 0 696 696
929 766 0 0 0 766
930 0 0 0 771 771
931 0 780 0 0 780
932 811 0 0 0 811
933 797 0 0 0 797
934 0 0 0 790 790
935 0 0 0 789 789
936 0 0 0 789 789
937 0 0 0 790 790
938 0 0 758 0 758
939 748 0 0 2 750
940 0 0 754 0 754
941 748 0 3 0 751
942 1 739 0 0 740
943 736 0 0 1 737
944 0 723 0 0 723
945 740 0 0 0 740
946 0 0 722 0 722
947 0 1 0 710 711
948 0 0 0 723 723
949 692 0 0 0 692
950 0 703 0 0 703
951 0 711 0 0 711
952 706 0 0 0 706
953 706 0 1 0 707
954 701 0 0 0 701
955 696 0 0 0 696
956 690 0 0 0 690
957 0 0 665 0 665
958 656 0 0 0 656
959 653 0 0 0 653
960 650 0 1 0 651
961 0 0 0 615 615
962 0 615 0 2 617
963 0 625 0 0 625
964 635 0 1 1 637
965 0 0 613 0 613
966 2 0 594 0 596
967 0 596 0 0 596
968 0 621 0 0 621
969 631 0 0 0 631
970 639 0 0 0 639
971 635 0 0 0 635
972 0 0 630 1 631
973 627 0 0 0 627
974 629 0 0 0 629
975 619 0 1 0 620
976 2 615 0 0 617
977 610 0 0 0 610
978 615 0 0 0 615
979 0 2 0 593 595
980 0 0 588 0 588
981 593 0 0 0 593
982 598 0 0 0 598
983 0 0 575 0 575
984 0 0 574 0 574
985 584 0 0 0 584
986 588 0 0 0 588
987 0 0 558 0 558
988 0 0 0 538 538
989 1 0 557 0 558
990 0 569 0 0 569
991 0 0 0 577 577
992 0 567 0 0 567
993 0 0 0 566 566
994 1 573 0 2 576
995 0 0 0 577 577
996 0 0 566 0 566
997 561 0 0 0 561
998 0 576 0 0 576
999 574 0 0 0 574
1000 567 0 0 0 567
1001 0 564 0 0 564
1002 559 0 0 1 560
1003 0 0 0 555 555
1004 0 0 552 0 552
1005 1 0 555 0 556
1006 555 0 0 0 555
1007 0 0 543 0 543
1008 0 0 548 0 548
1009 0 0 0 501 501
1010 549 0 0 0 549
1011 0 0 0 543 543
1012 0 1 0 555 556
1013 1 0 541 1 543
1014 546 0 0 0 546
1015 539 0 0 0 539
1016 0 3 0 527 530
1017 9 0 508 0 517
1018 524 0 0 0 524
1019 0 508 0 0 508
1020 0 508 0 0 508
1021 501 0 1 0 502
1022 0 499 0 0 499
1023 499 0 0 0 499
1024 0 0 0 498 498
1025 504 0 0 0 504
1026 498 0 0 0 498
1027 0 0 0 492 492
1028 500 0 0 0 500
1029 522 0 0 0 522
1030 0 0 0 514 514
1031 0 0 0 513 513
1032 0 0 503 0 503
1033 506 0 0 0 506
1034 0 0 506 0 506
1035 0 0 490 0 490
1036 0 0 489 0 489
1037 475 0 0 0 475
1038 0 466 0 0 466
1039 0 0 0 475 475
1040 0 0 0 464 464
1041 0 0 0 466 466
1042 0 464 0 0 464
1043 0 0 0 459 459
1044 0 0 459 0 459
1045 0 423 0 15 438
1046 3 449 0 0 452
1047 0 0 464 0 464
1048 445 0 1 0 446
1049 447 0 0 0 447
1050 0 0 451 0 451
1051 439 0 0 0 439
1052 0 0 445 0 445
1053 441 0 0 0 441
1054 0 0 0 438 438
1055 444 0 0 0 444
1056 441 0 4 0 445
1057 0 0 0 440 440
1058 439 0 3 0 442
1059 439 0 3 0 442
1060 431 0 0 0 431
1061 436 0 0 0 436
1062 428 0 0 0 428
1063 0 0 0 424 424
1064 0 0 415 0 415
1065 0 0 414 0 414
1066 0 0 407 0 407
1067 0 0 0 394 394
1068 0 0 401 0 401
1069 406 0 2 0 408
1070 408 0 0 0 408
1071 401 0 0 0 401
1072 0 409 0 0 409
1073 414 0 0 0 414
1074 0 0 412 0 412
1075 0 0 0 403 403
1076 0 18 0 387 405
1077 0 0 0 404 404
1078 0 0 0 403 403
1079 0 0 401 0 401
1080 1 0 396 0 397
1081 395 0 0 0 395
1082 0 0 392 7 399
1083 394 0 0 0 394
1084 0 0 0 395 395
1085 393 0 4 0 397
1086 0 0 398 0 398
1087 393 0 0 0 393
1088 387 0 0 0 387
1089 0 0 387 0 387
1090 384 0 0 0 384
1091 380 0 0 0 380
1092 0 0 0 360 360
1093 0 0 0 367 367
1094 15 0 349 0 364
1095 0 360 0 1 361
1096 366 0 0 0 366
1097 0 1 0 358 359
1098 0 1 0 361 362
1099 358 0 0 0 358
1100 353 0 0 0 353
1101 353 0 0 0 353
1102 0 0 0 351 351
1103 0 0 0 352 352
1104 0 348 0 0 348
1105 355 0 0 0 355
1106 352 0 1 0 353
1107 0 0 0 349 349
1108 0 0 0 353 353
1109 0 0 0 356 356
1110 0 0 0 355 355
1111 356 0 0 0 356
1112 0 343 0 10 353
1113 0 0 0 342 342
1114 0 0 342 0 342
1115 0 0 0 342 342
1116 346 0 0 0 346
1117 0 0 0 339 339
1118 0 1 0 347 348
1119 0 0 0 333 333
1120 0 332 0 0 332
1121 0 0 0 339 339
1122 0 0 0 341 341
1123 330 0 1 0 331
1124 0 330 0 0 330
1125 2 0 0 325 327
1126 323 0 0 0 323
1127 0 0 0 320 320
1128 0 0 318 0 318
1129 0 307 0 0 307
1130 321 0 0 0 321
1131 0 0 0 311 311
1132 0 0 0 314 314
1133 0 0 0 293 293
1134 295 0 0 0 295
1135 282 0 0 0 282
1136 0 0 279 0 279
1137 0 243 0 0 243
1138 247 0 0 0 247
1139 244 0 0 0 244
1140 243 0 0 0 243
1141 0 0 0 228 228
1142 0 0 0 225 225
1143 0 0 225 0 225
1144 0 0 0 225 225
1145 221 0 0 0 221
1146 214 0 0 0 214
1147 0 0 1 193 194
1148 0 193 0 0 193
1149 192 0 0 0 192
1150 191 0 0 0 191
1151 0 0 0 194 194
1152 1 0 184 0 185
1153 0 0 0 177 177
1154 0 175 0 0 175
1155 137 0 0 33 170
1156 0 0 171 0 171
1157 0 131 0 0 131
1158 132 0 0 0 132
1159 130 0 0 0 130
1160 130 0 0 0 130
1161 0 0 0 129 129
1162 128 0 0 0 128
1163 121 0 0 0 121
1164 118 0 0 0 118
1165 0 116 0 0 116
1166 0 0 0 106 106
1167 0 0 101 0 101
1168 0 0 101 0 101
1169 100 0 0 0 100
1170 96 0 0 0 96
1171 97 0 0 0 97
1172 93 0 0 0 93
1173 87 0 0 0 87
1174 0 0 78 0 78
1175 0 0 0 31 31
1176 0 0 30 0 30
1177 0 29 0 0 29
1178 0 0 25 0 25
1179 0 0 0 22 22
1180 0 0 0 22 22
1181 0 0 21 0 21
1182 0 0 0 21 21
1183 0 0 0 21 21
1184 0 0 0 15 15
1185 0 13 0 0 13
1186 0 0 0 13 13
1187 0 0 0 0 0
1188 0 0 0 0 0
1189 0 0 0 0 0
1190 0 0 0 0 0
