0 0 0 0 0 0
1 28 0 0 0 28
2 0 0 37 0 37
3 0 37 0 0 37
4 38 0 0 0 38
5 0 0 35 0 35
6 37 0 0 0 37
7 29 0 0 9 38
8 0 0 39 0 39
9 0 54 0 0 54
10 47 3 3 1 54
11 0 69 0 0 69
12 0 0 108 0 108
13 0 127 0 0 127
14 136 0 2 3 141
15 0 232 0 2 234
16 0 0 0 251 251
17 0 3 0 260 263
18 0 0 0 323 323
19 0 367 0 0 367
20 0 1 0 453 454
21 0 0 0 502 502
22 513 0 0 0 513
23 535 0 0 0 535
24 533 0 0 0 533
25 524 1 0 0 525
26 0 3 0 550 553
27 0 2 563 0 565
28 0 0 0 568 568
29 0 597 0 0 597
30 0 0 604 0 604
31 0 652 0 0 652
32 1 0 1 655 657
33 0 0 700 0 700
34 0 0 0 702 702
35 1 2 0 736 739
36 0 1 0 782 783
37 1 0 788 0 789
38 0 0 801 0 801
39 803 0 2 0 805
40 0 0 839 0 839
41 854 0 1 0 855
42 0 916 0 0 916
43 905 0 2 1 908
44 0 1006 0 1 1007
45 1007 0 0 0 1007
46 1012 0 0 0 1012
47 0 0 0 1074 1074
48 0 0 0 1107 1107
49 0 0 1111 2 1113
50 5 1126 0 1 1132
51 2 1164 0 0 1166
52 0 0 0 1155 1155
53 1165 0 0 1 1166
54 0 1257 0 0 1257
55 0 0 0 1257 1257
56 0 0 0 1278 1278
57 0 0 1258 0 1258
58 0 1330 0 0 1330
59 0 0 0 1352 1352
60 0 0 0 1358 1358
61 0 0 0 1360 1360
62 0 1369 0 0 1369
63 1380 0 0 0 1380
64 0 0 0 1392 1392
65 0 1 0 1383 1384
66 134 0 1250 0 1384
67 1339 0 7 12 1358
68 0 1397 0 0 1397
69 1393 0 2 0 1395
70 10 0 1407 0 1417
71 1364 0 0 0 1364
72 1407 0 0 0 1407
73 0 0 1432 0 1432
74 1377 0 0 0 1377
75 0 4 0 1443 1447
76 0 0 1473 0 1473
77 0 2 1460 0 1462
78 1456 0 1 0 1457
79 1 0 1477 0 1478
80 1476 0 0 1 1477
81 1502 0 3 4 1509
82 1 0 1528 0 1529
83 0 0 1619 0 1619
84 0 1630 0 1 1631
85 1650 0 0 0 1650
86 1654 0 0 0 1654
87 1652 0 8 0 1660
88 0 0 1679 0 1679
89 1 1710 0 0 1711
90 1738 0 0 1 1739
91 0 0 1728 0 1728
92 1714 0 0 0 1714
93 1726 0 0 0 1726
94 0 1757 0 1 1758
95 0 4 0 1761 1765
96 1732 0 0 1 1733
97 0 0 1746 0 1746
98 1 1766 0 0 1767
99 1799 0 1 0 1800
100 1 0 1810 2 1813
101 1818 0 0 0 1818
102 1817 0 0 0 1817
103 1827 0 0 0 1827
104 1800 0 2 0 1802
105 26 0 1830 0 1856
106 0 0 0 1842 1842
107 0 0 0 1894 1894
108 1867 3 0 3 1873
109 0 1886 0 0 1886
110 1852 0 1 0 1853
111 0 1914 0 2 1916
112 0 1 0 1914 1915
113 1 0 1938 0 1939
114 0 0 0 1898 1898
115 0 0 0 1944 1944
116 0 0 1952 0 1952
117 0 0 1955 0 1955
118 0 0 3 1870 1873
119 3 0 0 1949 1952
120 0 0 0 2002 2002
121 9 1 1970 0 1980
122 0 0 1974 2 1976
123 1 0 2 1860 1863
124 0 0 1968 0 1968
125 2 0 1967 0 1969
126 2 0 1999 0 2001
127 2046 0 8 1 2055
128 3031 1 13 0 3045
129 3141 0 0 2 3143
130 1 0 3220 0 3221
131 3240 0 0 0 3240
132 4125 0 0 1 4126
133 0 0 0 4341 4341
134 0 0 0 4446 4446
135 0 2 0 4462 4464
136 1 0 4404 4 4409
137 4453 0 1 1 4455
138 1 4846 0 1 4848
139 1 5420 0 5 5426
140 1 0 0 5497 5498
141 5511 1 0 0 5512
142 1 0 5466 1 5468
143 5568 0 0 0 5568
144 0 5665 0 12 5677
145 0 1 0 5606 5607
146 1 5690 1 0 5692
147 5680 1 57 0 5738
148 0 0 5713 1 5714
149 1 5679 0 2 5682
150 55 5725 0 0 5780
151 0 1 0 5824 5825
152 2 0 0 5849 5851
153 1 0 5814 0 5815
154 1 0 5798 0 5799
155 5789 1 0 0 5790
156 5813 0 2 0 5815
157 0 0 0 5841 5841
158 0 0 5822 0 5822
159 0 0 5790 1 5791
160 5699 0 0 0 5699
161 1 2 0 5823 5826
162 5855 0 1 0 5856
163 5876 0 0 0 5876
164 5848 0 0 1 5849
165 5794 1 10 0 5805
166 5808 0 0 0 5808
167 5835 0 0 1 5836
168 0 5937 0 0 5937
169 5928 1 0 0 5929
170 5915 0 0 0 5915
171 5892 0 0 0 5892
172 5886 3 1 0 5890
173 4 0 5826 1 5831
174 5812 0 0 0 5812
175 1 0 0 5867 5868
176 1 1 5850 0 5852
177 2 5862 0 2 5866
178 0 1 0 5927 5928
179 0 1 0 5982 5983
180 5944 0 0 2 5946
181 5931 0 1 0 5932
182 0 6002 0 0 6002
183 0 0 0 5987 5987
184 2 0 5976 2 5980
185 6033 0 2 1 6036
186 0 8 1 5968 5977
187 6030 0 1 4 6035
188 2 1 1 6020 6024
189 6022 0 1 0 6023
190 0 6013 0 1 6014
191 6048 0 2 0 6050
192 5958 0 11 0 5969
193 5878 1 0 0 5879
194 5941 0 0 0 5941
195 5964 1 17 0 5982
196 4 0 5878 0 5882
197 0 5900 1 3 5904
198 5947 0 0 0 5947
199 0 5954 0 0 5954
200 3 0 0 5976 5979
201 5985 2 0 0 5987
202 5963 2 2 2 5969
203 0 0 1 5964 5965
204 0 9 0 5964 5973
205 0 5 5844 2 5851
206 1 0 5714 1 5716
207 0 11 3 5481 5495
208 1 0 5679 0 5680
209 0 5703 1 7 5711
210 0 6000 0 4 6004
211 3 6 0 6067 6076
212 1 6105 0 0 6106
213 0 0 0 6122 6122
214 6209 1 6 0 6216
215 0 0 1 6198 6199
216 6267 1 0 1 6269
217 1 2 0 6353 6356
218 0 0 6538 1 6539
219 0 6674 0 13 6687
220 1 4 0 6783 6788
221 1 5 0 6937 6943
222 0 5 0 7058 7063
223 0 3 0 7157 7160
224 2 1 0 7173 7176
225 7186 0 2 0 7188
226 7188 3 0 0 7191
227 7146 0 1 0 7147
228 7104 1 5 0 7110
229 0 7095 0 0 7095
230 1 6974 0 0 6975
231 0 7056 0 0 7056
232 7177 2 1 0 7180
233 7147 1 3 1 7152
234 7119 0 0 0 7119
235 5 0 6915 0 6920
236 7056 0 0 1 7057
237 0 6974 0 4 6978
238 0 7009 0 1 7010
239 7061 0 0 0 7061
240 20 0 7049 1 7070
241 1 0 7012 0 7013
242 6956 0 2 0 6958
243 7094 0 0 0 7094
244 7092 0 1 0 7093
245 0 1 7119 0 7120
246 7051 0 4 2 7057
247 7093 0 2 0 7095
248 7149 0 1 1 7151
249 7168 0 0 1 7169
250 7211 0 10 0 7221
251 0 0 7168 0 7168
252 7138 0 0 0 7138
253 7182 0 0 0 7182
254 2 0 7172 0 7174
255 7130 0 0 1 7131
256 0 0 1 7198 7199
257 2 1 0 7227 7230
258 0 7220 0 1 7221
259 7311 1 0 0 7312
260 1 2 7 7256 7266
261 1 7241 0 2 7244
262 7271 1 0 0 7272
263 5 7253 0 0 7258
264 7263 3 2 0 7268
265 1 0 7094 4 7099
266 7058 1 0 0 7059
267 1 0 7045 0 7046
268 1 6989 5 5 7000
269 3 6941 0 4 6948
270 1 7086 0 0 7087
271 0 7 0 7152 7159
272 0 7 0 7135 7142
273 7111 0 32 2 7145
274 2 3 0 7086 7091
275 6 7154 0 1 7161
276 7197 1 1 0 7199
277 6 0 7191 1 7198
278 3 0 7095 0 7098
279 7008 0 5 0 7013
280 7077 3 1 5 7086
281 0 1 0 7215 7216
282 1 0 7198 3 7202
283 3 0 7185 1 7189
284 5 0 7135 1 7141
285 7273 0 0 0 7273
286 7413 0 0 1 7414
287 3 7357 0 1 7361
288 7492 0 0 2 7494
289 7475 3 0 0 7478
290 0 7589 0 1 7590
291 7747 0 3 0 7750
292 4 0 7533 0 7537
293 0 7555 0 0 7555
294 7759 0 5 0 7764
295 7788 0 0 2 7790
296 5 7781 0 5 7791
297 8318 0 0 0 8318
298 8263 0 1 0 8264
299 8322 1 0 0 8323
300 8366 0 0 0 8366
301 8457 0 1 0 8458
302 8440 0 2 0 8442
303 9 1 8448 0 8458
304 8530 0 4 0 8534
305 8632 1 2 0 8635
306 8626 1 19 0 8646
307 3 0 8484 1 8488
308 1 1 8332 1 8335
309 23 8507 1 0 8531
310 0 8801 0 4 8805
311 5 6 6 8704 8721
312 1110 0 7689 0 8799
313 8758 0 2 0 8760
314 1 995 3 7879 8878
315 1 0 0 8906 8907
316 2 8947 0 2 8951
317 0 1 0 8965 8966
318 109 0 8764 1 8874
319 1 0 8786 3 8790
320 0 8918 0 2 8920
321 5 6 0 9124 9135
322 0 1 9081 1 9083
323 8896 1 2 1 8900
324 0 0 9114 3 9117
325 9125 2 8 0 9135
326 14 0 9697 1 9712
327 9845 0 0 1 9846
328 10129 0 1 0 10130
329 10154 0 0 0 10154
330 10138 1 0 1 10140
331 10195 1 2 0 10198
332 1 0 0 10116 10117
333 5 0 9990 0 9995
334 10209 1 0 1 10211
335 12 0 10324 0 10336
336 10409 1 0 0 10410
337 10437 0 0 1 10438
338 16 0 10321 0 10337
339 10362 0 1 1 10364
340 1 6 0 10252 10259
341 1 0 10193 0 10194
342 1 2 1 9639 9643
343 6 0 10080 0 10086
344 0 1 0 10156 10157
345 6 0 10342 2 10350
346 10790 0 2 0 10792
347 3 0 10642 1 10646
348 4 10867 0 0 10871
349 0 2 0 10979 10981
350 0 2 0 11056 11058
351 0 0 0 11141 11141
352 4 11203 0 11 11218
353 11257 0 1 0 11258
354 0 2 0 11281 11283
355 4 0 11129 1 11134
356 11276 0 0 1 11277
357 11186 1 11 0 11198
358 2 0 11108 1 11111
359 3 11150 0 2 11155
360 11281 1 8 0 11290
361 0 2 0 11389 11391
362 4 5 0 11432 11441
363 0 7 0 11493 11500
364 5 0 11431 2 11438
365 11370 0 1 1 11372
366 11424 0 3 0 11427
367 11451 0 1 0 11452
368 0 1 0 11486 11487
369 11505 0 2 3 11510
370 2 0 11217 0 11219
371 2 11224 0 6 11232
372 11550 0 2 2 11554
373 2 1 11305 2 11310
374 11501 1 0 1 11503
375 11515 3 4 1 11523
376 3 0 11032 2 11037
377 7 0 10595 1 10603
378 0 10934 0 6 10940
379 0 11074 0 2 11076
380 11387 0 1 0 11388
381 1 1 0 11429 11431
382 2 0 11146 1 11149
383 11408 1 0 0 11409
384 11381 0 7 0 11388
385 11370 0 2 1 11373
386 15 0 11198 0 11213
387 1 11248 1 0 11250
388 3 0 0 11057 11060
389 0 11115 0 1 11116
390 11350 7 1 0 11358
391 4 0 11015 0 11019
392 1 10691 2 1 10695
393 1 0 11342 2 11345
394 1 11250 3 5 11259
395 5 11 0 11560 11576
396 11480 11 34 2 11527
397 1 11649 0 17 11667
398 1 0 1 11806 11808
399 11831 0 0 0 11831
400 0 1 0 11717 11718
401 11738 0 0 3 11741
402 0 11834 0 10 11844
403 0 1 0 11801 11802
404 0 0 11769 0 11769
405 1 2 0 11768 11771
406 1 11973 0 0 11974
407 1 2 0 11985 11988
408 303 11884 0 0 12187
409 12333 1 4 2 12340
410 2 5 0 12602 12609
411 4 0 12573 1 12578
412 5 0 12665 2 12672
413 1 2 1 12566 12570
414 12 12643 1 14 12670
415 12884 0 6 1 12891
416 2 2 0 12935 12939
417 2 0 12928 0 12930
418 1 14 0 12799 12814
419 12623 0 2 2 12627
420 2 13468 4 2 13476
421 1 13721 0 0 13722
422 0 22 0 13827 13849
423 7 0 13763 0 13770
424 13587 0 7 0 13594
425 13678 1 4 1 13684
426 0 5 2 13623 13630
427 4 13640 0 2 13646
428 2 14106 0 5 14113
429 3 8 1 14269 14281
430 5 0 14382 0 14387
431 0 0 14341 1 14342
432 14719 0 50 1 14770
433 14965 0 2 3 14970
434 14930 1 6 0 14937
435 2 0 0 14925 14927
436 0 2 1 15214 15217
437 15480 0 0 1 15481
438 4 0 0 15366 15370
439 5 10 0 15276 15291
440 7 15391 0 3 15401
441 15518 0 1 0 15519
442 15451 0 1 4 15456
443 2 8 1 15432 15443
444 4 0 15452 3 15459
445 3 15439 0 2 15444
446 15604 0 1 0 15605
447 15386 0 73 1 15460
448 3 0 15554 0 15557
449 1 3 0 15144 15148
450 15490 8 2 1 15501
451 15498 1 0 0 15499
452 15483 0 2 1 15486
453 15321 1 39 6 15367
454 6 15525 0 8 15539
455 4 0 1 15509 15514
456 15555 2 6 0 15563
457 5 0 15472 0 15477
458 0 1 15333 1 15335
459 15461 0 5 1 15467
460 15429 0 3 1 15433
461 4 15536 0 0 15540
462 29 0 15313 1 15343
463 1 15458 0 5 15464
464 1 4 0 15397 15402
465 20 15552 0 37 15609
466 1 3 0 15582 15586
467 1 9 15515 2 15527
468 2 9 0 15300 15311
469 2 0 15397 0 15399
470 5 15481 1 5 15492
471 0 14 0 15462 15476
472 4 1 2 15494 15501
473 0 2 1 15559 15562
474 15531 0 41 0 15572
475 4 2 1 15357 15364
476 1 1 15375 2 15379
477 2 15339 0 24 15365
478 11 0 15442 1 15454
479 15341 0 20 1 15362
480 80 0 15363 1 15444
481 15323 0 4 0 15327
482 15263 0 1 0 15264
483 15141 0 3 2 15146
484 5 15370 0 0 15375
485 15426 0 1 0 15427
486 15342 1 1 0 15344
487 1 0 15257 0 15258
488 4 15177 0 2 15183
489 15190 0 72 0 15262
490 0 0 0 15010 15010
491 3 15162 0 5 15170
492 15034 4 2 0 15040
493 1 15221 1 15 15238
494 15314 0 1 0 15315
495 0 3 2 15036 15041
496 5 8 3 14859 14875
497 6 15058 0 3 15067
498 15033 1 5 0 15039
499 20 15141 0 3 15164
500 15013 2 1 1 15017
501 100 14946 26 9 15081
502 15147 0 28 1 15176
503 0 0 14770 4 14774
504 9 0 14317 1 14327
505 2 0 14380 1 14383
506 0 14553 0 5 14558
507 3 1 2 14577 14583
508 6 14648 0 2 14656
509 14983 2 0 0 14985
510 0 25 1 14850 14876
511 14920 1 1 1 14923
512 2 1 14710 1 14714
513 3 14761 0 8 14772
514 14823 2 2 0 14827
515 1 0 14652 0 14653
516 14524 0 4 2 14530
517 1 0 14452 0 14453
518 1 14432 2 6 14441
519 14538 6 3 6 14553
520 777 0 13787 1 14565
521 2 14447 2 4 14455
522 349 0 14118 19 14486
523 14190 2 5 2 14199
524 32 0 14193 0 14225
525 14240 1 3 1 14245
526 0 1 0 14093 14094
527 1 14173 0 1 14175
528 0 2 0 14096 14098
529 0 4 0 13988 13992
530 6 14139 0 2 14147
531 14193 1 11 2 14207
532 1 0 13913 3 13917
533 0 3 0 13479 13482
534 45 0 13497 0 13542
535 8 13500 0 3 13511
536 3 13748 0 2 13753
537 3 7 0 13847 13857
538 3 0 13846 0 13849
539 3 0 13489 36 13528
540 13395 0 9 0 13404
541 2 0 13562 0 13564
542 2 2 0 13175 13179
543 1315 0 12035 0 13350
544 13382 0 2 1 13385
545 3 0 13483 0 13486
546 13353 0 3 0 13356
547 4 13107 5 1 13117
548 2 1 13221 0 13224
549 13120 0 23 1 13144
550 1 0 13235 1 13237
551 13215 0 2 0 13217
552 13216 0 2 1 13219
553 13126 0 2 1 13129
554 1 0 0 13016 13017
555 24 0 12983 2 13009
556 3 12959 0 3 12965
557 12941 0 1 0 12942
558 2 0 12862 2 12866
559 12688 1 5 1 12695
560 0 5 1 12586 12592
561 15 0 12494 4 12513
562 13 0 12373 0 12386
563 0 3 0 12094 12097
564 0 12318 1 0 12319
565 1 3 1 12325 12330
566 3 12458 1 1 12463
567 12595 0 4 2 12601
568 5 0 12386 1 12392
569 2 12199 0 5 12206
570 0 12 0 12434 12446
571 12450 0 2 0 12452
572 1 4 0 12389 12394
573 2 0 12269 0 12271
574 12190 0 4 0 12194
575 12249 0 3 0 12252
576 4 11938 1 1 11944
577 12049 0 3 1 12053
578 2 12067 0 1 12070
579 12057 0 1 0 12058
580 10 0 11954 1 11965
581 0 11915 1 1 11917
582 11973 0 0 0 11973
583 11916 0 1 0 11917
584 11820 7 0 0 11827
585 11726 0 1 0 11727
586 11492 1 45 1 11539
587 11 11600 0 1 11612
588 11510 0 2 0 11512
589 11252 1 1 0 11254
590 1 1 1 11134 11137
591 38 0 11172 2 11212
592 11125 0 3 2 11130
593 11088 0 0 1 11089
594 1 57 4 10967 11029
595 0 0 11051 1 11052
596 7 0 10915 5 10927
597 10758 0 0 0 10758
598 10828 1 0 4 10833
599 0 1 0 10763 10764
600 1 2 10860 1 10864
601 4 0 10781 1 10786
602 1 0 10792 1 10794
603 10760 1 2 1 10764
604 10882 0 0 1 10883
605 10832 1 3 0 10836
606 10744 1 14 6 10765
607 5 0 10778 2 10785
608 3 0 10638 1 10642
609 10650 0 3 1 10654
610 2 1 10760 1 10764
611 10899 0 1 3 10903
612 10892 1 1 0 10894
613 0 0 10809 4 10813
614 10743 0 2 0 10745
615 1 10640 0 148 10789
616 3 2 10833 0 10838
617 0 8 1 10468 10477
618 1 10546 0 2 10549
619 2 10769 0 1 10772
620 11010 0 1 0 11011
621 10983 0 0 0 10983
622 10892 1 5 0 10898
623 10813 0 7 0 10820
624 7 2 10671 26 10706
625 2 10648 1 6 10657
626 0 2 1 10667 10670
627 7 0 10665 0 10672
628 5 0 10557 0 10562
629 1 10669 0 1 10671
630 10851 0 1 2 10854
631 9 2 10819 0 10830
632 10877 0 0 1 10878
633 10895 0 6 0 10901
634 2 0 10656 0 10658
635 10770 0 1 2 10773
636 0 0 10753 5 10758
637 1 3 0 10075 10079
638 0 4 0 10513 10517
639 127 1 10562 3 10693
640 2 10623 0 1 10626
641 10871 0 4 0 10875
642 10852 2 2 0 10856
643 10861 0 4 0 10865
644 25 0 10798 1 10824
645 0 10711 0 0 10711
646 10886 0 4 0 10890
647 10852 0 2 1 10855
648 0 10756 0 3 10759
649 10871 0 4 0 10875
650 1 2 1 10751 10755
651 0 2 0 10825 10827
652 0 0 10858 0 10858
653 0 0 10712 1 10713
654 10654 0 3 1 10658
655 1 0 10657 0 10658
656 11 1 1 9925 9938
657 3 1 10288 0 10292
658 1 10331 0 2 10334
659 1 3 1 10511 10516
660 2 0 10508 0 10510
661 10151 0 2 1 10154
662 1 0 10215 4 10220
663 10146 0 0 0 10146
664 2 1 1 10042 10046
665 8 10031 0 0 10039
666 2 5 2 9958 9967
667 4 9926 0 3 9933
668 0 1 0 10063 10064
669 2 8 1 10108 10119
670 6 0 9986 0 9992
671 1 0 9869 1 9871
672 129 0 9725 2 9856
673 3 0 9911 0 9914
674 0 9806 0 3 9809
675 10075 0 11 2 10088
676 9989 0 1 1 9991
677 4 0 10127 0 10131
678 0 3 1 9596 9600
679 0 9891 0 0 9891
680 10090 0 1 0 10091
681 10024 2 2 0 10028
682 9987 0 1 0 9988
683 9951 0 23 0 9974
684 9 1 9790 0 9800
685 9568 0 1 1 9570
686 9625 0 8 0 9633
687 1 10 2 9563 9576
688 2 0 9724 0 9726
689 0 0 9629 0 9629
690 12 0 9610 1 9623
691 4 0 9636 0 9640
692 9484 0 1 2 9487
693 9484 1 66 0 9551
694 5 0 9605 1 9611
695 5 0 9429 0 9434
696 12 1 9481 5 9499
697 9316 0 3 3 9322
698 2 1 1 9273 9277
699 1 1 1 9372 9375
700 3 0 9325 0 9328
701 5 9218 0 4 9227
702 9343 1 0 0 9344
703 9291 0 0 0 9291
704 9214 2 2 0 9218
705 8 0 9232 0 9240
706 3 0 9176 1 9180
707 9062 0 1 1 9064
708 0 0 1 9141 9142
709 4 1 9234 0 9239
710 0 2 1 9099 9102
711 9175 0 0 0 9175
712 9094 0 0 2 9096
713 0 0 1 9218 9219
714 3 0 9213 2 9218
715 0 0 9186 1 9187
716 9105 1 1 1 9108
717 9137 1 4 0 9142
718 5 0 9059 0 9064
719 0 2 2 8850 8854
720 22 0 8986 0 9008
721 3 8896 0 27 8926
722 0 2 1 9152 9155
723 9113 0 0 0 9113
724 9125 0 0 0 9125
725 9095 0 0 0 9095
726 2 0 8963 1 8966
727 1 8847 0 0 8848
728 8960 0 2 1 8963
729 2 0 8865 0 8867
730 8742 0 1 0 8743
731 0 0 8789 1 8790
732 2 8593 0 5 8600
733 0 1 0 8544 8545
734 2 8533 0 0 8535
735 2 8591 0 4 8597
736 8631 0 1 0 8632
737 2 1 2 8532 8537
738 0 0 8547 0 8547
739 0 0 8493 1 8494
740 1 0 8470 1 8472
741 8470 1 1 1 8473
742 8456 0 7 0 8463
743 8425 1 0 0 8426
744 0 0 0 8373 8373
745 0 3 0 8350 8353
746 0 8332 1 4 8337
747 8316 0 1 4 8321
748 0 0 8209 2 8211
749 2 8064 0 0 8066
750 1 0 2 7885 7888
751 1 7882 0 18 7901
752 1 0 1 7998 8000
753 0 1 1 7977 7979
754 1 0 7912 0 7913
755 1 4 1 7725 7731
756 2 0 7763 0 7765
757 7710 0 3 1 7714
758 7656 0 4 0 7660
759 16 0 7688 0 7704
760 7624 0 0 0 7624
761 7587 0 0 0 7587
762 7531 0 2 0 7533
763 1 9 0 7502 7512
764 7497 0 5 0 7502
765 1 7 1 7453 7462
766 0 7457 1 2 7460
767 0 1 1 7499 7501
768 7455 0 4 2 7461
769 1 0 1 7425 7427
770 7441 0 6 1 7448
771 7373 0 2 0 7375
772 0 0 0 7253 7253
773 1 0 7221 0 7222
774 2 7096 0 49 7147
775 2 9 0 7004 7015
776 31 7064 0 1 7096
777 1 0 7041 1 7043
778 6949 0 0 0 6949
779 6828 0 3 0 6831
780 0 6910 0 2 6912
781 2 6844 0 0 6846
782 6869 1 0 0 6870
783 3 0 0 6836 6839
784 1 3 1 6749 6754
785 0 1 0 6690 6691
786 3 6713 0 1 6717
787 6704 0 4 3 6711
788 0 0 6636 1 6637
789 141 0 6283 0 6424
790 0 1 0 6217 6218
791 0 2 0 6253 6255
792 4 6278 0 0 6282
793 0 1 1 6308 6310
794 0 0 0 6262 6262
795 6061 0 3 1 6065
796 0 5986 0 1 5987
797 5938 0 2 0 5940
798 5782 0 2 1 5785
799 0 1 1 5742 5744
800 1 1 0 5707 5709
801 0 0 0 5701 5701
802 0 0 5583 2 5585
803 0 0 0 5418 5418
804 0 1 0 5294 5295
805 4 5191 0 0 5195
806 0 0 0 5267 5267
807 0 1 0 5236 5237
808 0 1 0 5195 5196
809 0 2 0 5170 5172
810 5077 0 2 0 5079
811 0 0 1 4946 4947
812 1 6 0 4753 4760
813 0 3 0 4715 4718
814 0 0 0 4682 4682
815 4653 0 2 0 4655
816 1 0 2 4552 4555
817 1 4576 1 3 4581
818 4548 0 8 3 4559
819 15 1 4374 0 4390
820 1 4293 0 0 4294
821 0 4 2 4165 4171
822 0 4227 0 0 4227
823 0 0 0 4111 4111
824 4 4152 0 0 4156
825 1 4187 0 0 4188
826 4167 0 2 2 4171
827 0 1 0 4055 4056
828 0 1 0 4074 4075
829 1 1 0 4028 4030
830 0 4026 0 4 4030
831 4022 0 0 0 4022
832 0 1 0 3972 3973
833 1 0 3917 1 3919
834 2 0 3795 0 3797
835 1 3826 0 0 3827
836 0 2 0 3855 3857
837 0 1 0 3873 3874
838 1 0 3691 0 3692
839 0 0 3700 0 3700
840 3592 0 1 0 3593
841 0 3566 0 1 3567
842 3528 0 0 0 3528
843 3603 1 0 0 3604
844 0 0 0 3579 3579
845 3522 0 0 1 3523
846 2 0 3386 0 3388
847 0 0 3468 0 3468
848 54 0 3396 0 3450
849 4 3395 0 0 3399
850 3069 0 366 0 3435
851 0 0 0 3419 3419
852 0 4 0 3528 3532
853 0 1 0 3545 3546
854 0 0 3158 1 3159
855 3126 0 0 0 3126
856 3266 0 0 0 3266
857 0 1 0 3299 3300
858 47 3094 0 2 3143
859 3154 2 3 0 3159
860 3275 0 0 0 3275
861 3325 0 0 3 3328
862 6 0 0 3275 3281
863 3183 1 0 0 3184
864 3235 1 1 0 3237
865 3224 0 1 0 3225
866 3230 1 0 0 3231
867 3204 0 2 0 3206
868 2 0 2990 0 2992
869 3032 0 2 0 3034
870 0 0 3019 0 3019
871 0 0 3003 1 3004
872 3005 0 1 0 3006
873 3084 0 1 0 3085
874 0 0 1 2996 2997
875 3038 0 0 0 3038
876 3035 0 0 0 3035
877 2994 7 0 0 3001
878 0 2943 0 1 2944
879 2739 0 6 0 2745
880 2 1 0 2684 2687
881 0 0 2666 0 2666
882 2670 0 0 0 2670
883 2695 0 0 0 2695
884 2708 0 1 0 2709
885 2687 0 0 0 2687
886 2 0 0 2595 2597
887 2585 0 1 0 2586
888 2 2534 0 1 2537
889 2 0 2540 0 2542
890 2541 0 0 0 2541
891 2551 0 0 0 2551
892 0 0 0 2493 2493
893 2543 0 0 0 2543
894 2551 0 0 0 2551
895 2551 0 0 0 2551
896 2524 0 4 0 2528
897 0 0 2305 1 2306
898 0 0 2320 0 2320
899 0 2 0 2078 2080
900 0 2264 0 0 2264
901 1 2366 0 1 2368
902 2371 0 2 0 2373
903 2355 0 0 0 2355
904 2355 0 1 0 2356
905 1 2283 0 1 2285
906 2294 0 0 0 2294
907 2305 0 1 0 2306
908 2317 0 0 0 2317
909 0 0 2134 0 2134
910 2170 0 1 0 2171
911 6 0 2110 0 2116
912 2171 0 0 0 2171
913 13 2109 0 0 2122
914 2198 0 1 0 2199
915 2208 0 1 0 2209
916 1 0 0 2124 2125
917 2187 0 0 0 2187
918 2209 0 0 0 2209
919 2174 0 0 0 2174
920 0 2084 0 2 2086
921 2143 0 0 0 2143
922 0 0 2056 0 2056
923 2113 0 1 0 2114
924 0 0 2079 1 2080
925 2122 0 0 0 2122
926 6 1 2042 0 2049
927 0 0 2071 0 2071
928 1 0 0 1813 1814
929 2036 0 0 0 2036
930 0 0 0 1992 1992
931 0 2055 0 1 2056
932 2097 0 4 0 2101
933 2096 0 0 0 2096
934 0 0 0 2034 2034
935 0 3 0 2034 2037
936 0 0 0 2053 2053
937 0 0 0 2060 2060
938 5 0 1929 0 1934
939 1948 1 1 0 1950
940 3 0 1915 0 1918
941 1927 0 1 0 1928
942 1 1878 0 0 1879
943 1881 0 1 0 1882
944 4 1855 0 2 1861
945 1899 0 0 0 1899
946 0 0 1825 0 1825
947 0 0 0 1782 1782
948 0 0 1 1800 1801
949 1784 0 0 1 1785
950 3 1778 0 0 1781
951 0 1786 0 0 1786
952 1772 1 0 0 1773
953 1762 0 0 0 1762
954 1745 0 0 0 1745
955 1743 0 0 0 1743
956 1729 0 2 0 1731
957 1 0 1602 1 1604
958 1568 0 0 0 1568
959 1591 0 0 0 1591
960 1583 0 1 0 1584
961 0 2 0 1438 1440
962 2 1478 0 0 1480
963 0 1493 0 1 1494
964 1512 0 0 0 1512
965 3 0 1434 0 1437
966 0 0 1401 0 1401
967 0 1366 0 2 1368
968 6 1410 0 0 1416
969 1463 0 0 0 1463
970 1484 0 0 0 1484
971 1482 0 0 0 1482
972 0 1 1441 0 1442
973 1457 0 0 0 1457
974 1463 0 0 0 1463
975 1437 0 0 0 1437
976 1 1397 0 0 1398
977 1396 0 0 0 1396
978 1390 0 1 0 1391
979 0 5 0 1325 1330
980 0 0 1326 0 1326
981 1325 0 0 0 1325
982 1338 0 0 0 1338
983 0 0 1287 0 1287
984 4 0 1261 0 1265
985 1284 0 0 0 1284
986 1292 0 3 0 1295
987 0 0 1188 0 1188
988 0 0 0 1154 1154
989 258 0 942 0 1200
990 0 1221 0 1 1222
991 0 0 0 1230 1230
992 3 1233 0 0 1236
993 0 0 0 1213 1213
994 1 1229 0 0 1230
995 0 0 0 1241 1241
996 0 0 1235 0 1235
997 1210 0 0 0 1210
998 1 1125 0 69 1195
999 1204 0 0 0 1204
1000 1195 0 0 0 1195
1001 1 1155 0 0 1156
1002 1169 0 0 0 1169
1003 0 0 0 1160 1160
1004 1 0 1158 0 1159
1005 1 0 1164 0 1165
1006 1153 0 1 0 1154
1007 1 0 1133 0 1134
1008 0 0 1151 0 1151
1009 0 0 0 999 999
1010 1102 0 0 0 1102
1011 0 0 0 1088 1088
1012 0 0 0 1126 1126
1013 10 0 1082 0 1092
1014 1092 0 0 0 1092
1015 1095 0 0 0 1095
1016 0 22 0 1039 1061
1017 0 0 1031 0 1031
1018 1036 0 0 0 1036
1019 0 1023 0 0 1023
1020 0 1016 0 0 1016
1021 1008 0 0 0 1008
1022 0 1013 0 0 1013
1023 1013 0 1 0 1014
1024 0 0 0 1016 1016
1025 1025 0 1 0 1026
1026 1002 0 0 0 1002
1027 0 0 0 988 988
1028 1017 0 0 0 1017
1029 1006 0 0 0 1006
1030 0 0 0 970 970
1031 0 0 0 979 979
1032 0 0 967 0 967
1033 960 0 0 0 960
1034 2 0 956 0 958
1035 0 0 950 0 950
1036 0 0 932 0 932
1037 908 0 0 0 908
1038 0 916 0 0 916
1039 0 0 0 916 916
1040 0 0 0 912 912
1041 0 0 0 905 905
1042 0 893 0 0 893
1043 0 0 0 882 882
1044 0 0 867 0 867
1045 0 834 0 1 835
1046 5 854 0 1 860
1047 0 0 868 0 868
1048 844 0 1 0 845
1049 834 0 0 0 834
1050 0 0 843 0 843
1051 835 0 0 0 835
1052 0 0 840 0 840
1053 847 0 0 0 847
1054 0 0 0 859 859
1055 848 0 0 0 848
1056 833 0 1 0 834
1057 0 0 0 829 829
1058 836 0 1 0 837
1059 825 0 1 0 826
1060 829 0 0 0 829
1061 829 0 0 0 829
1062 830 0 0 0 830
1063 0 0 0 811 811
1064 0 0 810 1 811
1065 0 0 790 0 790
1066 0 0 781 0 781
1067 0 0 0 734 734
1068 0 0 760 0 760
1069 782 0 1 0 783
1070 788 0 0 0 788
1071 768 0 0 0 768
1072 0 778 0 0 778
1073 770 0 0 0 770
1074 0 0 774 0 774
1075 0 0 0 739 739
1076 0 0 0 752 752
1077 0 0 1 756 757
1078 0 0 0 752 752
1079 8 0 744 0 752
1080 30 0 725 0 755
1081 743 0 0 0 743
1082 0 0 755 0 755
1083 744 0 0 0 744
1084 0 0 0 744 744
1085 744 0 2 0 746
1086 12 0 742 0 754
1087 751 0 0 0 751
1088 744 0 0 0 744
1089 0 0 733 0 733
1090 733 0 0 0 733
1091 731 0 0 0 731
1092 0 0 0 705 705
1093 0 0 0 710 710
1094 0 0 697 0 697
1095 0 699 0 0 699
1096 703 0 0 0 703
1097 0 0 0 691 691
1098 0 0 0 710 710
1099 702 0 0 0 702
1100 711 0 0 0 711
1101 709 0 0 0 709
1102 0 0 0 692 692
1103 0 0 0 675 675
1104 0 676 0 0 676
1105 675 0 0 0 675
1106 674 0 1 0 675
1107 0 0 0 664 664
1108 1 0 0 665 666
1109 0 2 0 666 668
1110 0 0 0 666 666
1111 660 0 0 0 660
1112 0 647 0 0 647
1113 0 1 0 581 582
1114 1 0 588 0 589
1115 0 0 0 565 565
1116 578 0 0 0 578
1117 0 0 0 575 575
1118 0 0 0 580 580
1119 0 0 0 567 567
1120 0 568 0 0 568
1121 0 0 0 570 570
1122 0 0 0 569 569
1123 550 0 2 0 552
1124 0 551 0 2 553
1125 0 0 0 543 543
1126 546 0 0 0 546
1127 0 0 0 532 532
1128 0 0 525 0 525
1129 0 504 0 0 504
1130 534 0 0 0 534
1131 0 0 0 520 520
1132 0 0 0 534 534
1133 3 0 0 486 489
1134 483 0 0 0 483
1135 475 0 0 0 475
1136 1 0 450 0 451
1137 0 417 0 0 417
1138 427 0 0 0 427
1139 425 0 0 0 425
1140 422 0 0 0 422
1141 0 0 0 408 408
1142 0 0 0 414 414
1143 0 0 411 0 411
1144 0 1 0 404 405
1145 403 0 0 0 403
1146 409 0 0 0 409
1147 0 0 0 380 380
1148 0 372 0 0 372
1149 388 0 0 0 388
1150 393 0 0 0 393
1151 0 0 0 387 387
1152 0 0 373 0 373
1153 1 0 0 364 365
1154 0 367 0 0 367
1155 357 3 0 12 372
1156 0 0 367 0 367
1157 0 260 0 1 261
1158 266 0 0 0 266
1159 262 0 0 0 262
1160 261 0 0 0 261
1161 0 0 0 257 257
1162 245 0 0 0 245
1163 244 0 0 0 244
1164 238 0 0 0 238
1165 0 235 0 0 235
1166 0 0 0 198 198
1167 1 0 206 0 207
1168 0 0 195 0 195
1169 195 0 0 0 195
1170 195 0 0 0 195
1171 186 0 0 0 186
1172 176 0 0 0 176
1173 170 0 0 0 170
1174 0 0 153 0 153
1175 0 0 0 69 69
1176 0 0 67 0 67
1177 0 64 0 0 64
1178 0 0 61 0 61
1179 0 0 0 50 50
1180 0 0 0 50 50
1181 0 0 50 0 50
1182 0 0 0 48 48
1183 0 0 0 49 49
1184 0 0 0 41 41
1185 0 46 0 0 46
1186 0 0 0 38 38
1187 0 0 0 1 1
1188 0 0 0 0 0
1189 0 0 0 0 0
1190 0 0 0 0 0
