0 0 0 0 0 0
1 14 4 0 1 19
2 0 0 27 0 27
3 0 30 0 0 30
4 34 0 0 0 34
5 0 0 35 0 35
6 36 0 0 0 36
7 40 0 0 0 40
8 0 0 39 0 39
9 0 48 0 0 48
10 46 24 3 20 93
11 0 1 110 0 111
12 110 9 2 0 121
13 0 0 139 0 139
14 0 0 158 0 158
15 195 0 18 1 214
16 0 0 0 267 267
17 0 3 0 290 293
18 0 0 0 626 626
19 8 0 908 1 917
20 0 0 0 1021 1021
21 0 2 0 1062 1064
22 0 0 0 1101 1101
23 1104 0 0 3 1107
24 1 1 1298 0 1300
25 0 0 0 1340 1340
26 1 1387 0 0 1388
27 1398 0 1 3 1402
28 1 1832 0 0 1833
29 0 1 0 1920 1921
30 0 0 2167 0 2167
31 4 0 2156 0 2160
32 0 2295 0 1 2296
33 2449 0 1 0 2450
34 2449 1 0 0 2450
35 2441 0 0 0 2441
36 0 2467 0 0 2467
37 2467 0 2 0 2469
38 5 0 2521 0 2526
39 2540 0 0 0 2540
40 14 0 2607 0 2621
41 2681 0 1 0 2682
42 2821 0 0 0 2821
43 2836 0 0 0 2836
44 2817 0 0 0 2817
45 2810 1 0 0 2811
46 1 10 0 2837 2848
47 3 1 2885 2 2891
48 2 1 2886 0 2889
49 9 3000 0 6 3015
50 3 0 3083 0 3086
51 3055 0 17 0 3072
52 3116 0 6 0 3122
53 1 3234 0 1 3236
54 3307 0 1 0 3308
55 3313 0 0 1 3314
56 2 3348 0 0 3350
57 3353 0 2 2 3357
58 3350 0 2 0 3352
59 1 3387 0 0 3388
60 3418 0 0 0 3418
61 0 1 0 3401 3402
62 0 0 3410 0 3410
63 3373 0 0 0 3373
64 2 3536 0 0 3538
65 1 3559 0 1 3561
66 3575 0 0 0 3575
67 0 3602 0 1 3603
68 3593 1 0 0 3594
69 3577 0 0 0 3577
70 7 3704 0 1 3712
71 3651 0 1 0 3652
72 2 3749 0 0 3751
73 3740 0 0 0 3740
74 3736 0 0 0 3736
75 3702 0 0 1 3703
76 0 1 0 3720 3721
77 0 2 0 3716 3718
78 1 0 3744 0 3745
79 3706 0 1 1 3708
80 1 1 3763 2 3767
81 1 1 3720 0 3722
82 0 0 0 3503 3503
83 0 1 3689 0 3690
84 0 0 3656 0 3656
85 3 1 3623 0 3627
86 0 40 4 3623 3667
87 1 3812 4 5 3822
88 3 3997 8 1 4009
89 24 0 4041 6 4071
90 2 0 4226 2 4230
91 22 0 4246 3 4271
92 4232 1 45 4 4282
93 2 0 4395 4 4401
94 0 4434 0 2 4436
95 4532 0 6 0 4538
96 4536 1 1 0 4538
97 0 4592 0 0 4592
98 1 4645 0 0 4646
99 4670 0 2 0 4672
100 4671 1 1 0 4673
101 0 4 0 4716 4720
102 0 0 4737 0 4737
103 1 4834 0 3 4838
104 2 4829 0 3 4834
105 4808 0 1 0 4809
106 0 4890 0 0 4890
107 4 4837 1 110 4952
108 4987 1 0 3 4991
109 0 1 0 5087 5088
110 5160 0 1 0 5161
111 5111 0 4 0 5115
112 5041 0 2 0 5043
113 2 5237 0 0 5239
114 0 2 0 5211 5213
115 0 2 0 5267 5269
116 0 2 0 5295 5297
117 1 1 5267 0 5269
118 5281 0 1 1 5283
119 5272 1 1 0 5274
120 0 0 5261 3 5264
121 3 5299 0 1 5303
122 5310 2 3 1 5316
123 0 0 5360 0 5360
124 0 0 5298 1 5299
125 5242 0 1 0 5243
126 5347 0 2 2 5351
127 0 1 0 5380 5381
128 0 2 0 5455 5457
129 0 5521 0 2 5523
130 0 2 0 5586 5588
131 8 1 5581 0 5590
132 3 0 5525 0 5528
133 5426 1 5 1 5433
134 1 0 5587 0 5588
135 0 2 0 5442 5444
136 1 0 5536 0 5537
137 0 5588 0 1 5589
138 0 6 0 5615 5621
139 5666 0 0 0 5666
140 0 18 0 5675 5693
141 3 0 5651 0 5654
142 5661 0 0 1 5662
143 5568 0 96 1 5665
144 5710 1 1 0 5712
145 6 0 5642 1 5649
146 29 3 5583 1 5616
147 1 5711 1 0 5713
148 0 1 0 5731 5732
149 0 2 0 5762 5764
150 0 1 0 5738 5739
151 0 5818 0 4 5822
152 5847 0 1 1 5849
153 0 0 1 5774 5775
154 7 0 5827 1 5835
155 8 1 5763 0 5772
156 0 5926 0 2 5928
157 5959 0 2 0 5961
158 5985 0 0 0 5985
159 5980 0 2 0 5982
160 16 0 5907 1 5924
161 5927 0 0 0 5927
162 1 0 5919 0 5920
163 1 5894 0 0 5895
164 1 5913 0 3 5917
165 0 6023 0 0 6023
166 0 0 0 6042 6042
167 0 2 0 6055 6057
168 6 2 5969 0 5977
169 5988 0 0 2 5990
170 0 6039 0 1 6040
171 0 2 0 5952 5954
172 5924 1 0 0 5925
173 4 5515 0 448 5967
174 6 5955 0 1 5962
175 4 5919 0 0 5923
176 1 5949 3 3 5956
177 1 0 5920 0 5921
178 0 0 5967 1 5968
179 1 6 3 5833 5843
180 4 6011 0 2 6017
181 6104 0 1 0 6105
182 6044 3 1 0 6048
183 1 0 6007 0 6008
184 6048 2 2 0 6052
185 0 5987 0 13 6000
186 2 5984 0 0 5986
187 6 0 5977 0 5983
188 1 6015 0 0 6016
189 4 6095 0 1 6100
190 0 0 1 6117 6118
191 6158 0 1 1 6160
192 6149 0 1 0 6150
193 6129 0 2 0 6131
194 0 9 0 6009 6018
195 6074 0 0 0 6074
196 3 0 6026 0 6029
197 6002 0 0 0 6002
198 1 6070 0 0 6071
199 8 1 0 6094 6103
200 6058 0 0 1 6059
201 6016 0 1 0 6017
202 6004 1 3 0 6008
203 5550 0 436 0 5986
204 5968 1 1 1 5971
205 1 0 6040 0 6041
206 5904 0 3 0 5907
207 5943 0 0 2 5945
208 5987 1 0 0 5988
209 6007 0 1 0 6008
210 3 0 0 6028 6031
211 0 1 0 6067 6068
212 6081 0 2 0 6083
213 1 0 5949 0 5950
214 5933 0 1 0 5934
215 15 0 5941 0 5956
216 0 2 0 5780 5782
217 1 5948 0 6 5955
218 5967 0 1 0 5968
219 5899 0 0 1 5900
220 1 0 5963 0 5964
221 5831 0 0 0 5831
222 5824 2 5 0 5831
223 2 1 0 5880 5883
224 5966 0 0 0 5966
225 5962 0 1 0 5963
226 5932 0 0 0 5932
227 5824 0 10 0 5834
228 5777 0 4 0 5781
229 434 5335 0 0 5769
230 0 1 0 5763 5764
231 4 5814 0 1 5819
232 5751 0 0 1 5752
233 1 5817 0 1 5819
234 5854 0 0 0 5854
235 5835 0 0 0 5835
236 3 5790 0 1 5794
237 5819 0 1 0 5820
238 5629 0 191 0 5820
239 5773 0 0 0 5773
240 5703 1 3 0 5707
241 2 0 5627 0 5629
242 1 2 2 4784 4789
243 1 0 5214 0 5215
244 5528 0 1 0 5529
245 0 1 5499 2 5502
246 1 5397 0 20 5418
247 0 5534 0 3 5537
248 0 0 3 5631 5634
249 1 0 5637 0 5638
250 5576 0 6 0 5582
251 5591 0 4 0 5595
252 5511 0 97 0 5608
253 1 0 5607 0 5608
254 0 1 1 5147 5149
255 5543 1 0 2 5546
256 5684 3 0 2 5689
257 5695 0 0 1 5696
258 5711 4 3 0 5718
259 1 0 5584 6 5591
260 7 0 5411 0 5418
261 5550 2 1 1 5554
262 0 2 0 5498 5500
263 4 0 5554 0 5558
264 0 1 0 5347 5348
265 1 5407 0 2 5410
266 3 5290 0 120 5413
267 0 5558 0 1 5559
268 0 0 0 5664 5664
269 1 1 0 5722 5724
270 4 0 5680 2 5686
271 5647 0 0 1 5648
272 5658 1 2 1 5662
273 6 0 5702 0 5708
274 5584 0 1 1 5586
275 0 0 5911 1 5912
276 5950 0 9 0 5959
277 0 0 5996 0 5996
278 6053 0 5 0 6058
279 6105 0 5 0 6110
280 6143 2 24 1 6170
281 6158 4 2 0 6164
282 5 0 5994 1 6000
283 0 6087 1 0 6088
284 6261 15 0 2 6278
285 6286 1 0 1 6288
286 0 0 0 6259 6259
287 4 7 0 6185 6196
288 1 0 6239 3 6243
289 4 0 6168 1 6173
290 6095 0 1 1 6097
291 1 0 6350 0 6351
292 1 1 1 6143 6146
293 6247 0 138 0 6385
294 6488 0 5 0 6493
295 6493 0 0 0 6493
296 6478 0 1 0 6479
297 6428 0 2 0 6430
298 3 1 0 6418 6422
299 8 0 6383 4 6395
300 6414 0 1 0 6415
301 1 1 0 6514 6516
302 9 2 6550 1 6562
303 6561 0 1 0 6562
304 6612 0 0 0 6612
305 6636 1 1 0 6638
306 5 0 6597 0 6602
307 0 1 0 6208 6209
308 6449 0 0 0 6449
309 0 6608 0 0 6608
310 0 3 0 6596 6599
311 65 6563 0 3 6631
312 0 6711 0 6 6717
313 2 0 0 6763 6765
314 6681 1 20 15 6717
315 0 0 0 6794 6794
316 0 8 0 6831 6839
317 0 66 0 6766 6832
318 6874 0 0 0 6874
319 0 1 0 6842 6843
320 3 0 6772 1 6776
321 6829 0 2 0 6831
322 6779 0 0 1 6780
323 0 1 0 6692 6693
324 3 6725 0 3 6731
325 0 6708 0 1 6709
326 15 0 6746 1 6762
327 0 0 0 6619 6619
328 2 6645 0 7 6654
329 0 1 0 6691 6692
330 1 0 6711 1 6713
331 2 6701 0 14 6717
332 0 1 1 6780 6782
333 0 0 6782 1 6783
334 0 0 6701 5 6706
335 6807 0 3 1 6811
336 6830 0 2 1 6833
337 1 5 0 6845 6851
338 0 1 0 6804 6805
339 9 0 6729 2 6740
340 6736 0 0 1 6737
341 6733 1 0 0 6734
342 6 0 6721 2 6729
343 4 0 6659 0 6663
344 3 0 6685 3 6691
345 1 0 0 6279 6280
346 0 3 0 6553 6556
347 0 2 0 6687 6689
348 3 0 6587 0 6590
349 6565 0 24 2 6591
350 0 0 6586 0 6586
351 3 6526 0 4 6533
352 0 6579 0 1 6580
353 6598 0 0 1 6599
354 1 1 4 6638 6644
355 6589 0 1 2 6592
356 0 6656 0 0 6656
357 2 2 0 6645 6649
358 34 0 6546 0 6580
359 0 1 0 6505 6506
360 6571 0 3 0 6574
361 2 1 0 6604 6607
362 1 0 6541 1 6543
363 6548 0 7 0 6555
364 6510 0 1 0 6511
365 11 6529 0 0 6540
366 6574 0 0 0 6574
367 1 0 6542 3 6546
368 0 4 0 6375 6379
369 1 6 0 6484 6491
370 3 6530 0 3 6536
371 0 13 0 6529 6542
372 0 5 0 6540 6545
373 0 6565 0 3 6568
374 6612 0 1 0 6613
375 6516 0 0 0 6516
376 6477 0 10 0 6487
377 0 2 0 6534 6536
378 6487 0 71 0 6558
379 3 0 6409 0 6412
380 9 6423 0 2 6434
381 6525 2 10 0 6537
382 6389 0 107 1 6497
383 2 6530 0 1 6533
384 0 1 30 6486 6517
385 1 0 6557 0 6558
386 0 0 0 6395 6395
387 6508 0 2 0 6510
388 97 6361 1 12 6471
389 10 0 6494 0 6504
390 6409 0 0 1 6410
391 6428 0 2 0 6430
392 6472 0 7 0 6479
393 3 0 0 6447 6450
394 6411 0 1 0 6412
395 2 6464 0 2 6468
396 6427 55 2 0 6484
397 6457 0 6 7 6470
398 0 1 0 6390 6391
399 0 11 0 6365 6376
400 0 0 6342 1 6343
401 3 0 6313 3 6319
402 6279 1 22 0 6302
403 7 6203 0 5 6215
404 2 6277 0 1 6280
405 4 0 6387 2 6393
406 6328 0 0 0 6328
407 0 3 10 6287 6300
408 0 1 0 6345 6346
409 6122 0 10 0 6132
410 0 6262 0 1 6263
411 0 6250 0 1 6251
412 1 6323 0 22 6346
413 8 77 1 6299 6385
414 2 2 0 6281 6285
415 2 6385 0 1 6388
416 6346 8 6 0 6360
417 6271 0 0 0 6271
418 1 6340 0 0 6341
419 6174 0 1 1 6176
420 0 6326 0 1 6327
421 2 6434 0 0 6436
422 6442 0 2 0 6444
423 5 1 6432 0 6438
424 6355 0 2 0 6357
425 1 0 6384 1 6386
426 6348 0 1 1 6350
427 1 0 6392 2 6395
428 0 0 6348 2 6350
429 0 0 9 6031 6040
430 0 0 6191 1 6192
431 1 6250 1 1 6253
432 1 6380 0 2 6383
433 2 1 1 6418 6422
434 0 3 2 6527 6532
435 3 1 6485 0 6489
436 6456 0 3 3 6462
437 1 1 0 6500 6502
438 1 0 6487 1 6489
439 6468 0 2 0 6470
440 6 6486 0 2 6494
441 6540 0 1 0 6541
442 1 4 0 6538 6543
443 6602 1 4 0 6607
444 0 0 6521 2 6523
445 6534 0 1 1 6536
446 1 1 6650 0 6652
447 0 0 6729 0 6729
448 6773 0 7 0 6780
449 6804 0 10 0 6814
450 1 0 6780 2 6783
451 6810 0 0 1 6811
452 6769 1 4 0 6774
453 1 6764 0 3 6768
454 10 6779 0 1 6790
455 6841 0 0 1 6842
456 3 0 6806 0 6809
457 6756 0 3 1 6760
458 30 0 6764 0 6794
459 3 0 6744 10 6757
460 6777 1 0 0 6778
461 1 0 0 6837 6838
462 2 0 6846 0 6848
463 0 1 0 6783 6784
464 1 2 0 6957 6960
465 1 0 6944 1 6946
466 6904 0 0 0 6904
467 1 47 7 6812 6867
468 2 0 6796 2 6800
469 3 1 7053 1 7058
470 1 7000 1 37 7039
471 1 7051 0 10 7062
472 3 7190 0 5 7198
473 7242 0 7 1 7250
474 7229 0 1 1 7231
475 5 7322 0 1 7328
476 0 2 0 7403 7405
477 2 2 7418 1 7423
478 7355 0 6 1 7362
479 7520 0 0 0 7520
480 7353 0 1 0 7354
481 14 0 0 7390 7404
482 7431 0 1 0 7432
483 6 0 7395 1 7402
484 1 1 0 6779 6781
485 7298 0 1 0 7299
486 0 0 0 7344 7344
487 1 5 1 7402 7409
488 7416 2 1 0 7419
489 7369 9 2 15 7395
490 1 0 7398 3 7402
491 2 1 7330 0 7333
492 1 0 7282 0 7283
493 7354 1 2 1 7358
494 1 7360 0 1 7362
495 7491 0 2 0 7493
496 2 1 0 7491 7494
497 0 0 7453 2 7455
498 7482 0 1 0 7483
499 7527 4 3 2 7536
500 4 7463 0 4 7471
501 7539 1 1 0 7541
502 7544 0 0 1 7545
503 4 7839 1 0 7844
504 8072 0 0 1 8073
505 8051 0 4 0 8055
506 7984 0 4 2 7990
507 2 0 7930 0 7932
508 7905 0 1 1 7907
509 1 2 1 7875 7879
510 2 1 7923 1 7927
511 0 7839 0 0 7839
512 7941 2 0 0 7943
513 7878 0 1 0 7879
514 1 0 7875 1 7877
515 10 1 7806 1 7818
516 2 7919 0 2 7923
517 8077 0 1 1 8079
518 8027 1 1 0 8029
519 7981 0 5 0 7986
520 7972 0 8 0 7980
521 7 0 8010 2 8019
522 7952 0 0 0 7952
523 2 0 2 8031 8035
524 8137 0 0 0 8137
525 8129 0 0 1 8130
526 8042 3 0 2 8047
527 17 5 7965 3 7990
528 0 1 7963 1 7965
529 7967 0 11 2 7980
530 290 0 7767 0 8057
531 2 0 7996 1 7999
532 8181 0 0 1 8182
533 8300 0 0 0 8300
534 4 2 8265 1 8272
535 4 1 0 8265 8270
536 8745 0 2 1 8748
537 8839 0 0 0 8839
538 8796 0 2 1 8799
539 4 8738 1 0 8743
540 8685 1 1 3 8690
541 1 8789 0 2 8792
542 1 1 0 8788 8790
543 1 9089 0 2 9092
544 9329 0 0 0 9329
545 9307 1 7 0 9315
546 9515 0 1 0 9516
547 9627 0 2 0 9629
548 9407 2 198 0 9607
549 0 0 9551 2 9553
550 9579 1 0 0 9580
551 9673 5 4 1 9683
552 1 0 9735 1 9737
553 0 0 9843 1 9844
554 2 0 9774 0 9776
555 9793 0 2 0 9795
556 9910 0 4 1 9915
557 2 2 9955 1 9960
558 0 3 0 9726 9729
559 0 2 3 9826 9831
560 2 9865 0 5 9872
561 3 9966 0 2 9971
562 5 0 10086 1 10092
563 0 2 0 10000 10002
564 0 4 0 10097 10101
565 2 5 0 10181 10188
566 4 0 10122 2 10128
567 10154 1 1 2 10158
568 3 10212 0 0 10215
569 10348 0 5 0 10353
570 10271 1 3 1 10276
571 0 2 1 10325 10328
572 10377 1 1 0 10379
573 10340 0 0 0 10340
574 10342 1 16 0 10359
575 10381 3 0 0 10384
576 10330 4 7 3 10344
577 3 1 10394 1 10399
578 0 0 10328 0 10328
579 4 0 10327 1 10332
580 10356 1 8 5 10370
581 1 12 0 10366 10379
582 10452 11 58 10 10531
583 0 19 0 10595 10614
584 0 0 10631 2 10633
585 1 10699 2 10 10712
586 5 1 10792 1 10799
587 2 217 1 10304 10524
588 10886 0 10 0 10896
589 10967 1 0 1 10969
590 0 1 0 10991 10992
591 11 4 11044 0 11059
592 0 2 0 10707 10709
593 11156 0 29 1 11186
594 0 0 0 11204 11204
595 1 1 0 11346 11348
596 19 0 11231 4 11254
597 1 4 1 11262 11268
598 1 11240 0 5 11246
599 0 11911 0 7 11918
600 2 1 0 12138 12141
601 1 2 0 12354 12357
602 26 0 12241 2 12269
603 12324 0 6 1 12331
604 1 1 12221 3 12226
605 12345 0 2 2 12349
606 0 0 12416 0 12416
607 0 3 0 12129 12132
608 6 0 12504 1 12511
609 0 6 1 12447 12454
610 0 7 1 13251 13259
611 1 0 13618 1 13620
612 3 1 13794 0 13798
613 0 8 0 13619 13627
614 14079 1 2 0 14082
615 14119 1 4 4 14128
616 14262 0 2 0 14264
617 2 5 0 14636 14643
618 3 0 14708 1 14712
619 2 1 14719 1 14723
620 14825 0 3 0 14828
621 14853 1 9 0 14863
622 1 14958 0 1 14960
623 14960 2 2 1 14965
624 0 1 0 14965 14966
625 3 9 0 14955 14967
626 2 14867 0 8 14877
627 4 15040 0 3 15047
628 10 4 0 15114 15128
629 1 15196 0 5 15202
630 15355 1 6 0 15362
631 15265 0 0 0 15265
632 15019 0 138 0 15157
633 4 14994 0 48 15046
634 14821 0 0 3 14824
635 6 15215 0 1 15222
636 2 14868 265 4 15139
637 6 15119 0 10 15135
638 12 15264 0 2 15278
639 15378 4 4 1 15387
640 15198 0 9 6 15213
641 0 0 79 15348 15427
642 3 0 15423 3 15429
643 3 0 15280 0 15283
644 15279 1 25 0 15305
645 1 2 3 15492 15498
646 15447 3 6 1 15457
647 1 15582 0 28 15611
648 15676 0 4 1 15681
649 15533 1 0 0 15534
650 6 0 15476 1 15483
651 4 4 0 15385 15393
652 0 15489 0 2 15491
653 2 15646 0 6 15654
654 0 7 1 15772 15780
655 0 4 0 15859 15863
656 15776 0 3 0 15779
657 2 0 0 15768 15770
658 0 15776 0 3 15779
659 15863 2 2 2 15869
660 15711 1 3 1 15716
661 23 15767 1 1 15792
662 1 4 0 15736 15741
663 11 15855 0 1 15867
664 0 2 1 15826 15829
665 13 0 15770 2 15785
666 36 15845 1 5 15887
667 15919 1 2 2 15924
668 1 7 2 16008 16018
669 15990 1 1 1 15993
670 5 2 15954 3 15964
671 15835 0 5 3 15843
672 0 13 1 16008 16022
673 0 2 1 16166 16169
674 6 1 15991 0 15998
675 15981 1 3 0 15985
676 16069 2 3 0 16074
677 2 1 3 16090 16096
678 3 1 15959 3 15966
679 4 16092 0 9 16105
680 16165 0 9 1 16175
681 0 4 1 16127 16132
682 16211 0 1 1 16213
683 0 1 0 16234 16235
684 2 1 16115 1 16119
685 15965 0 1 2 15968
686 13 16080 3 7 16103
687 8 16127 0 3 16138
688 16198 0 5 2 16205
689 10 0 16251 3 16264
690 15990 0 9 2 16001
691 229 1 16003 6 16239
692 1 7 5 15543 15556
693 2 1 16146 3 16152
694 5 0 16108 4 16117
695 16133 1 8 1 16143
696 16246 3 3 1 16253
697 76 0 16084 4 16164
698 6 3 15998 1 16008
699 1 16352 0 3 16356
700 0 4 0 16489 16493
701 3 12 0 16681 16696
702 150 1 16351 2 16504
703 1 6 0 16416 16423
704 0 5 2 16760 16767
705 3 0 16504 0 16507
706 2 16640 2 3 16647
707 0 5 1 16941 16947
708 16875 0 2 0 16877
709 16763 2 0 1 16766
710 16634 0 5 2 16641
711 6 16971 0 1 16978
712 0 1 1 16943 16945
713 0 6 0 17167 17173
714 5 0 16996 1 17002
715 1 0 0 17173 17174
716 3 4 0 17303 17310
717 1 0 17165 0 17166
718 2 16958 0 4 16964
719 143 16934 0 4 17081
720 17062 2 2 2 17068
721 3 17387 0 0 17390
722 4 2 1 17455 17462
723 9 1 17431 0 17441
724 17223 2 1 1 17227
725 2 32 0 17414 17448
726 143 0 17254 1 17398
727 17313 0 5 0 17318
728 1 9 0 17277 17287
729 6 17462 0 1 17469
730 2 10 2 17387 17401
731 0 2 0 17404 17406
732 17356 1 1 0 17358
733 5 17474 0 3 17482
734 17503 0 2 0 17505
735 4 2 17472 3 17481
736 2 13 0 16953 16968
737 5 1 17313 16 17335
738 4 0 17354 2 17360
739 17105 5 5 0 17115
740 2 0 17482 2 17486
741 2 0 17404 6 17412
742 17152 0 6 6 17164
743 1 4 1 17319 17325
744 5 0 17351 0 17356
745 17351 0 13 2 17366
746 17476 0 3 3 17482
747 0 0 17267 0 17267
748 17333 0 1 0 17334
749 17294 1 9 0 17304
750 1 0 17052 0 17053
751 17066 2 3 3 17074
752 5 10 2 17041 17058
753 9 0 16869 10 16888
754 2 0 16609 0 16611
755 6 16656 2 5 16669
756 3 16672 3 3 16681
757 17046 8 6 0 17060
758 1 5 1 17295 17302
759 8 17395 0 6 17409
760 5 1 17464 1 17471
761 4 0 17314 0 17318
762 17059 0 4 1 17064
763 1 3 0 17069 17073
764 2 17145 0 32 17179
765 3 17402 2 2 17409
766 2 2 0 17262 17266
767 3 17265 0 4 17272
768 17403 1 3 0 17407
769 17210 0 0 1 17211
770 7 17188 0 15 17210
771 2 1 1 17079 17083
772 2 17154 0 1 17157
773 16924 9 2 0 16935
774 18 17084 3 9 17114
775 2 1 0 16828 16831
776 6 17072 0 0 17078
777 2 1 1 16692 16696
778 0 3 0 16697 16700
779 3 16914 0 7 16924
780 11 0 16633 0 16644
781 16121 4 2 3 16130
782 11 0 16247 5 16263
783 9 16130 2 4 16145
784 4 0 16184 0 16188
785 0 7 1 15672 15680
786 10 15943 0 22 15975
787 0 1 0 16064 16065
788 0 41 1 15932 15974
789 15984 0 3 4 15991
790 15892 1 3 1 15897
791 5 1 0 15863 15869
792 5 1 15859 0 15865
793 15843 0 2 0 15845
794 15774 0 2 0 15776
795 4 0 15734 1 15739
796 5 1 15554 1 15561
797 15478 1 3 0 15482
798 10 15596 0 6 15612
799 15649 0 3 1 15653
800 2 2 0 15572 15576
801 3 1 0 15574 15578
802 1 15571 0 4 15576
803 15553 0 2 0 15555
804 15504 0 1 0 15505
805 15348 2 4 1 15355
806 431 1 14698 4 15134
807 4 15008 1 5 15018
808 3 15095 0 2 15100
809 15082 1 0 1 15084
810 15058 2 4 0 15064
811 1 6 1 14882 14890
812 1 4 0 14693 14698
813 5 14905 1 7 14918
814 3 1 14108 4 14116
815 14341 0 3 0 14344
816 3 0 14419 0 14422
817 4 14207 1 4 14216
818 14365 1 3 1 14370
819 3 0 14146 2 14151
820 25 14097 1 1 14124
821 0 4 1 14205 14210
822 4 0 14141 0 14145
823 14051 0 4 2 14057
824 14063 1 4 1 14069
825 13962 2 1 0 13965
826 2 14069 4 12 14087
827 0 1 0 13856 13857
828 2 0 13865 1 13868
829 3 13844 0 8 13855
830 7 2 13778 1 13788
831 6 1 13467 2 13476
832 0 6 1 13113 13120
833 9 0 13177 3 13189
834 0 0 13254 0 13254
835 0 1 13218 0 13219
836 13118 0 7 0 13125
837 0 0 13178 58 13236
838 1 3 1 12607 12612
839 21 12953 1 2 12977
840 1 6 0 13125 13132
841 2 4 0 13086 13092
842 13035 1 2 0 13038
843 2 0 0 12763 12765
844 4 12615 0 1 12620
845 4 12623 0 0 12627
846 2 12635 0 2 12639
847 12790 0 3 1 12794
848 12652 0 5 2 12659
849 1 1 0 12535 12537
850 0 5 0 12552 12557
851 0 10 0 12644 12654
852 6 0 12417 3 12426
853 0 0 12342 0 12342
854 2 1 0 12133 12136
855 1 12174 0 1 12176
856 12312 2 1 2 12317
857 12270 1 3 0 12274
858 2 0 12113 1 12116
859 11987 0 2 1 11990
860 2 0 11781 5 11788
861 15 11392 1 17 11425
862 11356 2 2 2 11362
863 1 11521 0 0 11522
864 6 11595 0 2 11603
865 4 0 11591 4 11599
866 11470 0 2 2 11474
867 0 4 1 11478 11483
868 0 5 0 11530 11535
869 11445 0 4 0 11449
870 5 1 1 11243 11250
871 14 11141 2 2 11159
872 10878 0 1 0 10879
873 26 10897 0 1 10924
874 0 10988 0 0 10988
875 10990 0 0 0 10990
876 2 2 10895 2 10901
877 10780 0 0 0 10780
878 10796 0 2 0 10798
879 2 0 10755 0 10757
880 10693 0 2 0 10695
881 4 0 10551 2 10557
882 0 0 10417 0 10417
883 2 0 10328 0 10330
884 10451 0 2 0 10453
885 3 0 10310 0 10313
886 10266 0 1 0 10267
887 1 10110 0 1 10112
888 10189 0 1 0 10190
889 10065 0 0 0 10065
890 1 0 0 9985 9986
891 0 2 0 9936 9938
892 9947 0 10 0 9957
893 4 0 9871 1 9876
894 9807 0 2 2 9811
895 0 1 2 9634 9637
896 0 2 2 9739 9743
897 8 0 9606 1 9615
898 0 0 9535 0 9535
899 0 7 3 9378 9388
900 5 9275 4 3 9287
901 9358 0 2 0 9360
902 2 9302 0 4 9308
903 13 0 9275 1 9289
904 4 0 9200 0 9204
905 9136 3 3 0 9142
906 9133 2 2 0 9137
907 2 0 9081 0 9083
908 9010 0 5 0 9015
909 8834 0 2 2 8838
910 0 8938 0 1 8939
911 0 2 1 8844 8847
912 0 2 0 8894 8896
913 0 0 1 8900 8901
914 8871 0 0 4 8875
915 2 1 0 8587 8590
916 42 8618 0 1 8661
917 1 6 0 8589 8596
918 0 51 1 8487 8539
919 0 4 1 8531 8536
920 1 7 1 8581 8590
921 8453 0 2 0 8455
922 8369 3 2 0 8374
923 7 0 8193 1 8201
924 0 2 1 7959 7962
925 8093 0 1 0 8094
926 8070 0 2 0 8072
927 8019 0 13 0 8032
928 7963 0 4 0 7967
929 2 0 7490 0 7492
930 7354 1 7 0 7362
931 7217 0 1 1 7219
932 1 1 1 7098 7101
933 0 5 1 7134 7140
934 13 0 6978 0 6991
935 6932 0 1 0 6933
936 0 0 2 6895 6897
937 9 0 6828 1 6838
938 6802 2 0 0 6804
939 0 7 1 6727 6735
940 6757 1 9 0 6767
941 6658 0 0 2 6660
942 4 6629 1 2 6636
943 6565 0 1 0 6566
944 0 3 2 6440 6445
945 6280 0 0 1 6281
946 2 6418 0 1 6421
947 0 3 2 6360 6365
948 6372 0 10 0 6382
949 0 1 1 6265 6267
950 0 1 1 6180 6182
951 3 6163 0 13 6179
952 4 6134 0 4 6142
953 6018 0 3 0 6021
954 2 6060 2 1 6065
955 6011 2 0 0 6013
956 5945 0 2 1 5948
957 5900 0 1 0 5901
958 5800 0 3 0 5803
959 14 5836 0 2 5852
960 5783 0 0 1 5784
961 4 0 5698 0 5702
962 1 0 2 5535 5538
963 4 1 5587 0 5592
964 5642 1 0 1 5644
965 0 1 0 5619 5620
966 5624 1 1 0 5626
967 1 0 5494 1 5496
968 2 5462 0 0 5464
969 0 3 0 5475 5478
970 5480 0 0 0 5480
971 5393 0 2 3 5398
972 2 4582 0 737 5321
973 5244 0 1 0 5245
974 2 0 5141 1 5144
975 0 4961 0 1 4962
976 1 1061 0 3815 4877
977 2 4874 0 3 4879
978 21 4903 0 0 4924
979 4881 0 1 0 4882
980 0 3 1 4750 4754
981 4773 3 0 0 4776
982 4739 0 4 1 4744
983 0 0 0 4662 4662
984 4666 0 2 0 4668
985 0 0 4548 0 4548
986 2 4224 0 2 4228
987 0 0 0 4201 4201
988 0 0 4214 1 4215
989 4021 0 1 0 4022
990 1367 1798 0 771 3936
991 3825 1 3 0 3829
992 1 1 0 3760 3762
993 2 0 3796 0 3798
994 0 0 3772 0 3772
995 0 0 1 3712 3713
996 0 0 3 3693 3696
997 0 0 3641 1 3642
998 1 0 0 3392 3393
999 3407 0 1 0 3408
1000 0 0 0 3364 3364
1001 1 3368 0 3 3372
1002 3344 0 2 0 3346
1003 1 0 0 3282 3283
1004 0 3 2 3251 3256
1005 3260 0 7 0 3267
1006 0 0 1 3130 3131
1007 1 3160 0 1 3162
1008 14 0 3177 0 3191
1009 0 1 0 3060 3061
1010 0 1 0 3060 3061
1011 3055 0 1 0 3056
1012 0 0 1 2982 2983
1013 0 2 0 2998 3000
1014 3006 0 1 0 3007
1015 1 0 2977 0 2978
1016 2893 0 0 0 2893
1017 2874 0 2 0 2876
1018 2802 0 0 0 2802
1019 1 2832 0 1 2834
1020 2816 0 0 0 2816
1021 0 3 0 2740 2743
1022 0 1 1 2778 2780
1023 0 0 2804 0 2804
1024 0 0 0 2757 2757
1025 2759 0 1 1 2761
1026 0 0 0 2750 2750
1027 0 0 2742 0 2742
1028 2739 0 0 0 2739
1029 2712 1 2 1 2716
1030 2668 0 0 0 2668
1031 1 0 1 2643 2645
1032 2 0 2559 1 2562
1033 2579 0 1 0 2580
1034 2584 0 0 1 2585
1035 57 0 2451 0 2508
1036 2 0 2382 0 2384
1037 2405 0 6 0 2411
1038 0 0 0 2374 2374
1039 1 0 2383 0 2384
1040 1 1 0 2378 2380
1041 0 0 2355 0 2355
1042 1 0 2373 0 2374
1043 0 0 0 2376 2376
1044 1 0 0 2328 2329
1045 3 0 2308 0 2311
1046 2282 0 1 0 2283
1047 2250 0 3 0 2253
1048 2 0 2225 0 2227
1049 0 67 0 2025 2092
1050 0 0 2081 0 2081
1051 1 2 0 2095 2098
1052 2056 0 0 2 2058
1053 1 2035 0 1 2037
1054 1938 0 0 0 1938
1055 0 0 1917 0 1917
1056 2 1879 0 0 1881
1057 1855 0 1 0 1856
1058 0 0 1854 0 1854
1059 0 0 1704 0 1704
1060 0 1692 0 1 1693
1061 1657 0 0 0 1657
1062 3 0 1655 0 1658
1063 0 1 0 1609 1610
1064 0 0 1600 0 1600
1065 0 1556 0 0 1556
1066 0 0 0 1554 1554
1067 0 2 0 1568 1570
1068 0 0 1503 0 1503
1069 1 0 0 1380 1381
1070 1 0 1349 0 1350
1071 1334 0 0 0 1334
1072 1315 0 0 0 1315
1073 0 0 0 1175 1175
1074 2 0 0 1158 1160
1075 0 0 0 1122 1122
1076 1028 0 0 0 1028
1077 977 0 0 0 977
1078 932 0 0 0 932
1079 651 0 0 0 651
1080 0 0 0 444 444
1081 306 0 0 0 306
1082 277 0 0 0 277
1083 269 0 0 0 269
1084 238 0 0 0 238
1085 76 0 0 0 76
1086 0 0 0 46 46
1087 0 41 0 0 41
1088 0 40 0 0 40
1089 1 0 0 40 41
1090 0 26 0 0 26
1091 1 0 0 25 26
1092 0 0 0 23 23
1093 0 0 25 0 25
1094 0 0 0 23 23
1095 0 0 0 22 22
1096 10 0 0 0 10
1097 0 10 0 0 10
1098 0 0 0 10 10
1099 9 0 0 0 9
1100 0 7 0 0 7
1101 0 0 0 2 2
1102 0 0 0 0 0
