0 0 0 0 0 0
1 0 0 0 0 0
2 0 0 32 0 32
3 0 32 0 0 32
4 32 0 0 0 32
5 0 0 32 0 32
6 32 0 0 0 32
7 30 0 0 0 30
8 0 0 31 0 31
9 0 31 0 0 31
10 30 43 0 74 147
11 0 0 151 0 151
12 151 0 0 0 151
13 0 0 169 0 169
14 0 0 190 0 190
15 201 0 19 0 220
16 0 0 0 324 324
17 0 0 0 349 349
18 0 0 0 711 711
19 0 0 913 0 913
20 0 0 0 918 918
21 0 0 0 950 950
22 0 1 0 961 962
23 962 0 0 0 962
24 0 0 1164 0 1164
25 0 0 0 1141 1141
26 0 1156 0 0 1156
27 1162 0 0 0 1162
28 0 1533 0 1 1534
29 0 0 0 1649 1649
30 0 0 1847 0 1847
31 1 0 1856 0 1857
32 0 1919 0 2 1921
33 2127 0 0 0 2127
34 2115 0 0 0 2115
35 2095 0 0 0 2095
36 0 2078 27 1 2106
37 2101 0 1 0 2102
38 1 0 2119 0 2120
39 2110 1 0 0 2111
40 0 0 2177 0 2177
41 2229 0 0 0 2229
42 2338 0 0 0 2338
43 2358 0 0 0 2358
44 2346 0 0 0 2346
45 2335 0 0 0 2335
46 0 16 0 2366 2382
47 0 0 2413 0 2413
48 0 0 2457 0 2457
49 0 2528 0 0 2528
50 0 0 2650 0 2650
51 2568 2 63 0 2633
52 2672 0 0 0 2672
53 0 2801 0 0 2801
54 2837 0 0 0 2837
55 2828 0 1 0 2829
56 0 2890 0 1 2891
57 2902 0 0 0 2902
58 2888 0 0 0 2888
59 0 2915 0 0 2915
60 2900 0 1 0 2901
61 0 2 0 2858 2860
62 0 0 2889 0 2889
63 2863 0 0 0 2863
64 0 3012 0 1 3013
65 0 3010 0 0 3010
66 3010 0 0 0 3010
67 0 3011 0 0 3011
68 3033 0 0 0 3033
69 3003 0 0 0 3003
70 3 3195 0 1 3199
71 3143 0 0 0 3143
72 0 3228 0 0 3228
73 3245 0 0 0 3245
74 3240 0 0 0 3240
75 3197 0 1 0 3198
76 0 0 1 3187 3188
77 0 1 0 3194 3195
78 0 0 3231 0 3231
79 3209 0 0 0 3209
80 0 0 3239 0 3239
81 0 0 3209 0 3209
82 0 0 0 3031 3031
83 0 0 3185 0 3185
84 0 0 3167 0 3167
85 1 0 3152 0 3153
86 0 2 0 3207 3209
87 0 3383 0 0 3383
88 0 3532 15 0 3547
89 1 0 3608 0 3609
90 0 0 3706 0 3706
91 20 0 3755 0 3775
92 3665 0 60 31 3756
93 0 0 3822 8 3830
94 0 3830 0 2 3832
95 3906 0 0 0 3906
96 3947 0 0 0 3947
97 0 3894 0 0 3894
98 0 3938 0 0 3938
99 3974 0 1 0 3975
100 3966 0 0 1 3967
101 0 8 0 3985 3993
102 0 0 3973 0 3973
103 0 4009 1 0 4010
104 0 4025 0 1 4026
105 3993 0 2 0 3995
106 0 4091 0 0 4091
107 4 4065 0 25 4094
108 4141 0 1 2 4144
109 0 0 0 4246 4246
110 4305 1 0 0 4306
111 4277 1 2 0 4280
112 4195 1 0 0 4196
113 0 4310 0 0 4310
114 0 9 0 4263 4272
115 0 0 0 4287 4287
116 0 2 0 4317 4319
117 0 0 4342 0 4342
118 4318 0 0 0 4318
119 4352 0 0 0 4352
120 1 0 4356 1 4358
121 0 4435 0 0 4435
122 4444 0 12 0 4456
123 5 0 4482 0 4487
124 0 0 4445 1 4446
125 4430 0 0 0 4430
126 4484 0 1 0 4485
127 0 0 0 4489 4489
128 1 0 1 4539 4541
129 0 4643 0 1 4644
130 1 1 0 4662 4664
131 0 0 4629 1 4630
132 0 0 4582 0 4582
133 4523 0 1 0 4524
134 0 0 4625 0 4625
135 0 0 0 4500 4500
136 0 1 4600 0 4601
137 0 4559 0 102 4661
138 0 0 0 4677 4677
139 4697 1 1 0 4699
140 0 4 0 4677 4681
141 1 0 4716 1 4718
142 4703 1 0 1 4705
143 4733 1 2 0 4736
144 4732 0 1 0 4733
145 0 0 4741 0 4741
146 0 0 4725 0 4725
147 0 4752 0 0 4752
148 0 0 0 4718 4718
149 0 17 0 4731 4748
150 0 0 0 4776 4776
151 0 4813 0 2 4815
152 4842 1 0 0 4843
153 0 5 0 4747 4752
154 1 0 4775 0 4776
155 2 0 4751 0 4753
156 0 4803 0 2 4805
157 4850 1 0 0 4851
158 4813 0 0 0 4813
159 4684 0 133 0 4817
160 28 0 4738 0 4766
161 4810 0 0 0 4810
162 0 0 4770 0 4770
163 0 4769 0 1 4770
164 0 4776 0 0 4776
165 1 4873 0 1 4875
166 0 0 0 4868 4868
167 0 0 0 4903 4903
168 1 0 4822 0 4823
169 4851 1 1 2 4855
170 0 4864 0 0 4864
171 0 0 0 4835 4835
172 4818 0 0 0 4818
173 0 4834 0 0 4834
174 0 4853 0 0 4853
175 0 4863 0 0 4863
176 20 4818 0 2 4840
177 3 1 4857 0 4861
178 0 0 4859 0 4859
179 0 1 0 4777 4778
180 0 4922 0 1 4923
181 4980 1 11 0 4992
182 4959 0 1 0 4960
183 0 0 4923 0 4923
184 4970 1 1 0 4972
185 0 4910 0 2 4912
186 0 4917 1 1 4919
187 0 0 4896 0 4896
188 1 4924 0 19 4944
189 1 4957 0 0 4958
190 0 1 0 4979 4980
191 4993 0 0 0 4993
192 4970 0 0 0 4970
193 4915 1 0 0 4916
194 0 0 0 4914 4914
195 4962 1 0 0 4963
196 1 0 4940 1 4942
197 4902 1 0 0 4903
198 0 4956 0 0 4956
199 0 0 0 5003 5003
200 4988 0 1 0 4989
201 4945 0 0 0 4945
202 4946 0 0 0 4946
203 4917 0 1 0 4918
204 4943 0 0 0 4943
205 0 1 4938 0 4939
206 4815 0 0 0 4815
207 4879 0 1 0 4880
208 4904 1 0 0 4905
209 4914 0 0 0 4914
210 1 0 0 4924 4925
211 1 0 0 4915 4916
212 4927 0 0 0 4927
213 0 0 4893 1 4894
214 4855 0 1 0 4856
215 4 0 4885 1 4890
216 2 1 0 4742 4745
217 4 4867 0 0 4871
218 4875 0 1 0 4876
219 4853 0 0 0 4853
220 0 0 4900 0 4900
221 4807 0 0 1 4808
222 4742 0 0 1 4743
223 0 0 0 4800 4800
224 4842 0 0 0 4842
225 4874 0 0 0 4874
226 4969 0 0 0 4969
227 4926 0 1 0 4927
228 4844 0 1 0 4845
229 0 4907 0 0 4907
230 0 0 0 4834 4834
231 0 4838 1 0 4839
232 4814 0 0 0 4814
233 0 4890 0 1 4891
234 4903 0 0 0 4903
235 4866 0 0 0 4866
236 0 4837 0 0 4837
237 4873 0 0 0 4873
238 4845 0 0 0 4845
239 4801 0 0 0 4801
240 4789 0 0 0 4789
241 0 0 4723 0 4723
242 0 1 0 4147 4148
243 0 0 4478 1 4479
244 4628 0 0 0 4628
245 1 0 4600 0 4601
246 0 4559 1 0 4560
247 0 4627 0 1 4628
248 0 1 0 4688 4689
249 0 0 4702 1 4703
250 4685 0 9 1 4695
251 4707 0 0 0 4707
252 4730 0 0 0 4730
253 0 0 4726 0 4726
254 0 0 0 4546 4546
255 4767 0 0 0 4767
256 4950 0 1 0 4951
257 4938 0 1 0 4939
258 4883 1 1 0 4885
259 40 0 4777 1 4818
260 2 0 4720 0 4722
261 4726 0 1 0 4727
262 1 0 0 4621 4622
263 166 0 4524 1 4691
264 0 0 0 4661 4661
265 3 4643 0 0 4646
266 1 4629 1 2 4633
267 0 4857 1 0 4858
268 0 0 0 4853 4853
269 1 3 0 4983 4987
270 0 0 4950 0 4950
271 4902 0 0 0 4902
272 4881 2 1 1 4885
273 1 0 4874 1 4876
274 4736 0 0 0 4736
275 0 0 5016 0 5016
276 5049 0 0 0 5049
277 0 0 5138 0 5138
278 5132 1 2 0 5135
279 5219 0 1 0 5220
280 5293 0 1 0 5294
281 5293 1 26 0 5320
282 0 0 5265 0 5265
283 0 5268 0 4 5272
284 5371 0 2 0 5373
285 5493 0 1 0 5494
286 0 0 0 5430 5430
287 0 0 1 5444 5445
288 0 0 5445 2 5447
289 3 0 5413 1 5417
290 5336 1 1 0 5338
291 346 0 5330 0 5676
292 0 1 0 5487 5488
293 5759 0 1 0 5760
294 5930 0 0 0 5930
295 5919 0 0 1 5920
296 5918 0 0 0 5918
297 5913 0 0 0 5913
298 0 1 0 5894 5895
299 2 0 5861 1 5864
300 5816 1 1 0 5818
301 0 0 0 5927 5927
302 1 0 5946 0 5947
303 5945 0 0 0 5945
304 6038 1 1 0 6040
305 6007 0 42 0 6049
306 0 0 6035 0 6035
307 1 0 0 5759 5760
308 5924 0 1 0 5925
309 0 6095 0 0 6095
310 1 0 0 6049 6050
311 5 6114 0 2 6121
312 0 6118 0 1 6119
313 0 1 0 6190 6191
314 6094 0 17 0 6111
315 0 2 0 6159 6161
316 0 0 0 6140 6140
317 0 0 1 6181 6182
318 6170 0 0 0 6170
319 0 1 0 6181 6182
320 2 0 6113 0 6115
321 6142 0 0 0 6142
322 6114 0 1 0 6115
323 0 0 0 6081 6081
324 0 6122 0 0 6122
325 0 6100 0 2 6102
326 0 0 6159 0 6159
327 3 1 0 6043 6047
328 1 6089 0 0 6090
329 0 0 0 6154 6154
330 2 0 6114 0 6116
331 1 6083 0 48 6132
332 0 3 0 6190 6193
333 1 0 6202 0 6203
334 31 0 6120 0 6151
335 6213 0 1 0 6214
336 6209 0 1 0 6210
337 0 1 0 6225 6226
338 0 2 0 6245 6247
339 0 0 6204 0 6204
340 6161 1 0 0 6162
341 6201 0 0 0 6201
342 0 0 6212 0 6212
343 0 0 6160 0 6160
344 0 0 6193 0 6193
345 0 0 0 5859 5859
346 0 1 0 6187 6188
347 0 0 0 6224 6224
348 1 0 6180 0 6181
349 6166 0 0 0 6166
350 1 0 6185 0 6186
351 0 6168 0 4 6172
352 0 6192 0 1 6193
353 6232 0 0 0 6232
354 0 2 0 6231 6233
355 6257 1 0 0 6258
356 0 6271 0 0 6271
357 0 0 0 6255 6255
358 325 0 5904 0 6229
359 0 31 1 6143 6175
360 6234 0 1 1 6236
361 0 0 0 6221 6221
362 1 0 6119 1 6121
363 6116 1 1 0 6118
364 6117 0 2 0 6119
365 0 6114 0 0 6114
366 6150 0 0 0 6150
367 0 0 6078 0 6078
368 0 0 0 5956 5956
369 1 2 0 6017 6020
370 0 6079 0 0 6079
371 0 0 0 6153 6153
372 1 1 1 6164 6167
373 1 6147 0 0 6148
374 6183 1 1 0 6185
375 6153 0 0 0 6153
376 6114 1 2 0 6117
377 15 0 0 6107 6122
378 6132 0 19 0 6151
379 0 1 6071 0 6072
380 0 6079 0 0 6079
381 6136 0 0 0 6136
382 6107 0 0 1 6108
383 0 6109 0 0 6109
384 1 1 0 6068 6070
385 3 0 6110 0 6113
386 0 1 0 6019 6020
387 6054 0 1 0 6055
388 77 6036 0 1 6114
389 20 0 6116 0 6136
390 6045 0 2 1 6048
391 6054 0 1 0 6055
392 6063 0 0 0 6063
393 0 0 0 6049 6049
394 6059 0 1 1 6061
395 20 6072 0 1 6093
396 6059 0 0 0 6059
397 6163 0 2 0 6165
398 0 0 0 6103 6103
399 0 0 0 6113 6113
400 1 0 5945 77 6023
401 0 0 5970 1 5971
402 5974 0 13 0 5987
403 0 5917 0 0 5917
404 1 5982 0 0 5983
405 0 0 6070 0 6070
406 6087 0 0 0 6087
407 0 0 0 6104 6104
408 0 2 0 6177 6179
409 5996 0 0 0 5996
410 0 6037 0 1 6038
411 0 6043 0 0 6043
412 2 6164 0 0 6166
413 1 73 0 6091 6165
414 1 0 0 6154 6155
415 1 6165 15 1 6182
416 6157 0 0 0 6157
417 6089 0 0 0 6089
418 1 6165 0 0 6166
419 5865 0 1 2 5868
420 0 6102 0 0 6102
421 0 6155 0 3 6158
422 6140 0 1 0 6141
423 0 0 6199 0 6199
424 6157 0 0 1 6158
425 0 0 6223 0 6223
426 6183 0 0 0 6183
427 0 0 6182 0 6182
428 1 0 6111 0 6112
429 0 1 1 5859 5861
430 0 1 5943 0 5944
431 1 5897 0 2 5900
432 1 6016 1 0 6018
433 1 1 0 6120 6122
434 0 0 1 6217 6218
435 0 0 6200 0 6200
436 6241 0 0 0 6241
437 0 0 0 6283 6283
438 3 0 6256 0 6259
439 6185 0 0 1 6186
440 1 6223 0 1 6225
441 6255 0 0 0 6255
442 0 0 1 6346 6347
443 6363 0 0 0 6363
444 0 0 6295 0 6295
445 6303 1 0 0 6304
446 468 0 6076 0 6544
447 1 0 6673 0 6674
448 6639 1 4 0 6644
449 6669 0 0 0 6669
450 0 0 6657 0 6657
451 6722 0 1 0 6723
452 6648 0 0 1 6649
453 0 6622 0 0 6622
454 9 6700 0 0 6709
455 6766 0 1 0 6767
456 0 0 6825 0 6825
457 6771 1 0 0 6772
458 0 0 6852 0 6852
459 0 0 6851 0 6851
460 6869 0 0 0 6869
461 0 2 1 6992 6995
462 1 0 6958 0 6959
463 0 0 1 6864 6865
464 1 1 1 7020 7023
465 3 0 6983 0 6986
466 6903 0 0 0 6903
467 1 1 1 6856 6859
468 2 0 6784 0 6786
469 0 0 7038 0 7038
470 1 6939 0 49 6989
471 3 6420 0 562 6985
472 4 7054 0 0 7058
473 7115 0 0 0 7115
474 7114 0 0 0 7114
475 2 7174 0 1 7177
476 3 0 1 7228 7232
477 1 0 7262 0 7263
478 7174 0 0 1 7175
479 7294 0 0 0 7294
480 7174 0 0 0 7174
481 0 1 0 7193 7194
482 7214 0 0 0 7214
483 0 0 7237 0 7237
484 0 0 0 6591 6591
485 7122 0 0 0 7122
486 0 0 1 7028 7029
487 0 0 0 7165 7165
488 7133 0 0 0 7133
489 7073 0 0 1 7074
490 0 0 7109 0 7109
491 0 0 7090 0 7090
492 1 0 7130 0 7131
493 7164 1 16 0 7181
494 0 7188 0 2 7190
495 7275 0 1 1 7277
496 0 0 0 7310 7310
497 1 0 7260 1 7262
498 7176 1 1 0 7178
499 7068 0 187 0 7255
500 0 7170 0 1 7171
501 7225 0 2 0 7227
502 7181 0 0 0 7181
503 7 7423 0 0 7430
504 7578 0 1 0 7579
505 7564 0 0 0 7564
506 7471 0 2 2 7475
507 2 0 7404 0 7406
508 7390 0 0 1 7391
509 0 2 1 7381 7384
510 1 0 7463 0 7464
511 1 7422 0 3 7426
512 7554 0 2 0 7556
513 7496 1 1 43 7541
514 0 0 7504 0 7504
515 31 0 7424 0 7455
516 0 7497 0 26 7523
517 7684 14 0 0 7698
518 7705 0 1 0 7706
519 7662 0 0 0 7662
520 7665 0 0 0 7665
521 0 0 7706 0 7706
522 7898 1 3 0 7902
523 0 3 1 7910 7914
524 8035 0 2 0 8037
525 8045 1 1 1 8048
526 7945 0 1 0 7946
527 0 33 7965 1 7999
528 0 0 7942 1 7943
529 7870 0 27 0 7897
530 700 0 7299 2 8001
531 2 0 8013 1 8016
532 8112 0 0 0 8112
533 8096 1 2 0 8099
534 0 0 8087 1 8088
535 0 0 1 8107 8108
536 8561 0 3 42 8606
537 8589 0 0 2 8591
538 8367 0 149 0 8516
539 0 8448 0 0 8448
540 8422 0 0 2 8424
541 0 8521 0 0 8521
542 0 2 0 8493 8495
543 0 8967 0 1 8968
544 9086 0 0 0 9086
545 9079 0 11 1 9091
546 9163 0 0 0 9163
547 9224 0 2 0 9226
548 9192 0 1 0 9193
549 0 0 9215 0 9215
550 9238 0 0 0 9238
551 9358 0 0 1 9359
552 0 0 9417 0 9417
553 2 1 9567 0 9570
554 1 0 9513 1 9515
555 9543 0 2 0 9545
556 9643 0 0 1 9644
557 0 0 9752 1 9753
558 0 1 1 9621 9623
559 0 1 0 9636 9637
560 0 9675 0 2 9677
561 0 9750 1 2 9753
562 1 0 9991 0 9992
563 0 0 0 9913 9913
564 0 1 0 9945 9946
565 0 1 0 9999 10000
566 1 0 9929 0 9930
567 9933 0 9 2 9944
568 1 10006 0 3 10010
569 10053 0 1 0 10054
570 10005 0 0 1 10006
571 1 0 0 10100 10101
572 10107 0 1 0 10108
573 10156 0 0 1 10157
574 10191 0 1 0 10192
575 10257 0 0 0 10257
576 10212 1 1 1 10215
577 63 0 10192 0 10255
578 0 0 10181 0 10181
579 3 0 10155 2 10160
580 10171 0 0 1 10172
581 0 1508 0 8692 10200
582 10225 0 21 0 10246
583 16 4 1 10226 10247
584 1 0 10383 0 10384
585 21 10361 1 2 10385
586 5 0 10467 0 10472
587 1 1 1 10203 10206
588 10411 0 18 57 10486
589 10554 0 1 1 10556
590 0 0 0 10617 10617
591 88 0 10733 0 10821
592 0 2 0 10777 10779
593 11106 0 2 0 11108
594 1 0 1 11044 11046
595 0 1 0 11160 11161
596 2 0 11036 0 11038
597 1 3 2 11042 11048
598 0 10993 0 5 10998
599 0 11601 0 1 11602
600 1 2 0 11827 11830
601 0 0 0 11941 11941
602 16 0 11893 0 11909
603 11828 0 2 0 11830
604 0 0 11797 0 11797
605 11965 0 0 0 11965
606 0 0 11975 0 11975
607 1 2 0 11591 11594
608 1194 0 10728 0 11922
609 0 4 0 11830 11834
610 0 1 0 12684 12685
611 2 0 13273 0 13275
612 1 0 13427 0 13428
613 0 1 0 13154 13155
614 13616 0 1 0 13617
615 13674 0 0 1 13675
616 13718 0 2 1 13721
617 0 1 1 14069 14071
618 1 0 14152 0 14153
619 4 0 14220 0 14224
620 14319 0 2 0 14321
621 14310 0 2 0 14312
622 0 14302 0 1 14303
623 14086 0 2 0 14088
624 0 3 0 14140 14143
625 1 1 0 14252 14254
626 2 14135 0 2 14139
627 2 14197 0 1 14200
628 32 0 0 14342 14374
629 0 14313 0 2 14315
630 14505 2 3 0 14510
631 14442 0 0 0 14442
632 14317 1 1 0 14319
633 0 14263 1 0 14264
634 14010 1 1 0 14012
635 0 14422 0 1 14423
636 1 14340 0 1 14342
637 0 14366 0 2 14368
638 0 14461 0 0 14461
639 14447 2 2 1 14452
640 14417 2 0 0 14419
641 1 0 0 14470 14471
642 1 0 14423 55 14479
643 17 0 14275 1 14293
644 14271 0 3 3 14277
645 1 0 0 14365 14366
646 14261 2 2 0 14265
647 1 14331 1 3 14336
648 14407 0 4 0 14411
649 14284 0 0 0 14284
650 1 0 14171 0 14172
651 3 0 0 14155 14158
652 3 14251 0 0 14254
653 0 14456 0 0 14456
654 0 1 0 14556 14557
655 0 0 0 14679 14679
656 14565 0 3 0 14568
657 1 1 0 14573 14575
658 1 14573 0 16 14590
659 14672 0 1 0 14673
660 14490 0 3 0 14493
661 1 14595 0 0 14596
662 0 0 0 14526 14526
663 1 14626 0 0 14627
664 3 4 0 14551 14558
665 8 0 14508 1 14517
666 0 14737 0 6 14743
667 14729 0 1 0 14730
668 1 23 0 14891 14915
669 14853 1 0 1 14855
670 3 0 14855 0 14858
671 14639 0 0 2 14641
672 1 0 0 14771 14772
673 0 1 0 14786 14787
674 27 0 14765 0 14792
675 14759 0 1 1 14761
676 14832 0 14 0 14846
677 1 1 0 15096 15098
678 0 0 15027 0 15027
679 0 15157 0 5 15162
680 15239 0 5 1 15245
681 0 0 0 15196 15196
682 15269 0 1 0 15270
683 1 2 0 15269 15272
684 2 17 15179 0 15198
685 15003 0 19 18 15040
686 0 15137 0 0 15137
687 1 15164 0 1 15166
688 15446 1 3 0 15450
689 0 0 15446 23 15469
690 15232 0 0 0 15232
691 0 0 15441 10 15451
692 2 0 1 15000 15003
693 0 0 15454 0 15454
694 2 0 15408 0 15410
695 15446 1 2 0 15449
696 15498 0 0 1 15499
697 0 0 15429 0 15429
698 1 0 15271 0 15272
699 0 15423 0 3 15426
700 0 0 0 15570 15570
701 0 18 0 15652 15670
702 2 0 15534 3 15539
703 2 2 0 15453 15457
704 0 75 0 15704 15779
705 1 0 15656 2 15659
706 5 15641 0 0 15646
707 0 1 1 15898 15900
708 15781 0 1 0 15782
709 15583 0 2 0 15585
710 15482 0 2 0 15484
711 1 15739 1 0 15741
712 1 0 0 15738 15739
713 0 0 0 15869 15869
714 0 0 15878 0 15878
715 2 2 0 15948 15952
716 0 4 0 15980 15984
717 0 0 15988 0 15988
718 1 15723 0 2 15726
719 2 15863 0 2 15867
720 15932 0 2 3 15937
721 0 16079 0 7 16086
722 0 0 0 16181 16181
723 4 0 16112 1 16117
724 16008 0 2 3 16013
725 1 1 1 16277 16280
726 1940 0 14288 1 16229
727 16227 0 1 0 16228
728 1 1 0 16315 16317
729 3 16414 1 1 16419
730 2 22 0 16457 16481
731 0 3 2 16583 16588
732 16536 0 4 0 16540
733 0 16616 1 4 16621
734 16541 0 0 0 16541
735 1 0 16614 0 16615
736 0 1 2 16137 16140
737 1 6 16514 0 16521
738 0 0 16523 0 16523
739 16232 0 2 0 16234
740 1 0 16531 0 16532
741 1 0 16464 0 16465
742 16281 0 3 2 16286
743 0 1 2 16542 16545
744 14 1 16526 3 16544
745 16615 1 0 1 16617
746 16666 0 3 0 16669
747 0 0 16535 0 16535
748 16600 0 2 2 16604
749 16698 0 2 0 16700
750 0 0 16490 0 16490
751 16491 0 1 0 16492
752 1 3 2 16542 16548
753 1 0 16334 0 16335
754 5 0 16216 1 16222
755 1 16174 0 5 16180
756 1 16043 0 2 16046
757 16437 1 4 2 16444
758 2 0 0 16377 16379
759 124 16306 0 3 16433
760 3 1 16313 54 16371
761 1 1 16130 0 16132
762 15927 0 3 1 15931
763 1 13 0 15812 15826
764 1 16026 1 1 16029
765 1 16089 0 56 16146
766 1 3 0 16131 16135
767 0 16089 0 4 16093
768 16284 0 2 0 16286
769 16067 1 1 1 16070
770 3 16231 0 1 16235
771 2 2 1 16176 16181
772 0 16171 0 2 16173
773 15941 2 2 0 15945
774 6 16041 0 0 16047
775 3 0 1 15770 15774
776 1 16077 0 1 16079
777 0 0 1 15718 15719
778 3 0 0 15739 15742
779 1 15950 1 3 15955
780 2 0 15595 1 15598
781 15333 0 0 2 15335
782 0 0 15405 0 15405
783 2 15263 0 5 15270
784 120 0 15251 0 15371
785 0 1 1 14889 14891
786 0 15035 0 0 15035
787 0 0 2 15218 15220
788 1 125 0 14937 15063
789 15036 1 0 1 15038
790 14993 0 0 0 14993
791 0 1 1 15009 15011
792 27 0 14925 0 14952
793 14862 0 1 2 14865
794 14849 0 1 0 14850
795 3 0 14753 0 14756
796 1 0 14641 0 14642
797 14532 1 2 0 14535
798 1 14722 0 1 14724
799 14744 0 8 0 14752
800 0 3 0 14704 14707
801 2 2 0 14647 14651
802 1 14695 0 0 14696
803 14698 1 0 0 14699
804 14578 0 1 0 14579
805 14346 0 2 1 14349
806 0 1 14273 0 14274
807 2 14096 0 3 14101
808 7 14140 0 1 14148
809 14093 0 6 0 14099
810 14018 0 1 0 14019
811 0 2 0 13944 13946
812 2 1 0 13855 13858
813 7 13996 0 2 14005
814 1 0 13408 0 13409
815 13481 0 1 1 13483
816 3 0 13583 1 13587
817 1 13348 0 4 13353
818 13522 0 1 0 13523
819 3 0 13312 0 13315
820 1 13320 0 0 13321
821 0 1 0 13395 13396
822 2 0 13289 0 13291
823 13263 0 0 0 13263
824 13208 0 4 0 13212
825 13088 0 0 0 13088
826 0 13263 0 0 13263
827 0 3 0 12941 12944
828 1 0 12996 0 12997
829 6 12911 16 3 12936
830 3 0 12907 0 12910
831 1 0 12717 1 12719
832 0 1 1 12372 12374
833 1 1 12420 1 12423
834 0 0 12532 0 12532
835 1 0 12590 0 12591
836 12543 0 1 0 12544
837 0 0 12480 1 12481
838 0 1 1 12004 12006
839 1 12250 0 0 12251
840 0 0 0 12409 12409
841 1 4 0 12450 12455
842 12409 0 1 0 12410
843 3 0 0 11990 11993
844 13 11880 1 0 11894
845 3 11910 0 2 11915
846 1 11844 1 0 11846
847 12024 0 1 0 12025
848 11910 1 98 5 12014
849 1 0 1 11945 11947
850 0 2 0 11986 11988
851 0 41 0 11943 11984
852 1 0 11761 0 11762
853 1 1 11714 1 11717
854 2 1 0 11584 11587
855 0 11682 0 2 11684
856 11817 0 1 0 11818
857 11628 0 0 0 11628
858 0 1 11558 0 11559
859 11472 0 1 0 11473
860 2 0 11316 0 11318
861 0 11123 0 2 11125
862 11087 0 1 1 11089
863 1 11109 0 2 11112
864 2 11217 0 0 11219
865 1 0 11328 0 11329
866 11146 0 0 1 11147
867 0 0 1 11196 11197
868 0 0 2 11221 11223
869 11177 0 0 1 11178
870 1 1 0 11035 11037
871 2 10974 0 2 10978
872 10731 1 0 2 10734
873 57 10824 0 0 10881
874 1 10948 0 1 10950
875 10778 1 1 0 10780
876 2 0 10701 2 10705
877 10601 0 0 0 10601
878 10567 1 0 0 10568
879 0 1 10538 1 10540
880 10495 0 0 1 10496
881 1 0 10466 0 10467
882 1 0 10281 0 10282
883 1 0 10275 1 10277
884 10445 0 1 1 10447
885 1 0 10323 0 10324
886 10214 0 0 1 10215
887 1 10092 0 1 10094
888 10232 0 1 0 10233
889 9996 0 1 0 9997
890 0 0 1 9964 9965
891 1 0 1 9865 9867
892 9885 0 0 0 9885
893 0 0 9772 0 9772
894 9747 0 1 0 9748
895 0 1 0 9603 9604
896 0 3 0 9744 9747
897 22 0 9635 0 9657
898 1 0 9597 0 9598
899 1 0 1 9480 9482
900 7 9356 1 2 9366
901 9420 0 0 1 9421
902 0 9379 0 25 9404
903 0 0 9440 0 9440
904 3 0 9296 0 9299
905 9223 0 2 0 9225
906 8753 0 409 0 9162
907 0 0 9138 0 9138
908 9137 0 0 0 9137
909 9036 0 1 0 9037
910 0 9012 0 1 9013
911 0 0 1 8814 8815
912 0 1 1 8812 8814
913 0 2 1 8836 8839
914 8808 0 0 0 8808
915 0 1 2 8536 8539
916 1 8570 0 0 8571
917 0 1 1 8564 8566
918 0 1 0 8511 8512
919 0 0 1 8467 8468
920 1 11 0 8525 8537
921 8433 0 0 0 8433
922 8261 0 1 0 8262
923 1 0 8003 0 8004
924 0 2 0 7791 7793
925 7902 0 0 0 7902
926 7814 0 0 0 7814
927 7794 0 0 0 7794
928 7810 0 2 0 7812
929 0 0 7542 0 7542
930 7423 0 0 0 7423
931 7432 1 0 0 7433
932 0 0 0 7344 7344
933 0 0 0 7298 7298
934 3 0 7146 0 7149
935 7110 0 1 0 7111
936 0 1 0 7087 7088
937 96 0 6928 1 7025
938 6994 0 0 1 6995
939 0 0 2 6967 6969
940 7030 0 0 1 7031
941 6900 0 1 0 6901
942 2 6892 0 1 6895
943 6622 0 1 0 6623
944 0 1 1 6508 6510
945 6387 0 1 1 6389
946 0 6501 0 1 6502
947 0 0 0 6507 6507
948 6532 0 0 0 6532
949 0 0 2 6412 6414
950 0 0 0 6361 6361
951 0 6374 0 0 6374
952 1 6366 0 0 6367
953 6183 0 0 2 6185
954 1 6269 0 3 6273
955 6354 0 0 0 6354
956 6292 0 0 0 6292
957 6274 0 1 0 6275
958 6271 0 0 2 6273
959 1 6396 1 1 6399
960 6382 0 0 0 6382
961 0 0 6275 0 6275
962 0 2 2 6151 6155
963 1 0 6235 0 6236
964 6289 0 0 0 6289
965 1 0 2 6133 6136
966 6122 0 2 0 6124
967 0 1 6003 0 6004
968 1 5921 1 1 5924
969 0 1 0 6016 6017
970 6031 0 2 0 6033
971 5857 0 2 0 5859
972 0 5854 0 1 5855
973 5681 1 0 0 5682
974 1 0 5522 0 5523
975 0 5369 0 43 5412
976 0 1 0 5462 5463
977 0 5411 1 1 5413
978 0 5448 0 4 5452
979 5440 0 0 0 5440
980 0 1 0 5412 5413
981 5418 0 3 0 5421
982 5369 0 0 0 5369
983 2 0 0 5277 5279
984 5346 0 0 0 5346
985 0 0 5279 1 5280
986 0 4809 0 1 4810
987 0 0 0 4725 4725
988 0 0 4748 0 4748
989 4630 0 0 1 4631
990 762 3639 0 78 4479
991 4335 0 0 0 4335
992 0 1 0 4292 4293
993 2 0 4279 0 4281
994 0 0 4231 1 4232
995 0 0 0 4126 4126
996 2 0 0 4012 4014
997 0 0 3889 0 3889
998 0 0 0 3732 3732
999 3744 0 1 0 3745
1000 1 2 0 3730 3733
1001 0 3687 0 1 3688
1002 3711 0 0 0 3711
1003 0 0 1 3638 3639
1004 0 1 0 3650 3651
1005 3651 0 0 0 3651
1006 0 0 0 3509 3509
1007 0 3526 0 1 3527
1008 93 0 3283 0 3376
1009 0 0 0 3197 3197
1010 0 0 0 3148 3148
1011 3147 1 0 0 3148
1012 0 0 0 3051 3051
1013 0 0 0 3067 3067
1014 3072 1 0 1 3074
1015 0 0 2950 0 2950
1016 2883 0 0 0 2883
1017 2877 0 1 0 2878
1018 2815 0 0 0 2815
1019 0 2903 0 0 2903
1020 2827 0 9 0 2836
1021 0 0 1 2833 2834
1022 0 1 0 2842 2843
1023 0 0 2852 0 2852
1024 0 0 0 2828 2828
1025 2824 0 0 0 2824
1026 0 0 0 2816 2816
1027 0 0 2708 0 2708
1028 2725 0 1 0 2726
1029 2709 0 0 0 2709
1030 2695 0 0 0 2695
1031 0 0 0 2685 2685
1032 1 0 2592 0 2593
1033 2598 0 0 0 2598
1034 2595 0 0 0 2595
1035 213 0 2255 0 2468
1036 0 0 2361 0 2361
1037 2352 0 0 0 2352
1038 0 1 0 2333 2334
1039 2 0 2333 0 2335
1040 0 0 0 2285 2285
1041 0 0 2290 0 2290
1042 0 0 2251 0 2251
1043 0 0 0 2283 2283
1044 0 0 0 2246 2246
1045 1 0 2236 0 2237
1046 2151 0 0 0 2151
1047 2133 0 0 0 2133
1048 0 0 2098 10 2108
1049 0 0 0 2010 2010
1050 5 0 1988 0 1993
1051 1 0 0 2002 2003
1052 1942 0 21 0 1963
1053 6 1979 0 0 1985
1054 1722 0 0 0 1722
1055 1 0 1716 0 1717
1056 0 1677 0 1 1678
1057 1698 0 0 0 1698
1058 0 0 1700 0 1700
1059 0 0 1519 0 1519
1060 0 1509 0 0 1509
1061 1434 0 0 0 1434
1062 26 0 1417 0 1443
1063 0 0 0 1427 1427
1064 0 0 1411 0 1411
1065 0 1358 0 0 1358
1066 0 0 0 1406 1406
1067 0 0 0 1393 1393
1068 0 0 1338 0 1338
1069 0 1 0 1213 1214
1070 1 0 1216 0 1217
1071 1147 0 0 0 1147
1072 1139 0 0 0 1139
1073 0 1 1 1036 1038
1074 0 0 0 1029 1029
1075 0 0 0 982 982
1076 948 0 0 0 948
1077 910 0 0 0 910
1078 835 0 0 0 835
1079 574 0 0 0 574
1080 0 0 0 422 422
1081 255 0 0 0 255
1082 251 0 0 0 251
1083 249 0 0 0 249
1084 216 0 0 0 216
1085 91 0 0 0 91
1086 0 0 0 48 48
1087 0 46 0 0 46
1088 0 44 0 0 44
1089 0 0 0 50 50
1090 0 46 0 0 46
1091 0 0 0 54 54
1092 0 0 0 46 46
1093 0 0 49 0 49
1094 0 0 0 48 48
1095 0 0 0 52 52
1096 44 0 0 0 44
1097 0 45 0 0 45
1098 0 0 0 44 44
1099 46 0 0 0 46
1100 0 42 0 0 42
1101 0 0 0 45 45
1102 0 0 0 0 0
