0 0 0 0 0 0
1 5 0 0 2 7
2 0 0 8 0 8
3 0 17 0 0 17
4 18 0 0 1 19
5 0 0 20 0 20
6 20 0 0 0 20
7 20 0 0 0 20
8 0 0 20 0 20
9 0 44 0 0 44
10 31 36 5 25 97
11 0 0 106 0 106
12 106 4 3 4 117
13 0 0 150 0 150
14 0 0 185 0 185
15 261 1 22 2 286
16 0 0 0 341 341
17 0 1 0 374 375
18 0 2 0 757 759
19 1 0 1117 0 1118
20 0 0 0 1129 1129
21 0 0 0 1203 1203
22 0 1 0 1213 1214
23 1239 0 3 2 1244
24 0 0 1582 0 1582
25 0 7 0 1628 1635
26 0 1688 0 1 1689
27 1707 0 0 0 1707
28 1 2053 0 0 2054
29 0 2 0 2096 2098
30 2 0 2339 0 2341
31 11 0 2262 37 2310
32 0 2508 0 2 2510
33 2662 0 6 0 2668
34 2689 0 0 0 2689
35 2672 0 1 0 2673
36 0 2715 0 1 2716
37 2729 0 0 3 2732
38 0 0 2748 0 2748
39 2789 0 0 0 2789
40 48 0 2799 0 2847
41 2927 0 1 0 2928
42 3040 0 0 0 3040
43 3060 0 0 0 3060
44 3034 0 5 0 3039
45 3025 4 0 3 3032
46 3 17 0 3039 3059
47 2 1 3057 0 3060
48 8 0 3042 1 3051
49 1 3190 0 4 3195
50 12 0 3243 0 3255
51 3220 0 15 0 3235
52 3280 0 1 0 3281
53 0 3481 0 0 3481
54 3569 0 3 0 3572
55 3573 0 0 0 3573
56 1 3619 0 3 3623
57 3630 0 0 22 3652
58 3639 0 0 1 3640
59 0 3727 0 1 3728
60 3790 0 0 0 3790
61 0 0 0 3753 3753
62 7 0 3765 0 3772
63 3708 0 0 1 3709
64 0 3912 0 3 3915
65 0 3954 0 0 3954
66 3965 0 0 0 3965
67 0 3988 0 4 3992
68 4002 0 2 0 4004
69 3966 1 4 0 3971
70 2 4125 0 0 4127
71 4048 0 1 0 4049
72 4 4137 0 0 4141
73 4145 0 2 0 4147
74 4135 0 0 0 4135
75 4122 0 0 0 4122
76 0 0 0 4095 4095
77 0 0 0 4115 4115
78 0 0 4158 0 4158
79 4107 0 2 1 4110
80 0 0 4164 0 4164
81 0 0 4142 0 4142
82 1 3 0 3879 3883
83 1 0 4086 2 4089
84 1 0 4059 0 4060
85 0 0 4063 0 4063
86 0 2 0 4073 4075
87 0 4249 1 7 4257
88 0 4442 14 10 4466
89 39 0 4449 4 4492
90 3 0 4634 0 4637
91 1 0 4684 0 4685
92 4637 3 36 6 4682
93 0 1 4765 0 4766
94 0 4806 0 3 4809
95 4919 0 1 2 4922
96 4959 0 1 2 4962
97 0 4974 0 3 4977
98 0 5021 0 0 5021
99 5094 0 3 1 5098
100 5085 0 0 2 5087
101 0 0 1 5136 5137
102 0 0 5158 0 5158
103 3 5223 0 1 5227
104 1 5267 0 1 5269
105 5225 0 1 1 5227
106 1 5323 0 0 5324
107 3 5366 0 24 5393
108 5456 0 1 0 5457
109 1 0 0 5530 5531
110 5599 0 0 1 5600
111 5557 0 1 0 5558
112 5465 0 0 1 5466
113 1 5697 0 0 5698
114 0 4 0 5639 5643
115 0 2 1 5677 5680
116 0 3 0 5711 5714
117 5 0 5711 0 5716
118 5717 0 1 1 5719
119 5701 1 1 0 5703
120 0 0 5678 0 5678
121 0 5718 0 0 5718
122 5757 1 5 1 5764
123 1 0 5779 0 5780
124 3 0 5753 0 5756
125 5719 0 4 0 5723
126 5743 1 3 0 5747
127 0 0 0 5775 5775
128 0 107 0 5777 5884
129 1 5972 0 4 5977
130 0 1 0 6032 6033
131 3 1 6020 0 6024
132 1 0 5984 3 5988
133 5890 0 10 0 5900
134 5 0 6050 0 6055
135 0 2 0 5907 5909
136 2 0 6004 6 6012
137 2 6036 1 20 6059
138 0 2 0 6085 6087
139 6110 0 1 0 6111
140 1 0 0 6131 6132
141 2 0 6116 1 6119
142 6136 0 3 0 6139
143 6118 2 13 0 6133
144 6192 1 1 0 6194
145 1 0 6163 0 6164
146 1 5 6109 0 6115
147 2 6194 0 1 6197
148 1 0 0 6213 6214
149 0 0 0 6211 6211
150 0 1 0 6207 6208
151 0 6273 0 7 6280
152 6303 0 1 0 6304
153 0 1 0 6197 6198
154 5 0 6227 1 6233
155 5 0 6197 0 6202
156 0 6353 0 2 6355
157 6431 0 2 0 6433
158 6406 0 18 0 6424
159 6392 0 19 1 6412
160 94 0 6268 0 6362
161 6390 0 0 0 6390
162 1 0 6330 1 6332
163 1 6305 0 1 6307
164 1 6303 0 1 6305
165 1 6416 0 0 6417
166 0 6 0 6430 6436
167 0 2 0 6418 6420
168 1 0 6356 0 6357
169 6375 0 0 0 6375
170 2 6409 0 4 6415
171 0 4 0 6320 6324
172 6244 0 8 1 6253
173 2 6317 0 29 6348
174 1 6302 2 3 6308
175 5 6315 0 6 6326
176 17 6311 2 3 6333
177 3 0 6348 0 6351
178 2 0 6386 1 6389
179 1 1 3 6260 6265
180 1 6406 0 3 6410
181 6521 0 0 0 6521
182 6473 0 11 0 6484
183 0 0 6469 0 6469
184 6482 0 0 0 6482
185 0 6461 0 1 6462
186 0 6431 0 0 6431
187 9 0 6411 2 6422
188 2 6471 0 0 6473
189 0 6579 0 3 6582
190 0 3 0 6594 6597
191 6613 0 0 0 6613
192 6627 0 1 0 6628
193 6586 0 0 0 6586
194 2 40 0 6408 6450
195 6544 0 1 0 6545
196 4 0 6492 0 6496
197 6464 0 3 1 6468
198 2 6545 0 1 6548
199 1 1 0 6564 6566
200 6563 0 1 0 6564
201 6511 0 3 0 6514
202 6489 0 0 0 6489
203 6425 0 37 0 6462
204 6418 0 5 0 6423
205 1 0 6494 0 6495
206 6408 1 1 0 6410
207 6428 0 0 0 6428
208 6470 0 3 0 6473
209 6528 0 0 0 6528
210 0 0 0 6483 6483
211 0 3 0 6543 6546
212 6538 2 8 2 6550
213 0 0 6448 0 6448
214 6429 0 0 0 6429
215 48 0 6385 0 6433
216 0 1 0 6240 6241
217 0 6404 0 2 6406
218 6401 0 5 0 6406
219 6352 0 0 0 6352
220 3 0 6396 0 6399
221 6275 0 0 1 6276
222 6250 0 1 0 6251
223 0 0 0 6340 6340
224 6406 0 2 0 6408
225 6387 0 1 0 6388
226 6357 0 0 0 6357
227 6257 0 16 0 6273
228 6199 0 0 0 6199
229 44 6170 1 0 6215
230 0 0 0 6143 6143
231 1 6224 0 1 6226
232 6174 1 0 0 6175
233 0 6212 0 2 6214
234 6258 0 0 0 6258
235 6200 0 1 0 6201
236 2 6161 0 0 6163
237 6198 0 1 4 6203
238 6203 0 0 0 6203
239 6159 1 0 0 6160
240 6099 0 5 0 6104
241 3 0 6020 0 6023
242 2 2 0 5127 5131
243 3 0 5641 0 5644
244 5935 3 1 0 5939
245 0 0 5934 0 5934
246 0 5892 0 14 5906
247 2 5983 0 10 5995
248 0 0 2 6120 6122
249 0 0 6087 0 6087
250 6045 0 18 0 6063
251 6071 0 19 0 6090
252 6085 0 15 0 6100
253 19 1 6074 0 6094
254 0 4 0 5651 5655
255 6035 0 1 0 6036
256 6200 2 0 2 6204
257 6178 0 1 0 6179
258 6199 5 2 2 6208
259 2 0 6130 12 6144
260 19 0 5967 2 5988
261 6071 0 0 0 6071
262 0 2 1 6040 6043
263 4 1 6063 0 6068
264 0 3 0 5852 5855
265 0 5884 0 3 5887
266 2 5906 0 16 5924
267 0 6162 0 2 6164
268 1 0 0 6228 6229
269 1 2 0 6288 6291
270 6 0 6218 0 6224
271 6143 0 3 1 6147
272 6150 2 50 0 6202
273 5 0 6228 0 6233
274 6100 0 0 2 6102
275 1 0 6430 0 6431
276 6501 0 5 2 6508
277 2 0 6567 0 6569
278 6608 0 1 0 6609
279 6676 0 0 3 6679
280 6769 0 1 1 6771
281 6780 0 2 0 6782
282 2 0 6655 0 6657
283 1 6678 0 1 6680
284 6861 1 0 1 6863
285 6869 0 5 7 6881
286 3 0 0 6863 6866
287 6 2 0 6833 6841
288 1 0 6892 0 6893
289 1 0 6871 5 6877
290 6772 0 5 0 6777
291 265 0 6792 1 7058
292 0 0 0 6811 6811
293 7044 0 29 0 7073
294 7047 0 103 0 7150
295 7187 0 1 0 7188
296 7168 0 1 0 7169
297 7153 0 0 10 7163
298 4 0 0 7154 7158
299 4 0 7185 0 7189
300 7141 0 0 0 7141
301 2 0 0 7243 7245
302 19 0 7240 0 7259
303 7275 0 4 0 7279
304 7336 0 0 1 7337
305 7357 0 0 0 7357
306 9 0 7268 0 7277
307 3 0 1 6858 6862
308 7085 1 4 0 7090
309 3 7250 1 0 7254
310 0 0 0 7221 7221
311 0 7054 0 168 7222
312 0 7338 0 1 7339
313 7 0 3 7347 7357
314 5512 0 1819 1 7332
315 0 3 0 7336 7339
316 1 11 0 7386 7398
317 0 5 0 7396 7401
318 7424 0 3 0 7427
319 0 1 0 7414 7415
320 1 0 7356 0 7357
321 7387 0 7 0 7394
322 7380 1 2 1 7384
323 0 2 0 7275 7277
324 2 7331 0 0 7333
325 0 7283 0 5 7288
326 7 0 7355 2 7364
327 0 4 0 7203 7207
328 2 7232 0 1 7235
329 0 3 0 7279 7282
330 2 0 7236 0 7238
331 0 7305 0 17 7322
332 0 5 0 7349 7354
333 9 0 7366 0 7375
334 0 0 7280 1 7281
335 7363 0 6 6 7375
336 7388 0 6 0 7394
337 0 10 1 7394 7405
338 3 1 1 7415 7420
339 2 0 7353 1 7356
340 7284 0 2 1 7287
341 7322 2 1 0 7325
342 1 0 7310 2 7313
343 0 1 7265 1 7267
344 20 0 7260 1 7281
345 0 3 1 6851 6855
346 0 1 0 7158 7159
347 0 3 0 7242 7245
348 3 0 7144 0 7147
349 7118 0 6 2 7126
350 20 0 7143 3 7166
351 2 7088 0 8 7098
352 1 7139 0 3 7143
353 7149 0 0 0 7149
354 0 1 0 7241 7242
355 7208 0 2 0 7210
356 0 7242 0 0 7242
357 0 1 0 7250 7251
358 3 0 7191 1 7195
359 1 1 1 7135 7138
360 7128 2 1 72 7203
361 1 11 0 7215 7227
362 2 0 7166 1 7169
363 7142 1 22 0 7165
364 7177 0 1 0 7178
365 5 7160 0 3 7168
366 7212 2 0 1 7215
367 2 0 7170 1 7173
368 1 0 0 7048 7049
369 0 4 0 7160 7164
370 0 7153 0 24 7177
371 0 12 0 7196 7208
372 0 1 0 7174 7175
373 1 7209 0 1 7211
374 7228 0 3 1 7232
375 7189 1 1 0 7191
376 7147 1 5 3 7156
377 2 6 1 7215 7224
378 7265 1 0 0 7266
379 0 0 7101 2 7103
380 0 7088 0 7 7095
381 7189 0 0 0 7189
382 7163 0 8 0 7171
383 0 7204 0 1 7205
384 0 4 1 7160 7165
385 12 0 7204 1 7217
386 1 0 1 7058 7060
387 7110 2 7 0 7119
388 10 7176 0 2 7188
389 120 0 7121 1 7242
390 7174 0 0 0 7174
391 7171 0 0 0 7171
392 7197 0 11 0 7208
393 0 5 0 7182 7187
394 7159 0 0 0 7159
395 0 7232 0 0 7232
396 7259 0 2 0 7261
397 7230 1 0 1 7232
398 1 0 0 7148 7149
399 1 184 0 6990 7175
400 0 0 7119 17 7136
401 1 0 7056 2 7059
402 7059 1 40 0 7100
403 1 6951 0 0 6952
404 1 7024 0 3 7028
405 3 0 7101 1 7105
406 7059 0 3 0 7062
407 0 0 0 7065 7065
408 0 1 0 7101 7102
409 6861 1 51 2 6915
410 1 7058 0 1 7060
411 1 7059 0 0 7060
412 0 7212 2 3 7217
413 3 71 0 7163 7237
414 0 2 0 7173 7175
415 1 7229 0 10 7240
416 7229 0 12 0 7241
417 7151 0 1 0 7152
418 2 7244 0 3 7249
419 7000 0 4 0 7004
420 3 7236 0 4 7243
421 0 7325 0 2 7327
422 7345 0 4 0 7349
423 25 0 7314 0 7339
424 7317 1 2 0 7320
425 22 1 7285 0 7308
426 7254 0 2 1 7257
427 0 0 7322 1 7323
428 53 0 7208 0 7261
429 1 3 0 6949 6953
430 6 3 7173 0 7182
431 1 7207 0 5 7213
432 3 7363 0 9 7375
433 1 5 0 7432 7438
434 0 7 2 7499 7508
435 3 0 7495 1 7499
436 7495 0 3 1 7499
437 0 5 0 7522 7527
438 8 0 7498 0 7506
439 7435 0 8 1 7444
440 1 7460 26 8 7495
441 7487 0 9 2 7498
442 0 12 0 7543 7555
443 7520 8 61 1 7590
444 52 0 7458 1 7511
445 7474 1 18 1 7494
446 3 0 7689 1 7693
447 2 0 7784 1 7787
448 7825 0 3 1 7829
449 7858 0 0 0 7858
450 7 0 7842 0 7849
451 7876 0 2 2 7880
452 7832 0 2 0 7834
453 3 7822 0 0 7825
454 9 7890 0 0 7899
455 7939 6 1 0 7946
456 0 0 7946 1 7947
457 7928 1 2 1 7932
458 68 0 7892 2 7962
459 4 0 7893 8 7905
460 7890 0 1 0 7891
461 0 1 0 7939 7940
462 1 2 7945 2 7950
463 1 2 0 7891 7894
464 1 3 3 8090 8097
465 2 0 8085 1 8088
466 8027 0 4 0 8031
467 1 3 2 8021 8027
468 4 3 7974 4 7985
469 1 0 8145 1 8147
470 1 8197 2 36 8236
471 3 8203 0 27 8233
472 0 8376 0 2 8378
473 8487 0 22 0 8509
474 8461 0 13 1 8475
475 4 8501 0 4 8509
476 0 6 0 8593 8599
477 1 0 8655 0 8656
478 8590 0 8 0 8598
479 8719 0 0 0 8719
480 8610 0 0 0 8610
481 2 1 4 8639 8646
482 8672 0 0 0 8672
483 1 0 8650 0 8651
484 1 0 0 7996 7997
485 8550 0 5 0 8555
486 0 0 0 8576 8576
487 0 0 0 8634 8634
488 8612 0 1 1 8614
489 8574 13 1 8 8596
490 2 1 8598 0 8601
491 12 0 8481 1 8494
492 2 1 8484 0 8487
493 8557 0 2 3 8562
494 1 8590 0 1 8592
495 8678 0 1 0 8679
496 0 1 1 8664 8666
497 2 0 8644 0 8646
498 8635 0 9 0 8644
499 8676 0 2 0 8678
500 3 8640 0 4 8647
501 8706 0 5 1 8712
502 8738 0 0 2 8740
503 1 9256 2 2 9261
504 9478 1 2 0 9481
505 9476 0 20 0 9496
506 9412 0 1 0 9413
507 3 0 9352 0 9355
508 9338 0 3 1 9342
509 1 5 2 9244 9252
510 3 0 9317 0 9320
511 4 9252 0 2 9258
512 9309 0 1 0 9310
513 9283 6 0 0 9289
514 1 0 9261 1 9263
515 43 0 9158 0 9201
516 6 9186 0 2 9194
517 9410 1 4 0 9415
518 9398 1 0 0 9399
519 9333 0 3 1 9337
520 9355 0 6 0 9361
521 5 0 9449 0 9454
522 9381 0 4 0 9385
523 1 0 2 9435 9438
524 9586 0 0 0 9586
525 9583 0 1 1 9585
526 9434 0 6 1 9441
527 8 6 9369 0 9383
528 3 0 9345 0 9348
529 9334 5 27 6 9372
530 13 0 9442 7 9462
531 2 0 9461 0 9463
532 9567 0 3 3 9573
533 9715 0 3 0 9718
534 11 3 9686 5 9705
535 0 13 2 9744 9759
536 10427 0 5 2 10434
537 10508 0 2 0 10510
538 10498 0 4 0 10502
539 1 10343 0 108 10452
540 10375 0 2 2 10379
541 0 10602 3 1 10606
542 1 168 0 10407 10576
543 2 10963 0 1 10966
544 11210 2 1 0 11213
545 11207 0 5 0 11212
546 11419 0 9 1 11429
547 11499 0 0 0 11499
548 11494 1 14 3 11512
549 1 0 11512 1 11514
550 11491 1 4 4 11500
551 11608 4 3 5 11620
552 1 0 11659 1 11661
553 0 2 11816 1 11819
554 35 4 11728 0 11767
555 11778 0 6 0 11784
556 11838 1 0 0 11839
557 17 3 11854 0 11874
558 0 4 0 11645 11649
559 0 0 0 11729 11729
560 2 11752 0 9 11763
561 4 11832 0 3 11839
562 3 1 12014 2 12020
563 0 6 7 11928 11941
564 1 3 2 12001 12007
565 0 5 1 12163 12169
566 1 0 12131 6 12138
567 12151 1 2 6 12160
568 5 12203 0 1 12209
569 12335 0 2 4 12341
570 12326 0 4 3 12333
571 0 1 3 12408 12412
572 12453 1 0 0 12454
573 12402 5 1 0 12408
574 12249 162 0 0 12411
575 12441 1 22 0 12464
576 12429 20 3 4 12456
577 11 1 12463 6 12481
578 10 0 12422 0 12432
579 48 0 12412 0 12460
580 12390 2 15 1 12408
581 1 1326 0 11081 12408
582 12517 6 55 4 12582
583 2 31 1 12607 12641
584 12 0 12621 3 12636
585 77 12628 0 2 12707
586 5 2 12910 0 12917
587 0 3 0 12708 12711
588 13089 1 34 1 13125
589 13241 1 7 0 13249
590 0 3 1 13299 13303
591 481 3 12902 0 13386
592 1 31 1 13067 13100
593 13504 1 4 0 13509
594 0 0 2 13540 13542
595 0 2 5 13668 13675
596 4 0 13580 2 13586
597 1 3 1 13620 13625
598 1 13636 0 0 13637
599 0 14536 0 3 14539
600 1 2 1 14740 14744
601 0 4 1 14965 14970
602 41 0 14794 0 14835
603 14851 0 1 1 14853
604 2 0 14738 2 14742
605 14907 0 11 1 14919
606 12 2 15016 23 15053
607 0 2 1 14687 14690
608 11 0 15156 0 15167
609 0 6 1 15050 15057
610 1 3 1 15841 15846
611 1 0 16292 0 16293
612 2 0 16416 0 16418
613 0 3 0 16166 16169
614 16680 0 2 0 16682
615 16680 0 0 1 16681
616 16908 0 0 0 16908
617 1 3 0 17269 17273
618 6 0 17381 1 17388
619 0 0 17399 2 17401
620 17553 1 5 1 17560
621 17558 3 7 3 17571
622 3 17726 2 1 17732
623 17668 0 19 6 17693
624 0 1 0 17687 17688
625 1 2 1 17700 17704
626 1 17544 0 47 17592
627 1 17792 0 2 17795
628 7 2 1 17910 17920
629 0 17982 0 4 17986
630 18137 0 10 1 18148
631 18079 0 1 1 18081
632 17960 0 1 0 17961
633 16 17759 1 56 17832
634 17559 1 0 0 17560
635 3 18024 0 5 18032
636 1 17987 3 16 18007
637 2 18029 4 4 18039
638 7 18171 0 0 18178
639 18264 0 3 0 18267
640 18103 0 14 1 18118
641 0 4 0 18290 18294
642 4 0 18282 1 18287
643 3 0 18133 1 18137
644 18218 0 4 1 18223
645 0 1 0 18378 18379
646 18194 0 124 5 18323
647 1 18502 0 2 18505
648 18553 2 6 1 18562
649 18435 1 10 0 18446
650 3 1 18418 0 18422
651 2 6 2 18335 18345
652 8 18461 0 8 18477
653 6 18624 0 27 18657
654 3 2 0 18758 18763
655 0 2 0 18882 18884
656 18820 0 3 0 18823
657 2 0 0 18828 18830
658 0 18814 0 8 18822
659 19009 2 0 1 19012
660 18805 1 1 2 18809
661 18 18947 0 18 18983
662 1 19 1 18806 18827
663 2 19020 0 2 19024
664 0 9 1 18960 18970
665 58 0 18852 0 18910
666 3 19072 0 4 19079
667 19192 0 2 0 19194
668 0 6 0 19304 19310
669 19253 0 4 1 19258
670 2 0 19281 2 19285
671 19151 0 0 1 19152
672 0 12 0 19293 19305
673 1 2 0 19436 19439
674 20 0 19290 6 19316
675 19299 0 3 1 19303
676 19429 1 1 0 19431
677 1 6 0 19445 19452
678 6 0 19288 0 19294
679 2 19389 1 9 19401
680 19497 0 1 2 19500
681 1 3 0 19489 19493
682 19573 1 4 0 19578
683 1 7 0 19577 19585
684 5 0 19438 1 19444
685 19316 1 4 2 19323
686 2 19358 0 51 19411
687 3 19487 0 4 19494
688 19667 1 6 1 19675
689 13 0 19585 2 19600
690 19349 1 4 1 19355
691 1 0 19621 2 19624
692 1 4 1 19007 19013
693 1 0 19670 0 19671
694 3 0 19583 1 19587
695 19612 0 12 1 19625
696 19705 4 1 1 19711
697 181 0 19436 1 19618
698 1 0 19456 5 19462
699 1 19748 1 1 19751
700 1 2 0 19926 19929
701 20 12 0 20026 20058
702 2 0 19879 1 19882
703 1 2 0 19781 19784
704 0 3 0 20208 20211
705 5 0 19978 2 19985
706 1 20134 0 2 20137
707 0 5 1 20404 20410
708 20352 0 5 0 20357
709 20233 1 0 0 20234
710 20095 2 17 3 20117
711 4 20609 0 2 20615
712 0 3 1 20515 20519
713 0 1 1 20798 20800
714 3 0 20732 4 20739
715 1 0 1 20825 20827
716 0 10 68 20857 20935
717 8 0 20751 1 20760
718 2 20526 3 7 20538
719 8 20734 0 49 20791
720 20674 2 5 1 20682
721 2 21048 1 40 21091
722 4 4 2 21241 21251
723 2 1 21213 0 21216
724 21044 1 5 4 21054
725 0 9 2 21255 21266
726 195 2 20931 0 21128
727 21068 0 9 2 21079
728 1 49 0 20969 21019
729 1 21229 3 0 21233
730 4 0 0 21157 21161
731 0 1 0 21137 21138
732 21048 0 41 0 21089
733 2 21182 0 3 21187
734 21147 2 1 2 21152
735 2 1 21192 3 21198
736 0 9 1 20500 20510
737 3 0 21035 14 21052
738 1 2 20983 0 20986
739 20771 0 6 14 20791
740 6 0 21190 1 21197
741 3 0 21059 0 21062
742 20818 0 1 4 20823
743 2 3 0 21103 21108
744 7 3 21058 0 21068
745 20954 0 85 1 21040
746 21068 0 62 1 21131
747 4 0 20969 0 20973
748 21042 1 1 0 21044
749 21018 6 3 0 21027
750 4 0 20729 0 20733
751 20650 5 2 0 20657
752 0 19 2 20573 20594
753 6 0 20358 2 20366
754 2 1 20202 3 20208
755 2 20042 5 108 20157
756 2 20116 1 7 20126
757 20508 14 7 2 20531
758 4 2 1 20767 20774
759 6 20875 0 3 20884
760 5 0 20943 3 20951
761 3 0 20836 0 20839
762 20492 1 1 0 20494
763 2 7 1 20537 20547
764 4 20617 1 0 20622
765 2 20837 0 19 20858
766 1 8 1 20681 20691
767 2 20723 0 3 20728
768 20837 6 4 0 20847
769 20644 1 1 2 20648
770 0 20742 0 1 20743
771 1 4 2 20477 20484
772 2 20548 0 5 20555
773 20333 9 2 1 20345
774 7 20598 1 1 20607
775 0 2 0 20172 20174
776 9 20482 1 4 20496
777 2 1 1 20090 20094
778 2 2 0 20051 20055
779 2 20375 0 14 20391
780 5 0 20091 3 20099
781 19467 0 14 3 19484
782 40 0 19524 0 19564
783 3 19324 2 5 19334
784 3 0 19410 1 19414
785 0 7 0 18889 18896
786 8 19220 0 5 19233
787 0 3 0 19316 19319
788 0 53 0 19092 19145
789 19194 0 2 3 19199
790 19123 0 0 1 19124
791 0 0 1 19065 19066
792 10 0 19058 0 19068
793 19021 0 2 2 19025
794 18935 0 5 2 18942
795 3 1 18845 2 18851
796 5 0 18663 1 18669
797 18538 0 6 1 18545
798 11 18665 0 20 18696
799 18732 0 5 0 18737
800 0 2 1 18619 18622
801 4 8 0 18519 18531
802 3 18521 1 4 18529
803 18547 1 3 0 18551
804 18488 0 3 1 18492
805 18291 2 1 1 18295
806 156 0 17972 1 18129
807 1 17901 0 4 17906
808 2 18025 1 0 18028
809 18031 0 3 1 18035
810 18002 3 6 0 18011
811 1 2 0 17780 17783
812 3 3 2 17583 17591
813 10 17834 0 3 17847
814 1 0 17018 1 17020
815 17332 0 3 0 17335
816 7 0 17415 3 17425
817 3 17026 0 3 17032
818 17110 0 2 0 17112
819 2 0 16946 2 16950
820 8 16931 3 0 16942
821 3 4 0 17010 17017
822 8 3 16912 1 16924
823 16881 0 2 0 16883
824 16883 0 3 0 16886
825 16713 1 8 0 16722
826 1 16903 0 6 16910
827 0 0 0 16698 16698
828 2 1 16690 0 16693
829 1 16734 1 8 16744
830 23 0 16774 2 16799
831 382 0 16081 0 16463
832 0 3 0 15981 15984
833 4 1 16103 3 16111
834 5 1 16196 6 16208
835 3 1 16143 0 16147
836 15999 1 3 1 16004
837 1 0 16238 0 16239
838 0 0 1 15587 15588
839 6 15854 0 4 15864
840 1 11 0 16039 16051
841 0 2 0 16075 16077
842 15916 0 1 0 15917
843 0 3 2 15682 15687
844 3 15536 2 1 15542
845 3 15485 0 0 15488
846 16 15538 0 2 15556
847 15686 0 2 0 15688
848 15616 0 3 0 15619
849 2 2 0 15485 15489
850 1 0 0 15491 15492
851 1 8 0 15565 15574
852 2 0 15302 1 15305
853 2 0 15188 0 15190
854 3 2 0 15002 15007
855 0 15012 0 4 15016
856 15155 0 7 0 15162
857 15100 1 2 1 15104
858 28 1 14934 1 14964
859 14775 0 0 1 14776
860 13 0 14534 3 14550
861 4 14173 2 3 14182
862 14097 0 0 1 14098
863 2 14204 0 1 14207
864 3 14266 0 7 14276
865 7 0 14286 1 14294
866 14154 0 1 2 14157
867 0 2 1 14163 14166
868 4 0 6 14206 14216
869 14060 0 0 4 14064
870 0 1 0 13896 13897
871 14 13783 0 3 13800
872 13410 1 2 0 13413
873 74 13452 9 4 13539
874 6 13578 0 3 13587
875 13529 0 1 0 13530
876 0 6 13469 0 13475
877 13369 0 0 1 13370
878 13349 0 4 6 13359
879 8 0 13318 0 13326
880 13221 0 0 0 13221
881 84 0 13037 0 13121
882 0 0 12845 1 12846
883 4 0 12700 0 12704
884 12814 1 12 1 12828
885 10 3 12690 0 12703
886 12699 0 1 0 12700
887 0 12517 0 2 12519
888 12613 9 0 1 12623
889 12512 0 1 0 12513
890 1 2 1 12435 12439
891 1 0 0 12411 12412
892 12410 0 0 1 12411
893 9 0 12240 0 12249
894 12141 0 2 0 12143
895 1 112 2 11832 11947
896 2 4 1 12044 12051
897 14 0 11927 1 11942
898 44 0 11799 0 11843
899 2 4 0 11607 11613
900 2 11488 0 5 11495
901 11530 1 3 2 11536
902 8 11475 0 2 11485
903 4 0 11444 0 11448
904 2 0 11386 0 11388
905 11261 0 4 1 11266
906 11281 0 2 0 11283
907 0 0 11202 0 11202
908 11160 0 0 0 11160
909 11060 0 1 0 11061
910 2 11085 0 3 11090
911 2 2 1 10976 10981
912 1 3 1 11033 11038
913 1 5 2 10977 10985
914 10906 0 1 5 10912
915 0 0 0 10635 10635
916 43 10644 0 7 10694
917 0 10 0 10553 10563
918 0 161 0 10373 10534
919 0 0 0 10495 10495
920 1 2 0 10536 10539
921 10325 1 29 0 10355
922 10222 0 0 3 10225
923 0 0 10093 0 10093
924 0 5 0 9805 9810
925 9916 0 3 2 9921
926 9917 0 1 0 9918
927 9782 0 92 0 9874
928 9777 0 5 0 9782
929 8 0 9359 0 9367
930 8977 0 0 0 8977
931 8754 0 8 0 8762
932 1 1 1 8594 8597
933 0 1 0 8620 8621
934 24 0 8403 0 8427
935 8373 0 1 0 8374
936 0 8 1 8304 8313
937 6 0 8197 0 8203
938 8184 0 0 0 8184
939 1 33 1 8055 8090
940 8123 1 0 3 8127
941 7933 1 1 1 7936
942 4 7902 0 7 7913
943 7782 0 0 0 7782
944 0 2 2 7670 7674
945 7440 0 2 1 7443
946 12 7582 1 20 7615
947 0 0 0 7558 7558
948 7557 0 4 0 7561
949 0 0 0 7454 7454
950 0 3 0 7374 7377
951 1 7353 0 2 7356
952 0 7298 0 1 7299
953 7067 3 3 0 7073
954 2 7149 4 5 7160
955 7085 0 2 1 7088
956 6994 0 1 0 6995
957 6974 0 0 0 6974
958 6864 0 3 0 6867
959 17 6951 0 2 6970
960 6871 0 3 0 6874
961 8 0 6776 0 6784
962 1 1 0 6650 6652
963 5 1 6703 1 6710
964 6723 0 0 0 6723
965 1 4 1 6686 6692
966 6706 1 0 0 6707
967 1 0 6584 0 6585
968 0 6441 0 4 6445
969 0 3 0 6480 6483
970 6497 0 2 0 6499
971 6435 0 0 4 6439
972 9 6076 0 246 6331
973 6207 0 0 0 6207
974 0 0 6057 0 6057
975 0 5905 0 1 5906
976 1 1190 0 4607 5798
977 0 5861 0 1 5862
978 10 5824 0 28 5862
979 5916 0 0 0 5916
980 0 0 0 5796 5796
981 5814 0 3 0 5817
982 5775 0 3 1 5779
983 1 2 0 5648 5651
984 5671 0 2 0 5673
985 0 0 5577 0 5577
986 0 5116 0 2 5118
987 2 0 0 5067 5069
988 2 0 5117 0 5119
989 4817 0 1 2 4820
990 2113 2524 0 71 4708
991 4552 0 1 0 4553
992 0 0 0 4463 4463
993 0 0 4507 0 4507
994 12 0 4451 0 4463
995 1 2 0 4397 4400
996 0 0 0 4389 4389
997 0 0 4268 0 4268
998 0 0 0 3888 3888
999 3891 0 0 0 3891
1000 0 0 0 3875 3875
1001 1 3833 0 1 3835
1002 3815 0 0 0 3815
1003 0 0 5 3731 3736
1004 0 0 0 3727 3727
1005 3705 0 2 0 3707
1006 4 1 0 3545 3550
1007 1 3589 0 4 3594
1008 22 0 3538 0 3560
1009 0 0 1 3413 3414
1010 0 2 0 3426 3428
1011 3431 0 5 0 3436
1012 0 0 0 3386 3386
1013 0 2 0 3434 3436
1014 3405 0 16 0 3421
1015 0 0 3366 0 3366
1016 3278 0 1 1 3280
1017 3284 0 0 0 3284
1018 3205 0 0 0 3205
1019 1 3280 0 1 3282
1020 3203 0 0 0 3203
1021 1 0 0 3164 3165
1022 0 2 0 3181 3183
1023 0 0 3198 0 3198
1024 2 1 0 3160 3163
1025 3152 0 1 0 3153
1026 0 2 0 3129 3131
1027 1 0 3118 0 3119
1028 3102 0 0 0 3102
1029 3090 0 2 0 3092
1030 3068 0 0 0 3068
1031 1 1 0 3007 3009
1032 0 0 2908 0 2908
1033 2920 0 3 0 2923
1034 2918 0 5 1 2924
1035 38 0 2772 0 2810
1036 2 0 2721 0 2723
1037 2754 0 0 0 2754
1038 0 0 1 2717 2718
1039 0 0 2722 0 2722
1040 0 0 0 2694 2694
1041 1 0 2690 0 2691
1042 6 0 2700 0 2706
1043 0 0 1 2711 2712
1044 0 0 0 2666 2666
1045 0 0 2663 0 2663
1046 2580 0 0 0 2580
1047 2554 0 0 0 2554
1048 3 0 2545 1 2549
1049 0 0 0 2404 2404
1050 15 0 2394 1 2410
1051 0 0 0 2407 2407
1052 2358 0 0 0 2358
1053 0 2359 0 3 2362
1054 2277 0 0 0 2277
1055 1 1 2259 0 2261
1056 0 2248 0 0 2248
1057 2240 1 0 0 2241
1058 2 0 2233 0 2235
1059 0 0 2056 1 2057
1060 0 2035 0 0 2035
1061 2025 0 0 0 2025
1062 10 0 2012 0 2022
1063 1 1 0 1969 1971
1064 0 0 1943 1 1944
1065 0 1916 0 0 1916
1066 0 0 0 1914 1914
1067 0 0 2 1909 1911
1068 0 0 1871 0 1871
1069 0 2 0 1727 1729
1070 2 0 1718 2 1722
1071 1678 0 0 0 1678
1072 1674 0 0 0 1674
1073 0 0 0 1538 1538
1074 0 0 0 1524 1524
1075 0 0 0 1495 1495
1076 1399 0 0 0 1399
1077 1360 0 0 0 1360
1078 1312 0 0 0 1312
1079 965 0 0 0 965
1080 1 0 0 709 710
1081 445 0 0 0 445
1082 399 0 2 0 401
1083 393 0 0 0 393
1084 342 0 0 0 342
1085 91 0 0 0 91
1086 0 0 2 50 52
1087 0 45 0 0 45
1088 0 43 0 0 43
1089 0 0 0 41 41
1090 0 32 0 0 32
1091 1 0 0 26 27
1092 0 0 0 26 26
1093 0 0 26 0 26
1094 0 0 0 25 25
1095 0 0 0 16 16
1096 11 0 0 0 11
1097 0 10 0 0 10
1098 0 0 0 10 10
1099 10 0 0 0 10
1100 0 5 0 0 5
1101 0 0 0 3 3
1102 0 0 0 0 0
