0 0 0 0 0 0
1 0 0 0 0 0
2 0 0 0 0 0
3 0 0 0 0 0
4 0 0 0 0 0
5 0 0 0 0 0
6 0 0 0 0 0
7 0 0 0 0 0
8 0 0 0 0 0
9 0 0 0 0 0
10 0 0 0 0 0
11 0 0 0 0 0
12 0 0 0 0 0
13 0 0 0 0 0
14 0 0 0 0 0
15 0 0 0 0 0
16 0 0 0 0 0
17 0 0 0 0 0
18 0 0 0 0 0
19 0 0 0 0 0
20 0 0 0 0 0
21 0 0 0 0 0
22 0 0 0 0 0
23 0 0 0 0 0
24 0 0 0 0 0
25 0 0 0 0 0
26 0 0 0 0 0
27 0 0 0 0 0
28 0 0 0 0 0
29 0 0 0 0 0
30 0 0 0 0 0
31 0 0 1 0 1
32 0 0 0 0 0
33 0 0 0 0 0
34 1 0 0 0 1
35 1 0 0 0 1
36 0 1 0 0 1
37 0 0 0 0 0
38 0 0 0 0 0
39 2 0 0 0 2
40 0 0 2 0 2
41 2 0 0 0 2
42 2 0 0 0 2
43 2 0 0 0 2
44 2 0 0 0 2
45 2 0 0 0 2
46 0 0 0 1 1
47 0 0 1 0 1
48 0 0 1 0 1
49 0 2 0 0 2
50 0 0 1 0 1
51 1 0 0 0 1
52 2 0 0 0 2
53 0 2 0 0 2
54 2 0 0 0 2
55 2 0 0 0 2
56 0 2 0 0 2
57 2 0 0 0 2
58 2 0 0 0 2
59 0 20 0 0 20
60 20 0 0 0 20
61 0 0 0 20 20
62 0 0 20 0 20
63 20 0 0 0 20
64 0 20 0 0 20
65 0 21 0 0 21
66 21 0 0 0 21
67 0 20 0 0 20
68 20 0 0 0 20
69 20 0 0 0 20
70 0 22 0 0 22
71 21 0 0 0 21
72 0 21 0 0 21
73 21 0 0 0 21
74 22 0 0 0 22
75 21 0 0 0 21
76 0 0 0 20 20
77 0 0 0 20 20
78 0 0 22 0 22
79 20 0 0 0 20
80 0 0 21 0 21
81 0 0 22 0 22
82 0 0 0 21 21
83 0 0 21 0 21
84 0 0 22 0 22
85 0 0 22 0 22
86 0 0 0 20 20
87 0 21 0 0 21
88 0 21 0 0 21
89 0 0 20 0 20
90 0 0 21 0 21
91 0 0 21 0 21
92 21 0 0 0 21
93 0 0 21 0 21
94 0 22 0 0 22
95 21 0 0 0 21
96 22 0 0 0 22
97 0 21 0 0 21
98 0 21 0 0 21
99 22 0 0 0 22
100 21 0 0 0 21
101 0 0 0 21 21
102 0 0 21 0 21
103 0 20 0 0 20
104 0 20 0 0 20
105 20 0 0 0 20
106 0 22 0 0 22
107 0 21 0 0 21
108 20 0 1 0 21
109 0 0 0 21 21
110 21 0 0 0 21
111 20 0 0 0 20
112 20 0 0 0 20
113 0 22 0 0 22
114 0 0 0 20 20
115 0 0 0 19 19
116 0 0 0 20 20
117 0 0 21 0 21
118 22 0 0 0 22
119 22 0 0 0 22
120 0 0 20 0 20
121 0 21 0 0 21
122 20 0 1 0 21
123 0 0 22 0 22
124 0 0 19 0 19
125 22 0 0 0 22
126 22 0 0 0 22
127 0 0 0 21 21
128 0 0 0 20 20
129 0 22 0 0 22
130 0 0 0 22 22
131 0 0 22 0 22
132 0 0 21 0 21
133 19 0 0 0 19
134 0 0 22 0 22
135 0 0 0 20 20
136 0 0 19 0 19
137 0 22 0 0 22
138 0 0 0 21 21
139 21 0 0 0 21
140 0 0 0 21 21
141 0 0 22 0 22
142 22 0 0 0 22
143 21 0 0 0 21
144 21 0 0 0 21
145 0 0 21 0 21
146 0 0 4 0 4
147 0 4 0 0 4
148 0 0 0 4 4
149 0 0 0 4 4
150 0 0 0 4 4
151 0 4 0 0 4
152 4 0 0 0 4
153 0 0 0 3 3
154 0 0 4 0 4
155 0 0 4 0 4
156 0 4 0 0 4
157 4 0 0 0 4
158 4 0 0 0 4
159 4 0 0 0 4
160 0 0 4 0 4
161 4 0 0 0 4
162 0 0 2 0 2
163 0 4 0 0 4
164 0 4 0 0 4
165 0 3 0 0 3
166 0 0 0 4 4
167 0 0 0 4 4
168 0 0 4 0 4
169 4 0 0 0 4
170 0 4 0 0 4
171 0 0 0 3 3
172 3 0 0 0 3
173 0 4 0 0 4
174 0 4 0 0 4
175 0 4 0 0 4
176 0 4 0 0 4
177 0 0 4 0 4
178 0 0 2 0 2
179 0 0 0 3 3
180 0 3 0 0 3
181 3 0 0 0 3
182 4 0 0 0 4
183 0 0 2 0 2
184 4 0 0 0 4
185 0 4 0 0 4
186 0 4 0 0 4
187 0 0 4 0 4
188 0 4 0 0 4
189 0 3 0 0 3
190 0 0 0 4 4
191 4 0 0 0 4
192 3 0 0 0 3
193 4 0 0 0 4
194 0 0 0 3 3
195 4 0 0 0 4
196 0 0 3 0 3
197 3 0 0 0 3
198 0 4 0 0 4
199 0 0 0 4 4
200 4 0 0 0 4
201 4 0 0 0 4
202 3 0 0 0 3
203 5 0 0 0 5
204 4 0 0 0 4
205 0 0 5 0 5
206 5 0 0 0 5
207 5 0 0 0 5
208 5 0 0 0 5
209 4 0 0 0 4
210 0 0 0 3 3
211 0 0 0 3 3
212 5 0 0 0 5
213 0 0 5 0 5
214 5 0 0 0 5
215 0 0 5 0 5
216 0 0 0 3 3
217 0 4 0 0 4
218 5 0 0 0 5
219 5 0 0 0 5
220 0 0 5 0 5
221 5 0 0 0 5
222 4 0 0 0 4
223 0 0 0 5 5
224 5 0 0 0 5
225 5 0 0 0 5
226 4 0 0 0 4
227 4 0 0 0 4
228 4 0 0 0 4
229 0 4 0 0 4
230 0 0 0 3 3
231 0 4 0 0 4
232 5 0 0 0 5
233 0 4 0 0 4
234 5 0 0 0 5
235 5 0 0 0 5
236 0 5 0 0 5
237 4 0 0 0 4
238 5 0 0 0 5
239 4 0 0 0 4
240 3 0 0 0 3
241 0 0 3 0 3
242 0 0 0 2 2
243 0 0 3 0 3
244 3 0 0 0 3
245 0 0 2 0 2
246 0 3 0 0 3
247 0 3 0 0 3
248 0 0 0 5 5
249 0 0 4 0 4
250 5 0 0 0 5
251 3 0 0 0 3
252 3 0 0 0 3
253 0 0 5 0 5
254 0 0 0 4 4
255 2 0 0 0 2
256 5 0 0 0 5
257 3 0 0 0 3
258 5 0 0 0 5
259 0 0 5 0 5
260 1 0 3 0 4
261 5 0 0 0 5
262 0 0 0 4 4
263 0 0 5 0 5
264 0 0 0 4 4
265 0 3 0 0 3
266 0 3 0 0 3
267 0 4 0 0 4
268 0 0 0 4 4
269 0 0 0 4 4
270 0 0 4 0 4
271 3 0 0 0 3
272 4 0 0 0 4
273 0 0 3 0 3
274 5 0 0 0 5
275 0 0 5 0 5
276 5 0 0 0 5
277 0 0 4 0 4
278 4 0 0 0 4
279 3 0 0 0 3
280 5 0 0 0 5
281 5 0 0 0 5
282 0 0 3 0 3
283 0 5 0 0 5
284 6 0 0 0 6
285 5 0 0 0 5
286 0 0 0 4 4
287 0 0 0 3 3
288 0 0 2 0 2
289 0 0 3 0 3
290 3 0 0 0 3
291 0 0 2 0 2
292 0 0 0 2 2
293 3 0 0 0 3
294 3 0 0 0 3
295 3 0 0 0 3
296 3 0 0 0 3
297 3 0 0 0 3
298 0 0 0 3 3
299 0 0 3 0 3
300 3 0 0 0 3
301 0 0 0 3 3
302 0 0 4 0 4
303 3 0 0 0 3
304 3 0 0 0 3
305 2 0 0 0 2
306 0 0 2 0 2
307 0 0 0 2 2
308 2 0 0 0 2
309 0 3 0 0 3
310 0 0 0 4 4
311 0 4 0 0 4
312 0 3 0 0 3
313 0 0 0 4 4
314 2 0 1 0 3
315 0 0 0 4 4
316 0 0 0 4 4
317 0 0 0 4 4
318 4 0 0 0 4
319 0 0 0 4 4
320 0 0 3 0 3
321 3 0 0 0 3
322 2 0 0 0 2
323 0 0 0 2 2
324 0 2 0 0 2
325 0 2 0 0 2
326 0 0 3 0 3
327 0 0 0 3 3
328 0 3 0 0 3
329 0 0 0 3 3
330 0 0 4 0 4
331 0 4 0 0 4
332 0 0 0 2 2
333 0 0 3 0 3
334 0 0 3 0 3
335 2 0 0 0 2
336 2 0 0 0 2
337 0 0 0 3 3
338 0 0 0 3 3
339 0 0 2 0 2
340 3 0 0 0 3
341 3 0 0 0 3
342 0 0 3 0 3
343 0 0 2 0 2
344 0 0 2 0 2
345 0 0 0 2 2
346 0 0 0 3 3
347 0 0 0 2 2
348 0 0 3 0 3
349 2 0 0 0 2
350 0 0 2 0 2
351 0 2 0 0 2
352 0 2 0 0 2
353 1 0 0 0 1
354 0 0 0 1 1
355 2 0 0 0 2
356 0 1 0 0 1
357 0 0 0 1 1
358 0 0 1 0 1
359 0 0 0 1 1
360 2 0 0 0 2
361 0 0 0 1 1
362 0 0 1 0 1
363 2 0 0 0 2
364 2 0 0 0 2
365 0 1 0 0 1
366 1 0 0 0 1
367 0 0 1 0 1
368 0 0 0 2 2
369 0 0 0 1 1
370 0 2 0 0 2
371 0 0 0 3 3
372 0 0 0 3 3
373 0 3 0 0 3
374 3 0 0 0 3
375 2 0 0 0 2
376 2 0 0 0 2
377 0 0 0 2 2
378 1 0 0 0 1
379 0 0 2 0 2
380 0 2 0 0 2
381 2 0 0 0 2
382 1 0 1 0 2
383 0 1 0 0 1
384 0 0 0 1 1
385 0 0 2 0 2
386 0 0 0 1 1
387 2 0 0 0 2
388 0 3 0 0 3
389 0 0 2 0 2
390 2 0 0 0 2
391 2 0 0 0 2
392 2 0 0 0 2
393 0 0 0 3 3
394 3 0 0 0 3
395 0 3 0 0 3
396 2 0 0 0 2
397 2 0 0 0 2
398 0 0 0 2 2
399 0 0 0 1 1
400 0 0 2 0 2
401 0 0 1 0 1
402 1 0 0 0 1
403 0 1 0 0 1
404 0 1 0 0 1
405 0 0 3 0 3
406 3 0 0 0 3
407 0 0 0 1 1
408 0 0 0 1 1
409 1 0 0 0 1
410 0 1 0 0 1
411 0 2 0 0 2
412 0 2 0 0 2
413 0 0 0 2 2
414 0 0 0 1 1
415 0 1 0 0 1
416 1 0 0 0 1
417 0 0 0 0 0
418 0 0 0 0 0
419 1 0 0 0 1
420 0 1 0 0 1
421 0 1 0 0 1
422 2 0 0 0 2
423 0 0 2 0 2
424 2 0 0 0 2
425 0 0 2 0 2
426 2 0 0 0 2
427 0 0 1 0 1
428 0 0 1 0 1
429 0 0 0 23 23
430 0 0 23 0 23
431 0 24 0 0 24
432 0 24 0 0 24
433 0 0 0 25 25
434 0 0 0 24 24
435 0 0 25 0 25
436 24 0 0 0 24
437 0 23 0 1 24
438 0 0 24 0 24
439 24 0 0 0 24
440 0 24 0 0 24
441 23 0 0 0 23
442 0 0 0 24 24
443 25 0 0 0 25
444 0 0 24 0 24
445 25 0 0 0 25
446 0 0 24 0 24
447 0 0 24 0 24
448 24 0 0 0 24
449 24 0 0 0 24
450 0 0 23 0 23
451 24 0 0 0 24
452 24 0 0 0 24
453 0 24 0 0 24
454 0 23 0 0 23
455 24 0 0 0 24
456 0 0 24 0 24
457 24 0 0 0 24
458 0 0 23 0 23
459 0 0 24 0 24
460 24 0 0 0 24
461 0 0 0 24 24
462 0 0 25 0 25
463 0 0 0 23 23
464 0 0 0 23 23
465 0 0 24 0 24
466 24 1 0 0 25
467 0 0 0 25 25
468 0 0 25 0 25
469 0 0 23 0 23
470 0 23 0 0 23
471 0 22 0 0 22
472 0 24 0 0 24
473 25 0 0 0 25
474 25 0 0 0 25
475 0 24 0 0 24
476 0 0 0 23 23
477 0 0 25 0 25
478 25 0 0 0 25
479 26 0 0 0 26
480 26 0 0 0 26
481 0 0 0 25 25
482 25 0 0 0 25
483 0 0 25 0 25
484 0 0 0 23 23
485 25 0 0 0 25
486 0 0 1 23 24
487 0 0 0 24 24
488 26 0 0 0 26
489 26 0 0 0 26
490 0 0 25 0 25
491 0 0 24 0 24
492 0 0 25 0 25
493 25 0 0 0 25
494 0 25 0 0 25
495 24 0 0 0 24
496 0 0 0 25 25
497 0 0 24 0 24
498 24 0 0 0 24
499 26 0 0 0 26
500 0 24 0 0 24
501 24 0 0 0 24
502 25 0 0 0 25
503 0 25 0 0 25
504 24 0 0 0 24
505 26 0 0 0 26
506 25 0 0 0 25
507 0 0 24 0 24
508 23 0 0 0 23
509 0 0 0 24 24
510 0 0 25 0 25
511 0 25 0 0 25
512 25 0 0 0 25
513 25 0 0 0 25
514 0 0 23 0 23
515 0 0 22 0 22
516 0 24 0 0 24
517 25 0 0 0 25
518 24 0 0 0 24
519 25 0 0 0 25
520 23 0 0 0 23
521 0 0 24 0 24
522 24 0 0 0 24
523 0 0 0 24 24
524 24 0 0 0 24
525 25 0 0 0 25
526 27 0 0 0 27
527 0 0 26 0 26
528 0 0 26 0 26
529 26 0 0 0 26
530 0 0 25 0 25
531 0 0 24 0 24
532 25 0 0 0 25
533 25 0 0 0 25
534 0 0 26 0 26
535 0 0 0 25 25
536 26 0 0 0 26
537 25 0 0 0 25
538 24 0 0 0 24
539 0 25 0 0 25
540 23 0 0 0 23
541 0 25 0 0 25
542 0 0 0 26 26
543 0 49 0 0 49
544 48 0 0 0 48
545 48 0 0 0 48
546 49 0 0 0 49
547 49 0 0 0 49
548 48 0 0 0 48
549 0 0 48 0 48
550 48 0 0 0 48
551 49 0 0 0 49
552 0 0 50 0 50
553 0 0 48 0 48
554 0 0 48 0 48
555 48 0 0 0 48
556 48 0 0 0 48
557 0 0 47 0 47
558 0 0 0 49 49
559 0 0 0 48 48
560 0 46 0 0 46
561 0 47 0 0 47
562 0 0 51 0 51
563 0 0 0 49 49
564 0 0 0 50 50
565 0 0 0 48 48
566 0 0 49 0 49
567 48 0 0 0 48
568 0 48 0 0 48
569 47 0 0 0 47
570 47 0 0 0 47
571 0 0 0 48 48
572 47 0 0 0 47
573 47 0 0 0 47
574 48 0 0 0 48
575 48 0 0 0 48
576 49 0 0 0 49
577 0 0 47 0 47
578 0 0 48 0 48
579 0 0 47 0 47
580 49 0 0 0 49
581 0 0 0 47 47
582 47 0 0 0 47
583 0 0 0 45 45
584 0 0 46 0 46
585 0 47 0 0 47
586 0 0 48 0 48
587 0 0 0 47 47
588 46 0 0 0 46
589 47 0 0 0 47
590 0 0 0 46 46
591 0 0 48 0 48
592 0 0 0 47 47
593 48 0 0 1 49
594 0 0 0 49 49
595 0 0 0 49 49
596 0 0 46 0 46
597 0 0 0 47 47
598 0 46 0 0 46
599 0 49 0 0 49
600 0 0 0 49 49
601 0 0 0 49 49
602 0 0 50 0 50
603 49 0 0 0 49
604 0 0 46 0 46
605 47 0 0 0 47
606 0 0 48 0 48
607 0 0 0 25 25
608 0 0 29 0 29
609 0 0 0 26 26
610 0 0 0 26 26
611 0 0 28 0 28
612 0 0 27 0 27
613 0 0 0 26 26
614 26 0 0 0 26
615 25 0 0 0 25
616 26 0 0 0 26
617 0 0 0 25 25
618 0 0 26 0 26
619 0 0 24 0 24
620 23 0 0 0 23
621 24 0 0 0 24
622 0 25 0 0 25
623 25 0 0 0 25
624 0 0 0 25 25
625 0 0 0 24 24
626 0 23 0 0 23
627 0 24 0 0 24
628 0 0 0 25 25
629 0 25 0 0 25
630 89 0 0 0 89
631 89 0 0 0 89
632 90 0 0 0 90
633 0 89 0 0 89
634 88 0 0 0 88
635 0 89 0 0 89
636 0 86 0 0 86
637 0 87 0 0 87
638 0 88 0 0 88
639 88 0 0 0 88
640 90 0 0 0 90
641 0 0 0 87 87
642 0 0 89 0 89
643 0 0 88 0 88
644 87 0 0 0 87
645 0 0 0 87 87
646 89 0 0 0 89
647 0 90 0 0 90
648 91 0 0 0 91
649 24 0 61 0 85
650 0 0 87 0 87
651 0 0 0 86 86
652 0 87 0 0 87
653 0 90 0 0 90
654 0 0 0 90 90
655 0 0 0 91 91
656 90 1 0 0 91
657 0 0 0 89 89
658 0 89 0 0 89
659 92 0 0 0 92
660 90 0 0 0 90
661 0 90 0 0 90
662 0 0 0 87 87
663 0 90 0 0 90
664 0 0 0 91 91
665 0 0 89 0 89
666 0 91 0 0 91
667 91 0 0 0 91
668 0 0 0 88 88
669 88 0 0 0 88
670 0 0 90 0 90
671 85 0 0 0 85
672 0 0 0 88 88
673 0 0 0 90 90
674 0 0 90 0 90
675 87 0 0 0 87
676 87 0 0 0 87
677 0 0 0 91 91
678 0 0 90 0 90
679 0 90 0 0 90
680 90 0 0 0 90
681 0 0 0 91 91
682 92 0 0 0 92
683 0 0 0 91 91
684 0 0 89 0 89
685 88 0 0 0 88
686 0 89 0 0 89
687 0 88 0 0 88
688 91 0 0 0 91
689 0 0 91 0 91
690 90 0 0 0 90
691 0 0 91 0 91
692 0 0 0 83 83
693 0 0 91 0 91
694 0 0 86 0 86
695 87 0 0 0 87
696 90 0 0 0 90
697 0 0 87 0 87
698 0 0 90 0 90
699 0 89 0 0 89
700 0 0 0 91 91
701 0 0 0 92 92
702 0 0 92 0 92
703 0 0 0 91 91
704 0 0 0 92 92
705 0 0 93 0 93
706 0 73 0 0 73
707 0 0 0 74 74
708 73 0 0 0 73
709 72 0 0 0 72
710 71 0 0 0 71
711 0 71 0 0 71
712 0 0 0 72 72
713 0 1 0 69 70
714 0 0 73 0 73
715 0 0 0 74 74
716 0 0 0 71 71
717 0 0 71 0 71
718 0 71 0 0 71
719 0 72 0 0 72
720 69 0 0 0 69
721 0 70 0 0 70
722 0 0 0 126 126
723 0 0 124 0 124
724 123 0 0 0 123
725 0 0 0 127 127
726 0 0 127 0 127
727 121 0 0 0 121
728 0 0 0 124 124
729 0 125 0 0 125
730 0 0 0 125 125
731 0 0 0 125 125
732 125 0 0 0 125
733 0 124 0 0 124
734 125 0 0 0 125
735 0 0 124 0 124
736 0 0 0 200 200
737 0 0 196 0 196
738 0 0 201 0 201
739 200 0 0 0 200
740 0 0 203 0 203
741 0 0 203 0 203
742 200 0 0 0 200
743 0 0 0 202 202
744 0 0 205 0 205
745 199 0 0 0 199
746 205 0 0 0 205
747 0 0 200 0 200
748 200 0 0 0 200
749 202 0 0 0 202
750 0 0 202 0 202
751 198 0 0 0 198
752 0 0 0 203 203
753 0 0 200 0 200
754 0 0 198 0 198
755 0 197 0 0 197
756 0 199 0 0 199
757 196 0 0 0 196
758 0 0 0 249 249
759 0 251 0 0 251
760 0 0 272 0 272
761 0 0 266 0 266
762 266 0 0 0 266
763 0 0 0 271 271
764 0 274 0 0 274
765 0 273 0 0 273
766 0 0 0 272 272
767 0 273 0 0 273
768 274 0 0 0 274
769 270 0 0 0 270
770 0 272 0 0 272
771 0 0 0 263 263
772 0 271 0 0 271
773 258 0 0 0 258
774 0 273 0 0 273
775 0 0 0 270 270
776 0 275 0 0 275
777 0 0 0 260 260
778 0 0 0 267 267
779 0 276 0 0 276
780 0 0 275 0 275
781 267 0 0 0 267
782 0 0 266 0 266
783 0 270 0 0 270
784 0 0 273 0 273
785 0 0 0 267 267
786 0 263 0 0 263
787 0 0 0 264 264
788 0 0 0 274 274
789 276 0 0 0 276
790 269 0 0 0 269
791 0 0 0 270 270
792 0 0 273 0 273
793 270 0 0 0 270
794 272 0 0 0 272
795 0 0 272 0 272
796 0 0 269 0 269
797 268 0 0 0 268
798 0 271 0 0 271
799 274 0 0 0 274
800 0 0 0 269 269
801 0 0 0 271 271
802 0 273 0 0 273
803 276 0 0 0 276
804 273 0 0 0 273
805 271 0 0 0 271
806 0 0 274 0 274
807 0 270 0 0 270
808 0 271 0 0 271
809 274 0 0 0 274
810 272 0 0 0 272
811 0 0 0 261 261
812 0 0 0 262 262
813 0 272 0 0 272
814 0 0 268 0 268
815 265 0 0 0 265
816 0 0 268 0 268
817 0 207 0 0 207
818 206 0 0 0 206
819 0 0 205 0 205
820 0 207 0 0 207
821 0 0 0 209 209
822 0 0 206 0 206
823 207 0 0 0 207
824 212 0 0 0 212
825 205 0 0 0 205
826 0 210 0 0 210
827 0 0 0 207 207
828 0 0 209 0 209
829 0 210 0 0 210
830 0 0 210 0 210
831 0 0 208 0 208
832 0 0 0 205 205
833 0 0 207 0 207
834 0 0 199 1 200
835 1 0 199 0 200
836 201 0 0 0 201
837 0 0 208 0 208
838 0 0 0 199 199
839 0 209 0 0 209
840 0 0 0 207 207
841 0 0 0 207 207
842 207 0 0 0 207
843 0 0 0 204 204
844 0 207 0 0 207
845 0 206 0 0 206
846 0 207 0 0 207
847 206 0 0 0 206
848 207 0 0 0 207
849 0 0 0 201 201
850 0 0 0 207 207
851 0 0 0 208 208
852 0 0 207 0 207
853 0 0 208 0 208
854 0 0 0 204 204
855 0 206 0 0 206
856 203 0 0 0 203
857 205 0 0 0 205
858 0 0 205 0 205
859 200 0 0 0 200
860 0 0 207 0 207
861 0 181 0 0 181
862 179 0 0 0 179
863 0 184 0 0 184
864 0 185 0 0 185
865 0 0 181 0 181
866 183 0 0 0 183
867 0 0 0 179 179
868 0 0 0 182 182
869 183 0 0 0 183
870 0 0 0 184 184
871 0 182 0 0 182
872 175 0 0 0 175
873 0 180 0 0 180
874 0 183 0 0 183
875 185 0 0 0 185
876 0 0 180 0 180
877 181 0 0 0 181
878 184 0 0 0 184
879 0 0 183 0 183
880 181 0 0 0 181
881 0 0 182 0 182
882 0 0 183 0 183
883 0 0 183 0 183
884 180 0 0 0 180
885 0 0 175 0 175
886 180 0 0 0 180
887 0 185 0 0 185
888 181 0 0 0 181
889 177 0 0 0 177
890 0 0 0 179 179
891 0 0 0 185 185
892 185 0 0 0 185
893 0 0 179 0 179
894 179 0 0 0 179
895 0 0 0 171 171
896 0 0 0 182 182
897 0 0 181 0 181
898 0 0 183 0 183
899 0 0 0 101 101
900 0 97 0 1 98
901 104 0 0 0 104
902 0 57 0 0 57
903 0 0 56 0 56
904 0 0 1 0 1
905 1 0 0 0 1
906 3 0 0 0 3
907 0 0 3 0 3
908 2 0 0 0 2
909 3 0 0 0 3
910 0 3 0 0 3
911 0 0 0 3 3
912 0 0 0 3 3
913 0 0 0 3 3
914 3 0 0 0 3
915 0 0 0 2 2
916 0 2 0 0 2
917 0 0 0 3 3
918 0 0 0 3 3
919 0 0 0 3 3
920 0 0 0 2 2
921 3 0 0 0 3
922 4 0 0 0 4
923 0 0 4 0 4
924 0 0 0 3 3
925 3 0 0 0 3
926 4 0 0 0 4
927 4 0 0 0 4
928 4 0 0 0 4
929 0 0 3 0 3
930 4 0 0 0 4
931 3 0 0 0 3
932 0 0 0 3 3
933 0 0 0 3 3
934 0 0 3 0 3
935 4 0 0 0 4
936 0 0 0 4 4
937 0 0 4 0 4
938 4 0 0 0 4
939 0 0 0 4 4
940 3 0 0 0 3
941 4 0 0 0 4
942 0 4 0 0 4
943 4 0 0 0 4
944 0 0 0 4 4
945 4 0 0 0 4
946 0 4 0 0 4
947 0 0 0 4 4
948 4 0 0 0 4
949 0 0 0 3 3
950 0 0 0 3 3
951 0 4 0 0 4
952 0 4 0 0 4
953 4 0 0 0 4
954 0 4 0 0 4
955 3 0 0 0 3
956 2 0 0 0 2
957 3 0 0 0 3
958 2 0 0 0 2
959 0 3 0 0 3
960 4 0 0 0 4
961 0 0 4 0 4
962 0 0 0 3 3
963 0 0 4 0 4
964 3 0 0 0 3
965 0 0 0 3 3
966 3 0 0 0 3
967 0 0 2 0 2
968 0 1 0 0 1
969 0 0 0 3 3
970 4 0 0 0 4
971 3 0 0 0 3
972 0 4 0 0 4
973 2 0 0 0 2
974 0 0 2 0 2
975 0 4 0 0 4
976 0 0 0 3 3
977 0 3 0 0 3
978 0 4 0 0 4
979 3 0 0 0 3
980 0 0 0 3 3
981 1 0 0 0 1
982 3 0 0 0 3
983 0 0 0 2 2
984 2 0 0 0 2
985 0 0 3 0 3
986 0 3 0 0 3
987 0 0 0 2 2
988 0 0 3 0 3
989 2 0 0 0 2
990 1 0 0 1 2
991 3 0 0 0 3
992 0 0 0 3 3
993 0 0 2 0 2
994 0 0 3 0 3
995 0 0 0 0 0
996 0 0 0 0 0
997 0 0 1 0 1
998 0 0 0 0 0
999 1 0 0 0 1
1000 0 0 0 1 1
1001 0 1 0 0 1
1002 2 0 0 0 2
1003 0 0 0 1 1
1004 0 0 0 1 1
1005 1 0 0 0 1
1006 0 0 0 1 1
1007 0 1 0 0 1
1008 0 0 0 0 0
1009 0 0 0 1 1
1010 0 0 0 1 1
1011 1 0 0 0 1
1012 0 0 0 0 0
1013 0 0 0 1 1
1014 0 0 0 0 0
1015 0 0 0 0 0
1016 0 0 0 0 0
1017 0 0 0 0 0
1018 0 0 0 0 0
1019 0 0 0 0 0
1020 1 0 0 0 1
1021 0 0 0 1 1
1022 0 0 0 1 1
1023 0 0 1 0 1
1024 0 0 0 1 1
1025 1 0 0 0 1
1026 0 0 0 1 1
1027 0 0 0 0 0
1028 0 0 0 0 0
1029 1 0 0 0 1
1030 0 0 0 0 0
1031 0 0 0 0 0
1032 0 0 0 0 0
1033 0 0 0 0 0
1034 0 0 0 0 0
1035 0 0 0 0 0
1036 0 0 0 0 0
1037 1 0 0 0 1
1038 0 0 0 1 1
1039 0 0 1 0 1
1040 0 0 0 1 1
1041 0 0 1 0 1
1042 0 0 1 0 1
1043 0 0 0 1 1
1044 0 0 0 1 1
1045 0 0 1 0 1
1046 1 0 0 0 1
1047 1 0 0 0 1
1048 0 0 1 0 1
1049 0 0 0 0 0
1050 0 0 0 0 0
1051 0 0 0 0 0
1052 0 0 0 0 0
1053 0 0 0 0 0
1054 0 0 0 0 0
1055 0 0 0 0 0
1056 0 0 0 0 0
1057 0 0 0 0 0
1058 0 0 0 0 0
1059 0 0 0 0 0
1060 0 0 0 0 0
1061 0 0 0 0 0
1062 0 0 0 0 0
1063 0 0 0 0 0
1064 0 0 0 0 0
1065 0 0 0 0 0
1066 0 0 0 0 0
1067 0 0 0 0 0
1068 0 0 0 0 0
1069 0 0 0 0 0
1070 0 0 0 0 0
1071 0 0 0 0 0
1072 0 0 0 0 0
1073 0 0 0 0 0
1074 0 0 0 0 0
1075 0 0 0 0 0
1076 0 0 0 0 0
1077 0 0 0 0 0
1078 0 0 0 0 0
1079 0 0 0 0 0
1080 0 0 0 0 0
1081 0 0 0 0 0
1082 0 0 0 0 0
1083 0 0 0 0 0
1084 0 0 0 0 0
1085 0 0 0 0 0
1086 0 0 0 0 0
1087 0 0 0 0 0
1088 0 0 0 0 0
1089 0 0 0 0 0
1090 0 0 0 0 0
1091 0 0 0 0 0
1092 0 0 0 0 0
1093 0 0 0 0 0
1094 0 0 0 0 0
1095 0 0 0 0 0
1096 0 0 0 0 0
1097 0 0 0 0 0
1098 0 0 0 0 0
1099 0 0 0 0 0
1100 0 0 0 0 0
1101 0 0 0 0 0
1102 0 0 0 0 0
