0 0 0 0 0 0
1 8 1 5 0 14
2 0 0 14 0 14
3 0 19 0 0 19
4 17 0 2 0 19
5 0 0 18 0 18
6 17 0 1 0 18
7 19 0 2 0 21
8 0 0 23 0 23
9 0 25 0 0 25
10 28 31 1 20 80
11 0 0 93 0 93
12 93 5 2 0 100
13 0 0 122 0 122
14 0 0 142 0 142
15 157 2 15 4 178
16 0 0 0 234 234
17 0 12 0 271 283
18 2 1 0 612 615
19 1 3 828 0 832
20 0 1 0 889 890
21 0 0 0 948 948
22 0 0 0 964 964
23 977 0 0 3 980
24 0 0 1163 0 1163
25 0 0 0 1214 1214
26 0 1273 0 0 1273
27 1277 0 0 5 1282
28 0 1773 0 0 1773
29 0 2 0 1849 1851
30 2 0 2126 1 2129
31 3 0 2112 0 2115
32 0 2272 0 0 2272
33 2444 1 6 0 2451
34 2457 0 0 0 2457
35 2442 0 1 1 2444
36 0 2489 0 0 2489
37 2340 0 0 155 2495
38 5 0 2541 0 2546
39 2577 0 1 0 2578
40 316 0 2373 0 2689
41 2848 0 0 0 2848
42 2997 0 1 0 2998
43 3025 0 0 0 3025
44 3014 0 0 0 3014
45 3008 7 0 2 3017
46 0 16 0 3054 3070
47 0 0 3120 1 3121
48 7 0 3128 0 3135
49 0 3252 0 2 3254
50 0 0 3313 0 3313
51 3257 0 25 0 3282
52 3337 0 0 0 3337
53 1 3515 0 38 3554
54 3633 0 0 0 3633
55 3638 0 3 0 3641
56 0 3672 0 1 3673
57 3709 0 0 0 3709
58 3689 0 1 0 3690
59 0 3758 0 1 3759
60 3772 0 0 0 3772
61 1 0 0 3729 3730
62 0 0 3723 1 3724
63 3666 0 1 1 3668
64 2 3876 0 2 3880
65 0 3910 0 1 3911
66 3919 0 0 0 3919
67 0 3955 0 3 3958
68 3997 0 0 0 3997
69 3924 1 0 0 3925
70 1 4091 0 0 4092
71 4046 0 0 0 4046
72 2 4154 0 0 4156
73 4142 0 0 0 4142
74 4100 0 0 0 4100
75 4045 0 0 1 4046
76 0 0 0 4037 4037
77 0 1 1 4078 4080
78 0 1 4106 0 4107
79 4089 0 0 2 4091
80 2 4 4136 4 4146
81 0 0 4089 0 4089
82 1 3 0 3811 3815
83 0 0 4059 0 4059
84 0 0 4008 0 4008
85 0 1 3974 1 3976
86 0 6 3 4055 4064
87 0 4281 1 5 4287
88 0 4556 3 6 4565
89 16 0 4632 3 4651
90 10 2 4810 0 4822
91 0 0 4911 0 4911
92 4898 4 20 2 4924
93 2 0 5066 0 5068
94 1 5097 0 1 5099
95 5230 0 3 0 5233
96 5262 1 1 0 5264
97 0 5285 1 1 5287
98 0 5362 1 1 5364
99 5400 0 0 0 5400
100 5417 0 0 3 5420
101 0 0 0 5412 5412
102 5 0 5436 0 5441
103 1 5515 0 1 5517
104 3 5568 0 1 5572
105 5527 0 1 0 5528
106 1 5649 0 1 5651
107 0 5686 0 40 5726
108 5767 2 2 0 5771
109 0 1 0 5882 5883
110 6001 1 0 0 6002
111 5952 0 0 0 5952
112 5831 0 0 0 5831
113 2 6079 0 3 6084
114 0 2 1 6023 6026
115 0 1 0 6073 6074
116 0 40 0 6042 6082
117 0 0 6087 0 6087
118 6053 1 1 1 6056
119 6113 2 0 0 6115
120 0 0 6075 2 6077
121 0 6074 0 6 6080
122 6151 3 1 1 6156
123 2 0 6179 0 6181
124 1 0 6118 1 6120
125 6078 0 0 0 6078
126 6153 0 1 0 6154
127 0 0 0 6148 6148
128 0 7 0 6270 6277
129 7 6320 0 2 6329
130 0 1 1 6391 6393
131 0 0 6358 0 6358
132 0 0 6308 0 6308
133 6204 2 9 1 6216
134 0 0 6343 0 6343
135 0 1 0 6165 6166
136 1 0 6323 0 6324
137 0 6329 0 8 6337
138 0 4 0 6375 6379
139 6406 3 0 2 6411
140 0 2 0 6424 6426
141 1 0 6429 0 6430
142 6452 0 1 1 6454
143 6437 1 0 0 6438
144 6466 1 1 1 6469
145 6 0 6381 0 6387
146 26 2 6286 0 6314
147 7 6400 3 0 6410
148 0 2 0 6431 6433
149 0 0 1 6436 6437
150 0 2 0 6407 6409
151 0 6504 1 1 6506
152 6535 2 2 0 6539
153 1 2 0 6396 6399
154 1 0 6489 0 6490
155 5 0 6457 0 6462
156 0 6615 0 2 6617
157 6695 0 0 0 6695
158 6679 1 1 0 6681
159 6642 1 1 1 6645
160 5 0 6576 0 6581
161 6626 0 2 0 6628
162 1 0 6592 0 6593
163 0 6527 0 3 6530
164 1 6503 0 3 6507
165 5 6654 0 0 6659
166 4 0 3 6674 6681
167 0 9 2 6692 6703
168 1 0 6574 0 6575
169 6627 1 1 1 6630
170 0 6640 0 3 6643
171 0 15 0 6576 6591
172 6507 1 6 3 6517
173 0 6566 1 13 6580
174 1 6567 0 4 6572
175 0 6532 0 7 6539
176 61 6486 0 3 6550
177 3 0 6532 0 6535
178 0 0 6559 0 6559
179 0 1 0 6433 6434
180 0 6599 0 1 6600
181 6735 0 0 3 6738
182 6694 1 0 3 6698
183 0 0 6651 0 6651
184 6694 0 0 0 6694
185 0 6625 0 1 6626
186 3 6602 0 1 6606
187 6 0 6580 0 6586
188 3 6628 0 1 6632
189 0 6716 0 0 6716
190 0 1 0 6753 6754
191 6782 0 0 0 6782
192 6756 0 1 0 6757
193 6666 0 0 0 6666
194 0 0 1 6602 6603
195 6667 1 1 0 6669
196 0 0 6579 3 6582
197 6587 1 0 1 6589
198 0 6661 0 0 6661
199 0 2 0 6724 6726
200 6670 0 1 0 6671
201 6600 0 1 0 6601
202 6571 0 0 0 6571
203 6586 0 0 0 6586
204 6565 0 15 0 6580
205 3 0 6655 0 6658
206 6478 1 0 1 6480
207 6530 0 1 0 6531
208 6596 0 1 0 6597
209 6629 0 0 0 6629
210 0 0 0 6678 6678
211 0 0 0 6670 6670
212 6596 0 121 0 6717
213 20 0 6527 0 6547
214 6545 0 0 0 6545
215 30 0 6545 0 6575
216 1 1 3 6336 6341
217 1 6563 0 0 6564
218 6586 0 1 0 6587
219 6512 1 0 0 6513
220 50 0 6540 0 6590
221 6450 1 2 1 6454
222 6350 0 0 1 6351
223 1 1 0 6418 6420
224 6470 1 1 0 6472
225 6048 0 377 0 6425
226 6423 0 0 0 6423
227 6264 0 21 0 6285
228 6198 0 0 0 6198
229 2 6211 6 0 6219
230 0 0 1 6119 6120
231 0 6203 0 1 6204
232 6168 0 0 1 6169
233 2 6248 0 2 6252
234 6284 0 0 0 6284
235 6254 0 0 0 6254
236 0 6220 0 1 6221
237 6274 0 1 0 6275
238 6287 0 1 0 6288
239 6209 1 2 0 6212
240 6126 1 11 0 6138
241 3 0 6011 0 6014
242 2 8 0 5013 5023
243 1 0 5517 0 5518
244 5938 0 0 0 5938
245 0 0 5912 0 5912
246 1 5852 0 10 5863
247 0 5952 0 4 5956
248 0 1 0 6072 6073
249 1 0 6068 0 6069
250 6014 0 7 0 6021
251 6084 1 0 0 6085
252 5981 0 97 0 6078
253 1 0 6018 0 6019
254 0 8 0 5501 5509
255 5940 0 0 0 5940
256 6107 0 0 6 6113
257 6096 0 4 0 6100
258 6148 5 3 2 6158
259 3 0 6011 1 6015
260 4 0 5848 1 5853
261 5997 0 1 0 5998
262 0 6 0 5935 5941
263 1 0 5976 0 5977
264 0 4 3 5749 5756
265 1 5782 0 0 5783
266 2 5717 0 1 5720
267 0 5951 0 5 5956
268 0 0 0 6028 6028
269 4 1 0 6079 6084
270 1 0 6032 1 6034
271 5958 0 2 1 5961
272 5974 0 0 6 5980
273 9 0 6057 0 6066
274 5969 1 0 0 5970
275 1 0 6219 0 6220
276 6273 0 4 0 6277
277 1 0 6321 0 6322
278 6388 2 5 0 6395
279 6475 0 4 1 6480
280 6565 0 0 1 6566
281 6552 0 4 3 6559
282 5 0 6396 0 6401
283 1 6411 0 1 6413
284 6602 0 3 1 6606
285 6646 1 2 3 6652
286 0 0 1 6560 6561
287 0 0 0 6575 6575
288 1 0 6586 5 6592
289 1 0 6528 0 6529
290 6478 1 2 1 6482
291 55 0 6670 0 6725
292 0 4 0 6404 6408
293 6746 0 10 0 6756
294 6831 1 4 0 6836
295 6825 0 0 0 6825
296 6824 0 0 0 6824
297 6770 0 1 23 6794
298 0 0 0 6754 6754
299 5 0 6705 0 6710
300 6689 0 1 1 6691
301 0 0 0 6784 6784
302 4 0 6814 1 6819
303 6811 0 2 0 6813
304 6834 0 0 0 6834
305 6855 0 5 0 6860
306 3 0 6828 0 6831
307 0 1 0 6373 6374
308 6549 0 25 1 6575
309 0 6724 0 0 6724
310 0 0 0 6690 6690
311 1 6569 0 177 6747
312 3 6782 0 1 6786
313 0 0 3 6844 6847
314 4904 0 1950 0 6854
315 0 0 0 6873 6873
316 0 5 0 6897 6902
317 0 2 0 6950 6952
318 6967 1 1 0 6969
319 0 1 0 6971 6972
320 2 0 6855 0 6857
321 6901 0 1 1 6903
322 6851 1 0 0 6852
323 1 0 1 6727 6729
324 0 6798 1 0 6799
325 1 6800 0 0 6801
326 6 1 6819 0 6826
327 0 1 0 6680 6681
328 0 6695 0 2 6697
329 0 338 0 6386 6724
330 348 0 6338 1 6687
331 0 6751 0 0 6751
332 0 2 0 6785 6787
333 0 0 6809 0 6809
334 4 1 6695 0 6700
335 6829 0 4 0 6833
336 6869 0 0 1 6870
337 1 2 2 6860 6865
338 0 1 1 6840 6842
339 3 0 6737 2 6742
340 6751 1 1 1 6754
341 6770 2 1 0 6773
342 2 0 6725 2 6729
343 3 0 6626 0 6629
344 2 0 6652 0 6654
345 0 0 1 6221 6222
346 0 1 0 6567 6568
347 0 1 0 6668 6669
348 3 0 6594 0 6597
349 6613 0 3 1 6617
350 7 0 6629 2 6638
351 5 6551 0 6 6562
352 0 6636 0 1 6637
353 6650 0 1 0 6651
354 0 0 0 6742 6742
355 6681 0 0 0 6681
356 2 6735 0 1 6738
357 1 2 0 6759 6762
358 33 0 6677 0 6710
359 0 25 0 6576 6601
360 6667 0 0 1 6668
361 0 1 0 6690 6691
362 1 0 6632 0 6633
363 6655 0 4 0 6659
364 6612 0 1 0 6613
365 1 6579 0 0 6580
366 6676 0 0 0 6676
367 9 0 6640 0 6649
368 1 1 0 6493 6495
369 0 2 0 6603 6605
370 3 6667 0 3 6673
371 0 10 0 6693 6703
372 0 1 0 6701 6702
373 0 6729 0 0 6729
374 6745 0 2 1 6748
375 6682 0 0 1 6683
376 6659 0 1 0 6660
377 0 1 0 6665 6666
378 6673 0 19 0 6692
379 3 0 6532 0 6535
380 1 6508 0 4 6513
381 6601 0 1 0 6602
382 6570 0 1 0 6571
383 0 6562 0 0 6562
384 0 2 0 6512 6514
385 1 0 6624 0 6625
386 0 0 0 6433 6433
387 6537 0 0 1 6538
388 0 6600 0 2 6602
389 10 0 6605 0 6615
390 6565 0 2 0 6567
391 6590 1 0 0 6591
392 6596 0 16 0 6612
393 0 0 0 6553 6553
394 6531 0 2 0 6533
395 0 6635 1 2 6638
396 6650 0 0 1 6651
397 6601 1 0 0 6602
398 0 1 0 6514 6515
399 0 6 0 6570 6576
400 1 0 6470 72 6543
401 1 0 6423 0 6424
402 5953 0 510 1 6464
403 0 6370 0 2 6372
404 4 6427 0 0 6431
405 11 0 6521 0 6532
406 6515 0 3 0 6518
407 1 2 0 6482 6485
408 0 0 0 6502 6502
409 6112 0 177 2 6291
410 0 6455 0 3 6458
411 0 6420 0 2 6422
412 1 6526 1 1 6529
413 7 54 0 6528 6589
414 0 2 1 6536 6539
415 0 6609 0 1 6610
416 6587 0 15 0 6602
417 6470 0 0 0 6470
418 1 6540 0 1 6542
419 6338 1 0 1 6340
420 0 6543 1 0 6544
421 1 6596 0 0 6597
422 6627 1 5 0 6633
423 21 0 6627 0 6648
424 6572 0 6 0 6578
425 1 0 6588 4 6593
426 6532 0 0 0 6532
427 0 0 6603 0 6603
428 2 0 6525 0 6527
429 1 1 0 6197 6199
430 1 0 6420 0 6421
431 1 6378 0 0 6379
432 0 6516 0 4 6520
433 1 0 0 6542 6543
434 0 4 0 6637 6641
435 0 0 6653 0 6653
436 6616 0 0 1 6617
437 0 0 0 6614 6614
438 1 0 6607 0 6608
439 6580 0 0 2 6582
440 0 6617 2 1 6620
441 6633 1 0 1 6635
442 1 0 0 6663 6664
443 6694 0 0 0 6694
444 1 0 6571 0 6572
445 6598 0 0 1 6599
446 32 0 6722 0 6754
447 1 0 6820 0 6821
448 6892 0 0 0 6892
449 6967 0 0 0 6967
450 0 0 6959 0 6959
451 6998 0 0 0 6998
452 6989 0 0 0 6989
453 0 6893 0 3 6896
454 7 6960 0 0 6967
455 7076 1 3 0 7080
456 0 0 7036 0 7036
457 6986 0 4 0 6990
458 8 0 7017 0 7025
459 0 0 6944 3 6947
460 6954 1 0 0 6955
461 0 1 2 6988 6991
462 0 9 7059 0 7068
463 0 1 2 6957 6960
464 0 1 1 7146 7148
465 3 1 7217 1 7222
466 7160 0 5 0 7165
467 0 2 8 7079 7089
468 1 0 7027 0 7028
469 2 5 7208 1 7216
470 1 7164 2 20 7187
471 0 7197 0 32 7229
472 4 7371 0 4 7379
473 7453 0 10 1 7464
474 7419 0 0 1 7420
475 2 7518 0 0 7520
476 0 1 0 7565 7566
477 4 0 7606 1 7611
478 7538 1 4 0 7543
479 7714 0 2 0 7716
480 7558 1 0 0 7559
481 1 0 1 7597 7599
482 7627 0 0 0 7627
483 0 0 7588 0 7588
484 3 0 1 7011 7015
485 7539 0 3 1 7543
486 0 0 3 7535 7538
487 0 1 2 7629 7632
488 7654 1 2 2 7659
489 7625 13 0 5 7643
490 2 1 7619 1 7623
491 2 0 7454 0 7456
492 0 0 7438 1 7439
493 7535 0 3 0 7538
494 1 7513 0 1 7515
495 7627 0 1 0 7628
496 0 0 2 7660 7662
497 2 0 7656 0 7658
498 7582 0 1 0 7583
499 7668 0 2 0 7670
500 6 7626 0 1 7633
501 7723 0 2 0 7725
502 7726 0 2 0 7728
503 5 8011 0 1 8017
504 8269 0 1 0 8270
505 8250 0 11 0 8261
506 8191 0 2 1 8194
507 0 0 8152 0 8152
508 8084 0 2 3 8089
509 0 3 0 8025 8028
510 5 0 8118 0 8123
511 1 8039 0 4 8044
512 8161 2 1 0 8164
513 8072 2 1 1 8076
514 0 0 8049 0 8049
515 7 0 7960 0 7967
516 2 8104 0 1 8107
517 8290 0 0 0 8290
518 8245 0 5 0 8250
519 8175 0 0 0 8175
520 8204 0 2 1 8207
521 9 0 8205 0 8214
522 8231 0 3 1 8235
523 0 0 0 8289 8289
524 8416 3 1 0 8420
525 8373 0 0 2 8375
526 8303 0 1 9 8313
527 1 0 8201 4 8206
528 0 1 8138 1 8140
529 8129 2 3 3 8137
530 55 1 8153 2 8211
531 2 1 8205 1 8209
532 8395 1 0 0 8396
533 8485 0 0 0 8485
534 0 0 8507 0 8507
535 1 3 1 8463 8468
536 9035 0 0 0 9035
537 9079 0 0 1 9080
538 9059 0 2 0 9061
539 0 8897 0 17 8914
540 8867 0 0 1 8868
541 1 8983 1 0 8985
542 0 12 0 8900 8912
543 0 9388 0 1 9389
544 9620 1 3 1 9625
545 9564 0 13 1 9578
546 9865 0 0 0 9865
547 9922 1 1 0 9924
548 9927 0 6 0 9933
549 0 0 9966 0 9966
550 9960 2 0 0 9962
551 10086 8 1 3 10098
552 0 2 10164 1 10167
553 2 0 10279 1 10282
554 1 0 10259 3 10263
555 10303 3 4 3 10313
556 10319 0 3 0 10322
557 0 0 10284 0 10284
558 1 2 2 10080 10085
559 0 1 1 10153 10155
560 1 10242 0 11 10254
561 1 10373 0 2 10376
562 6 3 10493 0 10502
563 0 0 0 10343 10343
564 0 0 0 10444 10444
565 0 2 0 10571 10573
566 1 0 10536 0 10537
567 10598 0 3 0 10601
568 2 10633 0 4 10639
569 10722 0 3 1 10726
570 10686 1 0 0 10687
571 0 4 0 10819 10823
572 10848 1 0 0 10849
573 10858 0 1 0 10859
574 10849 2 2 0 10853
575 10872 0 1 0 10873
576 10807 13 3 7 10830
577 2 0 10907 1 10910
578 2 0 10840 0 10842
579 0 0 10863 0 10863
580 10913 0 8 0 10921
581 0 53 0 10847 10900
582 10986 14 73 31 11104
583 5 40 1 11176 11222
584 64 2 11198 0 11264
585 2 11313 0 4 11319
586 0 1 11445 0 11446
587 0 3 0 11067 11070
588 11567 0 5 0 11572
589 11618 0 3 1 11622
590 0 0 2 11689 11691
591 56 0 11804 0 11860
592 0 2 0 11397 11399
593 11943 3 2 0 11948
594 0 1 2 11969 11972
595 0 3 0 12106 12109
596 1 0 11992 1 11994
597 0 0 2 12027 12029
598 2 12063 0 1 12066
599 4 13036 0 4 13044
600 1 0 1 13322 13324
601 0 0 0 13719 13719
602 59 0 13583 0 13642
603 13684 1 0 0 13685
604 0 1 13553 4 13558
605 13733 0 0 0 13733
606 0 0 13811 0 13811
607 0 3 0 13448 13451
608 49 0 13940 0 13989
609 0 8 0 13913 13921
610 0 2 0 15100 15102
611 2 1 16011 2 16016
612 2 0 16209 0 16211
613 0 8 0 15883 15891
614 16593 1 1 0 16595
615 16670 1 1 5 16677
616 16873 1 1 1 16876
617 0 2 0 17307 17309
618 2 0 17614 0 17616
619 4 0 17647 3 17654
620 17836 0 2 0 17838
621 17879 0 5 0 17884
622 1 18013 0 2 18016
623 18006 0 0 2 18008
624 2 1 1 18026 18030
625 0 3 0 18108 18111
626 2 17995 0 7 18004
627 1 18369 0 0 18370
628 0 0 2 18496 18498
629 2 18594 2 0 18598
630 18772 0 2 3 18777
631 18668 4 5 2 18679
632 18536 1 2 0 18539
633 3 18399 0 0 18402
634 18130 1 2 2 18135
635 1 18599 0 6 18606
636 19 18522 0 8 18549
637 3 18514 0 2 18519
638 6 18698 0 9 18713
639 18844 0 3 0 18847
640 18586 0 4 0 18590
641 2 0 0 18844 18846
642 0 1 18830 1 18832
643 9 0 18569 4 18582
644 18570 1 80 1 18652
645 0 3 1 18905 18909
646 18843 1 10 1 18855
647 4 19041 0 2 19047
648 19127 0 3 1 19131
649 19003 2 1 0 19006
650 1 0 18953 1 18955
651 2 2 0 18866 18870
652 0 19009 0 6 19015
653 6 19183 2 0 19191
654 3 2 0 19322 19327
655 0 9 0 19476 19485
656 19429 0 1 1 19431
657 5 1 1 19366 19373
658 1 19310 0 73 19384
659 19554 1 0 1 19556
660 19301 0 5 0 19306
661 5 19486 0 0 19491
662 3 9 1 19294 19307
663 2 19491 0 0 19493
664 2 7 2 19362 19373
665 9 0 19348 2 19359
666 12 19449 0 4 19465
667 19504 0 3 0 19507
668 1 1 1 19741 19744
669 19662 1 2 0 19665
670 1 0 19624 0 19625
671 19367 1 5 4 19377
672 1 3 0 19617 19621
673 1 15 0 19785 19801
674 151 0 19485 0 19636
675 19564 0 4 1 19569
676 19752 1 2 1 19756
677 1 2 2 19817 19822
678 63 0 19572 1 19636
679 0 19835 1 3 19839
680 19846 3 4 1 19854
681 1 0 0 19883 19884
682 20033 1 11 1 20046
683 2 0 0 20018 20020
684 0 0 19888 0 19888
685 19755 0 6 0 19761
686 3 19802 0 1 19806
687 1 19858 0 10 19869
688 20030 0 8 1 20039
689 2 0 19978 4 19984
690 19662 1 4 1 19668
691 1 0 19886 2 19889
692 0 8 2 19146 19156
693 10 0 19830 0 19840
694 1 0 19728 2 19731
695 19746 2 4 1 19753
696 19934 1 3 2 19940
697 612 4 19108 2 19726
698 2 0 19582 2 19586
699 1 19884 0 4 19889
700 0 4 2 20114 20120
701 1 2 2 20258 20263
702 8 0 20065 1 20074
703 2 2 0 19944 19948
704 0 5 2 20479 20486
705 5 0 20148 2 20155
706 5 20391 0 1 20397
707 3 5 1 20789 20798
708 20680 4 10 0 20694
709 20525 6 2 0 20533
710 20293 0 0 0 20293
711 6 20858 0 1 20865
712 0 0 1 20801 20802
713 1 5 0 21106 21112
714 0 0 20941 0 20941
715 2 3 0 21112 21117
716 0 9 0 21259 21268
717 1 4 21135 1 21141
718 2 20842 3 15 20862
719 6 21051 0 31 21088
720 21069 0 7 4 21080
721 0 21333 0 91 21424
722 1 3 0 21411 21415
723 4 0 21343 6 21353
724 21286 1 2 1 21290
725 2 8 0 21519 21529
726 178 0 21254 5 21437
727 21384 0 2 2 21388
728 1 0 1 21322 21324
729 0 21590 0 2 21592
730 2 2 0 21497 21501
731 0 2 1 21541 21544
732 21488 1 0 0 21489
733 0 21625 0 5 21630
734 21603 0 7 0 21610
735 4 4 21589 1 21598
736 2 12 1 20862 20877
737 3 0 21429 20 21452
738 3 3 21353 2 21361
739 21060 1 10 1 21072
740 7 0 21546 3 21556
741 2 0 21524 2 21528
742 21201 1 1 2 21205
743 0 1 6 21541 21548
744 5 1 21567 3 21576
745 21506 0 3 3 21512
746 21669 2 2 0 21673
747 6 0 21453 1 21460
748 21469 0 6 1 21476
749 21518 0 2 1 21521
750 2 0 21200 3 21205
751 21174 0 2 0 21176
752 0 19 18 21101 21138
753 8 5 20933 3 20949
754 2 0 20758 2 20762
755 3 20565 0 220 20788
756 0 20788 1 14 20803
757 21243 11 10 1 21265
758 0 1 2 21578 21581
759 55 21693 0 11 21759
760 3 0 21949 5 21957
761 5 0 21632 0 21637
762 21388 2 1 1 21392
763 0 9 0 21364 21373
764 1 21531 1 5 21538
765 0 21816 0 5 21821
766 1 2 1 21674 21678
767 1 21674 0 3 21678
768 21881 2 1 0 21884
769 21671 1 1 4 21677
770 2 21697 0 0 21699
771 2 4 1 21476 21483
772 1 21633 0 3 21637
773 21298 36 7 1 21342
774 1 21645 0 0 21646
775 2 2 2 21113 21119
776 5 21527 0 1 21533
777 0 5 1 21057 21063
778 3 2 0 20930 20935
779 7 21311 0 3 21321
780 3 0 20977 8 20988
781 20524 0 3 1 20528
782 2 0 20531 28 20561
783 4 20410 0 2 20416
784 21 0 20445 12 20478
785 1 6 0 19849 19856
786 0 18282 0 1845 20127
787 1 6 1 20238 20246
788 0 21 2 20302 20325
789 20354 1 2 2 20359
790 20320 0 0 0 20320
791 0 7 1 20202 20210
792 1 0 20325 7 20333
793 20222 3 1 3 20229
794 20218 1 1 1 20221
795 2 0 20078 2 20082
796 6 0 19861 1 19868
797 19751 1 3 2 19757
798 0 19944 1 3 19948
799 20008 0 0 0 20008
800 0 5 1 19847 19853
801 2 6 1 19812 19821
802 1 19804 2 12 19819
803 19816 3 3 0 19822
804 19784 0 1 0 19785
805 19596 3 2 0 19601
806 4 0 19200 0 19204
807 1 19049 1 0 19051
808 9 19297 0 4 19310
809 19203 1 6 0 19210
810 19154 0 1 0 19155
811 4 0 0 18933 18937
812 1 0 0 18837 18838
813 2 19145 0 2 19149
814 5 0 18009 1 18015
815 18447 0 1 0 18448
816 1 0 18575 0 18576
817 2 18230 0 4 18236
818 18392 0 0 0 18392
819 4 0 18155 0 18159
820 10 18160 0 1 18171
821 1 1 3 18288 18293
822 4 0 18198 1 18203
823 18162 1 0 0 18163
824 18124 1 1 1 18127
825 17877 0 1 0 17878
826 5 18080 0 0 18085
827 0 6 2 17881 17889
828 4 0 17947 0 17951
829 1 17997 0 15 18013
830 1 7 17934 5 17947
831 801 0 16667 0 17468
832 1 0 1 16914 16916
833 2 0 17026 0 17028
834 2 1 17225 3 17231
835 0 1 17163 0 17164
836 17023 0 2 1 17026
837 2 0 17211 1 17214
838 1 3 0 16366 16370
839 0 16785 0 1 16786
840 0 0 1 17049 17050
841 2 1 0 17086 17089
842 16981 2 18 0 17001
843 2 1 0 16621 16624
844 0 16487 0 6 16493
845 2 16462 0 1 16465
846 56 16414 1 3 16474
847 16701 0 1 0 16702
848 16544 1 2 2 16549
849 3 0 2 16336 16341
850 0 1 0 16436 16437
851 0 10 0 16586 16596
852 5 0 16212 7 16224
853 0 0 16088 2 16090
854 0 4 0 15843 15847
855 0 15874 0 4 15878
856 16130 0 1 1 16132
857 16054 2 0 0 16056
858 6 0 15811 6 15823
859 15666 0 5 0 15671
860 6 0 15321 3 15330
861 17 14745 0 1 14763
862 14713 0 2 0 14715
863 6 14922 0 3 14931
864 4 15150 0 2 15156
865 3 0 15297 0 15300
866 15045 0 1 0 15046
867 1 0 1 15065 15067
868 0 7 0 15101 15108
869 14961 0 2 0 14963
870 0 1 0 14720 14721
871 7 14593 0 7 14607
872 14203 0 2 1 14206
873 122 14102 0 0 14224
874 6 14340 0 2 14348
875 14288 0 6 0 14294
876 2 0 14214 0 14216
877 14026 1 1 0 14028
878 13990 0 5 0 13995
879 0 0 13991 0 13991
880 13916 0 4 1 13921
881 0 0 13754 0 13754
882 6 0 13475 11 13492
883 4 0 13396 1 13401
884 13568 0 1 1 13570
885 1 1 13362 1 13365
886 13404 0 1 0 13405
887 7 13123 0 5 13135
888 13328 0 2 2 13332
889 13219 0 1 0 13220
890 0 0 2 13069 13071
891 1 0 1 12961 12963
892 13070 0 0 0 13070
893 8 1 12884 4 12897
894 12806 0 3 0 12809
895 1 0 6 12459 12466
896 1 7 1 12612 12621
897 2 0 12507 1 12510
898 1 0 12420 0 12421
899 1 9 1 12104 12115
900 4 11983 1 1 11989
901 12136 0 1 1 12138
902 3 12099 0 2 12104
903 2 1 12033 3 12039
904 2 0 12002 1 12005
905 11852 0 0 0 11852
906 11528 0 315 0 11843
907 2 0 11787 0 11789
908 11720 0 1 0 11721
909 11450 0 0 4 11454
910 1 11465 0 1 11467
911 2 0 2 11386 11390
912 2 0 1 11531 11534
913 0 0 2 11507 11509
914 11434 0 0 4 11438
915 1 2 0 10968 10971
916 16 11100 0 1 11117
917 0 1 2 10964 10967
918 0 31 4 10860 10895
919 0 5 1 10937 10943
920 0 0 1 11083 11084
921 10868 0 1 1 10870
922 10729 9 0 0 10738
923 2 0 10561 7 10570
924 0 1 2 10254 10257
925 10431 0 0 0 10431
926 10394 1 0 0 10395
927 10360 0 3 1 10364
928 10260 0 0 0 10260
929 4 0 9539 2 9545
930 9175 1 1 0 9177
931 9044 0 0 0 9044
932 0 2 0 8824 8826
933 0 5 0 8885 8890
934 32 0 8675 1 8708
935 8648 0 1 0 8649
936 0 0 1 8531 8532
937 8 0 8463 0 8471
938 8444 0 3 0 8447
939 0 1 0 8295 8296
940 8396 0 3 1 8400
941 8118 1 0 0 8119
942 1 8131 0 2 8134
943 8037 0 0 0 8037
944 0 0 0 7855 7855
945 7628 0 3 2 7633
946 2 7790 0 0 7792
947 3 0 0 7791 7794
948 7877 0 0 1 7878
949 0 1 2 7663 7666
950 0 1 0 7541 7542
951 1 7505 0 7 7513
952 2 7478 0 5 7485
953 7229 0 1 1 7231
954 3 7368 0 1 7372
955 7294 0 0 0 7294
956 7208 0 1 0 7209
957 7155 0 1 1 7157
958 6957 2 5 0 6964
959 23 7076 0 4 7103
960 7020 0 0 0 7020
961 0 0 6946 2 6948
962 4 3 0 6754 6761
963 1 0 6806 0 6807
964 6837 0 1 0 6838
965 0 22 0 6798 6820
966 6828 1 2 0 6831
967 1 0 6695 1 6697
968 0 6581 0 0 6581
969 0 1 0 6635 6636
970 6652 0 1 0 6653
971 6504 0 1 0 6505
972 0 6414 0 38 6452
973 6347 0 0 0 6347
974 0 0 6233 0 6233
975 7 6003 0 0 6010
976 1 568 0 5377 5946
977 2 5961 0 2 5965
978 3 6026 1 0 6030
979 5969 0 1 0 5970
980 0 0 0 5731 5731
981 5770 0 0 0 5770
982 5713 0 0 1 5714
983 1 5 0 5568 5574
984 5668 0 1 0 5669
985 0 0 5565 0 5565
986 2 5092 0 1 5095
987 1 3 0 5051 5055
988 0 0 5125 0 5125
989 4929 0 1 0 4930
990 3251 1470 0 81 4802
991 4709 0 3 0 4712
992 2 0 0 4621 4623
993 0 0 4656 0 4656
994 4 0 4630 0 4634
995 1 1 0 4529 4531
996 0 1 0 4542 4543
997 1 0 4468 0 4469
998 0 1 0 4223 4224
999 4228 0 0 0 4228
1000 0 0 1 4111 4112
1001 1 4117 0 0 4118
1002 4138 0 3 0 4141
1003 0 0 1 4010 4011
1004 0 0 0 4008 4008
1005 3995 0 0 0 3995
1006 4 0 0 3777 3781
1007 1 3855 0 0 3856
1008 6 0 3859 0 3865
1009 1 1 1 3712 3715
1010 0 4 0 3698 3702
1011 3723 0 0 1 3724
1012 1 2 2 3608 3613
1013 0 0 0 3676 3676
1014 3689 0 0 0 3689
1015 2 0 3644 0 3646
1016 3557 0 0 0 3557
1017 3518 0 3 0 3521
1018 3386 0 1 0 3387
1019 0 3467 1 0 3468
1020 3408 0 0 0 3408
1021 0 0 2 3380 3382
1022 1 0 0 3408 3409
1023 1 0 3460 0 3461
1024 1 0 0 3412 3413
1025 3419 0 0 0 3419
1026 0 0 0 3402 3402
1027 3 0 3333 8 3344
1028 3321 0 1 1 3323
1029 3313 0 0 0 3313
1030 3273 0 0 0 3273
1031 0 2 0 3235 3237
1032 1 0 3173 0 3174
1033 3192 0 0 0 3192
1034 3185 0 0 0 3185
1035 1 0 3040 1 3042
1036 0 0 2922 0 2922
1037 2971 0 0 0 2971
1038 1 0 1 2936 2938
1039 0 0 2945 0 2945
1040 0 0 0 2941 2941
1041 0 0 2928 1 2929
1042 0 0 2921 0 2921
1043 0 0 0 2929 2929
1044 0 0 0 2866 2866
1045 1 0 2846 0 2847
1046 2802 0 0 0 2802
1047 2746 0 0 0 2746
1048 0 0 2734 25 2759
1049 3 0 0 2560 2563
1050 2 0 2573 0 2575
1051 0 1 0 2591 2592
1052 2515 0 1 0 2516
1053 0 2527 0 0 2527
1054 2432 0 2 1 2435
1055 2 0 2398 0 2400
1056 1 2364 0 0 2365
1057 2365 0 0 0 2365
1058 0 0 2366 2 2368
1059 1 0 2180 0 2181
1060 0 2137 0 1 2138
1061 2115 1 1 0 2117
1062 2 0 2124 0 2126
1063 0 1 2 2077 2080
1064 0 0 2030 1 2031
1065 0 1996 0 0 1996
1066 0 0 0 1995 1995
1067 0 0 0 1970 1970
1068 1 0 1899 0 1900
1069 0 0 0 1764 1764
1070 0 0 1733 0 1733
1071 1634 0 0 0 1634
1072 1633 0 2 0 1635
1073 0 0 0 1445 1445
1074 0 0 0 1468 1468
1075 1 0 0 1395 1396
1076 1264 0 0 0 1264
1077 1172 0 1 0 1173
1078 1098 0 0 0 1098
1079 721 0 0 0 721
1080 0 0 0 512 512
1081 304 0 0 0 304
1082 293 0 0 0 293
1083 283 0 0 0 283
1084 245 0 0 0 245
1085 49 0 0 0 49
1086 0 0 1 27 28
1087 0 26 0 0 26
1088 0 24 0 0 24
1089 0 0 0 24 24
1090 0 15 0 0 15
1091 0 0 0 13 13
1092 0 0 0 13 13
1093 0 0 13 0 13
1094 0 0 0 13 13
1095 0 0 0 13 13
1096 7 0 0 0 7
1097 0 7 0 0 7
1098 0 0 0 7 7
1099 7 0 0 0 7
1100 0 6 0 0 6
1101 0 0 0 0 0
1102 0 0 0 0 0
