0 0 0 0 0 0
1 6 0 0 0 6
2 0 0 6 0 6
3 0 18 0 0 18
4 18 0 0 0 18
5 0 0 18 0 18
6 18 0 0 0 18
7 18 4 0 0 22
8 0 0 29 0 29
9 0 45 0 0 45
10 49 15 5 11 80
11 0 0 83 0 83
12 85 1 1 0 87
13 0 6 114 0 120
14 0 0 176 0 176
15 255 15 34 0 304
16 0 0 4 375 379
17 0 6 0 403 409
18 1 0 0 811 812
19 1 0 1169 0 1170
20 0 0 0 1261 1261
21 0 0 0 1320 1320
22 0 0 0 1377 1377
23 1383 0 1 0 1384
24 5 0 1719 0 1724
25 0 0 0 1725 1725
26 0 1781 0 0 1781
27 1808 2 0 0 1810
28 0 2334 0 1 2335
29 0 2 0 2493 2495
30 1 0 2813 0 2814
31 0 0 2805 6 2811
32 0 3058 0 0 3058
33 3218 1 0 0 3219
34 3252 0 0 1 3253
35 3225 0 0 0 3225
36 1 3263 0 8 3272
37 3257 0 0 0 3257
38 11 0 3320 1 3332
39 3358 0 0 0 3358
40 88 0 3382 0 3470
41 3501 0 6 0 3507
42 3656 0 0 0 3656
43 3662 0 1 0 3663
44 3656 0 0 0 3656
45 3654 1 0 9 3664
46 1 2 3 3703 3709
47 0 1 3763 1 3765
48 22 0 3755 1 3778
49 1 3932 0 12 3945
50 28 0 4007 0 4035
51 3965 0 21 1 3987
52 4070 0 8 0 4078
53 1 4109 0 154 4264
54 4354 0 0 0 4354
55 4294 0 54 0 4348
56 0 4388 0 0 4388
57 4424 0 1 0 4425
58 4425 0 1 0 4426
59 0 4527 0 1 4528
60 4618 0 0 1 4619
61 0 1 3 4578 4582
62 0 0 4610 0 4610
63 4556 1 0 0 4557
64 0 4785 0 0 4785
65 1 4843 0 0 4844
66 4849 1 1 1 4852
67 1 4853 0 2 4856
68 4880 0 1 0 4881
69 4824 0 5 0 4829
70 13 5008 0 3 5024
71 4971 2 0 0 4973
72 0 5081 0 1 5082
73 5065 0 1 0 5066
74 5067 1 0 0 5068
75 5036 0 0 0 5036
76 0 0 2 5041 5043
77 0 0 2 5047 5049
78 1 0 5094 1 5096
79 5056 1 0 0 5057
80 0 0 5100 1 5101
81 0 0 5071 2 5073
82 0 13 0 4773 4786
83 1 0 5050 0 5051
84 0 0 5024 4 5028
85 3 0 4993 0 4996
86 1 63 3 5010 5077
87 0 5247 6 5 5258
88 2 5432 1 0 5435
89 8 0 5481 0 5489
90 1 0 5646 1 5648
91 0 0 5676 0 5676
92 5609 3 54 2 5668
93 4 0 5773 0 5777
94 0 5806 0 11 5817
95 5878 0 23 0 5901
96 5915 0 0 1 5916
97 0 5941 0 0 5941
98 2 6021 0 0 6023
99 6044 0 0 0 6044
100 6036 0 0 0 6036
101 0 2 2 6094 6098
102 1 0 6151 0 6152
103 0 6194 0 3 6197
104 0 6252 0 5 6257
105 6215 0 2 0 6217
106 0 6295 0 1 6296
107 0 6323 0 17 6340
108 6404 0 0 1 6405
109 1 0 0 6547 6548
110 6595 0 5 0 6600
111 6553 0 0 0 6553
112 6468 0 0 0 6468
113 2 6680 0 0 6682
114 0 2 0 6619 6621
115 0 0 2 6661 6663
116 0 3 1 6693 6697
117 0 0 6689 0 6689
118 6634 0 8 1 6643
119 6713 0 1 0 6714
120 2 0 6663 1 6666
121 0 6756 0 0 6756
122 6757 0 21 1 6779
123 1 0 6836 4 6841
124 9 0 6798 0 6807
125 6742 0 26 0 6768
126 6865 0 2 0 6867
127 2 2 0 6869 6873
128 0 26 0 6931 6957
129 0 7070 0 0 7070
130 0 0 2 7139 7141
131 2 0 7105 5 7112
132 0 0 7062 3 7065
133 6970 1 3 0 6974
134 2 1 7087 1 7091
135 0 0 2 6919 6921
136 0 0 7064 1 7065
137 1 7122 0 1 7124
138 0 3 0 7174 7177
139 7191 1 0 0 7192
140 1 0 0 7181 7182
141 2 0 7236 0 7238
142 7214 0 1 0 7215
143 7184 0 5 1 7190
144 7258 0 0 0 7258
145 2 0 7217 0 7219
146 0 0 7152 1 7153
147 0 7211 0 2 7213
148 0 1 0 7247 7248
149 0 0 1 7294 7295
150 0 2 5 7269 7276
151 0 7310 0 11 7321
152 7390 0 2 0 7392
153 0 1 0 7315 7316
154 1 1 7405 0 7407
155 9 0 7382 0 7391
156 0 7481 0 0 7481
157 7546 0 1 0 7547
158 7527 1 17 0 7545
159 7401 0 122 0 7523
160 57 0 7381 0 7438
161 7451 0 0 0 7451
162 0 1 7409 0 7410
163 1 7309 0 1 7311
164 9 7326 0 1 7336
165 10 7483 0 0 7493
166 0 1 0 7515 7516
167 0 2 0 7559 7561
168 1 0 7435 0 7436
169 7479 0 0 0 7479
170 1 7486 0 0 7487
171 4 1 0 7348 7353
172 7290 0 1 0 7291
173 1 7312 0 20 7333
174 0 7287 0 3 7290
175 6 7241 2 0 7249
176 10 7228 0 1 7239
177 5 0 7194 0 7199
178 1 0 7297 0 7298
179 1 3 0 7132 7136
180 0 7304 0 2 7306
181 7397 0 0 1 7398
182 7354 0 23 0 7377
183 2 0 7341 0 7343
184 7335 0 1 0 7336
185 4 7283 0 0 7287
186 1 7298 0 1 7300
187 9 0 7268 1 7278
188 18 7244 1 1 7264
189 1 7293 0 29 7323
190 2 0 0 7342 7344
191 7376 0 2 0 7378
192 7367 0 0 0 7367
193 7307 0 1 0 7308
194 0 56 0 7122 7178
195 7225 0 0 0 7225
196 23 0 7133 0 7156
197 7126 0 8 0 7134
198 0 7184 0 0 7184
199 0 0 0 7203 7203
200 7187 0 1 0 7188
201 7151 0 0 0 7151
202 7161 1 10 0 7172
203 7145 0 1 0 7146
204 7086 0 0 0 7086
205 12 0 7197 0 7209
206 7099 0 0 0 7099
207 7179 0 1 0 7180
208 7177 0 2 0 7179
209 7188 0 19 12 7219
210 1 0 0 7202 7203
211 1 0 1 7229 7231
212 7154 0 89 0 7243
213 1 0 7133 0 7134
214 7096 0 0 0 7096
215 57 0 7033 2 7092
216 2 13 0 6890 6905
217 0 7038 0 1 7039
218 7061 0 3 1 7065
219 7061 0 1 0 7062
220 1 0 7069 0 7070
221 6941 0 3 0 6944
222 6927 0 3 0 6930
223 0 1 0 6938 6939
224 6994 0 0 0 6994
225 6982 0 2 0 6984
226 6973 1 0 0 6974
227 6888 0 3 0 6891
228 6761 0 1 0 6762
229 1 6815 0 0 6816
230 0 1 0 6697 6698
231 0 6719 0 2 6721
232 6682 0 1 0 6683
233 2 6738 0 0 6740
234 6769 0 0 0 6769
235 6716 0 2 0 6718
236 0 6676 0 1 6677
237 6716 0 0 0 6716
238 6722 0 1 0 6723
239 6694 1 0 8 6703
240 6649 0 0 1 6650
241 0 0 6569 0 6569
242 0 0 1 5692 5693
243 0 0 6251 0 6251
244 6505 0 2 0 6507
245 0 0 6508 0 6508
246 0 6482 0 21 6503
247 1 6572 0 1 6574
248 0 1 0 6665 6666
249 0 0 6655 0 6655
250 6578 0 21 0 6599
251 6609 0 0 2 6611
252 6635 0 1 0 6636
253 44 0 6570 0 6614
254 0 28 1 6252 6281
255 6576 0 1 0 6577
256 6740 0 1 0 6741
257 6752 0 1 13 6766
258 6764 0 0 0 6764
259 2 1 6729 3 6735
260 1 0 6662 1 6664
261 6753 0 20 0 6773
262 0 2 0 6773 6775
263 0 0 6788 0 6788
264 0 3 0 6604 6607
265 2 6628 0 2 6632
266 1 6658 0 8 6667
267 1 6987 0 0 6988
268 0 8 0 7030 7038
269 0 4 0 7068 7072
270 1 0 7014 9 7024
271 6968 1 1 1 6971
272 6986 0 1 2 6989
273 0 0 7019 0 7019
274 6846 0 2 8 6856
275 10 0 7173 0 7183
276 7257 0 4 4 7265
277 0 0 7328 0 7328
278 7380 0 0 0 7380
279 7437 0 1 0 7438
280 7599 0 0 2 7601
281 7637 0 0 0 7637
282 0 0 7528 2 7530
283 243 7294 0 2 7539
284 7657 1 2 0 7660
285 7759 2 1 0 7762
286 0 0 0 7705 7705
287 0 15 0 7689 7704
288 0 0 7743 4 7747
289 5 0 7701 0 7706
290 7644 1 13 0 7658
291 113 0 7729 0 7842
292 0 0 0 7644 7644
293 7773 0 131 0 7904
294 8024 0 26 0 8050
295 8082 0 0 0 8082
296 8075 0 0 0 8075
297 7969 0 0 10 7979
298 0 1 1 8025 8027
299 2 0 8008 5 8015
300 7949 0 0 1 7950
301 0 1 1 8122 8124
302 9 0 8132 1 8142
303 8139 0 0 1 8140
304 8143 0 1 0 8144
305 8149 0 0 0 8149
306 52 0 8038 34 8124
307 4 0 1 7699 7704
308 7958 0 0 2 7960
309 4 8067 0 1 8072
310 1 0 0 8049 8050
311 0 8063 0 22 8085
312 0 8161 0 11 8172
313 4 0 1 8265 8270
314 7586 2 645 0 8233
315 1 0 1 8305 8307
316 0 0 1 8334 8335
317 0 2 1 8392 8395
318 8416 0 0 1 8417
319 0 1 0 8409 8410
320 7 0 8337 0 8344
321 8333 0 1 1 8335
322 8284 0 0 0 8284
323 0 1 1 8209 8211
324 0 8317 0 2 8319
325 2 8272 0 0 8274
326 13 0 8291 0 8304
327 1 4 1 8129 8135
328 1 8211 0 0 8212
329 30 0 2 8165 8197
330 3 0 8186 0 8189
331 0 8209 0 1 8210
332 0 12 2 8240 8254
333 3 37 8206 1 8247
334 3 0 8158 2 8163
335 8253 0 11 4 8268
336 8323 0 4 1 8328
337 4 3 0 8306 8313
338 0 2 0 8305 8307
339 3 0 8226 0 8229
340 8200 1 0 0 8201
341 8159 0 1 1 8161
342 2 0 8178 1 8181
343 0 0 8124 1 8125
344 99 0 7996 7 8102
345 0 0 0 7754 7754
346 0 0 1 8045 8046
347 1 236 0 7874 8111
348 1 0 8030 0 8031
349 7951 0 45 0 7996
350 3 0 8065 0 8068
351 2 7975 0 9 7986
352 0 8106 0 2 8108
353 8096 15 0 0 8111
354 0 16 1 8158 8175
355 8164 1 0 0 8165
356 1 8189 0 0 8190
357 0 3 1 8189 8193
358 0 0 8130 0 8130
359 0 0 0 8092 8092
360 8158 0 1 1 8160
361 0 57 0 8119 8176
362 19 0 8086 0 8105
363 7972 0 158 2 8132
364 8080 0 2 0 8082
365 13 8095 0 0 8108
366 8138 0 1 0 8139
367 4 0 8143 0 8147
368 0 0 0 7997 7997
369 0 0 0 8106 8106
370 0 8105 0 2 8107
371 0 15 0 8150 8165
372 0 3 1 8079 8083
373 0 8122 0 20 8142
374 8167 0 1 0 8168
375 8141 0 0 0 8141
376 8141 0 0 0 8141
377 9 0 0 8144 8153
378 8139 0 2 0 8141
379 3 2 8027 0 8032
380 8 7971 0 1 7980
381 8092 0 1 0 8093
382 8050 0 0 0 8050
383 14 8022 0 8 8044
384 1 0 1 8046 8048
385 56 0 8061 0 8117
386 0 25 0 7928 7953
387 8050 1 2 0 8053
388 0 8033 0 28 8061
389 3 0 8132 0 8135
390 8052 0 1 1 8054
391 8071 0 0 0 8071
392 8086 0 0 0 8086
393 0 1 1 8048 8050
394 8048 0 1 1 8050
395 0 8075 0 0 8075
396 8090 0 4 0 8094
397 8089 0 1 0 8090
398 0 0 0 8008 8008
399 0 1001 0 7038 8039
400 0 8 8007 1 8016
401 0 0 8010 0 8010
402 7997 0 28 0 8025
403 1 7909 0 15 7925
404 1 8036 0 13 8050
405 0 0 8175 0 8175
406 8163 0 2 0 8165
407 0 0 5 8089 8094
408 0 2 0 8153 8155
409 7895 1 53 3 7952
410 0 8056 0 22 8078
411 3 8073 0 1 8077
412 2 8238 0 10 8250
413 6 120 0 8101 8227
414 2 23 3 8113 8141
415 0 8227 0 8 8235
416 8210 0 44 1 8255
417 8207 0 0 0 8207
418 0 8272 0 0 8272
419 8002 0 4 1 8007
420 11 8283 0 4 8298
421 1 8376 0 0 8377
422 8408 1 1 0 8410
423 0 0 8400 1 8401
424 8364 0 7 0 8371
425 21 0 8324 1 8346
426 8279 1 0 0 8280
427 3 0 8369 0 8372
428 24 0 8281 0 8305
429 4 0 0 8035 8039
430 16 0 8212 0 8228
431 3 8278 0 3 8284
432 6 8397 1 12 8416
433 0 2 1 8480 8483
434 0 0 1 8562 8563
435 1 0 8551 0 8552
436 8503 1 7 0 8511
437 11 9 0 8492 8512
438 0 2 8513 1 8516
439 8414 1 0 0 8415
440 0 8486 1 13 8500
441 8510 3 0 2 8515
442 2 0 0 8524 8526
443 8584 2 0 3 8589
444 0 0 8514 1 8515
445 8473 0 12 2 8487
446 4 0 8568 0 8572
447 2 0 8823 0 8825
448 8900 0 1 0 8901
449 8963 0 1 2 8966
450 0 0 8982 0 8982
451 9029 0 1 0 9030
452 8964 0 31 0 8995
453 0 8951 0 0 8951
454 3 9080 0 1 9084
455 9220 0 1 1 9222
456 0 0 9219 1 9220
457 9195 8 0 0 9203
458 16 0 9228 0 9244
459 1 0 9143 49 9193
460 9265 2 1 0 9268
461 0 1 0 9311 9312
462 1 0 9340 1 9342
463 0 0 0 9240 9240
464 0 5 0 9381 9386
465 14 0 9359 0 9373
466 9265 2 9 0 9276
467 0 2 1 9265 9268
468 0 2 9196 5 9203
469 20 0 9367 0 9387
470 0 9300 13 73 9386
471 1 9368 0 10 9379
472 1 9330 0 225 9556
473 9606 0 49 0 9655
474 9566 1 48 0 9615
475 0 9676 0 0 9676
476 0 0 0 9770 9770
477 7 0 9784 0 9791
478 9718 0 0 0 9718
479 9766 1 179 1 9947
480 9806 0 3 0 9809
481 1 1 1 9783 9786
482 9837 0 13 2 9852
483 0 0 9806 1 9807
484 2 5 0 8965 8972
485 9634 0 2 0 9636
486 0 0 0 9738 9738
487 1 1 0 9817 9819
488 9776 0 3 0 9779
489 9741 0 0 1 9742
490 13 0 9717 0 9730
491 0 3 9572 0 9575
492 5 0 9531 0 9536
493 9558 0 21 1 9580
494 1 9581 0 1 9583
495 9740 0 0 1 9741
496 0 0 0 9746 9746
497 1 0 9744 0 9745
498 9738 0 21 0 9759
499 9817 1 0 1 9819
500 0 9729 0 2 9731
501 9792 0 5 0 9797
502 9818 0 2 0 9820
503 12 10024 0 0 10036
504 10237 0 2 0 10239
505 10147 1 82 0 10230
506 10197 0 0 1 10198
507 2 0 10117 0 10119
508 10121 1 1 9 10132
509 1 8 0 10019 10028
510 0 0 10156 0 10156
511 1 10090 0 2 10093
512 10159 0 0 1 10160
513 10084 1 0 0 10085
514 0 0 10041 0 10041
515 118 0 9893 2 10013
516 1 10034 0 0 10035
517 10205 0 0 1 10206
518 10129 0 25 0 10154
519 10077 1 0 0 10078
520 10068 0 9 2 10079
521 15 0 10146 0 10161
522 10050 1 0 1 10052
523 0 0 0 10074 10074
524 10153 0 0 0 10153
525 10109 0 0 1 10110
526 9997 5 8 0 10010
527 2 29 10017 1 10049
528 0 0 9997 0 9997
529 9943 1 19 2 9965
530 2 0 9994 0 9996
531 0 0 9962 5 9967
532 10163 0 0 0 10163
533 10248 0 46 0 10294
534 0 5 10256 0 10261
535 9 0 3 10292 10304
536 10903 0 0 0 10903
537 11026 0 0 0 11026
538 10973 1 1 0 10975
539 3 10814 1 57 10875
540 10754 0 1 0 10755
541 2 10944 0 1 10947
542 2 27 2 10858 10889
543 0 11262 0 0 11262
544 11461 0 2 0 11463
545 11409 0 8 0 11417
546 11558 0 0 0 11558
547 11593 0 3 0 11596
548 11546 0 2 0 11548
549 0 0 11559 3 11562
550 11519 1 0 0 11520
551 11607 0 0 1 11608
552 8 0 11673 0 11681
553 1 0 11734 1 11736
554 87 0 11579 0 11666
555 11686 0 9 6 11701
556 11806 1 3 0 11810
557 5 0 11836 0 11841
558 0 0 1 11604 11605
559 9 1 0 11649 11659
560 0 11693 0 20 11713
561 1 11873 0 1 11875
562 1 5 11852 0 11858
563 0 1 1 11697 11699
564 0 1 1 11839 11841
565 1 0 1 11976 11978
566 6 0 11891 0 11897
567 11904 0 19 2 11925
568 33 11940 0 1 11974
569 12102 1 0 0 12103
570 12134 1 3 0 12138
571 0 1 0 12220 12221
572 12240 0 13 0 12253
573 12309 1 1 0 12311
574 12285 19 5 0 12309
575 12304 10 0 0 12314
576 12265 2 9 2 12278
577 16 2 12277 0 12295
578 1 1 12219 0 12221
579 3 0 12243 0 12246
580 12115 0 11 1 12127
581 0 833 2 11377 12212
582 12046 24 308 52 12430
583 2 35 1 12579 12617
584 1 0 12648 1 12650
585 1 12692 1 1 12695
586 8 0 12854 0 12862
587 0 1 0 12649 12650
588 13042 0 13 0 13055
589 13080 8 8 0 13096
590 0 1 1 13141 13143
591 285 0 12970 0 13255
592 1 3 1 13025 13030
593 13390 0 6 0 13396
594 1 2 2 13448 13453
595 2 2 1 13623 13628
596 4 0 13581 0 13585
597 0 4 0 13637 13641
598 1 13606 1 2 13610
599 0 14241 0 1 14242
600 0 0 0 14350 14350
601 2 1 2 14593 14598
602 6 0 14428 12 14446
603 14415 1 0 1 14417
604 0 0 14406 0 14406
605 14492 0 25 3 14520
606 0 0 14532 9 14541
607 1 0 1 14214 14216
608 1 1 14671 0 14673
609 1 8 1 14537 14547
610 2 10 1 15285 15298
611 25 0 15393 17 15435
612 1 0 15500 1 15502
613 1 3 0 15274 15278
614 15672 0 1 2 15675
615 15685 0 0 2 15687
616 15875 0 2 1 15878
617 1 0 4 16323 16328
618 2 0 16323 2 16327
619 17 0 16292 0 16309
620 16443 1 5 0 16449
621 16454 0 2 0 16456
622 0 16550 0 1 16551
623 16353 0 34 117 16504
624 0 1 0 16450 16451
625 0 1 1 16409 16411
626 0 16122 0 208 16330
627 0 16311 0 51 16362
628 0 1 1 16460 16462
629 0 16533 0 2 16535
630 16670 0 1 0 16671
631 16561 0 5 0 16566
632 16452 0 1 1 16454
633 1 16347 3 39 16390
634 16130 0 2 0 16132
635 2 16267 2 279 16550
636 3 16460 0 60 16523
637 0 16577 0 4 16581
638 2 16642 0 1 16645
639 16748 0 1 0 16749
640 16566 10 33 3 16612
641 1 1 1 16758 16761
642 3 0 16805 0 16808
643 1 0 16700 0 16701
644 16758 1 37 1 16797
645 1 12 0 16959 16972
646 16766 0 121 2 16889
647 0 17007 0 0 17007
648 17068 1 1 1 17071
649 16964 0 21 0 16985
650 1 1 17066 0 17068
651 0 6 0 16873 16879
652 2 17032 0 1 17035
653 1 17234 0 5 17240
654 0 8 0 17344 17352
655 0 11 0 17454 17465
656 17395 0 0 0 17395
657 2 0 0 17439 17441
658 1 17399 0 41 17441
659 17579 0 3 0 17582
660 17425 0 1 0 17426
661 16 17578 0 0 17594
662 0 0 0 17487 17487
663 9 17654 0 0 17663
664 1 1 2 17642 17646
665 20 1 17574 17 17612
666 15 17692 0 2 17709
667 17758 0 17 1 17776
668 0 4 0 17864 17868
669 17828 0 0 0 17828
670 0 0 17842 0 17842
671 17689 0 0 1 17690
672 0 17 1 17796 17814
673 1 2 1 17974 17978
674 3 0 17882 1 17886
675 17898 1 3 0 17902
676 17945 0 0 0 17945
677 2 0 0 17930 17932
678 5 0 17870 1 17876
679 5 17897 1 5 17908
680 17986 1 2 0 17989
681 1 3 2 17966 17972
682 18054 0 1 0 18055
683 2 3 0 18021 18026
684 3 0 17941 2 17946
685 17770 0 2 3 17775
686 13 17862 2 0 17877
687 1 17883 0 2 17886
688 18003 0 10 0 18013
689 47 1 17964 0 18012
690 17781 0 0 0 17781
691 12 0 17989 0 18001
692 0 3 1 17428 17432
693 2 0 18055 0 18057
694 21 2 18014 13 18050
695 18198 0 2 0 18200
696 18234 0 2 14 18250
697 129 0 17970 0 18099
698 67 0 17939 0 18006
699 3 18328 0 0 18331
700 0 0 1 18411 18412
701 0 379 0 18227 18606
702 3 0 18487 0 18490
703 4 8 1 18291 18304
704 1 3 0 18915 18919
705 1 0 18758 1 18760
706 3 18845 0 12 18860
707 0 0 1 19271 19272
708 19192 0 4 0 19196
709 19039 0 1 2 19042
710 18802 0 8 0 18810
711 3 19401 0 0 19404
712 19 13 0 19282 19314
713 0 6 3 19653 19662
714 9 0 19610 0 19619
715 0 1 0 19825 19826
716 1 71 0 19905 19977
717 1 1 19795 3 19800
718 0 19527 1 3 19531
719 4 19734 0 3 19741
720 19650 0 0 1 19651
721 3 19882 0 78 19963
722 0 3 2 20017 20022
723 11 0 19964 0 19975
724 19822 0 0 1 19823
725 2 4 1 19974 19981
726 157 0 19783 2 19942
727 19922 0 2 1 19925
728 0 20 0 19866 19886
729 1 20090 0 1 20092
730 3 0 0 19945 19948
731 0 1 0 19998 19999
732 19879 0 4 0 19883
733 1 20152 1 6 20160
734 20192 0 5 1 20198
735 1 0 20175 0 20176
736 0 0 1 19670 19671
737 2 0 20021 4 20027
738 5 0 20007 0 20012
739 19791 31 14 2 19838
740 2 0 20289 6 20297
741 3 0 20177 0 20180
742 19935 3 2 2 19942
743 2 0 1 20156 20159
744 10 0 20015 15 20040
745 20079 0 2 1 20082
746 20113 0 4 0 20117
747 5 0 19969 0 19974
748 20021 0 0 0 20021
749 19969 0 2 0 19971
750 1 0 19794 0 19795
751 19642 0 0 0 19642
752 2 43 3 19739 19787
753 13 0 19643 1 19657
754 9 0 19365 0 19374
755 0 19303 0 160 19463
756 4 19169 0 20 19193
757 19628 0 19 0 19647
758 0 1 0 19916 19917
759 11 20117 0 4 20132
760 3 0 20047 0 20050
761 5 0 19842 2 19849
762 19505 0 3 3 19511
763 6 2 1 19531 19540
764 0 19601 0 28 19629
765 13 19693 1 50 19757
766 1 26 0 19615 19642
767 0 19656 0 2 19658
768 19884 0 1 1 19886
769 19597 0 1 0 19598
770 0 19717 0 1 19718
771 1 1 0 19546 19548
772 7 19722 1 3 19733
773 19545 2 1 0 19548
774 0 19858 0 3 19861
775 0 27 0 19433 19460
776 10 19652 0 11 19673
777 0 3 0 19265 19268
778 2 0 0 19169 19171
779 1 19494 0 3 19498
780 18 0 19189 2 19209
781 18525 0 1 0 18526
782 1 0 18592 0 18593
783 11 18367 1 2 18381
784 9 0 18459 2 18470
785 0 1 7 17849 17857
786 0 18130 0 1 18131
787 1 14 2 18146 18163
788 0 100 1 17987 18088
789 18125 1 2 2 18130
790 18021 0 0 0 18021
791 1 36 0 17972 18009
792 75 0 18007 0 18082
793 17972 0 1 3 17976
794 17948 0 3 0 17951
795 0 1 17890 3 17894
796 10 1 17664 0 17675
797 17662 0 6 0 17668
798 5 17800 0 32 17837
799 17832 0 1 1 17834
800 1 3 1 17665 17670
801 2 16 0 17652 17670
802 2 17644 0 5 17651
803 17642 0 18 1 17661
804 17608 0 1 0 17609
805 17414 1 6 0 17421
806 20 0 17160 1 17181
807 3 17012 0 1 17016
808 38 17168 0 1 17207
809 17185 0 4 0 17189
810 17078 1 18 0 17097
811 2 0 0 16898 16900
812 2 4 0 16768 16774
813 0 17000 1 3 17004
814 36 1 16351 0 16388
815 16448 0 13 0 16461
816 3 0 16538 0 16541
817 1 16200 1 5 16207
818 16262 0 1 0 16263
819 4 0 16098 5 16107
820 6 16009 0 0 16015
821 2 22 1 16018 16043
822 5 0 15983 0 15988
823 15968 0 0 0 15968
824 15985 0 2 0 15987
825 15769 0 4 0 15773
826 0 15878 0 2 15880
827 1 0 1 15721 15723
828 5 0 15749 0 15754
829 1 15688 0 4 15693
830 52 0 15575 18 15645
831 494 0 14825 0 15319
832 1 1 0 14918 14920
833 0 1 15102 4 15107
834 2 0 15099 1 15102
835 1 0 14977 9 14987
836 14887 0 15 1 14903
837 0 0 15077 0 15077
838 0 2 0 14567 14569
839 29 14805 0 3 14837
840 0 0 0 14979 14979
841 1 2 0 14996 14999
842 14863 0 20 0 14883
843 2 1 0 14545 14548
844 0 14458 0 1 14459
845 0 14407 0 1 14408
846 4 14359 1 3 14367
847 14500 0 2 0 14502
848 14395 0 0 0 14395
849 3 0 0 14243 14246
850 0 10 1 14207 14218
851 0 6 0 14175 14181
852 4 0 13985 2 13991
853 1 0 13836 1 13838
854 1 0 0 13594 13595
855 0 13605 0 1 13606
856 13724 0 6 0 13730
857 13581 0 1 1 13583
858 3 0 13546 0 13549
859 13379 0 0 0 13379
860 0 0 13176 2 13178
861 0 12710 1 9 12720
862 12584 0 0 0 12584
863 0 12772 0 2 12774
864 6 12726 0 2 12734
865 19 0 12743 0 12762
866 12555 1 0 1 12557
867 2 5 1 12649 12657
868 0 1 0 12641 12642
869 12586 1 2 0 12589
870 1 8 0 12360 12369
871 2 12212 0 0 12214
872 11876 0 5 0 11881
873 12 11948 0 2 11962
874 2 11953 0 1 11956
875 11886 0 2 1 11889
876 8 2 11822 0 11832
877 11666 0 10 0 11676
878 11643 0 0 0 11643
879 42 0 11602 0 11644
880 11570 0 0 0 11570
881 2 0 11418 3 11423
882 22 0 11070 1 11093
883 0 0 10925 1 10926
884 11015 0 0 1 11016
885 0 0 10888 0 10888
886 10871 0 1 0 10872
887 1 10778 0 2 10781
888 10767 0 2 0 10769
889 10651 0 0 0 10651
890 0 0 0 10597 10597
891 0 3 0 10558 10561
892 10528 0 0 0 10528
893 18 0 10359 0 10377
894 10263 0 10 1 10274
895 0 15 0 10028 10043
896 1 1 0 10191 10193
897 29 0 10077 0 10106
898 60 0 9919 1 9980
899 1 16 0 9820 9837
900 1 9752 1 8 9762
901 9830 0 0 2 9832
902 0 9763 0 5 9768
903 0 0 9730 0 9730
904 5 0 9675 0 9680
905 9495 0 1 2 9498
906 9409 0 0 0 9409
907 0 0 9366 0 9366
908 9302 0 1 0 9303
909 9163 0 0 1 9164
910 0 9136 0 1 9137
911 0 2 2 9033 9037
912 0 1 1 9114 9116
913 0 0 1 9111 9112
914 9065 0 3 1 9069
915 1 1 1 8811 8814
916 12 8892 0 12 8916
917 0 0 0 8763 8763
918 0 29 0 8749 8778
919 0 0 0 8761 8761
920 0 13 0 8845 8858
921 8765 0 26 1 8792
922 8630 0 0 0 8630
923 0 0 8525 0 8525
924 0 0 1 8280 8281
925 8403 0 0 0 8403
926 8406 0 1 1 8408
927 8090 0 219 0 8309
928 8236 0 0 0 8236
929 4 0 7812 0 7816
930 7611 0 0 0 7611
931 7507 0 0 0 7507
932 0 0 0 7355 7355
933 1 0 0 7333 7334
934 30 0 7238 15 7283
935 7242 1 1 1 7245
936 0 9 0 7162 7171
937 2 0 7112 1 7115
938 7097 0 0 0 7097
939 0 85 0 6929 7014
940 7095 1 0 0 7096
941 6931 0 1 0 6932
942 1 6904 0 0 6905
943 6834 0 3 2 6839
944 0 0 0 6761 6761
945 6570 0 2 1 6573
946 37 6678 0 1 6716
947 0 7 0 6677 6684
948 6660 0 0 1 6661
949 0 2 0 6526 6528
950 35 0 0 6420 6455
951 0 6442 0 2 6444
952 0 6407 0 1 6408
953 6311 0 0 1 6312
954 1 6407 1 1 6410
955 6309 0 0 0 6309
956 6264 0 0 0 6264
957 6267 0 0 0 6267
958 6129 0 2 0 6131
959 1 6212 0 1 6214
960 6071 0 21 1 6093
961 8 0 6029 7 6044
962 1 0 0 5874 5875
963 0 0 5946 0 5946
964 5978 0 0 0 5978
965 0 0 1 5962 5963
966 5953 0 0 0 5953
967 2 0 5831 0 5833
968 1 5823 0 0 5824
969 0 4 0 5845 5849
970 5832 0 3 0 5835
971 5790 0 0 1 5791
972 0 4874 0 816 5690
973 5590 0 0 0 5590
974 0 0 5484 0 5484
975 0 5365 0 1 5366
976 0 1019 1 4274 5294
977 0 5309 0 1 5310
978 0 5266 0 74 5340
979 5380 0 1 0 5381
980 0 0 0 5268 5268
981 5300 0 0 0 5300
982 5225 0 0 0 5225
983 0 1 0 5066 5067
984 5102 0 4 0 5106
985 0 0 4974 0 4974
986 0 4618 0 1 4619
987 0 3 0 4635 4638
988 0 0 4685 0 4685
989 4520 0 1 0 4521
990 745 3641 1 41 4428
991 4281 0 0 0 4281
992 0 0 1 4158 4159
993 1 0 4129 0 4130
994 0 0 4110 1 4111
995 0 0 0 4001 4001
996 0 0 0 3988 3988
997 21 0 3879 0 3900
998 0 0 0 3564 3564
999 3586 0 1 0 3587
1000 1 0 0 3532 3533
1001 0 3515 0 0 3515
1002 3423 0 24 0 3447
1003 0 8 0 3386 3394
1004 0 0 1 3385 3386
1005 3342 0 1 0 3343
1006 0 0 0 3145 3145
1007 0 3198 0 0 3198
1008 6 0 3155 0 3161
1009 0 0 0 3042 3042
1010 0 0 0 3042 3042
1011 3051 0 0 0 3051
1012 0 0 0 2993 2993
1013 0 0 0 3020 3020
1014 3025 0 0 0 3025
1015 0 0 3029 0 3029
1016 2949 0 0 0 2949
1017 2920 0 0 0 2920
1018 2848 0 0 0 2848
1019 0 2915 0 0 2915
1020 2867 0 0 0 2867
1021 0 1 0 2859 2860
1022 0 0 0 2870 2870
1023 2 0 2890 0 2892
1024 0 0 0 2829 2829
1025 2823 0 0 0 2823
1026 1 0 0 2778 2779
1027 0 0 2767 0 2767
1028 2746 0 0 0 2746
1029 2747 0 0 0 2747
1030 2730 0 0 0 2730
1031 0 0 0 2684 2684
1032 0 0 2575 0 2575
1033 2626 0 0 0 2626
1034 2573 0 2 0 2575
1035 35 0 2430 0 2465
1036 8 0 2428 0 2436
1037 2461 0 0 0 2461
1038 0 0 0 2434 2434
1039 0 0 2425 0 2425
1040 2 2 0 2402 2406
1041 0 0 2383 1 2384
1042 7 0 2391 0 2398
1043 0 1 0 2431 2432
1044 1 0 0 2379 2380
1045 0 0 2365 0 2365
1046 2295 0 0 0 2295
1047 2275 0 1 0 2276
1048 0 0 2272 0 2272
1049 0 0 0 2127 2127
1050 16 0 2088 0 2104
1051 0 8 0 2117 2125
1052 2087 0 0 0 2087
1053 0 2069 0 2 2071
1054 1989 0 1 0 1990
1055 0 0 1933 0 1933
1056 1 1939 0 0 1940
1057 1908 0 1 0 1909
1058 0 0 1904 0 1904
1059 0 0 1744 0 1744
1060 0 1744 0 0 1744
1061 1718 0 0 0 1718
1062 0 0 1726 0 1726
1063 0 0 0 1669 1669
1064 0 1 1641 0 1642
1065 0 1625 0 0 1625
1066 0 0 0 1638 1638
1067 0 0 0 1621 1621
1068 3 0 1551 0 1554
1069 0 0 0 1423 1423
1070 0 0 1438 1 1439
1071 1421 0 0 0 1421
1072 1399 0 0 0 1399
1073 0 0 0 1330 1330
1074 0 0 0 1298 1298
1075 2 0 0 1258 1260
1076 1167 0 0 0 1167
1077 1075 0 0 0 1075
1078 991 0 0 0 991
1079 713 0 0 0 713
1080 0 0 1 541 542
1081 359 0 0 0 359
1082 352 0 0 0 352
1083 340 0 0 0 340
1084 295 0 0 0 295
1085 111 0 0 0 111
1086 0 0 0 80 80
1087 0 69 0 0 69
1088 0 66 0 0 66
1089 0 0 0 68 68
1090 0 46 0 3 49
1091 0 0 0 49 49
1092 0 0 0 47 47
1093 0 0 35 0 35
1094 0 0 0 39 39
1095 0 0 0 39 39
1096 36 0 0 0 36
1097 0 36 0 0 36
1098 0 0 0 36 36
1099 36 0 0 0 36
1100 0 34 0 0 34
1101 0 0 0 6 6
1102 0 0 6 0 6
