0 0 0 0 0 0
1 0 0 0 0 0
2 0 0 0 0 0
3 0 0 0 0 0
4 0 0 0 0 0
5 0 0 0 0 0
6 0 0 0 0 0
7 0 0 0 0 0
8 0 0 0 0 0
9 0 0 0 0 0
10 50 0 0 0 50
11 0 0 131 0 131
12 53 76 0 0 129
13 0 0 130 0 130
14 0 0 128 0 128
15 125 0 0 0 125
16 0 0 0 130 130
17 0 0 0 128 128
18 0 48 0 354 402
19 0 0 543 0 543
20 0 0 0 577 577
21 0 0 0 586 586
22 0 0 0 587 587
23 610 0 0 0 610
24 0 0 668 0 668
25 0 0 0 647 647
26 0 675 0 1 676
27 691 0 1 0 692
28 0 918 0 0 918
29 0 0 0 909 909
30 0 0 1010 0 1010
31 0 0 1034 0 1034
32 0 1176 0 1 1177
33 1307 0 0 0 1307
34 1310 0 0 0 1310
35 1294 0 0 1 1295
36 0 1308 0 0 1308
37 1308 0 0 0 1308
38 0 0 1365 1 1366
39 1415 0 0 0 1415
40 23 0 1412 0 1435
41 1441 1 1 0 1443
42 1726 0 0 0 1726
43 1731 0 0 0 1731
44 1715 1 0 0 1716
45 1706 1 0 0 1707
46 0 0 0 1706 1706
47 0 0 1754 0 1754
48 0 0 1746 0 1746
49 0 1776 0 15 1791
50 1 0 1803 0 1804
51 1788 0 0 0 1788
52 1818 0 0 1 1819
53 0 1947 0 41 1988
54 1995 0 0 0 1995
55 1992 0 0 0 1992
56 0 1993 0 0 1993
57 2035 0 0 0 2035
58 2016 0 0 0 2016
59 0 2099 0 1 2100
60 2090 0 0 0 2090
61 0 0 0 2063 2063
62 0 0 2074 0 2074
63 2045 0 0 0 2045
64 0 2143 0 0 2143
65 0 2197 0 0 2197
66 2188 0 1 1 2190
67 0 2209 0 1 2210
68 2221 0 0 0 2221
69 2241 0 1 0 2242
70 0 2448 0 0 2448
71 2438 0 2 0 2440
72 0 2513 0 0 2513
73 2520 0 0 0 2520
74 2506 0 0 0 2506
75 2458 0 0 0 2458
76 0 0 0 2471 2471
77 0 1 0 2479 2480
78 0 0 2496 0 2496
79 2483 0 0 0 2483
80 0 0 2499 0 2499
81 0 0 2474 0 2474
82 0 0 1 2314 2315
83 0 0 2451 0 2451
84 0 0 2439 0 2439
85 1 0 2440 0 2441
86 0 0 0 2507 2507
87 0 2558 0 0 2558
88 0 2602 0 0 2602
89 0 0 2617 0 2617
90 0 0 2684 0 2684
91 0 1 2741 0 2742
92 2783 0 1 0 2784
93 0 0 2798 0 2798
94 0 2859 0 1 2860
95 2992 0 0 0 2992
96 3026 0 0 0 3026
97 0 3026 0 0 3026
98 0 3050 0 1 3051
99 3072 0 0 0 3072
100 3064 0 0 0 3064
101 0 0 0 3160 3160
102 0 0 3194 0 3194
103 0 3188 0 3 3191
104 0 3206 0 1 3207
105 3176 0 2 0 3178
106 2 3246 0 1 3249
107 22 3241 1 1 3265
108 3378 0 0 0 3378
109 0 0 0 3379 3379
110 3411 0 0 0 3411
111 3378 0 0 0 3378
112 3340 0 0 0 3340
113 0 3552 0 0 3552
114 0 0 0 3517 3517
115 0 0 0 3545 3545
116 0 0 0 3573 3573
117 0 0 3682 2 3684
118 3657 0 0 0 3657
119 3677 0 0 0 3677
120 1 0 3638 0 3639
121 0 3742 0 0 3742
122 3742 0 0 2 3744
123 0 0 3737 0 3737
124 1 0 3717 0 3718
125 3703 0 0 0 3703
126 3746 0 0 0 3746
127 0 24 0 3755 3779
128 0 0 0 3788 3788
129 0 3799 0 1 3800
130 0 0 0 3811 3811
131 23 0 3781 0 3804
132 0 0 3733 0 3733
133 3700 0 0 0 3700
134 0 0 3776 0 3776
135 0 1 0 3670 3671
136 3 0 3733 1 3737
137 1 3744 0 1 3746
138 0 2 0 3756 3758
139 3787 0 0 1 3788
140 0 1 0 3784 3785
141 0 0 3781 0 3781
142 3762 0 0 1 3763
143 3771 0 0 1 3772
144 3788 0 1 0 3789
145 0 0 3809 0 3809
146 1 0 3876 0 3877
147 0 3900 0 0 3900
148 0 0 0 3870 3870
149 0 2 0 3877 3879
150 0 0 0 3861 3861
151 0 3894 0 0 3894
152 3896 0 0 0 3896
153 0 0 0 3833 3833
154 1 0 3856 0 3857
155 0 0 3844 0 3844
156 0 3949 0 0 3949
157 3977 0 0 0 3977
158 3981 0 0 0 3981
159 3972 0 0 1 3973
160 0 0 3944 0 3944
161 3959 1 0 0 3960
162 1 0 3914 0 3915
163 0 3920 0 13 3933
164 0 3892 0 1 3893
165 1 4040 0 0 4041
166 0 0 0 4062 4062
167 0 1 0 4043 4044
168 0 0 4003 0 4003
169 3976 0 0 0 3976
170 0 4003 0 0 4003
171 0 0 0 3995 3995
172 3978 0 0 0 3978
173 0 3996 0 0 3996
174 0 3977 0 0 3977
175 0 3971 0 0 3971
176 0 3876 0 0 3876
177 2 0 3888 0 3890
178 0 0 3898 0 3898
179 0 1 0 3858 3859
180 0 3944 0 0 3944
181 4116 0 2 0 4118
182 4101 0 0 0 4101
183 0 0 4087 0 4087
184 4098 0 1 0 4099
185 0 4105 0 0 4105
186 0 4098 0 2 4100
187 2 0 4039 0 4041
188 0 4060 0 1 4061
189 0 4053 1 46 4100
190 0 0 0 4133 4133
191 4136 0 0 0 4136
192 4167 0 0 0 4167
193 4182 0 1 0 4183
194 0 1 0 4122 4123
195 4158 0 0 0 4158
196 0 0 4112 0 4112
197 4101 0 0 0 4101
198 0 4128 0 0 4128
199 0 0 0 4161 4161
200 4163 0 0 0 4163
201 4129 0 0 0 4129
202 4113 0 0 0 4113
203 4163 0 0 0 4163
204 4209 0 0 0 4209
205 0 0 4286 0 4286
206 4183 0 1 0 4184
207 4303 0 3 0 4306
208 4315 0 1 0 4316
209 4280 0 1 0 4281
210 0 0 0 4248 4248
211 0 0 0 4270 4270
212 4274 0 0 1 4275
213 1 0 4215 1 4217
214 4192 0 1 1 4194
215 0 0 4243 0 4243
216 1 1 0 4138 4140
217 0 4256 0 1 4257
218 4257 1 0 0 4258
219 4230 0 0 0 4230
220 1 0 4265 0 4266
221 4156 1 0 0 4157
222 4198 0 1 0 4199
223 0 0 0 4234 4234
224 4305 0 0 0 4305
225 4217 0 0 0 4217
226 4184 0 0 0 4184
227 4069 0 23 0 4092
228 3989 0 0 0 3989
229 0 3970 0 0 3970
230 0 0 0 3950 3950
231 1 3968 0 1 3970
232 3952 0 0 0 3952
233 0 4008 0 2 4010
234 4013 0 0 0 4013
235 4010 0 1 0 4011
236 1 3998 0 20 4019
237 4019 0 1 0 4020
238 3988 0 0 0 3988
239 3967 0 0 0 3967
240 3933 0 1 0 3934
241 1 0 3908 0 3909
242 0 0 0 3454 3454
243 1 0 3757 1 3759
244 3885 1 0 0 3886
245 0 0 3905 0 3905
246 0 3892 0 1 3893
247 0 3881 0 17 3898
248 0 0 0 3962 3962
249 1 0 3963 0 3964
250 3912 0 6 0 3918
251 3949 0 0 0 3949
252 3943 0 1 0 3944
253 0 0 3888 0 3888
254 0 0 0 3691 3691
255 3893 0 1 0 3894
256 3943 0 0 0 3943
257 3925 0 1 0 3926
258 3903 0 26 0 3929
259 1 0 3882 16 3899
260 1 0 3866 0 3867
261 3869 0 0 0 3869
262 0 2 0 3890 3892
263 17 0 3870 0 3887
264 0 0 0 3783 3783
265 0 3824 0 1 3825
266 0 3769 0 0 3769
267 0 3852 0 0 3852
268 0 0 0 3884 3884
269 0 0 0 3890 3890
270 0 0 3881 0 3881
271 3859 0 1 0 3860
272 3878 0 1 0 3879
273 0 0 3889 0 3889
274 3823 0 1 0 3824
275 0 0 4227 0 4227
276 4176 0 0 0 4176
277 1 0 4205 0 4206
278 4190 0 0 0 4190
279 4228 0 0 0 4228
280 4430 0 1 0 4431
281 4416 0 0 0 4416
282 0 0 4378 1 4379
283 0 4365 0 1 4366
284 4387 0 1 1 4389
285 4468 0 0 0 4468
286 0 0 0 4490 4490
287 1 92 0 4463 4556
288 0 0 4563 0 4563
289 0 0 4544 0 4544
290 4507 0 0 1 4508
291 1 0 4690 0 4691
292 0 0 1 4443 4444
293 4625 0 0 12 4637
294 4665 0 0 1 4666
295 4662 0 0 0 4662
296 4585 0 0 0 4585
297 4550 0 0 0 4550
298 0 0 0 4541 4541
299 0 0 4543 0 4543
300 4505 0 0 0 4505
301 0 1 0 4552 4553
302 0 0 4486 0 4486
303 4515 1 1 0 4517
304 4457 0 1 0 4458
305 4453 0 1 0 4454
306 1 0 4421 0 4422
307 0 0 0 4166 4166
308 4320 0 0 0 4320
309 0 4392 0 0 4392
310 0 1 0 4345 4346
311 0 4292 0 1 4293
312 0 4314 0 0 4314
313 0 0 0 4263 4263
314 4215 0 0 1 4216
315 0 1 0 4312 4313
316 0 0 0 4308 4308
317 0 0 0 4331 4331
318 4338 0 0 0 4338
319 0 1 0 4346 4347
320 1 0 4313 0 4314
321 4346 0 0 0 4346
322 4301 0 0 0 4301
323 0 0 0 4277 4277
324 0 4318 0 1 4319
325 0 4327 0 0 4327
326 1 0 4360 0 4361
327 0 0 0 4325 4325
328 21 4330 0 0 4351
329 0 1 0 4370 4371
330 0 0 4328 0 4328
331 0 4350 0 0 4350
332 0 0 0 4371 4371
333 1 0 4384 0 4385
334 0 0 4369 0 4369
335 4450 0 0 0 4450
336 4449 0 2 0 4451
337 0 0 0 4434 4434
338 0 0 1 4463 4464
339 0 0 4443 0 4443
340 4427 0 22 0 4449
341 4429 1 1 3 4434
342 0 0 4436 1 4437
343 0 0 4400 0 4400
344 0 0 4405 0 4405
345 0 0 0 4192 4192
346 0 1 0 4359 4360
347 0 1 0 4443 4444
348 0 0 4309 0 4309
349 4249 0 1 0 4250
350 1 0 4253 1 4255
351 0 4217 0 2 4219
352 0 4284 0 1 4285
353 4315 0 0 0 4315
354 0 0 0 4341 4341
355 4327 0 0 1 4328
356 0 4371 0 0 4371
357 1 0 0 4373 4374
358 1 0 4334 1 4336
359 0 0 0 4311 4311
360 4330 0 1 0 4331
361 0 0 0 4339 4339
362 2 0 4324 0 4326
363 4312 0 0 0 4312
364 4283 0 0 0 4283
365 0 4291 0 0 4291
366 4267 0 0 2 4269
367 0 0 4248 0 4248
368 0 0 1 4194 4195
369 0 0 0 4164 4164
370 0 4176 0 1 4177
371 0 3985 0 234 4219
372 0 0 0 4194 4194
373 1 4150 0 0 4151
374 4191 0 1 0 4192
375 4075 0 0 0 4075
376 4046 1 0 0 4047
377 0 0 0 4036 4036
378 4071 0 0 0 4071
379 0 0 4002 0 4002
380 0 3919 0 0 3919
381 3994 0 0 1 3995
382 3969 0 0 0 3969
383 0 3951 0 0 3951
384 0 0 0 3926 3926
385 0 0 3979 0 3979
386 0 1 0 3917 3918
387 3887 0 1 0 3888
388 0 3964 0 0 3964
389 75 0 3888 0 3963
390 3968 0 1 1 3970
391 4026 0 0 0 4026
392 4036 0 1 0 4037
393 0 0 0 4009 4009
394 4009 0 0 1 4010
395 0 4030 0 1 4031
396 4060 0 0 0 4060
397 3994 0 0 0 3994
398 0 1 0 3927 3928
399 0 1 0 3948 3949
400 1 1 3935 1 3938
401 0 0 3993 0 3993
402 3942 0 14 0 3956
403 0 3846 0 1 3847
404 0 3889 0 1 3890
405 0 0 3969 0 3969
406 3888 0 0 1 3889
407 0 0 1 3859 3860
408 0 0 0 3836 3836
409 3771 1 0 0 3772
410 0 3894 0 1 3895
411 17 3931 0 0 3948
412 0 3948 0 0 3948
413 0 1 0 3943 3944
414 0 0 0 3855 3855
415 0 3871 0 0 3871
416 3870 0 1 0 3871
417 3841 0 0 1 3842
418 0 3859 0 0 3859
419 3750 0 0 1 3751
420 1 3942 0 0 3943
421 0 3989 0 1 3990
422 4023 0 0 0 4023
423 1 0 4025 0 4026
424 3984 0 1 0 3985
425 0 1 3955 0 3956
426 3873 0 0 0 3873
427 0 0 3906 1 3907
428 0 0 3942 0 3942
429 0 0 1 3723 3724
430 1 0 3782 0 3783
431 0 3731 0 1 3732
432 0 3846 0 0 3846
433 0 0 0 3783 3783
434 0 63 0 3820 3883
435 0 0 3901 0 3901
436 3829 0 0 0 3829
437 1 0 1 3855 3857
438 98 1 3781 0 3880
439 3842 1 23 0 3866
440 2 3868 0 0 3870
441 3896 1 0 1 3898
442 0 0 1 3909 3910
443 4001 0 0 0 4001
444 0 0 3952 0 3952
445 3975 1 1 0 3977
446 61 1 3952 0 4014
447 1 0 4017 0 4018
448 3998 0 0 0 3998
449 4097 1 1 0 4099
450 1 0 4095 0 4096
451 4107 0 2 1 4110
452 4120 1 1 0 4122
453 1 4162 0 1 4164
454 1 4211 0 1 4213
455 4340 0 1 0 4341
456 0 0 4371 0 4371
457 4556 0 0 0 4556
458 0 0 4657 0 4657
459 1 0 4674 0 4675
460 4647 0 1 0 4648
461 0 0 0 4615 4615
462 0 0 4659 0 4659
463 1 3 0 4586 4590
464 0 0 0 4654 4654
465 0 0 4671 0 4671
466 4575 0 1 1 4577
467 0 0 1 4576 4577
468 0 0 4453 1 4454
469 0 0 4451 1 4452
470 0 4364 0 24 4388
471 1 4437 1 0 4439
472 1 4611 0 1 4613
473 4603 0 1 0 4604
474 4547 0 2 0 4549
475 0 4498 0 0 4498
476 0 0 0 4639 4639
477 0 2 4648 1 4651
478 4607 1 0 0 4608
479 4710 1 0 0 4711
480 4645 0 0 0 4645
481 0 0 0 4552 4552
482 4609 0 0 0 4609
483 2 0 4558 0 4560
484 0 0 1 4179 4180
485 4505 0 2 1 4508
486 0 0 0 4459 4459
487 1 1 0 4595 4597
488 4647 0 1 0 4648
489 4632 0 0 13 4645
490 3 0 4607 0 4610
491 0 0 4571 0 4571
492 0 0 4600 0 4600
493 4578 0 0 0 4578
494 0 4658 0 1 4659
495 4765 0 0 0 4765
496 0 1 0 4753 4754
497 0 1 4816 1 4818
498 4787 0 0 1 4788
499 4822 0 1 0 4823
500 0 4807 0 1 4808
501 4838 0 3 0 4841
502 4851 0 0 0 4851
503 0 4939 0 0 4939
504 5123 0 0 0 5123
505 5097 1 0 0 5098
506 5157 0 0 0 5157
507 0 0 5055 0 5055
508 5069 0 0 1 5070
509 0 0 0 5055 5055
510 1 0 5074 0 5075
511 10 5043 0 0 5053
512 5073 0 0 0 5073
513 5044 1 0 0 5045
514 0 0 5026 0 5026
515 3 0 4961 0 4964
516 0 5095 0 1 5096
517 5086 0 0 0 5086
518 4999 0 0 0 4999
519 4968 0 1 0 4969
520 4991 1 1 0 4993
521 0 0 5012 0 5012
522 4910 0 0 0 4910
523 0 0 0 4930 4930
524 5087 1 0 0 5088
525 5083 0 0 0 5083
526 5049 1 1 0 5051
527 0 0 5019 0 5019
528 2 0 5123 0 5125
529 5052 1 90 0 5143
530 1 0 5147 0 5148
531 1 0 5096 0 5097
532 5187 0 0 0 5187
533 5178 0 1 0 5179
534 18 0 5142 0 5160
535 1 1 0 4938 4940
536 5224 0 0 0 5224
537 5233 0 0 0 5233
538 5212 3 1 2 5218
539 0 5227 0 1 5228
540 5215 0 0 63 5278
541 0 5440 0 0 5440
542 0 2 0 5396 5398
543 1 5442 0 97 5540
544 5679 1 1 0 5681
545 5655 0 23 0 5678
546 5904 0 1 0 5905
547 5821 0 0 0 5821
548 5810 0 1 0 5811
549 0 0 5814 0 5814
550 5890 1 0 0 5891
551 5978 0 0 0 5978
552 0 0 5966 1 5967
553 1 0 5941 0 5942
554 0 0 5903 0 5903
555 5928 0 0 1 5929
556 5950 0 0 0 5950
557 0 0 5933 0 5933
558 2 2 0 5821 5825
559 0 0 0 5834 5834
560 0 5835 0 0 5835
561 0 6021 1 0 6022
562 41 0 6159 0 6200
563 1 0 0 6090 6091
564 0 0 0 6133 6133
565 0 1 0 6141 6142
566 3 0 6136 0 6139
567 6084 0 48 1 6133
568 0 6219 0 0 6219
569 6320 0 2 0 6322
570 6385 0 0 1 6386
571 0 1 0 6367 6368
572 6322 0 49 0 6371
573 6359 0 0 1 6360
574 6358 0 2 0 6360
575 6347 1 0 0 6348
576 6283 0 1 0 6284
577 0 0 6312 0 6312
578 2 0 6441 0 6443
579 0 0 6554 0 6554
580 6380 112 0 20 6512
581 0 0 0 6582 6582
582 6700 0 26 0 6726
583 0 0 0 6973 6973
584 0 0 6946 0 6946
585 0 6895 0 50 6945
586 2 0 7006 0 7008
587 0 0 0 6906 6906
588 7036 0 2 1 7039
589 7017 18 0 0 7035
590 0 0 0 7273 7273
591 1 0 7294 1 7296
592 0 1 0 7078 7079
593 7280 0 0 0 7280
594 0 1 0 7322 7323
595 0 0 0 7521 7521
596 0 0 7433 0 7433
597 0 1 0 7499 7500
598 2 7539 0 0 7541
599 0 7891 0 1 7892
600 0 1 0 7850 7851
601 0 0 0 7863 7863
602 2 0 7791 0 7793
603 7866 0 0 0 7866
604 1 0 7790 0 7791
605 7897 0 0 0 7897
606 0 0 7919 0 7919
607 0 1 0 7668 7669
608 0 0 7896 0 7896
609 0 0 0 7827 7827
610 2 3 0 8065 8070
611 50 0 8114 0 8164
612 0 0 8266 0 8266
613 0 0 0 8097 8097
614 8438 0 0 0 8438
615 8551 1 1 0 8553
616 8594 1 0 0 8595
617 0 1 0 8730 8731
618 1 0 8664 0 8665
619 1 0 8591 0 8592
620 8718 0 0 0 8718
621 8723 0 0 0 8723
622 0 8848 0 0 8848
623 8807 0 0 0 8807
624 2 1 0 8810 8813
625 1 0 1 8838 8840
626 0 8773 0 1 8774
627 0 8820 0 0 8820
628 2 0 0 8823 8825
629 1 8880 0 2 8883
630 9090 0 1 1 9092
631 9065 0 0 0 9065
632 8935 0 0 0 8935
633 0 8877 0 0 8877
634 8759 0 1 0 8760
635 0 8971 0 1 8972
636 0 8866 0 82 8948
637 1 8942 0 0 8943
638 0 8953 0 0 8953
639 8979 0 1 1 8981
640 8841 0 14 19 8874
641 0 2 0 9080 9082
642 1 0 9144 0 9145
643 1 0 9026 0 9027
644 9011 0 0 3 9014
645 0 2 0 9105 9107
646 9101 1 0 0 9102
647 0 9093 0 19 9112
648 9180 1 0 0 9181
649 9104 0 0 0 9104
650 0 0 9114 0 9114
651 1 0 0 8993 8994
652 0 9084 0 1 9085
653 0 9182 0 1 9183
654 0 0 1 9244 9245
655 0 79 0 9190 9269
656 9250 0 0 0 9250
657 2 1 0 9235 9238
658 0 9214 0 3 9217
659 9253 0 3 0 9256
660 9139 0 0 0 9139
661 0 9339 0 0 9339
662 0 0 0 9348 9348
663 0 9411 0 1 9412
664 0 0 0 9378 9378
665 6 0 9375 1 9382
666 0 9401 0 3 9404
667 9350 0 2 0 9352
668 0 0 0 9409 9409
669 9425 0 0 0 9425
670 0 0 9407 0 9407
671 9272 0 1 0 9273
672 0 1 1 9371 9373
673 0 1 0 9432 9433
674 1 0 9396 0 9397
675 9373 0 1 0 9374
676 9381 1 0 0 9382
677 0 0 0 9438 9438
678 2 0 9260 0 9262
679 28 9341 0 1 9370
680 9400 1 2 0 9403
681 0 0 0 9421 9421
682 9354 0 87 0 9441
683 2 1 0 9562 9565
684 1 0 9537 0 9538
685 9404 0 0 0 9404
686 2 9558 0 0 9560
687 0 9585 1 1 9587
688 9646 0 0 0 9646
689 0 0 9819 0 9819
690 9682 0 0 0 9682
691 0 0 9798 0 9798
692 1 1 0 9493 9495
693 0 1 9795 0 9796
694 1 0 9884 0 9885
695 9941 0 1 0 9942
696 10006 27 2 0 10035
697 0 0 9938 0 9938
698 0 1 9776 0 9777
699 0 9878 0 1 9879
700 17 0 0 9994 10011
701 0 3 0 10087 10090
702 0 0 10032 0 10032
703 3 1 0 10012 10016
704 0 0 0 10352 10352
705 2 0 10194 0 10196
706 25 10256 0 1 10282
707 1 1 0 10365 10367
708 10201 0 1 0 10202
709 10155 0 2 0 10157
710 9993 0 1 22 10016
711 0 10311 0 0 10311
712 0 0 0 10225 10225
713 0 2 0 10661 10663
714 1 0 10614 0 10615
715 1 2 0 10642 10645
716 2 1 0 10659 10662
717 2 0 10585 0 10587
718 1 10480 0 2 10483
719 0 10531 0 2 10533
720 10473 0 1 1 10475
721 0 10717 0 0 10717
722 1 1 1 10660 10663
723 1 0 10641 0 10642
724 10613 0 0 0 10613
725 1 2 0 10616 10619
726 94 0 10463 0 10557
727 10502 0 1 1 10504
728 1 0 0 10461 10462
729 0 10564 0 0 10564
730 0 0 0 10472 10472
731 0 0 0 10510 10510
732 10512 0 1 0 10513
733 0 10552 0 0 10552
734 10507 0 0 0 10507
735 0 0 10507 0 10507
736 0 1 1 10151 10153
737 42 0 10198 23 10263
738 0 0 10238 0 10238
739 10114 2 2 0 10118
740 0 0 10453 1 10454
741 2 0 10421 1 10424
742 10326 0 1 3 10330
743 0 0 0 10422 10422
744 3 0 10371 0 10374
745 10334 0 1 1 10336
746 10446 0 4 1 10451
747 1 0 10256 0 10257
748 10204 0 1 0 10205
749 10273 0 0 2 10275
750 1 1 10061 0 10063
751 10075 1 0 0 10076
752 0 0 0 9796 9796
753 1 0 9652 0 9653
754 132 0 9406 0 9538
755 1 9473 0 78 9552
756 0 9613 0 3 9616
757 9916 0 1 1 9918
758 0 1 0 9919 9920
759 1 10105 0 1 10107
760 0 9 9902 1 9912
761 1 0 9713 1 9715
762 9633 0 1 0 9634
763 0 1 0 9695 9696
764 0 9726 0 12 9738
765 2 9790 0 9 9801
766 0 0 0 9769 9769
767 0 9792 0 1 9793
768 9896 0 0 0 9896
769 9770 0 1 0 9771
770 0 9792 1 0 9793
771 0 1 0 9688 9689
772 0 9788 0 1 9789
773 9643 0 0 1 9644
774 0 9779 0 0 9779
775 0 0 1 9468 9469
776 0 9480 0 2 9482
777 0 3 1 9283 9287
778 1 1 0 9157 9159
779 0 9479 0 0 9479
780 0 0 9371 0 9371
781 9092 0 1 1 9094
782 0 0 9098 0 9098
783 0 9052 0 0 9052
784 0 0 8963 72 9035
785 0 1 0 8655 8656
786 1 8760 0 0 8761
787 0 0 0 8778 8778
788 1 0 1 8699 8701
789 8737 0 2 0 8739
790 8701 0 0 0 8701
791 0 1 0 8642 8643
792 0 0 8731 1 8732
793 8719 0 2 0 8721
794 8720 0 1 0 8721
795 1 0 8681 0 8682
796 1 0 8581 0 8582
797 8596 0 1 0 8597
798 0 8674 0 0 8674
799 8688 0 0 0 8688
800 0 1 0 8536 8537
801 1 0 0 8405 8406
802 0 8386 0 0 8386
803 8467 0 0 0 8467
804 8394 0 1 0 8395
805 8348 0 0 0 8348
806 9 0 8285 0 8294
807 0 8256 0 11 8267
808 0 8359 0 2 8361
809 8438 0 0 0 8438
810 8298 0 1 0 8299
811 1 0 0 8209 8210
812 2 1 0 8129 8132
813 0 8245 0 3 8248
814 2 0 7775 0 7777
815 7928 0 1 0 7929
816 0 0 7967 0 7967
817 0 7896 0 0 7896
818 7920 0 2 0 7922
819 28 0 7812 0 7840
820 44 7841 0 0 7885
821 0 3 1 7936 7940
822 1 0 7950 8 7959
823 7958 0 0 0 7958
824 7978 0 0 0 7978
825 7904 0 0 0 7904
826 0 7932 0 41 7973
827 0 2 0 7909 7911
828 0 0 7792 0 7792
829 35 7802 0 4 7841
830 1 0 7816 23 7840
831 0 0 7752 0 7752
832 0 0 0 7593 7593
833 0 0 7646 1 7647
834 1 0 7644 16 7661
835 0 0 7670 0 7670
836 7571 0 3 0 7574
837 0 0 7658 0 7658
838 1 1 0 7382 7384
839 0 7484 0 0 7484
840 0 0 1 7386 7387
841 0 0 0 7388 7388
842 7372 1 0 0 7373
843 1 0 0 7279 7280
844 0 7266 0 0 7266
845 0 7295 0 2 7297
846 0 7223 0 0 7223
847 7348 0 1 0 7349
848 7283 0 2 0 7285
849 0 0 0 7223 7223
850 0 1 0 7214 7215
851 0 0 0 7326 7326
852 3 0 7204 0 7207
853 1 0 7146 0 7147
854 0 0 0 6995 6995
855 0 6787 0 2 6789
856 6852 0 2 0 6854
857 6514 0 0 0 6514
858 23 0 6491 0 6514
859 6403 0 2 0 6405
860 1 0 6373 0 6374
861 0 6194 0 2 6196
862 6125 0 0 0 6125
863 0 6259 0 0 6259
864 0 6193 1 1 6195
865 0 0 6264 0 6264
866 6098 0 0 0 6098
867 0 0 0 6107 6107
868 0 0 0 6073 6073
869 5930 0 1 0 5931
870 0 1 0 5755 5756
871 0 5753 0 0 5753
872 5567 0 1 0 5568
873 0 5710 0 0 5710
874 0 5760 0 0 5760
875 5770 0 0 0 5770
876 0 0 5722 1 5723
877 5642 0 0 0 5642
878 5620 0 1 0 5621
879 0 0 5638 0 5638
880 5310 0 0 0 5310
881 0 0 5415 0 5415
882 0 0 5204 0 5204
883 2 0 5161 0 5163
884 4999 0 0 0 4999
885 0 0 5039 0 5039
886 5083 0 2 0 5085
887 15 4809 1 1 4826
888 4806 0 0 1 4807
889 4783 0 0 0 4783
890 0 1 1 4739 4741
891 0 2 1 4557 4560
892 4609 0 0 0 4609
893 0 0 4583 0 4583
894 4465 0 0 0 4465
895 0 0 0 4246 4246
896 1 3 0 4306 4310
897 1 0 4212 0 4213
898 0 0 4104 0 4104
899 0 1 0 4039 4040
900 2 4009 0 0 4011
901 4044 0 1 0 4045
902 0 4049 0 1 4050
903 1 0 3997 0 3998
904 6 0 3998 0 4004
905 3872 0 0 1 3873
906 3885 0 14 0 3899
907 1 0 3856 0 3857
908 3880 0 0 0 3880
909 3779 0 0 0 3779
910 0 3809 0 0 3809
911 0 2 0 3728 3730
912 0 0 0 3770 3770
913 0 1 0 3765 3766
914 3772 0 0 1 3773
915 1 0 0 3703 3704
916 0 3714 0 0 3714
917 0 0 0 3702 3702
918 0 0 0 3685 3685
919 0 0 0 3684 3684
920 0 0 0 3733 3733
921 3538 0 111 0 3649
922 3609 0 0 0 3609
923 0 0 3527 0 3527
924 0 1 0 3390 3391
925 3529 0 0 0 3529
926 3532 0 0 1 3533
927 3509 0 0 0 3509
928 3521 0 0 0 3521
929 0 0 3118 0 3118
930 2973 0 0 0 2973
931 2886 0 0 0 2886
932 0 0 0 2843 2843
933 1 1 0 2862 2864
934 0 0 2763 41 2804
935 2831 0 0 0 2831
936 0 1 0 2833 2834
937 0 0 2820 8 2828
938 2844 0 0 0 2844
939 0 0 0 2817 2817
940 2859 0 0 0 2859
941 2787 0 0 0 2787
942 0 2726 0 0 2726
943 2717 0 0 0 2717
944 0 0 0 2676 2676
945 2640 0 0 1 2641
946 0 2701 0 0 2701
947 0 0 0 2676 2676
948 2636 0 1 0 2637
949 1 0 0 2592 2593
950 0 0 1 2579 2580
951 0 2558 0 10 2568
952 0 2567 0 0 2567
953 2524 0 0 0 2524
954 0 2588 0 0 2588
955 2440 0 0 0 2440
956 2409 0 0 0 2409
957 2415 0 0 0 2415
958 2373 0 0 1 2374
959 0 2406 0 0 2406
960 2427 1 1 0 2429
961 1 0 2393 0 2394
962 0 0 0 2369 2369
963 0 0 2378 0 2378
964 2416 0 0 0 2416
965 0 0 0 2407 2407
966 2413 0 0 0 2413
967 0 0 2387 0 2387
968 0 2357 0 0 2357
969 0 1 0 2386 2387
970 2394 0 0 1 2395
971 2393 0 0 0 2393
972 0 2343 0 0 2343
973 2386 0 0 0 2386
974 0 0 2353 0 2353
975 0 2296 0 0 2296
976 1 0 0 2270 2271
977 0 2278 2 0 2280
978 10 2218 0 0 2228
979 2250 0 0 0 2250
980 0 0 1 2233 2234
981 2239 0 0 0 2239
982 2172 0 0 0 2172
983 0 0 2 2088 2090
984 2146 0 0 0 2146
985 0 0 2105 0 2105
986 1 1895 0 0 1896
987 0 0 0 1902 1902
988 0 0 1921 0 1921
989 1834 0 0 0 1834
990 0 1783 0 1 1784
991 1785 0 1 0 1786
992 0 0 0 1749 1749
993 0 0 1759 0 1759
994 0 0 1765 0 1765
995 0 0 0 1728 1728
996 0 0 0 1722 1722
997 0 0 1642 0 1642
998 0 0 0 1605 1605
999 1611 0 0 0 1611
1000 0 0 0 1578 1578
1001 0 1577 0 0 1577
1002 1597 0 0 0 1597
1003 0 0 0 1614 1614
1004 0 1 0 1591 1592
1005 1600 0 0 0 1600
1006 0 0 0 1562 1562
1007 0 1610 0 0 1610
1008 0 0 1599 0 1599
1009 0 0 0 1485 1485
1010 0 3 0 1493 1496
1011 1484 0 0 0 1484
1012 0 0 33 1440 1473
1013 0 0 0 1440 1440
1014 1464 0 0 0 1464
1015 0 0 1404 0 1404
1016 1322 0 0 27 1349
1017 1346 0 0 0 1346
1018 1326 0 0 0 1326
1019 0 1322 0 0 1322
1020 1303 0 0 0 1303
1021 0 0 0 1270 1270
1022 0 0 0 1278 1278
1023 1 0 1299 0 1300
1024 0 0 0 1291 1291
1025 1293 0 1 0 1294
1026 0 0 0 1271 1271
1027 1 0 1236 0 1237
1028 1245 0 0 0 1245
1029 1239 0 0 0 1239
1030 1231 0 1 0 1232
1031 0 0 0 1230 1230
1032 0 0 1149 0 1149
1033 1147 0 0 0 1147
1034 1148 2 0 0 1150
1035 0 0 1076 0 1076
1036 0 0 1056 0 1056
1037 1070 0 0 0 1070
1038 0 0 0 1063 1063
1039 0 0 1048 0 1048
1040 0 0 0 1024 1024
1041 0 0 1035 0 1035
1042 0 0 1052 0 1052
1043 0 0 0 1029 1029
1044 0 0 0 1016 1016
1045 0 0 1014 0 1014
1046 1014 0 0 0 1014
1047 1014 0 0 0 1014
1048 0 0 1064 0 1064
1049 0 19 0 1024 1043
1050 0 0 1057 0 1057
1051 0 0 0 1065 1065
1052 1052 0 0 0 1052
1053 0 1059 0 0 1059
1054 979 0 0 0 979
1055 0 0 913 0 913
1056 0 897 0 0 897
1057 876 0 0 1 877
1058 0 0 862 0 862
1059 0 0 815 0 815
1060 0 809 0 0 809
1061 811 0 0 0 811
1062 0 0 771 0 771
1063 0 0 0 761 761
1064 0 0 756 0 756
1065 0 753 0 0 753
1066 0 0 0 691 691
1067 0 0 0 699 699
1068 0 0 677 0 677
1069 0 0 0 570 570
1070 0 0 571 0 571
1071 548 0 0 0 548
1072 541 0 0 0 541
1073 0 0 0 494 494
1074 0 0 0 493 493
1075 0 0 0 475 475
1076 434 0 0 0 434
1077 385 0 1 0 386
1078 383 0 0 0 383
1079 223 0 0 0 223
1080 0 0 0 127 127
1081 75 0 0 0 75
1082 74 0 0 0 74
1083 77 0 0 0 77
1084 65 0 0 0 65
1085 40 0 0 0 40
1086 0 0 0 40 40
1087 0 29 0 0 29
1088 0 23 0 0 23
1089 0 0 0 21 21
1090 0 25 0 0 25
1091 0 0 0 23 23
1092 0 0 0 23 23
1093 0 0 24 0 24
1094 0 0 0 24 24
1095 0 0 0 24 24
1096 24 0 0 0 24
1097 0 24 0 0 24
1098 0 0 0 25 25
1099 25 0 0 0 25
1100 0 25 0 0 25
1101 0 0 0 0 0
1102 0 0 0 0 0
