0 0 0 0 0 0
1 5 0 2 3 10
2 0 0 17 0 17
3 0 21 0 0 21
4 20 0 1 0 21
5 0 0 24 0 24
6 23 1 0 0 24
7 32 0 0 0 32
8 0 1 32 0 33
9 0 38 0 0 38
10 42 17 1 22 82
11 0 1 95 0 96
12 97 5 5 1 108
13 0 0 123 0 123
14 0 0 137 0 137
15 191 0 9 4 204
16 0 2 0 263 265
17 0 4 0 285 289
18 0 0 0 570 570
19 2 0 803 3 808
20 1 0 4 907 912
21 0 0 0 963 963
22 0 0 0 1003 1003
23 1016 0 1 4 1021
24 0 0 1260 0 1260
25 0 0 0 1295 1295
26 0 1331 0 0 1331
27 1341 0 0 1 1342
28 0 1786 0 1 1787
29 0 3 1 1879 1883
30 0 0 2135 0 2135
31 1 0 2147 0 2148
32 0 2285 0 0 2285
33 2445 0 1 2 2448
34 2443 0 3 0 2446
35 2449 0 0 0 2449
36 1 2481 4 0 2486
37 2492 0 0 0 2492
38 18 1 2520 0 2539
39 2536 0 3 0 2539
40 42 0 2627 0 2669
41 2709 0 2 0 2711
42 2859 0 0 0 2859
43 2870 0 0 0 2870
44 2861 0 4 0 2865
45 2876 7 0 4 2887
46 1 18 0 2901 2920
47 1 0 2952 0 2953
48 7 0 2970 0 2977
49 1 3116 0 2 3119
50 16 0 3160 1 3177
51 3168 0 16 0 3184
52 3201 0 2 0 3203
53 0 3374 1 5 3380
54 3459 0 0 1 3460
55 3441 0 2 0 3443
56 1 3500 0 2 3503
57 3525 0 1 7 3533
58 3510 0 3 2 3515
59 0 3573 0 1 3574
60 3625 0 0 0 3625
61 0 0 0 3632 3632
62 4 0 3624 2 3630
63 3603 0 0 0 3603
64 0 3788 0 1 3789
65 0 3835 0 3 3838
66 3839 0 0 0 3839
67 1 3864 0 1 3866
68 3887 0 4 0 3891
69 3831 0 1 2 3834
70 5 3992 0 0 3997
71 3928 0 7 0 3935
72 1 4032 0 2 4035
73 4050 1 1 0 4052
74 4030 0 0 0 4030
75 3987 0 0 0 3987
76 1 0 0 3962 3963
77 21 2 0 3972 3995
78 2 0 4004 0 4006
79 3973 0 0 0 3973
80 0 1 4043 3 4047
81 0 0 4020 0 4020
82 1 1 1 3786 3789
83 1 0 3970 1 3972
84 0 0 3953 0 3953
85 2 2 3950 1 3955
86 0 8 0 3990 3998
87 0 3840 1 352 4193
88 1 4449 6 4 4460
89 37 2 4506 2 4547
90 9 0 4751 1 4761
91 0 1 4845 2 4848
92 4768 5 50 8 4831
93 3 0 4945 1 4949
94 0 4999 0 4 5003
95 5108 0 7 0 5115
96 5120 0 1 2 5123
97 1 5170 0 1 5172
98 3 5217 0 1 5221
99 5274 0 9 0 5283
100 5272 2 0 0 5274
101 0 3 0 5348 5351
102 3 0 5415 0 5418
103 1 5489 0 2 5492
104 5 5542 0 1 5548
105 5447 2 4 0 5453
106 1 5555 0 0 5556
107 6 5593 3 15 5617
108 5655 0 2 1 5658
109 0 1 0 5827 5828
110 5947 1 0 0 5948
111 5889 0 1 0 5890
112 5807 0 2 1 5810
113 7 6007 0 1 6015
114 0 3 0 5999 6002
115 1 0 0 6047 6048
116 1 13 0 6065 6079
117 0 0 6099 0 6099
118 6040 1 2 0 6043
119 6075 1 1 1 6078
120 1 0 6061 0 6062
121 2 6090 1 3 6096
122 6130 1 2 0 6133
123 0 0 6156 0 6156
124 3 0 6113 0 6116
125 6048 0 0 0 6048
126 6132 0 1 1 6134
127 0 4 0 6160 6164
128 0 1 0 6257 6258
129 2 6364 0 1 6367
130 0 1 0 6423 6424
131 2 0 6391 1 6394
132 0 0 6337 1 6338
133 6241 0 4 0 6245
134 6 0 6390 1 6397
135 0 0 1 6199 6200
136 0 0 6363 1 6364
137 0 6403 0 10 6413
138 0 0 0 6424 6424
139 6477 0 1 0 6478
140 1 4 0 6481 6486
141 2 0 6495 0 6497
142 6516 0 2 0 6518
143 6483 0 7 0 6490
144 6523 1 0 1 6525
145 10 0 6491 0 6501
146 7 2 6450 1 6460
147 0 6555 0 1 6556
148 0 2 0 6570 6572
149 2 3 0 6598 6603
150 1 1 0 6592 6594
151 1 6652 0 5 6658
152 6708 0 1 1 6710
153 0 4 2 6596 6602
154 5 0 6671 0 6676
155 6 0 6673 0 6679
156 1 6812 0 1 6814
157 6854 0 1 0 6855
158 6873 0 0 0 6873
159 6574 1 278 1 6854
160 65 1 6754 0 6820
161 6851 0 0 0 6851
162 1 1 6798 1 6801
163 2 6751 0 1 6754
164 6 6743 0 5 6754
165 0 6877 0 0 6877
166 0 1 0 6900 6901
167 0 2 0 6906 6908
168 1 1 6831 1 6834
169 6870 3 0 0 6873
170 5 6875 0 1 6881
171 0 4 0 6794 6798
172 6711 1 2 0 6714
173 4 6740 0 74 6818
174 2 6760 0 2 6764
175 2 6783 0 0 6785
176 3 6748 2 40 6793
177 4 0 6742 3 6749
178 3 0 6788 1 6792
179 0 2 0 6693 6695
180 4 6828 0 3 6835
181 6975 1 0 1 6977
182 6926 1 0 0 6927
183 1 0 6927 1 6929
184 6929 2 1 0 6932
185 1 6896 0 0 6897
186 0 6889 0 0 6889
187 4 0 6881 0 6885
188 2 6899 1 4 6906
189 0 6934 0 11 6945
190 0 1 0 7023 7024
191 7066 0 0 0 7066
192 7031 0 0 0 7031
193 7024 0 0 0 7024
194 0 17 0 6871 6888
195 6949 0 0 0 6949
196 4 0 6881 0 6885
197 6861 0 0 1 6862
198 0 6952 1 2 6955
199 0 0 0 6992 6992
200 6948 0 3 1 6952
201 6910 0 1 0 6911
202 6902 0 1 0 6903
203 6827 0 74 0 6901
204 6864 0 0 0 6864
205 4 0 6952 0 6956
206 6807 0 0 0 6807
207 6839 0 0 0 6839
208 6904 0 0 0 6904
209 6947 0 0 3 6950
210 2 1 0 6938 6941
211 0 2 1 6977 6980
212 6971 0 12 0 6983
213 1 0 6851 0 6852
214 6842 1 0 0 6843
215 38 0 6855 1 6894
216 0 0 0 6671 6671
217 1 6858 0 8 6867
218 6866 0 6 1 6873
219 6826 0 0 0 6826
220 2 0 6886 0 6888
221 6745 0 2 0 6747
222 6680 0 2 1 6683
223 0 1 0 6743 6744
224 6797 0 0 1 6798
225 6797 0 2 0 6799
226 6782 0 0 0 6782
227 6674 0 19 0 6693
228 6616 0 0 0 6616
229 220 6402 0 0 6622
230 0 2 0 6541 6543
231 0 6616 0 0 6616
232 6540 0 1 0 6541
233 0 6606 0 2 6608
234 6628 0 1 0 6629
235 6577 0 0 0 6577
236 6 6539 0 8 6553
237 6604 2 1 0 6607
238 6610 0 2 0 6612
239 6552 0 2 0 6554
240 6448 0 12 0 6460
241 1 0 6360 0 6361
242 0 3 0 5446 5449
243 2 0 5961 0 5963
244 6323 0 0 0 6323
245 6 0 6252 2 6260
246 2 6226 0 9 6237
247 0 6330 0 3 6333
248 0 0 0 6438 6438
249 1 0 6423 0 6424
250 6350 1 3 1 6355
251 6409 0 0 1 6410
252 6371 0 27 0 6398
253 13 0 6360 0 6373
254 2 3 0 5896 5901
255 6300 0 2 0 6302
256 6467 0 0 1 6468
257 6461 1 1 0 6463
258 6475 2 5 1 6483
259 1 0 6398 6 6405
260 10 0 6240 0 6250
261 6330 0 2 1 6333
262 0 2 0 6285 6287
263 2 1 6322 0 6325
264 0 8 0 6107 6115
265 0 6141 0 1 6142
266 5 6102 0 31 6138
267 0 6376 0 1 6377
268 2 0 0 6415 6417
269 3 2 1 6465 6471
270 8 0 6385 0 6393
271 6319 0 1 1 6321
272 6352 2 6 1 6361
273 1 0 6407 2 6410
274 6288 0 2 0 6290
275 4 0 6713 17 6734
276 6767 1 8 0 6776
277 1 0 6885 1 6887
278 6909 3 7 0 6919
279 7008 0 1 2 7011
280 7135 0 1 0 7136
281 7104 1 9 1 7115
282 8 0 7021 0 7029
283 1 6985 0 2 6988
284 7188 0 0 1 7189
285 7232 1 3 1 7237
286 1 1 0 7178 7180
287 2 3 2 7151 7158
288 0 6 7214 2 7222
289 0 0 7189 0 7189
290 7084 0 0 0 7084
291 37 0 7303 0 7340
292 3 0 1 7043 7047
293 7310 0 22 0 7332
294 7467 0 5 0 7472
295 7475 0 0 0 7475
296 7450 0 0 0 7450
297 7416 0 1 2 7419
298 1 1 0 7409 7411
299 3 1 7372 1 7377
300 7348 0 4 1 7353
301 0 0 1 7431 7432
302 10 0 7485 2 7497
303 7500 0 0 0 7500
304 7540 0 2 0 7542
305 7565 1 7 0 7573
306 16 0 7485 0 7501
307 0 0 0 7055 7055
308 7327 0 1 0 7328
309 0 7497 0 0 7497
310 0 0 0 7452 7452
311 13 7475 0 9 7497
312 0 7591 0 1 7592
313 5 0 0 7634 7639
314 7069 0 488 0 7557
315 0 0 0 7638 7638
316 0 6 0 7699 7705
317 0 0 1 7712 7713
318 7714 0 0 0 7714
319 2 1 0 7733 7736
320 1 0 7641 0 7642
321 7696 0 4 0 7700
322 7642 3 2 3 7650
323 0 6 1 7533 7540
324 0 7596 0 2 7598
325 2 7574 0 1 7577
326 60 0 7577 6 7643
327 0 2 1 7512 7515
328 2 7521 0 3 7526
329 0 3 0 7579 7582
330 5 0 7531 0 7536
331 1 7593 0 3 7597
332 0 3 0 7628 7631
333 6 0 7623 0 7629
334 7 0 7581 1 7589
335 7662 1 2 0 7665
336 7686 0 0 0 7686
337 0 9 0 7655 7664
338 0 5 1 7650 7656
339 4 0 7566 0 7570
340 7551 0 1 1 7553
341 7581 1 6 0 7588
342 11 0 7546 0 7557
343 4 0 7508 2 7514
344 20 0 7516 0 7536
345 0 0 0 7084 7084
346 0 3 0 7452 7455
347 1 2 0 7531 7534
348 0 0 7435 1 7436
349 7421 0 3 0 7424
350 10 0 7411 8 7429
351 3 7351 0 5 7359
352 2 7439 0 3 7444
353 7448 1 5 0 7454
354 0 6 1 7449 7456
355 7380 0 1 0 7381
356 1 7450 0 4 7455
357 3 2 1 7464 7470
358 7 0 7401 0 7408
359 0 1 1 7336 7338
360 7379 0 3 0 7382
361 1 12 0 7388 7401
362 11 0 7354 0 7365
363 7370 0 8 0 7378
364 7350 0 4 0 7354
365 6 7342 0 2 7350
366 7386 0 2 0 7388
367 3 0 7355 2 7360
368 1 2 0 7211 7214
369 1 1 0 7310 7312
370 1 7321 0 3 7325
371 1 13 0 7352 7366
372 0 4 0 7320 7324
373 3 7371 0 2 7376
374 7401 2 0 0 7403
375 7359 0 1 0 7360
376 7296 1 13 0 7310
377 2 6 0 7352 7360
378 7392 0 22 0 7414
379 19 0 7195 2 7216
380 4 7214 0 1 7219
381 7318 0 3 0 7321
382 7280 0 6 0 7286
383 6 7285 0 1 7292
384 0 0 14 7221 7235
385 33 0 7240 0 7273
386 1 0 1 7118 7120
387 7208 0 4 2 7214
388 4 7235 0 3 7242
389 19 0 7233 3 7255
390 7147 0 55 0 7202
391 7244 0 3 4 7251
392 7259 0 1 0 7260
393 1 4 0 7211 7216
394 7178 0 1 0 7179
395 0 7219 0 2 7221
396 7256 4 3 0 7263
397 7246 0 6 0 7252
398 2 0 0 7143 7145
399 2 186 0 7027 7215
400 0 4 7149 0 7153
401 3 0 7084 0 7087
402 7072 1 41 2 7116
403 4 6982 0 5 6991
404 7 7019 0 5 7031
405 2 0 7109 0 7111
406 7062 0 10 1 7073
407 0 3 1 7013 7017
408 0 2 1 7042 7045
409 6797 0 28 0 6825
410 1 6980 0 6 6987
411 0 7009 0 0 7009
412 4 7110 1 3 7118
413 3 59 0 6979 7041
414 0 1 0 6987 6988
415 2 7058 1 5 7066
416 7064 0 7 0 7071
417 6944 0 1 0 6945
418 6 7031 0 1 7038
419 6825 0 2 2 6829
420 2 7028 0 1 7031
421 3 7098 0 2 7103
422 7122 2 6 0 7130
423 5 0 7120 0 7125
424 7056 0 1 0 7057
425 21 0 7064 0 7085
426 6999 0 1 0 7000
427 1 0 7047 1 7049
428 32 3 6979 0 7014
429 2 2 0 6664 6668
430 0 0 6859 0 6859
431 2 6842 0 3 6847
432 2 6968 0 10 6980
433 1 6 1 7005 7013
434 0 0 1 7089 7090
435 5 0 7079 0 7084
436 7033 2 3 2 7040
437 1 5 1 7022 7029
438 5 0 7023 0 7028
439 6983 0 3 0 6986
440 2 6976 1 11 6990
441 7052 0 0 0 7052
442 1 10 0 7061 7072
443 7071 3 43 1 7118
444 0 0 7014 0 7014
445 6990 1 4 0 6995
446 64 0 7004 1 7069
447 4 0 7142 0 7146
448 7197 0 2 1 7200
449 7241 0 5 0 7246
450 4 0 7195 1 7200
451 7215 0 0 0 7215
452 7161 0 1 0 7162
453 6 7113 0 0 7119
454 3 7173 0 0 7176
455 7245 0 2 0 7247
456 1 0 7239 0 7240
457 7160 0 1 0 7161
458 683 0 6482 3 7168
459 2 0 7149 6 7157
460 7170 0 0 0 7170
461 1 2 1 7159 7163
462 2 1 7247 6 7256
463 2 0 2 7177 7181
464 1 0 1 7353 7355
465 0 0 7399 0 7399
466 7268 1 4 0 7273
467 0 10 1 7255 7266
468 1 0 7240 1 7242
469 11 0 7471 0 7482
470 0 7421 2 24 7447
471 0 7450 1 7 7458
472 0 7574 0 5 7579
473 7658 0 19 2 7679
474 7645 0 6 0 7651
475 1 7731 0 6 7738
476 0 4 1 7801 7806
477 6 0 7811 0 7817
478 7795 0 3 0 7798
479 7911 1 1 0 7913
480 7759 0 1 1 7761
481 7 1 0 7757 7765
482 7812 0 3 0 7815
483 1 0 7773 0 7774
484 2 2 0 7202 7206
485 7718 0 2 1 7721
486 0 8 2 7691 7701
487 1 2 2 7824 7829
488 7830 0 1 1 7832
489 7764 15 0 8 7787
490 1 0 7817 2 7820
491 2 0 7712 0 7714
492 0 1 7674 0 7675
493 7774 0 2 2 7778
494 2 7779 1 1 7783
495 7864 2 5 2 7873
496 1 0 0 7852 7853
497 3 0 7808 1 7812
498 7788 0 2 0 7790
499 7850 7 2 1 7860
500 1 7798 0 17 7816
501 7878 1 1 0 7880
502 7870 0 0 0 7870
503 6 8191 2 2 8201
504 8416 1 1 0 8418
505 8400 0 2 0 8402
506 8342 2 1 0 8345
507 2 2 8282 0 8286
508 8224 0 1 0 8225
509 0 4 0 8174 8178
510 0 0 8258 1 8259
511 1 8192 0 3 8196
512 8279 1 1 1 8282
513 8230 4 4 3 8241
514 0 0 8182 1 8183
515 231 0 7956 2 8189
516 0 8220 0 0 8220
517 8389 1 10 0 8400
518 8413 0 0 1 8414
519 8369 1 1 0 8371
520 8382 0 8 1 8391
521 5 0 8314 0 8319
522 8263 1 1 1 8266
523 0 1 0 8347 8348
524 8483 0 2 0 8485
525 8438 0 4 0 8442
526 8350 2 4 10 8366
527 6 0 8310 2 8318
528 0 2 8254 2 8258
529 8233 2 21 2 8258
530 22 0 8319 0 8341
531 0 1 8353 1 8355
532 8482 1 15 1 8499
533 8587 0 2 1 8590
534 2 2 8624 1 8629
535 0 3 1 8587 8591
536 9268 0 1 1 9270
537 9316 0 0 0 9316
538 9261 0 1 1 9263
539 0 9152 0 10 9162
540 9116 0 3 3 9122
541 2 9313 0 0 9315
542 0 4 0 9270 9274
543 1 9669 0 3 9673
544 9871 0 3 1 9875
545 9827 0 8 0 9835
546 10134 0 0 0 10134
547 10185 1 4 1 10191
548 10144 0 27 1 10172
549 1 0 10206 0 10207
550 10202 2 1 0 10205
551 10275 3 3 5 10286
552 5 0 10309 1 10315
553 1 0 10473 1 10475
554 29 1 10437 2 10469
555 10461 1 4 2 10468
556 10546 0 0 1 10547
557 12 0 10576 2 10590
558 1 3 0 10350 10354
559 0 3 2 10433 10438
560 0 10475 2 34 10511
561 0 10605 1 2 10608
562 4 0 10708 0 10712
563 0 3 8 10555 10566
564 0 3 2 10672 10677
565 3 4 1 10780 10788
566 2 0 10730 3 10735
567 10750 0 4 7 10761
568 10 10808 1 4 10823
569 10893 0 3 2 10898
570 10870 0 4 0 10874
571 0 0 0 10979 10979
572 10982 0 3 0 10985
573 10975 1 0 1 10977
574 10946 1 66 1 11014
575 11021 6 4 1 11032
576 10925 5 6 11 10947
577 9 0 11024 0 11033
578 0 0 10975 1 10976
579 4 0 11016 0 11020
580 10962 0 7 4 10973
581 3 525 0 10441 10969
582 10982 9 110 33 11134
583 0 20 2 11199 11221
584 268 0 10967 39 11274
585 4 11328 0 1 11333
586 10 0 11467 1 11478
587 0 14 1 11166 11181
588 11579 0 6 1 11586
589 11603 3 4 0 11610
590 1 8 1 11686 11696
591 90 2 11666 0 11758
592 0 3 1 11401 11405
593 11862 1 3 0 11866
594 1 3 1 11894 11899
595 1 1 0 12084 12086
596 8 0 11989 0 11997
597 2 0 0 12049 12051
598 1 12049 0 5 12055
599 0 12791 0 45 12836
600 1 6 0 13064 13071
601 1 3 2 13345 13351
602 127 0 13172 1 13300
603 13351 1 2 3 13357
604 2 3 13212 0 13217
605 13403 0 3 1 13407
606 9 0 13422 19 13450
607 2 2 1 13171 13176
608 16 0 13613 0 13629
609 1 11 0 13488 13500
610 0 4 0 14626 14630
611 15 0 15299 3 15317
612 3 0 15509 0 15512
613 0 6 2 15267 15275
614 15838 1 3 0 15842
615 15867 0 2 0 15869
616 15993 3 0 0 15996
617 1 1 1 16465 16468
618 4 0 16728 1 16733
619 5 0 16810 5 16820
620 16943 0 4 2 16949
621 16980 1 14 3 16998
622 6 17074 1 7 17088
623 17101 1 6 4 17112
624 1 1 0 17108 17110
625 0 1 0 17129 17130
626 1 16981 0 30 17012
627 4 17219 0 3 17226
628 3 1 0 17322 17326
629 3 17385 0 4 17392
630 17582 0 6 0 17588
631 17485 1 7 0 17493
632 17313 0 1 0 17314
633 6 17051 0 196 17253
634 16931 1 2 3 16937
635 4 17385 0 30 17419
636 3 17234 100 6 17343
637 7 17376 0 4 17387
638 13 17499 1 5 17518
639 17602 2 2 5 17611
640 15376 0 2078 3 17457
641 2 1 1 17591 17595
642 3 2 17602 2 17609
643 2 1 17467 3 17473
644 17406 2 156 2 17566
645 0 2 3 17713 17718
646 17644 1 9 0 17654
647 3 17781 0 8 17792
648 17903 0 2 0 17905
649 17798 0 4 0 17802
650 4 0 17697 2 17703
651 2 5 1 17604 17612
652 2 17682 0 23 17707
653 5 17873 0 12 17890
654 0 70 0 17919 17989
655 0 3 1 18112 18116
656 18006 0 2 0 18008
657 0 2 0 17966 17968
658 1 17985 0 15 18001
659 18118 4 5 0 18127
660 17927 2 2 2 17933
661 32 18045 0 1 18078
662 2 5 0 17942 17949
663 12 18112 0 1 18125
664 3 4 0 18059 18066
665 20 0 17988 2 18010
666 25 18081 5 1 18112
667 18154 0 2 1 18157
668 2 7 0 18335 18344
669 18288 1 0 2 18291
670 1 0 18263 4 18268
671 18075 0 3 0 18078
672 1 7 1 18277 18286
673 1 3 3 18481 18488
674 15 0 18255 1 18271
675 18252 2 5 2 18261
676 18342 2 1 1 18346
677 4 4 1 18355 18364
678 6 0 18245 1 18252
679 2 18429 1 8 18440
680 18458 0 4 0 18462
681 2 4 0 18477 18483
682 18551 2 1 0 18554
683 1 2 1 18547 18551
684 4 1 18384 1 18390
685 18253 0 4 1 18258
686 10 18418 2 1 18431
687 4 18441 0 0 18445
688 18587 1 6 0 18594
689 14 0 18551 0 18565
690 18338 0 3 0 18341
691 17 1 18545 0 18563
692 1 34 1 17847 17883
693 2 0 18487 3 18492
694 5 0 18437 3 18445
695 18497 0 8 1 18506
696 18594 4 5 3 18606
697 76 1 18397 9 18483
698 12 0 18365 0 18377
699 3 18667 2 1 18673
700 1 0 0 18777 18778
701 1 11 0 18980 18992
702 78 0 18713 0 18791
703 0 2 0 18719 18721
704 0 6 0 19127 19133
705 4 0 18848 0 18852
706 0 19016 0 0 19016
707 0 3 1 19306 19310
708 19275 2 12 0 19289
709 19117 0 2 0 19119
710 18954 3 3 0 18960
711 15 19468 0 0 19483
712 0 5 0 19415 19420
713 0 1 0 19626 19627
714 5 0 19501 0 19506
715 3 0 0 19697 19700
716 0 52 1 19773 19826
717 2 0 19720 0 19722
718 2 19445 0 7 19454
719 8 19568 2 7 19585
720 19525 3 5 3 19536
721 26 19815 0 6 19847
722 1 5 0 19975 19981
723 6 1 19919 3 19929
724 19779 0 0 0 19779
725 1 8 0 19953 19962
726 263 1 19725 1 19990
727 19949 0 3 0 19952
728 0 12 0 19909 19921
729 1 20151 0 5 20157
730 2 2 0 20145 20149
731 1 0 1 20111 20113
732 20072 0 0 1 20073
733 2 20176 1 1 20180
734 20175 0 4 2 20181
735 5 1 20228 1 20235
736 3 4 1 19636 19644
737 3 1 20088 16 20108
738 2 0 20036 2 20040
739 19770 0 7 0 19777
740 1 0 20171 1 20173
741 3 1 20089 0 20093
742 19837 1 0 2 19840
743 0 2 1 20046 20049
744 11 2 20056 0 20069
745 19685 0 379 3 20067
746 20178 1 1 0 20180
747 8 0 19953 0 19961
748 20055 0 5 1 20061
749 19994 4 3 0 20001
750 0 1 19757 1 19759
751 19676 2 2 1 19681
752 1 19 0 19772 19792
753 10 2 19555 1 19568
754 11 0 19368 0 19379
755 3 19453 0 20 19476
756 7 19467 1 3 19478
757 19834 11 12 0 19857
758 0 4 0 20165 20169
759 14 20353 0 3 20370
760 5 0 20397 4 20406
761 5 1 20251 2 20259
762 19985 1 7 3 19996
763 2 3 0 20082 20087
764 2 20141 0 13 20156
765 2 20486 1 3 20492
766 4 3 2 20367 20376
767 6 20378 0 8 20392
768 20494 9 3 1 20507
769 20298 2 1 1 20302
770 1 20402 0 2 20405
771 0 5 2 20196 20203
772 8 20299 0 1 20308
773 20070 4 7 0 20081
774 20 20291 1 36 20348
775 1 4 0 19942 19947
776 18 20165 1 19 20203
777 0 3 0 19788 19791
778 0 2 1 19864 19867
779 2 20095 0 7 20104
780 11 0 19808 0 19819
781 19287 1 3 1 19292
782 117 0 19247 3 19367
783 5 19287 0 4 19296
784 3 0 19325 0 19328
785 0 7 6 18772 18785
786 5 19091 0 9 19105
787 2 1 1 19205 19209
788 1 107 0 19013 19121
789 19144 1 3 2 19150
790 19039 0 3 3 19045
791 2 1 0 19071 19074
792 1 1 19069 1 19072
793 19013 1 3 3 19020
794 18994 2 1 5 19002
795 15 0 18910 1 18926
796 10 1 18735 1 18747
797 18670 0 2 1 18673
798 11 18809 0 2 18822
799 18779 1 3 2 18785
800 1 4 0 18720 18725
801 4 5 0 18694 18703
802 1 18672 0 8 18681
803 18667 1 2 2 18672
804 18634 1 3 0 18638
805 18451 0 9 0 18460
806 152 0 18007 1 18160
807 10 18096 1 2 18109
808 8 18244 1 3 18256
809 18230 1 2 0 18233
810 18195 2 6 1 18204
811 1 2 3 17953 17959
812 4 2 1 17821 17828
813 5 18184 0 14 18203
814 7 1 17261 2 17271
815 17518 1 3 1 17523
816 1 0 17618 0 17619
817 1 17361 0 8 17370
818 17494 1 5 3 17503
819 2 0 17271 1 17274
820 36 17246 0 3 17285
821 2 5 0 17283 17290
822 7 0 17259 2 17268
823 17180 0 2 0 17182
824 17211 1 1 1 17214
825 16980 1 4 0 16985
826 5 17206 0 8 17219
827 0 4 0 17013 17017
828 1 0 17015 4 17020
829 1 17079 3 7 17090
830 4 0 16916 1 16921
831 19 0 16404 2 16425
832 1 3 2 15943 15949
833 2 0 16117 1 16120
834 0 0 16186 1 16187
835 5 0 16184 0 16189
836 16012 0 9 1 16022
837 2 4 16133 2 16141
838 0 3 0 15431 15434
839 4 15826 0 5 15835
840 0 9 0 15970 15979
841 0 8 0 16032 16040
842 15956 0 4 0 15960
843 0 2 1 15666 15669
844 4 15551 1 4 15560
845 0 15521 0 4 15525
846 3 15542 1 4 15550
847 15702 0 3 3 15708
848 15594 0 0 0 15594
849 3 0 1 15498 15502
850 0 3 0 15489 15492
851 1 6 0 15571 15578
852 1 0 15297 4 15302
853 4 0 15229 1 15234
854 3 3 0 15014 15020
855 6 15046 1 3 15056
856 15214 0 3 1 15218
857 15109 1 0 0 15110
858 9 0 14960 1 14970
859 14764 0 6 1 14771
860 4 1 14560 5 14570
861 10 14123 0 21 14154
862 14040 0 3 0 14043
863 0 14250 0 5 14255
864 17 14368 1 3 14389
865 5 0 14413 1 14419
866 14223 0 1 0 14224
867 2 2 0 14237 14241
868 1 1 0 14290 14292
869 14180 0 0 1 14181
870 1 1 0 13968 13970
871 17 13854 0 2 13873
872 13520 0 0 2 13522
873 23 13558 4 6 13591
874 2 13597 2 9 13610
875 13540 0 2 0 13542
876 3 0 13429 0 13432
877 13306 0 1 0 13307
878 13247 0 5 1 13253
879 12 1 13191 0 13204
880 13107 0 0 3 13110
881 16 0 12973 1 12990
882 8 0 12774 1 12783
883 4 0 12718 0 12722
884 12802 0 6 1 12809
885 9 0 12674 1 12684
886 12662 0 1 0 12663
887 4 12449 0 1 12454
888 12528 7 4 0 12539
889 12409 0 2 1 12412
890 1 0 0 12350 12351
891 0 1 0 12244 12245
892 12270 0 2 1 12273
893 5 0 12138 1 12144
894 12067 0 2 0 12069
895 1 15 3 11829 11848
896 0 0 1 11893 11894
897 9 0 11788 1 11798
898 4 1 11660 1 11666
899 0 12 0 11458 11470
900 9 11339 1 4 11353
901 11369 2 1 0 11372
902 0 11317 0 2 11319
903 12 0 11295 3 11310
904 2 1 11224 0 11227
905 11138 0 0 1 11139
906 11113 0 4 0 11117
907 0 0 11048 1 11049
908 11011 1 0 1 11013
909 10835 1 1 0 10837
910 1 10869 0 1 10871
911 0 1 1 10792 10794
912 2 2 0 10806 10810
913 0 3 0 10836 10839
914 10730 0 0 3 10733
915 1 2 0 10472 10475
916 18 10516 0 1 10535
917 0 6 0 10418 10424
918 1 29 0 10351 10381
919 0 2 0 10399 10401
920 3 2 0 10410 10415
921 10225 0 29 0 10254
922 10137 1 0 0 10138
923 8 0 9893 0 9901
924 1 11 1 9649 9662
925 9780 0 1 0 9781
926 9770 0 3 0 9773
927 9565 0 171 1 9737
928 9621 0 5 0 9626
929 5 0 9002 1 9008
930 8683 0 3 0 8686
931 8474 0 9 0 8483
932 0 0 0 8366 8366
933 0 0 0 8363 8363
934 8 0 8211 1 8220
935 8129 0 15 0 8144
936 1 1 1 8082 8085
937 0 0 7974 0 7974
938 7935 0 2 0 7937
939 0 13 1 7896 7910
940 7968 0 1 0 7969
941 7784 0 0 0 7784
942 2 7761 0 16 7779
943 7664 1 0 0 7665
944 2 1 0 7552 7555
945 7360 0 1 0 7361
946 12 7511 0 11 7534
947 0 5 0 7486 7491
948 7483 0 4 2 7489
949 0 2 0 7373 7375
950 2 0 1 7308 7311
951 6 7308 0 7 7321
952 4 7262 0 1 7267
953 7035 0 1 2 7038
954 2 7133 1 2 7138
955 7035 0 1 0 7036
956 6957 0 1 0 6958
957 6917 0 0 0 6917
958 6768 0 2 0 6770
959 8 6839 0 1 6848
960 6757 1 0 0 6758
961 1 0 6684 0 6685
962 0 0 1 6516 6517
963 4 0 6576 2 6582
964 6602 0 5 0 6607
965 0 0 0 6607 6607
966 6584 0 0 0 6584
967 1 0 6460 1 6462
968 0 6384 0 0 6384
969 2 3 0 6396 6401
970 6383 0 3 0 6386
971 6281 2 0 1 6284
972 23 5760 0 425 6208
973 6071 1 1 0 6073
974 1 0 5951 0 5952
975 0 5776 0 1 5777
976 1 815 1 4888 5705
977 1 5732 1 0 5734
978 7 5713 0 31 5751
979 5663 0 2 0 5665
980 4 0 1 5469 5474
981 5460 0 1 1 5462
982 5420 0 3 0 5423
983 0 0 1 5279 5280
984 5317 0 1 0 5318
985 0 0 5198 0 5198
986 4 4773 0 1 4778
987 0 2 1 4722 4725
988 0 0 4748 0 4748
989 4516 0 0 1 4517
990 772 2105 0 1575 4452
991 4330 0 0 0 4330
992 0 1 0 4272 4273
993 2 0 4272 1 4275
994 0 0 4246 0 4246
995 0 1 0 4192 4193
996 2 6 0 4159 4167
997 0 0 4081 0 4081
998 2 6 0 3743 3751
999 3748 0 0 0 3748
1000 0 0 0 3717 3717
1001 1 3680 0 1 3682
1002 3643 0 2 0 3645
1003 0 1 0 3586 3587
1004 0 0 0 3596 3596
1005 3546 0 19 0 3565
1006 0 0 1 3405 3406
1007 0 3428 0 2 3430
1008 13 0 3405 0 3418
1009 0 1 2 3304 3307
1010 1 2 1 3317 3321
1011 3294 0 24 1 3319
1012 0 0 0 3266 3266
1013 0 0 1 3283 3284
1014 3286 1 3 0 3290
1015 1 0 3218 0 3219
1016 3163 0 0 0 3163
1017 3149 1 0 0 3150
1018 3083 0 1 0 3084
1019 0 3123 0 1 3124
1020 3082 0 1 0 3083
1021 0 0 1 3050 3051
1022 2 0 0 3085 3087
1023 0 0 3100 0 3100
1024 0 0 0 3072 3072
1025 3064 0 1 0 3065
1026 0 1 0 3057 3058
1027 2 0 2994 0 2996
1028 2997 0 0 1 2998
1029 3000 0 0 0 3000
1030 2979 0 0 0 2979
1031 0 0 1 2937 2938
1032 1 0 2871 0 2872
1033 2875 1 1 1 2878
1034 2864 0 0 0 2864
1035 27 0 2741 0 2768
1036 2 0 2687 0 2689
1037 2687 0 1 0 2688
1038 0 0 2 2659 2661
1039 1 0 2673 0 2674
1040 1 0 0 2666 2667
1041 7 0 2630 0 2637
1042 1 1 2645 0 2647
1043 0 0 0 2669 2669
1044 0 2 1 2578 2581
1045 1 0 2578 0 2579
1046 2499 0 0 1 2500
1047 2478 0 0 0 2478
1048 0 0 2472 0 2472
1049 0 3 0 2344 2347
1050 9 0 2334 0 2343
1051 0 0 0 2354 2354
1052 2306 0 0 0 2306
1053 0 2301 0 1 2302
1054 2220 0 0 0 2220
1055 1 0 2175 1 2177
1056 1 2163 0 0 2164
1057 2133 0 1 1 2135
1058 3 0 2146 0 2149
1059 3 0 1967 0 1970
1060 1 1981 0 1 1983
1061 1917 0 0 0 1917
1062 0 0 1906 0 1906
1063 0 0 0 1854 1854
1064 0 0 1845 0 1845
1065 0 1810 0 0 1810
1066 0 0 0 1791 1791
1067 0 0 0 1798 1798
1068 0 0 1729 0 1729
1069 0 1 0 1603 1604
1070 72 0 1507 0 1579
1071 1510 0 0 0 1510
1072 1477 0 0 0 1477
1073 2 0 0 1379 1381
1074 0 1 0 1360 1361
1075 0 0 1 1294 1295
1076 1189 0 0 0 1189
1077 1119 0 0 0 1119
1078 1061 0 0 0 1061
1079 715 0 0 0 715
1080 3 0 0 494 497
1081 352 0 0 0 352
1082 342 0 0 1 343
1083 332 0 0 0 332
1084 285 0 0 0 285
1085 79 0 0 1 80
1086 0 0 0 40 40
1087 0 40 0 0 40
1088 1 33 0 0 34
1089 0 0 0 34 34
1090 0 20 0 1 21
1091 0 1 0 15 16
1092 0 0 0 20 20
1093 0 0 15 0 15
1094 0 0 0 18 18
1095 0 0 0 18 18
1096 16 0 0 0 16
1097 0 14 0 0 14
1098 0 1 0 12 13
1099 12 0 0 0 12
1100 0 8 0 0 8
1101 0 0 0 4 4
1102 0 0 0 0 0
