0 0 0 0 0 0
1 11 8 2 1 22
2 0 0 24 0 24
3 0 24 0 0 24
4 25 0 0 0 25
5 0 0 25 0 25
6 24 0 1 0 25
7 27 0 0 0 27
8 0 0 27 0 27
9 0 34 0 0 34
10 37 20 3 12 72
11 0 0 82 0 82
12 78 6 5 0 89
13 0 0 108 0 108
14 0 0 151 0 151
15 186 0 14 0 200
16 0 0 0 270 270
17 0 6 0 302 308
18 0 0 0 561 561
19 23 0 837 0 860
20 0 5 0 929 934
21 0 0 0 987 987
22 0 3 0 1010 1013
23 1016 0 0 4 1020
24 1 4 1210 0 1215
25 0 0 0 1259 1259
26 0 1317 0 1 1318
27 1323 0 1 1 1325
28 0 1633 0 0 1633
29 0 0 0 1692 1692
30 2 0 1915 0 1917
31 0 0 1901 1 1902
32 0 1988 0 0 1988
33 2123 1 3 0 2127
34 2113 0 0 0 2113
35 2099 0 0 0 2099
36 0 2122 0 0 2122
37 2128 0 0 0 2128
38 0 0 2170 0 2170
39 2161 0 0 0 2161
40 2 0 2225 0 2227
41 2262 0 0 0 2262
42 2354 0 0 0 2354
43 2343 0 0 0 2343
44 2335 0 0 0 2335
45 2335 4 0 0 2339
46 0 12 0 2350 2362
47 1 0 2409 1 2411
48 0 0 2414 0 2414
49 0 2526 0 0 2526
50 5 0 2559 0 2564
51 2540 0 14 0 2554
52 2593 0 0 0 2593
53 0 2720 0 1 2721
54 2751 0 0 0 2751
55 2729 0 0 1 2730
56 0 2757 0 0 2757
57 2709 0 0 62 2771
58 2760 0 1 0 2761
59 0 2836 0 1 2837
60 2870 0 1 0 2871
61 0 2 0 2848 2850
62 0 0 2843 0 2843
63 2797 0 0 0 2797
64 0 2932 0 0 2932
65 0 2945 0 0 2945
66 2955 0 0 0 2955
67 0 2974 0 6 2980
68 2994 1 2 0 2997
69 2971 0 0 1 2972
70 0 3091 0 1 3092
71 3028 0 1 3 3032
72 0 3123 0 0 3123
73 3108 0 0 0 3108
74 3110 0 0 0 3110
75 3044 0 0 4 3048
76 1 0 0 3059 3060
77 0 2 0 3071 3073
78 1 0 3099 0 3100
79 3060 0 2 0 3062
80 0 4 3108 0 3112
81 0 0 3083 0 3083
82 0 1 0 2857 2858
83 0 0 3049 0 3049
84 0 0 3024 0 3024
85 0 0 3031 0 3031
86 0 7 0 3026 3033
87 0 3165 1 3 3169
88 0 3293 9 8 3310
89 10 4 3334 0 3348
90 1 0 3436 0 3437
91 0 0 3484 0 3484
92 3414 12 30 10 3466
93 6 0 3519 4 3529
94 0 3566 0 4 3570
95 3656 0 1 0 3657
96 3672 0 1 0 3673
97 1 3683 0 0 3684
98 0 3743 0 0 3743
99 3775 0 2 0 3777
100 3769 1 5 0 3775
101 0 1 0 3785 3786
102 0 1 3783 0 3784
103 0 3837 0 0 3837
104 38 3839 0 1 3878
105 3856 0 0 0 3856
106 0 3943 0 0 3943
107 1 3923 0 51 3975
108 4000 0 2 0 4002
109 0 1 0 4128 4129
110 4197 0 0 0 4197
111 4148 0 0 0 4148
112 4095 1 0 0 4096
113 0 4280 0 0 4280
114 0 4 0 4227 4231
115 0 0 0 4256 4256
116 0 1 0 4304 4305
117 0 0 4292 0 4292
118 4272 1 0 1 4274
119 4298 0 1 0 4299
120 0 1 4301 0 4302
121 0 4290 0 1 4291
122 4322 0 0 0 4322
123 0 0 4361 1 4362
124 1 0 4283 0 4284
125 4267 0 3 1 4271
126 4370 0 1 0 4371
127 0 0 0 4367 4367
128 1 2 0 4446 4449
129 2 4559 0 1 4562
130 5 0 0 4575 4580
131 3 0 4562 0 4565
132 0 0 4548 0 4548
133 4445 0 4 0 4449
134 0 0 4588 0 4588
135 0 0 0 4461 4461
136 1 0 4580 0 4581
137 0 4613 0 6 4619
138 1 0 0 4677 4678
139 4698 0 0 0 4698
140 0 3 0 4686 4689
141 2 0 4710 0 4712
142 4703 0 1 0 4704
143 4720 1 3 0 4724
144 4745 2 0 0 4747
145 0 0 4682 2 4684
146 6 0 4648 0 4654
147 1 4760 0 2 4763
148 0 0 0 4755 4755
149 0 2 0 4784 4786
150 0 2 0 4796 4798
151 0 4865 0 4 4869
152 4873 0 1 3 4877
153 0 0 1 4792 4793
154 0 0 4877 1 4878
155 5 0 4839 1 4845
156 0 4971 0 0 4971
157 4998 0 1 0 4999
158 4991 0 20 0 5011
159 4988 1 0 0 4989
160 0 0 4944 1 4945
161 4965 0 1 0 4966
162 0 0 4947 1 4948
163 1 4914 0 0 4915
164 0 4910 2 0 4912
165 0 4999 0 0 4999
166 0 0 0 5043 5043
167 0 0 0 5051 5051
168 0 0 4968 0 4968
169 4995 0 1 0 4996
170 0 5032 0 1 5033
171 0 5 0 4977 4982
172 4924 0 0 0 4924
173 0 4973 0 10 4983
174 1 4942 0 12 4955
175 0 4921 0 0 4921
176 2 4885 0 3 4890
177 2 0 4884 3 4889
178 2 0 4937 1 4940
179 0 1 0 4829 4830
180 0 4948 0 0 4948
181 5046 0 0 0 5046
182 5000 0 3 0 5003
183 0 0 4994 0 4994
184 5020 0 0 0 5020
185 0 4959 0 2 4961
186 1 4960 0 2 4963
187 7 0 4899 0 4906
188 0 4924 0 0 4924
189 0 4990 0 4 4994
190 1 0 1 5014 5016
191 5011 0 3 0 5014
192 5032 0 0 0 5032
193 4987 1 0 0 4988
194 2 1 0 4889 4892
195 4959 0 1 0 4960
196 0 0 4905 0 4905
197 4890 0 0 2 4892
198 0 4963 0 1 4964
199 4 1 0 4972 4977
200 4969 0 0 1 4970
201 4911 0 0 0 4911
202 4894 0 0 1 4895
203 4870 0 7 0 4877
204 4858 0 0 0 4858
205 1 0 4923 0 4924
206 4811 1 3 0 4815
207 4847 0 0 1 4848
208 4923 0 0 0 4923
209 4951 0 0 0 4951
210 1 0 1 4931 4933
211 0 3 0 4938 4941
212 4972 0 1 0 4973
213 0 0 4843 0 4843
214 4811 1 0 0 4812
215 20 0 4844 0 4864
216 0 0 0 4759 4759
217 0 4856 0 2 4858
218 4845 0 0 0 4845
219 4825 0 0 0 4825
220 1 0 4884 0 4885
221 4766 0 0 0 4766
222 4759 0 0 0 4759
223 0 1 0 4833 4834
224 4899 0 0 0 4899
225 4904 0 0 0 4904
226 4856 0 1 0 4857
227 4797 0 5 0 4802
228 4750 0 1 0 4751
229 8 4754 0 0 4762
230 0 0 0 4714 4714
231 2 4771 0 1 4774
232 4719 0 0 0 4719
233 0 4782 0 0 4782
234 4787 0 0 0 4787
235 4754 0 2 0 4756
236 3 4718 0 0 4721
237 4738 0 0 0 4738
238 4739 0 5 0 4744
239 4712 0 0 1 4713
240 4609 0 4 0 4613
241 0 0 4571 0 4571
242 1 2 0 3905 3908
243 0 1 4236 0 4237
244 4528 0 0 0 4528
245 0 0 4535 0 4535
246 2 4487 0 10 4499
247 2 4578 0 0 4580
248 1 1 0 4651 4653
249 0 0 4645 0 4645
250 4594 0 3 0 4597
251 4640 0 2 0 4642
252 4643 0 5 0 4648
253 11 0 4604 1 4616
254 1 1 1 4233 4236
255 4461 0 95 11 4567
256 4680 0 6 4 4690
257 4684 1 4 1 4690
258 4731 0 6 2 4739
259 1 0 4632 0 4633
260 1 0 4502 0 4503
261 4590 1 0 0 4591
262 0 0 0 4567 4567
263 1 0 4588 0 4589
264 1 0 0 4429 4430
265 1 4444 0 1 4446
266 1 4421 0 3 4425
267 2 4667 1 0 4670
268 0 1 0 4704 4705
269 2 0 0 4795 4797
270 0 0 4692 0 4692
271 4639 0 0 0 4639
272 4688 2 11 1 4702
273 1 2 4716 0 4719
274 4638 0 0 1 4639
275 16 0 4880 0 4896
276 4939 3 7 0 4949
277 3 0 5012 0 5015
278 5023 0 26 1 5050
279 5100 0 7 0 5107
280 5149 0 2 0 5151
281 5158 0 3 0 5161
282 2 0 5061 0 5063
283 2 5041 3 1 5047
284 5164 0 0 1 5165
285 5220 0 0 0 5220
286 0 0 0 5177 5177
287 0 2 0 5176 5178
288 1 0 5217 4 5222
289 0 0 5180 0 5180
290 5074 0 2 4 5080
291 7 0 5324 0 5331
292 1 1 0 5167 5169
293 5228 0 140 0 5368
294 5460 0 0 0 5460
295 5447 0 0 0 5447
296 5426 0 0 1 5427
297 5406 0 0 0 5406
298 0 0 0 5410 5410
299 0 0 5414 0 5414
300 5397 0 3 0 5400
301 0 0 0 5499 5499
302 6 0 5499 0 5505
303 5558 1 1 1 5561
304 5594 0 1 1 5596
305 5610 0 1 1 5612
306 14 0 5566 0 5580
307 0 5 0 5195 5200
308 5405 0 0 1 5406
309 3 5504 0 4 5511
310 0 1 0 5471 5472
311 1 5541 0 0 5542
312 0 5563 0 1 5564
313 1 1 2 5624 5628
314 5558 0 5 2 5565
315 1 0 0 5584 5585
316 0 1 0 5621 5622
317 0 5 0 5689 5694
318 5735 0 1 0 5736
319 0 0 0 5715 5715
320 3 1 5599 0 5603
321 5623 0 23 1 5647
322 5594 0 0 4 5598
323 0 7 0 5505 5512
324 0 5586 1 3 5590
325 0 5580 0 2 5582
326 4 0 5583 2 5589
327 0 7 0 5469 5476
328 0 5494 0 1 5495
329 0 0 1 5515 5516
330 146 0 5359 0 5505
331 0 5538 0 0 5538
332 0 1 0 5551 5552
333 0 0 5549 0 5549
334 3 0 5504 0 5507
335 5589 0 6 1 5596
336 5595 0 1 0 5596
337 0 8 0 5587 5595
338 0 1 0 5609 5610
339 0 0 5554 0 5554
340 5548 1 0 1 5550
341 5539 0 2 0 5541
342 2 0 5516 1 5519
343 0 0 5477 0 5477
344 0 0 5503 1 5504
345 1 4 1 5150 5156
346 0 3 0 5409 5412
347 0 1 0 5511 5512
348 0 0 5450 0 5450
349 5488 0 2 0 5490
350 1 0 5459 1 5461
351 1 5397 0 0 5398
352 0 5456 0 6 5462
353 5474 0 2 0 5476
354 0 0 0 5496 5496
355 5436 0 6 0 5442
356 0 5526 0 1 5527
357 0 2 0 5517 5519
358 5 1 5488 0 5494
359 1 0 0 5392 5393
360 5439 0 0 0 5439
361 0 0 0 5517 5517
362 0 0 5432 2 5434
363 5431 0 0 1 5432
364 5412 0 1 0 5413
365 2 5406 0 4 5412
366 5456 0 0 3 5459
367 0 0 5424 12 5436
368 0 2 0 5299 5301
369 0 1 0 5401 5402
370 0 5417 1 0 5418
371 0 15 0 5428 5443
372 0 0 0 5428 5428
373 0 5461 0 0 5461
374 5492 0 0 0 5492
375 5402 0 1 0 5403
376 5374 0 0 0 5374
377 0 0 0 5412 5412
378 5340 0 136 0 5476
379 1 0 5308 0 5309
380 0 5282 0 1 5283
381 5383 0 1 0 5384
382 5357 0 3 0 5360
383 0 5391 0 1 5392
384 0 2 0 5358 5360
385 0 0 5408 0 5408
386 0 6 0 5243 5249
387 5331 0 7 1 5339
388 0 5340 0 0 5340
389 46 0 5321 0 5367
390 5317 0 0 0 5317
391 5296 1 12 0 5309
392 5343 0 11 0 5354
393 2 4 0 5280 5286
394 5268 0 3 0 5271
395 0 5324 0 2 5326
396 5387 0 0 0 5387
397 5349 0 0 2 5351
398 0 1 0 5249 5250
399 0 0 0 5308 5308
400 0 0 5261 1 5262
401 0 0 5200 0 5200
402 5203 0 25 4 5232
403 3 5110 0 2 5115
404 2 5195 0 0 5197
405 0 0 5268 0 5268
406 5224 0 7 0 5231
407 0 0 1 5241 5242
408 0 0 0 5208 5208
409 4997 0 44 1 5042
410 1 5160 0 3 5164
411 0 5145 0 2 5147
412 0 5255 0 0 5255
413 3 49 0 5228 5280
414 0 1 0 5150 5151
415 3 5236 0 1 5240
416 5248 0 1 0 5249
417 5154 0 1 0 5155
418 1 5218 0 0 5219
419 5042 0 2 1 5045
420 0 5208 0 0 5208
421 2 5315 0 0 5317
422 5330 2 10 0 5342
423 3 0 5352 1 5356
424 5301 0 0 0 5301
425 0 0 5317 0 5317
426 5237 0 1 0 5238
427 0 0 5280 0 5280
428 47 0 5201 0 5248
429 2 3 0 5003 5008
430 1 0 5131 0 5132
431 0 5096 0 6 5102
432 0 5249 0 1 5250
433 1 5 2 5270 5278
434 1 2 2 5359 5364
435 0 0 5358 0 5358
436 5317 0 9 1 5327
437 0 1 1 5354 5356
438 2 0 5375 0 5377
439 5368 0 1 1 5370
440 2 5382 2 0 5386
441 5431 0 0 1 5432
442 0 10 0 5482 5492
443 5498 4 0 4 5506
444 55 0 5360 0 5415
445 5433 0 3 0 5436
446 6 0 5545 0 5551
447 1 0 5676 0 5677
448 5681 0 1 0 5682
449 5752 0 6 0 5758
450 0 0 5724 0 5724
451 5778 0 0 0 5778
452 5699 0 0 0 5699
453 4 5698 0 2 5704
454 6 5772 1 3 5782
455 5935 2 0 0 5937
456 1395 0 4494 0 5889
457 5867 0 0 1 5868
458 1 0 5894 0 5895
459 1 0 5835 17 5853
460 5896 1 0 5 5902
461 0 1 0 5938 5939
462 0 4 5977 0 5981
463 0 1 0 5979 5980
464 0 2 0 6136 6138
465 1 0 6180 0 6181
466 6121 6 1 0 6128
467 18 6 13 6082 6119
468 8 0 6067 0 6075
469 4 0 6166 0 6170
470 1 6116 0 14 6131
471 2 5946 0 218 6166
472 1 6282 0 10 6293
473 6405 0 7 0 6412
474 6382 0 0 0 6382
475 1 6405 0 0 6406
476 3 2 0 6487 6492
477 1 0 6527 0 6528
478 6464 0 3 0 6467
479 6616 0 0 0 6616
480 6525 1 0 0 6526
481 5 0 7 6505 6517
482 6528 0 0 0 6528
483 1 0 6505 0 6506
484 0 1 1 5969 5971
485 6427 0 0 0 6427
486 1 0 0 6399 6400
487 0 1 0 6519 6520
488 6536 0 0 5 6541
489 6464 18 0 8 6490
490 0 1 6503 0 6504
491 0 0 6374 3 6377
492 2 0 6429 1 6432
493 6499 0 1 0 6500
494 1 6516 0 0 6517
495 6562 0 0 0 6562
496 0 1 0 6544 6545
497 3 0 6486 0 6489
498 6490 0 0 0 6490
499 6564 0 1 0 6565
500 0 6515 0 8 6523
501 6588 0 1 0 6589
502 6598 0 0 1 6599
503 0 6870 0 0 6870
504 7057 0 2 4 7063
505 7067 1 5 0 7073
506 7020 0 1 0 7021
507 1 0 6967 1 6969
508 6924 0 3 0 6927
509 0 1 0 6863 6864
510 3 0 6919 0 6922
511 2 6855 0 2 6859
512 6941 1 1 1 6944
513 6953 1 0 0 6954
514 1 0 6953 0 6954
515 28 0 6858 0 6886
516 0 6934 0 2 6936
517 7060 0 0 2 7062
518 7033 0 1 0 7034
519 6952 0 2 1 6955
520 6987 1 3 1 6992
521 1 0 7026 2 7029
522 6991 1 4 0 6996
523 0 0 1 7039 7040
524 7160 0 1 0 7161
525 7139 1 0 2 7142
526 7017 15 3 2 7037
527 18 0 6975 8 7001
528 0 0 7016 1 7017
529 6984 5 31 1 7021
530 19 0 7038 3 7060
531 0 0 7051 2 7053
532 7206 0 1 2 7209
533 7335 1 2 2 7340
534 0 0 7360 1 7361
535 4 2 0 7298 7304
536 7824 0 5 0 7829
537 7900 0 2 0 7902
538 7888 1 0 0 7889
539 1 7764 0 39 7804
540 7757 1 0 1 7759
541 3 7865 0 0 7868
542 0 0 1 7779 7780
543 0 8099 0 0 8099
544 8297 0 1 0 8298
545 8276 0 6 0 8282
546 8464 0 0 0 8464
547 8545 0 1 0 8546
548 8504 0 5 0 8509
549 0 0 8477 1 8478
550 8459 0 2 0 8461
551 8521 0 1 3 8525
552 1 0 8585 7 8593
553 2 0 8694 0 8696
554 0 0 8704 2 8706
555 8678 1 0 0 8679
556 8722 0 2 0 8724
557 1 0 8775 3 8779
558 0 5 1 8564 8570
559 1 1 1 8640 8643
560 4 8707 1 0 8712
561 0 8827 0 5 8832
562 0 0 8946 0 8946
563 0 0 2 8867 8869
564 0 3 1 8964 8968
565 2 4 0 9045 9051
566 1 2 8977 1 8981
567 8981 1 4 3 8989
568 1 9064 0 1 9066
569 9199 0 1 0 9200
570 9119 0 0 54 9173
571 1 0 0 9248 9249
572 9254 0 0 0 9254
573 9236 0 2 0 9238
574 9228 4 0 1 9233
575 9273 1 0 0 9274
576 9228 14 3 0 9245
577 9 0 9299 2 9310
578 2 0 9213 1 9216
579 0 0 9269 4 9273
580 9217 0 18 6 9241
581 0 1 0 9222 9223
582 9326 11 38 6 9381
583 3 14 0 9490 9507
584 5 0 9575 2 9582
585 1 9550 0 5 9556
586 3 0 9712 1 9716
587 1 7 0 9550 9558
588 9874 1 5 0 9880
589 9914 0 2 0 9916
590 0 0 0 9939 9939
591 26 1 9992 1 10020
592 1 1 0 9721 9723
593 10055 0 2 0 10057
594 1 1 0 10068 10070
595 1 0 1 10223 10225
596 2 0 10147 2 10151
597 0 3 2 10120 10125
598 1 10106 0 4 10111
599 0 10768 0 6 10774
600 4 1 1 10927 10933
601 0 0 1 11174 11175
602 56 0 11052 4 11112
603 11165 0 4 1 11170
604 0 0 11012 5 11017
605 11160 0 35 3 11198
606 1 0 11200 1 11202
607 0 4 0 10994 10998
608 0 0 11398 0 11398
609 1 2 0 11306 11309
610 0 5 0 12092 12097
611 1 1 12419 8 12429
612 1 0 12564 0 12565
613 1 1 1 12354 12357
614 12817 1 4 0 12822
615 12828 0 0 0 12828
616 12917 0 4 3 12924
617 1 1 1 13202 13205
618 0 0 13321 1 13322
619 4 1 13360 2 13367
620 13436 0 2 0 13438
621 13462 0 1 2 13465
622 4 13530 0 2 13536
623 13538 0 14 5 13557
624 2 2 0 13506 13510
625 1 5 1 13516 13523
626 2 13459 0 2 13463
627 2 13513 0 2 13517
628 4 4 0 13608 13616
629 0 13720 3 1 13724
630 13824 8 1 0 13833
631 13755 1 0 0 13756
632 13610 2 0 0 13612
633 1 13511 0 2 13514
634 13326 0 0 0 13326
635 1 13685 0 1 13687
636 3 13595 1 9 13608
637 22 13638 0 5 13665
638 2 13777 0 8 13787
639 13916 1 7 0 13924
640 13791 1 1 0 13793
641 0 0 1 13932 13933
642 2 0 13926 1 13929
643 1 0 13788 0 13789
644 13842 0 4 1 13847
645 0 0 1 14016 14017
646 13954 0 10 1 13965
647 1 14107 0 0 14108
648 14219 0 0 1 14220
649 14134 0 3 2 14139
650 3 1 13976 15 13995
651 0 1 0 13909 13910
652 1 14015 0 0 14016
653 5 14136 0 2 14143
654 0 2 2 14251 14255
655 0 1 0 14357 14358
656 14339 1 0 1 14341
657 1 1 0 14318 14320
658 2 14282 0 8 14292
659 14437 1 0 0 14438
660 14236 1 1 6 14244
661 9 14358 0 3 14370
662 0 2 1 14255 14258
663 0 14407 0 1 14408
664 0 1 0 14398 14399
665 62 0 14279 1 14342
666 1 14414 0 0 14415
667 14536 0 1 2 14539
668 0 1 1 14585 14587
669 14599 1 3 1 14604
670 1 0 14517 5 14523
671 14372 1 0 0 14373
672 0 7 0 14549 14556
673 0 3 0 14718 14721
674 6 0 14567 4 14577
675 14579 0 0 0 14579
676 14669 0 1 2 14672
677 0 1 0 14701 14702
678 4 0 14592 3 14599
679 0 14687 1 3 14691
680 14837 0 0 0 14837
681 2 12 0 14765 14779
682 14900 1 0 0 14901
683 0 5 0 14854 14859
684 12 1 14682 0 14695
685 14594 1 1 1 14597
686 0 14795 0 2 14797
687 1 14795 0 3 14799
688 14934 0 3 2 14939
689 1 0 14942 2 14945
690 14713 0 14 0 14727
691 10 0 14901 0 14911
692 0 4 1 14323 14328
693 5 1 14926 0 14932
694 3 1 14870 1 14875
695 14967 0 2 1 14970
696 15028 3 1 10 15042
697 112 0 14821 0 14933
698 7 0 14836 1 14844
699 2 15105 0 0 15107
700 0 3 0 15195 15198
701 2 3 0 15338 15343
702 9 0 15192 1 15202
703 2 1 0 15101 15104
704 0 1 0 15403 15404
705 1 0 15169 12 15182
706 0 15232 0 1 15233
707 1 8 1 15466 15476
708 15434 2 3 0 15439
709 15294 2 0 0 15296
710 15151 2 1 7 15161
711 183 15284 0 0 15467
712 0 4 0 15349 15353
713 7 0 0 15604 15611
714 1 0 15460 3 15464
715 1 0 0 15554 15555
716 0 1 0 15679 15680
717 0 1 15550 4 15555
718 0 15270 1 14 15285
719 10 15434 0 4 15448
720 15407 0 3 2 15412
721 0 15717 2 2 15721
722 6 7 0 15691 15704
723 7 10 15655 6 15678
724 15616 1 1 2 15620
725 2 1 0 15663 15666
726 73 0 15537 1 15611
727 15469 0 3 0 15472
728 1 2 0 15523 15526
729 0 15697 0 2 15699
730 3 13 0 15612 15628
731 0 2 0 15670 15672
732 15651 1 0 2 15654
733 1 15774 0 1 15776
734 15778 0 2 0 15780
735 3 0 15761 0 15764
736 1 0 4 15197 15202
737 0 2 15626 19 15647
738 1 0 15651 1 15653
739 15379 0 6 1 15386
740 4 0 15724 0 15728
741 3 0 15684 0 15687
742 15455 1 4 0 15460
743 0 0 0 15655 15655
744 3 0 15646 1 15650
745 15714 0 1 2 15717
746 15832 3 2 1 15838
747 0 0 15650 0 15650
748 15754 1 1 0 15756
749 15662 7 3 3 15675
750 8 0 15514 0 15522
751 15498 0 0 4 15502
752 2 0 0 15519 15521
753 11 0 15346 1 15358
754 7 0 15170 2 15179
755 0 15125 0 9 15134
756 1 15095 0 7 15103
757 15458 19 5 0 15482
758 2 0 0 15659 15661
759 1 15770 0 3 15774
760 2 5 15786 9 15802
761 3 0 15587 0 15590
762 15429 0 0 1 15430
763 1 2 0 15331 15334
764 0 15413 0 3 15416
765 0 15596 0 16 15612
766 0 12 2 15498 15512
767 0 15541 6 4 15551
768 15681 2 1 0 15684
769 15445 1 0 4 15450
770 0 15513 1 0 15514
771 0 0 0 15377 15377
772 0 15434 0 1 15435
773 15190 1 4 0 15195
774 17 15413 3 0 15433
775 12 2 1 15060 15075
776 5 15363 7 0 15375
777 0 2 3 14902 14907
778 0 1 1 14884 14886
779 4 15106 0 12 15122
780 3 0 14926 0 14929
781 14446 0 3 1 14450
782 1 0 14475 2 14478
783 0 14434 0 0 14434
784 0 0 14441 0 14441
785 0 2 0 14065 14067
786 0 14218 0 2 14220
787 0 1 1 14280 14282
788 3 7 2 14222 14234
789 14271 0 0 1 14272
790 14172 0 0 0 14172
791 0 4 1 14133 14138
792 3 0 14165 0 14168
793 14138 1 2 2 14143
794 14089 3 2 3 14097
795 2 0 13999 2 14003
796 0 1 13893 1 13895
797 13766 0 8 1 13775
798 2 13937 0 1 13940
799 13920 1 2 0 13923
800 1 1 0 13817 13819
801 2 7 0 13796 13805
802 2 13839 2 2 13845
803 13836 0 1 0 13837
804 13807 1 0 1 13809
805 13584 0 10 0 13594
806 6 5 13441 1 13453
807 1 13369 1 0 13371
808 1 13493 0 2 13496
809 13464 3 4 1 13472
810 13417 0 2 0 13419
811 0 0 0 13220 13220
812 1 0 1 13050 13052
813 1 13347 0 4 13352
814 3 0 12600 0 12603
815 12774 0 18 0 12792
816 1 0 12940 0 12941
817 0 12748 0 5 12753
818 12881 0 0 1 12882
819 0 0 12724 1 12725
820 11 12742 0 4 12757
821 0 5 0 12827 12832
822 7 0 12767 0 12774
823 12724 0 1 0 12725
824 12692 0 17 0 12709
825 12561 0 7 0 12568
826 0 12664 0 3 12667
827 0 1 0 12457 12458
828 1 0 12540 0 12541
829 2 12504 0 2 12508
830 4 0 12451 5 12460
831 341 0 11878 0 12219
832 0 0 0 11828 11828
833 1 0 11953 0 11954
834 1 0 12017 1 12019
835 2 0 11981 2 11985
836 11905 0 2 0 11907
837 3 3 12011 0 12017
838 0 6 0 11479 11485
839 1 11741 0 2 11744
840 2 3 1 11944 11950
841 0 8 0 11912 11920
842 11842 0 16 0 11858
843 2 0 4 11533 11539
844 0 11369 0 2 11371
845 0 11363 1 2 11366
846 5 11384 0 0 11389
847 11622 5 1 1 11629
848 11552 0 2 0 11554
849 0 4 0 11385 11389
850 0 1 0 11372 11373
851 0 6 9 11518 11533
852 9 0 11218 0 11227
853 10 0 11169 1 11180
854 0 1 0 10985 10986
855 2 10975 0 0 10977
856 11181 0 1 0 11182
857 11118 1 1 2 11122
858 1 1 10985 0 10987
859 10813 0 0 0 10813
860 0 0 10635 0 10635
861 0 10318 0 4 10322
862 10247 0 1 0 10248
863 2 10350 0 3 10355
864 1 10470 1 4 10476
865 1 0 10545 0 10546
866 10391 0 0 0 10391
867 1 0 0 10381 10382
868 0 0 0 10405 10405
869 10314 0 0 0 10314
870 1 0 1 10151 10153
871 15 9982 0 2 9999
872 9760 0 0 0 9760
873 5 9803 0 3 9811
874 0 9938 0 3 9941
875 9870 0 0 0 9870
876 1 0 9826 0 9827
877 9706 0 3 1 9710
878 9736 0 0 0 9736
879 10 0 9696 0 9706
880 9602 0 0 0 9602
881 0 0 9511 0 9511
882 0 0 9352 2 9354
883 3 0 9225 0 9228
884 9373 0 2 0 9375
885 1 0 9224 0 9225
886 9216 0 1 3 9220
887 1 9049 0 0 9050
888 9166 37 0 1 9204
889 9101 35 0 1 9137
890 0 0 1 9014 9015
891 0 0 1 8957 8958
892 8988 0 0 0 8988
893 2 0 8866 1 8869
894 8771 0 0 0 8771
895 0 5 1 8550 8556
896 1 4 0 8714 8719
897 3 0 8624 1 8628
898 21 0 8478 0 8499
899 1 3 3 8286 8293
900 4 8203 1 6 8214
901 8361 0 0 1 8362
902 0 8307 0 18 8325
903 2 0 8323 0 8325
904 3 0 8271 1 8275
905 8180 0 0 0 8180
906 8209 0 3 0 8212
907 0 0 8111 0 8111
908 8078 0 1 0 8079
909 7955 0 3 0 7958
910 1 7976 0 1 7978
911 1 2 0 7874 7877
912 0 5 0 7925 7930
913 0 4 0 7933 7937
914 7870 0 0 2 7872
915 2 2 2 7623 7629
916 30 7636 0 0 7666
917 0 0 4 7585 7589
918 0 200 0 7354 7554
919 0 0 1 7567 7568
920 0 2 1 7623 7626
921 7549 0 7 0 7556
922 7416 0 0 0 7416
923 10 0 7243 0 7253
924 1 0 1 7049 7051
925 7171 0 0 0 7171
926 7157 0 0 0 7157
927 7120 0 4 0 7124
928 7040 0 3 0 7043
929 13 0 6692 1 6706
930 6457 0 4 0 6461
931 6365 0 3 0 6368
932 1 0 0 6180 6181
933 0 1 1 6210 6212
934 14 0 6054 1 6069
935 6020 0 0 0 6020
936 0 0 0 5935 5935
937 4 0 5891 0 5895
938 5942 0 1 0 5943
939 0 1 0 5869 5870
940 5918 0 2 0 5920
941 5727 0 0 0 5727
942 0 5727 0 3 5730
943 5688 0 0 0 5688
944 0 0 0 5549 5549
945 5356 0 7 1 5364
946 0 5490 0 3 5493
947 1 5 0 5455 5461
948 5487 0 0 0 5487
949 0 0 2 5366 5368
950 1 0 0 5299 5300
951 1 5272 0 5 5278
952 1 5263 0 5 5269
953 5084 0 1 0 5085
954 11 5125 7 0 5143
955 5210 0 0 0 5210
956 5158 0 0 0 5158
957 5118 1 2 0 5121
958 4969 0 0 1 4970
959 1 5080 0 1 5082
960 5029 0 0 0 5029
961 0 0 5002 0 5002
962 0 0 0 4870 4870
963 17 0 4915 0 4932
964 4971 0 1 1 4973
965 0 0 0 4927 4927
966 4912 0 5 0 4917
967 0 0 4836 2 4838
968 1 4779 0 0 4780
969 0 1 0 4743 4744
970 4775 0 1 0 4776
971 4661 0 3 0 4664
972 0 4554 0 48 4602
973 4519 1 0 0 4520
974 0 0 4401 0 4401
975 0 4251 0 1 4252
976 0 1420 0 2782 4202
977 1 4210 0 1 4212
978 0 4250 5 2 4257
979 4262 0 0 0 4262
980 0 0 0 4200 4200
981 4210 0 0 0 4210
982 4191 0 0 0 4191
983 1 0 1 4073 4075
984 4113 0 0 0 4113
985 1 0 4023 0 4024
986 0 3758 0 0 3758
987 1 0 0 3690 3691
988 4 0 3722 0 3726
989 3526 0 0 0 3526
990 554 2879 3 16 3452
991 3413 0 2 0 3415
992 0 0 0 3350 3350
993 2 0 3343 1 3346
994 3 0 3313 0 3316
995 0 2 0 3262 3264
996 0 1 0 3246 3247
997 0 0 3221 0 3221
998 1 0 0 2943 2944
999 2977 0 0 0 2977
1000 0 0 0 2913 2913
1001 3 2855 0 3 2861
1002 2871 1 0 0 2872
1003 0 0 0 2822 2822
1004 0 0 0 2789 2789
1005 2783 0 0 0 2783
1006 0 0 1 2616 2617
1007 0 2695 0 0 2695
1008 11 0 2684 0 2695
1009 0 0 2 2518 2520
1010 0 1 0 2536 2537
1011 2536 0 0 0 2536
1012 1 0 0 2429 2430
1013 0 1 0 2484 2485
1014 2499 0 0 0 2499
1015 0 0 2464 0 2464
1016 2386 0 0 0 2386
1017 2375 0 0 0 2375
1018 2337 0 1 0 2338
1019 0 2394 0 6 2400
1020 2356 0 0 0 2356
1021 0 0 0 2317 2317
1022 0 1 0 2335 2336
1023 0 0 2385 0 2385
1024 0 0 1 2351 2352
1025 2353 0 0 0 2353
1026 0 0 0 2325 2325
1027 0 0 2310 0 2310
1028 2301 0 0 0 2301
1029 2298 0 1 0 2299
1030 2288 0 0 0 2288
1031 0 0 1 2256 2257
1032 0 0 2217 0 2217
1033 2231 0 0 1 2232
1034 2204 0 0 0 2204
1035 1 0 2110 0 2111
1036 1 0 2060 0 2061
1037 2062 0 0 0 2062
1038 0 0 2 2030 2032
1039 0 0 2033 0 2033
1040 0 1 0 2041 2042
1041 1 0 2020 1 2022
1042 2 0 2040 0 2042
1043 0 0 1 2037 2038
1044 0 0 2 2003 2005
1045 0 0 1991 0 1991
1046 1934 0 0 0 1934
1047 1894 0 0 0 1894
1048 0 1 1912 25 1938
1049 0 0 1 1809 1810
1050 3 0 1818 0 1821
1051 1 5 0 1805 1811
1052 1762 0 0 0 1762
1053 1 1745 0 0 1746
1054 1673 0 1 0 1674
1055 0 0 1647 1 1648
1056 0 1630 0 0 1630
1057 1596 0 0 0 1596
1058 1 0 1602 0 1603
1059 0 0 1456 0 1456
1060 1 1439 0 0 1440
1061 1414 0 0 0 1414
1062 0 0 1409 0 1409
1063 0 0 0 1381 1381
1064 1 0 1362 0 1363
1065 0 1326 0 3 1329
1066 0 0 1 1338 1339
1067 0 0 1 1354 1355
1068 0 0 1319 0 1319
1069 0 0 0 1216 1216
1070 0 0 1211 1 1212
1071 1160 0 0 0 1160
1072 1164 0 0 0 1164
1073 0 0 0 1077 1077
1074 0 0 0 1052 1052
1075 0 0 0 1027 1027
1076 948 0 0 0 948
1077 902 0 0 0 902
1078 837 0 1 0 838
1079 574 0 0 0 574
1080 8 0 1 385 394
1081 272 0 0 0 272
1082 248 0 0 0 248
1083 245 0 0 0 245
1084 195 0 0 0 195
1085 67 0 0 0 67
1086 0 0 0 40 40
1087 0 38 0 0 38
1088 0 37 0 0 37
1089 0 0 0 33 33
1090 0 34 0 0 34
1091 0 0 0 34 34
1092 0 0 0 33 33
1093 0 0 9 0 9
1094 0 0 0 10 10
1095 0 0 0 9 9
1096 1 0 0 0 1
1097 0 3 0 0 3
1098 0 0 0 3 3
1099 2 0 0 0 2
1100 0 3 0 0 3
1101 0 0 0 2 2
1102 0 0 2 0 2
