0 0 0 0 0 0
1 6 0 0 0 6
2 0 0 11 0 11
3 0 11 0 0 11
4 11 0 0 0 11
5 0 0 11 0 11
6 11 0 0 0 11
7 11 0 0 0 11
8 0 0 13 0 13
9 0 15 0 0 15
10 13 10 2 8 33
11 0 0 35 0 35
12 41 0 0 0 41
13 0 0 46 0 46
14 0 0 55 0 55
15 84 0 3 1 88
16 0 0 0 107 107
17 0 4 0 109 113
18 0 0 0 221 221
19 0 0 321 0 321
20 0 0 0 338 338
21 0 0 1 363 364
22 0 1 1 374 376
23 382 0 0 0 382
24 9 0 462 0 471
25 0 0 0 467 467
26 0 493 0 0 493
27 499 1 0 0 500
28 0 631 0 0 631
29 0 0 0 650 650
30 0 0 713 0 713
31 0 0 717 0 717
32 2 776 0 0 778
33 801 0 0 0 801
34 811 0 0 0 811
35 803 0 0 0 803
36 0 818 0 1 819
37 788 0 0 21 809
38 1 0 832 0 833
39 838 0 0 0 838
40 18 0 842 0 860
41 865 0 0 0 865
42 903 0 0 0 903
43 904 0 0 0 904
44 901 0 0 0 901
45 900 2 0 0 902
46 0 2 0 905 907
47 1 0 903 0 904
48 0 0 911 0 911
49 0 944 0 0 944
50 0 0 968 0 968
51 948 0 3 0 951
52 971 0 0 0 971
53 0 1035 0 0 1035
54 1055 0 0 0 1055
55 1041 0 0 0 1041
56 1 1047 0 0 1048
57 1055 0 2 0 1057
58 1058 0 0 0 1058
59 1 1057 0 0 1058
60 1076 0 0 0 1076
61 0 0 0 1068 1068
62 0 0 1069 0 1069
63 1056 0 0 1 1057
64 0 1109 0 0 1109
65 0 1127 0 1 1128
66 1127 0 0 0 1127
67 0 1139 0 0 1139
68 1141 0 1 0 1142
69 1137 0 1 0 1138
70 1 1200 0 0 1201
71 1184 0 0 0 1184
72 2 1208 0 0 1210
73 1207 0 0 0 1207
74 1224 0 1 0 1225
75 1195 0 0 0 1195
76 1 0 0 1198 1199
77 0 0 0 1195 1195
78 1 0 1218 0 1219
79 1200 0 1 0 1201
80 0 0 1219 0 1219
81 0 0 1205 0 1205
82 0 2 0 1143 1145
83 1 0 1201 0 1202
84 0 0 1200 0 1200
85 0 0 1199 0 1199
86 0 25 0 1166 1191
87 1 1246 2 0 1249
88 1 1293 1 0 1295
89 23 0 1281 0 1304
90 0 0 1330 0 1330
91 0 0 1347 0 1347
92 1313 2 27 5 1347
93 2 0 1386 0 1388
94 0 1391 0 0 1391
95 1433 0 0 0 1433
96 1423 0 0 1 1424
97 0 1424 0 1 1425
98 1 1442 0 0 1443
99 1449 0 2 0 1451
100 1452 0 0 0 1452
101 0 37 0 1446 1483
102 0 0 1483 0 1483
103 0 1505 0 0 1505
104 1 1512 0 1 1514
105 1485 0 0 1 1486
106 0 1532 0 0 1532
107 1 1539 0 1 1541
108 1565 0 0 0 1565
109 0 0 0 1599 1599
110 1632 0 0 0 1632
111 1604 0 0 0 1604
112 1591 0 1 0 1592
113 2 1638 0 0 1640
114 0 2 0 1637 1639
115 0 0 0 1638 1638
116 0 0 0 1650 1650
117 1 0 1648 0 1649
118 1639 0 0 0 1639
119 1646 0 0 0 1646
120 0 0 1633 0 1633
121 0 1647 0 0 1647
122 1640 0 2 0 1642
123 0 0 1666 0 1666
124 0 0 1663 0 1663
125 1647 0 5 0 1652
126 1681 0 2 0 1683
127 0 0 0 1690 1690
128 1 0 0 1707 1708
129 0 1756 0 0 1756
130 0 0 0 1759 1759
131 1 0 1746 0 1747
132 0 0 1741 0 1741
133 1729 0 1 1 1731
134 0 0 1758 0 1758
135 0 0 0 1729 1729
136 0 0 1745 0 1745
137 0 1761 0 4 1765
138 0 0 0 1762 1762
139 1772 0 0 0 1772
140 0 1 0 1776 1777
141 1 0 1778 0 1779
142 1792 0 1 0 1793
143 1788 0 0 0 1788
144 1803 0 0 1 1804
145 0 0 1790 0 1790
146 0 0 1779 1 1780
147 0 1816 0 0 1816
148 0 0 0 1819 1819
149 0 2 0 1808 1810
150 0 0 0 1819 1819
151 0 1825 0 1 1826
152 1852 0 0 0 1852
153 0 0 0 1812 1812
154 1 0 1838 0 1839
155 0 0 1840 0 1840
156 0 1883 0 0 1883
157 1900 0 0 0 1900
158 1903 0 0 0 1903
159 1893 0 0 0 1893
160 12 0 1885 0 1897
161 1888 0 0 0 1888
162 0 0 1875 0 1875
163 0 1877 0 0 1877
164 0 1864 0 2 1866
165 0 1900 0 0 1900
166 0 0 0 1906 1906
167 0 0 0 1903 1903
168 0 0 1887 0 1887
169 1901 0 0 0 1901
170 0 1904 0 0 1904
171 0 0 0 1885 1885
172 1858 0 0 0 1858
173 0 1879 0 0 1879
174 0 1881 2 0 1883
175 1 1879 0 0 1880
176 0 1889 1 0 1890
177 0 0 1863 0 1863
178 0 0 1886 0 1886
179 0 5 1 1843 1849
180 1 1915 0 0 1916
181 1970 0 0 0 1970
182 1941 1 0 0 1942
183 0 0 1939 2 1941
184 1949 0 0 0 1949
185 0 1927 0 0 1927
186 1 1915 0 0 1916
187 4 0 1917 0 1921
188 0 1910 0 2 1912
189 1 1930 0 0 1931
190 0 1 0 1927 1928
191 1936 0 1 0 1937
192 1941 0 0 0 1941
193 1930 0 0 0 1930
194 1 0 0 1906 1907
195 1908 0 0 0 1908
196 0 0 1904 4 1908
197 1911 0 0 0 1911
198 0 1922 0 0 1922
199 0 0 0 1938 1938
200 1930 0 0 0 1930
201 1923 0 0 0 1923
202 1903 0 1 0 1904
203 1903 0 0 0 1903
204 1892 0 0 0 1892
205 0 0 1904 0 1904
206 1860 0 2 1 1863
207 1877 0 0 0 1877
208 1881 0 1 0 1882
209 1896 0 0 2 1898
210 0 0 0 1901 1901
211 0 1 0 1899 1900
212 1917 0 7 0 1924
213 0 0 1895 0 1895
214 1880 0 0 0 1880
215 0 1 1881 1 1883
216 0 0 0 1829 1829
217 0 1890 0 0 1890
218 1883 0 0 0 1883
219 1876 0 0 0 1876
220 1 0 1883 0 1884
221 1862 0 0 0 1862
222 1855 0 0 0 1855
223 0 0 0 1877 1877
224 1888 0 2 0 1890
225 1848 0 42 0 1890
226 1883 0 0 0 1883
227 1855 0 4 0 1859
228 1847 0 0 0 1847
229 6 1847 0 0 1853
230 0 0 0 1837 1837
231 1 1847 0 0 1848
232 1837 0 0 0 1837
233 0 1856 0 0 1856
234 1875 0 0 0 1875
235 1863 0 1 0 1864
236 0 1847 0 0 1847
237 1850 1 0 0 1851
238 1850 0 0 0 1850
239 1835 0 0 0 1835
240 1830 0 2 0 1832
241 0 0 1811 1 1812
242 0 5 0 1549 1554
243 1 0 1705 0 1706
244 1793 0 0 0 1793
245 1 0 1778 0 1779
246 0 1779 0 1 1780
247 0 1797 0 1 1798
248 0 0 0 1810 1810
249 0 0 1818 0 1818
250 1802 1 0 0 1803
251 1819 0 1 0 1820
252 1821 0 0 0 1821
253 0 0 1830 0 1830
254 0 3 0 1692 1695
255 1799 0 0 0 1799
256 1848 0 0 0 1848
257 1839 0 0 0 1839
258 1842 0 0 0 1842
259 2 0 1795 0 1797
260 1 0 1765 1 1767
261 1785 0 0 0 1785
262 0 1 0 1775 1776
263 1 0 1776 0 1777
264 0 0 0 1719 1719
265 0 1733 0 0 1733
266 1 1668 0 68 1737
267 2 1794 0 0 1796
268 0 1 1 1819 1821
269 0 3 0 1841 1844
270 0 0 1814 0 1814
271 1786 0 0 0 1786
272 1743 0 44 0 1787
273 4 0 1797 1 1802
274 1794 0 0 1 1795
275 0 0 1909 1 1910
276 1911 0 1 0 1912
277 0 0 1963 0 1963
278 1972 0 0 0 1972
279 1987 0 0 0 1987
280 2018 0 2 0 2020
281 2018 1 1 0 2020
282 0 0 2003 0 2003
283 52 1956 1 0 2009
284 2064 0 1 0 2065
285 2075 0 0 6 2081
286 0 0 1 2062 2063
287 9 1 0 2053 2063
288 4 0 2073 0 2077
289 0 0 2050 3 2053
290 2016 1 0 0 2017
291 10 0 2096 0 2106
292 0 1 0 2038 2039
293 2105 1 1 3 2110
294 1263 0 899 0 2162
295 2170 0 0 0 2170
296 2166 0 0 0 2166
297 2150 1 0 2 2153
298 0 0 0 2157 2157
299 0 0 2132 1 2133
300 2136 0 0 0 2136
301 1 0 0 2168 2169
302 0 0 2149 0 2149
303 2181 0 0 0 2181
304 2166 0 39 0 2205
305 2209 0 0 0 2209
306 0 0 2199 0 2199
307 0 0 1 2111 2112
308 2152 0 0 0 2152
309 0 2232 0 1 2233
310 0 4 0 2227 2231
311 0 2248 0 0 2248
312 0 2275 0 0 2275
313 9 0 0 2291 2300
314 1467 2 815 0 2284
315 1 1 0 2284 2286
316 1 0 0 2312 2313
317 1 2 0 2314 2317
318 2319 0 1 0 2320
319 0 0 0 2308 2308
320 0 0 2295 0 2295
321 2298 0 0 0 2298
322 2295 0 0 0 2295
323 0 4 0 2277 2281
324 0 2286 0 0 2286
325 0 2266 0 1 2267
326 0 0 2302 0 2302
327 0 0 7 2256 2263
328 0 2273 0 0 2273
329 0 51 0 2230 2281
330 51 0 2231 0 2282
331 0 2303 0 0 2303
332 0 0 0 2315 2315
333 2 6 2311 0 2319
334 0 0 2292 0 2292
335 2319 0 0 0 2319
336 2314 0 0 0 2314
337 0 0 0 2311 2311
338 0 3 0 2331 2334
339 0 0 2315 0 2315
340 2287 0 0 0 2287
341 2299 0 0 0 2299
342 0 0 2298 0 2298
343 0 0 2280 0 2280
344 0 0 2300 0 2300
345 0 0 0 2194 2194
346 0 0 0 2260 2260
347 0 0 0 2299 2299
348 0 0 2287 0 2287
349 2270 0 2 0 2272
350 0 0 2265 0 2265
351 1 2235 0 2 2238
352 0 2264 0 1 2265
353 2286 0 0 0 2286
354 0 0 0 2284 2284
355 2267 0 0 0 2267
356 0 2298 0 0 2298
357 0 2 0 2308 2310
358 0 0 2288 0 2288
359 0 0 0 2259 2259
360 2276 0 0 0 2276
361 0 0 0 2277 2277
362 0 0 2259 0 2259
363 2252 0 0 0 2252
364 2260 0 0 0 2260
365 0 2270 0 0 2270
366 2267 0 0 0 2267
367 0 0 2248 0 2248
368 0 3 0 2215 2218
369 0 1 0 2232 2233
370 0 2261 0 0 2261
371 0 4 1 2262 2267
372 0 0 0 2260 2260
373 0 2260 0 0 2260
374 2278 0 0 1 2279
375 2268 0 0 0 2268
376 2273 0 0 0 2273
377 0 0 0 2268 2268
378 2287 0 1 0 2288
379 1 0 2246 0 2247
380 0 2236 0 1 2237
381 2265 0 0 0 2265
382 2256 0 0 0 2256
383 0 2259 0 3 2262
384 2 0 0 2259 2261
385 0 0 2273 0 2273
386 0 2 0 2245 2247
387 2260 0 0 0 2260
388 0 2264 0 0 2264
389 418 1 1864 0 2283
390 2267 0 0 0 2267
391 2266 0 0 0 2266
392 2274 0 3 0 2277
393 0 0 0 2269 2269
394 2279 0 0 1 2280
395 0 2286 0 0 2286
396 2296 0 0 0 2296
397 2267 0 0 0 2267
398 0 0 0 2251 2251
399 0 439 0 1823 2262
400 1 0 2244 4 2249
401 2 0 2219 0 2221
402 2209 0 30 0 2239
403 0 2209 1 4 2214
404 0 2236 0 2 2238
405 0 0 2261 0 2261
406 2216 0 2 0 2218
407 1 0 0 2240 2241
408 0 1 0 2256 2257
409 2211 0 1 1 2213
410 2 2250 0 0 2252
411 0 2248 0 0 2248
412 0 2275 0 0 2275
413 7 1 0 2246 2254
414 0 0 1 2217 2218
415 0 2252 0 0 2252
416 2243 0 3 0 2246
417 2221 0 0 0 2221
418 0 2225 0 0 2225
419 2161 1 0 0 2162
420 0 2202 0 0 2202
421 0 2237 0 0 2237
422 2247 0 1 0 2248
423 0 0 2251 0 2251
424 2224 0 1 0 2225
425 2 0 2239 0 2241
426 2223 0 0 0 2223
427 1 0 2225 0 2226
428 3 2 2219 0 2224
429 1 0 0 2119 2120
430 1 0 2190 0 2191
431 0 2179 0 0 2179
432 0 2219 0 0 2219
433 0 1 0 2239 2240
434 0 1 0 2274 2275
435 0 0 2267 0 2267
436 2278 0 0 0 2278
437 0 0 0 2284 2284
438 2 0 2277 0 2279
439 2262 0 1 0 2263
440 0 2293 0 0 2293
441 2277 2 3 0 2282
442 0 0 0 2306 2306
443 2306 0 10 0 2316
444 0 0 2317 2 2319
445 2294 0 2 0 2296
446 12 0 2337 2 2351
447 1 0 2382 0 2383
448 2386 0 0 0 2386
449 2405 0 0 0 2405
450 0 0 2411 0 2411
451 2422 0 0 1 2423
452 2398 0 3 0 2401
453 0 2386 0 1 2387
454 5 2377 0 1 2383
455 2432 0 0 0 2432
456 0 0 2414 1 2415
457 2414 0 0 0 2414
458 3 1 2441 0 2445
459 0 0 2433 0 2433
460 2422 1 3 2 2428
461 0 0 0 2424 2424
462 0 0 2423 0 2423
463 1 1 0 2407 2409
464 0 1 0 2462 2463
465 0 0 2450 0 2450
466 2430 0 1 0 2431
467 0 0 2 2442 2444
468 1 0 2418 0 2419
469 1 0 2490 0 2491
470 0 2462 1 14 2477
471 2 2483 1 2 2488
472 2 2510 0 3 2515
473 2550 0 1 0 2551
474 2546 0 2 0 2548
475 0 2548 0 0 2548
476 0 4 0 2574 2578
477 0 1 2603 0 2604
478 2580 0 0 0 2580
479 2630 0 0 0 2630
480 2587 0 0 0 2587
481 8 0 0 2569 2577
482 2589 0 3 0 2592
483 0 0 2596 0 2596
484 2 0 0 2394 2396
485 2556 0 0 0 2556
486 0 1 1 2565 2567
487 0 0 0 2585 2585
488 2578 0 0 0 2578
489 2574 2 0 4 2580
490 0 0 2558 2 2560
491 1 0 2518 0 2519
492 0 0 2531 0 2531
493 2545 0 0 0 2545
494 1 2545 0 0 2546
495 2561 0 0 0 2561
496 0 0 0 2546 2546
497 8 0 2543 0 2551
498 2536 0 5 0 2541
499 2570 0 0 0 2570
500 3 2550 0 1 2554
501 2570 0 0 0 2570
502 2571 0 1 0 2572
503 0 2667 0 0 2667
504 2751 0 0 0 2751
505 2740 0 0 0 2740
506 2744 0 3 0 2747
507 0 0 2743 2 2745
508 2740 0 0 0 2740
509 0 0 0 2722 2722
510 0 0 2721 0 2721
511 2 2701 0 1 2704
512 2733 0 1 0 2734
513 2730 0 1 0 2731
514 1 0 2719 0 2720
515 4 0 2714 0 2718
516 0 2744 0 0 2744
517 2787 0 0 0 2787
518 2765 0 0 0 2765
519 2766 0 1 0 2767
520 2770 0 0 0 2770
521 0 0 2789 0 2789
522 2789 0 0 0 2789
523 0 1 1 2813 2815
524 2822 0 1 0 2823
525 2830 0 0 1 2831
526 2820 0 1 0 2821
527 1 0 2809 0 2810
528 0 0 2808 0 2808
529 2789 0 9 0 2798
530 1 1 2806 0 2808
531 0 0 2789 1 2790
532 2822 0 0 0 2822
533 2858 0 1 3 2862
534 0 0 2868 5 2873
535 0 0 1 2860 2861
536 3065 0 1 0 3066
537 3090 0 0 1 3091
538 3073 0 5 0 3078
539 1 3055 0 0 3056
540 3053 0 1 0 3054
541 0 3101 0 0 3101
542 0 0 1 3098 3099
543 0 3221 0 0 3221
544 3273 0 0 0 3273
545 3258 1 0 0 3259
546 3355 0 0 0 3355
547 3354 1 5 0 3360
548 3363 0 1 0 3364
549 0 0 3357 0 3357
550 3343 0 0 2 3345
551 3364 4 6 2 3376
552 2 0 3429 0 3431
553 0 0 3466 0 3466
554 1 0 3472 0 3473
555 3440 0 0 0 3440
556 3469 0 1 0 3470
557 0 0 3468 0 3468
558 0 1 0 3397 3398
559 1 0 0 3414 3415
560 1 3396 0 1 3398
561 1 3443 0 0 3444
562 51 0 3410 3 3464
563 0 0 0 3433 3433
564 0 0 0 3458 3458
565 0 4 0 3517 3521
566 0 0 3495 0 3495
567 3519 0 0 1 3520
568 60 3491 0 0 3551
569 3568 0 1 0 3569
570 3547 0 0 0 3547
571 0 0 0 3582 3582
572 3585 0 0 0 3585
573 3594 0 2 0 3596
574 3587 0 2 0 3589
575 3599 2 0 0 3601
576 3569 1 1 0 3571
577 2 0 3596 1 3599
578 0 0 3567 0 3567
579 1 0 3576 0 3577
580 3595 1 6 0 3602
581 0 162 1 3414 3577
582 3624 0 2 0 3626
583 0 1 0 3652 3653
584 3 0 3654 1 3658
585 1 3630 1 1 3633
586 14 0 3723 0 3737
587 0 0 0 3632 3632
588 3741 1 0 0 3742
589 3745 0 0 0 3745
590 0 0 1 3748 3749
591 23 0 3745 0 3768
592 0 0 1 3675 3676
593 3777 0 1 0 3778
594 0 0 1 3804 3805
595 0 0 1 3813 3814
596 0 0 3783 0 3783
597 0 1 0 3792 3793
598 0 3790 0 1 3791
599 0 3965 0 0 3965
600 0 0 0 4013 4013
601 0 0 0 4076 4076
602 6 0 4048 0 4054
603 4075 0 0 0 4075
604 1 0 4023 0 4024
605 4105 0 0 0 4105
606 16 0 4063 2 4081
607 1 2 1 4022 4026
608 1 0 4118 1 4120
609 0 1 1 4075 4077
610 0 2 0 4305 4307
611 1 0 4349 1 4351
612 0 0 4449 0 4449
613 0 0 0 4414 4414
614 4526 0 1 0 4527
615 4565 0 0 0 4565
616 4563 0 2 0 4565
617 1 0 1 4760 4762
618 0 0 4824 0 4824
619 2 0 4822 0 4824
620 4831 1 0 0 4832
621 4810 0 10 0 4820
622 8 4832 0 0 4840
623 4821 0 17 0 4838
624 0 1 0 4847 4848
625 0 0 0 4832 4832
626 0 4806 0 0 4806
627 1 4889 0 0 4890
628 3 0 0 4897 4900
629 0 4922 0 0 4922
630 4978 0 2 0 4980
631 4967 0 0 0 4967
632 4914 0 0 0 4914
633 0 4909 0 0 4909
634 4791 0 0 0 4791
635 0 4950 0 0 4950
636 22 4887 0 1 4910
637 0 4932 0 0 4932
638 3 4970 0 0 4973
639 4980 0 0 0 4980
640 4965 0 7 0 4972
641 0 1 0 5031 5032
642 2 0 5055 0 5057
643 2 0 5001 1 5004
644 5009 0 0 0 5009
645 0 0 0 5022 5022
646 4994 0 6 0 5000
647 0 5058 0 2 5060
648 5093 0 1 0 5094
649 5067 1 0 0 5068
650 0 0 5060 0 5060
651 0 0 0 5034 5034
652 1 5072 0 0 5073
653 1 5126 0 0 5127
654 1 3 0 5153 5157
655 0 1 0 5189 5190
656 5178 0 0 1 5179
657 0 0 0 5156 5156
658 1 5171 0 1 5173
659 5230 0 1 0 5231
660 5153 0 1 1 5155
661 3 5226 0 4 5233
662 0 0 0 5179 5179
663 1 5260 0 0 5261
664 0 0 0 5229 5229
665 6 0 5217 0 5223
666 15 5224 0 1 5240
667 5241 0 0 0 5241
668 1 0 0 5314 5315
669 5294 0 0 1 5295
670 4 0 5296 0 5300
671 5251 0 2 0 5253
672 0 0 0 5317 5317
673 0 4 0 5383 5387
674 3 0 5326 1 5330
675 5363 1 1 0 5365
676 5374 1 0 1 5376
677 1 0 0 5400 5401
678 1 0 5343 0 5344
679 0 5372 0 3 5375
680 5410 0 0 0 5410
681 0 1 0 5412 5413
682 5422 0 1 0 5423
683 1 1 0 5445 5447
684 0 0 5422 0 5422
685 5359 0 0 0 5359
686 3 5401 0 0 5404
687 2 5402 0 0 5404
688 5420 0 2 3 5425
689 0 0 5419 0 5419
690 5333 0 0 2 5335
691 0 0 5415 0 5415
692 1 1 0 5245 5247
693 1 0 5412 0 5413
694 0 0 5384 0 5384
695 5449 0 0 0 5449
696 5443 0 1 0 5444
697 4 0 5414 0 5418
698 2 0 5355 0 5357
699 0 5434 0 1 5435
700 0 1 0 5460 5461
701 0 2 0 5520 5522
702 0 0 5484 1 5485
703 0 0 0 5418 5418
704 1 9 0 5546 5556
705 0 0 5459 0 5459
706 0 5499 0 0 5499
707 0 0 0 5593 5593
708 5532 1 0 1 5534
709 5512 0 2 0 5514
710 5467 1 0 0 5468
711 4 5562 0 0 5566
712 1 1 0 5529 5531
713 0 1 0 5607 5608
714 0 0 5556 2 5558
715 0 0 0 5597 5597
716 0 2 0 5638 5640
717 2 0 5579 0 5581
718 0 5514 0 1 5515
719 0 5542 0 1 5543
720 5505 1 8 2 5516
721 4 5582 0 15 5601
722 1 1 0 5636 5638
723 2 0 5606 0 5608
724 5589 0 0 1 5590
725 0 1 0 5641 5642
726 47 0 5570 0 5617
727 5591 0 0 0 5591
728 0 0 0 5606 5606
729 0 5662 0 0 5662
730 1 8 0 5648 5657
731 0 2 0 5662 5664
732 5632 0 0 2 5634
733 0 5658 0 0 5658
734 5687 0 0 0 5687
735 2 0 5680 0 5682
736 1 5 0 5528 5534
737 0 0 5609 12 5621
738 1 0 5604 1 5606
739 5535 0 6 0 5541
740 4 0 5656 4 5664
741 0 0 5656 0 5656
742 5569 0 1 0 5570
743 0 0 0 5618 5618
744 0 0 5600 1 5601
745 5601 0 0 2 5603
746 5622 0 2 2 5626
747 0 0 5576 0 5576
748 5585 1 1 0 5587
749 5557 1 3 0 5561
750 0 0 5492 0 5492
751 5467 1 0 2 5470
752 6 2 1 5491 5500
753 2 0 5429 0 5431
754 4 0 5333 0 5337
755 0 5358 0 0 5358
756 0 5377 0 1 5378
757 5483 1 1 0 5485
758 3 2 0 5519 5524
759 0 5571 0 3 5574
760 3 0 5555 2 5560
761 2 0 5492 0 5494
762 5405 0 2 1 5408
763 0 0 0 5426 5426
764 1 5455 0 1 5457
765 2 5537 0 1 5540
766 0 0 0 5514 5514
767 1 5516 0 1 5518
768 5539 0 0 1 5540
769 5464 0 2 0 5466
770 0 5512 0 0 5512
771 0 0 0 5433 5433
772 0 5441 0 1 5442
773 5375 0 0 0 5375
774 11 5439 0 0 5450
775 4 1 0 5362 5367
776 0 5412 0 0 5412
777 0 1 0 5293 5294
778 0 1 0 5260 5261
779 0 5350 0 2 5352
780 2 0 5237 1 5240
781 5074 5 0 0 5079
782 0 0 5117 0 5117
783 2 5013 0 0 5015
784 3 0 5045 0 5048
785 1 0 1 4912 4914
786 10 4944 0 0 4954
787 1 0 0 4941 4942
788 1 9 0 4901 4911
789 4866 0 30 2 4898
790 4872 0 1 1 4874
791 0 0 0 4889 4889
792 0 0 4876 0 4876
793 4866 0 0 1 4867
794 4852 0 0 1 4853
795 0 0 4848 1 4849
796 0 0 4814 0 4814
797 4792 0 2 0 4794
798 8 4835 0 1 4844
799 4837 0 3 0 4840
800 0 0 0 4810 4810
801 1 0 0 4784 4785
802 0 4815 0 0 4815
803 4804 1 0 0 4805
804 4792 0 0 0 4792
805 4704 0 2 0 4706
806 1 0 4666 0 4667
807 0 4577 0 4 4581
808 0 4621 0 2 4623
809 4640 2 6 0 4648
810 4587 0 0 0 4587
811 0 0 0 4536 4536
812 0 0 0 4487 4487
813 0 4558 0 3 4561
814 10 0 4345 0 4355
815 4367 0 0 0 4367
816 0 1 4403 1 4405
817 0 4320 0 5 4325
818 4309 0 15 0 4324
819 1 0 4266 0 4267
820 6 4240 0 2 4248
821 0 0 0 4266 4266
822 1 0 4218 0 4219
823 4216 0 0 0 4216
824 4219 0 0 0 4219
825 4163 0 0 0 4163
826 0 4191 0 0 4191
827 0 2 0 4141 4143
828 0 0 4154 0 4154
829 0 4135 0 0 4135
830 1 0 4139 0 4140
831 0 0 4062 0 4062
832 0 0 0 3938 3938
833 2 0 3951 0 3953
834 0 0 3971 1 3972
835 0 0 3963 0 3963
836 3952 0 0 0 3952
837 0 0 3953 6 3959
838 0 7 0 3837 3844
839 3 3906 0 0 3909
840 0 0 0 3971 3971
841 0 3 0 3965 3968
842 3928 0 2 0 3930
843 1 0 0 3852 3853
844 1 3812 0 2 3815
845 1 3817 0 1 3819
846 14 3789 0 2 3805
847 3846 0 0 0 3846
848 3809 0 1 0 3810
849 0 0 0 3772 3772
850 0 1 0 3786 3787
851 0 1 0 3820 3821
852 0 0 3751 0 3751
853 0 0 3733 0 3733
854 1 0 0 3670 3671
855 0 3705 0 0 3705
856 3744 0 0 0 3744
857 3743 0 1 0 3744
858 0 0 3683 0 3683
859 3629 0 2 0 3631
860 0 0 3586 1 3587
861 2 3507 0 0 3509
862 3502 0 0 0 3502
863 0 3541 0 2 3543
864 0 3576 0 0 3576
865 0 0 3579 0 3579
866 3542 0 0 0 3542
867 0 1 0 3543 3544
868 0 0 0 3575 3575
869 3538 0 0 0 3538
870 0 1 0 3474 3475
871 0 3428 0 1 3429
872 3339 0 1 0 3340
873 0 3342 0 1 3343
874 0 3394 0 0 3394
875 3375 0 0 0 3375
876 1 0 3343 0 3344
877 3291 0 0 0 3291
878 3280 0 0 0 3280
879 0 0 3277 0 3277
880 3240 0 3 0 3243
881 1 0 3219 1 3221
882 0 0 3200 3 3203
883 0 0 3149 0 3149
884 3176 0 1 0 3177
885 0 0 3147 0 3147
886 3168 0 0 1 3169
887 0 3123 0 0 3123
888 3111 0 0 0 3111
889 3113 0 0 0 3113
890 1 0 1 3062 3064
891 0 3 0 3044 3047
892 3048 0 0 0 3048
893 10 0 3013 0 3023
894 3004 0 0 0 3004
895 0 3 1 2929 2933
896 0 1 0 2934 2935
897 1 2 2861 0 2864
898 0 0 2850 0 2850
899 0 0 0 2803 2803
900 0 2771 0 0 2771
901 2775 0 0 0 2775
902 6 2762 0 0 2768
903 1 0 2763 0 2764
904 0 0 2739 0 2739
905 2703 0 7 0 2710
906 2720 0 11 0 2731
907 1 0 2703 0 2704
908 2690 0 0 0 2690
909 2646 0 1 0 2647
910 1 2659 0 0 2660
911 0 2 0 2641 2643
912 1 0 0 2645 2646
913 0 0 0 2625 2625
914 2575 0 0 1 2576
915 0 0 1 2520 2521
916 14 2528 0 0 2542
917 0 0 0 2497 2497
918 0 0 0 2491 2491
919 0 0 0 2486 2486
920 0 0 0 2497 2497
921 2482 0 0 0 2482
922 2451 0 0 0 2451
923 2 0 2380 0 2382
924 0 0 0 2302 2302
925 2354 0 0 0 2354
926 2346 0 0 0 2346
927 2342 0 6 0 2348
928 2332 0 1 0 2333
929 0 0 2209 0 2209
930 2183 0 0 0 2183
931 2163 0 0 0 2163
932 0 0 0 2134 2134
933 0 4 0 2132 2136
934 0 0 2095 0 2095
935 2076 0 0 0 2076
936 0 1 0 2048 2049
937 8 0 2042 0 2050
938 2037 0 3 0 2040
939 0 0 0 2014 2014
940 2013 0 0 0 2013
941 1993 0 0 0 1993
942 0 1979 0 0 1979
943 1946 0 0 0 1946
944 0 0 0 1946 1946
945 1882 0 0 0 1882
946 6 1935 0 0 1941
947 0 0 0 1910 1910
948 1909 0 4 0 1913
949 0 0 1 1889 1890
950 0 0 0 1877 1877
951 1 1857 0 1 1859
952 2 1864 0 1 1867
953 1822 0 0 0 1822
954 2 1832 0 0 1834
955 1817 0 0 0 1817
956 1800 0 0 0 1800
957 1777 0 0 0 1777
958 1745 0 0 0 1745
959 0 1767 0 1 1768
960 1764 0 0 0 1764
961 0 0 1750 0 1750
962 0 0 0 1706 1706
963 0 0 1728 0 1728
964 1739 0 0 0 1739
965 3 0 0 1729 1732
966 1728 0 0 0 1728
967 0 0 1715 0 1715
968 0 1695 0 0 1695
969 0 0 0 1699 1699
970 1698 0 0 0 1698
971 1679 0 0 0 1679
972 0 1265 0 351 1616
973 1622 0 0 0 1622
974 0 0 1593 0 1593
975 0 1565 0 1 1566
976 0 8 0 1552 1560
977 1 1576 0 0 1577
978 0 1575 0 0 1575
979 1564 0 0 0 1564
980 0 0 0 1537 1537
981 1531 0 0 0 1531
982 1519 0 0 0 1519
983 0 0 0 1502 1502
984 1496 0 0 1 1497
985 0 0 1468 0 1468
986 0 1325 0 0 1325
987 0 1 0 1330 1331
988 1 0 1347 0 1348
989 1259 0 0 0 1259
990 373 848 0 11 1232
991 1187 0 0 0 1187
992 0 0 1 1175 1176
993 0 0 1187 0 1187
994 1 0 1161 0 1162
995 1 1 0 1164 1166
996 0 2 0 1157 1159
997 4 0 1119 0 1123
998 0 0 0 1046 1046
999 1036 0 0 0 1036
1000 0 0 0 1027 1027
1001 0 1030 0 0 1030
1002 1015 0 1 0 1016
1003 0 0 0 999 999
1004 0 0 0 991 991
1005 954 0 26 0 980
1006 0 0 0 946 946
1007 3 945 0 0 948
1008 10 0 949 0 959
1009 1 0 0 927 928
1010 0 0 0 930 930
1011 942 0 0 0 942
1012 0 0 1 930 931
1013 0 0 0 925 925
1014 935 0 0 0 935
1015 0 0 910 1 911
1016 900 0 0 0 900
1017 887 0 0 0 887
1018 864 0 0 0 864
1019 0 885 0 0 885
1020 876 0 0 0 876
1021 0 0 0 856 856
1022 0 0 1 859 860
1023 3 0 863 0 866
1024 0 0 1 852 853
1025 858 0 2 0 860
1026 0 0 0 846 846
1027 0 0 834 0 834
1028 832 0 1 0 833
1029 830 0 0 1 831
1030 817 0 0 0 817
1031 0 0 0 800 800
1032 0 0 793 0 793
1033 787 0 0 0 787
1034 784 0 0 0 784
1035 0 0 752 0 752
1036 0 0 703 0 703
1037 691 0 0 0 691
1038 0 0 0 700 700
1039 3 0 704 0 707
1040 0 0 0 702 702
1041 0 0 704 0 704
1042 0 0 708 0 708
1043 0 0 0 712 712
1044 0 0 0 704 704
1045 0 0 705 2 707
1046 689 0 0 0 689
1047 679 0 0 0 679
1048 0 0 676 0 676
1049 0 0 0 617 617
1050 0 0 621 0 621
1051 0 0 0 617 617
1052 608 0 3 0 611
1053 0 617 0 1 618
1054 596 0 0 0 596
1055 0 0 591 0 591
1056 0 566 0 0 566
1057 567 0 0 0 567
1058 0 0 564 0 564
1059 0 0 531 0 531
1060 0 529 0 0 529
1061 504 0 0 0 504
1062 0 0 507 0 507
1063 0 1 0 501 502
1064 0 0 492 0 492
1065 0 488 0 0 488
1066 0 0 0 479 479
1067 0 0 0 486 486
1068 1 0 461 1 463
1069 0 0 0 447 447
1070 0 0 418 0 418
1071 416 0 0 1 417
1072 403 0 0 0 403
1073 0 0 0 382 382
1074 0 1 0 365 366
1075 0 0 0 352 352
1076 324 0 0 1 325
1077 304 0 0 0 304
1078 288 0 0 0 288
1079 218 0 0 0 218
1080 0 0 0 144 144
1081 90 0 0 0 90
1082 78 0 0 0 78
1083 78 0 0 0 78
1084 69 0 0 0 69
1085 31 0 0 0 31
1086 0 0 0 10 10
1087 0 10 0 0 10
1088 0 9 0 0 9
1089 0 0 0 9 9
1090 0 8 0 0 8
1091 0 0 0 8 8
1092 0 0 0 2 2
1093 0 0 2 0 2
1094 0 0 0 2 2
1095 0 0 0 2 2
1096 0 0 0 0 0
1097 0 0 0 0 0
1098 0 0 0 0 0
1099 0 0 0 0 0
1100 0 0 0 0 0
1101 0 0 0 0 0
1102 0 0 0 0 0
