0 0 0 0 0 0
1 1 0 0 0 1
2 0 0 2 0 2
3 0 2 0 0 2
4 6 0 0 0 6
5 0 0 7 0 7
6 6 0 0 0 6
7 7 0 0 0 7
8 0 0 7 0 7
9 0 12 0 0 12
10 6 12 0 26 44
11 0 0 46 0 46
12 47 0 0 0 47
13 0 0 46 0 46
14 0 0 50 0 50
15 84 0 2 0 86
16 0 1 0 133 134
17 0 0 0 150 150
18 0 0 0 305 305
19 7 0 437 0 444
20 0 0 0 484 484
21 0 0 0 518 518
22 0 0 0 538 538
23 532 0 0 0 532
24 0 2 648 0 650
25 0 0 0 675 675
26 0 690 0 0 690
27 693 1 0 1 695
28 0 976 0 0 976
29 0 0 0 1011 1011
30 0 0 1101 0 1101
31 9 0 1106 0 1115
32 0 1193 0 0 1193
33 1268 1 0 0 1269
34 1281 0 0 0 1281
35 1250 0 2 0 1252
36 0 1281 0 0 1281
37 1272 0 0 0 1272
38 1 0 1290 0 1291
39 1329 1 0 1 1331
40 5 0 1374 0 1379
41 1375 0 0 0 1375
42 1464 0 0 0 1464
43 1478 0 0 0 1478
44 1458 0 1 0 1459
45 1445 0 0 5 1450
46 0 5 0 1517 1522
47 0 0 1523 0 1523
48 0 0 1534 0 1534
49 0 1633 0 0 1633
50 0 0 1680 0 1680
51 1660 0 11 0 1671
52 1692 0 0 0 1692
53 0 1809 0 0 1809
54 1831 0 1 0 1832
55 1835 0 0 1 1836
56 0 1862 0 0 1862
57 1865 0 2 0 1867
58 1861 0 1 0 1862
59 0 1895 0 0 1895
60 1898 0 0 0 1898
61 0 0 0 1888 1888
62 1 0 1913 0 1914
63 1876 0 1 0 1877
64 0 1977 0 1 1978
65 0 1991 0 0 1991
66 2003 0 1 0 2004
67 6 1997 0 0 2003
68 2022 0 1 0 2023
69 2010 0 2 0 2012
70 0 2153 0 0 2153
71 2122 0 0 0 2122
72 0 2173 0 1 2174
73 2160 0 1 0 2161
74 2139 0 0 0 2139
75 2126 0 0 0 2126
76 0 0 0 2124 2124
77 0 1 0 2138 2139
78 0 0 2149 0 2149
79 2131 0 0 2 2133
80 0 0 2150 0 2150
81 0 1 2132 0 2133
82 1 1 0 1984 1986
83 1 0 2107 0 2108
84 29 0 2059 0 2088
85 0 0 2087 4 2091
86 0 0 0 2094 2094
87 0 2163 0 0 2163
88 0 2302 1 0 2303
89 0 0 2306 0 2306
90 0 0 2390 0 2390
91 2 0 2390 1 2393
92 2371 8 12 5 2396
93 1 0 2460 0 2461
94 1 2501 0 3 2505
95 2560 0 0 1 2561
96 2593 0 0 0 2593
97 0 2594 0 0 2594
98 0 2649 0 1 2650
99 2662 0 0 0 2662
100 2662 9 0 2 2673
101 0 0 0 2715 2715
102 0 0 2726 0 2726
103 0 2761 0 7 2768
104 0 2804 0 0 2804
105 2769 0 0 0 2769
106 0 2838 0 0 2838
107 0 2864 0 0 2864
108 2882 1 3 1 2887
109 0 0 0 2970 2970
110 3016 1 0 0 3017
111 2994 1 0 0 2995
112 2918 1 2 1 2922
113 0 3029 0 0 3029
114 0 0 0 3012 3012
115 0 0 0 3022 3022
116 0 0 1 3053 3054
117 0 0 3034 0 3034
118 3032 0 0 0 3032
119 3056 0 0 0 3056
120 0 0 3038 0 3038
121 0 3055 7 0 3062
122 3070 1 2 0 3073
123 0 0 3094 2 3096
124 1 0 3046 1 3048
125 3033 0 0 0 3033
126 3065 0 0 0 3065
127 0 1 0 3053 3054
128 0 0 0 3143 3143
129 0 3163 0 12 3175
130 0 1 0 3194 3195
131 4 0 3191 0 3195
132 0 0 3159 1 3160
133 3091 0 5 0 3096
134 0 0 3167 0 3167
135 0 0 0 3070 3070
136 0 0 3147 0 3147
137 0 3176 0 0 3176
138 0 2 0 3184 3186
139 3218 1 0 1 3220
140 0 1 0 3230 3231
141 6 0 3211 0 3217
142 3205 0 0 0 3205
143 3212 0 0 0 3212
144 3228 0 2 0 3230
145 1 0 3167 0 3168
146 0 4 3172 0 3176
147 0 3210 4 0 3214
148 0 1 0 3238 3239
149 1 1 0 3219 3221
150 1 4 0 3240 3245
151 0 3289 0 1 3290
152 3309 1 0 0 3310
153 0 0 0 3198 3198
154 3 0 3228 0 3231
155 7 1 3227 0 3235
156 1 3305 0 0 3306
157 3342 0 0 0 3342
158 3339 0 1 1 3341
159 3345 0 0 0 3345
160 1 0 3291 0 3292
161 3342 0 0 0 3342
162 1 0 3299 0 3300
163 0 3304 0 1 3305
164 3 3291 0 0 3294
165 3 3332 0 0 3335
166 0 2 0 3335 3337
167 0 0 0 3315 3315
168 3 0 3256 0 3259
169 3310 0 0 0 3310
170 0 3312 2 1 3315
171 0 1 0 3275 3276
172 3221 0 0 0 3221
173 0 3290 0 0 3290
174 0 3265 0 0 3265
175 0 3247 0 0 3247
176 0 3245 0 0 3245
177 0 0 3226 1 3227
178 0 0 3251 0 3251
179 0 1 0 3168 3169
180 1 3259 0 0 3260
181 3345 1 0 0 3346
182 3320 1 0 0 3321
183 0 0 3304 0 3304
184 3317 0 4 0 3321
185 0 3317 0 3 3320
186 4 3289 1 1 3295
187 16 0 3235 0 3251
188 0 3268 0 0 3268
189 0 3056 0 250 3306
190 0 1 0 3340 3341
191 3350 0 0 0 3350
192 3331 0 0 0 3331
193 3301 1 0 0 3302
194 0 1 0 3249 3250
195 3292 0 0 0 3292
196 2 0 3225 1 3228
197 3250 0 0 1 3251
198 0 3300 0 0 3300
199 0 3 0 3308 3311
200 3286 0 0 1 3287
201 3244 0 1 0 3245
202 3223 0 0 0 3223
203 3242 0 0 0 3242
204 3218 0 0 1 3219
205 3 0 3250 0 3253
206 3196 0 1 0 3197
207 3210 0 1 0 3211
208 3231 0 11 0 3242
209 3273 3 1 0 3277
210 0 0 0 3275 3275
211 0 1 0 3300 3301
212 3324 0 0 0 3324
213 0 0 3235 0 3235
214 3233 0 0 0 3233
215 0 0 3234 0 3234
216 0 0 0 3149 3149
217 0 3245 0 0 3245
218 3247 0 1 0 3248
219 3165 0 0 0 3165
220 4 0 3193 0 3197
221 3147 0 0 0 3147
222 3114 0 1 0 3115
223 0 0 0 3140 3140
224 3201 0 0 0 3201
225 3185 0 0 0 3185
226 3129 0 0 0 3129
227 3028 0 19 0 3047
228 3003 0 0 0 3003
229 1 2984 0 5 2990
230 0 0 0 2981 2981
231 0 3033 0 0 3033
232 2984 0 1 1 2986
233 0 3001 0 3 3004
234 3044 0 0 0 3044
235 3010 3 1 0 3014
236 0 2974 0 1 2975
237 2997 0 1 0 2998
238 2997 0 0 0 2997
239 2917 56 0 0 2973
240 2932 0 0 0 2932
241 0 0 2842 0 2842
242 1 0 0 2363 2364
243 0 0 2599 1 2600
244 2772 0 1 0 2773
245 0 0 2739 0 2739
246 0 2718 0 11 2729
247 0 2795 0 7 2802
248 0 0 0 2860 2860
249 0 0 2863 0 2863
250 2838 0 2 0 2840
251 2839 0 0 0 2839
252 2855 0 0 0 2855
253 0 0 2834 0 2834
254 0 0 0 2572 2572
255 2802 0 0 0 2802
256 2889 0 0 0 2889
257 2879 0 0 0 2879
258 2873 0 0 0 2873
259 0 0 2817 0 2817
260 4 0 2736 0 2740
261 2820 0 2 0 2822
262 0 0 0 2831 2831
263 0 0 2827 0 2827
264 0 3 0 2707 2710
265 2 2733 0 2 2737
266 0 2730 0 0 2730
267 1 2833 0 0 2834
268 0 0 1 2882 2883
269 0 0 0 2942 2942
270 0 0 2912 2 2914
271 2931 0 0 0 2931
272 2921 0 0 0 2921
273 17 0 2898 0 2915
274 2829 1 0 0 2830
275 0 0 2987 0 2987
276 3023 0 0 0 3023
277 8 0 3068 0 3076
278 3086 0 0 0 3086
279 3148 0 0 0 3148
280 3209 0 0 2 3211
281 3217 0 1 0 3218
282 3 0 3110 0 3113
283 1 3130 0 1 3132
284 3248 0 0 1 3249
285 3267 0 0 2 3269
286 1 0 0 3235 3236
287 1 0 0 3217 3218
288 1 0 3235 4 3240
289 0 0 3205 0 3205
290 3186 0 0 0 3186
291 173 0 3117 0 3290
292 0 0 0 3137 3137
293 3303 0 0 0 3303
294 2210 0 1140 0 3350
295 3346 0 3 0 3349
296 3358 0 0 0 3358
297 3355 0 0 0 3355
298 0 0 0 3351 3351
299 0 0 3365 0 3365
300 3343 0 0 0 3343
301 0 0 0 3376 3376
302 0 0 3395 0 3395
303 3408 0 1 0 3409
304 3457 0 0 0 3457
305 3457 0 9 0 3466
306 0 0 3447 0 3447
307 0 0 0 3233 3233
308 3356 0 0 0 3356
309 0 3443 0 0 3443
310 0 4 0 3393 3397
311 0 3410 0 1 3411
312 1 3481 0 1 3483
313 0 0 0 3525 3525
314 2204 1 1317 0 3522
315 0 3 0 3506 3509
316 0 0 0 3546 3546
317 0 0 0 3609 3609
318 3609 0 0 0 3609
319 0 1 0 3598 3599
320 0 0 3584 0 3584
321 3617 0 0 0 3617
322 3569 0 0 0 3569
323 0 0 1 3514 3515
324 0 3567 0 0 3567
325 0 3574 0 2 3576
326 2 0 3575 3 3580
327 0 1 0 3490 3491
328 1 3528 0 1 3530
329 0 1 0 3550 3551
330 1 0 3533 0 3534
331 0 3548 0 6 3554
332 0 4 0 3573 3577
333 132 0 3453 0 3585
334 0 0 3533 0 3533
335 3582 0 0 1 3583
336 3592 0 2 1 3595
337 0 0 0 3563 3563
338 0 1 1 3589 3591
339 1 0 3565 0 3566
340 3533 0 1 1 3535
341 3555 1 0 1 3557
342 5 0 3519 1 3525
343 0 0 3516 1 3517
344 11 0 3494 0 3505
345 0 1 1 3318 3320
346 0 0 0 3480 3480
347 0 1 0 3553 3554
348 3 0 3480 0 3483
349 3484 0 1 0 3485
350 0 0 3480 1 3481
351 0 3430 0 2 3432
352 1 3490 0 0 3491
353 3492 2 0 0 3494
354 0 0 1 3535 3536
355 3468 0 0 0 3468
356 0 3503 0 0 3503
357 0 8 1 3510 3519
358 1 0 3484 0 3485
359 0 0 1 3455 3456
360 3485 0 0 0 3485
361 0 1 0 3519 3520
362 6 0 3489 0 3495
363 3492 0 0 0 3492
364 3471 0 2 0 3473
365 3 3471 0 0 3474
366 3485 0 1 1 3487
367 0 0 3479 0 3479
368 0 1 0 3388 3389
369 0 0 1 3463 3464
370 0 3488 0 1 3489
371 1 13 0 3494 3508
372 0 1 0 3483 3484
373 0 3499 0 1 3500
374 3531 0 0 0 3531
375 3500 0 1 0 3501
376 3499 1 0 0 3500
377 0 1 0 3520 3521
378 3574 0 0 0 3574
379 5 0 3479 0 3484
380 0 3492 0 0 3492
381 3527 0 0 0 3527
382 3489 0 19 0 3508
383 0 3499 0 0 3499
384 0 0 0 3482 3482
385 0 0 3514 2 3516
386 1 0 1 3430 3432
387 3477 0 2 0 3479
388 0 3495 3 2 3500
389 1329 0 2193 0 3522
390 3481 0 0 0 3481
391 3496 0 1 0 3497
392 3501 0 0 0 3501
393 3 0 0 3481 3484
394 3483 0 0 0 3483
395 1 3506 0 0 3507
396 3534 0 0 0 3534
397 3511 1 0 0 3512
398 0 2 0 3455 3457
399 1 1293 0 2178 3472
400 0 0 3450 8 3458
401 0 0 3424 1 3425
402 3391 0 14 0 3405
403 0 3396 1 1 3398
404 1 3429 0 10 3440
405 2 1 3480 1 3484
406 3419 1 0 0 3420
407 0 0 0 3436 3436
408 0 4 0 3442 3446
409 3380 0 5 1 3386
410 1 3468 0 0 3469
411 1 3457 0 4 3462
412 0 3514 0 0 3514
413 0 1 1 3520 3522
414 0 0 0 3476 3476
415 0 3542 0 0 3542
416 3540 1 0 4 3545
417 3484 1 0 0 3485
418 0 3535 0 7 3542
419 3417 0 6 0 3423
420 0 3519 0 1 3520
421 0 3570 0 0 3570
422 3568 0 6 1 3575
423 1 0 3559 0 3560
424 3520 0 0 1 3521
425 2 0 3564 0 3566
426 3533 6 0 0 3539
427 1 0 3552 0 3553
428 1 0 3530 0 3531
429 0 0 0 3375 3375
430 1 0 3459 0 3460
431 1 3471 0 1 3473
432 0 3511 1 0 3512
433 0 0 0 3541 3541
434 0 0 1 3573 3574
435 5 0 3579 0 3584
436 3587 1 0 0 3588
437 0 22 0 3599 3621
438 0 0 3607 0 3607
439 3618 0 2 0 3620
440 4 3625 0 2 3631
441 3662 0 0 0 3662
442 0 0 1 3637 3638
443 3674 0 3 2 3679
444 0 0 3638 0 3638
445 3670 0 2 0 3672
446 17 0 3647 1 3665
447 0 0 3752 0 3752
448 3735 0 0 0 3735
449 3798 0 0 0 3798
450 0 0 3787 0 3787
451 3811 0 1 1 3813
452 3795 0 0 0 3795
453 0 3777 0 0 3777
454 4 3830 0 1 3835
455 3848 0 1 0 3849
456 16 0 3824 1 3841
457 3816 0 0 0 3816
458 1 0 3832 1 3834
459 4 0 3797 3 3804
460 3854 0 0 0 3854
461 0 2 0 3869 3871
462 0 0 3921 3 3924
463 2 1 0 3856 3859
464 0 2 1 3952 3955
465 0 0 3985 1 3986
466 3928 0 11 0 3939
467 0 0 0 3951 3951
468 0 0 3760 146 3906
469 1 0 4056 3 4060
470 0 4011 0 24 4035
471 0 4064 0 0 4064
472 0 4161 0 5 4166
473 4227 0 1 0 4228
474 4166 0 0 0 4166
475 1 4244 0 0 4245
476 0 0 0 4287 4287
477 1 0 4275 5 4281
478 4216 0 0 0 4216
479 4305 1 3 0 4309
480 4211 1 1 1 4214
481 0 0 0 4204 4204
482 4222 1 0 0 4223
483 0 0 4243 1 4244
484 0 0 1 3815 3816
485 4120 0 0 0 4120
486 0 0 0 4155 4155
487 0 4 0 4217 4221
488 4227 0 2 0 4229
489 4180 1 2 0 4183
490 10 0 4166 0 4176
491 3 0 4090 0 4093
492 0 1 4072 0 4073
493 4116 0 1 0 4117
494 0 4123 0 1 4124
495 4198 0 0 0 4198
496 0 0 0 4207 4207
497 0 0 4174 1 4175
498 4168 0 0 2 4170
499 4212 1 0 1 4214
500 1 4176 0 0 4177
501 4236 0 0 0 4236
502 4216 0 0 0 4216
503 2 4330 0 0 4332
504 4507 0 0 0 4507
505 4491 0 1 0 4492
506 4447 0 1 0 4448
507 0 0 4426 0 4426
508 4403 0 0 3 4406
509 1 0 0 4413 4414
510 0 0 4410 0 4410
511 5 4337 1 1 4344
512 4403 0 0 0 4403
513 4371 0 0 0 4371
514 7 0 4344 0 4351
515 2 0 4355 0 4357
516 9 4370 0 1 4380
517 4520 0 2 0 4522
518 4488 1 0 0 4489
519 4493 0 0 0 4493
520 4457 1 3 0 4461
521 17 0 4460 0 4477
522 4455 0 0 2 4457
523 0 1 1 4482 4484
524 4556 0 0 0 4556
525 4544 0 1 0 4545
526 4514 2 0 6 4522
527 0 0 4481 2 4483
528 0 0 4403 1 4404
529 4420 0 14 0 4434
530 1 0 4467 1 4469
531 1 0 4433 0 4434
532 4543 0 1 0 4544
533 4646 0 1 0 4647
534 0 0 4626 0 4626
535 0 0 1 4589 4590
536 4982 0 1 0 4983
537 5034 1 0 0 5035
538 5012 0 0 0 5012
539 1 4982 0 1 4984
540 5016 0 2 0 5018
541 1 5034 0 11 5046
542 1 1 0 5054 5056
543 0 5222 0 7 5229
544 5366 0 1 0 5367
545 5324 0 7 5 5336
546 5469 1 0 0 5470
547 5466 1 0 0 5467
548 5427 0 5 0 5432
549 0 0 5478 0 5478
550 5471 1 4 1 5477
551 5539 0 0 1 5540
552 0 0 5591 0 5591
553 1 0 5664 1 5666
554 2 0 5603 0 5605
555 5630 0 7 1 5638
556 5713 0 0 1 5714
557 0 0 5732 0 5732
558 1 5 0 5574 5580
559 1 1 0 5649 5651
560 0 5702 0 1 5703
561 3 5734 0 0 5737
562 1 0 5852 0 5853
563 0 0 1 5798 5799
564 0 1 1 5848 5850
565 0 1 0 5962 5963
566 0 0 5943 0 5943
567 6002 0 2 1 6005
568 2 6017 1 1 6021
569 6059 1 1 0 6061
570 6037 0 0 0 6037
571 16 0 0 6102 6118
572 6099 0 1 1 6101
573 6094 0 1 0 6095
574 6094 3 0 0 6097
575 6100 1 1 0 6102
576 6069 7 0 0 6076
577 8 3 6066 0 6077
578 14 0 6030 2 6046
579 0 0 6117 5 6122
580 6103 0 6 0 6109
581 0 237 1 5897 6135
582 6235 1 2 8 6246
583 0 0 0 6275 6275
584 607 0 5681 1 6289
585 8 6340 0 1 6349
586 1 0 6386 0 6387
587 0 2 0 6273 6275
588 6463 0 5 7 6475
589 6526 0 0 2 6528
590 0 0 0 6538 6538
591 10 0 6618 0 6628
592 2 1 1 6448 6452
593 6713 1 1 0 6715
594 0 1 1 6732 6734
595 0 0 0 6838 6838
596 1 0 6757 0 6758
597 2 1 0 6750 6753
598 0 6769 0 3 6772
599 0 7101 0 3 7104
600 2 0 0 7209 7211
601 0 1 0 7277 7278
602 167 0 6978 1 7146
603 7213 0 0 0 7213
604 2 0 7065 0 7067
605 7197 1 2 0 7200
606 0 0 7211 0 7211
607 0 1 0 7064 7065
608 88 0 7209 0 7297
609 0 0 0 7201 7201
610 1 2 0 7568 7571
611 12 2 7970 4 7988
612 2 0 8038 1 8041
613 0 0 0 7892 7892
614 5676 0 2452 1 8129
615 8185 0 0 1 8186
616 8281 0 1 0 8282
617 0 0 0 8592 8592
618 2 0 8678 0 8680
619 5 0 8696 0 8701
620 8803 0 9 0 8812
621 8822 0 3 0 8825
622 0 8888 0 11 8899
623 8935 0 2 0 8937
624 0 2 1 8913 8916
625 0 0 0 8928 8928
626 0 8863 0 0 8863
627 1 9062 0 0 9063
628 0 1 0 9186 9187
629 0 9250 0 3 9253
630 9290 0 3 0 9293
631 9279 0 2 0 9281
632 9168 1 5 0 9174
633 0 9135 0 10 9145
634 8991 0 0 1 8992
635 1 9230 0 0 9231
636 46 9137 0 2 9185
637 48 9171 0 2 9221
638 2 9273 0 0 9275
639 9414 2 1 0 9417
640 9277 0 2 6 9285
641 0 0 0 9352 9352
642 7 0 9342 0 9349
643 2 0 9230 0 9232
644 9251 0 0 0 9251
645 0 0 0 9371 9371
646 9329 0 0 0 9329
647 0 9445 0 1 9446
648 9513 0 0 0 9513
649 9377 1 68 0 9446
650 0 0 9331 1 9332
651 0 7 1 9322 9330
652 1 9409 0 0 9410
653 1 9502 0 5 9508
654 1 0 0 9545 9546
655 0 1 1 9622 9624
656 9488 1 1 0 9490
657 0 0 0 9522 9522
658 0 9332 0 200 9532
659 9589 0 0 0 9589
660 9430 0 0 1 9431
661 1 9471 0 0 9472
662 0 7 0 9379 9386
663 0 9514 2 1 9517
664 2 1 0 9448 9451
665 15 0 9407 4 9426
666 5 9567 0 0 9572
667 9591 1 1 0 9593
668 0 1 0 9692 9693
669 9669 0 0 1 9670
670 0 0 9663 2 9665
671 9603 2 0 2 9607
672 1 0 0 9735 9736
673 0 4 0 9802 9806
674 6 0 9719 8 9733
675 9693 0 0 1 9694
676 9776 1 1 0 9778
677 0 0 0 9795 9795
678 2 0 9684 0 9686
679 0 9784 0 5 9789
680 9806 1 0 0 9807
681 1 1 0 9820 9822
682 9840 1 1 0 9842
683 0 11 0 9835 9846
684 10 0 9768 2 9780
685 9674 0 1 1 9676
686 6 9711 0 2 9719
687 3 9719 0 1 9723
688 9803 3 1 0 9807
689 9 0 9754 0 9763
690 9582 0 1 1 9584
691 0 0 9728 0 9728
692 1 8 2 9313 9324
693 2 0 9721 3 9726
694 8 0 9672 0 9680
695 9738 1 2 0 9741
696 9765 1 1 0 9767
697 3 0 9679 2 9684
698 0 0 9563 1 9564
699 0 9689 0 1 9690
700 0 2 1 9831 9834
701 1 6 0 9879 9886
702 0 0 9794 0 9794
703 1 0 0 9840 9841
704 0 1 0 10011 10012
705 0 0 9870 0 9870
706 0 9932 0 0 9932
707 0 2 0 10122 10124
708 10074 0 0 1 10075
709 9983 1 0 0 9984
710 9878 0 1 0 9879
711 1 9993 0 1 9995
712 0 0 1 9999 10000
713 0 0 0 10168 10168
714 0 0 10062 0 10062
715 0 1 1 10121 10123
716 0 2 0 10250 10252
717 0 0 10136 0 10136
718 0 10064 0 1 10065
719 6 10171 0 0 10177
720 10144 0 1 3 10148
721 0 6418 0 3842 10260
722 0 0 1 10397 10398
723 7 0 10292 0 10299
724 10236 0 1 0 10237
725 1 7 2 10357 10367
726 59 0 10271 0 10330
727 10311 0 6 0 10317
728 0 0 0 10301 10301
729 0 10452 7 0 10459
730 5 0 0 10423 10428
731 0 0 0 10447 10447
732 10406 0 0 0 10406
733 3 10466 0 7 10476
734 10421 0 2 0 10423
735 2 0 10473 0 10475
736 0 6 0 10023 10029
737 2 0 10309 37 10348
738 2 0 10349 0 10351
739 10130 0 4 0 10134
740 17 0 10415 2 10434
741 2 0 10406 1 10409
742 10250 0 9 0 10259
743 0 0 1 10435 10436
744 65 0 10403 0 10468
745 10458 0 0 3 10461
746 10541 0 1 1 10543
747 4 0 10453 0 10457
748 10490 0 0 1 10491
749 10552 0 3 0 10555
750 0 0 10355 3 10358
751 10307 1 0 0 10308
752 2 0 0 10384 10386
753 2 0 10262 3 10267
754 7 0 10197 0 10204
755 0 10238 0 1 10239
756 2 10284 3 1 10290
757 10485 1 2 2 10490
758 0 0 0 10575 10575
759 1 10741 3 2 10747
760 2 0 10757 2 10761
761 2 0 10688 0 10690
762 10474 0 0 0 10474
763 2 1 1 10563 10567
764 1 10620 0 1 10622
765 3 10728 0 3 10734
766 2 2 1 10654 10659
767 1 10661 4 1 10667
768 10738 0 0 0 10738
769 10594 0 1 0 10595
770 0 10574 0 0 10574
771 0 0 1 10484 10485
772 2 10571 0 1 10574
773 10406 17 4 0 10427
774 1 10543 0 0 10544
775 9 1 0 10267 10277
776 1 10386 0 1 10388
777 0 0 0 10170 10170
778 2 5 1 10120 10128
779 3 10288 1 10 10302
780 12 1 10091 0 10104
781 9840 2 0 0 9842
782 1 0 9883 1 9885
783 7 9801 1 1 9810
784 5 0 9862 1 9868
785 0 9 0 9498 9507
786 0 9697 0 2 9699
787 0 0 0 9740 9740
788 1 2 0 9746 9749
789 9698 0 0 5 9703
790 9655 0 0 0 9655
791 3 0 0 9666 9669
792 1 0 9671 0 9672
793 9624 1 1 0 9626
794 9569 0 0 1 9570
795 19 1 9551 0 9571
796 2 1 9434 0 9437
797 9378 0 1 0 9379
798 9 9475 0 26 9510
799 9480 0 1 0 9481
800 1 8 1 9437 9447
801 0 5 0 9438 9443
802 1 9394 0 10 9405
803 9411 0 0 1 9412
804 9397 0 0 0 9397
805 9274 0 18 0 9292
806 0 1 9122 0 9123
807 10 9003 1 3 9017
808 1 9119 0 0 9120
809 9122 0 1 0 9123
810 9103 0 3 0 9106
811 1 1 0 9004 9006
812 1 10 1 8930 8942
813 1 9068 0 18 9087
814 1 1 8493 0 8495
815 8709 0 1 1 8711
816 8 0 8768 0 8776
817 1 8714 0 1 8716
818 8780 0 1 0 8781
819 19 0 8638 1 8658
820 0 8680 6 6 8692
821 0 0 1 8762 8763
822 8 0 8716 3 8727
823 8642 0 2 0 8644
824 8667 1 3 1 8672
825 8568 0 5 0 8573
826 1 8618 0 1 8620
827 0 0 1 8462 8463
828 3 0 8508 0 8511
829 1 8543 0 6 8550
830 3 0 8487 0 8490
831 3 0 8239 0 8242
832 0 0 0 7959 7959
833 3 0 7916 0 7919
834 2 0 8024 0 8026
835 3 0 8019 0 8022
836 8044 0 2 0 8046
837 1 0 8081 0 8082
838 0 0 0 7679 7679
839 2 7859 0 0 7861
840 0 9 0 7988 7997
841 0 7 1 7980 7988
842 7977 1 0 0 7978
843 3 0 0 7766 7769
844 1 7743 0 1 7745
845 3 7680 0 1 7684
846 17 7685 0 0 7702
847 7776 1 9 0 7786
848 7735 0 3 0 7738
849 1 0 0 7588 7589
850 0 1 0 7583 7584
851 0 9 0 7663 7672
852 2 1 7538 0 7541
853 0 0 7464 0 7464
854 1 3 0 7363 7367
855 3 7376 1 2 7382
856 7507 1 2 0 7510
857 7472 2 7 0 7481
858 0 0 7378 0 7378
859 7265 1 1 0 7267
860 6 0 7169 0 7175
861 21 6945 0 5 6971
862 6924 0 2 1 6927
863 0 6985 0 1 6986
864 3 7096 0 8 7107
865 5 0 7149 0 7154
866 7018 0 1 0 7019
867 0 0 0 7000 7000
868 2 0 0 7065 7067
869 7021 1 0 0 7022
870 0 8 0 6897 6905
871 1 6877 0 1 6879
872 6686 1 1 0 6688
873 33 6635 0 0 6668
874 0 6686 0 1 6687
875 6675 2 1 1 6679
876 0 0 6644 0 6644
877 6576 0 2 0 6578
878 6565 0 0 0 6565
879 1 0 6583 0 6584
880 6505 0 3 0 6508
881 0 0 6439 1 6440
882 4 0 6295 0 6299
883 11 0 6212 0 6223
884 6311 0 0 0 6311
885 1 0 6244 1 6246
886 6259 1 0 0 6260
887 0 6139 0 0 6139
888 6229 1 0 0 6230
889 6169 1 2 1 6173
890 0 1 0 6094 6095
891 7 0 1 6105 6113
892 6135 0 1 0 6136
893 0 0 6091 0 6091
894 6046 0 0 0 6046
895 0 0 0 5913 5913
896 0 5 0 5980 5985
897 5 0 5911 1 5917
898 1 0 5866 1 5868
899 0 19 0 5657 5676
900 0 5607 0 10 5617
901 5712 1 0 2 5715
902 0 5726 1 1 5728
903 0 0 5710 0 5710
904 1 0 5637 0 5638
905 5556 1 5 0 5562
906 5574 0 16 1 5591
907 1 0 5531 1 5533
908 5526 0 0 0 5526
909 5431 0 2 0 5433
910 2 5472 0 0 5474
911 0 0 1 5466 5467
912 0 1 1 5477 5479
913 0 0 0 5511 5511
914 5467 1 1 1 5470
915 0 1 0 5296 5297
916 0 5335 0 2 5337
917 0 7 1 5338 5346
918 0 1 1 5316 5318
919 0 2 0 5259 5261
920 1 5 0 5285 5291
921 5268 0 0 0 5268
922 5221 0 1 0 5222
923 0 0 5119 0 5119
924 0 0 0 4965 4965
925 5075 0 0 0 5075
926 5100 0 1 0 5101
927 5065 2 1 0 5068
928 5022 0 2 0 5024
929 0 0 4810 1 4811
930 4677 0 0 0 4677
931 4643 0 2 0 4645
932 1 0 0 4597 4598
933 0 2 0 4604 4606
934 0 0 4511 0 4511
935 4502 0 1 0 4503
936 0 9 1 4464 4474
937 0 0 4452 1 4453
938 4452 0 2 1 4455
939 0 5 0 4424 4429
940 4460 0 1 0 4461
941 4387 0 1 0 4388
942 0 4354 0 0 4354
943 4344 0 3 0 4347
944 0 0 0 4333 4333
945 4275 0 3 0 4278
946 1691 2642 0 1 4334
947 0 0 2 4272 4274
948 4289 0 0 0 4289
949 0 0 0 4221 4221
950 3 0 0 4141 4144
951 0 4100 0 20 4120
952 3 4150 0 4 4157
953 3962 0 1 1 3964
954 5 4005 2 2 4014
955 4047 1 0 0 4048
956 3995 0 0 0 3995
957 3938 0 0 0 3938
958 3907 0 0 0 3907
959 0 3943 0 0 3943
960 3914 0 0 0 3914
961 0 0 3858 0 3858
962 0 0 0 3761 3761
963 0 0 3802 0 3802
964 3856 0 2 0 3858
965 0 9 0 3844 3853
966 3850 0 0 0 3850
967 1 0 3781 0 3782
968 9 3734 0 0 3743
969 0 0 0 3743 3743
970 3785 0 0 0 3785
971 3738 0 1 0 3739
972 0 2475 0 1181 3656
973 3674 0 0 0 3674
974 0 0 3592 0 3592
975 0 3469 0 5 3474
976 1 0 0 3397 3398
977 0 3407 0 0 3407
978 0 3451 0 1 3452
979 3412 0 0 1 3413
980 0 0 0 3322 3322
981 3331 0 0 0 3331
982 3310 0 0 0 3310
983 1 0 0 3240 3241
984 3273 0 0 0 3273
985 0 0 3156 0 3156
986 0 2944 0 0 2944
987 1 1 1 2922 2925
988 0 0 2988 0 2988
989 2872 0 0 0 2872
990 1129 1581 0 108 2818
991 2803 0 0 0 2803
992 0 3 0 2763 2766
993 6 0 2797 0 2803
994 0 0 2784 0 2784
995 0 0 0 2704 2704
996 4 0 0 2746 2750
997 0 0 2742 0 2742
998 0 0 1 2550 2551
999 2575 0 1 0 2576
1000 0 0 0 2542 2542
1001 0 2496 0 0 2496
1002 2481 0 0 0 2481
1003 0 0 0 2465 2465
1004 10 0 0 2457 2467
1005 2435 0 0 2 2437
1006 0 0 0 2314 2314
1007 0 2364 0 2 2366
1008 3 0 2377 0 2380
1009 0 0 0 2319 2319
1010 0 0 0 2330 2330
1011 2321 0 0 0 2321
1012 0 0 0 2301 2301
1013 0 3 0 2298 2301
1014 2307 0 0 4 2311
1015 0 0 2260 0 2260
1016 2216 1 0 0 2217
1017 2183 0 0 0 2183
1018 2158 0 0 0 2158
1019 1 2194 0 0 2195
1020 2162 0 0 0 2162
1021 1 0 0 2137 2138
1022 0 0 0 2150 2150
1023 0 0 2181 0 2181
1024 1 0 0 2159 2160
1025 2160 0 0 0 2160
1026 1 3 0 2146 2150
1027 1 0 2142 0 2143
1028 2161 0 0 0 2161
1029 2145 0 0 0 2145
1030 2136 0 0 0 2136
1031 0 0 1 2075 2076
1032 0 0 2046 0 2046
1033 2059 0 0 0 2059
1034 2052 0 1 0 2053
1035 0 0 2005 1 2006
1036 0 0 1960 0 1960
1037 1976 0 0 0 1976
1038 0 0 0 1927 1927
1039 0 0 1943 0 1943
1040 0 2 0 1906 1908
1041 0 0 1914 0 1914
1042 0 0 1920 0 1920
1043 0 0 0 1924 1924
1044 0 0 0 1882 1882
1045 0 0 1889 0 1889
1046 1857 0 0 0 1857
1047 1830 0 0 0 1830
1048 0 0 1801 0 1801
1049 0 0 0 1681 1681
1050 6 0 1692 0 1698
1051 0 0 0 1708 1708
1052 1669 0 0 0 1669
1053 0 1651 0 0 1651
1054 1559 0 0 0 1559
1055 1 0 1543 0 1544
1056 0 1526 0 1 1527
1057 1530 0 0 0 1530
1058 0 0 1539 0 1539
1059 1 0 1397 0 1398
1060 0 1365 0 0 1365
1061 1344 0 0 0 1344
1062 2 0 1359 0 1361
1063 0 1 0 1318 1319
1064 0 0 1289 0 1289
1065 0 1263 0 1 1264
1066 0 0 0 1266 1266
1067 0 0 1 1270 1271
1068 1 0 1250 0 1251
1069 0 1 0 1174 1175
1070 107 0 1020 0 1127
1071 1118 0 0 0 1118
1072 1105 0 0 0 1105
1073 0 0 0 977 977
1074 0 0 0 972 972
1075 0 0 0 915 915
1076 839 0 0 0 839
1077 794 0 0 0 794
1078 736 0 0 0 736
1079 470 0 0 0 470
1080 1 0 0 353 354
1081 234 0 0 0 234
1082 218 0 0 0 218
1083 215 0 0 0 215
1084 189 0 0 0 189
1085 47 0 0 0 47
1086 0 0 0 25 25
1087 0 29 0 0 29
1088 0 18 0 0 18
1089 0 0 0 16 16
1090 0 14 0 0 14
1091 0 0 0 10 10
1092 0 0 0 14 14
1093 0 0 7 0 7
1094 0 0 0 7 7
1095 0 0 0 7 7
1096 3 0 0 0 3
1097 0 3 0 0 3
1098 0 0 0 3 3
1099 3 0 0 0 3
1100 0 3 0 0 3
1101 0 0 0 3 3
1102 0 0 0 0 0
