0 0 0 0 0 0
1 7 37 0 0 44
2 0 0 79 0 79
3 0 79 0 0 79
4 78 0 0 0 78
5 0 0 79 0 79
6 74 0 0 0 74
7 74 0 0 0 74
8 0 0 78 0 78
9 0 80 0 0 80
10 77 18 0 8 103
11 0 0 105 0 105
12 101 0 0 0 101
13 0 0 104 0 104
14 0 0 121 0 121
15 137 0 0 26 163
16 0 0 0 197 197
17 0 0 0 205 205
18 0 0 0 482 482
19 0 0 589 0 589
20 0 0 0 664 664
21 0 0 0 671 671
22 0 0 0 695 695
23 689 0 0 0 689
24 0 0 807 0 807
25 0 0 0 824 824
26 0 838 0 0 838
27 835 0 0 0 835
28 0 1063 0 0 1063
29 0 0 0 1076 1076
30 0 0 1189 1 1190
31 41 0 1182 0 1223
32 1 1356 0 11 1368
33 1507 0 0 0 1507
34 1508 0 1 0 1509
35 1469 0 1 0 1470
36 1 1540 0 0 1541
37 1561 0 1 0 1562
38 0 0 1654 0 1654
39 1625 0 1 0 1626
40 35 0 1672 0 1707
41 1812 0 0 0 1812
42 1880 0 0 0 1880
43 1897 0 0 0 1897
44 1859 0 0 0 1859
45 1879 0 0 0 1879
46 0 1 0 1879 1880
47 1 0 1895 0 1896
48 0 0 1886 0 1886
49 1 1941 0 1 1943
50 0 0 1973 0 1973
51 1953 0 13 0 1966
52 2005 1 0 0 2006
53 17 2094 0 35 2146
54 2256 0 0 0 2256
55 2253 0 1 0 2254
56 0 2265 0 0 2265
57 2294 0 1 0 2295
58 2278 0 0 0 2278
59 1 2349 0 0 2350
60 2379 0 1 0 2380
61 0 0 0 2348 2348
62 0 0 2373 0 2373
63 2329 0 1 0 2330
64 1 2502 0 0 2503
65 0 2454 0 0 2454
66 2477 0 1 0 2478
67 0 2506 0 0 2506
68 2526 0 0 0 2526
69 2514 0 0 0 2514
70 31 2497 0 1 2529
71 2514 1 0 0 2515
72 1 2563 0 0 2564
73 2570 0 0 0 2570
74 2552 0 0 0 2552
75 2539 0 0 0 2539
76 0 0 1 2521 2522
77 0 0 0 2536 2536
78 0 0 2534 0 2534
79 2535 0 1 0 2536
80 7 0 2554 0 2561
81 1 0 2538 0 2539
82 0 0 3 2369 2372
83 0 0 2541 0 2541
84 0 0 2479 1 2480
85 0 0 2464 1 2465
86 1 0 0 2533 2534
87 1 2581 0 59 2641
88 0 2729 0 3 2732
89 74 0 2668 0 2742
90 0 0 2851 0 2851
91 0 0 2870 0 2870
92 2857 0 10 0 2867
93 0 0 2964 0 2964
94 1 3014 0 0 3015
95 3022 0 26 0 3048
96 3085 0 0 1 3086
97 0 3059 0 1 3060
98 0 3107 0 2 3109
99 3179 0 0 0 3179
100 3190 0 0 1 3191
101 0 1 1 3222 3224
102 1 0 3182 1 3184
103 0 3201 0 0 3201
104 0 3206 0 0 3206
105 3175 0 2 0 3177
106 0 3242 0 0 3242
107 0 3263 1 8 3272
108 3282 0 0 0 3282
109 0 0 0 3393 3393
110 3444 0 0 0 3444
111 3395 0 0 0 3395
112 3364 0 0 0 3364
113 2 3451 0 0 3453
114 0 1 1 3449 3451
115 0 0 1 3478 3479
116 0 3 0 3496 3499
117 0 0 3505 0 3505
118 3494 1 0 0 3495
119 3510 0 0 0 3510
120 1 0 3489 0 3490
121 0 3541 1 0 3542
122 3567 0 19 0 3586
123 0 0 3584 0 3584
124 1 0 3562 0 3563
125 3516 1 0 1 3518
126 3540 1 37 0 3578
127 0 2 0 3542 3544
128 0 0 0 3613 3613
129 1 3626 0 2 3629
130 0 2 0 3662 3664
131 0 0 3666 0 3666
132 0 1 3628 0 3629
133 3587 0 0 0 3587
134 1 0 3643 0 3644
135 0 0 1 3536 3537
136 0 0 3614 0 3614
137 0 3639 0 0 3639
138 0 0 0 3692 3692
139 3734 0 2 1 3737
140 0 0 0 3743 3743
141 1 1 3762 0 3764
142 3767 0 1 0 3768
143 3765 1 0 0 3766
144 3792 0 0 1 3793
145 0 0 3773 0 3773
146 0 0 3747 0 3747
147 0 3782 0 0 3782
148 0 1 0 3778 3779
149 0 1 0 3786 3787
150 1 0 0 3755 3756
151 0 3765 0 0 3765
152 3782 0 0 1 3783
153 0 1 0 3693 3694
154 0 0 3805 0 3805
155 5 0 3813 0 3818
156 0 3834 0 0 3834
157 3911 0 0 0 3911
158 3928 0 0 0 3928
159 3916 0 0 0 3916
160 47 0 3851 0 3898
161 3885 0 1 0 3886
162 1 0 3846 0 3847
163 0 3879 0 1 3880
164 0 3859 0 1 3860
165 0 3970 0 0 3970
166 0 0 0 3993 3993
167 0 0 0 4001 4001
168 0 0 3919 0 3919
169 3921 0 0 0 3921
170 0 3940 0 0 3940
171 0 16 0 3897 3913
172 3654 0 230 1 3885
173 0 3919 0 0 3919
174 0 3892 0 0 3892
175 0 3830 0 0 3830
176 0 3747 0 90 3837
177 2 0 3843 4 3849
178 1 0 3914 1 3916
179 0 0 0 3839 3839
180 0 3882 0 1 3883
181 3967 0 0 0 3967
182 3957 23 0 0 3980
183 0 0 3949 0 3949
184 3969 0 0 1 3970
185 0 3965 0 2 3967
186 0 3956 0 0 3956
187 3 0 3948 0 3951
188 0 3946 0 0 3946
189 0 3971 0 0 3971
190 0 0 0 3998 3998
191 4004 0 1 0 4005
192 4011 0 0 0 4011
193 3989 0 1 1 3991
194 0 0 0 3900 3900
195 3962 0 0 0 3962
196 0 0 3939 0 3939
197 3918 0 0 0 3918
198 0 3991 0 0 3991
199 0 1 0 3994 3995
200 3989 1 0 0 3990
201 3895 0 0 0 3895
202 3910 0 0 0 3910
203 3898 0 1 0 3899
204 3889 0 1 0 3890
205 7 0 3985 0 3992
206 3887 0 0 0 3887
207 3901 0 0 0 3901
208 3966 0 0 0 3966
209 3989 0 0 0 3989
210 0 0 0 4008 4008
211 1 0 0 4033 4034
212 4007 0 0 0 4007
213 0 0 3975 0 3975
214 3910 0 0 0 3910
215 101 0 3810 0 3911
216 1 0 0 3808 3809
217 3 3903 0 2 3908
218 3906 0 0 0 3906
219 3897 0 0 0 3897
220 0 0 3916 0 3916
221 3792 0 0 0 3792
222 3826 0 0 0 3826
223 0 0 0 3815 3815
224 3844 0 1 0 3845
225 3790 0 0 1 3791
226 3741 0 0 0 3741
227 3674 0 0 0 3674
228 3633 0 0 0 3633
229 10 3667 0 0 3677
230 0 1 1 3621 3623
231 5 3643 0 0 3648
232 3644 0 0 1 3645
233 0 3693 0 1 3694
234 3682 0 2 0 3684
235 3678 0 1 0 3679
236 0 3678 1 0 3679
237 3680 0 0 0 3680
238 3735 0 0 0 3735
239 3690 0 0 0 3690
240 3668 0 1 0 3669
241 0 0 3659 0 3659
242 2 0 0 3173 3175
243 0 0 3462 0 3462
244 3608 0 1 1 3610
245 1 0 3594 0 3595
246 1 3590 0 1 3592
247 0 3648 0 0 3648
248 1 1 0 3690 3692
249 0 0 3679 0 3679
250 3604 0 0 0 3604
251 3635 0 1 1 3637
252 3606 0 30 0 3636
253 0 0 3616 0 3616
254 0 1 10 3379 3390
255 3572 0 0 0 3572
256 3632 0 0 0 3632
257 3600 0 0 0 3600
258 3601 0 0 0 3601
259 38 0 3559 0 3597
260 0 0 3548 0 3548
261 3547 0 0 2 3549
262 0 0 0 3560 3560
263 0 0 3571 0 3571
264 0 2 0 3542 3544
265 0 3509 0 0 3509
266 0 3507 0 0 3507
267 0 3640 0 3 3643
268 0 0 0 3700 3700
269 0 0 0 3731 3731
270 0 0 3719 0 3719
271 3645 0 0 0 3645
272 3735 0 0 0 3735
273 0 0 3759 0 3759
274 3672 0 0 1 3673
275 0 0 4005 0 4005
276 3989 0 1 0 3990
277 0 0 4019 0 4019
278 4040 0 0 0 4040
279 4091 0 0 1 4092
280 4134 0 0 0 4134
281 4147 0 0 0 4147
282 46 0 3972 0 4018
283 0 4118 0 0 4118
284 4107 0 0 47 4154
285 4164 0 0 0 4164
286 0 0 0 4170 4170
287 0 2 0 4197 4199
288 0 0 4214 1 4215
289 0 0 4177 0 4177
290 4068 0 1 0 4069
291 0 0 4328 0 4328
292 0 1 0 4181 4182
293 4073 0 226 0 4299
294 4356 0 0 0 4356
295 4390 0 1 0 4391
296 4366 0 1 0 4367
297 4363 0 0 5 4368
298 0 2 0 4383 4385
299 0 0 4394 0 4394
300 4321 0 15 1 4337
301 0 0 0 4439 4439
302 1 0 4564 0 4565
303 4642 0 0 0 4642
304 4717 0 1 0 4718
305 4703 0 0 1 4704
306 0 0 4680 0 4680
307 0 0 0 4439 4439
308 4567 0 2 0 4569
309 0 4661 0 0 4661
310 0 2 0 4671 4673
311 1 4424 0 287 4712
312 0 4687 1 93 4781
313 1 1 0 4792 4794
314 4758 0 0 0 4758
315 0 0 0 4801 4801
316 0 0 0 4823 4823
317 0 1 0 4851 4852
318 4851 0 0 0 4851
319 0 0 1 4853 4854
320 0 0 4817 9 4826
321 4880 0 0 0 4880
322 4883 8 0 0 4891
323 0 0 0 4811 4811
324 0 4878 0 1 4879
325 0 4836 0 1 4837
326 0 0 4855 0 4855
327 1 0 0 4766 4767
328 1 4795 0 1 4797
329 0 0 0 4813 4813
330 1 0 4816 0 4817
331 0 4818 0 18 4836
332 0 0 0 4821 4821
333 5 0 4879 0 4884
334 1 0 4821 7 4829
335 4886 0 0 0 4886
336 4870 0 1 0 4871
337 0 0 0 4860 4860
338 0 0 0 4869 4869
339 2 0 4852 0 4854
340 4808 0 1 0 4809
341 4806 0 0 0 4806
342 12 0 4740 0 4752
343 0 1 4680 0 4681
344 0 0 4709 0 4709
345 0 1 0 4473 4474
346 0 0 0 4665 4665
347 1 0 0 4734 4735
348 0 0 4685 1 4686
349 4654 0 1 1 4656
350 0 0 4728 0 4728
351 0 4752 0 3 4755
352 0 4800 0 1 4801
353 4798 0 0 0 4798
354 2 0 0 4813 4815
355 4807 0 1 0 4808
356 0 4843 0 0 4843
357 0 10 0 4819 4829
358 89 0 4709 0 4798
359 0 0 0 4767 4767
360 4794 0 0 0 4794
361 0 0 1 4838 4839
362 1 0 4824 0 4825
363 4862 0 2 0 4864
364 4807 0 0 0 4807
365 0 4734 0 1 4735
366 4785 0 2 0 4787
367 0 0 4774 0 4774
368 0 0 0 4676 4676
369 0 0 0 4710 4710
370 0 4709 0 0 4709
371 0 0 1 4767 4768
372 0 0 0 4721 4721
373 2 4709 0 1 4712
374 4747 0 0 0 4747
375 4712 1 1 1 4715
376 4704 0 0 1 4705
377 0 0 0 4725 4725
378 4591 0 150 0 4741
379 0 0 4653 0 4653
380 0 4637 0 1 4638
381 4680 0 0 0 4680
382 4627 0 1 1 4629
383 0 4644 0 0 4644
384 0 1 0 4604 4605
385 1 0 4668 0 4669
386 0 0 0 4548 4548
387 4598 0 0 0 4598
388 0 4610 0 1 4611
389 7 0 4661 1 4669
390 4528 0 0 1 4529
391 4559 0 1 0 4560
392 4598 0 22 1 4621
393 0 0 0 4614 4614
394 4609 0 0 1 4610
395 0 4685 0 1 4686
396 4719 0 0 0 4719
397 4739 0 0 1 4740
398 1 0 0 4646 4647
399 0 1 0 4650 4651
400 0 0 4600 0 4600
401 1 0 4567 0 4568
402 4535 0 35 0 4570
403 18 4477 0 0 4495
404 0 4546 1 1 4548
405 301 0 4337 0 4638
406 4658 0 0 0 4658
407 0 10 1 4609 4620
408 0 1 0 4638 4639
409 4509 0 9 0 4518
410 0 4593 0 1 4594
411 0 4609 0 0 4609
412 0 4696 0 0 4696
413 0 137 1 4557 4695
414 0 0 0 4667 4667
415 0 4718 0 4 4722
416 4708 0 13 0 4721
417 4596 0 0 0 4596
418 0 4681 0 2 4683
419 4553 0 1 0 4554
420 0 4720 0 1 4721
421 1 4738 0 0 4739
422 4767 0 0 1 4768
423 0 0 4789 0 4789
424 4684 0 1 10 4695
425 0 0 4812 0 4812
426 4729 0 0 0 4729
427 0 0 4777 11 4788
428 9 0 4718 0 4727
429 0 2 0 4499 4501
430 1 0 4614 0 4615
431 0 4525 0 0 4525
432 0 4652 0 0 4652
433 0 0 0 4621 4621
434 0 38 0 4705 4743
435 1 0 4744 0 4745
436 4719 0 2 0 4721
437 0 2 0 4723 4725
438 0 0 4728 0 4728
439 4698 0 0 1 4699
440 0 4718 0 1 4719
441 4743 0 2 0 4745
442 0 0 0 4796 4796
443 4826 0 3 0 4829
444 0 0 4830 0 4830
445 4804 0 9 0 4813
446 0 0 4864 0 4864
447 2 0 4929 0 4931
448 5071 0 1 0 5072
449 5079 0 2 0 5081
450 0 0 5048 1 5049
451 5048 0 0 1 5049
452 5027 0 1 0 5028
453 0 4971 0 0 4971
454 0 5019 0 0 5019
455 5115 0 1 0 5116
456 0 0 5081 0 5081
457 5048 0 1 0 5049
458 28 0 4973 0 5001
459 0 0 4987 0 4987
460 5043 0 0 0 5043
461 0 0 0 5044 5044
462 0 0 5100 0 5100
463 0 1 0 5026 5027
464 1 2 0 5137 5140
465 195 0 5049 0 5244
466 5190 0 0 1 5191
467 0 96 18 5068 5182
468 1 0 5167 5 5173
469 2 0 5177 0 5179
470 0 5182 0 50 5232
471 0 5190 0 44 5234
472 0 5358 0 0 5358
473 5435 0 0 0 5435
474 5416 0 0 0 5416
475 0 5385 0 0 5385
476 0 0 0 5446 5446
477 2 0 5479 0 5481
478 5420 0 1 0 5421
479 5490 0 1 0 5491
480 5450 0 0 0 5450
481 1 2 0 5474 5477
482 5505 0 0 0 5505
483 0 0 5485 0 5485
484 1 0 0 5030 5031
485 5416 0 1 0 5417
486 0 0 0 5404 5404
487 0 2 0 5417 5419
488 5470 0 0 0 5470
489 5434 1 0 16 5451
490 0 0 5490 1 5491
491 0 0 5328 17 5345
492 0 0 5295 0 5295
493 5279 0 2 0 5281
494 0 5281 0 0 5281
495 5369 1 1 0 5371
496 1 0 0 5359 5360
497 3 0 5328 0 5331
498 5300 0 1 0 5301
499 5314 0 17 0 5331
500 0 5314 0 0 5314
501 5351 0 2 0 5353
502 5331 0 2 1 5334
503 1 5397 0 14 5412
504 5560 0 1 0 5561
505 5593 0 0 1 5594
506 5557 0 1 0 5558
507 0 0 5557 0 5557
508 5527 0 0 10 5537
509 0 0 0 5476 5476
510 1 0 5483 0 5484
511 8 5423 0 1 5432
512 5474 0 1 0 5475
513 5437 0 0 1 5438
514 0 0 5459 0 5459
515 5 0 5453 2 5460
516 0 5508 0 0 5508
517 5577 0 0 0 5577
518 5618 0 1 0 5619
519 5606 0 0 0 5606
520 5647 0 1 1 5649
521 0 0 5657 0 5657
522 5663 0 2 1 5666
523 0 0 0 5722 5722
524 5809 0 0 0 5809
525 5858 0 0 0 5858
526 5793 0 1 0 5794
527 0 0 5852 1 5853
528 0 11 5791 1 5803
529 5866 0 1 1 5868
530 898 0 4971 0 5869
531 0 1 5860 0 5861
532 5929 0 13 0 5942
533 6038 0 0 0 6038
534 0 0 5983 1 5984
535 0 0 0 5842 5842
536 6167 0 0 0 6167
537 6218 0 1 0 6219
538 6184 0 0 0 6184
539 1 6124 0 29 6154
540 6092 0 0 2 6094
541 0 6209 1 1 6211
542 0 11 0 6150 6161
543 0 6541 0 2 6543
544 6586 0 0 0 6586
545 6513 0 0 0 6513
546 6568 0 1 0 6569
547 6559 0 0 0 6559
548 6527 0 25 0 6552
549 0 0 6581 0 6581
550 6554 0 0 0 6554
551 6615 0 0 0 6615
552 0 0 6620 0 6620
553 0 0 6657 0 6657
554 27 0 6604 1 6632
555 6602 0 0 1 6603
556 6704 0 2 0 6706
557 1 0 6803 1 6805
558 0 2 1 6647 6650
559 0 0 0 6680 6680
560 1 6675 0 0 6676
561 2 6766 0 0 6768
562 0 0 6809 0 6809
563 0 0 1 6738 6739
564 1 0 0 6836 6837
565 1 1 0 6928 6930
566 1 0 6883 0 6884
567 6866 0 0 1 6867
568 0 6898 0 0 6898
569 7012 0 0 0 7012
570 7053 0 1 1 7055
571 0 2 0 7030 7032
572 7060 0 1 0 7061
573 7032 0 2 0 7034
574 7050 0 0 0 7050
575 7081 0 0 0 7081
576 7064 0 0 0 7064
577 0 0 7061 0 7061
578 80 0 6910 0 6990
579 0 0 7035 2 7037
580 7003 0 0 1 7004
581 0 0 1 7063 7064
582 7078 0 34 0 7112
583 1 0 0 7147 7148
584 22 0 7204 0 7226
585 1 7224 0 0 7225
586 13 0 7259 0 7272
587 0 24 1 7209 7234
588 7369 0 0 0 7369
589 7436 0 1 0 7437
590 0 0 0 7413 7413
591 28 0 7480 0 7508
592 1 1 0 7293 7295
593 7567 0 0 0 7567
594 0 0 0 7530 7530
595 1 1 0 7674 7676
596 1 0 7536 1 7538
597 1 2 0 7509 7512
598 0 7426 0 1 7427
599 2 8176 0 1 8179
600 0 0 1 8259 8260
601 0 0 0 8430 8430
602 8 0 8370 0 8378
603 8372 1 1 1 8375
604 0 0 8270 0 8270
605 8397 0 0 0 8397
606 0 0 8414 0 8414
607 0 0 0 8226 8226
608 0 0 8466 0 8466
609 1 1 0 8396 8398
610 0 5 0 9040 9045
611 0 1 9292 0 9293
612 0 0 9283 11 9294
613 0 1 0 9112 9113
614 9433 0 0 0 9433
615 9368 1 0 0 9369
616 9474 0 0 0 9474
617 1 0 0 9805 9806
618 2 0 9943 0 9945
619 2 0 9912 0 9914
620 9992 0 1 0 9993
621 9988 1 1 0 9990
622 0 10051 0 2 10053
623 10042 1 1 0 10044
624 0 2 1 10006 10009
625 0 1 0 9981 9982
626 0 9873 0 2 9875
627 1 9909 0 0 9910
628 1 3 0 9934 9938
629 1 9980 0 2 9983
630 10158 0 4 1 10163
631 10076 0 1 1 10078
632 9938 1 0 0 9939
633 1 9842 0 0 9843
634 9628 17 1 1 9647
635 0 10022 1 1 10024
636 5 9987 0 1 9993
637 12 9950 0 1 9963
638 2 9967 0 31 10000
639 10041 2 0 2 10045
640 9945 2 4 0 9951
641 0 0 9 9974 9983
642 1 0 10037 0 10038
643 0 0 9970 1 9971
644 9945 0 0 0 9945
645 1 2 0 9968 9971
646 9921 0 1 1 9923
647 0 9914 0 1 9915
648 9980 0 1 1 9982
649 9905 2 1 0 9908
650 1 0 9853 2 9856
651 0 1 1 9739 9741
652 0 9808 0 1 9809
653 1 9901 0 1 9903
654 1 2 2 9907 9912
655 0 1 0 9906 9907
656 9813 0 0 0 9813
657 0 0 0 9862 9862
658 1 9847 1 3 9852
659 9877 24 1 0 9902
660 9825 1 0 0 9826
661 0 9933 0 1 9934
662 0 1 0 9850 9851
663 0 9989 0 0 9989
664 0 2 0 9937 9939
665 2 1 9940 2 9945
666 1 9960 0 0 9961
667 10154 1 1 0 10156
668 0 3 1 10207 10211
669 10201 1 1 0 10203
670 0 0 10175 0 10175
671 10025 0 0 1 10026
672 0 0 1 10105 10106
673 0 2 0 10202 10204
674 32 0 10106 0 10138
675 10124 0 0 1 10125
676 10167 0 0 0 10167
677 0 0 0 10169 10169
678 3 0 10120 1 10124
679 1 10139 0 0 10140
680 10148 0 1 0 10149
681 0 0 0 10089 10089
682 10198 1 0 0 10199
683 0 0 0 10177 10177
684 2 0 10086 0 10088
685 10007 0 2 0 10009
686 0 10045 2 0 10047
687 12 10073 0 1 10086
688 10241 0 0 0 10241
689 0 0 10200 0 10200
690 10081 0 1 0 10082
691 0 0 10189 7 10196
692 1 1 0 9772 9774
693 2 0 10161 1 10164
694 0 0 10165 1 10166
695 10162 0 2 0 10164
696 10163 0 0 1 10164
697 1 1 10156 0 10158
698 92 1 9855 1 9949
699 0 9990 0 1 9991
700 0 3 0 10084 10087
701 1 1 0 10148 10150
702 1 0 10030 0 10031
703 0 0 0 9961 9961
704 0 1 0 10065 10066
705 3 0 10042 1 10046
706 0 10188 0 0 10188
707 1 0 0 10344 10345
708 10314 1 17 0 10332
709 10108 0 59 0 10167
710 10064 0 0 1 10065
711 1 10228 0 1 10230
712 0 0 2 10106 10108
713 0 0 0 10267 10267
714 46 0 10160 0 10206
715 1 0 0 10282 10283
716 1 2 0 10480 10483
717 6 0 10390 0 10396
718 1 10290 0 10 10301
719 0 10405 0 0 10405
720 10335 0 3 0 10338
721 0 10407 0 0 10407
722 0 0 0 10427 10427
723 1 0 10394 0 10395
724 10315 0 0 1 10316
725 0 39 0 10375 10414
726 663 0 9686 1 10350
727 10332 0 0 0 10332
728 0 2 0 10341 10343
729 0 10438 0 0 10438
730 31 0 2 10346 10379
731 0 0 1 10390 10391
732 10348 0 0 0 10348
733 16 10377 0 1 10394
734 10448 0 0 2 10450
735 2 0 10532 0 10534
736 0 1 1 10124 10126
737 0 0 10390 0 10390
738 1 0 10380 2 10383
739 10210 0 0 0 10210
740 1 0 10393 0 10394
741 0 0 10331 1 10332
742 10207 0 1 1 10209
743 0 1 2 10412 10415
744 2 0 10296 0 10298
745 10294 1 0 0 10295
746 10272 0 1 0 10273
747 0 0 10234 0 10234
748 10197 0 0 1 10198
749 10093 25 0 2 10120
750 0 0 10040 1 10041
751 9963 0 2 3 9968
752 0 2 0 9935 9937
753 3 0 9914 1 9918
754 24 1 9667 0 9692
755 0 9611 0 2 9613
756 0 9628 1 1 9630
757 9977 1 18 1 9997
758 0 1 1 10121 10123
759 170 10015 0 4 10189
760 1 0 10118 1 10120
761 2 0 10040 2 10044
762 9838 0 0 1 9839
763 0 0 1 10024 10025
764 1 10133 0 2 10136
765 1 10105 0 1 10107
766 0 0 1 10033 10034
767 1 10033 0 1 10035
768 10135 0 0 0 10135
769 10009 0 0 0 10009
770 1 10033 0 0 10034
771 0 0 0 9907 9907
772 1 10013 0 0 10014
773 9847 70 1 0 9918
774 0 10051 0 8 10059
775 1 1 1 9861 9864
776 1 10015 0 1 10017
777 1 28 0 9773 9802
778 0 2 1 9824 9827
779 0 10051 0 1 10052
780 1 0 9757 0 9758
781 9390 0 30 0 9420
782 1 0 9530 0 9531
783 0 9573 0 0 9573
784 1 1 9527 0 9529
785 1 10 0 9210 9221
786 0 9040 0 257 9297
787 0 0 1 9343 9344
788 2 0 0 9296 9298
789 9340 0 1 0 9341
790 9209 0 0 0 9209
791 0 0 0 9212 9212
792 0 0 9196 0 9196
793 9088 1 24 1 9114
794 9092 0 1 0 9093
795 0 0 9115 0 9115
796 1 0 9019 0 9020
797 8977 0 0 0 8977
798 0 8971 0 1 8972
799 8974 0 0 2 8976
800 1 0 0 8837 8838
801 2 4 1 8854 8861
802 0 8807 0 3 8810
803 8838 0 1 0 8839
804 8834 2 0 0 8836
805 8725 2 1 0 8728
806 1 1 8641 0 8643
807 1 8506 0 3 8510
808 0 8481 0 2 8483
809 8477 0 1 0 8478
810 8348 1 0 0 8349
811 1 3 1 8252 8257
812 0 0 0 8122 8122
813 0 8279 0 4 8283
814 0 0 7799 1 7800
815 7902 1 1 0 7904
816 0 0 7981 1 7982
817 0 7733 0 1 7734
818 7830 0 1 0 7831
819 1 0 7705 7 7713
820 27 7582 0 0 7609
821 0 0 1 7658 7659
822 2 0 7618 0 7620
823 7638 0 0 0 7638
824 7599 0 0 0 7599
825 7441 1 0 0 7442
826 0 7548 0 1 7549
827 0 2 1 7350 7353
828 3 0 7240 0 7243
829 0 7125 0 3 7128
830 0 0 7060 0 7060
831 2 1 6937 0 6940
832 1 0 0 6764 6765
833 3 0 6806 0 6809
834 0 0 6805 0 6805
835 0 0 6724 0 6724
836 6686 0 8 0 6694
837 13 0 6768 1 6782
838 0 0 0 6425 6425
839 10 6575 0 0 6585
840 0 2 0 6692 6694
841 0 1 0 6706 6707
842 6346 1 319 0 6666
843 0 0 0 6519 6519
844 1 6406 0 1 6408
845 1 6360 0 3 6364
846 0 6381 0 0 6381
847 6497 0 1 0 6498
848 6408 0 3 0 6411
849 0 1 0 6322 6323
850 0 0 0 6352 6352
851 1 2 0 6437 6440
852 0 0 6323 0 6323
853 0 0 6250 0 6250
854 0 0 0 6112 6112
855 0 6106 0 3 6109
856 6204 0 7 0 6211
857 6137 0 0 0 6137
858 0 0 6005 0 6005
859 5933 0 0 0 5933
860 1 0 5822 1 5824
861 7 5676 0 2 5685
862 5564 0 1 0 5565
863 1 5626 0 1 5628
864 0 5650 0 0 5650
865 3 0 5645 15 5663
866 5507 1 0 0 5508
867 2 1 0 5555 5558
868 1 1 0 5617 5619
869 5549 1 0 0 5550
870 1 0 0 5468 5469
871 1 5323 0 0 5324
872 5195 0 0 0 5195
873 113 5203 0 0 5316
874 0 5341 0 1 5342
875 5340 0 0 0 5340
876 0 0 5332 0 5332
877 5242 0 0 0 5242
878 5231 0 0 0 5231
879 0 0 5190 34 5224
880 5183 0 0 1 5184
881 0 0 5151 0 5151
882 16 0 4974 17 5007
883 1 1 4996 0 4998
884 5003 0 0 0 5003
885 17 0 4889 0 4906
886 4786 0 0 0 4786
887 0 4720 1 1 4722
888 4728 0 0 0 4728
889 4702 0 0 0 4702
890 0 0 0 4660 4660
891 0 0 0 4696 4696
892 4645 0 0 1 4646
893 1 0 4592 0 4593
894 4578 0 0 0 4578
895 0 0 0 4497 4497
896 0 18 1 4366 4385
897 1 0 4272 1 4274
898 1 0 4273 0 4274
899 0 0 0 4134 4134
900 1 4099 0 1 4101
901 4125 0 0 1 4126
902 0 4057 0 33 4090
903 1 0 4120 0 4121
904 2 0 4131 0 4133
905 4058 0 0 0 4058
906 4091 0 0 0 4091
907 2 0 4047 0 4049
908 3922 0 0 0 3922
909 3844 0 0 0 3844
910 0 3862 0 0 3862
911 0 0 1 3794 3795
912 0 0 1 3789 3790
913 0 0 0 3798 3798
914 3742 0 0 0 3742
915 1 0 0 3661 3662
916 3 3704 0 1 3708
917 0 5 0 3664 3669
918 0 0 1 3658 3659
919 0 0 0 3684 3684
920 0 1 0 3669 3670
921 3648 0 0 0 3648
922 3627 0 0 0 3627
923 0 0 3592 0 3592
924 0 0 0 3486 3486
925 3530 0 0 0 3530
926 3533 0 0 1 3534
927 3534 0 0 0 3534
928 3525 0 1 0 3526
929 0 0 3363 1 3364
930 3297 0 1 0 3298
931 3266 0 0 0 3266
932 0 0 0 3206 3206
933 0 1 0 3195 3196
934 0 0 3157 0 3157
935 3104 0 0 0 3104
936 0 0 1 3066 3067
937 0 0 3065 0 3065
938 3040 0 0 0 3040
939 0 0 0 2990 2990
940 3029 0 0 0 3029
941 2993 0 0 0 2993
942 0 2980 0 0 2980
943 2920 0 0 0 2920
944 0 0 1 2846 2847
945 2775 0 0 0 2775
946 0 2870 0 1 2871
947 0 0 0 2865 2865
948 2901 0 0 0 2901
949 1 0 1 2840 2842
950 1 0 0 2805 2806
951 0 2820 0 0 2820
952 0 2807 0 1 2808
953 2743 0 1 0 2744
954 0 2757 0 2 2759
955 2772 0 0 0 2772
956 2758 0 1 0 2759
957 2748 0 0 0 2748
958 2720 0 0 0 2720
959 0 2739 0 0 2739
960 2723 0 0 0 2723
961 0 0 2691 0 2691
962 2 0 1 2636 2639
963 1 0 2673 1 2675
964 2687 0 0 0 2687
965 0 0 0 2675 2675
966 2673 0 0 0 2673
967 0 0 2593 0 2593
968 0 2536 0 0 2536
969 0 0 0 2567 2567
970 2597 0 0 0 2597
971 2567 0 0 0 2567
972 0 2554 0 1 2555
973 2516 0 0 0 2516
974 2 0 2439 0 2441
975 0 2303 0 1 2304
976 0 0 0 2308 2308
977 0 2376 0 1 2377
978 0 2402 0 5 2407
979 2409 0 0 0 2409
980 0 0 0 2298 2298
981 2279 0 0 0 2279
982 2266 0 0 0 2266
983 1 0 0 2207 2208
984 2149 0 0 0 2149
985 0 0 2130 0 2130
986 0 1877 0 0 1877
987 0 0 1 1872 1873
988 0 0 1942 0 1942
989 1746 0 0 0 1746
990 813 897 0 0 1710
991 1666 0 0 0 1666
992 0 0 0 1651 1651
993 0 0 1666 0 1666
994 0 0 1670 0 1670
995 3 0 0 1605 1608
996 0 0 0 1623 1623
997 0 0 1598 0 1598
998 0 0 0 1528 1528
999 1528 0 0 0 1528
1000 0 0 0 1509 1509
1001 0 1476 0 0 1476
1002 1477 0 2 0 1479
1003 0 1 0 1457 1458
1004 0 0 0 1459 1459
1005 1452 0 0 0 1452
1006 0 0 0 1354 1354
1007 0 1387 0 0 1387
1008 0 0 1387 0 1387
1009 1 0 0 1293 1294
1010 0 0 0 1307 1307
1011 1299 0 0 0 1299
1012 0 1 0 1275 1276
1013 0 0 0 1285 1285
1014 1286 0 0 0 1286
1015 0 0 1283 0 1283
1016 1252 0 1 0 1253
1017 1251 0 0 0 1251
1018 1232 0 0 0 1232
1019 0 1234 0 1 1235
1020 1234 0 0 0 1234
1021 0 0 0 1219 1219
1022 0 0 0 1227 1227
1023 1 0 1251 0 1252
1024 0 0 0 1247 1247
1025 1229 0 0 0 1229
1026 0 0 0 1233 1233
1027 0 0 1215 0 1215
1028 1198 0 0 0 1198
1029 1109 0 0 0 1109
1030 1049 0 0 0 1049
1031 0 1 0 1040 1041
1032 0 0 1011 0 1011
1033 1006 0 0 0 1006
1034 999 0 0 0 999
1035 0 0 966 0 966
1036 1 0 964 0 965
1037 982 0 0 0 982
1038 0 0 1 956 957
1039 0 0 953 0 953
1040 0 1 0 959 960
1041 0 0 952 0 952
1042 0 0 940 0 940
1043 1 0 0 942 943
1044 0 0 0 940 940
1045 1 0 926 0 927
1046 862 0 0 0 862
1047 849 0 0 0 849
1048 0 0 864 0 864
1049 0 0 0 811 811
1050 0 0 826 0 826
1051 0 0 0 822 822
1052 811 0 1 0 812
1053 0 788 0 0 788
1054 768 0 0 0 768
1055 0 0 764 0 764
1056 0 757 0 0 757
1057 751 0 0 0 751
1058 0 0 746 0 746
1059 0 0 666 0 666
1060 0 653 0 0 653
1061 610 0 0 0 610
1062 0 0 614 0 614
1063 0 0 0 590 590
1064 0 0 574 0 574
1065 0 539 0 1 540
1066 0 0 0 560 560
1067 0 0 0 560 560
1068 0 0 564 0 564
1069 0 0 0 495 495
1070 0 0 489 0 489
1071 467 0 0 0 467
1072 461 0 0 0 461
1073 0 0 0 406 406
1074 0 0 0 426 426
1075 0 0 0 395 395
1076 368 0 0 0 368
1077 342 0 0 0 342
1078 329 0 0 0 329
1079 188 0 0 0 188
1080 0 0 0 157 157
1081 103 0 0 0 103
1082 100 0 0 0 100
1083 104 0 0 0 104
1084 93 0 0 0 93
1085 28 0 0 0 28
1086 0 0 0 14 14
1087 0 14 0 0 14
1088 0 14 0 0 14
1089 0 0 0 14 14
1090 0 4 0 0 4
1091 0 0 0 4 4
1092 0 0 0 4 4
1093 0 0 3 0 3
1094 0 0 0 4 4
1095 0 0 0 4 4
1096 4 0 0 0 4
1097 0 4 0 0 4
1098 0 0 0 4 4
1099 4 0 0 0 4
1100 0 0 0 0 0
1101 0 0 0 0 0
1102 0 0 0 0 0
