0 0 0 0 0 0
1 16 1 0 6 23
2 0 0 23 0 23
3 0 25 0 0 25
4 28 0 0 0 28
5 0 0 28 0 28
6 31 0 0 0 31
7 31 0 0 0 31
8 0 0 33 0 33
9 0 47 0 4 51
10 46 25 3 16 90
11 0 0 98 0 98
12 97 3 5 4 109
13 0 0 128 0 128
14 0 0 143 1 144
15 186 0 20 1 207
16 0 0 0 272 272
17 0 9 0 281 290
18 0 1 0 586 587
19 6 0 846 0 852
20 1 0 0 942 943
21 0 0 0 1004 1004
22 0 0 0 1043 1043
23 1038 0 4 3 1045
24 2 0 1312 0 1314
25 0 0 0 1355 1355
26 0 1429 0 0 1429
27 1429 0 5 1 1435
28 0 1915 0 0 1915
29 0 0 0 2010 2010
30 0 0 2267 1 2268
31 0 0 2287 0 2287
32 1 2436 0 1 2438
33 2620 2 1 0 2623
34 2630 0 1 1 2632
35 2614 0 0 0 2614
36 1 2656 0 6 2663
37 2647 0 0 0 2647
38 2 0 2699 0 2701
39 2716 0 0 0 2716
40 38 0 2806 0 2844
41 2943 1 0 0 2944
42 3071 0 1 0 3072
43 3094 0 0 0 3094
44 3075 0 0 0 3075
45 3066 5 0 1 3072
46 1 31 0 3121 3153
47 0 5 3212 0 3217
48 5 0 3252 0 3257
49 1 3394 1 7 3403
50 4 0 3462 0 3466
51 3435 0 25 1 3461
52 3520 0 1 0 3521
53 14 3699 0 7 3720
54 3810 0 1 1 3812
55 3820 0 0 0 3820
56 0 3842 1 9 3852
57 3856 0 0 17 3873
58 3881 0 1 0 3882
59 0 3931 0 2 3933
60 3981 0 0 0 3981
61 0 1 0 3960 3961
62 2 0 3966 0 3968
63 3929 0 0 0 3929
64 0 4107 0 5 4112
65 0 4180 0 0 4180
66 4205 0 0 0 4205
67 0 4244 0 4 4248
68 4250 0 2 0 4252
69 4208 0 0 0 4208
70 0 4359 0 9 4368
71 4300 0 0 0 4300
72 2 4436 0 0 4438
73 4416 0 0 0 4416
74 4389 0 0 0 4389
75 4362 0 1 0 4363
76 0 1 0 4360 4361
77 0 0 0 4362 4362
78 0 0 4409 0 4409
79 4369 0 0 0 4369
80 0 0 4422 0 4422
81 0 0 4389 0 4389
82 2 1 0 4138 4141
83 0 0 4348 0 4348
84 0 0 4339 0 4339
85 1 1 4282 5 4289
86 0 8 5 4358 4371
87 2 4530 6 12 4550
88 0 4757 11 7 4775
89 18 0 4827 1 4846
90 3 0 5036 1 5040
91 10 0 5082 0 5092
92 5031 2 59 4 5096
93 0 0 5218 0 5218
94 0 5296 0 1 5297
95 5358 0 7 0 5365
96 5376 0 1 0 5377
97 1 5388 3 0 5392
98 1 5455 0 0 5456
99 5495 0 15 1 5511
100 5516 1 0 1 5518
101 0 1 0 5552 5553
102 1 0 5573 1 5575
103 3 5659 0 0 5662
104 0 5704 0 2 5706
105 5676 0 1 0 5677
106 1 5781 0 0 5782
107 4 5816 1 12 5833
108 5853 0 1 0 5854
109 2 0 0 5992 5994
110 6095 0 1 1 6097
111 6029 0 2 0 6031
112 5930 0 1 0 5931
113 2 6108 0 0 6110
114 0 6 1 6061 6068
115 1 2 0 6094 6097
116 0 11 0 6133 6144
117 5 0 6152 1 6158
118 6133 0 1 0 6134
119 6157 2 1 1 6161
120 8 0 6121 1 6130
121 1 6181 0 1 6183
122 6254 0 1 0 6255
123 0 1 6278 0 6279
124 3 0 6258 0 6261
125 6172 0 17 0 6189
126 6263 0 1 2 6266
127 0 1 2 6270 6273
128 0 4 0 6353 6357
129 1 6465 0 4 6470
130 0 1 0 6518 6519
131 4 1 6473 2 6480
132 0 0 6443 0 6443
133 6335 0 8 1 6344
134 0 0 6466 0 6466
135 1 1 0 6326 6328
136 4 2 6445 1 6452
137 2 6494 1 5 6502
138 1 0 1 6538 6540
139 6589 1 0 0 6590
140 0 0 0 6587 6587
141 2 0 6578 0 6580
142 6602 1 0 1 6604
143 6602 1 6 0 6609
144 6616 0 1 0 6617
145 5 0 6562 0 6567
146 8 2 6540 1 6551
147 2 6618 0 0 6620
148 0 1 0 6618 6619
149 0 3 0 6646 6649
150 0 0 0 6672 6672
151 0 6721 0 9 6730
152 6739 0 1 2 6742
153 0 3 0 6605 6608
154 7 0 6624 2 6633
155 5 1 6633 0 6639
156 2 6754 1 1 6758
157 6829 1 0 0 6830
158 6819 0 2 0 6821
159 6776 1 5 0 6782
160 70 0 6689 0 6759
161 6798 0 0 0 6798
162 1 0 6714 0 6715
163 1 6688 0 5 6694
164 2 6648 1 12 6663
165 2 6787 0 0 6789
166 0 3 0 6772 6775
167 1 5 0 6780 6786
168 6 0 6678 0 6684
169 6704 0 0 0 6704
170 0 6734 0 3 6737
171 0 8 1 6645 6654
172 6562 0 3 0 6565
173 2 6614 1 7 6624
174 2 6607 0 0 6609
175 2 6572 0 2 6576
176 22 6477 0 67 6566
177 1 0 6562 0 6563
178 1 0 6578 0 6579
179 0 0 1 6453 6454
180 4 6630 0 1 6635
181 6769 0 1 0 6770
182 6728 0 0 1 6729
183 0 0 6716 1 6717
184 6701 0 2 0 6703
185 0 6672 0 1 6673
186 1 6654 0 4 6659
187 5 0 6642 0 6647
188 26 6640 0 0 6666
189 0 6633 1 81 6715
190 1 5 0 6726 6732
191 6768 0 1 0 6769
192 6760 0 3 0 6763
193 6728 0 0 0 6728
194 1 17 1 6608 6627
195 6697 0 0 0 6697
196 20 2 6617 0 6639
197 6625 0 1 3 6629
198 3 6680 0 0 6683
199 28 3 0 6686 6717
200 6710 0 12 0 6722
201 6651 0 1 0 6652
202 6618 0 1 0 6619
203 6617 0 2 2 6621
204 6594 0 3 0 6597
205 11 0 6675 0 6686
206 6574 0 1 0 6575
207 6574 0 3 0 6577
208 6619 0 0 0 6619
209 6677 0 1 1 6679
210 0 0 1 6644 6645
211 0 0 1 6686 6687
212 6663 0 30 0 6693
213 0 0 6570 1 6571
214 6582 0 0 0 6582
215 42 0 6567 0 6609
216 0 0 0 6427 6427
217 3 6549 0 0 6552
218 6559 0 0 0 6559
219 6525 1 0 0 6526
220 8 0 6571 0 6579
221 6419 0 0 0 6419
222 6342 1 0 0 6343
223 2 2 1 6386 6391
224 6478 0 0 0 6478
225 6472 0 0 0 6472
226 6441 0 3 0 6444
227 6292 0 31 0 6323
228 6250 0 0 1 6251
229 10 6243 0 0 6253
230 0 12 0 6148 6160
231 0 6239 1 2 6242
232 6213 0 0 0 6213
233 1 6276 0 1 6278
234 6310 0 4 0 6314
235 6245 0 1 0 6246
236 7 6189 1 7 6204
237 6234 0 1 1 6236
238 6234 0 1 0 6235
239 6173 0 0 0 6173
240 6121 0 2 0 6123
241 0 0 6031 0 6031
242 1 5 1 5084 5091
243 0 0 5572 0 5572
244 5915 0 1 2 5918
245 0 0 5891 0 5891
246 0 5848 0 17 5865
247 4 5936 0 8 5948
248 1 8 1 6035 6045
249 3 0 6066 1 6070
250 5987 0 11 0 5998
251 6022 3 6 0 6031
252 6035 0 5 0 6040
253 9 0 5964 0 5973
254 1 4 1 5472 5478
255 5839 0 21 0 5860
256 6039 0 0 0 6039
257 6047 0 0 0 6047
258 6037 1 7 1 6046
259 0 0 5906 22 5928
260 18 0 5787 0 5805
261 5914 0 0 0 5914
262 1 0 1 5860 5862
263 6 0 5916 0 5922
264 1 7 1 5690 5699
265 3 5726 0 0 5729
266 2 5714 0 8 5724
267 3 5952 0 0 5955
268 0 15 0 5988 6003
269 0 3 0 6059 6062
270 1 1 5971 0 5973
271 5904 0 2 0 5906
272 5921 1 42 0 5964
273 4 0 5968 0 5972
274 5839 0 3 0 5842
275 2 0 6196 3 6201
276 6229 0 4 0 6233
277 5 0 6299 0 6304
278 6324 1 11 0 6336
279 6413 0 1 0 6414
280 6527 0 0 0 6527
281 6555 0 5 0 6560
282 6 0 6412 0 6418
283 0 6451 0 1 6452
284 6609 0 1 1 6611
285 6647 3 0 8 6658
286 1 0 0 6589 6590
287 1 7 0 6565 6573
288 0 0 6644 4 6648
289 1 0 6590 1 6592
290 6463 0 5 1 6469
291 49 0 6686 0 6735
292 1 0 1 6478 6480
293 6689 0 70 0 6759
294 6832 1 41 0 6874
295 6907 0 0 0 6907
296 6876 0 1 0 6877
297 6782 0 0 30 6812
298 3 1 0 6766 6770
299 4 1 6793 0 6798
300 6740 0 0 2 6742
301 0 1 0 6893 6894
302 14 1 6862 0 6877
303 6881 0 0 0 6881
304 6954 1 0 1 6956
305 6925 1 8 0 6934
306 2 0 6877 1 6880
307 2 4 1 6457 6464
308 6686 0 14 0 6700
309 2 6839 0 1 6842
310 1 0 0 6796 6797
311 0 6833 0 14 6847
312 0 6881 0 4 6885
313 5 0 2 6951 6958
314 6557 0 351 0 6908
315 1 1 0 6965 6967
316 0 3 0 6986 6989
317 0 2 0 7014 7016
318 7037 1 1 1 7040
319 0 1 1 7027 7029
320 5 0 6961 0 6966
321 6989 0 8 0 6997
322 6969 1 1 2 6973
323 0 12 1 6854 6867
324 2 6907 1 1 6911
325 1 6888 0 1 6890
326 23 0 6895 0 6918
327 1 1 0 6725 6727
328 1 6771 0 0 6772
329 0 0 0 6798 6798
330 8 0 6765 1 6774
331 0 6859 0 1 6860
332 1 12 1 6885 6899
333 0 0 6915 0 6915
334 31 0 6808 0 6839
335 6886 0 7 6 6899
336 6926 0 8 2 6936
337 0 262 1 6665 6928
338 1 2 1 6925 6929
339 1 0 6858 1 6860
340 6832 0 1 1 6834
341 6848 0 3 0 6851
342 9 0 6820 0 6829
343 1 0 6779 0 6780
344 53 1 6741 1 6796
345 0 2 1 6451 6454
346 0 3 0 6682 6685
347 0 6 21 6769 6796
348 1 2 6660 1 6664
349 6656 0 33 0 6689
350 3 0 6736 1 6740
351 1 6639 0 1 6641
352 0 6703 0 0 6703
353 6700 0 2 0 6702
354 0 3 0 6711 6714
355 6680 0 1 1 6682
356 0 6727 0 1 6728
357 0 3 0 6744 6747
358 8 2 6689 1 6700
359 0 0 2 6627 6629
360 6684 1 3 12 6700
361 0 4 1 6718 6723
362 3 0 6662 4 6669
363 6662 0 1 1 6664
364 6664 0 0 1 6665
365 0 6660 0 1 6661
366 6671 0 1 0 6672
367 0 0 6637 7 6644
368 0 0 0 6514 6514
369 0 13 0 6582 6595
370 0 6626 0 2 6628
371 1 31 0 6621 6653
372 1 0 1 6604 6606
373 0 6643 0 2 6645
374 6643 0 2 0 6645
375 6590 1 7 0 6598
376 6553 1 0 5 6559
377 0 2 1 6626 6629
378 6579 0 54 0 6633
379 3 0 6479 1 6483
380 1 6494 0 3 6498
381 6602 0 1 1 6604
382 6509 0 66 1 6576
383 11 6565 0 1 6577
384 0 4 0 6542 6546
385 3 0 6582 1 6586
386 0 1 1 6417 6419
387 6493 0 0 0 6493
388 13 6508 0 10 6531
389 28 0 6545 0 6573
390 6457 0 18 0 6475
391 6529 0 0 1 6530
392 6542 1 8 0 6551
393 0 0 0 6546 6546
394 6506 1 0 0 6507
395 0 6570 0 1 6571
396 6570 1 0 0 6571
397 6580 0 1 0 6581
398 0 0 0 6493 6493
399 0 48 0 6492 6540
400 2 3 6467 14 6486
401 1 0 6450 3 6454
402 6431 4 26 1 6462
403 1 6399 0 1 6401
404 0 6413 0 4 6417
405 4 0 6482 0 6486
406 6445 0 2 1 6448
407 0 16 10 6439 6465
408 0 1 0 6505 6506
409 6193 2 93 1 6289
410 1 6439 0 6 6446
411 3 6427 0 1 6431
412 0 6554 0 0 6554
413 8 104 0 6448 6560
414 0 2 1 6512 6515
415 1 6594 0 2 6597
416 6579 0 33 1 6613
417 6520 0 13 0 6533
418 2 6610 0 2 6614
419 6441 0 0 0 6441
420 1 6592 0 3 6596
421 0 6676 0 0 6676
422 6698 0 1 0 6699
423 14 1 6678 0 6693
424 6574 2 4 0 6580
425 4 0 6620 1 6625
426 6543 0 5 1 6549
427 3 0 6629 1 6633
428 12 0 6580 0 6592
429 0 1 2 6268 6271
430 0 0 6456 0 6456
431 1 6451 0 1 6453
432 2 6579 0 3 6584
433 1 3 0 6606 6610
434 0 3 0 6692 6695
435 6 0 6662 1 6669
436 6646 3 0 1 6650
437 1 0 5 6661 6667
438 8 0 6627 0 6635
439 6604 0 0 0 6604
440 5 6683 0 8 6696
441 6700 0 0 0 6700
442 0 11 1 6686 6698
443 6725 2 21 1 6749
444 0 1 6671 0 6672
445 6648 0 5 1 6654
446 55 0 6749 1 6805
447 1 2 6900 0 6903
448 6991 1 3 0 6995
449 7037 0 2 1 7040
450 9 0 6998 0 7007
451 7017 0 1 0 7018
452 7014 1 1 0 7016
453 4 6938 0 2 6944
454 11 6975 0 1 6987
455 7089 0 0 5 7094
456 12 0 7068 0 7080
457 7027 0 0 1 7028
458 24 0 7077 1 7102
459 0 0 7026 7 7033
460 7031 0 1 1 7033
461 0 1 0 7105 7106
462 0 0 7090 0 7090
463 1 0 0 7024 7025
464 0 0 0 7254 7254
465 1 0 7308 0 7309
466 7209 0 8 1 7218
467 6 2 3 7184 7195
468 1 0 7169 0 7170
469 3 0 7402 0 7405
470 1 7355 2 37 7395
471 5 7390 0 13 7408
472 2 7502 0 3 7507
473 7575 0 15 0 7590
474 7530 0 2 3 7535
475 1 7562 0 1 7564
476 1 0 2 7646 7649
477 1 0 7638 2 7641
478 7558 0 13 0 7571
479 7725 0 1 0 7726
480 7558 0 0 1 7559
481 10 0 1 7530 7541
482 7649 0 0 0 7649
483 5 0 7617 1 7623
484 0 1 1 6966 6968
485 7433 0 3 0 7436
486 0 1 1 7488 7490
487 1 0 0 7571 7572
488 7563 0 3 1 7567
489 7543 22 1 9 7575
490 0 4 7599 1 7604
491 4 1 7449 0 7454
492 2 1 7423 0 7426
493 7479 0 1 0 7480
494 0 7525 0 0 7525
495 7611 0 0 0 7611
496 1 1 1 7624 7627
497 1 0 7564 0 7565
498 7556 0 8 1 7565
499 7618 19 0 1 7638
500 2 7548 1 9 7560
501 7637 0 2 0 7639
502 7670 0 2 2 7674
503 6 7978 0 4 7988
504 8195 0 2 0 8197
505 8166 0 7 0 8173
506 8114 0 7 0 8121
507 2 0 8096 1 8099
508 8021 0 4 1 8026
509 1 6 1 7995 8003
510 3 1 8061 1 8066
511 0 7991 0 3 7994
512 8088 0 2 1 8091
513 8000 0 3 1 8004
514 2 0 7976 1 7979
515 37 0 7934 4 7975
516 2 8035 0 1 8038
517 8174 1 4 1 8180
518 8221 0 1 1 8223
519 8167 0 2 0 8169
520 8162 1 5 0 8168
521 2 0 8191 1 8194
522 8149 0 0 0 8149
523 2 1 1 8184 8188
524 8310 0 3 0 8313
525 8319 0 2 2 8323
526 8181 5 14 2 8202
527 10 5 8169 1 8185
528 2 0 8144 0 8146
529 8134 1 13 0 8148
530 26 0 8164 0 8190
531 1 0 8204 0 8205
532 8324 0 1 1 8326
533 8427 0 0 0 8427
534 22 2 8388 0 8412
535 5 5 1 8476 8487
536 9074 0 0 1 9075
537 9129 0 1 0 9130
538 9056 0 38 1 9095
539 4 8987 0 6 8997
540 8981 0 0 2 8983
541 1 9171 0 0 9172
542 0 28 0 9124 9152
543 3 9538 0 0 9541
544 9766 1 0 0 9767
545 9768 0 12 1 9781
546 9982 0 0 0 9982
547 10053 0 1 0 10054
548 10001 1 16 4 10022
549 4 0 10014 2 10020
550 10010 2 0 0 10012
551 10111 6 1 2 10120
552 0 0 10140 1 10141
553 1 0 10298 0 10299
554 53 0 10201 0 10254
555 10271 2 4 0 10277
556 10317 1 3 1 10322
557 2 0 10372 3 10377
558 2 3 1 10173 10179
559 0 1 0 10194 10195
560 1 10265 0 12 10278
561 2 10372 1 2 10377
562 3 0 10525 0 10528
563 0 11 2 10402 10415
564 1 3 0 10472 10476
565 0 0 6 10626 10632
566 1 0 10586 1 10588
567 10595 0 18 2 10615
568 4 10673 0 1 10678
569 10783 0 0 0 10783
570 10733 0 1 0 10734
571 1 0 1 10835 10837
572 10845 0 0 0 10845
573 10841 3 2 1 10847
574 10842 1 0 0 10843
575 10872 6 7 2 10887
576 10841 7 3 10 10861
577 5 0 10869 0 10874
578 11 0 10788 0 10799
579 5 0 10859 0 10864
580 10781 0 3 1 10785
581 1 190 1 10641 10833
582 10875 3 97 12 10987
583 0 18 1 11086 11105
584 15 0 11164 4 11183
585 37 11195 2 2 11236
586 6 2 11316 0 11324
587 0 7 3 11047 11057
588 11442 0 27 0 11469
589 11561 3 1 0 11565
590 0 0 0 11595 11595
591 99 2 11600 3 11704
592 4 3 0 11358 11365
593 11817 0 16 1 11834
594 2 1 2 11919 11924
595 1 4 0 12047 12052
596 0 0 11961 1 11962
597 0 2 2 12015 12019
598 1 12051 0 1 12053
599 1 12872 0 0 12873
600 1 0 0 13135 13136
601 3 0 0 13436 13439
602 273 0 13154 0 13427
603 13454 0 4 0 13458
604 0 0 13260 9 13269
605 13394 1 46 0 13441
606 2 7 13504 18 13531
607 1 1 0 13287 13289
608 150 0 13593 0 13743
609 1 23 0 13676 13700
610 1 5 0 14748 14754
611 4 0 15453 2 15459
612 4 0 15615 2 15621
613 0 10 0 15426 15436
614 16035 0 2 1 16038
615 15983 0 0 4 15987
616 16171 0 0 3 16174
617 1 4 1 16607 16613
618 7 3 16797 3 16810
619 7 0 16759 1 16767
620 16998 1 11 0 17010
621 17051 2 3 3 17059
622 3 17160 0 5 17168
623 17103 2 16 2 17123
624 1 2 0 17104 17107
625 2 6 0 17150 17158
626 3 17021 0 25 17049
627 8 17293 0 0 17301
628 2 3 0 17436 17441
629 2 17494 0 1 17497
630 17637 3 6 1 17647
631 17529 1 3 0 17533
632 17379 3 3 0 17385
633 17 17190 0 107 17314
634 17024 1 6 0 17031
635 9 17514 3 3 17529
636 9 17394 0 20 17423
637 8 17460 0 1 17469
638 203 17336 0 5 17544
639 17682 0 1 0 17683
640 17485 1 6 2 17494
641 5 3 1 17671 17680
642 10 0 17716 3 17729
643 1 2 17522 1 17526
644 17149 0 410 3 17562
645 1 10 0 17748 17759
646 17524 0 143 3 17670
647 5 17853 0 4 17862
648 17946 0 1 1 17948
649 17853 1 2 0 17856
650 8 1 17812 1 17822
651 3 1 1 17706 17711
652 2 17806 1 1 17810
653 2 18041 0 15 18058
654 0 30 0 18154 18184
655 0 6 1 18328 18335
656 18236 3 5 0 18244
657 1 2 3 18198 18204
658 3 18217 0 47 18267
659 18348 1 1 4 18354
660 18154 4 1 0 18159
661 15 18316 0 3 18334
662 1 6 0 18134 18141
663 13 18309 0 0 18322
664 0 1 1 18330 18332
665 605 0 17647 0 18252
666 24 18376 3 4 18407
667 18427 1 3 1 18432
668 1 27 2 18514 18544
669 18492 0 13 0 18505
670 1 0 18509 7 18517
671 18319 2 2 9 18332
672 0 1 1 18509 18511
673 1 0 1 18683 18685
674 127 1 18370 0 18498
675 18463 3 1 2 18469
676 18607 2 1 1 18611
677 3 6 0 18654 18663
678 7 0 18547 1 18555
679 5 18710 0 4 18719
680 18751 0 1 3 18755
681 3 4 0 18710 18717
682 18817 2 1 0 18820
683 1 11 0 18819 18831
684 2 1 18638 1 18642
685 18554 1 2 5 18562
686 5 18646 5 9 18665
687 2 18700 0 5 18707
688 18802 2 3 2 18809
689 24 0 18801 3 18828
690 18486 0 8 1 18495
691 4 0 18793 0 18797
692 0 7 4 18173 18184
693 3 0 18911 0 18914
694 6 2 18786 2 18796
695 18864 0 8 2 18874
696 18978 2 29 0 19009
697 106 0 18741 2 18849
698 521 0 18207 2 18730
699 1 19127 0 4 19132
700 0 0 1 19382 19383
701 1 11 0 19516 19528
702 9 0 19348 2 19359
703 2 2 0 19213 19217
704 1 5 3 19679 19688
705 6 0 19472 1 19479
706 2 19698 2 3 19705
707 0 5 0 20073 20078
708 20009 1 7 0 20017
709 19816 1 4 3 19824
710 19657 2 2 5 19666
711 19 20295 0 1 20315
712 0 3 0 20248 20251
713 1 8 0 20573 20582
714 4 0 20434 2 20440
715 0 8 0 20681 20689
716 0 9 1 20821 20831
717 2 1 20755 0 20758
718 4 20514 3 4 20525
719 4 20730 0 30 20764
720 20701 1 9 2 20713
721 1 20837 0 230 21068
722 1 4 0 21259 21264
723 5 0 21164 0 21169
724 20975 8 17 5 21005
725 4 14 1 21250 21269
726 139 0 21033 4 21176
727 21123 1 2 0 21126
728 0 171 1 20962 21134
729 7 21347 4 1 21359
730 6 2 0 21308 21316
731 0 6 0 21349 21355
732 21329 0 1 1 21331
733 2 21450 0 3 21455
734 21405 2 4 1 21412
735 1 2 21419 1 21423
736 2 12 1 20769 20784
737 0 9 21202 12 21223
738 7 0 21286 3 21296
739 20952 3 12 0 20967
740 2 0 21468 2 21472
741 6 0 21366 3 21375
742 21077 2 5 3 21087
743 1 1 1 21360 21363
744 8 1 21317 3 21329
745 21294 0 6 1 21301
746 21473 11 2 1 21487
747 11 0 21303 0 21314
748 21331 0 4 0 21335
749 21278 18 2 2 21300
750 3 1 21056 2 21062
751 21025 3 1 2 21031
752 1 11 2 21048 21062
753 8 0 20833 1 20842
754 8 1 20645 0 20654
755 1 20353 0 309 20663
756 2 20579 3 18 20602
757 21123 16 10 4 21153
758 2 5 0 21488 21495
759 9 21693 0 3 21705
760 6 0 21818 6 21830
761 9 0 21616 1 21626
762 21305 1 3 0 21309
763 1 0 0 21318 21319
764 2 21428 0 4 21434
765 4 21700 0 0 21704
766 1 4 0 21592 21597
767 4 21576 0 5 21585
768 21747 2 3 1 21753
769 21541 3 1 5 21550
770 3 21620 0 8 21631
771 1 11 4 21382 21398
772 0 21534 0 2 21536
773 21190 26 6 2 21224
774 18 21571 5 0 21594
775 4 3 0 21148 21155
776 7 21475 2 0 21484
777 0 0 1 21082 21083
778 3 0 3 20973 20979
779 7 21344 0 13 21364
780 13 0 21013 0 21026
781 20471 1 7 4 20483
782 6 0 20530 3 20539
783 9 20357 0 3 20369
784 54 0 20368 0 20422
785 0 8 0 19754 19762
786 10 20140 0 13 20163
787 34 3 0 20272 20309
788 1 49 0 20225 20275
789 20328 1 5 0 20334
790 20261 1 2 0 20264
791 6 1 1 20174 20182
792 5 1 20251 3 20260
793 20120 2 4 0 20126
794 20037 2 0 4 20043
795 4 0 19966 1 19971
796 2 0 19847 0 19849
797 19746 1 19 0 19766
798 18 19972 0 1 19991
799 19959 1 1 0 19961
800 2 0 1 19908 19911
801 2 10 1 19791 19804
802 1 19864 0 3 19868
803 19863 0 2 0 19865
804 19817 0 1 0 19818
805 19509 9 39 5 19562
806 11 0 19273 0 19284
807 5 19159 1 4 19169
808 8 19301 1 3 19313
809 19324 3 1 1 19329
810 19263 2 7 0 19272
811 1 7 1 19063 19072
812 0 2 1 18884 18887
813 3 19163 0 8 19174
814 6 0 18198 4 18208
815 18470 2 3 0 18475
816 5 0 18633 2 18640
817 2 18367 1 2 18372
818 18490 0 7 0 18497
819 3 0 18332 2 18337
820 17 18302 2 4 18325
821 1 4 0 18413 18418
822 4 0 18317 1 18322
823 18268 1 2 0 18271
824 18273 0 3 0 18276
825 18085 0 4 1 18090
826 1 18305 0 3 18309
827 3 4 0 18046 18053
828 4 0 18090 0 18094
829 2 18054 2 2 18060
830 9 0 17933 1 17943
831 52 0 17379 1 17432
832 0 2 0 16979 16981
833 4 0 17106 1 17111
834 4 0 17180 0 17184
835 14 0 17151 2 17167
836 17047 1 4 0 17052
837 4 0 17216 1 17221
838 4 3 1 16458 16466
839 12 16796 1 1 16810
840 1 2 3 17019 17025
841 0 1 0 17052 17053
842 16912 1 79 0 16992
843 1 1 3 16609 16614
844 6 16413 13 5 16437
845 14 16450 0 4 16468
846 34 16484 0 1 16519
847 16704 0 4 1 16709
848 16549 0 5 1 16555
849 0 1 0 16394 16395
850 0 1 0 16473 16474
851 6 3 0 16584 16593
852 10 0 16227 12 16249
853 1 0 16153 2 16156
854 0 2 0 15980 15982
855 8 15957 1 3 15969
856 16097 0 1 1 16099
857 16008 1 3 1 16013
858 14 0 15759 1 15774
859 15643 0 2 0 15645
860 2 0 15341 2 15345
861 9 14816 0 1 14826
862 14773 0 2 1 14776
863 2 15021 1 9 15033
864 3 15076 0 3 15082
865 6 0 15164 7 15177
866 14918 0 7 0 14925
867 0 26 2 14936 14964
868 0 4 0 15067 15071
869 14993 0 0 1 14994
870 2 2 1 14809 14814
871 9 14667 0 3 14679
872 14227 1 2 1 14231
873 10 14228 36 2 14276
874 3 14279 0 3 14285
875 14279 0 1 1 14281
876 9 0 14114 3 14126
877 14007 0 3 0 14010
878 13922 1 0 0 13923
879 1 0 13938 0 13939
880 13796 0 0 0 13796
881 5 1 13667 1 13674
882 57 1 13380 3 13441
883 7 2 13336 1 13346
884 13418 0 2 1 13421
885 9 0 13211 14 13234
886 13218 0 1 1 13220
887 1 12960 0 1 12962
888 12970 105 0 0 13075
889 12973 2 1 2 12978
890 7 5 0 12860 12872
891 0 4 0 12749 12753
892 12842 0 0 0 12842
893 11 0 12694 0 12705
894 12619 0 2 0 12621
895 2 4 1 12375 12382
896 0 1 0 12556 12557
897 27 0 12423 1 12451
898 5 0 12375 3 12383
899 5 16 2 12108 12131
900 3 11957 1 28 11989
901 12059 3 0 1 12063
902 8 12039 0 0 12047
903 4 0 12002 1 12007
904 3 0 11930 0 11933
905 11824 0 3 2 11829
906 11720 0 103 0 11823
907 1 0 11756 0 11757
908 11691 0 0 0 11691
909 11519 0 2 1 11522
910 4 11554 0 0 11558
911 0 5 1 11485 11491
912 0 21 0 11509 11530
913 0 23 0 11552 11575
914 11463 0 5 8 11476
915 1 2 1 11169 11173
916 15 11187 0 0 11202
917 2 8 0 11074 11084
918 0 115 0 10912 11027
919 0 1 1 11043 11045
920 3 0 0 11121 11124
921 10898 0 41 2 10941
922 10738 3 0 0 10741
923 15 0 10520 1 10536
924 0 0 0 10246 10246
925 10397 0 1 0 10398
926 10376 0 0 0 10376
927 10353 0 12 0 10365
928 10252 0 34 0 10286
929 10 0 9611 0 9621
930 9277 0 0 0 9277
931 9121 0 6 1 9128
932 1 1 0 8983 8985
933 0 1 0 8990 8991
934 31 0 8786 1 8818
935 8758 0 1 0 8759
936 0 1 0 8705 8706
937 15 0 8605 0 8620
938 8622 0 0 0 8622
939 0 14 0 8495 8509
940 8583 0 0 0 8583
941 8363 0 4 1 8368
942 0 8361 0 1 8362
943 8232 0 0 1 8233
944 0 1 0 8068 8069
945 7845 0 16 2 7863
946 16 8054 0 0 8070
947 0 1 0 7984 7985
948 8007 1 1 0 8009
949 0 2 1 7842 7845
950 0 0 1 7730 7731
951 3 7716 1 7 7727
952 14 7688 1 9 7712
953 7492 1 3 4 7500
954 13 7514 1 3 7531
955 7434 0 1 0 7435
956 7305 0 0 0 7305
957 7242 1 2 0 7245
958 7120 0 6 0 7126
959 19 7191 0 2 7212
960 7087 0 1 5 7093
961 1 0 6952 0 6953
962 1 1 1 6780 6783
963 9 0 6860 1 6870
964 6922 0 0 1 6923
965 0 0 2 6869 6871
966 6878 0 2 0 6880
967 1 0 6733 0 6734
968 1 6637 0 0 6638
969 0 6 0 6599 6605
970 6624 0 1 0 6625
971 6533 0 1 1 6535
972 2 6179 1 253 6435
973 6303 0 0 0 6303
974 1 0 6204 0 6205
975 1 5953 0 1 5955
976 1 1257 2 4612 5872
977 1 5901 0 0 5902
978 5 5909 0 2 5916
979 5845 1 6 0 5852
980 0 1 0 5676 5677
981 5691 0 3 0 5694
982 5648 0 2 1 5651
983 2 0 0 5565 5567
984 5551 0 6 0 5557
985 0 0 5469 0 5469
986 3 5004 0 0 5007
987 0 0 0 4942 4942
988 1 0 4974 2 4977
989 4673 0 0 0 4673
990 1044 3187 0 355 4586
991 4406 0 2 0 4408
992 0 0 0 4342 4342
993 2 0 4344 0 4346
994 0 0 4310 0 4310
995 1 0 1 4219 4221
996 0 2 0 4192 4194
997 0 0 4121 0 4121
998 0 0 1 3768 3769
999 3764 0 0 0 3764
1000 3 0 1 3705 3709
1001 3 3675 0 2 3680
1002 3667 0 0 4 3671
1003 0 0 6 3629 3635
1004 0 0 0 3600 3600
1005 3600 0 0 0 3600
1006 1 0 2 3398 3401
1007 0 3459 1 1 3461
1008 30 0 3431 0 3461
1009 0 0 1 3313 3314
1010 0 1 0 3297 3298
1011 3296 0 0 0 3296
1012 0 0 0 3209 3209
1013 0 0 0 3249 3249
1014 3242 0 1 0 3243
1015 0 0 3211 0 3211
1016 3145 0 0 0 3145
1017 3081 0 0 0 3081
1018 3031 0 1 0 3032
1019 0 3055 0 0 3055
1020 3011 0 0 0 3011
1021 0 0 0 2984 2984
1022 0 0 0 2993 2993
1023 0 0 3018 0 3018
1024 0 0 1 2993 2994
1025 3010 0 0 0 3010
1026 0 0 0 2987 2987
1027 2 0 2943 0 2945
1028 2955 0 0 0 2955
1029 2951 1 0 0 2952
1030 2920 0 0 0 2920
1031 3 0 1 2865 2869
1032 1 0 2793 0 2794
1033 2795 0 0 1 2796
1034 2783 0 3 0 2786
1035 65 0 2563 0 2628
1036 1 0 2559 0 2560
1037 2576 0 0 0 2576
1038 0 0 0 2526 2526
1039 2 1 2558 0 2561
1040 0 3 0 2544 2547
1041 0 0 2530 1 2531
1042 4 0 2510 0 2514
1043 0 0 0 2553 2553
1044 1 0 1 2467 2469
1045 1 0 2461 0 2462
1046 2403 0 0 0 2403
1047 2357 0 0 1 2358
1048 1 0 2337 30 2368
1049 0 2 1 2248 2251
1050 0 0 2245 3 2248
1051 0 3 1 2253 2257
1052 2208 0 0 0 2208
1053 0 2186 0 2 2188
1054 2088 0 0 0 2088
1055 3 0 2054 0 2057
1056 2 2008 0 0 2010
1057 2009 0 0 0 2009
1058 0 0 2007 1 2008
1059 1 0 1882 0 1883
1060 0 1852 0 0 1852
1061 1841 0 0 0 1841
1062 1 0 1840 0 1841
1063 0 0 0 1794 1794
1064 0 0 1777 0 1777
1065 0 1748 0 0 1748
1066 0 0 0 1764 1764
1067 0 0 2 1776 1778
1068 2 0 1720 0 1722
1069 0 0 0 1581 1581
1070 5 0 1556 0 1561
1071 1517 0 0 0 1517
1072 1519 0 1 0 1520
1073 3 0 0 1374 1377
1074 0 0 0 1392 1392
1075 2 0 0 1352 1354
1076 1233 0 0 0 1233
1077 1182 0 0 0 1182
1078 1145 1 0 0 1146
1079 794 0 0 0 794
1080 0 2 0 577 579
1081 362 0 0 0 362
1082 344 0 0 0 344
1083 338 0 0 0 338
1084 293 0 0 0 293
1085 69 0 0 0 69
1086 0 0 0 40 40
1087 0 37 0 0 37
1088 0 29 0 0 29
1089 0 0 0 30 30
1090 0 18 0 0 18
1091 0 0 0 18 18
1092 0 0 0 18 18
1093 0 0 12 0 12
1094 0 0 0 12 12
1095 0 0 0 12 12
1096 4 0 0 0 4
1097 0 5 0 0 5
1098 0 0 0 5 5
1099 5 0 0 0 5
1100 0 4 0 0 4
1101 0 0 0 3 3
1102 0 0 1 0 1
