0 0 0 0 0 0
1 5 0 0 0 5
2 0 0 7 0 7
3 0 13 0 0 13
4 12 0 3 0 15
5 0 0 20 0 20
6 20 0 0 0 20
7 21 0 0 0 21
8 0 0 20 0 20
9 0 41 0 0 41
10 36 28 0 30 94
11 0 0 101 0 101
12 108 1 5 0 114
13 0 0 129 0 129
14 0 0 154 0 154
15 180 0 26 1 207
16 0 1 0 259 260
17 0 0 0 277 277
18 0 2 0 585 587
19 2 0 824 0 826
20 0 0 0 946 946
21 0 2 1 1043 1046
22 0 6 0 1078 1084
23 1067 0 16 11 1094
24 0 1 1368 0 1369
25 0 1 0 1418 1419
26 0 1480 0 0 1480
27 1489 0 1 0 1490
28 0 2008 0 0 2008
29 0 1 0 2084 2085
30 0 0 2404 1 2405
31 7 0 2431 0 2438
32 1 2644 0 1 2646
33 2840 0 3 0 2843
34 2849 0 1 0 2850
35 2854 0 0 0 2854
36 0 2900 0 0 2900
37 2879 1 0 0 2880
38 30 0 2947 0 2977
39 2989 0 0 0 2989
40 42 0 3082 0 3124
41 3303 0 0 0 3303
42 3504 0 0 0 3504
43 3499 0 1 0 3500
44 3486 0 0 0 3486
45 3490 4 0 9 3503
46 1 24 0 3570 3595
47 0 0 3645 1 3646
48 2 0 3675 0 3677
49 2 3830 0 5 3837
50 6 0 3897 0 3903
51 3850 1 27 0 3878
52 3931 0 3 0 3934
53 0 4174 0 1 4175
54 4249 0 0 2 4251
55 4254 1 0 1 4256
56 0 4302 0 0 4302
57 4291 0 3 37 4331
58 4339 0 0 1 4340
59 0 4405 0 1 4406
60 4456 2 0 0 4458
61 0 0 0 4439 4439
62 4 0 4427 0 4431
63 4397 0 1 1 4399
64 1 4335 0 257 4593
65 1 4642 0 1 4644
66 4678 0 0 1 4679
67 0 4716 0 26 4742
68 4754 0 1 0 4755
69 4685 0 0 0 4685
70 6 4899 0 0 4905
71 4852 0 0 0 4852
72 1 4958 0 0 4959
73 4948 0 1 0 4949
74 4923 0 0 1 4924
75 4888 0 0 0 4888
76 0 1 0 4871 4872
77 0 7 1 4892 4900
78 0 0 4951 0 4951
79 4881 0 0 0 4881
80 0 0 4966 0 4966
81 3 0 4928 0 4931
82 1 0 0 4652 4653
83 1 0 4879 0 4880
84 3 0 4821 5 4829
85 7 0 4799 0 4806
86 0 23 1 4827 4851
87 4 5038 0 7 5049
88 1 5340 2 7 5350
89 52 0 5353 5 5410
90 33 1 5498 1 5533
91 1 0 5549 0 5550
92 5542 10 27 4 5583
93 10 0 5687 0 5697
94 1 5767 0 3 5771
95 5877 0 2 0 5879
96 5898 0 0 0 5898
97 0 5915 0 0 5915
98 2 5966 0 4 5972
99 6022 0 3 1 6026
100 6006 0 17 0 6023
101 0 3 0 6057 6060
102 1 0 6081 0 6082
103 0 6138 0 3 6141
104 3 6212 0 1 6216
105 6126 0 0 0 6126
106 3 6254 0 0 6257
107 33 6232 3 51 6319
108 6374 0 1 1 6376
109 0 2 0 6497 6499
110 6565 0 12 0 6577
111 6515 0 0 0 6515
112 6409 1 2 0 6412
113 3 6628 0 0 6631
114 0 3 0 6582 6585
115 1 1 0 6647 6649
116 1 6 0 6657 6664
117 7 0 6648 0 6655
118 6639 0 1 1 6641
119 6651 1 1 0 6653
120 0 0 6646 0 6646
121 2 6689 1 1 6693
122 6750 2 8 3 6763
123 5 0 6781 0 6786
124 1 0 6726 0 6727
125 6637 0 1 0 6638
126 6749 0 0 2 6751
127 0 0 1 6740 6741
128 0 3 0 6888 6891
129 1 6970 0 1 6972
130 0 1 0 7029 7030
131 16 0 7002 0 7018
132 0 0 6991 0 6991
133 6836 0 8 0 6844
134 1 0 7013 0 7014
135 1 3 0 6815 6819
136 1 0 6962 3 6966
137 0 7006 0 5 7011
138 0 0 0 7067 7067
139 7110 0 0 1 7111
140 1 28 0 7081 7110
141 1 0 7137 0 7138
142 7155 0 0 0 7155
143 7000 1 141 0 7142
144 7192 0 1 0 7193
145 6 0 7080 3 7089
146 29 5 7064 1 7099
147 1 7167 2 0 7170
148 2 2 0 7165 7169
149 0 5 0 7177 7182
150 0 0 0 7171 7171
151 1 7224 0 11 7236
152 7291 1 0 0 7292
153 2 5 0 7163 7170
154 6 0 7253 3 7262
155 12 0 7241 0 7253
156 2 7367 0 0 7369
157 7410 0 1 0 7411
158 7449 0 20 0 7469
159 7451 1 4 0 7456
160 65 0 7292 0 7357
161 7372 0 1 0 7373
162 0 0 7353 0 7353
163 0 7327 0 0 7327
164 1 7326 0 9 7336
165 0 7472 0 0 7472
166 0 3 1 7477 7481
167 1 1 0 7467 7469
168 3 0 7382 0 7385
169 7408 0 1 0 7409
170 1 7447 0 22 7470
171 1 3 0 7378 7382
172 7252 0 33 1 7286
173 1 7236 0 125 7362
174 4 7342 0 7 7353
175 2 7332 1 2 7337
176 7 7276 4 32 7319
177 0 0 7271 3 7274
178 0 0 7333 1 7334
179 0 1 0 7158 7159
180 15 7367 0 1 7383
181 7543 0 1 0 7544
182 7480 0 0 0 7480
183 0 0 7453 0 7453
184 7493 0 0 1 7494
185 1 7422 0 2 7425
186 5 7405 0 2 7412
187 14 0 7404 0 7418
188 17 7421 0 2 7440
189 3 7433 0 18 7454
190 0 1 0 7493 7494
191 7527 0 2 1 7530
192 7499 0 3 1 7503
193 7470 0 1 2 7473
194 1 4 0 7340 7345
195 7402 0 1 1 7404
196 7 0 7336 1 7344
197 7311 0 1 0 7312
198 0 7403 0 0 7403
199 0 1 0 7441 7442
200 7446 0 3 0 7449
201 7375 0 0 0 7375
202 7343 0 0 0 7343
203 7257 1 97 1 7356
204 7300 2 5 1 7308
205 4 0 7414 1 7419
206 7258 0 2 0 7260
207 7314 0 0 1 7315
208 7353 0 0 4 7357
209 7415 1 0 0 7416
210 6 1 0 7396 7403
211 1 1 0 7443 7445
212 7443 2 6 0 7451
213 1 0 7310 0 7311
214 7315 0 0 0 7315
215 231 0 7123 0 7354
216 0 0 0 7129 7129
217 0 7344 0 0 7344
218 7359 0 0 1 7360
219 7266 0 0 1 7267
220 5 0 7341 1 7347
221 7170 1 8 0 7179
222 7136 4 2 2 7144
223 0 0 0 7228 7228
224 7296 0 1 0 7297
225 7317 0 0 0 7317
226 7283 0 0 0 7283
227 7157 0 12 0 7169
228 7072 0 11 0 7083
229 117 6987 0 0 7104
230 0 89 1 6958 7048
231 7 7057 0 33 7097
232 7066 0 0 2 7068
233 0 7104 0 2 7106
234 7125 0 1 0 7126
235 7077 0 2 0 7079
236 1 7009 0 23 7033
237 7088 0 5 0 7093
238 7075 2 60 0 7137
239 7063 0 0 0 7063
240 6985 2 2 0 6989
241 0 0 6874 0 6874
242 0 3 0 5788 5791
243 0 0 6368 0 6368
244 6816 0 0 0 6816
245 3 0 6768 3 6774
246 1 6719 0 15 6735
247 3 6810 0 8 6821
248 0 4 0 6954 6958
249 0 0 6942 0 6942
250 6896 0 16 0 6912
251 6933 0 7 1 6941
252 6838 0 80 0 6918
253 8 0 6883 0 6891
254 3 3 0 6326 6332
255 6769 0 4 0 6773
256 6945 0 6 2 6953
257 6958 0 2 0 6960
258 7008 3 2 0 7013
259 3 0 6923 1 6927
260 12 0 6697 1 6710
261 6833 0 2 2 6837
262 4 0 1 6808 6813
263 8 0 6855 0 6863
264 0 10 1 6627 6638
265 0 6645 0 2 6647
266 11 6570 2 12 6595
267 5 6848 0 6 6859
268 1 2 0 6966 6969
269 2 12 0 7003 7017
270 1 1 6955 1 6958
271 6880 0 0 2 6882
272 6895 0 6 0 6901
273 4 0 6953 0 6957
274 6854 0 0 0 6854
275 0 0 7091 0 7091
276 7163 0 10 0 7173
277 0 0 7239 3 7242
278 7266 0 0 0 7266
279 7375 0 2 0 7377
280 7502 2 1 1 7506
281 7490 5 1 0 7496
282 5 0 7331 0 7336
283 4 7323 0 0 7327
284 7518 1 1 2 7522
285 7550 0 5 1 7556
286 1 0 0 7475 7476
287 2 2 0 7443 7447
288 0 0 7491 3 7494
289 1 1 7417 0 7419
290 7361 0 2 0 7363
291 132 0 7497 0 7629
292 0 0 0 7312 7312
293 7405 0 221 0 7626
294 7702 0 0 0 7702
295 7754 1 0 0 7755
296 7732 0 7 0 7739
297 7699 0 4 0 7703
298 1 0 0 7653 7654
299 7 0 7644 0 7651
300 7568 0 30 1 7599
301 0 1 3 7716 7720
302 2 0 7720 0 7722
303 7742 0 9 0 7751
304 7776 0 8 0 7784
305 7823 0 1 0 7824
306 4 0 7750 0 7754
307 0 1 0 7303 7304
308 7575 0 3 1 7579
309 1 7756 0 1 7758
310 1 0 1 7693 7695
311 6 7747 0 2 7755
312 2 7833 0 0 7835
313 2 6 2 7884 7894
314 7786 0 30 0 7816
315 0 1 4 7889 7894
316 0 20 2 7875 7897
317 0 19 2 7916 7937
318 7942 0 8 0 7950
319 0 1 0 7926 7927
320 6 0 7795 3 7804
321 7894 1 1 1 7897
322 7817 0 1 1 7819
323 0 3 0 7691 7694
324 0 7784 0 1 7785
325 3 7751 0 6 7760
326 10 2 7771 9 7792
327 2 1 0 7571 7574
328 0 7643 0 10 7653
329 1 0 0 7703 7704
330 14 1 7666 0 7681
331 1 7698 0 17 7716
332 0 0 0 7760 7760
333 3 1 7739 0 7743
334 7 0 7670 1 7678
335 7757 0 0 3 7760
336 7777 0 4 0 7781
337 1 72 0 7683 7756
338 0 2 0 7761 7763
339 5 0 7693 0 7698
340 7670 0 3 0 7673
341 7650 0 2 2 7654
342 2 0 7668 1 7671
343 3 0 7613 0 7616
344 5 0 7632 0 7637
345 0 2 0 7214 7216
346 0 2 0 7556 7558
347 0 2 1 7679 7682
348 25 0 7576 0 7601
349 7572 1 17 1 7591
350 2 0 7618 0 7620
351 0 7541 1 10 7552
352 1 7638 0 1 7640
353 7633 0 4 0 7637
354 1 1 1 7717 7720
355 7643 0 3 0 7646
356 0 7675 0 1 7676
357 4 0 0 7704 7708
358 5 2 7643 0 7650
359 0 1 1 7526 7528
360 7592 0 4 0 7596
361 0 0 0 7633 7633
362 7 0 7584 2 7593
363 7544 0 28 7 7579
364 7561 0 3 0 7564
365 0 7558 0 2 7560
366 7604 0 2 0 7606
367 25 0 7526 3 7554
368 1 0 1 7374 7376
369 0 74 0 7422 7496
370 0 7533 0 24 7557
371 1 20 0 7578 7599
372 1 5 0 7547 7553
373 7 7593 0 1 7601
374 7599 0 0 0 7599
375 7548 0 0 0 7548
376 7480 0 2 0 7482
377 0 0 0 7505 7505
378 6877 0 655 0 7532
379 19 0 7370 0 7389
380 1 7346 0 2 7349
381 7425 0 4 0 7429
382 7384 0 27 0 7411
383 0 7437 0 1 7438
384 0 2 5 7399 7406
385 2 0 7457 0 7459
386 0 2 0 7304 7306
387 7372 0 1 0 7373
388 13 7364 0 18 7395
389 13 0 7389 2 7404
390 7324 0 11 0 7335
391 7343 0 2 0 7345
392 7359 0 4 0 7363
393 0 24 0 7356 7380
394 7318 0 0 0 7318
395 0 7403 0 3 7406
396 7423 0 0 2 7425
397 7392 0 5 1 7398
398 3 3 0 7329 7335
399 0 19 0 7332 7351
400 1 0 7310 0 7311
401 1 0 7224 0 7225
402 7239 1 29 0 7269
403 4 7183 0 2 7189
404 0 7226 0 11 7237
405 16 0 7308 2 7326
406 7290 1 4 0 7295
407 1 0 0 7290 7291
408 0 0 0 7299 7299
409 7050 0 5 0 7055
410 0 7218 0 17 7235
411 1 7152 0 9 7162
412 0 7274 0 6 7280
413 3 47 0 7260 7310
414 0 1 1 7261 7263
415 3 7315 0 2 7320
416 7289 5 31 0 7325
417 7230 0 0 0 7230
418 2 7268 0 16 7286
419 7073 0 5 6 7084
420 7 7261 0 0 7268
421 0 7422 0 3 7425
422 7398 0 1 0 7399
423 9 0 7382 0 7391
424 7343 0 0 0 7343
425 5 0 7350 0 7355
426 7278 1 1 4 7284
427 5 0 7316 0 7321
428 29 0 7215 0 7244
429 0 5 0 6901 6906
430 0 0 7192 0 7192
431 3 7175 0 1 7179
432 0 7294 1 13 7308
433 5 3 0 7373 7381
434 3 3 0 7407 7413
435 8 0 7402 4 7414
436 7376 0 6 3 7385
437 1 3 0 7431 7435
438 3 0 7419 0 7422
439 7385 0 0 0 7385
440 6 7378 1 2 7387
441 7441 0 2 0 7443
442 0 27 0 7445 7472
443 7490 0 1 5 7496
444 4 1 7399 1 7405
445 7396 1 15 2 7414
446 15 0 7483 0 7498
447 0 0 7600 1 7601
448 7712 0 4 0 7716
449 7761 0 15 6 7782
450 1 0 7782 0 7783
451 7814 3 1 0 7818
452 7746 0 30 0 7776
453 2 7767 0 0 7769
454 4 7845 2 2 7853
455 7927 2 1 1 7931
456 1 0 7942 0 7943
457 7887 0 10 1 7898
458 18 0 7994 3 8015
459 0 0 7975 8 7983
460 8023 0 2 1 8026
461 0 0 0 8037 8037
462 2 1 8057 1 8061
463 0 2 1 7997 8000
464 0 1 0 8201 8202
465 0 0 8199 2 8201
466 8103 1 0 0 8104
467 0 26 8 8056 8090
468 2 0 8038 5 8045
469 10 1 8313 0 8324
470 0 8320 1 36 8357
471 1 8359 0 11 8371
472 5 8506 0 5 8516
473 8602 0 4 5 8611
474 8581 0 0 0 8581
475 0 8660 0 0 8660
476 0 3 2 8755 8760
477 3 0 8773 1 8777
478 8691 0 8 0 8699
479 8851 0 3 0 8854
480 8715 1 0 1 8717
481 0 3 0 8686 8689
482 8725 0 1 1 8727
483 2 0 8714 1 8717
484 1 2 1 7997 8001
485 8566 1 0 0 8567
486 0 0 1 8597 8598
487 0 1 0 8700 8701
488 8680 0 1 0 8681
489 8631 16 4 4 8655
490 4 0 8679 0 8683
491 2 1 8532 1 8536
492 0 0 8529 3 8532
493 8590 0 6 1 8597
494 0 8632 0 1 8633
495 8748 6 1 0 8755
496 0 2 0 8740 8742
497 0 0 8685 1 8686
498 8713 1 0 1 8715
499 8784 0 1 1 8786
500 1 8697 0 4 8702
501 8731 0 3 3 8737
502 8772 0 0 0 8772
503 3 9050 0 2 9055
504 9252 0 4 0 9256
505 9233 0 7 0 9240
506 9165 1 8 0 9174
507 1 1 9118 1 9121
508 9131 1 0 2 9134
509 1 0 0 9094 9095
510 0 0 9136 2 9138
511 0 9079 0 3 9082
512 9158 0 0 0 9158
513 9102 0 0 0 9102
514 4 0 9078 0 9082
515 52 0 9026 1 9079
516 0 9111 2 1 9114
517 9335 0 1 0 9336
518 9271 0 4 0 9275
519 9225 0 5 0 9230
520 9256 0 4 0 9260
521 6 0 9298 0 9304
522 9286 1 0 0 9287
523 0 3 0 9343 9346
524 9441 0 0 0 9441
525 9423 1 2 1 9427
526 9339 5 3 2 9349
527 7 0 9334 1 9342
528 5 2 9294 4 9305
529 9299 6 13 2 9320
530 236 0 9167 2 9405
531 2 0 9401 1 9404
532 9533 0 3 1 9537
533 9683 0 3 0 9686
534 8 0 9681 1 9690
535 1 1 0 9636 9638
536 10260 1 0 1 10262
537 10337 1 1 1 10340
538 10257 2 1 1 10261
539 0 10167 0 5 10172
540 10152 2 2 4 10160
541 0 10256 0 3 10259
542 0 17 0 10244 10261
543 2 10689 0 1 10692
544 10934 0 2 0 10936
545 10891 0 3 1 10895
546 11163 0 3 1 11167
547 11275 0 0 0 11275
548 11177 3 19 0 11199
549 0 0 11164 3 11167
550 11156 0 0 0 11156
551 11287 1 2 1 11291
552 1 0 11302 1 11304
553 4 0 11442 6 11452
554 6 0 11389 2 11397
555 11415 0 4 0 11419
556 11512 0 0 3 11515
557 0 0 11527 3 11530
558 0 6 0 11274 11280
559 0 7 0 11334 11341
560 5 11417 0 4 11426
561 12 11496 0 2 11510
562 12 0 11671 0 11683
563 0 3 2 11571 11576
564 0 12 0 11684 11696
565 0 3 0 11846 11849
566 3 0 11774 4 11781
567 11809 2 1 20 11832
568 3 11848 0 4 11855
569 12002 1 1 0 12004
570 11989 0 2 0 11991
571 2 1 0 12017 12020
572 12063 0 0 0 12063
573 12078 0 1 0 12079
574 11878 0 159 0 12037
575 12093 2 0 0 12095
576 11998 13 6 4 12021
577 2 1 12067 1 12071
578 5 0 12077 2 12084
579 1 0 12122 1 12124
580 12083 1 9 11 12104
581 3 36 2 12037 12078
582 12057 13 164 12 12246
583 2 10 1 12353 12366
584 11 0 12353 7 12371
585 1 12412 0 10 12423
586 21 0 12531 1 12553
587 0 71 0 12088 12159
588 12600 2 6 0 12608
589 12732 7 0 2 12741
590 0 2 1 12815 12818
591 74 1 12812 0 12887
592 0 2 0 12496 12498
593 12987 1 41 0 13029
594 1 0 2 13043 13046
595 0 2 0 13209 13211
596 6 2 13065 0 13073
597 1 3 0 13102 13106
598 0 13128 0 7 13135
599 3 14124 0 6 14133
600 0 0 0 14440 14440
601 0 0 0 14682 14682
602 37 0 14523 0 14560
603 14580 0 0 1 14581
604 5 0 14471 1 14477
605 14582 1 23 0 14606
606 0 0 14693 3 14696
607 0 0 2 14377 14379
608 9 0 14807 2 14818
609 1 4 0 14767 14772
610 0 5 0 15899 15904
611 6 0 16644 10 16660
612 3 0 16932 1 16936
613 0 18 0 16709 16727
614 17332 0 11 0 17343
615 17316 1 4 2 17323
616 17467 3 0 0 17470
617 0 2 0 18027 18029
618 2 1 18241 1 18245
619 9 1 18273 1 18284
620 18397 2 5 1 18405
621 18410 1 14 1 18426
622 2 18587 0 2 18591
623 18576 0 36 1 18613
624 2 2 1 18618 18623
625 0 11 0 18609 18620
626 2 18473 0 7 18482
627 3 18812 0 0 18815
628 10 6 0 18951 18967
629 1 19080 3 0 19084
630 19230 0 5 0 19235
631 19150 1 1 0 19152
632 18956 13 29 0 18998
633 0 18856 0 8 18864
634 18512 0 1 0 18513
635 0 19039 0 4 19043
636 4 18911 23 16 18954
637 10 18979 1 1 18991
638 2 19107 0 12 19121
639 19235 0 1 0 19236
640 19035 1 1 1 19038
641 6 5 2 19156 19169
642 2 2 19251 0 19255
643 2 0 19020 7 19029
644 19086 0 9 2 19097
645 1 75 1 19139 19216
646 19179 0 7 2 19188
647 7 19349 1 37 19394
648 19532 0 2 0 19534
649 19329 1 0 1 19331
650 1 0 19262 0 19263
651 0 2 8 19141 19151
652 1 19296 0 3 19300
653 1 19475 0 1 19477
654 0 3 0 19623 19626
655 6 2 0 19751 19759
656 19649 1 0 1 19651
657 2 2 0 19613 19617
658 4 19615 1 10 19630
659 19794 1 3 0 19798
660 19547 0 5 1 19553
661 11 19717 0 1 19729
662 0 4 0 19540 19544
663 16 19692 0 3 19711
664 1 3 1 19643 19648
665 62 1 19546 1 19610
666 15 19642 1 6 19664
667 19723 0 1 0 19724
668 2 20 0 19886 19908
669 19856 0 0 0 19856
670 0 1 19890 0 19891
671 19638 1 2 1 19642
672 1 18 0 19799 19818
673 0 6 0 20055 20061
674 8 0 19897 1 19906
675 19845 0 2 0 19847
676 20000 4 0 4 20008
677 2 5 1 20018 20026
678 1 1 19909 6 19917
679 6 20076 0 4 20086
680 20140 2 7 11 20160
681 0 3 1 20114 20118
682 20197 6 4 0 20207
683 0 13 1 20228 20242
684 3 0 20052 9 20064
685 19954 1 7 4 19966
686 5 20057 2 7 20071
687 5 20070 0 5 20080
688 20207 1 10 3 20221
689 21 0 20240 1 20262
690 19954 0 24 0 19978
691 21 0 20226 1 20248
692 2 2 70 19394 19468
693 3 2 20180 6 20191
694 7 0 20083 2 20092
695 20072 0 2 104 20178
696 20232 1 5 4 20242
697 61 1 20057 2 20121
698 5 1 19931 2 19939
699 1 20214 0 4 20219
700 2 5 1 20332 20340
701 9 13 0 20506 20528
702 19 0 20351 1 20371
703 1 3 1 20169 20174
704 3 7 1 20625 20636
705 1 0 20386 0 20387
706 2 20473 0 1 20476
707 0 2 1 20770 20773
708 20705 0 19 1 20725
709 20535 0 4 0 20539
710 20430 1 3 3 20437
711 21 20807 0 0 20828
712 0 3 1 20678 20682
713 0 0 3 20976 20979
714 7 0 20785 6 20798
715 1 8 0 21001 21010
716 1 14 6 21145 21166
717 1 0 20996 8 21005
718 1 20715 0 7 20723
719 13 20858 1 11 20883
720 20787 0 18 4 20809
721 1 21167 4 0 21172
722 1 4 5 21207 21217
723 2 0 21191 5 21198
724 20992 1 2 6 21001
725 1 11 1 21180 21193
726 169 0 20986 0 21155
727 21121 0 6 1 21128
728 5 234 0 20835 21074
729 10 21293 0 1 21304
730 12 0 2 21226 21240
731 0 7 1 21287 21295
732 21246 0 0 0 21246
733 0 21348 0 11 21359
734 21326 0 1 0 21327
735 8 0 21310 1 21319
736 0 12 0 20638 20650
737 3 0 21169 34 21206
738 1 0 21131 1 21133
739 20809 5 6 2 20822
740 0 0 21318 3 21321
741 1 3 21216 1 21221
742 20990 0 0 3 20993
743 6 7 0 21257 21270
744 4 1 21178 0 21183
745 21218 0 2 1 21221
746 21329 0 3 0 21332
747 6 0 21125 0 21131
748 21149 0 0 1 21150
749 21130 6 1 1 21138
750 2 4 20864 0 20870
751 20892 0 5 2 20899
752 0 3 2 20826 20831
753 1 2 20638 4 20645
754 4 1 20432 4 20441
755 2 20380 0 2 20384
756 1 20438 0 5 20444
757 20745 0 10 11 20766
758 1 0 0 20962 20963
759 43 21081 0 4 21128
760 14 0 21118 3 21135
761 1 0 20939 7 20947
762 20682 0 2 1 20685
763 0 3 0 20729 20732
764 2 20793 0 17 20812
765 1 21003 0 32 21036
766 1 10 0 20843 20854
767 5 20821 0 19 20845
768 20996 1 2 0 20999
769 20827 0 4 3 20834
770 12 20798 0 6 20816
771 0 3 0 20636 20639
772 3 20652 0 2 20657
773 20459 35 2 1 20497
774 10 20674 4 4 20692
775 3 0 1 20311 20315
776 4 20560 0 16 20580
777 0 1 1 20171 20173
778 3 0 1 20052 20056
779 3 20313 3 7 20326
780 12 0 19981 2 19995
781 19417 0 1 2 19420
782 81 0 19429 0 19510
783 7 19283 0 1 19291
784 6 0 19323 0 19329
785 0 19 1 18787 18807
786 4 19000 0 105 19109
787 0 6 1 19108 19115
788 1 12 0 19024 19037
789 19072 0 7 2 19081
790 18939 0 1 0 18940
791 4 1 1 18895 18901
792 5 1 18917 3 18926
793 18867 0 2 1 18870
794 18780 1 2 6 18789
795 6 0 18743 3 18752
796 7 3 18568 6 18584
797 18471 0 3 2 18476
798 2 18632 3 1 18638
799 18694 0 4 0 18698
800 1 0 0 18586 18587
801 1 53 1 18459 18514
802 5 18570 1 2 18578
803 18531 0 6 0 18537
804 18539 1 2 1 18543
805 18275 0 11 4 18290
806 84 0 17933 9 18026
807 2 17867 1 5 17875
808 1 17956 0 7 17964
809 17965 0 1 0 17966
810 17935 0 5 1 17941
811 4 2 0 17692 17698
812 1 2 0 17582 17585
813 12 17881 0 11 17904
814 6 0 16897 9 16912
815 17283 0 2 0 17285
816 0 0 17294 3 17297
817 1 17112 2 9 17124
818 17254 0 1 0 17255
819 10 0 17037 7 17054
820 6 17011 0 1 17018
821 5 3 0 17107 17115
822 9 0 17034 0 17043
823 16998 0 4 1 17003
824 17004 0 10 0 17014
825 16842 1 13 0 16856
826 1 16981 0 0 16982
827 0 3 0 16777 16780
828 0 0 16804 1 16805
829 0 16824 0 5 16829
830 9 0 16597 3 16609
831 30 0 16260 0 16290
832 2 1 1 15750 15754
833 0 0 15885 1 15886
834 1 0 15939 3 15943
835 6 1 15902 0 15909
836 15771 0 4 0 15775
837 8 0 15918 16 15942
838 2 0 1 15193 15196
839 6 15568 0 1 15575
840 0 17 0 15778 15795
841 0 0 0 15836 15836
842 15682 0 51 0 15733
843 2 0 0 15423 15425
844 1 15334 0 4 15339
845 11 15273 0 2 15286
846 3 15310 0 1 15314
847 15462 0 2 1 15465
848 15412 0 1 0 15413
849 1 2 2 15223 15228
850 0 2 0 15283 15285
851 0 8 1 15379 15388
852 7 0 15063 4 15074
853 10 0 14988 0 14998
854 2 0 0 14692 14694
855 2 14783 0 1 14786
856 14914 2 3 2 14921
857 14834 0 2 0 14836
858 20 0 14679 0 14699
859 14470 0 4 0 14474
860 5 1 14233 2 14241
861 7 13760 0 4 13771
862 13716 0 8 1 13725
863 0 13889 0 10 13899
864 14 14000 2 4 14020
865 4 1 14044 1 14050
866 13878 0 5 1 13884
867 0 32 0 13919 13951
868 2 3 2 14029 14036
869 13907 0 1 0 13908
870 0 0 0 13690 13690
871 34 13579 0 5 13618
872 13268 0 2 0 13270
873 29 13372 0 0 13401
874 3 13482 1 4 13490
875 13480 0 1 0 13481
876 44 2 13312 0 13358
877 13212 0 0 0 13212
878 13204 1 2 0 13207
879 8 0 13147 4 13159
880 13085 0 1 2 13088
881 102 0 12916 6 13024
882 4 0 12757 4 12765
883 1 0 12722 0 12723
884 12863 0 3 0 12866
885 9 0 12738 0 12747
886 12736 0 2 0 12738
887 1 12505 0 3 12509
888 12586 43 0 1 12630
889 12553 0 1 1 12555
890 0 3 3 12456 12462
891 0 0 1 12439 12440
892 12420 0 0 1 12421
893 0 3 12318 0 12321
894 12273 0 3 0 12276
895 0 14 2 11970 11986
896 1 1 1 12144 12147
897 3 0 12006 5 12014
898 12 0 11920 0 11932
899 2 6 0 11682 11690
900 3 11596 0 30 11629
901 11701 0 0 0 11701
902 4 11631 4 20 11659
903 22 0 11543 2 11567
904 4 0 11478 0 11482
905 11431 0 1 0 11432
906 11410 0 1 0 11411
907 3 0 11325 0 11328
908 11226 0 14 3 11243
909 11075 1 2 1 11079
910 0 11107 0 0 11107
911 0 0 0 11011 11011
912 1 18 0 11036 11055
913 0 16 0 11067 11083
914 10907 0 2 8 10917
915 1 3 0 10604 10608
916 29 10670 0 5 10704
917 0 4 2 10559 10565
918 1 72 0 10480 10553
919 0 10 2 10522 10534
920 1 1 0 10586 10588
921 10276 0 111 1 10388
922 10212 6 0 1 10219
923 4 0 9993 1 9998
924 1 12 1 9700 9714
925 9850 0 1 0 9851
926 9848 0 0 0 9848
927 9771 0 28 0 9799
928 9704 1 2 0 9707
929 12 0 9058 0 9070
930 8717 0 0 1 8718
931 8586 0 5 0 8591
932 0 0 0 8460 8460
933 1 0 1 8480 8482
934 13 0 8308 0 8321
935 8270 0 0 0 8270
936 2 2 0 8162 8166
937 11 0 8085 4 8100
938 8085 0 0 0 8085
939 0 3 0 8003 8006
940 8057 0 2 0 8059
941 7913 0 0 2 7915
942 2 7908 0 1 7911
943 7854 0 4 0 7858
944 0 1 1 7677 7679
945 7538 0 0 0 7538
946 0 7640 0 12 7652
947 0 1 0 7615 7616
948 7667 1 1 1 7670
949 3 0 1 7496 7500
950 0 0 0 7390 7390
951 4 7369 0 23 7396
952 4 7344 0 3 7351
953 7128 0 0 0 7128
954 1 7194 0 5 7200
955 7192 0 0 0 7192
956 7130 6 1 0 7137
957 7095 1 1 0 7097
958 6964 0 0 1 6965
959 3 7035 0 1 7039
960 6989 0 1 0 6990
961 2 1 6932 0 6935
962 0 1 0 6801 6802
963 6 0 6812 1 6819
964 6854 0 4 0 6858
965 0 4 0 6790 6794
966 6802 0 0 0 6802
967 0 0 6671 0 6671
968 5 6630 1 3 6639
969 1 8 0 6629 6638
970 6661 0 1 0 6662
971 6584 0 2 0 6586
972 8 5911 0 554 6473
973 6434 0 0 0 6434
974 1 0 6313 0 6314
975 1 6116 0 0 6117
976 0 547 1 5511 6059
977 2 6084 0 7 6093
978 18 6074 0 1 6093
979 6081 0 0 0 6081
980 0 0 1 5904 5905
981 5919 0 2 2 5923
982 5839 0 0 1 5840
983 0 0 0 5700 5700
984 5682 0 0 0 5682
985 0 0 5557 1 5558
986 1 5130 0 0 5131
987 10 1 0 5080 5091
988 3 0 5110 0 5113
989 4911 0 0 0 4911
990 2068 2566 1 198 4833
991 4684 15 0 0 4699
992 0 4 2 4615 4621
993 3 0 4635 1 4639
994 2 0 4603 1 4606
995 0 0 0 4543 4543
996 0 0 0 4561 4561
997 0 0 4462 1 4463
998 1 0 0 4143 4144
999 4147 0 0 0 4147
1000 1 0 0 4092 4093
1001 1 4119 0 0 4120
1002 4100 0 0 2 4102
1003 0 0 0 4013 4013
1004 1 0 0 4013 4014
1005 4015 0 2 0 4017
1006 1 0 0 3831 3832
1007 2 3898 0 0 3900
1008 0 0 3884 0 3884
1009 0 1 0 3725 3726
1010 0 0 0 3729 3729
1011 3734 0 3 0 3737
1012 0 1 0 3680 3681
1013 1 4 0 3709 3714
1014 3700 0 8 0 3708
1015 6 0 3639 0 3645
1016 3586 0 1 0 3587
1017 3544 0 0 0 3544
1018 3460 0 2 0 3462
1019 0 3551 0 2 3553
1020 3518 0 1 0 3519
1021 0 0 1 3470 3471
1022 0 1 0 3488 3489
1023 1 0 3512 0 3513
1024 0 1 0 3493 3494
1025 3506 0 2 0 3508
1026 0 0 1 3488 3489
1027 0 0 3431 0 3431
1028 3475 0 0 0 3475
1029 3444 0 0 0 3444
1030 3405 0 0 0 3405
1031 0 1 0 3354 3355
1032 4 0 3278 1 3283
1033 3303 0 1 0 3304
1034 3291 0 1 0 3292
1035 20 0 3154 0 3174
1036 0 0 3099 1 3100
1037 3123 0 1 0 3124
1038 0 0 0 3072 3072
1039 0 0 3064 1 3065
1040 2 0 0 3040 3042
1041 3 0 3023 0 3026
1042 0 0 3003 0 3003
1043 0 0 0 3022 3022
1044 0 2 0 2958 2960
1045 1 0 2936 0 2937
1046 2910 0 0 0 2910
1047 2853 0 0 0 2853
1048 1 0 2851 1 2853
1049 0 14 0 2680 2694
1050 0 0 2689 0 2689
1051 0 1 0 2690 2691
1052 2650 0 0 0 2650
1053 0 2636 0 1 2637
1054 2581 0 1 0 2582
1055 0 0 2520 1 2521
1056 0 2493 0 0 2493
1057 2474 0 0 0 2474
1058 1 0 2480 0 2481
1059 4 0 2296 0 2300
1060 0 2285 0 3 2288
1061 2209 0 0 0 2209
1062 0 0 2203 0 2203
1063 2 0 0 2164 2166
1064 0 0 2119 1 2120
1065 0 2085 0 0 2085
1066 0 1 0 2072 2073
1067 1 0 0 2091 2092
1068 0 0 2035 0 2035
1069 2 0 0 1889 1891
1070 8 0 1871 0 1879
1071 1812 0 1 0 1813
1072 1799 0 0 0 1799
1073 0 0 0 1613 1613
1074 0 0 0 1585 1585
1075 0 0 0 1512 1512
1076 1400 0 0 0 1400
1077 1325 0 0 0 1325
1078 1256 0 2 0 1258
1079 798 0 0 0 798
1080 1 0 0 637 638
1081 448 0 0 0 448
1082 417 0 0 0 417
1083 401 0 0 0 401
1084 353 0 0 0 353
1085 158 0 0 0 158
1086 0 0 0 79 79
1087 0 81 0 0 81
1088 0 79 0 0 79
1089 0 0 0 74 74
1090 0 46 0 0 46
1091 0 0 0 45 45
1092 0 0 0 49 49
1093 0 0 49 0 49
1094 0 0 0 47 47
1095 0 0 0 45 45
1096 18 3 0 0 21
1097 0 18 0 0 18
1098 0 0 0 18 18
1099 18 0 0 0 18
1100 0 18 0 0 18
1101 0 0 0 13 13
1102 0 0 0 0 0
