0 0 0 0 0 0
1 3 2 2 0 7
2 0 0 10 0 10
3 0 10 0 0 10
4 12 0 0 0 12
5 0 0 12 0 12
6 13 0 0 0 13
7 21 0 0 0 21
8 0 0 23 0 23
9 0 34 0 0 34
10 33 37 1 31 102
11 0 0 118 0 118
12 107 10 5 0 122
13 0 0 133 0 133
14 0 0 136 0 136
15 184 0 25 5 214
16 0 0 0 287 287
17 0 7 0 326 333
18 0 0 0 693 693
19 10 0 883 1 894
20 0 0 0 968 968
21 0 0 0 1038 1038
22 0 5 0 1086 1091
23 1087 0 9 3 1099
24 0 1 1358 0 1359
25 0 0 0 1407 1407
26 0 1430 0 0 1430
27 1436 0 1 0 1437
28 0 1928 0 0 1928
29 0 0 0 2032 2032
30 1 1 2248 0 2250
31 2 0 2232 0 2234
32 0 2420 0 6 2426
33 2608 0 3 0 2611
34 2586 0 0 0 2586
35 2587 0 0 0 2587
36 0 2632 0 0 2632
37 2629 3 1 1 2634
38 1 0 2679 0 2680
39 2708 0 0 0 2708
40 23 0 2774 0 2797
41 2852 0 0 0 2852
42 3003 0 1 0 3004
43 3025 0 0 0 3025
44 3002 0 0 1 3003
45 2998 6 0 2 3006
46 3 13 0 3033 3049
47 0 0 3086 0 3086
48 0 0 3093 0 3093
49 1 3233 0 0 3234
50 10 6 3246 0 3262
51 3241 0 10 0 3251
52 3314 0 0 0 3314
53 0 3472 0 20 3492
54 3582 0 1 0 3583
55 3559 0 0 0 3559
56 0 3620 0 0 3620
57 3636 0 0 0 3636
58 3623 1 1 0 3625
59 0 3671 0 0 3671
60 3712 0 1 0 3713
61 0 0 0 3656 3656
62 1 0 3668 0 3669
63 3634 1 1 1 3637
64 0 3838 0 5 3843
65 0 3860 0 1 3861
66 3858 1 0 2 3861
67 3 3882 0 33 3918
68 3935 0 1 1 3937
69 3888 0 2 2 3892
70 1 4028 0 0 4029
71 3945 1 0 0 3946
72 2 4093 0 0 4095
73 4077 0 1 0 4078
74 4044 1 1 0 4046
75 4024 0 1 0 4025
76 0 0 2 3988 3990
77 0 0 0 4008 4008
78 0 0 4062 3 4065
79 4028 0 2 0 4030
80 0 0 4091 5 4096
81 0 0 4053 0 4053
82 1 0 0 3789 3790
83 0 0 4017 0 4017
84 1 0 3961 0 3962
85 0 0 3941 0 3941
86 1 3 3 3981 3988
87 3 4123 0 61 4187
88 3 4370 8 9 4390
89 3 1 4428 0 4432
90 1 2 4538 3 4544
91 0 0 4573 0 4573
92 4532 5 53 8 4598
93 4 0 4690 1 4695
94 0 4755 0 3 4758
95 4843 0 3 0 4846
96 4865 0 1 0 4866
97 3 4886 0 1 4890
98 3 4966 0 2 4971
99 5012 0 1 0 5013
100 4996 2 4 0 5002
101 0 4 0 5043 5047
102 3 0 5064 0 5067
103 0 5119 0 2 5121
104 3 5167 0 1 5171
105 5096 1 1 1 5099
106 0 5251 0 4 5255
107 0 5303 0 2 5305
108 5342 0 1 0 5343
109 0 2 0 5480 5482
110 5555 0 1 0 5556
111 5501 0 0 0 5501
112 5383 0 0 0 5383
113 0 5613 0 0 5613
114 0 3 0 5541 5544
115 3 0 0 5613 5616
116 1 0 1 5661 5663
117 0 0 5622 0 5622
118 5626 0 1 0 5627
119 5640 0 0 0 5640
120 0 1 5608 0 5609
121 1 5674 0 0 5675
122 5710 0 6 0 5716
123 0 0 5720 0 5720
124 1 1 5648 0 5650
125 5654 0 1 0 5655
126 5707 1 0 0 5708
127 0 1 0 5707 5708
128 1 0 0 5777 5778
129 0 5872 2 0 5874
130 0 1 0 5939 5940
131 0 0 5904 1 5905
132 3 0 5845 2 5850
133 5754 0 3 1 5758
134 0 0 5895 0 5895
135 0 1 0 5696 5697
136 1 0 5841 0 5842
137 0 5921 0 7 5928
138 4 1 0 5940 5945
139 5974 0 0 0 5974
140 0 0 0 5963 5963
141 0 0 5987 0 5987
142 6013 0 1 1 6015
143 5992 0 0 0 5992
144 6025 0 1 0 6026
145 7 0 5965 0 5972
146 1 2 5922 3 5928
147 1 6021 0 0 6022
148 0 0 0 6016 6016
149 1 0 0 6044 6045
150 0 1 0 5988 5989
151 0 6071 0 7 6078
152 6175 0 0 0 6175
153 0 0 0 6017 6017
154 1 0 6077 0 6078
155 4 0 6021 0 6025
156 0 6150 0 0 6150
157 6218 1 1 1 6221
158 6207 1 0 1 6209
159 6163 2 19 0 6184
160 424 0 5688 0 6112
161 6170 0 1 0 6171
162 1 0 6087 1 6089
163 0 6071 0 0 6071
164 1 6027 0 23 6051
165 1 6164 0 0 6165
166 2 0 0 6191 6193
167 0 0 0 6180 6180
168 3 0 6054 0 6057
169 6099 0 0 0 6099
170 0 6094 0 0 6094
171 0 113 0 5907 6020
172 5953 0 4 0 5957
173 2 6053 0 1 6056
174 0 6014 0 4 6018
175 0 5980 0 1 5981
176 2 5955 1 20 5978
177 2 0 5940 0 5942
178 3 0 5974 2 5979
179 0 4 0 5833 5837
180 1 6001 0 1 6003
181 6136 0 1 4 6141
182 6087 1 0 3 6091
183 0 0 6047 2 6049
184 6083 2 4 1 6090
185 0 5999 0 0 5999
186 0 6010 0 5 6015
187 3 0 5984 0 5987
188 0 6010 0 3 6013
189 0 6053 0 7 6060
190 0 3 2 6141 6146
191 6144 0 2 0 6146
192 6132 0 0 0 6132
193 6076 0 0 0 6076
194 0 0 1 5994 5995
195 6043 0 0 0 6043
196 389 0 5573 0 5962
197 5942 0 30 0 5972
198 2 6031 0 1 6034
199 2 0 0 6073 6075
200 6066 0 0 0 6066
201 6005 0 1 0 6006
202 5994 0 0 0 5994
203 5992 0 0 0 5992
204 5977 0 1 0 5978
205 1 0 6026 3 6030
206 5881 0 3 0 5884
207 5923 1 0 0 5924
208 5999 0 1 0 6000
209 6018 1 5 0 6024
210 0 0 0 5995 5995
211 0 1 2 6013 6016
212 6033 1 7 0 6041
213 1 0 5914 0 5915
214 5923 0 0 0 5923
215 11 0 5934 0 5945
216 1 3 0 5726 5730
217 1 5930 0 1 5932
218 5909 0 0 0 5909
219 5865 0 0 0 5865
220 4 1 5927 0 5932
221 5768 1 2 0 5771
222 5702 0 0 0 5702
223 2 0 0 5764 5766
224 5818 1 1 0 5820
225 5813 0 2 0 5815
226 5785 0 0 0 5785
227 5600 1 46 0 5647
228 5570 0 1 0 5571
229 2 5584 0 0 5586
230 0 13 0 5513 5526
231 0 5567 0 1 5568
232 5473 0 1 0 5474
233 1 5561 0 1 5563
234 5583 0 0 0 5583
235 5519 0 0 0 5519
236 5 5453 2 56 5516
237 5548 0 2 2 5552
238 5546 0 0 1 5547
239 5476 0 1 0 5477
240 5401 0 2 0 5403
241 0 0 5313 1 5314
242 0 1 0 4422 4423
243 0 0 4828 0 4828
244 5183 0 0 0 5183
245 0 0 5147 0 5147
246 0 5148 0 7 5155
247 0 5214 0 4 5218
248 0 2 1 5336 5339
249 0 0 5340 0 5340
250 5267 2 0 0 5269
251 5329 0 1 0 5330
252 5329 0 0 0 5329
253 1 0 5256 0 5257
254 0 4 0 4807 4811
255 5201 0 1 0 5202
256 5336 1 0 4 5341
257 5314 5 0 0 5319
258 5334 2 5 4 5345
259 1 0 5225 0 5226
260 2 0 5023 0 5025
261 5164 0 2 0 5166
262 0 5 0 5108 5113
263 19 0 5133 0 5152
264 1 1 0 4947 4949
265 0 4983 0 0 4983
266 0 4990 0 4 4994
267 2 5139 0 1 5142
268 0 1 0 5200 5201
269 0 0 0 5273 5273
270 5 0 5243 0 5248
271 5150 0 2 1 5153
272 5126 18 24 1 5169
273 4 0 5193 3 5200
274 5080 0 1 0 5081
275 5 0 5389 1 5395
276 5432 1 8 1 5442
277 1 0 5527 0 5528
278 5519 0 10 0 5529
279 5647 0 0 0 5647
280 5758 0 0 0 5758
281 5766 7 6 0 5779
282 2 0 5662 0 5664
283 4 5637 0 0 5641
284 5843 0 1 0 5844
285 5883 0 0 2 5885
286 0 0 0 5845 5845
287 2 4 0 5823 5829
288 1 0 5855 1 5857
289 2 1 5809 0 5812
290 5779 0 3 1 5783
291 63 0 5932 2 5997
292 0 0 1 5776 5777
293 5949 0 101 0 6050
294 6127 0 2 0 6129
295 6128 0 1 0 6129
296 6115 0 4 0 6119
297 6040 0 0 0 6040
298 1 0 0 5996 5997
299 2 0 5988 1 5991
300 5960 0 4 1 5965
301 0 0 0 6060 6060
302 5 0 6054 0 6059
303 6081 1 1 0 6083
304 6143 1 0 0 6144
305 6149 0 5 0 6154
306 11 0 6092 0 6103
307 1 0 0 5681 5682
308 5903 1 0 0 5904
309 4 6016 0 0 6020
310 1 0 0 6006 6007
311 1 6048 0 3 6052
312 2 6104 0 1 6107
313 0 0 0 6130 6130
314 4865 0 1232 0 6097
315 0 2 0 6124 6126
316 0 0 0 6134 6134
317 0 0 0 6204 6204
318 6216 0 0 0 6216
319 0 0 0 6197 6197
320 3 0 6164 0 6167
321 6176 0 1 0 6177
322 6113 0 0 0 6113
323 3 4 1 6011 6019
324 0 6094 0 1 6095
325 0 6064 0 2 6066
326 1 1 6101 7 6110
327 0 2 0 5953 5955
328 1 5964 0 0 5965
329 0 0 0 5985 5985
330 2 0 5977 2 5981
331 0 6045 0 4 6049
332 0 1 0 6102 6103
333 0 13 6122 0 6135
334 13 0 6010 3 6026
335 6122 0 9 2 6133
336 6184 0 1 0 6185
337 0 0 1 6129 6130
338 1 0 1 6152 6154
339 2 0 6103 2 6107
340 6068 0 1 0 6069
341 6092 0 2 0 6094
342 6 0 6075 0 6081
343 0 0 6047 0 6047
344 71 0 5958 0 6029
345 1 1 1 5659 5662
346 0 3 0 5934 5937
347 1 3 0 6028 6032
348 2 0 5932 1 5935
349 5927 1 2 0 5930
350 1 0 5906 1 5908
351 0 5866 0 4 5870
352 1 5934 0 1 5936
353 5917 0 0 0 5917
354 0 1 0 5992 5993
355 5917 0 0 1 5918
356 0 5957 0 0 5957
357 2 1 0 5981 5984
358 5 0 5957 0 5962
359 1 1 0 5877 5879
360 5866 0 1 68 5935
361 0 1 0 5982 5983
362 1 0 5922 2 5925
363 5921 0 1 10 5932
364 5889 0 0 0 5889
365 3 5871 1 1 5876
366 5902 0 0 2 5904
367 0 0 5862 6 5868
368 0 2 0 5742 5744
369 0 0 0 5809 5809
370 1 5854 0 1 5856
371 0 11 0 5858 5869
372 0 3 1 5840 5844
373 1 5906 0 1 5908
374 5880 1 0 0 5881
375 5846 0 0 0 5846
376 5796 2 0 0 5798
377 0 0 0 5842 5842
378 5489 1 369 0 5859
379 1 1 5725 0 5727
380 1 5755 0 1 5757
381 5795 1 2 0 5798
382 5068 0 717 0 5785
383 1 5775 0 3 5779
384 2 2 0 5763 5767
385 1 0 5802 2 5805
386 0 2 0 5653 5655
387 5715 0 1 0 5716
388 12 5750 0 1 5763
389 226 0 5557 2 5785
390 5705 0 0 0 5705
391 5736 1 1 0 5738
392 5780 0 0 0 5780
393 4 0 0 5765 5769
394 5714 0 0 0 5714
395 2 5760 0 0 5762
396 5784 0 0 0 5784
397 5805 0 2 0 5807
398 0 1 0 5690 5691
399 0 89 0 5629 5718
400 1 3 5692 15 5711
401 3 3 5660 1 5667
402 5665 2 31 2 5700
403 2 5591 0 1 5594
404 11 5622 1 2 5636
405 6 0 5719 0 5725
406 5689 3 5 0 5697
407 0 1 0 5681 5682
408 0 1 0 5670 5671
409 5487 1 2 1 5491
410 1 5634 0 1 5636
411 1 5625 0 0 5626
412 1 5711 0 0 5712
413 2 48 3 5645 5698
414 1 0 0 5654 5655
415 1 5708 0 2 5711
416 5725 0 2 0 5727
417 5652 0 1 0 5653
418 2 5704 1 4 5711
419 5518 0 1 0 5519
420 1 5699 0 0 5700
421 1 5805 0 0 5806
422 5828 1 1 3 5833
423 0 0 5807 0 5807
424 5722 0 0 0 5722
425 0 0 5736 0 5736
426 5663 0 1 1 5665
427 9 0 5756 1 5766
428 1 0 5707 2 5710
429 3 0 0 5441 5444
430 0 0 5606 0 5606
431 1 5623 0 0 5624
432 1 5725 0 0 5726
433 0 2 0 5769 5771
434 1 0 0 5796 5797
435 3 0 5771 0 5774
436 5742 2 0 0 5744
437 0 1 0 5805 5806
438 2 0 5789 0 5791
439 5759 0 1 0 5760
440 2 5773 0 3 5778
441 5847 0 0 0 5847
442 0 11 1 5842 5854
443 5414 0 497 0 5911
444 2 0 5811 1 5814
445 5816 1 27 0 5844
446 31 1 5922 0 5954
447 1 0 5989 0 5990
448 6118 0 2 1 6121
449 6181 0 0 0 6181
450 1 0 6159 0 6160
451 6155 0 0 0 6155
452 6119 0 0 0 6119
453 2 6049 4 0 6055
454 13 6077 0 2 6092
455 6199 1 0 0 6200
456 26 0 6131 0 6157
457 6130 1 1 0 6132
458 13 0 6061 25 6099
459 1 1 6035 6 6043
460 6035 1 0 0 6036
461 1 1 0 6100 6102
462 0 0 6113 0 6113
463 1 1 0 6039 6041
464 2 5 0 6247 6254
465 1 1 6265 0 6267
466 6178 0 2 0 6180
467 0 2 0 6168 6170
468 1 0 6154 1 6156
469 1 0 6359 0 6360
470 1 6354 1 59 6415
471 5 6411 1 10 6427
472 1 6549 0 2 6552
473 6618 0 7 0 6625
474 6592 0 0 1 6593
475 0 6678 0 4 6682
476 0 0 0 6719 6719
477 4 1 6728 0 6733
478 6700 0 0 2 6702
479 6859 0 1 0 6860
480 6729 1 2 0 6732
481 5 1 0 6731 6737
482 6747 0 0 1 6748
483 2 0 6757 0 6759
484 4 3 0 6148 6155
485 6629 0 2 0 6631
486 1 0 0 6638 6639
487 1 1 0 6746 6748
488 6766 0 1 0 6767
489 6757 10 2 25 6794
490 0 0 6807 0 6807
491 3 0 6674 0 6677
492 4 0 6668 0 6672
493 6776 4 5 0 6785
494 0 6810 1 1 6812
495 6927 3 0 1 6931
496 2 3 0 6931 6936
497 1 0 6914 0 6915
498 6909 0 9 1 6919
499 7007 0 1 0 7008
500 1 6947 0 4 6952
501 6968 0 1 0 6969
502 6992 0 1 1 6994
503 0 7486 3 10 7499
504 7720 0 5 0 7725
505 7756 0 1 0 7757
506 7659 0 2 1 7662
507 0 0 7589 0 7589
508 7604 0 1 2 7607
509 0 6 3 7516 7525
510 0 0 7614 3 7617
511 1 7547 0 4 7552
512 7653 0 3 0 7656
513 7597 2 0 1 7600
514 2 0 7578 0 7580
515 3 1 7493 0 7497
516 0 7563 0 1 7564
517 7743 0 8 0 7751
518 7736 1 1 1 7739
519 7649 1 2 0 7652
520 7636 0 0 0 7636
521 3 0 7701 0 7704
522 7696 0 0 0 7696
523 1 2 1 7769 7773
524 7904 0 1 0 7905
525 7864 0 0 0 7864
526 7767 10 1 9 7787
527 1 3 7787 2 7793
528 2 1 7705 1 7709
529 7706 1 12 1 7720
530 1 1 7809 0 7811
531 2 0 7796 0 7798
532 7967 0 0 0 7967
533 8124 0 7 1 8132
534 2 6 8100 5 8113
535 2 2 1 8072 8077
536 8693 0 0 0 8693
537 8749 1 0 0 8750
538 8701 0 41 0 8742
539 6 8653 0 0 8659
540 8646 0 1 3 8650
541 1 8727 0 0 8728
542 2 94 0 8615 8711
543 2 9117 0 1 9120
544 9352 0 1 0 9353
545 9308 0 5 1 9314
546 9567 0 1 2 9570
547 9648 0 4 0 9652
548 9594 1 20 1 9616
549 6 0 9519 1 9526
550 9528 0 0 6 9534
551 9644 2 2 6 9654
552 3 0 9659 1 9663
553 0 0 9786 0 9786
554 7 1 9721 0 9729
555 9779 1 3 2 9785
556 9895 0 2 0 9897
557 2 0 9863 2 9867
558 0 8 0 9639 9647
559 1 3 2 9721 9727
560 1 9788 0 17 9806
561 2 9898 0 0 9900
562 1 0 10029 0 10030
563 0 1 0 9888 9889
564 0 15 1 9930 9946
565 0 0 1 10131 10132
566 2 1 10038 4 10045
567 10112 2 6 2 10122
568 2 10159 0 1 10162
569 10302 1 1 0 10304
570 10254 0 1 0 10255
571 4 2 1 10391 10398
572 10386 0 0 0 10386
573 10356 0 0 1 10357
574 10356 2 0 0 10358
575 10416 8 7 0 10431
576 10316 16 6 4 10342
577 3 0 10358 0 10361
578 0 0 10284 0 10284
579 4 0 10319 2 10325
580 10338 1 9 0 10348
581 1 257 0 10056 10314
582 10501 11 1 21 10534
583 1 23 0 10629 10653
584 8 0 10671 1 10680
585 44 10688 0 2 10734
586 29 1 10890 0 10920
587 0 2 0 10576 10578
588 11003 0 3 3 11009
589 11069 0 1 1 11071
590 0 0 0 11119 11119
591 110 0 11067 0 11177
592 0 1 0 10777 10778
593 11361 0 1 0 11362
594 0 0 0 11411 11411
595 0 1 0 11550 11551
596 0 0 11436 0 11436
597 1 0 1 11454 11456
598 0 11526 1 2 11529
599 6 12143 0 5 12154
600 0 3 0 12363 12366
601 1 0 0 12594 12595
602 56 1 12432 1 12490
603 12532 3 1 1 12537
604 0 0 12409 1 12410
605 12555 0 2 2 12559
606 0 0 12573 2 12575
607 0 2 1 12303 12306
608 5 0 12783 0 12788
609 1 3 0 12665 12669
610 0 5 1 13766 13772
611 5 0 14423 6 14434
612 6 0 14574 0 14580
613 3 6 0 14285 14294
614 14854 0 66 0 14920
615 15004 0 0 0 15004
616 15077 1 3 0 15081
617 2 0 0 15466 15468
618 4 1 15584 3 15592
619 2 0 15590 5 15597
620 15734 1 5 1 15741
621 15757 1 4 3 15765
622 3 15866 0 1 15870
623 15872 0 5 0 15877
624 1 1 0 15803 15805
625 1 2 0 15893 15896
626 1 15751 0 5 15757
627 5 15966 0 3 15974
628 1 5 0 16097 16103
629 0 16199 0 2 16201
630 16354 4 12 2 16372
631 16236 0 5 1 16242
632 16024 29 4 1 16058
633 3 15957 0 11 15971
634 15661 2 0 1 15664
635 0 16173 0 0 16173
636 22 16018 0 3 16043
637 2 16093 1 1 16097
638 8 16085 0 21 16114
639 16348 0 4 0 16352
640 16038 2 10 0 16050
641 1 2 0 16243 16246
642 0 1 16257 0 16258
643 1 0 16047 0 16048
644 16112 1 2 5 16120
645 0 2 0 16250 16252
646 16212 0 2 4 16218
647 0 16369 0 1 16370
648 16489 0 6 0 16495
649 16309 2 2 0 16313
650 3 1 16217 1 16222
651 1 3 1 16100 16105
652 1 16167 0 1 16169
653 0 16338 1 17 16356
654 0 2 0 16546 16548
655 1 0 0 16709 16710
656 16622 0 1 0 16623
657 0 2 0 16559 16561
658 1 16579 0 11 16591
659 16711 0 0 0 16711
660 16506 0 1 1 16508
661 2 16569 0 0 16571
662 0 1 1 16407 16409
663 7 16607 0 0 16614
664 3 4 0 16545 16552
665 11 0 16544 0 16555
666 11 16628 0 0 16639
667 16730 0 2 0 16732
668 0 0 1 16907 16908
669 16810 0 2 0 16812
670 6 0 16760 2 16768
671 16540 0 4 1 16545
672 2 3 0 16794 16799
673 0 1 0 16955 16956
674 17 1 16746 1 16765
675 16726 0 1 1 16728
676 16828 4 1 2 16835
677 2 3 0 16853 16858
678 5 1 16687 0 16693
679 0 16890 0 4 16894
680 16934 1 4 0 16939
681 0 1 0 16935 16936
682 17029 1 1 1 17032
683 1 1 0 17019 17021
684 6 0 16836 0 16842
685 16717 0 2 0 16719
686 4 16763 1 14 16782
687 2 16823 0 0 16825
688 16993 3 4 1 17001
689 1 0 16960 1 16962
690 16667 0 4 0 16671
691 4 0 16884 15 16903
692 2 2 0 16181 16185
693 2 0 16914 0 16916
694 4 1 16790 1 16796
695 16909 2 4 1 16916
696 17016 1 8 1 17026
697 434 0 16426 4 16864
698 2 0 16689 1 16692
699 0 17020 2 6 17028
700 0 1 0 17278 17279
701 0 13 1 17443 17457
702 1 0 17209 1 17211
703 2 64 1 17022 17089
704 0 8 1 17614 17623
705 1 0 17348 3 17352
706 2 17558 3 0 17563
707 2 1 0 17897 17900
708 17850 0 8 4 17862
709 17640 1 4 0 17645
710 17477 1 10 2 17490
711 32 18019 1 2 18054
712 0 7 1 17911 17919
713 0 1 1 18260 18262
714 5 0 18134 1 18140
715 2 4 0 18397 18403
716 0 11 1 18538 18550
717 6 0 18372 0 18378
718 0 18054 0 8 18062
719 0 18279 0 4 18283
720 18270 5 10 0 18285
721 2 18617 0 20 18639
722 1 2 0 18800 18803
723 2 0 18703 1 18706
724 18636 1 0 3 18640
725 1 4 0 18757 18762
726 466 0 18305 3 18774
727 18676 3 4 0 18683
728 0 1 0 18565 18566
729 2 18870 0 0 18872
730 2 3 1 18779 18785
731 0 7 1 18807 18815
732 18756 0 4 0 18760
733 1 18897 0 2 18900
734 18879 1 1 1 18882
735 0 2 18875 1 18878
736 0 9 3 18212 18224
737 2 2 18712 4 18720
738 2 0 18731 1 18734
739 18407 1 5 5 18418
740 2 0 18886 0 18888
741 3 0 18823 0 18826
742 18522 0 1 3 18526
743 0 3 6 18795 18804
744 6 0 18787 1 18794
745 18723 4 6 0 18733
746 18780 8 4 0 18792
747 11 0 18647 0 18658
748 18692 0 0 0 18692
749 18678 2 1 0 18681
750 2 0 18437 0 18439
751 18357 0 0 3 18360
752 0 30 0 18391 18421
753 11 4 18194 1 18210
754 6 0 18043 6 18055
755 1 18096 0 37 18134
756 7 18048 0 1 18056
757 18504 5 11 4 18524
758 1 2 2 18881 18886
759 6 19134 0 5 19145
760 2 0 19235 8 19245
761 2 1 19041 2 19046
762 18782 0 1 0 18783
763 0 2 0 18778 18780
764 5 18945 2 2 18954
765 2 19256 0 2 19260
766 1 3 1 19101 19106
767 0 19173 2 5 19180
768 19330 1 0 1 19332
769 19109 0 1 0 19110
770 3 19211 0 0 19214
771 1 5 0 18969 18975
772 0 19069 0 4 19073
773 18821 40 1 2 18864
774 2 19120 2 0 19124
775 3 1 0 18680 18684
776 2 19038 1 0 19041
777 0 7 2 18682 18691
778 0 7 0 18678 18685
779 0 18975 0 41 19016
780 23 1 18701 0 18725
781 18208 0 3 0 18211
782 30 0 18216 20 18266
783 5 18038 0 5 18048
784 48 0 18116 0 18164
785 0 1 0 17507 17508
786 0 17890 0 0 17890
787 25 7 3 17887 17922
788 0 53 0 17832 17885
789 17986 0 0 0 17986
790 17908 0 1 1 17910
791 2 2 1 17811 17816
792 3 0 17913 0 17916
793 17838 0 2 0 17840
794 17803 7 2 5 17817
795 2 0 17736 3 17741
796 4 0 17524 0 17528
797 17531 0 2 0 17533
798 2 17659 1 3 17665
799 17708 0 1 0 17709
800 0 3 0 17588 17591
801 1 225 0 17343 17569
802 1 17626 0 4 17631
803 17691 1 1 1 17694
804 17670 0 2 0 17672
805 17427 1 3 2 17433
806 3 0 17171 1 17175
807 3 17021 0 1 17025
808 1 17192 1 5 17199
809 17200 0 9 0 17209
810 17122 1 3 1 17127
811 2 0 1 16875 16878
812 0 4 0 16753 16757
813 2 17121 0 8 17131
814 3 3 16187 0 16193
815 16496 0 3 0 16499
816 2 1 16612 0 16615
817 3 16220 0 5 16228
818 16420 1 4 0 16425
819 6 0 16211 5 16222
820 15 16222 0 0 16237
821 2 4 0 16315 16321
822 3 0 16320 0 16323
823 16267 0 0 1 16268
824 16279 2 2 0 16283
825 16042 0 2 1 16045
826 0 16233 0 0 16233
827 0 5 2 16003 16010
828 2 0 16110 1 16113
829 6 16101 8 4 16119
830 5 4 15938 2 15949
831 11 0 15472 0 15483
832 0 0 2 15018 15020
833 3 0 15134 2 15139
834 1 1 15291 0 15293
835 3 0 15191 1 15195
836 15067 1 3 1 15072
837 3 0 15188 2 15193
838 2 3 0 14461 14466
839 7 14839 0 2 14848
840 1 8 0 15036 15045
841 0 3 0 15079 15082
842 14987 0 10 1 14998
843 0 1 1 14661 14663
844 1 14565 1 1 14568
845 0 14492 0 3 14495
846 52 14583 0 3 14638
847 14779 0 2 0 14781
848 14601 1 0 0 14602
849 0 0 0 14449 14449
850 4 0 0 14517 14521
851 1 8 8 14654 14671
852 6 0 14323 1 14330
853 1 0 14262 0 14263
854 0 2 1 13983 13986
855 5 13961 0 2 13968
856 14202 1 1 0 14204
857 14121 1 1 17 14140
858 0 0 13959 1 13960
859 13738 0 2 1 13741
860 0 2 13501 2 13505
861 14 12920 8 1 12943
862 12954 0 6 0 12960
863 0 13100 0 5 13105
864 2 13193 0 1 13196
865 6 0 13256 1 13263
866 13090 4 5 1 13100
867 0 2 0 13073 13075
868 0 3 1 13110 13114
869 13051 0 0 0 13051
870 3 2 1 12861 12867
871 10 12710 0 2 12722
872 12395 2 6 0 12403
873 4 12353 16 6 12379
874 4 12362 0 5 12371
875 12321 0 1 0 12322
876 8 1 12240 1 12250
877 12108 0 3 1 12112
878 12076 0 1 0 12077
879 4 0 12065 1 12070
880 11962 1 1 0 11964
881 3 0 11868 2 11873
882 33 0 11595 0 11628
883 8 0 11533 2 11543
884 11656 0 2 0 11658
885 1 0 11465 0 11466
886 11479 0 2 0 11481
887 0 11263 1 1 11265
888 11293 31 6 3 11333
889 11275 0 1 0 11276
890 0 0 1 11180 11181
891 1 3 2 11043 11049
892 11155 0 0 0 11155
893 3 0 11022 0 11025
894 10922 0 2 0 10924
895 2 0 1 10705 10708
896 0 7 0 10792 10799
897 29 0 10647 0 10676
898 6 0 10549 0 10555
899 0 1 1 10354 10356
900 0 10205 0 44 10249
901 10336 0 7 1 10344
902 4 10280 0 5 10289
903 10 0 10224 0 10234
904 2 0 10161 0 10163
905 10089 0 0 0 10089
906 9832 0 210 2 10044
907 1 0 9950 0 9951
908 9912 0 1 0 9913
909 9756 0 2 0 9758
910 0 9795 0 0 9795
911 0 5 2 9719 9726
912 1 0 0 9790 9791
913 0 1 1 9784 9786
914 9741 1 2 1 9745
915 0 0 1 9433 9434
916 29 9455 0 3 9487
917 0 12 0 9388 9400
918 0 19 1 9303 9323
919 0 1 1 9286 9288
920 3 0 1 9369 9373
921 9223 0 1 0 9224
922 9083 0 1 0 9084
923 0 0 8850 0 8850
924 0 2 0 8555 8557
925 8736 0 2 1 8739
926 8693 0 4 0 8697
927 8703 0 17 0 8720
928 8550 0 60 0 8610
929 11 0 7958 0 7969
930 7683 0 1 1 7685
931 7477 0 11 0 7488
932 0 1 1 7393 7395
933 0 1 0 7395 7396
934 5 0 7243 0 7248
935 7155 0 0 0 7155
936 1 2 4 7122 7129
937 2 0 7068 0 7070
938 7034 0 0 0 7034
939 0 0 0 6952 6952
940 7012 0 1 0 7013
941 6864 0 0 0 6864
942 0 6828 0 2 6830
943 6753 0 2 0 6755
944 0 0 3 6603 6606
945 6451 0 2 2 6455
946 28 6531 0 6 6565
947 3 0 2 6499 6504
948 6559 0 2 0 6561
949 0 0 1 6439 6440
950 1 3 0 6350 6354
951 0 6337 0 15 6352
952 3 6324 0 1 6328
953 6129 0 0 0 6129
954 2 6163 4 1 6170
955 6070 0 2 0 6072
956 5952 0 3 0 5955
957 5888 0 1 0 5889
958 5763 0 5 1 5769
959 22 5823 0 0 5845
960 5763 0 0 0 5763
961 34 0 5643 0 5677
962 0 0 1 5503 5504
963 5 0 5545 1 5551
964 5618 0 0 1 5619
965 0 0 0 5598 5598
966 5578 0 23 0 5601
967 0 0 5478 0 5478
968 0 5398 0 0 5398
969 0 1 0 5391 5392
970 5406 0 2 0 5408
971 5304 0 0 0 5304
972 2 5119 1 100 5222
973 5132 0 0 0 5132
974 3 0 5025 0 5028
975 2 4828 0 1 4831
976 1 45 0 4798 4844
977 1 4794 0 1 4796
978 9 4836 0 3 4848
979 4804 0 0 1 4805
980 1 0 4 4662 4667
981 4676 0 0 0 4676
982 4629 0 2 0 4631
983 0 2 0 4495 4497
984 4505 0 15 0 4520
985 0 0 4425 0 4425
986 0 4028 0 0 4028
987 2 0 0 4000 4002
988 0 0 4071 0 4071
989 3894 0 0 0 3894
990 1028 2702 0 62 3792
991 3711 0 0 0 3711
992 0 2 0 3627 3629
993 0 0 3631 0 3631
994 3 0 3605 0 3608
995 0 0 0 3522 3522
996 0 2 0 3505 3507
997 3 0 3450 0 3453
998 1 0 0 3144 3145
999 3143 0 0 0 3143
1000 0 0 0 3123 3123
1001 0 3090 0 0 3090
1002 3084 0 0 0 3084
1003 0 0 0 3017 3017
1004 0 2 0 3001 3003
1005 3026 0 0 0 3026
1006 0 1 0 2835 2836
1007 0 2866 0 0 2866
1008 11 0 2882 0 2893
1009 0 1 2 2727 2730
1010 1 1 0 2743 2745
1011 2745 0 1 1 2747
1012 0 0 0 2682 2682
1013 0 1 0 2711 2712
1014 2722 0 0 0 2722
1015 1 0 2695 0 2696
1016 2613 0 1 0 2614
1017 2605 0 0 0 2605
1018 2539 1 0 0 2540
1019 0 2562 0 0 2562
1020 2507 0 0 0 2507
1021 0 0 0 2497 2497
1022 0 3 0 2508 2511
1023 1 0 2535 0 2536
1024 0 0 0 2487 2487
1025 2493 0 2 0 2495
1026 0 0 1 2482 2483
1027 0 0 2412 0 2412
1028 2422 0 0 0 2422
1029 2411 0 0 0 2411
1030 2377 0 0 0 2377
1031 1 0 0 2327 2328
1032 1 0 2260 0 2261
1033 2281 0 0 0 2281
1034 2279 0 4 2 2285
1035 7 0 2175 0 2182
1036 0 0 2107 0 2107
1037 2121 1 0 0 2122
1038 0 0 0 2092 2092
1039 0 0 2117 2 2119
1040 0 2 0 2077 2079
1041 2 3 2063 0 2068
1042 0 0 2078 0 2078
1043 0 0 0 2071 2071
1044 0 0 0 2015 2015
1045 0 0 2014 1 2015
1046 1981 0 0 0 1981
1047 1957 0 0 0 1957
1048 4 0 1915 28 1947
1049 0 0 0 1826 1826
1050 1 0 1810 0 1811
1051 0 1 0 1800 1801
1052 1781 0 0 0 1781
1053 0 1781 0 1 1782
1054 1705 0 0 0 1705
1055 0 0 1675 0 1675
1056 0 1629 1 0 1630
1057 1641 0 1 0 1642
1058 0 0 1626 0 1626
1059 0 0 1526 0 1526
1060 0 1500 0 0 1500
1061 1441 0 0 0 1441
1062 0 0 1454 0 1454
1063 0 0 1 1403 1404
1064 3 0 1405 0 1408
1065 0 1380 0 0 1380
1066 0 0 0 1362 1362
1067 0 0 0 1376 1376
1068 0 0 1318 0 1318
1069 1 0 0 1206 1207
1070 5 0 1189 2 1196
1071 1146 0 1 0 1147
1072 1150 0 0 0 1150
1073 0 0 0 1009 1009
1074 0 0 0 992 992
1075 0 0 0 962 962
1076 874 0 0 0 874
1077 813 0 0 0 813
1078 773 0 0 0 773
1079 487 0 0 0 487
1080 0 0 0 354 354
1081 261 0 0 0 261
1082 241 0 0 0 241
1083 234 0 0 0 234
1084 212 0 0 0 212
1085 86 0 0 0 86
1086 0 0 0 52 52
1087 0 52 0 0 52
1088 0 51 0 0 51
1089 0 0 0 48 48
1090 0 30 0 0 30
1091 0 0 0 30 30
1092 0 0 0 30 30
1093 0 0 30 0 30
1094 0 0 0 30 30
1095 0 0 0 28 28
1096 12 0 0 0 12
1097 0 13 0 0 13
1098 0 0 0 13 13
1099 12 0 0 0 12
1100 0 10 0 0 10
1101 0 0 0 10 10
1102 0 0 0 0 0
